<?xml version="1.0" encoding="UTF-8"?>
<con:soapui-project id="e64d4d09-9ff0-487c-be47-26d9bfcaee5d" activeEnvironment="Default" name="Client-FourthWayTransactionService-1-0-soapui-project" resourceRoot="" soapui-version="5.1.3" abortOnError="false" runType="SEQUENTIAL" xmlns:con="http://eviware.com/soapui/config"><con:settings/><con:interface xsi:type="con:WsdlInterface" id="ee4b0613-fc8e-4b91-84d1-4c09ab00ac12" wsaVersion="NONE" name="FourthWayTransactionServiceHTTPBinding" type="wsdl" bindingName="{http://fidus.brussels/service/fourthwaytransactionservice/v1}FourthWayTransactionServiceHTTPBinding" soapVersion="1_1" anonymous="optional" definition="/home/ebarbieux/Dev/fidus/fourthwaytransactionservice_1.0/FourthWayTransactionServiceGateway/src/main/resources/wsdl/fourthWayTransactionService/1.0.0/FourthWayTransactionService_v1.wsdl" xmlns:xsi="http://www.w3.org/2001/XMLSchema-instance"><con:settings/><con:definitionCache type="TEXT" rootPart="file:/home/ebarbieux/Dev/fidus/fourthwaytransactionservice_1.0/FourthWayTransactionServiceGateway/src/main/resources/wsdl/fourthWayTransactionService/1.0.0/FourthWayTransactionService_v1.wsdl"><con:part><con:url>file:/home/ebarbieux/Dev/fidus/fourthwaytransactionservice_1.0/FourthWayTransactionServiceGateway/src/main/resources/wsdl/fourthWayTransactionService/1.0.0/FourthWayTransactionService_v1.wsdl</con:url><con:content><![CDATA[<wsdl:definitions name="FourthWayTransactionService" targetNamespace="http://fidus.brussels/service/fourthwaytransactionservice/v1" xmlns:soap="http://schemas.xmlsoap.org/wsdl/soap/" xmlns:wsdl="http://schemas.xmlsoap.org/wsdl/" xmlns:xsd="http://www.w3.org/2001/XMLSchema" xmlns:mes="http://fidus.brussels/service/fourthwaytransactionservice/messages/v1" xmlns:tns="http://fidus.brussels/service/fourthwaytransactionservice/v1" xmlns:fwh="http://fsb.belgium.be/FourthWayServices/header" xmlns:fsb="http://fsb.belgium.be/header" xmlns:frmsg="http://fsb.belgium.be/FourthWayServices/fourthwaymessage" xmlns:funac="http://fsb.belgium.be/FourthWayServices/functionalack" xmlns:tecac="http://fsb.belgium.be/FourthWayServices/technicalack" xmlns:bet="http://fsb.belgium.be/FourthWayServices/businesserror" xmlns:dbtsi="http://fsb.belgium.be/FourthWayServices/debtinquiry" xmlns:ddn="http://fsb.belgium.be/FourthWayServices/debtdeficitnotification">
  <wsdl:types>
    <xsd:schema targetNamespace="http://fidus.brussels/service/fourthwaytransactionservice/v1" elementFormDefault="qualified">
      <!--Fidus XSD-->
      <xsd:import namespace="http://fidus.brussels/service/fourthwaytransactionservice/messages/v1" schemaLocation="messages/fourthwayTransactionServiceMessages_v1.xsd"/>
    </xsd:schema>
  </wsdl:types>
  <wsdl:message name="noticeOneRequestMessage">
    <wsdl:part name="NoticeOneRequest" element="mes:sendNoticeOneRequest"/>
  </wsdl:message>
  <wsdl:message name="noticeOneResponseMessage">
    <wsdl:part name="NoticeOneResponse" element="mes:sendNoticeOneResponse"/>
  </wsdl:message>
  <wsdl:message name="notificationAckRequestMessage">
    <wsdl:part name="NotificationAckRequest" element="mes:sendNotificationAckRequest"/>
  </wsdl:message>
  <wsdl:message name="notificationAckResponseMessage">
    <wsdl:part name="NotificationAckResponse" element="mes:sendNotificationAckResponse"/>
  </wsdl:message>
  <wsdl:message name="sendNoticeOneAckRequestMessage">
    <wsdl:part name="SendNoticeOneAckRequest" element="mes:sendNoticeOneAckRequest"/>
  </wsdl:message>
  <wsdl:message name="sendNoticeOneAckResponseMessage">
    <wsdl:part name="SendNoticeOneAckResponse" element="mes:sendNoticeOneAckResponse"/>
  </wsdl:message>
  <wsdl:message name="sendNoticeTwoAckRequestMessage">
    <wsdl:part name="SendNoticeTwoAckRequest" element="mes:sendNoticeTwoAckRequest"/>
  </wsdl:message>
  <wsdl:message name="sendNoticeTwoAckResponseMessage">
    <wsdl:part name="SendNoticeTwoAckResponse" element="mes:sendNoticeTwoAckResponse"/>
  </wsdl:message>
  <wsdl:portType name="FourthWayTransactionServicePortType">
    <wsdl:operation name="sendNoticeOne">
      <wsdl:input message="tns:noticeOneRequestMessage"/>
      <wsdl:output message="tns:noticeOneResponseMessage"/>
    </wsdl:operation>
    <wsdl:operation name="sendNotificationAck">
      <wsdl:input message="tns:notificationAckRequestMessage"/>
      <wsdl:output message="tns:notificationAckResponseMessage"/>
    </wsdl:operation>
    <wsdl:operation name="sendNoticeOneAck">
      <wsdl:input message="tns:sendNoticeOneAckRequestMessage"/>
      <wsdl:output message="tns:sendNoticeOneAckResponseMessage"/>
    </wsdl:operation>
    <wsdl:operation name="sendNoticeTwoAck">
      <wsdl:input message="tns:sendNoticeTwoAckRequestMessage"/>
      <wsdl:output message="tns:sendNoticeTwoAckResponseMessage"/>
    </wsdl:operation>
  </wsdl:portType>
  <wsdl:binding name="FourthWayTransactionServiceHTTPBinding" type="tns:FourthWayTransactionServicePortType">
    <soap:binding style="document" transport="http://schemas.xmlsoap.org/soap/http"/>
    <wsdl:operation name="sendNoticeOne">
      <soap:operation soapAction="http://fidus.brussels/services/fourthwaytransactionservice/sendNoticeOne"/>
      <wsdl:input>
        <soap:body use="literal"/>
      </wsdl:input>
      <wsdl:output>
        <soap:body use="literal"/>
      </wsdl:output>
    </wsdl:operation>
    <wsdl:operation name="sendNotificationAck">
      <soap:operation soapAction="http://fidus.brussels/services/fourthwaytransactionservice/sendNotificationAck"/>
      <wsdl:input>
        <soap:body use="literal"/>
      </wsdl:input>
      <wsdl:output>
        <soap:body use="literal"/>
      </wsdl:output>
    </wsdl:operation>
    <wsdl:operation name="sendNoticeOneAck">
      <soap:operation soapAction="http://fidus.brussels/service/fourhtwaydebtservice/sendNoticeOneAck"/>
      <wsdl:input>
        <soap:body use="literal"/>
      </wsdl:input>
      <wsdl:output>
        <soap:body use="literal"/>
      </wsdl:output>
    </wsdl:operation>
    <wsdl:operation name="sendNoticeTwoAck">
      <soap:operation soapAction="http://fidus.brussels/service/fourthwaydebtservice/sendNoticeTwoAck"/>
      <wsdl:input>
        <soap:body use="literal"/>
      </wsdl:input>
      <wsdl:output>
        <soap:body use="literal"/>
      </wsdl:output>
    </wsdl:operation>
  </wsdl:binding>
  <wsdl:service name="FourthWayTransactionService_v1">
    <wsdl:port name="FourthWayTransactionService_v1" binding="tns:FourthWayTransactionServiceHTTPBinding">
      <soap:address location="http://fidus.brussels/services/fourthwaytransactionservice/v1"/>
    </wsdl:port>
  </wsdl:service>
  <xsd:annotation>
    <xsd:documentation>FourthWay Transaction service WDSL v1.</xsd:documentation>
  </xsd:annotation>
</wsdl:definitions>]]></con:content><con:type>http://schemas.xmlsoap.org/wsdl/</con:type></con:part><con:part><con:url>file:/home/ebarbieux/Dev/fidus/fourthwaytransactionservice_1.0/FourthWayTransactionServiceGateway/src/main/resources/wsdl/fourthWayTransactionService/1.0.0/messages/fourthwayTransactionServiceMessages_v1.xsd</con:url><con:content><![CDATA[<xsd:schema targetNamespace="http://fidus.brussels/service/fourthwaytransactionservice/messages/v1" elementFormDefault="qualified" attributeFormDefault="unqualified" version="1.0" xmlns:xsd="http://www.w3.org/2001/XMLSchema" xmlns:cme="http://fidus.brussels/type/common/messages/v1" xmlns:exc="http://fidus.brussels/type/common/exceptions/v1" xmlns:tns="http://fidus.brussels/service/fourthwaytransactionservice/messages/v1" xmlns:not="http://fsb.belgium.be/fourthway/v2/NotificationAck" xmlns:not1="http://fsb.belgium.be/fourthway/v2/NoticeOne" xmlns:tecac="http://fsb.belgium.be/FourthWayServices/technicalack" xmlns:ack1="http://fsb.belgium.be/fourthway/v2/NoticeOneAck" xmlns:ack2="http://fsb.belgium.be/fourthway/v2/NoticeTwoAck">
  <xsd:import namespace="http://fidus.brussels/type/common/messages/v1" schemaLocation="baseMessageTypes_v1.xsd"/>
  <xsd:import namespace="http://fidus.brussels/type/common/exceptions/v1" schemaLocation="exceptionTypes_v1.xsd"/>
  <!--Fedict XSD-->
  <xsd:import namespace="http://fsb.belgium.be/fourthway/v2/NoticeOne" schemaLocation="../XMLSchema/noticeOne.xsd"/>
  <xsd:import namespace="http://fsb.belgium.be/fourthway/v2/NotificationAck" schemaLocation="../XMLSchema/notificationAck.xsd"/>
  <xsd:import namespace="http://fsb.belgium.be/FourthWayServices/technicalack" schemaLocation="../XMLSchema/technicalacknowledgement.xsd"/>
  <xsd:import namespace="http://fsb.belgium.be/fourthway/v2/NoticeOneAck" schemaLocation="../XMLSchema/Notice1Ack.xsd"/>
  <xsd:import namespace="http://fsb.belgium.be/fourthway/v2/NoticeTwoAck" schemaLocation="../XMLSchema/Notice2Ack.xsd"/>
  <xsd:complexType name="NotificationAckRequestType">
    <xsd:sequence>
      <xsd:element name="messageContext" type="cme:RequestMessageContextType"/>
      <xsd:element name="legalContext" type="cme:LegalContextType"/>
      <xsd:element name="request" type="tns:NotificationAckRq"/>
    </xsd:sequence>
  </xsd:complexType>
  <xsd:complexType name="NotificationAckRq">
    <xsd:sequence>
      <xsd:element ref="not:NotificationAckRequest"/>
    </xsd:sequence>
  </xsd:complexType>
  <xsd:complexType name="NotificationAckResponseType">
    <xsd:sequence>
      <xsd:element name="messageContext" type="cme:ResponseMessageContextType"/>
      <xsd:element name="responses" type="tns:ResponsesType" minOccurs="0"/>
      <xsd:element name="exceptions" type="exc:ExceptionsType" minOccurs="0">
        <xsd:annotation>
          <xsd:documentation>Technical errors that occur when processing the message context e.g. insufficient rights.</xsd:documentation>
        </xsd:annotation>
      </xsd:element>
    </xsd:sequence>
  </xsd:complexType>
  <xsd:complexType name="NoticeOneRequestType">
    <xsd:sequence>
      <xsd:element name="messageContext" type="cme:RequestMessageContextType"/>
      <xsd:element name="legalContext" type="cme:LegalContextType"/>
      <xsd:element name="request" type="tns:NoticeOneRq"/>
    </xsd:sequence>
  </xsd:complexType>
  <xsd:complexType name="NoticeOneRq">
    <xsd:sequence>
      <xsd:element ref="not1:NoticeOneRequest"/>
    </xsd:sequence>
  </xsd:complexType>
  <xsd:complexType name="NoticeOneResponseType">
    <xsd:sequence>
      <xsd:element name="messageContext" type="cme:ResponseMessageContextType"/>
      <xsd:element name="responses" type="tns:ResponsesType" minOccurs="0"/>
      <xsd:element name="exceptions" type="exc:ExceptionsType" minOccurs="0">
        <xsd:annotation>
          <xsd:documentation>Technical errors that occur when processing the message context e.g. insufficient rights.</xsd:documentation>
        </xsd:annotation>
      </xsd:element>
    </xsd:sequence>
  </xsd:complexType>
  <xsd:complexType name="SendNoticeOneAckRq">
    <xsd:sequence>
      <xsd:element ref="ack1:NoticeOneAckRequest"/>
    </xsd:sequence>
  </xsd:complexType>
  <xsd:complexType name="SendNoticeTwoAckRq">
    <xsd:sequence>
      <xsd:element ref="ack2:NoticeTwoAckRequest"/>
    </xsd:sequence>
  </xsd:complexType>
  <xsd:complexType name="SendNoticeOneAckRequestType">
    <xsd:sequence>
      <xsd:element name="messageContext" type="cme:RequestMessageContextType"/>
      <xsd:element name="legalContext" type="cme:LegalContextType"/>
      <xsd:element name="request" type="tns:SendNoticeOneAckRq"/>
    </xsd:sequence>
  </xsd:complexType>
  <xsd:complexType name="SendNoticeTwoAckRequestType">
    <xsd:sequence>
      <xsd:element name="messageContext" type="cme:RequestMessageContextType"/>
      <xsd:element name="legalContext" type="cme:LegalContextType"/>
      <xsd:element name="request" type="tns:SendNoticeTwoAckRq"/>
    </xsd:sequence>
  </xsd:complexType>
  <xsd:complexType name="SendNoticeOneAckResponseType">
    <xsd:sequence>
      <xsd:element name="messageContext" type="cme:ResponseMessageContextType"/>
      <xsd:element name="responses" type="tns:ResponsesType" minOccurs="0"/>
      <xsd:element name="exceptions" type="exc:ExceptionsType" minOccurs="0">
        <xsd:annotation>
          <xsd:documentation>Technical errors that occur when processing the message context e.g. insufficient rights.</xsd:documentation>
        </xsd:annotation>
      </xsd:element>
    </xsd:sequence>
  </xsd:complexType>
  <xsd:complexType name="SendNoticeTwoAckResponseType">
    <xsd:sequence>
      <xsd:element name="messageContext" type="cme:ResponseMessageContextType"/>
      <xsd:element name="responses" type="tns:ResponsesType" minOccurs="0"/>
      <xsd:element name="exceptions" type="exc:ExceptionsType" minOccurs="0">
        <xsd:annotation>
          <xsd:documentation>Technical errors that occur when processing the message context e.g. insufficient rights.</xsd:documentation>
        </xsd:annotation>
      </xsd:element>
    </xsd:sequence>
  </xsd:complexType>
  <xsd:complexType name="ResponsesType">
    <xsd:sequence>
      <xsd:element name="response" type="tns:ResponseType" minOccurs="1" maxOccurs="1"/>
    </xsd:sequence>
  </xsd:complexType>
  <xsd:complexType name="ResponseType">
    <xsd:sequence>
      <xsd:element ref="tecac:technicalAcknowledgement"/>
      <xsd:element name="exceptions" type="exc:ExceptionsType" minOccurs="0">
        <xsd:annotation>
          <xsd:documentation>Business exceptions that occur when processing the request or response e.g. missing data for a single response element.
						Exceptions at this level may contain back-end specific codes and content.</xsd:documentation>
        </xsd:annotation>
      </xsd:element>
    </xsd:sequence>
  </xsd:complexType>
  <!--Element of the request and the response-->
  <xsd:element name="sendNotificationAckRequest" type="tns:NotificationAckRequestType"/>
  <xsd:element name="sendNotificationAckResponse" type="tns:NotificationAckResponseType"/>
  <xsd:element name="sendNoticeOneRequest" type="tns:NoticeOneRequestType"/>
  <xsd:element name="sendNoticeOneResponse" type="tns:NoticeOneResponseType"/>
  <xsd:element name="sendNoticeOneAckRequest" type="tns:SendNoticeOneAckRequestType"/>
  <xsd:element name="sendNoticeOneAckResponse" type="tns:SendNoticeOneAckResponseType"/>
  <xsd:element name="sendNoticeTwoAckRequest" type="tns:SendNoticeTwoAckRequestType"/>
  <xsd:element name="sendNoticeTwoAckResponse" type="tns:SendNoticeTwoAckResponseType"/>
</xsd:schema>]]></con:content><con:type>http://www.w3.org/2001/XMLSchema</con:type></con:part><con:part><con:url>file:/home/ebarbieux/Dev/fidus/fourthwaytransactionservice_1.0/FourthWayTransactionServiceGateway/src/main/resources/wsdl/fourthWayTransactionService/1.0.0/messages/baseMessageTypes_v1.xsd</con:url><con:content><![CDATA[<xsd:schema targetNamespace="http://fidus.brussels/type/common/messages/v1" elementFormDefault="qualified" attributeFormDefault="unqualified" version="1.0" xmlns:xsd="http://www.w3.org/2001/XMLSchema" xmlns:cmn="http://fidus.brussels/type/common/v1" xmlns:nps="http://fidus.brussels/service/personservice/personservices/naturalPerson/v1" xmlns:tns="http://fidus.brussels/type/common/messages/v1">
  <xsd:simpleType name="OkType">
    <xsd:restriction base="xsd:string">
      <xsd:enumeration value="OK"/>
      <xsd:enumeration value="NOK"/>
    </xsd:restriction>
  </xsd:simpleType>
  <!--Unformatted message Id-->
  <xsd:simpleType name="MessageIdType">
    <xsd:restriction base="xsd:string">
      <xsd:minLength value="1"/>
      <xsd:maxLength value="64"/>
    </xsd:restriction>
  </xsd:simpleType>
  <!--National Number of the person. Format depending on the Register-->
  <xsd:simpleType name="PersonNumberType">
    <xsd:restriction base="xsd:string">
      <xsd:pattern value="[0-9][0-9](([0][0-9])|([1][0-2]))(([0-2][0-9])|([3][0-1]))(([0-9]{2}[1-9])|([0-9][1-9][0-9])|([1-9][0-9]{2}))(([0-8][0-9])|([9][0-7]))">
        <xsd:annotation>
          <xsd:documentation>National Register format</xsd:documentation>
        </xsd:annotation>
      </xsd:pattern>
      <xsd:pattern value="[0-9][0-9](([2][0-9])|([3][0-2]))(([0-2][0-9])|([3][0-1]))[0-9]{3}(([0-8][0-9])|([9][0-7]))">
        <xsd:annotation>
          <xsd:documentation>CBSS Register format: Bis Register</xsd:documentation>
        </xsd:annotation>
      </xsd:pattern>
      <xsd:pattern value="[0-9][0-9](([4][0-9])|([5][0-2]))(([0-2][0-9])|([3][0-1]))[0-9]{3}(([0-8][0-9])|([9][0-7]))">
        <xsd:annotation>
          <xsd:documentation>CBSS Register format: Ter Register</xsd:documentation>
        </xsd:annotation>
      </xsd:pattern>
    </xsd:restriction>
  </xsd:simpleType>
  <!--Request message context-->
  <xsd:complexType name="RequestMessageContextType">
    <xsd:annotation>
      <xsd:documentation>Message context block generated by the consumer.</xsd:documentation>
    </xsd:annotation>
    <xsd:sequence>
      <xsd:element name="messageId" type="tns:MessageIdType">
        <xsd:annotation>
          <xsd:documentation>Consumer must assign their own MessageId reference for the request.</xsd:documentation>
        </xsd:annotation>
      </xsd:element>
      <xsd:element name="timestamp" type="xsd:dateTime" minOccurs="0">
        <xsd:annotation>
          <xsd:documentation>Timestamp when client sent request.</xsd:documentation>
        </xsd:annotation>
      </xsd:element>
    </xsd:sequence>
  </xsd:complexType>
  <!--Response message context-->
  <xsd:complexType name="ResponseMessageContextType">
    <xsd:annotation>
      <xsd:documentation>MessageContext block generated by Fidus.</xsd:documentation>
    </xsd:annotation>
    <xsd:sequence>
      <xsd:element name="messageId" type="tns:MessageIdType">
        <xsd:annotation>
          <xsd:documentation>A unique identifier generated by Fidus.</xsd:documentation>
        </xsd:annotation>
      </xsd:element>
      <xsd:element name="transactionId" type="tns:MessageIdType">
        <xsd:annotation>
          <xsd:documentation>A unique ID returned to the client for tracing purposes.</xsd:documentation>
        </xsd:annotation>
      </xsd:element>
      <xsd:element name="relatesTo" type="tns:MessageIdType" minOccurs="0">
        <xsd:annotation>
          <xsd:documentation>Optional field. The unique id of a previous batch file in this exchange Only used for responses.</xsd:documentation>
        </xsd:annotation>
      </xsd:element>
      <xsd:element name="timestamp" type="xsd:dateTime" minOccurs="0">
        <xsd:annotation>
          <xsd:documentation>Time reply was sent by Fidus.</xsd:documentation>
        </xsd:annotation>
      </xsd:element>
    </xsd:sequence>
  </xsd:complexType>
  <!--Legal Context : the finality of the Privacy Commission-->
  <xsd:simpleType name="LegalContextType">
    <xsd:restriction base="xsd:string">
      <xsd:minLength value="1"/>
      <xsd:maxLength value="64"/>
    </xsd:restriction>
  </xsd:simpleType>
  <xsd:complexType name="UserContextType">
    <xsd:annotation>
      <xsd:documentation>The user context defines information regarding the actual user performing a request.</xsd:documentation>
    </xsd:annotation>
    <xsd:sequence>
      <xsd:element name="language" type="xsd:language" nillable="true">
        <xsd:annotation>
          <xsd:documentation>The preferred language of the actual user performing the request.
						This influences the language in which response elements are cast.</xsd:documentation>
        </xsd:annotation>
      </xsd:element>
    </xsd:sequence>
  </xsd:complexType>
</xsd:schema>]]></con:content><con:type>http://www.w3.org/2001/XMLSchema</con:type></con:part><con:part><con:url>file:/home/ebarbieux/Dev/fidus/fourthwaytransactionservice_1.0/FourthWayTransactionServiceGateway/src/main/resources/wsdl/fourthWayTransactionService/1.0.0/messages/exceptionTypes_v1.xsd</con:url><con:content><![CDATA[<xsd:schema targetNamespace="http://fidus.brussels/type/common/exceptions/v1" elementFormDefault="qualified" attributeFormDefault="unqualified" version="1.0" xmlns:xsd="http://www.w3.org/2001/XMLSchema" xmlns:tns="http://fidus.brussels/type/common/exceptions/v1">
  <!--Basic error typed-->
  <xsd:complexType name="ExceptionsType">
    <xsd:sequence>
      <xsd:element name="exception" type="tns:ExceptionType" maxOccurs="unbounded"/>
    </xsd:sequence>
  </xsd:complexType>
  <xsd:complexType name="ExceptionType">
    <xsd:sequence>
      <xsd:element name="type" type="tns:ExceptionClassType"/>
      <xsd:element name="code" type="tns:ExceptionCodeType"/>
      <xsd:element name="source" type="tns:ExceptionSourceType"/>
      <xsd:element name="description" type="tns:ExceptionDescriptionType"/>
    </xsd:sequence>
  </xsd:complexType>
  <xsd:simpleType name="ExceptionClassType">
    <xsd:restriction base="xsd:string">
      <xsd:enumeration value="ERROR"/>
      <xsd:enumeration value="WARNING"/>
      <xsd:enumeration value="INFO"/>
    </xsd:restriction>
  </xsd:simpleType>
  <xsd:simpleType name="ExceptionCodeType">
    <xsd:restriction base="xsd:string">
      <xsd:maxLength value="20"/>
    </xsd:restriction>
  </xsd:simpleType>
  <xsd:simpleType name="ExceptionSourceType">
    <xsd:restriction base="xsd:string">
      <xsd:maxLength value="20"/>
    </xsd:restriction>
  </xsd:simpleType>
  <xsd:simpleType name="ExceptionDescriptionType">
    <xsd:restriction base="xsd:string"/>
  </xsd:simpleType>
</xsd:schema>]]></con:content><con:type>http://www.w3.org/2001/XMLSchema</con:type></con:part><con:part><con:url>file:/home/ebarbieux/Dev/fidus/fourthwaytransactionservice_1.0/FourthWayTransactionServiceGateway/src/main/resources/wsdl/fourthWayTransactionService/1.0.0/XMLSchema/noticeOne.xsd</con:url><con:content><![CDATA[<xsd:schema targetNamespace="http://fsb.belgium.be/fourthway/v2/NoticeOne" xmlns:xsd="http://www.w3.org/2001/XMLSchema" xmlns:common="http://fsb.belgium.be/fourthway/v2/Common" xmlns="http://fsb.belgium.be/fourthway/v2/NoticeOne">
  <xsd:import namespace="http://fsb.belgium.be/fourthway/v2/Common" schemaLocation="common.xsd"/>
  <xsd:element name="NoticeOneResponse">
    <xsd:annotation>
      <xsd:documentation>The synchronous answer returned by the FSB</xsd:documentation>
    </xsd:annotation>
    <xsd:complexType>
      <xsd:sequence>
        <xsd:element name="ResponseData" type="common:GeneralResponseDataType" form="qualified"/>
        <xsd:element name="ResponseStatus" type="common:statusType" form="qualified"/>
      </xsd:sequence>
    </xsd:complexType>
  </xsd:element>
  <xsd:element name="NoticeOneRequest">
    <xsd:annotation>
      <xsd:documentation>Message send to the FSB by a public officer when a transaction occurs.</xsd:documentation>
    </xsd:annotation>
    <xsd:complexType>
      <xsd:sequence>
        <xsd:element name="requestData" type="NoticeOneRequestDataType" form="qualified"/>
        <xsd:element name="requestContext" type="common:requestContextType" form="qualified">
          <xsd:annotation>
            <xsd:documentation>Required by FSB for routing and supervision purpose.</xsd:documentation>
          </xsd:annotation>
        </xsd:element>
      </xsd:sequence>
      <xsd:attribute name="Version" type="xsd:decimal" fixed="2.5" use="required"/>
    </xsd:complexType>
  </xsd:element>
  <xsd:simpleType name="TotalInvolvedNumberType">
    <xsd:annotation>
      <xsd:documentation>Used to calculate occurence of parties, goods, ...</xsd:documentation>
    </xsd:annotation>
    <xsd:restriction base="xsd:int">
      <xsd:totalDigits value="3"/>
    </xsd:restriction>
  </xsd:simpleType>
  <xsd:simpleType name="AcquisitionDateAndModeType">
    <xsd:annotation>
      <xsd:documentation>How and when the current owner got the good</xsd:documentation>
    </xsd:annotation>
    <xsd:restriction base="xsd:string">
      <xsd:maxLength value="255"/>
    </xsd:restriction>
  </xsd:simpleType>
  <xsd:complexType name="NoticeOneDossierType">
    <xsd:annotation>
      <xsd:documentation>Folder-related data</xsd:documentation>
    </xsd:annotation>
    <xsd:sequence>
      <xsd:element name="TransactionType" type="common:TransactionTypeType" form="qualified"/>
      <xsd:element name="ReferenceNumber" type="common:ReferenceNumberType" form="qualified"/>
      <xsd:element name="Language" type="common:language" form="qualified">
        <xsd:annotation>
          <xsd:documentation>Folder's language</xsd:documentation>
        </xsd:annotation>
      </xsd:element>
      <xsd:element name="DossierCosts" type="common:AmountType" minOccurs="0" form="qualified"/>
      <xsd:element name="TotalInvolvedParties" type="TotalInvolvedNumberType" minOccurs="0" form="qualified"/>
      <xsd:element name="TotalInvolvedGoods" type="TotalInvolvedNumberType" minOccurs="0" form="qualified"/>
      <xsd:element name="VATAlienation" minOccurs="0" form="qualified">
        <xsd:annotation>
          <xsd:documentation>information needed by the financial sector.
Not to be sent to other peers.
Present if the there is an alienation regarding the VAT</xsd:documentation>
        </xsd:annotation>
        <xsd:complexType/>
      </xsd:element>
    </xsd:sequence>
  </xsd:complexType>
  <xsd:complexType name="NoticeOneRequestDataType">
    <xsd:annotation>
      <xsd:documentation>Business part of the Request</xsd:documentation>
    </xsd:annotation>
    <xsd:sequence>
      <xsd:element name="ShortRequestId" form="qualified">
        <xsd:annotation>
          <xsd:documentation>This specific RequestId has a length of 17 instead of 20. This should be used to call the FSB for a notice1.</xsd:documentation>
        </xsd:annotation>
        <xsd:simpleType>
          <xsd:restriction base="xsd:string">
            <xsd:maxLength value="17"/>
          </xsd:restriction>
        </xsd:simpleType>
      </xsd:element>
      <xsd:element name="Origin" type="common:GeneralInterfaceType" form="qualified">
        <xsd:annotation>
          <xsd:documentation>The interface type of the origin.</xsd:documentation>
        </xsd:annotation>
      </xsd:element>
      <xsd:element name="Recipient" type="xsd:string" minOccurs="0" maxOccurs="unbounded" form="qualified">
        <xsd:annotation>
          <xsd:documentation>Possible values: SocialSecurity, Finances, Vlabel, or the identifying EnterpriseNumber of a connected entity (e.g. Antwerpen, Namur, ...).</xsd:documentation>
        </xsd:annotation>
      </xsd:element>
      <xsd:element name="ProcedureNumber" type="common:ProcedureNumberType" form="qualified">
        <xsd:annotation>
          <xsd:documentation>The procedure number attributed to the notice1 by the public officer and mentioned in any subsequent message related to that procedure</xsd:documentation>
        </xsd:annotation>
      </xsd:element>
      <xsd:element name="ReplacedProcedureNumber" type="common:ProcedureNumberType" minOccurs="0" form="qualified">
        <xsd:annotation>
          <xsd:documentation>When the notary/bailiff resends a notice1 because he made a mistake, the previous procedure id is mentioned.</xsd:documentation>
        </xsd:annotation>
      </xsd:element>
      <xsd:element name="DossierInfo" type="NoticeOneDossierType" form="qualified"/>
      <xsd:element name="DescriptionGoods" type="NoticeOneGoodType" minOccurs="0" maxOccurs="unbounded" form="qualified"/>
      <xsd:element name="MovableSale" type="MovableSaleType" minOccurs="0" form="qualified"/>
      <xsd:element name="DescriptionParties" type="common:PartyType" maxOccurs="unbounded" form="qualified">
        <xsd:annotation>
          <xsd:documentation>The parties involved in the transaction.</xsd:documentation>
        </xsd:annotation>
      </xsd:element>
      <xsd:element name="RequesterInfo" type="common:RequesterType" form="qualified">
        <xsd:annotation>
          <xsd:documentation>Informations concerning the message sender.</xsd:documentation>
        </xsd:annotation>
      </xsd:element>
      <xsd:element name="ContactPerson" type="common:ContactType" form="qualified">
        <xsd:annotation>
          <xsd:documentation>The contact person from the sender</xsd:documentation>
        </xsd:annotation>
      </xsd:element>
      <xsd:element name="RequestDate" type="xsd:dateTime" form="qualified">
        <xsd:annotation>
          <xsd:documentation>the exact date in format : CCYY-MM-DDThh:mm:ss</xsd:documentation>
        </xsd:annotation>
      </xsd:element>
      <xsd:element name="Ownership" type="SalerOwnershipType" minOccurs="0" maxOccurs="unbounded" form="qualified"/>
      <xsd:element name="Succession" type="SuccessionType" minOccurs="0" form="qualified"/>
      <xsd:element name="Inheritance" type="InheritanceType" minOccurs="0" form="qualified"/>
    </xsd:sequence>
  </xsd:complexType>
  <xsd:complexType name="NoticeOneShipPropertyType">
    <xsd:annotation>
      <xsd:documentation>Ship or boat.</xsd:documentation>
    </xsd:annotation>
    <xsd:sequence>
      <xsd:element name="Name" type="common:ShipNameType" form="qualified"/>
      <xsd:element name="PlaceOfConstruction" type="common:ShipPlaceOfConstructionType" form="qualified"/>
      <xsd:element name="DateOfConstruction" type="xsd:date" form="qualified"/>
      <xsd:element name="Dimension" type="common:ShipDimensionType" form="qualified"/>
      <xsd:element name="Weight" type="common:ShipWeightType" form="qualified"/>
      <xsd:element name="Engine" type="common:ShipEngineType" form="qualified"/>
      <xsd:element name="NumeroHypoteques" type="common:ShipHypotequeNumberType" minOccurs="0" form="qualified">
        <xsd:annotation>
          <xsd:documentation>Required for sea transport but not for river navigation.</xsd:documentation>
        </xsd:annotation>
      </xsd:element>
      <xsd:element name="PropertyNumber" type="common:GoodNumberType" form="qualified"/>
      <xsd:element name="AcquisitionDateAndMode" type="AcquisitionDateAndModeType" minOccurs="0" form="qualified"/>
      <xsd:element name="SituationOfGood" minOccurs="0" form="qualified">
        <xsd:annotation>
          <xsd:documentation>Description of the mortgage if any</xsd:documentation>
        </xsd:annotation>
        <xsd:simpleType>
          <xsd:restriction base="xsd:string">
            <xsd:maxLength value="255"/>
          </xsd:restriction>
        </xsd:simpleType>
      </xsd:element>
      <xsd:element name="PriceEstimation" type="xsd:decimal" minOccurs="0" form="qualified">
        <xsd:annotation>
          <xsd:documentation>Price estimation of the good in € until eurocent.</xsd:documentation>
        </xsd:annotation>
      </xsd:element>
      <xsd:element name="InheritedFrom" type="common:InheritageFromType" minOccurs="0" maxOccurs="unbounded" form="qualified"/>
    </xsd:sequence>
  </xsd:complexType>
  <xsd:complexType name="SuccessionType">
    <xsd:annotation>
      <xsd:documentation>Always required when transaction type = 7</xsd:documentation>
    </xsd:annotation>
    <xsd:sequence>
      <xsd:element name="Deceased" type="common:PartyNumberType" form="qualified">
        <xsd:annotation>
          <xsd:documentation>The deceased person is one of the parties potentially having debts. A reference to the party is given. The person details of the deceased person are available in the description parties element.</xsd:documentation>
        </xsd:annotation>
      </xsd:element>
    </xsd:sequence>
  </xsd:complexType>
  <xsd:complexType name="NoticeOneRealEstateType">
    <xsd:annotation>
      <xsd:documentation>Real estate</xsd:documentation>
    </xsd:annotation>
    <xsd:sequence>
      <xsd:element name="PropertyType" type="common:PropertyTypeType" form="qualified"/>
      <xsd:element name="PropertyDescription" type="common:PropertyDescription" form="qualified"/>
      <xsd:element name="PropertyNumber" type="common:GoodNumberType" form="qualified"/>
      <xsd:element name="Address" type="common:GoodAddressType" form="qualified">
        <xsd:annotation>
          <xsd:documentation>The address of the Real Estate.</xsd:documentation>
        </xsd:annotation>
      </xsd:element>
      <xsd:element name="SuperFicie" type="common:SuperficieType" form="qualified"/>
      <xsd:element name="Division" type="common:DivisionType" form="qualified"/>
      <xsd:element name="ReferentieKadaster" type="common:ReferentieKadasterType" minOccurs="0" form="qualified"/>
      <xsd:element name="AcquisitionDateAndMode" type="AcquisitionDateAndModeType" minOccurs="0" form="qualified"/>
      <xsd:element name="SituationOfGood" minOccurs="0" form="qualified">
        <xsd:annotation>
          <xsd:documentation>Description of the mortgage if any</xsd:documentation>
        </xsd:annotation>
        <xsd:simpleType>
          <xsd:restriction base="xsd:string">
            <xsd:maxLength value="255"/>
          </xsd:restriction>
        </xsd:simpleType>
      </xsd:element>
      <xsd:element name="PriceEstimation" type="xsd:decimal" minOccurs="0" form="qualified">
        <xsd:annotation>
          <xsd:documentation>Price estimation of the sold good in € until eurocent.</xsd:documentation>
        </xsd:annotation>
      </xsd:element>
      <xsd:element name="NonResident" type="common:NonResidentType" minOccurs="0" form="qualified">
        <xsd:annotation>
          <xsd:documentation>Needed when the two following conditions are satisfied at the same time : (1) one of the parties owning the current good does not reside in Belgium AND some professional activities where carried out in the good</xsd:documentation>
        </xsd:annotation>
      </xsd:element>
      <xsd:element name="InheritedFrom" type="common:InheritageFromType" minOccurs="0" maxOccurs="unbounded" form="qualified"/>
    </xsd:sequence>
  </xsd:complexType>
  <xsd:complexType name="NoticeOneGoodType">
    <xsd:annotation>
      <xsd:documentation>Always required except for transaction type 1.</xsd:documentation>
    </xsd:annotation>
    <xsd:choice>
      <xsd:element name="ImmovableProperty" type="NoticeOneRealEstateType" form="qualified">
        <xsd:annotation>
          <xsd:documentation>For Real Estate</xsd:documentation>
        </xsd:annotation>
      </xsd:element>
      <xsd:element name="DescriptionShip" type="NoticeOneShipPropertyType" form="qualified">
        <xsd:annotation>
          <xsd:documentation>For ships and boats</xsd:documentation>
        </xsd:annotation>
      </xsd:element>
    </xsd:choice>
  </xsd:complexType>
  <xsd:complexType name="SalerOwnershipType">
    <xsd:sequence>
      <xsd:element name="PartyNumber" type="common:PartyNumberType" form="qualified"/>
      <xsd:element name="GoodNumber" type="common:GoodNumberType" form="qualified"/>
    </xsd:sequence>
  </xsd:complexType>
  <xsd:complexType name="MovableSaleType">
    <xsd:annotation>
      <xsd:documentation>Always required when transaction type = 1</xsd:documentation>
    </xsd:annotation>
    <xsd:sequence>
      <xsd:element name="Benefit" type="common:AmountType" form="qualified">
        <xsd:annotation>
          <xsd:documentation>The amount the notary/baillif has after the sale</xsd:documentation>
        </xsd:annotation>
      </xsd:element>
      <xsd:element name="Date" type="xsd:date" form="qualified">
        <xsd:annotation>
          <xsd:documentation>The date of the sale in format YYYY-MM-DD. Mandatory for Bailiffs.</xsd:documentation>
        </xsd:annotation>
      </xsd:element>
    </xsd:sequence>
  </xsd:complexType>
  <xsd:complexType name="InheritanceType">
    <xsd:annotation>
      <xsd:documentation>Always required when transaction type = 7; Per party, the deceased excluded, the inheritance portion is defined.</xsd:documentation>
    </xsd:annotation>
    <xsd:sequence>
      <xsd:element name="InheritancePortion" type="common:InheritancePortionType" maxOccurs="unbounded" form="qualified"/>
    </xsd:sequence>
  </xsd:complexType>
</xsd:schema>]]></con:content><con:type>http://www.w3.org/2001/XMLSchema</con:type></con:part><con:part><con:url>file:/home/ebarbieux/Dev/fidus/fourthwaytransactionservice_1.0/FourthWayTransactionServiceGateway/src/main/resources/wsdl/fourthWayTransactionService/1.0.0/XMLSchema/common.xsd</con:url><con:content><![CDATA[<xsd:schema targetNamespace="http://fsb.belgium.be/fourthway/v2/Common" xmlns:xsd="http://www.w3.org/2001/XMLSchema" xmlns="http://fsb.belgium.be/fourthway/v2/Common">
  <xsd:simpleType name="OfficeNumberType">
    <xsd:annotation>
      <xsd:documentation>The office number at the FRNB/KFBN</xsd:documentation>
    </xsd:annotation>
    <xsd:restriction base="xsd:int">
      <xsd:totalDigits value="6"/>
    </xsd:restriction>
  </xsd:simpleType>
  <xsd:simpleType name="PurchaserNumberType">
    <xsd:annotation>
      <xsd:documentation>Unique identification of the purchaser in the xml message.</xsd:documentation>
    </xsd:annotation>
    <xsd:restriction base="xsd:int">
      <xsd:totalDigits value="3"/>
    </xsd:restriction>
  </xsd:simpleType>
  <xsd:simpleType name="ReferenceNumberType">
    <xsd:annotation>
      <xsd:documentation>The folder reference of the notary/bailiff</xsd:documentation>
    </xsd:annotation>
    <xsd:restriction base="xsd:string">
      <xsd:maxLength value="50"/>
    </xsd:restriction>
  </xsd:simpleType>
  <xsd:simpleType name="ForeignJuridicalFormType">
    <xsd:annotation>
      <xsd:documentation>Juridical form of company, any form including foreign ones</xsd:documentation>
    </xsd:annotation>
    <xsd:restriction base="xsd:string">
      <xsd:maxLength value="10"/>
    </xsd:restriction>
  </xsd:simpleType>
  <xsd:simpleType name="InstitutionNameType">
    <xsd:annotation>
      <xsd:documentation>Name of a Public Actor</xsd:documentation>
    </xsd:annotation>
    <xsd:restriction base="xsd:string">
      <xsd:maxLength value="100"/>
    </xsd:restriction>
  </xsd:simpleType>
  <xsd:simpleType name="PeopleNameType">
    <xsd:annotation>
      <xsd:documentation>Name of a person</xsd:documentation>
    </xsd:annotation>
    <xsd:restriction base="xsd:string">
      <xsd:maxLength value="255"/>
    </xsd:restriction>
  </xsd:simpleType>
  <xsd:simpleType name="CreditorKindType">
    <xsd:annotation>
      <xsd:documentation>The type of creditor.
                1 = opposing, 2 = registered</xsd:documentation>
    </xsd:annotation>
    <xsd:restriction base="xsd:string">
      <xsd:enumeration value="opposed"/>
      <xsd:enumeration value="registered"/>
    </xsd:restriction>
  </xsd:simpleType>
  <xsd:simpleType name="HouseNumberType">
    <xsd:annotation>
      <xsd:documentation>house number type</xsd:documentation>
    </xsd:annotation>
    <xsd:restriction base="xsd:string">
      <xsd:maxLength value="11"/>
    </xsd:restriction>
  </xsd:simpleType>
  <xsd:simpleType name="ShipHypotequeNumberType">
    <xsd:restriction base="xsd:string">
      <xsd:maxLength value="50"/>
    </xsd:restriction>
  </xsd:simpleType>
  <xsd:simpleType name="EnterpriseNameType">
    <xsd:annotation>
      <xsd:documentation>enterprise name</xsd:documentation>
    </xsd:annotation>
    <xsd:restriction base="xsd:string">
      <xsd:maxLength value="160"/>
    </xsd:restriction>
  </xsd:simpleType>
  <xsd:simpleType name="ShipWeightType">
    <xsd:annotation>
      <xsd:documentation>Tonnage description</xsd:documentation>
    </xsd:annotation>
    <xsd:restriction base="xsd:string">
      <xsd:maxLength value="255"/>
    </xsd:restriction>
  </xsd:simpleType>
  <xsd:simpleType name="PropertyTypeType">
    <xsd:restriction base="xsd:string">
      <xsd:maxLength value="50"/>
    </xsd:restriction>
  </xsd:simpleType>
  <xsd:simpleType name="GeneralInterfaceType">
    <xsd:annotation>
      <xsd:documentation>Public Officer's Interface Identifier
                ESUC ontvangstskantoor registratie/ bureau d'enregistrement - Succession
                EDVA Dienst Vastgoedakten
                ECAC Aankoopcomité / comité d'acquisition
                ERDR Registratie der domeinen/Receveur des domaines</xsd:documentation>
    </xsd:annotation>
    <xsd:restriction base="xsd:string">
      <xsd:enumeration value="ENOT"/>
      <xsd:enumeration value="EHUI"/>
      <xsd:enumeration value="ECAC"/>
      <xsd:enumeration value="ESUC"/>
      <xsd:enumeration value="EDVA"/>
      <xsd:enumeration value="ERDR"/>
    </xsd:restriction>
  </xsd:simpleType>
  <xsd:simpleType name="ShipDimensionType">
    <xsd:restriction base="xsd:string">
      <xsd:maxLength value="50"/>
    </xsd:restriction>
  </xsd:simpleType>
  <xsd:simpleType name="EmailType">
    <xsd:annotation>
      <xsd:documentation>Email address</xsd:documentation>
    </xsd:annotation>
    <xsd:restriction base="xsd:string">
      <xsd:maxLength value="50"/>
      <xsd:pattern value=".+@.+"/>
    </xsd:restriction>
  </xsd:simpleType>
  <xsd:simpleType name="PartyNumberType">
    <xsd:annotation>
      <xsd:documentation>Unique identification of the party in the xml message.</xsd:documentation>
    </xsd:annotation>
    <xsd:restriction base="xsd:string">
      <xsd:pattern value="\p{N}{3}"/>
    </xsd:restriction>
  </xsd:simpleType>
  <xsd:simpleType name="BelgianJuridicalFormType">
    <xsd:annotation>
      <xsd:documentation>Juridical form following the KBO/BCE standards at http://www.mineco.be/enterprises/crossroads_bank/xls/rechtsv.xls</xsd:documentation>
    </xsd:annotation>
    <xsd:restriction base="xsd:int">
      <xsd:maxInclusive value="999"/>
    </xsd:restriction>
  </xsd:simpleType>
  <xsd:simpleType name="PersonNumberType">
    <xsd:annotation>
      <xsd:documentation>Social security identification number</xsd:documentation>
    </xsd:annotation>
    <xsd:restriction base="xsd:string">
      <xsd:pattern value="\p{N}{11}"/>
    </xsd:restriction>
  </xsd:simpleType>
  <xsd:simpleType name="TransactionTypeType">
    <xsd:annotation>
      <xsd:documentation>The (coded) type of transaction. Codes are :
                1 = verkoop roerend / vente mobilière,
                2 = hypothecaire aanwending / affectation hypothécaire,
                3 = vervreemding / aliénation,
                4 = beslag onder derden / saisie-arrêt (restricted to the Social Security),
                5 = Hypotheekstelling verbonden aan de verwerving / Affectation hypothécaire liée à l'acquisition,
                6 = Aanwending / Imputation (restricted to the Social Security),
                7 = Erfenis / Heritage</xsd:documentation>
    </xsd:annotation>
    <xsd:restriction base="xsd:int">
      <xsd:maxInclusive value="7"/>
      <xsd:minInclusive value="1"/>
    </xsd:restriction>
  </xsd:simpleType>
  <xsd:simpleType name="EnterpriseNumberType">
    <xsd:annotation>
      <xsd:documentation>Number of enterprise identificator from BCE/KBO</xsd:documentation>
    </xsd:annotation>
    <xsd:restriction base="xsd:string">
      <xsd:pattern value="\p{N}{10}"/>
    </xsd:restriction>
  </xsd:simpleType>
  <xsd:simpleType name="MunicipalityCodeType">
    <xsd:annotation>
      <xsd:documentation>INS/NIS code for municipality.</xsd:documentation>
    </xsd:annotation>
    <xsd:restriction base="xsd:int">
      <xsd:totalDigits value="5"/>
      <xsd:minInclusive value="0"/>
    </xsd:restriction>
  </xsd:simpleType>
  <xsd:simpleType name="ShipEngineType">
    <xsd:restriction base="xsd:string">
      <xsd:maxLength value="255"/>
    </xsd:restriction>
  </xsd:simpleType>
  <xsd:simpleType name="ProcedureNumberType">
    <xsd:annotation>
      <xsd:documentation>Unique identifier of a procedure</xsd:documentation>
    </xsd:annotation>
    <xsd:restriction base="xsd:string">
      <xsd:maxLength value="20"/>
    </xsd:restriction>
  </xsd:simpleType>
  <xsd:simpleType name="DepartmentNumberType">
    <xsd:annotation>
      <xsd:documentation>BCE/KBO enterprise identification number</xsd:documentation>
    </xsd:annotation>
    <xsd:restriction base="xsd:string">
      <xsd:minLength value="3"/>
      <xsd:maxLength value="20"/>
    </xsd:restriction>
  </xsd:simpleType>
  <xsd:simpleType name="country">
    <xsd:annotation>
      <xsd:documentation xml:lang="en">Country codes must be in the ISO-3166 two-letter format.
                For a complete list, see
                http://www.iso.org/iso/en/prods-services/iso3166ma/02iso-3166-code-lists/index.html
                The FSB will
                translate the ISO code into specific KBO codes, if required.
                The ISO standards permit certain two-letter
                codes to be customized by users. This
                allows for the following codes, which can be used withing the PROVE
                application:
                ISO CODE KBO CODE meaning
                XA 900 stateless (when applied to nationalities)
                XB 901 not yet proven (when applied to nationalities)
                XC 992 moved to abroad (when applied nationalities)
                XD 995 at sea (international waters)
                XE 999 undetermined

                Validation rules:
                - two upper case letters

                Regular expression: [A-Z]{2}

                Examples: BE, NL, FR, DE, GB,
                ES, ...
                (Note that UK is not a valid country code!)</xsd:documentation>
    </xsd:annotation>
    <xsd:restriction base="xsd:string">
      <xsd:pattern value="[A-Z]{2}"/>
    </xsd:restriction>
  </xsd:simpleType>
  <xsd:simpleType name="PropertyDescription">
    <xsd:restriction base="xsd:string">
      <xsd:maxLength value="255"/>
    </xsd:restriction>
  </xsd:simpleType>
  <xsd:simpleType name="ReferentieKadasterType">
    <xsd:annotation>
      <xsd:documentation>The cadastral reference is a NOT YET SPECIFIED structured communication.</xsd:documentation>
    </xsd:annotation>
    <xsd:restriction base="xsd:string">
      <xsd:maxLength value="50"/>
    </xsd:restriction>
  </xsd:simpleType>
  <xsd:simpleType name="SuperficieType">
    <xsd:restriction base="xsd:string">
      <xsd:maxLength value="19"/>
    </xsd:restriction>
  </xsd:simpleType>
  <xsd:simpleType name="AmountType">
    <xsd:annotation>
      <xsd:documentation>Amounts expressed in euros</xsd:documentation>
    </xsd:annotation>
    <xsd:restriction base="xsd:double"/>
  </xsd:simpleType>
  <xsd:simpleType name="ShipNameType">
    <xsd:restriction base="xsd:string">
      <xsd:maxLength value="255"/>
    </xsd:restriction>
  </xsd:simpleType>
  <xsd:simpleType name="ShipPlaceOfConstructionType">
    <xsd:restriction base="xsd:string">
      <xsd:maxLength value="255"/>
    </xsd:restriction>
  </xsd:simpleType>
  <xsd:simpleType name="TelephoneType">
    <xsd:annotation>
      <xsd:documentation>Telephone number</xsd:documentation>
    </xsd:annotation>
    <xsd:restriction base="xsd:string">
      <xsd:pattern value="[+][\p{N}]{1,5}[\p{Zs}][\p{N}]{1,5}[\p{Zs}][\p{N}]{1,10}"/>
    </xsd:restriction>
  </xsd:simpleType>
  <xsd:simpleType name="GoodNumberType">
    <xsd:annotation>
      <xsd:documentation>Unique identification of the good in the xml message</xsd:documentation>
    </xsd:annotation>
    <xsd:restriction base="xsd:int">
      <xsd:totalDigits value="3"/>
    </xsd:restriction>
  </xsd:simpleType>
  <xsd:simpleType name="StreetCodeType">
    <xsd:restriction base="xsd:string"/>
  </xsd:simpleType>
  <xsd:simpleType name="RequestIdType">
    <xsd:annotation>
      <xsd:documentation>General type used to define the requestId, unique identifier of a message</xsd:documentation>
    </xsd:annotation>
    <xsd:restriction base="xsd:string">
      <xsd:maxLength value="20"/>
    </xsd:restriction>
  </xsd:simpleType>
  <xsd:simpleType name="language">
    <xsd:annotation>
      <xsd:documentation xml:lang="en">Dutch, French or German, following the ISO 639-1 standard. Case insensitive. Lowercase recommended.</xsd:documentation>
    </xsd:annotation>
    <xsd:restriction base="xsd:language">
      <xsd:pattern value="[Ff][Rr]"/>
      <xsd:pattern value="[Nn][Ll]"/>
      <xsd:pattern value="[Dd][Ee]"/>
    </xsd:restriction>
  </xsd:simpleType>
  <xsd:simpleType name="PostalCodeType">
    <xsd:annotation>
      <xsd:documentation>Postal code matching the municipality or main municipality</xsd:documentation>
    </xsd:annotation>
    <xsd:restriction base="xsd:string">
      <xsd:maxLength value="10"/>
    </xsd:restriction>
  </xsd:simpleType>
  <xsd:complexType name="IncompleteBirthdateType">
    <xsd:annotation>
      <xsd:documentation>used instead of xsd:date for the date as : 00-00-2007</xsd:documentation>
    </xsd:annotation>
    <xsd:sequence>
      <xsd:element name="YYYY" form="qualified">
        <xsd:annotation>
          <xsd:documentation>year</xsd:documentation>
        </xsd:annotation>
        <xsd:simpleType>
          <xsd:restriction base="xsd:integer">
            <xsd:minInclusive value="0"/>
            <xsd:maxInclusive value="9999"/>
          </xsd:restriction>
        </xsd:simpleType>
      </xsd:element>
      <xsd:element name="MM" form="qualified">
        <xsd:annotation>
          <xsd:documentation>month, please insert 00 if unknown</xsd:documentation>
        </xsd:annotation>
        <xsd:simpleType>
          <xsd:restriction base="xsd:integer">
            <xsd:minInclusive value="0"/>
            <xsd:maxInclusive value="12"/>
          </xsd:restriction>
        </xsd:simpleType>
      </xsd:element>
      <xsd:element name="DD" form="qualified">
        <xsd:annotation>
          <xsd:documentation>day, please insert 00 if unknown</xsd:documentation>
        </xsd:annotation>
        <xsd:simpleType>
          <xsd:restriction base="xsd:integer">
            <xsd:minInclusive value="0"/>
            <xsd:maxInclusive value="31"/>
          </xsd:restriction>
        </xsd:simpleType>
      </xsd:element>
    </xsd:sequence>
  </xsd:complexType>
  <xsd:complexType name="ForeignAddressType">
    <xsd:annotation>
      <xsd:documentation>A foreign address type. Beware length of fields are different than belgian addresses.</xsd:documentation>
    </xsd:annotation>
    <xsd:sequence>
      <xsd:element name="CountryDescription" form="qualified">
        <xsd:annotation>
          <xsd:documentation>The textual country description in the folder language.</xsd:documentation>
        </xsd:annotation>
        <xsd:simpleType>
          <xsd:restriction base="xsd:string">
            <xsd:maxLength value="40"/>
          </xsd:restriction>
        </xsd:simpleType>
      </xsd:element>
      <xsd:element name="CountryCode" form="qualified">
        <xsd:annotation>
          <xsd:documentation>The ISO country code.</xsd:documentation>
        </xsd:annotation>
        <xsd:simpleType>
          <xsd:restriction base="country"/>
        </xsd:simpleType>
      </xsd:element>
      <xsd:element name="Province" minOccurs="0" form="qualified">
        <xsd:annotation>
          <xsd:documentation>This element has not to be transmitted to the BCSS.</xsd:documentation>
        </xsd:annotation>
        <xsd:simpleType>
          <xsd:restriction base="xsd:string">
            <xsd:maxLength value="50"/>
          </xsd:restriction>
        </xsd:simpleType>
      </xsd:element>
      <xsd:element name="MunicipalityDescription" form="qualified">
        <xsd:annotation>
          <xsd:documentation>Municipality name</xsd:documentation>
        </xsd:annotation>
        <xsd:simpleType>
          <xsd:restriction base="xsd:string">
            <xsd:maxLength value="40"/>
          </xsd:restriction>
        </xsd:simpleType>
      </xsd:element>
      <xsd:element name="MunicipalityCode" minOccurs="0" form="qualified">
        <xsd:annotation>
          <xsd:documentation>Municipality code following INS/NIS.</xsd:documentation>
        </xsd:annotation>
        <xsd:simpleType>
          <xsd:restriction base="MunicipalityCodeType"/>
        </xsd:simpleType>
      </xsd:element>
      <xsd:element name="PostalCode" type="PostalCodeType" minOccurs="0" form="qualified">
        <xsd:annotation>
          <xsd:documentation>Postal code matching the municipality or main municipality</xsd:documentation>
        </xsd:annotation>
      </xsd:element>
      <xsd:element name="Street" form="qualified">
        <xsd:annotation>
          <xsd:documentation>Street</xsd:documentation>
        </xsd:annotation>
        <xsd:simpleType>
          <xsd:restriction base="xsd:string">
            <xsd:maxLength value="50"/>
          </xsd:restriction>
        </xsd:simpleType>
      </xsd:element>
      <xsd:element name="HouseNumber" type="HouseNumberType" minOccurs="0" form="qualified">
        <xsd:annotation>
          <xsd:documentation>House number</xsd:documentation>
        </xsd:annotation>
      </xsd:element>
      <xsd:element name="HouseIndexNumber" minOccurs="0" form="qualified">
        <xsd:annotation>
          <xsd:documentation>mailbox number</xsd:documentation>
        </xsd:annotation>
        <xsd:simpleType>
          <xsd:restriction base="xsd:string">
            <xsd:maxLength value="10"/>
          </xsd:restriction>
        </xsd:simpleType>
      </xsd:element>
      <xsd:element name="AddressComplement" minOccurs="0" form="qualified">
        <xsd:annotation>
          <xsd:documentation>This element has not to be transmitted to the BCSS.</xsd:documentation>
        </xsd:annotation>
        <xsd:simpleType>
          <xsd:restriction base="xsd:string">
            <xsd:maxLength value="50"/>
          </xsd:restriction>
        </xsd:simpleType>
      </xsd:element>
    </xsd:sequence>
  </xsd:complexType>
  <xsd:complexType name="RequiredEnterpriseByInfoType">
    <xsd:annotation>
      <xsd:documentation>Enterprise info for foreign enterprise</xsd:documentation>
    </xsd:annotation>
    <xsd:sequence>
      <xsd:element name="EnterpriseName" type="EnterpriseNameType" form="qualified">
        <xsd:annotation>
          <xsd:documentation>The name of the company corresponding to the KBO number</xsd:documentation>
        </xsd:annotation>
      </xsd:element>
      <xsd:element name="JuridicalForm" type="ForeignJuridicalFormType" form="qualified">
        <xsd:annotation>
          <xsd:documentation>Juridical form following the KBO/BCE standards at http://www.mineco.be/enterprises/crossroads_bank/xls/rechtsv.xls</xsd:documentation>
        </xsd:annotation>
      </xsd:element>
      <xsd:element name="CreationDate" type="xsd:date" minOccurs="0" form="qualified">
        <xsd:annotation>
          <xsd:documentation>The date of creation in format YYYY-MM-DD</xsd:documentation>
        </xsd:annotation>
      </xsd:element>
    </xsd:sequence>
  </xsd:complexType>
  <xsd:complexType name="ContactType">
    <xsd:annotation>
      <xsd:documentation>People to contact</xsd:documentation>
    </xsd:annotation>
    <xsd:sequence>
      <xsd:element name="Name" form="qualified">
        <xsd:annotation>
          <xsd:documentation>The name of the contact person</xsd:documentation>
        </xsd:annotation>
        <xsd:simpleType>
          <xsd:restriction base="xsd:string">
            <xsd:maxLength value="30"/>
          </xsd:restriction>
        </xsd:simpleType>
      </xsd:element>
      <xsd:element name="FirstNames" form="qualified">
        <xsd:simpleType>
          <xsd:restriction base="xsd:string">
            <xsd:maxLength value="30"/>
          </xsd:restriction>
        </xsd:simpleType>
      </xsd:element>
      <xsd:element name="Email" type="EmailType" minOccurs="0" form="qualified">
        <xsd:annotation>
          <xsd:documentation>The email of the contact person</xsd:documentation>
        </xsd:annotation>
      </xsd:element>
      <xsd:element name="TelephoneNumber" type="TelephoneType" minOccurs="0" form="qualified">
        <xsd:annotation>
          <xsd:documentation>The telephone number of the contact Person</xsd:documentation>
        </xsd:annotation>
      </xsd:element>
      <xsd:element name="FaxNumber" type="TelephoneType" minOccurs="0" form="qualified">
        <xsd:annotation>
          <xsd:documentation>The fax number of the contact Person</xsd:documentation>
        </xsd:annotation>
      </xsd:element>
    </xsd:sequence>
  </xsd:complexType>
  <xsd:complexType name="requestInfoType">
    <xsd:annotation>
      <xsd:documentation xml:lang="en">Request identification.</xsd:documentation>
    </xsd:annotation>
    <xsd:sequence>
      <xsd:element name="id" type="xsd:string" form="qualified">
        <xsd:annotation>
          <xsd:documentation xml:lang="en">the id of the request that should be unique in time and place.</xsd:documentation>
        </xsd:annotation>
      </xsd:element>
      <xsd:element name="timeStamp" type="xsd:dateTime" minOccurs="0" form="qualified">
        <xsd:annotation>
          <xsd:documentation xml:lang="en">the time the request was initiated by the client.</xsd:documentation>
        </xsd:annotation>
      </xsd:element>
    </xsd:sequence>
  </xsd:complexType>
  <xsd:complexType name="HelpdeskType">
    <xsd:annotation>
      <xsd:documentation>When the institution has an helpdesk available, the contact information can be listed here.</xsd:documentation>
    </xsd:annotation>
    <xsd:sequence>
      <xsd:element name="TelephoneNumber" type="TelephoneType" form="qualified">
        <xsd:annotation>
          <xsd:documentation>The telephone number of the helpdesk</xsd:documentation>
        </xsd:annotation>
      </xsd:element>
      <xsd:element name="FaxNumber" type="TelephoneType" form="qualified">
        <xsd:annotation>
          <xsd:documentation>The fax number of the helpdesk</xsd:documentation>
        </xsd:annotation>
      </xsd:element>
      <xsd:element name="EmailAddress" type="EmailType" form="qualified">
        <xsd:annotation>
          <xsd:documentation>The email of the helpdesk</xsd:documentation>
        </xsd:annotation>
      </xsd:element>
    </xsd:sequence>
  </xsd:complexType>
  <xsd:complexType name="VATUnitMemberType">
    <xsd:annotation>
      <xsd:documentation>Field to describe a member or a manager of VAT unit</xsd:documentation>
    </xsd:annotation>
    <xsd:sequence>
      <xsd:element name="VATUnitNumber" type="EnterpriseNumberType" form="qualified"/>
    </xsd:sequence>
  </xsd:complexType>
  <xsd:complexType name="VATOtherInfoType">
    <xsd:annotation>
      <xsd:documentation>Information needed by the financial sector. Not to be sent to other peers</xsd:documentation>
    </xsd:annotation>
    <xsd:choice>
      <xsd:element name="CasualVATSubject" form="qualified">
        <xsd:annotation>
          <xsd:documentation>FR : assujetti occasionnel</xsd:documentation>
        </xsd:annotation>
      </xsd:element>
      <xsd:element name="ForeignEstablishedVATSubject" type="ForeignEstablishedVATSubjectType" form="qualified">
        <xsd:annotation>
          <xsd:documentation>FR : assujetti étranger avec un représentant en Belgique</xsd:documentation>
        </xsd:annotation>
      </xsd:element>
      <xsd:element name="AssociationMember" type="AssociationMemberType" form="qualified">
        <xsd:annotation>
          <xsd:documentation>FR : membre d’une association de fait ou momentanée</xsd:documentation>
        </xsd:annotation>
      </xsd:element>
      <xsd:element name="VATUnitMember" type="VATUnitMemberType" form="qualified">
        <xsd:annotation>
          <xsd:documentation>FR : membre (et/ou responsable) d’une Unité TVA</xsd:documentation>
        </xsd:annotation>
      </xsd:element>
    </xsd:choice>
  </xsd:complexType>
  <xsd:complexType name="SimpleActorType">
    <xsd:annotation>
      <xsd:documentation>Person and/or Enterprise w/ or W/o Address.</xsd:documentation>
    </xsd:annotation>
    <xsd:choice>
      <xsd:element name="MPE" type="MoralPersonEnterpriseType" form="qualified"/>
      <xsd:element name="PPE" type="PhysicalPersonEnterpriseType" form="qualified"/>
      <xsd:element name="NP" type="NaturalPersonType" form="qualified"/>
    </xsd:choice>
  </xsd:complexType>
  <xsd:complexType name="consumerInfoType">
    <xsd:annotation>
      <xsd:documentation xml:lang="en">Consumer description.</xsd:documentation>
    </xsd:annotation>
    <xsd:sequence>
      <xsd:element name="application" type="xsd:string" minOccurs="0" form="qualified">
        <xsd:annotation>
          <xsd:documentation xml:lang="en">the application's name : in case of certification, it must be the server's common name.</xsd:documentation>
        </xsd:annotation>
      </xsd:element>
      <xsd:element name="userInfo" type="userInfoType" form="qualified">
        <xsd:annotation>
          <xsd:documentation>Required for messages from the Public Officers.</xsd:documentation>
        </xsd:annotation>
      </xsd:element>
    </xsd:sequence>
  </xsd:complexType>
  <xsd:complexType name="userInfoType">
    <xsd:annotation>
      <xsd:documentation xml:lang="en">End user</xsd:documentation>
    </xsd:annotation>
    <xsd:sequence>
      <xsd:annotation>
        <xsd:documentation/>
      </xsd:annotation>
      <xsd:element name="id" type="xsd:string" minOccurs="0" form="qualified">
        <xsd:annotation>
          <xsd:documentation xml:lang="en">the user identification from the application point of view.</xsd:documentation>
        </xsd:annotation>
      </xsd:element>
      <xsd:element name="language" minOccurs="0" form="qualified">
        <xsd:annotation>
          <xsd:documentation xml:lang="en">The language in which any textual fields are expressed.</xsd:documentation>
        </xsd:annotation>
        <xsd:simpleType>
          <xsd:restriction base="xsd:string">
            <xsd:whiteSpace value="collapse"/>
            <xsd:length value="2"/>
            <xsd:enumeration value="de"/>
            <xsd:enumeration value="fr"/>
            <xsd:enumeration value="nl"/>
          </xsd:restriction>
        </xsd:simpleType>
      </xsd:element>
    </xsd:sequence>
  </xsd:complexType>
  <xsd:complexType name="InstitutionIdentificationType">
    <xsd:annotation>
      <xsd:documentation>Identification information of the sending institution.</xsd:documentation>
    </xsd:annotation>
    <xsd:sequence>
      <xsd:element name="KBONumber" type="EnterpriseNumberType" form="qualified">
        <xsd:annotation>
          <xsd:documentation>The enterprise number identifying the institution.</xsd:documentation>
        </xsd:annotation>
      </xsd:element>
      <xsd:element name="InstitutionName" type="InstitutionNameType" form="qualified">
        <xsd:annotation>
          <xsd:documentation>The name of the institution that corresponds with the given enterprise number</xsd:documentation>
        </xsd:annotation>
      </xsd:element>
      <xsd:element name="Address" type="BelgianAddressType" minOccurs="0" form="qualified"/>
    </xsd:sequence>
  </xsd:complexType>
  <xsd:complexType name="MoralPersonEnterpriseType">
    <xsd:sequence>
      <xsd:element name="Enterprise" type="RequiredEnterpriseType" form="qualified">
        <xsd:annotation>
          <xsd:documentation>exists if this party is an enterprise. info given by de requester</xsd:documentation>
        </xsd:annotation>
      </xsd:element>
      <xsd:element name="Address" type="GeneralAddressType" minOccurs="0" form="qualified"/>
    </xsd:sequence>
  </xsd:complexType>
  <xsd:complexType name="GoodAddressType">
    <xsd:annotation>
      <xsd:documentation>Address of a belgian good.</xsd:documentation>
    </xsd:annotation>
    <xsd:sequence>
      <xsd:element name="MunicipalityDescription" form="qualified">
        <xsd:annotation>
          <xsd:documentation>Municipality name</xsd:documentation>
        </xsd:annotation>
        <xsd:simpleType>
          <xsd:restriction base="xsd:string">
            <xsd:maxLength value="40"/>
          </xsd:restriction>
        </xsd:simpleType>
      </xsd:element>
      <xsd:element name="MunicipalityCode" type="MunicipalityCodeType" form="qualified">
        <xsd:annotation>
          <xsd:documentation>Municipality code following INS/NIS.</xsd:documentation>
        </xsd:annotation>
      </xsd:element>
      <xsd:element name="PostalCode" type="PostalCodeType" form="qualified">
        <xsd:annotation>
          <xsd:documentation>Postal code matching the municipality or main municipality</xsd:documentation>
        </xsd:annotation>
      </xsd:element>
      <xsd:element name="Street" minOccurs="0" form="qualified">
        <xsd:annotation>
          <xsd:documentation>street name</xsd:documentation>
        </xsd:annotation>
        <xsd:simpleType>
          <xsd:restriction base="xsd:string">
            <xsd:maxLength value="32"/>
          </xsd:restriction>
        </xsd:simpleType>
      </xsd:element>
      <xsd:element name="HouseNumber" type="HouseNumberType" minOccurs="0" form="qualified">
        <xsd:annotation>
          <xsd:documentation>House number</xsd:documentation>
        </xsd:annotation>
      </xsd:element>
      <xsd:element name="HouseIndexNumber" minOccurs="0" form="qualified">
        <xsd:annotation>
          <xsd:documentation>the mailbox number</xsd:documentation>
        </xsd:annotation>
        <xsd:simpleType>
          <xsd:restriction base="xsd:string">
            <xsd:maxLength value="4"/>
          </xsd:restriction>
        </xsd:simpleType>
      </xsd:element>
    </xsd:sequence>
  </xsd:complexType>
  <xsd:complexType name="InstitutionType">
    <xsd:annotation>
      <xsd:documentation>Institution issuing the request.</xsd:documentation>
    </xsd:annotation>
    <xsd:sequence>
      <xsd:element name="Name" minOccurs="0" form="qualified">
        <xsd:annotation>
          <xsd:documentation>The name of the notary/bailiff institution</xsd:documentation>
        </xsd:annotation>
        <xsd:simpleType>
          <xsd:restriction base="xsd:string">
            <xsd:maxLength value="50"/>
          </xsd:restriction>
        </xsd:simpleType>
      </xsd:element>
      <xsd:element name="InstitutionNumber" type="InstitutionNumberType" minOccurs="0" form="qualified"/>
      <xsd:element name="Address" type="BelgianAddressType" form="qualified">
        <xsd:annotation>
          <xsd:documentation>The address of the notary/bailiff institution</xsd:documentation>
        </xsd:annotation>
      </xsd:element>
    </xsd:sequence>
  </xsd:complexType>
  <xsd:complexType name="PartyType">
    <xsd:annotation>
      <xsd:documentation>Part of the transaction</xsd:documentation>
    </xsd:annotation>
    <xsd:sequence>
      <xsd:element name="PartyNumber" type="PartyNumberType" form="qualified"/>
      <xsd:element name="Actor" type="SimpleActorType" form="qualified"/>
      <xsd:element name="BelgianResident" type="xsd:boolean" minOccurs="0" form="qualified">
        <xsd:annotation>
          <xsd:documentation>Does the party reside in belgium ?
                        yes -->true
                        no -->false
                        N/A --> null</xsd:documentation>
        </xsd:annotation>
      </xsd:element>
      <xsd:element name="SubjectToVAT" type="xsd:boolean" form="qualified"/>
      <xsd:element name="VATOtherInfo" type="VATOtherInfoType" minOccurs="0" form="qualified">
        <xsd:annotation>
          <xsd:documentation>information needed by the financial sector.
                        Not to be sent to other peers</xsd:documentation>
        </xsd:annotation>
      </xsd:element>
    </xsd:sequence>
  </xsd:complexType>
  <xsd:complexType name="AssociationMemberType">
    <xsd:annotation>
      <xsd:documentation>Field to describe a member of an fact association or temporary</xsd:documentation>
    </xsd:annotation>
    <xsd:sequence>
      <xsd:element name="Association" type="EnterpriseNumberType" form="qualified"/>
    </xsd:sequence>
  </xsd:complexType>
  <xsd:complexType name="BelgianAddressType">
    <xsd:annotation>
      <xsd:documentation>The belgian address type</xsd:documentation>
    </xsd:annotation>
    <xsd:sequence>
      <xsd:element name="MunicipalityDescription" form="qualified">
        <xsd:annotation>
          <xsd:documentation>Municipality name</xsd:documentation>
        </xsd:annotation>
        <xsd:simpleType>
          <xsd:restriction base="xsd:string">
            <xsd:maxLength value="40"/>
          </xsd:restriction>
        </xsd:simpleType>
      </xsd:element>
      <xsd:element name="MunicipalityCode" minOccurs="0" form="qualified">
        <xsd:annotation>
          <xsd:documentation>Municipality code following INS/NIS.</xsd:documentation>
        </xsd:annotation>
        <xsd:simpleType>
          <xsd:restriction base="MunicipalityCodeType"/>
        </xsd:simpleType>
      </xsd:element>
      <xsd:element name="PostalCode" type="PostalCodeType" form="qualified">
        <xsd:annotation>
          <xsd:documentation>Postal code matching the municipality or main municipality</xsd:documentation>
        </xsd:annotation>
      </xsd:element>
      <xsd:element name="Street" form="qualified">
        <xsd:annotation>
          <xsd:documentation>Street</xsd:documentation>
        </xsd:annotation>
        <xsd:simpleType>
          <xsd:restriction base="xsd:string">
            <xsd:maxLength value="32"/>
          </xsd:restriction>
        </xsd:simpleType>
      </xsd:element>
      <xsd:element name="HouseNumber" type="HouseNumberType" minOccurs="0" form="qualified">
        <xsd:annotation>
          <xsd:documentation>House number</xsd:documentation>
        </xsd:annotation>
      </xsd:element>
      <xsd:element name="HouseIndexNumber" minOccurs="0" form="qualified">
        <xsd:annotation>
          <xsd:documentation>mailbox number</xsd:documentation>
        </xsd:annotation>
        <xsd:simpleType>
          <xsd:restriction base="xsd:string">
            <xsd:maxLength value="4"/>
          </xsd:restriction>
        </xsd:simpleType>
      </xsd:element>
      <xsd:element name="StreetCode" type="StreetCodeType" minOccurs="0" form="qualified">
        <xsd:annotation>
          <xsd:documentation>Street code needed by the financial sector.
                        Should be taken away when Finance is able to standardize.</xsd:documentation>
        </xsd:annotation>
      </xsd:element>
    </xsd:sequence>
  </xsd:complexType>
  <xsd:complexType name="MortgageTakerType">
    <xsd:sequence>
      <xsd:element name="Actor" type="SimpleActorType" form="qualified"/>
    </xsd:sequence>
  </xsd:complexType>
  <xsd:complexType name="CreditorType">
    <xsd:annotation>
      <xsd:documentation>Identified creditor (opponant or mortgagee).</xsd:documentation>
    </xsd:annotation>
    <xsd:sequence>
      <xsd:element name="CreditorKind" type="CreditorKindType" form="qualified"/>
      <xsd:element name="CreditDate" type="xsd:date" form="qualified"/>
      <xsd:element name="CreditAmount" type="AmountType" form="qualified"/>
      <xsd:element name="Actor" type="SimpleActorType" form="qualified"/>
    </xsd:sequence>
  </xsd:complexType>
  <xsd:complexType name="DestinationType">
    <xsd:annotation>
      <xsd:documentation>The Public Actor which is the final destination of the message (notice2) + reference to the notification</xsd:documentation>
    </xsd:annotation>
    <xsd:choice>
      <xsd:element name="SocialSecurity" type="SocialActorType" form="qualified"/>
      <xsd:element name="Finance" type="FiscalActorType" form="qualified"/>
      <xsd:element name="ConnectedEntity" type="ConnectedEntityType" form="qualified"/>
    </xsd:choice>
  </xsd:complexType>
  <xsd:complexType name="requestContextType">
    <xsd:annotation>
      <xsd:documentation>Required by FSB for routing and supervision purpose.</xsd:documentation>
    </xsd:annotation>
    <xsd:sequence>
      <xsd:element name="requestInfo" type="requestInfoType" form="qualified">
        <xsd:annotation>
          <xsd:documentation xml:lang="en">Contains all the information specific to a message</xsd:documentation>
        </xsd:annotation>
      </xsd:element>
      <xsd:element name="consumerInfo" type="consumerInfoType" minOccurs="0" form="qualified">
        <xsd:annotation>
          <xsd:documentation xml:lang="en">Contains all the information specific to a user</xsd:documentation>
        </xsd:annotation>
      </xsd:element>
    </xsd:sequence>
  </xsd:complexType>
  <xsd:complexType name="GeneralAddressType">
    <xsd:annotation>
      <xsd:documentation>The address that the notary or bailiff has supplied</xsd:documentation>
    </xsd:annotation>
    <xsd:choice>
      <xsd:element name="BelgianAddress" type="BelgianAddressType" form="qualified"/>
      <xsd:element name="ForeignAddress" type="ForeignAddressType" form="qualified"/>
      <xsd:element name="UnstructuredAddress" type="xsd:string" form="qualified"/>
    </xsd:choice>
  </xsd:complexType>
  <xsd:complexType name="InheritancePortionType">
    <xsd:annotation>
      <xsd:documentation>Per party, the deceased excluded, the inheritance portion is defined. The inheritance portion is defined as a fraction.</xsd:documentation>
    </xsd:annotation>
    <xsd:sequence>
      <xsd:element name="PartyNumber" type="PartyNumberType" form="qualified"/>
      <xsd:element name="Fraction" type="FractionType" minOccurs="0" form="qualified"/>
    </xsd:sequence>
  </xsd:complexType>
  <xsd:complexType name="DivisionType">
    <xsd:sequence>
      <xsd:element name="NumeroDeDivision" form="qualified">
        <xsd:simpleType>
          <xsd:restriction base="xsd:int">
            <xsd:maxInclusive value="99999"/>
            <xsd:minInclusive value="0"/>
          </xsd:restriction>
        </xsd:simpleType>
      </xsd:element>
      <xsd:element name="NumeroDeSection" form="qualified">
        <xsd:simpleType>
          <xsd:restriction base="xsd:string">
            <xsd:maxLength value="1"/>
          </xsd:restriction>
        </xsd:simpleType>
      </xsd:element>
      <xsd:element name="NumeroDeParcelle" form="qualified">
        <xsd:annotation>
          <xsd:documentation>matrice cadastrale</xsd:documentation>
        </xsd:annotation>
        <xsd:simpleType>
          <xsd:restriction base="xsd:string">
            <xsd:maxLength value="150"/>
          </xsd:restriction>
        </xsd:simpleType>
      </xsd:element>
    </xsd:sequence>
  </xsd:complexType>
  <xsd:complexType name="NonResidentType">
    <xsd:annotation>
      <xsd:documentation>Accounting information to specify when the owners do not reside in Belgium</xsd:documentation>
    </xsd:annotation>
    <xsd:sequence>
      <xsd:element name="AcquisitionDate" type="xsd:date" form="qualified">
        <xsd:annotation>
          <xsd:documentation>date when the good was bought by the current owner</xsd:documentation>
        </xsd:annotation>
      </xsd:element>
      <xsd:element name="InvestementAmount" type="AmountType" form="qualified">
        <xsd:annotation>
          <xsd:documentation>Total amount of the investment</xsd:documentation>
        </xsd:annotation>
      </xsd:element>
      <xsd:element name="TransferDate" type="xsd:date" form="qualified"/>
      <xsd:element name="TransferPrice" type="AmountType" form="qualified"/>
      <xsd:element name="TransferExpenses" type="AmountType" form="qualified"/>
      <xsd:element name="ContactName" minOccurs="0" form="qualified">
        <xsd:annotation>
          <xsd:documentation>contact person which can give accounting information to the public actor</xsd:documentation>
        </xsd:annotation>
        <xsd:simpleType>
          <xsd:restriction base="xsd:string">
            <xsd:maxLength value="50"/>
          </xsd:restriction>
        </xsd:simpleType>
      </xsd:element>
      <xsd:element name="ContactTelephone" type="TelephoneType" minOccurs="0" form="qualified"/>
    </xsd:sequence>
  </xsd:complexType>
  <xsd:complexType name="NaturalPersonType">
    <xsd:sequence>
      <xsd:element name="People" type="RequiredPeopleType" form="qualified">
        <xsd:annotation>
          <xsd:documentation>exists if this party is a natural person</xsd:documentation>
        </xsd:annotation>
      </xsd:element>
      <xsd:element name="Address" type="GeneralAddressType" minOccurs="0" form="qualified"/>
    </xsd:sequence>
  </xsd:complexType>
  <xsd:complexType name="RequiredEnterpriseByNumberType">
    <xsd:annotation>
      <xsd:documentation>Enterprise info for belgian enterprise</xsd:documentation>
    </xsd:annotation>
    <xsd:sequence>
      <xsd:element name="EnterpriseNumber" type="EnterpriseNumberType" form="qualified">
        <xsd:annotation>
          <xsd:documentation>The KBO number</xsd:documentation>
        </xsd:annotation>
      </xsd:element>
      <xsd:element name="EnterpriseName" type="EnterpriseNameType" minOccurs="0" form="qualified">
        <xsd:annotation>
          <xsd:documentation>The name of the company corresponding to the KBO number</xsd:documentation>
        </xsd:annotation>
      </xsd:element>
      <xsd:element name="JuridicalForm" type="BelgianJuridicalFormType" minOccurs="0" form="qualified">
        <xsd:annotation>
          <xsd:documentation>Juridical form following the KBO/BCE standards at http://www.mineco.be/enterprises/crossroads_bank/xls/rechtsv.xls</xsd:documentation>
        </xsd:annotation>
      </xsd:element>
      <xsd:element name="CreationDate" type="xsd:date" minOccurs="0" form="qualified">
        <xsd:annotation>
          <xsd:documentation>The date of creation in format YYYY-MM-DD</xsd:documentation>
        </xsd:annotation>
      </xsd:element>
    </xsd:sequence>
  </xsd:complexType>
  <xsd:complexType name="PurchaserType">
    <xsd:annotation>
      <xsd:documentation>Purchaser of the concerned goods.</xsd:documentation>
    </xsd:annotation>
    <xsd:sequence>
      <xsd:element name="PurchaserNumber" type="PurchaserNumberType" form="qualified"/>
      <xsd:element name="Actor" type="SimpleActorType" form="qualified"/>
    </xsd:sequence>
  </xsd:complexType>
  <xsd:complexType name="FractionType">
    <xsd:annotation>
      <xsd:documentation>Portion of the inheritance, defined as a fraction</xsd:documentation>
    </xsd:annotation>
    <xsd:sequence>
      <xsd:element name="Numerator" type="xsd:integer" form="qualified"/>
      <xsd:element name="Denominator" type="xsd:integer" form="qualified"/>
    </xsd:sequence>
  </xsd:complexType>
  <xsd:complexType name="SenderType">
    <xsd:annotation>
      <xsd:documentation>Institution issuing the request</xsd:documentation>
    </xsd:annotation>
    <xsd:sequence>
      <xsd:element name="InstitutionIdentification" type="InstitutionIdentificationType" form="qualified"/>
      <xsd:element name="Helpdesk" type="HelpdeskType" minOccurs="0" form="qualified"/>
      <xsd:element name="GeneralInformation" minOccurs="0" form="qualified">
        <xsd:annotation>
          <xsd:documentation>Additional information</xsd:documentation>
        </xsd:annotation>
        <xsd:simpleType>
          <xsd:restriction base="xsd:string">
            <xsd:maxLength value="255"/>
          </xsd:restriction>
        </xsd:simpleType>
      </xsd:element>
    </xsd:sequence>
  </xsd:complexType>
  <xsd:complexType name="GeneralResponseDataType">
    <xsd:annotation>
      <xsd:documentation>Information about the request for a technical ack</xsd:documentation>
    </xsd:annotation>
    <xsd:sequence>
      <xsd:element name="ProcedureNumber" type="ProcedureNumberType" form="qualified"/>
      <xsd:element name="RequestId" type="RequestIdType" form="qualified"/>
    </xsd:sequence>
  </xsd:complexType>
  <xsd:complexType name="RequesterType">
    <xsd:annotation>
      <xsd:documentation>Requester of the notice message</xsd:documentation>
    </xsd:annotation>
    <xsd:sequence>
      <xsd:element name="RequesterType" form="qualified">
        <xsd:annotation>
          <xsd:documentation>The type of requester. 1 = Notaris/Notaire/Notar,
                        2 = Deurwaarder/huissier/Gerichtsvollzieher,
                        3 = Ontvanger der domeinen/Receveur des domaines/Einnehmer der Domänenverwaltung,
                        4 = Aankoopcomité/Comité d’acquisition/Ankaufskommission
                        5 = COIV Centraal Orgaan voor Inbeslagname en verbeurdverklaring
                        6 = ontvangstskantoor registratie/ bureau d'enregistrement - Succession
                        7 = Dienst Vastgoedakten</xsd:documentation>
        </xsd:annotation>
        <xsd:simpleType>
          <xsd:restriction base="xsd:int">
            <xsd:minInclusive value="1"/>
            <xsd:maxInclusive value="7"/>
          </xsd:restriction>
        </xsd:simpleType>
      </xsd:element>
      <xsd:element name="Institution" type="InstitutionType" form="qualified">
        <xsd:annotation>
          <xsd:documentation>Identifies the institution of the notary / bailiff</xsd:documentation>
        </xsd:annotation>
      </xsd:element>
      <xsd:element name="PhysicalRequester" type="OfficerType" form="qualified"/>
      <xsd:element name="Email" type="EmailType" minOccurs="0" form="qualified">
        <xsd:annotation>
          <xsd:documentation>The email of the institution or physical requester</xsd:documentation>
        </xsd:annotation>
      </xsd:element>
      <xsd:element name="TelephoneNumber" type="TelephoneType" form="qualified">
        <xsd:annotation>
          <xsd:documentation>The telephone number of the institution or physical requester</xsd:documentation>
        </xsd:annotation>
      </xsd:element>
      <xsd:element name="FaxNumber" type="TelephoneType" minOccurs="0" form="qualified">
        <xsd:annotation>
          <xsd:documentation>The fax number of the instituion or physical requester</xsd:documentation>
        </xsd:annotation>
      </xsd:element>
      <xsd:element name="EndUser" type="PersonNumberType" minOccurs="0" form="qualified">
        <xsd:annotation>
          <xsd:documentation>Identity number of the effective end user</xsd:documentation>
        </xsd:annotation>
      </xsd:element>
    </xsd:sequence>
  </xsd:complexType>
  <xsd:complexType name="statusType">
    <xsd:annotation>
      <xsd:documentation>status of the reply</xsd:documentation>
    </xsd:annotation>
    <xsd:sequence>
      <xsd:element name="id" type="xsd:string" form="qualified"/>
      <xsd:element name="code" type="xsd:string" form="qualified"/>
      <xsd:element name="description" type="xsd:string" form="qualified"/>
      <xsd:element name="suggested_action" type="xsd:string" minOccurs="0" form="qualified"/>
    </xsd:sequence>
  </xsd:complexType>
  <xsd:complexType name="RequiredEnterpriseType">
    <xsd:annotation>
      <xsd:documentation>Enterprise information required for processing</xsd:documentation>
    </xsd:annotation>
    <xsd:choice>
      <xsd:element name="ByNumber" type="RequiredEnterpriseByNumberType" form="qualified">
        <xsd:annotation>
          <xsd:documentation>Search criteria for belgian company</xsd:documentation>
        </xsd:annotation>
      </xsd:element>
      <xsd:element name="ByInfo" type="RequiredEnterpriseByInfoType" form="qualified">
        <xsd:annotation>
          <xsd:documentation>Search criteria for foreign company</xsd:documentation>
        </xsd:annotation>
      </xsd:element>
    </xsd:choice>
  </xsd:complexType>
  <xsd:complexType name="RequiredPeopleByNameType">
    <xsd:sequence>
      <xsd:element name="Name" type="PeopleNameType" form="qualified"/>
      <xsd:element name="FirstNames" type="PeopleNameType" minOccurs="0" form="qualified"/>
      <xsd:element name="BirthDate" type="IncompleteBirthdateType" form="qualified">
        <xsd:annotation>
          <xsd:documentation>The birthdate of the targeted person.</xsd:documentation>
        </xsd:annotation>
      </xsd:element>
    </xsd:sequence>
  </xsd:complexType>
  <xsd:complexType name="OfficerType">
    <xsd:annotation>
      <xsd:documentation>Public officer</xsd:documentation>
    </xsd:annotation>
    <xsd:sequence>
      <xsd:element name="PersonNumber" type="PersonNumberType" minOccurs="0" form="qualified">
        <xsd:annotation>
          <xsd:documentation>RN number of the requester</xsd:documentation>
        </xsd:annotation>
      </xsd:element>
      <xsd:element name="Name" form="qualified">
        <xsd:annotation>
          <xsd:documentation>The name of the requester</xsd:documentation>
        </xsd:annotation>
        <xsd:simpleType>
          <xsd:restriction base="xsd:string">
            <xsd:maxLength value="30"/>
          </xsd:restriction>
        </xsd:simpleType>
      </xsd:element>
      <xsd:element name="FirstNames" form="qualified">
        <xsd:simpleType>
          <xsd:restriction base="xsd:string">
            <xsd:maxLength value="30"/>
          </xsd:restriction>
        </xsd:simpleType>
      </xsd:element>
    </xsd:sequence>
  </xsd:complexType>
  <xsd:complexType name="SocialActorType">
    <xsd:annotation>
      <xsd:documentation>Institution issuing the request. This is used when a notification has been sent from this part.</xsd:documentation>
    </xsd:annotation>
    <xsd:sequence>
      <xsd:element name="InstitutionNumber" type="EnterpriseNumberType" form="qualified">
        <xsd:annotation>
          <xsd:documentation>The enterprise number of the Social Actor.</xsd:documentation>
        </xsd:annotation>
      </xsd:element>
      <xsd:element name="CorrelationId" type="RequestIdType" form="qualified">
        <xsd:annotation>
          <xsd:documentation>The requestId of the Notification</xsd:documentation>
        </xsd:annotation>
      </xsd:element>
      <xsd:element name="NotificationDate" type="xsd:dateTime" form="qualified"/>
    </xsd:sequence>
  </xsd:complexType>
  <xsd:complexType name="RequiredPeopleByNumberType">
    <xsd:sequence>
      <xsd:element name="PersonNumber" type="PersonNumberType" form="qualified">
        <xsd:annotation>
          <xsd:documentation>Number from the Registre national</xsd:documentation>
        </xsd:annotation>
      </xsd:element>
      <xsd:element name="Name" type="PeopleNameType" minOccurs="0" form="qualified"/>
      <xsd:element name="FirstNames" type="PeopleNameType" minOccurs="0" form="qualified"/>
    </xsd:sequence>
  </xsd:complexType>
  <xsd:complexType name="RequiredPeopleType">
    <xsd:choice>
      <xsd:element name="ByNumber" type="RequiredPeopleByNumberType" form="qualified"/>
      <xsd:element name="ByName" type="RequiredPeopleByNameType" form="qualified"/>
    </xsd:choice>
  </xsd:complexType>
  <xsd:complexType name="ForeignEstablishedVATSubjectType">
    <xsd:annotation>
      <xsd:documentation>Field to describe a foreign person that is represented in Belgium by an enterprise</xsd:documentation>
    </xsd:annotation>
    <xsd:sequence>
      <xsd:element name="RepresentativeEnterprise" type="EnterpriseNumberType" form="qualified"/>
    </xsd:sequence>
  </xsd:complexType>
  <xsd:complexType name="AckInformationBottomType">
    <xsd:annotation>
      <xsd:documentation>Information to be sent back for acknowledgment for up-down communication (ack from client to server - for notification)</xsd:documentation>
    </xsd:annotation>
    <xsd:sequence>
      <xsd:element name="ReceivedNotificationTimeStamp" type="xsd:dateTime" form="qualified">
        <xsd:annotation>
          <xsd:documentation>The date and time when the notification was recieved by FRNB</xsd:documentation>
        </xsd:annotation>
      </xsd:element>
      <xsd:element name="NotificationAcknowledgmentTimeStamp" type="xsd:dateTime" form="qualified">
        <xsd:annotation>
          <xsd:documentation>The date and time when the notification aknowledgement was send by the FRNB</xsd:documentation>
        </xsd:annotation>
      </xsd:element>
    </xsd:sequence>
  </xsd:complexType>
  <xsd:complexType name="PhysicalPersonEnterpriseType">
    <xsd:sequence>
      <xsd:element name="People" type="RequiredPeopleType" form="qualified">
        <xsd:annotation>
          <xsd:documentation>exists if this party is a natural person</xsd:documentation>
        </xsd:annotation>
      </xsd:element>
      <xsd:element name="Enterprise" type="RequiredEnterpriseType" form="qualified">
        <xsd:annotation>
          <xsd:documentation>exists if this party is an enterprise. info given by de requester</xsd:documentation>
        </xsd:annotation>
      </xsd:element>
      <xsd:element name="Address" type="GeneralAddressType" minOccurs="0" form="qualified"/>
    </xsd:sequence>
  </xsd:complexType>
  <xsd:complexType name="InstitutionNumberType">
    <xsd:annotation>
      <xsd:documentation>The identification number of the notary/bailiff institution</xsd:documentation>
    </xsd:annotation>
    <xsd:sequence>
      <xsd:element name="EnterpriseNumber" type="EnterpriseNumberType" minOccurs="0" form="qualified"/>
      <xsd:element name="OfficeNumber" type="OfficeNumberType" minOccurs="0" form="qualified"/>
    </xsd:sequence>
  </xsd:complexType>
  <xsd:complexType name="InheritageFromType">
    <xsd:annotation>
      <xsd:documentation>Origin of a heritage, should NOT be given to BCSS</xsd:documentation>
    </xsd:annotation>
    <xsd:sequence>
      <xsd:element name="PersonNumber" type="PersonNumberType" minOccurs="0" form="qualified">
        <xsd:annotation>
          <xsd:documentation>Number from the Registre national</xsd:documentation>
        </xsd:annotation>
      </xsd:element>
      <xsd:element name="Name" type="PeopleNameType" minOccurs="0" form="qualified"/>
      <xsd:element name="FirstNames" type="PeopleNameType" minOccurs="0" form="qualified"/>
      <xsd:element name="BirthDate" type="xsd:date" minOccurs="0" form="qualified"/>
      <xsd:element name="BirthPlace" minOccurs="0" form="qualified">
        <xsd:simpleType>
          <xsd:restriction base="xsd:string">
            <xsd:maxLength value="100"/>
          </xsd:restriction>
        </xsd:simpleType>
      </xsd:element>
      <xsd:element name="NonResident" type="xsd:boolean" minOccurs="0" default="false" form="qualified">
        <xsd:annotation>
          <xsd:documentation>True when the person did not reside in Belgium.</xsd:documentation>
        </xsd:annotation>
      </xsd:element>
      <xsd:element name="BCENumber" type="EnterpriseNumberType" minOccurs="0" form="qualified">
        <xsd:annotation>
          <xsd:documentation>Enterprise number from KBO/BCE</xsd:documentation>
        </xsd:annotation>
      </xsd:element>
    </xsd:sequence>
  </xsd:complexType>
  <xsd:complexType name="ConnectedEntityType">
    <xsd:sequence>
      <xsd:element name="ConnectedEntityName" type="xsd:string" form="qualified">
        <xsd:annotation>
          <xsd:documentation>The short name of the connected entity, e.g. Antwerpen, Namur, ... .</xsd:documentation>
        </xsd:annotation>
      </xsd:element>
      <xsd:element name="KBONumber" type="EnterpriseNumberType" form="qualified">
        <xsd:annotation>
          <xsd:documentation>The enterprise number identifying the entity. This is the unique ID of the entity, allowing to differentiate between
                        entities with similar names (e.g. Stad Antwerpen and Provincie Antwerpen)</xsd:documentation>
        </xsd:annotation>
      </xsd:element>
      <xsd:element name="CorrelationId" type="RequestIdType" form="qualified">
        <xsd:annotation>
          <xsd:documentation>Reference of notification</xsd:documentation>
        </xsd:annotation>
      </xsd:element>
      <xsd:element name="NotificationDate" type="xsd:dateTime" form="qualified"/>
    </xsd:sequence>
  </xsd:complexType>
  <xsd:complexType name="FiscalActorType">
    <xsd:annotation>
      <xsd:documentation>Institution issuing the request. This is used when a notification has been sent</xsd:documentation>
    </xsd:annotation>
    <xsd:sequence>
      <xsd:element name="DepartmentNumber" type="DepartmentNumberType" form="qualified">
        <xsd:annotation>
          <xsd:documentation>The Department Number at the CCFF.</xsd:documentation>
        </xsd:annotation>
      </xsd:element>
      <xsd:element name="CorrelationId" type="RequestIdType" form="qualified">
        <xsd:annotation>
          <xsd:documentation>Reference of notification</xsd:documentation>
        </xsd:annotation>
      </xsd:element>
      <xsd:element name="NotificationDate" type="xsd:dateTime" form="qualified"/>
    </xsd:sequence>
  </xsd:complexType>
  <!--Version 2.5.3-->
  <xsd:complexType name="AckInformationTopType">
    <xsd:annotation>
      <xsd:documentation>Information to be sent back for acknowledgment for down-up communication (ack from server
                to client)</xsd:documentation>
    </xsd:annotation>
    <xsd:sequence>
      <xsd:element name="AcknowledgementDate" type="xsd:dateTime">
        <xsd:annotation>
          <xsd:documentation>The date when the ACK was send to the concerned Public Officer. For notice1,tt
                        starts the legal notification period. It can differ from the timereceiverequest date. For
                        notice2, it starts the legal period for SPF FIN</xsd:documentation>
        </xsd:annotation>
      </xsd:element>
      <xsd:element name="TimeReceiveRequest" type="xsd:dateTime" minOccurs="0">
        <xsd:annotation>
          <xsd:documentation>Date and time when the orginial message is received by BCSS or by CCFF.</xsd:documentation>
        </xsd:annotation>
      </xsd:element>
      <xsd:element name="ReceivingInstitutions" type="ReceivingInstitutionsType" minOccurs="0" maxOccurs="unbounded"/>
    </xsd:sequence>
  </xsd:complexType>
  <xsd:complexType name="PartyIDType">
    <xsd:annotation>
      <xsd:documentation>The way to identify a party</xsd:documentation>
    </xsd:annotation>
    <xsd:choice>
      <xsd:element name="PersonNumber" type="PersonNumberType">
        <xsd:annotation>
          <xsd:documentation>Number from Registre national</xsd:documentation>
        </xsd:annotation>
      </xsd:element>
      <xsd:element name="EnterpriseNumber" type="EnterpriseNumberType">
        <xsd:annotation>
          <xsd:documentation>Number from BCE/KBO</xsd:documentation>
        </xsd:annotation>
      </xsd:element>
    </xsd:choice>
  </xsd:complexType>
  <xsd:complexType name="PublicOfficerInterfaceType">
    <xsd:annotation>
      <xsd:documentation>Identification of a Public Officer's</xsd:documentation>
    </xsd:annotation>
    <xsd:choice>
      <xsd:element name="GeneralIdentification" type="GeneralInterfaceType">
        <xsd:annotation>
          <xsd:documentation>ENOT for notary, EFIN for public notaries</xsd:documentation>
        </xsd:annotation>
      </xsd:element>
      <xsd:element name="SectorIdentification" type="SectorIdentificationType"/>
    </xsd:choice>
  </xsd:complexType>
  <xsd:simpleType name="SectorIdentificationType">
    <xsd:annotation>
      <xsd:documentation>identification code from BCSS for that sector</xsd:documentation>
    </xsd:annotation>
    <xsd:restriction base="xsd:int">
      <xsd:minInclusive value="0"/>
      <xsd:maxInclusive value="999"/>
    </xsd:restriction>
  </xsd:simpleType>
  <xsd:complexType name="ReceivingInstitutionsType">
    <xsd:annotation>
      <xsd:documentation>The list of Public Actors that received the original message. When the list is empty, the party is UNKNOWN by the sector.</xsd:documentation>
    </xsd:annotation>
    <xsd:sequence>
      <xsd:element name="KBONumber" type="EnterpriseNumberType">
        <xsd:annotation>
          <xsd:documentation>The enterprise number of the institution.</xsd:documentation>
        </xsd:annotation>
      </xsd:element>
      <xsd:element name="InstitutionName" type="InstitutionNameType">
        <xsd:annotation>
          <xsd:documentation>The name of the institution.</xsd:documentation>
        </xsd:annotation>
      </xsd:element>
      <xsd:element name="Address" type="BelgianAddressType"/>
    </xsd:sequence>
  </xsd:complexType>
</xsd:schema>]]></con:content><con:type>http://www.w3.org/2001/XMLSchema</con:type></con:part><con:part><con:url>file:/home/ebarbieux/Dev/fidus/fourthwaytransactionservice_1.0/FourthWayTransactionServiceGateway/src/main/resources/wsdl/fourthWayTransactionService/1.0.0/XMLSchema/notificationAck.xsd</con:url><con:content><![CDATA[<xsd:schema targetNamespace="http://fsb.belgium.be/fourthway/v2/NotificationAck" xmlns:xsd="http://www.w3.org/2001/XMLSchema" xmlns:common="http://fsb.belgium.be/fourthway/v2/Common" xmlns="http://fsb.belgium.be/fourthway/v2/NotificationAck">
  <xsd:import namespace="http://fsb.belgium.be/fourthway/v2/Common" schemaLocation="common.xsd"/>
  <xsd:element name="NotificationAckRequest">
    <xsd:annotation>
      <xsd:documentation>Message send to the FSB by a public officer when a transaction occurs.</xsd:documentation>
    </xsd:annotation>
    <xsd:complexType>
      <xsd:sequence>
        <xsd:element name="RequestData" type="NotificationAckRequestDataType" form="qualified">
          <xsd:annotation>
            <xsd:documentation>Business part of the Request</xsd:documentation>
          </xsd:annotation>
        </xsd:element>
        <xsd:element name="RequestContext" type="common:requestContextType" form="qualified">
          <xsd:annotation>
            <xsd:documentation>Required by FSB for routing and supervision purpose.</xsd:documentation>
          </xsd:annotation>
        </xsd:element>
      </xsd:sequence>
      <xsd:attribute name="Version" type="xsd:decimal" fixed="2.5" use="required"/>
    </xsd:complexType>
  </xsd:element>
  <xsd:element name="NotificationAckResponse">
    <xsd:annotation>
      <xsd:documentation>The synchronous answer returned by the FSB</xsd:documentation>
    </xsd:annotation>
    <xsd:complexType>
      <xsd:sequence>
        <xsd:element name="ResponseData" type="common:GeneralResponseDataType" form="qualified"/>
        <xsd:element name="ResponseStatus" type="common:statusType" form="qualified">
          <xsd:annotation>
            <xsd:documentation>Returned status</xsd:documentation>
          </xsd:annotation>
        </xsd:element>
      </xsd:sequence>
    </xsd:complexType>
  </xsd:element>
  <xsd:complexType name="NotificationAckRequestDataType">
    <xsd:sequence>
      <xsd:element name="RequestId" type="common:RequestIdType" form="qualified"/>
      <xsd:element name="Origin" type="common:GeneralInterfaceType" form="qualified"/>
      <xsd:element name="Destination" type="common:DestinationType" form="qualified"/>
      <xsd:element name="ProcedureNumber" type="common:ProcedureNumberType" form="qualified">
        <xsd:annotation>
          <xsd:documentation>The procedure number attributed to the notice1 by the public officer and mentioned in any subsequent message related to that procedure</xsd:documentation>
        </xsd:annotation>
      </xsd:element>
      <xsd:element name="Sender" type="common:SenderType" form="qualified">
        <xsd:annotation>
          <xsd:documentation>Identifies the institution sending this acknowledgement message</xsd:documentation>
        </xsd:annotation>
      </xsd:element>
      <xsd:element name="AckInformation" type="common:AckInformationBottomType" form="qualified"/>
    </xsd:sequence>
  </xsd:complexType>
</xsd:schema>]]></con:content><con:type>http://www.w3.org/2001/XMLSchema</con:type></con:part><con:part><con:url>file:/home/ebarbieux/Dev/fidus/fourthwaytransactionservice_1.0/FourthWayTransactionServiceGateway/src/main/resources/wsdl/fourthWayTransactionService/1.0.0/XMLSchema/technicalacknowledgement.xsd</con:url><con:content><![CDATA[<!--edited with XMLSpy v2010 (http://www.altova.com) by Johan Schurgers (I8C)-->
<xs:schema targetNamespace="http://fsb.belgium.be/FourthWayServices/technicalack" elementFormDefault="qualified" attributeFormDefault="unqualified" version="1.0.3" xmlns:xs="http://www.w3.org/2001/XMLSchema" xmlns:tecac="http://fsb.belgium.be/FourthWayServices/technicalack" xmlns:frmsg="http://fsb.belgium.be/FourthWayServices/fourthwaymessage">
  <xs:import namespace="http://fsb.belgium.be/FourthWayServices/fourthwaymessage" schemaLocation="fourthwaymessage.xsd"/>
  <xs:element name="technicalAcknowledgement" type="tecac:technicalAcknowledgementType" substitutionGroup="frmsg:fourthWayMessage">
    <xs:annotation>
      <xs:documentation>Every message has to be validated by the receiving party. When the business content validation is positif an acknowledgement has to be send.</xs:documentation>
    </xs:annotation>
  </xs:element>
  <xs:complexType name="technicalAcknowledgementType">
    <xs:complexContent>
      <xs:extension base="frmsg:FourthWayMessageType"></xs:extension>
    </xs:complexContent>
  </xs:complexType>
</xs:schema>]]></con:content><con:type>http://www.w3.org/2001/XMLSchema</con:type></con:part><con:part><con:url>file:/home/ebarbieux/Dev/fidus/fourthwaytransactionservice_1.0/FourthWayTransactionServiceGateway/src/main/resources/wsdl/fourthWayTransactionService/1.0.0/XMLSchema/fourthwaymessage.xsd</con:url><con:content><![CDATA[<!--edited with XMLSpy v2010 (http://www.altova.com) by Johan Schurgers (I8C)-->
<xs:schema targetNamespace="http://fsb.belgium.be/FourthWayServices/fourthwaymessage" elementFormDefault="qualified" attributeFormDefault="unqualified" version="1.0.3" xmlns:xs="http://www.w3.org/2001/XMLSchema" xmlns:frmsg="http://fsb.belgium.be/FourthWayServices/fourthwaymessage" xmlns:ddn="http://fsb.belgium.be/FourthWayServices/debtdeficitnotification" xmlns:dnn="http://fsb.belgium.be/FourthWayServices/debtnotification" xmlns:dbtsi="http://fsb.belgium.be/FourthWayServices/debtinquiry" xmlns:tecac="http://fsb.belgium.be/FourthWayServices/technicalack" xmlns:funac="http://fsb.belgium.be/FourthWayServices/functionalack" xmlns:bet="http://fsb.belgium.be/FourthWayServices/businesserror">
  <xs:import namespace="http://fsb.belgium.be/FourthWayServices/businesserror" schemaLocation="businesserror.xsd"/>
  <xs:import namespace="http://fsb.belgium.be/FourthWayServices/functionalack" schemaLocation="functionalacknowledgement.xsd"/>
  <xs:import namespace="http://fsb.belgium.be/FourthWayServices/debtinquiry" schemaLocation="debtinquiry.xsd"/>
  <xs:import namespace="http://fsb.belgium.be/FourthWayServices/debtnotification" schemaLocation="debtnotification.xsd"/>
  <xs:import namespace="http://fsb.belgium.be/FourthWayServices/debtdeficitnotification" schemaLocation="debtdeficitnotification.xsd"/>
  <xs:import namespace="http://fsb.belgium.be/FourthWayServices/technicalack" schemaLocation="technicalacknowledgement.xsd"/>
  <xs:element name="fourthWayMessage" type="frmsg:FourthWayMessageType" abstract="true"/>
  <xs:complexType name="FourthWayMessageType" abstract="true"/>
</xs:schema>]]></con:content><con:type>http://www.w3.org/2001/XMLSchema</con:type></con:part><con:part><con:url>file:/home/ebarbieux/Dev/fidus/fourthwaytransactionservice_1.0/FourthWayTransactionServiceGateway/src/main/resources/wsdl/fourthWayTransactionService/1.0.0/XMLSchema/businesserror.xsd</con:url><con:content><![CDATA[<!--edited with XMLSpy v2010 (http://www.altova.com) by Johan Schurgers (I8C)-->
<xs:schema targetNamespace="http://fsb.belgium.be/FourthWayServices/businesserror" elementFormDefault="qualified" attributeFormDefault="unqualified" version="1.0.3" xmlns:xs="http://www.w3.org/2001/XMLSchema" xmlns:bet="http://fsb.belgium.be/FourthWayServices/businesserror" xmlns:err="http://fsb.belgium.be/FourthWayServices/error" xmlns:frmsg="http://fsb.belgium.be/FourthWayServices/fourthwaymessage" xmlns:dts="http://fsb.belgium.be/FourthWayServices/common/datatypes">
  <xs:import namespace="http://fsb.belgium.be/FourthWayServices/error" schemaLocation="error.xsd"/>
  <xs:import namespace="http://fsb.belgium.be/FourthWayServices/fourthwaymessage" schemaLocation="fourthwaymessage.xsd"/>
  <xs:import namespace="http://fsb.belgium.be/FourthWayServices/common/datatypes" schemaLocation="datatypes.xsd"/>
  <xs:element name="businessError" type="bet:BusinessErrorType" substitutionGroup="frmsg:fourthWayMessage">
    <xs:annotation>
      <xs:documentation>The answer when the business content validation finds errors. Opposite of the functional ACK</xs:documentation>
    </xs:annotation>
  </xs:element>
  <xs:complexType name="MessageReferenceType">
    <xs:sequence>
      <xs:element ref="dts:procedureID" minOccurs="0"/>
      <xs:element ref="dts:origin"/>
      <xs:element name="correlationID" type="dts:UuidType" minOccurs="0">
        <xs:annotation>
          <xs:documentation>This correlationID is the same as in the header. This correlationID binds the response to the request.</xs:documentation>
        </xs:annotation>
      </xs:element>
      <xs:element name="messageReferenceNumber" type="xs:string" minOccurs="0">
        <xs:annotation>
          <xs:documentation>Reference number to the message this acknowledgement is a response on.</xs:documentation>
        </xs:annotation>
      </xs:element>
    </xs:sequence>
  </xs:complexType>
  <xs:complexType name="BusinessErrorType">
    <xs:complexContent>
      <xs:extension base="frmsg:FourthWayMessageType">
        <xs:sequence>
          <xs:element ref="err:error"/>
          <xs:element name="messageIdentification" type="bet:MessageReferenceType">
            <xs:annotation>
              <xs:documentation>Data used to link a businesserror to the original message that was send.</xs:documentation>
            </xs:annotation>
          </xs:element>
        </xs:sequence>
      </xs:extension>
    </xs:complexContent>
  </xs:complexType>
</xs:schema>]]></con:content><con:type>http://www.w3.org/2001/XMLSchema</con:type></con:part><con:part><con:url>file:/home/ebarbieux/Dev/fidus/fourthwaytransactionservice_1.0/FourthWayTransactionServiceGateway/src/main/resources/wsdl/fourthWayTransactionService/1.0.0/XMLSchema/error.xsd</con:url><con:content><![CDATA[<!--edited with XMLSpy v2010 (http://www.altova.com) by Johan Schurgers (I8C)-->
<xs:schema targetNamespace="http://fsb.belgium.be/FourthWayServices/error" elementFormDefault="qualified" attributeFormDefault="unqualified" version="1.0" xmlns:xs="http://www.w3.org/2001/XMLSchema" xmlns:err="http://fsb.belgium.be/FourthWayServices/error">
  <xs:complexType name="ErrorType">
    <xs:sequence>
      <xs:element name="code" type="xs:string">
        <xs:annotation>
          <xs:documentation>Error code as described in the documentation. This code should exist in the documentation available to all partners.</xs:documentation>
        </xs:annotation>
      </xs:element>
      <xs:element name="dateTime" type="xs:dateTime" minOccurs="0">
        <xs:annotation>
          <xs:documentation>Date and time when the error occured.</xs:documentation>
        </xs:annotation>
      </xs:element>
      <xs:element name="description" type="xs:string">
        <xs:annotation>
          <xs:documentation>Description of the error. A textual description of the error with enough detail to make it possible to understand the error by all partners.</xs:documentation>
        </xs:annotation>
      </xs:element>
      <xs:element name="errorCause" type="err:ErrorType" minOccurs="0">
        <xs:annotation>
          <xs:documentation>When a error is caused by another error a stacktrace should be filled in.</xs:documentation>
        </xs:annotation>
      </xs:element>
    </xs:sequence>
  </xs:complexType>
  <xs:element name="bussinessError">
    <xs:annotation>
      <xs:documentation>Every message has to be validated by the receiving party. When the business content validation is negatif a bussiness error has to be send.</xs:documentation>
    </xs:annotation>
    <xs:complexType>
      <xs:sequence>
        <xs:element ref="err:error" maxOccurs="unbounded"/>
      </xs:sequence>
    </xs:complexType>
  </xs:element>
  <xs:element name="error" type="err:ErrorType">
    <xs:annotation>
      <xs:documentation>Businesserror description as found in the documentation</xs:documentation>
    </xs:annotation>
  </xs:element>
</xs:schema>]]></con:content><con:type>http://www.w3.org/2001/XMLSchema</con:type></con:part><con:part><con:url>file:/home/ebarbieux/Dev/fidus/fourthwaytransactionservice_1.0/FourthWayTransactionServiceGateway/src/main/resources/wsdl/fourthWayTransactionService/1.0.0/XMLSchema/datatypes.xsd</con:url><con:content><![CDATA[<!--edited with XMLSpy v2010 (http://www.altova.com) by Johan Schurgers (I8C)-->
<xs:schema targetNamespace="http://fsb.belgium.be/FourthWayServices/common/datatypes" elementFormDefault="qualified" attributeFormDefault="unqualified" version="1.0.3" xmlns:xs="http://www.w3.org/2001/XMLSchema" xmlns:dts="http://fsb.belgium.be/FourthWayServices/common/datatypes">
  <xs:simpleType name="CurrencyAmountType">
    <xs:restriction base="xs:decimal">
      <xs:fractionDigits value="2"/>
    </xs:restriction>
  </xs:simpleType>
  <xs:simpleType name="UuidType">
    <xs:restriction base="xs:string">
      <xs:pattern value="[A-Fa-f0-9]{32}|(\{|\()?[A-Fa-f0-9]{8}-([A-Fa-f0-9]{4}-){3}[A-Fa-f0-9]{12}(\}|\))?"/>
    </xs:restriction>
  </xs:simpleType>
  <xs:complexType name="PeriodType">
    <xs:annotation>
      <xs:documentation>A period of time between a startdate and an enddate</xs:documentation>
    </xs:annotation>
    <xs:sequence>
      <xs:element name="startDate" minOccurs="0">
        <xs:simpleType>
          <xs:restriction base="xs:date"/>
        </xs:simpleType>
      </xs:element>
      <xs:element name="endDate" minOccurs="0">
        <xs:simpleType>
          <xs:restriction base="xs:date"/>
        </xs:simpleType>
      </xs:element>
    </xs:sequence>
  </xs:complexType>
  <xs:complexType name="EntityReferenceType">
    <xs:sequence>
      <xs:element name="source" type="xs:string">
        <xs:annotation>
          <xs:documentation>The source used. KBO, BIS, ...</xs:documentation>
        </xs:annotation>
      </xs:element>
      <xs:element name="entityID" maxOccurs="unbounded">
        <xs:annotation>
          <xs:documentation>The actual reference to a business entity. This should be a unique key to identify the entity more in dept when consulting the source. Several unique keys are possible when they can be found in the same source.</xs:documentation>
        </xs:annotation>
        <xs:complexType>
          <xs:simpleContent>
            <xs:extension base="xs:string">
              <xs:attribute name="type" type="xs:string" use="required">
                <xs:annotation>
                  <xs:documentation>Type of businessvalue. For ex. KBO nr, National number, ...</xs:documentation>
                </xs:annotation>
              </xs:attribute>
            </xs:extension>
          </xs:simpleContent>
        </xs:complexType>
      </xs:element>
      <xs:element name="enquireDate" type="xs:dateTime" minOccurs="0">
        <xs:annotation>
          <xs:documentation>Date when to entityID was found in the source. This is used to ensure two parties can comunnicate with the most current data but also the historic data.</xs:documentation>
        </xs:annotation>
      </xs:element>
    </xs:sequence>
  </xs:complexType>
  <xs:complexType name="ExtensionType">
    <xs:sequence>
      <xs:element name="extension" maxOccurs="unbounded">
        <xs:annotation>
          <xs:documentation>Multiple values KEY-VALUE pairs are possible as extension.</xs:documentation>
        </xs:annotation>
        <xs:complexType>
          <xs:sequence>
            <xs:element name="key">
              <xs:annotation>
                <xs:documentation>The key is an aggreed convention between two parties. The key can only contain upper case leters without any spaces.</xs:documentation>
              </xs:annotation>
              <xs:simpleType>
                <xs:restriction base="xs:string">
                  <xs:pattern value="([a-zA-Z])*"/>
                </xs:restriction>
              </xs:simpleType>
            </xs:element>
            <xs:element name="value" type="xs:string">
              <xs:annotation>
                <xs:documentation>The value should contain the business value in correspondence with the key.</xs:documentation>
              </xs:annotation>
            </xs:element>
          </xs:sequence>
        </xs:complexType>
      </xs:element>
    </xs:sequence>
  </xs:complexType>
  <xs:complexType name="OpenDateType">
    <xs:sequence>
      <xs:element name="year" nillable="true">
        <xs:annotation>
          <xs:documentation>year otherwise explicit NULL required</xs:documentation>
        </xs:annotation>
        <xs:simpleType>
          <xs:restriction base="xs:string">
            <xs:length value="4"/>
            <xs:pattern value="[1-3][0-9][0-9][0-9]"/>
          </xs:restriction>
        </xs:simpleType>
      </xs:element>
      <xs:element name="month" nillable="true">
        <xs:annotation>
          <xs:documentation>month when known range 1-12 otherwise explicit NULL required</xs:documentation>
        </xs:annotation>
        <xs:simpleType>
          <xs:restriction base="xs:integer">
            <xs:minInclusive value="1"/>
            <xs:maxInclusive value="12"/>
          </xs:restriction>
        </xs:simpleType>
      </xs:element>
      <xs:element name="day" nillable="true">
        <xs:annotation>
          <xs:documentation>month when known range 1-31 otherwise explicit NULL required</xs:documentation>
        </xs:annotation>
        <xs:simpleType>
          <xs:restriction base="xs:integer">
            <xs:minInclusive value="1"/>
            <xs:maxInclusive value="31"/>
          </xs:restriction>
        </xs:simpleType>
      </xs:element>
    </xs:sequence>
  </xs:complexType>
  <xs:complexType name="PartyRelationshipType">
    <xs:sequence>
      <xs:element name="relationship" maxOccurs="unbounded">
        <xs:complexType>
          <xs:sequence>
            <xs:element name="partyID" type="xs:string">
              <xs:annotation>
                <xs:documentation>PartyID is a reference to the party ID contained in the party information.</xs:documentation>
              </xs:annotation>
            </xs:element>
            <xs:element name="relationshipType" type="xs:string">
              <xs:annotation>
                <xs:documentation>What kind of relationship is there between the party and the related, ex. OWNER, HEIR, ...</xs:documentation>
              </xs:annotation>
            </xs:element>
            <xs:element name="relatedID" type="xs:string">
              <xs:annotation>
                <xs:documentation>To what ID is the party related? This can be a party ID or a good ID. When the subject is an inheritance the relationship is not to the inheritance but to the deceased person.</xs:documentation>
              </xs:annotation>
            </xs:element>
            <xs:element name="fraction" minOccurs="0">
              <xs:annotation>
                <xs:documentation>When several parties are owner of the same good that is being sold. Or when a several parties have different rights to the inheritance of another party, the fraction can be given.</xs:documentation>
              </xs:annotation>
              <xs:complexType>
                <xs:sequence>
                  <xs:element name="numerator" type="xs:int"/>
                  <xs:element name="denominator" type="xs:int"/>
                </xs:sequence>
              </xs:complexType>
            </xs:element>
          </xs:sequence>
        </xs:complexType>
      </xs:element>
    </xs:sequence>
  </xs:complexType>
  <xs:complexType name="NameType">
    <xs:sequence>
      <xs:element name="firstName" type="xs:string" minOccurs="0" maxOccurs="unbounded">
        <xs:annotation>
          <xs:documentation>All legal firstnames known</xs:documentation>
        </xs:annotation>
      </xs:element>
      <xs:element name="lastName" type="xs:string" maxOccurs="unbounded">
        <xs:annotation>
          <xs:documentation>All legal lastnames known</xs:documentation>
        </xs:annotation>
      </xs:element>
      <xs:element name="usedFirstName" type="xs:string" minOccurs="0">
        <xs:annotation>
          <xs:documentation>commonly used first name</xs:documentation>
        </xs:annotation>
      </xs:element>
    </xs:sequence>
  </xs:complexType>
  <xs:complexType name="PartnerType">
    <xs:sequence>
      <xs:element name="partner" type="xs:string">
        <xs:annotation>
          <xs:documentation>Partner identifier as defined in the list of possible partners ex. MINFIN, VLABEL, ...</xs:documentation>
        </xs:annotation>
      </xs:element>
      <xs:element name="description" type="xs:string" minOccurs="0">
        <xs:annotation>
          <xs:documentation>Description off the partner used for support. ex. Ministry of finance, Flemish tax office</xs:documentation>
        </xs:annotation>
      </xs:element>
      <xs:element name="partnerCode" nillable="true">
        <xs:annotation>
          <xs:documentation>Code to be used for routing within the social security. This will be a unique identifier of the partner.</xs:documentation>
        </xs:annotation>
        <xs:complexType>
          <xs:simpleContent>
            <xs:extension base="xs:string">
              <xs:attribute name="codeType" type="xs:string">
                <xs:annotation>
                  <xs:documentation>Type of code as found in description ex. CRESTRA, KBO, ...</xs:documentation>
                </xs:annotation>
              </xs:attribute>
            </xs:extension>
          </xs:simpleContent>
        </xs:complexType>
      </xs:element>
    </xs:sequence>
  </xs:complexType>
  <xs:complexType name="DestinationType">
    <xs:sequence>
      <xs:element name="destination" maxOccurs="unbounded">
        <xs:annotation>
          <xs:documentation>Several destination are possible for each message.</xs:documentation>
        </xs:annotation>
        <xs:complexType>
          <xs:complexContent>
            <xs:extension base="dts:PartnerType">
              <xs:sequence minOccurs="0">
                <xs:element name="destinationChain" type="dts:DestinationType">
                  <xs:annotation>
                    <xs:documentation>Every destination has several hops. When the ops are known  all hops should be described. When sending a response to a message. The hops described in the origin are the minimum that should be given.</xs:documentation>
                  </xs:annotation>
                </xs:element>
              </xs:sequence>
            </xs:extension>
          </xs:complexContent>
        </xs:complexType>
      </xs:element>
    </xs:sequence>
  </xs:complexType>
  <xs:complexType name="OriginType">
    <xs:sequence>
      <xs:element name="origin" type="dts:PartnerType">
        <xs:annotation>
          <xs:documentation>The orgin of the message.</xs:documentation>
        </xs:annotation>
      </xs:element>
      <xs:sequence minOccurs="0">
        <xs:element name="originChain" type="dts:OriginType">
          <xs:annotation>
            <xs:documentation>Every origin has several hops. When the hops are known  all hops should be described. When sending a response to a message the sender will use the original origin in the response to compose the destination</xs:documentation>
          </xs:annotation>
        </xs:element>
      </xs:sequence>
    </xs:sequence>
  </xs:complexType>
  <xs:element name="entityReference" type="dts:EntityReferenceType">
    <xs:annotation>
      <xs:documentation>Reference of a business value in a authentic source</xs:documentation>
    </xs:annotation>
  </xs:element>
  <xs:element name="extensions" type="dts:ExtensionType"/>
  <xs:element name="openDate" type="dts:OpenDateType"/>
  <xs:element name="procedureID" type="dts:UuidType">
    <xs:annotation>
      <xs:documentation>Procedure identification of the case. This ID will link all messages about a case to eachother.</xs:documentation>
    </xs:annotation>
  </xs:element>
  <xs:element name="uuid" type="dts:UuidType"/>
  <xs:element name="partyRelationship" type="dts:PartyRelationshipType">
    <xs:annotation>
      <xs:documentation>Parties are identified only once. To link a party to another party or to a good a relationship should be made using the good or party ID.</xs:documentation>
    </xs:annotation>
  </xs:element>
  <xs:element name="name" type="dts:NameType"/>
  <xs:element name="origin" type="dts:OriginType">
    <xs:annotation>
      <xs:documentation>Origin of a message. Who has created this message and the following known hops. This should be filled in with as much detail as possible. When a response to a message has to be send, the sender should be able to reverse the origin to create a destination.</xs:documentation>
    </xs:annotation>
  </xs:element>
  <xs:element name="destinations" type="dts:DestinationType"/>
  <xs:element name="referencePeriod" type="dts:PeriodType">
    <xs:annotation>
      <xs:documentation>Period concerning</xs:documentation>
    </xs:annotation>
  </xs:element>
</xs:schema>]]></con:content><con:type>http://www.w3.org/2001/XMLSchema</con:type></con:part><con:part><con:url>file:/home/ebarbieux/Dev/fidus/fourthwaytransactionservice_1.0/FourthWayTransactionServiceGateway/src/main/resources/wsdl/fourthWayTransactionService/1.0.0/XMLSchema/functionalacknowledgement.xsd</con:url><con:content><![CDATA[<!--edited with XMLSpy v2010 (http://www.altova.com) by Johan Schurgers (I8C)-->
<xs:schema targetNamespace="http://fsb.belgium.be/FourthWayServices/functionalack" elementFormDefault="qualified" attributeFormDefault="unqualified" version="1.0.3" xmlns:xs="http://www.w3.org/2001/XMLSchema" xmlns:funac="http://fsb.belgium.be/FourthWayServices/functionalack" xmlns:aki="http://fsb.belgium.be/FourthWayServices/acknowledgementinformation" xmlns:frmsg="http://fsb.belgium.be/FourthWayServices/fourthwaymessage">
  <xs:import namespace="http://fsb.belgium.be/FourthWayServices/acknowledgementinformation" schemaLocation="acknowledgementinformation.xsd"/>
  <xs:import namespace="http://fsb.belgium.be/FourthWayServices/fourthwaymessage" schemaLocation="fourthwaymessage.xsd"/>
  <xs:element name="functionalAcknowledgement" type="funac:FunctionalAcknowledgementType" substitutionGroup="frmsg:fourthWayMessage">
    <xs:annotation>
      <xs:documentation>Every message has to be validated by the receiving party. When the business content validation is positif an acknowledgement has to be send.</xs:documentation>
    </xs:annotation>
  </xs:element>
  <xs:complexType name="FunctionalAcknowledgementType">
    <xs:complexContent>
      <xs:extension base="frmsg:FourthWayMessageType">
        <xs:sequence>
          <xs:element ref="aki:acknowledgementInformation"/>
        </xs:sequence>
      </xs:extension>
    </xs:complexContent>
  </xs:complexType>
</xs:schema>]]></con:content><con:type>http://www.w3.org/2001/XMLSchema</con:type></con:part><con:part><con:url>file:/home/ebarbieux/Dev/fidus/fourthwaytransactionservice_1.0/FourthWayTransactionServiceGateway/src/main/resources/wsdl/fourthWayTransactionService/1.0.0/XMLSchema/acknowledgementinformation.xsd</con:url><con:content><![CDATA[<!--edited with XMLSpy v2010 (http://www.altova.com) by Johan Schurgers (I8C)-->
<xs:schema targetNamespace="http://fsb.belgium.be/FourthWayServices/acknowledgementinformation" elementFormDefault="qualified" attributeFormDefault="unqualified" version="1.0" xmlns:xs="http://www.w3.org/2001/XMLSchema" xmlns:aki="http://fsb.belgium.be/FourthWayServices/acknowledgementinformation" xmlns:hdr="http://fsb.belgium.be/FourthWayServices/header" xmlns:dts="http://fsb.belgium.be/FourthWayServices/common/datatypes">
  <xs:import namespace="http://fsb.belgium.be/FourthWayServices/common/datatypes" schemaLocation="datatypes.xsd"/>
  <xs:complexType name="AcknowledgementInformationType">
    <xs:sequence>
      <xs:element ref="dts:procedureID"/>
      <xs:element name="acknowledgementDate" type="xs:dateTime">
        <xs:annotation>
          <xs:documentation>Date time when the message that was received is being acknowledged. This acknowledgement is the start of the legal response time in case of a debt inquiry.</xs:documentation>
        </xs:annotation>
      </xs:element>
      <xs:element name="receiptDate" type="xs:dateTime">
        <xs:annotation>
          <xs:documentation>Date and time when the message that is being acknowledged arrived at the system of the acknowledging partner.</xs:documentation>
        </xs:annotation>
      </xs:element>
      <xs:element ref="dts:origin"/>
      <xs:element name="status" type="xs:string" minOccurs="0">
        <xs:annotation>
          <xs:documentation>Used to communicate an intermediate or final state of a case. For example when a case will never result in a notification it's possible to give this response immediately in the status.</xs:documentation>
        </xs:annotation>
      </xs:element>
      <xs:element name="correlationID" type="dts:UuidType">
        <xs:annotation>
          <xs:documentation>This correlationID is the same as in the header. This correlationID binds the response to the request.</xs:documentation>
        </xs:annotation>
      </xs:element>
      <xs:element name="messageReferenceNumber" type="xs:string">
        <xs:annotation>
          <xs:documentation>Reference number to the message this acknowledgement is a response on.</xs:documentation>
        </xs:annotation>
      </xs:element>
    </xs:sequence>
  </xs:complexType>
  <xs:element name="acknowledgementInformation" type="aki:AcknowledgementInformationType"/>
</xs:schema>]]></con:content><con:type>http://www.w3.org/2001/XMLSchema</con:type></con:part><con:part><con:url>file:/home/ebarbieux/Dev/fidus/fourthwaytransactionservice_1.0/FourthWayTransactionServiceGateway/src/main/resources/wsdl/fourthWayTransactionService/1.0.0/XMLSchema/debtinquiry.xsd</con:url><con:content><![CDATA[<!--edited with XMLSpy v2010 (http://www.altova.com) by Johan Schurgers (I8C)-->
<xs:schema targetNamespace="http://fsb.belgium.be/FourthWayServices/debtinquiry" elementFormDefault="qualified" attributeFormDefault="unqualified" version="1.0.3" xmlns:xs="http://www.w3.org/2001/XMLSchema" xmlns:dbtsi="http://fsb.belgium.be/FourthWayServices/debtinquiry" xmlns:dts="http://fsb.belgium.be/FourthWayServices/common/datatypes" xmlns:frmsg="http://fsb.belgium.be/FourthWayServices/fourthwaymessage" xmlns:immotrans="http://fsb.belgium.be/FourthWayServices/immovablegoodtransaction" xmlns:motrans="http://fsb.belgium.be/FourthWayServices/movablegoodtransaction" xmlns:suctrans="http://fsb.belgium.be/FourthWayServices/successiontransaction" xmlns:cin="http://fsb.belgium.be/FourthWayServices/generalcaseinformation" xmlns:pty="http://fsb.belgium.be/FourthWayServices/party" xmlns:lbs="http://fsb.belgium.be/FourthWayServices/legalbase" xmlns:tns="http://fsb.belgium.be/FourthWayServices/honorbaseddeclarations" xmlns:tech="http://fsb.belgium.be/FourthWayServices/technical">
  <xs:import namespace="http://fsb.belgium.be/FourthWayServices/common/datatypes" schemaLocation="datatypes.xsd"/>
  <xs:import namespace="http://fsb.belgium.be/FourthWayServices/successiontransaction" schemaLocation="successiontransaction.xsd"/>
  <xs:import namespace="http://fsb.belgium.be/FourthWayServices/movablegoodtransaction" schemaLocation="movablegoodtransaction.xsd"/>
  <xs:import namespace="http://fsb.belgium.be/FourthWayServices/immovablegoodtransaction" schemaLocation="immovablegoodtransaction.xsd"/>
  <xs:import namespace="http://fsb.belgium.be/FourthWayServices/generalcaseinformation" schemaLocation="generalcaseinformation.xsd"/>
  <xs:import namespace="http://fsb.belgium.be/FourthWayServices/party" schemaLocation="party.xsd"/>
  <xs:import namespace="http://fsb.belgium.be/FourthWayServices/legalbase" schemaLocation="legalbase.xsd"/>
  <xs:import namespace="http://fsb.belgium.be/FourthWayServices/honorbaseddeclarations" schemaLocation="honorbaseddeclarations.xsd"/>
  <xs:import namespace="http://fsb.belgium.be/FourthWayServices/fourthwaymessage" schemaLocation="fourthwaymessage.xsd"/>
  <xs:import namespace="http://fsb.belgium.be/FourthWayServices/technical" schemaLocation="technical.xsd"/>
  <xs:element name="debtInquiry" substitutionGroup="frmsg:fourthWayMessage">
    <xs:annotation>
      <xs:documentation>When a public officer has to process a transaction he is obligated to request if there are debts for the parties involved in the transaction.</xs:documentation>
    </xs:annotation>
    <xs:complexType>
      <xs:complexContent>
        <xs:extension base="dbtsi:DebtInquiryType">
          <xs:sequence>
            <xs:element ref="tech:technical" minOccurs="0"/>
          </xs:sequence>
        </xs:extension>
      </xs:complexContent>
    </xs:complexType>
  </xs:element>
  <xs:complexType name="TransactionType">
    <xs:sequence>
      <xs:element name="parties">
        <xs:annotation>
          <xs:documentation>Every party in the transaction that can be subject of the debtinquiry. This also includes the deceased party in an inheritance.</xs:documentation>
        </xs:annotation>
        <xs:complexType>
          <xs:sequence>
            <xs:element ref="pty:party" maxOccurs="unbounded"/>
          </xs:sequence>
        </xs:complexType>
      </xs:element>
      <xs:element ref="tns:honorBasedDeclarations"/>
      <xs:element ref="dts:partyRelationship"/>
      <xs:element name="transactionDetails" minOccurs="0">
        <xs:annotation>
          <xs:documentation>Additional transactioninformation about the case.</xs:documentation>
        </xs:annotation>
        <xs:complexType>
          <xs:sequence>
            <xs:element name="dossierCosts" type="dts:CurrencyAmountType" minOccurs="0"/>
            <xs:element name="vatAlienation" type="xs:boolean" minOccurs="0"/>
            <xs:element name="totalInvolvedParties" type="xs:int" nillable="false" minOccurs="0">
              <xs:annotation>
                <xs:documentation>Total number of parties involved in the case. The deceased person is a involved party in case of an inheritance.</xs:documentation>
              </xs:annotation>
            </xs:element>
            <xs:element name="totalInvolvedGoods" type="xs:int" nillable="true" minOccurs="0">
              <xs:annotation>
                <xs:documentation>Total number of goods involved in the case. Only used in case of an immovable transaction.</xs:documentation>
              </xs:annotation>
            </xs:element>
          </xs:sequence>
        </xs:complexType>
      </xs:element>
      <xs:element ref="dbtsi:transactionInformation"/>
    </xs:sequence>
  </xs:complexType>
  <xs:element name="transaction" type="dbtsi:TransactionType"/>
  <xs:element name="transactionInformation" type="dbtsi:TransactionInformationType" abstract="true">
    <xs:annotation>
      <xs:documentation>Abstract element which is to be substituted with specific criteria.
				The specific criteria are defined in separate schemas.</xs:documentation>
    </xs:annotation>
  </xs:element>
  <xs:complexType name="TransactionInformationType" abstract="true"/>
  <xs:complexType name="DebtInquiryType">
    <xs:complexContent>
      <xs:extension base="frmsg:FourthWayMessageType">
        <xs:sequence>
          <xs:element ref="cin:generalCaseInformation"/>
          <xs:element ref="dbtsi:transaction">
            <xs:annotation>
              <xs:documentation>The base of every case is the transaction that will be concluded at the end of the case.</xs:documentation>
            </xs:annotation>
          </xs:element>
        </xs:sequence>
      </xs:extension>
    </xs:complexContent>
  </xs:complexType>
</xs:schema>]]></con:content><con:type>http://www.w3.org/2001/XMLSchema</con:type></con:part><con:part><con:url>file:/home/ebarbieux/Dev/fidus/fourthwaytransactionservice_1.0/FourthWayTransactionServiceGateway/src/main/resources/wsdl/fourthWayTransactionService/1.0.0/XMLSchema/successiontransaction.xsd</con:url><con:content><![CDATA[<!--edited with XMLSpy v2010 (http://www.altova.com) by Johan Schurgers (I8C)-->
<xs:schema targetNamespace="http://fsb.belgium.be/FourthWayServices/successiontransaction" elementFormDefault="qualified" attributeFormDefault="unqualified" version="1.0" xmlns:xs="http://www.w3.org/2001/XMLSchema" xmlns:dbtsi="http://fsb.belgium.be/FourthWayServices/debtinquiry" xmlns:suctrans="http://fsb.belgium.be/FourthWayServices/successiontransaction" xmlns:ifn="http://fsb.belgium.be/FourthWayServices/inheritanceinformation">
  <xs:import namespace="http://fsb.belgium.be/FourthWayServices/debtinquiry" schemaLocation="debtinquiry.xsd"/>
  <xs:import namespace="http://fsb.belgium.be/FourthWayServices/inheritanceinformation" schemaLocation="inheritanceinformation.xsd"/>
  <xs:element name="successionTransaction" type="suctrans:SuccessionTransactionType" substitutionGroup="dbtsi:transactionInformation"/>
  <xs:complexType name="SuccessionTransactionType">
    <xs:complexContent>
      <xs:extension base="dbtsi:TransactionInformationType">
        <xs:sequence>
          <xs:element ref="ifn:inheritanceInformation"/>
        </xs:sequence>
      </xs:extension>
    </xs:complexContent>
  </xs:complexType>
</xs:schema>]]></con:content><con:type>http://www.w3.org/2001/XMLSchema</con:type></con:part><con:part><con:url>file:/home/ebarbieux/Dev/fidus/fourthwaytransactionservice_1.0/FourthWayTransactionServiceGateway/src/main/resources/wsdl/fourthWayTransactionService/1.0.0/XMLSchema/inheritanceinformation.xsd</con:url><con:content><![CDATA[<!--edited with XMLSpy v2010 (http://www.altova.com) by Johan Schurgers (I8C)-->
<xs:schema targetNamespace="http://fsb.belgium.be/FourthWayServices/inheritanceinformation" elementFormDefault="qualified" attributeFormDefault="unqualified" version="1.0" xmlns:xs="http://www.w3.org/2001/XMLSchema" xmlns:ifn="http://fsb.belgium.be/FourthWayServices/inheritanceinformation">
  <xs:complexType name="InheritanceInformationType">
    <xs:sequence>
      <xs:element name="deceasedPerson" type="xs:string">
        <xs:annotation>
          <xs:documentation>Link to the party ID of the deceased party. Links can only be made with a natural person.</xs:documentation>
        </xs:annotation>
      </xs:element>
    </xs:sequence>
  </xs:complexType>
  <xs:element name="inheritanceInformation" type="ifn:InheritanceInformationType"/>
</xs:schema>]]></con:content><con:type>http://www.w3.org/2001/XMLSchema</con:type></con:part><con:part><con:url>file:/home/ebarbieux/Dev/fidus/fourthwaytransactionservice_1.0/FourthWayTransactionServiceGateway/src/main/resources/wsdl/fourthWayTransactionService/1.0.0/XMLSchema/movablegoodtransaction.xsd</con:url><con:content><![CDATA[<!--edited with XMLSpy v2010 (http://www.altova.com) by Johan Schurgers (I8C)-->
<xs:schema targetNamespace="http://fsb.belgium.be/FourthWayServices/movablegoodtransaction" elementFormDefault="qualified" attributeFormDefault="unqualified" version="1.0" xmlns:xs="http://www.w3.org/2001/XMLSchema" xmlns:dbtsi="http://fsb.belgium.be/FourthWayServices/debtinquiry" xmlns:motrans="http://fsb.belgium.be/FourthWayServices/movablegoodtransaction" xmlns:sfn="http://fsb.belgium.be/FourthWayServices/salesinformation">
  <xs:import namespace="http://fsb.belgium.be/FourthWayServices/debtinquiry" schemaLocation="debtinquiry.xsd"/>
  <xs:import namespace="http://fsb.belgium.be/FourthWayServices/salesinformation" schemaLocation="salesinformation.xsd"/>
  <xs:element name="movableGoodTransaction" type="motrans:MovableGoodTransactionType" substitutionGroup="dbtsi:transactionInformation"/>
  <xs:complexType name="MovableGoodTransactionType">
    <xs:complexContent>
      <xs:extension base="dbtsi:TransactionInformationType">
        <xs:sequence>
          <xs:element ref="sfn:salesInformations"/>
        </xs:sequence>
      </xs:extension>
    </xs:complexContent>
  </xs:complexType>
</xs:schema>]]></con:content><con:type>http://www.w3.org/2001/XMLSchema</con:type></con:part><con:part><con:url>file:/home/ebarbieux/Dev/fidus/fourthwaytransactionservice_1.0/FourthWayTransactionServiceGateway/src/main/resources/wsdl/fourthWayTransactionService/1.0.0/XMLSchema/salesinformation.xsd</con:url><con:content><![CDATA[<!--edited with XMLSpy v2010 (http://www.altova.com) by Johan Schurgers (I8C)-->
<xs:schema targetNamespace="http://fsb.belgium.be/FourthWayServices/salesinformation" elementFormDefault="qualified" attributeFormDefault="unqualified" version="1.0" xmlns:xs="http://www.w3.org/2001/XMLSchema" xmlns:sfn="http://fsb.belgium.be/FourthWayServices/salesinformation" xmlns:dts="http://fsb.belgium.be/FourthWayServices/common/datatypes">
  <xs:import namespace="http://fsb.belgium.be/FourthWayServices/common/datatypes" schemaLocation="datatypes.xsd"/>
  <xs:complexType name="SalesInformationType">
    <xs:sequence>
      <xs:element name="saleDate" type="dts:OpenDateType">
        <xs:annotation>
          <xs:documentation>Date when the deed will be signed. Possibly only the month and year is known but not the precise day.</xs:documentation>
        </xs:annotation>
      </xs:element>
      <xs:element name="salePrice" type="dts:CurrencyAmountType">
        <xs:annotation>
          <xs:documentation>Earnings from the sale. In euro without eurosign.</xs:documentation>
        </xs:annotation>
      </xs:element>
    </xs:sequence>
  </xs:complexType>
  <xs:element name="salesInformations">
    <xs:annotation>
      <xs:documentation>Extra information about the sale. Only when this information is known at the time of the sale.</xs:documentation>
    </xs:annotation>
    <xs:complexType>
      <xs:sequence>
        <xs:element name="salesInformation" maxOccurs="unbounded">
          <xs:annotation>
            <xs:documentation>Information about the sale can be devided between several parties. Otherwise one reference is found</xs:documentation>
          </xs:annotation>
          <xs:complexType>
            <xs:complexContent>
              <xs:extension base="sfn:SalesInformationType">
                <xs:attribute name="salesInformationID" use="required">
                  <xs:annotation>
                    <xs:documentation>Used to reference several sales earnings to different parties. (ex 001)</xs:documentation>
                  </xs:annotation>
                </xs:attribute>
              </xs:extension>
            </xs:complexContent>
          </xs:complexType>
        </xs:element>
      </xs:sequence>
    </xs:complexType>
  </xs:element>
</xs:schema>]]></con:content><con:type>http://www.w3.org/2001/XMLSchema</con:type></con:part><con:part><con:url>file:/home/ebarbieux/Dev/fidus/fourthwaytransactionservice_1.0/FourthWayTransactionServiceGateway/src/main/resources/wsdl/fourthWayTransactionService/1.0.0/XMLSchema/immovablegoodtransaction.xsd</con:url><con:content><![CDATA[<!--edited with XMLSpy v2010 (http://www.altova.com) by Johan Schurgers (I8C)-->
<xs:schema targetNamespace="http://fsb.belgium.be/FourthWayServices/immovablegoodtransaction" elementFormDefault="qualified" attributeFormDefault="unqualified" version="1.0" xmlns:xs="http://www.w3.org/2001/XMLSchema" xmlns:dbtsi="http://fsb.belgium.be/FourthWayServices/debtinquiry" xmlns:immotrans="http://fsb.belgium.be/FourthWayServices/immovablegoodtransaction" xmlns:gdn="http://fsb.belgium.be/FourthWayServices/gooddescription" xmlns:sfn="http://fsb.belgium.be/FourthWayServices/salesinformation">
  <xs:import namespace="http://fsb.belgium.be/FourthWayServices/debtinquiry" schemaLocation="debtinquiry.xsd"/>
  <xs:import namespace="http://fsb.belgium.be/FourthWayServices/salesinformation" schemaLocation="salesinformation.xsd"/>
  <xs:import namespace="http://fsb.belgium.be/FourthWayServices/gooddescription" schemaLocation="gooddescription.xsd"/>
  <xs:element name="immovableGoodTransaction" type="immotrans:ImmovableGoodTransactionType" substitutionGroup="dbtsi:transactionInformation"/>
  <xs:complexType name="ImmovableGoodTransactionType">
    <xs:complexContent>
      <xs:extension base="dbtsi:TransactionInformationType">
        <xs:sequence>
          <xs:element ref="gdn:goodDescription"/>
        </xs:sequence>
      </xs:extension>
    </xs:complexContent>
  </xs:complexType>
</xs:schema>]]></con:content><con:type>http://www.w3.org/2001/XMLSchema</con:type></con:part><con:part><con:url>file:/home/ebarbieux/Dev/fidus/fourthwaytransactionservice_1.0/FourthWayTransactionServiceGateway/src/main/resources/wsdl/fourthWayTransactionService/1.0.0/XMLSchema/gooddescription.xsd</con:url><con:content><![CDATA[<!--edited with XMLSpy v2010 (http://www.altova.com) by Johan Schurgers (I8C)-->
<xs:schema targetNamespace="http://fsb.belgium.be/FourthWayServices/gooddescription" elementFormDefault="qualified" attributeFormDefault="unqualified" version="1.0" xmlns:xs="http://www.w3.org/2001/XMLSchema" xmlns:gdn="http://fsb.belgium.be/FourthWayServices/gooddescription" xmlns:dts="http://fsb.belgium.be/FourthWayServices/common/datatypes" xmlns:propn="http://fsb.belgium.be/FourthWayServices/propertyinformation" xmlns:shpn="http://fsb.belgium.be/FourthWayServices/shipinformation" xmlns:natper="http://fsb.belgium.be/FourthWayServices/naturalperson" xmlns:nnr="http://fsb.belgium.be/FourthWayServices/nonresident">
  <xs:import namespace="http://fsb.belgium.be/FourthWayServices/common/datatypes" schemaLocation="datatypes.xsd"/>
  <xs:import namespace="http://fsb.belgium.be/FourthWayServices/shipinformation" schemaLocation="shipinformation.xsd"/>
  <xs:import namespace="http://fsb.belgium.be/FourthWayServices/propertyinformation" schemaLocation="propertyinformation.xsd"/>
  <xs:import namespace="http://fsb.belgium.be/FourthWayServices/naturalperson" schemaLocation="naturalperson.xsd"/>
  <xs:import namespace="http://fsb.belgium.be/FourthWayServices/nonresident" schemaLocation="nonresident.xsd"/>
  <xs:element name="goodDescription">
    <xs:annotation>
      <xs:documentation>Description of the goods in the transaction. All goods should be identified.</xs:documentation>
    </xs:annotation>
    <xs:complexType>
      <xs:sequence>
        <xs:element name="good" maxOccurs="unbounded">
          <xs:annotation>
            <xs:documentation>Several goods are possible in a transaction. Even when there is only one good involved a number should be given to the good.</xs:documentation>
          </xs:annotation>
          <xs:complexType>
            <xs:sequence>
              <xs:element name="priceEstimation" type="dts:CurrencyAmountType" minOccurs="0">
                <xs:annotation>
                  <xs:documentation>Estimated price of the good in euro without the euro sign. All amounts should be given in EURO</xs:documentation>
                </xs:annotation>
              </xs:element>
              <xs:element name="mortgageSituation" type="xs:string" minOccurs="0">
                <xs:annotation>
                  <xs:documentation>Are there current mortgages on the good that will be sold.</xs:documentation>
                </xs:annotation>
              </xs:element>
              <xs:element name="acquisitionDate" type="dts:OpenDateType" minOccurs="0">
                <xs:annotation>
                  <xs:documentation>When was the good bought. When the date is not clear a nearby estimate is required. When the data is done by conversion the date can be found in the field acquisition mode</xs:documentation>
                </xs:annotation>
              </xs:element>
              <xs:element name="acquisitionMode" type="xs:string" minOccurs="0">
                <xs:annotation>
                  <xs:documentation>How was the good accuired? Inherited, bought, ... When the data is done by conversion the acquistion mode will be combined with the acquisition date</xs:documentation>
                </xs:annotation>
              </xs:element>
              <xs:element name="inheritedFrom" type="natper:NaturalPersonType" minOccurs="0">
                <xs:annotation>
                  <xs:documentation>When the acquisition mode is inheritance, the description of the person who the property was inherited from is needed.</xs:documentation>
                </xs:annotation>
              </xs:element>
              <xs:element ref="nnr:nonResident" minOccurs="0"/>
              <xs:choice>
                <xs:element ref="propn:propertyInformation"/>
                <xs:element ref="shpn:shipInformation"/>
              </xs:choice>
            </xs:sequence>
            <xs:attribute name="goodNumber" type="xs:string" use="required">
              <xs:annotation>
                <xs:documentation>Number of the good. This number will be used to link the good to a specific party, or in following messages. The form that is used: 001, 002, 003</xs:documentation>
              </xs:annotation>
            </xs:attribute>
          </xs:complexType>
        </xs:element>
      </xs:sequence>
    </xs:complexType>
  </xs:element>
</xs:schema>]]></con:content><con:type>http://www.w3.org/2001/XMLSchema</con:type></con:part><con:part><con:url>file:/home/ebarbieux/Dev/fidus/fourthwaytransactionservice_1.0/FourthWayTransactionServiceGateway/src/main/resources/wsdl/fourthWayTransactionService/1.0.0/XMLSchema/shipinformation.xsd</con:url><con:content><![CDATA[<!--edited with XMLSpy v2010 (http://www.altova.com) by Johan Schurgers (I8C)-->
<xs:schema targetNamespace="http://fsb.belgium.be/FourthWayServices/shipinformation" elementFormDefault="qualified" attributeFormDefault="unqualified" version="1.0" xmlns:xs="http://www.w3.org/2001/XMLSchema" xmlns:shpn="http://fsb.belgium.be/FourthWayServices/shipinformation" xmlns:addn="http://fsb.belgium.be/FourthWayServices/common/addressinformation" xmlns:dts="http://fsb.belgium.be/FourthWayServices/common/datatypes">
  <xs:import namespace="http://fsb.belgium.be/FourthWayServices/common/addressinformation" schemaLocation="addressinformation.xsd"/>
  <xs:import namespace="http://fsb.belgium.be/FourthWayServices/common/datatypes" schemaLocation="datatypes.xsd"/>
  <xs:complexType name="ShipInformationType">
    <xs:sequence>
      <xs:element name="name" type="xs:string" nillable="false">
        <xs:annotation>
          <xs:documentation>Official name of the ship</xs:documentation>
        </xs:annotation>
      </xs:element>
      <xs:element name="placeOfConstruction" type="xs:string" nillable="false">
        <xs:annotation>
          <xs:documentation>Where was the ship build according to offical records</xs:documentation>
        </xs:annotation>
      </xs:element>
      <xs:element name="dateOfConstruction" type="dts:OpenDateType">
        <xs:annotation>
          <xs:documentation>Date of construction of the ship. When the exact date can not be found the estimate is needed.</xs:documentation>
        </xs:annotation>
      </xs:element>
      <xs:element name="dimensions" type="xs:string" nillable="false">
        <xs:annotation>
          <xs:documentation>Dimensions of the ship with the dimension descriptor included.</xs:documentation>
        </xs:annotation>
      </xs:element>
      <xs:element name="weight" type="xs:string" nillable="false">
        <xs:annotation>
          <xs:documentation>Weight of the ship with the kg or ton annotation included</xs:documentation>
        </xs:annotation>
      </xs:element>
      <xs:element name="engine" type="xs:string" nillable="false">
        <xs:annotation>
          <xs:documentation>Engine description of the ship</xs:documentation>
        </xs:annotation>
      </xs:element>
      <xs:element name="numberOfMortgages" type="xs:int" nillable="false">
        <xs:annotation>
          <xs:documentation>Open mortgages on the ship at the time of the inquiry</xs:documentation>
        </xs:annotation>
      </xs:element>
    </xs:sequence>
  </xs:complexType>
  <xs:element name="shipInformation" type="shpn:ShipInformationType">
    <xs:annotation>
      <xs:documentation>Realestate information about a ship. As found in the official documentation of the ship.</xs:documentation>
    </xs:annotation>
  </xs:element>
</xs:schema>]]></con:content><con:type>http://www.w3.org/2001/XMLSchema</con:type></con:part><con:part><con:url>file:/home/ebarbieux/Dev/fidus/fourthwaytransactionservice_1.0/FourthWayTransactionServiceGateway/src/main/resources/wsdl/fourthWayTransactionService/1.0.0/XMLSchema/addressinformation.xsd</con:url><con:content><![CDATA[<!--edited with XMLSpy v2010 (http://www.altova.com) by Johan Schurgers (I8C)-->
<xs:schema targetNamespace="http://fsb.belgium.be/FourthWayServices/common/addressinformation" elementFormDefault="qualified" attributeFormDefault="unqualified" version="1.0" xmlns:xs="http://www.w3.org/2001/XMLSchema" xmlns:addn="http://fsb.belgium.be/FourthWayServices/common/addressinformation" xmlns:dts="http://fsb.belgium.be/FourthWayServices/common/datatypes">
  <xs:import namespace="http://fsb.belgium.be/FourthWayServices/common/datatypes" schemaLocation="datatypes.xsd"/>
  <xs:element name="address">
    <xs:complexType>
      <xs:choice>
        <xs:sequence>
          <xs:element ref="addn:location"/>
          <xs:element name="street" type="xs:string"/>
          <xs:element name="houseNumber" type="xs:string" minOccurs="0"/>
          <xs:element name="houseIndexNumber" type="xs:string" minOccurs="0"/>
          <xs:element name="additionalAddressInformation" type="dts:ExtensionType" minOccurs="0">
            <xs:annotation>
              <xs:documentation>Optional addition to the address. When more information is provided that can be contained in the address information, an extension can be used. For example names of buildings or industry zones can be added. This is also used for address where it's difficult to determine the data. For example foreign address where it's not clear what is the street and what part a location.</xs:documentation>
            </xs:annotation>
          </xs:element>
        </xs:sequence>
        <xs:element name="nonDefinedAddress" type="dts:ExtensionType">
          <xs:annotation>
            <xs:documentation>When the address only contains data that can not be identified in the defined address structure, the nonDefinedAddress has to be used</xs:documentation>
          </xs:annotation>
        </xs:element>
      </xs:choice>
      <xs:attribute name="addressType" type="xs:string">
        <xs:annotation>
          <xs:documentation>Type of the used address ex. LEGALADDRESS, CORRESPONDENCE ADDRESS, ...</xs:documentation>
        </xs:annotation>
      </xs:attribute>
    </xs:complexType>
  </xs:element>
  <xs:element name="country">
    <xs:complexType>
      <xs:sequence>
        <xs:element name="countryDescription" type="xs:string" minOccurs="0">
          <xs:annotation>
            <xs:documentation>The country name or description. This value should not be used as a business value. The countrycode should be used.</xs:documentation>
          </xs:annotation>
        </xs:element>
        <xs:element name="countryCode" maxOccurs="unbounded">
          <xs:annotation>
            <xs:documentation>Code of the country. Only codes in standard conventions used by the federal or regional governements can be used.</xs:documentation>
          </xs:annotation>
          <xs:complexType>
            <xs:simpleContent>
              <xs:extension base="xs:string">
                <xs:attribute name="codeStandard" use="required">
                  <xs:annotation>
                    <xs:documentation>The code convention that was used for the given countryCode. This is obligated so other parties know what code standard has to be translated to obtain a standard known by them.</xs:documentation>
                  </xs:annotation>
                </xs:attribute>
              </xs:extension>
            </xs:simpleContent>
          </xs:complexType>
        </xs:element>
      </xs:sequence>
    </xs:complexType>
  </xs:element>
  <xs:complexType name="LocationType">
    <xs:sequence>
      <xs:element ref="addn:country"/>
      <xs:element name="municipalityDescription" minOccurs="0" maxOccurs="unbounded">
        <xs:annotation>
          <xs:documentation>The municipality can be added in different languages. The language attribute has to be filled in when there is more then one name or when the language or the municipality is different then the case language.</xs:documentation>
        </xs:annotation>
        <xs:complexType>
          <xs:simpleContent>
            <xs:extension base="xs:string">
              <xs:attribute name="language" type="xs:string">
                <xs:annotation>
                  <xs:documentation>Language of the municipality in the ISO standard</xs:documentation>
                </xs:annotation>
              </xs:attribute>
            </xs:extension>
          </xs:simpleContent>
        </xs:complexType>
      </xs:element>
      <xs:element name="municipalityCode" type="xs:string" minOccurs="0">
        <xs:annotation>
          <xs:documentation>NIS code of the the municipality</xs:documentation>
        </xs:annotation>
      </xs:element>
      <xs:element name="postalCode" type="xs:string" minOccurs="0">
        <xs:annotation>
          <xs:documentation>Postal code of the municipality</xs:documentation>
        </xs:annotation>
      </xs:element>
      <xs:element name="additionalLocationInformation" type="dts:ExtensionType" minOccurs="0">
        <xs:annotation>
          <xs:documentation>Optional addition to the location information. When extra information has to be given to define an address it's possible to use this extension. For instance some countries require the state or province to be included.</xs:documentation>
        </xs:annotation>
      </xs:element>
    </xs:sequence>
  </xs:complexType>
  <xs:element name="location" type="addn:LocationType"/>
  <xs:element name="addressInformation">
    <xs:annotation>
      <xs:documentation>Comment describing your root element</xs:documentation>
    </xs:annotation>
    <xs:complexType>
      <xs:sequence>
        <xs:element ref="addn:address" maxOccurs="unbounded"/>
      </xs:sequence>
    </xs:complexType>
  </xs:element>
  <xs:element name="divisionInformation">
    <xs:annotation>
      <xs:documentation>Division information is the "Kadaster" in dutch or "Cadastre" in french. The information can be given with one unique reference to the division or seperated.</xs:documentation>
    </xs:annotation>
    <xs:complexType>
      <xs:sequence>
        <xs:choice>
          <xs:element name="divisionReference"/>
          <xs:sequence>
            <xs:element name="divisionNumber" type="xs:string"/>
            <xs:element name="lotNumber" type="xs:string" minOccurs="0"/>
            <xs:element name="sectionNumber" type="xs:string"/>
          </xs:sequence>
        </xs:choice>
        <xs:element name="areaSurface" type="xs:string" minOccurs="0">
          <xs:annotation>
            <xs:documentation>Surface of the area with the unit of messurment included. (ex 20a8ca or 2008m2)</xs:documentation>
          </xs:annotation>
        </xs:element>
      </xs:sequence>
    </xs:complexType>
  </xs:element>
</xs:schema>]]></con:content><con:type>http://www.w3.org/2001/XMLSchema</con:type></con:part><con:part><con:url>file:/home/ebarbieux/Dev/fidus/fourthwaytransactionservice_1.0/FourthWayTransactionServiceGateway/src/main/resources/wsdl/fourthWayTransactionService/1.0.0/XMLSchema/propertyinformation.xsd</con:url><con:content><![CDATA[<!--edited with XMLSpy v2010 (http://www.altova.com) by Johan Schurgers (I8C)-->
<xs:schema targetNamespace="http://fsb.belgium.be/FourthWayServices/propertyinformation" elementFormDefault="qualified" attributeFormDefault="unqualified" version="1.0" xmlns:xs="http://www.w3.org/2001/XMLSchema" xmlns:propn="http://fsb.belgium.be/FourthWayServices/propertyinformation" xmlns:addn="http://fsb.belgium.be/FourthWayServices/common/addressinformation">
  <xs:import namespace="http://fsb.belgium.be/FourthWayServices/common/addressinformation" schemaLocation="addressinformation.xsd"/>
  <xs:complexType name="PropertyInformationType">
    <xs:sequence>
      <xs:element name="propertyType" type="xs:string" nillable="false">
        <xs:annotation>
          <xs:documentation>Type or property like house, appartment, studio, ...</xs:documentation>
        </xs:annotation>
      </xs:element>
      <xs:element name="propertyDescription" type="xs:string" nillable="false" minOccurs="0">
        <xs:annotation>
          <xs:documentation>Extra descriptive information about the property that is not included in the address. ex. 3rd appartment in 2nd tower.</xs:documentation>
        </xs:annotation>
      </xs:element>
      <xs:element ref="addn:address"/>
      <xs:element ref="addn:divisionInformation"/>
    </xs:sequence>
  </xs:complexType>
  <xs:element name="propertyInformation" type="propn:PropertyInformationType">
    <xs:annotation>
      <xs:documentation>Description of an realestate property. Not used to describe ships.</xs:documentation>
    </xs:annotation>
  </xs:element>
</xs:schema>]]></con:content><con:type>http://www.w3.org/2001/XMLSchema</con:type></con:part><con:part><con:url>file:/home/ebarbieux/Dev/fidus/fourthwaytransactionservice_1.0/FourthWayTransactionServiceGateway/src/main/resources/wsdl/fourthWayTransactionService/1.0.0/XMLSchema/naturalperson.xsd</con:url><con:content><![CDATA[<!--edited with XMLSpy v2010 (http://www.altova.com) by Johan Schurgers (I8C)-->
<xs:schema targetNamespace="http://fsb.belgium.be/FourthWayServices/naturalperson" elementFormDefault="qualified" attributeFormDefault="unqualified" version="1.0" xmlns:xs="http://www.w3.org/2001/XMLSchema" xmlns:natper="http://fsb.belgium.be/FourthWayServices/naturalperson" xmlns:pty="http://fsb.belgium.be/FourthWayServices/party" xmlns:dts="http://fsb.belgium.be/FourthWayServices/common/datatypes" xmlns:addn="http://fsb.belgium.be/FourthWayServices/common/addressinformation">
  <xs:import namespace="http://fsb.belgium.be/FourthWayServices/party" schemaLocation="party.xsd"/>
  <xs:import namespace="http://fsb.belgium.be/FourthWayServices/common/datatypes" schemaLocation="datatypes.xsd"/>
  <xs:import namespace="http://fsb.belgium.be/FourthWayServices/common/addressinformation" schemaLocation="addressinformation.xsd"/>
  <xs:element name="naturalPerson" type="natper:NaturalPersonType" substitutionGroup="pty:partyInformation">
    <xs:annotation>
      <xs:documentation>Natural persons.Also used for ersons who have a legal guardian that is legally responsible for them.</xs:documentation>
    </xs:annotation>
  </xs:element>
  <xs:complexType name="NaturalPersonInformationType">
    <xs:sequence>
      <xs:element ref="dts:name" minOccurs="0"/>
      <xs:element ref="addn:address" minOccurs="0"/>
      <xs:element name="birthDate" type="dts:OpenDateType" minOccurs="0"/>
    </xs:sequence>
  </xs:complexType>
  <xs:complexType name="NaturalPersonType">
    <xs:complexContent>
      <xs:extension base="pty:PartyInformationType">
        <xs:sequence>
          <xs:element ref="dts:entityReference" minOccurs="0"/>
          <xs:element name="personInformation" type="natper:NaturalPersonInformationType" minOccurs="0"/>
        </xs:sequence>
      </xs:extension>
    </xs:complexContent>
  </xs:complexType>
</xs:schema>]]></con:content><con:type>http://www.w3.org/2001/XMLSchema</con:type></con:part><con:part><con:url>file:/home/ebarbieux/Dev/fidus/fourthwaytransactionservice_1.0/FourthWayTransactionServiceGateway/src/main/resources/wsdl/fourthWayTransactionService/1.0.0/XMLSchema/party.xsd</con:url><con:content><![CDATA[<!--edited with XMLSpy v2010 (http://www.altova.com) by Johan Schurgers (I8C)-->
<xs:schema targetNamespace="http://fsb.belgium.be/FourthWayServices/party" elementFormDefault="qualified" attributeFormDefault="unqualified" version="1.0.3" xmlns:xs="http://www.w3.org/2001/XMLSchema" xmlns:pty="http://fsb.belgium.be/FourthWayServices/party" xmlns:natper="http://fsb.belgium.be/FourthWayServices/naturalperson" xmlns:morper="http://fsb.belgium.be/FourthWayServices/moralperson" xmlns:phykbo="http://fsb.belgium.be/FourthWayServices/physicalkboperson" xmlns:enter="http://fsb.belgium.be/FourthWayServices/enterprise" xmlns:selfemp="http://fsb.belgium.be/FourthWayServices/selfemployed" xmlns:unp="http://fsb.belgium.be/FourthWayServices/unregisteredparty" xmlns:insti="http://fsb.belgium.be/FourthWayServices/institution">
  <xs:import namespace="http://fsb.belgium.be/FourthWayServices/naturalperson" schemaLocation="naturalperson.xsd"/>
  <xs:import namespace="http://fsb.belgium.be/FourthWayServices/selfemployed" schemaLocation="selfemployed.xsd"/>
  <xs:import namespace="http://fsb.belgium.be/FourthWayServices/unregisteredparty" schemaLocation="unregisteredparty.xsd"/>
  <xs:import namespace="http://fsb.belgium.be/FourthWayServices/institution" schemaLocation="institution.xsd"/>
  <xs:import namespace="http://fsb.belgium.be/FourthWayServices/enterprise" schemaLocation="enterprise.xsd"/>
  <xs:complexType name="PartyType">
    <xs:sequence>
      <xs:element name="residentialParty" type="xs:boolean" minOccurs="0">
        <xs:annotation>
          <xs:documentation>Is the party a citizen or a Belgian based company</xs:documentation>
        </xs:annotation>
      </xs:element>
      <xs:element ref="pty:partyInformation"/>
    </xs:sequence>
  </xs:complexType>
  <xs:element name="party">
    <xs:complexType>
      <xs:complexContent>
        <xs:extension base="pty:PartyType">
          <xs:attribute name="partyID" type="xs:string" use="required">
            <xs:annotation>
              <xs:documentation>Number of the party. This number will be used to link the party to another specific party or to a good. It will be used in following messages. The form that is used: 001, 002, 003</xs:documentation>
            </xs:annotation>
          </xs:attribute>
        </xs:extension>
      </xs:complexContent>
    </xs:complexType>
  </xs:element>
  <xs:element name="partyInformation" type="pty:PartyInformationType" abstract="true">
    <xs:annotation>
      <xs:documentation>Abstract element which is to be substituted with specific criteria.
				The specific criteria are defined in separate schemas.</xs:documentation>
    </xs:annotation>
  </xs:element>
  <xs:complexType name="PartyInformationType" abstract="true"/>
</xs:schema>]]></con:content><con:type>http://www.w3.org/2001/XMLSchema</con:type></con:part><con:part><con:url>file:/home/ebarbieux/Dev/fidus/fourthwaytransactionservice_1.0/FourthWayTransactionServiceGateway/src/main/resources/wsdl/fourthWayTransactionService/1.0.0/XMLSchema/selfemployed.xsd</con:url><con:content><![CDATA[<!--edited with XMLSpy v2010 (http://www.altova.com) by Johan Schurgers (I8C)-->
<xs:schema targetNamespace="http://fsb.belgium.be/FourthWayServices/selfemployed" elementFormDefault="qualified" attributeFormDefault="unqualified" version="1.0.4" xmlns:xs="http://www.w3.org/2001/XMLSchema" xmlns:selfemp="http://fsb.belgium.be/FourthWayServices/selfemployed" xmlns:pty="http://fsb.belgium.be/FourthWayServices/party" xmlns:dts="http://fsb.belgium.be/FourthWayServices/common/datatypes" xmlns:addn="http://fsb.belgium.be/FourthWayServices/common/addressinformation" xmlns:natper="http://fsb.belgium.be/FourthWayServices/naturalperson">
  <xs:import namespace="http://fsb.belgium.be/FourthWayServices/party" schemaLocation="party.xsd"/>
  <xs:import namespace="http://fsb.belgium.be/FourthWayServices/common/addressinformation" schemaLocation="addressinformation.xsd"/>
  <xs:import namespace="http://fsb.belgium.be/FourthWayServices/common/datatypes" schemaLocation="datatypes.xsd"/>
  <xs:import namespace="http://fsb.belgium.be/FourthWayServices/naturalperson" schemaLocation="naturalperson.xsd"/>
  <xs:element name="selfEmployed" type="selfemp:SelfEmployedType" substitutionGroup="pty:partyInformation">
    <xs:annotation>
      <xs:documentation>Natural persons that own a companies they are personal liable for. The authentic source is always the KBO registry. When the person is liable for several companies, all companies should be defined seperatly as self employed with the same person.</xs:documentation>
    </xs:annotation>
  </xs:element>
  <xs:complexType name="SelfEmployedInformationType">
    <xs:sequence>
      <xs:element name="personInformation" type="natper:NaturalPersonInformationType" minOccurs="0"/>
    </xs:sequence>
  </xs:complexType>
  <xs:complexType name="SelfEmployedType">
    <xs:complexContent>
      <xs:extension base="pty:PartyInformationType">
        <xs:sequence>
          <xs:element name="entityReferences">
            <xs:annotation>
              <xs:documentation>The selfemployed contains information about the enterprise and the natural persons identifiers. These can be lookedup in different sources.</xs:documentation>
            </xs:annotation>
            <xs:complexType>
              <xs:sequence>
                <xs:element ref="dts:entityReference" maxOccurs="2"/>
              </xs:sequence>
            </xs:complexType>
          </xs:element>
          <xs:element name="selfEmployedInformation" type="selfemp:SelfEmployedInformationType" minOccurs="0"/>
        </xs:sequence>
      </xs:extension>
    </xs:complexContent>
  </xs:complexType>
</xs:schema>]]></con:content><con:type>http://www.w3.org/2001/XMLSchema</con:type></con:part><con:part><con:url>file:/home/ebarbieux/Dev/fidus/fourthwaytransactionservice_1.0/FourthWayTransactionServiceGateway/src/main/resources/wsdl/fourthWayTransactionService/1.0.0/XMLSchema/unregisteredparty.xsd</con:url><con:content><![CDATA[<!--edited with XMLSpy v2010 (http://www.altova.com) by Johan Schurgers (I8C)-->
<xs:schema targetNamespace="http://fsb.belgium.be/FourthWayServices/unregisteredparty" elementFormDefault="qualified" attributeFormDefault="unqualified" version="1.0" xmlns:xs="http://www.w3.org/2001/XMLSchema" xmlns:unp="http://fsb.belgium.be/FourthWayServices/unregisteredparty" xmlns:pty="http://fsb.belgium.be/FourthWayServices/party" xmlns:dts="http://fsb.belgium.be/FourthWayServices/common/datatypes" xmlns:addn="http://fsb.belgium.be/FourthWayServices/common/addressinformation">
  <xs:import namespace="http://fsb.belgium.be/FourthWayServices/party" schemaLocation="party.xsd"/>
  <xs:import namespace="http://fsb.belgium.be/FourthWayServices/common/datatypes" schemaLocation="datatypes.xsd"/>
  <xs:element name="unregisteredParty" type="unp:UnregisteredPartyType" substitutionGroup="pty:partyInformation">
    <xs:annotation>
      <xs:documentation>When a party can't be described with the standard registrated party types. A structured, but open party can be provided. This party has no fixed fields the businesses are responisble for the content.</xs:documentation>
    </xs:annotation>
  </xs:element>
  <xs:complexType name="UnregisteredPartyType">
    <xs:annotation>
      <xs:documentation>When a party can't be descibed with the normal types and extened party has to be used</xs:documentation>
    </xs:annotation>
    <xs:complexContent>
      <xs:extension base="pty:PartyInformationType">
        <xs:sequence>
          <xs:element ref="dts:extensions"/>
        </xs:sequence>
      </xs:extension>
    </xs:complexContent>
  </xs:complexType>
</xs:schema>]]></con:content><con:type>http://www.w3.org/2001/XMLSchema</con:type></con:part><con:part><con:url>file:/home/ebarbieux/Dev/fidus/fourthwaytransactionservice_1.0/FourthWayTransactionServiceGateway/src/main/resources/wsdl/fourthWayTransactionService/1.0.0/XMLSchema/institution.xsd</con:url><con:content><![CDATA[<!--edited with XMLSpy v2010 (http://www.altova.com) by Johan Schurgers (I8C)-->
<xs:schema targetNamespace="http://fsb.belgium.be/FourthWayServices/institution" elementFormDefault="qualified" attributeFormDefault="unqualified" version="1.0" xmlns:xs="http://www.w3.org/2001/XMLSchema" xmlns:insti="http://fsb.belgium.be/FourthWayServices/institution" xmlns:pty="http://fsb.belgium.be/FourthWayServices/party" xmlns:dts="http://fsb.belgium.be/FourthWayServices/common/datatypes" xmlns:addn="http://fsb.belgium.be/FourthWayServices/common/addressinformation" xmlns:con="http://fsb.belgium.be/FourthWayServices/contact">
  <xs:import namespace="http://fsb.belgium.be/FourthWayServices/party" schemaLocation="party.xsd"/>
  <xs:import namespace="http://fsb.belgium.be/FourthWayServices/common/addressinformation" schemaLocation="addressinformation.xsd"/>
  <xs:import namespace="http://fsb.belgium.be/FourthWayServices/common/datatypes" schemaLocation="datatypes.xsd"/>
  <xs:import namespace="http://fsb.belgium.be/FourthWayServices/contact" schemaLocation="contact.xsd"/>
  <xs:element name="institution" type="insti:InstitutionType" substitutionGroup="pty:partyInformation">
    <xs:annotation>
      <xs:documentation>Used for legaly recognized institutions (4th way partners). Notaries, FOD, ...</xs:documentation>
    </xs:annotation>
  </xs:element>
  <xs:complexType name="InstitutionType">
    <xs:complexContent>
      <xs:extension base="pty:PartyInformationType">
        <xs:sequence>
          <xs:element name="institutionType" type="xs:string">
            <xs:annotation>
              <xs:documentation>Type of institution ex TAXOFFICE, NOTARY, ...</xs:documentation>
            </xs:annotation>
          </xs:element>
          <xs:element name="institutionName" type="xs:string">
            <xs:annotation>
              <xs:documentation>Official name of the institution</xs:documentation>
            </xs:annotation>
          </xs:element>
          <xs:element name="institutionIdentificationNumber" maxOccurs="unbounded">
            <xs:annotation>
              <xs:documentation>Identification number of the institution. Multiple identifications are possible.</xs:documentation>
            </xs:annotation>
            <xs:complexType>
              <xs:simpleContent>
                <xs:extension base="xs:string">
                  <xs:attribute name="type" use="required">
                    <xs:annotation>
                      <xs:documentation>KBO number, CRESTRA number, ...</xs:documentation>
                    </xs:annotation>
                  </xs:attribute>
                </xs:extension>
              </xs:simpleContent>
            </xs:complexType>
          </xs:element>
          <xs:element ref="addn:address" minOccurs="0"/>
          <xs:element name="district" type="xs:string" minOccurs="0">
            <xs:annotation>
              <xs:documentation>Some institutions are bound to a district.</xs:documentation>
            </xs:annotation>
          </xs:element>
          <xs:element name="contactInformation" type="con:ContactInformationType" minOccurs="0">
            <xs:annotation>
              <xs:documentation>Contactinformation of the institution.</xs:documentation>
            </xs:annotation>
          </xs:element>
        </xs:sequence>
      </xs:extension>
    </xs:complexContent>
  </xs:complexType>
</xs:schema>]]></con:content><con:type>http://www.w3.org/2001/XMLSchema</con:type></con:part><con:part><con:url>file:/home/ebarbieux/Dev/fidus/fourthwaytransactionservice_1.0/FourthWayTransactionServiceGateway/src/main/resources/wsdl/fourthWayTransactionService/1.0.0/XMLSchema/contact.xsd</con:url><con:content><![CDATA[<!--edited with XMLSpy v2010 (http://www.altova.com) by Johan Schurgers (I8C)-->
<xs:schema targetNamespace="http://fsb.belgium.be/FourthWayServices/contact" elementFormDefault="qualified" attributeFormDefault="unqualified" version="1.0" xmlns:xs="http://www.w3.org/2001/XMLSchema" xmlns:con="http://fsb.belgium.be/FourthWayServices/contact" xmlns:dts="http://fsb.belgium.be/FourthWayServices/common/datatypes">
  <xs:import namespace="http://fsb.belgium.be/FourthWayServices/common/datatypes" schemaLocation="datatypes.xsd"/>
  <xs:element name="contactInformation" type="con:ContactInformationType"/>
  <xs:simpleType name="NumberType">
    <xs:restriction base="xs:string">
      <xs:pattern value="[+0-9](([0-9])*)"/>
    </xs:restriction>
  </xs:simpleType>
  <xs:complexType name="ContactInformationType">
    <xs:sequence>
      <xs:element name="phoneNumber" minOccurs="0" maxOccurs="unbounded">
        <xs:complexType>
          <xs:simpleContent>
            <xs:extension base="con:NumberType">
              <xs:attribute name="type" type="xs:string"/>
            </xs:extension>
          </xs:simpleContent>
        </xs:complexType>
      </xs:element>
      <xs:element name="faxNumber" minOccurs="0" maxOccurs="unbounded">
        <xs:complexType>
          <xs:simpleContent>
            <xs:extension base="con:NumberType">
              <xs:attribute name="type" type="xs:string"/>
            </xs:extension>
          </xs:simpleContent>
        </xs:complexType>
      </xs:element>
      <xs:element name="emailAddress" minOccurs="0" maxOccurs="unbounded">
        <xs:complexType>
          <xs:simpleContent>
            <xs:extension base="xs:string">
              <xs:attribute name="type" type="xs:string"/>
            </xs:extension>
          </xs:simpleContent>
        </xs:complexType>
      </xs:element>
    </xs:sequence>
  </xs:complexType>
  <xs:element name="contactPerson" type="con:ContactPersonType"/>
  <xs:complexType name="ContactPersonType">
    <xs:sequence>
      <xs:element ref="dts:name"/>
      <xs:element name="function" type="xs:string" minOccurs="0">
        <xs:annotation>
          <xs:documentation>Function of the contactperson</xs:documentation>
        </xs:annotation>
      </xs:element>
      <xs:element ref="con:contactInformation"/>
      <xs:element name="identificationNumber" minOccurs="0"/>
    </xs:sequence>
  </xs:complexType>
</xs:schema>]]></con:content><con:type>http://www.w3.org/2001/XMLSchema</con:type></con:part><con:part><con:url>file:/home/ebarbieux/Dev/fidus/fourthwaytransactionservice_1.0/FourthWayTransactionServiceGateway/src/main/resources/wsdl/fourthWayTransactionService/1.0.0/XMLSchema/enterprise.xsd</con:url><con:content><![CDATA[<!--edited with XMLSpy v2010 (http://www.altova.com) by Johan Schurgers (I8C)-->
<xs:schema targetNamespace="http://fsb.belgium.be/FourthWayServices/enterprise" elementFormDefault="qualified" attributeFormDefault="unqualified" version="1.0" xmlns:xs="http://www.w3.org/2001/XMLSchema" xmlns:enter="http://fsb.belgium.be/FourthWayServices/enterprise" xmlns:pty="http://fsb.belgium.be/FourthWayServices/party" xmlns:dts="http://fsb.belgium.be/FourthWayServices/common/datatypes" xmlns:addn="http://fsb.belgium.be/FourthWayServices/common/addressinformation">
  <xs:import namespace="http://fsb.belgium.be/FourthWayServices/party" schemaLocation="party.xsd"/>
  <xs:import namespace="http://fsb.belgium.be/FourthWayServices/common/addressinformation" schemaLocation="addressinformation.xsd"/>
  <xs:import namespace="http://fsb.belgium.be/FourthWayServices/common/datatypes" schemaLocation="datatypes.xsd"/>
  <xs:element name="enterprise" type="enter:EnterpriseType" substitutionGroup="pty:partyInformation">
    <xs:annotation>
      <xs:documentation>Used for legaly recognized enterprises</xs:documentation>
    </xs:annotation>
  </xs:element>
  <xs:complexType name="EnterpriseInformationType">
    <xs:sequence>
      <xs:element name="enterpriseName" type="xs:string" minOccurs="0"/>
      <xs:element name="juridicalForm" type="xs:string" minOccurs="0">
        <xs:annotation>
          <xs:documentation>Juridical form following the KBO/BCE standards at http://www.mineco.be/enterprises/crossroads_bank/xls/rechtsv.xls</xs:documentation>
        </xs:annotation>
      </xs:element>
      <xs:element ref="addn:address" minOccurs="0"/>
      <xs:element name="creationDate" type="xs:date" minOccurs="0"/>
    </xs:sequence>
  </xs:complexType>
  <xs:complexType name="EnterpriseType">
    <xs:complexContent>
      <xs:extension base="pty:PartyInformationType">
        <xs:sequence>
          <xs:element ref="dts:entityReference" minOccurs="0"/>
          <xs:element name="enterpriseInformation" type="enter:EnterpriseInformationType" minOccurs="0"/>
        </xs:sequence>
      </xs:extension>
    </xs:complexContent>
  </xs:complexType>
</xs:schema>]]></con:content><con:type>http://www.w3.org/2001/XMLSchema</con:type></con:part><con:part><con:url>file:/home/ebarbieux/Dev/fidus/fourthwaytransactionservice_1.0/FourthWayTransactionServiceGateway/src/main/resources/wsdl/fourthWayTransactionService/1.0.0/XMLSchema/nonresident.xsd</con:url><con:content><![CDATA[<!--edited with XMLSpy v2010 (http://www.altova.com) by Johan Schurgers (I8C)-->
<xs:schema targetNamespace="http://fsb.belgium.be/FourthWayServices/nonresident" elementFormDefault="qualified" attributeFormDefault="unqualified" version="1.0" xmlns:xs="http://www.w3.org/2001/XMLSchema" xmlns:nnr="http://fsb.belgium.be/FourthWayServices/nonresident" xmlns:dts="http://fsb.belgium.be/FourthWayServices/common/datatypes" xmlns:con="http://fsb.belgium.be/FourthWayServices/contact">
  <xs:import namespace="http://fsb.belgium.be/FourthWayServices/contact" schemaLocation="contact.xsd"/>
  <xs:import namespace="http://fsb.belgium.be/FourthWayServices/common/datatypes" schemaLocation="datatypes.xsd"/>
  <xs:complexType name="NonResidentType">
    <xs:sequence>
      <xs:element name="acquisitionDate" type="xs:date"/>
      <xs:element name="investementAmount" type="dts:CurrencyAmountType"/>
      <xs:element name="transferDate" type="xs:date"/>
      <xs:element name="transferPrice" type="dts:CurrencyAmountType"/>
      <xs:element name="transferExpenses" type="dts:CurrencyAmountType"/>
      <xs:element name="contactData" type="con:ContactPersonType" minOccurs="0"/>
    </xs:sequence>
  </xs:complexType>
  <xs:element name="nonResident" type="nnr:NonResidentType">
    <xs:annotation>
      <xs:documentation>Some transactions require more information about foreigners</xs:documentation>
    </xs:annotation>
  </xs:element>
</xs:schema>]]></con:content><con:type>http://www.w3.org/2001/XMLSchema</con:type></con:part><con:part><con:url>file:/home/ebarbieux/Dev/fidus/fourthwaytransactionservice_1.0/FourthWayTransactionServiceGateway/src/main/resources/wsdl/fourthWayTransactionService/1.0.0/XMLSchema/generalcaseinformation.xsd</con:url><con:content><![CDATA[<!--edited with XMLSpy v2010 (http://www.altova.com) by Johan Schurgers (I8C)-->
<xs:schema targetNamespace="http://fsb.belgium.be/FourthWayServices/generalcaseinformation" elementFormDefault="qualified" attributeFormDefault="unqualified" version="1.0.4" xmlns:xs="http://www.w3.org/2001/XMLSchema" xmlns:cin="http://fsb.belgium.be/FourthWayServices/generalcaseinformation" xmlns:hdr="http://fsb.belgium.be/FourthWayServices/header" xmlns:con="http://fsb.belgium.be/FourthWayServices/contact" xmlns:addn="http://fsb.belgium.be/FourthWayServices/common/addressinformation" xmlns:dts="http://fsb.belgium.be/FourthWayServices/common/datatypes" xmlns:insti="http://fsb.belgium.be/FourthWayServices/institution">
  <xs:import namespace="http://fsb.belgium.be/FourthWayServices/common/datatypes" schemaLocation="datatypes.xsd"/>
  <xs:import namespace="http://fsb.belgium.be/FourthWayServices/contact" schemaLocation="contact.xsd"/>
  <xs:import namespace="http://fsb.belgium.be/FourthWayServices/common/addressinformation" schemaLocation="addressinformation.xsd"/>
  <xs:import namespace="http://fsb.belgium.be/FourthWayServices/institution" schemaLocation="institution.xsd"/>
  <xs:annotation>
    <xs:documentation>General case information is extra information that is generic for several transactions.</xs:documentation>
  </xs:annotation>
  <xs:complexType name="AdministrativeInformationType">
    <xs:annotation>
      <xs:documentation>Administrative information is used for all common information about a case that will determine the further response of the case. The administrative information supports the case but doesn't add business value to the case.</xs:documentation>
    </xs:annotation>
    <xs:sequence>
      <xs:element name="language" type="xs:string" nillable="false">
        <xs:annotation>
          <xs:documentation>Language the case will be handled in. The possible languages are: NL and FR</xs:documentation>
        </xs:annotation>
      </xs:element>
      <xs:element name="caseNumber" type="xs:string" nillable="false">
        <xs:annotation>
          <xs:documentation>Case number assigned by the sender of the message. This number is the internal reference used by the sender of the message to facilitate communication. The electronic form of the "our reference" on paper.</xs:documentation>
        </xs:annotation>
      </xs:element>
      <xs:element name="referenceNumber" type="xs:string" nillable="false" minOccurs="0">
        <xs:annotation>
          <xs:documentation>Only need for 2.5 conversion</xs:documentation>
        </xs:annotation>
      </xs:element>
      <xs:element name="transactionType" type="xs:string" nillable="false">
        <xs:annotation>
          <xs:documentation>Transactiontype of the case. (1-7)</xs:documentation>
        </xs:annotation>
      </xs:element>
      <xs:element name="procedureNumber" type="xs:string" nillable="false">
        <xs:annotation>
          <xs:documentation>The procedure id is the business key that will be used to communicate between all partner in reference to this case.</xs:documentation>
        </xs:annotation>
      </xs:element>
      <xs:element name="replacedProcedureNumber" type="xs:string" nillable="true" minOccurs="0">
        <xs:annotation>
          <xs:documentation>When a rectification of a case is needed. The public officer will send a new message with a new procedure number. The old procedure number will be filled in the replacedprocedurenumber. The receiving parties can use this to stop processing the old case.</xs:documentation>
        </xs:annotation>
      </xs:element>
      <xs:element name="requestDate" type="xs:dateTime" nillable="false">
        <xs:annotation>
          <xs:documentation>Date when the case was created to be send. This date can differ from the message date. Cases can be created and send at another time by the systems. The requestDate is the official date the message has been intended to be send by the person who created the message.</xs:documentation>
        </xs:annotation>
      </xs:element>
      <xs:element name="origin" type="dts:OriginType" nillable="false"/>
      <xs:element name="destinations" type="dts:DestinationType" nillable="false"/>
      <xs:element name="requestorInformation" type="cin:RequestorInformationType" nillable="false"/>
    </xs:sequence>
  </xs:complexType>
  <xs:complexType name="RequestorInformationType">
    <xs:sequence>
      <xs:element ref="insti:institution"/>
      <xs:element name="responsiblePerson" type="con:ContactPersonType">
        <xs:annotation>
          <xs:documentation>Person that is responsible for the message. The notary or the public officer who signs the notification.</xs:documentation>
        </xs:annotation>
      </xs:element>
      <xs:element name="contactPerson" type="con:ContactPersonType" minOccurs="0">
        <xs:annotation>
          <xs:documentation>Casehandler at the institution.</xs:documentation>
        </xs:annotation>
      </xs:element>
      <xs:element name="generalInformation" type="xs:string" minOccurs="0">
        <xs:annotation>
          <xs:documentation>General information the requestor wants to share. (ex. website, opening hours, name changes, ...)</xs:documentation>
        </xs:annotation>
      </xs:element>
    </xs:sequence>
  </xs:complexType>
  <xs:element name="generalCaseInformation">
    <xs:annotation>
      <xs:documentation>Every business message will need shared data about the case.</xs:documentation>
    </xs:annotation>
    <xs:complexType>
      <xs:sequence>
        <xs:element name="administrativeInformation" type="cin:AdministrativeInformationType">
          <xs:annotation>
            <xs:documentation>All common information about a case that will determine the further response of the case. The administrative information supports the case but doesn't add business value to the case.</xs:documentation>
          </xs:annotation>
        </xs:element>
      </xs:sequence>
    </xs:complexType>
  </xs:element>
</xs:schema>]]></con:content><con:type>http://www.w3.org/2001/XMLSchema</con:type></con:part><con:part><con:url>file:/home/ebarbieux/Dev/fidus/fourthwaytransactionservice_1.0/FourthWayTransactionServiceGateway/src/main/resources/wsdl/fourthWayTransactionService/1.0.0/XMLSchema/legalbase.xsd</con:url><con:content><![CDATA[<!--edited with XMLSpy v2010 (http://www.altova.com) by Johan Schurgers (I8C)-->
<xs:schema targetNamespace="http://fsb.belgium.be/FourthWayServices/legalbase" elementFormDefault="qualified" attributeFormDefault="unqualified" version="1.0.4" xmlns:xs="http://www.w3.org/2001/XMLSchema" xmlns:lbs="http://fsb.belgium.be/FourthWayServices/legalbase">
  <xs:complexType name="LegalBaseType">
    <xs:sequence>
      <xs:element name="legalSource" type="xs:string" nillable="false" minOccurs="0">
        <xs:annotation>
          <xs:documentation>The source where the legal base is in defined. (Taxbook, KB, …)</xs:documentation>
        </xs:annotation>
      </xs:element>
      <xs:element name="legalBaseIdentifier" type="xs:string" nillable="false" minOccurs="0">
        <xs:annotation>
          <xs:documentation>The identifier in the legal source (art x)</xs:documentation>
        </xs:annotation>
      </xs:element>
      <xs:element name="legalBaseText" nillable="false" minOccurs="0" maxOccurs="unbounded">
        <xs:annotation>
          <xs:documentation>The textual representation of the legal base (multiple possible to support several languages)</xs:documentation>
        </xs:annotation>
        <xs:complexType>
          <xs:simpleContent>
            <xs:extension base="xs:string">
              <xs:attribute name="language"/>
            </xs:extension>
          </xs:simpleContent>
        </xs:complexType>
      </xs:element>
    </xs:sequence>
  </xs:complexType>
  <xs:element name="legalBase" type="lbs:LegalBaseType">
    <xs:annotation>
      <xs:documentation>Every partner needs to have a legal base to be able to claim debts in 4th way. Or to notify partners.</xs:documentation>
    </xs:annotation>
  </xs:element>
</xs:schema>]]></con:content><con:type>http://www.w3.org/2001/XMLSchema</con:type></con:part><con:part><con:url>file:/home/ebarbieux/Dev/fidus/fourthwaytransactionservice_1.0/FourthWayTransactionServiceGateway/src/main/resources/wsdl/fourthWayTransactionService/1.0.0/XMLSchema/honorbaseddeclarations.xsd</con:url><con:content><![CDATA[<!--edited with XMLSpy v2010 (http://www.altova.com) by Johan Schurgers (I8C)-->
<xs:schema targetNamespace="http://fsb.belgium.be/FourthWayServices/honorbaseddeclarations" elementFormDefault="qualified" attributeFormDefault="unqualified" version="1.0" xmlns:xs="http://www.w3.org/2001/XMLSchema" xmlns:hbd="http://fsb.belgium.be/FourthWayServices/honorbaseddeclarations">
  <xs:complexType name="HonorBasedDeclarationsType">
    <xs:sequence>
      <xs:element name="subjectedToVAT" type="xs:boolean" nillable="false">
        <xs:annotation>
          <xs:documentation>Is the party subjected to the VAT. No when not VATnumber when the party must pay VAT.</xs:documentation>
        </xs:annotation>
      </xs:element>
      <xs:element name="occasionalConstructor" type="xs:boolean" nillable="false" minOccurs="0"/>
      <xs:element name="legalResponsible" type="xs:string" nillable="false" minOccurs="0"/>
      <xs:element name="temporaryAssociations" type="xs:string" nillable="false" minOccurs="0"/>
      <xs:element name="vatUnit" type="xs:string" nillable="false" minOccurs="0"/>
    </xs:sequence>
  </xs:complexType>
  <xs:element name="honorBasedDeclarations">
    <xs:annotation>
      <xs:documentation>La déclaration implicite sur l'honneur
/ De impliciete verklaring op erewoord Information the notary has obtained by asking the party for this information.
This is information that is not checked in legal sources. The party has to be trusted to give the correct information.</xs:documentation>
    </xs:annotation>
    <xs:complexType>
      <xs:sequence>
        <xs:element name="honorBasedDeclaration" maxOccurs="unbounded">
          <xs:complexType>
            <xs:complexContent>
              <xs:extension base="hbd:HonorBasedDeclarationsType">
                <xs:attribute name="partyLink" use="required">
                  <xs:annotation>
                    <xs:documentation>ID of the party these declarations are linked to.</xs:documentation>
                  </xs:annotation>
                </xs:attribute>
              </xs:extension>
            </xs:complexContent>
          </xs:complexType>
        </xs:element>
      </xs:sequence>
    </xs:complexType>
  </xs:element>
</xs:schema>]]></con:content><con:type>http://www.w3.org/2001/XMLSchema</con:type></con:part><con:part><con:url>file:/home/ebarbieux/Dev/fidus/fourthwaytransactionservice_1.0/FourthWayTransactionServiceGateway/src/main/resources/wsdl/fourthWayTransactionService/1.0.0/XMLSchema/technical.xsd</con:url><con:content><![CDATA[<!--edited with XMLSpy v2010 (http://www.altova.com) by Johan Schurgers (I8C)-->
<xs:schema targetNamespace="http://fsb.belgium.be/FourthWayServices/technical" elementFormDefault="qualified" attributeFormDefault="unqualified" version="1.0" xmlns:xs="http://www.w3.org/2001/XMLSchema" xmlns:tech="http://fsb.belgium.be/FourthWayServices/technical" xmlns:ds="http://www.w3.org/2000/09/xmldsig#">
  <xs:import namespace="http://www.w3.org/2000/09/xmldsig#" schemaLocation="xmldsig-core-schema.xsd"/>
  <xs:element name="technical" type="tech:TechnicalType">
    <xs:annotation>
      <xs:documentation>All supporting objects about the business message are placed in techincal. Signatures, encryption, ...</xs:documentation>
    </xs:annotation>
  </xs:element>
  <xs:complexType name="TechnicalType">
    <xs:sequence>
      <xs:element ref="ds:Signature"/>
    </xs:sequence>
  </xs:complexType>
</xs:schema>]]></con:content><con:type>http://www.w3.org/2001/XMLSchema</con:type></con:part><con:part><con:url>file:/home/ebarbieux/Dev/fidus/fourthwaytransactionservice_1.0/FourthWayTransactionServiceGateway/src/main/resources/wsdl/fourthWayTransactionService/1.0.0/XMLSchema/xmldsig-core-schema.xsd</con:url><con:content><![CDATA[<schema targetNamespace="http://www.w3.org/2000/09/xmldsig#" version="1.0.5" elementFormDefault="qualified" xmlns="http://www.w3.org/2001/XMLSchema" xmlns:ds="http://www.w3.org/2000/09/xmldsig#">
  <!--adapted for Fedict version 1.0.5-->
  <!--Basic Types Defined for Signatures-->
  <simpleType name="CryptoBinary">
    <restriction base="base64Binary"></restriction>
  </simpleType>
  <!--Start Signature-->
  <element name="Signature" type="ds:SignatureType"/>
  <complexType name="SignatureType">
    <sequence>
      <element ref="ds:SignedInfo"/>
      <element ref="ds:SignatureValue"/>
      <element ref="ds:KeyInfo" minOccurs="0"/>
      <element ref="ds:Object" minOccurs="0" maxOccurs="unbounded"/>
    </sequence>
    <attribute name="Id" type="ID" use="optional"/>
  </complexType>
  <element name="SignatureValue" type="ds:SignatureValueType"/>
  <complexType name="SignatureValueType">
    <simpleContent>
      <extension base="base64Binary">
        <attribute name="Id" type="ID" use="optional"/>
      </extension>
    </simpleContent>
  </complexType>
  <!--Start SignedInfo-->
  <element name="SignedInfo" type="ds:SignedInfoType"/>
  <complexType name="SignedInfoType">
    <sequence>
      <element ref="ds:CanonicalizationMethod"/>
      <element ref="ds:SignatureMethod"/>
      <element ref="ds:Reference" maxOccurs="unbounded"/>
    </sequence>
    <attribute name="Id" type="ID" use="optional"/>
  </complexType>
  <element name="CanonicalizationMethod" type="ds:CanonicalizationMethodType"/>
  <complexType name="CanonicalizationMethodType" mixed="true">
    <sequence>
      <any namespace="##any" minOccurs="0" maxOccurs="unbounded"/>
      <!--(0,unbounded) elements from (1,1) namespace-->
    </sequence>
    <attribute name="Algorithm" type="anyURI" use="required"/>
  </complexType>
  <element name="SignatureMethod" type="ds:SignatureMethodType"/>
  <complexType name="SignatureMethodType" mixed="true">
    <sequence>
      <element name="HMACOutputLength" minOccurs="0" type="ds:HMACOutputLengthType"/>
      <any namespace="##other" minOccurs="0" maxOccurs="unbounded"/>
      <!--(0,unbounded) elements from (1,1) external namespace-->
    </sequence>
    <attribute name="Algorithm" type="anyURI" use="required"/>
  </complexType>
  <!--Start Reference-->
  <element name="Reference" type="ds:ReferenceType"/>
  <complexType name="ReferenceType">
    <sequence>
      <element ref="ds:Transforms" minOccurs="0"/>
      <element ref="ds:DigestMethod"/>
      <element ref="ds:DigestValue"/>
    </sequence>
    <attribute name="Id" type="ID" use="optional"/>
    <attribute name="URI" type="anyURI" use="optional"/>
    <attribute name="Type" type="anyURI" use="optional"/>
  </complexType>
  <element name="Transforms" type="ds:TransformsType"/>
  <complexType name="TransformsType">
    <sequence>
      <element ref="ds:Transform" maxOccurs="unbounded"/>
    </sequence>
  </complexType>
  <element name="Transform" type="ds:TransformType"/>
  <complexType name="TransformType" mixed="true">
    <choice minOccurs="0" maxOccurs="unbounded">
      <any namespace="##other" processContents="lax"/>
      <!--(1,1) elements from (0,unbounded) namespaces-->
      <element name="XPath" type="string"/>
    </choice>
    <attribute name="Algorithm" type="anyURI" use="required"/>
  </complexType>
  <!--End Reference-->
  <element name="DigestMethod" type="ds:DigestMethodType"/>
  <complexType name="DigestMethodType" mixed="true">
    <sequence>
      <any namespace="##other" processContents="lax" minOccurs="0" maxOccurs="unbounded"/>
    </sequence>
    <attribute name="Algorithm" type="anyURI" use="required"/>
  </complexType>
  <element name="DigestValue" type="ds:DigestValueType"/>
  <simpleType name="DigestValueType">
    <restriction base="base64Binary"/>
  </simpleType>
  <!--End SignedInfo-->
  <!--Start KeyInfo-->
  <element name="KeyInfo" type="ds:KeyInfoType"/>
  <complexType name="KeyInfoType" mixed="true">
    <choice maxOccurs="unbounded">
      <element ref="ds:KeyName"/>
      <element ref="ds:KeyValue"/>
      <element ref="ds:RetrievalMethod"/>
      <element ref="ds:X509Data"/>
      <element ref="ds:PGPData"/>
      <element ref="ds:SPKIData"/>
      <element ref="ds:MgmtData"/>
      <any processContents="lax" namespace="##other"/>
      <!--(1,1) elements from (0,unbounded) namespaces-->
    </choice>
    <attribute name="Id" type="ID" use="optional"/>
  </complexType>
  <element name="KeyName" type="string"/>
  <element name="MgmtData" type="string"/>
  <element name="KeyValue" type="ds:KeyValueType"/>
  <complexType name="KeyValueType" mixed="true">
    <choice>
      <element ref="ds:DSAKeyValue"/>
      <element ref="ds:RSAKeyValue"/>
      <any namespace="##other" processContents="lax"/>
    </choice>
  </complexType>
  <element name="RetrievalMethod" type="ds:RetrievalMethodType"/>
  <complexType name="RetrievalMethodType">
    <sequence>
      <element ref="ds:Transforms" minOccurs="0"/>
    </sequence>
    <attribute name="URI" type="anyURI"/>
    <attribute name="Type" type="anyURI" use="optional"/>
  </complexType>
  <!--Start X509Data-->
  <element name="X509Data" type="ds:X509DataType"/>
  <complexType name="X509DataType">
    <sequence maxOccurs="unbounded">
      <choice>
        <element name="X509IssuerSerial" type="ds:X509IssuerSerialType"/>
        <element name="X509SKI" type="base64Binary"/>
        <element name="X509SubjectName" type="string"/>
        <element name="X509Certificate" type="base64Binary"/>
        <element name="X509CRL" type="base64Binary"/>
        <any namespace="##other" processContents="lax"/>
      </choice>
    </sequence>
  </complexType>
  <complexType name="X509IssuerSerialType">
    <sequence>
      <element name="X509IssuerName" type="string"/>
      <element name="X509SerialNumber" type="integer"/>
    </sequence>
  </complexType>
  <!--End X509Data-->
  <!--Begin PGPData-->
  <element name="PGPData" type="ds:PGPDataType"/>
  <complexType name="PGPDataType">
    <choice>
      <sequence>
        <element name="PGPKeyID" type="base64Binary"/>
        <element name="PGPKeyPacket" type="base64Binary" minOccurs="0"/>
        <any namespace="##other" processContents="lax" minOccurs="0" maxOccurs="unbounded"/>
      </sequence>
      <sequence>
        <element name="PGPKeyPacket" type="base64Binary"/>
        <any namespace="##other" processContents="lax" minOccurs="0" maxOccurs="unbounded"/>
      </sequence>
    </choice>
  </complexType>
  <!--End PGPData-->
  <!--Begin SPKIData-->
  <element name="SPKIData" type="ds:SPKIDataType"/>
  <complexType name="SPKIDataType">
    <sequence maxOccurs="unbounded">
      <element name="SPKISexp" type="base64Binary"/>
      <any namespace="##other" processContents="lax" minOccurs="0"/>
    </sequence>
  </complexType>
  <!--End SPKIData-->
  <!--End KeyInfo-->
  <!--Start Object (Manifest, SignatureProperty)-->
  <element name="Object" type="ds:ObjectType"/>
  <complexType name="ObjectType" mixed="true">
    <sequence minOccurs="0" maxOccurs="unbounded">
      <any namespace="##any" processContents="lax"/>
    </sequence>
    <attribute name="Id" type="ID" use="optional"/>
    <attribute name="MimeType" type="string" use="optional"/>
    <!--add a grep facet-->
    <attribute name="Encoding" type="anyURI" use="optional"/>
  </complexType>
  <element name="Manifest" type="ds:ManifestType"/>
  <complexType name="ManifestType">
    <sequence>
      <element ref="ds:Reference" maxOccurs="unbounded"/>
    </sequence>
    <attribute name="Id" type="ID" use="optional"/>
  </complexType>
  <element name="SignatureProperties" type="ds:SignaturePropertiesType"/>
  <complexType name="SignaturePropertiesType">
    <sequence>
      <element ref="ds:SignatureProperty" maxOccurs="unbounded"/>
    </sequence>
    <attribute name="Id" type="ID" use="optional"/>
  </complexType>
  <element name="SignatureProperty" type="ds:SignaturePropertyType"/>
  <complexType name="SignaturePropertyType" mixed="true">
    <choice maxOccurs="unbounded">
      <any namespace="##other" processContents="lax"/>
      <!--(1,1) elements from (1,unbounded) namespaces-->
    </choice>
    <attribute name="Target" type="anyURI" use="required"/>
    <attribute name="Id" type="ID" use="optional"/>
  </complexType>
  <!--End Object (Manifest, SignatureProperty)-->
  <!--Start Algorithm Parameters-->
  <simpleType name="HMACOutputLengthType">
    <restriction base="integer"/>
  </simpleType>
  <!--Start KeyValue Element-types-->
  <element name="DSAKeyValue" type="ds:DSAKeyValueType"/>
  <complexType name="DSAKeyValueType">
    <sequence>
      <sequence minOccurs="0">
        <element name="P" type="ds:CryptoBinary"/>
        <element name="Q" type="ds:CryptoBinary"/>
      </sequence>
      <element name="G" type="ds:CryptoBinary" minOccurs="0"/>
      <element name="Y" type="ds:CryptoBinary"/>
      <element name="J" type="ds:CryptoBinary" minOccurs="0"/>
      <sequence minOccurs="0">
        <element name="Seed" type="ds:CryptoBinary"/>
        <element name="PgenCounter" type="ds:CryptoBinary"/>
      </sequence>
    </sequence>
  </complexType>
  <element name="RSAKeyValue" type="ds:RSAKeyValueType"/>
  <complexType name="RSAKeyValueType">
    <sequence>
      <element name="Modulus" type="ds:CryptoBinary"/>
      <element name="Exponent" type="ds:CryptoBinary"/>
    </sequence>
  </complexType>
  <!--End KeyValue Element-types-->
  <!--End Signature-->
</schema>]]></con:content><con:type>http://www.w3.org/2001/XMLSchema</con:type></con:part><con:part><con:url>file:/home/ebarbieux/Dev/fidus/fourthwaytransactionservice_1.0/FourthWayTransactionServiceGateway/src/main/resources/wsdl/fourthWayTransactionService/1.0.0/XMLSchema/debtnotification.xsd</con:url><con:content><![CDATA[<!--edited with XMLSpy v2010 (http://www.altova.com) by Johan Schurgers (I8C)-->
<xs:schema targetNamespace="http://fsb.belgium.be/FourthWayServices/debtnotification" elementFormDefault="qualified" attributeFormDefault="unqualified" version="1.0.5" xmlns:xs="http://www.w3.org/2001/XMLSchema" xmlns:dpy="http://fsb.belgium.be/FourthWayServices/debtparty" xmlns:dnn="http://fsb.belgium.be/FourthWayServices/debtnotification" xmlns:cin="http://fsb.belgium.be/FourthWayServices/generalcaseinformation" xmlns:frmsg="http://fsb.belgium.be/FourthWayServices/fourthwaymessage" xmlns:lbs="http://fsb.belgium.be/FourthWayServices/legalbase" xmlns:tech="http://fsb.belgium.be/FourthWayServices/technical">
  <xs:import namespace="http://fsb.belgium.be/FourthWayServices/debtparty" schemaLocation="debtparty.xsd"/>
  <xs:import namespace="http://fsb.belgium.be/FourthWayServices/generalcaseinformation" schemaLocation="generalcaseinformation.xsd"/>
  <xs:import namespace="http://fsb.belgium.be/FourthWayServices/legalbase" schemaLocation="legalbase.xsd"/>
  <xs:import namespace="http://fsb.belgium.be/FourthWayServices/fourthwaymessage" schemaLocation="fourthwaymessage.xsd"/>
  <xs:import namespace="http://fsb.belgium.be/FourthWayServices/technical" schemaLocation="technical.xsd"/>
  <xs:element name="debtNotification" substitutionGroup="frmsg:fourthWayMessage">
    <xs:annotation>
      <xs:documentation>When the debtinquiry of a case results in actual debts, this debt needs to be notified to initiator of the case. The debt notification is an official confiscation of the earnings generated by the transaction.</xs:documentation>
    </xs:annotation>
    <xs:complexType>
      <xs:complexContent>
        <xs:extension base="dnn:DebtNotificationType">
          <xs:sequence>
            <xs:element ref="tech:technical"/>
          </xs:sequence>
          <xs:attribute name="Id" use="required" type="xs:ID"/>
        </xs:extension>
      </xs:complexContent>
    </xs:complexType>
  </xs:element>
  <xs:complexType name="DebtNotificationType">
    <xs:complexContent>
      <xs:extension base="frmsg:FourthWayMessageType">
        <xs:sequence>
          <xs:element ref="cin:generalCaseInformation"/>
          <xs:element ref="dpy:debtParty"/>
          <xs:element ref="lbs:legalBase"/>
        </xs:sequence>
      </xs:extension>
    </xs:complexContent>
  </xs:complexType>
</xs:schema>]]></con:content><con:type>http://www.w3.org/2001/XMLSchema</con:type></con:part><con:part><con:url>file:/home/ebarbieux/Dev/fidus/fourthwaytransactionservice_1.0/FourthWayTransactionServiceGateway/src/main/resources/wsdl/fourthWayTransactionService/1.0.0/XMLSchema/debtparty.xsd</con:url><con:content><![CDATA[<!--edited with XMLSpy v2010 (http://www.altova.com) by Johan Schurgers (I8C)-->
<xs:schema targetNamespace="http://fsb.belgium.be/FourthWayServices/debtparty" elementFormDefault="qualified" attributeFormDefault="unqualified" version="1.0.4" xmlns:xs="http://www.w3.org/2001/XMLSchema" xmlns:dpy="http://fsb.belgium.be/FourthWayServices/debtparty" xmlns:dbt="http://fsb.belgium.be/FourthWayServices/debt" xmlns:pty="http://fsb.belgium.be/FourthWayServices/party" xmlns:dts="http://fsb.belgium.be/FourthWayServices/common/datatypes">
  <xs:import namespace="http://fsb.belgium.be/FourthWayServices/party" schemaLocation="party.xsd"/>
  <xs:import namespace="http://fsb.belgium.be/FourthWayServices/debt" schemaLocation="debt.xsd"/>
  <xs:import namespace="http://fsb.belgium.be/FourthWayServices/common/datatypes" schemaLocation="datatypes.xsd"/>
  <xs:element name="debtParty" type="dpy:DebtPartyType"/>
  <xs:complexType name="DebtPartyType">
    <xs:sequence>
      <xs:element ref="pty:party"/>
      <xs:element ref="dbt:debt" maxOccurs="unbounded"/>
      <xs:element name="totalDebtAmount" type="dts:CurrencyAmountType">
        <xs:annotation>
          <xs:documentation>The total amount for all debts in the debt notification.</xs:documentation>
        </xs:annotation>
      </xs:element>
    </xs:sequence>
  </xs:complexType>
</xs:schema>]]></con:content><con:type>http://www.w3.org/2001/XMLSchema</con:type></con:part><con:part><con:url>file:/home/ebarbieux/Dev/fidus/fourthwaytransactionservice_1.0/FourthWayTransactionServiceGateway/src/main/resources/wsdl/fourthWayTransactionService/1.0.0/XMLSchema/debt.xsd</con:url><con:content><![CDATA[<!--edited with XMLSpy v2010 (http://www.altova.com) by Johan Schurgers (I8C)-->
<xs:schema targetNamespace="http://fsb.belgium.be/FourthWayServices/debt" elementFormDefault="qualified" attributeFormDefault="unqualified" version="1.0.3" xmlns:xs="http://www.w3.org/2001/XMLSchema" xmlns:dbt="http://fsb.belgium.be/FourthWayServices/debt" xmlns:fdbt="http://fsb.belgium.be/FourthWayServices/fiscaldebt" xmlns:sdbt="http://fsb.belgium.be/FourthWayServices/socialdebt" xmlns:frfdbt="http://fsb.belgium.be/FourthWayServices/fiscalregionflandersdebt">
  <xs:import namespace="http://fsb.belgium.be/FourthWayServices/fiscaldebt" schemaLocation="fiscaldebt.xsd"/>
  <xs:import namespace="http://fsb.belgium.be/FourthWayServices/socialdebt" schemaLocation="socialdebt.xsd"/>
  <xs:import namespace="http://fsb.belgium.be/FourthWayServices/fiscalregionflandersdebt" schemaLocation="fiscalregionflandersdebt.xsd"/>
  <xs:complexType name="DebtType">
    <xs:sequence>
      <xs:element ref="dbt:debtInformation"/>
    </xs:sequence>
    <xs:attribute name="debtID" type="xs:string" use="required">
      <xs:annotation>
        <xs:documentation>Number of the debt. This number will be used in following messages. The form that is used: 001, 002, 003</xs:documentation>
      </xs:annotation>
    </xs:attribute>
  </xs:complexType>
  <xs:element name="debt" type="dbt:DebtType"/>
  <xs:element name="debtInformation" type="dbt:DebtInformationType" abstract="true">
    <xs:annotation>
      <xs:documentation>Abstract element which is to be substituted with specific criteria.
				The specific criteria are defined in separate schemas.</xs:documentation>
    </xs:annotation>
  </xs:element>
  <xs:complexType name="DebtInformationType" abstract="true"></xs:complexType>
</xs:schema>]]></con:content><con:type>http://www.w3.org/2001/XMLSchema</con:type></con:part><con:part><con:url>file:/home/ebarbieux/Dev/fidus/fourthwaytransactionservice_1.0/FourthWayTransactionServiceGateway/src/main/resources/wsdl/fourthWayTransactionService/1.0.0/XMLSchema/fiscaldebt.xsd</con:url><con:content><![CDATA[<!--edited with XMLSpy v2010 (http://www.altova.com) by Johan Schurgers (I8C)-->
<xs:schema targetNamespace="http://fsb.belgium.be/FourthWayServices/fiscaldebt" elementFormDefault="qualified" attributeFormDefault="unqualified" version="1.0.4.1" xmlns:xs="http://www.w3.org/2001/XMLSchema" xmlns:fdbt="http://fsb.belgium.be/FourthWayServices/fiscaldebt" xmlns:dbt="http://fsb.belgium.be/FourthWayServices/debt" xmlns:fdd="http://fsb.belgium.be/FourthWayServices/fiscaldebtdetails" xmlns:oprc="http://fsb.belgium.be/FourthWayServices/officialproclamation" xmlns:beni="http://fsb.belgium.be/FourthWayServices/beneficiary" xmlns:debtdin="http://fsb.belgium.be/FourthWayServices/debtdetailedinformation" xmlns:dbtsol="http://fsb.belgium.be/FourthWayServices/debtsolidarity">
  <xs:import namespace="http://fsb.belgium.be/FourthWayServices/debtdetailedinformation" schemaLocation="debtdetailedinformation.xsd"/>
  <xs:import namespace="http://fsb.belgium.be/FourthWayServices/beneficiary" schemaLocation="beneficiary.xsd"/>
  <xs:import namespace="http://fsb.belgium.be/FourthWayServices/officialproclamation" schemaLocation="officialproclamation.xsd"/>
  <xs:import namespace="http://fsb.belgium.be/FourthWayServices/fiscaldebtdetails" schemaLocation="fiscaldebtdetails.xsd"/>
  <xs:import namespace="http://fsb.belgium.be/FourthWayServices/debt" schemaLocation="debt.xsd"/>
  <xs:import namespace="http://fsb.belgium.be/FourthWayServices/debtsolidarity" schemaLocation="debtsolidarity.xsd"/>
  <xs:element name="fiscaldebt" type="fdbt:FiscalDebtType" substitutionGroup="dbt:debtInformation"/>
  <xs:complexType name="FiscalDebtType">
    <xs:complexContent>
      <xs:extension base="dbt:DebtInformationType">
        <xs:sequence>
          <xs:element ref="fdd:fiscalDebtDetails"/>
          <xs:element ref="oprc:officialProclamation"/>
          <xs:element ref="beni:beneficiary"/>
          <xs:element ref="debtdin:debtDetailedInformation"/>
          <xs:element ref="dbtsol:debtSolidarity" minOccurs="0"/>
        </xs:sequence>
      </xs:extension>
    </xs:complexContent>
  </xs:complexType>
</xs:schema>]]></con:content><con:type>http://www.w3.org/2001/XMLSchema</con:type></con:part><con:part><con:url>file:/home/ebarbieux/Dev/fidus/fourthwaytransactionservice_1.0/FourthWayTransactionServiceGateway/src/main/resources/wsdl/fourthWayTransactionService/1.0.0/XMLSchema/debtdetailedinformation.xsd</con:url><con:content><![CDATA[<!--edited with XMLSpy v2010 (http://www.altova.com) by Johan Schurgers (I8C)-->
<xs:schema targetNamespace="http://fsb.belgium.be/FourthWayServices/debtdetailedinformation" elementFormDefault="qualified" attributeFormDefault="unqualified" version="1.0.3" xmlns:xs="http://www.w3.org/2001/XMLSchema" xmlns:debtdin="http://fsb.belgium.be/FourthWayServices/debtdetailedinformation" xmlns:dts="http://fsb.belgium.be/FourthWayServices/common/datatypes">
  <xs:import namespace="http://fsb.belgium.be/FourthWayServices/common/datatypes" schemaLocation="datatypes.xsd"/>
  <xs:complexType name="DebtDetailedInformationType">
    <xs:sequence>
      <xs:element name="calculationDate" type="xs:date">
        <xs:annotation>
          <xs:documentation>Date the debt was calculated</xs:documentation>
        </xs:annotation>
      </xs:element>
      <xs:element name="referentialDate" type="xs:date" minOccurs="0">
        <xs:annotation>
          <xs:documentation>The date on which the account is closed (e.g. the end of the trimester)</xs:documentation>
        </xs:annotation>
      </xs:element>
      <xs:element name="referentialNumber" type="xs:string" minOccurs="0">
        <xs:annotation>
          <xs:documentation>Identification number of the debt with the debt claimer. When a party does not pay the amounts owed for taxes, social taxes or others. The amount can be transferred to another register or service responsible for reclaiming the debt. This number is the internal number to refer to a debt in such a register and not the initial tax number reference. The number represents the debt in an internal debt register.</xs:documentation>
        </xs:annotation>
      </xs:element>
    </xs:sequence>
  </xs:complexType>
  <xs:element name="debtDetailedInformation" type="debtdin:DebtDetailedInformationType">
    <xs:annotation>
      <xs:documentation>General information about the debt.</xs:documentation>
    </xs:annotation>
  </xs:element>
</xs:schema>]]></con:content><con:type>http://www.w3.org/2001/XMLSchema</con:type></con:part><con:part><con:url>file:/home/ebarbieux/Dev/fidus/fourthwaytransactionservice_1.0/FourthWayTransactionServiceGateway/src/main/resources/wsdl/fourthWayTransactionService/1.0.0/XMLSchema/beneficiary.xsd</con:url><con:content><![CDATA[<!--edited with XMLSpy v2010 (http://www.altova.com) by Johan Schurgers (I8C)-->
<xs:schema targetNamespace="http://fsb.belgium.be/FourthWayServices/beneficiary" elementFormDefault="qualified" attributeFormDefault="unqualified" version="1.0" xmlns:xs="http://www.w3.org/2001/XMLSchema" xmlns:beni="http://fsb.belgium.be/FourthWayServices/beneficiary" xmlns:ba="http://fsb.belgium.be/FourthWayServices/common/bankaccount" xmlns:dts="http://fsb.belgium.be/FourthWayServices/common/datatypes">
  <xs:import namespace="http://fsb.belgium.be/FourthWayServices/common/bankaccount" schemaLocation="bankaccount.xsd"/>
  <xs:import namespace="http://fsb.belgium.be/FourthWayServices/common/datatypes" schemaLocation="datatypes.xsd"/>
  <xs:complexType name="BeneficiaryType">
    <xs:sequence>
      <xs:element name="beneficiaryName" type="xs:string" minOccurs="0">
        <xs:annotation>
          <xs:documentation>Official name of the beneficiary</xs:documentation>
        </xs:annotation>
      </xs:element>
      <xs:element name="structuredMessage" type="xs:string">
        <xs:annotation>
          <xs:documentation>Message to be used when transfering the money</xs:documentation>
        </xs:annotation>
      </xs:element>
      <xs:element name="amount" type="dts:CurrencyAmountType" minOccurs="0">
        <xs:annotation>
          <xs:documentation>Amount to be paid in euro without the euro sign</xs:documentation>
        </xs:annotation>
      </xs:element>
      <xs:element ref="ba:bankAccount"/>
    </xs:sequence>
  </xs:complexType>
  <xs:element name="beneficiary" type="beni:BeneficiaryType">
    <xs:annotation>
      <xs:documentation>Claimer of the earnings of the debt.</xs:documentation>
    </xs:annotation>
  </xs:element>
</xs:schema>]]></con:content><con:type>http://www.w3.org/2001/XMLSchema</con:type></con:part><con:part><con:url>file:/home/ebarbieux/Dev/fidus/fourthwaytransactionservice_1.0/FourthWayTransactionServiceGateway/src/main/resources/wsdl/fourthWayTransactionService/1.0.0/XMLSchema/bankaccount.xsd</con:url><con:content><![CDATA[<!--edited with XMLSpy v2010 (http://www.altova.com) by Johan Schurgers (I8C)-->
<xs:schema targetNamespace="http://fsb.belgium.be/FourthWayServices/common/bankaccount" elementFormDefault="qualified" attributeFormDefault="unqualified" version="1.0" xmlns:xs="http://www.w3.org/2001/XMLSchema" xmlns:ba="http://fsb.belgium.be/FourthWayServices/common/bankaccount" xmlns:addn="http://fsb.belgium.be/FourthWayServices/common/addressinformation">
  <xs:import namespace="http://fsb.belgium.be/FourthWayServices/common/addressinformation" schemaLocation="addressinformation.xsd"/>
  <xs:element name="bankAccount" type="ba:BankAccountType">
    <xs:annotation>
      <xs:documentation>Description of a bankaccount. When using internnational accounts alle elements are required.</xs:documentation>
    </xs:annotation>
  </xs:element>
  <xs:complexType name="BankAccountType">
    <xs:sequence>
      <xs:element name="ibanNumber" type="xs:string">
        <xs:annotation>
          <xs:documentation>International Bank Account Number</xs:documentation>
        </xs:annotation>
      </xs:element>
      <xs:element name="bicCode" type="xs:string" minOccurs="0">
        <xs:annotation>
          <xs:documentation>Bank Identificatie Code (old SWIFT code)</xs:documentation>
        </xs:annotation>
      </xs:element>
      <xs:element name="accountName" type="xs:string" minOccurs="0">
        <xs:annotation>
          <xs:documentation>Name the account is listed to</xs:documentation>
        </xs:annotation>
      </xs:element>
      <xs:element ref="addn:address" minOccurs="0"/>
    </xs:sequence>
  </xs:complexType>
</xs:schema>]]></con:content><con:type>http://www.w3.org/2001/XMLSchema</con:type></con:part><con:part><con:url>file:/home/ebarbieux/Dev/fidus/fourthwaytransactionservice_1.0/FourthWayTransactionServiceGateway/src/main/resources/wsdl/fourthWayTransactionService/1.0.0/XMLSchema/officialproclamation.xsd</con:url><con:content><![CDATA[<!--edited with XMLSpy v2010 (http://www.altova.com) by Johan Schurgers (I8C)-->
<xs:schema targetNamespace="http://fsb.belgium.be/FourthWayServices/officialproclamation" elementFormDefault="qualified" attributeFormDefault="unqualified" version="1.0.4" xmlns:xs="http://www.w3.org/2001/XMLSchema" xmlns:oprc="http://fsb.belgium.be/FourthWayServices/officialproclamation">
  <xs:complexType name="OfficalProclamationType">
    <xs:sequence>
      <xs:element name="proclamationType" type="xs:string" minOccurs="0">
        <xs:annotation>
          <xs:documentation>Kind of debt ex Juridical ruling, "cohier" article</xs:documentation>
        </xs:annotation>
      </xs:element>
      <xs:element name="dateOfProclamation" type="xs:date" minOccurs="0">
        <xs:annotation>
          <xs:documentation>Date when the original debt document was created.</xs:documentation>
        </xs:annotation>
      </xs:element>
      <xs:element name="proclamationReference" type="xs:string" minOccurs="0">
        <xs:annotation>
          <xs:documentation>Identification to the original debt document</xs:documentation>
        </xs:annotation>
      </xs:element>
      <xs:element name="juridicalCode" type="xs:string" minOccurs="0">
        <xs:annotation>
          <xs:documentation>Juridical code of decision</xs:documentation>
        </xs:annotation>
      </xs:element>
      <xs:element name="juridicalDisctrict" type="xs:string" minOccurs="0">
        <xs:annotation>
          <xs:documentation>District the juridical ruling was done.</xs:documentation>
        </xs:annotation>
      </xs:element>
      <xs:element name="articleNumber" type="xs:string" minOccurs="0">
        <xs:annotation>
          <xs:documentation>In case of coercion the article the coercion was based on</xs:documentation>
        </xs:annotation>
      </xs:element>
      <xs:element name="additionalInformation" type="xs:string" minOccurs="0">
        <xs:annotation>
          <xs:documentation>extra information about to reference the debt to a the physical subject of the debt (licensce plate, registration number, ...)</xs:documentation>
        </xs:annotation>
      </xs:element>
    </xs:sequence>
  </xs:complexType>
  <xs:element name="officialProclamation" type="oprc:OfficalProclamationType">
    <xs:annotation>
      <xs:documentation>Every debt has an origin that was used to determine the debt. This reference is always documented</xs:documentation>
    </xs:annotation>
  </xs:element>
</xs:schema>]]></con:content><con:type>http://www.w3.org/2001/XMLSchema</con:type></con:part><con:part><con:url>file:/home/ebarbieux/Dev/fidus/fourthwaytransactionservice_1.0/FourthWayTransactionServiceGateway/src/main/resources/wsdl/fourthWayTransactionService/1.0.0/XMLSchema/fiscaldebtdetails.xsd</con:url><con:content><![CDATA[<!--edited with XMLSpy v2010 (http://www.altova.com) by Johan Schurgers (I8C)-->
<xs:schema targetNamespace="http://fsb.belgium.be/FourthWayServices/fiscaldebtdetails" elementFormDefault="qualified" attributeFormDefault="unqualified" version="1.0.4" xmlns:xs="http://www.w3.org/2001/XMLSchema" xmlns:fdd="http://fsb.belgium.be/FourthWayServices/fiscaldebtdetails" xmlns:dts="http://fsb.belgium.be/FourthWayServices/common/datatypes">
  <xs:import namespace="http://fsb.belgium.be/FourthWayServices/common/datatypes" schemaLocation="datatypes.xsd"/>
  <xs:complexType name="FiscalDebtDetailsType">
    <xs:sequence>
      <xs:element name="debtType" type="xs:string">
        <xs:annotation>
          <xs:documentation>Type of debt. Trafic tax, income tax debt, ...</xs:documentation>
        </xs:annotation>
      </xs:element>
      <xs:element name="takenMortgageAmount" type="dts:CurrencyAmountType" minOccurs="0"/>
      <xs:element name="privilegedClaimsAmount" type="dts:CurrencyAmountType" minOccurs="0"/>
      <xs:element name="declarations" minOccurs="0">
        <xs:complexType>
          <xs:sequence>
            <xs:element name="taxDeclarations" minOccurs="0">
              <xs:annotation>
                <xs:documentation>other information about the tax declarations of a party. No predefined structure agreement between businesses</xs:documentation>
              </xs:annotation>
              <xs:complexType>
                <xs:sequence>
                  <xs:element ref="dts:extensions"/>
                </xs:sequence>
              </xs:complexType>
            </xs:element>
            <xs:element name="negligenceClause" minOccurs="0">
              <xs:annotation>
                <xs:documentation>Clauses about negligence amounts to calculate in case of issues.</xs:documentation>
              </xs:annotation>
              <xs:complexType>
                <xs:sequence>
                  <xs:element name="additionalIntrest" type="dts:CurrencyAmountType">
                    <xs:annotation>
                      <xs:documentation>Additional interest to be calculated on the amount. Amount in euro.</xs:documentation>
                    </xs:annotation>
                  </xs:element>
                  <xs:element name="additionalIntrestFromDate" type="xs:date">
                    <xs:annotation>
                      <xs:documentation>When this date has passed the additional interest has to be calculated</xs:documentation>
                    </xs:annotation>
                  </xs:element>
                </xs:sequence>
              </xs:complexType>
            </xs:element>
          </xs:sequence>
        </xs:complexType>
      </xs:element>
      <xs:element ref="dts:referencePeriod" minOccurs="0"/>
      <xs:element name="totalDebt" type="dts:CurrencyAmountType">
        <xs:annotation>
          <xs:documentation>Total debt amount in euro without the euro sign</xs:documentation>
        </xs:annotation>
      </xs:element>
      <xs:element name="debtBreakdown" minOccurs="0" maxOccurs="unbounded">
        <xs:annotation>
          <xs:documentation>When a debt consists out of several parts (intrest, debt, costs, ...) the breakdown can be given.</xs:documentation>
        </xs:annotation>
        <xs:complexType>
          <xs:sequence>
            <xs:element name="debtSubType" type="xs:string">
              <xs:annotation>
                <xs:documentation>description of the part in the breakdown</xs:documentation>
              </xs:annotation>
            </xs:element>
            <xs:element name="debtSubAmount" type="dts:CurrencyAmountType">
              <xs:annotation>
                <xs:documentation>Amount in the breakdown in euro without the euro sign</xs:documentation>
              </xs:annotation>
            </xs:element>
          </xs:sequence>
        </xs:complexType>
      </xs:element>
    </xs:sequence>
  </xs:complexType>
  <xs:element name="fiscalDebtDetails" type="fdd:FiscalDebtDetailsType">
    <xs:annotation>
      <xs:documentation>Specific data only needed for fiscal debts</xs:documentation>
    </xs:annotation>
  </xs:element>
</xs:schema>]]></con:content><con:type>http://www.w3.org/2001/XMLSchema</con:type></con:part><con:part><con:url>file:/home/ebarbieux/Dev/fidus/fourthwaytransactionservice_1.0/FourthWayTransactionServiceGateway/src/main/resources/wsdl/fourthWayTransactionService/1.0.0/XMLSchema/debtsolidarity.xsd</con:url><con:content><![CDATA[<!--edited with XMLSpy v2010 (http://www.altova.com) by Johan Schurgers (I8C)-->
<xs:schema targetNamespace="http://fsb.belgium.be/FourthWayServices/debtsolidarity" elementFormDefault="qualified" attributeFormDefault="unqualified" version="1.0.6" xmlns:xs="http://www.w3.org/2001/XMLSchema" xmlns:dbtsol="http://fsb.belgium.be/FourthWayServices/debtsolidarity" xmlns:pty="http://fsb.belgium.be/FourthWayServices/party">
  <xs:import namespace="http://fsb.belgium.be/FourthWayServices/party" schemaLocation="party.xsd"/>
  <xs:complexType name="DebtSolidarityType">
    <xs:sequence>
      <xs:element name="solidarityParties">
        <xs:annotation>
          <xs:documentation>The information about the parties that have debts the original party has a solidarity with.</xs:documentation>
        </xs:annotation>
        <xs:complexType>
          <xs:sequence>
            <xs:element name="solidarityParty" maxOccurs="unbounded">
              <xs:annotation>
                <xs:documentation>Several solidarity parties can be connected to the debt party</xs:documentation>
              </xs:annotation>
              <xs:complexType>
                <xs:sequence>
                  <xs:element ref="pty:partyInformation"/>
                  <xs:element name="additionalInformation" type="xs:string" minOccurs="0">
                    <xs:annotation>
                      <xs:documentation>extra information about the relationship or other information about the solidarity</xs:documentation>
                    </xs:annotation>
                  </xs:element>
                </xs:sequence>
              </xs:complexType>
            </xs:element>
          </xs:sequence>
        </xs:complexType>
      </xs:element>
    </xs:sequence>
  </xs:complexType>
  <xs:element name="debtSolidarity" type="dbtsol:DebtSolidarityType">
    <xs:annotation>
      <xs:documentation>When parties are responsible for the debts of another party (maried couples, financial responsible for a minor, financial responsible for a company). The original party and the party they are responsible for the debt have to be indicated with the link to eachother.</xs:documentation>
    </xs:annotation>
  </xs:element>
</xs:schema>]]></con:content><con:type>http://www.w3.org/2001/XMLSchema</con:type></con:part><con:part><con:url>file:/home/ebarbieux/Dev/fidus/fourthwaytransactionservice_1.0/FourthWayTransactionServiceGateway/src/main/resources/wsdl/fourthWayTransactionService/1.0.0/XMLSchema/socialdebt.xsd</con:url><con:content><![CDATA[<!--edited with XMLSpy v2010 (http://www.altova.com) by Johan Schurgers (I8C)-->
<xs:schema targetNamespace="http://fsb.belgium.be/FourthWayServices/socialdebt" elementFormDefault="qualified" attributeFormDefault="unqualified" version="1.0.4.1" xmlns:xs="http://www.w3.org/2001/XMLSchema" xmlns:sdbt="http://fsb.belgium.be/FourthWayServices/socialdebt" xmlns:dbt="http://fsb.belgium.be/FourthWayServices/debt" xmlns:sdd="http://fsb.belgium.be/FourthWayServices/socialdebtdetails" xmlns:oprc="http://fsb.belgium.be/FourthWayServices/officialproclamation" xmlns:beni="http://fsb.belgium.be/FourthWayServices/beneficiary" xmlns:debtdin="http://fsb.belgium.be/FourthWayServices/debtdetailedinformation">
  <xs:import namespace="http://fsb.belgium.be/FourthWayServices/debt" schemaLocation="debt.xsd"/>
  <xs:import namespace="http://fsb.belgium.be/FourthWayServices/debtdetailedinformation" schemaLocation="debtdetailedinformation.xsd"/>
  <xs:import namespace="http://fsb.belgium.be/FourthWayServices/beneficiary" schemaLocation="beneficiary.xsd"/>
  <xs:import namespace="http://fsb.belgium.be/FourthWayServices/officialproclamation" schemaLocation="officialproclamation.xsd"/>
  <xs:import namespace="http://fsb.belgium.be/FourthWayServices/socialdebtdetails" schemaLocation="socialdebtdetails.xsd"/>
  <xs:element name="socialdebt" type="sdbt:SocialDebtType" substitutionGroup="dbt:debtInformation"/>
  <xs:complexType name="SocialDebtType">
    <xs:complexContent>
      <xs:extension base="dbt:DebtInformationType">
        <xs:sequence>
          <xs:element ref="sdd:socialDebtDetails"/>
          <xs:element ref="oprc:officialProclamation" minOccurs="0" maxOccurs="unbounded"/>
          <xs:element ref="debtdin:debtDetailedInformation"/>
        </xs:sequence>
      </xs:extension>
    </xs:complexContent>
  </xs:complexType>
</xs:schema>]]></con:content><con:type>http://www.w3.org/2001/XMLSchema</con:type></con:part><con:part><con:url>file:/home/ebarbieux/Dev/fidus/fourthwaytransactionservice_1.0/FourthWayTransactionServiceGateway/src/main/resources/wsdl/fourthWayTransactionService/1.0.0/XMLSchema/socialdebtdetails.xsd</con:url><con:content><![CDATA[<!--edited with XMLSpy v2010 (http://www.altova.com) by Johan Schurgers (I8C)-->
<xs:schema targetNamespace="http://fsb.belgium.be/FourthWayServices/socialdebtdetails" elementFormDefault="qualified" attributeFormDefault="unqualified" version="1.0" xmlns:xs="http://www.w3.org/2001/XMLSchema" xmlns:sdd="http://fsb.belgium.be/FourthWayServices/socialdebtdetails" xmlns:insti="http://fsb.belgium.be/FourthWayServices/institution" xmlns:dts="http://fsb.belgium.be/FourthWayServices/common/datatypes" xmlns:beni="http://fsb.belgium.be/FourthWayServices/beneficiary" xmlns:ba="http://fsb.belgium.be/FourthWayServices/common/bankaccount">
  <xs:import namespace="http://fsb.belgium.be/FourthWayServices/institution" schemaLocation="institution.xsd"/>
  <xs:import namespace="http://fsb.belgium.be/FourthWayServices/common/datatypes" schemaLocation="datatypes.xsd"/>
  <xs:import namespace="http://fsb.belgium.be/FourthWayServices/common/bankaccount" schemaLocation="bankaccount.xsd"/>
  <xs:complexType name="SocialDebtDetailsType">
    <xs:sequence>
      <xs:element name="caseInProgress">
        <xs:annotation>
          <xs:documentation>When baillifs are already collecting money for these debts they are identified. No bailifs identified means that the case is not in progress. Only baillifs may be used as institution.</xs:documentation>
        </xs:annotation>
        <xs:complexType>
          <xs:sequence>
            <xs:element ref="insti:institution" maxOccurs="unbounded"/>
          </xs:sequence>
        </xs:complexType>
      </xs:element>
      <xs:element name="totalAmountInfo" maxOccurs="unbounded">
        <xs:annotation>
          <xs:documentation>The grand total of all the amounts in detailedAmountInfo. This total does not include the daily interest.</xs:documentation>
        </xs:annotation>
        <xs:complexType>
          <xs:sequence>
            <xs:element name="typeOfTotalDebt" type="xs:string">
              <xs:annotation>
                <xs:documentation>description Of TotalDebt type</xs:documentation>
              </xs:annotation>
            </xs:element>
            <xs:element name="totalAmount" type="dts:CurrencyAmountType">
              <xs:annotation>
                <xs:documentation>Total amount of the debt in EUR.</xs:documentation>
              </xs:annotation>
            </xs:element>
            <xs:element ref="dts:referencePeriod" minOccurs="0"/>
            <xs:element ref="ba:bankAccount" minOccurs="0"/>
            <xs:element name="structuredMessage" type="xs:string" minOccurs="0">
              <xs:annotation>
                <xs:documentation>Message to be used when transfering the money</xs:documentation>
              </xs:annotation>
            </xs:element>
          </xs:sequence>
        </xs:complexType>
      </xs:element>
      <xs:element name="detailedAmountInfo" maxOccurs="unbounded">
        <xs:annotation>
          <xs:documentation>Detail information about the debt</xs:documentation>
        </xs:annotation>
        <xs:complexType>
          <xs:sequence>
            <xs:element name="debtAmountInfo" maxOccurs="unbounded">
              <xs:complexType>
                <xs:sequence>
                  <xs:element name="debtAmount"/>
                  <xs:element name="descriptionCode">
                    <xs:annotation>
                      <xs:documentation>Type of debt (detail): cotisation, majorisation, intér6et ....</xs:documentation>
                    </xs:annotation>
                  </xs:element>
                  <xs:element ref="dts:referencePeriod" minOccurs="0"/>
                </xs:sequence>
              </xs:complexType>
            </xs:element>
            <xs:element ref="ba:bankAccount" minOccurs="0"/>
            <xs:element name="structuredMessage" type="xs:string" minOccurs="0">
              <xs:annotation>
                <xs:documentation>Message to be used when transfering the money</xs:documentation>
              </xs:annotation>
            </xs:element>
          </xs:sequence>
        </xs:complexType>
      </xs:element>
    </xs:sequence>
  </xs:complexType>
  <xs:element name="socialDebtDetails" type="sdd:SocialDebtDetailsType">
    <xs:annotation>
      <xs:documentation>Specific data only needed for social debts</xs:documentation>
    </xs:annotation>
  </xs:element>
</xs:schema>]]></con:content><con:type>http://www.w3.org/2001/XMLSchema</con:type></con:part><con:part><con:url>file:/home/ebarbieux/Dev/fidus/fourthwaytransactionservice_1.0/FourthWayTransactionServiceGateway/src/main/resources/wsdl/fourthWayTransactionService/1.0.0/XMLSchema/fiscalregionflandersdebt.xsd</con:url><con:content><![CDATA[<!--edited with XMLSpy v2010 (http://www.altova.com) by Johan Schurgers (I8C)-->
<xs:schema targetNamespace="http://fsb.belgium.be/FourthWayServices/fiscalregionflandersdebt" elementFormDefault="qualified" attributeFormDefault="unqualified" version="1.0.4.1" xmlns:xs="http://www.w3.org/2001/XMLSchema" xmlns:frfdbt="http://fsb.belgium.be/FourthWayServices/fiscalregionflandersdebt" xmlns:dbt="http://fsb.belgium.be/FourthWayServices/debt" xmlns:frfdd="http://fsb.belgium.be/FourthWayServices/fiscalregionflandersdebtdetails" xmlns:oprc="http://fsb.belgium.be/FourthWayServices/officialproclamation" xmlns:beni="http://fsb.belgium.be/FourthWayServices/beneficiary" xmlns:debtdin="http://fsb.belgium.be/FourthWayServices/debtdetailedinformation">
  <xs:import namespace="http://fsb.belgium.be/FourthWayServices/debtdetailedinformation" schemaLocation="debtdetailedinformation.xsd"/>
  <xs:import namespace="http://fsb.belgium.be/FourthWayServices/beneficiary" schemaLocation="beneficiary.xsd"/>
  <xs:import namespace="http://fsb.belgium.be/FourthWayServices/officialproclamation" schemaLocation="officialproclamation.xsd"/>
  <xs:import namespace="http://fsb.belgium.be/FourthWayServices/fiscalregionflandersdebtdetails" schemaLocation="fiscalregionflandersdebtdetails.xsd"/>
  <xs:import namespace="http://fsb.belgium.be/FourthWayServices/debt" schemaLocation="debt.xsd"/>
  <xs:element name="fiscalRegionFlandersDebt" type="frfdbt:FiscalRegionFlandersDebtType" substitutionGroup="dbt:debtInformation"/>
  <xs:complexType name="FiscalRegionFlandersDebtType">
    <xs:complexContent>
      <xs:extension base="dbt:DebtInformationType">
        <xs:sequence>
          <xs:element ref="frfdd:fiscalRegionFlandersDebtDetails"/>
          <xs:element ref="oprc:officialProclamation"/>
          <xs:element ref="beni:beneficiary"/>
          <xs:element ref="debtdin:debtDetailedInformation"/>
        </xs:sequence>
      </xs:extension>
    </xs:complexContent>
  </xs:complexType>
</xs:schema>]]></con:content><con:type>http://www.w3.org/2001/XMLSchema</con:type></con:part><con:part><con:url>file:/home/ebarbieux/Dev/fidus/fourthwaytransactionservice_1.0/FourthWayTransactionServiceGateway/src/main/resources/wsdl/fourthWayTransactionService/1.0.0/XMLSchema/fiscalregionflandersdebtdetails.xsd</con:url><con:content><![CDATA[<!--edited with XMLSpy v2010 (http://www.altova.com) by Johan Schurgers (I8C)-->
<xs:schema targetNamespace="http://fsb.belgium.be/FourthWayServices/fiscalregionflandersdebtdetails" elementFormDefault="qualified" attributeFormDefault="unqualified" version="1.0" xmlns:xs="http://www.w3.org/2001/XMLSchema" xmlns:frfdd="http://fsb.belgium.be/FourthWayServices/fiscalregionflandersdebtdetails" xmlns:dts="http://fsb.belgium.be/FourthWayServices/common/datatypes">
  <xs:import namespace="http://fsb.belgium.be/FourthWayServices/common/datatypes" schemaLocation="datatypes.xsd"/>
  <xs:complexType name="FiscalRegionFlandersDebtDetailsType">
    <xs:sequence>
      <xs:element name="debtType" type="xs:string">
        <xs:annotation>
          <xs:documentation>Type of debt. Trafic tax, income tax debt, ...</xs:documentation>
        </xs:annotation>
      </xs:element>
      <xs:element name="takenMortgageAmount" type="dts:CurrencyAmountType" minOccurs="0"/>
      <xs:element name="privilegedClaimsAmount" type="dts:CurrencyAmountType" minOccurs="0"/>
      <xs:element name="declarations">
        <xs:complexType>
          <xs:sequence>
            <xs:element name="taxDeclarations" minOccurs="0">
              <xs:annotation>
                <xs:documentation>other information about the tax declarations of a party. No predefined structure agreement between businesses</xs:documentation>
              </xs:annotation>
              <xs:complexType>
                <xs:sequence>
                  <xs:element ref="dts:extensions"/>
                </xs:sequence>
              </xs:complexType>
            </xs:element>
            <xs:element name="generalDeclarations" minOccurs="0">
              <xs:annotation>
                <xs:documentation>other information to be communicated with the receivers of the message</xs:documentation>
              </xs:annotation>
              <xs:complexType>
                <xs:sequence>
                  <xs:element ref="dts:extensions"/>
                </xs:sequence>
              </xs:complexType>
            </xs:element>
            <xs:element name="negligenceClause" type="xs:string" minOccurs="0">
              <xs:annotation>
                <xs:documentation>Clauses about negligence amounts to calculate in case of issues.</xs:documentation>
              </xs:annotation>
            </xs:element>
          </xs:sequence>
        </xs:complexType>
      </xs:element>
      <xs:element ref="dts:referencePeriod" minOccurs="0"/>
      <xs:element name="totalDebt" type="dts:CurrencyAmountType">
        <xs:annotation>
          <xs:documentation>Total debt amount in euro without the euro sign</xs:documentation>
        </xs:annotation>
      </xs:element>
      <xs:element name="debtBreakdown" minOccurs="0" maxOccurs="unbounded">
        <xs:annotation>
          <xs:documentation>When a debt consists out of several parts (intrest, debt, costs, ...) the breakdown can be given.</xs:documentation>
        </xs:annotation>
        <xs:complexType>
          <xs:sequence>
            <xs:element name="debtSubType" type="xs:string">
              <xs:annotation>
                <xs:documentation>description of the part in the breakdown</xs:documentation>
              </xs:annotation>
            </xs:element>
            <xs:element name="debtSubAmount" type="dts:CurrencyAmountType">
              <xs:annotation>
                <xs:documentation>Amount in the breakdown in euro without the euro sign</xs:documentation>
              </xs:annotation>
            </xs:element>
          </xs:sequence>
        </xs:complexType>
      </xs:element>
      <xs:element name="additionalCosts" minOccurs="0">
        <xs:complexType>
          <xs:sequence>
            <xs:element name="costsOnTaxReclaiming" type="dts:CurrencyAmountType">
              <xs:annotation>
                <xs:documentation>Costs extra on to reclaim the tax</xs:documentation>
              </xs:annotation>
            </xs:element>
            <xs:element name="surchargesOnTax" type="dts:CurrencyAmountType">
              <xs:annotation>
                <xs:documentation>surcharges = opcentiemen</xs:documentation>
              </xs:annotation>
            </xs:element>
            <xs:element name="penaltyAmount" type="dts:CurrencyAmountType">
              <xs:annotation>
                <xs:documentation>penalty on the debt to be paid</xs:documentation>
              </xs:annotation>
            </xs:element>
          </xs:sequence>
        </xs:complexType>
      </xs:element>
    </xs:sequence>
  </xs:complexType>
  <xs:element name="fiscalRegionFlandersDebtDetails" type="frfdd:FiscalRegionFlandersDebtDetailsType">
    <xs:annotation>
      <xs:documentation>Specific data only needed for fiscal debts</xs:documentation>
    </xs:annotation>
  </xs:element>
</xs:schema>]]></con:content><con:type>http://www.w3.org/2001/XMLSchema</con:type></con:part><con:part><con:url>file:/home/ebarbieux/Dev/fidus/fourthwaytransactionservice_1.0/FourthWayTransactionServiceGateway/src/main/resources/wsdl/fourthWayTransactionService/1.0.0/XMLSchema/debtdeficitnotification.xsd</con:url><con:content><![CDATA[<!--edited with XMLSpy v2010 (http://www.altova.com) by Johan Schurgers (I8C)-->
<xs:schema targetNamespace="http://fsb.belgium.be/FourthWayServices/debtdeficitnotification" elementFormDefault="qualified" attributeFormDefault="unqualified" version="1.0.3" xmlns:xs="http://www.w3.org/2001/XMLSchema" xmlns:ddn="http://fsb.belgium.be/FourthWayServices/debtdeficitnotification" xmlns:cin="http://fsb.belgium.be/FourthWayServices/generalcaseinformation" xmlns:frmsg="http://fsb.belgium.be/FourthWayServices/fourthwaymessage" xmlns:difca="http://fsb.belgium.be/FourthWayServices/deficitcaseinformation" xmlns:tech="http://fsb.belgium.be/FourthWayServices/technical">
  <xs:import namespace="http://fsb.belgium.be/FourthWayServices/generalcaseinformation" schemaLocation="generalcaseinformation.xsd"/>
  <xs:import namespace="http://fsb.belgium.be/FourthWayServices/deficitcaseinformation" schemaLocation="deficitcaseinformation.xsd"/>
  <xs:import namespace="http://fsb.belgium.be/FourthWayServices/fourthwaymessage" schemaLocation="fourthwaymessage.xsd"/>
  <xs:import namespace="http://fsb.belgium.be/FourthWayServices/technical" schemaLocation="technical.xsd"/>
  <xs:element name="debtDeficitNotification" substitutionGroup="frmsg:fourthWayMessage">
    <xs:annotation>
      <xs:documentation>When the earnings of a transaction are not sufficient to cover the debts notified. All creditors have to be notified.</xs:documentation>
    </xs:annotation>
    <xs:complexType>
      <xs:complexContent>
        <xs:extension base="ddn:DebtDeficitNotificationType">
          <xs:sequence>
            <xs:element ref="tech:technical" minOccurs="0"/>
          </xs:sequence>
        </xs:extension>
      </xs:complexContent>
    </xs:complexType>
  </xs:element>
  <xs:complexType name="DebtDeficitNotificationType">
    <xs:complexContent>
      <xs:extension base="frmsg:FourthWayMessageType">
        <xs:sequence>
          <xs:element ref="cin:generalCaseInformation"/>
          <xs:element ref="difca:deficitCaseInformation"/>
        </xs:sequence>
      </xs:extension>
    </xs:complexContent>
  </xs:complexType>
</xs:schema>]]></con:content><con:type>http://www.w3.org/2001/XMLSchema</con:type></con:part><con:part><con:url>file:/home/ebarbieux/Dev/fidus/fourthwaytransactionservice_1.0/FourthWayTransactionServiceGateway/src/main/resources/wsdl/fourthWayTransactionService/1.0.0/XMLSchema/deficitcaseinformation.xsd</con:url><con:content><![CDATA[<!--edited with XMLSpy v2010 (http://www.altova.com) by Johan Schurgers (I8C)-->
<xs:schema targetNamespace="http://fsb.belgium.be/FourthWayServices/deficitcaseinformation" elementFormDefault="qualified" attributeFormDefault="unqualified" version="1.0" xmlns:xs="http://www.w3.org/2001/XMLSchema" xmlns:difca="http://fsb.belgium.be/FourthWayServices/deficitcaseinformation" xmlns:mortgo="http://fsb.belgium.be/FourthWayServices/mortgagegoods" xmlns:pardes="http://fsb.belgium.be/FourthWayServices/partnerdescription" xmlns:pty="http://fsb.belgium.be/FourthWayServices/party" xmlns:dts="http://fsb.belgium.be/FourthWayServices/common/datatypes">
  <xs:import namespace="http://fsb.belgium.be/FourthWayServices/common/datatypes" schemaLocation="datatypes.xsd"/>
  <xs:import namespace="http://fsb.belgium.be/FourthWayServices/partnerdescription" schemaLocation="partnerdescription.xsd"/>
  <xs:import namespace="http://fsb.belgium.be/FourthWayServices/mortgagegoods" schemaLocation="mortgagegoods.xsd"/>
  <xs:import namespace="http://fsb.belgium.be/FourthWayServices/party" schemaLocation="party.xsd"/>
  <xs:element name="deficitCaseInformation" type="difca:DeficitCaseInformationType"/>
  <xs:complexType name="DeficitCaseInformationType">
    <xs:sequence>
      <xs:element ref="mortgo:mortgageGoods" minOccurs="0"/>
      <xs:element name="deficitParty">
        <xs:annotation>
          <xs:documentation>Identification of the party who is subject of the deficit in the message</xs:documentation>
        </xs:annotation>
        <xs:complexType>
          <xs:sequence>
            <xs:element ref="pty:party"/>
          </xs:sequence>
        </xs:complexType>
      </xs:element>
      <xs:element ref="pardes:creditors"/>
      <xs:element name="notificationReference">
        <xs:annotation>
          <xs:documentation>Reference to the debt notification</xs:documentation>
        </xs:annotation>
        <xs:complexType>
          <xs:sequence>
            <xs:element name="notificationNumber" type="xs:string">
              <xs:annotation>
                <xs:documentation>Number of the notification</xs:documentation>
              </xs:annotation>
            </xs:element>
            <xs:element name="notificationDate" type="xs:date">
              <xs:annotation>
                <xs:documentation>Date of the notification as found in the message.</xs:documentation>
              </xs:annotation>
            </xs:element>
          </xs:sequence>
        </xs:complexType>
      </xs:element>
      <xs:element name="deed" minOccurs="0">
        <xs:annotation>
          <xs:documentation>Information concerning the deed.</xs:documentation>
        </xs:annotation>
        <xs:complexType>
          <xs:sequence>
            <xs:element name="deedDate" type="xs:date">
              <xs:annotation>
                <xs:documentation>Date the deed was signed or registrered</xs:documentation>
              </xs:annotation>
            </xs:element>
            <xs:element name="deedEarnings">
              <xs:annotation>
                <xs:documentation>Earnings generated by the deed.</xs:documentation>
              </xs:annotation>
              <xs:complexType>
                <xs:sequence>
                  <xs:element name="detainedAmount" type="dts:CurrencyAmountType"/>
                  <xs:element name="deedAmount" type="dts:CurrencyAmountType"/>
                </xs:sequence>
              </xs:complexType>
            </xs:element>
          </xs:sequence>
        </xs:complexType>
      </xs:element>
      <xs:element name="partnerCommunication" type="xs:string" minOccurs="0">
        <xs:annotation>
          <xs:documentation>Comments meant for the destination of the message. Every creditor will receive a specific message</xs:documentation>
        </xs:annotation>
      </xs:element>
    </xs:sequence>
  </xs:complexType>
  <xs:annotation>
    <xs:documentation>General case information is extra information that is generic for several transactions.</xs:documentation>
  </xs:annotation>
</xs:schema>]]></con:content><con:type>http://www.w3.org/2001/XMLSchema</con:type></con:part><con:part><con:url>file:/home/ebarbieux/Dev/fidus/fourthwaytransactionservice_1.0/FourthWayTransactionServiceGateway/src/main/resources/wsdl/fourthWayTransactionService/1.0.0/XMLSchema/partnerdescription.xsd</con:url><con:content><![CDATA[<!--edited with XMLSpy v2010 (http://www.altova.com) by Johan Schurgers (I8C)-->
<xs:schema targetNamespace="http://fsb.belgium.be/FourthWayServices/partnerdescription" elementFormDefault="qualified" attributeFormDefault="unqualified" version="1.0" xmlns:xs="http://www.w3.org/2001/XMLSchema" xmlns:pardes="http://fsb.belgium.be/FourthWayServices/partnerdescription" xmlns:pty="http://fsb.belgium.be/FourthWayServices/party">
  <xs:import namespace="http://fsb.belgium.be/FourthWayServices/party" schemaLocation="party.xsd"/>
  <xs:complexType name="PurchaserType">
    <xs:sequence>
      <xs:element name="parties">
        <xs:complexType>
          <xs:sequence>
            <xs:element ref="pty:party"/>
          </xs:sequence>
        </xs:complexType>
      </xs:element>
      <xs:element name="purchaserNumber" type="xs:string"/>
    </xs:sequence>
  </xs:complexType>
  <xs:complexType name="MortgageTakerType">
    <xs:sequence>
      <xs:element ref="pty:party"/>
    </xs:sequence>
  </xs:complexType>
  <xs:complexType name="CreditorDescriptionType">
    <xs:sequence>
      <xs:element ref="pty:party"/>
      <xs:element name="creditorAmount">
        <xs:annotation>
          <xs:documentation>Amount owed to the creditor</xs:documentation>
        </xs:annotation>
      </xs:element>
      <xs:element name="creditorDate">
        <xs:annotation>
          <xs:documentation>Date of calculation for the amount</xs:documentation>
        </xs:annotation>
      </xs:element>
    </xs:sequence>
  </xs:complexType>
  <xs:complexType name="PartnerDescriptionType"/>
  <xs:element name="creditorDescription" type="pardes:CreditorDescriptionType">
    <xs:annotation>
      <xs:documentation>Who is the creditor for the specific debt</xs:documentation>
    </xs:annotation>
  </xs:element>
  <xs:element name="mortgageTaker" type="pardes:MortgageTakerType"/>
  <xs:element name="purchaser" type="pardes:PurchaserType"/>
  <xs:element name="creditors">
    <xs:complexType>
      <xs:complexContent>
        <xs:extension base="pardes:PartnerDescriptionType">
          <xs:sequence>
            <xs:element name="registeredCreditors" minOccurs="0">
              <xs:complexType>
                <xs:sequence>
                  <xs:element ref="pardes:creditorDescription" maxOccurs="unbounded"/>
                  <xs:element name="totalAmount">
                    <xs:annotation>
                      <xs:documentation>Total amount owed to the registered creditors</xs:documentation>
                    </xs:annotation>
                  </xs:element>
                </xs:sequence>
              </xs:complexType>
            </xs:element>
            <xs:element name="opposingCreditors" minOccurs="0">
              <xs:complexType>
                <xs:sequence>
                  <xs:element ref="pardes:creditorDescription" maxOccurs="unbounded"/>
                  <xs:element name="totalAmount">
                    <xs:annotation>
                      <xs:documentation>Total amount owed to the opposing creditors</xs:documentation>
                    </xs:annotation>
                  </xs:element>
                </xs:sequence>
              </xs:complexType>
            </xs:element>
          </xs:sequence>
        </xs:extension>
      </xs:complexContent>
    </xs:complexType>
  </xs:element>
  <xs:annotation>
    <xs:documentation>General case information is extra information that is generic for several transactions.</xs:documentation>
  </xs:annotation>
</xs:schema>]]></con:content><con:type>http://www.w3.org/2001/XMLSchema</con:type></con:part><con:part><con:url>file:/home/ebarbieux/Dev/fidus/fourthwaytransactionservice_1.0/FourthWayTransactionServiceGateway/src/main/resources/wsdl/fourthWayTransactionService/1.0.0/XMLSchema/mortgagegoods.xsd</con:url><con:content><![CDATA[<!--edited with XMLSpy v2010 (http://www.altova.com) by Johan Schurgers (I8C)-->
<xs:schema targetNamespace="http://fsb.belgium.be/FourthWayServices/mortgagegoods" elementFormDefault="qualified" attributeFormDefault="unqualified" version="1.0" xmlns:xs="http://www.w3.org/2001/XMLSchema" xmlns:mortgo="http://fsb.belgium.be/FourthWayServices/mortgagegoods" xmlns:pty="http://fsb.belgium.be/FourthWayServices/party" xmlns:gdn="http://fsb.belgium.be/FourthWayServices/gooddescription" xmlns:shpn="http://fsb.belgium.be/FourthWayServices/shipinformation" xmlns:propn="http://fsb.belgium.be/FourthWayServices/propertyinformation">
  <xs:import namespace="http://fsb.belgium.be/FourthWayServices/party" schemaLocation="party.xsd"/>
  <xs:import namespace="http://fsb.belgium.be/FourthWayServices/propertyinformation" schemaLocation="propertyinformation.xsd"/>
  <xs:import namespace="http://fsb.belgium.be/FourthWayServices/shipinformation" schemaLocation="shipinformation.xsd"/>
  <xs:complexType name="MortgageGoodsType">
    <xs:sequence>
      <xs:element name="mortgageGood" maxOccurs="unbounded">
        <xs:complexType>
          <xs:sequence>
            <xs:element name="newOwners">
              <xs:annotation>
                <xs:documentation>New owners of the good.</xs:documentation>
              </xs:annotation>
              <xs:complexType>
                <xs:sequence>
                  <xs:element ref="pty:party" maxOccurs="unbounded"/>
                </xs:sequence>
              </xs:complexType>
            </xs:element>
            <xs:element name="mortgageGoodDescription">
              <xs:complexType>
                <xs:sequence>
                  <xs:element name="goodReference" maxOccurs="unbounded">
                    <xs:annotation>
                      <xs:documentation>Reference to debt inquiry id</xs:documentation>
                    </xs:annotation>
                    <xs:complexType>
                      <xs:attribute name="goodType"/>
                    </xs:complexType>
                  </xs:element>
                  <xs:choice>
                    <xs:element ref="propn:propertyInformation"/>
                    <xs:element ref="shpn:shipInformation"/>
                  </xs:choice>
                </xs:sequence>
              </xs:complexType>
            </xs:element>
          </xs:sequence>
        </xs:complexType>
      </xs:element>
    </xs:sequence>
  </xs:complexType>
  <xs:element name="mortgageGoods" type="mortgo:MortgageGoodsType"/>
  <xs:annotation>
    <xs:documentation>General case information is extra information that is generic for several transactions.</xs:documentation>
  </xs:annotation>
</xs:schema>]]></con:content><con:type>http://www.w3.org/2001/XMLSchema</con:type></con:part><con:part><con:url>file:/home/ebarbieux/Dev/fidus/fourthwaytransactionservice_1.0/FourthWayTransactionServiceGateway/src/main/resources/wsdl/fourthWayTransactionService/1.0.0/XMLSchema/Notice1Ack.xsd</con:url><con:content><![CDATA[<!--edited with XMLSpy v2008 sp1 (http://www.altova.com) by vander Schelden Yves-Alexandre (FEDICT)-->
<xs:schema targetNamespace="http://fsb.belgium.be/fourthway/v2/NoticeOneAck" elementFormDefault="qualified" attributeFormDefault="unqualified" version="1.0" xmlns="http://fsb.belgium.be/fourthway/v2/NoticeOneAck" xmlns:xs="http://www.w3.org/2001/XMLSchema" xmlns:common="http://fsb.belgium.be/fourthway/v2/Common">
  <!--20160419: updated from 2.5.1 to 2.5.2
		- changed some required fields into optional ones, allowing the conversion 3.0 -> 2.5
		- added/changed elements with the purpose of easily connecting new generic debt notifiers with 4thWay-->
  <xs:import namespace="http://fsb.belgium.be/fourthway/v2/Common" schemaLocation="common.xsd"/>
  <xs:element name="NoticeOneAckRequest">
    <xs:annotation>
      <xs:documentation>Functional acknowledge. This message starts the notification period</xs:documentation>
    </xs:annotation>
    <xs:complexType>
      <xs:sequence>
        <xs:element name="requestData" type="NoticeOneAckRequestDataType">
          <xs:annotation>
            <xs:documentation>Business part of the Acknowledgment</xs:documentation>
          </xs:annotation>
        </xs:element>
        <xs:element name="requestContext" type="common:requestContextType">
          <xs:annotation>
            <xs:documentation>Required by FSB for routing and supervision purpose.</xs:documentation>
          </xs:annotation>
        </xs:element>
      </xs:sequence>
      <xs:attribute name="Version" type="xs:decimal" use="required" fixed="2.5"/>
    </xs:complexType>
  </xs:element>
  <xs:element name="NoticeOneAckResponse">
    <xs:annotation>
      <xs:documentation>The synchronous answer returned by the FSB</xs:documentation>
    </xs:annotation>
    <xs:complexType>
      <xs:sequence>
        <xs:element name="ResponseData" type="common:GeneralResponseDataType"/>
        <xs:element name="ResponseStatus" type="common:statusType">
          <xs:annotation>
            <xs:documentation>Returned status</xs:documentation>
          </xs:annotation>
        </xs:element>
      </xs:sequence>
    </xs:complexType>
  </xs:element>
  <xs:complexType name="NoticeOneAckRequestDataType">
    <xs:sequence>
      <xs:element name="RequestId" type="common:RequestIdType"/>
      <xs:element name="CorrelationId" type="common:RequestIdType">
        <xs:annotation>
          <xs:documentation>RequestId of the message sent for the notice1.</xs:documentation>
        </xs:annotation>
      </xs:element>
      <xs:element name="Destination" type="common:PublicOfficerInterfaceType">
        <xs:annotation>
          <xs:documentation>The interface type of the destination</xs:documentation>
        </xs:annotation>
      </xs:element>
      <xs:element name="ProcedureNumber" type="common:ProcedureNumberType">
        <xs:annotation>
          <xs:documentation>The procedure number attributed to the notice1 by the public officer and mentioned in any subsequent message related to that procedure.</xs:documentation>
        </xs:annotation>
      </xs:element>
      <xs:element name="PartyNumber" type="common:PartyIDType" minOccurs="0">
        <xs:annotation>
          <xs:documentation>Unique identification of the party Required for BCSS. Not applicable for CCFF.</xs:documentation>
        </xs:annotation>
      </xs:element>
      <xs:element name="Sender" type="common:SenderType">
        <xs:annotation>
          <xs:documentation>BCSS or CCFF.</xs:documentation>
        </xs:annotation>
      </xs:element>
      <xs:element name="AckInformation" type="common:AckInformationTopType"/>
      <xs:element name="NoAction" type="xs:boolean" default="false" minOccurs="0">
        <xs:annotation>
          <xs:documentation>In specific messages, peers could send a message to say that no further investigation will be done on this case.</xs:documentation>
        </xs:annotation>
      </xs:element>
    </xs:sequence>
  </xs:complexType>
</xs:schema>]]></con:content><con:type>http://www.w3.org/2001/XMLSchema</con:type></con:part><con:part><con:url>file:/home/ebarbieux/Dev/fidus/fourthwaytransactionservice_1.0/FourthWayTransactionServiceGateway/src/main/resources/wsdl/fourthWayTransactionService/1.0.0/XMLSchema/Notice2Ack.xsd</con:url><con:content><![CDATA[<!--edited with XMLSpy v2007 sp2 (http://www.altova.com) by vander Schelden Yves-Alexandre (FEDICT)-->
<xs:schema targetNamespace="http://fsb.belgium.be/fourthway/v2/NoticeTwoAck" elementFormDefault="qualified" attributeFormDefault="unqualified" version="1.0" xmlns="http://fsb.belgium.be/fourthway/v2/NoticeTwoAck" xmlns:xs="http://www.w3.org/2001/XMLSchema" xmlns:common="http://fsb.belgium.be/fourthway/v2/Common">
  <!--20160419: updated from 2.5.1 to 2.5.2
		- changed some required fields into optional ones, allowing the conversion 3.0 -> 2.5
		- added/changed elements with the purpose of easily connecting new generic debt notifiers with 4thWay-->
  <xs:import namespace="http://fsb.belgium.be/fourthway/v2/Common" schemaLocation="common.xsd"/>
  <xs:element name="NoticeTwoAckRequest">
    <xs:annotation>
      <xs:documentation>Fonctional acknowledge. Such a message starts the notification period</xs:documentation>
    </xs:annotation>
    <xs:complexType>
      <xs:sequence>
        <xs:element name="requestData" type="NoticeTwoAckRequestDataType">
          <xs:annotation>
            <xs:documentation>Business part of the NoticeTwoAck</xs:documentation>
          </xs:annotation>
        </xs:element>
        <xs:element name="requestContext" type="common:requestContextType">
          <xs:annotation>
            <xs:documentation>Required by FSB for routing and supervision purpose.</xs:documentation>
          </xs:annotation>
        </xs:element>
      </xs:sequence>
      <xs:attribute name="Version" type="xs:decimal" use="required" fixed="2.5"/>
    </xs:complexType>
  </xs:element>
  <xs:element name="NoticeTwoAckResponse">
    <xs:annotation>
      <xs:documentation>The synchronous answer returned by the FSB</xs:documentation>
    </xs:annotation>
    <xs:complexType>
      <xs:sequence>
        <xs:element name="ResponseData" type="common:GeneralResponseDataType"/>
        <xs:element name="ResponseStatus" type="common:statusType">
          <xs:annotation>
            <xs:documentation>Returned status</xs:documentation>
          </xs:annotation>
        </xs:element>
      </xs:sequence>
    </xs:complexType>
  </xs:element>
  <xs:complexType name="NoticeTwoAckRequestDataType">
    <xs:sequence>
      <xs:element name="RequestId" type="common:RequestIdType"/>
      <xs:element name="CorrelationId" type="common:RequestIdType"/>
      <xs:element name="Destination" type="common:PublicOfficerInterfaceType">
        <xs:annotation>
          <xs:documentation>The interface type of the destination</xs:documentation>
        </xs:annotation>
      </xs:element>
      <xs:element name="ProcedureNumber" type="common:ProcedureNumberType">
        <xs:annotation>
          <xs:documentation>The procedure number attributed to the notice1 by the public officer and mentioned in any subsequent message related to that procedure</xs:documentation>
        </xs:annotation>
      </xs:element>
      <xs:element name="Sender" type="common:SenderType">
        <xs:annotation>
          <xs:documentation>BCSS or CCFF.</xs:documentation>
        </xs:annotation>
      </xs:element>
      <xs:element name="AckInformation" type="common:AckInformationTopType"/>
    </xs:sequence>
  </xs:complexType>
</xs:schema>]]></con:content><con:type>http://www.w3.org/2001/XMLSchema</con:type></con:part></con:definitionCache><con:endpoints><con:endpoint>http://fidus.brussels/services/fourthwaytransactionservice/v1</con:endpoint></con:endpoints><con:operation id="cf2966dc-b6f5-4344-9224-493c80791ed9" isOneWay="false" action="http://fidus.brussels/services/fourthwaytransactionservice/sendNoticeOne" name="sendNoticeOne" bindingOperationName="sendNoticeOne" type="Request-Response" inputName="" receivesAttachments="false" sendsAttachments="false" anonymous="optional"><con:settings/><con:call id="3479c854-4e41-4af4-9f8d-04d0ba9c3788" name="1 - Local - Request" outgoingWss="Outflow DEV" incomingWss="Inflow DEV"><con:settings><con:setting id="com.eviware.soapui.impl.wsdl.WsdlRequest@request-headers">&lt;xml-fragment/></con:setting></con:settings><con:encoding>UTF-8</con:encoding><con:endpoint>https://localhost:8243/services/FourthWayTransactionService_v1.0</con:endpoint><con:request><![CDATA[<soapenv:Envelope xmlns:soapenv="http://schemas.xmlsoap.org/soap/envelope/" xmlns:be="http://be.belgium.fsb" xmlns:v1="http://fidus.brussels/service/fourthwaytransactionservice/messages/v1" xmlns:v11="http://fidus.brussels/type/common/messages/v1" xmlns:not="http://fsb.belgium.be/fourthway/v2/NoticeOne" xmlns:com="http://fsb.belgium.be/fourthway/v2/Common">
   <soapenv:Header/>
   <soapenv:Body>
      <v1:sendNoticeOneRequest>
         <v1:messageContext>
            <v11:messageId>${=import static java.util.UUID.randomUUID; uuid = randomUUID() as String}</v11:messageId>
            <v11:timestamp>${=new java.text.SimpleDateFormat("yyyy-MM-dd'T'HH:mm:ss.SSS").format(new Date())}</v11:timestamp>
         </v1:messageContext>
         <v1:legalContext>ServiceIntegrator</v1:legalContext>
         <v1:request>
           <not:NoticeOneRequest Version="2.5">
               <not:requestData>
                  <not:ShortRequestId>?</not:ShortRequestId>
                  <not:Origin>ENOT</not:Origin>
                  <not:ProcedureNumber>?</not:ProcedureNumber>
                  <not:DossierInfo>
                     <not:TransactionType>1</not:TransactionType>
                     <not:ReferenceNumber>?</not:ReferenceNumber>
                     <not:Language>FR</not:Language>
                  </not:DossierInfo>
                  <not:DescriptionParties>
                     <com:PartyNumber>123</com:PartyNumber>
                     <com:Actor>
                        <com:MPE>
                           <com:Enterprise>
                              <com:ByNumber>
                                 <com:EnterpriseNumber>1234567890</com:EnterpriseNumber>
                              </com:ByNumber>
                           </com:Enterprise>
                        </com:MPE>               
                     </com:Actor>
                     <com:SubjectToVAT>false</com:SubjectToVAT>
                  </not:DescriptionParties>
                  <not:RequesterInfo>
                     <com:RequesterType>1</com:RequesterType>
                     <com:Institution>
                        <com:Address>
                           <com:MunicipalityDescription>municipality description</com:MunicipalityDescription>
                           <com:PostalCode>1000</com:PostalCode>
                           <com:Street>Rue des ecoles</com:Street>
                        </com:Address>
                     </com:Institution>
                     <com:PhysicalRequester>
                        <com:Name>testuser</com:Name>
                        <com:FirstNames>pierre</com:FirstNames>
                     </com:PhysicalRequester>
                     <com:TelephoneNumber>+32 2 4956720</com:TelephoneNumber>
                  </not:RequesterInfo>
                  <not:ContactPerson>
                     <com:Name>contact</com:Name>
                     <com:FirstNames>person</com:FirstNames>
                  </not:ContactPerson>
                  <not:RequestDate>2019-01-30T12:00:00</not:RequestDate>
               </not:requestData>
               <not:requestContext>
                  <com:requestInfo>
                     <com:id>123</com:id>
                  </com:requestInfo>
               </not:requestContext>
            </not:NoticeOneRequest>
        </v1:request>
      </v1:sendNoticeOneRequest>
   </soapenv:Body>
</soapenv:Envelope>]]></con:request><con:credentials><con:selectedAuthProfile>Basic</con:selectedAuthProfile><con:addedBasicAuthenticationTypes>Basic</con:addedBasicAuthenticationTypes><con:authType>Global HTTP Settings</con:authType></con:credentials><con:jmsConfig JMSDeliveryMode="PERSISTENT"/><con:jmsPropertyConfig/><con:wsaConfig mustUnderstand="NONE" version="200508" action="http://fidus.brussels/services/fourthwaytransactionservice/sendNoticeOne"/><con:wsrmConfig version="1.2"/></con:call><con:call id="6656c2ea-de57-4510-b858-e13ece4b9d94" name="3 - Test - External - Request" outgoingWss="Outflow TEST" incomingWss="Inflow TEST"><con:settings><con:setting id="com.eviware.soapui.impl.wsdl.WsdlRequest@request-headers">&lt;xml-fragment/></con:setting></con:settings><con:encoding>UTF-8</con:encoding><con:endpoint>https://fidus-test.irisnetlab.be/services/FourthWayTransactionService_v1.0</con:endpoint><con:request><![CDATA[<soapenv:Envelope xmlns:soapenv="http://schemas.xmlsoap.org/soap/envelope/" xmlns:be="http://be.belgium.fsb" xmlns:v1="http://fidus.brussels/service/fourthwaytransactionservice/messages/v1" xmlns:v11="http://fidus.brussels/type/common/messages/v1" xmlns:not="http://fsb.belgium.be/fourthway/v2/NoticeOne" xmlns:com="http://fsb.belgium.be/fourthway/v2/Common">
   <soapenv:Header/>
   <soapenv:Body>
      <v1:sendNoticeOneRequest>
         <v1:messageContext>
            <v11:messageId>${=import static java.util.UUID.randomUUID; uuid = randomUUID() as String}</v11:messageId>
            <v11:timestamp>${=new java.text.SimpleDateFormat("yyyy-MM-dd'T'HH:mm:ss.SSS").format(new Date())}</v11:timestamp>
         </v1:messageContext>
         <v1:legalContext>ServiceIntegrator</v1:legalContext>
         <v1:request>
           <not:NoticeOneRequest Version="2.5">
               <not:requestData>
                  <not:ShortRequestId>?</not:ShortRequestId>
                  <not:Origin>ENOT</not:Origin>
                  <not:ProcedureNumber>?</not:ProcedureNumber>
                  <not:DossierInfo>
                     <not:TransactionType>1</not:TransactionType>
                     <not:ReferenceNumber>?</not:ReferenceNumber>
                     <not:Language>FR</not:Language>
                  </not:DossierInfo>
                  <not:DescriptionParties>
                     <com:PartyNumber>123</com:PartyNumber>
                     <com:Actor>
                        <com:MPE>
                           <com:Enterprise>
                              <com:ByNumber>
                                 <com:EnterpriseNumber>1234567890</com:EnterpriseNumber>
                              </com:ByNumber>
                           </com:Enterprise>
                        </com:MPE>               
                     </com:Actor>
                     <com:SubjectToVAT>false</com:SubjectToVAT>
                  </not:DescriptionParties>
                  <not:RequesterInfo>
                     <com:RequesterType>1</com:RequesterType>
                     <com:Institution>
                        <com:Address>
                           <com:MunicipalityDescription>municipality description</com:MunicipalityDescription>
                           <com:PostalCode>1000</com:PostalCode>
                           <com:Street>Rue des ecoles</com:Street>
                        </com:Address>
                     </com:Institution>
                     <com:PhysicalRequester>
                        <com:Name>testuser</com:Name>
                        <com:FirstNames>pierre</com:FirstNames>
                     </com:PhysicalRequester>
                     <com:TelephoneNumber>+32 2 4956720</com:TelephoneNumber>
                  </not:RequesterInfo>
                  <not:ContactPerson>
                     <com:Name>contact</com:Name>
                     <com:FirstNames>person</com:FirstNames>
                  </not:ContactPerson>
                  <not:RequestDate>2019-01-30T12:00:00</not:RequestDate>
               </not:requestData>
               <not:requestContext>
                  <com:requestInfo>
                     <com:id>123</com:id>
                  </com:requestInfo>
               </not:requestContext>
            </not:NoticeOneRequest>
        </v1:request>
      </v1:sendNoticeOneRequest>
   </soapenv:Body>
</soapenv:Envelope>]]></con:request><con:credentials><con:selectedAuthProfile>Basic</con:selectedAuthProfile><con:addedBasicAuthenticationTypes>Basic</con:addedBasicAuthenticationTypes><con:authType>Global HTTP Settings</con:authType></con:credentials><con:jmsConfig JMSDeliveryMode="PERSISTENT"/><con:jmsPropertyConfig/><con:wsaConfig mustUnderstand="NONE" version="200508" action="http://fidus.brussels/services/fourthwaytransactionservice/sendNoticeOne"/><con:wsrmConfig version="1.2"/></con:call></con:operation><con:operation id="901a8cfd-08ef-4f2d-b722-87eeb0743b01" isOneWay="false" action="http://fidus.brussels/services/fourthwaytransactionservice/sendNotificationAck" name="sendNotificationAck" bindingOperationName="sendNotificationAck" type="Request-Response" inputName="" receivesAttachments="false" sendsAttachments="false" anonymous="optional"><con:settings/><con:call id="167fd0d3-12e6-4f3a-828e-4f2477e61ffe" name="Request 1" outgoingWss="Outflow TEST"><con:settings><con:setting id="com.eviware.soapui.impl.wsdl.WsdlRequest@request-headers">&lt;xml-fragment/></con:setting></con:settings><con:encoding>UTF-8</con:encoding><con:endpoint>https://fidus-test.irisnetlab.be/services/FourthWayTransactionService_v1.0</con:endpoint><con:request><![CDATA[<soapenv:Envelope xmlns:soapenv="http://schemas.xmlsoap.org/soap/envelope/" xmlns:v1="http://fidus.brussels/service/fourthwaytransactionservice/messages/v1" xmlns:v11="http://fidus.brussels/type/common/messages/v1" xmlns:not="http://fsb.belgium.be/fourthway/v2/NotificationAck" xmlns:com="http://fsb.belgium.be/fourthway/v2/Common">
   <soapenv:Header/>
   <soapenv:Body>
      <v1:sendNotificationAckRequest>
         <v1:messageContext>
            <v11:messageId>${=import static java.util.UUID.randomUUID; uuid = randomUUID() as String}</v11:messageId>
            <v11:timestamp>${=new java.text.SimpleDateFormat("yyyy-MM-dd'T'HH:mm:ss.SSS").format(new Date())}</v11:timestamp>
         </v1:messageContext>
         <v1:legalContext>ServiceIntegrator</v1:legalContext>
         <v1:request>
            <not:NotificationAckRequest Version="2.5">
               <not:RequestData>
                  <not:RequestId>?</not:RequestId>
                  <not:Origin>ENOT</not:Origin>
                  <not:Destination>
                     <!--You have a CHOICE of the next 3 items at this level-->
                     <com:SocialSecurity>
                        <com:InstitutionNumber>?</com:InstitutionNumber>
                        <com:CorrelationId>?</com:CorrelationId>
                        <com:NotificationDate>?</com:NotificationDate>
                     </com:SocialSecurity>
                     <com:Finance>
                        <com:DepartmentNumber>?</com:DepartmentNumber>
                        <com:CorrelationId>?</com:CorrelationId>
                        <com:NotificationDate>?</com:NotificationDate>
                     </com:Finance>
                     <com:ConnectedEntity>
                        <com:ConnectedEntityName>?</com:ConnectedEntityName>
                        <com:KBONumber>?</com:KBONumber>
                        <com:CorrelationId>?</com:CorrelationId>
                        <com:NotificationDate>?</com:NotificationDate>
                     </com:ConnectedEntity>
                  </not:Destination>
                  <not:ProcedureNumber>?</not:ProcedureNumber>
                  <not:Sender>
                     <com:InstitutionIdentification>
                        <com:KBONumber>?</com:KBONumber>
                        <com:InstitutionName>?</com:InstitutionName>
                        <!--Optional:-->
                        <com:Address>
                           <com:MunicipalityDescription>?</com:MunicipalityDescription>
                           <!--Optional:-->
                           <com:MunicipalityCode>?</com:MunicipalityCode>
                           <com:PostalCode>?</com:PostalCode>
                           <com:Street>?</com:Street>
                           <!--Optional:-->
                           <com:HouseNumber>?</com:HouseNumber>
                           <!--Optional:-->
                           <com:HouseIndexNumber>?</com:HouseIndexNumber>
                           <!--Optional:-->
                           <com:StreetCode>?</com:StreetCode>
                        </com:Address>
                     </com:InstitutionIdentification>
                     <!--Optional:-->
                     <com:Helpdesk>
                        <com:TelephoneNumber>?</com:TelephoneNumber>
                        <com:FaxNumber>?</com:FaxNumber>
                        <com:EmailAddress>?</com:EmailAddress>
                     </com:Helpdesk>
                     <!--Optional:-->
                     <com:GeneralInformation>?</com:GeneralInformation>
                  </not:Sender>
                  <not:AckInformation>
                     <com:ReceivedNotificationTimeStamp>?</com:ReceivedNotificationTimeStamp>
                     <com:NotificationAcknowledgmentTimeStamp>?</com:NotificationAcknowledgmentTimeStamp>
                  </not:AckInformation>
               </not:RequestData>
               <not:RequestContext>
                  <com:requestInfo>
                     <com:id>?</com:id>
                     <!--Optional:-->
                     <com:timeStamp>?</com:timeStamp>
                  </com:requestInfo>
                  <!--Optional:-->
                  <com:consumerInfo>
                     <!--Optional:-->
                     <com:application>?</com:application>
                     <com:userInfo>
                        <!--Optional:-->
                        <com:id>?</com:id>
                        <!--Optional:-->
                        <com:language>?</com:language>
                     </com:userInfo>
                  </com:consumerInfo>
               </not:RequestContext>
            </not:NotificationAckRequest>
         </v1:request>
      </v1:sendNotificationAckRequest>
   </soapenv:Body>
</soapenv:Envelope>]]></con:request><con:credentials><con:selectedAuthProfile>Basic</con:selectedAuthProfile><con:addedBasicAuthenticationTypes>Basic</con:addedBasicAuthenticationTypes><con:authType>Global HTTP Settings</con:authType></con:credentials><con:jmsConfig JMSDeliveryMode="PERSISTENT"/><con:jmsPropertyConfig/><con:wsaConfig mustUnderstand="NONE" version="200508" action="http://fidus.brussels/services/fourthwaytransactionservice/sendNotificationAck"/><con:wsrmConfig version="1.2"/></con:call><con:call id="d0e96771-74f6-4abf-b0c7-617d2a91b5c0" name="3 - Test - External - Request"><con:settings><con:setting id="com.eviware.soapui.impl.wsdl.WsdlRequest@request-headers">&lt;xml-fragment/></con:setting></con:settings><con:encoding>UTF-8</con:encoding><con:endpoint>https://fidus-test.irisnetlab.be/services/FourthWayTransactionService_v1.0</con:endpoint><con:request><![CDATA[<soapenv:Envelope xmlns:soapenv="http://schemas.xmlsoap.org/soap/envelope/" xmlns:v1="http://fidus.brussels/service/fourthwaytransactionservice/messages/v1" xmlns:v11="http://fidus.brussels/type/common/messages/v1" xmlns:not="http://fsb.belgium.be/fourthway/v2/NotificationAck" xmlns:com="http://fsb.belgium.be/fourthway/v2/Common">
   <soapenv:Header/>
   <soapenv:Body>
      <v1:sendNotificationAckRequest>
         <v1:messageContext>
            <v11:messageId>${=import static java.util.UUID.randomUUID; uuid = randomUUID() as String}</v11:messageId>
            <v11:timestamp>${=new java.text.SimpleDateFormat("yyyy-MM-dd'T'HH:mm:ss.SSS").format(new Date())}</v11:timestamp>
         </v1:messageContext>
         <v1:legalContext>ServiceIntegrator</v1:legalContext>
         <v1:request>
            <not:NotificationAckRequest Version="2.5">
               <not:RequestData>
                  <not:RequestId>?</not:RequestId>
                  <not:Origin>ENOT</not:Origin>
                  <not:Destination>
                     <!--You have a CHOICE of the next 3 items at this level-->
                     <com:SocialSecurity>
                        <com:InstitutionNumber>?</com:InstitutionNumber>
                        <com:CorrelationId>?</com:CorrelationId>
                        <com:NotificationDate>?</com:NotificationDate>
                     </com:SocialSecurity>
                     <com:Finance>
                        <com:DepartmentNumber>?</com:DepartmentNumber>
                        <com:CorrelationId>?</com:CorrelationId>
                        <com:NotificationDate>?</com:NotificationDate>
                     </com:Finance>
                     <com:ConnectedEntity>
                        <com:ConnectedEntityName>?</com:ConnectedEntityName>
                        <com:KBONumber>?</com:KBONumber>
                        <com:CorrelationId>?</com:CorrelationId>
                        <com:NotificationDate>?</com:NotificationDate>
                     </com:ConnectedEntity>
                  </not:Destination>
                  <not:ProcedureNumber>?</not:ProcedureNumber>
                  <not:Sender>
                     <com:InstitutionIdentification>
                        <com:KBONumber>?</com:KBONumber>
                        <com:InstitutionName>?</com:InstitutionName>
                        <!--Optional:-->
                        <com:Address>
                           <com:MunicipalityDescription>?</com:MunicipalityDescription>
                           <!--Optional:-->
                           <com:MunicipalityCode>?</com:MunicipalityCode>
                           <com:PostalCode>?</com:PostalCode>
                           <com:Street>?</com:Street>
                           <!--Optional:-->
                           <com:HouseNumber>?</com:HouseNumber>
                           <!--Optional:-->
                           <com:HouseIndexNumber>?</com:HouseIndexNumber>
                           <!--Optional:-->
                           <com:StreetCode>?</com:StreetCode>
                        </com:Address>
                     </com:InstitutionIdentification>
                     <!--Optional:-->
                     <com:Helpdesk>
                        <com:TelephoneNumber>?</com:TelephoneNumber>
                        <com:FaxNumber>?</com:FaxNumber>
                        <com:EmailAddress>?</com:EmailAddress>
                     </com:Helpdesk>
                     <!--Optional:-->
                     <com:GeneralInformation>?</com:GeneralInformation>
                  </not:Sender>
                  <not:AckInformation>
                     <com:ReceivedNotificationTimeStamp>?</com:ReceivedNotificationTimeStamp>
                     <com:NotificationAcknowledgmentTimeStamp>?</com:NotificationAcknowledgmentTimeStamp>
                  </not:AckInformation>
               </not:RequestData>
               <not:RequestContext>
                  <com:requestInfo>
                     <com:id>?</com:id>
                     <!--Optional:-->
                     <com:timeStamp>?</com:timeStamp>
                  </com:requestInfo>
                  <!--Optional:-->
                  <com:consumerInfo>
                     <!--Optional:-->
                     <com:application>?</com:application>
                     <com:userInfo>
                        <!--Optional:-->
                        <com:id>?</com:id>
                        <!--Optional:-->
                        <com:language>?</com:language>
                     </com:userInfo>
                  </com:consumerInfo>
               </not:RequestContext>
            </not:NotificationAckRequest>
         </v1:request>
      </v1:sendNotificationAckRequest>
   </soapenv:Body>
</soapenv:Envelope>]]></con:request><con:credentials><con:selectedAuthProfile>Basic</con:selectedAuthProfile><con:addedBasicAuthenticationTypes>Basic</con:addedBasicAuthenticationTypes><con:authType>Global HTTP Settings</con:authType></con:credentials><con:jmsConfig JMSDeliveryMode="PERSISTENT"/><con:jmsPropertyConfig/><con:wsaConfig mustUnderstand="NONE" version="200508" action="http://fidus.brussels/services/fourthwaytransactionservice/sendNotificationAck"/><con:wsrmConfig version="1.2"/></con:call></con:operation><con:operation id="595a9f3b-2422-4cd9-b333-0d12907f5fda" isOneWay="false" action="http://fidus.brussels/service/fourhtwaydebtservice/sendNoticeOneAck" name="sendNoticeOneAck" bindingOperationName="sendNoticeOneAck" type="Request-Response" inputName="" receivesAttachments="false" sendsAttachments="false" anonymous="optional"><con:settings/><con:call id="34ec3c6f-cd8b-482b-b93d-244791d5a4bc" name="Request 1" outgoingWss="Outflow DEV" incomingWss="Inflow DEV"><con:settings><con:setting id="com.eviware.soapui.impl.wsdl.WsdlRequest@request-headers">&lt;xml-fragment/></con:setting></con:settings><con:encoding>UTF-8</con:encoding><con:endpoint>https://localhost:8243/services/FourthWayTransactionService_v1.0</con:endpoint><con:request><![CDATA[<soapenv:Envelope xmlns:soapenv="http://schemas.xmlsoap.org/soap/envelope/" xmlns:v1="http://fidus.brussels/service/fourthwaytransactionservice/messages/v1" xmlns:v11="http://fidus.brussels/type/common/messages/v1" xmlns:not="http://fsb.belgium.be/fourthway/v2/NoticeOneAck" xmlns:com="http://fsb.belgium.be/fourthway/v2/Common">
   <soapenv:Header/>
   <soapenv:Body>
      <v1:sendNoticeOneAckRequest>
         <v1:messageContext>
            <v11:messageId>${=import static java.util.UUID.randomUUID; uuid = randomUUID() as String}</v11:messageId>
            <v11:timestamp>${=new java.text.SimpleDateFormat("yyyy-MM-dd'T'HH:mm:ss.SSS").format(new Date())}</v11:timestamp>
         </v1:messageContext>
         <v1:legalContext>ServiceIntegrator</v1:legalContext>
         <v1:request>
            <not:NoticeOneAckRequest Version="2.5">
                           <not:requestData>
               <not:RequestId>TC20p1Not1</not:RequestId>
               <not:CorrelationId>2ec3e654-5f3e-4bdb-</not:CorrelationId>
               <not:Destination>
                  <com:GeneralIdentification>ESUC</com:GeneralIdentification>
               </not:Destination>
               <not:ProcedureNumber>ENOT2009042900807</not:ProcedureNumber>
               <not:Sender>
                  <com:InstitutionIdentification>
                     <com:KBONumber>0240678477</com:KBONumber>
                     <com:InstitutionName>CIRB</com:InstitutionName>
                     <com:Address>
                        <com:MunicipalityDescription>Description adresse</com:MunicipalityDescription>
                        <com:MunicipalityCode>1030</com:MunicipalityCode>
                        <com:PostalCode>1000</com:PostalCode>
                        <com:Street>Avenue du Roi Albert II</com:Street>
                        <com:HouseNumber>33</com:HouseNumber>
                        <com:HouseIndexNumber>70</com:HouseIndexNumber>
                     </com:Address>
                  </com:InstitutionIdentification>
                  <com:Helpdesk>
                     <com:TelephoneNumber>+32 2 5766412</com:TelephoneNumber>
                     <com:FaxNumber>+32 2 5766412</com:FaxNumber>
                     <com:EmailAddress>helpdesk@cirb.brussels</com:EmailAddress>
                  </com:Helpdesk>
                  <com:GeneralInformation>City of Brussels</com:GeneralInformation>
               </not:Sender>
               <not:AckInformation>
                  <com:AcknowledgementDate>2013-10-01T13:58:19.297+02:00</com:AcknowledgementDate>
                  <com:TimeReceiveRequest>2013-10-01T13:58:19.297+02:00</com:TimeReceiveRequest>
               </not:AckInformation>
            </not:requestData>
            <not:requestContext>
               <com:requestInfo>
                  <com:id>TC20p1Not1</com:id>
                  <com:timeStamp>2013-10-01T13:58:19.297+02:00</com:timeStamp>
               </com:requestInfo>
               <com:consumerInfo>
                  <com:application>fidus SP16</com:application>
                  <com:userInfo/>
               </com:consumerInfo>
            </not:requestContext>
            </not:NoticeOneAckRequest>
         </v1:request>
      </v1:sendNoticeOneAckRequest>
   </soapenv:Body>
</soapenv:Envelope>]]></con:request><con:credentials><con:selectedAuthProfile>Basic</con:selectedAuthProfile><con:addedBasicAuthenticationTypes>Basic</con:addedBasicAuthenticationTypes><con:authType>Global HTTP Settings</con:authType></con:credentials><con:jmsConfig JMSDeliveryMode="PERSISTENT"/><con:jmsPropertyConfig/><con:wsaConfig mustUnderstand="NONE" version="200508" action="http://fidus.brussels/service/fourhtwaydebtservice/sendNoticeOneAck"/><con:wsrmConfig version="1.2"/></con:call><con:call id="413acf1a-6110-404d-96c4-31741102f007" name="3 - Test - External - Request" outgoingWss="Outflow TEST" incomingWss="Inflow TEST"><con:settings><con:setting id="com.eviware.soapui.impl.wsdl.WsdlRequest@request-headers">&lt;xml-fragment/></con:setting></con:settings><con:encoding>UTF-8</con:encoding><con:endpoint>https://fidus-test.irisnetlab.be/services/FourthWayTransactionService_v1.0</con:endpoint><con:request><![CDATA[<soapenv:Envelope xmlns:soapenv="http://schemas.xmlsoap.org/soap/envelope/" xmlns:v1="http://fidus.brussels/service/fourthwaytransactionservice/messages/v1" xmlns:v11="http://fidus.brussels/type/common/messages/v1" xmlns:not="http://fsb.belgium.be/fourthway/v2/NoticeOneAck" xmlns:com="http://fsb.belgium.be/fourthway/v2/Common">
   <soapenv:Header/>
   <soapenv:Body>
      <v1:sendNoticeOneAckRequest>
         <v1:messageContext>
            <v11:messageId>${=import static java.util.UUID.randomUUID; uuid = randomUUID() as String}</v11:messageId>
            <v11:timestamp>${=new java.text.SimpleDateFormat("yyyy-MM-dd'T'HH:mm:ss.SSS").format(new Date())}</v11:timestamp>
         </v1:messageContext>
         <v1:legalContext>ServiceIntegrator</v1:legalContext>
         <v1:request>
            <not:NoticeOneAckRequest Version="2.5">
                           <not:requestData>
               <not:RequestId>TC20p1Not1</not:RequestId>
               <not:CorrelationId>2ec3e654-5f3e-4bdb-</not:CorrelationId>
               <not:Destination>
                  <com:GeneralIdentification>ESUC</com:GeneralIdentification>
               </not:Destination>
               <not:ProcedureNumber>ENOT2009042900807</not:ProcedureNumber>
               <not:Sender>
                  <com:InstitutionIdentification>
                     <com:KBONumber>0240678477</com:KBONumber>
                     <com:InstitutionName>CIRB</com:InstitutionName>
                     <com:Address>
                        <com:MunicipalityDescription>Description adresse</com:MunicipalityDescription>
                        <com:MunicipalityCode>1030</com:MunicipalityCode>
                        <com:PostalCode>1000</com:PostalCode>
                        <com:Street>Avenue du Roi Albert II</com:Street>
                        <com:HouseNumber>33</com:HouseNumber>
                        <com:HouseIndexNumber>70</com:HouseIndexNumber>
                     </com:Address>
                  </com:InstitutionIdentification>
                  <com:Helpdesk>
                     <com:TelephoneNumber>+32 2 5766412</com:TelephoneNumber>
                     <com:FaxNumber>+32 2 5766412</com:FaxNumber>
                     <com:EmailAddress>helpdesk@cirb.brussels</com:EmailAddress>
                  </com:Helpdesk>
                  <com:GeneralInformation>City of Brussels</com:GeneralInformation>
               </not:Sender>
               <not:AckInformation>
                  <com:AcknowledgementDate>2013-10-01T13:58:19.297+02:00</com:AcknowledgementDate>
                  <com:TimeReceiveRequest>2013-10-01T13:58:19.297+02:00</com:TimeReceiveRequest>
               </not:AckInformation>
            </not:requestData>
            <not:requestContext>
               <com:requestInfo>
                  <com:id>TC20p1Not1</com:id>
                  <com:timeStamp>2013-10-01T13:58:19.297+02:00</com:timeStamp>
               </com:requestInfo>
               <com:consumerInfo>
                  <com:application>fidus SP16</com:application>
                  <com:userInfo/>
               </com:consumerInfo>
            </not:requestContext>
            </not:NoticeOneAckRequest>
         </v1:request>
      </v1:sendNoticeOneAckRequest>
   </soapenv:Body>
</soapenv:Envelope>]]></con:request><con:credentials><con:selectedAuthProfile>Basic</con:selectedAuthProfile><con:addedBasicAuthenticationTypes>Basic</con:addedBasicAuthenticationTypes><con:authType>Global HTTP Settings</con:authType></con:credentials><con:jmsConfig JMSDeliveryMode="PERSISTENT"/><con:jmsPropertyConfig/><con:wsaConfig mustUnderstand="NONE" version="200508" action="http://fidus.brussels/service/fourhtwaydebtservice/sendNoticeOneAck"/><con:wsrmConfig version="1.2"/></con:call></con:operation><con:operation id="863ab7c7-b696-457b-b63d-28dd1bc709a9" isOneWay="false" action="http://fidus.brussels/service/fourthwaydebtservice/sendNoticeTwoAck" name="sendNoticeTwoAck" bindingOperationName="sendNoticeTwoAck" type="Request-Response" inputName="" receivesAttachments="false" sendsAttachments="false" anonymous="optional"><con:settings/><con:call id="fc6beaf7-970d-43bc-a399-032809ecfc32" name="Request 1"><con:settings/><con:encoding>UTF-8</con:encoding><con:endpoint>http://fidus.brussels/services/fourthwaytransactionservice/v1</con:endpoint><con:request><![CDATA[<soapenv:Envelope xmlns:soapenv="http://schemas.xmlsoap.org/soap/envelope/" xmlns:v1="http://fidus.brussels/service/fourthwaytransactionservice/messages/v1" xmlns:v11="http://fidus.brussels/type/common/messages/v1" xmlns:not="http://fsb.belgium.be/fourthway/v2/NoticeTwoAck" xmlns:com="http://fsb.belgium.be/fourthway/v2/Common">
   <soapenv:Header/>
   <soapenv:Body>
      <v1:sendNoticeTwoAckRequest>
         <v1:messageContext>
            <v11:messageId>?</v11:messageId>
            <!--Optional:-->
            <v11:timestamp>?</v11:timestamp>
         </v1:messageContext>
         <v1:legalContext>?</v1:legalContext>
         <v1:request>
            <not:NoticeTwoAckRequest Version="2.5">
               <not:requestData>
                  <not:RequestId>?</not:RequestId>
                  <not:CorrelationId>?</not:CorrelationId>
                  <not:Destination>
                     <!--You have a CHOICE of the next 2 items at this level-->
                     <GeneralIdentification>?</GeneralIdentification>
                     <SectorIdentification>?</SectorIdentification>
                  </not:Destination>
                  <not:ProcedureNumber>?</not:ProcedureNumber>
                  <not:Sender>
                     <com:InstitutionIdentification>
                        <com:KBONumber>?</com:KBONumber>
                        <com:InstitutionName>?</com:InstitutionName>
                        <!--Optional:-->
                        <com:Address>
                           <com:MunicipalityDescription>?</com:MunicipalityDescription>
                           <!--Optional:-->
                           <com:MunicipalityCode>?</com:MunicipalityCode>
                           <com:PostalCode>?</com:PostalCode>
                           <com:Street>?</com:Street>
                           <!--Optional:-->
                           <com:HouseNumber>?</com:HouseNumber>
                           <!--Optional:-->
                           <com:HouseIndexNumber>?</com:HouseIndexNumber>
                           <!--Optional:-->
                           <com:StreetCode>?</com:StreetCode>
                        </com:Address>
                     </com:InstitutionIdentification>
                     <!--Optional:-->
                     <com:Helpdesk>
                        <com:TelephoneNumber>?</com:TelephoneNumber>
                        <com:FaxNumber>?</com:FaxNumber>
                        <com:EmailAddress>?</com:EmailAddress>
                     </com:Helpdesk>
                     <!--Optional:-->
                     <com:GeneralInformation>?</com:GeneralInformation>
                  </not:Sender>
                  <not:AckInformation>
                     <AcknowledgementDate>?</AcknowledgementDate>
                     <!--Optional:-->
                     <TimeReceiveRequest>?</TimeReceiveRequest>
                     <!--Zero or more repetitions:-->
                     <ReceivingInstitutions>
                        <KBONumber>?</KBONumber>
                        <InstitutionName>?</InstitutionName>
                        <Address>
                           <com:MunicipalityDescription>?</com:MunicipalityDescription>
                           <!--Optional:-->
                           <com:MunicipalityCode>?</com:MunicipalityCode>
                           <com:PostalCode>?</com:PostalCode>
                           <com:Street>?</com:Street>
                           <!--Optional:-->
                           <com:HouseNumber>?</com:HouseNumber>
                           <!--Optional:-->
                           <com:HouseIndexNumber>?</com:HouseIndexNumber>
                           <!--Optional:-->
                           <com:StreetCode>?</com:StreetCode>
                        </Address>
                     </ReceivingInstitutions>
                  </not:AckInformation>
               </not:requestData>
               <not:requestContext>
                  <com:requestInfo>
                     <com:id>?</com:id>
                     <!--Optional:-->
                     <com:timeStamp>?</com:timeStamp>
                  </com:requestInfo>
                  <!--Optional:-->
                  <com:consumerInfo>
                     <!--Optional:-->
                     <com:application>?</com:application>
                     <com:userInfo>
                        <!--Optional:-->
                        <com:id>?</com:id>
                        <!--Optional:-->
                        <com:language>?</com:language>
                     </com:userInfo>
                  </com:consumerInfo>
               </not:requestContext>
            </not:NoticeTwoAckRequest>
         </v1:request>
      </v1:sendNoticeTwoAckRequest>
   </soapenv:Body>
</soapenv:Envelope>]]></con:request><con:wsaConfig mustUnderstand="NONE" version="200508" action="http://fidus.brussels/service/fourthwaydebtservice/sendNoticeTwoAck"/></con:call></con:operation></con:interface><con:testSuite id="e08d333d-ceca-47b9-b369-397d34af3cf9" name="TEST"><con:settings/><con:runType>SEQUENTIAL</con:runType><con:testCase id="76b8aaaf-33dc-4b56-a35e-e40a3a8ee5ab" failOnError="true" failTestCaseOnErrors="true" keepSession="false" maxResults="0" name="sendNoticeOne" searchProperties="true"><con:settings/><con:testStep type="request" id="f0d07836-5d29-4477-8eda-a778211850ef" name="testcase3 - Test - External - Request"><con:settings/><con:config xsi:type="con:RequestStep" xmlns:xsi="http://www.w3.org/2001/XMLSchema-instance"><con:interface>FourthWayTransactionServiceHTTPBinding</con:interface><con:operation>sendNoticeOne</con:operation><con:request name="testcase3 - Test - External - Request" id="f6439fea-3a9a-4d31-99da-04b3bf0e885a" outgoingWss="Outflow TEST"><con:settings/><con:encoding>UTF-8</con:encoding><con:endpoint>https://fidus-test.irisnetlab.be/services/FourthWayTransactionService_v1.0</con:endpoint><con:request><![CDATA[<soapenv:Envelope xmlns:soapenv="http://schemas.xmlsoap.org/soap/envelope/" xmlns:be="http://be.belgium.fsb" xmlns:v1="http://fidus.brussels/service/fourthwaytransactionservice/messages/v1" xmlns:v11="http://fidus.brussels/type/common/messages/v1" xmlns:not="http://fsb.belgium.be/fourthway/v2/NoticeOne" xmlns:com="http://fsb.belgium.be/fourthway/v2/Common">
   <soapenv:Header/>
   <soapenv:Body>
      <v1:sendNoticeOneRequest>
         <v1:messageContext>
            <v11:messageId>${=import static java.util.UUID.randomUUID; uuid = randomUUID() as String}</v11:messageId>
            <v11:timestamp>${=new java.text.SimpleDateFormat("yyyy-MM-dd'T'HH:mm:ss.SSS").format(new Date())}</v11:timestamp>
         </v1:messageContext>
         <v1:legalContext>ServiceIntegrator</v1:legalContext>
         <v1:request>
           <not:NoticeOneRequest Version="2.5">
               <not:requestData>
                  <not:ShortRequestId>?</not:ShortRequestId>
                  <not:Origin>ENOT</not:Origin>
                  <not:ProcedureNumber>?</not:ProcedureNumber>
                  <not:DossierInfo>
                     <not:TransactionType>1</not:TransactionType>
                     <not:ReferenceNumber>?</not:ReferenceNumber>
                     <not:Language>FR</not:Language>
                  </not:DossierInfo>
                  <not:DescriptionParties>
                     <com:PartyNumber>123</com:PartyNumber>
                     <com:Actor>
                        <com:MPE>
                           <com:Enterprise>
                              <com:ByNumber>
                                 <com:EnterpriseNumber>1234567890</com:EnterpriseNumber>
                              </com:ByNumber>
                           </com:Enterprise>
                        </com:MPE>               
                     </com:Actor>
                     <com:SubjectToVAT>false</com:SubjectToVAT>
                  </not:DescriptionParties>
                  <not:RequesterInfo>
                     <com:RequesterType>1</com:RequesterType>
                     <com:Institution>
                        <com:Address>
                           <com:MunicipalityDescription>municipality description</com:MunicipalityDescription>
                           <com:PostalCode>1000</com:PostalCode>
                           <com:Street>Rue des ecoles</com:Street>
                        </com:Address>
                     </com:Institution>
                     <com:PhysicalRequester>
                        <com:Name>testuser</com:Name>
                        <com:FirstNames>pierre</com:FirstNames>
                     </com:PhysicalRequester>
                     <com:TelephoneNumber>+32 2 4956720</com:TelephoneNumber>
                  </not:RequesterInfo>
                  <not:ContactPerson>
                     <com:Name>contact</com:Name>
                     <com:FirstNames>person</com:FirstNames>
                  </not:ContactPerson>
                  <not:RequestDate>2019-01-30T12:00:00</not:RequestDate>
               </not:requestData>
               <not:requestContext>
                  <com:requestInfo>
                     <com:id>123</com:id>
                  </com:requestInfo>
               </not:requestContext>
            </not:NoticeOneRequest>
        </v1:request>
      </v1:sendNoticeOneRequest>
   </soapenv:Body>
</soapenv:Envelope>]]></con:request><con:assertion type="SOAP Fault Assertion" id="a6ab3c81-d49c-4b6d-b982-600158f5d372" name="Not SOAP Fault"/><con:assertion type="SOAP Response" id="9013205a-1f6d-4747-86a9-0f08a5a57ddb" name="SOAP Response"/><con:assertion type="Schema Compliance" id="f3a4ecf5-54a0-44e2-bd50-c438238a5792" name="Schema Compliance"><con:configuration/></con:assertion><con:wsaConfig action="http://fidus.brussels/services/fourthwaytransactionservice/sendNoticeOne"/></con:request></con:config></con:testStep><con:properties/></con:testCase><con:testCase id="e91e130d-56bb-436d-ba3e-4b44d803b002" failOnError="true" failTestCaseOnErrors="true" keepSession="false" maxResults="0" name="sendNotificationAck" searchProperties="true"><con:settings/><con:testStep type="request" id="fc97b7fe-8d01-4e9c-b39c-e45e820857da" name="testcase3 - Test - External - Request"><con:settings/><con:config xsi:type="con:RequestStep" xmlns:xsi="http://www.w3.org/2001/XMLSchema-instance"><con:interface>FourthWayTransactionServiceHTTPBinding</con:interface><con:operation>sendNotificationAck</con:operation><con:request name="testcase3 - Test - External - Request" id="25aaeeaa-fc0b-4e3d-82af-ee42104cb66f" outgoingWss="Outflow TEST"><con:settings/><con:encoding>UTF-8</con:encoding><con:endpoint>https://fidus-test.irisnetlab.be/services/FourthWayTransactionService_v1.0</con:endpoint><con:request><![CDATA[<soapenv:Envelope xmlns:soapenv="http://schemas.xmlsoap.org/soap/envelope/" xmlns:v1="http://fidus.brussels/service/fourthwaytransactionservice/messages/v1" xmlns:v11="http://fidus.brussels/type/common/messages/v1" xmlns:not="http://fsb.belgium.be/fourthway/v2/NotificationAck" xmlns:com="http://fsb.belgium.be/fourthway/v2/Common">
   <soapenv:Header/>
   <soapenv:Body>
      <v1:sendNotificationAckRequest>
         <v1:messageContext>
            <v11:messageId>${=import static java.util.UUID.randomUUID; uuid = randomUUID() as String}</v11:messageId>
            <v11:timestamp>${=new java.text.SimpleDateFormat("yyyy-MM-dd'T'HH:mm:ss.SSS").format(new Date())}</v11:timestamp>
         </v1:messageContext>
         <v1:legalContext>ServiceIntegrator</v1:legalContext>
         <v1:request>
            <not:NotificationAckRequest Version="2.5">
               <not:RequestData>
                  <not:RequestId>?</not:RequestId>
                  <not:Origin>ENOT</not:Origin>
                  <not:Destination>
                     <!--You have a CHOICE of the next 3 items at this level-->
                     <com:SocialSecurity>
                        <com:InstitutionNumber>?</com:InstitutionNumber>
                        <com:CorrelationId>?</com:CorrelationId>
                        <com:NotificationDate>?</com:NotificationDate>
                     </com:SocialSecurity>
                     <com:Finance>
                        <com:DepartmentNumber>?</com:DepartmentNumber>
                        <com:CorrelationId>?</com:CorrelationId>
                        <com:NotificationDate>?</com:NotificationDate>
                     </com:Finance>
                     <com:ConnectedEntity>
                        <com:ConnectedEntityName>?</com:ConnectedEntityName>
                        <com:KBONumber>?</com:KBONumber>
                        <com:CorrelationId>?</com:CorrelationId>
                        <com:NotificationDate>?</com:NotificationDate>
                     </com:ConnectedEntity>
                  </not:Destination>
                  <not:ProcedureNumber>?</not:ProcedureNumber>
                  <not:Sender>
                     <com:InstitutionIdentification>
                        <com:KBONumber>?</com:KBONumber>
                        <com:InstitutionName>?</com:InstitutionName>
                        <!--Optional:-->
                        <com:Address>
                           <com:MunicipalityDescription>?</com:MunicipalityDescription>
                           <!--Optional:-->
                           <com:MunicipalityCode>?</com:MunicipalityCode>
                           <com:PostalCode>?</com:PostalCode>
                           <com:Street>?</com:Street>
                           <!--Optional:-->
                           <com:HouseNumber>?</com:HouseNumber>
                           <!--Optional:-->
                           <com:HouseIndexNumber>?</com:HouseIndexNumber>
                           <!--Optional:-->
                           <com:StreetCode>?</com:StreetCode>
                        </com:Address>
                     </com:InstitutionIdentification>
                     <!--Optional:-->
                     <com:Helpdesk>
                        <com:TelephoneNumber>?</com:TelephoneNumber>
                        <com:FaxNumber>?</com:FaxNumber>
                        <com:EmailAddress>?</com:EmailAddress>
                     </com:Helpdesk>
                     <!--Optional:-->
                     <com:GeneralInformation>?</com:GeneralInformation>
                  </not:Sender>
                  <not:AckInformation>
                     <com:ReceivedNotificationTimeStamp>?</com:ReceivedNotificationTimeStamp>
                     <com:NotificationAcknowledgmentTimeStamp>?</com:NotificationAcknowledgmentTimeStamp>
                  </not:AckInformation>
               </not:RequestData>
               <not:RequestContext>
                  <com:requestInfo>
                     <com:id>?</com:id>
                     <!--Optional:-->
                     <com:timeStamp>?</com:timeStamp>
                  </com:requestInfo>
                  <!--Optional:-->
                  <com:consumerInfo>
                     <!--Optional:-->
                     <com:application>?</com:application>
                     <com:userInfo>
                        <!--Optional:-->
                        <com:id>?</com:id>
                        <!--Optional:-->
                        <com:language>?</com:language>
                     </com:userInfo>
                  </com:consumerInfo>
               </not:RequestContext>
            </not:NotificationAckRequest>
         </v1:request>
      </v1:sendNotificationAckRequest>
   </soapenv:Body>
</soapenv:Envelope>]]></con:request><con:assertion type="SOAP Fault Assertion" id="b9ab7ee2-6d60-4120-9d60-8dcb8b190f6f" name="Not SOAP Fault"/><con:assertion type="SOAP Response" id="4567f16a-3318-4eb4-be13-e43039dabdbe" name="SOAP Response"/><con:assertion type="Schema Compliance" id="cfbdd3dc-0958-446f-8389-4fc5e49883f5" name="Schema Compliance"><con:configuration/></con:assertion><con:wsaConfig action="http://fidus.brussels/services/fourthwaytransactionservice/sendNotificationAck"/></con:request></con:config></con:testStep><con:properties/></con:testCase><con:testCase id="793a8de4-bea7-4ed7-8169-7b3e7b808866" failOnError="true" failTestCaseOnErrors="true" keepSession="false" maxResults="0" name="sendNoticeOneAck" searchProperties="true"><con:settings/><con:testStep type="request" id="1c0bfee4-0b9c-421e-a5c5-042950c1608d" name="testcase3 - Test - External - Request"><con:settings/><con:config xsi:type="con:RequestStep" xmlns:xsi="http://www.w3.org/2001/XMLSchema-instance"><con:interface>FourthWayTransactionServiceHTTPBinding</con:interface><con:operation>sendNoticeOneAck</con:operation><con:request name="testcase3 - Test - External - Request" id="d304c718-4237-46e7-b4e4-b6ec971927e6" outgoingWss="Outflow TEST"><con:settings/><con:encoding>UTF-8</con:encoding><con:endpoint>https://fidus-test.irisnetlab.be/services/FourthWayTransactionService_v1.0</con:endpoint><con:request><![CDATA[<soapenv:Envelope xmlns:soapenv="http://schemas.xmlsoap.org/soap/envelope/" xmlns:v1="http://fidus.brussels/service/fourthwaytransactionservice/messages/v1" xmlns:v11="http://fidus.brussels/type/common/messages/v1" xmlns:not="http://fsb.belgium.be/fourthway/v2/NoticeOneAck" xmlns:com="http://fsb.belgium.be/fourthway/v2/Common">
   <soapenv:Header/>
   <soapenv:Body>
      <v1:sendNoticeOneAckRequest>
         <v1:messageContext>
            <v11:messageId>${=import static java.util.UUID.randomUUID; uuid = randomUUID() as String}</v11:messageId>
            <v11:timestamp>${=new java.text.SimpleDateFormat("yyyy-MM-dd'T'HH:mm:ss.SSS").format(new Date())}</v11:timestamp>
         </v1:messageContext>
         <v1:legalContext>ServiceIntegrator</v1:legalContext>
         <v1:request>
            <not:NoticeOneAckRequest Version="2.5">
                           <not:requestData>
               <not:RequestId>TC20p1Not1</not:RequestId>
               <not:CorrelationId>2ec3e654-5f3e-4bdb-</not:CorrelationId>
               <not:Destination>
                  <com:GeneralIdentification>ESUC</com:GeneralIdentification>
               </not:Destination>
               <not:ProcedureNumber>ENOT2009042900807</not:ProcedureNumber>
               <not:Sender>
                  <com:InstitutionIdentification>
                     <com:KBONumber>0240678477</com:KBONumber>
                     <com:InstitutionName>CIRB</com:InstitutionName>
                     <com:Address>
                        <com:MunicipalityDescription>Description adresse</com:MunicipalityDescription>
                        <com:MunicipalityCode>1030</com:MunicipalityCode>
                        <com:PostalCode>1000</com:PostalCode>
                        <com:Street>Avenue du Roi Albert II</com:Street>
                        <com:HouseNumber>33</com:HouseNumber>
                        <com:HouseIndexNumber>70</com:HouseIndexNumber>
                     </com:Address>
                  </com:InstitutionIdentification>
                  <com:Helpdesk>
                     <com:TelephoneNumber>+32 2 5766412</com:TelephoneNumber>
                     <com:FaxNumber>+32 2 5766412</com:FaxNumber>
                     <com:EmailAddress>helpdesk@cirb.brussels</com:EmailAddress>
                  </com:Helpdesk>
                  <com:GeneralInformation>City of Brussels</com:GeneralInformation>
               </not:Sender>
               <not:AckInformation>
                  <com:AcknowledgementDate>2013-10-01T13:58:19.297+02:00</com:AcknowledgementDate>
                  <com:TimeReceiveRequest>2013-10-01T13:58:19.297+02:00</com:TimeReceiveRequest>
               </not:AckInformation>
            </not:requestData>
            <not:requestContext>
               <com:requestInfo>
                  <com:id>TC20p1Not1</com:id>
                  <com:timeStamp>2013-10-01T13:58:19.297+02:00</com:timeStamp>
               </com:requestInfo>
               <com:consumerInfo>
                  <com:application>fidus SP16</com:application>
                  <com:userInfo/>
               </com:consumerInfo>
            </not:requestContext>
            </not:NoticeOneAckRequest>
         </v1:request>
      </v1:sendNoticeOneAckRequest>
   </soapenv:Body>
</soapenv:Envelope>]]></con:request><con:assertion type="SOAP Fault Assertion" id="cd7325df-3dcb-44d7-8ea1-2f938d840eee" name="Not SOAP Fault"/><con:assertion type="SOAP Response" id="8089b1da-728b-4497-99b5-0488dae874f1" name="SOAP Response"/><con:assertion type="Schema Compliance" id="7769096e-b3d8-4bc8-bd3f-593e31a75216" name="Schema Compliance"><con:configuration/></con:assertion><con:wsaConfig action="http://fidus.brussels/service/fourhtwaydebtservice/sendNoticeOneAck"/></con:request></con:config></con:testStep><con:properties/></con:testCase><con:properties/></con:testSuite><con:properties/><con:wssContainer><con:crypto><con:source>data/wso2/keystores/user-rajarshi.jks</con:source><con:password>test@fidus01</con:password><con:type>KEYSTORE</con:type></con:crypto><con:outgoing><con:name>Outflow TEST</con:name><con:entry type="Signature" username="testuser-test.fidus.brussels" password="test@fidus01"><con:configuration><crypto>user-rajarshi.jks</crypto><keyIdentifierType>3</keyIdentifierType><signatureAlgorithm/><signatureCanonicalization/><useSingleCert>true</useSingleCert><digestAlgorithm/><customTokenValueType/><customTokenId/></con:configuration></con:entry><con:entry type="Timestamp"><con:configuration><timeToLive>300000</timeToLive><strictTimestamp>true</strictTimestamp></con:configuration></con:entry></con:outgoing></con:wssContainer><con:oAuth2ProfileContainer/><con:oAuth1ProfileContainer/><con:sensitiveInformation/></con:soapui-project>