<?xml version="1.0" encoding="UTF-8"?>
<con:soapui-project id="e2232ec0-ea34-41e7-8249-f502cb82c656" activeEnvironment="Default" name="Client-FourthWayDebtService-1-0-soapui-project" resourceRoot="" soapui-version="5.1.3" abortOnError="false" runType="SEQUENTIAL" xmlns:con="http://eviware.com/soapui/config"><con:settings/><con:interface xsi:type="con:WsdlInterface" id="649cb87e-6128-42ea-94fb-b65bc9a7014b" wsaVersion="NONE" name="FourthWayDebtServiceHTTPBinding" type="wsdl" bindingName="{http://fidus.brussels/service/fourthwaydebtservice/v1}FourthWayDebtServiceHTTPBinding" soapVersion="1_1" anonymous="optional" definition="file:/home/isr/git/parent/fourthwaydebtservice/FourthWayDebtServiceGateway/src/main/resources/wsdl/fourthWayDebtService/1.0.0/FourthWayDebtService_v1.wsdl" xmlns:xsi="http://www.w3.org/2001/XMLSchema-instance"><con:settings/><con:definitionCache type="TEXT" rootPart="file:/home/isr/git/parent/fourthwaydebtservice/FourthWayDebtServiceGateway/src/main/resources/wsdl/fourthWayDebtService/1.0.0/FourthWayDebtService_v1.wsdl"><con:part><con:url>file:/home/isr/git/parent/fourthwaydebtservice/FourthWayDebtServiceGateway/src/main/resources/wsdl/fourthWayDebtService/1.0.0/FourthWayDebtService_v1.wsdl</con:url><con:content><![CDATA[<wsdl:definitions name="FourthWayDebtService" targetNamespace="http://fidus.brussels/service/fourthwaydebtservice/v1" xmlns:soap="http://schemas.xmlsoap.org/wsdl/soap/" xmlns:wsdl="http://schemas.xmlsoap.org/wsdl/" xmlns:xsd="http://www.w3.org/2001/XMLSchema" xmlns:mes="http://fidus.brussels/service/fourthwaydebtservice/messages/v1" xmlns:tns="http://fidus.brussels/service/fourthwaydebtservice/v1" xmlns:fwh="http://fsb.belgium.be/FourthWayServices/header" xmlns:fsb="http://fsb.belgium.be/header" xmlns:frmsg="http://fsb.belgium.be/FourthWayServices/fourthwaymessage" xmlns:funac="http://fsb.belgium.be/FourthWayServices/functionalack" xmlns:tecac="http://fsb.belgium.be/FourthWayServices/technicalack" xmlns:bet="http://fsb.belgium.be/FourthWayServices/businesserror" xmlns:dbtsi="http://fsb.belgium.be/FourthWayServices/debtinquiry" xmlns:ddn="http://fsb.belgium.be/FourthWayServices/debtdeficitnotification">
  <wsdl:types>
    <xsd:schema targetNamespace="http://fidus.brussels/service/fourthwaydebtservice/v1" elementFormDefault="qualified">
      <!--Fidus XSD-->
      <xsd:import namespace="http://fidus.brussels/service/fourthwaydebtservice/messages/v1" schemaLocation="messages/fourthwayDebtServiceMessages_v1.xsd"/>
      <xsd:import schemaLocation="messages/faultTypes_v1.xsd"/>
    </xsd:schema>
  </wsdl:types>
  <wsdl:message name="fiscalDebtNotificationRequestMessage">
    <wsdl:part name="FiscalDebtNotificationRequest" element="mes:fiscalDebtNotificationRequest"/>
  </wsdl:message>
  <wsdl:message name="fiscalDebtNotificationResponseMessage">
    <wsdl:part name="FiscalDebtNotificationResponse" element="mes:fiscalDebtNotificationResponse"/>
  </wsdl:message>
  <wsdl:message name="socialDebtNotificationRequestMessage">
    <wsdl:part name="SocialDebtNotificationRequest" element="mes:socialDebtNotificationRequest"/>
  </wsdl:message>
  <wsdl:message name="socialDebtNotificationResponseMessage">
    <wsdl:part name="SocialDebtNotificationResponse" element="mes:socialDebtNotificationResponse"/>
  </wsdl:message>
  <wsdl:message name="flandersDebtNotificationRequestMessage">
    <wsdl:part name="FlandersDebtNotificationRequest" element="mes:flandersRegionRequest"/>
  </wsdl:message>
  <wsdl:message name="flandersDebtNotificationResponseMessage">
    <wsdl:part name="FlandersDebtNotificationResponse" element="mes:flandersRegionResponse"/>
  </wsdl:message>
  <wsdl:message name="functionalAckRequestMessage">
    <wsdl:part name="FunctionalAckRequest" element="mes:functionalAckRequest"/>
  </wsdl:message>
  <wsdl:message name="functionalAckResponseMessage">
    <wsdl:part name="FunctionalAckResponse" element="mes:functionalAckResponse"/>
  </wsdl:message>
  <wsdl:message name="businessErrorRequestMessage">
    <wsdl:part name="BusinessErrorRequest" element="mes:businessErrorRequest"/>
  </wsdl:message>
  <wsdl:message name="businessErrorResponseMessage">
    <wsdl:part name="BusinessErrorResponse" element="mes:businessErrorResponse"/>
  </wsdl:message>
  <wsdl:message name="FaultMessageMessageId">
    <wsdl:part name="messageId" element="messageId"/>
  </wsdl:message>
  <wsdl:message name="FaultMessageTransactionId">
    <wsdl:part name="transactionId" element="transactionId"/>
  </wsdl:message>
  <wsdl:message name="FaultMessageTimestamp">
    <wsdl:part name="timestamp" element="timestamp"/>
  </wsdl:message>
  <wsdl:message name="FaultMessageError">
    <wsdl:part name="error" element="error"/>
  </wsdl:message>
  <wsdl:portType name="FourthWayDebtServicePortType">
    <wsdl:operation name="fiscalDebtNotification">
      <wsdl:input message="tns:fiscalDebtNotificationRequestMessage"/>
      <wsdl:output message="tns:fiscalDebtNotificationResponseMessage"/>
      <wsdl:fault name="FaultMessageMessageId" message="tns:FaultMessageMessageId"/>
      <wsdl:fault name="FaultMessageTransactionId" message="tns:FaultMessageTransactionId"/>
      <wsdl:fault name="FaultMessageTimestamp" message="tns:FaultMessageTimestamp"/>
      <wsdl:fault name="FaultMessageError" message="tns:FaultMessageError"/>
    </wsdl:operation>
    <wsdl:operation name="socialDebtNotification">
      <wsdl:input message="tns:socialDebtNotificationRequestMessage"/>
      <wsdl:output message="tns:socialDebtNotificationResponseMessage"/>
      <wsdl:fault name="FaultMessageMessageId" message="tns:FaultMessageMessageId"/>
      <wsdl:fault name="FaultMessageTransactionId" message="tns:FaultMessageTransactionId"/>
      <wsdl:fault name="FaultMessageTimestamp" message="tns:FaultMessageTimestamp"/>
      <wsdl:fault name="FaultMessageError" message="tns:FaultMessageError"/>
    </wsdl:operation>
    <wsdl:operation name="flandersDebtNotification">
      <wsdl:input message="tns:flandersDebtNotificationRequestMessage"/>
      <wsdl:output message="tns:flandersDebtNotificationResponseMessage"/>
      <wsdl:fault name="FaultMessageMessageId" message="tns:FaultMessageMessageId"/>
      <wsdl:fault name="FaultMessageTransactionId" message="tns:FaultMessageTransactionId"/>
      <wsdl:fault name="FaultMessageTimestamp" message="tns:FaultMessageTimestamp"/>
      <wsdl:fault name="FaultMessageError" message="tns:FaultMessageError"/>
    </wsdl:operation>
    <wsdl:operation name="functionalAck">
      <wsdl:input message="tns:functionalAckRequestMessage"/>
      <wsdl:output message="tns:functionalAckResponseMessage"/>
      <wsdl:fault name="FaultMessageMessageId" message="tns:FaultMessageMessageId"/>
      <wsdl:fault name="FaultMessageTransactionId" message="tns:FaultMessageTransactionId"/>
      <wsdl:fault name="FaultMessageTimestamp" message="tns:FaultMessageTimestamp"/>
      <wsdl:fault name="FaultMessageError" message="tns:FaultMessageError"/>
    </wsdl:operation>
    <wsdl:operation name="businessError">
      <wsdl:input message="tns:businessErrorRequestMessage"/>
      <wsdl:output message="tns:businessErrorResponseMessage"/>
      <wsdl:fault name="FaultMessageMessageId" message="tns:FaultMessageMessageId"/>
      <wsdl:fault name="FaultMessageTransactionId" message="tns:FaultMessageTransactionId"/>
      <wsdl:fault name="FaultMessageTimestamp" message="tns:FaultMessageTimestamp"/>
      <wsdl:fault name="FaultMessageError" message="tns:FaultMessageError"/>
    </wsdl:operation>
  </wsdl:portType>
  <wsdl:binding name="FourthWayDebtServiceHTTPBinding" type="tns:FourthWayDebtServicePortType">
    <soap:binding style="document" transport="http://schemas.xmlsoap.org/soap/http"/>
    <wsdl:operation name="fiscalDebtNotification">
      <soap:operation soapAction="http://fidus.brussels/services/fourthwaydebtservice/fiscalDebtNotification"/>
      <wsdl:input>
        <soap:body use="literal"/>
      </wsdl:input>
      <wsdl:output>
        <soap:body use="literal"/>
      </wsdl:output>
      <wsdl:fault name="FaultMessageMessageId">
        <soap:fault name="FaultMessageMessageId" use="literal"/>
      </wsdl:fault>
      <wsdl:fault name="FaultMessageTransactionId">
        <soap:fault name="FaultMessageTransactionId" use="literal"/>
      </wsdl:fault>
      <wsdl:fault name="FaultMessageTimestamp">
        <soap:fault name="FaultMessageTimestamp" use="literal"/>
      </wsdl:fault>
      <wsdl:fault name="FaultMessageError">
        <soap:fault name="FaultMessageError" use="literal"/>
      </wsdl:fault>
    </wsdl:operation>
    <wsdl:operation name="socialDebtNotification">
      <soap:operation soapAction="http://fidus.brussels/services/fourthwaydebtservice/socialDebtNotification"/>
      <wsdl:input>
        <soap:body use="literal"/>
      </wsdl:input>
      <wsdl:output>
        <soap:body use="literal"/>
      </wsdl:output>
      <wsdl:fault name="FaultMessageMessageId">
        <soap:fault name="FaultMessageMessageId" use="literal"/>
      </wsdl:fault>
      <wsdl:fault name="FaultMessageTransactionId">
        <soap:fault name="FaultMessageTransactionId" use="literal"/>
      </wsdl:fault>
      <wsdl:fault name="FaultMessageTimestamp">
        <soap:fault name="FaultMessageTimestamp" use="literal"/>
      </wsdl:fault>
      <wsdl:fault name="FaultMessageError">
        <soap:fault name="FaultMessageError" use="literal"/>
      </wsdl:fault>
    </wsdl:operation>
    <wsdl:operation name="flandersDebtNotification">
      <soap:operation soapAction="http://fidus.brussels/services/fourthwaydebtservice/flandersDebtNotification"/>
      <wsdl:input>
        <soap:body use="literal"/>
      </wsdl:input>
      <wsdl:output>
        <soap:body use="literal"/>
      </wsdl:output>
      <wsdl:fault name="FaultMessageMessageId">
        <soap:fault name="FaultMessageMessageId" use="literal"/>
      </wsdl:fault>
      <wsdl:fault name="FaultMessageTransactionId">
        <soap:fault name="FaultMessageTransactionId" use="literal"/>
      </wsdl:fault>
      <wsdl:fault name="FaultMessageTimestamp">
        <soap:fault name="FaultMessageTimestamp" use="literal"/>
      </wsdl:fault>
      <wsdl:fault name="FaultMessageError">
        <soap:fault name="FaultMessageError" use="literal"/>
      </wsdl:fault>
    </wsdl:operation>
    <wsdl:operation name="functionalAck">
      <soap:operation soapAction="http://fidus.brussels/services/fourthwaydebtservice/functionalAck"/>
      <wsdl:input>
        <soap:body use="literal"/>
      </wsdl:input>
      <wsdl:output>
        <soap:body use="literal"/>
      </wsdl:output>
      <wsdl:fault name="FaultMessageMessageId">
        <soap:fault name="FaultMessageMessageId" use="literal"/>
      </wsdl:fault>
      <wsdl:fault name="FaultMessageTransactionId">
        <soap:fault name="FaultMessageTransactionId" use="literal"/>
      </wsdl:fault>
      <wsdl:fault name="FaultMessageTimestamp">
        <soap:fault name="FaultMessageTimestamp" use="literal"/>
      </wsdl:fault>
      <wsdl:fault name="FaultMessageError">
        <soap:fault name="FaultMessageError" use="literal"/>
      </wsdl:fault>
    </wsdl:operation>
    <wsdl:operation name="businessError">
      <soap:operation soapAction="http://fidus.brussels/services/fourthwaydebtservice/businessError"/>
      <wsdl:input>
        <soap:body use="literal"/>
      </wsdl:input>
      <wsdl:output>
        <soap:body use="literal"/>
      </wsdl:output>
      <wsdl:fault name="FaultMessageMessageId">
        <soap:fault name="FaultMessageMessageId" use="literal"/>
      </wsdl:fault>
      <wsdl:fault name="FaultMessageTransactionId">
        <soap:fault name="FaultMessageTransactionId" use="literal"/>
      </wsdl:fault>
      <wsdl:fault name="FaultMessageTimestamp">
        <soap:fault name="FaultMessageTimestamp" use="literal"/>
      </wsdl:fault>
      <wsdl:fault name="FaultMessageError">
        <soap:fault name="FaultMessageError" use="literal"/>
      </wsdl:fault>
    </wsdl:operation>
  </wsdl:binding>
  <wsdl:service name="FourthWayDebtService_v1">
    <wsdl:port name="FourthWayDebtService_v1" binding="tns:FourthWayDebtServiceHTTPBinding">
      <soap:address location="http://fidus.brussels/services/fourthwaydebtservice/v1"/>
    </wsdl:port>
  </wsdl:service>
  <xsd:annotation>
    <xsd:documentation>FourthWay Debt service WDSL v1.</xsd:documentation>
  </xsd:annotation>
</wsdl:definitions>]]></con:content><con:type>http://schemas.xmlsoap.org/wsdl/</con:type></con:part><con:part><con:url>file:/home/isr/git/parent/fourthwaydebtservice/FourthWayDebtServiceGateway/src/main/resources/wsdl/fourthWayDebtService/1.0.0/messages/fourthwayDebtServiceMessages_v1.xsd</con:url><con:content><![CDATA[<xsd:schema targetNamespace="http://fidus.brussels/service/fourthwaydebtservice/messages/v1" elementFormDefault="qualified" attributeFormDefault="unqualified" version="1.0" xmlns:xsd="http://www.w3.org/2001/XMLSchema" xmlns:cme="http://fidus.brussels/type/common/messages/v1" xmlns:exc="http://fidus.brussels/type/common/exceptions/v1" xmlns:tns="http://fidus.brussels/service/fourthwaydebtservice/messages/v1" xmlns:fwh="http://fsb.belgium.be/FourthWayServices/header" xmlns:fsb="http://fsb.belgium.be/header" xmlns:dnn="http://fsb.belgium.be/FourthWayServices/debtnotification" xmlns:bet="http://fsb.belgium.be/FourthWayServices/businesserror" xmlns:funac="http://fsb.belgium.be/FourthWayServices/functionalack" xmlns:tecac="http://fsb.belgium.be/FourthWayServices/technicalack" xmlns:frmsg="http://fsb.belgium.be/FourthWayServices/fourthwaymessage">
  <xsd:import namespace="http://fidus.brussels/type/common/messages/v1" schemaLocation="baseMessageTypes_v1.xsd"/>
  <xsd:import namespace="http://fidus.brussels/type/common/exceptions/v1" schemaLocation="exceptionTypes_v1.xsd"/>
  <!--Fedict XSD-->
  <xsd:import namespace="http://fsb.belgium.be/FourthWayServices/debtnotification" schemaLocation="../XMLSchema/debtnotification.xsd"/>
  <xsd:import namespace="http://fsb.belgium.be/FourthWayServices/functionalack" schemaLocation="../XMLSchema/functionalacknowledgement.xsd"/>
  <xsd:import namespace="http://fsb.belgium.be/FourthWayServices/technicalack" schemaLocation="../XMLSchema/technicalacknowledgement.xsd"/>
  <xsd:import namespace="http://fsb.belgium.be/FourthWayServices/businesserror" schemaLocation="../XMLSchema/businesserror.xsd"/>
  <xsd:import namespace="http://fsb.belgium.be/FourthWayServices/fourthwaymessage" schemaLocation="../XMLSchema/fourthwaymessage.xsd"/>
  <xsd:complexType name="FiscalDebtNotificationRq">
    <xsd:sequence>
      <xsd:element ref="dnn:debtNotification"/>
    </xsd:sequence>
  </xsd:complexType>
  <xsd:complexType name="SocialDebtNotificationRq">
    <xsd:sequence>
      <xsd:element ref="dnn:debtNotification"/>
    </xsd:sequence>
  </xsd:complexType>
  <xsd:complexType name="FlandersRegionRq">
    <xsd:sequence>
      <xsd:element ref="dnn:debtNotification"/>
    </xsd:sequence>
  </xsd:complexType>
  <xsd:complexType name="FunctionalAckRq">
    <xsd:sequence>
      <xsd:element ref="funac:functionalAcknowledgement"/>
    </xsd:sequence>
  </xsd:complexType>
  <xsd:complexType name="BusinessErrorRq">
    <xsd:sequence>
      <xsd:element ref="bet:businessError"/>
    </xsd:sequence>
  </xsd:complexType>
  <xsd:complexType name="FiscalDebtNotificationRequestType">
    <xsd:sequence>
      <xsd:element name="messageContext" type="cme:RequestMessageContextType"/>
      <xsd:element name="legalContext" type="cme:LegalContextType"/>
      <xsd:element name="request" type="tns:FiscalDebtNotificationRq"/>
    </xsd:sequence>
  </xsd:complexType>
  <xsd:complexType name="SocialDebtNotificationRequestType">
    <xsd:sequence>
      <xsd:element name="messageContext" type="cme:RequestMessageContextType"/>
      <xsd:element name="legalContext" type="cme:LegalContextType"/>
      <xsd:element name="request" type="tns:SocialDebtNotificationRq"/>
    </xsd:sequence>
  </xsd:complexType>
  <xsd:complexType name="FlandersRegionRequestType">
    <xsd:sequence>
      <xsd:element name="messageContext" type="cme:RequestMessageContextType"/>
      <xsd:element name="legalContext" type="cme:LegalContextType"/>
      <xsd:element name="request" type="tns:FlandersRegionRq"/>
    </xsd:sequence>
  </xsd:complexType>
  <xsd:complexType name="FunctionalAckRequestType">
    <xsd:sequence>
      <xsd:element name="messageContext" type="cme:RequestMessageContextType"/>
      <xsd:element name="legalContext" type="cme:LegalContextType"/>
      <xsd:element name="request" type="tns:FunctionalAckRq"/>
    </xsd:sequence>
  </xsd:complexType>
  <xsd:complexType name="BusinessErrorRequestType">
    <xsd:sequence>
      <xsd:element name="messageContext" type="cme:RequestMessageContextType"/>
      <xsd:element name="legalContext" type="cme:LegalContextType"/>
      <xsd:element name="request" type="tns:BusinessErrorRq"/>
    </xsd:sequence>
  </xsd:complexType>
  <xsd:complexType name="FiscalDebtNotificationResponseType">
    <xsd:sequence>
      <xsd:element name="messageContext" type="cme:ResponseMessageContextType"/>
      <xsd:element name="responses" type="tns:ResponsesType" minOccurs="0"/>
      <xsd:element name="exceptions" type="exc:ExceptionsType" minOccurs="0">
        <xsd:annotation>
          <xsd:documentation>Technical errors that occur when processing the message context e.g. insufficient rights.</xsd:documentation>
        </xsd:annotation>
      </xsd:element>
    </xsd:sequence>
  </xsd:complexType>
  <xsd:complexType name="SocialDebtNotificationResponseType">
    <xsd:sequence>
      <xsd:element name="messageContext" type="cme:ResponseMessageContextType"/>
      <xsd:element name="responses" type="tns:ResponsesType" minOccurs="0"/>
      <xsd:element name="exceptions" type="exc:ExceptionsType" minOccurs="0">
        <xsd:annotation>
          <xsd:documentation>Technical errors that occur when processing the message context e.g. insufficient rights.</xsd:documentation>
        </xsd:annotation>
      </xsd:element>
    </xsd:sequence>
  </xsd:complexType>
  <xsd:complexType name="FlandersRegionResponseType">
    <xsd:sequence>
      <xsd:element name="messageContext" type="cme:ResponseMessageContextType"/>
      <xsd:element name="responses" type="tns:ResponsesType" minOccurs="0"/>
      <xsd:element name="exceptions" type="exc:ExceptionsType" minOccurs="0">
        <xsd:annotation>
          <xsd:documentation>Technical errors that occur when processing the message context e.g. insufficient rights.</xsd:documentation>
        </xsd:annotation>
      </xsd:element>
    </xsd:sequence>
  </xsd:complexType>
  <xsd:complexType name="FunctionalAckResponseType">
    <xsd:sequence>
      <xsd:element name="messageContext" type="cme:ResponseMessageContextType"/>
      <xsd:element name="responses" type="tns:ResponsesType" minOccurs="0"/>
      <xsd:element name="exceptions" type="exc:ExceptionsType" minOccurs="0">
        <xsd:annotation>
          <xsd:documentation>Technical errors that occur when processing the message context e.g. insufficient rights.</xsd:documentation>
        </xsd:annotation>
      </xsd:element>
    </xsd:sequence>
  </xsd:complexType>
  <xsd:complexType name="BusinessErrorResponseType">
    <xsd:sequence>
      <xsd:element name="messageContext" type="cme:ResponseMessageContextType"/>
      <xsd:element name="responses" type="tns:ResponsesType" minOccurs="0"/>
      <xsd:element name="exceptions" type="exc:ExceptionsType" minOccurs="0">
        <xsd:annotation>
          <xsd:documentation>Technical errors that occur when processing the message context e.g. insufficient rights.</xsd:documentation>
        </xsd:annotation>
      </xsd:element>
    </xsd:sequence>
  </xsd:complexType>
  <xsd:complexType name="ResponsesType">
    <xsd:sequence>
      <xsd:element name="response" type="tns:ResponseType" minOccurs="1" maxOccurs="1"/>
    </xsd:sequence>
  </xsd:complexType>
  <xsd:complexType name="ResponseType">
    <xsd:sequence>
      <xsd:element ref="tecac:technicalAcknowledgement"/>
      <xsd:element name="exceptions" type="exc:ExceptionsType" minOccurs="0">
        <xsd:annotation>
          <xsd:documentation>Business exceptions that occur when processing the request or response e.g. missing data for a single response element.
						Exceptions at this level may contain back-end specific codes and content.</xsd:documentation>
        </xsd:annotation>
      </xsd:element>
    </xsd:sequence>
  </xsd:complexType>
  <!--Element of the request and the response-->
  <xsd:element name="fiscalDebtNotificationRequest" type="tns:FiscalDebtNotificationRequestType"/>
  <xsd:element name="fiscalDebtNotificationResponse" type="tns:FiscalDebtNotificationResponseType"/>
  <xsd:element name="socialDebtNotificationRequest" type="tns:SocialDebtNotificationRequestType"/>
  <xsd:element name="socialDebtNotificationResponse" type="tns:SocialDebtNotificationResponseType"/>
  <xsd:element name="flandersRegionRequest" type="tns:FlandersRegionRequestType"/>
  <xsd:element name="flandersRegionResponse" type="tns:FlandersRegionResponseType"/>
  <xsd:element name="functionalAckRequest" type="tns:FunctionalAckRequestType"/>
  <xsd:element name="functionalAckResponse" type="tns:FunctionalAckResponseType"/>
  <xsd:element name="businessErrorRequest" type="tns:BusinessErrorRequestType"/>
  <xsd:element name="businessErrorResponse" type="tns:BusinessErrorResponseType"/>
</xsd:schema>]]></con:content><con:type>http://www.w3.org/2001/XMLSchema</con:type></con:part><con:part><con:url>file:/home/isr/git/parent/fourthwaydebtservice/FourthWayDebtServiceGateway/src/main/resources/wsdl/fourthWayDebtService/1.0.0/messages/baseMessageTypes_v1.xsd</con:url><con:content><![CDATA[<xsd:schema targetNamespace="http://fidus.brussels/type/common/messages/v1" elementFormDefault="qualified" attributeFormDefault="unqualified" version="1.0" xmlns:xsd="http://www.w3.org/2001/XMLSchema" xmlns:cmn="http://fidus.brussels/type/common/v1" xmlns:nps="http://fidus.brussels/service/personservice/personservices/naturalPerson/v1" xmlns:tns="http://fidus.brussels/type/common/messages/v1">
  <xsd:simpleType name="OkType">
    <xsd:restriction base="xsd:string">
      <xsd:enumeration value="OK"/>
      <xsd:enumeration value="NOK"/>
    </xsd:restriction>
  </xsd:simpleType>
  <!--Unformatted message Id-->
  <xsd:simpleType name="MessageIdType">
    <xsd:restriction base="xsd:string">
      <xsd:minLength value="1"/>
      <xsd:maxLength value="64"/>
    </xsd:restriction>
  </xsd:simpleType>
  <!--National Number of the person. Format depending on the Register-->
  <xsd:simpleType name="PersonNumberType">
    <xsd:restriction base="xsd:string">
      <xsd:pattern value="[0-9][0-9](([0][0-9])|([1][0-2]))(([0-2][0-9])|([3][0-1]))(([0-9]{2}[1-9])|([0-9][1-9][0-9])|([1-9][0-9]{2}))(([0-8][0-9])|([9][0-7]))">
        <xsd:annotation>
          <xsd:documentation>National Register format</xsd:documentation>
        </xsd:annotation>
      </xsd:pattern>
      <xsd:pattern value="[0-9][0-9](([2][0-9])|([3][0-2]))(([0-2][0-9])|([3][0-1]))[0-9]{3}(([0-8][0-9])|([9][0-7]))">
        <xsd:annotation>
          <xsd:documentation>CBSS Register format: Bis Register</xsd:documentation>
        </xsd:annotation>
      </xsd:pattern>
      <xsd:pattern value="[0-9][0-9](([4][0-9])|([5][0-2]))(([0-2][0-9])|([3][0-1]))[0-9]{3}(([0-8][0-9])|([9][0-7]))">
        <xsd:annotation>
          <xsd:documentation>CBSS Register format: Ter Register</xsd:documentation>
        </xsd:annotation>
      </xsd:pattern>
    </xsd:restriction>
  </xsd:simpleType>
  <!--Request message context-->
  <xsd:complexType name="RequestMessageContextType">
    <xsd:annotation>
      <xsd:documentation>Message context block generated by the consumer.</xsd:documentation>
    </xsd:annotation>
    <xsd:sequence>
      <xsd:element name="messageId" type="tns:MessageIdType">
        <xsd:annotation>
          <xsd:documentation>Consumer must assign their own MessageId reference for the request.</xsd:documentation>
        </xsd:annotation>
      </xsd:element>
      <xsd:element name="timestamp" type="xsd:dateTime" minOccurs="0">
        <xsd:annotation>
          <xsd:documentation>Timestamp when client sent request.</xsd:documentation>
        </xsd:annotation>
      </xsd:element>
    </xsd:sequence>
  </xsd:complexType>
  <!--Response message context-->
  <xsd:complexType name="ResponseMessageContextType">
    <xsd:annotation>
      <xsd:documentation>MessageContext block generated by Fidus.</xsd:documentation>
    </xsd:annotation>
    <xsd:sequence>
      <xsd:element name="messageId" type="tns:MessageIdType">
        <xsd:annotation>
          <xsd:documentation>A unique identifier generated by Fidus.</xsd:documentation>
        </xsd:annotation>
      </xsd:element>
      <xsd:element name="transactionId" type="tns:MessageIdType">
        <xsd:annotation>
          <xsd:documentation>A unique ID returned to the client for tracing purposes.</xsd:documentation>
        </xsd:annotation>
      </xsd:element>
      <xsd:element name="relatesTo" type="tns:MessageIdType" minOccurs="0">
        <xsd:annotation>
          <xsd:documentation>Optional field. The unique id of a previous batch file in this exchange Only used for responses.</xsd:documentation>
        </xsd:annotation>
      </xsd:element>
      <xsd:element name="timestamp" type="xsd:dateTime" minOccurs="0">
        <xsd:annotation>
          <xsd:documentation>Time reply was sent by Fidus.</xsd:documentation>
        </xsd:annotation>
      </xsd:element>
    </xsd:sequence>
  </xsd:complexType>
  <!--Legal Context : the finality of the Privacy Commission-->
  <xsd:simpleType name="LegalContextType">
    <xsd:restriction base="xsd:string">
      <xsd:minLength value="1"/>
      <xsd:maxLength value="64"/>
    </xsd:restriction>
  </xsd:simpleType>
  <xsd:complexType name="UserContextType">
    <xsd:annotation>
      <xsd:documentation>The user context defines information regarding the actual user performing a request.</xsd:documentation>
    </xsd:annotation>
    <xsd:sequence>
      <xsd:element name="language" type="xsd:language" nillable="true">
        <xsd:annotation>
          <xsd:documentation>The preferred language of the actual user performing the request.
						This influences the language in which response elements are cast.</xsd:documentation>
        </xsd:annotation>
      </xsd:element>
    </xsd:sequence>
  </xsd:complexType>
</xsd:schema>]]></con:content><con:type>http://www.w3.org/2001/XMLSchema</con:type></con:part><con:part><con:url>file:/home/isr/git/parent/fourthwaydebtservice/FourthWayDebtServiceGateway/src/main/resources/wsdl/fourthWayDebtService/1.0.0/messages/exceptionTypes_v1.xsd</con:url><con:content><![CDATA[<xsd:schema targetNamespace="http://fidus.brussels/type/common/exceptions/v1" elementFormDefault="qualified" attributeFormDefault="unqualified" version="1.0" xmlns:xsd="http://www.w3.org/2001/XMLSchema" xmlns:tns="http://fidus.brussels/type/common/exceptions/v1">
  <!--Basic error typed-->
  <xsd:complexType name="ExceptionsType">
    <xsd:sequence>
      <xsd:element name="exception" type="tns:ExceptionType" maxOccurs="unbounded"/>
    </xsd:sequence>
  </xsd:complexType>
  <xsd:complexType name="ExceptionType">
    <xsd:sequence>
      <xsd:element name="type" type="tns:ExceptionClassType"/>
      <xsd:element name="code" type="tns:ExceptionCodeType"/>
      <xsd:element name="source" type="tns:ExceptionSourceType"/>
      <xsd:element name="description" type="tns:ExceptionDescriptionType"/>
    </xsd:sequence>
  </xsd:complexType>
  <xsd:simpleType name="ExceptionClassType">
    <xsd:restriction base="xsd:string">
      <xsd:enumeration value="ERROR"/>
      <xsd:enumeration value="WARNING"/>
      <xsd:enumeration value="INFO"/>
    </xsd:restriction>
  </xsd:simpleType>
  <xsd:simpleType name="ExceptionCodeType">
    <xsd:restriction base="xsd:string">
      <xsd:maxLength value="20"/>
    </xsd:restriction>
  </xsd:simpleType>
  <xsd:simpleType name="ExceptionSourceType">
    <xsd:restriction base="xsd:string">
      <xsd:maxLength value="20"/>
    </xsd:restriction>
  </xsd:simpleType>
  <xsd:simpleType name="ExceptionDescriptionType">
    <xsd:restriction base="xsd:string"/>
  </xsd:simpleType>
</xsd:schema>]]></con:content><con:type>http://www.w3.org/2001/XMLSchema</con:type></con:part><con:part><con:url>file:/home/isr/git/parent/fourthwaydebtservice/FourthWayDebtServiceGateway/src/main/resources/wsdl/fourthWayDebtService/1.0.0/XMLSchema/debtnotification.xsd</con:url><con:content><![CDATA[<!--edited with XMLSpy v2010 (http://www.altova.com) by Johan Schurgers (I8C)-->
<xs:schema targetNamespace="http://fsb.belgium.be/FourthWayServices/debtnotification" elementFormDefault="qualified" attributeFormDefault="unqualified" version="1.0.5" xmlns:xs="http://www.w3.org/2001/XMLSchema" xmlns:dpy="http://fsb.belgium.be/FourthWayServices/debtparty" xmlns:dnn="http://fsb.belgium.be/FourthWayServices/debtnotification" xmlns:cin="http://fsb.belgium.be/FourthWayServices/generalcaseinformation" xmlns:frmsg="http://fsb.belgium.be/FourthWayServices/fourthwaymessage" xmlns:lbs="http://fsb.belgium.be/FourthWayServices/legalbase" xmlns:tech="http://fsb.belgium.be/FourthWayServices/technical">
  <xs:import namespace="http://fsb.belgium.be/FourthWayServices/debtparty" schemaLocation="debtparty.xsd"/>
  <xs:import namespace="http://fsb.belgium.be/FourthWayServices/generalcaseinformation" schemaLocation="generalcaseinformation.xsd"/>
  <xs:import namespace="http://fsb.belgium.be/FourthWayServices/legalbase" schemaLocation="legalbase.xsd"/>
  <xs:import namespace="http://fsb.belgium.be/FourthWayServices/fourthwaymessage" schemaLocation="fourthwaymessage.xsd"/>
  <xs:import namespace="http://fsb.belgium.be/FourthWayServices/technical" schemaLocation="technical.xsd"/>
  <xs:element name="debtNotification" substitutionGroup="frmsg:fourthWayMessage">
    <xs:annotation>
      <xs:documentation>When the debtinquiry of a case results in actual debts, this debt needs to be notified to initiator of the case. The debt notification is an official confiscation of the earnings generated by the transaction.</xs:documentation>
    </xs:annotation>
    <xs:complexType>
      <xs:complexContent>
        <xs:extension base="dnn:DebtNotificationType">
          <xs:sequence>
            <xs:element ref="tech:technical"/>
          </xs:sequence>
          <xs:attribute name="Id" use="required" type="xs:ID"/>
        </xs:extension>
      </xs:complexContent>
    </xs:complexType>
  </xs:element>
  <xs:complexType name="DebtNotificationType">
    <xs:complexContent>
      <xs:extension base="frmsg:FourthWayMessageType">
        <xs:sequence>
          <xs:element ref="cin:generalCaseInformation"/>
          <xs:element ref="dpy:debtParty"/>
          <xs:element ref="lbs:legalBase"/>
        </xs:sequence>
      </xs:extension>
    </xs:complexContent>
  </xs:complexType>
</xs:schema>]]></con:content><con:type>http://www.w3.org/2001/XMLSchema</con:type></con:part><con:part><con:url>file:/home/isr/git/parent/fourthwaydebtservice/FourthWayDebtServiceGateway/src/main/resources/wsdl/fourthWayDebtService/1.0.0/XMLSchema/debtparty.xsd</con:url><con:content><![CDATA[<!--edited with XMLSpy v2010 (http://www.altova.com) by Johan Schurgers (I8C)-->
<xs:schema targetNamespace="http://fsb.belgium.be/FourthWayServices/debtparty" elementFormDefault="qualified" attributeFormDefault="unqualified" version="1.0.4" xmlns:xs="http://www.w3.org/2001/XMLSchema" xmlns:dpy="http://fsb.belgium.be/FourthWayServices/debtparty" xmlns:dbt="http://fsb.belgium.be/FourthWayServices/debt" xmlns:pty="http://fsb.belgium.be/FourthWayServices/party" xmlns:dts="http://fsb.belgium.be/FourthWayServices/common/datatypes">
  <xs:import namespace="http://fsb.belgium.be/FourthWayServices/party" schemaLocation="party.xsd"/>
  <xs:import namespace="http://fsb.belgium.be/FourthWayServices/debt" schemaLocation="debt.xsd"/>
  <xs:import namespace="http://fsb.belgium.be/FourthWayServices/common/datatypes" schemaLocation="datatypes.xsd"/>
  <xs:element name="debtParty" type="dpy:DebtPartyType"/>
  <xs:complexType name="DebtPartyType">
    <xs:sequence>
      <xs:element ref="pty:party"/>
      <xs:element ref="dbt:debt" maxOccurs="unbounded"/>
      <xs:element name="totalDebtAmount" type="dts:CurrencyAmountType">
        <xs:annotation>
          <xs:documentation>The total amount for all debts in the debt notification.</xs:documentation>
        </xs:annotation>
      </xs:element>
    </xs:sequence>
  </xs:complexType>
</xs:schema>]]></con:content><con:type>http://www.w3.org/2001/XMLSchema</con:type></con:part><con:part><con:url>file:/home/isr/git/parent/fourthwaydebtservice/FourthWayDebtServiceGateway/src/main/resources/wsdl/fourthWayDebtService/1.0.0/XMLSchema/party.xsd</con:url><con:content><![CDATA[<!--edited with XMLSpy v2010 (http://www.altova.com) by Johan Schurgers (I8C)-->
<xs:schema targetNamespace="http://fsb.belgium.be/FourthWayServices/party" elementFormDefault="qualified" attributeFormDefault="unqualified" version="1.0.3" xmlns:xs="http://www.w3.org/2001/XMLSchema" xmlns:pty="http://fsb.belgium.be/FourthWayServices/party" xmlns:natper="http://fsb.belgium.be/FourthWayServices/naturalperson" xmlns:morper="http://fsb.belgium.be/FourthWayServices/moralperson" xmlns:phykbo="http://fsb.belgium.be/FourthWayServices/physicalkboperson" xmlns:enter="http://fsb.belgium.be/FourthWayServices/enterprise" xmlns:selfemp="http://fsb.belgium.be/FourthWayServices/selfemployed" xmlns:unp="http://fsb.belgium.be/FourthWayServices/unregisteredparty" xmlns:insti="http://fsb.belgium.be/FourthWayServices/institution">
  <xs:import namespace="http://fsb.belgium.be/FourthWayServices/naturalperson" schemaLocation="naturalperson.xsd"/>
  <xs:import namespace="http://fsb.belgium.be/FourthWayServices/selfemployed" schemaLocation="selfemployed.xsd"/>
  <xs:import namespace="http://fsb.belgium.be/FourthWayServices/unregisteredparty" schemaLocation="unregisteredparty.xsd"/>
  <xs:import namespace="http://fsb.belgium.be/FourthWayServices/institution" schemaLocation="institution.xsd"/>
  <xs:import namespace="http://fsb.belgium.be/FourthWayServices/enterprise" schemaLocation="enterprise.xsd"/>
  <xs:complexType name="PartyType">
    <xs:sequence>
      <xs:element name="residentialParty" type="xs:boolean" minOccurs="0">
        <xs:annotation>
          <xs:documentation>Is the party a citizen or a Belgian based company</xs:documentation>
        </xs:annotation>
      </xs:element>
      <xs:element ref="pty:partyInformation"/>
    </xs:sequence>
  </xs:complexType>
  <xs:element name="party">
    <xs:complexType>
      <xs:complexContent>
        <xs:extension base="pty:PartyType">
          <xs:attribute name="partyID" type="xs:string" use="required">
            <xs:annotation>
              <xs:documentation>Number of the party. This number will be used to link the party to another specific party or to a good. It will be used in following messages. The form that is used: 001, 002, 003</xs:documentation>
            </xs:annotation>
          </xs:attribute>
        </xs:extension>
      </xs:complexContent>
    </xs:complexType>
  </xs:element>
  <xs:element name="partyInformation" type="pty:PartyInformationType" abstract="true">
    <xs:annotation>
      <xs:documentation>Abstract element which is to be substituted with specific criteria.
				The specific criteria are defined in separate schemas.</xs:documentation>
    </xs:annotation>
  </xs:element>
  <xs:complexType name="PartyInformationType" abstract="true"/>
</xs:schema>]]></con:content><con:type>http://www.w3.org/2001/XMLSchema</con:type></con:part><con:part><con:url>file:/home/isr/git/parent/fourthwaydebtservice/FourthWayDebtServiceGateway/src/main/resources/wsdl/fourthWayDebtService/1.0.0/XMLSchema/naturalperson.xsd</con:url><con:content><![CDATA[<!--edited with XMLSpy v2010 (http://www.altova.com) by Johan Schurgers (I8C)-->
<xs:schema targetNamespace="http://fsb.belgium.be/FourthWayServices/naturalperson" elementFormDefault="qualified" attributeFormDefault="unqualified" version="1.0" xmlns:xs="http://www.w3.org/2001/XMLSchema" xmlns:natper="http://fsb.belgium.be/FourthWayServices/naturalperson" xmlns:pty="http://fsb.belgium.be/FourthWayServices/party" xmlns:dts="http://fsb.belgium.be/FourthWayServices/common/datatypes" xmlns:addn="http://fsb.belgium.be/FourthWayServices/common/addressinformation">
  <xs:import namespace="http://fsb.belgium.be/FourthWayServices/party" schemaLocation="party.xsd"/>
  <xs:import namespace="http://fsb.belgium.be/FourthWayServices/common/datatypes" schemaLocation="datatypes.xsd"/>
  <xs:import namespace="http://fsb.belgium.be/FourthWayServices/common/addressinformation" schemaLocation="addressinformation.xsd"/>
  <xs:element name="naturalPerson" type="natper:NaturalPersonType" substitutionGroup="pty:partyInformation">
    <xs:annotation>
      <xs:documentation>Natural persons.Also used for ersons who have a legal guardian that is legally responsible for them.</xs:documentation>
    </xs:annotation>
  </xs:element>
  <xs:complexType name="NaturalPersonInformationType">
    <xs:sequence>
      <xs:element ref="dts:name" minOccurs="0"/>
      <xs:element ref="addn:address" minOccurs="0"/>
      <xs:element name="birthDate" type="dts:OpenDateType" minOccurs="0"/>
    </xs:sequence>
  </xs:complexType>
  <xs:complexType name="NaturalPersonType">
    <xs:complexContent>
      <xs:extension base="pty:PartyInformationType">
        <xs:sequence>
          <xs:element ref="dts:entityReference" minOccurs="0"/>
          <xs:element name="personInformation" type="natper:NaturalPersonInformationType" minOccurs="0"/>
        </xs:sequence>
      </xs:extension>
    </xs:complexContent>
  </xs:complexType>
</xs:schema>]]></con:content><con:type>http://www.w3.org/2001/XMLSchema</con:type></con:part><con:part><con:url>file:/home/isr/git/parent/fourthwaydebtservice/FourthWayDebtServiceGateway/src/main/resources/wsdl/fourthWayDebtService/1.0.0/XMLSchema/datatypes.xsd</con:url><con:content><![CDATA[<!--edited with XMLSpy v2010 (http://www.altova.com) by Johan Schurgers (I8C)-->
<xs:schema targetNamespace="http://fsb.belgium.be/FourthWayServices/common/datatypes" elementFormDefault="qualified" attributeFormDefault="unqualified" version="1.0.3" xmlns:xs="http://www.w3.org/2001/XMLSchema" xmlns:dts="http://fsb.belgium.be/FourthWayServices/common/datatypes">
  <xs:simpleType name="CurrencyAmountType">
    <xs:restriction base="xs:decimal">
      <xs:fractionDigits value="2"/>
    </xs:restriction>
  </xs:simpleType>
  <xs:simpleType name="UuidType">
    <xs:restriction base="xs:string">
      <xs:pattern value="[A-Fa-f0-9]{32}|(\{|\()?[A-Fa-f0-9]{8}-([A-Fa-f0-9]{4}-){3}[A-Fa-f0-9]{12}(\}|\))?"/>
    </xs:restriction>
  </xs:simpleType>
  <xs:complexType name="PeriodType">
    <xs:annotation>
      <xs:documentation>A period of time between a startdate and an enddate</xs:documentation>
    </xs:annotation>
    <xs:sequence>
      <xs:element name="startDate" minOccurs="0">
        <xs:simpleType>
          <xs:restriction base="xs:date"/>
        </xs:simpleType>
      </xs:element>
      <xs:element name="endDate" minOccurs="0">
        <xs:simpleType>
          <xs:restriction base="xs:date"/>
        </xs:simpleType>
      </xs:element>
    </xs:sequence>
  </xs:complexType>
  <xs:complexType name="EntityReferenceType">
    <xs:sequence>
      <xs:element name="source" type="xs:string">
        <xs:annotation>
          <xs:documentation>The source used. KBO, BIS, ...</xs:documentation>
        </xs:annotation>
      </xs:element>
      <xs:element name="entityID" maxOccurs="unbounded">
        <xs:annotation>
          <xs:documentation>The actual reference to a business entity. This should be a unique key to identify the entity more in dept when consulting the source. Several unique keys are possible when they can be found in the same source.</xs:documentation>
        </xs:annotation>
        <xs:complexType>
          <xs:simpleContent>
            <xs:extension base="xs:string">
              <xs:attribute name="type" type="xs:string" use="required">
                <xs:annotation>
                  <xs:documentation>Type of businessvalue. For ex. KBO nr, National number, ...</xs:documentation>
                </xs:annotation>
              </xs:attribute>
            </xs:extension>
          </xs:simpleContent>
        </xs:complexType>
      </xs:element>
      <xs:element name="enquireDate" type="xs:dateTime" minOccurs="0">
        <xs:annotation>
          <xs:documentation>Date when to entityID was found in the source. This is used to ensure two parties can comunnicate with the most current data but also the historic data.</xs:documentation>
        </xs:annotation>
      </xs:element>
    </xs:sequence>
  </xs:complexType>
  <xs:complexType name="ExtensionType">
    <xs:sequence>
      <xs:element name="extension" maxOccurs="unbounded">
        <xs:annotation>
          <xs:documentation>Multiple values KEY-VALUE pairs are possible as extension.</xs:documentation>
        </xs:annotation>
        <xs:complexType>
          <xs:sequence>
            <xs:element name="key">
              <xs:annotation>
                <xs:documentation>The key is an aggreed convention between two parties. The key can only contain upper case leters without any spaces.</xs:documentation>
              </xs:annotation>
              <xs:simpleType>
                <xs:restriction base="xs:string">
                  <xs:pattern value="([a-zA-Z])*"/>
                </xs:restriction>
              </xs:simpleType>
            </xs:element>
            <xs:element name="value" type="xs:string">
              <xs:annotation>
                <xs:documentation>The value should contain the business value in correspondence with the key.</xs:documentation>
              </xs:annotation>
            </xs:element>
          </xs:sequence>
        </xs:complexType>
      </xs:element>
    </xs:sequence>
  </xs:complexType>
  <xs:complexType name="OpenDateType">
    <xs:sequence>
      <xs:element name="year" nillable="true">
        <xs:annotation>
          <xs:documentation>year otherwise explicit NULL required</xs:documentation>
        </xs:annotation>
        <xs:simpleType>
          <xs:restriction base="xs:string">
            <xs:length value="4"/>
            <xs:pattern value="[1-3][0-9][0-9][0-9]"/>
          </xs:restriction>
        </xs:simpleType>
      </xs:element>
      <xs:element name="month" nillable="true">
        <xs:annotation>
          <xs:documentation>month when known range 1-12 otherwise explicit NULL required</xs:documentation>
        </xs:annotation>
        <xs:simpleType>
          <xs:restriction base="xs:integer">
            <xs:minInclusive value="1"/>
            <xs:maxInclusive value="12"/>
          </xs:restriction>
        </xs:simpleType>
      </xs:element>
      <xs:element name="day" nillable="true">
        <xs:annotation>
          <xs:documentation>month when known range 1-31 otherwise explicit NULL required</xs:documentation>
        </xs:annotation>
        <xs:simpleType>
          <xs:restriction base="xs:integer">
            <xs:minInclusive value="1"/>
            <xs:maxInclusive value="31"/>
          </xs:restriction>
        </xs:simpleType>
      </xs:element>
    </xs:sequence>
  </xs:complexType>
  <xs:complexType name="PartyRelationshipType">
    <xs:sequence>
      <xs:element name="relationship" maxOccurs="unbounded">
        <xs:complexType>
          <xs:sequence>
            <xs:element name="partyID" type="xs:string">
              <xs:annotation>
                <xs:documentation>PartyID is a reference to the party ID contained in the party information.</xs:documentation>
              </xs:annotation>
            </xs:element>
            <xs:element name="relationshipType" type="xs:string">
              <xs:annotation>
                <xs:documentation>What kind of relationship is there between the party and the related, ex. OWNER, HEIR, ...</xs:documentation>
              </xs:annotation>
            </xs:element>
            <xs:element name="relatedID" type="xs:string">
              <xs:annotation>
                <xs:documentation>To what ID is the party related? This can be a party ID or a good ID. When the subject is an inheritance the relationship is not to the inheritance but to the deceased person.</xs:documentation>
              </xs:annotation>
            </xs:element>
            <xs:element name="fraction" minOccurs="0">
              <xs:annotation>
                <xs:documentation>When several parties are owner of the same good that is being sold. Or when a several parties have different rights to the inheritance of another party, the fraction can be given.</xs:documentation>
              </xs:annotation>
              <xs:complexType>
                <xs:sequence>
                  <xs:element name="numerator" type="xs:int"/>
                  <xs:element name="denominator" type="xs:int"/>
                </xs:sequence>
              </xs:complexType>
            </xs:element>
          </xs:sequence>
        </xs:complexType>
      </xs:element>
    </xs:sequence>
  </xs:complexType>
  <xs:complexType name="NameType">
    <xs:sequence>
      <xs:element name="firstName" type="xs:string" minOccurs="0" maxOccurs="unbounded">
        <xs:annotation>
          <xs:documentation>All legal firstnames known</xs:documentation>
        </xs:annotation>
      </xs:element>
      <xs:element name="lastName" type="xs:string" maxOccurs="unbounded">
        <xs:annotation>
          <xs:documentation>All legal lastnames known</xs:documentation>
        </xs:annotation>
      </xs:element>
      <xs:element name="usedFirstName" type="xs:string" minOccurs="0">
        <xs:annotation>
          <xs:documentation>commonly used first name</xs:documentation>
        </xs:annotation>
      </xs:element>
    </xs:sequence>
  </xs:complexType>
  <xs:complexType name="PartnerType">
    <xs:sequence>
      <xs:element name="partner" type="xs:string">
        <xs:annotation>
          <xs:documentation>Partner identifier as defined in the list of possible partners ex. MINFIN, VLABEL, ...</xs:documentation>
        </xs:annotation>
      </xs:element>
      <xs:element name="description" type="xs:string" minOccurs="0">
        <xs:annotation>
          <xs:documentation>Description off the partner used for support. ex. Ministry of finance, Flemish tax office</xs:documentation>
        </xs:annotation>
      </xs:element>
      <xs:element name="partnerCode" nillable="true">
        <xs:annotation>
          <xs:documentation>Code to be used for routing within the social security. This will be a unique identifier of the partner.</xs:documentation>
        </xs:annotation>
        <xs:complexType>
          <xs:simpleContent>
            <xs:extension base="xs:string">
              <xs:attribute name="codeType" type="xs:string">
                <xs:annotation>
                  <xs:documentation>Type of code as found in description ex. CRESTRA, KBO, ...</xs:documentation>
                </xs:annotation>
              </xs:attribute>
            </xs:extension>
          </xs:simpleContent>
        </xs:complexType>
      </xs:element>
    </xs:sequence>
  </xs:complexType>
  <xs:complexType name="DestinationType">
    <xs:sequence>
      <xs:element name="destination" maxOccurs="unbounded">
        <xs:annotation>
          <xs:documentation>Several destination are possible for each message.</xs:documentation>
        </xs:annotation>
        <xs:complexType>
          <xs:complexContent>
            <xs:extension base="dts:PartnerType">
              <xs:sequence minOccurs="0">
                <xs:element name="destinationChain" type="dts:DestinationType">
                  <xs:annotation>
                    <xs:documentation>Every destination has several hops. When the ops are known  all hops should be described. When sending a response to a message. The hops described in the origin are the minimum that should be given.</xs:documentation>
                  </xs:annotation>
                </xs:element>
              </xs:sequence>
            </xs:extension>
          </xs:complexContent>
        </xs:complexType>
      </xs:element>
    </xs:sequence>
  </xs:complexType>
  <xs:complexType name="OriginType">
    <xs:sequence>
      <xs:element name="origin" type="dts:PartnerType">
        <xs:annotation>
          <xs:documentation>The orgin of the message.</xs:documentation>
        </xs:annotation>
      </xs:element>
      <xs:sequence minOccurs="0">
        <xs:element name="originChain" type="dts:OriginType">
          <xs:annotation>
            <xs:documentation>Every origin has several hops. When the hops are known  all hops should be described. When sending a response to a message the sender will use the original origin in the response to compose the destination</xs:documentation>
          </xs:annotation>
        </xs:element>
      </xs:sequence>
    </xs:sequence>
  </xs:complexType>
  <xs:element name="entityReference" type="dts:EntityReferenceType">
    <xs:annotation>
      <xs:documentation>Reference of a business value in a authentic source</xs:documentation>
    </xs:annotation>
  </xs:element>
  <xs:element name="extensions" type="dts:ExtensionType"/>
  <xs:element name="openDate" type="dts:OpenDateType"/>
  <xs:element name="procedureID" type="dts:UuidType">
    <xs:annotation>
      <xs:documentation>Procedure identification of the case. This ID will link all messages about a case to eachother.</xs:documentation>
    </xs:annotation>
  </xs:element>
  <xs:element name="uuid" type="dts:UuidType"/>
  <xs:element name="partyRelationship" type="dts:PartyRelationshipType">
    <xs:annotation>
      <xs:documentation>Parties are identified only once. To link a party to another party or to a good a relationship should be made using the good or party ID.</xs:documentation>
    </xs:annotation>
  </xs:element>
  <xs:element name="name" type="dts:NameType"/>
  <xs:element name="origin" type="dts:OriginType">
    <xs:annotation>
      <xs:documentation>Origin of a message. Who has created this message and the following known hops. This should be filled in with as much detail as possible. When a response to a message has to be send, the sender should be able to reverse the origin to create a destination.</xs:documentation>
    </xs:annotation>
  </xs:element>
  <xs:element name="destinations" type="dts:DestinationType"/>
  <xs:element name="referencePeriod" type="dts:PeriodType">
    <xs:annotation>
      <xs:documentation>Period concerning</xs:documentation>
    </xs:annotation>
  </xs:element>
</xs:schema>]]></con:content><con:type>http://www.w3.org/2001/XMLSchema</con:type></con:part><con:part><con:url>file:/home/isr/git/parent/fourthwaydebtservice/FourthWayDebtServiceGateway/src/main/resources/wsdl/fourthWayDebtService/1.0.0/XMLSchema/addressinformation.xsd</con:url><con:content><![CDATA[<!--edited with XMLSpy v2010 (http://www.altova.com) by Johan Schurgers (I8C)-->
<xs:schema targetNamespace="http://fsb.belgium.be/FourthWayServices/common/addressinformation" elementFormDefault="qualified" attributeFormDefault="unqualified" version="1.0" xmlns:xs="http://www.w3.org/2001/XMLSchema" xmlns:addn="http://fsb.belgium.be/FourthWayServices/common/addressinformation" xmlns:dts="http://fsb.belgium.be/FourthWayServices/common/datatypes">
  <xs:import namespace="http://fsb.belgium.be/FourthWayServices/common/datatypes" schemaLocation="datatypes.xsd"/>
  <xs:element name="address">
    <xs:complexType>
      <xs:choice>
        <xs:sequence>
          <xs:element ref="addn:location"/>
          <xs:element name="street" type="xs:string"/>
          <xs:element name="houseNumber" type="xs:string" minOccurs="0"/>
          <xs:element name="houseIndexNumber" type="xs:string" minOccurs="0"/>
          <xs:element name="additionalAddressInformation" type="dts:ExtensionType" minOccurs="0">
            <xs:annotation>
              <xs:documentation>Optional addition to the address. When more information is provided that can be contained in the address information, an extension can be used. For example names of buildings or industry zones can be added. This is also used for address where it's difficult to determine the data. For example foreign address where it's not clear what is the street and what part a location.</xs:documentation>
            </xs:annotation>
          </xs:element>
        </xs:sequence>
        <xs:element name="nonDefinedAddress" type="dts:ExtensionType">
          <xs:annotation>
            <xs:documentation>When the address only contains data that can not be identified in the defined address structure, the nonDefinedAddress has to be used</xs:documentation>
          </xs:annotation>
        </xs:element>
      </xs:choice>
      <xs:attribute name="addressType" type="xs:string">
        <xs:annotation>
          <xs:documentation>Type of the used address ex. LEGALADDRESS, CORRESPONDENCE ADDRESS, ...</xs:documentation>
        </xs:annotation>
      </xs:attribute>
    </xs:complexType>
  </xs:element>
  <xs:element name="country">
    <xs:complexType>
      <xs:sequence>
        <xs:element name="countryDescription" type="xs:string" minOccurs="0">
          <xs:annotation>
            <xs:documentation>The country name or description. This value should not be used as a business value. The countrycode should be used.</xs:documentation>
          </xs:annotation>
        </xs:element>
        <xs:element name="countryCode" maxOccurs="unbounded">
          <xs:annotation>
            <xs:documentation>Code of the country. Only codes in standard conventions used by the federal or regional governements can be used.</xs:documentation>
          </xs:annotation>
          <xs:complexType>
            <xs:simpleContent>
              <xs:extension base="xs:string">
                <xs:attribute name="codeStandard" use="required">
                  <xs:annotation>
                    <xs:documentation>The code convention that was used for the given countryCode. This is obligated so other parties know what code standard has to be translated to obtain a standard known by them.</xs:documentation>
                  </xs:annotation>
                </xs:attribute>
              </xs:extension>
            </xs:simpleContent>
          </xs:complexType>
        </xs:element>
      </xs:sequence>
    </xs:complexType>
  </xs:element>
  <xs:complexType name="LocationType">
    <xs:sequence>
      <xs:element ref="addn:country"/>
      <xs:element name="municipalityDescription" minOccurs="0" maxOccurs="unbounded">
        <xs:annotation>
          <xs:documentation>The municipality can be added in different languages. The language attribute has to be filled in when there is more then one name or when the language or the municipality is different then the case language.</xs:documentation>
        </xs:annotation>
        <xs:complexType>
          <xs:simpleContent>
            <xs:extension base="xs:string">
              <xs:attribute name="language" type="xs:string">
                <xs:annotation>
                  <xs:documentation>Language of the municipality in the ISO standard</xs:documentation>
                </xs:annotation>
              </xs:attribute>
            </xs:extension>
          </xs:simpleContent>
        </xs:complexType>
      </xs:element>
      <xs:element name="municipalityCode" type="xs:string" minOccurs="0">
        <xs:annotation>
          <xs:documentation>NIS code of the the municipality</xs:documentation>
        </xs:annotation>
      </xs:element>
      <xs:element name="postalCode" type="xs:string" minOccurs="0">
        <xs:annotation>
          <xs:documentation>Postal code of the municipality</xs:documentation>
        </xs:annotation>
      </xs:element>
      <xs:element name="additionalLocationInformation" type="dts:ExtensionType" minOccurs="0">
        <xs:annotation>
          <xs:documentation>Optional addition to the location information. When extra information has to be given to define an address it's possible to use this extension. For instance some countries require the state or province to be included.</xs:documentation>
        </xs:annotation>
      </xs:element>
    </xs:sequence>
  </xs:complexType>
  <xs:element name="location" type="addn:LocationType"/>
  <xs:element name="addressInformation">
    <xs:annotation>
      <xs:documentation>Comment describing your root element</xs:documentation>
    </xs:annotation>
    <xs:complexType>
      <xs:sequence>
        <xs:element ref="addn:address" maxOccurs="unbounded"/>
      </xs:sequence>
    </xs:complexType>
  </xs:element>
  <xs:element name="divisionInformation">
    <xs:annotation>
      <xs:documentation>Division information is the "Kadaster" in dutch or "Cadastre" in french. The information can be given with one unique reference to the division or seperated.</xs:documentation>
    </xs:annotation>
    <xs:complexType>
      <xs:sequence>
        <xs:choice>
          <xs:element name="divisionReference"/>
          <xs:sequence>
            <xs:element name="divisionNumber" type="xs:string"/>
            <xs:element name="lotNumber" type="xs:string" minOccurs="0"/>
            <xs:element name="sectionNumber" type="xs:string"/>
          </xs:sequence>
        </xs:choice>
        <xs:element name="areaSurface" type="xs:string" minOccurs="0">
          <xs:annotation>
            <xs:documentation>Surface of the area with the unit of messurment included. (ex 20a8ca or 2008m2)</xs:documentation>
          </xs:annotation>
        </xs:element>
      </xs:sequence>
    </xs:complexType>
  </xs:element>
</xs:schema>]]></con:content><con:type>http://www.w3.org/2001/XMLSchema</con:type></con:part><con:part><con:url>file:/home/isr/git/parent/fourthwaydebtservice/FourthWayDebtServiceGateway/src/main/resources/wsdl/fourthWayDebtService/1.0.0/XMLSchema/selfemployed.xsd</con:url><con:content><![CDATA[<!--edited with XMLSpy v2010 (http://www.altova.com) by Johan Schurgers (I8C)-->
<xs:schema targetNamespace="http://fsb.belgium.be/FourthWayServices/selfemployed" elementFormDefault="qualified" attributeFormDefault="unqualified" version="1.0.4" xmlns:xs="http://www.w3.org/2001/XMLSchema" xmlns:selfemp="http://fsb.belgium.be/FourthWayServices/selfemployed" xmlns:pty="http://fsb.belgium.be/FourthWayServices/party" xmlns:dts="http://fsb.belgium.be/FourthWayServices/common/datatypes" xmlns:addn="http://fsb.belgium.be/FourthWayServices/common/addressinformation" xmlns:natper="http://fsb.belgium.be/FourthWayServices/naturalperson">
  <xs:import namespace="http://fsb.belgium.be/FourthWayServices/party" schemaLocation="party.xsd"/>
  <xs:import namespace="http://fsb.belgium.be/FourthWayServices/common/addressinformation" schemaLocation="addressinformation.xsd"/>
  <xs:import namespace="http://fsb.belgium.be/FourthWayServices/common/datatypes" schemaLocation="datatypes.xsd"/>
  <xs:import namespace="http://fsb.belgium.be/FourthWayServices/naturalperson" schemaLocation="naturalperson.xsd"/>
  <xs:element name="selfEmployed" type="selfemp:SelfEmployedType" substitutionGroup="pty:partyInformation">
    <xs:annotation>
      <xs:documentation>Natural persons that own a companies they are personal liable for. The authentic source is always the KBO registry. When the person is liable for several companies, all companies should be defined seperatly as self employed with the same person.</xs:documentation>
    </xs:annotation>
  </xs:element>
  <xs:complexType name="SelfEmployedInformationType">
    <xs:sequence>
      <xs:element name="personInformation" type="natper:NaturalPersonInformationType" minOccurs="0"/>
    </xs:sequence>
  </xs:complexType>
  <xs:complexType name="SelfEmployedType">
    <xs:complexContent>
      <xs:extension base="pty:PartyInformationType">
        <xs:sequence>
          <xs:element name="entityReferences">
            <xs:annotation>
              <xs:documentation>The selfemployed contains information about the enterprise and the natural persons identifiers. These can be lookedup in different sources.</xs:documentation>
            </xs:annotation>
            <xs:complexType>
              <xs:sequence>
                <xs:element ref="dts:entityReference" maxOccurs="2"/>
              </xs:sequence>
            </xs:complexType>
          </xs:element>
          <xs:element name="selfEmployedInformation" type="selfemp:SelfEmployedInformationType" minOccurs="0"/>
        </xs:sequence>
      </xs:extension>
    </xs:complexContent>
  </xs:complexType>
</xs:schema>]]></con:content><con:type>http://www.w3.org/2001/XMLSchema</con:type></con:part><con:part><con:url>file:/home/isr/git/parent/fourthwaydebtservice/FourthWayDebtServiceGateway/src/main/resources/wsdl/fourthWayDebtService/1.0.0/XMLSchema/unregisteredparty.xsd</con:url><con:content><![CDATA[<!--edited with XMLSpy v2010 (http://www.altova.com) by Johan Schurgers (I8C)-->
<xs:schema targetNamespace="http://fsb.belgium.be/FourthWayServices/unregisteredparty" elementFormDefault="qualified" attributeFormDefault="unqualified" version="1.0" xmlns:xs="http://www.w3.org/2001/XMLSchema" xmlns:unp="http://fsb.belgium.be/FourthWayServices/unregisteredparty" xmlns:pty="http://fsb.belgium.be/FourthWayServices/party" xmlns:dts="http://fsb.belgium.be/FourthWayServices/common/datatypes" xmlns:addn="http://fsb.belgium.be/FourthWayServices/common/addressinformation">
  <xs:import namespace="http://fsb.belgium.be/FourthWayServices/party" schemaLocation="party.xsd"/>
  <xs:import namespace="http://fsb.belgium.be/FourthWayServices/common/datatypes" schemaLocation="datatypes.xsd"/>
  <xs:element name="unregisteredParty" type="unp:UnregisteredPartyType" substitutionGroup="pty:partyInformation">
    <xs:annotation>
      <xs:documentation>When a party can't be described with the standard registrated party types. A structured, but open party can be provided. This party has no fixed fields the businesses are responisble for the content.</xs:documentation>
    </xs:annotation>
  </xs:element>
  <xs:complexType name="UnregisteredPartyType">
    <xs:annotation>
      <xs:documentation>When a party can't be descibed with the normal types and extened party has to be used</xs:documentation>
    </xs:annotation>
    <xs:complexContent>
      <xs:extension base="pty:PartyInformationType">
        <xs:sequence>
          <xs:element ref="dts:extensions"/>
        </xs:sequence>
      </xs:extension>
    </xs:complexContent>
  </xs:complexType>
</xs:schema>]]></con:content><con:type>http://www.w3.org/2001/XMLSchema</con:type></con:part><con:part><con:url>file:/home/isr/git/parent/fourthwaydebtservice/FourthWayDebtServiceGateway/src/main/resources/wsdl/fourthWayDebtService/1.0.0/XMLSchema/institution.xsd</con:url><con:content><![CDATA[<!--edited with XMLSpy v2010 (http://www.altova.com) by Johan Schurgers (I8C)-->
<xs:schema targetNamespace="http://fsb.belgium.be/FourthWayServices/institution" elementFormDefault="qualified" attributeFormDefault="unqualified" version="1.0" xmlns:xs="http://www.w3.org/2001/XMLSchema" xmlns:insti="http://fsb.belgium.be/FourthWayServices/institution" xmlns:pty="http://fsb.belgium.be/FourthWayServices/party" xmlns:dts="http://fsb.belgium.be/FourthWayServices/common/datatypes" xmlns:addn="http://fsb.belgium.be/FourthWayServices/common/addressinformation" xmlns:con="http://fsb.belgium.be/FourthWayServices/contact">
  <xs:import namespace="http://fsb.belgium.be/FourthWayServices/party" schemaLocation="party.xsd"/>
  <xs:import namespace="http://fsb.belgium.be/FourthWayServices/common/addressinformation" schemaLocation="addressinformation.xsd"/>
  <xs:import namespace="http://fsb.belgium.be/FourthWayServices/common/datatypes" schemaLocation="datatypes.xsd"/>
  <xs:import namespace="http://fsb.belgium.be/FourthWayServices/contact" schemaLocation="contact.xsd"/>
  <xs:element name="institution" type="insti:InstitutionType" substitutionGroup="pty:partyInformation">
    <xs:annotation>
      <xs:documentation>Used for legaly recognized institutions (4th way partners). Notaries, FOD, ...</xs:documentation>
    </xs:annotation>
  </xs:element>
  <xs:complexType name="InstitutionType">
    <xs:complexContent>
      <xs:extension base="pty:PartyInformationType">
        <xs:sequence>
          <xs:element name="institutionType" type="xs:string">
            <xs:annotation>
              <xs:documentation>Type of institution ex TAXOFFICE, NOTARY, ...</xs:documentation>
            </xs:annotation>
          </xs:element>
          <xs:element name="institutionName" type="xs:string">
            <xs:annotation>
              <xs:documentation>Official name of the institution</xs:documentation>
            </xs:annotation>
          </xs:element>
          <xs:element name="institutionIdentificationNumber" maxOccurs="unbounded">
            <xs:annotation>
              <xs:documentation>Identification number of the institution. Multiple identifications are possible.</xs:documentation>
            </xs:annotation>
            <xs:complexType>
              <xs:simpleContent>
                <xs:extension base="xs:string">
                  <xs:attribute name="type" use="required">
                    <xs:annotation>
                      <xs:documentation>KBO number, CRESTRA number, ...</xs:documentation>
                    </xs:annotation>
                  </xs:attribute>
                </xs:extension>
              </xs:simpleContent>
            </xs:complexType>
          </xs:element>
          <xs:element ref="addn:address" minOccurs="0"/>
          <xs:element name="district" type="xs:string" minOccurs="0">
            <xs:annotation>
              <xs:documentation>Some institutions are bound to a district.</xs:documentation>
            </xs:annotation>
          </xs:element>
          <xs:element name="contactInformation" type="con:ContactInformationType" minOccurs="0">
            <xs:annotation>
              <xs:documentation>Contactinformation of the institution.</xs:documentation>
            </xs:annotation>
          </xs:element>
        </xs:sequence>
      </xs:extension>
    </xs:complexContent>
  </xs:complexType>
</xs:schema>]]></con:content><con:type>http://www.w3.org/2001/XMLSchema</con:type></con:part><con:part><con:url>file:/home/isr/git/parent/fourthwaydebtservice/FourthWayDebtServiceGateway/src/main/resources/wsdl/fourthWayDebtService/1.0.0/XMLSchema/contact.xsd</con:url><con:content><![CDATA[<!--edited with XMLSpy v2010 (http://www.altova.com) by Johan Schurgers (I8C)-->
<xs:schema targetNamespace="http://fsb.belgium.be/FourthWayServices/contact" elementFormDefault="qualified" attributeFormDefault="unqualified" version="1.0" xmlns:xs="http://www.w3.org/2001/XMLSchema" xmlns:con="http://fsb.belgium.be/FourthWayServices/contact" xmlns:dts="http://fsb.belgium.be/FourthWayServices/common/datatypes">
  <xs:import namespace="http://fsb.belgium.be/FourthWayServices/common/datatypes" schemaLocation="datatypes.xsd"/>
  <xs:element name="contactInformation" type="con:ContactInformationType"/>
  <xs:simpleType name="NumberType">
    <xs:restriction base="xs:string">
      <xs:pattern value="[+0-9](([0-9])*)"/>
    </xs:restriction>
  </xs:simpleType>
  <xs:complexType name="ContactInformationType">
    <xs:sequence>
      <xs:element name="phoneNumber" minOccurs="0" maxOccurs="unbounded">
        <xs:complexType>
          <xs:simpleContent>
            <xs:extension base="con:NumberType">
              <xs:attribute name="type" type="xs:string"/>
            </xs:extension>
          </xs:simpleContent>
        </xs:complexType>
      </xs:element>
      <xs:element name="faxNumber" minOccurs="0" maxOccurs="unbounded">
        <xs:complexType>
          <xs:simpleContent>
            <xs:extension base="con:NumberType">
              <xs:attribute name="type" type="xs:string"/>
            </xs:extension>
          </xs:simpleContent>
        </xs:complexType>
      </xs:element>
      <xs:element name="emailAddress" minOccurs="0" maxOccurs="unbounded">
        <xs:complexType>
          <xs:simpleContent>
            <xs:extension base="xs:string">
              <xs:attribute name="type" type="xs:string"/>
            </xs:extension>
          </xs:simpleContent>
        </xs:complexType>
      </xs:element>
    </xs:sequence>
  </xs:complexType>
  <xs:element name="contactPerson" type="con:ContactPersonType"/>
  <xs:complexType name="ContactPersonType">
    <xs:sequence>
      <xs:element ref="dts:name"/>
      <xs:element name="function" type="xs:string" minOccurs="0">
        <xs:annotation>
          <xs:documentation>Function of the contactperson</xs:documentation>
        </xs:annotation>
      </xs:element>
      <xs:element ref="con:contactInformation"/>
      <xs:element name="identificationNumber" minOccurs="0"/>
    </xs:sequence>
  </xs:complexType>
</xs:schema>]]></con:content><con:type>http://www.w3.org/2001/XMLSchema</con:type></con:part><con:part><con:url>file:/home/isr/git/parent/fourthwaydebtservice/FourthWayDebtServiceGateway/src/main/resources/wsdl/fourthWayDebtService/1.0.0/XMLSchema/enterprise.xsd</con:url><con:content><![CDATA[<!--edited with XMLSpy v2010 (http://www.altova.com) by Johan Schurgers (I8C)-->
<xs:schema targetNamespace="http://fsb.belgium.be/FourthWayServices/enterprise" elementFormDefault="qualified" attributeFormDefault="unqualified" version="1.0" xmlns:xs="http://www.w3.org/2001/XMLSchema" xmlns:enter="http://fsb.belgium.be/FourthWayServices/enterprise" xmlns:pty="http://fsb.belgium.be/FourthWayServices/party" xmlns:dts="http://fsb.belgium.be/FourthWayServices/common/datatypes" xmlns:addn="http://fsb.belgium.be/FourthWayServices/common/addressinformation">
  <xs:import namespace="http://fsb.belgium.be/FourthWayServices/party" schemaLocation="party.xsd"/>
  <xs:import namespace="http://fsb.belgium.be/FourthWayServices/common/addressinformation" schemaLocation="addressinformation.xsd"/>
  <xs:import namespace="http://fsb.belgium.be/FourthWayServices/common/datatypes" schemaLocation="datatypes.xsd"/>
  <xs:element name="enterprise" type="enter:EnterpriseType" substitutionGroup="pty:partyInformation">
    <xs:annotation>
      <xs:documentation>Used for legaly recognized enterprises</xs:documentation>
    </xs:annotation>
  </xs:element>
  <xs:complexType name="EnterpriseInformationType">
    <xs:sequence>
      <xs:element name="enterpriseName" type="xs:string" minOccurs="0"/>
      <xs:element name="juridicalForm" type="xs:string" minOccurs="0">
        <xs:annotation>
          <xs:documentation>Juridical form following the KBO/BCE standards at http://www.mineco.be/enterprises/crossroads_bank/xls/rechtsv.xls</xs:documentation>
        </xs:annotation>
      </xs:element>
      <xs:element ref="addn:address" minOccurs="0"/>
      <xs:element name="creationDate" type="xs:date" minOccurs="0"/>
    </xs:sequence>
  </xs:complexType>
  <xs:complexType name="EnterpriseType">
    <xs:complexContent>
      <xs:extension base="pty:PartyInformationType">
        <xs:sequence>
          <xs:element ref="dts:entityReference" minOccurs="0"/>
          <xs:element name="enterpriseInformation" type="enter:EnterpriseInformationType" minOccurs="0"/>
        </xs:sequence>
      </xs:extension>
    </xs:complexContent>
  </xs:complexType>
</xs:schema>]]></con:content><con:type>http://www.w3.org/2001/XMLSchema</con:type></con:part><con:part><con:url>file:/home/isr/git/parent/fourthwaydebtservice/FourthWayDebtServiceGateway/src/main/resources/wsdl/fourthWayDebtService/1.0.0/XMLSchema/debt.xsd</con:url><con:content><![CDATA[<!--edited with XMLSpy v2010 (http://www.altova.com) by Johan Schurgers (I8C)-->
<xs:schema targetNamespace="http://fsb.belgium.be/FourthWayServices/debt" elementFormDefault="qualified" attributeFormDefault="unqualified" version="1.0.3" xmlns:xs="http://www.w3.org/2001/XMLSchema" xmlns:dbt="http://fsb.belgium.be/FourthWayServices/debt" xmlns:fdbt="http://fsb.belgium.be/FourthWayServices/fiscaldebt" xmlns:sdbt="http://fsb.belgium.be/FourthWayServices/socialdebt" xmlns:frfdbt="http://fsb.belgium.be/FourthWayServices/fiscalregionflandersdebt">
  <xs:import namespace="http://fsb.belgium.be/FourthWayServices/fiscaldebt" schemaLocation="fiscaldebt.xsd"/>
  <xs:import namespace="http://fsb.belgium.be/FourthWayServices/socialdebt" schemaLocation="socialdebt.xsd"/>
  <xs:import namespace="http://fsb.belgium.be/FourthWayServices/fiscalregionflandersdebt" schemaLocation="fiscalregionflandersdebt.xsd"/>
  <xs:complexType name="DebtType">
    <xs:sequence>
      <xs:element ref="dbt:debtInformation"/>
    </xs:sequence>
    <xs:attribute name="debtID" type="xs:string" use="required">
      <xs:annotation>
        <xs:documentation>Number of the debt. This number will be used in following messages. The form that is used: 001, 002, 003</xs:documentation>
      </xs:annotation>
    </xs:attribute>
  </xs:complexType>
  <xs:element name="debt" type="dbt:DebtType"/>
  <xs:element name="debtInformation" type="dbt:DebtInformationType" abstract="true">
    <xs:annotation>
      <xs:documentation>Abstract element which is to be substituted with specific criteria.
				The specific criteria are defined in separate schemas.</xs:documentation>
    </xs:annotation>
  </xs:element>
  <xs:complexType name="DebtInformationType" abstract="true"></xs:complexType>
</xs:schema>]]></con:content><con:type>http://www.w3.org/2001/XMLSchema</con:type></con:part><con:part><con:url>file:/home/isr/git/parent/fourthwaydebtservice/FourthWayDebtServiceGateway/src/main/resources/wsdl/fourthWayDebtService/1.0.0/XMLSchema/fiscaldebt.xsd</con:url><con:content><![CDATA[<!--edited with XMLSpy v2010 (http://www.altova.com) by Johan Schurgers (I8C)-->
<xs:schema targetNamespace="http://fsb.belgium.be/FourthWayServices/fiscaldebt" elementFormDefault="qualified" attributeFormDefault="unqualified" version="1.0.4.1" xmlns:xs="http://www.w3.org/2001/XMLSchema" xmlns:fdbt="http://fsb.belgium.be/FourthWayServices/fiscaldebt" xmlns:dbt="http://fsb.belgium.be/FourthWayServices/debt" xmlns:fdd="http://fsb.belgium.be/FourthWayServices/fiscaldebtdetails" xmlns:oprc="http://fsb.belgium.be/FourthWayServices/officialproclamation" xmlns:beni="http://fsb.belgium.be/FourthWayServices/beneficiary" xmlns:debtdin="http://fsb.belgium.be/FourthWayServices/debtdetailedinformation" xmlns:dbtsol="http://fsb.belgium.be/FourthWayServices/debtsolidarity">
  <xs:import namespace="http://fsb.belgium.be/FourthWayServices/debtdetailedinformation" schemaLocation="debtdetailedinformation.xsd"/>
  <xs:import namespace="http://fsb.belgium.be/FourthWayServices/beneficiary" schemaLocation="beneficiary.xsd"/>
  <xs:import namespace="http://fsb.belgium.be/FourthWayServices/officialproclamation" schemaLocation="officialproclamation.xsd"/>
  <xs:import namespace="http://fsb.belgium.be/FourthWayServices/fiscaldebtdetails" schemaLocation="fiscaldebtdetails.xsd"/>
  <xs:import namespace="http://fsb.belgium.be/FourthWayServices/debt" schemaLocation="debt.xsd"/>
  <xs:import namespace="http://fsb.belgium.be/FourthWayServices/debtsolidarity" schemaLocation="debtsolidarity.xsd"/>
  <xs:element name="fiscaldebt" type="fdbt:FiscalDebtType" substitutionGroup="dbt:debtInformation"/>
  <xs:complexType name="FiscalDebtType">
    <xs:complexContent>
      <xs:extension base="dbt:DebtInformationType">
        <xs:sequence>
          <xs:element ref="fdd:fiscalDebtDetails"/>
          <xs:element ref="oprc:officialProclamation"/>
          <xs:element ref="beni:beneficiary"/>
          <xs:element ref="debtdin:debtDetailedInformation"/>
          <xs:element ref="dbtsol:debtSolidarity" minOccurs="0"/>
        </xs:sequence>
      </xs:extension>
    </xs:complexContent>
  </xs:complexType>
</xs:schema>]]></con:content><con:type>http://www.w3.org/2001/XMLSchema</con:type></con:part><con:part><con:url>file:/home/isr/git/parent/fourthwaydebtservice/FourthWayDebtServiceGateway/src/main/resources/wsdl/fourthWayDebtService/1.0.0/XMLSchema/debtdetailedinformation.xsd</con:url><con:content><![CDATA[<!--edited with XMLSpy v2010 (http://www.altova.com) by Johan Schurgers (I8C)-->
<xs:schema targetNamespace="http://fsb.belgium.be/FourthWayServices/debtdetailedinformation" elementFormDefault="qualified" attributeFormDefault="unqualified" version="1.0.3" xmlns:xs="http://www.w3.org/2001/XMLSchema" xmlns:debtdin="http://fsb.belgium.be/FourthWayServices/debtdetailedinformation" xmlns:dts="http://fsb.belgium.be/FourthWayServices/common/datatypes">
  <xs:import namespace="http://fsb.belgium.be/FourthWayServices/common/datatypes" schemaLocation="datatypes.xsd"/>
  <xs:complexType name="DebtDetailedInformationType">
    <xs:sequence>
      <xs:element name="calculationDate" type="xs:date">
        <xs:annotation>
          <xs:documentation>Date the debt was calculated</xs:documentation>
        </xs:annotation>
      </xs:element>
      <xs:element name="referentialDate" type="xs:date" minOccurs="0">
        <xs:annotation>
          <xs:documentation>The date on which the account is closed (e.g. the end of the trimester)</xs:documentation>
        </xs:annotation>
      </xs:element>
      <xs:element name="referentialNumber" type="xs:string" minOccurs="0">
        <xs:annotation>
          <xs:documentation>Identification number of the debt with the debt claimer. When a party does not pay the amounts owed for taxes, social taxes or others. The amount can be transferred to another register or service responsible for reclaiming the debt. This number is the internal number to refer to a debt in such a register and not the initial tax number reference. The number represents the debt in an internal debt register.</xs:documentation>
        </xs:annotation>
      </xs:element>
    </xs:sequence>
  </xs:complexType>
  <xs:element name="debtDetailedInformation" type="debtdin:DebtDetailedInformationType">
    <xs:annotation>
      <xs:documentation>General information about the debt.</xs:documentation>
    </xs:annotation>
  </xs:element>
</xs:schema>]]></con:content><con:type>http://www.w3.org/2001/XMLSchema</con:type></con:part><con:part><con:url>file:/home/isr/git/parent/fourthwaydebtservice/FourthWayDebtServiceGateway/src/main/resources/wsdl/fourthWayDebtService/1.0.0/XMLSchema/beneficiary.xsd</con:url><con:content><![CDATA[<!--edited with XMLSpy v2010 (http://www.altova.com) by Johan Schurgers (I8C)-->
<xs:schema targetNamespace="http://fsb.belgium.be/FourthWayServices/beneficiary" elementFormDefault="qualified" attributeFormDefault="unqualified" version="1.0" xmlns:xs="http://www.w3.org/2001/XMLSchema" xmlns:beni="http://fsb.belgium.be/FourthWayServices/beneficiary" xmlns:ba="http://fsb.belgium.be/FourthWayServices/common/bankaccount" xmlns:dts="http://fsb.belgium.be/FourthWayServices/common/datatypes">
  <xs:import namespace="http://fsb.belgium.be/FourthWayServices/common/bankaccount" schemaLocation="bankaccount.xsd"/>
  <xs:import namespace="http://fsb.belgium.be/FourthWayServices/common/datatypes" schemaLocation="datatypes.xsd"/>
  <xs:complexType name="BeneficiaryType">
    <xs:sequence>
      <xs:element name="beneficiaryName" type="xs:string" minOccurs="0">
        <xs:annotation>
          <xs:documentation>Official name of the beneficiary</xs:documentation>
        </xs:annotation>
      </xs:element>
      <xs:element name="structuredMessage" type="xs:string">
        <xs:annotation>
          <xs:documentation>Message to be used when transfering the money</xs:documentation>
        </xs:annotation>
      </xs:element>
      <xs:element name="amount" type="dts:CurrencyAmountType" minOccurs="0">
        <xs:annotation>
          <xs:documentation>Amount to be paid in euro without the euro sign</xs:documentation>
        </xs:annotation>
      </xs:element>
      <xs:element ref="ba:bankAccount"/>
    </xs:sequence>
  </xs:complexType>
  <xs:element name="beneficiary" type="beni:BeneficiaryType">
    <xs:annotation>
      <xs:documentation>Claimer of the earnings of the debt.</xs:documentation>
    </xs:annotation>
  </xs:element>
</xs:schema>]]></con:content><con:type>http://www.w3.org/2001/XMLSchema</con:type></con:part><con:part><con:url>file:/home/isr/git/parent/fourthwaydebtservice/FourthWayDebtServiceGateway/src/main/resources/wsdl/fourthWayDebtService/1.0.0/XMLSchema/bankaccount.xsd</con:url><con:content><![CDATA[<!--edited with XMLSpy v2010 (http://www.altova.com) by Johan Schurgers (I8C)-->
<xs:schema targetNamespace="http://fsb.belgium.be/FourthWayServices/common/bankaccount" elementFormDefault="qualified" attributeFormDefault="unqualified" version="1.0" xmlns:xs="http://www.w3.org/2001/XMLSchema" xmlns:ba="http://fsb.belgium.be/FourthWayServices/common/bankaccount" xmlns:addn="http://fsb.belgium.be/FourthWayServices/common/addressinformation">
  <xs:import namespace="http://fsb.belgium.be/FourthWayServices/common/addressinformation" schemaLocation="addressinformation.xsd"/>
  <xs:element name="bankAccount" type="ba:BankAccountType">
    <xs:annotation>
      <xs:documentation>Description of a bankaccount. When using internnational accounts alle elements are required.</xs:documentation>
    </xs:annotation>
  </xs:element>
  <xs:complexType name="BankAccountType">
    <xs:sequence>
      <xs:element name="ibanNumber" type="xs:string">
        <xs:annotation>
          <xs:documentation>International Bank Account Number</xs:documentation>
        </xs:annotation>
      </xs:element>
      <xs:element name="bicCode" type="xs:string" minOccurs="0">
        <xs:annotation>
          <xs:documentation>Bank Identificatie Code (old SWIFT code)</xs:documentation>
        </xs:annotation>
      </xs:element>
      <xs:element name="accountName" type="xs:string" minOccurs="0">
        <xs:annotation>
          <xs:documentation>Name the account is listed to</xs:documentation>
        </xs:annotation>
      </xs:element>
      <xs:element ref="addn:address" minOccurs="0"/>
    </xs:sequence>
  </xs:complexType>
</xs:schema>]]></con:content><con:type>http://www.w3.org/2001/XMLSchema</con:type></con:part><con:part><con:url>file:/home/isr/git/parent/fourthwaydebtservice/FourthWayDebtServiceGateway/src/main/resources/wsdl/fourthWayDebtService/1.0.0/XMLSchema/officialproclamation.xsd</con:url><con:content><![CDATA[<!--edited with XMLSpy v2010 (http://www.altova.com) by Johan Schurgers (I8C)-->
<xs:schema targetNamespace="http://fsb.belgium.be/FourthWayServices/officialproclamation" elementFormDefault="qualified" attributeFormDefault="unqualified" version="1.0.4" xmlns:xs="http://www.w3.org/2001/XMLSchema" xmlns:oprc="http://fsb.belgium.be/FourthWayServices/officialproclamation">
  <xs:complexType name="OfficalProclamationType">
    <xs:sequence>
      <xs:element name="proclamationType" type="xs:string" minOccurs="0">
        <xs:annotation>
          <xs:documentation>Kind of debt ex Juridical ruling, "cohier" article</xs:documentation>
        </xs:annotation>
      </xs:element>
      <xs:element name="dateOfProclamation" type="xs:date" minOccurs="0">
        <xs:annotation>
          <xs:documentation>Date when the original debt document was created.</xs:documentation>
        </xs:annotation>
      </xs:element>
      <xs:element name="proclamationReference" type="xs:string" minOccurs="0">
        <xs:annotation>
          <xs:documentation>Identification to the original debt document</xs:documentation>
        </xs:annotation>
      </xs:element>
      <xs:element name="juridicalCode" type="xs:string" minOccurs="0">
        <xs:annotation>
          <xs:documentation>Juridical code of decision</xs:documentation>
        </xs:annotation>
      </xs:element>
      <xs:element name="juridicalDisctrict" type="xs:string" minOccurs="0">
        <xs:annotation>
          <xs:documentation>District the juridical ruling was done.</xs:documentation>
        </xs:annotation>
      </xs:element>
      <xs:element name="articleNumber" type="xs:string" minOccurs="0">
        <xs:annotation>
          <xs:documentation>In case of coercion the article the coercion was based on</xs:documentation>
        </xs:annotation>
      </xs:element>
      <xs:element name="additionalInformation" type="xs:string" minOccurs="0">
        <xs:annotation>
          <xs:documentation>extra information about to reference the debt to a the physical subject of the debt (licensce plate, registration number, ...)</xs:documentation>
        </xs:annotation>
      </xs:element>
    </xs:sequence>
  </xs:complexType>
  <xs:element name="officialProclamation" type="oprc:OfficalProclamationType">
    <xs:annotation>
      <xs:documentation>Every debt has an origin that was used to determine the debt. This reference is always documented</xs:documentation>
    </xs:annotation>
  </xs:element>
</xs:schema>]]></con:content><con:type>http://www.w3.org/2001/XMLSchema</con:type></con:part><con:part><con:url>file:/home/isr/git/parent/fourthwaydebtservice/FourthWayDebtServiceGateway/src/main/resources/wsdl/fourthWayDebtService/1.0.0/XMLSchema/fiscaldebtdetails.xsd</con:url><con:content><![CDATA[<!--edited with XMLSpy v2010 (http://www.altova.com) by Johan Schurgers (I8C)-->
<xs:schema targetNamespace="http://fsb.belgium.be/FourthWayServices/fiscaldebtdetails" elementFormDefault="qualified" attributeFormDefault="unqualified" version="1.0.4" xmlns:xs="http://www.w3.org/2001/XMLSchema" xmlns:fdd="http://fsb.belgium.be/FourthWayServices/fiscaldebtdetails" xmlns:dts="http://fsb.belgium.be/FourthWayServices/common/datatypes">
  <xs:import namespace="http://fsb.belgium.be/FourthWayServices/common/datatypes" schemaLocation="datatypes.xsd"/>
  <xs:complexType name="FiscalDebtDetailsType">
    <xs:sequence>
      <xs:element name="debtType" type="xs:string">
        <xs:annotation>
          <xs:documentation>Type of debt. Trafic tax, income tax debt, ...</xs:documentation>
        </xs:annotation>
      </xs:element>
      <xs:element name="takenMortgageAmount" type="dts:CurrencyAmountType" minOccurs="0"/>
      <xs:element name="privilegedClaimsAmount" type="dts:CurrencyAmountType" minOccurs="0"/>
      <xs:element name="declarations" minOccurs="0">
        <xs:complexType>
          <xs:sequence>
            <xs:element name="taxDeclarations" minOccurs="0">
              <xs:annotation>
                <xs:documentation>other information about the tax declarations of a party. No predefined structure agreement between businesses</xs:documentation>
              </xs:annotation>
              <xs:complexType>
                <xs:sequence>
                  <xs:element ref="dts:extensions"/>
                </xs:sequence>
              </xs:complexType>
            </xs:element>
            <xs:element name="negligenceClause" minOccurs="0">
              <xs:annotation>
                <xs:documentation>Clauses about negligence amounts to calculate in case of issues.</xs:documentation>
              </xs:annotation>
              <xs:complexType>
                <xs:sequence>
                  <xs:element name="additionalIntrest" type="dts:CurrencyAmountType">
                    <xs:annotation>
                      <xs:documentation>Additional interest to be calculated on the amount. Amount in euro.</xs:documentation>
                    </xs:annotation>
                  </xs:element>
                  <xs:element name="additionalIntrestFromDate" type="xs:date">
                    <xs:annotation>
                      <xs:documentation>When this date has passed the additional interest has to be calculated</xs:documentation>
                    </xs:annotation>
                  </xs:element>
                </xs:sequence>
              </xs:complexType>
            </xs:element>
          </xs:sequence>
        </xs:complexType>
      </xs:element>
      <xs:element ref="dts:referencePeriod" minOccurs="0"/>
      <xs:element name="totalDebt" type="dts:CurrencyAmountType">
        <xs:annotation>
          <xs:documentation>Total debt amount in euro without the euro sign</xs:documentation>
        </xs:annotation>
      </xs:element>
      <xs:element name="debtBreakdown" minOccurs="0" maxOccurs="unbounded">
        <xs:annotation>
          <xs:documentation>When a debt consists out of several parts (intrest, debt, costs, ...) the breakdown can be given.</xs:documentation>
        </xs:annotation>
        <xs:complexType>
          <xs:sequence>
            <xs:element name="debtSubType" type="xs:string">
              <xs:annotation>
                <xs:documentation>description of the part in the breakdown</xs:documentation>
              </xs:annotation>
            </xs:element>
            <xs:element name="debtSubAmount" type="dts:CurrencyAmountType">
              <xs:annotation>
                <xs:documentation>Amount in the breakdown in euro without the euro sign</xs:documentation>
              </xs:annotation>
            </xs:element>
          </xs:sequence>
        </xs:complexType>
      </xs:element>
    </xs:sequence>
  </xs:complexType>
  <xs:element name="fiscalDebtDetails" type="fdd:FiscalDebtDetailsType">
    <xs:annotation>
      <xs:documentation>Specific data only needed for fiscal debts</xs:documentation>
    </xs:annotation>
  </xs:element>
</xs:schema>]]></con:content><con:type>http://www.w3.org/2001/XMLSchema</con:type></con:part><con:part><con:url>file:/home/isr/git/parent/fourthwaydebtservice/FourthWayDebtServiceGateway/src/main/resources/wsdl/fourthWayDebtService/1.0.0/XMLSchema/debtsolidarity.xsd</con:url><con:content><![CDATA[<!--edited with XMLSpy v2010 (http://www.altova.com) by Johan Schurgers (I8C)-->
<xs:schema targetNamespace="http://fsb.belgium.be/FourthWayServices/debtsolidarity" elementFormDefault="qualified" attributeFormDefault="unqualified" version="1.0.6" xmlns:xs="http://www.w3.org/2001/XMLSchema" xmlns:dbtsol="http://fsb.belgium.be/FourthWayServices/debtsolidarity" xmlns:pty="http://fsb.belgium.be/FourthWayServices/party">
  <xs:import namespace="http://fsb.belgium.be/FourthWayServices/party" schemaLocation="party.xsd"/>
  <xs:complexType name="DebtSolidarityType">
    <xs:sequence>
      <xs:element name="solidarityParties">
        <xs:annotation>
          <xs:documentation>The information about the parties that have debts the original party has a solidarity with.</xs:documentation>
        </xs:annotation>
        <xs:complexType>
          <xs:sequence>
            <xs:element name="solidarityParty" maxOccurs="unbounded">
              <xs:annotation>
                <xs:documentation>Several solidarity parties can be connected to the debt party</xs:documentation>
              </xs:annotation>
              <xs:complexType>
                <xs:sequence>
                  <xs:element ref="pty:partyInformation"/>
                  <xs:element name="additionalInformation" type="xs:string" minOccurs="0">
                    <xs:annotation>
                      <xs:documentation>extra information about the relationship or other information about the solidarity</xs:documentation>
                    </xs:annotation>
                  </xs:element>
                </xs:sequence>
              </xs:complexType>
            </xs:element>
          </xs:sequence>
        </xs:complexType>
      </xs:element>
    </xs:sequence>
  </xs:complexType>
  <xs:element name="debtSolidarity" type="dbtsol:DebtSolidarityType">
    <xs:annotation>
      <xs:documentation>When parties are responsible for the debts of another party (maried couples, financial responsible for a minor, financial responsible for a company). The original party and the party they are responsible for the debt have to be indicated with the link to eachother.</xs:documentation>
    </xs:annotation>
  </xs:element>
</xs:schema>]]></con:content><con:type>http://www.w3.org/2001/XMLSchema</con:type></con:part><con:part><con:url>file:/home/isr/git/parent/fourthwaydebtservice/FourthWayDebtServiceGateway/src/main/resources/wsdl/fourthWayDebtService/1.0.0/XMLSchema/socialdebt.xsd</con:url><con:content><![CDATA[<!--edited with XMLSpy v2010 (http://www.altova.com) by Johan Schurgers (I8C)-->
<xs:schema targetNamespace="http://fsb.belgium.be/FourthWayServices/socialdebt" elementFormDefault="qualified" attributeFormDefault="unqualified" version="1.0.4.1" xmlns:xs="http://www.w3.org/2001/XMLSchema" xmlns:sdbt="http://fsb.belgium.be/FourthWayServices/socialdebt" xmlns:dbt="http://fsb.belgium.be/FourthWayServices/debt" xmlns:sdd="http://fsb.belgium.be/FourthWayServices/socialdebtdetails" xmlns:oprc="http://fsb.belgium.be/FourthWayServices/officialproclamation" xmlns:beni="http://fsb.belgium.be/FourthWayServices/beneficiary" xmlns:debtdin="http://fsb.belgium.be/FourthWayServices/debtdetailedinformation">
  <xs:import namespace="http://fsb.belgium.be/FourthWayServices/debt" schemaLocation="debt.xsd"/>
  <xs:import namespace="http://fsb.belgium.be/FourthWayServices/debtdetailedinformation" schemaLocation="debtdetailedinformation.xsd"/>
  <xs:import namespace="http://fsb.belgium.be/FourthWayServices/beneficiary" schemaLocation="beneficiary.xsd"/>
  <xs:import namespace="http://fsb.belgium.be/FourthWayServices/officialproclamation" schemaLocation="officialproclamation.xsd"/>
  <xs:import namespace="http://fsb.belgium.be/FourthWayServices/socialdebtdetails" schemaLocation="socialdebtdetails.xsd"/>
  <xs:element name="socialdebt" type="sdbt:SocialDebtType" substitutionGroup="dbt:debtInformation"/>
  <xs:complexType name="SocialDebtType">
    <xs:complexContent>
      <xs:extension base="dbt:DebtInformationType">
        <xs:sequence>
          <xs:element ref="sdd:socialDebtDetails"/>
          <xs:element ref="oprc:officialProclamation" minOccurs="0" maxOccurs="unbounded"/>
          <xs:element ref="debtdin:debtDetailedInformation"/>
        </xs:sequence>
      </xs:extension>
    </xs:complexContent>
  </xs:complexType>
</xs:schema>]]></con:content><con:type>http://www.w3.org/2001/XMLSchema</con:type></con:part><con:part><con:url>file:/home/isr/git/parent/fourthwaydebtservice/FourthWayDebtServiceGateway/src/main/resources/wsdl/fourthWayDebtService/1.0.0/XMLSchema/socialdebtdetails.xsd</con:url><con:content><![CDATA[<!--edited with XMLSpy v2010 (http://www.altova.com) by Johan Schurgers (I8C)-->
<xs:schema targetNamespace="http://fsb.belgium.be/FourthWayServices/socialdebtdetails" elementFormDefault="qualified" attributeFormDefault="unqualified" version="1.0" xmlns:xs="http://www.w3.org/2001/XMLSchema" xmlns:sdd="http://fsb.belgium.be/FourthWayServices/socialdebtdetails" xmlns:insti="http://fsb.belgium.be/FourthWayServices/institution" xmlns:dts="http://fsb.belgium.be/FourthWayServices/common/datatypes" xmlns:beni="http://fsb.belgium.be/FourthWayServices/beneficiary" xmlns:ba="http://fsb.belgium.be/FourthWayServices/common/bankaccount">
  <xs:import namespace="http://fsb.belgium.be/FourthWayServices/institution" schemaLocation="institution.xsd"/>
  <xs:import namespace="http://fsb.belgium.be/FourthWayServices/common/datatypes" schemaLocation="datatypes.xsd"/>
  <xs:import namespace="http://fsb.belgium.be/FourthWayServices/common/bankaccount" schemaLocation="bankaccount.xsd"/>
  <xs:complexType name="SocialDebtDetailsType">
    <xs:sequence>
      <xs:element name="caseInProgress">
        <xs:annotation>
          <xs:documentation>When baillifs are already collecting money for these debts they are identified. No bailifs identified means that the case is not in progress. Only baillifs may be used as institution.</xs:documentation>
        </xs:annotation>
        <xs:complexType>
          <xs:sequence>
            <xs:element ref="insti:institution" maxOccurs="unbounded"/>
          </xs:sequence>
        </xs:complexType>
      </xs:element>
      <xs:element name="totalAmountInfo" maxOccurs="unbounded">
        <xs:annotation>
          <xs:documentation>The grand total of all the amounts in detailedAmountInfo. This total does not include the daily interest.</xs:documentation>
        </xs:annotation>
        <xs:complexType>
          <xs:sequence>
            <xs:element name="typeOfTotalDebt" type="xs:string">
              <xs:annotation>
                <xs:documentation>description Of TotalDebt type</xs:documentation>
              </xs:annotation>
            </xs:element>
            <xs:element name="totalAmount" type="dts:CurrencyAmountType">
              <xs:annotation>
                <xs:documentation>Total amount of the debt in EUR.</xs:documentation>
              </xs:annotation>
            </xs:element>
            <xs:element ref="dts:referencePeriod" minOccurs="0"/>
            <xs:element ref="ba:bankAccount" minOccurs="0"/>
            <xs:element name="structuredMessage" type="xs:string" minOccurs="0">
              <xs:annotation>
                <xs:documentation>Message to be used when transfering the money</xs:documentation>
              </xs:annotation>
            </xs:element>
          </xs:sequence>
        </xs:complexType>
      </xs:element>
      <xs:element name="detailedAmountInfo" maxOccurs="unbounded">
        <xs:annotation>
          <xs:documentation>Detail information about the debt</xs:documentation>
        </xs:annotation>
        <xs:complexType>
          <xs:sequence>
            <xs:element name="debtAmountInfo" maxOccurs="unbounded">
              <xs:complexType>
                <xs:sequence>
                  <xs:element name="debtAmount"/>
                  <xs:element name="descriptionCode">
                    <xs:annotation>
                      <xs:documentation>Type of debt (detail): cotisation, majorisation, intér6et ....</xs:documentation>
                    </xs:annotation>
                  </xs:element>
                  <xs:element ref="dts:referencePeriod" minOccurs="0"/>
                </xs:sequence>
              </xs:complexType>
            </xs:element>
            <xs:element ref="ba:bankAccount" minOccurs="0"/>
            <xs:element name="structuredMessage" type="xs:string" minOccurs="0">
              <xs:annotation>
                <xs:documentation>Message to be used when transfering the money</xs:documentation>
              </xs:annotation>
            </xs:element>
          </xs:sequence>
        </xs:complexType>
      </xs:element>
    </xs:sequence>
  </xs:complexType>
  <xs:element name="socialDebtDetails" type="sdd:SocialDebtDetailsType">
    <xs:annotation>
      <xs:documentation>Specific data only needed for social debts</xs:documentation>
    </xs:annotation>
  </xs:element>
</xs:schema>]]></con:content><con:type>http://www.w3.org/2001/XMLSchema</con:type></con:part><con:part><con:url>file:/home/isr/git/parent/fourthwaydebtservice/FourthWayDebtServiceGateway/src/main/resources/wsdl/fourthWayDebtService/1.0.0/XMLSchema/fiscalregionflandersdebt.xsd</con:url><con:content><![CDATA[<!--edited with XMLSpy v2010 (http://www.altova.com) by Johan Schurgers (I8C)-->
<xs:schema targetNamespace="http://fsb.belgium.be/FourthWayServices/fiscalregionflandersdebt" elementFormDefault="qualified" attributeFormDefault="unqualified" version="1.0.4.1" xmlns:xs="http://www.w3.org/2001/XMLSchema" xmlns:frfdbt="http://fsb.belgium.be/FourthWayServices/fiscalregionflandersdebt" xmlns:dbt="http://fsb.belgium.be/FourthWayServices/debt" xmlns:frfdd="http://fsb.belgium.be/FourthWayServices/fiscalregionflandersdebtdetails" xmlns:oprc="http://fsb.belgium.be/FourthWayServices/officialproclamation" xmlns:beni="http://fsb.belgium.be/FourthWayServices/beneficiary" xmlns:debtdin="http://fsb.belgium.be/FourthWayServices/debtdetailedinformation">
  <xs:import namespace="http://fsb.belgium.be/FourthWayServices/debtdetailedinformation" schemaLocation="debtdetailedinformation.xsd"/>
  <xs:import namespace="http://fsb.belgium.be/FourthWayServices/beneficiary" schemaLocation="beneficiary.xsd"/>
  <xs:import namespace="http://fsb.belgium.be/FourthWayServices/officialproclamation" schemaLocation="officialproclamation.xsd"/>
  <xs:import namespace="http://fsb.belgium.be/FourthWayServices/fiscalregionflandersdebtdetails" schemaLocation="fiscalregionflandersdebtdetails.xsd"/>
  <xs:import namespace="http://fsb.belgium.be/FourthWayServices/debt" schemaLocation="debt.xsd"/>
  <xs:element name="fiscalRegionFlandersDebt" type="frfdbt:FiscalRegionFlandersDebtType" substitutionGroup="dbt:debtInformation"/>
  <xs:complexType name="FiscalRegionFlandersDebtType">
    <xs:complexContent>
      <xs:extension base="dbt:DebtInformationType">
        <xs:sequence>
          <xs:element ref="frfdd:fiscalRegionFlandersDebtDetails"/>
          <xs:element ref="oprc:officialProclamation"/>
          <xs:element ref="beni:beneficiary"/>
          <xs:element ref="debtdin:debtDetailedInformation"/>
        </xs:sequence>
      </xs:extension>
    </xs:complexContent>
  </xs:complexType>
</xs:schema>]]></con:content><con:type>http://www.w3.org/2001/XMLSchema</con:type></con:part><con:part><con:url>file:/home/isr/git/parent/fourthwaydebtservice/FourthWayDebtServiceGateway/src/main/resources/wsdl/fourthWayDebtService/1.0.0/XMLSchema/fiscalregionflandersdebtdetails.xsd</con:url><con:content><![CDATA[<!--edited with XMLSpy v2010 (http://www.altova.com) by Johan Schurgers (I8C)-->
<xs:schema targetNamespace="http://fsb.belgium.be/FourthWayServices/fiscalregionflandersdebtdetails" elementFormDefault="qualified" attributeFormDefault="unqualified" version="1.0" xmlns:xs="http://www.w3.org/2001/XMLSchema" xmlns:frfdd="http://fsb.belgium.be/FourthWayServices/fiscalregionflandersdebtdetails" xmlns:dts="http://fsb.belgium.be/FourthWayServices/common/datatypes">
  <xs:import namespace="http://fsb.belgium.be/FourthWayServices/common/datatypes" schemaLocation="datatypes.xsd"/>
  <xs:complexType name="FiscalRegionFlandersDebtDetailsType">
    <xs:sequence>
      <xs:element name="debtType" type="xs:string">
        <xs:annotation>
          <xs:documentation>Type of debt. Trafic tax, income tax debt, ...</xs:documentation>
        </xs:annotation>
      </xs:element>
      <xs:element name="takenMortgageAmount" type="dts:CurrencyAmountType" minOccurs="0"/>
      <xs:element name="privilegedClaimsAmount" type="dts:CurrencyAmountType" minOccurs="0"/>
      <xs:element name="declarations">
        <xs:complexType>
          <xs:sequence>
            <xs:element name="taxDeclarations" minOccurs="0">
              <xs:annotation>
                <xs:documentation>other information about the tax declarations of a party. No predefined structure agreement between businesses</xs:documentation>
              </xs:annotation>
              <xs:complexType>
                <xs:sequence>
                  <xs:element ref="dts:extensions"/>
                </xs:sequence>
              </xs:complexType>
            </xs:element>
            <xs:element name="generalDeclarations" minOccurs="0">
              <xs:annotation>
                <xs:documentation>other information to be communicated with the receivers of the message</xs:documentation>
              </xs:annotation>
              <xs:complexType>
                <xs:sequence>
                  <xs:element ref="dts:extensions"/>
                </xs:sequence>
              </xs:complexType>
            </xs:element>
            <xs:element name="negligenceClause" type="xs:string" minOccurs="0">
              <xs:annotation>
                <xs:documentation>Clauses about negligence amounts to calculate in case of issues.</xs:documentation>
              </xs:annotation>
            </xs:element>
          </xs:sequence>
        </xs:complexType>
      </xs:element>
      <xs:element ref="dts:referencePeriod" minOccurs="0"/>
      <xs:element name="totalDebt" type="dts:CurrencyAmountType">
        <xs:annotation>
          <xs:documentation>Total debt amount in euro without the euro sign</xs:documentation>
        </xs:annotation>
      </xs:element>
      <xs:element name="debtBreakdown" minOccurs="0" maxOccurs="unbounded">
        <xs:annotation>
          <xs:documentation>When a debt consists out of several parts (intrest, debt, costs, ...) the breakdown can be given.</xs:documentation>
        </xs:annotation>
        <xs:complexType>
          <xs:sequence>
            <xs:element name="debtSubType" type="xs:string">
              <xs:annotation>
                <xs:documentation>description of the part in the breakdown</xs:documentation>
              </xs:annotation>
            </xs:element>
            <xs:element name="debtSubAmount" type="dts:CurrencyAmountType">
              <xs:annotation>
                <xs:documentation>Amount in the breakdown in euro without the euro sign</xs:documentation>
              </xs:annotation>
            </xs:element>
          </xs:sequence>
        </xs:complexType>
      </xs:element>
      <xs:element name="additionalCosts" minOccurs="0">
        <xs:complexType>
          <xs:sequence>
            <xs:element name="costsOnTaxReclaiming" type="dts:CurrencyAmountType">
              <xs:annotation>
                <xs:documentation>Costs extra on to reclaim the tax</xs:documentation>
              </xs:annotation>
            </xs:element>
            <xs:element name="surchargesOnTax" type="dts:CurrencyAmountType">
              <xs:annotation>
                <xs:documentation>surcharges = opcentiemen</xs:documentation>
              </xs:annotation>
            </xs:element>
            <xs:element name="penaltyAmount" type="dts:CurrencyAmountType">
              <xs:annotation>
                <xs:documentation>penalty on the debt to be paid</xs:documentation>
              </xs:annotation>
            </xs:element>
          </xs:sequence>
        </xs:complexType>
      </xs:element>
    </xs:sequence>
  </xs:complexType>
  <xs:element name="fiscalRegionFlandersDebtDetails" type="frfdd:FiscalRegionFlandersDebtDetailsType">
    <xs:annotation>
      <xs:documentation>Specific data only needed for fiscal debts</xs:documentation>
    </xs:annotation>
  </xs:element>
</xs:schema>]]></con:content><con:type>http://www.w3.org/2001/XMLSchema</con:type></con:part><con:part><con:url>file:/home/isr/git/parent/fourthwaydebtservice/FourthWayDebtServiceGateway/src/main/resources/wsdl/fourthWayDebtService/1.0.0/XMLSchema/generalcaseinformation.xsd</con:url><con:content><![CDATA[<!--edited with XMLSpy v2010 (http://www.altova.com) by Johan Schurgers (I8C)-->
<xs:schema targetNamespace="http://fsb.belgium.be/FourthWayServices/generalcaseinformation" elementFormDefault="qualified" attributeFormDefault="unqualified" version="1.0.4" xmlns:xs="http://www.w3.org/2001/XMLSchema" xmlns:cin="http://fsb.belgium.be/FourthWayServices/generalcaseinformation" xmlns:hdr="http://fsb.belgium.be/FourthWayServices/header" xmlns:con="http://fsb.belgium.be/FourthWayServices/contact" xmlns:addn="http://fsb.belgium.be/FourthWayServices/common/addressinformation" xmlns:dts="http://fsb.belgium.be/FourthWayServices/common/datatypes" xmlns:insti="http://fsb.belgium.be/FourthWayServices/institution">
  <xs:import namespace="http://fsb.belgium.be/FourthWayServices/common/datatypes" schemaLocation="datatypes.xsd"/>
  <xs:import namespace="http://fsb.belgium.be/FourthWayServices/contact" schemaLocation="contact.xsd"/>
  <xs:import namespace="http://fsb.belgium.be/FourthWayServices/common/addressinformation" schemaLocation="addressinformation.xsd"/>
  <xs:import namespace="http://fsb.belgium.be/FourthWayServices/institution" schemaLocation="institution.xsd"/>
  <xs:annotation>
    <xs:documentation>General case information is extra information that is generic for several transactions.</xs:documentation>
  </xs:annotation>
  <xs:complexType name="AdministrativeInformationType">
    <xs:annotation>
      <xs:documentation>Administrative information is used for all common information about a case that will determine the further response of the case. The administrative information supports the case but doesn't add business value to the case.</xs:documentation>
    </xs:annotation>
    <xs:sequence>
      <xs:element name="language" type="xs:string" nillable="false">
        <xs:annotation>
          <xs:documentation>Language the case will be handled in. The possible languages are: NL and FR</xs:documentation>
        </xs:annotation>
      </xs:element>
      <xs:element name="caseNumber" type="xs:string" nillable="false">
        <xs:annotation>
          <xs:documentation>Case number assigned by the sender of the message. This number is the internal reference used by the sender of the message to facilitate communication. The electronic form of the "our reference" on paper.</xs:documentation>
        </xs:annotation>
      </xs:element>
      <xs:element name="referenceNumber" type="xs:string" nillable="false" minOccurs="0">
        <xs:annotation>
          <xs:documentation>Only need for 2.5 conversion</xs:documentation>
        </xs:annotation>
      </xs:element>
      <xs:element name="transactionType" type="xs:string" nillable="false">
        <xs:annotation>
          <xs:documentation>Transactiontype of the case. (1-7)</xs:documentation>
        </xs:annotation>
      </xs:element>
      <xs:element name="procedureNumber" type="xs:string" nillable="false">
        <xs:annotation>
          <xs:documentation>The procedure id is the business key that will be used to communicate between all partner in reference to this case.</xs:documentation>
        </xs:annotation>
      </xs:element>
      <xs:element name="replacedProcedureNumber" type="xs:string" nillable="true" minOccurs="0">
        <xs:annotation>
          <xs:documentation>When a rectification of a case is needed. The public officer will send a new message with a new procedure number. The old procedure number will be filled in the replacedprocedurenumber. The receiving parties can use this to stop processing the old case.</xs:documentation>
        </xs:annotation>
      </xs:element>
      <xs:element name="requestDate" type="xs:dateTime" nillable="false">
        <xs:annotation>
          <xs:documentation>Date when the case was created to be send. This date can differ from the message date. Cases can be created and send at another time by the systems. The requestDate is the official date the message has been intended to be send by the person who created the message.</xs:documentation>
        </xs:annotation>
      </xs:element>
      <xs:element name="origin" type="dts:OriginType" nillable="false"/>
      <xs:element name="destinations" type="dts:DestinationType" nillable="false"/>
      <xs:element name="requestorInformation" type="cin:RequestorInformationType" nillable="false"/>
    </xs:sequence>
  </xs:complexType>
  <xs:complexType name="RequestorInformationType">
    <xs:sequence>
      <xs:element ref="insti:institution"/>
      <xs:element name="responsiblePerson" type="con:ContactPersonType">
        <xs:annotation>
          <xs:documentation>Person that is responsible for the message. The notary or the public officer who signs the notification.</xs:documentation>
        </xs:annotation>
      </xs:element>
      <xs:element name="contactPerson" type="con:ContactPersonType" minOccurs="0">
        <xs:annotation>
          <xs:documentation>Casehandler at the institution.</xs:documentation>
        </xs:annotation>
      </xs:element>
      <xs:element name="generalInformation" type="xs:string" minOccurs="0">
        <xs:annotation>
          <xs:documentation>General information the requestor wants to share. (ex. website, opening hours, name changes, ...)</xs:documentation>
        </xs:annotation>
      </xs:element>
    </xs:sequence>
  </xs:complexType>
  <xs:element name="generalCaseInformation">
    <xs:annotation>
      <xs:documentation>Every business message will need shared data about the case.</xs:documentation>
    </xs:annotation>
    <xs:complexType>
      <xs:sequence>
        <xs:element name="administrativeInformation" type="cin:AdministrativeInformationType">
          <xs:annotation>
            <xs:documentation>All common information about a case that will determine the further response of the case. The administrative information supports the case but doesn't add business value to the case.</xs:documentation>
          </xs:annotation>
        </xs:element>
      </xs:sequence>
    </xs:complexType>
  </xs:element>
</xs:schema>]]></con:content><con:type>http://www.w3.org/2001/XMLSchema</con:type></con:part><con:part><con:url>file:/home/isr/git/parent/fourthwaydebtservice/FourthWayDebtServiceGateway/src/main/resources/wsdl/fourthWayDebtService/1.0.0/XMLSchema/legalbase.xsd</con:url><con:content><![CDATA[<!--edited with XMLSpy v2010 (http://www.altova.com) by Johan Schurgers (I8C)-->
<xs:schema targetNamespace="http://fsb.belgium.be/FourthWayServices/legalbase" elementFormDefault="qualified" attributeFormDefault="unqualified" version="1.0.4" xmlns:xs="http://www.w3.org/2001/XMLSchema" xmlns:lbs="http://fsb.belgium.be/FourthWayServices/legalbase">
  <xs:complexType name="LegalBaseType">
    <xs:sequence>
      <xs:element name="legalSource" type="xs:string" nillable="false" minOccurs="0">
        <xs:annotation>
          <xs:documentation>The source where the legal base is in defined. (Taxbook, KB, …)</xs:documentation>
        </xs:annotation>
      </xs:element>
      <xs:element name="legalBaseIdentifier" type="xs:string" nillable="false" minOccurs="0">
        <xs:annotation>
          <xs:documentation>The identifier in the legal source (art x)</xs:documentation>
        </xs:annotation>
      </xs:element>
      <xs:element name="legalBaseText" nillable="false" minOccurs="0" maxOccurs="unbounded">
        <xs:annotation>
          <xs:documentation>The textual representation of the legal base (multiple possible to support several languages)</xs:documentation>
        </xs:annotation>
        <xs:complexType>
          <xs:simpleContent>
            <xs:extension base="xs:string">
              <xs:attribute name="language"/>
            </xs:extension>
          </xs:simpleContent>
        </xs:complexType>
      </xs:element>
    </xs:sequence>
  </xs:complexType>
  <xs:element name="legalBase" type="lbs:LegalBaseType">
    <xs:annotation>
      <xs:documentation>Every partner needs to have a legal base to be able to claim debts in 4th way. Or to notify partners.</xs:documentation>
    </xs:annotation>
  </xs:element>
</xs:schema>]]></con:content><con:type>http://www.w3.org/2001/XMLSchema</con:type></con:part><con:part><con:url>file:/home/isr/git/parent/fourthwaydebtservice/FourthWayDebtServiceGateway/src/main/resources/wsdl/fourthWayDebtService/1.0.0/XMLSchema/fourthwaymessage.xsd</con:url><con:content><![CDATA[<!--edited with XMLSpy v2010 (http://www.altova.com) by Johan Schurgers (I8C)-->
<xs:schema targetNamespace="http://fsb.belgium.be/FourthWayServices/fourthwaymessage" elementFormDefault="qualified" attributeFormDefault="unqualified" version="1.0.3" xmlns:xs="http://www.w3.org/2001/XMLSchema" xmlns:frmsg="http://fsb.belgium.be/FourthWayServices/fourthwaymessage" xmlns:ddn="http://fsb.belgium.be/FourthWayServices/debtdeficitnotification" xmlns:dnn="http://fsb.belgium.be/FourthWayServices/debtnotification" xmlns:dbtsi="http://fsb.belgium.be/FourthWayServices/debtinquiry" xmlns:tecac="http://fsb.belgium.be/FourthWayServices/technicalack" xmlns:funac="http://fsb.belgium.be/FourthWayServices/functionalack" xmlns:bet="http://fsb.belgium.be/FourthWayServices/businesserror">
  <xs:import namespace="http://fsb.belgium.be/FourthWayServices/businesserror" schemaLocation="businesserror.xsd"/>
  <xs:import namespace="http://fsb.belgium.be/FourthWayServices/functionalack" schemaLocation="functionalacknowledgement.xsd"/>
  <xs:import namespace="http://fsb.belgium.be/FourthWayServices/debtinquiry" schemaLocation="debtinquiry.xsd"/>
  <xs:import namespace="http://fsb.belgium.be/FourthWayServices/debtnotification" schemaLocation="debtnotification.xsd"/>
  <xs:import namespace="http://fsb.belgium.be/FourthWayServices/debtdeficitnotification" schemaLocation="debtdeficitnotification.xsd"/>
  <xs:import namespace="http://fsb.belgium.be/FourthWayServices/technicalack" schemaLocation="technicalacknowledgement.xsd"/>
  <xs:element name="fourthWayMessage" type="frmsg:FourthWayMessageType" abstract="true"/>
  <xs:complexType name="FourthWayMessageType" abstract="true"/>
</xs:schema>]]></con:content><con:type>http://www.w3.org/2001/XMLSchema</con:type></con:part><con:part><con:url>file:/home/isr/git/parent/fourthwaydebtservice/FourthWayDebtServiceGateway/src/main/resources/wsdl/fourthWayDebtService/1.0.0/XMLSchema/businesserror.xsd</con:url><con:content><![CDATA[<!--edited with XMLSpy v2010 (http://www.altova.com) by Johan Schurgers (I8C)-->
<xs:schema targetNamespace="http://fsb.belgium.be/FourthWayServices/businesserror" elementFormDefault="qualified" attributeFormDefault="unqualified" version="1.0.3" xmlns:xs="http://www.w3.org/2001/XMLSchema" xmlns:bet="http://fsb.belgium.be/FourthWayServices/businesserror" xmlns:err="http://fsb.belgium.be/FourthWayServices/error" xmlns:frmsg="http://fsb.belgium.be/FourthWayServices/fourthwaymessage" xmlns:dts="http://fsb.belgium.be/FourthWayServices/common/datatypes">
  <xs:import namespace="http://fsb.belgium.be/FourthWayServices/error" schemaLocation="error.xsd"/>
  <xs:import namespace="http://fsb.belgium.be/FourthWayServices/fourthwaymessage" schemaLocation="fourthwaymessage.xsd"/>
  <xs:import namespace="http://fsb.belgium.be/FourthWayServices/common/datatypes" schemaLocation="datatypes.xsd"/>
  <xs:element name="businessError" type="bet:BusinessErrorType" substitutionGroup="frmsg:fourthWayMessage">
    <xs:annotation>
      <xs:documentation>The answer when the business content validation finds errors. Opposite of the functional ACK</xs:documentation>
    </xs:annotation>
  </xs:element>
  <xs:complexType name="MessageReferenceType">
    <xs:sequence>
      <xs:element ref="dts:procedureID" minOccurs="0"/>
      <xs:element ref="dts:origin"/>
      <xs:element name="correlationID" type="dts:UuidType" minOccurs="0">
        <xs:annotation>
          <xs:documentation>This correlationID is the same as in the header. This correlationID binds the response to the request.</xs:documentation>
        </xs:annotation>
      </xs:element>
      <xs:element name="messageReferenceNumber" type="xs:string" minOccurs="0">
        <xs:annotation>
          <xs:documentation>Reference number to the message this acknowledgement is a response on.</xs:documentation>
        </xs:annotation>
      </xs:element>
    </xs:sequence>
  </xs:complexType>
  <xs:complexType name="BusinessErrorType">
    <xs:complexContent>
      <xs:extension base="frmsg:FourthWayMessageType">
        <xs:sequence>
          <xs:element ref="err:error"/>
          <xs:element name="messageIdentification" type="bet:MessageReferenceType">
            <xs:annotation>
              <xs:documentation>Data used to link a businesserror to the original message that was send.</xs:documentation>
            </xs:annotation>
          </xs:element>
        </xs:sequence>
      </xs:extension>
    </xs:complexContent>
  </xs:complexType>
</xs:schema>]]></con:content><con:type>http://www.w3.org/2001/XMLSchema</con:type></con:part><con:part><con:url>file:/home/isr/git/parent/fourthwaydebtservice/FourthWayDebtServiceGateway/src/main/resources/wsdl/fourthWayDebtService/1.0.0/XMLSchema/error.xsd</con:url><con:content><![CDATA[<!--edited with XMLSpy v2010 (http://www.altova.com) by Johan Schurgers (I8C)-->
<xs:schema targetNamespace="http://fsb.belgium.be/FourthWayServices/error" elementFormDefault="qualified" attributeFormDefault="unqualified" version="1.0" xmlns:xs="http://www.w3.org/2001/XMLSchema" xmlns:err="http://fsb.belgium.be/FourthWayServices/error">
  <xs:complexType name="ErrorType">
    <xs:sequence>
      <xs:element name="code" type="xs:string">
        <xs:annotation>
          <xs:documentation>Error code as described in the documentation. This code should exist in the documentation available to all partners.</xs:documentation>
        </xs:annotation>
      </xs:element>
      <xs:element name="dateTime" type="xs:dateTime" minOccurs="0">
        <xs:annotation>
          <xs:documentation>Date and time when the error occured.</xs:documentation>
        </xs:annotation>
      </xs:element>
      <xs:element name="description" type="xs:string">
        <xs:annotation>
          <xs:documentation>Description of the error. A textual description of the error with enough detail to make it possible to understand the error by all partners.</xs:documentation>
        </xs:annotation>
      </xs:element>
      <xs:element name="errorCause" type="err:ErrorType" minOccurs="0">
        <xs:annotation>
          <xs:documentation>When a error is caused by another error a stacktrace should be filled in.</xs:documentation>
        </xs:annotation>
      </xs:element>
    </xs:sequence>
  </xs:complexType>
  <xs:element name="bussinessError">
    <xs:annotation>
      <xs:documentation>Every message has to be validated by the receiving party. When the business content validation is negatif a bussiness error has to be send.</xs:documentation>
    </xs:annotation>
    <xs:complexType>
      <xs:sequence>
        <xs:element ref="err:error" maxOccurs="unbounded"/>
      </xs:sequence>
    </xs:complexType>
  </xs:element>
  <xs:element name="error" type="err:ErrorType">
    <xs:annotation>
      <xs:documentation>Businesserror description as found in the documentation</xs:documentation>
    </xs:annotation>
  </xs:element>
</xs:schema>]]></con:content><con:type>http://www.w3.org/2001/XMLSchema</con:type></con:part><con:part><con:url>file:/home/isr/git/parent/fourthwaydebtservice/FourthWayDebtServiceGateway/src/main/resources/wsdl/fourthWayDebtService/1.0.0/XMLSchema/functionalacknowledgement.xsd</con:url><con:content><![CDATA[<!--edited with XMLSpy v2010 (http://www.altova.com) by Johan Schurgers (I8C)-->
<xs:schema targetNamespace="http://fsb.belgium.be/FourthWayServices/functionalack" elementFormDefault="qualified" attributeFormDefault="unqualified" version="1.0.3" xmlns:xs="http://www.w3.org/2001/XMLSchema" xmlns:funac="http://fsb.belgium.be/FourthWayServices/functionalack" xmlns:aki="http://fsb.belgium.be/FourthWayServices/acknowledgementinformation" xmlns:frmsg="http://fsb.belgium.be/FourthWayServices/fourthwaymessage">
  <xs:import namespace="http://fsb.belgium.be/FourthWayServices/acknowledgementinformation" schemaLocation="acknowledgementinformation.xsd"/>
  <xs:import namespace="http://fsb.belgium.be/FourthWayServices/fourthwaymessage" schemaLocation="fourthwaymessage.xsd"/>
  <xs:element name="functionalAcknowledgement" type="funac:FunctionalAcknowledgementType" substitutionGroup="frmsg:fourthWayMessage">
    <xs:annotation>
      <xs:documentation>Every message has to be validated by the receiving party. When the business content validation is positif an acknowledgement has to be send.</xs:documentation>
    </xs:annotation>
  </xs:element>
  <xs:complexType name="FunctionalAcknowledgementType">
    <xs:complexContent>
      <xs:extension base="frmsg:FourthWayMessageType">
        <xs:sequence>
          <xs:element ref="aki:acknowledgementInformation"/>
        </xs:sequence>
      </xs:extension>
    </xs:complexContent>
  </xs:complexType>
</xs:schema>]]></con:content><con:type>http://www.w3.org/2001/XMLSchema</con:type></con:part><con:part><con:url>file:/home/isr/git/parent/fourthwaydebtservice/FourthWayDebtServiceGateway/src/main/resources/wsdl/fourthWayDebtService/1.0.0/XMLSchema/acknowledgementinformation.xsd</con:url><con:content><![CDATA[<!--edited with XMLSpy v2010 (http://www.altova.com) by Johan Schurgers (I8C)-->
<xs:schema targetNamespace="http://fsb.belgium.be/FourthWayServices/acknowledgementinformation" elementFormDefault="qualified" attributeFormDefault="unqualified" version="1.0" xmlns:xs="http://www.w3.org/2001/XMLSchema" xmlns:aki="http://fsb.belgium.be/FourthWayServices/acknowledgementinformation" xmlns:hdr="http://fsb.belgium.be/FourthWayServices/header" xmlns:dts="http://fsb.belgium.be/FourthWayServices/common/datatypes">
  <xs:import namespace="http://fsb.belgium.be/FourthWayServices/common/datatypes" schemaLocation="datatypes.xsd"/>
  <xs:complexType name="AcknowledgementInformationType">
    <xs:sequence>
      <xs:element ref="dts:procedureID"/>
      <xs:element name="acknowledgementDate" type="xs:dateTime">
        <xs:annotation>
          <xs:documentation>Date time when the message that was received is being acknowledged. This acknowledgement is the start of the legal response time in case of a debt inquiry.</xs:documentation>
        </xs:annotation>
      </xs:element>
      <xs:element name="receiptDate" type="xs:dateTime">
        <xs:annotation>
          <xs:documentation>Date and time when the message that is being acknowledged arrived at the system of the acknowledging partner.</xs:documentation>
        </xs:annotation>
      </xs:element>
      <xs:element ref="dts:origin"/>
      <xs:element name="status" type="xs:string" minOccurs="0">
        <xs:annotation>
          <xs:documentation>Used to communicate an intermediate or final state of a case. For example when a case will never result in a notification it's possible to give this response immediately in the status.</xs:documentation>
        </xs:annotation>
      </xs:element>
      <xs:element name="correlationID" type="dts:UuidType">
        <xs:annotation>
          <xs:documentation>This correlationID is the same as in the header. This correlationID binds the response to the request.</xs:documentation>
        </xs:annotation>
      </xs:element>
      <xs:element name="messageReferenceNumber" type="xs:string">
        <xs:annotation>
          <xs:documentation>Reference number to the message this acknowledgement is a response on.</xs:documentation>
        </xs:annotation>
      </xs:element>
    </xs:sequence>
  </xs:complexType>
  <xs:element name="acknowledgementInformation" type="aki:AcknowledgementInformationType"/>
</xs:schema>]]></con:content><con:type>http://www.w3.org/2001/XMLSchema</con:type></con:part><con:part><con:url>file:/home/isr/git/parent/fourthwaydebtservice/FourthWayDebtServiceGateway/src/main/resources/wsdl/fourthWayDebtService/1.0.0/XMLSchema/debtinquiry.xsd</con:url><con:content><![CDATA[<!--edited with XMLSpy v2010 (http://www.altova.com) by Johan Schurgers (I8C)-->
<xs:schema targetNamespace="http://fsb.belgium.be/FourthWayServices/debtinquiry" elementFormDefault="qualified" attributeFormDefault="unqualified" version="1.0.3" xmlns:xs="http://www.w3.org/2001/XMLSchema" xmlns:dbtsi="http://fsb.belgium.be/FourthWayServices/debtinquiry" xmlns:dts="http://fsb.belgium.be/FourthWayServices/common/datatypes" xmlns:frmsg="http://fsb.belgium.be/FourthWayServices/fourthwaymessage" xmlns:immotrans="http://fsb.belgium.be/FourthWayServices/immovablegoodtransaction" xmlns:motrans="http://fsb.belgium.be/FourthWayServices/movablegoodtransaction" xmlns:suctrans="http://fsb.belgium.be/FourthWayServices/successiontransaction" xmlns:cin="http://fsb.belgium.be/FourthWayServices/generalcaseinformation" xmlns:pty="http://fsb.belgium.be/FourthWayServices/party" xmlns:lbs="http://fsb.belgium.be/FourthWayServices/legalbase" xmlns:tns="http://fsb.belgium.be/FourthWayServices/honorbaseddeclarations" xmlns:tech="http://fsb.belgium.be/FourthWayServices/technical">
  <xs:import namespace="http://fsb.belgium.be/FourthWayServices/common/datatypes" schemaLocation="datatypes.xsd"/>
  <xs:import namespace="http://fsb.belgium.be/FourthWayServices/successiontransaction" schemaLocation="successiontransaction.xsd"/>
  <xs:import namespace="http://fsb.belgium.be/FourthWayServices/movablegoodtransaction" schemaLocation="movablegoodtransaction.xsd"/>
  <xs:import namespace="http://fsb.belgium.be/FourthWayServices/immovablegoodtransaction" schemaLocation="immovablegoodtransaction.xsd"/>
  <xs:import namespace="http://fsb.belgium.be/FourthWayServices/generalcaseinformation" schemaLocation="generalcaseinformation.xsd"/>
  <xs:import namespace="http://fsb.belgium.be/FourthWayServices/party" schemaLocation="party.xsd"/>
  <xs:import namespace="http://fsb.belgium.be/FourthWayServices/legalbase" schemaLocation="legalbase.xsd"/>
  <xs:import namespace="http://fsb.belgium.be/FourthWayServices/honorbaseddeclarations" schemaLocation="honorbaseddeclarations.xsd"/>
  <xs:import namespace="http://fsb.belgium.be/FourthWayServices/fourthwaymessage" schemaLocation="fourthwaymessage.xsd"/>
  <xs:import namespace="http://fsb.belgium.be/FourthWayServices/technical" schemaLocation="technical.xsd"/>
  <xs:element name="debtInquiry" substitutionGroup="frmsg:fourthWayMessage">
    <xs:annotation>
      <xs:documentation>When a public officer has to process a transaction he is obligated to request if there are debts for the parties involved in the transaction.</xs:documentation>
    </xs:annotation>
    <xs:complexType>
      <xs:complexContent>
        <xs:extension base="dbtsi:DebtInquiryType">
          <xs:sequence>
            <xs:element ref="tech:technical" minOccurs="0"/>
          </xs:sequence>
        </xs:extension>
      </xs:complexContent>
    </xs:complexType>
  </xs:element>
  <xs:complexType name="TransactionType">
    <xs:sequence>
      <xs:element name="parties">
        <xs:annotation>
          <xs:documentation>Every party in the transaction that can be subject of the debtinquiry. This also includes the deceased party in an inheritance.</xs:documentation>
        </xs:annotation>
        <xs:complexType>
          <xs:sequence>
            <xs:element ref="pty:party" maxOccurs="unbounded"/>
          </xs:sequence>
        </xs:complexType>
      </xs:element>
      <xs:element ref="tns:honorBasedDeclarations"/>
      <xs:element ref="dts:partyRelationship"/>
      <xs:element name="transactionDetails" minOccurs="0">
        <xs:annotation>
          <xs:documentation>Additional transactioninformation about the case.</xs:documentation>
        </xs:annotation>
        <xs:complexType>
          <xs:sequence>
            <xs:element name="dossierCosts" type="dts:CurrencyAmountType" minOccurs="0"/>
            <xs:element name="vatAlienation" type="xs:boolean" minOccurs="0"/>
            <xs:element name="totalInvolvedParties" type="xs:int" nillable="false" minOccurs="0">
              <xs:annotation>
                <xs:documentation>Total number of parties involved in the case. The deceased person is a involved party in case of an inheritance.</xs:documentation>
              </xs:annotation>
            </xs:element>
            <xs:element name="totalInvolvedGoods" type="xs:int" nillable="true" minOccurs="0">
              <xs:annotation>
                <xs:documentation>Total number of goods involved in the case. Only used in case of an immovable transaction.</xs:documentation>
              </xs:annotation>
            </xs:element>
          </xs:sequence>
        </xs:complexType>
      </xs:element>
      <xs:element ref="dbtsi:transactionInformation"/>
    </xs:sequence>
  </xs:complexType>
  <xs:element name="transaction" type="dbtsi:TransactionType"/>
  <xs:element name="transactionInformation" type="dbtsi:TransactionInformationType" abstract="true">
    <xs:annotation>
      <xs:documentation>Abstract element which is to be substituted with specific criteria.
				The specific criteria are defined in separate schemas.</xs:documentation>
    </xs:annotation>
  </xs:element>
  <xs:complexType name="TransactionInformationType" abstract="true"/>
  <xs:complexType name="DebtInquiryType">
    <xs:complexContent>
      <xs:extension base="frmsg:FourthWayMessageType">
        <xs:sequence>
          <xs:element ref="cin:generalCaseInformation"/>
          <xs:element ref="dbtsi:transaction">
            <xs:annotation>
              <xs:documentation>The base of every case is the transaction that will be concluded at the end of the case.</xs:documentation>
            </xs:annotation>
          </xs:element>
        </xs:sequence>
      </xs:extension>
    </xs:complexContent>
  </xs:complexType>
</xs:schema>]]></con:content><con:type>http://www.w3.org/2001/XMLSchema</con:type></con:part><con:part><con:url>file:/home/isr/git/parent/fourthwaydebtservice/FourthWayDebtServiceGateway/src/main/resources/wsdl/fourthWayDebtService/1.0.0/XMLSchema/successiontransaction.xsd</con:url><con:content><![CDATA[<!--edited with XMLSpy v2010 (http://www.altova.com) by Johan Schurgers (I8C)-->
<xs:schema targetNamespace="http://fsb.belgium.be/FourthWayServices/successiontransaction" elementFormDefault="qualified" attributeFormDefault="unqualified" version="1.0" xmlns:xs="http://www.w3.org/2001/XMLSchema" xmlns:dbtsi="http://fsb.belgium.be/FourthWayServices/debtinquiry" xmlns:suctrans="http://fsb.belgium.be/FourthWayServices/successiontransaction" xmlns:ifn="http://fsb.belgium.be/FourthWayServices/inheritanceinformation">
  <xs:import namespace="http://fsb.belgium.be/FourthWayServices/debtinquiry" schemaLocation="debtinquiry.xsd"/>
  <xs:import namespace="http://fsb.belgium.be/FourthWayServices/inheritanceinformation" schemaLocation="inheritanceinformation.xsd"/>
  <xs:element name="successionTransaction" type="suctrans:SuccessionTransactionType" substitutionGroup="dbtsi:transactionInformation"/>
  <xs:complexType name="SuccessionTransactionType">
    <xs:complexContent>
      <xs:extension base="dbtsi:TransactionInformationType">
        <xs:sequence>
          <xs:element ref="ifn:inheritanceInformation"/>
        </xs:sequence>
      </xs:extension>
    </xs:complexContent>
  </xs:complexType>
</xs:schema>]]></con:content><con:type>http://www.w3.org/2001/XMLSchema</con:type></con:part><con:part><con:url>file:/home/isr/git/parent/fourthwaydebtservice/FourthWayDebtServiceGateway/src/main/resources/wsdl/fourthWayDebtService/1.0.0/XMLSchema/inheritanceinformation.xsd</con:url><con:content><![CDATA[<!--edited with XMLSpy v2010 (http://www.altova.com) by Johan Schurgers (I8C)-->
<xs:schema targetNamespace="http://fsb.belgium.be/FourthWayServices/inheritanceinformation" elementFormDefault="qualified" attributeFormDefault="unqualified" version="1.0" xmlns:xs="http://www.w3.org/2001/XMLSchema" xmlns:ifn="http://fsb.belgium.be/FourthWayServices/inheritanceinformation">
  <xs:complexType name="InheritanceInformationType">
    <xs:sequence>
      <xs:element name="deceasedPerson" type="xs:string">
        <xs:annotation>
          <xs:documentation>Link to the party ID of the deceased party. Links can only be made with a natural person.</xs:documentation>
        </xs:annotation>
      </xs:element>
    </xs:sequence>
  </xs:complexType>
  <xs:element name="inheritanceInformation" type="ifn:InheritanceInformationType"/>
</xs:schema>]]></con:content><con:type>http://www.w3.org/2001/XMLSchema</con:type></con:part><con:part><con:url>file:/home/isr/git/parent/fourthwaydebtservice/FourthWayDebtServiceGateway/src/main/resources/wsdl/fourthWayDebtService/1.0.0/XMLSchema/movablegoodtransaction.xsd</con:url><con:content><![CDATA[<!--edited with XMLSpy v2010 (http://www.altova.com) by Johan Schurgers (I8C)-->
<xs:schema targetNamespace="http://fsb.belgium.be/FourthWayServices/movablegoodtransaction" elementFormDefault="qualified" attributeFormDefault="unqualified" version="1.0" xmlns:xs="http://www.w3.org/2001/XMLSchema" xmlns:dbtsi="http://fsb.belgium.be/FourthWayServices/debtinquiry" xmlns:motrans="http://fsb.belgium.be/FourthWayServices/movablegoodtransaction" xmlns:sfn="http://fsb.belgium.be/FourthWayServices/salesinformation">
  <xs:import namespace="http://fsb.belgium.be/FourthWayServices/debtinquiry" schemaLocation="debtinquiry.xsd"/>
  <xs:import namespace="http://fsb.belgium.be/FourthWayServices/salesinformation" schemaLocation="salesinformation.xsd"/>
  <xs:element name="movableGoodTransaction" type="motrans:MovableGoodTransactionType" substitutionGroup="dbtsi:transactionInformation"/>
  <xs:complexType name="MovableGoodTransactionType">
    <xs:complexContent>
      <xs:extension base="dbtsi:TransactionInformationType">
        <xs:sequence>
          <xs:element ref="sfn:salesInformations"/>
        </xs:sequence>
      </xs:extension>
    </xs:complexContent>
  </xs:complexType>
</xs:schema>]]></con:content><con:type>http://www.w3.org/2001/XMLSchema</con:type></con:part><con:part><con:url>file:/home/isr/git/parent/fourthwaydebtservice/FourthWayDebtServiceGateway/src/main/resources/wsdl/fourthWayDebtService/1.0.0/XMLSchema/salesinformation.xsd</con:url><con:content><![CDATA[<!--edited with XMLSpy v2010 (http://www.altova.com) by Johan Schurgers (I8C)-->
<xs:schema targetNamespace="http://fsb.belgium.be/FourthWayServices/salesinformation" elementFormDefault="qualified" attributeFormDefault="unqualified" version="1.0" xmlns:xs="http://www.w3.org/2001/XMLSchema" xmlns:sfn="http://fsb.belgium.be/FourthWayServices/salesinformation" xmlns:dts="http://fsb.belgium.be/FourthWayServices/common/datatypes">
  <xs:import namespace="http://fsb.belgium.be/FourthWayServices/common/datatypes" schemaLocation="datatypes.xsd"/>
  <xs:complexType name="SalesInformationType">
    <xs:sequence>
      <xs:element name="saleDate" type="dts:OpenDateType">
        <xs:annotation>
          <xs:documentation>Date when the deed will be signed. Possibly only the month and year is known but not the precise day.</xs:documentation>
        </xs:annotation>
      </xs:element>
      <xs:element name="salePrice" type="dts:CurrencyAmountType">
        <xs:annotation>
          <xs:documentation>Earnings from the sale. In euro without eurosign.</xs:documentation>
        </xs:annotation>
      </xs:element>
    </xs:sequence>
  </xs:complexType>
  <xs:element name="salesInformations">
    <xs:annotation>
      <xs:documentation>Extra information about the sale. Only when this information is known at the time of the sale.</xs:documentation>
    </xs:annotation>
    <xs:complexType>
      <xs:sequence>
        <xs:element name="salesInformation" maxOccurs="unbounded">
          <xs:annotation>
            <xs:documentation>Information about the sale can be devided between several parties. Otherwise one reference is found</xs:documentation>
          </xs:annotation>
          <xs:complexType>
            <xs:complexContent>
              <xs:extension base="sfn:SalesInformationType">
                <xs:attribute name="salesInformationID" use="required">
                  <xs:annotation>
                    <xs:documentation>Used to reference several sales earnings to different parties. (ex 001)</xs:documentation>
                  </xs:annotation>
                </xs:attribute>
              </xs:extension>
            </xs:complexContent>
          </xs:complexType>
        </xs:element>
      </xs:sequence>
    </xs:complexType>
  </xs:element>
</xs:schema>]]></con:content><con:type>http://www.w3.org/2001/XMLSchema</con:type></con:part><con:part><con:url>file:/home/isr/git/parent/fourthwaydebtservice/FourthWayDebtServiceGateway/src/main/resources/wsdl/fourthWayDebtService/1.0.0/XMLSchema/immovablegoodtransaction.xsd</con:url><con:content><![CDATA[<!--edited with XMLSpy v2010 (http://www.altova.com) by Johan Schurgers (I8C)-->
<xs:schema targetNamespace="http://fsb.belgium.be/FourthWayServices/immovablegoodtransaction" elementFormDefault="qualified" attributeFormDefault="unqualified" version="1.0" xmlns:xs="http://www.w3.org/2001/XMLSchema" xmlns:dbtsi="http://fsb.belgium.be/FourthWayServices/debtinquiry" xmlns:immotrans="http://fsb.belgium.be/FourthWayServices/immovablegoodtransaction" xmlns:gdn="http://fsb.belgium.be/FourthWayServices/gooddescription" xmlns:sfn="http://fsb.belgium.be/FourthWayServices/salesinformation">
  <xs:import namespace="http://fsb.belgium.be/FourthWayServices/debtinquiry" schemaLocation="debtinquiry.xsd"/>
  <xs:import namespace="http://fsb.belgium.be/FourthWayServices/salesinformation" schemaLocation="salesinformation.xsd"/>
  <xs:import namespace="http://fsb.belgium.be/FourthWayServices/gooddescription" schemaLocation="gooddescription.xsd"/>
  <xs:element name="immovableGoodTransaction" type="immotrans:ImmovableGoodTransactionType" substitutionGroup="dbtsi:transactionInformation"/>
  <xs:complexType name="ImmovableGoodTransactionType">
    <xs:complexContent>
      <xs:extension base="dbtsi:TransactionInformationType">
        <xs:sequence>
          <xs:element ref="gdn:goodDescription"/>
        </xs:sequence>
      </xs:extension>
    </xs:complexContent>
  </xs:complexType>
</xs:schema>]]></con:content><con:type>http://www.w3.org/2001/XMLSchema</con:type></con:part><con:part><con:url>file:/home/isr/git/parent/fourthwaydebtservice/FourthWayDebtServiceGateway/src/main/resources/wsdl/fourthWayDebtService/1.0.0/XMLSchema/gooddescription.xsd</con:url><con:content><![CDATA[<!--edited with XMLSpy v2010 (http://www.altova.com) by Johan Schurgers (I8C)-->
<xs:schema targetNamespace="http://fsb.belgium.be/FourthWayServices/gooddescription" elementFormDefault="qualified" attributeFormDefault="unqualified" version="1.0" xmlns:xs="http://www.w3.org/2001/XMLSchema" xmlns:gdn="http://fsb.belgium.be/FourthWayServices/gooddescription" xmlns:dts="http://fsb.belgium.be/FourthWayServices/common/datatypes" xmlns:propn="http://fsb.belgium.be/FourthWayServices/propertyinformation" xmlns:shpn="http://fsb.belgium.be/FourthWayServices/shipinformation" xmlns:natper="http://fsb.belgium.be/FourthWayServices/naturalperson" xmlns:nnr="http://fsb.belgium.be/FourthWayServices/nonresident">
  <xs:import namespace="http://fsb.belgium.be/FourthWayServices/common/datatypes" schemaLocation="datatypes.xsd"/>
  <xs:import namespace="http://fsb.belgium.be/FourthWayServices/shipinformation" schemaLocation="shipinformation.xsd"/>
  <xs:import namespace="http://fsb.belgium.be/FourthWayServices/propertyinformation" schemaLocation="propertyinformation.xsd"/>
  <xs:import namespace="http://fsb.belgium.be/FourthWayServices/naturalperson" schemaLocation="naturalperson.xsd"/>
  <xs:import namespace="http://fsb.belgium.be/FourthWayServices/nonresident" schemaLocation="nonresident.xsd"/>
  <xs:element name="goodDescription">
    <xs:annotation>
      <xs:documentation>Description of the goods in the transaction. All goods should be identified.</xs:documentation>
    </xs:annotation>
    <xs:complexType>
      <xs:sequence>
        <xs:element name="good" maxOccurs="unbounded">
          <xs:annotation>
            <xs:documentation>Several goods are possible in a transaction. Even when there is only one good involved a number should be given to the good.</xs:documentation>
          </xs:annotation>
          <xs:complexType>
            <xs:sequence>
              <xs:element name="priceEstimation" type="dts:CurrencyAmountType" minOccurs="0">
                <xs:annotation>
                  <xs:documentation>Estimated price of the good in euro without the euro sign. All amounts should be given in EURO</xs:documentation>
                </xs:annotation>
              </xs:element>
              <xs:element name="mortgageSituation" type="xs:string" minOccurs="0">
                <xs:annotation>
                  <xs:documentation>Are there current mortgages on the good that will be sold.</xs:documentation>
                </xs:annotation>
              </xs:element>
              <xs:element name="acquisitionDate" type="dts:OpenDateType" minOccurs="0">
                <xs:annotation>
                  <xs:documentation>When was the good bought. When the date is not clear a nearby estimate is required. When the data is done by conversion the date can be found in the field acquisition mode</xs:documentation>
                </xs:annotation>
              </xs:element>
              <xs:element name="acquisitionMode" type="xs:string" minOccurs="0">
                <xs:annotation>
                  <xs:documentation>How was the good accuired? Inherited, bought, ... When the data is done by conversion the acquistion mode will be combined with the acquisition date</xs:documentation>
                </xs:annotation>
              </xs:element>
              <xs:element name="inheritedFrom" type="natper:NaturalPersonType" minOccurs="0">
                <xs:annotation>
                  <xs:documentation>When the acquisition mode is inheritance, the description of the person who the property was inherited from is needed.</xs:documentation>
                </xs:annotation>
              </xs:element>
              <xs:element ref="nnr:nonResident" minOccurs="0"/>
              <xs:choice>
                <xs:element ref="propn:propertyInformation"/>
                <xs:element ref="shpn:shipInformation"/>
              </xs:choice>
            </xs:sequence>
            <xs:attribute name="goodNumber" type="xs:string" use="required">
              <xs:annotation>
                <xs:documentation>Number of the good. This number will be used to link the good to a specific party, or in following messages. The form that is used: 001, 002, 003</xs:documentation>
              </xs:annotation>
            </xs:attribute>
          </xs:complexType>
        </xs:element>
      </xs:sequence>
    </xs:complexType>
  </xs:element>
</xs:schema>]]></con:content><con:type>http://www.w3.org/2001/XMLSchema</con:type></con:part><con:part><con:url>file:/home/isr/git/parent/fourthwaydebtservice/FourthWayDebtServiceGateway/src/main/resources/wsdl/fourthWayDebtService/1.0.0/XMLSchema/shipinformation.xsd</con:url><con:content><![CDATA[<!--edited with XMLSpy v2010 (http://www.altova.com) by Johan Schurgers (I8C)-->
<xs:schema targetNamespace="http://fsb.belgium.be/FourthWayServices/shipinformation" elementFormDefault="qualified" attributeFormDefault="unqualified" version="1.0" xmlns:xs="http://www.w3.org/2001/XMLSchema" xmlns:shpn="http://fsb.belgium.be/FourthWayServices/shipinformation" xmlns:addn="http://fsb.belgium.be/FourthWayServices/common/addressinformation" xmlns:dts="http://fsb.belgium.be/FourthWayServices/common/datatypes">
  <xs:import namespace="http://fsb.belgium.be/FourthWayServices/common/addressinformation" schemaLocation="addressinformation.xsd"/>
  <xs:import namespace="http://fsb.belgium.be/FourthWayServices/common/datatypes" schemaLocation="datatypes.xsd"/>
  <xs:complexType name="ShipInformationType">
    <xs:sequence>
      <xs:element name="name" type="xs:string" nillable="false">
        <xs:annotation>
          <xs:documentation>Official name of the ship</xs:documentation>
        </xs:annotation>
      </xs:element>
      <xs:element name="placeOfConstruction" type="xs:string" nillable="false">
        <xs:annotation>
          <xs:documentation>Where was the ship build according to offical records</xs:documentation>
        </xs:annotation>
      </xs:element>
      <xs:element name="dateOfConstruction" type="dts:OpenDateType">
        <xs:annotation>
          <xs:documentation>Date of construction of the ship. When the exact date can not be found the estimate is needed.</xs:documentation>
        </xs:annotation>
      </xs:element>
      <xs:element name="dimensions" type="xs:string" nillable="false">
        <xs:annotation>
          <xs:documentation>Dimensions of the ship with the dimension descriptor included.</xs:documentation>
        </xs:annotation>
      </xs:element>
      <xs:element name="weight" type="xs:string" nillable="false">
        <xs:annotation>
          <xs:documentation>Weight of the ship with the kg or ton annotation included</xs:documentation>
        </xs:annotation>
      </xs:element>
      <xs:element name="engine" type="xs:string" nillable="false">
        <xs:annotation>
          <xs:documentation>Engine description of the ship</xs:documentation>
        </xs:annotation>
      </xs:element>
      <xs:element name="numberOfMortgages" type="xs:int" nillable="false">
        <xs:annotation>
          <xs:documentation>Open mortgages on the ship at the time of the inquiry</xs:documentation>
        </xs:annotation>
      </xs:element>
    </xs:sequence>
  </xs:complexType>
  <xs:element name="shipInformation" type="shpn:ShipInformationType">
    <xs:annotation>
      <xs:documentation>Realestate information about a ship. As found in the official documentation of the ship.</xs:documentation>
    </xs:annotation>
  </xs:element>
</xs:schema>]]></con:content><con:type>http://www.w3.org/2001/XMLSchema</con:type></con:part><con:part><con:url>file:/home/isr/git/parent/fourthwaydebtservice/FourthWayDebtServiceGateway/src/main/resources/wsdl/fourthWayDebtService/1.0.0/XMLSchema/propertyinformation.xsd</con:url><con:content><![CDATA[<!--edited with XMLSpy v2010 (http://www.altova.com) by Johan Schurgers (I8C)-->
<xs:schema targetNamespace="http://fsb.belgium.be/FourthWayServices/propertyinformation" elementFormDefault="qualified" attributeFormDefault="unqualified" version="1.0" xmlns:xs="http://www.w3.org/2001/XMLSchema" xmlns:propn="http://fsb.belgium.be/FourthWayServices/propertyinformation" xmlns:addn="http://fsb.belgium.be/FourthWayServices/common/addressinformation">
  <xs:import namespace="http://fsb.belgium.be/FourthWayServices/common/addressinformation" schemaLocation="addressinformation.xsd"/>
  <xs:complexType name="PropertyInformationType">
    <xs:sequence>
      <xs:element name="propertyType" type="xs:string" nillable="false">
        <xs:annotation>
          <xs:documentation>Type or property like house, appartment, studio, ...</xs:documentation>
        </xs:annotation>
      </xs:element>
      <xs:element name="propertyDescription" type="xs:string" nillable="false" minOccurs="0">
        <xs:annotation>
          <xs:documentation>Extra descriptive information about the property that is not included in the address. ex. 3rd appartment in 2nd tower.</xs:documentation>
        </xs:annotation>
      </xs:element>
      <xs:element ref="addn:address"/>
      <xs:element ref="addn:divisionInformation"/>
    </xs:sequence>
  </xs:complexType>
  <xs:element name="propertyInformation" type="propn:PropertyInformationType">
    <xs:annotation>
      <xs:documentation>Description of an realestate property. Not used to describe ships.</xs:documentation>
    </xs:annotation>
  </xs:element>
</xs:schema>]]></con:content><con:type>http://www.w3.org/2001/XMLSchema</con:type></con:part><con:part><con:url>file:/home/isr/git/parent/fourthwaydebtservice/FourthWayDebtServiceGateway/src/main/resources/wsdl/fourthWayDebtService/1.0.0/XMLSchema/nonresident.xsd</con:url><con:content><![CDATA[<!--edited with XMLSpy v2010 (http://www.altova.com) by Johan Schurgers (I8C)-->
<xs:schema targetNamespace="http://fsb.belgium.be/FourthWayServices/nonresident" elementFormDefault="qualified" attributeFormDefault="unqualified" version="1.0" xmlns:xs="http://www.w3.org/2001/XMLSchema" xmlns:nnr="http://fsb.belgium.be/FourthWayServices/nonresident" xmlns:dts="http://fsb.belgium.be/FourthWayServices/common/datatypes" xmlns:con="http://fsb.belgium.be/FourthWayServices/contact">
  <xs:import namespace="http://fsb.belgium.be/FourthWayServices/contact" schemaLocation="contact.xsd"/>
  <xs:import namespace="http://fsb.belgium.be/FourthWayServices/common/datatypes" schemaLocation="datatypes.xsd"/>
  <xs:complexType name="NonResidentType">
    <xs:sequence>
      <xs:element name="acquisitionDate" type="xs:date"/>
      <xs:element name="investementAmount" type="dts:CurrencyAmountType"/>
      <xs:element name="transferDate" type="xs:date"/>
      <xs:element name="transferPrice" type="dts:CurrencyAmountType"/>
      <xs:element name="transferExpenses" type="dts:CurrencyAmountType"/>
      <xs:element name="contactData" type="con:ContactPersonType" minOccurs="0"/>
    </xs:sequence>
  </xs:complexType>
  <xs:element name="nonResident" type="nnr:NonResidentType">
    <xs:annotation>
      <xs:documentation>Some transactions require more information about foreigners</xs:documentation>
    </xs:annotation>
  </xs:element>
</xs:schema>]]></con:content><con:type>http://www.w3.org/2001/XMLSchema</con:type></con:part><con:part><con:url>file:/home/isr/git/parent/fourthwaydebtservice/FourthWayDebtServiceGateway/src/main/resources/wsdl/fourthWayDebtService/1.0.0/XMLSchema/honorbaseddeclarations.xsd</con:url><con:content><![CDATA[<!--edited with XMLSpy v2010 (http://www.altova.com) by Johan Schurgers (I8C)-->
<xs:schema targetNamespace="http://fsb.belgium.be/FourthWayServices/honorbaseddeclarations" elementFormDefault="qualified" attributeFormDefault="unqualified" version="1.0" xmlns:xs="http://www.w3.org/2001/XMLSchema" xmlns:hbd="http://fsb.belgium.be/FourthWayServices/honorbaseddeclarations">
  <xs:complexType name="HonorBasedDeclarationsType">
    <xs:sequence>
      <xs:element name="subjectedToVAT" type="xs:boolean" nillable="false">
        <xs:annotation>
          <xs:documentation>Is the party subjected to the VAT. No when not VATnumber when the party must pay VAT.</xs:documentation>
        </xs:annotation>
      </xs:element>
      <xs:element name="occasionalConstructor" type="xs:boolean" nillable="false" minOccurs="0"/>
      <xs:element name="legalResponsible" type="xs:string" nillable="false" minOccurs="0"/>
      <xs:element name="temporaryAssociations" type="xs:string" nillable="false" minOccurs="0"/>
      <xs:element name="vatUnit" type="xs:string" nillable="false" minOccurs="0"/>
    </xs:sequence>
  </xs:complexType>
  <xs:element name="honorBasedDeclarations">
    <xs:annotation>
      <xs:documentation>La déclaration implicite sur l'honneur
/ De impliciete verklaring op erewoord Information the notary has obtained by asking the party for this information.
This is information that is not checked in legal sources. The party has to be trusted to give the correct information.</xs:documentation>
    </xs:annotation>
    <xs:complexType>
      <xs:sequence>
        <xs:element name="honorBasedDeclaration" maxOccurs="unbounded">
          <xs:complexType>
            <xs:complexContent>
              <xs:extension base="hbd:HonorBasedDeclarationsType">
                <xs:attribute name="partyLink" use="required">
                  <xs:annotation>
                    <xs:documentation>ID of the party these declarations are linked to.</xs:documentation>
                  </xs:annotation>
                </xs:attribute>
              </xs:extension>
            </xs:complexContent>
          </xs:complexType>
        </xs:element>
      </xs:sequence>
    </xs:complexType>
  </xs:element>
</xs:schema>]]></con:content><con:type>http://www.w3.org/2001/XMLSchema</con:type></con:part><con:part><con:url>file:/home/isr/git/parent/fourthwaydebtservice/FourthWayDebtServiceGateway/src/main/resources/wsdl/fourthWayDebtService/1.0.0/XMLSchema/technical.xsd</con:url><con:content><![CDATA[<!--edited with XMLSpy v2010 (http://www.altova.com) by Johan Schurgers (I8C)-->
<xs:schema targetNamespace="http://fsb.belgium.be/FourthWayServices/technical" elementFormDefault="qualified" attributeFormDefault="unqualified" version="1.0" xmlns:xs="http://www.w3.org/2001/XMLSchema" xmlns:tech="http://fsb.belgium.be/FourthWayServices/technical" xmlns:ds="http://www.w3.org/2000/09/xmldsig#">
  <xs:import namespace="http://www.w3.org/2000/09/xmldsig#" schemaLocation="xmldsig-core-schema.xsd"/>
  <xs:element name="technical" type="tech:TechnicalType">
    <xs:annotation>
      <xs:documentation>All supporting objects about the business message are placed in techincal. Signatures, encryption, ...</xs:documentation>
    </xs:annotation>
  </xs:element>
  <xs:complexType name="TechnicalType">
    <xs:sequence>
      <xs:element ref="ds:Signature"/>
    </xs:sequence>
  </xs:complexType>
</xs:schema>]]></con:content><con:type>http://www.w3.org/2001/XMLSchema</con:type></con:part><con:part><con:url>file:/home/isr/git/parent/fourthwaydebtservice/FourthWayDebtServiceGateway/src/main/resources/wsdl/fourthWayDebtService/1.0.0/XMLSchema/xmldsig-core-schema.xsd</con:url><con:content><![CDATA[<schema targetNamespace="http://www.w3.org/2000/09/xmldsig#" version="1.0.5" elementFormDefault="qualified" xmlns="http://www.w3.org/2001/XMLSchema" xmlns:ds="http://www.w3.org/2000/09/xmldsig#">
  <!--adapted for Fedict version 1.0.5-->
  <!--Basic Types Defined for Signatures-->
  <simpleType name="CryptoBinary">
    <restriction base="base64Binary"></restriction>
  </simpleType>
  <!--Start Signature-->
  <element name="Signature" type="ds:SignatureType"/>
  <complexType name="SignatureType">
    <sequence>
      <element ref="ds:SignedInfo"/>
      <element ref="ds:SignatureValue"/>
      <element ref="ds:KeyInfo" minOccurs="0"/>
      <element ref="ds:Object" minOccurs="0" maxOccurs="unbounded"/>
    </sequence>
    <attribute name="Id" type="ID" use="optional"/>
  </complexType>
  <element name="SignatureValue" type="ds:SignatureValueType"/>
  <complexType name="SignatureValueType">
    <simpleContent>
      <extension base="base64Binary">
        <attribute name="Id" type="ID" use="optional"/>
      </extension>
    </simpleContent>
  </complexType>
  <!--Start SignedInfo-->
  <element name="SignedInfo" type="ds:SignedInfoType"/>
  <complexType name="SignedInfoType">
    <sequence>
      <element ref="ds:CanonicalizationMethod"/>
      <element ref="ds:SignatureMethod"/>
      <element ref="ds:Reference" maxOccurs="unbounded"/>
    </sequence>
    <attribute name="Id" type="ID" use="optional"/>
  </complexType>
  <element name="CanonicalizationMethod" type="ds:CanonicalizationMethodType"/>
  <complexType name="CanonicalizationMethodType" mixed="true">
    <sequence>
      <any namespace="##any" minOccurs="0" maxOccurs="unbounded"/>
      <!--(0,unbounded) elements from (1,1) namespace-->
    </sequence>
    <attribute name="Algorithm" type="anyURI" use="required"/>
  </complexType>
  <element name="SignatureMethod" type="ds:SignatureMethodType"/>
  <complexType name="SignatureMethodType" mixed="true">
    <sequence>
      <element name="HMACOutputLength" minOccurs="0" type="ds:HMACOutputLengthType"/>
      <any namespace="##other" minOccurs="0" maxOccurs="unbounded"/>
      <!--(0,unbounded) elements from (1,1) external namespace-->
    </sequence>
    <attribute name="Algorithm" type="anyURI" use="required"/>
  </complexType>
  <!--Start Reference-->
  <element name="Reference" type="ds:ReferenceType"/>
  <complexType name="ReferenceType">
    <sequence>
      <element ref="ds:Transforms" minOccurs="0"/>
      <element ref="ds:DigestMethod"/>
      <element ref="ds:DigestValue"/>
    </sequence>
    <attribute name="Id" type="ID" use="optional"/>
    <attribute name="URI" type="anyURI" use="optional"/>
    <attribute name="Type" type="anyURI" use="optional"/>
  </complexType>
  <element name="Transforms" type="ds:TransformsType"/>
  <complexType name="TransformsType">
    <sequence>
      <element ref="ds:Transform" maxOccurs="unbounded"/>
    </sequence>
  </complexType>
  <element name="Transform" type="ds:TransformType"/>
  <complexType name="TransformType" mixed="true">
    <choice minOccurs="0" maxOccurs="unbounded">
      <any namespace="##other" processContents="lax"/>
      <!--(1,1) elements from (0,unbounded) namespaces-->
      <element name="XPath" type="string"/>
    </choice>
    <attribute name="Algorithm" type="anyURI" use="required"/>
  </complexType>
  <!--End Reference-->
  <element name="DigestMethod" type="ds:DigestMethodType"/>
  <complexType name="DigestMethodType" mixed="true">
    <sequence>
      <any namespace="##other" processContents="lax" minOccurs="0" maxOccurs="unbounded"/>
    </sequence>
    <attribute name="Algorithm" type="anyURI" use="required"/>
  </complexType>
  <element name="DigestValue" type="ds:DigestValueType"/>
  <simpleType name="DigestValueType">
    <restriction base="base64Binary"/>
  </simpleType>
  <!--End SignedInfo-->
  <!--Start KeyInfo-->
  <element name="KeyInfo" type="ds:KeyInfoType"/>
  <complexType name="KeyInfoType" mixed="true">
    <choice maxOccurs="unbounded">
      <element ref="ds:KeyName"/>
      <element ref="ds:KeyValue"/>
      <element ref="ds:RetrievalMethod"/>
      <element ref="ds:X509Data"/>
      <element ref="ds:PGPData"/>
      <element ref="ds:SPKIData"/>
      <element ref="ds:MgmtData"/>
      <any processContents="lax" namespace="##other"/>
      <!--(1,1) elements from (0,unbounded) namespaces-->
    </choice>
    <attribute name="Id" type="ID" use="optional"/>
  </complexType>
  <element name="KeyName" type="string"/>
  <element name="MgmtData" type="string"/>
  <element name="KeyValue" type="ds:KeyValueType"/>
  <complexType name="KeyValueType" mixed="true">
    <choice>
      <element ref="ds:DSAKeyValue"/>
      <element ref="ds:RSAKeyValue"/>
      <any namespace="##other" processContents="lax"/>
    </choice>
  </complexType>
  <element name="RetrievalMethod" type="ds:RetrievalMethodType"/>
  <complexType name="RetrievalMethodType">
    <sequence>
      <element ref="ds:Transforms" minOccurs="0"/>
    </sequence>
    <attribute name="URI" type="anyURI"/>
    <attribute name="Type" type="anyURI" use="optional"/>
  </complexType>
  <!--Start X509Data-->
  <element name="X509Data" type="ds:X509DataType"/>
  <complexType name="X509DataType">
    <sequence maxOccurs="unbounded">
      <choice>
        <element name="X509IssuerSerial" type="ds:X509IssuerSerialType"/>
        <element name="X509SKI" type="base64Binary"/>
        <element name="X509SubjectName" type="string"/>
        <element name="X509Certificate" type="base64Binary"/>
        <element name="X509CRL" type="base64Binary"/>
        <any namespace="##other" processContents="lax"/>
      </choice>
    </sequence>
  </complexType>
  <complexType name="X509IssuerSerialType">
    <sequence>
      <element name="X509IssuerName" type="string"/>
      <element name="X509SerialNumber" type="integer"/>
    </sequence>
  </complexType>
  <!--End X509Data-->
  <!--Begin PGPData-->
  <element name="PGPData" type="ds:PGPDataType"/>
  <complexType name="PGPDataType">
    <choice>
      <sequence>
        <element name="PGPKeyID" type="base64Binary"/>
        <element name="PGPKeyPacket" type="base64Binary" minOccurs="0"/>
        <any namespace="##other" processContents="lax" minOccurs="0" maxOccurs="unbounded"/>
      </sequence>
      <sequence>
        <element name="PGPKeyPacket" type="base64Binary"/>
        <any namespace="##other" processContents="lax" minOccurs="0" maxOccurs="unbounded"/>
      </sequence>
    </choice>
  </complexType>
  <!--End PGPData-->
  <!--Begin SPKIData-->
  <element name="SPKIData" type="ds:SPKIDataType"/>
  <complexType name="SPKIDataType">
    <sequence maxOccurs="unbounded">
      <element name="SPKISexp" type="base64Binary"/>
      <any namespace="##other" processContents="lax" minOccurs="0"/>
    </sequence>
  </complexType>
  <!--End SPKIData-->
  <!--End KeyInfo-->
  <!--Start Object (Manifest, SignatureProperty)-->
  <element name="Object" type="ds:ObjectType"/>
  <complexType name="ObjectType" mixed="true">
    <sequence minOccurs="0" maxOccurs="unbounded">
      <any namespace="##any" processContents="lax"/>
    </sequence>
    <attribute name="Id" type="ID" use="optional"/>
    <attribute name="MimeType" type="string" use="optional"/>
    <!--add a grep facet-->
    <attribute name="Encoding" type="anyURI" use="optional"/>
  </complexType>
  <element name="Manifest" type="ds:ManifestType"/>
  <complexType name="ManifestType">
    <sequence>
      <element ref="ds:Reference" maxOccurs="unbounded"/>
    </sequence>
    <attribute name="Id" type="ID" use="optional"/>
  </complexType>
  <element name="SignatureProperties" type="ds:SignaturePropertiesType"/>
  <complexType name="SignaturePropertiesType">
    <sequence>
      <element ref="ds:SignatureProperty" maxOccurs="unbounded"/>
    </sequence>
    <attribute name="Id" type="ID" use="optional"/>
  </complexType>
  <element name="SignatureProperty" type="ds:SignaturePropertyType"/>
  <complexType name="SignaturePropertyType" mixed="true">
    <choice maxOccurs="unbounded">
      <any namespace="##other" processContents="lax"/>
      <!--(1,1) elements from (1,unbounded) namespaces-->
    </choice>
    <attribute name="Target" type="anyURI" use="required"/>
    <attribute name="Id" type="ID" use="optional"/>
  </complexType>
  <!--End Object (Manifest, SignatureProperty)-->
  <!--Start Algorithm Parameters-->
  <simpleType name="HMACOutputLengthType">
    <restriction base="integer"/>
  </simpleType>
  <!--Start KeyValue Element-types-->
  <element name="DSAKeyValue" type="ds:DSAKeyValueType"/>
  <complexType name="DSAKeyValueType">
    <sequence>
      <sequence minOccurs="0">
        <element name="P" type="ds:CryptoBinary"/>
        <element name="Q" type="ds:CryptoBinary"/>
      </sequence>
      <element name="G" type="ds:CryptoBinary" minOccurs="0"/>
      <element name="Y" type="ds:CryptoBinary"/>
      <element name="J" type="ds:CryptoBinary" minOccurs="0"/>
      <sequence minOccurs="0">
        <element name="Seed" type="ds:CryptoBinary"/>
        <element name="PgenCounter" type="ds:CryptoBinary"/>
      </sequence>
    </sequence>
  </complexType>
  <element name="RSAKeyValue" type="ds:RSAKeyValueType"/>
  <complexType name="RSAKeyValueType">
    <sequence>
      <element name="Modulus" type="ds:CryptoBinary"/>
      <element name="Exponent" type="ds:CryptoBinary"/>
    </sequence>
  </complexType>
  <!--End KeyValue Element-types-->
  <!--End Signature-->
</schema>]]></con:content><con:type>http://www.w3.org/2001/XMLSchema</con:type></con:part><con:part><con:url>file:/home/isr/git/parent/fourthwaydebtservice/FourthWayDebtServiceGateway/src/main/resources/wsdl/fourthWayDebtService/1.0.0/XMLSchema/debtdeficitnotification.xsd</con:url><con:content><![CDATA[<!--edited with XMLSpy v2010 (http://www.altova.com) by Johan Schurgers (I8C)-->
<xs:schema targetNamespace="http://fsb.belgium.be/FourthWayServices/debtdeficitnotification" elementFormDefault="qualified" attributeFormDefault="unqualified" version="1.0.3" xmlns:xs="http://www.w3.org/2001/XMLSchema" xmlns:ddn="http://fsb.belgium.be/FourthWayServices/debtdeficitnotification" xmlns:cin="http://fsb.belgium.be/FourthWayServices/generalcaseinformation" xmlns:frmsg="http://fsb.belgium.be/FourthWayServices/fourthwaymessage" xmlns:difca="http://fsb.belgium.be/FourthWayServices/deficitcaseinformation" xmlns:tech="http://fsb.belgium.be/FourthWayServices/technical">
  <xs:import namespace="http://fsb.belgium.be/FourthWayServices/generalcaseinformation" schemaLocation="generalcaseinformation.xsd"/>
  <xs:import namespace="http://fsb.belgium.be/FourthWayServices/deficitcaseinformation" schemaLocation="deficitcaseinformation.xsd"/>
  <xs:import namespace="http://fsb.belgium.be/FourthWayServices/fourthwaymessage" schemaLocation="fourthwaymessage.xsd"/>
  <xs:import namespace="http://fsb.belgium.be/FourthWayServices/technical" schemaLocation="technical.xsd"/>
  <xs:element name="debtDeficitNotification" substitutionGroup="frmsg:fourthWayMessage">
    <xs:annotation>
      <xs:documentation>When the earnings of a transaction are not sufficient to cover the debts notified. All creditors have to be notified.</xs:documentation>
    </xs:annotation>
    <xs:complexType>
      <xs:complexContent>
        <xs:extension base="ddn:DebtDeficitNotificationType">
          <xs:sequence>
            <xs:element ref="tech:technical" minOccurs="0"/>
          </xs:sequence>
        </xs:extension>
      </xs:complexContent>
    </xs:complexType>
  </xs:element>
  <xs:complexType name="DebtDeficitNotificationType">
    <xs:complexContent>
      <xs:extension base="frmsg:FourthWayMessageType">
        <xs:sequence>
          <xs:element ref="cin:generalCaseInformation"/>
          <xs:element ref="difca:deficitCaseInformation"/>
        </xs:sequence>
      </xs:extension>
    </xs:complexContent>
  </xs:complexType>
</xs:schema>]]></con:content><con:type>http://www.w3.org/2001/XMLSchema</con:type></con:part><con:part><con:url>file:/home/isr/git/parent/fourthwaydebtservice/FourthWayDebtServiceGateway/src/main/resources/wsdl/fourthWayDebtService/1.0.0/XMLSchema/deficitcaseinformation.xsd</con:url><con:content><![CDATA[<!--edited with XMLSpy v2010 (http://www.altova.com) by Johan Schurgers (I8C)-->
<xs:schema targetNamespace="http://fsb.belgium.be/FourthWayServices/deficitcaseinformation" elementFormDefault="qualified" attributeFormDefault="unqualified" version="1.0" xmlns:xs="http://www.w3.org/2001/XMLSchema" xmlns:difca="http://fsb.belgium.be/FourthWayServices/deficitcaseinformation" xmlns:mortgo="http://fsb.belgium.be/FourthWayServices/mortgagegoods" xmlns:pardes="http://fsb.belgium.be/FourthWayServices/partnerdescription" xmlns:pty="http://fsb.belgium.be/FourthWayServices/party" xmlns:dts="http://fsb.belgium.be/FourthWayServices/common/datatypes">
  <xs:import namespace="http://fsb.belgium.be/FourthWayServices/common/datatypes" schemaLocation="datatypes.xsd"/>
  <xs:import namespace="http://fsb.belgium.be/FourthWayServices/partnerdescription" schemaLocation="partnerdescription.xsd"/>
  <xs:import namespace="http://fsb.belgium.be/FourthWayServices/mortgagegoods" schemaLocation="mortgagegoods.xsd"/>
  <xs:import namespace="http://fsb.belgium.be/FourthWayServices/party" schemaLocation="party.xsd"/>
  <xs:element name="deficitCaseInformation" type="difca:DeficitCaseInformationType"/>
  <xs:complexType name="DeficitCaseInformationType">
    <xs:sequence>
      <xs:element ref="mortgo:mortgageGoods" minOccurs="0"/>
      <xs:element name="deficitParty">
        <xs:annotation>
          <xs:documentation>Identification of the party who is subject of the deficit in the message</xs:documentation>
        </xs:annotation>
        <xs:complexType>
          <xs:sequence>
            <xs:element ref="pty:party"/>
          </xs:sequence>
        </xs:complexType>
      </xs:element>
      <xs:element ref="pardes:creditors"/>
      <xs:element name="notificationReference">
        <xs:annotation>
          <xs:documentation>Reference to the debt notification</xs:documentation>
        </xs:annotation>
        <xs:complexType>
          <xs:sequence>
            <xs:element name="notificationNumber" type="xs:string">
              <xs:annotation>
                <xs:documentation>Number of the notification</xs:documentation>
              </xs:annotation>
            </xs:element>
            <xs:element name="notificationDate" type="xs:date">
              <xs:annotation>
                <xs:documentation>Date of the notification as found in the message.</xs:documentation>
              </xs:annotation>
            </xs:element>
          </xs:sequence>
        </xs:complexType>
      </xs:element>
      <xs:element name="deed" minOccurs="0">
        <xs:annotation>
          <xs:documentation>Information concerning the deed.</xs:documentation>
        </xs:annotation>
        <xs:complexType>
          <xs:sequence>
            <xs:element name="deedDate" type="xs:date">
              <xs:annotation>
                <xs:documentation>Date the deed was signed or registrered</xs:documentation>
              </xs:annotation>
            </xs:element>
            <xs:element name="deedEarnings">
              <xs:annotation>
                <xs:documentation>Earnings generated by the deed.</xs:documentation>
              </xs:annotation>
              <xs:complexType>
                <xs:sequence>
                  <xs:element name="detainedAmount" type="dts:CurrencyAmountType"/>
                  <xs:element name="deedAmount" type="dts:CurrencyAmountType"/>
                </xs:sequence>
              </xs:complexType>
            </xs:element>
          </xs:sequence>
        </xs:complexType>
      </xs:element>
      <xs:element name="partnerCommunication" type="xs:string" minOccurs="0">
        <xs:annotation>
          <xs:documentation>Comments meant for the destination of the message. Every creditor will receive a specific message</xs:documentation>
        </xs:annotation>
      </xs:element>
    </xs:sequence>
  </xs:complexType>
  <xs:annotation>
    <xs:documentation>General case information is extra information that is generic for several transactions.</xs:documentation>
  </xs:annotation>
</xs:schema>]]></con:content><con:type>http://www.w3.org/2001/XMLSchema</con:type></con:part><con:part><con:url>file:/home/isr/git/parent/fourthwaydebtservice/FourthWayDebtServiceGateway/src/main/resources/wsdl/fourthWayDebtService/1.0.0/XMLSchema/partnerdescription.xsd</con:url><con:content><![CDATA[<!--edited with XMLSpy v2010 (http://www.altova.com) by Johan Schurgers (I8C)-->
<xs:schema targetNamespace="http://fsb.belgium.be/FourthWayServices/partnerdescription" elementFormDefault="qualified" attributeFormDefault="unqualified" version="1.0" xmlns:xs="http://www.w3.org/2001/XMLSchema" xmlns:pardes="http://fsb.belgium.be/FourthWayServices/partnerdescription" xmlns:pty="http://fsb.belgium.be/FourthWayServices/party">
  <xs:import namespace="http://fsb.belgium.be/FourthWayServices/party" schemaLocation="party.xsd"/>
  <xs:complexType name="PurchaserType">
    <xs:sequence>
      <xs:element name="parties">
        <xs:complexType>
          <xs:sequence>
            <xs:element ref="pty:party"/>
          </xs:sequence>
        </xs:complexType>
      </xs:element>
      <xs:element name="purchaserNumber" type="xs:string"/>
    </xs:sequence>
  </xs:complexType>
  <xs:complexType name="MortgageTakerType">
    <xs:sequence>
      <xs:element ref="pty:party"/>
    </xs:sequence>
  </xs:complexType>
  <xs:complexType name="CreditorDescriptionType">
    <xs:sequence>
      <xs:element ref="pty:party"/>
      <xs:element name="creditorAmount">
        <xs:annotation>
          <xs:documentation>Amount owed to the creditor</xs:documentation>
        </xs:annotation>
      </xs:element>
      <xs:element name="creditorDate">
        <xs:annotation>
          <xs:documentation>Date of calculation for the amount</xs:documentation>
        </xs:annotation>
      </xs:element>
    </xs:sequence>
  </xs:complexType>
  <xs:complexType name="PartnerDescriptionType"/>
  <xs:element name="creditorDescription" type="pardes:CreditorDescriptionType">
    <xs:annotation>
      <xs:documentation>Who is the creditor for the specific debt</xs:documentation>
    </xs:annotation>
  </xs:element>
  <xs:element name="mortgageTaker" type="pardes:MortgageTakerType"/>
  <xs:element name="purchaser" type="pardes:PurchaserType"/>
  <xs:element name="creditors">
    <xs:complexType>
      <xs:complexContent>
        <xs:extension base="pardes:PartnerDescriptionType">
          <xs:sequence>
            <xs:element name="registeredCreditors" minOccurs="0">
              <xs:complexType>
                <xs:sequence>
                  <xs:element ref="pardes:creditorDescription" maxOccurs="unbounded"/>
                  <xs:element name="totalAmount">
                    <xs:annotation>
                      <xs:documentation>Total amount owed to the registered creditors</xs:documentation>
                    </xs:annotation>
                  </xs:element>
                </xs:sequence>
              </xs:complexType>
            </xs:element>
            <xs:element name="opposingCreditors" minOccurs="0">
              <xs:complexType>
                <xs:sequence>
                  <xs:element ref="pardes:creditorDescription" maxOccurs="unbounded"/>
                  <xs:element name="totalAmount">
                    <xs:annotation>
                      <xs:documentation>Total amount owed to the opposing creditors</xs:documentation>
                    </xs:annotation>
                  </xs:element>
                </xs:sequence>
              </xs:complexType>
            </xs:element>
          </xs:sequence>
        </xs:extension>
      </xs:complexContent>
    </xs:complexType>
  </xs:element>
  <xs:annotation>
    <xs:documentation>General case information is extra information that is generic for several transactions.</xs:documentation>
  </xs:annotation>
</xs:schema>]]></con:content><con:type>http://www.w3.org/2001/XMLSchema</con:type></con:part><con:part><con:url>file:/home/isr/git/parent/fourthwaydebtservice/FourthWayDebtServiceGateway/src/main/resources/wsdl/fourthWayDebtService/1.0.0/XMLSchema/mortgagegoods.xsd</con:url><con:content><![CDATA[<!--edited with XMLSpy v2010 (http://www.altova.com) by Johan Schurgers (I8C)-->
<xs:schema targetNamespace="http://fsb.belgium.be/FourthWayServices/mortgagegoods" elementFormDefault="qualified" attributeFormDefault="unqualified" version="1.0" xmlns:xs="http://www.w3.org/2001/XMLSchema" xmlns:mortgo="http://fsb.belgium.be/FourthWayServices/mortgagegoods" xmlns:pty="http://fsb.belgium.be/FourthWayServices/party" xmlns:gdn="http://fsb.belgium.be/FourthWayServices/gooddescription" xmlns:shpn="http://fsb.belgium.be/FourthWayServices/shipinformation" xmlns:propn="http://fsb.belgium.be/FourthWayServices/propertyinformation">
  <xs:import namespace="http://fsb.belgium.be/FourthWayServices/party" schemaLocation="party.xsd"/>
  <xs:import namespace="http://fsb.belgium.be/FourthWayServices/propertyinformation" schemaLocation="propertyinformation.xsd"/>
  <xs:import namespace="http://fsb.belgium.be/FourthWayServices/shipinformation" schemaLocation="shipinformation.xsd"/>
  <xs:complexType name="MortgageGoodsType">
    <xs:sequence>
      <xs:element name="mortgageGood" maxOccurs="unbounded">
        <xs:complexType>
          <xs:sequence>
            <xs:element name="newOwners">
              <xs:annotation>
                <xs:documentation>New owners of the good.</xs:documentation>
              </xs:annotation>
              <xs:complexType>
                <xs:sequence>
                  <xs:element ref="pty:party" maxOccurs="unbounded"/>
                </xs:sequence>
              </xs:complexType>
            </xs:element>
            <xs:element name="mortgageGoodDescription">
              <xs:complexType>
                <xs:sequence>
                  <xs:element name="goodReference" maxOccurs="unbounded">
                    <xs:annotation>
                      <xs:documentation>Reference to debt inquiry id</xs:documentation>
                    </xs:annotation>
                    <xs:complexType>
                      <xs:attribute name="goodType"/>
                    </xs:complexType>
                  </xs:element>
                  <xs:choice>
                    <xs:element ref="propn:propertyInformation"/>
                    <xs:element ref="shpn:shipInformation"/>
                  </xs:choice>
                </xs:sequence>
              </xs:complexType>
            </xs:element>
          </xs:sequence>
        </xs:complexType>
      </xs:element>
    </xs:sequence>
  </xs:complexType>
  <xs:element name="mortgageGoods" type="mortgo:MortgageGoodsType"/>
  <xs:annotation>
    <xs:documentation>General case information is extra information that is generic for several transactions.</xs:documentation>
  </xs:annotation>
</xs:schema>]]></con:content><con:type>http://www.w3.org/2001/XMLSchema</con:type></con:part><con:part><con:url>file:/home/isr/git/parent/fourthwaydebtservice/FourthWayDebtServiceGateway/src/main/resources/wsdl/fourthWayDebtService/1.0.0/XMLSchema/technicalacknowledgement.xsd</con:url><con:content><![CDATA[<!--edited with XMLSpy v2010 (http://www.altova.com) by Johan Schurgers (I8C)-->
<xs:schema targetNamespace="http://fsb.belgium.be/FourthWayServices/technicalack" elementFormDefault="qualified" attributeFormDefault="unqualified" version="1.0.3" xmlns:xs="http://www.w3.org/2001/XMLSchema" xmlns:tecac="http://fsb.belgium.be/FourthWayServices/technicalack" xmlns:frmsg="http://fsb.belgium.be/FourthWayServices/fourthwaymessage">
  <xs:import namespace="http://fsb.belgium.be/FourthWayServices/fourthwaymessage" schemaLocation="fourthwaymessage.xsd"/>
  <xs:element name="technicalAcknowledgement" type="tecac:technicalAcknowledgementType" substitutionGroup="frmsg:fourthWayMessage">
    <xs:annotation>
      <xs:documentation>Every message has to be validated by the receiving party. When the business content validation is positif an acknowledgement has to be send.</xs:documentation>
    </xs:annotation>
  </xs:element>
  <xs:complexType name="technicalAcknowledgementType">
    <xs:complexContent>
      <xs:extension base="frmsg:FourthWayMessageType"></xs:extension>
    </xs:complexContent>
  </xs:complexType>
</xs:schema>]]></con:content><con:type>http://www.w3.org/2001/XMLSchema</con:type></con:part><con:part><con:url>file:/home/isr/git/parent/fourthwaydebtservice/FourthWayDebtServiceGateway/src/main/resources/wsdl/fourthWayDebtService/1.0.0/messages/faultTypes_v1.xsd</con:url><con:content><![CDATA[<xsd:schema version="1.0" xmlns:xsd="http://www.w3.org/2001/XMLSchema" xmlns:cmn="http://fidus.brussels/type/common/messages/v1" xmlns:env="http://schemas.xmlsoap.org/soap/envelope/">
  <xsd:import namespace="http://fidus.brussels/type/common/messages/v1" schemaLocation="baseMessageTypes_v1.xsd"/>
  <!--fault elements-->
  <xsd:element name="messageId" type="cmn:MessageIdType"/>
  <xsd:element name="transactionId" type="cmn:MessageIdType"/>
  <xsd:element name="timestamp" type="xsd:dateTime"/>
  <xsd:element name="error" type="errorType"/>
  <xsd:complexType name="errorType">
    <xsd:sequence>
      <xsd:element name="code" type="cmn:MessageIdType"/>
      <xsd:element name="description" type="xsd:string" minOccurs="0"/>
      <xsd:any namespace="http://schemas.xmlsoap.org/soap/envelope/" processContents="skip" minOccurs="0" maxOccurs="1"/>
    </xsd:sequence>
  </xsd:complexType>
</xsd:schema>]]></con:content><con:type>http://www.w3.org/2001/XMLSchema</con:type></con:part></con:definitionCache><con:endpoints><con:endpoint>https://192.168.36.61:8243/services/FourthWayDebtService_v1.0</con:endpoint><con:endpoint>https://192.168.36.75:8243/services/FourthWayDebtService_v1.0</con:endpoint></con:endpoints><con:operation id="9509c787-ef75-4ebb-9c60-6c9120dc5d3a" isOneWay="false" action="http://fidus.brussels/services/fourthwaydebtservice/businessError" name="businessError" bindingOperationName="businessError" type="Request-Response" inputName="" receivesAttachments="false" sendsAttachments="false" anonymous="optional"><con:settings/><con:call id="ac9fbd49-3031-4581-bfb1-5cad8c1cd91a" name="1 - Local - Request" outgoingWss="Outflow DEV" incomingWss="Inflow DEV"><con:settings><con:setting id="com.eviware.soapui.impl.wsdl.WsdlRequest@request-headers">&lt;xml-fragment/></con:setting></con:settings><con:encoding>UTF-8</con:encoding><con:endpoint>https://localhost:8243/services/FourthWayDebtService_v1.0</con:endpoint><con:request><![CDATA[<soapenv:Envelope xmlns:soapenv="http://schemas.xmlsoap.org/soap/envelope/" xmlns:v1="http://fidus.brussels/service/fourthwaydebtservice/messages/v1" xmlns:v11="http://fidus.brussels/type/common/messages/v1" xmlns:bus="http://fsb.belgium.be/FourthWayServices/businesserror" xmlns:err="http://fsb.belgium.be/FourthWayServices/error" xmlns:dat="http://fsb.belgium.be/FourthWayServices/common/datatypes">
   <soapenv:Header/>
   <soapenv:Body>
      <v1:businessErrorRequest>
         <v1:messageContext>
     	  <v11:messageId>${=import static java.util.UUID.randomUUID; uuid = randomUUID() as String}</v11:messageId>
            <v11:timestamp>${=new java.text.SimpleDateFormat("yyyy-MM-dd'T'HH:mm:ss.SSS").format(new Date())}</v11:timestamp>
         </v1:messageContext>
         <v1:legalContext>ServiceIntegrator</v1:legalContext>
         <v1:request>
   		<bus:businessError>
            <err:error>
               <err:code>VAL0005</err:code>
               <err:description>A validation error</err:description>
            </err:error>
            <bus:messageIdentification>
               <dat:origin>
                  <dat:origin>
                     <dat:partner>FRNB</dat:partner>
                     <dat:partnerCode codeType="KBO">0409357321</dat:partnerCode>
                  </dat:origin>
               </dat:origin>
            </bus:messageIdentification>
         </bus:businessError>
         </v1:request>
      </v1:businessErrorRequest>
   </soapenv:Body>
</soapenv:Envelope>]]></con:request><con:credentials><con:selectedAuthProfile>Basic</con:selectedAuthProfile><con:addedBasicAuthenticationTypes>Basic</con:addedBasicAuthenticationTypes><con:authType>Global HTTP Settings</con:authType></con:credentials><con:jmsConfig JMSDeliveryMode="PERSISTENT"/><con:jmsPropertyConfig/><con:wsaConfig mustUnderstand="NONE" version="200508" action="http://fidus.brussels/services/fourthwaydebtservice/businessError"/><con:wsrmConfig version="1.2"/></con:call><con:call id="e154f4b8-0575-4dca-bc40-f9b8b93ff87b" name="2 - Dev - Request" outgoingWss="Outflow DEV" incomingWss="Inflow DEV"><con:settings><con:setting id="com.eviware.soapui.impl.wsdl.WsdlRequest@request-headers">&lt;xml-fragment/></con:setting></con:settings><con:encoding>UTF-8</con:encoding><con:endpoint>https://192.168.36.61:8243/services/FourthWayDebtService_v1.0</con:endpoint><con:request><![CDATA[<soapenv:Envelope xmlns:soapenv="http://schemas.xmlsoap.org/soap/envelope/" xmlns:v1="http://fidus.brussels/service/fourthwaydebtservice/messages/v1" xmlns:v11="http://fidus.brussels/type/common/messages/v1" xmlns:bus="http://fsb.belgium.be/FourthWayServices/businesserror" xmlns:err="http://fsb.belgium.be/FourthWayServices/error" xmlns:dat="http://fsb.belgium.be/FourthWayServices/common/datatypes">
   <soapenv:Header/>
   <soapenv:Body>
      <v1:businessErrorRequest>
         <v1:messageContext>
     	  <v11:messageId>${=import static java.util.UUID.randomUUID; uuid = randomUUID() as String}</v11:messageId>
            <v11:timestamp>${=new java.text.SimpleDateFormat("yyyy-MM-dd'T'HH:mm:ss.SSS").format(new Date())}</v11:timestamp>
         </v1:messageContext>
         <v1:legalContext>ServiceIntegrator</v1:legalContext>
         <v1:request>
   		<bus:businessError>
            <err:error>
               <err:code>VAL0005</err:code>
               <err:description>A validation error</err:description>
            </err:error>
            <bus:messageIdentification>
               <dat:origin>
                  <dat:origin>
                     <dat:partner>FRNB-TESTER</dat:partner>
                     <dat:partnerCode codeType="KBO">0409357321</dat:partnerCode>
                  </dat:origin>
               </dat:origin>
            </bus:messageIdentification>
         </bus:businessError>
         </v1:request>
      </v1:businessErrorRequest>
   </soapenv:Body>
</soapenv:Envelope>]]></con:request><con:credentials><con:selectedAuthProfile>Basic</con:selectedAuthProfile><con:addedBasicAuthenticationTypes>Basic</con:addedBasicAuthenticationTypes><con:authType>Global HTTP Settings</con:authType></con:credentials><con:jmsConfig JMSDeliveryMode="PERSISTENT"/><con:jmsPropertyConfig/><con:wsaConfig mustUnderstand="NONE" version="200508" action="http://fidus.brussels/services/fourthwaydebtservice/businessError"/><con:wsrmConfig version="1.2"/></con:call><con:call id="9f4ea61c-abdd-45c7-bda5-5133d347ca16" name="3 - Test - External - Request" outgoingWss="Outflow TEST" incomingWss="Inflow TEST"><con:settings><con:setting id="com.eviware.soapui.impl.wsdl.WsdlRequest@request-headers">&lt;xml-fragment/></con:setting></con:settings><con:encoding>UTF-8</con:encoding><con:endpoint>https://fidus-test.irisnetlab.be/services/FourthWayDebtService_v1.0</con:endpoint><con:request><![CDATA[<soapenv:Envelope xmlns:soapenv="http://schemas.xmlsoap.org/soap/envelope/" xmlns:v1="http://fidus.brussels/service/fourthwaydebtservice/messages/v1" xmlns:v11="http://fidus.brussels/type/common/messages/v1" xmlns:bus="http://fsb.belgium.be/FourthWayServices/businesserror" xmlns:err="http://fsb.belgium.be/FourthWayServices/error" xmlns:dat="http://fsb.belgium.be/FourthWayServices/common/datatypes">
   <soapenv:Header/>
   <soapenv:Body>
      <v1:businessErrorRequest>
         <v1:messageContext>
     	  <v11:messageId>${=import static java.util.UUID.randomUUID; uuid = randomUUID() as String}</v11:messageId>
            <v11:timestamp>${=new java.text.SimpleDateFormat("yyyy-MM-dd'T'HH:mm:ss.SSS").format(new Date())}</v11:timestamp>
         </v1:messageContext>
         <v1:legalContext>ServiceIntegrator</v1:legalContext>
         <v1:request>
   		<bus:businessError>
            <err:error>
               <err:code>VAL0005</err:code>
               <err:description>A validation error</err:description>
            </err:error>
            <bus:messageIdentification>
               <dat:origin>
                  <dat:origin>
                     <dat:partner>FRNB</dat:partner>
                     <dat:partnerCode codeType="KBO">0409357321</dat:partnerCode>
                  </dat:origin>
               </dat:origin>
            </bus:messageIdentification>
         </bus:businessError>
         </v1:request>
      </v1:businessErrorRequest>
   </soapenv:Body>
</soapenv:Envelope>]]></con:request><con:credentials><con:selectedAuthProfile>Basic</con:selectedAuthProfile><con:addedBasicAuthenticationTypes>Basic</con:addedBasicAuthenticationTypes><con:authType>Global HTTP Settings</con:authType></con:credentials><con:jmsConfig JMSDeliveryMode="PERSISTENT"/><con:jmsPropertyConfig/><con:wsaConfig mustUnderstand="NONE" version="200508" action="http://fidus.brussels/services/fourthwaydebtservice/businessError"/><con:wsrmConfig version="1.2"/></con:call><con:call id="df52c94a-da37-453d-a4df-ae14d2dfa952" name="3 - Test - LB - Request" outgoingWss="Outflow TEST" incomingWss="Inflow TEST"><con:settings><con:setting id="com.eviware.soapui.impl.wsdl.WsdlRequest@request-headers">&lt;xml-fragment/></con:setting></con:settings><con:encoding>UTF-8</con:encoding><con:endpoint>https://esb-security-gw.sta.srv.cirb.lan:8443/services/FourthWayDebtService_v1.0</con:endpoint><con:request><![CDATA[<soapenv:Envelope xmlns:soapenv="http://schemas.xmlsoap.org/soap/envelope/" xmlns:v1="http://fidus.brussels/service/fourthwaydebtservice/messages/v1" xmlns:v11="http://fidus.brussels/type/common/messages/v1" xmlns:bus="http://fsb.belgium.be/FourthWayServices/businesserror" xmlns:err="http://fsb.belgium.be/FourthWayServices/error" xmlns:dat="http://fsb.belgium.be/FourthWayServices/common/datatypes">
   <soapenv:Header/>
   <soapenv:Body>
      <v1:businessErrorRequest>
         <v1:messageContext>
     	  <v11:messageId>${=import static java.util.UUID.randomUUID; uuid = randomUUID() as String}</v11:messageId>
            <v11:timestamp>${=new java.text.SimpleDateFormat("yyyy-MM-dd'T'HH:mm:ss.SSS").format(new Date())}</v11:timestamp>
         </v1:messageContext>
         <v1:legalContext>ServiceIntegrator</v1:legalContext>
         <v1:request>
   		<bus:businessError>
            <err:error>
               <err:code>VAL0005</err:code>
               <err:description>A validation error</err:description>
            </err:error>
            <bus:messageIdentification>
               <dat:origin>
                  <dat:origin>
                     <dat:partner>FRNB</dat:partner>
                     <dat:partnerCode codeType="KBO">0409357321</dat:partnerCode>
                  </dat:origin>
               </dat:origin>
            </bus:messageIdentification>
         </bus:businessError>
         </v1:request>
      </v1:businessErrorRequest>
   </soapenv:Body>
</soapenv:Envelope>]]></con:request><con:credentials><con:selectedAuthProfile>Basic</con:selectedAuthProfile><con:addedBasicAuthenticationTypes>Basic</con:addedBasicAuthenticationTypes><con:authType>Global HTTP Settings</con:authType></con:credentials><con:jmsConfig JMSDeliveryMode="PERSISTENT"/><con:jmsPropertyConfig/><con:wsaConfig mustUnderstand="NONE" version="200508" action="http://fidus.brussels/services/fourthwaydebtservice/businessError"/><con:wsrmConfig version="1.2"/></con:call><con:call id="8ff2f3c8-f2f6-48e9-9a22-e9b28327556c" name="3 - Test - Worker1 - Request" outgoingWss="Outflow TEST" incomingWss="Inflow TEST"><con:settings><con:setting id="com.eviware.soapui.impl.wsdl.WsdlRequest@request-headers">&lt;xml-fragment/></con:setting></con:settings><con:encoding>UTF-8</con:encoding><con:endpoint>https://192.168.22.53:8443/services/FourthWayDebtService_v1.0</con:endpoint><con:request><![CDATA[<soapenv:Envelope xmlns:soapenv="http://schemas.xmlsoap.org/soap/envelope/" xmlns:v1="http://fidus.brussels/service/fourthwaydebtservice/messages/v1" xmlns:v11="http://fidus.brussels/type/common/messages/v1" xmlns:bus="http://fsb.belgium.be/FourthWayServices/businesserror" xmlns:err="http://fsb.belgium.be/FourthWayServices/error" xmlns:dat="http://fsb.belgium.be/FourthWayServices/common/datatypes">
   <soapenv:Header/>
   <soapenv:Body>
      <v1:businessErrorRequest>
         <v1:messageContext>
     	  <v11:messageId>${=import static java.util.UUID.randomUUID; uuid = randomUUID() as String}</v11:messageId>
            <v11:timestamp>${=new java.text.SimpleDateFormat("yyyy-MM-dd'T'HH:mm:ss.SSS").format(new Date())}</v11:timestamp>
         </v1:messageContext>
         <v1:legalContext>ServiceIntegrator</v1:legalContext>
         <v1:request>
   		<bus:businessError>
            <err:error>
               <err:code>VAL0005</err:code>
               <err:description>A validation error</err:description>
            </err:error>
            <bus:messageIdentification>
               <dat:origin>
                  <dat:origin>
                     <dat:partner>FRNB-GBU</dat:partner>
                     <dat:partnerCode codeType="KBO">0409357321</dat:partnerCode>
                  </dat:origin>
               </dat:origin>
            </bus:messageIdentification>
         </bus:businessError>
         </v1:request>
      </v1:businessErrorRequest>
   </soapenv:Body>
</soapenv:Envelope>]]></con:request><con:credentials><con:selectedAuthProfile>Basic</con:selectedAuthProfile><con:addedBasicAuthenticationTypes>Basic</con:addedBasicAuthenticationTypes><con:authType>Global HTTP Settings</con:authType></con:credentials><con:jmsConfig JMSDeliveryMode="PERSISTENT"/><con:jmsPropertyConfig/><con:wsaConfig mustUnderstand="NONE" version="200508" action="http://fidus.brussels/services/fourthwaydebtservice/businessError"/><con:wsrmConfig version="1.2"/></con:call><con:call id="c45e9079-dc4f-467e-93fe-51d29c6b2506" name="3 - Test - Worker2 - Request" outgoingWss="Outflow TEST" incomingWss="Inflow TEST"><con:settings><con:setting id="com.eviware.soapui.impl.wsdl.WsdlRequest@request-headers">&lt;xml-fragment/></con:setting></con:settings><con:encoding>UTF-8</con:encoding><con:endpoint>https://192.168.22.54:8443/services/FourthWayDebtService_v1.0</con:endpoint><con:request><![CDATA[<soapenv:Envelope xmlns:soapenv="http://schemas.xmlsoap.org/soap/envelope/" xmlns:v1="http://fidus.brussels/service/fourthwaydebtservice/messages/v1" xmlns:v11="http://fidus.brussels/type/common/messages/v1" xmlns:bus="http://fsb.belgium.be/FourthWayServices/businesserror" xmlns:err="http://fsb.belgium.be/FourthWayServices/error" xmlns:dat="http://fsb.belgium.be/FourthWayServices/common/datatypes">
   <soapenv:Header/>
   <soapenv:Body>
      <v1:businessErrorRequest>
         <v1:messageContext>
     	  <v11:messageId>${=import static java.util.UUID.randomUUID; uuid = randomUUID() as String}</v11:messageId>
            <v11:timestamp>${=new java.text.SimpleDateFormat("yyyy-MM-dd'T'HH:mm:ss.SSS").format(new Date())}</v11:timestamp>
         </v1:messageContext>
         <v1:legalContext>ServiceIntegrator</v1:legalContext>
         <v1:request>
   		<bus:businessError>
            <err:error>
               <err:code>VAL0005</err:code>
               <err:description>A validation error</err:description>
            </err:error>
            <bus:messageIdentification>
               <dat:origin>
                  <dat:origin>
                     <dat:partner>FRNB</dat:partner>
                     <dat:partnerCode codeType="KBO">0409357321</dat:partnerCode>
                  </dat:origin>
               </dat:origin>
            </bus:messageIdentification>
         </bus:businessError>
         </v1:request>
      </v1:businessErrorRequest>
   </soapenv:Body>
</soapenv:Envelope>]]></con:request><con:credentials><con:selectedAuthProfile>Basic</con:selectedAuthProfile><con:addedBasicAuthenticationTypes>Basic</con:addedBasicAuthenticationTypes><con:authType>Global HTTP Settings</con:authType></con:credentials><con:jmsConfig JMSDeliveryMode="PERSISTENT"/><con:jmsPropertyConfig/><con:wsaConfig mustUnderstand="NONE" version="200508" action="http://fidus.brussels/services/fourthwaydebtservice/businessError"/><con:wsrmConfig version="1.2"/></con:call><con:call id="6cfc687d-2403-4c3f-a27a-8ce1f8c4946f" name="4 - Staging - External - Request" outgoingWss="Outflow STAG" incomingWss="Inflow STAG"><con:settings><con:setting id="com.eviware.soapui.impl.wsdl.WsdlRequest@request-headers">&lt;xml-fragment/></con:setting></con:settings><con:encoding>UTF-8</con:encoding><con:endpoint>https://fidus.irisnetlab.be/services/FourthWayDebtService_v1.0</con:endpoint><con:request><![CDATA[<soapenv:Envelope xmlns:soapenv="http://schemas.xmlsoap.org/soap/envelope/" xmlns:v1="http://fidus.brussels/service/fourthwaydebtservice/messages/v1" xmlns:v11="http://fidus.brussels/type/common/messages/v1" xmlns:bus="http://fsb.belgium.be/FourthWayServices/businesserror" xmlns:err="http://fsb.belgium.be/FourthWayServices/error" xmlns:dat="http://fsb.belgium.be/FourthWayServices/common/datatypes">
   <soapenv:Header/>
   <soapenv:Body>
      <v1:businessErrorRequest>
         <v1:messageContext>
     	  <v11:messageId>${=import static java.util.UUID.randomUUID; uuid = randomUUID() as String}</v11:messageId>
            <v11:timestamp>${=new java.text.SimpleDateFormat("yyyy-MM-dd'T'HH:mm:ss.SSS").format(new Date())}</v11:timestamp>
         </v1:messageContext>
         <v1:legalContext>ServiceIntegrator</v1:legalContext>
         <v1:request>
   		<bus:businessError>
            <err:error>
               <err:code>VAL0005</err:code>
               <err:description>A validation error</err:description>
            </err:error>
            <bus:messageIdentification>
               <dat:origin>
                  <dat:origin>
                     <dat:partner>FRNB</dat:partner>
                     <dat:partnerCode codeType="KBO">0409357321</dat:partnerCode>
                  </dat:origin>
               </dat:origin>
            </bus:messageIdentification>
         </bus:businessError>
         </v1:request>
      </v1:businessErrorRequest>
   </soapenv:Body>
</soapenv:Envelope>]]></con:request><con:credentials><con:selectedAuthProfile>Basic</con:selectedAuthProfile><con:addedBasicAuthenticationTypes>Basic</con:addedBasicAuthenticationTypes><con:authType>Global HTTP Settings</con:authType></con:credentials><con:jmsConfig JMSDeliveryMode="PERSISTENT"/><con:jmsPropertyConfig/><con:wsaConfig mustUnderstand="NONE" version="200508" action="http://fidus.brussels/services/fourthwaydebtservice/businessError"/><con:wsrmConfig version="1.2"/></con:call><con:call id="b658b836-a4a9-4b74-abce-17d14c97cc5c" name="4 - Staging - LB - Request" outgoingWss="Outflow STAG" incomingWss="Inflow STAG"><con:settings><con:setting id="com.eviware.soapui.impl.wsdl.WsdlRequest@request-headers">&lt;xml-fragment/></con:setting></con:settings><con:encoding>UTF-8</con:encoding><con:endpoint>https://fidus-esb-sg.sta.srv.cirb.lan:8443/services/FourthWayDebtService_v1.0</con:endpoint><con:request><![CDATA[<soapenv:Envelope xmlns:soapenv="http://schemas.xmlsoap.org/soap/envelope/" xmlns:v1="http://fidus.brussels/service/fourthwaydebtservice/messages/v1" xmlns:v11="http://fidus.brussels/type/common/messages/v1" xmlns:bus="http://fsb.belgium.be/FourthWayServices/businesserror" xmlns:err="http://fsb.belgium.be/FourthWayServices/error" xmlns:dat="http://fsb.belgium.be/FourthWayServices/common/datatypes">
   <soapenv:Header/>
   <soapenv:Body>
      <v1:businessErrorRequest>
         <v1:messageContext>
     	  <v11:messageId>${=import static java.util.UUID.randomUUID; uuid = randomUUID() as String}</v11:messageId>
            <v11:timestamp>${=new java.text.SimpleDateFormat("yyyy-MM-dd'T'HH:mm:ss.SSS").format(new Date())}</v11:timestamp>
         </v1:messageContext>
         <v1:legalContext>ServiceIntegrator</v1:legalContext>
         <v1:request>
   		<bus:businessError>
            <err:error>
               <err:code>VAL0005</err:code>
               <err:description>A validation error</err:description>
            </err:error>
            <bus:messageIdentification>
               <dat:origin>
                  <dat:origin>
                     <dat:partner>FRNB</dat:partner>
                     <dat:partnerCode codeType="KBO">0409357321</dat:partnerCode>
                  </dat:origin>
               </dat:origin>
            </bus:messageIdentification>
         </bus:businessError>
         </v1:request>
      </v1:businessErrorRequest>
   </soapenv:Body>
</soapenv:Envelope>]]></con:request><con:credentials><con:selectedAuthProfile>Basic</con:selectedAuthProfile><con:addedBasicAuthenticationTypes>Basic</con:addedBasicAuthenticationTypes><con:authType>Global HTTP Settings</con:authType></con:credentials><con:jmsConfig JMSDeliveryMode="PERSISTENT"/><con:jmsPropertyConfig/><con:wsaConfig mustUnderstand="NONE" version="200508" action="http://fidus.brussels/services/fourthwaydebtservice/businessError"/><con:wsrmConfig version="1.2"/></con:call><con:call id="3632dc4e-d19d-4ef3-b708-9c286885ad0e" name="4 - Staging - Worker1 - Request" outgoingWss="Outflow STAG" incomingWss="Inflow STAG"><con:settings><con:setting id="com.eviware.soapui.impl.wsdl.WsdlRequest@request-headers">&lt;xml-fragment/></con:setting></con:settings><con:encoding>UTF-8</con:encoding><con:endpoint>https://192.168.24.16:8443/services/FourthWayDebtService_v1.0</con:endpoint><con:request><![CDATA[<soapenv:Envelope xmlns:soapenv="http://schemas.xmlsoap.org/soap/envelope/" xmlns:v1="http://fidus.brussels/service/fourthwaydebtservice/messages/v1" xmlns:v11="http://fidus.brussels/type/common/messages/v1" xmlns:bus="http://fsb.belgium.be/FourthWayServices/businesserror" xmlns:err="http://fsb.belgium.be/FourthWayServices/error" xmlns:dat="http://fsb.belgium.be/FourthWayServices/common/datatypes">
   <soapenv:Header/>
   <soapenv:Body>
      <v1:businessErrorRequest>
         <v1:messageContext>
     	  <v11:messageId>${=import static java.util.UUID.randomUUID; uuid = randomUUID() as String}</v11:messageId>
            <v11:timestamp>${=new java.text.SimpleDateFormat("yyyy-MM-dd'T'HH:mm:ss.SSS").format(new Date())}</v11:timestamp>
         </v1:messageContext>
         <v1:legalContext>ServiceIntegrator</v1:legalContext>
         <v1:request>
   		<bus:businessError>
            <err:error>
               <err:code>VAL0005</err:code>
               <err:description>A validation error</err:description>
            </err:error>
            <bus:messageIdentification>
               <dat:origin>
                  <dat:origin>
                     <dat:partner>FRNB</dat:partner>
                     <dat:partnerCode codeType="KBO">0409357321</dat:partnerCode>
                  </dat:origin>
               </dat:origin>
            </bus:messageIdentification>
         </bus:businessError>
         </v1:request>
      </v1:businessErrorRequest>
   </soapenv:Body>
</soapenv:Envelope>]]></con:request><con:credentials><con:selectedAuthProfile>Basic</con:selectedAuthProfile><con:addedBasicAuthenticationTypes>Basic</con:addedBasicAuthenticationTypes><con:authType>Global HTTP Settings</con:authType></con:credentials><con:jmsConfig JMSDeliveryMode="PERSISTENT"/><con:jmsPropertyConfig/><con:wsaConfig mustUnderstand="NONE" version="200508" action="http://fidus.brussels/services/fourthwaydebtservice/businessError"/><con:wsrmConfig version="1.2"/></con:call><con:call id="9028ae1b-0020-4715-98c4-7f5a567ed476" name="4 - Staging - Worker2 - Request" outgoingWss="Outflow STAG" incomingWss="Inflow STAG"><con:settings><con:setting id="com.eviware.soapui.impl.wsdl.WsdlRequest@request-headers">&lt;xml-fragment/></con:setting></con:settings><con:encoding>UTF-8</con:encoding><con:endpoint>https://192.168.24.17:8443/services/FourthWayDebtService_v1.0</con:endpoint><con:request><![CDATA[<soapenv:Envelope xmlns:soapenv="http://schemas.xmlsoap.org/soap/envelope/" xmlns:v1="http://fidus.brussels/service/fourthwaydebtservice/messages/v1" xmlns:v11="http://fidus.brussels/type/common/messages/v1" xmlns:bus="http://fsb.belgium.be/FourthWayServices/businesserror" xmlns:err="http://fsb.belgium.be/FourthWayServices/error" xmlns:dat="http://fsb.belgium.be/FourthWayServices/common/datatypes">
   <soapenv:Header/>
   <soapenv:Body>
      <v1:businessErrorRequest>
         <v1:messageContext>
     	  <v11:messageId>${=import static java.util.UUID.randomUUID; uuid = randomUUID() as String}</v11:messageId>
            <v11:timestamp>${=new java.text.SimpleDateFormat("yyyy-MM-dd'T'HH:mm:ss.SSS").format(new Date())}</v11:timestamp>
         </v1:messageContext>
         <v1:legalContext>ServiceIntegrator</v1:legalContext>
         <v1:request>
   		<bus:businessError>
            <err:error>
               <err:code>VAL0005</err:code>
               <err:description>A validation error</err:description>
            </err:error>
            <bus:messageIdentification>
               <dat:origin>
                  <dat:origin>
                     <dat:partner>FRNB</dat:partner>
                     <dat:partnerCode codeType="KBO">0409357321</dat:partnerCode>
                  </dat:origin>
               </dat:origin>
            </bus:messageIdentification>
         </bus:businessError>
         </v1:request>
      </v1:businessErrorRequest>
   </soapenv:Body>
</soapenv:Envelope>]]></con:request><con:credentials><con:selectedAuthProfile>Basic</con:selectedAuthProfile><con:addedBasicAuthenticationTypes>Basic</con:addedBasicAuthenticationTypes><con:authType>Global HTTP Settings</con:authType></con:credentials><con:jmsConfig JMSDeliveryMode="PERSISTENT"/><con:jmsPropertyConfig/><con:wsaConfig mustUnderstand="NONE" version="200508" action="http://fidus.brussels/services/fourthwaydebtservice/businessError"/><con:wsrmConfig version="1.2"/></con:call><con:call id="f9c83a9b-32df-4ccf-8349-c73b33ecdabe" name="5 - Prod - External - Request" outgoingWss="Outflow PROD" incomingWss="Inflow PROD"><con:settings><con:setting id="com.eviware.soapui.impl.wsdl.WsdlRequest@request-headers">&lt;xml-fragment/></con:setting></con:settings><con:encoding>UTF-8</con:encoding><con:endpoint>https://fidus.sec.brussels/services/FourthWayDebtService_v1.0</con:endpoint><con:request><![CDATA[<soapenv:Envelope xmlns:soapenv="http://schemas.xmlsoap.org/soap/envelope/" xmlns:v1="http://fidus.brussels/service/fourthwaydebtservice/messages/v1" xmlns:v11="http://fidus.brussels/type/common/messages/v1" xmlns:bus="http://fsb.belgium.be/FourthWayServices/businesserror" xmlns:err="http://fsb.belgium.be/FourthWayServices/error" xmlns:dat="http://fsb.belgium.be/FourthWayServices/common/datatypes">
   <soapenv:Header/>
   <soapenv:Body>
      <v1:businessErrorRequest>
         <v1:messageContext>
     	  <v11:messageId>${=import static java.util.UUID.randomUUID; uuid = randomUUID() as String}</v11:messageId>
            <v11:timestamp>${=new java.text.SimpleDateFormat("yyyy-MM-dd'T'HH:mm:ss.SSS").format(new Date())}</v11:timestamp>
         </v1:messageContext>
         <v1:legalContext>ServiceIntegrator</v1:legalContext>
         <v1:request>
   		<bus:businessError>
            <err:error>
               <err:code>VAL0005</err:code>
               <err:description>A validation error</err:description>
            </err:error>
            <bus:messageIdentification>
               <dat:origin>
                  <dat:origin>
                     <dat:partner>FRNB</dat:partner>
                     <dat:partnerCode codeType="KBO">0409357321</dat:partnerCode>
                  </dat:origin>
               </dat:origin>
            </bus:messageIdentification>
         </bus:businessError>
         </v1:request>
      </v1:businessErrorRequest>
   </soapenv:Body>
</soapenv:Envelope>]]></con:request><con:credentials><con:selectedAuthProfile>Basic</con:selectedAuthProfile><con:addedBasicAuthenticationTypes>Basic</con:addedBasicAuthenticationTypes><con:authType>Global HTTP Settings</con:authType></con:credentials><con:jmsConfig JMSDeliveryMode="PERSISTENT"/><con:jmsPropertyConfig/><con:wsaConfig mustUnderstand="NONE" version="200508" action="http://fidus.brussels/services/fourthwaydebtservice/businessError"/><con:wsrmConfig version="1.2"/></con:call><con:call id="d3a87565-149b-4404-842f-24b6925e3b27" name="5 - Prod - LB - Request" outgoingWss="Outflow PROD" incomingWss="Inflow PROD"><con:settings><con:setting id="com.eviware.soapui.impl.wsdl.WsdlRequest@request-headers">&lt;xml-fragment/></con:setting></con:settings><con:encoding>UTF-8</con:encoding><con:endpoint>https://fidus-esb-sg.prd.srv.cirb.lan:8443/services/FourthWayDebtService_v1.0</con:endpoint><con:request><![CDATA[<soapenv:Envelope xmlns:soapenv="http://schemas.xmlsoap.org/soap/envelope/" xmlns:v1="http://fidus.brussels/service/fourthwaydebtservice/messages/v1" xmlns:v11="http://fidus.brussels/type/common/messages/v1" xmlns:bus="http://fsb.belgium.be/FourthWayServices/businesserror" xmlns:err="http://fsb.belgium.be/FourthWayServices/error" xmlns:dat="http://fsb.belgium.be/FourthWayServices/common/datatypes">
   <soapenv:Header/>
   <soapenv:Body>
      <v1:businessErrorRequest>
         <v1:messageContext>
     	  <v11:messageId>${=import static java.util.UUID.randomUUID; uuid = randomUUID() as String}</v11:messageId>
            <v11:timestamp>${=new java.text.SimpleDateFormat("yyyy-MM-dd'T'HH:mm:ss.SSS").format(new Date())}</v11:timestamp>
         </v1:messageContext>
         <v1:legalContext>ServiceIntegrator</v1:legalContext>
         <v1:request>
   		<bus:businessError>
            <err:error>
               <err:code>VAL0005</err:code>
               <err:description>A validation error</err:description>
            </err:error>
            <bus:messageIdentification>
               <dat:origin>
                  <dat:origin>
                     <dat:partner>FRNB</dat:partner>
                     <dat:partnerCode codeType="KBO">0409357321</dat:partnerCode>
                  </dat:origin>
               </dat:origin>
            </bus:messageIdentification>
         </bus:businessError>
         </v1:request>
      </v1:businessErrorRequest>
   </soapenv:Body>
</soapenv:Envelope>]]></con:request><con:credentials><con:selectedAuthProfile>Basic</con:selectedAuthProfile><con:addedBasicAuthenticationTypes>Basic</con:addedBasicAuthenticationTypes><con:authType>Global HTTP Settings</con:authType></con:credentials><con:jmsConfig JMSDeliveryMode="PERSISTENT"/><con:jmsPropertyConfig/><con:wsaConfig mustUnderstand="NONE" version="200508" action="http://fidus.brussels/services/fourthwaydebtservice/businessError"/><con:wsrmConfig version="1.2"/></con:call><con:call id="3d84ab9d-1cba-4b95-8665-333671f2b161" name="5 - Prod - Worker1 - Request" outgoingWss="Outflow PROD" incomingWss="Inflow PROD"><con:settings><con:setting id="com.eviware.soapui.impl.wsdl.WsdlRequest@request-headers">&lt;xml-fragment/></con:setting></con:settings><con:encoding>UTF-8</con:encoding><con:endpoint>https://192.168.26.22:8443/services/FourthWayDebtService_v1.0</con:endpoint><con:request><![CDATA[<soapenv:Envelope xmlns:soapenv="http://schemas.xmlsoap.org/soap/envelope/" xmlns:v1="http://fidus.brussels/service/fourthwaydebtservice/messages/v1" xmlns:v11="http://fidus.brussels/type/common/messages/v1" xmlns:bus="http://fsb.belgium.be/FourthWayServices/businesserror" xmlns:err="http://fsb.belgium.be/FourthWayServices/error" xmlns:dat="http://fsb.belgium.be/FourthWayServices/common/datatypes">
   <soapenv:Header/>
   <soapenv:Body>
      <v1:businessErrorRequest>
         <v1:messageContext>
     	  <v11:messageId>${=import static java.util.UUID.randomUUID; uuid = randomUUID() as String}</v11:messageId>
            <v11:timestamp>${=new java.text.SimpleDateFormat("yyyy-MM-dd'T'HH:mm:ss.SSS").format(new Date())}</v11:timestamp>
         </v1:messageContext>
         <v1:legalContext>ServiceIntegrator</v1:legalContext>
         <v1:request>
   		<bus:businessError>
            <err:error>
               <err:code>VAL0005</err:code>
               <err:description>A validation error</err:description>
            </err:error>
            <bus:messageIdentification>
               <dat:origin>
                  <dat:origin>
                     <dat:partner>FRNB</dat:partner>
                     <dat:partnerCode codeType="KBO">0409357321</dat:partnerCode>
                  </dat:origin>
               </dat:origin>
            </bus:messageIdentification>
         </bus:businessError>
         </v1:request>
      </v1:businessErrorRequest>
   </soapenv:Body>
</soapenv:Envelope>]]></con:request><con:credentials><con:selectedAuthProfile>Basic</con:selectedAuthProfile><con:addedBasicAuthenticationTypes>Basic</con:addedBasicAuthenticationTypes><con:authType>Global HTTP Settings</con:authType></con:credentials><con:jmsConfig JMSDeliveryMode="PERSISTENT"/><con:jmsPropertyConfig/><con:wsaConfig mustUnderstand="NONE" version="200508" action="http://fidus.brussels/services/fourthwaydebtservice/businessError"/><con:wsrmConfig version="1.2"/></con:call><con:call id="132e1bc1-fc63-478f-8e87-36961090f9f0" name="5 - Prod - Worker2 - Request" outgoingWss="Outflow PROD" incomingWss="Inflow PROD"><con:settings><con:setting id="com.eviware.soapui.impl.wsdl.WsdlRequest@request-headers">&lt;xml-fragment/></con:setting></con:settings><con:encoding>UTF-8</con:encoding><con:endpoint>https://192.168.26.19:8443/services/FourthWayDebtService_v1.0</con:endpoint><con:request><![CDATA[<soapenv:Envelope xmlns:soapenv="http://schemas.xmlsoap.org/soap/envelope/" xmlns:v1="http://fidus.brussels/service/fourthwaydebtservice/messages/v1" xmlns:v11="http://fidus.brussels/type/common/messages/v1" xmlns:bus="http://fsb.belgium.be/FourthWayServices/businesserror" xmlns:err="http://fsb.belgium.be/FourthWayServices/error" xmlns:dat="http://fsb.belgium.be/FourthWayServices/common/datatypes">
   <soapenv:Header/>
   <soapenv:Body>
      <v1:businessErrorRequest>
         <v1:messageContext>
     	  <v11:messageId>${=import static java.util.UUID.randomUUID; uuid = randomUUID() as String}</v11:messageId>
            <v11:timestamp>${=new java.text.SimpleDateFormat("yyyy-MM-dd'T'HH:mm:ss.SSS").format(new Date())}</v11:timestamp>
         </v1:messageContext>
         <v1:legalContext>ServiceIntegrator</v1:legalContext>
         <v1:request>
   		<bus:businessError>
            <err:error>
               <err:code>VAL0005</err:code>
               <err:description>A validation error</err:description>
            </err:error>
            <bus:messageIdentification>
               <dat:origin>
                  <dat:origin>
                     <dat:partner>FRNB</dat:partner>
                     <dat:partnerCode codeType="KBO">0409357321</dat:partnerCode>
                  </dat:origin>
               </dat:origin>
            </bus:messageIdentification>
         </bus:businessError>
         </v1:request>
      </v1:businessErrorRequest>
   </soapenv:Body>
</soapenv:Envelope>]]></con:request><con:credentials><con:selectedAuthProfile>Basic</con:selectedAuthProfile><con:addedBasicAuthenticationTypes>Basic</con:addedBasicAuthenticationTypes><con:authType>Global HTTP Settings</con:authType></con:credentials><con:jmsConfig JMSDeliveryMode="PERSISTENT"/><con:jmsPropertyConfig/><con:wsaConfig mustUnderstand="NONE" version="200508" action="http://fidus.brussels/services/fourthwaydebtservice/businessError"/><con:wsrmConfig version="1.2"/></con:call></con:operation><con:operation id="9e5df368-59b3-4d87-a9ff-94e2a3f782ea" isOneWay="false" action="http://fidus.brussels/services/fourthwaydebtservice/fiscalDebtNotification" name="fiscalDebtNotification" bindingOperationName="fiscalDebtNotification" type="Request-Response" inputName="" receivesAttachments="false" sendsAttachments="false" anonymous="optional"><con:settings/><con:call id="4b94b5f2-7c18-486a-8586-0594e3f6a93b" name="1 - Local - Request" outgoingWss="Outflow DEV" incomingWss="Inflow DEV"><con:settings><con:setting id="com.eviware.soapui.impl.wsdl.WsdlRequest@request-headers">&lt;xml-fragment/></con:setting></con:settings><con:encoding>UTF-8</con:encoding><con:endpoint>https://localhost:8243/services/FourthWayDebtService_v1.0</con:endpoint><con:request><![CDATA[<soapenv:Envelope xmlns:soapenv="http://schemas.xmlsoap.org/soap/envelope/" xmlns:v1="http://fidus.brussels/service/fourthwaydebtservice/messages/v1" xmlns:v11="http://fidus.brussels/type/common/messages/v1" xmlns:deb="http://fsb.belgium.be/FourthWayServices/debtnotification" xmlns:gen="http://fsb.belgium.be/FourthWayServices/generalcaseinformation" xmlns:dat="http://fsb.belgium.be/FourthWayServices/common/datatypes" xmlns:ins="http://fsb.belgium.be/FourthWayServices/institution" xmlns:add="http://fsb.belgium.be/FourthWayServices/common/addressinformation" xmlns:con="http://fsb.belgium.be/FourthWayServices/contact" xmlns:deb1="http://fsb.belgium.be/FourthWayServices/debtparty" xmlns:par="http://fsb.belgium.be/FourthWayServices/party" xmlns:debt="http://fsb.belgium.be/FourthWayServices/debt" xmlns:leg="http://fsb.belgium.be/FourthWayServices/legalbase" xmlns:tec="http://fsb.belgium.be/FourthWayServices/technical" xmlns:xd="http://www.w3.org/2000/09/xmldsig#">
   <soapenv:Header/>
   <soapenv:Body>
      <v1:fiscalDebtNotificationRequest>
         <v1:messageContext>
         	  <v11:messageId>${=import static java.util.UUID.randomUUID; uuid = randomUUID() as String}</v11:messageId>
            <v11:timestamp>${=new java.text.SimpleDateFormat("yyyy-MM-dd'T'HH:mm:ss.SSS").format(new Date())}</v11:timestamp>
         </v1:messageContext>
         <v1:legalContext>ServiceIntegrator</v1:legalContext>      
         <v1:request>
 		<ns46:debtNotification Id="SignMe" xmlns:ns50="http://be.belgium.fsb/fourthWayService/Debt" xmlns="http://fsb.belgium.be/FourthWayServices/common/addressinformation" xmlns:ns10="http://fsb.belgium.be/FourthWayServices/shipinformation" xmlns:ns11="http://fsb.belgium.be/FourthWayServices/selfemployed" xmlns:ns12="http://fsb.belgium.be/FourthWayServices/institution" xmlns:ns13="http://fsb.belgium.be/FourthWayServices/enterprise" xmlns:ns14="http://fsb.belgium.be/FourthWayServices/honorbaseddeclarations" xmlns:ns15="http://fsb.belgium.be/FourthWayServices/unregisteredparty" xmlns:ns16="http://fsb.belgium.be/FourthWayServices/partnerdescription" xmlns:ns17="http://fsb.belgium.be/FourthWayServices/mortgagegoods" xmlns:ns18="http://fsb.belgium.be/FourthWayServices/deficitcaseinformation" xmlns:ns19="http://fsb.belgium.be/FourthWayServices/debtinquiry" xmlns:ns2="http://fsb.belgium.be/FourthWayServices/common/datatypes" xmlns:ns20="http://fsb.belgium.be/FourthWayServices/immovablegoodtransaction" xmlns:ns21="http://fsb.belgium.be/FourthWayServices/movablegoodtransaction" xmlns:ns22="http://fsb.belgium.be/FourthWayServices/inheritanceinformation" xmlns:ns23="http://fsb.belgium.be/FourthWayServices/successiontransaction" xmlns:ns24="http://fsb.belgium.be/FourthWayServices/fourthwaymessage" xmlns:ns25="http://fsb.belgium.be/FourthWayServices/generalcaseinformation" xmlns:ns26="http://www.w3.org/2000/09/xmldsig#" xmlns:ns27="http://fsb.belgium.be/FourthWayServices/technical" xmlns:ns28="http://fsb.belgium.be/FourthWayServices/acknowledgementinformation" xmlns:ns29="http://fsb.belgium.be/FourthWayServices/error" xmlns:ns3="http://fsb.belgium.be/FourthWayServices/salesinformation" xmlns:ns30="http://fsb.belgium.be/FourthWayServices/businesserror" xmlns:ns31="http://fsb.belgium.be/FourthWayServices/fiscaldebtdetails" xmlns:ns32="http://fsb.belgium.be/FourthWayServices/officialproclamation" xmlns:ns33="http://fsb.belgium.be/FourthWayServices/beneficiary" xmlns:ns34="http://fsb.belgium.be/FourthWayServices/common/bankaccount" xmlns:ns35="http://fsb.belgium.be/FourthWayServices/debtdetailedinformation" xmlns:ns36="http://fsb.belgium.be/FourthWayServices/debtsolidarity" xmlns:ns37="http://fsb.belgium.be/FourthWayServices/fiscaldebt" xmlns:ns38="http://fsb.belgium.be/FourthWayServices/socialdebtdetails" xmlns:ns39="http://fsb.belgium.be/FourthWayServices/debtinformation" xmlns:ns4="http://fsb.belgium.be/FourthWayServices/gooddescription" xmlns:ns40="http://fsb.belgium.be/FourthWayServices/socialdebt" xmlns:ns41="http://fsb.belgium.be/FourthWayServices/fiscalregionflandersdebtdetails" xmlns:ns42="http://fsb.belgium.be/FourthWayServices/fiscalregionflandersdebt" xmlns:ns43="http://fsb.belgium.be/FourthWayServices/debt" xmlns:ns44="http://fsb.belgium.be/FourthWayServices/debtparty" xmlns:ns45="http://fsb.belgium.be/FourthWayServices/legalbase" xmlns:ns46="http://fsb.belgium.be/FourthWayServices/debtnotification" xmlns:ns47="http://fsb.belgium.be/FourthWayServices/debtdeficitnotification" xmlns:ns48="http://fsb.belgium.be/FourthWayServices/header" xmlns:ns49="http://fsb.belgium.be/header" xmlns:ns5="http://fsb.belgium.be/FourthWayServices/party" xmlns:ns51="http://fsb.belgium.be/FourthWayServices/technicalack" xmlns:ns52="http://fsb.belgium.be/FourthWayServices/functionalack" xmlns:ns6="http://fsb.belgium.be/FourthWayServices/naturalperson" xmlns:ns7="http://fsb.belgium.be/FourthWayServices/nonresident" xmlns:ns8="http://fsb.belgium.be/FourthWayServices/contact" xmlns:ns9="http://fsb.belgium.be/FourthWayServices/propertyinformation">
            <ns25:generalCaseInformation>
               <ns25:administrativeInformation>
                  <ns25:language>FR</ns25:language>
                  <ns25:caseNumber>2444080.210115.0167</ns25:caseNumber>
                  <ns25:transactionType>3</ns25:transactionType>
                  <ns25:procedureNumber>ENOT4000000419570</ns25:procedureNumber>
                  <ns25:replacedProcedureNumber xsi:nil="true" xmlns:xsi="http://www.w3.org/2001/XMLSchema-instance"/>
                  <ns25:requestDate>2015-01-21T14:50:02.446+01:00</ns25:requestDate>
                  <ns25:origin>
                     <ns2:origin>
                        <ns2:partner>FPS Finance</ns2:partner>
                        <ns2:partnerCode codeType="KBO">0308357159</ns2:partnerCode>
                     </ns2:origin>
                  </ns25:origin>
                  <ns25:destinations>
                     <ns2:destination>
                        <ns2:partner>FRNB</ns2:partner>
                        <ns2:partnerCode codeType="KBO">0409357321</ns2:partnerCode>
                     </ns2:destination>
                  </ns25:destinations>
                  <ns25:requestorInformation>
                     <ns12:institution>
                        <ns12:institutionType>Federal</ns12:institutionType>
                        <ns12:institutionName>Huy</ns12:institutionName>
                        <ns12:institutionIdentificationNumber type="CDDB">600904</ns12:institutionIdentificationNumber>
                        <address>
                           <location>
                              <country>
                                 <countryCode codeStandard="ISO">BE</countryCode>
                              </country>
                              <postalCode>4500</postalCode>
                           </location>
                           <street>Avenue Albert 1er</street>
                           <houseNumber>8/10</houseNumber>
                        </address>
                        <ns12:contactInformation>
                           <ns8:phoneNumber type="phone">025783660</ns8:phoneNumber>
                           <ns8:emailAddress type="email">rec.cd.huy@minfin.fed.be</ns8:emailAddress>
                        </ns12:contactInformation>
                     </ns12:institution>
                     <ns25:responsiblePerson>
                        <ns2:name>
                           <ns2:firstName>Testuser</ns2:firstName>
                           <ns2:lastName>testuser.enotrec01</ns2:lastName>
                        </ns2:name>
                        <ns8:contactInformation/>
                     </ns25:responsiblePerson>
                     <ns25:contactPerson>
                        <ns2:name>
                           <ns2:firstName>Testuser</ns2:firstName>
                           <ns2:lastName>EnotRec01</ns2:lastName>
                        </ns2:name>
                        <ns8:contactInformation>
                           <ns8:emailAddress type="email">testuser.enotrec01@guest.minfin.fed.be</ns8:emailAddress>
                        </ns8:contactInformation>
                     </ns25:contactPerson>
                  </ns25:requestorInformation>
               </ns25:administrativeInformation>
            </ns25:generalCaseInformation>
            <ns44:debtParty>
               <ns5:party partyID="005">
                  <ns5:residentialParty>false</ns5:residentialParty>
                  <ns6:naturalPerson>
                     <ns2:entityReference>
                        <ns2:source>notice1</ns2:source>
                        <ns2:entityID type="nationalNumber">68082123438</ns2:entityID>
                     </ns2:entityReference>
                     <ns6:personInformation>
                        <ns2:name>
                           <ns2:firstName>Yolande Adrienne</ns2:firstName>
                           <ns2:lastName>BUITER</ns2:lastName>
                        </ns2:name>
                        <address>
                           <location>
                              <country>
                                 <countryDescription>Belgium</countryDescription>
                                 <countryCode codeStandard="ISO">BE</countryCode>
                              </country>
                              <municipalityDescription>Verlaine</municipalityDescription>
                              <postalCode>4537</postalCode>
                           </location>
                           <street>Rue aux Raines</street>
                           <houseNumber>53</houseNumber>
                        </address>
                     </ns6:personInformation>
                  </ns6:naturalPerson>
               </ns5:party>
               <ns43:debt debtID="1">
                  <ns37:fiscaldebt>
                     <ns31:fiscalDebtDetails>
                        <ns31:debtType>VAT</ns31:debtType>
                        <ns31:declarations>
                           <ns31:negligenceClause>
                              <ns31:additionalIntrest>0</ns31:additionalIntrest>
                              <ns31:additionalIntrestFromDate>2015-01-21+01:00</ns31:additionalIntrestFromDate>
                           </ns31:negligenceClause>
                        </ns31:declarations>
                        <ns2:referencePeriod>
                           <ns2:startDate>2015-01-06+01:00</ns2:startDate>
                           <ns2:endDate>2015-01-13+01:00</ns2:endDate>
                        </ns2:referencePeriod>
                        <ns31:totalDebt>45</ns31:totalDebt>
                        <ns31:debtBreakdown>
                           <ns31:debtSubType>VAT</ns31:debtSubType>
                           <ns31:debtSubAmount>45</ns31:debtSubAmount>
                        </ns31:debtBreakdown>
                        <ns31:debtBreakdown>
                           <ns31:debtSubType>IM</ns31:debtSubType>
                           <ns31:debtSubAmount>0</ns31:debtSubAmount>
                        </ns31:debtBreakdown>
                        <ns31:debtBreakdown>
                           <ns31:debtSubType>INTEREST</ns31:debtSubType>
                           <ns31:debtSubAmount>0</ns31:debtSubAmount>
                        </ns31:debtBreakdown>
                        <ns31:debtBreakdown>
                           <ns31:debtSubType>FINES</ns31:debtSubType>
                           <ns31:debtSubAmount>0</ns31:debtSubAmount>
                        </ns31:debtBreakdown>
                        <ns31:debtBreakdown>
                           <ns31:debtSubType>COST</ns31:debtSubType>
                           <ns31:debtSubAmount>0</ns31:debtSubAmount>
                        </ns31:debtBreakdown>
                     </ns31:fiscalDebtDetails>
                     <ns32:officialProclamation/>
                     <ns33:beneficiary>
                        <ns33:beneficiaryName>CTRI Namur</ns33:beneficiaryName>
                        <ns33:structuredMessage>N99998745412NOT/</ns33:structuredMessage>
                        <ns33:amount>45</ns33:amount>
                        <ns34:bankAccount>
                           <ns34:ibanNumber>BE42 6792 0034 9254</ns34:ibanNumber>
                           <ns34:bicCode>PCHQBEBB</ns34:bicCode>
                           <ns34:accountName>CTRI Namur</ns34:accountName>
                           <address>
                              <location>
                                 <country>
                                    <countryCode codeStandard="ISO">BE</countryCode>
                                 </country>
                                 <municipalityDescription language="fr">Namur</municipalityDescription>
                                 <postalCode>5000</postalCode>
                              </location>
                              <street>Rue des Bourgeois</street>
                              <houseNumber>7/Bloc B</houseNumber>
                           </address>
                        </ns34:bankAccount>
                     </ns33:beneficiary>
                     <ns35:debtDetailedInformation>
                        <ns35:calculationDate>2015-01-21+01:00</ns35:calculationDate>
                        <ns35:referentialNumber>999998745412</ns35:referentialNumber>
                     </ns35:debtDetailedInformation>
                  </ns37:fiscaldebt>
               </ns43:debt>
               <ns44:totalDebtAmount>45</ns44:totalDebtAmount>
            </ns44:debtParty>
            <ns45:legalBase>
               <ns45:legalSource>Code de la taxe sur la valeur ajout��e</ns45:legalSource>
               <ns45:legalBaseIdentifier>Article 93quater</ns45:legalBaseIdentifier>
            </ns45:legalBase>
            <ns27:technical>
               <ns26:Signature>
                  <ns26:SignedInfo>
                     <ns26:CanonicalizationMethod Algorithm="http://www.w3.org/TR/2001/REC-xml-c14n-20010315"/>
                     <ns26:SignatureMethod Algorithm="http://www.w3.org/2000/09/xmldsig#rsa-sha1"/>
                     <ns26:Reference URI="#signMe">
                        <ns26:DigestMethod Algorithm="http://www.w3.org/2000/09/xmldsig#sha1"/>
                        <ns26:DigestValue>CbUOX9jTy0uYSCKDVQl6peUatJ8=</ns26:DigestValue>
                     </ns26:Reference>
                  </ns26:SignedInfo>
                  <ns26:SignatureValue>WBXEECQtMTWGGq5EGO+5kyVw1kJefLsfHVA/5eYB6pZ3GOZ7LOLc/jAhKbqxeV3qdWiMGx3VzgvdF4ZaMB2HS1fLmnOmNDXHhrrqYQJ51LGDvex39k7/xAJAmuub7MDtfAu08WBTVpmQ5khGL9ZrYOXr5RoG70BrlWNr+37FekM=</ns26:SignatureValue>
                  <ns26:KeyInfo>
                     <ns26:X509Data>
                        <ns26:X509SubjectName>ST=Brussels,L=Brussels,OU=Belgian Federal Government,O=Federal Public Service Finances,CN=Test SPF Finances - FOD Financien,C=BE</ns26:X509SubjectName>
                        <ns26:X509Certificate>MIIDKzCCApSgAwIBAgIJAIkxAL2MG081MA0GCSqGSIb3DQEBBQUAMIGuMQswCQYDVQQGEwJCRTEqMCgGA1UEAxMhVGVzdCBTUEYgRmluYW5jZXMgLSBGT0QgRmluYW5jaWVuMSgwJgYDVQQKEx9GZWRlcmFsIFB1YmxpYyBTZXJ2aWNlIEZpbmFuY2VzMSMwIQYDVQQLExpCZWxnaWFuIEZlZGVyYWwgR292ZXJubWVudDERMA8GA1UEBxMIQnJ1c3NlbHMxETAPBgNVBAgTCEJydXNzZWxzMB4XDTA4MDUwNjA4MDcyMFoXDTE4MDUwNzA4MDcyMFowga4xCzAJBgNVBAYTAkJFMSowKAYDVQQDEyFUZXN0IFNQRiBGaW5hbmNlcyAtIEZPRCBGaW5hbmNpZW4xKDAmBgNVBAoTH0ZlZGVyYWwgUHVibGljIFNlcnZpY2UgRmluYW5jZXMxIzAhBgNVBAsTGkJlbGdpYW4gRmVkZXJhbCBHb3Zlcm5tZW50MREwDwYDVQQHEwhCcnVzc2VsczERMA8GA1UECBMIQnJ1c3NlbHMwgZ8wDQYJKoZIhvcNAQEBBQADgY0AMIGJAoGBAJ8T/80iF50FvothkWOZDsZUPKM52fxhNdKMT+E/lODqejyJ2iQkjEuW5yJKo0lXNj+Gxwfl99bD16IJMagbrxBnJPwR7SeS3JQ0IaLkOorOoeZkZLFoFMSfZWT9uCf6Qf/uNMQtRnX2351P1OF3cld68uFGUNS8U93OqxS9R/ZvAgMBAAGjTzBNMAwGA1UdEwQFMAMBAf8wCwYDVR0PBAQDAgTwMB0GA1UdJQQWMBQGCCsGAQUFBwMCBggrBgEFBQcDBDARBglghkgBhvhCAQEEBAMCBLAwDQYJKoZIhvcNAQEFBQADgYEATnEO8juTdcZtwzvl5EHnZ9+6cEM9rsWuQtq43UXw4RqveHWUE+Cn2ElMPiyuxLLzkzQTbcDYxI9FgVAXFEmqPf7Jii2PpHIlo8yHWCWMuPP0OykMF6YuCtyutKJBbGuTT36gNVAUEPeD34fzB5pgy2aG5wQTQctRdDz07CVM3cI=</ns26:X509Certificate>
                     </ns26:X509Data>
                  </ns26:KeyInfo>
               </ns26:Signature>
            </ns27:technical>
         </ns46:debtNotification>
         </v1:request>
      </v1:fiscalDebtNotificationRequest>
   </soapenv:Body>
</soapenv:Envelope>]]></con:request><con:credentials><con:selectedAuthProfile>Basic</con:selectedAuthProfile><con:addedBasicAuthenticationTypes>Basic</con:addedBasicAuthenticationTypes><con:authType>Global HTTP Settings</con:authType></con:credentials><con:jmsConfig JMSDeliveryMode="PERSISTENT"/><con:jmsPropertyConfig/><con:wsaConfig mustUnderstand="NONE" version="200508" action="http://fidus.brussels/services/fourthwaydebtservice/fiscalDebtNotification"/><con:wsrmConfig version="1.2"/></con:call><con:call id="e3e67353-b335-49a2-9f2a-5a20414392d8" name="2 - Dev - Request" outgoingWss="Outflow DEV" incomingWss="Inflow DEV"><con:settings><con:setting id="com.eviware.soapui.impl.wsdl.WsdlRequest@request-headers">&lt;xml-fragment/></con:setting></con:settings><con:encoding>UTF-8</con:encoding><con:endpoint>https://192.168.36.61:8243/services/FourthWayDebtService_v1.0</con:endpoint><con:request><![CDATA[<soapenv:Envelope xmlns:soapenv="http://schemas.xmlsoap.org/soap/envelope/" xmlns:v1="http://fidus.brussels/service/fourthwaydebtservice/messages/v1" xmlns:v11="http://fidus.brussels/type/common/messages/v1" xmlns:deb="http://fsb.belgium.be/FourthWayServices/debtnotification" xmlns:gen="http://fsb.belgium.be/FourthWayServices/generalcaseinformation" xmlns:dat="http://fsb.belgium.be/FourthWayServices/common/datatypes" xmlns:ins="http://fsb.belgium.be/FourthWayServices/institution" xmlns:add="http://fsb.belgium.be/FourthWayServices/common/addressinformation" xmlns:con="http://fsb.belgium.be/FourthWayServices/contact" xmlns:deb1="http://fsb.belgium.be/FourthWayServices/debtparty" xmlns:par="http://fsb.belgium.be/FourthWayServices/party" xmlns:debt="http://fsb.belgium.be/FourthWayServices/debt" xmlns:leg="http://fsb.belgium.be/FourthWayServices/legalbase" xmlns:tec="http://fsb.belgium.be/FourthWayServices/technical" xmlns:xd="http://www.w3.org/2000/09/xmldsig#">
   <soapenv:Header/>
   <soapenv:Body>
      <v1:fiscalDebtNotificationRequest>
         <v1:messageContext>
         	  <v11:messageId>${=import static java.util.UUID.randomUUID; uuid = randomUUID() as String}</v11:messageId>
            <v11:timestamp>${=new java.text.SimpleDateFormat("yyyy-MM-dd'T'HH:mm:ss.SSS").format(new Date())}</v11:timestamp>
         </v1:messageContext>
         <v1:legalContext>ServiceIntegrator</v1:legalContext>      
         <v1:request>
 		<ns46:debtNotification Id="SignMe" xmlns:ns50="http://be.belgium.fsb/fourthWayService/Debt" xmlns="http://fsb.belgium.be/FourthWayServices/common/addressinformation" xmlns:ns10="http://fsb.belgium.be/FourthWayServices/shipinformation" xmlns:ns11="http://fsb.belgium.be/FourthWayServices/selfemployed" xmlns:ns12="http://fsb.belgium.be/FourthWayServices/institution" xmlns:ns13="http://fsb.belgium.be/FourthWayServices/enterprise" xmlns:ns14="http://fsb.belgium.be/FourthWayServices/honorbaseddeclarations" xmlns:ns15="http://fsb.belgium.be/FourthWayServices/unregisteredparty" xmlns:ns16="http://fsb.belgium.be/FourthWayServices/partnerdescription" xmlns:ns17="http://fsb.belgium.be/FourthWayServices/mortgagegoods" xmlns:ns18="http://fsb.belgium.be/FourthWayServices/deficitcaseinformation" xmlns:ns19="http://fsb.belgium.be/FourthWayServices/debtinquiry" xmlns:ns2="http://fsb.belgium.be/FourthWayServices/common/datatypes" xmlns:ns20="http://fsb.belgium.be/FourthWayServices/immovablegoodtransaction" xmlns:ns21="http://fsb.belgium.be/FourthWayServices/movablegoodtransaction" xmlns:ns22="http://fsb.belgium.be/FourthWayServices/inheritanceinformation" xmlns:ns23="http://fsb.belgium.be/FourthWayServices/successiontransaction" xmlns:ns24="http://fsb.belgium.be/FourthWayServices/fourthwaymessage" xmlns:ns25="http://fsb.belgium.be/FourthWayServices/generalcaseinformation" xmlns:ns26="http://www.w3.org/2000/09/xmldsig#" xmlns:ns27="http://fsb.belgium.be/FourthWayServices/technical" xmlns:ns28="http://fsb.belgium.be/FourthWayServices/acknowledgementinformation" xmlns:ns29="http://fsb.belgium.be/FourthWayServices/error" xmlns:ns3="http://fsb.belgium.be/FourthWayServices/salesinformation" xmlns:ns30="http://fsb.belgium.be/FourthWayServices/businesserror" xmlns:ns31="http://fsb.belgium.be/FourthWayServices/fiscaldebtdetails" xmlns:ns32="http://fsb.belgium.be/FourthWayServices/officialproclamation" xmlns:ns33="http://fsb.belgium.be/FourthWayServices/beneficiary" xmlns:ns34="http://fsb.belgium.be/FourthWayServices/common/bankaccount" xmlns:ns35="http://fsb.belgium.be/FourthWayServices/debtdetailedinformation" xmlns:ns36="http://fsb.belgium.be/FourthWayServices/debtsolidarity" xmlns:ns37="http://fsb.belgium.be/FourthWayServices/fiscaldebt" xmlns:ns38="http://fsb.belgium.be/FourthWayServices/socialdebtdetails" xmlns:ns39="http://fsb.belgium.be/FourthWayServices/debtinformation" xmlns:ns4="http://fsb.belgium.be/FourthWayServices/gooddescription" xmlns:ns40="http://fsb.belgium.be/FourthWayServices/socialdebt" xmlns:ns41="http://fsb.belgium.be/FourthWayServices/fiscalregionflandersdebtdetails" xmlns:ns42="http://fsb.belgium.be/FourthWayServices/fiscalregionflandersdebt" xmlns:ns43="http://fsb.belgium.be/FourthWayServices/debt" xmlns:ns44="http://fsb.belgium.be/FourthWayServices/debtparty" xmlns:ns45="http://fsb.belgium.be/FourthWayServices/legalbase" xmlns:ns46="http://fsb.belgium.be/FourthWayServices/debtnotification" xmlns:ns47="http://fsb.belgium.be/FourthWayServices/debtdeficitnotification" xmlns:ns48="http://fsb.belgium.be/FourthWayServices/header" xmlns:ns49="http://fsb.belgium.be/header" xmlns:ns5="http://fsb.belgium.be/FourthWayServices/party" xmlns:ns51="http://fsb.belgium.be/FourthWayServices/technicalack" xmlns:ns52="http://fsb.belgium.be/FourthWayServices/functionalack" xmlns:ns6="http://fsb.belgium.be/FourthWayServices/naturalperson" xmlns:ns7="http://fsb.belgium.be/FourthWayServices/nonresident" xmlns:ns8="http://fsb.belgium.be/FourthWayServices/contact" xmlns:ns9="http://fsb.belgium.be/FourthWayServices/propertyinformation">
            <ns25:generalCaseInformation>
               <ns25:administrativeInformation>
                  <ns25:language>FR</ns25:language>
                  <ns25:caseNumber>2444080.210115.0167</ns25:caseNumber>
                  <ns25:transactionType>3</ns25:transactionType>
                  <ns25:procedureNumber>ENOT4000000419570</ns25:procedureNumber>
                  <ns25:replacedProcedureNumber xsi:nil="true" xmlns:xsi="http://www.w3.org/2001/XMLSchema-instance"/>
                  <ns25:requestDate>2015-01-21T14:50:02.446+01:00</ns25:requestDate>
                  <ns25:origin>
                     <ns2:origin>
                        <ns2:partner>FPS Finance</ns2:partner>
                        <ns2:partnerCode codeType="KBO">0308357159</ns2:partnerCode>
                     </ns2:origin>
                  </ns25:origin>
                  <ns25:destinations>
                     <ns2:destination>
                        <ns2:partner>FRNB</ns2:partner>
                        <ns2:partnerCode codeType="KBO">0409357321</ns2:partnerCode>
                     </ns2:destination>
                  </ns25:destinations>
                  <ns25:requestorInformation>
                     <ns12:institution>
                        <ns12:institutionType>Federal</ns12:institutionType>
                        <ns12:institutionName>Huy</ns12:institutionName>
                        <ns12:institutionIdentificationNumber type="CDDB">600904</ns12:institutionIdentificationNumber>
                        <address>
                           <location>
                              <country>
                                 <countryCode codeStandard="ISO">BE</countryCode>
                              </country>
                              <postalCode>4500</postalCode>
                           </location>
                           <street>Avenue Albert 1er</street>
                           <houseNumber>8/10</houseNumber>
                        </address>
                        <ns12:contactInformation>
                           <ns8:phoneNumber type="phone">025783660</ns8:phoneNumber>
                           <ns8:emailAddress type="email">rec.cd.huy@minfin.fed.be</ns8:emailAddress>
                        </ns12:contactInformation>
                     </ns12:institution>
                     <ns25:responsiblePerson>
                        <ns2:name>
                           <ns2:firstName>Testuser</ns2:firstName>
                           <ns2:lastName>testuser.enotrec01</ns2:lastName>
                        </ns2:name>
                        <ns8:contactInformation/>
                     </ns25:responsiblePerson>
                     <ns25:contactPerson>
                        <ns2:name>
                           <ns2:firstName>Testuser</ns2:firstName>
                           <ns2:lastName>EnotRec01</ns2:lastName>
                        </ns2:name>
                        <ns8:contactInformation>
                           <ns8:emailAddress type="email">testuser.enotrec01@guest.minfin.fed.be</ns8:emailAddress>
                        </ns8:contactInformation>
                     </ns25:contactPerson>
                  </ns25:requestorInformation>
               </ns25:administrativeInformation>
            </ns25:generalCaseInformation>
            <ns44:debtParty>
               <ns5:party partyID="005">
                  <ns5:residentialParty>false</ns5:residentialParty>
                  <ns6:naturalPerson>
                     <ns2:entityReference>
                        <ns2:source>notice1</ns2:source>
                        <ns2:entityID type="nationalNumber">68082123438</ns2:entityID>
                     </ns2:entityReference>
                     <ns6:personInformation>
                        <ns2:name>
                           <ns2:firstName>Yolande Adrienne</ns2:firstName>
                           <ns2:lastName>BUITER</ns2:lastName>
                        </ns2:name>
                        <address>
                           <location>
                              <country>
                                 <countryDescription>Belgium</countryDescription>
                                 <countryCode codeStandard="ISO">BE</countryCode>
                              </country>
                              <municipalityDescription>Verlaine</municipalityDescription>
                              <postalCode>4537</postalCode>
                           </location>
                           <street>Rue aux Raines</street>
                           <houseNumber>53</houseNumber>
                        </address>
                     </ns6:personInformation>
                  </ns6:naturalPerson>
               </ns5:party>
               <ns43:debt debtID="1">
                  <ns37:fiscaldebt>
                     <ns31:fiscalDebtDetails>
                        <ns31:debtType>VAT</ns31:debtType>
                        <ns31:declarations>
                           <ns31:negligenceClause>
                              <ns31:additionalIntrest>0</ns31:additionalIntrest>
                              <ns31:additionalIntrestFromDate>2015-01-21+01:00</ns31:additionalIntrestFromDate>
                           </ns31:negligenceClause>
                        </ns31:declarations>
                        <ns2:referencePeriod>
                           <ns2:startDate>2015-01-06+01:00</ns2:startDate>
                           <ns2:endDate>2015-01-13+01:00</ns2:endDate>
                        </ns2:referencePeriod>
                        <ns31:totalDebt>45</ns31:totalDebt>
                        <ns31:debtBreakdown>
                           <ns31:debtSubType>VAT</ns31:debtSubType>
                           <ns31:debtSubAmount>45</ns31:debtSubAmount>
                        </ns31:debtBreakdown>
                        <ns31:debtBreakdown>
                           <ns31:debtSubType>IM</ns31:debtSubType>
                           <ns31:debtSubAmount>0</ns31:debtSubAmount>
                        </ns31:debtBreakdown>
                        <ns31:debtBreakdown>
                           <ns31:debtSubType>INTEREST</ns31:debtSubType>
                           <ns31:debtSubAmount>0</ns31:debtSubAmount>
                        </ns31:debtBreakdown>
                        <ns31:debtBreakdown>
                           <ns31:debtSubType>FINES</ns31:debtSubType>
                           <ns31:debtSubAmount>0</ns31:debtSubAmount>
                        </ns31:debtBreakdown>
                        <ns31:debtBreakdown>
                           <ns31:debtSubType>COST</ns31:debtSubType>
                           <ns31:debtSubAmount>0</ns31:debtSubAmount>
                        </ns31:debtBreakdown>
                     </ns31:fiscalDebtDetails>
                     <ns32:officialProclamation/>
                     <ns33:beneficiary>
                        <ns33:beneficiaryName>CTRI Namur</ns33:beneficiaryName>
                        <ns33:structuredMessage>N99998745412NOT/</ns33:structuredMessage>
                        <ns33:amount>45</ns33:amount>
                        <ns34:bankAccount>
                           <ns34:ibanNumber>BE42 6792 0034 9254</ns34:ibanNumber>
                           <ns34:bicCode>PCHQBEBB</ns34:bicCode>
                           <ns34:accountName>CTRI Namur</ns34:accountName>
                           <address>
                              <location>
                                 <country>
                                    <countryCode codeStandard="ISO">BE</countryCode>
                                 </country>
                                 <municipalityDescription language="fr">Namur</municipalityDescription>
                                 <postalCode>5000</postalCode>
                              </location>
                              <street>Rue des Bourgeois</street>
                              <houseNumber>7/Bloc B</houseNumber>
                           </address>
                        </ns34:bankAccount>
                     </ns33:beneficiary>
                     <ns35:debtDetailedInformation>
                        <ns35:calculationDate>2015-01-21+01:00</ns35:calculationDate>
                        <ns35:referentialNumber>999998745412</ns35:referentialNumber>
                     </ns35:debtDetailedInformation>
                  </ns37:fiscaldebt>
               </ns43:debt>
               <ns44:totalDebtAmount>45</ns44:totalDebtAmount>
            </ns44:debtParty>
            <ns45:legalBase>
               <ns45:legalSource>Code de la taxe sur la valeur ajout��e</ns45:legalSource>
               <ns45:legalBaseIdentifier>Article 93quater</ns45:legalBaseIdentifier>
            </ns45:legalBase>
            <ns27:technical>
               <ns26:Signature>
                  <ns26:SignedInfo>
                     <ns26:CanonicalizationMethod Algorithm="http://www.w3.org/TR/2001/REC-xml-c14n-20010315"/>
                     <ns26:SignatureMethod Algorithm="http://www.w3.org/2000/09/xmldsig#rsa-sha1"/>
                     <ns26:Reference URI="#signMe">
                        <ns26:DigestMethod Algorithm="http://www.w3.org/2000/09/xmldsig#sha1"/>
                        <ns26:DigestValue>CbUOX9jTy0uYSCKDVQl6peUatJ8=</ns26:DigestValue>
                     </ns26:Reference>
                  </ns26:SignedInfo>
                  <ns26:SignatureValue>WBXEECQtMTWGGq5EGO+5kyVw1kJefLsfHVA/5eYB6pZ3GOZ7LOLc/jAhKbqxeV3qdWiMGx3VzgvdF4ZaMB2HS1fLmnOmNDXHhrrqYQJ51LGDvex39k7/xAJAmuub7MDtfAu08WBTVpmQ5khGL9ZrYOXr5RoG70BrlWNr+37FekM=</ns26:SignatureValue>
                  <ns26:KeyInfo>
                     <ns26:X509Data>
                        <ns26:X509SubjectName>ST=Brussels,L=Brussels,OU=Belgian Federal Government,O=Federal Public Service Finances,CN=Test SPF Finances - FOD Financien,C=BE</ns26:X509SubjectName>
                        <ns26:X509Certificate>MIIDKzCCApSgAwIBAgIJAIkxAL2MG081MA0GCSqGSIb3DQEBBQUAMIGuMQswCQYDVQQGEwJCRTEqMCgGA1UEAxMhVGVzdCBTUEYgRmluYW5jZXMgLSBGT0QgRmluYW5jaWVuMSgwJgYDVQQKEx9GZWRlcmFsIFB1YmxpYyBTZXJ2aWNlIEZpbmFuY2VzMSMwIQYDVQQLExpCZWxnaWFuIEZlZGVyYWwgR292ZXJubWVudDERMA8GA1UEBxMIQnJ1c3NlbHMxETAPBgNVBAgTCEJydXNzZWxzMB4XDTA4MDUwNjA4MDcyMFoXDTE4MDUwNzA4MDcyMFowga4xCzAJBgNVBAYTAkJFMSowKAYDVQQDEyFUZXN0IFNQRiBGaW5hbmNlcyAtIEZPRCBGaW5hbmNpZW4xKDAmBgNVBAoTH0ZlZGVyYWwgUHVibGljIFNlcnZpY2UgRmluYW5jZXMxIzAhBgNVBAsTGkJlbGdpYW4gRmVkZXJhbCBHb3Zlcm5tZW50MREwDwYDVQQHEwhCcnVzc2VsczERMA8GA1UECBMIQnJ1c3NlbHMwgZ8wDQYJKoZIhvcNAQEBBQADgY0AMIGJAoGBAJ8T/80iF50FvothkWOZDsZUPKM52fxhNdKMT+E/lODqejyJ2iQkjEuW5yJKo0lXNj+Gxwfl99bD16IJMagbrxBnJPwR7SeS3JQ0IaLkOorOoeZkZLFoFMSfZWT9uCf6Qf/uNMQtRnX2351P1OF3cld68uFGUNS8U93OqxS9R/ZvAgMBAAGjTzBNMAwGA1UdEwQFMAMBAf8wCwYDVR0PBAQDAgTwMB0GA1UdJQQWMBQGCCsGAQUFBwMCBggrBgEFBQcDBDARBglghkgBhvhCAQEEBAMCBLAwDQYJKoZIhvcNAQEFBQADgYEATnEO8juTdcZtwzvl5EHnZ9+6cEM9rsWuQtq43UXw4RqveHWUE+Cn2ElMPiyuxLLzkzQTbcDYxI9FgVAXFEmqPf7Jii2PpHIlo8yHWCWMuPP0OykMF6YuCtyutKJBbGuTT36gNVAUEPeD34fzB5pgy2aG5wQTQctRdDz07CVM3cI=</ns26:X509Certificate>
                     </ns26:X509Data>
                  </ns26:KeyInfo>
               </ns26:Signature>
            </ns27:technical>
         </ns46:debtNotification>
         </v1:request>
      </v1:fiscalDebtNotificationRequest>
   </soapenv:Body>
</soapenv:Envelope>]]></con:request><con:credentials><con:selectedAuthProfile>Basic</con:selectedAuthProfile><con:addedBasicAuthenticationTypes>Basic</con:addedBasicAuthenticationTypes><con:authType>Global HTTP Settings</con:authType></con:credentials><con:jmsConfig JMSDeliveryMode="PERSISTENT"/><con:jmsPropertyConfig/><con:wsaConfig mustUnderstand="NONE" version="200508" action="http://fidus.brussels/services/fourthwaydebtservice/fiscalDebtNotification"/><con:wsrmConfig version="1.2"/></con:call><con:call id="a11fa688-380e-4309-b0fd-3ce8c4a419bd" name="3 - Test - External - Request" outgoingWss="Outflow TEST" incomingWss="Inflow TEST"><con:settings><con:setting id="com.eviware.soapui.impl.wsdl.WsdlRequest@request-headers">&lt;xml-fragment/></con:setting></con:settings><con:encoding>UTF-8</con:encoding><con:endpoint>https://fidus-test.irisnetlab.be/services/FourthWayDebtService_v1.0</con:endpoint><con:request><![CDATA[<soapenv:Envelope xmlns:soapenv="http://schemas.xmlsoap.org/soap/envelope/" xmlns:v1="http://fidus.brussels/service/fourthwaydebtservice/messages/v1" xmlns:v11="http://fidus.brussels/type/common/messages/v1" xmlns:deb="http://fsb.belgium.be/FourthWayServices/debtnotification" xmlns:gen="http://fsb.belgium.be/FourthWayServices/generalcaseinformation" xmlns:dat="http://fsb.belgium.be/FourthWayServices/common/datatypes" xmlns:ins="http://fsb.belgium.be/FourthWayServices/institution" xmlns:add="http://fsb.belgium.be/FourthWayServices/common/addressinformation" xmlns:con="http://fsb.belgium.be/FourthWayServices/contact" xmlns:deb1="http://fsb.belgium.be/FourthWayServices/debtparty" xmlns:par="http://fsb.belgium.be/FourthWayServices/party" xmlns:debt="http://fsb.belgium.be/FourthWayServices/debt" xmlns:leg="http://fsb.belgium.be/FourthWayServices/legalbase" xmlns:tec="http://fsb.belgium.be/FourthWayServices/technical" xmlns:xd="http://www.w3.org/2000/09/xmldsig#">
   <soapenv:Header/>
   <soapenv:Body>
      <v1:fiscalDebtNotificationRequest>
         <v1:messageContext>
         	  <v11:messageId>${=import static java.util.UUID.randomUUID; uuid = randomUUID() as String}</v11:messageId>
            <v11:timestamp>${=new java.text.SimpleDateFormat("yyyy-MM-dd'T'HH:mm:ss.SSS").format(new Date())}</v11:timestamp>
         </v1:messageContext>
         <v1:legalContext>ServiceIntegrator</v1:legalContext>      
         <v1:request>
 		<ns46:debtNotification Id="SignMe" xmlns:ns50="http://be.belgium.fsb/fourthWayService/Debt" xmlns="http://fsb.belgium.be/FourthWayServices/common/addressinformation" xmlns:ns10="http://fsb.belgium.be/FourthWayServices/shipinformation" xmlns:ns11="http://fsb.belgium.be/FourthWayServices/selfemployed" xmlns:ns12="http://fsb.belgium.be/FourthWayServices/institution" xmlns:ns13="http://fsb.belgium.be/FourthWayServices/enterprise" xmlns:ns14="http://fsb.belgium.be/FourthWayServices/honorbaseddeclarations" xmlns:ns15="http://fsb.belgium.be/FourthWayServices/unregisteredparty" xmlns:ns16="http://fsb.belgium.be/FourthWayServices/partnerdescription" xmlns:ns17="http://fsb.belgium.be/FourthWayServices/mortgagegoods" xmlns:ns18="http://fsb.belgium.be/FourthWayServices/deficitcaseinformation" xmlns:ns19="http://fsb.belgium.be/FourthWayServices/debtinquiry" xmlns:ns2="http://fsb.belgium.be/FourthWayServices/common/datatypes" xmlns:ns20="http://fsb.belgium.be/FourthWayServices/immovablegoodtransaction" xmlns:ns21="http://fsb.belgium.be/FourthWayServices/movablegoodtransaction" xmlns:ns22="http://fsb.belgium.be/FourthWayServices/inheritanceinformation" xmlns:ns23="http://fsb.belgium.be/FourthWayServices/successiontransaction" xmlns:ns24="http://fsb.belgium.be/FourthWayServices/fourthwaymessage" xmlns:ns25="http://fsb.belgium.be/FourthWayServices/generalcaseinformation" xmlns:ns26="http://www.w3.org/2000/09/xmldsig#" xmlns:ns27="http://fsb.belgium.be/FourthWayServices/technical" xmlns:ns28="http://fsb.belgium.be/FourthWayServices/acknowledgementinformation" xmlns:ns29="http://fsb.belgium.be/FourthWayServices/error" xmlns:ns3="http://fsb.belgium.be/FourthWayServices/salesinformation" xmlns:ns30="http://fsb.belgium.be/FourthWayServices/businesserror" xmlns:ns31="http://fsb.belgium.be/FourthWayServices/fiscaldebtdetails" xmlns:ns32="http://fsb.belgium.be/FourthWayServices/officialproclamation" xmlns:ns33="http://fsb.belgium.be/FourthWayServices/beneficiary" xmlns:ns34="http://fsb.belgium.be/FourthWayServices/common/bankaccount" xmlns:ns35="http://fsb.belgium.be/FourthWayServices/debtdetailedinformation" xmlns:ns36="http://fsb.belgium.be/FourthWayServices/debtsolidarity" xmlns:ns37="http://fsb.belgium.be/FourthWayServices/fiscaldebt" xmlns:ns38="http://fsb.belgium.be/FourthWayServices/socialdebtdetails" xmlns:ns39="http://fsb.belgium.be/FourthWayServices/debtinformation" xmlns:ns4="http://fsb.belgium.be/FourthWayServices/gooddescription" xmlns:ns40="http://fsb.belgium.be/FourthWayServices/socialdebt" xmlns:ns41="http://fsb.belgium.be/FourthWayServices/fiscalregionflandersdebtdetails" xmlns:ns42="http://fsb.belgium.be/FourthWayServices/fiscalregionflandersdebt" xmlns:ns43="http://fsb.belgium.be/FourthWayServices/debt" xmlns:ns44="http://fsb.belgium.be/FourthWayServices/debtparty" xmlns:ns45="http://fsb.belgium.be/FourthWayServices/legalbase" xmlns:ns46="http://fsb.belgium.be/FourthWayServices/debtnotification" xmlns:ns47="http://fsb.belgium.be/FourthWayServices/debtdeficitnotification" xmlns:ns48="http://fsb.belgium.be/FourthWayServices/header" xmlns:ns49="http://fsb.belgium.be/header" xmlns:ns5="http://fsb.belgium.be/FourthWayServices/party" xmlns:ns51="http://fsb.belgium.be/FourthWayServices/technicalack" xmlns:ns52="http://fsb.belgium.be/FourthWayServices/functionalack" xmlns:ns6="http://fsb.belgium.be/FourthWayServices/naturalperson" xmlns:ns7="http://fsb.belgium.be/FourthWayServices/nonresident" xmlns:ns8="http://fsb.belgium.be/FourthWayServices/contact" xmlns:ns9="http://fsb.belgium.be/FourthWayServices/propertyinformation">
            <ns25:generalCaseInformation>
               <ns25:administrativeInformation>
                  <ns25:language>FR</ns25:language>
                  <ns25:caseNumber>2444080.210115.0167</ns25:caseNumber>
                  <ns25:transactionType>3</ns25:transactionType>
                  <ns25:procedureNumber>ENOT4000000419570</ns25:procedureNumber>
                  <ns25:replacedProcedureNumber xsi:nil="true" xmlns:xsi="http://www.w3.org/2001/XMLSchema-instance"/>
                  <ns25:requestDate>2015-01-21T14:50:02.446+01:00</ns25:requestDate>
                  <ns25:origin>
                     <ns2:origin>
                        <ns2:partner>FPS Finance</ns2:partner>
                        <ns2:partnerCode codeType="KBO">0308357159</ns2:partnerCode>
                     </ns2:origin>
                  </ns25:origin>
                  <ns25:destinations>
                     <ns2:destination>
                        <ns2:partner>FRNB</ns2:partner>
                        <ns2:partnerCode codeType="KBO">0409357321</ns2:partnerCode>
                     </ns2:destination>
                  </ns25:destinations>
                  <ns25:requestorInformation>
                     <ns12:institution>
                        <ns12:institutionType>Federal</ns12:institutionType>
                        <ns12:institutionName>Huy</ns12:institutionName>
                        <ns12:institutionIdentificationNumber type="CDDB">600904</ns12:institutionIdentificationNumber>
                        <address>
                           <location>
                              <country>
                                 <countryCode codeStandard="ISO">BE</countryCode>
                              </country>
                              <postalCode>4500</postalCode>
                           </location>
                           <street>Avenue Albert 1er</street>
                           <houseNumber>8/10</houseNumber>
                        </address>
                        <ns12:contactInformation>
                           <ns8:phoneNumber type="phone">025783660</ns8:phoneNumber>
                           <ns8:emailAddress type="email">rec.cd.huy@minfin.fed.be</ns8:emailAddress>
                        </ns12:contactInformation>
                     </ns12:institution>
                     <ns25:responsiblePerson>
                        <ns2:name>
                           <ns2:firstName>Testuser</ns2:firstName>
                           <ns2:lastName>testuser.enotrec01</ns2:lastName>
                        </ns2:name>
                        <ns8:contactInformation/>
                     </ns25:responsiblePerson>
                     <ns25:contactPerson>
                        <ns2:name>
                           <ns2:firstName>Testuser</ns2:firstName>
                           <ns2:lastName>EnotRec01</ns2:lastName>
                        </ns2:name>
                        <ns8:contactInformation>
                           <ns8:emailAddress type="email">testuser.enotrec01@guest.minfin.fed.be</ns8:emailAddress>
                        </ns8:contactInformation>
                     </ns25:contactPerson>
                  </ns25:requestorInformation>
               </ns25:administrativeInformation>
            </ns25:generalCaseInformation>
            <ns44:debtParty>
               <ns5:party partyID="005">
                  <ns5:residentialParty>false</ns5:residentialParty>
                  <ns6:naturalPerson>
                     <ns2:entityReference>
                        <ns2:source>notice1</ns2:source>
                        <ns2:entityID type="nationalNumber">68082123438</ns2:entityID>
                     </ns2:entityReference>
                     <ns6:personInformation>
                        <ns2:name>
                           <ns2:firstName>Yolande Adrienne</ns2:firstName>
                           <ns2:lastName>BUITER</ns2:lastName>
                        </ns2:name>
                        <address>
                           <location>
                              <country>
                                 <countryDescription>Belgium</countryDescription>
                                 <countryCode codeStandard="ISO">BE</countryCode>
                              </country>
                              <municipalityDescription>Verlaine</municipalityDescription>
                              <postalCode>4537</postalCode>
                           </location>
                           <street>Rue aux Raines</street>
                           <houseNumber>53</houseNumber>
                        </address>
                     </ns6:personInformation>
                  </ns6:naturalPerson>
               </ns5:party>
               <ns43:debt debtID="1">
                  <ns37:fiscaldebt>
                     <ns31:fiscalDebtDetails>
                        <ns31:debtType>VAT</ns31:debtType>
                        <ns31:declarations>
                           <ns31:negligenceClause>
                              <ns31:additionalIntrest>0</ns31:additionalIntrest>
                              <ns31:additionalIntrestFromDate>2015-01-21+01:00</ns31:additionalIntrestFromDate>
                           </ns31:negligenceClause>
                        </ns31:declarations>
                        <ns2:referencePeriod>
                           <ns2:startDate>2015-01-06+01:00</ns2:startDate>
                           <ns2:endDate>2015-01-13+01:00</ns2:endDate>
                        </ns2:referencePeriod>
                        <ns31:totalDebt>45</ns31:totalDebt>
                        <ns31:debtBreakdown>
                           <ns31:debtSubType>VAT</ns31:debtSubType>
                           <ns31:debtSubAmount>45</ns31:debtSubAmount>
                        </ns31:debtBreakdown>
                        <ns31:debtBreakdown>
                           <ns31:debtSubType>IM</ns31:debtSubType>
                           <ns31:debtSubAmount>0</ns31:debtSubAmount>
                        </ns31:debtBreakdown>
                        <ns31:debtBreakdown>
                           <ns31:debtSubType>INTEREST</ns31:debtSubType>
                           <ns31:debtSubAmount>0</ns31:debtSubAmount>
                        </ns31:debtBreakdown>
                        <ns31:debtBreakdown>
                           <ns31:debtSubType>FINES</ns31:debtSubType>
                           <ns31:debtSubAmount>0</ns31:debtSubAmount>
                        </ns31:debtBreakdown>
                        <ns31:debtBreakdown>
                           <ns31:debtSubType>COST</ns31:debtSubType>
                           <ns31:debtSubAmount>0</ns31:debtSubAmount>
                        </ns31:debtBreakdown>
                     </ns31:fiscalDebtDetails>
                     <ns32:officialProclamation/>
                     <ns33:beneficiary>
                        <ns33:beneficiaryName>CTRI Namur</ns33:beneficiaryName>
                        <ns33:structuredMessage>N99998745412NOT/</ns33:structuredMessage>
                        <ns33:amount>45</ns33:amount>
                        <ns34:bankAccount>
                           <ns34:ibanNumber>BE42 6792 0034 9254</ns34:ibanNumber>
                           <ns34:bicCode>PCHQBEBB</ns34:bicCode>
                           <ns34:accountName>CTRI Namur</ns34:accountName>
                           <address>
                              <location>
                                 <country>
                                    <countryCode codeStandard="ISO">BE</countryCode>
                                 </country>
                                 <municipalityDescription language="fr">Namur</municipalityDescription>
                                 <postalCode>5000</postalCode>
                              </location>
                              <street>Rue des Bourgeois</street>
                              <houseNumber>7/Bloc B</houseNumber>
                           </address>
                        </ns34:bankAccount>
                     </ns33:beneficiary>
                     <ns35:debtDetailedInformation>
                        <ns35:calculationDate>2015-01-21+01:00</ns35:calculationDate>
                        <ns35:referentialNumber>999998745412</ns35:referentialNumber>
                     </ns35:debtDetailedInformation>
                  </ns37:fiscaldebt>
               </ns43:debt>
               <ns44:totalDebtAmount>45</ns44:totalDebtAmount>
            </ns44:debtParty>
            <ns45:legalBase>
               <ns45:legalSource>Code de la taxe sur la valeur ajout��e</ns45:legalSource>
               <ns45:legalBaseIdentifier>Article 93quater</ns45:legalBaseIdentifier>
            </ns45:legalBase>
            <ns27:technical>
               <ns26:Signature>
                  <ns26:SignedInfo>
                     <ns26:CanonicalizationMethod Algorithm="http://www.w3.org/TR/2001/REC-xml-c14n-20010315"/>
                     <ns26:SignatureMethod Algorithm="http://www.w3.org/2000/09/xmldsig#rsa-sha1"/>
                     <ns26:Reference URI="#signMe">
                        <ns26:DigestMethod Algorithm="http://www.w3.org/2000/09/xmldsig#sha1"/>
                        <ns26:DigestValue>CbUOX9jTy0uYSCKDVQl6peUatJ8=</ns26:DigestValue>
                     </ns26:Reference>
                  </ns26:SignedInfo>
                  <ns26:SignatureValue>WBXEECQtMTWGGq5EGO+5kyVw1kJefLsfHVA/5eYB6pZ3GOZ7LOLc/jAhKbqxeV3qdWiMGx3VzgvdF4ZaMB2HS1fLmnOmNDXHhrrqYQJ51LGDvex39k7/xAJAmuub7MDtfAu08WBTVpmQ5khGL9ZrYOXr5RoG70BrlWNr+37FekM=</ns26:SignatureValue>
                  <ns26:KeyInfo>
                     <ns26:X509Data>
                        <ns26:X509SubjectName>ST=Brussels,L=Brussels,OU=Belgian Federal Government,O=Federal Public Service Finances,CN=Test SPF Finances - FOD Financien,C=BE</ns26:X509SubjectName>
                        <ns26:X509Certificate>MIIDKzCCApSgAwIBAgIJAIkxAL2MG081MA0GCSqGSIb3DQEBBQUAMIGuMQswCQYDVQQGEwJCRTEqMCgGA1UEAxMhVGVzdCBTUEYgRmluYW5jZXMgLSBGT0QgRmluYW5jaWVuMSgwJgYDVQQKEx9GZWRlcmFsIFB1YmxpYyBTZXJ2aWNlIEZpbmFuY2VzMSMwIQYDVQQLExpCZWxnaWFuIEZlZGVyYWwgR292ZXJubWVudDERMA8GA1UEBxMIQnJ1c3NlbHMxETAPBgNVBAgTCEJydXNzZWxzMB4XDTA4MDUwNjA4MDcyMFoXDTE4MDUwNzA4MDcyMFowga4xCzAJBgNVBAYTAkJFMSowKAYDVQQDEyFUZXN0IFNQRiBGaW5hbmNlcyAtIEZPRCBGaW5hbmNpZW4xKDAmBgNVBAoTH0ZlZGVyYWwgUHVibGljIFNlcnZpY2UgRmluYW5jZXMxIzAhBgNVBAsTGkJlbGdpYW4gRmVkZXJhbCBHb3Zlcm5tZW50MREwDwYDVQQHEwhCcnVzc2VsczERMA8GA1UECBMIQnJ1c3NlbHMwgZ8wDQYJKoZIhvcNAQEBBQADgY0AMIGJAoGBAJ8T/80iF50FvothkWOZDsZUPKM52fxhNdKMT+E/lODqejyJ2iQkjEuW5yJKo0lXNj+Gxwfl99bD16IJMagbrxBnJPwR7SeS3JQ0IaLkOorOoeZkZLFoFMSfZWT9uCf6Qf/uNMQtRnX2351P1OF3cld68uFGUNS8U93OqxS9R/ZvAgMBAAGjTzBNMAwGA1UdEwQFMAMBAf8wCwYDVR0PBAQDAgTwMB0GA1UdJQQWMBQGCCsGAQUFBwMCBggrBgEFBQcDBDARBglghkgBhvhCAQEEBAMCBLAwDQYJKoZIhvcNAQEFBQADgYEATnEO8juTdcZtwzvl5EHnZ9+6cEM9rsWuQtq43UXw4RqveHWUE+Cn2ElMPiyuxLLzkzQTbcDYxI9FgVAXFEmqPf7Jii2PpHIlo8yHWCWMuPP0OykMF6YuCtyutKJBbGuTT36gNVAUEPeD34fzB5pgy2aG5wQTQctRdDz07CVM3cI=</ns26:X509Certificate>
                     </ns26:X509Data>
                  </ns26:KeyInfo>
               </ns26:Signature>
            </ns27:technical>
         </ns46:debtNotification>
         </v1:request>
      </v1:fiscalDebtNotificationRequest>
   </soapenv:Body>
</soapenv:Envelope>]]></con:request><con:credentials><con:selectedAuthProfile>Basic</con:selectedAuthProfile><con:addedBasicAuthenticationTypes>Basic</con:addedBasicAuthenticationTypes><con:authType>Global HTTP Settings</con:authType></con:credentials><con:jmsConfig JMSDeliveryMode="PERSISTENT"/><con:jmsPropertyConfig/><con:wsaConfig mustUnderstand="NONE" version="200508" action="http://fidus.brussels/services/fourthwaydebtservice/fiscalDebtNotification"/><con:wsrmConfig version="1.2"/></con:call><con:call id="00e7d8f2-500a-4b6c-9539-f55ed58f29c2" name="3 - Test - LB - Request" outgoingWss="Outflow TEST" incomingWss="Inflow TEST"><con:settings><con:setting id="com.eviware.soapui.impl.wsdl.WsdlRequest@request-headers">&lt;xml-fragment/></con:setting></con:settings><con:encoding>UTF-8</con:encoding><con:endpoint>https://esb-security-gw.sta.srv.cirb.lan:8443/services/FourthWayDebtService_v1.0</con:endpoint><con:request><![CDATA[<soapenv:Envelope xmlns:soapenv="http://schemas.xmlsoap.org/soap/envelope/" xmlns:v1="http://fidus.brussels/service/fourthwaydebtservice/messages/v1" xmlns:v11="http://fidus.brussels/type/common/messages/v1" xmlns:deb="http://fsb.belgium.be/FourthWayServices/debtnotification" xmlns:gen="http://fsb.belgium.be/FourthWayServices/generalcaseinformation" xmlns:dat="http://fsb.belgium.be/FourthWayServices/common/datatypes" xmlns:ins="http://fsb.belgium.be/FourthWayServices/institution" xmlns:add="http://fsb.belgium.be/FourthWayServices/common/addressinformation" xmlns:con="http://fsb.belgium.be/FourthWayServices/contact" xmlns:deb1="http://fsb.belgium.be/FourthWayServices/debtparty" xmlns:par="http://fsb.belgium.be/FourthWayServices/party" xmlns:debt="http://fsb.belgium.be/FourthWayServices/debt" xmlns:leg="http://fsb.belgium.be/FourthWayServices/legalbase" xmlns:tec="http://fsb.belgium.be/FourthWayServices/technical" xmlns:xd="http://www.w3.org/2000/09/xmldsig#">
   <soapenv:Header/>
   <soapenv:Body>
      <v1:fiscalDebtNotificationRequest>
         <v1:messageContext>
         	  <v11:messageId>${=import static java.util.UUID.randomUUID; uuid = randomUUID() as String}</v11:messageId>
            <v11:timestamp>${=new java.text.SimpleDateFormat("yyyy-MM-dd'T'HH:mm:ss.SSS").format(new Date())}</v11:timestamp>
         </v1:messageContext>
         <v1:legalContext>ServiceIntegrator</v1:legalContext>      
         <v1:request>
 		<ns46:debtNotification Id="SignMe" xmlns:ns50="http://be.belgium.fsb/fourthWayService/Debt" xmlns="http://fsb.belgium.be/FourthWayServices/common/addressinformation" xmlns:ns10="http://fsb.belgium.be/FourthWayServices/shipinformation" xmlns:ns11="http://fsb.belgium.be/FourthWayServices/selfemployed" xmlns:ns12="http://fsb.belgium.be/FourthWayServices/institution" xmlns:ns13="http://fsb.belgium.be/FourthWayServices/enterprise" xmlns:ns14="http://fsb.belgium.be/FourthWayServices/honorbaseddeclarations" xmlns:ns15="http://fsb.belgium.be/FourthWayServices/unregisteredparty" xmlns:ns16="http://fsb.belgium.be/FourthWayServices/partnerdescription" xmlns:ns17="http://fsb.belgium.be/FourthWayServices/mortgagegoods" xmlns:ns18="http://fsb.belgium.be/FourthWayServices/deficitcaseinformation" xmlns:ns19="http://fsb.belgium.be/FourthWayServices/debtinquiry" xmlns:ns2="http://fsb.belgium.be/FourthWayServices/common/datatypes" xmlns:ns20="http://fsb.belgium.be/FourthWayServices/immovablegoodtransaction" xmlns:ns21="http://fsb.belgium.be/FourthWayServices/movablegoodtransaction" xmlns:ns22="http://fsb.belgium.be/FourthWayServices/inheritanceinformation" xmlns:ns23="http://fsb.belgium.be/FourthWayServices/successiontransaction" xmlns:ns24="http://fsb.belgium.be/FourthWayServices/fourthwaymessage" xmlns:ns25="http://fsb.belgium.be/FourthWayServices/generalcaseinformation" xmlns:ns26="http://www.w3.org/2000/09/xmldsig#" xmlns:ns27="http://fsb.belgium.be/FourthWayServices/technical" xmlns:ns28="http://fsb.belgium.be/FourthWayServices/acknowledgementinformation" xmlns:ns29="http://fsb.belgium.be/FourthWayServices/error" xmlns:ns3="http://fsb.belgium.be/FourthWayServices/salesinformation" xmlns:ns30="http://fsb.belgium.be/FourthWayServices/businesserror" xmlns:ns31="http://fsb.belgium.be/FourthWayServices/fiscaldebtdetails" xmlns:ns32="http://fsb.belgium.be/FourthWayServices/officialproclamation" xmlns:ns33="http://fsb.belgium.be/FourthWayServices/beneficiary" xmlns:ns34="http://fsb.belgium.be/FourthWayServices/common/bankaccount" xmlns:ns35="http://fsb.belgium.be/FourthWayServices/debtdetailedinformation" xmlns:ns36="http://fsb.belgium.be/FourthWayServices/debtsolidarity" xmlns:ns37="http://fsb.belgium.be/FourthWayServices/fiscaldebt" xmlns:ns38="http://fsb.belgium.be/FourthWayServices/socialdebtdetails" xmlns:ns39="http://fsb.belgium.be/FourthWayServices/debtinformation" xmlns:ns4="http://fsb.belgium.be/FourthWayServices/gooddescription" xmlns:ns40="http://fsb.belgium.be/FourthWayServices/socialdebt" xmlns:ns41="http://fsb.belgium.be/FourthWayServices/fiscalregionflandersdebtdetails" xmlns:ns42="http://fsb.belgium.be/FourthWayServices/fiscalregionflandersdebt" xmlns:ns43="http://fsb.belgium.be/FourthWayServices/debt" xmlns:ns44="http://fsb.belgium.be/FourthWayServices/debtparty" xmlns:ns45="http://fsb.belgium.be/FourthWayServices/legalbase" xmlns:ns46="http://fsb.belgium.be/FourthWayServices/debtnotification" xmlns:ns47="http://fsb.belgium.be/FourthWayServices/debtdeficitnotification" xmlns:ns48="http://fsb.belgium.be/FourthWayServices/header" xmlns:ns49="http://fsb.belgium.be/header" xmlns:ns5="http://fsb.belgium.be/FourthWayServices/party" xmlns:ns51="http://fsb.belgium.be/FourthWayServices/technicalack" xmlns:ns52="http://fsb.belgium.be/FourthWayServices/functionalack" xmlns:ns6="http://fsb.belgium.be/FourthWayServices/naturalperson" xmlns:ns7="http://fsb.belgium.be/FourthWayServices/nonresident" xmlns:ns8="http://fsb.belgium.be/FourthWayServices/contact" xmlns:ns9="http://fsb.belgium.be/FourthWayServices/propertyinformation">
            <ns25:generalCaseInformation>
               <ns25:administrativeInformation>
                  <ns25:language>FR</ns25:language>
                  <ns25:caseNumber>2444080.210115.0167</ns25:caseNumber>
                  <ns25:transactionType>3</ns25:transactionType>
                  <ns25:procedureNumber>ENOT4000000419570</ns25:procedureNumber>
                  <ns25:replacedProcedureNumber xsi:nil="true" xmlns:xsi="http://www.w3.org/2001/XMLSchema-instance"/>
                  <ns25:requestDate>2015-01-21T14:50:02.446+01:00</ns25:requestDate>
                  <ns25:origin>
                     <ns2:origin>
                        <ns2:partner>FPS Finance</ns2:partner>
                        <ns2:partnerCode codeType="KBO">0308357159</ns2:partnerCode>
                     </ns2:origin>
                  </ns25:origin>
                  <ns25:destinations>
                     <ns2:destination>
                        <ns2:partner>FRNB</ns2:partner>
                        <ns2:partnerCode codeType="KBO">0409357321</ns2:partnerCode>
                     </ns2:destination>
                  </ns25:destinations>
                  <ns25:requestorInformation>
                     <ns12:institution>
                        <ns12:institutionType>Federal</ns12:institutionType>
                        <ns12:institutionName>Huy</ns12:institutionName>
                        <ns12:institutionIdentificationNumber type="CDDB">600904</ns12:institutionIdentificationNumber>
                        <address>
                           <location>
                              <country>
                                 <countryCode codeStandard="ISO">BE</countryCode>
                              </country>
                              <postalCode>4500</postalCode>
                           </location>
                           <street>Avenue Albert 1er</street>
                           <houseNumber>8/10</houseNumber>
                        </address>
                        <ns12:contactInformation>
                           <ns8:phoneNumber type="phone">025783660</ns8:phoneNumber>
                           <ns8:emailAddress type="email">rec.cd.huy@minfin.fed.be</ns8:emailAddress>
                        </ns12:contactInformation>
                     </ns12:institution>
                     <ns25:responsiblePerson>
                        <ns2:name>
                           <ns2:firstName>Testuser</ns2:firstName>
                           <ns2:lastName>testuser.enotrec01</ns2:lastName>
                        </ns2:name>
                        <ns8:contactInformation/>
                     </ns25:responsiblePerson>
                     <ns25:contactPerson>
                        <ns2:name>
                           <ns2:firstName>Testuser</ns2:firstName>
                           <ns2:lastName>EnotRec01</ns2:lastName>
                        </ns2:name>
                        <ns8:contactInformation>
                           <ns8:emailAddress type="email">testuser.enotrec01@guest.minfin.fed.be</ns8:emailAddress>
                        </ns8:contactInformation>
                     </ns25:contactPerson>
                  </ns25:requestorInformation>
               </ns25:administrativeInformation>
            </ns25:generalCaseInformation>
            <ns44:debtParty>
               <ns5:party partyID="005">
                  <ns5:residentialParty>false</ns5:residentialParty>
                  <ns6:naturalPerson>
                     <ns2:entityReference>
                        <ns2:source>notice1</ns2:source>
                        <ns2:entityID type="nationalNumber">68082123438</ns2:entityID>
                     </ns2:entityReference>
                     <ns6:personInformation>
                        <ns2:name>
                           <ns2:firstName>Yolande Adrienne</ns2:firstName>
                           <ns2:lastName>BUITER</ns2:lastName>
                        </ns2:name>
                        <address>
                           <location>
                              <country>
                                 <countryDescription>Belgium</countryDescription>
                                 <countryCode codeStandard="ISO">BE</countryCode>
                              </country>
                              <municipalityDescription>Verlaine</municipalityDescription>
                              <postalCode>4537</postalCode>
                           </location>
                           <street>Rue aux Raines</street>
                           <houseNumber>53</houseNumber>
                        </address>
                     </ns6:personInformation>
                  </ns6:naturalPerson>
               </ns5:party>
               <ns43:debt debtID="1">
                  <ns37:fiscaldebt>
                     <ns31:fiscalDebtDetails>
                        <ns31:debtType>VAT</ns31:debtType>
                        <ns31:declarations>
                           <ns31:negligenceClause>
                              <ns31:additionalIntrest>0</ns31:additionalIntrest>
                              <ns31:additionalIntrestFromDate>2015-01-21+01:00</ns31:additionalIntrestFromDate>
                           </ns31:negligenceClause>
                        </ns31:declarations>
                        <ns2:referencePeriod>
                           <ns2:startDate>2015-01-06+01:00</ns2:startDate>
                           <ns2:endDate>2015-01-13+01:00</ns2:endDate>
                        </ns2:referencePeriod>
                        <ns31:totalDebt>45</ns31:totalDebt>
                        <ns31:debtBreakdown>
                           <ns31:debtSubType>VAT</ns31:debtSubType>
                           <ns31:debtSubAmount>45</ns31:debtSubAmount>
                        </ns31:debtBreakdown>
                        <ns31:debtBreakdown>
                           <ns31:debtSubType>IM</ns31:debtSubType>
                           <ns31:debtSubAmount>0</ns31:debtSubAmount>
                        </ns31:debtBreakdown>
                        <ns31:debtBreakdown>
                           <ns31:debtSubType>INTEREST</ns31:debtSubType>
                           <ns31:debtSubAmount>0</ns31:debtSubAmount>
                        </ns31:debtBreakdown>
                        <ns31:debtBreakdown>
                           <ns31:debtSubType>FINES</ns31:debtSubType>
                           <ns31:debtSubAmount>0</ns31:debtSubAmount>
                        </ns31:debtBreakdown>
                        <ns31:debtBreakdown>
                           <ns31:debtSubType>COST</ns31:debtSubType>
                           <ns31:debtSubAmount>0</ns31:debtSubAmount>
                        </ns31:debtBreakdown>
                     </ns31:fiscalDebtDetails>
                     <ns32:officialProclamation/>
                     <ns33:beneficiary>
                        <ns33:beneficiaryName>CTRI Namur</ns33:beneficiaryName>
                        <ns33:structuredMessage>N99998745412NOT/</ns33:structuredMessage>
                        <ns33:amount>45</ns33:amount>
                        <ns34:bankAccount>
                           <ns34:ibanNumber>BE42 6792 0034 9254</ns34:ibanNumber>
                           <ns34:bicCode>PCHQBEBB</ns34:bicCode>
                           <ns34:accountName>CTRI Namur</ns34:accountName>
                           <address>
                              <location>
                                 <country>
                                    <countryCode codeStandard="ISO">BE</countryCode>
                                 </country>
                                 <municipalityDescription language="fr">Namur</municipalityDescription>
                                 <postalCode>5000</postalCode>
                              </location>
                              <street>Rue des Bourgeois</street>
                              <houseNumber>7/Bloc B</houseNumber>
                           </address>
                        </ns34:bankAccount>
                     </ns33:beneficiary>
                     <ns35:debtDetailedInformation>
                        <ns35:calculationDate>2015-01-21+01:00</ns35:calculationDate>
                        <ns35:referentialNumber>999998745412</ns35:referentialNumber>
                     </ns35:debtDetailedInformation>
                  </ns37:fiscaldebt>
               </ns43:debt>
               <ns44:totalDebtAmount>45</ns44:totalDebtAmount>
            </ns44:debtParty>
            <ns45:legalBase>
               <ns45:legalSource>Code de la taxe sur la valeur ajout��e</ns45:legalSource>
               <ns45:legalBaseIdentifier>Article 93quater</ns45:legalBaseIdentifier>
            </ns45:legalBase>
            <ns27:technical>
               <ns26:Signature>
                  <ns26:SignedInfo>
                     <ns26:CanonicalizationMethod Algorithm="http://www.w3.org/TR/2001/REC-xml-c14n-20010315"/>
                     <ns26:SignatureMethod Algorithm="http://www.w3.org/2000/09/xmldsig#rsa-sha1"/>
                     <ns26:Reference URI="#signMe">
                        <ns26:DigestMethod Algorithm="http://www.w3.org/2000/09/xmldsig#sha1"/>
                        <ns26:DigestValue>CbUOX9jTy0uYSCKDVQl6peUatJ8=</ns26:DigestValue>
                     </ns26:Reference>
                  </ns26:SignedInfo>
                  <ns26:SignatureValue>WBXEECQtMTWGGq5EGO+5kyVw1kJefLsfHVA/5eYB6pZ3GOZ7LOLc/jAhKbqxeV3qdWiMGx3VzgvdF4ZaMB2HS1fLmnOmNDXHhrrqYQJ51LGDvex39k7/xAJAmuub7MDtfAu08WBTVpmQ5khGL9ZrYOXr5RoG70BrlWNr+37FekM=</ns26:SignatureValue>
                  <ns26:KeyInfo>
                     <ns26:X509Data>
                        <ns26:X509SubjectName>ST=Brussels,L=Brussels,OU=Belgian Federal Government,O=Federal Public Service Finances,CN=Test SPF Finances - FOD Financien,C=BE</ns26:X509SubjectName>
                        <ns26:X509Certificate>MIIDKzCCApSgAwIBAgIJAIkxAL2MG081MA0GCSqGSIb3DQEBBQUAMIGuMQswCQYDVQQGEwJCRTEqMCgGA1UEAxMhVGVzdCBTUEYgRmluYW5jZXMgLSBGT0QgRmluYW5jaWVuMSgwJgYDVQQKEx9GZWRlcmFsIFB1YmxpYyBTZXJ2aWNlIEZpbmFuY2VzMSMwIQYDVQQLExpCZWxnaWFuIEZlZGVyYWwgR292ZXJubWVudDERMA8GA1UEBxMIQnJ1c3NlbHMxETAPBgNVBAgTCEJydXNzZWxzMB4XDTA4MDUwNjA4MDcyMFoXDTE4MDUwNzA4MDcyMFowga4xCzAJBgNVBAYTAkJFMSowKAYDVQQDEyFUZXN0IFNQRiBGaW5hbmNlcyAtIEZPRCBGaW5hbmNpZW4xKDAmBgNVBAoTH0ZlZGVyYWwgUHVibGljIFNlcnZpY2UgRmluYW5jZXMxIzAhBgNVBAsTGkJlbGdpYW4gRmVkZXJhbCBHb3Zlcm5tZW50MREwDwYDVQQHEwhCcnVzc2VsczERMA8GA1UECBMIQnJ1c3NlbHMwgZ8wDQYJKoZIhvcNAQEBBQADgY0AMIGJAoGBAJ8T/80iF50FvothkWOZDsZUPKM52fxhNdKMT+E/lODqejyJ2iQkjEuW5yJKo0lXNj+Gxwfl99bD16IJMagbrxBnJPwR7SeS3JQ0IaLkOorOoeZkZLFoFMSfZWT9uCf6Qf/uNMQtRnX2351P1OF3cld68uFGUNS8U93OqxS9R/ZvAgMBAAGjTzBNMAwGA1UdEwQFMAMBAf8wCwYDVR0PBAQDAgTwMB0GA1UdJQQWMBQGCCsGAQUFBwMCBggrBgEFBQcDBDARBglghkgBhvhCAQEEBAMCBLAwDQYJKoZIhvcNAQEFBQADgYEATnEO8juTdcZtwzvl5EHnZ9+6cEM9rsWuQtq43UXw4RqveHWUE+Cn2ElMPiyuxLLzkzQTbcDYxI9FgVAXFEmqPf7Jii2PpHIlo8yHWCWMuPP0OykMF6YuCtyutKJBbGuTT36gNVAUEPeD34fzB5pgy2aG5wQTQctRdDz07CVM3cI=</ns26:X509Certificate>
                     </ns26:X509Data>
                  </ns26:KeyInfo>
               </ns26:Signature>
            </ns27:technical>
         </ns46:debtNotification>
         </v1:request>
      </v1:fiscalDebtNotificationRequest>
   </soapenv:Body>
</soapenv:Envelope>]]></con:request><con:credentials><con:selectedAuthProfile>Basic</con:selectedAuthProfile><con:addedBasicAuthenticationTypes>Basic</con:addedBasicAuthenticationTypes><con:authType>Global HTTP Settings</con:authType></con:credentials><con:jmsConfig JMSDeliveryMode="PERSISTENT"/><con:jmsPropertyConfig/><con:wsaConfig mustUnderstand="NONE" version="200508" action="http://fidus.brussels/services/fourthwaydebtservice/fiscalDebtNotification"/><con:wsrmConfig version="1.2"/></con:call><con:call id="93882381-3f6b-4394-8312-57efd0de15c3" name="3 - Test - Worker1 - Request" outgoingWss="Outflow TEST" incomingWss="Inflow TEST"><con:settings><con:setting id="com.eviware.soapui.impl.wsdl.WsdlRequest@request-headers">&lt;xml-fragment/></con:setting></con:settings><con:encoding>UTF-8</con:encoding><con:endpoint>https://192.168.22.53:8443/services/FourthWayDebtService_v1.0</con:endpoint><con:request><![CDATA[<soapenv:Envelope xmlns:soapenv="http://schemas.xmlsoap.org/soap/envelope/" xmlns:v1="http://fidus.brussels/service/fourthwaydebtservice/messages/v1" xmlns:v11="http://fidus.brussels/type/common/messages/v1" xmlns:deb="http://fsb.belgium.be/FourthWayServices/debtnotification" xmlns:gen="http://fsb.belgium.be/FourthWayServices/generalcaseinformation" xmlns:dat="http://fsb.belgium.be/FourthWayServices/common/datatypes" xmlns:ins="http://fsb.belgium.be/FourthWayServices/institution" xmlns:add="http://fsb.belgium.be/FourthWayServices/common/addressinformation" xmlns:con="http://fsb.belgium.be/FourthWayServices/contact" xmlns:deb1="http://fsb.belgium.be/FourthWayServices/debtparty" xmlns:par="http://fsb.belgium.be/FourthWayServices/party" xmlns:debt="http://fsb.belgium.be/FourthWayServices/debt" xmlns:leg="http://fsb.belgium.be/FourthWayServices/legalbase" xmlns:tec="http://fsb.belgium.be/FourthWayServices/technical" xmlns:xd="http://www.w3.org/2000/09/xmldsig#">
   <soapenv:Header/>
   <soapenv:Body>
      <v1:fiscalDebtNotificationRequest>
         <v1:messageContext>
         	  <v11:messageId>${=import static java.util.UUID.randomUUID; uuid = randomUUID() as String}</v11:messageId>
            <v11:timestamp>${=new java.text.SimpleDateFormat("yyyy-MM-dd'T'HH:mm:ss.SSS").format(new Date())}</v11:timestamp>
         </v1:messageContext>
         <v1:legalContext>ServiceIntegrator</v1:legalContext>      
         <v1:request>
 		<ns46:debtNotification Id="SignMe" xmlns:ns50="http://be.belgium.fsb/fourthWayService/Debt" xmlns="http://fsb.belgium.be/FourthWayServices/common/addressinformation" xmlns:ns10="http://fsb.belgium.be/FourthWayServices/shipinformation" xmlns:ns11="http://fsb.belgium.be/FourthWayServices/selfemployed" xmlns:ns12="http://fsb.belgium.be/FourthWayServices/institution" xmlns:ns13="http://fsb.belgium.be/FourthWayServices/enterprise" xmlns:ns14="http://fsb.belgium.be/FourthWayServices/honorbaseddeclarations" xmlns:ns15="http://fsb.belgium.be/FourthWayServices/unregisteredparty" xmlns:ns16="http://fsb.belgium.be/FourthWayServices/partnerdescription" xmlns:ns17="http://fsb.belgium.be/FourthWayServices/mortgagegoods" xmlns:ns18="http://fsb.belgium.be/FourthWayServices/deficitcaseinformation" xmlns:ns19="http://fsb.belgium.be/FourthWayServices/debtinquiry" xmlns:ns2="http://fsb.belgium.be/FourthWayServices/common/datatypes" xmlns:ns20="http://fsb.belgium.be/FourthWayServices/immovablegoodtransaction" xmlns:ns21="http://fsb.belgium.be/FourthWayServices/movablegoodtransaction" xmlns:ns22="http://fsb.belgium.be/FourthWayServices/inheritanceinformation" xmlns:ns23="http://fsb.belgium.be/FourthWayServices/successiontransaction" xmlns:ns24="http://fsb.belgium.be/FourthWayServices/fourthwaymessage" xmlns:ns25="http://fsb.belgium.be/FourthWayServices/generalcaseinformation" xmlns:ns26="http://www.w3.org/2000/09/xmldsig#" xmlns:ns27="http://fsb.belgium.be/FourthWayServices/technical" xmlns:ns28="http://fsb.belgium.be/FourthWayServices/acknowledgementinformation" xmlns:ns29="http://fsb.belgium.be/FourthWayServices/error" xmlns:ns3="http://fsb.belgium.be/FourthWayServices/salesinformation" xmlns:ns30="http://fsb.belgium.be/FourthWayServices/businesserror" xmlns:ns31="http://fsb.belgium.be/FourthWayServices/fiscaldebtdetails" xmlns:ns32="http://fsb.belgium.be/FourthWayServices/officialproclamation" xmlns:ns33="http://fsb.belgium.be/FourthWayServices/beneficiary" xmlns:ns34="http://fsb.belgium.be/FourthWayServices/common/bankaccount" xmlns:ns35="http://fsb.belgium.be/FourthWayServices/debtdetailedinformation" xmlns:ns36="http://fsb.belgium.be/FourthWayServices/debtsolidarity" xmlns:ns37="http://fsb.belgium.be/FourthWayServices/fiscaldebt" xmlns:ns38="http://fsb.belgium.be/FourthWayServices/socialdebtdetails" xmlns:ns39="http://fsb.belgium.be/FourthWayServices/debtinformation" xmlns:ns4="http://fsb.belgium.be/FourthWayServices/gooddescription" xmlns:ns40="http://fsb.belgium.be/FourthWayServices/socialdebt" xmlns:ns41="http://fsb.belgium.be/FourthWayServices/fiscalregionflandersdebtdetails" xmlns:ns42="http://fsb.belgium.be/FourthWayServices/fiscalregionflandersdebt" xmlns:ns43="http://fsb.belgium.be/FourthWayServices/debt" xmlns:ns44="http://fsb.belgium.be/FourthWayServices/debtparty" xmlns:ns45="http://fsb.belgium.be/FourthWayServices/legalbase" xmlns:ns46="http://fsb.belgium.be/FourthWayServices/debtnotification" xmlns:ns47="http://fsb.belgium.be/FourthWayServices/debtdeficitnotification" xmlns:ns48="http://fsb.belgium.be/FourthWayServices/header" xmlns:ns49="http://fsb.belgium.be/header" xmlns:ns5="http://fsb.belgium.be/FourthWayServices/party" xmlns:ns51="http://fsb.belgium.be/FourthWayServices/technicalack" xmlns:ns52="http://fsb.belgium.be/FourthWayServices/functionalack" xmlns:ns6="http://fsb.belgium.be/FourthWayServices/naturalperson" xmlns:ns7="http://fsb.belgium.be/FourthWayServices/nonresident" xmlns:ns8="http://fsb.belgium.be/FourthWayServices/contact" xmlns:ns9="http://fsb.belgium.be/FourthWayServices/propertyinformation">
            <ns25:generalCaseInformation>
               <ns25:administrativeInformation>
                  <ns25:language>FR</ns25:language>
                  <ns25:caseNumber>2444080.210115.0167</ns25:caseNumber>
                  <ns25:transactionType>3</ns25:transactionType>
                  <ns25:procedureNumber>ENOT4000000419570</ns25:procedureNumber>
                  <ns25:replacedProcedureNumber xsi:nil="true" xmlns:xsi="http://www.w3.org/2001/XMLSchema-instance"/>
                  <ns25:requestDate>2015-01-21T14:50:02.446+01:00</ns25:requestDate>
                  <ns25:origin>
                     <ns2:origin>
                        <ns2:partner>FPS Finance</ns2:partner>
                        <ns2:partnerCode codeType="KBO">0308357159</ns2:partnerCode>
                     </ns2:origin>
                  </ns25:origin>
                  <ns25:destinations>
                     <ns2:destination>
                        <ns2:partner>FRNB</ns2:partner>
                        <ns2:partnerCode codeType="KBO">0409357321</ns2:partnerCode>
                     </ns2:destination>
                  </ns25:destinations>
                  <ns25:requestorInformation>
                     <ns12:institution>
                        <ns12:institutionType>Federal</ns12:institutionType>
                        <ns12:institutionName>Huy</ns12:institutionName>
                        <ns12:institutionIdentificationNumber type="CDDB">600904</ns12:institutionIdentificationNumber>
                        <address>
                           <location>
                              <country>
                                 <countryCode codeStandard="ISO">BE</countryCode>
                              </country>
                              <postalCode>4500</postalCode>
                           </location>
                           <street>Avenue Albert 1er</street>
                           <houseNumber>8/10</houseNumber>
                        </address>
                        <ns12:contactInformation>
                           <ns8:phoneNumber type="phone">025783660</ns8:phoneNumber>
                           <ns8:emailAddress type="email">rec.cd.huy@minfin.fed.be</ns8:emailAddress>
                        </ns12:contactInformation>
                     </ns12:institution>
                     <ns25:responsiblePerson>
                        <ns2:name>
                           <ns2:firstName>Testuser</ns2:firstName>
                           <ns2:lastName>testuser.enotrec01</ns2:lastName>
                        </ns2:name>
                        <ns8:contactInformation/>
                     </ns25:responsiblePerson>
                     <ns25:contactPerson>
                        <ns2:name>
                           <ns2:firstName>Testuser</ns2:firstName>
                           <ns2:lastName>EnotRec01</ns2:lastName>
                        </ns2:name>
                        <ns8:contactInformation>
                           <ns8:emailAddress type="email">testuser.enotrec01@guest.minfin.fed.be</ns8:emailAddress>
                        </ns8:contactInformation>
                     </ns25:contactPerson>
                  </ns25:requestorInformation>
               </ns25:administrativeInformation>
            </ns25:generalCaseInformation>
            <ns44:debtParty>
               <ns5:party partyID="005">
                  <ns5:residentialParty>false</ns5:residentialParty>
                  <ns6:naturalPerson>
                     <ns2:entityReference>
                        <ns2:source>notice1</ns2:source>
                        <ns2:entityID type="nationalNumber">68082123438</ns2:entityID>
                     </ns2:entityReference>
                     <ns6:personInformation>
                        <ns2:name>
                           <ns2:firstName>Yolande Adrienne</ns2:firstName>
                           <ns2:lastName>BUITER</ns2:lastName>
                        </ns2:name>
                        <address>
                           <location>
                              <country>
                                 <countryDescription>Belgium</countryDescription>
                                 <countryCode codeStandard="ISO">BE</countryCode>
                              </country>
                              <municipalityDescription>Verlaine</municipalityDescription>
                              <postalCode>4537</postalCode>
                           </location>
                           <street>Rue aux Raines</street>
                           <houseNumber>53</houseNumber>
                        </address>
                     </ns6:personInformation>
                  </ns6:naturalPerson>
               </ns5:party>
               <ns43:debt debtID="1">
                  <ns37:fiscaldebt>
                     <ns31:fiscalDebtDetails>
                        <ns31:debtType>VAT</ns31:debtType>
                        <ns31:declarations>
                           <ns31:negligenceClause>
                              <ns31:additionalIntrest>0</ns31:additionalIntrest>
                              <ns31:additionalIntrestFromDate>2015-01-21+01:00</ns31:additionalIntrestFromDate>
                           </ns31:negligenceClause>
                        </ns31:declarations>
                        <ns2:referencePeriod>
                           <ns2:startDate>2015-01-06+01:00</ns2:startDate>
                           <ns2:endDate>2015-01-13+01:00</ns2:endDate>
                        </ns2:referencePeriod>
                        <ns31:totalDebt>45</ns31:totalDebt>
                        <ns31:debtBreakdown>
                           <ns31:debtSubType>VAT</ns31:debtSubType>
                           <ns31:debtSubAmount>45</ns31:debtSubAmount>
                        </ns31:debtBreakdown>
                        <ns31:debtBreakdown>
                           <ns31:debtSubType>IM</ns31:debtSubType>
                           <ns31:debtSubAmount>0</ns31:debtSubAmount>
                        </ns31:debtBreakdown>
                        <ns31:debtBreakdown>
                           <ns31:debtSubType>INTEREST</ns31:debtSubType>
                           <ns31:debtSubAmount>0</ns31:debtSubAmount>
                        </ns31:debtBreakdown>
                        <ns31:debtBreakdown>
                           <ns31:debtSubType>FINES</ns31:debtSubType>
                           <ns31:debtSubAmount>0</ns31:debtSubAmount>
                        </ns31:debtBreakdown>
                        <ns31:debtBreakdown>
                           <ns31:debtSubType>COST</ns31:debtSubType>
                           <ns31:debtSubAmount>0</ns31:debtSubAmount>
                        </ns31:debtBreakdown>
                     </ns31:fiscalDebtDetails>
                     <ns32:officialProclamation/>
                     <ns33:beneficiary>
                        <ns33:beneficiaryName>CTRI Namur</ns33:beneficiaryName>
                        <ns33:structuredMessage>N99998745412NOT/</ns33:structuredMessage>
                        <ns33:amount>45</ns33:amount>
                        <ns34:bankAccount>
                           <ns34:ibanNumber>BE42 6792 0034 9254</ns34:ibanNumber>
                           <ns34:bicCode>PCHQBEBB</ns34:bicCode>
                           <ns34:accountName>CTRI Namur</ns34:accountName>
                           <address>
                              <location>
                                 <country>
                                    <countryCode codeStandard="ISO">BE</countryCode>
                                 </country>
                                 <municipalityDescription language="fr">Namur</municipalityDescription>
                                 <postalCode>5000</postalCode>
                              </location>
                              <street>Rue des Bourgeois</street>
                              <houseNumber>7/Bloc B</houseNumber>
                           </address>
                        </ns34:bankAccount>
                     </ns33:beneficiary>
                     <ns35:debtDetailedInformation>
                        <ns35:calculationDate>2015-01-21+01:00</ns35:calculationDate>
                        <ns35:referentialNumber>999998745412</ns35:referentialNumber>
                     </ns35:debtDetailedInformation>
                  </ns37:fiscaldebt>
               </ns43:debt>
               <ns44:totalDebtAmount>45</ns44:totalDebtAmount>
            </ns44:debtParty>
            <ns45:legalBase>
               <ns45:legalSource>Code de la taxe sur la valeur ajout��e</ns45:legalSource>
               <ns45:legalBaseIdentifier>Article 93quater</ns45:legalBaseIdentifier>
            </ns45:legalBase>
            <ns27:technical>
               <ns26:Signature>
                  <ns26:SignedInfo>
                     <ns26:CanonicalizationMethod Algorithm="http://www.w3.org/TR/2001/REC-xml-c14n-20010315"/>
                     <ns26:SignatureMethod Algorithm="http://www.w3.org/2000/09/xmldsig#rsa-sha1"/>
                     <ns26:Reference URI="#signMe">
                        <ns26:DigestMethod Algorithm="http://www.w3.org/2000/09/xmldsig#sha1"/>
                        <ns26:DigestValue>CbUOX9jTy0uYSCKDVQl6peUatJ8=</ns26:DigestValue>
                     </ns26:Reference>
                  </ns26:SignedInfo>
                  <ns26:SignatureValue>WBXEECQtMTWGGq5EGO+5kyVw1kJefLsfHVA/5eYB6pZ3GOZ7LOLc/jAhKbqxeV3qdWiMGx3VzgvdF4ZaMB2HS1fLmnOmNDXHhrrqYQJ51LGDvex39k7/xAJAmuub7MDtfAu08WBTVpmQ5khGL9ZrYOXr5RoG70BrlWNr+37FekM=</ns26:SignatureValue>
                  <ns26:KeyInfo>
                     <ns26:X509Data>
                        <ns26:X509SubjectName>ST=Brussels,L=Brussels,OU=Belgian Federal Government,O=Federal Public Service Finances,CN=Test SPF Finances - FOD Financien,C=BE</ns26:X509SubjectName>
                        <ns26:X509Certificate>MIIDKzCCApSgAwIBAgIJAIkxAL2MG081MA0GCSqGSIb3DQEBBQUAMIGuMQswCQYDVQQGEwJCRTEqMCgGA1UEAxMhVGVzdCBTUEYgRmluYW5jZXMgLSBGT0QgRmluYW5jaWVuMSgwJgYDVQQKEx9GZWRlcmFsIFB1YmxpYyBTZXJ2aWNlIEZpbmFuY2VzMSMwIQYDVQQLExpCZWxnaWFuIEZlZGVyYWwgR292ZXJubWVudDERMA8GA1UEBxMIQnJ1c3NlbHMxETAPBgNVBAgTCEJydXNzZWxzMB4XDTA4MDUwNjA4MDcyMFoXDTE4MDUwNzA4MDcyMFowga4xCzAJBgNVBAYTAkJFMSowKAYDVQQDEyFUZXN0IFNQRiBGaW5hbmNlcyAtIEZPRCBGaW5hbmNpZW4xKDAmBgNVBAoTH0ZlZGVyYWwgUHVibGljIFNlcnZpY2UgRmluYW5jZXMxIzAhBgNVBAsTGkJlbGdpYW4gRmVkZXJhbCBHb3Zlcm5tZW50MREwDwYDVQQHEwhCcnVzc2VsczERMA8GA1UECBMIQnJ1c3NlbHMwgZ8wDQYJKoZIhvcNAQEBBQADgY0AMIGJAoGBAJ8T/80iF50FvothkWOZDsZUPKM52fxhNdKMT+E/lODqejyJ2iQkjEuW5yJKo0lXNj+Gxwfl99bD16IJMagbrxBnJPwR7SeS3JQ0IaLkOorOoeZkZLFoFMSfZWT9uCf6Qf/uNMQtRnX2351P1OF3cld68uFGUNS8U93OqxS9R/ZvAgMBAAGjTzBNMAwGA1UdEwQFMAMBAf8wCwYDVR0PBAQDAgTwMB0GA1UdJQQWMBQGCCsGAQUFBwMCBggrBgEFBQcDBDARBglghkgBhvhCAQEEBAMCBLAwDQYJKoZIhvcNAQEFBQADgYEATnEO8juTdcZtwzvl5EHnZ9+6cEM9rsWuQtq43UXw4RqveHWUE+Cn2ElMPiyuxLLzkzQTbcDYxI9FgVAXFEmqPf7Jii2PpHIlo8yHWCWMuPP0OykMF6YuCtyutKJBbGuTT36gNVAUEPeD34fzB5pgy2aG5wQTQctRdDz07CVM3cI=</ns26:X509Certificate>
                     </ns26:X509Data>
                  </ns26:KeyInfo>
               </ns26:Signature>
            </ns27:technical>
         </ns46:debtNotification>
         </v1:request>
      </v1:fiscalDebtNotificationRequest>
   </soapenv:Body>
</soapenv:Envelope>]]></con:request><con:credentials><con:selectedAuthProfile>Basic</con:selectedAuthProfile><con:addedBasicAuthenticationTypes>Basic</con:addedBasicAuthenticationTypes><con:authType>Global HTTP Settings</con:authType></con:credentials><con:jmsConfig JMSDeliveryMode="PERSISTENT"/><con:jmsPropertyConfig/><con:wsaConfig mustUnderstand="NONE" version="200508" action="http://fidus.brussels/services/fourthwaydebtservice/fiscalDebtNotification"/><con:wsrmConfig version="1.2"/></con:call><con:call id="cb3eae02-5d2a-4d12-9c82-12935f68d8d5" name="3 - Test - Worker2 - Request" outgoingWss="Outflow TEST" incomingWss="Inflow TEST"><con:settings><con:setting id="com.eviware.soapui.impl.wsdl.WsdlRequest@request-headers">&lt;xml-fragment/></con:setting></con:settings><con:encoding>UTF-8</con:encoding><con:endpoint>https://192.168.22.54:8443/services/FourthWayDebtService_v1.0</con:endpoint><con:request><![CDATA[<soapenv:Envelope xmlns:soapenv="http://schemas.xmlsoap.org/soap/envelope/" xmlns:v1="http://fidus.brussels/service/fourthwaydebtservice/messages/v1" xmlns:v11="http://fidus.brussels/type/common/messages/v1" xmlns:deb="http://fsb.belgium.be/FourthWayServices/debtnotification" xmlns:gen="http://fsb.belgium.be/FourthWayServices/generalcaseinformation" xmlns:dat="http://fsb.belgium.be/FourthWayServices/common/datatypes" xmlns:ins="http://fsb.belgium.be/FourthWayServices/institution" xmlns:add="http://fsb.belgium.be/FourthWayServices/common/addressinformation" xmlns:con="http://fsb.belgium.be/FourthWayServices/contact" xmlns:deb1="http://fsb.belgium.be/FourthWayServices/debtparty" xmlns:par="http://fsb.belgium.be/FourthWayServices/party" xmlns:debt="http://fsb.belgium.be/FourthWayServices/debt" xmlns:leg="http://fsb.belgium.be/FourthWayServices/legalbase" xmlns:tec="http://fsb.belgium.be/FourthWayServices/technical" xmlns:xd="http://www.w3.org/2000/09/xmldsig#">
   <soapenv:Header/>
   <soapenv:Body>
      <v1:fiscalDebtNotificationRequest>
         <v1:messageContext>
         	  <v11:messageId>${=import static java.util.UUID.randomUUID; uuid = randomUUID() as String}</v11:messageId>
            <v11:timestamp>${=new java.text.SimpleDateFormat("yyyy-MM-dd'T'HH:mm:ss.SSS").format(new Date())}</v11:timestamp>
         </v1:messageContext>
         <v1:legalContext>ServiceIntegrator</v1:legalContext>      
         <v1:request>
 		<ns46:debtNotification Id="SignMe" xmlns:ns50="http://be.belgium.fsb/fourthWayService/Debt" xmlns="http://fsb.belgium.be/FourthWayServices/common/addressinformation" xmlns:ns10="http://fsb.belgium.be/FourthWayServices/shipinformation" xmlns:ns11="http://fsb.belgium.be/FourthWayServices/selfemployed" xmlns:ns12="http://fsb.belgium.be/FourthWayServices/institution" xmlns:ns13="http://fsb.belgium.be/FourthWayServices/enterprise" xmlns:ns14="http://fsb.belgium.be/FourthWayServices/honorbaseddeclarations" xmlns:ns15="http://fsb.belgium.be/FourthWayServices/unregisteredparty" xmlns:ns16="http://fsb.belgium.be/FourthWayServices/partnerdescription" xmlns:ns17="http://fsb.belgium.be/FourthWayServices/mortgagegoods" xmlns:ns18="http://fsb.belgium.be/FourthWayServices/deficitcaseinformation" xmlns:ns19="http://fsb.belgium.be/FourthWayServices/debtinquiry" xmlns:ns2="http://fsb.belgium.be/FourthWayServices/common/datatypes" xmlns:ns20="http://fsb.belgium.be/FourthWayServices/immovablegoodtransaction" xmlns:ns21="http://fsb.belgium.be/FourthWayServices/movablegoodtransaction" xmlns:ns22="http://fsb.belgium.be/FourthWayServices/inheritanceinformation" xmlns:ns23="http://fsb.belgium.be/FourthWayServices/successiontransaction" xmlns:ns24="http://fsb.belgium.be/FourthWayServices/fourthwaymessage" xmlns:ns25="http://fsb.belgium.be/FourthWayServices/generalcaseinformation" xmlns:ns26="http://www.w3.org/2000/09/xmldsig#" xmlns:ns27="http://fsb.belgium.be/FourthWayServices/technical" xmlns:ns28="http://fsb.belgium.be/FourthWayServices/acknowledgementinformation" xmlns:ns29="http://fsb.belgium.be/FourthWayServices/error" xmlns:ns3="http://fsb.belgium.be/FourthWayServices/salesinformation" xmlns:ns30="http://fsb.belgium.be/FourthWayServices/businesserror" xmlns:ns31="http://fsb.belgium.be/FourthWayServices/fiscaldebtdetails" xmlns:ns32="http://fsb.belgium.be/FourthWayServices/officialproclamation" xmlns:ns33="http://fsb.belgium.be/FourthWayServices/beneficiary" xmlns:ns34="http://fsb.belgium.be/FourthWayServices/common/bankaccount" xmlns:ns35="http://fsb.belgium.be/FourthWayServices/debtdetailedinformation" xmlns:ns36="http://fsb.belgium.be/FourthWayServices/debtsolidarity" xmlns:ns37="http://fsb.belgium.be/FourthWayServices/fiscaldebt" xmlns:ns38="http://fsb.belgium.be/FourthWayServices/socialdebtdetails" xmlns:ns39="http://fsb.belgium.be/FourthWayServices/debtinformation" xmlns:ns4="http://fsb.belgium.be/FourthWayServices/gooddescription" xmlns:ns40="http://fsb.belgium.be/FourthWayServices/socialdebt" xmlns:ns41="http://fsb.belgium.be/FourthWayServices/fiscalregionflandersdebtdetails" xmlns:ns42="http://fsb.belgium.be/FourthWayServices/fiscalregionflandersdebt" xmlns:ns43="http://fsb.belgium.be/FourthWayServices/debt" xmlns:ns44="http://fsb.belgium.be/FourthWayServices/debtparty" xmlns:ns45="http://fsb.belgium.be/FourthWayServices/legalbase" xmlns:ns46="http://fsb.belgium.be/FourthWayServices/debtnotification" xmlns:ns47="http://fsb.belgium.be/FourthWayServices/debtdeficitnotification" xmlns:ns48="http://fsb.belgium.be/FourthWayServices/header" xmlns:ns49="http://fsb.belgium.be/header" xmlns:ns5="http://fsb.belgium.be/FourthWayServices/party" xmlns:ns51="http://fsb.belgium.be/FourthWayServices/technicalack" xmlns:ns52="http://fsb.belgium.be/FourthWayServices/functionalack" xmlns:ns6="http://fsb.belgium.be/FourthWayServices/naturalperson" xmlns:ns7="http://fsb.belgium.be/FourthWayServices/nonresident" xmlns:ns8="http://fsb.belgium.be/FourthWayServices/contact" xmlns:ns9="http://fsb.belgium.be/FourthWayServices/propertyinformation">
            <ns25:generalCaseInformation>
               <ns25:administrativeInformation>
                  <ns25:language>FR</ns25:language>
                  <ns25:caseNumber>2444080.210115.0167</ns25:caseNumber>
                  <ns25:transactionType>3</ns25:transactionType>
                  <ns25:procedureNumber>ENOT4000000419570</ns25:procedureNumber>
                  <ns25:replacedProcedureNumber xsi:nil="true" xmlns:xsi="http://www.w3.org/2001/XMLSchema-instance"/>
                  <ns25:requestDate>2015-01-21T14:50:02.446+01:00</ns25:requestDate>
                  <ns25:origin>
                     <ns2:origin>
                        <ns2:partner>FPS Finance</ns2:partner>
                        <ns2:partnerCode codeType="KBO">0308357159</ns2:partnerCode>
                     </ns2:origin>
                  </ns25:origin>
                  <ns25:destinations>
                     <ns2:destination>
                        <ns2:partner>FRNB</ns2:partner>
                        <ns2:partnerCode codeType="KBO">0409357321</ns2:partnerCode>
                     </ns2:destination>
                  </ns25:destinations>
                  <ns25:requestorInformation>
                     <ns12:institution>
                        <ns12:institutionType>Federal</ns12:institutionType>
                        <ns12:institutionName>Huy</ns12:institutionName>
                        <ns12:institutionIdentificationNumber type="CDDB">600904</ns12:institutionIdentificationNumber>
                        <address>
                           <location>
                              <country>
                                 <countryCode codeStandard="ISO">BE</countryCode>
                              </country>
                              <postalCode>4500</postalCode>
                           </location>
                           <street>Avenue Albert 1er</street>
                           <houseNumber>8/10</houseNumber>
                        </address>
                        <ns12:contactInformation>
                           <ns8:phoneNumber type="phone">025783660</ns8:phoneNumber>
                           <ns8:emailAddress type="email">rec.cd.huy@minfin.fed.be</ns8:emailAddress>
                        </ns12:contactInformation>
                     </ns12:institution>
                     <ns25:responsiblePerson>
                        <ns2:name>
                           <ns2:firstName>Testuser</ns2:firstName>
                           <ns2:lastName>testuser.enotrec01</ns2:lastName>
                        </ns2:name>
                        <ns8:contactInformation/>
                     </ns25:responsiblePerson>
                     <ns25:contactPerson>
                        <ns2:name>
                           <ns2:firstName>Testuser</ns2:firstName>
                           <ns2:lastName>EnotRec01</ns2:lastName>
                        </ns2:name>
                        <ns8:contactInformation>
                           <ns8:emailAddress type="email">testuser.enotrec01@guest.minfin.fed.be</ns8:emailAddress>
                        </ns8:contactInformation>
                     </ns25:contactPerson>
                  </ns25:requestorInformation>
               </ns25:administrativeInformation>
            </ns25:generalCaseInformation>
            <ns44:debtParty>
               <ns5:party partyID="005">
                  <ns5:residentialParty>false</ns5:residentialParty>
                  <ns6:naturalPerson>
                     <ns2:entityReference>
                        <ns2:source>notice1</ns2:source>
                        <ns2:entityID type="nationalNumber">68082123438</ns2:entityID>
                     </ns2:entityReference>
                     <ns6:personInformation>
                        <ns2:name>
                           <ns2:firstName>Yolande Adrienne</ns2:firstName>
                           <ns2:lastName>BUITER</ns2:lastName>
                        </ns2:name>
                        <address>
                           <location>
                              <country>
                                 <countryDescription>Belgium</countryDescription>
                                 <countryCode codeStandard="ISO">BE</countryCode>
                              </country>
                              <municipalityDescription>Verlaine</municipalityDescription>
                              <postalCode>4537</postalCode>
                           </location>
                           <street>Rue aux Raines</street>
                           <houseNumber>53</houseNumber>
                        </address>
                     </ns6:personInformation>
                  </ns6:naturalPerson>
               </ns5:party>
               <ns43:debt debtID="1">
                  <ns37:fiscaldebt>
                     <ns31:fiscalDebtDetails>
                        <ns31:debtType>VAT</ns31:debtType>
                        <ns31:declarations>
                           <ns31:negligenceClause>
                              <ns31:additionalIntrest>0</ns31:additionalIntrest>
                              <ns31:additionalIntrestFromDate>2015-01-21+01:00</ns31:additionalIntrestFromDate>
                           </ns31:negligenceClause>
                        </ns31:declarations>
                        <ns2:referencePeriod>
                           <ns2:startDate>2015-01-06+01:00</ns2:startDate>
                           <ns2:endDate>2015-01-13+01:00</ns2:endDate>
                        </ns2:referencePeriod>
                        <ns31:totalDebt>45</ns31:totalDebt>
                        <ns31:debtBreakdown>
                           <ns31:debtSubType>VAT</ns31:debtSubType>
                           <ns31:debtSubAmount>45</ns31:debtSubAmount>
                        </ns31:debtBreakdown>
                        <ns31:debtBreakdown>
                           <ns31:debtSubType>IM</ns31:debtSubType>
                           <ns31:debtSubAmount>0</ns31:debtSubAmount>
                        </ns31:debtBreakdown>
                        <ns31:debtBreakdown>
                           <ns31:debtSubType>INTEREST</ns31:debtSubType>
                           <ns31:debtSubAmount>0</ns31:debtSubAmount>
                        </ns31:debtBreakdown>
                        <ns31:debtBreakdown>
                           <ns31:debtSubType>FINES</ns31:debtSubType>
                           <ns31:debtSubAmount>0</ns31:debtSubAmount>
                        </ns31:debtBreakdown>
                        <ns31:debtBreakdown>
                           <ns31:debtSubType>COST</ns31:debtSubType>
                           <ns31:debtSubAmount>0</ns31:debtSubAmount>
                        </ns31:debtBreakdown>
                     </ns31:fiscalDebtDetails>
                     <ns32:officialProclamation/>
                     <ns33:beneficiary>
                        <ns33:beneficiaryName>CTRI Namur</ns33:beneficiaryName>
                        <ns33:structuredMessage>N99998745412NOT/</ns33:structuredMessage>
                        <ns33:amount>45</ns33:amount>
                        <ns34:bankAccount>
                           <ns34:ibanNumber>BE42 6792 0034 9254</ns34:ibanNumber>
                           <ns34:bicCode>PCHQBEBB</ns34:bicCode>
                           <ns34:accountName>CTRI Namur</ns34:accountName>
                           <address>
                              <location>
                                 <country>
                                    <countryCode codeStandard="ISO">BE</countryCode>
                                 </country>
                                 <municipalityDescription language="fr">Namur</municipalityDescription>
                                 <postalCode>5000</postalCode>
                              </location>
                              <street>Rue des Bourgeois</street>
                              <houseNumber>7/Bloc B</houseNumber>
                           </address>
                        </ns34:bankAccount>
                     </ns33:beneficiary>
                     <ns35:debtDetailedInformation>
                        <ns35:calculationDate>2015-01-21+01:00</ns35:calculationDate>
                        <ns35:referentialNumber>999998745412</ns35:referentialNumber>
                     </ns35:debtDetailedInformation>
                  </ns37:fiscaldebt>
               </ns43:debt>
               <ns44:totalDebtAmount>45</ns44:totalDebtAmount>
            </ns44:debtParty>
            <ns45:legalBase>
               <ns45:legalSource>Code de la taxe sur la valeur ajout��e</ns45:legalSource>
               <ns45:legalBaseIdentifier>Article 93quater</ns45:legalBaseIdentifier>
            </ns45:legalBase>
            <ns27:technical>
               <ns26:Signature>
                  <ns26:SignedInfo>
                     <ns26:CanonicalizationMethod Algorithm="http://www.w3.org/TR/2001/REC-xml-c14n-20010315"/>
                     <ns26:SignatureMethod Algorithm="http://www.w3.org/2000/09/xmldsig#rsa-sha1"/>
                     <ns26:Reference URI="#signMe">
                        <ns26:DigestMethod Algorithm="http://www.w3.org/2000/09/xmldsig#sha1"/>
                        <ns26:DigestValue>CbUOX9jTy0uYSCKDVQl6peUatJ8=</ns26:DigestValue>
                     </ns26:Reference>
                  </ns26:SignedInfo>
                  <ns26:SignatureValue>WBXEECQtMTWGGq5EGO+5kyVw1kJefLsfHVA/5eYB6pZ3GOZ7LOLc/jAhKbqxeV3qdWiMGx3VzgvdF4ZaMB2HS1fLmnOmNDXHhrrqYQJ51LGDvex39k7/xAJAmuub7MDtfAu08WBTVpmQ5khGL9ZrYOXr5RoG70BrlWNr+37FekM=</ns26:SignatureValue>
                  <ns26:KeyInfo>
                     <ns26:X509Data>
                        <ns26:X509SubjectName>ST=Brussels,L=Brussels,OU=Belgian Federal Government,O=Federal Public Service Finances,CN=Test SPF Finances - FOD Financien,C=BE</ns26:X509SubjectName>
                        <ns26:X509Certificate>MIIDKzCCApSgAwIBAgIJAIkxAL2MG081MA0GCSqGSIb3DQEBBQUAMIGuMQswCQYDVQQGEwJCRTEqMCgGA1UEAxMhVGVzdCBTUEYgRmluYW5jZXMgLSBGT0QgRmluYW5jaWVuMSgwJgYDVQQKEx9GZWRlcmFsIFB1YmxpYyBTZXJ2aWNlIEZpbmFuY2VzMSMwIQYDVQQLExpCZWxnaWFuIEZlZGVyYWwgR292ZXJubWVudDERMA8GA1UEBxMIQnJ1c3NlbHMxETAPBgNVBAgTCEJydXNzZWxzMB4XDTA4MDUwNjA4MDcyMFoXDTE4MDUwNzA4MDcyMFowga4xCzAJBgNVBAYTAkJFMSowKAYDVQQDEyFUZXN0IFNQRiBGaW5hbmNlcyAtIEZPRCBGaW5hbmNpZW4xKDAmBgNVBAoTH0ZlZGVyYWwgUHVibGljIFNlcnZpY2UgRmluYW5jZXMxIzAhBgNVBAsTGkJlbGdpYW4gRmVkZXJhbCBHb3Zlcm5tZW50MREwDwYDVQQHEwhCcnVzc2VsczERMA8GA1UECBMIQnJ1c3NlbHMwgZ8wDQYJKoZIhvcNAQEBBQADgY0AMIGJAoGBAJ8T/80iF50FvothkWOZDsZUPKM52fxhNdKMT+E/lODqejyJ2iQkjEuW5yJKo0lXNj+Gxwfl99bD16IJMagbrxBnJPwR7SeS3JQ0IaLkOorOoeZkZLFoFMSfZWT9uCf6Qf/uNMQtRnX2351P1OF3cld68uFGUNS8U93OqxS9R/ZvAgMBAAGjTzBNMAwGA1UdEwQFMAMBAf8wCwYDVR0PBAQDAgTwMB0GA1UdJQQWMBQGCCsGAQUFBwMCBggrBgEFBQcDBDARBglghkgBhvhCAQEEBAMCBLAwDQYJKoZIhvcNAQEFBQADgYEATnEO8juTdcZtwzvl5EHnZ9+6cEM9rsWuQtq43UXw4RqveHWUE+Cn2ElMPiyuxLLzkzQTbcDYxI9FgVAXFEmqPf7Jii2PpHIlo8yHWCWMuPP0OykMF6YuCtyutKJBbGuTT36gNVAUEPeD34fzB5pgy2aG5wQTQctRdDz07CVM3cI=</ns26:X509Certificate>
                     </ns26:X509Data>
                  </ns26:KeyInfo>
               </ns26:Signature>
            </ns27:technical>
         </ns46:debtNotification>
         </v1:request>
      </v1:fiscalDebtNotificationRequest>
   </soapenv:Body>
</soapenv:Envelope>]]></con:request><con:credentials><con:selectedAuthProfile>Basic</con:selectedAuthProfile><con:addedBasicAuthenticationTypes>Basic</con:addedBasicAuthenticationTypes><con:authType>Global HTTP Settings</con:authType></con:credentials><con:jmsConfig JMSDeliveryMode="PERSISTENT"/><con:jmsPropertyConfig/><con:wsaConfig mustUnderstand="NONE" version="200508" action="http://fidus.brussels/services/fourthwaydebtservice/fiscalDebtNotification"/><con:wsrmConfig version="1.2"/></con:call><con:call id="dc5a289d-b6ca-4b7d-99ee-d9212a382de8" name="4 - Staging - Worker2 - Request" outgoingWss="Outflow STAG" incomingWss="Inflow STAG"><con:settings><con:setting id="com.eviware.soapui.impl.wsdl.WsdlRequest@request-headers">&lt;xml-fragment/></con:setting></con:settings><con:encoding>UTF-8</con:encoding><con:endpoint>https://192.168.24.17:8443/services/FourthWayDebtService_v1.0</con:endpoint><con:request><![CDATA[<soapenv:Envelope xmlns:soapenv="http://schemas.xmlsoap.org/soap/envelope/" xmlns:v1="http://fidus.brussels/service/fourthwaydebtservice/messages/v1" xmlns:v11="http://fidus.brussels/type/common/messages/v1" xmlns:deb="http://fsb.belgium.be/FourthWayServices/debtnotification" xmlns:gen="http://fsb.belgium.be/FourthWayServices/generalcaseinformation" xmlns:dat="http://fsb.belgium.be/FourthWayServices/common/datatypes" xmlns:ins="http://fsb.belgium.be/FourthWayServices/institution" xmlns:add="http://fsb.belgium.be/FourthWayServices/common/addressinformation" xmlns:con="http://fsb.belgium.be/FourthWayServices/contact" xmlns:deb1="http://fsb.belgium.be/FourthWayServices/debtparty" xmlns:par="http://fsb.belgium.be/FourthWayServices/party" xmlns:debt="http://fsb.belgium.be/FourthWayServices/debt" xmlns:leg="http://fsb.belgium.be/FourthWayServices/legalbase" xmlns:tec="http://fsb.belgium.be/FourthWayServices/technical" xmlns:xd="http://www.w3.org/2000/09/xmldsig#">
   <soapenv:Header/>
   <soapenv:Body>
      <v1:fiscalDebtNotificationRequest>
         <v1:messageContext>
         	  <v11:messageId>${=import static java.util.UUID.randomUUID; uuid = randomUUID() as String}</v11:messageId>
            <v11:timestamp>${=new java.text.SimpleDateFormat("yyyy-MM-dd'T'HH:mm:ss.SSS").format(new Date())}</v11:timestamp>
         </v1:messageContext>
         <v1:legalContext>ServiceIntegrator</v1:legalContext>      
         <v1:request>
 		<ns46:debtNotification Id="SignMe" xmlns:ns50="http://be.belgium.fsb/fourthWayService/Debt" xmlns="http://fsb.belgium.be/FourthWayServices/common/addressinformation" xmlns:ns10="http://fsb.belgium.be/FourthWayServices/shipinformation" xmlns:ns11="http://fsb.belgium.be/FourthWayServices/selfemployed" xmlns:ns12="http://fsb.belgium.be/FourthWayServices/institution" xmlns:ns13="http://fsb.belgium.be/FourthWayServices/enterprise" xmlns:ns14="http://fsb.belgium.be/FourthWayServices/honorbaseddeclarations" xmlns:ns15="http://fsb.belgium.be/FourthWayServices/unregisteredparty" xmlns:ns16="http://fsb.belgium.be/FourthWayServices/partnerdescription" xmlns:ns17="http://fsb.belgium.be/FourthWayServices/mortgagegoods" xmlns:ns18="http://fsb.belgium.be/FourthWayServices/deficitcaseinformation" xmlns:ns19="http://fsb.belgium.be/FourthWayServices/debtinquiry" xmlns:ns2="http://fsb.belgium.be/FourthWayServices/common/datatypes" xmlns:ns20="http://fsb.belgium.be/FourthWayServices/immovablegoodtransaction" xmlns:ns21="http://fsb.belgium.be/FourthWayServices/movablegoodtransaction" xmlns:ns22="http://fsb.belgium.be/FourthWayServices/inheritanceinformation" xmlns:ns23="http://fsb.belgium.be/FourthWayServices/successiontransaction" xmlns:ns24="http://fsb.belgium.be/FourthWayServices/fourthwaymessage" xmlns:ns25="http://fsb.belgium.be/FourthWayServices/generalcaseinformation" xmlns:ns26="http://www.w3.org/2000/09/xmldsig#" xmlns:ns27="http://fsb.belgium.be/FourthWayServices/technical" xmlns:ns28="http://fsb.belgium.be/FourthWayServices/acknowledgementinformation" xmlns:ns29="http://fsb.belgium.be/FourthWayServices/error" xmlns:ns3="http://fsb.belgium.be/FourthWayServices/salesinformation" xmlns:ns30="http://fsb.belgium.be/FourthWayServices/businesserror" xmlns:ns31="http://fsb.belgium.be/FourthWayServices/fiscaldebtdetails" xmlns:ns32="http://fsb.belgium.be/FourthWayServices/officialproclamation" xmlns:ns33="http://fsb.belgium.be/FourthWayServices/beneficiary" xmlns:ns34="http://fsb.belgium.be/FourthWayServices/common/bankaccount" xmlns:ns35="http://fsb.belgium.be/FourthWayServices/debtdetailedinformation" xmlns:ns36="http://fsb.belgium.be/FourthWayServices/debtsolidarity" xmlns:ns37="http://fsb.belgium.be/FourthWayServices/fiscaldebt" xmlns:ns38="http://fsb.belgium.be/FourthWayServices/socialdebtdetails" xmlns:ns39="http://fsb.belgium.be/FourthWayServices/debtinformation" xmlns:ns4="http://fsb.belgium.be/FourthWayServices/gooddescription" xmlns:ns40="http://fsb.belgium.be/FourthWayServices/socialdebt" xmlns:ns41="http://fsb.belgium.be/FourthWayServices/fiscalregionflandersdebtdetails" xmlns:ns42="http://fsb.belgium.be/FourthWayServices/fiscalregionflandersdebt" xmlns:ns43="http://fsb.belgium.be/FourthWayServices/debt" xmlns:ns44="http://fsb.belgium.be/FourthWayServices/debtparty" xmlns:ns45="http://fsb.belgium.be/FourthWayServices/legalbase" xmlns:ns46="http://fsb.belgium.be/FourthWayServices/debtnotification" xmlns:ns47="http://fsb.belgium.be/FourthWayServices/debtdeficitnotification" xmlns:ns48="http://fsb.belgium.be/FourthWayServices/header" xmlns:ns49="http://fsb.belgium.be/header" xmlns:ns5="http://fsb.belgium.be/FourthWayServices/party" xmlns:ns51="http://fsb.belgium.be/FourthWayServices/technicalack" xmlns:ns52="http://fsb.belgium.be/FourthWayServices/functionalack" xmlns:ns6="http://fsb.belgium.be/FourthWayServices/naturalperson" xmlns:ns7="http://fsb.belgium.be/FourthWayServices/nonresident" xmlns:ns8="http://fsb.belgium.be/FourthWayServices/contact" xmlns:ns9="http://fsb.belgium.be/FourthWayServices/propertyinformation">
            <ns25:generalCaseInformation>
               <ns25:administrativeInformation>
                  <ns25:language>FR</ns25:language>
                  <ns25:caseNumber>2444080.210115.0167</ns25:caseNumber>
                  <ns25:transactionType>3</ns25:transactionType>
                  <ns25:procedureNumber>ENOT4000000419570</ns25:procedureNumber>
                  <ns25:replacedProcedureNumber xsi:nil="true" xmlns:xsi="http://www.w3.org/2001/XMLSchema-instance"/>
                  <ns25:requestDate>2015-01-21T14:50:02.446+01:00</ns25:requestDate>
                  <ns25:origin>
                     <ns2:origin>
                        <ns2:partner>FPS Finance</ns2:partner>
                        <ns2:partnerCode codeType="KBO">0308357159</ns2:partnerCode>
                     </ns2:origin>
                  </ns25:origin>
                  <ns25:destinations>
                     <ns2:destination>
                        <ns2:partner>FRNB</ns2:partner>
                        <ns2:partnerCode codeType="KBO">0409357321</ns2:partnerCode>
                     </ns2:destination>
                  </ns25:destinations>
                  <ns25:requestorInformation>
                     <ns12:institution>
                        <ns12:institutionType>Federal</ns12:institutionType>
                        <ns12:institutionName>Huy</ns12:institutionName>
                        <ns12:institutionIdentificationNumber type="CDDB">600904</ns12:institutionIdentificationNumber>
                        <address>
                           <location>
                              <country>
                                 <countryCode codeStandard="ISO">BE</countryCode>
                              </country>
                              <postalCode>4500</postalCode>
                           </location>
                           <street>Avenue Albert 1er</street>
                           <houseNumber>8/10</houseNumber>
                        </address>
                        <ns12:contactInformation>
                           <ns8:phoneNumber type="phone">025783660</ns8:phoneNumber>
                           <ns8:emailAddress type="email">rec.cd.huy@minfin.fed.be</ns8:emailAddress>
                        </ns12:contactInformation>
                     </ns12:institution>
                     <ns25:responsiblePerson>
                        <ns2:name>
                           <ns2:firstName>Testuser</ns2:firstName>
                           <ns2:lastName>testuser.enotrec01</ns2:lastName>
                        </ns2:name>
                        <ns8:contactInformation/>
                     </ns25:responsiblePerson>
                     <ns25:contactPerson>
                        <ns2:name>
                           <ns2:firstName>Testuser</ns2:firstName>
                           <ns2:lastName>EnotRec01</ns2:lastName>
                        </ns2:name>
                        <ns8:contactInformation>
                           <ns8:emailAddress type="email">testuser.enotrec01@guest.minfin.fed.be</ns8:emailAddress>
                        </ns8:contactInformation>
                     </ns25:contactPerson>
                  </ns25:requestorInformation>
               </ns25:administrativeInformation>
            </ns25:generalCaseInformation>
            <ns44:debtParty>
               <ns5:party partyID="005">
                  <ns5:residentialParty>false</ns5:residentialParty>
                  <ns6:naturalPerson>
                     <ns2:entityReference>
                        <ns2:source>notice1</ns2:source>
                        <ns2:entityID type="nationalNumber">68082123438</ns2:entityID>
                     </ns2:entityReference>
                     <ns6:personInformation>
                        <ns2:name>
                           <ns2:firstName>Yolande Adrienne</ns2:firstName>
                           <ns2:lastName>BUITER</ns2:lastName>
                        </ns2:name>
                        <address>
                           <location>
                              <country>
                                 <countryDescription>Belgium</countryDescription>
                                 <countryCode codeStandard="ISO">BE</countryCode>
                              </country>
                              <municipalityDescription>Verlaine</municipalityDescription>
                              <postalCode>4537</postalCode>
                           </location>
                           <street>Rue aux Raines</street>
                           <houseNumber>53</houseNumber>
                        </address>
                     </ns6:personInformation>
                  </ns6:naturalPerson>
               </ns5:party>
               <ns43:debt debtID="1">
                  <ns37:fiscaldebt>
                     <ns31:fiscalDebtDetails>
                        <ns31:debtType>VAT</ns31:debtType>
                        <ns31:declarations>
                           <ns31:negligenceClause>
                              <ns31:additionalIntrest>0</ns31:additionalIntrest>
                              <ns31:additionalIntrestFromDate>2015-01-21+01:00</ns31:additionalIntrestFromDate>
                           </ns31:negligenceClause>
                        </ns31:declarations>
                        <ns2:referencePeriod>
                           <ns2:startDate>2015-01-06+01:00</ns2:startDate>
                           <ns2:endDate>2015-01-13+01:00</ns2:endDate>
                        </ns2:referencePeriod>
                        <ns31:totalDebt>45</ns31:totalDebt>
                        <ns31:debtBreakdown>
                           <ns31:debtSubType>VAT</ns31:debtSubType>
                           <ns31:debtSubAmount>45</ns31:debtSubAmount>
                        </ns31:debtBreakdown>
                        <ns31:debtBreakdown>
                           <ns31:debtSubType>IM</ns31:debtSubType>
                           <ns31:debtSubAmount>0</ns31:debtSubAmount>
                        </ns31:debtBreakdown>
                        <ns31:debtBreakdown>
                           <ns31:debtSubType>INTEREST</ns31:debtSubType>
                           <ns31:debtSubAmount>0</ns31:debtSubAmount>
                        </ns31:debtBreakdown>
                        <ns31:debtBreakdown>
                           <ns31:debtSubType>FINES</ns31:debtSubType>
                           <ns31:debtSubAmount>0</ns31:debtSubAmount>
                        </ns31:debtBreakdown>
                        <ns31:debtBreakdown>
                           <ns31:debtSubType>COST</ns31:debtSubType>
                           <ns31:debtSubAmount>0</ns31:debtSubAmount>
                        </ns31:debtBreakdown>
                     </ns31:fiscalDebtDetails>
                     <ns32:officialProclamation/>
                     <ns33:beneficiary>
                        <ns33:beneficiaryName>CTRI Namur</ns33:beneficiaryName>
                        <ns33:structuredMessage>N99998745412NOT/</ns33:structuredMessage>
                        <ns33:amount>45</ns33:amount>
                        <ns34:bankAccount>
                           <ns34:ibanNumber>BE42 6792 0034 9254</ns34:ibanNumber>
                           <ns34:bicCode>PCHQBEBB</ns34:bicCode>
                           <ns34:accountName>CTRI Namur</ns34:accountName>
                           <address>
                              <location>
                                 <country>
                                    <countryCode codeStandard="ISO">BE</countryCode>
                                 </country>
                                 <municipalityDescription language="fr">Namur</municipalityDescription>
                                 <postalCode>5000</postalCode>
                              </location>
                              <street>Rue des Bourgeois</street>
                              <houseNumber>7/Bloc B</houseNumber>
                           </address>
                        </ns34:bankAccount>
                     </ns33:beneficiary>
                     <ns35:debtDetailedInformation>
                        <ns35:calculationDate>2015-01-21+01:00</ns35:calculationDate>
                        <ns35:referentialNumber>999998745412</ns35:referentialNumber>
                     </ns35:debtDetailedInformation>
                  </ns37:fiscaldebt>
               </ns43:debt>
               <ns44:totalDebtAmount>45</ns44:totalDebtAmount>
            </ns44:debtParty>
            <ns45:legalBase>
               <ns45:legalSource>Code de la taxe sur la valeur ajout��e</ns45:legalSource>
               <ns45:legalBaseIdentifier>Article 93quater</ns45:legalBaseIdentifier>
            </ns45:legalBase>
            <ns27:technical>
               <ns26:Signature>
                  <ns26:SignedInfo>
                     <ns26:CanonicalizationMethod Algorithm="http://www.w3.org/TR/2001/REC-xml-c14n-20010315"/>
                     <ns26:SignatureMethod Algorithm="http://www.w3.org/2000/09/xmldsig#rsa-sha1"/>
                     <ns26:Reference URI="#signMe">
                        <ns26:DigestMethod Algorithm="http://www.w3.org/2000/09/xmldsig#sha1"/>
                        <ns26:DigestValue>CbUOX9jTy0uYSCKDVQl6peUatJ8=</ns26:DigestValue>
                     </ns26:Reference>
                  </ns26:SignedInfo>
                  <ns26:SignatureValue>WBXEECQtMTWGGq5EGO+5kyVw1kJefLsfHVA/5eYB6pZ3GOZ7LOLc/jAhKbqxeV3qdWiMGx3VzgvdF4ZaMB2HS1fLmnOmNDXHhrrqYQJ51LGDvex39k7/xAJAmuub7MDtfAu08WBTVpmQ5khGL9ZrYOXr5RoG70BrlWNr+37FekM=</ns26:SignatureValue>
                  <ns26:KeyInfo>
                     <ns26:X509Data>
                        <ns26:X509SubjectName>ST=Brussels,L=Brussels,OU=Belgian Federal Government,O=Federal Public Service Finances,CN=Test SPF Finances - FOD Financien,C=BE</ns26:X509SubjectName>
                        <ns26:X509Certificate>MIIDKzCCApSgAwIBAgIJAIkxAL2MG081MA0GCSqGSIb3DQEBBQUAMIGuMQswCQYDVQQGEwJCRTEqMCgGA1UEAxMhVGVzdCBTUEYgRmluYW5jZXMgLSBGT0QgRmluYW5jaWVuMSgwJgYDVQQKEx9GZWRlcmFsIFB1YmxpYyBTZXJ2aWNlIEZpbmFuY2VzMSMwIQYDVQQLExpCZWxnaWFuIEZlZGVyYWwgR292ZXJubWVudDERMA8GA1UEBxMIQnJ1c3NlbHMxETAPBgNVBAgTCEJydXNzZWxzMB4XDTA4MDUwNjA4MDcyMFoXDTE4MDUwNzA4MDcyMFowga4xCzAJBgNVBAYTAkJFMSowKAYDVQQDEyFUZXN0IFNQRiBGaW5hbmNlcyAtIEZPRCBGaW5hbmNpZW4xKDAmBgNVBAoTH0ZlZGVyYWwgUHVibGljIFNlcnZpY2UgRmluYW5jZXMxIzAhBgNVBAsTGkJlbGdpYW4gRmVkZXJhbCBHb3Zlcm5tZW50MREwDwYDVQQHEwhCcnVzc2VsczERMA8GA1UECBMIQnJ1c3NlbHMwgZ8wDQYJKoZIhvcNAQEBBQADgY0AMIGJAoGBAJ8T/80iF50FvothkWOZDsZUPKM52fxhNdKMT+E/lODqejyJ2iQkjEuW5yJKo0lXNj+Gxwfl99bD16IJMagbrxBnJPwR7SeS3JQ0IaLkOorOoeZkZLFoFMSfZWT9uCf6Qf/uNMQtRnX2351P1OF3cld68uFGUNS8U93OqxS9R/ZvAgMBAAGjTzBNMAwGA1UdEwQFMAMBAf8wCwYDVR0PBAQDAgTwMB0GA1UdJQQWMBQGCCsGAQUFBwMCBggrBgEFBQcDBDARBglghkgBhvhCAQEEBAMCBLAwDQYJKoZIhvcNAQEFBQADgYEATnEO8juTdcZtwzvl5EHnZ9+6cEM9rsWuQtq43UXw4RqveHWUE+Cn2ElMPiyuxLLzkzQTbcDYxI9FgVAXFEmqPf7Jii2PpHIlo8yHWCWMuPP0OykMF6YuCtyutKJBbGuTT36gNVAUEPeD34fzB5pgy2aG5wQTQctRdDz07CVM3cI=</ns26:X509Certificate>
                     </ns26:X509Data>
                  </ns26:KeyInfo>
               </ns26:Signature>
            </ns27:technical>
         </ns46:debtNotification>
         </v1:request>
      </v1:fiscalDebtNotificationRequest>
   </soapenv:Body>
</soapenv:Envelope>]]></con:request><con:credentials><con:selectedAuthProfile>Basic</con:selectedAuthProfile><con:addedBasicAuthenticationTypes>Basic</con:addedBasicAuthenticationTypes><con:authType>Global HTTP Settings</con:authType></con:credentials><con:jmsConfig JMSDeliveryMode="PERSISTENT"/><con:jmsPropertyConfig/><con:wsaConfig mustUnderstand="NONE" version="200508" action="http://fidus.brussels/services/fourthwaydebtservice/fiscalDebtNotification"/><con:wsrmConfig version="1.2"/></con:call><con:call id="139af5db-9b7c-48fb-b217-8d3ff1a8705f" name="4 - Staging - Worker1 - Request" outgoingWss="Outflow STAG" incomingWss="Inflow STAG"><con:settings><con:setting id="com.eviware.soapui.impl.wsdl.WsdlRequest@request-headers">&lt;xml-fragment/></con:setting></con:settings><con:encoding>UTF-8</con:encoding><con:endpoint>https://192.168.24.16:8443/services/FourthWayDebtService_v1.0</con:endpoint><con:request><![CDATA[<soapenv:Envelope xmlns:soapenv="http://schemas.xmlsoap.org/soap/envelope/" xmlns:v1="http://fidus.brussels/service/fourthwaydebtservice/messages/v1" xmlns:v11="http://fidus.brussels/type/common/messages/v1" xmlns:deb="http://fsb.belgium.be/FourthWayServices/debtnotification" xmlns:gen="http://fsb.belgium.be/FourthWayServices/generalcaseinformation" xmlns:dat="http://fsb.belgium.be/FourthWayServices/common/datatypes" xmlns:ins="http://fsb.belgium.be/FourthWayServices/institution" xmlns:add="http://fsb.belgium.be/FourthWayServices/common/addressinformation" xmlns:con="http://fsb.belgium.be/FourthWayServices/contact" xmlns:deb1="http://fsb.belgium.be/FourthWayServices/debtparty" xmlns:par="http://fsb.belgium.be/FourthWayServices/party" xmlns:debt="http://fsb.belgium.be/FourthWayServices/debt" xmlns:leg="http://fsb.belgium.be/FourthWayServices/legalbase" xmlns:tec="http://fsb.belgium.be/FourthWayServices/technical" xmlns:xd="http://www.w3.org/2000/09/xmldsig#">
   <soapenv:Header/>
   <soapenv:Body>
      <v1:fiscalDebtNotificationRequest>
         <v1:messageContext>
         	  <v11:messageId>${=import static java.util.UUID.randomUUID; uuid = randomUUID() as String}</v11:messageId>
            <v11:timestamp>${=new java.text.SimpleDateFormat("yyyy-MM-dd'T'HH:mm:ss.SSS").format(new Date())}</v11:timestamp>
         </v1:messageContext>
         <v1:legalContext>ServiceIntegrator</v1:legalContext>      
         <v1:request>
 		<ns46:debtNotification Id="SignMe" xmlns:ns50="http://be.belgium.fsb/fourthWayService/Debt" xmlns="http://fsb.belgium.be/FourthWayServices/common/addressinformation" xmlns:ns10="http://fsb.belgium.be/FourthWayServices/shipinformation" xmlns:ns11="http://fsb.belgium.be/FourthWayServices/selfemployed" xmlns:ns12="http://fsb.belgium.be/FourthWayServices/institution" xmlns:ns13="http://fsb.belgium.be/FourthWayServices/enterprise" xmlns:ns14="http://fsb.belgium.be/FourthWayServices/honorbaseddeclarations" xmlns:ns15="http://fsb.belgium.be/FourthWayServices/unregisteredparty" xmlns:ns16="http://fsb.belgium.be/FourthWayServices/partnerdescription" xmlns:ns17="http://fsb.belgium.be/FourthWayServices/mortgagegoods" xmlns:ns18="http://fsb.belgium.be/FourthWayServices/deficitcaseinformation" xmlns:ns19="http://fsb.belgium.be/FourthWayServices/debtinquiry" xmlns:ns2="http://fsb.belgium.be/FourthWayServices/common/datatypes" xmlns:ns20="http://fsb.belgium.be/FourthWayServices/immovablegoodtransaction" xmlns:ns21="http://fsb.belgium.be/FourthWayServices/movablegoodtransaction" xmlns:ns22="http://fsb.belgium.be/FourthWayServices/inheritanceinformation" xmlns:ns23="http://fsb.belgium.be/FourthWayServices/successiontransaction" xmlns:ns24="http://fsb.belgium.be/FourthWayServices/fourthwaymessage" xmlns:ns25="http://fsb.belgium.be/FourthWayServices/generalcaseinformation" xmlns:ns26="http://www.w3.org/2000/09/xmldsig#" xmlns:ns27="http://fsb.belgium.be/FourthWayServices/technical" xmlns:ns28="http://fsb.belgium.be/FourthWayServices/acknowledgementinformation" xmlns:ns29="http://fsb.belgium.be/FourthWayServices/error" xmlns:ns3="http://fsb.belgium.be/FourthWayServices/salesinformation" xmlns:ns30="http://fsb.belgium.be/FourthWayServices/businesserror" xmlns:ns31="http://fsb.belgium.be/FourthWayServices/fiscaldebtdetails" xmlns:ns32="http://fsb.belgium.be/FourthWayServices/officialproclamation" xmlns:ns33="http://fsb.belgium.be/FourthWayServices/beneficiary" xmlns:ns34="http://fsb.belgium.be/FourthWayServices/common/bankaccount" xmlns:ns35="http://fsb.belgium.be/FourthWayServices/debtdetailedinformation" xmlns:ns36="http://fsb.belgium.be/FourthWayServices/debtsolidarity" xmlns:ns37="http://fsb.belgium.be/FourthWayServices/fiscaldebt" xmlns:ns38="http://fsb.belgium.be/FourthWayServices/socialdebtdetails" xmlns:ns39="http://fsb.belgium.be/FourthWayServices/debtinformation" xmlns:ns4="http://fsb.belgium.be/FourthWayServices/gooddescription" xmlns:ns40="http://fsb.belgium.be/FourthWayServices/socialdebt" xmlns:ns41="http://fsb.belgium.be/FourthWayServices/fiscalregionflandersdebtdetails" xmlns:ns42="http://fsb.belgium.be/FourthWayServices/fiscalregionflandersdebt" xmlns:ns43="http://fsb.belgium.be/FourthWayServices/debt" xmlns:ns44="http://fsb.belgium.be/FourthWayServices/debtparty" xmlns:ns45="http://fsb.belgium.be/FourthWayServices/legalbase" xmlns:ns46="http://fsb.belgium.be/FourthWayServices/debtnotification" xmlns:ns47="http://fsb.belgium.be/FourthWayServices/debtdeficitnotification" xmlns:ns48="http://fsb.belgium.be/FourthWayServices/header" xmlns:ns49="http://fsb.belgium.be/header" xmlns:ns5="http://fsb.belgium.be/FourthWayServices/party" xmlns:ns51="http://fsb.belgium.be/FourthWayServices/technicalack" xmlns:ns52="http://fsb.belgium.be/FourthWayServices/functionalack" xmlns:ns6="http://fsb.belgium.be/FourthWayServices/naturalperson" xmlns:ns7="http://fsb.belgium.be/FourthWayServices/nonresident" xmlns:ns8="http://fsb.belgium.be/FourthWayServices/contact" xmlns:ns9="http://fsb.belgium.be/FourthWayServices/propertyinformation">
            <ns25:generalCaseInformation>
               <ns25:administrativeInformation>
                  <ns25:language>FR</ns25:language>
                  <ns25:caseNumber>2444080.210115.0167</ns25:caseNumber>
                  <ns25:transactionType>3</ns25:transactionType>
                  <ns25:procedureNumber>ENOT4000000419570</ns25:procedureNumber>
                  <ns25:replacedProcedureNumber xsi:nil="true" xmlns:xsi="http://www.w3.org/2001/XMLSchema-instance"/>
                  <ns25:requestDate>2015-01-21T14:50:02.446+01:00</ns25:requestDate>
                  <ns25:origin>
                     <ns2:origin>
                        <ns2:partner>FPS Finance</ns2:partner>
                        <ns2:partnerCode codeType="KBO">0308357159</ns2:partnerCode>
                     </ns2:origin>
                  </ns25:origin>
                  <ns25:destinations>
                     <ns2:destination>
                        <ns2:partner>FRNB</ns2:partner>
                        <ns2:partnerCode codeType="KBO">0409357321</ns2:partnerCode>
                     </ns2:destination>
                  </ns25:destinations>
                  <ns25:requestorInformation>
                     <ns12:institution>
                        <ns12:institutionType>Federal</ns12:institutionType>
                        <ns12:institutionName>Huy</ns12:institutionName>
                        <ns12:institutionIdentificationNumber type="CDDB">600904</ns12:institutionIdentificationNumber>
                        <address>
                           <location>
                              <country>
                                 <countryCode codeStandard="ISO">BE</countryCode>
                              </country>
                              <postalCode>4500</postalCode>
                           </location>
                           <street>Avenue Albert 1er</street>
                           <houseNumber>8/10</houseNumber>
                        </address>
                        <ns12:contactInformation>
                           <ns8:phoneNumber type="phone">025783660</ns8:phoneNumber>
                           <ns8:emailAddress type="email">rec.cd.huy@minfin.fed.be</ns8:emailAddress>
                        </ns12:contactInformation>
                     </ns12:institution>
                     <ns25:responsiblePerson>
                        <ns2:name>
                           <ns2:firstName>Testuser</ns2:firstName>
                           <ns2:lastName>testuser.enotrec01</ns2:lastName>
                        </ns2:name>
                        <ns8:contactInformation/>
                     </ns25:responsiblePerson>
                     <ns25:contactPerson>
                        <ns2:name>
                           <ns2:firstName>Testuser</ns2:firstName>
                           <ns2:lastName>EnotRec01</ns2:lastName>
                        </ns2:name>
                        <ns8:contactInformation>
                           <ns8:emailAddress type="email">testuser.enotrec01@guest.minfin.fed.be</ns8:emailAddress>
                        </ns8:contactInformation>
                     </ns25:contactPerson>
                  </ns25:requestorInformation>
               </ns25:administrativeInformation>
            </ns25:generalCaseInformation>
            <ns44:debtParty>
               <ns5:party partyID="005">
                  <ns5:residentialParty>false</ns5:residentialParty>
                  <ns6:naturalPerson>
                     <ns2:entityReference>
                        <ns2:source>notice1</ns2:source>
                        <ns2:entityID type="nationalNumber">68082123438</ns2:entityID>
                     </ns2:entityReference>
                     <ns6:personInformation>
                        <ns2:name>
                           <ns2:firstName>Yolande Adrienne</ns2:firstName>
                           <ns2:lastName>BUITER</ns2:lastName>
                        </ns2:name>
                        <address>
                           <location>
                              <country>
                                 <countryDescription>Belgium</countryDescription>
                                 <countryCode codeStandard="ISO">BE</countryCode>
                              </country>
                              <municipalityDescription>Verlaine</municipalityDescription>
                              <postalCode>4537</postalCode>
                           </location>
                           <street>Rue aux Raines</street>
                           <houseNumber>53</houseNumber>
                        </address>
                     </ns6:personInformation>
                  </ns6:naturalPerson>
               </ns5:party>
               <ns43:debt debtID="1">
                  <ns37:fiscaldebt>
                     <ns31:fiscalDebtDetails>
                        <ns31:debtType>VAT</ns31:debtType>
                        <ns31:declarations>
                           <ns31:negligenceClause>
                              <ns31:additionalIntrest>0</ns31:additionalIntrest>
                              <ns31:additionalIntrestFromDate>2015-01-21+01:00</ns31:additionalIntrestFromDate>
                           </ns31:negligenceClause>
                        </ns31:declarations>
                        <ns2:referencePeriod>
                           <ns2:startDate>2015-01-06+01:00</ns2:startDate>
                           <ns2:endDate>2015-01-13+01:00</ns2:endDate>
                        </ns2:referencePeriod>
                        <ns31:totalDebt>45</ns31:totalDebt>
                        <ns31:debtBreakdown>
                           <ns31:debtSubType>VAT</ns31:debtSubType>
                           <ns31:debtSubAmount>45</ns31:debtSubAmount>
                        </ns31:debtBreakdown>
                        <ns31:debtBreakdown>
                           <ns31:debtSubType>IM</ns31:debtSubType>
                           <ns31:debtSubAmount>0</ns31:debtSubAmount>
                        </ns31:debtBreakdown>
                        <ns31:debtBreakdown>
                           <ns31:debtSubType>INTEREST</ns31:debtSubType>
                           <ns31:debtSubAmount>0</ns31:debtSubAmount>
                        </ns31:debtBreakdown>
                        <ns31:debtBreakdown>
                           <ns31:debtSubType>FINES</ns31:debtSubType>
                           <ns31:debtSubAmount>0</ns31:debtSubAmount>
                        </ns31:debtBreakdown>
                        <ns31:debtBreakdown>
                           <ns31:debtSubType>COST</ns31:debtSubType>
                           <ns31:debtSubAmount>0</ns31:debtSubAmount>
                        </ns31:debtBreakdown>
                     </ns31:fiscalDebtDetails>
                     <ns32:officialProclamation/>
                     <ns33:beneficiary>
                        <ns33:beneficiaryName>CTRI Namur</ns33:beneficiaryName>
                        <ns33:structuredMessage>N99998745412NOT/</ns33:structuredMessage>
                        <ns33:amount>45</ns33:amount>
                        <ns34:bankAccount>
                           <ns34:ibanNumber>BE42 6792 0034 9254</ns34:ibanNumber>
                           <ns34:bicCode>PCHQBEBB</ns34:bicCode>
                           <ns34:accountName>CTRI Namur</ns34:accountName>
                           <address>
                              <location>
                                 <country>
                                    <countryCode codeStandard="ISO">BE</countryCode>
                                 </country>
                                 <municipalityDescription language="fr">Namur</municipalityDescription>
                                 <postalCode>5000</postalCode>
                              </location>
                              <street>Rue des Bourgeois</street>
                              <houseNumber>7/Bloc B</houseNumber>
                           </address>
                        </ns34:bankAccount>
                     </ns33:beneficiary>
                     <ns35:debtDetailedInformation>
                        <ns35:calculationDate>2015-01-21+01:00</ns35:calculationDate>
                        <ns35:referentialNumber>999998745412</ns35:referentialNumber>
                     </ns35:debtDetailedInformation>
                  </ns37:fiscaldebt>
               </ns43:debt>
               <ns44:totalDebtAmount>45</ns44:totalDebtAmount>
            </ns44:debtParty>
            <ns45:legalBase>
               <ns45:legalSource>Code de la taxe sur la valeur ajout��e</ns45:legalSource>
               <ns45:legalBaseIdentifier>Article 93quater</ns45:legalBaseIdentifier>
            </ns45:legalBase>
            <ns27:technical>
               <ns26:Signature>
                  <ns26:SignedInfo>
                     <ns26:CanonicalizationMethod Algorithm="http://www.w3.org/TR/2001/REC-xml-c14n-20010315"/>
                     <ns26:SignatureMethod Algorithm="http://www.w3.org/2000/09/xmldsig#rsa-sha1"/>
                     <ns26:Reference URI="#signMe">
                        <ns26:DigestMethod Algorithm="http://www.w3.org/2000/09/xmldsig#sha1"/>
                        <ns26:DigestValue>CbUOX9jTy0uYSCKDVQl6peUatJ8=</ns26:DigestValue>
                     </ns26:Reference>
                  </ns26:SignedInfo>
                  <ns26:SignatureValue>WBXEECQtMTWGGq5EGO+5kyVw1kJefLsfHVA/5eYB6pZ3GOZ7LOLc/jAhKbqxeV3qdWiMGx3VzgvdF4ZaMB2HS1fLmnOmNDXHhrrqYQJ51LGDvex39k7/xAJAmuub7MDtfAu08WBTVpmQ5khGL9ZrYOXr5RoG70BrlWNr+37FekM=</ns26:SignatureValue>
                  <ns26:KeyInfo>
                     <ns26:X509Data>
                        <ns26:X509SubjectName>ST=Brussels,L=Brussels,OU=Belgian Federal Government,O=Federal Public Service Finances,CN=Test SPF Finances - FOD Financien,C=BE</ns26:X509SubjectName>
                        <ns26:X509Certificate>MIIDKzCCApSgAwIBAgIJAIkxAL2MG081MA0GCSqGSIb3DQEBBQUAMIGuMQswCQYDVQQGEwJCRTEqMCgGA1UEAxMhVGVzdCBTUEYgRmluYW5jZXMgLSBGT0QgRmluYW5jaWVuMSgwJgYDVQQKEx9GZWRlcmFsIFB1YmxpYyBTZXJ2aWNlIEZpbmFuY2VzMSMwIQYDVQQLExpCZWxnaWFuIEZlZGVyYWwgR292ZXJubWVudDERMA8GA1UEBxMIQnJ1c3NlbHMxETAPBgNVBAgTCEJydXNzZWxzMB4XDTA4MDUwNjA4MDcyMFoXDTE4MDUwNzA4MDcyMFowga4xCzAJBgNVBAYTAkJFMSowKAYDVQQDEyFUZXN0IFNQRiBGaW5hbmNlcyAtIEZPRCBGaW5hbmNpZW4xKDAmBgNVBAoTH0ZlZGVyYWwgUHVibGljIFNlcnZpY2UgRmluYW5jZXMxIzAhBgNVBAsTGkJlbGdpYW4gRmVkZXJhbCBHb3Zlcm5tZW50MREwDwYDVQQHEwhCcnVzc2VsczERMA8GA1UECBMIQnJ1c3NlbHMwgZ8wDQYJKoZIhvcNAQEBBQADgY0AMIGJAoGBAJ8T/80iF50FvothkWOZDsZUPKM52fxhNdKMT+E/lODqejyJ2iQkjEuW5yJKo0lXNj+Gxwfl99bD16IJMagbrxBnJPwR7SeS3JQ0IaLkOorOoeZkZLFoFMSfZWT9uCf6Qf/uNMQtRnX2351P1OF3cld68uFGUNS8U93OqxS9R/ZvAgMBAAGjTzBNMAwGA1UdEwQFMAMBAf8wCwYDVR0PBAQDAgTwMB0GA1UdJQQWMBQGCCsGAQUFBwMCBggrBgEFBQcDBDARBglghkgBhvhCAQEEBAMCBLAwDQYJKoZIhvcNAQEFBQADgYEATnEO8juTdcZtwzvl5EHnZ9+6cEM9rsWuQtq43UXw4RqveHWUE+Cn2ElMPiyuxLLzkzQTbcDYxI9FgVAXFEmqPf7Jii2PpHIlo8yHWCWMuPP0OykMF6YuCtyutKJBbGuTT36gNVAUEPeD34fzB5pgy2aG5wQTQctRdDz07CVM3cI=</ns26:X509Certificate>
                     </ns26:X509Data>
                  </ns26:KeyInfo>
               </ns26:Signature>
            </ns27:technical>
         </ns46:debtNotification>
         </v1:request>
      </v1:fiscalDebtNotificationRequest>
   </soapenv:Body>
</soapenv:Envelope>]]></con:request><con:credentials><con:selectedAuthProfile>Basic</con:selectedAuthProfile><con:addedBasicAuthenticationTypes>Basic</con:addedBasicAuthenticationTypes><con:authType>Global HTTP Settings</con:authType></con:credentials><con:jmsConfig JMSDeliveryMode="PERSISTENT"/><con:jmsPropertyConfig/><con:wsaConfig mustUnderstand="NONE" version="200508" action="http://fidus.brussels/services/fourthwaydebtservice/fiscalDebtNotification"/><con:wsrmConfig version="1.2"/></con:call><con:call id="0e8ecad9-f711-41aa-b63d-6694ca1c8b64" name="4 - Staging - LB - Request" outgoingWss="Outflow STAG" incomingWss="Inflow STAG"><con:settings><con:setting id="com.eviware.soapui.impl.wsdl.WsdlRequest@request-headers">&lt;xml-fragment/></con:setting></con:settings><con:encoding>UTF-8</con:encoding><con:endpoint>https://fidus-esb-sg.sta.srv.cirb.lan:8443/services/FourthWayDebtService_v1.0</con:endpoint><con:request><![CDATA[<soapenv:Envelope xmlns:soapenv="http://schemas.xmlsoap.org/soap/envelope/" xmlns:v1="http://fidus.brussels/service/fourthwaydebtservice/messages/v1" xmlns:v11="http://fidus.brussels/type/common/messages/v1" xmlns:deb="http://fsb.belgium.be/FourthWayServices/debtnotification" xmlns:gen="http://fsb.belgium.be/FourthWayServices/generalcaseinformation" xmlns:dat="http://fsb.belgium.be/FourthWayServices/common/datatypes" xmlns:ins="http://fsb.belgium.be/FourthWayServices/institution" xmlns:add="http://fsb.belgium.be/FourthWayServices/common/addressinformation" xmlns:con="http://fsb.belgium.be/FourthWayServices/contact" xmlns:deb1="http://fsb.belgium.be/FourthWayServices/debtparty" xmlns:par="http://fsb.belgium.be/FourthWayServices/party" xmlns:debt="http://fsb.belgium.be/FourthWayServices/debt" xmlns:leg="http://fsb.belgium.be/FourthWayServices/legalbase" xmlns:tec="http://fsb.belgium.be/FourthWayServices/technical" xmlns:xd="http://www.w3.org/2000/09/xmldsig#">
   <soapenv:Header/>
   <soapenv:Body>
      <v1:fiscalDebtNotificationRequest>
         <v1:messageContext>
         	  <v11:messageId>${=import static java.util.UUID.randomUUID; uuid = randomUUID() as String}</v11:messageId>
            <v11:timestamp>${=new java.text.SimpleDateFormat("yyyy-MM-dd'T'HH:mm:ss.SSS").format(new Date())}</v11:timestamp>
         </v1:messageContext>
         <v1:legalContext>ServiceIntegrator</v1:legalContext>      
         <v1:request>
 		<ns46:debtNotification Id="SignMe" xmlns:ns50="http://be.belgium.fsb/fourthWayService/Debt" xmlns="http://fsb.belgium.be/FourthWayServices/common/addressinformation" xmlns:ns10="http://fsb.belgium.be/FourthWayServices/shipinformation" xmlns:ns11="http://fsb.belgium.be/FourthWayServices/selfemployed" xmlns:ns12="http://fsb.belgium.be/FourthWayServices/institution" xmlns:ns13="http://fsb.belgium.be/FourthWayServices/enterprise" xmlns:ns14="http://fsb.belgium.be/FourthWayServices/honorbaseddeclarations" xmlns:ns15="http://fsb.belgium.be/FourthWayServices/unregisteredparty" xmlns:ns16="http://fsb.belgium.be/FourthWayServices/partnerdescription" xmlns:ns17="http://fsb.belgium.be/FourthWayServices/mortgagegoods" xmlns:ns18="http://fsb.belgium.be/FourthWayServices/deficitcaseinformation" xmlns:ns19="http://fsb.belgium.be/FourthWayServices/debtinquiry" xmlns:ns2="http://fsb.belgium.be/FourthWayServices/common/datatypes" xmlns:ns20="http://fsb.belgium.be/FourthWayServices/immovablegoodtransaction" xmlns:ns21="http://fsb.belgium.be/FourthWayServices/movablegoodtransaction" xmlns:ns22="http://fsb.belgium.be/FourthWayServices/inheritanceinformation" xmlns:ns23="http://fsb.belgium.be/FourthWayServices/successiontransaction" xmlns:ns24="http://fsb.belgium.be/FourthWayServices/fourthwaymessage" xmlns:ns25="http://fsb.belgium.be/FourthWayServices/generalcaseinformation" xmlns:ns26="http://www.w3.org/2000/09/xmldsig#" xmlns:ns27="http://fsb.belgium.be/FourthWayServices/technical" xmlns:ns28="http://fsb.belgium.be/FourthWayServices/acknowledgementinformation" xmlns:ns29="http://fsb.belgium.be/FourthWayServices/error" xmlns:ns3="http://fsb.belgium.be/FourthWayServices/salesinformation" xmlns:ns30="http://fsb.belgium.be/FourthWayServices/businesserror" xmlns:ns31="http://fsb.belgium.be/FourthWayServices/fiscaldebtdetails" xmlns:ns32="http://fsb.belgium.be/FourthWayServices/officialproclamation" xmlns:ns33="http://fsb.belgium.be/FourthWayServices/beneficiary" xmlns:ns34="http://fsb.belgium.be/FourthWayServices/common/bankaccount" xmlns:ns35="http://fsb.belgium.be/FourthWayServices/debtdetailedinformation" xmlns:ns36="http://fsb.belgium.be/FourthWayServices/debtsolidarity" xmlns:ns37="http://fsb.belgium.be/FourthWayServices/fiscaldebt" xmlns:ns38="http://fsb.belgium.be/FourthWayServices/socialdebtdetails" xmlns:ns39="http://fsb.belgium.be/FourthWayServices/debtinformation" xmlns:ns4="http://fsb.belgium.be/FourthWayServices/gooddescription" xmlns:ns40="http://fsb.belgium.be/FourthWayServices/socialdebt" xmlns:ns41="http://fsb.belgium.be/FourthWayServices/fiscalregionflandersdebtdetails" xmlns:ns42="http://fsb.belgium.be/FourthWayServices/fiscalregionflandersdebt" xmlns:ns43="http://fsb.belgium.be/FourthWayServices/debt" xmlns:ns44="http://fsb.belgium.be/FourthWayServices/debtparty" xmlns:ns45="http://fsb.belgium.be/FourthWayServices/legalbase" xmlns:ns46="http://fsb.belgium.be/FourthWayServices/debtnotification" xmlns:ns47="http://fsb.belgium.be/FourthWayServices/debtdeficitnotification" xmlns:ns48="http://fsb.belgium.be/FourthWayServices/header" xmlns:ns49="http://fsb.belgium.be/header" xmlns:ns5="http://fsb.belgium.be/FourthWayServices/party" xmlns:ns51="http://fsb.belgium.be/FourthWayServices/technicalack" xmlns:ns52="http://fsb.belgium.be/FourthWayServices/functionalack" xmlns:ns6="http://fsb.belgium.be/FourthWayServices/naturalperson" xmlns:ns7="http://fsb.belgium.be/FourthWayServices/nonresident" xmlns:ns8="http://fsb.belgium.be/FourthWayServices/contact" xmlns:ns9="http://fsb.belgium.be/FourthWayServices/propertyinformation">
            <ns25:generalCaseInformation>
               <ns25:administrativeInformation>
                  <ns25:language>FR</ns25:language>
                  <ns25:caseNumber>2444080.210115.0167</ns25:caseNumber>
                  <ns25:transactionType>3</ns25:transactionType>
                  <ns25:procedureNumber>ENOT4000000419570</ns25:procedureNumber>
                  <ns25:replacedProcedureNumber xsi:nil="true" xmlns:xsi="http://www.w3.org/2001/XMLSchema-instance"/>
                  <ns25:requestDate>2015-01-21T14:50:02.446+01:00</ns25:requestDate>
                  <ns25:origin>
                     <ns2:origin>
                        <ns2:partner>FPS Finance</ns2:partner>
                        <ns2:partnerCode codeType="KBO">0308357159</ns2:partnerCode>
                     </ns2:origin>
                  </ns25:origin>
                  <ns25:destinations>
                     <ns2:destination>
                        <ns2:partner>FRNB</ns2:partner>
                        <ns2:partnerCode codeType="KBO">0409357321</ns2:partnerCode>
                     </ns2:destination>
                  </ns25:destinations>
                  <ns25:requestorInformation>
                     <ns12:institution>
                        <ns12:institutionType>Federal</ns12:institutionType>
                        <ns12:institutionName>Huy</ns12:institutionName>
                        <ns12:institutionIdentificationNumber type="CDDB">600904</ns12:institutionIdentificationNumber>
                        <address>
                           <location>
                              <country>
                                 <countryCode codeStandard="ISO">BE</countryCode>
                              </country>
                              <postalCode>4500</postalCode>
                           </location>
                           <street>Avenue Albert 1er</street>
                           <houseNumber>8/10</houseNumber>
                        </address>
                        <ns12:contactInformation>
                           <ns8:phoneNumber type="phone">025783660</ns8:phoneNumber>
                           <ns8:emailAddress type="email">rec.cd.huy@minfin.fed.be</ns8:emailAddress>
                        </ns12:contactInformation>
                     </ns12:institution>
                     <ns25:responsiblePerson>
                        <ns2:name>
                           <ns2:firstName>Testuser</ns2:firstName>
                           <ns2:lastName>testuser.enotrec01</ns2:lastName>
                        </ns2:name>
                        <ns8:contactInformation/>
                     </ns25:responsiblePerson>
                     <ns25:contactPerson>
                        <ns2:name>
                           <ns2:firstName>Testuser</ns2:firstName>
                           <ns2:lastName>EnotRec01</ns2:lastName>
                        </ns2:name>
                        <ns8:contactInformation>
                           <ns8:emailAddress type="email">testuser.enotrec01@guest.minfin.fed.be</ns8:emailAddress>
                        </ns8:contactInformation>
                     </ns25:contactPerson>
                  </ns25:requestorInformation>
               </ns25:administrativeInformation>
            </ns25:generalCaseInformation>
            <ns44:debtParty>
               <ns5:party partyID="005">
                  <ns5:residentialParty>false</ns5:residentialParty>
                  <ns6:naturalPerson>
                     <ns2:entityReference>
                        <ns2:source>notice1</ns2:source>
                        <ns2:entityID type="nationalNumber">68082123438</ns2:entityID>
                     </ns2:entityReference>
                     <ns6:personInformation>
                        <ns2:name>
                           <ns2:firstName>Yolande Adrienne</ns2:firstName>
                           <ns2:lastName>BUITER</ns2:lastName>
                        </ns2:name>
                        <address>
                           <location>
                              <country>
                                 <countryDescription>Belgium</countryDescription>
                                 <countryCode codeStandard="ISO">BE</countryCode>
                              </country>
                              <municipalityDescription>Verlaine</municipalityDescription>
                              <postalCode>4537</postalCode>
                           </location>
                           <street>Rue aux Raines</street>
                           <houseNumber>53</houseNumber>
                        </address>
                     </ns6:personInformation>
                  </ns6:naturalPerson>
               </ns5:party>
               <ns43:debt debtID="1">
                  <ns37:fiscaldebt>
                     <ns31:fiscalDebtDetails>
                        <ns31:debtType>VAT</ns31:debtType>
                        <ns31:declarations>
                           <ns31:negligenceClause>
                              <ns31:additionalIntrest>0</ns31:additionalIntrest>
                              <ns31:additionalIntrestFromDate>2015-01-21+01:00</ns31:additionalIntrestFromDate>
                           </ns31:negligenceClause>
                        </ns31:declarations>
                        <ns2:referencePeriod>
                           <ns2:startDate>2015-01-06+01:00</ns2:startDate>
                           <ns2:endDate>2015-01-13+01:00</ns2:endDate>
                        </ns2:referencePeriod>
                        <ns31:totalDebt>45</ns31:totalDebt>
                        <ns31:debtBreakdown>
                           <ns31:debtSubType>VAT</ns31:debtSubType>
                           <ns31:debtSubAmount>45</ns31:debtSubAmount>
                        </ns31:debtBreakdown>
                        <ns31:debtBreakdown>
                           <ns31:debtSubType>IM</ns31:debtSubType>
                           <ns31:debtSubAmount>0</ns31:debtSubAmount>
                        </ns31:debtBreakdown>
                        <ns31:debtBreakdown>
                           <ns31:debtSubType>INTEREST</ns31:debtSubType>
                           <ns31:debtSubAmount>0</ns31:debtSubAmount>
                        </ns31:debtBreakdown>
                        <ns31:debtBreakdown>
                           <ns31:debtSubType>FINES</ns31:debtSubType>
                           <ns31:debtSubAmount>0</ns31:debtSubAmount>
                        </ns31:debtBreakdown>
                        <ns31:debtBreakdown>
                           <ns31:debtSubType>COST</ns31:debtSubType>
                           <ns31:debtSubAmount>0</ns31:debtSubAmount>
                        </ns31:debtBreakdown>
                     </ns31:fiscalDebtDetails>
                     <ns32:officialProclamation/>
                     <ns33:beneficiary>
                        <ns33:beneficiaryName>CTRI Namur</ns33:beneficiaryName>
                        <ns33:structuredMessage>N99998745412NOT/</ns33:structuredMessage>
                        <ns33:amount>45</ns33:amount>
                        <ns34:bankAccount>
                           <ns34:ibanNumber>BE42 6792 0034 9254</ns34:ibanNumber>
                           <ns34:bicCode>PCHQBEBB</ns34:bicCode>
                           <ns34:accountName>CTRI Namur</ns34:accountName>
                           <address>
                              <location>
                                 <country>
                                    <countryCode codeStandard="ISO">BE</countryCode>
                                 </country>
                                 <municipalityDescription language="fr">Namur</municipalityDescription>
                                 <postalCode>5000</postalCode>
                              </location>
                              <street>Rue des Bourgeois</street>
                              <houseNumber>7/Bloc B</houseNumber>
                           </address>
                        </ns34:bankAccount>
                     </ns33:beneficiary>
                     <ns35:debtDetailedInformation>
                        <ns35:calculationDate>2015-01-21+01:00</ns35:calculationDate>
                        <ns35:referentialNumber>999998745412</ns35:referentialNumber>
                     </ns35:debtDetailedInformation>
                  </ns37:fiscaldebt>
               </ns43:debt>
               <ns44:totalDebtAmount>45</ns44:totalDebtAmount>
            </ns44:debtParty>
            <ns45:legalBase>
               <ns45:legalSource>Code de la taxe sur la valeur ajout��e</ns45:legalSource>
               <ns45:legalBaseIdentifier>Article 93quater</ns45:legalBaseIdentifier>
            </ns45:legalBase>
            <ns27:technical>
               <ns26:Signature>
                  <ns26:SignedInfo>
                     <ns26:CanonicalizationMethod Algorithm="http://www.w3.org/TR/2001/REC-xml-c14n-20010315"/>
                     <ns26:SignatureMethod Algorithm="http://www.w3.org/2000/09/xmldsig#rsa-sha1"/>
                     <ns26:Reference URI="#signMe">
                        <ns26:DigestMethod Algorithm="http://www.w3.org/2000/09/xmldsig#sha1"/>
                        <ns26:DigestValue>CbUOX9jTy0uYSCKDVQl6peUatJ8=</ns26:DigestValue>
                     </ns26:Reference>
                  </ns26:SignedInfo>
                  <ns26:SignatureValue>WBXEECQtMTWGGq5EGO+5kyVw1kJefLsfHVA/5eYB6pZ3GOZ7LOLc/jAhKbqxeV3qdWiMGx3VzgvdF4ZaMB2HS1fLmnOmNDXHhrrqYQJ51LGDvex39k7/xAJAmuub7MDtfAu08WBTVpmQ5khGL9ZrYOXr5RoG70BrlWNr+37FekM=</ns26:SignatureValue>
                  <ns26:KeyInfo>
                     <ns26:X509Data>
                        <ns26:X509SubjectName>ST=Brussels,L=Brussels,OU=Belgian Federal Government,O=Federal Public Service Finances,CN=Test SPF Finances - FOD Financien,C=BE</ns26:X509SubjectName>
                        <ns26:X509Certificate>MIIDKzCCApSgAwIBAgIJAIkxAL2MG081MA0GCSqGSIb3DQEBBQUAMIGuMQswCQYDVQQGEwJCRTEqMCgGA1UEAxMhVGVzdCBTUEYgRmluYW5jZXMgLSBGT0QgRmluYW5jaWVuMSgwJgYDVQQKEx9GZWRlcmFsIFB1YmxpYyBTZXJ2aWNlIEZpbmFuY2VzMSMwIQYDVQQLExpCZWxnaWFuIEZlZGVyYWwgR292ZXJubWVudDERMA8GA1UEBxMIQnJ1c3NlbHMxETAPBgNVBAgTCEJydXNzZWxzMB4XDTA4MDUwNjA4MDcyMFoXDTE4MDUwNzA4MDcyMFowga4xCzAJBgNVBAYTAkJFMSowKAYDVQQDEyFUZXN0IFNQRiBGaW5hbmNlcyAtIEZPRCBGaW5hbmNpZW4xKDAmBgNVBAoTH0ZlZGVyYWwgUHVibGljIFNlcnZpY2UgRmluYW5jZXMxIzAhBgNVBAsTGkJlbGdpYW4gRmVkZXJhbCBHb3Zlcm5tZW50MREwDwYDVQQHEwhCcnVzc2VsczERMA8GA1UECBMIQnJ1c3NlbHMwgZ8wDQYJKoZIhvcNAQEBBQADgY0AMIGJAoGBAJ8T/80iF50FvothkWOZDsZUPKM52fxhNdKMT+E/lODqejyJ2iQkjEuW5yJKo0lXNj+Gxwfl99bD16IJMagbrxBnJPwR7SeS3JQ0IaLkOorOoeZkZLFoFMSfZWT9uCf6Qf/uNMQtRnX2351P1OF3cld68uFGUNS8U93OqxS9R/ZvAgMBAAGjTzBNMAwGA1UdEwQFMAMBAf8wCwYDVR0PBAQDAgTwMB0GA1UdJQQWMBQGCCsGAQUFBwMCBggrBgEFBQcDBDARBglghkgBhvhCAQEEBAMCBLAwDQYJKoZIhvcNAQEFBQADgYEATnEO8juTdcZtwzvl5EHnZ9+6cEM9rsWuQtq43UXw4RqveHWUE+Cn2ElMPiyuxLLzkzQTbcDYxI9FgVAXFEmqPf7Jii2PpHIlo8yHWCWMuPP0OykMF6YuCtyutKJBbGuTT36gNVAUEPeD34fzB5pgy2aG5wQTQctRdDz07CVM3cI=</ns26:X509Certificate>
                     </ns26:X509Data>
                  </ns26:KeyInfo>
               </ns26:Signature>
            </ns27:technical>
         </ns46:debtNotification>
         </v1:request>
      </v1:fiscalDebtNotificationRequest>
   </soapenv:Body>
</soapenv:Envelope>]]></con:request><con:credentials><con:selectedAuthProfile>Basic</con:selectedAuthProfile><con:addedBasicAuthenticationTypes>Basic</con:addedBasicAuthenticationTypes><con:authType>Global HTTP Settings</con:authType></con:credentials><con:jmsConfig JMSDeliveryMode="PERSISTENT"/><con:jmsPropertyConfig/><con:wsaConfig mustUnderstand="NONE" version="200508" action="http://fidus.brussels/services/fourthwaydebtservice/fiscalDebtNotification"/><con:wsrmConfig version="1.2"/></con:call><con:call id="1b32aa80-f293-49df-882b-a07264987f91" name="4 - Staging - External - Request" outgoingWss="Outflow STAG" incomingWss="Inflow STAG"><con:settings><con:setting id="com.eviware.soapui.impl.wsdl.WsdlRequest@request-headers">&lt;xml-fragment/></con:setting></con:settings><con:encoding>UTF-8</con:encoding><con:endpoint>https://fidus.irisnetlab.be/services/FourthWayDebtService_v1.0</con:endpoint><con:request><![CDATA[<soapenv:Envelope xmlns:soapenv="http://schemas.xmlsoap.org/soap/envelope/" xmlns:v1="http://fidus.brussels/service/fourthwaydebtservice/messages/v1" xmlns:v11="http://fidus.brussels/type/common/messages/v1" xmlns:deb="http://fsb.belgium.be/FourthWayServices/debtnotification" xmlns:gen="http://fsb.belgium.be/FourthWayServices/generalcaseinformation" xmlns:dat="http://fsb.belgium.be/FourthWayServices/common/datatypes" xmlns:ins="http://fsb.belgium.be/FourthWayServices/institution" xmlns:add="http://fsb.belgium.be/FourthWayServices/common/addressinformation" xmlns:con="http://fsb.belgium.be/FourthWayServices/contact" xmlns:deb1="http://fsb.belgium.be/FourthWayServices/debtparty" xmlns:par="http://fsb.belgium.be/FourthWayServices/party" xmlns:debt="http://fsb.belgium.be/FourthWayServices/debt" xmlns:leg="http://fsb.belgium.be/FourthWayServices/legalbase" xmlns:tec="http://fsb.belgium.be/FourthWayServices/technical" xmlns:xd="http://www.w3.org/2000/09/xmldsig#">
   <soapenv:Header/>
   <soapenv:Body>
      <v1:fiscalDebtNotificationRequest>
         <v1:messageContext>
         	  <v11:messageId>${=import static java.util.UUID.randomUUID; uuid = randomUUID() as String}</v11:messageId>
            <v11:timestamp>${=new java.text.SimpleDateFormat("yyyy-MM-dd'T'HH:mm:ss.SSS").format(new Date())}</v11:timestamp>
         </v1:messageContext>
         <v1:legalContext>ServiceIntegrator</v1:legalContext>      
         <v1:request>
 		<ns46:debtNotification Id="SignMe" xmlns:ns50="http://be.belgium.fsb/fourthWayService/Debt" xmlns="http://fsb.belgium.be/FourthWayServices/common/addressinformation" xmlns:ns10="http://fsb.belgium.be/FourthWayServices/shipinformation" xmlns:ns11="http://fsb.belgium.be/FourthWayServices/selfemployed" xmlns:ns12="http://fsb.belgium.be/FourthWayServices/institution" xmlns:ns13="http://fsb.belgium.be/FourthWayServices/enterprise" xmlns:ns14="http://fsb.belgium.be/FourthWayServices/honorbaseddeclarations" xmlns:ns15="http://fsb.belgium.be/FourthWayServices/unregisteredparty" xmlns:ns16="http://fsb.belgium.be/FourthWayServices/partnerdescription" xmlns:ns17="http://fsb.belgium.be/FourthWayServices/mortgagegoods" xmlns:ns18="http://fsb.belgium.be/FourthWayServices/deficitcaseinformation" xmlns:ns19="http://fsb.belgium.be/FourthWayServices/debtinquiry" xmlns:ns2="http://fsb.belgium.be/FourthWayServices/common/datatypes" xmlns:ns20="http://fsb.belgium.be/FourthWayServices/immovablegoodtransaction" xmlns:ns21="http://fsb.belgium.be/FourthWayServices/movablegoodtransaction" xmlns:ns22="http://fsb.belgium.be/FourthWayServices/inheritanceinformation" xmlns:ns23="http://fsb.belgium.be/FourthWayServices/successiontransaction" xmlns:ns24="http://fsb.belgium.be/FourthWayServices/fourthwaymessage" xmlns:ns25="http://fsb.belgium.be/FourthWayServices/generalcaseinformation" xmlns:ns26="http://www.w3.org/2000/09/xmldsig#" xmlns:ns27="http://fsb.belgium.be/FourthWayServices/technical" xmlns:ns28="http://fsb.belgium.be/FourthWayServices/acknowledgementinformation" xmlns:ns29="http://fsb.belgium.be/FourthWayServices/error" xmlns:ns3="http://fsb.belgium.be/FourthWayServices/salesinformation" xmlns:ns30="http://fsb.belgium.be/FourthWayServices/businesserror" xmlns:ns31="http://fsb.belgium.be/FourthWayServices/fiscaldebtdetails" xmlns:ns32="http://fsb.belgium.be/FourthWayServices/officialproclamation" xmlns:ns33="http://fsb.belgium.be/FourthWayServices/beneficiary" xmlns:ns34="http://fsb.belgium.be/FourthWayServices/common/bankaccount" xmlns:ns35="http://fsb.belgium.be/FourthWayServices/debtdetailedinformation" xmlns:ns36="http://fsb.belgium.be/FourthWayServices/debtsolidarity" xmlns:ns37="http://fsb.belgium.be/FourthWayServices/fiscaldebt" xmlns:ns38="http://fsb.belgium.be/FourthWayServices/socialdebtdetails" xmlns:ns39="http://fsb.belgium.be/FourthWayServices/debtinformation" xmlns:ns4="http://fsb.belgium.be/FourthWayServices/gooddescription" xmlns:ns40="http://fsb.belgium.be/FourthWayServices/socialdebt" xmlns:ns41="http://fsb.belgium.be/FourthWayServices/fiscalregionflandersdebtdetails" xmlns:ns42="http://fsb.belgium.be/FourthWayServices/fiscalregionflandersdebt" xmlns:ns43="http://fsb.belgium.be/FourthWayServices/debt" xmlns:ns44="http://fsb.belgium.be/FourthWayServices/debtparty" xmlns:ns45="http://fsb.belgium.be/FourthWayServices/legalbase" xmlns:ns46="http://fsb.belgium.be/FourthWayServices/debtnotification" xmlns:ns47="http://fsb.belgium.be/FourthWayServices/debtdeficitnotification" xmlns:ns48="http://fsb.belgium.be/FourthWayServices/header" xmlns:ns49="http://fsb.belgium.be/header" xmlns:ns5="http://fsb.belgium.be/FourthWayServices/party" xmlns:ns51="http://fsb.belgium.be/FourthWayServices/technicalack" xmlns:ns52="http://fsb.belgium.be/FourthWayServices/functionalack" xmlns:ns6="http://fsb.belgium.be/FourthWayServices/naturalperson" xmlns:ns7="http://fsb.belgium.be/FourthWayServices/nonresident" xmlns:ns8="http://fsb.belgium.be/FourthWayServices/contact" xmlns:ns9="http://fsb.belgium.be/FourthWayServices/propertyinformation">
            <ns25:generalCaseInformation>
               <ns25:administrativeInformation>
                  <ns25:language>FR</ns25:language>
                  <ns25:caseNumber>2444080.210115.0167</ns25:caseNumber>
                  <ns25:transactionType>3</ns25:transactionType>
                  <ns25:procedureNumber>ENOT4000000419570</ns25:procedureNumber>
                  <ns25:replacedProcedureNumber xsi:nil="true" xmlns:xsi="http://www.w3.org/2001/XMLSchema-instance"/>
                  <ns25:requestDate>2015-01-21T14:50:02.446+01:00</ns25:requestDate>
                  <ns25:origin>
                     <ns2:origin>
                        <ns2:partner>FPS Finance</ns2:partner>
                        <ns2:partnerCode codeType="KBO">0308357159</ns2:partnerCode>
                     </ns2:origin>
                  </ns25:origin>
                  <ns25:destinations>
                     <ns2:destination>
                        <ns2:partner>FRNB</ns2:partner>
                        <ns2:partnerCode codeType="KBO">0409357321</ns2:partnerCode>
                     </ns2:destination>
                  </ns25:destinations>
                  <ns25:requestorInformation>
                     <ns12:institution>
                        <ns12:institutionType>Federal</ns12:institutionType>
                        <ns12:institutionName>Huy</ns12:institutionName>
                        <ns12:institutionIdentificationNumber type="CDDB">600904</ns12:institutionIdentificationNumber>
                        <address>
                           <location>
                              <country>
                                 <countryCode codeStandard="ISO">BE</countryCode>
                              </country>
                              <postalCode>4500</postalCode>
                           </location>
                           <street>Avenue Albert 1er</street>
                           <houseNumber>8/10</houseNumber>
                        </address>
                        <ns12:contactInformation>
                           <ns8:phoneNumber type="phone">025783660</ns8:phoneNumber>
                           <ns8:emailAddress type="email">rec.cd.huy@minfin.fed.be</ns8:emailAddress>
                        </ns12:contactInformation>
                     </ns12:institution>
                     <ns25:responsiblePerson>
                        <ns2:name>
                           <ns2:firstName>Testuser</ns2:firstName>
                           <ns2:lastName>testuser.enotrec01</ns2:lastName>
                        </ns2:name>
                        <ns8:contactInformation/>
                     </ns25:responsiblePerson>
                     <ns25:contactPerson>
                        <ns2:name>
                           <ns2:firstName>Testuser</ns2:firstName>
                           <ns2:lastName>EnotRec01</ns2:lastName>
                        </ns2:name>
                        <ns8:contactInformation>
                           <ns8:emailAddress type="email">testuser.enotrec01@guest.minfin.fed.be</ns8:emailAddress>
                        </ns8:contactInformation>
                     </ns25:contactPerson>
                  </ns25:requestorInformation>
               </ns25:administrativeInformation>
            </ns25:generalCaseInformation>
            <ns44:debtParty>
               <ns5:party partyID="005">
                  <ns5:residentialParty>false</ns5:residentialParty>
                  <ns6:naturalPerson>
                     <ns2:entityReference>
                        <ns2:source>notice1</ns2:source>
                        <ns2:entityID type="nationalNumber">68082123438</ns2:entityID>
                     </ns2:entityReference>
                     <ns6:personInformation>
                        <ns2:name>
                           <ns2:firstName>Yolande Adrienne</ns2:firstName>
                           <ns2:lastName>BUITER</ns2:lastName>
                        </ns2:name>
                        <address>
                           <location>
                              <country>
                                 <countryDescription>Belgium</countryDescription>
                                 <countryCode codeStandard="ISO">BE</countryCode>
                              </country>
                              <municipalityDescription>Verlaine</municipalityDescription>
                              <postalCode>4537</postalCode>
                           </location>
                           <street>Rue aux Raines</street>
                           <houseNumber>53</houseNumber>
                        </address>
                     </ns6:personInformation>
                  </ns6:naturalPerson>
               </ns5:party>
               <ns43:debt debtID="1">
                  <ns37:fiscaldebt>
                     <ns31:fiscalDebtDetails>
                        <ns31:debtType>VAT</ns31:debtType>
                        <ns31:declarations>
                           <ns31:negligenceClause>
                              <ns31:additionalIntrest>0</ns31:additionalIntrest>
                              <ns31:additionalIntrestFromDate>2015-01-21+01:00</ns31:additionalIntrestFromDate>
                           </ns31:negligenceClause>
                        </ns31:declarations>
                        <ns2:referencePeriod>
                           <ns2:startDate>2015-01-06+01:00</ns2:startDate>
                           <ns2:endDate>2015-01-13+01:00</ns2:endDate>
                        </ns2:referencePeriod>
                        <ns31:totalDebt>45</ns31:totalDebt>
                        <ns31:debtBreakdown>
                           <ns31:debtSubType>VAT</ns31:debtSubType>
                           <ns31:debtSubAmount>45</ns31:debtSubAmount>
                        </ns31:debtBreakdown>
                        <ns31:debtBreakdown>
                           <ns31:debtSubType>IM</ns31:debtSubType>
                           <ns31:debtSubAmount>0</ns31:debtSubAmount>
                        </ns31:debtBreakdown>
                        <ns31:debtBreakdown>
                           <ns31:debtSubType>INTEREST</ns31:debtSubType>
                           <ns31:debtSubAmount>0</ns31:debtSubAmount>
                        </ns31:debtBreakdown>
                        <ns31:debtBreakdown>
                           <ns31:debtSubType>FINES</ns31:debtSubType>
                           <ns31:debtSubAmount>0</ns31:debtSubAmount>
                        </ns31:debtBreakdown>
                        <ns31:debtBreakdown>
                           <ns31:debtSubType>COST</ns31:debtSubType>
                           <ns31:debtSubAmount>0</ns31:debtSubAmount>
                        </ns31:debtBreakdown>
                     </ns31:fiscalDebtDetails>
                     <ns32:officialProclamation/>
                     <ns33:beneficiary>
                        <ns33:beneficiaryName>CTRI Namur</ns33:beneficiaryName>
                        <ns33:structuredMessage>N99998745412NOT/</ns33:structuredMessage>
                        <ns33:amount>45</ns33:amount>
                        <ns34:bankAccount>
                           <ns34:ibanNumber>BE42 6792 0034 9254</ns34:ibanNumber>
                           <ns34:bicCode>PCHQBEBB</ns34:bicCode>
                           <ns34:accountName>CTRI Namur</ns34:accountName>
                           <address>
                              <location>
                                 <country>
                                    <countryCode codeStandard="ISO">BE</countryCode>
                                 </country>
                                 <municipalityDescription language="fr">Namur</municipalityDescription>
                                 <postalCode>5000</postalCode>
                              </location>
                              <street>Rue des Bourgeois</street>
                              <houseNumber>7/Bloc B</houseNumber>
                           </address>
                        </ns34:bankAccount>
                     </ns33:beneficiary>
                     <ns35:debtDetailedInformation>
                        <ns35:calculationDate>2015-01-21+01:00</ns35:calculationDate>
                        <ns35:referentialNumber>999998745412</ns35:referentialNumber>
                     </ns35:debtDetailedInformation>
                  </ns37:fiscaldebt>
               </ns43:debt>
               <ns44:totalDebtAmount>45</ns44:totalDebtAmount>
            </ns44:debtParty>
            <ns45:legalBase>
               <ns45:legalSource>Code de la taxe sur la valeur ajout��e</ns45:legalSource>
               <ns45:legalBaseIdentifier>Article 93quater</ns45:legalBaseIdentifier>
            </ns45:legalBase>
            <ns27:technical>
               <ns26:Signature>
                  <ns26:SignedInfo>
                     <ns26:CanonicalizationMethod Algorithm="http://www.w3.org/TR/2001/REC-xml-c14n-20010315"/>
                     <ns26:SignatureMethod Algorithm="http://www.w3.org/2000/09/xmldsig#rsa-sha1"/>
                     <ns26:Reference URI="#signMe">
                        <ns26:DigestMethod Algorithm="http://www.w3.org/2000/09/xmldsig#sha1"/>
                        <ns26:DigestValue>CbUOX9jTy0uYSCKDVQl6peUatJ8=</ns26:DigestValue>
                     </ns26:Reference>
                  </ns26:SignedInfo>
                  <ns26:SignatureValue>WBXEECQtMTWGGq5EGO+5kyVw1kJefLsfHVA/5eYB6pZ3GOZ7LOLc/jAhKbqxeV3qdWiMGx3VzgvdF4ZaMB2HS1fLmnOmNDXHhrrqYQJ51LGDvex39k7/xAJAmuub7MDtfAu08WBTVpmQ5khGL9ZrYOXr5RoG70BrlWNr+37FekM=</ns26:SignatureValue>
                  <ns26:KeyInfo>
                     <ns26:X509Data>
                        <ns26:X509SubjectName>ST=Brussels,L=Brussels,OU=Belgian Federal Government,O=Federal Public Service Finances,CN=Test SPF Finances - FOD Financien,C=BE</ns26:X509SubjectName>
                        <ns26:X509Certificate>MIIDKzCCApSgAwIBAgIJAIkxAL2MG081MA0GCSqGSIb3DQEBBQUAMIGuMQswCQYDVQQGEwJCRTEqMCgGA1UEAxMhVGVzdCBTUEYgRmluYW5jZXMgLSBGT0QgRmluYW5jaWVuMSgwJgYDVQQKEx9GZWRlcmFsIFB1YmxpYyBTZXJ2aWNlIEZpbmFuY2VzMSMwIQYDVQQLExpCZWxnaWFuIEZlZGVyYWwgR292ZXJubWVudDERMA8GA1UEBxMIQnJ1c3NlbHMxETAPBgNVBAgTCEJydXNzZWxzMB4XDTA4MDUwNjA4MDcyMFoXDTE4MDUwNzA4MDcyMFowga4xCzAJBgNVBAYTAkJFMSowKAYDVQQDEyFUZXN0IFNQRiBGaW5hbmNlcyAtIEZPRCBGaW5hbmNpZW4xKDAmBgNVBAoTH0ZlZGVyYWwgUHVibGljIFNlcnZpY2UgRmluYW5jZXMxIzAhBgNVBAsTGkJlbGdpYW4gRmVkZXJhbCBHb3Zlcm5tZW50MREwDwYDVQQHEwhCcnVzc2VsczERMA8GA1UECBMIQnJ1c3NlbHMwgZ8wDQYJKoZIhvcNAQEBBQADgY0AMIGJAoGBAJ8T/80iF50FvothkWOZDsZUPKM52fxhNdKMT+E/lODqejyJ2iQkjEuW5yJKo0lXNj+Gxwfl99bD16IJMagbrxBnJPwR7SeS3JQ0IaLkOorOoeZkZLFoFMSfZWT9uCf6Qf/uNMQtRnX2351P1OF3cld68uFGUNS8U93OqxS9R/ZvAgMBAAGjTzBNMAwGA1UdEwQFMAMBAf8wCwYDVR0PBAQDAgTwMB0GA1UdJQQWMBQGCCsGAQUFBwMCBggrBgEFBQcDBDARBglghkgBhvhCAQEEBAMCBLAwDQYJKoZIhvcNAQEFBQADgYEATnEO8juTdcZtwzvl5EHnZ9+6cEM9rsWuQtq43UXw4RqveHWUE+Cn2ElMPiyuxLLzkzQTbcDYxI9FgVAXFEmqPf7Jii2PpHIlo8yHWCWMuPP0OykMF6YuCtyutKJBbGuTT36gNVAUEPeD34fzB5pgy2aG5wQTQctRdDz07CVM3cI=</ns26:X509Certificate>
                     </ns26:X509Data>
                  </ns26:KeyInfo>
               </ns26:Signature>
            </ns27:technical>
         </ns46:debtNotification>
         </v1:request>
      </v1:fiscalDebtNotificationRequest>
   </soapenv:Body>
</soapenv:Envelope>]]></con:request><con:credentials><con:selectedAuthProfile>Basic</con:selectedAuthProfile><con:addedBasicAuthenticationTypes>Basic</con:addedBasicAuthenticationTypes><con:authType>Global HTTP Settings</con:authType></con:credentials><con:jmsConfig JMSDeliveryMode="PERSISTENT"/><con:jmsPropertyConfig/><con:wsaConfig mustUnderstand="NONE" version="200508" action="http://fidus.brussels/services/fourthwaydebtservice/fiscalDebtNotification"/><con:wsrmConfig version="1.2"/></con:call><con:call id="b84ebfed-36a5-4a68-98ed-7a2a15f73f5d" name="5 - Prod - External - Request" outgoingWss="Outflow PROD" incomingWss="Inflow PROD"><con:settings><con:setting id="com.eviware.soapui.impl.wsdl.WsdlRequest@request-headers">&lt;xml-fragment/></con:setting></con:settings><con:encoding>UTF-8</con:encoding><con:endpoint>https://fidus.sec.brussels/services/FourthWayDebtService_v1.0</con:endpoint><con:request><![CDATA[<soapenv:Envelope xmlns:soapenv="http://schemas.xmlsoap.org/soap/envelope/" xmlns:v1="http://fidus.brussels/service/fourthwaydebtservice/messages/v1" xmlns:v11="http://fidus.brussels/type/common/messages/v1" xmlns:deb="http://fsb.belgium.be/FourthWayServices/debtnotification" xmlns:gen="http://fsb.belgium.be/FourthWayServices/generalcaseinformation" xmlns:dat="http://fsb.belgium.be/FourthWayServices/common/datatypes" xmlns:ins="http://fsb.belgium.be/FourthWayServices/institution" xmlns:add="http://fsb.belgium.be/FourthWayServices/common/addressinformation" xmlns:con="http://fsb.belgium.be/FourthWayServices/contact" xmlns:deb1="http://fsb.belgium.be/FourthWayServices/debtparty" xmlns:par="http://fsb.belgium.be/FourthWayServices/party" xmlns:debt="http://fsb.belgium.be/FourthWayServices/debt" xmlns:leg="http://fsb.belgium.be/FourthWayServices/legalbase" xmlns:tec="http://fsb.belgium.be/FourthWayServices/technical" xmlns:xd="http://www.w3.org/2000/09/xmldsig#">
   <soapenv:Header/>
   <soapenv:Body>
      <v1:fiscalDebtNotificationRequest>
         <v1:messageContext>
         	  <v11:messageId>${=import static java.util.UUID.randomUUID; uuid = randomUUID() as String}</v11:messageId>
            <v11:timestamp>${=new java.text.SimpleDateFormat("yyyy-MM-dd'T'HH:mm:ss.SSS").format(new Date())}</v11:timestamp>
         </v1:messageContext>
         <v1:legalContext>ServiceIntegrator</v1:legalContext>      
         <v1:request>
 		<ns46:debtNotification Id="SignMe" xmlns:ns50="http://be.belgium.fsb/fourthWayService/Debt" xmlns="http://fsb.belgium.be/FourthWayServices/common/addressinformation" xmlns:ns10="http://fsb.belgium.be/FourthWayServices/shipinformation" xmlns:ns11="http://fsb.belgium.be/FourthWayServices/selfemployed" xmlns:ns12="http://fsb.belgium.be/FourthWayServices/institution" xmlns:ns13="http://fsb.belgium.be/FourthWayServices/enterprise" xmlns:ns14="http://fsb.belgium.be/FourthWayServices/honorbaseddeclarations" xmlns:ns15="http://fsb.belgium.be/FourthWayServices/unregisteredparty" xmlns:ns16="http://fsb.belgium.be/FourthWayServices/partnerdescription" xmlns:ns17="http://fsb.belgium.be/FourthWayServices/mortgagegoods" xmlns:ns18="http://fsb.belgium.be/FourthWayServices/deficitcaseinformation" xmlns:ns19="http://fsb.belgium.be/FourthWayServices/debtinquiry" xmlns:ns2="http://fsb.belgium.be/FourthWayServices/common/datatypes" xmlns:ns20="http://fsb.belgium.be/FourthWayServices/immovablegoodtransaction" xmlns:ns21="http://fsb.belgium.be/FourthWayServices/movablegoodtransaction" xmlns:ns22="http://fsb.belgium.be/FourthWayServices/inheritanceinformation" xmlns:ns23="http://fsb.belgium.be/FourthWayServices/successiontransaction" xmlns:ns24="http://fsb.belgium.be/FourthWayServices/fourthwaymessage" xmlns:ns25="http://fsb.belgium.be/FourthWayServices/generalcaseinformation" xmlns:ns26="http://www.w3.org/2000/09/xmldsig#" xmlns:ns27="http://fsb.belgium.be/FourthWayServices/technical" xmlns:ns28="http://fsb.belgium.be/FourthWayServices/acknowledgementinformation" xmlns:ns29="http://fsb.belgium.be/FourthWayServices/error" xmlns:ns3="http://fsb.belgium.be/FourthWayServices/salesinformation" xmlns:ns30="http://fsb.belgium.be/FourthWayServices/businesserror" xmlns:ns31="http://fsb.belgium.be/FourthWayServices/fiscaldebtdetails" xmlns:ns32="http://fsb.belgium.be/FourthWayServices/officialproclamation" xmlns:ns33="http://fsb.belgium.be/FourthWayServices/beneficiary" xmlns:ns34="http://fsb.belgium.be/FourthWayServices/common/bankaccount" xmlns:ns35="http://fsb.belgium.be/FourthWayServices/debtdetailedinformation" xmlns:ns36="http://fsb.belgium.be/FourthWayServices/debtsolidarity" xmlns:ns37="http://fsb.belgium.be/FourthWayServices/fiscaldebt" xmlns:ns38="http://fsb.belgium.be/FourthWayServices/socialdebtdetails" xmlns:ns39="http://fsb.belgium.be/FourthWayServices/debtinformation" xmlns:ns4="http://fsb.belgium.be/FourthWayServices/gooddescription" xmlns:ns40="http://fsb.belgium.be/FourthWayServices/socialdebt" xmlns:ns41="http://fsb.belgium.be/FourthWayServices/fiscalregionflandersdebtdetails" xmlns:ns42="http://fsb.belgium.be/FourthWayServices/fiscalregionflandersdebt" xmlns:ns43="http://fsb.belgium.be/FourthWayServices/debt" xmlns:ns44="http://fsb.belgium.be/FourthWayServices/debtparty" xmlns:ns45="http://fsb.belgium.be/FourthWayServices/legalbase" xmlns:ns46="http://fsb.belgium.be/FourthWayServices/debtnotification" xmlns:ns47="http://fsb.belgium.be/FourthWayServices/debtdeficitnotification" xmlns:ns48="http://fsb.belgium.be/FourthWayServices/header" xmlns:ns49="http://fsb.belgium.be/header" xmlns:ns5="http://fsb.belgium.be/FourthWayServices/party" xmlns:ns51="http://fsb.belgium.be/FourthWayServices/technicalack" xmlns:ns52="http://fsb.belgium.be/FourthWayServices/functionalack" xmlns:ns6="http://fsb.belgium.be/FourthWayServices/naturalperson" xmlns:ns7="http://fsb.belgium.be/FourthWayServices/nonresident" xmlns:ns8="http://fsb.belgium.be/FourthWayServices/contact" xmlns:ns9="http://fsb.belgium.be/FourthWayServices/propertyinformation">
            <ns25:generalCaseInformation>
               <ns25:administrativeInformation>
                  <ns25:language>FR</ns25:language>
                  <ns25:caseNumber>2444080.210115.0167</ns25:caseNumber>
                  <ns25:transactionType>3</ns25:transactionType>
                  <ns25:procedureNumber>ENOT4000000419570</ns25:procedureNumber>
                  <ns25:replacedProcedureNumber xsi:nil="true" xmlns:xsi="http://www.w3.org/2001/XMLSchema-instance"/>
                  <ns25:requestDate>2015-01-21T14:50:02.446+01:00</ns25:requestDate>
                  <ns25:origin>
                     <ns2:origin>
                        <ns2:partner>FPS Finance</ns2:partner>
                        <ns2:partnerCode codeType="KBO">0308357159</ns2:partnerCode>
                     </ns2:origin>
                  </ns25:origin>
                  <ns25:destinations>
                     <ns2:destination>
                        <ns2:partner>FRNB</ns2:partner>
                        <ns2:partnerCode codeType="KBO">0409357321</ns2:partnerCode>
                     </ns2:destination>
                  </ns25:destinations>
                  <ns25:requestorInformation>
                     <ns12:institution>
                        <ns12:institutionType>Federal</ns12:institutionType>
                        <ns12:institutionName>Huy</ns12:institutionName>
                        <ns12:institutionIdentificationNumber type="CDDB">600904</ns12:institutionIdentificationNumber>
                        <address>
                           <location>
                              <country>
                                 <countryCode codeStandard="ISO">BE</countryCode>
                              </country>
                              <postalCode>4500</postalCode>
                           </location>
                           <street>Avenue Albert 1er</street>
                           <houseNumber>8/10</houseNumber>
                        </address>
                        <ns12:contactInformation>
                           <ns8:phoneNumber type="phone">025783660</ns8:phoneNumber>
                           <ns8:emailAddress type="email">rec.cd.huy@minfin.fed.be</ns8:emailAddress>
                        </ns12:contactInformation>
                     </ns12:institution>
                     <ns25:responsiblePerson>
                        <ns2:name>
                           <ns2:firstName>Testuser</ns2:firstName>
                           <ns2:lastName>testuser.enotrec01</ns2:lastName>
                        </ns2:name>
                        <ns8:contactInformation/>
                     </ns25:responsiblePerson>
                     <ns25:contactPerson>
                        <ns2:name>
                           <ns2:firstName>Testuser</ns2:firstName>
                           <ns2:lastName>EnotRec01</ns2:lastName>
                        </ns2:name>
                        <ns8:contactInformation>
                           <ns8:emailAddress type="email">testuser.enotrec01@guest.minfin.fed.be</ns8:emailAddress>
                        </ns8:contactInformation>
                     </ns25:contactPerson>
                  </ns25:requestorInformation>
               </ns25:administrativeInformation>
            </ns25:generalCaseInformation>
            <ns44:debtParty>
               <ns5:party partyID="005">
                  <ns5:residentialParty>false</ns5:residentialParty>
                  <ns6:naturalPerson>
                     <ns2:entityReference>
                        <ns2:source>notice1</ns2:source>
                        <ns2:entityID type="nationalNumber">68082123438</ns2:entityID>
                     </ns2:entityReference>
                     <ns6:personInformation>
                        <ns2:name>
                           <ns2:firstName>Yolande Adrienne</ns2:firstName>
                           <ns2:lastName>BUITER</ns2:lastName>
                        </ns2:name>
                        <address>
                           <location>
                              <country>
                                 <countryDescription>Belgium</countryDescription>
                                 <countryCode codeStandard="ISO">BE</countryCode>
                              </country>
                              <municipalityDescription>Verlaine</municipalityDescription>
                              <postalCode>4537</postalCode>
                           </location>
                           <street>Rue aux Raines</street>
                           <houseNumber>53</houseNumber>
                        </address>
                     </ns6:personInformation>
                  </ns6:naturalPerson>
               </ns5:party>
               <ns43:debt debtID="1">
                  <ns37:fiscaldebt>
                     <ns31:fiscalDebtDetails>
                        <ns31:debtType>VAT</ns31:debtType>
                        <ns31:declarations>
                           <ns31:negligenceClause>
                              <ns31:additionalIntrest>0</ns31:additionalIntrest>
                              <ns31:additionalIntrestFromDate>2015-01-21+01:00</ns31:additionalIntrestFromDate>
                           </ns31:negligenceClause>
                        </ns31:declarations>
                        <ns2:referencePeriod>
                           <ns2:startDate>2015-01-06+01:00</ns2:startDate>
                           <ns2:endDate>2015-01-13+01:00</ns2:endDate>
                        </ns2:referencePeriod>
                        <ns31:totalDebt>45</ns31:totalDebt>
                        <ns31:debtBreakdown>
                           <ns31:debtSubType>VAT</ns31:debtSubType>
                           <ns31:debtSubAmount>45</ns31:debtSubAmount>
                        </ns31:debtBreakdown>
                        <ns31:debtBreakdown>
                           <ns31:debtSubType>IM</ns31:debtSubType>
                           <ns31:debtSubAmount>0</ns31:debtSubAmount>
                        </ns31:debtBreakdown>
                        <ns31:debtBreakdown>
                           <ns31:debtSubType>INTEREST</ns31:debtSubType>
                           <ns31:debtSubAmount>0</ns31:debtSubAmount>
                        </ns31:debtBreakdown>
                        <ns31:debtBreakdown>
                           <ns31:debtSubType>FINES</ns31:debtSubType>
                           <ns31:debtSubAmount>0</ns31:debtSubAmount>
                        </ns31:debtBreakdown>
                        <ns31:debtBreakdown>
                           <ns31:debtSubType>COST</ns31:debtSubType>
                           <ns31:debtSubAmount>0</ns31:debtSubAmount>
                        </ns31:debtBreakdown>
                     </ns31:fiscalDebtDetails>
                     <ns32:officialProclamation/>
                     <ns33:beneficiary>
                        <ns33:beneficiaryName>CTRI Namur</ns33:beneficiaryName>
                        <ns33:structuredMessage>N99998745412NOT/</ns33:structuredMessage>
                        <ns33:amount>45</ns33:amount>
                        <ns34:bankAccount>
                           <ns34:ibanNumber>BE42 6792 0034 9254</ns34:ibanNumber>
                           <ns34:bicCode>PCHQBEBB</ns34:bicCode>
                           <ns34:accountName>CTRI Namur</ns34:accountName>
                           <address>
                              <location>
                                 <country>
                                    <countryCode codeStandard="ISO">BE</countryCode>
                                 </country>
                                 <municipalityDescription language="fr">Namur</municipalityDescription>
                                 <postalCode>5000</postalCode>
                              </location>
                              <street>Rue des Bourgeois</street>
                              <houseNumber>7/Bloc B</houseNumber>
                           </address>
                        </ns34:bankAccount>
                     </ns33:beneficiary>
                     <ns35:debtDetailedInformation>
                        <ns35:calculationDate>2015-01-21+01:00</ns35:calculationDate>
                        <ns35:referentialNumber>999998745412</ns35:referentialNumber>
                     </ns35:debtDetailedInformation>
                  </ns37:fiscaldebt>
               </ns43:debt>
               <ns44:totalDebtAmount>45</ns44:totalDebtAmount>
            </ns44:debtParty>
            <ns45:legalBase>
               <ns45:legalSource>Code de la taxe sur la valeur ajout��e</ns45:legalSource>
               <ns45:legalBaseIdentifier>Article 93quater</ns45:legalBaseIdentifier>
            </ns45:legalBase>
            <ns27:technical>
               <ns26:Signature>
                  <ns26:SignedInfo>
                     <ns26:CanonicalizationMethod Algorithm="http://www.w3.org/TR/2001/REC-xml-c14n-20010315"/>
                     <ns26:SignatureMethod Algorithm="http://www.w3.org/2000/09/xmldsig#rsa-sha1"/>
                     <ns26:Reference URI="#signMe">
                        <ns26:DigestMethod Algorithm="http://www.w3.org/2000/09/xmldsig#sha1"/>
                        <ns26:DigestValue>CbUOX9jTy0uYSCKDVQl6peUatJ8=</ns26:DigestValue>
                     </ns26:Reference>
                  </ns26:SignedInfo>
                  <ns26:SignatureValue>WBXEECQtMTWGGq5EGO+5kyVw1kJefLsfHVA/5eYB6pZ3GOZ7LOLc/jAhKbqxeV3qdWiMGx3VzgvdF4ZaMB2HS1fLmnOmNDXHhrrqYQJ51LGDvex39k7/xAJAmuub7MDtfAu08WBTVpmQ5khGL9ZrYOXr5RoG70BrlWNr+37FekM=</ns26:SignatureValue>
                  <ns26:KeyInfo>
                     <ns26:X509Data>
                        <ns26:X509SubjectName>ST=Brussels,L=Brussels,OU=Belgian Federal Government,O=Federal Public Service Finances,CN=Test SPF Finances - FOD Financien,C=BE</ns26:X509SubjectName>
                        <ns26:X509Certificate>MIIDKzCCApSgAwIBAgIJAIkxAL2MG081MA0GCSqGSIb3DQEBBQUAMIGuMQswCQYDVQQGEwJCRTEqMCgGA1UEAxMhVGVzdCBTUEYgRmluYW5jZXMgLSBGT0QgRmluYW5jaWVuMSgwJgYDVQQKEx9GZWRlcmFsIFB1YmxpYyBTZXJ2aWNlIEZpbmFuY2VzMSMwIQYDVQQLExpCZWxnaWFuIEZlZGVyYWwgR292ZXJubWVudDERMA8GA1UEBxMIQnJ1c3NlbHMxETAPBgNVBAgTCEJydXNzZWxzMB4XDTA4MDUwNjA4MDcyMFoXDTE4MDUwNzA4MDcyMFowga4xCzAJBgNVBAYTAkJFMSowKAYDVQQDEyFUZXN0IFNQRiBGaW5hbmNlcyAtIEZPRCBGaW5hbmNpZW4xKDAmBgNVBAoTH0ZlZGVyYWwgUHVibGljIFNlcnZpY2UgRmluYW5jZXMxIzAhBgNVBAsTGkJlbGdpYW4gRmVkZXJhbCBHb3Zlcm5tZW50MREwDwYDVQQHEwhCcnVzc2VsczERMA8GA1UECBMIQnJ1c3NlbHMwgZ8wDQYJKoZIhvcNAQEBBQADgY0AMIGJAoGBAJ8T/80iF50FvothkWOZDsZUPKM52fxhNdKMT+E/lODqejyJ2iQkjEuW5yJKo0lXNj+Gxwfl99bD16IJMagbrxBnJPwR7SeS3JQ0IaLkOorOoeZkZLFoFMSfZWT9uCf6Qf/uNMQtRnX2351P1OF3cld68uFGUNS8U93OqxS9R/ZvAgMBAAGjTzBNMAwGA1UdEwQFMAMBAf8wCwYDVR0PBAQDAgTwMB0GA1UdJQQWMBQGCCsGAQUFBwMCBggrBgEFBQcDBDARBglghkgBhvhCAQEEBAMCBLAwDQYJKoZIhvcNAQEFBQADgYEATnEO8juTdcZtwzvl5EHnZ9+6cEM9rsWuQtq43UXw4RqveHWUE+Cn2ElMPiyuxLLzkzQTbcDYxI9FgVAXFEmqPf7Jii2PpHIlo8yHWCWMuPP0OykMF6YuCtyutKJBbGuTT36gNVAUEPeD34fzB5pgy2aG5wQTQctRdDz07CVM3cI=</ns26:X509Certificate>
                     </ns26:X509Data>
                  </ns26:KeyInfo>
               </ns26:Signature>
            </ns27:technical>
         </ns46:debtNotification>
         </v1:request>
      </v1:fiscalDebtNotificationRequest>
   </soapenv:Body>
</soapenv:Envelope>]]></con:request><con:credentials><con:selectedAuthProfile>Basic</con:selectedAuthProfile><con:addedBasicAuthenticationTypes>Basic</con:addedBasicAuthenticationTypes><con:authType>Global HTTP Settings</con:authType></con:credentials><con:jmsConfig JMSDeliveryMode="PERSISTENT"/><con:jmsPropertyConfig/><con:wsaConfig mustUnderstand="NONE" version="200508" action="http://fidus.brussels/services/fourthwaydebtservice/fiscalDebtNotification"/><con:wsrmConfig version="1.2"/></con:call><con:call id="3ebbe4d9-c49b-420e-9644-63de9ba93509" name="5 - Prod - LB - Request" outgoingWss="Outflow PROD" incomingWss="Inflow PROD"><con:settings><con:setting id="com.eviware.soapui.impl.wsdl.WsdlRequest@request-headers">&lt;xml-fragment/></con:setting></con:settings><con:encoding>UTF-8</con:encoding><con:endpoint>https://fidus-esb-sg.prd.srv.cirb.lan:8443/services/FourthWayDebtService_v1.0</con:endpoint><con:request><![CDATA[<soapenv:Envelope xmlns:soapenv="http://schemas.xmlsoap.org/soap/envelope/" xmlns:v1="http://fidus.brussels/service/fourthwaydebtservice/messages/v1" xmlns:v11="http://fidus.brussels/type/common/messages/v1" xmlns:deb="http://fsb.belgium.be/FourthWayServices/debtnotification" xmlns:gen="http://fsb.belgium.be/FourthWayServices/generalcaseinformation" xmlns:dat="http://fsb.belgium.be/FourthWayServices/common/datatypes" xmlns:ins="http://fsb.belgium.be/FourthWayServices/institution" xmlns:add="http://fsb.belgium.be/FourthWayServices/common/addressinformation" xmlns:con="http://fsb.belgium.be/FourthWayServices/contact" xmlns:deb1="http://fsb.belgium.be/FourthWayServices/debtparty" xmlns:par="http://fsb.belgium.be/FourthWayServices/party" xmlns:debt="http://fsb.belgium.be/FourthWayServices/debt" xmlns:leg="http://fsb.belgium.be/FourthWayServices/legalbase" xmlns:tec="http://fsb.belgium.be/FourthWayServices/technical" xmlns:xd="http://www.w3.org/2000/09/xmldsig#">
   <soapenv:Header/>
   <soapenv:Body>
      <v1:fiscalDebtNotificationRequest>
         <v1:messageContext>
         	  <v11:messageId>${=import static java.util.UUID.randomUUID; uuid = randomUUID() as String}</v11:messageId>
            <v11:timestamp>${=new java.text.SimpleDateFormat("yyyy-MM-dd'T'HH:mm:ss.SSS").format(new Date())}</v11:timestamp>
         </v1:messageContext>
         <v1:legalContext>ServiceIntegrator</v1:legalContext>      
         <v1:request>
 		<ns46:debtNotification Id="SignMe" xmlns:ns50="http://be.belgium.fsb/fourthWayService/Debt" xmlns="http://fsb.belgium.be/FourthWayServices/common/addressinformation" xmlns:ns10="http://fsb.belgium.be/FourthWayServices/shipinformation" xmlns:ns11="http://fsb.belgium.be/FourthWayServices/selfemployed" xmlns:ns12="http://fsb.belgium.be/FourthWayServices/institution" xmlns:ns13="http://fsb.belgium.be/FourthWayServices/enterprise" xmlns:ns14="http://fsb.belgium.be/FourthWayServices/honorbaseddeclarations" xmlns:ns15="http://fsb.belgium.be/FourthWayServices/unregisteredparty" xmlns:ns16="http://fsb.belgium.be/FourthWayServices/partnerdescription" xmlns:ns17="http://fsb.belgium.be/FourthWayServices/mortgagegoods" xmlns:ns18="http://fsb.belgium.be/FourthWayServices/deficitcaseinformation" xmlns:ns19="http://fsb.belgium.be/FourthWayServices/debtinquiry" xmlns:ns2="http://fsb.belgium.be/FourthWayServices/common/datatypes" xmlns:ns20="http://fsb.belgium.be/FourthWayServices/immovablegoodtransaction" xmlns:ns21="http://fsb.belgium.be/FourthWayServices/movablegoodtransaction" xmlns:ns22="http://fsb.belgium.be/FourthWayServices/inheritanceinformation" xmlns:ns23="http://fsb.belgium.be/FourthWayServices/successiontransaction" xmlns:ns24="http://fsb.belgium.be/FourthWayServices/fourthwaymessage" xmlns:ns25="http://fsb.belgium.be/FourthWayServices/generalcaseinformation" xmlns:ns26="http://www.w3.org/2000/09/xmldsig#" xmlns:ns27="http://fsb.belgium.be/FourthWayServices/technical" xmlns:ns28="http://fsb.belgium.be/FourthWayServices/acknowledgementinformation" xmlns:ns29="http://fsb.belgium.be/FourthWayServices/error" xmlns:ns3="http://fsb.belgium.be/FourthWayServices/salesinformation" xmlns:ns30="http://fsb.belgium.be/FourthWayServices/businesserror" xmlns:ns31="http://fsb.belgium.be/FourthWayServices/fiscaldebtdetails" xmlns:ns32="http://fsb.belgium.be/FourthWayServices/officialproclamation" xmlns:ns33="http://fsb.belgium.be/FourthWayServices/beneficiary" xmlns:ns34="http://fsb.belgium.be/FourthWayServices/common/bankaccount" xmlns:ns35="http://fsb.belgium.be/FourthWayServices/debtdetailedinformation" xmlns:ns36="http://fsb.belgium.be/FourthWayServices/debtsolidarity" xmlns:ns37="http://fsb.belgium.be/FourthWayServices/fiscaldebt" xmlns:ns38="http://fsb.belgium.be/FourthWayServices/socialdebtdetails" xmlns:ns39="http://fsb.belgium.be/FourthWayServices/debtinformation" xmlns:ns4="http://fsb.belgium.be/FourthWayServices/gooddescription" xmlns:ns40="http://fsb.belgium.be/FourthWayServices/socialdebt" xmlns:ns41="http://fsb.belgium.be/FourthWayServices/fiscalregionflandersdebtdetails" xmlns:ns42="http://fsb.belgium.be/FourthWayServices/fiscalregionflandersdebt" xmlns:ns43="http://fsb.belgium.be/FourthWayServices/debt" xmlns:ns44="http://fsb.belgium.be/FourthWayServices/debtparty" xmlns:ns45="http://fsb.belgium.be/FourthWayServices/legalbase" xmlns:ns46="http://fsb.belgium.be/FourthWayServices/debtnotification" xmlns:ns47="http://fsb.belgium.be/FourthWayServices/debtdeficitnotification" xmlns:ns48="http://fsb.belgium.be/FourthWayServices/header" xmlns:ns49="http://fsb.belgium.be/header" xmlns:ns5="http://fsb.belgium.be/FourthWayServices/party" xmlns:ns51="http://fsb.belgium.be/FourthWayServices/technicalack" xmlns:ns52="http://fsb.belgium.be/FourthWayServices/functionalack" xmlns:ns6="http://fsb.belgium.be/FourthWayServices/naturalperson" xmlns:ns7="http://fsb.belgium.be/FourthWayServices/nonresident" xmlns:ns8="http://fsb.belgium.be/FourthWayServices/contact" xmlns:ns9="http://fsb.belgium.be/FourthWayServices/propertyinformation">
            <ns25:generalCaseInformation>
               <ns25:administrativeInformation>
                  <ns25:language>FR</ns25:language>
                  <ns25:caseNumber>2444080.210115.0167</ns25:caseNumber>
                  <ns25:transactionType>3</ns25:transactionType>
                  <ns25:procedureNumber>ENOT4000000419570</ns25:procedureNumber>
                  <ns25:replacedProcedureNumber xsi:nil="true" xmlns:xsi="http://www.w3.org/2001/XMLSchema-instance"/>
                  <ns25:requestDate>2015-01-21T14:50:02.446+01:00</ns25:requestDate>
                  <ns25:origin>
                     <ns2:origin>
                        <ns2:partner>FPS Finance</ns2:partner>
                        <ns2:partnerCode codeType="KBO">0308357159</ns2:partnerCode>
                     </ns2:origin>
                  </ns25:origin>
                  <ns25:destinations>
                     <ns2:destination>
                        <ns2:partner>FRNB</ns2:partner>
                        <ns2:partnerCode codeType="KBO">0409357321</ns2:partnerCode>
                     </ns2:destination>
                  </ns25:destinations>
                  <ns25:requestorInformation>
                     <ns12:institution>
                        <ns12:institutionType>Federal</ns12:institutionType>
                        <ns12:institutionName>Huy</ns12:institutionName>
                        <ns12:institutionIdentificationNumber type="CDDB">600904</ns12:institutionIdentificationNumber>
                        <address>
                           <location>
                              <country>
                                 <countryCode codeStandard="ISO">BE</countryCode>
                              </country>
                              <postalCode>4500</postalCode>
                           </location>
                           <street>Avenue Albert 1er</street>
                           <houseNumber>8/10</houseNumber>
                        </address>
                        <ns12:contactInformation>
                           <ns8:phoneNumber type="phone">025783660</ns8:phoneNumber>
                           <ns8:emailAddress type="email">rec.cd.huy@minfin.fed.be</ns8:emailAddress>
                        </ns12:contactInformation>
                     </ns12:institution>
                     <ns25:responsiblePerson>
                        <ns2:name>
                           <ns2:firstName>Testuser</ns2:firstName>
                           <ns2:lastName>testuser.enotrec01</ns2:lastName>
                        </ns2:name>
                        <ns8:contactInformation/>
                     </ns25:responsiblePerson>
                     <ns25:contactPerson>
                        <ns2:name>
                           <ns2:firstName>Testuser</ns2:firstName>
                           <ns2:lastName>EnotRec01</ns2:lastName>
                        </ns2:name>
                        <ns8:contactInformation>
                           <ns8:emailAddress type="email">testuser.enotrec01@guest.minfin.fed.be</ns8:emailAddress>
                        </ns8:contactInformation>
                     </ns25:contactPerson>
                  </ns25:requestorInformation>
               </ns25:administrativeInformation>
            </ns25:generalCaseInformation>
            <ns44:debtParty>
               <ns5:party partyID="005">
                  <ns5:residentialParty>false</ns5:residentialParty>
                  <ns6:naturalPerson>
                     <ns2:entityReference>
                        <ns2:source>notice1</ns2:source>
                        <ns2:entityID type="nationalNumber">68082123438</ns2:entityID>
                     </ns2:entityReference>
                     <ns6:personInformation>
                        <ns2:name>
                           <ns2:firstName>Yolande Adrienne</ns2:firstName>
                           <ns2:lastName>BUITER</ns2:lastName>
                        </ns2:name>
                        <address>
                           <location>
                              <country>
                                 <countryDescription>Belgium</countryDescription>
                                 <countryCode codeStandard="ISO">BE</countryCode>
                              </country>
                              <municipalityDescription>Verlaine</municipalityDescription>
                              <postalCode>4537</postalCode>
                           </location>
                           <street>Rue aux Raines</street>
                           <houseNumber>53</houseNumber>
                        </address>
                     </ns6:personInformation>
                  </ns6:naturalPerson>
               </ns5:party>
               <ns43:debt debtID="1">
                  <ns37:fiscaldebt>
                     <ns31:fiscalDebtDetails>
                        <ns31:debtType>VAT</ns31:debtType>
                        <ns31:declarations>
                           <ns31:negligenceClause>
                              <ns31:additionalIntrest>0</ns31:additionalIntrest>
                              <ns31:additionalIntrestFromDate>2015-01-21+01:00</ns31:additionalIntrestFromDate>
                           </ns31:negligenceClause>
                        </ns31:declarations>
                        <ns2:referencePeriod>
                           <ns2:startDate>2015-01-06+01:00</ns2:startDate>
                           <ns2:endDate>2015-01-13+01:00</ns2:endDate>
                        </ns2:referencePeriod>
                        <ns31:totalDebt>45</ns31:totalDebt>
                        <ns31:debtBreakdown>
                           <ns31:debtSubType>VAT</ns31:debtSubType>
                           <ns31:debtSubAmount>45</ns31:debtSubAmount>
                        </ns31:debtBreakdown>
                        <ns31:debtBreakdown>
                           <ns31:debtSubType>IM</ns31:debtSubType>
                           <ns31:debtSubAmount>0</ns31:debtSubAmount>
                        </ns31:debtBreakdown>
                        <ns31:debtBreakdown>
                           <ns31:debtSubType>INTEREST</ns31:debtSubType>
                           <ns31:debtSubAmount>0</ns31:debtSubAmount>
                        </ns31:debtBreakdown>
                        <ns31:debtBreakdown>
                           <ns31:debtSubType>FINES</ns31:debtSubType>
                           <ns31:debtSubAmount>0</ns31:debtSubAmount>
                        </ns31:debtBreakdown>
                        <ns31:debtBreakdown>
                           <ns31:debtSubType>COST</ns31:debtSubType>
                           <ns31:debtSubAmount>0</ns31:debtSubAmount>
                        </ns31:debtBreakdown>
                     </ns31:fiscalDebtDetails>
                     <ns32:officialProclamation/>
                     <ns33:beneficiary>
                        <ns33:beneficiaryName>CTRI Namur</ns33:beneficiaryName>
                        <ns33:structuredMessage>N99998745412NOT/</ns33:structuredMessage>
                        <ns33:amount>45</ns33:amount>
                        <ns34:bankAccount>
                           <ns34:ibanNumber>BE42 6792 0034 9254</ns34:ibanNumber>
                           <ns34:bicCode>PCHQBEBB</ns34:bicCode>
                           <ns34:accountName>CTRI Namur</ns34:accountName>
                           <address>
                              <location>
                                 <country>
                                    <countryCode codeStandard="ISO">BE</countryCode>
                                 </country>
                                 <municipalityDescription language="fr">Namur</municipalityDescription>
                                 <postalCode>5000</postalCode>
                              </location>
                              <street>Rue des Bourgeois</street>
                              <houseNumber>7/Bloc B</houseNumber>
                           </address>
                        </ns34:bankAccount>
                     </ns33:beneficiary>
                     <ns35:debtDetailedInformation>
                        <ns35:calculationDate>2015-01-21+01:00</ns35:calculationDate>
                        <ns35:referentialNumber>999998745412</ns35:referentialNumber>
                     </ns35:debtDetailedInformation>
                  </ns37:fiscaldebt>
               </ns43:debt>
               <ns44:totalDebtAmount>45</ns44:totalDebtAmount>
            </ns44:debtParty>
            <ns45:legalBase>
               <ns45:legalSource>Code de la taxe sur la valeur ajout��e</ns45:legalSource>
               <ns45:legalBaseIdentifier>Article 93quater</ns45:legalBaseIdentifier>
            </ns45:legalBase>
            <ns27:technical>
               <ns26:Signature>
                  <ns26:SignedInfo>
                     <ns26:CanonicalizationMethod Algorithm="http://www.w3.org/TR/2001/REC-xml-c14n-20010315"/>
                     <ns26:SignatureMethod Algorithm="http://www.w3.org/2000/09/xmldsig#rsa-sha1"/>
                     <ns26:Reference URI="#signMe">
                        <ns26:DigestMethod Algorithm="http://www.w3.org/2000/09/xmldsig#sha1"/>
                        <ns26:DigestValue>CbUOX9jTy0uYSCKDVQl6peUatJ8=</ns26:DigestValue>
                     </ns26:Reference>
                  </ns26:SignedInfo>
                  <ns26:SignatureValue>WBXEECQtMTWGGq5EGO+5kyVw1kJefLsfHVA/5eYB6pZ3GOZ7LOLc/jAhKbqxeV3qdWiMGx3VzgvdF4ZaMB2HS1fLmnOmNDXHhrrqYQJ51LGDvex39k7/xAJAmuub7MDtfAu08WBTVpmQ5khGL9ZrYOXr5RoG70BrlWNr+37FekM=</ns26:SignatureValue>
                  <ns26:KeyInfo>
                     <ns26:X509Data>
                        <ns26:X509SubjectName>ST=Brussels,L=Brussels,OU=Belgian Federal Government,O=Federal Public Service Finances,CN=Test SPF Finances - FOD Financien,C=BE</ns26:X509SubjectName>
                        <ns26:X509Certificate>MIIDKzCCApSgAwIBAgIJAIkxAL2MG081MA0GCSqGSIb3DQEBBQUAMIGuMQswCQYDVQQGEwJCRTEqMCgGA1UEAxMhVGVzdCBTUEYgRmluYW5jZXMgLSBGT0QgRmluYW5jaWVuMSgwJgYDVQQKEx9GZWRlcmFsIFB1YmxpYyBTZXJ2aWNlIEZpbmFuY2VzMSMwIQYDVQQLExpCZWxnaWFuIEZlZGVyYWwgR292ZXJubWVudDERMA8GA1UEBxMIQnJ1c3NlbHMxETAPBgNVBAgTCEJydXNzZWxzMB4XDTA4MDUwNjA4MDcyMFoXDTE4MDUwNzA4MDcyMFowga4xCzAJBgNVBAYTAkJFMSowKAYDVQQDEyFUZXN0IFNQRiBGaW5hbmNlcyAtIEZPRCBGaW5hbmNpZW4xKDAmBgNVBAoTH0ZlZGVyYWwgUHVibGljIFNlcnZpY2UgRmluYW5jZXMxIzAhBgNVBAsTGkJlbGdpYW4gRmVkZXJhbCBHb3Zlcm5tZW50MREwDwYDVQQHEwhCcnVzc2VsczERMA8GA1UECBMIQnJ1c3NlbHMwgZ8wDQYJKoZIhvcNAQEBBQADgY0AMIGJAoGBAJ8T/80iF50FvothkWOZDsZUPKM52fxhNdKMT+E/lODqejyJ2iQkjEuW5yJKo0lXNj+Gxwfl99bD16IJMagbrxBnJPwR7SeS3JQ0IaLkOorOoeZkZLFoFMSfZWT9uCf6Qf/uNMQtRnX2351P1OF3cld68uFGUNS8U93OqxS9R/ZvAgMBAAGjTzBNMAwGA1UdEwQFMAMBAf8wCwYDVR0PBAQDAgTwMB0GA1UdJQQWMBQGCCsGAQUFBwMCBggrBgEFBQcDBDARBglghkgBhvhCAQEEBAMCBLAwDQYJKoZIhvcNAQEFBQADgYEATnEO8juTdcZtwzvl5EHnZ9+6cEM9rsWuQtq43UXw4RqveHWUE+Cn2ElMPiyuxLLzkzQTbcDYxI9FgVAXFEmqPf7Jii2PpHIlo8yHWCWMuPP0OykMF6YuCtyutKJBbGuTT36gNVAUEPeD34fzB5pgy2aG5wQTQctRdDz07CVM3cI=</ns26:X509Certificate>
                     </ns26:X509Data>
                  </ns26:KeyInfo>
               </ns26:Signature>
            </ns27:technical>
         </ns46:debtNotification>
         </v1:request>
      </v1:fiscalDebtNotificationRequest>
   </soapenv:Body>
</soapenv:Envelope>]]></con:request><con:credentials><con:selectedAuthProfile>Basic</con:selectedAuthProfile><con:addedBasicAuthenticationTypes>Basic</con:addedBasicAuthenticationTypes><con:authType>Global HTTP Settings</con:authType></con:credentials><con:jmsConfig JMSDeliveryMode="PERSISTENT"/><con:jmsPropertyConfig/><con:wsaConfig mustUnderstand="NONE" version="200508" action="http://fidus.brussels/services/fourthwaydebtservice/fiscalDebtNotification"/><con:wsrmConfig version="1.2"/></con:call><con:call id="76d82d83-dd13-4491-817e-e5a056132077" name="5 - Prod - Worker1 - Request" outgoingWss="Outflow PROD" incomingWss="Inflow PROD"><con:settings><con:setting id="com.eviware.soapui.impl.wsdl.WsdlRequest@request-headers">&lt;xml-fragment/></con:setting></con:settings><con:encoding>UTF-8</con:encoding><con:endpoint>https://192.168.26.22:8443/services/FourthWayDebtService_v1.0</con:endpoint><con:request><![CDATA[<soapenv:Envelope xmlns:soapenv="http://schemas.xmlsoap.org/soap/envelope/" xmlns:v1="http://fidus.brussels/service/fourthwaydebtservice/messages/v1" xmlns:v11="http://fidus.brussels/type/common/messages/v1" xmlns:deb="http://fsb.belgium.be/FourthWayServices/debtnotification" xmlns:gen="http://fsb.belgium.be/FourthWayServices/generalcaseinformation" xmlns:dat="http://fsb.belgium.be/FourthWayServices/common/datatypes" xmlns:ins="http://fsb.belgium.be/FourthWayServices/institution" xmlns:add="http://fsb.belgium.be/FourthWayServices/common/addressinformation" xmlns:con="http://fsb.belgium.be/FourthWayServices/contact" xmlns:deb1="http://fsb.belgium.be/FourthWayServices/debtparty" xmlns:par="http://fsb.belgium.be/FourthWayServices/party" xmlns:debt="http://fsb.belgium.be/FourthWayServices/debt" xmlns:leg="http://fsb.belgium.be/FourthWayServices/legalbase" xmlns:tec="http://fsb.belgium.be/FourthWayServices/technical" xmlns:xd="http://www.w3.org/2000/09/xmldsig#">
   <soapenv:Header/>
   <soapenv:Body>
      <v1:fiscalDebtNotificationRequest>
         <v1:messageContext>
         	  <v11:messageId>${=import static java.util.UUID.randomUUID; uuid = randomUUID() as String}</v11:messageId>
            <v11:timestamp>${=new java.text.SimpleDateFormat("yyyy-MM-dd'T'HH:mm:ss.SSS").format(new Date())}</v11:timestamp>
         </v1:messageContext>
         <v1:legalContext>ServiceIntegrator</v1:legalContext>      
         <v1:request>
 		<ns46:debtNotification Id="SignMe" xmlns:ns50="http://be.belgium.fsb/fourthWayService/Debt" xmlns="http://fsb.belgium.be/FourthWayServices/common/addressinformation" xmlns:ns10="http://fsb.belgium.be/FourthWayServices/shipinformation" xmlns:ns11="http://fsb.belgium.be/FourthWayServices/selfemployed" xmlns:ns12="http://fsb.belgium.be/FourthWayServices/institution" xmlns:ns13="http://fsb.belgium.be/FourthWayServices/enterprise" xmlns:ns14="http://fsb.belgium.be/FourthWayServices/honorbaseddeclarations" xmlns:ns15="http://fsb.belgium.be/FourthWayServices/unregisteredparty" xmlns:ns16="http://fsb.belgium.be/FourthWayServices/partnerdescription" xmlns:ns17="http://fsb.belgium.be/FourthWayServices/mortgagegoods" xmlns:ns18="http://fsb.belgium.be/FourthWayServices/deficitcaseinformation" xmlns:ns19="http://fsb.belgium.be/FourthWayServices/debtinquiry" xmlns:ns2="http://fsb.belgium.be/FourthWayServices/common/datatypes" xmlns:ns20="http://fsb.belgium.be/FourthWayServices/immovablegoodtransaction" xmlns:ns21="http://fsb.belgium.be/FourthWayServices/movablegoodtransaction" xmlns:ns22="http://fsb.belgium.be/FourthWayServices/inheritanceinformation" xmlns:ns23="http://fsb.belgium.be/FourthWayServices/successiontransaction" xmlns:ns24="http://fsb.belgium.be/FourthWayServices/fourthwaymessage" xmlns:ns25="http://fsb.belgium.be/FourthWayServices/generalcaseinformation" xmlns:ns26="http://www.w3.org/2000/09/xmldsig#" xmlns:ns27="http://fsb.belgium.be/FourthWayServices/technical" xmlns:ns28="http://fsb.belgium.be/FourthWayServices/acknowledgementinformation" xmlns:ns29="http://fsb.belgium.be/FourthWayServices/error" xmlns:ns3="http://fsb.belgium.be/FourthWayServices/salesinformation" xmlns:ns30="http://fsb.belgium.be/FourthWayServices/businesserror" xmlns:ns31="http://fsb.belgium.be/FourthWayServices/fiscaldebtdetails" xmlns:ns32="http://fsb.belgium.be/FourthWayServices/officialproclamation" xmlns:ns33="http://fsb.belgium.be/FourthWayServices/beneficiary" xmlns:ns34="http://fsb.belgium.be/FourthWayServices/common/bankaccount" xmlns:ns35="http://fsb.belgium.be/FourthWayServices/debtdetailedinformation" xmlns:ns36="http://fsb.belgium.be/FourthWayServices/debtsolidarity" xmlns:ns37="http://fsb.belgium.be/FourthWayServices/fiscaldebt" xmlns:ns38="http://fsb.belgium.be/FourthWayServices/socialdebtdetails" xmlns:ns39="http://fsb.belgium.be/FourthWayServices/debtinformation" xmlns:ns4="http://fsb.belgium.be/FourthWayServices/gooddescription" xmlns:ns40="http://fsb.belgium.be/FourthWayServices/socialdebt" xmlns:ns41="http://fsb.belgium.be/FourthWayServices/fiscalregionflandersdebtdetails" xmlns:ns42="http://fsb.belgium.be/FourthWayServices/fiscalregionflandersdebt" xmlns:ns43="http://fsb.belgium.be/FourthWayServices/debt" xmlns:ns44="http://fsb.belgium.be/FourthWayServices/debtparty" xmlns:ns45="http://fsb.belgium.be/FourthWayServices/legalbase" xmlns:ns46="http://fsb.belgium.be/FourthWayServices/debtnotification" xmlns:ns47="http://fsb.belgium.be/FourthWayServices/debtdeficitnotification" xmlns:ns48="http://fsb.belgium.be/FourthWayServices/header" xmlns:ns49="http://fsb.belgium.be/header" xmlns:ns5="http://fsb.belgium.be/FourthWayServices/party" xmlns:ns51="http://fsb.belgium.be/FourthWayServices/technicalack" xmlns:ns52="http://fsb.belgium.be/FourthWayServices/functionalack" xmlns:ns6="http://fsb.belgium.be/FourthWayServices/naturalperson" xmlns:ns7="http://fsb.belgium.be/FourthWayServices/nonresident" xmlns:ns8="http://fsb.belgium.be/FourthWayServices/contact" xmlns:ns9="http://fsb.belgium.be/FourthWayServices/propertyinformation">
            <ns25:generalCaseInformation>
               <ns25:administrativeInformation>
                  <ns25:language>FR</ns25:language>
                  <ns25:caseNumber>2444080.210115.0167</ns25:caseNumber>
                  <ns25:transactionType>3</ns25:transactionType>
                  <ns25:procedureNumber>ENOT4000000419570</ns25:procedureNumber>
                  <ns25:replacedProcedureNumber xsi:nil="true" xmlns:xsi="http://www.w3.org/2001/XMLSchema-instance"/>
                  <ns25:requestDate>2015-01-21T14:50:02.446+01:00</ns25:requestDate>
                  <ns25:origin>
                     <ns2:origin>
                        <ns2:partner>FPS Finance</ns2:partner>
                        <ns2:partnerCode codeType="KBO">0308357159</ns2:partnerCode>
                     </ns2:origin>
                  </ns25:origin>
                  <ns25:destinations>
                     <ns2:destination>
                        <ns2:partner>FRNB</ns2:partner>
                        <ns2:partnerCode codeType="KBO">0409357321</ns2:partnerCode>
                     </ns2:destination>
                  </ns25:destinations>
                  <ns25:requestorInformation>
                     <ns12:institution>
                        <ns12:institutionType>Federal</ns12:institutionType>
                        <ns12:institutionName>Huy</ns12:institutionName>
                        <ns12:institutionIdentificationNumber type="CDDB">600904</ns12:institutionIdentificationNumber>
                        <address>
                           <location>
                              <country>
                                 <countryCode codeStandard="ISO">BE</countryCode>
                              </country>
                              <postalCode>4500</postalCode>
                           </location>
                           <street>Avenue Albert 1er</street>
                           <houseNumber>8/10</houseNumber>
                        </address>
                        <ns12:contactInformation>
                           <ns8:phoneNumber type="phone">025783660</ns8:phoneNumber>
                           <ns8:emailAddress type="email">rec.cd.huy@minfin.fed.be</ns8:emailAddress>
                        </ns12:contactInformation>
                     </ns12:institution>
                     <ns25:responsiblePerson>
                        <ns2:name>
                           <ns2:firstName>Testuser</ns2:firstName>
                           <ns2:lastName>testuser.enotrec01</ns2:lastName>
                        </ns2:name>
                        <ns8:contactInformation/>
                     </ns25:responsiblePerson>
                     <ns25:contactPerson>
                        <ns2:name>
                           <ns2:firstName>Testuser</ns2:firstName>
                           <ns2:lastName>EnotRec01</ns2:lastName>
                        </ns2:name>
                        <ns8:contactInformation>
                           <ns8:emailAddress type="email">testuser.enotrec01@guest.minfin.fed.be</ns8:emailAddress>
                        </ns8:contactInformation>
                     </ns25:contactPerson>
                  </ns25:requestorInformation>
               </ns25:administrativeInformation>
            </ns25:generalCaseInformation>
            <ns44:debtParty>
               <ns5:party partyID="005">
                  <ns5:residentialParty>false</ns5:residentialParty>
                  <ns6:naturalPerson>
                     <ns2:entityReference>
                        <ns2:source>notice1</ns2:source>
                        <ns2:entityID type="nationalNumber">68082123438</ns2:entityID>
                     </ns2:entityReference>
                     <ns6:personInformation>
                        <ns2:name>
                           <ns2:firstName>Yolande Adrienne</ns2:firstName>
                           <ns2:lastName>BUITER</ns2:lastName>
                        </ns2:name>
                        <address>
                           <location>
                              <country>
                                 <countryDescription>Belgium</countryDescription>
                                 <countryCode codeStandard="ISO">BE</countryCode>
                              </country>
                              <municipalityDescription>Verlaine</municipalityDescription>
                              <postalCode>4537</postalCode>
                           </location>
                           <street>Rue aux Raines</street>
                           <houseNumber>53</houseNumber>
                        </address>
                     </ns6:personInformation>
                  </ns6:naturalPerson>
               </ns5:party>
               <ns43:debt debtID="1">
                  <ns37:fiscaldebt>
                     <ns31:fiscalDebtDetails>
                        <ns31:debtType>VAT</ns31:debtType>
                        <ns31:declarations>
                           <ns31:negligenceClause>
                              <ns31:additionalIntrest>0</ns31:additionalIntrest>
                              <ns31:additionalIntrestFromDate>2015-01-21+01:00</ns31:additionalIntrestFromDate>
                           </ns31:negligenceClause>
                        </ns31:declarations>
                        <ns2:referencePeriod>
                           <ns2:startDate>2015-01-06+01:00</ns2:startDate>
                           <ns2:endDate>2015-01-13+01:00</ns2:endDate>
                        </ns2:referencePeriod>
                        <ns31:totalDebt>45</ns31:totalDebt>
                        <ns31:debtBreakdown>
                           <ns31:debtSubType>VAT</ns31:debtSubType>
                           <ns31:debtSubAmount>45</ns31:debtSubAmount>
                        </ns31:debtBreakdown>
                        <ns31:debtBreakdown>
                           <ns31:debtSubType>IM</ns31:debtSubType>
                           <ns31:debtSubAmount>0</ns31:debtSubAmount>
                        </ns31:debtBreakdown>
                        <ns31:debtBreakdown>
                           <ns31:debtSubType>INTEREST</ns31:debtSubType>
                           <ns31:debtSubAmount>0</ns31:debtSubAmount>
                        </ns31:debtBreakdown>
                        <ns31:debtBreakdown>
                           <ns31:debtSubType>FINES</ns31:debtSubType>
                           <ns31:debtSubAmount>0</ns31:debtSubAmount>
                        </ns31:debtBreakdown>
                        <ns31:debtBreakdown>
                           <ns31:debtSubType>COST</ns31:debtSubType>
                           <ns31:debtSubAmount>0</ns31:debtSubAmount>
                        </ns31:debtBreakdown>
                     </ns31:fiscalDebtDetails>
                     <ns32:officialProclamation/>
                     <ns33:beneficiary>
                        <ns33:beneficiaryName>CTRI Namur</ns33:beneficiaryName>
                        <ns33:structuredMessage>N99998745412NOT/</ns33:structuredMessage>
                        <ns33:amount>45</ns33:amount>
                        <ns34:bankAccount>
                           <ns34:ibanNumber>BE42 6792 0034 9254</ns34:ibanNumber>
                           <ns34:bicCode>PCHQBEBB</ns34:bicCode>
                           <ns34:accountName>CTRI Namur</ns34:accountName>
                           <address>
                              <location>
                                 <country>
                                    <countryCode codeStandard="ISO">BE</countryCode>
                                 </country>
                                 <municipalityDescription language="fr">Namur</municipalityDescription>
                                 <postalCode>5000</postalCode>
                              </location>
                              <street>Rue des Bourgeois</street>
                              <houseNumber>7/Bloc B</houseNumber>
                           </address>
                        </ns34:bankAccount>
                     </ns33:beneficiary>
                     <ns35:debtDetailedInformation>
                        <ns35:calculationDate>2015-01-21+01:00</ns35:calculationDate>
                        <ns35:referentialNumber>999998745412</ns35:referentialNumber>
                     </ns35:debtDetailedInformation>
                  </ns37:fiscaldebt>
               </ns43:debt>
               <ns44:totalDebtAmount>45</ns44:totalDebtAmount>
            </ns44:debtParty>
            <ns45:legalBase>
               <ns45:legalSource>Code de la taxe sur la valeur ajout��e</ns45:legalSource>
               <ns45:legalBaseIdentifier>Article 93quater</ns45:legalBaseIdentifier>
            </ns45:legalBase>
            <ns27:technical>
               <ns26:Signature>
                  <ns26:SignedInfo>
                     <ns26:CanonicalizationMethod Algorithm="http://www.w3.org/TR/2001/REC-xml-c14n-20010315"/>
                     <ns26:SignatureMethod Algorithm="http://www.w3.org/2000/09/xmldsig#rsa-sha1"/>
                     <ns26:Reference URI="#signMe">
                        <ns26:DigestMethod Algorithm="http://www.w3.org/2000/09/xmldsig#sha1"/>
                        <ns26:DigestValue>CbUOX9jTy0uYSCKDVQl6peUatJ8=</ns26:DigestValue>
                     </ns26:Reference>
                  </ns26:SignedInfo>
                  <ns26:SignatureValue>WBXEECQtMTWGGq5EGO+5kyVw1kJefLsfHVA/5eYB6pZ3GOZ7LOLc/jAhKbqxeV3qdWiMGx3VzgvdF4ZaMB2HS1fLmnOmNDXHhrrqYQJ51LGDvex39k7/xAJAmuub7MDtfAu08WBTVpmQ5khGL9ZrYOXr5RoG70BrlWNr+37FekM=</ns26:SignatureValue>
                  <ns26:KeyInfo>
                     <ns26:X509Data>
                        <ns26:X509SubjectName>ST=Brussels,L=Brussels,OU=Belgian Federal Government,O=Federal Public Service Finances,CN=Test SPF Finances - FOD Financien,C=BE</ns26:X509SubjectName>
                        <ns26:X509Certificate>MIIDKzCCApSgAwIBAgIJAIkxAL2MG081MA0GCSqGSIb3DQEBBQUAMIGuMQswCQYDVQQGEwJCRTEqMCgGA1UEAxMhVGVzdCBTUEYgRmluYW5jZXMgLSBGT0QgRmluYW5jaWVuMSgwJgYDVQQKEx9GZWRlcmFsIFB1YmxpYyBTZXJ2aWNlIEZpbmFuY2VzMSMwIQYDVQQLExpCZWxnaWFuIEZlZGVyYWwgR292ZXJubWVudDERMA8GA1UEBxMIQnJ1c3NlbHMxETAPBgNVBAgTCEJydXNzZWxzMB4XDTA4MDUwNjA4MDcyMFoXDTE4MDUwNzA4MDcyMFowga4xCzAJBgNVBAYTAkJFMSowKAYDVQQDEyFUZXN0IFNQRiBGaW5hbmNlcyAtIEZPRCBGaW5hbmNpZW4xKDAmBgNVBAoTH0ZlZGVyYWwgUHVibGljIFNlcnZpY2UgRmluYW5jZXMxIzAhBgNVBAsTGkJlbGdpYW4gRmVkZXJhbCBHb3Zlcm5tZW50MREwDwYDVQQHEwhCcnVzc2VsczERMA8GA1UECBMIQnJ1c3NlbHMwgZ8wDQYJKoZIhvcNAQEBBQADgY0AMIGJAoGBAJ8T/80iF50FvothkWOZDsZUPKM52fxhNdKMT+E/lODqejyJ2iQkjEuW5yJKo0lXNj+Gxwfl99bD16IJMagbrxBnJPwR7SeS3JQ0IaLkOorOoeZkZLFoFMSfZWT9uCf6Qf/uNMQtRnX2351P1OF3cld68uFGUNS8U93OqxS9R/ZvAgMBAAGjTzBNMAwGA1UdEwQFMAMBAf8wCwYDVR0PBAQDAgTwMB0GA1UdJQQWMBQGCCsGAQUFBwMCBggrBgEFBQcDBDARBglghkgBhvhCAQEEBAMCBLAwDQYJKoZIhvcNAQEFBQADgYEATnEO8juTdcZtwzvl5EHnZ9+6cEM9rsWuQtq43UXw4RqveHWUE+Cn2ElMPiyuxLLzkzQTbcDYxI9FgVAXFEmqPf7Jii2PpHIlo8yHWCWMuPP0OykMF6YuCtyutKJBbGuTT36gNVAUEPeD34fzB5pgy2aG5wQTQctRdDz07CVM3cI=</ns26:X509Certificate>
                     </ns26:X509Data>
                  </ns26:KeyInfo>
               </ns26:Signature>
            </ns27:technical>
         </ns46:debtNotification>
         </v1:request>
      </v1:fiscalDebtNotificationRequest>
   </soapenv:Body>
</soapenv:Envelope>]]></con:request><con:credentials><con:selectedAuthProfile>Basic</con:selectedAuthProfile><con:addedBasicAuthenticationTypes>Basic</con:addedBasicAuthenticationTypes><con:authType>Global HTTP Settings</con:authType></con:credentials><con:jmsConfig JMSDeliveryMode="PERSISTENT"/><con:jmsPropertyConfig/><con:wsaConfig mustUnderstand="NONE" version="200508" action="http://fidus.brussels/services/fourthwaydebtservice/fiscalDebtNotification"/><con:wsrmConfig version="1.2"/></con:call><con:call id="d3fb80db-61a8-4dfc-8351-9179758b22d8" name="5 - Prod - Worker2 - Request" outgoingWss="Outflow PROD" incomingWss="Inflow PROD"><con:settings><con:setting id="com.eviware.soapui.impl.wsdl.WsdlRequest@request-headers">&lt;xml-fragment/></con:setting></con:settings><con:encoding>UTF-8</con:encoding><con:endpoint>https://192.168.26.19:8443/services/FourthWayDebtService_v1.0</con:endpoint><con:request><![CDATA[<soapenv:Envelope xmlns:soapenv="http://schemas.xmlsoap.org/soap/envelope/" xmlns:v1="http://fidus.brussels/service/fourthwaydebtservice/messages/v1" xmlns:v11="http://fidus.brussels/type/common/messages/v1" xmlns:deb="http://fsb.belgium.be/FourthWayServices/debtnotification" xmlns:gen="http://fsb.belgium.be/FourthWayServices/generalcaseinformation" xmlns:dat="http://fsb.belgium.be/FourthWayServices/common/datatypes" xmlns:ins="http://fsb.belgium.be/FourthWayServices/institution" xmlns:add="http://fsb.belgium.be/FourthWayServices/common/addressinformation" xmlns:con="http://fsb.belgium.be/FourthWayServices/contact" xmlns:deb1="http://fsb.belgium.be/FourthWayServices/debtparty" xmlns:par="http://fsb.belgium.be/FourthWayServices/party" xmlns:debt="http://fsb.belgium.be/FourthWayServices/debt" xmlns:leg="http://fsb.belgium.be/FourthWayServices/legalbase" xmlns:tec="http://fsb.belgium.be/FourthWayServices/technical" xmlns:xd="http://www.w3.org/2000/09/xmldsig#">
   <soapenv:Header/>
   <soapenv:Body>
      <v1:fiscalDebtNotificationRequest>
         <v1:messageContext>
         	  <v11:messageId>${=import static java.util.UUID.randomUUID; uuid = randomUUID() as String}</v11:messageId>
            <v11:timestamp>${=new java.text.SimpleDateFormat("yyyy-MM-dd'T'HH:mm:ss.SSS").format(new Date())}</v11:timestamp>
         </v1:messageContext>
         <v1:legalContext>ServiceIntegrator</v1:legalContext>      
         <v1:request>
 		<ns46:debtNotification Id="SignMe" xmlns:ns50="http://be.belgium.fsb/fourthWayService/Debt" xmlns="http://fsb.belgium.be/FourthWayServices/common/addressinformation" xmlns:ns10="http://fsb.belgium.be/FourthWayServices/shipinformation" xmlns:ns11="http://fsb.belgium.be/FourthWayServices/selfemployed" xmlns:ns12="http://fsb.belgium.be/FourthWayServices/institution" xmlns:ns13="http://fsb.belgium.be/FourthWayServices/enterprise" xmlns:ns14="http://fsb.belgium.be/FourthWayServices/honorbaseddeclarations" xmlns:ns15="http://fsb.belgium.be/FourthWayServices/unregisteredparty" xmlns:ns16="http://fsb.belgium.be/FourthWayServices/partnerdescription" xmlns:ns17="http://fsb.belgium.be/FourthWayServices/mortgagegoods" xmlns:ns18="http://fsb.belgium.be/FourthWayServices/deficitcaseinformation" xmlns:ns19="http://fsb.belgium.be/FourthWayServices/debtinquiry" xmlns:ns2="http://fsb.belgium.be/FourthWayServices/common/datatypes" xmlns:ns20="http://fsb.belgium.be/FourthWayServices/immovablegoodtransaction" xmlns:ns21="http://fsb.belgium.be/FourthWayServices/movablegoodtransaction" xmlns:ns22="http://fsb.belgium.be/FourthWayServices/inheritanceinformation" xmlns:ns23="http://fsb.belgium.be/FourthWayServices/successiontransaction" xmlns:ns24="http://fsb.belgium.be/FourthWayServices/fourthwaymessage" xmlns:ns25="http://fsb.belgium.be/FourthWayServices/generalcaseinformation" xmlns:ns26="http://www.w3.org/2000/09/xmldsig#" xmlns:ns27="http://fsb.belgium.be/FourthWayServices/technical" xmlns:ns28="http://fsb.belgium.be/FourthWayServices/acknowledgementinformation" xmlns:ns29="http://fsb.belgium.be/FourthWayServices/error" xmlns:ns3="http://fsb.belgium.be/FourthWayServices/salesinformation" xmlns:ns30="http://fsb.belgium.be/FourthWayServices/businesserror" xmlns:ns31="http://fsb.belgium.be/FourthWayServices/fiscaldebtdetails" xmlns:ns32="http://fsb.belgium.be/FourthWayServices/officialproclamation" xmlns:ns33="http://fsb.belgium.be/FourthWayServices/beneficiary" xmlns:ns34="http://fsb.belgium.be/FourthWayServices/common/bankaccount" xmlns:ns35="http://fsb.belgium.be/FourthWayServices/debtdetailedinformation" xmlns:ns36="http://fsb.belgium.be/FourthWayServices/debtsolidarity" xmlns:ns37="http://fsb.belgium.be/FourthWayServices/fiscaldebt" xmlns:ns38="http://fsb.belgium.be/FourthWayServices/socialdebtdetails" xmlns:ns39="http://fsb.belgium.be/FourthWayServices/debtinformation" xmlns:ns4="http://fsb.belgium.be/FourthWayServices/gooddescription" xmlns:ns40="http://fsb.belgium.be/FourthWayServices/socialdebt" xmlns:ns41="http://fsb.belgium.be/FourthWayServices/fiscalregionflandersdebtdetails" xmlns:ns42="http://fsb.belgium.be/FourthWayServices/fiscalregionflandersdebt" xmlns:ns43="http://fsb.belgium.be/FourthWayServices/debt" xmlns:ns44="http://fsb.belgium.be/FourthWayServices/debtparty" xmlns:ns45="http://fsb.belgium.be/FourthWayServices/legalbase" xmlns:ns46="http://fsb.belgium.be/FourthWayServices/debtnotification" xmlns:ns47="http://fsb.belgium.be/FourthWayServices/debtdeficitnotification" xmlns:ns48="http://fsb.belgium.be/FourthWayServices/header" xmlns:ns49="http://fsb.belgium.be/header" xmlns:ns5="http://fsb.belgium.be/FourthWayServices/party" xmlns:ns51="http://fsb.belgium.be/FourthWayServices/technicalack" xmlns:ns52="http://fsb.belgium.be/FourthWayServices/functionalack" xmlns:ns6="http://fsb.belgium.be/FourthWayServices/naturalperson" xmlns:ns7="http://fsb.belgium.be/FourthWayServices/nonresident" xmlns:ns8="http://fsb.belgium.be/FourthWayServices/contact" xmlns:ns9="http://fsb.belgium.be/FourthWayServices/propertyinformation">
            <ns25:generalCaseInformation>
               <ns25:administrativeInformation>
                  <ns25:language>FR</ns25:language>
                  <ns25:caseNumber>2444080.210115.0167</ns25:caseNumber>
                  <ns25:transactionType>3</ns25:transactionType>
                  <ns25:procedureNumber>ENOT4000000419570</ns25:procedureNumber>
                  <ns25:replacedProcedureNumber xsi:nil="true" xmlns:xsi="http://www.w3.org/2001/XMLSchema-instance"/>
                  <ns25:requestDate>2015-01-21T14:50:02.446+01:00</ns25:requestDate>
                  <ns25:origin>
                     <ns2:origin>
                        <ns2:partner>FPS Finance</ns2:partner>
                        <ns2:partnerCode codeType="KBO">0308357159</ns2:partnerCode>
                     </ns2:origin>
                  </ns25:origin>
                  <ns25:destinations>
                     <ns2:destination>
                        <ns2:partner>FRNB</ns2:partner>
                        <ns2:partnerCode codeType="KBO">0409357321</ns2:partnerCode>
                     </ns2:destination>
                  </ns25:destinations>
                  <ns25:requestorInformation>
                     <ns12:institution>
                        <ns12:institutionType>Federal</ns12:institutionType>
                        <ns12:institutionName>Huy</ns12:institutionName>
                        <ns12:institutionIdentificationNumber type="CDDB">600904</ns12:institutionIdentificationNumber>
                        <address>
                           <location>
                              <country>
                                 <countryCode codeStandard="ISO">BE</countryCode>
                              </country>
                              <postalCode>4500</postalCode>
                           </location>
                           <street>Avenue Albert 1er</street>
                           <houseNumber>8/10</houseNumber>
                        </address>
                        <ns12:contactInformation>
                           <ns8:phoneNumber type="phone">025783660</ns8:phoneNumber>
                           <ns8:emailAddress type="email">rec.cd.huy@minfin.fed.be</ns8:emailAddress>
                        </ns12:contactInformation>
                     </ns12:institution>
                     <ns25:responsiblePerson>
                        <ns2:name>
                           <ns2:firstName>Testuser</ns2:firstName>
                           <ns2:lastName>testuser.enotrec01</ns2:lastName>
                        </ns2:name>
                        <ns8:contactInformation/>
                     </ns25:responsiblePerson>
                     <ns25:contactPerson>
                        <ns2:name>
                           <ns2:firstName>Testuser</ns2:firstName>
                           <ns2:lastName>EnotRec01</ns2:lastName>
                        </ns2:name>
                        <ns8:contactInformation>
                           <ns8:emailAddress type="email">testuser.enotrec01@guest.minfin.fed.be</ns8:emailAddress>
                        </ns8:contactInformation>
                     </ns25:contactPerson>
                  </ns25:requestorInformation>
               </ns25:administrativeInformation>
            </ns25:generalCaseInformation>
            <ns44:debtParty>
               <ns5:party partyID="005">
                  <ns5:residentialParty>false</ns5:residentialParty>
                  <ns6:naturalPerson>
                     <ns2:entityReference>
                        <ns2:source>notice1</ns2:source>
                        <ns2:entityID type="nationalNumber">68082123438</ns2:entityID>
                     </ns2:entityReference>
                     <ns6:personInformation>
                        <ns2:name>
                           <ns2:firstName>Yolande Adrienne</ns2:firstName>
                           <ns2:lastName>BUITER</ns2:lastName>
                        </ns2:name>
                        <address>
                           <location>
                              <country>
                                 <countryDescription>Belgium</countryDescription>
                                 <countryCode codeStandard="ISO">BE</countryCode>
                              </country>
                              <municipalityDescription>Verlaine</municipalityDescription>
                              <postalCode>4537</postalCode>
                           </location>
                           <street>Rue aux Raines</street>
                           <houseNumber>53</houseNumber>
                        </address>
                     </ns6:personInformation>
                  </ns6:naturalPerson>
               </ns5:party>
               <ns43:debt debtID="1">
                  <ns37:fiscaldebt>
                     <ns31:fiscalDebtDetails>
                        <ns31:debtType>VAT</ns31:debtType>
                        <ns31:declarations>
                           <ns31:negligenceClause>
                              <ns31:additionalIntrest>0</ns31:additionalIntrest>
                              <ns31:additionalIntrestFromDate>2015-01-21+01:00</ns31:additionalIntrestFromDate>
                           </ns31:negligenceClause>
                        </ns31:declarations>
                        <ns2:referencePeriod>
                           <ns2:startDate>2015-01-06+01:00</ns2:startDate>
                           <ns2:endDate>2015-01-13+01:00</ns2:endDate>
                        </ns2:referencePeriod>
                        <ns31:totalDebt>45</ns31:totalDebt>
                        <ns31:debtBreakdown>
                           <ns31:debtSubType>VAT</ns31:debtSubType>
                           <ns31:debtSubAmount>45</ns31:debtSubAmount>
                        </ns31:debtBreakdown>
                        <ns31:debtBreakdown>
                           <ns31:debtSubType>IM</ns31:debtSubType>
                           <ns31:debtSubAmount>0</ns31:debtSubAmount>
                        </ns31:debtBreakdown>
                        <ns31:debtBreakdown>
                           <ns31:debtSubType>INTEREST</ns31:debtSubType>
                           <ns31:debtSubAmount>0</ns31:debtSubAmount>
                        </ns31:debtBreakdown>
                        <ns31:debtBreakdown>
                           <ns31:debtSubType>FINES</ns31:debtSubType>
                           <ns31:debtSubAmount>0</ns31:debtSubAmount>
                        </ns31:debtBreakdown>
                        <ns31:debtBreakdown>
                           <ns31:debtSubType>COST</ns31:debtSubType>
                           <ns31:debtSubAmount>0</ns31:debtSubAmount>
                        </ns31:debtBreakdown>
                     </ns31:fiscalDebtDetails>
                     <ns32:officialProclamation/>
                     <ns33:beneficiary>
                        <ns33:beneficiaryName>CTRI Namur</ns33:beneficiaryName>
                        <ns33:structuredMessage>N99998745412NOT/</ns33:structuredMessage>
                        <ns33:amount>45</ns33:amount>
                        <ns34:bankAccount>
                           <ns34:ibanNumber>BE42 6792 0034 9254</ns34:ibanNumber>
                           <ns34:bicCode>PCHQBEBB</ns34:bicCode>
                           <ns34:accountName>CTRI Namur</ns34:accountName>
                           <address>
                              <location>
                                 <country>
                                    <countryCode codeStandard="ISO">BE</countryCode>
                                 </country>
                                 <municipalityDescription language="fr">Namur</municipalityDescription>
                                 <postalCode>5000</postalCode>
                              </location>
                              <street>Rue des Bourgeois</street>
                              <houseNumber>7/Bloc B</houseNumber>
                           </address>
                        </ns34:bankAccount>
                     </ns33:beneficiary>
                     <ns35:debtDetailedInformation>
                        <ns35:calculationDate>2015-01-21+01:00</ns35:calculationDate>
                        <ns35:referentialNumber>999998745412</ns35:referentialNumber>
                     </ns35:debtDetailedInformation>
                  </ns37:fiscaldebt>
               </ns43:debt>
               <ns44:totalDebtAmount>45</ns44:totalDebtAmount>
            </ns44:debtParty>
            <ns45:legalBase>
               <ns45:legalSource>Code de la taxe sur la valeur ajout��e</ns45:legalSource>
               <ns45:legalBaseIdentifier>Article 93quater</ns45:legalBaseIdentifier>
            </ns45:legalBase>
            <ns27:technical>
               <ns26:Signature>
                  <ns26:SignedInfo>
                     <ns26:CanonicalizationMethod Algorithm="http://www.w3.org/TR/2001/REC-xml-c14n-20010315"/>
                     <ns26:SignatureMethod Algorithm="http://www.w3.org/2000/09/xmldsig#rsa-sha1"/>
                     <ns26:Reference URI="#signMe">
                        <ns26:DigestMethod Algorithm="http://www.w3.org/2000/09/xmldsig#sha1"/>
                        <ns26:DigestValue>CbUOX9jTy0uYSCKDVQl6peUatJ8=</ns26:DigestValue>
                     </ns26:Reference>
                  </ns26:SignedInfo>
                  <ns26:SignatureValue>WBXEECQtMTWGGq5EGO+5kyVw1kJefLsfHVA/5eYB6pZ3GOZ7LOLc/jAhKbqxeV3qdWiMGx3VzgvdF4ZaMB2HS1fLmnOmNDXHhrrqYQJ51LGDvex39k7/xAJAmuub7MDtfAu08WBTVpmQ5khGL9ZrYOXr5RoG70BrlWNr+37FekM=</ns26:SignatureValue>
                  <ns26:KeyInfo>
                     <ns26:X509Data>
                        <ns26:X509SubjectName>ST=Brussels,L=Brussels,OU=Belgian Federal Government,O=Federal Public Service Finances,CN=Test SPF Finances - FOD Financien,C=BE</ns26:X509SubjectName>
                        <ns26:X509Certificate>MIIDKzCCApSgAwIBAgIJAIkxAL2MG081MA0GCSqGSIb3DQEBBQUAMIGuMQswCQYDVQQGEwJCRTEqMCgGA1UEAxMhVGVzdCBTUEYgRmluYW5jZXMgLSBGT0QgRmluYW5jaWVuMSgwJgYDVQQKEx9GZWRlcmFsIFB1YmxpYyBTZXJ2aWNlIEZpbmFuY2VzMSMwIQYDVQQLExpCZWxnaWFuIEZlZGVyYWwgR292ZXJubWVudDERMA8GA1UEBxMIQnJ1c3NlbHMxETAPBgNVBAgTCEJydXNzZWxzMB4XDTA4MDUwNjA4MDcyMFoXDTE4MDUwNzA4MDcyMFowga4xCzAJBgNVBAYTAkJFMSowKAYDVQQDEyFUZXN0IFNQRiBGaW5hbmNlcyAtIEZPRCBGaW5hbmNpZW4xKDAmBgNVBAoTH0ZlZGVyYWwgUHVibGljIFNlcnZpY2UgRmluYW5jZXMxIzAhBgNVBAsTGkJlbGdpYW4gRmVkZXJhbCBHb3Zlcm5tZW50MREwDwYDVQQHEwhCcnVzc2VsczERMA8GA1UECBMIQnJ1c3NlbHMwgZ8wDQYJKoZIhvcNAQEBBQADgY0AMIGJAoGBAJ8T/80iF50FvothkWOZDsZUPKM52fxhNdKMT+E/lODqejyJ2iQkjEuW5yJKo0lXNj+Gxwfl99bD16IJMagbrxBnJPwR7SeS3JQ0IaLkOorOoeZkZLFoFMSfZWT9uCf6Qf/uNMQtRnX2351P1OF3cld68uFGUNS8U93OqxS9R/ZvAgMBAAGjTzBNMAwGA1UdEwQFMAMBAf8wCwYDVR0PBAQDAgTwMB0GA1UdJQQWMBQGCCsGAQUFBwMCBggrBgEFBQcDBDARBglghkgBhvhCAQEEBAMCBLAwDQYJKoZIhvcNAQEFBQADgYEATnEO8juTdcZtwzvl5EHnZ9+6cEM9rsWuQtq43UXw4RqveHWUE+Cn2ElMPiyuxLLzkzQTbcDYxI9FgVAXFEmqPf7Jii2PpHIlo8yHWCWMuPP0OykMF6YuCtyutKJBbGuTT36gNVAUEPeD34fzB5pgy2aG5wQTQctRdDz07CVM3cI=</ns26:X509Certificate>
                     </ns26:X509Data>
                  </ns26:KeyInfo>
               </ns26:Signature>
            </ns27:technical>
         </ns46:debtNotification>
         </v1:request>
      </v1:fiscalDebtNotificationRequest>
   </soapenv:Body>
</soapenv:Envelope>]]></con:request><con:credentials><con:selectedAuthProfile>Basic</con:selectedAuthProfile><con:addedBasicAuthenticationTypes>Basic</con:addedBasicAuthenticationTypes><con:authType>Global HTTP Settings</con:authType></con:credentials><con:jmsConfig JMSDeliveryMode="PERSISTENT"/><con:jmsPropertyConfig/><con:wsaConfig mustUnderstand="NONE" version="200508" action="http://fidus.brussels/services/fourthwaydebtservice/fiscalDebtNotification"/><con:wsrmConfig version="1.2"/></con:call></con:operation><con:operation id="0a1882e2-f00b-49a8-86a1-c9f57186437a" isOneWay="false" action="http://fidus.brussels/services/fourthwaydebtservice/flandersDebtNotification" name="flandersDebtNotification_NOT_USED" bindingOperationName="flandersDebtNotification" type="Request-Response" inputName="" receivesAttachments="false" sendsAttachments="false" anonymous="optional"><con:settings/><con:call id="e77c1fad-a3f6-4137-9f12-e3335ef6d3f4" name="1 - Local - Request" outgoingWss="Outflow DEV" incomingWss="Inflow DEV"><con:settings><con:setting id="com.eviware.soapui.impl.wsdl.WsdlRequest@request-headers">&lt;xml-fragment/></con:setting></con:settings><con:encoding>UTF-8</con:encoding><con:endpoint>https://localhost:8243/services/FourthWayDebtService_v1.0</con:endpoint><con:request><![CDATA[<soapenv:Envelope xmlns:soapenv="http://schemas.xmlsoap.org/soap/envelope/" xmlns:v1="http://fidus.brussels/service/fourthwaydebtservice/messages/v1" xmlns:v11="http://fidus.brussels/type/common/messages/v1" xmlns:deb="http://fsb.belgium.be/FourthWayServices/debtnotification" xmlns:gen="http://fsb.belgium.be/FourthWayServices/generalcaseinformation" xmlns:dat="http://fsb.belgium.be/FourthWayServices/common/datatypes" xmlns:ins="http://fsb.belgium.be/FourthWayServices/institution" xmlns:add="http://fsb.belgium.be/FourthWayServices/common/addressinformation" xmlns:con="http://fsb.belgium.be/FourthWayServices/contact" xmlns:deb1="http://fsb.belgium.be/FourthWayServices/debtparty" xmlns:par="http://fsb.belgium.be/FourthWayServices/party" xmlns:debt="http://fsb.belgium.be/FourthWayServices/debt" xmlns:leg="http://fsb.belgium.be/FourthWayServices/legalbase" xmlns:tec="http://fsb.belgium.be/FourthWayServices/technical" xmlns:xd="http://www.w3.org/2000/09/xmldsig#">
   <soapenv:Header/>
   <soapenv:Body>
      <v1:flandersRegionRequest>
         <v1:messageContext>
         	  <v11:messageId>${=import static java.util.UUID.randomUUID; uuid = randomUUID() as String}</v11:messageId>
            <v11:timestamp>${=new java.text.SimpleDateFormat("yyyy-MM-dd'T'HH:mm:ss.SSS").format(new Date())}</v11:timestamp>
         </v1:messageContext>
         <v1:legalContext>ServiceIntegrator</v1:legalContext>      
         <v1:request>
            <deb:debtNotification Id="A">
               <gen:generalCaseInformation>
                  <gen:administrativeInformation>
                     <gen:language>1</gen:language>
                     <gen:caseNumber>1</gen:caseNumber>
                     <gen:transactionType>T</gen:transactionType>
                     <gen:procedureNumber>1</gen:procedureNumber>
                     <gen:requestDate>2015-04-21T11:55:11.637+01:00</gen:requestDate>
                     <gen:origin>
                        <dat:origin>
                           <dat:partner>Z</dat:partner>
                           <dat:partnerCode codeType="?">E</dat:partnerCode>
                        </dat:origin>
                        <dat:originChain>
                        <dat:origin>
                           <dat:partner>R</dat:partner>
                           <dat:partnerCode codeType="?">T</dat:partnerCode>                        
                        </dat:origin>
                        </dat:originChain>
                     </gen:origin>
                     <gen:destinations>
                        <!--1 or more repetitions:-->
                        <dat:destination>
                           <dat:partner></dat:partner>
                           <dat:partnerCode codeType="?">G</dat:partnerCode>
                           <dat:destinationChain>
                           	<dat:destination>
	                           <dat:partner></dat:partner>
	                           <dat:partnerCode codeType="?">J</dat:partnerCode>                                                   	
                           	</dat:destination>
                           </dat:destinationChain>
                        </dat:destination>
                     </gen:destinations>
                     <gen:requestorInformation>
                        <ins:institution>
                           <ins:institutionType>G</ins:institutionType>
                           <ins:institutionName>C</ins:institutionName>
                           <ins:institutionIdentificationNumber type="a">
                           </ins:institutionIdentificationNumber>
                        </ins:institution>
                        <gen:responsiblePerson>
                           <dat:name>
                              <!--1 or more repetitions:-->
                              <dat:lastName>A</dat:lastName>
                           </dat:name>
                           <con:contactInformation>
                              <con:emailAddress type="?">A@a.a</con:emailAddress>
                           </con:contactInformation>
                        </gen:responsiblePerson>
                     </gen:requestorInformation>
                  </gen:administrativeInformation>
               </gen:generalCaseInformation>            
               <deb1:debtParty>
                  <par:party partyID="1">
                     <par:partyInformation/>
                  </par:party>
                  <!--1 or more repetitions:-->
                  <debt:debt debtID="1">
                     <debt:debtInformation/>
                  </debt:debt>
                  <deb1:totalDebtAmount>0</deb1:totalDebtAmount>
               </deb1:debtParty>
               <leg:legalBase>
                  <!--Zero or more repetitions:-->
                  <leg:legalBaseText language="?">T</leg:legalBaseText>
               </leg:legalBase>
               <tec:technical>
                  <xd:Signature Id="1">
                     <xd:SignedInfo Id="1">
                        <xd:CanonicalizationMethod Algorithm="1">
                           e
                           gero
                        </xd:CanonicalizationMethod>
                        <xd:SignatureMethod Algorithm="?">
                           cum
                           sonoras
                           aeoliam
                        </xd:SignatureMethod>
                        <!--1 or more repetitions:-->
                        <xd:Reference Id="1" URI="1" Type="T">
                           <xd:DigestMethod Algorithm="1">
                              verrantque
                              <!--You may enter ANY elements at this point-->
                              temperat
                           </xd:DigestMethod>
                           <xd:DigestValue>cid:1509039067566</xd:DigestValue>
                        </xd:Reference>
                     </xd:SignedInfo>
                     <xd:SignatureValue Id="1">cid:1387326906399</xd:SignatureValue>
                  </xd:Signature>
               </tec:technical>
            </deb:debtNotification>
         </v1:request>
      </v1:flandersRegionRequest>
   </soapenv:Body>
</soapenv:Envelope>]]></con:request><con:credentials><con:selectedAuthProfile>Basic</con:selectedAuthProfile><con:addedBasicAuthenticationTypes>Basic</con:addedBasicAuthenticationTypes><con:authType>Global HTTP Settings</con:authType></con:credentials><con:jmsConfig JMSDeliveryMode="PERSISTENT"/><con:jmsPropertyConfig/><con:wsaConfig mustUnderstand="NONE" version="200508" action="http://fidus.brussels/services/fourthwaydebtservice/flandersDebtNotification"/><con:wsrmConfig version="1.2"/></con:call></con:operation><con:operation id="6610b6c7-1688-4778-a95e-51036d742bf5" isOneWay="false" action="http://fidus.brussels/services/fourthwaydebtservice/functionalAck" name="functionalAck" bindingOperationName="functionalAck" type="Request-Response" inputName="" receivesAttachments="false" sendsAttachments="false" anonymous="optional"><con:settings/><con:call id="e9378f99-667a-4030-986a-15dd2b483b27" name="1 - Local - Request" outgoingWss="Outflow DEV" incomingWss="Inflow DEV"><con:settings><con:setting id="com.eviware.soapui.impl.wsdl.WsdlRequest@request-headers">&lt;xml-fragment/></con:setting></con:settings><con:encoding>UTF-8</con:encoding><con:endpoint>https://localhost:8243/services/FourthWayDebtService_v1.0</con:endpoint><con:request><![CDATA[<soapenv:Envelope xmlns:soapenv="http://schemas.xmlsoap.org/soap/envelope/" xmlns:v1="http://fidus.brussels/service/fourthwaydebtservice/messages/v1" xmlns:v11="http://fidus.brussels/type/common/messages/v1" xmlns:debt="http://be.belgium.fsb/fourthWayService/Debt" xmlns:fun="http://fsb.belgium.be/FourthWayServices/functionalack" xmlns:ack="http://fsb.belgium.be/FourthWayServices/acknowledgementinformation" xmlns:S="http://schemas.xmlsoap.org/soap/envelope/" xmlns:dat="http://fsb.belgium.be/FourthWayServices/common/datatypes">
   <soapenv:Header/>
   <soapenv:Body>
      <v1:functionalAckRequest>
         <v1:messageContext>
         	  <v11:messageId>${=import static java.util.UUID.randomUUID; uuid = randomUUID() as String}</v11:messageId>
            <v11:timestamp>${=new java.text.SimpleDateFormat("yyyy-MM-dd'T'HH:mm:ss.SSS").format(new Date())}</v11:timestamp>
         </v1:messageContext>      
         <v1:legalContext>ServiceIntegrator</v1:legalContext>
         <v1:request>
           <fun:functionalAcknowledgement>
                <ack:acknowledgementInformation>
                    <dat:procedureID>4d455d8b-b543-453b-acf4-9c63280319aa</dat:procedureID>
                    <ack:acknowledgementDate>2015-04-21T11:55:11.637+01:00</ack:acknowledgementDate>
                    <ack:receiptDate>2015-04-21T15:55:11.637+01:00</ack:receiptDate>
                    <dat:origin>
                        <dat:origin>
                            <dat:partner>FPS Finance</dat:partner>
                            <dat:partnerCode codeType="KBO">0308357159</dat:partnerCode>
                        </dat:origin>
                    </dat:origin>
                    <ack:correlationID>4d455d8b-b543-453b-acf4-9c63280319aa</ack:correlationID>
                    <ack:messageReferenceNumber>ENOT4000000419570</ack:messageReferenceNumber>
                </ack:acknowledgementInformation>
            </fun:functionalAcknowledgement>
         </v1:request>
      </v1:functionalAckRequest>
   </soapenv:Body>
</soapenv:Envelope>]]></con:request><con:credentials><con:selectedAuthProfile>Basic</con:selectedAuthProfile><con:addedBasicAuthenticationTypes>Basic</con:addedBasicAuthenticationTypes><con:authType>Global HTTP Settings</con:authType></con:credentials><con:jmsConfig JMSDeliveryMode="PERSISTENT"/><con:jmsPropertyConfig/><con:wsaConfig mustUnderstand="NONE" version="200508" action="http://fidus.brussels/services/fourthwaydebtservice/functionalAck"/><con:wsrmConfig version="1.2"/></con:call><con:call id="81d689ad-5834-48ab-8169-2eab20cdc973" name="2 - Dev - Request" outgoingWss="Outflow DEV" incomingWss="Inflow DEV"><con:settings><con:setting id="com.eviware.soapui.impl.wsdl.WsdlRequest@request-headers">&lt;xml-fragment/></con:setting></con:settings><con:encoding>UTF-8</con:encoding><con:endpoint>https://192.168.36.61:8243/services/FourthWayDebtService_v1.0</con:endpoint><con:request><![CDATA[<soapenv:Envelope xmlns:soapenv="http://schemas.xmlsoap.org/soap/envelope/" xmlns:v1="http://fidus.brussels/service/fourthwaydebtservice/messages/v1" xmlns:v11="http://fidus.brussels/type/common/messages/v1" xmlns:debt="http://be.belgium.fsb/fourthWayService/Debt" xmlns:fun="http://fsb.belgium.be/FourthWayServices/functionalack" xmlns:ack="http://fsb.belgium.be/FourthWayServices/acknowledgementinformation" xmlns:S="http://schemas.xmlsoap.org/soap/envelope/" xmlns:dat="http://fsb.belgium.be/FourthWayServices/common/datatypes">
   <soapenv:Header/>
   <soapenv:Body>
      <v1:functionalAckRequest>
         <v1:messageContext>
         	  <v11:messageId>${=import static java.util.UUID.randomUUID; uuid = randomUUID() as String}</v11:messageId>
            <v11:timestamp>${=new java.text.SimpleDateFormat("yyyy-MM-dd'T'HH:mm:ss.SSS").format(new Date())}</v11:timestamp>
         </v1:messageContext>      
         <v1:legalContext>ServiceIntegrator</v1:legalContext>
         <v1:request>
           <fun:functionalAcknowledgement>
                <ack:acknowledgementInformation>
                    <dat:procedureID>4d455d8b-b543-453b-acf4-9c63280319aa</dat:procedureID>
                    <ack:acknowledgementDate>2015-04-21T11:55:11.637+01:00</ack:acknowledgementDate>
                    <ack:receiptDate>2015-04-21T15:55:11.637+01:00</ack:receiptDate>
                    <dat:origin>
                        <dat:origin>
                            <dat:partner>FPS Finance</dat:partner>
                            <dat:partnerCode codeType="KBO">0308357159</dat:partnerCode>
                        </dat:origin>
                    </dat:origin>
                    <ack:correlationID>4d455d8b-b543-453b-acf4-9c63280319aa</ack:correlationID>
                    <ack:messageReferenceNumber>ENOT4000000419570</ack:messageReferenceNumber>
                </ack:acknowledgementInformation>
            </fun:functionalAcknowledgement>
         </v1:request>
      </v1:functionalAckRequest>
   </soapenv:Body>
</soapenv:Envelope>]]></con:request><con:credentials><con:selectedAuthProfile>Basic</con:selectedAuthProfile><con:addedBasicAuthenticationTypes>Basic</con:addedBasicAuthenticationTypes><con:authType>Global HTTP Settings</con:authType></con:credentials><con:jmsConfig JMSDeliveryMode="PERSISTENT"/><con:jmsPropertyConfig/><con:wsaConfig mustUnderstand="NONE" version="200508" action="http://fidus.brussels/services/fourthwaydebtservice/functionalAck"/><con:wsrmConfig version="1.2"/></con:call><con:call id="30d6800a-984d-40c0-9d1f-7614d7a14de6" name="3 - Test - External - Request" outgoingWss="Outflow TEST" incomingWss="Inflow TEST"><con:settings><con:setting id="com.eviware.soapui.impl.wsdl.WsdlRequest@request-headers">&lt;xml-fragment/></con:setting></con:settings><con:encoding>UTF-8</con:encoding><con:endpoint>https://fidus-test.irisnetlab.be/services/FourthWayDebtService_v1.0</con:endpoint><con:request><![CDATA[<soapenv:Envelope xmlns:soapenv="http://schemas.xmlsoap.org/soap/envelope/" xmlns:v1="http://fidus.brussels/service/fourthwaydebtservice/messages/v1" xmlns:v11="http://fidus.brussels/type/common/messages/v1" xmlns:debt="http://be.belgium.fsb/fourthWayService/Debt" xmlns:fun="http://fsb.belgium.be/FourthWayServices/functionalack" xmlns:ack="http://fsb.belgium.be/FourthWayServices/acknowledgementinformation" xmlns:S="http://schemas.xmlsoap.org/soap/envelope/" xmlns:dat="http://fsb.belgium.be/FourthWayServices/common/datatypes">
   <soapenv:Header/>
   <soapenv:Body>
      <v1:functionalAckRequest>
         <v1:messageContext>
         	  <v11:messageId>${=import static java.util.UUID.randomUUID; uuid = randomUUID() as String}</v11:messageId>
            <v11:timestamp>${=new java.text.SimpleDateFormat("yyyy-MM-dd'T'HH:mm:ss.SSS").format(new Date())}</v11:timestamp>
         </v1:messageContext>      
         <v1:legalContext>ServiceIntegrator</v1:legalContext>
         <v1:request>
           <fun:functionalAcknowledgement>
                <ack:acknowledgementInformation>
                    <dat:procedureID>4d455d8b-b543-453b-acf4-9c63280319aa</dat:procedureID>
                    <ack:acknowledgementDate>2015-04-21T11:55:11.637+01:00</ack:acknowledgementDate>
                    <ack:receiptDate>2015-04-21T15:55:11.637+01:00</ack:receiptDate>
                    <dat:origin>
                        <dat:origin>
                            <dat:partner>FPS Finance</dat:partner>
                            <dat:partnerCode codeType="KBO">0308357159</dat:partnerCode>
                        </dat:origin>
                    </dat:origin>
                    <ack:correlationID>4d455d8b-b543-453b-acf4-9c63280319aa</ack:correlationID>
                    <ack:messageReferenceNumber>ENOT4000000419570</ack:messageReferenceNumber>
                </ack:acknowledgementInformation>
            </fun:functionalAcknowledgement>
         </v1:request>
      </v1:functionalAckRequest>
   </soapenv:Body>
</soapenv:Envelope>]]></con:request><con:credentials><con:selectedAuthProfile>Basic</con:selectedAuthProfile><con:addedBasicAuthenticationTypes>Basic</con:addedBasicAuthenticationTypes><con:authType>Global HTTP Settings</con:authType></con:credentials><con:jmsConfig JMSDeliveryMode="PERSISTENT"/><con:jmsPropertyConfig/><con:wsaConfig mustUnderstand="NONE" version="200508" action="http://fidus.brussels/services/fourthwaydebtservice/functionalAck"/><con:wsrmConfig version="1.2"/></con:call><con:call id="73911c7d-a81c-4caf-896f-c6ca852dc6b6" name="3 - Test - LB - Request" outgoingWss="Outflow TEST" incomingWss="Inflow TEST"><con:settings><con:setting id="com.eviware.soapui.impl.wsdl.WsdlRequest@request-headers">&lt;xml-fragment/></con:setting></con:settings><con:encoding>UTF-8</con:encoding><con:endpoint>https://esb-security-gw.sta.srv.cirb.lan:8443/services/FourthWayDebtService_v1.0</con:endpoint><con:request><![CDATA[<soapenv:Envelope xmlns:soapenv="http://schemas.xmlsoap.org/soap/envelope/" xmlns:v1="http://fidus.brussels/service/fourthwaydebtservice/messages/v1" xmlns:v11="http://fidus.brussels/type/common/messages/v1" xmlns:debt="http://be.belgium.fsb/fourthWayService/Debt" xmlns:fun="http://fsb.belgium.be/FourthWayServices/functionalack" xmlns:ack="http://fsb.belgium.be/FourthWayServices/acknowledgementinformation" xmlns:S="http://schemas.xmlsoap.org/soap/envelope/" xmlns:dat="http://fsb.belgium.be/FourthWayServices/common/datatypes">
   <soapenv:Header/>
   <soapenv:Body>
      <v1:functionalAckRequest>
         <v1:messageContext>
         	  <v11:messageId>${=import static java.util.UUID.randomUUID; uuid = randomUUID() as String}</v11:messageId>
            <v11:timestamp>${=new java.text.SimpleDateFormat("yyyy-MM-dd'T'HH:mm:ss.SSS").format(new Date())}</v11:timestamp>
         </v1:messageContext>      
         <v1:legalContext>ServiceIntegrator</v1:legalContext>
         <v1:request>
           <fun:functionalAcknowledgement>
                <ack:acknowledgementInformation>
                    <dat:procedureID>4d455d8b-b543-453b-acf4-9c63280319aa</dat:procedureID>
                    <ack:acknowledgementDate>2015-04-21T11:55:11.637+01:00</ack:acknowledgementDate>
                    <ack:receiptDate>2015-04-21T15:55:11.637+01:00</ack:receiptDate>
                    <dat:origin>
                        <dat:origin>
                            <dat:partner>FPS Finance</dat:partner>
                            <dat:partnerCode codeType="KBO">0308357159</dat:partnerCode>
                        </dat:origin>
                    </dat:origin>
                    <ack:correlationID>4d455d8b-b543-453b-acf4-9c63280319aa</ack:correlationID>
                    <ack:messageReferenceNumber>ENOT4000000419570</ack:messageReferenceNumber>
                </ack:acknowledgementInformation>
            </fun:functionalAcknowledgement>
         </v1:request>
      </v1:functionalAckRequest>
   </soapenv:Body>
</soapenv:Envelope>]]></con:request><con:credentials><con:selectedAuthProfile>Basic</con:selectedAuthProfile><con:addedBasicAuthenticationTypes>Basic</con:addedBasicAuthenticationTypes><con:authType>Global HTTP Settings</con:authType></con:credentials><con:jmsConfig JMSDeliveryMode="PERSISTENT"/><con:jmsPropertyConfig/><con:wsaConfig mustUnderstand="NONE" version="200508" action="http://fidus.brussels/services/fourthwaydebtservice/functionalAck"/><con:wsrmConfig version="1.2"/></con:call><con:call id="ca4083f7-83d8-4762-9d1e-4f52666168ab" name="3 - Test - Worker1 - Request" outgoingWss="Outflow TEST" incomingWss="Inflow TEST"><con:settings><con:setting id="com.eviware.soapui.impl.wsdl.WsdlRequest@request-headers">&lt;xml-fragment/></con:setting></con:settings><con:encoding>UTF-8</con:encoding><con:endpoint>https://192.168.22.53:8443/services/FourthWayDebtService_v1.0</con:endpoint><con:request><![CDATA[<soapenv:Envelope xmlns:soapenv="http://schemas.xmlsoap.org/soap/envelope/" xmlns:v1="http://fidus.brussels/service/fourthwaydebtservice/messages/v1" xmlns:v11="http://fidus.brussels/type/common/messages/v1" xmlns:debt="http://be.belgium.fsb/fourthWayService/Debt" xmlns:fun="http://fsb.belgium.be/FourthWayServices/functionalack" xmlns:ack="http://fsb.belgium.be/FourthWayServices/acknowledgementinformation" xmlns:S="http://schemas.xmlsoap.org/soap/envelope/" xmlns:dat="http://fsb.belgium.be/FourthWayServices/common/datatypes">
   <soapenv:Header/>
   <soapenv:Body>
      <v1:functionalAckRequest>
         <v1:messageContext>
         	  <v11:messageId>${=import static java.util.UUID.randomUUID; uuid = randomUUID() as String}</v11:messageId>
            <v11:timestamp>${=new java.text.SimpleDateFormat("yyyy-MM-dd'T'HH:mm:ss.SSS").format(new Date())}</v11:timestamp>
         </v1:messageContext>      
         <v1:legalContext>ServiceIntegrator</v1:legalContext>
         <v1:request>
           <fun:functionalAcknowledgement>
                <ack:acknowledgementInformation>
                    <dat:procedureID>4d455d8b-b543-453b-acf4-9c63280319aa</dat:procedureID>
                    <ack:acknowledgementDate>2015-04-21T11:55:11.637+01:00</ack:acknowledgementDate>
                    <ack:receiptDate>2015-04-21T15:55:11.637+01:00</ack:receiptDate>
                    <dat:origin>
                        <dat:origin>
                            <dat:partner>FPS Finance</dat:partner>
                            <dat:partnerCode codeType="KBO">0308357159</dat:partnerCode>
                        </dat:origin>
                    </dat:origin>
                    <ack:correlationID>4d455d8b-b543-453b-acf4-9c63280319aa</ack:correlationID>
                    <ack:messageReferenceNumber>ENOT4000000419570</ack:messageReferenceNumber>
                </ack:acknowledgementInformation>
            </fun:functionalAcknowledgement>
         </v1:request>
      </v1:functionalAckRequest>
   </soapenv:Body>
</soapenv:Envelope>]]></con:request><con:credentials><con:selectedAuthProfile>Basic</con:selectedAuthProfile><con:addedBasicAuthenticationTypes>Basic</con:addedBasicAuthenticationTypes><con:authType>Global HTTP Settings</con:authType></con:credentials><con:jmsConfig JMSDeliveryMode="PERSISTENT"/><con:jmsPropertyConfig/><con:wsaConfig mustUnderstand="NONE" version="200508" action="http://fidus.brussels/services/fourthwaydebtservice/functionalAck"/><con:wsrmConfig version="1.2"/></con:call><con:call id="9cbdce64-65be-49d2-85fb-a099467ef6b1" name="3 - Test - Worker2 - Request" outgoingWss="Outflow TEST" incomingWss="Inflow TEST"><con:settings><con:setting id="com.eviware.soapui.impl.wsdl.WsdlRequest@request-headers">&lt;xml-fragment/></con:setting></con:settings><con:encoding>UTF-8</con:encoding><con:endpoint>https://192.168.22.54:8443/services/FourthWayDebtService_v1.0</con:endpoint><con:request><![CDATA[<soapenv:Envelope xmlns:soapenv="http://schemas.xmlsoap.org/soap/envelope/" xmlns:v1="http://fidus.brussels/service/fourthwaydebtservice/messages/v1" xmlns:v11="http://fidus.brussels/type/common/messages/v1" xmlns:debt="http://be.belgium.fsb/fourthWayService/Debt" xmlns:fun="http://fsb.belgium.be/FourthWayServices/functionalack" xmlns:ack="http://fsb.belgium.be/FourthWayServices/acknowledgementinformation" xmlns:S="http://schemas.xmlsoap.org/soap/envelope/" xmlns:dat="http://fsb.belgium.be/FourthWayServices/common/datatypes">
   <soapenv:Header/>
   <soapenv:Body>
      <v1:functionalAckRequest>
         <v1:messageContext>
         	  <v11:messageId>${=import static java.util.UUID.randomUUID; uuid = randomUUID() as String}</v11:messageId>
            <v11:timestamp>${=new java.text.SimpleDateFormat("yyyy-MM-dd'T'HH:mm:ss.SSS").format(new Date())}</v11:timestamp>
         </v1:messageContext>      
         <v1:legalContext>ServiceIntegrator</v1:legalContext>
         <v1:request>
           <fun:functionalAcknowledgement>
                <ack:acknowledgementInformation>
                    <dat:procedureID>4d455d8b-b543-453b-acf4-9c63280319aa</dat:procedureID>
                    <ack:acknowledgementDate>2015-04-21T11:55:11.637+01:00</ack:acknowledgementDate>
                    <ack:receiptDate>2015-04-21T15:55:11.637+01:00</ack:receiptDate>
                    <dat:origin>
                        <dat:origin>
                            <dat:partner>FPS Finance</dat:partner>
                            <dat:partnerCode codeType="KBO">0308357159</dat:partnerCode>
                        </dat:origin>
                    </dat:origin>
                    <ack:correlationID>4d455d8b-b543-453b-acf4-9c63280319aa</ack:correlationID>
                    <ack:messageReferenceNumber>ENOT4000000419570</ack:messageReferenceNumber>
                </ack:acknowledgementInformation>
            </fun:functionalAcknowledgement>
         </v1:request>
      </v1:functionalAckRequest>
   </soapenv:Body>
</soapenv:Envelope>]]></con:request><con:credentials><con:selectedAuthProfile>Basic</con:selectedAuthProfile><con:addedBasicAuthenticationTypes>Basic</con:addedBasicAuthenticationTypes><con:authType>Global HTTP Settings</con:authType></con:credentials><con:jmsConfig JMSDeliveryMode="PERSISTENT"/><con:jmsPropertyConfig/><con:wsaConfig mustUnderstand="NONE" version="200508" action="http://fidus.brussels/services/fourthwaydebtservice/functionalAck"/><con:wsrmConfig version="1.2"/></con:call></con:operation><con:operation id="d960256e-5790-4a9c-b83d-9ff7a95506be" isOneWay="false" action="http://fidus.brussels/services/fourthwaydebtservice/socialDebtNotification" name="socialDebtNotification_NOT_USED" bindingOperationName="socialDebtNotification" type="Request-Response" inputName="" receivesAttachments="false" sendsAttachments="false" anonymous="optional"><con:settings/><con:call id="9349dca8-2bb8-4aa3-a5f4-90bf1fc4707d" name="1 - Local - Request" outgoingWss="Outflow DEV" incomingWss="Inflow DEV"><con:settings><con:setting id="com.eviware.soapui.impl.wsdl.WsdlRequest@request-headers">&lt;xml-fragment/></con:setting></con:settings><con:encoding>UTF-8</con:encoding><con:endpoint>https://localhost:8243/services/FourthWayDebtService_v1.0</con:endpoint><con:request><![CDATA[<soapenv:Envelope xmlns:soapenv="http://schemas.xmlsoap.org/soap/envelope/" xmlns:v1="http://fidus.brussels/service/fourthwaydebtservice/messages/v1" xmlns:v11="http://fidus.brussels/type/common/messages/v1" xmlns:deb="http://fsb.belgium.be/FourthWayServices/debtnotification" xmlns:gen="http://fsb.belgium.be/FourthWayServices/generalcaseinformation" xmlns:dat="http://fsb.belgium.be/FourthWayServices/common/datatypes" xmlns:ins="http://fsb.belgium.be/FourthWayServices/institution" xmlns:add="http://fsb.belgium.be/FourthWayServices/common/addressinformation" xmlns:con="http://fsb.belgium.be/FourthWayServices/contact" xmlns:deb1="http://fsb.belgium.be/FourthWayServices/debtparty" xmlns:par="http://fsb.belgium.be/FourthWayServices/party" xmlns:debt="http://fsb.belgium.be/FourthWayServices/debt" xmlns:leg="http://fsb.belgium.be/FourthWayServices/legalbase" xmlns:tec="http://fsb.belgium.be/FourthWayServices/technical" xmlns:xd="http://www.w3.org/2000/09/xmldsig#">
   <soapenv:Header/>
   <soapenv:Body>
      <v1:socialDebtNotificationRequest>
         <v1:messageContext>
         	  <v11:messageId>${=import static java.util.UUID.randomUUID; uuid = randomUUID() as String}</v11:messageId>
            <v11:timestamp>${=new java.text.SimpleDateFormat("yyyy-MM-dd'T'HH:mm:ss.SSS").format(new Date())}</v11:timestamp>
         </v1:messageContext>
         <v1:legalContext>ServiceIntegrator</v1:legalContext>
         <v1:request>
            <deb:debtNotification Id="?">
               <gen:generalCaseInformation>
                  <gen:administrativeInformation>
                     <gen:language>?</gen:language>
                     <gen:caseNumber>?</gen:caseNumber>
                     <!--Optional:-->
                     <gen:referenceNumber>?</gen:referenceNumber>
                     <gen:transactionType>?</gen:transactionType>
                     <gen:procedureNumber>?</gen:procedureNumber>
                     <!--Optional:-->
                     <gen:replacedProcedureNumber>?</gen:replacedProcedureNumber>
                     <gen:requestDate>?</gen:requestDate>
                     <gen:origin>
                        <dat:origin>
                           <dat:partner>?</dat:partner>
                           <!--Optional:-->
                           <dat:description>?</dat:description>
                           <dat:partnerCode codeType="?">?</dat:partnerCode>
                        </dat:origin>
                        <dat:originChain/>
                     </gen:origin>
                     <gen:destinations>
                        <!--1 or more repetitions:-->
                        <dat:destination>
                           <dat:partner>?</dat:partner>
                           <!--Optional:-->
                           <dat:description>?</dat:description>
                           <dat:partnerCode codeType="?">?</dat:partnerCode>
                           <dat:destinationChain/>
                        </dat:destination>
                     </gen:destinations>
                     <gen:requestorInformation>
                        <ins:institution>
                           <ins:institutionType>?</ins:institutionType>
                           <ins:institutionName>?</ins:institutionName>
                           <!--1 or more repetitions:-->
                           <ins:institutionIdentificationNumber type="?">?</ins:institutionIdentificationNumber>
                           <!--Optional:-->
                           <add:address addressType="?">
                              <!--You have a CHOICE of the next 2 items at this level-->
                              <add:location>
                                 <add:country>
                                    <!--Optional:-->
                                    <add:countryDescription>?</add:countryDescription>
                                    <!--1 or more repetitions:-->
                                    <add:countryCode codeStandard="?">?</add:countryCode>
                                 </add:country>
                                 <!--Zero or more repetitions:-->
                                 <add:municipalityDescription language="?">?</add:municipalityDescription>
                                 <!--Optional:-->
                                 <add:municipalityCode>?</add:municipalityCode>
                                 <!--Optional:-->
                                 <add:postalCode>?</add:postalCode>
                                 <!--Optional:-->
                                 <add:additionalLocationInformation>
                                    <!--1 or more repetitions:-->
                                    <dat:extension>
                                       <dat:key>?</dat:key>
                                       <dat:value>?</dat:value>
                                    </dat:extension>
                                 </add:additionalLocationInformation>
                              </add:location>
                              <add:street>?</add:street>
                              <!--Optional:-->
                              <add:houseNumber>?</add:houseNumber>
                              <!--Optional:-->
                              <add:houseIndexNumber>?</add:houseIndexNumber>
                              <!--Optional:-->
                              <add:additionalAddressInformation>
                                 <!--1 or more repetitions:-->
                                 <dat:extension>
                                    <dat:key>?</dat:key>
                                    <dat:value>?</dat:value>
                                 </dat:extension>
                              </add:additionalAddressInformation>
                              <add:nonDefinedAddress>
                                 <!--1 or more repetitions:-->
                                 <dat:extension>
                                    <dat:key>?</dat:key>
                                    <dat:value>?</dat:value>
                                 </dat:extension>
                              </add:nonDefinedAddress>
                           </add:address>
                           <!--Optional:-->
                           <ins:district>?</ins:district>
                           <!--Optional:-->
                           <ins:contactInformation>
                              <!--Zero or more repetitions:-->
                              <con:phoneNumber type="?">?</con:phoneNumber>
                              <!--Zero or more repetitions:-->
                              <con:faxNumber type="?">?</con:faxNumber>
                              <!--Zero or more repetitions:-->
                              <con:emailAddress type="?">?</con:emailAddress>
                           </ins:contactInformation>
                        </ins:institution>
                        <gen:responsiblePerson>
                           <dat:name>
                              <!--Zero or more repetitions:-->
                              <dat:firstName>?</dat:firstName>
                              <!--1 or more repetitions:-->
                              <dat:lastName>?</dat:lastName>
                              <!--Optional:-->
                              <dat:usedFirstName>?</dat:usedFirstName>
                           </dat:name>
                           <!--Optional:-->
                           <con:function>?</con:function>
                           <con:contactInformation>
                              <!--Zero or more repetitions:-->
                              <con:phoneNumber type="?">?</con:phoneNumber>
                              <!--Zero or more repetitions:-->
                              <con:faxNumber type="?">?</con:faxNumber>
                              <!--Zero or more repetitions:-->
                              <con:emailAddress type="?">?</con:emailAddress>
                           </con:contactInformation>
                           <!--Optional:-->
                           <con:identificationNumber>?</con:identificationNumber>
                        </gen:responsiblePerson>
                        <!--Optional:-->
                        <gen:contactPerson>
                           <dat:name>
                              <!--Zero or more repetitions:-->
                              <dat:firstName>?</dat:firstName>
                              <!--1 or more repetitions:-->
                              <dat:lastName>?</dat:lastName>
                              <!--Optional:-->
                              <dat:usedFirstName>?</dat:usedFirstName>
                           </dat:name>
                           <!--Optional:-->
                           <con:function>?</con:function>
                           <con:contactInformation>
                              <!--Zero or more repetitions:-->
                              <con:phoneNumber type="?">?</con:phoneNumber>
                              <!--Zero or more repetitions:-->
                              <con:faxNumber type="?">?</con:faxNumber>
                              <!--Zero or more repetitions:-->
                              <con:emailAddress type="?">?</con:emailAddress>
                           </con:contactInformation>
                           <!--Optional:-->
                           <con:identificationNumber>?</con:identificationNumber>
                        </gen:contactPerson>
                        <!--Optional:-->
                        <gen:generalInformation>?</gen:generalInformation>
                     </gen:requestorInformation>
                  </gen:administrativeInformation>
               </gen:generalCaseInformation>
               <deb1:debtParty>
                  <par:party partyID="?">
                     <!--Optional:-->
                     <par:residentialParty>?</par:residentialParty>
                     <par:partyInformation/>
                  </par:party>
                  <!--1 or more repetitions:-->
                  <debt:debt debtID="?">
                     <debt:debtInformation/>
                  </debt:debt>
                  <deb1:totalDebtAmount>?</deb1:totalDebtAmount>
               </deb1:debtParty>
               <leg:legalBase>
                  <!--Optional:-->
                  <leg:legalSource>?</leg:legalSource>
                  <!--Optional:-->
                  <leg:legalBaseIdentifier>?</leg:legalBaseIdentifier>
                  <!--Zero or more repetitions:-->
                  <leg:legalBaseText language="?">?</leg:legalBaseText>
               </leg:legalBase>
               <tec:technical>
                  <xd:Signature Id="?">
                     <xd:SignedInfo Id="?">
                        <xd:CanonicalizationMethod Algorithm="?">
                           e
                           <!--You may enter ANY elements at this point-->
                           gero
                        </xd:CanonicalizationMethod>
                        <xd:SignatureMethod Algorithm="?">
                           cum
                           <!--Optional:-->
                           <xd:HMACOutputLength>?</xd:HMACOutputLength>
                           sonoras
                           <!--You may enter ANY elements at this point-->
                           aeoliam
                        </xd:SignatureMethod>
                        <!--1 or more repetitions:-->
                        <xd:Reference Id="?" URI="?" Type="?">
                           <!--Optional:-->
                           <xd:Transforms>
                              <!--1 or more repetitions:-->
                              <xd:Transform Algorithm="?">
                                 quae
                                 <!--You have a CHOICE of the next 2 items at this level-->
                                 <!--You may enter ANY elements at this point-->
                                 <xd:XPath>?</xd:XPath>
                                 ventos
                              </xd:Transform>
                           </xd:Transforms>
                           <xd:DigestMethod Algorithm="?">
                              verrantque
                              <!--You may enter ANY elements at this point-->
                              temperat
                           </xd:DigestMethod>
                           <xd:DigestValue>cid:814079235930</xd:DigestValue>
                        </xd:Reference>
                     </xd:SignedInfo>
                     <xd:SignatureValue Id="?">cid:559498466284</xd:SignatureValue>
                     <!--Optional:-->
                     <xd:KeyInfo Id="?">
                        per
                        <!--You have a CHOICE of the next 8 items at this level-->
                        <xd:KeyName>?</xd:KeyName>
                        <xd:KeyValue>
                           turbine
                           <!--You have a CHOICE of the next 3 items at this level-->
                           <xd:DSAKeyValue>
                              <xd:P>cid:349815609443</xd:P>
                              <xd:Q>cid:1020103981532</xd:Q>
                              <!--Optional:-->
                              <xd:G>cid:562909909160</xd:G>
                              <xd:Y>cid:417051005101</xd:Y>
                              <!--Optional:-->
                              <xd:J>cid:1196796589426</xd:J>
                              <xd:Seed>cid:1425953757160</xd:Seed>
                              <xd:PgenCounter>cid:238339899347</xd:PgenCounter>
                           </xd:DSAKeyValue>
                           <xd:RSAKeyValue>
                              <xd:Modulus>cid:650444390458</xd:Modulus>
                              <xd:Exponent>cid:75000787531</xd:Exponent>
                           </xd:RSAKeyValue>
                           <!--You may enter ANY elements at this point-->
                           circum
                        </xd:KeyValue>
                        <xd:RetrievalMethod URI="?" Type="?">
                           <!--Optional:-->
                           <xd:Transforms>
                              <!--1 or more repetitions:-->
                              <xd:Transform Algorithm="?">
                                 regemque
                                 <!--You have a CHOICE of the next 2 items at this level-->
                                 <!--You may enter ANY elements at this point-->
                                 <xd:XPath>?</xd:XPath>
                                 nimborum
                              </xd:Transform>
                           </xd:Transforms>
                        </xd:RetrievalMethod>
                        <xd:X509Data>
                           <!--You have a CHOICE of the next 6 items at this level-->
                           <xd:X509IssuerSerial>
                              <xd:X509IssuerName>?</xd:X509IssuerName>
                              <xd:X509SerialNumber>?</xd:X509SerialNumber>
                           </xd:X509IssuerSerial>
                           <xd:X509SKI>cid:1046323147892</xd:X509SKI>
                           <xd:X509SubjectName>?</xd:X509SubjectName>
                           <xd:X509Certificate>cid:1053489820760</xd:X509Certificate>
                           <xd:X509CRL>cid:357260933042</xd:X509CRL>
                           <!--You may enter ANY elements at this point-->
                        </xd:X509Data>
                        <xd:PGPData>
                           <!--You have a CHOICE of the next 2 items at this level-->
                           <xd:PGPKeyID>cid:979459094715</xd:PGPKeyID>
                           <!--Optional:-->
                           <xd:PGPKeyPacket>cid:1152458312864</xd:PGPKeyPacket>
                           <!--You may enter ANY elements at this point-->
                           <xd:PGPKeyPacket>cid:1080412911676</xd:PGPKeyPacket>
                           <!--You may enter ANY elements at this point-->
                        </xd:PGPData>
                        <xd:SPKIData>
                           <xd:SPKISexp>cid:601397555784</xd:SPKISexp>
                           <!--You may enter ANY elements at this point-->
                        </xd:SPKIData>
                        <xd:MgmtData>?</xd:MgmtData>
                        <!--You may enter ANY elements at this point-->
                        fremunt
                     </xd:KeyInfo>
                     <!--Zero or more repetitions:-->
                     <xd:Object Id="?" MimeType="?" Encoding="?">
                        foedere
                        <!--You may enter ANY elements at this point-->
                        ferant
                     </xd:Object>
                  </xd:Signature>
               </tec:technical>
            </deb:debtNotification>
         </v1:request>
      </v1:socialDebtNotificationRequest>
   </soapenv:Body>
</soapenv:Envelope>]]></con:request><con:credentials><con:selectedAuthProfile>Basic</con:selectedAuthProfile><con:addedBasicAuthenticationTypes>Basic</con:addedBasicAuthenticationTypes><con:authType>Global HTTP Settings</con:authType></con:credentials><con:jmsConfig JMSDeliveryMode="PERSISTENT"/><con:jmsPropertyConfig/><con:wsaConfig mustUnderstand="NONE" version="200508" action="http://fidus.brussels/services/fourthwaydebtservice/socialDebtNotification"/><con:wsrmConfig version="1.2"/></con:call></con:operation></con:interface><con:testSuite id="ffdb75a1-7fc6-4440-b97f-fb106d6ffd87" name="DEV"><con:settings/><con:runType>SEQUENTIAL</con:runType><con:testCase id="d6883990-be00-4829-81d1-5ce7620c9a6b" failOnError="true" failTestCaseOnErrors="true" keepSession="false" maxResults="0" name="businessError" searchProperties="true"><con:settings/><con:testStep type="request" id="a7e5c143-add3-45d4-861f-d16549579393" name="testcase2 - Dev - Request"><con:settings/><con:config xsi:type="con:RequestStep" xmlns:xsi="http://www.w3.org/2001/XMLSchema-instance"><con:interface>FourthWayDebtServiceHTTPBinding</con:interface><con:operation>businessError</con:operation><con:request name="testcase2 - Dev - Request" id="1163a053-93f4-4e68-9061-1b3e93cc12bb" outgoingWss="Outflow DEV"><con:settings/><con:encoding>UTF-8</con:encoding><con:endpoint>https://192.168.36.61:8243/services/FourthWayDebtService_v1.0</con:endpoint><con:request><![CDATA[<soapenv:Envelope xmlns:soapenv="http://schemas.xmlsoap.org/soap/envelope/" xmlns:v1="http://fidus.brussels/service/fourthwaydebtservice/messages/v1" xmlns:v11="http://fidus.brussels/type/common/messages/v1" xmlns:bus="http://fsb.belgium.be/FourthWayServices/businesserror" xmlns:err="http://fsb.belgium.be/FourthWayServices/error" xmlns:dat="http://fsb.belgium.be/FourthWayServices/common/datatypes">
   <soapenv:Header/>
   <soapenv:Body>
      <v1:businessErrorRequest>
         <v1:messageContext>
     	  <v11:messageId>${=import static java.util.UUID.randomUUID; uuid = randomUUID() as String}</v11:messageId>
            <v11:timestamp>${=new java.text.SimpleDateFormat("yyyy-MM-dd'T'HH:mm:ss.SSS").format(new Date())}</v11:timestamp>
         </v1:messageContext>
         <v1:legalContext>ServiceIntegrator</v1:legalContext>
         <v1:request>
   		<bus:businessError>
            <err:error>
               <err:code>VAL0005</err:code>
               <err:description>A validation error</err:description>
            </err:error>
            <bus:messageIdentification>
               <dat:origin>
                  <dat:origin>
                     <dat:partner>FRNB-TESTER</dat:partner>
                     <dat:partnerCode codeType="KBO">0409357321</dat:partnerCode>
                  </dat:origin>
               </dat:origin>
            </bus:messageIdentification>
         </bus:businessError>
         </v1:request>
      </v1:businessErrorRequest>
   </soapenv:Body>
</soapenv:Envelope>]]></con:request><con:assertion type="SOAP Fault Assertion" id="844b1b3b-81d7-4742-9862-717b53a8389d" name="Not SOAP Fault"/><con:assertion type="SOAP Response" id="74bdb909-54d4-4bad-8230-de19194b7db1" name="SOAP Response"/><con:assertion type="Schema Compliance" id="313f3090-0006-40df-b3e8-d35797ff3bf0" name="Schema Compliance"><con:configuration/></con:assertion><con:wsaConfig action="http://fidus.brussels/services/fourthwaydebtservice/businessError"/></con:request></con:config></con:testStep><con:properties/></con:testCase><con:testCase id="f054dbe5-35bb-4691-bfc4-4d1511d02eea" failOnError="true" failTestCaseOnErrors="true" keepSession="false" maxResults="0" name="fiscalDebtNotification" searchProperties="true"><con:settings/><con:testStep type="request" id="092e6f62-50be-42d9-b5bf-2eeb42f1735e" name="testcase2 - Dev - Request"><con:settings/><con:config xsi:type="con:RequestStep" xmlns:xsi="http://www.w3.org/2001/XMLSchema-instance"><con:interface>FourthWayDebtServiceHTTPBinding</con:interface><con:operation>fiscalDebtNotification</con:operation><con:request name="testcase2 - Dev - Request" id="943e9194-64d0-4013-bc16-5706b2e099fe" outgoingWss="Outflow DEV"><con:settings/><con:encoding>UTF-8</con:encoding><con:endpoint>https://192.168.36.61:8243/services/FourthWayDebtService_v1.0</con:endpoint><con:request><![CDATA[<soapenv:Envelope xmlns:soapenv="http://schemas.xmlsoap.org/soap/envelope/" xmlns:v1="http://fidus.brussels/service/fourthwaydebtservice/messages/v1" xmlns:v11="http://fidus.brussels/type/common/messages/v1" xmlns:deb="http://fsb.belgium.be/FourthWayServices/debtnotification" xmlns:gen="http://fsb.belgium.be/FourthWayServices/generalcaseinformation" xmlns:dat="http://fsb.belgium.be/FourthWayServices/common/datatypes" xmlns:ins="http://fsb.belgium.be/FourthWayServices/institution" xmlns:add="http://fsb.belgium.be/FourthWayServices/common/addressinformation" xmlns:con="http://fsb.belgium.be/FourthWayServices/contact" xmlns:deb1="http://fsb.belgium.be/FourthWayServices/debtparty" xmlns:par="http://fsb.belgium.be/FourthWayServices/party" xmlns:debt="http://fsb.belgium.be/FourthWayServices/debt" xmlns:leg="http://fsb.belgium.be/FourthWayServices/legalbase" xmlns:tec="http://fsb.belgium.be/FourthWayServices/technical" xmlns:xd="http://www.w3.org/2000/09/xmldsig#">
   <soapenv:Header/>
   <soapenv:Body>
      <v1:fiscalDebtNotificationRequest>
         <v1:messageContext>
         	  <v11:messageId>${=import static java.util.UUID.randomUUID; uuid = randomUUID() as String}</v11:messageId>
            <v11:timestamp>${=new java.text.SimpleDateFormat("yyyy-MM-dd'T'HH:mm:ss.SSS").format(new Date())}</v11:timestamp>
         </v1:messageContext>
         <v1:legalContext>ServiceIntegrator</v1:legalContext>      
         <v1:request>
 		<ns46:debtNotification Id="SignMe" xmlns:ns50="http://be.belgium.fsb/fourthWayService/Debt" xmlns="http://fsb.belgium.be/FourthWayServices/common/addressinformation" xmlns:ns10="http://fsb.belgium.be/FourthWayServices/shipinformation" xmlns:ns11="http://fsb.belgium.be/FourthWayServices/selfemployed" xmlns:ns12="http://fsb.belgium.be/FourthWayServices/institution" xmlns:ns13="http://fsb.belgium.be/FourthWayServices/enterprise" xmlns:ns14="http://fsb.belgium.be/FourthWayServices/honorbaseddeclarations" xmlns:ns15="http://fsb.belgium.be/FourthWayServices/unregisteredparty" xmlns:ns16="http://fsb.belgium.be/FourthWayServices/partnerdescription" xmlns:ns17="http://fsb.belgium.be/FourthWayServices/mortgagegoods" xmlns:ns18="http://fsb.belgium.be/FourthWayServices/deficitcaseinformation" xmlns:ns19="http://fsb.belgium.be/FourthWayServices/debtinquiry" xmlns:ns2="http://fsb.belgium.be/FourthWayServices/common/datatypes" xmlns:ns20="http://fsb.belgium.be/FourthWayServices/immovablegoodtransaction" xmlns:ns21="http://fsb.belgium.be/FourthWayServices/movablegoodtransaction" xmlns:ns22="http://fsb.belgium.be/FourthWayServices/inheritanceinformation" xmlns:ns23="http://fsb.belgium.be/FourthWayServices/successiontransaction" xmlns:ns24="http://fsb.belgium.be/FourthWayServices/fourthwaymessage" xmlns:ns25="http://fsb.belgium.be/FourthWayServices/generalcaseinformation" xmlns:ns26="http://www.w3.org/2000/09/xmldsig#" xmlns:ns27="http://fsb.belgium.be/FourthWayServices/technical" xmlns:ns28="http://fsb.belgium.be/FourthWayServices/acknowledgementinformation" xmlns:ns29="http://fsb.belgium.be/FourthWayServices/error" xmlns:ns3="http://fsb.belgium.be/FourthWayServices/salesinformation" xmlns:ns30="http://fsb.belgium.be/FourthWayServices/businesserror" xmlns:ns31="http://fsb.belgium.be/FourthWayServices/fiscaldebtdetails" xmlns:ns32="http://fsb.belgium.be/FourthWayServices/officialproclamation" xmlns:ns33="http://fsb.belgium.be/FourthWayServices/beneficiary" xmlns:ns34="http://fsb.belgium.be/FourthWayServices/common/bankaccount" xmlns:ns35="http://fsb.belgium.be/FourthWayServices/debtdetailedinformation" xmlns:ns36="http://fsb.belgium.be/FourthWayServices/debtsolidarity" xmlns:ns37="http://fsb.belgium.be/FourthWayServices/fiscaldebt" xmlns:ns38="http://fsb.belgium.be/FourthWayServices/socialdebtdetails" xmlns:ns39="http://fsb.belgium.be/FourthWayServices/debtinformation" xmlns:ns4="http://fsb.belgium.be/FourthWayServices/gooddescription" xmlns:ns40="http://fsb.belgium.be/FourthWayServices/socialdebt" xmlns:ns41="http://fsb.belgium.be/FourthWayServices/fiscalregionflandersdebtdetails" xmlns:ns42="http://fsb.belgium.be/FourthWayServices/fiscalregionflandersdebt" xmlns:ns43="http://fsb.belgium.be/FourthWayServices/debt" xmlns:ns44="http://fsb.belgium.be/FourthWayServices/debtparty" xmlns:ns45="http://fsb.belgium.be/FourthWayServices/legalbase" xmlns:ns46="http://fsb.belgium.be/FourthWayServices/debtnotification" xmlns:ns47="http://fsb.belgium.be/FourthWayServices/debtdeficitnotification" xmlns:ns48="http://fsb.belgium.be/FourthWayServices/header" xmlns:ns49="http://fsb.belgium.be/header" xmlns:ns5="http://fsb.belgium.be/FourthWayServices/party" xmlns:ns51="http://fsb.belgium.be/FourthWayServices/technicalack" xmlns:ns52="http://fsb.belgium.be/FourthWayServices/functionalack" xmlns:ns6="http://fsb.belgium.be/FourthWayServices/naturalperson" xmlns:ns7="http://fsb.belgium.be/FourthWayServices/nonresident" xmlns:ns8="http://fsb.belgium.be/FourthWayServices/contact" xmlns:ns9="http://fsb.belgium.be/FourthWayServices/propertyinformation">
            <ns25:generalCaseInformation>
               <ns25:administrativeInformation>
                  <ns25:language>FR</ns25:language>
                  <ns25:caseNumber>2444080.210115.0167</ns25:caseNumber>
                  <ns25:transactionType>3</ns25:transactionType>
                  <ns25:procedureNumber>ENOT4000000419570</ns25:procedureNumber>
                  <ns25:replacedProcedureNumber xsi:nil="true" xmlns:xsi="http://www.w3.org/2001/XMLSchema-instance"/>
                  <ns25:requestDate>2015-01-21T14:50:02.446+01:00</ns25:requestDate>
                  <ns25:origin>
                     <ns2:origin>
                        <ns2:partner>FPS Finance</ns2:partner>
                        <ns2:partnerCode codeType="KBO">0308357159</ns2:partnerCode>
                     </ns2:origin>
                  </ns25:origin>
                  <ns25:destinations>
                     <ns2:destination>
                        <ns2:partner>FRNB</ns2:partner>
                        <ns2:partnerCode codeType="KBO">0409357321</ns2:partnerCode>
                     </ns2:destination>
                  </ns25:destinations>
                  <ns25:requestorInformation>
                     <ns12:institution>
                        <ns12:institutionType>Federal</ns12:institutionType>
                        <ns12:institutionName>Huy</ns12:institutionName>
                        <ns12:institutionIdentificationNumber type="CDDB">600904</ns12:institutionIdentificationNumber>
                        <address>
                           <location>
                              <country>
                                 <countryCode codeStandard="ISO">BE</countryCode>
                              </country>
                              <postalCode>4500</postalCode>
                           </location>
                           <street>Avenue Albert 1er</street>
                           <houseNumber>8/10</houseNumber>
                        </address>
                        <ns12:contactInformation>
                           <ns8:phoneNumber type="phone">025783660</ns8:phoneNumber>
                           <ns8:emailAddress type="email">rec.cd.huy@minfin.fed.be</ns8:emailAddress>
                        </ns12:contactInformation>
                     </ns12:institution>
                     <ns25:responsiblePerson>
                        <ns2:name>
                           <ns2:firstName>Testuser</ns2:firstName>
                           <ns2:lastName>testuser.enotrec01</ns2:lastName>
                        </ns2:name>
                        <ns8:contactInformation/>
                     </ns25:responsiblePerson>
                     <ns25:contactPerson>
                        <ns2:name>
                           <ns2:firstName>Testuser</ns2:firstName>
                           <ns2:lastName>EnotRec01</ns2:lastName>
                        </ns2:name>
                        <ns8:contactInformation>
                           <ns8:emailAddress type="email">testuser.enotrec01@guest.minfin.fed.be</ns8:emailAddress>
                        </ns8:contactInformation>
                     </ns25:contactPerson>
                  </ns25:requestorInformation>
               </ns25:administrativeInformation>
            </ns25:generalCaseInformation>
            <ns44:debtParty>
               <ns5:party partyID="005">
                  <ns5:residentialParty>false</ns5:residentialParty>
                  <ns6:naturalPerson>
                     <ns2:entityReference>
                        <ns2:source>notice1</ns2:source>
                        <ns2:entityID type="nationalNumber">68082123438</ns2:entityID>
                     </ns2:entityReference>
                     <ns6:personInformation>
                        <ns2:name>
                           <ns2:firstName>Yolande Adrienne</ns2:firstName>
                           <ns2:lastName>BUITER</ns2:lastName>
                        </ns2:name>
                        <address>
                           <location>
                              <country>
                                 <countryDescription>Belgium</countryDescription>
                                 <countryCode codeStandard="ISO">BE</countryCode>
                              </country>
                              <municipalityDescription>Verlaine</municipalityDescription>
                              <postalCode>4537</postalCode>
                           </location>
                           <street>Rue aux Raines</street>
                           <houseNumber>53</houseNumber>
                        </address>
                     </ns6:personInformation>
                  </ns6:naturalPerson>
               </ns5:party>
               <ns43:debt debtID="1">
                  <ns37:fiscaldebt>
                     <ns31:fiscalDebtDetails>
                        <ns31:debtType>VAT</ns31:debtType>
                        <ns31:declarations>
                           <ns31:negligenceClause>
                              <ns31:additionalIntrest>0</ns31:additionalIntrest>
                              <ns31:additionalIntrestFromDate>2015-01-21+01:00</ns31:additionalIntrestFromDate>
                           </ns31:negligenceClause>
                        </ns31:declarations>
                        <ns2:referencePeriod>
                           <ns2:startDate>2015-01-06+01:00</ns2:startDate>
                           <ns2:endDate>2015-01-13+01:00</ns2:endDate>
                        </ns2:referencePeriod>
                        <ns31:totalDebt>45</ns31:totalDebt>
                        <ns31:debtBreakdown>
                           <ns31:debtSubType>VAT</ns31:debtSubType>
                           <ns31:debtSubAmount>45</ns31:debtSubAmount>
                        </ns31:debtBreakdown>
                        <ns31:debtBreakdown>
                           <ns31:debtSubType>IM</ns31:debtSubType>
                           <ns31:debtSubAmount>0</ns31:debtSubAmount>
                        </ns31:debtBreakdown>
                        <ns31:debtBreakdown>
                           <ns31:debtSubType>INTEREST</ns31:debtSubType>
                           <ns31:debtSubAmount>0</ns31:debtSubAmount>
                        </ns31:debtBreakdown>
                        <ns31:debtBreakdown>
                           <ns31:debtSubType>FINES</ns31:debtSubType>
                           <ns31:debtSubAmount>0</ns31:debtSubAmount>
                        </ns31:debtBreakdown>
                        <ns31:debtBreakdown>
                           <ns31:debtSubType>COST</ns31:debtSubType>
                           <ns31:debtSubAmount>0</ns31:debtSubAmount>
                        </ns31:debtBreakdown>
                     </ns31:fiscalDebtDetails>
                     <ns32:officialProclamation/>
                     <ns33:beneficiary>
                        <ns33:beneficiaryName>CTRI Namur</ns33:beneficiaryName>
                        <ns33:structuredMessage>N99998745412NOT/</ns33:structuredMessage>
                        <ns33:amount>45</ns33:amount>
                        <ns34:bankAccount>
                           <ns34:ibanNumber>BE42 6792 0034 9254</ns34:ibanNumber>
                           <ns34:bicCode>PCHQBEBB</ns34:bicCode>
                           <ns34:accountName>CTRI Namur</ns34:accountName>
                           <address>
                              <location>
                                 <country>
                                    <countryCode codeStandard="ISO">BE</countryCode>
                                 </country>
                                 <municipalityDescription language="fr">Namur</municipalityDescription>
                                 <postalCode>5000</postalCode>
                              </location>
                              <street>Rue des Bourgeois</street>
                              <houseNumber>7/Bloc B</houseNumber>
                           </address>
                        </ns34:bankAccount>
                     </ns33:beneficiary>
                     <ns35:debtDetailedInformation>
                        <ns35:calculationDate>2015-01-21+01:00</ns35:calculationDate>
                        <ns35:referentialNumber>999998745412</ns35:referentialNumber>
                     </ns35:debtDetailedInformation>
                  </ns37:fiscaldebt>
               </ns43:debt>
               <ns44:totalDebtAmount>45</ns44:totalDebtAmount>
            </ns44:debtParty>
            <ns45:legalBase>
               <ns45:legalSource>Code de la taxe sur la valeur ajout��e</ns45:legalSource>
               <ns45:legalBaseIdentifier>Article 93quater</ns45:legalBaseIdentifier>
            </ns45:legalBase>
            <ns27:technical>
               <ns26:Signature>
                  <ns26:SignedInfo>
                     <ns26:CanonicalizationMethod Algorithm="http://www.w3.org/TR/2001/REC-xml-c14n-20010315"/>
                     <ns26:SignatureMethod Algorithm="http://www.w3.org/2000/09/xmldsig#rsa-sha1"/>
                     <ns26:Reference URI="#signMe">
                        <ns26:DigestMethod Algorithm="http://www.w3.org/2000/09/xmldsig#sha1"/>
                        <ns26:DigestValue>CbUOX9jTy0uYSCKDVQl6peUatJ8=</ns26:DigestValue>
                     </ns26:Reference>
                  </ns26:SignedInfo>
                  <ns26:SignatureValue>WBXEECQtMTWGGq5EGO+5kyVw1kJefLsfHVA/5eYB6pZ3GOZ7LOLc/jAhKbqxeV3qdWiMGx3VzgvdF4ZaMB2HS1fLmnOmNDXHhrrqYQJ51LGDvex39k7/xAJAmuub7MDtfAu08WBTVpmQ5khGL9ZrYOXr5RoG70BrlWNr+37FekM=</ns26:SignatureValue>
                  <ns26:KeyInfo>
                     <ns26:X509Data>
                        <ns26:X509SubjectName>ST=Brussels,L=Brussels,OU=Belgian Federal Government,O=Federal Public Service Finances,CN=Test SPF Finances - FOD Financien,C=BE</ns26:X509SubjectName>
                        <ns26:X509Certificate>MIIDKzCCApSgAwIBAgIJAIkxAL2MG081MA0GCSqGSIb3DQEBBQUAMIGuMQswCQYDVQQGEwJCRTEqMCgGA1UEAxMhVGVzdCBTUEYgRmluYW5jZXMgLSBGT0QgRmluYW5jaWVuMSgwJgYDVQQKEx9GZWRlcmFsIFB1YmxpYyBTZXJ2aWNlIEZpbmFuY2VzMSMwIQYDVQQLExpCZWxnaWFuIEZlZGVyYWwgR292ZXJubWVudDERMA8GA1UEBxMIQnJ1c3NlbHMxETAPBgNVBAgTCEJydXNzZWxzMB4XDTA4MDUwNjA4MDcyMFoXDTE4MDUwNzA4MDcyMFowga4xCzAJBgNVBAYTAkJFMSowKAYDVQQDEyFUZXN0IFNQRiBGaW5hbmNlcyAtIEZPRCBGaW5hbmNpZW4xKDAmBgNVBAoTH0ZlZGVyYWwgUHVibGljIFNlcnZpY2UgRmluYW5jZXMxIzAhBgNVBAsTGkJlbGdpYW4gRmVkZXJhbCBHb3Zlcm5tZW50MREwDwYDVQQHEwhCcnVzc2VsczERMA8GA1UECBMIQnJ1c3NlbHMwgZ8wDQYJKoZIhvcNAQEBBQADgY0AMIGJAoGBAJ8T/80iF50FvothkWOZDsZUPKM52fxhNdKMT+E/lODqejyJ2iQkjEuW5yJKo0lXNj+Gxwfl99bD16IJMagbrxBnJPwR7SeS3JQ0IaLkOorOoeZkZLFoFMSfZWT9uCf6Qf/uNMQtRnX2351P1OF3cld68uFGUNS8U93OqxS9R/ZvAgMBAAGjTzBNMAwGA1UdEwQFMAMBAf8wCwYDVR0PBAQDAgTwMB0GA1UdJQQWMBQGCCsGAQUFBwMCBggrBgEFBQcDBDARBglghkgBhvhCAQEEBAMCBLAwDQYJKoZIhvcNAQEFBQADgYEATnEO8juTdcZtwzvl5EHnZ9+6cEM9rsWuQtq43UXw4RqveHWUE+Cn2ElMPiyuxLLzkzQTbcDYxI9FgVAXFEmqPf7Jii2PpHIlo8yHWCWMuPP0OykMF6YuCtyutKJBbGuTT36gNVAUEPeD34fzB5pgy2aG5wQTQctRdDz07CVM3cI=</ns26:X509Certificate>
                     </ns26:X509Data>
                  </ns26:KeyInfo>
               </ns26:Signature>
            </ns27:technical>
         </ns46:debtNotification>
         </v1:request>
      </v1:fiscalDebtNotificationRequest>
   </soapenv:Body>
</soapenv:Envelope>]]></con:request><con:assertion type="SOAP Fault Assertion" id="2c6cca44-8463-4932-8f04-9c7b5b6d3d13" name="Not SOAP Fault"/><con:assertion type="SOAP Response" id="3f1ef3f7-f3d4-47e7-96a4-f575a14ca991" name="SOAP Response"/><con:assertion type="Schema Compliance" id="6e2dbf05-038c-4cce-936b-69f423c5d712" name="Schema Compliance"><con:configuration/></con:assertion><con:wsaConfig action="http://fidus.brussels/services/fourthwaydebtservice/fiscalDebtNotification"/></con:request></con:config></con:testStep><con:properties/></con:testCase><con:testCase id="9392ceed-d1ea-49d1-98ff-e88a243b6755" failOnError="true" failTestCaseOnErrors="true" keepSession="false" maxResults="0" name="functionalAck" searchProperties="true"><con:settings/><con:testStep type="request" id="e76a19f9-3636-4f80-9bde-69b68d321c00" name="testcase2 - Dev - Request"><con:settings/><con:config xsi:type="con:RequestStep" xmlns:xsi="http://www.w3.org/2001/XMLSchema-instance"><con:interface>FourthWayDebtServiceHTTPBinding</con:interface><con:operation>functionalAck</con:operation><con:request name="testcase2 - Dev - Request" id="cc66a97f-4035-4efa-95e1-a9ea333a0aac" outgoingWss="Outflow DEV"><con:settings/><con:encoding>UTF-8</con:encoding><con:endpoint>https://192.168.36.61:8243/services/FourthWayDebtService_v1.0</con:endpoint><con:request><![CDATA[<soapenv:Envelope xmlns:soapenv="http://schemas.xmlsoap.org/soap/envelope/" xmlns:v1="http://fidus.brussels/service/fourthwaydebtservice/messages/v1" xmlns:v11="http://fidus.brussels/type/common/messages/v1" xmlns:debt="http://be.belgium.fsb/fourthWayService/Debt" xmlns:fun="http://fsb.belgium.be/FourthWayServices/functionalack" xmlns:ack="http://fsb.belgium.be/FourthWayServices/acknowledgementinformation" xmlns:S="http://schemas.xmlsoap.org/soap/envelope/" xmlns:dat="http://fsb.belgium.be/FourthWayServices/common/datatypes">
   <soapenv:Header/>
   <soapenv:Body>
      <v1:functionalAckRequest>
         <v1:messageContext>
         	  <v11:messageId>${=import static java.util.UUID.randomUUID; uuid = randomUUID() as String}</v11:messageId>
            <v11:timestamp>${=new java.text.SimpleDateFormat("yyyy-MM-dd'T'HH:mm:ss.SSS").format(new Date())}</v11:timestamp>
         </v1:messageContext>      
         <v1:legalContext>ServiceIntegrator</v1:legalContext>
         <v1:request>
           <fun:functionalAcknowledgement>
                <ack:acknowledgementInformation>
                    <dat:procedureID>4d455d8b-b543-453b-acf4-9c63280319aa</dat:procedureID>
                    <ack:acknowledgementDate>2015-04-21T11:55:11.637+01:00</ack:acknowledgementDate>
                    <ack:receiptDate>2015-04-21T15:55:11.637+01:00</ack:receiptDate>
                    <dat:origin>
                        <dat:origin>
                            <dat:partner>FPS Finance</dat:partner>
                            <dat:partnerCode codeType="KBO">0308357159</dat:partnerCode>
                        </dat:origin>
                    </dat:origin>
                    <ack:correlationID>4d455d8b-b543-453b-acf4-9c63280319aa</ack:correlationID>
                    <ack:messageReferenceNumber>ENOT4000000419570</ack:messageReferenceNumber>
                </ack:acknowledgementInformation>
            </fun:functionalAcknowledgement>
         </v1:request>
      </v1:functionalAckRequest>
   </soapenv:Body>
</soapenv:Envelope>]]></con:request><con:assertion type="SOAP Fault Assertion" id="ad4877f7-9d93-4780-8027-b2a5e962ea86" name="Not SOAP Fault"/><con:assertion type="SOAP Response" id="c28380f5-75fc-4ed9-a0d1-6119c4d22437" name="SOAP Response"/><con:assertion type="Schema Compliance" id="b76ccc49-88ac-4a6c-bb31-5eb605d0299a" name="Schema Compliance"><con:configuration/></con:assertion><con:wsaConfig action="http://fidus.brussels/services/fourthwaydebtservice/functionalAck"/></con:request></con:config></con:testStep><con:properties/></con:testCase><con:properties/></con:testSuite><con:testSuite id="2ad9b5d2-7ea5-4486-ace6-35d41ecac55d" name="TEST"><con:settings/><con:runType>SEQUENTIAL</con:runType><con:testCase id="6b00865e-be96-43ae-b70e-8906471c984d" failOnError="true" failTestCaseOnErrors="true" keepSession="false" maxResults="0" name="businessError" searchProperties="true"><con:settings/><con:testStep type="request" id="6a1c0246-d5b9-41ff-aa26-8c015d253d70" name="testcase3 - Test - External - Request"><con:settings/><con:config xsi:type="con:RequestStep" xmlns:xsi="http://www.w3.org/2001/XMLSchema-instance"><con:interface>FourthWayDebtServiceHTTPBinding</con:interface><con:operation>businessError</con:operation><con:request name="testcase3 - Test - External - Request" id="5294856f-76b7-478d-84e5-c0fe5ab91676" outgoingWss="Outflow TEST"><con:settings/><con:encoding>UTF-8</con:encoding><con:endpoint>https://fidus-test.irisnetlab.be/services/FourthWayDebtService_v1.0</con:endpoint><con:request><![CDATA[<soapenv:Envelope xmlns:soapenv="http://schemas.xmlsoap.org/soap/envelope/" xmlns:v1="http://fidus.brussels/service/fourthwaydebtservice/messages/v1" xmlns:v11="http://fidus.brussels/type/common/messages/v1" xmlns:bus="http://fsb.belgium.be/FourthWayServices/businesserror" xmlns:err="http://fsb.belgium.be/FourthWayServices/error" xmlns:dat="http://fsb.belgium.be/FourthWayServices/common/datatypes">
   <soapenv:Header/>
   <soapenv:Body>
      <v1:businessErrorRequest>
         <v1:messageContext>
     	  <v11:messageId>${=import static java.util.UUID.randomUUID; uuid = randomUUID() as String}</v11:messageId>
            <v11:timestamp>${=new java.text.SimpleDateFormat("yyyy-MM-dd'T'HH:mm:ss.SSS").format(new Date())}</v11:timestamp>
         </v1:messageContext>
         <v1:legalContext>ServiceIntegrator</v1:legalContext>
         <v1:request>
   		<bus:businessError>
            <err:error>
               <err:code>VAL0005</err:code>
               <err:description>A validation error</err:description>
            </err:error>
            <bus:messageIdentification>
               <dat:origin>
                  <dat:origin>
                     <dat:partner>FRNB</dat:partner>
                     <dat:partnerCode codeType="KBO">0409357321</dat:partnerCode>
                  </dat:origin>
               </dat:origin>
            </bus:messageIdentification>
         </bus:businessError>
         </v1:request>
      </v1:businessErrorRequest>
   </soapenv:Body>
</soapenv:Envelope>]]></con:request><con:assertion type="SOAP Fault Assertion" id="969f6f5b-179d-408a-bf36-9aa61d7751ac" name="Not SOAP Fault"/><con:assertion type="SOAP Response" id="8fa6e944-996e-4942-963d-de31a9740382" name="SOAP Response"/><con:assertion type="Schema Compliance" id="486aeb18-8ac9-4f3e-ac30-e3fb9ef16ad0" name="Schema Compliance"><con:configuration/></con:assertion><con:wsaConfig action="http://fidus.brussels/services/fourthwaydebtservice/businessError"/></con:request></con:config></con:testStep><con:testStep type="request" id="1cddc876-5f62-45a5-ae5b-697fd977b865" name="testcase3 - Test - LB - Request"><con:settings/><con:config xsi:type="con:RequestStep" xmlns:xsi="http://www.w3.org/2001/XMLSchema-instance"><con:interface>FourthWayDebtServiceHTTPBinding</con:interface><con:operation>businessError</con:operation><con:request name="testcase3 - Test - LB - Request" id="69f6b357-0e69-43fd-bd8b-835fe949cc2a" outgoingWss="Outflow TEST"><con:settings/><con:encoding>UTF-8</con:encoding><con:endpoint>https://esb-security-gw.sta.srv.cirb.lan:8443/services/FourthWayDebtService_v1.0</con:endpoint><con:request><![CDATA[<soapenv:Envelope xmlns:soapenv="http://schemas.xmlsoap.org/soap/envelope/" xmlns:v1="http://fidus.brussels/service/fourthwaydebtservice/messages/v1" xmlns:v11="http://fidus.brussels/type/common/messages/v1" xmlns:bus="http://fsb.belgium.be/FourthWayServices/businesserror" xmlns:err="http://fsb.belgium.be/FourthWayServices/error" xmlns:dat="http://fsb.belgium.be/FourthWayServices/common/datatypes">
   <soapenv:Header/>
   <soapenv:Body>
      <v1:businessErrorRequest>
         <v1:messageContext>
     	  <v11:messageId>${=import static java.util.UUID.randomUUID; uuid = randomUUID() as String}</v11:messageId>
            <v11:timestamp>${=new java.text.SimpleDateFormat("yyyy-MM-dd'T'HH:mm:ss.SSS").format(new Date())}</v11:timestamp>
         </v1:messageContext>
         <v1:legalContext>ServiceIntegrator</v1:legalContext>
         <v1:request>
   		<bus:businessError>
            <err:error>
               <err:code>VAL0005</err:code>
               <err:description>A validation error</err:description>
            </err:error>
            <bus:messageIdentification>
               <dat:origin>
                  <dat:origin>
                     <dat:partner>FRNB</dat:partner>
                     <dat:partnerCode codeType="KBO">0409357321</dat:partnerCode>
                  </dat:origin>
               </dat:origin>
            </bus:messageIdentification>
         </bus:businessError>
         </v1:request>
      </v1:businessErrorRequest>
   </soapenv:Body>
</soapenv:Envelope>]]></con:request><con:assertion type="SOAP Fault Assertion" id="0a18d14a-c526-4f47-93fc-9933785cb37c" name="Not SOAP Fault"/><con:assertion type="SOAP Response" id="e53745aa-35c6-4056-8c1a-de69f9ca3004" name="SOAP Response"/><con:assertion type="Schema Compliance" id="60c844cc-0ae5-450d-a0a5-8cb4af1c5269" name="Schema Compliance"><con:configuration/></con:assertion><con:wsaConfig action="http://fidus.brussels/services/fourthwaydebtservice/businessError"/></con:request></con:config></con:testStep><con:testStep type="request" id="6e36745b-4e60-4207-bebf-e624ac1fc5cf" name="testcase3 - Test - Worker1 - Request"><con:settings/><con:config xsi:type="con:RequestStep" xmlns:xsi="http://www.w3.org/2001/XMLSchema-instance"><con:interface>FourthWayDebtServiceHTTPBinding</con:interface><con:operation>businessError</con:operation><con:request name="testcase3 - Test - Worker1 - Request" id="8d9a1982-4cb9-4c42-ad22-7049a13c5715" outgoingWss="Outflow TEST"><con:settings/><con:encoding>UTF-8</con:encoding><con:endpoint>https://192.168.22.53:8443/services/FourthWayDebtService_v1.0</con:endpoint><con:request><![CDATA[<soapenv:Envelope xmlns:soapenv="http://schemas.xmlsoap.org/soap/envelope/" xmlns:v1="http://fidus.brussels/service/fourthwaydebtservice/messages/v1" xmlns:v11="http://fidus.brussels/type/common/messages/v1" xmlns:bus="http://fsb.belgium.be/FourthWayServices/businesserror" xmlns:err="http://fsb.belgium.be/FourthWayServices/error" xmlns:dat="http://fsb.belgium.be/FourthWayServices/common/datatypes">
   <soapenv:Header/>
   <soapenv:Body>
      <v1:businessErrorRequest>
         <v1:messageContext>
     	  <v11:messageId>${=import static java.util.UUID.randomUUID; uuid = randomUUID() as String}</v11:messageId>
            <v11:timestamp>${=new java.text.SimpleDateFormat("yyyy-MM-dd'T'HH:mm:ss.SSS").format(new Date())}</v11:timestamp>
         </v1:messageContext>
         <v1:legalContext>ServiceIntegrator</v1:legalContext>
         <v1:request>
   		<bus:businessError>
            <err:error>
               <err:code>VAL0005</err:code>
               <err:description>A validation error</err:description>
            </err:error>
            <bus:messageIdentification>
               <dat:origin>
                  <dat:origin>
                     <dat:partner>FRNB-GBU</dat:partner>
                     <dat:partnerCode codeType="KBO">0409357321</dat:partnerCode>
                  </dat:origin>
               </dat:origin>
            </bus:messageIdentification>
         </bus:businessError>
         </v1:request>
      </v1:businessErrorRequest>
   </soapenv:Body>
</soapenv:Envelope>]]></con:request><con:assertion type="SOAP Fault Assertion" id="79e8b945-60ab-481d-a46a-cc12d4e26efb" name="Not SOAP Fault"/><con:assertion type="SOAP Response" id="0d0d870f-9ef1-45b5-aa06-871900020daa" name="SOAP Response"/><con:assertion type="Schema Compliance" id="55e9f834-902b-4fdf-9827-8d20275739f3" name="Schema Compliance"><con:configuration/></con:assertion><con:wsaConfig action="http://fidus.brussels/services/fourthwaydebtservice/businessError"/></con:request></con:config></con:testStep><con:testStep type="request" id="584c89cb-8318-4cde-ad1b-f23469b84d56" name="testcase3 - Test - Worker2 - Request"><con:settings/><con:config xsi:type="con:RequestStep" xmlns:xsi="http://www.w3.org/2001/XMLSchema-instance"><con:interface>FourthWayDebtServiceHTTPBinding</con:interface><con:operation>businessError</con:operation><con:request name="testcase3 - Test - Worker2 - Request" id="c29a16ae-e90e-41b3-8665-4f8361d62da5" outgoingWss="Outflow TEST"><con:settings/><con:encoding>UTF-8</con:encoding><con:endpoint>https://192.168.22.54:8443/services/FourthWayDebtService_v1.0</con:endpoint><con:request><![CDATA[<soapenv:Envelope xmlns:soapenv="http://schemas.xmlsoap.org/soap/envelope/" xmlns:v1="http://fidus.brussels/service/fourthwaydebtservice/messages/v1" xmlns:v11="http://fidus.brussels/type/common/messages/v1" xmlns:bus="http://fsb.belgium.be/FourthWayServices/businesserror" xmlns:err="http://fsb.belgium.be/FourthWayServices/error" xmlns:dat="http://fsb.belgium.be/FourthWayServices/common/datatypes">
   <soapenv:Header/>
   <soapenv:Body>
      <v1:businessErrorRequest>
         <v1:messageContext>
     	  <v11:messageId>${=import static java.util.UUID.randomUUID; uuid = randomUUID() as String}</v11:messageId>
            <v11:timestamp>${=new java.text.SimpleDateFormat("yyyy-MM-dd'T'HH:mm:ss.SSS").format(new Date())}</v11:timestamp>
         </v1:messageContext>
         <v1:legalContext>ServiceIntegrator</v1:legalContext>
         <v1:request>
   		<bus:businessError>
            <err:error>
               <err:code>VAL0005</err:code>
               <err:description>A validation error</err:description>
            </err:error>
            <bus:messageIdentification>
               <dat:origin>
                  <dat:origin>
                     <dat:partner>FRNB</dat:partner>
                     <dat:partnerCode codeType="KBO">0409357321</dat:partnerCode>
                  </dat:origin>
               </dat:origin>
            </bus:messageIdentification>
         </bus:businessError>
         </v1:request>
      </v1:businessErrorRequest>
   </soapenv:Body>
</soapenv:Envelope>]]></con:request><con:assertion type="SOAP Fault Assertion" id="79619699-cb29-4623-8feb-e5143bee11ab" name="Not SOAP Fault"/><con:assertion type="SOAP Response" id="731b4331-f74b-43fb-a066-6238e7a659d3" name="SOAP Response"/><con:assertion type="Schema Compliance" id="ed8760af-553b-4ff7-98d5-92353cd12f55" name="Schema Compliance"><con:configuration/></con:assertion><con:wsaConfig action="http://fidus.brussels/services/fourthwaydebtservice/businessError"/></con:request></con:config></con:testStep><con:properties/></con:testCase><con:testCase id="fc91cf56-cdf6-4f8d-854c-80f83ca103fa" failOnError="true" failTestCaseOnErrors="true" keepSession="false" maxResults="0" name="fiscalDebtNotification" searchProperties="true"><con:settings/><con:testStep type="request" id="cfa331e5-f8e9-439f-a337-d5e336ba4a23" name="testcase3 - Test - External - Request"><con:settings/><con:config xsi:type="con:RequestStep" xmlns:xsi="http://www.w3.org/2001/XMLSchema-instance"><con:interface>FourthWayDebtServiceHTTPBinding</con:interface><con:operation>fiscalDebtNotification</con:operation><con:request name="testcase3 - Test - External - Request" id="e2d1de3c-31f9-434b-99c9-7466eed1c436" outgoingWss="Outflow TEST"><con:settings/><con:encoding>UTF-8</con:encoding><con:endpoint>https://fidus-test.irisnetlab.be/services/FourthWayDebtService_v1.0</con:endpoint><con:request><![CDATA[<soapenv:Envelope xmlns:soapenv="http://schemas.xmlsoap.org/soap/envelope/" xmlns:v1="http://fidus.brussels/service/fourthwaydebtservice/messages/v1" xmlns:v11="http://fidus.brussels/type/common/messages/v1" xmlns:deb="http://fsb.belgium.be/FourthWayServices/debtnotification" xmlns:gen="http://fsb.belgium.be/FourthWayServices/generalcaseinformation" xmlns:dat="http://fsb.belgium.be/FourthWayServices/common/datatypes" xmlns:ins="http://fsb.belgium.be/FourthWayServices/institution" xmlns:add="http://fsb.belgium.be/FourthWayServices/common/addressinformation" xmlns:con="http://fsb.belgium.be/FourthWayServices/contact" xmlns:deb1="http://fsb.belgium.be/FourthWayServices/debtparty" xmlns:par="http://fsb.belgium.be/FourthWayServices/party" xmlns:debt="http://fsb.belgium.be/FourthWayServices/debt" xmlns:leg="http://fsb.belgium.be/FourthWayServices/legalbase" xmlns:tec="http://fsb.belgium.be/FourthWayServices/technical" xmlns:xd="http://www.w3.org/2000/09/xmldsig#">
   <soapenv:Header/>
   <soapenv:Body>
      <v1:fiscalDebtNotificationRequest>
         <v1:messageContext>
         	  <v11:messageId>${=import static java.util.UUID.randomUUID; uuid = randomUUID() as String}</v11:messageId>
            <v11:timestamp>${=new java.text.SimpleDateFormat("yyyy-MM-dd'T'HH:mm:ss.SSS").format(new Date())}</v11:timestamp>
         </v1:messageContext>
         <v1:legalContext>ServiceIntegrator</v1:legalContext>      
         <v1:request>
 		<ns46:debtNotification Id="SignMe" xmlns:ns50="http://be.belgium.fsb/fourthWayService/Debt" xmlns="http://fsb.belgium.be/FourthWayServices/common/addressinformation" xmlns:ns10="http://fsb.belgium.be/FourthWayServices/shipinformation" xmlns:ns11="http://fsb.belgium.be/FourthWayServices/selfemployed" xmlns:ns12="http://fsb.belgium.be/FourthWayServices/institution" xmlns:ns13="http://fsb.belgium.be/FourthWayServices/enterprise" xmlns:ns14="http://fsb.belgium.be/FourthWayServices/honorbaseddeclarations" xmlns:ns15="http://fsb.belgium.be/FourthWayServices/unregisteredparty" xmlns:ns16="http://fsb.belgium.be/FourthWayServices/partnerdescription" xmlns:ns17="http://fsb.belgium.be/FourthWayServices/mortgagegoods" xmlns:ns18="http://fsb.belgium.be/FourthWayServices/deficitcaseinformation" xmlns:ns19="http://fsb.belgium.be/FourthWayServices/debtinquiry" xmlns:ns2="http://fsb.belgium.be/FourthWayServices/common/datatypes" xmlns:ns20="http://fsb.belgium.be/FourthWayServices/immovablegoodtransaction" xmlns:ns21="http://fsb.belgium.be/FourthWayServices/movablegoodtransaction" xmlns:ns22="http://fsb.belgium.be/FourthWayServices/inheritanceinformation" xmlns:ns23="http://fsb.belgium.be/FourthWayServices/successiontransaction" xmlns:ns24="http://fsb.belgium.be/FourthWayServices/fourthwaymessage" xmlns:ns25="http://fsb.belgium.be/FourthWayServices/generalcaseinformation" xmlns:ns26="http://www.w3.org/2000/09/xmldsig#" xmlns:ns27="http://fsb.belgium.be/FourthWayServices/technical" xmlns:ns28="http://fsb.belgium.be/FourthWayServices/acknowledgementinformation" xmlns:ns29="http://fsb.belgium.be/FourthWayServices/error" xmlns:ns3="http://fsb.belgium.be/FourthWayServices/salesinformation" xmlns:ns30="http://fsb.belgium.be/FourthWayServices/businesserror" xmlns:ns31="http://fsb.belgium.be/FourthWayServices/fiscaldebtdetails" xmlns:ns32="http://fsb.belgium.be/FourthWayServices/officialproclamation" xmlns:ns33="http://fsb.belgium.be/FourthWayServices/beneficiary" xmlns:ns34="http://fsb.belgium.be/FourthWayServices/common/bankaccount" xmlns:ns35="http://fsb.belgium.be/FourthWayServices/debtdetailedinformation" xmlns:ns36="http://fsb.belgium.be/FourthWayServices/debtsolidarity" xmlns:ns37="http://fsb.belgium.be/FourthWayServices/fiscaldebt" xmlns:ns38="http://fsb.belgium.be/FourthWayServices/socialdebtdetails" xmlns:ns39="http://fsb.belgium.be/FourthWayServices/debtinformation" xmlns:ns4="http://fsb.belgium.be/FourthWayServices/gooddescription" xmlns:ns40="http://fsb.belgium.be/FourthWayServices/socialdebt" xmlns:ns41="http://fsb.belgium.be/FourthWayServices/fiscalregionflandersdebtdetails" xmlns:ns42="http://fsb.belgium.be/FourthWayServices/fiscalregionflandersdebt" xmlns:ns43="http://fsb.belgium.be/FourthWayServices/debt" xmlns:ns44="http://fsb.belgium.be/FourthWayServices/debtparty" xmlns:ns45="http://fsb.belgium.be/FourthWayServices/legalbase" xmlns:ns46="http://fsb.belgium.be/FourthWayServices/debtnotification" xmlns:ns47="http://fsb.belgium.be/FourthWayServices/debtdeficitnotification" xmlns:ns48="http://fsb.belgium.be/FourthWayServices/header" xmlns:ns49="http://fsb.belgium.be/header" xmlns:ns5="http://fsb.belgium.be/FourthWayServices/party" xmlns:ns51="http://fsb.belgium.be/FourthWayServices/technicalack" xmlns:ns52="http://fsb.belgium.be/FourthWayServices/functionalack" xmlns:ns6="http://fsb.belgium.be/FourthWayServices/naturalperson" xmlns:ns7="http://fsb.belgium.be/FourthWayServices/nonresident" xmlns:ns8="http://fsb.belgium.be/FourthWayServices/contact" xmlns:ns9="http://fsb.belgium.be/FourthWayServices/propertyinformation">
            <ns25:generalCaseInformation>
               <ns25:administrativeInformation>
                  <ns25:language>FR</ns25:language>
                  <ns25:caseNumber>2444080.210115.0167</ns25:caseNumber>
                  <ns25:transactionType>3</ns25:transactionType>
                  <ns25:procedureNumber>ENOT4000000419570</ns25:procedureNumber>
                  <ns25:replacedProcedureNumber xsi:nil="true" xmlns:xsi="http://www.w3.org/2001/XMLSchema-instance"/>
                  <ns25:requestDate>2015-01-21T14:50:02.446+01:00</ns25:requestDate>
                  <ns25:origin>
                     <ns2:origin>
                        <ns2:partner>FPS Finance</ns2:partner>
                        <ns2:partnerCode codeType="KBO">0308357159</ns2:partnerCode>
                     </ns2:origin>
                  </ns25:origin>
                  <ns25:destinations>
                     <ns2:destination>
                        <ns2:partner>FRNB</ns2:partner>
                        <ns2:partnerCode codeType="KBO">0409357321</ns2:partnerCode>
                     </ns2:destination>
                  </ns25:destinations>
                  <ns25:requestorInformation>
                     <ns12:institution>
                        <ns12:institutionType>Federal</ns12:institutionType>
                        <ns12:institutionName>Huy</ns12:institutionName>
                        <ns12:institutionIdentificationNumber type="CDDB">600904</ns12:institutionIdentificationNumber>
                        <address>
                           <location>
                              <country>
                                 <countryCode codeStandard="ISO">BE</countryCode>
                              </country>
                              <postalCode>4500</postalCode>
                           </location>
                           <street>Avenue Albert 1er</street>
                           <houseNumber>8/10</houseNumber>
                        </address>
                        <ns12:contactInformation>
                           <ns8:phoneNumber type="phone">025783660</ns8:phoneNumber>
                           <ns8:emailAddress type="email">rec.cd.huy@minfin.fed.be</ns8:emailAddress>
                        </ns12:contactInformation>
                     </ns12:institution>
                     <ns25:responsiblePerson>
                        <ns2:name>
                           <ns2:firstName>Testuser</ns2:firstName>
                           <ns2:lastName>testuser.enotrec01</ns2:lastName>
                        </ns2:name>
                        <ns8:contactInformation/>
                     </ns25:responsiblePerson>
                     <ns25:contactPerson>
                        <ns2:name>
                           <ns2:firstName>Testuser</ns2:firstName>
                           <ns2:lastName>EnotRec01</ns2:lastName>
                        </ns2:name>
                        <ns8:contactInformation>
                           <ns8:emailAddress type="email">testuser.enotrec01@guest.minfin.fed.be</ns8:emailAddress>
                        </ns8:contactInformation>
                     </ns25:contactPerson>
                  </ns25:requestorInformation>
               </ns25:administrativeInformation>
            </ns25:generalCaseInformation>
            <ns44:debtParty>
               <ns5:party partyID="005">
                  <ns5:residentialParty>false</ns5:residentialParty>
                  <ns6:naturalPerson>
                     <ns2:entityReference>
                        <ns2:source>notice1</ns2:source>
                        <ns2:entityID type="nationalNumber">68082123438</ns2:entityID>
                     </ns2:entityReference>
                     <ns6:personInformation>
                        <ns2:name>
                           <ns2:firstName>Yolande Adrienne</ns2:firstName>
                           <ns2:lastName>BUITER</ns2:lastName>
                        </ns2:name>
                        <address>
                           <location>
                              <country>
                                 <countryDescription>Belgium</countryDescription>
                                 <countryCode codeStandard="ISO">BE</countryCode>
                              </country>
                              <municipalityDescription>Verlaine</municipalityDescription>
                              <postalCode>4537</postalCode>
                           </location>
                           <street>Rue aux Raines</street>
                           <houseNumber>53</houseNumber>
                        </address>
                     </ns6:personInformation>
                  </ns6:naturalPerson>
               </ns5:party>
               <ns43:debt debtID="1">
                  <ns37:fiscaldebt>
                     <ns31:fiscalDebtDetails>
                        <ns31:debtType>VAT</ns31:debtType>
                        <ns31:declarations>
                           <ns31:negligenceClause>
                              <ns31:additionalIntrest>0</ns31:additionalIntrest>
                              <ns31:additionalIntrestFromDate>2015-01-21+01:00</ns31:additionalIntrestFromDate>
                           </ns31:negligenceClause>
                        </ns31:declarations>
                        <ns2:referencePeriod>
                           <ns2:startDate>2015-01-06+01:00</ns2:startDate>
                           <ns2:endDate>2015-01-13+01:00</ns2:endDate>
                        </ns2:referencePeriod>
                        <ns31:totalDebt>45</ns31:totalDebt>
                        <ns31:debtBreakdown>
                           <ns31:debtSubType>VAT</ns31:debtSubType>
                           <ns31:debtSubAmount>45</ns31:debtSubAmount>
                        </ns31:debtBreakdown>
                        <ns31:debtBreakdown>
                           <ns31:debtSubType>IM</ns31:debtSubType>
                           <ns31:debtSubAmount>0</ns31:debtSubAmount>
                        </ns31:debtBreakdown>
                        <ns31:debtBreakdown>
                           <ns31:debtSubType>INTEREST</ns31:debtSubType>
                           <ns31:debtSubAmount>0</ns31:debtSubAmount>
                        </ns31:debtBreakdown>
                        <ns31:debtBreakdown>
                           <ns31:debtSubType>FINES</ns31:debtSubType>
                           <ns31:debtSubAmount>0</ns31:debtSubAmount>
                        </ns31:debtBreakdown>
                        <ns31:debtBreakdown>
                           <ns31:debtSubType>COST</ns31:debtSubType>
                           <ns31:debtSubAmount>0</ns31:debtSubAmount>
                        </ns31:debtBreakdown>
                     </ns31:fiscalDebtDetails>
                     <ns32:officialProclamation/>
                     <ns33:beneficiary>
                        <ns33:beneficiaryName>CTRI Namur</ns33:beneficiaryName>
                        <ns33:structuredMessage>N99998745412NOT/</ns33:structuredMessage>
                        <ns33:amount>45</ns33:amount>
                        <ns34:bankAccount>
                           <ns34:ibanNumber>BE42 6792 0034 9254</ns34:ibanNumber>
                           <ns34:bicCode>PCHQBEBB</ns34:bicCode>
                           <ns34:accountName>CTRI Namur</ns34:accountName>
                           <address>
                              <location>
                                 <country>
                                    <countryCode codeStandard="ISO">BE</countryCode>
                                 </country>
                                 <municipalityDescription language="fr">Namur</municipalityDescription>
                                 <postalCode>5000</postalCode>
                              </location>
                              <street>Rue des Bourgeois</street>
                              <houseNumber>7/Bloc B</houseNumber>
                           </address>
                        </ns34:bankAccount>
                     </ns33:beneficiary>
                     <ns35:debtDetailedInformation>
                        <ns35:calculationDate>2015-01-21+01:00</ns35:calculationDate>
                        <ns35:referentialNumber>999998745412</ns35:referentialNumber>
                     </ns35:debtDetailedInformation>
                  </ns37:fiscaldebt>
               </ns43:debt>
               <ns44:totalDebtAmount>45</ns44:totalDebtAmount>
            </ns44:debtParty>
            <ns45:legalBase>
               <ns45:legalSource>Code de la taxe sur la valeur ajout��e</ns45:legalSource>
               <ns45:legalBaseIdentifier>Article 93quater</ns45:legalBaseIdentifier>
            </ns45:legalBase>
            <ns27:technical>
               <ns26:Signature>
                  <ns26:SignedInfo>
                     <ns26:CanonicalizationMethod Algorithm="http://www.w3.org/TR/2001/REC-xml-c14n-20010315"/>
                     <ns26:SignatureMethod Algorithm="http://www.w3.org/2000/09/xmldsig#rsa-sha1"/>
                     <ns26:Reference URI="#signMe">
                        <ns26:DigestMethod Algorithm="http://www.w3.org/2000/09/xmldsig#sha1"/>
                        <ns26:DigestValue>CbUOX9jTy0uYSCKDVQl6peUatJ8=</ns26:DigestValue>
                     </ns26:Reference>
                  </ns26:SignedInfo>
                  <ns26:SignatureValue>WBXEECQtMTWGGq5EGO+5kyVw1kJefLsfHVA/5eYB6pZ3GOZ7LOLc/jAhKbqxeV3qdWiMGx3VzgvdF4ZaMB2HS1fLmnOmNDXHhrrqYQJ51LGDvex39k7/xAJAmuub7MDtfAu08WBTVpmQ5khGL9ZrYOXr5RoG70BrlWNr+37FekM=</ns26:SignatureValue>
                  <ns26:KeyInfo>
                     <ns26:X509Data>
                        <ns26:X509SubjectName>ST=Brussels,L=Brussels,OU=Belgian Federal Government,O=Federal Public Service Finances,CN=Test SPF Finances - FOD Financien,C=BE</ns26:X509SubjectName>
                        <ns26:X509Certificate>MIIDKzCCApSgAwIBAgIJAIkxAL2MG081MA0GCSqGSIb3DQEBBQUAMIGuMQswCQYDVQQGEwJCRTEqMCgGA1UEAxMhVGVzdCBTUEYgRmluYW5jZXMgLSBGT0QgRmluYW5jaWVuMSgwJgYDVQQKEx9GZWRlcmFsIFB1YmxpYyBTZXJ2aWNlIEZpbmFuY2VzMSMwIQYDVQQLExpCZWxnaWFuIEZlZGVyYWwgR292ZXJubWVudDERMA8GA1UEBxMIQnJ1c3NlbHMxETAPBgNVBAgTCEJydXNzZWxzMB4XDTA4MDUwNjA4MDcyMFoXDTE4MDUwNzA4MDcyMFowga4xCzAJBgNVBAYTAkJFMSowKAYDVQQDEyFUZXN0IFNQRiBGaW5hbmNlcyAtIEZPRCBGaW5hbmNpZW4xKDAmBgNVBAoTH0ZlZGVyYWwgUHVibGljIFNlcnZpY2UgRmluYW5jZXMxIzAhBgNVBAsTGkJlbGdpYW4gRmVkZXJhbCBHb3Zlcm5tZW50MREwDwYDVQQHEwhCcnVzc2VsczERMA8GA1UECBMIQnJ1c3NlbHMwgZ8wDQYJKoZIhvcNAQEBBQADgY0AMIGJAoGBAJ8T/80iF50FvothkWOZDsZUPKM52fxhNdKMT+E/lODqejyJ2iQkjEuW5yJKo0lXNj+Gxwfl99bD16IJMagbrxBnJPwR7SeS3JQ0IaLkOorOoeZkZLFoFMSfZWT9uCf6Qf/uNMQtRnX2351P1OF3cld68uFGUNS8U93OqxS9R/ZvAgMBAAGjTzBNMAwGA1UdEwQFMAMBAf8wCwYDVR0PBAQDAgTwMB0GA1UdJQQWMBQGCCsGAQUFBwMCBggrBgEFBQcDBDARBglghkgBhvhCAQEEBAMCBLAwDQYJKoZIhvcNAQEFBQADgYEATnEO8juTdcZtwzvl5EHnZ9+6cEM9rsWuQtq43UXw4RqveHWUE+Cn2ElMPiyuxLLzkzQTbcDYxI9FgVAXFEmqPf7Jii2PpHIlo8yHWCWMuPP0OykMF6YuCtyutKJBbGuTT36gNVAUEPeD34fzB5pgy2aG5wQTQctRdDz07CVM3cI=</ns26:X509Certificate>
                     </ns26:X509Data>
                  </ns26:KeyInfo>
               </ns26:Signature>
            </ns27:technical>
         </ns46:debtNotification>
         </v1:request>
      </v1:fiscalDebtNotificationRequest>
   </soapenv:Body>
</soapenv:Envelope>]]></con:request><con:assertion type="SOAP Fault Assertion" id="a9a495bf-6731-493e-9fea-5b7bdbaa4041" name="Not SOAP Fault"/><con:assertion type="SOAP Response" id="d082eaaa-12d5-4853-840b-b185e9a70866" name="SOAP Response"/><con:assertion type="Schema Compliance" id="2df362d3-5440-4362-9600-70dc4afaa615" name="Schema Compliance"><con:configuration/></con:assertion><con:wsaConfig action="http://fidus.brussels/services/fourthwaydebtservice/fiscalDebtNotification"/></con:request></con:config></con:testStep><con:testStep type="request" id="46dbc5fb-c16f-46cd-8cf6-c762f44d185d" name="testcase3 - Test - LB - Request"><con:settings/><con:config xsi:type="con:RequestStep" xmlns:xsi="http://www.w3.org/2001/XMLSchema-instance"><con:interface>FourthWayDebtServiceHTTPBinding</con:interface><con:operation>fiscalDebtNotification</con:operation><con:request name="testcase3 - Test - LB - Request" id="ab0ba6ed-c2c5-445a-a225-99802933d3dd" outgoingWss="Outflow TEST"><con:settings/><con:encoding>UTF-8</con:encoding><con:endpoint>https://esb-security-gw.sta.srv.cirb.lan:8443/services/FourthWayDebtService_v1.0</con:endpoint><con:request><![CDATA[<soapenv:Envelope xmlns:soapenv="http://schemas.xmlsoap.org/soap/envelope/" xmlns:v1="http://fidus.brussels/service/fourthwaydebtservice/messages/v1" xmlns:v11="http://fidus.brussels/type/common/messages/v1" xmlns:deb="http://fsb.belgium.be/FourthWayServices/debtnotification" xmlns:gen="http://fsb.belgium.be/FourthWayServices/generalcaseinformation" xmlns:dat="http://fsb.belgium.be/FourthWayServices/common/datatypes" xmlns:ins="http://fsb.belgium.be/FourthWayServices/institution" xmlns:add="http://fsb.belgium.be/FourthWayServices/common/addressinformation" xmlns:con="http://fsb.belgium.be/FourthWayServices/contact" xmlns:deb1="http://fsb.belgium.be/FourthWayServices/debtparty" xmlns:par="http://fsb.belgium.be/FourthWayServices/party" xmlns:debt="http://fsb.belgium.be/FourthWayServices/debt" xmlns:leg="http://fsb.belgium.be/FourthWayServices/legalbase" xmlns:tec="http://fsb.belgium.be/FourthWayServices/technical" xmlns:xd="http://www.w3.org/2000/09/xmldsig#">
   <soapenv:Header/>
   <soapenv:Body>
      <v1:fiscalDebtNotificationRequest>
         <v1:messageContext>
         	  <v11:messageId>${=import static java.util.UUID.randomUUID; uuid = randomUUID() as String}</v11:messageId>
            <v11:timestamp>${=new java.text.SimpleDateFormat("yyyy-MM-dd'T'HH:mm:ss.SSS").format(new Date())}</v11:timestamp>
         </v1:messageContext>
         <v1:legalContext>ServiceIntegrator</v1:legalContext>      
         <v1:request>
 		<ns46:debtNotification Id="SignMe" xmlns:ns50="http://be.belgium.fsb/fourthWayService/Debt" xmlns="http://fsb.belgium.be/FourthWayServices/common/addressinformation" xmlns:ns10="http://fsb.belgium.be/FourthWayServices/shipinformation" xmlns:ns11="http://fsb.belgium.be/FourthWayServices/selfemployed" xmlns:ns12="http://fsb.belgium.be/FourthWayServices/institution" xmlns:ns13="http://fsb.belgium.be/FourthWayServices/enterprise" xmlns:ns14="http://fsb.belgium.be/FourthWayServices/honorbaseddeclarations" xmlns:ns15="http://fsb.belgium.be/FourthWayServices/unregisteredparty" xmlns:ns16="http://fsb.belgium.be/FourthWayServices/partnerdescription" xmlns:ns17="http://fsb.belgium.be/FourthWayServices/mortgagegoods" xmlns:ns18="http://fsb.belgium.be/FourthWayServices/deficitcaseinformation" xmlns:ns19="http://fsb.belgium.be/FourthWayServices/debtinquiry" xmlns:ns2="http://fsb.belgium.be/FourthWayServices/common/datatypes" xmlns:ns20="http://fsb.belgium.be/FourthWayServices/immovablegoodtransaction" xmlns:ns21="http://fsb.belgium.be/FourthWayServices/movablegoodtransaction" xmlns:ns22="http://fsb.belgium.be/FourthWayServices/inheritanceinformation" xmlns:ns23="http://fsb.belgium.be/FourthWayServices/successiontransaction" xmlns:ns24="http://fsb.belgium.be/FourthWayServices/fourthwaymessage" xmlns:ns25="http://fsb.belgium.be/FourthWayServices/generalcaseinformation" xmlns:ns26="http://www.w3.org/2000/09/xmldsig#" xmlns:ns27="http://fsb.belgium.be/FourthWayServices/technical" xmlns:ns28="http://fsb.belgium.be/FourthWayServices/acknowledgementinformation" xmlns:ns29="http://fsb.belgium.be/FourthWayServices/error" xmlns:ns3="http://fsb.belgium.be/FourthWayServices/salesinformation" xmlns:ns30="http://fsb.belgium.be/FourthWayServices/businesserror" xmlns:ns31="http://fsb.belgium.be/FourthWayServices/fiscaldebtdetails" xmlns:ns32="http://fsb.belgium.be/FourthWayServices/officialproclamation" xmlns:ns33="http://fsb.belgium.be/FourthWayServices/beneficiary" xmlns:ns34="http://fsb.belgium.be/FourthWayServices/common/bankaccount" xmlns:ns35="http://fsb.belgium.be/FourthWayServices/debtdetailedinformation" xmlns:ns36="http://fsb.belgium.be/FourthWayServices/debtsolidarity" xmlns:ns37="http://fsb.belgium.be/FourthWayServices/fiscaldebt" xmlns:ns38="http://fsb.belgium.be/FourthWayServices/socialdebtdetails" xmlns:ns39="http://fsb.belgium.be/FourthWayServices/debtinformation" xmlns:ns4="http://fsb.belgium.be/FourthWayServices/gooddescription" xmlns:ns40="http://fsb.belgium.be/FourthWayServices/socialdebt" xmlns:ns41="http://fsb.belgium.be/FourthWayServices/fiscalregionflandersdebtdetails" xmlns:ns42="http://fsb.belgium.be/FourthWayServices/fiscalregionflandersdebt" xmlns:ns43="http://fsb.belgium.be/FourthWayServices/debt" xmlns:ns44="http://fsb.belgium.be/FourthWayServices/debtparty" xmlns:ns45="http://fsb.belgium.be/FourthWayServices/legalbase" xmlns:ns46="http://fsb.belgium.be/FourthWayServices/debtnotification" xmlns:ns47="http://fsb.belgium.be/FourthWayServices/debtdeficitnotification" xmlns:ns48="http://fsb.belgium.be/FourthWayServices/header" xmlns:ns49="http://fsb.belgium.be/header" xmlns:ns5="http://fsb.belgium.be/FourthWayServices/party" xmlns:ns51="http://fsb.belgium.be/FourthWayServices/technicalack" xmlns:ns52="http://fsb.belgium.be/FourthWayServices/functionalack" xmlns:ns6="http://fsb.belgium.be/FourthWayServices/naturalperson" xmlns:ns7="http://fsb.belgium.be/FourthWayServices/nonresident" xmlns:ns8="http://fsb.belgium.be/FourthWayServices/contact" xmlns:ns9="http://fsb.belgium.be/FourthWayServices/propertyinformation">
            <ns25:generalCaseInformation>
               <ns25:administrativeInformation>
                  <ns25:language>FR</ns25:language>
                  <ns25:caseNumber>2444080.210115.0167</ns25:caseNumber>
                  <ns25:transactionType>3</ns25:transactionType>
                  <ns25:procedureNumber>ENOT4000000419570</ns25:procedureNumber>
                  <ns25:replacedProcedureNumber xsi:nil="true" xmlns:xsi="http://www.w3.org/2001/XMLSchema-instance"/>
                  <ns25:requestDate>2015-01-21T14:50:02.446+01:00</ns25:requestDate>
                  <ns25:origin>
                     <ns2:origin>
                        <ns2:partner>FPS Finance</ns2:partner>
                        <ns2:partnerCode codeType="KBO">0308357159</ns2:partnerCode>
                     </ns2:origin>
                  </ns25:origin>
                  <ns25:destinations>
                     <ns2:destination>
                        <ns2:partner>FRNB</ns2:partner>
                        <ns2:partnerCode codeType="KBO">0409357321</ns2:partnerCode>
                     </ns2:destination>
                  </ns25:destinations>
                  <ns25:requestorInformation>
                     <ns12:institution>
                        <ns12:institutionType>Federal</ns12:institutionType>
                        <ns12:institutionName>Huy</ns12:institutionName>
                        <ns12:institutionIdentificationNumber type="CDDB">600904</ns12:institutionIdentificationNumber>
                        <address>
                           <location>
                              <country>
                                 <countryCode codeStandard="ISO">BE</countryCode>
                              </country>
                              <postalCode>4500</postalCode>
                           </location>
                           <street>Avenue Albert 1er</street>
                           <houseNumber>8/10</houseNumber>
                        </address>
                        <ns12:contactInformation>
                           <ns8:phoneNumber type="phone">025783660</ns8:phoneNumber>
                           <ns8:emailAddress type="email">rec.cd.huy@minfin.fed.be</ns8:emailAddress>
                        </ns12:contactInformation>
                     </ns12:institution>
                     <ns25:responsiblePerson>
                        <ns2:name>
                           <ns2:firstName>Testuser</ns2:firstName>
                           <ns2:lastName>testuser.enotrec01</ns2:lastName>
                        </ns2:name>
                        <ns8:contactInformation/>
                     </ns25:responsiblePerson>
                     <ns25:contactPerson>
                        <ns2:name>
                           <ns2:firstName>Testuser</ns2:firstName>
                           <ns2:lastName>EnotRec01</ns2:lastName>
                        </ns2:name>
                        <ns8:contactInformation>
                           <ns8:emailAddress type="email">testuser.enotrec01@guest.minfin.fed.be</ns8:emailAddress>
                        </ns8:contactInformation>
                     </ns25:contactPerson>
                  </ns25:requestorInformation>
               </ns25:administrativeInformation>
            </ns25:generalCaseInformation>
            <ns44:debtParty>
               <ns5:party partyID="005">
                  <ns5:residentialParty>false</ns5:residentialParty>
                  <ns6:naturalPerson>
                     <ns2:entityReference>
                        <ns2:source>notice1</ns2:source>
                        <ns2:entityID type="nationalNumber">68082123438</ns2:entityID>
                     </ns2:entityReference>
                     <ns6:personInformation>
                        <ns2:name>
                           <ns2:firstName>Yolande Adrienne</ns2:firstName>
                           <ns2:lastName>BUITER</ns2:lastName>
                        </ns2:name>
                        <address>
                           <location>
                              <country>
                                 <countryDescription>Belgium</countryDescription>
                                 <countryCode codeStandard="ISO">BE</countryCode>
                              </country>
                              <municipalityDescription>Verlaine</municipalityDescription>
                              <postalCode>4537</postalCode>
                           </location>
                           <street>Rue aux Raines</street>
                           <houseNumber>53</houseNumber>
                        </address>
                     </ns6:personInformation>
                  </ns6:naturalPerson>
               </ns5:party>
               <ns43:debt debtID="1">
                  <ns37:fiscaldebt>
                     <ns31:fiscalDebtDetails>
                        <ns31:debtType>VAT</ns31:debtType>
                        <ns31:declarations>
                           <ns31:negligenceClause>
                              <ns31:additionalIntrest>0</ns31:additionalIntrest>
                              <ns31:additionalIntrestFromDate>2015-01-21+01:00</ns31:additionalIntrestFromDate>
                           </ns31:negligenceClause>
                        </ns31:declarations>
                        <ns2:referencePeriod>
                           <ns2:startDate>2015-01-06+01:00</ns2:startDate>
                           <ns2:endDate>2015-01-13+01:00</ns2:endDate>
                        </ns2:referencePeriod>
                        <ns31:totalDebt>45</ns31:totalDebt>
                        <ns31:debtBreakdown>
                           <ns31:debtSubType>VAT</ns31:debtSubType>
                           <ns31:debtSubAmount>45</ns31:debtSubAmount>
                        </ns31:debtBreakdown>
                        <ns31:debtBreakdown>
                           <ns31:debtSubType>IM</ns31:debtSubType>
                           <ns31:debtSubAmount>0</ns31:debtSubAmount>
                        </ns31:debtBreakdown>
                        <ns31:debtBreakdown>
                           <ns31:debtSubType>INTEREST</ns31:debtSubType>
                           <ns31:debtSubAmount>0</ns31:debtSubAmount>
                        </ns31:debtBreakdown>
                        <ns31:debtBreakdown>
                           <ns31:debtSubType>FINES</ns31:debtSubType>
                           <ns31:debtSubAmount>0</ns31:debtSubAmount>
                        </ns31:debtBreakdown>
                        <ns31:debtBreakdown>
                           <ns31:debtSubType>COST</ns31:debtSubType>
                           <ns31:debtSubAmount>0</ns31:debtSubAmount>
                        </ns31:debtBreakdown>
                     </ns31:fiscalDebtDetails>
                     <ns32:officialProclamation/>
                     <ns33:beneficiary>
                        <ns33:beneficiaryName>CTRI Namur</ns33:beneficiaryName>
                        <ns33:structuredMessage>N99998745412NOT/</ns33:structuredMessage>
                        <ns33:amount>45</ns33:amount>
                        <ns34:bankAccount>
                           <ns34:ibanNumber>BE42 6792 0034 9254</ns34:ibanNumber>
                           <ns34:bicCode>PCHQBEBB</ns34:bicCode>
                           <ns34:accountName>CTRI Namur</ns34:accountName>
                           <address>
                              <location>
                                 <country>
                                    <countryCode codeStandard="ISO">BE</countryCode>
                                 </country>
                                 <municipalityDescription language="fr">Namur</municipalityDescription>
                                 <postalCode>5000</postalCode>
                              </location>
                              <street>Rue des Bourgeois</street>
                              <houseNumber>7/Bloc B</houseNumber>
                           </address>
                        </ns34:bankAccount>
                     </ns33:beneficiary>
                     <ns35:debtDetailedInformation>
                        <ns35:calculationDate>2015-01-21+01:00</ns35:calculationDate>
                        <ns35:referentialNumber>999998745412</ns35:referentialNumber>
                     </ns35:debtDetailedInformation>
                  </ns37:fiscaldebt>
               </ns43:debt>
               <ns44:totalDebtAmount>45</ns44:totalDebtAmount>
            </ns44:debtParty>
            <ns45:legalBase>
               <ns45:legalSource>Code de la taxe sur la valeur ajout��e</ns45:legalSource>
               <ns45:legalBaseIdentifier>Article 93quater</ns45:legalBaseIdentifier>
            </ns45:legalBase>
            <ns27:technical>
               <ns26:Signature>
                  <ns26:SignedInfo>
                     <ns26:CanonicalizationMethod Algorithm="http://www.w3.org/TR/2001/REC-xml-c14n-20010315"/>
                     <ns26:SignatureMethod Algorithm="http://www.w3.org/2000/09/xmldsig#rsa-sha1"/>
                     <ns26:Reference URI="#signMe">
                        <ns26:DigestMethod Algorithm="http://www.w3.org/2000/09/xmldsig#sha1"/>
                        <ns26:DigestValue>CbUOX9jTy0uYSCKDVQl6peUatJ8=</ns26:DigestValue>
                     </ns26:Reference>
                  </ns26:SignedInfo>
                  <ns26:SignatureValue>WBXEECQtMTWGGq5EGO+5kyVw1kJefLsfHVA/5eYB6pZ3GOZ7LOLc/jAhKbqxeV3qdWiMGx3VzgvdF4ZaMB2HS1fLmnOmNDXHhrrqYQJ51LGDvex39k7/xAJAmuub7MDtfAu08WBTVpmQ5khGL9ZrYOXr5RoG70BrlWNr+37FekM=</ns26:SignatureValue>
                  <ns26:KeyInfo>
                     <ns26:X509Data>
                        <ns26:X509SubjectName>ST=Brussels,L=Brussels,OU=Belgian Federal Government,O=Federal Public Service Finances,CN=Test SPF Finances - FOD Financien,C=BE</ns26:X509SubjectName>
                        <ns26:X509Certificate>MIIDKzCCApSgAwIBAgIJAIkxAL2MG081MA0GCSqGSIb3DQEBBQUAMIGuMQswCQYDVQQGEwJCRTEqMCgGA1UEAxMhVGVzdCBTUEYgRmluYW5jZXMgLSBGT0QgRmluYW5jaWVuMSgwJgYDVQQKEx9GZWRlcmFsIFB1YmxpYyBTZXJ2aWNlIEZpbmFuY2VzMSMwIQYDVQQLExpCZWxnaWFuIEZlZGVyYWwgR292ZXJubWVudDERMA8GA1UEBxMIQnJ1c3NlbHMxETAPBgNVBAgTCEJydXNzZWxzMB4XDTA4MDUwNjA4MDcyMFoXDTE4MDUwNzA4MDcyMFowga4xCzAJBgNVBAYTAkJFMSowKAYDVQQDEyFUZXN0IFNQRiBGaW5hbmNlcyAtIEZPRCBGaW5hbmNpZW4xKDAmBgNVBAoTH0ZlZGVyYWwgUHVibGljIFNlcnZpY2UgRmluYW5jZXMxIzAhBgNVBAsTGkJlbGdpYW4gRmVkZXJhbCBHb3Zlcm5tZW50MREwDwYDVQQHEwhCcnVzc2VsczERMA8GA1UECBMIQnJ1c3NlbHMwgZ8wDQYJKoZIhvcNAQEBBQADgY0AMIGJAoGBAJ8T/80iF50FvothkWOZDsZUPKM52fxhNdKMT+E/lODqejyJ2iQkjEuW5yJKo0lXNj+Gxwfl99bD16IJMagbrxBnJPwR7SeS3JQ0IaLkOorOoeZkZLFoFMSfZWT9uCf6Qf/uNMQtRnX2351P1OF3cld68uFGUNS8U93OqxS9R/ZvAgMBAAGjTzBNMAwGA1UdEwQFMAMBAf8wCwYDVR0PBAQDAgTwMB0GA1UdJQQWMBQGCCsGAQUFBwMCBggrBgEFBQcDBDARBglghkgBhvhCAQEEBAMCBLAwDQYJKoZIhvcNAQEFBQADgYEATnEO8juTdcZtwzvl5EHnZ9+6cEM9rsWuQtq43UXw4RqveHWUE+Cn2ElMPiyuxLLzkzQTbcDYxI9FgVAXFEmqPf7Jii2PpHIlo8yHWCWMuPP0OykMF6YuCtyutKJBbGuTT36gNVAUEPeD34fzB5pgy2aG5wQTQctRdDz07CVM3cI=</ns26:X509Certificate>
                     </ns26:X509Data>
                  </ns26:KeyInfo>
               </ns26:Signature>
            </ns27:technical>
         </ns46:debtNotification>
         </v1:request>
      </v1:fiscalDebtNotificationRequest>
   </soapenv:Body>
</soapenv:Envelope>]]></con:request><con:assertion type="SOAP Fault Assertion" id="73890459-2822-4dc6-a9a1-66d7167c218d" name="Not SOAP Fault"/><con:assertion type="SOAP Response" id="97261c34-725f-453e-8fda-e0715f5ed5ef" name="SOAP Response"/><con:assertion type="Schema Compliance" id="2ab5c428-8ba4-4e1e-acde-5a8a379e62d7" name="Schema Compliance"><con:configuration/></con:assertion><con:wsaConfig action="http://fidus.brussels/services/fourthwaydebtservice/fiscalDebtNotification"/></con:request></con:config></con:testStep><con:testStep type="request" id="7ae64f5f-451d-468c-9d55-e5d8ebd97370" name="testcase3 - Test - Worker1 - Request"><con:settings/><con:config xsi:type="con:RequestStep" xmlns:xsi="http://www.w3.org/2001/XMLSchema-instance"><con:interface>FourthWayDebtServiceHTTPBinding</con:interface><con:operation>fiscalDebtNotification</con:operation><con:request name="testcase3 - Test - Worker1 - Request" id="eab690a1-1b7b-4def-a96a-551d1aeed9b3" outgoingWss="Outflow TEST"><con:settings/><con:encoding>UTF-8</con:encoding><con:endpoint>https://192.168.22.53:8443/services/FourthWayDebtService_v1.0</con:endpoint><con:request><![CDATA[<soapenv:Envelope xmlns:soapenv="http://schemas.xmlsoap.org/soap/envelope/" xmlns:v1="http://fidus.brussels/service/fourthwaydebtservice/messages/v1" xmlns:v11="http://fidus.brussels/type/common/messages/v1" xmlns:deb="http://fsb.belgium.be/FourthWayServices/debtnotification" xmlns:gen="http://fsb.belgium.be/FourthWayServices/generalcaseinformation" xmlns:dat="http://fsb.belgium.be/FourthWayServices/common/datatypes" xmlns:ins="http://fsb.belgium.be/FourthWayServices/institution" xmlns:add="http://fsb.belgium.be/FourthWayServices/common/addressinformation" xmlns:con="http://fsb.belgium.be/FourthWayServices/contact" xmlns:deb1="http://fsb.belgium.be/FourthWayServices/debtparty" xmlns:par="http://fsb.belgium.be/FourthWayServices/party" xmlns:debt="http://fsb.belgium.be/FourthWayServices/debt" xmlns:leg="http://fsb.belgium.be/FourthWayServices/legalbase" xmlns:tec="http://fsb.belgium.be/FourthWayServices/technical" xmlns:xd="http://www.w3.org/2000/09/xmldsig#">
   <soapenv:Header/>
   <soapenv:Body>
      <v1:fiscalDebtNotificationRequest>
         <v1:messageContext>
         	  <v11:messageId>${=import static java.util.UUID.randomUUID; uuid = randomUUID() as String}</v11:messageId>
            <v11:timestamp>${=new java.text.SimpleDateFormat("yyyy-MM-dd'T'HH:mm:ss.SSS").format(new Date())}</v11:timestamp>
         </v1:messageContext>
         <v1:legalContext>ServiceIntegrator</v1:legalContext>      
         <v1:request>
 		<ns46:debtNotification Id="SignMe" xmlns:ns50="http://be.belgium.fsb/fourthWayService/Debt" xmlns="http://fsb.belgium.be/FourthWayServices/common/addressinformation" xmlns:ns10="http://fsb.belgium.be/FourthWayServices/shipinformation" xmlns:ns11="http://fsb.belgium.be/FourthWayServices/selfemployed" xmlns:ns12="http://fsb.belgium.be/FourthWayServices/institution" xmlns:ns13="http://fsb.belgium.be/FourthWayServices/enterprise" xmlns:ns14="http://fsb.belgium.be/FourthWayServices/honorbaseddeclarations" xmlns:ns15="http://fsb.belgium.be/FourthWayServices/unregisteredparty" xmlns:ns16="http://fsb.belgium.be/FourthWayServices/partnerdescription" xmlns:ns17="http://fsb.belgium.be/FourthWayServices/mortgagegoods" xmlns:ns18="http://fsb.belgium.be/FourthWayServices/deficitcaseinformation" xmlns:ns19="http://fsb.belgium.be/FourthWayServices/debtinquiry" xmlns:ns2="http://fsb.belgium.be/FourthWayServices/common/datatypes" xmlns:ns20="http://fsb.belgium.be/FourthWayServices/immovablegoodtransaction" xmlns:ns21="http://fsb.belgium.be/FourthWayServices/movablegoodtransaction" xmlns:ns22="http://fsb.belgium.be/FourthWayServices/inheritanceinformation" xmlns:ns23="http://fsb.belgium.be/FourthWayServices/successiontransaction" xmlns:ns24="http://fsb.belgium.be/FourthWayServices/fourthwaymessage" xmlns:ns25="http://fsb.belgium.be/FourthWayServices/generalcaseinformation" xmlns:ns26="http://www.w3.org/2000/09/xmldsig#" xmlns:ns27="http://fsb.belgium.be/FourthWayServices/technical" xmlns:ns28="http://fsb.belgium.be/FourthWayServices/acknowledgementinformation" xmlns:ns29="http://fsb.belgium.be/FourthWayServices/error" xmlns:ns3="http://fsb.belgium.be/FourthWayServices/salesinformation" xmlns:ns30="http://fsb.belgium.be/FourthWayServices/businesserror" xmlns:ns31="http://fsb.belgium.be/FourthWayServices/fiscaldebtdetails" xmlns:ns32="http://fsb.belgium.be/FourthWayServices/officialproclamation" xmlns:ns33="http://fsb.belgium.be/FourthWayServices/beneficiary" xmlns:ns34="http://fsb.belgium.be/FourthWayServices/common/bankaccount" xmlns:ns35="http://fsb.belgium.be/FourthWayServices/debtdetailedinformation" xmlns:ns36="http://fsb.belgium.be/FourthWayServices/debtsolidarity" xmlns:ns37="http://fsb.belgium.be/FourthWayServices/fiscaldebt" xmlns:ns38="http://fsb.belgium.be/FourthWayServices/socialdebtdetails" xmlns:ns39="http://fsb.belgium.be/FourthWayServices/debtinformation" xmlns:ns4="http://fsb.belgium.be/FourthWayServices/gooddescription" xmlns:ns40="http://fsb.belgium.be/FourthWayServices/socialdebt" xmlns:ns41="http://fsb.belgium.be/FourthWayServices/fiscalregionflandersdebtdetails" xmlns:ns42="http://fsb.belgium.be/FourthWayServices/fiscalregionflandersdebt" xmlns:ns43="http://fsb.belgium.be/FourthWayServices/debt" xmlns:ns44="http://fsb.belgium.be/FourthWayServices/debtparty" xmlns:ns45="http://fsb.belgium.be/FourthWayServices/legalbase" xmlns:ns46="http://fsb.belgium.be/FourthWayServices/debtnotification" xmlns:ns47="http://fsb.belgium.be/FourthWayServices/debtdeficitnotification" xmlns:ns48="http://fsb.belgium.be/FourthWayServices/header" xmlns:ns49="http://fsb.belgium.be/header" xmlns:ns5="http://fsb.belgium.be/FourthWayServices/party" xmlns:ns51="http://fsb.belgium.be/FourthWayServices/technicalack" xmlns:ns52="http://fsb.belgium.be/FourthWayServices/functionalack" xmlns:ns6="http://fsb.belgium.be/FourthWayServices/naturalperson" xmlns:ns7="http://fsb.belgium.be/FourthWayServices/nonresident" xmlns:ns8="http://fsb.belgium.be/FourthWayServices/contact" xmlns:ns9="http://fsb.belgium.be/FourthWayServices/propertyinformation">
            <ns25:generalCaseInformation>
               <ns25:administrativeInformation>
                  <ns25:language>FR</ns25:language>
                  <ns25:caseNumber>2444080.210115.0167</ns25:caseNumber>
                  <ns25:transactionType>3</ns25:transactionType>
                  <ns25:procedureNumber>ENOT4000000419570</ns25:procedureNumber>
                  <ns25:replacedProcedureNumber xsi:nil="true" xmlns:xsi="http://www.w3.org/2001/XMLSchema-instance"/>
                  <ns25:requestDate>2015-01-21T14:50:02.446+01:00</ns25:requestDate>
                  <ns25:origin>
                     <ns2:origin>
                        <ns2:partner>FPS Finance</ns2:partner>
                        <ns2:partnerCode codeType="KBO">0308357159</ns2:partnerCode>
                     </ns2:origin>
                  </ns25:origin>
                  <ns25:destinations>
                     <ns2:destination>
                        <ns2:partner>FRNB</ns2:partner>
                        <ns2:partnerCode codeType="KBO">0409357321</ns2:partnerCode>
                     </ns2:destination>
                  </ns25:destinations>
                  <ns25:requestorInformation>
                     <ns12:institution>
                        <ns12:institutionType>Federal</ns12:institutionType>
                        <ns12:institutionName>Huy</ns12:institutionName>
                        <ns12:institutionIdentificationNumber type="CDDB">600904</ns12:institutionIdentificationNumber>
                        <address>
                           <location>
                              <country>
                                 <countryCode codeStandard="ISO">BE</countryCode>
                              </country>
                              <postalCode>4500</postalCode>
                           </location>
                           <street>Avenue Albert 1er</street>
                           <houseNumber>8/10</houseNumber>
                        </address>
                        <ns12:contactInformation>
                           <ns8:phoneNumber type="phone">025783660</ns8:phoneNumber>
                           <ns8:emailAddress type="email">rec.cd.huy@minfin.fed.be</ns8:emailAddress>
                        </ns12:contactInformation>
                     </ns12:institution>
                     <ns25:responsiblePerson>
                        <ns2:name>
                           <ns2:firstName>Testuser</ns2:firstName>
                           <ns2:lastName>testuser.enotrec01</ns2:lastName>
                        </ns2:name>
                        <ns8:contactInformation/>
                     </ns25:responsiblePerson>
                     <ns25:contactPerson>
                        <ns2:name>
                           <ns2:firstName>Testuser</ns2:firstName>
                           <ns2:lastName>EnotRec01</ns2:lastName>
                        </ns2:name>
                        <ns8:contactInformation>
                           <ns8:emailAddress type="email">testuser.enotrec01@guest.minfin.fed.be</ns8:emailAddress>
                        </ns8:contactInformation>
                     </ns25:contactPerson>
                  </ns25:requestorInformation>
               </ns25:administrativeInformation>
            </ns25:generalCaseInformation>
            <ns44:debtParty>
               <ns5:party partyID="005">
                  <ns5:residentialParty>false</ns5:residentialParty>
                  <ns6:naturalPerson>
                     <ns2:entityReference>
                        <ns2:source>notice1</ns2:source>
                        <ns2:entityID type="nationalNumber">68082123438</ns2:entityID>
                     </ns2:entityReference>
                     <ns6:personInformation>
                        <ns2:name>
                           <ns2:firstName>Yolande Adrienne</ns2:firstName>
                           <ns2:lastName>BUITER</ns2:lastName>
                        </ns2:name>
                        <address>
                           <location>
                              <country>
                                 <countryDescription>Belgium</countryDescription>
                                 <countryCode codeStandard="ISO">BE</countryCode>
                              </country>
                              <municipalityDescription>Verlaine</municipalityDescription>
                              <postalCode>4537</postalCode>
                           </location>
                           <street>Rue aux Raines</street>
                           <houseNumber>53</houseNumber>
                        </address>
                     </ns6:personInformation>
                  </ns6:naturalPerson>
               </ns5:party>
               <ns43:debt debtID="1">
                  <ns37:fiscaldebt>
                     <ns31:fiscalDebtDetails>
                        <ns31:debtType>VAT</ns31:debtType>
                        <ns31:declarations>
                           <ns31:negligenceClause>
                              <ns31:additionalIntrest>0</ns31:additionalIntrest>
                              <ns31:additionalIntrestFromDate>2015-01-21+01:00</ns31:additionalIntrestFromDate>
                           </ns31:negligenceClause>
                        </ns31:declarations>
                        <ns2:referencePeriod>
                           <ns2:startDate>2015-01-06+01:00</ns2:startDate>
                           <ns2:endDate>2015-01-13+01:00</ns2:endDate>
                        </ns2:referencePeriod>
                        <ns31:totalDebt>45</ns31:totalDebt>
                        <ns31:debtBreakdown>
                           <ns31:debtSubType>VAT</ns31:debtSubType>
                           <ns31:debtSubAmount>45</ns31:debtSubAmount>
                        </ns31:debtBreakdown>
                        <ns31:debtBreakdown>
                           <ns31:debtSubType>IM</ns31:debtSubType>
                           <ns31:debtSubAmount>0</ns31:debtSubAmount>
                        </ns31:debtBreakdown>
                        <ns31:debtBreakdown>
                           <ns31:debtSubType>INTEREST</ns31:debtSubType>
                           <ns31:debtSubAmount>0</ns31:debtSubAmount>
                        </ns31:debtBreakdown>
                        <ns31:debtBreakdown>
                           <ns31:debtSubType>FINES</ns31:debtSubType>
                           <ns31:debtSubAmount>0</ns31:debtSubAmount>
                        </ns31:debtBreakdown>
                        <ns31:debtBreakdown>
                           <ns31:debtSubType>COST</ns31:debtSubType>
                           <ns31:debtSubAmount>0</ns31:debtSubAmount>
                        </ns31:debtBreakdown>
                     </ns31:fiscalDebtDetails>
                     <ns32:officialProclamation/>
                     <ns33:beneficiary>
                        <ns33:beneficiaryName>CTRI Namur</ns33:beneficiaryName>
                        <ns33:structuredMessage>N99998745412NOT/</ns33:structuredMessage>
                        <ns33:amount>45</ns33:amount>
                        <ns34:bankAccount>
                           <ns34:ibanNumber>BE42 6792 0034 9254</ns34:ibanNumber>
                           <ns34:bicCode>PCHQBEBB</ns34:bicCode>
                           <ns34:accountName>CTRI Namur</ns34:accountName>
                           <address>
                              <location>
                                 <country>
                                    <countryCode codeStandard="ISO">BE</countryCode>
                                 </country>
                                 <municipalityDescription language="fr">Namur</municipalityDescription>
                                 <postalCode>5000</postalCode>
                              </location>
                              <street>Rue des Bourgeois</street>
                              <houseNumber>7/Bloc B</houseNumber>
                           </address>
                        </ns34:bankAccount>
                     </ns33:beneficiary>
                     <ns35:debtDetailedInformation>
                        <ns35:calculationDate>2015-01-21+01:00</ns35:calculationDate>
                        <ns35:referentialNumber>999998745412</ns35:referentialNumber>
                     </ns35:debtDetailedInformation>
                  </ns37:fiscaldebt>
               </ns43:debt>
               <ns44:totalDebtAmount>45</ns44:totalDebtAmount>
            </ns44:debtParty>
            <ns45:legalBase>
               <ns45:legalSource>Code de la taxe sur la valeur ajout��e</ns45:legalSource>
               <ns45:legalBaseIdentifier>Article 93quater</ns45:legalBaseIdentifier>
            </ns45:legalBase>
            <ns27:technical>
               <ns26:Signature>
                  <ns26:SignedInfo>
                     <ns26:CanonicalizationMethod Algorithm="http://www.w3.org/TR/2001/REC-xml-c14n-20010315"/>
                     <ns26:SignatureMethod Algorithm="http://www.w3.org/2000/09/xmldsig#rsa-sha1"/>
                     <ns26:Reference URI="#signMe">
                        <ns26:DigestMethod Algorithm="http://www.w3.org/2000/09/xmldsig#sha1"/>
                        <ns26:DigestValue>CbUOX9jTy0uYSCKDVQl6peUatJ8=</ns26:DigestValue>
                     </ns26:Reference>
                  </ns26:SignedInfo>
                  <ns26:SignatureValue>WBXEECQtMTWGGq5EGO+5kyVw1kJefLsfHVA/5eYB6pZ3GOZ7LOLc/jAhKbqxeV3qdWiMGx3VzgvdF4ZaMB2HS1fLmnOmNDXHhrrqYQJ51LGDvex39k7/xAJAmuub7MDtfAu08WBTVpmQ5khGL9ZrYOXr5RoG70BrlWNr+37FekM=</ns26:SignatureValue>
                  <ns26:KeyInfo>
                     <ns26:X509Data>
                        <ns26:X509SubjectName>ST=Brussels,L=Brussels,OU=Belgian Federal Government,O=Federal Public Service Finances,CN=Test SPF Finances - FOD Financien,C=BE</ns26:X509SubjectName>
                        <ns26:X509Certificate>MIIDKzCCApSgAwIBAgIJAIkxAL2MG081MA0GCSqGSIb3DQEBBQUAMIGuMQswCQYDVQQGEwJCRTEqMCgGA1UEAxMhVGVzdCBTUEYgRmluYW5jZXMgLSBGT0QgRmluYW5jaWVuMSgwJgYDVQQKEx9GZWRlcmFsIFB1YmxpYyBTZXJ2aWNlIEZpbmFuY2VzMSMwIQYDVQQLExpCZWxnaWFuIEZlZGVyYWwgR292ZXJubWVudDERMA8GA1UEBxMIQnJ1c3NlbHMxETAPBgNVBAgTCEJydXNzZWxzMB4XDTA4MDUwNjA4MDcyMFoXDTE4MDUwNzA4MDcyMFowga4xCzAJBgNVBAYTAkJFMSowKAYDVQQDEyFUZXN0IFNQRiBGaW5hbmNlcyAtIEZPRCBGaW5hbmNpZW4xKDAmBgNVBAoTH0ZlZGVyYWwgUHVibGljIFNlcnZpY2UgRmluYW5jZXMxIzAhBgNVBAsTGkJlbGdpYW4gRmVkZXJhbCBHb3Zlcm5tZW50MREwDwYDVQQHEwhCcnVzc2VsczERMA8GA1UECBMIQnJ1c3NlbHMwgZ8wDQYJKoZIhvcNAQEBBQADgY0AMIGJAoGBAJ8T/80iF50FvothkWOZDsZUPKM52fxhNdKMT+E/lODqejyJ2iQkjEuW5yJKo0lXNj+Gxwfl99bD16IJMagbrxBnJPwR7SeS3JQ0IaLkOorOoeZkZLFoFMSfZWT9uCf6Qf/uNMQtRnX2351P1OF3cld68uFGUNS8U93OqxS9R/ZvAgMBAAGjTzBNMAwGA1UdEwQFMAMBAf8wCwYDVR0PBAQDAgTwMB0GA1UdJQQWMBQGCCsGAQUFBwMCBggrBgEFBQcDBDARBglghkgBhvhCAQEEBAMCBLAwDQYJKoZIhvcNAQEFBQADgYEATnEO8juTdcZtwzvl5EHnZ9+6cEM9rsWuQtq43UXw4RqveHWUE+Cn2ElMPiyuxLLzkzQTbcDYxI9FgVAXFEmqPf7Jii2PpHIlo8yHWCWMuPP0OykMF6YuCtyutKJBbGuTT36gNVAUEPeD34fzB5pgy2aG5wQTQctRdDz07CVM3cI=</ns26:X509Certificate>
                     </ns26:X509Data>
                  </ns26:KeyInfo>
               </ns26:Signature>
            </ns27:technical>
         </ns46:debtNotification>
         </v1:request>
      </v1:fiscalDebtNotificationRequest>
   </soapenv:Body>
</soapenv:Envelope>]]></con:request><con:assertion type="SOAP Fault Assertion" id="25071197-fd77-4f72-9491-f59fccb00d4a" name="Not SOAP Fault"/><con:assertion type="SOAP Response" id="b77e5cc7-6227-4dcb-b2b1-b803c832491a" name="SOAP Response"/><con:assertion type="Schema Compliance" id="9feb2743-19e5-4ccf-90e5-6c8d70d51748" name="Schema Compliance"><con:configuration/></con:assertion><con:wsaConfig action="http://fidus.brussels/services/fourthwaydebtservice/fiscalDebtNotification"/></con:request></con:config></con:testStep><con:testStep type="request" id="e4ce517e-3eee-4dc9-b6f2-b732b63a8b17" name="testcase3 - Test - Worker2 - Request"><con:settings/><con:config xsi:type="con:RequestStep" xmlns:xsi="http://www.w3.org/2001/XMLSchema-instance"><con:interface>FourthWayDebtServiceHTTPBinding</con:interface><con:operation>fiscalDebtNotification</con:operation><con:request name="testcase3 - Test - Worker2 - Request" id="d2a54ee4-656a-41d0-80ad-f5b68a289225" outgoingWss="Outflow TEST"><con:settings/><con:encoding>UTF-8</con:encoding><con:endpoint>https://192.168.22.54:8443/services/FourthWayDebtService_v1.0</con:endpoint><con:request><![CDATA[<soapenv:Envelope xmlns:soapenv="http://schemas.xmlsoap.org/soap/envelope/" xmlns:v1="http://fidus.brussels/service/fourthwaydebtservice/messages/v1" xmlns:v11="http://fidus.brussels/type/common/messages/v1" xmlns:deb="http://fsb.belgium.be/FourthWayServices/debtnotification" xmlns:gen="http://fsb.belgium.be/FourthWayServices/generalcaseinformation" xmlns:dat="http://fsb.belgium.be/FourthWayServices/common/datatypes" xmlns:ins="http://fsb.belgium.be/FourthWayServices/institution" xmlns:add="http://fsb.belgium.be/FourthWayServices/common/addressinformation" xmlns:con="http://fsb.belgium.be/FourthWayServices/contact" xmlns:deb1="http://fsb.belgium.be/FourthWayServices/debtparty" xmlns:par="http://fsb.belgium.be/FourthWayServices/party" xmlns:debt="http://fsb.belgium.be/FourthWayServices/debt" xmlns:leg="http://fsb.belgium.be/FourthWayServices/legalbase" xmlns:tec="http://fsb.belgium.be/FourthWayServices/technical" xmlns:xd="http://www.w3.org/2000/09/xmldsig#">
   <soapenv:Header/>
   <soapenv:Body>
      <v1:fiscalDebtNotificationRequest>
         <v1:messageContext>
         	  <v11:messageId>${=import static java.util.UUID.randomUUID; uuid = randomUUID() as String}</v11:messageId>
            <v11:timestamp>${=new java.text.SimpleDateFormat("yyyy-MM-dd'T'HH:mm:ss.SSS").format(new Date())}</v11:timestamp>
         </v1:messageContext>
         <v1:legalContext>ServiceIntegrator</v1:legalContext>      
         <v1:request>
 		<ns46:debtNotification Id="SignMe" xmlns:ns50="http://be.belgium.fsb/fourthWayService/Debt" xmlns="http://fsb.belgium.be/FourthWayServices/common/addressinformation" xmlns:ns10="http://fsb.belgium.be/FourthWayServices/shipinformation" xmlns:ns11="http://fsb.belgium.be/FourthWayServices/selfemployed" xmlns:ns12="http://fsb.belgium.be/FourthWayServices/institution" xmlns:ns13="http://fsb.belgium.be/FourthWayServices/enterprise" xmlns:ns14="http://fsb.belgium.be/FourthWayServices/honorbaseddeclarations" xmlns:ns15="http://fsb.belgium.be/FourthWayServices/unregisteredparty" xmlns:ns16="http://fsb.belgium.be/FourthWayServices/partnerdescription" xmlns:ns17="http://fsb.belgium.be/FourthWayServices/mortgagegoods" xmlns:ns18="http://fsb.belgium.be/FourthWayServices/deficitcaseinformation" xmlns:ns19="http://fsb.belgium.be/FourthWayServices/debtinquiry" xmlns:ns2="http://fsb.belgium.be/FourthWayServices/common/datatypes" xmlns:ns20="http://fsb.belgium.be/FourthWayServices/immovablegoodtransaction" xmlns:ns21="http://fsb.belgium.be/FourthWayServices/movablegoodtransaction" xmlns:ns22="http://fsb.belgium.be/FourthWayServices/inheritanceinformation" xmlns:ns23="http://fsb.belgium.be/FourthWayServices/successiontransaction" xmlns:ns24="http://fsb.belgium.be/FourthWayServices/fourthwaymessage" xmlns:ns25="http://fsb.belgium.be/FourthWayServices/generalcaseinformation" xmlns:ns26="http://www.w3.org/2000/09/xmldsig#" xmlns:ns27="http://fsb.belgium.be/FourthWayServices/technical" xmlns:ns28="http://fsb.belgium.be/FourthWayServices/acknowledgementinformation" xmlns:ns29="http://fsb.belgium.be/FourthWayServices/error" xmlns:ns3="http://fsb.belgium.be/FourthWayServices/salesinformation" xmlns:ns30="http://fsb.belgium.be/FourthWayServices/businesserror" xmlns:ns31="http://fsb.belgium.be/FourthWayServices/fiscaldebtdetails" xmlns:ns32="http://fsb.belgium.be/FourthWayServices/officialproclamation" xmlns:ns33="http://fsb.belgium.be/FourthWayServices/beneficiary" xmlns:ns34="http://fsb.belgium.be/FourthWayServices/common/bankaccount" xmlns:ns35="http://fsb.belgium.be/FourthWayServices/debtdetailedinformation" xmlns:ns36="http://fsb.belgium.be/FourthWayServices/debtsolidarity" xmlns:ns37="http://fsb.belgium.be/FourthWayServices/fiscaldebt" xmlns:ns38="http://fsb.belgium.be/FourthWayServices/socialdebtdetails" xmlns:ns39="http://fsb.belgium.be/FourthWayServices/debtinformation" xmlns:ns4="http://fsb.belgium.be/FourthWayServices/gooddescription" xmlns:ns40="http://fsb.belgium.be/FourthWayServices/socialdebt" xmlns:ns41="http://fsb.belgium.be/FourthWayServices/fiscalregionflandersdebtdetails" xmlns:ns42="http://fsb.belgium.be/FourthWayServices/fiscalregionflandersdebt" xmlns:ns43="http://fsb.belgium.be/FourthWayServices/debt" xmlns:ns44="http://fsb.belgium.be/FourthWayServices/debtparty" xmlns:ns45="http://fsb.belgium.be/FourthWayServices/legalbase" xmlns:ns46="http://fsb.belgium.be/FourthWayServices/debtnotification" xmlns:ns47="http://fsb.belgium.be/FourthWayServices/debtdeficitnotification" xmlns:ns48="http://fsb.belgium.be/FourthWayServices/header" xmlns:ns49="http://fsb.belgium.be/header" xmlns:ns5="http://fsb.belgium.be/FourthWayServices/party" xmlns:ns51="http://fsb.belgium.be/FourthWayServices/technicalack" xmlns:ns52="http://fsb.belgium.be/FourthWayServices/functionalack" xmlns:ns6="http://fsb.belgium.be/FourthWayServices/naturalperson" xmlns:ns7="http://fsb.belgium.be/FourthWayServices/nonresident" xmlns:ns8="http://fsb.belgium.be/FourthWayServices/contact" xmlns:ns9="http://fsb.belgium.be/FourthWayServices/propertyinformation">
            <ns25:generalCaseInformation>
               <ns25:administrativeInformation>
                  <ns25:language>FR</ns25:language>
                  <ns25:caseNumber>2444080.210115.0167</ns25:caseNumber>
                  <ns25:transactionType>3</ns25:transactionType>
                  <ns25:procedureNumber>ENOT4000000419570</ns25:procedureNumber>
                  <ns25:replacedProcedureNumber xsi:nil="true" xmlns:xsi="http://www.w3.org/2001/XMLSchema-instance"/>
                  <ns25:requestDate>2015-01-21T14:50:02.446+01:00</ns25:requestDate>
                  <ns25:origin>
                     <ns2:origin>
                        <ns2:partner>FPS Finance</ns2:partner>
                        <ns2:partnerCode codeType="KBO">0308357159</ns2:partnerCode>
                     </ns2:origin>
                  </ns25:origin>
                  <ns25:destinations>
                     <ns2:destination>
                        <ns2:partner>FRNB</ns2:partner>
                        <ns2:partnerCode codeType="KBO">0409357321</ns2:partnerCode>
                     </ns2:destination>
                  </ns25:destinations>
                  <ns25:requestorInformation>
                     <ns12:institution>
                        <ns12:institutionType>Federal</ns12:institutionType>
                        <ns12:institutionName>Huy</ns12:institutionName>
                        <ns12:institutionIdentificationNumber type="CDDB">600904</ns12:institutionIdentificationNumber>
                        <address>
                           <location>
                              <country>
                                 <countryCode codeStandard="ISO">BE</countryCode>
                              </country>
                              <postalCode>4500</postalCode>
                           </location>
                           <street>Avenue Albert 1er</street>
                           <houseNumber>8/10</houseNumber>
                        </address>
                        <ns12:contactInformation>
                           <ns8:phoneNumber type="phone">025783660</ns8:phoneNumber>
                           <ns8:emailAddress type="email">rec.cd.huy@minfin.fed.be</ns8:emailAddress>
                        </ns12:contactInformation>
                     </ns12:institution>
                     <ns25:responsiblePerson>
                        <ns2:name>
                           <ns2:firstName>Testuser</ns2:firstName>
                           <ns2:lastName>testuser.enotrec01</ns2:lastName>
                        </ns2:name>
                        <ns8:contactInformation/>
                     </ns25:responsiblePerson>
                     <ns25:contactPerson>
                        <ns2:name>
                           <ns2:firstName>Testuser</ns2:firstName>
                           <ns2:lastName>EnotRec01</ns2:lastName>
                        </ns2:name>
                        <ns8:contactInformation>
                           <ns8:emailAddress type="email">testuser.enotrec01@guest.minfin.fed.be</ns8:emailAddress>
                        </ns8:contactInformation>
                     </ns25:contactPerson>
                  </ns25:requestorInformation>
               </ns25:administrativeInformation>
            </ns25:generalCaseInformation>
            <ns44:debtParty>
               <ns5:party partyID="005">
                  <ns5:residentialParty>false</ns5:residentialParty>
                  <ns6:naturalPerson>
                     <ns2:entityReference>
                        <ns2:source>notice1</ns2:source>
                        <ns2:entityID type="nationalNumber">68082123438</ns2:entityID>
                     </ns2:entityReference>
                     <ns6:personInformation>
                        <ns2:name>
                           <ns2:firstName>Yolande Adrienne</ns2:firstName>
                           <ns2:lastName>BUITER</ns2:lastName>
                        </ns2:name>
                        <address>
                           <location>
                              <country>
                                 <countryDescription>Belgium</countryDescription>
                                 <countryCode codeStandard="ISO">BE</countryCode>
                              </country>
                              <municipalityDescription>Verlaine</municipalityDescription>
                              <postalCode>4537</postalCode>
                           </location>
                           <street>Rue aux Raines</street>
                           <houseNumber>53</houseNumber>
                        </address>
                     </ns6:personInformation>
                  </ns6:naturalPerson>
               </ns5:party>
               <ns43:debt debtID="1">
                  <ns37:fiscaldebt>
                     <ns31:fiscalDebtDetails>
                        <ns31:debtType>VAT</ns31:debtType>
                        <ns31:declarations>
                           <ns31:negligenceClause>
                              <ns31:additionalIntrest>0</ns31:additionalIntrest>
                              <ns31:additionalIntrestFromDate>2015-01-21+01:00</ns31:additionalIntrestFromDate>
                           </ns31:negligenceClause>
                        </ns31:declarations>
                        <ns2:referencePeriod>
                           <ns2:startDate>2015-01-06+01:00</ns2:startDate>
                           <ns2:endDate>2015-01-13+01:00</ns2:endDate>
                        </ns2:referencePeriod>
                        <ns31:totalDebt>45</ns31:totalDebt>
                        <ns31:debtBreakdown>
                           <ns31:debtSubType>VAT</ns31:debtSubType>
                           <ns31:debtSubAmount>45</ns31:debtSubAmount>
                        </ns31:debtBreakdown>
                        <ns31:debtBreakdown>
                           <ns31:debtSubType>IM</ns31:debtSubType>
                           <ns31:debtSubAmount>0</ns31:debtSubAmount>
                        </ns31:debtBreakdown>
                        <ns31:debtBreakdown>
                           <ns31:debtSubType>INTEREST</ns31:debtSubType>
                           <ns31:debtSubAmount>0</ns31:debtSubAmount>
                        </ns31:debtBreakdown>
                        <ns31:debtBreakdown>
                           <ns31:debtSubType>FINES</ns31:debtSubType>
                           <ns31:debtSubAmount>0</ns31:debtSubAmount>
                        </ns31:debtBreakdown>
                        <ns31:debtBreakdown>
                           <ns31:debtSubType>COST</ns31:debtSubType>
                           <ns31:debtSubAmount>0</ns31:debtSubAmount>
                        </ns31:debtBreakdown>
                     </ns31:fiscalDebtDetails>
                     <ns32:officialProclamation/>
                     <ns33:beneficiary>
                        <ns33:beneficiaryName>CTRI Namur</ns33:beneficiaryName>
                        <ns33:structuredMessage>N99998745412NOT/</ns33:structuredMessage>
                        <ns33:amount>45</ns33:amount>
                        <ns34:bankAccount>
                           <ns34:ibanNumber>BE42 6792 0034 9254</ns34:ibanNumber>
                           <ns34:bicCode>PCHQBEBB</ns34:bicCode>
                           <ns34:accountName>CTRI Namur</ns34:accountName>
                           <address>
                              <location>
                                 <country>
                                    <countryCode codeStandard="ISO">BE</countryCode>
                                 </country>
                                 <municipalityDescription language="fr">Namur</municipalityDescription>
                                 <postalCode>5000</postalCode>
                              </location>
                              <street>Rue des Bourgeois</street>
                              <houseNumber>7/Bloc B</houseNumber>
                           </address>
                        </ns34:bankAccount>
                     </ns33:beneficiary>
                     <ns35:debtDetailedInformation>
                        <ns35:calculationDate>2015-01-21+01:00</ns35:calculationDate>
                        <ns35:referentialNumber>999998745412</ns35:referentialNumber>
                     </ns35:debtDetailedInformation>
                  </ns37:fiscaldebt>
               </ns43:debt>
               <ns44:totalDebtAmount>45</ns44:totalDebtAmount>
            </ns44:debtParty>
            <ns45:legalBase>
               <ns45:legalSource>Code de la taxe sur la valeur ajout��e</ns45:legalSource>
               <ns45:legalBaseIdentifier>Article 93quater</ns45:legalBaseIdentifier>
            </ns45:legalBase>
            <ns27:technical>
               <ns26:Signature>
                  <ns26:SignedInfo>
                     <ns26:CanonicalizationMethod Algorithm="http://www.w3.org/TR/2001/REC-xml-c14n-20010315"/>
                     <ns26:SignatureMethod Algorithm="http://www.w3.org/2000/09/xmldsig#rsa-sha1"/>
                     <ns26:Reference URI="#signMe">
                        <ns26:DigestMethod Algorithm="http://www.w3.org/2000/09/xmldsig#sha1"/>
                        <ns26:DigestValue>CbUOX9jTy0uYSCKDVQl6peUatJ8=</ns26:DigestValue>
                     </ns26:Reference>
                  </ns26:SignedInfo>
                  <ns26:SignatureValue>WBXEECQtMTWGGq5EGO+5kyVw1kJefLsfHVA/5eYB6pZ3GOZ7LOLc/jAhKbqxeV3qdWiMGx3VzgvdF4ZaMB2HS1fLmnOmNDXHhrrqYQJ51LGDvex39k7/xAJAmuub7MDtfAu08WBTVpmQ5khGL9ZrYOXr5RoG70BrlWNr+37FekM=</ns26:SignatureValue>
                  <ns26:KeyInfo>
                     <ns26:X509Data>
                        <ns26:X509SubjectName>ST=Brussels,L=Brussels,OU=Belgian Federal Government,O=Federal Public Service Finances,CN=Test SPF Finances - FOD Financien,C=BE</ns26:X509SubjectName>
                        <ns26:X509Certificate>MIIDKzCCApSgAwIBAgIJAIkxAL2MG081MA0GCSqGSIb3DQEBBQUAMIGuMQswCQYDVQQGEwJCRTEqMCgGA1UEAxMhVGVzdCBTUEYgRmluYW5jZXMgLSBGT0QgRmluYW5jaWVuMSgwJgYDVQQKEx9GZWRlcmFsIFB1YmxpYyBTZXJ2aWNlIEZpbmFuY2VzMSMwIQYDVQQLExpCZWxnaWFuIEZlZGVyYWwgR292ZXJubWVudDERMA8GA1UEBxMIQnJ1c3NlbHMxETAPBgNVBAgTCEJydXNzZWxzMB4XDTA4MDUwNjA4MDcyMFoXDTE4MDUwNzA4MDcyMFowga4xCzAJBgNVBAYTAkJFMSowKAYDVQQDEyFUZXN0IFNQRiBGaW5hbmNlcyAtIEZPRCBGaW5hbmNpZW4xKDAmBgNVBAoTH0ZlZGVyYWwgUHVibGljIFNlcnZpY2UgRmluYW5jZXMxIzAhBgNVBAsTGkJlbGdpYW4gRmVkZXJhbCBHb3Zlcm5tZW50MREwDwYDVQQHEwhCcnVzc2VsczERMA8GA1UECBMIQnJ1c3NlbHMwgZ8wDQYJKoZIhvcNAQEBBQADgY0AMIGJAoGBAJ8T/80iF50FvothkWOZDsZUPKM52fxhNdKMT+E/lODqejyJ2iQkjEuW5yJKo0lXNj+Gxwfl99bD16IJMagbrxBnJPwR7SeS3JQ0IaLkOorOoeZkZLFoFMSfZWT9uCf6Qf/uNMQtRnX2351P1OF3cld68uFGUNS8U93OqxS9R/ZvAgMBAAGjTzBNMAwGA1UdEwQFMAMBAf8wCwYDVR0PBAQDAgTwMB0GA1UdJQQWMBQGCCsGAQUFBwMCBggrBgEFBQcDBDARBglghkgBhvhCAQEEBAMCBLAwDQYJKoZIhvcNAQEFBQADgYEATnEO8juTdcZtwzvl5EHnZ9+6cEM9rsWuQtq43UXw4RqveHWUE+Cn2ElMPiyuxLLzkzQTbcDYxI9FgVAXFEmqPf7Jii2PpHIlo8yHWCWMuPP0OykMF6YuCtyutKJBbGuTT36gNVAUEPeD34fzB5pgy2aG5wQTQctRdDz07CVM3cI=</ns26:X509Certificate>
                     </ns26:X509Data>
                  </ns26:KeyInfo>
               </ns26:Signature>
            </ns27:technical>
         </ns46:debtNotification>
         </v1:request>
      </v1:fiscalDebtNotificationRequest>
   </soapenv:Body>
</soapenv:Envelope>]]></con:request><con:assertion type="SOAP Fault Assertion" id="1c473533-aece-4314-8643-0d207880e15e" name="Not SOAP Fault"/><con:assertion type="SOAP Response" id="7923c688-2258-4d16-964e-1cf16b246ba1" name="SOAP Response"/><con:assertion type="Schema Compliance" id="a6e1f014-8dd5-4ee9-8cd2-381141b6c513" name="Schema Compliance"><con:configuration/></con:assertion><con:wsaConfig action="http://fidus.brussels/services/fourthwaydebtservice/fiscalDebtNotification"/></con:request></con:config></con:testStep><con:properties/></con:testCase><con:testCase id="9f8d6ebf-ced9-404f-aede-b5922a342b15" failOnError="true" failTestCaseOnErrors="true" keepSession="false" maxResults="0" name="functionalAck" searchProperties="true"><con:settings/><con:testStep type="request" id="dec5a4e2-0387-47d4-959e-b078c4922486" name="testcase3 - Test - External - Request"><con:settings/><con:config xsi:type="con:RequestStep" xmlns:xsi="http://www.w3.org/2001/XMLSchema-instance"><con:interface>FourthWayDebtServiceHTTPBinding</con:interface><con:operation>functionalAck</con:operation><con:request name="testcase3 - Test - External - Request" id="c2848e1d-853b-4eab-8668-f04834885abe" outgoingWss="Outflow TEST"><con:settings/><con:encoding>UTF-8</con:encoding><con:endpoint>https://fidus-test.irisnetlab.be/services/FourthWayDebtService_v1.0</con:endpoint><con:request><![CDATA[<soapenv:Envelope xmlns:soapenv="http://schemas.xmlsoap.org/soap/envelope/" xmlns:v1="http://fidus.brussels/service/fourthwaydebtservice/messages/v1" xmlns:v11="http://fidus.brussels/type/common/messages/v1" xmlns:debt="http://be.belgium.fsb/fourthWayService/Debt" xmlns:fun="http://fsb.belgium.be/FourthWayServices/functionalack" xmlns:ack="http://fsb.belgium.be/FourthWayServices/acknowledgementinformation" xmlns:S="http://schemas.xmlsoap.org/soap/envelope/" xmlns:dat="http://fsb.belgium.be/FourthWayServices/common/datatypes">
   <soapenv:Header/>
   <soapenv:Body>
      <v1:functionalAckRequest>
         <v1:messageContext>
         	  <v11:messageId>${=import static java.util.UUID.randomUUID; uuid = randomUUID() as String}</v11:messageId>
            <v11:timestamp>${=new java.text.SimpleDateFormat("yyyy-MM-dd'T'HH:mm:ss.SSS").format(new Date())}</v11:timestamp>
         </v1:messageContext>      
         <v1:legalContext>ServiceIntegrator</v1:legalContext>
         <v1:request>
           <fun:functionalAcknowledgement>
                <ack:acknowledgementInformation>
                    <dat:procedureID>4d455d8b-b543-453b-acf4-9c63280319aa</dat:procedureID>
                    <ack:acknowledgementDate>2015-04-21T11:55:11.637+01:00</ack:acknowledgementDate>
                    <ack:receiptDate>2015-04-21T15:55:11.637+01:00</ack:receiptDate>
                    <dat:origin>
                        <dat:origin>
                            <dat:partner>FPS Finance</dat:partner>
                            <dat:partnerCode codeType="KBO">0308357159</dat:partnerCode>
                        </dat:origin>
                    </dat:origin>
                    <ack:correlationID>4d455d8b-b543-453b-acf4-9c63280319aa</ack:correlationID>
                    <ack:messageReferenceNumber>ENOT4000000419570</ack:messageReferenceNumber>
                </ack:acknowledgementInformation>
            </fun:functionalAcknowledgement>
         </v1:request>
      </v1:functionalAckRequest>
   </soapenv:Body>
</soapenv:Envelope>]]></con:request><con:assertion type="SOAP Fault Assertion" id="40021949-6a58-4436-9ef0-ec0b587bc1d6" name="Not SOAP Fault"/><con:assertion type="SOAP Response" id="77e8d812-9030-4003-9ed5-8caf01f436c2" name="SOAP Response"/><con:assertion type="Schema Compliance" id="81a705f2-7d0e-4455-a404-a1ddedd1fa80" name="Schema Compliance"><con:configuration/></con:assertion><con:wsaConfig action="http://fidus.brussels/services/fourthwaydebtservice/functionalAck"/></con:request></con:config></con:testStep><con:testStep type="request" id="e2f66a09-cb6d-492e-a43a-d323a93f63c6" name="testcase3 - Test - LB - Request"><con:settings/><con:config xsi:type="con:RequestStep" xmlns:xsi="http://www.w3.org/2001/XMLSchema-instance"><con:interface>FourthWayDebtServiceHTTPBinding</con:interface><con:operation>functionalAck</con:operation><con:request name="testcase3 - Test - LB - Request" id="2de1cca7-6a01-433e-bd8e-c93c614f051e" outgoingWss="Outflow TEST"><con:settings/><con:encoding>UTF-8</con:encoding><con:endpoint>https://esb-security-gw.sta.srv.cirb.lan:8443/services/FourthWayDebtService_v1.0</con:endpoint><con:request><![CDATA[<soapenv:Envelope xmlns:soapenv="http://schemas.xmlsoap.org/soap/envelope/" xmlns:v1="http://fidus.brussels/service/fourthwaydebtservice/messages/v1" xmlns:v11="http://fidus.brussels/type/common/messages/v1" xmlns:debt="http://be.belgium.fsb/fourthWayService/Debt" xmlns:fun="http://fsb.belgium.be/FourthWayServices/functionalack" xmlns:ack="http://fsb.belgium.be/FourthWayServices/acknowledgementinformation" xmlns:S="http://schemas.xmlsoap.org/soap/envelope/" xmlns:dat="http://fsb.belgium.be/FourthWayServices/common/datatypes">
   <soapenv:Header/>
   <soapenv:Body>
      <v1:functionalAckRequest>
         <v1:messageContext>
         	  <v11:messageId>${=import static java.util.UUID.randomUUID; uuid = randomUUID() as String}</v11:messageId>
            <v11:timestamp>${=new java.text.SimpleDateFormat("yyyy-MM-dd'T'HH:mm:ss.SSS").format(new Date())}</v11:timestamp>
         </v1:messageContext>      
         <v1:legalContext>ServiceIntegrator</v1:legalContext>
         <v1:request>
           <fun:functionalAcknowledgement>
                <ack:acknowledgementInformation>
                    <dat:procedureID>4d455d8b-b543-453b-acf4-9c63280319aa</dat:procedureID>
                    <ack:acknowledgementDate>2015-04-21T11:55:11.637+01:00</ack:acknowledgementDate>
                    <ack:receiptDate>2015-04-21T15:55:11.637+01:00</ack:receiptDate>
                    <dat:origin>
                        <dat:origin>
                            <dat:partner>FPS Finance</dat:partner>
                            <dat:partnerCode codeType="KBO">0308357159</dat:partnerCode>
                        </dat:origin>
                    </dat:origin>
                    <ack:correlationID>4d455d8b-b543-453b-acf4-9c63280319aa</ack:correlationID>
                    <ack:messageReferenceNumber>ENOT4000000419570</ack:messageReferenceNumber>
                </ack:acknowledgementInformation>
            </fun:functionalAcknowledgement>
         </v1:request>
      </v1:functionalAckRequest>
   </soapenv:Body>
</soapenv:Envelope>]]></con:request><con:assertion type="SOAP Fault Assertion" id="6e41e3dd-36c9-4da6-8aaf-5bf69e2abb46" name="Not SOAP Fault"/><con:assertion type="SOAP Response" id="cff1675c-8eab-45e8-b462-f78312a304fe" name="SOAP Response"/><con:assertion type="Schema Compliance" id="8d71cc60-5143-4379-97a4-fea3b9cc7d91" name="Schema Compliance"><con:configuration/></con:assertion><con:wsaConfig action="http://fidus.brussels/services/fourthwaydebtservice/functionalAck"/></con:request></con:config></con:testStep><con:testStep type="request" id="b0325d81-7fd5-421f-b8ec-fe615520edf5" name="testcase3 - Test - Worker1 - Request"><con:settings/><con:config xsi:type="con:RequestStep" xmlns:xsi="http://www.w3.org/2001/XMLSchema-instance"><con:interface>FourthWayDebtServiceHTTPBinding</con:interface><con:operation>functionalAck</con:operation><con:request name="testcase3 - Test - Worker1 - Request" id="5a9faf7e-4869-4b31-877d-78af05c56085" outgoingWss="Outflow TEST"><con:settings/><con:encoding>UTF-8</con:encoding><con:endpoint>https://192.168.22.53:8443/services/FourthWayDebtService_v1.0</con:endpoint><con:request><![CDATA[<soapenv:Envelope xmlns:soapenv="http://schemas.xmlsoap.org/soap/envelope/" xmlns:v1="http://fidus.brussels/service/fourthwaydebtservice/messages/v1" xmlns:v11="http://fidus.brussels/type/common/messages/v1" xmlns:debt="http://be.belgium.fsb/fourthWayService/Debt" xmlns:fun="http://fsb.belgium.be/FourthWayServices/functionalack" xmlns:ack="http://fsb.belgium.be/FourthWayServices/acknowledgementinformation" xmlns:S="http://schemas.xmlsoap.org/soap/envelope/" xmlns:dat="http://fsb.belgium.be/FourthWayServices/common/datatypes">
   <soapenv:Header/>
   <soapenv:Body>
      <v1:functionalAckRequest>
         <v1:messageContext>
         	  <v11:messageId>${=import static java.util.UUID.randomUUID; uuid = randomUUID() as String}</v11:messageId>
            <v11:timestamp>${=new java.text.SimpleDateFormat("yyyy-MM-dd'T'HH:mm:ss.SSS").format(new Date())}</v11:timestamp>
         </v1:messageContext>      
         <v1:legalContext>ServiceIntegrator</v1:legalContext>
         <v1:request>
           <fun:functionalAcknowledgement>
                <ack:acknowledgementInformation>
                    <dat:procedureID>4d455d8b-b543-453b-acf4-9c63280319aa</dat:procedureID>
                    <ack:acknowledgementDate>2015-04-21T11:55:11.637+01:00</ack:acknowledgementDate>
                    <ack:receiptDate>2015-04-21T15:55:11.637+01:00</ack:receiptDate>
                    <dat:origin>
                        <dat:origin>
                            <dat:partner>FPS Finance</dat:partner>
                            <dat:partnerCode codeType="KBO">0308357159</dat:partnerCode>
                        </dat:origin>
                    </dat:origin>
                    <ack:correlationID>4d455d8b-b543-453b-acf4-9c63280319aa</ack:correlationID>
                    <ack:messageReferenceNumber>ENOT4000000419570</ack:messageReferenceNumber>
                </ack:acknowledgementInformation>
            </fun:functionalAcknowledgement>
         </v1:request>
      </v1:functionalAckRequest>
   </soapenv:Body>
</soapenv:Envelope>]]></con:request><con:assertion type="SOAP Fault Assertion" id="4ce7f6b9-71ac-406e-8a3c-958b28abb07b" name="Not SOAP Fault"/><con:assertion type="SOAP Response" id="85c5244f-0817-4ac9-9549-5d385283a9b1" name="SOAP Response"/><con:assertion type="Schema Compliance" id="113e1f81-d658-44a7-a8ec-bb0435349890" name="Schema Compliance"><con:configuration/></con:assertion><con:wsaConfig action="http://fidus.brussels/services/fourthwaydebtservice/functionalAck"/></con:request></con:config></con:testStep><con:testStep type="request" id="d44ded24-d9dc-43fd-b12b-2ff0435c5135" name="testcase3 - Test - Worker2 - Request"><con:settings/><con:config xsi:type="con:RequestStep" xmlns:xsi="http://www.w3.org/2001/XMLSchema-instance"><con:interface>FourthWayDebtServiceHTTPBinding</con:interface><con:operation>functionalAck</con:operation><con:request name="testcase3 - Test - Worker2 - Request" id="be2c03d1-f0dd-4a13-8010-8b9c19f7b98e" outgoingWss="Outflow TEST"><con:settings/><con:encoding>UTF-8</con:encoding><con:endpoint>https://192.168.22.54:8443/services/FourthWayDebtService_v1.0</con:endpoint><con:request><![CDATA[<soapenv:Envelope xmlns:soapenv="http://schemas.xmlsoap.org/soap/envelope/" xmlns:v1="http://fidus.brussels/service/fourthwaydebtservice/messages/v1" xmlns:v11="http://fidus.brussels/type/common/messages/v1" xmlns:debt="http://be.belgium.fsb/fourthWayService/Debt" xmlns:fun="http://fsb.belgium.be/FourthWayServices/functionalack" xmlns:ack="http://fsb.belgium.be/FourthWayServices/acknowledgementinformation" xmlns:S="http://schemas.xmlsoap.org/soap/envelope/" xmlns:dat="http://fsb.belgium.be/FourthWayServices/common/datatypes">
   <soapenv:Header/>
   <soapenv:Body>
      <v1:functionalAckRequest>
         <v1:messageContext>
         	  <v11:messageId>${=import static java.util.UUID.randomUUID; uuid = randomUUID() as String}</v11:messageId>
            <v11:timestamp>${=new java.text.SimpleDateFormat("yyyy-MM-dd'T'HH:mm:ss.SSS").format(new Date())}</v11:timestamp>
         </v1:messageContext>      
         <v1:legalContext>ServiceIntegrator</v1:legalContext>
         <v1:request>
           <fun:functionalAcknowledgement>
                <ack:acknowledgementInformation>
                    <dat:procedureID>4d455d8b-b543-453b-acf4-9c63280319aa</dat:procedureID>
                    <ack:acknowledgementDate>2015-04-21T11:55:11.637+01:00</ack:acknowledgementDate>
                    <ack:receiptDate>2015-04-21T15:55:11.637+01:00</ack:receiptDate>
                    <dat:origin>
                        <dat:origin>
                            <dat:partner>FPS Finance</dat:partner>
                            <dat:partnerCode codeType="KBO">0308357159</dat:partnerCode>
                        </dat:origin>
                    </dat:origin>
                    <ack:correlationID>4d455d8b-b543-453b-acf4-9c63280319aa</ack:correlationID>
                    <ack:messageReferenceNumber>ENOT4000000419570</ack:messageReferenceNumber>
                </ack:acknowledgementInformation>
            </fun:functionalAcknowledgement>
         </v1:request>
      </v1:functionalAckRequest>
   </soapenv:Body>
</soapenv:Envelope>]]></con:request><con:assertion type="SOAP Fault Assertion" id="ca3ecc5e-0fad-4746-90d0-09611d3c85b4" name="Not SOAP Fault"/><con:assertion type="SOAP Response" id="3d09c6c1-c4ca-429d-a3d1-cbdb05a1ffbe" name="SOAP Response"/><con:assertion type="Schema Compliance" id="2f5c69c3-0a03-4e02-9f1f-0d093ced29bd" name="Schema Compliance"><con:configuration/></con:assertion><con:wsaConfig action="http://fidus.brussels/services/fourthwaydebtservice/functionalAck"/></con:request></con:config></con:testStep><con:properties/></con:testCase><con:properties/></con:testSuite><con:testSuite id="c5199fa8-9afb-49d6-9849-0f6e270c7e35" name="STAG"><con:settings/><con:runType>SEQUENTIAL</con:runType><con:testCase id="e230a8b6-7c66-4d13-9d59-e5fd046994ee" failOnError="true" failTestCaseOnErrors="true" keepSession="false" maxResults="0" name="businessError" searchProperties="true"><con:settings/><con:testStep type="request" id="3915fd6d-a99c-44a0-9439-bf4fcfde62fd" name="testcase4 - Staging - External - Request"><con:settings/><con:config xsi:type="con:RequestStep" xmlns:xsi="http://www.w3.org/2001/XMLSchema-instance"><con:interface>FourthWayDebtServiceHTTPBinding</con:interface><con:operation>businessError</con:operation><con:request name="testcase4 - Staging - External - Request" id="bbc85ecd-b098-4091-9894-d3ff61015432" outgoingWss="Outflow STAG"><con:settings/><con:encoding>UTF-8</con:encoding><con:endpoint>https://fidus.irisnetlab.be/services/FourthWayDebtService_v1.0</con:endpoint><con:request><![CDATA[<soapenv:Envelope xmlns:soapenv="http://schemas.xmlsoap.org/soap/envelope/" xmlns:v1="http://fidus.brussels/service/fourthwaydebtservice/messages/v1" xmlns:v11="http://fidus.brussels/type/common/messages/v1" xmlns:bus="http://fsb.belgium.be/FourthWayServices/businesserror" xmlns:err="http://fsb.belgium.be/FourthWayServices/error" xmlns:dat="http://fsb.belgium.be/FourthWayServices/common/datatypes">
   <soapenv:Header/>
   <soapenv:Body>
      <v1:businessErrorRequest>
         <v1:messageContext>
     	  <v11:messageId>${=import static java.util.UUID.randomUUID; uuid = randomUUID() as String}</v11:messageId>
            <v11:timestamp>${=new java.text.SimpleDateFormat("yyyy-MM-dd'T'HH:mm:ss.SSS").format(new Date())}</v11:timestamp>
         </v1:messageContext>
         <v1:legalContext>ServiceIntegrator</v1:legalContext>
         <v1:request>
   		<bus:businessError>
            <err:error>
               <err:code>VAL0005</err:code>
               <err:description>A validation error</err:description>
            </err:error>
            <bus:messageIdentification>
               <dat:origin>
                  <dat:origin>
                     <dat:partner>FRNB</dat:partner>
                     <dat:partnerCode codeType="KBO">0409357321</dat:partnerCode>
                  </dat:origin>
               </dat:origin>
            </bus:messageIdentification>
         </bus:businessError>
         </v1:request>
      </v1:businessErrorRequest>
   </soapenv:Body>
</soapenv:Envelope>]]></con:request><con:assertion type="SOAP Fault Assertion" id="38d7978d-ae62-413c-8b25-956b04fc3586" name="Not SOAP Fault"/><con:assertion type="SOAP Response" id="b4664005-8d5b-4f4c-b61f-ad0575accfcd" name="SOAP Response"/><con:assertion type="Schema Compliance" id="1754a7f8-6cbd-4849-a529-d144d14641c4" name="Schema Compliance"><con:configuration/></con:assertion><con:wsaConfig action="http://fidus.brussels/services/fourthwaydebtservice/businessError"/></con:request></con:config></con:testStep><con:testStep type="request" id="1685c908-acf1-4293-a097-c87abdd14c82" name="testcase4 - Staging - LB - Request"><con:settings/><con:config xsi:type="con:RequestStep" xmlns:xsi="http://www.w3.org/2001/XMLSchema-instance"><con:interface>FourthWayDebtServiceHTTPBinding</con:interface><con:operation>businessError</con:operation><con:request name="testcase4 - Staging - LB - Request" id="ef28b77f-1d05-4b76-afe3-be8bd50a56ef" outgoingWss="Outflow STAG"><con:settings/><con:encoding>UTF-8</con:encoding><con:endpoint>https://fidus-esb-sg.sta.srv.cirb.lan:8443/services/FourthWayDebtService_v1.0</con:endpoint><con:request><![CDATA[<soapenv:Envelope xmlns:soapenv="http://schemas.xmlsoap.org/soap/envelope/" xmlns:v1="http://fidus.brussels/service/fourthwaydebtservice/messages/v1" xmlns:v11="http://fidus.brussels/type/common/messages/v1" xmlns:bus="http://fsb.belgium.be/FourthWayServices/businesserror" xmlns:err="http://fsb.belgium.be/FourthWayServices/error" xmlns:dat="http://fsb.belgium.be/FourthWayServices/common/datatypes">
   <soapenv:Header/>
   <soapenv:Body>
      <v1:businessErrorRequest>
         <v1:messageContext>
     	  <v11:messageId>${=import static java.util.UUID.randomUUID; uuid = randomUUID() as String}</v11:messageId>
            <v11:timestamp>${=new java.text.SimpleDateFormat("yyyy-MM-dd'T'HH:mm:ss.SSS").format(new Date())}</v11:timestamp>
         </v1:messageContext>
         <v1:legalContext>ServiceIntegrator</v1:legalContext>
         <v1:request>
   		<bus:businessError>
            <err:error>
               <err:code>VAL0005</err:code>
               <err:description>A validation error</err:description>
            </err:error>
            <bus:messageIdentification>
               <dat:origin>
                  <dat:origin>
                     <dat:partner>FRNB</dat:partner>
                     <dat:partnerCode codeType="KBO">0409357321</dat:partnerCode>
                  </dat:origin>
               </dat:origin>
            </bus:messageIdentification>
         </bus:businessError>
         </v1:request>
      </v1:businessErrorRequest>
   </soapenv:Body>
</soapenv:Envelope>]]></con:request><con:assertion type="SOAP Fault Assertion" id="5ed8cfa4-0a8f-4496-92c3-ad2f4cd1e6db" name="Not SOAP Fault"/><con:assertion type="SOAP Response" id="ef03a199-3a98-4ce4-adae-321cfbc569c6" name="SOAP Response"/><con:assertion type="Schema Compliance" id="90b70900-17b2-46a9-9368-0222d5815b1b" name="Schema Compliance"><con:configuration/></con:assertion><con:wsaConfig action="http://fidus.brussels/services/fourthwaydebtservice/businessError"/></con:request></con:config></con:testStep><con:testStep type="request" id="fbba84a3-3359-4ce1-b6de-04e1b71152cd" name="testcase4 - Staging - Worker1 - Request"><con:settings/><con:config xsi:type="con:RequestStep" xmlns:xsi="http://www.w3.org/2001/XMLSchema-instance"><con:interface>FourthWayDebtServiceHTTPBinding</con:interface><con:operation>businessError</con:operation><con:request name="testcase4 - Staging - Worker1 - Request" id="38e01ddb-cbb2-4dd9-a3bf-ddc402e6f104" outgoingWss="Outflow STAG"><con:settings/><con:encoding>UTF-8</con:encoding><con:endpoint>https://192.168.24.16:8443/services/FourthWayDebtService_v1.0</con:endpoint><con:request><![CDATA[<soapenv:Envelope xmlns:soapenv="http://schemas.xmlsoap.org/soap/envelope/" xmlns:v1="http://fidus.brussels/service/fourthwaydebtservice/messages/v1" xmlns:v11="http://fidus.brussels/type/common/messages/v1" xmlns:bus="http://fsb.belgium.be/FourthWayServices/businesserror" xmlns:err="http://fsb.belgium.be/FourthWayServices/error" xmlns:dat="http://fsb.belgium.be/FourthWayServices/common/datatypes">
   <soapenv:Header/>
   <soapenv:Body>
      <v1:businessErrorRequest>
         <v1:messageContext>
     	  <v11:messageId>${=import static java.util.UUID.randomUUID; uuid = randomUUID() as String}</v11:messageId>
            <v11:timestamp>${=new java.text.SimpleDateFormat("yyyy-MM-dd'T'HH:mm:ss.SSS").format(new Date())}</v11:timestamp>
         </v1:messageContext>
         <v1:legalContext>ServiceIntegrator</v1:legalContext>
         <v1:request>
   		<bus:businessError>
            <err:error>
               <err:code>VAL0005</err:code>
               <err:description>A validation error</err:description>
            </err:error>
            <bus:messageIdentification>
               <dat:origin>
                  <dat:origin>
                     <dat:partner>FRNB</dat:partner>
                     <dat:partnerCode codeType="KBO">0409357321</dat:partnerCode>
                  </dat:origin>
               </dat:origin>
            </bus:messageIdentification>
         </bus:businessError>
         </v1:request>
      </v1:businessErrorRequest>
   </soapenv:Body>
</soapenv:Envelope>]]></con:request><con:assertion type="SOAP Fault Assertion" id="0553b36f-185a-4494-9876-5c4ed5b5bfd4" name="Not SOAP Fault"/><con:assertion type="SOAP Response" id="1ce5f59e-7d54-4be4-95c6-1d26497204ae" name="SOAP Response"/><con:assertion type="Schema Compliance" id="4a45f7d6-1c5d-40ee-97f6-228f3edf8c49" name="Schema Compliance"><con:configuration/></con:assertion><con:wsaConfig action="http://fidus.brussels/services/fourthwaydebtservice/businessError"/></con:request></con:config></con:testStep><con:testStep type="request" id="28f42a5f-5ce5-4bb1-8b76-1c487b2ceb1c" name="testcase4 - Staging - Worker2 - Request"><con:settings/><con:config xsi:type="con:RequestStep" xmlns:xsi="http://www.w3.org/2001/XMLSchema-instance"><con:interface>FourthWayDebtServiceHTTPBinding</con:interface><con:operation>businessError</con:operation><con:request name="testcase4 - Staging - Worker2 - Request" id="7fbe8449-7806-45e0-964f-0da20ebdadb7" outgoingWss="Outflow STAG"><con:settings/><con:encoding>UTF-8</con:encoding><con:endpoint>https://192.168.24.17:8443/services/FourthWayDebtService_v1.0</con:endpoint><con:request><![CDATA[<soapenv:Envelope xmlns:soapenv="http://schemas.xmlsoap.org/soap/envelope/" xmlns:v1="http://fidus.brussels/service/fourthwaydebtservice/messages/v1" xmlns:v11="http://fidus.brussels/type/common/messages/v1" xmlns:bus="http://fsb.belgium.be/FourthWayServices/businesserror" xmlns:err="http://fsb.belgium.be/FourthWayServices/error" xmlns:dat="http://fsb.belgium.be/FourthWayServices/common/datatypes">
   <soapenv:Header/>
   <soapenv:Body>
      <v1:businessErrorRequest>
         <v1:messageContext>
     	  <v11:messageId>${=import static java.util.UUID.randomUUID; uuid = randomUUID() as String}</v11:messageId>
            <v11:timestamp>${=new java.text.SimpleDateFormat("yyyy-MM-dd'T'HH:mm:ss.SSS").format(new Date())}</v11:timestamp>
         </v1:messageContext>
         <v1:legalContext>ServiceIntegrator</v1:legalContext>
         <v1:request>
   		<bus:businessError>
            <err:error>
               <err:code>VAL0005</err:code>
               <err:description>A validation error</err:description>
            </err:error>
            <bus:messageIdentification>
               <dat:origin>
                  <dat:origin>
                     <dat:partner>FRNB</dat:partner>
                     <dat:partnerCode codeType="KBO">0409357321</dat:partnerCode>
                  </dat:origin>
               </dat:origin>
            </bus:messageIdentification>
         </bus:businessError>
         </v1:request>
      </v1:businessErrorRequest>
   </soapenv:Body>
</soapenv:Envelope>]]></con:request><con:assertion type="SOAP Fault Assertion" id="d664eef0-850e-4158-bf14-51f0e26df58e" name="Not SOAP Fault"/><con:assertion type="SOAP Response" id="a41256b4-8cbb-4bde-b340-fb036bbc4aa0" name="SOAP Response"/><con:assertion type="Schema Compliance" id="7e29f298-4211-46e9-8728-142b01545cac" name="Schema Compliance"><con:configuration/></con:assertion><con:wsaConfig action="http://fidus.brussels/services/fourthwaydebtservice/businessError"/></con:request></con:config></con:testStep><con:properties/></con:testCase><con:testCase id="559ee52c-508e-43f0-a39f-edd70eef4188" failOnError="true" failTestCaseOnErrors="true" keepSession="false" maxResults="0" name="fiscalDebtNotification" searchProperties="true"><con:settings/><con:testStep type="request" id="0fe175b7-b605-4ff8-8a70-6c35b6c1357c" name="testcase4 - Staging - Worker2 - Request"><con:settings/><con:config xsi:type="con:RequestStep" xmlns:xsi="http://www.w3.org/2001/XMLSchema-instance"><con:interface>FourthWayDebtServiceHTTPBinding</con:interface><con:operation>fiscalDebtNotification</con:operation><con:request name="testcase4 - Staging - Worker2 - Request" id="8e6314f8-d11f-4e51-bbce-06dc8e92c1e6" outgoingWss="Outflow STAG"><con:settings/><con:encoding>UTF-8</con:encoding><con:endpoint>https://192.168.24.17:8443/services/FourthWayDebtService_v1.0</con:endpoint><con:request><![CDATA[<soapenv:Envelope xmlns:soapenv="http://schemas.xmlsoap.org/soap/envelope/" xmlns:v1="http://fidus.brussels/service/fourthwaydebtservice/messages/v1" xmlns:v11="http://fidus.brussels/type/common/messages/v1" xmlns:deb="http://fsb.belgium.be/FourthWayServices/debtnotification" xmlns:gen="http://fsb.belgium.be/FourthWayServices/generalcaseinformation" xmlns:dat="http://fsb.belgium.be/FourthWayServices/common/datatypes" xmlns:ins="http://fsb.belgium.be/FourthWayServices/institution" xmlns:add="http://fsb.belgium.be/FourthWayServices/common/addressinformation" xmlns:con="http://fsb.belgium.be/FourthWayServices/contact" xmlns:deb1="http://fsb.belgium.be/FourthWayServices/debtparty" xmlns:par="http://fsb.belgium.be/FourthWayServices/party" xmlns:debt="http://fsb.belgium.be/FourthWayServices/debt" xmlns:leg="http://fsb.belgium.be/FourthWayServices/legalbase" xmlns:tec="http://fsb.belgium.be/FourthWayServices/technical" xmlns:xd="http://www.w3.org/2000/09/xmldsig#">
   <soapenv:Header/>
   <soapenv:Body>
      <v1:fiscalDebtNotificationRequest>
         <v1:messageContext>
         	  <v11:messageId>${=import static java.util.UUID.randomUUID; uuid = randomUUID() as String}</v11:messageId>
            <v11:timestamp>${=new java.text.SimpleDateFormat("yyyy-MM-dd'T'HH:mm:ss.SSS").format(new Date())}</v11:timestamp>
         </v1:messageContext>
         <v1:legalContext>ServiceIntegrator</v1:legalContext>      
         <v1:request>
 		<ns46:debtNotification Id="SignMe" xmlns:ns50="http://be.belgium.fsb/fourthWayService/Debt" xmlns="http://fsb.belgium.be/FourthWayServices/common/addressinformation" xmlns:ns10="http://fsb.belgium.be/FourthWayServices/shipinformation" xmlns:ns11="http://fsb.belgium.be/FourthWayServices/selfemployed" xmlns:ns12="http://fsb.belgium.be/FourthWayServices/institution" xmlns:ns13="http://fsb.belgium.be/FourthWayServices/enterprise" xmlns:ns14="http://fsb.belgium.be/FourthWayServices/honorbaseddeclarations" xmlns:ns15="http://fsb.belgium.be/FourthWayServices/unregisteredparty" xmlns:ns16="http://fsb.belgium.be/FourthWayServices/partnerdescription" xmlns:ns17="http://fsb.belgium.be/FourthWayServices/mortgagegoods" xmlns:ns18="http://fsb.belgium.be/FourthWayServices/deficitcaseinformation" xmlns:ns19="http://fsb.belgium.be/FourthWayServices/debtinquiry" xmlns:ns2="http://fsb.belgium.be/FourthWayServices/common/datatypes" xmlns:ns20="http://fsb.belgium.be/FourthWayServices/immovablegoodtransaction" xmlns:ns21="http://fsb.belgium.be/FourthWayServices/movablegoodtransaction" xmlns:ns22="http://fsb.belgium.be/FourthWayServices/inheritanceinformation" xmlns:ns23="http://fsb.belgium.be/FourthWayServices/successiontransaction" xmlns:ns24="http://fsb.belgium.be/FourthWayServices/fourthwaymessage" xmlns:ns25="http://fsb.belgium.be/FourthWayServices/generalcaseinformation" xmlns:ns26="http://www.w3.org/2000/09/xmldsig#" xmlns:ns27="http://fsb.belgium.be/FourthWayServices/technical" xmlns:ns28="http://fsb.belgium.be/FourthWayServices/acknowledgementinformation" xmlns:ns29="http://fsb.belgium.be/FourthWayServices/error" xmlns:ns3="http://fsb.belgium.be/FourthWayServices/salesinformation" xmlns:ns30="http://fsb.belgium.be/FourthWayServices/businesserror" xmlns:ns31="http://fsb.belgium.be/FourthWayServices/fiscaldebtdetails" xmlns:ns32="http://fsb.belgium.be/FourthWayServices/officialproclamation" xmlns:ns33="http://fsb.belgium.be/FourthWayServices/beneficiary" xmlns:ns34="http://fsb.belgium.be/FourthWayServices/common/bankaccount" xmlns:ns35="http://fsb.belgium.be/FourthWayServices/debtdetailedinformation" xmlns:ns36="http://fsb.belgium.be/FourthWayServices/debtsolidarity" xmlns:ns37="http://fsb.belgium.be/FourthWayServices/fiscaldebt" xmlns:ns38="http://fsb.belgium.be/FourthWayServices/socialdebtdetails" xmlns:ns39="http://fsb.belgium.be/FourthWayServices/debtinformation" xmlns:ns4="http://fsb.belgium.be/FourthWayServices/gooddescription" xmlns:ns40="http://fsb.belgium.be/FourthWayServices/socialdebt" xmlns:ns41="http://fsb.belgium.be/FourthWayServices/fiscalregionflandersdebtdetails" xmlns:ns42="http://fsb.belgium.be/FourthWayServices/fiscalregionflandersdebt" xmlns:ns43="http://fsb.belgium.be/FourthWayServices/debt" xmlns:ns44="http://fsb.belgium.be/FourthWayServices/debtparty" xmlns:ns45="http://fsb.belgium.be/FourthWayServices/legalbase" xmlns:ns46="http://fsb.belgium.be/FourthWayServices/debtnotification" xmlns:ns47="http://fsb.belgium.be/FourthWayServices/debtdeficitnotification" xmlns:ns48="http://fsb.belgium.be/FourthWayServices/header" xmlns:ns49="http://fsb.belgium.be/header" xmlns:ns5="http://fsb.belgium.be/FourthWayServices/party" xmlns:ns51="http://fsb.belgium.be/FourthWayServices/technicalack" xmlns:ns52="http://fsb.belgium.be/FourthWayServices/functionalack" xmlns:ns6="http://fsb.belgium.be/FourthWayServices/naturalperson" xmlns:ns7="http://fsb.belgium.be/FourthWayServices/nonresident" xmlns:ns8="http://fsb.belgium.be/FourthWayServices/contact" xmlns:ns9="http://fsb.belgium.be/FourthWayServices/propertyinformation">
            <ns25:generalCaseInformation>
               <ns25:administrativeInformation>
                  <ns25:language>FR</ns25:language>
                  <ns25:caseNumber>2444080.210115.0167</ns25:caseNumber>
                  <ns25:transactionType>3</ns25:transactionType>
                  <ns25:procedureNumber>ENOT4000000419570</ns25:procedureNumber>
                  <ns25:replacedProcedureNumber xsi:nil="true" xmlns:xsi="http://www.w3.org/2001/XMLSchema-instance"/>
                  <ns25:requestDate>2015-01-21T14:50:02.446+01:00</ns25:requestDate>
                  <ns25:origin>
                     <ns2:origin>
                        <ns2:partner>FPS Finance</ns2:partner>
                        <ns2:partnerCode codeType="KBO">0308357159</ns2:partnerCode>
                     </ns2:origin>
                  </ns25:origin>
                  <ns25:destinations>
                     <ns2:destination>
                        <ns2:partner>FRNB</ns2:partner>
                        <ns2:partnerCode codeType="KBO">0409357321</ns2:partnerCode>
                     </ns2:destination>
                  </ns25:destinations>
                  <ns25:requestorInformation>
                     <ns12:institution>
                        <ns12:institutionType>Federal</ns12:institutionType>
                        <ns12:institutionName>Huy</ns12:institutionName>
                        <ns12:institutionIdentificationNumber type="CDDB">600904</ns12:institutionIdentificationNumber>
                        <address>
                           <location>
                              <country>
                                 <countryCode codeStandard="ISO">BE</countryCode>
                              </country>
                              <postalCode>4500</postalCode>
                           </location>
                           <street>Avenue Albert 1er</street>
                           <houseNumber>8/10</houseNumber>
                        </address>
                        <ns12:contactInformation>
                           <ns8:phoneNumber type="phone">025783660</ns8:phoneNumber>
                           <ns8:emailAddress type="email">rec.cd.huy@minfin.fed.be</ns8:emailAddress>
                        </ns12:contactInformation>
                     </ns12:institution>
                     <ns25:responsiblePerson>
                        <ns2:name>
                           <ns2:firstName>Testuser</ns2:firstName>
                           <ns2:lastName>testuser.enotrec01</ns2:lastName>
                        </ns2:name>
                        <ns8:contactInformation/>
                     </ns25:responsiblePerson>
                     <ns25:contactPerson>
                        <ns2:name>
                           <ns2:firstName>Testuser</ns2:firstName>
                           <ns2:lastName>EnotRec01</ns2:lastName>
                        </ns2:name>
                        <ns8:contactInformation>
                           <ns8:emailAddress type="email">testuser.enotrec01@guest.minfin.fed.be</ns8:emailAddress>
                        </ns8:contactInformation>
                     </ns25:contactPerson>
                  </ns25:requestorInformation>
               </ns25:administrativeInformation>
            </ns25:generalCaseInformation>
            <ns44:debtParty>
               <ns5:party partyID="005">
                  <ns5:residentialParty>false</ns5:residentialParty>
                  <ns6:naturalPerson>
                     <ns2:entityReference>
                        <ns2:source>notice1</ns2:source>
                        <ns2:entityID type="nationalNumber">68082123438</ns2:entityID>
                     </ns2:entityReference>
                     <ns6:personInformation>
                        <ns2:name>
                           <ns2:firstName>Yolande Adrienne</ns2:firstName>
                           <ns2:lastName>BUITER</ns2:lastName>
                        </ns2:name>
                        <address>
                           <location>
                              <country>
                                 <countryDescription>Belgium</countryDescription>
                                 <countryCode codeStandard="ISO">BE</countryCode>
                              </country>
                              <municipalityDescription>Verlaine</municipalityDescription>
                              <postalCode>4537</postalCode>
                           </location>
                           <street>Rue aux Raines</street>
                           <houseNumber>53</houseNumber>
                        </address>
                     </ns6:personInformation>
                  </ns6:naturalPerson>
               </ns5:party>
               <ns43:debt debtID="1">
                  <ns37:fiscaldebt>
                     <ns31:fiscalDebtDetails>
                        <ns31:debtType>VAT</ns31:debtType>
                        <ns31:declarations>
                           <ns31:negligenceClause>
                              <ns31:additionalIntrest>0</ns31:additionalIntrest>
                              <ns31:additionalIntrestFromDate>2015-01-21+01:00</ns31:additionalIntrestFromDate>
                           </ns31:negligenceClause>
                        </ns31:declarations>
                        <ns2:referencePeriod>
                           <ns2:startDate>2015-01-06+01:00</ns2:startDate>
                           <ns2:endDate>2015-01-13+01:00</ns2:endDate>
                        </ns2:referencePeriod>
                        <ns31:totalDebt>45</ns31:totalDebt>
                        <ns31:debtBreakdown>
                           <ns31:debtSubType>VAT</ns31:debtSubType>
                           <ns31:debtSubAmount>45</ns31:debtSubAmount>
                        </ns31:debtBreakdown>
                        <ns31:debtBreakdown>
                           <ns31:debtSubType>IM</ns31:debtSubType>
                           <ns31:debtSubAmount>0</ns31:debtSubAmount>
                        </ns31:debtBreakdown>
                        <ns31:debtBreakdown>
                           <ns31:debtSubType>INTEREST</ns31:debtSubType>
                           <ns31:debtSubAmount>0</ns31:debtSubAmount>
                        </ns31:debtBreakdown>
                        <ns31:debtBreakdown>
                           <ns31:debtSubType>FINES</ns31:debtSubType>
                           <ns31:debtSubAmount>0</ns31:debtSubAmount>
                        </ns31:debtBreakdown>
                        <ns31:debtBreakdown>
                           <ns31:debtSubType>COST</ns31:debtSubType>
                           <ns31:debtSubAmount>0</ns31:debtSubAmount>
                        </ns31:debtBreakdown>
                     </ns31:fiscalDebtDetails>
                     <ns32:officialProclamation/>
                     <ns33:beneficiary>
                        <ns33:beneficiaryName>CTRI Namur</ns33:beneficiaryName>
                        <ns33:structuredMessage>N99998745412NOT/</ns33:structuredMessage>
                        <ns33:amount>45</ns33:amount>
                        <ns34:bankAccount>
                           <ns34:ibanNumber>BE42 6792 0034 9254</ns34:ibanNumber>
                           <ns34:bicCode>PCHQBEBB</ns34:bicCode>
                           <ns34:accountName>CTRI Namur</ns34:accountName>
                           <address>
                              <location>
                                 <country>
                                    <countryCode codeStandard="ISO">BE</countryCode>
                                 </country>
                                 <municipalityDescription language="fr">Namur</municipalityDescription>
                                 <postalCode>5000</postalCode>
                              </location>
                              <street>Rue des Bourgeois</street>
                              <houseNumber>7/Bloc B</houseNumber>
                           </address>
                        </ns34:bankAccount>
                     </ns33:beneficiary>
                     <ns35:debtDetailedInformation>
                        <ns35:calculationDate>2015-01-21+01:00</ns35:calculationDate>
                        <ns35:referentialNumber>999998745412</ns35:referentialNumber>
                     </ns35:debtDetailedInformation>
                  </ns37:fiscaldebt>
               </ns43:debt>
               <ns44:totalDebtAmount>45</ns44:totalDebtAmount>
            </ns44:debtParty>
            <ns45:legalBase>
               <ns45:legalSource>Code de la taxe sur la valeur ajout��e</ns45:legalSource>
               <ns45:legalBaseIdentifier>Article 93quater</ns45:legalBaseIdentifier>
            </ns45:legalBase>
            <ns27:technical>
               <ns26:Signature>
                  <ns26:SignedInfo>
                     <ns26:CanonicalizationMethod Algorithm="http://www.w3.org/TR/2001/REC-xml-c14n-20010315"/>
                     <ns26:SignatureMethod Algorithm="http://www.w3.org/2000/09/xmldsig#rsa-sha1"/>
                     <ns26:Reference URI="#signMe">
                        <ns26:DigestMethod Algorithm="http://www.w3.org/2000/09/xmldsig#sha1"/>
                        <ns26:DigestValue>CbUOX9jTy0uYSCKDVQl6peUatJ8=</ns26:DigestValue>
                     </ns26:Reference>
                  </ns26:SignedInfo>
                  <ns26:SignatureValue>WBXEECQtMTWGGq5EGO+5kyVw1kJefLsfHVA/5eYB6pZ3GOZ7LOLc/jAhKbqxeV3qdWiMGx3VzgvdF4ZaMB2HS1fLmnOmNDXHhrrqYQJ51LGDvex39k7/xAJAmuub7MDtfAu08WBTVpmQ5khGL9ZrYOXr5RoG70BrlWNr+37FekM=</ns26:SignatureValue>
                  <ns26:KeyInfo>
                     <ns26:X509Data>
                        <ns26:X509SubjectName>ST=Brussels,L=Brussels,OU=Belgian Federal Government,O=Federal Public Service Finances,CN=Test SPF Finances - FOD Financien,C=BE</ns26:X509SubjectName>
                        <ns26:X509Certificate>MIIDKzCCApSgAwIBAgIJAIkxAL2MG081MA0GCSqGSIb3DQEBBQUAMIGuMQswCQYDVQQGEwJCRTEqMCgGA1UEAxMhVGVzdCBTUEYgRmluYW5jZXMgLSBGT0QgRmluYW5jaWVuMSgwJgYDVQQKEx9GZWRlcmFsIFB1YmxpYyBTZXJ2aWNlIEZpbmFuY2VzMSMwIQYDVQQLExpCZWxnaWFuIEZlZGVyYWwgR292ZXJubWVudDERMA8GA1UEBxMIQnJ1c3NlbHMxETAPBgNVBAgTCEJydXNzZWxzMB4XDTA4MDUwNjA4MDcyMFoXDTE4MDUwNzA4MDcyMFowga4xCzAJBgNVBAYTAkJFMSowKAYDVQQDEyFUZXN0IFNQRiBGaW5hbmNlcyAtIEZPRCBGaW5hbmNpZW4xKDAmBgNVBAoTH0ZlZGVyYWwgUHVibGljIFNlcnZpY2UgRmluYW5jZXMxIzAhBgNVBAsTGkJlbGdpYW4gRmVkZXJhbCBHb3Zlcm5tZW50MREwDwYDVQQHEwhCcnVzc2VsczERMA8GA1UECBMIQnJ1c3NlbHMwgZ8wDQYJKoZIhvcNAQEBBQADgY0AMIGJAoGBAJ8T/80iF50FvothkWOZDsZUPKM52fxhNdKMT+E/lODqejyJ2iQkjEuW5yJKo0lXNj+Gxwfl99bD16IJMagbrxBnJPwR7SeS3JQ0IaLkOorOoeZkZLFoFMSfZWT9uCf6Qf/uNMQtRnX2351P1OF3cld68uFGUNS8U93OqxS9R/ZvAgMBAAGjTzBNMAwGA1UdEwQFMAMBAf8wCwYDVR0PBAQDAgTwMB0GA1UdJQQWMBQGCCsGAQUFBwMCBggrBgEFBQcDBDARBglghkgBhvhCAQEEBAMCBLAwDQYJKoZIhvcNAQEFBQADgYEATnEO8juTdcZtwzvl5EHnZ9+6cEM9rsWuQtq43UXw4RqveHWUE+Cn2ElMPiyuxLLzkzQTbcDYxI9FgVAXFEmqPf7Jii2PpHIlo8yHWCWMuPP0OykMF6YuCtyutKJBbGuTT36gNVAUEPeD34fzB5pgy2aG5wQTQctRdDz07CVM3cI=</ns26:X509Certificate>
                     </ns26:X509Data>
                  </ns26:KeyInfo>
               </ns26:Signature>
            </ns27:technical>
         </ns46:debtNotification>
         </v1:request>
      </v1:fiscalDebtNotificationRequest>
   </soapenv:Body>
</soapenv:Envelope>]]></con:request><con:assertion type="SOAP Fault Assertion" id="b227ebe6-568e-43ce-8ed2-cf3af7e573fd" name="Not SOAP Fault"/><con:assertion type="SOAP Response" id="633b8b30-8ffc-44cc-8aa8-dd990c41aa52" name="SOAP Response"/><con:assertion type="Schema Compliance" id="69a4c723-e0f0-463d-8c13-24b2f65c7f8d" name="Schema Compliance"><con:configuration/></con:assertion><con:wsaConfig action="http://fidus.brussels/services/fourthwaydebtservice/fiscalDebtNotification"/></con:request></con:config></con:testStep><con:testStep type="request" id="2966dabb-329e-410a-a856-c43cb9ce362e" name="testcase4 - Staging - Worker1 - Request"><con:settings/><con:config xsi:type="con:RequestStep" xmlns:xsi="http://www.w3.org/2001/XMLSchema-instance"><con:interface>FourthWayDebtServiceHTTPBinding</con:interface><con:operation>fiscalDebtNotification</con:operation><con:request name="testcase4 - Staging - Worker1 - Request" id="257cfdb6-d11e-480f-9948-626b1d8071fa" outgoingWss="Outflow STAG"><con:settings/><con:encoding>UTF-8</con:encoding><con:endpoint>https://192.168.24.16:8443/services/FourthWayDebtService_v1.0</con:endpoint><con:request><![CDATA[<soapenv:Envelope xmlns:soapenv="http://schemas.xmlsoap.org/soap/envelope/" xmlns:v1="http://fidus.brussels/service/fourthwaydebtservice/messages/v1" xmlns:v11="http://fidus.brussels/type/common/messages/v1" xmlns:deb="http://fsb.belgium.be/FourthWayServices/debtnotification" xmlns:gen="http://fsb.belgium.be/FourthWayServices/generalcaseinformation" xmlns:dat="http://fsb.belgium.be/FourthWayServices/common/datatypes" xmlns:ins="http://fsb.belgium.be/FourthWayServices/institution" xmlns:add="http://fsb.belgium.be/FourthWayServices/common/addressinformation" xmlns:con="http://fsb.belgium.be/FourthWayServices/contact" xmlns:deb1="http://fsb.belgium.be/FourthWayServices/debtparty" xmlns:par="http://fsb.belgium.be/FourthWayServices/party" xmlns:debt="http://fsb.belgium.be/FourthWayServices/debt" xmlns:leg="http://fsb.belgium.be/FourthWayServices/legalbase" xmlns:tec="http://fsb.belgium.be/FourthWayServices/technical" xmlns:xd="http://www.w3.org/2000/09/xmldsig#">
   <soapenv:Header/>
   <soapenv:Body>
      <v1:fiscalDebtNotificationRequest>
         <v1:messageContext>
         	  <v11:messageId>${=import static java.util.UUID.randomUUID; uuid = randomUUID() as String}</v11:messageId>
            <v11:timestamp>${=new java.text.SimpleDateFormat("yyyy-MM-dd'T'HH:mm:ss.SSS").format(new Date())}</v11:timestamp>
         </v1:messageContext>
         <v1:legalContext>ServiceIntegrator</v1:legalContext>      
         <v1:request>
 		<ns46:debtNotification Id="SignMe" xmlns:ns50="http://be.belgium.fsb/fourthWayService/Debt" xmlns="http://fsb.belgium.be/FourthWayServices/common/addressinformation" xmlns:ns10="http://fsb.belgium.be/FourthWayServices/shipinformation" xmlns:ns11="http://fsb.belgium.be/FourthWayServices/selfemployed" xmlns:ns12="http://fsb.belgium.be/FourthWayServices/institution" xmlns:ns13="http://fsb.belgium.be/FourthWayServices/enterprise" xmlns:ns14="http://fsb.belgium.be/FourthWayServices/honorbaseddeclarations" xmlns:ns15="http://fsb.belgium.be/FourthWayServices/unregisteredparty" xmlns:ns16="http://fsb.belgium.be/FourthWayServices/partnerdescription" xmlns:ns17="http://fsb.belgium.be/FourthWayServices/mortgagegoods" xmlns:ns18="http://fsb.belgium.be/FourthWayServices/deficitcaseinformation" xmlns:ns19="http://fsb.belgium.be/FourthWayServices/debtinquiry" xmlns:ns2="http://fsb.belgium.be/FourthWayServices/common/datatypes" xmlns:ns20="http://fsb.belgium.be/FourthWayServices/immovablegoodtransaction" xmlns:ns21="http://fsb.belgium.be/FourthWayServices/movablegoodtransaction" xmlns:ns22="http://fsb.belgium.be/FourthWayServices/inheritanceinformation" xmlns:ns23="http://fsb.belgium.be/FourthWayServices/successiontransaction" xmlns:ns24="http://fsb.belgium.be/FourthWayServices/fourthwaymessage" xmlns:ns25="http://fsb.belgium.be/FourthWayServices/generalcaseinformation" xmlns:ns26="http://www.w3.org/2000/09/xmldsig#" xmlns:ns27="http://fsb.belgium.be/FourthWayServices/technical" xmlns:ns28="http://fsb.belgium.be/FourthWayServices/acknowledgementinformation" xmlns:ns29="http://fsb.belgium.be/FourthWayServices/error" xmlns:ns3="http://fsb.belgium.be/FourthWayServices/salesinformation" xmlns:ns30="http://fsb.belgium.be/FourthWayServices/businesserror" xmlns:ns31="http://fsb.belgium.be/FourthWayServices/fiscaldebtdetails" xmlns:ns32="http://fsb.belgium.be/FourthWayServices/officialproclamation" xmlns:ns33="http://fsb.belgium.be/FourthWayServices/beneficiary" xmlns:ns34="http://fsb.belgium.be/FourthWayServices/common/bankaccount" xmlns:ns35="http://fsb.belgium.be/FourthWayServices/debtdetailedinformation" xmlns:ns36="http://fsb.belgium.be/FourthWayServices/debtsolidarity" xmlns:ns37="http://fsb.belgium.be/FourthWayServices/fiscaldebt" xmlns:ns38="http://fsb.belgium.be/FourthWayServices/socialdebtdetails" xmlns:ns39="http://fsb.belgium.be/FourthWayServices/debtinformation" xmlns:ns4="http://fsb.belgium.be/FourthWayServices/gooddescription" xmlns:ns40="http://fsb.belgium.be/FourthWayServices/socialdebt" xmlns:ns41="http://fsb.belgium.be/FourthWayServices/fiscalregionflandersdebtdetails" xmlns:ns42="http://fsb.belgium.be/FourthWayServices/fiscalregionflandersdebt" xmlns:ns43="http://fsb.belgium.be/FourthWayServices/debt" xmlns:ns44="http://fsb.belgium.be/FourthWayServices/debtparty" xmlns:ns45="http://fsb.belgium.be/FourthWayServices/legalbase" xmlns:ns46="http://fsb.belgium.be/FourthWayServices/debtnotification" xmlns:ns47="http://fsb.belgium.be/FourthWayServices/debtdeficitnotification" xmlns:ns48="http://fsb.belgium.be/FourthWayServices/header" xmlns:ns49="http://fsb.belgium.be/header" xmlns:ns5="http://fsb.belgium.be/FourthWayServices/party" xmlns:ns51="http://fsb.belgium.be/FourthWayServices/technicalack" xmlns:ns52="http://fsb.belgium.be/FourthWayServices/functionalack" xmlns:ns6="http://fsb.belgium.be/FourthWayServices/naturalperson" xmlns:ns7="http://fsb.belgium.be/FourthWayServices/nonresident" xmlns:ns8="http://fsb.belgium.be/FourthWayServices/contact" xmlns:ns9="http://fsb.belgium.be/FourthWayServices/propertyinformation">
            <ns25:generalCaseInformation>
               <ns25:administrativeInformation>
                  <ns25:language>FR</ns25:language>
                  <ns25:caseNumber>2444080.210115.0167</ns25:caseNumber>
                  <ns25:transactionType>3</ns25:transactionType>
                  <ns25:procedureNumber>ENOT4000000419570</ns25:procedureNumber>
                  <ns25:replacedProcedureNumber xsi:nil="true" xmlns:xsi="http://www.w3.org/2001/XMLSchema-instance"/>
                  <ns25:requestDate>2015-01-21T14:50:02.446+01:00</ns25:requestDate>
                  <ns25:origin>
                     <ns2:origin>
                        <ns2:partner>FPS Finance</ns2:partner>
                        <ns2:partnerCode codeType="KBO">0308357159</ns2:partnerCode>
                     </ns2:origin>
                  </ns25:origin>
                  <ns25:destinations>
                     <ns2:destination>
                        <ns2:partner>FRNB</ns2:partner>
                        <ns2:partnerCode codeType="KBO">0409357321</ns2:partnerCode>
                     </ns2:destination>
                  </ns25:destinations>
                  <ns25:requestorInformation>
                     <ns12:institution>
                        <ns12:institutionType>Federal</ns12:institutionType>
                        <ns12:institutionName>Huy</ns12:institutionName>
                        <ns12:institutionIdentificationNumber type="CDDB">600904</ns12:institutionIdentificationNumber>
                        <address>
                           <location>
                              <country>
                                 <countryCode codeStandard="ISO">BE</countryCode>
                              </country>
                              <postalCode>4500</postalCode>
                           </location>
                           <street>Avenue Albert 1er</street>
                           <houseNumber>8/10</houseNumber>
                        </address>
                        <ns12:contactInformation>
                           <ns8:phoneNumber type="phone">025783660</ns8:phoneNumber>
                           <ns8:emailAddress type="email">rec.cd.huy@minfin.fed.be</ns8:emailAddress>
                        </ns12:contactInformation>
                     </ns12:institution>
                     <ns25:responsiblePerson>
                        <ns2:name>
                           <ns2:firstName>Testuser</ns2:firstName>
                           <ns2:lastName>testuser.enotrec01</ns2:lastName>
                        </ns2:name>
                        <ns8:contactInformation/>
                     </ns25:responsiblePerson>
                     <ns25:contactPerson>
                        <ns2:name>
                           <ns2:firstName>Testuser</ns2:firstName>
                           <ns2:lastName>EnotRec01</ns2:lastName>
                        </ns2:name>
                        <ns8:contactInformation>
                           <ns8:emailAddress type="email">testuser.enotrec01@guest.minfin.fed.be</ns8:emailAddress>
                        </ns8:contactInformation>
                     </ns25:contactPerson>
                  </ns25:requestorInformation>
               </ns25:administrativeInformation>
            </ns25:generalCaseInformation>
            <ns44:debtParty>
               <ns5:party partyID="005">
                  <ns5:residentialParty>false</ns5:residentialParty>
                  <ns6:naturalPerson>
                     <ns2:entityReference>
                        <ns2:source>notice1</ns2:source>
                        <ns2:entityID type="nationalNumber">68082123438</ns2:entityID>
                     </ns2:entityReference>
                     <ns6:personInformation>
                        <ns2:name>
                           <ns2:firstName>Yolande Adrienne</ns2:firstName>
                           <ns2:lastName>BUITER</ns2:lastName>
                        </ns2:name>
                        <address>
                           <location>
                              <country>
                                 <countryDescription>Belgium</countryDescription>
                                 <countryCode codeStandard="ISO">BE</countryCode>
                              </country>
                              <municipalityDescription>Verlaine</municipalityDescription>
                              <postalCode>4537</postalCode>
                           </location>
                           <street>Rue aux Raines</street>
                           <houseNumber>53</houseNumber>
                        </address>
                     </ns6:personInformation>
                  </ns6:naturalPerson>
               </ns5:party>
               <ns43:debt debtID="1">
                  <ns37:fiscaldebt>
                     <ns31:fiscalDebtDetails>
                        <ns31:debtType>VAT</ns31:debtType>
                        <ns31:declarations>
                           <ns31:negligenceClause>
                              <ns31:additionalIntrest>0</ns31:additionalIntrest>
                              <ns31:additionalIntrestFromDate>2015-01-21+01:00</ns31:additionalIntrestFromDate>
                           </ns31:negligenceClause>
                        </ns31:declarations>
                        <ns2:referencePeriod>
                           <ns2:startDate>2015-01-06+01:00</ns2:startDate>
                           <ns2:endDate>2015-01-13+01:00</ns2:endDate>
                        </ns2:referencePeriod>
                        <ns31:totalDebt>45</ns31:totalDebt>
                        <ns31:debtBreakdown>
                           <ns31:debtSubType>VAT</ns31:debtSubType>
                           <ns31:debtSubAmount>45</ns31:debtSubAmount>
                        </ns31:debtBreakdown>
                        <ns31:debtBreakdown>
                           <ns31:debtSubType>IM</ns31:debtSubType>
                           <ns31:debtSubAmount>0</ns31:debtSubAmount>
                        </ns31:debtBreakdown>
                        <ns31:debtBreakdown>
                           <ns31:debtSubType>INTEREST</ns31:debtSubType>
                           <ns31:debtSubAmount>0</ns31:debtSubAmount>
                        </ns31:debtBreakdown>
                        <ns31:debtBreakdown>
                           <ns31:debtSubType>FINES</ns31:debtSubType>
                           <ns31:debtSubAmount>0</ns31:debtSubAmount>
                        </ns31:debtBreakdown>
                        <ns31:debtBreakdown>
                           <ns31:debtSubType>COST</ns31:debtSubType>
                           <ns31:debtSubAmount>0</ns31:debtSubAmount>
                        </ns31:debtBreakdown>
                     </ns31:fiscalDebtDetails>
                     <ns32:officialProclamation/>
                     <ns33:beneficiary>
                        <ns33:beneficiaryName>CTRI Namur</ns33:beneficiaryName>
                        <ns33:structuredMessage>N99998745412NOT/</ns33:structuredMessage>
                        <ns33:amount>45</ns33:amount>
                        <ns34:bankAccount>
                           <ns34:ibanNumber>BE42 6792 0034 9254</ns34:ibanNumber>
                           <ns34:bicCode>PCHQBEBB</ns34:bicCode>
                           <ns34:accountName>CTRI Namur</ns34:accountName>
                           <address>
                              <location>
                                 <country>
                                    <countryCode codeStandard="ISO">BE</countryCode>
                                 </country>
                                 <municipalityDescription language="fr">Namur</municipalityDescription>
                                 <postalCode>5000</postalCode>
                              </location>
                              <street>Rue des Bourgeois</street>
                              <houseNumber>7/Bloc B</houseNumber>
                           </address>
                        </ns34:bankAccount>
                     </ns33:beneficiary>
                     <ns35:debtDetailedInformation>
                        <ns35:calculationDate>2015-01-21+01:00</ns35:calculationDate>
                        <ns35:referentialNumber>999998745412</ns35:referentialNumber>
                     </ns35:debtDetailedInformation>
                  </ns37:fiscaldebt>
               </ns43:debt>
               <ns44:totalDebtAmount>45</ns44:totalDebtAmount>
            </ns44:debtParty>
            <ns45:legalBase>
               <ns45:legalSource>Code de la taxe sur la valeur ajout��e</ns45:legalSource>
               <ns45:legalBaseIdentifier>Article 93quater</ns45:legalBaseIdentifier>
            </ns45:legalBase>
            <ns27:technical>
               <ns26:Signature>
                  <ns26:SignedInfo>
                     <ns26:CanonicalizationMethod Algorithm="http://www.w3.org/TR/2001/REC-xml-c14n-20010315"/>
                     <ns26:SignatureMethod Algorithm="http://www.w3.org/2000/09/xmldsig#rsa-sha1"/>
                     <ns26:Reference URI="#signMe">
                        <ns26:DigestMethod Algorithm="http://www.w3.org/2000/09/xmldsig#sha1"/>
                        <ns26:DigestValue>CbUOX9jTy0uYSCKDVQl6peUatJ8=</ns26:DigestValue>
                     </ns26:Reference>
                  </ns26:SignedInfo>
                  <ns26:SignatureValue>WBXEECQtMTWGGq5EGO+5kyVw1kJefLsfHVA/5eYB6pZ3GOZ7LOLc/jAhKbqxeV3qdWiMGx3VzgvdF4ZaMB2HS1fLmnOmNDXHhrrqYQJ51LGDvex39k7/xAJAmuub7MDtfAu08WBTVpmQ5khGL9ZrYOXr5RoG70BrlWNr+37FekM=</ns26:SignatureValue>
                  <ns26:KeyInfo>
                     <ns26:X509Data>
                        <ns26:X509SubjectName>ST=Brussels,L=Brussels,OU=Belgian Federal Government,O=Federal Public Service Finances,CN=Test SPF Finances - FOD Financien,C=BE</ns26:X509SubjectName>
                        <ns26:X509Certificate>MIIDKzCCApSgAwIBAgIJAIkxAL2MG081MA0GCSqGSIb3DQEBBQUAMIGuMQswCQYDVQQGEwJCRTEqMCgGA1UEAxMhVGVzdCBTUEYgRmluYW5jZXMgLSBGT0QgRmluYW5jaWVuMSgwJgYDVQQKEx9GZWRlcmFsIFB1YmxpYyBTZXJ2aWNlIEZpbmFuY2VzMSMwIQYDVQQLExpCZWxnaWFuIEZlZGVyYWwgR292ZXJubWVudDERMA8GA1UEBxMIQnJ1c3NlbHMxETAPBgNVBAgTCEJydXNzZWxzMB4XDTA4MDUwNjA4MDcyMFoXDTE4MDUwNzA4MDcyMFowga4xCzAJBgNVBAYTAkJFMSowKAYDVQQDEyFUZXN0IFNQRiBGaW5hbmNlcyAtIEZPRCBGaW5hbmNpZW4xKDAmBgNVBAoTH0ZlZGVyYWwgUHVibGljIFNlcnZpY2UgRmluYW5jZXMxIzAhBgNVBAsTGkJlbGdpYW4gRmVkZXJhbCBHb3Zlcm5tZW50MREwDwYDVQQHEwhCcnVzc2VsczERMA8GA1UECBMIQnJ1c3NlbHMwgZ8wDQYJKoZIhvcNAQEBBQADgY0AMIGJAoGBAJ8T/80iF50FvothkWOZDsZUPKM52fxhNdKMT+E/lODqejyJ2iQkjEuW5yJKo0lXNj+Gxwfl99bD16IJMagbrxBnJPwR7SeS3JQ0IaLkOorOoeZkZLFoFMSfZWT9uCf6Qf/uNMQtRnX2351P1OF3cld68uFGUNS8U93OqxS9R/ZvAgMBAAGjTzBNMAwGA1UdEwQFMAMBAf8wCwYDVR0PBAQDAgTwMB0GA1UdJQQWMBQGCCsGAQUFBwMCBggrBgEFBQcDBDARBglghkgBhvhCAQEEBAMCBLAwDQYJKoZIhvcNAQEFBQADgYEATnEO8juTdcZtwzvl5EHnZ9+6cEM9rsWuQtq43UXw4RqveHWUE+Cn2ElMPiyuxLLzkzQTbcDYxI9FgVAXFEmqPf7Jii2PpHIlo8yHWCWMuPP0OykMF6YuCtyutKJBbGuTT36gNVAUEPeD34fzB5pgy2aG5wQTQctRdDz07CVM3cI=</ns26:X509Certificate>
                     </ns26:X509Data>
                  </ns26:KeyInfo>
               </ns26:Signature>
            </ns27:technical>
         </ns46:debtNotification>
         </v1:request>
      </v1:fiscalDebtNotificationRequest>
   </soapenv:Body>
</soapenv:Envelope>]]></con:request><con:assertion type="SOAP Fault Assertion" id="273ce0b4-b5f9-45ef-9d1f-43294211c58d" name="Not SOAP Fault"/><con:assertion type="SOAP Response" id="68d88412-0620-46f8-8acc-3441912efdda" name="SOAP Response"/><con:assertion type="Schema Compliance" id="e8398f2e-d797-45c3-a584-9180fbe08101" name="Schema Compliance"><con:configuration/></con:assertion><con:wsaConfig action="http://fidus.brussels/services/fourthwaydebtservice/fiscalDebtNotification"/></con:request></con:config></con:testStep><con:testStep type="request" id="66755d88-0d9c-4337-b03d-51916bdd9c85" name="testcase4 - Staging - LB - Request"><con:settings/><con:config xsi:type="con:RequestStep" xmlns:xsi="http://www.w3.org/2001/XMLSchema-instance"><con:interface>FourthWayDebtServiceHTTPBinding</con:interface><con:operation>fiscalDebtNotification</con:operation><con:request name="testcase4 - Staging - LB - Request" id="b90b0651-4101-463e-805e-62562ac1c658" outgoingWss="Outflow STAG"><con:settings/><con:encoding>UTF-8</con:encoding><con:endpoint>https://fidus-esb-sg.sta.srv.cirb.lan:8443/services/FourthWayDebtService_v1.0</con:endpoint><con:request><![CDATA[<soapenv:Envelope xmlns:soapenv="http://schemas.xmlsoap.org/soap/envelope/" xmlns:v1="http://fidus.brussels/service/fourthwaydebtservice/messages/v1" xmlns:v11="http://fidus.brussels/type/common/messages/v1" xmlns:deb="http://fsb.belgium.be/FourthWayServices/debtnotification" xmlns:gen="http://fsb.belgium.be/FourthWayServices/generalcaseinformation" xmlns:dat="http://fsb.belgium.be/FourthWayServices/common/datatypes" xmlns:ins="http://fsb.belgium.be/FourthWayServices/institution" xmlns:add="http://fsb.belgium.be/FourthWayServices/common/addressinformation" xmlns:con="http://fsb.belgium.be/FourthWayServices/contact" xmlns:deb1="http://fsb.belgium.be/FourthWayServices/debtparty" xmlns:par="http://fsb.belgium.be/FourthWayServices/party" xmlns:debt="http://fsb.belgium.be/FourthWayServices/debt" xmlns:leg="http://fsb.belgium.be/FourthWayServices/legalbase" xmlns:tec="http://fsb.belgium.be/FourthWayServices/technical" xmlns:xd="http://www.w3.org/2000/09/xmldsig#">
   <soapenv:Header/>
   <soapenv:Body>
      <v1:fiscalDebtNotificationRequest>
         <v1:messageContext>
         	  <v11:messageId>${=import static java.util.UUID.randomUUID; uuid = randomUUID() as String}</v11:messageId>
            <v11:timestamp>${=new java.text.SimpleDateFormat("yyyy-MM-dd'T'HH:mm:ss.SSS").format(new Date())}</v11:timestamp>
         </v1:messageContext>
         <v1:legalContext>ServiceIntegrator</v1:legalContext>      
         <v1:request>
 		<ns46:debtNotification Id="SignMe" xmlns:ns50="http://be.belgium.fsb/fourthWayService/Debt" xmlns="http://fsb.belgium.be/FourthWayServices/common/addressinformation" xmlns:ns10="http://fsb.belgium.be/FourthWayServices/shipinformation" xmlns:ns11="http://fsb.belgium.be/FourthWayServices/selfemployed" xmlns:ns12="http://fsb.belgium.be/FourthWayServices/institution" xmlns:ns13="http://fsb.belgium.be/FourthWayServices/enterprise" xmlns:ns14="http://fsb.belgium.be/FourthWayServices/honorbaseddeclarations" xmlns:ns15="http://fsb.belgium.be/FourthWayServices/unregisteredparty" xmlns:ns16="http://fsb.belgium.be/FourthWayServices/partnerdescription" xmlns:ns17="http://fsb.belgium.be/FourthWayServices/mortgagegoods" xmlns:ns18="http://fsb.belgium.be/FourthWayServices/deficitcaseinformation" xmlns:ns19="http://fsb.belgium.be/FourthWayServices/debtinquiry" xmlns:ns2="http://fsb.belgium.be/FourthWayServices/common/datatypes" xmlns:ns20="http://fsb.belgium.be/FourthWayServices/immovablegoodtransaction" xmlns:ns21="http://fsb.belgium.be/FourthWayServices/movablegoodtransaction" xmlns:ns22="http://fsb.belgium.be/FourthWayServices/inheritanceinformation" xmlns:ns23="http://fsb.belgium.be/FourthWayServices/successiontransaction" xmlns:ns24="http://fsb.belgium.be/FourthWayServices/fourthwaymessage" xmlns:ns25="http://fsb.belgium.be/FourthWayServices/generalcaseinformation" xmlns:ns26="http://www.w3.org/2000/09/xmldsig#" xmlns:ns27="http://fsb.belgium.be/FourthWayServices/technical" xmlns:ns28="http://fsb.belgium.be/FourthWayServices/acknowledgementinformation" xmlns:ns29="http://fsb.belgium.be/FourthWayServices/error" xmlns:ns3="http://fsb.belgium.be/FourthWayServices/salesinformation" xmlns:ns30="http://fsb.belgium.be/FourthWayServices/businesserror" xmlns:ns31="http://fsb.belgium.be/FourthWayServices/fiscaldebtdetails" xmlns:ns32="http://fsb.belgium.be/FourthWayServices/officialproclamation" xmlns:ns33="http://fsb.belgium.be/FourthWayServices/beneficiary" xmlns:ns34="http://fsb.belgium.be/FourthWayServices/common/bankaccount" xmlns:ns35="http://fsb.belgium.be/FourthWayServices/debtdetailedinformation" xmlns:ns36="http://fsb.belgium.be/FourthWayServices/debtsolidarity" xmlns:ns37="http://fsb.belgium.be/FourthWayServices/fiscaldebt" xmlns:ns38="http://fsb.belgium.be/FourthWayServices/socialdebtdetails" xmlns:ns39="http://fsb.belgium.be/FourthWayServices/debtinformation" xmlns:ns4="http://fsb.belgium.be/FourthWayServices/gooddescription" xmlns:ns40="http://fsb.belgium.be/FourthWayServices/socialdebt" xmlns:ns41="http://fsb.belgium.be/FourthWayServices/fiscalregionflandersdebtdetails" xmlns:ns42="http://fsb.belgium.be/FourthWayServices/fiscalregionflandersdebt" xmlns:ns43="http://fsb.belgium.be/FourthWayServices/debt" xmlns:ns44="http://fsb.belgium.be/FourthWayServices/debtparty" xmlns:ns45="http://fsb.belgium.be/FourthWayServices/legalbase" xmlns:ns46="http://fsb.belgium.be/FourthWayServices/debtnotification" xmlns:ns47="http://fsb.belgium.be/FourthWayServices/debtdeficitnotification" xmlns:ns48="http://fsb.belgium.be/FourthWayServices/header" xmlns:ns49="http://fsb.belgium.be/header" xmlns:ns5="http://fsb.belgium.be/FourthWayServices/party" xmlns:ns51="http://fsb.belgium.be/FourthWayServices/technicalack" xmlns:ns52="http://fsb.belgium.be/FourthWayServices/functionalack" xmlns:ns6="http://fsb.belgium.be/FourthWayServices/naturalperson" xmlns:ns7="http://fsb.belgium.be/FourthWayServices/nonresident" xmlns:ns8="http://fsb.belgium.be/FourthWayServices/contact" xmlns:ns9="http://fsb.belgium.be/FourthWayServices/propertyinformation">
            <ns25:generalCaseInformation>
               <ns25:administrativeInformation>
                  <ns25:language>FR</ns25:language>
                  <ns25:caseNumber>2444080.210115.0167</ns25:caseNumber>
                  <ns25:transactionType>3</ns25:transactionType>
                  <ns25:procedureNumber>ENOT4000000419570</ns25:procedureNumber>
                  <ns25:replacedProcedureNumber xsi:nil="true" xmlns:xsi="http://www.w3.org/2001/XMLSchema-instance"/>
                  <ns25:requestDate>2015-01-21T14:50:02.446+01:00</ns25:requestDate>
                  <ns25:origin>
                     <ns2:origin>
                        <ns2:partner>FPS Finance</ns2:partner>
                        <ns2:partnerCode codeType="KBO">0308357159</ns2:partnerCode>
                     </ns2:origin>
                  </ns25:origin>
                  <ns25:destinations>
                     <ns2:destination>
                        <ns2:partner>FRNB</ns2:partner>
                        <ns2:partnerCode codeType="KBO">0409357321</ns2:partnerCode>
                     </ns2:destination>
                  </ns25:destinations>
                  <ns25:requestorInformation>
                     <ns12:institution>
                        <ns12:institutionType>Federal</ns12:institutionType>
                        <ns12:institutionName>Huy</ns12:institutionName>
                        <ns12:institutionIdentificationNumber type="CDDB">600904</ns12:institutionIdentificationNumber>
                        <address>
                           <location>
                              <country>
                                 <countryCode codeStandard="ISO">BE</countryCode>
                              </country>
                              <postalCode>4500</postalCode>
                           </location>
                           <street>Avenue Albert 1er</street>
                           <houseNumber>8/10</houseNumber>
                        </address>
                        <ns12:contactInformation>
                           <ns8:phoneNumber type="phone">025783660</ns8:phoneNumber>
                           <ns8:emailAddress type="email">rec.cd.huy@minfin.fed.be</ns8:emailAddress>
                        </ns12:contactInformation>
                     </ns12:institution>
                     <ns25:responsiblePerson>
                        <ns2:name>
                           <ns2:firstName>Testuser</ns2:firstName>
                           <ns2:lastName>testuser.enotrec01</ns2:lastName>
                        </ns2:name>
                        <ns8:contactInformation/>
                     </ns25:responsiblePerson>
                     <ns25:contactPerson>
                        <ns2:name>
                           <ns2:firstName>Testuser</ns2:firstName>
                           <ns2:lastName>EnotRec01</ns2:lastName>
                        </ns2:name>
                        <ns8:contactInformation>
                           <ns8:emailAddress type="email">testuser.enotrec01@guest.minfin.fed.be</ns8:emailAddress>
                        </ns8:contactInformation>
                     </ns25:contactPerson>
                  </ns25:requestorInformation>
               </ns25:administrativeInformation>
            </ns25:generalCaseInformation>
            <ns44:debtParty>
               <ns5:party partyID="005">
                  <ns5:residentialParty>false</ns5:residentialParty>
                  <ns6:naturalPerson>
                     <ns2:entityReference>
                        <ns2:source>notice1</ns2:source>
                        <ns2:entityID type="nationalNumber">68082123438</ns2:entityID>
                     </ns2:entityReference>
                     <ns6:personInformation>
                        <ns2:name>
                           <ns2:firstName>Yolande Adrienne</ns2:firstName>
                           <ns2:lastName>BUITER</ns2:lastName>
                        </ns2:name>
                        <address>
                           <location>
                              <country>
                                 <countryDescription>Belgium</countryDescription>
                                 <countryCode codeStandard="ISO">BE</countryCode>
                              </country>
                              <municipalityDescription>Verlaine</municipalityDescription>
                              <postalCode>4537</postalCode>
                           </location>
                           <street>Rue aux Raines</street>
                           <houseNumber>53</houseNumber>
                        </address>
                     </ns6:personInformation>
                  </ns6:naturalPerson>
               </ns5:party>
               <ns43:debt debtID="1">
                  <ns37:fiscaldebt>
                     <ns31:fiscalDebtDetails>
                        <ns31:debtType>VAT</ns31:debtType>
                        <ns31:declarations>
                           <ns31:negligenceClause>
                              <ns31:additionalIntrest>0</ns31:additionalIntrest>
                              <ns31:additionalIntrestFromDate>2015-01-21+01:00</ns31:additionalIntrestFromDate>
                           </ns31:negligenceClause>
                        </ns31:declarations>
                        <ns2:referencePeriod>
                           <ns2:startDate>2015-01-06+01:00</ns2:startDate>
                           <ns2:endDate>2015-01-13+01:00</ns2:endDate>
                        </ns2:referencePeriod>
                        <ns31:totalDebt>45</ns31:totalDebt>
                        <ns31:debtBreakdown>
                           <ns31:debtSubType>VAT</ns31:debtSubType>
                           <ns31:debtSubAmount>45</ns31:debtSubAmount>
                        </ns31:debtBreakdown>
                        <ns31:debtBreakdown>
                           <ns31:debtSubType>IM</ns31:debtSubType>
                           <ns31:debtSubAmount>0</ns31:debtSubAmount>
                        </ns31:debtBreakdown>
                        <ns31:debtBreakdown>
                           <ns31:debtSubType>INTEREST</ns31:debtSubType>
                           <ns31:debtSubAmount>0</ns31:debtSubAmount>
                        </ns31:debtBreakdown>
                        <ns31:debtBreakdown>
                           <ns31:debtSubType>FINES</ns31:debtSubType>
                           <ns31:debtSubAmount>0</ns31:debtSubAmount>
                        </ns31:debtBreakdown>
                        <ns31:debtBreakdown>
                           <ns31:debtSubType>COST</ns31:debtSubType>
                           <ns31:debtSubAmount>0</ns31:debtSubAmount>
                        </ns31:debtBreakdown>
                     </ns31:fiscalDebtDetails>
                     <ns32:officialProclamation/>
                     <ns33:beneficiary>
                        <ns33:beneficiaryName>CTRI Namur</ns33:beneficiaryName>
                        <ns33:structuredMessage>N99998745412NOT/</ns33:structuredMessage>
                        <ns33:amount>45</ns33:amount>
                        <ns34:bankAccount>
                           <ns34:ibanNumber>BE42 6792 0034 9254</ns34:ibanNumber>
                           <ns34:bicCode>PCHQBEBB</ns34:bicCode>
                           <ns34:accountName>CTRI Namur</ns34:accountName>
                           <address>
                              <location>
                                 <country>
                                    <countryCode codeStandard="ISO">BE</countryCode>
                                 </country>
                                 <municipalityDescription language="fr">Namur</municipalityDescription>
                                 <postalCode>5000</postalCode>
                              </location>
                              <street>Rue des Bourgeois</street>
                              <houseNumber>7/Bloc B</houseNumber>
                           </address>
                        </ns34:bankAccount>
                     </ns33:beneficiary>
                     <ns35:debtDetailedInformation>
                        <ns35:calculationDate>2015-01-21+01:00</ns35:calculationDate>
                        <ns35:referentialNumber>999998745412</ns35:referentialNumber>
                     </ns35:debtDetailedInformation>
                  </ns37:fiscaldebt>
               </ns43:debt>
               <ns44:totalDebtAmount>45</ns44:totalDebtAmount>
            </ns44:debtParty>
            <ns45:legalBase>
               <ns45:legalSource>Code de la taxe sur la valeur ajout��e</ns45:legalSource>
               <ns45:legalBaseIdentifier>Article 93quater</ns45:legalBaseIdentifier>
            </ns45:legalBase>
            <ns27:technical>
               <ns26:Signature>
                  <ns26:SignedInfo>
                     <ns26:CanonicalizationMethod Algorithm="http://www.w3.org/TR/2001/REC-xml-c14n-20010315"/>
                     <ns26:SignatureMethod Algorithm="http://www.w3.org/2000/09/xmldsig#rsa-sha1"/>
                     <ns26:Reference URI="#signMe">
                        <ns26:DigestMethod Algorithm="http://www.w3.org/2000/09/xmldsig#sha1"/>
                        <ns26:DigestValue>CbUOX9jTy0uYSCKDVQl6peUatJ8=</ns26:DigestValue>
                     </ns26:Reference>
                  </ns26:SignedInfo>
                  <ns26:SignatureValue>WBXEECQtMTWGGq5EGO+5kyVw1kJefLsfHVA/5eYB6pZ3GOZ7LOLc/jAhKbqxeV3qdWiMGx3VzgvdF4ZaMB2HS1fLmnOmNDXHhrrqYQJ51LGDvex39k7/xAJAmuub7MDtfAu08WBTVpmQ5khGL9ZrYOXr5RoG70BrlWNr+37FekM=</ns26:SignatureValue>
                  <ns26:KeyInfo>
                     <ns26:X509Data>
                        <ns26:X509SubjectName>ST=Brussels,L=Brussels,OU=Belgian Federal Government,O=Federal Public Service Finances,CN=Test SPF Finances - FOD Financien,C=BE</ns26:X509SubjectName>
                        <ns26:X509Certificate>MIIDKzCCApSgAwIBAgIJAIkxAL2MG081MA0GCSqGSIb3DQEBBQUAMIGuMQswCQYDVQQGEwJCRTEqMCgGA1UEAxMhVGVzdCBTUEYgRmluYW5jZXMgLSBGT0QgRmluYW5jaWVuMSgwJgYDVQQKEx9GZWRlcmFsIFB1YmxpYyBTZXJ2aWNlIEZpbmFuY2VzMSMwIQYDVQQLExpCZWxnaWFuIEZlZGVyYWwgR292ZXJubWVudDERMA8GA1UEBxMIQnJ1c3NlbHMxETAPBgNVBAgTCEJydXNzZWxzMB4XDTA4MDUwNjA4MDcyMFoXDTE4MDUwNzA4MDcyMFowga4xCzAJBgNVBAYTAkJFMSowKAYDVQQDEyFUZXN0IFNQRiBGaW5hbmNlcyAtIEZPRCBGaW5hbmNpZW4xKDAmBgNVBAoTH0ZlZGVyYWwgUHVibGljIFNlcnZpY2UgRmluYW5jZXMxIzAhBgNVBAsTGkJlbGdpYW4gRmVkZXJhbCBHb3Zlcm5tZW50MREwDwYDVQQHEwhCcnVzc2VsczERMA8GA1UECBMIQnJ1c3NlbHMwgZ8wDQYJKoZIhvcNAQEBBQADgY0AMIGJAoGBAJ8T/80iF50FvothkWOZDsZUPKM52fxhNdKMT+E/lODqejyJ2iQkjEuW5yJKo0lXNj+Gxwfl99bD16IJMagbrxBnJPwR7SeS3JQ0IaLkOorOoeZkZLFoFMSfZWT9uCf6Qf/uNMQtRnX2351P1OF3cld68uFGUNS8U93OqxS9R/ZvAgMBAAGjTzBNMAwGA1UdEwQFMAMBAf8wCwYDVR0PBAQDAgTwMB0GA1UdJQQWMBQGCCsGAQUFBwMCBggrBgEFBQcDBDARBglghkgBhvhCAQEEBAMCBLAwDQYJKoZIhvcNAQEFBQADgYEATnEO8juTdcZtwzvl5EHnZ9+6cEM9rsWuQtq43UXw4RqveHWUE+Cn2ElMPiyuxLLzkzQTbcDYxI9FgVAXFEmqPf7Jii2PpHIlo8yHWCWMuPP0OykMF6YuCtyutKJBbGuTT36gNVAUEPeD34fzB5pgy2aG5wQTQctRdDz07CVM3cI=</ns26:X509Certificate>
                     </ns26:X509Data>
                  </ns26:KeyInfo>
               </ns26:Signature>
            </ns27:technical>
         </ns46:debtNotification>
         </v1:request>
      </v1:fiscalDebtNotificationRequest>
   </soapenv:Body>
</soapenv:Envelope>]]></con:request><con:assertion type="SOAP Fault Assertion" id="7ae8e0ad-6c38-4281-bca7-363860057914" name="Not SOAP Fault"/><con:assertion type="SOAP Response" id="cb02ef7e-ff0f-4739-96b5-ca514ea5593e" name="SOAP Response"/><con:assertion type="Schema Compliance" id="785f6fb4-88fd-47a8-aef0-e88141ac510d" name="Schema Compliance"><con:configuration/></con:assertion><con:wsaConfig action="http://fidus.brussels/services/fourthwaydebtservice/fiscalDebtNotification"/></con:request></con:config></con:testStep><con:testStep type="request" id="cf82beb2-09b6-4041-8853-7f72baed43bc" name="testcase4 - Staging - External - Request"><con:settings/><con:config xsi:type="con:RequestStep" xmlns:xsi="http://www.w3.org/2001/XMLSchema-instance"><con:interface>FourthWayDebtServiceHTTPBinding</con:interface><con:operation>fiscalDebtNotification</con:operation><con:request name="testcase4 - Staging - External - Request" id="1a3749af-84c4-4575-aafc-baaad139b848" outgoingWss="Outflow STAG"><con:settings/><con:encoding>UTF-8</con:encoding><con:endpoint>https://fidus.irisnetlab.be/services/FourthWayDebtService_v1.0</con:endpoint><con:request><![CDATA[<soapenv:Envelope xmlns:soapenv="http://schemas.xmlsoap.org/soap/envelope/" xmlns:v1="http://fidus.brussels/service/fourthwaydebtservice/messages/v1" xmlns:v11="http://fidus.brussels/type/common/messages/v1" xmlns:deb="http://fsb.belgium.be/FourthWayServices/debtnotification" xmlns:gen="http://fsb.belgium.be/FourthWayServices/generalcaseinformation" xmlns:dat="http://fsb.belgium.be/FourthWayServices/common/datatypes" xmlns:ins="http://fsb.belgium.be/FourthWayServices/institution" xmlns:add="http://fsb.belgium.be/FourthWayServices/common/addressinformation" xmlns:con="http://fsb.belgium.be/FourthWayServices/contact" xmlns:deb1="http://fsb.belgium.be/FourthWayServices/debtparty" xmlns:par="http://fsb.belgium.be/FourthWayServices/party" xmlns:debt="http://fsb.belgium.be/FourthWayServices/debt" xmlns:leg="http://fsb.belgium.be/FourthWayServices/legalbase" xmlns:tec="http://fsb.belgium.be/FourthWayServices/technical" xmlns:xd="http://www.w3.org/2000/09/xmldsig#">
   <soapenv:Header/>
   <soapenv:Body>
      <v1:fiscalDebtNotificationRequest>
         <v1:messageContext>
         	  <v11:messageId>${=import static java.util.UUID.randomUUID; uuid = randomUUID() as String}</v11:messageId>
            <v11:timestamp>${=new java.text.SimpleDateFormat("yyyy-MM-dd'T'HH:mm:ss.SSS").format(new Date())}</v11:timestamp>
         </v1:messageContext>
         <v1:legalContext>ServiceIntegrator</v1:legalContext>      
         <v1:request>
 		<ns46:debtNotification Id="SignMe" xmlns:ns50="http://be.belgium.fsb/fourthWayService/Debt" xmlns="http://fsb.belgium.be/FourthWayServices/common/addressinformation" xmlns:ns10="http://fsb.belgium.be/FourthWayServices/shipinformation" xmlns:ns11="http://fsb.belgium.be/FourthWayServices/selfemployed" xmlns:ns12="http://fsb.belgium.be/FourthWayServices/institution" xmlns:ns13="http://fsb.belgium.be/FourthWayServices/enterprise" xmlns:ns14="http://fsb.belgium.be/FourthWayServices/honorbaseddeclarations" xmlns:ns15="http://fsb.belgium.be/FourthWayServices/unregisteredparty" xmlns:ns16="http://fsb.belgium.be/FourthWayServices/partnerdescription" xmlns:ns17="http://fsb.belgium.be/FourthWayServices/mortgagegoods" xmlns:ns18="http://fsb.belgium.be/FourthWayServices/deficitcaseinformation" xmlns:ns19="http://fsb.belgium.be/FourthWayServices/debtinquiry" xmlns:ns2="http://fsb.belgium.be/FourthWayServices/common/datatypes" xmlns:ns20="http://fsb.belgium.be/FourthWayServices/immovablegoodtransaction" xmlns:ns21="http://fsb.belgium.be/FourthWayServices/movablegoodtransaction" xmlns:ns22="http://fsb.belgium.be/FourthWayServices/inheritanceinformation" xmlns:ns23="http://fsb.belgium.be/FourthWayServices/successiontransaction" xmlns:ns24="http://fsb.belgium.be/FourthWayServices/fourthwaymessage" xmlns:ns25="http://fsb.belgium.be/FourthWayServices/generalcaseinformation" xmlns:ns26="http://www.w3.org/2000/09/xmldsig#" xmlns:ns27="http://fsb.belgium.be/FourthWayServices/technical" xmlns:ns28="http://fsb.belgium.be/FourthWayServices/acknowledgementinformation" xmlns:ns29="http://fsb.belgium.be/FourthWayServices/error" xmlns:ns3="http://fsb.belgium.be/FourthWayServices/salesinformation" xmlns:ns30="http://fsb.belgium.be/FourthWayServices/businesserror" xmlns:ns31="http://fsb.belgium.be/FourthWayServices/fiscaldebtdetails" xmlns:ns32="http://fsb.belgium.be/FourthWayServices/officialproclamation" xmlns:ns33="http://fsb.belgium.be/FourthWayServices/beneficiary" xmlns:ns34="http://fsb.belgium.be/FourthWayServices/common/bankaccount" xmlns:ns35="http://fsb.belgium.be/FourthWayServices/debtdetailedinformation" xmlns:ns36="http://fsb.belgium.be/FourthWayServices/debtsolidarity" xmlns:ns37="http://fsb.belgium.be/FourthWayServices/fiscaldebt" xmlns:ns38="http://fsb.belgium.be/FourthWayServices/socialdebtdetails" xmlns:ns39="http://fsb.belgium.be/FourthWayServices/debtinformation" xmlns:ns4="http://fsb.belgium.be/FourthWayServices/gooddescription" xmlns:ns40="http://fsb.belgium.be/FourthWayServices/socialdebt" xmlns:ns41="http://fsb.belgium.be/FourthWayServices/fiscalregionflandersdebtdetails" xmlns:ns42="http://fsb.belgium.be/FourthWayServices/fiscalregionflandersdebt" xmlns:ns43="http://fsb.belgium.be/FourthWayServices/debt" xmlns:ns44="http://fsb.belgium.be/FourthWayServices/debtparty" xmlns:ns45="http://fsb.belgium.be/FourthWayServices/legalbase" xmlns:ns46="http://fsb.belgium.be/FourthWayServices/debtnotification" xmlns:ns47="http://fsb.belgium.be/FourthWayServices/debtdeficitnotification" xmlns:ns48="http://fsb.belgium.be/FourthWayServices/header" xmlns:ns49="http://fsb.belgium.be/header" xmlns:ns5="http://fsb.belgium.be/FourthWayServices/party" xmlns:ns51="http://fsb.belgium.be/FourthWayServices/technicalack" xmlns:ns52="http://fsb.belgium.be/FourthWayServices/functionalack" xmlns:ns6="http://fsb.belgium.be/FourthWayServices/naturalperson" xmlns:ns7="http://fsb.belgium.be/FourthWayServices/nonresident" xmlns:ns8="http://fsb.belgium.be/FourthWayServices/contact" xmlns:ns9="http://fsb.belgium.be/FourthWayServices/propertyinformation">
            <ns25:generalCaseInformation>
               <ns25:administrativeInformation>
                  <ns25:language>FR</ns25:language>
                  <ns25:caseNumber>2444080.210115.0167</ns25:caseNumber>
                  <ns25:transactionType>3</ns25:transactionType>
                  <ns25:procedureNumber>ENOT4000000419570</ns25:procedureNumber>
                  <ns25:replacedProcedureNumber xsi:nil="true" xmlns:xsi="http://www.w3.org/2001/XMLSchema-instance"/>
                  <ns25:requestDate>2015-01-21T14:50:02.446+01:00</ns25:requestDate>
                  <ns25:origin>
                     <ns2:origin>
                        <ns2:partner>FPS Finance</ns2:partner>
                        <ns2:partnerCode codeType="KBO">0308357159</ns2:partnerCode>
                     </ns2:origin>
                  </ns25:origin>
                  <ns25:destinations>
                     <ns2:destination>
                        <ns2:partner>FRNB</ns2:partner>
                        <ns2:partnerCode codeType="KBO">0409357321</ns2:partnerCode>
                     </ns2:destination>
                  </ns25:destinations>
                  <ns25:requestorInformation>
                     <ns12:institution>
                        <ns12:institutionType>Federal</ns12:institutionType>
                        <ns12:institutionName>Huy</ns12:institutionName>
                        <ns12:institutionIdentificationNumber type="CDDB">600904</ns12:institutionIdentificationNumber>
                        <address>
                           <location>
                              <country>
                                 <countryCode codeStandard="ISO">BE</countryCode>
                              </country>
                              <postalCode>4500</postalCode>
                           </location>
                           <street>Avenue Albert 1er</street>
                           <houseNumber>8/10</houseNumber>
                        </address>
                        <ns12:contactInformation>
                           <ns8:phoneNumber type="phone">025783660</ns8:phoneNumber>
                           <ns8:emailAddress type="email">rec.cd.huy@minfin.fed.be</ns8:emailAddress>
                        </ns12:contactInformation>
                     </ns12:institution>
                     <ns25:responsiblePerson>
                        <ns2:name>
                           <ns2:firstName>Testuser</ns2:firstName>
                           <ns2:lastName>testuser.enotrec01</ns2:lastName>
                        </ns2:name>
                        <ns8:contactInformation/>
                     </ns25:responsiblePerson>
                     <ns25:contactPerson>
                        <ns2:name>
                           <ns2:firstName>Testuser</ns2:firstName>
                           <ns2:lastName>EnotRec01</ns2:lastName>
                        </ns2:name>
                        <ns8:contactInformation>
                           <ns8:emailAddress type="email">testuser.enotrec01@guest.minfin.fed.be</ns8:emailAddress>
                        </ns8:contactInformation>
                     </ns25:contactPerson>
                  </ns25:requestorInformation>
               </ns25:administrativeInformation>
            </ns25:generalCaseInformation>
            <ns44:debtParty>
               <ns5:party partyID="005">
                  <ns5:residentialParty>false</ns5:residentialParty>
                  <ns6:naturalPerson>
                     <ns2:entityReference>
                        <ns2:source>notice1</ns2:source>
                        <ns2:entityID type="nationalNumber">68082123438</ns2:entityID>
                     </ns2:entityReference>
                     <ns6:personInformation>
                        <ns2:name>
                           <ns2:firstName>Yolande Adrienne</ns2:firstName>
                           <ns2:lastName>BUITER</ns2:lastName>
                        </ns2:name>
                        <address>
                           <location>
                              <country>
                                 <countryDescription>Belgium</countryDescription>
                                 <countryCode codeStandard="ISO">BE</countryCode>
                              </country>
                              <municipalityDescription>Verlaine</municipalityDescription>
                              <postalCode>4537</postalCode>
                           </location>
                           <street>Rue aux Raines</street>
                           <houseNumber>53</houseNumber>
                        </address>
                     </ns6:personInformation>
                  </ns6:naturalPerson>
               </ns5:party>
               <ns43:debt debtID="1">
                  <ns37:fiscaldebt>
                     <ns31:fiscalDebtDetails>
                        <ns31:debtType>VAT</ns31:debtType>
                        <ns31:declarations>
                           <ns31:negligenceClause>
                              <ns31:additionalIntrest>0</ns31:additionalIntrest>
                              <ns31:additionalIntrestFromDate>2015-01-21+01:00</ns31:additionalIntrestFromDate>
                           </ns31:negligenceClause>
                        </ns31:declarations>
                        <ns2:referencePeriod>
                           <ns2:startDate>2015-01-06+01:00</ns2:startDate>
                           <ns2:endDate>2015-01-13+01:00</ns2:endDate>
                        </ns2:referencePeriod>
                        <ns31:totalDebt>45</ns31:totalDebt>
                        <ns31:debtBreakdown>
                           <ns31:debtSubType>VAT</ns31:debtSubType>
                           <ns31:debtSubAmount>45</ns31:debtSubAmount>
                        </ns31:debtBreakdown>
                        <ns31:debtBreakdown>
                           <ns31:debtSubType>IM</ns31:debtSubType>
                           <ns31:debtSubAmount>0</ns31:debtSubAmount>
                        </ns31:debtBreakdown>
                        <ns31:debtBreakdown>
                           <ns31:debtSubType>INTEREST</ns31:debtSubType>
                           <ns31:debtSubAmount>0</ns31:debtSubAmount>
                        </ns31:debtBreakdown>
                        <ns31:debtBreakdown>
                           <ns31:debtSubType>FINES</ns31:debtSubType>
                           <ns31:debtSubAmount>0</ns31:debtSubAmount>
                        </ns31:debtBreakdown>
                        <ns31:debtBreakdown>
                           <ns31:debtSubType>COST</ns31:debtSubType>
                           <ns31:debtSubAmount>0</ns31:debtSubAmount>
                        </ns31:debtBreakdown>
                     </ns31:fiscalDebtDetails>
                     <ns32:officialProclamation/>
                     <ns33:beneficiary>
                        <ns33:beneficiaryName>CTRI Namur</ns33:beneficiaryName>
                        <ns33:structuredMessage>N99998745412NOT/</ns33:structuredMessage>
                        <ns33:amount>45</ns33:amount>
                        <ns34:bankAccount>
                           <ns34:ibanNumber>BE42 6792 0034 9254</ns34:ibanNumber>
                           <ns34:bicCode>PCHQBEBB</ns34:bicCode>
                           <ns34:accountName>CTRI Namur</ns34:accountName>
                           <address>
                              <location>
                                 <country>
                                    <countryCode codeStandard="ISO">BE</countryCode>
                                 </country>
                                 <municipalityDescription language="fr">Namur</municipalityDescription>
                                 <postalCode>5000</postalCode>
                              </location>
                              <street>Rue des Bourgeois</street>
                              <houseNumber>7/Bloc B</houseNumber>
                           </address>
                        </ns34:bankAccount>
                     </ns33:beneficiary>
                     <ns35:debtDetailedInformation>
                        <ns35:calculationDate>2015-01-21+01:00</ns35:calculationDate>
                        <ns35:referentialNumber>999998745412</ns35:referentialNumber>
                     </ns35:debtDetailedInformation>
                  </ns37:fiscaldebt>
               </ns43:debt>
               <ns44:totalDebtAmount>45</ns44:totalDebtAmount>
            </ns44:debtParty>
            <ns45:legalBase>
               <ns45:legalSource>Code de la taxe sur la valeur ajout��e</ns45:legalSource>
               <ns45:legalBaseIdentifier>Article 93quater</ns45:legalBaseIdentifier>
            </ns45:legalBase>
            <ns27:technical>
               <ns26:Signature>
                  <ns26:SignedInfo>
                     <ns26:CanonicalizationMethod Algorithm="http://www.w3.org/TR/2001/REC-xml-c14n-20010315"/>
                     <ns26:SignatureMethod Algorithm="http://www.w3.org/2000/09/xmldsig#rsa-sha1"/>
                     <ns26:Reference URI="#signMe">
                        <ns26:DigestMethod Algorithm="http://www.w3.org/2000/09/xmldsig#sha1"/>
                        <ns26:DigestValue>CbUOX9jTy0uYSCKDVQl6peUatJ8=</ns26:DigestValue>
                     </ns26:Reference>
                  </ns26:SignedInfo>
                  <ns26:SignatureValue>WBXEECQtMTWGGq5EGO+5kyVw1kJefLsfHVA/5eYB6pZ3GOZ7LOLc/jAhKbqxeV3qdWiMGx3VzgvdF4ZaMB2HS1fLmnOmNDXHhrrqYQJ51LGDvex39k7/xAJAmuub7MDtfAu08WBTVpmQ5khGL9ZrYOXr5RoG70BrlWNr+37FekM=</ns26:SignatureValue>
                  <ns26:KeyInfo>
                     <ns26:X509Data>
                        <ns26:X509SubjectName>ST=Brussels,L=Brussels,OU=Belgian Federal Government,O=Federal Public Service Finances,CN=Test SPF Finances - FOD Financien,C=BE</ns26:X509SubjectName>
                        <ns26:X509Certificate>MIIDKzCCApSgAwIBAgIJAIkxAL2MG081MA0GCSqGSIb3DQEBBQUAMIGuMQswCQYDVQQGEwJCRTEqMCgGA1UEAxMhVGVzdCBTUEYgRmluYW5jZXMgLSBGT0QgRmluYW5jaWVuMSgwJgYDVQQKEx9GZWRlcmFsIFB1YmxpYyBTZXJ2aWNlIEZpbmFuY2VzMSMwIQYDVQQLExpCZWxnaWFuIEZlZGVyYWwgR292ZXJubWVudDERMA8GA1UEBxMIQnJ1c3NlbHMxETAPBgNVBAgTCEJydXNzZWxzMB4XDTA4MDUwNjA4MDcyMFoXDTE4MDUwNzA4MDcyMFowga4xCzAJBgNVBAYTAkJFMSowKAYDVQQDEyFUZXN0IFNQRiBGaW5hbmNlcyAtIEZPRCBGaW5hbmNpZW4xKDAmBgNVBAoTH0ZlZGVyYWwgUHVibGljIFNlcnZpY2UgRmluYW5jZXMxIzAhBgNVBAsTGkJlbGdpYW4gRmVkZXJhbCBHb3Zlcm5tZW50MREwDwYDVQQHEwhCcnVzc2VsczERMA8GA1UECBMIQnJ1c3NlbHMwgZ8wDQYJKoZIhvcNAQEBBQADgY0AMIGJAoGBAJ8T/80iF50FvothkWOZDsZUPKM52fxhNdKMT+E/lODqejyJ2iQkjEuW5yJKo0lXNj+Gxwfl99bD16IJMagbrxBnJPwR7SeS3JQ0IaLkOorOoeZkZLFoFMSfZWT9uCf6Qf/uNMQtRnX2351P1OF3cld68uFGUNS8U93OqxS9R/ZvAgMBAAGjTzBNMAwGA1UdEwQFMAMBAf8wCwYDVR0PBAQDAgTwMB0GA1UdJQQWMBQGCCsGAQUFBwMCBggrBgEFBQcDBDARBglghkgBhvhCAQEEBAMCBLAwDQYJKoZIhvcNAQEFBQADgYEATnEO8juTdcZtwzvl5EHnZ9+6cEM9rsWuQtq43UXw4RqveHWUE+Cn2ElMPiyuxLLzkzQTbcDYxI9FgVAXFEmqPf7Jii2PpHIlo8yHWCWMuPP0OykMF6YuCtyutKJBbGuTT36gNVAUEPeD34fzB5pgy2aG5wQTQctRdDz07CVM3cI=</ns26:X509Certificate>
                     </ns26:X509Data>
                  </ns26:KeyInfo>
               </ns26:Signature>
            </ns27:technical>
         </ns46:debtNotification>
         </v1:request>
      </v1:fiscalDebtNotificationRequest>
   </soapenv:Body>
</soapenv:Envelope>]]></con:request><con:assertion type="SOAP Fault Assertion" id="2a32ba80-cf13-419c-8b2b-2847e9114db1" name="Not SOAP Fault"/><con:assertion type="SOAP Response" id="1b3de3e2-64a6-445d-a815-9898c637d2a9" name="SOAP Response"/><con:assertion type="Schema Compliance" id="cbc0e18a-edff-4298-b6af-2a8b11714f69" name="Schema Compliance"><con:configuration/></con:assertion><con:wsaConfig action="http://fidus.brussels/services/fourthwaydebtservice/fiscalDebtNotification"/></con:request></con:config></con:testStep><con:properties/></con:testCase><con:properties/></con:testSuite><con:testSuite id="7b05f0cc-d8bb-4aab-87a7-9f9bbad7cef1" name="PROD"><con:settings/><con:runType>SEQUENTIAL</con:runType><con:testCase id="ed4e30e6-8568-4182-b428-b5ba7a374cd5" failOnError="true" failTestCaseOnErrors="true" keepSession="false" maxResults="0" name="businessError" searchProperties="true"><con:settings/><con:testStep type="request" id="d23d90db-b8f4-49f8-b137-3d4860fa32ee" name="testcase5 - Prod - External - Request"><con:settings/><con:config xsi:type="con:RequestStep" xmlns:xsi="http://www.w3.org/2001/XMLSchema-instance"><con:interface>FourthWayDebtServiceHTTPBinding</con:interface><con:operation>businessError</con:operation><con:request name="testcase5 - Prod - External - Request" id="72ce8f4c-6820-4d83-b29e-bc2f82a55ab1" outgoingWss="Outflow PROD"><con:settings/><con:encoding>UTF-8</con:encoding><con:endpoint>https://fidus.sec.brussels/services/FourthWayDebtService_v1.0</con:endpoint><con:request><![CDATA[<soapenv:Envelope xmlns:soapenv="http://schemas.xmlsoap.org/soap/envelope/" xmlns:v1="http://fidus.brussels/service/fourthwaydebtservice/messages/v1" xmlns:v11="http://fidus.brussels/type/common/messages/v1" xmlns:bus="http://fsb.belgium.be/FourthWayServices/businesserror" xmlns:err="http://fsb.belgium.be/FourthWayServices/error" xmlns:dat="http://fsb.belgium.be/FourthWayServices/common/datatypes">
   <soapenv:Header/>
   <soapenv:Body>
      <v1:businessErrorRequest>
         <v1:messageContext>
     	  <v11:messageId>${=import static java.util.UUID.randomUUID; uuid = randomUUID() as String}</v11:messageId>
            <v11:timestamp>${=new java.text.SimpleDateFormat("yyyy-MM-dd'T'HH:mm:ss.SSS").format(new Date())}</v11:timestamp>
         </v1:messageContext>
         <v1:legalContext>ServiceIntegrator</v1:legalContext>
         <v1:request>
   		<bus:businessError>
            <err:error>
               <err:code>VAL0005</err:code>
               <err:description>A validation error</err:description>
            </err:error>
            <bus:messageIdentification>
               <dat:origin>
                  <dat:origin>
                     <dat:partner>FRNB</dat:partner>
                     <dat:partnerCode codeType="KBO">0409357321</dat:partnerCode>
                  </dat:origin>
               </dat:origin>
            </bus:messageIdentification>
         </bus:businessError>
         </v1:request>
      </v1:businessErrorRequest>
   </soapenv:Body>
</soapenv:Envelope>]]></con:request><con:assertion type="SOAP Fault Assertion" id="4b93ed7c-77a4-4407-81da-5f73a73adb1d" name="Not SOAP Fault"/><con:assertion type="SOAP Response" id="b9ffd7dc-baae-44bc-8738-410acd0a5651" name="SOAP Response"/><con:assertion type="Schema Compliance" id="47366590-9c2a-427b-a77c-f27885427288" name="Schema Compliance"><con:configuration/></con:assertion><con:wsaConfig action="http://fidus.brussels/services/fourthwaydebtservice/businessError"/></con:request></con:config></con:testStep><con:testStep type="request" id="6e78cc13-a2eb-4334-a81f-6f1901e0770d" name="testcase5 - Prod - LB - Request"><con:settings/><con:config xsi:type="con:RequestStep" xmlns:xsi="http://www.w3.org/2001/XMLSchema-instance"><con:interface>FourthWayDebtServiceHTTPBinding</con:interface><con:operation>businessError</con:operation><con:request name="testcase5 - Prod - LB - Request" id="8a9cc472-a51d-45a4-b8e6-c1cae162b9cd" outgoingWss="Outflow PROD"><con:settings/><con:encoding>UTF-8</con:encoding><con:endpoint>https://fidus-esb-sg.prd.srv.cirb.lan:8443/services/FourthWayDebtService_v1.0</con:endpoint><con:request><![CDATA[<soapenv:Envelope xmlns:soapenv="http://schemas.xmlsoap.org/soap/envelope/" xmlns:v1="http://fidus.brussels/service/fourthwaydebtservice/messages/v1" xmlns:v11="http://fidus.brussels/type/common/messages/v1" xmlns:bus="http://fsb.belgium.be/FourthWayServices/businesserror" xmlns:err="http://fsb.belgium.be/FourthWayServices/error" xmlns:dat="http://fsb.belgium.be/FourthWayServices/common/datatypes">
   <soapenv:Header/>
   <soapenv:Body>
      <v1:businessErrorRequest>
         <v1:messageContext>
     	  <v11:messageId>${=import static java.util.UUID.randomUUID; uuid = randomUUID() as String}</v11:messageId>
            <v11:timestamp>${=new java.text.SimpleDateFormat("yyyy-MM-dd'T'HH:mm:ss.SSS").format(new Date())}</v11:timestamp>
         </v1:messageContext>
         <v1:legalContext>ServiceIntegrator</v1:legalContext>
         <v1:request>
   		<bus:businessError>
            <err:error>
               <err:code>VAL0005</err:code>
               <err:description>A validation error</err:description>
            </err:error>
            <bus:messageIdentification>
               <dat:origin>
                  <dat:origin>
                     <dat:partner>FRNB</dat:partner>
                     <dat:partnerCode codeType="KBO">0409357321</dat:partnerCode>
                  </dat:origin>
               </dat:origin>
            </bus:messageIdentification>
         </bus:businessError>
         </v1:request>
      </v1:businessErrorRequest>
   </soapenv:Body>
</soapenv:Envelope>]]></con:request><con:assertion type="SOAP Fault Assertion" id="ee1a6cf5-6309-4530-876a-0a4efeaaac50" name="Not SOAP Fault"/><con:assertion type="SOAP Response" id="3bb00ab9-de4e-4c70-b658-c27a743f63de" name="SOAP Response"/><con:assertion type="Schema Compliance" id="8b4961aa-548a-4a9c-9d22-12ba26f697ef" name="Schema Compliance"><con:configuration/></con:assertion><con:wsaConfig action="http://fidus.brussels/services/fourthwaydebtservice/businessError"/></con:request></con:config></con:testStep><con:testStep type="request" id="4774ce9a-6103-4f61-a796-d2c61d985328" name="testcase5 - Prod - Worker1 - Request"><con:settings/><con:config xsi:type="con:RequestStep" xmlns:xsi="http://www.w3.org/2001/XMLSchema-instance"><con:interface>FourthWayDebtServiceHTTPBinding</con:interface><con:operation>businessError</con:operation><con:request name="testcase5 - Prod - Worker1 - Request" id="231540db-6440-4634-bd99-fdee6da2800e" outgoingWss="Outflow PROD"><con:settings/><con:encoding>UTF-8</con:encoding><con:endpoint>https://192.168.26.22:8443/services/FourthWayDebtService_v1.0</con:endpoint><con:request><![CDATA[<soapenv:Envelope xmlns:soapenv="http://schemas.xmlsoap.org/soap/envelope/" xmlns:v1="http://fidus.brussels/service/fourthwaydebtservice/messages/v1" xmlns:v11="http://fidus.brussels/type/common/messages/v1" xmlns:bus="http://fsb.belgium.be/FourthWayServices/businesserror" xmlns:err="http://fsb.belgium.be/FourthWayServices/error" xmlns:dat="http://fsb.belgium.be/FourthWayServices/common/datatypes">
   <soapenv:Header/>
   <soapenv:Body>
      <v1:businessErrorRequest>
         <v1:messageContext>
     	  <v11:messageId>${=import static java.util.UUID.randomUUID; uuid = randomUUID() as String}</v11:messageId>
            <v11:timestamp>${=new java.text.SimpleDateFormat("yyyy-MM-dd'T'HH:mm:ss.SSS").format(new Date())}</v11:timestamp>
         </v1:messageContext>
         <v1:legalContext>ServiceIntegrator</v1:legalContext>
         <v1:request>
   		<bus:businessError>
            <err:error>
               <err:code>VAL0005</err:code>
               <err:description>A validation error</err:description>
            </err:error>
            <bus:messageIdentification>
               <dat:origin>
                  <dat:origin>
                     <dat:partner>FRNB</dat:partner>
                     <dat:partnerCode codeType="KBO">0409357321</dat:partnerCode>
                  </dat:origin>
               </dat:origin>
            </bus:messageIdentification>
         </bus:businessError>
         </v1:request>
      </v1:businessErrorRequest>
   </soapenv:Body>
</soapenv:Envelope>]]></con:request><con:assertion type="SOAP Fault Assertion" id="f26e93d9-6a1c-4412-aa5d-6cc39611b5b6" name="Not SOAP Fault"/><con:assertion type="SOAP Response" id="dc5ecf30-78d9-49bc-9f5a-ff985a2fd33f" name="SOAP Response"/><con:assertion type="Schema Compliance" id="6ff31563-a4f4-410d-9975-128cb99a55cd" name="Schema Compliance"><con:configuration/></con:assertion><con:wsaConfig action="http://fidus.brussels/services/fourthwaydebtservice/businessError"/></con:request></con:config></con:testStep><con:testStep type="request" id="f086bb09-a08d-4fe0-8d66-a55d3b3db59b" name="testcase5 - Prod - Worker2 - Request"><con:settings/><con:config xsi:type="con:RequestStep" xmlns:xsi="http://www.w3.org/2001/XMLSchema-instance"><con:interface>FourthWayDebtServiceHTTPBinding</con:interface><con:operation>businessError</con:operation><con:request name="testcase5 - Prod - Worker2 - Request" id="590ab276-a38f-46d6-86eb-26002ff0b7e0" outgoingWss="Outflow PROD"><con:settings/><con:encoding>UTF-8</con:encoding><con:endpoint>https://192.168.26.19:8443/services/FourthWayDebtService_v1.0</con:endpoint><con:request><![CDATA[<soapenv:Envelope xmlns:soapenv="http://schemas.xmlsoap.org/soap/envelope/" xmlns:v1="http://fidus.brussels/service/fourthwaydebtservice/messages/v1" xmlns:v11="http://fidus.brussels/type/common/messages/v1" xmlns:bus="http://fsb.belgium.be/FourthWayServices/businesserror" xmlns:err="http://fsb.belgium.be/FourthWayServices/error" xmlns:dat="http://fsb.belgium.be/FourthWayServices/common/datatypes">
   <soapenv:Header/>
   <soapenv:Body>
      <v1:businessErrorRequest>
         <v1:messageContext>
     	  <v11:messageId>${=import static java.util.UUID.randomUUID; uuid = randomUUID() as String}</v11:messageId>
            <v11:timestamp>${=new java.text.SimpleDateFormat("yyyy-MM-dd'T'HH:mm:ss.SSS").format(new Date())}</v11:timestamp>
         </v1:messageContext>
         <v1:legalContext>ServiceIntegrator</v1:legalContext>
         <v1:request>
   		<bus:businessError>
            <err:error>
               <err:code>VAL0005</err:code>
               <err:description>A validation error</err:description>
            </err:error>
            <bus:messageIdentification>
               <dat:origin>
                  <dat:origin>
                     <dat:partner>FRNB</dat:partner>
                     <dat:partnerCode codeType="KBO">0409357321</dat:partnerCode>
                  </dat:origin>
               </dat:origin>
            </bus:messageIdentification>
         </bus:businessError>
         </v1:request>
      </v1:businessErrorRequest>
   </soapenv:Body>
</soapenv:Envelope>]]></con:request><con:assertion type="SOAP Fault Assertion" id="0e9d4de2-880a-4f51-ae25-3b3c5f7a7e0a" name="Not SOAP Fault"/><con:assertion type="SOAP Response" id="39ca5823-0dd9-495b-b6c3-4a1cdcb044ba" name="SOAP Response"/><con:assertion type="Schema Compliance" id="b32d1a80-d414-42ec-980f-ec9e148436e4" name="Schema Compliance"><con:configuration/></con:assertion><con:wsaConfig action="http://fidus.brussels/services/fourthwaydebtservice/businessError"/></con:request></con:config></con:testStep><con:properties/></con:testCase><con:testCase id="26fc3fb1-539f-4fa5-955c-b079e354e290" failOnError="true" failTestCaseOnErrors="true" keepSession="false" maxResults="0" name="fiscalDebtNotification" searchProperties="true"><con:settings/><con:testStep type="request" id="07834abf-aeb6-4e04-85a6-107c3988ca5c" name="testcase5 - Prod - External - Request"><con:settings/><con:config xsi:type="con:RequestStep" xmlns:xsi="http://www.w3.org/2001/XMLSchema-instance"><con:interface>FourthWayDebtServiceHTTPBinding</con:interface><con:operation>fiscalDebtNotification</con:operation><con:request name="testcase5 - Prod - External - Request" id="97f3ac67-c1f3-4d4d-9df4-ce28bf6defb5" outgoingWss="Outflow PROD"><con:settings/><con:encoding>UTF-8</con:encoding><con:endpoint>https://fidus.sec.brussels/services/FourthWayDebtService_v1.0</con:endpoint><con:request><![CDATA[<soapenv:Envelope xmlns:soapenv="http://schemas.xmlsoap.org/soap/envelope/" xmlns:v1="http://fidus.brussels/service/fourthwaydebtservice/messages/v1" xmlns:v11="http://fidus.brussels/type/common/messages/v1" xmlns:deb="http://fsb.belgium.be/FourthWayServices/debtnotification" xmlns:gen="http://fsb.belgium.be/FourthWayServices/generalcaseinformation" xmlns:dat="http://fsb.belgium.be/FourthWayServices/common/datatypes" xmlns:ins="http://fsb.belgium.be/FourthWayServices/institution" xmlns:add="http://fsb.belgium.be/FourthWayServices/common/addressinformation" xmlns:con="http://fsb.belgium.be/FourthWayServices/contact" xmlns:deb1="http://fsb.belgium.be/FourthWayServices/debtparty" xmlns:par="http://fsb.belgium.be/FourthWayServices/party" xmlns:debt="http://fsb.belgium.be/FourthWayServices/debt" xmlns:leg="http://fsb.belgium.be/FourthWayServices/legalbase" xmlns:tec="http://fsb.belgium.be/FourthWayServices/technical" xmlns:xd="http://www.w3.org/2000/09/xmldsig#">
   <soapenv:Header/>
   <soapenv:Body>
      <v1:fiscalDebtNotificationRequest>
         <v1:messageContext>
         	  <v11:messageId>${=import static java.util.UUID.randomUUID; uuid = randomUUID() as String}</v11:messageId>
            <v11:timestamp>${=new java.text.SimpleDateFormat("yyyy-MM-dd'T'HH:mm:ss.SSS").format(new Date())}</v11:timestamp>
         </v1:messageContext>
         <v1:legalContext>ServiceIntegrator</v1:legalContext>      
         <v1:request>
 		<ns46:debtNotification Id="SignMe" xmlns:ns50="http://be.belgium.fsb/fourthWayService/Debt" xmlns="http://fsb.belgium.be/FourthWayServices/common/addressinformation" xmlns:ns10="http://fsb.belgium.be/FourthWayServices/shipinformation" xmlns:ns11="http://fsb.belgium.be/FourthWayServices/selfemployed" xmlns:ns12="http://fsb.belgium.be/FourthWayServices/institution" xmlns:ns13="http://fsb.belgium.be/FourthWayServices/enterprise" xmlns:ns14="http://fsb.belgium.be/FourthWayServices/honorbaseddeclarations" xmlns:ns15="http://fsb.belgium.be/FourthWayServices/unregisteredparty" xmlns:ns16="http://fsb.belgium.be/FourthWayServices/partnerdescription" xmlns:ns17="http://fsb.belgium.be/FourthWayServices/mortgagegoods" xmlns:ns18="http://fsb.belgium.be/FourthWayServices/deficitcaseinformation" xmlns:ns19="http://fsb.belgium.be/FourthWayServices/debtinquiry" xmlns:ns2="http://fsb.belgium.be/FourthWayServices/common/datatypes" xmlns:ns20="http://fsb.belgium.be/FourthWayServices/immovablegoodtransaction" xmlns:ns21="http://fsb.belgium.be/FourthWayServices/movablegoodtransaction" xmlns:ns22="http://fsb.belgium.be/FourthWayServices/inheritanceinformation" xmlns:ns23="http://fsb.belgium.be/FourthWayServices/successiontransaction" xmlns:ns24="http://fsb.belgium.be/FourthWayServices/fourthwaymessage" xmlns:ns25="http://fsb.belgium.be/FourthWayServices/generalcaseinformation" xmlns:ns26="http://www.w3.org/2000/09/xmldsig#" xmlns:ns27="http://fsb.belgium.be/FourthWayServices/technical" xmlns:ns28="http://fsb.belgium.be/FourthWayServices/acknowledgementinformation" xmlns:ns29="http://fsb.belgium.be/FourthWayServices/error" xmlns:ns3="http://fsb.belgium.be/FourthWayServices/salesinformation" xmlns:ns30="http://fsb.belgium.be/FourthWayServices/businesserror" xmlns:ns31="http://fsb.belgium.be/FourthWayServices/fiscaldebtdetails" xmlns:ns32="http://fsb.belgium.be/FourthWayServices/officialproclamation" xmlns:ns33="http://fsb.belgium.be/FourthWayServices/beneficiary" xmlns:ns34="http://fsb.belgium.be/FourthWayServices/common/bankaccount" xmlns:ns35="http://fsb.belgium.be/FourthWayServices/debtdetailedinformation" xmlns:ns36="http://fsb.belgium.be/FourthWayServices/debtsolidarity" xmlns:ns37="http://fsb.belgium.be/FourthWayServices/fiscaldebt" xmlns:ns38="http://fsb.belgium.be/FourthWayServices/socialdebtdetails" xmlns:ns39="http://fsb.belgium.be/FourthWayServices/debtinformation" xmlns:ns4="http://fsb.belgium.be/FourthWayServices/gooddescription" xmlns:ns40="http://fsb.belgium.be/FourthWayServices/socialdebt" xmlns:ns41="http://fsb.belgium.be/FourthWayServices/fiscalregionflandersdebtdetails" xmlns:ns42="http://fsb.belgium.be/FourthWayServices/fiscalregionflandersdebt" xmlns:ns43="http://fsb.belgium.be/FourthWayServices/debt" xmlns:ns44="http://fsb.belgium.be/FourthWayServices/debtparty" xmlns:ns45="http://fsb.belgium.be/FourthWayServices/legalbase" xmlns:ns46="http://fsb.belgium.be/FourthWayServices/debtnotification" xmlns:ns47="http://fsb.belgium.be/FourthWayServices/debtdeficitnotification" xmlns:ns48="http://fsb.belgium.be/FourthWayServices/header" xmlns:ns49="http://fsb.belgium.be/header" xmlns:ns5="http://fsb.belgium.be/FourthWayServices/party" xmlns:ns51="http://fsb.belgium.be/FourthWayServices/technicalack" xmlns:ns52="http://fsb.belgium.be/FourthWayServices/functionalack" xmlns:ns6="http://fsb.belgium.be/FourthWayServices/naturalperson" xmlns:ns7="http://fsb.belgium.be/FourthWayServices/nonresident" xmlns:ns8="http://fsb.belgium.be/FourthWayServices/contact" xmlns:ns9="http://fsb.belgium.be/FourthWayServices/propertyinformation">
            <ns25:generalCaseInformation>
               <ns25:administrativeInformation>
                  <ns25:language>FR</ns25:language>
                  <ns25:caseNumber>2444080.210115.0167</ns25:caseNumber>
                  <ns25:transactionType>3</ns25:transactionType>
                  <ns25:procedureNumber>ENOT4000000419570</ns25:procedureNumber>
                  <ns25:replacedProcedureNumber xsi:nil="true" xmlns:xsi="http://www.w3.org/2001/XMLSchema-instance"/>
                  <ns25:requestDate>2015-01-21T14:50:02.446+01:00</ns25:requestDate>
                  <ns25:origin>
                     <ns2:origin>
                        <ns2:partner>FPS Finance</ns2:partner>
                        <ns2:partnerCode codeType="KBO">0308357159</ns2:partnerCode>
                     </ns2:origin>
                  </ns25:origin>
                  <ns25:destinations>
                     <ns2:destination>
                        <ns2:partner>FRNB</ns2:partner>
                        <ns2:partnerCode codeType="KBO">0409357321</ns2:partnerCode>
                     </ns2:destination>
                  </ns25:destinations>
                  <ns25:requestorInformation>
                     <ns12:institution>
                        <ns12:institutionType>Federal</ns12:institutionType>
                        <ns12:institutionName>Huy</ns12:institutionName>
                        <ns12:institutionIdentificationNumber type="CDDB">600904</ns12:institutionIdentificationNumber>
                        <address>
                           <location>
                              <country>
                                 <countryCode codeStandard="ISO">BE</countryCode>
                              </country>
                              <postalCode>4500</postalCode>
                           </location>
                           <street>Avenue Albert 1er</street>
                           <houseNumber>8/10</houseNumber>
                        </address>
                        <ns12:contactInformation>
                           <ns8:phoneNumber type="phone">025783660</ns8:phoneNumber>
                           <ns8:emailAddress type="email">rec.cd.huy@minfin.fed.be</ns8:emailAddress>
                        </ns12:contactInformation>
                     </ns12:institution>
                     <ns25:responsiblePerson>
                        <ns2:name>
                           <ns2:firstName>Testuser</ns2:firstName>
                           <ns2:lastName>testuser.enotrec01</ns2:lastName>
                        </ns2:name>
                        <ns8:contactInformation/>
                     </ns25:responsiblePerson>
                     <ns25:contactPerson>
                        <ns2:name>
                           <ns2:firstName>Testuser</ns2:firstName>
                           <ns2:lastName>EnotRec01</ns2:lastName>
                        </ns2:name>
                        <ns8:contactInformation>
                           <ns8:emailAddress type="email">testuser.enotrec01@guest.minfin.fed.be</ns8:emailAddress>
                        </ns8:contactInformation>
                     </ns25:contactPerson>
                  </ns25:requestorInformation>
               </ns25:administrativeInformation>
            </ns25:generalCaseInformation>
            <ns44:debtParty>
               <ns5:party partyID="005">
                  <ns5:residentialParty>false</ns5:residentialParty>
                  <ns6:naturalPerson>
                     <ns2:entityReference>
                        <ns2:source>notice1</ns2:source>
                        <ns2:entityID type="nationalNumber">68082123438</ns2:entityID>
                     </ns2:entityReference>
                     <ns6:personInformation>
                        <ns2:name>
                           <ns2:firstName>Yolande Adrienne</ns2:firstName>
                           <ns2:lastName>BUITER</ns2:lastName>
                        </ns2:name>
                        <address>
                           <location>
                              <country>
                                 <countryDescription>Belgium</countryDescription>
                                 <countryCode codeStandard="ISO">BE</countryCode>
                              </country>
                              <municipalityDescription>Verlaine</municipalityDescription>
                              <postalCode>4537</postalCode>
                           </location>
                           <street>Rue aux Raines</street>
                           <houseNumber>53</houseNumber>
                        </address>
                     </ns6:personInformation>
                  </ns6:naturalPerson>
               </ns5:party>
               <ns43:debt debtID="1">
                  <ns37:fiscaldebt>
                     <ns31:fiscalDebtDetails>
                        <ns31:debtType>VAT</ns31:debtType>
                        <ns31:declarations>
                           <ns31:negligenceClause>
                              <ns31:additionalIntrest>0</ns31:additionalIntrest>
                              <ns31:additionalIntrestFromDate>2015-01-21+01:00</ns31:additionalIntrestFromDate>
                           </ns31:negligenceClause>
                        </ns31:declarations>
                        <ns2:referencePeriod>
                           <ns2:startDate>2015-01-06+01:00</ns2:startDate>
                           <ns2:endDate>2015-01-13+01:00</ns2:endDate>
                        </ns2:referencePeriod>
                        <ns31:totalDebt>45</ns31:totalDebt>
                        <ns31:debtBreakdown>
                           <ns31:debtSubType>VAT</ns31:debtSubType>
                           <ns31:debtSubAmount>45</ns31:debtSubAmount>
                        </ns31:debtBreakdown>
                        <ns31:debtBreakdown>
                           <ns31:debtSubType>IM</ns31:debtSubType>
                           <ns31:debtSubAmount>0</ns31:debtSubAmount>
                        </ns31:debtBreakdown>
                        <ns31:debtBreakdown>
                           <ns31:debtSubType>INTEREST</ns31:debtSubType>
                           <ns31:debtSubAmount>0</ns31:debtSubAmount>
                        </ns31:debtBreakdown>
                        <ns31:debtBreakdown>
                           <ns31:debtSubType>FINES</ns31:debtSubType>
                           <ns31:debtSubAmount>0</ns31:debtSubAmount>
                        </ns31:debtBreakdown>
                        <ns31:debtBreakdown>
                           <ns31:debtSubType>COST</ns31:debtSubType>
                           <ns31:debtSubAmount>0</ns31:debtSubAmount>
                        </ns31:debtBreakdown>
                     </ns31:fiscalDebtDetails>
                     <ns32:officialProclamation/>
                     <ns33:beneficiary>
                        <ns33:beneficiaryName>CTRI Namur</ns33:beneficiaryName>
                        <ns33:structuredMessage>N99998745412NOT/</ns33:structuredMessage>
                        <ns33:amount>45</ns33:amount>
                        <ns34:bankAccount>
                           <ns34:ibanNumber>BE42 6792 0034 9254</ns34:ibanNumber>
                           <ns34:bicCode>PCHQBEBB</ns34:bicCode>
                           <ns34:accountName>CTRI Namur</ns34:accountName>
                           <address>
                              <location>
                                 <country>
                                    <countryCode codeStandard="ISO">BE</countryCode>
                                 </country>
                                 <municipalityDescription language="fr">Namur</municipalityDescription>
                                 <postalCode>5000</postalCode>
                              </location>
                              <street>Rue des Bourgeois</street>
                              <houseNumber>7/Bloc B</houseNumber>
                           </address>
                        </ns34:bankAccount>
                     </ns33:beneficiary>
                     <ns35:debtDetailedInformation>
                        <ns35:calculationDate>2015-01-21+01:00</ns35:calculationDate>
                        <ns35:referentialNumber>999998745412</ns35:referentialNumber>
                     </ns35:debtDetailedInformation>
                  </ns37:fiscaldebt>
               </ns43:debt>
               <ns44:totalDebtAmount>45</ns44:totalDebtAmount>
            </ns44:debtParty>
            <ns45:legalBase>
               <ns45:legalSource>Code de la taxe sur la valeur ajout��e</ns45:legalSource>
               <ns45:legalBaseIdentifier>Article 93quater</ns45:legalBaseIdentifier>
            </ns45:legalBase>
            <ns27:technical>
               <ns26:Signature>
                  <ns26:SignedInfo>
                     <ns26:CanonicalizationMethod Algorithm="http://www.w3.org/TR/2001/REC-xml-c14n-20010315"/>
                     <ns26:SignatureMethod Algorithm="http://www.w3.org/2000/09/xmldsig#rsa-sha1"/>
                     <ns26:Reference URI="#signMe">
                        <ns26:DigestMethod Algorithm="http://www.w3.org/2000/09/xmldsig#sha1"/>
                        <ns26:DigestValue>CbUOX9jTy0uYSCKDVQl6peUatJ8=</ns26:DigestValue>
                     </ns26:Reference>
                  </ns26:SignedInfo>
                  <ns26:SignatureValue>WBXEECQtMTWGGq5EGO+5kyVw1kJefLsfHVA/5eYB6pZ3GOZ7LOLc/jAhKbqxeV3qdWiMGx3VzgvdF4ZaMB2HS1fLmnOmNDXHhrrqYQJ51LGDvex39k7/xAJAmuub7MDtfAu08WBTVpmQ5khGL9ZrYOXr5RoG70BrlWNr+37FekM=</ns26:SignatureValue>
                  <ns26:KeyInfo>
                     <ns26:X509Data>
                        <ns26:X509SubjectName>ST=Brussels,L=Brussels,OU=Belgian Federal Government,O=Federal Public Service Finances,CN=Test SPF Finances - FOD Financien,C=BE</ns26:X509SubjectName>
                        <ns26:X509Certificate>MIIDKzCCApSgAwIBAgIJAIkxAL2MG081MA0GCSqGSIb3DQEBBQUAMIGuMQswCQYDVQQGEwJCRTEqMCgGA1UEAxMhVGVzdCBTUEYgRmluYW5jZXMgLSBGT0QgRmluYW5jaWVuMSgwJgYDVQQKEx9GZWRlcmFsIFB1YmxpYyBTZXJ2aWNlIEZpbmFuY2VzMSMwIQYDVQQLExpCZWxnaWFuIEZlZGVyYWwgR292ZXJubWVudDERMA8GA1UEBxMIQnJ1c3NlbHMxETAPBgNVBAgTCEJydXNzZWxzMB4XDTA4MDUwNjA4MDcyMFoXDTE4MDUwNzA4MDcyMFowga4xCzAJBgNVBAYTAkJFMSowKAYDVQQDEyFUZXN0IFNQRiBGaW5hbmNlcyAtIEZPRCBGaW5hbmNpZW4xKDAmBgNVBAoTH0ZlZGVyYWwgUHVibGljIFNlcnZpY2UgRmluYW5jZXMxIzAhBgNVBAsTGkJlbGdpYW4gRmVkZXJhbCBHb3Zlcm5tZW50MREwDwYDVQQHEwhCcnVzc2VsczERMA8GA1UECBMIQnJ1c3NlbHMwgZ8wDQYJKoZIhvcNAQEBBQADgY0AMIGJAoGBAJ8T/80iF50FvothkWOZDsZUPKM52fxhNdKMT+E/lODqejyJ2iQkjEuW5yJKo0lXNj+Gxwfl99bD16IJMagbrxBnJPwR7SeS3JQ0IaLkOorOoeZkZLFoFMSfZWT9uCf6Qf/uNMQtRnX2351P1OF3cld68uFGUNS8U93OqxS9R/ZvAgMBAAGjTzBNMAwGA1UdEwQFMAMBAf8wCwYDVR0PBAQDAgTwMB0GA1UdJQQWMBQGCCsGAQUFBwMCBggrBgEFBQcDBDARBglghkgBhvhCAQEEBAMCBLAwDQYJKoZIhvcNAQEFBQADgYEATnEO8juTdcZtwzvl5EHnZ9+6cEM9rsWuQtq43UXw4RqveHWUE+Cn2ElMPiyuxLLzkzQTbcDYxI9FgVAXFEmqPf7Jii2PpHIlo8yHWCWMuPP0OykMF6YuCtyutKJBbGuTT36gNVAUEPeD34fzB5pgy2aG5wQTQctRdDz07CVM3cI=</ns26:X509Certificate>
                     </ns26:X509Data>
                  </ns26:KeyInfo>
               </ns26:Signature>
            </ns27:technical>
         </ns46:debtNotification>
         </v1:request>
      </v1:fiscalDebtNotificationRequest>
   </soapenv:Body>
</soapenv:Envelope>]]></con:request><con:assertion type="SOAP Fault Assertion" id="b4320e40-872c-487e-b21f-fc80d18a2df4" name="Not SOAP Fault"/><con:assertion type="SOAP Response" id="741b59f7-d17b-45e9-ba51-bdd515ce8815" name="SOAP Response"/><con:assertion type="Schema Compliance" id="f515da38-0566-425c-8083-2e922eaf446b" name="Schema Compliance"><con:configuration/></con:assertion><con:wsaConfig action="http://fidus.brussels/services/fourthwaydebtservice/fiscalDebtNotification"/></con:request></con:config></con:testStep><con:testStep type="request" id="34aacf2b-a50e-49e6-9ccf-64ff1f87bf47" name="testcase5 - Prod - LB - Request"><con:settings/><con:config xsi:type="con:RequestStep" xmlns:xsi="http://www.w3.org/2001/XMLSchema-instance"><con:interface>FourthWayDebtServiceHTTPBinding</con:interface><con:operation>fiscalDebtNotification</con:operation><con:request name="testcase5 - Prod - LB - Request" id="9d56467f-f742-46b2-b8e1-c72adf7def11" outgoingWss="Outflow PROD"><con:settings/><con:encoding>UTF-8</con:encoding><con:endpoint>https://fidus-esb-sg.prd.srv.cirb.lan:8443/services/FourthWayDebtService_v1.0</con:endpoint><con:request><![CDATA[<soapenv:Envelope xmlns:soapenv="http://schemas.xmlsoap.org/soap/envelope/" xmlns:v1="http://fidus.brussels/service/fourthwaydebtservice/messages/v1" xmlns:v11="http://fidus.brussels/type/common/messages/v1" xmlns:deb="http://fsb.belgium.be/FourthWayServices/debtnotification" xmlns:gen="http://fsb.belgium.be/FourthWayServices/generalcaseinformation" xmlns:dat="http://fsb.belgium.be/FourthWayServices/common/datatypes" xmlns:ins="http://fsb.belgium.be/FourthWayServices/institution" xmlns:add="http://fsb.belgium.be/FourthWayServices/common/addressinformation" xmlns:con="http://fsb.belgium.be/FourthWayServices/contact" xmlns:deb1="http://fsb.belgium.be/FourthWayServices/debtparty" xmlns:par="http://fsb.belgium.be/FourthWayServices/party" xmlns:debt="http://fsb.belgium.be/FourthWayServices/debt" xmlns:leg="http://fsb.belgium.be/FourthWayServices/legalbase" xmlns:tec="http://fsb.belgium.be/FourthWayServices/technical" xmlns:xd="http://www.w3.org/2000/09/xmldsig#">
   <soapenv:Header/>
   <soapenv:Body>
      <v1:fiscalDebtNotificationRequest>
         <v1:messageContext>
         	  <v11:messageId>${=import static java.util.UUID.randomUUID; uuid = randomUUID() as String}</v11:messageId>
            <v11:timestamp>${=new java.text.SimpleDateFormat("yyyy-MM-dd'T'HH:mm:ss.SSS").format(new Date())}</v11:timestamp>
         </v1:messageContext>
         <v1:legalContext>ServiceIntegrator</v1:legalContext>      
         <v1:request>
 		<ns46:debtNotification Id="SignMe" xmlns:ns50="http://be.belgium.fsb/fourthWayService/Debt" xmlns="http://fsb.belgium.be/FourthWayServices/common/addressinformation" xmlns:ns10="http://fsb.belgium.be/FourthWayServices/shipinformation" xmlns:ns11="http://fsb.belgium.be/FourthWayServices/selfemployed" xmlns:ns12="http://fsb.belgium.be/FourthWayServices/institution" xmlns:ns13="http://fsb.belgium.be/FourthWayServices/enterprise" xmlns:ns14="http://fsb.belgium.be/FourthWayServices/honorbaseddeclarations" xmlns:ns15="http://fsb.belgium.be/FourthWayServices/unregisteredparty" xmlns:ns16="http://fsb.belgium.be/FourthWayServices/partnerdescription" xmlns:ns17="http://fsb.belgium.be/FourthWayServices/mortgagegoods" xmlns:ns18="http://fsb.belgium.be/FourthWayServices/deficitcaseinformation" xmlns:ns19="http://fsb.belgium.be/FourthWayServices/debtinquiry" xmlns:ns2="http://fsb.belgium.be/FourthWayServices/common/datatypes" xmlns:ns20="http://fsb.belgium.be/FourthWayServices/immovablegoodtransaction" xmlns:ns21="http://fsb.belgium.be/FourthWayServices/movablegoodtransaction" xmlns:ns22="http://fsb.belgium.be/FourthWayServices/inheritanceinformation" xmlns:ns23="http://fsb.belgium.be/FourthWayServices/successiontransaction" xmlns:ns24="http://fsb.belgium.be/FourthWayServices/fourthwaymessage" xmlns:ns25="http://fsb.belgium.be/FourthWayServices/generalcaseinformation" xmlns:ns26="http://www.w3.org/2000/09/xmldsig#" xmlns:ns27="http://fsb.belgium.be/FourthWayServices/technical" xmlns:ns28="http://fsb.belgium.be/FourthWayServices/acknowledgementinformation" xmlns:ns29="http://fsb.belgium.be/FourthWayServices/error" xmlns:ns3="http://fsb.belgium.be/FourthWayServices/salesinformation" xmlns:ns30="http://fsb.belgium.be/FourthWayServices/businesserror" xmlns:ns31="http://fsb.belgium.be/FourthWayServices/fiscaldebtdetails" xmlns:ns32="http://fsb.belgium.be/FourthWayServices/officialproclamation" xmlns:ns33="http://fsb.belgium.be/FourthWayServices/beneficiary" xmlns:ns34="http://fsb.belgium.be/FourthWayServices/common/bankaccount" xmlns:ns35="http://fsb.belgium.be/FourthWayServices/debtdetailedinformation" xmlns:ns36="http://fsb.belgium.be/FourthWayServices/debtsolidarity" xmlns:ns37="http://fsb.belgium.be/FourthWayServices/fiscaldebt" xmlns:ns38="http://fsb.belgium.be/FourthWayServices/socialdebtdetails" xmlns:ns39="http://fsb.belgium.be/FourthWayServices/debtinformation" xmlns:ns4="http://fsb.belgium.be/FourthWayServices/gooddescription" xmlns:ns40="http://fsb.belgium.be/FourthWayServices/socialdebt" xmlns:ns41="http://fsb.belgium.be/FourthWayServices/fiscalregionflandersdebtdetails" xmlns:ns42="http://fsb.belgium.be/FourthWayServices/fiscalregionflandersdebt" xmlns:ns43="http://fsb.belgium.be/FourthWayServices/debt" xmlns:ns44="http://fsb.belgium.be/FourthWayServices/debtparty" xmlns:ns45="http://fsb.belgium.be/FourthWayServices/legalbase" xmlns:ns46="http://fsb.belgium.be/FourthWayServices/debtnotification" xmlns:ns47="http://fsb.belgium.be/FourthWayServices/debtdeficitnotification" xmlns:ns48="http://fsb.belgium.be/FourthWayServices/header" xmlns:ns49="http://fsb.belgium.be/header" xmlns:ns5="http://fsb.belgium.be/FourthWayServices/party" xmlns:ns51="http://fsb.belgium.be/FourthWayServices/technicalack" xmlns:ns52="http://fsb.belgium.be/FourthWayServices/functionalack" xmlns:ns6="http://fsb.belgium.be/FourthWayServices/naturalperson" xmlns:ns7="http://fsb.belgium.be/FourthWayServices/nonresident" xmlns:ns8="http://fsb.belgium.be/FourthWayServices/contact" xmlns:ns9="http://fsb.belgium.be/FourthWayServices/propertyinformation">
            <ns25:generalCaseInformation>
               <ns25:administrativeInformation>
                  <ns25:language>FR</ns25:language>
                  <ns25:caseNumber>2444080.210115.0167</ns25:caseNumber>
                  <ns25:transactionType>3</ns25:transactionType>
                  <ns25:procedureNumber>ENOT4000000419570</ns25:procedureNumber>
                  <ns25:replacedProcedureNumber xsi:nil="true" xmlns:xsi="http://www.w3.org/2001/XMLSchema-instance"/>
                  <ns25:requestDate>2015-01-21T14:50:02.446+01:00</ns25:requestDate>
                  <ns25:origin>
                     <ns2:origin>
                        <ns2:partner>FPS Finance</ns2:partner>
                        <ns2:partnerCode codeType="KBO">0308357159</ns2:partnerCode>
                     </ns2:origin>
                  </ns25:origin>
                  <ns25:destinations>
                     <ns2:destination>
                        <ns2:partner>FRNB</ns2:partner>
                        <ns2:partnerCode codeType="KBO">0409357321</ns2:partnerCode>
                     </ns2:destination>
                  </ns25:destinations>
                  <ns25:requestorInformation>
                     <ns12:institution>
                        <ns12:institutionType>Federal</ns12:institutionType>
                        <ns12:institutionName>Huy</ns12:institutionName>
                        <ns12:institutionIdentificationNumber type="CDDB">600904</ns12:institutionIdentificationNumber>
                        <address>
                           <location>
                              <country>
                                 <countryCode codeStandard="ISO">BE</countryCode>
                              </country>
                              <postalCode>4500</postalCode>
                           </location>
                           <street>Avenue Albert 1er</street>
                           <houseNumber>8/10</houseNumber>
                        </address>
                        <ns12:contactInformation>
                           <ns8:phoneNumber type="phone">025783660</ns8:phoneNumber>
                           <ns8:emailAddress type="email">rec.cd.huy@minfin.fed.be</ns8:emailAddress>
                        </ns12:contactInformation>
                     </ns12:institution>
                     <ns25:responsiblePerson>
                        <ns2:name>
                           <ns2:firstName>Testuser</ns2:firstName>
                           <ns2:lastName>testuser.enotrec01</ns2:lastName>
                        </ns2:name>
                        <ns8:contactInformation/>
                     </ns25:responsiblePerson>
                     <ns25:contactPerson>
                        <ns2:name>
                           <ns2:firstName>Testuser</ns2:firstName>
                           <ns2:lastName>EnotRec01</ns2:lastName>
                        </ns2:name>
                        <ns8:contactInformation>
                           <ns8:emailAddress type="email">testuser.enotrec01@guest.minfin.fed.be</ns8:emailAddress>
                        </ns8:contactInformation>
                     </ns25:contactPerson>
                  </ns25:requestorInformation>
               </ns25:administrativeInformation>
            </ns25:generalCaseInformation>
            <ns44:debtParty>
               <ns5:party partyID="005">
                  <ns5:residentialParty>false</ns5:residentialParty>
                  <ns6:naturalPerson>
                     <ns2:entityReference>
                        <ns2:source>notice1</ns2:source>
                        <ns2:entityID type="nationalNumber">68082123438</ns2:entityID>
                     </ns2:entityReference>
                     <ns6:personInformation>
                        <ns2:name>
                           <ns2:firstName>Yolande Adrienne</ns2:firstName>
                           <ns2:lastName>BUITER</ns2:lastName>
                        </ns2:name>
                        <address>
                           <location>
                              <country>
                                 <countryDescription>Belgium</countryDescription>
                                 <countryCode codeStandard="ISO">BE</countryCode>
                              </country>
                              <municipalityDescription>Verlaine</municipalityDescription>
                              <postalCode>4537</postalCode>
                           </location>
                           <street>Rue aux Raines</street>
                           <houseNumber>53</houseNumber>
                        </address>
                     </ns6:personInformation>
                  </ns6:naturalPerson>
               </ns5:party>
               <ns43:debt debtID="1">
                  <ns37:fiscaldebt>
                     <ns31:fiscalDebtDetails>
                        <ns31:debtType>VAT</ns31:debtType>
                        <ns31:declarations>
                           <ns31:negligenceClause>
                              <ns31:additionalIntrest>0</ns31:additionalIntrest>
                              <ns31:additionalIntrestFromDate>2015-01-21+01:00</ns31:additionalIntrestFromDate>
                           </ns31:negligenceClause>
                        </ns31:declarations>
                        <ns2:referencePeriod>
                           <ns2:startDate>2015-01-06+01:00</ns2:startDate>
                           <ns2:endDate>2015-01-13+01:00</ns2:endDate>
                        </ns2:referencePeriod>
                        <ns31:totalDebt>45</ns31:totalDebt>
                        <ns31:debtBreakdown>
                           <ns31:debtSubType>VAT</ns31:debtSubType>
                           <ns31:debtSubAmount>45</ns31:debtSubAmount>
                        </ns31:debtBreakdown>
                        <ns31:debtBreakdown>
                           <ns31:debtSubType>IM</ns31:debtSubType>
                           <ns31:debtSubAmount>0</ns31:debtSubAmount>
                        </ns31:debtBreakdown>
                        <ns31:debtBreakdown>
                           <ns31:debtSubType>INTEREST</ns31:debtSubType>
                           <ns31:debtSubAmount>0</ns31:debtSubAmount>
                        </ns31:debtBreakdown>
                        <ns31:debtBreakdown>
                           <ns31:debtSubType>FINES</ns31:debtSubType>
                           <ns31:debtSubAmount>0</ns31:debtSubAmount>
                        </ns31:debtBreakdown>
                        <ns31:debtBreakdown>
                           <ns31:debtSubType>COST</ns31:debtSubType>
                           <ns31:debtSubAmount>0</ns31:debtSubAmount>
                        </ns31:debtBreakdown>
                     </ns31:fiscalDebtDetails>
                     <ns32:officialProclamation/>
                     <ns33:beneficiary>
                        <ns33:beneficiaryName>CTRI Namur</ns33:beneficiaryName>
                        <ns33:structuredMessage>N99998745412NOT/</ns33:structuredMessage>
                        <ns33:amount>45</ns33:amount>
                        <ns34:bankAccount>
                           <ns34:ibanNumber>BE42 6792 0034 9254</ns34:ibanNumber>
                           <ns34:bicCode>PCHQBEBB</ns34:bicCode>
                           <ns34:accountName>CTRI Namur</ns34:accountName>
                           <address>
                              <location>
                                 <country>
                                    <countryCode codeStandard="ISO">BE</countryCode>
                                 </country>
                                 <municipalityDescription language="fr">Namur</municipalityDescription>
                                 <postalCode>5000</postalCode>
                              </location>
                              <street>Rue des Bourgeois</street>
                              <houseNumber>7/Bloc B</houseNumber>
                           </address>
                        </ns34:bankAccount>
                     </ns33:beneficiary>
                     <ns35:debtDetailedInformation>
                        <ns35:calculationDate>2015-01-21+01:00</ns35:calculationDate>
                        <ns35:referentialNumber>999998745412</ns35:referentialNumber>
                     </ns35:debtDetailedInformation>
                  </ns37:fiscaldebt>
               </ns43:debt>
               <ns44:totalDebtAmount>45</ns44:totalDebtAmount>
            </ns44:debtParty>
            <ns45:legalBase>
               <ns45:legalSource>Code de la taxe sur la valeur ajout��e</ns45:legalSource>
               <ns45:legalBaseIdentifier>Article 93quater</ns45:legalBaseIdentifier>
            </ns45:legalBase>
            <ns27:technical>
               <ns26:Signature>
                  <ns26:SignedInfo>
                     <ns26:CanonicalizationMethod Algorithm="http://www.w3.org/TR/2001/REC-xml-c14n-20010315"/>
                     <ns26:SignatureMethod Algorithm="http://www.w3.org/2000/09/xmldsig#rsa-sha1"/>
                     <ns26:Reference URI="#signMe">
                        <ns26:DigestMethod Algorithm="http://www.w3.org/2000/09/xmldsig#sha1"/>
                        <ns26:DigestValue>CbUOX9jTy0uYSCKDVQl6peUatJ8=</ns26:DigestValue>
                     </ns26:Reference>
                  </ns26:SignedInfo>
                  <ns26:SignatureValue>WBXEECQtMTWGGq5EGO+5kyVw1kJefLsfHVA/5eYB6pZ3GOZ7LOLc/jAhKbqxeV3qdWiMGx3VzgvdF4ZaMB2HS1fLmnOmNDXHhrrqYQJ51LGDvex39k7/xAJAmuub7MDtfAu08WBTVpmQ5khGL9ZrYOXr5RoG70BrlWNr+37FekM=</ns26:SignatureValue>
                  <ns26:KeyInfo>
                     <ns26:X509Data>
                        <ns26:X509SubjectName>ST=Brussels,L=Brussels,OU=Belgian Federal Government,O=Federal Public Service Finances,CN=Test SPF Finances - FOD Financien,C=BE</ns26:X509SubjectName>
                        <ns26:X509Certificate>MIIDKzCCApSgAwIBAgIJAIkxAL2MG081MA0GCSqGSIb3DQEBBQUAMIGuMQswCQYDVQQGEwJCRTEqMCgGA1UEAxMhVGVzdCBTUEYgRmluYW5jZXMgLSBGT0QgRmluYW5jaWVuMSgwJgYDVQQKEx9GZWRlcmFsIFB1YmxpYyBTZXJ2aWNlIEZpbmFuY2VzMSMwIQYDVQQLExpCZWxnaWFuIEZlZGVyYWwgR292ZXJubWVudDERMA8GA1UEBxMIQnJ1c3NlbHMxETAPBgNVBAgTCEJydXNzZWxzMB4XDTA4MDUwNjA4MDcyMFoXDTE4MDUwNzA4MDcyMFowga4xCzAJBgNVBAYTAkJFMSowKAYDVQQDEyFUZXN0IFNQRiBGaW5hbmNlcyAtIEZPRCBGaW5hbmNpZW4xKDAmBgNVBAoTH0ZlZGVyYWwgUHVibGljIFNlcnZpY2UgRmluYW5jZXMxIzAhBgNVBAsTGkJlbGdpYW4gRmVkZXJhbCBHb3Zlcm5tZW50MREwDwYDVQQHEwhCcnVzc2VsczERMA8GA1UECBMIQnJ1c3NlbHMwgZ8wDQYJKoZIhvcNAQEBBQADgY0AMIGJAoGBAJ8T/80iF50FvothkWOZDsZUPKM52fxhNdKMT+E/lODqejyJ2iQkjEuW5yJKo0lXNj+Gxwfl99bD16IJMagbrxBnJPwR7SeS3JQ0IaLkOorOoeZkZLFoFMSfZWT9uCf6Qf/uNMQtRnX2351P1OF3cld68uFGUNS8U93OqxS9R/ZvAgMBAAGjTzBNMAwGA1UdEwQFMAMBAf8wCwYDVR0PBAQDAgTwMB0GA1UdJQQWMBQGCCsGAQUFBwMCBggrBgEFBQcDBDARBglghkgBhvhCAQEEBAMCBLAwDQYJKoZIhvcNAQEFBQADgYEATnEO8juTdcZtwzvl5EHnZ9+6cEM9rsWuQtq43UXw4RqveHWUE+Cn2ElMPiyuxLLzkzQTbcDYxI9FgVAXFEmqPf7Jii2PpHIlo8yHWCWMuPP0OykMF6YuCtyutKJBbGuTT36gNVAUEPeD34fzB5pgy2aG5wQTQctRdDz07CVM3cI=</ns26:X509Certificate>
                     </ns26:X509Data>
                  </ns26:KeyInfo>
               </ns26:Signature>
            </ns27:technical>
         </ns46:debtNotification>
         </v1:request>
      </v1:fiscalDebtNotificationRequest>
   </soapenv:Body>
</soapenv:Envelope>]]></con:request><con:assertion type="SOAP Fault Assertion" id="2ca002d4-09e2-46b7-a8d6-3c0896334085" name="Not SOAP Fault"/><con:assertion type="SOAP Response" id="6e944752-0426-4d25-913e-5afebc515f6c" name="SOAP Response"/><con:assertion type="Schema Compliance" id="04c7fd5b-99ed-4470-8dbb-6a9e4ebd7f20" name="Schema Compliance"><con:configuration/></con:assertion><con:wsaConfig action="http://fidus.brussels/services/fourthwaydebtservice/fiscalDebtNotification"/></con:request></con:config></con:testStep><con:testStep type="request" id="b3deee81-a1e1-4c27-8e9f-30b34fe08d4d" name="testcase5 - Prod - Worker1 - Request"><con:settings/><con:config xsi:type="con:RequestStep" xmlns:xsi="http://www.w3.org/2001/XMLSchema-instance"><con:interface>FourthWayDebtServiceHTTPBinding</con:interface><con:operation>fiscalDebtNotification</con:operation><con:request name="testcase5 - Prod - Worker1 - Request" id="73480121-3bd0-42bf-93fe-1d6bace30e64" outgoingWss="Outflow PROD"><con:settings/><con:encoding>UTF-8</con:encoding><con:endpoint>https://192.168.26.22:8443/services/FourthWayDebtService_v1.0</con:endpoint><con:request><![CDATA[<soapenv:Envelope xmlns:soapenv="http://schemas.xmlsoap.org/soap/envelope/" xmlns:v1="http://fidus.brussels/service/fourthwaydebtservice/messages/v1" xmlns:v11="http://fidus.brussels/type/common/messages/v1" xmlns:deb="http://fsb.belgium.be/FourthWayServices/debtnotification" xmlns:gen="http://fsb.belgium.be/FourthWayServices/generalcaseinformation" xmlns:dat="http://fsb.belgium.be/FourthWayServices/common/datatypes" xmlns:ins="http://fsb.belgium.be/FourthWayServices/institution" xmlns:add="http://fsb.belgium.be/FourthWayServices/common/addressinformation" xmlns:con="http://fsb.belgium.be/FourthWayServices/contact" xmlns:deb1="http://fsb.belgium.be/FourthWayServices/debtparty" xmlns:par="http://fsb.belgium.be/FourthWayServices/party" xmlns:debt="http://fsb.belgium.be/FourthWayServices/debt" xmlns:leg="http://fsb.belgium.be/FourthWayServices/legalbase" xmlns:tec="http://fsb.belgium.be/FourthWayServices/technical" xmlns:xd="http://www.w3.org/2000/09/xmldsig#">
   <soapenv:Header/>
   <soapenv:Body>
      <v1:fiscalDebtNotificationRequest>
         <v1:messageContext>
         	  <v11:messageId>${=import static java.util.UUID.randomUUID; uuid = randomUUID() as String}</v11:messageId>
            <v11:timestamp>${=new java.text.SimpleDateFormat("yyyy-MM-dd'T'HH:mm:ss.SSS").format(new Date())}</v11:timestamp>
         </v1:messageContext>
         <v1:legalContext>ServiceIntegrator</v1:legalContext>      
         <v1:request>
 		<ns46:debtNotification Id="SignMe" xmlns:ns50="http://be.belgium.fsb/fourthWayService/Debt" xmlns="http://fsb.belgium.be/FourthWayServices/common/addressinformation" xmlns:ns10="http://fsb.belgium.be/FourthWayServices/shipinformation" xmlns:ns11="http://fsb.belgium.be/FourthWayServices/selfemployed" xmlns:ns12="http://fsb.belgium.be/FourthWayServices/institution" xmlns:ns13="http://fsb.belgium.be/FourthWayServices/enterprise" xmlns:ns14="http://fsb.belgium.be/FourthWayServices/honorbaseddeclarations" xmlns:ns15="http://fsb.belgium.be/FourthWayServices/unregisteredparty" xmlns:ns16="http://fsb.belgium.be/FourthWayServices/partnerdescription" xmlns:ns17="http://fsb.belgium.be/FourthWayServices/mortgagegoods" xmlns:ns18="http://fsb.belgium.be/FourthWayServices/deficitcaseinformation" xmlns:ns19="http://fsb.belgium.be/FourthWayServices/debtinquiry" xmlns:ns2="http://fsb.belgium.be/FourthWayServices/common/datatypes" xmlns:ns20="http://fsb.belgium.be/FourthWayServices/immovablegoodtransaction" xmlns:ns21="http://fsb.belgium.be/FourthWayServices/movablegoodtransaction" xmlns:ns22="http://fsb.belgium.be/FourthWayServices/inheritanceinformation" xmlns:ns23="http://fsb.belgium.be/FourthWayServices/successiontransaction" xmlns:ns24="http://fsb.belgium.be/FourthWayServices/fourthwaymessage" xmlns:ns25="http://fsb.belgium.be/FourthWayServices/generalcaseinformation" xmlns:ns26="http://www.w3.org/2000/09/xmldsig#" xmlns:ns27="http://fsb.belgium.be/FourthWayServices/technical" xmlns:ns28="http://fsb.belgium.be/FourthWayServices/acknowledgementinformation" xmlns:ns29="http://fsb.belgium.be/FourthWayServices/error" xmlns:ns3="http://fsb.belgium.be/FourthWayServices/salesinformation" xmlns:ns30="http://fsb.belgium.be/FourthWayServices/businesserror" xmlns:ns31="http://fsb.belgium.be/FourthWayServices/fiscaldebtdetails" xmlns:ns32="http://fsb.belgium.be/FourthWayServices/officialproclamation" xmlns:ns33="http://fsb.belgium.be/FourthWayServices/beneficiary" xmlns:ns34="http://fsb.belgium.be/FourthWayServices/common/bankaccount" xmlns:ns35="http://fsb.belgium.be/FourthWayServices/debtdetailedinformation" xmlns:ns36="http://fsb.belgium.be/FourthWayServices/debtsolidarity" xmlns:ns37="http://fsb.belgium.be/FourthWayServices/fiscaldebt" xmlns:ns38="http://fsb.belgium.be/FourthWayServices/socialdebtdetails" xmlns:ns39="http://fsb.belgium.be/FourthWayServices/debtinformation" xmlns:ns4="http://fsb.belgium.be/FourthWayServices/gooddescription" xmlns:ns40="http://fsb.belgium.be/FourthWayServices/socialdebt" xmlns:ns41="http://fsb.belgium.be/FourthWayServices/fiscalregionflandersdebtdetails" xmlns:ns42="http://fsb.belgium.be/FourthWayServices/fiscalregionflandersdebt" xmlns:ns43="http://fsb.belgium.be/FourthWayServices/debt" xmlns:ns44="http://fsb.belgium.be/FourthWayServices/debtparty" xmlns:ns45="http://fsb.belgium.be/FourthWayServices/legalbase" xmlns:ns46="http://fsb.belgium.be/FourthWayServices/debtnotification" xmlns:ns47="http://fsb.belgium.be/FourthWayServices/debtdeficitnotification" xmlns:ns48="http://fsb.belgium.be/FourthWayServices/header" xmlns:ns49="http://fsb.belgium.be/header" xmlns:ns5="http://fsb.belgium.be/FourthWayServices/party" xmlns:ns51="http://fsb.belgium.be/FourthWayServices/technicalack" xmlns:ns52="http://fsb.belgium.be/FourthWayServices/functionalack" xmlns:ns6="http://fsb.belgium.be/FourthWayServices/naturalperson" xmlns:ns7="http://fsb.belgium.be/FourthWayServices/nonresident" xmlns:ns8="http://fsb.belgium.be/FourthWayServices/contact" xmlns:ns9="http://fsb.belgium.be/FourthWayServices/propertyinformation">
            <ns25:generalCaseInformation>
               <ns25:administrativeInformation>
                  <ns25:language>FR</ns25:language>
                  <ns25:caseNumber>2444080.210115.0167</ns25:caseNumber>
                  <ns25:transactionType>3</ns25:transactionType>
                  <ns25:procedureNumber>ENOT4000000419570</ns25:procedureNumber>
                  <ns25:replacedProcedureNumber xsi:nil="true" xmlns:xsi="http://www.w3.org/2001/XMLSchema-instance"/>
                  <ns25:requestDate>2015-01-21T14:50:02.446+01:00</ns25:requestDate>
                  <ns25:origin>
                     <ns2:origin>
                        <ns2:partner>FPS Finance</ns2:partner>
                        <ns2:partnerCode codeType="KBO">0308357159</ns2:partnerCode>
                     </ns2:origin>
                  </ns25:origin>
                  <ns25:destinations>
                     <ns2:destination>
                        <ns2:partner>FRNB</ns2:partner>
                        <ns2:partnerCode codeType="KBO">0409357321</ns2:partnerCode>
                     </ns2:destination>
                  </ns25:destinations>
                  <ns25:requestorInformation>
                     <ns12:institution>
                        <ns12:institutionType>Federal</ns12:institutionType>
                        <ns12:institutionName>Huy</ns12:institutionName>
                        <ns12:institutionIdentificationNumber type="CDDB">600904</ns12:institutionIdentificationNumber>
                        <address>
                           <location>
                              <country>
                                 <countryCode codeStandard="ISO">BE</countryCode>
                              </country>
                              <postalCode>4500</postalCode>
                           </location>
                           <street>Avenue Albert 1er</street>
                           <houseNumber>8/10</houseNumber>
                        </address>
                        <ns12:contactInformation>
                           <ns8:phoneNumber type="phone">025783660</ns8:phoneNumber>
                           <ns8:emailAddress type="email">rec.cd.huy@minfin.fed.be</ns8:emailAddress>
                        </ns12:contactInformation>
                     </ns12:institution>
                     <ns25:responsiblePerson>
                        <ns2:name>
                           <ns2:firstName>Testuser</ns2:firstName>
                           <ns2:lastName>testuser.enotrec01</ns2:lastName>
                        </ns2:name>
                        <ns8:contactInformation/>
                     </ns25:responsiblePerson>
                     <ns25:contactPerson>
                        <ns2:name>
                           <ns2:firstName>Testuser</ns2:firstName>
                           <ns2:lastName>EnotRec01</ns2:lastName>
                        </ns2:name>
                        <ns8:contactInformation>
                           <ns8:emailAddress type="email">testuser.enotrec01@guest.minfin.fed.be</ns8:emailAddress>
                        </ns8:contactInformation>
                     </ns25:contactPerson>
                  </ns25:requestorInformation>
               </ns25:administrativeInformation>
            </ns25:generalCaseInformation>
            <ns44:debtParty>
               <ns5:party partyID="005">
                  <ns5:residentialParty>false</ns5:residentialParty>
                  <ns6:naturalPerson>
                     <ns2:entityReference>
                        <ns2:source>notice1</ns2:source>
                        <ns2:entityID type="nationalNumber">68082123438</ns2:entityID>
                     </ns2:entityReference>
                     <ns6:personInformation>
                        <ns2:name>
                           <ns2:firstName>Yolande Adrienne</ns2:firstName>
                           <ns2:lastName>BUITER</ns2:lastName>
                        </ns2:name>
                        <address>
                           <location>
                              <country>
                                 <countryDescription>Belgium</countryDescription>
                                 <countryCode codeStandard="ISO">BE</countryCode>
                              </country>
                              <municipalityDescription>Verlaine</municipalityDescription>
                              <postalCode>4537</postalCode>
                           </location>
                           <street>Rue aux Raines</street>
                           <houseNumber>53</houseNumber>
                        </address>
                     </ns6:personInformation>
                  </ns6:naturalPerson>
               </ns5:party>
               <ns43:debt debtID="1">
                  <ns37:fiscaldebt>
                     <ns31:fiscalDebtDetails>
                        <ns31:debtType>VAT</ns31:debtType>
                        <ns31:declarations>
                           <ns31:negligenceClause>
                              <ns31:additionalIntrest>0</ns31:additionalIntrest>
                              <ns31:additionalIntrestFromDate>2015-01-21+01:00</ns31:additionalIntrestFromDate>
                           </ns31:negligenceClause>
                        </ns31:declarations>
                        <ns2:referencePeriod>
                           <ns2:startDate>2015-01-06+01:00</ns2:startDate>
                           <ns2:endDate>2015-01-13+01:00</ns2:endDate>
                        </ns2:referencePeriod>
                        <ns31:totalDebt>45</ns31:totalDebt>
                        <ns31:debtBreakdown>
                           <ns31:debtSubType>VAT</ns31:debtSubType>
                           <ns31:debtSubAmount>45</ns31:debtSubAmount>
                        </ns31:debtBreakdown>
                        <ns31:debtBreakdown>
                           <ns31:debtSubType>IM</ns31:debtSubType>
                           <ns31:debtSubAmount>0</ns31:debtSubAmount>
                        </ns31:debtBreakdown>
                        <ns31:debtBreakdown>
                           <ns31:debtSubType>INTEREST</ns31:debtSubType>
                           <ns31:debtSubAmount>0</ns31:debtSubAmount>
                        </ns31:debtBreakdown>
                        <ns31:debtBreakdown>
                           <ns31:debtSubType>FINES</ns31:debtSubType>
                           <ns31:debtSubAmount>0</ns31:debtSubAmount>
                        </ns31:debtBreakdown>
                        <ns31:debtBreakdown>
                           <ns31:debtSubType>COST</ns31:debtSubType>
                           <ns31:debtSubAmount>0</ns31:debtSubAmount>
                        </ns31:debtBreakdown>
                     </ns31:fiscalDebtDetails>
                     <ns32:officialProclamation/>
                     <ns33:beneficiary>
                        <ns33:beneficiaryName>CTRI Namur</ns33:beneficiaryName>
                        <ns33:structuredMessage>N99998745412NOT/</ns33:structuredMessage>
                        <ns33:amount>45</ns33:amount>
                        <ns34:bankAccount>
                           <ns34:ibanNumber>BE42 6792 0034 9254</ns34:ibanNumber>
                           <ns34:bicCode>PCHQBEBB</ns34:bicCode>
                           <ns34:accountName>CTRI Namur</ns34:accountName>
                           <address>
                              <location>
                                 <country>
                                    <countryCode codeStandard="ISO">BE</countryCode>
                                 </country>
                                 <municipalityDescription language="fr">Namur</municipalityDescription>
                                 <postalCode>5000</postalCode>
                              </location>
                              <street>Rue des Bourgeois</street>
                              <houseNumber>7/Bloc B</houseNumber>
                           </address>
                        </ns34:bankAccount>
                     </ns33:beneficiary>
                     <ns35:debtDetailedInformation>
                        <ns35:calculationDate>2015-01-21+01:00</ns35:calculationDate>
                        <ns35:referentialNumber>999998745412</ns35:referentialNumber>
                     </ns35:debtDetailedInformation>
                  </ns37:fiscaldebt>
               </ns43:debt>
               <ns44:totalDebtAmount>45</ns44:totalDebtAmount>
            </ns44:debtParty>
            <ns45:legalBase>
               <ns45:legalSource>Code de la taxe sur la valeur ajout��e</ns45:legalSource>
               <ns45:legalBaseIdentifier>Article 93quater</ns45:legalBaseIdentifier>
            </ns45:legalBase>
            <ns27:technical>
               <ns26:Signature>
                  <ns26:SignedInfo>
                     <ns26:CanonicalizationMethod Algorithm="http://www.w3.org/TR/2001/REC-xml-c14n-20010315"/>
                     <ns26:SignatureMethod Algorithm="http://www.w3.org/2000/09/xmldsig#rsa-sha1"/>
                     <ns26:Reference URI="#signMe">
                        <ns26:DigestMethod Algorithm="http://www.w3.org/2000/09/xmldsig#sha1"/>
                        <ns26:DigestValue>CbUOX9jTy0uYSCKDVQl6peUatJ8=</ns26:DigestValue>
                     </ns26:Reference>
                  </ns26:SignedInfo>
                  <ns26:SignatureValue>WBXEECQtMTWGGq5EGO+5kyVw1kJefLsfHVA/5eYB6pZ3GOZ7LOLc/jAhKbqxeV3qdWiMGx3VzgvdF4ZaMB2HS1fLmnOmNDXHhrrqYQJ51LGDvex39k7/xAJAmuub7MDtfAu08WBTVpmQ5khGL9ZrYOXr5RoG70BrlWNr+37FekM=</ns26:SignatureValue>
                  <ns26:KeyInfo>
                     <ns26:X509Data>
                        <ns26:X509SubjectName>ST=Brussels,L=Brussels,OU=Belgian Federal Government,O=Federal Public Service Finances,CN=Test SPF Finances - FOD Financien,C=BE</ns26:X509SubjectName>
                        <ns26:X509Certificate>MIIDKzCCApSgAwIBAgIJAIkxAL2MG081MA0GCSqGSIb3DQEBBQUAMIGuMQswCQYDVQQGEwJCRTEqMCgGA1UEAxMhVGVzdCBTUEYgRmluYW5jZXMgLSBGT0QgRmluYW5jaWVuMSgwJgYDVQQKEx9GZWRlcmFsIFB1YmxpYyBTZXJ2aWNlIEZpbmFuY2VzMSMwIQYDVQQLExpCZWxnaWFuIEZlZGVyYWwgR292ZXJubWVudDERMA8GA1UEBxMIQnJ1c3NlbHMxETAPBgNVBAgTCEJydXNzZWxzMB4XDTA4MDUwNjA4MDcyMFoXDTE4MDUwNzA4MDcyMFowga4xCzAJBgNVBAYTAkJFMSowKAYDVQQDEyFUZXN0IFNQRiBGaW5hbmNlcyAtIEZPRCBGaW5hbmNpZW4xKDAmBgNVBAoTH0ZlZGVyYWwgUHVibGljIFNlcnZpY2UgRmluYW5jZXMxIzAhBgNVBAsTGkJlbGdpYW4gRmVkZXJhbCBHb3Zlcm5tZW50MREwDwYDVQQHEwhCcnVzc2VsczERMA8GA1UECBMIQnJ1c3NlbHMwgZ8wDQYJKoZIhvcNAQEBBQADgY0AMIGJAoGBAJ8T/80iF50FvothkWOZDsZUPKM52fxhNdKMT+E/lODqejyJ2iQkjEuW5yJKo0lXNj+Gxwfl99bD16IJMagbrxBnJPwR7SeS3JQ0IaLkOorOoeZkZLFoFMSfZWT9uCf6Qf/uNMQtRnX2351P1OF3cld68uFGUNS8U93OqxS9R/ZvAgMBAAGjTzBNMAwGA1UdEwQFMAMBAf8wCwYDVR0PBAQDAgTwMB0GA1UdJQQWMBQGCCsGAQUFBwMCBggrBgEFBQcDBDARBglghkgBhvhCAQEEBAMCBLAwDQYJKoZIhvcNAQEFBQADgYEATnEO8juTdcZtwzvl5EHnZ9+6cEM9rsWuQtq43UXw4RqveHWUE+Cn2ElMPiyuxLLzkzQTbcDYxI9FgVAXFEmqPf7Jii2PpHIlo8yHWCWMuPP0OykMF6YuCtyutKJBbGuTT36gNVAUEPeD34fzB5pgy2aG5wQTQctRdDz07CVM3cI=</ns26:X509Certificate>
                     </ns26:X509Data>
                  </ns26:KeyInfo>
               </ns26:Signature>
            </ns27:technical>
         </ns46:debtNotification>
         </v1:request>
      </v1:fiscalDebtNotificationRequest>
   </soapenv:Body>
</soapenv:Envelope>]]></con:request><con:assertion type="SOAP Fault Assertion" id="170d3fa7-0431-458e-8c69-2d41a9f66d84" name="Not SOAP Fault"/><con:assertion type="SOAP Response" id="61171ca5-1df7-4b86-8cac-5cb43637130e" name="SOAP Response"/><con:assertion type="Schema Compliance" id="239f8bc4-a7ef-467d-bab6-9bbc10f8297a" name="Schema Compliance"><con:configuration/></con:assertion><con:wsaConfig action="http://fidus.brussels/services/fourthwaydebtservice/fiscalDebtNotification"/></con:request></con:config></con:testStep><con:testStep type="request" id="6bfee964-850d-4266-a3c9-a940bb384362" name="testcase5 - Prod - Worker2 - Request"><con:settings/><con:config xsi:type="con:RequestStep" xmlns:xsi="http://www.w3.org/2001/XMLSchema-instance"><con:interface>FourthWayDebtServiceHTTPBinding</con:interface><con:operation>fiscalDebtNotification</con:operation><con:request name="testcase5 - Prod - Worker2 - Request" id="556eaa57-ffbf-4ac6-8900-e35aa2959f37" outgoingWss="Outflow PROD"><con:settings/><con:encoding>UTF-8</con:encoding><con:endpoint>https://192.168.26.19:8443/services/FourthWayDebtService_v1.0</con:endpoint><con:request><![CDATA[<soapenv:Envelope xmlns:soapenv="http://schemas.xmlsoap.org/soap/envelope/" xmlns:v1="http://fidus.brussels/service/fourthwaydebtservice/messages/v1" xmlns:v11="http://fidus.brussels/type/common/messages/v1" xmlns:deb="http://fsb.belgium.be/FourthWayServices/debtnotification" xmlns:gen="http://fsb.belgium.be/FourthWayServices/generalcaseinformation" xmlns:dat="http://fsb.belgium.be/FourthWayServices/common/datatypes" xmlns:ins="http://fsb.belgium.be/FourthWayServices/institution" xmlns:add="http://fsb.belgium.be/FourthWayServices/common/addressinformation" xmlns:con="http://fsb.belgium.be/FourthWayServices/contact" xmlns:deb1="http://fsb.belgium.be/FourthWayServices/debtparty" xmlns:par="http://fsb.belgium.be/FourthWayServices/party" xmlns:debt="http://fsb.belgium.be/FourthWayServices/debt" xmlns:leg="http://fsb.belgium.be/FourthWayServices/legalbase" xmlns:tec="http://fsb.belgium.be/FourthWayServices/technical" xmlns:xd="http://www.w3.org/2000/09/xmldsig#">
   <soapenv:Header/>
   <soapenv:Body>
      <v1:fiscalDebtNotificationRequest>
         <v1:messageContext>
         	  <v11:messageId>${=import static java.util.UUID.randomUUID; uuid = randomUUID() as String}</v11:messageId>
            <v11:timestamp>${=new java.text.SimpleDateFormat("yyyy-MM-dd'T'HH:mm:ss.SSS").format(new Date())}</v11:timestamp>
         </v1:messageContext>
         <v1:legalContext>ServiceIntegrator</v1:legalContext>      
         <v1:request>
 		<ns46:debtNotification Id="SignMe" xmlns:ns50="http://be.belgium.fsb/fourthWayService/Debt" xmlns="http://fsb.belgium.be/FourthWayServices/common/addressinformation" xmlns:ns10="http://fsb.belgium.be/FourthWayServices/shipinformation" xmlns:ns11="http://fsb.belgium.be/FourthWayServices/selfemployed" xmlns:ns12="http://fsb.belgium.be/FourthWayServices/institution" xmlns:ns13="http://fsb.belgium.be/FourthWayServices/enterprise" xmlns:ns14="http://fsb.belgium.be/FourthWayServices/honorbaseddeclarations" xmlns:ns15="http://fsb.belgium.be/FourthWayServices/unregisteredparty" xmlns:ns16="http://fsb.belgium.be/FourthWayServices/partnerdescription" xmlns:ns17="http://fsb.belgium.be/FourthWayServices/mortgagegoods" xmlns:ns18="http://fsb.belgium.be/FourthWayServices/deficitcaseinformation" xmlns:ns19="http://fsb.belgium.be/FourthWayServices/debtinquiry" xmlns:ns2="http://fsb.belgium.be/FourthWayServices/common/datatypes" xmlns:ns20="http://fsb.belgium.be/FourthWayServices/immovablegoodtransaction" xmlns:ns21="http://fsb.belgium.be/FourthWayServices/movablegoodtransaction" xmlns:ns22="http://fsb.belgium.be/FourthWayServices/inheritanceinformation" xmlns:ns23="http://fsb.belgium.be/FourthWayServices/successiontransaction" xmlns:ns24="http://fsb.belgium.be/FourthWayServices/fourthwaymessage" xmlns:ns25="http://fsb.belgium.be/FourthWayServices/generalcaseinformation" xmlns:ns26="http://www.w3.org/2000/09/xmldsig#" xmlns:ns27="http://fsb.belgium.be/FourthWayServices/technical" xmlns:ns28="http://fsb.belgium.be/FourthWayServices/acknowledgementinformation" xmlns:ns29="http://fsb.belgium.be/FourthWayServices/error" xmlns:ns3="http://fsb.belgium.be/FourthWayServices/salesinformation" xmlns:ns30="http://fsb.belgium.be/FourthWayServices/businesserror" xmlns:ns31="http://fsb.belgium.be/FourthWayServices/fiscaldebtdetails" xmlns:ns32="http://fsb.belgium.be/FourthWayServices/officialproclamation" xmlns:ns33="http://fsb.belgium.be/FourthWayServices/beneficiary" xmlns:ns34="http://fsb.belgium.be/FourthWayServices/common/bankaccount" xmlns:ns35="http://fsb.belgium.be/FourthWayServices/debtdetailedinformation" xmlns:ns36="http://fsb.belgium.be/FourthWayServices/debtsolidarity" xmlns:ns37="http://fsb.belgium.be/FourthWayServices/fiscaldebt" xmlns:ns38="http://fsb.belgium.be/FourthWayServices/socialdebtdetails" xmlns:ns39="http://fsb.belgium.be/FourthWayServices/debtinformation" xmlns:ns4="http://fsb.belgium.be/FourthWayServices/gooddescription" xmlns:ns40="http://fsb.belgium.be/FourthWayServices/socialdebt" xmlns:ns41="http://fsb.belgium.be/FourthWayServices/fiscalregionflandersdebtdetails" xmlns:ns42="http://fsb.belgium.be/FourthWayServices/fiscalregionflandersdebt" xmlns:ns43="http://fsb.belgium.be/FourthWayServices/debt" xmlns:ns44="http://fsb.belgium.be/FourthWayServices/debtparty" xmlns:ns45="http://fsb.belgium.be/FourthWayServices/legalbase" xmlns:ns46="http://fsb.belgium.be/FourthWayServices/debtnotification" xmlns:ns47="http://fsb.belgium.be/FourthWayServices/debtdeficitnotification" xmlns:ns48="http://fsb.belgium.be/FourthWayServices/header" xmlns:ns49="http://fsb.belgium.be/header" xmlns:ns5="http://fsb.belgium.be/FourthWayServices/party" xmlns:ns51="http://fsb.belgium.be/FourthWayServices/technicalack" xmlns:ns52="http://fsb.belgium.be/FourthWayServices/functionalack" xmlns:ns6="http://fsb.belgium.be/FourthWayServices/naturalperson" xmlns:ns7="http://fsb.belgium.be/FourthWayServices/nonresident" xmlns:ns8="http://fsb.belgium.be/FourthWayServices/contact" xmlns:ns9="http://fsb.belgium.be/FourthWayServices/propertyinformation">
            <ns25:generalCaseInformation>
               <ns25:administrativeInformation>
                  <ns25:language>FR</ns25:language>
                  <ns25:caseNumber>2444080.210115.0167</ns25:caseNumber>
                  <ns25:transactionType>3</ns25:transactionType>
                  <ns25:procedureNumber>ENOT4000000419570</ns25:procedureNumber>
                  <ns25:replacedProcedureNumber xsi:nil="true" xmlns:xsi="http://www.w3.org/2001/XMLSchema-instance"/>
                  <ns25:requestDate>2015-01-21T14:50:02.446+01:00</ns25:requestDate>
                  <ns25:origin>
                     <ns2:origin>
                        <ns2:partner>FPS Finance</ns2:partner>
                        <ns2:partnerCode codeType="KBO">0308357159</ns2:partnerCode>
                     </ns2:origin>
                  </ns25:origin>
                  <ns25:destinations>
                     <ns2:destination>
                        <ns2:partner>FRNB</ns2:partner>
                        <ns2:partnerCode codeType="KBO">0409357321</ns2:partnerCode>
                     </ns2:destination>
                  </ns25:destinations>
                  <ns25:requestorInformation>
                     <ns12:institution>
                        <ns12:institutionType>Federal</ns12:institutionType>
                        <ns12:institutionName>Huy</ns12:institutionName>
                        <ns12:institutionIdentificationNumber type="CDDB">600904</ns12:institutionIdentificationNumber>
                        <address>
                           <location>
                              <country>
                                 <countryCode codeStandard="ISO">BE</countryCode>
                              </country>
                              <postalCode>4500</postalCode>
                           </location>
                           <street>Avenue Albert 1er</street>
                           <houseNumber>8/10</houseNumber>
                        </address>
                        <ns12:contactInformation>
                           <ns8:phoneNumber type="phone">025783660</ns8:phoneNumber>
                           <ns8:emailAddress type="email">rec.cd.huy@minfin.fed.be</ns8:emailAddress>
                        </ns12:contactInformation>
                     </ns12:institution>
                     <ns25:responsiblePerson>
                        <ns2:name>
                           <ns2:firstName>Testuser</ns2:firstName>
                           <ns2:lastName>testuser.enotrec01</ns2:lastName>
                        </ns2:name>
                        <ns8:contactInformation/>
                     </ns25:responsiblePerson>
                     <ns25:contactPerson>
                        <ns2:name>
                           <ns2:firstName>Testuser</ns2:firstName>
                           <ns2:lastName>EnotRec01</ns2:lastName>
                        </ns2:name>
                        <ns8:contactInformation>
                           <ns8:emailAddress type="email">testuser.enotrec01@guest.minfin.fed.be</ns8:emailAddress>
                        </ns8:contactInformation>
                     </ns25:contactPerson>
                  </ns25:requestorInformation>
               </ns25:administrativeInformation>
            </ns25:generalCaseInformation>
            <ns44:debtParty>
               <ns5:party partyID="005">
                  <ns5:residentialParty>false</ns5:residentialParty>
                  <ns6:naturalPerson>
                     <ns2:entityReference>
                        <ns2:source>notice1</ns2:source>
                        <ns2:entityID type="nationalNumber">68082123438</ns2:entityID>
                     </ns2:entityReference>
                     <ns6:personInformation>
                        <ns2:name>
                           <ns2:firstName>Yolande Adrienne</ns2:firstName>
                           <ns2:lastName>BUITER</ns2:lastName>
                        </ns2:name>
                        <address>
                           <location>
                              <country>
                                 <countryDescription>Belgium</countryDescription>
                                 <countryCode codeStandard="ISO">BE</countryCode>
                              </country>
                              <municipalityDescription>Verlaine</municipalityDescription>
                              <postalCode>4537</postalCode>
                           </location>
                           <street>Rue aux Raines</street>
                           <houseNumber>53</houseNumber>
                        </address>
                     </ns6:personInformation>
                  </ns6:naturalPerson>
               </ns5:party>
               <ns43:debt debtID="1">
                  <ns37:fiscaldebt>
                     <ns31:fiscalDebtDetails>
                        <ns31:debtType>VAT</ns31:debtType>
                        <ns31:declarations>
                           <ns31:negligenceClause>
                              <ns31:additionalIntrest>0</ns31:additionalIntrest>
                              <ns31:additionalIntrestFromDate>2015-01-21+01:00</ns31:additionalIntrestFromDate>
                           </ns31:negligenceClause>
                        </ns31:declarations>
                        <ns2:referencePeriod>
                           <ns2:startDate>2015-01-06+01:00</ns2:startDate>
                           <ns2:endDate>2015-01-13+01:00</ns2:endDate>
                        </ns2:referencePeriod>
                        <ns31:totalDebt>45</ns31:totalDebt>
                        <ns31:debtBreakdown>
                           <ns31:debtSubType>VAT</ns31:debtSubType>
                           <ns31:debtSubAmount>45</ns31:debtSubAmount>
                        </ns31:debtBreakdown>
                        <ns31:debtBreakdown>
                           <ns31:debtSubType>IM</ns31:debtSubType>
                           <ns31:debtSubAmount>0</ns31:debtSubAmount>
                        </ns31:debtBreakdown>
                        <ns31:debtBreakdown>
                           <ns31:debtSubType>INTEREST</ns31:debtSubType>
                           <ns31:debtSubAmount>0</ns31:debtSubAmount>
                        </ns31:debtBreakdown>
                        <ns31:debtBreakdown>
                           <ns31:debtSubType>FINES</ns31:debtSubType>
                           <ns31:debtSubAmount>0</ns31:debtSubAmount>
                        </ns31:debtBreakdown>
                        <ns31:debtBreakdown>
                           <ns31:debtSubType>COST</ns31:debtSubType>
                           <ns31:debtSubAmount>0</ns31:debtSubAmount>
                        </ns31:debtBreakdown>
                     </ns31:fiscalDebtDetails>
                     <ns32:officialProclamation/>
                     <ns33:beneficiary>
                        <ns33:beneficiaryName>CTRI Namur</ns33:beneficiaryName>
                        <ns33:structuredMessage>N99998745412NOT/</ns33:structuredMessage>
                        <ns33:amount>45</ns33:amount>
                        <ns34:bankAccount>
                           <ns34:ibanNumber>BE42 6792 0034 9254</ns34:ibanNumber>
                           <ns34:bicCode>PCHQBEBB</ns34:bicCode>
                           <ns34:accountName>CTRI Namur</ns34:accountName>
                           <address>
                              <location>
                                 <country>
                                    <countryCode codeStandard="ISO">BE</countryCode>
                                 </country>
                                 <municipalityDescription language="fr">Namur</municipalityDescription>
                                 <postalCode>5000</postalCode>
                              </location>
                              <street>Rue des Bourgeois</street>
                              <houseNumber>7/Bloc B</houseNumber>
                           </address>
                        </ns34:bankAccount>
                     </ns33:beneficiary>
                     <ns35:debtDetailedInformation>
                        <ns35:calculationDate>2015-01-21+01:00</ns35:calculationDate>
                        <ns35:referentialNumber>999998745412</ns35:referentialNumber>
                     </ns35:debtDetailedInformation>
                  </ns37:fiscaldebt>
               </ns43:debt>
               <ns44:totalDebtAmount>45</ns44:totalDebtAmount>
            </ns44:debtParty>
            <ns45:legalBase>
               <ns45:legalSource>Code de la taxe sur la valeur ajout��e</ns45:legalSource>
               <ns45:legalBaseIdentifier>Article 93quater</ns45:legalBaseIdentifier>
            </ns45:legalBase>
            <ns27:technical>
               <ns26:Signature>
                  <ns26:SignedInfo>
                     <ns26:CanonicalizationMethod Algorithm="http://www.w3.org/TR/2001/REC-xml-c14n-20010315"/>
                     <ns26:SignatureMethod Algorithm="http://www.w3.org/2000/09/xmldsig#rsa-sha1"/>
                     <ns26:Reference URI="#signMe">
                        <ns26:DigestMethod Algorithm="http://www.w3.org/2000/09/xmldsig#sha1"/>
                        <ns26:DigestValue>CbUOX9jTy0uYSCKDVQl6peUatJ8=</ns26:DigestValue>
                     </ns26:Reference>
                  </ns26:SignedInfo>
                  <ns26:SignatureValue>WBXEECQtMTWGGq5EGO+5kyVw1kJefLsfHVA/5eYB6pZ3GOZ7LOLc/jAhKbqxeV3qdWiMGx3VzgvdF4ZaMB2HS1fLmnOmNDXHhrrqYQJ51LGDvex39k7/xAJAmuub7MDtfAu08WBTVpmQ5khGL9ZrYOXr5RoG70BrlWNr+37FekM=</ns26:SignatureValue>
                  <ns26:KeyInfo>
                     <ns26:X509Data>
                        <ns26:X509SubjectName>ST=Brussels,L=Brussels,OU=Belgian Federal Government,O=Federal Public Service Finances,CN=Test SPF Finances - FOD Financien,C=BE</ns26:X509SubjectName>
                        <ns26:X509Certificate>MIIDKzCCApSgAwIBAgIJAIkxAL2MG081MA0GCSqGSIb3DQEBBQUAMIGuMQswCQYDVQQGEwJCRTEqMCgGA1UEAxMhVGVzdCBTUEYgRmluYW5jZXMgLSBGT0QgRmluYW5jaWVuMSgwJgYDVQQKEx9GZWRlcmFsIFB1YmxpYyBTZXJ2aWNlIEZpbmFuY2VzMSMwIQYDVQQLExpCZWxnaWFuIEZlZGVyYWwgR292ZXJubWVudDERMA8GA1UEBxMIQnJ1c3NlbHMxETAPBgNVBAgTCEJydXNzZWxzMB4XDTA4MDUwNjA4MDcyMFoXDTE4MDUwNzA4MDcyMFowga4xCzAJBgNVBAYTAkJFMSowKAYDVQQDEyFUZXN0IFNQRiBGaW5hbmNlcyAtIEZPRCBGaW5hbmNpZW4xKDAmBgNVBAoTH0ZlZGVyYWwgUHVibGljIFNlcnZpY2UgRmluYW5jZXMxIzAhBgNVBAsTGkJlbGdpYW4gRmVkZXJhbCBHb3Zlcm5tZW50MREwDwYDVQQHEwhCcnVzc2VsczERMA8GA1UECBMIQnJ1c3NlbHMwgZ8wDQYJKoZIhvcNAQEBBQADgY0AMIGJAoGBAJ8T/80iF50FvothkWOZDsZUPKM52fxhNdKMT+E/lODqejyJ2iQkjEuW5yJKo0lXNj+Gxwfl99bD16IJMagbrxBnJPwR7SeS3JQ0IaLkOorOoeZkZLFoFMSfZWT9uCf6Qf/uNMQtRnX2351P1OF3cld68uFGUNS8U93OqxS9R/ZvAgMBAAGjTzBNMAwGA1UdEwQFMAMBAf8wCwYDVR0PBAQDAgTwMB0GA1UdJQQWMBQGCCsGAQUFBwMCBggrBgEFBQcDBDARBglghkgBhvhCAQEEBAMCBLAwDQYJKoZIhvcNAQEFBQADgYEATnEO8juTdcZtwzvl5EHnZ9+6cEM9rsWuQtq43UXw4RqveHWUE+Cn2ElMPiyuxLLzkzQTbcDYxI9FgVAXFEmqPf7Jii2PpHIlo8yHWCWMuPP0OykMF6YuCtyutKJBbGuTT36gNVAUEPeD34fzB5pgy2aG5wQTQctRdDz07CVM3cI=</ns26:X509Certificate>
                     </ns26:X509Data>
                  </ns26:KeyInfo>
               </ns26:Signature>
            </ns27:technical>
         </ns46:debtNotification>
         </v1:request>
      </v1:fiscalDebtNotificationRequest>
   </soapenv:Body>
</soapenv:Envelope>]]></con:request><con:assertion type="SOAP Fault Assertion" id="a78fccc3-d5d7-468b-88b2-01b0fa217002" name="Not SOAP Fault"/><con:assertion type="SOAP Response" id="d0467825-2558-4eb3-a13c-8fca0f840df3" name="SOAP Response"/><con:assertion type="Schema Compliance" id="83523a0e-9447-4e8a-9f42-ab84ffab6697" name="Schema Compliance"><con:configuration/></con:assertion><con:wsaConfig action="http://fidus.brussels/services/fourthwaydebtservice/fiscalDebtNotification"/></con:request></con:config></con:testStep><con:properties/></con:testCase><con:properties/></con:testSuite><con:mockService id="c214fbaa-c0eb-4449-90e9-09a02ac7f3a7" port="8080" path="/" host="localhost.localdomain" name="MockService 1"><con:settings><con:setting id="com.eviware.soapui.impl.wsdl.mock.WsdlMockService@require-soap-action">false</con:setting></con:settings><con:properties/><con:mockOperation name="fiscalDebtNotification" id="c44d2217-8639-4ab3-ac28-1740fc2f467c" interface="FourthWayDebtServiceHTTPBinding" operation="fiscalDebtNotification"><con:settings/><con:defaultResponse>Response 1</con:defaultResponse><con:dispatchStyle>SEQUENCE</con:dispatchStyle><con:response name="Response 1" id="c50da94b-4a33-42cb-8217-cb64ce151a75" httpResponseStatus="200" encoding="UTF-8"><con:settings/><con:responseContent><![CDATA[<soapenv:Envelope xmlns:soapenv="http://schemas.xmlsoap.org/soap/envelope/" xmlns:v1="http://fidus.brussels/service/fourthwaydebtservice/messages/v1" xmlns:v11="http://fidus.brussels/type/common/messages/v1" xmlns:tec="http://fsb.belgium.be/FourthWayServices/technicalack" xmlns:v12="http://fidus.brussels/type/common/exceptions/v1">
   <soapenv:Header/>
   <soapenv:Body>
      <v1:fiscalDebtNotificationResponse>
         <v1:messageContext>
            <v11:messageId>?</v11:messageId>
            <v11:transactionId>?</v11:transactionId>
            <!--Optional:-->
            <v11:relatesTo>?</v11:relatesTo>
            <!--Optional:-->
            <v11:timestamp>?</v11:timestamp>
         </v1:messageContext>
         <!--Optional:-->
         <v1:responses>
            <v1:response>
               <tec:technicalAcknowledgement/>
               <!--Optional:-->
               <v1:exceptions>
                  <!--1 or more repetitions:-->
                  <v12:exception>
                     <v12:type>?</v12:type>
                     <v12:code>?</v12:code>
                     <v12:source>?</v12:source>
                     <v12:description>?</v12:description>
                  </v12:exception>
               </v1:exceptions>
            </v1:response>
         </v1:responses>
         <!--Optional:-->
         <v1:exceptions>
            <!--1 or more repetitions:-->
            <v12:exception>
               <v12:type>?</v12:type>
               <v12:code>?</v12:code>
               <v12:source>?</v12:source>
               <v12:description>?</v12:description>
            </v12:exception>
         </v1:exceptions>
      </v1:fiscalDebtNotificationResponse>
   </soapenv:Body>
</soapenv:Envelope>]]></con:responseContent><con:wsaConfig mustUnderstand="NONE" version="200508" action="http://fidus.brussels/services/fourthwaydebtservice/fiscalDebtNotification"/></con:response><con:dispatchConfig/></con:mockOperation></con:mockService><con:properties/><con:wssContainer><con:crypto><con:source>data/wso2/keystores/user-rajarshi.jks</con:source><con:password>test@fidus01</con:password><con:type>KEYSTORE</con:type></con:crypto><con:outgoing><con:name>Outflow DEV</con:name></con:outgoing><con:outgoing><con:name>Outflow TEST</con:name><con:entry type="Signature" username="testuser-test.fidus.brussels" password="test@fidus01"><con:configuration><crypto>user-rajarshi.jks</crypto><keyIdentifierType>3</keyIdentifierType><signatureAlgorithm/><signatureCanonicalization/><useSingleCert>true</useSingleCert><digestAlgorithm/><customTokenValueType/><customTokenId/></con:configuration></con:entry><con:entry type="Timestamp"><con:configuration><timeToLive>300000</timeToLive><strictTimestamp>true</strictTimestamp></con:configuration></con:entry></con:outgoing><con:outgoing><con:name>Outflow STAG</con:name></con:outgoing><con:outgoing><con:name>Outflow PROD</con:name></con:outgoing></con:wssContainer><con:oAuth2ProfileContainer/><con:sensitiveInformation/></con:soapui-project>