<?xml version="1.0" encoding="UTF-8"?>
<con:soapui-project activeEnvironment="Default" name="Client-EnterpriseSocialDebtService-soapui-project" resourceRoot="" soapui-version="5.1.3" abortOnError="false" runType="SEQUENTIAL" id="258b2078-7fde-4e84-b415-90e79b93b3a0" xmlns:con="http://eviware.com/soapui/config">
  <con:settings/>
  <con:interface xsi:type="con:WsdlInterface" wsaVersion="NONE" name="EnterpriseSocialDebtServiceHTTPBinding" type="wsdl" bindingName="{http://fidus.brussels/service/enterprisesocialdebtservice/v1}EnterpriseSocialDebtServiceHTTPBinding" soapVersion="1_1" anonymous="optional" definition="/home/adussart/projects/git/fidus/parent/enterprisesocialdebtservice_1.0/EnterpriseSocialDebtServiceGateway/src/main/resources/wsdl/enterpriseSocialDebtService/1.0.0/EnterpriseSocialDebtService_v1.wsdl" id="752d788d-c721-4a26-ac29-1242e27aacf6" xmlns:xsi="http://www.w3.org/2001/XMLSchema-instance">
    <con:settings/>
    
    <con:definitionCache type="TEXT" rootPart="file:/home/adussart/projects/git/fidus/parent/enterprisesocialdebtservice_1.0/EnterpriseSocialDebtServiceGateway/src/main/resources/wsdl/enterpriseSocialDebtService/1.0.0/EnterpriseSocialDebtService_v1.wsdl"><con:part><con:url>file:/home/adussart/projects/git/fidus/parent/enterprisesocialdebtservice_1.0/EnterpriseSocialDebtServiceGateway/src/main/resources/wsdl/enterpriseSocialDebtService/1.0.0/EnterpriseSocialDebtService_v1.wsdl</con:url><con:content><![CDATA[<wsdl:definitions targetNamespace="http://fidus.brussels/service/enterprisesocialdebtservice/v1" name="EnterpriseSocialDebtService" xmlns:soap="http://schemas.xmlsoap.org/wsdl/soap/" xmlns:wsdl="http://schemas.xmlsoap.org/wsdl/" xmlns:xsd="http://www.w3.org/2001/XMLSchema" xmlns:mes="http://fidus.brussels/service/enterprisesocialdebtservice/messages/v1" xmlns:tns="http://fidus.brussels/service/enterprisesocialdebtservice/v1">
  <xsd:annotation>
    <xsd:documentation>Enterprise Social Debt service WDSL v1.</xsd:documentation>
  </xsd:annotation>
  <wsdl:types>
    <xsd:schema targetNamespace="http://fidus.brussels/service/enterprisesocialdebtservice/v1" elementFormDefault="qualified">
      <xsd:import namespace="http://fidus.brussels/service/enterprisesocialdebtservice/messages/v1" schemaLocation="messages/enterpriseSocialDebtServiceMessages_v1.xsd"/>
    </xsd:schema>
  </wsdl:types>
  <wsdl:message name="consultSocialDebtRequestMessage">
    <wsdl:part name="ConsultSocialDebtRequest" element="mes:consultSocialDebtRequest"/>
  </wsdl:message>
  <wsdl:message name="consultSocialDebtResponseMessage">
    <wsdl:part name="ConsultSocialDebtResponse" element="mes:consultSocialDebtResponse"/>
  </wsdl:message>
  <wsdl:portType name="EnterpriseSocialDebtServicePortType">
    <wsdl:operation name="consultSocialDebt">
      <wsdl:input message="tns:consultSocialDebtRequestMessage"/>
      <wsdl:output message="tns:consultSocialDebtResponseMessage"/>
    </wsdl:operation>
  </wsdl:portType>
  <wsdl:binding name="EnterpriseSocialDebtServiceHTTPBinding" type="tns:EnterpriseSocialDebtServicePortType">
    <soap:binding style="document" transport="http://schemas.xmlsoap.org/soap/http"/>
    <wsdl:operation name="consultSocialDebt">
      <soap:operation soapAction="http://fidus.brussels/services/enterprisesocialdebtservice/consultSocialDebt"/>
      <wsdl:input>
        <soap:body use="literal"/>
      </wsdl:input>
      <wsdl:output>
        <soap:body use="literal"/>
      </wsdl:output>
    </wsdl:operation>
  </wsdl:binding>
  <wsdl:service name="EnterpriseSocialService_v1">
    <wsdl:port name="EnterpriseSocialDebtService_v1" binding="tns:EnterpriseSocialDebtServiceHTTPBinding">
      <soap:address location="http://fidus.brussels/services/enterprisesocialdebtservice/v1"/>
    </wsdl:port>
  </wsdl:service>
</wsdl:definitions>]]></con:content><con:type>http://schemas.xmlsoap.org/wsdl/</con:type></con:part><con:part><con:url>file:/home/adussart/projects/git/fidus/parent/enterprisesocialdebtservice_1.0/EnterpriseSocialDebtServiceGateway/src/main/resources/wsdl/enterpriseSocialDebtService/1.0.0/messages/enterpriseSocialDebtServiceMessages_v1.xsd</con:url><con:content><![CDATA[<xsd:schema targetNamespace="http://fidus.brussels/service/enterprisesocialdebtservice/messages/v1" elementFormDefault="qualified" attributeFormDefault="unqualified" version="1.0" xmlns:xsd="http://www.w3.org/2001/XMLSchema" xmlns:cme="http://fidus.brussels/type/common/messages/v1" xmlns:exc="http://fidus.brussels/type/common/exceptions/v1" xmlns:tns="http://fidus.brussels/service/enterprisesocialdebtservice/messages/v1" xmlns:comesd="http://kszbcss.fgov.be/types/EnterpriseSocialDebt/common/v1" xmlns:common="http://kszbcss.fgov.be/types/common/v3">
  <xsd:import namespace="http://fidus.brussels/type/common/messages/v1" schemaLocation="baseMessageTypes_v1.xsd"/>
  <xsd:import namespace="http://fidus.brussels/type/common/exceptions/v1" schemaLocation="exceptionTypes_v1.xsd"/>
  <xsd:import namespace="http://kszbcss.fgov.be/types/EnterpriseSocialDebt/common/v1" schemaLocation="../socialdebts/EnterpriseSocialDebtCommonV1.xsd"/>
  <xsd:import namespace="http://kszbcss.fgov.be/types/common/v3" schemaLocation="../socialdebts/be/fgov/kszbcss/types/common/CommonV3.xsd"/>
  <xsd:complexType name="EnterpriseSocialDebtServiceRequestType">
    <xsd:annotation>
      <xsd:documentation>The enterprise which information is requested.</xsd:documentation>
    </xsd:annotation>
    <xsd:sequence>
      <xsd:element name="searchCriteria" type="comesd:SearchCriteriaType" form="unqualified"/>
    </xsd:sequence>
  </xsd:complexType>
  <!--Request getEnterpriseSocialDebtService definition-->
  <xsd:complexType name="ConsultSocialDebtRequestType">
    <xsd:sequence>
      <xsd:element name="messageContext" type="cme:RequestMessageContextType"/>
      <xsd:element name="legalContext" type="cme:LegalContextType"/>
      <xsd:element name="request" type="tns:EnterpriseSocialDebtServiceRequestType"/>
    </xsd:sequence>
  </xsd:complexType>
  <!--Request getEnterpriseSocialDebtService definition-->
  <xsd:complexType name="ConsultSocialDebtResponseType">
    <xsd:sequence>
      <xsd:element name="messageContext" type="cme:ResponseMessageContextType"/>
      <xsd:element name="responses" type="tns:ResponsesType" minOccurs="0"/>
      <xsd:element name="exceptions" type="exc:ExceptionsType" minOccurs="0">
        <xsd:annotation>
          <xsd:documentation>Technical errors that occur when processing the message context e.g. insufficient rights.</xsd:documentation>
        </xsd:annotation>
      </xsd:element>
    </xsd:sequence>
  </xsd:complexType>
  <xsd:complexType name="ResponsesType">
    <xsd:sequence>
      <xsd:element name="response" type="tns:ResponseType" minOccurs="1" maxOccurs="1"/>
    </xsd:sequence>
  </xsd:complexType>
  <xsd:complexType name="ResponseType">
    <xsd:sequence>
      <xsd:element name="socialDebt" type="tns:ConsultEnterpriseSocialDebtResponseType" minOccurs="0" maxOccurs="unbounded"/>
      <xsd:element name="exceptions" type="exc:ExceptionsType" minOccurs="0">
        <xsd:annotation>
          <xsd:documentation>Business exceptions that occur when processing the request or response e.g. missing data for a single response element.
			Exceptions at this level may contain back-end specific codes and content.</xsd:documentation>
        </xsd:annotation>
      </xsd:element>
    </xsd:sequence>
  </xsd:complexType>
  <xsd:complexType name="ConsultEnterpriseSocialDebtResponseType">
    <xsd:choice minOccurs="0">
      <xsd:element name="balanceAcknowledgement" type="xsd:boolean"/>
      <xsd:element name="financialSituation" type="comesd:EnterpriseSocialDebtResponseType"/>
    </xsd:choice>
  </xsd:complexType>
  <!--Element of the request and the response-->
  <xsd:element name="consultSocialDebtRequest" type="tns:ConsultSocialDebtRequestType"/>
  <xsd:element name="consultSocialDebtResponse" type="tns:ConsultSocialDebtResponseType"/>
</xsd:schema>]]></con:content><con:type>http://www.w3.org/2001/XMLSchema</con:type></con:part><con:part><con:url>file:/home/adussart/projects/git/fidus/parent/enterprisesocialdebtservice_1.0/EnterpriseSocialDebtServiceGateway/src/main/resources/wsdl/enterpriseSocialDebtService/1.0.0/messages/baseMessageTypes_v1.xsd</con:url><con:content><![CDATA[<xsd:schema targetNamespace="http://fidus.brussels/type/common/messages/v1" elementFormDefault="qualified" attributeFormDefault="unqualified" version="1.0" xmlns:xsd="http://www.w3.org/2001/XMLSchema" xmlns:cmn="http://fidus.brussels/type/common/v1" xmlns:tns="http://fidus.brussels/type/common/messages/v1">
  <!--Unformatted message Id-->
  <xsd:simpleType name="MessageIdType">
    <xsd:restriction base="xsd:string">
      <xsd:minLength value="1"/>
      <xsd:maxLength value="64"/>
    </xsd:restriction>
  </xsd:simpleType>
  <!--National Number of the person. Format depending on the Register-->
  <xsd:simpleType name="PersonNumberType">
    <xsd:restriction base="xsd:string">
      <xsd:pattern value="[0-9][0-9](([0][0-9])|([1][0-2]))(([0-2][0-9])|([3][0-1]))(([0-9]{2}[1-9])|([0-9][1-9][0-9])|([1-9][0-9]{2}))(([0-8][0-9])|([9][0-7]))">
        <xsd:annotation>
          <xsd:documentation>National Register format</xsd:documentation>
        </xsd:annotation>
      </xsd:pattern>
      <xsd:pattern value="[0-9][0-9](([2][0-9])|([3][0-2]))(([0-2][0-9])|([3][0-1]))[0-9]{3}(([0-8][0-9])|([9][0-7]))">
        <xsd:annotation>
          <xsd:documentation>CBSS Register format: Bis Register</xsd:documentation>
        </xsd:annotation>
      </xsd:pattern>
      <xsd:pattern value="[0-9][0-9](([4][0-9])|([5][0-2]))(([0-2][0-9])|([3][0-1]))[0-9]{3}(([0-8][0-9])|([9][0-7]))">
        <xsd:annotation>
          <xsd:documentation>CBSS Register format: Ter Register</xsd:documentation>
        </xsd:annotation>
      </xsd:pattern>
    </xsd:restriction>
  </xsd:simpleType>
  <!--Request message context-->
  <xsd:complexType name="RequestMessageContextType">
    <xsd:annotation>
      <xsd:documentation>Message context block generated by the consumer.</xsd:documentation>
    </xsd:annotation>
    <xsd:sequence>
      <xsd:element name="messageId" type="tns:MessageIdType">
        <xsd:annotation>
          <xsd:documentation>Consumer must assign their own MessageId reference for the request.</xsd:documentation>
        </xsd:annotation>
      </xsd:element>
      <xsd:element name="timestamp" type="xsd:dateTime" minOccurs="0">
        <xsd:annotation>
          <xsd:documentation>Timestamp when client sent request.</xsd:documentation>
        </xsd:annotation>
      </xsd:element>
    </xsd:sequence>
  </xsd:complexType>
  <!--Response message context-->
  <xsd:complexType name="ResponseMessageContextType">
    <xsd:annotation>
      <xsd:documentation>MessageContext block generated by fidus.</xsd:documentation>
    </xsd:annotation>
    <xsd:sequence>
      <xsd:element name="messageId" type="tns:MessageIdType">
        <xsd:annotation>
          <xsd:documentation>A unique identifier generated by fidus.</xsd:documentation>
        </xsd:annotation>
      </xsd:element>
      <xsd:element name="transactionId" type="tns:MessageIdType">
        <xsd:annotation>
          <xsd:documentation>A unique ID returned to the client for tracing purposes.</xsd:documentation>
        </xsd:annotation>
      </xsd:element>
      <xsd:element name="relatesTo" type="tns:MessageIdType" minOccurs="0">
        <xsd:annotation>
          <xsd:documentation>Optional field. The unique id of a previous batch file in this exchange Only used for responses.</xsd:documentation>
        </xsd:annotation>
      </xsd:element>
      <xsd:element name="timestamp" type="xsd:dateTime" minOccurs="0">
        <xsd:annotation>
          <xsd:documentation>Time reply sent by fidus.</xsd:documentation>
        </xsd:annotation>
      </xsd:element>
    </xsd:sequence>
  </xsd:complexType>
  <!--Legal Context : the finality of the Privacy Commission-->
  <xsd:simpleType name="LegalContextType">
    <xsd:restriction base="xsd:string">
      <xsd:minLength value="1"/>
      <xsd:maxLength value="64"/>
    </xsd:restriction>
  </xsd:simpleType>
  <xsd:complexType name="UserContextType">
    <xsd:annotation>
      <xsd:documentation>The user context defines information regarding the actual user performing a request.</xsd:documentation>
    </xsd:annotation>
    <xsd:sequence>
      <xsd:element name="language" type="xsd:language" nillable="true">
        <xsd:annotation>
          <xsd:documentation>The preferred language of the actual user performing the request.
						This influences the language in which response elements are cast.</xsd:documentation>
        </xsd:annotation>
      </xsd:element>
    </xsd:sequence>
  </xsd:complexType>
</xsd:schema>]]></con:content><con:type>http://www.w3.org/2001/XMLSchema</con:type></con:part><con:part><con:url>file:/home/adussart/projects/git/fidus/parent/enterprisesocialdebtservice_1.0/EnterpriseSocialDebtServiceGateway/src/main/resources/wsdl/enterpriseSocialDebtService/1.0.0/messages/exceptionTypes_v1.xsd</con:url><con:content><![CDATA[<xsd:schema targetNamespace="http://fidus.brussels/type/common/exceptions/v1" elementFormDefault="qualified" attributeFormDefault="unqualified" version="1.0" xmlns:xsd="http://www.w3.org/2001/XMLSchema" xmlns:tns="http://fidus.brussels/type/common/exceptions/v1">
  <!--Basic error typed-->
  <xsd:complexType name="ExceptionsType">
    <xsd:sequence>
      <xsd:element name="exception" type="tns:ExceptionType" maxOccurs="unbounded"/>
    </xsd:sequence>
  </xsd:complexType>
  <xsd:complexType name="ExceptionType">
    <xsd:sequence>
      <xsd:element name="type" type="tns:ExceptionClassType"/>
      <xsd:element name="code" type="tns:ExceptionCodeType"/>
      <xsd:element name="source" type="tns:ExceptionSourceType"/>
      <xsd:element name="description" type="tns:ExceptionDescriptionType"/>
    </xsd:sequence>
  </xsd:complexType>
  <xsd:simpleType name="ExceptionClassType">
    <xsd:restriction base="xsd:string">
      <xsd:enumeration value="ERROR"/>
      <xsd:enumeration value="WARNING"/>
      <xsd:enumeration value="INFO"/>
    </xsd:restriction>
  </xsd:simpleType>
  <xsd:simpleType name="ExceptionCodeType">
    <xsd:restriction base="xsd:string">
      <xsd:maxLength value="20"/>
    </xsd:restriction>
  </xsd:simpleType>
  <xsd:simpleType name="ExceptionSourceType">
    <xsd:restriction base="xsd:string">
      <xsd:maxLength value="20"/>
    </xsd:restriction>
  </xsd:simpleType>
  <xsd:simpleType name="ExceptionDescriptionType">
    <xsd:restriction base="xsd:string"/>
  </xsd:simpleType>
</xsd:schema>]]></con:content><con:type>http://www.w3.org/2001/XMLSchema</con:type></con:part><con:part><con:url>file:/home/adussart/projects/git/fidus/parent/enterprisesocialdebtservice_1.0/EnterpriseSocialDebtServiceGateway/src/main/resources/wsdl/enterpriseSocialDebtService/1.0.0/socialdebts/EnterpriseSocialDebtCommonV1.xsd</con:url><con:content><![CDATA[<xsd:schema targetNamespace="http://kszbcss.fgov.be/types/EnterpriseSocialDebt/common/v1" elementFormDefault="unqualified" attributeFormDefault="unqualified" version="2015-10-27" xmlns:xsd="http://www.w3.org/2001/XMLSchema" xmlns="http://kszbcss.fgov.be/types/EnterpriseSocialDebt/common/v1" xmlns:tns="http://kszbcss.fgov.be/types/EnterpriseSocialDebt/common/v1" xmlns:common="http://kszbcss.fgov.be/types/common/v3">
  <xsd:import namespace="http://kszbcss.fgov.be/types/common/v3" schemaLocation="be/fgov/kszbcss/types/common/CommonV3.xsd"/>
  <!---->
  <!--Legal Context-->
  <xsd:simpleType name="EnterpriseSocialDebtLegalContextType">
    <xsd:restriction base="xsd:string">
      <xsd:enumeration value="DGO6:DPT"/>
      <xsd:enumeration value="DGO6:INTEGRATION_COMPANIES"/>
      <xsd:enumeration value="DGO6:JOB_PLACEMENT_AND_TEMPORARY_EMPLOYMENT_AGENCIES"/>
      <xsd:enumeration value="DGO6:EMPLOYMENT_PROMOTION_AID"/>
      <xsd:enumeration value="DGO6:TRAINING_CHEQUES"/>
      <xsd:enumeration value="DGO6:ECONOMIC_INSPECTION"/>
      <xsd:enumeration value="DGO6:PME"/>
      <xsd:enumeration value="DGO6:INVESTMENT_PROGRAM"/>
      <xsd:enumeration value="DGO6:SOCIAL_INSPECTION"/>
      <xsd:enumeration value="FOREM:EMPLOYMENT_PROMOTION_AID"/>
      <xsd:enumeration value="FOREM:PTP"/>
      <xsd:enumeration value="FOREM:MERCHANT_ACTIVITY_SECTOR_EMPLOYMENT_ASSISTANCE"/>
      <xsd:enumeration value="FOREM:TRAINING_CHEQUES"/>
      <xsd:enumeration value="FOREM:CREDIT_ADJUSTMENT"/>
      <xsd:enumeration value="NSSO:SOCIAL_DEBT"/>
      <!--DGO6-->
      <!--FOREM-->
      <!--NEW-->
    </xsd:restriction>
  </xsd:simpleType>
  <!--Search Criteria-->
  <xsd:complexType name="SearchCriteriaType">
    <xsd:sequence>
      <xsd:element name="cbeNumber" type="common:CbeNumberType">
        <xsd:annotation>
          <xsd:documentation>Organisation of which social debt information is requested</xsd:documentation>
        </xsd:annotation>
      </xsd:element>
      <xsd:element name="requestingOrganisationNumber" type="common:CbeNumberType">
        <xsd:annotation>
          <xsd:documentation>CBE number of the organisation performing the request for social debt information</xsd:documentation>
        </xsd:annotation>
      </xsd:element>
      <xsd:element name="requestingBusinessUnitNumber" type="common:BusinessUnitNumberType" minOccurs="0">
        <xsd:annotation>
          <xsd:documentation>Business unit number designating to where the information should be sent in the event of a delayed paper response</xsd:documentation>
        </xsd:annotation>
      </xsd:element>
    </xsd:sequence>
  </xsd:complexType>
  <!--Inner EnterpriseSocialDebt Request Types-->
  <xsd:complexType name="ReferenceRequestDetailType">
    <xsd:sequence>
      <xsd:element name="referenceType" type="tns:ReferenceTechnicalOrBusinessType"/>
      <xsd:element name="referenceOrigin" type="tns:ReferenceOriginConsumerType"/>
      <xsd:element name="referenceNbr" type="tns:ReferenceNbrType"/>
    </xsd:sequence>
  </xsd:complexType>
  <xsd:simpleType name="ReferenceTechnicalOrBusinessType">
    <xsd:restriction base="xsd:integer">
      <xsd:totalDigits value="1"/>
      <xsd:enumeration value="1"/>
      <xsd:enumeration value="2"/>
    </xsd:restriction>
  </xsd:simpleType>
  <xsd:simpleType name="ReferenceOriginConsumerType">
    <xsd:restriction base="xsd:integer">
      <xsd:enumeration value="1"/>
    </xsd:restriction>
  </xsd:simpleType>
  <!---->
  <!--Inner EnterpriseSocialDebt Response Types-->
  <xsd:complexType name="EnterpriseSocialDebtResponseType">
    <xsd:sequence>
      <xsd:element name="financialSituationInformation" type="tns:FinancialSituationInformationType"/>
      <xsd:element name="financialSituationDetail" type="tns:FinancialSituationDetailType" minOccurs="0"/>
      <xsd:element name="coordinatesContactPerson" type="tns:CoordinatesContactPersonType" minOccurs="0" maxOccurs="2"/>
      <xsd:element name="employerInformation" type="tns:EmployerInformationType" minOccurs="0"/>
    </xsd:sequence>
  </xsd:complexType>
  <xsd:complexType name="ExecutionResultType">
    <xsd:sequence>
      <xsd:element name="resultCode" type="tns:ResultCodeType"/>
      <xsd:element name="errorId" type="tns:ErrorIdType" minOccurs="0"/>
    </xsd:sequence>
  </xsd:complexType>
  <xsd:simpleType name="ResultCodeType">
    <xsd:restriction base="xsd:integer">
      <xsd:minInclusive value="0"/>
      <xsd:maxInclusive value="2"/>
      <xsd:totalDigits value="1"/>
    </xsd:restriction>
  </xsd:simpleType>
  <xsd:simpleType name="ErrorIdType">
    <xsd:restriction base="xsd:string">
      <xsd:maxLength value="9"/>
    </xsd:restriction>
  </xsd:simpleType>
  <xsd:complexType name="FinancialSituationDetailType">
    <xsd:sequence>
      <xsd:element name="cdsDocumentId" type="tns:CDSDocumentIdType"/>
      <xsd:element name="closingDate" type="xsd:date"/>
      <xsd:element name="closingQuarter" type="tns:QuarterType"/>
      <xsd:element name="isPaymentPlanFollowed" type="xsd:boolean" minOccurs="0"/>
      <xsd:element name="balanceAmounts" type="tns:BalanceAmountsType" minOccurs="0"/>
      <xsd:element name="dispute" type="tns:DisputeType" minOccurs="0"/>
      <xsd:element name="missingDeclarationQuarters" type="tns:MissingDeclarationQuartersType" minOccurs="0"/>
    </xsd:sequence>
  </xsd:complexType>
  <xsd:simpleType name="CDSDocumentIdType">
    <xsd:annotation>
      <xsd:documentation>[1,2,3][A,B,C,D][00, ..., 99]</xsd:documentation>
    </xsd:annotation>
    <xsd:restriction base="xsd:string">
      <xsd:maxLength value="4"/>
    </xsd:restriction>
  </xsd:simpleType>
  <xsd:simpleType name="QuarterType">
    <xsd:restriction base="xsd:integer">
      <xsd:totalDigits value="5"/>
      <xsd:pattern value="\d{4}(1|2|3|4)"/>
    </xsd:restriction>
  </xsd:simpleType>
  <xsd:simpleType name="IsPaymentPlanFollowedType">
    <xsd:restriction base="xsd:integer">
      <xsd:minInclusive value="0"/>
      <xsd:maxInclusive value="1"/>
      <xsd:totalDigits value="1"/>
    </xsd:restriction>
  </xsd:simpleType>
  <xsd:complexType name="BalanceAmountsType">
    <xsd:sequence>
      <xsd:element name="contributionTotalAmount" type="common:EurocentAmountType" minOccurs="0"/>
      <xsd:element name="totalIncreases" type="common:EurocentAmountType" minOccurs="0"/>
      <xsd:element name="totalInterests" type="common:EurocentAmountType" minOccurs="0"/>
      <xsd:element name="totalLegalCost" type="common:EurocentAmountType" minOccurs="0"/>
    </xsd:sequence>
  </xsd:complexType>
  <xsd:simpleType name="IsPayementPlanFollowed">
    <xsd:restriction base="xsd:integer">
      <xsd:minInclusive value="0"/>
      <xsd:maxInclusive value="1"/>
      <xsd:totalDigits value="1"/>
    </xsd:restriction>
  </xsd:simpleType>
  <xsd:complexType name="DisputeType">
    <xsd:sequence>
      <xsd:element name="disputeType" type="tns:DisputeTypeType"/>
      <xsd:element name="amount" type="tns:AmountType"/>
    </xsd:sequence>
  </xsd:complexType>
  <xsd:simpleType name="DisputeTypeType">
    <xsd:restriction base="xsd:integer">
      <xsd:minInclusive value="1"/>
      <xsd:maxInclusive value="4"/>
      <xsd:totalDigits value="2"/>
    </xsd:restriction>
  </xsd:simpleType>
  <xsd:simpleType name="AmountType">
    <xsd:restriction base="xsd:integer">
      <xsd:minInclusive value="0"/>
      <xsd:maxInclusive value="999999999999999"/>
      <xsd:totalDigits value="15"/>
    </xsd:restriction>
  </xsd:simpleType>
  <xsd:complexType name="MissingDeclarationQuartersType">
    <xsd:sequence>
      <xsd:element name="quarter" type="tns:QuarterType" maxOccurs="unbounded"/>
    </xsd:sequence>
  </xsd:complexType>
  <xsd:complexType name="FinancialSituationInformationType">
    <xsd:sequence>
      <xsd:element name="referenceNbr" type="tns:ReferenceNbrType"/>
      <xsd:element name="nossRegistrationNbr" type="tns:NOSSRegistrationNbrType" minOccurs="0"/>
      <xsd:element name="cbeNumber" type="common:CbeNumberType" minOccurs="0"/>
      <xsd:element name="dateSubmission" type="xsd:date"/>
    </xsd:sequence>
  </xsd:complexType>
  <xsd:simpleType name="ReferenceNbrType">
    <xsd:restriction base="xsd:string">
      <xsd:minLength value="1"/>
      <xsd:maxLength value="64"/>
    </xsd:restriction>
  </xsd:simpleType>
  <xsd:simpleType name="NOSSRegistrationNbrType">
    <xsd:restriction base="xsd:integer">
      <xsd:minInclusive value="0"/>
      <xsd:maxInclusive value="199999934"/>
      <xsd:totalDigits value="9"/>
    </xsd:restriction>
  </xsd:simpleType>
  <xsd:complexType name="CoordinatesContactPersonType">
    <xsd:sequence>
      <xsd:element name="name" type="tns:NameType"/>
      <xsd:element name="firstName" type="tns:FirstNameType" minOccurs="0"/>
      <xsd:element name="communication" type="tns:CommunicationType"/>
      <xsd:element name="sectorInformation" type="tns:SectorInformationType" minOccurs="0"/>
    </xsd:sequence>
  </xsd:complexType>
  <xsd:simpleType name="NameType">
    <xsd:restriction base="xsd:string">
      <xsd:maxLength value="48"/>
    </xsd:restriction>
  </xsd:simpleType>
  <xsd:simpleType name="FirstNameType">
    <xsd:restriction base="xsd:string">
      <xsd:maxLength value="24"/>
    </xsd:restriction>
  </xsd:simpleType>
  <xsd:complexType name="CommunicationType">
    <xsd:sequence>
      <xsd:element name="phoneNbr" type="tns:PhoneNbrType"/>
      <xsd:element name="gsmNbr" type="tns:PhoneNbrType" minOccurs="0"/>
      <xsd:element name="faxNbr" type="tns:PhoneNbrType" minOccurs="0"/>
      <xsd:element name="emailAddress" type="tns:EmailAddressType"/>
    </xsd:sequence>
  </xsd:complexType>
  <xsd:simpleType name="PhoneNbrType">
    <xsd:restriction base="xsd:string">
      <xsd:maxLength value="20"/>
    </xsd:restriction>
  </xsd:simpleType>
  <xsd:simpleType name="EmailAddressType">
    <xsd:restriction base="xsd:string">
      <xsd:maxLength value="60"/>
    </xsd:restriction>
  </xsd:simpleType>
  <xsd:complexType name="SectorInformationType">
    <xsd:sequence>
      <xsd:element name="officeNumber" type="tns:OfficeNumberType"/>
    </xsd:sequence>
  </xsd:complexType>
  <xsd:simpleType name="OfficeNumberType">
    <xsd:restriction base="xsd:string">
      <xsd:maxLength value="3"/>
    </xsd:restriction>
  </xsd:simpleType>
  <xsd:complexType name="EmployerInformationType">
    <xsd:sequence>
      <xsd:element name="cbeNumber" type="common:CbeNumberType"/>
      <xsd:element name="nossRegistrationNbr" type="tns:NOSSRegistrationNbrType" minOccurs="0"/>
      <xsd:element name="employerDenomination" type="tns:EmployerDenominationType" minOccurs="0"/>
      <xsd:element name="legalDistrict" type="tns:LegalDistrictType" minOccurs="0"/>
      <xsd:element name="legalForm" type="tns:LegalFormType" minOccurs="0"/>
      <xsd:element name="importanceCode" type="tns:ImportanceCodeType" minOccurs="0"/>
      <xsd:element name="activityCode" type="tns:ActivityCodeType" minOccurs="0" maxOccurs="unbounded"/>
      <xsd:element name="coordinatesRepresentative" type="tns:CoordinatesRepresentativeType" minOccurs="0"/>
      <xsd:element name="employerActivityPeriod" type="tns:EmployerActivityPeriodType" minOccurs="0"/>
      <xsd:element name="address" type="tns:AddressType" minOccurs="0"/>
      <xsd:element name="employerClassInformation" type="tns:EmployerClassInformationType" minOccurs="0" maxOccurs="unbounded"/>
    </xsd:sequence>
  </xsd:complexType>
  <xsd:simpleType name="EmployerDenominationType">
    <xsd:restriction base="xsd:string">
      <xsd:maxLength value="96"/>
    </xsd:restriction>
  </xsd:simpleType>
  <xsd:simpleType name="LegalDistrictType">
    <xsd:restriction base="xsd:integer">
      <xsd:totalDigits value="3"/>
    </xsd:restriction>
  </xsd:simpleType>
  <xsd:simpleType name="LegalFormType">
    <xsd:restriction base="xsd:string">
      <xsd:maxLength value="20"/>
    </xsd:restriction>
  </xsd:simpleType>
  <xsd:simpleType name="ImportanceCodeType">
    <xsd:restriction base="xsd:integer">
      <xsd:minInclusive value="1"/>
      <xsd:maxInclusive value="9"/>
      <xsd:totalDigits value="1"/>
    </xsd:restriction>
  </xsd:simpleType>
  <xsd:simpleType name="ActivityCodeType">
    <xsd:restriction base="xsd:integer">
      <xsd:minInclusive value="0"/>
      <xsd:maxInclusive value="99999"/>
      <xsd:totalDigits value="5"/>
    </xsd:restriction>
  </xsd:simpleType>
  <xsd:complexType name="CoordinatesRepresentativeType">
    <xsd:sequence>
      <xsd:element name="denomination" type="tns:DenominationType"/>
    </xsd:sequence>
  </xsd:complexType>
  <xsd:simpleType name="DenominationType">
    <xsd:restriction base="xsd:string">
      <xsd:maxLength value="96"/>
    </xsd:restriction>
  </xsd:simpleType>
  <xsd:complexType name="EmployerActivityPeriodType">
    <xsd:sequence>
      <xsd:element name="startingDate" type="xsd:date" minOccurs="0"/>
      <xsd:element name="startingQuarter" type="tns:QuarterType" minOccurs="0"/>
      <xsd:element name="dueDate" type="xsd:date" minOccurs="0"/>
      <xsd:element name="endingDate" type="xsd:date" minOccurs="0"/>
      <xsd:element name="endingQuarter" type="tns:QuarterType" minOccurs="0"/>
    </xsd:sequence>
  </xsd:complexType>
  <xsd:complexType name="AddressType">
    <xsd:sequence>
      <xsd:element name="street" type="tns:StreetType" minOccurs="0"/>
      <xsd:element name="houseNbr" type="tns:HouseNbrType" minOccurs="0"/>
      <xsd:element name="postBox" type="tns:PostBoxType" minOccurs="0"/>
      <xsd:element name="zipCode" type="tns:ZipCodeType" minOccurs="0"/>
      <xsd:element name="city" type="tns:CityType"/>
      <xsd:element name="country" type="tns:CountryType" minOccurs="0"/>
    </xsd:sequence>
  </xsd:complexType>
  <xsd:simpleType name="StreetType">
    <xsd:restriction base="xsd:string">
      <xsd:maxLength value="42"/>
    </xsd:restriction>
  </xsd:simpleType>
  <xsd:simpleType name="HouseNbrType">
    <xsd:restriction base="xsd:string">
      <xsd:maxLength value="10"/>
    </xsd:restriction>
  </xsd:simpleType>
  <xsd:simpleType name="PostBoxType">
    <xsd:restriction base="xsd:string">
      <xsd:maxLength value="4"/>
    </xsd:restriction>
  </xsd:simpleType>
  <xsd:simpleType name="ZipCodeType">
    <xsd:restriction base="xsd:string">
      <xsd:maxLength value="9"/>
    </xsd:restriction>
  </xsd:simpleType>
  <xsd:simpleType name="CityType">
    <xsd:restriction base="xsd:string">
      <xsd:maxLength value="40"/>
    </xsd:restriction>
  </xsd:simpleType>
  <xsd:simpleType name="CountryType">
    <xsd:restriction base="xsd:integer">
      <xsd:minInclusive value="0"/>
      <xsd:maxInclusive value="99999"/>
      <xsd:totalDigits value="5"/>
    </xsd:restriction>
  </xsd:simpleType>
  <xsd:complexType name="EmployerClassInformationType">
    <xsd:sequence>
      <xsd:element name="employerClass" type="tns:EmployerClassType"/>
      <xsd:element name="startingDate" type="xsd:date"/>
      <xsd:element name="endingDate" type="xsd:date" minOccurs="0"/>
    </xsd:sequence>
  </xsd:complexType>
  <xsd:simpleType name="EmployerClassType">
    <xsd:restriction base="xsd:integer">
      <xsd:minInclusive value="000"/>
      <xsd:maxInclusive value="999"/>
      <xsd:totalDigits value="3"/>
      <xsd:pattern value="\d{3}"/>
    </xsd:restriction>
  </xsd:simpleType>
  <xsd:complexType name="StatusType">
    <xsd:sequence>
      <xsd:element name="value">
        <xsd:annotation>
          <xsd:documentation>global status of the result</xsd:documentation>
        </xsd:annotation>
        <xsd:simpleType>
          <xsd:restriction base="xsd:string">
            <xsd:enumeration value="DATA_FOUND"/>
            <xsd:enumeration value="NO_DATA_FOUND"/>
            <xsd:enumeration value="NO_RESULT"/>
            <xsd:enumeration value="RESPONSE_IN_BATCH"/>
          </xsd:restriction>
        </xsd:simpleType>
      </xsd:element>
      <xsd:element name="code">
        <xsd:annotation>
          <xsd:documentation>the code of the status</xsd:documentation>
        </xsd:annotation>
        <xsd:simpleType>
          <xsd:restriction base="xsd:string">
            <xsd:maxLength value="16"/>
          </xsd:restriction>
        </xsd:simpleType>
      </xsd:element>
      <xsd:element name="description" minOccurs="0">
        <xsd:annotation>
          <xsd:documentation>the description of the status</xsd:documentation>
        </xsd:annotation>
        <xsd:simpleType>
          <xsd:restriction base="xsd:string">
            <xsd:maxLength value="256"/>
          </xsd:restriction>
        </xsd:simpleType>
      </xsd:element>
      <xsd:element name="information" type="common:InformationType" minOccurs="0" maxOccurs="15"/>
    </xsd:sequence>
  </xsd:complexType>
</xsd:schema>]]></con:content><con:type>http://www.w3.org/2001/XMLSchema</con:type></con:part><con:part><con:url>file:/home/adussart/projects/git/fidus/parent/enterprisesocialdebtservice_1.0/EnterpriseSocialDebtServiceGateway/src/main/resources/wsdl/enterpriseSocialDebtService/1.0.0/socialdebts/be/fgov/kszbcss/types/common/CommonV3.xsd</con:url><con:content><![CDATA[<xsd:schema targetNamespace="http://kszbcss.fgov.be/types/common/v3" elementFormDefault="unqualified" attributeFormDefault="unqualified" version="3.1" xmlns:xsd="http://www.w3.org/2001/XMLSchema" xmlns:tns="http://kszbcss.fgov.be/types/common/v3">
  <!--Request / response meta data-->
  <xsd:simpleType name="SeverityType">
    <xsd:restriction base="xsd:string">
      <xsd:enumeration value="INFORMATION"/>
      <xsd:enumeration value="WARNING"/>
      <xsd:enumeration value="FATAL"/>
    </xsd:restriction>
  </xsd:simpleType>
  <xsd:simpleType name="UUIDType">
    <xsd:restriction base="xsd:string">
      <xsd:pattern value="[\da-fA-F]{8}-[\da-fA-F]{4}-[\da-fA-F]{4}-[\da-fA-F]{4}-[\da-fA-F]{12}"/>
    </xsd:restriction>
  </xsd:simpleType>
  <xsd:simpleType name="TicketType">
    <xsd:restriction base="xsd:string">
      <xsd:maxLength value="36"/>
    </xsd:restriction>
  </xsd:simpleType>
  <xsd:simpleType name="CbeNumberType">
    <xsd:annotation>
      <xsd:documentation>CBE number identifying an enterprise or business unit</xsd:documentation>
    </xsd:annotation>
    <xsd:restriction base="xsd:string">
      <xsd:pattern value="\d{10}"/>
    </xsd:restriction>
  </xsd:simpleType>
  <xsd:simpleType name="EnterpriseNumberType">
    <xsd:annotation>
      <xsd:documentation>CBE enterprise number (starting with 0 or 1)</xsd:documentation>
    </xsd:annotation>
    <xsd:restriction base="xsd:string">
      <xsd:pattern value="[0-1]\d{9}"/>
    </xsd:restriction>
  </xsd:simpleType>
  <xsd:simpleType name="BusinessUnitNumberType">
    <xsd:annotation>
      <xsd:documentation>CBE business unit number (starting with 2-8)</xsd:documentation>
    </xsd:annotation>
    <xsd:restriction base="xsd:string">
      <xsd:pattern value="[2-8]\d{9}"/>
    </xsd:restriction>
  </xsd:simpleType>
  <xsd:simpleType name="SsinType">
    <xsd:restriction base="xsd:string">
      <xsd:pattern value="[0-9][0-9](([0][0-9])|([1][0-2]))(([0-2][0-9])|([3][0-1]))(([0-9]{2}[1-9])|([0-9][1-9][0-9])|([1-9][0-9]{2}))(([0-8][0-9])|([9][0-7]))">
        <xsd:annotation>
          <xsd:documentation xml:lang="FR">Registre National</xsd:documentation>
          <xsd:documentation xml:lang="NL">Rijksregister</xsd:documentation>
        </xsd:annotation>
      </xsd:pattern>
      <xsd:pattern value="[0-9][0-9](([2][0-9])|([3][0-2]))(([0-2][0-9])|([3][0-1]))[0-9]{3}(([0-8][0-9])|([9][0-7]))">
        <xsd:annotation>
          <xsd:documentation xml:lang="FR">Registre Bis : numero Bis</xsd:documentation>
          <xsd:documentation xml:lang="NL">Bis register : Bisnummer</xsd:documentation>
        </xsd:annotation>
      </xsd:pattern>
      <xsd:pattern value="[0-9][0-9](([4][0-9])|([5][0-2]))(([0-2][0-9])|([3][0-1]))[0-9]{3}(([0-8][0-9])|([9][0-7]))">
        <xsd:annotation>
          <xsd:documentation xml:lang="FR">Registre Bis : numero TER</xsd:documentation>
          <xsd:documentation xml:lang="NL">Bisregister : Ternummer</xsd:documentation>
        </xsd:annotation>
      </xsd:pattern>
    </xsd:restriction>
  </xsd:simpleType>
  <xsd:simpleType name="LegalContextType">
    <xsd:restriction base="xsd:string">
      <xsd:maxLength value="64"/>
    </xsd:restriction>
  </xsd:simpleType>
  <xsd:simpleType name="IntegrationContextType">
    <xsd:annotation>
      <xsd:documentation>deprecated type. Use InscriptionContextType instead in new XSDs</xsd:documentation>
    </xsd:annotation>
    <xsd:restriction base="xsd:string">
      <xsd:maxLength value="64"/>
    </xsd:restriction>
  </xsd:simpleType>
  <xsd:simpleType name="InscriptionContextType">
    <xsd:annotation>
      <xsd:documentation>The way in which an organization knows a person (textual equivalent of former numerical quality code)</xsd:documentation>
    </xsd:annotation>
    <xsd:restriction base="xsd:string">
      <xsd:maxLength value="64"/>
    </xsd:restriction>
  </xsd:simpleType>
  <xsd:simpleType name="SequenceNumberType">
    <xsd:restriction base="xsd:long">
      <xsd:minInclusive value="1"/>
      <xsd:totalDigits value="15"/>
    </xsd:restriction>
  </xsd:simpleType>
  <xsd:complexType name="InformationCBSSType">
    <xsd:annotation>
      <xsd:documentation>Information block from CBSS.</xsd:documentation>
    </xsd:annotation>
    <xsd:sequence>
      <xsd:element name="ticketCBSS" type="tns:UUIDType"/>
      <xsd:element name="timestampReceive" type="xsd:dateTime">
        <xsd:annotation>
          <xsd:documentation>Time request was received by CBSS.</xsd:documentation>
        </xsd:annotation>
      </xsd:element>
      <xsd:element name="timestampReply" type="xsd:dateTime">
        <xsd:annotation>
          <xsd:documentation>Time reply was sent by CBSS.</xsd:documentation>
        </xsd:annotation>
      </xsd:element>
    </xsd:sequence>
  </xsd:complexType>
  <xsd:complexType name="InformationCustomerType">
    <xsd:annotation>
      <xsd:documentation>Information block that can be used by the customer for diagnostic use.</xsd:documentation>
    </xsd:annotation>
    <xsd:sequence>
      <xsd:element name="ticket" type="tns:TicketType" minOccurs="0">
        <xsd:annotation>
          <xsd:documentation>Client can assign their own ticket reference for the request. Not mandatory.</xsd:documentation>
        </xsd:annotation>
      </xsd:element>
      <xsd:element name="timestampSent" type="xsd:dateTime" minOccurs="0">
        <xsd:annotation>
          <xsd:documentation>Timestamp when client sent request.</xsd:documentation>
        </xsd:annotation>
      </xsd:element>
      <xsd:element name="customerIdentification" type="tns:OrganizationIdentificationType"/>
    </xsd:sequence>
  </xsd:complexType>
  <xsd:complexType name="InformationSupplierType">
    <xsd:annotation>
      <xsd:documentation>Information block for supplier of a service</xsd:documentation>
    </xsd:annotation>
    <xsd:sequence>
      <xsd:element name="ticket" type="tns:TicketType" minOccurs="0">
        <xsd:annotation>
          <xsd:documentation>UUID generated by Customer or Supplier</xsd:documentation>
        </xsd:annotation>
      </xsd:element>
      <xsd:element name="timestampReceive" type="xsd:dateTime" minOccurs="0">
        <xsd:annotation>
          <xsd:documentation>Time of request</xsd:documentation>
        </xsd:annotation>
      </xsd:element>
      <xsd:element name="timestampReply" type="xsd:dateTime" minOccurs="0">
        <xsd:annotation>
          <xsd:documentation>Time of request</xsd:documentation>
        </xsd:annotation>
      </xsd:element>
      <xsd:element name="supplierIdentification" type="tns:OrganizationIdentificationType"/>
    </xsd:sequence>
  </xsd:complexType>
  <xsd:complexType name="InformationNotificationCBSSType">
    <xsd:annotation>
      <xsd:documentation>Deprecated type. Use SenderReceiverType in new batch XSDs. Information block for CBSS info when CBSS notifies partner</xsd:documentation>
    </xsd:annotation>
    <xsd:sequence>
      <xsd:element name="ticketCBSS" type="tns:UUIDType">
        <xsd:annotation>
          <xsd:documentation>UUID generated by Customer or Supplier</xsd:documentation>
        </xsd:annotation>
      </xsd:element>
      <xsd:element name="timestampSent" type="xsd:dateTime">
        <xsd:annotation>
          <xsd:documentation>Time of request</xsd:documentation>
        </xsd:annotation>
      </xsd:element>
    </xsd:sequence>
  </xsd:complexType>
  <xsd:complexType name="InformationNotifiedType">
    <xsd:annotation>
      <xsd:documentation>Deprecated type. Use SenderReceiverType in new batch XSDs. Information block for partner info when CBSS notifies partner</xsd:documentation>
    </xsd:annotation>
    <xsd:sequence>
      <xsd:element name="ticket" type="tns:TicketType" minOccurs="0"/>
      <xsd:element name="timestampReply" type="xsd:dateTime" minOccurs="0"/>
      <xsd:element name="notifiedIdentification" type="tns:OrganizationIdentificationType"/>
    </xsd:sequence>
  </xsd:complexType>
  <xsd:complexType name="InformationCBSSBatchType">
    <xsd:annotation>
      <xsd:documentation>Deprecated type. Use SenderReceiverType in new batch XSDs</xsd:documentation>
    </xsd:annotation>
    <xsd:sequence>
      <xsd:element name="fileId" type="xsd:unsignedLong"/>
      <xsd:element name="fileCreationTimestamp" type="xsd:dateTime"/>
    </xsd:sequence>
  </xsd:complexType>
  <xsd:complexType name="SenderReceiverType">
    <xsd:annotation>
      <xsd:documentation>Information block containing info about the sender or receiver of a message.</xsd:documentation>
    </xsd:annotation>
    <xsd:sequence>
      <xsd:element name="ticket" type="tns:TicketType" minOccurs="0">
        <xsd:annotation>
          <xsd:documentation>The partner can assign a ticket reference to the message. Not mandatory.</xsd:documentation>
        </xsd:annotation>
      </xsd:element>
      <xsd:element name="timestampSent" type="xsd:dateTime" minOccurs="0">
        <xsd:annotation>
          <xsd:documentation>Timestamp when message was sent. In the receiver block of response messages the timestampSent is the timestamp when the request was created by the organization that receives the response.</xsd:documentation>
        </xsd:annotation>
      </xsd:element>
      <xsd:element name="organizationIdentification" type="tns:OrganizationIdentificationType"/>
    </xsd:sequence>
  </xsd:complexType>
  <xsd:complexType name="OrganizationIdentificationType">
    <xsd:choice>
      <xsd:element name="cbeNumber" type="tns:CbeNumberType"/>
      <xsd:sequence>
        <xsd:element name="sector">
          <xsd:simpleType>
            <xsd:restriction base="xsd:unsignedShort">
              <xsd:maxInclusive value="999"/>
            </xsd:restriction>
          </xsd:simpleType>
        </xsd:element>
        <xsd:element name="institution">
          <xsd:simpleType>
            <xsd:restriction base="xsd:unsignedShort">
              <xsd:maxInclusive value="999"/>
            </xsd:restriction>
          </xsd:simpleType>
        </xsd:element>
      </xsd:sequence>
    </xsd:choice>
  </xsd:complexType>
  <xsd:complexType name="OpenPeriodType">
    <xsd:annotation>
      <xsd:documentation>Period containining a begin date and an optional end date.</xsd:documentation>
    </xsd:annotation>
    <xsd:sequence>
      <xsd:element name="beginDate" type="xsd:date"/>
      <xsd:element name="endDate" type="xsd:date" minOccurs="0"/>
    </xsd:sequence>
  </xsd:complexType>
  <xsd:complexType name="PeriodType">
    <xsd:annotation>
      <xsd:documentation>Period containining a begin date and an end date.</xsd:documentation>
    </xsd:annotation>
    <xsd:sequence>
      <xsd:element name="beginDate" type="xsd:date"/>
      <xsd:element name="endDate" type="xsd:date"/>
    </xsd:sequence>
  </xsd:complexType>
  <xsd:simpleType name="IncompleteDateType">
    <xsd:annotation>
      <xsd:documentation>A possibly incomplete date. Format yyyy-mm-dd, yyyy-mm-00 or yyyy-00-00</xsd:documentation>
    </xsd:annotation>
    <xsd:restriction base="xsd:string">
      <xsd:length value="10"/>
      <xsd:whiteSpace value="collapse"/>
      <xsd:pattern value="[0-2][0-9]{3}\-[0-1][0-9]\-[0-3][0-9]"/>
    </xsd:restriction>
  </xsd:simpleType>
  <xsd:simpleType name="DescriptionType">
    <xsd:restriction base="xsd:string">
      <xsd:maxLength value="100"/>
    </xsd:restriction>
  </xsd:simpleType>
  <xsd:simpleType name="LanguageType">
    <xsd:annotation>
      <xsd:documentation>Type specifying the language of a given value</xsd:documentation>
    </xsd:annotation>
    <xsd:restriction base="xsd:string">
      <xsd:enumeration value="NL"/>
      <xsd:enumeration value="FR"/>
      <xsd:enumeration value="DE"/>
    </xsd:restriction>
  </xsd:simpleType>
  <!--Errors and warnings structures-->
  <xsd:group name="BusinessAnomaliesContentFragment">
    <xsd:annotation>
      <xsd:documentation>Structure reporting business errors to the consumer</xsd:documentation>
    </xsd:annotation>
    <xsd:sequence>
      <xsd:element name="businessAnomalies" type="tns:BusinessAnomaliesType" minOccurs="0"/>
    </xsd:sequence>
  </xsd:group>
  <xsd:complexType name="BusinessAnomaliesType">
    <xsd:annotation>
      <xsd:documentation>Type defining the structure of the part of the response containing business Faults</xsd:documentation>
    </xsd:annotation>
    <xsd:sequence>
      <xsd:element name="businessAnomaly" type="tns:BusinessAnomalyType" maxOccurs="25"/>
    </xsd:sequence>
  </xsd:complexType>
  <xsd:complexType name="BusinessAnomalyType">
    <xsd:annotation>
      <xsd:documentation>Type defining the structure of one business Faults</xsd:documentation>
    </xsd:annotation>
    <xsd:sequence>
      <xsd:element name="code" type="xsd:string">
        <xsd:annotation>
          <xsd:documentation>Unique code referring to a description of this Fault</xsd:documentation>
        </xsd:annotation>
      </xsd:element>
      <xsd:element name="severity" type="tns:SeverityType"/>
      <xsd:element name="description">
        <xsd:annotation>
          <xsd:documentation>Some description of this Fault</xsd:documentation>
        </xsd:annotation>
        <xsd:simpleType>
          <xsd:restriction base="xsd:string">
            <xsd:maxLength value="256"/>
          </xsd:restriction>
        </xsd:simpleType>
      </xsd:element>
      <xsd:element name="information" type="tns:InformationType" minOccurs="0" maxOccurs="15"/>
    </xsd:sequence>
  </xsd:complexType>
  <xsd:complexType name="CBSSFaultType">
    <xsd:sequence>
      <xsd:element name="informationCustomer" type="tns:InformationCustomerType" minOccurs="0"/>
      <xsd:element name="informationCBSS" type="tns:InformationCBSSType"/>
      <xsd:element name="detail" type="tns:MessageType" maxOccurs="30"/>
    </xsd:sequence>
  </xsd:complexType>
  <xsd:complexType name="MessageType">
    <xsd:sequence>
      <xsd:element name="severity" type="tns:SeverityType"/>
      <xsd:element name="reasonCode">
        <xsd:simpleType>
          <xsd:restriction base="xsd:string">
            <xsd:maxLength value="16"/>
          </xsd:restriction>
        </xsd:simpleType>
      </xsd:element>
      <xsd:element name="diagnostic">
        <xsd:simpleType>
          <xsd:restriction base="xsd:string">
            <xsd:maxLength value="256"/>
          </xsd:restriction>
        </xsd:simpleType>
      </xsd:element>
      <xsd:element name="authorCode">
        <xsd:simpleType>
          <xsd:restriction base="xsd:string">
            <xsd:maxLength value="64"/>
          </xsd:restriction>
        </xsd:simpleType>
      </xsd:element>
      <xsd:element name="information" type="tns:InformationType" minOccurs="0" maxOccurs="15"/>
    </xsd:sequence>
  </xsd:complexType>
  <xsd:complexType name="InformationType">
    <xsd:sequence>
      <xsd:element name="fieldName">
        <xsd:simpleType>
          <xsd:restriction base="xsd:string">
            <xsd:maxLength value="64"/>
          </xsd:restriction>
        </xsd:simpleType>
      </xsd:element>
      <xsd:element name="fieldValue" minOccurs="0">
        <xsd:simpleType>
          <xsd:restriction base="xsd:string">
            <xsd:maxLength value="256"/>
          </xsd:restriction>
        </xsd:simpleType>
      </xsd:element>
    </xsd:sequence>
  </xsd:complexType>
  <!--Base types for most common request/response format for consultation type operations. Can be used to define request and response types with extension type inheritance. Don't use if it doesn't fit the requirements.-->
  <xsd:complexType name="BaseRequestType" abstract="true">
    <xsd:annotation>
      <xsd:documentation>Type defining the base structure for all service requests</xsd:documentation>
    </xsd:annotation>
    <xsd:sequence>
      <xsd:element name="informationCustomer" type="tns:InformationCustomerType"/>
      <xsd:element name="informationCBSS" type="tns:InformationCBSSType" minOccurs="0"/>
      <xsd:element name="legalContext" type="tns:LegalContextType">
        <xsd:annotation>
          <xsd:documentation>legal context under which the request was made</xsd:documentation>
        </xsd:annotation>
      </xsd:element>
    </xsd:sequence>
  </xsd:complexType>
  <xsd:complexType name="BaseResponseType" abstract="true">
    <xsd:annotation>
      <xsd:documentation>Type defining the base structure for all service responses</xsd:documentation>
    </xsd:annotation>
    <xsd:sequence>
      <xsd:element name="informationCustomer" type="tns:InformationCustomerType"/>
      <xsd:element name="informationCBSS" type="tns:InformationCBSSType"/>
      <xsd:element name="legalContext" type="tns:LegalContextType"/>
    </xsd:sequence>
  </xsd:complexType>
  <!--Commonly used status type for consultation type operations. Define another if it doesn't fit requirements.-->
  <xsd:complexType name="StatusType">
    <xsd:sequence>
      <xsd:element name="value">
        <xsd:annotation>
          <xsd:documentation>global status of the result</xsd:documentation>
        </xsd:annotation>
        <xsd:simpleType>
          <xsd:restriction base="xsd:string">
            <xsd:enumeration value="DATA_FOUND"/>
            <xsd:enumeration value="NO_DATA_FOUND"/>
            <xsd:enumeration value="NO_RESULT"/>
          </xsd:restriction>
        </xsd:simpleType>
      </xsd:element>
      <xsd:element name="code">
        <xsd:annotation>
          <xsd:documentation>the code of the status</xsd:documentation>
        </xsd:annotation>
        <xsd:simpleType>
          <xsd:restriction base="xsd:string">
            <xsd:maxLength value="16"/>
          </xsd:restriction>
        </xsd:simpleType>
      </xsd:element>
      <xsd:element name="description" minOccurs="0">
        <xsd:annotation>
          <xsd:documentation>the description of the status</xsd:documentation>
        </xsd:annotation>
        <xsd:simpleType>
          <xsd:restriction base="xsd:string">
            <xsd:maxLength value="256"/>
          </xsd:restriction>
        </xsd:simpleType>
      </xsd:element>
      <xsd:element name="information" type="tns:InformationType" minOccurs="0" maxOccurs="15"/>
    </xsd:sequence>
  </xsd:complexType>
  <xsd:simpleType name="EuroPositiveAmountType">
    <xsd:restriction base="xsd:decimal">
      <xsd:fractionDigits value="2"/>
      <xsd:maxExclusive value="1000000000000000"/>
    </xsd:restriction>
  </xsd:simpleType>
  <xsd:simpleType name="EuroAmountType">
    <xsd:restriction base="xsd:decimal">
      <xsd:fractionDigits value="2"/>
      <xsd:maxExclusive value="1000000000000000"/>
      <xsd:minExclusive value="-1000000000000000"/>
    </xsd:restriction>
  </xsd:simpleType>
  <xsd:simpleType name="EurocentPositiveAmountType">
    <xsd:restriction base="xsd:unsignedLong">
      <xsd:maxExclusive value="100000000000000000"/>
    </xsd:restriction>
  </xsd:simpleType>
  <xsd:simpleType name="EurocentAmountType">
    <xsd:restriction base="xsd:long">
      <xsd:minExclusive value="-100000000000000000"/>
      <xsd:maxExclusive value="100000000000000000"/>
    </xsd:restriction>
  </xsd:simpleType>
</xsd:schema>]]></con:content><con:type>http://www.w3.org/2001/XMLSchema</con:type></con:part></con:definitionCache><con:endpoints>
      
    <con:endpoint>https://192.168.22.53:8443/services/EnterpriseSocialDebtService_v1.0</con:endpoint><con:endpoint>https://192.168.22.54:8443/services/EnterpriseSocialDebtService_v1.0</con:endpoint><con:endpoint>https://192.168.24.16:8443/services/EnterpriseSocialDebtService_v1.0</con:endpoint><con:endpoint>https://192.168.24.17:8443/services/EnterpriseSocialDebtService_v1.0</con:endpoint><con:endpoint>https://192.168.26.19:8443/services/EnterpriseSocialDebtService_v1.0</con:endpoint><con:endpoint>https://192.168.26.22:8443/services/EnterpriseSocialDebtService_v1.0</con:endpoint><con:endpoint>https://192.168.36.61:8243/services/EnterpriseSocialDebtService_v1.0</con:endpoint><con:endpoint>https://esb-security-gw.sta.srv.cirb.lan:8443/services/EnterpriseSocialDebtService_v1.0</con:endpoint><con:endpoint>https://fidus-esb-sg.prd.srv.cirb.lan:8443/services/EnterpriseSocialDebtService_v1.0</con:endpoint><con:endpoint>https://fidus-esb-sg.sta.srv.cirb.lan:8443/services/EnterpriseSocialDebtService_v1.0</con:endpoint><con:endpoint>https://fidus-test.irisnetlab.be/services/EnterpriseSocialDebtService_v1.0</con:endpoint><con:endpoint>https://fidus.irisnetlab.be/services/EnterpriseSocialDebtService_v1.0</con:endpoint><con:endpoint>https://fidus.sec.brussels/services/EnterpriseSocialDebtService_v1.0</con:endpoint><con:endpoint>https://localhost:8243/services/EnterpriseSocialDebtService_v1.0</con:endpoint></con:endpoints>
    <con:operation isOneWay="false" action="http://fidus.brussels/services/enterprisesocialdebtservice/consultSocialDebt" name="consultSocialDebt" bindingOperationName="consultSocialDebt" type="Request-Response" inputName="" receivesAttachments="false" sendsAttachments="false" anonymous="optional" id="05d88c81-f948-48d7-89a1-c13fb8741c3a">
      <con:settings/>
      <con:call name="1 - Local - Request 1" outgoingWss="Outflow DEV" incomingWss="Inflow DEV" useWsAddressing="false" id="19be0677-5b82-484d-9afb-d10784fac509">
        <con:settings>
          <con:setting id="com.eviware.soapui.impl.wsdl.WsdlRequest@request-headers">&lt;xml-fragment/></con:setting>
        </con:settings>
        <con:encoding>UTF-8</con:encoding>
        <con:endpoint>https://localhost:8243/services/EnterpriseSocialDebtService_v1.0</con:endpoint>
        <con:request><![CDATA[<soapenv:Envelope xmlns:soapenv="http://schemas.xmlsoap.org/soap/envelope/" xmlns:v1="http://fidus.brussels/service/enterprisesocialdebtservice/messages/v1" xmlns:v11="http://fidus.brussels/type/common/messages/v1">
   <soapenv:Header/>
   <soapenv:Body>
      <v1:consultSocialDebtRequest>
         <v1:messageContext>
            <v11:messageId>${=import static java.util.UUID.randomUUID; uuid = randomUUID() as String}</v11:messageId>
            <v11:timestamp>${=new java.text.SimpleDateFormat("yyyy-MM-dd'T'HH:mm:ss.SSS").format(new Date())}</v11:timestamp>
         </v1:messageContext>
         <v1:legalContext>ServiceIntegrator</v1:legalContext>
         <v1:request>
            <searchCriteria>
               <cbeNumber>0837834530</cbeNumber>
               <requestingOrganisationNumber>0316381039</requestingOrganisationNumber>
               <!--Optional:-->
               <requestingBusinessUnitNumber>2143349018</requestingBusinessUnitNumber>
            </searchCriteria>
         </v1:request>
      </v1:consultSocialDebtRequest>
   </soapenv:Body>
</soapenv:Envelope>]]></con:request>
        <con:credentials>
          <con:selectedAuthProfile>Basic</con:selectedAuthProfile><con:addedBasicAuthenticationTypes>Basic</con:addedBasicAuthenticationTypes><con:authType>Global HTTP Settings</con:authType>
        </con:credentials>
        <con:jmsConfig JMSDeliveryMode="PERSISTENT"/>
        <con:jmsPropertyConfig/>
        <con:wsaConfig mustUnderstand="NONE" version="200508" action="http://fidus.brussels/services/household/getHouseHold"/>
        <con:wsrmConfig version="1.2"/>
      </con:call>
      
      <con:call name="3 - Test - External - Request" outgoingWss="Outflow TEST" incomingWss="Inflow TEST" id="ed3d1eb5-d306-432b-91a6-c817a03b0767">
        <con:settings>
          <con:setting id="com.eviware.soapui.impl.wsdl.WsdlRequest@request-headers">&lt;xml-fragment/></con:setting>
        </con:settings>
        <con:encoding>UTF-8</con:encoding>
        <con:endpoint>https://fidus-test.irisnetlab.be/services/EnterpriseSocialDebtService_v1.0</con:endpoint>
        <con:request><![CDATA[<soapenv:Envelope xmlns:soapenv="http://schemas.xmlsoap.org/soap/envelope/" xmlns:v1="http://fidus.brussels/service/household/messages/v1" xmlns:v11="http://fidus.brussels/type/common/messages/v1">
   <soapenv:Header/>
   <soapenv:Body>
      <v12:consultSocialDebtRequest xmlns:v12="http://fidus.brussels/service/enterprisesocialdebtservice/messages/v1">
         <v12:messageContext>
            <v11:messageId>${=import static java.util.UUID.randomUUID; uuid = randomUUID() as String}</v11:messageId>
            <v11:timestamp>${=new java.text.SimpleDateFormat("yyyy-MM-dd'T'HH:mm:ss.SSS").format(new Date())}</v11:timestamp>
         </v12:messageContext>
         <v12:legalContext>ServiceVoucher</v12:legalContext>
         <v12:request>
            <searchCriteria>
               <cbeNumber>0480260856</cbeNumber>
               <requestingOrganisationNumber>0316381039</requestingOrganisationNumber>
            </searchCriteria>
         </v12:request>
      </v12:consultSocialDebtRequest>
   </soapenv:Body>
</soapenv:Envelope>]]></con:request>
        <con:credentials>
          <con:selectedAuthProfile>Basic</con:selectedAuthProfile><con:addedBasicAuthenticationTypes>Basic</con:addedBasicAuthenticationTypes><con:authType>Global HTTP Settings</con:authType>
        </con:credentials>
        <con:jmsConfig JMSDeliveryMode="PERSISTENT"/>
        <con:jmsPropertyConfig/>
        <con:wsaConfig mustUnderstand="NONE" version="200508" action="http://fidus.brussels/services/household/getHouseHold"/>
        <con:wsrmConfig version="1.2"/>
      </con:call>
      <con:call name="3 - Test - LB - Request" outgoingWss="Outflow TEST" incomingWss="Inflow TEST" id="ff0700d8-5416-4544-91af-743c4a1b3c90">
        <con:settings>
          <con:setting id="com.eviware.soapui.impl.wsdl.WsdlRequest@request-headers">&lt;xml-fragment/></con:setting>
        </con:settings>
        <con:encoding>UTF-8</con:encoding>
        <con:endpoint>https://esb-security-gw.sta.srv.cirb.lan:8443/services/EnterpriseSocialDebtService_v1.0</con:endpoint>
        <con:request><![CDATA[<soapenv:Envelope xmlns:soapenv="http://schemas.xmlsoap.org/soap/envelope/" xmlns:v1="http://fidus.brussels/service/household/messages/v1" xmlns:v11="http://fidus.brussels/type/common/messages/v1">
   <soapenv:Header/>
   <soapenv:Body>
      <v12:consultSocialDebtRequest xmlns:v12="http://fidus.brussels/service/enterprisesocialdebtservice/messages/v1">
         <v12:messageContext>
            <v11:messageId>${=import static java.util.UUID.randomUUID; uuid = randomUUID() as String}</v11:messageId>
            <v11:timestamp>${=new java.text.SimpleDateFormat("yyyy-MM-dd'T'HH:mm:ss.SSS").format(new Date())}</v11:timestamp>
         </v12:messageContext>
         <v12:legalContext>ServiceVoucher</v12:legalContext>
         <v12:request>
            <searchCriteria>
               <cbeNumber>0480260856</cbeNumber>
               <requestingOrganisationNumber>0316381039</requestingOrganisationNumber>
            </searchCriteria>
         </v12:request>
      </v12:consultSocialDebtRequest>
   </soapenv:Body>
</soapenv:Envelope>]]></con:request>
        <con:credentials>
          <con:selectedAuthProfile>Basic</con:selectedAuthProfile><con:addedBasicAuthenticationTypes>Basic</con:addedBasicAuthenticationTypes><con:authType>Global HTTP Settings</con:authType>
        </con:credentials>
        <con:jmsConfig JMSDeliveryMode="PERSISTENT"/>
        <con:jmsPropertyConfig/>
        <con:wsaConfig mustUnderstand="NONE" version="200508" action="http://fidus.brussels/services/household/getHouseHold"/>
        <con:wsrmConfig version="1.2"/>
      </con:call>
      <con:call name="3 - Test - Worker1 - Request" outgoingWss="Outflow TEST" incomingWss="Inflow TEST" id="4faeecdb-d5a2-410c-aa25-1e741b4c0536">
        <con:settings>
          <con:setting id="com.eviware.soapui.impl.wsdl.WsdlRequest@request-headers">&lt;xml-fragment/></con:setting>
        </con:settings>
        <con:encoding>UTF-8</con:encoding>
        <con:endpoint>https://192.168.22.53:8443/services/EnterpriseSocialDebtService_v1.0</con:endpoint>
        <con:request><![CDATA[<soapenv:Envelope xmlns:soapenv="http://schemas.xmlsoap.org/soap/envelope/" xmlns:v1="http://fidus.brussels/service/household/messages/v1" xmlns:v11="http://fidus.brussels/type/common/messages/v1">
   <soapenv:Header/>
   <soapenv:Body>
      <v12:consultSocialDebtRequest xmlns:v12="http://fidus.brussels/service/enterprisesocialdebtservice/messages/v1">
         <v12:messageContext>
            <v11:messageId>${=import static java.util.UUID.randomUUID; uuid = randomUUID() as String}</v11:messageId>
            <v11:timestamp>${=new java.text.SimpleDateFormat("yyyy-MM-dd'T'HH:mm:ss.SSS").format(new Date())}</v11:timestamp>
         </v12:messageContext>
         <v12:legalContext>ServiceVoucher</v12:legalContext>
         <v12:request>
            <searchCriteria>
               <cbeNumber>0480260856</cbeNumber>
               <requestingOrganisationNumber>0316381039</requestingOrganisationNumber>
            </searchCriteria>
         </v12:request>
      </v12:consultSocialDebtRequest>
   </soapenv:Body>
</soapenv:Envelope>]]></con:request>
        <con:credentials>
          <con:selectedAuthProfile>Basic</con:selectedAuthProfile><con:addedBasicAuthenticationTypes>Basic</con:addedBasicAuthenticationTypes><con:authType>Global HTTP Settings</con:authType>
        </con:credentials>
        <con:jmsConfig JMSDeliveryMode="PERSISTENT"/>
        <con:jmsPropertyConfig/>
        <con:wsaConfig mustUnderstand="NONE" version="200508" action="http://fidus.brussels/services/household/getHouseHold"/>
        <con:wsrmConfig version="1.2"/>
      </con:call>
      <con:call name="3 - Test - Worker2 - Request" outgoingWss="Outflow TEST" incomingWss="Inflow TEST" id="81b807f8-b7f5-43e5-a219-b28ab15faac9">
        <con:settings>
          <con:setting id="com.eviware.soapui.impl.wsdl.WsdlRequest@request-headers">&lt;xml-fragment/></con:setting>
        </con:settings>
        <con:encoding>UTF-8</con:encoding>
        <con:endpoint>https://192.168.22.54:8443/services/EnterpriseSocialDebtService_v1.0</con:endpoint>
        <con:request><![CDATA[<soapenv:Envelope xmlns:soapenv="http://schemas.xmlsoap.org/soap/envelope/" xmlns:v1="http://fidus.brussels/service/household/messages/v1" xmlns:v11="http://fidus.brussels/type/common/messages/v1">
   <soapenv:Header/>
   <soapenv:Body>
      <v12:consultSocialDebtRequest xmlns:v12="http://fidus.brussels/service/enterprisesocialdebtservice/messages/v1">
         <v12:messageContext>
            <v11:messageId>${=import static java.util.UUID.randomUUID; uuid = randomUUID() as String}</v11:messageId>
            <v11:timestamp>${=new java.text.SimpleDateFormat("yyyy-MM-dd'T'HH:mm:ss.SSS").format(new Date())}</v11:timestamp>
         </v12:messageContext>
         <v12:legalContext>ServiceVoucher</v12:legalContext>
         <v12:request>
            <searchCriteria>
               <cbeNumber>0480260856</cbeNumber>
               <requestingOrganisationNumber>0316381039</requestingOrganisationNumber>
            </searchCriteria>
         </v12:request>
      </v12:consultSocialDebtRequest>
   </soapenv:Body>
</soapenv:Envelope>]]></con:request>
        <con:credentials>
          <con:selectedAuthProfile>Basic</con:selectedAuthProfile><con:addedBasicAuthenticationTypes>Basic</con:addedBasicAuthenticationTypes><con:authType>Global HTTP Settings</con:authType>
        </con:credentials>
        <con:jmsConfig JMSDeliveryMode="PERSISTENT"/>
        <con:jmsPropertyConfig/>
        <con:wsaConfig mustUnderstand="NONE" version="200508" action="http://fidus.brussels/services/household/getHouseHold"/>
        <con:wsrmConfig version="1.2"/>
      </con:call>
      
      
      
      
      
      
      
      
    <con:call id="fa644eee-51c9-4c1d-88f7-cc6b86735c05" name="1 - Local - Request 2" outgoingWss="Outflow DEV" incomingWss="Inflow DEV"><con:settings><con:setting id="com.eviware.soapui.impl.wsdl.WsdlRequest@request-headers">&lt;xml-fragment/></con:setting></con:settings><con:encoding>UTF-8</con:encoding><con:endpoint>https://localhost:8243/services/EnterpriseSocialDebtService_v1.0</con:endpoint><con:request><![CDATA[<soapenv:Envelope xmlns:soapenv="http://schemas.xmlsoap.org/soap/envelope/" xmlns:v1="http://fidus.brussels/service/enterprisesocialdebtservice/messages/v1" xmlns:v11="http://fidus.brussels/type/common/messages/v1">
   <soapenv:Header/>
   <soapenv:Body>
      <v1:consultSocialDebtRequest>
         <v1:messageContext>
            <v11:messageId>${=import static java.util.UUID.randomUUID; uuid = randomUUID() as String}</v11:messageId>
            <v11:timestamp>${=new java.text.SimpleDateFormat("yyyy-MM-dd'T'HH:mm:ss.SSS").format(new Date())}</v11:timestamp>
         </v1:messageContext>
         <v1:legalContext>ServiceIntegrator</v1:legalContext>
         <v1:request>
            <searchCriteria>
               <cbeNumber>0480260856</cbeNumber>
               <requestingOrganisationNumber>0316381039</requestingOrganisationNumber>
               <!--Optional:-->
               <requestingBusinessUnitNumber>2143349018</requestingBusinessUnitNumber>
            </searchCriteria>
         </v1:request>
      </v1:consultSocialDebtRequest>
   </soapenv:Body>
</soapenv:Envelope>]]></con:request><con:credentials><con:selectedAuthProfile>Basic</con:selectedAuthProfile><con:addedBasicAuthenticationTypes>Basic</con:addedBasicAuthenticationTypes><con:authType>Global HTTP Settings</con:authType></con:credentials><con:jmsConfig JMSDeliveryMode="PERSISTENT"/><con:jmsPropertyConfig/><con:wsaConfig mustUnderstand="NONE" version="200508" action="http://fidus.brussels/services/enterprisesocialdebtservice/consultSocialDebt"/><con:wsrmConfig version="1.2"/></con:call><con:call id="99f23333-907c-4d18-84cc-c5b9f3312a8d" name="4 - Staging - External - Request" outgoingWss="Outflow STAG"><con:settings><con:setting id="com.eviware.soapui.impl.wsdl.WsdlRequest@request-headers">&lt;xml-fragment/></con:setting></con:settings><con:encoding>UTF-8</con:encoding><con:endpoint>https://fidus.irisnetlab.be/services/EnterpriseSocialDebtService_v1.0</con:endpoint><con:request><![CDATA[<soapenv:Envelope xmlns:soapenv="http://schemas.xmlsoap.org/soap/envelope/" xmlns:v1="http://fidus.brussels/service/enterprisesocialdebtservice/messages/v1" xmlns:v11="http://fidus.brussels/type/common/messages/v1">
   <soapenv:Header/>
   <soapenv:Body>
      <v1:consultSocialDebtRequest>
         <v1:messageContext>
            <v11:messageId>${=import static java.util.UUID.randomUUID; uuid = randomUUID() as String}</v11:messageId>
            <v11:timestamp>${=new java.text.SimpleDateFormat("yyyy-MM-dd'T'HH:mm:ss.SSS").format(new Date())}</v11:timestamp>
         </v1:messageContext>
         <v1:legalContext>ServiceVoucher</v1:legalContext>
         <v1:request>
            <searchCriteria>
               <cbeNumber>0837834530</cbeNumber>
               <requestingOrganisationNumber>0316381039</requestingOrganisationNumber>
               <!--Optional:-->
               <requestingBusinessUnitNumber>2143349018</requestingBusinessUnitNumber>
            </searchCriteria>
         </v1:request>
      </v1:consultSocialDebtRequest>
   </soapenv:Body>
</soapenv:Envelope>]]></con:request><con:credentials><con:selectedAuthProfile>Basic</con:selectedAuthProfile><con:addedBasicAuthenticationTypes>Basic</con:addedBasicAuthenticationTypes><con:authType>Global HTTP Settings</con:authType></con:credentials><con:jmsConfig JMSDeliveryMode="PERSISTENT"/><con:jmsPropertyConfig/><con:wsaConfig mustUnderstand="NONE" version="200508" action="http://fidus.brussels/services/enterprisesocialdebtservice/consultSocialDebt"/><con:wsrmConfig version="1.2"/></con:call><con:call id="ca4ee618-b33d-487e-b581-762ce8f9775f" name="2 - Dev - Request 1"><con:settings><con:setting id="com.eviware.soapui.impl.wsdl.WsdlRequest@request-headers">&lt;xml-fragment/></con:setting></con:settings><con:encoding>UTF-8</con:encoding><con:endpoint>https://192.168.36.61:8243/services/EnterpriseSocialDebtService_v1.0</con:endpoint><con:request><![CDATA[<soapenv:Envelope xmlns:soapenv="http://schemas.xmlsoap.org/soap/envelope/" xmlns:v1="http://fidus.brussels/service/enterprisesocialdebtservice/messages/v1" xmlns:v11="http://fidus.brussels/type/common/messages/v1">
   <soapenv:Header/>
   <soapenv:Body>
      <v1:consultSocialDebtRequest>
         <v1:messageContext>
            <v11:messageId>${=import static java.util.UUID.randomUUID; uuid = randomUUID() as String}</v11:messageId>
            <v11:timestamp>${=new java.text.SimpleDateFormat("yyyy-MM-dd'T'HH:mm:ss.SSS").format(new Date())}</v11:timestamp>
         </v1:messageContext>
         <v1:legalContext>ServiceIntegrator</v1:legalContext>
         <v1:request>
            <searchCriteria>
               <cbeNumber>0837834530</cbeNumber>
               <requestingOrganisationNumber>0316381039</requestingOrganisationNumber>
               <!--Optional:-->
               <requestingBusinessUnitNumber>2143349018</requestingBusinessUnitNumber>
            </searchCriteria>
         </v1:request>
      </v1:consultSocialDebtRequest>
   </soapenv:Body>
</soapenv:Envelope>]]></con:request><con:credentials>
          <con:selectedAuthProfile>Basic</con:selectedAuthProfile><con:addedBasicAuthenticationTypes>Basic</con:addedBasicAuthenticationTypes><con:authType>Global HTTP Settings</con:authType>
        </con:credentials><con:jmsConfig JMSDeliveryMode="PERSISTENT"/><con:jmsPropertyConfig/><con:wsaConfig mustUnderstand="NONE" version="200508" action="http://fidus.brussels/services/enterprisesocialdebtservice/consultSocialDebt"/><con:wsrmConfig version="1.2"/></con:call><con:call id="d148eddb-eebd-4bc2-9432-05c9dfb781ec" name="2 - Dev - Request 2"><con:settings><con:setting id="com.eviware.soapui.impl.wsdl.WsdlRequest@request-headers">&lt;xml-fragment/></con:setting></con:settings><con:encoding>UTF-8</con:encoding><con:endpoint>https://192.168.36.61:8243/services/EnterpriseSocialDebtService_v1.0</con:endpoint><con:request><![CDATA[<soapenv:Envelope xmlns:soapenv="http://schemas.xmlsoap.org/soap/envelope/" xmlns:v1="http://fidus.brussels/service/enterprisesocialdebtservice/messages/v1" xmlns:v11="http://fidus.brussels/type/common/messages/v1">
   <soapenv:Header/>
   <soapenv:Body>
      <v1:consultSocialDebtRequest>
         <v1:messageContext>
            <v11:messageId>${=import static java.util.UUID.randomUUID; uuid = randomUUID() as String}</v11:messageId>
            <v11:timestamp>${=new java.text.SimpleDateFormat("yyyy-MM-dd'T'HH:mm:ss.SSS").format(new Date())}</v11:timestamp>
         </v1:messageContext>
         <v1:legalContext>ServiceIntegrator</v1:legalContext>
         <v1:request>
            <searchCriteria>
               <cbeNumber>0480260856</cbeNumber>
               <requestingOrganisationNumber>0316381039</requestingOrganisationNumber>
               <!--Optional:-->
               <requestingBusinessUnitNumber>2143349018</requestingBusinessUnitNumber>
            </searchCriteria>
         </v1:request>
      </v1:consultSocialDebtRequest>
   </soapenv:Body>
</soapenv:Envelope>]]></con:request><con:credentials>
          <con:selectedAuthProfile>Basic</con:selectedAuthProfile><con:addedBasicAuthenticationTypes>Basic</con:addedBasicAuthenticationTypes><con:authType>Global HTTP Settings</con:authType>
        </con:credentials><con:jmsConfig JMSDeliveryMode="PERSISTENT"/><con:jmsPropertyConfig/><con:wsaConfig mustUnderstand="NONE" version="200508" action="http://fidus.brussels/services/enterprisesocialdebtservice/consultSocialDebt"/><con:wsrmConfig version="1.2"/></con:call><con:call id="f9918c3a-c603-48e8-b8a8-f499bc4b4690" name="4 - Staging - LB - Request" outgoingWss="Outflow STAG"><con:settings><con:setting id="com.eviware.soapui.impl.wsdl.WsdlRequest@request-headers">&lt;xml-fragment/></con:setting></con:settings><con:encoding>UTF-8</con:encoding><con:endpoint>https://fidus-esb-sg.sta.srv.cirb.lan:8443/services/EnterpriseSocialDebtService_v1.0</con:endpoint><con:request><![CDATA[<soapenv:Envelope xmlns:soapenv="http://schemas.xmlsoap.org/soap/envelope/" xmlns:v1="http://fidus.brussels/service/household/messages/v1" xmlns:v11="http://fidus.brussels/type/common/messages/v1">
   <soapenv:Header/>
   <soapenv:Body>
      <v12:consultSocialDebtRequest xmlns:v12="http://fidus.brussels/service/enterprisesocialdebtservice/messages/v1">
         <v12:messageContext>
            <v11:messageId>${=import static java.util.UUID.randomUUID; uuid = randomUUID() as String}</v11:messageId>
            <v11:timestamp>${=new java.text.SimpleDateFormat("yyyy-MM-dd'T'HH:mm:ss.SSS").format(new Date())}</v11:timestamp>
         </v12:messageContext>
         <v12:legalContext>ServiceVoucher</v12:legalContext>
         <v12:request>
            <searchCriteria>
               <cbeNumber>0837834530</cbeNumber>
               <requestingOrganisationNumber>0316381039</requestingOrganisationNumber>
               <!--Optional:-->
               <requestingBusinessUnitNumber>2143349018</requestingBusinessUnitNumber>
            </searchCriteria>
         </v12:request>
      </v12:consultSocialDebtRequest>
   </soapenv:Body>
</soapenv:Envelope>]]></con:request><con:credentials>
          <con:selectedAuthProfile>Basic</con:selectedAuthProfile><con:addedBasicAuthenticationTypes>Basic</con:addedBasicAuthenticationTypes><con:authType>Global HTTP Settings</con:authType>
        </con:credentials><con:jmsConfig JMSDeliveryMode="PERSISTENT"/><con:jmsPropertyConfig/><con:wsaConfig mustUnderstand="NONE" version="200508" action="http://fidus.brussels/services/enterprisesocialdebtservice/consultSocialDebt"/><con:wsrmConfig version="1.2"/></con:call><con:call id="86bb1438-ab47-43f5-8915-db23aacaa92e" name="4 - Staging - Worker1 - Request" outgoingWss="Outflow STAG"><con:settings><con:setting id="com.eviware.soapui.impl.wsdl.WsdlRequest@request-headers">&lt;xml-fragment/></con:setting></con:settings><con:encoding>UTF-8</con:encoding><con:endpoint>https://192.168.24.16:8443/services/EnterpriseSocialDebtService_v1.0</con:endpoint><con:request><![CDATA[<soapenv:Envelope xmlns:soapenv="http://schemas.xmlsoap.org/soap/envelope/" xmlns:v1="http://fidus.brussels/service/enterprisesocialdebtservice/messages/v1" xmlns:v11="http://fidus.brussels/type/common/messages/v1">
   <soapenv:Header/>
   <soapenv:Body>
      <v1:consultSocialDebtRequest>
         <v1:messageContext>
            <v11:messageId>${=import static java.util.UUID.randomUUID; uuid = randomUUID() as String}</v11:messageId>
            <v11:timestamp>${=new java.text.SimpleDateFormat("yyyy-MM-dd'T'HH:mm:ss.SSS").format(new Date())}</v11:timestamp>
         </v1:messageContext>
         <v1:legalContext>ServiceVoucher</v1:legalContext>
         <v1:request>
            <searchCriteria>
               <cbeNumber>0837834530</cbeNumber>
               <requestingOrganisationNumber>0316381039</requestingOrganisationNumber>
               <!--Optional:-->
               <requestingBusinessUnitNumber>2143349018</requestingBusinessUnitNumber>
            </searchCriteria>
         </v1:request>
      </v1:consultSocialDebtRequest>
   </soapenv:Body>
</soapenv:Envelope>]]></con:request><con:credentials>
          <con:selectedAuthProfile>Basic</con:selectedAuthProfile><con:addedBasicAuthenticationTypes>Basic</con:addedBasicAuthenticationTypes><con:authType>Global HTTP Settings</con:authType>
        </con:credentials><con:jmsConfig JMSDeliveryMode="PERSISTENT"/><con:jmsPropertyConfig/><con:wsaConfig mustUnderstand="NONE" version="200508" action="http://fidus.brussels/services/enterprisesocialdebtservice/consultSocialDebt"/><con:wsrmConfig version="1.2"/></con:call><con:call id="b05495fb-2676-4592-9e67-e778845b2129" name="4 - Staging - Worker2 - Request" outgoingWss="Outflow STAG"><con:settings><con:setting id="com.eviware.soapui.impl.wsdl.WsdlRequest@request-headers">&lt;xml-fragment/></con:setting></con:settings><con:encoding>UTF-8</con:encoding><con:endpoint>https://192.168.24.17:8443/services/EnterpriseSocialDebtService_v1.0</con:endpoint><con:request><![CDATA[<soapenv:Envelope xmlns:soapenv="http://schemas.xmlsoap.org/soap/envelope/" xmlns:v1="http://fidus.brussels/service/enterprisesocialdebtservice/messages/v1" xmlns:v11="http://fidus.brussels/type/common/messages/v1">
   <soapenv:Header/>
   <soapenv:Body>
      <v1:consultSocialDebtRequest>
         <v1:messageContext>
            <v11:messageId>${=import static java.util.UUID.randomUUID; uuid = randomUUID() as String}</v11:messageId>
            <v11:timestamp>${=new java.text.SimpleDateFormat("yyyy-MM-dd'T'HH:mm:ss.SSS").format(new Date())}</v11:timestamp>
         </v1:messageContext>
         <v1:legalContext>ServiceVoucher</v1:legalContext>
         <v1:request>
            <searchCriteria>
               <cbeNumber>0480260856</cbeNumber>
               <requestingOrganisationNumber>0316381039</requestingOrganisationNumber>
               <!--Optional:-->
               <requestingBusinessUnitNumber>2143349018</requestingBusinessUnitNumber>
            </searchCriteria>
         </v1:request>
      </v1:consultSocialDebtRequest>
   </soapenv:Body>
</soapenv:Envelope>]]></con:request><con:credentials><con:selectedAuthProfile>Basic</con:selectedAuthProfile><con:addedBasicAuthenticationTypes>Basic</con:addedBasicAuthenticationTypes><con:authType>Global HTTP Settings</con:authType></con:credentials><con:jmsConfig JMSDeliveryMode="PERSISTENT"/><con:jmsPropertyConfig/><con:wsaConfig mustUnderstand="NONE" version="200508" action="http://fidus.brussels/services/enterprisesocialdebtservice/consultSocialDebt"/><con:wsrmConfig version="1.2"/></con:call><con:call id="76a9d77e-05a8-4374-b17c-50bdede757bb" name="5 - Prod - External - Request" outgoingWss="Outflow PROD"><con:settings><con:setting id="com.eviware.soapui.impl.wsdl.WsdlRequest@request-headers">&lt;xml-fragment/></con:setting></con:settings><con:encoding>UTF-8</con:encoding><con:endpoint>https://fidus.sec.brussels/services/EnterpriseSocialDebtService_v1.0</con:endpoint><con:request><![CDATA[<soapenv:Envelope xmlns:soapenv="http://schemas.xmlsoap.org/soap/envelope/" xmlns:v1="http://fidus.brussels/service/enterprisesocialdebtservice/messages/v1" xmlns:v11="http://fidus.brussels/type/common/messages/v1">
   <soapenv:Header/>
   <soapenv:Body>
      <v1:consultSocialDebtRequest>
         <v1:messageContext>
            <v11:messageId>${=import static java.util.UUID.randomUUID; uuid = randomUUID() as String}</v11:messageId>
            <v11:timestamp>${=new java.text.SimpleDateFormat("yyyy-MM-dd'T'HH:mm:ss.SSS").format(new Date())}</v11:timestamp>
         </v1:messageContext>
         <v1:legalContext>ServiceVoucher</v1:legalContext>
         <v1:request>
            <searchCriteria>
               <cbeNumber>0837834530</cbeNumber>
               <requestingOrganisationNumber>0316381039</requestingOrganisationNumber>
               <!--Optional:-->
               <requestingBusinessUnitNumber>2143349018</requestingBusinessUnitNumber>
            </searchCriteria>
         </v1:request>
      </v1:consultSocialDebtRequest>
   </soapenv:Body>
</soapenv:Envelope>]]></con:request><con:credentials><con:selectedAuthProfile>Basic</con:selectedAuthProfile><con:addedBasicAuthenticationTypes>Basic</con:addedBasicAuthenticationTypes><con:authType>Global HTTP Settings</con:authType></con:credentials><con:jmsConfig JMSDeliveryMode="PERSISTENT"/><con:jmsPropertyConfig/><con:wsaConfig mustUnderstand="NONE" version="200508" action="http://fidus.brussels/services/enterprisesocialdebtservice/consultSocialDebt"/><con:wsrmConfig version="1.2"/></con:call><con:call id="4acad097-4382-4517-898c-75b802fa016e" name="5 - Prod - LB - Request" outgoingWss="Outflow PROD"><con:settings><con:setting id="com.eviware.soapui.impl.wsdl.WsdlRequest@request-headers">&lt;xml-fragment/></con:setting></con:settings><con:encoding>UTF-8</con:encoding><con:endpoint>https://fidus-esb-sg.prd.srv.cirb.lan:8443/services/EnterpriseSocialDebtService_v1.0</con:endpoint><con:request><![CDATA[<soapenv:Envelope xmlns:soapenv="http://schemas.xmlsoap.org/soap/envelope/" xmlns:v1="http://fidus.brussels/service/household/messages/v1" xmlns:v11="http://fidus.brussels/type/common/messages/v1">
   <soapenv:Header/>
   <soapenv:Body>
      <v12:consultSocialDebtRequest xmlns:v12="http://fidus.brussels/service/enterprisesocialdebtservice/messages/v1">
         <v12:messageContext>
            <v11:messageId>${=import static java.util.UUID.randomUUID; uuid = randomUUID() as String}</v11:messageId>
            <v11:timestamp>${=new java.text.SimpleDateFormat("yyyy-MM-dd'T'HH:mm:ss.SSS").format(new Date())}</v11:timestamp>
         </v12:messageContext>
         <v12:legalContext>ServiceVoucher</v12:legalContext>
         <v12:request>
            <searchCriteria>
               <cbeNumber>0837834530</cbeNumber>
               <requestingOrganisationNumber>0316381039</requestingOrganisationNumber>
               <!--Optional:-->
               <requestingBusinessUnitNumber>2143349018</requestingBusinessUnitNumber>
            </searchCriteria>
         </v12:request>
      </v12:consultSocialDebtRequest>
   </soapenv:Body>
</soapenv:Envelope>]]></con:request><con:credentials>
          <con:selectedAuthProfile>Basic</con:selectedAuthProfile><con:addedBasicAuthenticationTypes>Basic</con:addedBasicAuthenticationTypes><con:authType>Global HTTP Settings</con:authType>
        </con:credentials><con:jmsConfig JMSDeliveryMode="PERSISTENT"/><con:jmsPropertyConfig/><con:wsaConfig mustUnderstand="NONE" version="200508" action="http://fidus.brussels/services/enterprisesocialdebtservice/consultSocialDebt"/><con:wsrmConfig version="1.2"/></con:call><con:call id="6a504d9a-e7a7-407a-b20c-51fc4a9952e8" name="5 - Prod - Worker1 - Request" outgoingWss="Outflow PROD"><con:settings><con:setting id="com.eviware.soapui.impl.wsdl.WsdlRequest@request-headers">&lt;xml-fragment/></con:setting></con:settings><con:encoding>UTF-8</con:encoding><con:endpoint>https://192.168.26.19:8443/services/EnterpriseSocialDebtService_v1.0</con:endpoint><con:request><![CDATA[<soapenv:Envelope xmlns:soapenv="http://schemas.xmlsoap.org/soap/envelope/" xmlns:v1="http://fidus.brussels/service/enterprisesocialdebtservice/messages/v1" xmlns:v11="http://fidus.brussels/type/common/messages/v1">
   <soapenv:Header/>
   <soapenv:Body>
      <v1:consultSocialDebtRequest>
         <v1:messageContext>
            <v11:messageId>${=import static java.util.UUID.randomUUID; uuid = randomUUID() as String}</v11:messageId>
            <v11:timestamp>${=new java.text.SimpleDateFormat("yyyy-MM-dd'T'HH:mm:ss.SSS").format(new Date())}</v11:timestamp>
         </v1:messageContext>
         <v1:legalContext>ServiceVoucher</v1:legalContext>
         <v1:request>
            <searchCriteria>
               <cbeNumber>0837834530</cbeNumber>
               <requestingOrganisationNumber>0316381039</requestingOrganisationNumber>
               <!--Optional:-->
               <requestingBusinessUnitNumber>2143349018</requestingBusinessUnitNumber>
            </searchCriteria>
         </v1:request>
      </v1:consultSocialDebtRequest>
   </soapenv:Body>
</soapenv:Envelope>]]></con:request><con:credentials>
          <con:selectedAuthProfile>Basic</con:selectedAuthProfile><con:addedBasicAuthenticationTypes>Basic</con:addedBasicAuthenticationTypes><con:authType>Global HTTP Settings</con:authType>
        </con:credentials><con:jmsConfig JMSDeliveryMode="PERSISTENT"/><con:jmsPropertyConfig/><con:wsaConfig mustUnderstand="NONE" version="200508" action="http://fidus.brussels/services/enterprisesocialdebtservice/consultSocialDebt"/><con:wsrmConfig version="1.2"/></con:call><con:call id="af77773a-5a6d-4a23-9cf7-54dcdbe1711c" name="5 - Prod - Worker2 - Request" outgoingWss="Outflow PROD"><con:settings><con:setting id="com.eviware.soapui.impl.wsdl.WsdlRequest@request-headers">&lt;xml-fragment/></con:setting></con:settings><con:encoding>UTF-8</con:encoding><con:endpoint>https://192.168.26.22:8443/services/EnterpriseSocialDebtService_v1.0</con:endpoint><con:request><![CDATA[<soapenv:Envelope xmlns:soapenv="http://schemas.xmlsoap.org/soap/envelope/" xmlns:v1="http://fidus.brussels/service/enterprisesocialdebtservice/messages/v1" xmlns:v11="http://fidus.brussels/type/common/messages/v1">
   <soapenv:Header/>
   <soapenv:Body>
      <v1:consultSocialDebtRequest>
         <v1:messageContext>
            <v11:messageId>${=import static java.util.UUID.randomUUID; uuid = randomUUID() as String}</v11:messageId>
            <v11:timestamp>${=new java.text.SimpleDateFormat("yyyy-MM-dd'T'HH:mm:ss.SSS").format(new Date())}</v11:timestamp>
         </v1:messageContext>
         <v1:legalContext>ServiceVoucher</v1:legalContext>
         <v1:request>
            <searchCriteria>
               <cbeNumber>0480260856</cbeNumber>
               <requestingOrganisationNumber>0316381039</requestingOrganisationNumber>
               <!--Optional:-->
               <requestingBusinessUnitNumber>2143349018</requestingBusinessUnitNumber>
            </searchCriteria>
         </v1:request>
      </v1:consultSocialDebtRequest>
   </soapenv:Body>
</soapenv:Envelope>]]></con:request><con:credentials><con:selectedAuthProfile>Basic</con:selectedAuthProfile><con:addedBasicAuthenticationTypes>Basic</con:addedBasicAuthenticationTypes><con:authType>Global HTTP Settings</con:authType></con:credentials><con:jmsConfig JMSDeliveryMode="PERSISTENT"/><con:jmsPropertyConfig/><con:wsaConfig mustUnderstand="NONE" version="200508" action="http://fidus.brussels/services/enterprisesocialdebtservice/consultSocialDebt"/><con:wsrmConfig version="1.2"/></con:call></con:operation>
  </con:interface>
  <con:testSuite id="5d23b127-0002-45c7-a8bb-50304aba1752" name="TEST"><con:settings/><con:runType>SEQUENTIAL</con:runType><con:testCase id="8c5c0d29-91a7-45d4-aafe-b55d1aea4e0e" failOnError="true" failTestCaseOnErrors="true" keepSession="false" maxResults="0" name="consultSocialDebt" searchProperties="true"><con:settings/><con:testStep type="request" id="7d626aa1-d15d-486c-a7b7-2d4bb408a28d" name="testcase3 - Test - External - Request"><con:settings/><con:config xsi:type="con:RequestStep" xmlns:xsi="http://www.w3.org/2001/XMLSchema-instance"><con:interface>EnterpriseSocialDebtServiceHTTPBinding</con:interface><con:operation>consultSocialDebt</con:operation><con:request name="testcase3 - Test - External - Request" id="6e5c3a06-cde2-494c-8b93-455153c28d20" outgoingWss="Outflow TEST"><con:settings/><con:encoding>UTF-8</con:encoding><con:endpoint>https://fidus-test.irisnetlab.be/services/EnterpriseSocialDebtService_v1.0</con:endpoint><con:request><![CDATA[<soapenv:Envelope xmlns:soapenv="http://schemas.xmlsoap.org/soap/envelope/" xmlns:v1="http://fidus.brussels/service/household/messages/v1" xmlns:v11="http://fidus.brussels/type/common/messages/v1">
   <soapenv:Header/>
   <soapenv:Body>
      <v12:consultSocialDebtRequest xmlns:v12="http://fidus.brussels/service/enterprisesocialdebtservice/messages/v1">
         <v12:messageContext>
            <v11:messageId>${=import static java.util.UUID.randomUUID; uuid = randomUUID() as String}</v11:messageId>
            <v11:timestamp>${=new java.text.SimpleDateFormat("yyyy-MM-dd'T'HH:mm:ss.SSS").format(new Date())}</v11:timestamp>
         </v12:messageContext>
         <v12:legalContext>ServiceVoucher</v12:legalContext>
         <v12:request>
            <searchCriteria>
               <cbeNumber>0480260856</cbeNumber>
               <requestingOrganisationNumber>0316381039</requestingOrganisationNumber>
            </searchCriteria>
         </v12:request>
      </v12:consultSocialDebtRequest>
   </soapenv:Body>
</soapenv:Envelope>]]></con:request><con:assertion type="SOAP Fault Assertion" id="6de49c55-39f6-4045-ad51-ad3e55b80b8a" name="Not SOAP Fault"/><con:assertion type="SOAP Response" id="e1f7d723-1cd4-441e-bfd1-f04df807639e" name="SOAP Response"/><con:assertion type="Schema Compliance" id="a3b6f0d9-922d-49ae-99bc-d6e10a3d4915" name="Schema Compliance"><con:configuration/></con:assertion><con:wsaConfig action="http://fidus.brussels/services/enterprisesocialdebtservice/consultSocialDebt"/></con:request></con:config></con:testStep><con:testStep type="request" id="74d416ea-f5e0-4268-ba16-e95d48381180" name="testcase3 - Test - LB - Request"><con:settings/><con:config xsi:type="con:RequestStep" xmlns:xsi="http://www.w3.org/2001/XMLSchema-instance"><con:interface>EnterpriseSocialDebtServiceHTTPBinding</con:interface><con:operation>consultSocialDebt</con:operation><con:request name="testcase3 - Test - LB - Request" id="0b489f04-17e5-44db-92d4-de797de6a094" outgoingWss="Outflow TEST"><con:settings/><con:encoding>UTF-8</con:encoding><con:endpoint>https://esb-security-gw.sta.srv.cirb.lan:8443/services/EnterpriseSocialDebtService_v1.0</con:endpoint><con:request><![CDATA[<soapenv:Envelope xmlns:soapenv="http://schemas.xmlsoap.org/soap/envelope/" xmlns:v1="http://fidus.brussels/service/household/messages/v1" xmlns:v11="http://fidus.brussels/type/common/messages/v1">
   <soapenv:Header/>
   <soapenv:Body>
      <v12:consultSocialDebtRequest xmlns:v12="http://fidus.brussels/service/enterprisesocialdebtservice/messages/v1">
         <v12:messageContext>
            <v11:messageId>${=import static java.util.UUID.randomUUID; uuid = randomUUID() as String}</v11:messageId>
            <v11:timestamp>${=new java.text.SimpleDateFormat("yyyy-MM-dd'T'HH:mm:ss.SSS").format(new Date())}</v11:timestamp>
         </v12:messageContext>
         <v12:legalContext>ServiceVoucher</v12:legalContext>
         <v12:request>
            <searchCriteria>
               <cbeNumber>0480260856</cbeNumber>
               <requestingOrganisationNumber>0316381039</requestingOrganisationNumber>
            </searchCriteria>
         </v12:request>
      </v12:consultSocialDebtRequest>
   </soapenv:Body>
</soapenv:Envelope>]]></con:request><con:assertion type="SOAP Fault Assertion" id="a456090e-d9b6-45ca-917e-6b0c6bda67ea" name="Not SOAP Fault"/><con:assertion type="SOAP Response" id="cac838fb-05fd-4aed-b006-c52b21f17edf" name="SOAP Response"/><con:assertion type="Schema Compliance" id="bacff742-f613-4dc1-ae9e-38efa8a98424" name="Schema Compliance"><con:configuration/></con:assertion><con:wsaConfig action="http://fidus.brussels/services/enterprisesocialdebtservice/consultSocialDebt"/></con:request></con:config></con:testStep><con:testStep type="request" id="01ff1ce1-bafc-4cfd-9fb0-fb3a0fd52a31" name="testcase3 - Test - Worker1 - Request"><con:settings/><con:config xsi:type="con:RequestStep" xmlns:xsi="http://www.w3.org/2001/XMLSchema-instance"><con:interface>EnterpriseSocialDebtServiceHTTPBinding</con:interface><con:operation>consultSocialDebt</con:operation><con:request name="testcase3 - Test - Worker1 - Request" id="f99af3d4-1140-49c9-902a-c2645d3f0735" outgoingWss="Outflow TEST"><con:settings/><con:encoding>UTF-8</con:encoding><con:endpoint>https://192.168.22.53:8443/services/EnterpriseSocialDebtService_v1.0</con:endpoint><con:request><![CDATA[<soapenv:Envelope xmlns:soapenv="http://schemas.xmlsoap.org/soap/envelope/" xmlns:v1="http://fidus.brussels/service/household/messages/v1" xmlns:v11="http://fidus.brussels/type/common/messages/v1">
   <soapenv:Header/>
   <soapenv:Body>
      <v12:consultSocialDebtRequest xmlns:v12="http://fidus.brussels/service/enterprisesocialdebtservice/messages/v1">
         <v12:messageContext>
            <v11:messageId>${=import static java.util.UUID.randomUUID; uuid = randomUUID() as String}</v11:messageId>
            <v11:timestamp>${=new java.text.SimpleDateFormat("yyyy-MM-dd'T'HH:mm:ss.SSS").format(new Date())}</v11:timestamp>
         </v12:messageContext>
         <v12:legalContext>ServiceVoucher</v12:legalContext>
         <v12:request>
            <searchCriteria>
               <cbeNumber>0480260856</cbeNumber>
               <requestingOrganisationNumber>0316381039</requestingOrganisationNumber>
            </searchCriteria>
         </v12:request>
      </v12:consultSocialDebtRequest>
   </soapenv:Body>
</soapenv:Envelope>]]></con:request><con:assertion type="SOAP Fault Assertion" id="499e1c01-6b48-4eca-92db-6b97a5e79bc2" name="Not SOAP Fault"/><con:assertion type="SOAP Response" id="6fe5bd5c-dace-47cb-96b0-dca7533ab435" name="SOAP Response"/><con:assertion type="Schema Compliance" id="586bfdb2-3b94-48a7-9ed7-fa0ec2d14af7" name="Schema Compliance"><con:configuration/></con:assertion><con:wsaConfig action="http://fidus.brussels/services/enterprisesocialdebtservice/consultSocialDebt"/></con:request></con:config></con:testStep><con:testStep type="request" id="af2ef8e5-3a0e-4fcf-b406-708219951b1f" name="testcase3 - Test - Worker2 - Request"><con:settings/><con:config xsi:type="con:RequestStep" xmlns:xsi="http://www.w3.org/2001/XMLSchema-instance"><con:interface>EnterpriseSocialDebtServiceHTTPBinding</con:interface><con:operation>consultSocialDebt</con:operation><con:request name="testcase3 - Test - Worker2 - Request" id="c858f86a-ee5f-4740-bde0-6027d1babe29" outgoingWss="Outflow TEST"><con:settings/><con:encoding>UTF-8</con:encoding><con:endpoint>https://192.168.22.54:8443/services/EnterpriseSocialDebtService_v1.0</con:endpoint><con:request><![CDATA[<soapenv:Envelope xmlns:soapenv="http://schemas.xmlsoap.org/soap/envelope/" xmlns:v1="http://fidus.brussels/service/household/messages/v1" xmlns:v11="http://fidus.brussels/type/common/messages/v1">
   <soapenv:Header/>
   <soapenv:Body>
      <v12:consultSocialDebtRequest xmlns:v12="http://fidus.brussels/service/enterprisesocialdebtservice/messages/v1">
         <v12:messageContext>
            <v11:messageId>${=import static java.util.UUID.randomUUID; uuid = randomUUID() as String}</v11:messageId>
            <v11:timestamp>${=new java.text.SimpleDateFormat("yyyy-MM-dd'T'HH:mm:ss.SSS").format(new Date())}</v11:timestamp>
         </v12:messageContext>
         <v12:legalContext>ServiceVoucher</v12:legalContext>
         <v12:request>
            <searchCriteria>
               <cbeNumber>0480260856</cbeNumber>
               <requestingOrganisationNumber>0316381039</requestingOrganisationNumber>
            </searchCriteria>
         </v12:request>
      </v12:consultSocialDebtRequest>
   </soapenv:Body>
</soapenv:Envelope>]]></con:request><con:assertion type="SOAP Fault Assertion" id="3d29f1fc-bde8-4b57-8569-4042d4b15f84" name="Not SOAP Fault"/><con:assertion type="SOAP Response" id="12a888ab-933f-4c8f-8336-5708fe150147" name="SOAP Response"/><con:assertion type="Schema Compliance" id="bfb7df98-e630-4d2f-b714-d71c4ab1f452" name="Schema Compliance"><con:configuration/></con:assertion><con:wsaConfig action="http://fidus.brussels/services/enterprisesocialdebtservice/consultSocialDebt"/></con:request></con:config></con:testStep><con:properties/></con:testCase><con:properties/></con:testSuite><con:testSuite id="db9e5617-fd44-445a-9ed3-2ea6feb6907f" name="STAG"><con:settings/><con:runType>SEQUENTIAL</con:runType><con:testCase id="815c5ffd-5538-4a11-aea3-b1327df79c42" failOnError="true" failTestCaseOnErrors="true" keepSession="false" maxResults="0" name="consultSocialDebt" searchProperties="true"><con:settings/><con:testStep type="request" id="d82e49c3-c6f0-4d0b-a867-ca6628f91416" name="testcase4 - Staging - External - Request"><con:settings/><con:config xsi:type="con:RequestStep" xmlns:xsi="http://www.w3.org/2001/XMLSchema-instance"><con:interface>EnterpriseSocialDebtServiceHTTPBinding</con:interface><con:operation>consultSocialDebt</con:operation><con:request name="testcase4 - Staging - External - Request" id="37c8567c-9b89-40e6-a05e-14ea7b25ba7e" outgoingWss="Outflow STAG"><con:settings/><con:encoding>UTF-8</con:encoding><con:endpoint>https://fidus.irisnetlab.be/services/EnterpriseSocialDebtService_v1.0</con:endpoint><con:request><![CDATA[<soapenv:Envelope xmlns:soapenv="http://schemas.xmlsoap.org/soap/envelope/" xmlns:v1="http://fidus.brussels/service/enterprisesocialdebtservice/messages/v1" xmlns:v11="http://fidus.brussels/type/common/messages/v1">
   <soapenv:Header/>
   <soapenv:Body>
      <v1:consultSocialDebtRequest>
         <v1:messageContext>
            <v11:messageId>${=import static java.util.UUID.randomUUID; uuid = randomUUID() as String}</v11:messageId>
            <v11:timestamp>${=new java.text.SimpleDateFormat("yyyy-MM-dd'T'HH:mm:ss.SSS").format(new Date())}</v11:timestamp>
         </v1:messageContext>
         <v1:legalContext>ServiceVoucher</v1:legalContext>
         <v1:request>
            <searchCriteria>
               <cbeNumber>0837834530</cbeNumber>
               <requestingOrganisationNumber>0316381039</requestingOrganisationNumber>
               <!--Optional:-->
               <requestingBusinessUnitNumber>2143349018</requestingBusinessUnitNumber>
            </searchCriteria>
         </v1:request>
      </v1:consultSocialDebtRequest>
   </soapenv:Body>
</soapenv:Envelope>]]></con:request><con:assertion type="SOAP Fault Assertion" id="36a48574-244d-4b68-9baf-e853be06b40c" name="Not SOAP Fault"/><con:assertion type="SOAP Response" id="904ee970-79e5-42e8-99e7-8fa7cb27dd7e" name="SOAP Response"/><con:assertion type="Schema Compliance" id="c4cf1b9f-d1c7-4d0a-9d1a-e7b44d9d7ed0" name="Schema Compliance"><con:configuration/></con:assertion><con:wsaConfig action="http://fidus.brussels/services/enterprisesocialdebtservice/consultSocialDebt"/></con:request></con:config></con:testStep><con:testStep type="request" id="41d7031e-c8d8-418c-a032-aff0417a938d" name="testcase4 - Staging - LB - Request"><con:settings/><con:config xsi:type="con:RequestStep" xmlns:xsi="http://www.w3.org/2001/XMLSchema-instance"><con:interface>EnterpriseSocialDebtServiceHTTPBinding</con:interface><con:operation>consultSocialDebt</con:operation><con:request name="testcase4 - Staging - LB - Request" id="b9e53b4c-fae1-485f-8be9-5efbe213f25e" outgoingWss="Outflow STAG"><con:settings/><con:encoding>UTF-8</con:encoding><con:endpoint>https://fidus-esb-sg.sta.srv.cirb.lan:8443/services/EnterpriseSocialDebtService_v1.0</con:endpoint><con:request><![CDATA[<soapenv:Envelope xmlns:soapenv="http://schemas.xmlsoap.org/soap/envelope/" xmlns:v1="http://fidus.brussels/service/household/messages/v1" xmlns:v11="http://fidus.brussels/type/common/messages/v1">
   <soapenv:Header/>
   <soapenv:Body>
      <v12:consultSocialDebtRequest xmlns:v12="http://fidus.brussels/service/enterprisesocialdebtservice/messages/v1">
         <v12:messageContext>
            <v11:messageId>${=import static java.util.UUID.randomUUID; uuid = randomUUID() as String}</v11:messageId>
            <v11:timestamp>${=new java.text.SimpleDateFormat("yyyy-MM-dd'T'HH:mm:ss.SSS").format(new Date())}</v11:timestamp>
         </v12:messageContext>
         <v12:legalContext>ServiceVoucher</v12:legalContext>
         <v12:request>
            <searchCriteria>
               <cbeNumber>0837834530</cbeNumber>
               <requestingOrganisationNumber>0316381039</requestingOrganisationNumber>
               <!--Optional:-->
               <requestingBusinessUnitNumber>2143349018</requestingBusinessUnitNumber>
            </searchCriteria>
         </v12:request>
      </v12:consultSocialDebtRequest>
   </soapenv:Body>
</soapenv:Envelope>]]></con:request><con:assertion type="SOAP Fault Assertion" id="78f04156-fe28-4fc1-9d71-966a8b47e844" name="Not SOAP Fault"/><con:assertion type="SOAP Response" id="e7a868d6-04fc-4e35-9379-7eec867c9c45" name="SOAP Response"/><con:assertion type="Schema Compliance" id="31b8eaca-effa-4054-b227-a3943b37d1cd" name="Schema Compliance"><con:configuration/></con:assertion><con:wsaConfig action="http://fidus.brussels/services/enterprisesocialdebtservice/consultSocialDebt"/></con:request></con:config></con:testStep><con:testStep type="request" id="f2399b4f-1aa8-4259-a49a-7ace73704bdd" name="testcase4 - Staging - Worker1 - Request"><con:settings/><con:config xsi:type="con:RequestStep" xmlns:xsi="http://www.w3.org/2001/XMLSchema-instance"><con:interface>EnterpriseSocialDebtServiceHTTPBinding</con:interface><con:operation>consultSocialDebt</con:operation><con:request name="testcase4 - Staging - Worker1 - Request" id="d64aa337-b1da-4aeb-bbed-d3daa5773ff6" outgoingWss="Outflow STAG"><con:settings/><con:encoding>UTF-8</con:encoding><con:endpoint>https://192.168.24.16:8443/services/EnterpriseSocialDebtService_v1.0</con:endpoint><con:request><![CDATA[<soapenv:Envelope xmlns:soapenv="http://schemas.xmlsoap.org/soap/envelope/" xmlns:v1="http://fidus.brussels/service/enterprisesocialdebtservice/messages/v1" xmlns:v11="http://fidus.brussels/type/common/messages/v1">
   <soapenv:Header/>
   <soapenv:Body>
      <v1:consultSocialDebtRequest>
         <v1:messageContext>
            <v11:messageId>${=import static java.util.UUID.randomUUID; uuid = randomUUID() as String}</v11:messageId>
            <v11:timestamp>${=new java.text.SimpleDateFormat("yyyy-MM-dd'T'HH:mm:ss.SSS").format(new Date())}</v11:timestamp>
         </v1:messageContext>
         <v1:legalContext>ServiceVoucher</v1:legalContext>
         <v1:request>
            <searchCriteria>
               <cbeNumber>0837834530</cbeNumber>
               <requestingOrganisationNumber>0316381039</requestingOrganisationNumber>
               <!--Optional:-->
               <requestingBusinessUnitNumber>2143349018</requestingBusinessUnitNumber>
            </searchCriteria>
         </v1:request>
      </v1:consultSocialDebtRequest>
   </soapenv:Body>
</soapenv:Envelope>]]></con:request><con:assertion type="SOAP Fault Assertion" id="90f897ed-da4a-4f4e-8bad-94c316c36b8b" name="Not SOAP Fault"/><con:assertion type="SOAP Response" id="4153a336-6e5d-469c-b9d8-10a6a73a0abd" name="SOAP Response"/><con:assertion type="Schema Compliance" id="8a148ece-7c97-4215-a962-3577c21d0064" name="Schema Compliance"><con:configuration/></con:assertion><con:wsaConfig action="http://fidus.brussels/services/enterprisesocialdebtservice/consultSocialDebt"/></con:request></con:config></con:testStep><con:testStep type="request" id="122bc601-fa1c-45ce-9d53-bbbd1bb2d547" name="testcase4 - Staging - Worker2 - Request"><con:settings/><con:config xsi:type="con:RequestStep" xmlns:xsi="http://www.w3.org/2001/XMLSchema-instance"><con:interface>EnterpriseSocialDebtServiceHTTPBinding</con:interface><con:operation>consultSocialDebt</con:operation><con:request name="testcase4 - Staging - Worker2 - Request" id="58b69a11-eca6-4d90-a4d7-81861773b2b0" outgoingWss="Outflow STAG"><con:settings/><con:encoding>UTF-8</con:encoding><con:endpoint>https://192.168.24.17:8443/services/EnterpriseSocialDebtService_v1.0</con:endpoint><con:request><![CDATA[<soapenv:Envelope xmlns:soapenv="http://schemas.xmlsoap.org/soap/envelope/" xmlns:v1="http://fidus.brussels/service/enterprisesocialdebtservice/messages/v1" xmlns:v11="http://fidus.brussels/type/common/messages/v1">
   <soapenv:Header/>
   <soapenv:Body>
      <v1:consultSocialDebtRequest>
         <v1:messageContext>
            <v11:messageId>${=import static java.util.UUID.randomUUID; uuid = randomUUID() as String}</v11:messageId>
            <v11:timestamp>${=new java.text.SimpleDateFormat("yyyy-MM-dd'T'HH:mm:ss.SSS").format(new Date())}</v11:timestamp>
         </v1:messageContext>
         <v1:legalContext>ServiceVoucher</v1:legalContext>
         <v1:request>
            <searchCriteria>
               <cbeNumber>0480260856</cbeNumber>
               <requestingOrganisationNumber>0316381039</requestingOrganisationNumber>
               <!--Optional:-->
               <requestingBusinessUnitNumber>2143349018</requestingBusinessUnitNumber>
            </searchCriteria>
         </v1:request>
      </v1:consultSocialDebtRequest>
   </soapenv:Body>
</soapenv:Envelope>]]></con:request><con:assertion type="SOAP Fault Assertion" id="241a3387-71ae-41f9-942e-05e4db361966" name="Not SOAP Fault"/><con:assertion type="SOAP Response" id="ff360a94-0514-4ef4-9597-444e0a1cd5b0" name="SOAP Response"/><con:assertion type="Schema Compliance" id="38fe500f-9d0f-4127-85a3-d9382272a69f" name="Schema Compliance"><con:configuration/></con:assertion><con:wsaConfig action="http://fidus.brussels/services/enterprisesocialdebtservice/consultSocialDebt"/></con:request></con:config></con:testStep><con:properties/></con:testCase><con:properties/></con:testSuite><con:testSuite id="7e26105e-2553-4995-84ed-dd960be63f92" name="DEV"><con:settings/><con:runType>SEQUENTIAL</con:runType><con:testCase id="4f13b89b-a536-4be7-a7b0-896e3f27a5b4" failOnError="true" failTestCaseOnErrors="true" keepSession="false" maxResults="0" name="consultSocialDebt" searchProperties="true"><con:settings/><con:testStep type="request" id="89babb53-bf69-4d5d-8282-824722fb5cf2" name="testcase2 - Dev - Request 1"><con:settings/><con:config xsi:type="con:RequestStep" xmlns:xsi="http://www.w3.org/2001/XMLSchema-instance"><con:interface>EnterpriseSocialDebtServiceHTTPBinding</con:interface><con:operation>consultSocialDebt</con:operation><con:request name="testcase2 - Dev - Request 1" id="09d78f4f-751b-4e78-be4f-c8256fedf2f4" outgoingWss="Outflow DEV"><con:settings/><con:encoding>UTF-8</con:encoding><con:endpoint>https://192.168.36.61:8243/services/EnterpriseSocialDebtService_v1.0</con:endpoint><con:request><![CDATA[<soapenv:Envelope xmlns:soapenv="http://schemas.xmlsoap.org/soap/envelope/" xmlns:v1="http://fidus.brussels/service/enterprisesocialdebtservice/messages/v1" xmlns:v11="http://fidus.brussels/type/common/messages/v1">
   <soapenv:Header/>
   <soapenv:Body>
      <v1:consultSocialDebtRequest>
         <v1:messageContext>
            <v11:messageId>${=import static java.util.UUID.randomUUID; uuid = randomUUID() as String}</v11:messageId>
            <v11:timestamp>${=new java.text.SimpleDateFormat("yyyy-MM-dd'T'HH:mm:ss.SSS").format(new Date())}</v11:timestamp>
         </v1:messageContext>
         <v1:legalContext>ServiceIntegrator</v1:legalContext>
         <v1:request>
            <searchCriteria>
               <cbeNumber>0837834530</cbeNumber>
               <requestingOrganisationNumber>0316381039</requestingOrganisationNumber>
               <!--Optional:-->
               <requestingBusinessUnitNumber>2143349018</requestingBusinessUnitNumber>
            </searchCriteria>
         </v1:request>
      </v1:consultSocialDebtRequest>
   </soapenv:Body>
</soapenv:Envelope>]]></con:request><con:assertion type="SOAP Fault Assertion" id="c7a6e0d1-0076-42fc-9727-758844c2e329" name="Not SOAP Fault"/><con:assertion type="SOAP Response" id="7e6fb3f3-1eec-449d-aa8f-962893c6bfe7" name="SOAP Response"/><con:assertion type="Schema Compliance" id="7c4a5303-88f0-42d3-a06f-8b4939e70527" name="Schema Compliance"><con:configuration/></con:assertion><con:wsaConfig action="http://fidus.brussels/services/enterprisesocialdebtservice/consultSocialDebt"/></con:request></con:config></con:testStep><con:testStep type="request" id="d429d585-f1ae-491c-9f38-54d9d0547db2" name="testcase2 - Dev - Request 2"><con:settings/><con:config xsi:type="con:RequestStep" xmlns:xsi="http://www.w3.org/2001/XMLSchema-instance"><con:interface>EnterpriseSocialDebtServiceHTTPBinding</con:interface><con:operation>consultSocialDebt</con:operation><con:request name="testcase2 - Dev - Request 2" id="67d37237-532b-4f48-bb3f-094ced117563" outgoingWss="Outflow DEV"><con:settings/><con:encoding>UTF-8</con:encoding><con:endpoint>https://192.168.36.61:8243/services/EnterpriseSocialDebtService_v1.0</con:endpoint><con:request><![CDATA[<soapenv:Envelope xmlns:soapenv="http://schemas.xmlsoap.org/soap/envelope/" xmlns:v1="http://fidus.brussels/service/enterprisesocialdebtservice/messages/v1" xmlns:v11="http://fidus.brussels/type/common/messages/v1">
   <soapenv:Header/>
   <soapenv:Body>
      <v1:consultSocialDebtRequest>
         <v1:messageContext>
            <v11:messageId>${=import static java.util.UUID.randomUUID; uuid = randomUUID() as String}</v11:messageId>
            <v11:timestamp>${=new java.text.SimpleDateFormat("yyyy-MM-dd'T'HH:mm:ss.SSS").format(new Date())}</v11:timestamp>
         </v1:messageContext>
         <v1:legalContext>ServiceIntegrator</v1:legalContext>
         <v1:request>
            <searchCriteria>
               <cbeNumber>0480260856</cbeNumber>
               <requestingOrganisationNumber>0316381039</requestingOrganisationNumber>
               <!--Optional:-->
               <requestingBusinessUnitNumber>2143349018</requestingBusinessUnitNumber>
            </searchCriteria>
         </v1:request>
      </v1:consultSocialDebtRequest>
   </soapenv:Body>
</soapenv:Envelope>]]></con:request><con:assertion type="SOAP Fault Assertion" id="50a1c625-0791-4502-a1d8-2e0816348e98" name="Not SOAP Fault"/><con:assertion type="SOAP Response" id="f92b7563-66d7-4f9d-ae96-4216217c34f3" name="SOAP Response"/><con:assertion type="Schema Compliance" id="e42e45ef-8a0f-43d3-930c-72a45859c26e" name="Schema Compliance"><con:configuration/></con:assertion><con:wsaConfig action="http://fidus.brussels/services/enterprisesocialdebtservice/consultSocialDebt"/></con:request></con:config></con:testStep><con:properties/></con:testCase><con:properties/></con:testSuite><con:testSuite id="97891a40-4a36-48e6-95f4-201b9a5f462c" name="PROD"><con:settings/><con:runType>SEQUENTIAL</con:runType><con:testCase id="0876a461-4f44-46e3-be66-24433934788e" failOnError="true" failTestCaseOnErrors="true" keepSession="false" maxResults="0" name="consultSocialDebt" searchProperties="true"><con:settings/><con:testStep type="request" id="a91ab45a-3914-41a5-910e-f614d8f6974f" name="testcase5 - Prod - External - Request"><con:settings/><con:config xsi:type="con:RequestStep" xmlns:xsi="http://www.w3.org/2001/XMLSchema-instance"><con:interface>EnterpriseSocialDebtServiceHTTPBinding</con:interface><con:operation>consultSocialDebt</con:operation><con:request name="testcase5 - Prod - External - Request" id="a35c046f-abfc-4a93-8c09-c0faebbb3f66" outgoingWss="Outflow PROD"><con:settings/><con:encoding>UTF-8</con:encoding><con:endpoint>https://fidus.sec.brussels/services/EnterpriseSocialDebtService_v1.0</con:endpoint><con:request><![CDATA[<soapenv:Envelope xmlns:soapenv="http://schemas.xmlsoap.org/soap/envelope/" xmlns:v1="http://fidus.brussels/service/enterprisesocialdebtservice/messages/v1" xmlns:v11="http://fidus.brussels/type/common/messages/v1">
   <soapenv:Header/>
   <soapenv:Body>
      <v1:consultSocialDebtRequest>
         <v1:messageContext>
            <v11:messageId>${=import static java.util.UUID.randomUUID; uuid = randomUUID() as String}</v11:messageId>
            <v11:timestamp>${=new java.text.SimpleDateFormat("yyyy-MM-dd'T'HH:mm:ss.SSS").format(new Date())}</v11:timestamp>
         </v1:messageContext>
         <v1:legalContext>ServiceVoucher</v1:legalContext>
         <v1:request>
            <searchCriteria>
               <cbeNumber>0837834530</cbeNumber>
               <requestingOrganisationNumber>0316381039</requestingOrganisationNumber>
               <!--Optional:-->
               <requestingBusinessUnitNumber>2143349018</requestingBusinessUnitNumber>
            </searchCriteria>
         </v1:request>
      </v1:consultSocialDebtRequest>
   </soapenv:Body>
</soapenv:Envelope>]]></con:request><con:assertion type="SOAP Fault Assertion" id="a9815c09-77de-43c0-ab42-1881496042df" name="Not SOAP Fault"/><con:assertion type="SOAP Response" id="243f6fe2-c37e-4822-bbfd-d412430b4531" name="SOAP Response"/><con:assertion type="Schema Compliance" id="c1d25a14-ddc8-40c0-978a-b78edd23ac5c" name="Schema Compliance"><con:configuration/></con:assertion><con:wsaConfig action="http://fidus.brussels/services/enterprisesocialdebtservice/consultSocialDebt"/></con:request></con:config></con:testStep><con:testStep type="request" id="784e60d9-9c7c-4a3a-bcbf-c8e23bca16a1" name="testcase5 - Prod - LB - Request"><con:settings/><con:config xsi:type="con:RequestStep" xmlns:xsi="http://www.w3.org/2001/XMLSchema-instance"><con:interface>EnterpriseSocialDebtServiceHTTPBinding</con:interface><con:operation>consultSocialDebt</con:operation><con:request name="testcase5 - Prod - LB - Request" id="77a42d9e-7e65-4ac6-97d6-b3c89962c7b8" outgoingWss="Outflow PROD"><con:settings/><con:encoding>UTF-8</con:encoding><con:endpoint>https://fidus-esb-sg.prd.srv.cirb.lan:8443/services/EnterpriseSocialDebtService_v1.0</con:endpoint><con:request><![CDATA[<soapenv:Envelope xmlns:soapenv="http://schemas.xmlsoap.org/soap/envelope/" xmlns:v1="http://fidus.brussels/service/household/messages/v1" xmlns:v11="http://fidus.brussels/type/common/messages/v1">
   <soapenv:Header/>
   <soapenv:Body>
      <v12:consultSocialDebtRequest xmlns:v12="http://fidus.brussels/service/enterprisesocialdebtservice/messages/v1">
         <v12:messageContext>
            <v11:messageId>${=import static java.util.UUID.randomUUID; uuid = randomUUID() as String}</v11:messageId>
            <v11:timestamp>${=new java.text.SimpleDateFormat("yyyy-MM-dd'T'HH:mm:ss.SSS").format(new Date())}</v11:timestamp>
         </v12:messageContext>
         <v12:legalContext>ServiceVoucher</v12:legalContext>
         <v12:request>
            <searchCriteria>
               <cbeNumber>0837834530</cbeNumber>
               <requestingOrganisationNumber>0316381039</requestingOrganisationNumber>
               <!--Optional:-->
               <requestingBusinessUnitNumber>2143349018</requestingBusinessUnitNumber>
            </searchCriteria>
         </v12:request>
      </v12:consultSocialDebtRequest>
   </soapenv:Body>
</soapenv:Envelope>]]></con:request><con:assertion type="SOAP Fault Assertion" id="13f4c8e3-a77e-4e05-a722-d7026f335ec4" name="Not SOAP Fault"/><con:assertion type="SOAP Response" id="88fd8ba5-0184-4ed7-bd91-2ec5a4eba34b" name="SOAP Response"/><con:assertion type="Schema Compliance" id="cf6b393f-bf88-43a0-ad45-67915044640e" name="Schema Compliance"><con:configuration/></con:assertion><con:wsaConfig action="http://fidus.brussels/services/enterprisesocialdebtservice/consultSocialDebt"/></con:request></con:config></con:testStep><con:testStep type="request" id="7dd8a225-cd49-475e-8426-6374ce208176" name="testcase5 - Prod - Worker1 - Request"><con:settings/><con:config xsi:type="con:RequestStep" xmlns:xsi="http://www.w3.org/2001/XMLSchema-instance"><con:interface>EnterpriseSocialDebtServiceHTTPBinding</con:interface><con:operation>consultSocialDebt</con:operation><con:request name="testcase5 - Prod - Worker1 - Request" id="b12256fd-80cd-42eb-9c90-cd67fe7fc3fc" outgoingWss="Outflow PROD"><con:settings/><con:encoding>UTF-8</con:encoding><con:endpoint>https://192.168.26.19:8443/services/EnterpriseSocialDebtService_v1.0</con:endpoint><con:request><![CDATA[<soapenv:Envelope xmlns:soapenv="http://schemas.xmlsoap.org/soap/envelope/" xmlns:v1="http://fidus.brussels/service/enterprisesocialdebtservice/messages/v1" xmlns:v11="http://fidus.brussels/type/common/messages/v1">
   <soapenv:Header/>
   <soapenv:Body>
      <v1:consultSocialDebtRequest>
         <v1:messageContext>
            <v11:messageId>${=import static java.util.UUID.randomUUID; uuid = randomUUID() as String}</v11:messageId>
            <v11:timestamp>${=new java.text.SimpleDateFormat("yyyy-MM-dd'T'HH:mm:ss.SSS").format(new Date())}</v11:timestamp>
         </v1:messageContext>
         <v1:legalContext>ServiceVoucher</v1:legalContext>
         <v1:request>
            <searchCriteria>
               <cbeNumber>0837834530</cbeNumber>
               <requestingOrganisationNumber>0316381039</requestingOrganisationNumber>
               <!--Optional:-->
               <requestingBusinessUnitNumber>2143349018</requestingBusinessUnitNumber>
            </searchCriteria>
         </v1:request>
      </v1:consultSocialDebtRequest>
   </soapenv:Body>
</soapenv:Envelope>]]></con:request><con:assertion type="SOAP Fault Assertion" id="469ff283-982e-40b0-8975-ef34cd122a89" name="Not SOAP Fault"/><con:assertion type="SOAP Response" id="3002a863-a5ef-4d29-8421-cf80d56f28b9" name="SOAP Response"/><con:assertion type="Schema Compliance" id="7f2fbfa4-13e6-486b-a9ba-72c7f2a75455" name="Schema Compliance"><con:configuration/></con:assertion><con:wsaConfig action="http://fidus.brussels/services/enterprisesocialdebtservice/consultSocialDebt"/></con:request></con:config></con:testStep><con:testStep type="request" id="b12ecada-4a97-4c0e-a5a7-e9d0e296c9ac" name="testcase5 - Prod - Worker2 - Request"><con:settings/><con:config xsi:type="con:RequestStep" xmlns:xsi="http://www.w3.org/2001/XMLSchema-instance"><con:interface>EnterpriseSocialDebtServiceHTTPBinding</con:interface><con:operation>consultSocialDebt</con:operation><con:request name="testcase5 - Prod - Worker2 - Request" id="fd5913c9-0cc6-43e0-afef-cc168aa657dd" outgoingWss="Outflow PROD"><con:settings/><con:encoding>UTF-8</con:encoding><con:endpoint>https://192.168.26.22:8443/services/EnterpriseSocialDebtService_v1.0</con:endpoint><con:request><![CDATA[<soapenv:Envelope xmlns:soapenv="http://schemas.xmlsoap.org/soap/envelope/" xmlns:v1="http://fidus.brussels/service/enterprisesocialdebtservice/messages/v1" xmlns:v11="http://fidus.brussels/type/common/messages/v1">
   <soapenv:Header/>
   <soapenv:Body>
      <v1:consultSocialDebtRequest>
         <v1:messageContext>
            <v11:messageId>${=import static java.util.UUID.randomUUID; uuid = randomUUID() as String}</v11:messageId>
            <v11:timestamp>${=new java.text.SimpleDateFormat("yyyy-MM-dd'T'HH:mm:ss.SSS").format(new Date())}</v11:timestamp>
         </v1:messageContext>
         <v1:legalContext>ServiceVoucher</v1:legalContext>
         <v1:request>
            <searchCriteria>
               <cbeNumber>0480260856</cbeNumber>
               <requestingOrganisationNumber>0316381039</requestingOrganisationNumber>
               <!--Optional:-->
               <requestingBusinessUnitNumber>2143349018</requestingBusinessUnitNumber>
            </searchCriteria>
         </v1:request>
      </v1:consultSocialDebtRequest>
   </soapenv:Body>
</soapenv:Envelope>]]></con:request><con:assertion type="SOAP Fault Assertion" id="af585586-3052-4d61-b2a1-63ac4722207e" name="Not SOAP Fault"/><con:assertion type="SOAP Response" id="0bd48680-45f4-4ce6-9274-54576ac8517c" name="SOAP Response"/><con:assertion type="Schema Compliance" id="05276ca3-4243-45d0-a4a3-b70e2f5f53ee" name="Schema Compliance"><con:configuration/></con:assertion><con:wsaConfig action="http://fidus.brussels/services/enterprisesocialdebtservice/consultSocialDebt"/></con:request></con:config></con:testStep><con:properties/></con:testCase><con:properties/></con:testSuite><con:properties/>
  <con:wssContainer>
    
    
    
    
    
    
    
    
    
    
    
    
    
    
    
    
  <con:crypto><con:source>data/wso2/keystores/user-rajarshi.jks</con:source><con:password>test@fidus01</con:password><con:type>KEYSTORE</con:type></con:crypto><con:outgoing><con:name>Outflow TEST</con:name><con:entry type="Signature" username="testuser-test.fidus.brussels" password="test@fidus01"><con:configuration><crypto>user-rajarshi.jks</crypto><keyIdentifierType>3</keyIdentifierType><signatureAlgorithm/><signatureCanonicalization/><useSingleCert>true</useSingleCert><digestAlgorithm/><customTokenValueType/><customTokenId/></con:configuration></con:entry><con:entry type="Timestamp"><con:configuration><timeToLive>300000</timeToLive><strictTimestamp>true</strictTimestamp></con:configuration></con:entry></con:outgoing><con:outgoing><con:name>Outflow STAG</con:name></con:outgoing><con:outgoing><con:name>Outflow DEV</con:name></con:outgoing><con:outgoing><con:name>Outflow PROD</con:name></con:outgoing></con:wssContainer>
  <con:oAuth2ProfileContainer/>
  <con:oAuth1ProfileContainer/><con:sensitiveInformation/>
</con:soapui-project>