<?xml version="1.0" encoding="UTF-8"?>
<con:soapui-project activeEnvironment="Default" name="Client-EnterpriseDebtService-1.0-soapui-project" resourceRoot="" soapui-version="5.1.3" abortOnError="false" runType="SEQUENTIAL" id="5f04eb27-7948-4c8d-af57-9ceeba9adfe9" xmlns:con="http://eviware.com/soapui/config">
  <con:settings/>
  <con:interface xsi:type="con:WsdlInterface" wsaVersion="NONE" name="EnterpriseDebtServiceHTTPBinding" type="wsdl" bindingName="{http://fidus.brussels/service/enterprisedebtservice/v1}EnterpriseDebtServiceHTTPBinding" soapVersion="1_1" anonymous="optional" definition="file:/home/ebarbieux/Dev/fidus/enterprisedebtservice/EnterpriseDebtServiceGateway/src/main/resources/wsdl/enterpriseDebtService/1.0.0/EnterpriseDebtService_v1.wsdl" id="49199394-b649-4146-ae56-a19c5146a430" xmlns:xsi="http://www.w3.org/2001/XMLSchema-instance">
    <con:settings/>
    
    <con:definitionCache type="TEXT" rootPart="file:/home/ebarbieux/Dev/fidus/enterprisedebtservice/EnterpriseDebtServiceGateway/src/main/resources/wsdl/enterpriseDebtService/1.0.0/EnterpriseDebtService_v1.wsdl"><con:part><con:url>file:/home/ebarbieux/Dev/fidus/enterprisedebtservice/EnterpriseDebtServiceGateway/src/main/resources/wsdl/enterpriseDebtService/1.0.0/EnterpriseDebtService_v1.wsdl</con:url><con:content><![CDATA[<wsdl:definitions targetNamespace="http://fidus.brussels/service/enterprisedebtservice/v1" name="EnterpriseDebtService" xmlns:soap="http://schemas.xmlsoap.org/wsdl/soap/" xmlns:wsdl="http://schemas.xmlsoap.org/wsdl/" xmlns:xsd="http://www.w3.org/2001/XMLSchema" xmlns:mes="http://fidus.brussels/service/enterprisedebtservice/messages/v1" xmlns:tns="http://fidus.brussels/service/enterprisedebtservice/v1">
  <xsd:annotation>
    <xsd:documentation>EnterpriseDebtService WDSL v1.</xsd:documentation>
  </xsd:annotation>
  <wsdl:types>
    <xsd:schema targetNamespace="http://fidus.brussels/service/enterprisedebtservice/v1" elementFormDefault="qualified">
      <xsd:import namespace="http://fidus.brussels/service/enterprisedebtservice/messages/v1" schemaLocation="messages/enterpriseDebtServiceMessages_v1.xsd"/>
    </xsd:schema>
  </wsdl:types>
  <wsdl:message name="checkDebtsRequestMessage">
    <wsdl:part name="CheckDebtsRequest" element="mes:checkDebtsRequest"/>
  </wsdl:message>
  <wsdl:message name="checkDebtsResponseMessage">
    <wsdl:part name="CheckDebtsResponse" element="mes:checkDebtsResponse"/>
  </wsdl:message>
  <wsdl:portType name="EnterpriseDebtServicePortType">
    <wsdl:operation name="checkDebts">
      <wsdl:input message="tns:checkDebtsRequestMessage"/>
      <wsdl:output message="tns:checkDebtsResponseMessage"/>
    </wsdl:operation>
  </wsdl:portType>
  <wsdl:binding name="EnterpriseDebtServiceHTTPBinding" type="tns:EnterpriseDebtServicePortType">
    <soap:binding style="document" transport="http://schemas.xmlsoap.org/soap/http"/>
    <wsdl:operation name="checkDebts">
      <soap:operation soapAction="http://fidus.brussels/services/enterprisedebtservice/checkDebts"/>
      <wsdl:input>
        <soap:body use="literal"/>
      </wsdl:input>
      <wsdl:output>
        <soap:body use="literal"/>
      </wsdl:output>
    </wsdl:operation>
  </wsdl:binding>
  <wsdl:service name="EnterpriseDebtService_v1">
    <wsdl:port name="EnterpriseDebtService_v1" binding="tns:EnterpriseDebtServiceHTTPBinding">
      <soap:address location="http://fidus.brussels/services/enterprisedebtservice/v1"/>
    </wsdl:port>
  </wsdl:service>
</wsdl:definitions>]]></con:content><con:type>http://schemas.xmlsoap.org/wsdl/</con:type></con:part><con:part><con:url>file:/home/ebarbieux/Dev/fidus/enterprisedebtservice/EnterpriseDebtServiceGateway/src/main/resources/wsdl/enterpriseDebtService/1.0.0/messages/enterpriseDebtServiceMessages_v1.xsd</con:url><con:content><![CDATA[<xsd:schema targetNamespace="http://fidus.brussels/service/enterprisedebtservice/messages/v1" elementFormDefault="qualified" attributeFormDefault="unqualified" version="1.0" xmlns:xsd="http://www.w3.org/2001/XMLSchema" xmlns:cme="http://fidus.brussels/type/common/messages/v1" xmlns:exc="http://fidus.brussels/type/common/exceptions/v1" xmlns:tns="http://fidus.brussels/service/enterprisedebtservice/messages/v1" xmlns:tel="http://minfin.fgov.be/dad/services/telemarc">
  <xsd:import namespace="http://fidus.brussels/type/common/messages/v1" schemaLocation="baseMessageTypes_v1.xsd"/>
  <xsd:import namespace="http://fidus.brussels/type/common/exceptions/v1" schemaLocation="exceptionTypes_v1.xsd"/>
  <xsd:import namespace="http://minfin.fgov.be/dad/services/telemarc" schemaLocation="../FiscalDebtService/telemarc.xsd"/>
  <!--Request getEnterpriseDebtService definition-->
  <xsd:complexType name="CheckDebtsRequestType">
    <xsd:sequence>
      <xsd:element name="messageContext" type="cme:RequestMessageContextType"/>
      <xsd:element name="legalContext" type="cme:LegalContextType"/>
      <xsd:element name="request" type="tel:telemarcRequest"/>
    </xsd:sequence>
  </xsd:complexType>
  <!--Request getEnterpriseDebtService definition-->
  <xsd:complexType name="CheckDebtsResponseType">
    <xsd:sequence>
      <xsd:element name="messageContext" type="cme:ResponseMessageContextType"/>
      <xsd:element name="responses" type="tns:ResponsesType" minOccurs="0"/>
      <xsd:element name="exceptions" type="exc:ExceptionsType" minOccurs="0">
        <xsd:annotation>
          <xsd:documentation>Technical errors that occur when processing the message context e.g. insufficient rights.</xsd:documentation>
        </xsd:annotation>
      </xsd:element>
    </xsd:sequence>
  </xsd:complexType>
  <xsd:complexType name="ResponsesType">
    <xsd:sequence>
      <xsd:element name="response" type="tns:ResponseType" minOccurs="1" maxOccurs="1"/>
    </xsd:sequence>
  </xsd:complexType>
  <xsd:complexType name="ResponseType">
    <xsd:sequence>
      <xsd:element name="checkDebtsResponse" type="tel:telemarcResponse" minOccurs="0" maxOccurs="1"/>
      <xsd:element name="exceptions" type="exc:ExceptionsType" minOccurs="0">
        <xsd:annotation>
          <xsd:documentation>Business exceptions that occur when processing the request or response e.g. missing data for a single response element.
						Exceptions at this level may contain back-end specific codes and content.</xsd:documentation>
        </xsd:annotation>
      </xsd:element>
    </xsd:sequence>
  </xsd:complexType>
  <!--Element of the request and the response-->
  <xsd:element name="checkDebtsRequest" type="tns:CheckDebtsRequestType"/>
  <xsd:element name="checkDebtsResponse" type="tns:CheckDebtsResponseType"/>
</xsd:schema>]]></con:content><con:type>http://www.w3.org/2001/XMLSchema</con:type></con:part><con:part><con:url>file:/home/ebarbieux/Dev/fidus/enterprisedebtservice/EnterpriseDebtServiceGateway/src/main/resources/wsdl/enterpriseDebtService/1.0.0/messages/baseMessageTypes_v1.xsd</con:url><con:content><![CDATA[<xsd:schema targetNamespace="http://fidus.brussels/type/common/messages/v1" elementFormDefault="qualified" attributeFormDefault="unqualified" version="1.0" xmlns:xsd="http://www.w3.org/2001/XMLSchema" xmlns:cmn="http://fidus.brussels/type/common/v1" xmlns:tns="http://fidus.brussels/type/common/messages/v1">
  <!--Unformatted message Id-->
  <xsd:simpleType name="MessageIdType">
    <xsd:restriction base="xsd:string">
      <xsd:minLength value="1"/>
      <xsd:maxLength value="64"/>
    </xsd:restriction>
  </xsd:simpleType>
  <!--National Number of the person. Format depending on the Register-->
  <xsd:simpleType name="PersonNumberType">
    <xsd:restriction base="xsd:string">
      <xsd:pattern value="[0-9][0-9](([0][0-9])|([1][0-2]))(([0-2][0-9])|([3][0-1]))(([0-9]{2}[1-9])|([0-9][1-9][0-9])|([1-9][0-9]{2}))(([0-8][0-9])|([9][0-7]))">
        <xsd:annotation>
          <xsd:documentation>National Register format</xsd:documentation>
        </xsd:annotation>
      </xsd:pattern>
      <xsd:pattern value="[0-9][0-9](([2][0-9])|([3][0-2]))(([0-2][0-9])|([3][0-1]))[0-9]{3}(([0-8][0-9])|([9][0-7]))">
        <xsd:annotation>
          <xsd:documentation>CBSS Register format: Bis Register</xsd:documentation>
        </xsd:annotation>
      </xsd:pattern>
      <xsd:pattern value="[0-9][0-9](([4][0-9])|([5][0-2]))(([0-2][0-9])|([3][0-1]))[0-9]{3}(([0-8][0-9])|([9][0-7]))">
        <xsd:annotation>
          <xsd:documentation>CBSS Register format: Ter Register</xsd:documentation>
        </xsd:annotation>
      </xsd:pattern>
    </xsd:restriction>
  </xsd:simpleType>
  <!--Request message context-->
  <xsd:complexType name="RequestMessageContextType">
    <xsd:annotation>
      <xsd:documentation>Message context block generated by the consumer.</xsd:documentation>
    </xsd:annotation>
    <xsd:sequence>
      <xsd:element name="messageId" type="tns:MessageIdType">
        <xsd:annotation>
          <xsd:documentation>Consumer must assign their own MessageId reference for the request.</xsd:documentation>
        </xsd:annotation>
      </xsd:element>
      <xsd:element name="timestamp" type="xsd:dateTime" minOccurs="0">
        <xsd:annotation>
          <xsd:documentation>Timestamp when client sent request.</xsd:documentation>
        </xsd:annotation>
      </xsd:element>
    </xsd:sequence>
  </xsd:complexType>
  <!--Response message context-->
  <xsd:complexType name="ResponseMessageContextType">
    <xsd:annotation>
      <xsd:documentation>MessageContext block generated by fidus.</xsd:documentation>
    </xsd:annotation>
    <xsd:sequence>
      <xsd:element name="messageId" type="tns:MessageIdType">
        <xsd:annotation>
          <xsd:documentation>A unique identifier generated by fidus.</xsd:documentation>
        </xsd:annotation>
      </xsd:element>
      <xsd:element name="transactionId" type="tns:MessageIdType">
        <xsd:annotation>
          <xsd:documentation>A unique ID returned to the client for tracing purposes.</xsd:documentation>
        </xsd:annotation>
      </xsd:element>
      <xsd:element name="relatesTo" type="tns:MessageIdType" minOccurs="0">
        <xsd:annotation>
          <xsd:documentation>Optional field. The unique id of a previous batch file in this exchange Only used for responses.</xsd:documentation>
        </xsd:annotation>
      </xsd:element>
      <xsd:element name="timestamp" type="xsd:dateTime" minOccurs="0">
        <xsd:annotation>
          <xsd:documentation>Time reply sent by fidus.</xsd:documentation>
        </xsd:annotation>
      </xsd:element>
    </xsd:sequence>
  </xsd:complexType>
  <!--Legal Context : the finality of the Privacy Commission-->
  <xsd:simpleType name="LegalContextType">
    <xsd:restriction base="xsd:string">
      <xsd:minLength value="1"/>
      <xsd:maxLength value="64"/>
    </xsd:restriction>
  </xsd:simpleType>
  <xsd:complexType name="UserContextType">
    <xsd:annotation>
      <xsd:documentation>The user context defines information regarding the actual user performing a request.</xsd:documentation>
    </xsd:annotation>
    <xsd:sequence>
      <xsd:element name="language" type="xsd:language" nillable="true">
        <xsd:annotation>
          <xsd:documentation>The preferred language of the actual user performing the request.
						This influences the language in which response elements are cast.</xsd:documentation>
        </xsd:annotation>
      </xsd:element>
    </xsd:sequence>
  </xsd:complexType>
</xsd:schema>]]></con:content><con:type>http://www.w3.org/2001/XMLSchema</con:type></con:part><con:part><con:url>file:/home/ebarbieux/Dev/fidus/enterprisedebtservice/EnterpriseDebtServiceGateway/src/main/resources/wsdl/enterpriseDebtService/1.0.0/messages/exceptionTypes_v1.xsd</con:url><con:content><![CDATA[<xsd:schema targetNamespace="http://fidus.brussels/type/common/exceptions/v1" elementFormDefault="qualified" attributeFormDefault="unqualified" version="1.0" xmlns:xsd="http://www.w3.org/2001/XMLSchema" xmlns:tns="http://fidus.brussels/type/common/exceptions/v1">
  <!--Basic error typed-->
  <xsd:complexType name="ExceptionsType">
    <xsd:sequence>
      <xsd:element name="exception" type="tns:ExceptionType" maxOccurs="unbounded"/>
    </xsd:sequence>
  </xsd:complexType>
  <xsd:complexType name="ExceptionType">
    <xsd:sequence>
      <xsd:element name="type" type="tns:ExceptionClassType"/>
      <xsd:element name="code" type="tns:ExceptionCodeType"/>
      <xsd:element name="source" type="tns:ExceptionSourceType"/>
      <xsd:element name="description" type="tns:ExceptionDescriptionType"/>
    </xsd:sequence>
  </xsd:complexType>
  <xsd:simpleType name="ExceptionClassType">
    <xsd:restriction base="xsd:string">
      <xsd:enumeration value="ERROR"/>
      <xsd:enumeration value="WARNING"/>
      <xsd:enumeration value="INFO"/>
    </xsd:restriction>
  </xsd:simpleType>
  <xsd:simpleType name="ExceptionCodeType">
    <xsd:restriction base="xsd:string">
      <xsd:maxLength value="20"/>
    </xsd:restriction>
  </xsd:simpleType>
  <xsd:simpleType name="ExceptionSourceType">
    <xsd:restriction base="xsd:string">
      <xsd:maxLength value="20"/>
    </xsd:restriction>
  </xsd:simpleType>
  <xsd:simpleType name="ExceptionDescriptionType">
    <xsd:restriction base="xsd:string"/>
  </xsd:simpleType>
</xsd:schema>]]></con:content><con:type>http://www.w3.org/2001/XMLSchema</con:type></con:part><con:part><con:url>file:/home/ebarbieux/Dev/fidus/enterprisedebtservice/EnterpriseDebtServiceGateway/src/main/resources/wsdl/enterpriseDebtService/1.0.0/FiscalDebtService/telemarc.xsd</con:url><con:content><![CDATA[<xsd:schema targetNamespace="http://minfin.fgov.be/dad/services/telemarc" xmlns:xsd="http://www.w3.org/2001/XMLSchema" xmlns:ns0="http://minfin.fgov.be/dad/services/telemarc">
  <xsd:complexType name="InvalidArgumentException">
    <xsd:sequence>
      <xsd:element minOccurs="0" name="message" type="xsd:string"/>
    </xsd:sequence>
  </xsd:complexType>
  <xsd:complexType name="telemarcRequest">
    <xsd:sequence>
      <xsd:element name="companyNumber" type="xsd:string"/>
    </xsd:sequence>
  </xsd:complexType>
  <xsd:complexType name="telemarcResponse">
    <xsd:sequence>
      <xsd:element name="companyNumber" type="xsd:string"/>
      <xsd:element minOccurs="0" name="companyName" type="xsd:string"/>
      <xsd:element name="dateOfDay" type="xsd:date"/>
      <xsd:element name="response" type="ns0:responseType"/>
      <xsd:element minOccurs="0" name="amount" type="xsd:decimal"/>
    </xsd:sequence>
  </xsd:complexType>
  <xsd:element name="InvalidArgumentException" type="ns0:InvalidArgumentException"/>
  <xsd:element name="checkDebtsRequest" nillable="true" type="ns0:telemarcRequest"/>
  <xsd:element name="checkDebtsResponse" nillable="true" type="ns0:telemarcResponse"/>
  <xsd:simpleType name="responseType">
    <xsd:restriction base="xsd:string">
      <xsd:enumeration value="NO_DEBT"/>
      <xsd:enumeration value="HAS_DEBT"/>
      <xsd:enumeration value="UNKNOWN"/>
    </xsd:restriction>
  </xsd:simpleType>
</xsd:schema>]]></con:content><con:type>http://www.w3.org/2001/XMLSchema</con:type></con:part></con:definitionCache><con:endpoints>
      <con:endpoint>http://fidus.brussels/services/enterprisedebtservice/v1</con:endpoint>
      <con:endpoint>http://fidus.brussels/services/enterpriseservice/v1</con:endpoint>
      <con:endpoint>https://192.168.22.53:8443/services/EnterpriseService_v1.0</con:endpoint>
      <con:endpoint>https://192.168.22.54:8443/services/EnterpriseService_v1.0</con:endpoint>
      <con:endpoint>https://192.168.24.16:8443/services/EnterpriseService_v1.0</con:endpoint>
      <con:endpoint>https://192.168.24.17:8443/services/EnterpriseService_v1.0</con:endpoint>
      <con:endpoint>https://192.168.26.19:8443/services/EnterpriseService_v1.0</con:endpoint>
      <con:endpoint>https://192.168.26.22:8443/services/EnterpriseService_v1.0</con:endpoint>
      <con:endpoint>https://192.168.36.61:8243/services/EnterpriseService_v1.0</con:endpoint>
      <con:endpoint>https://esb-security-gw.sta.srv.cirb.lan:8443/services/EnterpriseService_v1.0</con:endpoint>
      <con:endpoint>https://fidus-esb-sg.prd.srv.cirb.lan:8443/services/EnterpriseService_v1.0</con:endpoint>
      <con:endpoint>https://fidus-esb-sg.sta.srv.cirb.lan:8443/services/EnterpriseService_v1.0</con:endpoint>
      <con:endpoint>https://fidus-test.irisnetlab.be/services/EnterpriseService_v1.0</con:endpoint>
      <con:endpoint>https://fidus.irisnetlab.be/services/EnterpriseService_v1.0</con:endpoint>
      <con:endpoint>https://fidus.sec.brussels/services/EnterpriseService_v1.0</con:endpoint>
    <con:endpoint>https://localhost:8243/services/EnterpriseService_v1.0</con:endpoint></con:endpoints>
    <con:operation isOneWay="false" action="http://fidus.brussels/services/enterprisedebtservice/checkDebts" name="checkDebts" bindingOperationName="checkDebts" type="Request-Response" inputName="" receivesAttachments="false" sendsAttachments="false" anonymous="optional" id="263dbaec-7ec4-43ae-82df-06c9e907efd4">
      <con:settings/>
      
      <con:call name="1 - Local - Request" outgoingWss="Outflow DEV" incomingWss="Inflow DEV" id="eea9f6d1-3681-4cb5-865d-4e1aa4545243">
        <con:settings>
          <con:setting id="com.eviware.soapui.impl.wsdl.WsdlRequest@request-headers">&lt;xml-fragment/></con:setting>
        </con:settings>
        <con:encoding>UTF-8</con:encoding>
        <con:endpoint>https://localhost:8243/services/EnterpriseDebtService_v1.0</con:endpoint>
        <con:request><![CDATA[<soapenv:Envelope xmlns:soapenv="http://schemas.xmlsoap.org/soap/envelope/" xmlns:v1="http://fidus.brussels/service/enterprisedebtservice/messages/v1" xmlns:v11="http://fidus.brussels/type/common/messages/v1">
   <soapenv:Header/>
   <soapenv:Body>
   <v1:checkDebtsRequest>
         <v1:messageContext>
            <v11:messageId>${=import static java.util.UUID.randomUUID; uuid = randomUUID() as String}</v11:messageId>
            <v11:timestamp>${=new java.text.SimpleDateFormat("yyyy-MM-dd'T'HH:mm:ss.SSS").format(new Date())}</v11:timestamp>
         </v1:messageContext>
         <v1:legalContext>ServiceIntegrator</v1:legalContext>
         <v1:request>
            <companyNumber>0240678477</companyNumber>
         </v1:request>
      </v1:checkDebtsRequest>
   </soapenv:Body>
</soapenv:Envelope>]]></con:request>
        <con:credentials>
          <con:selectedAuthProfile>Basic</con:selectedAuthProfile>
          <con:addedBasicAuthenticationTypes>Basic</con:addedBasicAuthenticationTypes>
          <con:authType>Global HTTP Settings</con:authType>
        </con:credentials>
        <con:jmsConfig JMSDeliveryMode="PERSISTENT"/>
        <con:jmsPropertyConfig/>
        <con:wsaConfig mustUnderstand="NONE" version="200508" action="http://fidus.brussels/services/enterpriseservice/getEntity"/>
        <con:wsrmConfig version="1.2"/>
      </con:call>
      
      <con:call name="2 - Dev - Request" outgoingWss="Outflow DEV" incomingWss="Inflow DEV" id="99be54eb-f4e2-4768-a2d7-8b07599ac630">
        <con:settings>
          <con:setting id="com.eviware.soapui.impl.wsdl.WsdlRequest@request-headers">&lt;xml-fragment/></con:setting>
        </con:settings>
        <con:encoding>UTF-8</con:encoding>
        <con:endpoint>https://192.168.36.61:8243/services/EnterpriseDebtService_v1.0</con:endpoint>
        <con:request><![CDATA[<soapenv:Envelope xmlns:soapenv="http://schemas.xmlsoap.org/soap/envelope/" xmlns:v1="http://fidus.brussels/service/enterprisedebtservice/messages/v1" xmlns:v11="http://fidus.brussels/type/common/messages/v1">
   <soapenv:Header/>
   <soapenv:Body>
   <v1:checkDebtsRequest>
         <v1:messageContext>
            <v11:messageId>${=import static java.util.UUID.randomUUID; uuid = randomUUID() as String}</v11:messageId>
            <v11:timestamp>${=new java.text.SimpleDateFormat("yyyy-MM-dd'T'HH:mm:ss.SSS").format(new Date())}</v11:timestamp>
         </v1:messageContext>
         <v1:legalContext>ServiceIntegrator</v1:legalContext>
         <v1:request>
            <companyNumber>0240678477</companyNumber>
         </v1:request>
      </v1:checkDebtsRequest>
   </soapenv:Body>
</soapenv:Envelope>]]></con:request>
        <con:credentials>
          <con:selectedAuthProfile>Basic</con:selectedAuthProfile>
          <con:addedBasicAuthenticationTypes>Basic</con:addedBasicAuthenticationTypes>
          <con:authType>Global HTTP Settings</con:authType>
        </con:credentials>
        <con:jmsConfig JMSDeliveryMode="PERSISTENT"/>
        <con:jmsPropertyConfig/>
        <con:wsaConfig mustUnderstand="NONE" version="200508" action="http://fidus.brussels/services/enterpriseservice/getEntity"/>
        <con:wsrmConfig version="1.2"/>
      </con:call>
      <con:call name="3 - Test - LB - Request" outgoingWss="Outflow TEST" incomingWss="Inflow TEST" id="fcc9a6a5-4cff-48f6-abc5-6d435af2af38">
        <con:settings>
          <con:setting id="com.eviware.soapui.impl.wsdl.WsdlRequest@request-headers">&lt;xml-fragment/></con:setting>
        </con:settings>
        <con:encoding>UTF-8</con:encoding>
        <con:endpoint>https://esb-security-gw.sta.srv.cirb.lan:8443/services/EnterpriseDebtService_v1.0</con:endpoint>
        <con:request><![CDATA[<soapenv:Envelope xmlns:soapenv="http://schemas.xmlsoap.org/soap/envelope/" xmlns:v1="http://fidus.brussels/service/enterprisedebtservice/messages/v1" xmlns:v11="http://fidus.brussels/type/common/messages/v1">
   <soapenv:Header/>
   <soapenv:Body>
   <v1:checkDebtsRequest>
         <v1:messageContext>
            <v11:messageId>${=import static java.util.UUID.randomUUID; uuid = randomUUID() as String}</v11:messageId>
            <v11:timestamp>${=new java.text.SimpleDateFormat("yyyy-MM-dd'T'HH:mm:ss.SSS").format(new Date())}</v11:timestamp>
         </v1:messageContext>
         <v1:legalContext>ServiceIntegrator</v1:legalContext>
         <v1:request>
            <companyNumber>0240678477</companyNumber>
         </v1:request>
      </v1:checkDebtsRequest>
   </soapenv:Body>
</soapenv:Envelope>]]></con:request>
        <con:credentials>
          <con:selectedAuthProfile>Basic</con:selectedAuthProfile>
          <con:addedBasicAuthenticationTypes>Basic</con:addedBasicAuthenticationTypes>
          <con:authType>Global HTTP Settings</con:authType>
        </con:credentials>
        <con:jmsConfig JMSDeliveryMode="PERSISTENT"/>
        <con:jmsPropertyConfig/>
        <con:wsaConfig mustUnderstand="NONE" version="200508" action="http://fidus.brussels/services/enterpriseservice/getEntity"/>
        <con:wsrmConfig version="1.2"/>
      </con:call>
      <con:call name="3 - Test - External - Request" outgoingWss="Outflow TEST" incomingWss="Inflow TEST" id="cade6f4b-65be-422b-93da-d64cf2eb7a56">
        <con:settings>
          <con:setting id="com.eviware.soapui.impl.wsdl.WsdlRequest@request-headers">&lt;xml-fragment/></con:setting>
        </con:settings>
        <con:encoding>UTF-8</con:encoding>
        <con:endpoint>https://fidus-test.irisnetlab.be/services/EnterpriseDebtService_v1.0</con:endpoint>
        <con:request><![CDATA[<soapenv:Envelope xmlns:soapenv="http://schemas.xmlsoap.org/soap/envelope/" xmlns:v1="http://fidus.brussels/service/enterprisedebtservice/messages/v1" xmlns:v11="http://fidus.brussels/type/common/messages/v1">
   <soapenv:Header/>
   <soapenv:Body>
   <v1:checkDebtsRequest>
         <v1:messageContext>
            <v11:messageId>${=import static java.util.UUID.randomUUID; uuid = randomUUID() as String}</v11:messageId>
            <v11:timestamp>${=new java.text.SimpleDateFormat("yyyy-MM-dd'T'HH:mm:ss.SSS").format(new Date())}</v11:timestamp>
         </v1:messageContext>
         <v1:legalContext>ServiceIntegrator</v1:legalContext>
         <v1:request>
            <companyNumber>0240678477</companyNumber>
         </v1:request>
      </v1:checkDebtsRequest>
   </soapenv:Body>
</soapenv:Envelope>]]></con:request>
        <con:credentials>
          <con:selectedAuthProfile>Basic</con:selectedAuthProfile>
          <con:addedBasicAuthenticationTypes>Basic</con:addedBasicAuthenticationTypes>
          <con:authType>Global HTTP Settings</con:authType>
        </con:credentials>
        <con:jmsConfig JMSDeliveryMode="PERSISTENT"/>
        <con:jmsPropertyConfig/>
        <con:wsaConfig mustUnderstand="NONE" version="200508" action="http://fidus.brussels/services/enterpriseservice/getEntity"/>
        <con:wsrmConfig version="1.2"/>
      </con:call>
      <con:call name="3 - Test - Worker1 - Request" outgoingWss="Outflow TEST" incomingWss="Inflow TEST" id="19b00018-f7a7-4b22-b7bb-5cb6e8e6a5bd">
        <con:settings>
          <con:setting id="com.eviware.soapui.impl.wsdl.WsdlRequest@request-headers">&lt;xml-fragment/></con:setting>
        </con:settings>
        <con:encoding>UTF-8</con:encoding>
        <con:endpoint>https://192.168.22.53:8443/services/EnterpriseDebtService_v1.0</con:endpoint>
        <con:request><![CDATA[<soapenv:Envelope xmlns:soapenv="http://schemas.xmlsoap.org/soap/envelope/" xmlns:v1="http://fidus.brussels/service/enterprisedebtservice/messages/v1" xmlns:v11="http://fidus.brussels/type/common/messages/v1">
   <soapenv:Header/>
   <soapenv:Body>
   <v1:checkDebtsRequest>
         <v1:messageContext>
            <v11:messageId>${=import static java.util.UUID.randomUUID; uuid = randomUUID() as String}</v11:messageId>
            <v11:timestamp>${=new java.text.SimpleDateFormat("yyyy-MM-dd'T'HH:mm:ss.SSS").format(new Date())}</v11:timestamp>
         </v1:messageContext>
         <v1:legalContext>ServiceIntegrator</v1:legalContext>
         <v1:request>
            <companyNumber>0240678477</companyNumber>
         </v1:request>
      </v1:checkDebtsRequest>
   </soapenv:Body>
</soapenv:Envelope>]]></con:request>
        <con:credentials>
          <con:selectedAuthProfile>Basic</con:selectedAuthProfile>
          <con:addedBasicAuthenticationTypes>Basic</con:addedBasicAuthenticationTypes>
          <con:authType>Global HTTP Settings</con:authType>
        </con:credentials>
        <con:jmsConfig JMSDeliveryMode="PERSISTENT"/>
        <con:jmsPropertyConfig/>
        <con:wsaConfig mustUnderstand="NONE" version="200508" action="http://fidus.brussels/services/enterpriseservice/getEntity"/>
        <con:wsrmConfig version="1.2"/>
      </con:call>
      <con:call name="3 - Test - Worker2 - Request" outgoingWss="Outflow TEST" incomingWss="Inflow TEST" id="48e133b0-2a74-4c51-a5fb-0645896985ad">
        <con:settings>
          <con:setting id="com.eviware.soapui.impl.wsdl.WsdlRequest@request-headers">&lt;xml-fragment/></con:setting>
        </con:settings>
        <con:encoding>UTF-8</con:encoding>
        <con:endpoint>https://192.168.22.54:8443/services/EnterpriseDebtService_v1.0</con:endpoint>
        <con:request><![CDATA[<soapenv:Envelope xmlns:soapenv="http://schemas.xmlsoap.org/soap/envelope/" xmlns:v1="http://fidus.brussels/service/enterprisedebtservice/messages/v1" xmlns:v11="http://fidus.brussels/type/common/messages/v1">
   <soapenv:Header/>
   <soapenv:Body>
   <v1:checkDebtsRequest>
         <v1:messageContext>
            <v11:messageId>${=import static java.util.UUID.randomUUID; uuid = randomUUID() as String}</v11:messageId>
            <v11:timestamp>${=new java.text.SimpleDateFormat("yyyy-MM-dd'T'HH:mm:ss.SSS").format(new Date())}</v11:timestamp>
         </v1:messageContext>
         <v1:legalContext>ServiceIntegrator</v1:legalContext>
         <v1:request>
            <companyNumber>0240678477</companyNumber>
         </v1:request>
      </v1:checkDebtsRequest>
   </soapenv:Body>
</soapenv:Envelope>]]></con:request>
        <con:credentials>
          <con:selectedAuthProfile>Basic</con:selectedAuthProfile>
          <con:addedBasicAuthenticationTypes>Basic</con:addedBasicAuthenticationTypes>
          <con:authType>Global HTTP Settings</con:authType>
        </con:credentials>
        <con:jmsConfig JMSDeliveryMode="PERSISTENT"/>
        <con:jmsPropertyConfig/>
        <con:wsaConfig mustUnderstand="NONE" version="200508" action="http://fidus.brussels/services/enterpriseservice/getEntity"/>
        <con:wsrmConfig version="1.2"/>
      </con:call>
      
      
      
      
      
      
      
      
    </con:operation>
  </con:interface>
  <con:testSuite id="461da1b5-71f1-4813-a72c-8edaa7b1e2c6" name="DEV"><con:settings/><con:runType>SEQUENTIAL</con:runType><con:testCase id="e9d143e1-df6a-44f8-bb29-0a5687bc1696" failOnError="true" failTestCaseOnErrors="true" keepSession="false" maxResults="0" name="checkDebts" searchProperties="true"><con:settings/><con:testStep type="request" id="29f523f1-01f3-4e19-a4af-b3452b610717" name="testcase2 - Dev - Request"><con:settings/><con:config xsi:type="con:RequestStep" xmlns:xsi="http://www.w3.org/2001/XMLSchema-instance"><con:interface>EnterpriseDebtServiceHTTPBinding</con:interface><con:operation>checkDebts</con:operation><con:request name="testcase2 - Dev - Request" id="1449f284-29aa-4db9-985a-3d6d6880fc3c" outgoingWss="Outflow DEV"><con:settings/><con:encoding>UTF-8</con:encoding><con:endpoint>https://192.168.36.61:8243/services/EnterpriseDebtService_v1.0</con:endpoint><con:request><![CDATA[<soapenv:Envelope xmlns:soapenv="http://schemas.xmlsoap.org/soap/envelope/" xmlns:v1="http://fidus.brussels/service/enterprisedebtservice/messages/v1" xmlns:v11="http://fidus.brussels/type/common/messages/v1">
   <soapenv:Header/>
   <soapenv:Body>
   <v1:checkDebtsRequest>
         <v1:messageContext>
            <v11:messageId>${=import static java.util.UUID.randomUUID; uuid = randomUUID() as String}</v11:messageId>
            <v11:timestamp>${=new java.text.SimpleDateFormat("yyyy-MM-dd'T'HH:mm:ss.SSS").format(new Date())}</v11:timestamp>
         </v1:messageContext>
         <v1:legalContext>ServiceIntegrator</v1:legalContext>
         <v1:request>
            <companyNumber>0240678477</companyNumber>
         </v1:request>
      </v1:checkDebtsRequest>
   </soapenv:Body>
</soapenv:Envelope>]]></con:request><con:assertion type="SOAP Fault Assertion" id="2c2c981b-f2e0-4bb1-b36e-29afd68f986e" name="Not SOAP Fault"/><con:assertion type="SOAP Response" id="b908ff7b-19a4-4da7-9157-45bac86fefe4" name="SOAP Response"/><con:assertion type="Schema Compliance" id="405bc7d4-f1ad-4814-905c-9936966d962c" name="Schema Compliance"><con:configuration/></con:assertion><con:wsaConfig action="http://fidus.brussels/services/enterprisedebtservice/checkDebts"/></con:request></con:config></con:testStep><con:properties/></con:testCase><con:properties/></con:testSuite><con:testSuite id="e1ef3318-9188-4533-b1d4-6beaa72fbab0" name="TEST"><con:settings/><con:runType>SEQUENTIAL</con:runType><con:testCase id="c1057409-355a-4d68-a8ad-3aaec73ff08e" failOnError="true" failTestCaseOnErrors="true" keepSession="false" maxResults="0" name="checkDebts" searchProperties="true"><con:settings/><con:testStep type="request" id="20d5a0e9-bb05-4552-8aaf-07b4ba859462" name="testcase3 - Test - LB - Request"><con:settings/><con:config xsi:type="con:RequestStep" xmlns:xsi="http://www.w3.org/2001/XMLSchema-instance"><con:interface>EnterpriseDebtServiceHTTPBinding</con:interface><con:operation>checkDebts</con:operation><con:request name="testcase3 - Test - LB - Request" id="a6530183-ea6b-4173-859a-2ded1465e616" outgoingWss="Outflow TEST"><con:settings/><con:encoding>UTF-8</con:encoding><con:endpoint>https://esb-security-gw.sta.srv.cirb.lan:8443/services/EnterpriseDebtService_v1.0</con:endpoint><con:request><![CDATA[<soapenv:Envelope xmlns:soapenv="http://schemas.xmlsoap.org/soap/envelope/" xmlns:v1="http://fidus.brussels/service/enterprisedebtservice/messages/v1" xmlns:v11="http://fidus.brussels/type/common/messages/v1">
   <soapenv:Header/>
   <soapenv:Body>
   <v1:checkDebtsRequest>
         <v1:messageContext>
            <v11:messageId>${=import static java.util.UUID.randomUUID; uuid = randomUUID() as String}</v11:messageId>
            <v11:timestamp>${=new java.text.SimpleDateFormat("yyyy-MM-dd'T'HH:mm:ss.SSS").format(new Date())}</v11:timestamp>
         </v1:messageContext>
         <v1:legalContext>ServiceIntegrator</v1:legalContext>
         <v1:request>
            <companyNumber>0240678477</companyNumber>
         </v1:request>
      </v1:checkDebtsRequest>
   </soapenv:Body>
</soapenv:Envelope>]]></con:request><con:assertion type="SOAP Fault Assertion" id="71ba64ef-b49c-4d67-8b54-5630012d8b0d" name="Not SOAP Fault"/><con:assertion type="SOAP Response" id="37bb666e-545f-4db4-be16-3279ceb76309" name="SOAP Response"/><con:assertion type="Schema Compliance" id="8167e787-11bd-4fde-bf90-1410d2f32143" name="Schema Compliance"><con:configuration/></con:assertion><con:wsaConfig action="http://fidus.brussels/services/enterprisedebtservice/checkDebts"/></con:request></con:config></con:testStep><con:testStep type="request" id="773d2be3-4cc0-409b-9fb6-d0a92907a0a7" name="testcase3 - Test - External - Request"><con:settings/><con:config xsi:type="con:RequestStep" xmlns:xsi="http://www.w3.org/2001/XMLSchema-instance"><con:interface>EnterpriseDebtServiceHTTPBinding</con:interface><con:operation>checkDebts</con:operation><con:request name="testcase3 - Test - External - Request" id="59f62bd6-3185-46a9-96f0-eda1e46a77b5" outgoingWss="Outflow TEST"><con:settings/><con:encoding>UTF-8</con:encoding><con:endpoint>https://fidus-test.irisnetlab.be/services/EnterpriseDebtService_v1.0</con:endpoint><con:request><![CDATA[<soapenv:Envelope xmlns:soapenv="http://schemas.xmlsoap.org/soap/envelope/" xmlns:v1="http://fidus.brussels/service/enterprisedebtservice/messages/v1" xmlns:v11="http://fidus.brussels/type/common/messages/v1">
   <soapenv:Header/>
   <soapenv:Body>
   <v1:checkDebtsRequest>
         <v1:messageContext>
            <v11:messageId>${=import static java.util.UUID.randomUUID; uuid = randomUUID() as String}</v11:messageId>
            <v11:timestamp>${=new java.text.SimpleDateFormat("yyyy-MM-dd'T'HH:mm:ss.SSS").format(new Date())}</v11:timestamp>
         </v1:messageContext>
         <v1:legalContext>ServiceIntegrator</v1:legalContext>
         <v1:request>
            <companyNumber>0240678477</companyNumber>
         </v1:request>
      </v1:checkDebtsRequest>
   </soapenv:Body>
</soapenv:Envelope>]]></con:request><con:assertion type="SOAP Fault Assertion" id="e944ee6b-b7df-47ef-b40b-036ec17696be" name="Not SOAP Fault"/><con:assertion type="SOAP Response" id="e9fa4c4c-efdb-467b-8e16-38398278f954" name="SOAP Response"/><con:assertion type="Schema Compliance" id="ca258c83-d8a2-4654-a471-68171551facc" name="Schema Compliance"><con:configuration/></con:assertion><con:wsaConfig action="http://fidus.brussels/services/enterprisedebtservice/checkDebts"/></con:request></con:config></con:testStep><con:testStep type="request" id="4127f9e2-64e1-49ae-9fc6-0bad75211f11" name="testcase3 - Test - Worker1 - Request"><con:settings/><con:config xsi:type="con:RequestStep" xmlns:xsi="http://www.w3.org/2001/XMLSchema-instance"><con:interface>EnterpriseDebtServiceHTTPBinding</con:interface><con:operation>checkDebts</con:operation><con:request name="testcase3 - Test - Worker1 - Request" id="fe35e9ed-89bd-4909-a20d-99e857094780" outgoingWss="Outflow TEST"><con:settings/><con:encoding>UTF-8</con:encoding><con:endpoint>https://192.168.22.53:8443/services/EnterpriseDebtService_v1.0</con:endpoint><con:request><![CDATA[<soapenv:Envelope xmlns:soapenv="http://schemas.xmlsoap.org/soap/envelope/" xmlns:v1="http://fidus.brussels/service/enterprisedebtservice/messages/v1" xmlns:v11="http://fidus.brussels/type/common/messages/v1">
   <soapenv:Header/>
   <soapenv:Body>
   <v1:checkDebtsRequest>
         <v1:messageContext>
            <v11:messageId>${=import static java.util.UUID.randomUUID; uuid = randomUUID() as String}</v11:messageId>
            <v11:timestamp>${=new java.text.SimpleDateFormat("yyyy-MM-dd'T'HH:mm:ss.SSS").format(new Date())}</v11:timestamp>
         </v1:messageContext>
         <v1:legalContext>ServiceIntegrator</v1:legalContext>
         <v1:request>
            <companyNumber>0240678477</companyNumber>
         </v1:request>
      </v1:checkDebtsRequest>
   </soapenv:Body>
</soapenv:Envelope>]]></con:request><con:assertion type="SOAP Fault Assertion" id="8cfca1e7-a64f-42ac-95f0-0b59e5c6363a" name="Not SOAP Fault"/><con:assertion type="SOAP Response" id="1c2c9b3e-1dd4-40b9-9c96-64ba34f5244f" name="SOAP Response"/><con:assertion type="Schema Compliance" id="6ade1a3f-2106-4ac0-914f-c1656fbe34cd" name="Schema Compliance"><con:configuration/></con:assertion><con:wsaConfig action="http://fidus.brussels/services/enterprisedebtservice/checkDebts"/></con:request></con:config></con:testStep><con:testStep type="request" id="569bca52-0437-48f2-bb59-e2b5cab2eff3" name="testcase3 - Test - Worker2 - Request"><con:settings/><con:config xsi:type="con:RequestStep" xmlns:xsi="http://www.w3.org/2001/XMLSchema-instance"><con:interface>EnterpriseDebtServiceHTTPBinding</con:interface><con:operation>checkDebts</con:operation><con:request name="testcase3 - Test - Worker2 - Request" id="afd6b1c0-0fe6-439d-b8f2-0ff0fc8f0483" outgoingWss="Outflow TEST"><con:settings/><con:encoding>UTF-8</con:encoding><con:endpoint>https://192.168.22.54:8443/services/EnterpriseDebtService_v1.0</con:endpoint><con:request><![CDATA[<soapenv:Envelope xmlns:soapenv="http://schemas.xmlsoap.org/soap/envelope/" xmlns:v1="http://fidus.brussels/service/enterprisedebtservice/messages/v1" xmlns:v11="http://fidus.brussels/type/common/messages/v1">
   <soapenv:Header/>
   <soapenv:Body>
   <v1:checkDebtsRequest>
         <v1:messageContext>
            <v11:messageId>${=import static java.util.UUID.randomUUID; uuid = randomUUID() as String}</v11:messageId>
            <v11:timestamp>${=new java.text.SimpleDateFormat("yyyy-MM-dd'T'HH:mm:ss.SSS").format(new Date())}</v11:timestamp>
         </v1:messageContext>
         <v1:legalContext>ServiceIntegrator</v1:legalContext>
         <v1:request>
            <companyNumber>0240678477</companyNumber>
         </v1:request>
      </v1:checkDebtsRequest>
   </soapenv:Body>
</soapenv:Envelope>]]></con:request><con:assertion type="SOAP Fault Assertion" id="a3ad9347-84d2-4684-bc63-da2aae69f1de" name="Not SOAP Fault"/><con:assertion type="SOAP Response" id="d2e3f257-d2db-47a7-a2a5-0bb1b1c1f409" name="SOAP Response"/><con:assertion type="Schema Compliance" id="aea346b4-c28d-4ee6-b075-e8f7ff1284a0" name="Schema Compliance"><con:configuration/></con:assertion><con:wsaConfig action="http://fidus.brussels/services/enterprisedebtservice/checkDebts"/></con:request></con:config></con:testStep><con:properties/></con:testCase><con:properties/></con:testSuite><con:properties/>
  <con:wssContainer>
    
    
    
    
    
    
    
    
    
    
    
    
  <con:crypto><con:source>data/wso2/keystores/user-rajarshi.jks</con:source><con:password>test@fidus01</con:password><con:type>KEYSTORE</con:type></con:crypto><con:outgoing><con:name>Outflow DEV</con:name></con:outgoing><con:outgoing><con:name>Outflow TEST</con:name><con:entry type="Signature" username="testuser-test.fidus.brussels" password="test@fidus01"><con:configuration><crypto>user-rajarshi.jks</crypto><keyIdentifierType>3</keyIdentifierType><signatureAlgorithm/><signatureCanonicalization/><useSingleCert>true</useSingleCert><digestAlgorithm/><customTokenValueType/><customTokenId/></con:configuration></con:entry><con:entry type="Timestamp"><con:configuration><timeToLive>300000</timeToLive><strictTimestamp>true</strictTimestamp></con:configuration></con:entry></con:outgoing></con:wssContainer>
  <con:oAuth2ProfileContainer/>
  <con:oAuth1ProfileContainer/><con:sensitiveInformation/>
</con:soapui-project>