<?xml version="1.0" encoding="UTF-8"?>
<con:soapui-project id="bf2417e2-e06c-4951-9271-0b5ff19b7914" activeEnvironment="Default" name="Client-RealEstateService-1.3-soapui-project" resourceRoot="" soapui-version="5.1.3" abortOnError="false" runType="SEQUENTIAL" xmlns:con="http://eviware.com/soapui/config">
  <con:settings/>
  <con:interface xsi:type="con:WsdlInterface" id="928e8a80-7542-45cc-ad02-e070a0a72ce6" wsaVersion="NONE" name="RealEstateServiceHTTPBinding" type="wsdl" bindingName="{http://fidus.brussels/service/realestateservice/v1.3}RealEstateServiceHTTPBinding" soapVersion="1_1" anonymous="optional" definition="file:/home/adussart/projects/git/fidus/parent/realestateservice_1.3/RealEstateServiceGateway/src/main/resources/wsdl/realEstateService/1.3.0/RealEstateService_v1.3.wsdl" xmlns:xsi="http://www.w3.org/2001/XMLSchema-instance">
    <con:settings/>
    
    <con:definitionCache type="TEXT" rootPart="file:/home/adussart/projects/git/fidus/parent/realestateservice_1.3/RealEstateServiceGateway/src/main/resources/wsdl/realEstateService/1.3.0/RealEstateService_v1.3.wsdl"><con:part><con:url>file:/home/adussart/projects/git/fidus/parent/realestateservice_1.3/RealEstateServiceGateway/src/main/resources/wsdl/realEstateService/1.3.0/RealEstateService_v1.3.wsdl</con:url><con:content><![CDATA[<wsdl:definitions name="RealEstateService" targetNamespace="http://fidus.brussels/service/realestateservice/v1.3" xmlns:soap="http://schemas.xmlsoap.org/wsdl/soap/" xmlns:wsdl="http://schemas.xmlsoap.org/wsdl/" xmlns:xsd="http://www.w3.org/2001/XMLSchema" xmlns:mes="http://fidus.brussels/service/realestateservice/messages/v1" xmlns:tns="http://fidus.brussels/service/realestateservice/v1.3">
  <wsdl:types>
    <xsd:schema targetNamespace="http://fidus.brussels/service/realestateservice/v1" elementFormDefault="qualified">
      <xsd:import namespace="http://fidus.brussels/service/realestateservice/messages/v1" schemaLocation="messages/realEstateServiceMessages_v1.xsd"/>
    </xsd:schema>
  </wsdl:types>
  <wsdl:message name="findPropertiesTxByCriteriaRequestMessage">
    <wsdl:part name="FindPropertiesTxByCriteriaRequest" element="mes:findPropertiesTxByCriteriaRequest"/>
  </wsdl:message>
  <wsdl:message name="findPropertiesTxByCriteriaResponseMessage">
    <wsdl:part name="FindPropertiesTxByCriteriaResponse" element="mes:findPropertiesTxByCriteriaResponse"/>
  </wsdl:message>
  <wsdl:message name="findCommunitiesBySearchTokenResponseMessage">
    <wsdl:part name="findCommunitiesBySearchTokenResponse" element="mes:findCommunitiesBySearchTokenResponse"/>
  </wsdl:message>
  <wsdl:message name="findCommunitiesBySearchTokenRequestMessage">
    <wsdl:part name="findCommunitiesBySearchTokenRequest" element="mes:findCommunitiesBySearchTokenRequest"/>
  </wsdl:message>
  <wsdl:message name="findStreetsBySearchTokenResponseMessage">
    <wsdl:part name="findStreetsBySearchTokenResponse" element="mes:findStreetsBySearchTokenResponse"/>
  </wsdl:message>
  <wsdl:message name="findStreetsBySearchTokenRequestMessage">
    <wsdl:part name="findStreetsBySearchTokenRequest" element="mes:findStreetsBySearchTokenRequest"/>
  </wsdl:message>
  <wsdl:message name="getListForAddressResponseMessage">
    <wsdl:part name="getListForAddressResponse" element="mes:getListForAddressResponse"/>
  </wsdl:message>
  <wsdl:message name="getListForAddressRequestMessage">
    <wsdl:part name="getListForAddressRequest" element="mes:getListForAddressRequest"/>
  </wsdl:message>
  <wsdl:message name="findPropertyByParcelIdResponseMessage">
    <wsdl:part name="findPropertyByParcelIdResponse" element="mes:findPropertyByParcelIdResponse"/>
  </wsdl:message>
  <wsdl:message name="findPropertyByParcelIdRequestMessage">
    <wsdl:part name="findPropertyByParcelIdRequest" element="mes:findPropertyByParcelIdRequest"/>
  </wsdl:message>
  <wsdl:message name="getPropertyByNRNResponseMessage">
    <wsdl:part name="getPropertyByNRNResponse" element="mes:getPropertyByNRNResponse"/>
  </wsdl:message>
  <wsdl:message name="getPropertyByNRNRequestMessage">
    <wsdl:part name="getPropertyByNRNRequest" element="mes:getPropertyByNRNRequest"/>
  </wsdl:message>
  <wsdl:message name="getPropertyByEnterpriseNRResponseMessage">
    <wsdl:part name="getPropertyByEnterpriseNRResponse" element="mes:getPropertyByEnterpriseNRResponse"/>
  </wsdl:message>
  <wsdl:message name="getPropertyByEnterpriseNRRequestMessage">
    <wsdl:part name="getPropertyByEnterpriseNRRequest" element="mes:getPropertyByEnterpriseNRRequest"/>
  </wsdl:message>
  <wsdl:message name="getListDivisionWithPropertyByNRNResponseMessage">
    <wsdl:part name="getListDivisionWithPropertyByNRNResponse" element="mes:getListDivisionWithPropertyByNRNResponse"/>
  </wsdl:message>
  <wsdl:message name="getListDivisionWithPropertyByNRNRequestMessage">
    <wsdl:part name="getListDivisionWithPropertyByNRNRequest" element="mes:getListDivisionWithPropertyByNRNRequest"/>
  </wsdl:message>
  <wsdl:portType name="RealEstateServicePortType">
    <wsdl:operation name="findPropertiesTxByCriteria">
      <wsdl:input message="tns:findPropertiesTxByCriteriaRequestMessage"/>
      <wsdl:output message="tns:findPropertiesTxByCriteriaResponseMessage"/>
    </wsdl:operation>
    <wsdl:operation name="findCommunitiesBySearchToken">
      <wsdl:input message="tns:findCommunitiesBySearchTokenRequestMessage"/>
      <wsdl:output message="tns:findCommunitiesBySearchTokenResponseMessage"/>
    </wsdl:operation>
    <wsdl:operation name="findStreetsBySearchToken">
      <wsdl:input message="tns:findStreetsBySearchTokenRequestMessage"/>
      <wsdl:output message="tns:findStreetsBySearchTokenResponseMessage"/>
    </wsdl:operation>
    <wsdl:operation name="getListForAddress">
      <wsdl:input message="tns:getListForAddressRequestMessage"/>
      <wsdl:output message="tns:getListForAddressResponseMessage"/>
    </wsdl:operation>
    <wsdl:operation name="findPropertyByParcelId">
      <wsdl:input message="tns:findPropertyByParcelIdRequestMessage"/>
      <wsdl:output message="tns:findPropertyByParcelIdResponseMessage"/>
    </wsdl:operation>
    <wsdl:operation name="getPropertyByNRN">
      <wsdl:input message="tns:getPropertyByNRNRequestMessage"/>
      <wsdl:output message="tns:getPropertyByNRNResponseMessage"/>
    </wsdl:operation>
    <wsdl:operation name="getPropertyByEnterpriseNR">
      <wsdl:input message="tns:getPropertyByEnterpriseNRRequestMessage"/>
      <wsdl:output message="tns:getPropertyByEnterpriseNRResponseMessage"/>
    </wsdl:operation>
    <wsdl:operation name="getListDivisionWithPropertyByNRN">
      <wsdl:input message="tns:getListDivisionWithPropertyByNRNRequestMessage"/>
      <wsdl:output message="tns:getListDivisionWithPropertyByNRNResponseMessage"/>
    </wsdl:operation>
  </wsdl:portType>
  <wsdl:binding name="RealEstateServiceHTTPBinding" type="tns:RealEstateServicePortType">
    <soap:binding style="document" transport="http://schemas.xmlsoap.org/soap/http"/>
    <wsdl:operation name="findPropertiesTxByCriteria">
      <soap:operation soapAction="http://fidus.brussels/services/realestateservice/findPropertiesTxByCriteria"/>
      <wsdl:input>
        <soap:body use="literal"/>
      </wsdl:input>
      <wsdl:output>
        <soap:body use="literal"/>
      </wsdl:output>
    </wsdl:operation>
    <wsdl:operation name="findCommunitiesBySearchToken">
      <soap:operation soapAction="http://fidus.brussels/services/realestateservice/findCommunitiesBySearchToken"/>
      <wsdl:input>
        <soap:body use="literal"/>
      </wsdl:input>
      <wsdl:output>
        <soap:body use="literal"/>
      </wsdl:output>
    </wsdl:operation>
    <wsdl:operation name="findStreetsBySearchToken">
      <soap:operation soapAction="http://fidus.brussels/services/realestateservice/findStreetsBySearchToken"/>
      <wsdl:input>
        <soap:body use="literal"/>
      </wsdl:input>
      <wsdl:output>
        <soap:body use="literal"/>
      </wsdl:output>
    </wsdl:operation>
    <wsdl:operation name="getListForAddress">
      <soap:operation soapAction="http://fidus.brussels/services/realestateservice/getListForAddress"/>
      <wsdl:input>
        <soap:body use="literal"/>
      </wsdl:input>
      <wsdl:output>
        <soap:body use="literal"/>
      </wsdl:output>
    </wsdl:operation>
    <wsdl:operation name="findPropertyByParcelId">
      <soap:operation soapAction="http://fidus.brussels/services/realestateservice/findPropertyByParcelId"/>
      <wsdl:input>
        <soap:body use="literal"/>
      </wsdl:input>
      <wsdl:output>
        <soap:body use="literal"/>
      </wsdl:output>
    </wsdl:operation>
    <wsdl:operation name="getPropertyByNRN">
      <soap:operation soapAction="http://fidus.brussels/services/realestateservice/getPropertyByNRN"/>
      <wsdl:input>
        <soap:body use="literal"/>
      </wsdl:input>
      <wsdl:output>
        <soap:body use="literal"/>
      </wsdl:output>
    </wsdl:operation>
    <wsdl:operation name="getPropertyByEnterpriseNR">
      <soap:operation soapAction="http://fidus.brussels/services/realestateservice/getPropertyByEnterpriseNR"/>
      <wsdl:input>
        <soap:body use="literal"/>
      </wsdl:input>
      <wsdl:output>
        <soap:body use="literal"/>
      </wsdl:output>
    </wsdl:operation>
    <wsdl:operation name="getListDivisionWithPropertyByNRN">
      <soap:operation soapAction="http://fidus.brussels/services/realestateservice/getListDivisionWithPropertyByNRN"/>
      <wsdl:input>
        <soap:body use="literal"/>
      </wsdl:input>
      <wsdl:output>
        <soap:body use="literal"/>
      </wsdl:output>
    </wsdl:operation>
  </wsdl:binding>
  <wsdl:service name="RealEstateService_v1.3">
    <wsdl:port name="RealEstateService_v1.3" binding="tns:RealEstateServiceHTTPBinding">
      <soap:address location="http://fidus.brussels/services/realestateservice/v1.3"/>
    </wsdl:port>
  </wsdl:service>
  <xsd:annotation>
    <xsd:documentation>RealEstateService WDSL v1.3</xsd:documentation>
  </xsd:annotation>
</wsdl:definitions>]]></con:content><con:type>http://schemas.xmlsoap.org/wsdl/</con:type></con:part><con:part><con:url>file:/home/adussart/projects/git/fidus/parent/realestateservice_1.3/RealEstateServiceGateway/src/main/resources/wsdl/realEstateService/1.3.0/messages/realEstateServiceMessages_v1.xsd</con:url><con:content><![CDATA[<xsd:schema targetNamespace="http://fidus.brussels/service/realestateservice/messages/v1" elementFormDefault="qualified" attributeFormDefault="unqualified" version="1.0" xmlns:xsd="http://www.w3.org/2001/XMLSchema" xmlns:cme="http://fidus.brussels/type/common/messages/v1" xmlns:exc="http://fidus.brussels/type/common/exceptions/v1" xmlns:tns="http://fidus.brussels/service/realestateservice/messages/v1" xmlns:fin="http://www.minfin.fgov.be/schemas/esb/consultimmotx/direct" xmlns:ws="http://www.minfin.fgov.be/schemas/esb/consultimmo" xmlns:ns1="http://fidus.brussels/service/realestateservice/messages/v1">
  <xsd:import namespace="http://fidus.brussels/type/common/messages/v1" schemaLocation="baseMessageTypes_v1.xsd"/>
  <xsd:import namespace="http://fidus.brussels/type/common/exceptions/v1" schemaLocation="exceptionTypes_v1.xsd"/>
  <xsd:import namespace="http://www.minfin.fgov.be/schemas/esb/consultimmotx/direct" schemaLocation="../consultimmotx/ConsultImmoTxDataService2.xsd"/>
  <xsd:import namespace="http://www.minfin.fgov.be/schemas/esb/consultimmo" schemaLocation="../consultimmotx/ConsultImmoPropExternal.xsd"/>
  <xsd:complexType name="RealEstateServiceRequestType">
    <xsd:annotation>
      <xsd:documentation>The person whose information is requested.</xsd:documentation>
    </xsd:annotation>
    <xsd:sequence>
      <xsd:element name="personNumber" type="cme:PersonNumberType" nillable="true">
        <xsd:annotation>
          <xsd:documentation>The basic identifier of a person is his personNumber.</xsd:documentation>
        </xsd:annotation>
      </xsd:element>
    </xsd:sequence>
  </xsd:complexType>
  <!--findCommunitiesBySearchToken definition-->
  <xsd:complexType name="FindPropertiesTxByCriteriaRequestType">
    <xsd:sequence>
      <xsd:element name="messageContext" type="cme:RequestMessageContextType"/>
      <xsd:element name="legalContext" type="cme:LegalContextType"/>
      <xsd:element name="request" type="fin:findPropertiesTransactionsByCriteriaRequestType"/>
    </xsd:sequence>
  </xsd:complexType>
  <xsd:complexType name="FindPropertiesTxByCriteriaResponseType">
    <xsd:sequence>
      <xsd:element name="messageContext" type="cme:ResponseMessageContextType"/>
      <xsd:element name="responses" type="tns:ResponsesPropTxType" minOccurs="0"/>
      <xsd:element name="exceptions" type="exc:ExceptionsType" minOccurs="0">
        <xsd:annotation>
          <xsd:documentation>Technical errors that occur when processing the message context e.g. insufficient rights.</xsd:documentation>
        </xsd:annotation>
      </xsd:element>
    </xsd:sequence>
  </xsd:complexType>
  <xsd:complexType name="ResponsesPropTxType">
    <xsd:sequence>
      <xsd:element name="response" type="tns:ResponsePropTxType" minOccurs="1" maxOccurs="1"/>
    </xsd:sequence>
  </xsd:complexType>
  <xsd:complexType name="ResponsePropTxType">
    <xsd:sequence>
      <xsd:element name="transaction" type="fin:transaction" minOccurs="0" maxOccurs="1000"/>
      <xsd:element name="maxElemReached" type="xsd:boolean" minOccurs="0"/>
      <xsd:element name="numberElemForRequest" type="xsd:integer" minOccurs="0"/>
      <xsd:element name="exceptions" type="exc:ExceptionsType" minOccurs="0">
        <xsd:annotation>
          <xsd:documentation>Business exceptions that occur when processing the request or response e.g. missing data for a single response element.
						Exceptions at this level may contain back-end specific codes and content.</xsd:documentation>
        </xsd:annotation>
      </xsd:element>
    </xsd:sequence>
  </xsd:complexType>
  <!--findCommunitiesBySearchToken definition-->
  <xsd:complexType name="findCommunitiesBySearchTokenRequest">
    <xsd:annotation>
      <xsd:documentation>Find communities by a searchtoken, in the chosen language.</xsd:documentation>
    </xsd:annotation>
    <xsd:sequence>
      <xsd:element name="messageContext" type="cme:RequestMessageContextType"/>
      <xsd:element name="legalContext" type="cme:LegalContextType"/>
      <xsd:element name="request" type="ws:findCommunitiesBySearchTokenVO"/>
    </xsd:sequence>
  </xsd:complexType>
  <xsd:complexType name="findCommunitiesBySearchTokenResponse">
    <xsd:sequence>
      <xsd:element name="messageContext" type="cme:ResponseMessageContextType"/>
      <xsd:element name="responses" type="tns:ResponsesComBySTType" minOccurs="0"/>
      <xsd:element name="exceptions" type="exc:ExceptionsType" minOccurs="0">
        <xsd:annotation>
          <xsd:documentation>Technical errors that occur when processing the message context e.g. insufficient rights.</xsd:documentation>
        </xsd:annotation>
      </xsd:element>
    </xsd:sequence>
  </xsd:complexType>
  <xsd:complexType name="ResponsesComBySTType">
    <xsd:sequence>
      <xsd:element name="response" type="tns:ResponseComBySTType" minOccurs="1" maxOccurs="1"/>
    </xsd:sequence>
  </xsd:complexType>
  <xsd:complexType name="ResponseComBySTType">
    <xsd:sequence>
      <xsd:element name="communityVO" type="ws:communityVO" form="unqualified" nillable="true" minOccurs="0" maxOccurs="unbounded"/>
      <xsd:element name="exceptions" type="exc:ExceptionsType" minOccurs="0">
        <xsd:annotation>
          <xsd:documentation>Business exceptions that occur when processing the request or response e.g. missing data for a single response element.
						Exceptions at this level may contain back-end specific codes and content.</xsd:documentation>
        </xsd:annotation>
      </xsd:element>
    </xsd:sequence>
  </xsd:complexType>
  <!--findStreetsBySearchToken definition-->
  <xsd:complexType name="findStreetsBySearchTokenRequest">
    <xsd:annotation>
      <xsd:documentation>Find streets by a searchtoken, in the chosen language.</xsd:documentation>
    </xsd:annotation>
    <xsd:sequence>
      <xsd:element name="messageContext" type="cme:RequestMessageContextType"/>
      <xsd:element name="legalContext" type="cme:LegalContextType"/>
      <xsd:element name="request" type="ws:findStreetsBySearchTokenVO"/>
    </xsd:sequence>
  </xsd:complexType>
  <xsd:complexType name="findStreetsBySearchTokenResponse">
    <xsd:sequence>
      <xsd:element name="messageContext" type="cme:ResponseMessageContextType"/>
      <xsd:element name="responses" type="tns:ResponsesStreetBySTType" minOccurs="0"/>
      <xsd:element name="exceptions" type="exc:ExceptionsType" minOccurs="0">
        <xsd:annotation>
          <xsd:documentation>Technical errors that occur when processing the message context e.g. insufficient rights.</xsd:documentation>
        </xsd:annotation>
      </xsd:element>
    </xsd:sequence>
  </xsd:complexType>
  <xsd:complexType name="ResponsesStreetBySTType">
    <xsd:sequence>
      <xsd:element name="response" type="tns:ResponseStreetBySTType" minOccurs="1" maxOccurs="1"/>
    </xsd:sequence>
  </xsd:complexType>
  <xsd:complexType name="ResponseStreetBySTType">
    <xsd:sequence>
      <xsd:element name="streetVO" type="ws:streetVO" form="unqualified" nillable="true" minOccurs="0" maxOccurs="unbounded"/>
      <xsd:element name="exceptions" type="exc:ExceptionsType" minOccurs="0">
        <xsd:annotation>
          <xsd:documentation>Business exceptions that occur when processing the request or response e.g. missing data for a single response element.
						Exceptions at this level may contain back-end specific codes and content.</xsd:documentation>
        </xsd:annotation>
      </xsd:element>
    </xsd:sequence>
  </xsd:complexType>
  <!--getListForAddress definition-->
  <xsd:complexType name="getListForAddressRequest">
    <xsd:annotation>
      <xsd:documentation>Get list for address, in the chosen language.</xsd:documentation>
    </xsd:annotation>
    <xsd:sequence>
      <xsd:element name="messageContext" type="cme:RequestMessageContextType"/>
      <xsd:element name="legalContext" type="cme:LegalContextType"/>
      <xsd:element name="request" type="ws:getListForAddressVO"/>
    </xsd:sequence>
  </xsd:complexType>
  <xsd:complexType name="getListForAddressResponse">
    <xsd:sequence>
      <xsd:element name="messageContext" type="cme:ResponseMessageContextType"/>
      <xsd:element name="responses" type="tns:ResponsesList4AddrType" minOccurs="0"/>
      <xsd:element name="exceptions" type="exc:ExceptionsType" minOccurs="0">
        <xsd:annotation>
          <xsd:documentation>Technical errors that occur when processing the message context e.g. insufficient rights.</xsd:documentation>
        </xsd:annotation>
      </xsd:element>
    </xsd:sequence>
  </xsd:complexType>
  <xsd:complexType name="ResponsesList4AddrType">
    <xsd:sequence>
      <xsd:element name="response" type="tns:ResponseList4AddrType" minOccurs="1" maxOccurs="1"/>
    </xsd:sequence>
  </xsd:complexType>
  <xsd:complexType name="ResponseList4AddrType">
    <xsd:sequence>
      <xsd:element name="addressPartyVO" type="ws:addressPartyVO" form="unqualified" nillable="true" minOccurs="0" maxOccurs="unbounded"/>
      <xsd:element name="exceptions" type="exc:ExceptionsType" minOccurs="0">
        <xsd:annotation>
          <xsd:documentation>Business exceptions that occur when processing the request or response e.g. missing data for a single response element.
						Exceptions at this level may contain back-end specific codes and content.</xsd:documentation>
        </xsd:annotation>
      </xsd:element>
    </xsd:sequence>
  </xsd:complexType>
  <!--findPropertyByParcelId definition-->
  <xsd:complexType name="findPropertyByParcelIdRequest">
    <xsd:annotation>
      <xsd:documentation>Find property by parcel id, in the chosen language.</xsd:documentation>
    </xsd:annotation>
    <xsd:sequence>
      <xsd:element name="messageContext" type="cme:RequestMessageContextType"/>
      <xsd:element name="legalContext" type="cme:LegalContextType"/>
      <xsd:element name="request" type="ws:findPropertyByParcelIdVO"/>
    </xsd:sequence>
  </xsd:complexType>
  <xsd:complexType name="findPropertyByParcelIdResponse">
    <xsd:sequence>
      <xsd:element name="messageContext" type="cme:ResponseMessageContextType"/>
      <xsd:element name="responses" type="tns:ResponsesPropByParcelType" minOccurs="0"/>
      <xsd:element name="exceptions" type="exc:ExceptionsType" minOccurs="0">
        <xsd:annotation>
          <xsd:documentation>Technical errors that occur when processing the message context e.g. insufficient rights.</xsd:documentation>
        </xsd:annotation>
      </xsd:element>
    </xsd:sequence>
  </xsd:complexType>
  <xsd:complexType name="ResponsesPropByParcelType">
    <xsd:sequence>
      <xsd:element name="response" type="tns:ResponsePropByParcelType" minOccurs="1" maxOccurs="1"/>
    </xsd:sequence>
  </xsd:complexType>
  <xsd:complexType name="ResponsePropByParcelType">
    <xsd:complexContent>
      <xsd:extension base="ws:findPropertyByParcelIdResponse">
        <xsd:sequence>
          <xsd:element name="exceptions" type="exc:ExceptionsType" minOccurs="0">
            <xsd:annotation>
              <xsd:documentation>Business exceptions that occur when processing the request or response e.g. missing data for a single response element.
							Exceptions at this level may contain back-end specific codes and content.</xsd:documentation>
            </xsd:annotation>
          </xsd:element>
        </xsd:sequence>
      </xsd:extension>
    </xsd:complexContent>
  </xsd:complexType>
  <!--getPropertyByNRN definition-->
  <xsd:complexType name="getPropertyByNRNRequest">
    <xsd:annotation>
      <xsd:documentation>Find property by national register number.</xsd:documentation>
    </xsd:annotation>
    <xsd:sequence>
      <xsd:element name="messageContext" type="cme:RequestMessageContextType"/>
      <xsd:element name="legalContext" type="cme:LegalContextType"/>
      <xsd:element name="request" type="ws:findPropertyByNRNVO"/>
    </xsd:sequence>
  </xsd:complexType>
  <xsd:complexType name="getPropertyByNRNResponse">
    <xsd:sequence>
      <xsd:element name="messageContext" type="cme:ResponseMessageContextType"/>
      <xsd:element name="responses" type="tns:ResponsesPropByNRNType" minOccurs="0"/>
      <xsd:element name="exceptions" type="exc:ExceptionsType" minOccurs="0">
        <xsd:annotation>
          <xsd:documentation>Technical errors that occur when processing the message context e.g. insufficient rights.</xsd:documentation>
        </xsd:annotation>
      </xsd:element>
    </xsd:sequence>
  </xsd:complexType>
  <xsd:complexType name="ResponsesPropByNRNType">
    <xsd:sequence>
      <xsd:element name="response" type="tns:ResponsePropByNRNType" minOccurs="1" maxOccurs="1"/>
    </xsd:sequence>
  </xsd:complexType>
  <xsd:complexType name="ResponsePropByNRNType">
    <xsd:complexContent>
      <xsd:extension base="ws:findPropertyByNRNResponse">
        <xsd:sequence>
          <xsd:element name="exceptions" type="exc:ExceptionsType" minOccurs="0">
            <xsd:annotation>
              <xsd:documentation>Business exceptions that occur when processing the request or response e.g. missing data for a single response element.
							Exceptions at this level may contain back-end specific codes and content.</xsd:documentation>
            </xsd:annotation>
          </xsd:element>
        </xsd:sequence>
      </xsd:extension>
    </xsd:complexContent>
  </xsd:complexType>
  <!--getPropertyByEnterpriseNR definition-->
  <xsd:complexType name="getPropertyByEnterpriseNRRequest">
    <xsd:annotation>
      <xsd:documentation>Find property by enterprise number.</xsd:documentation>
    </xsd:annotation>
    <xsd:sequence>
      <xsd:element name="messageContext" type="cme:RequestMessageContextType"/>
      <xsd:element name="legalContext" type="cme:LegalContextType"/>
      <xsd:element name="request" type="ws:findPropertyByKBOVO"/>
    </xsd:sequence>
  </xsd:complexType>
  <xsd:complexType name="getPropertyByEnterpriseNRResponse">
    <xsd:sequence>
      <xsd:element name="messageContext" type="cme:ResponseMessageContextType"/>
      <xsd:element name="responses" type="tns:ResponsesPropByEnterpriseNRType" minOccurs="0"/>
      <xsd:element name="exceptions" type="exc:ExceptionsType" minOccurs="0">
        <xsd:annotation>
          <xsd:documentation>Technical errors that occur when processing the message context e.g. insufficient rights.</xsd:documentation>
        </xsd:annotation>
      </xsd:element>
    </xsd:sequence>
  </xsd:complexType>
  <xsd:complexType name="ResponsesPropByEnterpriseNRType">
    <xsd:sequence>
      <xsd:element name="response" type="tns:ResponsePropByEnterpriseNRType" minOccurs="1" maxOccurs="1"/>
    </xsd:sequence>
  </xsd:complexType>
  <xsd:complexType name="ResponsePropByEnterpriseNRType">
    <xsd:complexContent>
      <xsd:extension base="ws:findPropertyByKBOResponse">
        <xsd:sequence>
          <xsd:element name="exceptions" type="exc:ExceptionsType" minOccurs="0">
            <xsd:annotation>
              <xsd:documentation>Business exceptions that occur when processing the request or response e.g. missing data for a single response element.
							Exceptions at this level may contain back-end specifi codes and content.</xsd:documentation>
            </xsd:annotation>
          </xsd:element>
        </xsd:sequence>
      </xsd:extension>
    </xsd:complexContent>
  </xsd:complexType>
  <!--getPropertyByEnterpriseNR definition-->
  <xsd:complexType name="getListDivisionWithPropertyByNRNRequest">
    <xsd:annotation>
      <xsd:documentation>Find property by enterprise number.</xsd:documentation>
    </xsd:annotation>
    <xsd:sequence>
      <xsd:element name="messageContext" type="cme:RequestMessageContextType"/>
      <xsd:element name="legalContext" type="cme:LegalContextType"/>
      <xsd:element name="request" type="ws:findDivisionWithPropertyByNRNVO"/>
    </xsd:sequence>
  </xsd:complexType>
  <xsd:complexType name="getListDivisionWithPropertyByNRNResponse">
    <xsd:sequence>
      <xsd:element name="messageContext" type="cme:ResponseMessageContextType"/>
      <xsd:element name="responses" type="tns:ListDivisionWithPropertyByNRNResponsesType" minOccurs="0"/>
      <xsd:element name="exceptions" type="exc:ExceptionsType" minOccurs="0"/>
    </xsd:sequence>
  </xsd:complexType>
  <xsd:complexType name="ListDivisionWithPropertyByNRNResponsesType">
    <xsd:sequence>
      <xsd:element name="response" type="tns:ListDivisionWithPropertyByNRNResponseType" minOccurs="1" maxOccurs="1"/>
    </xsd:sequence>
  </xsd:complexType>
  <xsd:complexType name="ListDivisionWithPropertyByNRNResponseType">
    <xsd:sequence>
      <xsd:element name="division" type="ws:divisionVO" form="unqualified" nillable="true" minOccurs="0" maxOccurs="unbounded"/>
      <xsd:element name="exceptions" type="exc:ExceptionsType" minOccurs="0"/>
    </xsd:sequence>
  </xsd:complexType>
  <!--Element of the request and the response-->
  <xsd:element name="findPropertiesTxByCriteriaRequest" type="tns:FindPropertiesTxByCriteriaRequestType"/>
  <xsd:element name="findPropertiesTxByCriteriaResponse" type="tns:FindPropertiesTxByCriteriaResponseType"/>
  <xsd:element name="findCommunitiesBySearchTokenRequest" type="tns:findCommunitiesBySearchTokenRequest"/>
  <xsd:element name="findCommunitiesBySearchTokenResponse" type="tns:findCommunitiesBySearchTokenResponse"/>
  <xsd:element name="findStreetsBySearchTokenRequest" type="tns:findStreetsBySearchTokenRequest"/>
  <xsd:element name="findStreetsBySearchTokenResponse" type="tns:findStreetsBySearchTokenResponse"/>
  <xsd:element name="getListForAddressRequest" type="tns:getListForAddressRequest"/>
  <xsd:element name="getListForAddressResponse" type="tns:getListForAddressResponse"/>
  <xsd:element name="findPropertyByParcelIdRequest" type="tns:findPropertyByParcelIdRequest"/>
  <xsd:element name="findPropertyByParcelIdResponse" type="tns:findPropertyByParcelIdResponse"/>
  <xsd:element name="getPropertyByNRNRequest" type="tns:getPropertyByNRNRequest"/>
  <xsd:element name="getPropertyByNRNResponse" type="tns:getPropertyByNRNResponse"/>
  <xsd:element name="getPropertyByEnterpriseNRRequest" type="tns:getPropertyByEnterpriseNRRequest"/>
  <xsd:element name="getPropertyByEnterpriseNRResponse" type="tns:getPropertyByEnterpriseNRResponse"/>
  <xsd:element name="getListDivisionWithPropertyByNRNRequest" type="tns:getListDivisionWithPropertyByNRNRequest"/>
  <xsd:element name="getListDivisionWithPropertyByNRNResponse" type="tns:getListDivisionWithPropertyByNRNResponse"/>
</xsd:schema>]]></con:content><con:type>http://www.w3.org/2001/XMLSchema</con:type></con:part><con:part><con:url>file:/home/adussart/projects/git/fidus/parent/realestateservice_1.3/RealEstateServiceGateway/src/main/resources/wsdl/realEstateService/1.3.0/messages/baseMessageTypes_v1.xsd</con:url><con:content><![CDATA[<xsd:schema targetNamespace="http://fidus.brussels/type/common/messages/v1" elementFormDefault="qualified" attributeFormDefault="unqualified" version="1.0" xmlns:xsd="http://www.w3.org/2001/XMLSchema" xmlns:tns="http://fidus.brussels/type/common/messages/v1">
  <!--Unformatted message Id-->
  <xsd:simpleType name="MessageIdType">
    <xsd:restriction base="xsd:string">
      <xsd:minLength value="1"/>
      <xsd:maxLength value="64"/>
    </xsd:restriction>
  </xsd:simpleType>
  <!--National Number of the person. Format depending on the Register-->
  <xsd:simpleType name="PersonNumberType">
    <xsd:restriction base="xsd:string">
      <xsd:pattern value="[0-9][0-9](([0][0-9])|([1][0-2]))(([0-2][0-9])|([3][0-1]))(([0-9]{2}[1-9])|([0-9][1-9][0-9])|([1-9][0-9]{2}))(([0-8][0-9])|([9][0-7]))">
        <xsd:annotation>
          <xsd:documentation>National Register format</xsd:documentation>
        </xsd:annotation>
      </xsd:pattern>
      <xsd:pattern value="[0-9][0-9](([2][0-9])|([3][0-2]))(([0-2][0-9])|([3][0-1]))[0-9]{3}(([0-8][0-9])|([9][0-7]))">
        <xsd:annotation>
          <xsd:documentation>CBSS Register format: Bis Register</xsd:documentation>
        </xsd:annotation>
      </xsd:pattern>
      <xsd:pattern value="[0-9][0-9](([4][0-9])|([5][0-2]))(([0-2][0-9])|([3][0-1]))[0-9]{3}(([0-8][0-9])|([9][0-7]))">
        <xsd:annotation>
          <xsd:documentation>CBSS Register format: Ter Register</xsd:documentation>
        </xsd:annotation>
      </xsd:pattern>
    </xsd:restriction>
  </xsd:simpleType>
  <!--Request message context-->
  <xsd:complexType name="RequestMessageContextType">
    <xsd:annotation>
      <xsd:documentation>Message context block generated by the consumer.</xsd:documentation>
    </xsd:annotation>
    <xsd:sequence>
      <xsd:element name="messageId" type="tns:MessageIdType">
        <xsd:annotation>
          <xsd:documentation>Consumer must assign their own MessageId reference for the request.</xsd:documentation>
        </xsd:annotation>
      </xsd:element>
      <xsd:element name="timestamp" type="xsd:dateTime" minOccurs="0">
        <xsd:annotation>
          <xsd:documentation>Timestamp when client sent request.</xsd:documentation>
        </xsd:annotation>
      </xsd:element>
    </xsd:sequence>
  </xsd:complexType>
  <!--Response message context-->
  <xsd:complexType name="ResponseMessageContextType">
    <xsd:annotation>
      <xsd:documentation>MessageContext block generated by fidus.</xsd:documentation>
    </xsd:annotation>
    <xsd:sequence>
      <xsd:element name="messageId" type="tns:MessageIdType">
        <xsd:annotation>
          <xsd:documentation>A unique identifier generated by fidus.</xsd:documentation>
        </xsd:annotation>
      </xsd:element>
      <xsd:element name="transactionId" type="tns:MessageIdType">
        <xsd:annotation>
          <xsd:documentation>A unique ID returned to the client for tracing purposes.</xsd:documentation>
        </xsd:annotation>
      </xsd:element>
      <xsd:element name="timestamp" type="xsd:dateTime" minOccurs="0">
        <xsd:annotation>
          <xsd:documentation>Time reply sent by fidus.</xsd:documentation>
        </xsd:annotation>
      </xsd:element>
    </xsd:sequence>
  </xsd:complexType>
  <!--Legal Context : the finality of the Privacy Commission-->
  <xsd:simpleType name="LegalContextType">
    <xsd:restriction base="xsd:string">
      <xsd:minLength value="1"/>
      <xsd:maxLength value="64"/>
    </xsd:restriction>
  </xsd:simpleType>
  <xsd:complexType name="UserContextType">
    <xsd:annotation>
      <xsd:documentation>The user context defines information regarding the actual user performing a request.</xsd:documentation>
    </xsd:annotation>
    <xsd:sequence>
      <xsd:element name="language" type="xsd:language" nillable="true">
        <xsd:annotation>
          <xsd:documentation>The preferred language of the actual user performing the request.
						This influences the language in which response elements are cast.</xsd:documentation>
        </xsd:annotation>
      </xsd:element>
    </xsd:sequence>
  </xsd:complexType>
</xsd:schema>]]></con:content><con:type>http://www.w3.org/2001/XMLSchema</con:type></con:part><con:part><con:url>file:/home/adussart/projects/git/fidus/parent/realestateservice_1.3/RealEstateServiceGateway/src/main/resources/wsdl/realEstateService/1.3.0/messages/exceptionTypes_v1.xsd</con:url><con:content><![CDATA[<xsd:schema targetNamespace="http://fidus.brussels/type/common/exceptions/v1" elementFormDefault="qualified" attributeFormDefault="unqualified" version="1.0" xmlns:xsd="http://www.w3.org/2001/XMLSchema" xmlns:tns="http://fidus.brussels/type/common/exceptions/v1">
  <!--Basic error typed-->
  <xsd:complexType name="ExceptionsType">
    <xsd:sequence>
      <xsd:element name="exception" type="tns:ExceptionType" maxOccurs="unbounded"/>
    </xsd:sequence>
  </xsd:complexType>
  <xsd:complexType name="ExceptionType">
    <xsd:sequence>
      <xsd:element name="type" type="tns:ExceptionClassType"/>
      <xsd:element name="code" type="tns:ExceptionCodeType"/>
      <xsd:element name="source" type="tns:ExceptionSourceType"/>
      <xsd:element name="description" type="tns:ExceptionDescriptionType"/>
    </xsd:sequence>
  </xsd:complexType>
  <xsd:simpleType name="ExceptionClassType">
    <xsd:restriction base="xsd:string">
      <xsd:enumeration value="ERROR"/>
      <xsd:enumeration value="WARNING"/>
      <xsd:enumeration value="INFO"/>
    </xsd:restriction>
  </xsd:simpleType>
  <xsd:simpleType name="ExceptionCodeType">
    <xsd:restriction base="xsd:string">
      <xsd:maxLength value="20"/>
    </xsd:restriction>
  </xsd:simpleType>
  <xsd:simpleType name="ExceptionSourceType">
    <xsd:restriction base="xsd:string">
      <xsd:maxLength value="20"/>
    </xsd:restriction>
  </xsd:simpleType>
  <xsd:simpleType name="ExceptionDescriptionType">
    <xsd:restriction base="xsd:string"/>
  </xsd:simpleType>
</xsd:schema>]]></con:content><con:type>http://www.w3.org/2001/XMLSchema</con:type></con:part><con:part><con:url>file:/home/adussart/projects/git/fidus/parent/realestateservice_1.3/RealEstateServiceGateway/src/main/resources/wsdl/realEstateService/1.3.0/consultimmotx/ConsultImmoTxDataService2.xsd</con:url><con:content><![CDATA[<xs:schema targetNamespace="http://www.minfin.fgov.be/schemas/esb/consultimmotx/direct" elementFormDefault="qualified" attributeFormDefault="unqualified" xmlns:tx2="http://www.minfin.fgov.be/schemas/esb/consultimmotx/direct" xmlns:bas="http://www.minfin.fgov.be/schemas/esb/canonical/base/1" xmlns:cds="http://www.minfin.fgov.be/schemas/esb/ws/common/1" xmlns:xs="http://www.w3.org/2001/XMLSchema">
  <xs:import namespace="http://www.minfin.fgov.be/schemas/esb/canonical/base/1" schemaLocation="CommonBase.xsd"/>
  <xs:import namespace="http://www.minfin.fgov.be/schemas/esb/ws/common/1" schemaLocation="CommonDataService.xsd"/>
  <!--The type: be.fgov.minfin.esb.ws.consultimmotx.be.fgov.minfin.schemas.esb.consultimmotx.direct.Amount-->
  <xs:complexType name="amount">
    <xs:sequence>
      <xs:element name="type" type="xs:integer"/>
      <xs:element name="value" type="xs:double"/>
      <xs:element name="sequence" type="xs:string"/>
    </xs:sequence>
  </xs:complexType>
  <!--The type: be.fgov.minfin.esb.ws.consultimmotx.be.fgov.minfin.schemas.esb.consultimmotx.direct.ConsultImmoTxVpErrors-->
  <xs:simpleType name="ConsultImmoTxVpErrors">
    <xs:restriction base="xs:string">
      <xs:enumeration value="ciot:PersonNotFound"/>
    </xs:restriction>
  </xs:simpleType>
  <!--The type: be.fgov.minfin.esb.ws.consultimmotx.be.fgov.minfin.schemas.esb.consultimmotx.direct.Fiche60-->
  <xs:complexType name="fiche60">
    <xs:annotation>
      <xs:documentation>Fiche60 is the business identifier for Fod Fin
		Fiche60 is an analysis of what is written on the deed
		one fiche60 is equal to one deed</xs:documentation>
    </xs:annotation>
    <xs:sequence>
      <xs:element name="year" minOccurs="0">
        <xs:annotation>
          <xs:documentation>DB: FUN_BRONFICHE.T_I_CYCL
			The year in which the fiche60 was created in the office
			format: yyyy</xs:documentation>
        </xs:annotation>
        <xs:simpleType>
          <xs:restriction base="xs:string">
            <xs:maxLength value="20"/>
          </xs:restriction>
        </xs:simpleType>
      </xs:element>
      <xs:element name="officeNumber" minOccurs="0">
        <xs:annotation>
          <xs:documentation>DB: FUN_BRONFICHE.T_I_NUM_BUR
			The office number where the fiche60 was created</xs:documentation>
        </xs:annotation>
        <xs:simpleType>
          <xs:restriction base="xs:string">
            <xs:maxLength value="3"/>
          </xs:restriction>
        </xs:simpleType>
      </xs:element>
      <xs:element name="sequenceNumber" minOccurs="0">
        <xs:annotation>
          <xs:documentation>DB: FUN_BRONFICHE.T_I_SEQ_FICHE
			The sequence of fiche60 created in the office</xs:documentation>
        </xs:annotation>
        <xs:simpleType>
          <xs:restriction base="xs:string">
            <xs:maxLength value="4"/>
          </xs:restriction>
        </xs:simpleType>
      </xs:element>
      <xs:element name="codeTypeFiche60" minOccurs="0">
        <xs:annotation>
          <xs:documentation>DB: FUN_BRONFICHE.T_I_CAT_DOC
			The code for the type of fiche60</xs:documentation>
        </xs:annotation>
        <xs:simpleType>
          <xs:restriction base="xs:string">
            <xs:maxLength value="1"/>
          </xs:restriction>
        </xs:simpleType>
      </xs:element>
      <xs:element name="goodNumber" minOccurs="0">
        <xs:annotation>
          <xs:documentation>DB: FUN_BRONFICHE.T_I_NUM_BIEN
			The number of the good</xs:documentation>
        </xs:annotation>
        <xs:simpleType>
          <xs:restriction base="xs:string">
            <xs:maxLength value="3"/>
          </xs:restriction>
        </xs:simpleType>
      </xs:element>
    </xs:sequence>
  </xs:complexType>
  <!--The type: be.fgov.minfin.esb.ws.consultimmotx.be.fgov.minfin.schemas.esb.consultimmotx.direct.FindPropertiesTransactionsByCriteriaRequest-->
  <xs:element name="findPropertiesTransactionsByCriteriaRequest" type="tx2:findPropertiesTransactionsByCriteriaRequestType"/>
  <!--The type: be.fgov.minfin.esb.ws.consultimmotx.be.fgov.minfin.schemas.esb.consultimmotx.direct.FindPropertiesTransactionsByCriteriaRequestType-->
  <xs:complexType name="findPropertiesTransactionsByCriteriaRequestType">
    <xs:annotation>
      <xs:documentation>Request containing optional elements to apply filters to narrow a search.</xs:documentation>
    </xs:annotation>
    <xs:sequence>
      <xs:element name="province">
        <xs:annotation>
          <xs:documentation>"Regio of provincie". Code corresponding to a county or a region.</xs:documentation>
        </xs:annotation>
        <xs:simpleType>
          <xs:restriction base="xs:string">
            <xs:minLength value="5"/>
            <xs:maxLength value="5"/>
          </xs:restriction>
        </xs:simpleType>
      </xs:element>
      <xs:element name="adminCommune" type="xs:integer" maxOccurs="3">
        <xs:annotation>
          <xs:documentation>"Administrative gemeente". Code corresponding to a town or city.</xs:documentation>
        </xs:annotation>
      </xs:element>
      <xs:element name="division" type="xs:string" minOccurs="0" maxOccurs="5">
        <xs:annotation>
          <xs:documentation>"Afdeling". division, subdivision of a town.</xs:documentation>
        </xs:annotation>
      </xs:element>
      <xs:element name="street" type="xs:string" minOccurs="0">
        <xs:annotation>
          <xs:documentation>"Straatnaam". Code corresponding to a street.</xs:documentation>
        </xs:annotation>
      </xs:element>
      <xs:element name="section" type="xs:string" minOccurs="0">
        <xs:annotation>
          <xs:documentation>"Sectie". Code corresponding to a section.</xs:documentation>
        </xs:annotation>
      </xs:element>
      <xs:element name="groundNumber" type="bas:IntegerRange" minOccurs="0">
        <xs:annotation>
          <xs:documentation>"Grondnummer". This code has to be between 100 and 0600.</xs:documentation>
        </xs:annotation>
      </xs:element>
      <xs:element name="typeInscription" type="xs:string" maxOccurs="5">
        <xs:annotation>
          <xs:documentation>"Type-inschrijving". Type of inscription</xs:documentation>
        </xs:annotation>
      </xs:element>
      <xs:element name="deedDate" type="bas:DateInterval" minOccurs="0">
        <xs:annotation>
          <xs:documentation>"Datum akte". Date of deed (min 1st of jan 2012).</xs:documentation>
        </xs:annotation>
      </xs:element>
      <xs:element name="locoNumber" type="xs:string" minOccurs="0">
        <xs:annotation>
          <xs:documentation>"Nr Loco".</xs:documentation>
        </xs:annotation>
      </xs:element>
      <xs:element name="fiche60" type="tx2:fiche60" minOccurs="0">
        <xs:annotation>
          <xs:documentation>"Nr F60". Fiche60 is the business identifier for Fod Fin
			Fiche60 is an analysis of what is written on the deed
			one fiche60 is equal to one deed</xs:documentation>
        </xs:annotation>
      </xs:element>
      <xs:element name="natureCode" type="xs:string" minOccurs="0">
        <xs:annotation>
          <xs:documentation>"Aard volgens kadaster". Cadastral nature</xs:documentation>
        </xs:annotation>
      </xs:element>
      <xs:element name="natureCodeDeed" type="xs:string" maxOccurs="5">
        <xs:annotation>
          <xs:documentation>"Aard volgens akte". Nature following deed</xs:documentation>
        </xs:annotation>
      </xs:element>
      <xs:element name="additionalDetails" type="xs:string" minOccurs="0">
        <xs:annotation>
          <xs:documentation>"Bijkomende details". Details.</xs:documentation>
        </xs:annotation>
      </xs:element>
      <xs:element name="surfaceParcel" type="bas:IntegerRange" minOccurs="0">
        <xs:annotation>
          <xs:documentation>"Oppervlakte". Surface (ie: between 100 and 5000).</xs:documentation>
        </xs:annotation>
      </xs:element>
      <xs:element name="deedSurface" type="bas:IntegerRange" minOccurs="0">
        <xs:annotation>
          <xs:documentation>"Oppervlakte akte". Surface following deed (ie: between 100 and 5000).</xs:documentation>
        </xs:annotation>
      </xs:element>
      <xs:element name="floorSurface" type="bas:IntegerRange" minOccurs="0">
        <xs:annotation>
          <xs:documentation>"Vloeroppervlakte". Building surface (ie: between 100 and 400).</xs:documentation>
        </xs:annotation>
      </xs:element>
      <xs:element name="constructionIndication" type="xs:string" minOccurs="0" maxOccurs="5">
        <xs:annotation>
          <xs:documentation>"Classificatie-indicie". Construction indice.</xs:documentation>
        </xs:annotation>
      </xs:element>
      <xs:element name="constructionType" type="xs:string" minOccurs="0">
        <xs:annotation>
          <xs:documentation>"Type constructie". Building type.</xs:documentation>
        </xs:annotation>
      </xs:element>
      <xs:element name="constructionQuality" type="xs:string" minOccurs="0">
        <xs:annotation>
          <xs:documentation>"Kwaliteit constructie". Construction quality</xs:documentation>
        </xs:annotation>
      </xs:element>
      <xs:element name="garret" type="xs:boolean" minOccurs="0">
        <xs:annotation>
          <xs:documentation>"Dakverdieping". Specifying if there is an attic or not.</xs:documentation>
        </xs:annotation>
      </xs:element>
      <xs:element name="centralHeating" type="xs:boolean" minOccurs="0">
        <xs:annotation>
          <xs:documentation>"Centrale verwarming". Specifying if there is central heating in the building.</xs:documentation>
        </xs:annotation>
      </xs:element>
      <xs:element name="floorNumberAboveground" type="bas:IntegerRange" minOccurs="0">
        <xs:annotation>
          <xs:documentation>"Aantal verdiepingen". Specifying how many levels in the building (ie: between 0 and 2).</xs:documentation>
        </xs:annotation>
      </xs:element>
      <xs:element name="constructionYear" type="tx2:rangeString" minOccurs="0">
        <xs:annotation>
          <xs:documentation>"Bouwjaar". Build year (ie: between 0001 and 2013)</xs:documentation>
        </xs:annotation>
      </xs:element>
      <xs:element name="physModYear" type="bas:IntegerRange" minOccurs="0">
        <xs:annotation>
          <xs:documentation>"Jaar laatste fysische wijziging". Specifying the last building change year (ie: between 1975 and 2013).</xs:documentation>
        </xs:annotation>
      </xs:element>
      <xs:element name="garageNumber" type="bas:IntegerRange" minOccurs="0">
        <xs:annotation>
          <xs:documentation>"Aantal garages". To check if it there is any garage or not (and if yes, how many).</xs:documentation>
        </xs:annotation>
      </xs:element>
      <xs:element name="bathroomNumber" type="bas:IntegerRange" minOccurs="0">
        <xs:annotation>
          <xs:documentation>"Aantal badkamers". Number of bathrooms (ie: between 1 and ...).</xs:documentation>
        </xs:annotation>
      </xs:element>
      <xs:element name="housingUnitNumber" type="bas:IntegerRange" minOccurs="0">
        <xs:annotation>
          <xs:documentation>"Aantal zelfst. woongelegenh." Number of self-contained accomodations.</xs:documentation>
        </xs:annotation>
      </xs:element>
      <xs:element name="placeNumber" type="bas:IntegerRange" minOccurs="0">
        <xs:annotation>
          <xs:documentation>"Aantal woonplaatsen". Number of rooms (ie: between 1 and 12).</xs:documentation>
        </xs:annotation>
      </xs:element>
      <xs:element name="builtSurface" type="bas:IntegerRange" minOccurs="0">
        <xs:annotation>
          <xs:documentation>"Bebouwde grondoppervlakte". Built ground surface (ie: between 100 and 400).</xs:documentation>
        </xs:annotation>
      </xs:element>
      <xs:element name="usefulSurface" type="bas:IntegerRange" minOccurs="0">
        <xs:annotation>
          <xs:documentation>"Nuttige oppervlakte". Useful surface (ie: between 100 and 400).</xs:documentation>
        </xs:annotation>
      </xs:element>
      <xs:element name="totalAmount" type="bas:IntegerRange" minOccurs="0">
        <xs:annotation>
          <xs:documentation>"Totaal bedrag". Total price (ie: between 180000 and 500000).</xs:documentation>
        </xs:annotation>
      </xs:element>
      <xs:element name="groundAmount" type="bas:IntegerRange" minOccurs="0">
        <xs:annotation>
          <xs:documentation>"Bedrag grond". Price for ground (ie: between 125000 and 250000).</xs:documentation>
        </xs:annotation>
      </xs:element>
      <xs:element name="buildingAmount" type="bas:IntegerRange" minOccurs="0">
        <xs:annotation>
          <xs:documentation>"Bedrag constructie". Price for building (ie: between 100000 and 250000).</xs:documentation>
        </xs:annotation>
      </xs:element>
      <xs:element name="cadastralIncome" type="bas:IntegerRange" minOccurs="0">
        <xs:annotation>
          <xs:documentation>"Kadastraal inkomen". Cadastre revenue of property (ie: between 700 and 2500).</xs:documentation>
        </xs:annotation>
      </xs:element>
      <xs:element name="limitResult" type="xs:integer" default="100" minOccurs="0">
        <xs:annotation>
          <xs:documentation>Integer 'n' to set to cancel the search if result set contains more than 'n' elements.</xs:documentation>
        </xs:annotation>
      </xs:element>
    </xs:sequence>
  </xs:complexType>
  <!--The type: be.fgov.minfin.esb.ws.consultimmotx.be.fgov.minfin.schemas.esb.consultimmotx.direct.FindPropertiesTransactionsByCriteriaResponse-->
  <xs:element name="findPropertiesTransactionsByCriteriaResponse" type="tx2:findPropertiesTransactionsByCriteriaResponseType"/>
  <!--The type: be.fgov.minfin.esb.ws.consultimmotx.be.fgov.minfin.schemas.esb.consultimmotx.direct.FindPropertiesTransactionsByCriteriaResponseType-->
  <xs:complexType name="findPropertiesTransactionsByCriteriaResponseType">
    <xs:sequence>
      <xs:element name="transaction" type="tx2:transaction" minOccurs="0" maxOccurs="unbounded"/>
      <xs:element name="maxElemReached" type="xs:boolean" minOccurs="0"/>
      <xs:element name="numberElemForRequest" type="xs:integer" minOccurs="0"/>
    </xs:sequence>
  </xs:complexType>
  <!--The type: be.fgov.minfin.esb.ws.consultimmotx.be.fgov.minfin.schemas.esb.consultimmotx.direct.Good-->
  <xs:complexType name="good">
    <xs:sequence>
      <xs:element name="fiche60" type="tx2:fiche60" minOccurs="0">
        <xs:annotation>
          <xs:documentation>Element containing informations about a particular deed and its transaction(s)</xs:documentation>
        </xs:annotation>
      </xs:element>
      <xs:element name="deedSurface" type="xs:integer" minOccurs="0">
        <xs:annotation>
          <xs:documentation>Surface following deed</xs:documentation>
        </xs:annotation>
      </xs:element>
      <xs:element name="amounts" type="tx2:amount" minOccurs="0" maxOccurs="unbounded">
        <xs:annotation>
          <xs:documentation>Amounts and their types for the given transaction</xs:documentation>
        </xs:annotation>
      </xs:element>
      <xs:element name="natureCodeDeed" type="bas:Code" minOccurs="0">
        <xs:annotation>
          <xs:documentation>Nature following deed</xs:documentation>
        </xs:annotation>
      </xs:element>
      <xs:element name="text" type="xs:string" minOccurs="0">
        <xs:annotation>
          <xs:documentation>Description</xs:documentation>
        </xs:annotation>
      </xs:element>
      <xs:element name="info" type="xs:string" minOccurs="0">
        <xs:annotation>
          <xs:documentation>Description</xs:documentation>
        </xs:annotation>
      </xs:element>
      <xs:element name="parcels" type="tx2:parcel" minOccurs="0" maxOccurs="unbounded">
        <xs:annotation>
          <xs:documentation>Parcels list corresponding to an good (a transaction)</xs:documentation>
        </xs:annotation>
      </xs:element>
    </xs:sequence>
  </xs:complexType>
  <!--The type: be.fgov.minfin.esb.ws.consultimmotx.be.fgov.minfin.schemas.esb.consultimmotx.direct.Parcel-->
  <xs:complexType name="parcel">
    <xs:sequence>
      <xs:element name="parcelProperties" type="tx2:parcelProperties" minOccurs="0">
        <xs:annotation>
          <xs:documentation>Parcel properties.</xs:documentation>
        </xs:annotation>
      </xs:element>
      <xs:element name="detail" type="xs:string" minOccurs="0">
        <xs:annotation>
          <xs:documentation>Details</xs:documentation>
        </xs:annotation>
      </xs:element>
      <xs:element name="amounts" type="tx2:amount" minOccurs="0" maxOccurs="unbounded">
        <xs:annotation>
          <xs:documentation>List of amounts with their type</xs:documentation>
        </xs:annotation>
      </xs:element>
      <xs:element name="natureCode" type="bas:Code" minOccurs="0">
        <xs:annotation>
          <xs:documentation>natureCode</xs:documentation>
        </xs:annotation>
      </xs:element>
      <xs:element name="coordinates" type="bas:SimpleCoordinates" minOccurs="0">
        <xs:annotation>
          <xs:documentation>Location of the parcel (lambert notation)</xs:documentation>
        </xs:annotation>
      </xs:element>
      <xs:element name="article" type="xs:string" minOccurs="0">
        <xs:annotation>
          <xs:documentation>Article</xs:documentation>
        </xs:annotation>
      </xs:element>
      <xs:element name="text" type="xs:string" minOccurs="0">
        <xs:annotation>
          <xs:documentation>Parcel description</xs:documentation>
        </xs:annotation>
      </xs:element>
      <xs:element name="sequenceNumber" type="xs:string" minOccurs="0">
        <xs:annotation>
          <xs:documentation>Sequence number</xs:documentation>
        </xs:annotation>
      </xs:element>
      <xs:element name="locoNumber" type="xs:string" minOccurs="0">
        <xs:annotation>
          <xs:documentation>Loco Nr.</xs:documentation>
        </xs:annotation>
      </xs:element>
      <xs:element name="multipleCadastralIncomes" type="xs:boolean">
        <xs:annotation>
          <xs:documentation>Flag showing if there is more than one cadastral income</xs:documentation>
        </xs:annotation>
      </xs:element>
      <xs:element name="codeCI" type="xs:string" minOccurs="0">
        <xs:annotation>
          <xs:documentation>Cadastral income code</xs:documentation>
        </xs:annotation>
      </xs:element>
      <xs:element name="cadastralIncome" type="xs:integer" minOccurs="0">
        <xs:annotation>
          <xs:documentation>Cadastral income</xs:documentation>
        </xs:annotation>
      </xs:element>
      <xs:element name="calculatedMarketValue" type="xs:decimal" minOccurs="0">
        <xs:annotation>
          <xs:documentation>The calculated market value of the propertystate.</xs:documentation>
        </xs:annotation>
      </xs:element>
      <xs:element name="calculatedMinMarketValue" type="xs:decimal" minOccurs="0">
        <xs:annotation>
          <xs:documentation>Calculated minimal market value for sale</xs:documentation>
        </xs:annotation>
      </xs:element>
      <xs:element name="calculatedMaxMarketValue" type="xs:decimal" minOccurs="0">
        <xs:annotation>
          <xs:documentation>calculated maximal market value for sale</xs:documentation>
        </xs:annotation>
      </xs:element>
      <xs:element name="theoreticalYield" type="xs:decimal" minOccurs="0"/>
      <xs:element name="sitPatBefore" type="bas:Code" minOccurs="0"/>
      <xs:element name="sitPatAfter" type="bas:Code" minOccurs="0"/>
      <xs:element name="parcelEntities" type="tx2:parcelEntity" minOccurs="0" maxOccurs="unbounded"/>
    </xs:sequence>
  </xs:complexType>
  <!--The type: be.fgov.minfin.esb.ws.consultimmotx.be.fgov.minfin.schemas.esb.consultimmotx.direct.ParcelEntity-->
  <xs:complexType name="parcelEntity">
    <xs:sequence>
      <xs:element name="street" type="bas:Code" minOccurs="0">
        <xs:annotation>
          <xs:documentation>Element containing an unique code corresponding to a street and its
			translation in any (or all) national language</xs:documentation>
        </xs:annotation>
      </xs:element>
      <xs:element name="houseNumber" type="xs:string" minOccurs="0">
        <xs:annotation>
          <xs:documentation>House number</xs:documentation>
        </xs:annotation>
      </xs:element>
      <xs:element name="floorNumberAboveground" type="xs:integer" minOccurs="0">
        <xs:annotation>
          <xs:documentation>Integer telling how many levels the given building has from floor to top</xs:documentation>
        </xs:annotation>
      </xs:element>
      <xs:element name="garret" type="xs:boolean" minOccurs="0">
        <xs:annotation>
          <xs:documentation>Flag to specify if there is a garret or not</xs:documentation>
        </xs:annotation>
      </xs:element>
      <xs:element name="garageNumber" type="xs:integer" minOccurs="0">
        <xs:annotation>
          <xs:documentation>Number of garagess</xs:documentation>
        </xs:annotation>
      </xs:element>
      <xs:element name="centralHeating" type="xs:boolean" minOccurs="0">
        <xs:annotation>
          <xs:documentation>Flag to specify if there is a central heating or not</xs:documentation>
        </xs:annotation>
      </xs:element>
      <xs:element name="bathroomNumber" type="xs:integer" minOccurs="0">
        <xs:annotation>
          <xs:documentation>Number of bathrooms in the parcel</xs:documentation>
        </xs:annotation>
      </xs:element>
      <xs:element name="housingUnitNumber" type="xs:integer" minOccurs="0">
        <xs:annotation>
          <xs:documentation>Number of self contained accommodations</xs:documentation>
        </xs:annotation>
      </xs:element>
      <xs:element name="placeNumber" type="xs:integer" minOccurs="0">
        <xs:annotation>
          <xs:documentation>Number of rooms</xs:documentation>
        </xs:annotation>
      </xs:element>
      <xs:element name="surfaceParcel" type="xs:integer" minOccurs="0">
        <xs:annotation>
          <xs:documentation>Total surface of the parcel</xs:documentation>
        </xs:annotation>
      </xs:element>
      <xs:element name="builtSurface" type="xs:integer" minOccurs="0">
        <xs:annotation>
          <xs:documentation>Surface of the building on the ground</xs:documentation>
        </xs:annotation>
      </xs:element>
      <xs:element name="groundSurface" type="xs:integer" minOccurs="0">
        <xs:annotation>
          <xs:documentation>Surface of the remain of parcel</xs:documentation>
        </xs:annotation>
      </xs:element>
      <xs:element name="usefulSurface" type="xs:integer" minOccurs="0">
        <xs:annotation>
          <xs:documentation>Useful surface of the building</xs:documentation>
        </xs:annotation>
      </xs:element>
      <xs:element name="physModYear" type="xs:integer" minOccurs="0">
        <xs:annotation>
          <xs:documentation>Year of last change on the building structure</xs:documentation>
        </xs:annotation>
      </xs:element>
      <xs:element name="constructionQuality" type="bas:Code" minOccurs="0">
        <xs:annotation>
          <xs:documentation>Construction quality</xs:documentation>
        </xs:annotation>
      </xs:element>
      <xs:element name="constructionIndication" type="bas:Code" minOccurs="0">
        <xs:annotation>
          <xs:documentation>Construction indice</xs:documentation>
        </xs:annotation>
      </xs:element>
      <xs:element name="constructionType" type="bas:Code" minOccurs="0">
        <xs:annotation>
          <xs:documentation>type of construction</xs:documentation>
        </xs:annotation>
      </xs:element>
      <xs:element name="constructionYear" type="bas:Code" minOccurs="0">
        <xs:annotation>
          <xs:documentation>Year of construction</xs:documentation>
        </xs:annotation>
      </xs:element>
    </xs:sequence>
  </xs:complexType>
  <!--The type: be.fgov.minfin.esb.ws.consultimmotx.be.fgov.minfin.schemas.esb.consultimmotx.direct.ParcelProperties-->
  <xs:complexType name="parcelProperties">
    <xs:sequence>
      <xs:element name="cadastralDivision" type="bas:Code" minOccurs="0">
        <xs:annotation>
          <xs:documentation>Code of cadastral division</xs:documentation>
        </xs:annotation>
      </xs:element>
      <xs:element name="section" type="xs:string" minOccurs="0">
        <xs:annotation>
          <xs:documentation>Section</xs:documentation>
        </xs:annotation>
      </xs:element>
      <xs:element name="primaryNumber" type="xs:integer" minOccurs="0">
        <xs:annotation>
          <xs:documentation>Primary Number</xs:documentation>
        </xs:annotation>
      </xs:element>
      <xs:element name="exponentLetter" type="xs:string" minOccurs="0">
        <xs:annotation>
          <xs:documentation>Exponent letter</xs:documentation>
        </xs:annotation>
      </xs:element>
      <xs:element name="exponentNumber" type="xs:integer" minOccurs="0">
        <xs:annotation>
          <xs:documentation>Exponent number</xs:documentation>
        </xs:annotation>
      </xs:element>
      <xs:element name="bisNumber" type="xs:integer" minOccurs="0">
        <xs:annotation>
          <xs:documentation>bis number</xs:documentation>
        </xs:annotation>
      </xs:element>
      <xs:element name="partNumber" type="xs:string" minOccurs="0">
        <xs:annotation>
          <xs:documentation>Part number</xs:documentation>
        </xs:annotation>
      </xs:element>
    </xs:sequence>
  </xs:complexType>
  <!--The type: be.fgov.minfin.esb.ws.consultimmotx.be.fgov.minfin.schemas.esb.consultimmotx.direct.RangeString-->
  <xs:complexType name="rangeString">
    <xs:annotation>
      <xs:documentation>Range type to define boundaries between two numbers represented by a string.</xs:documentation>
    </xs:annotation>
    <xs:sequence>
      <xs:element name="low" type="xs:string"/>
      <xs:element name="high" type="xs:string"/>
    </xs:sequence>
  </xs:complexType>
  <!--The type: be.fgov.minfin.esb.ws.consultimmotx.be.fgov.minfin.schemas.esb.consultimmotx.direct.Transaction-->
  <xs:complexType name="transaction">
    <xs:sequence>
      <xs:element name="registrationDate" type="xs:date" minOccurs="0"/>
      <xs:element name="eventDate" type="xs:date" minOccurs="0"/>
      <xs:element name="mutationDate" type="xs:date" minOccurs="0"/>
      <xs:element name="eventCode" type="bas:Code" minOccurs="0"/>
      <xs:element name="transactionType" type="bas:Code" minOccurs="0"/>
      <xs:element name="notaryName" type="xs:string" minOccurs="0"/>
      <xs:element name="text" type="xs:string" minOccurs="0"/>
      <xs:element name="goods" type="tx2:good" minOccurs="0" maxOccurs="unbounded"/>
    </xs:sequence>
  </xs:complexType>
</xs:schema>]]></con:content><con:type>http://www.w3.org/2001/XMLSchema</con:type></con:part><con:part><con:url>file:/home/adussart/projects/git/fidus/parent/realestateservice_1.3/RealEstateServiceGateway/src/main/resources/wsdl/realEstateService/1.3.0/consultimmotx/CommonBase.xsd</con:url><con:content><![CDATA[<xs:schema targetNamespace="http://www.minfin.fgov.be/schemas/esb/canonical/base/1" elementFormDefault="qualified" attributeFormDefault="unqualified" xmlns:bas="http://www.minfin.fgov.be/schemas/esb/canonical/base/1" xmlns:wsdl="http://schemas.xmlsoap.org/wsdl/" xmlns:xs="http://www.w3.org/2001/XMLSchema">
  <!--The type: be.fgov.minfin.esb.ws.consultimmotx.be.fgov.minfin.schemas.esb.canonical.base.x1.Code-->
  <xs:complexType name="Code">
    <xs:complexContent>
      <xs:extension base="bas:Wording">
        <xs:sequence minOccurs="0"/>
        <xs:attribute name="code" type="xs:string"/>
      </xs:extension>
    </xs:complexContent>
  </xs:complexType>
  <!--The type: be.fgov.minfin.esb.ws.consultimmotx.be.fgov.minfin.schemas.esb.canonical.base.x1.CodeLabel-->
  <xs:complexType name="CodeLabel">
    <xs:simpleContent>
      <xs:extension base="xs:string">
        <xs:attribute name="code" type="xs:string"/>
      </xs:extension>
    </xs:simpleContent>
  </xs:complexType>
  <!--The type: be.fgov.minfin.esb.ws.consultimmotx.be.fgov.minfin.schemas.esb.canonical.base.x1.DataExtension-->
  <xs:simpleType name="DataExtension">
    <xs:restriction base="xs:string">
      <xs:enumeration value="sitran:Name"/>
      <xs:enumeration value="sitran:Address"/>
      <xs:enumeration value="sitran:TargetGroup"/>
    </xs:restriction>
  </xs:simpleType>
  <!--The type: be.fgov.minfin.esb.ws.consultimmotx.be.fgov.minfin.schemas.esb.canonical.base.x1.DataExtensionSet-->
  <xs:complexType name="DataExtensionSet">
    <xs:sequence>
      <xs:element name="extension" type="bas:DataExtension" minOccurs="0" maxOccurs="unbounded"/>
    </xs:sequence>
  </xs:complexType>
  <!--The type: be.fgov.minfin.esb.ws.consultimmotx.be.fgov.minfin.schemas.esb.canonical.base.x1.DateInterval-->
  <xs:complexType name="DateInterval">
    <xs:sequence>
      <xs:element name="start" type="xs:date"/>
      <xs:element name="end" type="xs:date"/>
    </xs:sequence>
  </xs:complexType>
  <!--The type: be.fgov.minfin.esb.ws.consultimmotx.be.fgov.minfin.schemas.esb.canonical.base.x1.DateTimeInterval-->
  <xs:complexType name="DateTimeInterval">
    <xs:sequence>
      <xs:element name="start" type="xs:dateTime"/>
      <xs:element name="end" type="xs:dateTime"/>
    </xs:sequence>
  </xs:complexType>
  <!--The type: be.fgov.minfin.esb.ws.consultimmotx.be.fgov.minfin.schemas.esb.canonical.base.x1.IntegerRange-->
  <xs:complexType name="IntegerRange">
    <xs:annotation>
      <xs:documentation>Range type to define boundaries for an integer number.</xs:documentation>
    </xs:annotation>
    <xs:sequence>
      <xs:element name="min" type="xs:integer"/>
      <xs:element name="max" type="xs:integer"/>
    </xs:sequence>
  </xs:complexType>
  <!--The type: be.fgov.minfin.esb.ws.consultimmotx.be.fgov.minfin.schemas.esb.canonical.base.x1.Label-->
  <xs:complexType name="Label">
    <xs:simpleContent>
      <xs:extension base="xs:string">
        <xs:attribute name="lang" type="bas:Language" use="required"/>
      </xs:extension>
    </xs:simpleContent>
  </xs:complexType>
  <!--The type: be.fgov.minfin.esb.ws.consultimmotx.be.fgov.minfin.schemas.esb.canonical.base.x1.Language-->
  <xs:simpleType name="Language">
    <xs:restriction base="xs:string">
      <xs:enumeration value="de"/>
      <xs:enumeration value="nl"/>
      <xs:enumeration value="fr"/>
    </xs:restriction>
  </xs:simpleType>
  <!--The type: be.fgov.minfin.esb.ws.consultimmotx.be.fgov.minfin.schemas.esb.canonical.base.x1.PersonId-->
  <xs:complexType name="PersonId">
    <xs:simpleContent>
      <xs:extension base="xs:decimal">
        <xs:attribute name="type" default="nrn">
          <xs:simpleType>
            <xs:restriction base="xs:string">
              <xs:enumeration value="persidf"/>
              <xs:enumeration value="kbo"/>
              <xs:enumeration value="nrn"/>
              <xs:enumeration value="local"/>
            </xs:restriction>
          </xs:simpleType>
        </xs:attribute>
      </xs:extension>
    </xs:simpleContent>
  </xs:complexType>
  <!--The type: be.fgov.minfin.esb.ws.consultimmotx.be.fgov.minfin.schemas.esb.canonical.base.x1.SimpleCoordinates-->
  <xs:complexType name="SimpleCoordinates">
    <xs:sequence>
      <xs:element name="x" type="xs:double"/>
      <xs:element name="y" type="xs:double"/>
    </xs:sequence>
  </xs:complexType>
  <!--The type: be.fgov.minfin.esb.ws.consultimmotx.be.fgov.minfin.schemas.esb.canonical.base.x1.Wording-->
  <xs:complexType name="Wording">
    <xs:sequence minOccurs="0">
      <xs:element name="label" type="bas:Label" minOccurs="0" maxOccurs="unbounded"/>
    </xs:sequence>
  </xs:complexType>
  <!--The type: be.fgov.minfin.esb.ws.consultimmotx.be.fgov.minfin.schemas.esb.canonical.base.x1.WordingFull-->
  <xs:complexType name="WordingFull">
    <xs:complexContent>
      <xs:extension base="bas:Wording">
        <xs:sequence/>
      </xs:extension>
    </xs:complexContent>
  </xs:complexType>
  <!--The type: be.fgov.minfin.esb.ws.consultimmotx.be.fgov.minfin.schemas.esb.canonical.base.x1.WordingShort-->
  <xs:complexType name="WordingShort">
    <xs:complexContent>
      <xs:extension base="bas:Wording"/>
    </xs:complexContent>
  </xs:complexType>
</xs:schema>]]></con:content><con:type>http://www.w3.org/2001/XMLSchema</con:type></con:part><con:part><con:url>file:/home/adussart/projects/git/fidus/parent/realestateservice_1.3/RealEstateServiceGateway/src/main/resources/wsdl/realEstateService/1.3.0/consultimmotx/CommonDataService.xsd</con:url><con:content><![CDATA[<!--edited with XMLSpy v2018 rel. 2 sp1 (x64) (http://www.altova.com) by Anita De Greef (Realdolmen NV)-->
<xs:schema targetNamespace="http://www.minfin.fgov.be/schemas/esb/ws/common/1" elementFormDefault="qualified" attributeFormDefault="unqualified" xmlns:tns="http://www.minfin.fgov.be/schemas/esb/ws/common/1" xmlns:wsdl="http://schemas.xmlsoap.org/wsdl/" xmlns:xs="http://www.w3.org/2001/XMLSchema">
  <!--The type: be.fgov.minfin.esb.ws.consultimmotx.be.fgov.minfin.schemas.esb.ws.common.x1.DataServiceFault-->
  <xs:element name="DataServiceFault" type="tns:DataServiceFault"/>
  <xs:complexType name="DataServiceFault">
    <xs:sequence>
      <xs:element name="message" type="xs:string" minOccurs="0"/>
      <xs:element name="subcode" type="xs:string" minOccurs="0"/>
    </xs:sequence>
  </xs:complexType>
</xs:schema>]]></con:content><con:type>http://www.w3.org/2001/XMLSchema</con:type></con:part><con:part><con:url>file:/home/adussart/projects/git/fidus/parent/realestateservice_1.3/RealEstateServiceGateway/src/main/resources/wsdl/realEstateService/1.3.0/consultimmotx/ConsultImmoPropExternal.xsd</con:url><con:content><![CDATA[<xs:schema targetNamespace="http://www.minfin.fgov.be/schemas/esb/consultimmo" elementFormDefault="unqualified" attributeFormDefault="unqualified" xmlns:tns="http://www.minfin.fgov.be/schemas/esb/canonical/base/1" xmlns:ws="http://www.minfin.fgov.be/schemas/esb/consultimmo" xmlns:xs="http://www.w3.org/2001/XMLSchema">
  <xs:import namespace="http://www.minfin.fgov.be/schemas/esb/canonical/base/1" schemaLocation="CommonBase.xsd"/>
  <!--The type: be.fgov.minfin.esb.consultimmodataservice.be.fgov.minfin.schemas.esb.consultimmo.AddressPartyVO-->
  <xs:complexType name="addressPartyVO">
    <xs:sequence>
      <xs:element name="parcelSituationIdf" type="xs:long" minOccurs="0">
        <xs:annotation>
          <xs:documentation>Propertyid of SitParcelle (oIdfTech)</xs:documentation>
        </xs:annotation>
      </xs:element>
      <xs:element name="nature" type="ws:CodeDescriptionType" minOccurs="0">
        <xs:annotation>
          <xs:documentation>Description of the nature of the parcel (codeNatureId)</xs:documentation>
        </xs:annotation>
      </xs:element>
      <xs:element name="busNumber" type="xs:string" minOccurs="0">
        <xs:annotation>
          <xs:documentation>busnumber</xs:documentation>
        </xs:annotation>
      </xs:element>
      <xs:element name="detail" type="xs:string" minOccurs="0">
        <xs:annotation>
          <xs:documentation>detail</xs:documentation>
        </xs:annotation>
      </xs:element>
      <xs:element name="descriptPrivate" minOccurs="0">
        <xs:annotation>
          <xs:documentation>Description of the private portion
			Description partie privative
			Beschrijving privatief deel</xs:documentation>
        </xs:annotation>
        <xs:simpleType>
          <xs:restriction base="xs:string">
            <xs:maxLength value="35"/>
          </xs:restriction>
        </xs:simpleType>
      </xs:element>
      <xs:element name="dateEnd" type="xs:date" minOccurs="0">
        <xs:annotation>
          <xs:documentation>end date</xs:documentation>
        </xs:annotation>
      </xs:element>
      <xs:element name="dateEndYear" minOccurs="0">
        <xs:annotation>
          <xs:documentation>The year a parcel became passive.</xs:documentation>
        </xs:annotation>
        <xs:simpleType>
          <xs:restriction base="xs:integer">
            <xs:totalDigits value="4"/>
          </xs:restriction>
        </xs:simpleType>
      </xs:element>
      <xs:element name="dateBeginYear" minOccurs="0">
        <xs:annotation>
          <xs:documentation>The year a parcel became active.</xs:documentation>
        </xs:annotation>
        <xs:simpleType>
          <xs:restriction base="xs:integer">
            <xs:totalDigits value="4"/>
          </xs:restriction>
        </xs:simpleType>
      </xs:element>
      <xs:element name="number" type="xs:string" minOccurs="0">
        <xs:annotation>
          <xs:documentation>housenumber</xs:documentation>
        </xs:annotation>
      </xs:element>
      <xs:element name="numberTri" type="xs:string" minOccurs="0">
        <xs:annotation>
          <xs:documentation>housenumber used for sorting</xs:documentation>
        </xs:annotation>
      </xs:element>
      <xs:element name="divCad" type="ws:CodeDescriptionType">
        <xs:annotation>
          <xs:documentation>description of the cadastrale division</xs:documentation>
        </xs:annotation>
      </xs:element>
      <xs:element name="section">
        <xs:annotation>
          <xs:documentation>section</xs:documentation>
        </xs:annotation>
        <xs:simpleType>
          <xs:restriction base="xs:string">
            <xs:maxLength value="1"/>
          </xs:restriction>
        </xs:simpleType>
      </xs:element>
      <xs:element name="primaryNumber" minOccurs="0">
        <xs:annotation>
          <xs:documentation>Grondnummer</xs:documentation>
        </xs:annotation>
        <xs:simpleType>
          <xs:restriction base="xs:integer">
            <xs:totalDigits value="4"/>
          </xs:restriction>
        </xs:simpleType>
      </xs:element>
      <xs:element name="bisNumber" minOccurs="0">
        <xs:annotation>
          <xs:documentation>bisnumber</xs:documentation>
        </xs:annotation>
        <xs:simpleType>
          <xs:restriction base="xs:integer">
            <xs:totalDigits value="2"/>
          </xs:restriction>
        </xs:simpleType>
      </xs:element>
      <xs:element name="exponentNumber" minOccurs="0">
        <xs:annotation>
          <xs:documentation>exponentnumber</xs:documentation>
        </xs:annotation>
        <xs:simpleType>
          <xs:restriction base="xs:integer">
            <xs:totalDigits value="3"/>
          </xs:restriction>
        </xs:simpleType>
      </xs:element>
      <xs:element name="exponentLetter" minOccurs="0">
        <xs:annotation>
          <xs:documentation>section</xs:documentation>
        </xs:annotation>
        <xs:simpleType>
          <xs:restriction base="xs:string">
            <xs:maxLength value="1"/>
          </xs:restriction>
        </xs:simpleType>
      </xs:element>
      <xs:element name="partNumber" minOccurs="0">
        <xs:annotation>
          <xs:documentation>partnumber (P0000 -> P9999)</xs:documentation>
        </xs:annotation>
        <xs:simpleType>
          <xs:restriction base="xs:string">
            <xs:maxLength value="5"/>
            <xs:pattern value="([P,p][0-9][0-9][0-9][0-9])"/>
          </xs:restriction>
        </xs:simpleType>
      </xs:element>
      <xs:element name="dateBegin" type="xs:date" minOccurs="0">
        <xs:annotation>
          <xs:documentation>begin date</xs:documentation>
        </xs:annotation>
      </xs:element>
      <xs:element name="zipCode" type="xs:string" minOccurs="0">
        <xs:annotation>
          <xs:documentation>zipcode</xs:documentation>
        </xs:annotation>
      </xs:element>
      <xs:element name="nisCom" type="ws:CodeDescriptionType" minOccurs="0">
        <xs:annotation>
          <xs:documentation>The community codedescription.</xs:documentation>
        </xs:annotation>
      </xs:element>
      <xs:element name="street" type="ws:CodeDescriptionType" minOccurs="0">
        <xs:annotation>
          <xs:documentation>description of the street code</xs:documentation>
        </xs:annotation>
      </xs:element>
    </xs:sequence>
  </xs:complexType>
  <!--The type: be.fgov.minfin.esb.consultimmodataservice.be.fgov.minfin.schemas.esb.consultimmo.AddressStateVO-->
  <xs:complexType name="addressStateVO">
    <xs:sequence>
      <xs:element name="zipCode" minOccurs="0">
        <xs:annotation>
          <xs:documentation>postalcode of the administrative city (gemeente)</xs:documentation>
        </xs:annotation>
        <xs:simpleType>
          <xs:restriction base="xs:integer">
            <xs:totalDigits value="10"/>
          </xs:restriction>
        </xs:simpleType>
      </xs:element>
      <xs:element name="nisCom" type="ws:CodeDescriptionType">
        <xs:annotation>
          <xs:documentation>The community codedescription.</xs:documentation>
        </xs:annotation>
      </xs:element>
      <xs:element name="streetAlphalog" minOccurs="0">
        <xs:annotation>
          <xs:documentation>the alphalogical description of the administrative city (gemeente)
			Used for sorting the street in the mainframe</xs:documentation>
        </xs:annotation>
        <xs:simpleType>
          <xs:restriction base="xs:string">
            <xs:maxLength value="200"/>
          </xs:restriction>
        </xs:simpleType>
      </xs:element>
      <xs:element name="street" type="ws:CodeDescriptionType">
        <xs:annotation>
          <xs:documentation>The street codedescription.</xs:documentation>
        </xs:annotation>
      </xs:element>
      <xs:element name="number" minOccurs="0">
        <xs:annotation>
          <xs:documentation>HouseNumber and BusNumber</xs:documentation>
        </xs:annotation>
        <xs:simpleType>
          <xs:restriction base="xs:string">
            <xs:maxLength value="11"/>
          </xs:restriction>
        </xs:simpleType>
      </xs:element>
      <xs:element name="numberTri" minOccurs="0">
        <xs:annotation>
          <xs:documentation>HouseNumber and BusNumber in a formatted value
			used for sorting the houseNumber in a street</xs:documentation>
        </xs:annotation>
        <xs:simpleType>
          <xs:restriction base="xs:string">
            <xs:maxLength value="11"/>
          </xs:restriction>
        </xs:simpleType>
      </xs:element>
      <xs:element name="box" minOccurs="0">
        <xs:annotation>
          <xs:documentation>box</xs:documentation>
        </xs:annotation>
        <xs:simpleType>
          <xs:restriction base="xs:string">
            <xs:maxLength value="11"/>
          </xs:restriction>
        </xs:simpleType>
      </xs:element>
      <xs:element name="beginVersion" type="xs:dateTime" minOccurs="0"/>
      <xs:element name="endVersion" type="xs:dateTime" minOccurs="0"/>
      <xs:element name="dateBegin" type="xs:date" minOccurs="0"/>
      <xs:element name="dateEnd" type="xs:date" minOccurs="0"/>
    </xs:sequence>
  </xs:complexType>
  <!--The type: be.fgov.minfin.esb.consultimmodataservice.be.fgov.minfin.schemas.esb.consultimmo.BuiltVO-->
  <xs:complexType name="builtVO">
    <xs:sequence>
      <xs:element name="addressStateVO" type="ws:addressStateVO" minOccurs="0"/>
      <xs:element name="acteDescription" minOccurs="0">
        <xs:annotation>
          <xs:documentation>Nature of the building in the act.</xs:documentation>
        </xs:annotation>
        <xs:simpleType>
          <xs:restriction base="xs:string">
            <xs:maxLength value="100"/>
          </xs:restriction>
        </xs:simpleType>
      </xs:element>
      <xs:element name="basementNumber" minOccurs="0">
        <xs:annotation>
          <xs:documentation>Total amount of basements</xs:documentation>
        </xs:annotation>
        <xs:simpleType>
          <xs:restriction base="xs:integer">
            <xs:totalDigits value="10"/>
          </xs:restriction>
        </xs:simpleType>
      </xs:element>
      <xs:element name="bathroomNumber" minOccurs="0">
        <xs:annotation>
          <xs:documentation>Total amount of bathrooms</xs:documentation>
        </xs:annotation>
        <xs:simpleType>
          <xs:restriction base="xs:integer">
            <xs:totalDigits value="10"/>
          </xs:restriction>
        </xs:simpleType>
      </xs:element>
      <xs:element name="bedroomNumber" minOccurs="0">
        <xs:annotation>
          <xs:documentation>Total amount of bedrooms</xs:documentation>
        </xs:annotation>
        <xs:simpleType>
          <xs:restriction base="xs:integer">
            <xs:totalDigits value="10"/>
          </xs:restriction>
        </xs:simpleType>
      </xs:element>
      <xs:element name="block" minOccurs="0">
        <xs:annotation>
          <xs:documentation>blocknumber</xs:documentation>
        </xs:annotation>
        <xs:simpleType>
          <xs:restriction base="xs:string">
            <xs:maxLength value="100"/>
          </xs:restriction>
        </xs:simpleType>
      </xs:element>
      <xs:element name="builtSurface" minOccurs="0">
        <xs:annotation>
          <xs:documentation>Total built surface</xs:documentation>
        </xs:annotation>
        <xs:simpleType>
          <xs:restriction base="xs:integer">
            <xs:totalDigits value="10"/>
          </xs:restriction>
        </xs:simpleType>
      </xs:element>
      <xs:element name="centralHeating" type="xs:boolean">
        <xs:annotation>
          <xs:documentation>central heating: yes / no</xs:documentation>
        </xs:annotation>
      </xs:element>
      <xs:element name="airco" type="ws:CodeDescriptionType" minOccurs="0">
        <xs:annotation>
          <xs:documentation>description of the code airco</xs:documentation>
        </xs:annotation>
      </xs:element>
      <xs:element name="constructionIndication" type="ws:CodeDescriptionType" minOccurs="0">
        <xs:annotation>
          <xs:documentation>description of the indication of the building</xs:documentation>
        </xs:annotation>
      </xs:element>
      <xs:element name="constructionQuality" type="ws:CodeDescriptionType" minOccurs="0">
        <xs:annotation>
          <xs:documentation>description of the construction quality</xs:documentation>
        </xs:annotation>
      </xs:element>
      <xs:element name="constructionType" type="ws:CodeDescriptionType" minOccurs="0">
        <xs:annotation>
          <xs:documentation>description of the construction type</xs:documentation>
        </xs:annotation>
      </xs:element>
      <xs:element name="constructionYear" type="ws:CodeDescriptionType" minOccurs="0">
        <xs:annotation>
          <xs:documentation>description of the construction year</xs:documentation>
        </xs:annotation>
      </xs:element>
      <xs:element name="descriptionDescr" type="ws:CodeDescriptionType" minOccurs="0">
        <xs:annotation>
          <xs:documentation>description of the private part(privatief deel)</xs:documentation>
        </xs:annotation>
      </xs:element>
      <xs:element name="domotica" type="ws:CodeDescriptionType" minOccurs="0">
        <xs:annotation>
          <xs:documentation>description of the domotica code</xs:documentation>
        </xs:annotation>
      </xs:element>
      <xs:element name="floorSituation" type="ws:CodeDescriptionType" minOccurs="0">
        <xs:annotation>
          <xs:documentation>description of the floor situation</xs:documentation>
        </xs:annotation>
      </xs:element>
      <xs:element name="pool" type="ws:CodeDescriptionType" minOccurs="0">
        <xs:annotation>
          <xs:documentation>description of the pool</xs:documentation>
        </xs:annotation>
      </xs:element>
      <xs:element name="purNature" type="ws:CodeDescriptionType" minOccurs="0">
        <xs:annotation>
          <xs:documentation>description of the nature of the pur</xs:documentation>
        </xs:annotation>
      </xs:element>
      <xs:element name="purType" type="ws:CodeDescriptionType" minOccurs="0">
        <xs:annotation>
          <xs:documentation>description of the type of the pur</xs:documentation>
        </xs:annotation>
      </xs:element>
      <xs:element name="renovType" type="ws:CodeDescriptionType" minOccurs="0">
        <xs:annotation>
          <xs:documentation>description of the type of renovation</xs:documentation>
        </xs:annotation>
      </xs:element>
      <xs:element name="coveredParkingLotNumber" minOccurs="0">
        <xs:annotation>
          <xs:documentation>amount of covered parkinglots</xs:documentation>
        </xs:annotation>
        <xs:simpleType>
          <xs:restriction base="xs:integer">
            <xs:totalDigits value="10"/>
          </xs:restriction>
        </xs:simpleType>
      </xs:element>
      <xs:element name="crossDetail" minOccurs="0">
        <xs:annotation>
          <xs:documentation>Building situated on multiple parcels</xs:documentation>
        </xs:annotation>
        <xs:simpleType>
          <xs:restriction base="xs:string">
            <xs:maxLength value="100"/>
          </xs:restriction>
        </xs:simpleType>
      </xs:element>
      <xs:element name="denom" minOccurs="0">
        <xs:annotation>
          <xs:documentation>unknown, this field is not documented</xs:documentation>
        </xs:annotation>
        <xs:simpleType>
          <xs:restriction base="xs:string">
            <xs:maxLength value="100"/>
          </xs:restriction>
        </xs:simpleType>
      </xs:element>
      <xs:element name="description" minOccurs="0">
        <xs:annotation>
          <xs:documentation>unknown, this field is not documented</xs:documentation>
        </xs:annotation>
        <xs:simpleType>
          <xs:restriction base="xs:string">
            <xs:maxLength value="100"/>
          </xs:restriction>
        </xs:simpleType>
      </xs:element>
      <xs:element name="detail" minOccurs="0">
        <xs:annotation>
          <xs:documentation>detailcode Cadnet</xs:documentation>
        </xs:annotation>
        <xs:simpleType>
          <xs:restriction base="xs:string">
            <xs:maxLength value="100"/>
          </xs:restriction>
        </xs:simpleType>
      </xs:element>
      <xs:element name="floor" minOccurs="0">
        <xs:annotation>
          <xs:documentation>floor</xs:documentation>
        </xs:annotation>
        <xs:simpleType>
          <xs:restriction base="xs:string">
            <xs:maxLength value="100"/>
          </xs:restriction>
        </xs:simpleType>
      </xs:element>
      <xs:element name="floorFrom" minOccurs="0">
        <xs:annotation>
          <xs:documentation>specifications of property in a building without a base
			act/deed</xs:documentation>
        </xs:annotation>
        <xs:simpleType>
          <xs:restriction base="xs:integer">
            <xs:totalDigits value="10"/>
          </xs:restriction>
        </xs:simpleType>
      </xs:element>
      <xs:element name="floorNumberAboveground" minOccurs="0">
        <xs:annotation>
          <xs:documentation>amount of floors above ground</xs:documentation>
        </xs:annotation>
        <xs:simpleType>
          <xs:restriction base="xs:integer">
            <xs:totalDigits value="10"/>
          </xs:restriction>
        </xs:simpleType>
      </xs:element>
      <xs:element name="floorNumberUndergrond" minOccurs="0">
        <xs:annotation>
          <xs:documentation>amount of floors underground</xs:documentation>
        </xs:annotation>
        <xs:simpleType>
          <xs:restriction base="xs:integer">
            <xs:totalDigits value="10"/>
          </xs:restriction>
        </xs:simpleType>
      </xs:element>
      <xs:element name="floorSurface" minOccurs="0">
        <xs:annotation>
          <xs:documentation>total amount of Surface of the floor</xs:documentation>
        </xs:annotation>
        <xs:simpleType>
          <xs:restriction base="xs:integer">
            <xs:totalDigits value="10"/>
          </xs:restriction>
        </xs:simpleType>
      </xs:element>
      <xs:element name="floorTo" minOccurs="0">
        <xs:annotation>
          <xs:documentation>specifications of property in a building without a base
			act/deed</xs:documentation>
        </xs:annotation>
        <xs:simpleType>
          <xs:restriction base="xs:integer">
            <xs:totalDigits value="10"/>
          </xs:restriction>
        </xs:simpleType>
      </xs:element>
      <xs:element name="garageNumber" minOccurs="0">
        <xs:annotation>
          <xs:documentation>amount of garages</xs:documentation>
        </xs:annotation>
        <xs:simpleType>
          <xs:restriction base="xs:integer">
            <xs:totalDigits value="10"/>
          </xs:restriction>
        </xs:simpleType>
      </xs:element>
      <xs:element name="garret" type="xs:boolean">
        <xs:annotation>
          <xs:documentation>garret: yes / no (mansarde)(dakverdieping)</xs:documentation>
        </xs:annotation>
      </xs:element>
      <xs:element name="liftNumber" minOccurs="0">
        <xs:annotation>
          <xs:documentation>total amount of lifts</xs:documentation>
        </xs:annotation>
        <xs:simpleType>
          <xs:restriction base="xs:integer">
            <xs:totalDigits value="10"/>
          </xs:restriction>
        </xs:simpleType>
      </xs:element>
      <xs:element name="housingUnitNumber" minOccurs="0">
        <xs:annotation>
          <xs:documentation>housing units</xs:documentation>
        </xs:annotation>
        <xs:simpleType>
          <xs:restriction base="xs:integer">
            <xs:totalDigits value="10"/>
          </xs:restriction>
        </xs:simpleType>
      </xs:element>
      <xs:element name="mainCommon" minOccurs="0">
        <xs:annotation>
          <xs:documentation>unknown, this field is not documented</xs:documentation>
        </xs:annotation>
        <xs:simpleType>
          <xs:restriction base="xs:integer">
            <xs:totalDigits value="5"/>
          </xs:restriction>
        </xs:simpleType>
      </xs:element>
      <xs:element name="otherNumber" minOccurs="0">
        <xs:annotation>
          <xs:documentation>unknown, this field is not documented</xs:documentation>
        </xs:annotation>
        <xs:simpleType>
          <xs:restriction base="xs:integer">
            <xs:totalDigits value="10"/>
          </xs:restriction>
        </xs:simpleType>
      </xs:element>
      <xs:element name="percentSurfaceHeated" minOccurs="0">
        <xs:annotation>
          <xs:documentation>percent of the heated surface</xs:documentation>
        </xs:annotation>
        <xs:simpleType>
          <xs:restriction base="xs:integer">
            <xs:totalDigits value="10"/>
          </xs:restriction>
        </xs:simpleType>
      </xs:element>
      <xs:element name="physModYear" minOccurs="0">
        <xs:annotation>
          <xs:documentation>the year of physical modification</xs:documentation>
        </xs:annotation>
        <xs:simpleType>
          <xs:restriction base="xs:integer">
            <xs:totalDigits value="10"/>
          </xs:restriction>
        </xs:simpleType>
      </xs:element>
      <xs:element name="placeNumber" minOccurs="0">
        <xs:annotation>
          <xs:documentation>total amount of places</xs:documentation>
        </xs:annotation>
        <xs:simpleType>
          <xs:restriction base="xs:integer">
            <xs:totalDigits value="10"/>
          </xs:restriction>
        </xs:simpleType>
      </xs:element>
      <xs:element name="purCommon" minOccurs="0">
        <xs:annotation>
          <xs:documentation>unknown, this field is not documented</xs:documentation>
        </xs:annotation>
        <xs:simpleType>
          <xs:restriction base="xs:integer">
            <xs:totalDigits value="5"/>
          </xs:restriction>
        </xs:simpleType>
      </xs:element>
      <xs:element name="purMain" minOccurs="0">
        <xs:annotation>
          <xs:documentation>part considered as main PUR</xs:documentation>
        </xs:annotation>
        <xs:simpleType>
          <xs:restriction base="xs:integer">
            <xs:totalDigits value="10"/>
          </xs:restriction>
        </xs:simpleType>
      </xs:element>
      <xs:element name="purNumber" type="xs:string" minOccurs="0">
        <xs:annotation>
          <xs:documentation>unknown, this field is not documented</xs:documentation>
        </xs:annotation>
      </xs:element>
      <xs:element name="renovSurface" minOccurs="0">
        <xs:annotation>
          <xs:documentation>amount of renovated surface</xs:documentation>
        </xs:annotation>
        <xs:simpleType>
          <xs:restriction base="xs:integer">
            <xs:totalDigits value="10"/>
          </xs:restriction>
        </xs:simpleType>
      </xs:element>
      <xs:element name="renovYear" minOccurs="0">
        <xs:annotation>
          <xs:documentation>year of the renovation</xs:documentation>
        </xs:annotation>
        <xs:simpleType>
          <xs:restriction base="xs:integer">
            <xs:totalDigits value="20"/>
          </xs:restriction>
        </xs:simpleType>
      </xs:element>
      <xs:element name="solarPanel" minOccurs="0">
        <xs:annotation>
          <xs:documentation>description of the solar panels used.</xs:documentation>
        </xs:annotation>
        <xs:simpleType>
          <xs:restriction base="xs:integer">
            <xs:totalDigits value="20"/>
          </xs:restriction>
        </xs:simpleType>
      </xs:element>
      <xs:element name="terraceNumber" minOccurs="0">
        <xs:annotation>
          <xs:documentation>number of terraces</xs:documentation>
        </xs:annotation>
        <xs:simpleType>
          <xs:restriction base="xs:integer">
            <xs:totalDigits value="10"/>
          </xs:restriction>
        </xs:simpleType>
      </xs:element>
      <xs:element name="text" minOccurs="0">
        <xs:annotation>
          <xs:documentation>free text</xs:documentation>
        </xs:annotation>
        <xs:simpleType>
          <xs:restriction base="xs:string">
            <xs:maxLength value="512"/>
          </xs:restriction>
        </xs:simpleType>
      </xs:element>
      <xs:element name="totalsurface" minOccurs="0">
        <xs:annotation>
          <xs:documentation>total surface</xs:documentation>
        </xs:annotation>
        <xs:simpleType>
          <xs:restriction base="xs:integer">
            <xs:totalDigits value="10"/>
          </xs:restriction>
        </xs:simpleType>
      </xs:element>
      <xs:element name="usedSurface" minOccurs="0">
        <xs:annotation>
          <xs:documentation>used surface</xs:documentation>
        </xs:annotation>
        <xs:simpleType>
          <xs:restriction base="xs:integer">
            <xs:totalDigits value="10"/>
          </xs:restriction>
        </xs:simpleType>
      </xs:element>
      <xs:element name="yearFrom" minOccurs="0">
        <xs:annotation>
          <xs:documentation>unknown, this field is not documented</xs:documentation>
        </xs:annotation>
        <xs:simpleType>
          <xs:restriction base="xs:integer">
            <xs:totalDigits value="10"/>
          </xs:restriction>
        </xs:simpleType>
      </xs:element>
      <xs:element name="yearTo" minOccurs="0">
        <xs:annotation>
          <xs:documentation>unknown, this field is not documented</xs:documentation>
        </xs:annotation>
        <xs:simpleType>
          <xs:restriction base="xs:integer">
            <xs:totalDigits value="10"/>
          </xs:restriction>
        </xs:simpleType>
      </xs:element>
    </xs:sequence>
  </xs:complexType>
  <!--The type: be.fgov.minfin.esb.consultimmodataservice.be.fgov.minfin.schemas.esb.consultimmo.BusinessRightVO-->
  <xs:complexType name="businessRightVO">
    <xs:sequence>
      <xs:element name="right" minOccurs="0">
        <xs:annotation>
          <xs:documentation>right</xs:documentation>
        </xs:annotation>
        <xs:simpleType>
          <xs:restriction base="xs:string">
            <xs:maxLength value="50"/>
          </xs:restriction>
        </xs:simpleType>
      </xs:element>
      <xs:element name="rightElementVO" type="ws:rightElementVO" minOccurs="0" maxOccurs="unbounded"/>
    </xs:sequence>
  </xs:complexType>
  <!--The type: be.fgov.minfin.esb.consultimmodataservice.be.fgov.minfin.schemas.esb.consultimmo.CadastralIncomeVO-->
  <xs:complexType name="cadastralIncomeVO">
    <xs:sequence>
      <xs:element name="cadastralIncome">
        <xs:annotation>
          <xs:documentation>cadastral income</xs:documentation>
        </xs:annotation>
        <xs:simpleType>
          <xs:restriction base="xs:integer">
            <xs:totalDigits value="10"/>
          </xs:restriction>
        </xs:simpleType>
      </xs:element>
      <xs:element name="decrete" minOccurs="0" maxOccurs="unbounded">
        <xs:complexType>
          <xs:sequence>
            <xs:element name="cadastralIncomeDecrete" type="ws:CodeDescriptionType">
              <xs:annotation>
                <xs:documentation>description for the cadastral income decrete</xs:documentation>
              </xs:annotation>
            </xs:element>
          </xs:sequence>
        </xs:complexType>
      </xs:element>
      <xs:element name="cadastralIncomeMotif" minOccurs="0">
        <xs:annotation>
          <xs:documentation>unknown, this field is not documented</xs:documentation>
        </xs:annotation>
        <xs:simpleType>
          <xs:restriction base="xs:string">
            <xs:maxLength value="100"/>
          </xs:restriction>
        </xs:simpleType>
      </xs:element>
      <xs:element name="charCadastralIncome" type="ws:CodeDescriptionType" minOccurs="0">
        <xs:annotation>
          <xs:documentation>description of the charactercode of the cadastral income</xs:documentation>
        </xs:annotation>
      </xs:element>
      <xs:element name="motivNotif1" type="ws:CodeDescriptionType" minOccurs="0">
        <xs:annotation>
          <xs:documentation>description of the motivNotif1</xs:documentation>
        </xs:annotation>
      </xs:element>
      <xs:element name="motivNotif2" type="ws:CodeDescriptionType" minOccurs="0">
        <xs:annotation>
          <xs:documentation>description of the motivNotif2</xs:documentation>
        </xs:annotation>
      </xs:element>
      <xs:element name="motivNotif3" type="ws:CodeDescriptionType" minOccurs="0">
        <xs:annotation>
          <xs:documentation>description of the motivNotif3</xs:documentation>
        </xs:annotation>
      </xs:element>
      <xs:element name="numberCadastralIncome" type="ws:CodeDescriptionType" minOccurs="0">
        <xs:annotation>
          <xs:documentation>description of the numberCadastralIncome</xs:documentation>
        </xs:annotation>
      </xs:element>
      <xs:element name="dateEndExoneration" type="xs:date" minOccurs="0">
        <xs:annotation>
          <xs:documentation>date for the end of the exoneration
			(vrijstelling)</xs:documentation>
        </xs:annotation>
      </xs:element>
      <xs:element name="dateDefinitiveIncome" type="xs:date" minOccurs="0">
        <xs:annotation>
          <xs:documentation>date dateDefinitiveIncome</xs:documentation>
        </xs:annotation>
      </xs:element>
      <xs:element name="dateFirstUse" type="xs:date" minOccurs="0">
        <xs:annotation>
          <xs:documentation>date first use</xs:documentation>
        </xs:annotation>
      </xs:element>
      <xs:element name="dateNotification" type="xs:date" minOccurs="0">
        <xs:annotation>
          <xs:documentation>date notification</xs:documentation>
        </xs:annotation>
      </xs:element>
      <xs:element name="notificationStatus" type="ws:CodeDescriptionType" minOccurs="0">
        <xs:annotation>
          <xs:documentation>description of the notificationstatus</xs:documentation>
        </xs:annotation>
      </xs:element>
    </xs:sequence>
  </xs:complexType>
  <!--The type: be.fgov.minfin.esb.consultimmodataservice.be.fgov.minfin.schemas.esb.consultimmo.CodeDescriptionType-->
  <xs:complexType name="CodeDescriptionType">
    <xs:sequence>
      <xs:element name="code">
        <xs:simpleType>
          <xs:restriction base="xs:string">
            <xs:maxLength value="20"/>
          </xs:restriction>
        </xs:simpleType>
      </xs:element>
      <xs:element name="description" minOccurs="0">
        <xs:simpleType>
          <xs:restriction base="xs:string">
            <xs:maxLength value="200"/>
          </xs:restriction>
        </xs:simpleType>
      </xs:element>
      <xs:element name="abbreviation" minOccurs="0">
        <xs:simpleType>
          <xs:restriction base="xs:string">
            <xs:maxLength value="50"/>
          </xs:restriction>
        </xs:simpleType>
      </xs:element>
    </xs:sequence>
  </xs:complexType>
  <!--The type: be.fgov.minfin.esb.consultimmodataservice.be.fgov.minfin.schemas.esb.consultimmo.CommunityVO-->
  <xs:complexType name="communityVO">
    <xs:sequence>
      <xs:element name="nisCom" type="ws:CodeDescriptionType">
        <xs:annotation>
          <xs:documentation>The community codedescription.</xs:documentation>
        </xs:annotation>
      </xs:element>
      <xs:element name="zipCode">
        <xs:annotation>
          <xs:documentation>The zipCode of the community.</xs:documentation>
        </xs:annotation>
        <xs:simpleType>
          <xs:restriction base="xs:integer">
            <xs:totalDigits value="19"/>
          </xs:restriction>
        </xs:simpleType>
      </xs:element>
    </xs:sequence>
  </xs:complexType>
  <!--The type: be.fgov.minfin.esb.consultimmodataservice.be.fgov.minfin.schemas.esb.consultimmo.Company-->
  <xs:element name="company" type="ws:company"/>
  <xs:complexType name="company">
    <xs:sequence>
      <xs:element name="persIdf" minOccurs="0">
        <xs:annotation>
          <xs:documentation>the persIdf</xs:documentation>
        </xs:annotation>
        <xs:simpleType>
          <xs:restriction base="xs:integer">
            <xs:totalDigits value="12"/>
          </xs:restriction>
        </xs:simpleType>
      </xs:element>
      <xs:element name="officialId" type="xs:string" minOccurs="0"/>
      <xs:element name="officialIdType" type="xs:string" minOccurs="0"/>
      <xs:element name="name" type="xs:string" minOccurs="0"/>
      <xs:element name="address" type="ws:SimpleAddress" minOccurs="0"/>
    </xs:sequence>
  </xs:complexType>
  <!--The type: be.fgov.minfin.esb.consultimmodataservice.be.fgov.minfin.schemas.esb.consultimmo.CompositePartyVO-->
  <xs:complexType name="compositePartyVO">
    <xs:sequence>
      <xs:element name="businessRightVO" type="ws:businessRightVO" minOccurs="0"/>
      <xs:element name="party">
        <xs:complexType>
          <xs:choice minOccurs="0">
            <xs:element name="partyCommunityVO" type="ws:partyCommunityVO"/>
            <xs:element name="partyAssociationVO" type="ws:partyAssociationVO"/>
            <xs:element name="partyAnonymousVO" type="ws:partyAnonymousVO"/>
            <xs:element name="partyBusinessVO" type="ws:partyBusinessVO"/>
            <xs:element name="partyIndividualVO" type="ws:partyIndividualVO"/>
          </xs:choice>
        </xs:complexType>
      </xs:element>
      <xs:element name="partyCoOwnerVO" type="ws:partyCoOwnerVO" minOccurs="0"/>
      <xs:element name="partyInfoVO" type="ws:partyInfoVO" minOccurs="0"/>
      <xs:element name="managedBy" minOccurs="0">
        <xs:annotation>
          <xs:documentation>PersIdf manager service
			PersIdf service gestionnaire
			PersIdf beherende dienst</xs:documentation>
        </xs:annotation>
        <xs:simpleType>
          <xs:restriction base="xs:string">
            <xs:maxLength value="12"/>
          </xs:restriction>
        </xs:simpleType>
      </xs:element>
      <xs:element name="concessionHolder" minOccurs="0">
        <xs:annotation>
          <xs:documentation>Property conceded to linkpers (uindu) (Concessie houder // Concessionnaire)
			DB:</xs:documentation>
        </xs:annotation>
        <xs:simpleType>
          <xs:restriction base="xs:string">
            <xs:maxLength value="12"/>
          </xs:restriction>
        </xs:simpleType>
      </xs:element>
    </xs:sequence>
  </xs:complexType>
  <!--The type: be.fgov.minfin.esb.consultimmodataservice.be.fgov.minfin.schemas.esb.consultimmo.CompositePropertyStateVO-->
  <xs:complexType name="compositePropertyStateVO">
    <xs:sequence>
      <xs:element name="parcelStateVO" type="ws:parcelStateVO"/>
      <xs:element name="partyVO" type="ws:compositePartyVO" minOccurs="0" maxOccurs="unbounded"/>
      <xs:element name="propertyStateInfoVO" type="ws:propertyStateInfoVO"/>
    </xs:sequence>
  </xs:complexType>
  <!--The type: be.fgov.minfin.esb.consultimmodataservice.be.fgov.minfin.schemas.esb.consultimmo.ConsultIMMOException-->
  <xs:element name="ConsultIMMOException" type="ws:ConsultIMMOException"/>
  <xs:complexType name="ConsultIMMOException">
    <xs:sequence>
      <xs:element name="faultBean" type="ws:FaultBean" minOccurs="0"/>
      <xs:element name="message" type="xs:string" minOccurs="0"/>
    </xs:sequence>
  </xs:complexType>
  <!--The type: be.fgov.minfin.esb.consultimmodataservice.be.fgov.minfin.schemas.esb.consultimmo.DivisionVO-->
  <xs:complexType name="divisionVO">
    <xs:sequence>
      <xs:element name="divCad" type="ws:CodeDescriptionType" minOccurs="0">
        <xs:annotation>
          <xs:documentation>the name of the cadastral division</xs:documentation>
        </xs:annotation>
      </xs:element>
      <xs:element name="persIdf">
        <xs:annotation>
          <xs:documentation>persIdf</xs:documentation>
        </xs:annotation>
        <xs:simpleType>
          <xs:restriction base="xs:long">
            <xs:totalDigits value="12"/>
          </xs:restriction>
        </xs:simpleType>
      </xs:element>
    </xs:sequence>
  </xs:complexType>
  <!--The type: be.fgov.minfin.esb.consultimmodataservice.be.fgov.minfin.schemas.esb.consultimmo.DossierSitHistoricalVO-->
  <xs:complexType name="dossierSitHistoricalVO">
    <xs:sequence>
      <xs:element name="dossierNumber" type="xs:string" minOccurs="0">
        <xs:annotation>
          <xs:documentation>number of the dossier</xs:documentation>
        </xs:annotation>
      </xs:element>
      <xs:element name="dossierType" type="ws:CodeDescriptionType" minOccurs="0">
        <xs:annotation>
          <xs:documentation>The dossierType codedescription stipad</xs:documentation>
        </xs:annotation>
      </xs:element>
      <xs:element name="causeMutation" type="xs:string" minOccurs="0" maxOccurs="unbounded">
        <xs:annotation>
          <xs:documentation>The causes of the mutation</xs:documentation>
        </xs:annotation>
      </xs:element>
      <xs:element name="schets" type="xs:string" minOccurs="0" maxOccurs="unbounded">
        <xs:annotation>
          <xs:documentation>The schets</xs:documentation>
        </xs:annotation>
      </xs:element>
      <xs:element name="dateRealLife" type="xs:date" minOccurs="0">
        <xs:annotation>
          <xs:documentation>Validitydate of the parcel</xs:documentation>
        </xs:annotation>
      </xs:element>
      <xs:element name="yearRealLife" type="xs:integer" minOccurs="0">
        <xs:annotation>
          <xs:documentation>Mutationyear</xs:documentation>
        </xs:annotation>
      </xs:element>
      <xs:element name="dateValidationDossier" type="xs:date" minOccurs="0">
        <xs:annotation>
          <xs:documentation>Validitydate of the parcel</xs:documentation>
        </xs:annotation>
      </xs:element>
      <xs:element name="searchedPropertySituation" type="ws:pathislSp" minOccurs="0" maxOccurs="unbounded"/>
      <xs:element name="previousPropertySituation" type="ws:pathislSp" minOccurs="0" maxOccurs="unbounded"/>
      <xs:element name="nextPropertySituation" type="ws:pathislSp" minOccurs="0" maxOccurs="unbounded"/>
    </xs:sequence>
  </xs:complexType>
  <!--The type: be.fgov.minfin.esb.consultimmodataservice.be.fgov.minfin.schemas.esb.consultimmo.DossierVO-->
  <xs:complexType name="dossierVO">
    <xs:sequence>
      <xs:element name="stipadDossierNumber" type="xs:string" minOccurs="0">
        <xs:annotation>
          <xs:documentation>number of the stipad dossier</xs:documentation>
        </xs:annotation>
      </xs:element>
      <xs:element name="cadnetDossierNumber" type="xs:string" minOccurs="0">
        <xs:annotation>
          <xs:documentation>number of the cadnet dossier</xs:documentation>
        </xs:annotation>
      </xs:element>
      <xs:element name="dossierType" type="ws:CodeDescriptionType" minOccurs="0">
        <xs:annotation>
          <xs:documentation>The dossierType codedescription stipad</xs:documentation>
        </xs:annotation>
      </xs:element>
    </xs:sequence>
  </xs:complexType>
  <!--The type: be.fgov.minfin.esb.consultimmodataservice.be.fgov.minfin.schemas.esb.consultimmo.FaultBean-->
  <xs:complexType name="FaultBean">
    <xs:sequence>
      <xs:element name="msg" type="xs:string" minOccurs="0"/>
    </xs:sequence>
  </xs:complexType>
  <!--The type: be.fgov.minfin.esb.consultimmodataservice.be.fgov.minfin.schemas.esb.consultimmo.FindCommunitiesByNIS-->
  <xs:element name="findCommunitiesByNIS" type="ws:findCommunitiesByNIS"/>
  <xs:complexType name="findCommunitiesByNIS">
    <xs:annotation>
      <xs:documentation>Find communities by niscode.</xs:documentation>
    </xs:annotation>
    <xs:sequence>
      <xs:element name="findCommunitiesByNISVO" type="ws:findCommunitiesByNISVO" minOccurs="0"/>
    </xs:sequence>
  </xs:complexType>
  <!--The type: be.fgov.minfin.esb.consultimmodataservice.be.fgov.minfin.schemas.esb.consultimmo.FindCommunitiesByNISResponse-->
  <xs:element name="findCommunitiesByNISResponse" type="ws:findCommunitiesByNISResponse"/>
  <xs:complexType name="findCommunitiesByNISResponse">
    <xs:sequence>
      <xs:element name="communityVO" type="ws:communityVO" nillable="true" minOccurs="0" maxOccurs="unbounded"/>
    </xs:sequence>
  </xs:complexType>
  <!--The type: be.fgov.minfin.esb.consultimmodataservice.be.fgov.minfin.schemas.esb.consultimmo.FindCommunitiesByNISVO-->
  <xs:complexType name="findCommunitiesByNISVO">
    <xs:sequence>
      <xs:element name="language">
        <xs:annotation>
          <xs:documentation>Language of the user (F/N/D)</xs:documentation>
        </xs:annotation>
        <xs:simpleType>
          <xs:restriction base="xs:string">
            <xs:maxLength value="1"/>
            <xs:pattern value="([F,N,D,f,n,d])"/>
          </xs:restriction>
        </xs:simpleType>
      </xs:element>
      <xs:element name="codeNisComId">
        <xs:annotation>
          <xs:documentation>NisCom</xs:documentation>
        </xs:annotation>
        <xs:simpleType>
          <xs:restriction base="xs:integer">
            <xs:totalDigits value="19"/>
          </xs:restriction>
        </xs:simpleType>
      </xs:element>
    </xs:sequence>
  </xs:complexType>
  <!--The type: be.fgov.minfin.esb.consultimmodataservice.be.fgov.minfin.schemas.esb.consultimmo.FindCommunitiesBySearchToken-->
  <xs:element name="findCommunitiesBySearchToken" type="ws:findCommunitiesBySearchToken"/>
  <xs:complexType name="findCommunitiesBySearchToken">
    <xs:annotation>
      <xs:documentation>Find communities by a searchtoken, in the chosen
		language.</xs:documentation>
    </xs:annotation>
    <xs:sequence>
      <xs:element name="findCommunitiesBySearchTokenVO" type="ws:findCommunitiesBySearchTokenVO" minOccurs="0"/>
    </xs:sequence>
  </xs:complexType>
  <!--The type: be.fgov.minfin.esb.consultimmodataservice.be.fgov.minfin.schemas.esb.consultimmo.FindCommunitiesBySearchTokenResponse-->
  <xs:element name="findCommunitiesBySearchTokenResponse" type="ws:findCommunitiesBySearchTokenResponse"/>
  <xs:complexType name="findCommunitiesBySearchTokenResponse">
    <xs:sequence>
      <xs:element name="communityVO" type="ws:communityVO" nillable="true" minOccurs="0" maxOccurs="unbounded"/>
    </xs:sequence>
  </xs:complexType>
  <!--The type: be.fgov.minfin.esb.consultimmodataservice.be.fgov.minfin.schemas.esb.consultimmo.FindCommunitiesBySearchTokenVO-->
  <xs:complexType name="findCommunitiesBySearchTokenVO">
    <xs:sequence>
      <xs:element name="language">
        <xs:annotation>
          <xs:documentation>Language of the user (F/N/D)</xs:documentation>
        </xs:annotation>
        <xs:simpleType>
          <xs:restriction base="xs:string">
            <xs:maxLength value="1"/>
            <xs:pattern value="([F,N,D,f,n,d])"/>
          </xs:restriction>
        </xs:simpleType>
      </xs:element>
      <xs:element name="searchToken" type="xs:string"/>
    </xs:sequence>
  </xs:complexType>
  <!--The type: be.fgov.minfin.esb.consultimmodataservice.be.fgov.minfin.schemas.esb.consultimmo.FindDivisionWithPropertyByKBOVO-->
  <xs:complexType name="findDivisionWithPropertyByKBOVO">
    <xs:sequence>
      <xs:element name="language">
        <xs:annotation>
          <xs:documentation>Language of the user (F/N/D)</xs:documentation>
        </xs:annotation>
        <xs:simpleType>
          <xs:restriction base="xs:string">
            <xs:maxLength value="1"/>
            <xs:pattern value="([F,N,D,f,n,d])"/>
          </xs:restriction>
        </xs:simpleType>
      </xs:element>
      <xs:element name="kbo" type="xs:integer">
        <xs:annotation>
          <xs:documentation>KBO</xs:documentation>
        </xs:annotation>
      </xs:element>
      <xs:element name="includeExpired" type="xs:boolean" minOccurs="0">
        <xs:annotation>
          <xs:documentation>Include expired situations</xs:documentation>
        </xs:annotation>
      </xs:element>
      <xs:element name="situation0101" type="xs:integer" minOccurs="0">
        <xs:annotation>
          <xs:documentation>Situation at 01/01 of the year requested</xs:documentation>
        </xs:annotation>
      </xs:element>
      <xs:element name="history" type="xs:boolean">
        <xs:annotation>
          <xs:documentation>Show history of the propertystate or not</xs:documentation>
        </xs:annotation>
      </xs:element>
    </xs:sequence>
  </xs:complexType>
  <!--The type: be.fgov.minfin.esb.consultimmodataservice.be.fgov.minfin.schemas.esb.consultimmo.FindDivisionWithPropertyByNRNVO-->
  <xs:complexType name="findDivisionWithPropertyByNRNVO">
    <xs:sequence>
      <xs:element name="language">
        <xs:annotation>
          <xs:documentation>Language of the user (F/N/D)</xs:documentation>
        </xs:annotation>
        <xs:simpleType>
          <xs:restriction base="xs:string">
            <xs:maxLength value="1"/>
            <xs:pattern value="([F,N,D,f,n,d])"/>
          </xs:restriction>
        </xs:simpleType>
      </xs:element>
      <xs:element name="nrn" type="xs:integer">
        <xs:annotation>
          <xs:documentation>NRN</xs:documentation>
        </xs:annotation>
      </xs:element>
      <xs:element name="includeExpired" type="xs:boolean" minOccurs="0">
        <xs:annotation>
          <xs:documentation>Include expired situations</xs:documentation>
        </xs:annotation>
      </xs:element>
      <xs:element name="situation0101" type="xs:integer" minOccurs="0">
        <xs:annotation>
          <xs:documentation>Situation at 01/01 of the year requested</xs:documentation>
        </xs:annotation>
      </xs:element>
      <xs:element name="history" type="xs:boolean">
        <xs:annotation>
          <xs:documentation>Show history of the propertystate or not</xs:documentation>
        </xs:annotation>
      </xs:element>
    </xs:sequence>
  </xs:complexType>
  <!--The type: be.fgov.minfin.esb.consultimmodataservice.be.fgov.minfin.schemas.esb.consultimmo.FindDivisionWithPropertyByPersIdfVO-->
  <xs:complexType name="findDivisionWithPropertyByPersIdfVO">
    <xs:sequence>
      <xs:element name="language">
        <xs:annotation>
          <xs:documentation>Language of the user (F/N/D)</xs:documentation>
        </xs:annotation>
        <xs:simpleType>
          <xs:restriction base="xs:string">
            <xs:maxLength value="1"/>
            <xs:pattern value="([F,N,D,f,n,d])"/>
          </xs:restriction>
        </xs:simpleType>
      </xs:element>
      <xs:element name="persIdf">
        <xs:annotation>
          <xs:documentation>the persIdf</xs:documentation>
        </xs:annotation>
        <xs:simpleType>
          <xs:restriction base="xs:long">
            <xs:totalDigits value="12"/>
          </xs:restriction>
        </xs:simpleType>
      </xs:element>
      <xs:element name="includeExpired" type="xs:boolean" minOccurs="0">
        <xs:annotation>
          <xs:documentation>Include expired situations</xs:documentation>
        </xs:annotation>
      </xs:element>
      <xs:element name="situation0101" type="xs:integer" minOccurs="0">
        <xs:annotation>
          <xs:documentation>Situation at 01/01 of the year requested</xs:documentation>
        </xs:annotation>
      </xs:element>
      <xs:element name="history" type="xs:boolean">
        <xs:annotation>
          <xs:documentation>Show history of the propertystate or not</xs:documentation>
        </xs:annotation>
      </xs:element>
    </xs:sequence>
  </xs:complexType>
  <!--The type: be.fgov.minfin.esb.consultimmodataservice.be.fgov.minfin.schemas.esb.consultimmo.FindParcelBySituationParcelId-->
  <xs:element name="findParcelBySituationParcelId" type="ws:findParcelBySituationParcelId"/>
  <xs:complexType name="findParcelBySituationParcelId">
    <xs:annotation>
      <xs:documentation>Search for a property by using the SituationParcelId</xs:documentation>
    </xs:annotation>
    <xs:sequence>
      <xs:element name="findParcelBySituationParcelIdVO" type="ws:findParcelBySituationParcelIdVO" minOccurs="0"/>
    </xs:sequence>
  </xs:complexType>
  <!--The type: be.fgov.minfin.esb.consultimmodataservice.be.fgov.minfin.schemas.esb.consultimmo.FindParcelBySituationParcelIdResponse-->
  <xs:element name="findParcelBySituationParcelIdResponse" type="ws:findParcelBySituationParcelIdResponse"/>
  <xs:complexType name="findParcelBySituationParcelIdResponse">
    <xs:sequence>
      <xs:element name="findParcelBySituationParcelIdResponse" type="ws:parcelStateVO" nillable="true" minOccurs="0" maxOccurs="unbounded"/>
    </xs:sequence>
  </xs:complexType>
  <!--The type: be.fgov.minfin.esb.consultimmodataservice.be.fgov.minfin.schemas.esb.consultimmo.FindParcelBySituationParcelIdVO-->
  <xs:complexType name="findParcelBySituationParcelIdVO">
    <xs:sequence>
      <xs:element name="language">
        <xs:annotation>
          <xs:documentation>Language of the user (F/N/D)</xs:documentation>
        </xs:annotation>
        <xs:simpleType>
          <xs:restriction base="xs:string">
            <xs:maxLength value="1"/>
            <xs:pattern value="([F,N,D,f,n,d])"/>
          </xs:restriction>
        </xs:simpleType>
      </xs:element>
      <xs:element name="situationParcelId" type="xs:string" minOccurs="0">
        <xs:annotation>
          <xs:documentation>technical identifier of the situationParcel</xs:documentation>
        </xs:annotation>
      </xs:element>
    </xs:sequence>
  </xs:complexType>
  <!--The type: be.fgov.minfin.esb.consultimmodataservice.be.fgov.minfin.schemas.esb.consultimmo.FindPropertyByArticle-->
  <xs:element name="findPropertyByArticle" type="ws:findPropertyByArticle"/>
  <xs:complexType name="findPropertyByArticle">
    <xs:annotation>
      <xs:documentation>Search for a property by using the article number.</xs:documentation>
    </xs:annotation>
    <xs:sequence>
      <xs:element name="findPropertyByArticleVO" type="ws:findPropertyByArticleVO" minOccurs="0"/>
    </xs:sequence>
  </xs:complexType>
  <!--The type: be.fgov.minfin.esb.consultimmodataservice.be.fgov.minfin.schemas.esb.consultimmo.FindPropertyByArticleAndDate-->
  <xs:element name="findPropertyByArticleAndDate" type="ws:findPropertyByArticleAndDate"/>
  <xs:complexType name="findPropertyByArticleAndDate">
    <xs:annotation>
      <xs:documentation>Search for a property by using the article number.</xs:documentation>
    </xs:annotation>
    <xs:sequence>
      <xs:element name="findPropertyByArticleAndDateVO" type="ws:findPropertyByArticleAndDateVO" minOccurs="0"/>
    </xs:sequence>
  </xs:complexType>
  <!--The type: be.fgov.minfin.esb.consultimmodataservice.be.fgov.minfin.schemas.esb.consultimmo.FindPropertyByArticleAndDateResponse-->
  <xs:complexType name="findPropertyByArticleAndDateResponse">
    <xs:complexContent>
      <xs:extension base="ws:response">
        <xs:sequence>
          <xs:element name="findPropertyByArticleResponse" type="ws:compositePropertyStateVO" nillable="true" minOccurs="0" maxOccurs="unbounded"/>
        </xs:sequence>
      </xs:extension>
    </xs:complexContent>
  </xs:complexType>
  <!--The type: be.fgov.minfin.esb.consultimmodataservice.be.fgov.minfin.schemas.esb.consultimmo.FindPropertyByArticleAndDateVO-->
  <xs:complexType name="findPropertyByArticleAndDateVO">
    <xs:sequence>
      <xs:element name="language">
        <xs:annotation>
          <xs:documentation>Language of the user (F/N/D)</xs:documentation>
        </xs:annotation>
        <xs:simpleType>
          <xs:restriction base="xs:string">
            <xs:maxLength value="1"/>
            <xs:pattern value="([F,N,D,f,n,d])"/>
          </xs:restriction>
        </xs:simpleType>
      </xs:element>
      <xs:element name="includeExpired" type="xs:boolean" minOccurs="0">
        <xs:annotation>
          <xs:documentation>Include expired situations</xs:documentation>
        </xs:annotation>
      </xs:element>
      <xs:element name="situation0101" type="xs:integer" minOccurs="0">
        <xs:annotation>
          <xs:documentation>Situation at 01/01 of the year requested</xs:documentation>
        </xs:annotation>
      </xs:element>
      <xs:element name="showAddress" type="xs:boolean" default="false" minOccurs="0">
        <xs:annotation>
          <xs:documentation>Show addresses of the persons and companies in the response: yes / no</xs:documentation>
        </xs:annotation>
      </xs:element>
      <xs:element name="maxResult">
        <xs:annotation>
          <xs:documentation>The user can choose the maximum amount of results that will be shown on the screen.</xs:documentation>
        </xs:annotation>
        <xs:simpleType>
          <xs:restriction base="xs:integer">
            <xs:minInclusive value="0"/>
            <xs:maxInclusive value="999"/>
          </xs:restriction>
        </xs:simpleType>
      </xs:element>
      <xs:element name="cadastralDivision">
        <xs:annotation>
          <xs:documentation>Cadastral division</xs:documentation>
        </xs:annotation>
        <xs:simpleType>
          <xs:restriction base="xs:integer">
            <xs:totalDigits value="5"/>
          </xs:restriction>
        </xs:simpleType>
      </xs:element>
      <xs:element name="article">
        <xs:annotation>
          <xs:documentation>articlenumber from Cadnet</xs:documentation>
        </xs:annotation>
        <xs:simpleType>
          <xs:restriction base="xs:integer">
            <xs:totalDigits value="5"/>
          </xs:restriction>
        </xs:simpleType>
      </xs:element>
      <xs:element name="sequenceNumber" minOccurs="0">
        <xs:annotation>
          <xs:documentation>sequenceNumber / volgnummer XYZ</xs:documentation>
        </xs:annotation>
        <xs:simpleType>
          <xs:restriction base="xs:integer">
            <xs:totalDigits value="4"/>
            <xs:minInclusive value="1"/>
            <xs:maxInclusive value="9999"/>
          </xs:restriction>
        </xs:simpleType>
      </xs:element>
      <xs:element name="typeSearch" minOccurs="0">
        <xs:annotation>
          <xs:documentation>J(Juridical), F(Fiscal)</xs:documentation>
        </xs:annotation>
        <xs:simpleType>
          <xs:restriction base="xs:string">
            <xs:maxLength value="1"/>
            <xs:pattern value="([J,j,F,f])"/>
          </xs:restriction>
        </xs:simpleType>
      </xs:element>
      <xs:element name="referenceYear" minOccurs="0">
        <xs:annotation>
          <xs:documentation>requested year where the persIdf should be an owner(typeSearch must be filled in)</xs:documentation>
        </xs:annotation>
        <xs:simpleType>
          <xs:restriction base="xs:integer">
            <xs:totalDigits value="5"/>
          </xs:restriction>
        </xs:simpleType>
      </xs:element>
      <xs:element name="referenceDate" type="xs:date" minOccurs="0">
        <xs:annotation>
          <xs:documentation>requested date where the persIdf should be an owner(typeSearch must be filled in)</xs:documentation>
        </xs:annotation>
      </xs:element>
      <xs:element name="beginDate" type="xs:date" minOccurs="0">
        <xs:annotation>
          <xs:documentation>begin date of the requested period</xs:documentation>
        </xs:annotation>
      </xs:element>
      <xs:element name="endDate" type="xs:date" minOccurs="0">
        <xs:annotation>
          <xs:documentation>end date of the requested period</xs:documentation>
        </xs:annotation>
      </xs:element>
    </xs:sequence>
  </xs:complexType>
  <!--The type: be.fgov.minfin.esb.consultimmodataservice.be.fgov.minfin.schemas.esb.consultimmo.FindPropertyByArticleResponse-->
  <xs:element name="findPropertyByArticleResponse" type="ws:findPropertyByArticleResponse"/>
  <xs:complexType name="findPropertyByArticleResponse">
    <xs:complexContent>
      <xs:extension base="ws:response">
        <xs:sequence>
          <xs:element name="findPropertyByArticleResponse" type="ws:compositePropertyStateVO" nillable="true" minOccurs="0" maxOccurs="unbounded"/>
        </xs:sequence>
      </xs:extension>
    </xs:complexContent>
  </xs:complexType>
  <!--The type: be.fgov.minfin.esb.consultimmodataservice.be.fgov.minfin.schemas.esb.consultimmo.FindPropertyByArticleVO-->
  <xs:complexType name="findPropertyByArticleVO">
    <xs:sequence>
      <xs:element name="language">
        <xs:annotation>
          <xs:documentation>Language of the user (F/N/D)</xs:documentation>
        </xs:annotation>
        <xs:simpleType>
          <xs:restriction base="xs:string">
            <xs:maxLength value="1"/>
            <xs:pattern value="([F,N,D,f,n,d])"/>
          </xs:restriction>
        </xs:simpleType>
      </xs:element>
      <xs:element name="showAddress" type="xs:boolean" default="false" minOccurs="0">
        <xs:annotation>
          <xs:documentation>Show addresses of the persons and companies in the response: yes / no</xs:documentation>
        </xs:annotation>
      </xs:element>
      <xs:element name="maxResult">
        <xs:annotation>
          <xs:documentation>The user can choose the maximum amount of results that
			will be shown on the screen.</xs:documentation>
        </xs:annotation>
        <xs:simpleType>
          <xs:restriction base="xs:integer">
            <xs:minInclusive value="0"/>
            <xs:maxInclusive value="999"/>
          </xs:restriction>
        </xs:simpleType>
      </xs:element>
      <xs:element name="cadastralDivision">
        <xs:annotation>
          <xs:documentation>Cadastral division</xs:documentation>
        </xs:annotation>
        <xs:simpleType>
          <xs:restriction base="xs:integer">
            <xs:totalDigits value="5"/>
          </xs:restriction>
        </xs:simpleType>
      </xs:element>
      <xs:element name="article">
        <xs:annotation>
          <xs:documentation>articlenumber from Cadnet</xs:documentation>
        </xs:annotation>
        <xs:simpleType>
          <xs:restriction base="xs:integer">
            <xs:totalDigits value="5"/>
          </xs:restriction>
        </xs:simpleType>
      </xs:element>
      <xs:element name="sequenceNumber" minOccurs="0">
        <xs:annotation>
          <xs:documentation>sequenceNumber / volgnummer XYZ</xs:documentation>
        </xs:annotation>
        <xs:simpleType>
          <xs:restriction base="xs:integer">
            <xs:totalDigits value="4"/>
            <xs:minInclusive value="1"/>
            <xs:maxInclusive value="9999"/>
          </xs:restriction>
        </xs:simpleType>
      </xs:element>
      <xs:element name="includeExpired" type="xs:boolean" minOccurs="0">
        <xs:annotation>
          <xs:documentation>Include expired situations</xs:documentation>
        </xs:annotation>
      </xs:element>
      <xs:element name="situation0101" type="xs:integer" minOccurs="0">
        <xs:annotation>
          <xs:documentation>Situation at 01/01 of the year requested</xs:documentation>
        </xs:annotation>
      </xs:element>
      <xs:element name="history" type="xs:boolean">
        <xs:annotation>
          <xs:documentation>Show history: yes / no</xs:documentation>
        </xs:annotation>
      </xs:element>
    </xs:sequence>
  </xs:complexType>
  <!--The type: be.fgov.minfin.esb.consultimmodataservice.be.fgov.minfin.schemas.esb.consultimmo.FindPropertyByKBO-->
  <xs:element name="findPropertyByKBO" type="ws:findPropertyByKBO"/>
  <xs:complexType name="findPropertyByKBO">
    <xs:annotation>
      <xs:documentation>Search for a property by using the KBO.</xs:documentation>
    </xs:annotation>
    <xs:sequence>
      <xs:element name="findPropertyByKBOVO" type="ws:findPropertyByKBOVO"/>
    </xs:sequence>
  </xs:complexType>
  <!--The type: be.fgov.minfin.esb.consultimmodataservice.be.fgov.minfin.schemas.esb.consultimmo.FindPropertyByKBOAndDate-->
  <xs:element name="findPropertyByKBOAndDate" type="ws:findPropertyByKBOAndDate"/>
  <xs:complexType name="findPropertyByKBOAndDate">
    <xs:annotation>
      <xs:documentation>Search for a property by using the KBO.</xs:documentation>
    </xs:annotation>
    <xs:sequence>
      <xs:element name="findPropertyByKBOAndDateVO" type="ws:findPropertyByKBOAndDateVO"/>
    </xs:sequence>
  </xs:complexType>
  <!--The type: be.fgov.minfin.esb.consultimmodataservice.be.fgov.minfin.schemas.esb.consultimmo.FindPropertyByKBOAndDateResponse-->
  <xs:element name="findPropertyByKBOAndDateResponse" type="ws:findPropertyByKBOAndDateResponse"/>
  <xs:complexType name="findPropertyByKBOAndDateResponse">
    <xs:complexContent>
      <xs:extension base="ws:response">
        <xs:sequence>
          <xs:element name="findPropertyByKBOAndDateResponse" type="ws:compositePropertyStateVO" nillable="true" minOccurs="0" maxOccurs="unbounded"/>
        </xs:sequence>
      </xs:extension>
    </xs:complexContent>
  </xs:complexType>
  <!--The type: be.fgov.minfin.esb.consultimmodataservice.be.fgov.minfin.schemas.esb.consultimmo.FindPropertyByKBOAndDateVO-->
  <xs:complexType name="findPropertyByKBOAndDateVO">
    <xs:sequence>
      <xs:element name="language">
        <xs:annotation>
          <xs:documentation>Language of the user (F/N/D)</xs:documentation>
        </xs:annotation>
        <xs:simpleType>
          <xs:restriction base="xs:string">
            <xs:maxLength value="1"/>
            <xs:pattern value="([F,N,D,f,n,d])"/>
          </xs:restriction>
        </xs:simpleType>
      </xs:element>
      <xs:element name="includeExpired" type="xs:boolean" minOccurs="0">
        <xs:annotation>
          <xs:documentation>Include expired situations</xs:documentation>
        </xs:annotation>
      </xs:element>
      <xs:element name="situation0101" type="xs:integer" minOccurs="0">
        <xs:annotation>
          <xs:documentation>Situation at 01/01 of the year requested</xs:documentation>
        </xs:annotation>
      </xs:element>
      <xs:element name="coOwners" type="xs:boolean" default="false">
        <xs:annotation>
          <xs:documentation>Show co owners: yes / no</xs:documentation>
        </xs:annotation>
      </xs:element>
      <xs:element name="showAddress" type="xs:boolean" default="false" minOccurs="0">
        <xs:annotation>
          <xs:documentation>Show addresses of the persons and companies in the response: yes / no</xs:documentation>
        </xs:annotation>
      </xs:element>
      <xs:element name="typeSearch" minOccurs="0">
        <xs:annotation>
          <xs:documentation>J(Juridical), F(Fiscal)</xs:documentation>
        </xs:annotation>
        <xs:simpleType>
          <xs:restriction base="xs:string">
            <xs:maxLength value="1"/>
            <xs:pattern value="([J,j,F,f])"/>
          </xs:restriction>
        </xs:simpleType>
      </xs:element>
      <xs:element name="referenceYear" minOccurs="0">
        <xs:annotation>
          <xs:documentation>requested year where the persIdf should be an
			owner(typeSearch must be filled in)</xs:documentation>
        </xs:annotation>
        <xs:simpleType>
          <xs:restriction base="xs:integer">
            <xs:totalDigits value="5"/>
          </xs:restriction>
        </xs:simpleType>
      </xs:element>
      <xs:element name="referenceDate" type="xs:date" minOccurs="0">
        <xs:annotation>
          <xs:documentation>requested date where the persIdf should be an
			owner(typeSearch must be filled in)</xs:documentation>
        </xs:annotation>
      </xs:element>
      <xs:element name="beginDate" type="xs:date" minOccurs="0">
        <xs:annotation>
          <xs:documentation>begin date of the requested period</xs:documentation>
        </xs:annotation>
      </xs:element>
      <xs:element name="endDate" type="xs:date" minOccurs="0">
        <xs:annotation>
          <xs:documentation>end date of the requested period</xs:documentation>
        </xs:annotation>
      </xs:element>
      <xs:element name="cadastralDivision" minOccurs="0">
        <xs:annotation>
          <xs:documentation>Cadastral division</xs:documentation>
        </xs:annotation>
        <xs:simpleType>
          <xs:restriction base="xs:integer">
            <xs:totalDigits value="5"/>
          </xs:restriction>
        </xs:simpleType>
      </xs:element>
      <xs:element name="codeNISCommunity" minOccurs="0">
        <xs:annotation>
          <xs:documentation>NIS code of the community.</xs:documentation>
        </xs:annotation>
        <xs:simpleType>
          <xs:restriction base="xs:integer">
            <xs:totalDigits value="5"/>
          </xs:restriction>
        </xs:simpleType>
      </xs:element>
      <xs:element name="kbo" type="xs:integer">
        <xs:annotation>
          <xs:documentation>KBO Identifier</xs:documentation>
        </xs:annotation>
      </xs:element>
    </xs:sequence>
  </xs:complexType>
  <!--The type: be.fgov.minfin.esb.consultimmodataservice.be.fgov.minfin.schemas.esb.consultimmo.FindPropertyByKBOResponse-->
  <xs:element name="findPropertyByKBOResponse" type="ws:findPropertyByKBOResponse"/>
  <xs:complexType name="findPropertyByKBOResponse">
    <xs:complexContent>
      <xs:extension base="ws:response">
        <xs:sequence>
          <xs:element name="findPropertyByKBOResponse" type="ws:compositePropertyStateVO" nillable="true" minOccurs="0" maxOccurs="unbounded"/>
        </xs:sequence>
      </xs:extension>
    </xs:complexContent>
  </xs:complexType>
  <!--The type: be.fgov.minfin.esb.consultimmodataservice.be.fgov.minfin.schemas.esb.consultimmo.FindPropertyByKBOVO-->
  <xs:complexType name="findPropertyByKBOVO">
    <xs:sequence>
      <xs:element name="language">
        <xs:annotation>
          <xs:documentation>Language of the user (F/N/D)</xs:documentation>
        </xs:annotation>
        <xs:simpleType>
          <xs:restriction base="xs:string">
            <xs:maxLength value="1"/>
            <xs:pattern value="([F,N,D,f,n,d])"/>
          </xs:restriction>
        </xs:simpleType>
      </xs:element>
      <xs:element name="coOwners" type="xs:boolean">
        <xs:annotation>
          <xs:documentation>Show co owners: yes / no</xs:documentation>
        </xs:annotation>
      </xs:element>
      <xs:element name="showAddress" type="xs:boolean" default="false" minOccurs="0">
        <xs:annotation>
          <xs:documentation>Show addresses of the persons and companies in the response: yes / no</xs:documentation>
        </xs:annotation>
      </xs:element>
      <xs:element name="cadastralDivision" minOccurs="0">
        <xs:annotation>
          <xs:documentation>Cadastral division</xs:documentation>
        </xs:annotation>
        <xs:simpleType>
          <xs:restriction base="xs:integer">
            <xs:totalDigits value="5"/>
          </xs:restriction>
        </xs:simpleType>
      </xs:element>
      <xs:element name="administrativeCommunNumber" minOccurs="0">
        <xs:annotation>
          <xs:documentation>NIS code of the community.</xs:documentation>
        </xs:annotation>
        <xs:simpleType>
          <xs:restriction base="xs:integer">
            <xs:totalDigits value="5"/>
          </xs:restriction>
        </xs:simpleType>
      </xs:element>
      <xs:element name="history" type="xs:boolean">
        <xs:annotation>
          <xs:documentation>Show history: yes / no</xs:documentation>
        </xs:annotation>
      </xs:element>
      <xs:element name="includeExpired" type="xs:boolean" minOccurs="0">
        <xs:annotation>
          <xs:documentation>Include expired situations</xs:documentation>
        </xs:annotation>
      </xs:element>
      <xs:element name="situation0101" type="xs:integer" minOccurs="0">
        <xs:annotation>
          <xs:documentation>Situation at 01/01 of the year requested</xs:documentation>
        </xs:annotation>
      </xs:element>
      <xs:element name="kbo" type="xs:integer">
        <xs:annotation>
          <xs:documentation>persIDF</xs:documentation>
        </xs:annotation>
      </xs:element>
    </xs:sequence>
  </xs:complexType>
  <!--The type: be.fgov.minfin.esb.consultimmodataservice.be.fgov.minfin.schemas.esb.consultimmo.FindPropertyByNRN-->
  <xs:element name="findPropertyByNRN" type="ws:findPropertyByNRN"/>
  <xs:complexType name="findPropertyByNRN">
    <xs:annotation>
      <xs:documentation>Search for a property by using the persIDF.</xs:documentation>
    </xs:annotation>
    <xs:sequence>
      <xs:element name="findPropertyByNRNVO" type="ws:findPropertyByNRNVO"/>
    </xs:sequence>
  </xs:complexType>
  <!--The type: be.fgov.minfin.esb.consultimmodataservice.be.fgov.minfin.schemas.esb.consultimmo.FindPropertyByNRNAndDate-->
  <xs:element name="findPropertyByNRNAndDate" type="ws:findPropertyByNRNAndDate"/>
  <xs:complexType name="findPropertyByNRNAndDate">
    <xs:annotation>
      <xs:documentation>Search for a property by using the persIDF.</xs:documentation>
    </xs:annotation>
    <xs:sequence>
      <xs:element name="findPropertyByNRNAndDateVO" type="ws:findPropertyByNRNAndDateVO"/>
    </xs:sequence>
  </xs:complexType>
  <!--The type: be.fgov.minfin.esb.consultimmodataservice.be.fgov.minfin.schemas.esb.consultimmo.FindPropertyByNRNAndDateResponse-->
  <xs:element name="findPropertyByNRNAndDateResponse" type="ws:findPropertyByNRNAndDateResponse"/>
  <xs:complexType name="findPropertyByNRNAndDateResponse">
    <xs:complexContent>
      <xs:extension base="ws:response">
        <xs:sequence>
          <xs:element name="findPropertyByNRNAndDateResponse" type="ws:compositePropertyStateVO" nillable="true" minOccurs="0" maxOccurs="unbounded"/>
        </xs:sequence>
      </xs:extension>
    </xs:complexContent>
  </xs:complexType>
  <!--The type: be.fgov.minfin.esb.consultimmodataservice.be.fgov.minfin.schemas.esb.consultimmo.FindPropertyByNRNAndDateVO-->
  <xs:complexType name="findPropertyByNRNAndDateVO">
    <xs:sequence>
      <xs:element name="language">
        <xs:annotation>
          <xs:documentation>Language of the user (F/N/D)</xs:documentation>
        </xs:annotation>
        <xs:simpleType>
          <xs:restriction base="xs:string">
            <xs:maxLength value="1"/>
            <xs:pattern value="([F,N,D,f,n,d])"/>
          </xs:restriction>
        </xs:simpleType>
      </xs:element>
      <xs:element name="includeExpired" type="xs:boolean" minOccurs="0">
        <xs:annotation>
          <xs:documentation>Include expired situations</xs:documentation>
        </xs:annotation>
      </xs:element>
      <xs:element name="situation0101" type="xs:integer" minOccurs="0">
        <xs:annotation>
          <xs:documentation>Situation at 01/01 of the year requested</xs:documentation>
        </xs:annotation>
      </xs:element>
      <xs:element name="coOwners" type="xs:boolean" default="false">
        <xs:annotation>
          <xs:documentation>Show co owners: yes / no</xs:documentation>
        </xs:annotation>
      </xs:element>
      <xs:element name="showAddress" type="xs:boolean" default="false" minOccurs="0">
        <xs:annotation>
          <xs:documentation>Show addresses of the persons and companies in the response: yes / no</xs:documentation>
        </xs:annotation>
      </xs:element>
      <xs:element name="typeSearch" minOccurs="0">
        <xs:annotation>
          <xs:documentation>J(Juridical), F(Fiscal)</xs:documentation>
        </xs:annotation>
        <xs:simpleType>
          <xs:restriction base="xs:string">
            <xs:maxLength value="1"/>
            <xs:pattern value="([J,j,F,f])"/>
          </xs:restriction>
        </xs:simpleType>
      </xs:element>
      <xs:element name="referenceYear" minOccurs="0">
        <xs:annotation>
          <xs:documentation>requested year where the persIdf should be an
			owner(typeSearch must be filled in)</xs:documentation>
        </xs:annotation>
        <xs:simpleType>
          <xs:restriction base="xs:integer">
            <xs:totalDigits value="5"/>
          </xs:restriction>
        </xs:simpleType>
      </xs:element>
      <xs:element name="referenceDate" type="xs:date" minOccurs="0">
        <xs:annotation>
          <xs:documentation>requested date where the persIdf should be an
			owner(typeSearch must be filled in)</xs:documentation>
        </xs:annotation>
      </xs:element>
      <xs:element name="beginDate" type="xs:date" minOccurs="0">
        <xs:annotation>
          <xs:documentation>begin date of the requested period</xs:documentation>
        </xs:annotation>
      </xs:element>
      <xs:element name="endDate" type="xs:date" minOccurs="0">
        <xs:annotation>
          <xs:documentation>end date of the requested period</xs:documentation>
        </xs:annotation>
      </xs:element>
      <xs:element name="cadastralDivision" minOccurs="0">
        <xs:annotation>
          <xs:documentation>Cadastral division</xs:documentation>
        </xs:annotation>
        <xs:simpleType>
          <xs:restriction base="xs:integer">
            <xs:totalDigits value="5"/>
          </xs:restriction>
        </xs:simpleType>
      </xs:element>
      <xs:element name="codeNISCommunity" minOccurs="0">
        <xs:annotation>
          <xs:documentation>NIS code of the community.</xs:documentation>
        </xs:annotation>
        <xs:simpleType>
          <xs:restriction base="xs:integer">
            <xs:totalDigits value="5"/>
          </xs:restriction>
        </xs:simpleType>
      </xs:element>
      <xs:element name="nrn" type="xs:integer">
        <xs:annotation>
          <xs:documentation>NRN Identifier</xs:documentation>
        </xs:annotation>
      </xs:element>
    </xs:sequence>
  </xs:complexType>
  <!--The type: be.fgov.minfin.esb.consultimmodataservice.be.fgov.minfin.schemas.esb.consultimmo.FindPropertyByNRNResponse-->
  <xs:element name="findPropertyByNRNResponse" type="ws:findPropertyByNRNResponse"/>
  <xs:complexType name="findPropertyByNRNResponse">
    <xs:complexContent>
      <xs:extension base="ws:response">
        <xs:sequence>
          <xs:element name="findPropertyByNRNResponse" type="ws:compositePropertyStateVO" nillable="true" minOccurs="0" maxOccurs="unbounded"/>
        </xs:sequence>
      </xs:extension>
    </xs:complexContent>
  </xs:complexType>
  <!--The type: be.fgov.minfin.esb.consultimmodataservice.be.fgov.minfin.schemas.esb.consultimmo.FindPropertyByNRNVO-->
  <xs:complexType name="findPropertyByNRNVO">
    <xs:sequence>
      <xs:element name="language">
        <xs:annotation>
          <xs:documentation>Language of the user (F/N/D)</xs:documentation>
        </xs:annotation>
        <xs:simpleType>
          <xs:restriction base="xs:string">
            <xs:maxLength value="1"/>
            <xs:pattern value="([F,N,D,f,n,d])"/>
          </xs:restriction>
        </xs:simpleType>
      </xs:element>
      <xs:element name="coOwners" type="xs:boolean">
        <xs:annotation>
          <xs:documentation>Show co owners: yes / no</xs:documentation>
        </xs:annotation>
      </xs:element>
      <xs:element name="showAddress" type="xs:boolean" default="false" minOccurs="0">
        <xs:annotation>
          <xs:documentation>Show addresses of the persons and companies in the response: yes / no</xs:documentation>
        </xs:annotation>
      </xs:element>
      <xs:element name="cadastralDivision" minOccurs="0">
        <xs:annotation>
          <xs:documentation>Cadastral division</xs:documentation>
        </xs:annotation>
        <xs:simpleType>
          <xs:restriction base="xs:integer">
            <xs:totalDigits value="5"/>
          </xs:restriction>
        </xs:simpleType>
      </xs:element>
      <xs:element name="administrativeCommunNumber" minOccurs="0">
        <xs:annotation>
          <xs:documentation>NIS code of the community.</xs:documentation>
        </xs:annotation>
        <xs:simpleType>
          <xs:restriction base="xs:integer">
            <xs:totalDigits value="5"/>
          </xs:restriction>
        </xs:simpleType>
      </xs:element>
      <xs:element name="history" type="xs:boolean">
        <xs:annotation>
          <xs:documentation>Show history: yes / no</xs:documentation>
        </xs:annotation>
      </xs:element>
      <xs:element name="includeExpired" type="xs:boolean" minOccurs="0">
        <xs:annotation>
          <xs:documentation>Include expired situations</xs:documentation>
        </xs:annotation>
      </xs:element>
      <xs:element name="situation0101" type="xs:integer" minOccurs="0">
        <xs:annotation>
          <xs:documentation>Situation at 01/01 of the year requested</xs:documentation>
        </xs:annotation>
      </xs:element>
      <xs:element name="nrn" type="xs:integer">
        <xs:annotation>
          <xs:documentation>persIDF</xs:documentation>
        </xs:annotation>
      </xs:element>
    </xs:sequence>
  </xs:complexType>
  <!--The type: be.fgov.minfin.esb.consultimmodataservice.be.fgov.minfin.schemas.esb.consultimmo.FindPropertyByParcelId-->
  <xs:element name="findPropertyByParcelId" type="ws:findPropertyByParcelId"/>
  <xs:complexType name="findPropertyByParcelId">
    <xs:annotation>
      <xs:documentation>Search for a parcel by using the parcel Id.</xs:documentation>
    </xs:annotation>
    <xs:sequence>
      <xs:element name="findPropertyByParcelIdVO" type="ws:findPropertyByParcelIdVO" minOccurs="0"/>
    </xs:sequence>
  </xs:complexType>
  <!--The type: be.fgov.minfin.esb.consultimmodataservice.be.fgov.minfin.schemas.esb.consultimmo.FindPropertyByParcelIdResponse-->
  <xs:element name="findPropertyByParcelIdResponse" type="ws:findPropertyByParcelIdResponse"/>
  <xs:complexType name="findPropertyByParcelIdResponse">
    <xs:complexContent>
      <xs:extension base="ws:response">
        <xs:sequence>
          <xs:element name="findPropertyByParcelIdResponse" type="ws:compositePropertyStateVO" nillable="true" minOccurs="0" maxOccurs="unbounded"/>
        </xs:sequence>
      </xs:extension>
    </xs:complexContent>
  </xs:complexType>
  <!--The type: be.fgov.minfin.esb.consultimmodataservice.be.fgov.minfin.schemas.esb.consultimmo.FindPropertyByParcelIdVO-->
  <xs:complexType name="findPropertyByParcelIdVO">
    <xs:sequence>
      <xs:element name="language">
        <xs:annotation>
          <xs:documentation>Language of the user (F/N/D)</xs:documentation>
        </xs:annotation>
        <xs:simpleType>
          <xs:restriction base="xs:string">
            <xs:maxLength value="1"/>
            <xs:pattern value="([F,N,D,f,n,d])"/>
          </xs:restriction>
        </xs:simpleType>
      </xs:element>
      <xs:element name="history" type="xs:boolean">
        <xs:annotation>
          <xs:documentation>Show history of the propertystate or not</xs:documentation>
        </xs:annotation>
      </xs:element>
      <xs:element name="includeExpired" type="xs:boolean" minOccurs="0">
        <xs:annotation>
          <xs:documentation>Include expired situations</xs:documentation>
        </xs:annotation>
      </xs:element>
      <xs:element name="situation0101" type="xs:integer" minOccurs="0">
        <xs:annotation>
          <xs:documentation>Situation at 01/01 of the year requested</xs:documentation>
        </xs:annotation>
      </xs:element>
      <xs:element name="showAddress" type="xs:boolean" default="false" minOccurs="0">
        <xs:annotation>
          <xs:documentation>Show addresses of the persons and companies in the response: yes / no</xs:documentation>
        </xs:annotation>
      </xs:element>
      <xs:element name="maxResult">
        <xs:annotation>
          <xs:documentation>The user can choose the maximum amount of results that
			will be shown on the screen.</xs:documentation>
        </xs:annotation>
        <xs:simpleType>
          <xs:restriction base="xs:integer">
            <xs:minInclusive value="0"/>
            <xs:maxInclusive value="999"/>
          </xs:restriction>
        </xs:simpleType>
      </xs:element>
      <xs:element name="cadastralDivision">
        <xs:annotation>
          <xs:documentation>Cadastral division</xs:documentation>
        </xs:annotation>
        <xs:simpleType>
          <xs:restriction base="xs:integer">
            <xs:totalDigits value="5"/>
          </xs:restriction>
        </xs:simpleType>
      </xs:element>
      <xs:element name="section">
        <xs:annotation>
          <xs:documentation>section</xs:documentation>
        </xs:annotation>
        <xs:simpleType>
          <xs:restriction base="xs:string">
            <xs:maxLength value="1"/>
            <xs:pattern value="([a-zA-Z])"/>
          </xs:restriction>
        </xs:simpleType>
      </xs:element>
      <xs:element name="primaryNumber">
        <xs:annotation>
          <xs:documentation>primary number</xs:documentation>
        </xs:annotation>
        <xs:simpleType>
          <xs:restriction base="xs:integer">
            <xs:totalDigits value="4"/>
            <xs:minInclusive value="1"/>
            <xs:maxInclusive value="9999"/>
          </xs:restriction>
        </xs:simpleType>
      </xs:element>
      <xs:element name="bisNumber" minOccurs="0">
        <xs:annotation>
          <xs:documentation>bisnumber</xs:documentation>
        </xs:annotation>
        <xs:simpleType>
          <xs:restriction base="xs:integer">
            <xs:totalDigits value="2"/>
            <xs:minInclusive value="2"/>
            <xs:maxInclusive value="99"/>
          </xs:restriction>
        </xs:simpleType>
      </xs:element>
      <xs:element name="exponentNumber" minOccurs="0">
        <xs:annotation>
          <xs:documentation>exponentnumber</xs:documentation>
        </xs:annotation>
        <xs:simpleType>
          <xs:restriction base="xs:integer">
            <xs:totalDigits value="3"/>
            <xs:minInclusive value="2"/>
            <xs:maxInclusive value="999"/>
          </xs:restriction>
        </xs:simpleType>
      </xs:element>
      <xs:element name="exponentLetter" minOccurs="0">
        <xs:annotation>
          <xs:documentation>exponentletter</xs:documentation>
        </xs:annotation>
        <xs:simpleType>
          <xs:restriction base="xs:string">
            <xs:maxLength value="1"/>
            <xs:pattern value="([a-zA-Z])"/>
          </xs:restriction>
        </xs:simpleType>
      </xs:element>
      <xs:element name="partNumber">
        <xs:annotation>
          <xs:documentation>partnumber (P0000 -> P9999)</xs:documentation>
        </xs:annotation>
        <xs:simpleType>
          <xs:restriction base="xs:string">
            <xs:maxLength value="5"/>
            <xs:pattern value="([P,p][0-9][0-9][0-9][0-9])"/>
          </xs:restriction>
        </xs:simpleType>
      </xs:element>
    </xs:sequence>
  </xs:complexType>
  <!--The type: be.fgov.minfin.esb.consultimmodataservice.be.fgov.minfin.schemas.esb.consultimmo.FindPropertyByPartyPropertyId-->
  <xs:element name="findPropertyByPartyPropertyId" type="ws:findPropertyByPartyPropertyId"/>
  <xs:complexType name="findPropertyByPartyPropertyId">
    <xs:annotation>
      <xs:documentation>Search for a property by using the partyPropertyId</xs:documentation>
    </xs:annotation>
    <xs:sequence>
      <xs:element name="findPropertyByPartyPropertyIdVO" type="ws:findPropertyByPartyPropertyIdVO" minOccurs="0"/>
    </xs:sequence>
  </xs:complexType>
  <!--The type: be.fgov.minfin.esb.consultimmodataservice.be.fgov.minfin.schemas.esb.consultimmo.FindPropertyByPartyPropertyIdResponse-->
  <xs:element name="findPropertyByPartyPropertyIdResponse" type="ws:findPropertyByPartyPropertyIdResponse"/>
  <xs:complexType name="findPropertyByPartyPropertyIdResponse">
    <xs:complexContent>
      <xs:extension base="ws:response">
        <xs:sequence>
          <xs:element name="return" type="ws:compositePropertyStateVO" nillable="true" minOccurs="0" maxOccurs="unbounded"/>
        </xs:sequence>
      </xs:extension>
    </xs:complexContent>
  </xs:complexType>
  <!--The type: be.fgov.minfin.esb.consultimmodataservice.be.fgov.minfin.schemas.esb.consultimmo.FindPropertyByPartyPropertyIdVO-->
  <xs:complexType name="findPropertyByPartyPropertyIdVO">
    <xs:sequence>
      <xs:element name="language">
        <xs:annotation>
          <xs:documentation>Language of the user (F/N/D)</xs:documentation>
        </xs:annotation>
        <xs:simpleType>
          <xs:restriction base="xs:string">
            <xs:maxLength value="1"/>
            <xs:pattern value="([F,N,D,f,n,d])"/>
          </xs:restriction>
        </xs:simpleType>
      </xs:element>
      <xs:element name="includeExpired" type="xs:boolean" minOccurs="0">
        <xs:annotation>
          <xs:documentation>Include expired situations</xs:documentation>
        </xs:annotation>
      </xs:element>
      <xs:element name="situation0101" type="xs:integer" minOccurs="0">
        <xs:annotation>
          <xs:documentation>Situation at 01/01 of the year requested</xs:documentation>
        </xs:annotation>
      </xs:element>
      <xs:element name="partyPropertyId" type="xs:string" minOccurs="0">
        <xs:annotation>
          <xs:documentation>technical identifier of the partyproperty</xs:documentation>
        </xs:annotation>
      </xs:element>
      <xs:element name="showAddress" type="xs:boolean" default="false" minOccurs="0">
        <xs:annotation>
          <xs:documentation>Show addresses of the persons and companies in the response: yes / no</xs:documentation>
        </xs:annotation>
      </xs:element>
    </xs:sequence>
  </xs:complexType>
  <!--The type: be.fgov.minfin.esb.consultimmodataservice.be.fgov.minfin.schemas.esb.consultimmo.FindPropertyByPersIdf-->
  <xs:element name="findPropertyByPersIdf" type="ws:findPropertyByPersIdf"/>
  <xs:complexType name="findPropertyByPersIdf">
    <xs:annotation>
      <xs:documentation>Search for a property by using the persIdf.</xs:documentation>
    </xs:annotation>
    <xs:sequence>
      <xs:element name="findPropertyByPersIdfVO" type="ws:findPropertyByPersIdfVO" minOccurs="0"/>
    </xs:sequence>
  </xs:complexType>
  <!--The type: be.fgov.minfin.esb.consultimmodataservice.be.fgov.minfin.schemas.esb.consultimmo.FindPropertyByPersIdfAndDate-->
  <xs:element name="findPropertyByPersIdfAndDate" type="ws:findPropertyByPersIdfAndDate"/>
  <xs:complexType name="findPropertyByPersIdfAndDate">
    <xs:annotation>
      <xs:documentation>Search for a property by using the persIdf and date.</xs:documentation>
    </xs:annotation>
    <xs:sequence>
      <xs:element name="findPropertyByPersIdfAndDateVO" type="ws:findPropertyByPersIdfAndDateVO" minOccurs="0"/>
    </xs:sequence>
  </xs:complexType>
  <!--The type: be.fgov.minfin.esb.consultimmodataservice.be.fgov.minfin.schemas.esb.consultimmo.FindPropertyByPersIdfAndDateResponse-->
  <xs:element name="findPropertyByPersIdfAndDateResponse" type="ws:findPropertyByPersIdfAndDateResponse"/>
  <xs:complexType name="findPropertyByPersIdfAndDateResponse">
    <xs:complexContent>
      <xs:extension base="ws:response">
        <xs:sequence>
          <xs:element name="findPropertyByPersIdfAndDateResponse" type="ws:compositePropertyStateVO" nillable="true" minOccurs="0" maxOccurs="unbounded"/>
        </xs:sequence>
      </xs:extension>
    </xs:complexContent>
  </xs:complexType>
  <!--The type: be.fgov.minfin.esb.consultimmodataservice.be.fgov.minfin.schemas.esb.consultimmo.FindPropertyByPersIdfAndDateVO-->
  <xs:complexType name="findPropertyByPersIdfAndDateVO">
    <xs:sequence>
      <xs:element name="language">
        <xs:annotation>
          <xs:documentation>Language of the user (F/N/D)</xs:documentation>
        </xs:annotation>
        <xs:simpleType>
          <xs:restriction base="xs:string">
            <xs:maxLength value="1"/>
            <xs:pattern value="([F,N,D,f,n,d])"/>
          </xs:restriction>
        </xs:simpleType>
      </xs:element>
      <xs:element name="includeExpired" type="xs:boolean" minOccurs="0">
        <xs:annotation>
          <xs:documentation>Include expired situations</xs:documentation>
        </xs:annotation>
      </xs:element>
      <xs:element name="situation0101" type="xs:integer" minOccurs="0">
        <xs:annotation>
          <xs:documentation>Situation at 01/01 of the year requested</xs:documentation>
        </xs:annotation>
      </xs:element>
      <xs:element name="coOwners" type="xs:boolean" default="false">
        <xs:annotation>
          <xs:documentation>Show co owners: yes / no</xs:documentation>
        </xs:annotation>
      </xs:element>
      <xs:element name="showAddress" type="xs:boolean" default="false" minOccurs="0">
        <xs:annotation>
          <xs:documentation>Show addresses of the persons and companies in the response: yes / no</xs:documentation>
        </xs:annotation>
      </xs:element>
      <xs:element name="typeSearch" minOccurs="0">
        <xs:annotation>
          <xs:documentation>J(Juridical), F(Fiscal)</xs:documentation>
        </xs:annotation>
        <xs:simpleType>
          <xs:restriction base="xs:string">
            <xs:maxLength value="1"/>
            <xs:pattern value="([J,j,F,f])"/>
          </xs:restriction>
        </xs:simpleType>
      </xs:element>
      <xs:element name="referenceYear" minOccurs="0">
        <xs:annotation>
          <xs:documentation>requested year where the persIdf should be an
			owner(typeSearch must be filled in)</xs:documentation>
        </xs:annotation>
        <xs:simpleType>
          <xs:restriction base="xs:integer">
            <xs:totalDigits value="5"/>
          </xs:restriction>
        </xs:simpleType>
      </xs:element>
      <xs:element name="referenceDate" type="xs:date" minOccurs="0">
        <xs:annotation>
          <xs:documentation>requested date where the persIdf should be an
			owner(typeSearch must be filled in)</xs:documentation>
        </xs:annotation>
      </xs:element>
      <xs:element name="beginDate" type="xs:date" minOccurs="0">
        <xs:annotation>
          <xs:documentation>begin date of the requested period</xs:documentation>
        </xs:annotation>
      </xs:element>
      <xs:element name="endDate" type="xs:date" minOccurs="0">
        <xs:annotation>
          <xs:documentation>end date of the requested period</xs:documentation>
        </xs:annotation>
      </xs:element>
      <xs:element name="cadastralDivision" minOccurs="0">
        <xs:annotation>
          <xs:documentation>Cadastral division</xs:documentation>
        </xs:annotation>
        <xs:simpleType>
          <xs:restriction base="xs:integer">
            <xs:totalDigits value="5"/>
          </xs:restriction>
        </xs:simpleType>
      </xs:element>
      <xs:element name="codeNISCommunity" minOccurs="0">
        <xs:annotation>
          <xs:documentation>NIS code of the community.</xs:documentation>
        </xs:annotation>
        <xs:simpleType>
          <xs:restriction base="xs:integer">
            <xs:totalDigits value="5"/>
          </xs:restriction>
        </xs:simpleType>
      </xs:element>
      <xs:element name="persIdf">
        <xs:annotation>
          <xs:documentation>the persIdf</xs:documentation>
        </xs:annotation>
        <xs:simpleType>
          <xs:restriction base="xs:long">
            <xs:totalDigits value="12"/>
          </xs:restriction>
        </xs:simpleType>
      </xs:element>
    </xs:sequence>
  </xs:complexType>
  <!--The type: be.fgov.minfin.esb.consultimmodataservice.be.fgov.minfin.schemas.esb.consultimmo.FindPropertyByPersIdfMyMinfin-->
  <xs:element name="findPropertyByPersIdfMyMinfin" type="ws:findPropertyByPersIdfMyMinfin"/>
  <xs:complexType name="findPropertyByPersIdfMyMinfin">
    <xs:annotation>
      <xs:documentation>Search for a property by using the persIdf.</xs:documentation>
    </xs:annotation>
    <xs:sequence>
      <xs:element name="findPropertyByPersIdfMyMinfinVO" type="ws:findPropertyByPersIdfMyMinfinVO" minOccurs="0"/>
    </xs:sequence>
  </xs:complexType>
  <!--The type: be.fgov.minfin.esb.consultimmodataservice.be.fgov.minfin.schemas.esb.consultimmo.FindPropertyByPersIdfMyMinfinVO-->
  <xs:complexType name="findPropertyByPersIdfMyMinfinVO">
    <xs:sequence>
      <xs:element name="language">
        <xs:annotation>
          <xs:documentation>Language of the user (F/N/D)</xs:documentation>
        </xs:annotation>
        <xs:simpleType>
          <xs:restriction base="xs:string">
            <xs:maxLength value="1"/>
            <xs:pattern value="([F,N,D,f,n,d])"/>
          </xs:restriction>
        </xs:simpleType>
      </xs:element>
      <xs:element name="physicalPerson" type="xs:boolean" default="true">
        <xs:annotation>
          <xs:documentation>true: the PersIdf is a physical person, no value in cadastralDivision or administrativeCommunNumber required false: the PersIdf is an enterprise, cadastralDivision or administrativeCommunNumber is required</xs:documentation>
        </xs:annotation>
      </xs:element>
      <xs:element name="history" type="xs:boolean" minOccurs="0">
        <xs:annotation>
          <xs:documentation>Show history of the propertystate or not</xs:documentation>
        </xs:annotation>
      </xs:element>
      <xs:element name="situation0101" type="xs:integer" minOccurs="0">
        <xs:annotation>
          <xs:documentation>Situation at 01/01 of the year requested</xs:documentation>
        </xs:annotation>
      </xs:element>
      <xs:element name="persIdf">
        <xs:annotation>
          <xs:documentation>the persIdf</xs:documentation>
        </xs:annotation>
        <xs:simpleType>
          <xs:restriction base="xs:long">
            <xs:totalDigits value="12"/>
          </xs:restriction>
        </xs:simpleType>
      </xs:element>
    </xs:sequence>
  </xs:complexType>
  <!--The type: be.fgov.minfin.esb.consultimmodataservice.be.fgov.minfin.schemas.esb.consultimmo.findPropertyByNRNLight-->
  <xs:element name="findPropertyByNRNLight" type="ws:findPropertyByNRNLight"/>
  <xs:complexType name="findPropertyByNRNLight">
    <xs:annotation>
      <xs:documentation>Search for a property by using the NRN.</xs:documentation>
    </xs:annotation>
    <xs:sequence>
      <xs:element name="findPropertyByNRNLightVO" type="ws:findPropertyByNRNLightVO" minOccurs="0"/>
    </xs:sequence>
  </xs:complexType>
  <!--The type: be.fgov.minfin.esb.consultimmodataservice.be.fgov.minfin.schemas.esb.consultimmo.findPropertyByNRNLightVO-->
  <xs:complexType name="findPropertyByNRNLightVO">
    <xs:sequence>
      <xs:element name="language">
        <xs:annotation>
          <xs:documentation>Language of the user (F/N/D)</xs:documentation>
        </xs:annotation>
        <xs:simpleType>
          <xs:restriction base="xs:string">
            <xs:maxLength value="1"/>
            <xs:pattern value="([F,N,D,f,n,d])"/>
          </xs:restriction>
        </xs:simpleType>
      </xs:element>
      <xs:element name="history" type="xs:boolean" minOccurs="0">
        <xs:annotation>
          <xs:documentation>Show history of the propertystate or not</xs:documentation>
        </xs:annotation>
      </xs:element>
      <xs:element name="situation0101" type="xs:integer" minOccurs="0">
        <xs:annotation>
          <xs:documentation>Situation at 01/01 of the year requested</xs:documentation>
        </xs:annotation>
      </xs:element>
      <xs:element name="nrn">
        <xs:annotation>
          <xs:documentation>the nrn</xs:documentation>
        </xs:annotation>
        <xs:simpleType>
          <xs:restriction base="xs:long">
            <xs:totalDigits value="12"/>
          </xs:restriction>
        </xs:simpleType>
      </xs:element>
    </xs:sequence>
  </xs:complexType>
  <!--The type: be.fgov.minfin.esb.consultimmodataservice.be.fgov.minfin.schemas.esb.consultimmo.findPropertyByKBOLight-->
  <xs:element name="findPropertyByKBOLight" type="ws:findPropertyByKBOLight"/>
  <xs:complexType name="findPropertyByKBOLight">
    <xs:annotation>
      <xs:documentation>Search for a property by using the KBO.</xs:documentation>
    </xs:annotation>
    <xs:sequence>
      <xs:element name="findPropertyByKBOLightVO" type="ws:findPropertyByKBOLightVO" minOccurs="0"/>
    </xs:sequence>
  </xs:complexType>
  <!--The type: be.fgov.minfin.esb.consultimmodataservice.be.fgov.minfin.schemas.esb.consultimmo.findPropertyByKBOLightVO-->
  <xs:complexType name="findPropertyByKBOLightVO">
    <xs:sequence>
      <xs:element name="language">
        <xs:annotation>
          <xs:documentation>Language of the user (F/N/D)</xs:documentation>
        </xs:annotation>
        <xs:simpleType>
          <xs:restriction base="xs:string">
            <xs:maxLength value="1"/>
            <xs:pattern value="([F,N,D,f,n,d])"/>
          </xs:restriction>
        </xs:simpleType>
      </xs:element>
      <xs:element name="history" type="xs:boolean" minOccurs="0">
        <xs:annotation>
          <xs:documentation>Show history of the propertystate or not</xs:documentation>
        </xs:annotation>
      </xs:element>
      <xs:element name="situation0101" type="xs:integer" minOccurs="0">
        <xs:annotation>
          <xs:documentation>Situation at 01/01 of the year requested</xs:documentation>
        </xs:annotation>
      </xs:element>
      <xs:element name="kbo">
        <xs:annotation>
          <xs:documentation>the KBO</xs:documentation>
        </xs:annotation>
        <xs:simpleType>
          <xs:restriction base="xs:long">
            <xs:totalDigits value="12"/>
          </xs:restriction>
        </xs:simpleType>
      </xs:element>
    </xs:sequence>
  </xs:complexType>
  <!--The type: be.fgov.minfin.esb.consultimmodataservice.be.fgov.minfin.schemas.esb.consultimmo.findAanpalers-->
  <xs:element name="findAanpalers" type="ws:findAanpalers"/>
  <xs:complexType name="findAanpalers">
    <xs:annotation>
      <xs:documentation>Search for a property by using the KBO.</xs:documentation>
    </xs:annotation>
    <xs:sequence>
      <xs:element name="findAanpalersVO" type="ws:findAanpalersVO" minOccurs="0"/>
    </xs:sequence>
  </xs:complexType>
  <!--The type: be.fgov.minfin.esb.consultimmodataservice.be.fgov.minfin.schemas.esb.consultimmo.findAanpalersVO-->
  <xs:complexType name="findAanpalersVO">
    <xs:sequence>
      <xs:element name="language">
        <xs:annotation>
          <xs:documentation>Language of the user (F/N/D)</xs:documentation>
        </xs:annotation>
        <xs:simpleType>
          <xs:restriction base="xs:string">
            <xs:maxLength value="1"/>
            <xs:pattern value="([F,N,D,f,n,d])"/>
          </xs:restriction>
        </xs:simpleType>
      </xs:element>
      <xs:element name="capakey" type="xs:string" minOccurs="1" maxOccurs="unbounded"/>
      <xs:element name="radius" type="xs:string" minOccurs="0" maxOccurs="1"/>
    </xs:sequence>
  </xs:complexType>
  <!--The type: be.fgov.minfin.esb.consultimmodataservice.be.fgov.minfin.schemas.esb.consultimmo.findAanpalersResponse-->
  <xs:element name="findAanpalersResponse" type="ws:findAanpalersResponse"/>
  <xs:complexType name="findAanpalersResponse">
    <xs:complexContent>
      <xs:extension base="ws:response">
        <xs:sequence>
          <xs:element name="findAanpalersResponse" type="ws:findAanpalersResponseVO" nillable="true" minOccurs="0" maxOccurs="unbounded"/>
        </xs:sequence>
      </xs:extension>
    </xs:complexContent>
  </xs:complexType>
  <!--The type: be.fgov.minfin.esb.consultimmodataservice.be.fgov.minfin.schemas.esb.consultimmo.findAanpalersResponseVO-->
  <xs:complexType name="findAanpalersResponseVO">
    <xs:sequence>
      <xs:element name="addressStateVO" type="ws:addressStateVO" minOccurs="0" maxOccurs="1"/>
      <xs:element name="locationNotBuilt" type="ws:locationNotBuilt" minOccurs="0" maxOccurs="1"/>
      <xs:element name="propertySituationIdf" type="xs:long" minOccurs="0"/>
      <xs:element name="parcelIdentification" type="ws:parcelIdentificationVO" minOccurs="0" maxOccurs="1"/>
      <xs:element name="parclCadStatu" type="ws:CodeDescriptionType" minOccurs="0">
        <xs:annotation>
          <xs:documentation>Status of the patrimonial parcel</xs:documentation>
        </xs:annotation>
      </xs:element>
      <xs:element name="natureParcel" type="ws:CodeDescriptionType" minOccurs="0" maxOccurs="1">
        <xs:annotation>
          <xs:documentation>Description of the nature of the parcel (codeNatureId)</xs:documentation>
        </xs:annotation>
      </xs:element>
      <xs:element name="purNature" type="ws:CodeDescriptionType" minOccurs="0" maxOccurs="1">
        <xs:annotation>
          <xs:documentation>Description of the nature of the parcel (codeNatureId)</xs:documentation>
        </xs:annotation>
      </xs:element>
      <xs:element name="purType" type="ws:CodeDescriptionType" minOccurs="0" maxOccurs="1">
        <xs:annotation>
          <xs:documentation>Description of the nature of the parcel (codeNatureId)</xs:documentation>
        </xs:annotation>
      </xs:element>
      <xs:element name="fullDetail" type="xs:string" minOccurs="0">
        <xs:annotation>
          <xs:documentation>technical identification of planGeometre</xs:documentation>
        </xs:annotation>
      </xs:element>
      <xs:element name="apptDetail" type="xs:string" minOccurs="0">
        <xs:annotation>
          <xs:documentation>technical identification of planGeometre</xs:documentation>
        </xs:annotation>
      </xs:element>
      <xs:element name="polWa" type="ws:CodeDescriptionType" minOccurs="0">
        <xs:annotation>
          <xs:documentation>description the code in tag 'codePolWaId'</xs:documentation>
        </xs:annotation>
      </xs:element>
      <xs:element name="totalsurface" type="xs:integer" minOccurs="0">
        <xs:annotation>
          <xs:documentation>totalsurface</xs:documentation>
        </xs:annotation>
      </xs:element>
      <xs:element name="constructionYear" type="ws:CodeDescriptionType" minOccurs="0">
        <xs:annotation>
          <xs:documentation>description of the construction year</xs:documentation>
        </xs:annotation>
      </xs:element>
      <xs:element name="cadastralIncomePerSurface" type="xs:decimal" minOccurs="0">
        <xs:annotation>
          <xs:documentation>Cadastral income per surface</xs:documentation>
        </xs:annotation>
      </xs:element>
      <xs:element name="charCadastralIncome" type="ws:CodeDescriptionType" minOccurs="0">
        <xs:annotation>
          <xs:documentation>description of the charactercode of the cadastral income</xs:documentation>
        </xs:annotation>
      </xs:element>
      <xs:element name="numberCadastralIncome" type="ws:CodeDescriptionType" minOccurs="0">
        <xs:annotation>
          <xs:documentation>description of the charactercode of the cadastral income</xs:documentation>
        </xs:annotation>
      </xs:element>
      <xs:element name="cadastralIncome" type="xs:integer" minOccurs="0">
        <xs:annotation>
          <xs:documentation>cadastral income</xs:documentation>
        </xs:annotation>
      </xs:element>
      <xs:element name="releaseYear" type="ws:CodeDescriptionType" minOccurs="0">
        <xs:annotation>
          <xs:documentation>description of the construction year</xs:documentation>
        </xs:annotation>
      </xs:element>
      <xs:element name="partyVO" type="ws:partyAanpalers" minOccurs="0" maxOccurs="unbounded"/>
    </xs:sequence>
  </xs:complexType>
  <xs:complexType name="partyAanpalers">
    <xs:sequence>
      <xs:element name="businessRightVO" type="ws:businessRightVO" minOccurs="0"/>
      <xs:element name="personAanpaler" type="ws:personAanpaler" minOccurs="0" maxOccurs="unbounded"/>
      <xs:element name="partyCoOwnerVO" type="ws:partyCoOwnerVO" minOccurs="0"/>
    </xs:sequence>
  </xs:complexType>
  <xs:complexType name="personAanpaler">
    <xs:annotation>
      <xs:documentation>Personinformation</xs:documentation>
    </xs:annotation>
    <xs:sequence>
      <xs:element name="persIdf">
        <xs:annotation>
          <xs:documentation>the persIdf</xs:documentation>
        </xs:annotation>
        <xs:simpleType>
          <xs:restriction base="xs:long">
            <xs:totalDigits value="12"/>
          </xs:restriction>
        </xs:simpleType>
      </xs:element>
      <xs:element name="name" type="xs:string" minOccurs="0">
        <xs:annotation>
          <xs:documentation>Company name or concat of Lastname and Firstname</xs:documentation>
        </xs:annotation>
      </xs:element>
      <xs:element name="address" type="ws:SimpleAddress" minOccurs="0"/>
    </xs:sequence>
  </xs:complexType>
  <xs:complexType name="locationNotBuilt">
    <xs:annotation>
      <xs:documentation>Search for a property by using the persIdf.</xs:documentation>
    </xs:annotation>
    <xs:sequence>
      <xs:element name="location" type="xs:string" minOccurs="0">
        <xs:annotation>
          <xs:documentation>Situation not built (toponiemen)</xs:documentation>
        </xs:annotation>
      </xs:element>
      <xs:element name="nisCom" type="ws:CodeDescriptionType" minOccurs="0" maxOccurs="1">
        <xs:annotation>
          <xs:documentation>The community codedescription.</xs:documentation>
        </xs:annotation>
      </xs:element>
      <xs:element name="street" type="ws:CodeDescriptionType" minOccurs="0" maxOccurs="1">
        <xs:annotation>
          <xs:documentation>The community codedescription.</xs:documentation>
        </xs:annotation>
      </xs:element>
    </xs:sequence>
  </xs:complexType>
  <!--The type: be.fgov.minfin.esb.consultimmodataservice.be.fgov.minfin.schemas.esb.consultimmo.FindPropertyByPersIdfResponse-->
  <xs:element name="findPropertyByPersIdfResponse" type="ws:findPropertyByPersIdfResponse"/>
  <xs:complexType name="findPropertyByPersIdfResponse">
    <xs:complexContent>
      <xs:extension base="ws:response">
        <xs:sequence>
          <xs:element name="findPropertyByPersIdfResponse" type="ws:compositePropertyStateVO" nillable="true" minOccurs="0" maxOccurs="unbounded"/>
        </xs:sequence>
      </xs:extension>
    </xs:complexContent>
  </xs:complexType>
  <!--The type: be.fgov.minfin.esb.consultimmodataservice.be.fgov.minfin.schemas.esb.consultimmo.FindPropertyByPersIdfVO-->
  <xs:complexType name="findPropertyByPersIdfVO">
    <xs:sequence>
      <xs:element name="language">
        <xs:annotation>
          <xs:documentation>Language of the user (F/N/D)</xs:documentation>
        </xs:annotation>
        <xs:simpleType>
          <xs:restriction base="xs:string">
            <xs:maxLength value="1"/>
            <xs:pattern value="([F,N,D,f,n,d])"/>
          </xs:restriction>
        </xs:simpleType>
      </xs:element>
      <xs:element name="coOwners" type="xs:boolean" default="false">
        <xs:annotation>
          <xs:documentation>Show co owners: yes / no</xs:documentation>
        </xs:annotation>
      </xs:element>
      <xs:element name="showAddress" type="xs:boolean" default="false" minOccurs="0">
        <xs:annotation>
          <xs:documentation>Show addresses of the persons and companies in the response: yes / no</xs:documentation>
        </xs:annotation>
      </xs:element>
      <xs:element name="physicalPerson" type="xs:boolean" default="true">
        <xs:annotation>
          <xs:documentation>true: the PersIdf is a physical person, no value
			in cadastralDivision or administrativeCommunNumber required
			false:
			the PersIdf is an enterprise, cadastralDivision or
			administrativeCommunNumber is required</xs:documentation>
        </xs:annotation>
      </xs:element>
      <xs:element name="cadastralDivision" minOccurs="0">
        <xs:annotation>
          <xs:documentation>Cadastral division</xs:documentation>
        </xs:annotation>
        <xs:simpleType>
          <xs:restriction base="xs:integer">
            <xs:totalDigits value="5"/>
          </xs:restriction>
        </xs:simpleType>
      </xs:element>
      <xs:element name="codeNISCommunity" minOccurs="0">
        <xs:annotation>
          <xs:documentation>NIS code of the community.</xs:documentation>
        </xs:annotation>
        <xs:simpleType>
          <xs:restriction base="xs:integer">
            <xs:totalDigits value="5"/>
          </xs:restriction>
        </xs:simpleType>
      </xs:element>
      <xs:element name="history" type="xs:boolean" default="true">
        <xs:annotation>
          <xs:documentation>Show history: yes / no</xs:documentation>
        </xs:annotation>
      </xs:element>
      <xs:element name="includeExpired" type="xs:boolean" minOccurs="0">
        <xs:annotation>
          <xs:documentation>Include expired situations</xs:documentation>
        </xs:annotation>
      </xs:element>
      <xs:element name="situation0101" type="xs:integer" minOccurs="0">
        <xs:annotation>
          <xs:documentation>Situation at 01/01 of the year requested</xs:documentation>
        </xs:annotation>
      </xs:element>
      <xs:element name="persIdf">
        <xs:annotation>
          <xs:documentation>the persIdf</xs:documentation>
        </xs:annotation>
        <xs:simpleType>
          <xs:restriction base="xs:long">
            <xs:totalDigits value="12"/>
          </xs:restriction>
        </xs:simpleType>
      </xs:element>
    </xs:sequence>
  </xs:complexType>
  <!--The type: be.fgov.minfin.esb.consultimmodataservice.be.fgov.minfin.schemas.esb.consultimmo.FindPropertyByPropertyId-->
  <xs:element name="findPropertyByPropertyId" type="ws:findPropertyByPropertyId"/>
  <xs:complexType name="findPropertyByPropertyId">
    <xs:annotation>
      <xs:documentation>Search for a property by using the PropertyId</xs:documentation>
    </xs:annotation>
    <xs:sequence>
      <xs:element name="findPropertyByPropertyIdVO" type="ws:findPropertyByPropertyIdVO" minOccurs="0"/>
    </xs:sequence>
  </xs:complexType>
  <!--The type: be.fgov.minfin.esb.consultimmodataservice.be.fgov.minfin.schemas.esb.consultimmo.FindPropertyByPropertyIdResponse-->
  <xs:element name="findPropertyByPropertyIdResponse" type="ws:findPropertyByPropertyIdResponse"/>
  <xs:complexType name="findPropertyByPropertyIdResponse">
    <xs:complexContent>
      <xs:extension base="ws:response">
        <xs:sequence>
          <xs:element name="findPropertyByPropertyIdResponse" type="ws:compositePropertyStateVO" nillable="true" minOccurs="0" maxOccurs="unbounded"/>
        </xs:sequence>
      </xs:extension>
    </xs:complexContent>
  </xs:complexType>
  <!--The type: be.fgov.minfin.esb.consultimmodataservice.be.fgov.minfin.schemas.esb.consultimmo.FindPropertyByPropertyIdVO-->
  <xs:complexType name="findPropertyByPropertyIdVO">
    <xs:sequence>
      <xs:element name="language">
        <xs:annotation>
          <xs:documentation>Language of the user (F/N/D)</xs:documentation>
        </xs:annotation>
        <xs:simpleType>
          <xs:restriction base="xs:string">
            <xs:maxLength value="1"/>
            <xs:pattern value="([F,N,D,f,n,d])"/>
          </xs:restriction>
        </xs:simpleType>
      </xs:element>
      <xs:element name="includeExpired" type="xs:boolean" minOccurs="0">
        <xs:annotation>
          <xs:documentation>Include expired situations</xs:documentation>
        </xs:annotation>
      </xs:element>
      <xs:element name="situation0101" type="xs:integer" minOccurs="0">
        <xs:annotation>
          <xs:documentation>Situation at 01/01 of the year requested</xs:documentation>
        </xs:annotation>
      </xs:element>
      <xs:element name="propertyId" type="xs:integer" minOccurs="0">
        <xs:annotation>
          <xs:documentation>technical identifier of the property</xs:documentation>
        </xs:annotation>
      </xs:element>
      <xs:element name="showAddress" type="xs:boolean" default="false" minOccurs="0">
        <xs:annotation>
          <xs:documentation>Show addresses of the persons and companies in the response: yes / no</xs:documentation>
        </xs:annotation>
      </xs:element>
    </xs:sequence>
  </xs:complexType>
  <!--The type: be.fgov.minfin.esb.consultimmodataservice.be.fgov.minfin.schemas.esb.consultimmo.FindSitHistoricalByDossier-->
  <xs:element name="findSitHistoricalByDossier" type="ws:findSitHistoricalByDossier"/>
  <xs:complexType name="findSitHistoricalByDossier">
    <xs:annotation>
      <xs:documentation>Search for a property by using the Dossier</xs:documentation>
    </xs:annotation>
    <xs:sequence>
      <xs:element name="findSitHistoricalByDossierVO" type="ws:findSitHistoricalByDossierVO" minOccurs="0"/>
    </xs:sequence>
  </xs:complexType>
  <!--The type: be.fgov.minfin.esb.consultimmodataservice.be.fgov.minfin.schemas.esb.consultimmo.FindSitHistoricalByDossierResponse-->
  <xs:element name="findSitHistoricalByDossierResponse" type="ws:findSitHistoricalByDossierResponse"/>
  <xs:complexType name="findSitHistoricalByDossierResponse">
    <xs:annotation>
      <xs:documentation>The previous and next situations of this dossier</xs:documentation>
    </xs:annotation>
    <xs:sequence>
      <xs:element name="findSitHistoricalByDossierResponse" type="ws:findSitHistoricalByDossierResponseType" minOccurs="0" maxOccurs="unbounded"/>
    </xs:sequence>
  </xs:complexType>
  <!--The type: be.fgov.minfin.esb.consultimmodataservice.be.fgov.minfin.schemas.esb.consultimmo.FindSitHistoricalByDossierResponseType-->
  <xs:complexType name="findSitHistoricalByDossierResponseType">
    <xs:annotation>
      <xs:documentation>The previous and next situations of this dossier</xs:documentation>
    </xs:annotation>
    <xs:sequence>
      <xs:element name="dossierSitHistoricalVO" type="ws:dossierSitHistoricalVO" minOccurs="0" maxOccurs="unbounded"/>
    </xs:sequence>
  </xs:complexType>
  <!--The type: be.fgov.minfin.esb.consultimmodataservice.be.fgov.minfin.schemas.esb.consultimmo.FindSitHistoricalByDossierVO-->
  <xs:complexType name="findSitHistoricalByDossierVO">
    <xs:sequence>
      <xs:element name="language">
        <xs:annotation>
          <xs:documentation>Language of the user (F/N/D)</xs:documentation>
        </xs:annotation>
        <xs:simpleType>
          <xs:restriction base="xs:string">
            <xs:maxLength value="1"/>
            <xs:pattern value="([F,N,D,f,n,d])"/>
          </xs:restriction>
        </xs:simpleType>
      </xs:element>
      <xs:element name="dossierNumber" type="xs:string">
        <xs:annotation>
          <xs:documentation>dossierNumber</xs:documentation>
        </xs:annotation>
      </xs:element>
    </xs:sequence>
  </xs:complexType>
  <!--The type: be.fgov.minfin.esb.consultimmodataservice.be.fgov.minfin.schemas.esb.consultimmo.FindSitHistoricalByPropertyId-->
  <xs:element name="findSitHistoricalByPropertyId" type="ws:findSitHistoricalByPropertyId"/>
  <xs:complexType name="findSitHistoricalByPropertyId">
    <xs:annotation>
      <xs:documentation>Search for a property by using the PropertyId</xs:documentation>
    </xs:annotation>
    <xs:sequence>
      <xs:element name="findSitHistoricalByPropertyIdVO" type="ws:findSitHistoricalByPropertyIdVO" minOccurs="0"/>
    </xs:sequence>
  </xs:complexType>
  <!--The type: be.fgov.minfin.esb.consultimmodataservice.be.fgov.minfin.schemas.esb.consultimmo.FindSitHistoricalByPropertyIdResponse-->
  <xs:element name="findSitHistoricalByPropertyIdResponse" type="ws:findSitHistoricalByPropertyIdResponse"/>
  <xs:complexType name="findSitHistoricalByPropertyIdResponse">
    <xs:annotation>
      <xs:documentation>The previous and next situations of this property</xs:documentation>
    </xs:annotation>
    <xs:sequence>
      <xs:element name="findSitHistoricalByPropertyIdResponse" type="ws:findSitHistoricalByPropertyIdResponseType" minOccurs="0" maxOccurs="unbounded"/>
    </xs:sequence>
  </xs:complexType>
  <!--The type: be.fgov.minfin.esb.consultimmodataservice.be.fgov.minfin.schemas.esb.consultimmo.FindSitHistoricalByPropertyIdResponseType-->
  <xs:complexType name="findSitHistoricalByPropertyIdResponseType">
    <xs:annotation>
      <xs:documentation>The previous and next situations of this property</xs:documentation>
    </xs:annotation>
    <xs:sequence>
      <xs:element name="searchedPropertySituation" type="ws:pathislSp" minOccurs="0" maxOccurs="unbounded"/>
      <xs:element name="previousPropertySituation" type="ws:pathislSp" minOccurs="0" maxOccurs="unbounded"/>
      <xs:element name="nextPropertySituation" type="ws:pathislSp" minOccurs="0" maxOccurs="unbounded"/>
    </xs:sequence>
  </xs:complexType>
  <!--The type: be.fgov.minfin.esb.consultimmodataservice.be.fgov.minfin.schemas.esb.consultimmo.FindSitHistoricalByPropertyIdVO-->
  <xs:complexType name="findSitHistoricalByPropertyIdVO">
    <xs:sequence>
      <xs:element name="language">
        <xs:annotation>
          <xs:documentation>Language of the user (F/N/D)</xs:documentation>
        </xs:annotation>
        <xs:simpleType>
          <xs:restriction base="xs:string">
            <xs:maxLength value="1"/>
            <xs:pattern value="([F,N,D,f,n,d])"/>
          </xs:restriction>
        </xs:simpleType>
      </xs:element>
      <xs:element name="propertyId" type="xs:integer" minOccurs="0">
        <xs:annotation>
          <xs:documentation>technical identifier of the property</xs:documentation>
        </xs:annotation>
      </xs:element>
      <xs:element name="cadastralDivision" minOccurs="0">
        <xs:annotation>
          <xs:documentation>Cadastral division</xs:documentation>
        </xs:annotation>
        <xs:simpleType>
          <xs:restriction base="xs:integer">
            <xs:totalDigits value="5"/>
          </xs:restriction>
        </xs:simpleType>
      </xs:element>
      <xs:element name="article" minOccurs="0">
        <xs:annotation>
          <xs:documentation>articlenumber from Cadnet</xs:documentation>
        </xs:annotation>
        <xs:simpleType>
          <xs:restriction base="xs:integer">
            <xs:totalDigits value="5"/>
          </xs:restriction>
        </xs:simpleType>
      </xs:element>
      <xs:element name="sequenceNumber" minOccurs="0">
        <xs:annotation>
          <xs:documentation>sequenceNumber / volgnummer XYZ</xs:documentation>
        </xs:annotation>
        <xs:simpleType>
          <xs:restriction base="xs:integer">
            <xs:totalDigits value="4"/>
            <xs:minInclusive value="1"/>
            <xs:maxInclusive value="9999"/>
          </xs:restriction>
        </xs:simpleType>
      </xs:element>
    </xs:sequence>
  </xs:complexType>
  <!--The type: be.fgov.minfin.esb.consultimmodataservice.be.fgov.minfin.schemas.esb.consultimmo.FindStreetsBySearchToken-->
  <xs:element name="findStreetsBySearchToken" type="ws:findStreetsBySearchToken"/>
  <xs:complexType name="findStreetsBySearchToken">
    <xs:annotation>
      <xs:documentation>Find a street within a community, by a token in the
		selected language.</xs:documentation>
    </xs:annotation>
    <xs:sequence>
      <xs:element name="findStreetsBySearchTokenVO" type="ws:findStreetsBySearchTokenVO" minOccurs="0"/>
    </xs:sequence>
  </xs:complexType>
  <!--The type: be.fgov.minfin.esb.consultimmodataservice.be.fgov.minfin.schemas.esb.consultimmo.FindStreetsBySearchTokenResponse-->
  <xs:element name="findStreetsBySearchTokenResponse" type="ws:findStreetsBySearchTokenResponse"/>
  <xs:complexType name="findStreetsBySearchTokenResponse">
    <xs:sequence>
      <xs:element name="streetVO" type="ws:streetVO" nillable="true" minOccurs="0" maxOccurs="unbounded"/>
    </xs:sequence>
  </xs:complexType>
  <!--The type: be.fgov.minfin.esb.consultimmodataservice.be.fgov.minfin.schemas.esb.consultimmo.FindStreetsBySearchTokenVO-->
  <xs:complexType name="findStreetsBySearchTokenVO">
    <xs:sequence>
      <xs:element name="language">
        <xs:annotation>
          <xs:documentation>Language of the user (F/N/D)</xs:documentation>
        </xs:annotation>
        <xs:simpleType>
          <xs:restriction base="xs:string">
            <xs:maxLength value="1"/>
            <xs:pattern value="([F,N,D,f,n,d])"/>
          </xs:restriction>
        </xs:simpleType>
      </xs:element>
      <xs:element name="searchToken" type="xs:string"/>
      <xs:element name="codeNisComId">
        <xs:annotation>
          <xs:documentation>NisCom</xs:documentation>
        </xs:annotation>
        <xs:simpleType>
          <xs:restriction base="xs:integer">
            <xs:totalDigits value="19"/>
          </xs:restriction>
        </xs:simpleType>
      </xs:element>
    </xs:sequence>
  </xs:complexType>
  <!--The type: be.fgov.minfin.esb.consultimmodataservice.be.fgov.minfin.schemas.esb.consultimmo.GetListDivisionWithPropertyByKBO-->
  <xs:element name="getListDivisionWithPropertyByKBO" type="ws:getListDivisionWithPropertyByKBO"/>
  <xs:complexType name="getListDivisionWithPropertyByKBO">
    <xs:annotation>
      <xs:documentation>Search the divisions that contain a property owned by the
		company given her KBO</xs:documentation>
    </xs:annotation>
    <xs:sequence>
      <xs:element name="getListDivisionWithPropertyByKBOVO" type="ws:findDivisionWithPropertyByKBOVO"/>
    </xs:sequence>
  </xs:complexType>
  <!--The type: be.fgov.minfin.esb.consultimmodataservice.be.fgov.minfin.schemas.esb.consultimmo.GetListDivisionWithPropertyByKBOResponse-->
  <xs:element name="getListDivisionWithPropertyByKBOResponse" type="ws:getListDivisionWithPropertyByKBOResponse"/>
  <xs:complexType name="getListDivisionWithPropertyByKBOResponse">
    <xs:sequence>
      <xs:element name="getListDivisionWithPropertyByKBOResponse" type="ws:divisionVO" nillable="true" minOccurs="0" maxOccurs="unbounded"/>
    </xs:sequence>
  </xs:complexType>
  <!--The type: be.fgov.minfin.esb.consultimmodataservice.be.fgov.minfin.schemas.esb.consultimmo.GetListDivisionWithPropertyByNRN-->
  <xs:element name="getListDivisionWithPropertyByNRN" type="ws:getListDivisionWithPropertyByNRN"/>
  <xs:complexType name="getListDivisionWithPropertyByNRN">
    <xs:annotation>
      <xs:documentation>Search the divisions that contain a property owned by the person
		given her NRN</xs:documentation>
    </xs:annotation>
    <xs:sequence>
      <xs:element name="getListDivisionWithPropertyByNRNVO" type="ws:findDivisionWithPropertyByNRNVO"/>
    </xs:sequence>
  </xs:complexType>
  <!--The type: be.fgov.minfin.esb.consultimmodataservice.be.fgov.minfin.schemas.esb.consultimmo.GetListDivisionWithPropertyByNRNResponse-->
  <xs:element name="getListDivisionWithPropertyByNRNResponse" type="ws:getListDivisionWithPropertyByNRNResponse"/>
  <xs:complexType name="getListDivisionWithPropertyByNRNResponse">
    <xs:sequence>
      <xs:element name="getListDivisionWithPropertyByNRNResponse" type="ws:divisionVO" nillable="true" minOccurs="0" maxOccurs="unbounded"/>
    </xs:sequence>
  </xs:complexType>
  <!--The type: be.fgov.minfin.esb.consultimmodataservice.be.fgov.minfin.schemas.esb.consultimmo.GetListDivisionWithPropertyByPersIdf-->
  <xs:element name="getListDivisionWithPropertyByPersIdf" type="ws:getListDivisionWithPropertyByPersIdf"/>
  <xs:complexType name="getListDivisionWithPropertyByPersIdf">
    <xs:annotation>
      <xs:documentation>Search a property within a division by using the persIdf</xs:documentation>
    </xs:annotation>
    <xs:sequence>
      <xs:element name="getListDivisionWithPropertyByPersIdfVO" type="ws:findDivisionWithPropertyByPersIdfVO" minOccurs="0"/>
    </xs:sequence>
  </xs:complexType>
  <!--The type: be.fgov.minfin.esb.consultimmodataservice.be.fgov.minfin.schemas.esb.consultimmo.GetListDivisionWithPropertyByPersIdfResponse-->
  <xs:element name="getListDivisionWithPropertyByPersIdfResponse" type="ws:getListDivisionWithPropertyByPersIdfResponse"/>
  <xs:complexType name="getListDivisionWithPropertyByPersIdfResponse">
    <xs:sequence>
      <xs:element name="return" type="ws:divisionVO" nillable="true" minOccurs="0" maxOccurs="unbounded"/>
    </xs:sequence>
  </xs:complexType>
  <!--The type: be.fgov.minfin.esb.consultimmodataservice.be.fgov.minfin.schemas.esb.consultimmo.GetListForAddress-->
  <xs:element name="getListForAddress" type="ws:getListForAddress"/>
  <xs:complexType name="getListForAddress">
    <xs:sequence>
      <xs:element name="getListForAddress" type="ws:getListForAddressVO" minOccurs="0"/>
    </xs:sequence>
  </xs:complexType>
  <!--The type: be.fgov.minfin.esb.consultimmodataservice.be.fgov.minfin.schemas.esb.consultimmo.GetListForAddressResponse-->
  <xs:element name="getListForAddressResponse" type="ws:getListForAddressResponse"/>
  <xs:complexType name="getListForAddressResponse">
    <xs:sequence>
      <xs:element name="addressPartyVO" type="ws:addressPartyVO" nillable="true" minOccurs="0" maxOccurs="unbounded"/>
    </xs:sequence>
  </xs:complexType>
  <!--The type: be.fgov.minfin.esb.consultimmodataservice.be.fgov.minfin.schemas.esb.consultimmo.GetListForAddressVO-->
  <xs:complexType name="getListForAddressVO">
    <xs:sequence>
      <xs:element name="includeExpired" type="xs:boolean" minOccurs="0">
        <xs:annotation>
          <xs:documentation>Include expired situations</xs:documentation>
        </xs:annotation>
      </xs:element>
      <xs:element name="situation0101" type="xs:integer" minOccurs="0">
        <xs:annotation>
          <xs:documentation>Situation at 01/01 of the year requested</xs:documentation>
        </xs:annotation>
      </xs:element>
      <xs:element name="codeNISCommunity">
        <xs:annotation>
          <xs:documentation>code of the community</xs:documentation>
        </xs:annotation>
        <xs:simpleType>
          <xs:restriction base="xs:integer">
            <xs:totalDigits value="5"/>
          </xs:restriction>
        </xs:simpleType>
      </xs:element>
      <xs:element name="codeNSRStreet">
        <xs:annotation>
          <xs:documentation>code of the street(NSR)</xs:documentation>
        </xs:annotation>
        <xs:simpleType>
          <xs:restriction base="xs:integer">
            <xs:totalDigits value="5"/>
          </xs:restriction>
        </xs:simpleType>
      </xs:element>
      <xs:element name="language">
        <xs:annotation>
          <xs:documentation>Language of the user (n,f,d)</xs:documentation>
        </xs:annotation>
        <xs:simpleType>
          <xs:restriction base="xs:string">
            <xs:maxLength value="1"/>
            <xs:pattern value="([F,N,D,f,n,d])"/>
          </xs:restriction>
        </xs:simpleType>
      </xs:element>
      <xs:element name="number" minOccurs="0">
        <xs:annotation>
          <xs:documentation>Housenumber</xs:documentation>
        </xs:annotation>
        <xs:simpleType>
          <xs:restriction base="xs:string">
            <xs:maxLength value="11"/>
          </xs:restriction>
        </xs:simpleType>
      </xs:element>
      <xs:element name="maxResult">
        <xs:annotation>
          <xs:documentation>The user can choose the maximum amount of results that
			will be shown on the screen.</xs:documentation>
        </xs:annotation>
        <xs:simpleType>
          <xs:restriction base="xs:integer">
            <xs:totalDigits value="3"/>
            <xs:minInclusive value="1"/>
            <xs:maxInclusive value="999"/>
          </xs:restriction>
        </xs:simpleType>
      </xs:element>
      <xs:element name="active" type="xs:boolean">
        <xs:annotation>
          <xs:documentation>only addressen results with status active: yes / no
			true: give the active parcels
			false: give the actieve AND passive addresses</xs:documentation>
        </xs:annotation>
      </xs:element>
    </xs:sequence>
  </xs:complexType>
  <!--The type: be.fgov.minfin.esb.consultimmodataservice.be.fgov.minfin.schemas.esb.consultimmo.GetListForByParcelId-->
  <xs:element name="getListForByParcelId" type="ws:getListForByParcelId"/>
  <xs:complexType name="getListForByParcelId">
    <xs:annotation>
      <xs:documentation>This method is used when the client only has a partial parcelId.</xs:documentation>
    </xs:annotation>
    <xs:sequence>
      <xs:element name="getListForByParcelIdVO" type="ws:getListForByParcelIdVO" minOccurs="0"/>
    </xs:sequence>
  </xs:complexType>
  <!--The type: be.fgov.minfin.esb.consultimmodataservice.be.fgov.minfin.schemas.esb.consultimmo.GetListForByParcelIdResponse-->
  <xs:element name="getListForByParcelIdResponse" type="ws:getListForByParcelIdResponse"/>
  <xs:complexType name="getListForByParcelIdResponse">
    <xs:sequence>
      <xs:element name="getListForByParcelIdResponse" type="ws:addressPartyVO" nillable="true" minOccurs="0" maxOccurs="unbounded"/>
    </xs:sequence>
  </xs:complexType>
  <!--The type: be.fgov.minfin.esb.consultimmodataservice.be.fgov.minfin.schemas.esb.consultimmo.GetListForByParcelIdVO-->
  <xs:complexType name="getListForByParcelIdVO">
    <xs:sequence>
      <xs:element name="language">
        <xs:annotation>
          <xs:documentation>Language of the user (F/N/D)</xs:documentation>
        </xs:annotation>
        <xs:simpleType>
          <xs:restriction base="xs:string">
            <xs:maxLength value="1"/>
            <xs:pattern value="([F,N,D,f,n,d])"/>
          </xs:restriction>
        </xs:simpleType>
      </xs:element>
      <xs:element name="includeExpired" type="xs:boolean" minOccurs="0">
        <xs:annotation>
          <xs:documentation>Include expired situations</xs:documentation>
        </xs:annotation>
      </xs:element>
      <xs:element name="situation0101" type="xs:integer" minOccurs="0">
        <xs:annotation>
          <xs:documentation>Situation at 01/01 of the year requested</xs:documentation>
        </xs:annotation>
      </xs:element>
      <xs:element name="active" type="xs:boolean">
        <xs:annotation>
          <xs:documentation>only parcel results with status active: yes / no
			yes: give the active parcels
			no: give the actieve AND passive parcels starting from
			2002</xs:documentation>
        </xs:annotation>
      </xs:element>
      <xs:element name="maxResult">
        <xs:annotation>
          <xs:documentation>The user can choose the maximum amount of results that
			will be shown on the screen.</xs:documentation>
        </xs:annotation>
        <xs:simpleType>
          <xs:restriction base="xs:integer">
            <xs:minInclusive value="1"/>
            <xs:maxInclusive value="999"/>
          </xs:restriction>
        </xs:simpleType>
      </xs:element>
      <xs:element name="cadastralDivision">
        <xs:annotation>
          <xs:documentation>Cadastral division</xs:documentation>
        </xs:annotation>
        <xs:simpleType>
          <xs:restriction base="xs:integer">
            <xs:totalDigits value="5"/>
          </xs:restriction>
        </xs:simpleType>
      </xs:element>
      <xs:element name="section">
        <xs:annotation>
          <xs:documentation>section</xs:documentation>
        </xs:annotation>
        <xs:simpleType>
          <xs:restriction base="xs:string">
            <xs:maxLength value="1"/>
            <xs:pattern value="([A-Za-z])"/>
          </xs:restriction>
        </xs:simpleType>
      </xs:element>
      <xs:element name="primaryNumber" minOccurs="0">
        <xs:annotation>
          <xs:documentation>Grondnummer</xs:documentation>
        </xs:annotation>
        <xs:simpleType>
          <xs:restriction base="xs:integer">
            <xs:totalDigits value="4"/>
            <xs:minInclusive value="1"/>
            <xs:maxInclusive value="9999"/>
          </xs:restriction>
        </xs:simpleType>
      </xs:element>
      <xs:element name="bisNumber" minOccurs="0">
        <xs:annotation>
          <xs:documentation>bisnumber</xs:documentation>
        </xs:annotation>
        <xs:simpleType>
          <xs:restriction base="xs:integer">
            <xs:totalDigits value="2"/>
            <xs:minInclusive value="2"/>
            <xs:maxInclusive value="99"/>
          </xs:restriction>
        </xs:simpleType>
      </xs:element>
      <xs:element name="exponentNumber" minOccurs="0">
        <xs:annotation>
          <xs:documentation>exponentnumber</xs:documentation>
        </xs:annotation>
        <xs:simpleType>
          <xs:restriction base="xs:integer">
            <xs:totalDigits value="3"/>
            <xs:minInclusive value="2"/>
            <xs:maxInclusive value="999"/>
          </xs:restriction>
        </xs:simpleType>
      </xs:element>
      <xs:element name="exponentLetter" minOccurs="0">
        <xs:annotation>
          <xs:documentation>section</xs:documentation>
        </xs:annotation>
        <xs:simpleType>
          <xs:restriction base="xs:string">
            <xs:maxLength value="1"/>
            <xs:pattern value="([a-zA-Z])"/>
          </xs:restriction>
        </xs:simpleType>
      </xs:element>
      <xs:element name="partNumber" minOccurs="0">
        <xs:annotation>
          <xs:documentation>partnumber (P0000 -> P9999)</xs:documentation>
        </xs:annotation>
        <xs:simpleType>
          <xs:restriction base="xs:string">
            <xs:maxLength value="5"/>
            <xs:pattern value="([P,p][0-9][0-9][0-9][0-9])"/>
          </xs:restriction>
        </xs:simpleType>
      </xs:element>
    </xs:sequence>
  </xs:complexType>
  <!--The type: be.fgov.minfin.esb.consultimmodataservice.be.fgov.minfin.schemas.esb.consultimmo.GetPersonsRequest-->
  <xs:element name="GetPersonsRequest" type="ws:GetPersonsRequest"/>
  <xs:complexType name="GetPersonsRequest">
    <xs:sequence>
      <xs:element name="firstName" type="xs:string" minOccurs="0"/>
      <xs:element name="lastName" type="xs:string"/>
      <xs:element name="zipCode" type="xs:string"/>
    </xs:sequence>
  </xs:complexType>
  <!--The type: be.fgov.minfin.esb.consultimmodataservice.be.fgov.minfin.schemas.esb.consultimmo.GetPersonsResponse-->
  <xs:element name="GetPersonsResponse" type="ws:GetPersonsResponse"/>
  <xs:complexType name="GetPersonsResponse">
    <xs:sequence>
      <xs:element name="persons" type="ws:person" minOccurs="0" maxOccurs="unbounded"/>
    </xs:sequence>
  </xs:complexType>
  <!--The type: be.fgov.minfin.esb.consultimmodataservice.be.fgov.minfin.schemas.esb.consultimmo.NotBuiltVO-->
  <xs:complexType name="notBuiltVO">
    <xs:sequence>
      <xs:element name="purNature" type="ws:CodeDescriptionType">
        <xs:annotation>
          <xs:documentation>description the nature of the PUR</xs:documentation>
        </xs:annotation>
      </xs:element>
      <xs:element name="purType" type="ws:CodeDescriptionType">
        <xs:annotation>
          <xs:documentation>description the type of the PUR</xs:documentation>
        </xs:annotation>
      </xs:element>
      <xs:element name="mainCommon" minOccurs="0">
        <xs:annotation>
          <xs:documentation>unknown, this field is not documented</xs:documentation>
        </xs:annotation>
        <xs:simpleType>
          <xs:restriction base="xs:integer">
            <xs:totalDigits value="5"/>
          </xs:restriction>
        </xs:simpleType>
      </xs:element>
      <xs:element name="purCommon" minOccurs="0">
        <xs:annotation>
          <xs:documentation>unknown, this field is not documented</xs:documentation>
        </xs:annotation>
        <xs:simpleType>
          <xs:restriction base="xs:integer">
            <xs:totalDigits value="5"/>
          </xs:restriction>
        </xs:simpleType>
      </xs:element>
      <xs:element name="purIdf" minOccurs="0">
        <xs:annotation>
          <xs:documentation>unknown, this field is not documented</xs:documentation>
        </xs:annotation>
        <xs:simpleType>
          <xs:restriction base="xs:string">
            <xs:maxLength value="12"/>
          </xs:restriction>
        </xs:simpleType>
      </xs:element>
      <xs:element name="location" minOccurs="0">
        <xs:annotation>
          <xs:documentation>Situation not built (toponiemen)</xs:documentation>
        </xs:annotation>
        <xs:simpleType>
          <xs:restriction base="xs:string">
            <xs:maxLength value="100"/>
          </xs:restriction>
        </xs:simpleType>
      </xs:element>
    </xs:sequence>
  </xs:complexType>
  <!--The type: be.fgov.minfin.esb.consultimmodataservice.be.fgov.minfin.schemas.esb.consultimmo.ParcelIdentificationSitHistoricalVO-->
  <xs:complexType name="parcelIdentificationSitHistoricalVO">
    <xs:sequence>
      <xs:element name="bisNumber" minOccurs="0">
        <xs:annotation>
          <xs:documentation>bisnumber</xs:documentation>
        </xs:annotation>
        <xs:simpleType>
          <xs:restriction base="xs:integer">
            <xs:totalDigits value="5"/>
          </xs:restriction>
        </xs:simpleType>
      </xs:element>
      <xs:element name="divCad" type="ws:CodeDescriptionType" minOccurs="0">
        <xs:annotation>
          <xs:documentation>description the cadastral division</xs:documentation>
        </xs:annotation>
      </xs:element>
      <xs:element name="exponentLetter" minOccurs="0">
        <xs:annotation>
          <xs:documentation>exponentletter</xs:documentation>
        </xs:annotation>
        <xs:simpleType>
          <xs:restriction base="xs:string">
            <xs:maxLength value="1"/>
          </xs:restriction>
        </xs:simpleType>
      </xs:element>
      <xs:element name="exponentNumber" minOccurs="0">
        <xs:annotation>
          <xs:documentation>exponentnumber</xs:documentation>
        </xs:annotation>
        <xs:simpleType>
          <xs:restriction base="xs:integer">
            <xs:totalDigits value="5"/>
          </xs:restriction>
        </xs:simpleType>
      </xs:element>
      <xs:element name="fractionDenominator" minOccurs="0">
        <xs:annotation>
          <xs:documentation>Denominator for the common parts</xs:documentation>
        </xs:annotation>
        <xs:simpleType>
          <xs:restriction base="xs:integer">
            <xs:totalDigits value="10"/>
          </xs:restriction>
        </xs:simpleType>
      </xs:element>
      <xs:element name="partNumber" minOccurs="0">
        <xs:annotation>
          <xs:documentation>partnumber (P0000 -> P9999)</xs:documentation>
        </xs:annotation>
        <xs:simpleType>
          <xs:restriction base="xs:string">
            <xs:maxLength value="5"/>
            <xs:pattern value="(P[0-9][0-9][0-9][0-9])"/>
          </xs:restriction>
        </xs:simpleType>
      </xs:element>
      <xs:element name="primaryNumber" minOccurs="0">
        <xs:annotation>
          <xs:documentation>primary number (grondnummer)</xs:documentation>
        </xs:annotation>
        <xs:simpleType>
          <xs:restriction base="xs:integer">
            <xs:totalDigits value="5"/>
          </xs:restriction>
        </xs:simpleType>
      </xs:element>
      <xs:element name="section" minOccurs="0">
        <xs:annotation>
          <xs:documentation>section</xs:documentation>
        </xs:annotation>
        <xs:simpleType>
          <xs:restriction base="xs:string">
            <xs:maxLength value="1"/>
          </xs:restriction>
        </xs:simpleType>
      </xs:element>
      <xs:element name="precad" minOccurs="0">
        <xs:annotation>
          <xs:documentation>precad</xs:documentation>
        </xs:annotation>
        <xs:simpleType>
          <xs:restriction base="xs:string">
            <xs:maxLength value="1"/>
            <xs:pattern value="([s,r,S,R])"/>
          </xs:restriction>
        </xs:simpleType>
      </xs:element>
    </xs:sequence>
  </xs:complexType>
  <!--The type: be.fgov.minfin.esb.consultimmodataservice.be.fgov.minfin.schemas.esb.consultimmo.ParcelIdentificationVO-->
  <xs:complexType name="parcelIdentificationVO">
    <xs:sequence>
      <xs:element name="bisNumber" minOccurs="0">
        <xs:annotation>
          <xs:documentation>bisnumber</xs:documentation>
        </xs:annotation>
        <xs:simpleType>
          <xs:restriction base="xs:integer">
            <xs:totalDigits value="5"/>
          </xs:restriction>
        </xs:simpleType>
      </xs:element>
      <xs:element name="divCad" type="ws:CodeDescriptionType">
        <xs:annotation>
          <xs:documentation>description the cadastral division</xs:documentation>
        </xs:annotation>
      </xs:element>
      <xs:element name="exponentLetter" minOccurs="0">
        <xs:annotation>
          <xs:documentation>exponentletter</xs:documentation>
        </xs:annotation>
        <xs:simpleType>
          <xs:restriction base="xs:string">
            <xs:maxLength value="1"/>
          </xs:restriction>
        </xs:simpleType>
      </xs:element>
      <xs:element name="exponentNumber" minOccurs="0">
        <xs:annotation>
          <xs:documentation>exponentnumber</xs:documentation>
        </xs:annotation>
        <xs:simpleType>
          <xs:restriction base="xs:integer">
            <xs:totalDigits value="5"/>
          </xs:restriction>
        </xs:simpleType>
      </xs:element>
      <xs:element name="fractionDenominator" minOccurs="0">
        <xs:annotation>
          <xs:documentation>Denominator for the common parts</xs:documentation>
        </xs:annotation>
        <xs:simpleType>
          <xs:restriction base="xs:integer">
            <xs:totalDigits value="10"/>
          </xs:restriction>
        </xs:simpleType>
      </xs:element>
      <xs:element name="partNumber">
        <xs:annotation>
          <xs:documentation>partnumber (P0000 -> P9999)</xs:documentation>
        </xs:annotation>
        <xs:simpleType>
          <xs:restriction base="xs:string">
            <xs:maxLength value="5"/>
            <xs:pattern value="(P[0-9][0-9][0-9][0-9])"/>
          </xs:restriction>
        </xs:simpleType>
      </xs:element>
      <xs:element name="primaryNumber">
        <xs:annotation>
          <xs:documentation>primary number (grondnummer)</xs:documentation>
        </xs:annotation>
        <xs:simpleType>
          <xs:restriction base="xs:integer">
            <xs:totalDigits value="5"/>
          </xs:restriction>
        </xs:simpleType>
      </xs:element>
      <xs:element name="section">
        <xs:annotation>
          <xs:documentation>section</xs:documentation>
        </xs:annotation>
        <xs:simpleType>
          <xs:restriction base="xs:string">
            <xs:maxLength value="1"/>
          </xs:restriction>
        </xs:simpleType>
      </xs:element>
      <xs:element name="precad" minOccurs="0">
        <xs:annotation>
          <xs:documentation>precad</xs:documentation>
        </xs:annotation>
        <xs:simpleType>
          <xs:restriction base="xs:string">
            <xs:maxLength value="1"/>
            <xs:pattern value="([s,r,S,R])"/>
          </xs:restriction>
        </xs:simpleType>
      </xs:element>
    </xs:sequence>
  </xs:complexType>
  <!--The type: be.fgov.minfin.esb.consultimmodataservice.be.fgov.minfin.schemas.esb.consultimmo.ParcelInformationNavigatorVO-->
  <xs:complexType name="parcelInformationNavigatorVO">
    <xs:sequence>
      <xs:element name="parcelIdentification" type="ws:parcelIdentificationVO" minOccurs="0">
        <xs:annotation>
          <xs:documentation>parcels</xs:documentation>
        </xs:annotation>
      </xs:element>
      <xs:element name="parclCadStatu" type="ws:CodeDescriptionType" minOccurs="0">
        <xs:annotation>
          <xs:documentation>Status of the patrimonial parcel</xs:documentation>
        </xs:annotation>
      </xs:element>
      <xs:element name="type" type="ws:CodeDescriptionType" minOccurs="0">
        <xs:annotation>
          <xs:documentation>Status of the patrimonial parcel</xs:documentation>
        </xs:annotation>
      </xs:element>
      <xs:element name="fullDetail" type="xs:string" minOccurs="0">
        <xs:annotation>
          <xs:documentation>technical identification of planGeometre</xs:documentation>
        </xs:annotation>
      </xs:element>
      <xs:element name="apptDetail" type="xs:string" minOccurs="0">
        <xs:annotation>
          <xs:documentation>technical identification of planGeometre</xs:documentation>
        </xs:annotation>
      </xs:element>
      <xs:element name="lot" type="xs:string" minOccurs="0">
        <xs:annotation>
          <xs:documentation>technical identification of planGeometre</xs:documentation>
        </xs:annotation>
      </xs:element>
      <xs:element name="description" type="xs:string" minOccurs="0">
        <xs:annotation>
          <xs:documentation>technical identification of planGeometre</xs:documentation>
        </xs:annotation>
      </xs:element>
    </xs:sequence>
  </xs:complexType>
  <!--The type: be.fgov.minfin.esb.consultimmodataservice.be.fgov.minfin.schemas.esb.consultimmo.ParcelInformationVO-->
  <xs:complexType name="parcelInformationVO">
    <xs:sequence>
      <xs:element name="cadastralIncomeVO" type="ws:cadastralIncomeVO" minOccurs="0"/>
      <xs:element name="nisCom" type="ws:CodeDescriptionType" minOccurs="0">
        <xs:annotation>
          <xs:documentation>The community codedescription.</xs:documentation>
        </xs:annotation>
      </xs:element>
      <xs:element name="polWa" type="ws:CodeDescriptionType" minOccurs="0">
        <xs:annotation>
          <xs:documentation>description the code in tag 'codePolWaId'</xs:documentation>
        </xs:annotation>
      </xs:element>
      <xs:element name="soilIndex" type="ws:CodeDescriptionType" minOccurs="0">
        <xs:annotation>
          <xs:documentation>description the code in tag 'codeSoilIndex'</xs:documentation>
        </xs:annotation>
      </xs:element>
      <xs:element name="soilRent" type="ws:CodeDescriptionType" minOccurs="0">
        <xs:annotation>
          <xs:documentation>description the code in tag 'soilRent'</xs:documentation>
        </xs:annotation>
      </xs:element>
      <xs:element name="cadastralIncomePerSurface" type="xs:decimal" minOccurs="0">
        <xs:annotation>
          <xs:documentation>Cadastral income per surface</xs:documentation>
        </xs:annotation>
      </xs:element>
      <xs:element name="surfaceVerif" type="ws:CodeDescriptionType" minOccurs="0">
        <xs:annotation>
          <xs:documentation>description the code in tag 'surfaceVerif'</xs:documentation>
        </xs:annotation>
      </xs:element>
      <xs:element name="notAppl" minOccurs="0">
        <xs:annotation>
          <xs:documentation>share not marked</xs:documentation>
        </xs:annotation>
        <xs:simpleType>
          <xs:restriction base="xs:integer">
            <xs:totalDigits value="5"/>
          </xs:restriction>
        </xs:simpleType>
      </xs:element>
      <xs:element name="number" minOccurs="0">
        <xs:annotation>
          <xs:documentation>number</xs:documentation>
        </xs:annotation>
        <xs:simpleType>
          <xs:restriction base="xs:integer">
            <xs:totalDigits value="10"/>
          </xs:restriction>
        </xs:simpleType>
      </xs:element>
      <xs:element name="order" minOccurs="0">
        <xs:annotation>
          <xs:documentation>order of the parts according the income en reglements</xs:documentation>
        </xs:annotation>
        <xs:simpleType>
          <xs:restriction base="xs:string">
            <xs:maxLength value="2"/>
          </xs:restriction>
        </xs:simpleType>
      </xs:element>
      <xs:element name="surfaceNotTaxable" minOccurs="0">
        <xs:annotation>
          <xs:documentation>Surface not taxable</xs:documentation>
        </xs:annotation>
        <xs:simpleType>
          <xs:restriction base="xs:integer">
            <xs:totalDigits value="100"/>
          </xs:restriction>
        </xs:simpleType>
      </xs:element>
      <xs:element name="surfaceTaxable" minOccurs="0">
        <xs:annotation>
          <xs:documentation>Surface taxable</xs:documentation>
        </xs:annotation>
        <xs:simpleType>
          <xs:restriction base="xs:integer">
            <xs:totalDigits value="100"/>
          </xs:restriction>
        </xs:simpleType>
      </xs:element>
      <xs:element name="versionPurId" minOccurs="0">
        <xs:annotation>
          <xs:documentation>technical key for the pursituation in this version</xs:documentation>
        </xs:annotation>
        <xs:simpleType>
          <xs:restriction base="xs:integer">
            <xs:totalDigits value="19"/>
          </xs:restriction>
        </xs:simpleType>
      </xs:element>
      <xs:element name="xCoordinate" minOccurs="0">
        <xs:annotation>
          <xs:documentation>X coordinate</xs:documentation>
        </xs:annotation>
        <xs:simpleType>
          <xs:restriction base="xs:integer">
            <xs:totalDigits value="10"/>
          </xs:restriction>
        </xs:simpleType>
      </xs:element>
      <xs:element name="yCoordinate" minOccurs="0">
        <xs:annotation>
          <xs:documentation>Y coordinate</xs:documentation>
        </xs:annotation>
        <xs:simpleType>
          <xs:restriction base="xs:integer">
            <xs:totalDigits value="10"/>
          </xs:restriction>
        </xs:simpleType>
      </xs:element>
    </xs:sequence>
  </xs:complexType>
  <!--The type: be.fgov.minfin.esb.consultimmodataservice.be.fgov.minfin.schemas.esb.consultimmo.ParcelNavigatorParcel-->
  <xs:complexType name="parcelNavigatorParcel">
    <xs:sequence>
      <xs:element name="schets" type="xs:string" minOccurs="0">
        <xs:annotation>
          <xs:documentation>Schets: patbasl: md_dossier</xs:documentation>
        </xs:annotation>
      </xs:element>
      <xs:element name="parcel" type="ws:parcelInformationNavigatorVO" minOccurs="0">
        <xs:annotation>
          <xs:documentation>parcels</xs:documentation>
        </xs:annotation>
      </xs:element>
      <xs:element name="dossier" type="ws:dossierVO" minOccurs="0" maxOccurs="unbounded">
        <xs:annotation>
          <xs:documentation>dossiers</xs:documentation>
        </xs:annotation>
      </xs:element>
      <xs:element name="up" type="ws:parcelNavigatorParcel" minOccurs="0" maxOccurs="unbounded">
        <xs:annotation>
          <xs:documentation>previous parcel</xs:documentation>
        </xs:annotation>
      </xs:element>
      <xs:element name="down" type="ws:parcelNavigatorParcel" minOccurs="0" maxOccurs="unbounded">
        <xs:annotation>
          <xs:documentation>new parcel</xs:documentation>
        </xs:annotation>
      </xs:element>
      <xs:element name="publicDomain" type="ws:publicDomainVO" minOccurs="0">
        <xs:annotation>
          <xs:documentation>public domains</xs:documentation>
        </xs:annotation>
      </xs:element>
    </xs:sequence>
  </xs:complexType>
  <!--The type: be.fgov.minfin.esb.consultimmodataservice.be.fgov.minfin.schemas.esb.consultimmo.ParcelNavigatorRequest-->
  <xs:element name="parcelNavigatorRequest" type="ws:parcelNavigatorRequestType"/>
  <!--The type: be.fgov.minfin.esb.consultimmodataservice.be.fgov.minfin.schemas.esb.consultimmo.ParcelNavigatorRequestType-->
  <xs:complexType name="parcelNavigatorRequestType">
    <xs:annotation>
      <xs:documentation>Search list of dossiers of precad by parcel id.</xs:documentation>
    </xs:annotation>
    <xs:sequence>
      <xs:element name="language">
        <xs:annotation>
          <xs:documentation>Language of the user (F/N/D)</xs:documentation>
        </xs:annotation>
        <xs:simpleType>
          <xs:restriction base="xs:string">
            <xs:maxLength value="1"/>
            <xs:pattern value="([F,N,D,f,n,d])"/>
          </xs:restriction>
        </xs:simpleType>
      </xs:element>
      <xs:element name="cadastralDivision">
        <xs:annotation>
          <xs:documentation>Cadastral division</xs:documentation>
        </xs:annotation>
        <xs:simpleType>
          <xs:restriction base="xs:integer">
            <xs:totalDigits value="5"/>
          </xs:restriction>
        </xs:simpleType>
      </xs:element>
      <xs:element name="section">
        <xs:annotation>
          <xs:documentation>section</xs:documentation>
        </xs:annotation>
        <xs:simpleType>
          <xs:restriction base="xs:string">
            <xs:maxLength value="1"/>
            <xs:pattern value="([a-zA-Z])"/>
          </xs:restriction>
        </xs:simpleType>
      </xs:element>
      <xs:element name="primaryNumber">
        <xs:annotation>
          <xs:documentation>primary number</xs:documentation>
        </xs:annotation>
        <xs:simpleType>
          <xs:restriction base="xs:integer">
            <xs:totalDigits value="4"/>
            <xs:minInclusive value="1"/>
            <xs:maxInclusive value="9999"/>
          </xs:restriction>
        </xs:simpleType>
      </xs:element>
      <xs:element name="bisNumber" minOccurs="0">
        <xs:annotation>
          <xs:documentation>bisnumber</xs:documentation>
        </xs:annotation>
        <xs:simpleType>
          <xs:restriction base="xs:integer">
            <xs:totalDigits value="2"/>
            <xs:minInclusive value="2"/>
            <xs:maxInclusive value="99"/>
          </xs:restriction>
        </xs:simpleType>
      </xs:element>
      <xs:element name="exponentNumber" minOccurs="0">
        <xs:annotation>
          <xs:documentation>exponentnumber</xs:documentation>
        </xs:annotation>
        <xs:simpleType>
          <xs:restriction base="xs:integer">
            <xs:totalDigits value="3"/>
            <xs:minInclusive value="2"/>
            <xs:maxInclusive value="999"/>
          </xs:restriction>
        </xs:simpleType>
      </xs:element>
      <xs:element name="exponentLetter" minOccurs="0">
        <xs:annotation>
          <xs:documentation>exponentletter</xs:documentation>
        </xs:annotation>
        <xs:simpleType>
          <xs:restriction base="xs:string">
            <xs:maxLength value="1"/>
            <xs:pattern value="([a-zA-Z])"/>
          </xs:restriction>
        </xs:simpleType>
      </xs:element>
      <xs:element name="partNumber" minOccurs="0">
        <xs:annotation>
          <xs:documentation>partnumber (P0000 -> P9999)</xs:documentation>
        </xs:annotation>
        <xs:simpleType>
          <xs:restriction base="xs:string">
            <xs:maxLength value="5"/>
            <xs:pattern value="([P,p][0-9][0-9][0-9][0-9])"/>
          </xs:restriction>
        </xs:simpleType>
      </xs:element>
    </xs:sequence>
  </xs:complexType>
  <!--The type: be.fgov.minfin.esb.consultimmodataservice.be.fgov.minfin.schemas.esb.consultimmo.ParcelNavigatorResponse-->
  <xs:element name="parcelNavigatorResponse" type="ws:parcelNavigatorResponseType"/>
  <!--The type: be.fgov.minfin.esb.consultimmodataservice.be.fgov.minfin.schemas.esb.consultimmo.ParcelNavigatorResponseType-->
  <xs:complexType name="parcelNavigatorResponseType">
    <xs:annotation>
      <xs:documentation>Output for the request to get the dossier of precad by a given parcel</xs:documentation>
    </xs:annotation>
    <xs:sequence>
      <xs:element name="navigator" type="ws:parcelNavigatorParcel" minOccurs="0" maxOccurs="unbounded"/>
    </xs:sequence>
  </xs:complexType>
  <!--The type: be.fgov.minfin.esb.consultimmodataservice.be.fgov.minfin.schemas.esb.consultimmo.ParcelStateVO-->
  <xs:complexType name="parcelStateVO">
    <xs:sequence>
      <xs:element name="amountElevator" minOccurs="0">
        <xs:annotation>
          <xs:documentation>the amount of elevators</xs:documentation>
        </xs:annotation>
        <xs:simpleType>
          <xs:restriction base="xs:string">
            <xs:maxLength value="10"/>
          </xs:restriction>
        </xs:simpleType>
      </xs:element>
      <xs:element name="descriptPrivate" minOccurs="0">
        <xs:annotation>
          <xs:documentation>description of the private part.</xs:documentation>
        </xs:annotation>
        <xs:simpleType>
          <xs:restriction base="xs:string">
            <xs:maxLength value="35"/>
          </xs:restriction>
        </xs:simpleType>
      </xs:element>
      <xs:element name="bassin" minOccurs="0">
        <xs:annotation>
          <xs:documentation>description of the second nature bassin.</xs:documentation>
        </xs:annotation>
        <xs:simpleType>
          <xs:restriction base="xs:integer">
            <xs:totalDigits value="5"/>
          </xs:restriction>
        </xs:simpleType>
      </xs:element>
      <xs:element name="beginVersion" type="xs:dateTime" minOccurs="0">
        <xs:annotation>
          <xs:documentation>Validation date of the dossier (techincal timestamp)</xs:documentation>
        </xs:annotation>
      </xs:element>
      <xs:element name="builtVO" type="ws:builtVO" minOccurs="0" maxOccurs="unbounded"/>
      <xs:element name="dhm" type="ws:CodeDescriptionType" minOccurs="0">
        <xs:annotation>
          <xs:documentation>The dhm codedescription.</xs:documentation>
        </xs:annotation>
      </xs:element>
      <xs:element name="energyCertificate" type="ws:CodeDescriptionType" minOccurs="0">
        <xs:annotation>
          <xs:documentation>The energyCertificate codedescription.</xs:documentation>
        </xs:annotation>
      </xs:element>
      <xs:element name="nature" type="ws:CodeDescriptionType" minOccurs="0">
        <xs:annotation>
          <xs:documentation>codedescription of the nature of the cadastral parcel</xs:documentation>
        </xs:annotation>
      </xs:element>
      <xs:element name="parclCadStatu" type="ws:CodeDescriptionType" minOccurs="0">
        <xs:annotation>
          <xs:documentation>Status of the patrimonial parcel</xs:documentation>
        </xs:annotation>
      </xs:element>
      <xs:element name="util" type="ws:CodeDescriptionType" minOccurs="0">
        <xs:annotation>
          <xs:documentation>description of the code util</xs:documentation>
        </xs:annotation>
      </xs:element>
      <xs:element name="dateBegin" type="xs:date" minOccurs="0">
        <xs:annotation>
          <xs:documentation>Validitydate of the parcel</xs:documentation>
        </xs:annotation>
      </xs:element>
      <xs:element name="dateBeginYear" minOccurs="0">
        <xs:annotation>
          <xs:documentation>year of the start date</xs:documentation>
        </xs:annotation>
        <xs:simpleType>
          <xs:restriction base="xs:integer">
            <xs:totalDigits value="4"/>
          </xs:restriction>
        </xs:simpleType>
      </xs:element>
      <xs:element name="dateEnd" type="xs:date" minOccurs="0">
        <xs:annotation>
          <xs:documentation>end date</xs:documentation>
        </xs:annotation>
      </xs:element>
      <xs:element name="dateEndYear" minOccurs="0">
        <xs:annotation>
          <xs:documentation>year of the end date</xs:documentation>
        </xs:annotation>
        <xs:simpleType>
          <xs:restriction base="xs:integer">
            <xs:totalDigits value="4"/>
          </xs:restriction>
        </xs:simpleType>
      </xs:element>
      <xs:element name="dateEpc" type="xs:date" minOccurs="0">
        <xs:annotation>
          <xs:documentation>date when the EPC certificate was given.</xs:documentation>
        </xs:annotation>
      </xs:element>
      <xs:element name="detail" minOccurs="0">
        <xs:annotation>
          <xs:documentation>detailcode of the patrimonial parcel in CADNET</xs:documentation>
        </xs:annotation>
        <xs:simpleType>
          <xs:restriction base="xs:string">
            <xs:maxLength value="40"/>
          </xs:restriction>
        </xs:simpleType>
      </xs:element>
      <xs:element name="endVersion" type="xs:dateTime" minOccurs="0">
        <xs:annotation>
          <xs:documentation>end version</xs:documentation>
        </xs:annotation>
      </xs:element>
      <xs:element name="energyHouse" minOccurs="0">
        <xs:annotation>
          <xs:documentation>amount of energy used in the house</xs:documentation>
        </xs:annotation>
        <xs:simpleType>
          <xs:restriction base="xs:integer">
            <xs:totalDigits value="5"/>
          </xs:restriction>
        </xs:simpleType>
      </xs:element>
      <xs:element name="threshold" minOccurs="0">
        <xs:annotation>
          <xs:documentation>taxable threshold for the mat/out</xs:documentation>
        </xs:annotation>
        <xs:simpleType>
          <xs:restriction base="xs:integer">
            <xs:totalDigits value="10"/>
          </xs:restriction>
        </xs:simpleType>
      </xs:element>
      <xs:element name="isolationHouse" minOccurs="0">
        <xs:annotation>
          <xs:documentation>isolation value of the house</xs:documentation>
        </xs:annotation>
        <xs:simpleType>
          <xs:restriction base="xs:integer">
            <xs:totalDigits value="10"/>
          </xs:restriction>
        </xs:simpleType>
      </xs:element>
      <xs:element name="klaarpan" minOccurs="0">
        <xs:annotation>
          <xs:documentation>description of the second nature klaarpan.</xs:documentation>
        </xs:annotation>
        <xs:simpleType>
          <xs:restriction base="xs:integer">
            <xs:totalDigits value="5"/>
          </xs:restriction>
        </xs:simpleType>
      </xs:element>
      <xs:element name="maxThermCoef" minOccurs="0">
        <xs:annotation>
          <xs:documentation>The maximal thermical conductivity of the building
			elements</xs:documentation>
        </xs:annotation>
        <xs:simpleType>
          <xs:restriction base="xs:integer">
            <xs:totalDigits value="10"/>
          </xs:restriction>
        </xs:simpleType>
      </xs:element>
      <xs:element name="matUtil" minOccurs="0">
        <xs:annotation>
          <xs:documentation>description of the second nature material and utilities</xs:documentation>
        </xs:annotation>
        <xs:simpleType>
          <xs:restriction base="xs:integer">
            <xs:totalDigits value="5"/>
          </xs:restriction>
        </xs:simpleType>
      </xs:element>
      <xs:element name="notBuiltVO" type="ws:notBuiltVO" minOccurs="0" maxOccurs="unbounded"/>
      <xs:element name="notTaxedMatUtil" minOccurs="0">
        <xs:annotation>
          <xs:documentation>not taxable mat/out</xs:documentation>
        </xs:annotation>
        <xs:simpleType>
          <xs:restriction base="xs:integer">
            <xs:totalDigits value="10"/>
          </xs:restriction>
        </xs:simpleType>
      </xs:element>
      <xs:element name="parcelIdentificationVO" type="ws:parcelIdentificationVO"/>
      <xs:element name="parcelInformationVO" type="ws:parcelInformationVO" minOccurs="0" maxOccurs="unbounded"/>
      <xs:element name="parcelSituationIdf">
        <xs:annotation>
          <xs:documentation>IdfTech SitParcelle.OIdfTech
			The technical identifier of a situation of the cadastral parcel</xs:documentation>
        </xs:annotation>
        <xs:simpleType>
          <xs:restriction base="xs:long">
            <xs:totalDigits value="19"/>
          </xs:restriction>
        </xs:simpleType>
      </xs:element>
      <xs:element name="parcelWidthMain" minOccurs="0">
        <xs:annotation>
          <xs:documentation>width of the main building</xs:documentation>
        </xs:annotation>
        <xs:simpleType>
          <xs:restriction base="xs:integer">
            <xs:totalDigits value="12"/>
          </xs:restriction>
        </xs:simpleType>
      </xs:element>
      <xs:element name="parcelWidthStreet" minOccurs="0">
        <xs:annotation>
          <xs:documentation>width of the parcel at the street</xs:documentation>
        </xs:annotation>
        <xs:simpleType>
          <xs:restriction base="xs:integer">
            <xs:totalDigits value="12"/>
          </xs:restriction>
        </xs:simpleType>
      </xs:element>
      <xs:element name="passiveHouse" type="xs:boolean">
        <xs:annotation>
          <xs:documentation>house with low energy usage</xs:documentation>
        </xs:annotation>
      </xs:element>
      <xs:element name="rootput" minOccurs="0">
        <xs:annotation>
          <xs:documentation>description of the second nature rootput.</xs:documentation>
        </xs:annotation>
        <xs:simpleType>
          <xs:restriction base="xs:integer">
            <xs:totalDigits value="5"/>
          </xs:restriction>
        </xs:simpleType>
      </xs:element>
      <xs:element name="sketch" minOccurs="0">
        <xs:annotation>
          <xs:documentation>number of the sketch at creation or mutation.</xs:documentation>
        </xs:annotation>
        <xs:simpleType>
          <xs:restriction base="xs:integer">
            <xs:totalDigits value="10"/>
          </xs:restriction>
        </xs:simpleType>
      </xs:element>
    </xs:sequence>
  </xs:complexType>
  <!--The type: be.fgov.minfin.esb.consultimmodataservice.be.fgov.minfin.schemas.esb.consultimmo.PartyAnonymousVO-->
  <xs:complexType name="partyAnonymousVO">
    <xs:sequence>
      <xs:element name="anonymousOwner">
        <xs:annotation>
          <xs:documentation>String of the anonymous owners and their businessrights
			(# en 2 rechthebbenden -BE 1/4- #)</xs:documentation>
        </xs:annotation>
        <xs:simpleType>
          <xs:restriction base="xs:string">
            <xs:maxLength value="100"/>
          </xs:restriction>
        </xs:simpleType>
      </xs:element>
    </xs:sequence>
  </xs:complexType>
  <!--The type: be.fgov.minfin.esb.consultimmodataservice.be.fgov.minfin.schemas.esb.consultimmo.PartyAssociationVO-->
  <xs:complexType name="partyAssociationVO">
    <xs:sequence>
      <xs:element name="persIdf" type="xs:long" minOccurs="0" maxOccurs="unbounded">
        <xs:annotation>
          <xs:documentation>Associations, groups, weird communities (three people, businesses, ...)</xs:documentation>
        </xs:annotation>
      </xs:element>
    </xs:sequence>
  </xs:complexType>
  <!--The type: be.fgov.minfin.esb.consultimmodataservice.be.fgov.minfin.schemas.esb.consultimmo.PartyBusinessVO-->
  <xs:complexType name="partyBusinessVO">
    <xs:sequence>
      <xs:element name="persIdf">
        <xs:annotation>
          <xs:documentation>the persIdf</xs:documentation>
        </xs:annotation>
        <xs:simpleType>
          <xs:restriction base="xs:long">
            <xs:totalDigits value="12"/>
          </xs:restriction>
        </xs:simpleType>
      </xs:element>
    </xs:sequence>
  </xs:complexType>
  <!--The type: be.fgov.minfin.esb.consultimmodataservice.be.fgov.minfin.schemas.esb.consultimmo.PartyCoOwnerVO-->
  <xs:complexType name="partyCoOwnerVO">
    <xs:sequence>
      <xs:element name="coOwner">
        <xs:annotation>
          <xs:documentation>String of the coOwners</xs:documentation>
        </xs:annotation>
        <xs:simpleType>
          <xs:restriction base="xs:string">
            <xs:maxLength value="100"/>
          </xs:restriction>
        </xs:simpleType>
      </xs:element>
    </xs:sequence>
  </xs:complexType>
  <!--The type: be.fgov.minfin.esb.consultimmodataservice.be.fgov.minfin.schemas.esb.consultimmo.PartyCommunityVO-->
  <xs:complexType name="partyCommunityVO">
    <xs:sequence>
      <xs:element name="persIdf" type="xs:long" minOccurs="2" maxOccurs="2">
        <xs:annotation>
          <xs:documentation>the persIdf //minOccurs changed from 2 to 0??</xs:documentation>
        </xs:annotation>
      </xs:element>
    </xs:sequence>
  </xs:complexType>
  <!--The type: be.fgov.minfin.esb.consultimmodataservice.be.fgov.minfin.schemas.esb.consultimmo.PartyIndividualVO-->
  <xs:complexType name="partyIndividualVO">
    <xs:sequence>
      <xs:element name="persIdf">
        <xs:annotation>
          <xs:documentation>the persIdf</xs:documentation>
        </xs:annotation>
        <xs:simpleType>
          <xs:restriction base="xs:long">
            <xs:totalDigits value="12"/>
          </xs:restriction>
        </xs:simpleType>
      </xs:element>
    </xs:sequence>
  </xs:complexType>
  <!--The type: be.fgov.minfin.esb.consultimmodataservice.be.fgov.minfin.schemas.esb.consultimmo.PartyInfoVO-->
  <xs:complexType name="partyInfoVO">
    <xs:sequence>
      <xs:element name="partyType" type="ws:CodeDescriptionType">
        <xs:annotation>
          <xs:documentation>description of the partyType</xs:documentation>
        </xs:annotation>
      </xs:element>
    </xs:sequence>
  </xs:complexType>
  <!--The type: be.fgov.minfin.esb.consultimmodataservice.be.fgov.minfin.schemas.esb.consultimmo.PathislSp-->
  <xs:complexType name="pathislSp">
    <xs:sequence>
      <xs:element name="parcelIdentification" type="ws:parcelIdentificationSitHistoricalVO" minOccurs="0">
        <xs:annotation>
          <xs:documentation>number of the stipad dossier</xs:documentation>
        </xs:annotation>
      </xs:element>
      <xs:element name="propertySituationIdf" type="xs:long" minOccurs="0">
        <xs:annotation>
          <xs:documentation>SitPatrimoniale.oIdfTech => input voor getPropertyByPropertyId</xs:documentation>
        </xs:annotation>
      </xs:element>
      <xs:element name="no-parcel" type="xs:string" minOccurs="0">
        <xs:annotation>
          <xs:documentation>Textfield for when there isn't a situation (typically before 1979) or for public domains and similar cases.</xs:documentation>
        </xs:annotation>
      </xs:element>
      <xs:element name="detailApp" type="xs:string" minOccurs="0">
        <xs:annotation>
          <xs:documentation>Detail of appartement</xs:documentation>
        </xs:annotation>
      </xs:element>
      <xs:element name="parclCadStatu" type="ws:CodeDescriptionType" minOccurs="0">
        <xs:annotation>
          <xs:documentation>Status of the patrimonial parcel</xs:documentation>
        </xs:annotation>
      </xs:element>
      <xs:element name="dossier" type="ws:dossierSitHistoricalVO" minOccurs="0" maxOccurs="unbounded">
        <xs:annotation>
          <xs:documentation>The dossier in which the mutation happened</xs:documentation>
        </xs:annotation>
      </xs:element>
      <xs:element name="sitHistoricalIdf" type="xs:long" minOccurs="0">
        <xs:annotation>
          <xs:documentation>Technical id of sitHistorical - For logging</xs:documentation>
        </xs:annotation>
      </xs:element>
      <xs:element name="expiredDate" type="xs:date" minOccurs="0">
        <xs:annotation>
          <xs:documentation>Expireddate of the situation</xs:documentation>
        </xs:annotation>
      </xs:element>
      <xs:element name="dateBegin" type="xs:date" minOccurs="0">
        <xs:annotation>
          <xs:documentation>Validitydate of the situation</xs:documentation>
        </xs:annotation>
      </xs:element>
      <xs:element name="dateBeginYear" minOccurs="0">
        <xs:annotation>
          <xs:documentation>year of the start date</xs:documentation>
        </xs:annotation>
        <xs:simpleType>
          <xs:restriction base="xs:integer">
            <xs:totalDigits value="4"/>
          </xs:restriction>
        </xs:simpleType>
      </xs:element>
      <xs:element name="dateEnd" type="xs:date" minOccurs="0">
        <xs:annotation>
          <xs:documentation>end date of situation</xs:documentation>
        </xs:annotation>
      </xs:element>
      <xs:element name="dateEndYear" minOccurs="0">
        <xs:annotation>
          <xs:documentation>year of the end date</xs:documentation>
        </xs:annotation>
        <xs:simpleType>
          <xs:restriction base="xs:integer">
            <xs:totalDigits value="4"/>
          </xs:restriction>
        </xs:simpleType>
      </xs:element>
      <xs:element name="flag-expired" type="xs:boolean" minOccurs="0"/>
      <xs:element name="flag-intermediate" type="xs:boolean" minOccurs="0"/>
      <xs:element name="article" type="xs:string" minOccurs="0">
        <xs:annotation>
          <xs:documentation>Article</xs:documentation>
        </xs:annotation>
      </xs:element>
      <xs:element name="sequenceNumber" type="xs:string" minOccurs="0">
        <xs:annotation>
          <xs:documentation>Sequence</xs:documentation>
        </xs:annotation>
      </xs:element>
    </xs:sequence>
  </xs:complexType>
  <!--The type: be.fgov.minfin.esb.consultimmodataservice.be.fgov.minfin.schemas.esb.consultimmo.Person-->
  <xs:element name="person" type="ws:person"/>
  <xs:complexType name="person">
    <xs:sequence>
      <xs:element name="id">
        <xs:simpleType>
          <xs:restriction base="xs:integer">
            <xs:totalDigits value="12"/>
          </xs:restriction>
        </xs:simpleType>
      </xs:element>
      <xs:element name="firstName" minOccurs="0">
        <xs:simpleType>
          <xs:restriction base="xs:string">
            <xs:maxLength value="100"/>
          </xs:restriction>
        </xs:simpleType>
      </xs:element>
      <xs:element name="lastName" minOccurs="0">
        <xs:simpleType>
          <xs:restriction base="xs:string">
            <xs:maxLength value="100"/>
          </xs:restriction>
        </xs:simpleType>
      </xs:element>
      <xs:element name="zipCode" minOccurs="0">
        <xs:annotation>
          <xs:documentation>Legacy. Redundant with address/zipCode for backward-compatibility reasons.</xs:documentation>
        </xs:annotation>
        <xs:simpleType>
          <xs:restriction base="xs:string">
            <xs:maxLength value="15"/>
          </xs:restriction>
        </xs:simpleType>
      </xs:element>
      <xs:element name="birthDate" type="xs:string" minOccurs="0"/>
      <xs:element name="country" minOccurs="0">
        <xs:annotation>
          <xs:documentation>Legacy. Redundant with address/country for backward-compatibility reasons.</xs:documentation>
        </xs:annotation>
        <xs:simpleType>
          <xs:restriction base="xs:string">
            <xs:maxLength value="2"/>
          </xs:restriction>
        </xs:simpleType>
      </xs:element>
      <xs:element name="officialId" type="xs:string" minOccurs="0"/>
      <xs:element name="officialIdType" type="xs:string" minOccurs="0"/>
      <xs:element name="address" type="ws:SimpleAddress" minOccurs="0"/>
    </xs:sequence>
  </xs:complexType>
  <!--The type: be.fgov.minfin.esb.consultimmodataservice.be.fgov.minfin.schemas.esb.consultimmo.PropertyStateInfoVO-->
  <xs:complexType name="propertyStateInfoVO">
    <xs:sequence>
      <xs:element name="artLastInsParcl">
        <xs:annotation>
          <xs:documentation>the last article inscription</xs:documentation>
        </xs:annotation>
        <xs:simpleType>
          <xs:restriction base="xs:string">
            <xs:maxLength value="22"/>
          </xs:restriction>
        </xs:simpleType>
      </xs:element>
      <xs:element name="artLastInsParclAv">
        <xs:annotation>
          <xs:documentation>the previous article inscription</xs:documentation>
        </xs:annotation>
        <xs:simpleType>
          <xs:restriction base="xs:string">
            <xs:maxLength value="22"/>
          </xs:restriction>
        </xs:simpleType>
      </xs:element>
      <xs:element name="beginVersion" type="xs:dateTime" minOccurs="0">
        <xs:annotation>
          <xs:documentation>timestamp for the validation of the creation of the
			dossier</xs:documentation>
        </xs:annotation>
      </xs:element>
      <xs:element name="cancelVersion" type="xs:dateTime" minOccurs="0">
        <xs:annotation>
          <xs:documentation>timestamp for the validation of the canceling of the
			dossier</xs:documentation>
        </xs:annotation>
      </xs:element>
      <xs:element name="propSit" type="ws:CodeDescriptionType" minOccurs="0">
        <xs:annotation>
          <xs:documentation>description status propertystate(active/passive)</xs:documentation>
        </xs:annotation>
      </xs:element>
      <xs:element name="dateBegin" type="xs:date" minOccurs="0">
        <xs:annotation>
          <xs:documentation>fiscal startdate of the propertystate</xs:documentation>
        </xs:annotation>
      </xs:element>
      <xs:element name="dateBeginYear" minOccurs="0">
        <xs:annotation>
          <xs:documentation>created in a Cadnet dossier in this fiscal year</xs:documentation>
        </xs:annotation>
        <xs:simpleType>
          <xs:restriction base="xs:integer">
            <xs:totalDigits value="4"/>
          </xs:restriction>
        </xs:simpleType>
      </xs:element>
      <xs:element name="dateEnd" type="xs:date" minOccurs="0">
        <xs:annotation>
          <xs:documentation>fiscal enddate of the propertystate</xs:documentation>
        </xs:annotation>
      </xs:element>
      <xs:element name="dateEndYear" minOccurs="0">
        <xs:annotation>
          <xs:documentation>mutated in a Cadnet dossier in this fiscal year</xs:documentation>
        </xs:annotation>
        <xs:simpleType>
          <xs:restriction base="xs:integer">
            <xs:totalDigits value="4"/>
          </xs:restriction>
        </xs:simpleType>
      </xs:element>
      <xs:element name="dateJurBegin" type="xs:date" minOccurs="0">
        <xs:annotation>
          <xs:documentation>juridical begindate of the propertystate</xs:documentation>
        </xs:annotation>
      </xs:element>
      <xs:element name="dateJurEnd" type="xs:date" minOccurs="0">
        <xs:annotation>
          <xs:documentation>juridacal enddate of the propertystate</xs:documentation>
        </xs:annotation>
      </xs:element>
      <xs:element name="doubtfulRight" minOccurs="0">
        <xs:annotation>
          <xs:documentation>indication for the propertystate which has doubtfull
			ownerrights</xs:documentation>
        </xs:annotation>
        <xs:simpleType>
          <xs:restriction base="xs:integer">
            <xs:totalDigits value="5"/>
          </xs:restriction>
        </xs:simpleType>
      </xs:element>
      <xs:element name="endVersion" type="xs:dateTime" minOccurs="0">
        <xs:annotation>
          <xs:documentation>timestamp for the validation of the mutation of the
			dossier</xs:documentation>
        </xs:annotation>
      </xs:element>
      <xs:element name="propertySituationIdf" type="xs:long">
        <xs:annotation>
          <xs:documentation>SitPatrimoniale.oIdfTech => input voor
			getPropertyByPropertyId</xs:documentation>
        </xs:annotation>
      </xs:element>
      <xs:element name="propertySituationIdfNext" type="xs:long" minOccurs="0" maxOccurs="unbounded">
        <xs:annotation>
          <xs:documentation>The next situation idf</xs:documentation>
        </xs:annotation>
      </xs:element>
      <xs:element name="propertySituationIdfPrevious" type="xs:long" minOccurs="0" maxOccurs="unbounded">
        <xs:annotation>
          <xs:documentation>The previous situation idf.</xs:documentation>
        </xs:annotation>
      </xs:element>
      <xs:element name="calculatedMarketValue" type="xs:decimal" minOccurs="0">
        <xs:annotation>
          <xs:documentation>The calculated market value of the propertystate.</xs:documentation>
        </xs:annotation>
      </xs:element>
      <xs:element name="dateCalculatedMarketValue" type="xs:date" minOccurs="0">
        <xs:annotation>
          <xs:documentation>Date when the market value was calculated</xs:documentation>
        </xs:annotation>
      </xs:element>
      <xs:element name="calculatedMinMarketValue" type="xs:decimal" minOccurs="0">
        <xs:annotation>
          <xs:documentation>Calculated minimal market value for sale</xs:documentation>
        </xs:annotation>
      </xs:element>
      <xs:element name="calculatedMaxMarketValue" type="xs:decimal" minOccurs="0">
        <xs:annotation>
          <xs:documentation>calculated maximal market value for sale</xs:documentation>
        </xs:annotation>
      </xs:element>
    </xs:sequence>
  </xs:complexType>
  <!--The type: be.fgov.minfin.esb.consultimmodataservice.be.fgov.minfin.schemas.esb.consultimmo.PublicDomainVO-->
  <xs:complexType name="publicDomainVO">
    <xs:sequence>
      <xs:element name="divCad" type="ws:CodeDescriptionType">
        <xs:annotation>
          <xs:documentation>description the cadastral division</xs:documentation>
        </xs:annotation>
      </xs:element>
      <xs:element name="rue" type="ws:CodeDescriptionType">
        <xs:annotation>
          <xs:documentation>description the cadastral division</xs:documentation>
        </xs:annotation>
      </xs:element>
      <xs:element name="section">
        <xs:annotation>
          <xs:documentation>section</xs:documentation>
        </xs:annotation>
        <xs:simpleType>
          <xs:restriction base="xs:string">
            <xs:maxLength value="1"/>
          </xs:restriction>
        </xs:simpleType>
      </xs:element>
      <xs:element name="description" type="xs:string" minOccurs="0">
        <xs:annotation>
          <xs:documentation>description the public domain</xs:documentation>
        </xs:annotation>
      </xs:element>
      <xs:element name="cadnetType" type="xs:string" minOccurs="0">
        <xs:annotation>
          <xs:documentation>description the public domain</xs:documentation>
        </xs:annotation>
      </xs:element>
    </xs:sequence>
  </xs:complexType>
  <!--The type: be.fgov.minfin.esb.consultimmodataservice.be.fgov.minfin.schemas.esb.consultimmo.Response-->
  <xs:complexType name="response">
    <xs:sequence>
      <xs:element name="persons" type="ws:person" nillable="true" minOccurs="0" maxOccurs="unbounded"/>
      <xs:element name="companies" type="ws:company" nillable="true" minOccurs="0" maxOccurs="unbounded"/>
    </xs:sequence>
  </xs:complexType>
  <!--The type: be.fgov.minfin.esb.consultimmodataservice.be.fgov.minfin.schemas.esb.consultimmo.RightElementVO-->
  <xs:complexType name="rightElementVO">
    <xs:sequence>
      <xs:element name="rightType" type="ws:CodeDescriptionType">
        <xs:annotation>
          <xs:documentation>description for the type of the businessright</xs:documentation>
        </xs:annotation>
      </xs:element>
      <xs:element name="expiredDate" type="xs:date" minOccurs="0">
        <xs:annotation>
          <xs:documentation>expiredate of the businessright</xs:documentation>
        </xs:annotation>
      </xs:element>
      <xs:element name="expiredYear" minOccurs="0">
        <xs:annotation>
          <xs:documentation>year in which the businessright expires</xs:documentation>
        </xs:annotation>
        <xs:simpleType>
          <xs:restriction base="xs:integer">
            <xs:totalDigits value="4"/>
          </xs:restriction>
        </xs:simpleType>
      </xs:element>
      <xs:element name="fractDenom">
        <xs:annotation>
          <xs:documentation>Denominator of the shares of a normalised business right</xs:documentation>
        </xs:annotation>
        <xs:simpleType>
          <xs:restriction base="xs:long">
            <xs:totalDigits value="10"/>
          </xs:restriction>
        </xs:simpleType>
      </xs:element>
      <xs:element name="fractEnom">
        <xs:annotation>
          <xs:documentation>Enominator of the shares of a normalised business right</xs:documentation>
        </xs:annotation>
        <xs:simpleType>
          <xs:restriction base="xs:long">
            <xs:totalDigits value="10"/>
          </xs:restriction>
        </xs:simpleType>
      </xs:element>
      <xs:element name="part" type="xs:boolean" minOccurs="0">
        <xs:annotation>
          <xs:documentation>part not specified</xs:documentation>
        </xs:annotation>
      </xs:element>
      <xs:element name="partSurface" type="xs:boolean" minOccurs="0">
        <xs:annotation>
          <xs:documentation>No demarcation</xs:documentation>
        </xs:annotation>
      </xs:element>
      <xs:element name="surface" minOccurs="0">
        <xs:annotation>
          <xs:documentation>surface</xs:documentation>
        </xs:annotation>
        <xs:simpleType>
          <xs:restriction base="xs:long">
            <xs:totalDigits value="19"/>
          </xs:restriction>
        </xs:simpleType>
      </xs:element>
    </xs:sequence>
  </xs:complexType>
  <!--The type: be.fgov.minfin.esb.consultimmodataservice.be.fgov.minfin.schemas.esb.consultimmo.SimpleAddress-->
  <xs:complexType name="SimpleAddress">
    <xs:sequence>
      <xs:element name="streetName" type="tns:CodeLabel" minOccurs="0">
        <xs:annotation>
          <xs:documentation>The code description is the name of the street translated, when
			possible, acccording to the contextual language. The code value is the NSR Code of the street,
			or nothing if the originating data is unstructured.</xs:documentation>
        </xs:annotation>
      </xs:element>
      <xs:element name="streetNumber" type="xs:string" minOccurs="0"/>
      <xs:element name="streetBox" type="xs:string" minOccurs="0"/>
      <xs:element name="index" type="xs:string" minOccurs="0"/>
      <xs:element name="zipCode" type="xs:string" minOccurs="0"/>
      <xs:element name="community" type="tns:CodeLabel" minOccurs="0">
        <xs:annotation>
          <xs:documentation>The code description is the name of the community translated, when
			possible, acccording to the contextual language. The code value is the NIS Code of the street,
			or nothing if the originating data is unstructured.</xs:documentation>
        </xs:annotation>
      </xs:element>
      <xs:element name="country" type="tns:CodeLabel" minOccurs="0">
        <xs:annotation>
          <xs:documentation>The code description is the name of the country translated, when
			possible, acccording to the contextual language. The code value is the ISO Code of the country,
			or nothing if the originating data is unstructured.</xs:documentation>
        </xs:annotation>
      </xs:element>
      <xs:element name="type" type="tns:CodeLabel" minOccurs="0">
        <xs:annotation>
          <xs:documentation>The address type. Usually the main address. The code value is internal to the FPS Finance.</xs:documentation>
        </xs:annotation>
      </xs:element>
      <xs:element name="freeText" type="xs:string" minOccurs="0">
        <xs:annotation>
          <xs:documentation>Optional additional free text field related to this address.</xs:documentation>
        </xs:annotation>
      </xs:element>
    </xs:sequence>
  </xs:complexType>
  <!--The type: be.fgov.minfin.esb.consultimmodataservice.be.fgov.minfin.schemas.esb.consultimmo.StreetVO-->
  <xs:complexType name="streetVO">
    <xs:sequence>
      <xs:element name="street" type="ws:CodeDescriptionType">
        <xs:annotation>
          <xs:documentation>The street codedescription. (NsrCode)</xs:documentation>
        </xs:annotation>
      </xs:element>
      <xs:element name="nisCom" type="ws:CodeDescriptionType">
        <xs:annotation>
          <xs:documentation>The community codedescription.</xs:documentation>
        </xs:annotation>
      </xs:element>
    </xs:sequence>
  </xs:complexType>
  <xs:element name="getCodes" type="ws:getCodes"/>
  <xs:element name="getCodesResponse" type="ws:getCodesResponse"/>
  <xs:complexType name="getCodes">
    <xs:annotation>
      <xs:documentation>Search a code or a list of codes</xs:documentation>
    </xs:annotation>
    <xs:sequence>
      <xs:element name="getCodesVO" type="ws:getCodesVO" minOccurs="0"/>
    </xs:sequence>
  </xs:complexType>
  <xs:complexType name="getCodesVO">
    <xs:annotation>
      <xs:documentation>Search a code or a list of codes</xs:documentation>
    </xs:annotation>
    <xs:sequence>
      <xs:element name="language" minOccurs="1">
        <xs:annotation>
          <xs:documentation>Language of the user (F/N/D)</xs:documentation>
        </xs:annotation>
        <xs:simpleType>
          <xs:restriction base="xs:string">
            <xs:maxLength value="1"/>
            <xs:pattern value="[F,N,D,f,n,d]"/>
          </xs:restriction>
        </xs:simpleType>
      </xs:element>
      <xs:element name="codeName" type="xs:string" minOccurs="1" maxOccurs="1"/>
      <xs:element name="code" type="xs:string" minOccurs="0" maxOccurs="1"/>
    </xs:sequence>
  </xs:complexType>
  <xs:complexType name="getCodesResponse">
    <xs:complexContent>
      <xs:extension base="ws:response">
        <xs:annotation>
          <xs:documentation>List of codeDescriptions as response</xs:documentation>
        </xs:annotation>
        <xs:sequence>
          <xs:element name="getCodesResponse" type="ws:CodeDescriptionType" nillable="true" minOccurs="0" maxOccurs="unbounded"/>
        </xs:sequence>
      </xs:extension>
    </xs:complexContent>
  </xs:complexType>
</xs:schema>]]></con:content><con:type>http://www.w3.org/2001/XMLSchema</con:type></con:part></con:definitionCache><con:endpoints>
      <con:endpoint>http://fidus.brussels/services/realestateservice/v1</con:endpoint>
    <con:endpoint>http://fidus.brussels/services/realestateservice/v1.3</con:endpoint><con:endpoint>http://fidus.brussels/services/realestateservice/v1.3</con:endpoint><con:endpoint>https://192.168.22.53:8443/services/RealEstateService_v1.3</con:endpoint><con:endpoint>https://192.168.22.54:8443/services/RealEstateService_v1.3</con:endpoint><con:endpoint>https://192.168.24.16:8443/services/RealEstateService_v1.3</con:endpoint><con:endpoint>https://192.168.24.17:8443/services/RealEstateService_v1.3</con:endpoint><con:endpoint>https://192.168.26.19:8443/services/RealEstateService_v1.3</con:endpoint><con:endpoint>https://192.168.26.22:8443/services/RealEstateService_v1.3</con:endpoint><con:endpoint>https://192.168.36.61:8243/services/RealEstateService_v1.3</con:endpoint><con:endpoint>https://esb-security-gw.sta.srv.cirb.lan:8443/services/RealEstateService_v1.3</con:endpoint><con:endpoint>https://fidus-esb-sg.prd.srv.cirb.lan:8443/services/RealEstateService_v1.3</con:endpoint><con:endpoint>https://fidus-esb-sg.sta.srv.cirb.lan:8443/services/RealEstateService_v1.3</con:endpoint><con:endpoint>https://fidus-test.irisnetlab.be/services/RealEstateService_v1.3</con:endpoint><con:endpoint>https://fidus.irisnetlab.be/services/RealEstateService_v1.3</con:endpoint><con:endpoint>https://fidus.sec.brussels/services/RealEstateService_v1.3</con:endpoint><con:endpoint>https://localhost:8243/services/RealEstateService_v1.3</con:endpoint></con:endpoints>
    <con:operation id="b2441a54-6b97-43ef-86a4-e9b3ce5c4f02" isOneWay="false" action="http://fidus.brussels/services/realestateservice/findPropertiesTxByCriteria" name="findPropertiesTxByCriteria" bindingOperationName="findPropertiesTxByCriteria" type="Request-Response" inputName="" receivesAttachments="false" sendsAttachments="false" anonymous="optional">
      <con:settings/>
      <con:call id="5dc01c4c-47e8-4048-b24d-3bc713cea047" name="1 - Local - Request" outgoingWss="Outflow DEV" incomingWss="Inflow DEV">
        <con:settings>
          <con:setting id="com.eviware.soapui.impl.wsdl.WsdlRequest@request-headers">&lt;xml-fragment/></con:setting>
        </con:settings>
        <con:encoding>UTF-8</con:encoding>
        <con:endpoint>https://localhost:8243/services/RealEstateService_v1.3</con:endpoint>
        <con:request><![CDATA[<soapenv:Envelope xmlns:soapenv="http://schemas.xmlsoap.org/soap/envelope/" xmlns:v1="http://fidus.brussels/service/realestateservice/messages/v1" xmlns:v11="http://fidus.brussels/type/common/messages/v1" xmlns:dir="http://www.minfin.fgov.be/schemas/esb/consultimmotx/direct" xmlns:ns="http://www.minfin.fgov.be/schemas/esb/canonical/base/1">
   <soapenv:Header/>
   <soapenv:Body>
      <v1:findPropertiesTxByCriteriaRequest>
         <v1:messageContext>
            <v11:messageId>${=import static java.util.UUID.randomUUID; uuid = randomUUID() as String}</v11:messageId>
            <v11:timestamp>${=new java.text.SimpleDateFormat("yyyy-MM-dd'T'HH:mm:ss.SSS").format(new Date())}</v11:timestamp>
         </v1:messageContext>
         <v1:legalContext>ServiceIntegrator</v1:legalContext>
         <v1:request>
	       <dir:province>40000</dir:province>
	       <dir:adminCommune>42008</dir:adminCommune>
	       <dir:typeInscription>82</dir:typeInscription>
	       <dir:deedDate>
	          <ns:start>2010-01-01</ns:start>
	          <ns:end>2010-04-30</ns:end>
	       </dir:deedDate>
	       <dir:natureCode>220</dir:natureCode>
	       <dir:natureCodeDeed>32</dir:natureCodeDeed>
         </v1:request>
      </v1:findPropertiesTxByCriteriaRequest>
   </soapenv:Body>
</soapenv:Envelope>]]></con:request>
        <con:credentials>
          <con:selectedAuthProfile>Basic</con:selectedAuthProfile>
          <con:addedBasicAuthenticationTypes>Basic</con:addedBasicAuthenticationTypes>
          <con:authType>Global HTTP Settings</con:authType>
        </con:credentials>
        <con:jmsConfig JMSDeliveryMode="PERSISTENT"/>
        <con:jmsPropertyConfig/>
        <con:wsaConfig mustUnderstand="NONE" version="200508" action="http://fidus.brussels/services/realestateservice/findPropertiesTxByCriteria"/>
        <con:wsrmConfig version="1.2"/>
      </con:call>
      <con:call id="40e90ad2-396e-4228-bbff-2a192a85bdfa" name="2 - Dev - Request" outgoingWss="Outflow DEV" incomingWss="Inflow DEV">
        <con:settings>
          <con:setting id="com.eviware.soapui.impl.wsdl.WsdlRequest@request-headers">&lt;xml-fragment/></con:setting>
        </con:settings>
        <con:encoding>UTF-8</con:encoding>
        <con:endpoint>https://192.168.36.61:8243/services/RealEstateService_v1.3</con:endpoint>
        <con:request><![CDATA[<soapenv:Envelope xmlns:soapenv="http://schemas.xmlsoap.org/soap/envelope/" xmlns:v1="http://fidus.brussels/service/realestateservice/messages/v1" xmlns:v11="http://fidus.brussels/type/common/messages/v1" xmlns:dir="http://www.minfin.fgov.be/schemas/esb/consultimmotx/direct" xmlns:ns="http://www.minfin.fgov.be/schemas/esb/canonical/base/1">
   <soapenv:Header/>
   <soapenv:Body>
      <v1:findPropertiesTxByCriteriaRequest>
         <v1:messageContext>
            <v11:messageId>${=import static java.util.UUID.randomUUID; uuid = randomUUID() as String}</v11:messageId>
            <v11:timestamp>${=new java.text.SimpleDateFormat("yyyy-MM-dd'T'HH:mm:ss.SSS").format(new Date())}</v11:timestamp>
         </v1:messageContext>
         <v1:legalContext>ServiceIntegrator</v1:legalContext>         
         <v1:request>
	       <dir:province>40000</dir:province>
	       <dir:adminCommune>42008</dir:adminCommune>
	       <dir:typeInscription>82</dir:typeInscription>
	       <dir:deedDate>
	          <ns:start>2010-01-01</ns:start>
	          <ns:end>2010-04-30</ns:end>
	       </dir:deedDate>
	       <dir:natureCode>220</dir:natureCode>
	       <dir:natureCodeDeed>32</dir:natureCodeDeed>
         </v1:request>
      </v1:findPropertiesTxByCriteriaRequest>
   </soapenv:Body>
</soapenv:Envelope>]]></con:request>
        <con:credentials>
          <con:selectedAuthProfile>Basic</con:selectedAuthProfile>
          <con:addedBasicAuthenticationTypes>Basic</con:addedBasicAuthenticationTypes>
          <con:authType>Global HTTP Settings</con:authType>
        </con:credentials>
        <con:jmsConfig JMSDeliveryMode="PERSISTENT"/>
        <con:jmsPropertyConfig/>
        <con:wsaConfig mustUnderstand="NONE" version="200508" action="http://fidus.brussels/services/realestateservice/findPropertiesTxByCriteria"/>
        <con:wsrmConfig version="1.2"/>
      </con:call>
      <con:call id="851f2e1b-dea8-41b1-9979-5c735a6e68e2" name="3 - Test - External - Request" incomingWss="Inflow TEST" outgoingWss="Outflow TEST">
        <con:settings>
          <con:setting id="com.eviware.soapui.impl.wsdl.WsdlRequest@request-headers">&lt;xml-fragment/></con:setting>
        </con:settings>
        <con:encoding>UTF-8</con:encoding>
        <con:endpoint>https://fidus-test.irisnetlab.be/services/RealEstateService_v1.3</con:endpoint>
        <con:request><![CDATA[<soapenv:Envelope xmlns:soapenv="http://schemas.xmlsoap.org/soap/envelope/" xmlns:v1="http://fidus.brussels/service/realestateservice/messages/v1" xmlns:v11="http://fidus.brussels/type/common/messages/v1" xmlns:dir="http://www.minfin.fgov.be/schemas/esb/consultimmotx/direct" xmlns:ns="http://www.minfin.fgov.be/schemas/esb/canonical/base/1">
   <soapenv:Header/>
   <soapenv:Body>
      <v1:findPropertiesTxByCriteriaRequest>
         <v1:messageContext>
            <v11:messageId>${=import static java.util.UUID.randomUUID; uuid = randomUUID() as String}</v11:messageId>
            <v11:timestamp>${=new java.text.SimpleDateFormat("yyyy-MM-dd'T'HH:mm:ss.SSS").format(new Date())}</v11:timestamp>
         </v1:messageContext>
         <v1:legalContext>ServiceIntegrator</v1:legalContext>
         <v1:request>
	       <dir:province>40000</dir:province>
	       <dir:adminCommune>42008</dir:adminCommune>
	       <dir:typeInscription>82</dir:typeInscription>
	       <dir:deedDate>
	          <ns:start>2010-01-01</ns:start>
	          <ns:end>2010-04-30</ns:end>
	       </dir:deedDate>
	       <dir:natureCode>220</dir:natureCode>
	       <dir:natureCodeDeed>32</dir:natureCodeDeed>
         </v1:request>
      </v1:findPropertiesTxByCriteriaRequest>
   </soapenv:Body>
</soapenv:Envelope>]]></con:request>
        <con:credentials>
          <con:selectedAuthProfile>Basic</con:selectedAuthProfile>
          <con:addedBasicAuthenticationTypes>Basic</con:addedBasicAuthenticationTypes>
          <con:authType>Global HTTP Settings</con:authType>
        </con:credentials>
        <con:jmsConfig JMSDeliveryMode="PERSISTENT"/>
        <con:jmsPropertyConfig/>
        <con:wsaConfig mustUnderstand="NONE" version="200508" action="http://fidus.brussels/services/realestateservice/findPropertiesTxByCriteria"/>
        <con:wsrmConfig version="1.2"/>
      </con:call>
      <con:call id="7d6c2ba5-eae3-4b05-8fbd-0df555527a6c" name="3 - Test - LB - Request" incomingWss="Inflow TEST" outgoingWss="Outflow TEST">
        <con:settings>
          <con:setting id="com.eviware.soapui.impl.wsdl.WsdlRequest@request-headers">&lt;xml-fragment/></con:setting>
        </con:settings>
        <con:encoding>UTF-8</con:encoding>
        <con:endpoint>https://esb-security-gw.sta.srv.cirb.lan:8443/services/RealEstateService_v1.3</con:endpoint>
        <con:request><![CDATA[<soapenv:Envelope xmlns:soapenv="http://schemas.xmlsoap.org/soap/envelope/" xmlns:v1="http://fidus.brussels/service/realestateservice/messages/v1" xmlns:v11="http://fidus.brussels/type/common/messages/v1" xmlns:dir="http://www.minfin.fgov.be/schemas/esb/consultimmotx/direct" xmlns:ns="http://www.minfin.fgov.be/schemas/esb/canonical/base/1">
   <soapenv:Header/>
   <soapenv:Body>
      <v1:findPropertiesTxByCriteriaRequest>
         <v1:messageContext>
            <v11:messageId>${=import static java.util.UUID.randomUUID; uuid = randomUUID() as String}</v11:messageId>
            <v11:timestamp>${=new java.text.SimpleDateFormat("yyyy-MM-dd'T'HH:mm:ss.SSS").format(new Date())}</v11:timestamp>
         </v1:messageContext>
         <v1:legalContext>ServiceIntegrator</v1:legalContext>
         <v1:request>
            <dir:province>40000</dir:province>
            <dir:adminCommune>42008</dir:adminCommune>
            <dir:typeInscription>82</dir:typeInscription>
            <dir:deedDate>
               <ns:start>2010-01-01</ns:start>
               <ns:end>2010-04-30</ns:end>
            </dir:deedDate>
            <dir:natureCode>220</dir:natureCode>
            <dir:natureCodeDeed>32</dir:natureCodeDeed>
         </v1:request>
      </v1:findPropertiesTxByCriteriaRequest>
   </soapenv:Body>
</soapenv:Envelope>]]></con:request>
        <con:credentials>
          <con:selectedAuthProfile>Basic</con:selectedAuthProfile>
          <con:addedBasicAuthenticationTypes>Basic</con:addedBasicAuthenticationTypes>
          <con:authType>Global HTTP Settings</con:authType>
        </con:credentials>
        <con:jmsConfig JMSDeliveryMode="PERSISTENT"/>
        <con:jmsPropertyConfig/>
        <con:wsaConfig mustUnderstand="NONE" version="200508" action="http://fidus.brussels/services/realestateservice/findPropertiesTxByCriteria"/>
        <con:wsrmConfig version="1.2"/>
      </con:call>
      <con:call id="1d5d2ca0-9688-4de4-b4e1-db57b599dfc7" name="3 - Test - Worker1 - Request" incomingWss="Inflow TEST" outgoingWss="Outflow TEST">
        <con:settings>
          <con:setting id="com.eviware.soapui.impl.wsdl.WsdlRequest@request-headers">&lt;xml-fragment/></con:setting>
        </con:settings>
        <con:encoding>UTF-8</con:encoding>
        <con:endpoint>https://192.168.22.53:8443/services/RealEstateService_v1.3</con:endpoint>
        <con:request><![CDATA[<soapenv:Envelope xmlns:soapenv="http://schemas.xmlsoap.org/soap/envelope/" xmlns:v1="http://fidus.brussels/service/realestateservice/messages/v1" xmlns:v11="http://fidus.brussels/type/common/messages/v1" xmlns:dir="http://www.minfin.fgov.be/schemas/esb/consultimmotx/direct" xmlns:ns="http://www.minfin.fgov.be/schemas/esb/canonical/base/1">
   <soapenv:Header/>
   <soapenv:Body>
      <v1:findPropertiesTxByCriteriaRequest>
         <v1:messageContext>
            <v11:messageId>${=import static java.util.UUID.randomUUID; uuid = randomUUID() as String}</v11:messageId>
            <v11:timestamp>${=new java.text.SimpleDateFormat("yyyy-MM-dd'T'HH:mm:ss.SSS").format(new Date())}</v11:timestamp>
         </v1:messageContext>
         <v1:legalContext>ServiceIntegrator</v1:legalContext>
         <v1:request>
            <dir:province>40000</dir:province>
            <dir:adminCommune>42008</dir:adminCommune>
            <dir:typeInscription>82</dir:typeInscription>
            <dir:deedDate>
               <ns:start>2010-01-01</ns:start>
               <ns:end>2010-04-30</ns:end>
            </dir:deedDate>
            <dir:natureCode>220</dir:natureCode>
            <dir:natureCodeDeed>32</dir:natureCodeDeed>
         </v1:request>
      </v1:findPropertiesTxByCriteriaRequest>
   </soapenv:Body>
</soapenv:Envelope>]]></con:request>
        <con:credentials>
          <con:selectedAuthProfile>Basic</con:selectedAuthProfile>
          <con:addedBasicAuthenticationTypes>Basic</con:addedBasicAuthenticationTypes>
          <con:authType>Global HTTP Settings</con:authType>
        </con:credentials>
        <con:jmsConfig JMSDeliveryMode="PERSISTENT"/>
        <con:jmsPropertyConfig/>
        <con:wsaConfig mustUnderstand="NONE" version="200508" action="http://fidus.brussels/services/realestateservice/findPropertiesTxByCriteria"/>
        <con:wsrmConfig version="1.2"/>
      </con:call>
      <con:call id="aa091e22-0602-49d1-a3f0-9ba7b79b5c62" name="3 - Test - Worker2 - Request" incomingWss="Inflow TEST" outgoingWss="Outflow TEST">
        <con:settings>
          <con:setting id="com.eviware.soapui.impl.wsdl.WsdlRequest@request-headers">&lt;xml-fragment/></con:setting>
        </con:settings>
        <con:encoding>UTF-8</con:encoding>
        <con:endpoint>https://192.168.22.54:8443/services/RealEstateService_v1.3</con:endpoint>
        <con:request><![CDATA[<soapenv:Envelope xmlns:soapenv="http://schemas.xmlsoap.org/soap/envelope/" xmlns:v1="http://fidus.brussels/service/realestateservice/messages/v1" xmlns:v11="http://fidus.brussels/type/common/messages/v1" xmlns:dir="http://www.minfin.fgov.be/schemas/esb/consultimmotx/direct" xmlns:ns="http://www.minfin.fgov.be/schemas/esb/canonical/base/1">
   <soapenv:Header/>
   <soapenv:Body>
      <v1:findPropertiesTxByCriteriaRequest>
         <v1:messageContext>
            <v11:messageId>${=import static java.util.UUID.randomUUID; uuid = randomUUID() as String}</v11:messageId>
            <v11:timestamp>${=new java.text.SimpleDateFormat("yyyy-MM-dd'T'HH:mm:ss.SSS").format(new Date())}</v11:timestamp>
         </v1:messageContext>
         <v1:legalContext>ServiceIntegrator</v1:legalContext>
         <v1:request>
            <dir:province>40000</dir:province>
            <dir:adminCommune>42008</dir:adminCommune>
            <dir:typeInscription>82</dir:typeInscription>
            <dir:deedDate>
               <ns:start>2010-01-01</ns:start>
               <ns:end>2010-04-30</ns:end>
            </dir:deedDate>
            <dir:natureCode>220</dir:natureCode>
            <dir:natureCodeDeed>32</dir:natureCodeDeed>
         </v1:request>
      </v1:findPropertiesTxByCriteriaRequest>
   </soapenv:Body>
</soapenv:Envelope>]]></con:request>
        <con:credentials>
          <con:selectedAuthProfile>Basic</con:selectedAuthProfile>
          <con:addedBasicAuthenticationTypes>Basic</con:addedBasicAuthenticationTypes>
          <con:authType>Global HTTP Settings</con:authType>
        </con:credentials>
        <con:jmsConfig JMSDeliveryMode="PERSISTENT"/>
        <con:jmsPropertyConfig/>
        <con:wsaConfig mustUnderstand="NONE" version="200508" action="http://fidus.brussels/services/realestateservice/findPropertiesTxByCriteria"/>
        <con:wsrmConfig version="1.2"/>
      </con:call>
      <con:call id="7e3effff-bd46-42f1-b063-91c3e31d9e96" name="4 - Staging - External - Request" outgoingWss="Outflow STAGING" incomingWss="Inflow STAGING">
        <con:settings>
          <con:setting id="com.eviware.soapui.impl.wsdl.WsdlRequest@request-headers">&lt;xml-fragment/></con:setting>
        </con:settings>
        <con:encoding>UTF-8</con:encoding>
        <con:endpoint>https://fidus.irisnetlab.be/services/RealEstateService_v1.3</con:endpoint>
        <con:request><![CDATA[<soapenv:Envelope xmlns:soapenv="http://schemas.xmlsoap.org/soap/envelope/" xmlns:v1="http://fidus.brussels/service/realestateservice/messages/v1" xmlns:v11="http://fidus.brussels/type/common/messages/v1" xmlns:dir="http://www.minfin.fgov.be/schemas/esb/consultimmotx/direct" xmlns:ns="http://www.minfin.fgov.be/schemas/esb/canonical/base/1">
   <soapenv:Header/>
   <soapenv:Body>
      <v1:findPropertiesTxByCriteriaRequest>
         <v1:messageContext>
            <v11:messageId>${=import static java.util.UUID.randomUUID; uuid = randomUUID() as String}</v11:messageId>
            <v11:timestamp>${=new java.text.SimpleDateFormat("yyyy-MM-dd'T'HH:mm:ss.SSS").format(new Date())}</v11:timestamp>
         </v1:messageContext>
         <v1:legalContext>ServiceIntegrator</v1:legalContext>
         <v1:request>
	       <dir:province>40000</dir:province>
	       <dir:adminCommune>42008</dir:adminCommune>
	       <dir:typeInscription>82</dir:typeInscription>
	       <dir:deedDate>
	          <ns:start>2010-01-01</ns:start>
	          <ns:end>2010-04-30</ns:end>
	       </dir:deedDate>
	       <dir:natureCode>220</dir:natureCode>
	       <dir:natureCodeDeed>32</dir:natureCodeDeed>
         </v1:request>
      </v1:findPropertiesTxByCriteriaRequest>
   </soapenv:Body>
</soapenv:Envelope>]]></con:request>
        <con:credentials>
          <con:selectedAuthProfile>Basic</con:selectedAuthProfile>
          <con:addedBasicAuthenticationTypes>Basic</con:addedBasicAuthenticationTypes>
          <con:authType>Global HTTP Settings</con:authType>
        </con:credentials>
        <con:jmsConfig JMSDeliveryMode="PERSISTENT"/>
        <con:jmsPropertyConfig/>
        <con:wsaConfig mustUnderstand="NONE" version="200508" action="http://fidus.brussels/services/realestateservice/findPropertiesTxByCriteria"/>
        <con:wsrmConfig version="1.2"/>
      </con:call>
      <con:call id="f7da7df5-57f2-41b6-970b-6b27f2a246f3" name="4 - Staging - LB - Request" incomingWss="Inflow STAGING" outgoingWss="Outflow STAGING">
        <con:settings>
          <con:setting id="com.eviware.soapui.impl.wsdl.WsdlRequest@request-headers">&lt;xml-fragment/></con:setting>
        </con:settings>
        <con:encoding>UTF-8</con:encoding>
        <con:endpoint>https://fidus-esb-sg.sta.srv.cirb.lan:8443/services/RealEstateService_v1.3</con:endpoint>
        <con:request><![CDATA[<soapenv:Envelope xmlns:soapenv="http://schemas.xmlsoap.org/soap/envelope/" xmlns:v1="http://fidus.brussels/service/realestateservice/messages/v1" xmlns:v11="http://fidus.brussels/type/common/messages/v1" xmlns:dir="http://www.minfin.fgov.be/schemas/esb/consultimmotx/direct" xmlns:ns="http://www.minfin.fgov.be/schemas/esb/canonical/base/1">
   <soapenv:Header/>
   <soapenv:Body>
      <v1:findPropertiesTxByCriteriaRequest>
         <v1:messageContext>
            <v11:messageId>${=import static java.util.UUID.randomUUID; uuid = randomUUID() as String}</v11:messageId>
            <v11:timestamp>${=new java.text.SimpleDateFormat("yyyy-MM-dd'T'HH:mm:ss.SSS").format(new Date())}</v11:timestamp>
         </v1:messageContext>
         <v1:legalContext>ServiceIntegrator</v1:legalContext>
         <v1:request>
	       <dir:province>40000</dir:province>
	       <dir:adminCommune>42008</dir:adminCommune>
	       <dir:typeInscription>82</dir:typeInscription>
	       <dir:deedDate>
	          <ns:start>2010-01-01</ns:start>
	          <ns:end>2010-04-30</ns:end>
	       </dir:deedDate>
	       <dir:natureCode>220</dir:natureCode>
	       <dir:natureCodeDeed>32</dir:natureCodeDeed>
         </v1:request>
      </v1:findPropertiesTxByCriteriaRequest>
   </soapenv:Body>
</soapenv:Envelope>]]></con:request>
        <con:credentials>
          <con:selectedAuthProfile>Basic</con:selectedAuthProfile>
          <con:addedBasicAuthenticationTypes>Basic</con:addedBasicAuthenticationTypes>
          <con:authType>Global HTTP Settings</con:authType>
        </con:credentials>
        <con:jmsConfig JMSDeliveryMode="PERSISTENT"/>
        <con:jmsPropertyConfig/>
        <con:wsaConfig mustUnderstand="NONE" version="200508" action="http://fidus.brussels/services/realestateservice/findPropertiesTxByCriteria"/>
        <con:wsrmConfig version="1.2"/>
      </con:call>
      <con:call id="6338ab72-e779-4ab6-bf78-60c86baf5494" name="4 - Staging - Worker1 - Request" incomingWss="Inflow STAGING" outgoingWss="Outflow STAGING">
        <con:settings>
          <con:setting id="com.eviware.soapui.impl.wsdl.WsdlRequest@request-headers">&lt;xml-fragment/></con:setting>
        </con:settings>
        <con:encoding>UTF-8</con:encoding>
        <con:endpoint>https://192.168.24.16:8443/services/RealEstateService_v1.3</con:endpoint>
        <con:request><![CDATA[<soapenv:Envelope xmlns:soapenv="http://schemas.xmlsoap.org/soap/envelope/" xmlns:v1="http://fidus.brussels/service/realestateservice/messages/v1" xmlns:v11="http://fidus.brussels/type/common/messages/v1" xmlns:dir="http://www.minfin.fgov.be/schemas/esb/consultimmotx/direct" xmlns:ns="http://www.minfin.fgov.be/schemas/esb/canonical/base/1">
   <soapenv:Header/>
   <soapenv:Body>
      <v1:findPropertiesTxByCriteriaRequest>
         <v1:messageContext>
            <v11:messageId>${=import static java.util.UUID.randomUUID; uuid = randomUUID() as String}</v11:messageId>
            <v11:timestamp>${=new java.text.SimpleDateFormat("yyyy-MM-dd'T'HH:mm:ss.SSS").format(new Date())}</v11:timestamp>
         </v1:messageContext>
         <v1:legalContext>ServiceIntegrator</v1:legalContext>
         <v1:request>
            <dir:province>40000</dir:province>
            <dir:adminCommune>42008</dir:adminCommune>
            <dir:typeInscription>82</dir:typeInscription>
            <dir:deedDate>
               <ns:start>2010-01-01</ns:start>
               <ns:end>2010-04-30</ns:end>
            </dir:deedDate>
            <dir:natureCode>220</dir:natureCode>
            <dir:natureCodeDeed>32</dir:natureCodeDeed>
         </v1:request>
      </v1:findPropertiesTxByCriteriaRequest>
   </soapenv:Body>
</soapenv:Envelope>]]></con:request>
        <con:credentials>
          <con:selectedAuthProfile>Basic</con:selectedAuthProfile>
          <con:addedBasicAuthenticationTypes>Basic</con:addedBasicAuthenticationTypes>
          <con:authType>Global HTTP Settings</con:authType>
        </con:credentials>
        <con:jmsConfig JMSDeliveryMode="PERSISTENT"/>
        <con:jmsPropertyConfig/>
        <con:wsaConfig mustUnderstand="NONE" version="200508" action="http://fidus.brussels/services/realestateservice/findPropertiesTxByCriteria"/>
        <con:wsrmConfig version="1.2"/>
      </con:call>
      <con:call id="4e9b2319-fc26-483f-9a19-6daf5f2b980e" name="4 - Staging - Worker2 - Request" incomingWss="Inflow STAGING" outgoingWss="Outflow STAGING">
        <con:settings>
          <con:setting id="com.eviware.soapui.impl.wsdl.WsdlRequest@request-headers">&lt;xml-fragment/></con:setting>
        </con:settings>
        <con:encoding>UTF-8</con:encoding>
        <con:endpoint>https://192.168.24.17:8443/services/RealEstateService_v1.3</con:endpoint>
        <con:request><![CDATA[<soapenv:Envelope xmlns:soapenv="http://schemas.xmlsoap.org/soap/envelope/" xmlns:v1="http://fidus.brussels/service/realestateservice/messages/v1" xmlns:v11="http://fidus.brussels/type/common/messages/v1" xmlns:dir="http://www.minfin.fgov.be/schemas/esb/consultimmotx/direct" xmlns:ns="http://www.minfin.fgov.be/schemas/esb/canonical/base/1">
   <soapenv:Header/>
   <soapenv:Body>
      <v1:findPropertiesTxByCriteriaRequest>
         <v1:messageContext>
            <v11:messageId>${=import static java.util.UUID.randomUUID; uuid = randomUUID() as String}</v11:messageId>
            <v11:timestamp>${=new java.text.SimpleDateFormat("yyyy-MM-dd'T'HH:mm:ss.SSS").format(new Date())}</v11:timestamp>
         </v1:messageContext>
         <v1:legalContext>ServiceIntegrator</v1:legalContext>         
         <v1:request>
	       <dir:province>40000</dir:province>
	       <dir:adminCommune>42008</dir:adminCommune>
	       <dir:typeInscription>82</dir:typeInscription>
	       <dir:deedDate>
	          <ns:start>2010-01-01</ns:start>
	          <ns:end>2010-04-30</ns:end>
	       </dir:deedDate>
	       <dir:natureCode>220</dir:natureCode>
	       <dir:natureCodeDeed>32</dir:natureCodeDeed>
         </v1:request>
      </v1:findPropertiesTxByCriteriaRequest>
   </soapenv:Body>
</soapenv:Envelope>]]></con:request>
        <con:credentials>
          <con:selectedAuthProfile>Basic</con:selectedAuthProfile>
          <con:addedBasicAuthenticationTypes>Basic</con:addedBasicAuthenticationTypes>
          <con:authType>Global HTTP Settings</con:authType>
        </con:credentials>
        <con:jmsConfig JMSDeliveryMode="PERSISTENT"/>
        <con:jmsPropertyConfig/>
        <con:wsaConfig mustUnderstand="NONE" version="200508" action="http://fidus.brussels/services/realestateservice/findPropertiesTxByCriteria"/>
        <con:wsrmConfig version="1.2"/>
      </con:call>
      <con:call id="e6d49360-a030-44c7-8874-f351d7e7cf7f" name="5 - Prod - External - Request" incomingWss="Inflow PROD" outgoingWss="Outflow PROD">
        <con:settings>
          <con:setting id="com.eviware.soapui.impl.wsdl.WsdlRequest@request-headers">&lt;xml-fragment/></con:setting>
        </con:settings>
        <con:encoding>UTF-8</con:encoding>
        <con:endpoint>https://fidus.sec.brussels/services/RealEstateService_v1.3</con:endpoint>
        <con:request><![CDATA[<soapenv:Envelope xmlns:soapenv="http://schemas.xmlsoap.org/soap/envelope/" xmlns:v1="http://fidus.brussels/service/realestateservice/messages/v1" xmlns:v11="http://fidus.brussels/type/common/messages/v1" xmlns:dir="http://www.minfin.fgov.be/schemas/esb/consultimmotx/direct" xmlns:ns="http://www.minfin.fgov.be/schemas/esb/canonical/base/1">
   <soapenv:Header/>
   <soapenv:Body>
      <v1:findPropertiesTxByCriteriaRequest>
         <v1:messageContext>
            <v11:messageId>${=import static java.util.UUID.randomUUID; uuid = randomUUID() as String}</v11:messageId>
            <v11:timestamp>${=new java.text.SimpleDateFormat("yyyy-MM-dd'T'HH:mm:ss.SSS").format(new Date())}</v11:timestamp>
         </v1:messageContext>
         <v1:legalContext>ServiceIntegrator</v1:legalContext>
         <v1:request>
	       <dir:province>40000</dir:province>
	       <dir:adminCommune>42008</dir:adminCommune>
	       <dir:typeInscription>82</dir:typeInscription>
	       <dir:deedDate>
	          <ns:start>2010-01-01</ns:start>
	          <ns:end>2010-04-30</ns:end>
	       </dir:deedDate>
	       <dir:natureCode>220</dir:natureCode>
	       <dir:natureCodeDeed>32</dir:natureCodeDeed>
         </v1:request>
      </v1:findPropertiesTxByCriteriaRequest>
   </soapenv:Body>
</soapenv:Envelope>]]></con:request>
        <con:credentials>
          <con:selectedAuthProfile>Basic</con:selectedAuthProfile>
          <con:addedBasicAuthenticationTypes>Basic</con:addedBasicAuthenticationTypes>
          <con:authType>Global HTTP Settings</con:authType>
        </con:credentials>
        <con:jmsConfig JMSDeliveryMode="PERSISTENT"/>
        <con:jmsPropertyConfig/>
        <con:wsaConfig mustUnderstand="NONE" version="200508" action="http://fidus.brussels/services/realestateservice/findPropertiesTxByCriteria"/>
        <con:wsrmConfig version="1.2"/>
      </con:call>
      <con:call id="4d43545f-d84f-4a33-92e6-0e9d41e5eae5" name="5 - Prod - LB - Request" incomingWss="Inflow PROD" outgoingWss="Outflow PROD">
        <con:settings>
          <con:setting id="com.eviware.soapui.impl.wsdl.WsdlRequest@request-headers">&lt;xml-fragment/></con:setting>
        </con:settings>
        <con:encoding>UTF-8</con:encoding>
        <con:endpoint>https://fidus-esb-sg.prd.srv.cirb.lan:8443/services/RealEstateService_v1.3</con:endpoint>
        <con:request><![CDATA[<soapenv:Envelope xmlns:soapenv="http://schemas.xmlsoap.org/soap/envelope/" xmlns:v1="http://fidus.brussels/service/realestateservice/messages/v1" xmlns:v11="http://fidus.brussels/type/common/messages/v1" xmlns:dir="http://www.minfin.fgov.be/schemas/esb/consultimmotx/direct" xmlns:ns="http://www.minfin.fgov.be/schemas/esb/canonical/base/1">
   <soapenv:Header/>
   <soapenv:Body>
      <v1:findPropertiesTxByCriteriaRequest>
         <v1:messageContext>
            <v11:messageId>${=import static java.util.UUID.randomUUID; uuid = randomUUID() as String}</v11:messageId>
            <v11:timestamp>${=new java.text.SimpleDateFormat("yyyy-MM-dd'T'HH:mm:ss.SSS").format(new Date())}</v11:timestamp>
         </v1:messageContext>
         <v1:legalContext>ServiceIntegrator</v1:legalContext>
         <v1:request>
            <dir:province>40000</dir:province>
            <dir:adminCommune>42008</dir:adminCommune>
            <dir:typeInscription>82</dir:typeInscription>
            <dir:deedDate>
               <ns:start>2010-01-01</ns:start>
               <ns:end>2010-04-30</ns:end>
            </dir:deedDate>
            <dir:natureCode>220</dir:natureCode>
            <dir:natureCodeDeed>32</dir:natureCodeDeed>
         </v1:request>
      </v1:findPropertiesTxByCriteriaRequest>
   </soapenv:Body>
</soapenv:Envelope>]]></con:request>
        <con:credentials>
          <con:selectedAuthProfile>Basic</con:selectedAuthProfile>
          <con:addedBasicAuthenticationTypes>Basic</con:addedBasicAuthenticationTypes>
          <con:authType>Global HTTP Settings</con:authType>
        </con:credentials>
        <con:jmsConfig JMSDeliveryMode="PERSISTENT"/>
        <con:jmsPropertyConfig/>
        <con:wsaConfig mustUnderstand="NONE" version="200508" action="http://fidus.brussels/services/realestateservice/findPropertiesTxByCriteria"/>
        <con:wsrmConfig version="1.2"/>
      </con:call>
      <con:call id="90592988-0eaf-40da-bb3f-373113e62d33" name="5 - Prod - Worker1 - Request" incomingWss="Inflow PROD" outgoingWss="Outflow PROD">
        <con:settings>
          <con:setting id="com.eviware.soapui.impl.wsdl.WsdlRequest@request-headers">&lt;xml-fragment/></con:setting>
        </con:settings>
        <con:encoding>UTF-8</con:encoding>
        <con:endpoint>https://192.168.26.19:8443/services/RealEstateService_v1.3</con:endpoint>
        <con:request><![CDATA[<soapenv:Envelope xmlns:soapenv="http://schemas.xmlsoap.org/soap/envelope/" xmlns:v1="http://fidus.brussels/service/realestateservice/messages/v1" xmlns:v11="http://fidus.brussels/type/common/messages/v1" xmlns:dir="http://www.minfin.fgov.be/schemas/esb/consultimmotx/direct" xmlns:ns="http://www.minfin.fgov.be/schemas/esb/canonical/base/1">
   <soapenv:Header/>
   <soapenv:Body>
      <v1:findPropertiesTxByCriteriaRequest>
         <v1:messageContext>
            <v11:messageId>${=import static java.util.UUID.randomUUID; uuid = randomUUID() as String}</v11:messageId>
            <v11:timestamp>${=new java.text.SimpleDateFormat("yyyy-MM-dd'T'HH:mm:ss.SSS").format(new Date())}</v11:timestamp>
         </v1:messageContext>
         <v1:legalContext>ServiceIntegrator</v1:legalContext>
         <v1:request>
            <dir:province>40000</dir:province>
            <dir:adminCommune>42008</dir:adminCommune>
            <dir:typeInscription>82</dir:typeInscription>
            <dir:deedDate>
               <ns:start>2010-01-01</ns:start>
               <ns:end>2010-04-30</ns:end>
            </dir:deedDate>
            <dir:natureCode>220</dir:natureCode>
            <dir:natureCodeDeed>32</dir:natureCodeDeed>
         </v1:request>
      </v1:findPropertiesTxByCriteriaRequest>
   </soapenv:Body>
</soapenv:Envelope>]]></con:request>
        <con:credentials>
          <con:selectedAuthProfile>Basic</con:selectedAuthProfile>
          <con:addedBasicAuthenticationTypes>Basic</con:addedBasicAuthenticationTypes>
          <con:authType>Global HTTP Settings</con:authType>
        </con:credentials>
        <con:jmsConfig JMSDeliveryMode="PERSISTENT"/>
        <con:jmsPropertyConfig/>
        <con:wsaConfig mustUnderstand="NONE" version="200508" action="http://fidus.brussels/services/realestateservice/findPropertiesTxByCriteria"/>
        <con:wsrmConfig version="1.2"/>
      </con:call>
      <con:call id="c2818b76-d8bb-4657-8d9c-59f33cabeef7" name="5 - Prod - Worker2 - Request" incomingWss="Inflow PROD" outgoingWss="Outflow PROD">
        <con:settings>
          <con:setting id="com.eviware.soapui.impl.wsdl.WsdlRequest@request-headers">&lt;xml-fragment/></con:setting>
        </con:settings>
        <con:encoding>UTF-8</con:encoding>
        <con:endpoint>https://192.168.26.22:8443/services/RealEstateService_v1.3</con:endpoint>
        <con:request><![CDATA[<soapenv:Envelope xmlns:soapenv="http://schemas.xmlsoap.org/soap/envelope/" xmlns:v1="http://fidus.brussels/service/realestateservice/messages/v1" xmlns:v11="http://fidus.brussels/type/common/messages/v1" xmlns:dir="http://www.minfin.fgov.be/schemas/esb/consultimmotx/direct" xmlns:ns="http://www.minfin.fgov.be/schemas/esb/canonical/base/1">
   <soapenv:Header/>
   <soapenv:Body>
      <v1:findPropertiesTxByCriteriaRequest>
         <v1:messageContext>
            <v11:messageId>${=import static java.util.UUID.randomUUID; uuid = randomUUID() as String}</v11:messageId>
            <v11:timestamp>${=new java.text.SimpleDateFormat("yyyy-MM-dd'T'HH:mm:ss.SSS").format(new Date())}</v11:timestamp>
         </v1:messageContext>
         <v1:legalContext>ServiceIntegrator</v1:legalContext>
         <v1:request>
	       <dir:province>40000</dir:province>
	       <dir:adminCommune>42008</dir:adminCommune>
	       <dir:typeInscription>82</dir:typeInscription>
	       <dir:deedDate>
	          <ns:start>2010-01-01</ns:start>
	          <ns:end>2010-04-30</ns:end>
	       </dir:deedDate>
	       <dir:natureCode>220</dir:natureCode>
	       <dir:natureCodeDeed>32</dir:natureCodeDeed>
         </v1:request>
      </v1:findPropertiesTxByCriteriaRequest>
   </soapenv:Body>
</soapenv:Envelope>]]></con:request>
        <con:credentials>
          <con:selectedAuthProfile>Basic</con:selectedAuthProfile>
          <con:addedBasicAuthenticationTypes>Basic</con:addedBasicAuthenticationTypes>
          <con:authType>Global HTTP Settings</con:authType>
        </con:credentials>
        <con:jmsConfig JMSDeliveryMode="PERSISTENT"/>
        <con:jmsPropertyConfig/>
        <con:wsaConfig mustUnderstand="NONE" version="200508" action="http://fidus.brussels/services/realestateservice/findPropertiesTxByCriteria"/>
        <con:wsrmConfig version="1.2"/>
      </con:call>
    </con:operation>
    <con:operation id="65282baa-9e18-49a8-96b1-b479a2315dde" isOneWay="false" action="http://fidus.brussels/services/realestateservice/findCommunitiesBySearchToken" name="findCommunitiesBySearchToken" bindingOperationName="findCommunitiesBySearchToken" type="Request-Response" inputName="" receivesAttachments="false" sendsAttachments="false" anonymous="optional">
      <con:settings/>
      <con:call id="9979ef25-d927-4f0b-9d79-5c35da42cb80" name="1 - Local - Request" outgoingWss="Outflow DEV" incomingWss="Inflow DEV">
        <con:settings>
          <con:setting id="com.eviware.soapui.impl.wsdl.WsdlRequest@request-headers">&lt;xml-fragment/></con:setting>
        </con:settings>
        <con:encoding>UTF-8</con:encoding>
        <con:endpoint>https://localhost:8243/services/RealEstateService_v1.3</con:endpoint>
        <con:request><![CDATA[<soapenv:Envelope xmlns:soapenv="http://schemas.xmlsoap.org/soap/envelope/" xmlns:v1="http://fidus.brussels/service/realestateservice/messages/v1" xmlns:v11="http://fidus.brussels/type/common/messages/v1">  
   <soapenv:Header/>
   <soapenv:Body>
      <v1:findCommunitiesBySearchTokenRequest>
         <v1:messageContext>
            <v11:messageId>${=import static java.util.UUID.randomUUID; uuid = randomUUID() as String}</v11:messageId>
            <v11:timestamp>${=new java.text.SimpleDateFormat("yyyy-MM-dd'T'HH:mm:ss.SSS").format(new Date())}</v11:timestamp>
         </v1:messageContext>
         <v1:legalContext>ServiceIntegrator</v1:legalContext>
         <v1:request>
            <language>F</language>
            <searchToken>WOLU</searchToken>
         </v1:request>
      </v1:findCommunitiesBySearchTokenRequest>
   </soapenv:Body>
</soapenv:Envelope>]]></con:request>
        <con:credentials>
          <con:selectedAuthProfile>Basic</con:selectedAuthProfile>
          <con:addedBasicAuthenticationTypes>Basic</con:addedBasicAuthenticationTypes>
          <con:authType>Global HTTP Settings</con:authType>
        </con:credentials>
        <con:jmsConfig JMSDeliveryMode="PERSISTENT"/>
        <con:jmsPropertyConfig/>
        <con:wsaConfig mustUnderstand="NONE" version="200508" action="http://fidus.brussels/services/realestateservice/findCommunitiesBySearchToken"/>
        <con:wsrmConfig version="1.2"/>
      </con:call>
      <con:call id="4c4e5923-760a-4846-b6bb-5efe82727440" name="2 - Dev - Request" outgoingWss="Outflow DEV" incomingWss="Inflow DEV">
        <con:settings>
          <con:setting id="com.eviware.soapui.impl.wsdl.WsdlRequest@request-headers">&lt;xml-fragment/></con:setting>
        </con:settings>
        <con:encoding>UTF-8</con:encoding>
        <con:endpoint>https://192.168.36.61:8243/services/RealEstateService_v1.3</con:endpoint>
        <con:request><![CDATA[<soapenv:Envelope xmlns:soapenv="http://schemas.xmlsoap.org/soap/envelope/" xmlns:v1="http://fidus.brussels/service/realestateservice/messages/v1" xmlns:v11="http://fidus.brussels/type/common/messages/v1">
   <soapenv:Header/>
   <soapenv:Body>
      <v1:findCommunitiesBySearchTokenRequest>
         <v1:messageContext>
            <v11:messageId>${=import static java.util.UUID.randomUUID; uuid = randomUUID() as String}</v11:messageId>
            <v11:timestamp>${=new java.text.SimpleDateFormat("yyyy-MM-dd'T'HH:mm:ss.SSS").format(new Date())}</v11:timestamp>
         </v1:messageContext>
         <v1:legalContext>ServiceIntegrator</v1:legalContext>
         <v1:request>
            <language>F</language>
            <searchToken>WOLU</searchToken>
         </v1:request>
      </v1:findCommunitiesBySearchTokenRequest>
   </soapenv:Body>
</soapenv:Envelope>]]></con:request>
        <con:credentials>
          <con:selectedAuthProfile>Basic</con:selectedAuthProfile>
          <con:addedBasicAuthenticationTypes>Basic</con:addedBasicAuthenticationTypes>
          <con:authType>Global HTTP Settings</con:authType>
        </con:credentials>
        <con:jmsConfig JMSDeliveryMode="PERSISTENT"/>
        <con:jmsPropertyConfig/>
        <con:wsaConfig mustUnderstand="NONE" version="200508" action="http://fidus.brussels/services/realestateservice/findCommunitiesBySearchToken"/>
        <con:wsrmConfig version="1.2"/>
      </con:call>
      <con:call id="d9457499-2a4a-436d-a7fa-18d8305977d5" name="3 - Test - External - Request" outgoingWss="Outflow TEST" incomingWss="Inflow TEST">
        <con:settings>
          <con:setting id="com.eviware.soapui.impl.wsdl.WsdlRequest@request-headers">&lt;xml-fragment/></con:setting>
        </con:settings>
        <con:encoding>UTF-8</con:encoding>
        <con:endpoint>https://fidus-test.irisnetlab.be/services/RealEstateService_v1.3</con:endpoint>
        <con:request><![CDATA[<soapenv:Envelope xmlns:soapenv="http://schemas.xmlsoap.org/soap/envelope/" xmlns:v1="http://fidus.brussels/service/realestateservice/messages/v1" xmlns:v11="http://fidus.brussels/type/common/messages/v1">
   <soapenv:Header/>
   <soapenv:Body>
      <v1:findCommunitiesBySearchTokenRequest>
         <v1:messageContext>
            <v11:messageId>${=import static java.util.UUID.randomUUID; uuid = randomUUID() as String}</v11:messageId>
            <v11:timestamp>${=new java.text.SimpleDateFormat("yyyy-MM-dd'T'HH:mm:ss.SSS").format(new Date())}</v11:timestamp>
         </v1:messageContext>
         <v1:legalContext>ServiceIntegrator</v1:legalContext>
         <v1:request>
            <language>F</language>
            <searchToken>WOLU</searchToken>
         </v1:request>
      </v1:findCommunitiesBySearchTokenRequest>
   </soapenv:Body>
</soapenv:Envelope>]]></con:request>
        <con:credentials>
          <con:selectedAuthProfile>Basic</con:selectedAuthProfile>
          <con:addedBasicAuthenticationTypes>Basic</con:addedBasicAuthenticationTypes>
          <con:authType>Global HTTP Settings</con:authType>
        </con:credentials>
        <con:jmsConfig JMSDeliveryMode="PERSISTENT"/>
        <con:jmsPropertyConfig/>
        <con:wsaConfig mustUnderstand="NONE" version="200508" action="http://fidus.brussels/services/realestateservice/findCommunitiesBySearchToken"/>
        <con:wsrmConfig version="1.2"/>
      </con:call>
      <con:call id="88c6df9c-75c0-473f-9780-818f193e34d1" name="3 - Test - LB - Request" outgoingWss="Outflow TEST" incomingWss="Inflow TEST">
        <con:settings>
          <con:setting id="com.eviware.soapui.impl.wsdl.WsdlRequest@request-headers">&lt;xml-fragment/></con:setting>
        </con:settings>
        <con:encoding>UTF-8</con:encoding>
        <con:endpoint>https://esb-security-gw.sta.srv.cirb.lan:8443/services/RealEstateService_v1.3</con:endpoint>
        <con:request><![CDATA[<soapenv:Envelope xmlns:soapenv="http://schemas.xmlsoap.org/soap/envelope/" xmlns:v1="http://fidus.brussels/service/realestateservice/messages/v1" xmlns:v11="http://fidus.brussels/type/common/messages/v1">
   <soapenv:Header/>
   <soapenv:Body>
      <v1:findCommunitiesBySearchTokenRequest>
         <v1:messageContext>
            <v11:messageId>${=import static java.util.UUID.randomUUID; uuid = randomUUID() as String}</v11:messageId>
            <v11:timestamp>${=new java.text.SimpleDateFormat("yyyy-MM-dd'T'HH:mm:ss.SSS").format(new Date())}</v11:timestamp>
         </v1:messageContext>
         <v1:legalContext>ServiceIntegrator</v1:legalContext>
         <v1:request>
            <language>F</language>
            <searchToken>WOLU</searchToken>
         </v1:request>
      </v1:findCommunitiesBySearchTokenRequest>
   </soapenv:Body>
</soapenv:Envelope>]]></con:request>
        <con:credentials>
          <con:selectedAuthProfile>Basic</con:selectedAuthProfile>
          <con:addedBasicAuthenticationTypes>Basic</con:addedBasicAuthenticationTypes>
          <con:authType>Global HTTP Settings</con:authType>
        </con:credentials>
        <con:jmsConfig JMSDeliveryMode="PERSISTENT"/>
        <con:jmsPropertyConfig/>
        <con:wsaConfig mustUnderstand="NONE" version="200508" action="http://fidus.brussels/services/realestateservice/findCommunitiesBySearchToken"/>
        <con:wsrmConfig version="1.2"/>
      </con:call>
      <con:call id="f75dcbf1-d15d-4d7a-bbc2-e9e2795a382f" name="3 - Test - Worker1 - Request" outgoingWss="Outflow TEST" incomingWss="Inflow TEST">
        <con:settings>
          <con:setting id="com.eviware.soapui.impl.wsdl.WsdlRequest@request-headers">&lt;xml-fragment/></con:setting>
        </con:settings>
        <con:encoding>UTF-8</con:encoding>
        <con:endpoint>https://192.168.22.53:8443/services/RealEstateService_v1.3</con:endpoint>
        <con:request><![CDATA[<soapenv:Envelope xmlns:soapenv="http://schemas.xmlsoap.org/soap/envelope/" xmlns:v1="http://fidus.brussels/service/realestateservice/messages/v1" xmlns:v11="http://fidus.brussels/type/common/messages/v1">
   <soapenv:Header/>
   <soapenv:Body>
      <v1:findCommunitiesBySearchTokenRequest>
         <v1:messageContext>
            <v11:messageId>${=import static java.util.UUID.randomUUID; uuid = randomUUID() as String}</v11:messageId>
            <v11:timestamp>${=new java.text.SimpleDateFormat("yyyy-MM-dd'T'HH:mm:ss.SSS").format(new Date())}</v11:timestamp>
         </v1:messageContext>
         <v1:legalContext>ServiceIntegrator</v1:legalContext>
         <v1:request>
            <language>F</language>
            <searchToken>WOLU</searchToken>
         </v1:request>
      </v1:findCommunitiesBySearchTokenRequest>
   </soapenv:Body>
</soapenv:Envelope>]]></con:request>
        <con:credentials>
          <con:selectedAuthProfile>Basic</con:selectedAuthProfile>
          <con:addedBasicAuthenticationTypes>Basic</con:addedBasicAuthenticationTypes>
          <con:authType>Global HTTP Settings</con:authType>
        </con:credentials>
        <con:jmsConfig JMSDeliveryMode="PERSISTENT"/>
        <con:jmsPropertyConfig/>
        <con:wsaConfig mustUnderstand="NONE" version="200508" action="http://fidus.brussels/services/realestateservice/findCommunitiesBySearchToken"/>
        <con:wsrmConfig version="1.2"/>
      </con:call>
      <con:call id="73addf5d-b759-4dea-aae4-3577432ed87c" name="3 - Test - Worker2 - Request" outgoingWss="Outflow TEST" incomingWss="Inflow TEST">
        <con:settings>
          <con:setting id="com.eviware.soapui.impl.wsdl.WsdlRequest@request-headers">&lt;xml-fragment/></con:setting>
        </con:settings>
        <con:encoding>UTF-8</con:encoding>
        <con:endpoint>https://192.168.22.54:8443/services/RealEstateService_v1.3</con:endpoint>
        <con:request><![CDATA[<soapenv:Envelope xmlns:soapenv="http://schemas.xmlsoap.org/soap/envelope/" xmlns:v1="http://fidus.brussels/service/realestateservice/messages/v1" xmlns:v11="http://fidus.brussels/type/common/messages/v1">
   <soapenv:Header/>
   <soapenv:Body>
      <v1:findCommunitiesBySearchTokenRequest>
         <v1:messageContext>
            <v11:messageId>${=import static java.util.UUID.randomUUID; uuid = randomUUID() as String}</v11:messageId>
            <v11:timestamp>${=new java.text.SimpleDateFormat("yyyy-MM-dd'T'HH:mm:ss.SSS").format(new Date())}</v11:timestamp>
         </v1:messageContext>
         <v1:legalContext>ServiceIntegrator</v1:legalContext>
         <v1:request>
            <language>F</language>
            <searchToken>WOLU</searchToken>
         </v1:request>
      </v1:findCommunitiesBySearchTokenRequest>
   </soapenv:Body>
</soapenv:Envelope>]]></con:request>
        <con:credentials>
          <con:selectedAuthProfile>Basic</con:selectedAuthProfile>
          <con:addedBasicAuthenticationTypes>Basic</con:addedBasicAuthenticationTypes>
          <con:authType>Global HTTP Settings</con:authType>
        </con:credentials>
        <con:jmsConfig JMSDeliveryMode="PERSISTENT"/>
        <con:jmsPropertyConfig/>
        <con:wsaConfig mustUnderstand="NONE" version="200508" action="http://fidus.brussels/services/realestateservice/findCommunitiesBySearchToken"/>
        <con:wsrmConfig version="1.2"/>
      </con:call>
      <con:call id="79efdfee-7119-44bf-9613-06222f445bd8" name="4 - Staging - External - Request" outgoingWss="Outflow STAGING" incomingWss="Inflow STAGING">
        <con:settings>
          <con:setting id="com.eviware.soapui.impl.wsdl.WsdlRequest@request-headers">&lt;xml-fragment/></con:setting>
        </con:settings>
        <con:encoding>UTF-8</con:encoding>
        <con:endpoint>https://fidus.irisnetlab.be/services/RealEstateService_v1.3</con:endpoint>
        <con:request><![CDATA[<soapenv:Envelope xmlns:soapenv="http://schemas.xmlsoap.org/soap/envelope/" xmlns:v1="http://fidus.brussels/service/realestateservice/messages/v1" xmlns:v11="http://fidus.brussels/type/common/messages/v1">
   <soapenv:Header/>
   <soapenv:Body>
      <v1:findCommunitiesBySearchTokenRequest>
         <v1:messageContext>
            <v11:messageId>${=import static java.util.UUID.randomUUID; uuid = randomUUID() as String}</v11:messageId>
            <v11:timestamp>${=new java.text.SimpleDateFormat("yyyy-MM-dd'T'HH:mm:ss.SSS").format(new Date())}</v11:timestamp>
         </v1:messageContext>
         <v1:legalContext>ServiceIntegrator</v1:legalContext>
         <v1:request>
            <language>F</language>
            <searchToken>WOLU</searchToken>
         </v1:request>
      </v1:findCommunitiesBySearchTokenRequest>
   </soapenv:Body>
</soapenv:Envelope>]]></con:request>
        <con:credentials>
          <con:selectedAuthProfile>Basic</con:selectedAuthProfile>
          <con:addedBasicAuthenticationTypes>Basic</con:addedBasicAuthenticationTypes>
          <con:authType>Global HTTP Settings</con:authType>
        </con:credentials>
        <con:jmsConfig JMSDeliveryMode="PERSISTENT"/>
        <con:jmsPropertyConfig/>
        <con:wsaConfig mustUnderstand="NONE" version="200508" action="http://fidus.brussels/services/realestateservice/findCommunitiesBySearchToken"/>
        <con:wsrmConfig version="1.2"/>
      </con:call>
      <con:call id="cd131e18-ec82-4bd0-b7d2-9ff3ab3a2cf5" name="5 - Prod - External - Request" outgoingWss="Outflow PROD" incomingWss="Inflow PROD">
        <con:settings>
          <con:setting id="com.eviware.soapui.impl.wsdl.WsdlRequest@request-headers">&lt;xml-fragment/></con:setting>
        </con:settings>
        <con:encoding>UTF-8</con:encoding>
        <con:endpoint>https://fidus.sec.brussels/services/RealEstateService_v1.3</con:endpoint>
        <con:request><![CDATA[<soapenv:Envelope xmlns:soapenv="http://schemas.xmlsoap.org/soap/envelope/" xmlns:v1="http://fidus.brussels/service/realestateservice/messages/v1" xmlns:v11="http://fidus.brussels/type/common/messages/v1">
   <soapenv:Header/>
   <soapenv:Body>
      <v1:findCommunitiesBySearchTokenRequest>
         <v1:messageContext>
            <v11:messageId>${=import static java.util.UUID.randomUUID; uuid = randomUUID() as String}</v11:messageId>
            <v11:timestamp>${=new java.text.SimpleDateFormat("yyyy-MM-dd'T'HH:mm:ss.SSS").format(new Date())}</v11:timestamp>
         </v1:messageContext>
          <v1:legalContext>ServiceIntegrator</v1:legalContext>
         <v1:request>
            <language>F</language>
            <searchToken>WOLU</searchToken>
         </v1:request>
      </v1:findCommunitiesBySearchTokenRequest>
   </soapenv:Body>
</soapenv:Envelope>]]></con:request>
        <con:credentials>
          <con:selectedAuthProfile>Basic</con:selectedAuthProfile>
          <con:addedBasicAuthenticationTypes>Basic</con:addedBasicAuthenticationTypes>
          <con:authType>Global HTTP Settings</con:authType>
        </con:credentials>
        <con:jmsConfig JMSDeliveryMode="PERSISTENT"/>
        <con:jmsPropertyConfig/>
        <con:wsaConfig mustUnderstand="NONE" version="200508" action="http://fidus.brussels/services/realestateservice/findCommunitiesBySearchToken"/>
        <con:wsrmConfig version="1.2"/>
      </con:call>
    <con:call id="24a3dea5-9f64-4b8b-a3bc-2a25e15a92e9" name="4 - Staging - Worker1 - Request" outgoingWss="Outflow STAGING" incomingWss="Inflow STAGING"><con:settings><con:setting id="com.eviware.soapui.impl.wsdl.WsdlRequest@request-headers">&lt;xml-fragment/></con:setting></con:settings><con:encoding>UTF-8</con:encoding><con:endpoint>https://192.168.24.16:8443/services/RealEstateService_v1.3</con:endpoint><con:request><![CDATA[<soapenv:Envelope xmlns:soapenv="http://schemas.xmlsoap.org/soap/envelope/" xmlns:v1="http://fidus.brussels/service/realestateservice/messages/v1" xmlns:v11="http://fidus.brussels/type/common/messages/v1">
   <soapenv:Header/>
   <soapenv:Body>
      <v1:findCommunitiesBySearchTokenRequest>
         <v1:messageContext>
            <v11:messageId>${=import static java.util.UUID.randomUUID; uuid = randomUUID() as String}</v11:messageId>
            <v11:timestamp>${=new java.text.SimpleDateFormat("yyyy-MM-dd'T'HH:mm:ss.SSS").format(new Date())}</v11:timestamp>
         </v1:messageContext>
         <v1:legalContext>ServiceIntegrator</v1:legalContext>
         <v1:request>
            <language>F</language>
            <searchToken>WOLU</searchToken>
         </v1:request>
      </v1:findCommunitiesBySearchTokenRequest>
   </soapenv:Body>
</soapenv:Envelope>]]></con:request><con:credentials>
          <con:selectedAuthProfile>Basic</con:selectedAuthProfile>
          <con:addedBasicAuthenticationTypes>Basic</con:addedBasicAuthenticationTypes>
          <con:authType>Global HTTP Settings</con:authType>
        </con:credentials><con:jmsConfig JMSDeliveryMode="PERSISTENT"/><con:jmsPropertyConfig/><con:wsaConfig mustUnderstand="NONE" version="200508" action="http://fidus.brussels/services/realestateservice/findCommunitiesBySearchToken"/><con:wsrmConfig version="1.2"/></con:call><con:call id="a4bec29d-4c02-4fd6-a7f3-62d548e5dfd6" name="4 - Staging - Worker2 - Request" outgoingWss="Outflow STAGING" incomingWss="Inflow STAGING"><con:settings><con:setting id="com.eviware.soapui.impl.wsdl.WsdlRequest@request-headers">&lt;xml-fragment/></con:setting></con:settings><con:encoding>UTF-8</con:encoding><con:endpoint>https://192.168.24.17:8443/services/RealEstateService_v1.3</con:endpoint><con:request><![CDATA[<soapenv:Envelope xmlns:soapenv="http://schemas.xmlsoap.org/soap/envelope/" xmlns:v1="http://fidus.brussels/service/realestateservice/messages/v1" xmlns:v11="http://fidus.brussels/type/common/messages/v1">
   <soapenv:Header/>
   <soapenv:Body>
      <v1:findCommunitiesBySearchTokenRequest>
         <v1:messageContext>
            <v11:messageId>${=import static java.util.UUID.randomUUID; uuid = randomUUID() as String}</v11:messageId>
            <v11:timestamp>${=new java.text.SimpleDateFormat("yyyy-MM-dd'T'HH:mm:ss.SSS").format(new Date())}</v11:timestamp>
         </v1:messageContext>
         <v1:legalContext>ServiceIntegrator</v1:legalContext>
         <v1:request>
            <language>F</language>
            <searchToken>WOLU</searchToken>
         </v1:request>
      </v1:findCommunitiesBySearchTokenRequest>
   </soapenv:Body>
</soapenv:Envelope>]]></con:request><con:credentials>
          <con:selectedAuthProfile>Basic</con:selectedAuthProfile>
          <con:addedBasicAuthenticationTypes>Basic</con:addedBasicAuthenticationTypes>
          <con:authType>Global HTTP Settings</con:authType>
        </con:credentials><con:jmsConfig JMSDeliveryMode="PERSISTENT"/><con:jmsPropertyConfig/><con:wsaConfig mustUnderstand="NONE" version="200508" action="http://fidus.brussels/services/realestateservice/findCommunitiesBySearchToken"/><con:wsrmConfig version="1.2"/></con:call><con:call id="9fa42850-4715-4190-b2e6-6cb219f137bf" name="4 - Staging - LB - Request" outgoingWss="Outflow STAGING" incomingWss="Inflow STAGING"><con:settings><con:setting id="com.eviware.soapui.impl.wsdl.WsdlRequest@request-headers">&lt;xml-fragment/></con:setting></con:settings><con:encoding>UTF-8</con:encoding><con:endpoint>https://fidus-esb-sg.sta.srv.cirb.lan:8443/services/RealEstateService_v1.3</con:endpoint><con:request><![CDATA[<soapenv:Envelope xmlns:soapenv="http://schemas.xmlsoap.org/soap/envelope/" xmlns:v1="http://fidus.brussels/service/realestateservice/messages/v1" xmlns:v11="http://fidus.brussels/type/common/messages/v1">
   <soapenv:Header/>
   <soapenv:Body>
      <v1:findCommunitiesBySearchTokenRequest>
         <v1:messageContext>
            <v11:messageId>${=import static java.util.UUID.randomUUID; uuid = randomUUID() as String}</v11:messageId>
            <v11:timestamp>${=new java.text.SimpleDateFormat("yyyy-MM-dd'T'HH:mm:ss.SSS").format(new Date())}</v11:timestamp>
         </v1:messageContext>
         <v1:legalContext>ServiceIntegrator</v1:legalContext>
         <v1:request>
            <language>F</language>
            <searchToken>WOLU</searchToken>
         </v1:request>
      </v1:findCommunitiesBySearchTokenRequest>
   </soapenv:Body>
</soapenv:Envelope>]]></con:request><con:credentials>
          <con:selectedAuthProfile>Basic</con:selectedAuthProfile>
          <con:addedBasicAuthenticationTypes>Basic</con:addedBasicAuthenticationTypes>
          <con:authType>Global HTTP Settings</con:authType>
        </con:credentials><con:jmsConfig JMSDeliveryMode="PERSISTENT"/><con:jmsPropertyConfig/><con:wsaConfig mustUnderstand="NONE" version="200508" action="http://fidus.brussels/services/realestateservice/findCommunitiesBySearchToken"/><con:wsrmConfig version="1.2"/></con:call></con:operation>
    <con:operation id="caaab035-4b1a-46fd-805b-55910eebbb66" isOneWay="false" action="http://fidus.brussels/services/realestateservice/findStreetsBySearchToken" name="findStreetsBySearchToken" bindingOperationName="findStreetsBySearchToken" type="Request-Response" inputName="" receivesAttachments="false" sendsAttachments="false" anonymous="optional">
      <con:settings/>
      <con:call id="a25c693a-20ff-4e3d-9259-fb7d75d2ff98" name="1 - Local - Request" outgoingWss="Outflow DEV" incomingWss="Inflow DEV">
        <con:settings>
          <con:setting id="com.eviware.soapui.impl.wsdl.WsdlRequest@request-headers">&lt;xml-fragment/></con:setting>
        </con:settings>
        <con:encoding>UTF-8</con:encoding>
        <con:endpoint>https://localhost:8243/services/RealEstateService_v1.3</con:endpoint>
        <con:request><![CDATA[<soapenv:Envelope xmlns:soapenv="http://schemas.xmlsoap.org/soap/envelope/" xmlns:v1="http://fidus.brussels/service/realestateservice/messages/v1" xmlns:v11="http://fidus.brussels/type/common/messages/v1">
   <soapenv:Header/>
   <soapenv:Body>
      <v1:findStreetsBySearchTokenRequest>
         <v1:messageContext>
            <v11:messageId>${=import static java.util.UUID.randomUUID; uuid = randomUUID() as String}</v11:messageId>
            <v11:timestamp>${=new java.text.SimpleDateFormat("yyyy-MM-dd'T'HH:mm:ss.SSS").format(new Date())}</v11:timestamp>
         </v1:messageContext>
         <v1:legalContext>ServiceIntegrator</v1:legalContext>
         <v1:request>
            <language>F</language>
            <searchToken>CUY</searchToken>
            <codeNisComId>21018</codeNisComId>
         </v1:request>
      </v1:findStreetsBySearchTokenRequest>
   </soapenv:Body>
</soapenv:Envelope>]]></con:request>
        <con:credentials>
          <con:selectedAuthProfile>Basic</con:selectedAuthProfile>
          <con:addedBasicAuthenticationTypes>Basic</con:addedBasicAuthenticationTypes>
          <con:authType>Global HTTP Settings</con:authType>
        </con:credentials>
        <con:jmsConfig JMSDeliveryMode="PERSISTENT"/>
        <con:jmsPropertyConfig/>
        <con:wsaConfig mustUnderstand="NONE" version="200508" action="http://fidus.brussels/services/realestateservice/findStreetsBySearchToken"/>
        <con:wsrmConfig version="1.2"/>
      </con:call>
      <con:call id="e11ced9f-4a58-4063-bd63-9e8f8058fc36" name="2 - Dev - Request" outgoingWss="Outflow DEV" incomingWss="Inflow DEV">
        <con:settings>
          <con:setting id="com.eviware.soapui.impl.wsdl.WsdlRequest@request-headers">&lt;xml-fragment/></con:setting>
        </con:settings>
        <con:encoding>UTF-8</con:encoding>
        <con:endpoint>https://192.168.36.61:8243/services/RealEstateService_v1.3</con:endpoint>
        <con:request><![CDATA[<soapenv:Envelope xmlns:soapenv="http://schemas.xmlsoap.org/soap/envelope/" xmlns:v1="http://fidus.brussels/service/realestateservice/messages/v1" xmlns:v11="http://fidus.brussels/type/common/messages/v1">
   <soapenv:Header/>
   <soapenv:Body>
      <v1:findStreetsBySearchTokenRequest>
         <v1:messageContext>
            <v11:messageId>${=import static java.util.UUID.randomUUID; uuid = randomUUID() as String}</v11:messageId>
            <v11:timestamp>${=new java.text.SimpleDateFormat("yyyy-MM-dd'T'HH:mm:ss.SSS").format(new Date())}</v11:timestamp>
         </v1:messageContext>
         <v1:request>
            <language>F</language>
            <searchToken>CUY</searchToken>
            <codeNisComId>21018</codeNisComId>
         </v1:request>
      </v1:findStreetsBySearchTokenRequest>
   </soapenv:Body>
</soapenv:Envelope>]]></con:request>
        <con:credentials>
          <con:selectedAuthProfile>Basic</con:selectedAuthProfile>
          <con:addedBasicAuthenticationTypes>Basic</con:addedBasicAuthenticationTypes>
          <con:authType>Global HTTP Settings</con:authType>
        </con:credentials>
        <con:jmsConfig JMSDeliveryMode="PERSISTENT"/>
        <con:jmsPropertyConfig/>
        <con:wsaConfig mustUnderstand="NONE" version="200508" action="http://fidus.brussels/services/realestateservice/findStreetsBySearchToken"/>
        <con:wsrmConfig version="1.2"/>
      </con:call>
      <con:call id="01310c90-cb2d-427c-89ff-deafc960b349" name="3 - Test - External - Request" outgoingWss="Outflow TEST" incomingWss="Inflow TEST">
        <con:settings>
          <con:setting id="com.eviware.soapui.impl.wsdl.WsdlRequest@request-headers">&lt;xml-fragment/></con:setting>
        </con:settings>
        <con:encoding>UTF-8</con:encoding>
        <con:endpoint>https://fidus-test.irisnetlab.be/services/RealEstateService_v1.3</con:endpoint>
        <con:request><![CDATA[<soapenv:Envelope xmlns:soapenv="http://schemas.xmlsoap.org/soap/envelope/" xmlns:v1="http://fidus.brussels/service/realestateservice/messages/v1" xmlns:v11="http://fidus.brussels/type/common/messages/v1">
   <soapenv:Header/>
   <soapenv:Body>
      <v1:findStreetsBySearchTokenRequest>
         <v1:messageContext>
            <v11:messageId>${=import static java.util.UUID.randomUUID; uuid = randomUUID() as String}</v11:messageId>
            <v11:timestamp>${=new java.text.SimpleDateFormat("yyyy-MM-dd'T'HH:mm:ss.SSS").format(new Date())}</v11:timestamp>
         </v1:messageContext>
         <v1:legalContext>ServiceIntegrator</v1:legalContext>
         <v1:request>
            <language>F</language>
            <searchToken>CUY</searchToken>
            <codeNisComId>21018</codeNisComId>
         </v1:request>
      </v1:findStreetsBySearchTokenRequest>
   </soapenv:Body>
</soapenv:Envelope>]]></con:request>
        <con:credentials>
          <con:selectedAuthProfile>Basic</con:selectedAuthProfile>
          <con:addedBasicAuthenticationTypes>Basic</con:addedBasicAuthenticationTypes>
          <con:authType>Global HTTP Settings</con:authType>
        </con:credentials>
        <con:jmsConfig JMSDeliveryMode="PERSISTENT"/>
        <con:jmsPropertyConfig/>
        <con:wsaConfig mustUnderstand="NONE" version="200508" action="http://fidus.brussels/services/realestateservice/findStreetsBySearchToken"/>
        <con:wsrmConfig version="1.2"/>
      </con:call>
    <con:call id="3831c932-aa3e-4d5a-b3ae-cf7114f5b0f6" name="4 - Staging - External - Request" outgoingWss="Outflow STAGING" incomingWss="Inflow STAGING"><con:settings><con:setting id="com.eviware.soapui.impl.wsdl.WsdlRequest@request-headers">&lt;xml-fragment/></con:setting></con:settings><con:encoding>UTF-8</con:encoding><con:endpoint>https://fidus.irisnetlab.be/services/RealEstateService_v1.3</con:endpoint><con:request><![CDATA[<soapenv:Envelope xmlns:soapenv="http://schemas.xmlsoap.org/soap/envelope/" xmlns:v1="http://fidus.brussels/service/realestateservice/messages/v1" xmlns:v11="http://fidus.brussels/type/common/messages/v1">
   <soapenv:Header/>
   <soapenv:Body>
      <v1:findStreetsBySearchTokenRequest>
         <v1:messageContext>
            <v11:messageId>${=import static java.util.UUID.randomUUID; uuid = randomUUID() as String}</v11:messageId>
            <v11:timestamp>${=new java.text.SimpleDateFormat("yyyy-MM-dd'T'HH:mm:ss.SSS").format(new Date())}</v11:timestamp>
         </v1:messageContext>
         <v1:legalContext>ServiceIntegrator</v1:legalContext>
         <v1:request>
            <language>F</language>
            <searchToken>CUY</searchToken>
            <codeNisComId>21018</codeNisComId>
         </v1:request>
      </v1:findStreetsBySearchTokenRequest>
   </soapenv:Body>
</soapenv:Envelope>]]></con:request><con:credentials>
          <con:selectedAuthProfile>Basic</con:selectedAuthProfile>
          <con:addedBasicAuthenticationTypes>Basic</con:addedBasicAuthenticationTypes>
          <con:authType>Global HTTP Settings</con:authType>
        </con:credentials><con:jmsConfig JMSDeliveryMode="PERSISTENT"/><con:jmsPropertyConfig/><con:wsaConfig mustUnderstand="NONE" version="200508" action="http://fidus.brussels/services/realestateservice/findStreetsBySearchToken"/><con:wsrmConfig version="1.2"/></con:call><con:call id="032df843-f3a9-4415-bf92-daa8ecea40f1" name="5 - Production - External - Request" outgoingWss="Outflow PROD" incomingWss="Inflow PROD"><con:settings><con:setting id="com.eviware.soapui.impl.wsdl.WsdlRequest@request-headers">&lt;xml-fragment/></con:setting></con:settings><con:encoding>UTF-8</con:encoding><con:endpoint>https://fidus.sec.brussels/services/RealEstateService_v1.3</con:endpoint><con:request><![CDATA[<soapenv:Envelope xmlns:soapenv="http://schemas.xmlsoap.org/soap/envelope/" xmlns:v1="http://fidus.brussels/service/realestateservice/messages/v1" xmlns:v11="http://fidus.brussels/type/common/messages/v1">
   <soapenv:Header/>
   <soapenv:Body>
      <v1:findStreetsBySearchTokenRequest>
         <v1:messageContext>
            <v11:messageId>${=import static java.util.UUID.randomUUID; uuid = randomUUID() as String}</v11:messageId>
            <v11:timestamp>${=new java.text.SimpleDateFormat("yyyy-MM-dd'T'HH:mm:ss.SSS").format(new Date())}</v11:timestamp>
         </v1:messageContext>
         <v1:legalContext>ServiceIntegrator</v1:legalContext>
         <v1:request>
            <language>F</language>
            <searchToken>CUY</searchToken>
            <codeNisComId>21018</codeNisComId>
         </v1:request>
      </v1:findStreetsBySearchTokenRequest>
   </soapenv:Body>
</soapenv:Envelope>]]></con:request><con:credentials>
          <con:selectedAuthProfile>Basic</con:selectedAuthProfile>
          <con:addedBasicAuthenticationTypes>Basic</con:addedBasicAuthenticationTypes>
          <con:authType>Global HTTP Settings</con:authType>
        </con:credentials><con:jmsConfig JMSDeliveryMode="PERSISTENT"/><con:jmsPropertyConfig/><con:wsaConfig mustUnderstand="NONE" version="200508" action="http://fidus.brussels/services/realestateservice/findStreetsBySearchToken"/><con:wsrmConfig version="1.2"/></con:call><con:call id="df775e1c-147d-469a-ad10-a249688b1a52" name="4 - Staging - LB - Request"><con:settings><con:setting id="com.eviware.soapui.impl.wsdl.WsdlRequest@request-headers">&lt;xml-fragment/></con:setting></con:settings><con:encoding>UTF-8</con:encoding><con:endpoint>https://fidus-esb-sg.sta.srv.cirb.lan:8443/services/RealEstateService_v1.3</con:endpoint><con:request><![CDATA[<soapenv:Envelope xmlns:soapenv="http://schemas.xmlsoap.org/soap/envelope/" xmlns:v1="http://fidus.brussels/service/realestateservice/messages/v1" xmlns:v11="http://fidus.brussels/type/common/messages/v1">
   <soapenv:Header/>
   <soapenv:Body>
      <v1:findStreetsBySearchTokenRequest>
         <v1:messageContext>
            <v11:messageId>${=import static java.util.UUID.randomUUID; uuid = randomUUID() as String}</v11:messageId>
            <v11:timestamp>${=new java.text.SimpleDateFormat("yyyy-MM-dd'T'HH:mm:ss.SSS").format(new Date())}</v11:timestamp>
         </v1:messageContext>
         <v1:legalContext>ServiceIntegrator</v1:legalContext>
         <v1:request>
            <language>F</language>
            <searchToken>CUY</searchToken>
            <codeNisComId>21018</codeNisComId>
         </v1:request>
      </v1:findStreetsBySearchTokenRequest>
   </soapenv:Body>
</soapenv:Envelope>]]></con:request><con:credentials>
          <con:selectedAuthProfile>Basic</con:selectedAuthProfile>
          <con:addedBasicAuthenticationTypes>Basic</con:addedBasicAuthenticationTypes>
          <con:authType>Global HTTP Settings</con:authType>
        </con:credentials><con:jmsConfig JMSDeliveryMode="PERSISTENT"/><con:jmsPropertyConfig/><con:wsaConfig mustUnderstand="NONE" version="200508" action="http://fidus.brussels/services/realestateservice/findStreetsBySearchToken"/><con:wsrmConfig version="1.2"/></con:call><con:call id="73d6c46c-e065-4aa0-a50f-ed8c45664832" name="4 - Staging - Worker 1 - Request"><con:settings><con:setting id="com.eviware.soapui.impl.wsdl.WsdlRequest@request-headers">&lt;xml-fragment/></con:setting></con:settings><con:encoding>UTF-8</con:encoding><con:endpoint>https://192.168.24.16:8443/services/RealEstateService_v1.3</con:endpoint><con:request><![CDATA[<soapenv:Envelope xmlns:soapenv="http://schemas.xmlsoap.org/soap/envelope/" xmlns:v1="http://fidus.brussels/service/realestateservice/messages/v1" xmlns:v11="http://fidus.brussels/type/common/messages/v1">
   <soapenv:Header/>
   <soapenv:Body>
      <v1:findStreetsBySearchTokenRequest>
         <v1:messageContext>
            <v11:messageId>${=import static java.util.UUID.randomUUID; uuid = randomUUID() as String}</v11:messageId>
            <v11:timestamp>${=new java.text.SimpleDateFormat("yyyy-MM-dd'T'HH:mm:ss.SSS").format(new Date())}</v11:timestamp>
         </v1:messageContext>
         <v1:legalContext>ServiceIntegrator</v1:legalContext>
         <v1:request>
            <language>F</language>
            <searchToken>CUY</searchToken>
            <codeNisComId>21018</codeNisComId>
         </v1:request>
      </v1:findStreetsBySearchTokenRequest>
   </soapenv:Body>
</soapenv:Envelope>]]></con:request><con:credentials>
          <con:selectedAuthProfile>Basic</con:selectedAuthProfile>
          <con:addedBasicAuthenticationTypes>Basic</con:addedBasicAuthenticationTypes>
          <con:authType>Global HTTP Settings</con:authType>
        </con:credentials><con:jmsConfig JMSDeliveryMode="PERSISTENT"/><con:jmsPropertyConfig/><con:wsaConfig mustUnderstand="NONE" version="200508" action="http://fidus.brussels/services/realestateservice/findStreetsBySearchToken"/><con:wsrmConfig version="1.2"/></con:call><con:call id="b8dcf8e0-2838-447e-908c-73354b0859f3" name="4 - Staging - Worker 2 - Request" outgoingWss="Outflow STAGING" incomingWss="Inflow STAGING"><con:settings><con:setting id="com.eviware.soapui.impl.wsdl.WsdlRequest@request-headers">&lt;xml-fragment/></con:setting></con:settings><con:encoding>UTF-8</con:encoding><con:endpoint>https://192.168.24.17:8443/services/RealEstateService_v1.3</con:endpoint><con:request><![CDATA[<soapenv:Envelope xmlns:soapenv="http://schemas.xmlsoap.org/soap/envelope/" xmlns:v1="http://fidus.brussels/service/realestateservice/messages/v1" xmlns:v11="http://fidus.brussels/type/common/messages/v1">
   <soapenv:Header/>
   <soapenv:Body>
      <v1:findStreetsBySearchTokenRequest>
         <v1:messageContext>
            <v11:messageId>${=import static java.util.UUID.randomUUID; uuid = randomUUID() as String}</v11:messageId>
            <v11:timestamp>${=new java.text.SimpleDateFormat("yyyy-MM-dd'T'HH:mm:ss.SSS").format(new Date())}</v11:timestamp>
         </v1:messageContext>
         <v1:legalContext>ServiceIntegrator</v1:legalContext>
         <v1:request>
            <language>F</language>
            <searchToken>CUY</searchToken>
            <codeNisComId>21018</codeNisComId>
         </v1:request>
      </v1:findStreetsBySearchTokenRequest>
   </soapenv:Body>
</soapenv:Envelope>]]></con:request><con:credentials>
          <con:selectedAuthProfile>Basic</con:selectedAuthProfile>
          <con:addedBasicAuthenticationTypes>Basic</con:addedBasicAuthenticationTypes>
          <con:authType>Global HTTP Settings</con:authType>
        </con:credentials><con:jmsConfig JMSDeliveryMode="PERSISTENT"/><con:jmsPropertyConfig/><con:wsaConfig mustUnderstand="NONE" version="200508" action="http://fidus.brussels/services/realestateservice/findStreetsBySearchToken"/><con:wsrmConfig version="1.2"/></con:call></con:operation>
    <con:operation id="d9982d1f-950e-4f2c-a7df-bd24e297c3a8" isOneWay="false" action="http://fidus.brussels/services/realestateservice/getListForAddress" name="getListForAddress" bindingOperationName="getListForAddress" type="Request-Response" inputName="" receivesAttachments="false" sendsAttachments="false" anonymous="optional">
      <con:settings/>
      <con:call id="649b2a78-22a8-42be-90b0-07d3a86f54dd" name="1 - Local - Request" outgoingWss="Outflow DEV" incomingWss="Inflow DEV">
        <con:settings>
          <con:setting id="com.eviware.soapui.impl.wsdl.WsdlRequest@request-headers">&lt;xml-fragment/></con:setting>
        </con:settings>
        <con:encoding>UTF-8</con:encoding>
        <con:endpoint>https://localhost:8243/services/RealEstateService_v1.3</con:endpoint>
        <con:request><![CDATA[<soapenv:Envelope xmlns:soapenv="http://schemas.xmlsoap.org/soap/envelope/" xmlns:v1="http://fidus.brussels/service/realestateservice/messages/v1" xmlns:v11="http://fidus.brussels/type/common/messages/v1">
   <soapenv:Header/>
   <soapenv:Body>
      <v1:getListForAddressRequest>
         <v1:messageContext>
            <v11:messageId>${=import static java.util.UUID.randomUUID; uuid = randomUUID() as String}</v11:messageId>
            <v11:timestamp>${=new java.text.SimpleDateFormat("yyyy-MM-dd'T'HH:mm:ss.SSS").format(new Date())}</v11:timestamp>
         </v1:messageContext>
         <v1:legalContext>ServiceIntegrator</v1:legalContext>
         <v1:request>
        <codeNISCommunity>21018</codeNISCommunity>
            <codeNSRStreet>00680</codeNSRStreet>
            <language>F</language>
            <!--Optional:-->
            <number>1</number>
            <maxResult>10</maxResult>
            <active>true</active>
         </v1:request>
      </v1:getListForAddressRequest>
   </soapenv:Body>
</soapenv:Envelope>]]></con:request>
        <con:credentials>
          <con:selectedAuthProfile>Basic</con:selectedAuthProfile>
          <con:addedBasicAuthenticationTypes>Basic</con:addedBasicAuthenticationTypes>
          <con:authType>Global HTTP Settings</con:authType>
        </con:credentials>
        <con:jmsConfig JMSDeliveryMode="PERSISTENT"/>
        <con:jmsPropertyConfig/>
        <con:wsaConfig mustUnderstand="NONE" version="200508" action="http://fidus.brussels/services/realestateservice/getListForAddress"/>
        <con:wsrmConfig version="1.2"/>
      </con:call>
      <con:call id="603cbb74-f186-440b-8b79-276977d5b8d2" name="2 - Dev - Request" outgoingWss="Outflow DEV" incomingWss="Inflow DEV">
        <con:settings>
          <con:setting id="com.eviware.soapui.impl.wsdl.WsdlRequest@request-headers">&lt;xml-fragment/></con:setting>
        </con:settings>
        <con:encoding>UTF-8</con:encoding>
        <con:endpoint>https://192.168.36.61:8243/services/RealEstateService_v1.3</con:endpoint>
        <con:request><![CDATA[<soapenv:Envelope xmlns:soapenv="http://schemas.xmlsoap.org/soap/envelope/" xmlns:v1="http://fidus.brussels/service/realestateservice/messages/v1" xmlns:v11="http://fidus.brussels/type/common/messages/v1">
   <soapenv:Header/>
   <soapenv:Body>
      <v1:getListForAddressRequest>
         <v1:messageContext>
            <v11:messageId>${=import static java.util.UUID.randomUUID; uuid = randomUUID() as String}</v11:messageId>
            <v11:timestamp>${=new java.text.SimpleDateFormat("yyyy-MM-dd'T'HH:mm:ss.SSS").format(new Date())}</v11:timestamp>
         </v1:messageContext>
         <v1:legalContext>ServiceIntegrator</v1:legalContext>
         <v1:request>
        <codeNISCommunity>21018</codeNISCommunity>
            <codeNSRStreet>00680</codeNSRStreet>
            <language>F</language>
            <!--Optional:-->
            <number>1</number>
            <maxResult>10</maxResult>
            <active>true</active>
         </v1:request>
      </v1:getListForAddressRequest>
   </soapenv:Body>
</soapenv:Envelope>]]></con:request>
        <con:credentials>
          <con:selectedAuthProfile>Basic</con:selectedAuthProfile>
          <con:addedBasicAuthenticationTypes>Basic</con:addedBasicAuthenticationTypes>
          <con:authType>Global HTTP Settings</con:authType>
        </con:credentials>
        <con:jmsConfig JMSDeliveryMode="PERSISTENT"/>
        <con:jmsPropertyConfig/>
        <con:wsaConfig mustUnderstand="NONE" version="200508" action="http://fidus.brussels/services/realestateservice/getListForAddress"/>
        <con:wsrmConfig version="1.2"/>
      </con:call>
      <con:call id="cb32ecf1-b1d5-469c-8f8c-b93264f18709" name="3 - Test - External - Request" outgoingWss="Outflow TEST" incomingWss="Inflow TEST">
        <con:settings>
          <con:setting id="com.eviware.soapui.impl.wsdl.WsdlRequest@request-headers">&lt;xml-fragment/></con:setting>
        </con:settings>
        <con:encoding>UTF-8</con:encoding>
        <con:endpoint>https://fidus-test.irisnetlab.be/services/RealEstateService_v1.3</con:endpoint>
        <con:request><![CDATA[<soapenv:Envelope xmlns:soapenv="http://schemas.xmlsoap.org/soap/envelope/" xmlns:v1="http://fidus.brussels/service/realestateservice/messages/v1" xmlns:v11="http://fidus.brussels/type/common/messages/v1">
   <soapenv:Header/>
   <soapenv:Body>
      <v1:getListForAddressRequest>
         <v1:messageContext>
            <v11:messageId>${=import static java.util.UUID.randomUUID; uuid = randomUUID() as String}</v11:messageId>
            <v11:timestamp>${=new java.text.SimpleDateFormat("yyyy-MM-dd'T'HH:mm:ss.SSS").format(new Date())}</v11:timestamp>
         </v1:messageContext>
         <v1:legalContext>ServiceIntegrator</v1:legalContext>
         <v1:request>
            <codeNISCommunity>21018</codeNISCommunity>
            <codeNSRStreet>00680</codeNSRStreet>
            <language>F</language>
            <!--Optional:-->
            <number>1</number>
            <maxResult>10</maxResult>
            <active>true</active>
         </v1:request>
      </v1:getListForAddressRequest>
   </soapenv:Body>
</soapenv:Envelope>]]></con:request>
        <con:credentials>
          <con:selectedAuthProfile>Basic</con:selectedAuthProfile>
          <con:addedBasicAuthenticationTypes>Basic</con:addedBasicAuthenticationTypes>
          <con:authType>Global HTTP Settings</con:authType>
        </con:credentials>
        <con:jmsConfig JMSDeliveryMode="PERSISTENT"/>
        <con:jmsPropertyConfig/>
        <con:wsaConfig mustUnderstand="NONE" version="200508" action="http://fidus.brussels/services/realestateservice/getListForAddress"/>
        <con:wsrmConfig version="1.2"/>
      </con:call>
    <con:call id="04601c1f-693f-4d8c-943d-d558093a9622" name="4 - Staging - External - Request" outgoingWss="Outflow STAGING" incomingWss="Inflow STAGING"><con:settings><con:setting id="com.eviware.soapui.impl.wsdl.WsdlRequest@request-headers">&lt;xml-fragment/></con:setting></con:settings><con:encoding>UTF-8</con:encoding><con:endpoint>https://fidus.irisnetlab.be/services/RealEstateService_v1.3</con:endpoint><con:request><![CDATA[<soapenv:Envelope xmlns:soapenv="http://schemas.xmlsoap.org/soap/envelope/" xmlns:v1="http://fidus.brussels/service/realestateservice/messages/v1" xmlns:v11="http://fidus.brussels/type/common/messages/v1">
   <soapenv:Header/>
   <soapenv:Body>
      <v1:getListForAddressRequest>
         <v1:messageContext>
            <v11:messageId>${=import static java.util.UUID.randomUUID; uuid = randomUUID() as String}</v11:messageId>
            <v11:timestamp>${=new java.text.SimpleDateFormat("yyyy-MM-dd'T'HH:mm:ss.SSS").format(new Date())}</v11:timestamp>
         </v1:messageContext>
         <v1:legalContext>ServiceIntegrator</v1:legalContext>
         <v1:request>
        <codeNISCommunity>21018</codeNISCommunity>
            <codeNSRStreet>00680</codeNSRStreet>
            <language>F</language>
            <!--Optional:-->
            <number>1</number>
            <maxResult>10</maxResult>
            <active>true</active>
         </v1:request>
      </v1:getListForAddressRequest>
   </soapenv:Body>
</soapenv:Envelope>]]></con:request><con:credentials>
          <con:selectedAuthProfile>Basic</con:selectedAuthProfile>
          <con:addedBasicAuthenticationTypes>Basic</con:addedBasicAuthenticationTypes>
          <con:authType>Global HTTP Settings</con:authType>
        </con:credentials><con:jmsConfig JMSDeliveryMode="PERSISTENT"/><con:jmsPropertyConfig/><con:wsaConfig mustUnderstand="NONE" version="200508" action="http://fidus.brussels/services/realestateservice/getListForAddress"/><con:wsrmConfig version="1.2"/></con:call><con:call id="c614317d-d4ec-4076-90df-3efad1513026" name="5 - Production - External - Request" outgoingWss="Outflow PROD" incomingWss="Inflow PROD"><con:settings><con:setting id="com.eviware.soapui.impl.wsdl.WsdlRequest@request-headers">&lt;xml-fragment/></con:setting></con:settings><con:encoding>UTF-8</con:encoding><con:endpoint>https://fidus.sec.brussels/services/RealEstateService_v1.3</con:endpoint><con:request><![CDATA[<soapenv:Envelope xmlns:soapenv="http://schemas.xmlsoap.org/soap/envelope/" xmlns:v1="http://fidus.brussels/service/realestateservice/messages/v1" xmlns:v11="http://fidus.brussels/type/common/messages/v1">
   <soapenv:Header/>
   <soapenv:Body>
      <v1:getListForAddressRequest>
         <v1:messageContext>
            <v11:messageId>${=import static java.util.UUID.randomUUID; uuid = randomUUID() as String}</v11:messageId>
            <v11:timestamp>${=new java.text.SimpleDateFormat("yyyy-MM-dd'T'HH:mm:ss.SSS").format(new Date())}</v11:timestamp>
         </v1:messageContext>
         <v1:legalContext>ServiceIntegrator</v1:legalContext>
         <v1:request>
        <codeNISCommunity>21018</codeNISCommunity>
            <codeNSRStreet>00680</codeNSRStreet>
            <language>F</language>
            <!--Optional:-->
            <number>1</number>
            <maxResult>10</maxResult>
            <active>true</active>
         </v1:request>
      </v1:getListForAddressRequest>
   </soapenv:Body>
</soapenv:Envelope>]]></con:request><con:credentials>
          <con:selectedAuthProfile>Basic</con:selectedAuthProfile>
          <con:addedBasicAuthenticationTypes>Basic</con:addedBasicAuthenticationTypes>
          <con:authType>Global HTTP Settings</con:authType>
        </con:credentials><con:jmsConfig JMSDeliveryMode="PERSISTENT"/><con:jmsPropertyConfig/><con:wsaConfig mustUnderstand="NONE" version="200508" action="http://fidus.brussels/services/realestateservice/getListForAddress"/><con:wsrmConfig version="1.2"/></con:call><con:call id="0d412c99-699a-4b94-af71-e56a32a71121" name="4 - Staging - LB - Request" outgoingWss="Outflow STAGING" incomingWss="Inflow STAGING"><con:settings><con:setting id="com.eviware.soapui.impl.wsdl.WsdlRequest@request-headers">&lt;xml-fragment/></con:setting></con:settings><con:encoding>UTF-8</con:encoding><con:endpoint>https://fidus-esb-sg.sta.srv.cirb.lan:8443/services/RealEstateService_v1.3</con:endpoint><con:request><![CDATA[<soapenv:Envelope xmlns:soapenv="http://schemas.xmlsoap.org/soap/envelope/" xmlns:v1="http://fidus.brussels/service/realestateservice/messages/v1" xmlns:v11="http://fidus.brussels/type/common/messages/v1">
   <soapenv:Header/>
   <soapenv:Body>
      <v1:getListForAddressRequest>
         <v1:messageContext>
            <v11:messageId>${=import static java.util.UUID.randomUUID; uuid = randomUUID() as String}</v11:messageId>
            <v11:timestamp>${=new java.text.SimpleDateFormat("yyyy-MM-dd'T'HH:mm:ss.SSS").format(new Date())}</v11:timestamp>
         </v1:messageContext>
         <v1:legalContext>ServiceIntegrator</v1:legalContext>
         <v1:request>
        <codeNISCommunity>21018</codeNISCommunity>
            <codeNSRStreet>00680</codeNSRStreet>
            <language>F</language>
            <!--Optional:-->
            <number>1</number>
            <maxResult>10</maxResult>
            <active>true</active>
         </v1:request>
      </v1:getListForAddressRequest>
   </soapenv:Body>
</soapenv:Envelope>]]></con:request><con:credentials>
          <con:selectedAuthProfile>Basic</con:selectedAuthProfile>
          <con:addedBasicAuthenticationTypes>Basic</con:addedBasicAuthenticationTypes>
          <con:authType>Global HTTP Settings</con:authType>
        </con:credentials><con:jmsConfig JMSDeliveryMode="PERSISTENT"/><con:jmsPropertyConfig/><con:wsaConfig mustUnderstand="NONE" version="200508" action="http://fidus.brussels/services/realestateservice/getListForAddress"/><con:wsrmConfig version="1.2"/></con:call><con:call id="57cab0c8-2ec6-41d0-8287-9cd3855385e0" name="4 - Staging - Worker 1 - Request" outgoingWss="Outflow STAGING" incomingWss="Inflow STAGING"><con:settings><con:setting id="com.eviware.soapui.impl.wsdl.WsdlRequest@request-headers">&lt;xml-fragment/></con:setting></con:settings><con:encoding>UTF-8</con:encoding><con:endpoint>https://192.168.24.16:8443/services/RealEstateService_v1.3</con:endpoint><con:request><![CDATA[<soapenv:Envelope xmlns:soapenv="http://schemas.xmlsoap.org/soap/envelope/" xmlns:v1="http://fidus.brussels/service/realestateservice/messages/v1" xmlns:v11="http://fidus.brussels/type/common/messages/v1">
   <soapenv:Header/>
   <soapenv:Body>
      <v1:getListForAddressRequest>
         <v1:messageContext>
            <v11:messageId>${=import static java.util.UUID.randomUUID; uuid = randomUUID() as String}</v11:messageId>
            <v11:timestamp>${=new java.text.SimpleDateFormat("yyyy-MM-dd'T'HH:mm:ss.SSS").format(new Date())}</v11:timestamp>
         </v1:messageContext>
         <v1:legalContext>ServiceIntegrator</v1:legalContext>
         <v1:request>
        <codeNISCommunity>21018</codeNISCommunity>
            <codeNSRStreet>00680</codeNSRStreet>
            <language>F</language>
            <!--Optional:-->
            <number>1</number>
            <maxResult>10</maxResult>
            <active>true</active>
         </v1:request>
      </v1:getListForAddressRequest>
   </soapenv:Body>
</soapenv:Envelope>]]></con:request><con:credentials>
          <con:selectedAuthProfile>Basic</con:selectedAuthProfile>
          <con:addedBasicAuthenticationTypes>Basic</con:addedBasicAuthenticationTypes>
          <con:authType>Global HTTP Settings</con:authType>
        </con:credentials><con:jmsConfig JMSDeliveryMode="PERSISTENT"/><con:jmsPropertyConfig/><con:wsaConfig mustUnderstand="NONE" version="200508" action="http://fidus.brussels/services/realestateservice/getListForAddress"/><con:wsrmConfig version="1.2"/></con:call><con:call id="b5bd157c-11d9-4068-b9c9-6ca777b6c484" name="4 - Staging - Worker 2 - Request" outgoingWss="Outflow STAGING" incomingWss="Inflow STAGING"><con:settings><con:setting id="com.eviware.soapui.impl.wsdl.WsdlRequest@request-headers">&lt;xml-fragment/></con:setting></con:settings><con:encoding>UTF-8</con:encoding><con:endpoint>https://192.168.24.17:8443/services/RealEstateService_v1.3</con:endpoint><con:request><![CDATA[<soapenv:Envelope xmlns:soapenv="http://schemas.xmlsoap.org/soap/envelope/" xmlns:v1="http://fidus.brussels/service/realestateservice/messages/v1" xmlns:v11="http://fidus.brussels/type/common/messages/v1">
   <soapenv:Header/>
   <soapenv:Body>
      <v1:getListForAddressRequest>
         <v1:messageContext>
            <v11:messageId>${=import static java.util.UUID.randomUUID; uuid = randomUUID() as String}</v11:messageId>
            <v11:timestamp>${=new java.text.SimpleDateFormat("yyyy-MM-dd'T'HH:mm:ss.SSS").format(new Date())}</v11:timestamp>
         </v1:messageContext>
         <v1:legalContext>ServiceIntegrator</v1:legalContext>
         <v1:request>
        <codeNISCommunity>21018</codeNISCommunity>
            <codeNSRStreet>00680</codeNSRStreet>
            <language>F</language>
            <!--Optional:-->
            <number>1</number>
            <maxResult>10</maxResult>
            <active>true</active>
         </v1:request>
      </v1:getListForAddressRequest>
   </soapenv:Body>
</soapenv:Envelope>]]></con:request><con:credentials>
          <con:selectedAuthProfile>Basic</con:selectedAuthProfile>
          <con:addedBasicAuthenticationTypes>Basic</con:addedBasicAuthenticationTypes>
          <con:authType>Global HTTP Settings</con:authType>
        </con:credentials><con:jmsConfig JMSDeliveryMode="PERSISTENT"/><con:jmsPropertyConfig/><con:wsaConfig mustUnderstand="NONE" version="200508" action="http://fidus.brussels/services/realestateservice/getListForAddress"/><con:wsrmConfig version="1.2"/></con:call></con:operation>
    <con:operation id="6fc0c21a-f519-41d0-8d8c-dac39f750bb9" isOneWay="false" action="http://fidus.brussels/services/realestateservice/findPropertyByParcelId" name="findPropertyByParcelId" bindingOperationName="findPropertyByParcelId" type="Request-Response" inputName="" receivesAttachments="false" sendsAttachments="false" anonymous="optional">
      <con:settings/>
      <con:call id="285d9cdf-0dd2-411d-9d96-79c0bd02da97" name="1 - Local - Request" outgoingWss="Outflow DEV" incomingWss="Inflow DEV">
        <con:settings>
          <con:setting id="com.eviware.soapui.impl.wsdl.WsdlRequest@request-headers">&lt;xml-fragment/></con:setting>
        </con:settings>
        <con:encoding>UTF-8</con:encoding>
        <con:endpoint>https://localhost:8243/services/RealEstateService_v1.3</con:endpoint>
        <con:request><![CDATA[<soapenv:Envelope xmlns:soapenv="http://schemas.xmlsoap.org/soap/envelope/" xmlns:v1="http://fidus.brussels/service/realestateservice/messages/v1" xmlns:v11="http://fidus.brussels/type/common/messages/v1">
   <soapenv:Header/>
   <soapenv:Body>
      <v1:findPropertyByParcelIdRequest>
         <v1:messageContext>
            <v11:messageId>${=import static java.util.UUID.randomUUID; uuid = randomUUID() as String}</v11:messageId>
            <v11:timestamp>${=new java.text.SimpleDateFormat("yyyy-MM-dd'T'HH:mm:ss.SSS").format(new Date())}</v11:timestamp>
         </v1:messageContext>
         <v1:legalContext>ServiceIntegrator</v1:legalContext>
         <v1:request>
            <language>F</language>
            <history>false</history>
            <!--Optional:-->
            <showAddress>false</showAddress>
            <maxResult>10</maxResult>
            <cadastralDivision>31016</cadastralDivision>
            <section>B</section>
            <primaryNumber>148</primaryNumber>
            <!--Optional:-->
            <exponentNumber>5</exponentNumber>
            <!--Optional:-->
            <exponentLetter>B</exponentLetter>
            <partNumber>P0000</partNumber>
         </v1:request>
      </v1:findPropertyByParcelIdRequest>
   </soapenv:Body>
</soapenv:Envelope>]]></con:request>
        <con:credentials>
          <con:selectedAuthProfile>Basic</con:selectedAuthProfile>
          <con:addedBasicAuthenticationTypes>Basic</con:addedBasicAuthenticationTypes>
          <con:authType>Global HTTP Settings</con:authType>
        </con:credentials>
        <con:jmsConfig JMSDeliveryMode="PERSISTENT"/>
        <con:jmsPropertyConfig/>
        <con:wsaConfig mustUnderstand="NONE" version="200508" action="http://fidus.brussels/services/realestateservice/findPropertyByParcelId"/>
        <con:wsrmConfig version="1.2"/>
      </con:call>
      <con:call id="ec340fa2-83bb-4fb4-b72b-710ac8501cf5" name="2 - Dev - Request" outgoingWss="Outflow DEV" incomingWss="Inflow DEV">
        <con:settings>
          <con:setting id="com.eviware.soapui.impl.wsdl.WsdlRequest@request-headers">&lt;xml-fragment/></con:setting>
        </con:settings>
        <con:encoding>UTF-8</con:encoding>
        <con:endpoint>https://192.168.36.61:8243/services/RealEstateService_v1.3</con:endpoint>
        <con:request><![CDATA[<soapenv:Envelope xmlns:soapenv="http://schemas.xmlsoap.org/soap/envelope/" xmlns:v1="http://fidus.brussels/service/realestateservice/messages/v1" xmlns:v11="http://fidus.brussels/type/common/messages/v1">
   <soapenv:Header/>
   <soapenv:Body>
      <v1:findPropertyByParcelIdRequest>
         <v1:messageContext>
            <v11:messageId>${=import static java.util.UUID.randomUUID; uuid = randomUUID() as String}</v11:messageId>
            <v11:timestamp>${=new java.text.SimpleDateFormat("yyyy-MM-dd'T'HH:mm:ss.SSS").format(new Date())}</v11:timestamp>
         </v1:messageContext>
         <v1:legalContext>ServiceIntegrator</v1:legalContext>
         <v1:request>
            <language>F</language>
            <history>false</history>
            <!--Optional:-->
            <showAddress>false</showAddress>
            <maxResult>10</maxResult>
            <cadastralDivision>31016</cadastralDivision>
            <section>B</section>
            <primaryNumber>148</primaryNumber>
            <!--Optional:-->
            <exponentNumber>5</exponentNumber>
            <!--Optional:-->
            <exponentLetter>B</exponentLetter>
            <partNumber>P0000</partNumber>
         </v1:request>
      </v1:findPropertyByParcelIdRequest>
   </soapenv:Body>
</soapenv:Envelope>]]></con:request>
        <con:credentials>
          <con:selectedAuthProfile>Basic</con:selectedAuthProfile>
          <con:addedBasicAuthenticationTypes>Basic</con:addedBasicAuthenticationTypes>
          <con:authType>Global HTTP Settings</con:authType>
        </con:credentials>
        <con:jmsConfig JMSDeliveryMode="PERSISTENT"/>
        <con:jmsPropertyConfig/>
        <con:wsaConfig mustUnderstand="NONE" version="200508" action="http://fidus.brussels/services/realestateservice/findPropertyByParcelId"/>
        <con:wsrmConfig version="1.2"/>
      </con:call>
      <con:call id="b494ab6c-3334-4692-9f04-06979ebb238c" name="3 - Test - External - Request" outgoingWss="Outflow TEST" incomingWss="Inflow TEST">
        <con:settings>
          <con:setting id="com.eviware.soapui.impl.wsdl.WsdlRequest@request-headers">&lt;xml-fragment/></con:setting>
        </con:settings>
        <con:encoding>UTF-8</con:encoding>
        <con:endpoint>https://fidus-test.irisnetlab.be/services/RealEstateService_v1.3</con:endpoint>
        <con:request><![CDATA[<soapenv:Envelope xmlns:soapenv="http://schemas.xmlsoap.org/soap/envelope/" xmlns:v1="http://fidus.brussels/service/realestateservice/messages/v1" xmlns:v11="http://fidus.brussels/type/common/messages/v1" xmlns:ns="http://www.minfin.fgov.be/schemas/esb/security/1">
   <soapenv:Header/>
   <soapenv:Body>
      <v1:findPropertyByParcelIdRequest>
         <v1:messageContext>
            <v11:messageId>${=import static java.util.UUID.randomUUID; uuid = randomUUID() as String}</v11:messageId>
            <v11:timestamp>${=new java.text.SimpleDateFormat("yyyy-MM-dd'T'HH:mm:ss.SSS").format(new Date())}</v11:timestamp>
         </v1:messageContext>
         <!--
         <ns:OperationMetaData>        
         <ns:CorrelationId>${=import static java.util.UUID.randomUUID; uuid = randomUUID() as String}</ns:CorrelationId>        
         <ns:ClientId>${=import static java.util.UUID.randomUUID; uuid = randomUUID() as String}</ns:ClientId>         
         <ns:RequestId>${=import static java.util.UUID.randomUUID; uuid = randomUUID() as String}</ns:RequestId>         
         <ns:Purpose>AF012017</ns:Purpose>         
      	</ns:OperationMetaData>
      -->
      <v1:legalContext>ServiceIntegrator</v1:legalContext>
         <v1:request>
            <language>n</language>
            <history>false</history>
            <!--Optional:-->
            <showAddress>false</showAddress>
            <maxResult>10</maxResult>
            <cadastralDivision>31016</cadastralDivision>
            <section>B</section>
            <primaryNumber>148</primaryNumber>
            <!--Optional:-->
            <exponentNumber>5</exponentNumber>
            <!--Optional:-->
            <exponentLetter>B</exponentLetter>
            <partNumber>P0000</partNumber>
         </v1:request>
      </v1:findPropertyByParcelIdRequest>
   </soapenv:Body>
</soapenv:Envelope>]]></con:request>
        <con:credentials>
          <con:selectedAuthProfile>Basic</con:selectedAuthProfile>
          <con:addedBasicAuthenticationTypes>Basic</con:addedBasicAuthenticationTypes>
          <con:authType>Global HTTP Settings</con:authType>
        </con:credentials>
        <con:jmsConfig JMSDeliveryMode="PERSISTENT"/>
        <con:jmsPropertyConfig/>
        <con:wsaConfig mustUnderstand="NONE" version="200508" action="http://fidus.brussels/services/realestateservice/findPropertyByParcelId"/>
        <con:wsrmConfig version="1.2"/>
      </con:call>
    <con:call id="889b33cf-27ec-4b36-8dc5-0a734372942c" name="4 - Staging - External - Request" outgoingWss="Outflow STAGING" incomingWss="Inflow STAGING"><con:settings><con:setting id="com.eviware.soapui.impl.wsdl.WsdlRequest@request-headers">&lt;xml-fragment/></con:setting></con:settings><con:encoding>UTF-8</con:encoding><con:endpoint>https://fidus.irisnetlab.be/services/RealEstateService_v1.3</con:endpoint><con:request><![CDATA[<soapenv:Envelope xmlns:soapenv="http://schemas.xmlsoap.org/soap/envelope/" xmlns:v1="http://fidus.brussels/service/realestateservice/messages/v1" xmlns:v11="http://fidus.brussels/type/common/messages/v1" xmlns:ns="http://www.minfin.fgov.be/schemas/esb/security/1">
   <soapenv:Header/>
   <soapenv:Body>
      <v1:findPropertyByParcelIdRequest>
         <v1:messageContext>
            <v11:messageId>${=import static java.util.UUID.randomUUID; uuid = randomUUID() as String}</v11:messageId>
            <v11:timestamp>${=new java.text.SimpleDateFormat("yyyy-MM-dd'T'HH:mm:ss.SSS").format(new Date())}</v11:timestamp>
         </v1:messageContext>
         <v1:legalContext>ServiceIntegrator</v1:legalContext>
         <v1:request>
            <language>n</language>
            <history>false</history>
            <!--Optional:-->
            <showAddress>false</showAddress>
            <maxResult>10</maxResult>
            <cadastralDivision>31016</cadastralDivision>
            <section>B</section>
            <primaryNumber>148</primaryNumber>
            <!--Optional:-->
            <exponentNumber>5</exponentNumber>
            <!--Optional:-->
            <exponentLetter>B</exponentLetter>
            <partNumber>P0000</partNumber>
         </v1:request>
      </v1:findPropertyByParcelIdRequest>
   </soapenv:Body>
</soapenv:Envelope>]]></con:request><con:credentials>
          <con:selectedAuthProfile>Basic</con:selectedAuthProfile>
          <con:addedBasicAuthenticationTypes>Basic</con:addedBasicAuthenticationTypes>
          <con:authType>Global HTTP Settings</con:authType>
        </con:credentials><con:jmsConfig JMSDeliveryMode="PERSISTENT"/><con:jmsPropertyConfig/><con:wsaConfig mustUnderstand="NONE" version="200508" action="http://fidus.brussels/services/realestateservice/findPropertyByParcelId"/><con:wsrmConfig version="1.2"/></con:call><con:call id="e643d545-9ca4-4a1f-8464-63e6cbd6f478" name="4 - Staging - LB - Request" outgoingWss="Outflow STAGING" incomingWss="Inflow STAGING"><con:settings><con:setting id="com.eviware.soapui.impl.wsdl.WsdlRequest@request-headers">&lt;xml-fragment/></con:setting></con:settings><con:encoding>UTF-8</con:encoding><con:endpoint>https://fidus-esb-sg.sta.srv.cirb.lan:8443/services/RealEstateService_v1.3</con:endpoint><con:request><![CDATA[<soapenv:Envelope xmlns:soapenv="http://schemas.xmlsoap.org/soap/envelope/" xmlns:v1="http://fidus.brussels/service/realestateservice/messages/v1" xmlns:v11="http://fidus.brussels/type/common/messages/v1" xmlns:ns="http://www.minfin.fgov.be/schemas/esb/security/1">
   <soapenv:Header/>
   <soapenv:Body>
      <v1:findPropertyByParcelIdRequest>
         <v1:messageContext>
            <v11:messageId>${=import static java.util.UUID.randomUUID; uuid = randomUUID() as String}</v11:messageId>
            <v11:timestamp>${=new java.text.SimpleDateFormat("yyyy-MM-dd'T'HH:mm:ss.SSS").format(new Date())}</v11:timestamp>
         </v1:messageContext>
         <v1:legalContext>ServiceIntegrator</v1:legalContext>
         <v1:request>
            <language>n</language>
            <history>false</history>
            <!--Optional:-->
            <showAddress>false</showAddress>
            <maxResult>10</maxResult>
            <cadastralDivision>31016</cadastralDivision>
            <section>B</section>
            <primaryNumber>148</primaryNumber>
            <!--Optional:-->
            <exponentNumber>5</exponentNumber>
            <!--Optional:-->
            <exponentLetter>B</exponentLetter>
            <partNumber>P0000</partNumber>
         </v1:request>
      </v1:findPropertyByParcelIdRequest>
   </soapenv:Body>
</soapenv:Envelope>]]></con:request><con:credentials>
          <con:selectedAuthProfile>Basic</con:selectedAuthProfile>
          <con:addedBasicAuthenticationTypes>Basic</con:addedBasicAuthenticationTypes>
          <con:authType>Global HTTP Settings</con:authType>
        </con:credentials><con:jmsConfig JMSDeliveryMode="PERSISTENT"/><con:jmsPropertyConfig/><con:wsaConfig mustUnderstand="NONE" version="200508" action="http://fidus.brussels/services/realestateservice/findPropertyByParcelId"/><con:wsrmConfig version="1.2"/></con:call><con:call id="811a03ed-f8d7-48e6-8cfc-c28a08958fee" name="4 - Staging - Worker 1 - Request" outgoingWss="Outflow STAGING" incomingWss="Inflow STAGING"><con:settings><con:setting id="com.eviware.soapui.impl.wsdl.WsdlRequest@request-headers">&lt;xml-fragment/></con:setting></con:settings><con:encoding>UTF-8</con:encoding><con:endpoint>https://192.168.24.16:8443/services/RealEstateService_v1.3</con:endpoint><con:request><![CDATA[<soapenv:Envelope xmlns:soapenv="http://schemas.xmlsoap.org/soap/envelope/" xmlns:v1="http://fidus.brussels/service/realestateservice/messages/v1" xmlns:v11="http://fidus.brussels/type/common/messages/v1" xmlns:ns="http://www.minfin.fgov.be/schemas/esb/security/1">
   <soapenv:Header/>
   <soapenv:Body>
      <v1:findPropertyByParcelIdRequest>
         <v1:messageContext>
            <v11:messageId>${=import static java.util.UUID.randomUUID; uuid = randomUUID() as String}</v11:messageId>
            <v11:timestamp>${=new java.text.SimpleDateFormat("yyyy-MM-dd'T'HH:mm:ss.SSS").format(new Date())}</v11:timestamp>
         </v1:messageContext>
         <v1:legalContext>ServiceIntegrator</v1:legalContext>
         <v1:request>
            <language>n</language>
            <history>false</history>
            <!--Optional:-->
            <showAddress>false</showAddress>
            <maxResult>10</maxResult>
            <cadastralDivision>31016</cadastralDivision>
            <section>B</section>
            <primaryNumber>148</primaryNumber>
            <!--Optional:-->
            <exponentNumber>5</exponentNumber>
            <!--Optional:-->
            <exponentLetter>B</exponentLetter>
            <partNumber>P0000</partNumber>
         </v1:request>
      </v1:findPropertyByParcelIdRequest>
   </soapenv:Body>
</soapenv:Envelope>]]></con:request><con:credentials>
          <con:selectedAuthProfile>Basic</con:selectedAuthProfile>
          <con:addedBasicAuthenticationTypes>Basic</con:addedBasicAuthenticationTypes>
          <con:authType>Global HTTP Settings</con:authType>
        </con:credentials><con:jmsConfig JMSDeliveryMode="PERSISTENT"/><con:jmsPropertyConfig/><con:wsaConfig mustUnderstand="NONE" version="200508" action="http://fidus.brussels/services/realestateservice/findPropertyByParcelId"/><con:wsrmConfig version="1.2"/></con:call><con:call id="b4de1065-cc1c-4eb1-a972-c89ad9e4161e" name="4 - Staging - Worker 2 - Request"><con:settings><con:setting id="com.eviware.soapui.impl.wsdl.WsdlRequest@request-headers">&lt;xml-fragment/></con:setting></con:settings><con:encoding>UTF-8</con:encoding><con:endpoint>https://192.168.24.17:8443/services/RealEstateService_v1.3</con:endpoint><con:request><![CDATA[<soapenv:Envelope xmlns:soapenv="http://schemas.xmlsoap.org/soap/envelope/" xmlns:v1="http://fidus.brussels/service/realestateservice/messages/v1" xmlns:v11="http://fidus.brussels/type/common/messages/v1" xmlns:ns="http://www.minfin.fgov.be/schemas/esb/security/1">
   <soapenv:Header/>
   <soapenv:Body>
      <v1:findPropertyByParcelIdRequest>
         <v1:messageContext>
            <v11:messageId>${=import static java.util.UUID.randomUUID; uuid = randomUUID() as String}</v11:messageId>
            <v11:timestamp>${=new java.text.SimpleDateFormat("yyyy-MM-dd'T'HH:mm:ss.SSS").format(new Date())}</v11:timestamp>
         </v1:messageContext>
         <v1:legalContext>ServiceIntegrator</v1:legalContext>
         <v1:request>
            <language>n</language>
            <history>false</history>
            <!--Optional:-->
            <showAddress>false</showAddress>
            <maxResult>10</maxResult>
            <cadastralDivision>31016</cadastralDivision>
            <section>B</section>
            <primaryNumber>148</primaryNumber>
            <!--Optional:-->
            <exponentNumber>5</exponentNumber>
            <!--Optional:-->
            <exponentLetter>B</exponentLetter>
            <partNumber>P0000</partNumber>
         </v1:request>
      </v1:findPropertyByParcelIdRequest>
   </soapenv:Body>
</soapenv:Envelope>]]></con:request><con:credentials>
          <con:selectedAuthProfile>Basic</con:selectedAuthProfile>
          <con:addedBasicAuthenticationTypes>Basic</con:addedBasicAuthenticationTypes>
          <con:authType>Global HTTP Settings</con:authType>
        </con:credentials><con:jmsConfig JMSDeliveryMode="PERSISTENT"/><con:jmsPropertyConfig/><con:wsaConfig mustUnderstand="NONE" version="200508" action="http://fidus.brussels/services/realestateservice/findPropertyByParcelId"/><con:wsrmConfig version="1.2"/></con:call><con:call id="3cfc979b-b268-4121-b316-bb7f342a0458" name="5 - Production - External - Request" outgoingWss="Outflow PROD" incomingWss="Inflow PROD"><con:settings><con:setting id="com.eviware.soapui.impl.wsdl.WsdlRequest@request-headers">&lt;xml-fragment/></con:setting></con:settings><con:encoding>UTF-8</con:encoding><con:endpoint>https://fidus.sec.brussels/services/RealEstateService_v1.3</con:endpoint><con:request><![CDATA[<soapenv:Envelope xmlns:soapenv="http://schemas.xmlsoap.org/soap/envelope/" xmlns:v1="http://fidus.brussels/service/realestateservice/messages/v1" xmlns:v11="http://fidus.brussels/type/common/messages/v1" xmlns:ns="http://www.minfin.fgov.be/schemas/esb/security/1">
   <soapenv:Header/>
   <soapenv:Body>
      <v1:findPropertyByParcelIdRequest>
         <v1:messageContext>
            <v11:messageId>${=import static java.util.UUID.randomUUID; uuid = randomUUID() as String}</v11:messageId>
            <v11:timestamp>${=new java.text.SimpleDateFormat("yyyy-MM-dd'T'HH:mm:ss.SSS").format(new Date())}</v11:timestamp>
         </v1:messageContext>
         <v1:legalContext>ServiceIntegrator</v1:legalContext>
         <v1:request>
            <language>n</language>
            <history>false</history>
            <!--Optional:-->
            <showAddress>false</showAddress>
            <maxResult>10</maxResult>
            <cadastralDivision>31016</cadastralDivision>
            <section>B</section>
            <primaryNumber>148</primaryNumber>
            <!--Optional:-->
            <exponentNumber>5</exponentNumber>
            <!--Optional:-->
            <exponentLetter>B</exponentLetter>
            <partNumber>P0000</partNumber>
         </v1:request>
      </v1:findPropertyByParcelIdRequest>
   </soapenv:Body>
</soapenv:Envelope>]]></con:request><con:credentials>
          <con:selectedAuthProfile>Basic</con:selectedAuthProfile>
          <con:addedBasicAuthenticationTypes>Basic</con:addedBasicAuthenticationTypes>
          <con:authType>Global HTTP Settings</con:authType>
        </con:credentials><con:jmsConfig JMSDeliveryMode="PERSISTENT"/><con:jmsPropertyConfig/><con:wsaConfig mustUnderstand="NONE" version="200508" action="http://fidus.brussels/services/realestateservice/findPropertyByParcelId"/><con:wsrmConfig version="1.2"/></con:call></con:operation>
  <con:operation id="d8722ebf-f602-4ceb-819b-a4f194360568" isOneWay="false" action="http://fidus.brussels/services/realestateservice/getPropertyByNRN" name="getPropertyByNRN" bindingOperationName="getPropertyByNRN" type="Request-Response" inputName="" receivesAttachments="false" sendsAttachments="false" anonymous="optional"><con:settings/><con:call id="d60218b5-c79e-4d40-9814-b0985cb2b79b" name="1 - Local - Request" outgoingWss="Outflow DEV" incomingWss="Inflow DEV"><con:settings><con:setting id="com.eviware.soapui.impl.wsdl.WsdlRequest@request-headers">&lt;xml-fragment/></con:setting></con:settings><con:encoding>UTF-8</con:encoding><con:endpoint>https://localhost:8243/services/RealEstateService_v1.3</con:endpoint><con:request><![CDATA[<soapenv:Envelope xmlns:soapenv="http://schemas.xmlsoap.org/soap/envelope/" xmlns:v1="http://fidus.brussels/service/realestateservice/messages/v1" xmlns:v11="http://fidus.brussels/type/common/messages/v1">
   <soapenv:Header/>
   <soapenv:Body>
      <v1:getPropertyByNRNRequest>
         <v1:messageContext>
            <v11:messageId>${=import static java.util.UUID.randomUUID; uuid = randomUUID() as String}</v11:messageId>
            <v11:timestamp>${=new java.text.SimpleDateFormat("yyyy-MM-dd'T'HH:mm:ss.SSS").format(new Date())}</v11:timestamp>
         </v1:messageContext>
         <v1:legalContext>ServiceIntegrator</v1:legalContext>
         <v1:request>
            <language>F</language>
            <coOwners>true</coOwners>
            <history>false</history>
            <nrn>32061501852</nrn>
         </v1:request>
      </v1:getPropertyByNRNRequest>
   </soapenv:Body>
</soapenv:Envelope>]]></con:request><con:credentials><con:selectedAuthProfile>Basic</con:selectedAuthProfile><con:addedBasicAuthenticationTypes>Basic</con:addedBasicAuthenticationTypes><con:authType>Global HTTP Settings</con:authType></con:credentials><con:jmsConfig JMSDeliveryMode="PERSISTENT"/><con:jmsPropertyConfig/><con:wsaConfig mustUnderstand="NONE" version="200508" action="http://fidus.brussels/services/realestateservice/getPropertyByNRN"/><con:wsrmConfig version="1.2"/></con:call><con:call id="ac18941d-6ddb-4dc9-9ecd-0f964fded917" name="2 - Dev - Request" outgoingWss="Outflow DEV" incomingWss="Inflow DEV"><con:settings><con:setting id="com.eviware.soapui.impl.wsdl.WsdlRequest@request-headers">&lt;xml-fragment/></con:setting></con:settings><con:encoding>UTF-8</con:encoding><con:endpoint>https://192.168.36.61:8243/services/RealEstateService_v1.3</con:endpoint><con:request><![CDATA[<soapenv:Envelope xmlns:soapenv="http://schemas.xmlsoap.org/soap/envelope/" xmlns:v1="http://fidus.brussels/service/realestateservice/messages/v1" xmlns:v11="http://fidus.brussels/type/common/messages/v1">
   <soapenv:Header/>
   <soapenv:Body>
      <v1:getPropertyByNRNRequest>
         <v1:messageContext>
            <v11:messageId>${=import static java.util.UUID.randomUUID; uuid = randomUUID() as String}</v11:messageId>
            <v11:timestamp>${=new java.text.SimpleDateFormat("yyyy-MM-dd'T'HH:mm:ss.SSS").format(new Date())}</v11:timestamp>
         </v1:messageContext>
         <v1:legalContext>ServiceIntegrator</v1:legalContext>
         <v1:request>
            <language>F</language>
            <coOwners>true</coOwners>
            <history>false</history>
            <nrn>32061501852</nrn>
         </v1:request>
      </v1:getPropertyByNRNRequest>
   </soapenv:Body>
</soapenv:Envelope>]]></con:request><con:credentials><con:selectedAuthProfile>Basic</con:selectedAuthProfile><con:addedBasicAuthenticationTypes>Basic</con:addedBasicAuthenticationTypes><con:authType>Global HTTP Settings</con:authType></con:credentials><con:jmsConfig JMSDeliveryMode="PERSISTENT"/><con:jmsPropertyConfig/><con:wsaConfig mustUnderstand="NONE" version="200508" action="http://fidus.brussels/services/realestateservice/getPropertyByNRN"/><con:wsrmConfig version="1.2"/></con:call><con:call id="93664e83-362c-4747-8a27-e18654dbc117" name="3 - Test - External - Request" outgoingWss="Outflow TEST" incomingWss="Inflow TEST"><con:settings><con:setting id="com.eviware.soapui.impl.wsdl.WsdlRequest@request-headers">&lt;xml-fragment/></con:setting></con:settings><con:encoding>UTF-8</con:encoding><con:endpoint>https://fidus-test.irisnetlab.be/services/RealEstateService_v1.3</con:endpoint><con:request><![CDATA[<soapenv:Envelope xmlns:soapenv="http://schemas.xmlsoap.org/soap/envelope/" xmlns:v1="http://fidus.brussels/service/realestateservice/messages/v1" xmlns:v11="http://fidus.brussels/type/common/messages/v1">
   <soapenv:Header/>
   <soapenv:Body>
      <v1:getPropertyByNRNRequest>
         <v1:messageContext>
            <v11:messageId>${=import static java.util.UUID.randomUUID; uuid = randomUUID() as String}</v11:messageId>
            <v11:timestamp>${=new java.text.SimpleDateFormat("yyyy-MM-dd'T'HH:mm:ss.SSS").format(new Date())}</v11:timestamp>
         </v1:messageContext>
         <v1:legalContext>ServiceIntegrator</v1:legalContext>
         <v1:request>
            <language>F</language>
            <coOwners>true</coOwners>
            <showAddress>false</showAddress>
            <cadastralDivision>11051</cadastralDivision>
            <history>true</history>
            <nrn>85091933966</nrn>
         </v1:request>
      </v1:getPropertyByNRNRequest>
   </soapenv:Body>
</soapenv:Envelope>]]></con:request><con:credentials><con:selectedAuthProfile>Basic</con:selectedAuthProfile><con:addedBasicAuthenticationTypes>Basic</con:addedBasicAuthenticationTypes><con:authType>Global HTTP Settings</con:authType></con:credentials><con:jmsConfig JMSDeliveryMode="PERSISTENT"/><con:jmsPropertyConfig/><con:wsaConfig mustUnderstand="NONE" version="200508" action="http://fidus.brussels/services/realestateservice/getPropertyByNRN"/><con:wsrmConfig version="1.2"/></con:call><con:call id="8d55f05c-8438-4ba4-8471-25bc81499937" name="3 - Test - LB - Request" outgoingWss="Outflow TEST" incomingWss="Inflow TEST"><con:settings><con:setting id="com.eviware.soapui.impl.wsdl.WsdlRequest@request-headers">&lt;xml-fragment/></con:setting></con:settings><con:encoding>UTF-8</con:encoding><con:endpoint>https://esb-security-gw.sta.srv.cirb.lan:8443/services/RealEstateService_v1.3</con:endpoint><con:request><![CDATA[<soapenv:Envelope xmlns:soapenv="http://schemas.xmlsoap.org/soap/envelope/" xmlns:v1="http://fidus.brussels/service/realestateservice/messages/v1" xmlns:v11="http://fidus.brussels/type/common/messages/v1">
   <soapenv:Header/>
   <soapenv:Body>
      <v1:getPropertyByNRNRequest>
         <v1:messageContext>
            <v11:messageId>${=import static java.util.UUID.randomUUID; uuid = randomUUID() as String}</v11:messageId>
            <v11:timestamp>${=new java.text.SimpleDateFormat("yyyy-MM-dd'T'HH:mm:ss.SSS").format(new Date())}</v11:timestamp>
         </v1:messageContext>
         <v1:legalContext>ServiceIntegrator</v1:legalContext>
         <v1:request>
            <language>F</language>
            <coOwners>true</coOwners>
            <showAddress>false</showAddress>
            <cadastralDivision>11051</cadastralDivision>
            <history>true</history>
            <nrn>85091933966</nrn>
         </v1:request>
      </v1:getPropertyByNRNRequest>
   </soapenv:Body>
</soapenv:Envelope>]]></con:request><con:credentials><con:selectedAuthProfile>Basic</con:selectedAuthProfile><con:addedBasicAuthenticationTypes>Basic</con:addedBasicAuthenticationTypes><con:authType>Global HTTP Settings</con:authType></con:credentials><con:jmsConfig JMSDeliveryMode="PERSISTENT"/><con:jmsPropertyConfig/><con:wsaConfig mustUnderstand="NONE" version="200508" action="http://fidus.brussels/services/realestateservice/getPropertyByNRN"/><con:wsrmConfig version="1.2"/></con:call><con:call id="32b4e1c7-973c-409e-b64e-7d792d610521" name="3 - Test - Worker 1 - Request" outgoingWss="Outflow TEST" incomingWss="Inflow TEST"><con:settings><con:setting id="com.eviware.soapui.impl.wsdl.WsdlRequest@request-headers">&lt;xml-fragment/></con:setting></con:settings><con:encoding>UTF-8</con:encoding><con:endpoint>https://192.168.22.53:8443/services/RealEstateService_v1.3</con:endpoint><con:request><![CDATA[<soapenv:Envelope xmlns:soapenv="http://schemas.xmlsoap.org/soap/envelope/" xmlns:v1="http://fidus.brussels/service/realestateservice/messages/v1" xmlns:v11="http://fidus.brussels/type/common/messages/v1">
   <soapenv:Header/>
   <soapenv:Body>
      <v1:getPropertyByNRNRequest>
         <v1:messageContext>
            <v11:messageId>${=import static java.util.UUID.randomUUID; uuid = randomUUID() as String}</v11:messageId>
            <v11:timestamp>${=new java.text.SimpleDateFormat("yyyy-MM-dd'T'HH:mm:ss.SSS").format(new Date())}</v11:timestamp>
         </v1:messageContext>
         <v1:legalContext>ServiceIntegrator</v1:legalContext>
         <v1:request>
            <language>F</language>
            <coOwners>true</coOwners>
            <showAddress>false</showAddress>
            <cadastralDivision>11051</cadastralDivision>
            <history>true</history>
            <nrn>85091933966</nrn>
         </v1:request>
      </v1:getPropertyByNRNRequest>
   </soapenv:Body>
</soapenv:Envelope>]]></con:request><con:credentials><con:selectedAuthProfile>Basic</con:selectedAuthProfile><con:addedBasicAuthenticationTypes>Basic</con:addedBasicAuthenticationTypes><con:authType>Global HTTP Settings</con:authType></con:credentials><con:jmsConfig JMSDeliveryMode="PERSISTENT"/><con:jmsPropertyConfig/><con:wsaConfig mustUnderstand="NONE" version="200508" action="http://fidus.brussels/services/realestateservice/getPropertyByNRN"/><con:wsrmConfig version="1.2"/></con:call><con:call id="4da093bc-d6d3-405f-bc6c-866ccfc944db" name="3 - Test - Worker 2 - Request" outgoingWss="Outflow TEST" incomingWss="Inflow TEST"><con:settings><con:setting id="com.eviware.soapui.impl.wsdl.WsdlRequest@request-headers">&lt;xml-fragment/></con:setting></con:settings><con:encoding>UTF-8</con:encoding><con:endpoint>https://192.168.22.54:8443/services/RealEstateService_v1.3</con:endpoint><con:request><![CDATA[<soapenv:Envelope xmlns:soapenv="http://schemas.xmlsoap.org/soap/envelope/" xmlns:v1="http://fidus.brussels/service/realestateservice/messages/v1" xmlns:v11="http://fidus.brussels/type/common/messages/v1">
   <soapenv:Header/>
   <soapenv:Body>
      <v1:getPropertyByNRNRequest>
         <v1:messageContext>
            <v11:messageId>${=import static java.util.UUID.randomUUID; uuid = randomUUID() as String}</v11:messageId>
            <v11:timestamp>${=new java.text.SimpleDateFormat("yyyy-MM-dd'T'HH:mm:ss.SSS").format(new Date())}</v11:timestamp>
         </v1:messageContext>
         <v1:legalContext>ServiceIntegrator</v1:legalContext>
         <v1:request>
            <language>F</language>
            <coOwners>true</coOwners>
            <showAddress>false</showAddress>
            <cadastralDivision>11051</cadastralDivision>
            <history>true</history>
            <nrn>85091933966</nrn>
         </v1:request>
      </v1:getPropertyByNRNRequest>
   </soapenv:Body>
</soapenv:Envelope>]]></con:request><con:credentials><con:selectedAuthProfile>Basic</con:selectedAuthProfile><con:addedBasicAuthenticationTypes>Basic</con:addedBasicAuthenticationTypes><con:authType>Global HTTP Settings</con:authType></con:credentials><con:jmsConfig JMSDeliveryMode="PERSISTENT"/><con:jmsPropertyConfig/><con:wsaConfig mustUnderstand="NONE" version="200508" action="http://fidus.brussels/services/realestateservice/getPropertyByNRN"/><con:wsrmConfig version="1.2"/></con:call><con:call id="09d6a4f9-48c0-4655-b88b-0620b47b52f6" name="4 - Staging - External - Request" outgoingWss="Outflow STAGING" incomingWss="Inflow STAGING"><con:settings><con:setting id="com.eviware.soapui.impl.wsdl.WsdlRequest@request-headers">&lt;xml-fragment/></con:setting></con:settings><con:encoding>UTF-8</con:encoding><con:endpoint>https://fidus.irisnetlab.be/services/RealEstateService_v1.3</con:endpoint><con:request><![CDATA[<soapenv:Envelope xmlns:soapenv="http://schemas.xmlsoap.org/soap/envelope/" xmlns:v1="http://fidus.brussels/service/realestateservice/messages/v1" xmlns:v11="http://fidus.brussels/type/common/messages/v1">
   <soapenv:Header/>
   <soapenv:Body>
      <v1:getPropertyByNRNRequest>
         <v1:messageContext>
            <v11:messageId>${=import static java.util.UUID.randomUUID; uuid = randomUUID() as String}</v11:messageId>
            <v11:timestamp>${=new java.text.SimpleDateFormat("yyyy-MM-dd'T'HH:mm:ss.SSS").format(new Date())}</v11:timestamp>
         </v1:messageContext>
         <v1:legalContext>ServiceIntegrator</v1:legalContext>
         <v1:request>
            <language>F</language>
            <coOwners>true</coOwners>
            <history>false</history>
            <nrn>85091933966</nrn>
         </v1:request>
      </v1:getPropertyByNRNRequest>
   </soapenv:Body>
</soapenv:Envelope>]]></con:request><con:credentials><con:selectedAuthProfile>Basic</con:selectedAuthProfile><con:addedBasicAuthenticationTypes>Basic</con:addedBasicAuthenticationTypes><con:authType>Global HTTP Settings</con:authType></con:credentials><con:jmsConfig JMSDeliveryMode="PERSISTENT"/><con:jmsPropertyConfig/><con:wsaConfig mustUnderstand="NONE" version="200508" action="http://fidus.brussels/services/realestateservice/getPropertyByNRN"/><con:wsrmConfig version="1.2"/></con:call><con:call id="724f52f4-c1fe-41c4-b64e-b5906f644cc5" name="4 - Staging - LB - Request" outgoingWss="Outflow STAGING" incomingWss="Inflow STAGING"><con:settings><con:setting id="com.eviware.soapui.impl.wsdl.WsdlRequest@request-headers">&lt;xml-fragment/></con:setting></con:settings><con:encoding>UTF-8</con:encoding><con:endpoint>https://fidus-esb-sg.sta.srv.cirb.lan:8443/services/RealEstateService_v1.3</con:endpoint><con:request><![CDATA[<soapenv:Envelope xmlns:soapenv="http://schemas.xmlsoap.org/soap/envelope/" xmlns:v1="http://fidus.brussels/service/realestateservice/messages/v1" xmlns:v11="http://fidus.brussels/type/common/messages/v1">
   <soapenv:Header/>
   <soapenv:Body>
      <v1:getPropertyByNRNRequest>
         <v1:messageContext>
            <v11:messageId>${=import static java.util.UUID.randomUUID; uuid = randomUUID() as String}</v11:messageId>
            <v11:timestamp>${=new java.text.SimpleDateFormat("yyyy-MM-dd'T'HH:mm:ss.SSS").format(new Date())}</v11:timestamp>
         </v1:messageContext>
         <v1:legalContext>ServiceIntegrator</v1:legalContext>
         <v1:request>
            <language>F</language>
            <coOwners>true</coOwners>
            <history>false</history>
            <nrn>85091933966</nrn>
         </v1:request>
      </v1:getPropertyByNRNRequest>
   </soapenv:Body>
</soapenv:Envelope>]]></con:request><con:credentials><con:selectedAuthProfile>Basic</con:selectedAuthProfile><con:addedBasicAuthenticationTypes>Basic</con:addedBasicAuthenticationTypes><con:authType>Global HTTP Settings</con:authType></con:credentials><con:jmsConfig JMSDeliveryMode="PERSISTENT"/><con:jmsPropertyConfig/><con:wsaConfig mustUnderstand="NONE" version="200508" action="http://fidus.brussels/services/realestateservice/getPropertyByNRN"/><con:wsrmConfig version="1.2"/></con:call><con:call id="3a2ba34b-1d33-4e94-ac88-609d1328d28f" name="4 - Staging - Worker 1 - Request" outgoingWss="Outflow STAGING" incomingWss="Inflow STAGING"><con:settings><con:setting id="com.eviware.soapui.impl.wsdl.WsdlRequest@request-headers">&lt;xml-fragment/></con:setting></con:settings><con:encoding>UTF-8</con:encoding><con:endpoint>https://192.168.24.16:8443/services/RealEstateService_v1.3</con:endpoint><con:request><![CDATA[<soapenv:Envelope xmlns:soapenv="http://schemas.xmlsoap.org/soap/envelope/" xmlns:v1="http://fidus.brussels/service/realestateservice/messages/v1" xmlns:v11="http://fidus.brussels/type/common/messages/v1">
   <soapenv:Header/>
   <soapenv:Body>
      <v1:getPropertyByNRNRequest>
         <v1:messageContext>
            <v11:messageId>${=import static java.util.UUID.randomUUID; uuid = randomUUID() as String}</v11:messageId>
            <v11:timestamp>${=new java.text.SimpleDateFormat("yyyy-MM-dd'T'HH:mm:ss.SSS").format(new Date())}</v11:timestamp>
         </v1:messageContext>
         <v1:legalContext>ServiceIntegrator</v1:legalContext>
         <v1:request>
            <language>F</language>
            <coOwners>true</coOwners>
            <history>false</history>
            <nrn>85091933966</nrn>
         </v1:request>
      </v1:getPropertyByNRNRequest>
   </soapenv:Body>
</soapenv:Envelope>]]></con:request><con:credentials><con:selectedAuthProfile>Basic</con:selectedAuthProfile><con:addedBasicAuthenticationTypes>Basic</con:addedBasicAuthenticationTypes><con:authType>Global HTTP Settings</con:authType></con:credentials><con:jmsConfig JMSDeliveryMode="PERSISTENT"/><con:jmsPropertyConfig/><con:wsaConfig mustUnderstand="NONE" version="200508" action="http://fidus.brussels/services/realestateservice/getPropertyByNRN"/><con:wsrmConfig version="1.2"/></con:call><con:call id="7b034a63-cd0f-4c1d-bca1-6da8754ac951" name="4 - Staging - Worker 2 - Request" outgoingWss="Outflow STAGING" incomingWss="Inflow STAGING"><con:settings><con:setting id="com.eviware.soapui.impl.wsdl.WsdlRequest@request-headers">&lt;xml-fragment/></con:setting></con:settings><con:encoding>UTF-8</con:encoding><con:endpoint>https://192.168.24.17:8443/services/RealEstateService_v1.3</con:endpoint><con:request><![CDATA[<soapenv:Envelope xmlns:soapenv="http://schemas.xmlsoap.org/soap/envelope/" xmlns:v1="http://fidus.brussels/service/realestateservice/messages/v1" xmlns:v11="http://fidus.brussels/type/common/messages/v1">
   <soapenv:Header/>
   <soapenv:Body>
      <v1:getPropertyByNRNRequest>
         <v1:messageContext>
            <v11:messageId>${=import static java.util.UUID.randomUUID; uuid = randomUUID() as String}</v11:messageId>
            <v11:timestamp>${=new java.text.SimpleDateFormat("yyyy-MM-dd'T'HH:mm:ss.SSS").format(new Date())}</v11:timestamp>
         </v1:messageContext>
         <v1:legalContext>ServiceIntegrator</v1:legalContext>
         <v1:request>
            <language>F</language>
            <coOwners>true</coOwners>
            <history>false</history>
            <nrn>85091933966</nrn>
         </v1:request>
      </v1:getPropertyByNRNRequest>
   </soapenv:Body>
</soapenv:Envelope>]]></con:request><con:credentials><con:selectedAuthProfile>Basic</con:selectedAuthProfile><con:addedBasicAuthenticationTypes>Basic</con:addedBasicAuthenticationTypes><con:authType>Global HTTP Settings</con:authType></con:credentials><con:jmsConfig JMSDeliveryMode="PERSISTENT"/><con:jmsPropertyConfig/><con:wsaConfig mustUnderstand="NONE" version="200508" action="http://fidus.brussels/services/realestateservice/getPropertyByNRN"/><con:wsrmConfig version="1.2"/></con:call><con:call id="88846573-4219-4b02-8c82-ca9abad72760" name="5 - Prod - External - Request" outgoingWss="Outflow PROD" incomingWss="Inflow PROD"><con:settings><con:setting id="com.eviware.soapui.impl.wsdl.WsdlRequest@request-headers">&lt;xml-fragment/></con:setting></con:settings><con:encoding>UTF-8</con:encoding><con:endpoint>https://fidus.sec.brussels/services/RealEstateService_v1.3</con:endpoint><con:request><![CDATA[<soapenv:Envelope xmlns:soapenv="http://schemas.xmlsoap.org/soap/envelope/" xmlns:v1="http://fidus.brussels/service/realestateservice/messages/v1" xmlns:v11="http://fidus.brussels/type/common/messages/v1">
   <soapenv:Header/>
   <soapenv:Body>
      <v1:getPropertyByNRNRequest>
         <v1:messageContext>
            <v11:messageId>${=import static java.util.UUID.randomUUID; uuid = randomUUID() as String}</v11:messageId>
            <v11:timestamp>${=new java.text.SimpleDateFormat("yyyy-MM-dd'T'HH:mm:ss.SSS").format(new Date())}</v11:timestamp>
         </v1:messageContext>
         <v1:legalContext>ServiceIntegrator</v1:legalContext>
         <v1:request>
            <language>F</language>
            <coOwners>true</coOwners>
            <history>false</history>
            <nrn>32061501852</nrn>
         </v1:request>
      </v1:getPropertyByNRNRequest>
   </soapenv:Body>
</soapenv:Envelope>]]></con:request><con:credentials><con:selectedAuthProfile>Basic</con:selectedAuthProfile><con:addedBasicAuthenticationTypes>Basic</con:addedBasicAuthenticationTypes><con:authType>Global HTTP Settings</con:authType></con:credentials><con:jmsConfig JMSDeliveryMode="PERSISTENT"/><con:jmsPropertyConfig/><con:wsaConfig mustUnderstand="NONE" version="200508" action="http://fidus.brussels/services/realestateservice/getPropertyByNRN"/><con:wsrmConfig version="1.2"/></con:call><con:call id="84692823-a903-48ae-89ad-1d91fb1acded" name="5 - Prod - LB - Request" outgoingWss="Outflow STAGING" incomingWss="Inflow STAGING"><con:settings><con:setting id="com.eviware.soapui.impl.wsdl.WsdlRequest@request-headers">&lt;xml-fragment/></con:setting></con:settings><con:encoding>UTF-8</con:encoding><con:endpoint>https://fidus-esb-sg.prd.srv.cirb.lan:8443/services/RealEstateService_v1.3</con:endpoint><con:request><![CDATA[<soapenv:Envelope xmlns:soapenv="http://schemas.xmlsoap.org/soap/envelope/" xmlns:v1="http://fidus.brussels/service/realestateservice/messages/v1" xmlns:v11="http://fidus.brussels/type/common/messages/v1">
   <soapenv:Header/>
   <soapenv:Body>
      <v1:getPropertyByNRNRequest>
         <v1:messageContext>
            <v11:messageId>${=import static java.util.UUID.randomUUID; uuid = randomUUID() as String}</v11:messageId>
            <v11:timestamp>${=new java.text.SimpleDateFormat("yyyy-MM-dd'T'HH:mm:ss.SSS").format(new Date())}</v11:timestamp>
         </v1:messageContext>
         <v1:legalContext>ServiceIntegrator</v1:legalContext>
         <v1:request>
            <language>F</language>
            <coOwners>true</coOwners>
            <history>false</history>
            <nrn>32061501852</nrn>
         </v1:request>
      </v1:getPropertyByNRNRequest>
   </soapenv:Body>
</soapenv:Envelope>]]></con:request><con:credentials><con:selectedAuthProfile>Basic</con:selectedAuthProfile><con:addedBasicAuthenticationTypes>Basic</con:addedBasicAuthenticationTypes><con:authType>Global HTTP Settings</con:authType></con:credentials><con:jmsConfig JMSDeliveryMode="PERSISTENT"/><con:jmsPropertyConfig/><con:wsaConfig mustUnderstand="NONE" version="200508" action="http://fidus.brussels/services/realestateservice/getPropertyByNRN"/><con:wsrmConfig version="1.2"/></con:call><con:call id="d4c6a49c-385d-4159-87e7-c301b6d13b9b" name="5 - Prod - Worker 1 - Request" outgoingWss="Outflow PROD" incomingWss="Inflow PROD"><con:settings><con:setting id="com.eviware.soapui.impl.wsdl.WsdlRequest@request-headers">&lt;xml-fragment/></con:setting></con:settings><con:encoding>UTF-8</con:encoding><con:endpoint>https://192.168.26.19:8443/services/RealEstateService_v1.3</con:endpoint><con:request><![CDATA[<soapenv:Envelope xmlns:soapenv="http://schemas.xmlsoap.org/soap/envelope/" xmlns:v1="http://fidus.brussels/service/realestateservice/messages/v1" xmlns:v11="http://fidus.brussels/type/common/messages/v1">
   <soapenv:Header/>
   <soapenv:Body>
      <v1:getPropertyByNRNRequest>
         <v1:messageContext>
            <v11:messageId>${=import static java.util.UUID.randomUUID; uuid = randomUUID() as String}</v11:messageId>
            <v11:timestamp>${=new java.text.SimpleDateFormat("yyyy-MM-dd'T'HH:mm:ss.SSS").format(new Date())}</v11:timestamp>
         </v1:messageContext>
         <v1:legalContext>ServiceIntegrator</v1:legalContext>
         <v1:request>
            <language>F</language>
            <coOwners>true</coOwners>
            <history>false</history>
            <nrn>32061501852</nrn>
         </v1:request>
      </v1:getPropertyByNRNRequest>
   </soapenv:Body>
</soapenv:Envelope>]]></con:request><con:credentials><con:selectedAuthProfile>Basic</con:selectedAuthProfile><con:addedBasicAuthenticationTypes>Basic</con:addedBasicAuthenticationTypes><con:authType>Global HTTP Settings</con:authType></con:credentials><con:jmsConfig JMSDeliveryMode="PERSISTENT"/><con:jmsPropertyConfig/><con:wsaConfig mustUnderstand="NONE" version="200508" action="http://fidus.brussels/services/realestateservice/getPropertyByNRN"/><con:wsrmConfig version="1.2"/></con:call><con:call id="c1db1642-f47c-46d4-bd79-b2f311b5b9f9" name="5 - Prod - Worker 2 - Request" outgoingWss="Outflow PROD" incomingWss="Inflow PROD"><con:settings><con:setting id="com.eviware.soapui.impl.wsdl.WsdlRequest@request-headers">&lt;xml-fragment/></con:setting></con:settings><con:encoding>UTF-8</con:encoding><con:endpoint>https://192.168.26.22:8443/services/RealEstateService_v1.3</con:endpoint><con:request><![CDATA[<soapenv:Envelope xmlns:soapenv="http://schemas.xmlsoap.org/soap/envelope/" xmlns:v1="http://fidus.brussels/service/realestateservice/messages/v1" xmlns:v11="http://fidus.brussels/type/common/messages/v1">
   <soapenv:Header/>
   <soapenv:Body>
      <v1:getPropertyByNRNRequest>
         <v1:messageContext>
            <v11:messageId>${=import static java.util.UUID.randomUUID; uuid = randomUUID() as String}</v11:messageId>
            <v11:timestamp>${=new java.text.SimpleDateFormat("yyyy-MM-dd'T'HH:mm:ss.SSS").format(new Date())}</v11:timestamp>
         </v1:messageContext>
         <v1:legalContext>ServiceIntegrator</v1:legalContext>
         <v1:request>
            <language>F</language>
            <coOwners>true</coOwners>
            <history>false</history>
            <nrn>32061501852</nrn>
         </v1:request>
      </v1:getPropertyByNRNRequest>
   </soapenv:Body>
</soapenv:Envelope>]]></con:request><con:credentials><con:selectedAuthProfile>Basic</con:selectedAuthProfile><con:addedBasicAuthenticationTypes>Basic</con:addedBasicAuthenticationTypes><con:authType>Global HTTP Settings</con:authType></con:credentials><con:jmsConfig JMSDeliveryMode="PERSISTENT"/><con:jmsPropertyConfig/><con:wsaConfig mustUnderstand="NONE" version="200508" action="http://fidus.brussels/services/realestateservice/getPropertyByNRN"/><con:wsrmConfig version="1.2"/></con:call></con:operation><con:operation id="873dcfe0-3ca0-4fd6-a139-386fd7db2e93" isOneWay="false" action="http://fidus.brussels/services/realestateservice/getPropertyByEnterpriseNR" name="getPropertyByEnterpriseNR" bindingOperationName="getPropertyByEnterpriseNR" type="Request-Response" inputName="" receivesAttachments="false" sendsAttachments="false" anonymous="optional"><con:settings/><con:call id="9e2254e1-80fd-40b9-8f7a-f1848e72ed9a" name="1 - Local - Request" outgoingWss="Outflow DEV" incomingWss="Inflow DEV"><con:settings><con:setting id="com.eviware.soapui.impl.wsdl.WsdlRequest@request-headers">&lt;xml-fragment/></con:setting></con:settings><con:encoding>UTF-8</con:encoding><con:endpoint>https://localhost:8243/services/RealEstateService_v1.3</con:endpoint><con:request><![CDATA[<soapenv:Envelope xmlns:soapenv="http://schemas.xmlsoap.org/soap/envelope/" xmlns:v1="http://fidus.brussels/service/realestateservice/messages/v1" xmlns:v11="http://fidus.brussels/type/common/messages/v1">
   <soapenv:Header/>
   <soapenv:Body>
      <v1:getPropertyByEnterpriseNRRequest>
         <v1:messageContext>
            <v11:messageId>${=import static java.util.UUID.randomUUID; uuid = randomUUID() as String}</v11:messageId>
            <v11:timestamp>${=new java.text.SimpleDateFormat("yyyy-MM-dd'T'HH:mm:ss.SSS").format(new Date())}</v11:timestamp>
         </v1:messageContext>
         <v1:legalContext>ServiceIntegrator</v1:legalContext>
         <v1:request>
            <language>F</language>
            <coOwners>true</coOwners>
            <!--Optional:-->
            <showAddress>true</showAddress>
            <cadastralDivision>21804</cadastralDivision>
            <!--Optional:-->
            <administrativeCommunNumber>21004</administrativeCommunNumber>
            <history>false</history>
            <kbo>0403199702</kbo>
         </v1:request>
      </v1:getPropertyByEnterpriseNRRequest>
   </soapenv:Body>
</soapenv:Envelope>]]></con:request><con:credentials><con:selectedAuthProfile>Basic</con:selectedAuthProfile><con:addedBasicAuthenticationTypes>Basic</con:addedBasicAuthenticationTypes><con:authType>Global HTTP Settings</con:authType></con:credentials><con:jmsConfig JMSDeliveryMode="PERSISTENT"/><con:jmsPropertyConfig/><con:wsaConfig mustUnderstand="NONE" version="200508" action="http://fidus.brussels/services/realestateservice/getPropertyByEnterpriseNR"/><con:wsrmConfig version="1.2"/></con:call><con:call id="ebd472d6-1754-41c6-876a-b286814a6af8" name="2 - Dev - Request" outgoingWss="Outflow DEV" incomingWss="Inflow DEV"><con:settings><con:setting id="com.eviware.soapui.impl.wsdl.WsdlRequest@request-headers">&lt;xml-fragment/></con:setting></con:settings><con:encoding>UTF-8</con:encoding><con:endpoint>https://192.168.36.61:8243/services/RealEstateService_v1.3</con:endpoint><con:request><![CDATA[<soapenv:Envelope xmlns:soapenv="http://schemas.xmlsoap.org/soap/envelope/" xmlns:v1="http://fidus.brussels/service/realestateservice/messages/v1" xmlns:v11="http://fidus.brussels/type/common/messages/v1">
   <soapenv:Header/>
   <soapenv:Body>
      <v1:getPropertyByEnterpriseNRRequest>
         <v1:messageContext>
            <v11:messageId>${=import static java.util.UUID.randomUUID; uuid = randomUUID() as String}</v11:messageId>
            <v11:timestamp>${=new java.text.SimpleDateFormat("yyyy-MM-dd'T'HH:mm:ss.SSS").format(new Date())}</v11:timestamp>
         </v1:messageContext>
         <v1:legalContext>ServiceIntegrator</v1:legalContext>
         <v1:request>
            <language>F</language>
            <coOwners>false</coOwners>
            <!--Optional:-->
            <showAddress>true</showAddress>
            <cadastralDivision>21804</cadastralDivision>
            <!--Optional:-->
            <administrativeCommunNumber>21004</administrativeCommunNumber>
            <history>false</history>
            <kbo>0403199702</kbo>
         </v1:request>
      </v1:getPropertyByEnterpriseNRRequest>
   </soapenv:Body>
</soapenv:Envelope>]]></con:request><con:credentials><con:selectedAuthProfile>Basic</con:selectedAuthProfile><con:addedBasicAuthenticationTypes>Basic</con:addedBasicAuthenticationTypes><con:authType>Global HTTP Settings</con:authType></con:credentials><con:jmsConfig JMSDeliveryMode="PERSISTENT"/><con:jmsPropertyConfig/><con:wsaConfig mustUnderstand="NONE" version="200508" action="http://fidus.brussels/services/realestateservice/getPropertyByEnterpriseNR"/><con:wsrmConfig version="1.2"/></con:call><con:call id="98390d2e-a018-41e2-b7b7-ca1fa826747b" name="3 - Test - External - Request" outgoingWss="Outflow TEST" incomingWss="Inflow TEST"><con:settings><con:setting id="com.eviware.soapui.impl.wsdl.WsdlRequest@request-headers">&lt;xml-fragment/></con:setting></con:settings><con:encoding>UTF-8</con:encoding><con:endpoint>https://fidus-test.irisnetlab.be/services/RealEstateService_v1.3</con:endpoint><con:request><![CDATA[<soapenv:Envelope xmlns:soapenv="http://schemas.xmlsoap.org/soap/envelope/" xmlns:v1="http://fidus.brussels/service/realestateservice/messages/v1" xmlns:v11="http://fidus.brussels/type/common/messages/v1">
   <soapenv:Header/>
   <soapenv:Body>
      <v1:getPropertyByEnterpriseNRRequest>
         <v1:messageContext>
            <v11:messageId>${=import static java.util.UUID.randomUUID; uuid = randomUUID() as String}</v11:messageId>
            <v11:timestamp>${=new java.text.SimpleDateFormat("yyyy-MM-dd'T'HH:mm:ss.SSS").format(new Date())}</v11:timestamp>
         </v1:messageContext>
         <v1:legalContext>ServiceIntegrator</v1:legalContext>
         <v1:request>
            <language>F</language>
            <coOwners>false</coOwners>
            <!--Optional:-->
            <showAddress>true</showAddress>
            <cadastralDivision>21372</cadastralDivision>
            <!--Optional:-->            
            <administrativeCommunNumber>21006</administrativeCommunNumber>
            <history>false</history>
            <kbo>0456810810</kbo>
         </v1:request>
      </v1:getPropertyByEnterpriseNRRequest>
   </soapenv:Body>
</soapenv:Envelope>]]></con:request><con:credentials><con:selectedAuthProfile>Basic</con:selectedAuthProfile><con:addedBasicAuthenticationTypes>Basic</con:addedBasicAuthenticationTypes><con:authType>Global HTTP Settings</con:authType></con:credentials><con:jmsConfig JMSDeliveryMode="PERSISTENT"/><con:jmsPropertyConfig/><con:wsaConfig mustUnderstand="NONE" version="200508" action="http://fidus.brussels/services/realestateservice/getPropertyByEnterpriseNR"/><con:wsrmConfig version="1.2"/></con:call><con:call id="5bca7d57-fa5b-482d-8160-db640f79545d" name="3 - Test - LB - Request" outgoingWss="Outflow TEST" incomingWss="Inflow TEST"><con:settings><con:setting id="com.eviware.soapui.impl.wsdl.WsdlRequest@request-headers">&lt;xml-fragment/></con:setting></con:settings><con:encoding>UTF-8</con:encoding><con:endpoint>https://esb-security-gw.sta.srv.cirb.lan:8443/services/RealEstateService_v1.3</con:endpoint><con:request><![CDATA[<soapenv:Envelope xmlns:soapenv="http://schemas.xmlsoap.org/soap/envelope/" xmlns:v1="http://fidus.brussels/service/realestateservice/messages/v1" xmlns:v11="http://fidus.brussels/type/common/messages/v1">
   <soapenv:Header/>
   <soapenv:Body>
      <v1:getPropertyByEnterpriseNRRequest>
         <v1:messageContext>
            <v11:messageId>${=import static java.util.UUID.randomUUID; uuid = randomUUID() as String}</v11:messageId>
            <v11:timestamp>${=new java.text.SimpleDateFormat("yyyy-MM-dd'T'HH:mm:ss.SSS").format(new Date())}</v11:timestamp>
         </v1:messageContext>
         <v1:legalContext>ServiceIntegrator</v1:legalContext>
         <v1:request>
            <language>F</language>
            <coOwners>false</coOwners>
            <!--Optional:-->
            <showAddress>true</showAddress>
            <cadastralDivision>21372</cadastralDivision>
            <!--Optional:-->            
            <administrativeCommunNumber>21006</administrativeCommunNumber>
            <history>false</history>
            <kbo>0456810810</kbo>
         </v1:request>
      </v1:getPropertyByEnterpriseNRRequest>
   </soapenv:Body>
</soapenv:Envelope>]]></con:request><con:credentials><con:selectedAuthProfile>Basic</con:selectedAuthProfile><con:addedBasicAuthenticationTypes>Basic</con:addedBasicAuthenticationTypes><con:authType>Global HTTP Settings</con:authType></con:credentials><con:jmsConfig JMSDeliveryMode="PERSISTENT"/><con:jmsPropertyConfig/><con:wsaConfig mustUnderstand="NONE" version="200508" action="http://fidus.brussels/services/realestateservice/getPropertyByEnterpriseNR"/><con:wsrmConfig version="1.2"/></con:call><con:call id="0a2c7e46-2a8a-46f6-83cd-b86f06c91e65" name="3 - Test - Worker 1 - Request" outgoingWss="Outflow TEST" incomingWss="Inflow TEST"><con:settings><con:setting id="com.eviware.soapui.impl.wsdl.WsdlRequest@request-headers">&lt;xml-fragment/></con:setting></con:settings><con:encoding>UTF-8</con:encoding><con:endpoint>https://192.168.22.53:8443/services/RealEstateService_v1.3</con:endpoint><con:request><![CDATA[<soapenv:Envelope xmlns:soapenv="http://schemas.xmlsoap.org/soap/envelope/" xmlns:v1="http://fidus.brussels/service/realestateservice/messages/v1" xmlns:v11="http://fidus.brussels/type/common/messages/v1">
   <soapenv:Header/>
   <soapenv:Body>
      <v1:getPropertyByEnterpriseNRRequest>
         <v1:messageContext>
            <v11:messageId>${=import static java.util.UUID.randomUUID; uuid = randomUUID() as String}</v11:messageId>
            <v11:timestamp>${=new java.text.SimpleDateFormat("yyyy-MM-dd'T'HH:mm:ss.SSS").format(new Date())}</v11:timestamp>
         </v1:messageContext>
         <v1:legalContext>ServiceIntegrator</v1:legalContext>
         <v1:request>
            <language>F</language>
            <coOwners>false</coOwners>
            <!--Optional:-->
            <showAddress>true</showAddress>
            <cadastralDivision>21372</cadastralDivision>
            <!--Optional:-->            
            <administrativeCommunNumber>21006</administrativeCommunNumber>
            <history>false</history>
            <kbo>0456810810</kbo>
         </v1:request>
      </v1:getPropertyByEnterpriseNRRequest>
   </soapenv:Body>
</soapenv:Envelope>]]></con:request><con:credentials><con:selectedAuthProfile>Basic</con:selectedAuthProfile><con:addedBasicAuthenticationTypes>Basic</con:addedBasicAuthenticationTypes><con:authType>Global HTTP Settings</con:authType></con:credentials><con:jmsConfig JMSDeliveryMode="PERSISTENT"/><con:jmsPropertyConfig/><con:wsaConfig mustUnderstand="NONE" version="200508" action="http://fidus.brussels/services/realestateservice/getPropertyByEnterpriseNR"/><con:wsrmConfig version="1.2"/></con:call><con:call id="c08ae78b-de33-4e47-bb5c-9edc7fae0f63" name="3 - Test - Worker 2 - Request" outgoingWss="Outflow TEST" incomingWss="Inflow TEST"><con:settings><con:setting id="com.eviware.soapui.impl.wsdl.WsdlRequest@request-headers">&lt;xml-fragment/></con:setting></con:settings><con:encoding>UTF-8</con:encoding><con:endpoint>https://192.168.22.54:8443/services/RealEstateService_v1.3</con:endpoint><con:request><![CDATA[<soapenv:Envelope xmlns:soapenv="http://schemas.xmlsoap.org/soap/envelope/" xmlns:v1="http://fidus.brussels/service/realestateservice/messages/v1" xmlns:v11="http://fidus.brussels/type/common/messages/v1">
   <soapenv:Header/>
   <soapenv:Body>
      <v1:getPropertyByEnterpriseNRRequest>
         <v1:messageContext>
            <v11:messageId>${=import static java.util.UUID.randomUUID; uuid = randomUUID() as String}</v11:messageId>
            <v11:timestamp>${=new java.text.SimpleDateFormat("yyyy-MM-dd'T'HH:mm:ss.SSS").format(new Date())}</v11:timestamp>
         </v1:messageContext>
         <v1:legalContext>ServiceIntegrator</v1:legalContext>
         <v1:request>
            <language>F</language>
            <coOwners>false</coOwners>
            <!--Optional:-->
            <showAddress>true</showAddress>
            <cadastralDivision>21372</cadastralDivision>
            <!--Optional:-->            
            <administrativeCommunNumber>21006</administrativeCommunNumber>
            <history>false</history>
            <kbo>0456810810</kbo>
         </v1:request>
      </v1:getPropertyByEnterpriseNRRequest>
   </soapenv:Body>
</soapenv:Envelope>]]></con:request><con:credentials><con:selectedAuthProfile>Basic</con:selectedAuthProfile><con:addedBasicAuthenticationTypes>Basic</con:addedBasicAuthenticationTypes><con:authType>Global HTTP Settings</con:authType></con:credentials><con:jmsConfig JMSDeliveryMode="PERSISTENT"/><con:jmsPropertyConfig/><con:wsaConfig mustUnderstand="NONE" version="200508" action="http://fidus.brussels/services/realestateservice/getPropertyByEnterpriseNR"/><con:wsrmConfig version="1.2"/></con:call><con:call id="e9db6306-6444-4602-b96a-7a40276fa07c" name="4 - Staging - External - Request" outgoingWss="Outflow STAGING" incomingWss="Inflow STAGING"><con:settings><con:setting id="com.eviware.soapui.impl.wsdl.WsdlRequest@request-headers">&lt;xml-fragment/></con:setting></con:settings><con:encoding>UTF-8</con:encoding><con:endpoint>https://fidus.irisnetlab.be/services/RealEstateService_v1.3</con:endpoint><con:request><![CDATA[<soapenv:Envelope xmlns:soapenv="http://schemas.xmlsoap.org/soap/envelope/" xmlns:v1="http://fidus.brussels/service/realestateservice/messages/v1" xmlns:v11="http://fidus.brussels/type/common/messages/v1">
   <soapenv:Header/>
   <soapenv:Body>
      <v1:getPropertyByEnterpriseNRRequest>
         <v1:messageContext>
            <v11:messageId>${=import static java.util.UUID.randomUUID; uuid = randomUUID() as String}</v11:messageId>
            <v11:timestamp>${=new java.text.SimpleDateFormat("yyyy-MM-dd'T'HH:mm:ss.SSS").format(new Date())}</v11:timestamp>
         </v1:messageContext>
         <v1:legalContext>ServiceIntegrator</v1:legalContext>
         <v1:request>
            <language>F</language>
            <coOwners>false</coOwners>
            <!--Optional:-->
            <showAddress>true</showAddress>
            <cadastralDivision>21372</cadastralDivision>
            <!--Optional:-->            
            <administrativeCommunNumber>21006</administrativeCommunNumber>
            <history>false</history>
            <kbo>0456810810</kbo>
         </v1:request>
      </v1:getPropertyByEnterpriseNRRequest>
   </soapenv:Body>
</soapenv:Envelope>]]></con:request><con:credentials><con:selectedAuthProfile>Basic</con:selectedAuthProfile><con:addedBasicAuthenticationTypes>Basic</con:addedBasicAuthenticationTypes><con:authType>Global HTTP Settings</con:authType></con:credentials><con:jmsConfig JMSDeliveryMode="PERSISTENT"/><con:jmsPropertyConfig/><con:wsaConfig mustUnderstand="NONE" version="200508" action="http://fidus.brussels/services/realestateservice/getPropertyByEnterpriseNR"/><con:wsrmConfig version="1.2"/></con:call><con:call id="80a910c8-cece-4e46-9e66-3249099f2a3e" name="4 - Staging - LB - Request" outgoingWss="Outflow STAGING" incomingWss="Inflow STAGING"><con:settings><con:setting id="com.eviware.soapui.impl.wsdl.WsdlRequest@request-headers">&lt;xml-fragment/></con:setting></con:settings><con:encoding>UTF-8</con:encoding><con:endpoint>https://fidus-esb-sg.sta.srv.cirb.lan:8443/services/RealEstateService_v1.3</con:endpoint><con:request><![CDATA[<soapenv:Envelope xmlns:soapenv="http://schemas.xmlsoap.org/soap/envelope/" xmlns:v1="http://fidus.brussels/service/realestateservice/messages/v1" xmlns:v11="http://fidus.brussels/type/common/messages/v1">
   <soapenv:Header/>
   <soapenv:Body>
      <v1:getPropertyByEnterpriseNRRequest>
         <v1:messageContext>
            <v11:messageId>${=import static java.util.UUID.randomUUID; uuid = randomUUID() as String}</v11:messageId>
            <v11:timestamp>${=new java.text.SimpleDateFormat("yyyy-MM-dd'T'HH:mm:ss.SSS").format(new Date())}</v11:timestamp>
         </v1:messageContext>
         <v1:legalContext>ServiceIntegrator</v1:legalContext>
         <v1:request>
            <language>F</language>
            <coOwners>false</coOwners>
            <!--Optional:-->
            <showAddress>true</showAddress>
            <cadastralDivision>21372</cadastralDivision>
            <!--Optional:-->            
            <administrativeCommunNumber>21006</administrativeCommunNumber>
            <history>false</history>
            <kbo>0456810810</kbo>
         </v1:request>
      </v1:getPropertyByEnterpriseNRRequest>
   </soapenv:Body>
</soapenv:Envelope>]]></con:request><con:credentials><con:selectedAuthProfile>Basic</con:selectedAuthProfile><con:addedBasicAuthenticationTypes>Basic</con:addedBasicAuthenticationTypes><con:authType>Global HTTP Settings</con:authType></con:credentials><con:jmsConfig JMSDeliveryMode="PERSISTENT"/><con:jmsPropertyConfig/><con:wsaConfig mustUnderstand="NONE" version="200508" action="http://fidus.brussels/services/realestateservice/getPropertyByEnterpriseNR"/><con:wsrmConfig version="1.2"/></con:call><con:call id="33fd73ba-8030-4805-9df3-d382f707d356" name="4 - Staging - Worker 1 - Request" outgoingWss="Outflow STAGING" incomingWss="Inflow STAGING"><con:settings><con:setting id="com.eviware.soapui.impl.wsdl.WsdlRequest@request-headers">&lt;xml-fragment/></con:setting></con:settings><con:encoding>UTF-8</con:encoding><con:endpoint>https://192.168.24.16:8443/services/RealEstateService_v1.3</con:endpoint><con:request><![CDATA[<soapenv:Envelope xmlns:soapenv="http://schemas.xmlsoap.org/soap/envelope/" xmlns:v1="http://fidus.brussels/service/realestateservice/messages/v1" xmlns:v11="http://fidus.brussels/type/common/messages/v1">
   <soapenv:Header/>
   <soapenv:Body>
      <v1:getPropertyByEnterpriseNRRequest>
         <v1:messageContext>
            <v11:messageId>${=import static java.util.UUID.randomUUID; uuid = randomUUID() as String}</v11:messageId>
            <v11:timestamp>${=new java.text.SimpleDateFormat("yyyy-MM-dd'T'HH:mm:ss.SSS").format(new Date())}</v11:timestamp>
         </v1:messageContext>
         <v1:legalContext>ServiceIntegrator</v1:legalContext>
         <v1:request>
            <language>F</language>
            <coOwners>false</coOwners>
            <!--Optional:-->
            <showAddress>true</showAddress>
            <cadastralDivision>21372</cadastralDivision>
            <!--Optional:-->            
            <administrativeCommunNumber>21006</administrativeCommunNumber>
            <history>false</history>
            <kbo>0456810810</kbo>
         </v1:request>
      </v1:getPropertyByEnterpriseNRRequest>
   </soapenv:Body>
</soapenv:Envelope>]]></con:request><con:credentials><con:selectedAuthProfile>Basic</con:selectedAuthProfile><con:addedBasicAuthenticationTypes>Basic</con:addedBasicAuthenticationTypes><con:authType>Global HTTP Settings</con:authType></con:credentials><con:jmsConfig JMSDeliveryMode="PERSISTENT"/><con:jmsPropertyConfig/><con:wsaConfig mustUnderstand="NONE" version="200508" action="http://fidus.brussels/services/realestateservice/getPropertyByEnterpriseNR"/><con:wsrmConfig version="1.2"/></con:call><con:call id="66a2a9dd-9647-4590-b10d-988935dbff7e" name="4 - Staging - Worker 2 - Request" outgoingWss="Outflow STAGING" incomingWss="Inflow STAGING"><con:settings><con:setting id="com.eviware.soapui.impl.wsdl.WsdlRequest@request-headers">&lt;xml-fragment/></con:setting></con:settings><con:encoding>UTF-8</con:encoding><con:endpoint>https://192.168.24.17:8443/services/RealEstateService_v1.3</con:endpoint><con:request><![CDATA[<soapenv:Envelope xmlns:soapenv="http://schemas.xmlsoap.org/soap/envelope/" xmlns:v1="http://fidus.brussels/service/realestateservice/messages/v1" xmlns:v11="http://fidus.brussels/type/common/messages/v1">
   <soapenv:Header/>
   <soapenv:Body>
      <v1:getPropertyByEnterpriseNRRequest>
         <v1:messageContext>
            <v11:messageId>${=import static java.util.UUID.randomUUID; uuid = randomUUID() as String}</v11:messageId>
            <v11:timestamp>${=new java.text.SimpleDateFormat("yyyy-MM-dd'T'HH:mm:ss.SSS").format(new Date())}</v11:timestamp>
         </v1:messageContext>
         <v1:legalContext>ServiceIntegrator</v1:legalContext>
         <v1:request>
            <language>F</language>
            <coOwners>false</coOwners>
            <!--Optional:-->
            <showAddress>true</showAddress>
            <cadastralDivision>21372</cadastralDivision>
            <!--Optional:-->            
            <administrativeCommunNumber>21006</administrativeCommunNumber>
            <history>false</history>
            <kbo>0456810810</kbo>
         </v1:request>
      </v1:getPropertyByEnterpriseNRRequest>
   </soapenv:Body>
</soapenv:Envelope>]]></con:request><con:credentials><con:selectedAuthProfile>Basic</con:selectedAuthProfile><con:addedBasicAuthenticationTypes>Basic</con:addedBasicAuthenticationTypes><con:authType>Global HTTP Settings</con:authType></con:credentials><con:jmsConfig JMSDeliveryMode="PERSISTENT"/><con:jmsPropertyConfig/><con:wsaConfig mustUnderstand="NONE" version="200508" action="http://fidus.brussels/services/realestateservice/getPropertyByEnterpriseNR"/><con:wsrmConfig version="1.2"/></con:call><con:call id="1a934005-ac72-4427-bb97-82039805ce6c" name="5 - Prod - External - Request" outgoingWss="Outflow PROD" incomingWss="Inflow PROD"><con:settings><con:setting id="com.eviware.soapui.impl.wsdl.WsdlRequest@request-headers">&lt;xml-fragment/></con:setting></con:settings><con:encoding>UTF-8</con:encoding><con:endpoint>https://fidus.sec.brussels/services/RealEstateService_v1.3</con:endpoint><con:request><![CDATA[<soapenv:Envelope xmlns:soapenv="http://schemas.xmlsoap.org/soap/envelope/" xmlns:v1="http://fidus.brussels/service/realestateservice/messages/v1" xmlns:v11="http://fidus.brussels/type/common/messages/v1">
   <soapenv:Header/>
   <soapenv:Body>
      <v1:getPropertyByEnterpriseNRRequest>
         <v1:messageContext>
            <v11:messageId>${=import static java.util.UUID.randomUUID; uuid = randomUUID() as String}</v11:messageId>
            <v11:timestamp>${=new java.text.SimpleDateFormat("yyyy-MM-dd'T'HH:mm:ss.SSS").format(new Date())}</v11:timestamp>
         </v1:messageContext>
         <v1:legalContext>ServiceIntegrator</v1:legalContext>
         <v1:request>
            <language>F</language>
            <coOwners>false</coOwners>
            <!--Optional:-->
            <showAddress>true</showAddress>
            <cadastralDivision>21372</cadastralDivision>
            <!--Optional:-->            
            <administrativeCommunNumber>21006</administrativeCommunNumber>
            <history>false</history>
            <kbo>0456810810</kbo>
         </v1:request>
      </v1:getPropertyByEnterpriseNRRequest>
   </soapenv:Body>
</soapenv:Envelope>]]></con:request><con:credentials><con:selectedAuthProfile>Basic</con:selectedAuthProfile><con:addedBasicAuthenticationTypes>Basic</con:addedBasicAuthenticationTypes><con:authType>Global HTTP Settings</con:authType></con:credentials><con:jmsConfig JMSDeliveryMode="PERSISTENT"/><con:jmsPropertyConfig/><con:wsaConfig mustUnderstand="NONE" version="200508" action="http://fidus.brussels/services/realestateservice/getPropertyByEnterpriseNR"/><con:wsrmConfig version="1.2"/></con:call><con:call id="d7f73518-229d-45aa-88c5-2a8dc19e23f6" name="5 - Prod - LB - Request" outgoingWss="Outflow PROD" incomingWss="Inflow PROD"><con:settings><con:setting id="com.eviware.soapui.impl.wsdl.WsdlRequest@request-headers">&lt;xml-fragment/></con:setting></con:settings><con:encoding>UTF-8</con:encoding><con:endpoint>https://fidus-esb-sg.prd.srv.cirb.lan:8443/services/RealEstateService_v1.3</con:endpoint><con:request><![CDATA[<soapenv:Envelope xmlns:soapenv="http://schemas.xmlsoap.org/soap/envelope/" xmlns:v1="http://fidus.brussels/service/realestateservice/messages/v1" xmlns:v11="http://fidus.brussels/type/common/messages/v1">
   <soapenv:Header/>
   <soapenv:Body>
      <v1:getPropertyByEnterpriseNRRequest>
         <v1:messageContext>
            <v11:messageId>${=import static java.util.UUID.randomUUID; uuid = randomUUID() as String}</v11:messageId>
            <v11:timestamp>${=new java.text.SimpleDateFormat("yyyy-MM-dd'T'HH:mm:ss.SSS").format(new Date())}</v11:timestamp>
         </v1:messageContext>
         <v1:legalContext>ServiceIntegrator</v1:legalContext>
         <v1:request>
            <language>F</language>
            <coOwners>false</coOwners>
            <!--Optional:-->
            <showAddress>true</showAddress>
            <cadastralDivision>21372</cadastralDivision>
            <!--Optional:-->            
            <administrativeCommunNumber>21006</administrativeCommunNumber>
            <history>false</history>
            <kbo>0456810810</kbo>
         </v1:request>
      </v1:getPropertyByEnterpriseNRRequest>
   </soapenv:Body>
</soapenv:Envelope>]]></con:request><con:credentials><con:selectedAuthProfile>Basic</con:selectedAuthProfile><con:addedBasicAuthenticationTypes>Basic</con:addedBasicAuthenticationTypes><con:authType>Global HTTP Settings</con:authType></con:credentials><con:jmsConfig JMSDeliveryMode="PERSISTENT"/><con:jmsPropertyConfig/><con:wsaConfig mustUnderstand="NONE" version="200508" action="http://fidus.brussels/services/realestateservice/getPropertyByEnterpriseNR"/><con:wsrmConfig version="1.2"/></con:call><con:call id="7cc9faba-12b3-4023-bf0a-9839693fb3ae" name="5 - Prod - Worker 1 - Request" outgoingWss="Outflow PROD" incomingWss="Inflow PROD"><con:settings><con:setting id="com.eviware.soapui.impl.wsdl.WsdlRequest@request-headers">&lt;xml-fragment/></con:setting></con:settings><con:encoding>UTF-8</con:encoding><con:endpoint>https://192.168.26.19:8443/services/RealEstateService_v1.3</con:endpoint><con:request><![CDATA[<soapenv:Envelope xmlns:soapenv="http://schemas.xmlsoap.org/soap/envelope/" xmlns:v1="http://fidus.brussels/service/realestateservice/messages/v1" xmlns:v11="http://fidus.brussels/type/common/messages/v1">
   <soapenv:Header/>
   <soapenv:Body>
      <v1:getPropertyByEnterpriseNRRequest>
         <v1:messageContext>
            <v11:messageId>${=import static java.util.UUID.randomUUID; uuid = randomUUID() as String}</v11:messageId>
            <v11:timestamp>${=new java.text.SimpleDateFormat("yyyy-MM-dd'T'HH:mm:ss.SSS").format(new Date())}</v11:timestamp>
         </v1:messageContext>
         <v1:legalContext>ServiceIntegrator</v1:legalContext>
         <v1:request>
            <language>F</language>
            <coOwners>false</coOwners>
            <!--Optional:-->
            <showAddress>true</showAddress>
            <cadastralDivision>21372</cadastralDivision>
            <!--Optional:-->            
            <administrativeCommunNumber>21006</administrativeCommunNumber>
            <history>false</history>
            <kbo>0456810810</kbo>
         </v1:request>
      </v1:getPropertyByEnterpriseNRRequest>
   </soapenv:Body>
</soapenv:Envelope>]]></con:request><con:credentials><con:selectedAuthProfile>Basic</con:selectedAuthProfile><con:addedBasicAuthenticationTypes>Basic</con:addedBasicAuthenticationTypes><con:authType>Global HTTP Settings</con:authType></con:credentials><con:jmsConfig JMSDeliveryMode="PERSISTENT"/><con:jmsPropertyConfig/><con:wsaConfig mustUnderstand="NONE" version="200508" action="http://fidus.brussels/services/realestateservice/getPropertyByEnterpriseNR"/><con:wsrmConfig version="1.2"/></con:call><con:call id="61affba9-0689-4387-8f91-6c8bcd010b2f" name="5 - Prod - Worker 2 - Request" outgoingWss="Outflow PROD" incomingWss="Inflow PROD"><con:settings><con:setting id="com.eviware.soapui.impl.wsdl.WsdlRequest@request-headers">&lt;xml-fragment/></con:setting></con:settings><con:encoding>UTF-8</con:encoding><con:endpoint>https://192.168.26.22:8443/services/RealEstateService_v1.3</con:endpoint><con:request><![CDATA[<soapenv:Envelope xmlns:soapenv="http://schemas.xmlsoap.org/soap/envelope/" xmlns:v1="http://fidus.brussels/service/realestateservice/messages/v1" xmlns:v11="http://fidus.brussels/type/common/messages/v1">
   <soapenv:Header/>
   <soapenv:Body>
      <v1:getPropertyByEnterpriseNRRequest>
         <v1:messageContext>
            <v11:messageId>${=import static java.util.UUID.randomUUID; uuid = randomUUID() as String}</v11:messageId>
            <v11:timestamp>${=new java.text.SimpleDateFormat("yyyy-MM-dd'T'HH:mm:ss.SSS").format(new Date())}</v11:timestamp>
         </v1:messageContext>
         <v1:legalContext>ServiceIntegrator</v1:legalContext>
         <v1:request>
            <language>F</language>
            <coOwners>false</coOwners>
            <!--Optional:-->
            <showAddress>true</showAddress>
            <cadastralDivision>21372</cadastralDivision>
            <!--Optional:-->            
            <administrativeCommunNumber>21006</administrativeCommunNumber>
            <history>false</history>
            <kbo>0456810810</kbo>
         </v1:request>
      </v1:getPropertyByEnterpriseNRRequest>
   </soapenv:Body>
</soapenv:Envelope>]]></con:request><con:credentials><con:selectedAuthProfile>Basic</con:selectedAuthProfile><con:addedBasicAuthenticationTypes>Basic</con:addedBasicAuthenticationTypes><con:authType>Global HTTP Settings</con:authType></con:credentials><con:jmsConfig JMSDeliveryMode="PERSISTENT"/><con:jmsPropertyConfig/><con:wsaConfig mustUnderstand="NONE" version="200508" action="http://fidus.brussels/services/realestateservice/getPropertyByEnterpriseNR"/><con:wsrmConfig version="1.2"/></con:call></con:operation><con:operation id="2bd34b66-558c-4f40-942b-e73586526019" isOneWay="false" action="http://fidus.brussels/services/realestateservice/getListDivisionWithPropertyByNRN" name="getListDivisionWithPropertyByNRN" bindingOperationName="getListDivisionWithPropertyByNRN" type="Request-Response" inputName="" receivesAttachments="false" sendsAttachments="false" anonymous="optional"><con:settings/><con:call id="7b522cfa-7d40-4979-802e-3be554361d2f" name="1 - Local - Request" outgoingWss="Outflow DEV" incomingWss="Inflow DEV"><con:settings><con:setting id="com.eviware.soapui.impl.wsdl.WsdlRequest@request-headers">&lt;xml-fragment/></con:setting></con:settings><con:encoding>UTF-8</con:encoding><con:endpoint>https://localhost:8243/services/RealEstateService_v1.3</con:endpoint><con:request><![CDATA[<soapenv:Envelope xmlns:soapenv="http://schemas.xmlsoap.org/soap/envelope/" xmlns:v1="http://fidus.brussels/service/realestateservice/messages/v1" xmlns:v11="http://fidus.brussels/type/common/messages/v1">
   <soapenv:Header/>
   <soapenv:Body>
      <v1:getListDivisionWithPropertyByNRNRequest>
         <v1:messageContext>
            <v11:messageId>${=import static java.util.UUID.randomUUID; uuid = randomUUID() as String}</v11:messageId>
            <v11:timestamp>${=new java.text.SimpleDateFormat("yyyy-MM-dd'T'HH:mm:ss.SSS").format(new Date())}</v11:timestamp>
         </v1:messageContext>
         <v1:legalContext>ServiceIntegrator</v1:legalContext>
         <v1:request>
            <language>F</language>
            <nrn>32061501852</nrn>         
            <history>true</history>
         </v1:request>
      </v1:getListDivisionWithPropertyByNRNRequest>
   </soapenv:Body>
</soapenv:Envelope>]]></con:request><con:credentials><con:selectedAuthProfile>Basic</con:selectedAuthProfile><con:addedBasicAuthenticationTypes>Basic</con:addedBasicAuthenticationTypes><con:authType>Global HTTP Settings</con:authType></con:credentials><con:jmsConfig JMSDeliveryMode="PERSISTENT"/><con:jmsPropertyConfig/><con:wsaConfig mustUnderstand="NONE" version="200508" action="http://fidus.brussels/services/realestateservice/getListDivisionWithPropertyByNRN"/><con:wsrmConfig version="1.2"/></con:call><con:call id="74f1f434-0785-4472-b76e-0025726b202b" name="2 - Dev - Request" outgoingWss="Outflow DEV" incomingWss="Inflow DEV"><con:settings><con:setting id="com.eviware.soapui.impl.wsdl.WsdlRequest@request-headers">&lt;xml-fragment/></con:setting></con:settings><con:encoding>UTF-8</con:encoding><con:endpoint>https://192.168.36.61:8243/services/RealEstateService_v1.3</con:endpoint><con:request><![CDATA[<soapenv:Envelope xmlns:soapenv="http://schemas.xmlsoap.org/soap/envelope/" xmlns:v1="http://fidus.brussels/service/realestateservice/messages/v1" xmlns:v11="http://fidus.brussels/type/common/messages/v1">
   <soapenv:Header/>
   <soapenv:Body>
      <v1:getListDivisionWithPropertyByNRNRequest>
         <v1:messageContext>
            <v11:messageId>${=import static java.util.UUID.randomUUID; uuid = randomUUID() as String}</v11:messageId>
            <v11:timestamp>${=new java.text.SimpleDateFormat("yyyy-MM-dd'T'HH:mm:ss.SSS").format(new Date())}</v11:timestamp>
         </v1:messageContext>
         <v1:legalContext>ServiceIntegrator</v1:legalContext>
         <v1:request>
            <language>F</language>
            <nrn>32061501852</nrn>         
            <history>true</history>
         </v1:request>
      </v1:getListDivisionWithPropertyByNRNRequest>
   </soapenv:Body>
</soapenv:Envelope>]]></con:request><con:credentials><con:selectedAuthProfile>Basic</con:selectedAuthProfile><con:addedBasicAuthenticationTypes>Basic</con:addedBasicAuthenticationTypes><con:authType>Global HTTP Settings</con:authType></con:credentials><con:jmsConfig JMSDeliveryMode="PERSISTENT"/><con:jmsPropertyConfig/><con:wsaConfig mustUnderstand="NONE" version="200508" action="http://fidus.brussels/services/realestateservice/getListDivisionWithPropertyByNRN"/><con:wsrmConfig version="1.2"/></con:call><con:call id="ddebece6-f857-48f4-8d6f-b76f8017d8ce" name="3 - Test - External - Request" outgoingWss="Outflow TEST" incomingWss="Inflow TEST"><con:settings><con:setting id="com.eviware.soapui.impl.wsdl.WsdlRequest@request-headers">&lt;xml-fragment/></con:setting></con:settings><con:encoding>UTF-8</con:encoding><con:endpoint>https://fidus-test.irisnetlab.be/services/RealEstateService_v1.3</con:endpoint><con:request><![CDATA[<soapenv:Envelope xmlns:soapenv="http://schemas.xmlsoap.org/soap/envelope/" xmlns:v1="http://fidus.brussels/service/realestateservice/messages/v1" xmlns:v11="http://fidus.brussels/type/common/messages/v1">
   <soapenv:Header/>
   <soapenv:Body>
      <v1:getListDivisionWithPropertyByNRNRequest>
         <v1:messageContext>
            <v11:messageId>${=import static java.util.UUID.randomUUID; uuid = randomUUID() as String}</v11:messageId>
            <v11:timestamp>${=new java.text.SimpleDateFormat("yyyy-MM-dd'T'HH:mm:ss.SSS").format(new Date())}</v11:timestamp>
         </v1:messageContext>
         <v1:legalContext>ServiceIntegrator</v1:legalContext>
         <v1:request>
            <language>F</language>
            <nrn>32061501852</nrn>         
            <history>true</history>
         </v1:request>
      </v1:getListDivisionWithPropertyByNRNRequest>
   </soapenv:Body>
</soapenv:Envelope>]]></con:request><con:credentials><con:selectedAuthProfile>Basic</con:selectedAuthProfile><con:addedBasicAuthenticationTypes>Basic</con:addedBasicAuthenticationTypes><con:authType>Global HTTP Settings</con:authType></con:credentials><con:jmsConfig JMSDeliveryMode="PERSISTENT"/><con:jmsPropertyConfig/><con:wsaConfig mustUnderstand="NONE" version="200508" action="http://fidus.brussels/services/realestateservice/getListDivisionWithPropertyByNRN"/><con:wsrmConfig version="1.2"/></con:call><con:call id="35aa25a9-beea-42b0-a9ca-68559f49f3e3" name="3 - Test - Worker 1 - Request" outgoingWss="Outflow TEST" incomingWss="Inflow TEST"><con:settings><con:setting id="com.eviware.soapui.impl.wsdl.WsdlRequest@request-headers">&lt;xml-fragment/></con:setting></con:settings><con:encoding>UTF-8</con:encoding><con:endpoint>https://192.168.22.53:8443/services/RealEstateService_v1.3</con:endpoint><con:request><![CDATA[<soapenv:Envelope xmlns:soapenv="http://schemas.xmlsoap.org/soap/envelope/" xmlns:v1="http://fidus.brussels/service/realestateservice/messages/v1" xmlns:v11="http://fidus.brussels/type/common/messages/v1">
   <soapenv:Header/>
   <soapenv:Body>
      <v1:getListDivisionWithPropertyByNRNRequest>
         <v1:messageContext>
            <v11:messageId>${=import static java.util.UUID.randomUUID; uuid = randomUUID() as String}</v11:messageId>
            <v11:timestamp>${=new java.text.SimpleDateFormat("yyyy-MM-dd'T'HH:mm:ss.SSS").format(new Date())}</v11:timestamp>
         </v1:messageContext>
         <v1:legalContext>ServiceIntegrator</v1:legalContext>
         <v1:request>
            <language>F</language>
            <nrn>32061501852</nrn>         
            <history>true</history>
         </v1:request>
      </v1:getListDivisionWithPropertyByNRNRequest>
   </soapenv:Body>
</soapenv:Envelope>]]></con:request><con:credentials><con:selectedAuthProfile>Basic</con:selectedAuthProfile><con:addedBasicAuthenticationTypes>Basic</con:addedBasicAuthenticationTypes><con:authType>Global HTTP Settings</con:authType></con:credentials><con:jmsConfig JMSDeliveryMode="PERSISTENT"/><con:jmsPropertyConfig/><con:wsaConfig mustUnderstand="NONE" version="200508" action="http://fidus.brussels/services/realestateservice/getListDivisionWithPropertyByNRN"/><con:wsrmConfig version="1.2"/></con:call><con:call id="ebe11da5-6c1b-4d99-b197-64fc2bd6e6d9" name="3 - Test - Worker 2 - Request"><con:settings><con:setting id="com.eviware.soapui.impl.wsdl.WsdlRequest@request-headers">&lt;xml-fragment/></con:setting></con:settings><con:encoding>UTF-8</con:encoding><con:endpoint>https://192.168.22.54:8443/services/RealEstateService_v1.3</con:endpoint><con:request><![CDATA[<soapenv:Envelope xmlns:soapenv="http://schemas.xmlsoap.org/soap/envelope/" xmlns:v1="http://fidus.brussels/service/realestateservice/messages/v1" xmlns:v11="http://fidus.brussels/type/common/messages/v1">
   <soapenv:Header/>
   <soapenv:Body>
      <v1:getListDivisionWithPropertyByNRNRequest>
         <v1:messageContext>
            <v11:messageId>${=import static java.util.UUID.randomUUID; uuid = randomUUID() as String}</v11:messageId>
            <v11:timestamp>${=new java.text.SimpleDateFormat("yyyy-MM-dd'T'HH:mm:ss.SSS").format(new Date())}</v11:timestamp>
         </v1:messageContext>
         <v1:legalContext>ServiceIntegrator</v1:legalContext>
         <v1:request>
            <language>F</language>
            <nrn>32061501852</nrn>         
            <history>true</history>
         </v1:request>
      </v1:getListDivisionWithPropertyByNRNRequest>
   </soapenv:Body>
</soapenv:Envelope>]]></con:request><con:credentials><con:selectedAuthProfile>Basic</con:selectedAuthProfile><con:addedBasicAuthenticationTypes>Basic</con:addedBasicAuthenticationTypes><con:authType>Global HTTP Settings</con:authType></con:credentials><con:jmsConfig JMSDeliveryMode="PERSISTENT"/><con:jmsPropertyConfig/><con:wsaConfig mustUnderstand="NONE" version="200508" action="http://fidus.brussels/services/realestateservice/getListDivisionWithPropertyByNRN"/><con:wsrmConfig version="1.2"/></con:call><con:call id="b89c6275-5b00-4d0c-8bc1-fa1a798d712f" name="3 - Test - LB - Request" outgoingWss="Outflow TEST" incomingWss="Inflow TEST"><con:settings><con:setting id="com.eviware.soapui.impl.wsdl.WsdlRequest@request-headers">&lt;xml-fragment/></con:setting></con:settings><con:encoding>UTF-8</con:encoding><con:endpoint>https://esb-security-gw.sta.srv.cirb.lan:8443/services/RealEstateService_v1.3</con:endpoint><con:request><![CDATA[<soapenv:Envelope xmlns:soapenv="http://schemas.xmlsoap.org/soap/envelope/" xmlns:v1="http://fidus.brussels/service/realestateservice/messages/v1" xmlns:v11="http://fidus.brussels/type/common/messages/v1">
   <soapenv:Header/>
   <soapenv:Body>
      <v1:getListDivisionWithPropertyByNRNRequest>
         <v1:messageContext>
            <v11:messageId>${=import static java.util.UUID.randomUUID; uuid = randomUUID() as String}</v11:messageId>
            <v11:timestamp>${=new java.text.SimpleDateFormat("yyyy-MM-dd'T'HH:mm:ss.SSS").format(new Date())}</v11:timestamp>
         </v1:messageContext>
         <v1:legalContext>ServiceIntegrator</v1:legalContext>
         <v1:request>
            <language>F</language>
            <nrn>32061501852</nrn>         
            <history>true</history>
         </v1:request>
      </v1:getListDivisionWithPropertyByNRNRequest>
   </soapenv:Body>
</soapenv:Envelope>]]></con:request><con:credentials><con:selectedAuthProfile>Basic</con:selectedAuthProfile><con:addedBasicAuthenticationTypes>Basic</con:addedBasicAuthenticationTypes><con:authType>Global HTTP Settings</con:authType></con:credentials><con:jmsConfig JMSDeliveryMode="PERSISTENT"/><con:jmsPropertyConfig/><con:wsaConfig mustUnderstand="NONE" version="200508" action="http://fidus.brussels/services/realestateservice/getListDivisionWithPropertyByNRN"/><con:wsrmConfig version="1.2"/></con:call><con:call id="773ac302-cbcc-4640-a749-d9b81ae196f0" name="4 - Staging - External - Request" outgoingWss="Outflow STAGING" incomingWss="Inflow STAGING"><con:settings><con:setting id="com.eviware.soapui.impl.wsdl.WsdlRequest@request-headers">&lt;xml-fragment/></con:setting></con:settings><con:encoding>UTF-8</con:encoding><con:endpoint>https://fidus.irisnetlab.be/services/RealEstateService_v1.3</con:endpoint><con:request><![CDATA[<soapenv:Envelope xmlns:soapenv="http://schemas.xmlsoap.org/soap/envelope/" xmlns:v1="http://fidus.brussels/service/realestateservice/messages/v1" xmlns:v11="http://fidus.brussels/type/common/messages/v1">
   <soapenv:Header/>
   <soapenv:Body>
      <v1:getListDivisionWithPropertyByNRNRequest>
         <v1:messageContext>
            <v11:messageId>${=import static java.util.UUID.randomUUID; uuid = randomUUID() as String}</v11:messageId>
            <v11:timestamp>${=new java.text.SimpleDateFormat("yyyy-MM-dd'T'HH:mm:ss.SSS").format(new Date())}</v11:timestamp>
         </v1:messageContext>
         <v1:legalContext>ServiceIntegrator</v1:legalContext>
         <v1:request>
            <language>F</language>
            <nrn>32061501852</nrn>         
            <history>true</history>
         </v1:request>
      </v1:getListDivisionWithPropertyByNRNRequest>
   </soapenv:Body>
</soapenv:Envelope>]]></con:request><con:credentials><con:selectedAuthProfile>Basic</con:selectedAuthProfile><con:addedBasicAuthenticationTypes>Basic</con:addedBasicAuthenticationTypes><con:authType>Global HTTP Settings</con:authType></con:credentials><con:jmsConfig JMSDeliveryMode="PERSISTENT"/><con:jmsPropertyConfig/><con:wsaConfig mustUnderstand="NONE" version="200508" action="http://fidus.brussels/services/realestateservice/getListDivisionWithPropertyByNRN"/><con:wsrmConfig version="1.2"/></con:call><con:call id="80ba579c-08cc-4f95-b7ee-367398f0c1e4" name="4 - Staging - LB - Request" outgoingWss="Outflow STAGING" incomingWss="Inflow STAGING"><con:settings><con:setting id="com.eviware.soapui.impl.wsdl.WsdlRequest@request-headers">&lt;xml-fragment/></con:setting></con:settings><con:encoding>UTF-8</con:encoding><con:endpoint>https://fidus-esb-sg.sta.srv.cirb.lan:8443/services/RealEstateService_v1.3</con:endpoint><con:request><![CDATA[<soapenv:Envelope xmlns:soapenv="http://schemas.xmlsoap.org/soap/envelope/" xmlns:v1="http://fidus.brussels/service/realestateservice/messages/v1" xmlns:v11="http://fidus.brussels/type/common/messages/v1">
   <soapenv:Header/>
   <soapenv:Body>
      <v1:getListDivisionWithPropertyByNRNRequest>
         <v1:messageContext>
            <v11:messageId>${=import static java.util.UUID.randomUUID; uuid = randomUUID() as String}</v11:messageId>
            <v11:timestamp>${=new java.text.SimpleDateFormat("yyyy-MM-dd'T'HH:mm:ss.SSS").format(new Date())}</v11:timestamp>
         </v1:messageContext>
         <v1:legalContext>ServiceIntegrator</v1:legalContext>
         <v1:request>
            <language>F</language>
            <nrn>32061501852</nrn>         
            <history>true</history>
         </v1:request>
      </v1:getListDivisionWithPropertyByNRNRequest>
   </soapenv:Body>
</soapenv:Envelope>]]></con:request><con:credentials><con:selectedAuthProfile>Basic</con:selectedAuthProfile><con:addedBasicAuthenticationTypes>Basic</con:addedBasicAuthenticationTypes><con:authType>Global HTTP Settings</con:authType></con:credentials><con:jmsConfig JMSDeliveryMode="PERSISTENT"/><con:jmsPropertyConfig/><con:wsaConfig mustUnderstand="NONE" version="200508" action="http://fidus.brussels/services/realestateservice/getListDivisionWithPropertyByNRN"/><con:wsrmConfig version="1.2"/></con:call><con:call id="2a721fbf-41b0-4596-850c-702477330221" name="4 - Staging - Worker 1 - Request" outgoingWss="Outflow STAGING" incomingWss="Inflow STAGING"><con:settings><con:setting id="com.eviware.soapui.impl.wsdl.WsdlRequest@request-headers">&lt;xml-fragment/></con:setting></con:settings><con:encoding>UTF-8</con:encoding><con:endpoint>https://192.168.24.16:8443/services/RealEstateService_v1.3</con:endpoint><con:request><![CDATA[<soapenv:Envelope xmlns:soapenv="http://schemas.xmlsoap.org/soap/envelope/" xmlns:v1="http://fidus.brussels/service/realestateservice/messages/v1" xmlns:v11="http://fidus.brussels/type/common/messages/v1">
   <soapenv:Header/>
   <soapenv:Body>
      <v1:getListDivisionWithPropertyByNRNRequest>
         <v1:messageContext>
            <v11:messageId>${=import static java.util.UUID.randomUUID; uuid = randomUUID() as String}</v11:messageId>
            <v11:timestamp>${=new java.text.SimpleDateFormat("yyyy-MM-dd'T'HH:mm:ss.SSS").format(new Date())}</v11:timestamp>
         </v1:messageContext>
         <v1:legalContext>ServiceIntegrator</v1:legalContext>
         <v1:request>
            <language>F</language>
            <nrn>32061501852</nrn>         
            <history>true</history>
         </v1:request>
      </v1:getListDivisionWithPropertyByNRNRequest>
   </soapenv:Body>
</soapenv:Envelope>]]></con:request><con:credentials><con:selectedAuthProfile>Basic</con:selectedAuthProfile><con:addedBasicAuthenticationTypes>Basic</con:addedBasicAuthenticationTypes><con:authType>Global HTTP Settings</con:authType></con:credentials><con:jmsConfig JMSDeliveryMode="PERSISTENT"/><con:jmsPropertyConfig/><con:wsaConfig mustUnderstand="NONE" version="200508" action="http://fidus.brussels/services/realestateservice/getListDivisionWithPropertyByNRN"/><con:wsrmConfig version="1.2"/></con:call><con:call id="15e13a60-ef7b-48ee-941e-b518fdf1bbbf" name="4 - Staging - Worker 2 - Request" outgoingWss="Outflow STAGING" incomingWss="Inflow STAGING"><con:settings><con:setting id="com.eviware.soapui.impl.wsdl.WsdlRequest@request-headers">&lt;xml-fragment/></con:setting></con:settings><con:encoding>UTF-8</con:encoding><con:endpoint>https://192.168.24.17:8443/services/RealEstateService_v1.3</con:endpoint><con:request><![CDATA[<soapenv:Envelope xmlns:soapenv="http://schemas.xmlsoap.org/soap/envelope/" xmlns:v1="http://fidus.brussels/service/realestateservice/messages/v1" xmlns:v11="http://fidus.brussels/type/common/messages/v1">
   <soapenv:Header/>
   <soapenv:Body>
      <v1:getListDivisionWithPropertyByNRNRequest>
         <v1:messageContext>
            <v11:messageId>${=import static java.util.UUID.randomUUID; uuid = randomUUID() as String}</v11:messageId>
            <v11:timestamp>${=new java.text.SimpleDateFormat("yyyy-MM-dd'T'HH:mm:ss.SSS").format(new Date())}</v11:timestamp>
         </v1:messageContext>
         <v1:legalContext>ServiceIntegrator</v1:legalContext>
         <v1:request>
            <language>F</language>
            <nrn>32061501852</nrn>         
            <history>true</history>
         </v1:request>
      </v1:getListDivisionWithPropertyByNRNRequest>
   </soapenv:Body>
</soapenv:Envelope>]]></con:request><con:credentials><con:selectedAuthProfile>Basic</con:selectedAuthProfile><con:addedBasicAuthenticationTypes>Basic</con:addedBasicAuthenticationTypes><con:authType>Global HTTP Settings</con:authType></con:credentials><con:jmsConfig JMSDeliveryMode="PERSISTENT"/><con:jmsPropertyConfig/><con:wsaConfig mustUnderstand="NONE" version="200508" action="http://fidus.brussels/services/realestateservice/getListDivisionWithPropertyByNRN"/><con:wsrmConfig version="1.2"/></con:call><con:call id="1c628283-49fa-4c09-b7d6-6088e57450dd" name="5 - Prod - External - Request" outgoingWss="Outflow PROD" incomingWss="Inflow PROD"><con:settings><con:setting id="com.eviware.soapui.impl.wsdl.WsdlRequest@request-headers">&lt;xml-fragment/></con:setting></con:settings><con:encoding>UTF-8</con:encoding><con:endpoint>https://fidus.sec.brussels/services/RealEstateService_v1.3</con:endpoint><con:request><![CDATA[<soapenv:Envelope xmlns:soapenv="http://schemas.xmlsoap.org/soap/envelope/" xmlns:v1="http://fidus.brussels/service/realestateservice/messages/v1" xmlns:v11="http://fidus.brussels/type/common/messages/v1">
   <soapenv:Header/>
   <soapenv:Body>
      <v1:getListDivisionWithPropertyByNRNRequest>
         <v1:messageContext>
            <v11:messageId>${=import static java.util.UUID.randomUUID; uuid = randomUUID() as String}</v11:messageId>
            <v11:timestamp>${=new java.text.SimpleDateFormat("yyyy-MM-dd'T'HH:mm:ss.SSS").format(new Date())}</v11:timestamp>
         </v1:messageContext>
         <v1:legalContext>ServiceIntegrator</v1:legalContext>
         <v1:request>
            <language>F</language>
            <nrn>32061501852</nrn>         
            <history>true</history>
         </v1:request>
      </v1:getListDivisionWithPropertyByNRNRequest>
   </soapenv:Body>
</soapenv:Envelope>]]></con:request><con:credentials><con:selectedAuthProfile>Basic</con:selectedAuthProfile><con:addedBasicAuthenticationTypes>Basic</con:addedBasicAuthenticationTypes><con:authType>Global HTTP Settings</con:authType></con:credentials><con:jmsConfig JMSDeliveryMode="PERSISTENT"/><con:jmsPropertyConfig/><con:wsaConfig mustUnderstand="NONE" version="200508" action="http://fidus.brussels/services/realestateservice/getListDivisionWithPropertyByNRN"/><con:wsrmConfig version="1.2"/></con:call><con:call id="148a48ec-f89f-4f7c-a8f9-1b37fd7ecd77" name="5 - Prod - LB - Request" outgoingWss="Outflow PROD" incomingWss="Inflow PROD"><con:settings><con:setting id="com.eviware.soapui.impl.wsdl.WsdlRequest@request-headers">&lt;xml-fragment/></con:setting></con:settings><con:encoding>UTF-8</con:encoding><con:endpoint>https://fidus-esb-sg.prd.srv.cirb.lan:8443/services/RealEstateService_v1.3</con:endpoint><con:request><![CDATA[<soapenv:Envelope xmlns:soapenv="http://schemas.xmlsoap.org/soap/envelope/" xmlns:v1="http://fidus.brussels/service/realestateservice/messages/v1" xmlns:v11="http://fidus.brussels/type/common/messages/v1">
   <soapenv:Header/>
   <soapenv:Body>
      <v1:getListDivisionWithPropertyByNRNRequest>
         <v1:messageContext>
            <v11:messageId>${=import static java.util.UUID.randomUUID; uuid = randomUUID() as String}</v11:messageId>
            <v11:timestamp>${=new java.text.SimpleDateFormat("yyyy-MM-dd'T'HH:mm:ss.SSS").format(new Date())}</v11:timestamp>
         </v1:messageContext>
         <v1:legalContext>ServiceIntegrator</v1:legalContext>
         <v1:request>
            <language>F</language>
            <nrn>32061501852</nrn>         
            <history>true</history>
         </v1:request>
      </v1:getListDivisionWithPropertyByNRNRequest>
   </soapenv:Body>
</soapenv:Envelope>]]></con:request><con:credentials><con:selectedAuthProfile>Basic</con:selectedAuthProfile><con:addedBasicAuthenticationTypes>Basic</con:addedBasicAuthenticationTypes><con:authType>Global HTTP Settings</con:authType></con:credentials><con:jmsConfig JMSDeliveryMode="PERSISTENT"/><con:jmsPropertyConfig/><con:wsaConfig mustUnderstand="NONE" version="200508" action="http://fidus.brussels/services/realestateservice/getListDivisionWithPropertyByNRN"/><con:wsrmConfig version="1.2"/></con:call><con:call id="34a11c46-5a53-4b10-8ec3-5e05cd66257f" name="5 - Prod - Worker1 - Request" outgoingWss="Outflow PROD" incomingWss="Inflow PROD"><con:settings><con:setting id="com.eviware.soapui.impl.wsdl.WsdlRequest@request-headers">&lt;xml-fragment/></con:setting></con:settings><con:encoding>UTF-8</con:encoding><con:endpoint>https://192.168.26.19:8443/services/RealEstateService_v1.3</con:endpoint><con:request><![CDATA[<soapenv:Envelope xmlns:soapenv="http://schemas.xmlsoap.org/soap/envelope/" xmlns:v1="http://fidus.brussels/service/realestateservice/messages/v1" xmlns:v11="http://fidus.brussels/type/common/messages/v1">
   <soapenv:Header/>
   <soapenv:Body>
      <v1:getListDivisionWithPropertyByNRNRequest>
         <v1:messageContext>
            <v11:messageId>${=import static java.util.UUID.randomUUID; uuid = randomUUID() as String}</v11:messageId>
            <v11:timestamp>${=new java.text.SimpleDateFormat("yyyy-MM-dd'T'HH:mm:ss.SSS").format(new Date())}</v11:timestamp>
         </v1:messageContext>
         <v1:legalContext>ServiceIntegrator</v1:legalContext>
         <v1:request>
            <language>F</language>
            <nrn>32061501852</nrn>         
            <history>true</history>
         </v1:request>
      </v1:getListDivisionWithPropertyByNRNRequest>
   </soapenv:Body>
</soapenv:Envelope>]]></con:request><con:credentials><con:selectedAuthProfile>Basic</con:selectedAuthProfile><con:addedBasicAuthenticationTypes>Basic</con:addedBasicAuthenticationTypes><con:authType>Global HTTP Settings</con:authType></con:credentials><con:jmsConfig JMSDeliveryMode="PERSISTENT"/><con:jmsPropertyConfig/><con:wsaConfig mustUnderstand="NONE" version="200508" action="http://fidus.brussels/services/realestateservice/getListDivisionWithPropertyByNRN"/><con:wsrmConfig version="1.2"/></con:call><con:call id="71ce7ea3-a0ca-4e29-94e7-e671777dcde7" name="5 - Prod - Worker2 - Request" outgoingWss="Outflow PROD" incomingWss="Inflow PROD"><con:settings><con:setting id="com.eviware.soapui.impl.wsdl.WsdlRequest@request-headers">&lt;xml-fragment/></con:setting></con:settings><con:encoding>UTF-8</con:encoding><con:endpoint>https://192.168.26.22:8443/services/RealEstateService_v1.3</con:endpoint><con:request><![CDATA[<soapenv:Envelope xmlns:soapenv="http://schemas.xmlsoap.org/soap/envelope/" xmlns:v1="http://fidus.brussels/service/realestateservice/messages/v1" xmlns:v11="http://fidus.brussels/type/common/messages/v1">
   <soapenv:Header/>
   <soapenv:Body>
      <v1:getListDivisionWithPropertyByNRNRequest>
         <v1:messageContext>
            <v11:messageId>${=import static java.util.UUID.randomUUID; uuid = randomUUID() as String}</v11:messageId>
            <v11:timestamp>${=new java.text.SimpleDateFormat("yyyy-MM-dd'T'HH:mm:ss.SSS").format(new Date())}</v11:timestamp>
         </v1:messageContext>
         <v1:legalContext>ServiceIntegrator</v1:legalContext>
         <v1:request>
            <language>F</language>
            <nrn>32061501852</nrn>         
            <history>true</history>
         </v1:request>
      </v1:getListDivisionWithPropertyByNRNRequest>
   </soapenv:Body>
</soapenv:Envelope>]]></con:request><con:credentials><con:selectedAuthProfile>Basic</con:selectedAuthProfile><con:addedBasicAuthenticationTypes>Basic</con:addedBasicAuthenticationTypes><con:authType>Global HTTP Settings</con:authType></con:credentials><con:jmsConfig JMSDeliveryMode="PERSISTENT"/><con:jmsPropertyConfig/><con:wsaConfig mustUnderstand="NONE" version="200508" action="http://fidus.brussels/services/realestateservice/getListDivisionWithPropertyByNRN"/><con:wsrmConfig version="1.2"/></con:call></con:operation></con:interface>
  <con:testSuite id="04a8d186-9357-4f19-8713-2ed184629a8f" name="DEV"><con:settings/><con:runType>SEQUENTIAL</con:runType><con:testCase id="4f90ce4a-9395-4253-a914-4fa4a7a33ba7" failOnError="true" failTestCaseOnErrors="true" keepSession="false" maxResults="0" name="findPropertiesTxByCriteria" searchProperties="true"><con:settings/><con:testStep type="request" id="af49e66e-d561-4463-9e3f-b29b0b459f60" name="testcase2 - Dev - Request"><con:settings/><con:config xsi:type="con:RequestStep" xmlns:xsi="http://www.w3.org/2001/XMLSchema-instance"><con:interface>RealEstateServiceHTTPBinding</con:interface><con:operation>findPropertiesTxByCriteria</con:operation><con:request name="testcase2 - Dev - Request" id="94bb590c-d629-4035-971c-89699246c4dc" outgoingWss="Outflow DEV"><con:settings/><con:encoding>UTF-8</con:encoding><con:endpoint>https://192.168.36.61:8243/services/RealEstateService_v1.3</con:endpoint><con:request><![CDATA[<soapenv:Envelope xmlns:soapenv="http://schemas.xmlsoap.org/soap/envelope/" xmlns:v1="http://fidus.brussels/service/realestateservice/messages/v1" xmlns:v11="http://fidus.brussels/type/common/messages/v1" xmlns:dir="http://www.minfin.fgov.be/schemas/esb/consultimmotx/direct" xmlns:ns="http://www.minfin.fgov.be/schemas/esb/canonical/base/1">
   <soapenv:Header/>
   <soapenv:Body>
      <v1:findPropertiesTxByCriteriaRequest>
         <v1:messageContext>
            <v11:messageId>${=import static java.util.UUID.randomUUID; uuid = randomUUID() as String}</v11:messageId>
            <v11:timestamp>${=new java.text.SimpleDateFormat("yyyy-MM-dd'T'HH:mm:ss.SSS").format(new Date())}</v11:timestamp>
         </v1:messageContext>
         <v1:legalContext>ServiceIntegrator</v1:legalContext>         
         <v1:request>
	       <dir:province>40000</dir:province>
	       <dir:adminCommune>42008</dir:adminCommune>
	       <dir:typeInscription>82</dir:typeInscription>
	       <dir:deedDate>
	          <ns:start>2010-01-01</ns:start>
	          <ns:end>2010-04-30</ns:end>
	       </dir:deedDate>
	       <dir:natureCode>220</dir:natureCode>
	       <dir:natureCodeDeed>32</dir:natureCodeDeed>
         </v1:request>
      </v1:findPropertiesTxByCriteriaRequest>
   </soapenv:Body>
</soapenv:Envelope>]]></con:request><con:assertion type="SOAP Fault Assertion" id="733afdf3-4380-4f52-889c-854fc05cdb1f" name="Not SOAP Fault"/><con:assertion type="SOAP Response" id="6ee8e430-b5f2-4649-8e3d-00fc2dfe6ef3" name="SOAP Response"/><con:assertion type="Schema Compliance" id="4bac4cd0-c491-464c-bf6e-9424d23d3717" name="Schema Compliance"><con:configuration/></con:assertion><con:wsaConfig action="http://fidus.brussels/services/realestateservice/findPropertiesTxByCriteria"/></con:request></con:config></con:testStep><con:properties/></con:testCase><con:testCase id="c143bf21-4d98-4317-b9bd-0f10e4ece90a" failOnError="true" failTestCaseOnErrors="true" keepSession="false" maxResults="0" name="findCommunitiesBySearchToken" searchProperties="true"><con:settings/><con:testStep type="request" id="ce9cd7f5-fda7-4e16-be82-01d5bd1cb7d7" name="testcase2 - Dev - Request"><con:settings/><con:config xsi:type="con:RequestStep" xmlns:xsi="http://www.w3.org/2001/XMLSchema-instance"><con:interface>RealEstateServiceHTTPBinding</con:interface><con:operation>findCommunitiesBySearchToken</con:operation><con:request name="testcase2 - Dev - Request" id="824ffff8-bf90-4582-ba1a-a1358dd9c8b6" outgoingWss="Outflow DEV"><con:settings/><con:encoding>UTF-8</con:encoding><con:endpoint>https://192.168.36.61:8243/services/RealEstateService_v1.3</con:endpoint><con:request><![CDATA[<soapenv:Envelope xmlns:soapenv="http://schemas.xmlsoap.org/soap/envelope/" xmlns:v1="http://fidus.brussels/service/realestateservice/messages/v1" xmlns:v11="http://fidus.brussels/type/common/messages/v1">
   <soapenv:Header/>
   <soapenv:Body>
      <v1:findCommunitiesBySearchTokenRequest>
         <v1:messageContext>
            <v11:messageId>${=import static java.util.UUID.randomUUID; uuid = randomUUID() as String}</v11:messageId>
            <v11:timestamp>${=new java.text.SimpleDateFormat("yyyy-MM-dd'T'HH:mm:ss.SSS").format(new Date())}</v11:timestamp>
         </v1:messageContext>
         <v1:legalContext>ServiceIntegrator</v1:legalContext>
         <v1:request>
            <language>F</language>
            <searchToken>WOLU</searchToken>
         </v1:request>
      </v1:findCommunitiesBySearchTokenRequest>
   </soapenv:Body>
</soapenv:Envelope>]]></con:request><con:assertion type="SOAP Fault Assertion" id="3af08e33-4ac2-463b-a878-189acd6c9ab0" name="Not SOAP Fault"/><con:assertion type="SOAP Response" id="a888cfce-9c6c-4e1c-bd71-aa9d45b35f28" name="SOAP Response"/><con:assertion type="Schema Compliance" id="b32ee919-1e31-4aaf-b1e3-0a9453c48c58" name="Schema Compliance"><con:configuration/></con:assertion><con:wsaConfig action="http://fidus.brussels/services/realestateservice/findCommunitiesBySearchToken"/></con:request></con:config></con:testStep><con:properties/></con:testCase><con:testCase id="6b6b9725-809c-4540-8c4e-0366cb7bae04" failOnError="true" failTestCaseOnErrors="true" keepSession="false" maxResults="0" name="findStreetsBySearchToken" searchProperties="true"><con:settings/><con:testStep type="request" id="c2bc0d4f-583d-4836-a347-044788ceec93" name="testcase2 - Dev - Request"><con:settings/><con:config xsi:type="con:RequestStep" xmlns:xsi="http://www.w3.org/2001/XMLSchema-instance"><con:interface>RealEstateServiceHTTPBinding</con:interface><con:operation>findStreetsBySearchToken</con:operation><con:request name="testcase2 - Dev - Request" id="50a6d71c-9fd8-48c5-88b6-873be5cdb5d7" outgoingWss="Outflow DEV"><con:settings/><con:encoding>UTF-8</con:encoding><con:endpoint>https://192.168.36.61:8243/services/RealEstateService_v1.3</con:endpoint><con:request><![CDATA[<soapenv:Envelope xmlns:soapenv="http://schemas.xmlsoap.org/soap/envelope/" xmlns:v1="http://fidus.brussels/service/realestateservice/messages/v1" xmlns:v11="http://fidus.brussels/type/common/messages/v1">
   <soapenv:Header/>
   <soapenv:Body>
      <v1:findStreetsBySearchTokenRequest>
         <v1:messageContext>
            <v11:messageId>${=import static java.util.UUID.randomUUID; uuid = randomUUID() as String}</v11:messageId>
            <v11:timestamp>${=new java.text.SimpleDateFormat("yyyy-MM-dd'T'HH:mm:ss.SSS").format(new Date())}</v11:timestamp>
         </v1:messageContext>
         <v1:request>
            <language>F</language>
            <searchToken>CUY</searchToken>
            <codeNisComId>21018</codeNisComId>
         </v1:request>
      </v1:findStreetsBySearchTokenRequest>
   </soapenv:Body>
</soapenv:Envelope>]]></con:request><con:assertion type="SOAP Fault Assertion" id="f9e7721c-d117-4398-9c84-7f64f5881e90" name="Not SOAP Fault"/><con:assertion type="SOAP Response" id="61e4b00e-719b-467e-a4ea-1c0e223bf9e5" name="SOAP Response"/><con:assertion type="Schema Compliance" id="a5fbec11-be9d-42ab-ae61-cca093296009" name="Schema Compliance"><con:configuration/></con:assertion><con:wsaConfig action="http://fidus.brussels/services/realestateservice/findStreetsBySearchToken"/></con:request></con:config></con:testStep><con:properties/></con:testCase><con:testCase id="f0d465e6-1e0b-48dc-9cc2-c323a73c8258" failOnError="true" failTestCaseOnErrors="true" keepSession="false" maxResults="0" name="getListForAddress" searchProperties="true"><con:settings/><con:testStep type="request" id="6a02adbf-e2da-4ea1-ba03-8e5508b5e3f4" name="testcase2 - Dev - Request"><con:settings/><con:config xsi:type="con:RequestStep" xmlns:xsi="http://www.w3.org/2001/XMLSchema-instance"><con:interface>RealEstateServiceHTTPBinding</con:interface><con:operation>getListForAddress</con:operation><con:request name="testcase2 - Dev - Request" id="393f340b-9e1e-4e25-98ea-20c9efdd5e5c" outgoingWss="Outflow DEV"><con:settings/><con:encoding>UTF-8</con:encoding><con:endpoint>https://192.168.36.61:8243/services/RealEstateService_v1.3</con:endpoint><con:request><![CDATA[<soapenv:Envelope xmlns:soapenv="http://schemas.xmlsoap.org/soap/envelope/" xmlns:v1="http://fidus.brussels/service/realestateservice/messages/v1" xmlns:v11="http://fidus.brussels/type/common/messages/v1">
   <soapenv:Header/>
   <soapenv:Body>
      <v1:getListForAddressRequest>
         <v1:messageContext>
            <v11:messageId>${=import static java.util.UUID.randomUUID; uuid = randomUUID() as String}</v11:messageId>
            <v11:timestamp>${=new java.text.SimpleDateFormat("yyyy-MM-dd'T'HH:mm:ss.SSS").format(new Date())}</v11:timestamp>
         </v1:messageContext>
         <v1:legalContext>ServiceIntegrator</v1:legalContext>
         <v1:request>
        <codeNISCommunity>21018</codeNISCommunity>
            <codeNSRStreet>00680</codeNSRStreet>
            <language>F</language>
            <!--Optional:-->
            <number>1</number>
            <maxResult>10</maxResult>
            <active>true</active>
         </v1:request>
      </v1:getListForAddressRequest>
   </soapenv:Body>
</soapenv:Envelope>]]></con:request><con:assertion type="SOAP Fault Assertion" id="eb7c7add-924e-469f-9e28-fc9061ced3ff" name="Not SOAP Fault"/><con:assertion type="SOAP Response" id="d7293206-5f67-4e6a-a39b-c68951e38f13" name="SOAP Response"/><con:assertion type="Schema Compliance" id="730088c1-5302-4477-8b65-74bb293ec936" name="Schema Compliance"><con:configuration/></con:assertion><con:wsaConfig action="http://fidus.brussels/services/realestateservice/getListForAddress"/></con:request></con:config></con:testStep><con:properties/></con:testCase><con:testCase id="c83a14f2-49b9-4953-94e4-29b1f6a8e1b1" failOnError="true" failTestCaseOnErrors="true" keepSession="false" maxResults="0" name="findPropertyByParcelId" searchProperties="true"><con:settings/><con:testStep type="request" id="8c8cc6e2-7f21-44dc-b532-bb11bcae392c" name="testcase2 - Dev - Request"><con:settings/><con:config xsi:type="con:RequestStep" xmlns:xsi="http://www.w3.org/2001/XMLSchema-instance"><con:interface>RealEstateServiceHTTPBinding</con:interface><con:operation>findPropertyByParcelId</con:operation><con:request name="testcase2 - Dev - Request" id="96ff1ec1-a262-47f9-8360-b6868d6a75a2" outgoingWss="Outflow DEV"><con:settings/><con:encoding>UTF-8</con:encoding><con:endpoint>https://192.168.36.61:8243/services/RealEstateService_v1.3</con:endpoint><con:request><![CDATA[<soapenv:Envelope xmlns:soapenv="http://schemas.xmlsoap.org/soap/envelope/" xmlns:v1="http://fidus.brussels/service/realestateservice/messages/v1" xmlns:v11="http://fidus.brussels/type/common/messages/v1">
   <soapenv:Header/>
   <soapenv:Body>
      <v1:findPropertyByParcelIdRequest>
         <v1:messageContext>
            <v11:messageId>${=import static java.util.UUID.randomUUID; uuid = randomUUID() as String}</v11:messageId>
            <v11:timestamp>${=new java.text.SimpleDateFormat("yyyy-MM-dd'T'HH:mm:ss.SSS").format(new Date())}</v11:timestamp>
         </v1:messageContext>
         <v1:legalContext>ServiceIntegrator</v1:legalContext>
         <v1:request>
            <language>F</language>
            <history>false</history>
            <!--Optional:-->
            <showAddress>false</showAddress>
            <maxResult>10</maxResult>
            <cadastralDivision>31016</cadastralDivision>
            <section>B</section>
            <primaryNumber>148</primaryNumber>
            <!--Optional:-->
            <exponentNumber>5</exponentNumber>
            <!--Optional:-->
            <exponentLetter>B</exponentLetter>
            <partNumber>P0000</partNumber>
         </v1:request>
      </v1:findPropertyByParcelIdRequest>
   </soapenv:Body>
</soapenv:Envelope>]]></con:request><con:assertion type="SOAP Fault Assertion" id="0f28b824-5cfa-4be6-ac86-c56c03ed16d5" name="Not SOAP Fault"/><con:assertion type="SOAP Response" id="5bc21077-4335-4f28-ba81-e2e96b3704c5" name="SOAP Response"/><con:assertion type="Schema Compliance" id="b0fee949-3cb3-47e7-b670-8836871c0ceb" name="Schema Compliance"><con:configuration/></con:assertion><con:wsaConfig action="http://fidus.brussels/services/realestateservice/findPropertyByParcelId"/></con:request></con:config></con:testStep><con:properties/></con:testCase><con:testCase id="1cd3a30b-56b8-47e6-a575-b3dd5b46f192" failOnError="true" failTestCaseOnErrors="true" keepSession="false" maxResults="0" name="getPropertyByNRN" searchProperties="true"><con:settings/><con:testStep type="request" id="28c4f91f-6635-43c0-98f8-5a5fe816a90e" name="testcase2 - Dev - Request"><con:settings/><con:config xsi:type="con:RequestStep" xmlns:xsi="http://www.w3.org/2001/XMLSchema-instance"><con:interface>RealEstateServiceHTTPBinding</con:interface><con:operation>getPropertyByNRN</con:operation><con:request name="testcase2 - Dev - Request" id="d350c75d-5300-4f2e-a000-b0a77b55cf97" outgoingWss="Outflow DEV"><con:settings/><con:encoding>UTF-8</con:encoding><con:endpoint>https://192.168.36.61:8243/services/RealEstateService_v1.3</con:endpoint><con:request><![CDATA[<soapenv:Envelope xmlns:soapenv="http://schemas.xmlsoap.org/soap/envelope/" xmlns:v1="http://fidus.brussels/service/realestateservice/messages/v1" xmlns:v11="http://fidus.brussels/type/common/messages/v1">
   <soapenv:Header/>
   <soapenv:Body>
      <v1:getPropertyByNRNRequest>
         <v1:messageContext>
            <v11:messageId>${=import static java.util.UUID.randomUUID; uuid = randomUUID() as String}</v11:messageId>
            <v11:timestamp>${=new java.text.SimpleDateFormat("yyyy-MM-dd'T'HH:mm:ss.SSS").format(new Date())}</v11:timestamp>
         </v1:messageContext>
         <v1:legalContext>ServiceIntegrator</v1:legalContext>
         <v1:request>
            <language>F</language>
            <coOwners>true</coOwners>
            <history>false</history>
            <nrn>32061501852</nrn>
         </v1:request>
      </v1:getPropertyByNRNRequest>
   </soapenv:Body>
</soapenv:Envelope>]]></con:request><con:assertion type="SOAP Fault Assertion" id="2118c3db-180e-4711-acd3-973e6df22b42" name="Not SOAP Fault"/><con:assertion type="SOAP Response" id="c2b486a0-cf70-4d4e-bb76-22bd98da0252" name="SOAP Response"/><con:assertion type="Schema Compliance" id="847f2235-86b4-4242-8106-6c005a9678ab" name="Schema Compliance"><con:configuration/></con:assertion><con:wsaConfig action="http://fidus.brussels/services/realestateservice/getPropertyByNRN"/></con:request></con:config></con:testStep><con:properties/></con:testCase><con:testCase id="f84aa1a3-5d8e-4d9d-83e9-9198dbbf8050" failOnError="true" failTestCaseOnErrors="true" keepSession="false" maxResults="0" name="getPropertyByEnterpriseNR" searchProperties="true"><con:settings/><con:testStep type="request" id="8e94fe01-a8e0-45ee-bb48-9c6a87d4f84e" name="testcase2 - Dev - Request"><con:settings/><con:config xsi:type="con:RequestStep" xmlns:xsi="http://www.w3.org/2001/XMLSchema-instance"><con:interface>RealEstateServiceHTTPBinding</con:interface><con:operation>getPropertyByEnterpriseNR</con:operation><con:request name="testcase2 - Dev - Request" id="13246ea4-0db2-4729-a8e7-ceb7280a4921" outgoingWss="Outflow DEV"><con:settings/><con:encoding>UTF-8</con:encoding><con:endpoint>https://192.168.36.61:8243/services/RealEstateService_v1.3</con:endpoint><con:request><![CDATA[<soapenv:Envelope xmlns:soapenv="http://schemas.xmlsoap.org/soap/envelope/" xmlns:v1="http://fidus.brussels/service/realestateservice/messages/v1" xmlns:v11="http://fidus.brussels/type/common/messages/v1">
   <soapenv:Header/>
   <soapenv:Body>
      <v1:getPropertyByEnterpriseNRRequest>
         <v1:messageContext>
            <v11:messageId>${=import static java.util.UUID.randomUUID; uuid = randomUUID() as String}</v11:messageId>
            <v11:timestamp>${=new java.text.SimpleDateFormat("yyyy-MM-dd'T'HH:mm:ss.SSS").format(new Date())}</v11:timestamp>
         </v1:messageContext>
         <v1:legalContext>ServiceIntegrator</v1:legalContext>
         <v1:request>
            <language>F</language>
            <coOwners>false</coOwners>
            <!--Optional:-->
            <showAddress>true</showAddress>
            <cadastralDivision>21804</cadastralDivision>
            <!--Optional:-->
            <administrativeCommunNumber>21004</administrativeCommunNumber>
            <history>false</history>
            <kbo>0403199702</kbo>
         </v1:request>
      </v1:getPropertyByEnterpriseNRRequest>
   </soapenv:Body>
</soapenv:Envelope>]]></con:request><con:assertion type="SOAP Fault Assertion" id="9a52d58b-7db2-4817-a527-e9ddc4c126a5" name="Not SOAP Fault"/><con:assertion type="SOAP Response" id="bdebc16f-30df-496c-a4ee-43575b5cb307" name="SOAP Response"/><con:assertion type="Schema Compliance" id="885f8d58-4de4-4c92-a600-01af53c373ce" name="Schema Compliance"><con:configuration/></con:assertion><con:wsaConfig action="http://fidus.brussels/services/realestateservice/getPropertyByEnterpriseNR"/></con:request></con:config></con:testStep><con:properties/></con:testCase><con:testCase id="a2e21439-8c96-4fe4-9041-91782e7b7e45" failOnError="true" failTestCaseOnErrors="true" keepSession="false" maxResults="0" name="getListDivisionWithPropertyByNRN" searchProperties="true"><con:settings/><con:testStep type="request" id="78dee460-b03d-49af-b586-4884105082f4" name="testcase2 - Dev - Request"><con:settings/><con:config xsi:type="con:RequestStep" xmlns:xsi="http://www.w3.org/2001/XMLSchema-instance"><con:interface>RealEstateServiceHTTPBinding</con:interface><con:operation>getListDivisionWithPropertyByNRN</con:operation><con:request name="testcase2 - Dev - Request" id="bfb5c049-d830-44a5-9633-639a71f465ba" outgoingWss="Outflow DEV"><con:settings/><con:encoding>UTF-8</con:encoding><con:endpoint>https://192.168.36.61:8243/services/RealEstateService_v1.3</con:endpoint><con:request><![CDATA[<soapenv:Envelope xmlns:soapenv="http://schemas.xmlsoap.org/soap/envelope/" xmlns:v1="http://fidus.brussels/service/realestateservice/messages/v1" xmlns:v11="http://fidus.brussels/type/common/messages/v1">
   <soapenv:Header/>
   <soapenv:Body>
      <v1:getListDivisionWithPropertyByNRNRequest>
         <v1:messageContext>
            <v11:messageId>${=import static java.util.UUID.randomUUID; uuid = randomUUID() as String}</v11:messageId>
            <v11:timestamp>${=new java.text.SimpleDateFormat("yyyy-MM-dd'T'HH:mm:ss.SSS").format(new Date())}</v11:timestamp>
         </v1:messageContext>
         <v1:legalContext>ServiceIntegrator</v1:legalContext>
         <v1:request>
            <language>F</language>
            <nrn>32061501852</nrn>         
            <history>true</history>
         </v1:request>
      </v1:getListDivisionWithPropertyByNRNRequest>
   </soapenv:Body>
</soapenv:Envelope>]]></con:request><con:assertion type="SOAP Fault Assertion" id="4388fc7b-12b5-41fd-aad1-a60121cbfb14" name="Not SOAP Fault"/><con:assertion type="SOAP Response" id="a12f053d-329d-489b-aed2-62bdb459841d" name="SOAP Response"/><con:assertion type="Schema Compliance" id="c0c3bb9f-b609-41d6-84b2-a2cb0517561b" name="Schema Compliance"><con:configuration/></con:assertion><con:wsaConfig action="http://fidus.brussels/services/realestateservice/getListDivisionWithPropertyByNRN"/></con:request></con:config></con:testStep><con:properties/></con:testCase><con:properties/></con:testSuite><con:testSuite id="6aff3af6-9f69-455c-84bf-b02417ff20f9" name="TEST"><con:settings/><con:runType>SEQUENTIAL</con:runType><con:testCase id="6799e146-d071-480a-997c-19c78fe87db1" failOnError="true" failTestCaseOnErrors="true" keepSession="false" maxResults="0" name="findPropertiesTxByCriteria" searchProperties="true"><con:settings/><con:testStep type="request" id="b72f56bf-15df-4e08-8403-cd34c2f5cbe9" name="testcase3 - Test - External - Request"><con:settings/><con:config xsi:type="con:RequestStep" xmlns:xsi="http://www.w3.org/2001/XMLSchema-instance"><con:interface>RealEstateServiceHTTPBinding</con:interface><con:operation>findPropertiesTxByCriteria</con:operation><con:request name="testcase3 - Test - External - Request" id="76988140-252c-4112-81f6-175fd8aaa4f5" outgoingWss="Outflow TEST"><con:settings/><con:encoding>UTF-8</con:encoding><con:endpoint>https://fidus-test.irisnetlab.be/services/RealEstateService_v1.3</con:endpoint><con:request><![CDATA[<soapenv:Envelope xmlns:soapenv="http://schemas.xmlsoap.org/soap/envelope/" xmlns:v1="http://fidus.brussels/service/realestateservice/messages/v1" xmlns:v11="http://fidus.brussels/type/common/messages/v1" xmlns:dir="http://www.minfin.fgov.be/schemas/esb/consultimmotx/direct" xmlns:ns="http://www.minfin.fgov.be/schemas/esb/canonical/base/1">
   <soapenv:Header/>
   <soapenv:Body>
      <v1:findPropertiesTxByCriteriaRequest>
         <v1:messageContext>
            <v11:messageId>${=import static java.util.UUID.randomUUID; uuid = randomUUID() as String}</v11:messageId>
            <v11:timestamp>${=new java.text.SimpleDateFormat("yyyy-MM-dd'T'HH:mm:ss.SSS").format(new Date())}</v11:timestamp>
         </v1:messageContext>
         <v1:legalContext>ServiceIntegrator</v1:legalContext>
         <v1:request>
	       <dir:province>40000</dir:province>
	       <dir:adminCommune>42008</dir:adminCommune>
	       <dir:typeInscription>82</dir:typeInscription>
	       <dir:deedDate>
	          <ns:start>2010-01-01</ns:start>
	          <ns:end>2010-04-30</ns:end>
	       </dir:deedDate>
	       <dir:natureCode>220</dir:natureCode>
	       <dir:natureCodeDeed>32</dir:natureCodeDeed>
         </v1:request>
      </v1:findPropertiesTxByCriteriaRequest>
   </soapenv:Body>
</soapenv:Envelope>]]></con:request><con:assertion type="SOAP Fault Assertion" id="e5fb308c-1f36-4155-90d7-7da9c0baf5f0" name="Not SOAP Fault"/><con:assertion type="SOAP Response" id="3e25df52-dcda-445c-a967-e04e8427097f" name="SOAP Response"/><con:assertion type="Schema Compliance" id="42063226-35eb-4617-a149-c67cd5243085" name="Schema Compliance"><con:configuration/></con:assertion><con:wsaConfig action="http://fidus.brussels/services/realestateservice/findPropertiesTxByCriteria"/></con:request></con:config></con:testStep><con:testStep type="request" id="edf92e48-3551-4aea-8c66-13f92a1bf10d" name="testcase3 - Test - LB - Request"><con:settings/><con:config xsi:type="con:RequestStep" xmlns:xsi="http://www.w3.org/2001/XMLSchema-instance"><con:interface>RealEstateServiceHTTPBinding</con:interface><con:operation>findPropertiesTxByCriteria</con:operation><con:request name="testcase3 - Test - LB - Request" id="10e6dacb-ea90-4d31-bd89-28538abaa97d" outgoingWss="Outflow TEST"><con:settings/><con:encoding>UTF-8</con:encoding><con:endpoint>https://esb-security-gw.sta.srv.cirb.lan:8443/services/RealEstateService_v1.3</con:endpoint><con:request><![CDATA[<soapenv:Envelope xmlns:soapenv="http://schemas.xmlsoap.org/soap/envelope/" xmlns:v1="http://fidus.brussels/service/realestateservice/messages/v1" xmlns:v11="http://fidus.brussels/type/common/messages/v1" xmlns:dir="http://www.minfin.fgov.be/schemas/esb/consultimmotx/direct" xmlns:ns="http://www.minfin.fgov.be/schemas/esb/canonical/base/1">
   <soapenv:Header/>
   <soapenv:Body>
      <v1:findPropertiesTxByCriteriaRequest>
         <v1:messageContext>
            <v11:messageId>${=import static java.util.UUID.randomUUID; uuid = randomUUID() as String}</v11:messageId>
            <v11:timestamp>${=new java.text.SimpleDateFormat("yyyy-MM-dd'T'HH:mm:ss.SSS").format(new Date())}</v11:timestamp>
         </v1:messageContext>
         <v1:legalContext>ServiceIntegrator</v1:legalContext>
         <v1:request>
            <dir:province>40000</dir:province>
            <dir:adminCommune>42008</dir:adminCommune>
            <dir:typeInscription>82</dir:typeInscription>
            <dir:deedDate>
               <ns:start>2010-01-01</ns:start>
               <ns:end>2010-04-30</ns:end>
            </dir:deedDate>
            <dir:natureCode>220</dir:natureCode>
            <dir:natureCodeDeed>32</dir:natureCodeDeed>
         </v1:request>
      </v1:findPropertiesTxByCriteriaRequest>
   </soapenv:Body>
</soapenv:Envelope>]]></con:request><con:assertion type="SOAP Fault Assertion" id="c74fac6a-403c-4092-99cb-058935a1f3cb" name="Not SOAP Fault"/><con:assertion type="SOAP Response" id="d13b1f03-50e7-4d82-8847-5013b94c816f" name="SOAP Response"/><con:assertion type="Schema Compliance" id="2655be09-2fe1-4a4f-9b85-7c94185d5e31" name="Schema Compliance"><con:configuration/></con:assertion><con:wsaConfig action="http://fidus.brussels/services/realestateservice/findPropertiesTxByCriteria"/></con:request></con:config></con:testStep><con:testStep type="request" id="9a4695f0-9a35-48c6-a41e-b705911bd27a" name="testcase3 - Test - Worker1 - Request"><con:settings/><con:config xsi:type="con:RequestStep" xmlns:xsi="http://www.w3.org/2001/XMLSchema-instance"><con:interface>RealEstateServiceHTTPBinding</con:interface><con:operation>findPropertiesTxByCriteria</con:operation><con:request name="testcase3 - Test - Worker1 - Request" id="3037aadc-5bc7-4f71-bc8a-ae6a9103218d" outgoingWss="Outflow TEST"><con:settings/><con:encoding>UTF-8</con:encoding><con:endpoint>https://192.168.22.53:8443/services/RealEstateService_v1.3</con:endpoint><con:request><![CDATA[<soapenv:Envelope xmlns:soapenv="http://schemas.xmlsoap.org/soap/envelope/" xmlns:v1="http://fidus.brussels/service/realestateservice/messages/v1" xmlns:v11="http://fidus.brussels/type/common/messages/v1" xmlns:dir="http://www.minfin.fgov.be/schemas/esb/consultimmotx/direct" xmlns:ns="http://www.minfin.fgov.be/schemas/esb/canonical/base/1">
   <soapenv:Header/>
   <soapenv:Body>
      <v1:findPropertiesTxByCriteriaRequest>
         <v1:messageContext>
            <v11:messageId>${=import static java.util.UUID.randomUUID; uuid = randomUUID() as String}</v11:messageId>
            <v11:timestamp>${=new java.text.SimpleDateFormat("yyyy-MM-dd'T'HH:mm:ss.SSS").format(new Date())}</v11:timestamp>
         </v1:messageContext>
         <v1:legalContext>ServiceIntegrator</v1:legalContext>
         <v1:request>
            <dir:province>40000</dir:province>
            <dir:adminCommune>42008</dir:adminCommune>
            <dir:typeInscription>82</dir:typeInscription>
            <dir:deedDate>
               <ns:start>2010-01-01</ns:start>
               <ns:end>2010-04-30</ns:end>
            </dir:deedDate>
            <dir:natureCode>220</dir:natureCode>
            <dir:natureCodeDeed>32</dir:natureCodeDeed>
         </v1:request>
      </v1:findPropertiesTxByCriteriaRequest>
   </soapenv:Body>
</soapenv:Envelope>]]></con:request><con:assertion type="SOAP Fault Assertion" id="57828c7c-84d0-4c0d-b5b2-8bfa47e4db3b" name="Not SOAP Fault"/><con:assertion type="SOAP Response" id="04fb43a3-c3f2-415c-af1c-4719ebbe56f4" name="SOAP Response"/><con:assertion type="Schema Compliance" id="4f3613bd-c622-4198-b9c6-edfb2aa99b02" name="Schema Compliance"><con:configuration/></con:assertion><con:wsaConfig action="http://fidus.brussels/services/realestateservice/findPropertiesTxByCriteria"/></con:request></con:config></con:testStep><con:testStep type="request" id="00e29fe1-f8f5-47ec-b654-ed37b0c8b7e6" name="testcase3 - Test - Worker2 - Request"><con:settings/><con:config xsi:type="con:RequestStep" xmlns:xsi="http://www.w3.org/2001/XMLSchema-instance"><con:interface>RealEstateServiceHTTPBinding</con:interface><con:operation>findPropertiesTxByCriteria</con:operation><con:request name="testcase3 - Test - Worker2 - Request" id="555adbe3-acb9-4e75-bc78-842e280bd9f4" outgoingWss="Outflow TEST"><con:settings/><con:encoding>UTF-8</con:encoding><con:endpoint>https://192.168.22.54:8443/services/RealEstateService_v1.3</con:endpoint><con:request><![CDATA[<soapenv:Envelope xmlns:soapenv="http://schemas.xmlsoap.org/soap/envelope/" xmlns:v1="http://fidus.brussels/service/realestateservice/messages/v1" xmlns:v11="http://fidus.brussels/type/common/messages/v1" xmlns:dir="http://www.minfin.fgov.be/schemas/esb/consultimmotx/direct" xmlns:ns="http://www.minfin.fgov.be/schemas/esb/canonical/base/1">
   <soapenv:Header/>
   <soapenv:Body>
      <v1:findPropertiesTxByCriteriaRequest>
         <v1:messageContext>
            <v11:messageId>${=import static java.util.UUID.randomUUID; uuid = randomUUID() as String}</v11:messageId>
            <v11:timestamp>${=new java.text.SimpleDateFormat("yyyy-MM-dd'T'HH:mm:ss.SSS").format(new Date())}</v11:timestamp>
         </v1:messageContext>
         <v1:legalContext>ServiceIntegrator</v1:legalContext>
         <v1:request>
            <dir:province>40000</dir:province>
            <dir:adminCommune>42008</dir:adminCommune>
            <dir:typeInscription>82</dir:typeInscription>
            <dir:deedDate>
               <ns:start>2010-01-01</ns:start>
               <ns:end>2010-04-30</ns:end>
            </dir:deedDate>
            <dir:natureCode>220</dir:natureCode>
            <dir:natureCodeDeed>32</dir:natureCodeDeed>
         </v1:request>
      </v1:findPropertiesTxByCriteriaRequest>
   </soapenv:Body>
</soapenv:Envelope>]]></con:request><con:assertion type="SOAP Fault Assertion" id="417602ed-caf2-45ef-9a9f-cac95db2c082" name="Not SOAP Fault"/><con:assertion type="SOAP Response" id="477f0df5-6873-43f8-aa2c-e2a0504d9704" name="SOAP Response"/><con:assertion type="Schema Compliance" id="2bba3fb7-d28a-4c91-953a-964b049530c6" name="Schema Compliance"><con:configuration/></con:assertion><con:wsaConfig action="http://fidus.brussels/services/realestateservice/findPropertiesTxByCriteria"/></con:request></con:config></con:testStep><con:properties/></con:testCase><con:testCase id="7ad33e26-c1a2-4c65-83f1-274b7f56bcb3" failOnError="true" failTestCaseOnErrors="true" keepSession="false" maxResults="0" name="findCommunitiesBySearchToken" searchProperties="true"><con:settings/><con:testStep type="request" id="2fb15dad-6515-4aee-bdec-f5703786bc4f" name="testcase3 - Test - External - Request"><con:settings/><con:config xsi:type="con:RequestStep" xmlns:xsi="http://www.w3.org/2001/XMLSchema-instance"><con:interface>RealEstateServiceHTTPBinding</con:interface><con:operation>findCommunitiesBySearchToken</con:operation><con:request name="testcase3 - Test - External - Request" id="eafe1f8f-85b3-44e2-a185-6f0c86fa2688" outgoingWss="Outflow TEST"><con:settings/><con:encoding>UTF-8</con:encoding><con:endpoint>https://fidus-test.irisnetlab.be/services/RealEstateService_v1.3</con:endpoint><con:request><![CDATA[<soapenv:Envelope xmlns:soapenv="http://schemas.xmlsoap.org/soap/envelope/" xmlns:v1="http://fidus.brussels/service/realestateservice/messages/v1" xmlns:v11="http://fidus.brussels/type/common/messages/v1">
   <soapenv:Header/>
   <soapenv:Body>
      <v1:findCommunitiesBySearchTokenRequest>
         <v1:messageContext>
            <v11:messageId>${=import static java.util.UUID.randomUUID; uuid = randomUUID() as String}</v11:messageId>
            <v11:timestamp>${=new java.text.SimpleDateFormat("yyyy-MM-dd'T'HH:mm:ss.SSS").format(new Date())}</v11:timestamp>
         </v1:messageContext>
         <v1:legalContext>ServiceIntegrator</v1:legalContext>
         <v1:request>
            <language>F</language>
            <searchToken>WOLU</searchToken>
         </v1:request>
      </v1:findCommunitiesBySearchTokenRequest>
   </soapenv:Body>
</soapenv:Envelope>]]></con:request><con:assertion type="SOAP Fault Assertion" id="e3a7818f-7b7c-4aa2-afed-b036b6ec127a" name="Not SOAP Fault"/><con:assertion type="SOAP Response" id="9d9a01c7-eae4-4ebf-84b6-b1f6e1086761" name="SOAP Response"/><con:assertion type="Schema Compliance" id="3b2fda42-b1b4-4e97-bf71-d79e8a264ffd" name="Schema Compliance"><con:configuration/></con:assertion><con:wsaConfig action="http://fidus.brussels/services/realestateservice/findCommunitiesBySearchToken"/></con:request></con:config></con:testStep><con:testStep type="request" id="40e21dd8-e0af-461e-a169-f241ae5f684e" name="testcase3 - Test - LB - Request"><con:settings/><con:config xsi:type="con:RequestStep" xmlns:xsi="http://www.w3.org/2001/XMLSchema-instance"><con:interface>RealEstateServiceHTTPBinding</con:interface><con:operation>findCommunitiesBySearchToken</con:operation><con:request name="testcase3 - Test - LB - Request" id="5f2881a2-89bb-48c2-bc0f-7aa8c9272836" outgoingWss="Outflow TEST"><con:settings/><con:encoding>UTF-8</con:encoding><con:endpoint>https://esb-security-gw.sta.srv.cirb.lan:8443/services/RealEstateService_v1.3</con:endpoint><con:request><![CDATA[<soapenv:Envelope xmlns:soapenv="http://schemas.xmlsoap.org/soap/envelope/" xmlns:v1="http://fidus.brussels/service/realestateservice/messages/v1" xmlns:v11="http://fidus.brussels/type/common/messages/v1">
   <soapenv:Header/>
   <soapenv:Body>
      <v1:findCommunitiesBySearchTokenRequest>
         <v1:messageContext>
            <v11:messageId>${=import static java.util.UUID.randomUUID; uuid = randomUUID() as String}</v11:messageId>
            <v11:timestamp>${=new java.text.SimpleDateFormat("yyyy-MM-dd'T'HH:mm:ss.SSS").format(new Date())}</v11:timestamp>
         </v1:messageContext>
         <v1:legalContext>ServiceIntegrator</v1:legalContext>
         <v1:request>
            <language>F</language>
            <searchToken>WOLU</searchToken>
         </v1:request>
      </v1:findCommunitiesBySearchTokenRequest>
   </soapenv:Body>
</soapenv:Envelope>]]></con:request><con:assertion type="SOAP Fault Assertion" id="5e724842-2e59-4d84-b5f7-a0c7e84c5b13" name="Not SOAP Fault"/><con:assertion type="SOAP Response" id="404fb520-b89c-411f-8531-42999345086b" name="SOAP Response"/><con:assertion type="Schema Compliance" id="57e9bb7f-c5d3-48b8-ad34-7f8146c5fccc" name="Schema Compliance"><con:configuration/></con:assertion><con:wsaConfig action="http://fidus.brussels/services/realestateservice/findCommunitiesBySearchToken"/></con:request></con:config></con:testStep><con:testStep type="request" id="ad148cec-8d84-49c8-a020-71f16a94cee9" name="testcase3 - Test - Worker1 - Request"><con:settings/><con:config xsi:type="con:RequestStep" xmlns:xsi="http://www.w3.org/2001/XMLSchema-instance"><con:interface>RealEstateServiceHTTPBinding</con:interface><con:operation>findCommunitiesBySearchToken</con:operation><con:request name="testcase3 - Test - Worker1 - Request" id="71cfc634-74b5-465c-8e60-1a73af752bb5" outgoingWss="Outflow TEST"><con:settings/><con:encoding>UTF-8</con:encoding><con:endpoint>https://192.168.22.53:8443/services/RealEstateService_v1.3</con:endpoint><con:request><![CDATA[<soapenv:Envelope xmlns:soapenv="http://schemas.xmlsoap.org/soap/envelope/" xmlns:v1="http://fidus.brussels/service/realestateservice/messages/v1" xmlns:v11="http://fidus.brussels/type/common/messages/v1">
   <soapenv:Header/>
   <soapenv:Body>
      <v1:findCommunitiesBySearchTokenRequest>
         <v1:messageContext>
            <v11:messageId>${=import static java.util.UUID.randomUUID; uuid = randomUUID() as String}</v11:messageId>
            <v11:timestamp>${=new java.text.SimpleDateFormat("yyyy-MM-dd'T'HH:mm:ss.SSS").format(new Date())}</v11:timestamp>
         </v1:messageContext>
         <v1:legalContext>ServiceIntegrator</v1:legalContext>
         <v1:request>
            <language>F</language>
            <searchToken>WOLU</searchToken>
         </v1:request>
      </v1:findCommunitiesBySearchTokenRequest>
   </soapenv:Body>
</soapenv:Envelope>]]></con:request><con:assertion type="SOAP Fault Assertion" id="6007d86a-2458-4dbe-aea4-dd5a53a3e9da" name="Not SOAP Fault"/><con:assertion type="SOAP Response" id="4d0a5042-dda9-4567-932e-5648222ec39a" name="SOAP Response"/><con:assertion type="Schema Compliance" id="2d296abe-3479-4cbe-bd33-78fe6b7e250e" name="Schema Compliance"><con:configuration/></con:assertion><con:wsaConfig action="http://fidus.brussels/services/realestateservice/findCommunitiesBySearchToken"/></con:request></con:config></con:testStep><con:testStep type="request" id="17855943-9d03-4fd3-897b-5dc1d8f674c8" name="testcase3 - Test - Worker2 - Request"><con:settings/><con:config xsi:type="con:RequestStep" xmlns:xsi="http://www.w3.org/2001/XMLSchema-instance"><con:interface>RealEstateServiceHTTPBinding</con:interface><con:operation>findCommunitiesBySearchToken</con:operation><con:request name="testcase3 - Test - Worker2 - Request" id="34249760-018d-4dfe-8cf9-bc1b8c27a633" outgoingWss="Outflow TEST"><con:settings/><con:encoding>UTF-8</con:encoding><con:endpoint>https://192.168.22.54:8443/services/RealEstateService_v1.3</con:endpoint><con:request><![CDATA[<soapenv:Envelope xmlns:soapenv="http://schemas.xmlsoap.org/soap/envelope/" xmlns:v1="http://fidus.brussels/service/realestateservice/messages/v1" xmlns:v11="http://fidus.brussels/type/common/messages/v1">
   <soapenv:Header/>
   <soapenv:Body>
      <v1:findCommunitiesBySearchTokenRequest>
         <v1:messageContext>
            <v11:messageId>${=import static java.util.UUID.randomUUID; uuid = randomUUID() as String}</v11:messageId>
            <v11:timestamp>${=new java.text.SimpleDateFormat("yyyy-MM-dd'T'HH:mm:ss.SSS").format(new Date())}</v11:timestamp>
         </v1:messageContext>
         <v1:legalContext>ServiceIntegrator</v1:legalContext>
         <v1:request>
            <language>F</language>
            <searchToken>WOLU</searchToken>
         </v1:request>
      </v1:findCommunitiesBySearchTokenRequest>
   </soapenv:Body>
</soapenv:Envelope>]]></con:request><con:assertion type="SOAP Fault Assertion" id="d01f2229-0b7c-4611-9984-e7fe713cd12f" name="Not SOAP Fault"/><con:assertion type="SOAP Response" id="6ea48884-ec37-4be6-aa03-e0f1ed9b228f" name="SOAP Response"/><con:assertion type="Schema Compliance" id="01ea7f69-9453-48bc-8555-a5137789d12f" name="Schema Compliance"><con:configuration/></con:assertion><con:wsaConfig action="http://fidus.brussels/services/realestateservice/findCommunitiesBySearchToken"/></con:request></con:config></con:testStep><con:properties/></con:testCase><con:testCase id="d75513a9-cddb-4d47-9cb0-cbf522044def" failOnError="true" failTestCaseOnErrors="true" keepSession="false" maxResults="0" name="findStreetsBySearchToken" searchProperties="true"><con:settings/><con:testStep type="request" id="bd0041c8-aa2a-40e7-abd5-eb1dd6e2b032" name="testcase3 - Test - External - Request"><con:settings/><con:config xsi:type="con:RequestStep" xmlns:xsi="http://www.w3.org/2001/XMLSchema-instance"><con:interface>RealEstateServiceHTTPBinding</con:interface><con:operation>findStreetsBySearchToken</con:operation><con:request name="testcase3 - Test - External - Request" id="779ad3ad-4d53-464b-aeb9-6de5c0464113" outgoingWss="Outflow TEST"><con:settings/><con:encoding>UTF-8</con:encoding><con:endpoint>https://fidus-test.irisnetlab.be/services/RealEstateService_v1.3</con:endpoint><con:request><![CDATA[<soapenv:Envelope xmlns:soapenv="http://schemas.xmlsoap.org/soap/envelope/" xmlns:v1="http://fidus.brussels/service/realestateservice/messages/v1" xmlns:v11="http://fidus.brussels/type/common/messages/v1">
   <soapenv:Header/>
   <soapenv:Body>
      <v1:findStreetsBySearchTokenRequest>
         <v1:messageContext>
            <v11:messageId>${=import static java.util.UUID.randomUUID; uuid = randomUUID() as String}</v11:messageId>
            <v11:timestamp>${=new java.text.SimpleDateFormat("yyyy-MM-dd'T'HH:mm:ss.SSS").format(new Date())}</v11:timestamp>
         </v1:messageContext>
         <v1:legalContext>ServiceIntegrator</v1:legalContext>
         <v1:request>
            <language>F</language>
            <searchToken>CUY</searchToken>
            <codeNisComId>21018</codeNisComId>
         </v1:request>
      </v1:findStreetsBySearchTokenRequest>
   </soapenv:Body>
</soapenv:Envelope>]]></con:request><con:assertion type="SOAP Fault Assertion" id="7114129b-76cb-4330-9ca8-852ba295e0ac" name="Not SOAP Fault"/><con:assertion type="SOAP Response" id="216cc2af-1cd9-45be-8fd7-f27a8a9b3a03" name="SOAP Response"/><con:assertion type="Schema Compliance" id="e86980f4-089e-475a-bdb4-4e883a728e1e" name="Schema Compliance"><con:configuration/></con:assertion><con:wsaConfig action="http://fidus.brussels/services/realestateservice/findStreetsBySearchToken"/></con:request></con:config></con:testStep><con:properties/></con:testCase><con:testCase id="0587430a-7be5-4bca-b281-138a0c161e47" failOnError="true" failTestCaseOnErrors="true" keepSession="false" maxResults="0" name="getListForAddress" searchProperties="true"><con:settings/><con:testStep type="request" id="120d7716-9930-43f9-a87a-f9914ab50dc4" name="testcase3 - Test - External - Request"><con:settings/><con:config xsi:type="con:RequestStep" xmlns:xsi="http://www.w3.org/2001/XMLSchema-instance"><con:interface>RealEstateServiceHTTPBinding</con:interface><con:operation>getListForAddress</con:operation><con:request name="testcase3 - Test - External - Request" id="e6f01154-d22f-407c-a26e-a2b121ef7e85" outgoingWss="Outflow TEST"><con:settings/><con:encoding>UTF-8</con:encoding><con:endpoint>https://fidus-test.irisnetlab.be/services/RealEstateService_v1.3</con:endpoint><con:request><![CDATA[<soapenv:Envelope xmlns:soapenv="http://schemas.xmlsoap.org/soap/envelope/" xmlns:v1="http://fidus.brussels/service/realestateservice/messages/v1" xmlns:v11="http://fidus.brussels/type/common/messages/v1">
   <soapenv:Header/>
   <soapenv:Body>
      <v1:getListForAddressRequest>
         <v1:messageContext>
            <v11:messageId>${=import static java.util.UUID.randomUUID; uuid = randomUUID() as String}</v11:messageId>
            <v11:timestamp>${=new java.text.SimpleDateFormat("yyyy-MM-dd'T'HH:mm:ss.SSS").format(new Date())}</v11:timestamp>
         </v1:messageContext>
         <v1:legalContext>ServiceIntegrator</v1:legalContext>
         <v1:request>
            <codeNISCommunity>21018</codeNISCommunity>
            <codeNSRStreet>00680</codeNSRStreet>
            <language>F</language>
            <!--Optional:-->
            <number>1</number>
            <maxResult>10</maxResult>
            <active>true</active>
         </v1:request>
      </v1:getListForAddressRequest>
   </soapenv:Body>
</soapenv:Envelope>]]></con:request><con:assertion type="SOAP Fault Assertion" id="509bbff9-1a5b-468d-8416-c10003d4d74b" name="Not SOAP Fault"/><con:assertion type="SOAP Response" id="2bd9e6a5-5edf-4a8f-80d5-9ea9bc77938b" name="SOAP Response"/><con:assertion type="Schema Compliance" id="69c68544-0287-4bf9-b8a3-9ab8a8b3c707" name="Schema Compliance"><con:configuration/></con:assertion><con:wsaConfig action="http://fidus.brussels/services/realestateservice/getListForAddress"/></con:request></con:config></con:testStep><con:properties/></con:testCase><con:testCase id="8f365a75-33c9-4611-aecb-9c09c7d49ebb" failOnError="true" failTestCaseOnErrors="true" keepSession="false" maxResults="0" name="findPropertyByParcelId" searchProperties="true"><con:settings/><con:testStep type="request" id="5544ef01-5327-4abb-a060-b17f1d2eac54" name="testcase3 - Test - External - Request"><con:settings/><con:config xsi:type="con:RequestStep" xmlns:xsi="http://www.w3.org/2001/XMLSchema-instance"><con:interface>RealEstateServiceHTTPBinding</con:interface><con:operation>findPropertyByParcelId</con:operation><con:request name="testcase3 - Test - External - Request" id="c03d1637-bef9-49d7-84c4-a5df71e2f517" outgoingWss="Outflow TEST"><con:settings/><con:encoding>UTF-8</con:encoding><con:endpoint>https://fidus-test.irisnetlab.be/services/RealEstateService_v1.3</con:endpoint><con:request><![CDATA[<soapenv:Envelope xmlns:soapenv="http://schemas.xmlsoap.org/soap/envelope/" xmlns:v1="http://fidus.brussels/service/realestateservice/messages/v1" xmlns:v11="http://fidus.brussels/type/common/messages/v1" xmlns:ns="http://www.minfin.fgov.be/schemas/esb/security/1">
   <soapenv:Header/>
   <soapenv:Body>
      <v1:findPropertyByParcelIdRequest>
         <v1:messageContext>
            <v11:messageId>${=import static java.util.UUID.randomUUID; uuid = randomUUID() as String}</v11:messageId>
            <v11:timestamp>${=new java.text.SimpleDateFormat("yyyy-MM-dd'T'HH:mm:ss.SSS").format(new Date())}</v11:timestamp>
         </v1:messageContext>
         <!--
         <ns:OperationMetaData>        
         <ns:CorrelationId>${=import static java.util.UUID.randomUUID; uuid = randomUUID() as String}</ns:CorrelationId>        
         <ns:ClientId>${=import static java.util.UUID.randomUUID; uuid = randomUUID() as String}</ns:ClientId>         
         <ns:RequestId>${=import static java.util.UUID.randomUUID; uuid = randomUUID() as String}</ns:RequestId>         
         <ns:Purpose>AF012017</ns:Purpose>         
      	</ns:OperationMetaData>
      -->
      <v1:legalContext>ServiceIntegrator</v1:legalContext>
         <v1:request>
            <language>n</language>
            <history>false</history>
            <!--Optional:-->
            <showAddress>false</showAddress>
            <maxResult>10</maxResult>
            <cadastralDivision>31016</cadastralDivision>
            <section>B</section>
            <primaryNumber>148</primaryNumber>
            <!--Optional:-->
            <exponentNumber>5</exponentNumber>
            <!--Optional:-->
            <exponentLetter>B</exponentLetter>
            <partNumber>P0000</partNumber>
         </v1:request>
      </v1:findPropertyByParcelIdRequest>
   </soapenv:Body>
</soapenv:Envelope>]]></con:request><con:assertion type="SOAP Fault Assertion" id="876e642d-801b-4b77-b341-9d5656a848b5" name="Not SOAP Fault"/><con:assertion type="SOAP Response" id="5dbe66ed-6f5a-4639-ac6f-2000b5152457" name="SOAP Response"/><con:assertion type="Schema Compliance" id="af9f1425-c536-4684-86b0-9e56ed265b29" name="Schema Compliance"><con:configuration/></con:assertion><con:wsaConfig action="http://fidus.brussels/services/realestateservice/findPropertyByParcelId"/></con:request></con:config></con:testStep><con:properties/></con:testCase><con:testCase id="b41f3e9d-7395-4b1d-8c86-79d6c273a12d" failOnError="true" failTestCaseOnErrors="true" keepSession="false" maxResults="0" name="getPropertyByNRN" searchProperties="true"><con:settings/><con:testStep type="request" id="b2b7d731-4587-4a0e-88d5-5bb381c6ce30" name="testcase3 - Test - External - Request"><con:settings/><con:config xsi:type="con:RequestStep" xmlns:xsi="http://www.w3.org/2001/XMLSchema-instance"><con:interface>RealEstateServiceHTTPBinding</con:interface><con:operation>getPropertyByNRN</con:operation><con:request name="testcase3 - Test - External - Request" id="3c0db945-7877-43c5-a397-ed768c02c616" outgoingWss="Outflow TEST"><con:settings/><con:encoding>UTF-8</con:encoding><con:endpoint>https://fidus-test.irisnetlab.be/services/RealEstateService_v1.3</con:endpoint><con:request><![CDATA[<soapenv:Envelope xmlns:soapenv="http://schemas.xmlsoap.org/soap/envelope/" xmlns:v1="http://fidus.brussels/service/realestateservice/messages/v1" xmlns:v11="http://fidus.brussels/type/common/messages/v1">
   <soapenv:Header/>
   <soapenv:Body>
      <v1:getPropertyByNRNRequest>
         <v1:messageContext>
            <v11:messageId>${=import static java.util.UUID.randomUUID; uuid = randomUUID() as String}</v11:messageId>
            <v11:timestamp>${=new java.text.SimpleDateFormat("yyyy-MM-dd'T'HH:mm:ss.SSS").format(new Date())}</v11:timestamp>
         </v1:messageContext>
         <v1:legalContext>ServiceIntegrator</v1:legalContext>
         <v1:request>
            <language>F</language>
            <coOwners>true</coOwners>
            <showAddress>false</showAddress>
            <cadastralDivision>11051</cadastralDivision>
            <history>true</history>
            <nrn>85091933966</nrn>
         </v1:request>
      </v1:getPropertyByNRNRequest>
   </soapenv:Body>
</soapenv:Envelope>]]></con:request><con:assertion type="SOAP Fault Assertion" id="a5de16e9-82ec-4153-9654-5aef206dabce" name="Not SOAP Fault"/><con:assertion type="SOAP Response" id="0de14114-c203-4d67-bc08-d51c181ba0dd" name="SOAP Response"/><con:assertion type="Schema Compliance" id="14042a7e-bd60-4181-84ae-a37291fd9ca2" name="Schema Compliance"><con:configuration/></con:assertion><con:wsaConfig action="http://fidus.brussels/services/realestateservice/getPropertyByNRN"/></con:request></con:config></con:testStep><con:testStep type="request" id="6042beae-89d0-4156-be48-cbc2004a1127" name="testcase3 - Test - LB - Request"><con:settings/><con:config xsi:type="con:RequestStep" xmlns:xsi="http://www.w3.org/2001/XMLSchema-instance"><con:interface>RealEstateServiceHTTPBinding</con:interface><con:operation>getPropertyByNRN</con:operation><con:request name="testcase3 - Test - LB - Request" id="a6af642c-285b-405b-9402-181fd52e2cf3" outgoingWss="Outflow TEST"><con:settings/><con:encoding>UTF-8</con:encoding><con:endpoint>https://esb-security-gw.sta.srv.cirb.lan:8443/services/RealEstateService_v1.3</con:endpoint><con:request><![CDATA[<soapenv:Envelope xmlns:soapenv="http://schemas.xmlsoap.org/soap/envelope/" xmlns:v1="http://fidus.brussels/service/realestateservice/messages/v1" xmlns:v11="http://fidus.brussels/type/common/messages/v1">
   <soapenv:Header/>
   <soapenv:Body>
      <v1:getPropertyByNRNRequest>
         <v1:messageContext>
            <v11:messageId>${=import static java.util.UUID.randomUUID; uuid = randomUUID() as String}</v11:messageId>
            <v11:timestamp>${=new java.text.SimpleDateFormat("yyyy-MM-dd'T'HH:mm:ss.SSS").format(new Date())}</v11:timestamp>
         </v1:messageContext>
         <v1:legalContext>ServiceIntegrator</v1:legalContext>
         <v1:request>
            <language>F</language>
            <coOwners>true</coOwners>
            <showAddress>false</showAddress>
            <cadastralDivision>11051</cadastralDivision>
            <history>true</history>
            <nrn>85091933966</nrn>
         </v1:request>
      </v1:getPropertyByNRNRequest>
   </soapenv:Body>
</soapenv:Envelope>]]></con:request><con:assertion type="SOAP Fault Assertion" id="8d41a86e-cdaa-440b-ab7f-6187332e9bf7" name="Not SOAP Fault"/><con:assertion type="SOAP Response" id="b43bb829-01fd-43b3-b726-90e849151a91" name="SOAP Response"/><con:assertion type="Schema Compliance" id="1b0e26e5-318b-47a2-bfc8-5af1d6308409" name="Schema Compliance"><con:configuration/></con:assertion><con:wsaConfig action="http://fidus.brussels/services/realestateservice/getPropertyByNRN"/></con:request></con:config></con:testStep><con:testStep type="request" id="93d9abcb-db9f-4d2f-9d7f-e365985d26a1" name="testcase3 - Test - Worker 1 - Request"><con:settings/><con:config xsi:type="con:RequestStep" xmlns:xsi="http://www.w3.org/2001/XMLSchema-instance"><con:interface>RealEstateServiceHTTPBinding</con:interface><con:operation>getPropertyByNRN</con:operation><con:request name="testcase3 - Test - Worker 1 - Request" id="70726cfe-d7bd-4af8-bde3-a47baf763c78" outgoingWss="Outflow TEST"><con:settings/><con:encoding>UTF-8</con:encoding><con:endpoint>https://192.168.22.53:8443/services/RealEstateService_v1.3</con:endpoint><con:request><![CDATA[<soapenv:Envelope xmlns:soapenv="http://schemas.xmlsoap.org/soap/envelope/" xmlns:v1="http://fidus.brussels/service/realestateservice/messages/v1" xmlns:v11="http://fidus.brussels/type/common/messages/v1">
   <soapenv:Header/>
   <soapenv:Body>
      <v1:getPropertyByNRNRequest>
         <v1:messageContext>
            <v11:messageId>${=import static java.util.UUID.randomUUID; uuid = randomUUID() as String}</v11:messageId>
            <v11:timestamp>${=new java.text.SimpleDateFormat("yyyy-MM-dd'T'HH:mm:ss.SSS").format(new Date())}</v11:timestamp>
         </v1:messageContext>
         <v1:legalContext>ServiceIntegrator</v1:legalContext>
         <v1:request>
            <language>F</language>
            <coOwners>true</coOwners>
            <showAddress>false</showAddress>
            <cadastralDivision>11051</cadastralDivision>
            <history>true</history>
            <nrn>85091933966</nrn>
         </v1:request>
      </v1:getPropertyByNRNRequest>
   </soapenv:Body>
</soapenv:Envelope>]]></con:request><con:assertion type="SOAP Fault Assertion" id="71814070-06a3-4580-aaad-c68ab76cbb79" name="Not SOAP Fault"/><con:assertion type="SOAP Response" id="09208e12-25b1-4968-83d5-9b794e0bb39c" name="SOAP Response"/><con:assertion type="Schema Compliance" id="3af7e19f-ca42-4ae3-bd2b-6ec8bc613f71" name="Schema Compliance"><con:configuration/></con:assertion><con:wsaConfig action="http://fidus.brussels/services/realestateservice/getPropertyByNRN"/></con:request></con:config></con:testStep><con:testStep type="request" id="ec47e5ae-b750-4b3f-a051-965a7b01643a" name="testcase3 - Test - Worker 2 - Request"><con:settings/><con:config xsi:type="con:RequestStep" xmlns:xsi="http://www.w3.org/2001/XMLSchema-instance"><con:interface>RealEstateServiceHTTPBinding</con:interface><con:operation>getPropertyByNRN</con:operation><con:request name="testcase3 - Test - Worker 2 - Request" id="9d83ff78-ac16-49db-be49-bca1a4599ee4" outgoingWss="Outflow TEST"><con:settings/><con:encoding>UTF-8</con:encoding><con:endpoint>https://192.168.22.54:8443/services/RealEstateService_v1.3</con:endpoint><con:request><![CDATA[<soapenv:Envelope xmlns:soapenv="http://schemas.xmlsoap.org/soap/envelope/" xmlns:v1="http://fidus.brussels/service/realestateservice/messages/v1" xmlns:v11="http://fidus.brussels/type/common/messages/v1">
   <soapenv:Header/>
   <soapenv:Body>
      <v1:getPropertyByNRNRequest>
         <v1:messageContext>
            <v11:messageId>${=import static java.util.UUID.randomUUID; uuid = randomUUID() as String}</v11:messageId>
            <v11:timestamp>${=new java.text.SimpleDateFormat("yyyy-MM-dd'T'HH:mm:ss.SSS").format(new Date())}</v11:timestamp>
         </v1:messageContext>
         <v1:legalContext>ServiceIntegrator</v1:legalContext>
         <v1:request>
            <language>F</language>
            <coOwners>true</coOwners>
            <showAddress>false</showAddress>
            <cadastralDivision>11051</cadastralDivision>
            <history>true</history>
            <nrn>85091933966</nrn>
         </v1:request>
      </v1:getPropertyByNRNRequest>
   </soapenv:Body>
</soapenv:Envelope>]]></con:request><con:assertion type="SOAP Fault Assertion" id="dd04d097-fa1d-4349-9556-1b4631c0f14d" name="Not SOAP Fault"/><con:assertion type="SOAP Response" id="cc74cfba-14e8-4863-86ed-74bd644b2046" name="SOAP Response"/><con:assertion type="Schema Compliance" id="48bd51bd-398a-4302-ad18-1d9de9a88032" name="Schema Compliance"><con:configuration/></con:assertion><con:wsaConfig action="http://fidus.brussels/services/realestateservice/getPropertyByNRN"/></con:request></con:config></con:testStep><con:properties/></con:testCase><con:testCase id="25543cc8-eb3a-4e31-919c-55786e574fb1" failOnError="true" failTestCaseOnErrors="true" keepSession="false" maxResults="0" name="getPropertyByEnterpriseNR" searchProperties="true"><con:settings/><con:testStep type="request" id="438ad004-63d6-455e-859b-cca557124234" name="testcase3 - Test - External - Request"><con:settings/><con:config xsi:type="con:RequestStep" xmlns:xsi="http://www.w3.org/2001/XMLSchema-instance"><con:interface>RealEstateServiceHTTPBinding</con:interface><con:operation>getPropertyByEnterpriseNR</con:operation><con:request name="testcase3 - Test - External - Request" id="97bc6924-4be3-453a-984e-34dfdd930067" outgoingWss="Outflow TEST"><con:settings/><con:encoding>UTF-8</con:encoding><con:endpoint>https://fidus-test.irisnetlab.be/services/RealEstateService_v1.3</con:endpoint><con:request><![CDATA[<soapenv:Envelope xmlns:soapenv="http://schemas.xmlsoap.org/soap/envelope/" xmlns:v1="http://fidus.brussels/service/realestateservice/messages/v1" xmlns:v11="http://fidus.brussels/type/common/messages/v1">
   <soapenv:Header/>
   <soapenv:Body>
      <v1:getPropertyByEnterpriseNRRequest>
         <v1:messageContext>
            <v11:messageId>${=import static java.util.UUID.randomUUID; uuid = randomUUID() as String}</v11:messageId>
            <v11:timestamp>${=new java.text.SimpleDateFormat("yyyy-MM-dd'T'HH:mm:ss.SSS").format(new Date())}</v11:timestamp>
         </v1:messageContext>
         <v1:legalContext>ServiceIntegrator</v1:legalContext>
         <v1:request>
            <language>F</language>
            <coOwners>false</coOwners>
            <!--Optional:-->
            <showAddress>true</showAddress>
            <cadastralDivision>21372</cadastralDivision>
            <!--Optional:-->            
            <administrativeCommunNumber>21006</administrativeCommunNumber>
            <history>false</history>
            <kbo>0456810810</kbo>
         </v1:request>
      </v1:getPropertyByEnterpriseNRRequest>
   </soapenv:Body>
</soapenv:Envelope>]]></con:request><con:assertion type="SOAP Fault Assertion" id="827a9a0f-eec9-48ea-bc10-dd2304672ec3" name="Not SOAP Fault"/><con:assertion type="SOAP Response" id="9714ee8d-fd67-434a-97cc-ed610a8fdeaa" name="SOAP Response"/><con:assertion type="Schema Compliance" id="47eaa489-6dc9-4a4a-a7ec-62af23fa0e88" name="Schema Compliance"><con:configuration/></con:assertion><con:wsaConfig action="http://fidus.brussels/services/realestateservice/getPropertyByEnterpriseNR"/></con:request></con:config></con:testStep><con:testStep type="request" id="069552bc-b61b-4894-a252-92e32cc64710" name="testcase3 - Test - LB - Request"><con:settings/><con:config xsi:type="con:RequestStep" xmlns:xsi="http://www.w3.org/2001/XMLSchema-instance"><con:interface>RealEstateServiceHTTPBinding</con:interface><con:operation>getPropertyByEnterpriseNR</con:operation><con:request name="testcase3 - Test - LB - Request" id="f4f83090-de18-404f-8461-b17585b4e003" outgoingWss="Outflow TEST"><con:settings/><con:encoding>UTF-8</con:encoding><con:endpoint>https://esb-security-gw.sta.srv.cirb.lan:8443/services/RealEstateService_v1.3</con:endpoint><con:request><![CDATA[<soapenv:Envelope xmlns:soapenv="http://schemas.xmlsoap.org/soap/envelope/" xmlns:v1="http://fidus.brussels/service/realestateservice/messages/v1" xmlns:v11="http://fidus.brussels/type/common/messages/v1">
   <soapenv:Header/>
   <soapenv:Body>
      <v1:getPropertyByEnterpriseNRRequest>
         <v1:messageContext>
            <v11:messageId>${=import static java.util.UUID.randomUUID; uuid = randomUUID() as String}</v11:messageId>
            <v11:timestamp>${=new java.text.SimpleDateFormat("yyyy-MM-dd'T'HH:mm:ss.SSS").format(new Date())}</v11:timestamp>
         </v1:messageContext>
         <v1:legalContext>ServiceIntegrator</v1:legalContext>
         <v1:request>
            <language>F</language>
            <coOwners>false</coOwners>
            <!--Optional:-->
            <showAddress>true</showAddress>
            <cadastralDivision>21372</cadastralDivision>
            <!--Optional:-->            
            <administrativeCommunNumber>21006</administrativeCommunNumber>
            <history>false</history>
            <kbo>0456810810</kbo>
         </v1:request>
      </v1:getPropertyByEnterpriseNRRequest>
   </soapenv:Body>
</soapenv:Envelope>]]></con:request><con:assertion type="SOAP Fault Assertion" id="db602133-e9ba-4233-bb37-0ccec124c022" name="Not SOAP Fault"/><con:assertion type="SOAP Response" id="245e75a4-63a6-4f4e-b71b-ebded9b057ba" name="SOAP Response"/><con:assertion type="Schema Compliance" id="91aa1f3c-6e48-481a-8d8b-aea4a62721bd" name="Schema Compliance"><con:configuration/></con:assertion><con:wsaConfig action="http://fidus.brussels/services/realestateservice/getPropertyByEnterpriseNR"/></con:request></con:config></con:testStep><con:testStep type="request" id="9cd517c9-0fa7-4eb5-8b40-135c0062726c" name="testcase3 - Test - Worker 1 - Request"><con:settings/><con:config xsi:type="con:RequestStep" xmlns:xsi="http://www.w3.org/2001/XMLSchema-instance"><con:interface>RealEstateServiceHTTPBinding</con:interface><con:operation>getPropertyByEnterpriseNR</con:operation><con:request name="testcase3 - Test - Worker 1 - Request" id="1c4fda26-11e2-4231-8716-5c9b000641bb" outgoingWss="Outflow TEST"><con:settings/><con:encoding>UTF-8</con:encoding><con:endpoint>https://192.168.22.53:8443/services/RealEstateService_v1.3</con:endpoint><con:request><![CDATA[<soapenv:Envelope xmlns:soapenv="http://schemas.xmlsoap.org/soap/envelope/" xmlns:v1="http://fidus.brussels/service/realestateservice/messages/v1" xmlns:v11="http://fidus.brussels/type/common/messages/v1">
   <soapenv:Header/>
   <soapenv:Body>
      <v1:getPropertyByEnterpriseNRRequest>
         <v1:messageContext>
            <v11:messageId>${=import static java.util.UUID.randomUUID; uuid = randomUUID() as String}</v11:messageId>
            <v11:timestamp>${=new java.text.SimpleDateFormat("yyyy-MM-dd'T'HH:mm:ss.SSS").format(new Date())}</v11:timestamp>
         </v1:messageContext>
         <v1:legalContext>ServiceIntegrator</v1:legalContext>
         <v1:request>
            <language>F</language>
            <coOwners>false</coOwners>
            <!--Optional:-->
            <showAddress>true</showAddress>
            <cadastralDivision>21372</cadastralDivision>
            <!--Optional:-->            
            <administrativeCommunNumber>21006</administrativeCommunNumber>
            <history>false</history>
            <kbo>0456810810</kbo>
         </v1:request>
      </v1:getPropertyByEnterpriseNRRequest>
   </soapenv:Body>
</soapenv:Envelope>]]></con:request><con:assertion type="SOAP Fault Assertion" id="a34b43f8-efb7-4251-a592-7a90fcf221e7" name="Not SOAP Fault"/><con:assertion type="SOAP Response" id="6f11f6f5-df54-4c64-9196-2b3b862c79ec" name="SOAP Response"/><con:assertion type="Schema Compliance" id="64018e17-8e46-476c-ba49-83d04b87563e" name="Schema Compliance"><con:configuration/></con:assertion><con:wsaConfig action="http://fidus.brussels/services/realestateservice/getPropertyByEnterpriseNR"/></con:request></con:config></con:testStep><con:testStep type="request" id="d7f3317a-2030-4ada-8613-510d9dc7c28a" name="testcase3 - Test - Worker 2 - Request"><con:settings/><con:config xsi:type="con:RequestStep" xmlns:xsi="http://www.w3.org/2001/XMLSchema-instance"><con:interface>RealEstateServiceHTTPBinding</con:interface><con:operation>getPropertyByEnterpriseNR</con:operation><con:request name="testcase3 - Test - Worker 2 - Request" id="2bae3179-f47c-4a69-a6b8-b8139964909d" outgoingWss="Outflow TEST"><con:settings/><con:encoding>UTF-8</con:encoding><con:endpoint>https://192.168.22.54:8443/services/RealEstateService_v1.3</con:endpoint><con:request><![CDATA[<soapenv:Envelope xmlns:soapenv="http://schemas.xmlsoap.org/soap/envelope/" xmlns:v1="http://fidus.brussels/service/realestateservice/messages/v1" xmlns:v11="http://fidus.brussels/type/common/messages/v1">
   <soapenv:Header/>
   <soapenv:Body>
      <v1:getPropertyByEnterpriseNRRequest>
         <v1:messageContext>
            <v11:messageId>${=import static java.util.UUID.randomUUID; uuid = randomUUID() as String}</v11:messageId>
            <v11:timestamp>${=new java.text.SimpleDateFormat("yyyy-MM-dd'T'HH:mm:ss.SSS").format(new Date())}</v11:timestamp>
         </v1:messageContext>
         <v1:legalContext>ServiceIntegrator</v1:legalContext>
         <v1:request>
            <language>F</language>
            <coOwners>false</coOwners>
            <!--Optional:-->
            <showAddress>true</showAddress>
            <cadastralDivision>21372</cadastralDivision>
            <!--Optional:-->            
            <administrativeCommunNumber>21006</administrativeCommunNumber>
            <history>false</history>
            <kbo>0456810810</kbo>
         </v1:request>
      </v1:getPropertyByEnterpriseNRRequest>
   </soapenv:Body>
</soapenv:Envelope>]]></con:request><con:assertion type="SOAP Fault Assertion" id="6f9069bf-7b37-4dd6-a8b1-d693224ab7e2" name="Not SOAP Fault"/><con:assertion type="SOAP Response" id="28eb43df-89e5-45c4-8f56-49e290c7bfa3" name="SOAP Response"/><con:assertion type="Schema Compliance" id="160ba492-f3ec-414e-99a8-baa619d6dfed" name="Schema Compliance"><con:configuration/></con:assertion><con:wsaConfig action="http://fidus.brussels/services/realestateservice/getPropertyByEnterpriseNR"/></con:request></con:config></con:testStep><con:properties/></con:testCase><con:testCase id="fb199922-dccf-4fb1-8095-58fa8944711f" failOnError="true" failTestCaseOnErrors="true" keepSession="false" maxResults="0" name="getListDivisionWithPropertyByNRN" searchProperties="true"><con:settings/><con:testStep type="request" id="5d6fb96d-6a79-428d-bac7-0af386fa6d6a" name="testcase3 - Test - External - Request"><con:settings/><con:config xsi:type="con:RequestStep" xmlns:xsi="http://www.w3.org/2001/XMLSchema-instance"><con:interface>RealEstateServiceHTTPBinding</con:interface><con:operation>getListDivisionWithPropertyByNRN</con:operation><con:request name="testcase3 - Test - External - Request" id="972d246c-eb59-43fe-b612-6b820bd342b7" outgoingWss="Outflow TEST"><con:settings/><con:encoding>UTF-8</con:encoding><con:endpoint>https://fidus-test.irisnetlab.be/services/RealEstateService_v1.3</con:endpoint><con:request><![CDATA[<soapenv:Envelope xmlns:soapenv="http://schemas.xmlsoap.org/soap/envelope/" xmlns:v1="http://fidus.brussels/service/realestateservice/messages/v1" xmlns:v11="http://fidus.brussels/type/common/messages/v1">
   <soapenv:Header/>
   <soapenv:Body>
      <v1:getListDivisionWithPropertyByNRNRequest>
         <v1:messageContext>
            <v11:messageId>${=import static java.util.UUID.randomUUID; uuid = randomUUID() as String}</v11:messageId>
            <v11:timestamp>${=new java.text.SimpleDateFormat("yyyy-MM-dd'T'HH:mm:ss.SSS").format(new Date())}</v11:timestamp>
         </v1:messageContext>
         <v1:legalContext>ServiceIntegrator</v1:legalContext>
         <v1:request>
            <language>F</language>
            <nrn>32061501852</nrn>         
            <history>true</history>
         </v1:request>
      </v1:getListDivisionWithPropertyByNRNRequest>
   </soapenv:Body>
</soapenv:Envelope>]]></con:request><con:assertion type="SOAP Fault Assertion" id="2286fa62-15d2-4bce-9804-a6dedde215e6" name="Not SOAP Fault"/><con:assertion type="SOAP Response" id="fd6cce23-e2d6-4128-bab9-0c6a2b86a9dd" name="SOAP Response"/><con:assertion type="Schema Compliance" id="4533f460-1e1a-47db-9cff-ffeed55315b7" name="Schema Compliance"><con:configuration/></con:assertion><con:wsaConfig action="http://fidus.brussels/services/realestateservice/getListDivisionWithPropertyByNRN"/></con:request></con:config></con:testStep><con:testStep type="request" id="f3e4d39b-cc6a-4b5d-9e9b-b4faa309eea6" name="testcase3 - Test - Worker 1 - Request"><con:settings/><con:config xsi:type="con:RequestStep" xmlns:xsi="http://www.w3.org/2001/XMLSchema-instance"><con:interface>RealEstateServiceHTTPBinding</con:interface><con:operation>getListDivisionWithPropertyByNRN</con:operation><con:request name="testcase3 - Test - Worker 1 - Request" id="81cdab4e-81ae-4e93-a4a5-076874c86e12" outgoingWss="Outflow TEST"><con:settings/><con:encoding>UTF-8</con:encoding><con:endpoint>https://192.168.22.53:8443/services/RealEstateService_v1.3</con:endpoint><con:request><![CDATA[<soapenv:Envelope xmlns:soapenv="http://schemas.xmlsoap.org/soap/envelope/" xmlns:v1="http://fidus.brussels/service/realestateservice/messages/v1" xmlns:v11="http://fidus.brussels/type/common/messages/v1">
   <soapenv:Header/>
   <soapenv:Body>
      <v1:getListDivisionWithPropertyByNRNRequest>
         <v1:messageContext>
            <v11:messageId>${=import static java.util.UUID.randomUUID; uuid = randomUUID() as String}</v11:messageId>
            <v11:timestamp>${=new java.text.SimpleDateFormat("yyyy-MM-dd'T'HH:mm:ss.SSS").format(new Date())}</v11:timestamp>
         </v1:messageContext>
         <v1:legalContext>ServiceIntegrator</v1:legalContext>
         <v1:request>
            <language>F</language>
            <nrn>32061501852</nrn>         
            <history>true</history>
         </v1:request>
      </v1:getListDivisionWithPropertyByNRNRequest>
   </soapenv:Body>
</soapenv:Envelope>]]></con:request><con:assertion type="SOAP Fault Assertion" id="8d2d2d3d-060e-4b96-af05-f29e12468e37" name="Not SOAP Fault"/><con:assertion type="SOAP Response" id="967c543a-49c6-48bd-bbf9-63b85cc08be8" name="SOAP Response"/><con:assertion type="Schema Compliance" id="b49a6c95-f12c-4a19-82da-1054a818f9bc" name="Schema Compliance"><con:configuration/></con:assertion><con:wsaConfig action="http://fidus.brussels/services/realestateservice/getListDivisionWithPropertyByNRN"/></con:request></con:config></con:testStep><con:testStep type="request" id="f91bdaad-1d81-4c70-8fe9-ea830eca49e0" name="testcase3 - Test - Worker 2 - Request"><con:settings/><con:config xsi:type="con:RequestStep" xmlns:xsi="http://www.w3.org/2001/XMLSchema-instance"><con:interface>RealEstateServiceHTTPBinding</con:interface><con:operation>getListDivisionWithPropertyByNRN</con:operation><con:request name="testcase3 - Test - Worker 2 - Request" id="243b4686-064a-4d5a-9694-f727683011e8" outgoingWss="Outflow TEST"><con:settings/><con:encoding>UTF-8</con:encoding><con:endpoint>https://192.168.22.54:8443/services/RealEstateService_v1.3</con:endpoint><con:request><![CDATA[<soapenv:Envelope xmlns:soapenv="http://schemas.xmlsoap.org/soap/envelope/" xmlns:v1="http://fidus.brussels/service/realestateservice/messages/v1" xmlns:v11="http://fidus.brussels/type/common/messages/v1">
   <soapenv:Header/>
   <soapenv:Body>
      <v1:getListDivisionWithPropertyByNRNRequest>
         <v1:messageContext>
            <v11:messageId>${=import static java.util.UUID.randomUUID; uuid = randomUUID() as String}</v11:messageId>
            <v11:timestamp>${=new java.text.SimpleDateFormat("yyyy-MM-dd'T'HH:mm:ss.SSS").format(new Date())}</v11:timestamp>
         </v1:messageContext>
         <v1:legalContext>ServiceIntegrator</v1:legalContext>
         <v1:request>
            <language>F</language>
            <nrn>32061501852</nrn>         
            <history>true</history>
         </v1:request>
      </v1:getListDivisionWithPropertyByNRNRequest>
   </soapenv:Body>
</soapenv:Envelope>]]></con:request><con:assertion type="SOAP Fault Assertion" id="abfc5b0e-9efc-46d2-b3ad-1526f4b077ad" name="Not SOAP Fault"/><con:assertion type="SOAP Response" id="8e723e51-7b63-454d-a85b-acda01b4130d" name="SOAP Response"/><con:assertion type="Schema Compliance" id="c25185a3-867b-4a2e-9ef9-d3520f2b309a" name="Schema Compliance"><con:configuration/></con:assertion><con:wsaConfig action="http://fidus.brussels/services/realestateservice/getListDivisionWithPropertyByNRN"/></con:request></con:config></con:testStep><con:testStep type="request" id="1309ee76-06e6-4b04-9044-b8952a88e340" name="testcase3 - Test - LB - Request"><con:settings/><con:config xsi:type="con:RequestStep" xmlns:xsi="http://www.w3.org/2001/XMLSchema-instance"><con:interface>RealEstateServiceHTTPBinding</con:interface><con:operation>getListDivisionWithPropertyByNRN</con:operation><con:request name="testcase3 - Test - LB - Request" id="c7a0d320-c0e2-45e2-b947-eafd67d41ed5" outgoingWss="Outflow TEST"><con:settings/><con:encoding>UTF-8</con:encoding><con:endpoint>https://esb-security-gw.sta.srv.cirb.lan:8443/services/RealEstateService_v1.3</con:endpoint><con:request><![CDATA[<soapenv:Envelope xmlns:soapenv="http://schemas.xmlsoap.org/soap/envelope/" xmlns:v1="http://fidus.brussels/service/realestateservice/messages/v1" xmlns:v11="http://fidus.brussels/type/common/messages/v1">
   <soapenv:Header/>
   <soapenv:Body>
      <v1:getListDivisionWithPropertyByNRNRequest>
         <v1:messageContext>
            <v11:messageId>${=import static java.util.UUID.randomUUID; uuid = randomUUID() as String}</v11:messageId>
            <v11:timestamp>${=new java.text.SimpleDateFormat("yyyy-MM-dd'T'HH:mm:ss.SSS").format(new Date())}</v11:timestamp>
         </v1:messageContext>
         <v1:legalContext>ServiceIntegrator</v1:legalContext>
         <v1:request>
            <language>F</language>
            <nrn>32061501852</nrn>         
            <history>true</history>
         </v1:request>
      </v1:getListDivisionWithPropertyByNRNRequest>
   </soapenv:Body>
</soapenv:Envelope>]]></con:request><con:assertion type="SOAP Fault Assertion" id="1db0614f-bf44-41ef-9735-2e190f2c936d" name="Not SOAP Fault"/><con:assertion type="SOAP Response" id="a4fe5332-3a57-4b4a-a6f6-8ab430a2f629" name="SOAP Response"/><con:assertion type="Schema Compliance" id="f530aae2-884e-40dc-98d2-700e8220f7d0" name="Schema Compliance"><con:configuration/></con:assertion><con:wsaConfig action="http://fidus.brussels/services/realestateservice/getListDivisionWithPropertyByNRN"/></con:request></con:config></con:testStep><con:properties/></con:testCase><con:properties/></con:testSuite><con:testSuite id="1b2a054a-5ec2-40d9-a694-5bb157a044c8" name="STAG"><con:settings/><con:runType>SEQUENTIAL</con:runType><con:testCase id="8d680809-dff4-4003-a408-30ba7a77ef4c" failOnError="true" failTestCaseOnErrors="true" keepSession="false" maxResults="0" name="findPropertiesTxByCriteria" searchProperties="true"><con:settings/><con:testStep type="request" id="2b31d5b5-be6f-4aa9-a30e-4b1c006a1fa9" name="testcase4 - Staging - External - Request"><con:settings/><con:config xsi:type="con:RequestStep" xmlns:xsi="http://www.w3.org/2001/XMLSchema-instance"><con:interface>RealEstateServiceHTTPBinding</con:interface><con:operation>findPropertiesTxByCriteria</con:operation><con:request name="testcase4 - Staging - External - Request" id="b62195c1-052a-483a-8439-a169dc608716" outgoingWss="Outflow STAG"><con:settings/><con:encoding>UTF-8</con:encoding><con:endpoint>https://fidus.irisnetlab.be/services/RealEstateService_v1.3</con:endpoint><con:request><![CDATA[<soapenv:Envelope xmlns:soapenv="http://schemas.xmlsoap.org/soap/envelope/" xmlns:v1="http://fidus.brussels/service/realestateservice/messages/v1" xmlns:v11="http://fidus.brussels/type/common/messages/v1" xmlns:dir="http://www.minfin.fgov.be/schemas/esb/consultimmotx/direct" xmlns:ns="http://www.minfin.fgov.be/schemas/esb/canonical/base/1">
   <soapenv:Header/>
   <soapenv:Body>
      <v1:findPropertiesTxByCriteriaRequest>
         <v1:messageContext>
            <v11:messageId>${=import static java.util.UUID.randomUUID; uuid = randomUUID() as String}</v11:messageId>
            <v11:timestamp>${=new java.text.SimpleDateFormat("yyyy-MM-dd'T'HH:mm:ss.SSS").format(new Date())}</v11:timestamp>
         </v1:messageContext>
         <v1:legalContext>ServiceIntegrator</v1:legalContext>
         <v1:request>
	       <dir:province>40000</dir:province>
	       <dir:adminCommune>42008</dir:adminCommune>
	       <dir:typeInscription>82</dir:typeInscription>
	       <dir:deedDate>
	          <ns:start>2010-01-01</ns:start>
	          <ns:end>2010-04-30</ns:end>
	       </dir:deedDate>
	       <dir:natureCode>220</dir:natureCode>
	       <dir:natureCodeDeed>32</dir:natureCodeDeed>
         </v1:request>
      </v1:findPropertiesTxByCriteriaRequest>
   </soapenv:Body>
</soapenv:Envelope>]]></con:request><con:assertion type="SOAP Fault Assertion" id="eda088ad-e79f-4794-aadc-3e84ad395746" name="Not SOAP Fault"/><con:assertion type="SOAP Response" id="941fcf33-63fd-40cf-a354-f511b93c2ac2" name="SOAP Response"/><con:assertion type="Schema Compliance" id="bf7ae124-8600-48c0-8a1d-98980892c84c" name="Schema Compliance"><con:configuration/></con:assertion><con:wsaConfig action="http://fidus.brussels/services/realestateservice/findPropertiesTxByCriteria"/></con:request></con:config></con:testStep><con:testStep type="request" id="d4e337d6-e7bf-436d-9dd6-9462cd50b072" name="testcase4 - Staging - LB - Request"><con:settings/><con:config xsi:type="con:RequestStep" xmlns:xsi="http://www.w3.org/2001/XMLSchema-instance"><con:interface>RealEstateServiceHTTPBinding</con:interface><con:operation>findPropertiesTxByCriteria</con:operation><con:request name="testcase4 - Staging - LB - Request" id="c9c4e2a1-ec44-495b-b0f1-fdc347168e4b" outgoingWss="Outflow STAG"><con:settings/><con:encoding>UTF-8</con:encoding><con:endpoint>https://fidus-esb-sg.sta.srv.cirb.lan:8443/services/RealEstateService_v1.3</con:endpoint><con:request><![CDATA[<soapenv:Envelope xmlns:soapenv="http://schemas.xmlsoap.org/soap/envelope/" xmlns:v1="http://fidus.brussels/service/realestateservice/messages/v1" xmlns:v11="http://fidus.brussels/type/common/messages/v1" xmlns:dir="http://www.minfin.fgov.be/schemas/esb/consultimmotx/direct" xmlns:ns="http://www.minfin.fgov.be/schemas/esb/canonical/base/1">
   <soapenv:Header/>
   <soapenv:Body>
      <v1:findPropertiesTxByCriteriaRequest>
         <v1:messageContext>
            <v11:messageId>${=import static java.util.UUID.randomUUID; uuid = randomUUID() as String}</v11:messageId>
            <v11:timestamp>${=new java.text.SimpleDateFormat("yyyy-MM-dd'T'HH:mm:ss.SSS").format(new Date())}</v11:timestamp>
         </v1:messageContext>
         <v1:legalContext>ServiceIntegrator</v1:legalContext>
         <v1:request>
	       <dir:province>40000</dir:province>
	       <dir:adminCommune>42008</dir:adminCommune>
	       <dir:typeInscription>82</dir:typeInscription>
	       <dir:deedDate>
	          <ns:start>2010-01-01</ns:start>
	          <ns:end>2010-04-30</ns:end>
	       </dir:deedDate>
	       <dir:natureCode>220</dir:natureCode>
	       <dir:natureCodeDeed>32</dir:natureCodeDeed>
         </v1:request>
      </v1:findPropertiesTxByCriteriaRequest>
   </soapenv:Body>
</soapenv:Envelope>]]></con:request><con:assertion type="SOAP Fault Assertion" id="3fe01400-9b54-468a-8063-51b1dfdc6b0a" name="Not SOAP Fault"/><con:assertion type="SOAP Response" id="ed51d4f8-a3bd-49dc-a520-e40de9154a9c" name="SOAP Response"/><con:assertion type="Schema Compliance" id="bb961560-017c-4194-b07a-85d2f4ea416a" name="Schema Compliance"><con:configuration/></con:assertion><con:wsaConfig action="http://fidus.brussels/services/realestateservice/findPropertiesTxByCriteria"/></con:request></con:config></con:testStep><con:testStep type="request" id="1a46be3c-b8f7-45dd-921f-da670cd0707e" name="testcase4 - Staging - Worker1 - Request"><con:settings/><con:config xsi:type="con:RequestStep" xmlns:xsi="http://www.w3.org/2001/XMLSchema-instance"><con:interface>RealEstateServiceHTTPBinding</con:interface><con:operation>findPropertiesTxByCriteria</con:operation><con:request name="testcase4 - Staging - Worker1 - Request" id="f966e120-3269-4305-af42-3123abf7a33d" outgoingWss="Outflow STAG"><con:settings/><con:encoding>UTF-8</con:encoding><con:endpoint>https://192.168.24.16:8443/services/RealEstateService_v1.3</con:endpoint><con:request><![CDATA[<soapenv:Envelope xmlns:soapenv="http://schemas.xmlsoap.org/soap/envelope/" xmlns:v1="http://fidus.brussels/service/realestateservice/messages/v1" xmlns:v11="http://fidus.brussels/type/common/messages/v1" xmlns:dir="http://www.minfin.fgov.be/schemas/esb/consultimmotx/direct" xmlns:ns="http://www.minfin.fgov.be/schemas/esb/canonical/base/1">
   <soapenv:Header/>
   <soapenv:Body>
      <v1:findPropertiesTxByCriteriaRequest>
         <v1:messageContext>
            <v11:messageId>${=import static java.util.UUID.randomUUID; uuid = randomUUID() as String}</v11:messageId>
            <v11:timestamp>${=new java.text.SimpleDateFormat("yyyy-MM-dd'T'HH:mm:ss.SSS").format(new Date())}</v11:timestamp>
         </v1:messageContext>
         <v1:legalContext>ServiceIntegrator</v1:legalContext>
         <v1:request>
            <dir:province>40000</dir:province>
            <dir:adminCommune>42008</dir:adminCommune>
            <dir:typeInscription>82</dir:typeInscription>
            <dir:deedDate>
               <ns:start>2010-01-01</ns:start>
               <ns:end>2010-04-30</ns:end>
            </dir:deedDate>
            <dir:natureCode>220</dir:natureCode>
            <dir:natureCodeDeed>32</dir:natureCodeDeed>
         </v1:request>
      </v1:findPropertiesTxByCriteriaRequest>
   </soapenv:Body>
</soapenv:Envelope>]]></con:request><con:assertion type="SOAP Fault Assertion" id="f8c9ddad-27b3-4bd1-b698-ffbad2ab1a40" name="Not SOAP Fault"/><con:assertion type="SOAP Response" id="429edd27-2c1a-4040-be8c-501cc0533e55" name="SOAP Response"/><con:assertion type="Schema Compliance" id="fd390685-a9a5-49c8-8c94-e1d2abd82a34" name="Schema Compliance"><con:configuration/></con:assertion><con:wsaConfig action="http://fidus.brussels/services/realestateservice/findPropertiesTxByCriteria"/></con:request></con:config></con:testStep><con:testStep type="request" id="47c51c84-e70a-4289-85e0-2de057802d0f" name="testcase4 - Staging - Worker2 - Request"><con:settings/><con:config xsi:type="con:RequestStep" xmlns:xsi="http://www.w3.org/2001/XMLSchema-instance"><con:interface>RealEstateServiceHTTPBinding</con:interface><con:operation>findPropertiesTxByCriteria</con:operation><con:request name="testcase4 - Staging - Worker2 - Request" id="23b5c5c4-71b0-4435-9f8d-80930476275c" outgoingWss="Outflow STAG"><con:settings/><con:encoding>UTF-8</con:encoding><con:endpoint>https://192.168.24.17:8443/services/RealEstateService_v1.3</con:endpoint><con:request><![CDATA[<soapenv:Envelope xmlns:soapenv="http://schemas.xmlsoap.org/soap/envelope/" xmlns:v1="http://fidus.brussels/service/realestateservice/messages/v1" xmlns:v11="http://fidus.brussels/type/common/messages/v1" xmlns:dir="http://www.minfin.fgov.be/schemas/esb/consultimmotx/direct" xmlns:ns="http://www.minfin.fgov.be/schemas/esb/canonical/base/1">
   <soapenv:Header/>
   <soapenv:Body>
      <v1:findPropertiesTxByCriteriaRequest>
         <v1:messageContext>
            <v11:messageId>${=import static java.util.UUID.randomUUID; uuid = randomUUID() as String}</v11:messageId>
            <v11:timestamp>${=new java.text.SimpleDateFormat("yyyy-MM-dd'T'HH:mm:ss.SSS").format(new Date())}</v11:timestamp>
         </v1:messageContext>
         <v1:legalContext>ServiceIntegrator</v1:legalContext>         
         <v1:request>
	       <dir:province>40000</dir:province>
	       <dir:adminCommune>42008</dir:adminCommune>
	       <dir:typeInscription>82</dir:typeInscription>
	       <dir:deedDate>
	          <ns:start>2010-01-01</ns:start>
	          <ns:end>2010-04-30</ns:end>
	       </dir:deedDate>
	       <dir:natureCode>220</dir:natureCode>
	       <dir:natureCodeDeed>32</dir:natureCodeDeed>
         </v1:request>
      </v1:findPropertiesTxByCriteriaRequest>
   </soapenv:Body>
</soapenv:Envelope>]]></con:request><con:assertion type="SOAP Fault Assertion" id="59e1473e-ef71-42a3-90ef-899462c2d982" name="Not SOAP Fault"/><con:assertion type="SOAP Response" id="fb035269-dab0-4091-8bf2-8700244fd8ac" name="SOAP Response"/><con:assertion type="Schema Compliance" id="09456e8e-dca8-4d2b-b459-8c5a56cc9171" name="Schema Compliance"><con:configuration/></con:assertion><con:wsaConfig action="http://fidus.brussels/services/realestateservice/findPropertiesTxByCriteria"/></con:request></con:config></con:testStep><con:properties/></con:testCase><con:testCase id="4ba86548-2d4a-4755-b02b-94d54251d1a2" failOnError="true" failTestCaseOnErrors="true" keepSession="false" maxResults="0" name="findCommunitiesBySearchToken" searchProperties="true"><con:settings/><con:testStep type="request" id="1648f66f-8ddc-490f-a444-f2f598f747fb" name="testcase4 - Staging - External - Request"><con:settings/><con:config xsi:type="con:RequestStep" xmlns:xsi="http://www.w3.org/2001/XMLSchema-instance"><con:interface>RealEstateServiceHTTPBinding</con:interface><con:operation>findCommunitiesBySearchToken</con:operation><con:request name="testcase4 - Staging - External - Request" id="f382dd4b-4459-43a3-a74e-2cf12be7d944" outgoingWss="Outflow STAG"><con:settings/><con:encoding>UTF-8</con:encoding><con:endpoint>https://fidus.irisnetlab.be/services/RealEstateService_v1.3</con:endpoint><con:request><![CDATA[<soapenv:Envelope xmlns:soapenv="http://schemas.xmlsoap.org/soap/envelope/" xmlns:v1="http://fidus.brussels/service/realestateservice/messages/v1" xmlns:v11="http://fidus.brussels/type/common/messages/v1">
   <soapenv:Header/>
   <soapenv:Body>
      <v1:findCommunitiesBySearchTokenRequest>
         <v1:messageContext>
            <v11:messageId>${=import static java.util.UUID.randomUUID; uuid = randomUUID() as String}</v11:messageId>
            <v11:timestamp>${=new java.text.SimpleDateFormat("yyyy-MM-dd'T'HH:mm:ss.SSS").format(new Date())}</v11:timestamp>
         </v1:messageContext>
         <v1:legalContext>ServiceIntegrator</v1:legalContext>
         <v1:request>
            <language>F</language>
            <searchToken>WOLU</searchToken>
         </v1:request>
      </v1:findCommunitiesBySearchTokenRequest>
   </soapenv:Body>
</soapenv:Envelope>]]></con:request><con:assertion type="SOAP Fault Assertion" id="ee598de5-fdcf-4d15-9cb9-16fe938e08ad" name="Not SOAP Fault"/><con:assertion type="SOAP Response" id="ac411591-fefa-4990-82a7-ea1c3db770d4" name="SOAP Response"/><con:assertion type="Schema Compliance" id="a1331467-660b-4f14-a284-ab7a5ded5cf2" name="Schema Compliance"><con:configuration/></con:assertion><con:wsaConfig action="http://fidus.brussels/services/realestateservice/findCommunitiesBySearchToken"/></con:request></con:config></con:testStep><con:testStep type="request" id="2e472d95-2616-4591-8a6a-6aea2dfd73a3" name="testcase4 - Staging - Worker1 - Request"><con:settings/><con:config xsi:type="con:RequestStep" xmlns:xsi="http://www.w3.org/2001/XMLSchema-instance"><con:interface>RealEstateServiceHTTPBinding</con:interface><con:operation>findCommunitiesBySearchToken</con:operation><con:request name="testcase4 - Staging - Worker1 - Request" id="f1ceac42-36d8-46e6-a785-e8e3bbc723cf" outgoingWss="Outflow STAG"><con:settings/><con:encoding>UTF-8</con:encoding><con:endpoint>https://192.168.24.16:8443/services/RealEstateService_v1.3</con:endpoint><con:request><![CDATA[<soapenv:Envelope xmlns:soapenv="http://schemas.xmlsoap.org/soap/envelope/" xmlns:v1="http://fidus.brussels/service/realestateservice/messages/v1" xmlns:v11="http://fidus.brussels/type/common/messages/v1">
   <soapenv:Header/>
   <soapenv:Body>
      <v1:findCommunitiesBySearchTokenRequest>
         <v1:messageContext>
            <v11:messageId>${=import static java.util.UUID.randomUUID; uuid = randomUUID() as String}</v11:messageId>
            <v11:timestamp>${=new java.text.SimpleDateFormat("yyyy-MM-dd'T'HH:mm:ss.SSS").format(new Date())}</v11:timestamp>
         </v1:messageContext>
         <v1:legalContext>ServiceIntegrator</v1:legalContext>
         <v1:request>
            <language>F</language>
            <searchToken>WOLU</searchToken>
         </v1:request>
      </v1:findCommunitiesBySearchTokenRequest>
   </soapenv:Body>
</soapenv:Envelope>]]></con:request><con:assertion type="SOAP Fault Assertion" id="279a41ae-8cfa-4492-a7eb-9b92a2a8abe2" name="Not SOAP Fault"/><con:assertion type="SOAP Response" id="81269671-e1a4-4113-943a-99fb7faf9a0f" name="SOAP Response"/><con:assertion type="Schema Compliance" id="4099741a-8cec-4b2a-8e9b-d8ec077ef2da" name="Schema Compliance"><con:configuration/></con:assertion><con:wsaConfig action="http://fidus.brussels/services/realestateservice/findCommunitiesBySearchToken"/></con:request></con:config></con:testStep><con:testStep type="request" id="2528dc84-e0b3-44ea-8d32-5db533238988" name="testcase4 - Staging - Worker2 - Request"><con:settings/><con:config xsi:type="con:RequestStep" xmlns:xsi="http://www.w3.org/2001/XMLSchema-instance"><con:interface>RealEstateServiceHTTPBinding</con:interface><con:operation>findCommunitiesBySearchToken</con:operation><con:request name="testcase4 - Staging - Worker2 - Request" id="eeafafe0-de5c-447f-8f05-374554cfb26b" outgoingWss="Outflow STAG"><con:settings/><con:encoding>UTF-8</con:encoding><con:endpoint>https://192.168.24.17:8443/services/RealEstateService_v1.3</con:endpoint><con:request><![CDATA[<soapenv:Envelope xmlns:soapenv="http://schemas.xmlsoap.org/soap/envelope/" xmlns:v1="http://fidus.brussels/service/realestateservice/messages/v1" xmlns:v11="http://fidus.brussels/type/common/messages/v1">
   <soapenv:Header/>
   <soapenv:Body>
      <v1:findCommunitiesBySearchTokenRequest>
         <v1:messageContext>
            <v11:messageId>${=import static java.util.UUID.randomUUID; uuid = randomUUID() as String}</v11:messageId>
            <v11:timestamp>${=new java.text.SimpleDateFormat("yyyy-MM-dd'T'HH:mm:ss.SSS").format(new Date())}</v11:timestamp>
         </v1:messageContext>
         <v1:legalContext>ServiceIntegrator</v1:legalContext>
         <v1:request>
            <language>F</language>
            <searchToken>WOLU</searchToken>
         </v1:request>
      </v1:findCommunitiesBySearchTokenRequest>
   </soapenv:Body>
</soapenv:Envelope>]]></con:request><con:assertion type="SOAP Fault Assertion" id="5a684ae5-b392-4033-81cc-2f3658b3874b" name="Not SOAP Fault"/><con:assertion type="SOAP Response" id="5bb74da8-1d45-49b6-ada7-2de6935b54bf" name="SOAP Response"/><con:assertion type="Schema Compliance" id="3c6a4866-af55-42ae-90dd-25cc9caa9591" name="Schema Compliance"><con:configuration/></con:assertion><con:wsaConfig action="http://fidus.brussels/services/realestateservice/findCommunitiesBySearchToken"/></con:request></con:config></con:testStep><con:testStep type="request" id="2e308225-82bc-40ca-8d21-1d7f50683ed0" name="testcase4 - Staging - LB - Request"><con:settings/><con:config xsi:type="con:RequestStep" xmlns:xsi="http://www.w3.org/2001/XMLSchema-instance"><con:interface>RealEstateServiceHTTPBinding</con:interface><con:operation>findCommunitiesBySearchToken</con:operation><con:request name="testcase4 - Staging - LB - Request" id="3b5aab38-35ef-474f-b26e-adcf2caf0af8" outgoingWss="Outflow STAG"><con:settings/><con:encoding>UTF-8</con:encoding><con:endpoint>https://fidus-esb-sg.sta.srv.cirb.lan:8443/services/RealEstateService_v1.3</con:endpoint><con:request><![CDATA[<soapenv:Envelope xmlns:soapenv="http://schemas.xmlsoap.org/soap/envelope/" xmlns:v1="http://fidus.brussels/service/realestateservice/messages/v1" xmlns:v11="http://fidus.brussels/type/common/messages/v1">
   <soapenv:Header/>
   <soapenv:Body>
      <v1:findCommunitiesBySearchTokenRequest>
         <v1:messageContext>
            <v11:messageId>${=import static java.util.UUID.randomUUID; uuid = randomUUID() as String}</v11:messageId>
            <v11:timestamp>${=new java.text.SimpleDateFormat("yyyy-MM-dd'T'HH:mm:ss.SSS").format(new Date())}</v11:timestamp>
         </v1:messageContext>
         <v1:legalContext>ServiceIntegrator</v1:legalContext>
         <v1:request>
            <language>F</language>
            <searchToken>WOLU</searchToken>
         </v1:request>
      </v1:findCommunitiesBySearchTokenRequest>
   </soapenv:Body>
</soapenv:Envelope>]]></con:request><con:assertion type="SOAP Fault Assertion" id="02548200-2c7a-47ca-bdc2-fd28c602e24c" name="Not SOAP Fault"/><con:assertion type="SOAP Response" id="ade9b854-021c-45ce-b6e8-4704459b312c" name="SOAP Response"/><con:assertion type="Schema Compliance" id="80f92083-c90e-4e57-9f99-de769fb7246c" name="Schema Compliance"><con:configuration/></con:assertion><con:wsaConfig action="http://fidus.brussels/services/realestateservice/findCommunitiesBySearchToken"/></con:request></con:config></con:testStep><con:properties/></con:testCase><con:testCase id="2e5f8b75-0811-419a-be29-34263d9a3f4e" failOnError="true" failTestCaseOnErrors="true" keepSession="false" maxResults="0" name="findStreetsBySearchToken" searchProperties="true"><con:settings/><con:testStep type="request" id="a7b17c4e-fb55-4303-92eb-c055af8a9ace" name="testcase4 - Staging - External - Request"><con:settings/><con:config xsi:type="con:RequestStep" xmlns:xsi="http://www.w3.org/2001/XMLSchema-instance"><con:interface>RealEstateServiceHTTPBinding</con:interface><con:operation>findStreetsBySearchToken</con:operation><con:request name="testcase4 - Staging - External - Request" id="0810cea0-9f56-476b-b252-2292a630b8e0" outgoingWss="Outflow STAG"><con:settings/><con:encoding>UTF-8</con:encoding><con:endpoint>https://fidus.irisnetlab.be/services/RealEstateService_v1.3</con:endpoint><con:request><![CDATA[<soapenv:Envelope xmlns:soapenv="http://schemas.xmlsoap.org/soap/envelope/" xmlns:v1="http://fidus.brussels/service/realestateservice/messages/v1" xmlns:v11="http://fidus.brussels/type/common/messages/v1">
   <soapenv:Header/>
   <soapenv:Body>
      <v1:findStreetsBySearchTokenRequest>
         <v1:messageContext>
            <v11:messageId>${=import static java.util.UUID.randomUUID; uuid = randomUUID() as String}</v11:messageId>
            <v11:timestamp>${=new java.text.SimpleDateFormat("yyyy-MM-dd'T'HH:mm:ss.SSS").format(new Date())}</v11:timestamp>
         </v1:messageContext>
         <v1:legalContext>ServiceIntegrator</v1:legalContext>
         <v1:request>
            <language>F</language>
            <searchToken>CUY</searchToken>
            <codeNisComId>21018</codeNisComId>
         </v1:request>
      </v1:findStreetsBySearchTokenRequest>
   </soapenv:Body>
</soapenv:Envelope>]]></con:request><con:assertion type="SOAP Fault Assertion" id="c3b90ea5-d13d-4804-bb79-935b307a1933" name="Not SOAP Fault"/><con:assertion type="SOAP Response" id="fe46b790-8e93-435b-bfbd-b74827189b95" name="SOAP Response"/><con:assertion type="Schema Compliance" id="17c894a7-23e7-4b80-b29b-929d4272f5ea" name="Schema Compliance"><con:configuration/></con:assertion><con:wsaConfig action="http://fidus.brussels/services/realestateservice/findStreetsBySearchToken"/></con:request></con:config></con:testStep><con:testStep type="request" id="58141736-d0da-4e64-9239-db516a10167d" name="testcase4 - Staging - LB - Request"><con:settings/><con:config xsi:type="con:RequestStep" xmlns:xsi="http://www.w3.org/2001/XMLSchema-instance"><con:interface>RealEstateServiceHTTPBinding</con:interface><con:operation>findStreetsBySearchToken</con:operation><con:request name="testcase4 - Staging - LB - Request" id="3ce2d29c-dace-44cc-bb80-f8f17cda9153" outgoingWss="Outflow STAG"><con:settings/><con:encoding>UTF-8</con:encoding><con:endpoint>https://fidus-esb-sg.sta.srv.cirb.lan:8443/services/RealEstateService_v1.3</con:endpoint><con:request><![CDATA[<soapenv:Envelope xmlns:soapenv="http://schemas.xmlsoap.org/soap/envelope/" xmlns:v1="http://fidus.brussels/service/realestateservice/messages/v1" xmlns:v11="http://fidus.brussels/type/common/messages/v1">
   <soapenv:Header/>
   <soapenv:Body>
      <v1:findStreetsBySearchTokenRequest>
         <v1:messageContext>
            <v11:messageId>${=import static java.util.UUID.randomUUID; uuid = randomUUID() as String}</v11:messageId>
            <v11:timestamp>${=new java.text.SimpleDateFormat("yyyy-MM-dd'T'HH:mm:ss.SSS").format(new Date())}</v11:timestamp>
         </v1:messageContext>
         <v1:legalContext>ServiceIntegrator</v1:legalContext>
         <v1:request>
            <language>F</language>
            <searchToken>CUY</searchToken>
            <codeNisComId>21018</codeNisComId>
         </v1:request>
      </v1:findStreetsBySearchTokenRequest>
   </soapenv:Body>
</soapenv:Envelope>]]></con:request><con:assertion type="SOAP Fault Assertion" id="e436f72d-0089-4c81-8d0a-a024a5a3cd2d" name="Not SOAP Fault"/><con:assertion type="SOAP Response" id="c28d676b-7731-4963-b695-b9a18177239b" name="SOAP Response"/><con:assertion type="Schema Compliance" id="d451aa51-abfe-40a0-ad42-a416a8785028" name="Schema Compliance"><con:configuration/></con:assertion><con:wsaConfig action="http://fidus.brussels/services/realestateservice/findStreetsBySearchToken"/></con:request></con:config></con:testStep><con:testStep type="request" id="3dd653b2-cb7a-43f6-8fe7-101acf8e30da" name="testcase4 - Staging - Worker 1 - Request"><con:settings/><con:config xsi:type="con:RequestStep" xmlns:xsi="http://www.w3.org/2001/XMLSchema-instance"><con:interface>RealEstateServiceHTTPBinding</con:interface><con:operation>findStreetsBySearchToken</con:operation><con:request name="testcase4 - Staging - Worker 1 - Request" id="4d7c7bd2-38dd-4d66-86ce-8eaef8b5e0bc" outgoingWss="Outflow STAG"><con:settings/><con:encoding>UTF-8</con:encoding><con:endpoint>https://192.168.24.16:8443/services/RealEstateService_v1.3</con:endpoint><con:request><![CDATA[<soapenv:Envelope xmlns:soapenv="http://schemas.xmlsoap.org/soap/envelope/" xmlns:v1="http://fidus.brussels/service/realestateservice/messages/v1" xmlns:v11="http://fidus.brussels/type/common/messages/v1">
   <soapenv:Header/>
   <soapenv:Body>
      <v1:findStreetsBySearchTokenRequest>
         <v1:messageContext>
            <v11:messageId>${=import static java.util.UUID.randomUUID; uuid = randomUUID() as String}</v11:messageId>
            <v11:timestamp>${=new java.text.SimpleDateFormat("yyyy-MM-dd'T'HH:mm:ss.SSS").format(new Date())}</v11:timestamp>
         </v1:messageContext>
         <v1:legalContext>ServiceIntegrator</v1:legalContext>
         <v1:request>
            <language>F</language>
            <searchToken>CUY</searchToken>
            <codeNisComId>21018</codeNisComId>
         </v1:request>
      </v1:findStreetsBySearchTokenRequest>
   </soapenv:Body>
</soapenv:Envelope>]]></con:request><con:assertion type="SOAP Fault Assertion" id="49e652f1-ae60-4114-ab62-231c697e69de" name="Not SOAP Fault"/><con:assertion type="SOAP Response" id="cb97f6ae-4da8-4949-a523-66c7a4065274" name="SOAP Response"/><con:assertion type="Schema Compliance" id="0cae0c7a-a5aa-4c88-8115-fe67e547cd0b" name="Schema Compliance"><con:configuration/></con:assertion><con:wsaConfig action="http://fidus.brussels/services/realestateservice/findStreetsBySearchToken"/></con:request></con:config></con:testStep><con:testStep type="request" id="52471475-4df5-4ff0-ad0a-a27b39e2479a" name="testcase4 - Staging - Worker 2 - Request"><con:settings/><con:config xsi:type="con:RequestStep" xmlns:xsi="http://www.w3.org/2001/XMLSchema-instance"><con:interface>RealEstateServiceHTTPBinding</con:interface><con:operation>findStreetsBySearchToken</con:operation><con:request name="testcase4 - Staging - Worker 2 - Request" id="95f65f5a-aee1-42b9-a117-7ace3ae7073a" outgoingWss="Outflow STAG"><con:settings/><con:encoding>UTF-8</con:encoding><con:endpoint>https://192.168.24.17:8443/services/RealEstateService_v1.3</con:endpoint><con:request><![CDATA[<soapenv:Envelope xmlns:soapenv="http://schemas.xmlsoap.org/soap/envelope/" xmlns:v1="http://fidus.brussels/service/realestateservice/messages/v1" xmlns:v11="http://fidus.brussels/type/common/messages/v1">
   <soapenv:Header/>
   <soapenv:Body>
      <v1:findStreetsBySearchTokenRequest>
         <v1:messageContext>
            <v11:messageId>${=import static java.util.UUID.randomUUID; uuid = randomUUID() as String}</v11:messageId>
            <v11:timestamp>${=new java.text.SimpleDateFormat("yyyy-MM-dd'T'HH:mm:ss.SSS").format(new Date())}</v11:timestamp>
         </v1:messageContext>
         <v1:legalContext>ServiceIntegrator</v1:legalContext>
         <v1:request>
            <language>F</language>
            <searchToken>CUY</searchToken>
            <codeNisComId>21018</codeNisComId>
         </v1:request>
      </v1:findStreetsBySearchTokenRequest>
   </soapenv:Body>
</soapenv:Envelope>]]></con:request><con:assertion type="SOAP Fault Assertion" id="f09e1e90-faf1-46ea-83c6-56ea9e85b447" name="Not SOAP Fault"/><con:assertion type="SOAP Response" id="6da0051b-70db-4b37-859b-112cc8ec1c0f" name="SOAP Response"/><con:assertion type="Schema Compliance" id="b8fb8c85-be8b-4ec1-b227-2311d1ff315f" name="Schema Compliance"><con:configuration/></con:assertion><con:wsaConfig action="http://fidus.brussels/services/realestateservice/findStreetsBySearchToken"/></con:request></con:config></con:testStep><con:properties/></con:testCase><con:testCase id="7eba0630-5bbe-42e9-97b0-87f5e0d4fbbb" failOnError="true" failTestCaseOnErrors="true" keepSession="false" maxResults="0" name="getListForAddress" searchProperties="true"><con:settings/><con:testStep type="request" id="28fc9e25-615b-4db9-887c-7b642cf5cf2e" name="testcase4 - Staging - External - Request"><con:settings/><con:config xsi:type="con:RequestStep" xmlns:xsi="http://www.w3.org/2001/XMLSchema-instance"><con:interface>RealEstateServiceHTTPBinding</con:interface><con:operation>getListForAddress</con:operation><con:request name="testcase4 - Staging - External - Request" id="ffa6a95c-9ddc-4bed-b39e-02bf80aac893" outgoingWss="Outflow STAG"><con:settings/><con:encoding>UTF-8</con:encoding><con:endpoint>https://fidus.irisnetlab.be/services/RealEstateService_v1.3</con:endpoint><con:request><![CDATA[<soapenv:Envelope xmlns:soapenv="http://schemas.xmlsoap.org/soap/envelope/" xmlns:v1="http://fidus.brussels/service/realestateservice/messages/v1" xmlns:v11="http://fidus.brussels/type/common/messages/v1">
   <soapenv:Header/>
   <soapenv:Body>
      <v1:getListForAddressRequest>
         <v1:messageContext>
            <v11:messageId>${=import static java.util.UUID.randomUUID; uuid = randomUUID() as String}</v11:messageId>
            <v11:timestamp>${=new java.text.SimpleDateFormat("yyyy-MM-dd'T'HH:mm:ss.SSS").format(new Date())}</v11:timestamp>
         </v1:messageContext>
         <v1:legalContext>ServiceIntegrator</v1:legalContext>
         <v1:request>
        <codeNISCommunity>21018</codeNISCommunity>
            <codeNSRStreet>00680</codeNSRStreet>
            <language>F</language>
            <!--Optional:-->
            <number>1</number>
            <maxResult>10</maxResult>
            <active>true</active>
         </v1:request>
      </v1:getListForAddressRequest>
   </soapenv:Body>
</soapenv:Envelope>]]></con:request><con:assertion type="SOAP Fault Assertion" id="89da72e3-d0e3-4121-8f49-6214853e0a9e" name="Not SOAP Fault"/><con:assertion type="SOAP Response" id="d893ce66-abf0-463e-aa85-cd877672f90b" name="SOAP Response"/><con:assertion type="Schema Compliance" id="2db0f433-a7ba-4177-a9bb-e980f8fa5e01" name="Schema Compliance"><con:configuration/></con:assertion><con:wsaConfig action="http://fidus.brussels/services/realestateservice/getListForAddress"/></con:request></con:config></con:testStep><con:testStep type="request" id="c384a4d4-f7b9-458a-a1da-f6a1400a892d" name="testcase4 - Staging - LB - Request"><con:settings/><con:config xsi:type="con:RequestStep" xmlns:xsi="http://www.w3.org/2001/XMLSchema-instance"><con:interface>RealEstateServiceHTTPBinding</con:interface><con:operation>getListForAddress</con:operation><con:request name="testcase4 - Staging - LB - Request" id="1029718d-f568-4079-824d-71fd7c50f951" outgoingWss="Outflow STAG"><con:settings/><con:encoding>UTF-8</con:encoding><con:endpoint>https://fidus-esb-sg.sta.srv.cirb.lan:8443/services/RealEstateService_v1.3</con:endpoint><con:request><![CDATA[<soapenv:Envelope xmlns:soapenv="http://schemas.xmlsoap.org/soap/envelope/" xmlns:v1="http://fidus.brussels/service/realestateservice/messages/v1" xmlns:v11="http://fidus.brussels/type/common/messages/v1">
   <soapenv:Header/>
   <soapenv:Body>
      <v1:getListForAddressRequest>
         <v1:messageContext>
            <v11:messageId>${=import static java.util.UUID.randomUUID; uuid = randomUUID() as String}</v11:messageId>
            <v11:timestamp>${=new java.text.SimpleDateFormat("yyyy-MM-dd'T'HH:mm:ss.SSS").format(new Date())}</v11:timestamp>
         </v1:messageContext>
         <v1:legalContext>ServiceIntegrator</v1:legalContext>
         <v1:request>
        <codeNISCommunity>21018</codeNISCommunity>
            <codeNSRStreet>00680</codeNSRStreet>
            <language>F</language>
            <!--Optional:-->
            <number>1</number>
            <maxResult>10</maxResult>
            <active>true</active>
         </v1:request>
      </v1:getListForAddressRequest>
   </soapenv:Body>
</soapenv:Envelope>]]></con:request><con:assertion type="SOAP Fault Assertion" id="ce01f590-bd0d-424d-a129-08a705fbf03b" name="Not SOAP Fault"/><con:assertion type="SOAP Response" id="29adb88c-1bd4-4d2b-997c-65dbf7c153bd" name="SOAP Response"/><con:assertion type="Schema Compliance" id="5dc68684-18cf-40b9-8e64-16f38bc79717" name="Schema Compliance"><con:configuration/></con:assertion><con:wsaConfig action="http://fidus.brussels/services/realestateservice/getListForAddress"/></con:request></con:config></con:testStep><con:testStep type="request" id="23637b7e-f72a-4a7f-bef2-ee710ba1204e" name="testcase4 - Staging - Worker 1 - Request"><con:settings/><con:config xsi:type="con:RequestStep" xmlns:xsi="http://www.w3.org/2001/XMLSchema-instance"><con:interface>RealEstateServiceHTTPBinding</con:interface><con:operation>getListForAddress</con:operation><con:request name="testcase4 - Staging - Worker 1 - Request" id="224a5f1c-28fb-43a8-ac44-e480bc7616e6" outgoingWss="Outflow STAG"><con:settings/><con:encoding>UTF-8</con:encoding><con:endpoint>https://192.168.24.16:8443/services/RealEstateService_v1.3</con:endpoint><con:request><![CDATA[<soapenv:Envelope xmlns:soapenv="http://schemas.xmlsoap.org/soap/envelope/" xmlns:v1="http://fidus.brussels/service/realestateservice/messages/v1" xmlns:v11="http://fidus.brussels/type/common/messages/v1">
   <soapenv:Header/>
   <soapenv:Body>
      <v1:getListForAddressRequest>
         <v1:messageContext>
            <v11:messageId>${=import static java.util.UUID.randomUUID; uuid = randomUUID() as String}</v11:messageId>
            <v11:timestamp>${=new java.text.SimpleDateFormat("yyyy-MM-dd'T'HH:mm:ss.SSS").format(new Date())}</v11:timestamp>
         </v1:messageContext>
         <v1:legalContext>ServiceIntegrator</v1:legalContext>
         <v1:request>
        <codeNISCommunity>21018</codeNISCommunity>
            <codeNSRStreet>00680</codeNSRStreet>
            <language>F</language>
            <!--Optional:-->
            <number>1</number>
            <maxResult>10</maxResult>
            <active>true</active>
         </v1:request>
      </v1:getListForAddressRequest>
   </soapenv:Body>
</soapenv:Envelope>]]></con:request><con:assertion type="SOAP Fault Assertion" id="36357b22-905f-4545-be1b-e8c580a6e0a4" name="Not SOAP Fault"/><con:assertion type="SOAP Response" id="cce82696-6525-44c7-8ccc-fdf7fb5ba5e4" name="SOAP Response"/><con:assertion type="Schema Compliance" id="704aba2d-66c1-4013-b02a-25a3046e6823" name="Schema Compliance"><con:configuration/></con:assertion><con:wsaConfig action="http://fidus.brussels/services/realestateservice/getListForAddress"/></con:request></con:config></con:testStep><con:testStep type="request" id="09d40b64-b047-4c13-9d55-bf946b577146" name="testcase4 - Staging - Worker 2 - Request"><con:settings/><con:config xsi:type="con:RequestStep" xmlns:xsi="http://www.w3.org/2001/XMLSchema-instance"><con:interface>RealEstateServiceHTTPBinding</con:interface><con:operation>getListForAddress</con:operation><con:request name="testcase4 - Staging - Worker 2 - Request" id="a6781a2a-2fb5-4abb-b5d7-ecc6d0145b46" outgoingWss="Outflow STAG"><con:settings/><con:encoding>UTF-8</con:encoding><con:endpoint>https://192.168.24.17:8443/services/RealEstateService_v1.3</con:endpoint><con:request><![CDATA[<soapenv:Envelope xmlns:soapenv="http://schemas.xmlsoap.org/soap/envelope/" xmlns:v1="http://fidus.brussels/service/realestateservice/messages/v1" xmlns:v11="http://fidus.brussels/type/common/messages/v1">
   <soapenv:Header/>
   <soapenv:Body>
      <v1:getListForAddressRequest>
         <v1:messageContext>
            <v11:messageId>${=import static java.util.UUID.randomUUID; uuid = randomUUID() as String}</v11:messageId>
            <v11:timestamp>${=new java.text.SimpleDateFormat("yyyy-MM-dd'T'HH:mm:ss.SSS").format(new Date())}</v11:timestamp>
         </v1:messageContext>
         <v1:legalContext>ServiceIntegrator</v1:legalContext>
         <v1:request>
        <codeNISCommunity>21018</codeNISCommunity>
            <codeNSRStreet>00680</codeNSRStreet>
            <language>F</language>
            <!--Optional:-->
            <number>1</number>
            <maxResult>10</maxResult>
            <active>true</active>
         </v1:request>
      </v1:getListForAddressRequest>
   </soapenv:Body>
</soapenv:Envelope>]]></con:request><con:assertion type="SOAP Fault Assertion" id="7851dba5-f923-46b7-9b53-8cbb50ed2133" name="Not SOAP Fault"/><con:assertion type="SOAP Response" id="5682ce44-be4c-42fe-a967-6e4641c23f01" name="SOAP Response"/><con:assertion type="Schema Compliance" id="05bb1bb5-f648-4603-a621-256386357e60" name="Schema Compliance"><con:configuration/></con:assertion><con:wsaConfig action="http://fidus.brussels/services/realestateservice/getListForAddress"/></con:request></con:config></con:testStep><con:properties/></con:testCase><con:testCase id="77e09d51-113c-4f3e-a9f1-f4e1dbb7a28a" failOnError="true" failTestCaseOnErrors="true" keepSession="false" maxResults="0" name="findPropertyByParcelId" searchProperties="true"><con:settings/><con:testStep type="request" id="a20954d8-dcad-43d2-b81b-d30e0366b294" name="testcase4 - Staging - External - Request"><con:settings/><con:config xsi:type="con:RequestStep" xmlns:xsi="http://www.w3.org/2001/XMLSchema-instance"><con:interface>RealEstateServiceHTTPBinding</con:interface><con:operation>findPropertyByParcelId</con:operation><con:request name="testcase4 - Staging - External - Request" id="f4acac14-8666-428b-b98f-2777030958db" outgoingWss="Outflow STAG"><con:settings/><con:encoding>UTF-8</con:encoding><con:endpoint>https://fidus.irisnetlab.be/services/RealEstateService_v1.3</con:endpoint><con:request><![CDATA[<soapenv:Envelope xmlns:soapenv="http://schemas.xmlsoap.org/soap/envelope/" xmlns:v1="http://fidus.brussels/service/realestateservice/messages/v1" xmlns:v11="http://fidus.brussels/type/common/messages/v1" xmlns:ns="http://www.minfin.fgov.be/schemas/esb/security/1">
   <soapenv:Header/>
   <soapenv:Body>
      <v1:findPropertyByParcelIdRequest>
         <v1:messageContext>
            <v11:messageId>${=import static java.util.UUID.randomUUID; uuid = randomUUID() as String}</v11:messageId>
            <v11:timestamp>${=new java.text.SimpleDateFormat("yyyy-MM-dd'T'HH:mm:ss.SSS").format(new Date())}</v11:timestamp>
         </v1:messageContext>
         <v1:legalContext>ServiceIntegrator</v1:legalContext>
         <v1:request>
            <language>n</language>
            <history>false</history>
            <!--Optional:-->
            <showAddress>false</showAddress>
            <maxResult>10</maxResult>
            <cadastralDivision>31016</cadastralDivision>
            <section>B</section>
            <primaryNumber>148</primaryNumber>
            <!--Optional:-->
            <exponentNumber>5</exponentNumber>
            <!--Optional:-->
            <exponentLetter>B</exponentLetter>
            <partNumber>P0000</partNumber>
         </v1:request>
      </v1:findPropertyByParcelIdRequest>
   </soapenv:Body>
</soapenv:Envelope>]]></con:request><con:assertion type="SOAP Fault Assertion" id="732cf34c-c01d-4d7f-acd6-04130556835b" name="Not SOAP Fault"/><con:assertion type="SOAP Response" id="6c89fb90-d60a-44b4-a9c6-aee699fbc1e3" name="SOAP Response"/><con:assertion type="Schema Compliance" id="bbd386cc-672b-4de7-8cc3-087f51c4d980" name="Schema Compliance"><con:configuration/></con:assertion><con:wsaConfig action="http://fidus.brussels/services/realestateservice/findPropertyByParcelId"/></con:request></con:config></con:testStep><con:testStep type="request" id="100e9e98-ddc3-4fc6-8783-f4edb9b70c36" name="testcase4 - Staging - LB - Request"><con:settings/><con:config xsi:type="con:RequestStep" xmlns:xsi="http://www.w3.org/2001/XMLSchema-instance"><con:interface>RealEstateServiceHTTPBinding</con:interface><con:operation>findPropertyByParcelId</con:operation><con:request name="testcase4 - Staging - LB - Request" id="e3a65fae-5e38-43b4-9222-87d84c7b1423" outgoingWss="Outflow STAG"><con:settings/><con:encoding>UTF-8</con:encoding><con:endpoint>https://fidus-esb-sg.sta.srv.cirb.lan:8443/services/RealEstateService_v1.3</con:endpoint><con:request><![CDATA[<soapenv:Envelope xmlns:soapenv="http://schemas.xmlsoap.org/soap/envelope/" xmlns:v1="http://fidus.brussels/service/realestateservice/messages/v1" xmlns:v11="http://fidus.brussels/type/common/messages/v1" xmlns:ns="http://www.minfin.fgov.be/schemas/esb/security/1">
   <soapenv:Header/>
   <soapenv:Body>
      <v1:findPropertyByParcelIdRequest>
         <v1:messageContext>
            <v11:messageId>${=import static java.util.UUID.randomUUID; uuid = randomUUID() as String}</v11:messageId>
            <v11:timestamp>${=new java.text.SimpleDateFormat("yyyy-MM-dd'T'HH:mm:ss.SSS").format(new Date())}</v11:timestamp>
         </v1:messageContext>
         <v1:legalContext>ServiceIntegrator</v1:legalContext>
         <v1:request>
            <language>n</language>
            <history>false</history>
            <!--Optional:-->
            <showAddress>false</showAddress>
            <maxResult>10</maxResult>
            <cadastralDivision>31016</cadastralDivision>
            <section>B</section>
            <primaryNumber>148</primaryNumber>
            <!--Optional:-->
            <exponentNumber>5</exponentNumber>
            <!--Optional:-->
            <exponentLetter>B</exponentLetter>
            <partNumber>P0000</partNumber>
         </v1:request>
      </v1:findPropertyByParcelIdRequest>
   </soapenv:Body>
</soapenv:Envelope>]]></con:request><con:assertion type="SOAP Fault Assertion" id="d9db77fb-4e02-4266-a8a3-74109992b156" name="Not SOAP Fault"/><con:assertion type="SOAP Response" id="18426f4d-4782-46dc-ba78-e7c30601efcd" name="SOAP Response"/><con:assertion type="Schema Compliance" id="bf392566-29fb-4877-a983-46d0d8343e8b" name="Schema Compliance"><con:configuration/></con:assertion><con:wsaConfig action="http://fidus.brussels/services/realestateservice/findPropertyByParcelId"/></con:request></con:config></con:testStep><con:testStep type="request" id="a25c8c43-4d76-4de6-81f7-a90fec184806" name="testcase4 - Staging - Worker 1 - Request"><con:settings/><con:config xsi:type="con:RequestStep" xmlns:xsi="http://www.w3.org/2001/XMLSchema-instance"><con:interface>RealEstateServiceHTTPBinding</con:interface><con:operation>findPropertyByParcelId</con:operation><con:request name="testcase4 - Staging - Worker 1 - Request" id="b548a694-51d7-4485-a795-8cbd9ddc5e11" outgoingWss="Outflow STAG"><con:settings/><con:encoding>UTF-8</con:encoding><con:endpoint>https://192.168.24.16:8443/services/RealEstateService_v1.3</con:endpoint><con:request><![CDATA[<soapenv:Envelope xmlns:soapenv="http://schemas.xmlsoap.org/soap/envelope/" xmlns:v1="http://fidus.brussels/service/realestateservice/messages/v1" xmlns:v11="http://fidus.brussels/type/common/messages/v1" xmlns:ns="http://www.minfin.fgov.be/schemas/esb/security/1">
   <soapenv:Header/>
   <soapenv:Body>
      <v1:findPropertyByParcelIdRequest>
         <v1:messageContext>
            <v11:messageId>${=import static java.util.UUID.randomUUID; uuid = randomUUID() as String}</v11:messageId>
            <v11:timestamp>${=new java.text.SimpleDateFormat("yyyy-MM-dd'T'HH:mm:ss.SSS").format(new Date())}</v11:timestamp>
         </v1:messageContext>
         <v1:legalContext>ServiceIntegrator</v1:legalContext>
         <v1:request>
            <language>n</language>
            <history>false</history>
            <!--Optional:-->
            <showAddress>false</showAddress>
            <maxResult>10</maxResult>
            <cadastralDivision>31016</cadastralDivision>
            <section>B</section>
            <primaryNumber>148</primaryNumber>
            <!--Optional:-->
            <exponentNumber>5</exponentNumber>
            <!--Optional:-->
            <exponentLetter>B</exponentLetter>
            <partNumber>P0000</partNumber>
         </v1:request>
      </v1:findPropertyByParcelIdRequest>
   </soapenv:Body>
</soapenv:Envelope>]]></con:request><con:assertion type="SOAP Fault Assertion" id="79b8a294-f2e1-4e35-a3f7-cb7b66f3b895" name="Not SOAP Fault"/><con:assertion type="SOAP Response" id="ef81f017-00a9-4a66-9fec-986fccb5bb09" name="SOAP Response"/><con:assertion type="Schema Compliance" id="2cc0d89c-ad75-4466-b769-d188f53fe0ce" name="Schema Compliance"><con:configuration/></con:assertion><con:wsaConfig action="http://fidus.brussels/services/realestateservice/findPropertyByParcelId"/></con:request></con:config></con:testStep><con:testStep type="request" id="cbb505db-f96c-47aa-a3e9-588d18b51eb0" name="testcase4 - Staging - Worker 2 - Request"><con:settings/><con:config xsi:type="con:RequestStep" xmlns:xsi="http://www.w3.org/2001/XMLSchema-instance"><con:interface>RealEstateServiceHTTPBinding</con:interface><con:operation>findPropertyByParcelId</con:operation><con:request name="testcase4 - Staging - Worker 2 - Request" id="b59f6c48-4d5a-403c-8b86-689eab20cc48" outgoingWss="Outflow STAG"><con:settings/><con:encoding>UTF-8</con:encoding><con:endpoint>https://192.168.24.17:8443/services/RealEstateService_v1.3</con:endpoint><con:request><![CDATA[<soapenv:Envelope xmlns:soapenv="http://schemas.xmlsoap.org/soap/envelope/" xmlns:v1="http://fidus.brussels/service/realestateservice/messages/v1" xmlns:v11="http://fidus.brussels/type/common/messages/v1" xmlns:ns="http://www.minfin.fgov.be/schemas/esb/security/1">
   <soapenv:Header/>
   <soapenv:Body>
      <v1:findPropertyByParcelIdRequest>
         <v1:messageContext>
            <v11:messageId>${=import static java.util.UUID.randomUUID; uuid = randomUUID() as String}</v11:messageId>
            <v11:timestamp>${=new java.text.SimpleDateFormat("yyyy-MM-dd'T'HH:mm:ss.SSS").format(new Date())}</v11:timestamp>
         </v1:messageContext>
         <v1:legalContext>ServiceIntegrator</v1:legalContext>
         <v1:request>
            <language>n</language>
            <history>false</history>
            <!--Optional:-->
            <showAddress>false</showAddress>
            <maxResult>10</maxResult>
            <cadastralDivision>31016</cadastralDivision>
            <section>B</section>
            <primaryNumber>148</primaryNumber>
            <!--Optional:-->
            <exponentNumber>5</exponentNumber>
            <!--Optional:-->
            <exponentLetter>B</exponentLetter>
            <partNumber>P0000</partNumber>
         </v1:request>
      </v1:findPropertyByParcelIdRequest>
   </soapenv:Body>
</soapenv:Envelope>]]></con:request><con:assertion type="SOAP Fault Assertion" id="ba663bc7-c30c-415b-9884-b048ce02457e" name="Not SOAP Fault"/><con:assertion type="SOAP Response" id="1d2d1608-3d9d-4307-8c3d-cbebb44beb9e" name="SOAP Response"/><con:assertion type="Schema Compliance" id="745c6fa4-d403-44df-b70c-da258bbd8090" name="Schema Compliance"><con:configuration/></con:assertion><con:wsaConfig action="http://fidus.brussels/services/realestateservice/findPropertyByParcelId"/></con:request></con:config></con:testStep><con:properties/></con:testCase><con:testCase id="1059cc9c-41b5-4731-b7e3-dc7da23510fa" failOnError="true" failTestCaseOnErrors="true" keepSession="false" maxResults="0" name="getPropertyByNRN" searchProperties="true"><con:settings/><con:testStep type="request" id="d9a9bdc8-56c2-42da-afd0-ede06831058a" name="testcase4 - Staging - External - Request"><con:settings/><con:config xsi:type="con:RequestStep" xmlns:xsi="http://www.w3.org/2001/XMLSchema-instance"><con:interface>RealEstateServiceHTTPBinding</con:interface><con:operation>getPropertyByNRN</con:operation><con:request name="testcase4 - Staging - External - Request" id="e5c572c3-55c2-4c7a-a39c-b17cf48a2388" outgoingWss="Outflow STAG"><con:settings/><con:encoding>UTF-8</con:encoding><con:endpoint>https://fidus.irisnetlab.be/services/RealEstateService_v1.3</con:endpoint><con:request><![CDATA[<soapenv:Envelope xmlns:soapenv="http://schemas.xmlsoap.org/soap/envelope/" xmlns:v1="http://fidus.brussels/service/realestateservice/messages/v1" xmlns:v11="http://fidus.brussels/type/common/messages/v1">
   <soapenv:Header/>
   <soapenv:Body>
      <v1:getPropertyByNRNRequest>
         <v1:messageContext>
            <v11:messageId>${=import static java.util.UUID.randomUUID; uuid = randomUUID() as String}</v11:messageId>
            <v11:timestamp>${=new java.text.SimpleDateFormat("yyyy-MM-dd'T'HH:mm:ss.SSS").format(new Date())}</v11:timestamp>
         </v1:messageContext>
         <v1:legalContext>ServiceIntegrator</v1:legalContext>
         <v1:request>
            <language>F</language>
            <coOwners>true</coOwners>
            <history>false</history>
            <nrn>85091933966</nrn>
         </v1:request>
      </v1:getPropertyByNRNRequest>
   </soapenv:Body>
</soapenv:Envelope>]]></con:request><con:assertion type="SOAP Fault Assertion" id="f27b7473-5a6e-43cb-bf66-f99e8d09cc31" name="Not SOAP Fault"/><con:assertion type="SOAP Response" id="db30606d-630a-4ac7-9adf-64e831505ce9" name="SOAP Response"/><con:assertion type="Schema Compliance" id="0096449c-2e27-4c68-b48a-f124c215ecb3" name="Schema Compliance"><con:configuration/></con:assertion><con:wsaConfig action="http://fidus.brussels/services/realestateservice/getPropertyByNRN"/></con:request></con:config></con:testStep><con:testStep type="request" id="561a1b6b-15b8-4f91-a4eb-a22be18a9922" name="testcase4 - Staging - LB - Request"><con:settings/><con:config xsi:type="con:RequestStep" xmlns:xsi="http://www.w3.org/2001/XMLSchema-instance"><con:interface>RealEstateServiceHTTPBinding</con:interface><con:operation>getPropertyByNRN</con:operation><con:request name="testcase4 - Staging - LB - Request" id="f5955f35-130e-4e43-bf9a-b514e7f75e08" outgoingWss="Outflow STAG"><con:settings/><con:encoding>UTF-8</con:encoding><con:endpoint>https://fidus-esb-sg.sta.srv.cirb.lan:8443/services/RealEstateService_v1.3</con:endpoint><con:request><![CDATA[<soapenv:Envelope xmlns:soapenv="http://schemas.xmlsoap.org/soap/envelope/" xmlns:v1="http://fidus.brussels/service/realestateservice/messages/v1" xmlns:v11="http://fidus.brussels/type/common/messages/v1">
   <soapenv:Header/>
   <soapenv:Body>
      <v1:getPropertyByNRNRequest>
         <v1:messageContext>
            <v11:messageId>${=import static java.util.UUID.randomUUID; uuid = randomUUID() as String}</v11:messageId>
            <v11:timestamp>${=new java.text.SimpleDateFormat("yyyy-MM-dd'T'HH:mm:ss.SSS").format(new Date())}</v11:timestamp>
         </v1:messageContext>
         <v1:legalContext>ServiceIntegrator</v1:legalContext>
         <v1:request>
            <language>F</language>
            <coOwners>true</coOwners>
            <history>false</history>
            <nrn>85091933966</nrn>
         </v1:request>
      </v1:getPropertyByNRNRequest>
   </soapenv:Body>
</soapenv:Envelope>]]></con:request><con:assertion type="SOAP Fault Assertion" id="21fe556f-12af-4386-bc38-73c6752cae66" name="Not SOAP Fault"/><con:assertion type="SOAP Response" id="05161b19-9cfd-4230-82a5-83fee96db3de" name="SOAP Response"/><con:assertion type="Schema Compliance" id="8d2015b1-17a6-4b74-8ce8-051c48477859" name="Schema Compliance"><con:configuration/></con:assertion><con:wsaConfig action="http://fidus.brussels/services/realestateservice/getPropertyByNRN"/></con:request></con:config></con:testStep><con:testStep type="request" id="54ee6102-befb-483b-8ed0-104b0da23037" name="testcase4 - Staging - Worker 1 - Request"><con:settings/><con:config xsi:type="con:RequestStep" xmlns:xsi="http://www.w3.org/2001/XMLSchema-instance"><con:interface>RealEstateServiceHTTPBinding</con:interface><con:operation>getPropertyByNRN</con:operation><con:request name="testcase4 - Staging - Worker 1 - Request" id="918ebb24-c171-4cc0-8c02-82967d9dd8ad" outgoingWss="Outflow STAG"><con:settings/><con:encoding>UTF-8</con:encoding><con:endpoint>https://192.168.24.16:8443/services/RealEstateService_v1.3</con:endpoint><con:request><![CDATA[<soapenv:Envelope xmlns:soapenv="http://schemas.xmlsoap.org/soap/envelope/" xmlns:v1="http://fidus.brussels/service/realestateservice/messages/v1" xmlns:v11="http://fidus.brussels/type/common/messages/v1">
   <soapenv:Header/>
   <soapenv:Body>
      <v1:getPropertyByNRNRequest>
         <v1:messageContext>
            <v11:messageId>${=import static java.util.UUID.randomUUID; uuid = randomUUID() as String}</v11:messageId>
            <v11:timestamp>${=new java.text.SimpleDateFormat("yyyy-MM-dd'T'HH:mm:ss.SSS").format(new Date())}</v11:timestamp>
         </v1:messageContext>
         <v1:legalContext>ServiceIntegrator</v1:legalContext>
         <v1:request>
            <language>F</language>
            <coOwners>true</coOwners>
            <history>false</history>
            <nrn>85091933966</nrn>
         </v1:request>
      </v1:getPropertyByNRNRequest>
   </soapenv:Body>
</soapenv:Envelope>]]></con:request><con:assertion type="SOAP Fault Assertion" id="44a49f80-b31b-49b9-9c4d-86a04bee88fb" name="Not SOAP Fault"/><con:assertion type="SOAP Response" id="4d82295f-610c-4630-9b61-ba1511a01cba" name="SOAP Response"/><con:assertion type="Schema Compliance" id="873014d6-06da-4d12-9de4-5d2c20a149a8" name="Schema Compliance"><con:configuration/></con:assertion><con:wsaConfig action="http://fidus.brussels/services/realestateservice/getPropertyByNRN"/></con:request></con:config></con:testStep><con:testStep type="request" id="35cce430-0a3a-4dc3-937c-b2899733f44e" name="testcase4 - Staging - Worker 2 - Request"><con:settings/><con:config xsi:type="con:RequestStep" xmlns:xsi="http://www.w3.org/2001/XMLSchema-instance"><con:interface>RealEstateServiceHTTPBinding</con:interface><con:operation>getPropertyByNRN</con:operation><con:request name="testcase4 - Staging - Worker 2 - Request" id="2058dff9-1e4f-4956-becd-5b0abf9c7d7c" outgoingWss="Outflow STAG"><con:settings/><con:encoding>UTF-8</con:encoding><con:endpoint>https://192.168.24.17:8443/services/RealEstateService_v1.3</con:endpoint><con:request><![CDATA[<soapenv:Envelope xmlns:soapenv="http://schemas.xmlsoap.org/soap/envelope/" xmlns:v1="http://fidus.brussels/service/realestateservice/messages/v1" xmlns:v11="http://fidus.brussels/type/common/messages/v1">
   <soapenv:Header/>
   <soapenv:Body>
      <v1:getPropertyByNRNRequest>
         <v1:messageContext>
            <v11:messageId>${=import static java.util.UUID.randomUUID; uuid = randomUUID() as String}</v11:messageId>
            <v11:timestamp>${=new java.text.SimpleDateFormat("yyyy-MM-dd'T'HH:mm:ss.SSS").format(new Date())}</v11:timestamp>
         </v1:messageContext>
         <v1:legalContext>ServiceIntegrator</v1:legalContext>
         <v1:request>
            <language>F</language>
            <coOwners>true</coOwners>
            <history>false</history>
            <nrn>85091933966</nrn>
         </v1:request>
      </v1:getPropertyByNRNRequest>
   </soapenv:Body>
</soapenv:Envelope>]]></con:request><con:assertion type="SOAP Fault Assertion" id="26924f89-fb56-4eae-a44c-f54b56846e1b" name="Not SOAP Fault"/><con:assertion type="SOAP Response" id="c9d4296c-786a-4751-ae3c-62b8cc71d416" name="SOAP Response"/><con:assertion type="Schema Compliance" id="52439973-27f7-4cb5-bb1d-1ef24f990294" name="Schema Compliance"><con:configuration/></con:assertion><con:wsaConfig action="http://fidus.brussels/services/realestateservice/getPropertyByNRN"/></con:request></con:config></con:testStep><con:properties/></con:testCase><con:testCase id="1338ac3a-ede6-4325-b5bc-91bc3128c3fd" failOnError="true" failTestCaseOnErrors="true" keepSession="false" maxResults="0" name="getPropertyByEnterpriseNR" searchProperties="true"><con:settings/><con:testStep type="request" id="90e388c4-8b6c-4a76-a2e0-ec705aa885bc" name="testcase4 - Staging - External - Request"><con:settings/><con:config xsi:type="con:RequestStep" xmlns:xsi="http://www.w3.org/2001/XMLSchema-instance"><con:interface>RealEstateServiceHTTPBinding</con:interface><con:operation>getPropertyByEnterpriseNR</con:operation><con:request name="testcase4 - Staging - External - Request" id="0a6b68d1-2dfb-4d2c-9940-b4a7fd8d9149" outgoingWss="Outflow STAG"><con:settings/><con:encoding>UTF-8</con:encoding><con:endpoint>https://fidus.irisnetlab.be/services/RealEstateService_v1.3</con:endpoint><con:request><![CDATA[<soapenv:Envelope xmlns:soapenv="http://schemas.xmlsoap.org/soap/envelope/" xmlns:v1="http://fidus.brussels/service/realestateservice/messages/v1" xmlns:v11="http://fidus.brussels/type/common/messages/v1">
   <soapenv:Header/>
   <soapenv:Body>
      <v1:getPropertyByEnterpriseNRRequest>
         <v1:messageContext>
            <v11:messageId>${=import static java.util.UUID.randomUUID; uuid = randomUUID() as String}</v11:messageId>
            <v11:timestamp>${=new java.text.SimpleDateFormat("yyyy-MM-dd'T'HH:mm:ss.SSS").format(new Date())}</v11:timestamp>
         </v1:messageContext>
         <v1:legalContext>ServiceIntegrator</v1:legalContext>
         <v1:request>
            <language>F</language>
            <coOwners>false</coOwners>
            <!--Optional:-->
            <showAddress>true</showAddress>
            <cadastralDivision>21372</cadastralDivision>
            <!--Optional:-->            
            <administrativeCommunNumber>21006</administrativeCommunNumber>
            <history>false</history>
            <kbo>0456810810</kbo>
         </v1:request>
      </v1:getPropertyByEnterpriseNRRequest>
   </soapenv:Body>
</soapenv:Envelope>]]></con:request><con:assertion type="SOAP Fault Assertion" id="be925471-4986-4d53-a9fd-e380173c08fc" name="Not SOAP Fault"/><con:assertion type="SOAP Response" id="3509ae67-aff8-4812-ac91-24b4a0ac5e0d" name="SOAP Response"/><con:assertion type="Schema Compliance" id="25a191b8-0600-47a6-ad8d-b8bf67eb9d69" name="Schema Compliance"><con:configuration/></con:assertion><con:wsaConfig action="http://fidus.brussels/services/realestateservice/getPropertyByEnterpriseNR"/></con:request></con:config></con:testStep><con:testStep type="request" id="ad8e7475-f2a8-462b-922f-8706aeb8df6a" name="testcase4 - Staging - LB - Request"><con:settings/><con:config xsi:type="con:RequestStep" xmlns:xsi="http://www.w3.org/2001/XMLSchema-instance"><con:interface>RealEstateServiceHTTPBinding</con:interface><con:operation>getPropertyByEnterpriseNR</con:operation><con:request name="testcase4 - Staging - LB - Request" id="ceae9593-82eb-4605-88bd-47aa841ee07b" outgoingWss="Outflow STAG"><con:settings/><con:encoding>UTF-8</con:encoding><con:endpoint>https://fidus-esb-sg.sta.srv.cirb.lan:8443/services/RealEstateService_v1.3</con:endpoint><con:request><![CDATA[<soapenv:Envelope xmlns:soapenv="http://schemas.xmlsoap.org/soap/envelope/" xmlns:v1="http://fidus.brussels/service/realestateservice/messages/v1" xmlns:v11="http://fidus.brussels/type/common/messages/v1">
   <soapenv:Header/>
   <soapenv:Body>
      <v1:getPropertyByEnterpriseNRRequest>
         <v1:messageContext>
            <v11:messageId>${=import static java.util.UUID.randomUUID; uuid = randomUUID() as String}</v11:messageId>
            <v11:timestamp>${=new java.text.SimpleDateFormat("yyyy-MM-dd'T'HH:mm:ss.SSS").format(new Date())}</v11:timestamp>
         </v1:messageContext>
         <v1:legalContext>ServiceIntegrator</v1:legalContext>
         <v1:request>
            <language>F</language>
            <coOwners>false</coOwners>
            <!--Optional:-->
            <showAddress>true</showAddress>
            <cadastralDivision>21372</cadastralDivision>
            <!--Optional:-->            
            <administrativeCommunNumber>21006</administrativeCommunNumber>
            <history>false</history>
            <kbo>0456810810</kbo>
         </v1:request>
      </v1:getPropertyByEnterpriseNRRequest>
   </soapenv:Body>
</soapenv:Envelope>]]></con:request><con:assertion type="SOAP Fault Assertion" id="395f72a2-a30b-4e79-92d9-e653f26381d6" name="Not SOAP Fault"/><con:assertion type="SOAP Response" id="875d9596-e3eb-4c76-8832-de21572cdba4" name="SOAP Response"/><con:assertion type="Schema Compliance" id="74d05edc-e214-4a02-b083-9681a3ffc906" name="Schema Compliance"><con:configuration/></con:assertion><con:wsaConfig action="http://fidus.brussels/services/realestateservice/getPropertyByEnterpriseNR"/></con:request></con:config></con:testStep><con:testStep type="request" id="48f3aaee-1dd5-4112-93b5-e993a0775897" name="testcase4 - Staging - Worker 1 - Request"><con:settings/><con:config xsi:type="con:RequestStep" xmlns:xsi="http://www.w3.org/2001/XMLSchema-instance"><con:interface>RealEstateServiceHTTPBinding</con:interface><con:operation>getPropertyByEnterpriseNR</con:operation><con:request name="testcase4 - Staging - Worker 1 - Request" id="c78b7a78-f5a9-48c1-86d7-0f7df35969c2" outgoingWss="Outflow STAG"><con:settings/><con:encoding>UTF-8</con:encoding><con:endpoint>https://192.168.24.16:8443/services/RealEstateService_v1.3</con:endpoint><con:request><![CDATA[<soapenv:Envelope xmlns:soapenv="http://schemas.xmlsoap.org/soap/envelope/" xmlns:v1="http://fidus.brussels/service/realestateservice/messages/v1" xmlns:v11="http://fidus.brussels/type/common/messages/v1">
   <soapenv:Header/>
   <soapenv:Body>
      <v1:getPropertyByEnterpriseNRRequest>
         <v1:messageContext>
            <v11:messageId>${=import static java.util.UUID.randomUUID; uuid = randomUUID() as String}</v11:messageId>
            <v11:timestamp>${=new java.text.SimpleDateFormat("yyyy-MM-dd'T'HH:mm:ss.SSS").format(new Date())}</v11:timestamp>
         </v1:messageContext>
         <v1:legalContext>ServiceIntegrator</v1:legalContext>
         <v1:request>
            <language>F</language>
            <coOwners>false</coOwners>
            <!--Optional:-->
            <showAddress>true</showAddress>
            <cadastralDivision>21372</cadastralDivision>
            <!--Optional:-->            
            <administrativeCommunNumber>21006</administrativeCommunNumber>
            <history>false</history>
            <kbo>0456810810</kbo>
         </v1:request>
      </v1:getPropertyByEnterpriseNRRequest>
   </soapenv:Body>
</soapenv:Envelope>]]></con:request><con:assertion type="SOAP Fault Assertion" id="5c6196b0-0bc4-4cda-8330-255c34dd45b6" name="Not SOAP Fault"/><con:assertion type="SOAP Response" id="ab9e66b4-b0c1-4cf0-91a1-4b6cbd02bb96" name="SOAP Response"/><con:assertion type="Schema Compliance" id="08c06b73-32aa-4c83-b69c-41dc2e73b9f0" name="Schema Compliance"><con:configuration/></con:assertion><con:wsaConfig action="http://fidus.brussels/services/realestateservice/getPropertyByEnterpriseNR"/></con:request></con:config></con:testStep><con:testStep type="request" id="7062d67c-2629-4414-b7f6-11d79b9ad424" name="testcase4 - Staging - Worker 2 - Request"><con:settings/><con:config xsi:type="con:RequestStep" xmlns:xsi="http://www.w3.org/2001/XMLSchema-instance"><con:interface>RealEstateServiceHTTPBinding</con:interface><con:operation>getPropertyByEnterpriseNR</con:operation><con:request name="testcase4 - Staging - Worker 2 - Request" id="1c2335ca-3ad8-4cd2-8a84-f2f758f63446" outgoingWss="Outflow STAG"><con:settings/><con:encoding>UTF-8</con:encoding><con:endpoint>https://192.168.24.17:8443/services/RealEstateService_v1.3</con:endpoint><con:request><![CDATA[<soapenv:Envelope xmlns:soapenv="http://schemas.xmlsoap.org/soap/envelope/" xmlns:v1="http://fidus.brussels/service/realestateservice/messages/v1" xmlns:v11="http://fidus.brussels/type/common/messages/v1">
   <soapenv:Header/>
   <soapenv:Body>
      <v1:getPropertyByEnterpriseNRRequest>
         <v1:messageContext>
            <v11:messageId>${=import static java.util.UUID.randomUUID; uuid = randomUUID() as String}</v11:messageId>
            <v11:timestamp>${=new java.text.SimpleDateFormat("yyyy-MM-dd'T'HH:mm:ss.SSS").format(new Date())}</v11:timestamp>
         </v1:messageContext>
         <v1:legalContext>ServiceIntegrator</v1:legalContext>
         <v1:request>
            <language>F</language>
            <coOwners>false</coOwners>
            <!--Optional:-->
            <showAddress>true</showAddress>
            <cadastralDivision>21372</cadastralDivision>
            <!--Optional:-->            
            <administrativeCommunNumber>21006</administrativeCommunNumber>
            <history>false</history>
            <kbo>0456810810</kbo>
         </v1:request>
      </v1:getPropertyByEnterpriseNRRequest>
   </soapenv:Body>
</soapenv:Envelope>]]></con:request><con:assertion type="SOAP Fault Assertion" id="f4898437-65f2-4777-b270-5d4f333d90d8" name="Not SOAP Fault"/><con:assertion type="SOAP Response" id="20f99045-e8e0-4c97-9dc8-23cea6fbb179" name="SOAP Response"/><con:assertion type="Schema Compliance" id="34406c8c-bf7b-4e91-8fd0-993d03213390" name="Schema Compliance"><con:configuration/></con:assertion><con:wsaConfig action="http://fidus.brussels/services/realestateservice/getPropertyByEnterpriseNR"/></con:request></con:config></con:testStep><con:properties/></con:testCase><con:testCase id="914fe898-5af6-4fe6-92ee-0bb759480427" failOnError="true" failTestCaseOnErrors="true" keepSession="false" maxResults="0" name="getListDivisionWithPropertyByNRN" searchProperties="true"><con:settings/><con:testStep type="request" id="b291493b-7530-4427-b9f8-8c5105346d26" name="testcase4 - Staging - External - Request"><con:settings/><con:config xsi:type="con:RequestStep" xmlns:xsi="http://www.w3.org/2001/XMLSchema-instance"><con:interface>RealEstateServiceHTTPBinding</con:interface><con:operation>getListDivisionWithPropertyByNRN</con:operation><con:request name="testcase4 - Staging - External - Request" id="ad78784a-d721-4793-9cb8-d4c03b677d08" outgoingWss="Outflow STAG"><con:settings/><con:encoding>UTF-8</con:encoding><con:endpoint>https://fidus.irisnetlab.be/services/RealEstateService_v1.3</con:endpoint><con:request><![CDATA[<soapenv:Envelope xmlns:soapenv="http://schemas.xmlsoap.org/soap/envelope/" xmlns:v1="http://fidus.brussels/service/realestateservice/messages/v1" xmlns:v11="http://fidus.brussels/type/common/messages/v1">
   <soapenv:Header/>
   <soapenv:Body>
      <v1:getListDivisionWithPropertyByNRNRequest>
         <v1:messageContext>
            <v11:messageId>${=import static java.util.UUID.randomUUID; uuid = randomUUID() as String}</v11:messageId>
            <v11:timestamp>${=new java.text.SimpleDateFormat("yyyy-MM-dd'T'HH:mm:ss.SSS").format(new Date())}</v11:timestamp>
         </v1:messageContext>
         <v1:legalContext>ServiceIntegrator</v1:legalContext>
         <v1:request>
            <language>F</language>
            <nrn>32061501852</nrn>         
            <history>true</history>
         </v1:request>
      </v1:getListDivisionWithPropertyByNRNRequest>
   </soapenv:Body>
</soapenv:Envelope>]]></con:request><con:assertion type="SOAP Fault Assertion" id="8dec1cd2-4152-48d6-803f-1edd773f8014" name="Not SOAP Fault"/><con:assertion type="SOAP Response" id="6292e884-4b3a-4405-bb23-17d78e233ecf" name="SOAP Response"/><con:assertion type="Schema Compliance" id="67709e94-a1c3-4e4c-b9f2-9a00cef7ed17" name="Schema Compliance"><con:configuration/></con:assertion><con:wsaConfig action="http://fidus.brussels/services/realestateservice/getListDivisionWithPropertyByNRN"/></con:request></con:config></con:testStep><con:testStep type="request" id="ef1cad16-2ff5-4255-b899-8e8e3ddf6db8" name="testcase4 - Staging - LB - Request"><con:settings/><con:config xsi:type="con:RequestStep" xmlns:xsi="http://www.w3.org/2001/XMLSchema-instance"><con:interface>RealEstateServiceHTTPBinding</con:interface><con:operation>getListDivisionWithPropertyByNRN</con:operation><con:request name="testcase4 - Staging - LB - Request" id="904cbb3a-902f-4ba7-91d2-bd79893353e9" outgoingWss="Outflow STAG"><con:settings/><con:encoding>UTF-8</con:encoding><con:endpoint>https://fidus-esb-sg.sta.srv.cirb.lan:8443/services/RealEstateService_v1.3</con:endpoint><con:request><![CDATA[<soapenv:Envelope xmlns:soapenv="http://schemas.xmlsoap.org/soap/envelope/" xmlns:v1="http://fidus.brussels/service/realestateservice/messages/v1" xmlns:v11="http://fidus.brussels/type/common/messages/v1">
   <soapenv:Header/>
   <soapenv:Body>
      <v1:getListDivisionWithPropertyByNRNRequest>
         <v1:messageContext>
            <v11:messageId>${=import static java.util.UUID.randomUUID; uuid = randomUUID() as String}</v11:messageId>
            <v11:timestamp>${=new java.text.SimpleDateFormat("yyyy-MM-dd'T'HH:mm:ss.SSS").format(new Date())}</v11:timestamp>
         </v1:messageContext>
         <v1:legalContext>ServiceIntegrator</v1:legalContext>
         <v1:request>
            <language>F</language>
            <nrn>32061501852</nrn>         
            <history>true</history>
         </v1:request>
      </v1:getListDivisionWithPropertyByNRNRequest>
   </soapenv:Body>
</soapenv:Envelope>]]></con:request><con:assertion type="SOAP Fault Assertion" id="280d5b12-5fcd-40eb-ac22-1914ed834402" name="Not SOAP Fault"/><con:assertion type="SOAP Response" id="6631f04a-466d-48fc-ad9d-f30f06bce84c" name="SOAP Response"/><con:assertion type="Schema Compliance" id="c7f5d7e1-ced3-4b07-814a-0ba5f879adad" name="Schema Compliance"><con:configuration/></con:assertion><con:wsaConfig action="http://fidus.brussels/services/realestateservice/getListDivisionWithPropertyByNRN"/></con:request></con:config></con:testStep><con:testStep type="request" id="4636e87a-b616-4b68-9299-09a1c76b376a" name="testcase4 - Staging - Worker 1 - Request"><con:settings/><con:config xsi:type="con:RequestStep" xmlns:xsi="http://www.w3.org/2001/XMLSchema-instance"><con:interface>RealEstateServiceHTTPBinding</con:interface><con:operation>getListDivisionWithPropertyByNRN</con:operation><con:request name="testcase4 - Staging - Worker 1 - Request" id="4e8b52c9-1c78-4a1c-8b91-42353b1a6c85" outgoingWss="Outflow STAG"><con:settings/><con:encoding>UTF-8</con:encoding><con:endpoint>https://192.168.24.16:8443/services/RealEstateService_v1.3</con:endpoint><con:request><![CDATA[<soapenv:Envelope xmlns:soapenv="http://schemas.xmlsoap.org/soap/envelope/" xmlns:v1="http://fidus.brussels/service/realestateservice/messages/v1" xmlns:v11="http://fidus.brussels/type/common/messages/v1">
   <soapenv:Header/>
   <soapenv:Body>
      <v1:getListDivisionWithPropertyByNRNRequest>
         <v1:messageContext>
            <v11:messageId>${=import static java.util.UUID.randomUUID; uuid = randomUUID() as String}</v11:messageId>
            <v11:timestamp>${=new java.text.SimpleDateFormat("yyyy-MM-dd'T'HH:mm:ss.SSS").format(new Date())}</v11:timestamp>
         </v1:messageContext>
         <v1:legalContext>ServiceIntegrator</v1:legalContext>
         <v1:request>
            <language>F</language>
            <nrn>32061501852</nrn>         
            <history>true</history>
         </v1:request>
      </v1:getListDivisionWithPropertyByNRNRequest>
   </soapenv:Body>
</soapenv:Envelope>]]></con:request><con:assertion type="SOAP Fault Assertion" id="a4352730-97aa-4b9c-97f0-441bbc54fad6" name="Not SOAP Fault"/><con:assertion type="SOAP Response" id="d36f423b-33bb-4b73-8882-346fdb66fcfe" name="SOAP Response"/><con:assertion type="Schema Compliance" id="3725f91f-94ea-449d-9472-74655db1693b" name="Schema Compliance"><con:configuration/></con:assertion><con:wsaConfig action="http://fidus.brussels/services/realestateservice/getListDivisionWithPropertyByNRN"/></con:request></con:config></con:testStep><con:testStep type="request" id="f0ac7804-bc5c-46df-a110-22e4b911b325" name="testcase4 - Staging - Worker 2 - Request"><con:settings/><con:config xsi:type="con:RequestStep" xmlns:xsi="http://www.w3.org/2001/XMLSchema-instance"><con:interface>RealEstateServiceHTTPBinding</con:interface><con:operation>getListDivisionWithPropertyByNRN</con:operation><con:request name="testcase4 - Staging - Worker 2 - Request" id="693f4ee7-9d15-4ef0-9f5f-66eed950b1c6" outgoingWss="Outflow STAG"><con:settings/><con:encoding>UTF-8</con:encoding><con:endpoint>https://192.168.24.17:8443/services/RealEstateService_v1.3</con:endpoint><con:request><![CDATA[<soapenv:Envelope xmlns:soapenv="http://schemas.xmlsoap.org/soap/envelope/" xmlns:v1="http://fidus.brussels/service/realestateservice/messages/v1" xmlns:v11="http://fidus.brussels/type/common/messages/v1">
   <soapenv:Header/>
   <soapenv:Body>
      <v1:getListDivisionWithPropertyByNRNRequest>
         <v1:messageContext>
            <v11:messageId>${=import static java.util.UUID.randomUUID; uuid = randomUUID() as String}</v11:messageId>
            <v11:timestamp>${=new java.text.SimpleDateFormat("yyyy-MM-dd'T'HH:mm:ss.SSS").format(new Date())}</v11:timestamp>
         </v1:messageContext>
         <v1:legalContext>ServiceIntegrator</v1:legalContext>
         <v1:request>
            <language>F</language>
            <nrn>32061501852</nrn>         
            <history>true</history>
         </v1:request>
      </v1:getListDivisionWithPropertyByNRNRequest>
   </soapenv:Body>
</soapenv:Envelope>]]></con:request><con:assertion type="SOAP Fault Assertion" id="5d4e7562-71fa-40f3-86cd-18adc8b95fbc" name="Not SOAP Fault"/><con:assertion type="SOAP Response" id="41f79c83-4cbf-49a9-bfab-9e805ac0b25b" name="SOAP Response"/><con:assertion type="Schema Compliance" id="bef69ad6-784e-443c-b45e-c8cc790c81ef" name="Schema Compliance"><con:configuration/></con:assertion><con:wsaConfig action="http://fidus.brussels/services/realestateservice/getListDivisionWithPropertyByNRN"/></con:request></con:config></con:testStep><con:properties/></con:testCase><con:properties/></con:testSuite><con:testSuite id="edbcceec-6161-42a0-aaf3-544ce6973731" name="PROD"><con:settings/><con:runType>SEQUENTIAL</con:runType><con:testCase id="41e5f610-9164-47bb-8dc0-e42082090242" failOnError="true" failTestCaseOnErrors="true" keepSession="false" maxResults="0" name="findPropertiesTxByCriteria" searchProperties="true"><con:settings/><con:testStep type="request" id="6960d0a7-b9d9-43c5-b926-e19d5f11a1a8" name="testcase5 - Prod - External - Request"><con:settings/><con:config xsi:type="con:RequestStep" xmlns:xsi="http://www.w3.org/2001/XMLSchema-instance"><con:interface>RealEstateServiceHTTPBinding</con:interface><con:operation>findPropertiesTxByCriteria</con:operation><con:request name="testcase5 - Prod - External - Request" id="b1f7e1b5-981d-4a34-b312-a7c256f80dbc" outgoingWss="Outflow PROD"><con:settings/><con:encoding>UTF-8</con:encoding><con:endpoint>https://fidus.sec.brussels/services/RealEstateService_v1.3</con:endpoint><con:request><![CDATA[<soapenv:Envelope xmlns:soapenv="http://schemas.xmlsoap.org/soap/envelope/" xmlns:v1="http://fidus.brussels/service/realestateservice/messages/v1" xmlns:v11="http://fidus.brussels/type/common/messages/v1" xmlns:dir="http://www.minfin.fgov.be/schemas/esb/consultimmotx/direct" xmlns:ns="http://www.minfin.fgov.be/schemas/esb/canonical/base/1">
   <soapenv:Header/>
   <soapenv:Body>
      <v1:findPropertiesTxByCriteriaRequest>
         <v1:messageContext>
            <v11:messageId>${=import static java.util.UUID.randomUUID; uuid = randomUUID() as String}</v11:messageId>
            <v11:timestamp>${=new java.text.SimpleDateFormat("yyyy-MM-dd'T'HH:mm:ss.SSS").format(new Date())}</v11:timestamp>
         </v1:messageContext>
         <v1:legalContext>ServiceIntegrator</v1:legalContext>
         <v1:request>
	       <dir:province>40000</dir:province>
	       <dir:adminCommune>42008</dir:adminCommune>
	       <dir:typeInscription>82</dir:typeInscription>
	       <dir:deedDate>
	          <ns:start>2010-01-01</ns:start>
	          <ns:end>2010-04-30</ns:end>
	       </dir:deedDate>
	       <dir:natureCode>220</dir:natureCode>
	       <dir:natureCodeDeed>32</dir:natureCodeDeed>
         </v1:request>
      </v1:findPropertiesTxByCriteriaRequest>
   </soapenv:Body>
</soapenv:Envelope>]]></con:request><con:assertion type="SOAP Fault Assertion" id="591a645f-6fb9-4cd3-9f29-12edec222d41" name="Not SOAP Fault"/><con:assertion type="SOAP Response" id="3a76628f-b5c0-4601-b401-1fb97f40142f" name="SOAP Response"/><con:assertion type="Schema Compliance" id="cd90e5a2-7ba5-4c15-abbd-d52acad38601" name="Schema Compliance"><con:configuration/></con:assertion><con:wsaConfig action="http://fidus.brussels/services/realestateservice/findPropertiesTxByCriteria"/></con:request></con:config></con:testStep><con:testStep type="request" id="a7c9a2b3-a0cc-4c3d-b549-772fa8b6626e" name="testcase5 - Prod - LB - Request"><con:settings/><con:config xsi:type="con:RequestStep" xmlns:xsi="http://www.w3.org/2001/XMLSchema-instance"><con:interface>RealEstateServiceHTTPBinding</con:interface><con:operation>findPropertiesTxByCriteria</con:operation><con:request name="testcase5 - Prod - LB - Request" id="2d418030-3f5e-4340-9178-d73c5a9c2451" outgoingWss="Outflow PROD"><con:settings/><con:encoding>UTF-8</con:encoding><con:endpoint>https://fidus-esb-sg.prd.srv.cirb.lan:8443/services/RealEstateService_v1.3</con:endpoint><con:request><![CDATA[<soapenv:Envelope xmlns:soapenv="http://schemas.xmlsoap.org/soap/envelope/" xmlns:v1="http://fidus.brussels/service/realestateservice/messages/v1" xmlns:v11="http://fidus.brussels/type/common/messages/v1" xmlns:dir="http://www.minfin.fgov.be/schemas/esb/consultimmotx/direct" xmlns:ns="http://www.minfin.fgov.be/schemas/esb/canonical/base/1">
   <soapenv:Header/>
   <soapenv:Body>
      <v1:findPropertiesTxByCriteriaRequest>
         <v1:messageContext>
            <v11:messageId>${=import static java.util.UUID.randomUUID; uuid = randomUUID() as String}</v11:messageId>
            <v11:timestamp>${=new java.text.SimpleDateFormat("yyyy-MM-dd'T'HH:mm:ss.SSS").format(new Date())}</v11:timestamp>
         </v1:messageContext>
         <v1:legalContext>ServiceIntegrator</v1:legalContext>
         <v1:request>
            <dir:province>40000</dir:province>
            <dir:adminCommune>42008</dir:adminCommune>
            <dir:typeInscription>82</dir:typeInscription>
            <dir:deedDate>
               <ns:start>2010-01-01</ns:start>
               <ns:end>2010-04-30</ns:end>
            </dir:deedDate>
            <dir:natureCode>220</dir:natureCode>
            <dir:natureCodeDeed>32</dir:natureCodeDeed>
         </v1:request>
      </v1:findPropertiesTxByCriteriaRequest>
   </soapenv:Body>
</soapenv:Envelope>]]></con:request><con:assertion type="SOAP Fault Assertion" id="0d216fb8-b205-40a3-9dd7-270f42971f9c" name="Not SOAP Fault"/><con:assertion type="SOAP Response" id="54e4a2af-2620-4e3f-9009-7c8bcdc385d9" name="SOAP Response"/><con:assertion type="Schema Compliance" id="7b468533-8bd3-406c-a84b-f77aa876c8a0" name="Schema Compliance"><con:configuration/></con:assertion><con:wsaConfig action="http://fidus.brussels/services/realestateservice/findPropertiesTxByCriteria"/></con:request></con:config></con:testStep><con:testStep type="request" id="9adcd9d7-82cf-46fc-a981-11d17e79bd96" name="testcase5 - Prod - Worker1 - Request"><con:settings/><con:config xsi:type="con:RequestStep" xmlns:xsi="http://www.w3.org/2001/XMLSchema-instance"><con:interface>RealEstateServiceHTTPBinding</con:interface><con:operation>findPropertiesTxByCriteria</con:operation><con:request name="testcase5 - Prod - Worker1 - Request" id="0690a6f6-0429-455f-9304-8ce5c4ab18fc" outgoingWss="Outflow PROD"><con:settings/><con:encoding>UTF-8</con:encoding><con:endpoint>https://192.168.26.19:8443/services/RealEstateService_v1.3</con:endpoint><con:request><![CDATA[<soapenv:Envelope xmlns:soapenv="http://schemas.xmlsoap.org/soap/envelope/" xmlns:v1="http://fidus.brussels/service/realestateservice/messages/v1" xmlns:v11="http://fidus.brussels/type/common/messages/v1" xmlns:dir="http://www.minfin.fgov.be/schemas/esb/consultimmotx/direct" xmlns:ns="http://www.minfin.fgov.be/schemas/esb/canonical/base/1">
   <soapenv:Header/>
   <soapenv:Body>
      <v1:findPropertiesTxByCriteriaRequest>
         <v1:messageContext>
            <v11:messageId>${=import static java.util.UUID.randomUUID; uuid = randomUUID() as String}</v11:messageId>
            <v11:timestamp>${=new java.text.SimpleDateFormat("yyyy-MM-dd'T'HH:mm:ss.SSS").format(new Date())}</v11:timestamp>
         </v1:messageContext>
         <v1:legalContext>ServiceIntegrator</v1:legalContext>
         <v1:request>
            <dir:province>40000</dir:province>
            <dir:adminCommune>42008</dir:adminCommune>
            <dir:typeInscription>82</dir:typeInscription>
            <dir:deedDate>
               <ns:start>2010-01-01</ns:start>
               <ns:end>2010-04-30</ns:end>
            </dir:deedDate>
            <dir:natureCode>220</dir:natureCode>
            <dir:natureCodeDeed>32</dir:natureCodeDeed>
         </v1:request>
      </v1:findPropertiesTxByCriteriaRequest>
   </soapenv:Body>
</soapenv:Envelope>]]></con:request><con:assertion type="SOAP Fault Assertion" id="335b6b45-803b-479a-8897-5b5c5c063951" name="Not SOAP Fault"/><con:assertion type="SOAP Response" id="b16687a7-b68f-422c-ab8e-4159c75a8c7d" name="SOAP Response"/><con:assertion type="Schema Compliance" id="a75e780a-31f2-4c10-b379-d29b90ac3c4e" name="Schema Compliance"><con:configuration/></con:assertion><con:wsaConfig action="http://fidus.brussels/services/realestateservice/findPropertiesTxByCriteria"/></con:request></con:config></con:testStep><con:testStep type="request" id="ea46dd30-0650-4623-a9f9-3bd6b0d63990" name="testcase5 - Prod - Worker2 - Request"><con:settings/><con:config xsi:type="con:RequestStep" xmlns:xsi="http://www.w3.org/2001/XMLSchema-instance"><con:interface>RealEstateServiceHTTPBinding</con:interface><con:operation>findPropertiesTxByCriteria</con:operation><con:request name="testcase5 - Prod - Worker2 - Request" id="8869a41b-93f0-4d87-94d4-a45a3bdf3e41" outgoingWss="Outflow PROD"><con:settings/><con:encoding>UTF-8</con:encoding><con:endpoint>https://192.168.26.22:8443/services/RealEstateService_v1.3</con:endpoint><con:request><![CDATA[<soapenv:Envelope xmlns:soapenv="http://schemas.xmlsoap.org/soap/envelope/" xmlns:v1="http://fidus.brussels/service/realestateservice/messages/v1" xmlns:v11="http://fidus.brussels/type/common/messages/v1" xmlns:dir="http://www.minfin.fgov.be/schemas/esb/consultimmotx/direct" xmlns:ns="http://www.minfin.fgov.be/schemas/esb/canonical/base/1">
   <soapenv:Header/>
   <soapenv:Body>
      <v1:findPropertiesTxByCriteriaRequest>
         <v1:messageContext>
            <v11:messageId>${=import static java.util.UUID.randomUUID; uuid = randomUUID() as String}</v11:messageId>
            <v11:timestamp>${=new java.text.SimpleDateFormat("yyyy-MM-dd'T'HH:mm:ss.SSS").format(new Date())}</v11:timestamp>
         </v1:messageContext>
         <v1:legalContext>ServiceIntegrator</v1:legalContext>
         <v1:request>
	       <dir:province>40000</dir:province>
	       <dir:adminCommune>42008</dir:adminCommune>
	       <dir:typeInscription>82</dir:typeInscription>
	       <dir:deedDate>
	          <ns:start>2010-01-01</ns:start>
	          <ns:end>2010-04-30</ns:end>
	       </dir:deedDate>
	       <dir:natureCode>220</dir:natureCode>
	       <dir:natureCodeDeed>32</dir:natureCodeDeed>
         </v1:request>
      </v1:findPropertiesTxByCriteriaRequest>
   </soapenv:Body>
</soapenv:Envelope>]]></con:request><con:assertion type="SOAP Fault Assertion" id="5634569f-e908-4118-8c67-abb817a6b9eb" name="Not SOAP Fault"/><con:assertion type="SOAP Response" id="cc569ab4-5708-4445-9330-187cb1947676" name="SOAP Response"/><con:assertion type="Schema Compliance" id="29e71be4-59c7-4298-bdf8-5d071c8cec0a" name="Schema Compliance"><con:configuration/></con:assertion><con:wsaConfig action="http://fidus.brussels/services/realestateservice/findPropertiesTxByCriteria"/></con:request></con:config></con:testStep><con:properties/></con:testCase><con:testCase id="a09b4597-7bd8-4045-9799-5bbee823b5f4" failOnError="true" failTestCaseOnErrors="true" keepSession="false" maxResults="0" name="findCommunitiesBySearchToken" searchProperties="true"><con:settings/><con:testStep type="request" id="164aea85-6379-4713-b0e3-14b6af5bd65a" name="testcase5 - Prod - External - Request"><con:settings/><con:config xsi:type="con:RequestStep" xmlns:xsi="http://www.w3.org/2001/XMLSchema-instance"><con:interface>RealEstateServiceHTTPBinding</con:interface><con:operation>findCommunitiesBySearchToken</con:operation><con:request name="testcase5 - Prod - External - Request" id="dd118140-9c11-49e6-918a-f24322309469" outgoingWss="Outflow PROD"><con:settings/><con:encoding>UTF-8</con:encoding><con:endpoint>https://fidus.sec.brussels/services/RealEstateService_v1.3</con:endpoint><con:request><![CDATA[<soapenv:Envelope xmlns:soapenv="http://schemas.xmlsoap.org/soap/envelope/" xmlns:v1="http://fidus.brussels/service/realestateservice/messages/v1" xmlns:v11="http://fidus.brussels/type/common/messages/v1">
   <soapenv:Header/>
   <soapenv:Body>
      <v1:findCommunitiesBySearchTokenRequest>
         <v1:messageContext>
            <v11:messageId>${=import static java.util.UUID.randomUUID; uuid = randomUUID() as String}</v11:messageId>
            <v11:timestamp>${=new java.text.SimpleDateFormat("yyyy-MM-dd'T'HH:mm:ss.SSS").format(new Date())}</v11:timestamp>
         </v1:messageContext>
          <v1:legalContext>ServiceIntegrator</v1:legalContext>
         <v1:request>
            <language>F</language>
            <searchToken>WOLU</searchToken>
         </v1:request>
      </v1:findCommunitiesBySearchTokenRequest>
   </soapenv:Body>
</soapenv:Envelope>]]></con:request><con:assertion type="SOAP Fault Assertion" id="5e342e60-3d99-4e89-a472-78efc7815807" name="Not SOAP Fault"/><con:assertion type="SOAP Response" id="c855646b-dbac-43f9-a25e-330086d98b3a" name="SOAP Response"/><con:assertion type="Schema Compliance" id="319e7256-3370-4b0e-9420-c542d575cd06" name="Schema Compliance"><con:configuration/></con:assertion><con:wsaConfig action="http://fidus.brussels/services/realestateservice/findCommunitiesBySearchToken"/></con:request></con:config></con:testStep><con:properties/></con:testCase><con:testCase id="1f8b4adf-ed38-4b29-b5fc-72fd1de5750c" failOnError="true" failTestCaseOnErrors="true" keepSession="false" maxResults="0" name="findStreetsBySearchToken" searchProperties="true"><con:settings/><con:testStep type="request" id="693d51c6-0b8b-4b9f-acec-d679a1eb2c8e" name="testcase5 - Production - External - Request"><con:settings/><con:config xsi:type="con:RequestStep" xmlns:xsi="http://www.w3.org/2001/XMLSchema-instance"><con:interface>RealEstateServiceHTTPBinding</con:interface><con:operation>findStreetsBySearchToken</con:operation><con:request name="testcase5 - Production - External - Request" id="8763aaa3-1a0f-470e-8e13-145f90504dd7" outgoingWss="Outflow PROD"><con:settings/><con:encoding>UTF-8</con:encoding><con:endpoint>https://fidus.sec.brussels/services/RealEstateService_v1.3</con:endpoint><con:request><![CDATA[<soapenv:Envelope xmlns:soapenv="http://schemas.xmlsoap.org/soap/envelope/" xmlns:v1="http://fidus.brussels/service/realestateservice/messages/v1" xmlns:v11="http://fidus.brussels/type/common/messages/v1">
   <soapenv:Header/>
   <soapenv:Body>
      <v1:findStreetsBySearchTokenRequest>
         <v1:messageContext>
            <v11:messageId>${=import static java.util.UUID.randomUUID; uuid = randomUUID() as String}</v11:messageId>
            <v11:timestamp>${=new java.text.SimpleDateFormat("yyyy-MM-dd'T'HH:mm:ss.SSS").format(new Date())}</v11:timestamp>
         </v1:messageContext>
         <v1:legalContext>ServiceIntegrator</v1:legalContext>
         <v1:request>
            <language>F</language>
            <searchToken>CUY</searchToken>
            <codeNisComId>21018</codeNisComId>
         </v1:request>
      </v1:findStreetsBySearchTokenRequest>
   </soapenv:Body>
</soapenv:Envelope>]]></con:request><con:assertion type="SOAP Fault Assertion" id="6ed85017-8c08-4867-bde8-aa104ef1aab3" name="Not SOAP Fault"/><con:assertion type="SOAP Response" id="c8b22613-8851-4890-88ca-1ca1f7b6e7f2" name="SOAP Response"/><con:assertion type="Schema Compliance" id="bfb8ecc6-c0ce-412e-9a7c-ba6b3f9879af" name="Schema Compliance"><con:configuration/></con:assertion><con:wsaConfig action="http://fidus.brussels/services/realestateservice/findStreetsBySearchToken"/></con:request></con:config></con:testStep><con:properties/></con:testCase><con:testCase id="02f4949d-05a1-415c-9524-f5ea8f54a14e" failOnError="true" failTestCaseOnErrors="true" keepSession="false" maxResults="0" name="getListForAddress" searchProperties="true"><con:settings/><con:testStep type="request" id="65f1d5fb-ea35-4f03-942b-32afb0c7b587" name="testcase5 - Production - External - Request"><con:settings/><con:config xsi:type="con:RequestStep" xmlns:xsi="http://www.w3.org/2001/XMLSchema-instance"><con:interface>RealEstateServiceHTTPBinding</con:interface><con:operation>getListForAddress</con:operation><con:request name="testcase5 - Production - External - Request" id="e9b1e510-bd3a-42b4-83c3-9c71f78e4bca" outgoingWss="Outflow PROD"><con:settings/><con:encoding>UTF-8</con:encoding><con:endpoint>https://fidus.sec.brussels/services/RealEstateService_v1.3</con:endpoint><con:request><![CDATA[<soapenv:Envelope xmlns:soapenv="http://schemas.xmlsoap.org/soap/envelope/" xmlns:v1="http://fidus.brussels/service/realestateservice/messages/v1" xmlns:v11="http://fidus.brussels/type/common/messages/v1">
   <soapenv:Header/>
   <soapenv:Body>
      <v1:getListForAddressRequest>
         <v1:messageContext>
            <v11:messageId>${=import static java.util.UUID.randomUUID; uuid = randomUUID() as String}</v11:messageId>
            <v11:timestamp>${=new java.text.SimpleDateFormat("yyyy-MM-dd'T'HH:mm:ss.SSS").format(new Date())}</v11:timestamp>
         </v1:messageContext>
         <v1:legalContext>ServiceIntegrator</v1:legalContext>
         <v1:request>
        <codeNISCommunity>21018</codeNISCommunity>
            <codeNSRStreet>00680</codeNSRStreet>
            <language>F</language>
            <!--Optional:-->
            <number>1</number>
            <maxResult>10</maxResult>
            <active>true</active>
         </v1:request>
      </v1:getListForAddressRequest>
   </soapenv:Body>
</soapenv:Envelope>]]></con:request><con:assertion type="SOAP Fault Assertion" id="bdf569eb-41d3-450e-8918-47bebfc5d34e" name="Not SOAP Fault"/><con:assertion type="SOAP Response" id="0bacf786-9b7d-419d-9087-b42779d8e5a9" name="SOAP Response"/><con:assertion type="Schema Compliance" id="c46ade5e-4d68-4963-8e67-28a70a35f2ed" name="Schema Compliance"><con:configuration/></con:assertion><con:wsaConfig action="http://fidus.brussels/services/realestateservice/getListForAddress"/></con:request></con:config></con:testStep><con:properties/></con:testCase><con:testCase id="48d171da-d8d2-46de-b5bf-49c7f77738f4" failOnError="true" failTestCaseOnErrors="true" keepSession="false" maxResults="0" name="findPropertyByParcelId" searchProperties="true"><con:settings/><con:testStep type="request" id="2d4bdb1b-067d-4008-b09e-54705f6f5e08" name="testcase5 - Production - External - Request"><con:settings/><con:config xsi:type="con:RequestStep" xmlns:xsi="http://www.w3.org/2001/XMLSchema-instance"><con:interface>RealEstateServiceHTTPBinding</con:interface><con:operation>findPropertyByParcelId</con:operation><con:request name="testcase5 - Production - External - Request" id="d230b9e7-a658-4e89-a6d7-e769020e6d4d" outgoingWss="Outflow PROD"><con:settings/><con:encoding>UTF-8</con:encoding><con:endpoint>https://fidus.sec.brussels/services/RealEstateService_v1.3</con:endpoint><con:request><![CDATA[<soapenv:Envelope xmlns:soapenv="http://schemas.xmlsoap.org/soap/envelope/" xmlns:v1="http://fidus.brussels/service/realestateservice/messages/v1" xmlns:v11="http://fidus.brussels/type/common/messages/v1" xmlns:ns="http://www.minfin.fgov.be/schemas/esb/security/1">
   <soapenv:Header/>
   <soapenv:Body>
      <v1:findPropertyByParcelIdRequest>
         <v1:messageContext>
            <v11:messageId>${=import static java.util.UUID.randomUUID; uuid = randomUUID() as String}</v11:messageId>
            <v11:timestamp>${=new java.text.SimpleDateFormat("yyyy-MM-dd'T'HH:mm:ss.SSS").format(new Date())}</v11:timestamp>
         </v1:messageContext>
         <v1:legalContext>ServiceIntegrator</v1:legalContext>
         <v1:request>
            <language>n</language>
            <history>false</history>
            <!--Optional:-->
            <showAddress>false</showAddress>
            <maxResult>10</maxResult>
            <cadastralDivision>31016</cadastralDivision>
            <section>B</section>
            <primaryNumber>148</primaryNumber>
            <!--Optional:-->
            <exponentNumber>5</exponentNumber>
            <!--Optional:-->
            <exponentLetter>B</exponentLetter>
            <partNumber>P0000</partNumber>
         </v1:request>
      </v1:findPropertyByParcelIdRequest>
   </soapenv:Body>
</soapenv:Envelope>]]></con:request><con:assertion type="SOAP Fault Assertion" id="c36d2472-39c4-4d7d-8144-513d6cef331e" name="Not SOAP Fault"/><con:assertion type="SOAP Response" id="dccd8a9f-f614-4e98-b4d4-cd3f2e035d5a" name="SOAP Response"/><con:assertion type="Schema Compliance" id="a433dc24-69f9-49f5-bb1a-16746e80724f" name="Schema Compliance"><con:configuration/></con:assertion><con:wsaConfig action="http://fidus.brussels/services/realestateservice/findPropertyByParcelId"/></con:request></con:config></con:testStep><con:properties/></con:testCase><con:testCase id="29f1702c-4584-4bc3-aefd-8ac68b76ccdb" failOnError="true" failTestCaseOnErrors="true" keepSession="false" maxResults="0" name="getPropertyByNRN" searchProperties="true"><con:settings/><con:testStep type="request" id="de8bf1e4-56e5-4994-a997-7006f88076ea" name="testcase5 - Prod - External - Request"><con:settings/><con:config xsi:type="con:RequestStep" xmlns:xsi="http://www.w3.org/2001/XMLSchema-instance"><con:interface>RealEstateServiceHTTPBinding</con:interface><con:operation>getPropertyByNRN</con:operation><con:request name="testcase5 - Prod - External - Request" id="713c6d07-fbbc-4158-ae59-4257a512ac7d" outgoingWss="Outflow PROD"><con:settings/><con:encoding>UTF-8</con:encoding><con:endpoint>https://fidus.sec.brussels/services/RealEstateService_v1.3</con:endpoint><con:request><![CDATA[<soapenv:Envelope xmlns:soapenv="http://schemas.xmlsoap.org/soap/envelope/" xmlns:v1="http://fidus.brussels/service/realestateservice/messages/v1" xmlns:v11="http://fidus.brussels/type/common/messages/v1">
   <soapenv:Header/>
   <soapenv:Body>
      <v1:getPropertyByNRNRequest>
         <v1:messageContext>
            <v11:messageId>${=import static java.util.UUID.randomUUID; uuid = randomUUID() as String}</v11:messageId>
            <v11:timestamp>${=new java.text.SimpleDateFormat("yyyy-MM-dd'T'HH:mm:ss.SSS").format(new Date())}</v11:timestamp>
         </v1:messageContext>
         <v1:legalContext>ServiceIntegrator</v1:legalContext>
         <v1:request>
            <language>F</language>
            <coOwners>true</coOwners>
            <history>false</history>
            <nrn>32061501852</nrn>
         </v1:request>
      </v1:getPropertyByNRNRequest>
   </soapenv:Body>
</soapenv:Envelope>]]></con:request><con:assertion type="SOAP Fault Assertion" id="ecdd15af-ec8b-478e-9d46-fc39da6d08db" name="Not SOAP Fault"/><con:assertion type="SOAP Response" id="78a1cc65-542b-48d7-89a2-2c5785f65e88" name="SOAP Response"/><con:assertion type="Schema Compliance" id="7b6fba8a-22b7-4250-9481-5d6b232fbb9b" name="Schema Compliance"><con:configuration/></con:assertion><con:wsaConfig action="http://fidus.brussels/services/realestateservice/getPropertyByNRN"/></con:request></con:config></con:testStep><con:testStep type="request" id="a00d060d-806d-4c1e-9a47-7fa34d2c4ffc" name="testcase5 - Prod - LB - Request"><con:settings/><con:config xsi:type="con:RequestStep" xmlns:xsi="http://www.w3.org/2001/XMLSchema-instance"><con:interface>RealEstateServiceHTTPBinding</con:interface><con:operation>getPropertyByNRN</con:operation><con:request name="testcase5 - Prod - LB - Request" id="fba36c0e-9694-45bb-9e42-6d2e49d463b8" outgoingWss="Outflow PROD"><con:settings/><con:encoding>UTF-8</con:encoding><con:endpoint>https://fidus-esb-sg.prd.srv.cirb.lan:8443/services/RealEstateService_v1.3</con:endpoint><con:request><![CDATA[<soapenv:Envelope xmlns:soapenv="http://schemas.xmlsoap.org/soap/envelope/" xmlns:v1="http://fidus.brussels/service/realestateservice/messages/v1" xmlns:v11="http://fidus.brussels/type/common/messages/v1">
   <soapenv:Header/>
   <soapenv:Body>
      <v1:getPropertyByNRNRequest>
         <v1:messageContext>
            <v11:messageId>${=import static java.util.UUID.randomUUID; uuid = randomUUID() as String}</v11:messageId>
            <v11:timestamp>${=new java.text.SimpleDateFormat("yyyy-MM-dd'T'HH:mm:ss.SSS").format(new Date())}</v11:timestamp>
         </v1:messageContext>
         <v1:legalContext>ServiceIntegrator</v1:legalContext>
         <v1:request>
            <language>F</language>
            <coOwners>true</coOwners>
            <history>false</history>
            <nrn>32061501852</nrn>
         </v1:request>
      </v1:getPropertyByNRNRequest>
   </soapenv:Body>
</soapenv:Envelope>]]></con:request><con:assertion type="SOAP Fault Assertion" id="43d2b94f-69c4-4ae8-a867-c2b45a117393" name="Not SOAP Fault"/><con:assertion type="SOAP Response" id="9d572fdb-094d-43da-9568-20035cb18da4" name="SOAP Response"/><con:assertion type="Schema Compliance" id="01272dc3-99f9-4a62-b63a-00930354c8ff" name="Schema Compliance"><con:configuration/></con:assertion><con:wsaConfig action="http://fidus.brussels/services/realestateservice/getPropertyByNRN"/></con:request></con:config></con:testStep><con:testStep type="request" id="3a88132a-2c40-4b38-a922-66208ca57467" name="testcase5 - Prod - Worker 1 - Request"><con:settings/><con:config xsi:type="con:RequestStep" xmlns:xsi="http://www.w3.org/2001/XMLSchema-instance"><con:interface>RealEstateServiceHTTPBinding</con:interface><con:operation>getPropertyByNRN</con:operation><con:request name="testcase5 - Prod - Worker 1 - Request" id="537f6132-28d0-483f-8ebf-e1c9ce1ef2ba" outgoingWss="Outflow PROD"><con:settings/><con:encoding>UTF-8</con:encoding><con:endpoint>https://192.168.26.19:8443/services/RealEstateService_v1.3</con:endpoint><con:request><![CDATA[<soapenv:Envelope xmlns:soapenv="http://schemas.xmlsoap.org/soap/envelope/" xmlns:v1="http://fidus.brussels/service/realestateservice/messages/v1" xmlns:v11="http://fidus.brussels/type/common/messages/v1">
   <soapenv:Header/>
   <soapenv:Body>
      <v1:getPropertyByNRNRequest>
         <v1:messageContext>
            <v11:messageId>${=import static java.util.UUID.randomUUID; uuid = randomUUID() as String}</v11:messageId>
            <v11:timestamp>${=new java.text.SimpleDateFormat("yyyy-MM-dd'T'HH:mm:ss.SSS").format(new Date())}</v11:timestamp>
         </v1:messageContext>
         <v1:legalContext>ServiceIntegrator</v1:legalContext>
         <v1:request>
            <language>F</language>
            <coOwners>true</coOwners>
            <history>false</history>
            <nrn>32061501852</nrn>
         </v1:request>
      </v1:getPropertyByNRNRequest>
   </soapenv:Body>
</soapenv:Envelope>]]></con:request><con:assertion type="SOAP Fault Assertion" id="9048ecc1-750c-4010-861d-451cc3180273" name="Not SOAP Fault"/><con:assertion type="SOAP Response" id="3eaa4720-c0c2-481f-bf47-21bd7dede807" name="SOAP Response"/><con:assertion type="Schema Compliance" id="5732c7bb-9b1b-413c-a727-8aa9c1c51b24" name="Schema Compliance"><con:configuration/></con:assertion><con:wsaConfig action="http://fidus.brussels/services/realestateservice/getPropertyByNRN"/></con:request></con:config></con:testStep><con:testStep type="request" id="803e13c8-ae50-4d70-9d90-7fd686effe4e" name="testcase5 - Prod - Worker 2 - Request"><con:settings/><con:config xsi:type="con:RequestStep" xmlns:xsi="http://www.w3.org/2001/XMLSchema-instance"><con:interface>RealEstateServiceHTTPBinding</con:interface><con:operation>getPropertyByNRN</con:operation><con:request name="testcase5 - Prod - Worker 2 - Request" id="04fabdee-5e12-4746-8143-5fa6d112560e" outgoingWss="Outflow PROD"><con:settings/><con:encoding>UTF-8</con:encoding><con:endpoint>https://192.168.26.22:8443/services/RealEstateService_v1.3</con:endpoint><con:request><![CDATA[<soapenv:Envelope xmlns:soapenv="http://schemas.xmlsoap.org/soap/envelope/" xmlns:v1="http://fidus.brussels/service/realestateservice/messages/v1" xmlns:v11="http://fidus.brussels/type/common/messages/v1">
   <soapenv:Header/>
   <soapenv:Body>
      <v1:getPropertyByNRNRequest>
         <v1:messageContext>
            <v11:messageId>${=import static java.util.UUID.randomUUID; uuid = randomUUID() as String}</v11:messageId>
            <v11:timestamp>${=new java.text.SimpleDateFormat("yyyy-MM-dd'T'HH:mm:ss.SSS").format(new Date())}</v11:timestamp>
         </v1:messageContext>
         <v1:legalContext>ServiceIntegrator</v1:legalContext>
         <v1:request>
            <language>F</language>
            <coOwners>true</coOwners>
            <history>false</history>
            <nrn>32061501852</nrn>
         </v1:request>
      </v1:getPropertyByNRNRequest>
   </soapenv:Body>
</soapenv:Envelope>]]></con:request><con:assertion type="SOAP Fault Assertion" id="7a650fc4-aa11-46f1-913b-ce9684cfcd1e" name="Not SOAP Fault"/><con:assertion type="SOAP Response" id="03bbd2fa-4da0-4ba8-8776-f7802e2b4a33" name="SOAP Response"/><con:assertion type="Schema Compliance" id="4d71ac20-b8c6-4239-b3db-755f016531e5" name="Schema Compliance"><con:configuration/></con:assertion><con:wsaConfig action="http://fidus.brussels/services/realestateservice/getPropertyByNRN"/></con:request></con:config></con:testStep><con:properties/></con:testCase><con:testCase id="c31afd0f-dbba-4305-b6a6-9f0c65ca1e20" failOnError="true" failTestCaseOnErrors="true" keepSession="false" maxResults="0" name="getPropertyByEnterpriseNR" searchProperties="true"><con:settings/><con:testStep type="request" id="0a325037-7903-4560-b160-4cd90407c6dc" name="testcase5 - Prod - External - Request"><con:settings/><con:config xsi:type="con:RequestStep" xmlns:xsi="http://www.w3.org/2001/XMLSchema-instance"><con:interface>RealEstateServiceHTTPBinding</con:interface><con:operation>getPropertyByEnterpriseNR</con:operation><con:request name="testcase5 - Prod - External - Request" id="04ce31db-c896-4396-9508-c3d8d99b9ccf" outgoingWss="Outflow PROD"><con:settings/><con:encoding>UTF-8</con:encoding><con:endpoint>https://fidus.sec.brussels/services/RealEstateService_v1.3</con:endpoint><con:request><![CDATA[<soapenv:Envelope xmlns:soapenv="http://schemas.xmlsoap.org/soap/envelope/" xmlns:v1="http://fidus.brussels/service/realestateservice/messages/v1" xmlns:v11="http://fidus.brussels/type/common/messages/v1">
   <soapenv:Header/>
   <soapenv:Body>
      <v1:getPropertyByEnterpriseNRRequest>
         <v1:messageContext>
            <v11:messageId>${=import static java.util.UUID.randomUUID; uuid = randomUUID() as String}</v11:messageId>
            <v11:timestamp>${=new java.text.SimpleDateFormat("yyyy-MM-dd'T'HH:mm:ss.SSS").format(new Date())}</v11:timestamp>
         </v1:messageContext>
         <v1:legalContext>ServiceIntegrator</v1:legalContext>
         <v1:request>
            <language>F</language>
            <coOwners>false</coOwners>
            <!--Optional:-->
            <showAddress>true</showAddress>
            <cadastralDivision>21372</cadastralDivision>
            <!--Optional:-->            
            <administrativeCommunNumber>21006</administrativeCommunNumber>
            <history>false</history>
            <kbo>0456810810</kbo>
         </v1:request>
      </v1:getPropertyByEnterpriseNRRequest>
   </soapenv:Body>
</soapenv:Envelope>]]></con:request><con:assertion type="SOAP Fault Assertion" id="887b9c0b-53bf-4323-92ab-a53d0d36e128" name="Not SOAP Fault"/><con:assertion type="SOAP Response" id="73e3c6b0-718f-4dcc-9e64-6e02f688a845" name="SOAP Response"/><con:assertion type="Schema Compliance" id="93356de3-d4d0-496b-82dd-81751351e288" name="Schema Compliance"><con:configuration/></con:assertion><con:wsaConfig action="http://fidus.brussels/services/realestateservice/getPropertyByEnterpriseNR"/></con:request></con:config></con:testStep><con:testStep type="request" id="bf90cf89-e3bd-4b19-84a3-2e848ebc89c6" name="testcase5 - Prod - LB - Request"><con:settings/><con:config xsi:type="con:RequestStep" xmlns:xsi="http://www.w3.org/2001/XMLSchema-instance"><con:interface>RealEstateServiceHTTPBinding</con:interface><con:operation>getPropertyByEnterpriseNR</con:operation><con:request name="testcase5 - Prod - LB - Request" id="2e6a6176-bc59-425b-8fe4-c7aada4afe59" outgoingWss="Outflow PROD"><con:settings/><con:encoding>UTF-8</con:encoding><con:endpoint>https://fidus-esb-sg.prd.srv.cirb.lan:8443/services/RealEstateService_v1.3</con:endpoint><con:request><![CDATA[<soapenv:Envelope xmlns:soapenv="http://schemas.xmlsoap.org/soap/envelope/" xmlns:v1="http://fidus.brussels/service/realestateservice/messages/v1" xmlns:v11="http://fidus.brussels/type/common/messages/v1">
   <soapenv:Header/>
   <soapenv:Body>
      <v1:getPropertyByEnterpriseNRRequest>
         <v1:messageContext>
            <v11:messageId>${=import static java.util.UUID.randomUUID; uuid = randomUUID() as String}</v11:messageId>
            <v11:timestamp>${=new java.text.SimpleDateFormat("yyyy-MM-dd'T'HH:mm:ss.SSS").format(new Date())}</v11:timestamp>
         </v1:messageContext>
         <v1:legalContext>ServiceIntegrator</v1:legalContext>
         <v1:request>
            <language>F</language>
            <coOwners>false</coOwners>
            <!--Optional:-->
            <showAddress>true</showAddress>
            <cadastralDivision>21372</cadastralDivision>
            <!--Optional:-->            
            <administrativeCommunNumber>21006</administrativeCommunNumber>
            <history>false</history>
            <kbo>0456810810</kbo>
         </v1:request>
      </v1:getPropertyByEnterpriseNRRequest>
   </soapenv:Body>
</soapenv:Envelope>]]></con:request><con:assertion type="SOAP Fault Assertion" id="7ffbce50-8e08-415d-a519-3849d0ef69cf" name="Not SOAP Fault"/><con:assertion type="SOAP Response" id="5f964595-a740-453f-926d-d96f5dd742cb" name="SOAP Response"/><con:assertion type="Schema Compliance" id="6448b718-071e-4206-aac2-80dcaeea8b29" name="Schema Compliance"><con:configuration/></con:assertion><con:wsaConfig action="http://fidus.brussels/services/realestateservice/getPropertyByEnterpriseNR"/></con:request></con:config></con:testStep><con:testStep type="request" id="00e502ef-a417-448d-bfe5-07c9c78ed411" name="testcase5 - Prod - Worker 1 - Request"><con:settings/><con:config xsi:type="con:RequestStep" xmlns:xsi="http://www.w3.org/2001/XMLSchema-instance"><con:interface>RealEstateServiceHTTPBinding</con:interface><con:operation>getPropertyByEnterpriseNR</con:operation><con:request name="testcase5 - Prod - Worker 1 - Request" id="7be0e836-2280-4a08-973a-5f4043438650" outgoingWss="Outflow PROD"><con:settings/><con:encoding>UTF-8</con:encoding><con:endpoint>https://192.168.26.19:8443/services/RealEstateService_v1.3</con:endpoint><con:request><![CDATA[<soapenv:Envelope xmlns:soapenv="http://schemas.xmlsoap.org/soap/envelope/" xmlns:v1="http://fidus.brussels/service/realestateservice/messages/v1" xmlns:v11="http://fidus.brussels/type/common/messages/v1">
   <soapenv:Header/>
   <soapenv:Body>
      <v1:getPropertyByEnterpriseNRRequest>
         <v1:messageContext>
            <v11:messageId>${=import static java.util.UUID.randomUUID; uuid = randomUUID() as String}</v11:messageId>
            <v11:timestamp>${=new java.text.SimpleDateFormat("yyyy-MM-dd'T'HH:mm:ss.SSS").format(new Date())}</v11:timestamp>
         </v1:messageContext>
         <v1:legalContext>ServiceIntegrator</v1:legalContext>
         <v1:request>
            <language>F</language>
            <coOwners>false</coOwners>
            <!--Optional:-->
            <showAddress>true</showAddress>
            <cadastralDivision>21372</cadastralDivision>
            <!--Optional:-->            
            <administrativeCommunNumber>21006</administrativeCommunNumber>
            <history>false</history>
            <kbo>0456810810</kbo>
         </v1:request>
      </v1:getPropertyByEnterpriseNRRequest>
   </soapenv:Body>
</soapenv:Envelope>]]></con:request><con:assertion type="SOAP Fault Assertion" id="bed5edf6-885c-42de-b1a2-63f0d9bf1dc8" name="Not SOAP Fault"/><con:assertion type="SOAP Response" id="88b19e8f-a4be-4e19-ac76-0e28cfc2e9ff" name="SOAP Response"/><con:assertion type="Schema Compliance" id="65a0e68c-6801-4194-8b5d-7df914468ea2" name="Schema Compliance"><con:configuration/></con:assertion><con:wsaConfig action="http://fidus.brussels/services/realestateservice/getPropertyByEnterpriseNR"/></con:request></con:config></con:testStep><con:testStep type="request" id="900f4518-82ad-42ad-b8c9-59fd69b4538e" name="testcase5 - Prod - Worker 2 - Request"><con:settings/><con:config xsi:type="con:RequestStep" xmlns:xsi="http://www.w3.org/2001/XMLSchema-instance"><con:interface>RealEstateServiceHTTPBinding</con:interface><con:operation>getPropertyByEnterpriseNR</con:operation><con:request name="testcase5 - Prod - Worker 2 - Request" id="83f059a3-12c2-4ac4-abec-a13b877e32d4" outgoingWss="Outflow PROD"><con:settings/><con:encoding>UTF-8</con:encoding><con:endpoint>https://192.168.26.22:8443/services/RealEstateService_v1.3</con:endpoint><con:request><![CDATA[<soapenv:Envelope xmlns:soapenv="http://schemas.xmlsoap.org/soap/envelope/" xmlns:v1="http://fidus.brussels/service/realestateservice/messages/v1" xmlns:v11="http://fidus.brussels/type/common/messages/v1">
   <soapenv:Header/>
   <soapenv:Body>
      <v1:getPropertyByEnterpriseNRRequest>
         <v1:messageContext>
            <v11:messageId>${=import static java.util.UUID.randomUUID; uuid = randomUUID() as String}</v11:messageId>
            <v11:timestamp>${=new java.text.SimpleDateFormat("yyyy-MM-dd'T'HH:mm:ss.SSS").format(new Date())}</v11:timestamp>
         </v1:messageContext>
         <v1:legalContext>ServiceIntegrator</v1:legalContext>
         <v1:request>
            <language>F</language>
            <coOwners>false</coOwners>
            <!--Optional:-->
            <showAddress>true</showAddress>
            <cadastralDivision>21372</cadastralDivision>
            <!--Optional:-->            
            <administrativeCommunNumber>21006</administrativeCommunNumber>
            <history>false</history>
            <kbo>0456810810</kbo>
         </v1:request>
      </v1:getPropertyByEnterpriseNRRequest>
   </soapenv:Body>
</soapenv:Envelope>]]></con:request><con:assertion type="SOAP Fault Assertion" id="6f63bc65-3396-4761-9148-886210738e7d" name="Not SOAP Fault"/><con:assertion type="SOAP Response" id="21b5b804-3586-4cdd-ad2a-87779ae0ae36" name="SOAP Response"/><con:assertion type="Schema Compliance" id="ba419b05-18bc-402f-9ee9-49832c67edcb" name="Schema Compliance"><con:configuration/></con:assertion><con:wsaConfig action="http://fidus.brussels/services/realestateservice/getPropertyByEnterpriseNR"/></con:request></con:config></con:testStep><con:properties/></con:testCase><con:testCase id="87180d46-8827-4c2a-88fd-9e5ee629dff6" failOnError="true" failTestCaseOnErrors="true" keepSession="false" maxResults="0" name="getListDivisionWithPropertyByNRN" searchProperties="true"><con:settings/><con:testStep type="request" id="fffa259a-d35e-4fde-a1ac-93a9daae62bb" name="testcase5 - Prod - External - Request"><con:settings/><con:config xsi:type="con:RequestStep" xmlns:xsi="http://www.w3.org/2001/XMLSchema-instance"><con:interface>RealEstateServiceHTTPBinding</con:interface><con:operation>getListDivisionWithPropertyByNRN</con:operation><con:request name="testcase5 - Prod - External - Request" id="f5fb9905-e2be-4600-8b56-1c539799cf99" outgoingWss="Outflow PROD"><con:settings/><con:encoding>UTF-8</con:encoding><con:endpoint>https://fidus.sec.brussels/services/RealEstateService_v1.3</con:endpoint><con:request><![CDATA[<soapenv:Envelope xmlns:soapenv="http://schemas.xmlsoap.org/soap/envelope/" xmlns:v1="http://fidus.brussels/service/realestateservice/messages/v1" xmlns:v11="http://fidus.brussels/type/common/messages/v1">
   <soapenv:Header/>
   <soapenv:Body>
      <v1:getListDivisionWithPropertyByNRNRequest>
         <v1:messageContext>
            <v11:messageId>${=import static java.util.UUID.randomUUID; uuid = randomUUID() as String}</v11:messageId>
            <v11:timestamp>${=new java.text.SimpleDateFormat("yyyy-MM-dd'T'HH:mm:ss.SSS").format(new Date())}</v11:timestamp>
         </v1:messageContext>
         <v1:legalContext>ServiceIntegrator</v1:legalContext>
         <v1:request>
            <language>F</language>
            <nrn>32061501852</nrn>         
            <history>true</history>
         </v1:request>
      </v1:getListDivisionWithPropertyByNRNRequest>
   </soapenv:Body>
</soapenv:Envelope>]]></con:request><con:assertion type="SOAP Fault Assertion" id="46d14b6b-6c66-4fa9-a5d8-7408e132dca5" name="Not SOAP Fault"/><con:assertion type="SOAP Response" id="43af11f0-ce3c-4c81-ab4f-b5e587e488de" name="SOAP Response"/><con:assertion type="Schema Compliance" id="0845b3b5-9436-48fe-88bb-bf7d0219d3bd" name="Schema Compliance"><con:configuration/></con:assertion><con:wsaConfig action="http://fidus.brussels/services/realestateservice/getListDivisionWithPropertyByNRN"/></con:request></con:config></con:testStep><con:testStep type="request" id="cbb66e0c-2512-44c8-87db-49e56ff91665" name="testcase5 - Prod - LB - Request"><con:settings/><con:config xsi:type="con:RequestStep" xmlns:xsi="http://www.w3.org/2001/XMLSchema-instance"><con:interface>RealEstateServiceHTTPBinding</con:interface><con:operation>getListDivisionWithPropertyByNRN</con:operation><con:request name="testcase5 - Prod - LB - Request" id="a3d74cf8-1b9d-4d14-82eb-834512a21a03" outgoingWss="Outflow PROD"><con:settings/><con:encoding>UTF-8</con:encoding><con:endpoint>https://fidus-esb-sg.prd.srv.cirb.lan:8443/services/RealEstateService_v1.3</con:endpoint><con:request><![CDATA[<soapenv:Envelope xmlns:soapenv="http://schemas.xmlsoap.org/soap/envelope/" xmlns:v1="http://fidus.brussels/service/realestateservice/messages/v1" xmlns:v11="http://fidus.brussels/type/common/messages/v1">
   <soapenv:Header/>
   <soapenv:Body>
      <v1:getListDivisionWithPropertyByNRNRequest>
         <v1:messageContext>
            <v11:messageId>${=import static java.util.UUID.randomUUID; uuid = randomUUID() as String}</v11:messageId>
            <v11:timestamp>${=new java.text.SimpleDateFormat("yyyy-MM-dd'T'HH:mm:ss.SSS").format(new Date())}</v11:timestamp>
         </v1:messageContext>
         <v1:legalContext>ServiceIntegrator</v1:legalContext>
         <v1:request>
            <language>F</language>
            <nrn>32061501852</nrn>         
            <history>true</history>
         </v1:request>
      </v1:getListDivisionWithPropertyByNRNRequest>
   </soapenv:Body>
</soapenv:Envelope>]]></con:request><con:assertion type="SOAP Fault Assertion" id="9e225599-2414-4aed-afab-24483401f3ca" name="Not SOAP Fault"/><con:assertion type="SOAP Response" id="3f13297d-4ce5-44af-b558-36953ffef8ef" name="SOAP Response"/><con:assertion type="Schema Compliance" id="a230ddde-2f89-4b7a-a0e5-e2d90648014e" name="Schema Compliance"><con:configuration/></con:assertion><con:wsaConfig action="http://fidus.brussels/services/realestateservice/getListDivisionWithPropertyByNRN"/></con:request></con:config></con:testStep><con:testStep type="request" id="d47fbef7-52fd-4984-8ab5-436fd091decc" name="testcase5 - Prod - Worker1 - Request"><con:settings/><con:config xsi:type="con:RequestStep" xmlns:xsi="http://www.w3.org/2001/XMLSchema-instance"><con:interface>RealEstateServiceHTTPBinding</con:interface><con:operation>getListDivisionWithPropertyByNRN</con:operation><con:request name="testcase5 - Prod - Worker1 - Request" id="8216ef4a-0a1e-4d31-83e8-737426561fb4" outgoingWss="Outflow PROD"><con:settings/><con:encoding>UTF-8</con:encoding><con:endpoint>https://192.168.26.19:8443/services/RealEstateService_v1.3</con:endpoint><con:request><![CDATA[<soapenv:Envelope xmlns:soapenv="http://schemas.xmlsoap.org/soap/envelope/" xmlns:v1="http://fidus.brussels/service/realestateservice/messages/v1" xmlns:v11="http://fidus.brussels/type/common/messages/v1">
   <soapenv:Header/>
   <soapenv:Body>
      <v1:getListDivisionWithPropertyByNRNRequest>
         <v1:messageContext>
            <v11:messageId>${=import static java.util.UUID.randomUUID; uuid = randomUUID() as String}</v11:messageId>
            <v11:timestamp>${=new java.text.SimpleDateFormat("yyyy-MM-dd'T'HH:mm:ss.SSS").format(new Date())}</v11:timestamp>
         </v1:messageContext>
         <v1:legalContext>ServiceIntegrator</v1:legalContext>
         <v1:request>
            <language>F</language>
            <nrn>32061501852</nrn>         
            <history>true</history>
         </v1:request>
      </v1:getListDivisionWithPropertyByNRNRequest>
   </soapenv:Body>
</soapenv:Envelope>]]></con:request><con:assertion type="SOAP Fault Assertion" id="774dc859-6a88-4e82-b010-b70cf24d04f1" name="Not SOAP Fault"/><con:assertion type="SOAP Response" id="2f505979-ae33-4df1-b248-90973184adda" name="SOAP Response"/><con:assertion type="Schema Compliance" id="1464aae2-9843-4a95-a15b-d8277f6d17de" name="Schema Compliance"><con:configuration/></con:assertion><con:wsaConfig action="http://fidus.brussels/services/realestateservice/getListDivisionWithPropertyByNRN"/></con:request></con:config></con:testStep><con:testStep type="request" id="6395bdb4-28f0-46b7-bada-02aea1d86c42" name="testcase5 - Prod - Worker2 - Request"><con:settings/><con:config xsi:type="con:RequestStep" xmlns:xsi="http://www.w3.org/2001/XMLSchema-instance"><con:interface>RealEstateServiceHTTPBinding</con:interface><con:operation>getListDivisionWithPropertyByNRN</con:operation><con:request name="testcase5 - Prod - Worker2 - Request" id="6793ee0f-9e70-4607-bc04-90d1cd767f14" outgoingWss="Outflow PROD"><con:settings/><con:encoding>UTF-8</con:encoding><con:endpoint>https://192.168.26.22:8443/services/RealEstateService_v1.3</con:endpoint><con:request><![CDATA[<soapenv:Envelope xmlns:soapenv="http://schemas.xmlsoap.org/soap/envelope/" xmlns:v1="http://fidus.brussels/service/realestateservice/messages/v1" xmlns:v11="http://fidus.brussels/type/common/messages/v1">
   <soapenv:Header/>
   <soapenv:Body>
      <v1:getListDivisionWithPropertyByNRNRequest>
         <v1:messageContext>
            <v11:messageId>${=import static java.util.UUID.randomUUID; uuid = randomUUID() as String}</v11:messageId>
            <v11:timestamp>${=new java.text.SimpleDateFormat("yyyy-MM-dd'T'HH:mm:ss.SSS").format(new Date())}</v11:timestamp>
         </v1:messageContext>
         <v1:legalContext>ServiceIntegrator</v1:legalContext>
         <v1:request>
            <language>F</language>
            <nrn>32061501852</nrn>         
            <history>true</history>
         </v1:request>
      </v1:getListDivisionWithPropertyByNRNRequest>
   </soapenv:Body>
</soapenv:Envelope>]]></con:request><con:assertion type="SOAP Fault Assertion" id="f0616cb8-2bbb-4450-ad5e-b091b0702af0" name="Not SOAP Fault"/><con:assertion type="SOAP Response" id="64c8c27a-f3cf-4251-98b1-071704b51b67" name="SOAP Response"/><con:assertion type="Schema Compliance" id="d57fcca2-8522-404e-83a1-ccd3766ef321" name="Schema Compliance"><con:configuration/></con:assertion><con:wsaConfig action="http://fidus.brussels/services/realestateservice/getListDivisionWithPropertyByNRN"/></con:request></con:config></con:testStep><con:properties/></con:testCase><con:properties/></con:testSuite><con:properties/>
  <con:wssContainer>
    
    
    
    
    
    
    
    
    
    
    
    
    
    
    
    
  <con:crypto><con:source>data/wso2/keystores/user-rajarshi.jks</con:source><con:password>test@fidus01</con:password><con:type>KEYSTORE</con:type></con:crypto><con:outgoing><con:name>Outflow DEV</con:name></con:outgoing><con:outgoing><con:name>Outflow TEST</con:name><con:entry type="Signature" username="testuser-test.fidus.brussels" password="test@fidus01"><con:configuration><crypto>user-rajarshi.jks</crypto><keyIdentifierType>3</keyIdentifierType><signatureAlgorithm/><signatureCanonicalization/><useSingleCert>true</useSingleCert><digestAlgorithm/><customTokenValueType/><customTokenId/></con:configuration></con:entry><con:entry type="Timestamp"><con:configuration><timeToLive>300000</timeToLive><strictTimestamp>true</strictTimestamp></con:configuration></con:entry></con:outgoing><con:outgoing><con:name>Outflow STAG</con:name></con:outgoing><con:outgoing><con:name>Outflow PROD</con:name></con:outgoing></con:wssContainer>
  <con:oAuth2ProfileContainer/>
  <con:oAuth1ProfileContainer/><con:sensitiveInformation/>
</con:soapui-project>