<?xml version="1.0" encoding="UTF-8"?>
<con:soapui-project activeEnvironment="Default" name="Client-PersonService-soapui-project" resourceRoot="" soapui-version="5.1.3" abortOnError="false" runType="SEQUENTIAL" id="efe0aa1f-2a44-41ee-b006-1bbb321d7454" xmlns:con="http://eviware.com/soapui/config">
  <con:settings/>
  <con:interface xsi:type="con:WsdlInterface" wsaVersion="NONE" name="PersonServiceHTTPBinding" type="wsdl" bindingName="{http://fidus.brussels/service/personservice/v1}PersonServiceHTTPBinding" soapVersion="1_1" anonymous="optional" definition="file:/home/stijn/git/Fidus/personservice/PersonServiceRegistry/wsdl/personService/1.0.0/PersonService_v1.wsdl" id="ed9c9566-ab71-4610-a99e-aa2b2583faec" xmlns:xsi="http://www.w3.org/2001/XMLSchema-instance">
    <con:settings/>
    
    <con:definitionCache type="TEXT" rootPart="file:/home/stijn/git/Fidus/personservice/PersonServiceRegistry/wsdl/personService/1.0.0/PersonService_v1.wsdl"><con:part><con:url>file:/home/stijn/git/Fidus/personservice/PersonServiceRegistry/wsdl/personService/1.0.0/PersonService_v1.wsdl</con:url><con:content><![CDATA[<wsdl:definitions targetNamespace="http://fidus.brussels/service/personservice/v1" name="PersonService" xmlns:soap="http://schemas.xmlsoap.org/wsdl/soap/" xmlns:wsdl="http://schemas.xmlsoap.org/wsdl/" xmlns:xsd="http://www.w3.org/2001/XMLSchema" xmlns:mes="http://fidus.brussels/service/personservice/messages/v1" xmlns:tns="http://fidus.brussels/service/personservice/v1">
  <xsd:annotation>
    <xsd:documentation>Person service WDSL v1.</xsd:documentation>
  </xsd:annotation>
  <wsdl:types>
    <xsd:schema targetNamespace="http://fidus.brussels/service/personservice/v1" elementFormDefault="qualified">
      <xsd:import namespace="http://fidus.brussels/service/personservice/messages/v1" schemaLocation="messages/personServiceMessages_v1.xsd"/>
    </xsd:schema>
  </wsdl:types>
  <wsdl:message name="searchPersonByAddressRequestMessage">
    <wsdl:part name="SearchPersonByAddressRequest" element="mes:searchPersonByAddressRequest"/>
  </wsdl:message>
  <wsdl:message name="searchPersonByAddressResponseMessage">
    <wsdl:part name="SearchPersonByAddressResponse" element="mes:searchPersonByAddressResponse"/>
  </wsdl:message>
  <wsdl:message name="getIdentityRequestMessage">
    <wsdl:part name="GetIdentityRequest" element="mes:getIdentityRequest"/>
  </wsdl:message>
  <wsdl:message name="getIdentityResponseMessage">
    <wsdl:part name="GetIdentityResponse" element="mes:getIdentityResponse"/>
  </wsdl:message>
  <wsdl:message name="searchPersonPhoneticallyRequestMessage">
    <wsdl:part name="SearchPersonPhoneticallyRequest" element="mes:searchPersonPhoneticallyRequest"/>
  </wsdl:message>
  <wsdl:message name="searchPersonPhoneticallyResponseMessage">
    <wsdl:part name="SearchPersonPhoneticallyResponse" element="mes:searchPersonPhoneticallyResponse"/>
  </wsdl:message>
  <wsdl:message name="getCBSSIdentityRequestMessage">
    <wsdl:part name="GetIdentityRequest" element="mes:getCBSSIdentityRequest"/>
  </wsdl:message>
  <wsdl:message name="getCBSSIdentityResponseMessage">
    <wsdl:part name="GetIdentityResponse" element="mes:getCBSSIdentityResponse"/>
  </wsdl:message>
  <wsdl:portType name="PersonServicePortType">
    <wsdl:operation name="searchPersonByAddress">
      <wsdl:input message="tns:searchPersonByAddressRequestMessage"/>
      <wsdl:output message="tns:searchPersonByAddressResponseMessage"/>
    </wsdl:operation>
    <wsdl:operation name="getIdentity">
      <wsdl:input message="tns:getIdentityRequestMessage"/>
      <wsdl:output message="tns:getIdentityResponseMessage"/>
    </wsdl:operation>
    <wsdl:operation name="searchPersonPhonetically">
      <wsdl:input message="tns:searchPersonPhoneticallyRequestMessage"/>
      <wsdl:output message="tns:searchPersonPhoneticallyResponseMessage"/>
    </wsdl:operation>
    <wsdl:operation name="getCBSSIdentity">
      <wsdl:input message="tns:getCBSSIdentityRequestMessage"/>
      <wsdl:output message="tns:getCBSSIdentityResponseMessage"/>
    </wsdl:operation>
  </wsdl:portType>
  <wsdl:binding name="PersonServiceHTTPBinding" type="tns:PersonServicePortType">
    <soap:binding style="document" transport="http://schemas.xmlsoap.org/soap/http"/>
    <wsdl:operation name="searchPersonByAddress">
      <soap:operation soapAction="http://fidus.brussels/services/personservice/searchPersonByAddress"/>
      <wsdl:input>
        <soap:body use="literal"/>
      </wsdl:input>
      <wsdl:output>
        <soap:body use="literal"/>
      </wsdl:output>
    </wsdl:operation>
    <wsdl:operation name="getIdentity">
      <soap:operation soapAction="http://fidus.brussels/services/personservice/getIdentity"/>
      <wsdl:input>
        <soap:body use="literal"/>
      </wsdl:input>
      <wsdl:output>
        <soap:body use="literal"/>
      </wsdl:output>
    </wsdl:operation>
    <wsdl:operation name="searchPersonPhonetically">
      <soap:operation soapAction="http://fidus.brussels/services/personservice/searchPersonPhonetically"/>
      <wsdl:input>
        <soap:body use="literal"/>
      </wsdl:input>
      <wsdl:output>
        <soap:body use="literal"/>
      </wsdl:output>
    </wsdl:operation>
    <wsdl:operation name="getCBSSIdentity">
      <soap:operation soapAction="http://fidus.brussels/services/personservice/getCBSSIdentity"/>
      <wsdl:input>
        <soap:body use="literal"/>
      </wsdl:input>
      <wsdl:output>
        <soap:body use="literal"/>
      </wsdl:output>
    </wsdl:operation>
  </wsdl:binding>
  <wsdl:service name="PersonService_v1">
    <wsdl:port name="PersonService_v1" binding="tns:PersonServiceHTTPBinding">
      <soap:address location="http://fidus.brussels/services/personservice/v1"/>
    </wsdl:port>
  </wsdl:service>
</wsdl:definitions>]]></con:content><con:type>http://schemas.xmlsoap.org/wsdl/</con:type></con:part><con:part><con:url>file:/home/stijn/git/Fidus/personservice/PersonServiceRegistry/wsdl/personService/1.0.0/messages/personServiceMessages_v1.xsd</con:url><con:content><![CDATA[<xsd:schema targetNamespace="http://fidus.brussels/service/personservice/messages/v1" elementFormDefault="qualified" attributeFormDefault="unqualified" version="1.0" xmlns:xsd="http://www.w3.org/2001/XMLSchema" xmlns:cme="http://fidus.brussels/type/common/messages/v1" xmlns:exc="http://fidus.brussels/type/common/exceptions/v1" xmlns:tns="http://fidus.brussels/service/personservice/messages/v1" xmlns:common="http://kszbcss.fgov.be/types/common/v3" xmlns:base="http://kszbcss.fgov.be/types/legaldata/v3" xmlns:per="http://kszbcss.fgov.be/types/legaldata/person/v3" xmlns:periss="http://kszbcss.fgov.be/types/legaldata/personiss/v3">
  <xsd:import namespace="http://fidus.brussels/type/common/messages/v1" schemaLocation="baseMessageTypes_v1.xsd"/>
  <xsd:import namespace="http://fidus.brussels/type/common/exceptions/v1" schemaLocation="exceptionTypes_v1.xsd"/>
  <xsd:import namespace="http://kszbcss.fgov.be/types/common/v3" schemaLocation="../person/common/CommonV3.xsd"/>
  <xsd:import namespace="http://kszbcss.fgov.be/types/legaldata/v3" schemaLocation="../person/legaldata/BaseLegalDataV3.xsd"/>
  <xsd:import namespace="http://kszbcss.fgov.be/types/legaldata/person/v3" schemaLocation="../person/legaldata/person/PersonLegalDataV3.xsd"/>
  <xsd:import namespace="http://kszbcss.fgov.be/types/legaldata/personiss/v3" schemaLocation="../person/legaldata/person/PersonIssLegalDataV3.xsd"/>
  <xsd:simpleType name="GivenNameMatchingType">
    <xsd:annotation>
      <xsd:documentation>Type defining the possible ways to interpret the given firstnames during the phonetic search.</xsd:documentation>
    </xsd:annotation>
    <xsd:restriction base="xsd:string">
      <xsd:enumeration value="FIRST_LETTER_FIRST_GIVENNAME"/>
      <xsd:enumeration value="COMPLETE_FIRST_GIVENNAME"/>
      <xsd:enumeration value="ALL_GIVENNAME"/>
      <xsd:enumeration value="IGNORE_GIVENNAME"/>
    </xsd:restriction>
  </xsd:simpleType>
  <xsd:complexType name="PersonByAddressRequestType">
    <xsd:annotation>
      <xsd:documentation>Type defining the structure of the request to search for persons based on the given address information.</xsd:documentation>
    </xsd:annotation>
    <xsd:sequence>
      <xsd:element name="postalCode" type="base:PostalCodeType" form="unqualified"/>
      <xsd:element name="streetCode" type="base:StreetCodeType" form="unqualified"/>
      <xsd:element name="houseNumber" type="base:HouseNumberType" form="unqualified"/>
      <xsd:element name="houseIndex" type="base:HouseIndexType" minOccurs="0" form="unqualified"/>
    </xsd:sequence>
  </xsd:complexType>
  <xsd:complexType name="IdentityRequestType">
    <xsd:annotation>
      <xsd:documentation>The person whose information is requested.</xsd:documentation>
    </xsd:annotation>
    <xsd:sequence>
      <xsd:element name="personNumber" type="cme:PersonNumberType" nillable="true">
        <xsd:annotation>
          <xsd:documentation>The basic identifier of a person is his personNumber.</xsd:documentation>
        </xsd:annotation>
      </xsd:element>
    </xsd:sequence>
  </xsd:complexType>
  <xsd:complexType name="PersonPhoneticallyRequestType">
    <xsd:annotation>
      <xsd:documentation>Type defining the structure of the request to search for persons based on the given phonetical name information.</xsd:documentation>
    </xsd:annotation>
    <xsd:sequence>
      <xsd:element name="name" form="unqualified">
        <xsd:complexType>
          <xsd:sequence>
            <xsd:element name="lastName" form="unqualified">
              <xsd:simpleType>
                <xsd:restriction base="xsd:string">
                  <xsd:minLength value="1"/>
                  <xsd:maxLength value="48"/>
                </xsd:restriction>
              </xsd:simpleType>
            </xsd:element>
            <xsd:element name="givenName" type="base:GivenNameType" minOccurs="0" maxOccurs="3" form="unqualified"/>
            <xsd:element name="givenNameMatching" type="tns:GivenNameMatchingType" form="unqualified">
              <xsd:annotation>
                <xsd:documentation>Element specifying the behavior of the searchPersonPhonetically capability.</xsd:documentation>
              </xsd:annotation>
            </xsd:element>
          </xsd:sequence>
        </xsd:complexType>
      </xsd:element>
      <xsd:element name="birth" form="unqualified">
        <xsd:complexType>
          <xsd:sequence>
            <xsd:element name="birthDate" type="common:IncompleteDateType" form="unqualified"/>
            <xsd:element name="variation" minOccurs="0" form="unqualified">
              <xsd:simpleType>
                <xsd:restriction base="xsd:unsignedShort">
                  <xsd:maxInclusive value="99"/>
                </xsd:restriction>
              </xsd:simpleType>
            </xsd:element>
          </xsd:sequence>
        </xsd:complexType>
      </xsd:element>
      <xsd:element name="gender" minOccurs="0" form="unqualified">
        <xsd:complexType>
          <xsd:sequence>
            <xsd:element name="genderCode" type="base:GenderCodeType" form="unqualified"/>
          </xsd:sequence>
        </xsd:complexType>
      </xsd:element>
      <xsd:element name="maximumResultCount" minOccurs="0" form="unqualified">
        <xsd:simpleType>
          <xsd:restriction base="xsd:unsignedShort">
            <xsd:minInclusive value="1"/>
            <xsd:maxInclusive value="50"/>
          </xsd:restriction>
        </xsd:simpleType>
      </xsd:element>
    </xsd:sequence>
  </xsd:complexType>
  <!--Request getIdentity definition-->
  <xsd:complexType name="SearchPersonByAddressRequestType">
    <xsd:sequence>
      <xsd:element name="messageContext" type="cme:RequestMessageContextType"/>
      <xsd:element name="legalContext" type="cme:LegalContextType"/>
      <xsd:element name="request" type="tns:PersonByAddressRequestType"/>
    </xsd:sequence>
  </xsd:complexType>
  <xsd:complexType name="GetIdentityRequestType">
    <xsd:sequence>
      <xsd:element name="messageContext" type="cme:RequestMessageContextType"/>
      <xsd:element name="legalContext" type="cme:LegalContextType"/>
      <xsd:element name="request" type="tns:IdentityRequestType"/>
    </xsd:sequence>
  </xsd:complexType>
  <xsd:complexType name="SearchPersonPhoneticallyRequestType">
    <xsd:sequence>
      <xsd:element name="messageContext" type="cme:RequestMessageContextType"/>
      <xsd:element name="legalContext" type="cme:LegalContextType"/>
      <xsd:element name="request" type="tns:PersonPhoneticallyRequestType"/>
    </xsd:sequence>
  </xsd:complexType>
  <xsd:complexType name="GetCBSSIdentityRequestType">
    <xsd:sequence>
      <xsd:element name="messageContext" type="cme:RequestMessageContextType"/>
      <xsd:element name="legalContext" type="cme:LegalContextType"/>
      <xsd:element name="request" type="tns:IdentityRequestType"/>
    </xsd:sequence>
  </xsd:complexType>
  <!--Request getIdentity definition-->
  <xsd:complexType name="SearchPersonByAddressResponseType">
    <xsd:sequence>
      <xsd:element name="messageContext" type="cme:ResponseMessageContextType"/>
      <xsd:element name="responses" type="tns:ResponsesType" minOccurs="0"/>
      <xsd:element name="exceptions" type="exc:ExceptionsType" minOccurs="0">
        <xsd:annotation>
          <xsd:documentation>Technical errors that occur when processing the message context e.g. insufficient rights.</xsd:documentation>
        </xsd:annotation>
      </xsd:element>
    </xsd:sequence>
  </xsd:complexType>
  <xsd:complexType name="GetIdentityResponseType">
    <xsd:sequence>
      <xsd:element name="messageContext" type="cme:ResponseMessageContextType"/>
      <xsd:element name="responses" type="tns:IssResponsesType" minOccurs="0"/>
      <xsd:element name="exceptions" type="exc:ExceptionsType" minOccurs="0">
        <xsd:annotation>
          <xsd:documentation>Technical errors that occur when processing the message context e.g. insufficient rights.</xsd:documentation>
        </xsd:annotation>
      </xsd:element>
    </xsd:sequence>
  </xsd:complexType>
  <xsd:complexType name="SearchPersonPhoneticallyResponseType">
    <xsd:sequence>
      <xsd:element name="messageContext" type="cme:ResponseMessageContextType"/>
      <xsd:element name="responses" type="tns:ResponsesType" minOccurs="0"/>
      <xsd:element name="exceptions" type="exc:ExceptionsType" minOccurs="0">
        <xsd:annotation>
          <xsd:documentation>Technical errors that occur when processing the message context e.g. insufficient rights.</xsd:documentation>
        </xsd:annotation>
      </xsd:element>
    </xsd:sequence>
  </xsd:complexType>
  <xsd:complexType name="GetCBSSIdentityResponseType">
    <xsd:sequence>
      <xsd:element name="messageContext" type="cme:ResponseMessageContextType"/>
      <xsd:element name="responses" type="tns:IssResponsesType" minOccurs="0"/>
      <xsd:element name="exceptions" type="exc:ExceptionsType" minOccurs="0">
        <xsd:annotation>
          <xsd:documentation>Technical errors that occur when processing the message context e.g. insufficient rights.</xsd:documentation>
        </xsd:annotation>
      </xsd:element>
    </xsd:sequence>
  </xsd:complexType>
  <xsd:complexType name="ResponsesType">
    <xsd:sequence>
      <xsd:element name="response" type="tns:ResponseType" minOccurs="1" maxOccurs="1"/>
    </xsd:sequence>
  </xsd:complexType>
  <xsd:complexType name="IssResponsesType">
    <xsd:sequence>
      <xsd:element name="response" type="tns:IssResponseType" minOccurs="1" maxOccurs="1"/>
    </xsd:sequence>
  </xsd:complexType>
  <xsd:complexType name="ResponseType">
    <xsd:sequence>
      <xsd:element name="person" type="per:PersonResponseType" minOccurs="0" maxOccurs="unbounded"/>
      <xsd:element name="exceptions" type="exc:ExceptionsType" minOccurs="0">
        <xsd:annotation>
          <xsd:documentation>Business exceptions that occur when processing the request or response e.g. missing data for a single response element.
						Exceptions at this level may contain back-end specific codes and content.</xsd:documentation>
        </xsd:annotation>
      </xsd:element>
    </xsd:sequence>
  </xsd:complexType>
  <xsd:complexType name="IssResponseType">
    <xsd:sequence>
      <xsd:element name="person" type="periss:PersonResponseType" minOccurs="0"/>
      <xsd:element name="exceptions" type="exc:ExceptionsType" minOccurs="0">
        <xsd:annotation>
          <xsd:documentation>Business exceptions that occur when processing the request or response e.g. missing data for a single response element.
						Exceptions at this level may contain back-end specific codes and content.</xsd:documentation>
        </xsd:annotation>
      </xsd:element>
    </xsd:sequence>
  </xsd:complexType>
  <!--Element of the request and the response-->
  <xsd:element name="searchPersonByAddressRequest" type="tns:SearchPersonByAddressRequestType"/>
  <xsd:element name="searchPersonByAddressResponse" type="tns:SearchPersonByAddressResponseType"/>
  <xsd:element name="getIdentityRequest" type="tns:GetIdentityRequestType"/>
  <xsd:element name="getIdentityResponse" type="tns:GetIdentityResponseType"/>
  <xsd:element name="searchPersonPhoneticallyRequest" type="tns:SearchPersonPhoneticallyRequestType"/>
  <xsd:element name="searchPersonPhoneticallyResponse" type="tns:SearchPersonPhoneticallyResponseType"/>
  <xsd:element name="getCBSSIdentityRequest" type="tns:GetCBSSIdentityRequestType"/>
  <xsd:element name="getCBSSIdentityResponse" type="tns:GetCBSSIdentityResponseType"/>
</xsd:schema>]]></con:content><con:type>http://www.w3.org/2001/XMLSchema</con:type></con:part><con:part><con:url>file:/home/stijn/git/Fidus/personservice/PersonServiceRegistry/wsdl/personService/1.0.0/messages/baseMessageTypes_v1.xsd</con:url><con:content><![CDATA[<xsd:schema targetNamespace="http://fidus.brussels/type/common/messages/v1" elementFormDefault="qualified" attributeFormDefault="unqualified" version="1.0" xmlns:xsd="http://www.w3.org/2001/XMLSchema" xmlns:cmn="http://fidus.brussels/type/common/v1" xmlns:nps="http://fidus.brussels/service/personservice/personservices/naturalPerson/v1" xmlns:tns="http://fidus.brussels/type/common/messages/v1">
  <!--Unformatted message Id-->
  <xsd:simpleType name="MessageIdType">
    <xsd:restriction base="xsd:string">
      <xsd:minLength value="1"/>
      <xsd:maxLength value="64"/>
    </xsd:restriction>
  </xsd:simpleType>
  <!--National Number of the person. Format depending on the Register-->
  <xsd:simpleType name="PersonNumberType">
    <xsd:restriction base="xsd:string">
      <xsd:pattern value="[0-9][0-9](([0][0-9])|([1][0-2]))(([0-2][0-9])|([3][0-1]))(([0-9]{2}[1-9])|([0-9][1-9][0-9])|([1-9][0-9]{2}))(([0-8][0-9])|([9][0-7]))">
        <xsd:annotation>
          <xsd:documentation>National Register format</xsd:documentation>
        </xsd:annotation>
      </xsd:pattern>
      <xsd:pattern value="[0-9][0-9](([2][0-9])|([3][0-2]))(([0-2][0-9])|([3][0-1]))[0-9]{3}(([0-8][0-9])|([9][0-7]))">
        <xsd:annotation>
          <xsd:documentation>CBSS Register format: Bis Register</xsd:documentation>
        </xsd:annotation>
      </xsd:pattern>
      <xsd:pattern value="[0-9][0-9](([4][0-9])|([5][0-2]))(([0-2][0-9])|([3][0-1]))[0-9]{3}(([0-8][0-9])|([9][0-7]))">
        <xsd:annotation>
          <xsd:documentation>CBSS Register format: Ter Register</xsd:documentation>
        </xsd:annotation>
      </xsd:pattern>
    </xsd:restriction>
  </xsd:simpleType>
  <!--Request message context-->
  <xsd:complexType name="RequestMessageContextType">
    <xsd:annotation>
      <xsd:documentation>Message context block generated by the consumer.</xsd:documentation>
    </xsd:annotation>
    <xsd:sequence>
      <xsd:element name="messageId" type="tns:MessageIdType">
        <xsd:annotation>
          <xsd:documentation>Consumer must assign their own MessageId reference for the request.</xsd:documentation>
        </xsd:annotation>
      </xsd:element>
      <xsd:element name="timestamp" type="xsd:dateTime" minOccurs="0">
        <xsd:annotation>
          <xsd:documentation>Timestamp when client sent request.</xsd:documentation>
        </xsd:annotation>
      </xsd:element>
    </xsd:sequence>
  </xsd:complexType>
  <!--Response message context-->
  <xsd:complexType name="ResponseMessageContextType">
    <xsd:annotation>
      <xsd:documentation>MessageContext block generated by Fidus.</xsd:documentation>
    </xsd:annotation>
    <xsd:sequence>
      <xsd:element name="messageId" type="tns:MessageIdType">
        <xsd:annotation>
          <xsd:documentation>A unique identifier generated by Fidus.</xsd:documentation>
        </xsd:annotation>
      </xsd:element>
      <xsd:element name="transactionId" type="tns:MessageIdType">
        <xsd:annotation>
          <xsd:documentation>A unique ID returned to the client for tracing purposes.</xsd:documentation>
        </xsd:annotation>
      </xsd:element>
      <xsd:element name="timestamp" type="xsd:dateTime" minOccurs="0">
        <xsd:annotation>
          <xsd:documentation>Time reply was sent by Fidus.</xsd:documentation>
        </xsd:annotation>
      </xsd:element>
    </xsd:sequence>
  </xsd:complexType>
  <!--Legal Context : the finality of the Privacy Commission-->
  <xsd:simpleType name="LegalContextType">
    <xsd:restriction base="xsd:string">
      <xsd:minLength value="1"/>
      <xsd:maxLength value="64"/>
    </xsd:restriction>
  </xsd:simpleType>
  <xsd:complexType name="UserContextType">
    <xsd:annotation>
      <xsd:documentation>The user context defines information regarding the actual user performing a request.</xsd:documentation>
    </xsd:annotation>
    <xsd:sequence>
      <xsd:element name="language" type="xsd:language" nillable="true">
        <xsd:annotation>
          <xsd:documentation>The preferred language of the actual user performing the request.
						This influences the language in which response elements are cast.</xsd:documentation>
        </xsd:annotation>
      </xsd:element>
    </xsd:sequence>
  </xsd:complexType>
</xsd:schema>]]></con:content><con:type>http://www.w3.org/2001/XMLSchema</con:type></con:part><con:part><con:url>file:/home/stijn/git/Fidus/personservice/PersonServiceRegistry/wsdl/personService/1.0.0/messages/exceptionTypes_v1.xsd</con:url><con:content><![CDATA[<xsd:schema targetNamespace="http://fidus.brussels/type/common/exceptions/v1" elementFormDefault="qualified" attributeFormDefault="unqualified" version="1.0" xmlns:xsd="http://www.w3.org/2001/XMLSchema" xmlns:tns="http://fidus.brussels/type/common/exceptions/v1">
  <!--Basic error typed-->
  <xsd:complexType name="ExceptionsType">
    <xsd:sequence>
      <xsd:element name="exception" type="tns:ExceptionType" maxOccurs="unbounded"/>
    </xsd:sequence>
  </xsd:complexType>
  <xsd:complexType name="ExceptionType">
    <xsd:sequence>
      <xsd:element name="type" type="tns:ExceptionClassType"/>
      <xsd:element name="code" type="tns:ExceptionCodeType"/>
      <xsd:element name="source" type="tns:ExceptionSourceType"/>
      <xsd:element name="description" type="tns:ExceptionDescriptionType"/>
    </xsd:sequence>
  </xsd:complexType>
  <xsd:simpleType name="ExceptionClassType">
    <xsd:restriction base="xsd:string">
      <xsd:enumeration value="ERROR"/>
      <xsd:enumeration value="WARNING"/>
      <xsd:enumeration value="INFO"/>
    </xsd:restriction>
  </xsd:simpleType>
  <xsd:simpleType name="ExceptionCodeType">
    <xsd:restriction base="xsd:string">
      <xsd:maxLength value="20"/>
    </xsd:restriction>
  </xsd:simpleType>
  <xsd:simpleType name="ExceptionSourceType">
    <xsd:restriction base="xsd:string">
      <xsd:maxLength value="20"/>
    </xsd:restriction>
  </xsd:simpleType>
  <xsd:simpleType name="ExceptionDescriptionType">
    <xsd:restriction base="xsd:string"/>
  </xsd:simpleType>
</xsd:schema>]]></con:content><con:type>http://www.w3.org/2001/XMLSchema</con:type></con:part><con:part><con:url>file:/home/stijn/git/Fidus/personservice/PersonServiceRegistry/wsdl/personService/1.0.0/person/common/CommonV3.xsd</con:url><con:content><![CDATA[<!--edited with XMLSpy v2008 rel. 2 sp2 (http://www.altova.com) by USER (KSZ-BCSS)-->
<!--====================================================================================================================================
	* File Name				: CommonV3.xsd
	* Author					: Johan Kumps - Peter Van den Bosch
	* Owner					: Crossroad Bank for Social Security (CBSS)
	* Domain					: CBSS Registries Public Services
	* Creation Date			: 31-05-2010
	* Last revision date	: 25-03-2011
	* Description				: This XML schema document contains a set of Common XML  type definition and content model fragments for use in CBSS webservices and batch file schema definitions within the CBSS domain. 
	* Status					: 
	* Current Version		: 3.1
	* Revision History		: 09-03-2011  	String2Type added
	*														LegalContext added
	*														DescriptionType refactored + lenght constraint 50 changed to 100
	*														InformationCustomerType.ticket length constraint 32 changed to 36
	*														LegalContext + IntegrationContext concepts added
	*														RuntimeFaultType refactored to CBSSFaultType
	*														Parameters added to BaseRequestType
	*                                18-10-2011 		removed String100Type 
   *                                         				Added InformationNotificationCBSS/InformationNotified
   *                                         				Increased the max number of occurences of Information in CBSSFaultType from 5 to 15
	*									25-10-2011	Refactored unbounded business errors to 25
	*														Refactored SSINType to SsinType
   *                          09-11-2011 Changed namespace to v3
   *                                         thorough validation leading to modifications: see CBSS common XSD types.doc
   *                           18-01-2011          informationNotified: identification renamed to notifiedIdentification (consistency)
   *                                                          CbeNumberType: changed from 9 or 10 digits, to mandatory 10 digits
  *                                                          added types for euro amounts, enterprise numbers and business unit numbers
 *                                                          Removed status and business anomalies from BaseResponseType, as the request fields should be copied in the same order in the response
*                                20-03-2012        Renamed BaseDescriptionType to DescriptionType, removed old DescriptionType
*                                                        Removed DescriptionStyleParametersType
*                                                        Removed RegisterCharacterSetType
*                                 29-05-2012           Really remove RegisterCharacterSetType
*								  14-11-2013		Added InformationCBSSBatchType
*								  04-09-2014		Added SenderReceiverType
*								  07-01-2015		Added SequenceNumberType
====================================================================================================================================-->
<xsd:schema targetNamespace="http://kszbcss.fgov.be/types/common/v3" elementFormDefault="unqualified" attributeFormDefault="unqualified" version="3.1" xmlns:xsd="http://www.w3.org/2001/XMLSchema" xmlns:tns="http://kszbcss.fgov.be/types/common/v3">
  <!--Request / response meta data-->
  <xsd:simpleType name="SeverityType">
    <xsd:restriction base="xsd:string">
      <xsd:enumeration value="INFORMATION"/>
      <xsd:enumeration value="WARNING"/>
      <xsd:enumeration value="FATAL"/>
    </xsd:restriction>
  </xsd:simpleType>
  <xsd:simpleType name="UUIDType">
    <xsd:restriction base="xsd:string">
      <xsd:pattern value="[\da-fA-F]{8}-[\da-fA-F]{4}-[\da-fA-F]{4}-[\da-fA-F]{4}-[\da-fA-F]{12}"/>
    </xsd:restriction>
  </xsd:simpleType>
  <xsd:simpleType name="TicketType">
    <xsd:restriction base="xsd:string">
      <xsd:maxLength value="36"/>
    </xsd:restriction>
  </xsd:simpleType>
  <xsd:simpleType name="CbeNumberType">
    <xsd:annotation>
      <xsd:documentation>CBE number identifying an enterprise or business unit</xsd:documentation>
    </xsd:annotation>
    <xsd:restriction base="xsd:string">
      <xsd:pattern value="\d{10}"/>
    </xsd:restriction>
  </xsd:simpleType>
  <xsd:simpleType name="EnterpriseNumberType">
    <xsd:annotation>
      <xsd:documentation>CBE enterprise number (starting with 0 or 1)</xsd:documentation>
    </xsd:annotation>
    <xsd:restriction base="xsd:string">
      <xsd:pattern value="[0-1]\d{9}"/>
    </xsd:restriction>
  </xsd:simpleType>
  <xsd:simpleType name="BusinessUnitNumberType">
    <xsd:annotation>
      <xsd:documentation>CBE business unit number (starting with 2-8)</xsd:documentation>
    </xsd:annotation>
    <xsd:restriction base="xsd:string">
      <xsd:pattern value="[2-8]\d{9}"/>
    </xsd:restriction>
  </xsd:simpleType>
  <xsd:simpleType name="SsinType">
    <xsd:restriction base="xsd:string">
      <xsd:pattern value="[0-9][0-9](([0][0-9])|([1][0-2]))(([0-2][0-9])|([3][0-1]))(([0-9]{2}[1-9])|([0-9][1-9][0-9])|([1-9][0-9]{2}))(([0-8][0-9])|([9][0-7]))">
        <xsd:annotation>
          <xsd:documentation xml:lang="FR">Registre National</xsd:documentation>
          <xsd:documentation xml:lang="NL">Rijksregister</xsd:documentation>
        </xsd:annotation>
      </xsd:pattern>
      <xsd:pattern value="[0-9][0-9](([2][0-9])|([3][0-2]))(([0-2][0-9])|([3][0-1]))[0-9]{3}(([0-8][0-9])|([9][0-7]))">
        <xsd:annotation>
          <xsd:documentation xml:lang="FR">Registre Bis : numero Bis</xsd:documentation>
          <xsd:documentation xml:lang="NL">Bis register : Bisnummer</xsd:documentation>
        </xsd:annotation>
      </xsd:pattern>
      <xsd:pattern value="[0-9][0-9](([4][0-9])|([5][0-2]))(([0-2][0-9])|([3][0-1]))[0-9]{3}(([0-8][0-9])|([9][0-7]))">
        <xsd:annotation>
          <xsd:documentation xml:lang="FR">Registre Bis : numero TER</xsd:documentation>
          <xsd:documentation xml:lang="NL">Bisregister : Ternummer</xsd:documentation>
        </xsd:annotation>
      </xsd:pattern>
    </xsd:restriction>
  </xsd:simpleType>
  <xsd:simpleType name="LegalContextType">
    <xsd:restriction base="xsd:string">
      <xsd:maxLength value="64"/>
    </xsd:restriction>
  </xsd:simpleType>
  <xsd:simpleType name="IntegrationContextType">
    <xsd:annotation>
      <xsd:documentation>deprecated type. Use InscriptionContextType instead in new XSDs</xsd:documentation>
    </xsd:annotation>
    <xsd:restriction base="xsd:string">
      <xsd:maxLength value="64"/>
    </xsd:restriction>
  </xsd:simpleType>
  <xsd:simpleType name="InscriptionContextType">
    <xsd:annotation>
      <xsd:documentation>The way in which an organization knows a person (textual equivalent of former numerical quality code)</xsd:documentation>
    </xsd:annotation>
    <xsd:restriction base="xsd:string">
      <xsd:maxLength value="64"/>
    </xsd:restriction>
  </xsd:simpleType>
  <xsd:simpleType name="SequenceNumberType">
    <xsd:restriction base="xsd:long">
      <xsd:minInclusive value="1"/>
      <xsd:totalDigits value="15"/>
    </xsd:restriction>
  </xsd:simpleType>
  <xsd:complexType name="InformationCBSSType">
    <xsd:annotation>
      <xsd:documentation>Information block from CBSS.</xsd:documentation>
    </xsd:annotation>
    <xsd:sequence>
      <xsd:element name="ticketCBSS" type="tns:UUIDType"/>
      <xsd:element name="timestampReceive" type="xsd:dateTime">
        <xsd:annotation>
          <xsd:documentation>Time request was received by CBSS.</xsd:documentation>
        </xsd:annotation>
      </xsd:element>
      <xsd:element name="timestampReply" type="xsd:dateTime">
        <xsd:annotation>
          <xsd:documentation>Time reply was sent by CBSS.</xsd:documentation>
        </xsd:annotation>
      </xsd:element>
    </xsd:sequence>
  </xsd:complexType>
  <xsd:complexType name="InformationCustomerType">
    <xsd:annotation>
      <xsd:documentation>Information block that can be used by the customer for diagnostic use.</xsd:documentation>
    </xsd:annotation>
    <xsd:sequence>
      <xsd:element name="ticket" type="tns:TicketType" minOccurs="0">
        <xsd:annotation>
          <xsd:documentation>Client can assign their own ticket reference for the request. Not mandatory.</xsd:documentation>
        </xsd:annotation>
      </xsd:element>
      <xsd:element name="timestampSent" type="xsd:dateTime" minOccurs="0">
        <xsd:annotation>
          <xsd:documentation>Timestamp when client sent request.</xsd:documentation>
        </xsd:annotation>
      </xsd:element>
      <xsd:element name="customerIdentification" type="tns:OrganizationIdentificationType"/>
    </xsd:sequence>
  </xsd:complexType>
  <xsd:complexType name="InformationSupplierType">
    <xsd:annotation>
      <xsd:documentation>Information block for supplier of a service</xsd:documentation>
    </xsd:annotation>
    <xsd:sequence>
      <xsd:element name="ticket" type="tns:TicketType" minOccurs="0">
        <xsd:annotation>
          <xsd:documentation>UUID generated by Customer or Supplier</xsd:documentation>
        </xsd:annotation>
      </xsd:element>
      <xsd:element name="timestampReceive" type="xsd:dateTime" minOccurs="0">
        <xsd:annotation>
          <xsd:documentation>Time of request</xsd:documentation>
        </xsd:annotation>
      </xsd:element>
      <xsd:element name="timestampReply" type="xsd:dateTime" minOccurs="0">
        <xsd:annotation>
          <xsd:documentation>Time of request</xsd:documentation>
        </xsd:annotation>
      </xsd:element>
      <xsd:element name="supplierIdentification" type="tns:OrganizationIdentificationType"/>
    </xsd:sequence>
  </xsd:complexType>
  <xsd:complexType name="InformationNotificationCBSSType">
    <xsd:annotation>
      <xsd:documentation>Deprecated type. Use SenderReceiverType in new batch XSDs. Information block for CBSS info when CBSS notifies partner</xsd:documentation>
    </xsd:annotation>
    <xsd:sequence>
      <xsd:element name="ticketCBSS" type="tns:UUIDType">
        <xsd:annotation>
          <xsd:documentation>UUID generated by Customer or Supplier</xsd:documentation>
        </xsd:annotation>
      </xsd:element>
      <xsd:element name="timestampSent" type="xsd:dateTime">
        <xsd:annotation>
          <xsd:documentation>Time of request</xsd:documentation>
        </xsd:annotation>
      </xsd:element>
    </xsd:sequence>
  </xsd:complexType>
  <xsd:complexType name="InformationNotifiedType">
    <xsd:annotation>
      <xsd:documentation>Deprecated type. Use SenderReceiverType in new batch XSDs. Information block for partner info when CBSS notifies partner</xsd:documentation>
    </xsd:annotation>
    <xsd:sequence>
      <xsd:element name="ticket" type="tns:TicketType" minOccurs="0"/>
      <xsd:element name="timestampReply" type="xsd:dateTime" minOccurs="0"/>
      <xsd:element name="notifiedIdentification" type="tns:OrganizationIdentificationType"/>
    </xsd:sequence>
  </xsd:complexType>
  <xsd:complexType name="InformationCBSSBatchType">
    <xsd:annotation>
      <xsd:documentation>Deprecated type. Use SenderReceiverType in new batch XSDs</xsd:documentation>
    </xsd:annotation>
    <xsd:sequence>
      <xsd:element name="fileId" type="xsd:unsignedLong"/>
      <xsd:element name="fileCreationTimestamp" type="xsd:dateTime"/>
    </xsd:sequence>
  </xsd:complexType>
  <xsd:complexType name="SenderReceiverType">
    <xsd:annotation>
      <xsd:documentation>Information block containing info about the sender or receiver of a message.</xsd:documentation>
    </xsd:annotation>
    <xsd:sequence>
      <xsd:element name="ticket" type="tns:TicketType" minOccurs="0">
        <xsd:annotation>
          <xsd:documentation>The partner can assign a ticket reference to the message. Not mandatory.</xsd:documentation>
        </xsd:annotation>
      </xsd:element>
      <xsd:element name="timestampSent" type="xsd:dateTime" minOccurs="0">
        <xsd:annotation>
          <xsd:documentation>Timestamp when message was sent.</xsd:documentation>
        </xsd:annotation>
      </xsd:element>
      <xsd:element name="organizationIdentification" type="tns:OrganizationIdentificationType"/>
    </xsd:sequence>
  </xsd:complexType>
  <xsd:complexType name="OrganizationIdentificationType">
    <xsd:choice>
      <xsd:element name="cbeNumber" type="tns:CbeNumberType"/>
      <xsd:sequence>
        <xsd:element name="sector">
          <xsd:simpleType>
            <xsd:restriction base="xsd:unsignedShort">
              <xsd:maxInclusive value="999"/>
            </xsd:restriction>
          </xsd:simpleType>
        </xsd:element>
        <xsd:element name="institution">
          <xsd:simpleType>
            <xsd:restriction base="xsd:unsignedShort">
              <xsd:maxInclusive value="999"/>
            </xsd:restriction>
          </xsd:simpleType>
        </xsd:element>
      </xsd:sequence>
    </xsd:choice>
  </xsd:complexType>
  <xsd:complexType name="OpenPeriodType">
    <xsd:annotation>
      <xsd:documentation>Period containining a begin date and an optional end date.</xsd:documentation>
    </xsd:annotation>
    <xsd:sequence>
      <xsd:element name="beginDate" type="xsd:date"/>
      <xsd:element name="endDate" type="xsd:date" minOccurs="0"/>
    </xsd:sequence>
  </xsd:complexType>
  <xsd:complexType name="PeriodType">
    <xsd:annotation>
      <xsd:documentation>Period containining a begin date and an end date.</xsd:documentation>
    </xsd:annotation>
    <xsd:sequence>
      <xsd:element name="beginDate" type="xsd:date"/>
      <xsd:element name="endDate" type="xsd:date"/>
    </xsd:sequence>
  </xsd:complexType>
  <xsd:simpleType name="IncompleteDateType">
    <xsd:annotation>
      <xsd:documentation>A possibly incomplete date. Format yyyy-mm-dd, yyyy-mm-00 or yyyy-00-00</xsd:documentation>
    </xsd:annotation>
    <xsd:restriction base="xsd:string">
      <xsd:length value="10"/>
      <xsd:whiteSpace value="collapse"/>
      <xsd:pattern value="[0-2][0-9]{3}\-[0-1][0-9]\-[0-3][0-9]"/>
    </xsd:restriction>
  </xsd:simpleType>
  <xsd:simpleType name="DescriptionType">
    <xsd:restriction base="xsd:string">
      <xsd:maxLength value="100"/>
    </xsd:restriction>
  </xsd:simpleType>
  <xsd:simpleType name="LanguageType">
    <xsd:annotation>
      <xsd:documentation>Type specifying the language of a given value</xsd:documentation>
    </xsd:annotation>
    <xsd:restriction base="xsd:string">
      <xsd:enumeration value="NL"/>
      <xsd:enumeration value="FR"/>
      <xsd:enumeration value="DE"/>
    </xsd:restriction>
  </xsd:simpleType>
  <!--Errors and warnings structures-->
  <xsd:group name="BusinessAnomaliesContentFragment">
    <xsd:annotation>
      <xsd:documentation>Structure reporting business errors to the consumer</xsd:documentation>
    </xsd:annotation>
    <xsd:sequence>
      <xsd:element name="businessAnomalies" type="tns:BusinessAnomaliesType" minOccurs="0"/>
    </xsd:sequence>
  </xsd:group>
  <xsd:complexType name="BusinessAnomaliesType">
    <xsd:annotation>
      <xsd:documentation>Type defining the structure of the part of the response containing business Faults</xsd:documentation>
    </xsd:annotation>
    <xsd:sequence>
      <xsd:element name="businessAnomaly" type="tns:BusinessAnomalyType" maxOccurs="25"/>
    </xsd:sequence>
  </xsd:complexType>
  <xsd:complexType name="BusinessAnomalyType">
    <xsd:annotation>
      <xsd:documentation>Type defining the structure of one business Faults</xsd:documentation>
    </xsd:annotation>
    <xsd:sequence>
      <xsd:element name="code" type="xsd:string">
        <xsd:annotation>
          <xsd:documentation>Unique code referring to a description of this Fault</xsd:documentation>
        </xsd:annotation>
      </xsd:element>
      <xsd:element name="severity" type="tns:SeverityType"/>
      <xsd:element name="description">
        <xsd:annotation>
          <xsd:documentation>Some description of this Fault</xsd:documentation>
        </xsd:annotation>
        <xsd:simpleType>
          <xsd:restriction base="xsd:string">
            <xsd:maxLength value="256"/>
          </xsd:restriction>
        </xsd:simpleType>
      </xsd:element>
      <xsd:element name="information" type="tns:InformationType" minOccurs="0" maxOccurs="15"/>
    </xsd:sequence>
  </xsd:complexType>
  <xsd:complexType name="CBSSFaultType">
    <xsd:sequence>
      <xsd:element name="informationCustomer" type="tns:InformationCustomerType" minOccurs="0"/>
      <xsd:element name="informationCBSS" type="tns:InformationCBSSType"/>
      <xsd:element name="detail" type="tns:MessageType" maxOccurs="30"/>
    </xsd:sequence>
  </xsd:complexType>
  <xsd:complexType name="MessageType">
    <xsd:sequence>
      <xsd:element name="severity" type="tns:SeverityType"/>
      <xsd:element name="reasonCode">
        <xsd:simpleType>
          <xsd:restriction base="xsd:string">
            <xsd:maxLength value="16"/>
          </xsd:restriction>
        </xsd:simpleType>
      </xsd:element>
      <xsd:element name="diagnostic">
        <xsd:simpleType>
          <xsd:restriction base="xsd:string">
            <xsd:maxLength value="256"/>
          </xsd:restriction>
        </xsd:simpleType>
      </xsd:element>
      <xsd:element name="authorCode">
        <xsd:simpleType>
          <xsd:restriction base="xsd:string">
            <xsd:maxLength value="64"/>
          </xsd:restriction>
        </xsd:simpleType>
      </xsd:element>
      <xsd:element name="information" type="tns:InformationType" minOccurs="0" maxOccurs="15"/>
    </xsd:sequence>
  </xsd:complexType>
  <xsd:complexType name="InformationType">
    <xsd:sequence>
      <xsd:element name="fieldName">
        <xsd:simpleType>
          <xsd:restriction base="xsd:string">
            <xsd:maxLength value="64"/>
          </xsd:restriction>
        </xsd:simpleType>
      </xsd:element>
      <xsd:element name="fieldValue" minOccurs="0">
        <xsd:simpleType>
          <xsd:restriction base="xsd:string">
            <xsd:maxLength value="256"/>
          </xsd:restriction>
        </xsd:simpleType>
      </xsd:element>
    </xsd:sequence>
  </xsd:complexType>
  <!--Base types for most common request/response format for consultation type operations. Can be used to define request and response types with extension type inheritance. Don't use if it doesn't fit the requirements.-->
  <xsd:complexType name="BaseRequestType" abstract="true">
    <xsd:annotation>
      <xsd:documentation>Type defining the base structure for all service requests</xsd:documentation>
    </xsd:annotation>
    <xsd:sequence>
      <xsd:element name="informationCustomer" type="tns:InformationCustomerType"/>
      <xsd:element name="informationCBSS" type="tns:InformationCBSSType" minOccurs="0"/>
      <xsd:element name="legalContext" type="tns:LegalContextType">
        <xsd:annotation>
          <xsd:documentation>legal context under which the request was made</xsd:documentation>
        </xsd:annotation>
      </xsd:element>
    </xsd:sequence>
  </xsd:complexType>
  <xsd:complexType name="BaseResponseType" abstract="true">
    <xsd:annotation>
      <xsd:documentation>Type defining the base structure for all service responses</xsd:documentation>
    </xsd:annotation>
    <xsd:sequence>
      <xsd:element name="informationCustomer" type="tns:InformationCustomerType"/>
      <xsd:element name="informationCBSS" type="tns:InformationCBSSType"/>
      <xsd:element name="legalContext" type="tns:LegalContextType"/>
    </xsd:sequence>
  </xsd:complexType>
  <!--Commonly used status type for consultation type operations. Define another if it doesn't fit requirements.-->
  <xsd:complexType name="StatusType">
    <xsd:sequence>
      <xsd:element name="value">
        <xsd:annotation>
          <xsd:documentation>global status of the result</xsd:documentation>
        </xsd:annotation>
        <xsd:simpleType>
          <xsd:restriction base="xsd:string">
            <xsd:enumeration value="DATA_FOUND"/>
            <xsd:enumeration value="NO_DATA_FOUND"/>
            <xsd:enumeration value="NO_RESULT"/>
          </xsd:restriction>
        </xsd:simpleType>
      </xsd:element>
      <xsd:element name="code">
        <xsd:annotation>
          <xsd:documentation>the code of the status</xsd:documentation>
        </xsd:annotation>
        <xsd:simpleType>
          <xsd:restriction base="xsd:string">
            <xsd:maxLength value="16"/>
          </xsd:restriction>
        </xsd:simpleType>
      </xsd:element>
      <xsd:element name="description" minOccurs="0">
        <xsd:annotation>
          <xsd:documentation>the description of the status</xsd:documentation>
        </xsd:annotation>
        <xsd:simpleType>
          <xsd:restriction base="xsd:string">
            <xsd:maxLength value="256"/>
          </xsd:restriction>
        </xsd:simpleType>
      </xsd:element>
      <xsd:element name="information" type="tns:InformationType" minOccurs="0" maxOccurs="15"/>
    </xsd:sequence>
  </xsd:complexType>
  <xsd:simpleType name="EuroPositiveAmountType">
    <xsd:restriction base="xsd:decimal">
      <xsd:fractionDigits value="2"/>
      <xsd:maxExclusive value="1000000000000000"/>
    </xsd:restriction>
  </xsd:simpleType>
  <xsd:simpleType name="EuroAmountType">
    <xsd:restriction base="xsd:decimal">
      <xsd:fractionDigits value="2"/>
      <xsd:maxExclusive value="1000000000000000"/>
      <xsd:minExclusive value="-1000000000000000"/>
    </xsd:restriction>
  </xsd:simpleType>
  <xsd:simpleType name="EurocentPositiveAmountType">
    <xsd:restriction base="xsd:unsignedLong">
      <xsd:maxExclusive value="100000000000000000"/>
    </xsd:restriction>
  </xsd:simpleType>
  <xsd:simpleType name="EurocentAmountType">
    <xsd:restriction base="xsd:long">
      <xsd:minExclusive value="-100000000000000000"/>
      <xsd:maxExclusive value="100000000000000000"/>
    </xsd:restriction>
  </xsd:simpleType>
</xsd:schema>]]></con:content><con:type>http://www.w3.org/2001/XMLSchema</con:type></con:part><con:part><con:url>file:/home/stijn/git/Fidus/personservice/PersonServiceRegistry/wsdl/personService/1.0.0/person/legaldata/BaseLegalDataV3.xsd</con:url><con:content><![CDATA[<!--edited with XMLSpy v2008 rel. 2 sp2 (http://www.altova.com) by USER (KSZ-BCSS)-->
<!--====================================================================================================================================
	* File Name				: BaseLegalDataV3.xsd
	* Author					: Johan Kumps
	* Owner					: Crossroad Bank for Social Security (CBSS)
	* Domain					: CBSS Registries Public Services
	* Creation Date			: 31-05-2010
	* Description				: This XML schema document contains a set of XML types and content model fragments used to model legal person data within the CBSS domain. 
	* Status					: 
	* Current Version		: 3.2
	* Revision History		: 09-03-2011  	ForeignAddressContentFragment now contains an optional foreignCityCode element.
    *														ForeignLocationContentFragment now contains an optional foreignCityCode element.
	*														ForeignAddressRequestContentFragment now contains an optional foreignCityCode element.
	*														ForeignLocationRequestContentFragment now contains an optional foreignCityCode element.
	*														AddressContentFragment/number + length 10 constraint
	*														AddressContentFragment/boxNumber + length 10 constraint
	*														CivilStateInfoContentFragment/civilStateCode length constraint 5 changed to 2 (Leading to incompatible change)
	*														NisCodeType + length 5 constraint (Leading to incompatible change)
	*														NobilityTitleContenctFragment added
	*														BirthInfoContentFragment extended with ActContentFragment
	*														ForeignLocationContentFragment added to CivilStateInfoContentFragment
	*														ForeignLocationContentFragment. length constraint 3 changed to 5
	*														foreignCityCode length constraint 10 changed to 5
	*														foreignCityName length constraint 50 changed to 100
	*														Refactored RegisterType to PersonType
	*														Refactored to use common:SSINType
	*														Removed SSINType
	*														GenderCode refactored from String1Type to GenderType
	*														Refactored to use common:IncompleteDateType
	*														Removed IncompleteDateType
	*														FamilyMember information removed
	*									25-10-2011	Refactored PersonType to PersonClassType
	*														Refactored person type to person class element
	*														Refactored firstname to givenName
	*									16-02-2012	New major version
	*									16-03-2012	Added a content fragment for temporary address
	*														Created AddressClassType
	*														DescriptionType in CommonV3 changed, no language anymore: added specific DescriptionType here with optional language
	*														Using CommonV3 DescriptionType for civilstate and nobilitytitle (adding a size constraint of 100)
	*									04-04-2012	Removed class attribute from address types
	*														Added new structure for diplomatic addresses and posts
	*									07-09-2012	Codes in LegalData now possible in three languages
	*												Removed act from BirthInfo 
	*									01-10-2012	gender in request renamed to genderCode
	*														Changed type for inceptionDate elements: now xsd:date
	*									08-11-2012	name/name in request and response renamed to name/lastName
	*									28-01-2013	New minor version 3.1
	*														Added optional diplomaticPostName
	*														Added switch for partnerSsin with new element partnerReference
	*														Added AdministratorContentFragment
	*									08-04-2014	New minor version 3.2:
	*														Added BirthActContentFragment and BirthActTypeCode
	*														Added birthAct to BirthInfoContentFragment
	*														Added LegalCohabitationGroup, SubregisterGroup, AbsenceGroup, FiliationGroup
	*														Added BirthGroup, DeceaseGroup, CivilStateGroup and NationalityGroup for consultation per datagroup
	*									08-10-2014	Added expiration details for LegalCohabitation
	*									08-10-2014	Extracted partner type from Civilstate and also used it in LegalCohabitation
	*									04-02-2015	Created DiplomaticAddressHistoryContentFragment with multiple postaddresses to use in ResidentialAddressHistoryContentFragment
	*									10-02-2015	Created PlainAddressHistoryType to reflect expiry dates for diplomatic addresses and post addresses
====================================================================================================================================-->
<xsd:schema targetNamespace="http://kszbcss.fgov.be/types/legaldata/v3" elementFormDefault="unqualified" attributeFormDefault="unqualified" version="3.3.1" xmlns:common="http://kszbcss.fgov.be/types/common/v3" xmlns:tns="http://kszbcss.fgov.be/types/legaldata/v3" xmlns:xsd="http://www.w3.org/2001/XMLSchema">
  <xsd:import namespace="http://kszbcss.fgov.be/types/common/v3" schemaLocation="../common/CommonV3.xsd"/>
  <!--Response content fragments-->
  <xsd:group name="NameInfoContentFragment">
    <xsd:annotation>
      <xsd:documentation>Model fragment describing the NameInfo part of the person information</xsd:documentation>
    </xsd:annotation>
    <xsd:sequence>
      <xsd:element name="lastName">
        <xsd:simpleType>
          <xsd:restriction base="xsd:string">
            <xsd:minLength value="1"/>
            <xsd:maxLength value="48"/>
          </xsd:restriction>
        </xsd:simpleType>
      </xsd:element>
      <xsd:element name="givenName" type="tns:GivenNameType" minOccurs="0" maxOccurs="3"/>
      <xsd:element name="inceptionDate" type="xsd:date" minOccurs="0"/>
    </xsd:sequence>
  </xsd:group>
  <xsd:group name="NationalityInfoContentFragment">
    <xsd:annotation>
      <xsd:documentation>Model fragment describing the NationalityInfo part of the person information</xsd:documentation>
    </xsd:annotation>
    <xsd:sequence>
      <xsd:element name="nationalityCode">
        <xsd:simpleType>
          <xsd:restriction base="xsd:unsignedShort">
            <xsd:minInclusive value="0"/>
            <xsd:maxInclusive value="999"/>
          </xsd:restriction>
        </xsd:simpleType>
      </xsd:element>
      <xsd:element name="nationalityDescription" type="tns:DescriptionType" minOccurs="0" maxOccurs="3"/>
      <xsd:element name="inceptionDate" type="xsd:date" minOccurs="0"/>
    </xsd:sequence>
  </xsd:group>
  <xsd:group name="BirthInfoContentFragment">
    <xsd:annotation>
      <xsd:documentation>Model fragment describing the BirthInfo part of the person information</xsd:documentation>
    </xsd:annotation>
    <xsd:sequence>
      <xsd:element name="birthDate" type="common:IncompleteDateType"/>
      <xsd:element name="birthPlace" type="tns:LocationType" minOccurs="0"/>
    </xsd:sequence>
  </xsd:group>
  <xsd:group name="DeceaseInfoContentFragment">
    <xsd:annotation>
      <xsd:documentation>Model fragment describing the DeceaseInfo part of the person information</xsd:documentation>
    </xsd:annotation>
    <xsd:sequence>
      <xsd:element name="deceaseDate" type="common:IncompleteDateType"/>
      <xsd:element name="deceasePlace" type="tns:LocationType" minOccurs="0"/>
    </xsd:sequence>
  </xsd:group>
  <xsd:group name="GenderInfoContentFragment">
    <xsd:annotation>
      <xsd:documentation>Model fragment describing the GenderInfo part of the person information</xsd:documentation>
    </xsd:annotation>
    <xsd:sequence>
      <xsd:element name="genderCode" type="tns:GenderCodeType"/>
      <xsd:element name="inceptionDate" type="xsd:date" minOccurs="0"/>
    </xsd:sequence>
  </xsd:group>
  <xsd:group name="CivilStateInfoContentFragment">
    <xsd:annotation>
      <xsd:documentation>Model fragment describing the CivilStateInfo part of the person information</xsd:documentation>
    </xsd:annotation>
    <xsd:sequence>
      <xsd:element name="civilStateCode" type="tns:CivilstateCodeType"/>
      <xsd:element name="civilStateDescription" type="tns:DescriptionType" minOccurs="0" maxOccurs="3"/>
      <xsd:element name="partner" type="tns:PartnerType" minOccurs="0"/>
      <xsd:element name="location" type="tns:LocationType" minOccurs="0">
        <xsd:annotation>
          <xsd:documentation>Place where civil state was registered.</xsd:documentation>
        </xsd:annotation>
      </xsd:element>
      <xsd:element name="inceptionDate" type="xsd:date" minOccurs="0"/>
    </xsd:sequence>
  </xsd:group>
  <xsd:group name="SisOrIsiContentFragment">
    <xsd:annotation>
      <xsd:documentation>Model fragment describing the social identification part of the person information</xsd:documentation>
    </xsd:annotation>
    <xsd:sequence>
      <xsd:element name="hasSocialIdentificationCard" type="xsd:boolean"/>
    </xsd:sequence>
  </xsd:group>
  <!--Request content fragments-->
  <xsd:group name="NameInfoRequestContentFragment">
    <xsd:annotation>
      <xsd:documentation>Model fragment describing the NameInfo part of the person information to be provided by the customer</xsd:documentation>
    </xsd:annotation>
    <xsd:sequence>
      <xsd:element name="lastName">
        <xsd:simpleType>
          <xsd:restriction base="xsd:string">
            <xsd:minLength value="1"/>
            <xsd:maxLength value="48"/>
          </xsd:restriction>
        </xsd:simpleType>
      </xsd:element>
      <xsd:element name="givenName" type="tns:GivenNameType" minOccurs="0" maxOccurs="3"/>
      <xsd:element name="inceptionDate" type="xsd:date"/>
    </xsd:sequence>
  </xsd:group>
  <xsd:group name="NationalityInfoRequestContentFragment">
    <xsd:annotation>
      <xsd:documentation>Model fragment describing the NationalityInfo part of the person information to be provided by the customer</xsd:documentation>
    </xsd:annotation>
    <xsd:sequence>
      <xsd:element name="nationalityCode">
        <xsd:simpleType>
          <xsd:restriction base="xsd:string">
            <xsd:minLength value="1"/>
            <xsd:maxLength value="3"/>
          </xsd:restriction>
        </xsd:simpleType>
      </xsd:element>
      <xsd:element name="inceptionDate" type="xsd:date"/>
      <xsd:element name="expiryDate" type="xsd:date" minOccurs="0"/>
    </xsd:sequence>
  </xsd:group>
  <xsd:group name="BirthInfoRequestContentFragment">
    <xsd:annotation>
      <xsd:documentation>Model fragment describing the BirthInfo part of the person information to be provided by the customer</xsd:documentation>
    </xsd:annotation>
    <xsd:sequence>
      <xsd:element name="birthDate" type="common:IncompleteDateType"/>
      <xsd:element name="birthPlace" type="tns:LocationType" minOccurs="0"/>
    </xsd:sequence>
  </xsd:group>
  <xsd:group name="DeceaseInfoRequestContentFragment">
    <xsd:annotation>
      <xsd:documentation>Model fragment describing the DeceaseInfo part of the person information to be provided by the customer</xsd:documentation>
    </xsd:annotation>
    <xsd:sequence>
      <xsd:element name="deceaseDate" type="common:IncompleteDateType"/>
      <xsd:element name="deceasePlace" type="tns:LocationType" minOccurs="0"/>
    </xsd:sequence>
  </xsd:group>
  <xsd:group name="GenderInfoRequestContentFragment">
    <xsd:annotation>
      <xsd:documentation>Model fragment describing the GenderInfo part of the person information to be provided by the customer</xsd:documentation>
    </xsd:annotation>
    <xsd:sequence>
      <xsd:element name="genderCode" type="tns:GenderCodeType"/>
      <xsd:element name="inceptionDate" type="xsd:date"/>
    </xsd:sequence>
  </xsd:group>
  <xsd:group name="CivilStateInfoRequestContentFragment">
    <xsd:annotation>
      <xsd:documentation>Model fragment describing the CivilStateInfo part of the person information to be provided by the customer</xsd:documentation>
    </xsd:annotation>
    <xsd:sequence>
      <xsd:element name="civilStateCode" type="tns:CivilstateCodeType"/>
      <xsd:element name="partnerSsin" type="common:SsinType" minOccurs="0"/>
      <xsd:element name="location" type="tns:LocationType" minOccurs="0"/>
      <xsd:element name="inceptionDate" type="xsd:date"/>
      <xsd:element name="expiryDate" type="xsd:date" minOccurs="0"/>
    </xsd:sequence>
  </xsd:group>
  <!--General content fragments-->
  <xsd:group name="NobilityTitleContentFragment">
    <xsd:annotation>
      <xsd:documentation>Type describing the nobility title of a person.</xsd:documentation>
    </xsd:annotation>
    <xsd:sequence>
      <xsd:element name="nobilityTitleCode">
        <xsd:simpleType>
          <xsd:restriction base="xsd:string">
            <xsd:minLength value="1"/>
            <xsd:maxLength value="2"/>
          </xsd:restriction>
        </xsd:simpleType>
      </xsd:element>
      <xsd:element name="nobilityTitleDescription" type="tns:DescriptionType" minOccurs="0" maxOccurs="3"/>
    </xsd:sequence>
  </xsd:group>
  <xsd:group name="ResidentialAddressContentFragment">
    <xsd:sequence>
      <xsd:choice>
        <xsd:element name="residentialAddress" type="tns:AddressType">
          <xsd:annotation>
            <xsd:documentation>Element containing all information comprised in the residential address datagroup of the found person</xsd:documentation>
          </xsd:annotation>
        </xsd:element>
        <xsd:group ref="tns:DiplomaticAddressContentFragment"/>
      </xsd:choice>
    </xsd:sequence>
  </xsd:group>
  <xsd:group name="ResidentialAddressHistoryContentFragment">
    <xsd:sequence>
      <xsd:choice>
        <xsd:element name="residentialAddress" type="tns:AddressHistoryType">
          <xsd:annotation>
            <xsd:documentation>Element containing all information comprised in the residential address datagroup of the found person</xsd:documentation>
          </xsd:annotation>
        </xsd:element>
        <xsd:group ref="tns:DiplomaticAddressHistoryContentFragment"/>
      </xsd:choice>
    </xsd:sequence>
  </xsd:group>
  <xsd:group name="AdministratorContentFragment">
    <xsd:annotation>
      <xsd:documentation>Information only available from the NR</xsd:documentation>
    </xsd:annotation>
    <xsd:sequence>
      <xsd:choice>
        <xsd:element name="location" type="tns:LocationType"/>
        <xsd:element name="specialNotion" type="tns:SpecialNotionType"/>
      </xsd:choice>
      <xsd:element name="inceptionDate" type="xsd:date" minOccurs="0"/>
    </xsd:sequence>
  </xsd:group>
  <xsd:group name="DiplomaticAddressContentFragment">
    <xsd:sequence>
      <xsd:element name="diplomaticPost" type="tns:DiplomaticPostType">
        <xsd:annotation>
          <xsd:documentation>Diplomatic post responsible for the diplomatic address.</xsd:documentation>
        </xsd:annotation>
      </xsd:element>
      <xsd:element name="diplomaticAddress" type="tns:PlainAddressType">
        <xsd:annotation>
          <xsd:documentation>Diplomatic address of the found person</xsd:documentation>
        </xsd:annotation>
      </xsd:element>
      <xsd:element name="postAddress" type="tns:PlainAddressType" minOccurs="0">
        <xsd:annotation>
          <xsd:documentation>An optional post address of the found person.</xsd:documentation>
        </xsd:annotation>
      </xsd:element>
    </xsd:sequence>
  </xsd:group>
  <xsd:group name="DiplomaticAddressHistoryContentFragment">
    <xsd:sequence>
      <xsd:element name="diplomaticPost" type="tns:DiplomaticPostType">
        <xsd:annotation>
          <xsd:documentation>Diplomatic post responsible for the diplomatic address.</xsd:documentation>
        </xsd:annotation>
      </xsd:element>
      <xsd:element name="diplomaticAddress" type="tns:PlainAddressHistoryType">
        <xsd:annotation>
          <xsd:documentation>Diplomatic address of the found person</xsd:documentation>
        </xsd:annotation>
      </xsd:element>
      <xsd:element name="postAddress" type="tns:PlainAddressHistoryType" minOccurs="0" maxOccurs="10">
        <xsd:annotation>
          <xsd:documentation>An optional list of post address of the found person.</xsd:documentation>
        </xsd:annotation>
      </xsd:element>
    </xsd:sequence>
  </xsd:group>
  <xsd:group name="TemporaryAddressContentFragment">
    <xsd:sequence>
      <xsd:element name="temporaryAddress" type="tns:PlainAddressType" minOccurs="0"/>
    </xsd:sequence>
  </xsd:group>
  <!--Datagroup content fragments-->
  <xsd:group name="SubregisterGroup">
    <xsd:annotation>
      <xsd:documentation>Information only available from the NR</xsd:documentation>
    </xsd:annotation>
    <xsd:sequence>
      <xsd:element name="subregisterCode" type="tns:NRSubregisterCodeType"/>
      <xsd:element name="subregisterDescription" type="tns:DescriptionType" minOccurs="0" maxOccurs="3"/>
      <xsd:element name="inceptionDate" type="xsd:date" minOccurs="0"/>
    </xsd:sequence>
  </xsd:group>
  <xsd:group name="LegalCohabitationGroup">
    <xsd:annotation>
      <xsd:documentation>Information only available from the NR</xsd:documentation>
    </xsd:annotation>
    <xsd:sequence>
      <xsd:element name="partner" type="tns:PartnerType"/>
      <xsd:element name="registration">
        <xsd:complexType>
          <xsd:sequence>
            <xsd:element name="registrationDate" type="xsd:date"/>
            <xsd:element name="location" type="tns:LocationType">
              <xsd:annotation>
                <xsd:documentation>Place where civil state was registered.</xsd:documentation>
              </xsd:annotation>
            </xsd:element>
            <xsd:element name="registrationBailiff" minOccurs="0">
              <xsd:complexType>
                <xsd:sequence>
                  <xsd:element name="bailiffName">
                    <xsd:simpleType>
                      <xsd:restriction base="xsd:string">
                        <xsd:minLength value="1"/>
                        <xsd:maxLength value="48"/>
                      </xsd:restriction>
                    </xsd:simpleType>
                  </xsd:element>
                  <xsd:element name="location" type="tns:LocationType" minOccurs="0">
                    <xsd:annotation>
                      <xsd:documentation>Place where civil state was registered.</xsd:documentation>
                    </xsd:annotation>
                  </xsd:element>
                </xsd:sequence>
              </xsd:complexType>
            </xsd:element>
          </xsd:sequence>
        </xsd:complexType>
      </xsd:element>
      <xsd:element name="inceptionDate" type="xsd:date" minOccurs="0"/>
    </xsd:sequence>
  </xsd:group>
  <xsd:group name="LegalCohabitationExpirationGroup">
    <xsd:sequence>
      <xsd:element name="expiryDate" type="xsd:date"/>
      <xsd:element name="reasonCode">
        <xsd:simpleType>
          <xsd:restriction base="xsd:unsignedShort">
            <xsd:minInclusive value="0"/>
            <xsd:maxInclusive value="99"/>
          </xsd:restriction>
        </xsd:simpleType>
      </xsd:element>
      <xsd:element name="reasonDescription" type="tns:DescriptionType" minOccurs="0" maxOccurs="3"/>
      <xsd:element name="location" type="tns:LocationType"/>
      <xsd:element name="notificationDate" type="xsd:date" minOccurs="0"/>
    </xsd:sequence>
  </xsd:group>
  <xsd:group name="FiliationGroup">
    <xsd:annotation>
      <xsd:documentation>Information only available from the NR</xsd:documentation>
    </xsd:annotation>
    <xsd:sequence>
      <xsd:element name="filiationCode" type="tns:FiliationCodeType"/>
      <xsd:element name="filiationDescription" type="common:DescriptionType" minOccurs="0"/>
      <xsd:element name="parent" minOccurs="0" maxOccurs="2">
        <xsd:complexType>
          <xsd:complexContent>
            <xsd:extension base="tns:ParentType">
              <xsd:attribute name="sequence" use="required">
                <xsd:simpleType>
                  <xsd:restriction base="xsd:unsignedShort">
                    <xsd:maxInclusive value="3"/>
                  </xsd:restriction>
                </xsd:simpleType>
              </xsd:attribute>
            </xsd:extension>
          </xsd:complexContent>
        </xsd:complexType>
      </xsd:element>
      <xsd:element name="actNumber" minOccurs="0">
        <xsd:simpleType>
          <xsd:restriction base="xsd:string">
            <xsd:minLength value="1"/>
            <xsd:maxLength value="48"/>
          </xsd:restriction>
        </xsd:simpleType>
      </xsd:element>
      <xsd:element name="location" type="tns:LocationType" minOccurs="0"/>
      <xsd:element name="inceptionDate" type="xsd:date" minOccurs="0"/>
    </xsd:sequence>
  </xsd:group>
  <xsd:group name="AbsenceGroup">
    <xsd:annotation>
      <xsd:documentation>Information only available from the NR</xsd:documentation>
    </xsd:annotation>
    <xsd:sequence>
      <xsd:element name="absenceCode" type="tns:AbsenceCodeType"/>
      <xsd:element name="inceptionDate" type="xsd:date" minOccurs="0"/>
    </xsd:sequence>
  </xsd:group>
  <xsd:group name="BirthGroup">
    <xsd:annotation>
      <xsd:documentation>Model fragment describing the BirthInfo information as a separate entity</xsd:documentation>
    </xsd:annotation>
    <xsd:sequence>
      <xsd:element name="birthDate" type="common:IncompleteDateType"/>
      <xsd:element name="birthPlace" type="tns:LocationType" minOccurs="0"/>
      <xsd:element name="actType" type="tns:ActType" minOccurs="0"/>
    </xsd:sequence>
  </xsd:group>
  <xsd:group name="DeceaseGroup">
    <xsd:annotation>
      <xsd:documentation>Model describing the DeceaseInfo information as a separate entity</xsd:documentation>
    </xsd:annotation>
    <xsd:sequence>
      <xsd:element name="deceaseDate" type="common:IncompleteDateType"/>
      <xsd:element name="deceasePlace" type="tns:LocationType" minOccurs="0"/>
      <xsd:element name="actType" type="tns:ActType" minOccurs="0"/>
    </xsd:sequence>
  </xsd:group>
  <xsd:group name="CivilStateGroup">
    <xsd:annotation>
      <xsd:documentation>Model describing the CivilState information as a separate entity</xsd:documentation>
    </xsd:annotation>
    <xsd:sequence>
      <xsd:element name="civilStateCode" type="tns:CivilstateCodeType"/>
      <xsd:element name="civilStateDescription" type="tns:DescriptionType" minOccurs="0" maxOccurs="3"/>
      <xsd:element name="partner" minOccurs="0">
        <xsd:complexType>
          <xsd:sequence>
            <xsd:choice minOccurs="0">
              <xsd:element name="partnerSsin" type="common:SsinType"/>
              <xsd:element name="partnerReference">
                <xsd:simpleType>
                  <xsd:restriction base="xsd:string">
                    <xsd:maxLength value="11"/>
                    <xsd:minLength value="1"/>
                  </xsd:restriction>
                </xsd:simpleType>
              </xsd:element>
            </xsd:choice>
            <xsd:element name="partnerBirthDate" type="common:IncompleteDateType" minOccurs="0"/>
            <xsd:element name="partnerName" minOccurs="0">
              <xsd:complexType>
                <xsd:sequence>
                  <xsd:group ref="tns:NameInfoContentFragment"/>
                </xsd:sequence>
              </xsd:complexType>
            </xsd:element>
          </xsd:sequence>
        </xsd:complexType>
      </xsd:element>
      <xsd:element name="location" type="tns:LocationType" minOccurs="0">
        <xsd:annotation>
          <xsd:documentation>Place where civil state was registered.</xsd:documentation>
        </xsd:annotation>
      </xsd:element>
      <xsd:element name="actNumber" minOccurs="0">
        <xsd:simpleType>
          <xsd:restriction base="xsd:string">
            <xsd:maxLength value="100"/>
          </xsd:restriction>
        </xsd:simpleType>
      </xsd:element>
      <xsd:element name="inceptionDate" type="xsd:date" minOccurs="0"/>
    </xsd:sequence>
  </xsd:group>
  <xsd:group name="NationalityGroup">
    <xsd:annotation>
      <xsd:documentation>Model describing the NationalityInfo as a separate entity</xsd:documentation>
    </xsd:annotation>
    <xsd:sequence>
      <xsd:element name="nationalityCode">
        <xsd:simpleType>
          <xsd:restriction base="xsd:unsignedShort">
            <xsd:minInclusive value="0"/>
            <xsd:maxInclusive value="999"/>
          </xsd:restriction>
        </xsd:simpleType>
      </xsd:element>
      <xsd:element name="nationalityDescription" type="tns:DescriptionType" minOccurs="0" maxOccurs="3"/>
      <xsd:element name="justification" minOccurs="0">
        <xsd:complexType>
          <xsd:sequence>
            <xsd:element name="justificationCode">
              <xsd:simpleType>
                <xsd:restriction base="xsd:unsignedShort">
                  <xsd:minInclusive value="0"/>
                  <xsd:maxInclusive value="999"/>
                </xsd:restriction>
              </xsd:simpleType>
            </xsd:element>
            <xsd:element name="justificationDescription" type="tns:DescriptionType" minOccurs="0" maxOccurs="3"/>
          </xsd:sequence>
        </xsd:complexType>
      </xsd:element>
      <xsd:element name="inceptionDate" type="xsd:date" minOccurs="0"/>
    </xsd:sequence>
  </xsd:group>
  <!--Types-->
  <xsd:simpleType name="GenderCodeType">
    <xsd:restriction base="xsd:string">
      <xsd:enumeration value="M"/>
      <xsd:enumeration value="F"/>
    </xsd:restriction>
  </xsd:simpleType>
  <xsd:simpleType name="CivilstateCodeType">
    <xsd:restriction base="xsd:unsignedShort">
      <xsd:minInclusive value="0"/>
      <xsd:maxInclusive value="99"/>
    </xsd:restriction>
  </xsd:simpleType>
  <xsd:simpleType name="PersonRegisterType">
    <xsd:annotation>
      <xsd:documentation>Type specifying the register which is the authentic source of the legal data of a person.</xsd:documentation>
    </xsd:annotation>
    <xsd:restriction base="xsd:string">
      <xsd:enumeration value="RR"/>
      <xsd:enumeration value="BIS"/>
      <xsd:enumeration value="RAD"/>
    </xsd:restriction>
  </xsd:simpleType>
  <xsd:simpleType name="NRSubregisterCodeType">
    <xsd:annotation>
      <xsd:documentation>Code specifying the subregister of the National Registry in which the person can be found</xsd:documentation>
    </xsd:annotation>
    <xsd:restriction base="xsd:unsignedShort">
      <xsd:minInclusive value="0"/>
      <xsd:maxInclusive value="99"/>
    </xsd:restriction>
  </xsd:simpleType>
  <xsd:simpleType name="SourceType">
    <xsd:annotation>
      <xsd:documentation>Type specifying the register which is the authentic source of the legal data of a person.</xsd:documentation>
    </xsd:annotation>
    <xsd:restriction base="xsd:string">
      <xsd:enumeration value="NR"/>
      <xsd:enumeration value="CBSS"/>
      <xsd:enumeration value="BOTH"/>
    </xsd:restriction>
  </xsd:simpleType>
  <xsd:simpleType name="ActCodeType">
    <xsd:restriction base="xsd:unsignedShort">
      <xsd:minInclusive value="0"/>
      <xsd:maxInclusive value="99"/>
    </xsd:restriction>
  </xsd:simpleType>
  <xsd:simpleType name="FiliationCodeType">
    <xsd:restriction base="xsd:unsignedShort">
      <xsd:minInclusive value="0"/>
      <xsd:maxInclusive value="99"/>
    </xsd:restriction>
  </xsd:simpleType>
  <xsd:simpleType name="GivenNameValueType">
    <xsd:restriction base="xsd:string">
      <xsd:minLength value="1"/>
      <xsd:maxLength value="48"/>
    </xsd:restriction>
  </xsd:simpleType>
  <xsd:complexType name="GivenNameType">
    <xsd:simpleContent>
      <xsd:extension base="tns:GivenNameValueType">
        <xsd:attribute name="sequence" use="required">
          <xsd:simpleType>
            <xsd:restriction base="xsd:unsignedShort">
              <xsd:maxInclusive value="3"/>
            </xsd:restriction>
          </xsd:simpleType>
        </xsd:attribute>
      </xsd:extension>
    </xsd:simpleContent>
  </xsd:complexType>
  <xsd:complexType name="PartnerType">
    <xsd:sequence>
      <xsd:choice minOccurs="0">
        <xsd:element name="partnerSsin" type="common:SsinType"/>
        <xsd:element name="partnerReference">
          <xsd:simpleType>
            <xsd:restriction base="xsd:string">
              <xsd:maxLength value="11"/>
              <xsd:minLength value="1"/>
            </xsd:restriction>
          </xsd:simpleType>
        </xsd:element>
      </xsd:choice>
      <xsd:element name="partnerBirthDate" type="common:IncompleteDateType" minOccurs="0"/>
      <xsd:element name="partnerName" minOccurs="0">
        <xsd:complexType>
          <xsd:sequence>
            <xsd:group ref="tns:NameInfoContentFragment"/>
          </xsd:sequence>
        </xsd:complexType>
      </xsd:element>
    </xsd:sequence>
  </xsd:complexType>
  <xsd:complexType name="ParentType">
    <xsd:sequence>
      <xsd:choice minOccurs="0">
        <xsd:element name="parentSsin" type="common:SsinType"/>
        <xsd:element name="parentReference">
          <xsd:simpleType>
            <xsd:restriction base="xsd:string">
              <xsd:maxLength value="11"/>
              <xsd:minLength value="1"/>
            </xsd:restriction>
          </xsd:simpleType>
        </xsd:element>
      </xsd:choice>
      <xsd:element name="parentBirthDate" type="common:IncompleteDateType" minOccurs="0"/>
      <xsd:element name="parentGender" type="tns:GenderCodeType" minOccurs="0"/>
      <xsd:element name="parentName" minOccurs="0">
        <xsd:complexType>
          <xsd:sequence>
            <xsd:group ref="tns:NameInfoContentFragment"/>
          </xsd:sequence>
        </xsd:complexType>
      </xsd:element>
    </xsd:sequence>
  </xsd:complexType>
  <xsd:complexType name="LocationType">
    <xsd:annotation>
      <xsd:documentation>Type describing a Belgian location (BelgianMunicipality). Can be used as a birthplace or decease place.</xsd:documentation>
    </xsd:annotation>
    <xsd:sequence>
      <xsd:element name="countryCode" type="tns:CountryCodeType"/>
      <xsd:element name="countryName" type="tns:DescriptionType" minOccurs="0" maxOccurs="3"/>
      <xsd:element name="cityCode" minOccurs="0">
        <xsd:simpleType>
          <xsd:restriction base="xsd:string">
            <xsd:minLength value="1"/>
            <xsd:maxLength value="5"/>
          </xsd:restriction>
        </xsd:simpleType>
      </xsd:element>
      <xsd:element name="cityName" type="tns:DescriptionType" minOccurs="0" maxOccurs="3"/>
    </xsd:sequence>
  </xsd:complexType>
  <xsd:complexType name="ActType">
    <xsd:sequence>
      <xsd:element name="actTypeCode" type="tns:ActCodeType"/>
      <xsd:element name="actTypeDescription" type="tns:DescriptionType" minOccurs="0" maxOccurs="3"/>
    </xsd:sequence>
  </xsd:complexType>
  <xsd:complexType name="SpecialNotionType">
    <xsd:annotation>
      <xsd:documentation>Container for special NIS codes occurring in the information type 001</xsd:documentation>
    </xsd:annotation>
    <xsd:sequence>
      <xsd:element name="specialNotionCode">
        <xsd:simpleType>
          <xsd:restriction base="xsd:string">
            <xsd:minLength value="1"/>
            <xsd:maxLength value="5"/>
          </xsd:restriction>
        </xsd:simpleType>
      </xsd:element>
      <xsd:element name="specialNotionName" type="tns:DescriptionType" minOccurs="0" maxOccurs="3"/>
    </xsd:sequence>
  </xsd:complexType>
  <xsd:simpleType name="PostalCodeType">
    <xsd:restriction base="xsd:string">
      <xsd:minLength value="1"/>
      <xsd:maxLength value="15"/>
    </xsd:restriction>
  </xsd:simpleType>
  <xsd:simpleType name="StreetCodeType">
    <xsd:restriction base="xsd:string">
      <xsd:minLength value="1"/>
      <xsd:maxLength value="4"/>
    </xsd:restriction>
  </xsd:simpleType>
  <xsd:simpleType name="HouseNumberType">
    <xsd:restriction base="xsd:string">
      <xsd:minLength value="1"/>
      <xsd:maxLength value="10"/>
    </xsd:restriction>
  </xsd:simpleType>
  <xsd:simpleType name="HouseIndexType">
    <xsd:restriction base="xsd:string">
      <xsd:minLength value="1"/>
      <xsd:maxLength value="4"/>
    </xsd:restriction>
  </xsd:simpleType>
  <xsd:simpleType name="BoxNumberType">
    <xsd:restriction base="xsd:string">
      <xsd:minLength value="1"/>
      <xsd:maxLength value="10"/>
    </xsd:restriction>
  </xsd:simpleType>
  <xsd:complexType name="PlainAddressType">
    <xsd:sequence>
      <xsd:element name="countryCode" type="tns:CountryCodeType">
        <xsd:annotation>
          <xsd:documentation>the country of this address</xsd:documentation>
        </xsd:annotation>
      </xsd:element>
      <xsd:element name="countryName" type="tns:DescriptionType" minOccurs="0" maxOccurs="3"/>
      <xsd:element name="address" minOccurs="0">
        <xsd:annotation>
          <xsd:documentation>the actual address, in unformatted form</xsd:documentation>
        </xsd:annotation>
        <xsd:simpleType>
          <xsd:restriction base="xsd:string">
            <xsd:minLength value="1"/>
            <xsd:maxLength value="100"/>
          </xsd:restriction>
        </xsd:simpleType>
      </xsd:element>
      <xsd:element name="inceptionDate" type="xsd:date" minOccurs="0"/>
    </xsd:sequence>
  </xsd:complexType>
  <xsd:complexType name="PlainAddressHistoryType">
    <xsd:complexContent>
      <xsd:extension base="tns:PlainAddressType">
        <xsd:sequence>
          <xsd:element name="expiryDate" type="xsd:date" minOccurs="0"/>
        </xsd:sequence>
      </xsd:extension>
    </xsd:complexContent>
  </xsd:complexType>
  <xsd:complexType name="AddressType">
    <xsd:sequence>
      <xsd:element name="countryCode" type="tns:CountryCodeType"/>
      <xsd:element name="countryName" type="tns:DescriptionType" minOccurs="0" maxOccurs="3"/>
      <xsd:element name="cityCode" type="tns:CityCodeType" minOccurs="0"/>
      <xsd:element name="cityName" type="tns:DescriptionType" minOccurs="0" maxOccurs="3"/>
      <xsd:element name="postalCode" type="tns:PostalCodeType" minOccurs="0"/>
      <xsd:element name="streetCode" type="tns:StreetCodeType" minOccurs="0"/>
      <xsd:element name="streetName" type="tns:DescriptionType" minOccurs="0" maxOccurs="3"/>
      <xsd:element name="houseNumber" type="tns:HouseNumberType" minOccurs="0"/>
      <xsd:element name="boxNumber" type="tns:BoxNumberType" minOccurs="0"/>
      <xsd:element name="inceptionDate" type="xsd:date" minOccurs="0"/>
    </xsd:sequence>
  </xsd:complexType>
  <xsd:complexType name="AddressHistoryType">
    <xsd:complexContent>
      <xsd:extension base="tns:AddressType">
        <xsd:sequence>
          <xsd:element name="expiryDate" type="xsd:date" minOccurs="0"/>
        </xsd:sequence>
      </xsd:extension>
    </xsd:complexContent>
  </xsd:complexType>
  <xsd:complexType name="DiplomaticPostType">
    <xsd:sequence>
      <xsd:element name="countryCode" type="tns:CountryCodeType">
        <xsd:annotation>
          <xsd:documentation>Country code of the diplomatic post.</xsd:documentation>
        </xsd:annotation>
      </xsd:element>
      <xsd:element name="countryName" type="tns:DescriptionType" minOccurs="0" maxOccurs="3"/>
      <xsd:element name="diplomaticPostCode" type="tns:DiplomaticPostCodeType">
        <xsd:annotation>
          <xsd:documentation>The official code of the diplomatic post.</xsd:documentation>
        </xsd:annotation>
      </xsd:element>
      <xsd:element name="diplomaticPostName" type="tns:DescriptionType" minOccurs="0" maxOccurs="3"/>
    </xsd:sequence>
  </xsd:complexType>
  <xsd:simpleType name="CountryCodeType">
    <xsd:restriction base="xsd:unsignedShort">
      <xsd:minInclusive value="0"/>
      <xsd:maxInclusive value="999"/>
    </xsd:restriction>
  </xsd:simpleType>
  <xsd:simpleType name="CityCodeType">
    <xsd:annotation>
      <xsd:documentation>For Belgian locations this is the "NISCode", for foreign locations the cityCode</xsd:documentation>
    </xsd:annotation>
    <xsd:restriction base="xsd:string">
      <xsd:minLength value="1"/>
      <xsd:maxLength value="5"/>
    </xsd:restriction>
  </xsd:simpleType>
  <xsd:complexType name="DescriptionType">
    <xsd:annotation>
      <xsd:documentation>Type specifying how a value that can exist in several languages will be modelled</xsd:documentation>
    </xsd:annotation>
    <xsd:simpleContent>
      <xsd:extension base="common:DescriptionType">
        <xsd:attribute name="language" type="common:LanguageType" use="optional"/>
      </xsd:extension>
    </xsd:simpleContent>
  </xsd:complexType>
  <xsd:simpleType name="DiplomaticPostCodeType">
    <xsd:restriction base="xsd:unsignedShort">
      <xsd:minInclusive value="0"/>
      <xsd:maxInclusive value="9999"/>
    </xsd:restriction>
  </xsd:simpleType>
  <xsd:simpleType name="AbsenceCodeType">
    <xsd:restriction base="xsd:unsignedShort">
      <xsd:minInclusive value="0"/>
      <xsd:maxInclusive value="99"/>
    </xsd:restriction>
  </xsd:simpleType>
  <xsd:simpleType name="DatagroupStatusType">
    <xsd:annotation>
      <xsd:documentation>Type defining possible statuses of a datagroup occurrence</xsd:documentation>
    </xsd:annotation>
    <xsd:restriction base="xsd:string">
      <xsd:enumeration value="DATA_FOUND"/>
      <xsd:enumeration value="NO_DATA_FOUND"/>
      <xsd:enumeration value="NOT_SUPPORTED"/>
    </xsd:restriction>
  </xsd:simpleType>
</xsd:schema>]]></con:content><con:type>http://www.w3.org/2001/XMLSchema</con:type></con:part><con:part><con:url>file:/home/stijn/git/Fidus/personservice/PersonServiceRegistry/wsdl/personService/1.0.0/person/legaldata/person/PersonLegalDataV3.xsd</con:url><con:content><![CDATA[<!--edited with XMLSpy v2008 rel. 2 sp2 (http://www.altova.com) by USER (KSZ-BCSS)-->
<!--====================================================================================================================================
	* File Name				: PersonLegalDataV3.xsd
	* Author					: Johan Kumps
	* Owner					: Crossroad Bank for Social Security (CBSS)
	* Domain					: CBSS Registries Public Services
	* Creation Date			: 31-05-2010
	* Last revision date	: 16-03-2012
	* Description				: This XML schema document contains a set of XML types and content model fragments used to model legal person data within the CBSS domain. 
	* Status					: 
	* Current Version		: 3.0
	* Revision History		: 09-03-2011  	NobilityTitleContentFragment added
	*														FamilyMembers datagroup removed
	*														PaymentAddress information removed
	*									25-10-2011	Refactored SSIN to camel case
	*														Refactored PersonType to PersonClassType
	*														Refactored person type to person class element
	*														Refactored unbounded NationalityInfo to 20
	*														Refactored unbounded CivilStateInfo to 20
	*									16-02-2012	New major version
	*									16-03-2012	Renamed residentialAddress to address
	*														Readded temporaryAddress
	*														CommonV3 BaseDescriptionType was renamed to DescriptionType
	*									07-09-2012	Removed subregister
	*									31-01-2013	added administrator
	*
====================================================================================================================================-->
<xsd:schema targetNamespace="http://kszbcss.fgov.be/types/legaldata/person/v3" elementFormDefault="unqualified" attributeFormDefault="unqualified" version="3.0" xmlns:common="http://kszbcss.fgov.be/types/common/v3" xmlns:base="http://kszbcss.fgov.be/types/legaldata/v3" xmlns:xsd="http://www.w3.org/2001/XMLSchema" xmlns:tns="http://kszbcss.fgov.be/types/legaldata/person/v3">
  <xsd:import namespace="http://kszbcss.fgov.be/types/common/v3" schemaLocation="../../common/CommonV3.xsd"/>
  <xsd:import namespace="http://kszbcss.fgov.be/types/legaldata/v3" schemaLocation="../BaseLegalDataV3.xsd"/>
  <xsd:complexType name="PersonResponseType">
    <xsd:annotation>
      <xsd:documentation>Type encapsulating all legaldata of a person specific for the PersonService</xsd:documentation>
    </xsd:annotation>
    <xsd:sequence>
      <xsd:element name="ssin" type="common:SsinType">
        <xsd:annotation>
          <xsd:documentation>The NR, BIS or RAD number of the found person (can be different from the ssin comprised in the request in case this ssin was replaced).</xsd:documentation>
        </xsd:annotation>
      </xsd:element>
      <xsd:group ref="tns:PersonLegalDataContentFragment" minOccurs="0"/>
    </xsd:sequence>
    <xsd:attribute name="register" type="base:PersonRegisterType">
      <xsd:annotation>
        <xsd:documentation>Element identifying the register which is the authentic source of the legal data of this person. Will always be present if PersonLegalDataContentFragment is present.</xsd:documentation>
      </xsd:annotation>
    </xsd:attribute>
  </xsd:complexType>
  <xsd:group name="PersonLegalDataContentFragment">
    <xsd:annotation>
      <xsd:documentation>Will not be returned if there was a problem fetching detailed information for the SSIN</xsd:documentation>
    </xsd:annotation>
    <xsd:sequence>
      <xsd:element name="nobilityTitle" minOccurs="0">
        <xsd:complexType>
          <xsd:sequence>
            <xsd:group ref="base:NobilityTitleContentFragment"/>
          </xsd:sequence>
        </xsd:complexType>
      </xsd:element>
      <xsd:element name="name">
        <xsd:annotation>
          <xsd:documentation>Element containing all information comprised in the name datagroup of the found person</xsd:documentation>
        </xsd:annotation>
        <xsd:complexType>
          <xsd:sequence>
            <xsd:group ref="base:NameInfoContentFragment"/>
          </xsd:sequence>
        </xsd:complexType>
      </xsd:element>
      <xsd:element name="nationalities" minOccurs="0">
        <xsd:complexType>
          <xsd:sequence>
            <xsd:element name="nationality" maxOccurs="20">
              <xsd:annotation>
                <xsd:documentation>Element containing all information comprised in the nationality datagroup of the found person</xsd:documentation>
              </xsd:annotation>
              <xsd:complexType>
                <xsd:sequence>
                  <xsd:group ref="base:NationalityInfoContentFragment"/>
                </xsd:sequence>
              </xsd:complexType>
            </xsd:element>
          </xsd:sequence>
        </xsd:complexType>
      </xsd:element>
      <xsd:element name="birth" minOccurs="0">
        <xsd:annotation>
          <xsd:documentation>Element containing all information comprised in the birth datagroup of the found person</xsd:documentation>
        </xsd:annotation>
        <xsd:complexType>
          <xsd:sequence>
            <xsd:group ref="base:BirthInfoContentFragment"/>
          </xsd:sequence>
        </xsd:complexType>
      </xsd:element>
      <xsd:element name="decease" minOccurs="0">
        <xsd:annotation>
          <xsd:documentation>Element containing all information comprised in the decease datagroup of the found person</xsd:documentation>
        </xsd:annotation>
        <xsd:complexType>
          <xsd:sequence>
            <xsd:group ref="base:DeceaseInfoContentFragment"/>
          </xsd:sequence>
        </xsd:complexType>
      </xsd:element>
      <xsd:element name="gender" minOccurs="0">
        <xsd:annotation>
          <xsd:documentation>Element containing all information comprised in the gender datagroup of the found person</xsd:documentation>
        </xsd:annotation>
        <xsd:complexType>
          <xsd:sequence>
            <xsd:group ref="base:GenderInfoContentFragment"/>
          </xsd:sequence>
        </xsd:complexType>
      </xsd:element>
      <xsd:element name="civilStates" minOccurs="0">
        <xsd:complexType>
          <xsd:sequence>
            <xsd:element name="civilState" maxOccurs="20">
              <xsd:annotation>
                <xsd:documentation>Element containing all information comprised in the civilstate datagroup of the found person</xsd:documentation>
              </xsd:annotation>
              <xsd:complexType>
                <xsd:group ref="base:CivilStateInfoContentFragment"/>
              </xsd:complexType>
            </xsd:element>
          </xsd:sequence>
        </xsd:complexType>
      </xsd:element>
      <xsd:element name="address" minOccurs="0">
        <xsd:complexType>
          <xsd:sequence>
            <xsd:group ref="base:ResidentialAddressContentFragment"/>
            <xsd:group ref="base:TemporaryAddressContentFragment"/>
          </xsd:sequence>
        </xsd:complexType>
      </xsd:element>
      <xsd:element name="administrator" minOccurs="0">
        <xsd:complexType>
          <xsd:sequence>
            <xsd:group ref="base:AdministratorContentFragment"/>
          </xsd:sequence>
        </xsd:complexType>
      </xsd:element>
    </xsd:sequence>
  </xsd:group>
</xsd:schema>]]></con:content><con:type>http://www.w3.org/2001/XMLSchema</con:type></con:part><con:part><con:url>file:/home/stijn/git/Fidus/personservice/PersonServiceRegistry/wsdl/personService/1.0.0/person/legaldata/person/PersonIssLegalDataV3.xsd</con:url><con:content><![CDATA[<!--edited with XMLSpy v2008 rel. 2 sp2 (http://www.altova.com) by USER (KSZ-BCSS)-->
<!--====================================================================================================================================
	* File Name				: PersonIssLegalDatav3.xsd
	* Author					: Jonas De Meulenaere
	* Owner					: Crossroad Bank for Social Security (CBSS)
	* Domain					: CBSS Registries Public Services
	* Creation Date			: 04-04-2014
	* Description				: This XML schema document contains a set of XML types and content model fragments used to model legal person data within the CBSS domain. 
	* Status					: 
	* Current Version		: 3.0
	* Revision History		: 04-04-2014		Create PersonIssServiceV3 based on PersonServiceV3
	*
====================================================================================================================================-->
<xsd:schema targetNamespace="http://kszbcss.fgov.be/types/legaldata/personiss/v3" elementFormDefault="unqualified" attributeFormDefault="unqualified" version="3.0beta1" xmlns:common="http://kszbcss.fgov.be/types/common/v3" xmlns:base="http://kszbcss.fgov.be/types/legaldata/v3" xmlns:xsd="http://www.w3.org/2001/XMLSchema" xmlns:tns="http://kszbcss.fgov.be/types/legaldata/personiss/v3">
  <xsd:import namespace="http://kszbcss.fgov.be/types/common/v3" schemaLocation="../../common/CommonV3.xsd"/>
  <xsd:import namespace="http://kszbcss.fgov.be/types/legaldata/v3" schemaLocation="../BaseLegalDataV3.xsd"/>
  <xsd:complexType name="PersonResponseType">
    <xsd:annotation>
      <xsd:documentation>Type encapsulating all legaldata of a person specific for the PersonService</xsd:documentation>
    </xsd:annotation>
    <xsd:sequence>
      <xsd:element name="ssin" type="common:SsinType">
        <xsd:annotation>
          <xsd:documentation>The NR, BIS or RAD number of the found person (can be different from the ssin comprised in the request in case this ssin was replaced).</xsd:documentation>
        </xsd:annotation>
      </xsd:element>
      <xsd:group ref="tns:PersonLegalDataContentFragment" minOccurs="0">
        <xsd:annotation>
          <xsd:documentation>Will not be returned if there was a problem fetching detailed information for the SSIN</xsd:documentation>
        </xsd:annotation>
      </xsd:group>
    </xsd:sequence>
    <xsd:attribute name="register" type="base:PersonRegisterType">
      <xsd:annotation>
        <xsd:documentation>Element identifying the register which is the authentic source of the legal data of this person. Will always be present if PersonLegalDataContentFragment is present.</xsd:documentation>
      </xsd:annotation>
    </xsd:attribute>
    <xsd:attribute name="registerInceptionDate" type="xsd:date">
      <xsd:annotation>
        <xsd:documentation>Date the person last entered the CBSS registries. Only present for BIS (creation date) and RAD (last RAD-in date) numbers</xsd:documentation>
      </xsd:annotation>
    </xsd:attribute>
  </xsd:complexType>
  <xsd:group name="PersonLegalDataContentFragment">
    <xsd:annotation>
      <xsd:documentation>Will not be returned if there was a problem fetching detailed information for the SSIN</xsd:documentation>
    </xsd:annotation>
    <xsd:sequence>
      <xsd:element name="nobilityTitle" minOccurs="0">
        <xsd:complexType>
          <xsd:sequence>
            <xsd:group ref="base:NobilityTitleContentFragment"/>
          </xsd:sequence>
        </xsd:complexType>
      </xsd:element>
      <xsd:element name="name">
        <xsd:annotation>
          <xsd:documentation>Element containing all information comprised in the name datagroup of the found person</xsd:documentation>
        </xsd:annotation>
        <xsd:complexType>
          <xsd:sequence>
            <xsd:group ref="base:NameInfoContentFragment"/>
          </xsd:sequence>
        </xsd:complexType>
      </xsd:element>
      <xsd:element name="nationalities" minOccurs="0">
        <xsd:complexType>
          <xsd:sequence>
            <xsd:element name="nationality" maxOccurs="20">
              <xsd:annotation>
                <xsd:documentation>Element containing all information comprised in the nationality datagroup of the found person</xsd:documentation>
              </xsd:annotation>
              <xsd:complexType>
                <xsd:sequence>
                  <xsd:group ref="base:NationalityInfoContentFragment"/>
                </xsd:sequence>
              </xsd:complexType>
            </xsd:element>
          </xsd:sequence>
        </xsd:complexType>
      </xsd:element>
      <xsd:element name="birth" minOccurs="0">
        <xsd:annotation>
          <xsd:documentation>Element containing all information comprised in the birth datagroup of the found person</xsd:documentation>
        </xsd:annotation>
        <xsd:complexType>
          <xsd:sequence>
            <xsd:group ref="base:BirthGroup"/>
          </xsd:sequence>
        </xsd:complexType>
      </xsd:element>
      <xsd:element name="decease" minOccurs="0">
        <xsd:annotation>
          <xsd:documentation>Element containing all information comprised in the decease datagroup of the found person</xsd:documentation>
        </xsd:annotation>
        <xsd:complexType>
          <xsd:sequence>
            <xsd:group ref="base:DeceaseInfoContentFragment"/>
          </xsd:sequence>
        </xsd:complexType>
      </xsd:element>
      <xsd:element name="gender" minOccurs="0">
        <xsd:annotation>
          <xsd:documentation>Element containing all information comprised in the gender datagroup of the found person</xsd:documentation>
        </xsd:annotation>
        <xsd:complexType>
          <xsd:sequence>
            <xsd:group ref="base:GenderInfoContentFragment"/>
          </xsd:sequence>
        </xsd:complexType>
      </xsd:element>
      <xsd:element name="civilStates" minOccurs="0">
        <xsd:complexType>
          <xsd:sequence>
            <xsd:element name="civilState" maxOccurs="20">
              <xsd:annotation>
                <xsd:documentation>Element containing all information comprised in the civilstate datagroup of the found person</xsd:documentation>
              </xsd:annotation>
              <xsd:complexType>
                <xsd:group ref="base:CivilStateInfoContentFragment"/>
              </xsd:complexType>
            </xsd:element>
          </xsd:sequence>
        </xsd:complexType>
      </xsd:element>
      <xsd:element name="address" minOccurs="0">
        <xsd:complexType>
          <xsd:sequence>
            <xsd:group ref="base:ResidentialAddressContentFragment"/>
            <xsd:group ref="base:TemporaryAddressContentFragment"/>
          </xsd:sequence>
        </xsd:complexType>
      </xsd:element>
      <xsd:element name="administrator" minOccurs="0">
        <xsd:complexType>
          <xsd:sequence>
            <xsd:group ref="base:AdministratorContentFragment"/>
          </xsd:sequence>
        </xsd:complexType>
      </xsd:element>
      <xsd:element name="subregister" minOccurs="0">
        <xsd:complexType>
          <xsd:sequence>
            <xsd:group ref="base:SubregisterGroup"/>
          </xsd:sequence>
        </xsd:complexType>
      </xsd:element>
      <xsd:element name="legalCohabitation" minOccurs="0">
        <xsd:complexType>
          <xsd:sequence>
            <xsd:group ref="base:LegalCohabitationGroup"/>
          </xsd:sequence>
        </xsd:complexType>
      </xsd:element>
    </xsd:sequence>
  </xsd:group>
</xsd:schema>]]></con:content><con:type>http://www.w3.org/2001/XMLSchema</con:type></con:part></con:definitionCache><con:endpoints>
      <con:endpoint>http://fidus.brussels/services/personservice/v1</con:endpoint>
    </con:endpoints>
    <con:operation isOneWay="false" action="http://fidus.brussels/services/personservice/getIdentity" name="getIdentity" bindingOperationName="getIdentity" type="Request-Response" inputName="" receivesAttachments="false" sendsAttachments="false" anonymous="optional" id="37782446-c7cc-4124-8f9c-72d13d0b07ca">
      <con:settings/>
      <con:call name="1 - Local - Request" outgoingWss="Outflow DEV" incomingWss="Inflow DEV" id="d582fd0f-febf-4b0a-97c2-024bc79f3578">
        <con:settings>
          <con:setting id="com.eviware.soapui.impl.wsdl.WsdlRequest@request-headers">&lt;xml-fragment/></con:setting>
        </con:settings>
        <con:encoding>UTF-8</con:encoding>
        <con:endpoint>https://localhost:8243/services/PersonService_v1.0</con:endpoint>
        <con:request><![CDATA[<soapenv:Envelope xmlns:soapenv="http://schemas.xmlsoap.org/soap/envelope/" xmlns:v1="http://fidus.brussels/service/personservice/messages/v1" xmlns:v11="http://fidus.brussels/type/common/messages/v1">
   <soapenv:Header/>
   <soapenv:Body>
      <v1:getIdentityRequest>
         <v1:messageContext>
         	  <v11:messageId>${=import static java.util.UUID.randomUUID; uuid = randomUUID() as String}</v11:messageId>
            <v11:timestamp>${=new java.text.SimpleDateFormat("yyyy-MM-dd'T'HH:mm:ss.SSS").format(new Date())}</v11:timestamp>
         </v1:messageContext>
         <v1:legalContext>ServiceIntegrator</v1:legalContext>
         <v1:request>
            <v1:personNumber>02021518897</v1:personNumber>
         </v1:request>
      </v1:getIdentityRequest>
   </soapenv:Body>
</soapenv:Envelope>]]></con:request>
        <con:credentials>
          <con:selectedAuthProfile>Basic</con:selectedAuthProfile><con:addedBasicAuthenticationTypes>Basic</con:addedBasicAuthenticationTypes><con:authType>Global HTTP Settings</con:authType>
        </con:credentials>
        <con:jmsConfig JMSDeliveryMode="PERSISTENT"/>
        <con:jmsPropertyConfig/>
        <con:wsaConfig mustUnderstand="NONE" version="200508" action="http://fidus.brussels/services/personservice"/>
        <con:wsrmConfig version="1.2"/>
      </con:call>
      <con:call name="2 - Dev - Request" outgoingWss="Outflow DEV" incomingWss="Inflow DEV" id="d1bd40df-e64c-4659-a5ef-31be60f4dac1">
        <con:settings>
          <con:setting id="com.eviware.soapui.impl.wsdl.WsdlRequest@request-headers">&lt;xml-fragment/></con:setting>
        </con:settings>
        <con:encoding>UTF-8</con:encoding>
        <con:endpoint>https://192.168.36.61:8243/services/PersonService_v1.0</con:endpoint>
        <con:request><![CDATA[<soapenv:Envelope xmlns:soapenv="http://schemas.xmlsoap.org/soap/envelope/" xmlns:v1="http://fidus.brussels/service/personservice/messages/v1" xmlns:v11="http://fidus.brussels/type/common/messages/v1">
   <soapenv:Header/>
   <soapenv:Body>
      <v1:getIdentityRequest>
         <v1:messageContext>
         	  <v11:messageId>${=import static java.util.UUID.randomUUID; uuid = randomUUID() as String}</v11:messageId>
            <v11:timestamp>${=new java.text.SimpleDateFormat("yyyy-MM-dd'T'HH:mm:ss.SSS").format(new Date())}</v11:timestamp>
         </v1:messageContext>
         <v1:legalContext>ServiceIntegrator</v1:legalContext>
         <v1:request>
            <v1:personNumber>12003001508</v1:personNumber>
         </v1:request>
      </v1:getIdentityRequest>
   </soapenv:Body>
</soapenv:Envelope>]]></con:request>
        <con:credentials>
          <con:selectedAuthProfile>Basic</con:selectedAuthProfile>
          <con:addedBasicAuthenticationTypes>Basic</con:addedBasicAuthenticationTypes>
          <con:authType>Global HTTP Settings</con:authType>
        </con:credentials>
        <con:jmsConfig JMSDeliveryMode="PERSISTENT"/>
        <con:jmsPropertyConfig/>
        <con:wsaConfig mustUnderstand="NONE" version="200508" action="http://fidus.brussels/services/personservice/getIdentity"/>
        <con:wsrmConfig version="1.2"/>
      </con:call>
      <con:call name="3 - Test - External - Request" outgoingWss="Outflow TEST" incomingWss="Inflow TEST" id="9b354218-971c-4b4b-8b73-48b42e188d6f">
        <con:settings>
          <con:setting id="com.eviware.soapui.impl.wsdl.WsdlRequest@request-headers">&lt;xml-fragment/></con:setting>
        </con:settings>
        <con:encoding>UTF-8</con:encoding>
        <con:endpoint>https://fidus-test.irisnetlab.be/services/PersonService_v1.0</con:endpoint>
        <con:request><![CDATA[<soapenv:Envelope xmlns:soapenv="http://schemas.xmlsoap.org/soap/envelope/" xmlns:v1="http://fidus.brussels/service/personservice/messages/v1" xmlns:v11="http://fidus.brussels/type/common/messages/v1">
   <soapenv:Header/>
   <soapenv:Body>
      <v1:getIdentityRequest>
         <v1:messageContext>
         	  <v11:messageId>${=import static java.util.UUID.randomUUID; uuid = randomUUID() as String}</v11:messageId>
            <v11:timestamp>${=new java.text.SimpleDateFormat("yyyy-MM-dd'T'HH:mm:ss.SSS").format(new Date())}</v11:timestamp>
         </v1:messageContext>
         <v1:legalContext>ServiceIntegrator</v1:legalContext>
         <v1:request>
            <v1:personNumber>91040526866</v1:personNumber>
         </v1:request>
      </v1:getIdentityRequest>
   </soapenv:Body>
</soapenv:Envelope>]]></con:request>
        <con:credentials>
          <con:selectedAuthProfile>Basic</con:selectedAuthProfile>
          <con:addedBasicAuthenticationTypes>Basic</con:addedBasicAuthenticationTypes>
          <con:authType>Global HTTP Settings</con:authType>
        </con:credentials>
        <con:jmsConfig JMSDeliveryMode="PERSISTENT"/>
        <con:jmsPropertyConfig/>
        <con:wsaConfig mustUnderstand="NONE" version="200508" action="http://fidus.brussels/services/personservice/getIdentity"/>
        <con:wsrmConfig version="1.2"/>
      </con:call>
      <con:call name="3 - Test - LB - Request" outgoingWss="Outflow TEST" incomingWss="Inflow TEST" id="6656dc64-88ea-42e7-b564-5a6d797efd0d">
        <con:settings>
          <con:setting id="com.eviware.soapui.impl.wsdl.WsdlRequest@request-headers">&lt;xml-fragment/></con:setting>
        </con:settings>
        <con:encoding>UTF-8</con:encoding>
        <con:endpoint>https://esb-security-gw.sta.srv.cirb.lan:8443/services/PersonService_v1.0</con:endpoint>
        <con:request><![CDATA[<soapenv:Envelope xmlns:soapenv="http://schemas.xmlsoap.org/soap/envelope/" xmlns:v1="http://fidus.brussels/service/personservice/messages/v1" xmlns:v11="http://fidus.brussels/type/common/messages/v1">
   <soapenv:Header/>
   <soapenv:Body>
      <v1:getIdentityRequest>
         <v1:messageContext>
         	  <v11:messageId>${=import static java.util.UUID.randomUUID; uuid = randomUUID() as String}</v11:messageId>
            <v11:timestamp>${=new java.text.SimpleDateFormat("yyyy-MM-dd'T'HH:mm:ss.SSS").format(new Date())}</v11:timestamp>
         </v1:messageContext>
         <v1:legalContext>LocalResidentCardJET</v1:legalContext>
         <v1:request>
            <v1:personNumber>12003001507</v1:personNumber>
         </v1:request>
      </v1:getIdentityRequest>
   </soapenv:Body>
</soapenv:Envelope>]]></con:request>
        <con:credentials>
          <con:selectedAuthProfile>Basic</con:selectedAuthProfile>
          <con:addedBasicAuthenticationTypes>Basic</con:addedBasicAuthenticationTypes>
          <con:authType>Global HTTP Settings</con:authType>
        </con:credentials>
        <con:jmsConfig JMSDeliveryMode="PERSISTENT"/>
        <con:jmsPropertyConfig/>
        <con:wsaConfig mustUnderstand="NONE" version="200508" action="http://fidus.brussels/services/personservice/getIdentity"/>
        <con:wsrmConfig version="1.2"/>
      </con:call>
      <con:call name="3 - Test - Worker1 - Request" outgoingWss="Outflow TEST" incomingWss="Inflow TEST" id="9d871621-6449-467f-b41d-3b7f324d26e4">
        <con:settings>
          <con:setting id="com.eviware.soapui.impl.wsdl.WsdlRequest@request-headers">&lt;xml-fragment/></con:setting>
        </con:settings>
        <con:encoding>UTF-8</con:encoding>
        <con:endpoint>https://192.168.22.53:8443/services/PersonService_v1.0</con:endpoint>
        <con:request><![CDATA[<soapenv:Envelope xmlns:soapenv="http://schemas.xmlsoap.org/soap/envelope/" xmlns:v1="http://fidus.brussels/service/personservice/messages/v1" xmlns:v11="http://fidus.brussels/type/common/messages/v1">
   <soapenv:Header/>
   <soapenv:Body>
      <v1:getIdentityRequest>
         <v1:messageContext>
         	  <v11:messageId>${=import static java.util.UUID.randomUUID; uuid = randomUUID() as String}</v11:messageId>
            <v11:timestamp>${=new java.text.SimpleDateFormat("yyyy-MM-dd'T'HH:mm:ss.SSS").format(new Date())}</v11:timestamp>
         </v1:messageContext>
         <v1:legalContext>ServiceIntegrator</v1:legalContext>
         <v1:request>
            <v1:personNumber>91120406960</v1:personNumber>
         </v1:request>
      </v1:getIdentityRequest>
   </soapenv:Body>
</soapenv:Envelope>]]></con:request>
        <con:credentials>
          <con:selectedAuthProfile>Basic</con:selectedAuthProfile>
          <con:addedBasicAuthenticationTypes>Basic</con:addedBasicAuthenticationTypes>
          <con:authType>Global HTTP Settings</con:authType>
        </con:credentials>
        <con:jmsConfig JMSDeliveryMode="PERSISTENT"/>
        <con:jmsPropertyConfig/>
        <con:wsaConfig mustUnderstand="NONE" version="200508" action="http://fidus.brussels/services/personservice/getIdentity"/>
        <con:wsrmConfig version="1.2"/>
      </con:call>
      <con:call name="3 - Test - Worker2 - Request" outgoingWss="Outflow TEST" incomingWss="Inflow TEST" id="d5ac1e83-c0e6-46a4-885b-5290d0b3e420">
        <con:settings>
          <con:setting id="com.eviware.soapui.impl.wsdl.WsdlRequest@request-headers">&lt;xml-fragment/></con:setting>
        </con:settings>
        <con:encoding>UTF-8</con:encoding>
        <con:endpoint>https://192.168.22.54:8443/services/PersonService_v1.0</con:endpoint>
        <con:request><![CDATA[<soapenv:Envelope xmlns:soapenv="http://schemas.xmlsoap.org/soap/envelope/" xmlns:v1="http://fidus.brussels/service/personservice/messages/v1" xmlns:v11="http://fidus.brussels/type/common/messages/v1">
   <soapenv:Header/>
   <soapenv:Body>
      <v1:getIdentityRequest>
         <v1:messageContext>
         	  <v11:messageId>${=import static java.util.UUID.randomUUID; uuid = randomUUID() as String}</v11:messageId>
            <v11:timestamp>${=new java.text.SimpleDateFormat("yyyy-MM-dd'T'HH:mm:ss.SSS").format(new Date())}</v11:timestamp>
         </v1:messageContext>
         <v1:legalContext>ServiceIntegrator</v1:legalContext>
         <v1:request>
            <v1:personNumber>91120406960</v1:personNumber>
         </v1:request>
      </v1:getIdentityRequest>
   </soapenv:Body>
</soapenv:Envelope>]]></con:request>
        <con:credentials>
          <con:selectedAuthProfile>Basic</con:selectedAuthProfile>
          <con:addedBasicAuthenticationTypes>Basic</con:addedBasicAuthenticationTypes>
          <con:authType>Global HTTP Settings</con:authType>
        </con:credentials>
        <con:jmsConfig JMSDeliveryMode="PERSISTENT"/>
        <con:jmsPropertyConfig/>
        <con:wsaConfig mustUnderstand="NONE" version="200508" action="http://fidus.brussels/services/personservice/getIdentity"/>
        <con:wsrmConfig version="1.2"/>
      </con:call>
      <con:call name="4 - Staging - External - Request" outgoingWss="Outflow STAG" incomingWss="Inflow STAG" id="ce70dd41-8ecf-4c6c-9c8a-be3ca6af3724">
        <con:settings>
          <con:setting id="com.eviware.soapui.impl.wsdl.WsdlRequest@request-headers">&lt;xml-fragment/></con:setting>
        </con:settings>
        <con:encoding>UTF-8</con:encoding>
        <con:endpoint>https://fidus.irisnetlab.be/services/PersonService_v1.0</con:endpoint>
        <con:request><![CDATA[<soapenv:Envelope xmlns:soapenv="http://schemas.xmlsoap.org/soap/envelope/" xmlns:v1="http://fidus.brussels/service/personservice/messages/v1" xmlns:v11="http://fidus.brussels/type/common/messages/v1">
   <soapenv:Header/>
   <soapenv:Body>
      <v1:getIdentityRequest>
         <v1:messageContext>
         	  <v11:messageId>${=import static java.util.UUID.randomUUID; uuid = randomUUID() as String}</v11:messageId>
            <v11:timestamp>${=new java.text.SimpleDateFormat("yyyy-MM-dd'T'HH:mm:ss.SSS").format(new Date())}</v11:timestamp>
         </v1:messageContext>
         <v1:legalContext>ServiceIntegrator</v1:legalContext>
         <v1:request>
            <v1:personNumber>89102413022</v1:personNumber>
         </v1:request>
      </v1:getIdentityRequest>
   </soapenv:Body>
</soapenv:Envelope>]]></con:request>
        <con:credentials>
          <con:selectedAuthProfile>Basic</con:selectedAuthProfile>
          <con:addedBasicAuthenticationTypes>Basic</con:addedBasicAuthenticationTypes>
          <con:authType>Global HTTP Settings</con:authType>
        </con:credentials>
        <con:jmsConfig JMSDeliveryMode="PERSISTENT"/>
        <con:jmsPropertyConfig/>
        <con:wsaConfig mustUnderstand="NONE" version="200508" action="http://fidus.brussels/services/personservice/getIdentity"/>
        <con:wsrmConfig version="1.2"/>
      </con:call>
      <con:call name="4 - Staging - LB - Request" outgoingWss="Outflow STAG" incomingWss="Inflow STAG" id="43b3d025-e9f4-4351-9a95-94e4156ab666">
        <con:settings>
          <con:setting id="com.eviware.soapui.impl.wsdl.WsdlRequest@request-headers">&lt;xml-fragment/></con:setting>
        </con:settings>
        <con:encoding>UTF-8</con:encoding>
        <con:endpoint>https://fidus-esb-sg.sta.srv.cirb.lan:8443/services/PersonService_v1.0</con:endpoint>
        <con:request><![CDATA[<soapenv:Envelope xmlns:soapenv="http://schemas.xmlsoap.org/soap/envelope/" xmlns:v1="http://fidus.brussels/service/personservice/messages/v1" xmlns:v11="http://fidus.brussels/type/common/messages/v1">
   <soapenv:Header/>
   <soapenv:Body>
      <v1:getIdentityRequest>
         <v1:messageContext>
         	  <v11:messageId>${=import static java.util.UUID.randomUUID; uuid = randomUUID() as String}</v11:messageId>
            <v11:timestamp>${=new java.text.SimpleDateFormat("yyyy-MM-dd'T'HH:mm:ss.SSS").format(new Date())}</v11:timestamp>
         </v1:messageContext>
         <v1:legalContext>ServiceIntegrator</v1:legalContext>
         <v1:request>
            <v1:personNumber>12003001507</v1:personNumber>
         </v1:request>
      </v1:getIdentityRequest>
   </soapenv:Body>
</soapenv:Envelope>]]></con:request>
        <con:credentials>
          <con:selectedAuthProfile>Basic</con:selectedAuthProfile>
          <con:addedBasicAuthenticationTypes>Basic</con:addedBasicAuthenticationTypes>
          <con:authType>Global HTTP Settings</con:authType>
        </con:credentials>
        <con:jmsConfig JMSDeliveryMode="PERSISTENT"/>
        <con:jmsPropertyConfig/>
        <con:wsaConfig mustUnderstand="NONE" version="200508" action="http://fidus.brussels/services/personservice/getIdentity"/>
        <con:wsrmConfig version="1.2"/>
      </con:call>
      <con:call name="4 - Staging - Worker1 - Request" outgoingWss="Outflow STAG" incomingWss="Inflow STAG" id="8bccfa23-0ffe-433d-a652-0aa55ec1396a">
        <con:settings>
          <con:setting id="com.eviware.soapui.impl.wsdl.WsdlRequest@request-headers">&lt;xml-fragment/></con:setting>
        </con:settings>
        <con:encoding>UTF-8</con:encoding>
        <con:endpoint>https://192.168.24.16:8443/services/PersonService_v1.0</con:endpoint>
        <con:request><![CDATA[<soapenv:Envelope xmlns:soapenv="http://schemas.xmlsoap.org/soap/envelope/" xmlns:v1="http://fidus.brussels/service/personservice/messages/v1" xmlns:v11="http://fidus.brussels/type/common/messages/v1">
   <soapenv:Header/>
   <soapenv:Body>
      <v1:getIdentityRequest>
         <v1:messageContext>
         	  <v11:messageId>${=import static java.util.UUID.randomUUID; uuid = randomUUID() as String}</v11:messageId>
            <v11:timestamp>${=new java.text.SimpleDateFormat("yyyy-MM-dd'T'HH:mm:ss.SSS").format(new Date())}</v11:timestamp>
         </v1:messageContext>
         <v1:legalContext>ServiceIntegrator</v1:legalContext>
         <v1:request>
            <v1:personNumber>85081509931</v1:personNumber>
         </v1:request>
      </v1:getIdentityRequest>
   </soapenv:Body>
</soapenv:Envelope>]]></con:request>
        <con:credentials>
          <con:selectedAuthProfile>Basic</con:selectedAuthProfile>
          <con:addedBasicAuthenticationTypes>Basic</con:addedBasicAuthenticationTypes>
          <con:authType>Global HTTP Settings</con:authType>
        </con:credentials>
        <con:jmsConfig JMSDeliveryMode="PERSISTENT"/>
        <con:jmsPropertyConfig/>
        <con:wsaConfig mustUnderstand="NONE" version="200508" action="http://fidus.brussels/services/personservice/getIdentity"/>
        <con:wsrmConfig version="1.2"/>
      </con:call>
      <con:call name="4 - Staging - Worker2 - Request" outgoingWss="Outflow STAG" incomingWss="Inflow STAG" id="0aeafd29-c76a-4088-b770-35105a8b95a7">
        <con:settings>
          <con:setting id="com.eviware.soapui.impl.wsdl.WsdlRequest@request-headers">&lt;xml-fragment/></con:setting>
        </con:settings>
        <con:encoding>UTF-8</con:encoding>
        <con:endpoint>https://192.168.24.17:8443/services/PersonService_v1.0</con:endpoint>
        <con:request><![CDATA[<soapenv:Envelope xmlns:soapenv="http://schemas.xmlsoap.org/soap/envelope/" xmlns:v1="http://fidus.brussels/service/personservice/messages/v1" xmlns:v11="http://fidus.brussels/type/common/messages/v1">
   <soapenv:Header/>
   <soapenv:Body>
      <v1:getIdentityRequest>
         <v1:messageContext>
         	  <v11:messageId>${=import static java.util.UUID.randomUUID; uuid = randomUUID() as String}</v11:messageId>
            <v11:timestamp>${=new java.text.SimpleDateFormat("yyyy-MM-dd'T'HH:mm:ss.SSS").format(new Date())}</v11:timestamp>
         </v1:messageContext>
         <v1:legalContext>ServiceIntegrator</v1:legalContext>
         <v1:request>
            <v1:personNumber>85081509931</v1:personNumber>
         </v1:request>
      </v1:getIdentityRequest>
   </soapenv:Body>
</soapenv:Envelope>]]></con:request>
        <con:credentials>
          <con:selectedAuthProfile>Basic</con:selectedAuthProfile>
          <con:addedBasicAuthenticationTypes>Basic</con:addedBasicAuthenticationTypes>
          <con:authType>Global HTTP Settings</con:authType>
        </con:credentials>
        <con:jmsConfig JMSDeliveryMode="PERSISTENT"/>
        <con:jmsPropertyConfig/>
        <con:wsaConfig mustUnderstand="NONE" version="200508" action="http://fidus.brussels/services/personservice/getIdentity"/>
        <con:wsrmConfig version="1.2"/>
      </con:call>
      <con:call name="5 - Prod - Worker1 - Request" outgoingWss="Outflow PROD" incomingWss="Inflow PROD" id="de2a30e7-e01c-4003-bc10-c3c9a454408a">
        <con:settings>
          <con:setting id="com.eviware.soapui.impl.wsdl.WsdlRequest@request-headers">&lt;xml-fragment/></con:setting>
        </con:settings>
        <con:encoding>UTF-8</con:encoding>
        <con:endpoint>https://192.168.26.22:8443/services/PersonService_v1.0</con:endpoint>
        <con:request><![CDATA[<soapenv:Envelope xmlns:soapenv="http://schemas.xmlsoap.org/soap/envelope/" xmlns:v1="http://fidus.brussels/service/personservice/messages/v1" xmlns:v11="http://fidus.brussels/type/common/messages/v1">
   <soapenv:Header/>
   <soapenv:Body>
      <v1:getIdentityRequest>
         <v1:messageContext>
         	  <v11:messageId>${=import static java.util.UUID.randomUUID; uuid = randomUUID() as String}</v11:messageId>
            <v11:timestamp>${=new java.text.SimpleDateFormat("yyyy-MM-dd'T'HH:mm:ss.SSS").format(new Date())}</v11:timestamp>
         </v1:messageContext>
         <v1:legalContext>ServiceIntegrator</v1:legalContext>
         <v1:request>
            <v1:personNumber>85081509931</v1:personNumber>
         </v1:request>
      </v1:getIdentityRequest>
   </soapenv:Body>
</soapenv:Envelope>]]></con:request>
        <con:credentials>
          <con:selectedAuthProfile>Basic</con:selectedAuthProfile>
          <con:addedBasicAuthenticationTypes>Basic</con:addedBasicAuthenticationTypes>
          <con:authType>Global HTTP Settings</con:authType>
        </con:credentials>
        <con:jmsConfig JMSDeliveryMode="PERSISTENT"/>
        <con:jmsPropertyConfig/>
        <con:wsaConfig mustUnderstand="NONE" version="200508" action="http://fidus.brussels/services/personservice/getIdentity"/>
        <con:wsrmConfig version="1.2"/>
      </con:call>
      <con:call name="5 - Prod - Worker2 - Request" outgoingWss="Outflow PROD" incomingWss="Inflow PROD" id="048341fb-a47a-4523-9892-3e538ff632cc">
        <con:settings>
          <con:setting id="com.eviware.soapui.impl.wsdl.WsdlRequest@request-headers">&lt;xml-fragment/></con:setting>
        </con:settings>
        <con:encoding>UTF-8</con:encoding>
        <con:endpoint>https://192.168.26.19:8443/services/PersonService_v1.0</con:endpoint>
        <con:request><![CDATA[<soapenv:Envelope xmlns:soapenv="http://schemas.xmlsoap.org/soap/envelope/" xmlns:v1="http://fidus.brussels/service/personservice/messages/v1" xmlns:v11="http://fidus.brussels/type/common/messages/v1">
   <soapenv:Header/>
   <soapenv:Body>
      <v1:getIdentityRequest>
         <v1:messageContext>
         	  <v11:messageId>${=import static java.util.UUID.randomUUID; uuid = randomUUID() as String}</v11:messageId>
            <v11:timestamp>${=new java.text.SimpleDateFormat("yyyy-MM-dd'T'HH:mm:ss.SSS").format(new Date())}</v11:timestamp>
         </v1:messageContext>
         <v1:legalContext>ServiceIntegrator</v1:legalContext>
         <v1:request>
            <v1:personNumber>89102413022</v1:personNumber>
         </v1:request>
      </v1:getIdentityRequest>
   </soapenv:Body>
</soapenv:Envelope>]]></con:request>
        <con:credentials>
          <con:selectedAuthProfile>Basic</con:selectedAuthProfile>
          <con:addedBasicAuthenticationTypes>Basic</con:addedBasicAuthenticationTypes>
          <con:authType>Global HTTP Settings</con:authType>
        </con:credentials>
        <con:jmsConfig JMSDeliveryMode="PERSISTENT"/>
        <con:jmsPropertyConfig/>
        <con:wsaConfig mustUnderstand="NONE" version="200508" action="http://fidus.brussels/services/personservice/getIdentity"/>
        <con:wsrmConfig version="1.2"/>
      </con:call>
      <con:call name="5 - Prod - LB - Request" outgoingWss="Outflow PROD" incomingWss="Inflow PROD" id="40595e83-d1a6-451f-9f26-a02595b73ee4">
        <con:settings>
          <con:setting id="com.eviware.soapui.impl.wsdl.WsdlRequest@request-headers">&lt;xml-fragment/></con:setting>
        </con:settings>
        <con:encoding>UTF-8</con:encoding>
        <con:endpoint>https://fidus-esb-sg.prd.srv.cirb.lan:8443/services/PersonService_v1.0</con:endpoint>
        <con:request><![CDATA[<soapenv:Envelope xmlns:soapenv="http://schemas.xmlsoap.org/soap/envelope/" xmlns:v1="http://fidus.brussels/service/personservice/messages/v1" xmlns:v11="http://fidus.brussels/type/common/messages/v1">
   <soapenv:Header/>
   <soapenv:Body>
      <v1:getIdentityRequest>
         <v1:messageContext>
         	  <v11:messageId>${=import static java.util.UUID.randomUUID; uuid = randomUUID() as String}</v11:messageId>
            <v11:timestamp>${=new java.text.SimpleDateFormat("yyyy-MM-dd'T'HH:mm:ss.SSS").format(new Date())}</v11:timestamp>
         </v1:messageContext>
         <v1:legalContext>ServiceIntegrator</v1:legalContext>
         <v1:request>
            <v1:personNumber>89102413022</v1:personNumber>
         </v1:request>
      </v1:getIdentityRequest>
   </soapenv:Body>
</soapenv:Envelope>]]></con:request>
        <con:credentials>
          <con:selectedAuthProfile>Basic</con:selectedAuthProfile>
          <con:addedBasicAuthenticationTypes>Basic</con:addedBasicAuthenticationTypes>
          <con:authType>Global HTTP Settings</con:authType>
        </con:credentials>
        <con:jmsConfig JMSDeliveryMode="PERSISTENT"/>
        <con:jmsPropertyConfig/>
        <con:wsaConfig mustUnderstand="NONE" version="200508" action="http://fidus.brussels/services/personservice/getIdentity"/>
        <con:wsrmConfig version="1.2"/>
      </con:call>
      <con:call name="5 - Prod - External - Request" outgoingWss="Outflow PROD" incomingWss="Inflow PROD" id="76a9e4ae-1fbd-4325-9a2e-c02f94b246fe">
        <con:settings>
          <con:setting id="com.eviware.soapui.impl.wsdl.WsdlRequest@request-headers">&lt;xml-fragment/></con:setting>
        </con:settings>
        <con:encoding>UTF-8</con:encoding>
        <con:endpoint>https://fidus.sec.brussels/services/PersonService_v1.0</con:endpoint>
        <con:request><![CDATA[<soapenv:Envelope xmlns:soapenv="http://schemas.xmlsoap.org/soap/envelope/" xmlns:v1="http://fidus.brussels/service/personservice/messages/v1" xmlns:v11="http://fidus.brussels/type/common/messages/v1">
   <soapenv:Header/>
   <soapenv:Body>
      <v1:getIdentityRequest>
         <v1:messageContext>
         	  <v11:messageId>${=import static java.util.UUID.randomUUID; uuid = randomUUID() as String}</v11:messageId>
            <v11:timestamp>${=new java.text.SimpleDateFormat("yyyy-MM-dd'T'HH:mm:ss.SSS").format(new Date())}</v11:timestamp>
         </v1:messageContext>
         <v1:legalContext>ServiceIntegrator</v1:legalContext>
         <v1:request>
            <v1:personNumber>85081509931</v1:personNumber>
         </v1:request>
      </v1:getIdentityRequest>
   </soapenv:Body>
</soapenv:Envelope>]]></con:request>
        <con:credentials>
          <con:selectedAuthProfile>Basic</con:selectedAuthProfile>
          <con:addedBasicAuthenticationTypes>Basic</con:addedBasicAuthenticationTypes>
          <con:authType>Global HTTP Settings</con:authType>
        </con:credentials>
        <con:jmsConfig JMSDeliveryMode="PERSISTENT"/>
        <con:jmsPropertyConfig/>
        <con:wsaConfig mustUnderstand="NONE" version="200508" action="http://fidus.brussels/services/personservice/getIdentity"/>
        <con:wsrmConfig version="1.2"/>
      </con:call>
    <con:call id="c6a72dfc-1520-45ac-bc12-d39fa9588a04" name="2 - DevNew - Request" outgoingWss="Outflow DEV" incomingWss="Inflow DEV"><con:settings><con:setting id="com.eviware.soapui.impl.wsdl.WsdlRequest@request-headers">&lt;xml-fragment/></con:setting></con:settings><con:encoding>UTF-8</con:encoding><con:endpoint>https://192.168.36.205:8243/services/PersonService_v1.0</con:endpoint><con:request><![CDATA[<soapenv:Envelope xmlns:soapenv="http://schemas.xmlsoap.org/soap/envelope/" xmlns:v1="http://fidus.brussels/service/personservice/messages/v1" xmlns:v11="http://fidus.brussels/type/common/messages/v1">
   <soapenv:Header/>
   <soapenv:Body>
      <v1:getIdentityRequest>
         <v1:messageContext>
         	  <v11:messageId>${=import static java.util.UUID.randomUUID; uuid = randomUUID() as String}</v11:messageId>
            <v11:timestamp>${=new java.text.SimpleDateFormat("yyyy-MM-dd'T'HH:mm:ss.SSS").format(new Date())}</v11:timestamp>
         </v1:messageContext>
         <v1:legalContext>ServiceIntegrator</v1:legalContext>
         <v1:request>
            <v1:personNumber>12003001507</v1:personNumber>
         </v1:request>
      </v1:getIdentityRequest>
   </soapenv:Body>
</soapenv:Envelope>]]></con:request><con:credentials>
          <con:selectedAuthProfile>Basic</con:selectedAuthProfile>
          <con:addedBasicAuthenticationTypes>Basic</con:addedBasicAuthenticationTypes>
          <con:authType>Global HTTP Settings</con:authType>
        </con:credentials><con:jmsConfig JMSDeliveryMode="PERSISTENT"/><con:jmsPropertyConfig/><con:wsaConfig mustUnderstand="NONE" version="200508" action="http://fidus.brussels/services/personservice/getIdentity"/><con:wsrmConfig version="1.2"/></con:call><con:call id="52cff34a-9094-4b49-b3be-3739f21d561c" name="3 - Test - Worker1New - Request" outgoingWss="Outflow TEST" incomingWss="Inflow TEST"><con:settings><con:setting id="com.eviware.soapui.impl.wsdl.WsdlRequest@request-headers">&lt;xml-fragment/></con:setting></con:settings><con:encoding>UTF-8</con:encoding><con:endpoint>https://192.168.22.73:8443/services/PersonService_v1.0</con:endpoint><con:request><![CDATA[<soapenv:Envelope xmlns:soapenv="http://schemas.xmlsoap.org/soap/envelope/" xmlns:v1="http://fidus.brussels/service/personservice/messages/v1" xmlns:v11="http://fidus.brussels/type/common/messages/v1">
   <soapenv:Header/>
   <soapenv:Body>
      <v1:getIdentityRequest>
         <v1:messageContext>
         	  <v11:messageId>${=import static java.util.UUID.randomUUID; uuid = randomUUID() as String}</v11:messageId>
            <v11:timestamp>${=new java.text.SimpleDateFormat("yyyy-MM-dd'T'HH:mm:ss.SSS").format(new Date())}</v11:timestamp>
         </v1:messageContext>
         <v1:legalContext>ServiceIntegrator</v1:legalContext>
         <v1:request>
            <v1:personNumber>91120406960</v1:personNumber>
         </v1:request>
      </v1:getIdentityRequest>
   </soapenv:Body>
</soapenv:Envelope>]]></con:request><con:credentials>
          <con:selectedAuthProfile>Basic</con:selectedAuthProfile>
          <con:addedBasicAuthenticationTypes>Basic</con:addedBasicAuthenticationTypes>
          <con:authType>Global HTTP Settings</con:authType>
        </con:credentials><con:jmsConfig JMSDeliveryMode="PERSISTENT"/><con:jmsPropertyConfig/><con:wsaConfig mustUnderstand="NONE" version="200508" action="http://fidus.brussels/services/personservice/getIdentity"/><con:wsrmConfig version="1.2"/></con:call><con:call id="4054bf91-0a93-4f89-b218-9dfaecdb9b22" name="3 - Test - Worker2New - Request" outgoingWss="Outflow TEST" incomingWss="Inflow TEST"><con:settings><con:setting id="com.eviware.soapui.impl.wsdl.WsdlRequest@request-headers">&lt;xml-fragment/></con:setting></con:settings><con:encoding>UTF-8</con:encoding><con:endpoint>https://192.168.22.93:8443/services/PersonService_v1.0</con:endpoint><con:request><![CDATA[<soapenv:Envelope xmlns:soapenv="http://schemas.xmlsoap.org/soap/envelope/" xmlns:v1="http://fidus.brussels/service/personservice/messages/v1" xmlns:v11="http://fidus.brussels/type/common/messages/v1">
   <soapenv:Header/>
   <soapenv:Body>
      <v1:getIdentityRequest>
         <v1:messageContext>
         	  <v11:messageId>${=import static java.util.UUID.randomUUID; uuid = randomUUID() as String}</v11:messageId>
            <v11:timestamp>${=new java.text.SimpleDateFormat("yyyy-MM-dd'T'HH:mm:ss.SSS").format(new Date())}</v11:timestamp>
         </v1:messageContext>
         <v1:legalContext>ServiceIntegrator</v1:legalContext>
         <v1:request>
            <v1:personNumber>91120406960</v1:personNumber>
         </v1:request>
      </v1:getIdentityRequest>
   </soapenv:Body>
</soapenv:Envelope>]]></con:request><con:credentials>
          <con:selectedAuthProfile>Basic</con:selectedAuthProfile>
          <con:addedBasicAuthenticationTypes>Basic</con:addedBasicAuthenticationTypes>
          <con:authType>Global HTTP Settings</con:authType>
        </con:credentials><con:jmsConfig JMSDeliveryMode="PERSISTENT"/><con:jmsPropertyConfig/><con:wsaConfig mustUnderstand="NONE" version="200508" action="http://fidus.brussels/services/personservice/getIdentity"/><con:wsrmConfig version="1.2"/></con:call><con:call id="c4e865d2-e8c5-4d34-a176-68de5a8657e4" name="4 - Staging - Worker1New - Request" outgoingWss="Outflow STAG" incomingWss="Inflow STAG"><con:settings><con:setting id="com.eviware.soapui.impl.wsdl.WsdlRequest@request-headers">&lt;xml-fragment/></con:setting></con:settings><con:encoding>UTF-8</con:encoding><con:endpoint>https://192.168.23.191:8443/services/PersonService_v1.0</con:endpoint><con:request><![CDATA[<soapenv:Envelope xmlns:soapenv="http://schemas.xmlsoap.org/soap/envelope/" xmlns:v1="http://fidus.brussels/service/personservice/messages/v1" xmlns:v11="http://fidus.brussels/type/common/messages/v1">
   <soapenv:Header/>
   <soapenv:Body>
      <v1:getIdentityRequest>
         <v1:messageContext>
         	  <v11:messageId>${=import static java.util.UUID.randomUUID; uuid = randomUUID() as String}</v11:messageId>
            <v11:timestamp>${=new java.text.SimpleDateFormat("yyyy-MM-dd'T'HH:mm:ss.SSS").format(new Date())}</v11:timestamp>
         </v1:messageContext>
         <v1:legalContext>ServiceIntegrator</v1:legalContext>
         <v1:request>
            <v1:personNumber>85081509931</v1:personNumber>
         </v1:request>
      </v1:getIdentityRequest>
   </soapenv:Body>
</soapenv:Envelope>]]></con:request><con:credentials>
          <con:selectedAuthProfile>Basic</con:selectedAuthProfile>
          <con:addedBasicAuthenticationTypes>Basic</con:addedBasicAuthenticationTypes>
          <con:authType>Global HTTP Settings</con:authType>
        </con:credentials><con:jmsConfig JMSDeliveryMode="PERSISTENT"/><con:jmsPropertyConfig/><con:wsaConfig mustUnderstand="NONE" version="200508" action="http://fidus.brussels/services/personservice/getIdentity"/><con:wsrmConfig version="1.2"/></con:call><con:call id="4c41d0e9-e341-481e-be8a-e3d5531309ca" name="4 - Staging - Worker2New - Request" outgoingWss="Outflow STAG" incomingWss="Inflow STAG"><con:settings><con:setting id="com.eviware.soapui.impl.wsdl.WsdlRequest@request-headers">&lt;xml-fragment/></con:setting></con:settings><con:encoding>UTF-8</con:encoding><con:endpoint>https://192.168.23.198:8443/services/PersonService_v1.0</con:endpoint><con:request><![CDATA[<soapenv:Envelope xmlns:soapenv="http://schemas.xmlsoap.org/soap/envelope/" xmlns:v1="http://fidus.brussels/service/personservice/messages/v1" xmlns:v11="http://fidus.brussels/type/common/messages/v1">
   <soapenv:Header/>
   <soapenv:Body>
      <v1:getIdentityRequest>
         <v1:messageContext>
         	  <v11:messageId>${=import static java.util.UUID.randomUUID; uuid = randomUUID() as String}</v11:messageId>
            <v11:timestamp>${=new java.text.SimpleDateFormat("yyyy-MM-dd'T'HH:mm:ss.SSS").format(new Date())}</v11:timestamp>
         </v1:messageContext>
         <v1:legalContext>ServiceIntegrator</v1:legalContext>
         <v1:request>
            <v1:personNumber>85081509931</v1:personNumber>
         </v1:request>
      </v1:getIdentityRequest>
   </soapenv:Body>
</soapenv:Envelope>]]></con:request><con:credentials>
          <con:selectedAuthProfile>Basic</con:selectedAuthProfile>
          <con:addedBasicAuthenticationTypes>Basic</con:addedBasicAuthenticationTypes>
          <con:authType>Global HTTP Settings</con:authType>
        </con:credentials><con:jmsConfig JMSDeliveryMode="PERSISTENT"/><con:jmsPropertyConfig/><con:wsaConfig mustUnderstand="NONE" version="200508" action="http://fidus.brussels/services/personservice/getIdentity"/><con:wsrmConfig version="1.2"/></con:call></con:operation>
    <con:operation isOneWay="false" action="http://fidus.brussels/services/personservice/searchPersonByAddress" name="searchPersonByAddress" bindingOperationName="searchPersonByAddress" type="Request-Response" inputName="" receivesAttachments="false" sendsAttachments="false" anonymous="optional" id="1ce38a6c-7ad5-442c-9f54-12e2a45b5a22">
      <con:settings/>
      <con:call name="1 - Local - Request" outgoingWss="Outflow DEV" incomingWss="Inflow DEV" id="dc5f8e0f-3abc-41ff-8408-488888ef65be">
        <con:settings>
          <con:setting id="com.eviware.soapui.impl.wsdl.WsdlRequest@request-headers">&lt;xml-fragment/></con:setting>
        </con:settings>
        <con:encoding>UTF-8</con:encoding>
        <con:endpoint>https://localhost:8243/services/PersonService_v1.0</con:endpoint>
        <con:request><![CDATA[<soapenv:Envelope xmlns:soapenv="http://schemas.xmlsoap.org/soap/envelope/" xmlns:v1="http://fidus.brussels/service/personservice/messages/v1" xmlns:v11="http://fidus.brussels/type/common/messages/v1">
   <soapenv:Header/>
   <soapenv:Body>
      <v1:searchPersonByAddressRequest>
         <v1:messageContext>
         	  <v11:messageId>${=import static java.util.UUID.randomUUID; uuid = randomUUID() as String}</v11:messageId>
            <v11:timestamp>${=new java.text.SimpleDateFormat("yyyy-MM-dd'T'HH:mm:ss.SSS").format(new Date())}</v11:timestamp>
         </v1:messageContext>
         <v1:legalContext>ServiceIntegrator</v1:legalContext>
         <v1:request>
            <postalCode>2800</postalCode>
            <streetCode>1481</streetCode>
            <houseNumber>77</houseNumber>
         </v1:request>
      </v1:searchPersonByAddressRequest>
   </soapenv:Body>
</soapenv:Envelope>]]></con:request>
        <con:credentials>
          <con:selectedAuthProfile>Basic</con:selectedAuthProfile>
          <con:addedBasicAuthenticationTypes>Basic</con:addedBasicAuthenticationTypes>
          <con:authType>Global HTTP Settings</con:authType>
        </con:credentials>
        <con:jmsConfig JMSDeliveryMode="PERSISTENT"/>
        <con:jmsPropertyConfig/>
        <con:wsaConfig mustUnderstand="NONE" version="200508" action="http://fidus.brussels/services/personservice/searchPersonByAddress"/>
        <con:wsrmConfig version="1.2"/>
      </con:call>
      <con:call id="96e62530-b8b7-4d46-be40-914b252ca667" name="2 - Dev - Request" outgoingWss="Outflow DEV" incomingWss="Inflow DEV">
        <con:settings>
          <con:setting id="com.eviware.soapui.impl.wsdl.WsdlRequest@request-headers">&lt;xml-fragment/></con:setting>
        </con:settings>
        <con:encoding>UTF-8</con:encoding>
        <con:endpoint>https://192.168.36.61:8243/services/PersonService_v1.0</con:endpoint>
        <con:request><![CDATA[<soapenv:Envelope xmlns:soapenv="http://schemas.xmlsoap.org/soap/envelope/" xmlns:v1="http://fidus.brussels/service/personservice/messages/v1" xmlns:v11="http://fidus.brussels/type/common/messages/v1">
   <soapenv:Header/>
   <soapenv:Body>
      <v1:searchPersonByAddressRequest>
         <v1:messageContext>
         	  <v11:messageId>${=import static java.util.UUID.randomUUID; uuid = randomUUID() as String}</v11:messageId>
            <v11:timestamp>${=new java.text.SimpleDateFormat("yyyy-MM-dd'T'HH:mm:ss.SSS").format(new Date())}</v11:timestamp>
         </v1:messageContext>
         <v1:legalContext>ServiceIntegrator</v1:legalContext>
         <v1:request>
            <postalCode>2800</postalCode>
            <streetCode>1480</streetCode>
            <houseNumber>77</houseNumber>
         </v1:request>
      </v1:searchPersonByAddressRequest>
   </soapenv:Body>
</soapenv:Envelope>]]></con:request>
        <con:credentials>
          <con:selectedAuthProfile>Basic</con:selectedAuthProfile>
          <con:addedBasicAuthenticationTypes>Basic</con:addedBasicAuthenticationTypes>
          <con:authType>Global HTTP Settings</con:authType>
        </con:credentials>
        <con:jmsConfig JMSDeliveryMode="PERSISTENT"/>
        <con:jmsPropertyConfig/>
        <con:wsaConfig mustUnderstand="NONE" version="200508" action="http://fidus.brussels/services/personservice/searchPersonByAddress"/>
        <con:wsrmConfig version="1.2"/>
      </con:call>
      <con:call id="4fdf64fb-d478-4164-823d-4ea01aa4d298" name="3 - Test - External - Request" outgoingWss="Outflow TEST" incomingWss="Inflow TEST">
        <con:settings>
          <con:setting id="com.eviware.soapui.impl.wsdl.WsdlRequest@request-headers">&lt;xml-fragment/></con:setting>
        </con:settings>
        <con:encoding>UTF-8</con:encoding>
        <con:endpoint>https://fidus-test.irisnetlab.be/services/PersonService_v1.0</con:endpoint>
        <con:request><![CDATA[<soapenv:Envelope xmlns:soapenv="http://schemas.xmlsoap.org/soap/envelope/" xmlns:v1="http://fidus.brussels/service/personservice/messages/v1" xmlns:v11="http://fidus.brussels/type/common/messages/v1">
   <soapenv:Header/>
   <soapenv:Body>
      <v1:searchPersonByAddressRequest>
         <v1:messageContext>
         	  <v11:messageId>${=import static java.util.UUID.randomUUID; uuid = randomUUID() as String}</v11:messageId>
            <v11:timestamp>${=new java.text.SimpleDateFormat("yyyy-MM-dd'T'HH:mm:ss.SSS").format(new Date())}</v11:timestamp>
         </v1:messageContext>
         <v1:legalContext>ServiceIntegrator</v1:legalContext>
         <v1:request>
            <postalCode>2800</postalCode>
            <streetCode>1480</streetCode>
            <houseNumber>77</houseNumber>
         </v1:request>
      </v1:searchPersonByAddressRequest>
   </soapenv:Body>
</soapenv:Envelope>]]></con:request>
        <con:credentials>
          <con:selectedAuthProfile>Basic</con:selectedAuthProfile>
          <con:addedBasicAuthenticationTypes>Basic</con:addedBasicAuthenticationTypes>
          <con:authType>Global HTTP Settings</con:authType>
        </con:credentials>
        <con:jmsConfig JMSDeliveryMode="PERSISTENT"/>
        <con:jmsPropertyConfig/>
        <con:wsaConfig mustUnderstand="NONE" version="200508" action="http://fidus.brussels/services/personservice/searchPersonByAddress"/>
        <con:wsrmConfig version="1.2"/>
      </con:call>
      <con:call id="bd14dd5b-7781-4ee2-8ccf-62d39077335e" name="3 - Test - LB - Request" outgoingWss="Outflow TEST" incomingWss="Inflow TEST">
        <con:settings>
          <con:setting id="com.eviware.soapui.impl.wsdl.WsdlRequest@request-headers">&lt;xml-fragment/></con:setting>
        </con:settings>
        <con:encoding>UTF-8</con:encoding>
        <con:endpoint>https://esb-security-gw.sta.srv.cirb.lan:8443/services/PersonService_v1.0</con:endpoint>
        <con:request><![CDATA[<soapenv:Envelope xmlns:soapenv="http://schemas.xmlsoap.org/soap/envelope/" xmlns:v1="http://fidus.brussels/service/personservice/messages/v1" xmlns:v11="http://fidus.brussels/type/common/messages/v1">
   <soapenv:Header/>
   <soapenv:Body>
      <v1:searchPersonByAddressRequest>
         <v1:messageContext>
         	  <v11:messageId>${=import static java.util.UUID.randomUUID; uuid = randomUUID() as String}</v11:messageId>
            <v11:timestamp>${=new java.text.SimpleDateFormat("yyyy-MM-dd'T'HH:mm:ss.SSS").format(new Date())}</v11:timestamp>
         </v1:messageContext>
         <v1:legalContext>ServiceIntegrator</v1:legalContext>
         <v1:request>
            <postalCode>2800</postalCode>
            <streetCode>1480</streetCode>
            <houseNumber>77</houseNumber>
         </v1:request>
      </v1:searchPersonByAddressRequest>
   </soapenv:Body>
</soapenv:Envelope>]]></con:request>
        <con:credentials>
          <con:selectedAuthProfile>Basic</con:selectedAuthProfile>
          <con:addedBasicAuthenticationTypes>Basic</con:addedBasicAuthenticationTypes>
          <con:authType>Global HTTP Settings</con:authType>
        </con:credentials>
        <con:jmsConfig JMSDeliveryMode="PERSISTENT"/>
        <con:jmsPropertyConfig/>
        <con:wsaConfig mustUnderstand="NONE" version="200508" action="http://fidus.brussels/services/personservice/searchPersonByAddress"/>
        <con:wsrmConfig version="1.2"/>
      </con:call>
      <con:call id="4cf18017-ee69-4750-af75-556f3f9fa371" name="3 - Test - Worker1 - Request" outgoingWss="Outflow TEST" incomingWss="Inflow TEST">
        <con:settings>
          <con:setting id="com.eviware.soapui.impl.wsdl.WsdlRequest@request-headers">&lt;xml-fragment/></con:setting>
        </con:settings>
        <con:encoding>UTF-8</con:encoding>
        <con:endpoint>https://192.168.22.53:8443/services/PersonService_v1.0</con:endpoint>
        <con:request><![CDATA[<soapenv:Envelope xmlns:soapenv="http://schemas.xmlsoap.org/soap/envelope/" xmlns:v1="http://fidus.brussels/service/personservice/messages/v1" xmlns:v11="http://fidus.brussels/type/common/messages/v1">
   <soapenv:Header/>
   <soapenv:Body>
      <v1:searchPersonByAddressRequest>
         <v1:messageContext>
         	  <v11:messageId>${=import static java.util.UUID.randomUUID; uuid = randomUUID() as String}</v11:messageId>
            <v11:timestamp>${=new java.text.SimpleDateFormat("yyyy-MM-dd'T'HH:mm:ss.SSS").format(new Date())}</v11:timestamp>
         </v1:messageContext>
         <v1:legalContext>ServiceIntegrator</v1:legalContext>
         <v1:request>
            <postalCode>2800</postalCode>
            <streetCode>1480</streetCode>
            <houseNumber>77</houseNumber>
         </v1:request>
      </v1:searchPersonByAddressRequest>
   </soapenv:Body>
</soapenv:Envelope>]]></con:request>
        <con:credentials>
          <con:selectedAuthProfile>Basic</con:selectedAuthProfile>
          <con:addedBasicAuthenticationTypes>Basic</con:addedBasicAuthenticationTypes>
          <con:authType>Global HTTP Settings</con:authType>
        </con:credentials>
        <con:jmsConfig JMSDeliveryMode="PERSISTENT"/>
        <con:jmsPropertyConfig/>
        <con:wsaConfig mustUnderstand="NONE" version="200508" action="http://fidus.brussels/services/personservice/searchPersonByAddress"/>
        <con:wsrmConfig version="1.2"/>
      </con:call>
      <con:call id="9d2d20b2-ab33-4073-8388-b2b24e4b1e93" name="3 - Test - Worker2 - Request" outgoingWss="Outflow TEST" incomingWss="Inflow TEST">
        <con:settings>
          <con:setting id="com.eviware.soapui.impl.wsdl.WsdlRequest@request-headers">&lt;xml-fragment/></con:setting>
        </con:settings>
        <con:encoding>UTF-8</con:encoding>
        <con:endpoint>https://192.168.22.54:8443/services/PersonService_v1.0</con:endpoint>
        <con:request><![CDATA[<soapenv:Envelope xmlns:soapenv="http://schemas.xmlsoap.org/soap/envelope/" xmlns:v1="http://fidus.brussels/service/personservice/messages/v1" xmlns:v11="http://fidus.brussels/type/common/messages/v1">
   <soapenv:Header/>
   <soapenv:Body>
      <v1:searchPersonByAddressRequest>
         <v1:messageContext>
         	  <v11:messageId>${=import static java.util.UUID.randomUUID; uuid = randomUUID() as String}</v11:messageId>
            <v11:timestamp>${=new java.text.SimpleDateFormat("yyyy-MM-dd'T'HH:mm:ss.SSS").format(new Date())}</v11:timestamp>
         </v1:messageContext>
         <v1:legalContext>ServiceIntegrator</v1:legalContext>
         <v1:request>
            <postalCode>2800</postalCode>
            <streetCode>1480</streetCode>
            <houseNumber>77</houseNumber>
         </v1:request>
      </v1:searchPersonByAddressRequest>
   </soapenv:Body>
</soapenv:Envelope>]]></con:request>
        <con:credentials>
          <con:selectedAuthProfile>Basic</con:selectedAuthProfile>
          <con:addedBasicAuthenticationTypes>Basic</con:addedBasicAuthenticationTypes>
          <con:authType>Global HTTP Settings</con:authType>
        </con:credentials>
        <con:jmsConfig JMSDeliveryMode="PERSISTENT"/>
        <con:jmsPropertyConfig/>
        <con:wsaConfig mustUnderstand="NONE" version="200508" action="http://fidus.brussels/services/personservice/searchPersonByAddress"/>
        <con:wsrmConfig version="1.2"/>
      </con:call>
      <con:call id="ce05d58f-458e-45a2-99bb-5464937162c5" name="4 - Staging - LB - Request" outgoingWss="Outflow STAG" incomingWss="Inflow STAG">
        <con:settings>
          <con:setting id="com.eviware.soapui.impl.wsdl.WsdlRequest@request-headers">&lt;xml-fragment/></con:setting>
        </con:settings>
        <con:encoding>UTF-8</con:encoding>
        <con:endpoint>https://fidus-esb-sg.sta.srv.cirb.lan:8443/services/PersonService_v1.0</con:endpoint>
        <con:request><![CDATA[<soapenv:Envelope xmlns:soapenv="http://schemas.xmlsoap.org/soap/envelope/" xmlns:v1="http://fidus.brussels/service/personservice/messages/v1" xmlns:v11="http://fidus.brussels/type/common/messages/v1">
   <soapenv:Header/>
   <soapenv:Body>
      <v1:searchPersonByAddressRequest>
         <v1:messageContext>
         	  <v11:messageId>${=import static java.util.UUID.randomUUID; uuid = randomUUID() as String}</v11:messageId>
            <v11:timestamp>${=new java.text.SimpleDateFormat("yyyy-MM-dd'T'HH:mm:ss.SSS").format(new Date())}</v11:timestamp>
         </v1:messageContext>
         <v1:legalContext>ServiceIntegrator</v1:legalContext>
         <v1:request>
            <postalCode>2800</postalCode>
            <streetCode>1480</streetCode>
            <houseNumber>77</houseNumber>
         </v1:request>
      </v1:searchPersonByAddressRequest>
   </soapenv:Body>
</soapenv:Envelope>]]></con:request>
        <con:credentials>
          <con:selectedAuthProfile>Basic</con:selectedAuthProfile>
          <con:addedBasicAuthenticationTypes>Basic</con:addedBasicAuthenticationTypes>
          <con:authType>Global HTTP Settings</con:authType>
        </con:credentials>
        <con:jmsConfig JMSDeliveryMode="PERSISTENT"/>
        <con:jmsPropertyConfig/>
        <con:wsaConfig mustUnderstand="NONE" version="200508" action="http://fidus.brussels/services/personservice/searchPersonByAddress"/>
        <con:wsrmConfig version="1.2"/>
      </con:call>
      <con:call id="fa9d8d9d-f74b-4016-9573-bc46c4c59f8f" name="4 - Staging - Worker1 - Request" outgoingWss="Outflow STAG" incomingWss="Inflow STAG">
        <con:settings>
          <con:setting id="com.eviware.soapui.impl.wsdl.WsdlRequest@request-headers">&lt;xml-fragment/></con:setting>
        </con:settings>
        <con:encoding>UTF-8</con:encoding>
        <con:endpoint>https://192.168.24.16:8443/services/PersonService_v1.0</con:endpoint>
        <con:request><![CDATA[<soapenv:Envelope xmlns:soapenv="http://schemas.xmlsoap.org/soap/envelope/" xmlns:v1="http://fidus.brussels/service/personservice/messages/v1" xmlns:v11="http://fidus.brussels/type/common/messages/v1">
   <soapenv:Header/>
   <soapenv:Body>
      <v1:searchPersonByAddressRequest>
         <v1:messageContext>
         	  <v11:messageId>${=import static java.util.UUID.randomUUID; uuid = randomUUID() as String}</v11:messageId>
            <v11:timestamp>${=new java.text.SimpleDateFormat("yyyy-MM-dd'T'HH:mm:ss.SSS").format(new Date())}</v11:timestamp>
         </v1:messageContext>
         <v1:legalContext>ServiceIntegrator</v1:legalContext>
         <v1:request>
            <postalCode>2800</postalCode>
            <streetCode>1480</streetCode>
            <houseNumber>77</houseNumber>
         </v1:request>
      </v1:searchPersonByAddressRequest>
   </soapenv:Body>
</soapenv:Envelope>]]></con:request>
        <con:credentials>
          <con:selectedAuthProfile>Basic</con:selectedAuthProfile>
          <con:addedBasicAuthenticationTypes>Basic</con:addedBasicAuthenticationTypes>
          <con:authType>Global HTTP Settings</con:authType>
        </con:credentials>
        <con:jmsConfig JMSDeliveryMode="PERSISTENT"/>
        <con:jmsPropertyConfig/>
        <con:wsaConfig mustUnderstand="NONE" version="200508" action="http://fidus.brussels/services/personservice/searchPersonByAddress"/>
        <con:wsrmConfig version="1.2"/>
      </con:call>
      <con:call id="e03ee615-c9c3-4ad0-be69-11f89a3cf25f" name="4 - Staging - Worker2 - Request" outgoingWss="Outflow STAG" incomingWss="Inflow STAG">
        <con:settings>
          <con:setting id="com.eviware.soapui.impl.wsdl.WsdlRequest@request-headers">&lt;xml-fragment/></con:setting>
        </con:settings>
        <con:encoding>UTF-8</con:encoding>
        <con:endpoint>https://192.168.24.17:8443/services/PersonService_v1.0</con:endpoint>
        <con:request><![CDATA[<soapenv:Envelope xmlns:soapenv="http://schemas.xmlsoap.org/soap/envelope/" xmlns:v1="http://fidus.brussels/service/personservice/messages/v1" xmlns:v11="http://fidus.brussels/type/common/messages/v1">
   <soapenv:Header/>
   <soapenv:Body>
      <v1:searchPersonByAddressRequest>
         <v1:messageContext>
         	  <v11:messageId>${=import static java.util.UUID.randomUUID; uuid = randomUUID() as String}</v11:messageId>
            <v11:timestamp>${=new java.text.SimpleDateFormat("yyyy-MM-dd'T'HH:mm:ss.SSS").format(new Date())}</v11:timestamp>
         </v1:messageContext>
         <v1:legalContext>ServiceIntegrator</v1:legalContext>
         <v1:request>
            <postalCode>2800</postalCode>
            <streetCode>1480</streetCode>
            <houseNumber>77</houseNumber>
         </v1:request>
      </v1:searchPersonByAddressRequest>
   </soapenv:Body>
</soapenv:Envelope>]]></con:request>
        <con:credentials>
          <con:selectedAuthProfile>Basic</con:selectedAuthProfile>
          <con:addedBasicAuthenticationTypes>Basic</con:addedBasicAuthenticationTypes>
          <con:authType>Global HTTP Settings</con:authType>
        </con:credentials>
        <con:jmsConfig JMSDeliveryMode="PERSISTENT"/>
        <con:jmsPropertyConfig/>
        <con:wsaConfig mustUnderstand="NONE" version="200508" action="http://fidus.brussels/services/personservice/searchPersonByAddress"/>
        <con:wsrmConfig version="1.2"/>
      </con:call>
      <con:call id="85a4ad10-d22b-4e61-9773-e8480aae2de9" name="4 - Staging - External - Request" outgoingWss="Outflow STAG" incomingWss="Inflow STAG">
        <con:settings>
          <con:setting id="com.eviware.soapui.impl.wsdl.WsdlRequest@request-headers">&lt;xml-fragment/></con:setting>
        </con:settings>
        <con:encoding>UTF-8</con:encoding>
        <con:endpoint>https://fidus.irisnetlab.be/services/PersonService_v1.0</con:endpoint>
        <con:request><![CDATA[<soapenv:Envelope xmlns:soapenv="http://schemas.xmlsoap.org/soap/envelope/" xmlns:v1="http://fidus.brussels/service/personservice/messages/v1" xmlns:v11="http://fidus.brussels/type/common/messages/v1">
   <soapenv:Header/>
   <soapenv:Body>
      <v1:searchPersonByAddressRequest>
         <v1:messageContext>
         	  <v11:messageId>${=import static java.util.UUID.randomUUID; uuid = randomUUID() as String}</v11:messageId>
            <v11:timestamp>${=new java.text.SimpleDateFormat("yyyy-MM-dd'T'HH:mm:ss.SSS").format(new Date())}</v11:timestamp>
         </v1:messageContext>
         <v1:legalContext>ServiceIntegrator</v1:legalContext>
         <v1:request>
            <postalCode>2800</postalCode>
            <streetCode>1480</streetCode>
            <houseNumber>77</houseNumber>
         </v1:request>
      </v1:searchPersonByAddressRequest>
   </soapenv:Body>
</soapenv:Envelope>]]></con:request>
        <con:credentials>
          <con:selectedAuthProfile>Basic</con:selectedAuthProfile>
          <con:addedBasicAuthenticationTypes>Basic</con:addedBasicAuthenticationTypes>
          <con:authType>Global HTTP Settings</con:authType>
        </con:credentials>
        <con:jmsConfig JMSDeliveryMode="PERSISTENT"/>
        <con:jmsPropertyConfig/>
        <con:wsaConfig mustUnderstand="NONE" version="200508" action="http://fidus.brussels/services/personservice/searchPersonByAddress"/>
        <con:wsrmConfig version="1.2"/>
      </con:call>
      <con:call id="dc958878-2705-405e-bdee-e2347006388b" name="5 - Prod - External - Request" outgoingWss="Outflow PROD" incomingWss="Inflow PROD">
        <con:settings>
          <con:setting id="com.eviware.soapui.impl.wsdl.WsdlRequest@request-headers">&lt;xml-fragment/></con:setting>
        </con:settings>
        <con:encoding>UTF-8</con:encoding>
        <con:endpoint>https://fidus.sec.brussels/services/PersonService_v1.0</con:endpoint>
        <con:request><![CDATA[<soapenv:Envelope xmlns:soapenv="http://schemas.xmlsoap.org/soap/envelope/" xmlns:v1="http://fidus.brussels/service/personservice/messages/v1" xmlns:v11="http://fidus.brussels/type/common/messages/v1">
   <soapenv:Header/>
   <soapenv:Body>
      <v1:searchPersonByAddressRequest>
         <v1:messageContext>
         	  <v11:messageId>${=import static java.util.UUID.randomUUID; uuid = randomUUID() as String}</v11:messageId>
            <v11:timestamp>${=new java.text.SimpleDateFormat("yyyy-MM-dd'T'HH:mm:ss.SSS").format(new Date())}</v11:timestamp>
         </v1:messageContext>
         <v1:legalContext>ServiceIntegrator</v1:legalContext>
         <v1:request>
            <postalCode>2800</postalCode>
            <streetCode>1480</streetCode>
            <houseNumber>77</houseNumber>
         </v1:request>
      </v1:searchPersonByAddressRequest>
   </soapenv:Body>
</soapenv:Envelope>]]></con:request>
        <con:credentials>
          <con:selectedAuthProfile>Basic</con:selectedAuthProfile>
          <con:addedBasicAuthenticationTypes>Basic</con:addedBasicAuthenticationTypes>
          <con:authType>Global HTTP Settings</con:authType>
        </con:credentials>
        <con:jmsConfig JMSDeliveryMode="PERSISTENT"/>
        <con:jmsPropertyConfig/>
        <con:wsaConfig mustUnderstand="NONE" version="200508" action="http://fidus.brussels/services/personservice/searchPersonByAddress"/>
        <con:wsrmConfig version="1.2"/>
      </con:call>
      <con:call id="57836cf7-beed-4cdd-9ebc-9edaa21f9b5f" name="5 - Prod - LB - Request" outgoingWss="Outflow PROD" incomingWss="Inflow PROD">
        <con:settings>
          <con:setting id="com.eviware.soapui.impl.wsdl.WsdlRequest@request-headers">&lt;xml-fragment/></con:setting>
        </con:settings>
        <con:encoding>UTF-8</con:encoding>
        <con:endpoint>https://fidus-esb-sg.prd.srv.cirb.lan:8443/services/PersonService_v1.0</con:endpoint>
        <con:request><![CDATA[<soapenv:Envelope xmlns:soapenv="http://schemas.xmlsoap.org/soap/envelope/" xmlns:v1="http://fidus.brussels/service/personservice/messages/v1" xmlns:v11="http://fidus.brussels/type/common/messages/v1">
   <soapenv:Header/>
   <soapenv:Body>
      <v1:searchPersonByAddressRequest>
         <v1:messageContext>
         	  <v11:messageId>${=import static java.util.UUID.randomUUID; uuid = randomUUID() as String}</v11:messageId>
            <v11:timestamp>${=new java.text.SimpleDateFormat("yyyy-MM-dd'T'HH:mm:ss.SSS").format(new Date())}</v11:timestamp>
         </v1:messageContext>
         <v1:legalContext>ServiceIntegrator</v1:legalContext>
         <v1:request>
            <postalCode>2800</postalCode>
            <streetCode>1480</streetCode>
            <houseNumber>77</houseNumber>
         </v1:request>
      </v1:searchPersonByAddressRequest>
   </soapenv:Body>
</soapenv:Envelope>]]></con:request>
        <con:credentials>
          <con:selectedAuthProfile>Basic</con:selectedAuthProfile>
          <con:addedBasicAuthenticationTypes>Basic</con:addedBasicAuthenticationTypes>
          <con:authType>Global HTTP Settings</con:authType>
        </con:credentials>
        <con:jmsConfig JMSDeliveryMode="PERSISTENT"/>
        <con:jmsPropertyConfig/>
        <con:wsaConfig mustUnderstand="NONE" version="200508" action="http://fidus.brussels/services/personservice/searchPersonByAddress"/>
        <con:wsrmConfig version="1.2"/>
      </con:call>
      <con:call id="1e9bd60d-d233-410e-8ac9-8b0e1b9730e1" name="5 - Prod - Worker1 - Request" outgoingWss="Outflow PROD" incomingWss="Inflow PROD">
        <con:settings>
          <con:setting id="com.eviware.soapui.impl.wsdl.WsdlRequest@request-headers">&lt;xml-fragment/></con:setting>
        </con:settings>
        <con:encoding>UTF-8</con:encoding>
        <con:endpoint>https://192.168.26.22:8443/services/PersonService_v1.0</con:endpoint>
        <con:request><![CDATA[<soapenv:Envelope xmlns:soapenv="http://schemas.xmlsoap.org/soap/envelope/" xmlns:v1="http://fidus.brussels/service/personservice/messages/v1" xmlns:v11="http://fidus.brussels/type/common/messages/v1">
   <soapenv:Header/>
   <soapenv:Body>
      <v1:searchPersonByAddressRequest>
         <v1:messageContext>
         	  <v11:messageId>${=import static java.util.UUID.randomUUID; uuid = randomUUID() as String}</v11:messageId>
            <v11:timestamp>${=new java.text.SimpleDateFormat("yyyy-MM-dd'T'HH:mm:ss.SSS").format(new Date())}</v11:timestamp>
         </v1:messageContext>
         <v1:legalContext>ServiceIntegrator</v1:legalContext>
         <v1:request>
            <postalCode>2800</postalCode>
            <streetCode>1480</streetCode>
            <houseNumber>77</houseNumber>
         </v1:request>
      </v1:searchPersonByAddressRequest>
   </soapenv:Body>
</soapenv:Envelope>]]></con:request>
        <con:credentials>
          <con:selectedAuthProfile>Basic</con:selectedAuthProfile>
          <con:addedBasicAuthenticationTypes>Basic</con:addedBasicAuthenticationTypes>
          <con:authType>Global HTTP Settings</con:authType>
        </con:credentials>
        <con:jmsConfig JMSDeliveryMode="PERSISTENT"/>
        <con:jmsPropertyConfig/>
        <con:wsaConfig mustUnderstand="NONE" version="200508" action="http://fidus.brussels/services/personservice/searchPersonByAddress"/>
        <con:wsrmConfig version="1.2"/>
      </con:call>
      <con:call id="2fcc253d-1c54-482f-a8ef-6ee76c88251c" name="5 - Prod - Worker2 - Request" outgoingWss="Outflow PROD" incomingWss="Inflow PROD">
        <con:settings>
          <con:setting id="com.eviware.soapui.impl.wsdl.WsdlRequest@request-headers">&lt;xml-fragment/></con:setting>
        </con:settings>
        <con:encoding>UTF-8</con:encoding>
        <con:endpoint>https://192.168.26.19:8443/services/PersonService_v1.0</con:endpoint>
        <con:request><![CDATA[<soapenv:Envelope xmlns:soapenv="http://schemas.xmlsoap.org/soap/envelope/" xmlns:v1="http://fidus.brussels/service/personservice/messages/v1" xmlns:v11="http://fidus.brussels/type/common/messages/v1">
   <soapenv:Header/>
   <soapenv:Body>
      <v1:searchPersonByAddressRequest>
         <v1:messageContext>
         	  <v11:messageId>${=import static java.util.UUID.randomUUID; uuid = randomUUID() as String}</v11:messageId>
            <v11:timestamp>${=new java.text.SimpleDateFormat("yyyy-MM-dd'T'HH:mm:ss.SSS").format(new Date())}</v11:timestamp>
         </v1:messageContext>
         <v1:legalContext>ServiceIntegrator</v1:legalContext>
         <v1:request>
            <postalCode>2800</postalCode>
            <streetCode>1480</streetCode>
            <houseNumber>77</houseNumber>
         </v1:request>
      </v1:searchPersonByAddressRequest>
   </soapenv:Body>
</soapenv:Envelope>]]></con:request>
        <con:credentials>
          <con:selectedAuthProfile>Basic</con:selectedAuthProfile>
          <con:addedBasicAuthenticationTypes>Basic</con:addedBasicAuthenticationTypes>
          <con:authType>Global HTTP Settings</con:authType>
        </con:credentials>
        <con:jmsConfig JMSDeliveryMode="PERSISTENT"/>
        <con:jmsPropertyConfig/>
        <con:wsaConfig mustUnderstand="NONE" version="200508" action="http://fidus.brussels/services/personservice/searchPersonByAddress"/>
        <con:wsrmConfig version="1.2"/>
      </con:call>
    <con:call id="d0d2467b-e44f-4d98-83c7-3445155531bc" name="2 - DevNew - Request" outgoingWss="Outflow DEV" incomingWss="Inflow DEV"><con:settings><con:setting id="com.eviware.soapui.impl.wsdl.WsdlRequest@request-headers">&lt;xml-fragment/></con:setting></con:settings><con:encoding>UTF-8</con:encoding><con:endpoint>https://192.168.36.205:8243/services/PersonService_v1.0</con:endpoint><con:request><![CDATA[<soapenv:Envelope xmlns:soapenv="http://schemas.xmlsoap.org/soap/envelope/" xmlns:v1="http://fidus.brussels/service/personservice/messages/v1" xmlns:v11="http://fidus.brussels/type/common/messages/v1">
   <soapenv:Header/>
   <soapenv:Body>
      <v1:searchPersonByAddressRequest>
         <v1:messageContext>
         	  <v11:messageId>${=import static java.util.UUID.randomUUID; uuid = randomUUID() as String}</v11:messageId>
            <v11:timestamp>${=new java.text.SimpleDateFormat("yyyy-MM-dd'T'HH:mm:ss.SSS").format(new Date())}</v11:timestamp>
         </v1:messageContext>
         <v1:legalContext>ServiceIntegrator</v1:legalContext>
         <v1:request>
            <postalCode>2800</postalCode>
            <streetCode>1480</streetCode>
            <houseNumber>77</houseNumber>
         </v1:request>
      </v1:searchPersonByAddressRequest>
   </soapenv:Body>
</soapenv:Envelope>]]></con:request><con:credentials>
          <con:selectedAuthProfile>Basic</con:selectedAuthProfile>
          <con:addedBasicAuthenticationTypes>Basic</con:addedBasicAuthenticationTypes>
          <con:authType>Global HTTP Settings</con:authType>
        </con:credentials><con:jmsConfig JMSDeliveryMode="PERSISTENT"/><con:jmsPropertyConfig/><con:wsaConfig mustUnderstand="NONE" version="200508" action="http://fidus.brussels/services/personservice/searchPersonByAddress"/><con:wsrmConfig version="1.2"/></con:call><con:call id="104c0ba3-e4a4-4755-91f0-21300b23a57f" name="3 - Test - Worker1New - Request" outgoingWss="Outflow TEST" incomingWss="Inflow TEST"><con:settings><con:setting id="com.eviware.soapui.impl.wsdl.WsdlRequest@request-headers">&lt;xml-fragment/></con:setting></con:settings><con:encoding>UTF-8</con:encoding><con:endpoint>https://192.168.22.73:8443/services/PersonService_v1.0</con:endpoint><con:request><![CDATA[<soapenv:Envelope xmlns:soapenv="http://schemas.xmlsoap.org/soap/envelope/" xmlns:v1="http://fidus.brussels/service/personservice/messages/v1" xmlns:v11="http://fidus.brussels/type/common/messages/v1">
   <soapenv:Header/>
   <soapenv:Body>
      <v1:searchPersonByAddressRequest>
         <v1:messageContext>
         	  <v11:messageId>${=import static java.util.UUID.randomUUID; uuid = randomUUID() as String}</v11:messageId>
            <v11:timestamp>${=new java.text.SimpleDateFormat("yyyy-MM-dd'T'HH:mm:ss.SSS").format(new Date())}</v11:timestamp>
         </v1:messageContext>
         <v1:legalContext>ServiceIntegrator</v1:legalContext>
         <v1:request>
            <postalCode>2800</postalCode>
            <streetCode>1480</streetCode>
            <houseNumber>77</houseNumber>
         </v1:request>
      </v1:searchPersonByAddressRequest>
   </soapenv:Body>
</soapenv:Envelope>]]></con:request><con:credentials>
          <con:selectedAuthProfile>Basic</con:selectedAuthProfile>
          <con:addedBasicAuthenticationTypes>Basic</con:addedBasicAuthenticationTypes>
          <con:authType>Global HTTP Settings</con:authType>
        </con:credentials><con:jmsConfig JMSDeliveryMode="PERSISTENT"/><con:jmsPropertyConfig/><con:wsaConfig mustUnderstand="NONE" version="200508" action="http://fidus.brussels/services/personservice/searchPersonByAddress"/><con:wsrmConfig version="1.2"/></con:call><con:call id="8e24ca88-5589-43f7-b289-5f0143e1b3cb" name="3 - Test - Worker2New - Request" outgoingWss="Outflow TEST" incomingWss="Inflow TEST"><con:settings><con:setting id="com.eviware.soapui.impl.wsdl.WsdlRequest@request-headers">&lt;xml-fragment/></con:setting></con:settings><con:encoding>UTF-8</con:encoding><con:endpoint>https://192.168.22.93:8443/services/PersonService_v1.0</con:endpoint><con:request><![CDATA[<soapenv:Envelope xmlns:soapenv="http://schemas.xmlsoap.org/soap/envelope/" xmlns:v1="http://fidus.brussels/service/personservice/messages/v1" xmlns:v11="http://fidus.brussels/type/common/messages/v1">
   <soapenv:Header/>
   <soapenv:Body>
      <v1:searchPersonByAddressRequest>
         <v1:messageContext>
         	  <v11:messageId>${=import static java.util.UUID.randomUUID; uuid = randomUUID() as String}</v11:messageId>
            <v11:timestamp>${=new java.text.SimpleDateFormat("yyyy-MM-dd'T'HH:mm:ss.SSS").format(new Date())}</v11:timestamp>
         </v1:messageContext>
         <v1:legalContext>ServiceIntegrator</v1:legalContext>
         <v1:request>
            <postalCode>2800</postalCode>
            <streetCode>1480</streetCode>
            <houseNumber>77</houseNumber>
         </v1:request>
      </v1:searchPersonByAddressRequest>
   </soapenv:Body>
</soapenv:Envelope>]]></con:request><con:credentials>
          <con:selectedAuthProfile>Basic</con:selectedAuthProfile>
          <con:addedBasicAuthenticationTypes>Basic</con:addedBasicAuthenticationTypes>
          <con:authType>Global HTTP Settings</con:authType>
        </con:credentials><con:jmsConfig JMSDeliveryMode="PERSISTENT"/><con:jmsPropertyConfig/><con:wsaConfig mustUnderstand="NONE" version="200508" action="http://fidus.brussels/services/personservice/searchPersonByAddress"/><con:wsrmConfig version="1.2"/></con:call><con:call id="b3922a18-5965-4e81-9c0c-27b3d94b839c" name="4 - Staging - Worker1New - Request" outgoingWss="Outflow STAG" incomingWss="Inflow STAG"><con:settings><con:setting id="com.eviware.soapui.impl.wsdl.WsdlRequest@request-headers">&lt;xml-fragment/></con:setting></con:settings><con:encoding>UTF-8</con:encoding><con:endpoint>https://192.168.23.191:8443/services/PersonService_v1.0</con:endpoint><con:request><![CDATA[<soapenv:Envelope xmlns:soapenv="http://schemas.xmlsoap.org/soap/envelope/" xmlns:v1="http://fidus.brussels/service/personservice/messages/v1" xmlns:v11="http://fidus.brussels/type/common/messages/v1">
   <soapenv:Header/>
   <soapenv:Body>
      <v1:searchPersonByAddressRequest>
         <v1:messageContext>
         	  <v11:messageId>${=import static java.util.UUID.randomUUID; uuid = randomUUID() as String}</v11:messageId>
            <v11:timestamp>${=new java.text.SimpleDateFormat("yyyy-MM-dd'T'HH:mm:ss.SSS").format(new Date())}</v11:timestamp>
         </v1:messageContext>
         <v1:legalContext>ServiceIntegrator</v1:legalContext>
         <v1:request>
            <postalCode>2800</postalCode>
            <streetCode>1480</streetCode>
            <houseNumber>77</houseNumber>
         </v1:request>
      </v1:searchPersonByAddressRequest>
   </soapenv:Body>
</soapenv:Envelope>]]></con:request><con:credentials>
          <con:selectedAuthProfile>Basic</con:selectedAuthProfile>
          <con:addedBasicAuthenticationTypes>Basic</con:addedBasicAuthenticationTypes>
          <con:authType>Global HTTP Settings</con:authType>
        </con:credentials><con:jmsConfig JMSDeliveryMode="PERSISTENT"/><con:jmsPropertyConfig/><con:wsaConfig mustUnderstand="NONE" version="200508" action="http://fidus.brussels/services/personservice/searchPersonByAddress"/><con:wsrmConfig version="1.2"/></con:call><con:call id="f2c46c4c-5ff9-411a-b5ed-080f4d259776" name="4 - Staging - Worker2New - Request" outgoingWss="Outflow STAG" incomingWss="Inflow STAG"><con:settings><con:setting id="com.eviware.soapui.impl.wsdl.WsdlRequest@request-headers">&lt;xml-fragment/></con:setting></con:settings><con:encoding>UTF-8</con:encoding><con:endpoint>https://192.168.23.198:8443/services/PersonService_v1.0</con:endpoint><con:request><![CDATA[<soapenv:Envelope xmlns:soapenv="http://schemas.xmlsoap.org/soap/envelope/" xmlns:v1="http://fidus.brussels/service/personservice/messages/v1" xmlns:v11="http://fidus.brussels/type/common/messages/v1">
   <soapenv:Header/>
   <soapenv:Body>
      <v1:searchPersonByAddressRequest>
         <v1:messageContext>
         	  <v11:messageId>${=import static java.util.UUID.randomUUID; uuid = randomUUID() as String}</v11:messageId>
            <v11:timestamp>${=new java.text.SimpleDateFormat("yyyy-MM-dd'T'HH:mm:ss.SSS").format(new Date())}</v11:timestamp>
         </v1:messageContext>
         <v1:legalContext>ServiceIntegrator</v1:legalContext>
         <v1:request>
            <postalCode>2800</postalCode>
            <streetCode>1480</streetCode>
            <houseNumber>77</houseNumber>
         </v1:request>
      </v1:searchPersonByAddressRequest>
   </soapenv:Body>
</soapenv:Envelope>]]></con:request><con:credentials>
          <con:selectedAuthProfile>Basic</con:selectedAuthProfile>
          <con:addedBasicAuthenticationTypes>Basic</con:addedBasicAuthenticationTypes>
          <con:authType>Global HTTP Settings</con:authType>
        </con:credentials><con:jmsConfig JMSDeliveryMode="PERSISTENT"/><con:jmsPropertyConfig/><con:wsaConfig mustUnderstand="NONE" version="200508" action="http://fidus.brussels/services/personservice/searchPersonByAddress"/><con:wsrmConfig version="1.2"/></con:call></con:operation>
    <con:operation isOneWay="false" action="http://fidus.brussels/services/personservice/searchPersonPhonetically" name="searchPersonPhonetically" bindingOperationName="searchPersonPhonetically" type="Request-Response" inputName="" receivesAttachments="false" sendsAttachments="false" anonymous="optional" id="963fba3d-d71d-4af1-b0ec-fb7dea19318c">
      <con:settings/>
      <con:call name="1 - Local - Request" outgoingWss="Outflow DEV" incomingWss="Inflow DEV" id="ee0ebece-4826-4161-9fe7-a92fe233be58">
        <con:settings>
          <con:setting id="com.eviware.soapui.impl.wsdl.WsdlRequest@request-headers">&lt;xml-fragment/></con:setting>
        </con:settings>
        <con:encoding>UTF-8</con:encoding>
        <con:endpoint>https://localhost:8243/services/PersonService_v1.0</con:endpoint>
        <con:request><![CDATA[<soapenv:Envelope xmlns:soapenv="http://schemas.xmlsoap.org/soap/envelope/" xmlns:v1="http://fidus.brussels/service/personservice/messages/v1" xmlns:v11="http://fidus.brussels/type/common/messages/v1">
   <soapenv:Header/>
   <soapenv:Body>
      <v1:searchPersonPhoneticallyRequest>
         <v1:messageContext>
         	  <v11:messageId>${=import static java.util.UUID.randomUUID; uuid = randomUUID() as String}</v11:messageId>
            <v11:timestamp>${=new java.text.SimpleDateFormat("yyyy-MM-dd'T'HH:mm:ss.SSS").format(new Date())}</v11:timestamp>
         </v1:messageContext>
         <v1:legalContext>ServiceIntegrator</v1:legalContext>
         <v1:request>
            <name>
               <lastName>GENERATED</lastName>
               <givenName sequence="1">Stijn</givenName>
               <givenNameMatching>COMPLETE_FIRST_GIVENNAME</givenNameMatching>
            </name>
            <birth>
               <birthDate>1985-08-15</birthDate>
            </birth>
         </v1:request>
      </v1:searchPersonPhoneticallyRequest>
   </soapenv:Body>
</soapenv:Envelope>]]></con:request>
        <con:credentials>
          <con:selectedAuthProfile>Basic</con:selectedAuthProfile>
          <con:addedBasicAuthenticationTypes>Basic</con:addedBasicAuthenticationTypes>
          <con:authType>Global HTTP Settings</con:authType>
        </con:credentials>
        <con:jmsConfig JMSDeliveryMode="PERSISTENT"/>
        <con:jmsPropertyConfig/>
        <con:wsaConfig mustUnderstand="NONE" version="200508" action="http://fidus.brussels/services/personservice/searchPersonPhonetically"/>
        <con:wsrmConfig version="1.2"/>
      </con:call>
      <con:call id="a9f1546e-50d6-49ff-97db-59f679b6e803" name="2 - Dev - Request" outgoingWss="Outflow DEV" incomingWss="Inflow DEV">
        <con:settings>
          <con:setting id="com.eviware.soapui.impl.wsdl.WsdlRequest@request-headers">&lt;xml-fragment/></con:setting>
        </con:settings>
        <con:encoding>UTF-8</con:encoding>
        <con:endpoint>https://192.168.36.61:8243/services/PersonService_v1.0</con:endpoint>
        <con:request><![CDATA[<soapenv:Envelope xmlns:soapenv="http://schemas.xmlsoap.org/soap/envelope/" xmlns:v1="http://fidus.brussels/service/personservice/messages/v1" xmlns:v11="http://fidus.brussels/type/common/messages/v1">
   <soapenv:Header/>
   <soapenv:Body>
      <v1:searchPersonPhoneticallyRequest>
         <v1:messageContext>
         	  <v11:messageId>${=import static java.util.UUID.randomUUID; uuid = randomUUID() as String}</v11:messageId>
            <v11:timestamp>${=new java.text.SimpleDateFormat("yyyy-MM-dd'T'HH:mm:ss.SSS").format(new Date())}</v11:timestamp>
         </v1:messageContext>
         <v1:legalContext>ServiceIntegrator</v1:legalContext>
         <v1:request>
            <name>
               <lastName>GENERATED</lastName>
               <givenName sequence="1">Stijn</givenName>
               <givenNameMatching>COMPLETE_FIRST_GIVENNAME</givenNameMatching>
            </name>
            <birth>
               <birthDate>1985-08-15</birthDate>
            </birth>
         </v1:request>
      </v1:searchPersonPhoneticallyRequest>
   </soapenv:Body>
</soapenv:Envelope>]]></con:request>
        <con:credentials>
          <con:selectedAuthProfile>Basic</con:selectedAuthProfile>
          <con:addedBasicAuthenticationTypes>Basic</con:addedBasicAuthenticationTypes>
          <con:authType>Global HTTP Settings</con:authType>
        </con:credentials>
        <con:jmsConfig JMSDeliveryMode="PERSISTENT"/>
        <con:jmsPropertyConfig/>
        <con:wsaConfig mustUnderstand="NONE" version="200508" action="http://fidus.brussels/services/personservice/searchPersonPhonetically"/>
        <con:wsrmConfig version="1.2"/>
      </con:call>
      <con:call id="0eb96b84-438b-4b43-9b0e-364a4d879a4a" name="3 - Test - External - Request" outgoingWss="Outflow TEST" incomingWss="Inflow TEST">
        <con:settings>
          <con:setting id="com.eviware.soapui.impl.wsdl.WsdlRequest@request-headers">&lt;xml-fragment/></con:setting>
        </con:settings>
        <con:encoding>UTF-8</con:encoding>
        <con:endpoint>https://fidus-test.irisnetlab.be/services/PersonService_v1.0</con:endpoint>
        <con:request><![CDATA[<soapenv:Envelope xmlns:soapenv="http://schemas.xmlsoap.org/soap/envelope/" xmlns:v1="http://fidus.brussels/service/personservice/messages/v1" xmlns:v11="http://fidus.brussels/type/common/messages/v1">
   <soapenv:Header/>
   <soapenv:Body>
      <v1:searchPersonPhoneticallyRequest>
         <v1:messageContext>
         	  <v11:messageId>${=import static java.util.UUID.randomUUID; uuid = randomUUID() as String}</v11:messageId>
            <v11:timestamp>${=new java.text.SimpleDateFormat("yyyy-MM-dd'T'HH:mm:ss.SSS").format(new Date())}</v11:timestamp>
         </v1:messageContext>
         <v1:legalContext>ServiceIntegrator</v1:legalContext>
         <v1:request>
            <name>
               <lastName>GENERATED</lastName>
               <givenName sequence="1">Stijn</givenName>
               <givenNameMatching>COMPLETE_FIRST_GIVENNAME</givenNameMatching>
            </name>
            <birth>
               <birthDate>1985-08-15</birthDate>
            </birth>
         </v1:request>
      </v1:searchPersonPhoneticallyRequest>
   </soapenv:Body>
</soapenv:Envelope>]]></con:request>
        <con:credentials>
          <con:selectedAuthProfile>Basic</con:selectedAuthProfile>
          <con:addedBasicAuthenticationTypes>Basic</con:addedBasicAuthenticationTypes>
          <con:authType>Global HTTP Settings</con:authType>
        </con:credentials>
        <con:jmsConfig JMSDeliveryMode="PERSISTENT"/>
        <con:jmsPropertyConfig/>
        <con:wsaConfig mustUnderstand="NONE" version="200508" action="http://fidus.brussels/services/personservice/searchPersonPhonetically"/>
        <con:wsrmConfig version="1.2"/>
      </con:call>
      <con:call id="29cd5922-4b29-445e-9676-3bcb8a6a77f0" name="4 - Staging - Worker1 - Request" outgoingWss="Outflow STAG" incomingWss="Inflow STAG">
        <con:settings>
          <con:setting id="com.eviware.soapui.impl.wsdl.WsdlRequest@request-headers">&lt;xml-fragment/></con:setting>
        </con:settings>
        <con:encoding>UTF-8</con:encoding>
        <con:endpoint>https://192.168.24.16:8443/services/PersonService_v1.0</con:endpoint>
        <con:request><![CDATA[<soapenv:Envelope xmlns:soapenv="http://schemas.xmlsoap.org/soap/envelope/" xmlns:v1="http://fidus.brussels/service/personservice/messages/v1" xmlns:v11="http://fidus.brussels/type/common/messages/v1">
   <soapenv:Header/>
   <soapenv:Body>
      <v1:searchPersonPhoneticallyRequest>
         <v1:messageContext>
         	  <v11:messageId>${=import static java.util.UUID.randomUUID; uuid = randomUUID() as String}</v11:messageId>
            <v11:timestamp>${=new java.text.SimpleDateFormat("yyyy-MM-dd'T'HH:mm:ss.SSS").format(new Date())}</v11:timestamp>
         </v1:messageContext>
         <v1:legalContext>ServiceIntegrator</v1:legalContext>
         <v1:request>
            <name>
               <lastName>Peters</lastName>
               <givenNameMatching>ALL_GIVENNAME</givenNameMatching>
            </name>
            <birth>
               <birthDate>1984-01-01</birthDate>
            </birth>
         </v1:request>
      </v1:searchPersonPhoneticallyRequest>
   </soapenv:Body>
</soapenv:Envelope>]]></con:request>
        <con:credentials>
          <con:selectedAuthProfile>Basic</con:selectedAuthProfile>
          <con:addedBasicAuthenticationTypes>Basic</con:addedBasicAuthenticationTypes>
          <con:authType>Global HTTP Settings</con:authType>
        </con:credentials>
        <con:jmsConfig JMSDeliveryMode="PERSISTENT"/>
        <con:jmsPropertyConfig/>
        <con:wsaConfig mustUnderstand="NONE" version="200508" action="http://fidus.brussels/services/personservice/searchPersonPhonetically"/>
        <con:wsrmConfig version="1.2"/>
      </con:call>
      <con:call id="66e10986-5ba2-4be8-92e9-f244ee0db419" name="4 - Staging - Worker2 - Request" outgoingWss="Outflow STAG" incomingWss="Inflow STAG">
        <con:settings>
          <con:setting id="com.eviware.soapui.impl.wsdl.WsdlRequest@request-headers">&lt;xml-fragment/></con:setting>
        </con:settings>
        <con:encoding>UTF-8</con:encoding>
        <con:endpoint>https://192.168.24.17:8443/services/PersonService_v1.0</con:endpoint>
        <con:request><![CDATA[<soapenv:Envelope xmlns:soapenv="http://schemas.xmlsoap.org/soap/envelope/" xmlns:v1="http://fidus.brussels/service/personservice/messages/v1" xmlns:v11="http://fidus.brussels/type/common/messages/v1">
   <soapenv:Header/>
   <soapenv:Body>
      <v1:searchPersonPhoneticallyRequest>
         <v1:messageContext>
         	  <v11:messageId>${=import static java.util.UUID.randomUUID; uuid = randomUUID() as String}</v11:messageId>
            <v11:timestamp>${=new java.text.SimpleDateFormat("yyyy-MM-dd'T'HH:mm:ss.SSS").format(new Date())}</v11:timestamp>
         </v1:messageContext>
         <v1:legalContext>ServiceIntegrator</v1:legalContext>
         <v1:request>
            <name>
               <lastName>Peters</lastName>
               <givenNameMatching>ALL_GIVENNAME</givenNameMatching>
            </name>
            <birth>
               <birthDate>1984-01-01</birthDate>
            </birth>
         </v1:request>
      </v1:searchPersonPhoneticallyRequest>
   </soapenv:Body>
</soapenv:Envelope>]]></con:request>
        <con:credentials>
          <con:selectedAuthProfile>Basic</con:selectedAuthProfile>
          <con:addedBasicAuthenticationTypes>Basic</con:addedBasicAuthenticationTypes>
          <con:authType>Global HTTP Settings</con:authType>
        </con:credentials>
        <con:jmsConfig JMSDeliveryMode="PERSISTENT"/>
        <con:jmsPropertyConfig/>
        <con:wsaConfig mustUnderstand="NONE" version="200508" action="http://fidus.brussels/services/personservice/searchPersonPhonetically"/>
        <con:wsrmConfig version="1.2"/>
      </con:call>
      <con:call id="7774e707-8bb1-4aea-8d05-d31a1178f213" name="5 - Prod - External - Request" outgoingWss="Outflow PROD" incomingWss="Inflow PROD">
        <con:settings>
          <con:setting id="com.eviware.soapui.impl.wsdl.WsdlRequest@request-headers">&lt;xml-fragment/></con:setting>
        </con:settings>
        <con:encoding>UTF-8</con:encoding>
        <con:endpoint>https://fidus.sec.brussels/services/PersonService_v1.0</con:endpoint>
        <con:request><![CDATA[<soapenv:Envelope xmlns:soapenv="http://schemas.xmlsoap.org/soap/envelope/" xmlns:v1="http://fidus.brussels/service/personservice/messages/v1" xmlns:v11="http://fidus.brussels/type/common/messages/v1">
   <soapenv:Header/>
   <soapenv:Body>
      <v1:searchPersonPhoneticallyRequest>
         <v1:messageContext>
         	  <v11:messageId>${=import static java.util.UUID.randomUUID; uuid = randomUUID() as String}</v11:messageId>
            <v11:timestamp>${=new java.text.SimpleDateFormat("yyyy-MM-dd'T'HH:mm:ss.SSS").format(new Date())}</v11:timestamp>
         </v1:messageContext>
         <v1:legalContext>ServiceIntegrator</v1:legalContext>
         <v1:request>
            <name>
               <lastName>Peters</lastName>
               <givenNameMatching>ALL_GIVENNAME</givenNameMatching>
            </name>
            <birth>
               <birthDate>1984-01-01</birthDate>
            </birth>
         </v1:request>
      </v1:searchPersonPhoneticallyRequest>
   </soapenv:Body>
</soapenv:Envelope>]]></con:request>
        <con:credentials>
          <con:selectedAuthProfile>Basic</con:selectedAuthProfile>
          <con:addedBasicAuthenticationTypes>Basic</con:addedBasicAuthenticationTypes>
          <con:authType>Global HTTP Settings</con:authType>
        </con:credentials>
        <con:jmsConfig JMSDeliveryMode="PERSISTENT"/>
        <con:jmsPropertyConfig/>
        <con:wsaConfig mustUnderstand="NONE" version="200508" action="http://fidus.brussels/services/personservice/searchPersonPhonetically"/>
        <con:wsrmConfig version="1.2"/>
      </con:call>
      <con:call id="494189e7-d53f-4a37-b2ba-57c8cc4fbac6" name="5 - Prod - LB - Request" outgoingWss="Outflow PROD" incomingWss="Inflow PROD">
        <con:settings>
          <con:setting id="com.eviware.soapui.impl.wsdl.WsdlRequest@request-headers">&lt;xml-fragment/></con:setting>
        </con:settings>
        <con:encoding>UTF-8</con:encoding>
        <con:endpoint>https://fidus-esb-sg.prd.srv.cirb.lan:8443/services/PersonService_v1.0</con:endpoint>
        <con:request><![CDATA[<soapenv:Envelope xmlns:soapenv="http://schemas.xmlsoap.org/soap/envelope/" xmlns:v1="http://fidus.brussels/service/personservice/messages/v1" xmlns:v11="http://fidus.brussels/type/common/messages/v1">
   <soapenv:Header/>
   <soapenv:Body>
      <v1:searchPersonPhoneticallyRequest>
         <v1:messageContext>
         	  <v11:messageId>${=import static java.util.UUID.randomUUID; uuid = randomUUID() as String}</v11:messageId>
            <v11:timestamp>${=new java.text.SimpleDateFormat("yyyy-MM-dd'T'HH:mm:ss.SSS").format(new Date())}</v11:timestamp>
         </v1:messageContext>
         <v1:legalContext>ServiceIntegrator</v1:legalContext>
         <v1:request>
            <name>
               <lastName>Peters</lastName>
               <givenNameMatching>ALL_GIVENNAME</givenNameMatching>
            </name>
            <birth>
               <birthDate>1984-01-01</birthDate>
            </birth>
         </v1:request>
      </v1:searchPersonPhoneticallyRequest>
   </soapenv:Body>
</soapenv:Envelope>]]></con:request>
        <con:credentials>
          <con:selectedAuthProfile>Basic</con:selectedAuthProfile>
          <con:addedBasicAuthenticationTypes>Basic</con:addedBasicAuthenticationTypes>
          <con:authType>Global HTTP Settings</con:authType>
        </con:credentials>
        <con:jmsConfig JMSDeliveryMode="PERSISTENT"/>
        <con:jmsPropertyConfig/>
        <con:wsaConfig mustUnderstand="NONE" version="200508" action="http://fidus.brussels/services/personservice/searchPersonPhonetically"/>
        <con:wsrmConfig version="1.2"/>
      </con:call>
      <con:call id="a0a75e53-d03d-4c37-a14e-ef1481a95b83" name="5 - Prod - Worker1 - Request" outgoingWss="Outflow PROD" incomingWss="Inflow PROD">
        <con:settings>
          <con:setting id="com.eviware.soapui.impl.wsdl.WsdlRequest@request-headers">&lt;xml-fragment/></con:setting>
        </con:settings>
        <con:encoding>UTF-8</con:encoding>
        <con:endpoint>https://192.168.26.22:8443/services/PersonService_v1.0</con:endpoint>
        <con:request><![CDATA[<soapenv:Envelope xmlns:soapenv="http://schemas.xmlsoap.org/soap/envelope/" xmlns:v1="http://fidus.brussels/service/personservice/messages/v1" xmlns:v11="http://fidus.brussels/type/common/messages/v1">
   <soapenv:Header/>
   <soapenv:Body>
      <v1:searchPersonPhoneticallyRequest>
         <v1:messageContext>
         	  <v11:messageId>${=import static java.util.UUID.randomUUID; uuid = randomUUID() as String}</v11:messageId>
            <v11:timestamp>${=new java.text.SimpleDateFormat("yyyy-MM-dd'T'HH:mm:ss.SSS").format(new Date())}</v11:timestamp>
         </v1:messageContext>
         <v1:legalContext>ServiceIntegrator</v1:legalContext>
         <v1:request>
            <name>
               <lastName>Peters</lastName>
               <givenNameMatching>ALL_GIVENNAME</givenNameMatching>
            </name>
            <birth>
               <birthDate>1984-01-01</birthDate>
            </birth>
         </v1:request>
      </v1:searchPersonPhoneticallyRequest>
   </soapenv:Body>
</soapenv:Envelope>]]></con:request>
        <con:credentials>
          <con:selectedAuthProfile>Basic</con:selectedAuthProfile>
          <con:addedBasicAuthenticationTypes>Basic</con:addedBasicAuthenticationTypes>
          <con:authType>Global HTTP Settings</con:authType>
        </con:credentials>
        <con:jmsConfig JMSDeliveryMode="PERSISTENT"/>
        <con:jmsPropertyConfig/>
        <con:wsaConfig mustUnderstand="NONE" version="200508" action="http://fidus.brussels/services/personservice/searchPersonPhonetically"/>
        <con:wsrmConfig version="1.2"/>
      </con:call>
      <con:call id="a1588266-1de2-4249-aa20-79ae3bb93dda" name="5 - Prod - Worker2 - Request" outgoingWss="Outflow PROD" incomingWss="Inflow PROD">
        <con:settings>
          <con:setting id="com.eviware.soapui.impl.wsdl.WsdlRequest@request-headers">&lt;xml-fragment/></con:setting>
        </con:settings>
        <con:encoding>UTF-8</con:encoding>
        <con:endpoint>https://192.168.26.19:8443/services/PersonService_v1.0</con:endpoint>
        <con:request><![CDATA[<soapenv:Envelope xmlns:soapenv="http://schemas.xmlsoap.org/soap/envelope/" xmlns:v1="http://fidus.brussels/service/personservice/messages/v1" xmlns:v11="http://fidus.brussels/type/common/messages/v1">
   <soapenv:Header/>
   <soapenv:Body>
      <v1:searchPersonPhoneticallyRequest>
         <v1:messageContext>
         	  <v11:messageId>${=import static java.util.UUID.randomUUID; uuid = randomUUID() as String}</v11:messageId>
            <v11:timestamp>${=new java.text.SimpleDateFormat("yyyy-MM-dd'T'HH:mm:ss.SSS").format(new Date())}</v11:timestamp>
         </v1:messageContext>
         <v1:legalContext>ServiceIntegrator</v1:legalContext>
         <v1:request>
            <name>
               <lastName>Peters</lastName>
               <givenNameMatching>ALL_GIVENNAME</givenNameMatching>
            </name>
            <birth>
               <birthDate>1984-01-01</birthDate>
            </birth>
         </v1:request>
      </v1:searchPersonPhoneticallyRequest>
   </soapenv:Body>
</soapenv:Envelope>]]></con:request>
        <con:credentials>
          <con:selectedAuthProfile>Basic</con:selectedAuthProfile>
          <con:addedBasicAuthenticationTypes>Basic</con:addedBasicAuthenticationTypes>
          <con:authType>Global HTTP Settings</con:authType>
        </con:credentials>
        <con:jmsConfig JMSDeliveryMode="PERSISTENT"/>
        <con:jmsPropertyConfig/>
        <con:wsaConfig mustUnderstand="NONE" version="200508" action="http://fidus.brussels/services/personservice/searchPersonPhonetically"/>
        <con:wsrmConfig version="1.2"/>
      </con:call>
      <con:call id="543512c3-c165-4d8a-a66f-4f258c4308bc" name="3 - Test - LB - Request" outgoingWss="Outflow TEST" incomingWss="Inflow TEST">
        <con:settings>
          <con:setting id="com.eviware.soapui.impl.wsdl.WsdlRequest@request-headers">&lt;xml-fragment/></con:setting>
        </con:settings>
        <con:encoding>UTF-8</con:encoding>
        <con:endpoint>https://esb-security-gw.sta.srv.cirb.lan:8443/services/PersonService_v1.0</con:endpoint>
        <con:request><![CDATA[<soapenv:Envelope xmlns:soapenv="http://schemas.xmlsoap.org/soap/envelope/" xmlns:v1="http://fidus.brussels/service/personservice/messages/v1" xmlns:v11="http://fidus.brussels/type/common/messages/v1">
   <soapenv:Header/>
   <soapenv:Body>
      <v1:searchPersonPhoneticallyRequest>
         <v1:messageContext>
         	  <v11:messageId>${=import static java.util.UUID.randomUUID; uuid = randomUUID() as String}</v11:messageId>
            <v11:timestamp>${=new java.text.SimpleDateFormat("yyyy-MM-dd'T'HH:mm:ss.SSS").format(new Date())}</v11:timestamp>
         </v1:messageContext>
         <v1:legalContext>ServiceIntegrator</v1:legalContext>
         <v1:request>
            <name>
               <lastName>GENERATED</lastName>
               <givenName sequence="1">Stijn</givenName>
               <givenNameMatching>COMPLETE_FIRST_GIVENNAME</givenNameMatching>
            </name>
            <birth>
               <birthDate>1985-08-15</birthDate>
            </birth>
         </v1:request>
      </v1:searchPersonPhoneticallyRequest>
   </soapenv:Body>
</soapenv:Envelope>]]></con:request>
        <con:credentials>
          <con:selectedAuthProfile>Basic</con:selectedAuthProfile>
          <con:addedBasicAuthenticationTypes>Basic</con:addedBasicAuthenticationTypes>
          <con:authType>Global HTTP Settings</con:authType>
        </con:credentials>
        <con:jmsConfig JMSDeliveryMode="PERSISTENT"/>
        <con:jmsPropertyConfig/>
        <con:wsaConfig mustUnderstand="NONE" version="200508" action="http://fidus.brussels/services/personservice/searchPersonPhonetically"/>
        <con:wsrmConfig version="1.2"/>
      </con:call>
      <con:call id="3a0e7434-1658-489e-9ed3-44d5962510cd" name="3 - Test - Worker1 - Request" outgoingWss="Outflow TEST" incomingWss="Inflow TEST">
        <con:settings>
          <con:setting id="com.eviware.soapui.impl.wsdl.WsdlRequest@request-headers">&lt;xml-fragment/></con:setting>
        </con:settings>
        <con:encoding>UTF-8</con:encoding>
        <con:endpoint>https://192.168.22.53:8443/services/PersonService_v1.0</con:endpoint>
        <con:request><![CDATA[<soapenv:Envelope xmlns:soapenv="http://schemas.xmlsoap.org/soap/envelope/" xmlns:v1="http://fidus.brussels/service/personservice/messages/v1" xmlns:v11="http://fidus.brussels/type/common/messages/v1">
   <soapenv:Header/>
   <soapenv:Body>
      <v1:searchPersonPhoneticallyRequest>
         <v1:messageContext>
         	  <v11:messageId>${=import static java.util.UUID.randomUUID; uuid = randomUUID() as String}</v11:messageId>
            <v11:timestamp>${=new java.text.SimpleDateFormat("yyyy-MM-dd'T'HH:mm:ss.SSS").format(new Date())}</v11:timestamp>
         </v1:messageContext>
         <v1:legalContext>ServiceIntegrator</v1:legalContext>
         <v1:request>
            <name>
               <lastName>GENERATED</lastName>
               <givenName sequence="1">Stijn</givenName>
               <givenNameMatching>COMPLETE_FIRST_GIVENNAME</givenNameMatching>
            </name>
            <birth>
               <birthDate>1985-08-15</birthDate>
            </birth>
         </v1:request>
      </v1:searchPersonPhoneticallyRequest>
   </soapenv:Body>
</soapenv:Envelope>]]></con:request>
        <con:credentials>
          <con:selectedAuthProfile>Basic</con:selectedAuthProfile>
          <con:addedBasicAuthenticationTypes>Basic</con:addedBasicAuthenticationTypes>
          <con:authType>Global HTTP Settings</con:authType>
        </con:credentials>
        <con:jmsConfig JMSDeliveryMode="PERSISTENT"/>
        <con:jmsPropertyConfig/>
        <con:wsaConfig mustUnderstand="NONE" version="200508" action="http://fidus.brussels/services/personservice/searchPersonPhonetically"/>
        <con:wsrmConfig version="1.2"/>
      </con:call>
      <con:call id="b4b443cb-bc32-41d9-b03c-b3d11365f420" name="3 - Test - Worker2 - Request" outgoingWss="Outflow TEST" incomingWss="Inflow TEST">
        <con:settings>
          <con:setting id="com.eviware.soapui.impl.wsdl.WsdlRequest@request-headers">&lt;xml-fragment/></con:setting>
        </con:settings>
        <con:encoding>UTF-8</con:encoding>
        <con:endpoint>https://192.168.22.54:8443/services/PersonService_v1.0</con:endpoint>
        <con:request><![CDATA[<soapenv:Envelope xmlns:soapenv="http://schemas.xmlsoap.org/soap/envelope/" xmlns:v1="http://fidus.brussels/service/personservice/messages/v1" xmlns:v11="http://fidus.brussels/type/common/messages/v1">
   <soapenv:Header/>
   <soapenv:Body>
      <v1:searchPersonPhoneticallyRequest>
         <v1:messageContext>
         	  <v11:messageId>${=import static java.util.UUID.randomUUID; uuid = randomUUID() as String}</v11:messageId>
            <v11:timestamp>${=new java.text.SimpleDateFormat("yyyy-MM-dd'T'HH:mm:ss.SSS").format(new Date())}</v11:timestamp>
         </v1:messageContext>
         <v1:legalContext>ServiceIntegrator</v1:legalContext>
         <v1:request>
            <name>
               <lastName>GENERATED</lastName>
               <givenName sequence="1">Stijn</givenName>
               <givenNameMatching>COMPLETE_FIRST_GIVENNAME</givenNameMatching>
            </name>
            <birth>
               <birthDate>1985-08-15</birthDate>
            </birth>
         </v1:request>
      </v1:searchPersonPhoneticallyRequest>
   </soapenv:Body>
</soapenv:Envelope>]]></con:request>
        <con:credentials>
          <con:selectedAuthProfile>Basic</con:selectedAuthProfile>
          <con:addedBasicAuthenticationTypes>Basic</con:addedBasicAuthenticationTypes>
          <con:authType>Global HTTP Settings</con:authType>
        </con:credentials>
        <con:jmsConfig JMSDeliveryMode="PERSISTENT"/>
        <con:jmsPropertyConfig/>
        <con:wsaConfig mustUnderstand="NONE" version="200508" action="http://fidus.brussels/services/personservice/searchPersonPhonetically"/>
        <con:wsrmConfig version="1.2"/>
      </con:call>
      <con:call id="6cd9199d-4fcb-4533-9737-50bec44c6c06" name="4 - Staging - External - Request" outgoingWss="Outflow STAG" incomingWss="Inflow STAG">
        <con:settings>
          <con:setting id="com.eviware.soapui.impl.wsdl.WsdlRequest@request-headers">&lt;xml-fragment/></con:setting>
        </con:settings>
        <con:encoding>UTF-8</con:encoding>
        <con:endpoint>https://fidus.irisnetlab.be/services/PersonService_v1.0</con:endpoint>
        <con:request><![CDATA[<soapenv:Envelope xmlns:soapenv="http://schemas.xmlsoap.org/soap/envelope/" xmlns:v1="http://fidus.brussels/service/personservice/messages/v1" xmlns:v11="http://fidus.brussels/type/common/messages/v1">
   <soapenv:Header/>
   <soapenv:Body>
      <v1:searchPersonPhoneticallyRequest>
         <v1:messageContext>
         	  <v11:messageId>${=import static java.util.UUID.randomUUID; uuid = randomUUID() as String}</v11:messageId>
            <v11:timestamp>${=new java.text.SimpleDateFormat("yyyy-MM-dd'T'HH:mm:ss.SSS").format(new Date())}</v11:timestamp>
         </v1:messageContext>
         <v1:legalContext>ServiceIntegrator</v1:legalContext>
         <v1:request>
            <name>
               <lastName>Peters</lastName>
               <givenNameMatching>ALL_GIVENNAME</givenNameMatching>
            </name>
            <birth>
               <birthDate>1984-01-01</birthDate>
            </birth>
         </v1:request>
      </v1:searchPersonPhoneticallyRequest>
   </soapenv:Body>
</soapenv:Envelope>]]></con:request>
        <con:credentials>
          <con:selectedAuthProfile>Basic</con:selectedAuthProfile>
          <con:addedBasicAuthenticationTypes>Basic</con:addedBasicAuthenticationTypes>
          <con:authType>Global HTTP Settings</con:authType>
        </con:credentials>
        <con:jmsConfig JMSDeliveryMode="PERSISTENT"/>
        <con:jmsPropertyConfig/>
        <con:wsaConfig mustUnderstand="NONE" version="200508" action="http://fidus.brussels/services/personservice/searchPersonPhonetically"/>
        <con:wsrmConfig version="1.2"/>
      </con:call>
      <con:call id="8e4d5e0d-8b7f-4832-8583-7527b5b02192" name="4 - Staging - LB - Request" outgoingWss="Outflow STAG" incomingWss="Inflow STAG">
        <con:settings>
          <con:setting id="com.eviware.soapui.impl.wsdl.WsdlRequest@request-headers">&lt;xml-fragment/></con:setting>
        </con:settings>
        <con:encoding>UTF-8</con:encoding>
        <con:endpoint>https://fidus-esb-sg.sta.srv.cirb.lan:8443/services/PersonService_v1.0</con:endpoint>
        <con:request><![CDATA[<soapenv:Envelope xmlns:soapenv="http://schemas.xmlsoap.org/soap/envelope/" xmlns:v1="http://fidus.brussels/service/personservice/messages/v1" xmlns:v11="http://fidus.brussels/type/common/messages/v1">
   <soapenv:Header/>
   <soapenv:Body>
      <v1:searchPersonPhoneticallyRequest>
         <v1:messageContext>
         	  <v11:messageId>${=import static java.util.UUID.randomUUID; uuid = randomUUID() as String}</v11:messageId>
            <v11:timestamp>${=new java.text.SimpleDateFormat("yyyy-MM-dd'T'HH:mm:ss.SSS").format(new Date())}</v11:timestamp>
         </v1:messageContext>
         <v1:legalContext>ServiceIntegrator</v1:legalContext>
         <v1:request>
            <name>
               <lastName>Peters</lastName>
               <givenNameMatching>ALL_GIVENNAME</givenNameMatching>
            </name>
            <birth>
               <birthDate>1984-01-01</birthDate>
            </birth>
         </v1:request>
      </v1:searchPersonPhoneticallyRequest>
   </soapenv:Body>
</soapenv:Envelope>]]></con:request>
        <con:credentials>
          <con:selectedAuthProfile>Basic</con:selectedAuthProfile>
          <con:addedBasicAuthenticationTypes>Basic</con:addedBasicAuthenticationTypes>
          <con:authType>Global HTTP Settings</con:authType>
        </con:credentials>
        <con:jmsConfig JMSDeliveryMode="PERSISTENT"/>
        <con:jmsPropertyConfig/>
        <con:wsaConfig mustUnderstand="NONE" version="200508" action="http://fidus.brussels/services/personservice/searchPersonPhonetically"/>
        <con:wsrmConfig version="1.2"/>
      </con:call>
    <con:call id="e37aecba-4d68-420e-bdbd-0a0faa90d973" name="2 - DevNew - Request" outgoingWss="Outflow DEV" incomingWss="Inflow DEV"><con:settings><con:setting id="com.eviware.soapui.impl.wsdl.WsdlRequest@request-headers">&lt;xml-fragment/></con:setting></con:settings><con:encoding>UTF-8</con:encoding><con:endpoint>https://192.168.36.205:8243/services/PersonService_v1.0</con:endpoint><con:request><![CDATA[<soapenv:Envelope xmlns:soapenv="http://schemas.xmlsoap.org/soap/envelope/" xmlns:v1="http://fidus.brussels/service/personservice/messages/v1" xmlns:v11="http://fidus.brussels/type/common/messages/v1">
   <soapenv:Header/>
   <soapenv:Body>
      <v1:searchPersonPhoneticallyRequest>
         <v1:messageContext>
         	  <v11:messageId>${=import static java.util.UUID.randomUUID; uuid = randomUUID() as String}</v11:messageId>
            <v11:timestamp>${=new java.text.SimpleDateFormat("yyyy-MM-dd'T'HH:mm:ss.SSS").format(new Date())}</v11:timestamp>
         </v1:messageContext>
         <v1:legalContext>ServiceIntegrator</v1:legalContext>
         <v1:request>
            <name>
               <lastName>GENERATED</lastName>
               <givenName sequence="1">Stijn</givenName>
               <givenNameMatching>COMPLETE_FIRST_GIVENNAME</givenNameMatching>
            </name>
            <birth>
               <birthDate>1985-08-15</birthDate>
            </birth>
         </v1:request>
      </v1:searchPersonPhoneticallyRequest>
   </soapenv:Body>
</soapenv:Envelope>]]></con:request><con:credentials>
          <con:selectedAuthProfile>Basic</con:selectedAuthProfile>
          <con:addedBasicAuthenticationTypes>Basic</con:addedBasicAuthenticationTypes>
          <con:authType>Global HTTP Settings</con:authType>
        </con:credentials><con:jmsConfig JMSDeliveryMode="PERSISTENT"/><con:jmsPropertyConfig/><con:wsaConfig mustUnderstand="NONE" version="200508" action="http://fidus.brussels/services/personservice/searchPersonPhonetically"/><con:wsrmConfig version="1.2"/></con:call><con:call id="8a5e3e1a-d9ac-4d9a-b5fe-d4276360ade6" name="3 - Test - Worker1New - Request" outgoingWss="Outflow TEST" incomingWss="Inflow TEST"><con:settings><con:setting id="com.eviware.soapui.impl.wsdl.WsdlRequest@request-headers">&lt;xml-fragment/></con:setting></con:settings><con:encoding>UTF-8</con:encoding><con:endpoint>https://192.168.22.73:8443/services/PersonService_v1.0</con:endpoint><con:request><![CDATA[<soapenv:Envelope xmlns:soapenv="http://schemas.xmlsoap.org/soap/envelope/" xmlns:v1="http://fidus.brussels/service/personservice/messages/v1" xmlns:v11="http://fidus.brussels/type/common/messages/v1">
   <soapenv:Header/>
   <soapenv:Body>
      <v1:searchPersonPhoneticallyRequest>
         <v1:messageContext>
         	  <v11:messageId>${=import static java.util.UUID.randomUUID; uuid = randomUUID() as String}</v11:messageId>
            <v11:timestamp>${=new java.text.SimpleDateFormat("yyyy-MM-dd'T'HH:mm:ss.SSS").format(new Date())}</v11:timestamp>
         </v1:messageContext>
         <v1:legalContext>ServiceIntegrator</v1:legalContext>
         <v1:request>
            <name>
               <lastName>GENERATED</lastName>
               <givenName sequence="1">Stijn</givenName>
               <givenNameMatching>COMPLETE_FIRST_GIVENNAME</givenNameMatching>
            </name>
            <birth>
               <birthDate>1985-08-15</birthDate>
            </birth>
         </v1:request>
      </v1:searchPersonPhoneticallyRequest>
   </soapenv:Body>
</soapenv:Envelope>]]></con:request><con:credentials>
          <con:selectedAuthProfile>Basic</con:selectedAuthProfile>
          <con:addedBasicAuthenticationTypes>Basic</con:addedBasicAuthenticationTypes>
          <con:authType>Global HTTP Settings</con:authType>
        </con:credentials><con:jmsConfig JMSDeliveryMode="PERSISTENT"/><con:jmsPropertyConfig/><con:wsaConfig mustUnderstand="NONE" version="200508" action="http://fidus.brussels/services/personservice/searchPersonPhonetically"/><con:wsrmConfig version="1.2"/></con:call><con:call id="ac6a1bea-d396-4a81-9630-7c22f7380109" name="3 - Test - Worker2New - Request" outgoingWss="Outflow TEST" incomingWss="Inflow TEST"><con:settings><con:setting id="com.eviware.soapui.impl.wsdl.WsdlRequest@request-headers">&lt;xml-fragment/></con:setting></con:settings><con:encoding>UTF-8</con:encoding><con:endpoint>https://192.168.22.93:8443/services/PersonService_v1.0</con:endpoint><con:request><![CDATA[<soapenv:Envelope xmlns:soapenv="http://schemas.xmlsoap.org/soap/envelope/" xmlns:v1="http://fidus.brussels/service/personservice/messages/v1" xmlns:v11="http://fidus.brussels/type/common/messages/v1">
   <soapenv:Header/>
   <soapenv:Body>
      <v1:searchPersonPhoneticallyRequest>
         <v1:messageContext>
         	  <v11:messageId>${=import static java.util.UUID.randomUUID; uuid = randomUUID() as String}</v11:messageId>
            <v11:timestamp>${=new java.text.SimpleDateFormat("yyyy-MM-dd'T'HH:mm:ss.SSS").format(new Date())}</v11:timestamp>
         </v1:messageContext>
         <v1:legalContext>ServiceIntegrator</v1:legalContext>
         <v1:request>
            <name>
               <lastName>GENERATED</lastName>
               <givenName sequence="1">Stijn</givenName>
               <givenNameMatching>COMPLETE_FIRST_GIVENNAME</givenNameMatching>
            </name>
            <birth>
               <birthDate>1985-08-15</birthDate>
            </birth>
         </v1:request>
      </v1:searchPersonPhoneticallyRequest>
   </soapenv:Body>
</soapenv:Envelope>]]></con:request><con:credentials>
          <con:selectedAuthProfile>Basic</con:selectedAuthProfile>
          <con:addedBasicAuthenticationTypes>Basic</con:addedBasicAuthenticationTypes>
          <con:authType>Global HTTP Settings</con:authType>
        </con:credentials><con:jmsConfig JMSDeliveryMode="PERSISTENT"/><con:jmsPropertyConfig/><con:wsaConfig mustUnderstand="NONE" version="200508" action="http://fidus.brussels/services/personservice/searchPersonPhonetically"/><con:wsrmConfig version="1.2"/></con:call><con:call id="384d0ba2-46f8-4939-99c8-ab96a1587ad7" name="4 - Staging - Worker1New - Request" outgoingWss="Outflow STAG" incomingWss="Inflow STAG"><con:settings><con:setting id="com.eviware.soapui.impl.wsdl.WsdlRequest@request-headers">&lt;xml-fragment/></con:setting></con:settings><con:encoding>UTF-8</con:encoding><con:endpoint>https://192.168.23.191:8443/services/PersonService_v1.0</con:endpoint><con:request><![CDATA[<soapenv:Envelope xmlns:soapenv="http://schemas.xmlsoap.org/soap/envelope/" xmlns:v1="http://fidus.brussels/service/personservice/messages/v1" xmlns:v11="http://fidus.brussels/type/common/messages/v1">
   <soapenv:Header/>
   <soapenv:Body>
      <v1:searchPersonPhoneticallyRequest>
         <v1:messageContext>
         	  <v11:messageId>${=import static java.util.UUID.randomUUID; uuid = randomUUID() as String}</v11:messageId>
            <v11:timestamp>${=new java.text.SimpleDateFormat("yyyy-MM-dd'T'HH:mm:ss.SSS").format(new Date())}</v11:timestamp>
         </v1:messageContext>
         <v1:legalContext>ServiceIntegrator</v1:legalContext>
         <v1:request>
            <name>
               <lastName>Peters</lastName>
               <givenNameMatching>ALL_GIVENNAME</givenNameMatching>
            </name>
            <birth>
               <birthDate>1984-01-01</birthDate>
            </birth>
         </v1:request>
      </v1:searchPersonPhoneticallyRequest>
   </soapenv:Body>
</soapenv:Envelope>]]></con:request><con:credentials>
          <con:selectedAuthProfile>Basic</con:selectedAuthProfile>
          <con:addedBasicAuthenticationTypes>Basic</con:addedBasicAuthenticationTypes>
          <con:authType>Global HTTP Settings</con:authType>
        </con:credentials><con:jmsConfig JMSDeliveryMode="PERSISTENT"/><con:jmsPropertyConfig/><con:wsaConfig mustUnderstand="NONE" version="200508" action="http://fidus.brussels/services/personservice/searchPersonPhonetically"/><con:wsrmConfig version="1.2"/></con:call><con:call id="5b65ddc7-9fac-42d3-bff7-ef5085425add" name="4 - Staging - Worker2New - Request" outgoingWss="Outflow STAG" incomingWss="Inflow STAG"><con:settings><con:setting id="com.eviware.soapui.impl.wsdl.WsdlRequest@request-headers">&lt;xml-fragment/></con:setting></con:settings><con:encoding>UTF-8</con:encoding><con:endpoint>https://192.168.23.198:8443/services/PersonService_v1.0</con:endpoint><con:request><![CDATA[<soapenv:Envelope xmlns:soapenv="http://schemas.xmlsoap.org/soap/envelope/" xmlns:v1="http://fidus.brussels/service/personservice/messages/v1" xmlns:v11="http://fidus.brussels/type/common/messages/v1">
   <soapenv:Header/>
   <soapenv:Body>
      <v1:searchPersonPhoneticallyRequest>
         <v1:messageContext>
         	  <v11:messageId>${=import static java.util.UUID.randomUUID; uuid = randomUUID() as String}</v11:messageId>
            <v11:timestamp>${=new java.text.SimpleDateFormat("yyyy-MM-dd'T'HH:mm:ss.SSS").format(new Date())}</v11:timestamp>
         </v1:messageContext>
         <v1:legalContext>ServiceIntegrator</v1:legalContext>
         <v1:request>
            <name>
               <lastName>Peters</lastName>
               <givenNameMatching>ALL_GIVENNAME</givenNameMatching>
            </name>
            <birth>
               <birthDate>1984-01-01</birthDate>
            </birth>
         </v1:request>
      </v1:searchPersonPhoneticallyRequest>
   </soapenv:Body>
</soapenv:Envelope>]]></con:request><con:credentials>
          <con:selectedAuthProfile>Basic</con:selectedAuthProfile>
          <con:addedBasicAuthenticationTypes>Basic</con:addedBasicAuthenticationTypes>
          <con:authType>Global HTTP Settings</con:authType>
        </con:credentials><con:jmsConfig JMSDeliveryMode="PERSISTENT"/><con:jmsPropertyConfig/><con:wsaConfig mustUnderstand="NONE" version="200508" action="http://fidus.brussels/services/personservice/searchPersonPhonetically"/><con:wsrmConfig version="1.2"/></con:call></con:operation>
  <con:operation id="62c05a83-d23c-47d0-b80d-d1c266b592ee" isOneWay="false" action="http://fidus.brussels/services/personservice/getCBSSIdentity" name="getCBSSIdentity" bindingOperationName="getCBSSIdentity" type="Request-Response" inputName="" receivesAttachments="false" sendsAttachments="false" anonymous="optional"><con:settings/><con:call id="a5058bf2-d7bb-446f-bc3a-b809dfe231e9" name="1 - Local - Request" outgoingWss="Outflow DEV" incomingWss="Inflow DEV"><con:settings><con:setting id="com.eviware.soapui.impl.wsdl.WsdlRequest@request-headers">&lt;xml-fragment/></con:setting></con:settings><con:encoding>UTF-8</con:encoding><con:endpoint>https://localhost:8243/services/PersonService_v1.0</con:endpoint><con:request><![CDATA[<soapenv:Envelope xmlns:soapenv="http://schemas.xmlsoap.org/soap/envelope/" xmlns:v1="http://fidus.brussels/service/personservice/messages/v1" xmlns:v11="http://fidus.brussels/type/common/messages/v1">
   <soapenv:Header/>
   <soapenv:Body>
      <v1:getCBSSIdentityRequest>
         <v1:messageContext>
         	  <v11:messageId>${=import static java.util.UUID.randomUUID; uuid = randomUUID() as String}</v11:messageId>
            <v11:timestamp>${=new java.text.SimpleDateFormat("yyyy-MM-dd'T'HH:mm:ss.SSS").format(new Date())}</v11:timestamp>
         </v1:messageContext>
         <v1:legalContext>ServiceIntegrator</v1:legalContext>
         <v1:request>
            <v1:personNumber>12003001507</v1:personNumber>
         </v1:request>
      </v1:getCBSSIdentityRequest>
   </soapenv:Body>
</soapenv:Envelope>]]></con:request><con:credentials><con:selectedAuthProfile>Basic</con:selectedAuthProfile><con:addedBasicAuthenticationTypes>Basic</con:addedBasicAuthenticationTypes><con:authType>Global HTTP Settings</con:authType></con:credentials><con:jmsConfig JMSDeliveryMode="PERSISTENT"/><con:jmsPropertyConfig/><con:wsaConfig mustUnderstand="NONE" version="200508" action="http://fidus.brussels/services/personservice/getCBSSIdentity"/><con:wsrmConfig version="1.2"/></con:call><con:call id="df9b33fb-4355-4094-bc45-27137afbba35" name="2 - Dev - Request" outgoingWss="Outflow DEV" incomingWss="Inflow DEV"><con:settings><con:setting id="com.eviware.soapui.impl.wsdl.WsdlRequest@request-headers">&lt;xml-fragment/></con:setting></con:settings><con:encoding>UTF-8</con:encoding><con:endpoint>https://192.168.36.61:8243/services/PersonService_v1.0</con:endpoint><con:request><![CDATA[<soapenv:Envelope xmlns:soapenv="http://schemas.xmlsoap.org/soap/envelope/" xmlns:v1="http://fidus.brussels/service/personservice/messages/v1" xmlns:v11="http://fidus.brussels/type/common/messages/v1">
   <soapenv:Header/>
   <soapenv:Body>
      <v1:getCBSSIdentityRequest>
         <v1:messageContext>
         	  <v11:messageId>${=import static java.util.UUID.randomUUID; uuid = randomUUID() as String}</v11:messageId>
            <v11:timestamp>${=new java.text.SimpleDateFormat("yyyy-MM-dd'T'HH:mm:ss.SSS").format(new Date())}</v11:timestamp>
         </v1:messageContext>
         <v1:legalContext>ServiceIntegrator</v1:legalContext>
         <v1:request>
            <v1:personNumber>12003001507</v1:personNumber>
         </v1:request>
      </v1:getCBSSIdentityRequest>
   </soapenv:Body>
</soapenv:Envelope>]]></con:request><con:credentials><con:selectedAuthProfile>Basic</con:selectedAuthProfile><con:addedBasicAuthenticationTypes>Basic</con:addedBasicAuthenticationTypes><con:authType>Global HTTP Settings</con:authType></con:credentials><con:jmsConfig JMSDeliveryMode="PERSISTENT"/><con:jmsPropertyConfig/><con:wsaConfig mustUnderstand="NONE" version="200508" action="http://fidus.brussels/services/personservice/getCBSSIdentity"/><con:wsrmConfig version="1.2"/></con:call><con:call id="bb7d46b8-7c28-4b77-ae75-3d0cd0f2e406" name="3 - Test - LB - Request" incomingWss="Inflow TEST" outgoingWss="Outflow TEST"><con:settings><con:setting id="com.eviware.soapui.impl.wsdl.WsdlRequest@request-headers">&lt;xml-fragment/></con:setting></con:settings><con:encoding>UTF-8</con:encoding><con:endpoint>https://esb-security-gw.sta.srv.cirb.lan:8443/services/PersonService_v1.0</con:endpoint><con:request><![CDATA[<soapenv:Envelope xmlns:soapenv="http://schemas.xmlsoap.org/soap/envelope/" xmlns:v1="http://fidus.brussels/service/personservice/messages/v1" xmlns:v11="http://fidus.brussels/type/common/messages/v1">
   <soapenv:Header/>
   <soapenv:Body>
      <v1:getCBSSIdentityRequest>
         <v1:messageContext>
         	  <v11:messageId>${=import static java.util.UUID.randomUUID; uuid = randomUUID() as String}</v11:messageId>
            <v11:timestamp>${=new java.text.SimpleDateFormat("yyyy-MM-dd'T'HH:mm:ss.SSS").format(new Date())}</v11:timestamp>
         </v1:messageContext>
         <v1:legalContext>ServiceIntegrator</v1:legalContext>
         <v1:request>
            <v1:personNumber>12003001507</v1:personNumber>
         </v1:request>
      </v1:getCBSSIdentityRequest>
   </soapenv:Body>
</soapenv:Envelope>]]></con:request><con:credentials><con:selectedAuthProfile>Basic</con:selectedAuthProfile><con:addedBasicAuthenticationTypes>Basic</con:addedBasicAuthenticationTypes><con:authType>Global HTTP Settings</con:authType></con:credentials><con:jmsConfig JMSDeliveryMode="PERSISTENT"/><con:jmsPropertyConfig/><con:wsaConfig mustUnderstand="NONE" version="200508" action="http://fidus.brussels/services/personservice/getCBSSIdentity"/><con:wsrmConfig version="1.2"/></con:call><con:call id="63cc9021-a899-419e-80bf-9180c1c760cb" name="3 - Test - External - Request" outgoingWss="Outflow TEST" incomingWss="Inflow TEST"><con:settings><con:setting id="com.eviware.soapui.impl.wsdl.WsdlRequest@request-headers">&lt;xml-fragment/></con:setting></con:settings><con:encoding>UTF-8</con:encoding><con:endpoint>https://fidus-test.irisnetlab.be/services/PersonService_v1.0</con:endpoint><con:request><![CDATA[<soapenv:Envelope xmlns:soapenv="http://schemas.xmlsoap.org/soap/envelope/" xmlns:v1="http://fidus.brussels/service/personservice/messages/v1" xmlns:v11="http://fidus.brussels/type/common/messages/v1">
   <soapenv:Header/>
   <soapenv:Body>
      <v1:getCBSSIdentityRequest>
         <v1:messageContext>
         	  <v11:messageId>${=import static java.util.UUID.randomUUID; uuid = randomUUID() as String}</v11:messageId>
            <v11:timestamp>${=new java.text.SimpleDateFormat("yyyy-MM-dd'T'HH:mm:ss.SSS").format(new Date())}</v11:timestamp>
         </v1:messageContext>
         <v1:legalContext>ServiceIntegrator</v1:legalContext>
         <v1:request>
            <v1:personNumber>93430701886</v1:personNumber>
         </v1:request>
      </v1:getCBSSIdentityRequest>
   </soapenv:Body>
</soapenv:Envelope>]]></con:request><con:credentials><con:selectedAuthProfile>Basic</con:selectedAuthProfile><con:addedBasicAuthenticationTypes>Basic</con:addedBasicAuthenticationTypes><con:authType>Global HTTP Settings</con:authType></con:credentials><con:jmsConfig JMSDeliveryMode="PERSISTENT"/><con:jmsPropertyConfig/><con:wsaConfig mustUnderstand="NONE" version="200508" action="http://fidus.brussels/services/personservice/getCBSSIdentity"/><con:wsrmConfig version="1.2"/></con:call><con:call id="b197eb99-abf5-461b-a4b9-18077e3372a3" name="3 - Test - Worker1 - Request" outgoingWss="Outflow TEST" incomingWss="Inflow TEST"><con:settings><con:setting id="com.eviware.soapui.impl.wsdl.WsdlRequest@request-headers">&lt;xml-fragment/></con:setting></con:settings><con:encoding>UTF-8</con:encoding><con:endpoint>https://192.168.22.53:8443/services/PersonService_v1.0</con:endpoint><con:request><![CDATA[<soapenv:Envelope xmlns:soapenv="http://schemas.xmlsoap.org/soap/envelope/" xmlns:v1="http://fidus.brussels/service/personservice/messages/v1" xmlns:v11="http://fidus.brussels/type/common/messages/v1">
   <soapenv:Header/>
   <soapenv:Body>
      <v1:getCBSSIdentityRequest>
         <v1:messageContext>
         	  <v11:messageId>${=import static java.util.UUID.randomUUID; uuid = randomUUID() as String}</v11:messageId>
            <v11:timestamp>${=new java.text.SimpleDateFormat("yyyy-MM-dd'T'HH:mm:ss.SSS").format(new Date())}</v11:timestamp>
         </v1:messageContext>
         <v1:legalContext>ServiceIntegrator</v1:legalContext>
         <v1:request>
            <v1:personNumber>93430701886</v1:personNumber>
         </v1:request>
      </v1:getCBSSIdentityRequest>
   </soapenv:Body>
</soapenv:Envelope>]]></con:request><con:credentials><con:selectedAuthProfile>Basic</con:selectedAuthProfile><con:addedBasicAuthenticationTypes>Basic</con:addedBasicAuthenticationTypes><con:authType>Global HTTP Settings</con:authType></con:credentials><con:jmsConfig JMSDeliveryMode="PERSISTENT"/><con:jmsPropertyConfig/><con:wsaConfig mustUnderstand="NONE" version="200508" action="http://fidus.brussels/services/personservice/getCBSSIdentity"/><con:wsrmConfig version="1.2"/></con:call><con:call id="342c0435-a5db-4e15-bb4e-bfd6ec7c7c4a" name="3 - Test - Worker2 - Request" incomingWss="Inflow TEST" outgoingWss="Outflow TEST"><con:settings><con:setting id="com.eviware.soapui.impl.wsdl.WsdlRequest@request-headers">&lt;xml-fragment/></con:setting></con:settings><con:encoding>UTF-8</con:encoding><con:endpoint>https://192.168.22.54:8443/services/PersonService_v1.0</con:endpoint><con:request><![CDATA[<soapenv:Envelope xmlns:soapenv="http://schemas.xmlsoap.org/soap/envelope/" xmlns:v1="http://fidus.brussels/service/personservice/messages/v1" xmlns:v11="http://fidus.brussels/type/common/messages/v1">
   <soapenv:Header/>
   <soapenv:Body>
      <v1:getCBSSIdentityRequest>
         <v1:messageContext>
         	  <v11:messageId>${=import static java.util.UUID.randomUUID; uuid = randomUUID() as String}</v11:messageId>
            <v11:timestamp>${=new java.text.SimpleDateFormat("yyyy-MM-dd'T'HH:mm:ss.SSS").format(new Date())}</v11:timestamp>
         </v1:messageContext>
         <v1:legalContext>ServiceIntegrator</v1:legalContext>
         <v1:request>
            <v1:personNumber>93430701886</v1:personNumber>
         </v1:request>
      </v1:getCBSSIdentityRequest>
   </soapenv:Body>
</soapenv:Envelope>]]></con:request><con:credentials><con:selectedAuthProfile>Basic</con:selectedAuthProfile><con:addedBasicAuthenticationTypes>Basic</con:addedBasicAuthenticationTypes><con:authType>Global HTTP Settings</con:authType></con:credentials><con:jmsConfig JMSDeliveryMode="PERSISTENT"/><con:jmsPropertyConfig/><con:wsaConfig mustUnderstand="NONE" version="200508" action="http://fidus.brussels/services/personservice/getCBSSIdentity"/><con:wsrmConfig version="1.2"/></con:call><con:call id="3046e077-915f-4f81-9a73-3560519dd410" name="2 - DevNew - Request" outgoingWss="Outflow DEV" incomingWss="Inflow DEV"><con:settings><con:setting id="com.eviware.soapui.impl.wsdl.WsdlRequest@request-headers">&lt;xml-fragment/></con:setting></con:settings><con:encoding>UTF-8</con:encoding><con:endpoint>https://192.168.36.205:8243/services/PersonService_v1.0</con:endpoint><con:request><![CDATA[<soapenv:Envelope xmlns:soapenv="http://schemas.xmlsoap.org/soap/envelope/" xmlns:v1="http://fidus.brussels/service/personservice/messages/v1" xmlns:v11="http://fidus.brussels/type/common/messages/v1">
   <soapenv:Header/>
   <soapenv:Body>
      <v1:getCBSSIdentityRequest>
         <v1:messageContext>
         	  <v11:messageId>${=import static java.util.UUID.randomUUID; uuid = randomUUID() as String}</v11:messageId>
            <v11:timestamp>${=new java.text.SimpleDateFormat("yyyy-MM-dd'T'HH:mm:ss.SSS").format(new Date())}</v11:timestamp>
         </v1:messageContext>
         <v1:legalContext>ServiceIntegrator</v1:legalContext>
         <v1:request>
            <v1:personNumber>12003001507</v1:personNumber>
         </v1:request>
      </v1:getCBSSIdentityRequest>
   </soapenv:Body>
</soapenv:Envelope>]]></con:request><con:credentials><con:selectedAuthProfile>Basic</con:selectedAuthProfile><con:addedBasicAuthenticationTypes>Basic</con:addedBasicAuthenticationTypes><con:authType>Global HTTP Settings</con:authType></con:credentials><con:jmsConfig JMSDeliveryMode="PERSISTENT"/><con:jmsPropertyConfig/><con:wsaConfig mustUnderstand="NONE" version="200508" action="http://fidus.brussels/services/personservice/getCBSSIdentity"/><con:wsrmConfig version="1.2"/></con:call><con:call id="90b593ff-1332-48cd-9046-fe59bc552700" name="3 - Test - Worker1New - Request" outgoingWss="Outflow TEST" incomingWss="Inflow TEST"><con:settings><con:setting id="com.eviware.soapui.impl.wsdl.WsdlRequest@request-headers">&lt;xml-fragment/></con:setting></con:settings><con:encoding>UTF-8</con:encoding><con:endpoint>https://192.168.22.73:8443/services/PersonService_v1.0</con:endpoint><con:request><![CDATA[<soapenv:Envelope xmlns:soapenv="http://schemas.xmlsoap.org/soap/envelope/" xmlns:v1="http://fidus.brussels/service/personservice/messages/v1" xmlns:v11="http://fidus.brussels/type/common/messages/v1">
   <soapenv:Header/>
   <soapenv:Body>
      <v1:getCBSSIdentityRequest>
         <v1:messageContext>
         	  <v11:messageId>${=import static java.util.UUID.randomUUID; uuid = randomUUID() as String}</v11:messageId>
            <v11:timestamp>${=new java.text.SimpleDateFormat("yyyy-MM-dd'T'HH:mm:ss.SSS").format(new Date())}</v11:timestamp>
         </v1:messageContext>
         <v1:legalContext>ServiceIntegrator</v1:legalContext>
         <v1:request>
            <v1:personNumber>93430701886</v1:personNumber>
         </v1:request>
      </v1:getCBSSIdentityRequest>
   </soapenv:Body>
</soapenv:Envelope>]]></con:request><con:credentials><con:selectedAuthProfile>Basic</con:selectedAuthProfile><con:addedBasicAuthenticationTypes>Basic</con:addedBasicAuthenticationTypes><con:authType>Global HTTP Settings</con:authType></con:credentials><con:jmsConfig JMSDeliveryMode="PERSISTENT"/><con:jmsPropertyConfig/><con:wsaConfig mustUnderstand="NONE" version="200508" action="http://fidus.brussels/services/personservice/getCBSSIdentity"/><con:wsrmConfig version="1.2"/></con:call><con:call id="26e7ddef-3a32-4429-92d6-743cea5b69be" name="3 - Test - Worker2New - Request" outgoingWss="Outflow TEST" incomingWss="Inflow TEST"><con:settings><con:setting id="com.eviware.soapui.impl.wsdl.WsdlRequest@request-headers">&lt;xml-fragment/></con:setting></con:settings><con:encoding>UTF-8</con:encoding><con:endpoint>https://192.168.22.93:8443/services/PersonService_v1.0</con:endpoint><con:request><![CDATA[<soapenv:Envelope xmlns:soapenv="http://schemas.xmlsoap.org/soap/envelope/" xmlns:v1="http://fidus.brussels/service/personservice/messages/v1" xmlns:v11="http://fidus.brussels/type/common/messages/v1">
   <soapenv:Header/>
   <soapenv:Body>
      <v1:getCBSSIdentityRequest>
         <v1:messageContext>
         	  <v11:messageId>${=import static java.util.UUID.randomUUID; uuid = randomUUID() as String}</v11:messageId>
            <v11:timestamp>${=new java.text.SimpleDateFormat("yyyy-MM-dd'T'HH:mm:ss.SSS").format(new Date())}</v11:timestamp>
         </v1:messageContext>
         <v1:legalContext>ServiceIntegrator</v1:legalContext>
         <v1:request>
            <v1:personNumber>93430701886</v1:personNumber>
         </v1:request>
      </v1:getCBSSIdentityRequest>
   </soapenv:Body>
</soapenv:Envelope>]]></con:request><con:credentials><con:selectedAuthProfile>Basic</con:selectedAuthProfile><con:addedBasicAuthenticationTypes>Basic</con:addedBasicAuthenticationTypes><con:authType>Global HTTP Settings</con:authType></con:credentials><con:jmsConfig JMSDeliveryMode="PERSISTENT"/><con:jmsPropertyConfig/><con:wsaConfig mustUnderstand="NONE" version="200508" action="http://fidus.brussels/services/personservice/getCBSSIdentity"/><con:wsrmConfig version="1.2"/></con:call></con:operation></con:interface>
  <con:testSuite id="bc6188a5-a19b-4eb4-888d-72e11d1566ca" name="DEV"><con:settings/><con:runType>SEQUENTIAL</con:runType><con:testCase id="3b47d64c-0f85-470c-a1d6-1b824fb9d9d7" failOnError="true" failTestCaseOnErrors="true" keepSession="false" maxResults="0" name="getIdentity" searchProperties="true"><con:settings/><con:testStep type="request" id="9e74c806-727b-4579-8457-7ee97a8db18f" name="testcase2 - Dev - Request"><con:settings/><con:config xsi:type="con:RequestStep" xmlns:xsi="http://www.w3.org/2001/XMLSchema-instance"><con:interface>PersonServiceHTTPBinding</con:interface><con:operation>getIdentity</con:operation><con:request name="testcase2 - Dev - Request" id="fcfc61fc-a3f9-42b6-89ac-9b28d0a3f4c4" outgoingWss="Outflow DEV"><con:settings/><con:encoding>UTF-8</con:encoding><con:endpoint>https://192.168.36.61:8243/services/PersonService_v1.0</con:endpoint><con:request><![CDATA[<soapenv:Envelope xmlns:soapenv="http://schemas.xmlsoap.org/soap/envelope/" xmlns:v1="http://fidus.brussels/service/personservice/messages/v1" xmlns:v11="http://fidus.brussels/type/common/messages/v1">
   <soapenv:Header/>
   <soapenv:Body>
      <v1:getIdentityRequest>
         <v1:messageContext>
         	  <v11:messageId>${=import static java.util.UUID.randomUUID; uuid = randomUUID() as String}</v11:messageId>
            <v11:timestamp>${=new java.text.SimpleDateFormat("yyyy-MM-dd'T'HH:mm:ss.SSS").format(new Date())}</v11:timestamp>
         </v1:messageContext>
         <v1:legalContext>ServiceIntegrator</v1:legalContext>
         <v1:request>
            <v1:personNumber>12003001508</v1:personNumber>
         </v1:request>
      </v1:getIdentityRequest>
   </soapenv:Body>
</soapenv:Envelope>]]></con:request><con:assertion type="SOAP Fault Assertion" id="13136e86-222c-4431-8890-015cf1210228" name="Not SOAP Fault"/><con:assertion type="SOAP Response" id="f37f945d-2c39-441b-b3aa-9f03156584ed" name="SOAP Response"/><con:assertion type="Schema Compliance" id="3c2c6bd5-b40d-4ec9-8117-2e624a24b742" name="Schema Compliance"><con:configuration/></con:assertion><con:wsaConfig action="http://fidus.brussels/services/personservice/getIdentity"/></con:request></con:config></con:testStep><con:testStep type="request" id="dfc96497-899e-4081-a86f-2b83b58c7898" name="testcase2 - DevNew - Request"><con:settings/><con:config xsi:type="con:RequestStep" xmlns:xsi="http://www.w3.org/2001/XMLSchema-instance"><con:interface>PersonServiceHTTPBinding</con:interface><con:operation>getIdentity</con:operation><con:request name="testcase2 - DevNew - Request" id="e34f5bdb-a1c7-4e10-9345-aaeab9c65659" outgoingWss="Outflow DEV"><con:settings/><con:encoding>UTF-8</con:encoding><con:endpoint>https://192.168.36.205:8243/services/PersonService_v1.0</con:endpoint><con:request><![CDATA[<soapenv:Envelope xmlns:soapenv="http://schemas.xmlsoap.org/soap/envelope/" xmlns:v1="http://fidus.brussels/service/personservice/messages/v1" xmlns:v11="http://fidus.brussels/type/common/messages/v1">
   <soapenv:Header/>
   <soapenv:Body>
      <v1:getIdentityRequest>
         <v1:messageContext>
         	  <v11:messageId>${=import static java.util.UUID.randomUUID; uuid = randomUUID() as String}</v11:messageId>
            <v11:timestamp>${=new java.text.SimpleDateFormat("yyyy-MM-dd'T'HH:mm:ss.SSS").format(new Date())}</v11:timestamp>
         </v1:messageContext>
         <v1:legalContext>ServiceIntegrator</v1:legalContext>
         <v1:request>
            <v1:personNumber>12003001507</v1:personNumber>
         </v1:request>
      </v1:getIdentityRequest>
   </soapenv:Body>
</soapenv:Envelope>]]></con:request><con:assertion type="SOAP Fault Assertion" id="15b3a5a3-0993-41ca-b6cf-a3ae7dd9b3b9" name="Not SOAP Fault"/><con:assertion type="SOAP Response" id="0e003b7c-8e72-4a1a-826a-f049d079d5a2" name="SOAP Response"/><con:assertion type="Schema Compliance" id="5931f927-aab0-4d67-a8dd-64d8174863de" name="Schema Compliance"><con:configuration/></con:assertion><con:wsaConfig action="http://fidus.brussels/services/personservice/getIdentity"/></con:request></con:config></con:testStep><con:properties/></con:testCase><con:testCase id="c8a9e6e6-32f9-4a73-8b8f-b3d4d1b0005c" failOnError="true" failTestCaseOnErrors="true" keepSession="false" maxResults="0" name="searchPersonByAddress" searchProperties="true"><con:settings/><con:testStep type="request" id="40c7844d-c815-4097-95be-32248a9b3845" name="testcase2 - Dev - Request"><con:settings/><con:config xsi:type="con:RequestStep" xmlns:xsi="http://www.w3.org/2001/XMLSchema-instance"><con:interface>PersonServiceHTTPBinding</con:interface><con:operation>searchPersonByAddress</con:operation><con:request name="testcase2 - Dev - Request" id="a27337ee-0499-4326-98fb-f13c84853b85" outgoingWss="Outflow DEV"><con:settings/><con:encoding>UTF-8</con:encoding><con:endpoint>https://192.168.36.61:8243/services/PersonService_v1.0</con:endpoint><con:request><![CDATA[<soapenv:Envelope xmlns:soapenv="http://schemas.xmlsoap.org/soap/envelope/" xmlns:v1="http://fidus.brussels/service/personservice/messages/v1" xmlns:v11="http://fidus.brussels/type/common/messages/v1">
   <soapenv:Header/>
   <soapenv:Body>
      <v1:searchPersonByAddressRequest>
         <v1:messageContext>
         	  <v11:messageId>${=import static java.util.UUID.randomUUID; uuid = randomUUID() as String}</v11:messageId>
            <v11:timestamp>${=new java.text.SimpleDateFormat("yyyy-MM-dd'T'HH:mm:ss.SSS").format(new Date())}</v11:timestamp>
         </v1:messageContext>
         <v1:legalContext>ServiceIntegrator</v1:legalContext>
         <v1:request>
            <postalCode>2800</postalCode>
            <streetCode>1480</streetCode>
            <houseNumber>77</houseNumber>
         </v1:request>
      </v1:searchPersonByAddressRequest>
   </soapenv:Body>
</soapenv:Envelope>]]></con:request><con:assertion type="SOAP Fault Assertion" id="67eb991e-b3cf-4ec5-95ff-fed2e3446cfd" name="Not SOAP Fault"/><con:assertion type="SOAP Response" id="bf75399c-2d78-49c6-922c-643e4eb0ad6d" name="SOAP Response"/><con:assertion type="Schema Compliance" id="04692281-8e39-41d8-99af-3e370d531ce8" name="Schema Compliance"><con:configuration/></con:assertion><con:wsaConfig action="http://fidus.brussels/services/personservice/searchPersonByAddress"/></con:request></con:config></con:testStep><con:testStep type="request" id="c62ff136-a166-4cd1-a1ba-bcf99a6aa2a2" name="testcase2 - DevNew - Request"><con:settings/><con:config xsi:type="con:RequestStep" xmlns:xsi="http://www.w3.org/2001/XMLSchema-instance"><con:interface>PersonServiceHTTPBinding</con:interface><con:operation>searchPersonByAddress</con:operation><con:request name="testcase2 - DevNew - Request" id="b9242de8-7673-4559-9486-1c619ec08ad2" outgoingWss="Outflow DEV"><con:settings/><con:encoding>UTF-8</con:encoding><con:endpoint>https://192.168.36.205:8243/services/PersonService_v1.0</con:endpoint><con:request><![CDATA[<soapenv:Envelope xmlns:soapenv="http://schemas.xmlsoap.org/soap/envelope/" xmlns:v1="http://fidus.brussels/service/personservice/messages/v1" xmlns:v11="http://fidus.brussels/type/common/messages/v1">
   <soapenv:Header/>
   <soapenv:Body>
      <v1:searchPersonByAddressRequest>
         <v1:messageContext>
         	  <v11:messageId>${=import static java.util.UUID.randomUUID; uuid = randomUUID() as String}</v11:messageId>
            <v11:timestamp>${=new java.text.SimpleDateFormat("yyyy-MM-dd'T'HH:mm:ss.SSS").format(new Date())}</v11:timestamp>
         </v1:messageContext>
         <v1:legalContext>ServiceIntegrator</v1:legalContext>
         <v1:request>
            <postalCode>2800</postalCode>
            <streetCode>1480</streetCode>
            <houseNumber>77</houseNumber>
         </v1:request>
      </v1:searchPersonByAddressRequest>
   </soapenv:Body>
</soapenv:Envelope>]]></con:request><con:assertion type="SOAP Fault Assertion" id="d4b53d90-d449-4282-adf9-4e05cc82bfee" name="Not SOAP Fault"/><con:assertion type="SOAP Response" id="3d8c1305-112d-496e-b406-598111faf191" name="SOAP Response"/><con:assertion type="Schema Compliance" id="8472be57-4c65-450c-844e-154fb66edc93" name="Schema Compliance"><con:configuration/></con:assertion><con:wsaConfig action="http://fidus.brussels/services/personservice/searchPersonByAddress"/></con:request></con:config></con:testStep><con:properties/></con:testCase><con:testCase id="eef42209-508c-4233-96c4-7d7efb4d6ef0" failOnError="true" failTestCaseOnErrors="true" keepSession="false" maxResults="0" name="searchPersonPhonetically" searchProperties="true"><con:settings/><con:testStep type="request" id="86fa509e-b679-459e-8038-a1ed80ea9edc" name="testcase2 - Dev - Request"><con:settings/><con:config xsi:type="con:RequestStep" xmlns:xsi="http://www.w3.org/2001/XMLSchema-instance"><con:interface>PersonServiceHTTPBinding</con:interface><con:operation>searchPersonPhonetically</con:operation><con:request name="testcase2 - Dev - Request" id="d5ca02b4-e9b5-4931-b5cf-a3aff34e44eb" outgoingWss="Outflow DEV"><con:settings/><con:encoding>UTF-8</con:encoding><con:endpoint>https://192.168.36.61:8243/services/PersonService_v1.0</con:endpoint><con:request><![CDATA[<soapenv:Envelope xmlns:soapenv="http://schemas.xmlsoap.org/soap/envelope/" xmlns:v1="http://fidus.brussels/service/personservice/messages/v1" xmlns:v11="http://fidus.brussels/type/common/messages/v1">
   <soapenv:Header/>
   <soapenv:Body>
      <v1:searchPersonPhoneticallyRequest>
         <v1:messageContext>
         	  <v11:messageId>${=import static java.util.UUID.randomUUID; uuid = randomUUID() as String}</v11:messageId>
            <v11:timestamp>${=new java.text.SimpleDateFormat("yyyy-MM-dd'T'HH:mm:ss.SSS").format(new Date())}</v11:timestamp>
         </v1:messageContext>
         <v1:legalContext>ServiceIntegrator</v1:legalContext>
         <v1:request>
            <name>
               <lastName>GENERATED</lastName>
               <givenName sequence="1">Stijn</givenName>
               <givenNameMatching>COMPLETE_FIRST_GIVENNAME</givenNameMatching>
            </name>
            <birth>
               <birthDate>1985-08-15</birthDate>
            </birth>
         </v1:request>
      </v1:searchPersonPhoneticallyRequest>
   </soapenv:Body>
</soapenv:Envelope>]]></con:request><con:assertion type="SOAP Fault Assertion" id="a634dd4e-ca05-4b95-a18e-4b994d60057c" name="Not SOAP Fault"/><con:assertion type="SOAP Response" id="7964cef9-be13-4371-a3dd-e09289a89da7" name="SOAP Response"/><con:assertion type="Schema Compliance" id="f1bff308-7f23-4996-b1cf-d2fb1a4291be" name="Schema Compliance"><con:configuration/></con:assertion><con:wsaConfig action="http://fidus.brussels/services/personservice/searchPersonPhonetically"/></con:request></con:config></con:testStep><con:testStep type="request" id="027386f1-9b40-4196-88ea-ee2b986a1d5d" name="testcase2 - DevNew - Request"><con:settings/><con:config xsi:type="con:RequestStep" xmlns:xsi="http://www.w3.org/2001/XMLSchema-instance"><con:interface>PersonServiceHTTPBinding</con:interface><con:operation>searchPersonPhonetically</con:operation><con:request name="testcase2 - DevNew - Request" id="6e82468e-8734-412c-8204-3b7e09819d2a" outgoingWss="Outflow DEV"><con:settings/><con:encoding>UTF-8</con:encoding><con:endpoint>https://192.168.36.205:8243/services/PersonService_v1.0</con:endpoint><con:request><![CDATA[<soapenv:Envelope xmlns:soapenv="http://schemas.xmlsoap.org/soap/envelope/" xmlns:v1="http://fidus.brussels/service/personservice/messages/v1" xmlns:v11="http://fidus.brussels/type/common/messages/v1">
   <soapenv:Header/>
   <soapenv:Body>
      <v1:searchPersonPhoneticallyRequest>
         <v1:messageContext>
         	  <v11:messageId>${=import static java.util.UUID.randomUUID; uuid = randomUUID() as String}</v11:messageId>
            <v11:timestamp>${=new java.text.SimpleDateFormat("yyyy-MM-dd'T'HH:mm:ss.SSS").format(new Date())}</v11:timestamp>
         </v1:messageContext>
         <v1:legalContext>ServiceIntegrator</v1:legalContext>
         <v1:request>
            <name>
               <lastName>GENERATED</lastName>
               <givenName sequence="1">Stijn</givenName>
               <givenNameMatching>COMPLETE_FIRST_GIVENNAME</givenNameMatching>
            </name>
            <birth>
               <birthDate>1985-08-15</birthDate>
            </birth>
         </v1:request>
      </v1:searchPersonPhoneticallyRequest>
   </soapenv:Body>
</soapenv:Envelope>]]></con:request><con:assertion type="SOAP Fault Assertion" id="23ee3ec0-255c-4099-9f41-1f2ccb81ee03" name="Not SOAP Fault"/><con:assertion type="SOAP Response" id="9ea36473-0a7b-4ac2-a378-7c0cbaa16f09" name="SOAP Response"/><con:assertion type="Schema Compliance" id="900d3faf-c368-4d06-969d-d17f23d1b735" name="Schema Compliance"><con:configuration/></con:assertion><con:wsaConfig action="http://fidus.brussels/services/personservice/searchPersonPhonetically"/></con:request></con:config></con:testStep><con:properties/></con:testCase><con:testCase id="35d24ab3-71d6-4d97-b8aa-6a92c28c3335" failOnError="true" failTestCaseOnErrors="true" keepSession="false" maxResults="0" name="getCBSSIdentity" searchProperties="true"><con:settings/><con:testStep type="request" id="32fc74a4-5bfa-4740-834c-f0507d0d411b" name="testcase2 - Dev - Request"><con:settings/><con:config xsi:type="con:RequestStep" xmlns:xsi="http://www.w3.org/2001/XMLSchema-instance"><con:interface>PersonServiceHTTPBinding</con:interface><con:operation>getCBSSIdentity</con:operation><con:request name="testcase2 - Dev - Request" id="9a53b968-b476-46c5-9354-dc3f0b4004a6" outgoingWss="Outflow DEV"><con:settings/><con:encoding>UTF-8</con:encoding><con:endpoint>https://192.168.36.61:8243/services/PersonService_v1.0</con:endpoint><con:request><![CDATA[<soapenv:Envelope xmlns:soapenv="http://schemas.xmlsoap.org/soap/envelope/" xmlns:v1="http://fidus.brussels/service/personservice/messages/v1" xmlns:v11="http://fidus.brussels/type/common/messages/v1">
   <soapenv:Header/>
   <soapenv:Body>
      <v1:getCBSSIdentityRequest>
         <v1:messageContext>
         	  <v11:messageId>${=import static java.util.UUID.randomUUID; uuid = randomUUID() as String}</v11:messageId>
            <v11:timestamp>${=new java.text.SimpleDateFormat("yyyy-MM-dd'T'HH:mm:ss.SSS").format(new Date())}</v11:timestamp>
         </v1:messageContext>
         <v1:legalContext>ServiceIntegrator</v1:legalContext>
         <v1:request>
            <v1:personNumber>12003001507</v1:personNumber>
         </v1:request>
      </v1:getCBSSIdentityRequest>
   </soapenv:Body>
</soapenv:Envelope>]]></con:request><con:assertion type="SOAP Fault Assertion" id="775e9b4b-c02d-49fd-a49a-b7487cd78dbc" name="Not SOAP Fault"/><con:assertion type="SOAP Response" id="676f4fa0-2327-4e2a-ab47-be28cba375ca" name="SOAP Response"/><con:assertion type="Schema Compliance" id="e89e1060-21d4-4aa5-89ec-69169e16e595" name="Schema Compliance"><con:configuration/></con:assertion><con:wsaConfig action="http://fidus.brussels/services/personservice/getCBSSIdentity"/></con:request></con:config></con:testStep><con:testStep type="request" id="2154712b-3ce7-47b0-803b-abf7071e4b86" name="testcase2 - DevNew - Request"><con:settings/><con:config xsi:type="con:RequestStep" xmlns:xsi="http://www.w3.org/2001/XMLSchema-instance"><con:interface>PersonServiceHTTPBinding</con:interface><con:operation>getCBSSIdentity</con:operation><con:request name="testcase2 - DevNew - Request" id="43cf54f1-b8d4-4043-b658-6620289dc01e" outgoingWss="Outflow DEV"><con:settings/><con:encoding>UTF-8</con:encoding><con:endpoint>https://192.168.36.205:8243/services/PersonService_v1.0</con:endpoint><con:request><![CDATA[<soapenv:Envelope xmlns:soapenv="http://schemas.xmlsoap.org/soap/envelope/" xmlns:v1="http://fidus.brussels/service/personservice/messages/v1" xmlns:v11="http://fidus.brussels/type/common/messages/v1">
   <soapenv:Header/>
   <soapenv:Body>
      <v1:getCBSSIdentityRequest>
         <v1:messageContext>
         	  <v11:messageId>${=import static java.util.UUID.randomUUID; uuid = randomUUID() as String}</v11:messageId>
            <v11:timestamp>${=new java.text.SimpleDateFormat("yyyy-MM-dd'T'HH:mm:ss.SSS").format(new Date())}</v11:timestamp>
         </v1:messageContext>
         <v1:legalContext>ServiceIntegrator</v1:legalContext>
         <v1:request>
            <v1:personNumber>12003001507</v1:personNumber>
         </v1:request>
      </v1:getCBSSIdentityRequest>
   </soapenv:Body>
</soapenv:Envelope>]]></con:request><con:assertion type="SOAP Fault Assertion" id="fe632fa2-22b3-4ae3-bc04-12f51ef18eba" name="Not SOAP Fault"/><con:assertion type="SOAP Response" id="0309d96b-f197-4c23-a0ff-ba8345392396" name="SOAP Response"/><con:assertion type="Schema Compliance" id="97ee635b-6fd4-479c-adac-94d967f80e84" name="Schema Compliance"><con:configuration/></con:assertion><con:wsaConfig action="http://fidus.brussels/services/personservice/getCBSSIdentity"/></con:request></con:config></con:testStep><con:properties/></con:testCase><con:properties/></con:testSuite><con:testSuite id="16b198ec-39ee-4000-8a13-a910d8ba560d" name="TEST"><con:settings/><con:runType>SEQUENTIAL</con:runType><con:testCase id="ca837c48-ec86-4a67-b02e-2f6189587d95" failOnError="true" failTestCaseOnErrors="true" keepSession="false" maxResults="0" name="getIdentity" searchProperties="true"><con:settings/><con:testStep type="request" id="6287672a-2070-4290-918a-bf80beabf1a4" name="testcase3 - Test - External - Request"><con:settings/><con:config xsi:type="con:RequestStep" xmlns:xsi="http://www.w3.org/2001/XMLSchema-instance"><con:interface>PersonServiceHTTPBinding</con:interface><con:operation>getIdentity</con:operation><con:request name="testcase3 - Test - External - Request" id="09063c61-ceb2-48a2-825e-7ddfb9c9d730" outgoingWss="Outflow TEST"><con:settings/><con:encoding>UTF-8</con:encoding><con:endpoint>https://fidus-test.irisnetlab.be/services/PersonService_v1.0</con:endpoint><con:request><![CDATA[<soapenv:Envelope xmlns:soapenv="http://schemas.xmlsoap.org/soap/envelope/" xmlns:v1="http://fidus.brussels/service/personservice/messages/v1" xmlns:v11="http://fidus.brussels/type/common/messages/v1">
   <soapenv:Header/>
   <soapenv:Body>
      <v1:getIdentityRequest>
         <v1:messageContext>
         	  <v11:messageId>${=import static java.util.UUID.randomUUID; uuid = randomUUID() as String}</v11:messageId>
            <v11:timestamp>${=new java.text.SimpleDateFormat("yyyy-MM-dd'T'HH:mm:ss.SSS").format(new Date())}</v11:timestamp>
         </v1:messageContext>
         <v1:legalContext>ServiceIntegrator</v1:legalContext>
         <v1:request>
            <v1:personNumber>91040526866</v1:personNumber>
         </v1:request>
      </v1:getIdentityRequest>
   </soapenv:Body>
</soapenv:Envelope>]]></con:request><con:assertion type="SOAP Fault Assertion" id="ce0c5ea4-a39c-472c-bf3a-b6898b472871" name="Not SOAP Fault"/><con:assertion type="SOAP Response" id="adccd20b-6269-4a91-94f2-8f1d363cacb9" name="SOAP Response"/><con:assertion type="Schema Compliance" id="aab1b478-b730-4fe2-b13a-ef4e7ba2eda8" name="Schema Compliance"><con:configuration/></con:assertion><con:wsaConfig action="http://fidus.brussels/services/personservice/getIdentity"/></con:request></con:config></con:testStep><con:testStep type="request" id="a518d542-ae0a-47d8-b58a-2818bc1dbe2f" name="testcase3 - Test - LB - Request"><con:settings/><con:config xsi:type="con:RequestStep" xmlns:xsi="http://www.w3.org/2001/XMLSchema-instance"><con:interface>PersonServiceHTTPBinding</con:interface><con:operation>getIdentity</con:operation><con:request name="testcase3 - Test - LB - Request" id="7558a1ea-09fd-433f-95b5-d03dc61ae6b4" outgoingWss="Outflow TEST"><con:settings/><con:encoding>UTF-8</con:encoding><con:endpoint>https://esb-security-gw.sta.srv.cirb.lan:8443/services/PersonService_v1.0</con:endpoint><con:request><![CDATA[<soapenv:Envelope xmlns:soapenv="http://schemas.xmlsoap.org/soap/envelope/" xmlns:v1="http://fidus.brussels/service/personservice/messages/v1" xmlns:v11="http://fidus.brussels/type/common/messages/v1">
   <soapenv:Header/>
   <soapenv:Body>
      <v1:getIdentityRequest>
         <v1:messageContext>
         	  <v11:messageId>${=import static java.util.UUID.randomUUID; uuid = randomUUID() as String}</v11:messageId>
            <v11:timestamp>${=new java.text.SimpleDateFormat("yyyy-MM-dd'T'HH:mm:ss.SSS").format(new Date())}</v11:timestamp>
         </v1:messageContext>
         <v1:legalContext>LocalResidentCardJET</v1:legalContext>
         <v1:request>
            <v1:personNumber>12003001507</v1:personNumber>
         </v1:request>
      </v1:getIdentityRequest>
   </soapenv:Body>
</soapenv:Envelope>]]></con:request><con:assertion type="SOAP Fault Assertion" id="fade3336-3e8f-4d6d-9fed-25d402f79c04" name="Not SOAP Fault"/><con:assertion type="SOAP Response" id="5a3ae392-0aac-4b8f-a74e-d8752cbd9217" name="SOAP Response"/><con:assertion type="Schema Compliance" id="5125a3f0-eebc-4fdb-81b6-c57aa1504ef5" name="Schema Compliance"><con:configuration/></con:assertion><con:wsaConfig action="http://fidus.brussels/services/personservice/getIdentity"/></con:request></con:config></con:testStep><con:testStep type="request" id="424d8d9a-44a4-456a-bfdd-5046b4516952" name="testcase3 - Test - Worker1 - Request"><con:settings/><con:config xsi:type="con:RequestStep" xmlns:xsi="http://www.w3.org/2001/XMLSchema-instance"><con:interface>PersonServiceHTTPBinding</con:interface><con:operation>getIdentity</con:operation><con:request name="testcase3 - Test - Worker1 - Request" id="4711c894-900f-48c4-b0ec-eb50e482d36c" outgoingWss="Outflow TEST"><con:settings/><con:encoding>UTF-8</con:encoding><con:endpoint>https://192.168.24.45:8443/services/PersonService_v1.0</con:endpoint><con:request><![CDATA[<soapenv:Envelope xmlns:soapenv="http://schemas.xmlsoap.org/soap/envelope/" xmlns:v1="http://fidus.brussels/service/personservice/messages/v1" xmlns:v11="http://fidus.brussels/type/common/messages/v1">
   <soapenv:Header/>
   <soapenv:Body>
      <v1:getIdentityRequest>
         <v1:messageContext>
         	  <v11:messageId>${=import static java.util.UUID.randomUUID; uuid = randomUUID() as String}</v11:messageId>
            <v11:timestamp>${=new java.text.SimpleDateFormat("yyyy-MM-dd'T'HH:mm:ss.SSS").format(new Date())}</v11:timestamp>
         </v1:messageContext>
         <v1:legalContext>ServiceIntegrator</v1:legalContext>
         <v1:request>
            <v1:personNumber>91120406960</v1:personNumber>
         </v1:request>
      </v1:getIdentityRequest>
   </soapenv:Body>
</soapenv:Envelope>]]></con:request><con:assertion type="SOAP Fault Assertion" id="0d222b1d-935f-45a8-8074-22644c39d317" name="Not SOAP Fault"/><con:assertion type="SOAP Response" id="07bf8ddb-acfa-4a07-bfa8-657225ed0348" name="SOAP Response"/><con:assertion type="Schema Compliance" id="529c4a36-6efb-4c5e-b602-405eeba083ee" name="Schema Compliance"><con:configuration/></con:assertion><con:wsaConfig action="http://fidus.brussels/services/personservice/getIdentity"/></con:request></con:config></con:testStep><con:testStep type="request" id="31d4af82-0734-4a0e-b17f-7c59dc5b2e4f" name="testcase3 - Test - Worker2 - Request"><con:settings/><con:config xsi:type="con:RequestStep" xmlns:xsi="http://www.w3.org/2001/XMLSchema-instance"><con:interface>PersonServiceHTTPBinding</con:interface><con:operation>getIdentity</con:operation><con:request name="testcase3 - Test - Worker2 - Request" id="2b007f18-058b-4b3c-88d8-a2140b928b37" outgoingWss="Outflow TEST"><con:settings/><con:encoding>UTF-8</con:encoding><con:endpoint>https://192.168.24.51:8443/services/PersonService_v1.0</con:endpoint><con:request><![CDATA[<soapenv:Envelope xmlns:soapenv="http://schemas.xmlsoap.org/soap/envelope/" xmlns:v1="http://fidus.brussels/service/personservice/messages/v1" xmlns:v11="http://fidus.brussels/type/common/messages/v1">
   <soapenv:Header/>
   <soapenv:Body>
      <v1:getIdentityRequest>
         <v1:messageContext>
         	  <v11:messageId>${=import static java.util.UUID.randomUUID; uuid = randomUUID() as String}</v11:messageId>
            <v11:timestamp>${=new java.text.SimpleDateFormat("yyyy-MM-dd'T'HH:mm:ss.SSS").format(new Date())}</v11:timestamp>
         </v1:messageContext>
         <v1:legalContext>ServiceIntegrator</v1:legalContext>
         <v1:request>
            <v1:personNumber>91120406960</v1:personNumber>
         </v1:request>
      </v1:getIdentityRequest>
   </soapenv:Body>
</soapenv:Envelope>]]></con:request><con:assertion type="SOAP Fault Assertion" id="d27d756d-acae-4090-b09d-97954c26b930" name="Not SOAP Fault"/><con:assertion type="SOAP Response" id="255dbc7e-d32a-4427-b2b9-9a9f3934263d" name="SOAP Response"/><con:assertion type="Schema Compliance" id="29bd520c-3d2a-460d-a067-9d4fc4d1e9e4" name="Schema Compliance"><con:configuration/></con:assertion><con:wsaConfig action="http://fidus.brussels/services/personservice/getIdentity"/></con:request></con:config></con:testStep><con:testStep type="request" id="e511bfec-75c1-45a6-9719-828f170cb76e" name="testcase3 - Test - Worker1New - Request"><con:settings/><con:config xsi:type="con:RequestStep" xmlns:xsi="http://www.w3.org/2001/XMLSchema-instance"><con:interface>PersonServiceHTTPBinding</con:interface><con:operation>getIdentity</con:operation><con:request name="testcase3 - Test - Worker1New - Request" id="b2044d8e-f53f-4d7e-aa96-86e1fe76952b" outgoingWss="Outflow TEST"><con:settings/><con:encoding>UTF-8</con:encoding><con:endpoint>https://192.168.24.45:8443/services/PersonService_v1.0</con:endpoint><con:request><![CDATA[<soapenv:Envelope xmlns:soapenv="http://schemas.xmlsoap.org/soap/envelope/" xmlns:v1="http://fidus.brussels/service/personservice/messages/v1" xmlns:v11="http://fidus.brussels/type/common/messages/v1">
   <soapenv:Header/>
   <soapenv:Body>
      <v1:getIdentityRequest>
         <v1:messageContext>
         	  <v11:messageId>${=import static java.util.UUID.randomUUID; uuid = randomUUID() as String}</v11:messageId>
            <v11:timestamp>${=new java.text.SimpleDateFormat("yyyy-MM-dd'T'HH:mm:ss.SSS").format(new Date())}</v11:timestamp>
         </v1:messageContext>
         <v1:legalContext>ServiceIntegrator</v1:legalContext>
         <v1:request>
            <v1:personNumber>91120406960</v1:personNumber>
         </v1:request>
      </v1:getIdentityRequest>
   </soapenv:Body>
</soapenv:Envelope>]]></con:request><con:assertion type="SOAP Fault Assertion" id="4a617f92-1ef4-40d5-9ace-de2aada32006" name="Not SOAP Fault"/><con:assertion type="SOAP Response" id="8b6bee1d-a8a6-4ec0-96c1-ad1ffa45c476" name="SOAP Response"/><con:assertion type="Schema Compliance" id="ca8ba1fe-5653-4135-8145-9c4ecbb11f95" name="Schema Compliance"><con:configuration/></con:assertion><con:wsaConfig action="http://fidus.brussels/services/personservice/getIdentity"/></con:request></con:config></con:testStep><con:testStep type="request" id="5fc53721-db0b-41d4-a9ba-8aaeaece829e" name="testcase3 - Test - Worker2New - Request"><con:settings/><con:config xsi:type="con:RequestStep" xmlns:xsi="http://www.w3.org/2001/XMLSchema-instance"><con:interface>PersonServiceHTTPBinding</con:interface><con:operation>getIdentity</con:operation><con:request name="testcase3 - Test - Worker2New - Request" id="5b613ed8-7efe-4916-b836-fa00c007006b" outgoingWss="Outflow TEST"><con:settings/><con:encoding>UTF-8</con:encoding><con:endpoint>https://192.168.24.51:8443/services/PersonService_v1.0</con:endpoint><con:request><![CDATA[<soapenv:Envelope xmlns:soapenv="http://schemas.xmlsoap.org/soap/envelope/" xmlns:v1="http://fidus.brussels/service/personservice/messages/v1" xmlns:v11="http://fidus.brussels/type/common/messages/v1">
   <soapenv:Header/>
   <soapenv:Body>
      <v1:getIdentityRequest>
         <v1:messageContext>
         	  <v11:messageId>${=import static java.util.UUID.randomUUID; uuid = randomUUID() as String}</v11:messageId>
            <v11:timestamp>${=new java.text.SimpleDateFormat("yyyy-MM-dd'T'HH:mm:ss.SSS").format(new Date())}</v11:timestamp>
         </v1:messageContext>
         <v1:legalContext>ServiceIntegrator</v1:legalContext>
         <v1:request>
            <v1:personNumber>91120406960</v1:personNumber>
         </v1:request>
      </v1:getIdentityRequest>
   </soapenv:Body>
</soapenv:Envelope>]]></con:request><con:assertion type="SOAP Fault Assertion" id="bf0bb4c0-aef6-430b-90e9-6b1ed6e71f0b" name="Not SOAP Fault"/><con:assertion type="SOAP Response" id="96953bec-931e-4d8a-a675-9df6201bcddf" name="SOAP Response"/><con:assertion type="Schema Compliance" id="52ff4ebb-743c-4ee1-b373-5fe351a917b0" name="Schema Compliance"><con:configuration/></con:assertion><con:wsaConfig action="http://fidus.brussels/services/personservice/getIdentity"/></con:request></con:config></con:testStep><con:properties/></con:testCase><con:testCase id="8b876170-656d-4735-a8a9-6cb1aa66de68" failOnError="true" failTestCaseOnErrors="true" keepSession="false" maxResults="0" name="searchPersonByAddress" searchProperties="true"><con:settings/><con:testStep type="request" id="76daa3ef-62b4-417c-a00f-61181c5bca2e" name="testcase3 - Test - External - Request"><con:settings/><con:config xsi:type="con:RequestStep" xmlns:xsi="http://www.w3.org/2001/XMLSchema-instance"><con:interface>PersonServiceHTTPBinding</con:interface><con:operation>searchPersonByAddress</con:operation><con:request name="testcase3 - Test - External - Request" id="96b22529-488e-46ce-b891-ba5f4ff2b8a8" outgoingWss="Outflow TEST"><con:settings/><con:encoding>UTF-8</con:encoding><con:endpoint>https://fidus-test.irisnetlab.be/services/PersonService_v1.0</con:endpoint><con:request><![CDATA[<soapenv:Envelope xmlns:soapenv="http://schemas.xmlsoap.org/soap/envelope/" xmlns:v1="http://fidus.brussels/service/personservice/messages/v1" xmlns:v11="http://fidus.brussels/type/common/messages/v1">
   <soapenv:Header/>
   <soapenv:Body>
      <v1:searchPersonByAddressRequest>
         <v1:messageContext>
         	  <v11:messageId>${=import static java.util.UUID.randomUUID; uuid = randomUUID() as String}</v11:messageId>
            <v11:timestamp>${=new java.text.SimpleDateFormat("yyyy-MM-dd'T'HH:mm:ss.SSS").format(new Date())}</v11:timestamp>
         </v1:messageContext>
         <v1:legalContext>ServiceIntegrator</v1:legalContext>
         <v1:request>
            <postalCode>2800</postalCode>
            <streetCode>1480</streetCode>
            <houseNumber>77</houseNumber>
         </v1:request>
      </v1:searchPersonByAddressRequest>
   </soapenv:Body>
</soapenv:Envelope>]]></con:request><con:assertion type="SOAP Fault Assertion" id="4c9c6a58-ab38-4ae6-9a1d-059722bd718f" name="Not SOAP Fault"/><con:assertion type="SOAP Response" id="6dd4df79-31a7-44e3-aa41-d8ca9e960014" name="SOAP Response"/><con:assertion type="Schema Compliance" id="da46fef5-a435-4be3-a336-f3723ff8c4a6" name="Schema Compliance"><con:configuration/></con:assertion><con:wsaConfig action="http://fidus.brussels/services/personservice/searchPersonByAddress"/></con:request></con:config></con:testStep><con:testStep type="request" id="bb347a32-5438-4700-b1e4-b9726e9b8be7" name="testcase3 - Test - LB - Request"><con:settings/><con:config xsi:type="con:RequestStep" xmlns:xsi="http://www.w3.org/2001/XMLSchema-instance"><con:interface>PersonServiceHTTPBinding</con:interface><con:operation>searchPersonByAddress</con:operation><con:request name="testcase3 - Test - LB - Request" id="ac880c79-f7dd-44b4-ba9d-5963642f31ce" outgoingWss="Outflow TEST"><con:settings/><con:encoding>UTF-8</con:encoding><con:endpoint>https://esb-security-gw.sta.srv.cirb.lan:8443/services/PersonService_v1.0</con:endpoint><con:request><![CDATA[<soapenv:Envelope xmlns:soapenv="http://schemas.xmlsoap.org/soap/envelope/" xmlns:v1="http://fidus.brussels/service/personservice/messages/v1" xmlns:v11="http://fidus.brussels/type/common/messages/v1">
   <soapenv:Header/>
   <soapenv:Body>
      <v1:searchPersonByAddressRequest>
         <v1:messageContext>
         	  <v11:messageId>${=import static java.util.UUID.randomUUID; uuid = randomUUID() as String}</v11:messageId>
            <v11:timestamp>${=new java.text.SimpleDateFormat("yyyy-MM-dd'T'HH:mm:ss.SSS").format(new Date())}</v11:timestamp>
         </v1:messageContext>
         <v1:legalContext>ServiceIntegrator</v1:legalContext>
         <v1:request>
            <postalCode>2800</postalCode>
            <streetCode>1480</streetCode>
            <houseNumber>77</houseNumber>
         </v1:request>
      </v1:searchPersonByAddressRequest>
   </soapenv:Body>
</soapenv:Envelope>]]></con:request><con:assertion type="SOAP Fault Assertion" id="5509f759-15e2-44dc-a2d4-06c0df7b5781" name="Not SOAP Fault"/><con:assertion type="SOAP Response" id="245d56fe-b14f-4698-b8e1-a0462d7a380a" name="SOAP Response"/><con:assertion type="Schema Compliance" id="bca83848-8c74-4c94-b3fd-2653e1d63e60" name="Schema Compliance"><con:configuration/></con:assertion><con:wsaConfig action="http://fidus.brussels/services/personservice/searchPersonByAddress"/></con:request></con:config></con:testStep><con:testStep type="request" id="e26539ec-9ece-474a-a651-c34399376f26" name="testcase3 - Test - Worker1 - Request"><con:settings/><con:config xsi:type="con:RequestStep" xmlns:xsi="http://www.w3.org/2001/XMLSchema-instance"><con:interface>PersonServiceHTTPBinding</con:interface><con:operation>searchPersonByAddress</con:operation><con:request name="testcase3 - Test - Worker1 - Request" id="4f071a71-a932-4bd3-b2fa-fb9cd8858c88" outgoingWss="Outflow TEST"><con:settings/><con:encoding>UTF-8</con:encoding><con:endpoint>https://192.168.24.45:8443/services/PersonService_v1.0</con:endpoint><con:request><![CDATA[<soapenv:Envelope xmlns:soapenv="http://schemas.xmlsoap.org/soap/envelope/" xmlns:v1="http://fidus.brussels/service/personservice/messages/v1" xmlns:v11="http://fidus.brussels/type/common/messages/v1">
   <soapenv:Header/>
   <soapenv:Body>
      <v1:searchPersonByAddressRequest>
         <v1:messageContext>
         	  <v11:messageId>${=import static java.util.UUID.randomUUID; uuid = randomUUID() as String}</v11:messageId>
            <v11:timestamp>${=new java.text.SimpleDateFormat("yyyy-MM-dd'T'HH:mm:ss.SSS").format(new Date())}</v11:timestamp>
         </v1:messageContext>
         <v1:legalContext>ServiceIntegrator</v1:legalContext>
         <v1:request>
            <postalCode>2800</postalCode>
            <streetCode>1480</streetCode>
            <houseNumber>77</houseNumber>
         </v1:request>
      </v1:searchPersonByAddressRequest>
   </soapenv:Body>
</soapenv:Envelope>]]></con:request><con:assertion type="SOAP Fault Assertion" id="bf59980e-24ec-4361-b0da-ae85333dd7c4" name="Not SOAP Fault"/><con:assertion type="SOAP Response" id="4647042b-8b8a-48fe-b60a-135bd3955802" name="SOAP Response"/><con:assertion type="Schema Compliance" id="788b1aaa-7133-4946-8fa7-d2b59c6d9f0b" name="Schema Compliance"><con:configuration/></con:assertion><con:wsaConfig action="http://fidus.brussels/services/personservice/searchPersonByAddress"/></con:request></con:config></con:testStep><con:testStep type="request" id="9e42a76f-af0a-46af-8548-7d0b12d4fc8f" name="testcase3 - Test - Worker2 - Request"><con:settings/><con:config xsi:type="con:RequestStep" xmlns:xsi="http://www.w3.org/2001/XMLSchema-instance"><con:interface>PersonServiceHTTPBinding</con:interface><con:operation>searchPersonByAddress</con:operation><con:request name="testcase3 - Test - Worker2 - Request" id="2cbf249c-e34d-468d-886f-96b4e17fe1d8" outgoingWss="Outflow TEST"><con:settings/><con:encoding>UTF-8</con:encoding><con:endpoint>https://192.168.24.51:8443/services/PersonService_v1.0</con:endpoint><con:request><![CDATA[<soapenv:Envelope xmlns:soapenv="http://schemas.xmlsoap.org/soap/envelope/" xmlns:v1="http://fidus.brussels/service/personservice/messages/v1" xmlns:v11="http://fidus.brussels/type/common/messages/v1">
   <soapenv:Header/>
   <soapenv:Body>
      <v1:searchPersonByAddressRequest>
         <v1:messageContext>
         	  <v11:messageId>${=import static java.util.UUID.randomUUID; uuid = randomUUID() as String}</v11:messageId>
            <v11:timestamp>${=new java.text.SimpleDateFormat("yyyy-MM-dd'T'HH:mm:ss.SSS").format(new Date())}</v11:timestamp>
         </v1:messageContext>
         <v1:legalContext>ServiceIntegrator</v1:legalContext>
         <v1:request>
            <postalCode>2800</postalCode>
            <streetCode>1480</streetCode>
            <houseNumber>77</houseNumber>
         </v1:request>
      </v1:searchPersonByAddressRequest>
   </soapenv:Body>
</soapenv:Envelope>]]></con:request><con:assertion type="SOAP Fault Assertion" id="3bc58600-762e-4a6f-a721-f3fc581b0da7" name="Not SOAP Fault"/><con:assertion type="SOAP Response" id="fb2823bc-64ee-4a2b-a4e5-a12356523bca" name="SOAP Response"/><con:assertion type="Schema Compliance" id="4854a54d-5034-4a18-a220-abdecec7fc94" name="Schema Compliance"><con:configuration/></con:assertion><con:wsaConfig action="http://fidus.brussels/services/personservice/searchPersonByAddress"/></con:request></con:config></con:testStep><con:testStep type="request" id="608ecc97-5b6e-4f1d-bc4a-d70c12ff3e90" name="testcase3 - Test - Worker1New - Request"><con:settings/><con:config xsi:type="con:RequestStep" xmlns:xsi="http://www.w3.org/2001/XMLSchema-instance"><con:interface>PersonServiceHTTPBinding</con:interface><con:operation>searchPersonByAddress</con:operation><con:request name="testcase3 - Test - Worker1New - Request" id="2c96995f-6336-4dc5-ad70-5810fdaf7239" outgoingWss="Outflow TEST"><con:settings/><con:encoding>UTF-8</con:encoding><con:endpoint>https://192.168.24.45:8443/services/PersonService_v1.0</con:endpoint><con:request><![CDATA[<soapenv:Envelope xmlns:soapenv="http://schemas.xmlsoap.org/soap/envelope/" xmlns:v1="http://fidus.brussels/service/personservice/messages/v1" xmlns:v11="http://fidus.brussels/type/common/messages/v1">
   <soapenv:Header/>
   <soapenv:Body>
      <v1:searchPersonByAddressRequest>
         <v1:messageContext>
         	  <v11:messageId>${=import static java.util.UUID.randomUUID; uuid = randomUUID() as String}</v11:messageId>
            <v11:timestamp>${=new java.text.SimpleDateFormat("yyyy-MM-dd'T'HH:mm:ss.SSS").format(new Date())}</v11:timestamp>
         </v1:messageContext>
         <v1:legalContext>ServiceIntegrator</v1:legalContext>
         <v1:request>
            <postalCode>2800</postalCode>
            <streetCode>1480</streetCode>
            <houseNumber>77</houseNumber>
         </v1:request>
      </v1:searchPersonByAddressRequest>
   </soapenv:Body>
</soapenv:Envelope>]]></con:request><con:assertion type="SOAP Fault Assertion" id="a9629d05-7373-4304-8343-8e67d136e8ac" name="Not SOAP Fault"/><con:assertion type="SOAP Response" id="45653b19-58aa-4b06-84bc-07531091fd11" name="SOAP Response"/><con:assertion type="Schema Compliance" id="1484d9c1-3d1e-4ca8-a9e4-bd1ef0f4b249" name="Schema Compliance"><con:configuration/></con:assertion><con:wsaConfig action="http://fidus.brussels/services/personservice/searchPersonByAddress"/></con:request></con:config></con:testStep><con:testStep type="request" id="b92cbd4a-5770-4f0d-b54c-9069723e92d3" name="testcase3 - Test - Worker2New - Request"><con:settings/><con:config xsi:type="con:RequestStep" xmlns:xsi="http://www.w3.org/2001/XMLSchema-instance"><con:interface>PersonServiceHTTPBinding</con:interface><con:operation>searchPersonByAddress</con:operation><con:request name="testcase3 - Test - Worker2New - Request" id="f4334d1f-9da5-45b0-a48c-e6173df35735" outgoingWss="Outflow TEST"><con:settings/><con:encoding>UTF-8</con:encoding><con:endpoint>https://192.168.24.51:8443/services/PersonService_v1.0</con:endpoint><con:request><![CDATA[<soapenv:Envelope xmlns:soapenv="http://schemas.xmlsoap.org/soap/envelope/" xmlns:v1="http://fidus.brussels/service/personservice/messages/v1" xmlns:v11="http://fidus.brussels/type/common/messages/v1">
   <soapenv:Header/>
   <soapenv:Body>
      <v1:searchPersonByAddressRequest>
         <v1:messageContext>
         	  <v11:messageId>${=import static java.util.UUID.randomUUID; uuid = randomUUID() as String}</v11:messageId>
            <v11:timestamp>${=new java.text.SimpleDateFormat("yyyy-MM-dd'T'HH:mm:ss.SSS").format(new Date())}</v11:timestamp>
         </v1:messageContext>
         <v1:legalContext>ServiceIntegrator</v1:legalContext>
         <v1:request>
            <postalCode>2800</postalCode>
            <streetCode>1480</streetCode>
            <houseNumber>77</houseNumber>
         </v1:request>
      </v1:searchPersonByAddressRequest>
   </soapenv:Body>
</soapenv:Envelope>]]></con:request><con:assertion type="SOAP Fault Assertion" id="45dbae81-125b-4631-a2dd-ddb9aa45c3d7" name="Not SOAP Fault"/><con:assertion type="SOAP Response" id="455a8635-d064-438f-8396-616eb8d84675" name="SOAP Response"/><con:assertion type="Schema Compliance" id="9e3a2661-f86d-4dca-b3b2-27495597116c" name="Schema Compliance"><con:configuration/></con:assertion><con:wsaConfig action="http://fidus.brussels/services/personservice/searchPersonByAddress"/></con:request></con:config></con:testStep><con:properties/></con:testCase><con:testCase id="dfa9588f-f3de-4a7a-a709-4c6e810b80af" failOnError="true" failTestCaseOnErrors="true" keepSession="false" maxResults="0" name="searchPersonPhonetically" searchProperties="true"><con:settings/><con:testStep type="request" id="c4f4c663-47c6-4a4a-ab24-6b9a1ae8923a" name="testcase3 - Test - External - Request"><con:settings/><con:config xsi:type="con:RequestStep" xmlns:xsi="http://www.w3.org/2001/XMLSchema-instance"><con:interface>PersonServiceHTTPBinding</con:interface><con:operation>searchPersonPhonetically</con:operation><con:request name="testcase3 - Test - External - Request" id="a5e49e34-babc-4b56-8aa9-394bb3b463cc" outgoingWss="Outflow TEST"><con:settings/><con:encoding>UTF-8</con:encoding><con:endpoint>https://fidus-test.irisnetlab.be/services/PersonService_v1.0</con:endpoint><con:request><![CDATA[<soapenv:Envelope xmlns:soapenv="http://schemas.xmlsoap.org/soap/envelope/" xmlns:v1="http://fidus.brussels/service/personservice/messages/v1" xmlns:v11="http://fidus.brussels/type/common/messages/v1">
   <soapenv:Header/>
   <soapenv:Body>
      <v1:searchPersonPhoneticallyRequest>
         <v1:messageContext>
         	  <v11:messageId>${=import static java.util.UUID.randomUUID; uuid = randomUUID() as String}</v11:messageId>
            <v11:timestamp>${=new java.text.SimpleDateFormat("yyyy-MM-dd'T'HH:mm:ss.SSS").format(new Date())}</v11:timestamp>
         </v1:messageContext>
         <v1:legalContext>ServiceIntegrator</v1:legalContext>
         <v1:request>
            <name>
               <lastName>GENERATED</lastName>
               <givenName sequence="1">Stijn</givenName>
               <givenNameMatching>COMPLETE_FIRST_GIVENNAME</givenNameMatching>
            </name>
            <birth>
               <birthDate>1985-08-15</birthDate>
            </birth>
         </v1:request>
      </v1:searchPersonPhoneticallyRequest>
   </soapenv:Body>
</soapenv:Envelope>]]></con:request><con:assertion type="SOAP Fault Assertion" id="ed75c0c6-533c-4b69-be35-dbbc8ad0f04a" name="Not SOAP Fault"/><con:assertion type="SOAP Response" id="fec07ed3-2a35-4b6c-b23d-e3944534920a" name="SOAP Response"/><con:assertion type="Schema Compliance" id="23a42446-aef9-4025-aef7-f8101fbfa9e8" name="Schema Compliance"><con:configuration/></con:assertion><con:wsaConfig action="http://fidus.brussels/services/personservice/searchPersonPhonetically"/></con:request></con:config></con:testStep><con:testStep type="request" id="a6bfe4eb-5499-4a98-93ee-babb9c54f688" name="testcase3 - Test - LB - Request"><con:settings/><con:config xsi:type="con:RequestStep" xmlns:xsi="http://www.w3.org/2001/XMLSchema-instance"><con:interface>PersonServiceHTTPBinding</con:interface><con:operation>searchPersonPhonetically</con:operation><con:request name="testcase3 - Test - LB - Request" id="7444c1f0-c44c-41ee-b503-e07919d399fa" outgoingWss="Outflow TEST"><con:settings/><con:encoding>UTF-8</con:encoding><con:endpoint>https://esb-security-gw.sta.srv.cirb.lan:8443/services/PersonService_v1.0</con:endpoint><con:request><![CDATA[<soapenv:Envelope xmlns:soapenv="http://schemas.xmlsoap.org/soap/envelope/" xmlns:v1="http://fidus.brussels/service/personservice/messages/v1" xmlns:v11="http://fidus.brussels/type/common/messages/v1">
   <soapenv:Header/>
   <soapenv:Body>
      <v1:searchPersonPhoneticallyRequest>
         <v1:messageContext>
         	  <v11:messageId>${=import static java.util.UUID.randomUUID; uuid = randomUUID() as String}</v11:messageId>
            <v11:timestamp>${=new java.text.SimpleDateFormat("yyyy-MM-dd'T'HH:mm:ss.SSS").format(new Date())}</v11:timestamp>
         </v1:messageContext>
         <v1:legalContext>ServiceIntegrator</v1:legalContext>
         <v1:request>
            <name>
               <lastName>GENERATED</lastName>
               <givenName sequence="1">Stijn</givenName>
               <givenNameMatching>COMPLETE_FIRST_GIVENNAME</givenNameMatching>
            </name>
            <birth>
               <birthDate>1985-08-15</birthDate>
            </birth>
         </v1:request>
      </v1:searchPersonPhoneticallyRequest>
   </soapenv:Body>
</soapenv:Envelope>]]></con:request><con:assertion type="SOAP Fault Assertion" id="e26dbf06-ae97-4d67-bce3-fbd2c478ec11" name="Not SOAP Fault"/><con:assertion type="SOAP Response" id="b61e1691-c71c-4c1c-8acf-b34e85a4832b" name="SOAP Response"/><con:assertion type="Schema Compliance" id="dee21cb8-6751-4581-8507-26589fa9eaf1" name="Schema Compliance"><con:configuration/></con:assertion><con:wsaConfig action="http://fidus.brussels/services/personservice/searchPersonPhonetically"/></con:request></con:config></con:testStep><con:testStep type="request" id="c2c3f492-886f-4f7f-93a1-3144ee5baa02" name="testcase3 - Test - Worker1 - Request"><con:settings/><con:config xsi:type="con:RequestStep" xmlns:xsi="http://www.w3.org/2001/XMLSchema-instance"><con:interface>PersonServiceHTTPBinding</con:interface><con:operation>searchPersonPhonetically</con:operation><con:request name="testcase3 - Test - Worker1 - Request" id="7869f7fb-8bb0-4f01-abdd-9c07144331c0" outgoingWss="Outflow TEST"><con:settings/><con:encoding>UTF-8</con:encoding><con:endpoint>https://192.168.24.45:8443/services/PersonService_v1.0</con:endpoint><con:request><![CDATA[<soapenv:Envelope xmlns:soapenv="http://schemas.xmlsoap.org/soap/envelope/" xmlns:v1="http://fidus.brussels/service/personservice/messages/v1" xmlns:v11="http://fidus.brussels/type/common/messages/v1">
   <soapenv:Header/>
   <soapenv:Body>
      <v1:searchPersonPhoneticallyRequest>
         <v1:messageContext>
         	  <v11:messageId>${=import static java.util.UUID.randomUUID; uuid = randomUUID() as String}</v11:messageId>
            <v11:timestamp>${=new java.text.SimpleDateFormat("yyyy-MM-dd'T'HH:mm:ss.SSS").format(new Date())}</v11:timestamp>
         </v1:messageContext>
         <v1:legalContext>ServiceIntegrator</v1:legalContext>
         <v1:request>
            <name>
               <lastName>GENERATED</lastName>
               <givenName sequence="1">Stijn</givenName>
               <givenNameMatching>COMPLETE_FIRST_GIVENNAME</givenNameMatching>
            </name>
            <birth>
               <birthDate>1985-08-15</birthDate>
            </birth>
         </v1:request>
      </v1:searchPersonPhoneticallyRequest>
   </soapenv:Body>
</soapenv:Envelope>]]></con:request><con:assertion type="SOAP Fault Assertion" id="b5853f66-c82e-4835-bacc-5b31413a1934" name="Not SOAP Fault"/><con:assertion type="SOAP Response" id="92d5a3bc-016c-4525-970b-08f5c0af2c25" name="SOAP Response"/><con:assertion type="Schema Compliance" id="8151ebeb-02b6-4d74-883f-469cc19cce77" name="Schema Compliance"><con:configuration/></con:assertion><con:wsaConfig action="http://fidus.brussels/services/personservice/searchPersonPhonetically"/></con:request></con:config></con:testStep><con:testStep type="request" id="2cfc2940-f506-4b90-864d-98920aec1bc9" name="testcase3 - Test - Worker2 - Request"><con:settings/><con:config xsi:type="con:RequestStep" xmlns:xsi="http://www.w3.org/2001/XMLSchema-instance"><con:interface>PersonServiceHTTPBinding</con:interface><con:operation>searchPersonPhonetically</con:operation><con:request name="testcase3 - Test - Worker2 - Request" id="e7f98377-5892-43fd-a161-0c9c68b34d16" outgoingWss="Outflow TEST"><con:settings/><con:encoding>UTF-8</con:encoding><con:endpoint>https://192.168.24.51:8443/services/PersonService_v1.0</con:endpoint><con:request><![CDATA[<soapenv:Envelope xmlns:soapenv="http://schemas.xmlsoap.org/soap/envelope/" xmlns:v1="http://fidus.brussels/service/personservice/messages/v1" xmlns:v11="http://fidus.brussels/type/common/messages/v1">
   <soapenv:Header/>
   <soapenv:Body>
      <v1:searchPersonPhoneticallyRequest>
         <v1:messageContext>
         	  <v11:messageId>${=import static java.util.UUID.randomUUID; uuid = randomUUID() as String}</v11:messageId>
            <v11:timestamp>${=new java.text.SimpleDateFormat("yyyy-MM-dd'T'HH:mm:ss.SSS").format(new Date())}</v11:timestamp>
         </v1:messageContext>
         <v1:legalContext>ServiceIntegrator</v1:legalContext>
         <v1:request>
            <name>
               <lastName>GENERATED</lastName>
               <givenName sequence="1">Stijn</givenName>
               <givenNameMatching>COMPLETE_FIRST_GIVENNAME</givenNameMatching>
            </name>
            <birth>
               <birthDate>1985-08-15</birthDate>
            </birth>
         </v1:request>
      </v1:searchPersonPhoneticallyRequest>
   </soapenv:Body>
</soapenv:Envelope>]]></con:request><con:assertion type="SOAP Fault Assertion" id="81f7a715-95a0-456b-bd7e-11e53fe29e9a" name="Not SOAP Fault"/><con:assertion type="SOAP Response" id="11b9e1a6-ef36-4bb7-a0d8-0b9930098d41" name="SOAP Response"/><con:assertion type="Schema Compliance" id="6cc34205-c0c2-4cf6-889c-af447afab01e" name="Schema Compliance"><con:configuration/></con:assertion><con:wsaConfig action="http://fidus.brussels/services/personservice/searchPersonPhonetically"/></con:request></con:config></con:testStep><con:testStep type="request" id="51073019-0a35-4c1e-a9bb-ae0f78ff151d" name="testcase3 - Test - Worker1New - Request"><con:settings/><con:config xsi:type="con:RequestStep" xmlns:xsi="http://www.w3.org/2001/XMLSchema-instance"><con:interface>PersonServiceHTTPBinding</con:interface><con:operation>searchPersonPhonetically</con:operation><con:request name="testcase3 - Test - Worker1New - Request" id="ca22c4fd-4c95-498f-b208-6b2a4e139710" outgoingWss="Outflow TEST"><con:settings/><con:encoding>UTF-8</con:encoding><con:endpoint>https://192.168.24.45:8443/services/PersonService_v1.0</con:endpoint><con:request><![CDATA[<soapenv:Envelope xmlns:soapenv="http://schemas.xmlsoap.org/soap/envelope/" xmlns:v1="http://fidus.brussels/service/personservice/messages/v1" xmlns:v11="http://fidus.brussels/type/common/messages/v1">
   <soapenv:Header/>
   <soapenv:Body>
      <v1:searchPersonPhoneticallyRequest>
         <v1:messageContext>
         	  <v11:messageId>${=import static java.util.UUID.randomUUID; uuid = randomUUID() as String}</v11:messageId>
            <v11:timestamp>${=new java.text.SimpleDateFormat("yyyy-MM-dd'T'HH:mm:ss.SSS").format(new Date())}</v11:timestamp>
         </v1:messageContext>
         <v1:legalContext>ServiceIntegrator</v1:legalContext>
         <v1:request>
            <name>
               <lastName>GENERATED</lastName>
               <givenName sequence="1">Stijn</givenName>
               <givenNameMatching>COMPLETE_FIRST_GIVENNAME</givenNameMatching>
            </name>
            <birth>
               <birthDate>1985-08-15</birthDate>
            </birth>
         </v1:request>
      </v1:searchPersonPhoneticallyRequest>
   </soapenv:Body>
</soapenv:Envelope>]]></con:request><con:assertion type="SOAP Fault Assertion" id="a5167bdd-f151-44cc-9f09-9175e10e7c30" name="Not SOAP Fault"/><con:assertion type="SOAP Response" id="6ec8ebab-ebe7-45c4-a6e4-034617c05700" name="SOAP Response"/><con:assertion type="Schema Compliance" id="a076f044-a6fe-4a68-9e5c-d95f87e50377" name="Schema Compliance"><con:configuration/></con:assertion><con:wsaConfig action="http://fidus.brussels/services/personservice/searchPersonPhonetically"/></con:request></con:config></con:testStep><con:testStep type="request" id="8b54306c-4d88-488b-9f62-d4f815eb1b8f" name="testcase3 - Test - Worker2New - Request"><con:settings/><con:config xsi:type="con:RequestStep" xmlns:xsi="http://www.w3.org/2001/XMLSchema-instance"><con:interface>PersonServiceHTTPBinding</con:interface><con:operation>searchPersonPhonetically</con:operation><con:request name="testcase3 - Test - Worker2New - Request" id="14c52ba1-13ec-486b-805e-a6433272b2f9" outgoingWss="Outflow TEST"><con:settings/><con:encoding>UTF-8</con:encoding><con:endpoint>https://192.168.24.51:8443/services/PersonService_v1.0</con:endpoint><con:request><![CDATA[<soapenv:Envelope xmlns:soapenv="http://schemas.xmlsoap.org/soap/envelope/" xmlns:v1="http://fidus.brussels/service/personservice/messages/v1" xmlns:v11="http://fidus.brussels/type/common/messages/v1">
   <soapenv:Header/>
   <soapenv:Body>
      <v1:searchPersonPhoneticallyRequest>
         <v1:messageContext>
         	  <v11:messageId>${=import static java.util.UUID.randomUUID; uuid = randomUUID() as String}</v11:messageId>
            <v11:timestamp>${=new java.text.SimpleDateFormat("yyyy-MM-dd'T'HH:mm:ss.SSS").format(new Date())}</v11:timestamp>
         </v1:messageContext>
         <v1:legalContext>ServiceIntegrator</v1:legalContext>
         <v1:request>
            <name>
               <lastName>GENERATED</lastName>
               <givenName sequence="1">Stijn</givenName>
               <givenNameMatching>COMPLETE_FIRST_GIVENNAME</givenNameMatching>
            </name>
            <birth>
               <birthDate>1985-08-15</birthDate>
            </birth>
         </v1:request>
      </v1:searchPersonPhoneticallyRequest>
   </soapenv:Body>
</soapenv:Envelope>]]></con:request><con:assertion type="SOAP Fault Assertion" id="8cfbff1f-7008-4717-9aea-9c5519d4c880" name="Not SOAP Fault"/><con:assertion type="SOAP Response" id="58b9488f-fd9f-431c-ba61-79185606489a" name="SOAP Response"/><con:assertion type="Schema Compliance" id="17185bb9-98d8-4ff4-9bba-d7e51ced9f07" name="Schema Compliance"><con:configuration/></con:assertion><con:wsaConfig action="http://fidus.brussels/services/personservice/searchPersonPhonetically"/></con:request></con:config></con:testStep><con:properties/></con:testCase><con:testCase id="b4f17f43-eb70-49c9-9e0e-45f83f7a6701" failOnError="true" failTestCaseOnErrors="true" keepSession="false" maxResults="0" name="getCBSSIdentity" searchProperties="true"><con:settings/><con:testStep type="request" id="8944df2a-8488-44c5-b97e-77c4912855fa" name="testcase3 - Test - LB - Request"><con:settings/><con:config xsi:type="con:RequestStep" xmlns:xsi="http://www.w3.org/2001/XMLSchema-instance"><con:interface>PersonServiceHTTPBinding</con:interface><con:operation>getCBSSIdentity</con:operation><con:request name="testcase3 - Test - LB - Request" id="341860b8-c914-47fa-adcc-cd31946914de" outgoingWss="Outflow TEST"><con:settings/><con:encoding>UTF-8</con:encoding><con:endpoint>https://esb-security-gw.sta.srv.cirb.lan:8443/services/PersonService_v1.0</con:endpoint><con:request><![CDATA[<soapenv:Envelope xmlns:soapenv="http://schemas.xmlsoap.org/soap/envelope/" xmlns:v1="http://fidus.brussels/service/personservice/messages/v1" xmlns:v11="http://fidus.brussels/type/common/messages/v1">
   <soapenv:Header/>
   <soapenv:Body>
      <v1:getCBSSIdentityRequest>
         <v1:messageContext>
         	  <v11:messageId>${=import static java.util.UUID.randomUUID; uuid = randomUUID() as String}</v11:messageId>
            <v11:timestamp>${=new java.text.SimpleDateFormat("yyyy-MM-dd'T'HH:mm:ss.SSS").format(new Date())}</v11:timestamp>
         </v1:messageContext>
         <v1:legalContext>ServiceIntegrator</v1:legalContext>
         <v1:request>
            <v1:personNumber>12003001507</v1:personNumber>
         </v1:request>
      </v1:getCBSSIdentityRequest>
   </soapenv:Body>
</soapenv:Envelope>]]></con:request><con:assertion type="SOAP Fault Assertion" id="c01fc7c6-7d43-477d-8773-32e4b76c888d" name="Not SOAP Fault"/><con:assertion type="SOAP Response" id="b08d4b3d-de82-47f8-9152-cdfc18858e6f" name="SOAP Response"/><con:assertion type="Schema Compliance" id="f648c893-a00b-4d95-a102-b565e2e46fb8" name="Schema Compliance"><con:configuration/></con:assertion><con:wsaConfig action="http://fidus.brussels/services/personservice/getCBSSIdentity"/></con:request></con:config></con:testStep><con:testStep type="request" id="af51def0-99b3-4e5c-afc7-0846df41bd06" name="testcase3 - Test - External - Request"><con:settings/><con:config xsi:type="con:RequestStep" xmlns:xsi="http://www.w3.org/2001/XMLSchema-instance"><con:interface>PersonServiceHTTPBinding</con:interface><con:operation>getCBSSIdentity</con:operation><con:request name="testcase3 - Test - External - Request" id="81697c2f-2546-41cd-a169-c90ff53e5061" outgoingWss="Outflow TEST"><con:settings/><con:encoding>UTF-8</con:encoding><con:endpoint>https://fidus-test.irisnetlab.be/services/PersonService_v1.0</con:endpoint><con:request><![CDATA[<soapenv:Envelope xmlns:soapenv="http://schemas.xmlsoap.org/soap/envelope/" xmlns:v1="http://fidus.brussels/service/personservice/messages/v1" xmlns:v11="http://fidus.brussels/type/common/messages/v1">
   <soapenv:Header/>
   <soapenv:Body>
      <v1:getCBSSIdentityRequest>
         <v1:messageContext>
         	  <v11:messageId>${=import static java.util.UUID.randomUUID; uuid = randomUUID() as String}</v11:messageId>
            <v11:timestamp>${=new java.text.SimpleDateFormat("yyyy-MM-dd'T'HH:mm:ss.SSS").format(new Date())}</v11:timestamp>
         </v1:messageContext>
         <v1:legalContext>ServiceIntegrator</v1:legalContext>
         <v1:request>
            <v1:personNumber>93430701886</v1:personNumber>
         </v1:request>
      </v1:getCBSSIdentityRequest>
   </soapenv:Body>
</soapenv:Envelope>]]></con:request><con:assertion type="SOAP Fault Assertion" id="a51dee7c-e8ec-4d60-8833-f96d0682d3dc" name="Not SOAP Fault"/><con:assertion type="SOAP Response" id="ea114331-f188-45b0-827f-0ca5c441d841" name="SOAP Response"/><con:assertion type="Schema Compliance" id="9eef49fe-3768-471b-bf22-d13d33de37dc" name="Schema Compliance"><con:configuration/></con:assertion><con:wsaConfig action="http://fidus.brussels/services/personservice/getCBSSIdentity"/></con:request></con:config></con:testStep><con:testStep type="request" id="a4c6e09a-755b-4965-829b-96e6b6a6c8ae" name="testcase3 - Test - Worker1 - Request"><con:settings/><con:config xsi:type="con:RequestStep" xmlns:xsi="http://www.w3.org/2001/XMLSchema-instance"><con:interface>PersonServiceHTTPBinding</con:interface><con:operation>getCBSSIdentity</con:operation><con:request name="testcase3 - Test - Worker1 - Request" id="55a83b80-72a6-4f37-aa73-cfd2249f571a" outgoingWss="Outflow TEST"><con:settings/><con:encoding>UTF-8</con:encoding><con:endpoint>https://192.168.24.45:8443/services/PersonService_v1.0</con:endpoint><con:request><![CDATA[<soapenv:Envelope xmlns:soapenv="http://schemas.xmlsoap.org/soap/envelope/" xmlns:v1="http://fidus.brussels/service/personservice/messages/v1" xmlns:v11="http://fidus.brussels/type/common/messages/v1">
   <soapenv:Header/>
   <soapenv:Body>
      <v1:getCBSSIdentityRequest>
         <v1:messageContext>
         	  <v11:messageId>${=import static java.util.UUID.randomUUID; uuid = randomUUID() as String}</v11:messageId>
            <v11:timestamp>${=new java.text.SimpleDateFormat("yyyy-MM-dd'T'HH:mm:ss.SSS").format(new Date())}</v11:timestamp>
         </v1:messageContext>
         <v1:legalContext>ServiceIntegrator</v1:legalContext>
         <v1:request>
            <v1:personNumber>93430701886</v1:personNumber>
         </v1:request>
      </v1:getCBSSIdentityRequest>
   </soapenv:Body>
</soapenv:Envelope>]]></con:request><con:assertion type="SOAP Fault Assertion" id="15e91b69-3a35-464d-92f8-2755c4d56165" name="Not SOAP Fault"/><con:assertion type="SOAP Response" id="4f5e78dc-5ce6-443e-a430-c84ceed06b75" name="SOAP Response"/><con:assertion type="Schema Compliance" id="f6d34701-7a31-41df-af66-c0a6c38c402b" name="Schema Compliance"><con:configuration/></con:assertion><con:wsaConfig action="http://fidus.brussels/services/personservice/getCBSSIdentity"/></con:request></con:config></con:testStep><con:testStep type="request" id="523c2cdf-3cce-44c3-b226-19aa526a2c23" name="testcase3 - Test - Worker2 - Request"><con:settings/><con:config xsi:type="con:RequestStep" xmlns:xsi="http://www.w3.org/2001/XMLSchema-instance"><con:interface>PersonServiceHTTPBinding</con:interface><con:operation>getCBSSIdentity</con:operation><con:request name="testcase3 - Test - Worker2 - Request" id="47a7261f-4a34-43c0-b267-2c0e300b16a5" outgoingWss="Outflow TEST"><con:settings/><con:encoding>UTF-8</con:encoding><con:endpoint>https://192.168.24.51:8443/services/PersonService_v1.0</con:endpoint><con:request><![CDATA[<soapenv:Envelope xmlns:soapenv="http://schemas.xmlsoap.org/soap/envelope/" xmlns:v1="http://fidus.brussels/service/personservice/messages/v1" xmlns:v11="http://fidus.brussels/type/common/messages/v1">
   <soapenv:Header/>
   <soapenv:Body>
      <v1:getCBSSIdentityRequest>
         <v1:messageContext>
         	  <v11:messageId>${=import static java.util.UUID.randomUUID; uuid = randomUUID() as String}</v11:messageId>
            <v11:timestamp>${=new java.text.SimpleDateFormat("yyyy-MM-dd'T'HH:mm:ss.SSS").format(new Date())}</v11:timestamp>
         </v1:messageContext>
         <v1:legalContext>ServiceIntegrator</v1:legalContext>
         <v1:request>
            <v1:personNumber>93430701886</v1:personNumber>
         </v1:request>
      </v1:getCBSSIdentityRequest>
   </soapenv:Body>
</soapenv:Envelope>]]></con:request><con:assertion type="SOAP Fault Assertion" id="65c78fdd-4438-4f41-9d73-4c8fe59894cd" name="Not SOAP Fault"/><con:assertion type="SOAP Response" id="c9c22008-b9f0-4456-abd0-3886341bdaa1" name="SOAP Response"/><con:assertion type="Schema Compliance" id="9cdcd086-b5b6-4518-87da-f761f537aa22" name="Schema Compliance"><con:configuration/></con:assertion><con:wsaConfig action="http://fidus.brussels/services/personservice/getCBSSIdentity"/></con:request></con:config></con:testStep><con:testStep type="request" id="4142ec4d-726a-43f6-a4ae-81942ad62013" name="testcase3 - Test - Worker1New - Request"><con:settings/><con:config xsi:type="con:RequestStep" xmlns:xsi="http://www.w3.org/2001/XMLSchema-instance"><con:interface>PersonServiceHTTPBinding</con:interface><con:operation>getCBSSIdentity</con:operation><con:request name="testcase3 - Test - Worker1New - Request" id="c1ccaeed-3a2d-4f4a-a097-56063ec1b4e1" outgoingWss="Outflow TEST"><con:settings/><con:encoding>UTF-8</con:encoding><con:endpoint>https://192.168.24.45:8443/services/PersonService_v1.0</con:endpoint><con:request><![CDATA[<soapenv:Envelope xmlns:soapenv="http://schemas.xmlsoap.org/soap/envelope/" xmlns:v1="http://fidus.brussels/service/personservice/messages/v1" xmlns:v11="http://fidus.brussels/type/common/messages/v1">
   <soapenv:Header/>
   <soapenv:Body>
      <v1:getCBSSIdentityRequest>
         <v1:messageContext>
         	  <v11:messageId>${=import static java.util.UUID.randomUUID; uuid = randomUUID() as String}</v11:messageId>
            <v11:timestamp>${=new java.text.SimpleDateFormat("yyyy-MM-dd'T'HH:mm:ss.SSS").format(new Date())}</v11:timestamp>
         </v1:messageContext>
         <v1:legalContext>ServiceIntegrator</v1:legalContext>
         <v1:request>
            <v1:personNumber>93430701886</v1:personNumber>
         </v1:request>
      </v1:getCBSSIdentityRequest>
   </soapenv:Body>
</soapenv:Envelope>]]></con:request><con:assertion type="SOAP Fault Assertion" id="042714a0-232a-4dda-ae1f-4ddeec62452d" name="Not SOAP Fault"/><con:assertion type="SOAP Response" id="325c963e-37bb-4993-8d40-1f68055daaac" name="SOAP Response"/><con:assertion type="Schema Compliance" id="6e35a9d7-fa3d-4fc8-97c9-51a2f9be3096" name="Schema Compliance"><con:configuration/></con:assertion><con:wsaConfig action="http://fidus.brussels/services/personservice/getCBSSIdentity"/></con:request></con:config></con:testStep><con:testStep type="request" id="f6877307-6313-479e-9431-dc8f869fc5ef" name="testcase3 - Test - Worker2New - Request"><con:settings/><con:config xsi:type="con:RequestStep" xmlns:xsi="http://www.w3.org/2001/XMLSchema-instance"><con:interface>PersonServiceHTTPBinding</con:interface><con:operation>getCBSSIdentity</con:operation><con:request name="testcase3 - Test - Worker2New - Request" id="f9870809-4bde-421e-a814-d8b7f372e2ca" outgoingWss="Outflow TEST"><con:settings/><con:encoding>UTF-8</con:encoding><con:endpoint>https://192.168.24.51:8443/services/PersonService_v1.0</con:endpoint><con:request><![CDATA[<soapenv:Envelope xmlns:soapenv="http://schemas.xmlsoap.org/soap/envelope/" xmlns:v1="http://fidus.brussels/service/personservice/messages/v1" xmlns:v11="http://fidus.brussels/type/common/messages/v1">
   <soapenv:Header/>
   <soapenv:Body>
      <v1:getCBSSIdentityRequest>
         <v1:messageContext>
         	  <v11:messageId>${=import static java.util.UUID.randomUUID; uuid = randomUUID() as String}</v11:messageId>
            <v11:timestamp>${=new java.text.SimpleDateFormat("yyyy-MM-dd'T'HH:mm:ss.SSS").format(new Date())}</v11:timestamp>
         </v1:messageContext>
         <v1:legalContext>ServiceIntegrator</v1:legalContext>
         <v1:request>
            <v1:personNumber>93430701886</v1:personNumber>
         </v1:request>
      </v1:getCBSSIdentityRequest>
   </soapenv:Body>
</soapenv:Envelope>]]></con:request><con:assertion type="SOAP Fault Assertion" id="867e578e-44c0-44f8-bae6-a5a3d9e0400b" name="Not SOAP Fault"/><con:assertion type="SOAP Response" id="18cae670-79f6-42ce-a364-46c4ec0babe9" name="SOAP Response"/><con:assertion type="Schema Compliance" id="2b240b19-52aa-4399-bf36-e3614af56f80" name="Schema Compliance"><con:configuration/></con:assertion><con:wsaConfig action="http://fidus.brussels/services/personservice/getCBSSIdentity"/></con:request></con:config></con:testStep><con:properties/></con:testCase><con:properties/></con:testSuite><con:testSuite id="018a74c8-e3d3-423d-aeac-3f4a3bf2a2f8" name="STAG"><con:settings/><con:runType>SEQUENTIAL</con:runType><con:testCase id="89140c89-b5c1-49c7-8d64-6a4580afc6f5" failOnError="true" failTestCaseOnErrors="true" keepSession="false" maxResults="0" name="getIdentity" searchProperties="true"><con:settings/><con:testStep type="request" id="63eb4ee6-d8c2-4d0f-8939-827e562b9dcd" name="testcase4 - Staging - External - Request"><con:settings/><con:config xsi:type="con:RequestStep" xmlns:xsi="http://www.w3.org/2001/XMLSchema-instance"><con:interface>PersonServiceHTTPBinding</con:interface><con:operation>getIdentity</con:operation><con:request name="testcase4 - Staging - External - Request" id="be064037-79cc-4049-b131-49279ef22c55" outgoingWss="Outflow STAG"><con:settings/><con:encoding>UTF-8</con:encoding><con:endpoint>https://fidus.irisnetlab.be/services/PersonService_v1.0</con:endpoint><con:request><![CDATA[<soapenv:Envelope xmlns:soapenv="http://schemas.xmlsoap.org/soap/envelope/" xmlns:v1="http://fidus.brussels/service/personservice/messages/v1" xmlns:v11="http://fidus.brussels/type/common/messages/v1">
   <soapenv:Header/>
   <soapenv:Body>
      <v1:getIdentityRequest>
         <v1:messageContext>
         	  <v11:messageId>${=import static java.util.UUID.randomUUID; uuid = randomUUID() as String}</v11:messageId>
            <v11:timestamp>${=new java.text.SimpleDateFormat("yyyy-MM-dd'T'HH:mm:ss.SSS").format(new Date())}</v11:timestamp>
         </v1:messageContext>
         <v1:legalContext>ServiceIntegrator</v1:legalContext>
         <v1:request>
            <v1:personNumber>89102413022</v1:personNumber>
         </v1:request>
      </v1:getIdentityRequest>
   </soapenv:Body>
</soapenv:Envelope>]]></con:request><con:assertion type="SOAP Fault Assertion" id="2529c759-5a52-46ca-a3ec-2f9a6c358ef2" name="Not SOAP Fault"/><con:assertion type="SOAP Response" id="09e02880-0fd4-47db-ada4-84fa89820114" name="SOAP Response"/><con:assertion type="Schema Compliance" id="e0e974ae-baa4-466c-af4b-23a44735be9f" name="Schema Compliance"><con:configuration/></con:assertion><con:wsaConfig action="http://fidus.brussels/services/personservice/getIdentity"/></con:request></con:config></con:testStep><con:testStep type="request" id="bb009b1f-fc27-41c7-a722-10ab1f3bc67c" name="testcase4 - Staging - LB - Request"><con:settings/><con:config xsi:type="con:RequestStep" xmlns:xsi="http://www.w3.org/2001/XMLSchema-instance"><con:interface>PersonServiceHTTPBinding</con:interface><con:operation>getIdentity</con:operation><con:request name="testcase4 - Staging - LB - Request" id="9857ab02-e180-40b7-9ad0-e029ea1dc157" outgoingWss="Outflow STAG"><con:settings/><con:encoding>UTF-8</con:encoding><con:endpoint>https://fidus-esb-sg.sta.srv.cirb.lan:8443/services/PersonService_v1.0</con:endpoint><con:request><![CDATA[<soapenv:Envelope xmlns:soapenv="http://schemas.xmlsoap.org/soap/envelope/" xmlns:v1="http://fidus.brussels/service/personservice/messages/v1" xmlns:v11="http://fidus.brussels/type/common/messages/v1">
   <soapenv:Header/>
   <soapenv:Body>
      <v1:getIdentityRequest>
         <v1:messageContext>
         	  <v11:messageId>${=import static java.util.UUID.randomUUID; uuid = randomUUID() as String}</v11:messageId>
            <v11:timestamp>${=new java.text.SimpleDateFormat("yyyy-MM-dd'T'HH:mm:ss.SSS").format(new Date())}</v11:timestamp>
         </v1:messageContext>
         <v1:legalContext>ServiceIntegrator</v1:legalContext>
         <v1:request>
            <v1:personNumber>12003001507</v1:personNumber>
         </v1:request>
      </v1:getIdentityRequest>
   </soapenv:Body>
</soapenv:Envelope>]]></con:request><con:assertion type="SOAP Fault Assertion" id="4ee616d5-8680-416e-bab2-ac474c75d908" name="Not SOAP Fault"/><con:assertion type="SOAP Response" id="a0866c1d-2bb5-4848-a991-258ad2be481d" name="SOAP Response"/><con:assertion type="Schema Compliance" id="9efd500a-a665-477e-b490-b9bc7093bf0f" name="Schema Compliance"><con:configuration/></con:assertion><con:wsaConfig action="http://fidus.brussels/services/personservice/getIdentity"/></con:request></con:config></con:testStep><con:testStep type="request" id="53b40c27-561b-4e41-ad47-974f6e4cd90f" name="testcase4 - Staging - Worker1 - Request"><con:settings/><con:config xsi:type="con:RequestStep" xmlns:xsi="http://www.w3.org/2001/XMLSchema-instance"><con:interface>PersonServiceHTTPBinding</con:interface><con:operation>getIdentity</con:operation><con:request name="testcase4 - Staging - Worker1 - Request" id="4089c05c-3d47-45ea-82d0-e8b0cf422211" outgoingWss="Outflow STAG"><con:settings/><con:encoding>UTF-8</con:encoding><con:endpoint>https://192.168.24.57:8443/services/PersonService_v1.0</con:endpoint><con:request><![CDATA[<soapenv:Envelope xmlns:soapenv="http://schemas.xmlsoap.org/soap/envelope/" xmlns:v1="http://fidus.brussels/service/personservice/messages/v1" xmlns:v11="http://fidus.brussels/type/common/messages/v1">
   <soapenv:Header/>
   <soapenv:Body>
      <v1:getIdentityRequest>
         <v1:messageContext>
         	  <v11:messageId>${=import static java.util.UUID.randomUUID; uuid = randomUUID() as String}</v11:messageId>
            <v11:timestamp>${=new java.text.SimpleDateFormat("yyyy-MM-dd'T'HH:mm:ss.SSS").format(new Date())}</v11:timestamp>
         </v1:messageContext>
         <v1:legalContext>ServiceIntegrator</v1:legalContext>
         <v1:request>
            <v1:personNumber>85081509931</v1:personNumber>
         </v1:request>
      </v1:getIdentityRequest>
   </soapenv:Body>
</soapenv:Envelope>]]></con:request><con:assertion type="SOAP Fault Assertion" id="7507e26f-fabb-4610-8d13-21938ad857cc" name="Not SOAP Fault"/><con:assertion type="SOAP Response" id="fa71952c-0f97-4a54-895d-3793c962d697" name="SOAP Response"/><con:assertion type="Schema Compliance" id="e284eb92-05b3-41bb-9947-7381439405a4" name="Schema Compliance"><con:configuration/></con:assertion><con:wsaConfig action="http://fidus.brussels/services/personservice/getIdentity"/></con:request></con:config></con:testStep><con:testStep type="request" id="b7b5e0dc-b1f3-4f71-9d9e-42a76af6f86f" name="testcase4 - Staging - Worker2 - Request"><con:settings/><con:config xsi:type="con:RequestStep" xmlns:xsi="http://www.w3.org/2001/XMLSchema-instance"><con:interface>PersonServiceHTTPBinding</con:interface><con:operation>getIdentity</con:operation><con:request name="testcase4 - Staging - Worker2 - Request" id="10a27a26-1bc9-41f3-8c53-3e7a5fa2775d" outgoingWss="Outflow STAG"><con:settings/><con:encoding>UTF-8</con:encoding><con:endpoint>https://192.168.24.64:8443/services/PersonService_v1.0</con:endpoint><con:request><![CDATA[<soapenv:Envelope xmlns:soapenv="http://schemas.xmlsoap.org/soap/envelope/" xmlns:v1="http://fidus.brussels/service/personservice/messages/v1" xmlns:v11="http://fidus.brussels/type/common/messages/v1">
   <soapenv:Header/>
   <soapenv:Body>
      <v1:getIdentityRequest>
         <v1:messageContext>
         	  <v11:messageId>${=import static java.util.UUID.randomUUID; uuid = randomUUID() as String}</v11:messageId>
            <v11:timestamp>${=new java.text.SimpleDateFormat("yyyy-MM-dd'T'HH:mm:ss.SSS").format(new Date())}</v11:timestamp>
         </v1:messageContext>
         <v1:legalContext>ServiceIntegrator</v1:legalContext>
         <v1:request>
            <v1:personNumber>85081509931</v1:personNumber>
         </v1:request>
      </v1:getIdentityRequest>
   </soapenv:Body>
</soapenv:Envelope>]]></con:request><con:assertion type="SOAP Fault Assertion" id="e58b2243-d656-44f5-abb0-7c9b137f77c7" name="Not SOAP Fault"/><con:assertion type="SOAP Response" id="700cac56-56da-426b-b05e-461b6cbb1665" name="SOAP Response"/><con:assertion type="Schema Compliance" id="9a7a1a86-aada-4efd-b716-b5ccf252ac2c" name="Schema Compliance"><con:configuration/></con:assertion><con:wsaConfig action="http://fidus.brussels/services/personservice/getIdentity"/></con:request></con:config></con:testStep><con:testStep type="request" id="2b0c1d43-d000-42d3-9a7c-263669e41c90" name="testcase4 - Staging - Worker1New - Request"><con:settings/><con:config xsi:type="con:RequestStep" xmlns:xsi="http://www.w3.org/2001/XMLSchema-instance"><con:interface>PersonServiceHTTPBinding</con:interface><con:operation>getIdentity</con:operation><con:request name="testcase4 - Staging - Worker1New - Request" id="f6208f96-46a3-4cc0-b857-3e1170fb7a6a" outgoingWss="Outflow STAG"><con:settings/><con:encoding>UTF-8</con:encoding><con:endpoint>https://192.168.24.57:8443/services/PersonService_v1.0</con:endpoint><con:request><![CDATA[<soapenv:Envelope xmlns:soapenv="http://schemas.xmlsoap.org/soap/envelope/" xmlns:v1="http://fidus.brussels/service/personservice/messages/v1" xmlns:v11="http://fidus.brussels/type/common/messages/v1">
   <soapenv:Header/>
   <soapenv:Body>
      <v1:getIdentityRequest>
         <v1:messageContext>
         	  <v11:messageId>${=import static java.util.UUID.randomUUID; uuid = randomUUID() as String}</v11:messageId>
            <v11:timestamp>${=new java.text.SimpleDateFormat("yyyy-MM-dd'T'HH:mm:ss.SSS").format(new Date())}</v11:timestamp>
         </v1:messageContext>
         <v1:legalContext>ServiceIntegrator</v1:legalContext>
         <v1:request>
            <v1:personNumber>85081509931</v1:personNumber>
         </v1:request>
      </v1:getIdentityRequest>
   </soapenv:Body>
</soapenv:Envelope>]]></con:request><con:assertion type="SOAP Fault Assertion" id="088b9418-0ed7-49e4-970c-91020b65a102" name="Not SOAP Fault"/><con:assertion type="SOAP Response" id="66c42b55-a7ae-4efc-855c-e97db5392df3" name="SOAP Response"/><con:assertion type="Schema Compliance" id="d2593185-d21e-486b-bb0f-789777392459" name="Schema Compliance"><con:configuration/></con:assertion><con:wsaConfig action="http://fidus.brussels/services/personservice/getIdentity"/></con:request></con:config></con:testStep><con:testStep type="request" id="18d93a29-38ba-4886-87e3-6268ac5f38ea" name="testcase4 - Staging - Worker2New - Request"><con:settings/><con:config xsi:type="con:RequestStep" xmlns:xsi="http://www.w3.org/2001/XMLSchema-instance"><con:interface>PersonServiceHTTPBinding</con:interface><con:operation>getIdentity</con:operation><con:request name="testcase4 - Staging - Worker2New - Request" id="bb2d35e9-ac8f-49f8-9a95-15c0fc255df4" outgoingWss="Outflow STAG"><con:settings/><con:encoding>UTF-8</con:encoding><con:endpoint>https://192.168.24.64:8443/services/PersonService_v1.0</con:endpoint><con:request><![CDATA[<soapenv:Envelope xmlns:soapenv="http://schemas.xmlsoap.org/soap/envelope/" xmlns:v1="http://fidus.brussels/service/personservice/messages/v1" xmlns:v11="http://fidus.brussels/type/common/messages/v1">
   <soapenv:Header/>
   <soapenv:Body>
      <v1:getIdentityRequest>
         <v1:messageContext>
         	  <v11:messageId>${=import static java.util.UUID.randomUUID; uuid = randomUUID() as String}</v11:messageId>
            <v11:timestamp>${=new java.text.SimpleDateFormat("yyyy-MM-dd'T'HH:mm:ss.SSS").format(new Date())}</v11:timestamp>
         </v1:messageContext>
         <v1:legalContext>ServiceIntegrator</v1:legalContext>
         <v1:request>
            <v1:personNumber>85081509931</v1:personNumber>
         </v1:request>
      </v1:getIdentityRequest>
   </soapenv:Body>
</soapenv:Envelope>]]></con:request><con:assertion type="SOAP Fault Assertion" id="2abd7aae-682a-4dff-bb4c-5b5d4501f336" name="Not SOAP Fault"/><con:assertion type="SOAP Response" id="7a2e71a8-910d-4c0b-85ed-21ad4ec4f6ed" name="SOAP Response"/><con:assertion type="Schema Compliance" id="9ab4bd78-c08e-44de-bbfb-01b81a6c3b0d" name="Schema Compliance"><con:configuration/></con:assertion><con:wsaConfig action="http://fidus.brussels/services/personservice/getIdentity"/></con:request></con:config></con:testStep><con:properties/></con:testCase><con:testCase id="23e69e65-ffd6-4eab-ad13-08864806874c" failOnError="true" failTestCaseOnErrors="true" keepSession="false" maxResults="0" name="searchPersonByAddress" searchProperties="true"><con:settings/><con:testStep type="request" id="76a659a3-6b94-455f-b51e-075f9a507bad" name="testcase4 - Staging - LB - Request"><con:settings/><con:config xsi:type="con:RequestStep" xmlns:xsi="http://www.w3.org/2001/XMLSchema-instance"><con:interface>PersonServiceHTTPBinding</con:interface><con:operation>searchPersonByAddress</con:operation><con:request name="testcase4 - Staging - LB - Request" id="1834dcb8-351c-42c1-8b0a-9ec39ef63d15" outgoingWss="Outflow STAG"><con:settings/><con:encoding>UTF-8</con:encoding><con:endpoint>https://fidus-esb-sg.sta.srv.cirb.lan:8443/services/PersonService_v1.0</con:endpoint><con:request><![CDATA[<soapenv:Envelope xmlns:soapenv="http://schemas.xmlsoap.org/soap/envelope/" xmlns:v1="http://fidus.brussels/service/personservice/messages/v1" xmlns:v11="http://fidus.brussels/type/common/messages/v1">
   <soapenv:Header/>
   <soapenv:Body>
      <v1:searchPersonByAddressRequest>
         <v1:messageContext>
         	  <v11:messageId>${=import static java.util.UUID.randomUUID; uuid = randomUUID() as String}</v11:messageId>
            <v11:timestamp>${=new java.text.SimpleDateFormat("yyyy-MM-dd'T'HH:mm:ss.SSS").format(new Date())}</v11:timestamp>
         </v1:messageContext>
         <v1:legalContext>ServiceIntegrator</v1:legalContext>
         <v1:request>
            <postalCode>2800</postalCode>
            <streetCode>1480</streetCode>
            <houseNumber>77</houseNumber>
         </v1:request>
      </v1:searchPersonByAddressRequest>
   </soapenv:Body>
</soapenv:Envelope>]]></con:request><con:assertion type="SOAP Fault Assertion" id="d95cead5-f578-47dc-8598-7a389ebdafba" name="Not SOAP Fault"/><con:assertion type="SOAP Response" id="a74dd80c-dc6c-444b-8ffe-f8d7fa42387b" name="SOAP Response"/><con:assertion type="Schema Compliance" id="dcbd3030-faa7-4d89-b2c0-665f7c1b0e71" name="Schema Compliance"><con:configuration/></con:assertion><con:wsaConfig action="http://fidus.brussels/services/personservice/searchPersonByAddress"/></con:request></con:config></con:testStep><con:testStep type="request" id="f1763882-f2d8-42b1-88ae-61ac91d4feb7" name="testcase4 - Staging - Worker1 - Request"><con:settings/><con:config xsi:type="con:RequestStep" xmlns:xsi="http://www.w3.org/2001/XMLSchema-instance"><con:interface>PersonServiceHTTPBinding</con:interface><con:operation>searchPersonByAddress</con:operation><con:request name="testcase4 - Staging - Worker1 - Request" id="f1d0c6b7-8b22-45af-b076-44d0a710d14b" outgoingWss="Outflow STAG"><con:settings/><con:encoding>UTF-8</con:encoding><con:endpoint>https://192.168.24.57:8443/services/PersonService_v1.0</con:endpoint><con:request><![CDATA[<soapenv:Envelope xmlns:soapenv="http://schemas.xmlsoap.org/soap/envelope/" xmlns:v1="http://fidus.brussels/service/personservice/messages/v1" xmlns:v11="http://fidus.brussels/type/common/messages/v1">
   <soapenv:Header/>
   <soapenv:Body>
      <v1:searchPersonByAddressRequest>
         <v1:messageContext>
         	  <v11:messageId>${=import static java.util.UUID.randomUUID; uuid = randomUUID() as String}</v11:messageId>
            <v11:timestamp>${=new java.text.SimpleDateFormat("yyyy-MM-dd'T'HH:mm:ss.SSS").format(new Date())}</v11:timestamp>
         </v1:messageContext>
         <v1:legalContext>ServiceIntegrator</v1:legalContext>
         <v1:request>
            <postalCode>2800</postalCode>
            <streetCode>1480</streetCode>
            <houseNumber>77</houseNumber>
         </v1:request>
      </v1:searchPersonByAddressRequest>
   </soapenv:Body>
</soapenv:Envelope>]]></con:request><con:assertion type="SOAP Fault Assertion" id="ad4a31b9-d80d-45db-864c-06b2be65abed" name="Not SOAP Fault"/><con:assertion type="SOAP Response" id="56f771cc-c4c0-4eb8-b2fc-7f049169a78e" name="SOAP Response"/><con:assertion type="Schema Compliance" id="081adcbe-03ed-4a9d-92e3-117ecc025edd" name="Schema Compliance"><con:configuration/></con:assertion><con:wsaConfig action="http://fidus.brussels/services/personservice/searchPersonByAddress"/></con:request></con:config></con:testStep><con:testStep type="request" id="57e226ff-f16e-4f7b-9d1e-06a6bdf1f1ac" name="testcase4 - Staging - Worker2 - Request"><con:settings/><con:config xsi:type="con:RequestStep" xmlns:xsi="http://www.w3.org/2001/XMLSchema-instance"><con:interface>PersonServiceHTTPBinding</con:interface><con:operation>searchPersonByAddress</con:operation><con:request name="testcase4 - Staging - Worker2 - Request" id="ac3a0dcb-0d82-43ed-8917-de7813c9254a" outgoingWss="Outflow STAG"><con:settings/><con:encoding>UTF-8</con:encoding><con:endpoint>https://192.168.24.64:8443/services/PersonService_v1.0</con:endpoint><con:request><![CDATA[<soapenv:Envelope xmlns:soapenv="http://schemas.xmlsoap.org/soap/envelope/" xmlns:v1="http://fidus.brussels/service/personservice/messages/v1" xmlns:v11="http://fidus.brussels/type/common/messages/v1">
   <soapenv:Header/>
   <soapenv:Body>
      <v1:searchPersonByAddressRequest>
         <v1:messageContext>
         	  <v11:messageId>${=import static java.util.UUID.randomUUID; uuid = randomUUID() as String}</v11:messageId>
            <v11:timestamp>${=new java.text.SimpleDateFormat("yyyy-MM-dd'T'HH:mm:ss.SSS").format(new Date())}</v11:timestamp>
         </v1:messageContext>
         <v1:legalContext>ServiceIntegrator</v1:legalContext>
         <v1:request>
            <postalCode>2800</postalCode>
            <streetCode>1480</streetCode>
            <houseNumber>77</houseNumber>
         </v1:request>
      </v1:searchPersonByAddressRequest>
   </soapenv:Body>
</soapenv:Envelope>]]></con:request><con:assertion type="SOAP Fault Assertion" id="9da9f92a-554d-4605-9877-ab3734b88f4f" name="Not SOAP Fault"/><con:assertion type="SOAP Response" id="509eac98-97a9-41c5-a189-51030113de20" name="SOAP Response"/><con:assertion type="Schema Compliance" id="fb6e8b9a-0ae4-43f4-b337-5834a562db0e" name="Schema Compliance"><con:configuration/></con:assertion><con:wsaConfig action="http://fidus.brussels/services/personservice/searchPersonByAddress"/></con:request></con:config></con:testStep><con:testStep type="request" id="08dee3e3-3b37-474f-872e-b683b9a28e2b" name="testcase4 - Staging - External - Request"><con:settings/><con:config xsi:type="con:RequestStep" xmlns:xsi="http://www.w3.org/2001/XMLSchema-instance"><con:interface>PersonServiceHTTPBinding</con:interface><con:operation>searchPersonByAddress</con:operation><con:request name="testcase4 - Staging - External - Request" id="4f3a5fca-b7ff-491d-83dc-fa3ed37c6d5a" outgoingWss="Outflow STAG"><con:settings/><con:encoding>UTF-8</con:encoding><con:endpoint>https://fidus.irisnetlab.be/services/PersonService_v1.0</con:endpoint><con:request><![CDATA[<soapenv:Envelope xmlns:soapenv="http://schemas.xmlsoap.org/soap/envelope/" xmlns:v1="http://fidus.brussels/service/personservice/messages/v1" xmlns:v11="http://fidus.brussels/type/common/messages/v1">
   <soapenv:Header/>
   <soapenv:Body>
      <v1:searchPersonByAddressRequest>
         <v1:messageContext>
         	  <v11:messageId>${=import static java.util.UUID.randomUUID; uuid = randomUUID() as String}</v11:messageId>
            <v11:timestamp>${=new java.text.SimpleDateFormat("yyyy-MM-dd'T'HH:mm:ss.SSS").format(new Date())}</v11:timestamp>
         </v1:messageContext>
         <v1:legalContext>ServiceIntegrator</v1:legalContext>
         <v1:request>
            <postalCode>2800</postalCode>
            <streetCode>1480</streetCode>
            <houseNumber>77</houseNumber>
         </v1:request>
      </v1:searchPersonByAddressRequest>
   </soapenv:Body>
</soapenv:Envelope>]]></con:request><con:assertion type="SOAP Fault Assertion" id="52fa75e3-bfac-48e7-9985-fde261f6b037" name="Not SOAP Fault"/><con:assertion type="SOAP Response" id="c060abc9-7c12-4657-b12f-0933b9ddb463" name="SOAP Response"/><con:assertion type="Schema Compliance" id="e937118d-a3c8-4529-97f4-e7c37800873a" name="Schema Compliance"><con:configuration/></con:assertion><con:wsaConfig action="http://fidus.brussels/services/personservice/searchPersonByAddress"/></con:request></con:config></con:testStep><con:testStep type="request" id="e3ec7e7a-aa08-4c19-a14e-9dbba8edfe79" name="testcase4 - Staging - Worker1New - Request"><con:settings/><con:config xsi:type="con:RequestStep" xmlns:xsi="http://www.w3.org/2001/XMLSchema-instance"><con:interface>PersonServiceHTTPBinding</con:interface><con:operation>searchPersonByAddress</con:operation><con:request name="testcase4 - Staging - Worker1New - Request" id="aee5342d-e0e4-4052-a531-e1a42529af3e" outgoingWss="Outflow STAG"><con:settings/><con:encoding>UTF-8</con:encoding><con:endpoint>https://192.168.24.57:8443/services/PersonService_v1.0</con:endpoint><con:request><![CDATA[<soapenv:Envelope xmlns:soapenv="http://schemas.xmlsoap.org/soap/envelope/" xmlns:v1="http://fidus.brussels/service/personservice/messages/v1" xmlns:v11="http://fidus.brussels/type/common/messages/v1">
   <soapenv:Header/>
   <soapenv:Body>
      <v1:searchPersonByAddressRequest>
         <v1:messageContext>
         	  <v11:messageId>${=import static java.util.UUID.randomUUID; uuid = randomUUID() as String}</v11:messageId>
            <v11:timestamp>${=new java.text.SimpleDateFormat("yyyy-MM-dd'T'HH:mm:ss.SSS").format(new Date())}</v11:timestamp>
         </v1:messageContext>
         <v1:legalContext>ServiceIntegrator</v1:legalContext>
         <v1:request>
            <postalCode>2800</postalCode>
            <streetCode>1480</streetCode>
            <houseNumber>77</houseNumber>
         </v1:request>
      </v1:searchPersonByAddressRequest>
   </soapenv:Body>
</soapenv:Envelope>]]></con:request><con:assertion type="SOAP Fault Assertion" id="30289e3f-7557-436c-add9-1571e749ac68" name="Not SOAP Fault"/><con:assertion type="SOAP Response" id="63f9b533-cf76-41c4-acdf-1b9f6f18cddc" name="SOAP Response"/><con:assertion type="Schema Compliance" id="28f52e11-1ba8-4fbb-b78b-d6eab5ce98c5" name="Schema Compliance"><con:configuration/></con:assertion><con:wsaConfig action="http://fidus.brussels/services/personservice/searchPersonByAddress"/></con:request></con:config></con:testStep><con:testStep type="request" id="d3a059fa-a813-43b8-ae24-98bd46105fbf" name="testcase4 - Staging - Worker2New - Request"><con:settings/><con:config xsi:type="con:RequestStep" xmlns:xsi="http://www.w3.org/2001/XMLSchema-instance"><con:interface>PersonServiceHTTPBinding</con:interface><con:operation>searchPersonByAddress</con:operation><con:request name="testcase4 - Staging - Worker2New - Request" id="d03b907a-7a79-4044-84be-ff19f2c9618e" outgoingWss="Outflow STAG"><con:settings/><con:encoding>UTF-8</con:encoding><con:endpoint>https://192.168.24.64:8443/services/PersonService_v1.0</con:endpoint><con:request><![CDATA[<soapenv:Envelope xmlns:soapenv="http://schemas.xmlsoap.org/soap/envelope/" xmlns:v1="http://fidus.brussels/service/personservice/messages/v1" xmlns:v11="http://fidus.brussels/type/common/messages/v1">
   <soapenv:Header/>
   <soapenv:Body>
      <v1:searchPersonByAddressRequest>
         <v1:messageContext>
         	  <v11:messageId>${=import static java.util.UUID.randomUUID; uuid = randomUUID() as String}</v11:messageId>
            <v11:timestamp>${=new java.text.SimpleDateFormat("yyyy-MM-dd'T'HH:mm:ss.SSS").format(new Date())}</v11:timestamp>
         </v1:messageContext>
         <v1:legalContext>ServiceIntegrator</v1:legalContext>
         <v1:request>
            <postalCode>2800</postalCode>
            <streetCode>1480</streetCode>
            <houseNumber>77</houseNumber>
         </v1:request>
      </v1:searchPersonByAddressRequest>
   </soapenv:Body>
</soapenv:Envelope>]]></con:request><con:assertion type="SOAP Fault Assertion" id="c0d1f1a9-e758-4012-92db-7c5dca126f0c" name="Not SOAP Fault"/><con:assertion type="SOAP Response" id="926a52f5-5000-4599-bc82-5e022ea7d555" name="SOAP Response"/><con:assertion type="Schema Compliance" id="c9a23718-9d4e-47b3-a9c6-c23afb204573" name="Schema Compliance"><con:configuration/></con:assertion><con:wsaConfig action="http://fidus.brussels/services/personservice/searchPersonByAddress"/></con:request></con:config></con:testStep><con:properties/></con:testCase><con:testCase id="6bbe3b71-c0f1-4934-a8bf-f73ef0279d92" failOnError="true" failTestCaseOnErrors="true" keepSession="false" maxResults="0" name="searchPersonPhonetically" searchProperties="true"><con:settings/><con:testStep type="request" id="ad0fc0a7-6438-42d2-b991-7e2b63481dfc" name="testcase4 - Staging - Worker1 - Request"><con:settings/><con:config xsi:type="con:RequestStep" xmlns:xsi="http://www.w3.org/2001/XMLSchema-instance"><con:interface>PersonServiceHTTPBinding</con:interface><con:operation>searchPersonPhonetically</con:operation><con:request name="testcase4 - Staging - Worker1 - Request" id="b768f3f8-653d-45c3-be79-61a383d7286e" outgoingWss="Outflow STAG"><con:settings/><con:encoding>UTF-8</con:encoding><con:endpoint>https://192.168.24.57:8443/services/PersonService_v1.0</con:endpoint><con:request><![CDATA[<soapenv:Envelope xmlns:soapenv="http://schemas.xmlsoap.org/soap/envelope/" xmlns:v1="http://fidus.brussels/service/personservice/messages/v1" xmlns:v11="http://fidus.brussels/type/common/messages/v1">
   <soapenv:Header/>
   <soapenv:Body>
      <v1:searchPersonPhoneticallyRequest>
         <v1:messageContext>
         	  <v11:messageId>${=import static java.util.UUID.randomUUID; uuid = randomUUID() as String}</v11:messageId>
            <v11:timestamp>${=new java.text.SimpleDateFormat("yyyy-MM-dd'T'HH:mm:ss.SSS").format(new Date())}</v11:timestamp>
         </v1:messageContext>
         <v1:legalContext>ServiceIntegrator</v1:legalContext>
         <v1:request>
            <name>
               <lastName>Peters</lastName>
               <givenNameMatching>ALL_GIVENNAME</givenNameMatching>
            </name>
            <birth>
               <birthDate>1984-01-01</birthDate>
            </birth>
         </v1:request>
      </v1:searchPersonPhoneticallyRequest>
   </soapenv:Body>
</soapenv:Envelope>]]></con:request><con:assertion type="SOAP Fault Assertion" id="c19492f8-a725-4c4f-b86c-a1b0c55368ab" name="Not SOAP Fault"/><con:assertion type="SOAP Response" id="e55caabc-4491-4a32-a789-b650b52c7b74" name="SOAP Response"/><con:assertion type="Schema Compliance" id="cf35568d-43d7-44ab-9056-785edacd9acc" name="Schema Compliance"><con:configuration/></con:assertion><con:wsaConfig action="http://fidus.brussels/services/personservice/searchPersonPhonetically"/></con:request></con:config></con:testStep><con:testStep type="request" id="d87f58c3-c300-4e95-bcb1-c27fce46b827" name="testcase4 - Staging - Worker2 - Request"><con:settings/><con:config xsi:type="con:RequestStep" xmlns:xsi="http://www.w3.org/2001/XMLSchema-instance"><con:interface>PersonServiceHTTPBinding</con:interface><con:operation>searchPersonPhonetically</con:operation><con:request name="testcase4 - Staging - Worker2 - Request" id="b2e44f53-db54-4959-8f79-54822c36eeae" outgoingWss="Outflow STAG"><con:settings/><con:encoding>UTF-8</con:encoding><con:endpoint>https://192.168.24.64:8443/services/PersonService_v1.0</con:endpoint><con:request><![CDATA[<soapenv:Envelope xmlns:soapenv="http://schemas.xmlsoap.org/soap/envelope/" xmlns:v1="http://fidus.brussels/service/personservice/messages/v1" xmlns:v11="http://fidus.brussels/type/common/messages/v1">
   <soapenv:Header/>
   <soapenv:Body>
      <v1:searchPersonPhoneticallyRequest>
         <v1:messageContext>
         	  <v11:messageId>${=import static java.util.UUID.randomUUID; uuid = randomUUID() as String}</v11:messageId>
            <v11:timestamp>${=new java.text.SimpleDateFormat("yyyy-MM-dd'T'HH:mm:ss.SSS").format(new Date())}</v11:timestamp>
         </v1:messageContext>
         <v1:legalContext>ServiceIntegrator</v1:legalContext>
         <v1:request>
            <name>
               <lastName>Peters</lastName>
               <givenNameMatching>ALL_GIVENNAME</givenNameMatching>
            </name>
            <birth>
               <birthDate>1984-01-01</birthDate>
            </birth>
         </v1:request>
      </v1:searchPersonPhoneticallyRequest>
   </soapenv:Body>
</soapenv:Envelope>]]></con:request><con:assertion type="SOAP Fault Assertion" id="8b4a1328-3559-4866-a8e6-9424ae64a7bc" name="Not SOAP Fault"/><con:assertion type="SOAP Response" id="bf033992-6539-40a2-997a-21562c26b3df" name="SOAP Response"/><con:assertion type="Schema Compliance" id="b456a290-1e68-4d5b-a3aa-3431a9b7d466" name="Schema Compliance"><con:configuration/></con:assertion><con:wsaConfig action="http://fidus.brussels/services/personservice/searchPersonPhonetically"/></con:request></con:config></con:testStep><con:testStep type="request" id="6ee7d45f-6378-4f10-9366-500cf0ea7f92" name="testcase4 - Staging - External - Request"><con:settings/><con:config xsi:type="con:RequestStep" xmlns:xsi="http://www.w3.org/2001/XMLSchema-instance"><con:interface>PersonServiceHTTPBinding</con:interface><con:operation>searchPersonPhonetically</con:operation><con:request name="testcase4 - Staging - External - Request" id="36dd1e2a-af77-40f6-93af-a4399307a698" outgoingWss="Outflow STAG"><con:settings/><con:encoding>UTF-8</con:encoding><con:endpoint>https://fidus.irisnetlab.be/services/PersonService_v1.0</con:endpoint><con:request><![CDATA[<soapenv:Envelope xmlns:soapenv="http://schemas.xmlsoap.org/soap/envelope/" xmlns:v1="http://fidus.brussels/service/personservice/messages/v1" xmlns:v11="http://fidus.brussels/type/common/messages/v1">
   <soapenv:Header/>
   <soapenv:Body>
      <v1:searchPersonPhoneticallyRequest>
         <v1:messageContext>
         	  <v11:messageId>${=import static java.util.UUID.randomUUID; uuid = randomUUID() as String}</v11:messageId>
            <v11:timestamp>${=new java.text.SimpleDateFormat("yyyy-MM-dd'T'HH:mm:ss.SSS").format(new Date())}</v11:timestamp>
         </v1:messageContext>
         <v1:legalContext>ServiceIntegrator</v1:legalContext>
         <v1:request>
            <name>
               <lastName>Peters</lastName>
               <givenNameMatching>ALL_GIVENNAME</givenNameMatching>
            </name>
            <birth>
               <birthDate>1984-01-01</birthDate>
            </birth>
         </v1:request>
      </v1:searchPersonPhoneticallyRequest>
   </soapenv:Body>
</soapenv:Envelope>]]></con:request><con:assertion type="SOAP Fault Assertion" id="af5f1e50-4bf8-4cb1-b056-8907fc2702f2" name="Not SOAP Fault"/><con:assertion type="SOAP Response" id="a9a2ccaa-e686-47a9-a332-42a51ace6f69" name="SOAP Response"/><con:assertion type="Schema Compliance" id="beb87954-1ea5-4c1c-bcd3-6ce1fb42e4d0" name="Schema Compliance"><con:configuration/></con:assertion><con:wsaConfig action="http://fidus.brussels/services/personservice/searchPersonPhonetically"/></con:request></con:config></con:testStep><con:testStep type="request" id="d799c73c-119e-40f7-b01d-d2a45a9bf444" name="testcase4 - Staging - LB - Request"><con:settings/><con:config xsi:type="con:RequestStep" xmlns:xsi="http://www.w3.org/2001/XMLSchema-instance"><con:interface>PersonServiceHTTPBinding</con:interface><con:operation>searchPersonPhonetically</con:operation><con:request name="testcase4 - Staging - LB - Request" id="a2465f82-6d54-4750-b01f-ca692a2e4b3b" outgoingWss="Outflow STAG"><con:settings/><con:encoding>UTF-8</con:encoding><con:endpoint>https://fidus-esb-sg.sta.srv.cirb.lan:8443/services/PersonService_v1.0</con:endpoint><con:request><![CDATA[<soapenv:Envelope xmlns:soapenv="http://schemas.xmlsoap.org/soap/envelope/" xmlns:v1="http://fidus.brussels/service/personservice/messages/v1" xmlns:v11="http://fidus.brussels/type/common/messages/v1">
   <soapenv:Header/>
   <soapenv:Body>
      <v1:searchPersonPhoneticallyRequest>
         <v1:messageContext>
         	  <v11:messageId>${=import static java.util.UUID.randomUUID; uuid = randomUUID() as String}</v11:messageId>
            <v11:timestamp>${=new java.text.SimpleDateFormat("yyyy-MM-dd'T'HH:mm:ss.SSS").format(new Date())}</v11:timestamp>
         </v1:messageContext>
         <v1:legalContext>ServiceIntegrator</v1:legalContext>
         <v1:request>
            <name>
               <lastName>Peters</lastName>
               <givenNameMatching>ALL_GIVENNAME</givenNameMatching>
            </name>
            <birth>
               <birthDate>1984-01-01</birthDate>
            </birth>
         </v1:request>
      </v1:searchPersonPhoneticallyRequest>
   </soapenv:Body>
</soapenv:Envelope>]]></con:request><con:assertion type="SOAP Fault Assertion" id="919c5d5e-0b5e-4439-a7f1-f0ce78218dda" name="Not SOAP Fault"/><con:assertion type="SOAP Response" id="f4cdd502-bee9-42f1-a3bd-73280b9d7dfc" name="SOAP Response"/><con:assertion type="Schema Compliance" id="64ba73d4-34bb-4ae9-b143-fae9fbe1db3f" name="Schema Compliance"><con:configuration/></con:assertion><con:wsaConfig action="http://fidus.brussels/services/personservice/searchPersonPhonetically"/></con:request></con:config></con:testStep><con:testStep type="request" id="6c589356-58e9-49f0-8806-02a1abd28a69" name="testcase4 - Staging - Worker1New - Request"><con:settings/><con:config xsi:type="con:RequestStep" xmlns:xsi="http://www.w3.org/2001/XMLSchema-instance"><con:interface>PersonServiceHTTPBinding</con:interface><con:operation>searchPersonPhonetically</con:operation><con:request name="testcase4 - Staging - Worker1New - Request" id="f02a8396-6be2-4d5c-93f9-b9ec4e37f55c" outgoingWss="Outflow STAG"><con:settings/><con:encoding>UTF-8</con:encoding><con:endpoint>https://192.168.24.57:8443/services/PersonService_v1.0</con:endpoint><con:request><![CDATA[<soapenv:Envelope xmlns:soapenv="http://schemas.xmlsoap.org/soap/envelope/" xmlns:v1="http://fidus.brussels/service/personservice/messages/v1" xmlns:v11="http://fidus.brussels/type/common/messages/v1">
   <soapenv:Header/>
   <soapenv:Body>
      <v1:searchPersonPhoneticallyRequest>
         <v1:messageContext>
         	  <v11:messageId>${=import static java.util.UUID.randomUUID; uuid = randomUUID() as String}</v11:messageId>
            <v11:timestamp>${=new java.text.SimpleDateFormat("yyyy-MM-dd'T'HH:mm:ss.SSS").format(new Date())}</v11:timestamp>
         </v1:messageContext>
         <v1:legalContext>ServiceIntegrator</v1:legalContext>
         <v1:request>
            <name>
               <lastName>Peters</lastName>
               <givenNameMatching>ALL_GIVENNAME</givenNameMatching>
            </name>
            <birth>
               <birthDate>1984-01-01</birthDate>
            </birth>
         </v1:request>
      </v1:searchPersonPhoneticallyRequest>
   </soapenv:Body>
</soapenv:Envelope>]]></con:request><con:assertion type="SOAP Fault Assertion" id="195c75df-08e4-43c7-80b7-3a2addac7544" name="Not SOAP Fault"/><con:assertion type="SOAP Response" id="902211c9-f40a-433a-9864-c31e35b2f21a" name="SOAP Response"/><con:assertion type="Schema Compliance" id="e03c7117-a91b-4725-97d6-ec1002cecca9" name="Schema Compliance"><con:configuration/></con:assertion><con:wsaConfig action="http://fidus.brussels/services/personservice/searchPersonPhonetically"/></con:request></con:config></con:testStep><con:testStep type="request" id="8a7ace3c-88f7-4059-b4aa-5f81aee02320" name="testcase4 - Staging - Worker2New - Request"><con:settings/><con:config xsi:type="con:RequestStep" xmlns:xsi="http://www.w3.org/2001/XMLSchema-instance"><con:interface>PersonServiceHTTPBinding</con:interface><con:operation>searchPersonPhonetically</con:operation><con:request name="testcase4 - Staging - Worker2New - Request" id="a0ff3233-d8fe-4b9c-bdd8-5edf28fd6e2d" outgoingWss="Outflow STAG"><con:settings/><con:encoding>UTF-8</con:encoding><con:endpoint>https://192.168.24.64:8443/services/PersonService_v1.0</con:endpoint><con:request><![CDATA[<soapenv:Envelope xmlns:soapenv="http://schemas.xmlsoap.org/soap/envelope/" xmlns:v1="http://fidus.brussels/service/personservice/messages/v1" xmlns:v11="http://fidus.brussels/type/common/messages/v1">
   <soapenv:Header/>
   <soapenv:Body>
      <v1:searchPersonPhoneticallyRequest>
         <v1:messageContext>
         	  <v11:messageId>${=import static java.util.UUID.randomUUID; uuid = randomUUID() as String}</v11:messageId>
            <v11:timestamp>${=new java.text.SimpleDateFormat("yyyy-MM-dd'T'HH:mm:ss.SSS").format(new Date())}</v11:timestamp>
         </v1:messageContext>
         <v1:legalContext>ServiceIntegrator</v1:legalContext>
         <v1:request>
            <name>
               <lastName>Peters</lastName>
               <givenNameMatching>ALL_GIVENNAME</givenNameMatching>
            </name>
            <birth>
               <birthDate>1984-01-01</birthDate>
            </birth>
         </v1:request>
      </v1:searchPersonPhoneticallyRequest>
   </soapenv:Body>
</soapenv:Envelope>]]></con:request><con:assertion type="SOAP Fault Assertion" id="8cdb0334-fb84-443f-b841-2d416d81bc11" name="Not SOAP Fault"/><con:assertion type="SOAP Response" id="498f55c2-8849-4680-8b6b-e4b99a2e0678" name="SOAP Response"/><con:assertion type="Schema Compliance" id="b4405e7a-be3b-4270-8dc0-38489d6c8cc2" name="Schema Compliance"><con:configuration/></con:assertion><con:wsaConfig action="http://fidus.brussels/services/personservice/searchPersonPhonetically"/></con:request></con:config></con:testStep><con:properties/></con:testCase><con:properties/></con:testSuite><con:testSuite id="e2798f44-6585-4ad0-858a-008878d1efe8" name="PROD"><con:settings/><con:runType>SEQUENTIAL</con:runType><con:testCase id="fe3f322d-57f2-4133-bd26-b91fdc23d2c8" failOnError="true" failTestCaseOnErrors="true" keepSession="false" maxResults="0" name="getIdentity" searchProperties="true"><con:settings/><con:testStep type="request" id="02a31864-f008-4869-8a3b-cc49e7bae5a4" name="testcase5 - Prod - Worker1 - Request"><con:settings/><con:config xsi:type="con:RequestStep" xmlns:xsi="http://www.w3.org/2001/XMLSchema-instance"><con:interface>PersonServiceHTTPBinding</con:interface><con:operation>getIdentity</con:operation><con:request name="testcase5 - Prod - Worker1 - Request" id="cb949c03-8866-4ac0-9670-9b7b711f5bdf" outgoingWss="Outflow PROD"><con:settings/><con:encoding>UTF-8</con:encoding><con:endpoint>https://192.168.26.22:8443/services/PersonService_v1.0</con:endpoint><con:request><![CDATA[<soapenv:Envelope xmlns:soapenv="http://schemas.xmlsoap.org/soap/envelope/" xmlns:v1="http://fidus.brussels/service/personservice/messages/v1" xmlns:v11="http://fidus.brussels/type/common/messages/v1">
   <soapenv:Header/>
   <soapenv:Body>
      <v1:getIdentityRequest>
         <v1:messageContext>
         	  <v11:messageId>${=import static java.util.UUID.randomUUID; uuid = randomUUID() as String}</v11:messageId>
            <v11:timestamp>${=new java.text.SimpleDateFormat("yyyy-MM-dd'T'HH:mm:ss.SSS").format(new Date())}</v11:timestamp>
         </v1:messageContext>
         <v1:legalContext>ServiceIntegrator</v1:legalContext>
         <v1:request>
            <v1:personNumber>85081509931</v1:personNumber>
         </v1:request>
      </v1:getIdentityRequest>
   </soapenv:Body>
</soapenv:Envelope>]]></con:request><con:assertion type="SOAP Fault Assertion" id="8aafdb79-606e-45a7-8336-b38b56b2cc13" name="Not SOAP Fault"/><con:assertion type="SOAP Response" id="ec891360-1472-4ff6-b09a-5edf7711fd27" name="SOAP Response"/><con:assertion type="Schema Compliance" id="7701f3cf-89cf-4da4-a444-f95b458fd5dd" name="Schema Compliance"><con:configuration/></con:assertion><con:wsaConfig action="http://fidus.brussels/services/personservice/getIdentity"/></con:request></con:config></con:testStep><con:testStep type="request" id="f6c67309-9018-41e5-9dce-b824dd95946d" name="testcase5 - Prod - Worker2 - Request"><con:settings/><con:config xsi:type="con:RequestStep" xmlns:xsi="http://www.w3.org/2001/XMLSchema-instance"><con:interface>PersonServiceHTTPBinding</con:interface><con:operation>getIdentity</con:operation><con:request name="testcase5 - Prod - Worker2 - Request" id="4b5422c9-4c10-4bf8-954d-ed4aaf310d4d" outgoingWss="Outflow PROD"><con:settings/><con:encoding>UTF-8</con:encoding><con:endpoint>https://192.168.26.19:8443/services/PersonService_v1.0</con:endpoint><con:request><![CDATA[<soapenv:Envelope xmlns:soapenv="http://schemas.xmlsoap.org/soap/envelope/" xmlns:v1="http://fidus.brussels/service/personservice/messages/v1" xmlns:v11="http://fidus.brussels/type/common/messages/v1">
   <soapenv:Header/>
   <soapenv:Body>
      <v1:getIdentityRequest>
         <v1:messageContext>
         	  <v11:messageId>${=import static java.util.UUID.randomUUID; uuid = randomUUID() as String}</v11:messageId>
            <v11:timestamp>${=new java.text.SimpleDateFormat("yyyy-MM-dd'T'HH:mm:ss.SSS").format(new Date())}</v11:timestamp>
         </v1:messageContext>
         <v1:legalContext>ServiceIntegrator</v1:legalContext>
         <v1:request>
            <v1:personNumber>89102413022</v1:personNumber>
         </v1:request>
      </v1:getIdentityRequest>
   </soapenv:Body>
</soapenv:Envelope>]]></con:request><con:assertion type="SOAP Fault Assertion" id="5b630433-55f3-4b25-b96d-f75feffe1e10" name="Not SOAP Fault"/><con:assertion type="SOAP Response" id="fea7ab39-4493-4b75-836f-5b9d64061925" name="SOAP Response"/><con:assertion type="Schema Compliance" id="aa192fbf-de02-46a6-900b-d787e331aa84" name="Schema Compliance"><con:configuration/></con:assertion><con:wsaConfig action="http://fidus.brussels/services/personservice/getIdentity"/></con:request></con:config></con:testStep><con:testStep type="request" id="4fe7c901-2908-4f31-8498-9808f54b49c0" name="testcase5 - Prod - LB - Request"><con:settings/><con:config xsi:type="con:RequestStep" xmlns:xsi="http://www.w3.org/2001/XMLSchema-instance"><con:interface>PersonServiceHTTPBinding</con:interface><con:operation>getIdentity</con:operation><con:request name="testcase5 - Prod - LB - Request" id="c06527c0-78b8-496c-8cef-e6b8f5da1d06" outgoingWss="Outflow PROD"><con:settings/><con:encoding>UTF-8</con:encoding><con:endpoint>https://fidus-esb-sg.prd.srv.cirb.lan:8443/services/PersonService_v1.0</con:endpoint><con:request><![CDATA[<soapenv:Envelope xmlns:soapenv="http://schemas.xmlsoap.org/soap/envelope/" xmlns:v1="http://fidus.brussels/service/personservice/messages/v1" xmlns:v11="http://fidus.brussels/type/common/messages/v1">
   <soapenv:Header/>
   <soapenv:Body>
      <v1:getIdentityRequest>
         <v1:messageContext>
         	  <v11:messageId>${=import static java.util.UUID.randomUUID; uuid = randomUUID() as String}</v11:messageId>
            <v11:timestamp>${=new java.text.SimpleDateFormat("yyyy-MM-dd'T'HH:mm:ss.SSS").format(new Date())}</v11:timestamp>
         </v1:messageContext>
         <v1:legalContext>ServiceIntegrator</v1:legalContext>
         <v1:request>
            <v1:personNumber>89102413022</v1:personNumber>
         </v1:request>
      </v1:getIdentityRequest>
   </soapenv:Body>
</soapenv:Envelope>]]></con:request><con:assertion type="SOAP Fault Assertion" id="f0e7dcc1-ae72-4b9f-8b8d-67d112c1422b" name="Not SOAP Fault"/><con:assertion type="SOAP Response" id="078a5c66-1176-4b32-853e-f42be2d321f1" name="SOAP Response"/><con:assertion type="Schema Compliance" id="c8d0e2b9-376b-4b8c-9035-2052b0569432" name="Schema Compliance"><con:configuration/></con:assertion><con:wsaConfig action="http://fidus.brussels/services/personservice/getIdentity"/></con:request></con:config></con:testStep><con:testStep type="request" id="2a80253b-1fed-4a03-a215-f668e2173d3f" name="testcase5 - Prod - External - Request"><con:settings/><con:config xsi:type="con:RequestStep" xmlns:xsi="http://www.w3.org/2001/XMLSchema-instance"><con:interface>PersonServiceHTTPBinding</con:interface><con:operation>getIdentity</con:operation><con:request name="testcase5 - Prod - External - Request" id="df607faa-a949-413f-aa3b-6b62946bbf78" outgoingWss="Outflow PROD"><con:settings/><con:encoding>UTF-8</con:encoding><con:endpoint>https://fidus.sec.brussels/services/PersonService_v1.0</con:endpoint><con:request><![CDATA[<soapenv:Envelope xmlns:soapenv="http://schemas.xmlsoap.org/soap/envelope/" xmlns:v1="http://fidus.brussels/service/personservice/messages/v1" xmlns:v11="http://fidus.brussels/type/common/messages/v1">
   <soapenv:Header/>
   <soapenv:Body>
      <v1:getIdentityRequest>
         <v1:messageContext>
         	  <v11:messageId>${=import static java.util.UUID.randomUUID; uuid = randomUUID() as String}</v11:messageId>
            <v11:timestamp>${=new java.text.SimpleDateFormat("yyyy-MM-dd'T'HH:mm:ss.SSS").format(new Date())}</v11:timestamp>
         </v1:messageContext>
         <v1:legalContext>ServiceIntegrator</v1:legalContext>
         <v1:request>
            <v1:personNumber>85081509931</v1:personNumber>
         </v1:request>
      </v1:getIdentityRequest>
   </soapenv:Body>
</soapenv:Envelope>]]></con:request><con:assertion type="SOAP Fault Assertion" id="3a666196-a353-45b4-b3cf-8b55ff773e11" name="Not SOAP Fault"/><con:assertion type="SOAP Response" id="bd3c5b74-a7cf-4c32-bfe5-b0e354dfbff1" name="SOAP Response"/><con:assertion type="Schema Compliance" id="b4b8995e-4e72-4b6d-b2c7-dc376e6c371a" name="Schema Compliance"><con:configuration/></con:assertion><con:wsaConfig action="http://fidus.brussels/services/personservice/getIdentity"/></con:request></con:config></con:testStep><con:properties/></con:testCase><con:testCase id="510f57e4-9ab4-4ca0-9401-9333345decc9" failOnError="true" failTestCaseOnErrors="true" keepSession="false" maxResults="0" name="searchPersonByAddress" searchProperties="true"><con:settings/><con:testStep type="request" id="e81f4996-18bc-4994-887f-58b9b9ca9e16" name="testcase5 - Prod - External - Request"><con:settings/><con:config xsi:type="con:RequestStep" xmlns:xsi="http://www.w3.org/2001/XMLSchema-instance"><con:interface>PersonServiceHTTPBinding</con:interface><con:operation>searchPersonByAddress</con:operation><con:request name="testcase5 - Prod - External - Request" id="bda8e64d-7d23-4cf4-a358-0b56cc98a45d" outgoingWss="Outflow PROD"><con:settings/><con:encoding>UTF-8</con:encoding><con:endpoint>https://fidus.sec.brussels/services/PersonService_v1.0</con:endpoint><con:request><![CDATA[<soapenv:Envelope xmlns:soapenv="http://schemas.xmlsoap.org/soap/envelope/" xmlns:v1="http://fidus.brussels/service/personservice/messages/v1" xmlns:v11="http://fidus.brussels/type/common/messages/v1">
   <soapenv:Header/>
   <soapenv:Body>
      <v1:searchPersonByAddressRequest>
         <v1:messageContext>
         	  <v11:messageId>${=import static java.util.UUID.randomUUID; uuid = randomUUID() as String}</v11:messageId>
            <v11:timestamp>${=new java.text.SimpleDateFormat("yyyy-MM-dd'T'HH:mm:ss.SSS").format(new Date())}</v11:timestamp>
         </v1:messageContext>
         <v1:legalContext>ServiceIntegrator</v1:legalContext>
         <v1:request>
            <postalCode>2800</postalCode>
            <streetCode>1480</streetCode>
            <houseNumber>77</houseNumber>
         </v1:request>
      </v1:searchPersonByAddressRequest>
   </soapenv:Body>
</soapenv:Envelope>]]></con:request><con:assertion type="SOAP Fault Assertion" id="4cefaa9c-7ae3-4154-aff7-9b7b50d25be6" name="Not SOAP Fault"/><con:assertion type="SOAP Response" id="b3da286c-f1d3-4406-8157-28c7b62863c0" name="SOAP Response"/><con:assertion type="Schema Compliance" id="2ee1e808-8b16-4390-ae05-22a5b1beff58" name="Schema Compliance"><con:configuration/></con:assertion><con:wsaConfig action="http://fidus.brussels/services/personservice/searchPersonByAddress"/></con:request></con:config></con:testStep><con:testStep type="request" id="bc837ee3-0146-46e7-b3e5-7487ef3e7eb8" name="testcase5 - Prod - LB - Request"><con:settings/><con:config xsi:type="con:RequestStep" xmlns:xsi="http://www.w3.org/2001/XMLSchema-instance"><con:interface>PersonServiceHTTPBinding</con:interface><con:operation>searchPersonByAddress</con:operation><con:request name="testcase5 - Prod - LB - Request" id="e6485bcd-5570-44ad-afcf-d93775d8535c" outgoingWss="Outflow PROD"><con:settings/><con:encoding>UTF-8</con:encoding><con:endpoint>https://fidus-esb-sg.prd.srv.cirb.lan:8443/services/PersonService_v1.0</con:endpoint><con:request><![CDATA[<soapenv:Envelope xmlns:soapenv="http://schemas.xmlsoap.org/soap/envelope/" xmlns:v1="http://fidus.brussels/service/personservice/messages/v1" xmlns:v11="http://fidus.brussels/type/common/messages/v1">
   <soapenv:Header/>
   <soapenv:Body>
      <v1:searchPersonByAddressRequest>
         <v1:messageContext>
         	  <v11:messageId>${=import static java.util.UUID.randomUUID; uuid = randomUUID() as String}</v11:messageId>
            <v11:timestamp>${=new java.text.SimpleDateFormat("yyyy-MM-dd'T'HH:mm:ss.SSS").format(new Date())}</v11:timestamp>
         </v1:messageContext>
         <v1:legalContext>ServiceIntegrator</v1:legalContext>
         <v1:request>
            <postalCode>2800</postalCode>
            <streetCode>1480</streetCode>
            <houseNumber>77</houseNumber>
         </v1:request>
      </v1:searchPersonByAddressRequest>
   </soapenv:Body>
</soapenv:Envelope>]]></con:request><con:assertion type="SOAP Fault Assertion" id="62135c9d-d2c4-4456-9b69-1c23cc58aec2" name="Not SOAP Fault"/><con:assertion type="SOAP Response" id="22c92751-64c7-460d-b12d-75dfc520a5d9" name="SOAP Response"/><con:assertion type="Schema Compliance" id="46d06c41-98a3-4028-a2e4-5ef351999241" name="Schema Compliance"><con:configuration/></con:assertion><con:wsaConfig action="http://fidus.brussels/services/personservice/searchPersonByAddress"/></con:request></con:config></con:testStep><con:testStep type="request" id="ec08ae13-9abb-4aa9-8dc9-d66c69bc1aad" name="testcase5 - Prod - Worker1 - Request"><con:settings/><con:config xsi:type="con:RequestStep" xmlns:xsi="http://www.w3.org/2001/XMLSchema-instance"><con:interface>PersonServiceHTTPBinding</con:interface><con:operation>searchPersonByAddress</con:operation><con:request name="testcase5 - Prod - Worker1 - Request" id="cc118894-34ef-4e95-a041-1aed1a2b8e6e" outgoingWss="Outflow PROD"><con:settings/><con:encoding>UTF-8</con:encoding><con:endpoint>https://192.168.26.22:8443/services/PersonService_v1.0</con:endpoint><con:request><![CDATA[<soapenv:Envelope xmlns:soapenv="http://schemas.xmlsoap.org/soap/envelope/" xmlns:v1="http://fidus.brussels/service/personservice/messages/v1" xmlns:v11="http://fidus.brussels/type/common/messages/v1">
   <soapenv:Header/>
   <soapenv:Body>
      <v1:searchPersonByAddressRequest>
         <v1:messageContext>
         	  <v11:messageId>${=import static java.util.UUID.randomUUID; uuid = randomUUID() as String}</v11:messageId>
            <v11:timestamp>${=new java.text.SimpleDateFormat("yyyy-MM-dd'T'HH:mm:ss.SSS").format(new Date())}</v11:timestamp>
         </v1:messageContext>
         <v1:legalContext>ServiceIntegrator</v1:legalContext>
         <v1:request>
            <postalCode>2800</postalCode>
            <streetCode>1480</streetCode>
            <houseNumber>77</houseNumber>
         </v1:request>
      </v1:searchPersonByAddressRequest>
   </soapenv:Body>
</soapenv:Envelope>]]></con:request><con:assertion type="SOAP Fault Assertion" id="636694e4-ca4c-48b0-a635-3de0fc82961b" name="Not SOAP Fault"/><con:assertion type="SOAP Response" id="75a7495f-3390-49e3-8f0b-ad8c385da08c" name="SOAP Response"/><con:assertion type="Schema Compliance" id="d868e1e0-0415-480d-bd23-eec70bf8d2b1" name="Schema Compliance"><con:configuration/></con:assertion><con:wsaConfig action="http://fidus.brussels/services/personservice/searchPersonByAddress"/></con:request></con:config></con:testStep><con:testStep type="request" id="8ba7419c-7d33-48ef-86b1-74dc31e5ffe8" name="testcase5 - Prod - Worker2 - Request"><con:settings/><con:config xsi:type="con:RequestStep" xmlns:xsi="http://www.w3.org/2001/XMLSchema-instance"><con:interface>PersonServiceHTTPBinding</con:interface><con:operation>searchPersonByAddress</con:operation><con:request name="testcase5 - Prod - Worker2 - Request" id="391bff3d-6d96-4f03-9782-ac52bed5a20b" outgoingWss="Outflow PROD"><con:settings/><con:encoding>UTF-8</con:encoding><con:endpoint>https://192.168.26.19:8443/services/PersonService_v1.0</con:endpoint><con:request><![CDATA[<soapenv:Envelope xmlns:soapenv="http://schemas.xmlsoap.org/soap/envelope/" xmlns:v1="http://fidus.brussels/service/personservice/messages/v1" xmlns:v11="http://fidus.brussels/type/common/messages/v1">
   <soapenv:Header/>
   <soapenv:Body>
      <v1:searchPersonByAddressRequest>
         <v1:messageContext>
         	  <v11:messageId>${=import static java.util.UUID.randomUUID; uuid = randomUUID() as String}</v11:messageId>
            <v11:timestamp>${=new java.text.SimpleDateFormat("yyyy-MM-dd'T'HH:mm:ss.SSS").format(new Date())}</v11:timestamp>
         </v1:messageContext>
         <v1:legalContext>ServiceIntegrator</v1:legalContext>
         <v1:request>
            <postalCode>2800</postalCode>
            <streetCode>1480</streetCode>
            <houseNumber>77</houseNumber>
         </v1:request>
      </v1:searchPersonByAddressRequest>
   </soapenv:Body>
</soapenv:Envelope>]]></con:request><con:assertion type="SOAP Fault Assertion" id="4555e721-0f14-4f4b-aa13-e6bc08c06745" name="Not SOAP Fault"/><con:assertion type="SOAP Response" id="f2ecc995-a964-4a55-bf7c-46a98f545041" name="SOAP Response"/><con:assertion type="Schema Compliance" id="2df2f903-5012-4cd4-aeda-07c7d3a8906b" name="Schema Compliance"><con:configuration/></con:assertion><con:wsaConfig action="http://fidus.brussels/services/personservice/searchPersonByAddress"/></con:request></con:config></con:testStep><con:properties/></con:testCase><con:testCase id="92b4f313-f4bd-4f99-8060-ba432c5e85fe" failOnError="true" failTestCaseOnErrors="true" keepSession="false" maxResults="0" name="searchPersonPhonetically" searchProperties="true"><con:settings/><con:testStep type="request" id="ba114476-9ba6-4c28-8fa1-f3a980d9178a" name="testcase5 - Prod - External - Request"><con:settings/><con:config xsi:type="con:RequestStep" xmlns:xsi="http://www.w3.org/2001/XMLSchema-instance"><con:interface>PersonServiceHTTPBinding</con:interface><con:operation>searchPersonPhonetically</con:operation><con:request name="testcase5 - Prod - External - Request" id="f1c2b615-a0f2-4bf0-ad4d-61726ff2ce6f" outgoingWss="Outflow PROD"><con:settings/><con:encoding>UTF-8</con:encoding><con:endpoint>https://fidus.sec.brussels/services/PersonService_v1.0</con:endpoint><con:request><![CDATA[<soapenv:Envelope xmlns:soapenv="http://schemas.xmlsoap.org/soap/envelope/" xmlns:v1="http://fidus.brussels/service/personservice/messages/v1" xmlns:v11="http://fidus.brussels/type/common/messages/v1">
   <soapenv:Header/>
   <soapenv:Body>
      <v1:searchPersonPhoneticallyRequest>
         <v1:messageContext>
         	  <v11:messageId>${=import static java.util.UUID.randomUUID; uuid = randomUUID() as String}</v11:messageId>
            <v11:timestamp>${=new java.text.SimpleDateFormat("yyyy-MM-dd'T'HH:mm:ss.SSS").format(new Date())}</v11:timestamp>
         </v1:messageContext>
         <v1:legalContext>ServiceIntegrator</v1:legalContext>
         <v1:request>
            <name>
               <lastName>Peters</lastName>
               <givenNameMatching>ALL_GIVENNAME</givenNameMatching>
            </name>
            <birth>
               <birthDate>1984-01-01</birthDate>
            </birth>
         </v1:request>
      </v1:searchPersonPhoneticallyRequest>
   </soapenv:Body>
</soapenv:Envelope>]]></con:request><con:assertion type="SOAP Fault Assertion" id="5bb77fdd-d2d2-4b67-975e-52307920f0a4" name="Not SOAP Fault"/><con:assertion type="SOAP Response" id="19eec2ba-9a60-4d43-a12e-82aa2d94e263" name="SOAP Response"/><con:assertion type="Schema Compliance" id="c38ab7b1-65da-4ad7-be2e-70e5e3652c4a" name="Schema Compliance"><con:configuration/></con:assertion><con:wsaConfig action="http://fidus.brussels/services/personservice/searchPersonPhonetically"/></con:request></con:config></con:testStep><con:testStep type="request" id="e801eb9b-4497-4c8d-be57-93e2cb9c329f" name="testcase5 - Prod - LB - Request"><con:settings/><con:config xsi:type="con:RequestStep" xmlns:xsi="http://www.w3.org/2001/XMLSchema-instance"><con:interface>PersonServiceHTTPBinding</con:interface><con:operation>searchPersonPhonetically</con:operation><con:request name="testcase5 - Prod - LB - Request" id="ac470d49-9038-486b-8ad7-8ae6fc599be3" outgoingWss="Outflow PROD"><con:settings/><con:encoding>UTF-8</con:encoding><con:endpoint>https://fidus-esb-sg.prd.srv.cirb.lan:8443/services/PersonService_v1.0</con:endpoint><con:request><![CDATA[<soapenv:Envelope xmlns:soapenv="http://schemas.xmlsoap.org/soap/envelope/" xmlns:v1="http://fidus.brussels/service/personservice/messages/v1" xmlns:v11="http://fidus.brussels/type/common/messages/v1">
   <soapenv:Header/>
   <soapenv:Body>
      <v1:searchPersonPhoneticallyRequest>
         <v1:messageContext>
         	  <v11:messageId>${=import static java.util.UUID.randomUUID; uuid = randomUUID() as String}</v11:messageId>
            <v11:timestamp>${=new java.text.SimpleDateFormat("yyyy-MM-dd'T'HH:mm:ss.SSS").format(new Date())}</v11:timestamp>
         </v1:messageContext>
         <v1:legalContext>ServiceIntegrator</v1:legalContext>
         <v1:request>
            <name>
               <lastName>Peters</lastName>
               <givenNameMatching>ALL_GIVENNAME</givenNameMatching>
            </name>
            <birth>
               <birthDate>1984-01-01</birthDate>
            </birth>
         </v1:request>
      </v1:searchPersonPhoneticallyRequest>
   </soapenv:Body>
</soapenv:Envelope>]]></con:request><con:assertion type="SOAP Fault Assertion" id="41487cb1-842e-46a7-bc1d-c1ed80811e70" name="Not SOAP Fault"/><con:assertion type="SOAP Response" id="08042e71-2030-4ef3-8ec7-ce9504399bd6" name="SOAP Response"/><con:assertion type="Schema Compliance" id="8a42595e-1a92-4eae-9a72-4142aab87d5d" name="Schema Compliance"><con:configuration/></con:assertion><con:wsaConfig action="http://fidus.brussels/services/personservice/searchPersonPhonetically"/></con:request></con:config></con:testStep><con:testStep type="request" id="101ccf8b-29c6-4efa-8562-882a776b6ec9" name="testcase5 - Prod - Worker1 - Request"><con:settings/><con:config xsi:type="con:RequestStep" xmlns:xsi="http://www.w3.org/2001/XMLSchema-instance"><con:interface>PersonServiceHTTPBinding</con:interface><con:operation>searchPersonPhonetically</con:operation><con:request name="testcase5 - Prod - Worker1 - Request" id="23137765-b291-41f4-804b-f076b696028d" outgoingWss="Outflow PROD"><con:settings/><con:encoding>UTF-8</con:encoding><con:endpoint>https://192.168.26.22:8443/services/PersonService_v1.0</con:endpoint><con:request><![CDATA[<soapenv:Envelope xmlns:soapenv="http://schemas.xmlsoap.org/soap/envelope/" xmlns:v1="http://fidus.brussels/service/personservice/messages/v1" xmlns:v11="http://fidus.brussels/type/common/messages/v1">
   <soapenv:Header/>
   <soapenv:Body>
      <v1:searchPersonPhoneticallyRequest>
         <v1:messageContext>
         	  <v11:messageId>${=import static java.util.UUID.randomUUID; uuid = randomUUID() as String}</v11:messageId>
            <v11:timestamp>${=new java.text.SimpleDateFormat("yyyy-MM-dd'T'HH:mm:ss.SSS").format(new Date())}</v11:timestamp>
         </v1:messageContext>
         <v1:legalContext>ServiceIntegrator</v1:legalContext>
         <v1:request>
            <name>
               <lastName>Peters</lastName>
               <givenNameMatching>ALL_GIVENNAME</givenNameMatching>
            </name>
            <birth>
               <birthDate>1984-01-01</birthDate>
            </birth>
         </v1:request>
      </v1:searchPersonPhoneticallyRequest>
   </soapenv:Body>
</soapenv:Envelope>]]></con:request><con:assertion type="SOAP Fault Assertion" id="b2fe7f4e-08b4-4444-9177-3531d6d89e46" name="Not SOAP Fault"/><con:assertion type="SOAP Response" id="d6fdd936-6acf-4958-ac5f-e1822de29d9d" name="SOAP Response"/><con:assertion type="Schema Compliance" id="adc094d3-e71c-4309-a2fb-27e839394380" name="Schema Compliance"><con:configuration/></con:assertion><con:wsaConfig action="http://fidus.brussels/services/personservice/searchPersonPhonetically"/></con:request></con:config></con:testStep><con:testStep type="request" id="0b65fbf3-4e7f-4a5b-b219-fcdf0a1dde97" name="testcase5 - Prod - Worker2 - Request"><con:settings/><con:config xsi:type="con:RequestStep" xmlns:xsi="http://www.w3.org/2001/XMLSchema-instance"><con:interface>PersonServiceHTTPBinding</con:interface><con:operation>searchPersonPhonetically</con:operation><con:request name="testcase5 - Prod - Worker2 - Request" id="2e5476a3-56e8-41c9-b765-b0fa0db5992d" outgoingWss="Outflow PROD"><con:settings/><con:encoding>UTF-8</con:encoding><con:endpoint>https://192.168.26.19:8443/services/PersonService_v1.0</con:endpoint><con:request><![CDATA[<soapenv:Envelope xmlns:soapenv="http://schemas.xmlsoap.org/soap/envelope/" xmlns:v1="http://fidus.brussels/service/personservice/messages/v1" xmlns:v11="http://fidus.brussels/type/common/messages/v1">
   <soapenv:Header/>
   <soapenv:Body>
      <v1:searchPersonPhoneticallyRequest>
         <v1:messageContext>
         	  <v11:messageId>${=import static java.util.UUID.randomUUID; uuid = randomUUID() as String}</v11:messageId>
            <v11:timestamp>${=new java.text.SimpleDateFormat("yyyy-MM-dd'T'HH:mm:ss.SSS").format(new Date())}</v11:timestamp>
         </v1:messageContext>
         <v1:legalContext>ServiceIntegrator</v1:legalContext>
         <v1:request>
            <name>
               <lastName>Peters</lastName>
               <givenNameMatching>ALL_GIVENNAME</givenNameMatching>
            </name>
            <birth>
               <birthDate>1984-01-01</birthDate>
            </birth>
         </v1:request>
      </v1:searchPersonPhoneticallyRequest>
   </soapenv:Body>
</soapenv:Envelope>]]></con:request><con:assertion type="SOAP Fault Assertion" id="b830faec-6fff-472f-96a2-d1a7ec665bd7" name="Not SOAP Fault"/><con:assertion type="SOAP Response" id="9a18a2b5-a222-4eea-a34e-20537d34ed90" name="SOAP Response"/><con:assertion type="Schema Compliance" id="d0d39bc5-4a8a-498d-aa82-c960dc6b02ce" name="Schema Compliance"><con:configuration/></con:assertion><con:wsaConfig action="http://fidus.brussels/services/personservice/searchPersonPhonetically"/></con:request></con:config></con:testStep><con:properties/></con:testCase><con:properties/></con:testSuite><con:properties/>
  <con:wssContainer>
    
    
    
    
    
    
    
    
    
    
    
    
    
    
    
    
  <con:crypto><con:source>data/wso2/keystores/user-rajarshi.jks</con:source><con:password>test@fidus01</con:password><con:type>KEYSTORE</con:type></con:crypto><con:outgoing><con:name>Outflow DEV</con:name></con:outgoing><con:outgoing><con:name>Outflow TEST</con:name><con:entry type="Signature" username="testuser-test.fidus.brussels" password="test@fidus01"><con:configuration><crypto>user-rajarshi.jks</crypto><keyIdentifierType>3</keyIdentifierType><signatureAlgorithm/><signatureCanonicalization/><useSingleCert>true</useSingleCert><digestAlgorithm/><customTokenValueType/><customTokenId/></con:configuration></con:entry><con:entry type="Timestamp"><con:configuration><timeToLive>300000</timeToLive><strictTimestamp>true</strictTimestamp></con:configuration></con:entry></con:outgoing><con:outgoing><con:name>Outflow STAG</con:name></con:outgoing><con:outgoing><con:name>Outflow PROD</con:name></con:outgoing></con:wssContainer>
  <con:oAuth2ProfileContainer/>
  <con:oAuth1ProfileContainer/><con:sensitiveInformation/>
</con:soapui-project>