<?xml version="1.0" encoding="UTF-8"?>
<con:soapui-project id="a27adfee-0c20-479f-8630-b9d1ab63f1e2" activeEnvironment="Default" name="Client-RegondesService-soapui-project" resourceRoot="" soapui-version="5.1.3" abortOnError="false" runType="SEQUENTIAL" xmlns:con="http://eviware.com/soapui/config"><con:settings/><con:interface xsi:type="con:WsdlInterface" id="b416e667-662e-4d8d-af78-50393fda8e09" wsaVersion="NONE" name="ExportFromRegondesServiceHTTPBinding" type="wsdl" bindingName="{http://fidus.brussels/service/exportfromregondesservice/v1}ExportFromRegondesServiceHTTPBinding" soapVersion="1_1" anonymous="optional" definition="file:/home/isr/git/parent/exportfromregondesservice/ExportFromRegondesServiceGateway/src/main/resources/wsdl/exportFromRegondesService/1.0.0/ExportFromRegondesService_v1.wsdl" xmlns:xsi="http://www.w3.org/2001/XMLSchema-instance"><con:settings/><con:definitionCache type="TEXT" rootPart="file:/home/isr/git/parent/exportfromregondesservice/ExportFromRegondesServiceGateway/src/main/resources/wsdl/exportFromRegondesService/1.0.0/ExportFromRegondesService_v1.wsdl"><con:part><con:url>file:/home/isr/git/parent/exportfromregondesservice/ExportFromRegondesServiceGateway/src/main/resources/wsdl/exportFromRegondesService/1.0.0/ExportFromRegondesService_v1.wsdl</con:url><con:content><![CDATA[<wsdl:definitions targetNamespace="http://fidus.brussels/service/exportfromregondesservice/v1" name="ExportFromRegondesService" xmlns:soap="http://schemas.xmlsoap.org/wsdl/soap/" xmlns:wsdl="http://schemas.xmlsoap.org/wsdl/" xmlns:xsd="http://www.w3.org/2001/XMLSchema" xmlns:mes="http://fidus.brussels/service/exportfromregondesservice/messages/v1" xmlns:tns="http://fidus.brussels/service/exportfromregondesservice/v1">
  <xsd:annotation>
    <xsd:documentation>ExportFromRegondesService WDSL v1.</xsd:documentation>
  </xsd:annotation>
  <wsdl:types>
    <xsd:schema targetNamespace="http://fidus.brussels/service/exportfromregondesservice/v1" elementFormDefault="qualified">
      <xsd:import namespace="http://fidus.brussels/service/exportfromregondesservice/messages/v1" schemaLocation="messages/exportFromRegondesServiceMessages_v1.xsd"/>
    </xsd:schema>
  </wsdl:types>
  <wsdl:message name="serviceChangeRequestMessage">
    <wsdl:part name="serviceChangeRequest" element="mes:serviceChangeRequest"/>
  </wsdl:message>
  <wsdl:message name="postponedDossierRequestMessage">
    <wsdl:part name="postponedDossierRequest" element="mes:postponedDossierRequest"/>
  </wsdl:message>
  <wsdl:message name="closedDossierRequestMessage">
    <wsdl:part name="closedDossierRequest" element="mes:closedDossierRequest"/>
  </wsdl:message>
  <wsdl:message name="reportOutputResponseMessage">
    <wsdl:part name="reportResponse" element="mes:reportResponse"/>
  </wsdl:message>
  <wsdl:portType name="ExportFromRegondesServicePortType">
    <wsdl:operation name="serviceChange">
      <wsdl:input message="tns:serviceChangeRequestMessage"/>
      <wsdl:output message="tns:reportOutputResponseMessage"/>
    </wsdl:operation>
    <wsdl:operation name="postponedDossier">
      <wsdl:input message="tns:postponedDossierRequestMessage"/>
      <wsdl:output message="tns:reportOutputResponseMessage"/>
    </wsdl:operation>
    <wsdl:operation name="closedDossier">
      <wsdl:input message="tns:closedDossierRequestMessage"/>
      <wsdl:output message="tns:reportOutputResponseMessage"/>
    </wsdl:operation>
  </wsdl:portType>
  <wsdl:binding name="ExportFromRegondesServiceHTTPBinding" type="tns:ExportFromRegondesServicePortType">
    <soap:binding style="document" transport="http://schemas.xmlsoap.org/soap/http"/>
    <wsdl:operation name="closedDossier">
      <soap:operation soapAction="http://fidus.brussels/services/exportfromregondesservice/closedDossier"/>
      <wsdl:input>
        <soap:body use="literal"/>
      </wsdl:input>
      <wsdl:output>
        <soap:body use="literal"/>
      </wsdl:output>
    </wsdl:operation>
    <wsdl:operation name="postponedDossier">
      <soap:operation soapAction="http://fidus.brussels/services/exportfromregondesservice/postponedDossier"/>
      <wsdl:input>
        <soap:body use="literal"/>
      </wsdl:input>
      <wsdl:output>
        <soap:body use="literal"/>
      </wsdl:output>
    </wsdl:operation>
    <wsdl:operation name="serviceChange">
      <soap:operation soapAction="http://fidus.brussels/services/exportfromregondesservice/serviceChange"/>
      <wsdl:input>
        <soap:body use="literal"/>
      </wsdl:input>
      <wsdl:output>
        <soap:body use="literal"/>
      </wsdl:output>
    </wsdl:operation>
  </wsdl:binding>
  <wsdl:service name="ExportFromRegondesService_v1">
    <wsdl:port name="ExportFromRegondesService_v1" binding="tns:ExportFromRegondesServiceHTTPBinding">
      <soap:address location="http://fidus.brussels/services/exportfromregondesservice/v1"/>
    </wsdl:port>
  </wsdl:service>
</wsdl:definitions>]]></con:content><con:type>http://schemas.xmlsoap.org/wsdl/</con:type></con:part><con:part><con:url>file:/home/isr/git/parent/exportfromregondesservice/ExportFromRegondesServiceGateway/src/main/resources/wsdl/exportFromRegondesService/1.0.0/messages/exportFromRegondesServiceMessages_v1.xsd</con:url><con:content><![CDATA[<xsd:schema targetNamespace="http://fidus.brussels/service/exportfromregondesservice/messages/v1" elementFormDefault="qualified" attributeFormDefault="unqualified" version="1.0" xmlns:xsd="http://www.w3.org/2001/XMLSchema" xmlns:cme="http://fidus.brussels/type/common/messages/v1" xmlns:exc="http://fidus.brussels/type/common/exceptions/v1" xmlns:tns="http://fidus.brussels/service/exportfromregondesservice/messages/v1" xmlns:com="http://www.minfin.fgov.be/regondes2/extern/taxservice/common" xmlns:cd="http://www.minfin.fgov.be/regondes2/extern/taxservice/exports/closedDossiers" xmlns:pd="http://www.minfin.fgov.be/regondes2/extern/taxservice/exports/postponedDossiers" xmlns:sc="http://www.minfin.fgov.be/regondes2/extern/taxservice/exports/serviceChanged">
  <xsd:import namespace="http://fidus.brussels/type/common/messages/v1" schemaLocation="baseMessageTypes_v1.xsd"/>
  <xsd:import namespace="http://fidus.brussels/type/common/exceptions/v1" schemaLocation="exceptionTypes_v1.xsd"/>
  <xsd:import namespace="http://www.minfin.fgov.be/regondes2/extern/taxservice/common" schemaLocation="../regondes/Regondes2Common.xsd"/>
  <xsd:import namespace="http://www.minfin.fgov.be/regondes2/extern/taxservice/exports/closedDossiers" schemaLocation="../regondes/Regondes2ExportClosedDossiers.xsd"/>
  <xsd:import namespace="http://www.minfin.fgov.be/regondes2/extern/taxservice/exports/postponedDossiers" schemaLocation="../regondes/Regondes2ExportPostponedDossiers.xsd"/>
  <xsd:import namespace="http://www.minfin.fgov.be/regondes2/extern/taxservice/exports/serviceChanged" schemaLocation="../regondes/Regondes2ExportServiceChanged.xsd"/>
  <xsd:complexType name="GetclosedDossierType">
    <xsd:sequence>
      <xsd:element ref="cd:closedDossier"/>
    </xsd:sequence>
  </xsd:complexType>
  <xsd:complexType name="GetpostponedDossierType">
    <xsd:sequence>
      <xsd:element ref="pd:postponedDossier"/>
    </xsd:sequence>
  </xsd:complexType>
  <xsd:complexType name="GetserviceChangeType">
    <xsd:sequence>
      <xsd:element ref="sc:serviceChange"/>
    </xsd:sequence>
  </xsd:complexType>
  <xsd:complexType name="GetclosedDossierRequestType">
    <xsd:sequence>
      <xsd:element name="messageContext" type="cme:RequestMessageContextType"/>
      <xsd:element name="legalContext" type="cme:LegalContextType"/>
      <xsd:element name="request" type="tns:GetclosedDossierType"/>
    </xsd:sequence>
  </xsd:complexType>
  <xsd:complexType name="GetpostponedDossierRequestType">
    <xsd:sequence>
      <xsd:element name="messageContext" type="cme:RequestMessageContextType"/>
      <xsd:element name="legalContext" type="cme:LegalContextType"/>
      <xsd:element name="request" type="tns:GetpostponedDossierType"/>
    </xsd:sequence>
  </xsd:complexType>
  <xsd:complexType name="GetserviceChangeRequestType">
    <xsd:sequence>
      <xsd:element name="messageContext" type="cme:RequestMessageContextType"/>
      <xsd:element name="legalContext" type="cme:LegalContextType"/>
      <xsd:element name="request" type="tns:GetserviceChangeType"/>
    </xsd:sequence>
  </xsd:complexType>
  <xsd:complexType name="GetReportOutputResponseType">
    <xsd:sequence>
      <xsd:element name="messageContext" type="cme:ResponseMessageContextType"/>
      <xsd:element name="responses" type="tns:ResponsesType" minOccurs="0"/>
      <xsd:element name="exceptions" type="exc:ExceptionsType" minOccurs="0">
        <xsd:annotation>
          <xsd:documentation>Technical errors that occur when processing the message context e.g. insufficient rights.</xsd:documentation>
        </xsd:annotation>
      </xsd:element>
    </xsd:sequence>
  </xsd:complexType>
  <xsd:complexType name="ResponsesType">
    <xsd:sequence>
      <xsd:element name="response" type="tns:ResponseType" minOccurs="1" maxOccurs="1"/>
    </xsd:sequence>
  </xsd:complexType>
  <xsd:complexType name="ResponseType">
    <xsd:sequence>
      <xsd:element ref="com:report" minOccurs="0" maxOccurs="unbounded"/>
      <xsd:element name="exceptions" type="exc:ExceptionsType" minOccurs="0">
        <xsd:annotation>
          <xsd:documentation>Business exceptions that occur when processing the request or response e.g. missing data for a single response element.
						Exceptions at this level may contain back-end specific codes and content.</xsd:documentation>
        </xsd:annotation>
      </xsd:element>
    </xsd:sequence>
  </xsd:complexType>
  <xsd:element name="serviceChangeRequest" type="tns:GetserviceChangeRequestType"/>
  <xsd:element name="postponedDossierRequest" type="tns:GetpostponedDossierRequestType"/>
  <xsd:element name="closedDossierRequest" type="tns:GetclosedDossierRequestType"/>
  <xsd:element name="reportResponse" type="tns:GetReportOutputResponseType"/>
</xsd:schema>]]></con:content><con:type>http://www.w3.org/2001/XMLSchema</con:type></con:part><con:part><con:url>file:/home/isr/git/parent/exportfromregondesservice/ExportFromRegondesServiceGateway/src/main/resources/wsdl/exportFromRegondesService/1.0.0/messages/baseMessageTypes_v1.xsd</con:url><con:content><![CDATA[<xsd:schema targetNamespace="http://fidus.brussels/type/common/messages/v1" elementFormDefault="qualified" attributeFormDefault="unqualified" version="1.0" xmlns:xsd="http://www.w3.org/2001/XMLSchema" xmlns:cmn="http://fidus.brussels/type/common/v1" xmlns:tns="http://fidus.brussels/type/common/messages/v1">
  <!--Unformatted message Id-->
  <xsd:simpleType name="MessageIdType">
    <xsd:restriction base="xsd:string">
      <xsd:minLength value="1"/>
      <xsd:maxLength value="64"/>
    </xsd:restriction>
  </xsd:simpleType>
  <!--National Number of the person. Format depending on the Register-->
  <xsd:simpleType name="PersonNumberType">
    <xsd:restriction base="xsd:string">
      <xsd:pattern value="[0-9][0-9](([0][0-9])|([1][0-2]))(([0-2][0-9])|([3][0-1]))(([0-9]{2}[1-9])|([0-9][1-9][0-9])|([1-9][0-9]{2}))(([0-8][0-9])|([9][0-7]))">
        <xsd:annotation>
          <xsd:documentation>National Register format</xsd:documentation>
        </xsd:annotation>
      </xsd:pattern>
      <xsd:pattern value="[0-9][0-9](([2][0-9])|([3][0-2]))(([0-2][0-9])|([3][0-1]))[0-9]{3}(([0-8][0-9])|([9][0-7]))">
        <xsd:annotation>
          <xsd:documentation>CBSS Register format: Bis Register</xsd:documentation>
        </xsd:annotation>
      </xsd:pattern>
      <xsd:pattern value="[0-9][0-9](([4][0-9])|([5][0-2]))(([0-2][0-9])|([3][0-1]))[0-9]{3}(([0-8][0-9])|([9][0-7]))">
        <xsd:annotation>
          <xsd:documentation>CBSS Register format: Ter Register</xsd:documentation>
        </xsd:annotation>
      </xsd:pattern>
    </xsd:restriction>
  </xsd:simpleType>
  <!--Request message context-->
  <xsd:complexType name="RequestMessageContextType">
    <xsd:annotation>
      <xsd:documentation>Message context block generated by the consumer.</xsd:documentation>
    </xsd:annotation>
    <xsd:sequence>
      <xsd:element name="messageId" type="tns:MessageIdType">
        <xsd:annotation>
          <xsd:documentation>Consumer must assign their own MessageId reference for the request.</xsd:documentation>
        </xsd:annotation>
      </xsd:element>
      <xsd:element name="timestamp" type="xsd:dateTime" minOccurs="0">
        <xsd:annotation>
          <xsd:documentation>Timestamp when client sent request.</xsd:documentation>
        </xsd:annotation>
      </xsd:element>
    </xsd:sequence>
  </xsd:complexType>
  <!--Response message context-->
  <xsd:complexType name="ResponseMessageContextType">
    <xsd:annotation>
      <xsd:documentation>MessageContext block generated by fidus.</xsd:documentation>
    </xsd:annotation>
    <xsd:sequence>
      <xsd:element name="messageId" type="tns:MessageIdType">
        <xsd:annotation>
          <xsd:documentation>A unique identifier generated by fidus.</xsd:documentation>
        </xsd:annotation>
      </xsd:element>
      <xsd:element name="transactionId" type="tns:MessageIdType">
        <xsd:annotation>
          <xsd:documentation>A unique ID returned to the client for tracing purposes.</xsd:documentation>
        </xsd:annotation>
      </xsd:element>
      <xsd:element name="relatesTo" type="tns:MessageIdType" minOccurs="0">
        <xsd:annotation>
          <xsd:documentation>Optional field. The unique id of a previous batch file in this exchange Only used for responses.</xsd:documentation>
        </xsd:annotation>
      </xsd:element>
      <xsd:element name="timestamp" type="xsd:dateTime" minOccurs="0">
        <xsd:annotation>
          <xsd:documentation>Time reply sent by fidus.</xsd:documentation>
        </xsd:annotation>
      </xsd:element>
    </xsd:sequence>
  </xsd:complexType>
  <!--Legal Context : the finality of the Privacy Commission-->
  <xsd:simpleType name="LegalContextType">
    <xsd:restriction base="xsd:string">
      <xsd:minLength value="1"/>
      <xsd:maxLength value="64"/>
    </xsd:restriction>
  </xsd:simpleType>
  <xsd:complexType name="UserContextType">
    <xsd:annotation>
      <xsd:documentation>The user context defines information regarding the actual user performing a request.</xsd:documentation>
    </xsd:annotation>
    <xsd:sequence>
      <xsd:element name="language" type="xsd:language" nillable="true">
        <xsd:annotation>
          <xsd:documentation>The preferred language of the actual user performing the request.
						This influences the language in which response elements are cast.</xsd:documentation>
        </xsd:annotation>
      </xsd:element>
    </xsd:sequence>
  </xsd:complexType>
</xsd:schema>]]></con:content><con:type>http://www.w3.org/2001/XMLSchema</con:type></con:part><con:part><con:url>file:/home/isr/git/parent/exportfromregondesservice/ExportFromRegondesServiceGateway/src/main/resources/wsdl/exportFromRegondesService/1.0.0/messages/exceptionTypes_v1.xsd</con:url><con:content><![CDATA[<xsd:schema targetNamespace="http://fidus.brussels/type/common/exceptions/v1" elementFormDefault="qualified" attributeFormDefault="unqualified" version="1.0" xmlns:xsd="http://www.w3.org/2001/XMLSchema" xmlns:tns="http://fidus.brussels/type/common/exceptions/v1">
  <!--Basic error typed-->
  <xsd:complexType name="ExceptionsType">
    <xsd:sequence>
      <xsd:element name="exception" type="tns:ExceptionType" maxOccurs="unbounded"/>
    </xsd:sequence>
  </xsd:complexType>
  <xsd:complexType name="ExceptionType">
    <xsd:sequence>
      <xsd:element name="type" type="tns:ExceptionClassType"/>
      <xsd:element name="code" type="tns:ExceptionCodeType"/>
      <xsd:element name="source" type="tns:ExceptionSourceType"/>
      <xsd:element name="description" type="tns:ExceptionDescriptionType"/>
    </xsd:sequence>
  </xsd:complexType>
  <xsd:simpleType name="ExceptionClassType">
    <xsd:restriction base="xsd:string">
      <xsd:enumeration value="ERROR"/>
      <xsd:enumeration value="WARNING"/>
      <xsd:enumeration value="INFO"/>
    </xsd:restriction>
  </xsd:simpleType>
  <xsd:simpleType name="ExceptionCodeType">
    <xsd:restriction base="xsd:string">
      <xsd:maxLength value="20"/>
    </xsd:restriction>
  </xsd:simpleType>
  <xsd:simpleType name="ExceptionSourceType">
    <xsd:restriction base="xsd:string">
      <xsd:maxLength value="20"/>
    </xsd:restriction>
  </xsd:simpleType>
  <xsd:simpleType name="ExceptionDescriptionType">
    <xsd:restriction base="xsd:string"/>
  </xsd:simpleType>
</xsd:schema>]]></con:content><con:type>http://www.w3.org/2001/XMLSchema</con:type></con:part><con:part><con:url>file:/home/isr/git/parent/exportfromregondesservice/ExportFromRegondesServiceGateway/src/main/resources/wsdl/exportFromRegondesService/1.0.0/regondes/Regondes2Common.xsd</con:url><con:content><![CDATA[<!--Regondes2Common.xsd version 1.0-->
<xs:schema targetNamespace="http://www.minfin.fgov.be/regondes2/extern/taxservice/common" elementFormDefault="qualified" attributeFormDefault="unqualified" xmlns="http://www.minfin.fgov.be/regondes2/extern/taxservice/common" xmlns:xs="http://www.w3.org/2001/XMLSchema">
  <!--lum-->
  <!--Definition of complex types-->
  <xs:element name="report">
    <xs:annotation>
      <xs:documentation>Report of the transaction</xs:documentation>
    </xs:annotation>
    <xs:complexType>
      <xs:sequence>
        <xs:element name="status">
          <xs:annotation>
            <xs:documentation>Status of the transaction: SUCCESS or ERROR.</xs:documentation>
          </xs:annotation>
          <xs:simpleType>
            <xs:restriction base="xs:string">
              <xs:enumeration value="SUCCESS"/>
              <xs:enumeration value="ERROR"/>
            </xs:restriction>
          </xs:simpleType>
        </xs:element>
        <xs:element name="error" minOccurs="0">
          <xs:annotation>
            <xs:documentation>Business error occured while processing the message.</xs:documentation>
          </xs:annotation>
          <xs:simpleType>
            <xs:restriction base="longstring">
              <xs:minLength value="1"/>
            </xs:restriction>
          </xs:simpleType>
        </xs:element>
        <xs:element name="errorId" minOccurs="0">
          <xs:annotation>
            <xs:documentation>The Id of error in the log files. With this id the helpdesk can find the logs of the error.</xs:documentation>
          </xs:annotation>
          <xs:simpleType>
            <xs:restriction base="longstring">
              <xs:minLength value="1"/>
            </xs:restriction>
          </xs:simpleType>
        </xs:element>
      </xs:sequence>
    </xs:complexType>
  </xs:element>
  <xs:complexType name="attachment">
    <xs:annotation>
      <xs:documentation>Attached files which contain information about the dossier.</xs:documentation>
    </xs:annotation>
    <xs:sequence>
      <xs:element name="fileName" type="longstring">
        <xs:annotation>
          <xs:documentation>The filename of the attachment</xs:documentation>
        </xs:annotation>
      </xs:element>
      <xs:element name="data" type="xs:base64Binary">
        <xs:annotation>
          <xs:documentation>The bytes base64binary encoded</xs:documentation>
        </xs:annotation>
      </xs:element>
    </xs:sequence>
  </xs:complexType>
  <xs:complexType name="abstractInitialService" abstract="true">
    <xs:sequence>
      <xs:element name="technicalReference" type="longstring" minOccurs="0">
        <xs:annotation>
          <xs:documentation>Unique technical reference given by the initial service. Will be present if the dossier was imported with a technical reference.</xs:documentation>
        </xs:annotation>
      </xs:element>
      <xs:element name="type">
        <xs:annotation>
          <xs:documentation>The type of the initial service which can be either "VLABEL" or "AAF".</xs:documentation>
        </xs:annotation>
        <xs:simpleType>
          <xs:restriction base="xs:string">
            <xs:enumeration value="VLABEL"/>
            <xs:enumeration value="AAF"/>
          </xs:restriction>
        </xs:simpleType>
      </xs:element>
    </xs:sequence>
  </xs:complexType>
  <xs:complexType name="basicInitialService">
    <xs:complexContent>
      <xs:extension base="abstractInitialService">
        <xs:sequence>
          <xs:element name="reference">
            <xs:annotation>
              <xs:documentation>Unique reference given by the initial service. Will be present if the dossier was imported.</xs:documentation>
            </xs:annotation>
            <xs:simpleType>
              <xs:restriction base="longstring">
                <xs:minLength value="1"/>
              </xs:restriction>
            </xs:simpleType>
          </xs:element>
        </xs:sequence>
      </xs:extension>
    </xs:complexContent>
  </xs:complexType>
  <xs:complexType name="completeInitialService">
    <xs:complexContent>
      <xs:extension base="basicInitialService">
        <xs:sequence>
          <xs:element name="complaintType">
            <xs:annotation>
              <xs:documentation>Type of complaint.</xs:documentation>
            </xs:annotation>
            <xs:simpleType>
              <xs:restriction base="xs:string">
                <xs:maxLength value="12"/>
                <xs:minLength value="1"/>
              </xs:restriction>
            </xs:simpleType>
          </xs:element>
          <xs:element name="registerSendDate" type="xs:date" minOccurs="0">
            <xs:annotation>
              <xs:documentation>Date on which the notice of assessment is expected to be delivered.</xs:documentation>
            </xs:annotation>
          </xs:element>
          <xs:element name="registerArticle" type="shortstring" minOccurs="0">
            <xs:annotation>
              <xs:documentation>Number of the article in the register of the tax service.</xs:documentation>
            </xs:annotation>
          </xs:element>
          <xs:element name="dateInitialService" type="xs:date">
            <xs:annotation>
              <xs:documentation>Date on which the dossier was created by the initial service.</xs:documentation>
            </xs:annotation>
          </xs:element>
          <xs:element name="nameContact" type="longstring" minOccurs="0">
            <xs:annotation>
              <xs:documentation>Name of the contact within the initial service.</xs:documentation>
            </xs:annotation>
          </xs:element>
          <xs:element name="phoneNumberContact" type="shortstring" minOccurs="0">
            <xs:annotation>
              <xs:documentation>Phone number of the contact within the initial service.</xs:documentation>
            </xs:annotation>
          </xs:element>
          <xs:element name="emailContact" type="emailAddress" minOccurs="0">
            <xs:annotation>
              <xs:documentation>E-mail address of the contact within the initial sevice.</xs:documentation>
            </xs:annotation>
          </xs:element>
          <xs:element name="remark">
            <xs:annotation>
              <xs:documentation>A remark from the initial service.</xs:documentation>
            </xs:annotation>
            <xs:simpleType>
              <xs:restriction base="text">
                <xs:minLength value="1"/>
              </xs:restriction>
            </xs:simpleType>
          </xs:element>
        </xs:sequence>
      </xs:extension>
    </xs:complexContent>
  </xs:complexType>
  <xs:complexType name="address">
    <xs:annotation>
      <xs:documentation>Address</xs:documentation>
    </xs:annotation>
    <xs:sequence>
      <xs:element name="street" type="longstring" minOccurs="0">
        <xs:annotation>
          <xs:documentation>Street</xs:documentation>
        </xs:annotation>
      </xs:element>
      <xs:element name="houseNumber" type="longstring" minOccurs="0">
        <xs:annotation>
          <xs:documentation>House number</xs:documentation>
        </xs:annotation>
      </xs:element>
      <xs:element name="box" type="shortstring" minOccurs="0">
        <xs:annotation>
          <xs:documentation>Box</xs:documentation>
        </xs:annotation>
      </xs:element>
      <xs:element name="zipCode" type="shortstring" minOccurs="0">
        <xs:annotation>
          <xs:documentation>ZIP code</xs:documentation>
        </xs:annotation>
      </xs:element>
      <xs:element name="place" type="longstring" minOccurs="0">
        <xs:annotation>
          <xs:documentation>Place</xs:documentation>
        </xs:annotation>
      </xs:element>
      <xs:element name="country" type="longstring" minOccurs="0">
        <xs:annotation>
          <xs:documentation>Country</xs:documentation>
        </xs:annotation>
      </xs:element>
    </xs:sequence>
  </xs:complexType>
  <xs:complexType name="cadastralIncome">
    <xs:sequence>
      <xs:element name="codeCadastralIncome" type="codeCadastralIncome">
        <xs:annotation>
          <xs:documentation>Cadastrall income code</xs:documentation>
        </xs:annotation>
      </xs:element>
      <xs:element name="definitiveCadastralIncome" type="xs:positiveInteger">
        <xs:annotation>
          <xs:documentation>Definitive cadastrall income</xs:documentation>
        </xs:annotation>
      </xs:element>
      <xs:element name="dateDefinitive" type="xs:date">
        <xs:annotation>
          <xs:documentation>Date definitive cadastrall income</xs:documentation>
        </xs:annotation>
      </xs:element>
      <xs:element name="reasonDefinitive" type="longstring">
        <xs:annotation>
          <xs:documentation>Reason definitieve cadastrall income</xs:documentation>
        </xs:annotation>
      </xs:element>
    </xs:sequence>
  </xs:complexType>
  <xs:simpleType name="shortstring">
    <xs:restriction base="xs:string">
      <xs:minLength value="1"/>
      <xs:maxLength value="60"/>
    </xs:restriction>
  </xs:simpleType>
  <xs:simpleType name="longstring">
    <xs:restriction base="xs:string">
      <xs:minLength value="1"/>
      <xs:maxLength value="150"/>
    </xs:restriction>
  </xs:simpleType>
  <xs:simpleType name="text">
    <xs:restriction base="xs:string">
      <xs:minLength value="1"/>
      <xs:maxLength value="4000"/>
    </xs:restriction>
  </xs:simpleType>
  <xs:simpleType name="codeCadastralIncome">
    <xs:restriction base="xs:string">
      <xs:minLength value="1"/>
      <xs:maxLength value="2"/>
    </xs:restriction>
  </xs:simpleType>
  <xs:simpleType name="personIdNumber">
    <xs:restriction base="xs:string">
      <xs:minLength value="1"/>
      <xs:maxLength value="15"/>
    </xs:restriction>
  </xs:simpleType>
  <xs:simpleType name="cbeNumber">
    <xs:restriction base="xs:string">
      <xs:minLength value="1"/>
      <xs:maxLength value="15"/>
    </xs:restriction>
  </xs:simpleType>
  <xs:simpleType name="emailAddress">
    <xs:restriction base="xs:token">
      <xs:minLength value="1"/>
      <xs:maxLength value="254"/>
      <xs:pattern value="[^@]+@[^\.]+\..+"/>
    </xs:restriction>
  </xs:simpleType>
  <xs:simpleType name="referenceFodFin">
    <xs:restriction base="xs:long"/>
  </xs:simpleType>
  <xs:simpleType name="articleNumberType">
    <xs:restriction base="xs:token">
      <xs:minLength value="1"/>
      <xs:maxLength value="8"/>
      <xs:pattern value="\d{0,5}(/\d{2})?"/>
    </xs:restriction>
  </xs:simpleType>
  <xs:simpleType name="fiscalYearType">
    <xs:restriction base="xs:string">
      <xs:maxLength value="4"/>
      <xs:minLength value="4"/>
    </xs:restriction>
  </xs:simpleType>
</xs:schema>]]></con:content><con:type>http://www.w3.org/2001/XMLSchema</con:type></con:part><con:part><con:url>file:/home/isr/git/parent/exportfromregondesservice/ExportFromRegondesServiceGateway/src/main/resources/wsdl/exportFromRegondesService/1.0.0/regondes/Regondes2ExportClosedDossiers.xsd</con:url><con:content><![CDATA[<!--Regondes2ExportClosedDossiers.xsd version 1.0-->
<xs:schema targetNamespace="http://www.minfin.fgov.be/regondes2/extern/taxservice/exports/closedDossiers" elementFormDefault="qualified" attributeFormDefault="unqualified" xmlns:xs="http://www.w3.org/2001/XMLSchema" xmlns="http://www.minfin.fgov.be/regondes2/extern/taxservice/exports/closedDossiers" xmlns:com="http://www.minfin.fgov.be/regondes2/extern/taxservice/common">
  <xs:import namespace="http://www.minfin.fgov.be/regondes2/extern/taxservice/common" schemaLocation="Regondes2Common.xsd"/>
  <xs:element name="closedDossier">
    <xs:complexType>
      <xs:sequence>
        <xs:element name="referenceFodFin" type="com:referenceFodFin">
          <xs:annotation>
            <xs:documentation>Reference given by Regondes2 to uniquely identify the dossier. Will be present if the dossier was imported.</xs:documentation>
          </xs:annotation>
        </xs:element>
        <xs:element name="fiscalYear" type="com:fiscalYearType">
          <xs:annotation>
            <xs:documentation>Fiscal year</xs:documentation>
          </xs:annotation>
        </xs:element>
        <xs:element name="initialService">
          <xs:complexType>
            <xs:complexContent>
              <xs:extension base="com:abstractInitialService">
                <xs:sequence>
                  <xs:element name="reference" minOccurs="0">
                    <xs:annotation>
                      <xs:documentation>Unique reference given by the initial service.</xs:documentation>
                    </xs:annotation>
                    <xs:simpleType>
                      <xs:restriction base="com:longstring">
                        <xs:minLength value="1"/>
                      </xs:restriction>
                    </xs:simpleType>
                  </xs:element>
                </xs:sequence>
              </xs:extension>
            </xs:complexContent>
          </xs:complexType>
        </xs:element>
        <xs:element name="patrimonyInformation">
          <xs:annotation>
            <xs:documentation>Patrimony information</xs:documentation>
          </xs:annotation>
          <xs:complexType>
            <xs:sequence>
              <xs:element name="typeDossier">
                <xs:annotation>
                  <xs:documentation>Dossier type</xs:documentation>
                </xs:annotation>
                <xs:simpleType>
                  <xs:restriction base="xs:string">
                    <xs:maxLength value="2"/>
                  </xs:restriction>
                </xs:simpleType>
              </xs:element>
              <xs:element name="patrimonyFrom" minOccurs="0" type="xs:date">
                <xs:annotation>
                  <xs:documentation>The date when the dossier information will be avialable in PATRIS or CADNET.</xs:documentation>
                </xs:annotation>
              </xs:element>
              <xs:element name="patrimonyRef" minOccurs="0">
                <xs:annotation>
                  <xs:documentation>PATRIS or CADNET reference</xs:documentation>
                </xs:annotation>
                <xs:simpleType>
                  <xs:restriction base="com:shortstring">
                    <xs:minLength value="1"/>
                  </xs:restriction>
                </xs:simpleType>
              </xs:element>
              <xs:element name="cadastralDivisionCode">
                <xs:annotation>
                  <xs:documentation>Cadastral division code</xs:documentation>
                </xs:annotation>
                <xs:simpleType>
                  <xs:restriction base="xs:string">
                    <xs:maxLength value="30"/>
                    <xs:minLength value="1"/>
                  </xs:restriction>
                </xs:simpleType>
              </xs:element>
              <xs:element name="articleNumber" type="com:articleNumberType" minOccurs="0">
                <xs:annotation>
                  <xs:documentation>Article number of dossier</xs:documentation>
                </xs:annotation>
              </xs:element>
            </xs:sequence>
          </xs:complexType>
        </xs:element>
        <xs:element name="report">
          <xs:annotation>
            <xs:documentation>Report information</xs:documentation>
          </xs:annotation>
          <xs:complexType>
            <xs:sequence>
              <xs:element name="type">
                <xs:annotation>
                  <xs:documentation>Report type: Solved or Proposal.</xs:documentation>
                </xs:annotation>
                <xs:simpleType>
                  <xs:restriction base="xs:string">
                    <xs:enumeration value="S"/>
                    <xs:enumeration value="P"/>
                  </xs:restriction>
                </xs:simpleType>
              </xs:element>
              <xs:element name="subtype" type="com:longstring" minOccurs="0"/>
              <xs:element name="kind">
                <xs:annotation>
                  <xs:documentation>Report kind: initial report, replacing information or supplementary information.</xs:documentation>
                </xs:annotation>
                <xs:simpleType>
                  <xs:restriction base="xs:string">
                    <xs:enumeration value="INITIAL"/>
                    <xs:enumeration value="REPLACING"/>
                    <xs:enumeration value="SUPPLEMENTARY_INFO"/>
                  </xs:restriction>
                </xs:simpleType>
              </xs:element>
              <xs:element name="cadastralIncome" type="com:cadastralIncome" minOccurs="0" maxOccurs="1">
                <xs:annotation>
                  <xs:documentation>Will only be present if the closed dossier concerns a Cadastral Income Objection.</xs:documentation>
                </xs:annotation>
              </xs:element>
              <xs:element name="date" type="xs:date">
                <xs:annotation>
                  <xs:documentation>Date when the report was created.</xs:documentation>
                </xs:annotation>
              </xs:element>
              <xs:element name="motivation" type="com:text">
                <xs:annotation>
                  <xs:documentation>Motivation text</xs:documentation>
                </xs:annotation>
              </xs:element>
              <xs:element name="newState" minOccurs="0" maxOccurs="99">
                <xs:annotation>
                  <xs:documentation>New state of the property</xs:documentation>
                </xs:annotation>
                <xs:complexType>
                  <xs:sequence>
                    <xs:element name="parcel" type="newStateParcel" minOccurs="1" maxOccurs="999"/>
                    <xs:element name="owner" type="owner" minOccurs="1" maxOccurs="999"/>
                  </xs:sequence>
                </xs:complexType>
              </xs:element>
            </xs:sequence>
          </xs:complexType>
        </xs:element>
        <xs:element name="linkedDossier" minOccurs="0" maxOccurs="99">
          <xs:annotation>
            <xs:documentation>Dossier number which is in someway linked to this dossier</xs:documentation>
          </xs:annotation>
          <xs:complexType>
            <xs:sequence>
              <xs:element name="referenceInitialService" type="com:longstring" minOccurs="0">
                <xs:annotation>
                  <xs:documentation>Reference of the initial service. Will be present if the linked dossier was imported.</xs:documentation>
                </xs:annotation>
              </xs:element>
              <xs:element name="technicalReferenceInitialService" type="com:longstring" minOccurs="0">
                <xs:annotation>
                  <xs:documentation>Technical reference of the initial service.  Will be present if the linked dossier was imported with a technical reference.</xs:documentation>
                </xs:annotation>
              </xs:element>
              <xs:element name="referenceFodFin" type="com:referenceFodFin">
                <xs:annotation>
                  <xs:documentation>Reference of Regondes2</xs:documentation>
                </xs:annotation>
              </xs:element>
            </xs:sequence>
          </xs:complexType>
        </xs:element>
        <xs:element name="attachment" minOccurs="0" maxOccurs="99" type="com:attachment">
          <xs:annotation>
            <xs:documentation>Attached files which contain information about the dossier.</xs:documentation>
          </xs:annotation>
        </xs:element>
      </xs:sequence>
    </xs:complexType>
  </xs:element>
  <xs:complexType name="newStateParcel">
    <xs:annotation>
      <xs:documentation>New state of the parcel</xs:documentation>
    </xs:annotation>
    <xs:complexContent>
      <xs:extension base="parcel">
        <xs:sequence>
          <xs:element name="cadastralInformation" minOccurs="0" maxOccurs="99">
            <xs:annotation>
              <xs:documentation>Cadastral Information.</xs:documentation>
            </xs:annotation>
            <xs:complexType>
              <xs:sequence>
                <xs:element name="codeCadastralIncome" type="com:codeCadastralIncome">
                  <xs:annotation>
                    <xs:documentation>Code of the cadastral income.</xs:documentation>
                  </xs:annotation>
                </xs:element>
                <xs:element name="cadastralIncome" type="xs:nonNegativeInteger">
                  <xs:annotation>
                    <xs:documentation>Cadastral income</xs:documentation>
                  </xs:annotation>
                </xs:element>
                <xs:element name="cadastralIncomePart" type="xs:nonNegativeInteger" minOccurs="0">
                  <xs:annotation>
                    <xs:documentation>Part of the cadastral income depending on unfruitful days. Only present if case of unfruitfulness. (dossier type LI)</xs:documentation>
                  </xs:annotation>
                </xs:element>
                <xs:element name="exemption" type="xs:nonNegativeInteger" minOccurs="0">
                  <xs:annotation>
                    <xs:documentation>Exemption. Only present if case of unfruitfulness. (dossier type LI)</xs:documentation>
                  </xs:annotation>
                </xs:element>
                <xs:element name="daysUnfruitful" type="xs:nonNegativeInteger" minOccurs="0">
                  <xs:annotation>
                    <xs:documentation>Days unfruitful. Only present if case of unfruitfulness. (dossier type LI)</xs:documentation>
                  </xs:annotation>
                </xs:element>
              </xs:sequence>
            </xs:complexType>
          </xs:element>
        </xs:sequence>
      </xs:extension>
    </xs:complexContent>
  </xs:complexType>
  <xs:complexType name="parcel">
    <xs:annotation>
      <xs:documentation>Parcel information</xs:documentation>
    </xs:annotation>
    <xs:sequence>
      <xs:element name="parcelNumber" type="parcelNumber" minOccurs="0"/>
      <xs:element name="situation" minOccurs="0">
        <xs:annotation>
          <xs:documentation>The location of the parcel.</xs:documentation>
        </xs:annotation>
        <xs:simpleType>
          <xs:restriction base="com:shortstring">
            <xs:minLength value="1"/>
          </xs:restriction>
        </xs:simpleType>
      </xs:element>
      <xs:element name="kind" type="com:shortstring" minOccurs="0">
        <xs:annotation>
          <xs:documentation>The kind of parcel.</xs:documentation>
        </xs:annotation>
      </xs:element>
      <xs:element name="details" type="com:shortstring" minOccurs="0">
        <xs:annotation>
          <xs:documentation>Extra information with details about the parcel.</xs:documentation>
        </xs:annotation>
      </xs:element>
      <xs:choice>
        <xs:sequence>
          <xs:element name="articleNumber" type="com:articleNumberType">
            <xs:annotation>
              <xs:documentation>Article number</xs:documentation>
            </xs:annotation>
          </xs:element>
          <xs:element name="sequenceNumber" type="com:shortstring">
            <xs:annotation>
              <xs:documentation>Sequence number</xs:documentation>
            </xs:annotation>
          </xs:element>
        </xs:sequence>
        <xs:element name="propertySituationNumber" type="com:shortstring">
          <xs:annotation>
            <xs:documentation>Property situation number</xs:documentation>
          </xs:annotation>
        </xs:element>
      </xs:choice>
    </xs:sequence>
  </xs:complexType>
  <xs:complexType name="parcelNumber">
    <xs:annotation>
      <xs:documentation>Parcel number</xs:documentation>
    </xs:annotation>
    <xs:sequence>
      <xs:element name="section" minOccurs="0">
        <xs:annotation>
          <xs:documentation>Section</xs:documentation>
        </xs:annotation>
        <xs:simpleType>
          <xs:restriction base="com:shortstring">
            <xs:minLength value="1"/>
          </xs:restriction>
        </xs:simpleType>
      </xs:element>
      <xs:element name="groundNumber" minOccurs="0">
        <xs:annotation>
          <xs:documentation>Ground number.</xs:documentation>
        </xs:annotation>
        <xs:simpleType>
          <xs:restriction base="com:shortstring">
            <xs:minLength value="1"/>
          </xs:restriction>
        </xs:simpleType>
      </xs:element>
      <xs:element name="bisNumber" minOccurs="0">
        <xs:annotation>
          <xs:documentation>Bis number</xs:documentation>
        </xs:annotation>
        <xs:simpleType>
          <xs:restriction base="com:shortstring">
            <xs:minLength value="1"/>
          </xs:restriction>
        </xs:simpleType>
      </xs:element>
      <xs:element name="exponent" minOccurs="0">
        <xs:annotation>
          <xs:documentation>Exponent</xs:documentation>
        </xs:annotation>
        <xs:simpleType>
          <xs:restriction base="com:shortstring">
            <xs:minLength value="1"/>
          </xs:restriction>
        </xs:simpleType>
      </xs:element>
      <xs:element name="power" minOccurs="0">
        <xs:annotation>
          <xs:documentation>Power</xs:documentation>
        </xs:annotation>
        <xs:simpleType>
          <xs:restriction base="com:shortstring">
            <xs:minLength value="1"/>
          </xs:restriction>
        </xs:simpleType>
      </xs:element>
      <xs:element name="part" minOccurs="0">
        <xs:annotation>
          <xs:documentation>Part</xs:documentation>
        </xs:annotation>
        <xs:simpleType>
          <xs:restriction base="com:shortstring">
            <xs:minLength value="1"/>
          </xs:restriction>
        </xs:simpleType>
      </xs:element>
    </xs:sequence>
  </xs:complexType>
  <xs:complexType name="owner">
    <xs:annotation>
      <xs:documentation>Owner of the parcel.</xs:documentation>
    </xs:annotation>
    <xs:sequence>
      <xs:choice>
        <xs:element name="person" type="person"></xs:element>
        <xs:element name="company" type="company"/>
      </xs:choice>
      <xs:element name="rights" type="com:shortstring" minOccurs="0">
        <xs:annotation>
          <xs:documentation>Rights of the owner.</xs:documentation>
        </xs:annotation>
      </xs:element>
      <xs:element name="ownerType" minOccurs="0">
        <xs:annotation>
          <xs:documentation>Type of owner. Can be: IN_COMMUNITY, NATURAL_PERSON, LEGAL_PERSON or OTHER</xs:documentation>
        </xs:annotation>
        <xs:simpleType>
          <xs:restriction base="xs:string">
            <xs:enumeration value="IN_COMMUNITY"/>
            <xs:enumeration value="NATURAL_PERSON"/>
            <xs:enumeration value="LEGAL_PERSON"/>
            <xs:enumeration value="OTHER"/>
          </xs:restriction>
        </xs:simpleType>
      </xs:element>
    </xs:sequence>
  </xs:complexType>
  <xs:complexType name="person">
    <xs:annotation>
      <xs:documentation>Person data.</xs:documentation>
    </xs:annotation>
    <xs:sequence>
      <xs:choice minOccurs="0">
        <xs:element name="socialSecurityNumber" type="com:personIdNumber">
          <xs:annotation>
            <xs:documentation>Social security number.</xs:documentation>
          </xs:annotation>
        </xs:element>
        <xs:element name="persIDF" type="com:personIdNumber">
          <xs:annotation>
            <xs:documentation>persIDF</xs:documentation>
          </xs:annotation>
        </xs:element>
        <xs:element name="bisNumber" type="com:personIdNumber">
          <xs:annotation>
            <xs:documentation>BIS-number</xs:documentation>
          </xs:annotation>
        </xs:element>
      </xs:choice>
      <xs:element name="firstname" type="com:longstring" minOccurs="0">
        <xs:annotation>
          <xs:documentation>First name</xs:documentation>
        </xs:annotation>
      </xs:element>
      <xs:element name="lastname" type="com:longstring" minOccurs="0">
        <xs:annotation>
          <xs:documentation>Last name</xs:documentation>
        </xs:annotation>
      </xs:element>
    </xs:sequence>
  </xs:complexType>
  <xs:complexType name="company">
    <xs:sequence>
      <xs:element name="cbeNumber" type="com:cbeNumber" minOccurs="0">
        <xs:annotation>
          <xs:documentation>CBE number</xs:documentation>
        </xs:annotation>
      </xs:element>
      <xs:element name="name" type="com:longstring" minOccurs="0">
        <xs:annotation>
          <xs:documentation>Company name</xs:documentation>
        </xs:annotation>
      </xs:element>
    </xs:sequence>
  </xs:complexType>
</xs:schema>]]></con:content><con:type>http://www.w3.org/2001/XMLSchema</con:type></con:part><con:part><con:url>file:/home/isr/git/parent/exportfromregondesservice/ExportFromRegondesServiceGateway/src/main/resources/wsdl/exportFromRegondesService/1.0.0/regondes/Regondes2ExportPostponedDossiers.xsd</con:url><con:content><![CDATA[<!--Regondes2ExportPostponedDossiers.xsd version 1.0-->
<xs:schema targetNamespace="http://www.minfin.fgov.be/regondes2/extern/taxservice/exports/postponedDossiers" elementFormDefault="qualified" attributeFormDefault="unqualified" xmlns="http://www.minfin.fgov.be/regondes2/extern/taxservice/exports/postponedDossiers" xmlns:xs="http://www.w3.org/2001/XMLSchema" xmlns:com="http://www.minfin.fgov.be/regondes2/extern/taxservice/common">
  <xs:import namespace="http://www.minfin.fgov.be/regondes2/extern/taxservice/common" schemaLocation="Regondes2Common.xsd"/>
  <xs:element name="postponedDossier">
    <xs:complexType>
      <xs:sequence>
        <xs:element name="referenceFodFin" type="com:longstring">
          <xs:annotation>
            <xs:documentation>Reference given by Regondes2 to uniquely identify the dossier.</xs:documentation>
          </xs:annotation>
        </xs:element>
        <xs:element name="initialService" type="com:basicInitialService"/>
        <xs:element name="postponement">
          <xs:complexType>
            <xs:sequence>
              <xs:element name="datePostponement" type="xs:date">
                <xs:annotation>
                  <xs:documentation>Date when the dossier was postponed</xs:documentation>
                </xs:annotation>
              </xs:element>
              <xs:element name="reasonPostponed" type="com:longstring">
                <xs:annotation>
                  <xs:documentation>Reason of postponement.</xs:documentation>
                </xs:annotation>
              </xs:element>
              <xs:element name="newTargetDate" type="xs:date">
                <xs:annotation>
                  <xs:documentation>New target date</xs:documentation>
                </xs:annotation>
              </xs:element>
            </xs:sequence>
          </xs:complexType>
        </xs:element>
      </xs:sequence>
    </xs:complexType>
  </xs:element>
</xs:schema>]]></con:content><con:type>http://www.w3.org/2001/XMLSchema</con:type></con:part><con:part><con:url>file:/home/isr/git/parent/exportfromregondesservice/ExportFromRegondesServiceGateway/src/main/resources/wsdl/exportFromRegondesService/1.0.0/regondes/Regondes2ExportServiceChanged.xsd</con:url><con:content><![CDATA[<!--Regondes2ExportServiceChanged.xsd version 1.0-->
<xs:schema targetNamespace="http://www.minfin.fgov.be/regondes2/extern/taxservice/exports/serviceChanged" elementFormDefault="qualified" attributeFormDefault="unqualified" xmlns="http://www.minfin.fgov.be/regondes2/extern/taxservice/exports/serviceChanged" xmlns:xs="http://www.w3.org/2001/XMLSchema" xmlns:com="http://www.minfin.fgov.be/regondes2/extern/taxservice/common">
  <xs:import namespace="http://www.minfin.fgov.be/regondes2/extern/taxservice/common" schemaLocation="Regondes2Common.xsd"/>
  <xs:element name="serviceChange">
    <xs:complexType>
      <xs:sequence>
        <xs:element name="referenceFodFin" type="com:longstring">
          <xs:annotation>
            <xs:documentation>Reference given by Regondes2 to uniquely identify the dossier.</xs:documentation>
          </xs:annotation>
        </xs:element>
        <xs:element name="initialService" type="com:basicInitialService"/>
        <xs:element name="transfer" minOccurs="1" maxOccurs="99">
          <xs:annotation>
            <xs:documentation>Information about the transfer of a dossier.</xs:documentation>
          </xs:annotation>
          <xs:complexType>
            <xs:sequence>
              <xs:element name="serviceName" type="com:shortstring">
                <xs:annotation>
                  <xs:documentation>Name of the service which handled the dossier.</xs:documentation>
                </xs:annotation>
              </xs:element>
              <xs:element name="dateIn" type="xs:date">
                <xs:annotation>
                  <xs:documentation>Date in</xs:documentation>
                </xs:annotation>
              </xs:element>
              <xs:element name="dateOut" type="xs:date" minOccurs="0">
                <xs:annotation>
                  <xs:documentation>Date out</xs:documentation>
                </xs:annotation>
              </xs:element>
              <xs:element name="official">
                <xs:annotation>
                  <xs:documentation>Official to which the dossier has been assigned to.</xs:documentation>
                </xs:annotation>
                <xs:complexType>
                  <xs:sequence>
                    <xs:element name="firstName" type="com:longstring">
                      <xs:annotation>
                        <xs:documentation>First name</xs:documentation>
                      </xs:annotation>
                    </xs:element>
                    <xs:element name="lastName" type="com:longstring">
                      <xs:annotation>
                        <xs:documentation>Last name</xs:documentation>
                      </xs:annotation>
                    </xs:element>
                    <xs:element name="phoneNumber" type="com:shortstring">
                      <xs:annotation>
                        <xs:documentation>Phone number</xs:documentation>
                      </xs:annotation>
                    </xs:element>
                    <xs:element name="email" type="com:emailAddress">
                      <xs:annotation>
                        <xs:documentation>E-mail address</xs:documentation>
                      </xs:annotation>
                    </xs:element>
                  </xs:sequence>
                </xs:complexType>
              </xs:element>
            </xs:sequence>
          </xs:complexType>
        </xs:element>
      </xs:sequence>
    </xs:complexType>
  </xs:element>
</xs:schema>]]></con:content><con:type>http://www.w3.org/2001/XMLSchema</con:type></con:part></con:definitionCache><con:endpoints><con:endpoint>http://fidus.brussels/services/exportfromregondesservice/v1</con:endpoint></con:endpoints><con:operation id="e3e61421-edc5-4fd6-b01b-7d127607ec27" isOneWay="false" action="http://fidus.brussels/services/exportfromregondesservice/closedDossier" name="closedDossier" bindingOperationName="closedDossier" type="Request-Response" inputName="" receivesAttachments="false" sendsAttachments="false" anonymous="optional"><con:settings/><con:call id="6ef336dc-c91c-457f-865d-ea76a66207b9" name="1 - Local - Request - Error" incomingWss="Inflow DEV" outgoingWss="Outflow DEV"><con:settings><con:setting id="com.eviware.soapui.impl.wsdl.WsdlRequest@request-headers">&lt;xml-fragment/></con:setting></con:settings><con:encoding>UTF-8</con:encoding><con:endpoint>https://localhost:8243/services/ExportFromRegondesService_v1.0</con:endpoint><con:request><![CDATA[<soapenv:Envelope xmlns:soapenv="http://schemas.xmlsoap.org/soap/envelope/" xmlns:v1="http://fidus.brussels/service/exportfromregondesservice/messages/v1" xmlns:v11="http://fidus.brussels/type/common/messages/v1" xmlns:clos="http://www.minfin.fgov.be/regondes2/extern/taxservice/exports/closedDossiers" xmlns:com="http://www.minfin.fgov.be/regondes2/extern/taxservice/common">
   <soapenv:Header/>
   <soapenv:Body>
      <v1:closedDossierRequest>
         <v1:messageContext>
            <v11:messageId>${=import static java.util.UUID.randomUUID; uuid = randomUUID() as String}</v11:messageId>
            <v11:timestamp>${=new java.text.SimpleDateFormat("yyyy-MM-dd'T'HH:mm:ss.SSS").format(new Date())}</v11:timestamp>
         </v1:messageContext>
         <v1:legalContext>ServiceIntegrator</v1:legalContext>
         <v1:request>
            <clos:closedDossier>
            	<!-- <clos:referenceFodFin>11223347</clos:referenceFodFin> --> <!-- Technical reference not found -->
               <!-- <clos:referenceFodFin>11223346</clos:referenceFodFin> --> <!-- Reference not found -->  
               <clos:referenceFodFin>11223346</clos:referenceFodFin> <!-- Requested dossier is already close -->
               <clos:fiscalYear>2017</clos:fiscalYear>
               <clos:initialService>
                  <com:technicalReference>technicalReference</com:technicalReference>
                  <com:type>AAF</com:type>
                  <clos:reference>reference</clos:reference>
               </clos:initialService>
               <clos:patrimonyInformation>
                  <clos:typeDossier>AA</clos:typeDossier>
                  <clos:patrimonyFrom>${=new java.text.SimpleDateFormat("yyyy-MM-dd").format(new Date())}</clos:patrimonyFrom>
                  <clos:patrimonyRef>1</clos:patrimonyRef>
                  <clos:cadastralDivisionCode>YYY</clos:cadastralDivisionCode>
                  <clos:articleNumber>51</clos:articleNumber>
               </clos:patrimonyInformation>
               <clos:report>
                  <clos:type>S</clos:type>
                  <clos:subtype>subtype</clos:subtype>
                  <clos:kind>INITIAL</clos:kind>
                  <clos:cadastralIncome>
                     <com:codeCadastralIncome>a</com:codeCadastralIncome>
                     <com:definitiveCadastralIncome>12</com:definitiveCadastralIncome>
                     <com:dateDefinitive>${=new java.text.SimpleDateFormat("yyyy-MM-dd").format(new Date())}</com:dateDefinitive>
                     <com:reasonDefinitive>my reason</com:reasonDefinitive>
                  </clos:cadastralIncome>
                  <clos:date>${=new java.text.SimpleDateFormat("yyyy-MM-dd").format(new Date())}</clos:date>
                  <clos:motivation>No motivation</clos:motivation>
                  <!--0 to 99 repetitions:-->
                  <clos:newState>
                     <!--1 to 999 repetitions:-->
                     <clos:parcel>
                        <clos:parcelNumber>
                           <clos:section>55254</clos:section>
                           <clos:groundNumber>9555</clos:groundNumber>
                           <clos:bisNumber>2525</clos:bisNumber>
                           <clos:exponent>1414</clos:exponent>
                           <clos:power>me</clos:power>
                           <clos:part>4</clos:part>
                        </clos:parcelNumber>
                        <clos:situation>invalid</clos:situation>
                        <clos:kind>no</clos:kind>
                        <clos:details>test</clos:details>
                        <!--You have a CHOICE of the next 2 items at this level-->
                        <clos:articleNumber>1141</clos:articleNumber>
                        <clos:sequenceNumber>3215</clos:sequenceNumber>
                        <!--0 to 99 repetitions:-->
                        <clos:cadastralInformation>
                           <clos:codeCadastralIncome>12</clos:codeCadastralIncome>
                           <clos:cadastralIncome>12</clos:cadastralIncome>
                           <clos:cadastralIncomePart>42</clos:cadastralIncomePart>
                           <clos:exemption>52</clos:exemption>
                           <clos:daysUnfruitful>5</clos:daysUnfruitful>
                        </clos:cadastralInformation>
                     </clos:parcel>
                     <!--1 to 999 repetitions:-->
                     <clos:owner>
                        <!--You have a CHOICE of the next 2 items at this level-->
                        <clos:person>
                           <!--You have a CHOICE of the next 3 items at this level-->
                           <clos:socialSecurityNumber>125</clos:socialSecurityNumber>
                           <clos:lastname>baptiste</clos:lastname>
                        </clos:person>
                        <clos:rights>Admin</clos:rights>
                        <clos:ownerType>LEGAL_PERSON</clos:ownerType>
                     </clos:owner>
                  </clos:newState>
               </clos:report>
               <!--0 to 99 repetitions:-->
               <clos:linkedDossier>
                  <clos:referenceInitialService>referenceInitialService</clos:referenceInitialService>
                  <clos:referenceFodFin>15</clos:referenceFodFin>
               </clos:linkedDossier>
               <!--0 to 99 repetitions:-->
               <clos:attachment>
                  <com:fileName>cirb</com:fileName>
                  <com:data>    1234   </com:data>
               </clos:attachment>
            </clos:closedDossier>
         </v1:request>
      </v1:closedDossierRequest>
   </soapenv:Body>
</soapenv:Envelope>]]></con:request><con:credentials><con:selectedAuthProfile>Basic</con:selectedAuthProfile><con:addedBasicAuthenticationTypes>Basic</con:addedBasicAuthenticationTypes><con:authType>Global HTTP Settings</con:authType></con:credentials><con:jmsConfig JMSDeliveryMode="PERSISTENT"/><con:jmsPropertyConfig/><con:wsaConfig mustUnderstand="NONE" version="200508" action="http://fidus.brussels/services/exportfromregondesservice/closedDossier"/><con:wsrmConfig version="1.2"/></con:call><con:call id="30fa1120-7de9-47cd-a7cc-28b189725e14" name="1 - Local - Request - Success" incomingWss="Inflow DEV" outgoingWss="Outflow DEV"><con:settings><con:setting id="com.eviware.soapui.impl.wsdl.WsdlRequest@request-headers">&lt;xml-fragment/></con:setting></con:settings><con:encoding>UTF-8</con:encoding><con:endpoint>https://localhost:8243/services/ExportFromRegondesService_v1.0</con:endpoint><con:request><![CDATA[<soapenv:Envelope xmlns:soapenv="http://schemas.xmlsoap.org/soap/envelope/" xmlns:v1="http://fidus.brussels/service/exportfromregondesservice/messages/v1" xmlns:v11="http://fidus.brussels/type/common/messages/v1" xmlns:clos="http://www.minfin.fgov.be/regondes2/extern/taxservice/exports/closedDossiers" xmlns:com="http://www.minfin.fgov.be/regondes2/extern/taxservice/common">
   <soapenv:Header/>
   <soapenv:Body>
      <v1:closedDossierRequest>
         <v1:messageContext>
            <v11:messageId>${=import static java.util.UUID.randomUUID; uuid = randomUUID() as String}</v11:messageId>
            <v11:timestamp>${=new java.text.SimpleDateFormat("yyyy-MM-dd'T'HH:mm:ss.SSS").format(new Date())}</v11:timestamp>
         </v1:messageContext>
         <v1:legalContext>ServiceIntegrator</v1:legalContext>
         <v1:request>
            <clos:closedDossier> 
               <clos:referenceFodFin>11223346</clos:referenceFodFin>
               <clos:fiscalYear>2017</clos:fiscalYear>
               <clos:initialService>
                  <com:technicalReference>technicalReference</com:technicalReference>
                  <com:type>VLABEL</com:type>
                  <clos:reference>reference</clos:reference>
               </clos:initialService>
               <clos:patrimonyInformation>
                  <clos:typeDossier>AA</clos:typeDossier>
                  <clos:patrimonyFrom>${=new java.text.SimpleDateFormat("yyyy-MM-dd").format(new Date())}</clos:patrimonyFrom>
                  <clos:patrimonyRef>1</clos:patrimonyRef>
                  <clos:cadastralDivisionCode>YYY</clos:cadastralDivisionCode>
                  <clos:articleNumber>51</clos:articleNumber>
               </clos:patrimonyInformation>
               <clos:report>
                  <clos:type>P</clos:type>
                  <clos:subtype>subtype</clos:subtype>
                  <clos:kind>INITIAL</clos:kind>
                  <clos:cadastralIncome>
                     <com:codeCadastralIncome>a</com:codeCadastralIncome>
                     <com:definitiveCadastralIncome>12</com:definitiveCadastralIncome>
                     <com:dateDefinitive>${=new java.text.SimpleDateFormat("yyyy-MM-dd").format(new Date())}</com:dateDefinitive>
                     <com:reasonDefinitive>my reason</com:reasonDefinitive>
                  </clos:cadastralIncome>
                  <clos:date>${=new java.text.SimpleDateFormat("yyyy-MM-dd").format(new Date())}</clos:date>
                  <clos:motivation>No motivation</clos:motivation>
                  <!--0 to 99 repetitions:-->
                  <clos:newState>
                     <!--1 to 999 repetitions:-->
                     <clos:parcel>
                        <clos:parcelNumber>
                           <clos:section>55254</clos:section>
                           <clos:groundNumber>9555</clos:groundNumber>
                           <clos:bisNumber>2525</clos:bisNumber>
                           <clos:exponent>1414</clos:exponent>
                           <clos:power>me</clos:power>
                           <clos:part>4</clos:part>
                        </clos:parcelNumber>
                        <clos:situation>invalid</clos:situation>
                        <clos:kind>no</clos:kind>
                        <clos:details>test</clos:details>
                        <!--You have a CHOICE of the next 2 items at this level-->
                        <clos:articleNumber>1141</clos:articleNumber>
                        <clos:sequenceNumber>3215</clos:sequenceNumber>
                        <!--0 to 99 repetitions:-->
                        <clos:cadastralInformation>
                           <clos:codeCadastralIncome>12</clos:codeCadastralIncome>
                           <clos:cadastralIncome>12</clos:cadastralIncome>
                           <clos:cadastralIncomePart>42</clos:cadastralIncomePart>
                           <clos:exemption>52</clos:exemption>
                           <clos:daysUnfruitful>5</clos:daysUnfruitful>
                        </clos:cadastralInformation>
                     </clos:parcel>
                     <!--1 to 999 repetitions:-->
                     <clos:owner>
                        <!--You have a CHOICE of the next 2 items at this level-->
                        <clos:person>
                           <!--You have a CHOICE of the next 3 items at this level-->
                           <clos:socialSecurityNumber>125</clos:socialSecurityNumber>
                           <clos:lastname>baptiste</clos:lastname>
                        </clos:person>
                        <clos:rights>Admin</clos:rights>
                        <clos:ownerType>LEGAL_PERSON</clos:ownerType>
                     </clos:owner>
                  </clos:newState>
               </clos:report>
               <!--0 to 99 repetitions:-->
               <clos:linkedDossier>
                  <clos:referenceInitialService>referenceInitialService</clos:referenceInitialService>
                  <clos:referenceFodFin>15</clos:referenceFodFin>
               </clos:linkedDossier>
               <!--0 to 99 repetitions:-->
               <clos:attachment>
                  <com:fileName>cirb</com:fileName>
                  <com:data>    1234   </com:data>
               </clos:attachment>
            </clos:closedDossier>
         </v1:request>
      </v1:closedDossierRequest>
   </soapenv:Body>
</soapenv:Envelope>]]></con:request><con:credentials><con:selectedAuthProfile>Basic</con:selectedAuthProfile><con:addedBasicAuthenticationTypes>Basic</con:addedBasicAuthenticationTypes><con:authType>Global HTTP Settings</con:authType></con:credentials><con:jmsConfig JMSDeliveryMode="PERSISTENT"/><con:jmsPropertyConfig/><con:wsaConfig mustUnderstand="NONE" version="200508" action="http://fidus.brussels/services/exportfromregondesservice/closedDossier"/><con:wsrmConfig version="1.2"/></con:call><con:call id="dc60e283-719d-4d9a-9a81-9a8732b9cc62" name="2 - Dev - Request - Success" outgoingWss="Outflow DEV" incomingWss="Inflow DEV"><con:settings><con:setting id="com.eviware.soapui.impl.wsdl.WsdlRequest@request-headers">&lt;xml-fragment/></con:setting></con:settings><con:encoding>UTF-8</con:encoding><con:endpoint>https://192.168.36.61:8243/services/ExportFromRegondesService_v1.0</con:endpoint><con:request><![CDATA[<soapenv:Envelope xmlns:soapenv="http://schemas.xmlsoap.org/soap/envelope/" xmlns:v1="http://fidus.brussels/service/exportfromregondesservice/messages/v1" xmlns:v11="http://fidus.brussels/type/common/messages/v1" xmlns:clos="http://www.minfin.fgov.be/regondes2/extern/taxservice/exports/closedDossiers" xmlns:com="http://www.minfin.fgov.be/regondes2/extern/taxservice/common">
   <soapenv:Header/>
   <soapenv:Body>
      <v1:closedDossierRequest>
         <v1:messageContext>
            <v11:messageId>${=import static java.util.UUID.randomUUID; uuid = randomUUID() as String}</v11:messageId>
            <v11:timestamp>${=new java.text.SimpleDateFormat("yyyy-MM-dd'T'HH:mm:ss.SSS").format(new Date())}</v11:timestamp>
         </v1:messageContext>
         <v1:legalContext>ServiceIntegrator</v1:legalContext>
         <v1:request>
            <clos:closedDossier> 
               <clos:referenceFodFin>11223344</clos:referenceFodFin>
               <clos:fiscalYear>2017</clos:fiscalYear>
               <clos:initialService>
                  <com:technicalReference>technicalReference</com:technicalReference>
                  <com:type>AAF</com:type>
                  <clos:reference>reference</clos:reference>
               </clos:initialService>
               <clos:patrimonyInformation>
                  <clos:typeDossier>AA</clos:typeDossier>
                  <clos:patrimonyFrom>${=new java.text.SimpleDateFormat("yyyy-MM-dd").format(new Date())}</clos:patrimonyFrom>
                  <clos:patrimonyRef>1</clos:patrimonyRef>
                  <clos:cadastralDivisionCode>YYY</clos:cadastralDivisionCode>
                  <clos:articleNumber>51</clos:articleNumber>
               </clos:patrimonyInformation>
               <clos:report>
                  <clos:type>S</clos:type>
                  <clos:subtype>subtype</clos:subtype>
                  <clos:kind>INITIAL</clos:kind>
                  <clos:cadastralIncome>
                     <com:codeCadastralIncome>a</com:codeCadastralIncome>
                     <com:definitiveCadastralIncome>12</com:definitiveCadastralIncome>
                     <com:dateDefinitive>${=new java.text.SimpleDateFormat("yyyy-MM-dd").format(new Date())}</com:dateDefinitive>
                     <com:reasonDefinitive>my reason</com:reasonDefinitive>
                  </clos:cadastralIncome>
                  <clos:date>${=new java.text.SimpleDateFormat("yyyy-MM-dd").format(new Date())}</clos:date>
                  <clos:motivation>No motivation</clos:motivation>
                  <!--0 to 99 repetitions:-->
                  <clos:newState>
                     <!--1 to 999 repetitions:-->
                     <clos:parcel>
                        <clos:parcelNumber>
                           <clos:section>55254</clos:section>
                           <clos:groundNumber>9555</clos:groundNumber>
                           <clos:bisNumber>2525</clos:bisNumber>
                           <clos:exponent>1414</clos:exponent>
                           <clos:power>me</clos:power>
                           <clos:part>4</clos:part>
                        </clos:parcelNumber>
                        <clos:situation>invalid</clos:situation>
                        <clos:kind>no</clos:kind>
                        <clos:details>test</clos:details>
                        <!--You have a CHOICE of the next 2 items at this level-->
                        <clos:articleNumber>1141</clos:articleNumber>
                        <clos:sequenceNumber>3215</clos:sequenceNumber>
                        <!--0 to 99 repetitions:-->
                        <clos:cadastralInformation>
                           <clos:codeCadastralIncome>12</clos:codeCadastralIncome>
                           <clos:cadastralIncome>12</clos:cadastralIncome>
                           <clos:cadastralIncomePart>42</clos:cadastralIncomePart>
                           <clos:exemption>52</clos:exemption>
                           <clos:daysUnfruitful>5</clos:daysUnfruitful>
                        </clos:cadastralInformation>
                     </clos:parcel>
                     <!--1 to 999 repetitions:-->
                     <clos:owner>
                        <!--You have a CHOICE of the next 2 items at this level-->
                        <clos:person>
                           <!--You have a CHOICE of the next 3 items at this level-->
                           <clos:socialSecurityNumber>125</clos:socialSecurityNumber>
                           <clos:lastname>baptiste</clos:lastname>
                        </clos:person>
                        <clos:rights>Admin</clos:rights>
                        <clos:ownerType>LEGAL_PERSON</clos:ownerType>
                     </clos:owner>
                  </clos:newState>
               </clos:report>
               <!--0 to 99 repetitions:-->
               <clos:linkedDossier>
                  <clos:referenceInitialService>referenceInitialService</clos:referenceInitialService>
                  <clos:referenceFodFin>15</clos:referenceFodFin>
               </clos:linkedDossier>
               <!--0 to 99 repetitions:-->
               <clos:attachment>
                  <com:fileName>cirb</com:fileName>
                  <com:data>    1234   </com:data>
               </clos:attachment>
            </clos:closedDossier>
         </v1:request>
      </v1:closedDossierRequest>
   </soapenv:Body>
</soapenv:Envelope>]]></con:request><con:credentials><con:selectedAuthProfile>Basic</con:selectedAuthProfile><con:addedBasicAuthenticationTypes>Basic</con:addedBasicAuthenticationTypes><con:authType>Global HTTP Settings</con:authType></con:credentials><con:jmsConfig JMSDeliveryMode="PERSISTENT"/><con:jmsPropertyConfig/><con:wsaConfig mustUnderstand="NONE" version="200508" action="http://fidus.brussels/services/exportfromregondesservice/closedDossier"/><con:wsrmConfig version="1.2"/></con:call><con:call id="91913852-6173-400c-a071-565eba830524" name="2 - Dev - Request - Error" outgoingWss="Outflow DEV" incomingWss="Inflow DEV"><con:settings><con:setting id="com.eviware.soapui.impl.wsdl.WsdlRequest@request-headers">&lt;xml-fragment/></con:setting></con:settings><con:encoding>UTF-8</con:encoding><con:endpoint>https://192.168.36.61:8243/services/ExportFromRegondesService_v1.0</con:endpoint><con:request><![CDATA[<soapenv:Envelope xmlns:soapenv="http://schemas.xmlsoap.org/soap/envelope/" xmlns:v1="http://fidus.brussels/service/exportfromregondesservice/messages/v1" xmlns:v11="http://fidus.brussels/type/common/messages/v1" xmlns:clos="http://www.minfin.fgov.be/regondes2/extern/taxservice/exports/closedDossiers" xmlns:com="http://www.minfin.fgov.be/regondes2/extern/taxservice/common">
   <soapenv:Header/>
   <soapenv:Body>
      <v1:closedDossierRequest>
         <v1:messageContext>
            <v11:messageId>${=import static java.util.UUID.randomUUID; uuid = randomUUID() as String}</v11:messageId>
            <v11:timestamp>${=new java.text.SimpleDateFormat("yyyy-MM-dd'T'HH:mm:ss.SSS").format(new Date())}</v11:timestamp>
         </v1:messageContext>
         <v1:legalContext>ServiceIntegrator</v1:legalContext>
         <v1:request>
            <clos:closedDossier>
            	<!-- <clos:referenceFodFin>11223347</clos:referenceFodFin> --> <!-- Technical reference not found -->
               <!-- <clos:referenceFodFin>11223346</clos:referenceFodFin> --> <!-- Reference not found -->  
               <clos:referenceFodFin>11223345</clos:referenceFodFin> <!-- Requested dossier is already close -->
               <clos:fiscalYear>2017</clos:fiscalYear>
               <clos:initialService>
                  <com:technicalReference>technicalReference</com:technicalReference>
                  <com:type>AAF</com:type>
                  <clos:reference>reference</clos:reference>
               </clos:initialService>
               <clos:patrimonyInformation>
                  <clos:typeDossier>AA</clos:typeDossier>
                  <clos:patrimonyFrom>${=new java.text.SimpleDateFormat("yyyy-MM-dd").format(new Date())}</clos:patrimonyFrom>
                  <clos:patrimonyRef>1</clos:patrimonyRef>
                  <clos:cadastralDivisionCode>YYY</clos:cadastralDivisionCode>
                  <clos:articleNumber>51</clos:articleNumber>
               </clos:patrimonyInformation>
               <clos:report>
                  <clos:type>S</clos:type>
                  <clos:subtype>subtype</clos:subtype>
                  <clos:kind>INITIAL</clos:kind>
                  <clos:cadastralIncome>
                     <com:codeCadastralIncome>a</com:codeCadastralIncome>
                     <com:definitiveCadastralIncome>12</com:definitiveCadastralIncome>
                     <com:dateDefinitive>${=new java.text.SimpleDateFormat("yyyy-MM-dd").format(new Date())}</com:dateDefinitive>
                     <com:reasonDefinitive>my reason</com:reasonDefinitive>
                  </clos:cadastralIncome>
                  <clos:date>${=new java.text.SimpleDateFormat("yyyy-MM-dd").format(new Date())}</clos:date>
                  <clos:motivation>No motivation</clos:motivation>
                  <!--0 to 99 repetitions:-->
                  <clos:newState>
                     <!--1 to 999 repetitions:-->
                     <clos:parcel>
                        <clos:parcelNumber>
                           <clos:section>55254</clos:section>
                           <clos:groundNumber>9555</clos:groundNumber>
                           <clos:bisNumber>2525</clos:bisNumber>
                           <clos:exponent>1414</clos:exponent>
                           <clos:power>me</clos:power>
                           <clos:part>4</clos:part>
                        </clos:parcelNumber>
                        <clos:situation>invalid</clos:situation>
                        <clos:kind>no</clos:kind>
                        <clos:details>test</clos:details>
                        <!--You have a CHOICE of the next 2 items at this level-->
                        <clos:articleNumber>1141</clos:articleNumber>
                        <clos:sequenceNumber>3215</clos:sequenceNumber>
                        <!--0 to 99 repetitions:-->
                        <clos:cadastralInformation>
                           <clos:codeCadastralIncome>12</clos:codeCadastralIncome>
                           <clos:cadastralIncome>12</clos:cadastralIncome>
                           <clos:cadastralIncomePart>42</clos:cadastralIncomePart>
                           <clos:exemption>52</clos:exemption>
                           <clos:daysUnfruitful>5</clos:daysUnfruitful>
                        </clos:cadastralInformation>
                     </clos:parcel>
                     <!--1 to 999 repetitions:-->
                     <clos:owner>
                        <!--You have a CHOICE of the next 2 items at this level-->
                        <clos:person>
                           <!--You have a CHOICE of the next 3 items at this level-->
                           <clos:socialSecurityNumber>125</clos:socialSecurityNumber>
                           <clos:lastname>baptiste</clos:lastname>
                        </clos:person>
                        <clos:rights>Admin</clos:rights>
                        <clos:ownerType>LEGAL_PERSON</clos:ownerType>
                     </clos:owner>
                  </clos:newState>
               </clos:report>
               <!--0 to 99 repetitions:-->
               <clos:linkedDossier>
                  <clos:referenceInitialService>referenceInitialService</clos:referenceInitialService>
                  <clos:referenceFodFin>15</clos:referenceFodFin>
               </clos:linkedDossier>
               <!--0 to 99 repetitions:-->
               <clos:attachment>
                  <com:fileName>cirb</com:fileName>
                  <com:data>    1234   </com:data>
               </clos:attachment>
            </clos:closedDossier>
         </v1:request>
      </v1:closedDossierRequest>
   </soapenv:Body>
</soapenv:Envelope>]]></con:request><con:credentials><con:selectedAuthProfile>Basic</con:selectedAuthProfile><con:addedBasicAuthenticationTypes>Basic</con:addedBasicAuthenticationTypes><con:authType>Global HTTP Settings</con:authType></con:credentials><con:jmsConfig JMSDeliveryMode="PERSISTENT"/><con:jmsPropertyConfig/><con:wsaConfig mustUnderstand="NONE" version="200508" action="http://fidus.brussels/services/exportfromregondesservice/closedDossier"/><con:wsrmConfig version="1.2"/></con:call><con:call id="7b8f34a3-98a9-4550-bb5f-4933b7af72c4" name="3 - Test - LB - Request" outgoingWss="Outflow TEST" incomingWss="Inflow TEST"><con:settings><con:setting id="com.eviware.soapui.impl.wsdl.WsdlRequest@request-headers">&lt;xml-fragment/></con:setting></con:settings><con:encoding>UTF-8</con:encoding><con:endpoint>https://esb-security-gw.sta.srv.cirb.lan:8443/services/ExportFromRegondesService_v1.0</con:endpoint><con:request><![CDATA[<soapenv:Envelope xmlns:soapenv="http://schemas.xmlsoap.org/soap/envelope/" xmlns:v1="http://fidus.brussels/service/exportfromregondesservice/messages/v1" xmlns:v11="http://fidus.brussels/type/common/messages/v1" xmlns:clos="http://www.minfin.fgov.be/regondes2/extern/taxservice/exports/closedDossiers" xmlns:com="http://www.minfin.fgov.be/regondes2/extern/taxservice/common">
   <soapenv:Header/>
   <soapenv:Body>
      <v1:closedDossierRequest>
         <v1:messageContext>
            <v11:messageId>${=import static java.util.UUID.randomUUID; uuid = randomUUID() as String}</v11:messageId>
            <v11:timestamp>${=new java.text.SimpleDateFormat("yyyy-MM-dd'T'HH:mm:ss.SSS").format(new Date())}</v11:timestamp>
         </v1:messageContext>
         <v1:legalContext>ServiceIntegrator</v1:legalContext>
         <v1:request>
            <clos:closedDossier> 
               <clos:referenceFodFin>11223344</clos:referenceFodFin>
               <clos:fiscalYear>2017</clos:fiscalYear>
               <clos:initialService>
                  <com:technicalReference>technicalReference</com:technicalReference>
                  <com:type>AAF</com:type>
                  <clos:reference>reference</clos:reference>
               </clos:initialService>
               <clos:patrimonyInformation>
                  <clos:typeDossier>AA</clos:typeDossier>
                  <clos:patrimonyFrom>${=new java.text.SimpleDateFormat("yyyy-MM-dd").format(new Date())}</clos:patrimonyFrom>
                  <clos:patrimonyRef>1</clos:patrimonyRef>
                  <clos:cadastralDivisionCode>YYY</clos:cadastralDivisionCode>
                  <clos:articleNumber>51</clos:articleNumber>
               </clos:patrimonyInformation>
               <clos:report>
                  <clos:type>S</clos:type>
                  <clos:subtype>subtype</clos:subtype>
                  <clos:kind>INITIAL</clos:kind>
                  <clos:cadastralIncome>
                     <com:codeCadastralIncome>a</com:codeCadastralIncome>
                     <com:definitiveCadastralIncome>12</com:definitiveCadastralIncome>
                     <com:dateDefinitive>${=new java.text.SimpleDateFormat("yyyy-MM-dd").format(new Date())}</com:dateDefinitive>
                     <com:reasonDefinitive>my reason</com:reasonDefinitive>
                  </clos:cadastralIncome>
                  <clos:date>${=new java.text.SimpleDateFormat("yyyy-MM-dd").format(new Date())}</clos:date>
                  <clos:motivation>No motivation</clos:motivation>
                  <!--0 to 99 repetitions:-->
                  <clos:newState>
                     <!--1 to 999 repetitions:-->
                     <clos:parcel>
                        <clos:parcelNumber>
                           <clos:section>55254</clos:section>
                           <clos:groundNumber>9555</clos:groundNumber>
                           <clos:bisNumber>2525</clos:bisNumber>
                           <clos:exponent>1414</clos:exponent>
                           <clos:power>me</clos:power>
                           <clos:part>4</clos:part>
                        </clos:parcelNumber>
                        <clos:situation>invalid</clos:situation>
                        <clos:kind>no</clos:kind>
                        <clos:details>test</clos:details>
                        <!--You have a CHOICE of the next 2 items at this level-->
                        <clos:articleNumber>1141</clos:articleNumber>
                        <clos:sequenceNumber>3215</clos:sequenceNumber>
                        <!--0 to 99 repetitions:-->
                        <clos:cadastralInformation>
                           <clos:codeCadastralIncome>12</clos:codeCadastralIncome>
                           <clos:cadastralIncome>12</clos:cadastralIncome>
                           <clos:cadastralIncomePart>42</clos:cadastralIncomePart>
                           <clos:exemption>52</clos:exemption>
                           <clos:daysUnfruitful>5</clos:daysUnfruitful>
                        </clos:cadastralInformation>
                     </clos:parcel>
                     <!--1 to 999 repetitions:-->
                     <clos:owner>
                        <!--You have a CHOICE of the next 2 items at this level-->
                        <clos:person>
                           <!--You have a CHOICE of the next 3 items at this level-->
                           <clos:socialSecurityNumber>125</clos:socialSecurityNumber>
                           <clos:lastname>baptiste</clos:lastname>
                        </clos:person>
                        <clos:rights>Admin</clos:rights>
                        <clos:ownerType>LEGAL_PERSON</clos:ownerType>
                     </clos:owner>
                  </clos:newState>
               </clos:report>
               <!--0 to 99 repetitions:-->
               <clos:linkedDossier>
                  <clos:referenceInitialService>referenceInitialService</clos:referenceInitialService>
                  <clos:referenceFodFin>15</clos:referenceFodFin>
               </clos:linkedDossier>
               <!--0 to 99 repetitions:-->
               <clos:attachment>
                  <com:fileName>cirb</com:fileName>
                  <com:data>    1234   </com:data>
               </clos:attachment>
            </clos:closedDossier>
         </v1:request>
      </v1:closedDossierRequest>
   </soapenv:Body>
</soapenv:Envelope>]]></con:request><con:credentials><con:selectedAuthProfile>Basic</con:selectedAuthProfile><con:addedBasicAuthenticationTypes>Basic</con:addedBasicAuthenticationTypes><con:authType>Global HTTP Settings</con:authType></con:credentials><con:jmsConfig JMSDeliveryMode="PERSISTENT"/><con:jmsPropertyConfig/><con:wsaConfig mustUnderstand="NONE" version="200508" action="http://fidus.brussels/services/exportfromregondesservice/closedDossier"/><con:wsrmConfig version="1.2"/></con:call><con:call id="cb38ec83-1105-41ae-9ce1-c8ca5a40b99c" name="3 - Test - Worker1 - Request" incomingWss="Inflow TEST" outgoingWss="Outflow TEST"><con:settings><con:setting id="com.eviware.soapui.impl.wsdl.WsdlRequest@request-headers">&lt;xml-fragment/></con:setting></con:settings><con:encoding>UTF-8</con:encoding><con:endpoint>https://192.168.22.53:8443/services/ExportFromRegondesService_v1.0</con:endpoint><con:request><![CDATA[<soapenv:Envelope xmlns:soapenv="http://schemas.xmlsoap.org/soap/envelope/" xmlns:v1="http://fidus.brussels/service/exportfromregondesservice/messages/v1" xmlns:v11="http://fidus.brussels/type/common/messages/v1" xmlns:clos="http://www.minfin.fgov.be/regondes2/extern/taxservice/exports/closedDossiers" xmlns:com="http://www.minfin.fgov.be/regondes2/extern/taxservice/common">
   <soapenv:Header/>
   <soapenv:Body>
      <v1:closedDossierRequest>
         <v1:messageContext>
            <v11:messageId>${=import static java.util.UUID.randomUUID; uuid = randomUUID() as String}</v11:messageId>
            <v11:timestamp>${=new java.text.SimpleDateFormat("yyyy-MM-dd'T'HH:mm:ss.SSS").format(new Date())}</v11:timestamp>
         </v1:messageContext>
         <v1:legalContext>ServiceIntegrator</v1:legalContext>
         <v1:request>
            <clos:closedDossier> 
               <clos:referenceFodFin>11223344</clos:referenceFodFin>
               <clos:fiscalYear>2017</clos:fiscalYear>
               <clos:initialService>
                  <com:technicalReference>technicalReference</com:technicalReference>
                  <com:type>AAF</com:type>
                  <clos:reference>reference</clos:reference>
               </clos:initialService>
               <clos:patrimonyInformation>
                  <clos:typeDossier>AA</clos:typeDossier>
                  <clos:patrimonyFrom>${=new java.text.SimpleDateFormat("yyyy-MM-dd").format(new Date())}</clos:patrimonyFrom>
                  <clos:patrimonyRef>1</clos:patrimonyRef>
                  <clos:cadastralDivisionCode>YYY</clos:cadastralDivisionCode>
                  <clos:articleNumber>51</clos:articleNumber>
               </clos:patrimonyInformation>
               <clos:report>
                  <clos:type>S</clos:type>
                  <clos:subtype>subtype</clos:subtype>
                  <clos:kind>INITIAL</clos:kind>
                  <clos:cadastralIncome>
                     <com:codeCadastralIncome>a</com:codeCadastralIncome>
                     <com:definitiveCadastralIncome>12</com:definitiveCadastralIncome>
                     <com:dateDefinitive>${=new java.text.SimpleDateFormat("yyyy-MM-dd").format(new Date())}</com:dateDefinitive>
                     <com:reasonDefinitive>my reason</com:reasonDefinitive>
                  </clos:cadastralIncome>
                  <clos:date>${=new java.text.SimpleDateFormat("yyyy-MM-dd").format(new Date())}</clos:date>
                  <clos:motivation>No motivation</clos:motivation>
                  <!--0 to 99 repetitions:-->
                  <clos:newState>
                     <!--1 to 999 repetitions:-->
                     <clos:parcel>
                        <clos:parcelNumber>
                           <clos:section>55254</clos:section>
                           <clos:groundNumber>9555</clos:groundNumber>
                           <clos:bisNumber>2525</clos:bisNumber>
                           <clos:exponent>1414</clos:exponent>
                           <clos:power>me</clos:power>
                           <clos:part>4</clos:part>
                        </clos:parcelNumber>
                        <clos:situation>invalid</clos:situation>
                        <clos:kind>no</clos:kind>
                        <clos:details>test</clos:details>
                        <!--You have a CHOICE of the next 2 items at this level-->
                        <clos:articleNumber>1141</clos:articleNumber>
                        <clos:sequenceNumber>3215</clos:sequenceNumber>
                        <!--0 to 99 repetitions:-->
                        <clos:cadastralInformation>
                           <clos:codeCadastralIncome>12</clos:codeCadastralIncome>
                           <clos:cadastralIncome>12</clos:cadastralIncome>
                           <clos:cadastralIncomePart>42</clos:cadastralIncomePart>
                           <clos:exemption>52</clos:exemption>
                           <clos:daysUnfruitful>5</clos:daysUnfruitful>
                        </clos:cadastralInformation>
                     </clos:parcel>
                     <!--1 to 999 repetitions:-->
                     <clos:owner>
                        <!--You have a CHOICE of the next 2 items at this level-->
                        <clos:person>
                           <!--You have a CHOICE of the next 3 items at this level-->
                           <clos:socialSecurityNumber>125</clos:socialSecurityNumber>
                           <clos:lastname>baptiste</clos:lastname>
                        </clos:person>
                        <clos:rights>Admin</clos:rights>
                        <clos:ownerType>LEGAL_PERSON</clos:ownerType>
                     </clos:owner>
                  </clos:newState>
               </clos:report>
               <!--0 to 99 repetitions:-->
               <clos:linkedDossier>
                  <clos:referenceInitialService>referenceInitialService</clos:referenceInitialService>
                  <clos:referenceFodFin>15</clos:referenceFodFin>
               </clos:linkedDossier>
               <!--0 to 99 repetitions:-->
               <clos:attachment>
                  <com:fileName>cirb</com:fileName>
                  <com:data>    1234   </com:data>
               </clos:attachment>
            </clos:closedDossier>
         </v1:request>
      </v1:closedDossierRequest>
   </soapenv:Body>
</soapenv:Envelope>]]></con:request><con:credentials><con:selectedAuthProfile>Basic</con:selectedAuthProfile><con:addedBasicAuthenticationTypes>Basic</con:addedBasicAuthenticationTypes><con:authType>Global HTTP Settings</con:authType></con:credentials><con:jmsConfig JMSDeliveryMode="PERSISTENT"/><con:jmsPropertyConfig/><con:wsaConfig mustUnderstand="NONE" version="200508" action="http://fidus.brussels/services/exportfromregondesservice/closedDossier"/><con:wsrmConfig version="1.2"/></con:call><con:call id="e72c2eb4-66c2-4fe1-a837-42484fa88654" name="3 - Test - Worker2 - Request" incomingWss="Inflow TEST" outgoingWss="Outflow TEST"><con:settings><con:setting id="com.eviware.soapui.impl.wsdl.WsdlRequest@request-headers">&lt;xml-fragment/></con:setting></con:settings><con:encoding>UTF-8</con:encoding><con:endpoint>https://192.168.22.54:8443/services/ExportFromRegondesService_v1.0</con:endpoint><con:request><![CDATA[<soapenv:Envelope xmlns:soapenv="http://schemas.xmlsoap.org/soap/envelope/" xmlns:v1="http://fidus.brussels/service/exportfromregondesservice/messages/v1" xmlns:v11="http://fidus.brussels/type/common/messages/v1" xmlns:clos="http://www.minfin.fgov.be/regondes2/extern/taxservice/exports/closedDossiers" xmlns:com="http://www.minfin.fgov.be/regondes2/extern/taxservice/common">
   <soapenv:Header/>
   <soapenv:Body>
      <v1:closedDossierRequest>
         <v1:messageContext>
            <v11:messageId>${=import static java.util.UUID.randomUUID; uuid = randomUUID() as String}</v11:messageId>
            <v11:timestamp>${=new java.text.SimpleDateFormat("yyyy-MM-dd'T'HH:mm:ss.SSS").format(new Date())}</v11:timestamp>
         </v1:messageContext>
         <v1:legalContext>ServiceIntegrator</v1:legalContext>
         <v1:request>
            <clos:closedDossier> 
               <clos:referenceFodFin>11223344</clos:referenceFodFin>
               <clos:fiscalYear>2017</clos:fiscalYear>
               <clos:initialService>
                  <com:technicalReference>technicalReference</com:technicalReference>
                  <com:type>AAF</com:type>
                  <clos:reference>reference</clos:reference>
               </clos:initialService>
               <clos:patrimonyInformation>
                  <clos:typeDossier>AA</clos:typeDossier>
                  <clos:patrimonyFrom>${=new java.text.SimpleDateFormat("yyyy-MM-dd").format(new Date())}</clos:patrimonyFrom>
                  <clos:patrimonyRef>1</clos:patrimonyRef>
                  <clos:cadastralDivisionCode>YYY</clos:cadastralDivisionCode>
                  <clos:articleNumber>51</clos:articleNumber>
               </clos:patrimonyInformation>
               <clos:report>
                  <clos:type>S</clos:type>
                  <clos:subtype>subtype</clos:subtype>
                  <clos:kind>INITIAL</clos:kind>
                  <clos:cadastralIncome>
                     <com:codeCadastralIncome>a</com:codeCadastralIncome>
                     <com:definitiveCadastralIncome>12</com:definitiveCadastralIncome>
                     <com:dateDefinitive>${=new java.text.SimpleDateFormat("yyyy-MM-dd").format(new Date())}</com:dateDefinitive>
                     <com:reasonDefinitive>my reason</com:reasonDefinitive>
                  </clos:cadastralIncome>
                  <clos:date>${=new java.text.SimpleDateFormat("yyyy-MM-dd").format(new Date())}</clos:date>
                  <clos:motivation>No motivation</clos:motivation>
                  <!--0 to 99 repetitions:-->
                  <clos:newState>
                     <!--1 to 999 repetitions:-->
                     <clos:parcel>
                        <clos:parcelNumber>
                           <clos:section>55254</clos:section>
                           <clos:groundNumber>9555</clos:groundNumber>
                           <clos:bisNumber>2525</clos:bisNumber>
                           <clos:exponent>1414</clos:exponent>
                           <clos:power>me</clos:power>
                           <clos:part>4</clos:part>
                        </clos:parcelNumber>
                        <clos:situation>invalid</clos:situation>
                        <clos:kind>no</clos:kind>
                        <clos:details>test</clos:details>
                        <!--You have a CHOICE of the next 2 items at this level-->
                        <clos:articleNumber>1141</clos:articleNumber>
                        <clos:sequenceNumber>3215</clos:sequenceNumber>
                        <!--0 to 99 repetitions:-->
                        <clos:cadastralInformation>
                           <clos:codeCadastralIncome>12</clos:codeCadastralIncome>
                           <clos:cadastralIncome>12</clos:cadastralIncome>
                           <clos:cadastralIncomePart>42</clos:cadastralIncomePart>
                           <clos:exemption>52</clos:exemption>
                           <clos:daysUnfruitful>5</clos:daysUnfruitful>
                        </clos:cadastralInformation>
                     </clos:parcel>
                     <!--1 to 999 repetitions:-->
                     <clos:owner>
                        <!--You have a CHOICE of the next 2 items at this level-->
                        <clos:person>
                           <!--You have a CHOICE of the next 3 items at this level-->
                           <clos:socialSecurityNumber>125</clos:socialSecurityNumber>
                           <clos:lastname>baptiste</clos:lastname>
                        </clos:person>
                        <clos:rights>Admin</clos:rights>
                        <clos:ownerType>LEGAL_PERSON</clos:ownerType>
                     </clos:owner>
                  </clos:newState>
               </clos:report>
               <!--0 to 99 repetitions:-->
               <clos:linkedDossier>
                  <clos:referenceInitialService>referenceInitialService</clos:referenceInitialService>
                  <clos:referenceFodFin>15</clos:referenceFodFin>
               </clos:linkedDossier>
               <!--0 to 99 repetitions:-->
               <clos:attachment>
                  <com:fileName>cirb</com:fileName>
                  <com:data>    1234   </com:data>
               </clos:attachment>
            </clos:closedDossier>
         </v1:request>
      </v1:closedDossierRequest>
   </soapenv:Body>
</soapenv:Envelope>]]></con:request><con:credentials><con:selectedAuthProfile>Basic</con:selectedAuthProfile><con:addedBasicAuthenticationTypes>Basic</con:addedBasicAuthenticationTypes><con:authType>Global HTTP Settings</con:authType></con:credentials><con:jmsConfig JMSDeliveryMode="PERSISTENT"/><con:jmsPropertyConfig/><con:wsaConfig mustUnderstand="NONE" version="200508" action="http://fidus.brussels/services/exportfromregondesservice/closedDossier"/><con:wsrmConfig version="1.2"/></con:call><con:call id="06e6449f-a086-4cc9-a0a7-6b55d29f0779" name="4 - Staging - LB - Request" incomingWss="Inflow STAGING" outgoingWss="Outflow STAGING"><con:settings><con:setting id="com.eviware.soapui.impl.wsdl.WsdlRequest@request-headers">&lt;xml-fragment/></con:setting></con:settings><con:encoding>UTF-8</con:encoding><con:endpoint>https://fidus-esb-sg.sta.srv.cirb.lan:8443/services/ExportFromRegondesService_v1.0</con:endpoint><con:request><![CDATA[<soapenv:Envelope xmlns:soapenv="http://schemas.xmlsoap.org/soap/envelope/" xmlns:v1="http://fidus.brussels/service/exportfromregondesservice/messages/v1" xmlns:v11="http://fidus.brussels/type/common/messages/v1" xmlns:clos="http://www.minfin.fgov.be/regondes2/extern/taxservice/exports/closedDossiers" xmlns:com="http://www.minfin.fgov.be/regondes2/extern/taxservice/common">
   <soapenv:Header/>
   <soapenv:Body>
      <v1:closedDossierRequest>
         <v1:messageContext>
            <v11:messageId>${=import static java.util.UUID.randomUUID; uuid = randomUUID() as String}</v11:messageId>
            <v11:timestamp>${=new java.text.SimpleDateFormat("yyyy-MM-dd'T'HH:mm:ss.SSS").format(new Date())}</v11:timestamp>
         </v1:messageContext>
         <v1:legalContext>ServiceIntegrator</v1:legalContext>
         <v1:request>
            <clos:closedDossier> 
               <clos:referenceFodFin>11223344</clos:referenceFodFin>
               <clos:fiscalYear>2017</clos:fiscalYear>
               <clos:initialService>
                  <com:technicalReference>technicalReference</com:technicalReference>
                  <com:type>AAF</com:type>
                  <clos:reference>reference</clos:reference>
               </clos:initialService>
               <clos:patrimonyInformation>
                  <clos:typeDossier>AA</clos:typeDossier>
                  <clos:patrimonyFrom>${=new java.text.SimpleDateFormat("yyyy-MM-dd").format(new Date())}</clos:patrimonyFrom>
                  <clos:patrimonyRef>1</clos:patrimonyRef>
                  <clos:cadastralDivisionCode>YYY</clos:cadastralDivisionCode>
                  <clos:articleNumber>51</clos:articleNumber>
               </clos:patrimonyInformation>
               <clos:report>
                  <clos:type>S</clos:type>
                  <clos:subtype>subtype</clos:subtype>
                  <clos:kind>INITIAL</clos:kind>
                  <clos:cadastralIncome>
                     <com:codeCadastralIncome>a</com:codeCadastralIncome>
                     <com:definitiveCadastralIncome>12</com:definitiveCadastralIncome>
                     <com:dateDefinitive>${=new java.text.SimpleDateFormat("yyyy-MM-dd").format(new Date())}</com:dateDefinitive>
                     <com:reasonDefinitive>my reason</com:reasonDefinitive>
                  </clos:cadastralIncome>
                  <clos:date>${=new java.text.SimpleDateFormat("yyyy-MM-dd").format(new Date())}</clos:date>
                  <clos:motivation>No motivation</clos:motivation>
                  <!--0 to 99 repetitions:-->
                  <clos:newState>
                     <!--1 to 999 repetitions:-->
                     <clos:parcel>
                        <clos:parcelNumber>
                           <clos:section>55254</clos:section>
                           <clos:groundNumber>9555</clos:groundNumber>
                           <clos:bisNumber>2525</clos:bisNumber>
                           <clos:exponent>1414</clos:exponent>
                           <clos:power>me</clos:power>
                           <clos:part>4</clos:part>
                        </clos:parcelNumber>
                        <clos:situation>invalid</clos:situation>
                        <clos:kind>no</clos:kind>
                        <clos:details>test</clos:details>
                        <!--You have a CHOICE of the next 2 items at this level-->
                        <clos:articleNumber>1141</clos:articleNumber>
                        <clos:sequenceNumber>3215</clos:sequenceNumber>
                        <!--0 to 99 repetitions:-->
                        <clos:cadastralInformation>
                           <clos:codeCadastralIncome>12</clos:codeCadastralIncome>
                           <clos:cadastralIncome>12</clos:cadastralIncome>
                           <clos:cadastralIncomePart>42</clos:cadastralIncomePart>
                           <clos:exemption>52</clos:exemption>
                           <clos:daysUnfruitful>5</clos:daysUnfruitful>
                        </clos:cadastralInformation>
                     </clos:parcel>
                     <!--1 to 999 repetitions:-->
                     <clos:owner>
                        <!--You have a CHOICE of the next 2 items at this level-->
                        <clos:person>
                           <!--You have a CHOICE of the next 3 items at this level-->
                           <clos:socialSecurityNumber>125</clos:socialSecurityNumber>
                           <clos:lastname>baptiste</clos:lastname>
                        </clos:person>
                        <clos:rights>Admin</clos:rights>
                        <clos:ownerType>LEGAL_PERSON</clos:ownerType>
                     </clos:owner>
                  </clos:newState>
               </clos:report>
               <!--0 to 99 repetitions:-->
               <clos:linkedDossier>
                  <clos:referenceInitialService>referenceInitialService</clos:referenceInitialService>
                  <clos:referenceFodFin>15</clos:referenceFodFin>
               </clos:linkedDossier>
               <!--0 to 99 repetitions:-->
               <clos:attachment>
                  <com:fileName>cirb</com:fileName>
                  <com:data>    1234   </com:data>
               </clos:attachment>
            </clos:closedDossier>
         </v1:request>
      </v1:closedDossierRequest>
   </soapenv:Body>
</soapenv:Envelope>]]></con:request><con:credentials><con:selectedAuthProfile>Basic</con:selectedAuthProfile><con:addedBasicAuthenticationTypes>Basic</con:addedBasicAuthenticationTypes><con:authType>Global HTTP Settings</con:authType></con:credentials><con:jmsConfig JMSDeliveryMode="PERSISTENT"/><con:jmsPropertyConfig/><con:wsaConfig mustUnderstand="NONE" version="200508" action="http://fidus.brussels/services/exportfromregondesservice/closedDossier"/><con:wsrmConfig version="1.2"/></con:call><con:call id="7905fe7a-59be-48de-ac4d-4014b10e01c5" name="4 - Staging - Worker1 - Request" incomingWss="Inflow STAGING" outgoingWss="Outflow STAGING"><con:settings><con:setting id="com.eviware.soapui.impl.wsdl.WsdlRequest@request-headers">&lt;xml-fragment/></con:setting></con:settings><con:encoding>UTF-8</con:encoding><con:endpoint>https://192.168.24.16:8443/services/ExportFromRegondesService_v1.0</con:endpoint><con:request><![CDATA[<soapenv:Envelope xmlns:soapenv="http://schemas.xmlsoap.org/soap/envelope/" xmlns:v1="http://fidus.brussels/service/exportfromregondesservice/messages/v1" xmlns:v11="http://fidus.brussels/type/common/messages/v1" xmlns:clos="http://www.minfin.fgov.be/regondes2/extern/taxservice/exports/closedDossiers" xmlns:com="http://www.minfin.fgov.be/regondes2/extern/taxservice/common">
   <soapenv:Header/>
   <soapenv:Body>
      <v1:closedDossierRequest>
         <v1:messageContext>
            <v11:messageId>${=import static java.util.UUID.randomUUID; uuid = randomUUID() as String}</v11:messageId>
            <v11:timestamp>${=new java.text.SimpleDateFormat("yyyy-MM-dd'T'HH:mm:ss.SSS").format(new Date())}</v11:timestamp>
         </v1:messageContext>
         <v1:legalContext>ServiceIntegrator</v1:legalContext>
         <v1:request>
            <clos:closedDossier> 
               <clos:referenceFodFin>11223344</clos:referenceFodFin>
               <clos:fiscalYear>2017</clos:fiscalYear>
               <clos:initialService>
                  <com:technicalReference>technicalReference</com:technicalReference>
                  <com:type>AAF</com:type>
                  <clos:reference>reference</clos:reference>
               </clos:initialService>
               <clos:patrimonyInformation>
                  <clos:typeDossier>AA</clos:typeDossier>
                  <clos:patrimonyFrom>${=new java.text.SimpleDateFormat("yyyy-MM-dd").format(new Date())}</clos:patrimonyFrom>
                  <clos:patrimonyRef>1</clos:patrimonyRef>
                  <clos:cadastralDivisionCode>YYY</clos:cadastralDivisionCode>
                  <clos:articleNumber>51</clos:articleNumber>
               </clos:patrimonyInformation>
               <clos:report>
                  <clos:type>S</clos:type>
                  <clos:subtype>subtype</clos:subtype>
                  <clos:kind>INITIAL</clos:kind>
                  <clos:cadastralIncome>
                     <com:codeCadastralIncome>a</com:codeCadastralIncome>
                     <com:definitiveCadastralIncome>12</com:definitiveCadastralIncome>
                     <com:dateDefinitive>${=new java.text.SimpleDateFormat("yyyy-MM-dd").format(new Date())}</com:dateDefinitive>
                     <com:reasonDefinitive>my reason</com:reasonDefinitive>
                  </clos:cadastralIncome>
                  <clos:date>${=new java.text.SimpleDateFormat("yyyy-MM-dd").format(new Date())}</clos:date>
                  <clos:motivation>No motivation</clos:motivation>
                  <!--0 to 99 repetitions:-->
                  <clos:newState>
                     <!--1 to 999 repetitions:-->
                     <clos:parcel>
                        <clos:parcelNumber>
                           <clos:section>55254</clos:section>
                           <clos:groundNumber>9555</clos:groundNumber>
                           <clos:bisNumber>2525</clos:bisNumber>
                           <clos:exponent>1414</clos:exponent>
                           <clos:power>me</clos:power>
                           <clos:part>4</clos:part>
                        </clos:parcelNumber>
                        <clos:situation>invalid</clos:situation>
                        <clos:kind>no</clos:kind>
                        <clos:details>test</clos:details>
                        <!--You have a CHOICE of the next 2 items at this level-->
                        <clos:articleNumber>1141</clos:articleNumber>
                        <clos:sequenceNumber>3215</clos:sequenceNumber>
                        <!--0 to 99 repetitions:-->
                        <clos:cadastralInformation>
                           <clos:codeCadastralIncome>12</clos:codeCadastralIncome>
                           <clos:cadastralIncome>12</clos:cadastralIncome>
                           <clos:cadastralIncomePart>42</clos:cadastralIncomePart>
                           <clos:exemption>52</clos:exemption>
                           <clos:daysUnfruitful>5</clos:daysUnfruitful>
                        </clos:cadastralInformation>
                     </clos:parcel>
                     <!--1 to 999 repetitions:-->
                     <clos:owner>
                        <!--You have a CHOICE of the next 2 items at this level-->
                        <clos:person>
                           <!--You have a CHOICE of the next 3 items at this level-->
                           <clos:socialSecurityNumber>125</clos:socialSecurityNumber>
                           <clos:lastname>baptiste</clos:lastname>
                        </clos:person>
                        <clos:rights>Admin</clos:rights>
                        <clos:ownerType>LEGAL_PERSON</clos:ownerType>
                     </clos:owner>
                  </clos:newState>
               </clos:report>
               <!--0 to 99 repetitions:-->
               <clos:linkedDossier>
                  <clos:referenceInitialService>referenceInitialService</clos:referenceInitialService>
                  <clos:referenceFodFin>15</clos:referenceFodFin>
               </clos:linkedDossier>
               <!--0 to 99 repetitions:-->
               <clos:attachment>
                  <com:fileName>cirb</com:fileName>
                  <com:data>    1234   </com:data>
               </clos:attachment>
            </clos:closedDossier>
         </v1:request>
      </v1:closedDossierRequest>
   </soapenv:Body>
</soapenv:Envelope>]]></con:request><con:credentials><con:selectedAuthProfile>Basic</con:selectedAuthProfile><con:addedBasicAuthenticationTypes>Basic</con:addedBasicAuthenticationTypes><con:authType>Global HTTP Settings</con:authType></con:credentials><con:jmsConfig JMSDeliveryMode="PERSISTENT"/><con:jmsPropertyConfig/><con:wsaConfig mustUnderstand="NONE" version="200508" action="http://fidus.brussels/services/exportfromregondesservice/closedDossier"/><con:wsrmConfig version="1.2"/></con:call><con:call id="9f44fdde-bd65-4e30-94d8-1e942d138e81" name="4 - Staging - Worker2 - Request" incomingWss="Inflow STAGING" outgoingWss="Outflow STAGING"><con:settings><con:setting id="com.eviware.soapui.impl.wsdl.WsdlRequest@request-headers">&lt;xml-fragment/></con:setting></con:settings><con:encoding>UTF-8</con:encoding><con:endpoint>https://192.168.24.17:8443/services/ExportFromRegondesService_v1.0</con:endpoint><con:request><![CDATA[<soapenv:Envelope xmlns:soapenv="http://schemas.xmlsoap.org/soap/envelope/" xmlns:v1="http://fidus.brussels/service/exportfromregondesservice/messages/v1" xmlns:v11="http://fidus.brussels/type/common/messages/v1" xmlns:clos="http://www.minfin.fgov.be/regondes2/extern/taxservice/exports/closedDossiers" xmlns:com="http://www.minfin.fgov.be/regondes2/extern/taxservice/common">
   <soapenv:Header/>
   <soapenv:Body>
      <v1:closedDossierRequest>
         <v1:messageContext>
            <v11:messageId>${=import static java.util.UUID.randomUUID; uuid = randomUUID() as String}</v11:messageId>
            <v11:timestamp>${=new java.text.SimpleDateFormat("yyyy-MM-dd'T'HH:mm:ss.SSS").format(new Date())}</v11:timestamp>
         </v1:messageContext>
         <v1:legalContext>ServiceIntegrator</v1:legalContext>
         <v1:request>
            <clos:closedDossier> 
               <clos:referenceFodFin>11223344</clos:referenceFodFin>
               <clos:fiscalYear>2017</clos:fiscalYear>
               <clos:initialService>
                  <com:technicalReference>technicalReference</com:technicalReference>
                  <com:type>AAF</com:type>
                  <clos:reference>reference</clos:reference>
               </clos:initialService>
               <clos:patrimonyInformation>
                  <clos:typeDossier>AA</clos:typeDossier>
                  <clos:patrimonyFrom>${=new java.text.SimpleDateFormat("yyyy-MM-dd").format(new Date())}</clos:patrimonyFrom>
                  <clos:patrimonyRef>1</clos:patrimonyRef>
                  <clos:cadastralDivisionCode>YYY</clos:cadastralDivisionCode>
                  <clos:articleNumber>51</clos:articleNumber>
               </clos:patrimonyInformation>
               <clos:report>
                  <clos:type>S</clos:type>
                  <clos:subtype>subtype</clos:subtype>
                  <clos:kind>INITIAL</clos:kind>
                  <clos:cadastralIncome>
                     <com:codeCadastralIncome>a</com:codeCadastralIncome>
                     <com:definitiveCadastralIncome>12</com:definitiveCadastralIncome>
                     <com:dateDefinitive>${=new java.text.SimpleDateFormat("yyyy-MM-dd").format(new Date())}</com:dateDefinitive>
                     <com:reasonDefinitive>my reason</com:reasonDefinitive>
                  </clos:cadastralIncome>
                  <clos:date>${=new java.text.SimpleDateFormat("yyyy-MM-dd").format(new Date())}</clos:date>
                  <clos:motivation>No motivation</clos:motivation>
                  <!--0 to 99 repetitions:-->
                  <clos:newState>
                     <!--1 to 999 repetitions:-->
                     <clos:parcel>
                        <clos:parcelNumber>
                           <clos:section>55254</clos:section>
                           <clos:groundNumber>9555</clos:groundNumber>
                           <clos:bisNumber>2525</clos:bisNumber>
                           <clos:exponent>1414</clos:exponent>
                           <clos:power>me</clos:power>
                           <clos:part>4</clos:part>
                        </clos:parcelNumber>
                        <clos:situation>invalid</clos:situation>
                        <clos:kind>no</clos:kind>
                        <clos:details>test</clos:details>
                        <!--You have a CHOICE of the next 2 items at this level-->
                        <clos:articleNumber>1141</clos:articleNumber>
                        <clos:sequenceNumber>3215</clos:sequenceNumber>
                        <!--0 to 99 repetitions:-->
                        <clos:cadastralInformation>
                           <clos:codeCadastralIncome>12</clos:codeCadastralIncome>
                           <clos:cadastralIncome>12</clos:cadastralIncome>
                           <clos:cadastralIncomePart>42</clos:cadastralIncomePart>
                           <clos:exemption>52</clos:exemption>
                           <clos:daysUnfruitful>5</clos:daysUnfruitful>
                        </clos:cadastralInformation>
                     </clos:parcel>
                     <!--1 to 999 repetitions:-->
                     <clos:owner>
                        <!--You have a CHOICE of the next 2 items at this level-->
                        <clos:person>
                           <!--You have a CHOICE of the next 3 items at this level-->
                           <clos:socialSecurityNumber>125</clos:socialSecurityNumber>
                           <clos:lastname>baptiste</clos:lastname>
                        </clos:person>
                        <clos:rights>Admin</clos:rights>
                        <clos:ownerType>LEGAL_PERSON</clos:ownerType>
                     </clos:owner>
                  </clos:newState>
               </clos:report>
               <!--0 to 99 repetitions:-->
               <clos:linkedDossier>
                  <clos:referenceInitialService>referenceInitialService</clos:referenceInitialService>
                  <clos:referenceFodFin>15</clos:referenceFodFin>
               </clos:linkedDossier>
               <!--0 to 99 repetitions:-->
               <clos:attachment>
                  <com:fileName>cirb</com:fileName>
                  <com:data>    1234   </com:data>
               </clos:attachment>
            </clos:closedDossier>
         </v1:request>
      </v1:closedDossierRequest>
   </soapenv:Body>
</soapenv:Envelope>]]></con:request><con:credentials><con:selectedAuthProfile>Basic</con:selectedAuthProfile><con:addedBasicAuthenticationTypes>Basic</con:addedBasicAuthenticationTypes><con:authType>Global HTTP Settings</con:authType></con:credentials><con:jmsConfig JMSDeliveryMode="PERSISTENT"/><con:jmsPropertyConfig/><con:wsaConfig mustUnderstand="NONE" version="200508" action="http://fidus.brussels/services/exportfromregondesservice/closedDossier"/><con:wsrmConfig version="1.2"/></con:call><con:call id="e9ffe897-3422-4fee-9af3-4e37ab3a541f" name="5 - Prod - LB - Request" incomingWss="Inflow PROD" outgoingWss="Outflow PROD"><con:settings><con:setting id="com.eviware.soapui.impl.wsdl.WsdlRequest@request-headers">&lt;xml-fragment/></con:setting></con:settings><con:encoding>UTF-8</con:encoding><con:endpoint>https://fidus-esb-sg.prd.srv.cirb.lan:8443/services/ExportFromRegondesService_v1.0</con:endpoint><con:request><![CDATA[<soapenv:Envelope xmlns:soapenv="http://schemas.xmlsoap.org/soap/envelope/" xmlns:v1="http://fidus.brussels/service/exportfromregondesservice/messages/v1" xmlns:v11="http://fidus.brussels/type/common/messages/v1" xmlns:clos="http://www.minfin.fgov.be/regondes2/extern/taxservice/exports/closedDossiers" xmlns:com="http://www.minfin.fgov.be/regondes2/extern/taxservice/common">
   <soapenv:Header/>
   <soapenv:Body>
      <v1:closedDossierRequest>
         <v1:messageContext>
            <v11:messageId>${=import static java.util.UUID.randomUUID; uuid = randomUUID() as String}</v11:messageId>
            <v11:timestamp>${=new java.text.SimpleDateFormat("yyyy-MM-dd'T'HH:mm:ss.SSS").format(new Date())}</v11:timestamp>
         </v1:messageContext>
         <v1:legalContext>ServiceIntegrator</v1:legalContext>
         <v1:request>
            <clos:closedDossier> 
               <clos:referenceFodFin>11223344</clos:referenceFodFin>
               <clos:fiscalYear>2017</clos:fiscalYear>
               <clos:initialService>
                  <com:technicalReference>technicalReference</com:technicalReference>
                  <com:type>AAF</com:type>
                  <clos:reference>reference</clos:reference>
               </clos:initialService>
               <clos:patrimonyInformation>
                  <clos:typeDossier>AA</clos:typeDossier>
                  <clos:patrimonyFrom>${=new java.text.SimpleDateFormat("yyyy-MM-dd").format(new Date())}</clos:patrimonyFrom>
                  <clos:patrimonyRef>1</clos:patrimonyRef>
                  <clos:cadastralDivisionCode>YYY</clos:cadastralDivisionCode>
                  <clos:articleNumber>51</clos:articleNumber>
               </clos:patrimonyInformation>
               <clos:report>
                  <clos:type>S</clos:type>
                  <clos:subtype>subtype</clos:subtype>
                  <clos:kind>INITIAL</clos:kind>
                  <clos:cadastralIncome>
                     <com:codeCadastralIncome>a</com:codeCadastralIncome>
                     <com:definitiveCadastralIncome>12</com:definitiveCadastralIncome>
                     <com:dateDefinitive>${=new java.text.SimpleDateFormat("yyyy-MM-dd").format(new Date())}</com:dateDefinitive>
                     <com:reasonDefinitive>my reason</com:reasonDefinitive>
                  </clos:cadastralIncome>
                  <clos:date>${=new java.text.SimpleDateFormat("yyyy-MM-dd").format(new Date())}</clos:date>
                  <clos:motivation>No motivation</clos:motivation>
                  <!--0 to 99 repetitions:-->
                  <clos:newState>
                     <!--1 to 999 repetitions:-->
                     <clos:parcel>
                        <clos:parcelNumber>
                           <clos:section>55254</clos:section>
                           <clos:groundNumber>9555</clos:groundNumber>
                           <clos:bisNumber>2525</clos:bisNumber>
                           <clos:exponent>1414</clos:exponent>
                           <clos:power>me</clos:power>
                           <clos:part>4</clos:part>
                        </clos:parcelNumber>
                        <clos:situation>invalid</clos:situation>
                        <clos:kind>no</clos:kind>
                        <clos:details>test</clos:details>
                        <!--You have a CHOICE of the next 2 items at this level-->
                        <clos:articleNumber>1141</clos:articleNumber>
                        <clos:sequenceNumber>3215</clos:sequenceNumber>
                        <!--0 to 99 repetitions:-->
                        <clos:cadastralInformation>
                           <clos:codeCadastralIncome>12</clos:codeCadastralIncome>
                           <clos:cadastralIncome>12</clos:cadastralIncome>
                           <clos:cadastralIncomePart>42</clos:cadastralIncomePart>
                           <clos:exemption>52</clos:exemption>
                           <clos:daysUnfruitful>5</clos:daysUnfruitful>
                        </clos:cadastralInformation>
                     </clos:parcel>
                     <!--1 to 999 repetitions:-->
                     <clos:owner>
                        <!--You have a CHOICE of the next 2 items at this level-->
                        <clos:person>
                           <!--You have a CHOICE of the next 3 items at this level-->
                           <clos:socialSecurityNumber>125</clos:socialSecurityNumber>
                           <clos:lastname>baptiste</clos:lastname>
                        </clos:person>
                        <clos:rights>Admin</clos:rights>
                        <clos:ownerType>LEGAL_PERSON</clos:ownerType>
                     </clos:owner>
                  </clos:newState>
               </clos:report>
               <!--0 to 99 repetitions:-->
               <clos:linkedDossier>
                  <clos:referenceInitialService>referenceInitialService</clos:referenceInitialService>
                  <clos:referenceFodFin>15</clos:referenceFodFin>
               </clos:linkedDossier>
               <!--0 to 99 repetitions:-->
               <clos:attachment>
                  <com:fileName>cirb</com:fileName>
                  <com:data>    1234   </com:data>
               </clos:attachment>
            </clos:closedDossier>
         </v1:request>
      </v1:closedDossierRequest>
   </soapenv:Body>
</soapenv:Envelope>]]></con:request><con:credentials><con:selectedAuthProfile>Basic</con:selectedAuthProfile><con:addedBasicAuthenticationTypes>Basic</con:addedBasicAuthenticationTypes><con:authType>Global HTTP Settings</con:authType></con:credentials><con:jmsConfig JMSDeliveryMode="PERSISTENT"/><con:jmsPropertyConfig/><con:wsaConfig mustUnderstand="NONE" version="200508" action="http://fidus.brussels/services/exportfromregondesservice/closedDossier"/><con:wsrmConfig version="1.2"/></con:call><con:call id="96fd3ae0-3be4-409e-94d3-bbfcd53cddbc" name="5 - Prod - Worker1 - Request" incomingWss="Inflow PROD" outgoingWss="Outflow PROD"><con:settings><con:setting id="com.eviware.soapui.impl.wsdl.WsdlRequest@request-headers">&lt;xml-fragment/></con:setting></con:settings><con:encoding>UTF-8</con:encoding><con:endpoint>https://192.168.26.22:8443/services/ExportFromRegondesService_v1.0</con:endpoint><con:request><![CDATA[<soapenv:Envelope xmlns:soapenv="http://schemas.xmlsoap.org/soap/envelope/" xmlns:v1="http://fidus.brussels/service/exportfromregondesservice/messages/v1" xmlns:v11="http://fidus.brussels/type/common/messages/v1" xmlns:clos="http://www.minfin.fgov.be/regondes2/extern/taxservice/exports/closedDossiers" xmlns:com="http://www.minfin.fgov.be/regondes2/extern/taxservice/common">
   <soapenv:Header/>
   <soapenv:Body>
      <v1:closedDossierRequest>
         <v1:messageContext>
            <v11:messageId>${=import static java.util.UUID.randomUUID; uuid = randomUUID() as String}</v11:messageId>
            <v11:timestamp>${=new java.text.SimpleDateFormat("yyyy-MM-dd'T'HH:mm:ss.SSS").format(new Date())}</v11:timestamp>
         </v1:messageContext>
         <v1:legalContext>ServiceIntegrator</v1:legalContext>
         <v1:request>
            <clos:closedDossier> 
               <clos:referenceFodFin>11223344</clos:referenceFodFin>
               <clos:fiscalYear>2017</clos:fiscalYear>
               <clos:initialService>
                  <com:technicalReference>technicalReference</com:technicalReference>
                  <com:type>AAF</com:type>
                  <clos:reference>reference</clos:reference>
               </clos:initialService>
               <clos:patrimonyInformation>
                  <clos:typeDossier>AA</clos:typeDossier>
                  <clos:patrimonyFrom>${=new java.text.SimpleDateFormat("yyyy-MM-dd").format(new Date())}</clos:patrimonyFrom>
                  <clos:patrimonyRef>1</clos:patrimonyRef>
                  <clos:cadastralDivisionCode>YYY</clos:cadastralDivisionCode>
                  <clos:articleNumber>51</clos:articleNumber>
               </clos:patrimonyInformation>
               <clos:report>
                  <clos:type>S</clos:type>
                  <clos:subtype>subtype</clos:subtype>
                  <clos:kind>INITIAL</clos:kind>
                  <clos:cadastralIncome>
                     <com:codeCadastralIncome>a</com:codeCadastralIncome>
                     <com:definitiveCadastralIncome>12</com:definitiveCadastralIncome>
                     <com:dateDefinitive>${=new java.text.SimpleDateFormat("yyyy-MM-dd").format(new Date())}</com:dateDefinitive>
                     <com:reasonDefinitive>my reason</com:reasonDefinitive>
                  </clos:cadastralIncome>
                  <clos:date>${=new java.text.SimpleDateFormat("yyyy-MM-dd").format(new Date())}</clos:date>
                  <clos:motivation>No motivation</clos:motivation>
                  <!--0 to 99 repetitions:-->
                  <clos:newState>
                     <!--1 to 999 repetitions:-->
                     <clos:parcel>
                        <clos:parcelNumber>
                           <clos:section>55254</clos:section>
                           <clos:groundNumber>9555</clos:groundNumber>
                           <clos:bisNumber>2525</clos:bisNumber>
                           <clos:exponent>1414</clos:exponent>
                           <clos:power>me</clos:power>
                           <clos:part>4</clos:part>
                        </clos:parcelNumber>
                        <clos:situation>invalid</clos:situation>
                        <clos:kind>no</clos:kind>
                        <clos:details>test</clos:details>
                        <!--You have a CHOICE of the next 2 items at this level-->
                        <clos:articleNumber>1141</clos:articleNumber>
                        <clos:sequenceNumber>3215</clos:sequenceNumber>
                        <!--0 to 99 repetitions:-->
                        <clos:cadastralInformation>
                           <clos:codeCadastralIncome>12</clos:codeCadastralIncome>
                           <clos:cadastralIncome>12</clos:cadastralIncome>
                           <clos:cadastralIncomePart>42</clos:cadastralIncomePart>
                           <clos:exemption>52</clos:exemption>
                           <clos:daysUnfruitful>5</clos:daysUnfruitful>
                        </clos:cadastralInformation>
                     </clos:parcel>
                     <!--1 to 999 repetitions:-->
                     <clos:owner>
                        <!--You have a CHOICE of the next 2 items at this level-->
                        <clos:person>
                           <!--You have a CHOICE of the next 3 items at this level-->
                           <clos:socialSecurityNumber>125</clos:socialSecurityNumber>
                           <clos:lastname>baptiste</clos:lastname>
                        </clos:person>
                        <clos:rights>Admin</clos:rights>
                        <clos:ownerType>LEGAL_PERSON</clos:ownerType>
                     </clos:owner>
                  </clos:newState>
               </clos:report>
               <!--0 to 99 repetitions:-->
               <clos:linkedDossier>
                  <clos:referenceInitialService>referenceInitialService</clos:referenceInitialService>
                  <clos:referenceFodFin>15</clos:referenceFodFin>
               </clos:linkedDossier>
               <!--0 to 99 repetitions:-->
               <clos:attachment>
                  <com:fileName>cirb</com:fileName>
                  <com:data>    1234   </com:data>
               </clos:attachment>
            </clos:closedDossier>
         </v1:request>
      </v1:closedDossierRequest>
   </soapenv:Body>
</soapenv:Envelope>]]></con:request><con:credentials><con:selectedAuthProfile>Basic</con:selectedAuthProfile><con:addedBasicAuthenticationTypes>Basic</con:addedBasicAuthenticationTypes><con:authType>Global HTTP Settings</con:authType></con:credentials><con:jmsConfig JMSDeliveryMode="PERSISTENT"/><con:jmsPropertyConfig/><con:wsaConfig mustUnderstand="NONE" version="200508" action="http://fidus.brussels/services/exportfromregondesservice/closedDossier"/><con:wsrmConfig version="1.2"/></con:call><con:call id="e5392768-eaec-465a-952a-8b615cada3b3" name="5 - Prod - External - Request" incomingWss="Inflow PROD" outgoingWss="Outflow PROD"><con:settings><con:setting id="com.eviware.soapui.impl.wsdl.WsdlRequest@request-headers">&lt;xml-fragment/></con:setting></con:settings><con:encoding>UTF-8</con:encoding><con:endpoint>https://fidus.sec.brussels/services/ExportFromRegondesservice_v1.0</con:endpoint><con:request><![CDATA[<soapenv:Envelope xmlns:soapenv="http://schemas.xmlsoap.org/soap/envelope/" xmlns:v1="http://fidus.brussels/service/exportfromregondesservice/messages/v1" xmlns:v11="http://fidus.brussels/type/common/messages/v1" xmlns:clos="http://www.minfin.fgov.be/regondes2/extern/taxservice/exports/closedDossiers" xmlns:com="http://www.minfin.fgov.be/regondes2/extern/taxservice/common">
   <soapenv:Header/>
   <soapenv:Body>
      <v1:closedDossierRequest>
         <v1:messageContext>
            <v11:messageId>${=import static java.util.UUID.randomUUID; uuid = randomUUID() as String}</v11:messageId>
            <v11:timestamp>${=new java.text.SimpleDateFormat("yyyy-MM-dd'T'HH:mm:ss.SSS").format(new Date())}</v11:timestamp>
         </v1:messageContext>
         <v1:legalContext>ServiceIntegrator</v1:legalContext>
         <v1:request>
            <clos:closedDossier> 
               <clos:referenceFodFin>11223344</clos:referenceFodFin>
               <clos:fiscalYear>2017</clos:fiscalYear>
               <clos:initialService>
                  <com:technicalReference>technicalReference</com:technicalReference>
                  <com:type>AAF</com:type>
                  <clos:reference>reference</clos:reference>
               </clos:initialService>
               <clos:patrimonyInformation>
                  <clos:typeDossier>AA</clos:typeDossier>
                  <clos:patrimonyFrom>${=new java.text.SimpleDateFormat("yyyy-MM-dd").format(new Date())}</clos:patrimonyFrom>
                  <clos:patrimonyRef>1</clos:patrimonyRef>
                  <clos:cadastralDivisionCode>YYY</clos:cadastralDivisionCode>
                  <clos:articleNumber>51</clos:articleNumber>
               </clos:patrimonyInformation>
               <clos:report>
                  <clos:type>S</clos:type>
                  <clos:subtype>subtype</clos:subtype>
                  <clos:kind>INITIAL</clos:kind>
                  <clos:cadastralIncome>
                     <com:codeCadastralIncome>a</com:codeCadastralIncome>
                     <com:definitiveCadastralIncome>12</com:definitiveCadastralIncome>
                     <com:dateDefinitive>${=new java.text.SimpleDateFormat("yyyy-MM-dd").format(new Date())}</com:dateDefinitive>
                     <com:reasonDefinitive>my reason</com:reasonDefinitive>
                  </clos:cadastralIncome>
                  <clos:date>${=new java.text.SimpleDateFormat("yyyy-MM-dd").format(new Date())}</clos:date>
                  <clos:motivation>No motivation</clos:motivation>
                  <!--0 to 99 repetitions:-->
                  <clos:newState>
                     <!--1 to 999 repetitions:-->
                     <clos:parcel>
                        <clos:parcelNumber>
                           <clos:section>55254</clos:section>
                           <clos:groundNumber>9555</clos:groundNumber>
                           <clos:bisNumber>2525</clos:bisNumber>
                           <clos:exponent>1414</clos:exponent>
                           <clos:power>me</clos:power>
                           <clos:part>4</clos:part>
                        </clos:parcelNumber>
                        <clos:situation>invalid</clos:situation>
                        <clos:kind>no</clos:kind>
                        <clos:details>test</clos:details>
                        <!--You have a CHOICE of the next 2 items at this level-->
                        <clos:articleNumber>1141</clos:articleNumber>
                        <clos:sequenceNumber>3215</clos:sequenceNumber>
                        <!--0 to 99 repetitions:-->
                        <clos:cadastralInformation>
                           <clos:codeCadastralIncome>12</clos:codeCadastralIncome>
                           <clos:cadastralIncome>12</clos:cadastralIncome>
                           <clos:cadastralIncomePart>42</clos:cadastralIncomePart>
                           <clos:exemption>52</clos:exemption>
                           <clos:daysUnfruitful>5</clos:daysUnfruitful>
                        </clos:cadastralInformation>
                     </clos:parcel>
                     <!--1 to 999 repetitions:-->
                     <clos:owner>
                        <!--You have a CHOICE of the next 2 items at this level-->
                        <clos:person>
                           <!--You have a CHOICE of the next 3 items at this level-->
                           <clos:socialSecurityNumber>125</clos:socialSecurityNumber>
                           <clos:lastname>baptiste</clos:lastname>
                        </clos:person>
                        <clos:rights>Admin</clos:rights>
                        <clos:ownerType>LEGAL_PERSON</clos:ownerType>
                     </clos:owner>
                  </clos:newState>
               </clos:report>
               <!--0 to 99 repetitions:-->
               <clos:linkedDossier>
                  <clos:referenceInitialService>referenceInitialService</clos:referenceInitialService>
                  <clos:referenceFodFin>15</clos:referenceFodFin>
               </clos:linkedDossier>
               <!--0 to 99 repetitions:-->
               <clos:attachment>
                  <com:fileName>cirb</com:fileName>
                  <com:data>    1234   </com:data>
               </clos:attachment>
            </clos:closedDossier>
         </v1:request>
      </v1:closedDossierRequest>
   </soapenv:Body>
</soapenv:Envelope>]]></con:request><con:credentials><con:selectedAuthProfile>Basic</con:selectedAuthProfile><con:addedBasicAuthenticationTypes>Basic</con:addedBasicAuthenticationTypes><con:authType>Global HTTP Settings</con:authType></con:credentials><con:jmsConfig JMSDeliveryMode="PERSISTENT"/><con:jmsPropertyConfig/><con:wsaConfig mustUnderstand="NONE" version="200508" action="http://fidus.brussels/services/exportfromregondesservice/closedDossier"/><con:wsrmConfig version="1.2"/></con:call><con:call id="189206c3-4bc3-4b83-8a2e-30faa464375b" name="5 - Prod - Worker2 - Request" incomingWss="Inflow PROD" outgoingWss="Outflow PROD"><con:settings><con:setting id="com.eviware.soapui.impl.wsdl.WsdlRequest@request-headers">&lt;xml-fragment/></con:setting></con:settings><con:encoding>UTF-8</con:encoding><con:endpoint>https://192.168.26.19:8443/services/ExportFromRegondesService_v1.0</con:endpoint><con:request><![CDATA[<soapenv:Envelope xmlns:soapenv="http://schemas.xmlsoap.org/soap/envelope/" xmlns:v1="http://fidus.brussels/service/exportfromregondesservice/messages/v1" xmlns:v11="http://fidus.brussels/type/common/messages/v1" xmlns:clos="http://www.minfin.fgov.be/regondes2/extern/taxservice/exports/closedDossiers" xmlns:com="http://www.minfin.fgov.be/regondes2/extern/taxservice/common">
   <soapenv:Header/>
   <soapenv:Body>
      <v1:closedDossierRequest>
         <v1:messageContext>
            <v11:messageId>${=import static java.util.UUID.randomUUID; uuid = randomUUID() as String}</v11:messageId>
            <v11:timestamp>${=new java.text.SimpleDateFormat("yyyy-MM-dd'T'HH:mm:ss.SSS").format(new Date())}</v11:timestamp>
         </v1:messageContext>
         <v1:legalContext>ServiceIntegrator</v1:legalContext>
         <v1:request>
            <clos:closedDossier> 
               <clos:referenceFodFin>11223344</clos:referenceFodFin>
               <clos:fiscalYear>2017</clos:fiscalYear>
               <clos:initialService>
                  <com:technicalReference>technicalReference</com:technicalReference>
                  <com:type>AAF</com:type>
                  <clos:reference>reference</clos:reference>
               </clos:initialService>
               <clos:patrimonyInformation>
                  <clos:typeDossier>AA</clos:typeDossier>
                  <clos:patrimonyFrom>${=new java.text.SimpleDateFormat("yyyy-MM-dd").format(new Date())}</clos:patrimonyFrom>
                  <clos:patrimonyRef>1</clos:patrimonyRef>
                  <clos:cadastralDivisionCode>YYY</clos:cadastralDivisionCode>
                  <clos:articleNumber>51</clos:articleNumber>
               </clos:patrimonyInformation>
               <clos:report>
                  <clos:type>S</clos:type>
                  <clos:subtype>subtype</clos:subtype>
                  <clos:kind>INITIAL</clos:kind>
                  <clos:cadastralIncome>
                     <com:codeCadastralIncome>a</com:codeCadastralIncome>
                     <com:definitiveCadastralIncome>12</com:definitiveCadastralIncome>
                     <com:dateDefinitive>${=new java.text.SimpleDateFormat("yyyy-MM-dd").format(new Date())}</com:dateDefinitive>
                     <com:reasonDefinitive>my reason</com:reasonDefinitive>
                  </clos:cadastralIncome>
                  <clos:date>${=new java.text.SimpleDateFormat("yyyy-MM-dd").format(new Date())}</clos:date>
                  <clos:motivation>No motivation</clos:motivation>
                  <!--0 to 99 repetitions:-->
                  <clos:newState>
                     <!--1 to 999 repetitions:-->
                     <clos:parcel>
                        <clos:parcelNumber>
                           <clos:section>55254</clos:section>
                           <clos:groundNumber>9555</clos:groundNumber>
                           <clos:bisNumber>2525</clos:bisNumber>
                           <clos:exponent>1414</clos:exponent>
                           <clos:power>me</clos:power>
                           <clos:part>4</clos:part>
                        </clos:parcelNumber>
                        <clos:situation>invalid</clos:situation>
                        <clos:kind>no</clos:kind>
                        <clos:details>test</clos:details>
                        <!--You have a CHOICE of the next 2 items at this level-->
                        <clos:articleNumber>1141</clos:articleNumber>
                        <clos:sequenceNumber>3215</clos:sequenceNumber>
                        <!--0 to 99 repetitions:-->
                        <clos:cadastralInformation>
                           <clos:codeCadastralIncome>12</clos:codeCadastralIncome>
                           <clos:cadastralIncome>12</clos:cadastralIncome>
                           <clos:cadastralIncomePart>42</clos:cadastralIncomePart>
                           <clos:exemption>52</clos:exemption>
                           <clos:daysUnfruitful>5</clos:daysUnfruitful>
                        </clos:cadastralInformation>
                     </clos:parcel>
                     <!--1 to 999 repetitions:-->
                     <clos:owner>
                        <!--You have a CHOICE of the next 2 items at this level-->
                        <clos:person>
                           <!--You have a CHOICE of the next 3 items at this level-->
                           <clos:socialSecurityNumber>125</clos:socialSecurityNumber>
                           <clos:lastname>baptiste</clos:lastname>
                        </clos:person>
                        <clos:rights>Admin</clos:rights>
                        <clos:ownerType>LEGAL_PERSON</clos:ownerType>
                     </clos:owner>
                  </clos:newState>
               </clos:report>
               <!--0 to 99 repetitions:-->
               <clos:linkedDossier>
                  <clos:referenceInitialService>referenceInitialService</clos:referenceInitialService>
                  <clos:referenceFodFin>15</clos:referenceFodFin>
               </clos:linkedDossier>
               <!--0 to 99 repetitions:-->
               <clos:attachment>
                  <com:fileName>cirb</com:fileName>
                  <com:data>    1234   </com:data>
               </clos:attachment>
            </clos:closedDossier>
         </v1:request>
      </v1:closedDossierRequest>
   </soapenv:Body>
</soapenv:Envelope>]]></con:request><con:credentials><con:selectedAuthProfile>Basic</con:selectedAuthProfile><con:addedBasicAuthenticationTypes>Basic</con:addedBasicAuthenticationTypes><con:authType>Global HTTP Settings</con:authType></con:credentials><con:jmsConfig JMSDeliveryMode="PERSISTENT"/><con:jmsPropertyConfig/><con:wsaConfig mustUnderstand="NONE" version="200508" action="http://fidus.brussels/services/exportfromregondesservice/closedDossier"/><con:wsrmConfig version="1.2"/></con:call><con:call id="63b77d23-1ecf-44fd-bdb7-9c0e4b6ddcdf" name="3 - Test - External - Request" incomingWss="Inflow TEST" outgoingWss="Outflow TEST"><con:settings><con:setting id="com.eviware.soapui.impl.wsdl.WsdlRequest@request-headers">&lt;xml-fragment/></con:setting></con:settings><con:encoding>UTF-8</con:encoding><con:endpoint>https://fidus-test.irisnetlab.be/services/ExportFromRegondesService_v1.0</con:endpoint><con:request><![CDATA[<soapenv:Envelope xmlns:soapenv="http://schemas.xmlsoap.org/soap/envelope/" xmlns:v1="http://fidus.brussels/service/exportfromregondesservice/messages/v1" xmlns:v11="http://fidus.brussels/type/common/messages/v1" xmlns:clos="http://www.minfin.fgov.be/regondes2/extern/taxservice/exports/closedDossiers" xmlns:com="http://www.minfin.fgov.be/regondes2/extern/taxservice/common">
   <soapenv:Header/>
   <soapenv:Body>
      <v1:closedDossierRequest>
         <v1:messageContext>
            <v11:messageId>${=import static java.util.UUID.randomUUID; uuid = randomUUID() as String}</v11:messageId>
            <v11:timestamp>${=new java.text.SimpleDateFormat("yyyy-MM-dd'T'HH:mm:ss.SSS").format(new Date())}</v11:timestamp>
         </v1:messageContext>
         <v1:legalContext>ServiceIntegrator</v1:legalContext>
         <v1:request>
            <clos:closedDossier> 
               <clos:referenceFodFin>11223344</clos:referenceFodFin>
               <clos:fiscalYear>2017</clos:fiscalYear>
               <clos:initialService>
                  <com:technicalReference>technicalReference</com:technicalReference>
                  <com:type>AAF</com:type>
                  <clos:reference>reference</clos:reference>
               </clos:initialService>
               <clos:patrimonyInformation>
                  <clos:typeDossier>AA</clos:typeDossier>
                  <clos:patrimonyFrom>${=new java.text.SimpleDateFormat("yyyy-MM-dd").format(new Date())}</clos:patrimonyFrom>
                  <clos:patrimonyRef>1</clos:patrimonyRef>
                  <clos:cadastralDivisionCode>YYY</clos:cadastralDivisionCode>
                  <clos:articleNumber>51</clos:articleNumber>
               </clos:patrimonyInformation>
               <clos:report>
                  <clos:type>S</clos:type>
                  <clos:subtype>subtype</clos:subtype>
                  <clos:kind>INITIAL</clos:kind>
                  <clos:cadastralIncome>
                     <com:codeCadastralIncome>a</com:codeCadastralIncome>
                     <com:definitiveCadastralIncome>12</com:definitiveCadastralIncome>
                     <com:dateDefinitive>${=new java.text.SimpleDateFormat("yyyy-MM-dd").format(new Date())}</com:dateDefinitive>
                     <com:reasonDefinitive>my reason</com:reasonDefinitive>
                  </clos:cadastralIncome>
                  <clos:date>${=new java.text.SimpleDateFormat("yyyy-MM-dd").format(new Date())}</clos:date>
                  <clos:motivation>No motivation</clos:motivation>
                  <!--0 to 99 repetitions:-->
                  <clos:newState>
                     <!--1 to 999 repetitions:-->
                     <clos:parcel>
                        <clos:parcelNumber>
                           <clos:section>55254</clos:section>
                           <clos:groundNumber>9555</clos:groundNumber>
                           <clos:bisNumber>2525</clos:bisNumber>
                           <clos:exponent>1414</clos:exponent>
                           <clos:power>me</clos:power>
                           <clos:part>4</clos:part>
                        </clos:parcelNumber>
                        <clos:situation>invalid</clos:situation>
                        <clos:kind>no</clos:kind>
                        <clos:details>test</clos:details>
                        <!--You have a CHOICE of the next 2 items at this level-->
                        <clos:articleNumber>1141</clos:articleNumber>
                        <clos:sequenceNumber>3215</clos:sequenceNumber>
                        <!--0 to 99 repetitions:-->
                        <clos:cadastralInformation>
                           <clos:codeCadastralIncome>12</clos:codeCadastralIncome>
                           <clos:cadastralIncome>12</clos:cadastralIncome>
                           <clos:cadastralIncomePart>42</clos:cadastralIncomePart>
                           <clos:exemption>52</clos:exemption>
                           <clos:daysUnfruitful>5</clos:daysUnfruitful>
                        </clos:cadastralInformation>
                     </clos:parcel>
                     <!--1 to 999 repetitions:-->
                     <clos:owner>
                        <!--You have a CHOICE of the next 2 items at this level-->
                        <clos:person>
                           <!--You have a CHOICE of the next 3 items at this level-->
                           <clos:socialSecurityNumber>125</clos:socialSecurityNumber>
                           <clos:lastname>baptiste</clos:lastname>
                        </clos:person>
                        <clos:rights>Admin</clos:rights>
                        <clos:ownerType>LEGAL_PERSON</clos:ownerType>
                     </clos:owner>
                  </clos:newState>
               </clos:report>
               <!--0 to 99 repetitions:-->
               <clos:linkedDossier>
                  <clos:referenceInitialService>referenceInitialService</clos:referenceInitialService>
                  <clos:referenceFodFin>15</clos:referenceFodFin>
               </clos:linkedDossier>
               <!--0 to 99 repetitions:-->
               <clos:attachment>
                  <com:fileName>cirb</com:fileName>
                  <com:data>    1234   </com:data>
               </clos:attachment>
            </clos:closedDossier>
         </v1:request>
      </v1:closedDossierRequest>
   </soapenv:Body>
</soapenv:Envelope>]]></con:request><con:credentials><con:selectedAuthProfile>Basic</con:selectedAuthProfile><con:addedBasicAuthenticationTypes>Basic</con:addedBasicAuthenticationTypes><con:authType>Global HTTP Settings</con:authType></con:credentials><con:jmsConfig JMSDeliveryMode="PERSISTENT"/><con:jmsPropertyConfig/><con:wsaConfig mustUnderstand="NONE" version="200508" action="http://fidus.brussels/services/exportfromregondesservice/closedDossier"/><con:wsrmConfig version="1.2"/></con:call><con:call id="4d84f272-7224-4c6e-b5c0-d682e0a0f653" name="4 - Staging - External - Request" incomingWss="Inflow STAGING" outgoingWss="Outflow STAGING"><con:settings><con:setting id="com.eviware.soapui.impl.wsdl.WsdlRequest@request-headers">&lt;xml-fragment/></con:setting></con:settings><con:encoding>UTF-8</con:encoding><con:endpoint>https://fidus.irisnetlab.be/services/ExportFromRegondesService_v1.0</con:endpoint><con:request><![CDATA[<soapenv:Envelope xmlns:soapenv="http://schemas.xmlsoap.org/soap/envelope/" xmlns:v1="http://fidus.brussels/service/exportfromregondesservice/messages/v1" xmlns:v11="http://fidus.brussels/type/common/messages/v1" xmlns:clos="http://www.minfin.fgov.be/regondes2/extern/taxservice/exports/closedDossiers" xmlns:com="http://www.minfin.fgov.be/regondes2/extern/taxservice/common">
   <soapenv:Header/>
   <soapenv:Body>
      <v1:closedDossierRequest>
         <v1:messageContext>
            <v11:messageId>${=import static java.util.UUID.randomUUID; uuid = randomUUID() as String}</v11:messageId>
            <v11:timestamp>${=new java.text.SimpleDateFormat("yyyy-MM-dd'T'HH:mm:ss.SSS").format(new Date())}</v11:timestamp>
         </v1:messageContext>
         <v1:legalContext>ServiceIntegrator</v1:legalContext>
         <v1:request>
            <clos:closedDossier> 
               <clos:referenceFodFin>11223344</clos:referenceFodFin>
               <clos:fiscalYear>2017</clos:fiscalYear>
               <clos:initialService>
                  <com:technicalReference>technicalReference</com:technicalReference>
                  <com:type>AAF</com:type>
                  <clos:reference>reference</clos:reference>
               </clos:initialService>
               <clos:patrimonyInformation>
                  <clos:typeDossier>AA</clos:typeDossier>
                  <clos:patrimonyFrom>${=new java.text.SimpleDateFormat("yyyy-MM-dd").format(new Date())}</clos:patrimonyFrom>
                  <clos:patrimonyRef>1</clos:patrimonyRef>
                  <clos:cadastralDivisionCode>YYY</clos:cadastralDivisionCode>
                  <clos:articleNumber>51</clos:articleNumber>
               </clos:patrimonyInformation>
               <clos:report>
                  <clos:type>S</clos:type>
                  <clos:subtype>subtype</clos:subtype>
                  <clos:kind>INITIAL</clos:kind>
                  <clos:cadastralIncome>
                     <com:codeCadastralIncome>a</com:codeCadastralIncome>
                     <com:definitiveCadastralIncome>12</com:definitiveCadastralIncome>
                     <com:dateDefinitive>${=new java.text.SimpleDateFormat("yyyy-MM-dd").format(new Date())}</com:dateDefinitive>
                     <com:reasonDefinitive>my reason</com:reasonDefinitive>
                  </clos:cadastralIncome>
                  <clos:date>${=new java.text.SimpleDateFormat("yyyy-MM-dd").format(new Date())}</clos:date>
                  <clos:motivation>No motivation</clos:motivation>
                  <!--0 to 99 repetitions:-->
                  <clos:newState>
                     <!--1 to 999 repetitions:-->
                     <clos:parcel>
                        <clos:parcelNumber>
                           <clos:section>55254</clos:section>
                           <clos:groundNumber>9555</clos:groundNumber>
                           <clos:bisNumber>2525</clos:bisNumber>
                           <clos:exponent>1414</clos:exponent>
                           <clos:power>me</clos:power>
                           <clos:part>4</clos:part>
                        </clos:parcelNumber>
                        <clos:situation>invalid</clos:situation>
                        <clos:kind>no</clos:kind>
                        <clos:details>test</clos:details>
                        <!--You have a CHOICE of the next 2 items at this level-->
                        <clos:articleNumber>1141</clos:articleNumber>
                        <clos:sequenceNumber>3215</clos:sequenceNumber>
                        <!--0 to 99 repetitions:-->
                        <clos:cadastralInformation>
                           <clos:codeCadastralIncome>12</clos:codeCadastralIncome>
                           <clos:cadastralIncome>12</clos:cadastralIncome>
                           <clos:cadastralIncomePart>42</clos:cadastralIncomePart>
                           <clos:exemption>52</clos:exemption>
                           <clos:daysUnfruitful>5</clos:daysUnfruitful>
                        </clos:cadastralInformation>
                     </clos:parcel>
                     <!--1 to 999 repetitions:-->
                     <clos:owner>
                        <!--You have a CHOICE of the next 2 items at this level-->
                        <clos:person>
                           <!--You have a CHOICE of the next 3 items at this level-->
                           <clos:socialSecurityNumber>125</clos:socialSecurityNumber>
                           <clos:lastname>baptiste</clos:lastname>
                        </clos:person>
                        <clos:rights>Admin</clos:rights>
                        <clos:ownerType>LEGAL_PERSON</clos:ownerType>
                     </clos:owner>
                  </clos:newState>
               </clos:report>
               <!--0 to 99 repetitions:-->
               <clos:linkedDossier>
                  <clos:referenceInitialService>referenceInitialService</clos:referenceInitialService>
                  <clos:referenceFodFin>15</clos:referenceFodFin>
               </clos:linkedDossier>
               <!--0 to 99 repetitions:-->
               <clos:attachment>
                  <com:fileName>cirb</com:fileName>
                  <com:data>    1234   </com:data>
               </clos:attachment>
            </clos:closedDossier>
         </v1:request>
      </v1:closedDossierRequest>
   </soapenv:Body>
</soapenv:Envelope>]]></con:request><con:credentials><con:selectedAuthProfile>Basic</con:selectedAuthProfile><con:addedBasicAuthenticationTypes>Basic</con:addedBasicAuthenticationTypes><con:authType>Global HTTP Settings</con:authType></con:credentials><con:jmsConfig JMSDeliveryMode="PERSISTENT"/><con:jmsPropertyConfig/><con:wsaConfig mustUnderstand="NONE" version="200508" action="http://fidus.brussels/services/exportfromregondesservice/closedDossier"/><con:wsrmConfig version="1.2"/></con:call></con:operation><con:operation id="f88eacdb-743a-4601-a3e9-3e5fcb87833e" isOneWay="false" action="http://fidus.brussels/services/exportfromregondesservice/postponedDossier" name="postponedDossier" bindingOperationName="postponedDossier" type="Request-Response" inputName="" receivesAttachments="false" sendsAttachments="false" anonymous="optional"><con:settings/><con:call id="7de93a2f-221f-4210-a452-57a86c8b7ea6" name="1 - Local - Request - Success" incomingWss="Inflow DEV" outgoingWss="Outflow DEV"><con:settings><con:setting id="com.eviware.soapui.impl.wsdl.WsdlRequest@request-headers">&lt;xml-fragment/></con:setting></con:settings><con:encoding>UTF-8</con:encoding><con:endpoint>https://localhost:8243/services/ExportFromRegondesService_v1.0</con:endpoint><con:request><![CDATA[<soapenv:Envelope xmlns:soapenv="http://schemas.xmlsoap.org/soap/envelope/" xmlns:v1="http://fidus.brussels/service/exportfromregondesservice/messages/v1" xmlns:v11="http://fidus.brussels/type/common/messages/v1" xmlns:pos="http://www.minfin.fgov.be/regondes2/extern/taxservice/exports/postponedDossiers" xmlns:com="http://www.minfin.fgov.be/regondes2/extern/taxservice/common">
   <soapenv:Header/>
   <soapenv:Body>
      <v1:postponedDossierRequest>
         <v1:messageContext>
            <v11:messageId>${=import static java.util.UUID.randomUUID; uuid = randomUUID() as String}</v11:messageId>
            <!--Optional:-->
            <v11:timestamp>${=new java.text.SimpleDateFormat("yyyy-MM-dd'T'HH:mm:ss.SSS").format(new Date())}</v11:timestamp>
         </v1:messageContext>
         <v1:legalContext>ServiceIntegrator</v1:legalContext>
         <v1:request>
            <pos:postponedDossier>
               <pos:referenceFodFin>11223344</pos:referenceFodFin>
               <pos:initialService>
                  <!--Optional:-->
                  <com:technicalReference>technicalReference</com:technicalReference>
                  <com:type>AAF</com:type>
                  <com:reference>reference</com:reference>
               </pos:initialService>
               <pos:postponement>
                  <pos:datePostponement>${=new java.text.SimpleDateFormat("yyyy-MM-dd").format(new Date())}</pos:datePostponement>
                  <pos:reasonPostponed>TEST</pos:reasonPostponed>
                  <pos:newTargetDate>${=new java.text.SimpleDateFormat("yyyy-MM-dd").format(new Date())}</pos:newTargetDate>
               </pos:postponement>
            </pos:postponedDossier>
         </v1:request>
      </v1:postponedDossierRequest>
   </soapenv:Body>
</soapenv:Envelope>]]></con:request><con:credentials><con:selectedAuthProfile>Basic</con:selectedAuthProfile><con:addedBasicAuthenticationTypes>Basic</con:addedBasicAuthenticationTypes><con:authType>Global HTTP Settings</con:authType></con:credentials><con:jmsConfig JMSDeliveryMode="PERSISTENT"/><con:jmsPropertyConfig/><con:wsaConfig mustUnderstand="NONE" version="200508" action="http://fidus.brussels/services/exportfromregondesservice/postponedDossier"/><con:wsrmConfig version="1.2"/></con:call><con:call id="fc1400a8-2d97-439c-a538-0fc1a467f154" name="1 - Local - Request - Error" incomingWss="Inflow DEV" outgoingWss="Outflow DEV"><con:settings><con:setting id="com.eviware.soapui.impl.wsdl.WsdlRequest@request-headers">&lt;xml-fragment/></con:setting></con:settings><con:encoding>UTF-8</con:encoding><con:endpoint>https://localhost:8243/services/ExportFromRegondesService_v1.0</con:endpoint><con:request><![CDATA[<soapenv:Envelope xmlns:soapenv="http://schemas.xmlsoap.org/soap/envelope/" xmlns:v1="http://fidus.brussels/service/exportfromregondesservice/messages/v1" xmlns:v11="http://fidus.brussels/type/common/messages/v1" xmlns:pos="http://www.minfin.fgov.be/regondes2/extern/taxservice/exports/postponedDossiers" xmlns:com="http://www.minfin.fgov.be/regondes2/extern/taxservice/common">
   <soapenv:Header/>
   <soapenv:Body>
      <v1:postponedDossierRequest>
         <v1:messageContext>
            <v11:messageId>${=import static java.util.UUID.randomUUID; uuid = randomUUID() as String}</v11:messageId>
            <!--Optional:-->
            <v11:timestamp>${=new java.text.SimpleDateFormat("yyyy-MM-dd'T'HH:mm:ss.SSS").format(new Date())}</v11:timestamp>
         </v1:messageContext>
         <v1:legalContext>ServiceIntegrator</v1:legalContext>
         <v1:request>
            <pos:postponedDossier>
               <!-- <pos:referenceFodFin>12003001507</pos:referenceFodFin> --> <!-- Technical reference not found -->
               <!-- <pos:referenceFodFin>12003001506</pos:referenceFodFin> --> <!-- Reference not found -->  
               <pos:referenceFodFin>11223345</pos:referenceFodFin> <!-- Requested dossier is already close -->
               <pos:initialService>
                  <!--Optional:-->
                  <com:technicalReference>technicalReference</com:technicalReference>
                  <com:type>AAF</com:type>
                  <com:reference>reference</com:reference>
               </pos:initialService>
               <pos:postponement>
                  <pos:datePostponement>${=new java.text.SimpleDateFormat("yyyy-MM-dd").format(new Date())}</pos:datePostponement>
                  <pos:reasonPostponed>TEST</pos:reasonPostponed>
                  <pos:newTargetDate>${=new java.text.SimpleDateFormat("yyyy-MM-dd").format(new Date())}</pos:newTargetDate>
               </pos:postponement>
            </pos:postponedDossier>
         </v1:request>
      </v1:postponedDossierRequest>
   </soapenv:Body>
</soapenv:Envelope>]]></con:request><con:credentials><con:selectedAuthProfile>Basic</con:selectedAuthProfile><con:addedBasicAuthenticationTypes>Basic</con:addedBasicAuthenticationTypes><con:authType>Global HTTP Settings</con:authType></con:credentials><con:jmsConfig JMSDeliveryMode="PERSISTENT"/><con:jmsPropertyConfig/><con:wsaConfig mustUnderstand="NONE" version="200508" action="http://fidus.brussels/services/exportfromregondesservice/postponedDossier"/><con:wsrmConfig version="1.2"/></con:call><con:call id="20714604-2017-4093-bf1f-4f53fd572191" name="2 - Dev - Request - Success" incomingWss="Inflow DEV" outgoingWss="Outflow DEV"><con:settings><con:setting id="com.eviware.soapui.impl.wsdl.WsdlRequest@request-headers">&lt;xml-fragment/></con:setting></con:settings><con:encoding>UTF-8</con:encoding><con:endpoint>https://192.168.36.61:8243/services/ExportFromRegondesService_v1.0</con:endpoint><con:request><![CDATA[<soapenv:Envelope xmlns:soapenv="http://schemas.xmlsoap.org/soap/envelope/" xmlns:v1="http://fidus.brussels/service/exportfromregondesservice/messages/v1" xmlns:v11="http://fidus.brussels/type/common/messages/v1" xmlns:pos="http://www.minfin.fgov.be/regondes2/extern/taxservice/exports/postponedDossiers" xmlns:com="http://www.minfin.fgov.be/regondes2/extern/taxservice/common">
   <soapenv:Header/>
   <soapenv:Body>
      <v1:postponedDossierRequest>
         <v1:messageContext>
            <v11:messageId>${=import static java.util.UUID.randomUUID; uuid = randomUUID() as String}</v11:messageId>
            <!--Optional:-->
            <v11:timestamp>${=new java.text.SimpleDateFormat("yyyy-MM-dd'T'HH:mm:ss.SSS").format(new Date())}</v11:timestamp>
         </v1:messageContext>
         <v1:legalContext>ServiceIntegrator</v1:legalContext>
         <v1:request>
            <pos:postponedDossier>
               <pos:referenceFodFin>11223344</pos:referenceFodFin>
               <pos:initialService>
                  <!--Optional:-->
                  <com:technicalReference>technicalReference</com:technicalReference>
                  <com:type>AAF</com:type>
                  <com:reference>reference</com:reference>
               </pos:initialService>
               <pos:postponement>
                  <pos:datePostponement>${=new java.text.SimpleDateFormat("yyyy-MM-dd").format(new Date())}</pos:datePostponement>
                  <pos:reasonPostponed>TEST</pos:reasonPostponed>
                  <pos:newTargetDate>${=new java.text.SimpleDateFormat("yyyy-MM-dd").format(new Date())}</pos:newTargetDate>
               </pos:postponement>
            </pos:postponedDossier>
         </v1:request>
      </v1:postponedDossierRequest>
   </soapenv:Body>
</soapenv:Envelope>]]></con:request><con:credentials><con:selectedAuthProfile>Basic</con:selectedAuthProfile><con:addedBasicAuthenticationTypes>Basic</con:addedBasicAuthenticationTypes><con:authType>Global HTTP Settings</con:authType></con:credentials><con:jmsConfig JMSDeliveryMode="PERSISTENT"/><con:jmsPropertyConfig/><con:wsaConfig mustUnderstand="NONE" version="200508" action="http://fidus.brussels/services/exportfromregondesservice/postponedDossier"/><con:wsrmConfig version="1.2"/></con:call><con:call id="10111671-fdf2-4375-8d14-e4a44842a128" name="2 - Dev - Request - Error" incomingWss="Inflow DEV" outgoingWss="Outflow DEV"><con:settings><con:setting id="com.eviware.soapui.impl.wsdl.WsdlRequest@request-headers">&lt;xml-fragment/></con:setting></con:settings><con:encoding>UTF-8</con:encoding><con:endpoint>https://192.168.36.61:8243/services/ExportFromRegondesService_v1.0</con:endpoint><con:request><![CDATA[<soapenv:Envelope xmlns:soapenv="http://schemas.xmlsoap.org/soap/envelope/" xmlns:v1="http://fidus.brussels/service/exportfromregondesservice/messages/v1" xmlns:v11="http://fidus.brussels/type/common/messages/v1" xmlns:pos="http://www.minfin.fgov.be/regondes2/extern/taxservice/exports/postponedDossiers" xmlns:com="http://www.minfin.fgov.be/regondes2/extern/taxservice/common">
   <soapenv:Header/>
   <soapenv:Body>
      <v1:postponedDossierRequest>
         <v1:messageContext>
            <v11:messageId>${=import static java.util.UUID.randomUUID; uuid = randomUUID() as String}</v11:messageId>
            <!--Optional:-->
            <v11:timestamp>${=new java.text.SimpleDateFormat("yyyy-MM-dd'T'HH:mm:ss.SSS").format(new Date())}</v11:timestamp>
         </v1:messageContext>
         <v1:legalContext>ServiceIntegrator</v1:legalContext>
         <v1:request>
            <pos:postponedDossier>
               <!-- <pos:referenceFodFin>12003001507</pos:referenceFodFin> --> <!-- Technical reference not found -->
               <!-- <pos:referenceFodFin>12003001506</pos:referenceFodFin> --> <!-- Reference not found -->  
               <pos:referenceFodFin>11223345</pos:referenceFodFin> <!-- Requested dossier is already close -->
               <pos:initialService>
                  <!--Optional:-->
                  <com:technicalReference>technicalReference</com:technicalReference>
                  <com:type>AAF</com:type>
                  <com:reference>reference</com:reference>
               </pos:initialService>
               <pos:postponement>
                  <pos:datePostponement>${=new java.text.SimpleDateFormat("yyyy-MM-dd").format(new Date())}</pos:datePostponement>
                  <pos:reasonPostponed>TEST</pos:reasonPostponed>
                  <pos:newTargetDate>${=new java.text.SimpleDateFormat("yyyy-MM-dd").format(new Date())}</pos:newTargetDate>
               </pos:postponement>
            </pos:postponedDossier>
         </v1:request>
      </v1:postponedDossierRequest>
   </soapenv:Body>
</soapenv:Envelope>]]></con:request><con:credentials><con:selectedAuthProfile>Basic</con:selectedAuthProfile><con:addedBasicAuthenticationTypes>Basic</con:addedBasicAuthenticationTypes><con:authType>Global HTTP Settings</con:authType></con:credentials><con:jmsConfig JMSDeliveryMode="PERSISTENT"/><con:jmsPropertyConfig/><con:wsaConfig mustUnderstand="NONE" version="200508" action="http://fidus.brussels/services/exportfromregondesservice/postponedDossier"/><con:wsrmConfig version="1.2"/></con:call><con:call id="51725dd1-b164-497a-9c6f-3f73ca8334a2" name="3 - Test - LB - Request" outgoingWss="Outflow TEST" incomingWss="Inflow TEST"><con:settings><con:setting id="com.eviware.soapui.impl.wsdl.WsdlRequest@request-headers">&lt;xml-fragment/></con:setting></con:settings><con:encoding>UTF-8</con:encoding><con:endpoint>https://esb-security-gw.sta.srv.cirb.lan:8443/services/ExportFromRegondesService_v1.0</con:endpoint><con:request><![CDATA[<soapenv:Envelope xmlns:soapenv="http://schemas.xmlsoap.org/soap/envelope/" xmlns:v1="http://fidus.brussels/service/exportfromregondesservice/messages/v1" xmlns:v11="http://fidus.brussels/type/common/messages/v1" xmlns:pos="http://www.minfin.fgov.be/regondes2/extern/taxservice/exports/postponedDossiers" xmlns:com="http://www.minfin.fgov.be/regondes2/extern/taxservice/common">
   <soapenv:Header/>
   <soapenv:Body>
      <v1:postponedDossierRequest>
         <v1:messageContext>
            <v11:messageId>${=import static java.util.UUID.randomUUID; uuid = randomUUID() as String}</v11:messageId>
            <!--Optional:-->
            <v11:timestamp>${=new java.text.SimpleDateFormat("yyyy-MM-dd'T'HH:mm:ss.SSS").format(new Date())}</v11:timestamp>
         </v1:messageContext>
         <v1:legalContext>ServiceIntegrator</v1:legalContext>
         <v1:request>
            <pos:postponedDossier>
               <pos:referenceFodFin>11223344</pos:referenceFodFin>
               <pos:initialService>
                  <!--Optional:-->
                  <com:technicalReference>technicalReference</com:technicalReference>
                  <com:type>AAF</com:type>
                  <com:reference>reference</com:reference>
               </pos:initialService>
               <pos:postponement>
                  <pos:datePostponement>${=new java.text.SimpleDateFormat("yyyy-MM-dd").format(new Date())}</pos:datePostponement>
                  <pos:reasonPostponed>TEST</pos:reasonPostponed>
                  <pos:newTargetDate>${=new java.text.SimpleDateFormat("yyyy-MM-dd").format(new Date())}</pos:newTargetDate>
               </pos:postponement>
            </pos:postponedDossier>
         </v1:request>
      </v1:postponedDossierRequest>
   </soapenv:Body>
</soapenv:Envelope>]]></con:request><con:credentials><con:selectedAuthProfile>Basic</con:selectedAuthProfile><con:addedBasicAuthenticationTypes>Basic</con:addedBasicAuthenticationTypes><con:authType>Global HTTP Settings</con:authType></con:credentials><con:jmsConfig JMSDeliveryMode="PERSISTENT"/><con:jmsPropertyConfig/><con:wsaConfig mustUnderstand="NONE" version="200508" action="http://fidus.brussels/services/exportfromregondesservice/postponedDossier"/><con:wsrmConfig version="1.2"/></con:call><con:call id="751525d9-2cb5-4292-8d95-79342a2d56f7" name="3 - Test - Worker1 - Request" incomingWss="Inflow TEST" outgoingWss="Outflow TEST"><con:settings><con:setting id="com.eviware.soapui.impl.wsdl.WsdlRequest@request-headers">&lt;xml-fragment/></con:setting></con:settings><con:encoding>UTF-8</con:encoding><con:endpoint>https://192.168.22.53:8443/services/ExportFromRegondesService_v1.0</con:endpoint><con:request><![CDATA[<soapenv:Envelope xmlns:soapenv="http://schemas.xmlsoap.org/soap/envelope/" xmlns:v1="http://fidus.brussels/service/exportfromregondesservice/messages/v1" xmlns:v11="http://fidus.brussels/type/common/messages/v1" xmlns:pos="http://www.minfin.fgov.be/regondes2/extern/taxservice/exports/postponedDossiers" xmlns:com="http://www.minfin.fgov.be/regondes2/extern/taxservice/common">
   <soapenv:Header/>
   <soapenv:Body>
      <v1:postponedDossierRequest>
         <v1:messageContext>
            <v11:messageId>${=import static java.util.UUID.randomUUID; uuid = randomUUID() as String}</v11:messageId>
            <!--Optional:-->
            <v11:timestamp>${=new java.text.SimpleDateFormat("yyyy-MM-dd'T'HH:mm:ss.SSS").format(new Date())}</v11:timestamp>
         </v1:messageContext>
         <v1:legalContext>ServiceIntegrator</v1:legalContext>
         <v1:request>
            <pos:postponedDossier>
               <pos:referenceFodFin>11223344</pos:referenceFodFin>
               <pos:initialService>
                  <!--Optional:-->
                  <com:technicalReference>technicalReference</com:technicalReference>
                  <com:type>AAF</com:type>
                  <com:reference>reference</com:reference>
               </pos:initialService>
               <pos:postponement>
                  <pos:datePostponement>${=new java.text.SimpleDateFormat("yyyy-MM-dd").format(new Date())}</pos:datePostponement>
                  <pos:reasonPostponed>TEST</pos:reasonPostponed>
                  <pos:newTargetDate>${=new java.text.SimpleDateFormat("yyyy-MM-dd").format(new Date())}</pos:newTargetDate>
               </pos:postponement>
            </pos:postponedDossier>
         </v1:request>
      </v1:postponedDossierRequest>
   </soapenv:Body>
</soapenv:Envelope>]]></con:request><con:credentials><con:selectedAuthProfile>Basic</con:selectedAuthProfile><con:addedBasicAuthenticationTypes>Basic</con:addedBasicAuthenticationTypes><con:authType>Global HTTP Settings</con:authType></con:credentials><con:jmsConfig JMSDeliveryMode="PERSISTENT"/><con:jmsPropertyConfig/><con:wsaConfig mustUnderstand="NONE" version="200508" action="http://fidus.brussels/services/exportfromregondesservice/postponedDossier"/><con:wsrmConfig version="1.2"/></con:call><con:call id="1a521fa1-436b-4dfb-8940-c9b4a86bf3ed" name="3 - Test - Worker2 - Request" incomingWss="Inflow TEST" outgoingWss="Outflow TEST"><con:settings><con:setting id="com.eviware.soapui.impl.wsdl.WsdlRequest@request-headers">&lt;xml-fragment/></con:setting></con:settings><con:encoding>UTF-8</con:encoding><con:endpoint>https://192.168.22.54:8443/services/ExportFromRegondesService_v1.0</con:endpoint><con:request><![CDATA[<soapenv:Envelope xmlns:soapenv="http://schemas.xmlsoap.org/soap/envelope/" xmlns:v1="http://fidus.brussels/service/exportfromregondesservice/messages/v1" xmlns:v11="http://fidus.brussels/type/common/messages/v1" xmlns:pos="http://www.minfin.fgov.be/regondes2/extern/taxservice/exports/postponedDossiers" xmlns:com="http://www.minfin.fgov.be/regondes2/extern/taxservice/common">
   <soapenv:Header/>
   <soapenv:Body>
      <v1:postponedDossierRequest>
         <v1:messageContext>
            <v11:messageId>${=import static java.util.UUID.randomUUID; uuid = randomUUID() as String}</v11:messageId>
            <!--Optional:-->
            <v11:timestamp>${=new java.text.SimpleDateFormat("yyyy-MM-dd'T'HH:mm:ss.SSS").format(new Date())}</v11:timestamp>
         </v1:messageContext>
         <v1:legalContext>ServiceIntegrator</v1:legalContext>
         <v1:request>
            <pos:postponedDossier>
               <pos:referenceFodFin>11223344</pos:referenceFodFin>
               <pos:initialService>
                  <!--Optional:-->
                  <com:technicalReference>technicalReference</com:technicalReference>
                  <com:type>AAF</com:type>
                  <com:reference>reference</com:reference>
               </pos:initialService>
               <pos:postponement>
                  <pos:datePostponement>${=new java.text.SimpleDateFormat("yyyy-MM-dd").format(new Date())}</pos:datePostponement>
                  <pos:reasonPostponed>TEST</pos:reasonPostponed>
                  <pos:newTargetDate>${=new java.text.SimpleDateFormat("yyyy-MM-dd").format(new Date())}</pos:newTargetDate>
               </pos:postponement>
            </pos:postponedDossier>
         </v1:request>
      </v1:postponedDossierRequest>
   </soapenv:Body>
</soapenv:Envelope>]]></con:request><con:credentials><con:selectedAuthProfile>Basic</con:selectedAuthProfile><con:addedBasicAuthenticationTypes>Basic</con:addedBasicAuthenticationTypes><con:authType>Global HTTP Settings</con:authType></con:credentials><con:jmsConfig JMSDeliveryMode="PERSISTENT"/><con:jmsPropertyConfig/><con:wsaConfig mustUnderstand="NONE" version="200508" action="http://fidus.brussels/services/exportfromregondesservice/postponedDossier"/><con:wsrmConfig version="1.2"/></con:call><con:call id="502e264b-bfb8-44f7-9476-8d50495a8e8c" name="4 - Staging - LB - Request" outgoingWss="Outflow STAGING" incomingWss="Inflow STAGING"><con:settings><con:setting id="com.eviware.soapui.impl.wsdl.WsdlRequest@request-headers">&lt;xml-fragment/></con:setting></con:settings><con:encoding>UTF-8</con:encoding><con:endpoint>https://fidus-esb-sg.sta.srv.cirb.lan:8443/services/ExportFromRegondesService_v1.0</con:endpoint><con:request><![CDATA[<soapenv:Envelope xmlns:soapenv="http://schemas.xmlsoap.org/soap/envelope/" xmlns:v1="http://fidus.brussels/service/exportfromregondesservice/messages/v1" xmlns:v11="http://fidus.brussels/type/common/messages/v1" xmlns:pos="http://www.minfin.fgov.be/regondes2/extern/taxservice/exports/postponedDossiers" xmlns:com="http://www.minfin.fgov.be/regondes2/extern/taxservice/common">
   <soapenv:Header/>
   <soapenv:Body>
      <v1:postponedDossierRequest>
         <v1:messageContext>
            <v11:messageId>${=import static java.util.UUID.randomUUID; uuid = randomUUID() as String}</v11:messageId>
            <!--Optional:-->
            <v11:timestamp>${=new java.text.SimpleDateFormat("yyyy-MM-dd'T'HH:mm:ss.SSS").format(new Date())}</v11:timestamp>
         </v1:messageContext>
         <v1:legalContext>ServiceIntegrator</v1:legalContext>
         <v1:request>
            <pos:postponedDossier>
               <pos:referenceFodFin>11223344</pos:referenceFodFin>
               <pos:initialService>
                  <!--Optional:-->
                  <com:technicalReference>technicalReference</com:technicalReference>
                  <com:type>AAF</com:type>
                  <com:reference>reference</com:reference>
               </pos:initialService>
               <pos:postponement>
                  <pos:datePostponement>${=new java.text.SimpleDateFormat("yyyy-MM-dd").format(new Date())}</pos:datePostponement>
                  <pos:reasonPostponed>TEST</pos:reasonPostponed>
                  <pos:newTargetDate>${=new java.text.SimpleDateFormat("yyyy-MM-dd").format(new Date())}</pos:newTargetDate>
               </pos:postponement>
            </pos:postponedDossier>
         </v1:request>
      </v1:postponedDossierRequest>
   </soapenv:Body>
</soapenv:Envelope>]]></con:request><con:credentials><con:selectedAuthProfile>Basic</con:selectedAuthProfile><con:addedBasicAuthenticationTypes>Basic</con:addedBasicAuthenticationTypes><con:authType>Global HTTP Settings</con:authType></con:credentials><con:jmsConfig JMSDeliveryMode="PERSISTENT"/><con:jmsPropertyConfig/><con:wsaConfig mustUnderstand="NONE" version="200508" action="http://fidus.brussels/services/exportfromregondesservice/postponedDossier"/><con:wsrmConfig version="1.2"/></con:call><con:call id="890b98a4-c009-4270-830e-09c218e69ca1" name="4 - Staging - Worker1 - Request" incomingWss="Inflow STAGING" outgoingWss="Outflow STAGING"><con:settings><con:setting id="com.eviware.soapui.impl.wsdl.WsdlRequest@request-headers">&lt;xml-fragment/></con:setting></con:settings><con:encoding>UTF-8</con:encoding><con:endpoint>https://192.168.24.16:8443/services/ExportFromRegondesService_v1.0</con:endpoint><con:request><![CDATA[<soapenv:Envelope xmlns:soapenv="http://schemas.xmlsoap.org/soap/envelope/" xmlns:v1="http://fidus.brussels/service/exportfromregondesservice/messages/v1" xmlns:v11="http://fidus.brussels/type/common/messages/v1" xmlns:pos="http://www.minfin.fgov.be/regondes2/extern/taxservice/exports/postponedDossiers" xmlns:com="http://www.minfin.fgov.be/regondes2/extern/taxservice/common">
   <soapenv:Header/>
   <soapenv:Body>
      <v1:postponedDossierRequest>
         <v1:messageContext>
            <v11:messageId>${=import static java.util.UUID.randomUUID; uuid = randomUUID() as String}</v11:messageId>
            <!--Optional:-->
            <v11:timestamp>${=new java.text.SimpleDateFormat("yyyy-MM-dd'T'HH:mm:ss.SSS").format(new Date())}</v11:timestamp>
         </v1:messageContext>
         <v1:legalContext>ServiceIntegrator</v1:legalContext>
         <v1:request>
            <pos:postponedDossier>
               <pos:referenceFodFin>11223344</pos:referenceFodFin>
               <pos:initialService>
                  <!--Optional:-->
                  <com:technicalReference>technicalReference</com:technicalReference>
                  <com:type>AAF</com:type>
                  <com:reference>reference</com:reference>
               </pos:initialService>
               <pos:postponement>
                  <pos:datePostponement>${=new java.text.SimpleDateFormat("yyyy-MM-dd").format(new Date())}</pos:datePostponement>
                  <pos:reasonPostponed>TEST</pos:reasonPostponed>
                  <pos:newTargetDate>${=new java.text.SimpleDateFormat("yyyy-MM-dd").format(new Date())}</pos:newTargetDate>
               </pos:postponement>
            </pos:postponedDossier>
         </v1:request>
      </v1:postponedDossierRequest>
   </soapenv:Body>
</soapenv:Envelope>]]></con:request><con:credentials><con:selectedAuthProfile>Basic</con:selectedAuthProfile><con:addedBasicAuthenticationTypes>Basic</con:addedBasicAuthenticationTypes><con:authType>Global HTTP Settings</con:authType></con:credentials><con:jmsConfig JMSDeliveryMode="PERSISTENT"/><con:jmsPropertyConfig/><con:wsaConfig mustUnderstand="NONE" version="200508" action="http://fidus.brussels/services/exportfromregondesservice/postponedDossier"/><con:wsrmConfig version="1.2"/></con:call><con:call id="a0f49606-3d56-4fc4-835c-3b79ec54681a" name="4 - Staging - worker2 - Request" incomingWss="Inflow STAGING" outgoingWss="Outflow STAGING"><con:settings><con:setting id="com.eviware.soapui.impl.wsdl.WsdlRequest@request-headers">&lt;xml-fragment/></con:setting></con:settings><con:encoding>UTF-8</con:encoding><con:endpoint>https://192.168.24.17:8443/services/ExportFromRegondesService_v1.0</con:endpoint><con:request><![CDATA[<soapenv:Envelope xmlns:soapenv="http://schemas.xmlsoap.org/soap/envelope/" xmlns:v1="http://fidus.brussels/service/exportfromregondesservice/messages/v1" xmlns:v11="http://fidus.brussels/type/common/messages/v1" xmlns:pos="http://www.minfin.fgov.be/regondes2/extern/taxservice/exports/postponedDossiers" xmlns:com="http://www.minfin.fgov.be/regondes2/extern/taxservice/common">
   <soapenv:Header/>
   <soapenv:Body>
      <v1:postponedDossierRequest>
         <v1:messageContext>
            <v11:messageId>${=import static java.util.UUID.randomUUID; uuid = randomUUID() as String}</v11:messageId>
            <!--Optional:-->
            <v11:timestamp>${=new java.text.SimpleDateFormat("yyyy-MM-dd'T'HH:mm:ss.SSS").format(new Date())}</v11:timestamp>
         </v1:messageContext>
         <v1:legalContext>ServiceIntegrator</v1:legalContext>
         <v1:request>
            <pos:postponedDossier>
               <pos:referenceFodFin>11223344</pos:referenceFodFin>
               <pos:initialService>
                  <!--Optional:-->
                  <com:technicalReference>technicalReference</com:technicalReference>
                  <com:type>AAF</com:type>
                  <com:reference>reference</com:reference>
               </pos:initialService>
               <pos:postponement>
                  <pos:datePostponement>${=new java.text.SimpleDateFormat("yyyy-MM-dd").format(new Date())}</pos:datePostponement>
                  <pos:reasonPostponed>TEST</pos:reasonPostponed>
                  <pos:newTargetDate>${=new java.text.SimpleDateFormat("yyyy-MM-dd").format(new Date())}</pos:newTargetDate>
               </pos:postponement>
            </pos:postponedDossier>
         </v1:request>
      </v1:postponedDossierRequest>
   </soapenv:Body>
</soapenv:Envelope>]]></con:request><con:credentials><con:selectedAuthProfile>Basic</con:selectedAuthProfile><con:addedBasicAuthenticationTypes>Basic</con:addedBasicAuthenticationTypes><con:authType>Global HTTP Settings</con:authType></con:credentials><con:jmsConfig JMSDeliveryMode="PERSISTENT"/><con:jmsPropertyConfig/><con:wsaConfig mustUnderstand="NONE" version="200508" action="http://fidus.brussels/services/exportfromregondesservice/postponedDossier"/><con:wsrmConfig version="1.2"/></con:call><con:call id="edbeaf0d-8e82-4594-b95e-33e1c5c92f61" name="5 - Prod - LB - Request" incomingWss="Inflow PROD" outgoingWss="Outflow PROD"><con:settings><con:setting id="com.eviware.soapui.impl.wsdl.WsdlRequest@request-headers">&lt;xml-fragment/></con:setting></con:settings><con:encoding>UTF-8</con:encoding><con:endpoint>https://fidus-esb-sg.prd.srv.cirb.lan:8443/services/ExportFromRegondesService_v1.0</con:endpoint><con:request><![CDATA[<soapenv:Envelope xmlns:soapenv="http://schemas.xmlsoap.org/soap/envelope/" xmlns:v1="http://fidus.brussels/service/exportfromregondesservice/messages/v1" xmlns:v11="http://fidus.brussels/type/common/messages/v1" xmlns:pos="http://www.minfin.fgov.be/regondes2/extern/taxservice/exports/postponedDossiers" xmlns:com="http://www.minfin.fgov.be/regondes2/extern/taxservice/common">
   <soapenv:Header/>
   <soapenv:Body>
      <v1:postponedDossierRequest>
         <v1:messageContext>
            <v11:messageId>${=import static java.util.UUID.randomUUID; uuid = randomUUID() as String}</v11:messageId>
            <!--Optional:-->
            <v11:timestamp>${=new java.text.SimpleDateFormat("yyyy-MM-dd'T'HH:mm:ss.SSS").format(new Date())}</v11:timestamp>
         </v1:messageContext>
         <v1:legalContext>ServiceIntegrator</v1:legalContext>
         <v1:request>
            <pos:postponedDossier>
               <pos:referenceFodFin>11223344</pos:referenceFodFin>
               <pos:initialService>
                  <!--Optional:-->
                  <com:technicalReference>technicalReference</com:technicalReference>
                  <com:type>AAF</com:type>
                  <com:reference>reference</com:reference>
               </pos:initialService>
               <pos:postponement>
                  <pos:datePostponement>${=new java.text.SimpleDateFormat("yyyy-MM-dd").format(new Date())}</pos:datePostponement>
                  <pos:reasonPostponed>TEST</pos:reasonPostponed>
                  <pos:newTargetDate>${=new java.text.SimpleDateFormat("yyyy-MM-dd").format(new Date())}</pos:newTargetDate>
               </pos:postponement>
            </pos:postponedDossier>
         </v1:request>
      </v1:postponedDossierRequest>
   </soapenv:Body>
</soapenv:Envelope>]]></con:request><con:credentials><con:selectedAuthProfile>Basic</con:selectedAuthProfile><con:addedBasicAuthenticationTypes>Basic</con:addedBasicAuthenticationTypes><con:authType>Global HTTP Settings</con:authType></con:credentials><con:jmsConfig JMSDeliveryMode="PERSISTENT"/><con:jmsPropertyConfig/><con:wsaConfig mustUnderstand="NONE" version="200508" action="http://fidus.brussels/services/exportfromregondesservice/postponedDossier"/><con:wsrmConfig version="1.2"/></con:call><con:call id="6a1425de-0ae6-4abb-9c33-822dee03f9df" name="5 - Prod - External - Request" incomingWss="Inflow PROD" outgoingWss="Outflow PROD"><con:settings><con:setting id="com.eviware.soapui.impl.wsdl.WsdlRequest@request-headers">&lt;xml-fragment/></con:setting></con:settings><con:encoding>UTF-8</con:encoding><con:endpoint>https://fidus.sec.brussels/services/ExportFromRegondesservice_v1.0</con:endpoint><con:request><![CDATA[<soapenv:Envelope xmlns:soapenv="http://schemas.xmlsoap.org/soap/envelope/" xmlns:v1="http://fidus.brussels/service/exportfromregondesservice/messages/v1" xmlns:v11="http://fidus.brussels/type/common/messages/v1" xmlns:pos="http://www.minfin.fgov.be/regondes2/extern/taxservice/exports/postponedDossiers" xmlns:com="http://www.minfin.fgov.be/regondes2/extern/taxservice/common">
   <soapenv:Header/>
   <soapenv:Body>
      <v1:postponedDossierRequest>
         <v1:messageContext>
            <v11:messageId>${=import static java.util.UUID.randomUUID; uuid = randomUUID() as String}</v11:messageId>
            <!--Optional:-->
            <v11:timestamp>${=new java.text.SimpleDateFormat("yyyy-MM-dd'T'HH:mm:ss.SSS").format(new Date())}</v11:timestamp>
         </v1:messageContext>
         <v1:legalContext>ServiceIntegrator</v1:legalContext>
         <v1:request>
            <pos:postponedDossier>
               <pos:referenceFodFin>11223344</pos:referenceFodFin>
               <pos:initialService>
                  <!--Optional:-->
                  <com:technicalReference>technicalReference</com:technicalReference>
                  <com:type>AAF</com:type>
                  <com:reference>reference</com:reference>
               </pos:initialService>
               <pos:postponement>
                  <pos:datePostponement>${=new java.text.SimpleDateFormat("yyyy-MM-dd").format(new Date())}</pos:datePostponement>
                  <pos:reasonPostponed>TEST</pos:reasonPostponed>
                  <pos:newTargetDate>${=new java.text.SimpleDateFormat("yyyy-MM-dd").format(new Date())}</pos:newTargetDate>
               </pos:postponement>
            </pos:postponedDossier>
         </v1:request>
      </v1:postponedDossierRequest>
   </soapenv:Body>
</soapenv:Envelope>]]></con:request><con:credentials><con:selectedAuthProfile>Basic</con:selectedAuthProfile><con:addedBasicAuthenticationTypes>Basic</con:addedBasicAuthenticationTypes><con:authType>Global HTTP Settings</con:authType></con:credentials><con:jmsConfig JMSDeliveryMode="PERSISTENT"/><con:jmsPropertyConfig/><con:wsaConfig mustUnderstand="NONE" version="200508" action="http://fidus.brussels/services/exportfromregondesservice/postponedDossier"/><con:wsrmConfig version="1.2"/></con:call><con:call id="2477006f-b1e3-4a96-9110-e4f938d54f24" name="5 - Prod - Worker1 - Request" incomingWss="Inflow PROD" outgoingWss="Outflow PROD"><con:settings><con:setting id="com.eviware.soapui.impl.wsdl.WsdlRequest@request-headers">&lt;xml-fragment/></con:setting></con:settings><con:encoding>UTF-8</con:encoding><con:endpoint>https://192.168.26.22:8443/services/ExportFromRegondesService_v1.0</con:endpoint><con:request><![CDATA[<soapenv:Envelope xmlns:soapenv="http://schemas.xmlsoap.org/soap/envelope/" xmlns:v1="http://fidus.brussels/service/exportfromregondesservice/messages/v1" xmlns:v11="http://fidus.brussels/type/common/messages/v1" xmlns:pos="http://www.minfin.fgov.be/regondes2/extern/taxservice/exports/postponedDossiers" xmlns:com="http://www.minfin.fgov.be/regondes2/extern/taxservice/common">
   <soapenv:Header/>
   <soapenv:Body>
      <v1:postponedDossierRequest>
         <v1:messageContext>
            <v11:messageId>${=import static java.util.UUID.randomUUID; uuid = randomUUID() as String}</v11:messageId>
            <!--Optional:-->
            <v11:timestamp>${=new java.text.SimpleDateFormat("yyyy-MM-dd'T'HH:mm:ss.SSS").format(new Date())}</v11:timestamp>
         </v1:messageContext>
         <v1:legalContext>ServiceIntegrator</v1:legalContext>
         <v1:request>
            <pos:postponedDossier>
               <pos:referenceFodFin>11223344</pos:referenceFodFin>
               <pos:initialService>
                  <!--Optional:-->
                  <com:technicalReference>technicalReference</com:technicalReference>
                  <com:type>AAF</com:type>
                  <com:reference>reference</com:reference>
               </pos:initialService>
               <pos:postponement>
                  <pos:datePostponement>${=new java.text.SimpleDateFormat("yyyy-MM-dd").format(new Date())}</pos:datePostponement>
                  <pos:reasonPostponed>TEST</pos:reasonPostponed>
                  <pos:newTargetDate>${=new java.text.SimpleDateFormat("yyyy-MM-dd").format(new Date())}</pos:newTargetDate>
               </pos:postponement>
            </pos:postponedDossier>
         </v1:request>
      </v1:postponedDossierRequest>
   </soapenv:Body>
</soapenv:Envelope>]]></con:request><con:credentials><con:selectedAuthProfile>Basic</con:selectedAuthProfile><con:addedBasicAuthenticationTypes>Basic</con:addedBasicAuthenticationTypes><con:authType>Global HTTP Settings</con:authType></con:credentials><con:jmsConfig JMSDeliveryMode="PERSISTENT"/><con:jmsPropertyConfig/><con:wsaConfig mustUnderstand="NONE" version="200508" action="http://fidus.brussels/services/exportfromregondesservice/postponedDossier"/><con:wsrmConfig version="1.2"/></con:call><con:call id="c284bed1-97d1-42ce-ba34-3b35098b90b4" name="5 - Prod - Worker2 - Request" incomingWss="Inflow PROD" outgoingWss="Outflow PROD"><con:settings><con:setting id="com.eviware.soapui.impl.wsdl.WsdlRequest@request-headers">&lt;xml-fragment/></con:setting></con:settings><con:encoding>UTF-8</con:encoding><con:endpoint>https://192.168.26.19:8443/services/ExportFromRegondesService_v1.0</con:endpoint><con:request><![CDATA[<soapenv:Envelope xmlns:soapenv="http://schemas.xmlsoap.org/soap/envelope/" xmlns:v1="http://fidus.brussels/service/exportfromregondesservice/messages/v1" xmlns:v11="http://fidus.brussels/type/common/messages/v1" xmlns:pos="http://www.minfin.fgov.be/regondes2/extern/taxservice/exports/postponedDossiers" xmlns:com="http://www.minfin.fgov.be/regondes2/extern/taxservice/common">
   <soapenv:Header/>
   <soapenv:Body>
      <v1:postponedDossierRequest>
         <v1:messageContext>
            <v11:messageId>${=import static java.util.UUID.randomUUID; uuid = randomUUID() as String}</v11:messageId>
            <!--Optional:-->
            <v11:timestamp>${=new java.text.SimpleDateFormat("yyyy-MM-dd'T'HH:mm:ss.SSS").format(new Date())}</v11:timestamp>
         </v1:messageContext>
         <v1:legalContext>ServiceIntegrator</v1:legalContext>
         <v1:request>
            <pos:postponedDossier>
               <pos:referenceFodFin>11223344</pos:referenceFodFin>
               <pos:initialService>
                  <!--Optional:-->
                  <com:technicalReference>technicalReference</com:technicalReference>
                  <com:type>AAF</com:type>
                  <com:reference>reference</com:reference>
               </pos:initialService>
               <pos:postponement>
                  <pos:datePostponement>${=new java.text.SimpleDateFormat("yyyy-MM-dd").format(new Date())}</pos:datePostponement>
                  <pos:reasonPostponed>TEST</pos:reasonPostponed>
                  <pos:newTargetDate>${=new java.text.SimpleDateFormat("yyyy-MM-dd").format(new Date())}</pos:newTargetDate>
               </pos:postponement>
            </pos:postponedDossier>
         </v1:request>
      </v1:postponedDossierRequest>
   </soapenv:Body>
</soapenv:Envelope>]]></con:request><con:credentials><con:selectedAuthProfile>Basic</con:selectedAuthProfile><con:addedBasicAuthenticationTypes>Basic</con:addedBasicAuthenticationTypes><con:authType>Global HTTP Settings</con:authType></con:credentials><con:jmsConfig JMSDeliveryMode="PERSISTENT"/><con:jmsPropertyConfig/><con:wsaConfig mustUnderstand="NONE" version="200508" action="http://fidus.brussels/services/exportfromregondesservice/postponedDossier"/><con:wsrmConfig version="1.2"/></con:call><con:call id="1602bd77-adb8-4214-990b-eed2c58bdf45" name="3 - Test - External - Request" incomingWss="Inflow TEST" outgoingWss="Outflow TEST"><con:settings><con:setting id="com.eviware.soapui.impl.wsdl.WsdlRequest@request-headers">&lt;xml-fragment/></con:setting></con:settings><con:encoding>UTF-8</con:encoding><con:endpoint>https://fidus-test.irisnetlab.be/services/ExportFromRegondesService_v1.0</con:endpoint><con:request><![CDATA[<soapenv:Envelope xmlns:soapenv="http://schemas.xmlsoap.org/soap/envelope/" xmlns:v1="http://fidus.brussels/service/exportfromregondesservice/messages/v1" xmlns:v11="http://fidus.brussels/type/common/messages/v1" xmlns:pos="http://www.minfin.fgov.be/regondes2/extern/taxservice/exports/postponedDossiers" xmlns:com="http://www.minfin.fgov.be/regondes2/extern/taxservice/common">
   <soapenv:Header/>
   <soapenv:Body>
      <v1:postponedDossierRequest>
         <v1:messageContext>
            <v11:messageId>${=import static java.util.UUID.randomUUID; uuid = randomUUID() as String}</v11:messageId>
            <!--Optional:-->
            <v11:timestamp>${=new java.text.SimpleDateFormat("yyyy-MM-dd'T'HH:mm:ss.SSS").format(new Date())}</v11:timestamp>
         </v1:messageContext>
         <v1:legalContext>ServiceIntegrator</v1:legalContext>
         <v1:request>
            <pos:postponedDossier>
               <pos:referenceFodFin>11223344</pos:referenceFodFin>
               <pos:initialService>
                  <!--Optional:-->
                  <com:technicalReference>technicalReference</com:technicalReference>
                  <com:type>AAF</com:type>
                  <com:reference>reference</com:reference>
               </pos:initialService>
               <pos:postponement>
                  <pos:datePostponement>${=new java.text.SimpleDateFormat("yyyy-MM-dd").format(new Date())}</pos:datePostponement>
                  <pos:reasonPostponed>TEST</pos:reasonPostponed>
                  <pos:newTargetDate>${=new java.text.SimpleDateFormat("yyyy-MM-dd").format(new Date())}</pos:newTargetDate>
               </pos:postponement>
            </pos:postponedDossier>
         </v1:request>
      </v1:postponedDossierRequest>
   </soapenv:Body>
</soapenv:Envelope>]]></con:request><con:credentials><con:selectedAuthProfile>Basic</con:selectedAuthProfile><con:addedBasicAuthenticationTypes>Basic</con:addedBasicAuthenticationTypes><con:authType>Global HTTP Settings</con:authType></con:credentials><con:jmsConfig JMSDeliveryMode="PERSISTENT"/><con:jmsPropertyConfig/><con:wsaConfig mustUnderstand="NONE" version="200508" action="http://fidus.brussels/services/exportfromregondesservice/postponedDossier"/><con:wsrmConfig version="1.2"/></con:call><con:call id="9d37237d-90a6-4374-9729-6063a30b2b26" name="4 - Staging - External - Request" incomingWss="Inflow STAGING" outgoingWss="Outflow STAGING"><con:settings><con:setting id="com.eviware.soapui.impl.wsdl.WsdlRequest@request-headers">&lt;xml-fragment/></con:setting></con:settings><con:encoding>UTF-8</con:encoding><con:endpoint>https://fidus.irisnetlab.be/services/ExportFromRegondesService_v1.0</con:endpoint><con:request><![CDATA[<soapenv:Envelope xmlns:soapenv="http://schemas.xmlsoap.org/soap/envelope/" xmlns:v1="http://fidus.brussels/service/exportfromregondesservice/messages/v1" xmlns:v11="http://fidus.brussels/type/common/messages/v1" xmlns:pos="http://www.minfin.fgov.be/regondes2/extern/taxservice/exports/postponedDossiers" xmlns:com="http://www.minfin.fgov.be/regondes2/extern/taxservice/common">
   <soapenv:Header/>
   <soapenv:Body>
      <v1:postponedDossierRequest>
         <v1:messageContext>
            <v11:messageId>${=import static java.util.UUID.randomUUID; uuid = randomUUID() as String}</v11:messageId>
            <!--Optional:-->
            <v11:timestamp>${=new java.text.SimpleDateFormat("yyyy-MM-dd'T'HH:mm:ss.SSS").format(new Date())}</v11:timestamp>
         </v1:messageContext>
         <v1:legalContext>ServiceIntegrator</v1:legalContext>
         <v1:request>
            <pos:postponedDossier>
               <pos:referenceFodFin>11223344</pos:referenceFodFin>
               <pos:initialService>
                  <!--Optional:-->
                  <com:technicalReference>technicalReference</com:technicalReference>
                  <com:type>AAF</com:type>
                  <com:reference>reference</com:reference>
               </pos:initialService>
               <pos:postponement>
                  <pos:datePostponement>${=new java.text.SimpleDateFormat("yyyy-MM-dd").format(new Date())}</pos:datePostponement>
                  <pos:reasonPostponed>TEST</pos:reasonPostponed>
                  <pos:newTargetDate>${=new java.text.SimpleDateFormat("yyyy-MM-dd").format(new Date())}</pos:newTargetDate>
               </pos:postponement>
            </pos:postponedDossier>
         </v1:request>
      </v1:postponedDossierRequest>
   </soapenv:Body>
</soapenv:Envelope>]]></con:request><con:credentials><con:selectedAuthProfile>Basic</con:selectedAuthProfile><con:addedBasicAuthenticationTypes>Basic</con:addedBasicAuthenticationTypes><con:authType>Global HTTP Settings</con:authType></con:credentials><con:jmsConfig JMSDeliveryMode="PERSISTENT"/><con:jmsPropertyConfig/><con:wsaConfig mustUnderstand="NONE" version="200508" action="http://fidus.brussels/services/exportfromregondesservice/postponedDossier"/><con:wsrmConfig version="1.2"/></con:call></con:operation><con:operation id="a0d06949-632b-40af-a8b1-e975ea93ae14" isOneWay="false" action="http://fidus.brussels/services/exportfromregondesservice/serviceChange" name="serviceChange" bindingOperationName="serviceChange" type="Request-Response" inputName="" receivesAttachments="false" sendsAttachments="false" anonymous="optional"><con:settings/><con:call id="d6401369-7f3b-4e21-a968-daf4795ffde8" name="1 - Local - Request - Success" incomingWss="Inflow DEV" outgoingWss="Outflow DEV"><con:settings><con:setting id="com.eviware.soapui.impl.wsdl.WsdlRequest@request-headers">&lt;xml-fragment/></con:setting></con:settings><con:encoding>UTF-8</con:encoding><con:endpoint>https://localhost:8243/services/ExportFromRegondesService_v1.0</con:endpoint><con:request><![CDATA[<soapenv:Envelope xmlns:soapenv="http://schemas.xmlsoap.org/soap/envelope/" xmlns:v1="http://fidus.brussels/service/exportfromregondesservice/messages/v1" xmlns:v11="http://fidus.brussels/type/common/messages/v1" xmlns:ser="http://www.minfin.fgov.be/regondes2/extern/taxservice/exports/serviceChanged" xmlns:com="http://www.minfin.fgov.be/regondes2/extern/taxservice/common">
   <soapenv:Header/>
   <soapenv:Body>
      <v1:serviceChangeRequest>
         <v1:messageContext>
            <v11:messageId>${=import static java.util.UUID.randomUUID; uuid = randomUUID() as String}</v11:messageId>
            <!--Optional:-->
            <v11:timestamp>${=new java.text.SimpleDateFormat("yyyy-MM-dd'T'HH:mm:ss.SSS").format(new Date())}</v11:timestamp>
         </v1:messageContext>
         <v1:legalContext>ServiceIntegrator</v1:legalContext>
         <v1:request>
            <ser:serviceChange>
               <ser:referenceFodFin>11223344</ser:referenceFodFin>
               <ser:initialService>
                  <!--Optional:-->
                  <com:technicalReference>1524</com:technicalReference>
                  <com:type>AAF</com:type>
                  <com:reference>reference</com:reference>
               </ser:initialService>
               <!--1 to 99 repetitions:-->
               <ser:transfer>
                  <ser:serviceName>CIRB</ser:serviceName>
                  <ser:dateIn>${=new java.text.SimpleDateFormat("yyyy-MM-dd").format(new Date())}</ser:dateIn>
                  <!--Optional:-->
                  <ser:dateOut>${=new java.text.SimpleDateFormat("yyyy-MM-dd").format(new Date())}</ser:dateOut>
                  <ser:official>
                     <ser:firstName>jean</ser:firstName>
                     <ser:lastName>baptist</ser:lastName>
                     <ser:phoneNumber>0452363621</ser:phoneNumber>
                     <ser:email>cisyapan@cirb.brussels</ser:email>
                  </ser:official>
               </ser:transfer>
            </ser:serviceChange>
         </v1:request>
      </v1:serviceChangeRequest>
   </soapenv:Body>
</soapenv:Envelope>]]></con:request><con:credentials><con:selectedAuthProfile>Basic</con:selectedAuthProfile><con:addedBasicAuthenticationTypes>Basic</con:addedBasicAuthenticationTypes><con:authType>Global HTTP Settings</con:authType></con:credentials><con:jmsConfig JMSDeliveryMode="PERSISTENT"/><con:jmsPropertyConfig/><con:wsaConfig mustUnderstand="NONE" version="200508" action="http://fidus.brussels/services/exportfromregondesservice/serviceChange"/><con:wsrmConfig version="1.2"/></con:call><con:call id="ed82f06f-0980-4e6b-886a-4d3ff7f15b95" name="1 - Local - Request - Error" incomingWss="Inflow DEV" outgoingWss="Outflow DEV"><con:settings><con:setting id="com.eviware.soapui.impl.wsdl.WsdlRequest@request-headers">&lt;xml-fragment/></con:setting></con:settings><con:encoding>UTF-8</con:encoding><con:endpoint>https://localhost:8243/services/ExportFromRegondesService_v1.0</con:endpoint><con:request><![CDATA[<soapenv:Envelope xmlns:soapenv="http://schemas.xmlsoap.org/soap/envelope/" xmlns:v1="http://fidus.brussels/service/exportfromregondesservice/messages/v1" xmlns:v11="http://fidus.brussels/type/common/messages/v1" xmlns:ser="http://www.minfin.fgov.be/regondes2/extern/taxservice/exports/serviceChanged" xmlns:com="http://www.minfin.fgov.be/regondes2/extern/taxservice/common">
   <soapenv:Header/>
   <soapenv:Body>
      <v1:serviceChangeRequest>
         <v1:messageContext>
            <v11:messageId>${=import static java.util.UUID.randomUUID; uuid = randomUUID() as String}</v11:messageId>
            <!--Optional:-->
            <v11:timestamp>${=new java.text.SimpleDateFormat("yyyy-MM-dd'T'HH:mm:ss.SSS").format(new Date())}</v11:timestamp>
         </v1:messageContext>
         <v1:legalContext>ServiceIntegrator</v1:legalContext>
         <v1:request>
            <ser:serviceChange>
               <!-- <ser:referenceFodFin>11223347</ser:referenceFodFin> --> <!-- Technical reference not found -->
               <!-- <ser:referenceFodFin>11223346</ser:referenceFodFin> --> <!-- Reference not found -->  
               <ser:referenceFodFin>11223345</ser:referenceFodFin> <!-- Requested dossier is already close -->
               <ser:initialService>
                  <!--Optional:-->
                  <com:technicalReference>1524</com:technicalReference>
                  <com:type>AAF</com:type>
                  <com:reference>reference</com:reference>
               </ser:initialService>
               <!--1 to 99 repetitions:-->
               <ser:transfer>
                  <ser:serviceName>CIRB</ser:serviceName>
                  <ser:dateIn>${=new java.text.SimpleDateFormat("yyyy-MM-dd").format(new Date())}</ser:dateIn>
                  <!--Optional:-->
                  <ser:dateOut>${=new java.text.SimpleDateFormat("yyyy-MM-dd").format(new Date())}</ser:dateOut>
                  <ser:official>
                     <ser:firstName>jean</ser:firstName>
                     <ser:lastName>baptist</ser:lastName>
                     <ser:phoneNumber>0452363621</ser:phoneNumber>
                     <ser:email>cisyapan@cirb.brussels</ser:email>
                  </ser:official>
               </ser:transfer>
            </ser:serviceChange>
         </v1:request>
      </v1:serviceChangeRequest>
   </soapenv:Body>
</soapenv:Envelope>]]></con:request><con:credentials><con:selectedAuthProfile>Basic</con:selectedAuthProfile><con:addedBasicAuthenticationTypes>Basic</con:addedBasicAuthenticationTypes><con:authType>Global HTTP Settings</con:authType></con:credentials><con:jmsConfig JMSDeliveryMode="PERSISTENT"/><con:jmsPropertyConfig/><con:wsaConfig mustUnderstand="NONE" version="200508" action="http://fidus.brussels/services/exportfromregondesservice/serviceChange"/><con:wsrmConfig version="1.2"/></con:call><con:call id="ffe6d0c8-b049-4f62-b109-7eac9aa40db0" name="2 - Dev - Request - Success" incomingWss="Inflow DEV" outgoingWss="Outflow DEV"><con:settings><con:setting id="com.eviware.soapui.impl.wsdl.WsdlRequest@request-headers">&lt;xml-fragment/></con:setting></con:settings><con:encoding>UTF-8</con:encoding><con:endpoint>https://192.168.36.61:8243/services/ExportFromRegondesService_v1.0</con:endpoint><con:request><![CDATA[<soapenv:Envelope xmlns:soapenv="http://schemas.xmlsoap.org/soap/envelope/" xmlns:v1="http://fidus.brussels/service/exportfromregondesservice/messages/v1" xmlns:v11="http://fidus.brussels/type/common/messages/v1" xmlns:ser="http://www.minfin.fgov.be/regondes2/extern/taxservice/exports/serviceChanged" xmlns:com="http://www.minfin.fgov.be/regondes2/extern/taxservice/common">
   <soapenv:Header/>
   <soapenv:Body>
      <v1:serviceChangeRequest>
         <v1:messageContext>
            <v11:messageId>${=import static java.util.UUID.randomUUID; uuid = randomUUID() as String}</v11:messageId>
            <!--Optional:-->
            <v11:timestamp>${=new java.text.SimpleDateFormat("yyyy-MM-dd'T'HH:mm:ss.SSS").format(new Date())}</v11:timestamp>
         </v1:messageContext>
         <v1:legalContext>ServiceIntegrator</v1:legalContext>
         <v1:request>
            <ser:serviceChange>
               <ser:referenceFodFin>11223344</ser:referenceFodFin>
               <ser:initialService>
                  <!--Optional:-->
                  <com:technicalReference>1524</com:technicalReference>
                  <com:type>AAF</com:type>
                  <com:reference>reference</com:reference>
               </ser:initialService>
               <!--1 to 99 repetitions:-->
               <ser:transfer>
                  <ser:serviceName>CIRB</ser:serviceName>
                  <ser:dateIn>${=new java.text.SimpleDateFormat("yyyy-MM-dd").format(new Date())}</ser:dateIn>
                  <!--Optional:-->
                  <ser:dateOut>${=new java.text.SimpleDateFormat("yyyy-MM-dd").format(new Date())}</ser:dateOut>
                  <ser:official>
                     <ser:firstName>jean</ser:firstName>
                     <ser:lastName>baptist</ser:lastName>
                     <ser:phoneNumber>0452363621</ser:phoneNumber>
                     <ser:email>cisyapan@cirb.brussels</ser:email>
                  </ser:official>
               </ser:transfer>
            </ser:serviceChange>
         </v1:request>
      </v1:serviceChangeRequest>
   </soapenv:Body>
</soapenv:Envelope>]]></con:request><con:credentials><con:selectedAuthProfile>Basic</con:selectedAuthProfile><con:addedBasicAuthenticationTypes>Basic</con:addedBasicAuthenticationTypes><con:authType>Global HTTP Settings</con:authType></con:credentials><con:jmsConfig JMSDeliveryMode="PERSISTENT"/><con:jmsPropertyConfig/><con:wsaConfig mustUnderstand="NONE" version="200508" action="http://fidus.brussels/services/exportfromregondesservice/serviceChange"/><con:wsrmConfig version="1.2"/></con:call><con:call id="85b6baf4-3552-4dae-80fc-236978c8fd4f" name="2 - Dev - Request - Error" incomingWss="Inflow DEV" outgoingWss="Outflow DEV"><con:settings><con:setting id="com.eviware.soapui.impl.wsdl.WsdlRequest@request-headers">&lt;xml-fragment/></con:setting></con:settings><con:encoding>UTF-8</con:encoding><con:endpoint>https://192.168.36.61:8243/services/ExportFromRegondesService_v1.0</con:endpoint><con:request><![CDATA[<soapenv:Envelope xmlns:soapenv="http://schemas.xmlsoap.org/soap/envelope/" xmlns:v1="http://fidus.brussels/service/exportfromregondesservice/messages/v1" xmlns:v11="http://fidus.brussels/type/common/messages/v1" xmlns:ser="http://www.minfin.fgov.be/regondes2/extern/taxservice/exports/serviceChanged" xmlns:com="http://www.minfin.fgov.be/regondes2/extern/taxservice/common">
   <soapenv:Header/>
   <soapenv:Body>
      <v1:serviceChangeRequest>
         <v1:messageContext>
            <v11:messageId>${=import static java.util.UUID.randomUUID; uuid = randomUUID() as String}</v11:messageId>
            <!--Optional:-->
            <v11:timestamp>${=new java.text.SimpleDateFormat("yyyy-MM-dd'T'HH:mm:ss.SSS").format(new Date())}</v11:timestamp>
         </v1:messageContext>
         <v1:legalContext>ServiceIntegrator</v1:legalContext>
         <v1:request>
            <ser:serviceChange>
               <!-- <ser:referenceFodFin>11223347</ser:referenceFodFin> --> <!-- Technical reference not found -->
               <!-- <ser:referenceFodFin>11223346</ser:referenceFodFin> --> <!-- Reference not found -->  
               <ser:referenceFodFin>11223345</ser:referenceFodFin> <!-- Requested dossier is already close -->
               <ser:initialService>
                  <!--Optional:-->
                  <com:technicalReference>1524</com:technicalReference>
                  <com:type>AAF</com:type>
                  <com:reference>reference</com:reference>
               </ser:initialService>
               <!--1 to 99 repetitions:-->
               <ser:transfer>
                  <ser:serviceName>CIRB</ser:serviceName>
                  <ser:dateIn>${=new java.text.SimpleDateFormat("yyyy-MM-dd").format(new Date())}</ser:dateIn>
                  <!--Optional:-->
                  <ser:dateOut>${=new java.text.SimpleDateFormat("yyyy-MM-dd").format(new Date())}</ser:dateOut>
                  <ser:official>
                     <ser:firstName>jean</ser:firstName>
                     <ser:lastName>baptist</ser:lastName>
                     <ser:phoneNumber>0452363621</ser:phoneNumber>
                     <ser:email>cisyapan@cirb.brussels</ser:email>
                  </ser:official>
               </ser:transfer>
            </ser:serviceChange>
         </v1:request>
      </v1:serviceChangeRequest>
   </soapenv:Body>
</soapenv:Envelope>]]></con:request><con:credentials><con:selectedAuthProfile>Basic</con:selectedAuthProfile><con:addedBasicAuthenticationTypes>Basic</con:addedBasicAuthenticationTypes><con:authType>Global HTTP Settings</con:authType></con:credentials><con:jmsConfig JMSDeliveryMode="PERSISTENT"/><con:jmsPropertyConfig/><con:wsaConfig mustUnderstand="NONE" version="200508" action="http://fidus.brussels/services/exportfromregondesservice/serviceChange"/><con:wsrmConfig version="1.2"/></con:call><con:call id="dfaffab6-b562-4f4d-b17c-3b9e11261054" name="3 - Test - LB - Request" incomingWss="Inflow TEST" outgoingWss="Outflow TEST"><con:settings><con:setting id="com.eviware.soapui.impl.wsdl.WsdlRequest@request-headers">&lt;xml-fragment/></con:setting></con:settings><con:encoding>UTF-8</con:encoding><con:endpoint>https://esb-security-gw.sta.srv.cirb.lan:8443/services/ExportFromRegondesService_v1.0</con:endpoint><con:request><![CDATA[<soapenv:Envelope xmlns:soapenv="http://schemas.xmlsoap.org/soap/envelope/" xmlns:v1="http://fidus.brussels/service/exportfromregondesservice/messages/v1" xmlns:v11="http://fidus.brussels/type/common/messages/v1" xmlns:ser="http://www.minfin.fgov.be/regondes2/extern/taxservice/exports/serviceChanged" xmlns:com="http://www.minfin.fgov.be/regondes2/extern/taxservice/common">
   <soapenv:Header/>
   <soapenv:Body>
      <v1:serviceChangeRequest>
         <v1:messageContext>
            <v11:messageId>${=import static java.util.UUID.randomUUID; uuid = randomUUID() as String}</v11:messageId>
            <!--Optional:-->
            <v11:timestamp>${=new java.text.SimpleDateFormat("yyyy-MM-dd'T'HH:mm:ss.SSS").format(new Date())}</v11:timestamp>
         </v1:messageContext>
         <v1:legalContext>ServiceIntegrator</v1:legalContext>
         <v1:request>
            <ser:serviceChange>
               <ser:referenceFodFin>11223344</ser:referenceFodFin>
               <ser:initialService>
                  <!--Optional:-->
                  <com:technicalReference>1524</com:technicalReference>
                  <com:type>AAF</com:type>
                  <com:reference>reference</com:reference>
               </ser:initialService>
               <!--1 to 99 repetitions:-->
               <ser:transfer>
                  <ser:serviceName>CIRB</ser:serviceName>
                  <ser:dateIn>${=new java.text.SimpleDateFormat("yyyy-MM-dd").format(new Date())}</ser:dateIn>
                  <!--Optional:-->
                  <ser:dateOut>${=new java.text.SimpleDateFormat("yyyy-MM-dd").format(new Date())}</ser:dateOut>
                  <ser:official>
                     <ser:firstName>jean</ser:firstName>
                     <ser:lastName>baptist</ser:lastName>
                     <ser:phoneNumber>0452363621</ser:phoneNumber>
                     <ser:email>cisyapan@cirb.brussels</ser:email>
                  </ser:official>
               </ser:transfer>
            </ser:serviceChange>
         </v1:request>
      </v1:serviceChangeRequest>
   </soapenv:Body>
</soapenv:Envelope>]]></con:request><con:credentials><con:selectedAuthProfile>Basic</con:selectedAuthProfile><con:addedBasicAuthenticationTypes>Basic</con:addedBasicAuthenticationTypes><con:authType>Global HTTP Settings</con:authType></con:credentials><con:jmsConfig JMSDeliveryMode="PERSISTENT"/><con:jmsPropertyConfig/><con:wsaConfig mustUnderstand="NONE" version="200508" action="http://fidus.brussels/services/exportfromregondesservice/serviceChange"/><con:wsrmConfig version="1.2"/></con:call><con:call id="0641bcff-867c-43b4-832d-44fceda9183a" name="3 - Test - Worker1 - Request" incomingWss="Inflow TEST" outgoingWss="Outflow TEST"><con:settings><con:setting id="com.eviware.soapui.impl.wsdl.WsdlRequest@request-headers">&lt;xml-fragment/></con:setting></con:settings><con:encoding>UTF-8</con:encoding><con:endpoint>https://192.168.22.53:8443/services/ExportFromRegondesService_v1.0</con:endpoint><con:request><![CDATA[<soapenv:Envelope xmlns:soapenv="http://schemas.xmlsoap.org/soap/envelope/" xmlns:v1="http://fidus.brussels/service/exportfromregondesservice/messages/v1" xmlns:v11="http://fidus.brussels/type/common/messages/v1" xmlns:ser="http://www.minfin.fgov.be/regondes2/extern/taxservice/exports/serviceChanged" xmlns:com="http://www.minfin.fgov.be/regondes2/extern/taxservice/common">
   <soapenv:Header/>
   <soapenv:Body>
      <v1:serviceChangeRequest>
         <v1:messageContext>
            <v11:messageId>${=import static java.util.UUID.randomUUID; uuid = randomUUID() as String}</v11:messageId>
            <!--Optional:-->
            <v11:timestamp>${=new java.text.SimpleDateFormat("yyyy-MM-dd'T'HH:mm:ss.SSS").format(new Date())}</v11:timestamp>
         </v1:messageContext>
         <v1:legalContext>ServiceIntegrator</v1:legalContext>
         <v1:request>
            <ser:serviceChange>
               <ser:referenceFodFin>11223344</ser:referenceFodFin>
               <ser:initialService>
                  <!--Optional:-->
                  <com:technicalReference>1524</com:technicalReference>
                  <com:type>AAF</com:type>
                  <com:reference>reference</com:reference>
               </ser:initialService>
               <!--1 to 99 repetitions:-->
               <ser:transfer>
                  <ser:serviceName>CIRB</ser:serviceName>
                  <ser:dateIn>${=new java.text.SimpleDateFormat("yyyy-MM-dd").format(new Date())}</ser:dateIn>
                  <!--Optional:-->
                  <ser:dateOut>${=new java.text.SimpleDateFormat("yyyy-MM-dd").format(new Date())}</ser:dateOut>
                  <ser:official>
                     <ser:firstName>jean</ser:firstName>
                     <ser:lastName>baptist</ser:lastName>
                     <ser:phoneNumber>0452363621</ser:phoneNumber>
                     <ser:email>cisyapan@cirb.brussels</ser:email>
                  </ser:official>
               </ser:transfer>
            </ser:serviceChange>
         </v1:request>
      </v1:serviceChangeRequest>
   </soapenv:Body>
</soapenv:Envelope>]]></con:request><con:credentials><con:selectedAuthProfile>Basic</con:selectedAuthProfile><con:addedBasicAuthenticationTypes>Basic</con:addedBasicAuthenticationTypes><con:authType>Global HTTP Settings</con:authType></con:credentials><con:jmsConfig JMSDeliveryMode="PERSISTENT"/><con:jmsPropertyConfig/><con:wsaConfig mustUnderstand="NONE" version="200508" action="http://fidus.brussels/services/exportfromregondesservice/serviceChange"/><con:wsrmConfig version="1.2"/></con:call><con:call id="58f3d893-69da-41e4-8114-4344d3db2aa5" name="3 - Test - Worker2 - Request" incomingWss="Inflow TEST" outgoingWss="Outflow TEST"><con:settings><con:setting id="com.eviware.soapui.impl.wsdl.WsdlRequest@request-headers">&lt;xml-fragment/></con:setting></con:settings><con:encoding>UTF-8</con:encoding><con:endpoint>https://192.168.22.54:8443/services/ExportFromRegondesService_v1.0</con:endpoint><con:request><![CDATA[<soapenv:Envelope xmlns:soapenv="http://schemas.xmlsoap.org/soap/envelope/" xmlns:v1="http://fidus.brussels/service/exportfromregondesservice/messages/v1" xmlns:v11="http://fidus.brussels/type/common/messages/v1" xmlns:ser="http://www.minfin.fgov.be/regondes2/extern/taxservice/exports/serviceChanged" xmlns:com="http://www.minfin.fgov.be/regondes2/extern/taxservice/common">
   <soapenv:Header/>
   <soapenv:Body>
      <v1:serviceChangeRequest>
         <v1:messageContext>
            <v11:messageId>${=import static java.util.UUID.randomUUID; uuid = randomUUID() as String}</v11:messageId>
            <!--Optional:-->
            <v11:timestamp>${=new java.text.SimpleDateFormat("yyyy-MM-dd'T'HH:mm:ss.SSS").format(new Date())}</v11:timestamp>
         </v1:messageContext>
         <v1:legalContext>ServiceIntegrator</v1:legalContext>
         <v1:request>
            <ser:serviceChange>
               <ser:referenceFodFin>11223344</ser:referenceFodFin>
               <ser:initialService>
                  <!--Optional:-->
                  <com:technicalReference>1524</com:technicalReference>
                  <com:type>AAF</com:type>
                  <com:reference>reference</com:reference>
               </ser:initialService>
               <!--1 to 99 repetitions:-->
               <ser:transfer>
                  <ser:serviceName>CIRB</ser:serviceName>
                  <ser:dateIn>${=new java.text.SimpleDateFormat("yyyy-MM-dd").format(new Date())}</ser:dateIn>
                  <!--Optional:-->
                  <ser:dateOut>${=new java.text.SimpleDateFormat("yyyy-MM-dd").format(new Date())}</ser:dateOut>
                  <ser:official>
                     <ser:firstName>jean</ser:firstName>
                     <ser:lastName>baptist</ser:lastName>
                     <ser:phoneNumber>0452363621</ser:phoneNumber>
                     <ser:email>cisyapan@cirb.brussels</ser:email>
                  </ser:official>
               </ser:transfer>
            </ser:serviceChange>
         </v1:request>
      </v1:serviceChangeRequest>
   </soapenv:Body>
</soapenv:Envelope>]]></con:request><con:credentials><con:selectedAuthProfile>Basic</con:selectedAuthProfile><con:addedBasicAuthenticationTypes>Basic</con:addedBasicAuthenticationTypes><con:authType>Global HTTP Settings</con:authType></con:credentials><con:jmsConfig JMSDeliveryMode="PERSISTENT"/><con:jmsPropertyConfig/><con:wsaConfig mustUnderstand="NONE" version="200508" action="http://fidus.brussels/services/exportfromregondesservice/serviceChange"/><con:wsrmConfig version="1.2"/></con:call><con:call id="8e7e26dc-d914-44c9-8f4f-f0e2e28d48b2" name="4 - Staging - LB - Request" incomingWss="Inflow STAGING" outgoingWss="Outflow STAGING"><con:settings><con:setting id="com.eviware.soapui.impl.wsdl.WsdlRequest@request-headers">&lt;xml-fragment/></con:setting></con:settings><con:encoding>UTF-8</con:encoding><con:endpoint>https://fidus-esb-sg.sta.srv.cirb.lan:8443/services/ExportFromRegondesService_v1.0</con:endpoint><con:request><![CDATA[<soapenv:Envelope xmlns:soapenv="http://schemas.xmlsoap.org/soap/envelope/" xmlns:v1="http://fidus.brussels/service/exportfromregondesservice/messages/v1" xmlns:v11="http://fidus.brussels/type/common/messages/v1" xmlns:ser="http://www.minfin.fgov.be/regondes2/extern/taxservice/exports/serviceChanged" xmlns:com="http://www.minfin.fgov.be/regondes2/extern/taxservice/common">
   <soapenv:Header/>
   <soapenv:Body>
      <v1:serviceChangeRequest>
         <v1:messageContext>
            <v11:messageId>${=import static java.util.UUID.randomUUID; uuid = randomUUID() as String}</v11:messageId>
            <!--Optional:-->
            <v11:timestamp>${=new java.text.SimpleDateFormat("yyyy-MM-dd'T'HH:mm:ss.SSS").format(new Date())}</v11:timestamp>
         </v1:messageContext>
         <v1:legalContext>ServiceIntegrator</v1:legalContext>
         <v1:request>
            <ser:serviceChange>
               <ser:referenceFodFin>11223344</ser:referenceFodFin>
               <ser:initialService>
                  <!--Optional:-->
                  <com:technicalReference>1524</com:technicalReference>
                  <com:type>AAF</com:type>
                  <com:reference>reference</com:reference>
               </ser:initialService>
               <!--1 to 99 repetitions:-->
               <ser:transfer>
                  <ser:serviceName>CIRB</ser:serviceName>
                  <ser:dateIn>${=new java.text.SimpleDateFormat("yyyy-MM-dd").format(new Date())}</ser:dateIn>
                  <!--Optional:-->
                  <ser:dateOut>${=new java.text.SimpleDateFormat("yyyy-MM-dd").format(new Date())}</ser:dateOut>
                  <ser:official>
                     <ser:firstName>jean</ser:firstName>
                     <ser:lastName>baptist</ser:lastName>
                     <ser:phoneNumber>0452363621</ser:phoneNumber>
                     <ser:email>cisyapan@cirb.brussels</ser:email>
                  </ser:official>
               </ser:transfer>
            </ser:serviceChange>
         </v1:request>
      </v1:serviceChangeRequest>
   </soapenv:Body>
</soapenv:Envelope>]]></con:request><con:credentials><con:selectedAuthProfile>Basic</con:selectedAuthProfile><con:addedBasicAuthenticationTypes>Basic</con:addedBasicAuthenticationTypes><con:authType>Global HTTP Settings</con:authType></con:credentials><con:jmsConfig JMSDeliveryMode="PERSISTENT"/><con:jmsPropertyConfig/><con:wsaConfig mustUnderstand="NONE" version="200508" action="http://fidus.brussels/services/exportfromregondesservice/serviceChange"/><con:wsrmConfig version="1.2"/></con:call><con:call id="60ff36ce-e2ab-4ff4-9b29-42f2f1a64e85" name="4 - Staging - Worker1 - Request" incomingWss="Inflow STAGING" outgoingWss="Outflow PROD"><con:settings><con:setting id="com.eviware.soapui.impl.wsdl.WsdlRequest@request-headers">&lt;xml-fragment/></con:setting></con:settings><con:encoding>UTF-8</con:encoding><con:endpoint>https://192.168.24.16:8443/services/ExportFromRegondesService_v1.0</con:endpoint><con:request><![CDATA[<soapenv:Envelope xmlns:soapenv="http://schemas.xmlsoap.org/soap/envelope/" xmlns:v1="http://fidus.brussels/service/exportfromregondesservice/messages/v1" xmlns:v11="http://fidus.brussels/type/common/messages/v1" xmlns:ser="http://www.minfin.fgov.be/regondes2/extern/taxservice/exports/serviceChanged" xmlns:com="http://www.minfin.fgov.be/regondes2/extern/taxservice/common">
   <soapenv:Header/>
   <soapenv:Body>
      <v1:serviceChangeRequest>
         <v1:messageContext>
            <v11:messageId>${=import static java.util.UUID.randomUUID; uuid = randomUUID() as String}</v11:messageId>
            <!--Optional:-->
            <v11:timestamp>${=new java.text.SimpleDateFormat("yyyy-MM-dd'T'HH:mm:ss.SSS").format(new Date())}</v11:timestamp>
         </v1:messageContext>
         <v1:legalContext>ServiceIntegrator</v1:legalContext>
         <v1:request>
            <ser:serviceChange>
               <ser:referenceFodFin>11223344</ser:referenceFodFin>
               <ser:initialService>
                  <!--Optional:-->
                  <com:technicalReference>1524</com:technicalReference>
                  <com:type>AAF</com:type>
                  <com:reference>reference</com:reference>
               </ser:initialService>
               <!--1 to 99 repetitions:-->
               <ser:transfer>
                  <ser:serviceName>CIRB</ser:serviceName>
                  <ser:dateIn>${=new java.text.SimpleDateFormat("yyyy-MM-dd").format(new Date())}</ser:dateIn>
                  <!--Optional:-->
                  <ser:dateOut>${=new java.text.SimpleDateFormat("yyyy-MM-dd").format(new Date())}</ser:dateOut>
                  <ser:official>
                     <ser:firstName>jean</ser:firstName>
                     <ser:lastName>baptist</ser:lastName>
                     <ser:phoneNumber>0452363621</ser:phoneNumber>
                     <ser:email>cisyapan@cirb.brussels</ser:email>
                  </ser:official>
               </ser:transfer>
            </ser:serviceChange>
         </v1:request>
      </v1:serviceChangeRequest>
   </soapenv:Body>
</soapenv:Envelope>]]></con:request><con:credentials><con:selectedAuthProfile>Basic</con:selectedAuthProfile><con:addedBasicAuthenticationTypes>Basic</con:addedBasicAuthenticationTypes><con:authType>Global HTTP Settings</con:authType></con:credentials><con:jmsConfig JMSDeliveryMode="PERSISTENT"/><con:jmsPropertyConfig/><con:wsaConfig mustUnderstand="NONE" version="200508" action="http://fidus.brussels/services/exportfromregondesservice/serviceChange"/><con:wsrmConfig version="1.2"/></con:call><con:call id="7b6a6f35-0a59-4dd7-9043-b8caa9c51cee" name="4 - Staging - Worker2 - Request" incomingWss="Inflow STAGING" outgoingWss="Outflow STAGING"><con:settings><con:setting id="com.eviware.soapui.impl.wsdl.WsdlRequest@request-headers">&lt;xml-fragment/></con:setting></con:settings><con:encoding>UTF-8</con:encoding><con:endpoint>https://192.168.24.17:8443/services/ExportFromRegondesService_v1.0</con:endpoint><con:request><![CDATA[<soapenv:Envelope xmlns:soapenv="http://schemas.xmlsoap.org/soap/envelope/" xmlns:v1="http://fidus.brussels/service/exportfromregondesservice/messages/v1" xmlns:v11="http://fidus.brussels/type/common/messages/v1" xmlns:ser="http://www.minfin.fgov.be/regondes2/extern/taxservice/exports/serviceChanged" xmlns:com="http://www.minfin.fgov.be/regondes2/extern/taxservice/common">
   <soapenv:Header/>
   <soapenv:Body>
      <v1:serviceChangeRequest>
         <v1:messageContext>
            <v11:messageId>${=import static java.util.UUID.randomUUID; uuid = randomUUID() as String}</v11:messageId>
            <!--Optional:-->
            <v11:timestamp>${=new java.text.SimpleDateFormat("yyyy-MM-dd'T'HH:mm:ss.SSS").format(new Date())}</v11:timestamp>
         </v1:messageContext>
         <v1:legalContext>ServiceIntegrator</v1:legalContext>
         <v1:request>
            <ser:serviceChange>
               <ser:referenceFodFin>11223344</ser:referenceFodFin>
               <ser:initialService>
                  <!--Optional:-->
                  <com:technicalReference>1524</com:technicalReference>
                  <com:type>AAF</com:type>
                  <com:reference>reference</com:reference>
               </ser:initialService>
               <!--1 to 99 repetitions:-->
               <ser:transfer>
                  <ser:serviceName>CIRB</ser:serviceName>
                  <ser:dateIn>${=new java.text.SimpleDateFormat("yyyy-MM-dd").format(new Date())}</ser:dateIn>
                  <!--Optional:-->
                  <ser:dateOut>${=new java.text.SimpleDateFormat("yyyy-MM-dd").format(new Date())}</ser:dateOut>
                  <ser:official>
                     <ser:firstName>jean</ser:firstName>
                     <ser:lastName>baptist</ser:lastName>
                     <ser:phoneNumber>0452363621</ser:phoneNumber>
                     <ser:email>cisyapan@cirb.brussels</ser:email>
                  </ser:official>
               </ser:transfer>
            </ser:serviceChange>
         </v1:request>
      </v1:serviceChangeRequest>
   </soapenv:Body>
</soapenv:Envelope>]]></con:request><con:credentials><con:selectedAuthProfile>Basic</con:selectedAuthProfile><con:addedBasicAuthenticationTypes>Basic</con:addedBasicAuthenticationTypes><con:authType>Global HTTP Settings</con:authType></con:credentials><con:jmsConfig JMSDeliveryMode="PERSISTENT"/><con:jmsPropertyConfig/><con:wsaConfig mustUnderstand="NONE" version="200508" action="http://fidus.brussels/services/exportfromregondesservice/serviceChange"/><con:wsrmConfig version="1.2"/></con:call><con:call id="df3ca399-03bc-4ca9-9bff-1d602240ef44" name="5 - Prod - LB - Request" incomingWss="Inflow PROD" outgoingWss="Outflow PROD"><con:settings><con:setting id="com.eviware.soapui.impl.wsdl.WsdlRequest@request-headers">&lt;xml-fragment/></con:setting></con:settings><con:encoding>UTF-8</con:encoding><con:endpoint>https://fidus-esb-sg.prd.srv.cirb.lan:8443/services/ExportFromRegondesService_v1.0</con:endpoint><con:request><![CDATA[<soapenv:Envelope xmlns:soapenv="http://schemas.xmlsoap.org/soap/envelope/" xmlns:v1="http://fidus.brussels/service/exportfromregondesservice/messages/v1" xmlns:v11="http://fidus.brussels/type/common/messages/v1" xmlns:ser="http://www.minfin.fgov.be/regondes2/extern/taxservice/exports/serviceChanged" xmlns:com="http://www.minfin.fgov.be/regondes2/extern/taxservice/common">
   <soapenv:Header/>
   <soapenv:Body>
      <v1:serviceChangeRequest>
         <v1:messageContext>
            <v11:messageId>${=import static java.util.UUID.randomUUID; uuid = randomUUID() as String}</v11:messageId>
            <!--Optional:-->
            <v11:timestamp>${=new java.text.SimpleDateFormat("yyyy-MM-dd'T'HH:mm:ss.SSS").format(new Date())}</v11:timestamp>
         </v1:messageContext>
         <v1:legalContext>ServiceIntegrator</v1:legalContext>
         <v1:request>
            <ser:serviceChange>
               <ser:referenceFodFin>11223344</ser:referenceFodFin>
               <ser:initialService>
                  <!--Optional:-->
                  <com:technicalReference>1524</com:technicalReference>
                  <com:type>AAF</com:type>
                  <com:reference>reference</com:reference>
               </ser:initialService>
               <!--1 to 99 repetitions:-->
               <ser:transfer>
                  <ser:serviceName>CIRB</ser:serviceName>
                  <ser:dateIn>${=new java.text.SimpleDateFormat("yyyy-MM-dd").format(new Date())}</ser:dateIn>
                  <!--Optional:-->
                  <ser:dateOut>${=new java.text.SimpleDateFormat("yyyy-MM-dd").format(new Date())}</ser:dateOut>
                  <ser:official>
                     <ser:firstName>jean</ser:firstName>
                     <ser:lastName>baptist</ser:lastName>
                     <ser:phoneNumber>0452363621</ser:phoneNumber>
                     <ser:email>cisyapan@cirb.brussels</ser:email>
                  </ser:official>
               </ser:transfer>
            </ser:serviceChange>
         </v1:request>
      </v1:serviceChangeRequest>
   </soapenv:Body>
</soapenv:Envelope>]]></con:request><con:credentials><con:selectedAuthProfile>Basic</con:selectedAuthProfile><con:addedBasicAuthenticationTypes>Basic</con:addedBasicAuthenticationTypes><con:authType>Global HTTP Settings</con:authType></con:credentials><con:jmsConfig JMSDeliveryMode="PERSISTENT"/><con:jmsPropertyConfig/><con:wsaConfig mustUnderstand="NONE" version="200508" action="http://fidus.brussels/services/exportfromregondesservice/serviceChange"/><con:wsrmConfig version="1.2"/></con:call><con:call id="bad66531-0aac-4768-84ba-08047ea530dd" name="5 - Prod - External - Request" incomingWss="Inflow PROD" outgoingWss="Outflow PROD"><con:settings><con:setting id="com.eviware.soapui.impl.wsdl.WsdlRequest@request-headers">&lt;xml-fragment/></con:setting></con:settings><con:encoding>UTF-8</con:encoding><con:endpoint>https://fidus.sec.brussels/services/ExportFromRegondesservice_v1.0</con:endpoint><con:request><![CDATA[<soapenv:Envelope xmlns:soapenv="http://schemas.xmlsoap.org/soap/envelope/" xmlns:v1="http://fidus.brussels/service/exportfromregondesservice/messages/v1" xmlns:v11="http://fidus.brussels/type/common/messages/v1" xmlns:ser="http://www.minfin.fgov.be/regondes2/extern/taxservice/exports/serviceChanged" xmlns:com="http://www.minfin.fgov.be/regondes2/extern/taxservice/common">
   <soapenv:Header/>
   <soapenv:Body>
      <v1:serviceChangeRequest>
         <v1:messageContext>
            <v11:messageId>${=import static java.util.UUID.randomUUID; uuid = randomUUID() as String}</v11:messageId>
            <!--Optional:-->
            <v11:timestamp>${=new java.text.SimpleDateFormat("yyyy-MM-dd'T'HH:mm:ss.SSS").format(new Date())}</v11:timestamp>
         </v1:messageContext>
         <v1:legalContext>ServiceIntegrator</v1:legalContext>
         <v1:request>
            <ser:serviceChange>
               <ser:referenceFodFin>11223344</ser:referenceFodFin>
               <ser:initialService>
                  <!--Optional:-->
                  <com:technicalReference>1524</com:technicalReference>
                  <com:type>AAF</com:type>
                  <com:reference>reference</com:reference>
               </ser:initialService>
               <!--1 to 99 repetitions:-->
               <ser:transfer>
                  <ser:serviceName>CIRB</ser:serviceName>
                  <ser:dateIn>${=new java.text.SimpleDateFormat("yyyy-MM-dd").format(new Date())}</ser:dateIn>
                  <!--Optional:-->
                  <ser:dateOut>${=new java.text.SimpleDateFormat("yyyy-MM-dd").format(new Date())}</ser:dateOut>
                  <ser:official>
                     <ser:firstName>jean</ser:firstName>
                     <ser:lastName>baptist</ser:lastName>
                     <ser:phoneNumber>0452363621</ser:phoneNumber>
                     <ser:email>cisyapan@cirb.brussels</ser:email>
                  </ser:official>
               </ser:transfer>
            </ser:serviceChange>
         </v1:request>
      </v1:serviceChangeRequest>
   </soapenv:Body>
</soapenv:Envelope>]]></con:request><con:credentials><con:selectedAuthProfile>Basic</con:selectedAuthProfile><con:addedBasicAuthenticationTypes>Basic</con:addedBasicAuthenticationTypes><con:authType>Global HTTP Settings</con:authType></con:credentials><con:jmsConfig JMSDeliveryMode="PERSISTENT"/><con:jmsPropertyConfig/><con:wsaConfig mustUnderstand="NONE" version="200508" action="http://fidus.brussels/services/exportfromregondesservice/serviceChange"/><con:wsrmConfig version="1.2"/></con:call><con:call id="108bd4cb-dc47-4dce-b4af-016cf971d1ab" name="5 - Prod - Worker1 - Request" incomingWss="Inflow PROD" outgoingWss="Outflow PROD"><con:settings><con:setting id="com.eviware.soapui.impl.wsdl.WsdlRequest@request-headers">&lt;xml-fragment/></con:setting></con:settings><con:encoding>UTF-8</con:encoding><con:endpoint>https://192.168.26.22:8443/services/ExportFromRegondesService_v1.0</con:endpoint><con:request><![CDATA[<soapenv:Envelope xmlns:soapenv="http://schemas.xmlsoap.org/soap/envelope/" xmlns:v1="http://fidus.brussels/service/exportfromregondesservice/messages/v1" xmlns:v11="http://fidus.brussels/type/common/messages/v1" xmlns:ser="http://www.minfin.fgov.be/regondes2/extern/taxservice/exports/serviceChanged" xmlns:com="http://www.minfin.fgov.be/regondes2/extern/taxservice/common">
   <soapenv:Header/>
   <soapenv:Body>
      <v1:serviceChangeRequest>
         <v1:messageContext>
            <v11:messageId>${=import static java.util.UUID.randomUUID; uuid = randomUUID() as String}</v11:messageId>
            <!--Optional:-->
            <v11:timestamp>${=new java.text.SimpleDateFormat("yyyy-MM-dd'T'HH:mm:ss.SSS").format(new Date())}</v11:timestamp>
         </v1:messageContext>
         <v1:legalContext>ServiceIntegrator</v1:legalContext>
         <v1:request>
            <ser:serviceChange>
               <ser:referenceFodFin>11223344</ser:referenceFodFin>
               <ser:initialService>
                  <!--Optional:-->
                  <com:technicalReference>1524</com:technicalReference>
                  <com:type>AAF</com:type>
                  <com:reference>reference</com:reference>
               </ser:initialService>
               <!--1 to 99 repetitions:-->
               <ser:transfer>
                  <ser:serviceName>CIRB</ser:serviceName>
                  <ser:dateIn>${=new java.text.SimpleDateFormat("yyyy-MM-dd").format(new Date())}</ser:dateIn>
                  <!--Optional:-->
                  <ser:dateOut>${=new java.text.SimpleDateFormat("yyyy-MM-dd").format(new Date())}</ser:dateOut>
                  <ser:official>
                     <ser:firstName>jean</ser:firstName>
                     <ser:lastName>baptist</ser:lastName>
                     <ser:phoneNumber>0452363621</ser:phoneNumber>
                     <ser:email>cisyapan@cirb.brussels</ser:email>
                  </ser:official>
               </ser:transfer>
            </ser:serviceChange>
         </v1:request>
      </v1:serviceChangeRequest>
   </soapenv:Body>
</soapenv:Envelope>]]></con:request><con:credentials><con:selectedAuthProfile>Basic</con:selectedAuthProfile><con:addedBasicAuthenticationTypes>Basic</con:addedBasicAuthenticationTypes><con:authType>Global HTTP Settings</con:authType></con:credentials><con:jmsConfig JMSDeliveryMode="PERSISTENT"/><con:jmsPropertyConfig/><con:wsaConfig mustUnderstand="NONE" version="200508" action="http://fidus.brussels/services/exportfromregondesservice/serviceChange"/><con:wsrmConfig version="1.2"/></con:call><con:call id="d3626e85-4d60-4652-b0e3-349cba436538" name="5 - Prod - Worker2 - Request" incomingWss="Inflow PROD" outgoingWss="Outflow PROD"><con:settings><con:setting id="com.eviware.soapui.impl.wsdl.WsdlRequest@request-headers">&lt;xml-fragment/></con:setting></con:settings><con:encoding>UTF-8</con:encoding><con:endpoint>https://192.168.26.19:8443/services/ExportFromRegondesService_v1.0</con:endpoint><con:request><![CDATA[<soapenv:Envelope xmlns:soapenv="http://schemas.xmlsoap.org/soap/envelope/" xmlns:v1="http://fidus.brussels/service/exportfromregondesservice/messages/v1" xmlns:v11="http://fidus.brussels/type/common/messages/v1" xmlns:ser="http://www.minfin.fgov.be/regondes2/extern/taxservice/exports/serviceChanged" xmlns:com="http://www.minfin.fgov.be/regondes2/extern/taxservice/common">
   <soapenv:Header/>
   <soapenv:Body>
      <v1:serviceChangeRequest>
         <v1:messageContext>
            <v11:messageId>${=import static java.util.UUID.randomUUID; uuid = randomUUID() as String}</v11:messageId>
            <!--Optional:-->
            <v11:timestamp>${=new java.text.SimpleDateFormat("yyyy-MM-dd'T'HH:mm:ss.SSS").format(new Date())}</v11:timestamp>
         </v1:messageContext>
         <v1:legalContext>ServiceIntegrator</v1:legalContext>
         <v1:request>
            <ser:serviceChange>
               <ser:referenceFodFin>11223344</ser:referenceFodFin>
               <ser:initialService>
                  <!--Optional:-->
                  <com:technicalReference>1524</com:technicalReference>
                  <com:type>AAF</com:type>
                  <com:reference>reference</com:reference>
               </ser:initialService>
               <!--1 to 99 repetitions:-->
               <ser:transfer>
                  <ser:serviceName>CIRB</ser:serviceName>
                  <ser:dateIn>${=new java.text.SimpleDateFormat("yyyy-MM-dd").format(new Date())}</ser:dateIn>
                  <!--Optional:-->
                  <ser:dateOut>${=new java.text.SimpleDateFormat("yyyy-MM-dd").format(new Date())}</ser:dateOut>
                  <ser:official>
                     <ser:firstName>jean</ser:firstName>
                     <ser:lastName>baptist</ser:lastName>
                     <ser:phoneNumber>0452363621</ser:phoneNumber>
                     <ser:email>cisyapan@cirb.brussels</ser:email>
                  </ser:official>
               </ser:transfer>
            </ser:serviceChange>
         </v1:request>
      </v1:serviceChangeRequest>
   </soapenv:Body>
</soapenv:Envelope>]]></con:request><con:credentials><con:selectedAuthProfile>Basic</con:selectedAuthProfile><con:addedBasicAuthenticationTypes>Basic</con:addedBasicAuthenticationTypes><con:authType>Global HTTP Settings</con:authType></con:credentials><con:jmsConfig JMSDeliveryMode="PERSISTENT"/><con:jmsPropertyConfig/><con:wsaConfig mustUnderstand="NONE" version="200508" action="http://fidus.brussels/services/exportfromregondesservice/serviceChange"/><con:wsrmConfig version="1.2"/></con:call><con:call id="2b095a25-4106-4aec-a132-1c7e69d8d5e6" name="3 - Test - External - Request" incomingWss="Inflow TEST" outgoingWss="Outflow TEST"><con:settings><con:setting id="com.eviware.soapui.impl.wsdl.WsdlRequest@request-headers">&lt;xml-fragment/></con:setting></con:settings><con:encoding>UTF-8</con:encoding><con:endpoint>https://fidus-test.irisnetlab.be/services/ExportFromRegondesService_v1.0</con:endpoint><con:request><![CDATA[<soapenv:Envelope xmlns:soapenv="http://schemas.xmlsoap.org/soap/envelope/" xmlns:v1="http://fidus.brussels/service/exportfromregondesservice/messages/v1" xmlns:v11="http://fidus.brussels/type/common/messages/v1" xmlns:ser="http://www.minfin.fgov.be/regondes2/extern/taxservice/exports/serviceChanged" xmlns:com="http://www.minfin.fgov.be/regondes2/extern/taxservice/common">
   <soapenv:Header/>
   <soapenv:Body>
      <v1:serviceChangeRequest>
         <v1:messageContext>
            <v11:messageId>${=import static java.util.UUID.randomUUID; uuid = randomUUID() as String}</v11:messageId>
            <!--Optional:-->
            <v11:timestamp>${=new java.text.SimpleDateFormat("yyyy-MM-dd'T'HH:mm:ss.SSS").format(new Date())}</v11:timestamp>
         </v1:messageContext>
         <v1:legalContext>ServiceIntegrator</v1:legalContext>
         <v1:request>
            <ser:serviceChange>
               <ser:referenceFodFin>11223344</ser:referenceFodFin>
               <ser:initialService>
                  <!--Optional:-->
                  <com:technicalReference>1524</com:technicalReference>
                  <com:type>AAF</com:type>
                  <com:reference>reference</com:reference>
               </ser:initialService>
               <!--1 to 99 repetitions:-->
               <ser:transfer>
                  <ser:serviceName>CIRB</ser:serviceName>
                  <ser:dateIn>${=new java.text.SimpleDateFormat("yyyy-MM-dd").format(new Date())}</ser:dateIn>
                  <!--Optional:-->
                  <ser:dateOut>${=new java.text.SimpleDateFormat("yyyy-MM-dd").format(new Date())}</ser:dateOut>
                  <ser:official>
                     <ser:firstName>jean</ser:firstName>
                     <ser:lastName>baptist</ser:lastName>
                     <ser:phoneNumber>0452363621</ser:phoneNumber>
                     <ser:email>cisyapan@cirb.brussels</ser:email>
                  </ser:official>
               </ser:transfer>
            </ser:serviceChange>
         </v1:request>
      </v1:serviceChangeRequest>
   </soapenv:Body>
</soapenv:Envelope>]]></con:request><con:credentials><con:selectedAuthProfile>Basic</con:selectedAuthProfile><con:addedBasicAuthenticationTypes>Basic</con:addedBasicAuthenticationTypes><con:authType>Global HTTP Settings</con:authType></con:credentials><con:jmsConfig JMSDeliveryMode="PERSISTENT"/><con:jmsPropertyConfig/><con:wsaConfig mustUnderstand="NONE" version="200508" action="http://fidus.brussels/services/exportfromregondesservice/serviceChange"/><con:wsrmConfig version="1.2"/></con:call><con:call id="200a76cc-28eb-4985-80c4-5162b0a2bd8e" name="4 - Staging - External - Request" incomingWss="Inflow STAGING" outgoingWss="Outflow STAGING"><con:settings><con:setting id="com.eviware.soapui.impl.wsdl.WsdlRequest@request-headers">&lt;xml-fragment/></con:setting></con:settings><con:encoding>UTF-8</con:encoding><con:endpoint>https://fidus.irisnetlab.be/services/ExportFromRegondesService_v1.0</con:endpoint><con:request><![CDATA[<soapenv:Envelope xmlns:soapenv="http://schemas.xmlsoap.org/soap/envelope/" xmlns:v1="http://fidus.brussels/service/exportfromregondesservice/messages/v1" xmlns:v11="http://fidus.brussels/type/common/messages/v1" xmlns:ser="http://www.minfin.fgov.be/regondes2/extern/taxservice/exports/serviceChanged" xmlns:com="http://www.minfin.fgov.be/regondes2/extern/taxservice/common">
   <soapenv:Header/>
   <soapenv:Body>
      <v1:serviceChangeRequest>
         <v1:messageContext>
            <v11:messageId>${=import static java.util.UUID.randomUUID; uuid = randomUUID() as String}</v11:messageId>
            <!--Optional:-->
            <v11:timestamp>${=new java.text.SimpleDateFormat("yyyy-MM-dd'T'HH:mm:ss.SSS").format(new Date())}</v11:timestamp>
         </v1:messageContext>
         <v1:legalContext>ServiceIntegrator</v1:legalContext>
         <v1:request>
            <ser:serviceChange>
               <ser:referenceFodFin>11223344</ser:referenceFodFin>
               <ser:initialService>
                  <!--Optional:-->
                  <com:technicalReference>1524</com:technicalReference>
                  <com:type>AAF</com:type>
                  <com:reference>reference</com:reference>
               </ser:initialService>
               <!--1 to 99 repetitions:-->
               <ser:transfer>
                  <ser:serviceName>CIRB</ser:serviceName>
                  <ser:dateIn>${=new java.text.SimpleDateFormat("yyyy-MM-dd").format(new Date())}</ser:dateIn>
                  <!--Optional:-->
                  <ser:dateOut>${=new java.text.SimpleDateFormat("yyyy-MM-dd").format(new Date())}</ser:dateOut>
                  <ser:official>
                     <ser:firstName>jean</ser:firstName>
                     <ser:lastName>baptist</ser:lastName>
                     <ser:phoneNumber>0452363621</ser:phoneNumber>
                     <ser:email>cisyapan@cirb.brussels</ser:email>
                  </ser:official>
               </ser:transfer>
            </ser:serviceChange>
         </v1:request>
      </v1:serviceChangeRequest>
   </soapenv:Body>
</soapenv:Envelope>]]></con:request><con:credentials><con:selectedAuthProfile>Basic</con:selectedAuthProfile><con:addedBasicAuthenticationTypes>Basic</con:addedBasicAuthenticationTypes><con:authType>Global HTTP Settings</con:authType></con:credentials><con:jmsConfig JMSDeliveryMode="PERSISTENT"/><con:jmsPropertyConfig/><con:wsaConfig mustUnderstand="NONE" version="200508" action="http://fidus.brussels/services/exportfromregondesservice/serviceChange"/><con:wsrmConfig version="1.2"/></con:call></con:operation></con:interface><con:interface xsi:type="con:WsdlInterface" id="7afbf0d9-0c47-4cf5-94c2-493a5698e812" wsaVersion="NONE" name="ImportToRegondesServiceHTTPBinding" type="wsdl" bindingName="{http://fidus.brussels/service/importtoregondesservice/v1}ImportToRegondesServiceHTTPBinding" soapVersion="1_1" anonymous="optional" definition="file:/home/isr/git/parent/importtoregondesservice/ImportToRegondesServiceGateway/src/main/resources/wsdl/importToRegondesService/1.0.0/ImportToRegondesService_v1.wsdl" xmlns:xsi="http://www.w3.org/2001/XMLSchema-instance"><con:settings/><con:definitionCache type="TEXT" rootPart="file:/home/isr/git/parent/importtoregondesservice/ImportToRegondesServiceGateway/src/main/resources/wsdl/importToRegondesService/1.0.0/ImportToRegondesService_v1.wsdl"><con:part><con:url>file:/home/isr/git/parent/importtoregondesservice/ImportToRegondesServiceGateway/src/main/resources/wsdl/importToRegondesService/1.0.0/ImportToRegondesService_v1.wsdl</con:url><con:content><![CDATA[<wsdl:definitions targetNamespace="http://fidus.brussels/service/importtoregondesservice/v1" name="ImportToRegondesService" xmlns:soap="http://schemas.xmlsoap.org/wsdl/soap/" xmlns:wsdl="http://schemas.xmlsoap.org/wsdl/" xmlns:xsd="http://www.w3.org/2001/XMLSchema" xmlns:mes="http://fidus.brussels/service/importtoregondesservice/messages/v1" xmlns:tns="http://fidus.brussels/service/importtoregondesservice/v1">
  <xsd:annotation>
    <xsd:documentation>ImportToRegondesService WDSL v1.</xsd:documentation>
  </xsd:annotation>
  <wsdl:types>
    <xsd:schema targetNamespace="http://fidus.brussels/service/importtoregondesservice/v1" elementFormDefault="qualified">
      <xsd:import namespace="http://fidus.brussels/service/importtoregondesservice/messages/v1" schemaLocation="messages/importToRegondesServiceMessages_v1.xsd"/>
    </xsd:schema>
  </wsdl:types>
  <wsdl:message name="exportDossierRequestMessage">
    <wsdl:part name="exportDossierRequest" element="mes:exportDossierRequest"/>
  </wsdl:message>
  <wsdl:message name="exportSupplementaryInformationRequestMessage">
    <wsdl:part name="exportsupplementaryInformationRequest" element="mes:exportSupplementaryInformationRequest"/>
  </wsdl:message>
  <wsdl:message name="reportOutputResponseMessage">
    <wsdl:part name="reportResponse" element="mes:reportResponse"/>
  </wsdl:message>
  <wsdl:portType name="ImportToRegondesServicePortType">
    <wsdl:operation name="exportDossier">
      <wsdl:input message="tns:exportDossierRequestMessage"/>
      <wsdl:output message="tns:reportOutputResponseMessage"/>
    </wsdl:operation>
    <wsdl:operation name="exportSupplementaryInformation">
      <wsdl:input message="tns:exportSupplementaryInformationRequestMessage"/>
      <wsdl:output message="tns:reportOutputResponseMessage"/>
    </wsdl:operation>
  </wsdl:portType>
  <wsdl:binding name="ImportToRegondesServiceHTTPBinding" type="tns:ImportToRegondesServicePortType">
    <soap:binding style="document" transport="http://schemas.xmlsoap.org/soap/http"/>
    <wsdl:operation name="exportDossier">
      <soap:operation soapAction="http://fidus.brussels/services/importtoregondesservice/importDossier"/>
      <wsdl:input>
        <soap:body use="literal"/>
      </wsdl:input>
      <wsdl:output>
        <soap:body use="literal"/>
      </wsdl:output>
    </wsdl:operation>
    <wsdl:operation name="exportSupplementaryInformation">
      <soap:operation soapAction="http://fidus.brussels/services/importtoregondesservice/importSupplementaryInformation"/>
      <wsdl:input>
        <soap:body use="literal"/>
      </wsdl:input>
      <wsdl:output>
        <soap:body use="literal"/>
      </wsdl:output>
    </wsdl:operation>
  </wsdl:binding>
  <wsdl:service name="ImportToRegondesService_v1">
    <wsdl:port name="ImportToRegondesService_v1" binding="tns:ImportToRegondesServiceHTTPBinding">
      <soap:address location="http://fidus.brussels/services/importtoregondesservice/v1"/>
    </wsdl:port>
  </wsdl:service>
</wsdl:definitions>]]></con:content><con:type>http://schemas.xmlsoap.org/wsdl/</con:type></con:part><con:part><con:url>file:/home/isr/git/parent/importtoregondesservice/ImportToRegondesServiceGateway/src/main/resources/wsdl/importToRegondesService/1.0.0/messages/importToRegondesServiceMessages_v1.xsd</con:url><con:content><![CDATA[<xsd:schema targetNamespace="http://fidus.brussels/service/importtoregondesservice/messages/v1" elementFormDefault="qualified" attributeFormDefault="unqualified" version="1.0" xmlns:xsd="http://www.w3.org/2001/XMLSchema" xmlns:cme="http://fidus.brussels/type/common/messages/v1" xmlns:exc="http://fidus.brussels/type/common/exceptions/v1" xmlns:dos="http://www.minfin.fgov.be/regondes2/extern/taxservice/imports/dossier" xmlns:sup="http://www.minfin.fgov.be/regondes2/extern/taxservice/imports/supplementaryInformation" xmlns:com="http://www.minfin.fgov.be/regondes2/extern/taxservice/common" xmlns:tns="http://fidus.brussels/service/importtoregondesservice/messages/v1">
  <xsd:import namespace="http://fidus.brussels/type/common/messages/v1" schemaLocation="baseMessageTypes_v1.xsd"/>
  <xsd:import namespace="http://fidus.brussels/type/common/exceptions/v1" schemaLocation="exceptionTypes_v1.xsd"/>
  <xsd:import namespace="http://www.minfin.fgov.be/regondes2/extern/taxservice/imports/dossier" schemaLocation="../regondes/Regondes2ImportDossier.xsd"/>
  <xsd:import namespace="http://www.minfin.fgov.be/regondes2/extern/taxservice/imports/supplementaryInformation" schemaLocation="../regondes/Regondes2ImportSupplementaryInformation.xsd"/>
  <xsd:import namespace="http://www.minfin.fgov.be/regondes2/extern/taxservice/common" schemaLocation="../regondes/Regondes2Common.xsd"/>
  <xsd:complexType name="ExportDossierType">
    <xsd:annotation>
      <xsd:documentation>The person whose information is requested.</xsd:documentation>
    </xsd:annotation>
    <xsd:sequence>
      <xsd:element ref="dos:dossier"/>
    </xsd:sequence>
  </xsd:complexType>
  <xsd:complexType name="ExportSupplementaryInformationType">
    <xsd:annotation>
      <xsd:documentation>The person whose information is requested.</xsd:documentation>
    </xsd:annotation>
    <xsd:sequence>
      <xsd:element ref="sup:supplementaryInformation"/>
    </xsd:sequence>
  </xsd:complexType>
  <!--Request getImportToRegondesService definition-->
  <xsd:complexType name="GetExportDossierRequestType">
    <xsd:sequence>
      <xsd:element name="messageContext" type="cme:RequestMessageContextType"/>
      <xsd:element name="legalContext" type="cme:LegalContextType"/>
      <xsd:element name="request" type="tns:ExportDossierType"/>
    </xsd:sequence>
  </xsd:complexType>
  <!--Request getImportToRegondesService definition-->
  <xsd:complexType name="GetExportSupplementaryInformationRequestType">
    <xsd:sequence>
      <xsd:element name="messageContext" type="cme:RequestMessageContextType"/>
      <xsd:element name="legalContext" type="cme:LegalContextType"/>
      <xsd:element name="request" type="tns:ExportSupplementaryInformationType"/>
    </xsd:sequence>
  </xsd:complexType>
  <!--Request getImportToRegondesService definition-->
  <xsd:complexType name="GetReportResponseType">
    <xsd:sequence>
      <xsd:element name="messageContext" type="cme:ResponseMessageContextType"/>
      <xsd:element name="responses" type="tns:ResponsesType" minOccurs="0"/>
      <xsd:element name="exceptions" type="exc:ExceptionsType" minOccurs="0">
        <xsd:annotation>
          <xsd:documentation>Technical errors that occur when processing the message context e.g. insufficient rights.</xsd:documentation>
        </xsd:annotation>
      </xsd:element>
    </xsd:sequence>
  </xsd:complexType>
  <xsd:complexType name="ResponsesType">
    <xsd:sequence>
      <xsd:element name="response" type="tns:ResponseType" minOccurs="1" maxOccurs="1"/>
    </xsd:sequence>
  </xsd:complexType>
  <xsd:complexType name="ResponseType">
    <xsd:sequence>
      <xsd:element ref="com:report" minOccurs="0" maxOccurs="1"/>
      <xsd:element name="exceptions" type="exc:ExceptionsType" minOccurs="0">
        <xsd:annotation>
          <xsd:documentation>Business exceptions that occur when processing the request or response e.g. missing data for a single response element.
						Exceptions at this level may contain back-end specific codes and content.</xsd:documentation>
        </xsd:annotation>
      </xsd:element>
    </xsd:sequence>
  </xsd:complexType>
  <!--Element of the request and the response-->
  <xsd:element name="exportDossierRequest" type="tns:GetExportDossierRequestType"/>
  <xsd:element name="exportSupplementaryInformationRequest" type="tns:GetExportSupplementaryInformationRequestType"/>
  <xsd:element name="reportResponse" type="tns:GetReportResponseType"/>
</xsd:schema>]]></con:content><con:type>http://www.w3.org/2001/XMLSchema</con:type></con:part><con:part><con:url>file:/home/isr/git/parent/importtoregondesservice/ImportToRegondesServiceGateway/src/main/resources/wsdl/importToRegondesService/1.0.0/messages/baseMessageTypes_v1.xsd</con:url><con:content><![CDATA[<xsd:schema targetNamespace="http://fidus.brussels/type/common/messages/v1" elementFormDefault="qualified" attributeFormDefault="unqualified" version="1.0" xmlns:xsd="http://www.w3.org/2001/XMLSchema" xmlns:cmn="http://fidus.brussels/type/common/v1" xmlns:tns="http://fidus.brussels/type/common/messages/v1">
  <!--Unformatted message Id-->
  <xsd:simpleType name="MessageIdType">
    <xsd:restriction base="xsd:string">
      <xsd:minLength value="1"/>
      <xsd:maxLength value="64"/>
    </xsd:restriction>
  </xsd:simpleType>
  <!--National Number of the person. Format depending on the Register-->
  <xsd:simpleType name="PersonNumberType">
    <xsd:restriction base="xsd:string">
      <xsd:pattern value="[0-9][0-9](([0][0-9])|([1][0-2]))(([0-2][0-9])|([3][0-1]))(([0-9]{2}[1-9])|([0-9][1-9][0-9])|([1-9][0-9]{2}))(([0-8][0-9])|([9][0-7]))">
        <xsd:annotation>
          <xsd:documentation>National Register format</xsd:documentation>
        </xsd:annotation>
      </xsd:pattern>
      <xsd:pattern value="[0-9][0-9](([2][0-9])|([3][0-2]))(([0-2][0-9])|([3][0-1]))[0-9]{3}(([0-8][0-9])|([9][0-7]))">
        <xsd:annotation>
          <xsd:documentation>CBSS Register format: Bis Register</xsd:documentation>
        </xsd:annotation>
      </xsd:pattern>
      <xsd:pattern value="[0-9][0-9](([4][0-9])|([5][0-2]))(([0-2][0-9])|([3][0-1]))[0-9]{3}(([0-8][0-9])|([9][0-7]))">
        <xsd:annotation>
          <xsd:documentation>CBSS Register format: Ter Register</xsd:documentation>
        </xsd:annotation>
      </xsd:pattern>
    </xsd:restriction>
  </xsd:simpleType>
  <!--Request message context-->
  <xsd:complexType name="RequestMessageContextType">
    <xsd:annotation>
      <xsd:documentation>Message context block generated by the consumer.</xsd:documentation>
    </xsd:annotation>
    <xsd:sequence>
      <xsd:element name="messageId" type="tns:MessageIdType">
        <xsd:annotation>
          <xsd:documentation>Consumer must assign their own MessageId reference for the request.</xsd:documentation>
        </xsd:annotation>
      </xsd:element>
      <xsd:element name="timestamp" type="xsd:dateTime" minOccurs="0">
        <xsd:annotation>
          <xsd:documentation>Timestamp when client sent request.</xsd:documentation>
        </xsd:annotation>
      </xsd:element>
    </xsd:sequence>
  </xsd:complexType>
  <!--Response message context-->
  <xsd:complexType name="ResponseMessageContextType">
    <xsd:annotation>
      <xsd:documentation>MessageContext block generated by fidus.</xsd:documentation>
    </xsd:annotation>
    <xsd:sequence>
      <xsd:element name="messageId" type="tns:MessageIdType">
        <xsd:annotation>
          <xsd:documentation>A unique identifier generated by fidus.</xsd:documentation>
        </xsd:annotation>
      </xsd:element>
      <xsd:element name="transactionId" type="tns:MessageIdType">
        <xsd:annotation>
          <xsd:documentation>A unique ID returned to the client for tracing purposes.</xsd:documentation>
        </xsd:annotation>
      </xsd:element>
      <xsd:element name="relatesTo" type="tns:MessageIdType" minOccurs="0">
        <xsd:annotation>
          <xsd:documentation>Optional field. The unique id of a previous batch file in this exchange Only used for responses.</xsd:documentation>
        </xsd:annotation>
      </xsd:element>
      <xsd:element name="timestamp" type="xsd:dateTime" minOccurs="0">
        <xsd:annotation>
          <xsd:documentation>Time reply sent by fidus.</xsd:documentation>
        </xsd:annotation>
      </xsd:element>
    </xsd:sequence>
  </xsd:complexType>
  <!--Legal Context : the finality of the Privacy Commission-->
  <xsd:simpleType name="LegalContextType">
    <xsd:restriction base="xsd:string">
      <xsd:minLength value="1"/>
      <xsd:maxLength value="64"/>
    </xsd:restriction>
  </xsd:simpleType>
  <xsd:complexType name="UserContextType">
    <xsd:annotation>
      <xsd:documentation>The user context defines information regarding the actual user performing a request.</xsd:documentation>
    </xsd:annotation>
    <xsd:sequence>
      <xsd:element name="language" type="xsd:language" nillable="true">
        <xsd:annotation>
          <xsd:documentation>The preferred language of the actual user performing the request.
						This influences the language in which response elements are cast.</xsd:documentation>
        </xsd:annotation>
      </xsd:element>
    </xsd:sequence>
  </xsd:complexType>
</xsd:schema>]]></con:content><con:type>http://www.w3.org/2001/XMLSchema</con:type></con:part><con:part><con:url>file:/home/isr/git/parent/importtoregondesservice/ImportToRegondesServiceGateway/src/main/resources/wsdl/importToRegondesService/1.0.0/messages/exceptionTypes_v1.xsd</con:url><con:content><![CDATA[<xsd:schema targetNamespace="http://fidus.brussels/type/common/exceptions/v1" elementFormDefault="qualified" attributeFormDefault="unqualified" version="1.0" xmlns:xsd="http://www.w3.org/2001/XMLSchema" xmlns:tns="http://fidus.brussels/type/common/exceptions/v1">
  <!--Basic error typed-->
  <xsd:complexType name="ExceptionsType">
    <xsd:sequence>
      <xsd:element name="exception" type="tns:ExceptionType" maxOccurs="unbounded"/>
    </xsd:sequence>
  </xsd:complexType>
  <xsd:complexType name="ExceptionType">
    <xsd:sequence>
      <xsd:element name="type" type="tns:ExceptionClassType"/>
      <xsd:element name="code" type="tns:ExceptionCodeType"/>
      <xsd:element name="source" type="tns:ExceptionSourceType"/>
      <xsd:element name="description" type="tns:ExceptionDescriptionType"/>
    </xsd:sequence>
  </xsd:complexType>
  <xsd:simpleType name="ExceptionClassType">
    <xsd:restriction base="xsd:string">
      <xsd:enumeration value="ERROR"/>
      <xsd:enumeration value="WARNING"/>
      <xsd:enumeration value="INFO"/>
    </xsd:restriction>
  </xsd:simpleType>
  <xsd:simpleType name="ExceptionCodeType">
    <xsd:restriction base="xsd:string">
      <xsd:maxLength value="20"/>
    </xsd:restriction>
  </xsd:simpleType>
  <xsd:simpleType name="ExceptionSourceType">
    <xsd:restriction base="xsd:string">
      <xsd:maxLength value="20"/>
    </xsd:restriction>
  </xsd:simpleType>
  <xsd:simpleType name="ExceptionDescriptionType">
    <xsd:restriction base="xsd:string"/>
  </xsd:simpleType>
</xsd:schema>]]></con:content><con:type>http://www.w3.org/2001/XMLSchema</con:type></con:part><con:part><con:url>file:/home/isr/git/parent/importtoregondesservice/ImportToRegondesServiceGateway/src/main/resources/wsdl/importToRegondesService/1.0.0/regondes/Regondes2ImportDossier.xsd</con:url><con:content><![CDATA[<!--Regondes2ImportDossier.xsd version 1.0-->
<xs:schema targetNamespace="http://www.minfin.fgov.be/regondes2/extern/taxservice/imports/dossier" elementFormDefault="qualified" attributeFormDefault="unqualified" xmlns="http://www.minfin.fgov.be/regondes2/extern/taxservice/imports/dossier" xmlns:xs="http://www.w3.org/2001/XMLSchema" xmlns:com="http://www.minfin.fgov.be/regondes2/extern/taxservice/common">
  <xs:import namespace="http://www.minfin.fgov.be/regondes2/extern/taxservice/common" schemaLocation="Regondes2Common.xsd"/>
  <xs:element name="dossier">
    <xs:complexType>
      <xs:sequence>
        <xs:element name="language">
          <xs:annotation>
            <xs:documentation>Language in which the dossier was drafted.</xs:documentation>
          </xs:annotation>
          <xs:simpleType>
            <xs:restriction base="xs:string">
              <xs:enumeration value="NL"/>
              <xs:enumeration value="FR"/>
              <xs:enumeration value="DE"/>
            </xs:restriction>
          </xs:simpleType>
        </xs:element>
        <xs:element name="fiscalYear" type="com:fiscalYearType">
          <xs:annotation>
            <xs:documentation>Fiscal year</xs:documentation>
          </xs:annotation>
        </xs:element>
        <xs:element name="initialService" type="com:completeInitialService"/>
        <xs:element name="patrimonyInformation">
          <xs:complexType>
            <xs:sequence>
              <xs:element name="cadastralDivisionCode">
                <xs:annotation>
                  <xs:documentation>Cadastral division code</xs:documentation>
                </xs:annotation>
                <xs:simpleType>
                  <xs:restriction base="xs:string">
                    <xs:maxLength value="30"/>
                    <xs:minLength value="1"/>
                  </xs:restriction>
                </xs:simpleType>
              </xs:element>
              <xs:choice>
                <xs:element name="articleNumber" type="com:articleNumberType">
                  <xs:annotation>
                    <xs:documentation>Article number</xs:documentation>
                  </xs:annotation>
                </xs:element>
                <xs:element name="parcel" type="parcel" minOccurs="1" maxOccurs="999"/>
              </xs:choice>
            </xs:sequence>
          </xs:complexType>
        </xs:element>
        <xs:element name="taxPayer" minOccurs="0">
          <xs:complexType>
            <xs:sequence>
              <xs:choice>
                <xs:element name="person" type="person"/>
                <xs:element name="company" type="company"/>
              </xs:choice>
            </xs:sequence>
          </xs:complexType>
        </xs:element>
        <xs:element name="submitter" minOccurs="0">
          <xs:annotation>
            <xs:documentation>Person or company who submitted the complaint.</xs:documentation>
          </xs:annotation>
          <xs:complexType>
            <xs:sequence>
              <xs:choice>
                <xs:element name="person" type="person"/>
                <xs:element name="company" type="company"/>
              </xs:choice>
              <xs:element name="phoneNumber" type="com:shortstring" minOccurs="0">
                <xs:annotation>
                  <xs:documentation>Phone number</xs:documentation>
                </xs:annotation>
              </xs:element>
              <xs:element name="email" type="com:emailAddress" minOccurs="0">
                <xs:annotation>
                  <xs:documentation>E-mail address</xs:documentation>
                </xs:annotation>
              </xs:element>
              <xs:element name="address" type="com:address" minOccurs="0">
                <xs:annotation>
                  <xs:documentation>Address</xs:documentation>
                </xs:annotation>
              </xs:element>
            </xs:sequence>
          </xs:complexType>
        </xs:element>
        <xs:element name="attachment" minOccurs="0" maxOccurs="99" type="com:attachment">
          <xs:annotation>
            <xs:documentation>Attached files which contain information about the dossier.</xs:documentation>
          </xs:annotation>
        </xs:element>
      </xs:sequence>
    </xs:complexType>
  </xs:element>
  <xs:complexType name="parcel">
    <xs:annotation>
      <xs:documentation>Parcel information</xs:documentation>
    </xs:annotation>
    <xs:sequence>
      <xs:element name="parcelNumber" type="parcelNumber"/>
      <xs:element name="situation">
        <xs:annotation>
          <xs:documentation>The location of the parcel.</xs:documentation>
        </xs:annotation>
        <xs:simpleType>
          <xs:restriction base="com:shortstring">
            <xs:minLength value="1"/>
          </xs:restriction>
        </xs:simpleType>
      </xs:element>
      <xs:element name="kind" type="com:shortstring" minOccurs="0">
        <xs:annotation>
          <xs:documentation>The kind of parcel.</xs:documentation>
        </xs:annotation>
      </xs:element>
      <xs:element name="details" type="com:shortstring" minOccurs="0">
        <xs:annotation>
          <xs:documentation>Extra information with details about the parcel.</xs:documentation>
        </xs:annotation>
      </xs:element>
      <xs:choice>
        <xs:sequence>
          <xs:element name="articleNumber" type="com:articleNumberType">
            <xs:annotation>
              <xs:documentation>Article number</xs:documentation>
            </xs:annotation>
          </xs:element>
          <xs:element name="sequenceNumber" type="com:shortstring">
            <xs:annotation>
              <xs:documentation>Sequence number</xs:documentation>
            </xs:annotation>
          </xs:element>
        </xs:sequence>
        <xs:element name="propertySituationNumber" type="com:shortstring">
          <xs:annotation>
            <xs:documentation>Property situation number</xs:documentation>
          </xs:annotation>
        </xs:element>
      </xs:choice>
    </xs:sequence>
  </xs:complexType>
  <xs:complexType name="parcelNumber">
    <xs:annotation>
      <xs:documentation>Parcel number</xs:documentation>
    </xs:annotation>
    <xs:sequence>
      <xs:element name="section">
        <xs:annotation>
          <xs:documentation>Section</xs:documentation>
        </xs:annotation>
        <xs:simpleType>
          <xs:restriction base="com:shortstring">
            <xs:minLength value="1"/>
          </xs:restriction>
        </xs:simpleType>
      </xs:element>
      <xs:element name="groundNumber">
        <xs:annotation>
          <xs:documentation>Ground number.</xs:documentation>
        </xs:annotation>
        <xs:simpleType>
          <xs:restriction base="com:shortstring">
            <xs:minLength value="1"/>
          </xs:restriction>
        </xs:simpleType>
      </xs:element>
      <xs:element name="bisNumber" minOccurs="0">
        <xs:annotation>
          <xs:documentation>Bis number</xs:documentation>
        </xs:annotation>
        <xs:simpleType>
          <xs:restriction base="com:shortstring">
            <xs:minLength value="1"/>
          </xs:restriction>
        </xs:simpleType>
      </xs:element>
      <xs:element name="exponent" minOccurs="0">
        <xs:annotation>
          <xs:documentation>Exponent</xs:documentation>
        </xs:annotation>
        <xs:simpleType>
          <xs:restriction base="com:shortstring">
            <xs:minLength value="1"/>
          </xs:restriction>
        </xs:simpleType>
      </xs:element>
      <xs:element name="power" minOccurs="0">
        <xs:annotation>
          <xs:documentation>Power</xs:documentation>
        </xs:annotation>
        <xs:simpleType>
          <xs:restriction base="com:shortstring">
            <xs:minLength value="1"/>
          </xs:restriction>
        </xs:simpleType>
      </xs:element>
      <xs:element name="part" minOccurs="0">
        <xs:annotation>
          <xs:documentation>Part</xs:documentation>
        </xs:annotation>
        <xs:simpleType>
          <xs:restriction base="com:shortstring">
            <xs:minLength value="1"/>
          </xs:restriction>
        </xs:simpleType>
      </xs:element>
    </xs:sequence>
  </xs:complexType>
  <xs:complexType name="person">
    <xs:annotation>
      <xs:documentation>Person data.</xs:documentation>
    </xs:annotation>
    <xs:sequence>
      <xs:choice>
        <xs:element name="socialSecurityNumber" type="com:personIdNumber">
          <xs:annotation>
            <xs:documentation>Social security number.</xs:documentation>
          </xs:annotation>
        </xs:element>
        <xs:element name="persIDF" type="com:personIdNumber">
          <xs:annotation>
            <xs:documentation>persIDF</xs:documentation>
          </xs:annotation>
        </xs:element>
        <xs:element name="bisNumber" type="com:personIdNumber">
          <xs:annotation>
            <xs:documentation>BIS-number</xs:documentation>
          </xs:annotation>
        </xs:element>
      </xs:choice>
      <xs:element name="firstname" type="com:longstring" minOccurs="0">
        <xs:annotation>
          <xs:documentation>First name</xs:documentation>
        </xs:annotation>
      </xs:element>
      <xs:element name="lastname" type="com:longstring" minOccurs="0">
        <xs:annotation>
          <xs:documentation>Last name</xs:documentation>
        </xs:annotation>
      </xs:element>
    </xs:sequence>
  </xs:complexType>
  <xs:complexType name="company">
    <xs:sequence>
      <xs:element name="cbeNumber" type="com:cbeNumber">
        <xs:annotation>
          <xs:documentation>CBE number</xs:documentation>
        </xs:annotation>
      </xs:element>
      <xs:element name="name" type="com:longstring" minOccurs="0">
        <xs:annotation>
          <xs:documentation>Company name</xs:documentation>
        </xs:annotation>
      </xs:element>
    </xs:sequence>
  </xs:complexType>
</xs:schema>]]></con:content><con:type>http://www.w3.org/2001/XMLSchema</con:type></con:part><con:part><con:url>file:/home/isr/git/parent/importtoregondesservice/ImportToRegondesServiceGateway/src/main/resources/wsdl/importToRegondesService/1.0.0/regondes/Regondes2Common.xsd</con:url><con:content><![CDATA[<!--Regondes2Common.xsd version 1.0-->
<xs:schema targetNamespace="http://www.minfin.fgov.be/regondes2/extern/taxservice/common" elementFormDefault="qualified" attributeFormDefault="unqualified" xmlns="http://www.minfin.fgov.be/regondes2/extern/taxservice/common" xmlns:xs="http://www.w3.org/2001/XMLSchema">
  <!--lum-->
  <!--Definition of complex types-->
  <xs:element name="report">
    <xs:annotation>
      <xs:documentation>Report of the transaction</xs:documentation>
    </xs:annotation>
    <xs:complexType>
      <xs:sequence>
        <xs:element name="status">
          <xs:annotation>
            <xs:documentation>Status of the transaction: SUCCESS or ERROR.</xs:documentation>
          </xs:annotation>
          <xs:simpleType>
            <xs:restriction base="xs:string">
              <xs:enumeration value="SUCCESS"/>
              <xs:enumeration value="ERROR"/>
            </xs:restriction>
          </xs:simpleType>
        </xs:element>
        <xs:element name="error" minOccurs="0">
          <xs:annotation>
            <xs:documentation>Business error occured while processing the message.</xs:documentation>
          </xs:annotation>
          <xs:simpleType>
            <xs:restriction base="longstring">
              <xs:minLength value="1"/>
            </xs:restriction>
          </xs:simpleType>
        </xs:element>
        <xs:element name="errorId" minOccurs="0">
          <xs:annotation>
            <xs:documentation>The Id of error in the log files. With this id the helpdesk can find the logs of the error.</xs:documentation>
          </xs:annotation>
          <xs:simpleType>
            <xs:restriction base="longstring">
              <xs:minLength value="1"/>
            </xs:restriction>
          </xs:simpleType>
        </xs:element>
      </xs:sequence>
    </xs:complexType>
  </xs:element>
  <xs:complexType name="attachment">
    <xs:annotation>
      <xs:documentation>Attached files which contain information about the dossier.</xs:documentation>
    </xs:annotation>
    <xs:sequence>
      <xs:element name="fileName" type="longstring">
        <xs:annotation>
          <xs:documentation>The filename of the attachment</xs:documentation>
        </xs:annotation>
      </xs:element>
      <xs:element name="data" type="xs:base64Binary">
        <xs:annotation>
          <xs:documentation>The bytes base64binary encoded</xs:documentation>
        </xs:annotation>
      </xs:element>
    </xs:sequence>
  </xs:complexType>
  <xs:complexType name="abstractInitialService" abstract="true">
    <xs:sequence>
      <xs:element name="technicalReference" type="longstring" minOccurs="0">
        <xs:annotation>
          <xs:documentation>Unique technical reference given by the initial service. Will be present if the dossier was imported with a technical reference.</xs:documentation>
        </xs:annotation>
      </xs:element>
      <xs:element name="type">
        <xs:annotation>
          <xs:documentation>The type of the initial service which can be either "VLABEL" or "AAF".</xs:documentation>
        </xs:annotation>
        <xs:simpleType>
          <xs:restriction base="xs:string">
            <xs:enumeration value="VLABEL"/>
            <xs:enumeration value="AAF"/>
          </xs:restriction>
        </xs:simpleType>
      </xs:element>
    </xs:sequence>
  </xs:complexType>
  <xs:complexType name="basicInitialService">
    <xs:complexContent>
      <xs:extension base="abstractInitialService">
        <xs:sequence>
          <xs:element name="reference">
            <xs:annotation>
              <xs:documentation>Unique reference given by the initial service. Will be present if the dossier was imported.</xs:documentation>
            </xs:annotation>
            <xs:simpleType>
              <xs:restriction base="longstring">
                <xs:minLength value="1"/>
              </xs:restriction>
            </xs:simpleType>
          </xs:element>
        </xs:sequence>
      </xs:extension>
    </xs:complexContent>
  </xs:complexType>
  <xs:complexType name="completeInitialService">
    <xs:complexContent>
      <xs:extension base="basicInitialService">
        <xs:sequence>
          <xs:element name="complaintType">
            <xs:annotation>
              <xs:documentation>Type of complaint.</xs:documentation>
            </xs:annotation>
            <xs:simpleType>
              <xs:restriction base="xs:string">
                <xs:maxLength value="12"/>
                <xs:minLength value="1"/>
              </xs:restriction>
            </xs:simpleType>
          </xs:element>
          <xs:element name="registerSendDate" type="xs:date" minOccurs="0">
            <xs:annotation>
              <xs:documentation>Date on which the notice of assessment is expected to be delivered.</xs:documentation>
            </xs:annotation>
          </xs:element>
          <xs:element name="registerArticle" type="shortstring" minOccurs="0">
            <xs:annotation>
              <xs:documentation>Number of the article in the register of the tax service.</xs:documentation>
            </xs:annotation>
          </xs:element>
          <xs:element name="dateInitialService" type="xs:date">
            <xs:annotation>
              <xs:documentation>Date on which the dossier was created by the initial service.</xs:documentation>
            </xs:annotation>
          </xs:element>
          <xs:element name="nameContact" type="longstring" minOccurs="0">
            <xs:annotation>
              <xs:documentation>Name of the contact within the initial service.</xs:documentation>
            </xs:annotation>
          </xs:element>
          <xs:element name="phoneNumberContact" type="shortstring" minOccurs="0">
            <xs:annotation>
              <xs:documentation>Phone number of the contact within the initial service.</xs:documentation>
            </xs:annotation>
          </xs:element>
          <xs:element name="emailContact" type="emailAddress" minOccurs="0">
            <xs:annotation>
              <xs:documentation>E-mail address of the contact within the initial sevice.</xs:documentation>
            </xs:annotation>
          </xs:element>
          <xs:element name="remark">
            <xs:annotation>
              <xs:documentation>A remark from the initial service.</xs:documentation>
            </xs:annotation>
            <xs:simpleType>
              <xs:restriction base="text">
                <xs:minLength value="1"/>
              </xs:restriction>
            </xs:simpleType>
          </xs:element>
        </xs:sequence>
      </xs:extension>
    </xs:complexContent>
  </xs:complexType>
  <xs:complexType name="address">
    <xs:annotation>
      <xs:documentation>Address</xs:documentation>
    </xs:annotation>
    <xs:sequence>
      <xs:element name="street" type="longstring" minOccurs="0">
        <xs:annotation>
          <xs:documentation>Street</xs:documentation>
        </xs:annotation>
      </xs:element>
      <xs:element name="houseNumber" type="longstring" minOccurs="0">
        <xs:annotation>
          <xs:documentation>House number</xs:documentation>
        </xs:annotation>
      </xs:element>
      <xs:element name="box" type="shortstring" minOccurs="0">
        <xs:annotation>
          <xs:documentation>Box</xs:documentation>
        </xs:annotation>
      </xs:element>
      <xs:element name="zipCode" type="shortstring" minOccurs="0">
        <xs:annotation>
          <xs:documentation>ZIP code</xs:documentation>
        </xs:annotation>
      </xs:element>
      <xs:element name="place" type="longstring" minOccurs="0">
        <xs:annotation>
          <xs:documentation>Place</xs:documentation>
        </xs:annotation>
      </xs:element>
      <xs:element name="country" type="longstring" minOccurs="0">
        <xs:annotation>
          <xs:documentation>Country</xs:documentation>
        </xs:annotation>
      </xs:element>
    </xs:sequence>
  </xs:complexType>
  <xs:complexType name="cadastralIncome">
    <xs:sequence>
      <xs:element name="codeCadastralIncome" type="codeCadastralIncome">
        <xs:annotation>
          <xs:documentation>Cadastrall income code</xs:documentation>
        </xs:annotation>
      </xs:element>
      <xs:element name="definitiveCadastralIncome" type="xs:positiveInteger">
        <xs:annotation>
          <xs:documentation>Definitive cadastrall income</xs:documentation>
        </xs:annotation>
      </xs:element>
      <xs:element name="dateDefinitive" type="xs:date">
        <xs:annotation>
          <xs:documentation>Date definitive cadastrall income</xs:documentation>
        </xs:annotation>
      </xs:element>
      <xs:element name="reasonDefinitive" type="longstring">
        <xs:annotation>
          <xs:documentation>Reason definitieve cadastrall income</xs:documentation>
        </xs:annotation>
      </xs:element>
    </xs:sequence>
  </xs:complexType>
  <xs:simpleType name="shortstring">
    <xs:restriction base="xs:string">
      <xs:minLength value="1"/>
      <xs:maxLength value="60"/>
    </xs:restriction>
  </xs:simpleType>
  <xs:simpleType name="longstring">
    <xs:restriction base="xs:string">
      <xs:minLength value="1"/>
      <xs:maxLength value="150"/>
    </xs:restriction>
  </xs:simpleType>
  <xs:simpleType name="text">
    <xs:restriction base="xs:string">
      <xs:minLength value="1"/>
      <xs:maxLength value="4000"/>
    </xs:restriction>
  </xs:simpleType>
  <xs:simpleType name="codeCadastralIncome">
    <xs:restriction base="xs:string">
      <xs:minLength value="1"/>
      <xs:maxLength value="2"/>
    </xs:restriction>
  </xs:simpleType>
  <xs:simpleType name="personIdNumber">
    <xs:restriction base="xs:string">
      <xs:minLength value="1"/>
      <xs:maxLength value="15"/>
    </xs:restriction>
  </xs:simpleType>
  <xs:simpleType name="cbeNumber">
    <xs:restriction base="xs:string">
      <xs:minLength value="1"/>
      <xs:maxLength value="15"/>
    </xs:restriction>
  </xs:simpleType>
  <xs:simpleType name="emailAddress">
    <xs:restriction base="xs:token">
      <xs:minLength value="1"/>
      <xs:maxLength value="254"/>
      <xs:pattern value="[^@]+@[^\.]+\..+"/>
    </xs:restriction>
  </xs:simpleType>
  <xs:simpleType name="referenceFodFin">
    <xs:restriction base="xs:long"/>
  </xs:simpleType>
  <xs:simpleType name="articleNumberType">
    <xs:restriction base="xs:token">
      <xs:minLength value="1"/>
      <xs:maxLength value="8"/>
      <xs:pattern value="\d{0,5}(/\d{2})?"/>
    </xs:restriction>
  </xs:simpleType>
  <xs:simpleType name="fiscalYearType">
    <xs:restriction base="xs:string">
      <xs:maxLength value="4"/>
      <xs:minLength value="4"/>
    </xs:restriction>
  </xs:simpleType>
</xs:schema>]]></con:content><con:type>http://www.w3.org/2001/XMLSchema</con:type></con:part><con:part><con:url>file:/home/isr/git/parent/importtoregondesservice/ImportToRegondesServiceGateway/src/main/resources/wsdl/importToRegondesService/1.0.0/regondes/Regondes2ImportSupplementaryInformation.xsd</con:url><con:content><![CDATA[<!--Regondes2ImportSupplementaryInformation.xsd version 1.0-->
<xs:schema targetNamespace="http://www.minfin.fgov.be/regondes2/extern/taxservice/imports/supplementaryInformation" elementFormDefault="qualified" attributeFormDefault="unqualified" xmlns="http://www.minfin.fgov.be/regondes2/extern/taxservice/imports/supplementaryInformation" xmlns:xs="http://www.w3.org/2001/XMLSchema" xmlns:com="http://www.minfin.fgov.be/regondes2/extern/taxservice/common">
  <xs:import namespace="http://www.minfin.fgov.be/regondes2/extern/taxservice/common" schemaLocation="Regondes2Common.xsd"/>
  <xs:element name="supplementaryInformation">
    <xs:complexType>
      <xs:sequence>
        <xs:element name="initialService" type="com:basicInitialService"/>
        <xs:element name="attachment" minOccurs="1" maxOccurs="99" type="com:attachment">
          <xs:annotation>
            <xs:documentation>Attached files which contain information about the dossier.</xs:documentation>
          </xs:annotation>
        </xs:element>
      </xs:sequence>
    </xs:complexType>
  </xs:element>
</xs:schema>]]></con:content><con:type>http://www.w3.org/2001/XMLSchema</con:type></con:part></con:definitionCache><con:endpoints><con:endpoint>http://fidus.brussels/services/importtoregondesservice/v1</con:endpoint></con:endpoints><con:operation id="4027c578-467d-44b6-a8ae-d0a84b368f08" isOneWay="false" action="http://fidus.brussels/services/importtoregondesservice/importDossier" name="exportDossier" bindingOperationName="exportDossier" type="Request-Response" inputName="" receivesAttachments="false" sendsAttachments="false" anonymous="optional"><con:settings/><con:call id="581ead05-b994-4992-b84b-31abab68e310" name="1 - Local - Request - Success" incomingWss="Inflow DEV" outgoingWss="Outflow DEV"><con:settings><con:setting id="com.eviware.soapui.impl.wsdl.WsdlRequest@request-headers">&lt;xml-fragment/></con:setting></con:settings><con:encoding>UTF-8</con:encoding><con:endpoint>https://localhost:8243/services/ImportToRegondesService_v1.0</con:endpoint><con:request><![CDATA[<soapenv:Envelope xmlns:soapenv="http://schemas.xmlsoap.org/soap/envelope/" xmlns:v1="http://fidus.brussels/service/importtoregondesservice/messages/v1" xmlns:v11="http://fidus.brussels/type/common/messages/v1" xmlns:dos="http://www.minfin.fgov.be/regondes2/extern/taxservice/imports/dossier" xmlns:com="http://www.minfin.fgov.be/regondes2/extern/taxservice/common" >
    <soapenv:Header/>
    <soapenv:Body>
        <v1:exportDossierRequest>
            <v1:messageContext>
                <v11:messageId>${=import static java.util.UUID.randomUUID; uuid = randomUUID() as String}</v11:messageId>
                <v11:timestamp>${=new java.text.SimpleDateFormat("yyyy-MM-dd'T'HH:mm:ss.SSS").format(new Date())}</v11:timestamp>
            </v1:messageContext>
            <v1:legalContext>ServiceIntegrator</v1:legalContext>
            <v1:request>
                <dos:dossier>
                    <dos:language>FR</dos:language>
                    <dos:fiscalYear>2015</dos:fiscalYear>
                    <dos:initialService>
                        <com:technicalReference>11223344</com:technicalReference>
                        <com:type>AAF</com:type>				
                        <!-- the "REFERENCE" is used by the SPF Finance to create a new legal dispute on the
						SPF data base. To have a "success" as a response, you have to 
						change this parameter every request. -->
                        <com:reference>CF55571</com:reference>
                        <com:complaintType>MS</com:complaintType>
                        <com:registerArticle>1</com:registerArticle>
                        <com:dateInitialService>2017-01-10+01:00</com:dateInitialService>
                        <com:nameContact>PME047 Testuser</com:nameContact>
                        <com:emailContact>testuser.pme047@guest.minfin.fed.be</com:emailContact>
                        <com:remark>none</com:remark>
                    </dos:initialService>
                    <dos:patrimonyInformation>
                        <dos:cadastralDivisionCode>21819</dos:cadastralDivisionCode>
                        <dos:articleNumber>14831</dos:articleNumber>
                    </dos:patrimonyInformation>
                    <dos:submitter>
                        <dos:person>
                            <dos:persIDF>000006141843</dos:persIDF>
                            <dos:firstname>PATRICK</dos:firstname>
                            <dos:lastname>DEWANDELEER</dos:lastname>
                        </dos:person>
                        <dos:address>
                            <com:street>Rue du Maraîcher, 5</com:street>
                            <com:zipCode>1082</com:zipCode>
                            <com:place>Berchem-Sainte-Agathe</com:place>
                        </dos:address>
                    </dos:submitter>
                </dos:dossier>
            </v1:request>
        </v1:exportDossierRequest>
    </soapenv:Body>
</soapenv:Envelope>]]></con:request><con:credentials><con:selectedAuthProfile>Basic</con:selectedAuthProfile><con:addedBasicAuthenticationTypes>Basic</con:addedBasicAuthenticationTypes><con:authType>Global HTTP Settings</con:authType></con:credentials><con:jmsConfig JMSDeliveryMode="PERSISTENT"/><con:jmsPropertyConfig/><con:wsaConfig mustUnderstand="NONE" version="200508" action="http://fidus.brussels/services/importtoregondesservice/importDossier"/><con:wsrmConfig version="1.2"/></con:call><con:call id="b01223d1-fd9e-4bd6-910d-f77be063fafe" name="1 - Local - Request - Error" outgoingWss="Outflow DEV" incomingWss="Inflow DEV"><con:settings><con:setting id="com.eviware.soapui.impl.wsdl.WsdlRequest@request-headers">&lt;xml-fragment/></con:setting></con:settings><con:encoding>UTF-8</con:encoding><con:endpoint>https://localhost:8243/services/ImportToRegondesService_v1.0</con:endpoint><con:request><![CDATA[<soapenv:Envelope xmlns:soapenv="http://schemas.xmlsoap.org/soap/envelope/" xmlns:v1="http://fidus.brussels/service/importtoregondesservice/messages/v1" xmlns:v11="http://fidus.brussels/type/common/messages/v1" xmlns:dos="http://www.minfin.fgov.be/regondes2/extern/taxservice/imports/dossier" xmlns:com="http://www.minfin.fgov.be/regondes2/extern/taxservice/common" >
    <soapenv:Header/>
    <soapenv:Body>
        <v1:exportDossierRequest>
            <v1:messageContext>
                <v11:messageId>${=import static java.util.UUID.randomUUID; uuid = randomUUID() as String}</v11:messageId>
                <v11:timestamp>${=new java.text.SimpleDateFormat("yyyy-MM-dd'T'HH:mm:ss.SSS").format(new Date())}</v11:timestamp>
            </v1:messageContext>
            <v1:legalContext>ServiceIntegrator</v1:legalContext>
            <v1:request>
                <dos:dossier>
                    <dos:language>FR</dos:language>
                    <dos:fiscalYear>2015</dos:fiscalYear>
                    <dos:initialService>
                        <com:technicalReference>11223344</com:technicalReference>
                        <com:type>AAF</com:type>				
                        <!-- the "REFERENCE" is used by the SPF Finance to create a new legal dispute on the
						SPF data base. To have a "success" as a response, you have to 
						change this parameter every request. -->
                        <com:reference>CF55571</com:reference>
                        <com:complaintType>MS</com:complaintType>
                        <com:registerArticle>1</com:registerArticle>
                        <com:dateInitialService>2017-01-10+01:00</com:dateInitialService>
                        <com:nameContact>PME047 Testuser</com:nameContact>
                        <com:emailContact>testuser.pme047@guest.minfin.fed.be</com:emailContact>
                        <com:remark>none</com:remark>
                    </dos:initialService>
                    <dos:patrimonyInformation>
                        <dos:cadastralDivisionCode>21819</dos:cadastralDivisionCode>
                        <dos:articleNumber>14831</dos:articleNumber>
                    </dos:patrimonyInformation>
                    <dos:submitter>
                        <dos:person>
                            <dos:persIDF>000006141843</dos:persIDF>
                            <dos:firstname>PATRICK</dos:firstname>
                            <dos:lastname>DEWANDELEER</dos:lastname>
                        </dos:person>
                        <dos:address>
                            <com:street>Rue du Maraîcher, 5</com:street>
                            <com:zipCode>1082</com:zipCode>
                            <com:place>Berchem-Sainte-Agathe</com:place>
                        </dos:address>
                    </dos:submitter>
                </dos:dossier>
            </v1:request>
        </v1:exportDossierRequest>
    </soapenv:Body>
</soapenv:Envelope>]]></con:request><con:credentials><con:selectedAuthProfile>Basic</con:selectedAuthProfile><con:addedBasicAuthenticationTypes>Basic</con:addedBasicAuthenticationTypes><con:authType>Global HTTP Settings</con:authType></con:credentials><con:jmsConfig JMSDeliveryMode="PERSISTENT"/><con:jmsPropertyConfig/><con:wsaConfig mustUnderstand="NONE" version="200508" action="http://fidus.brussels/services/importtoregondesservice/importDossier"/><con:wsrmConfig version="1.2"/></con:call><con:call id="b25abfc8-333e-41e3-85b9-b3d887caaf88" name="2 - DEV - Request - Error" incomingWss="Inflow DEV" outgoingWss="Outflow DEV"><con:settings><con:setting id="com.eviware.soapui.impl.wsdl.WsdlRequest@request-headers">&lt;xml-fragment/></con:setting></con:settings><con:encoding>UTF-8</con:encoding><con:endpoint>https://192.168.36.61:8243/services/ImportToRegondesService_v1.0</con:endpoint><con:request><![CDATA[<soapenv:Envelope xmlns:soapenv="http://schemas.xmlsoap.org/soap/envelope/" xmlns:v1="http://fidus.brussels/service/importtoregondesservice/messages/v1" xmlns:v11="http://fidus.brussels/type/common/messages/v1" xmlns:dos="http://www.minfin.fgov.be/regondes2/extern/taxservice/imports/dossier" xmlns:com="http://www.minfin.fgov.be/regondes2/extern/taxservice/common" >
    <soapenv:Header/>
    <soapenv:Body>
        <v1:exportDossierRequest>
            <v1:messageContext>
                <v11:messageId>${=import static java.util.UUID.randomUUID; uuid = randomUUID() as String}</v11:messageId>
                <v11:timestamp>${=new java.text.SimpleDateFormat("yyyy-MM-dd'T'HH:mm:ss.SSS").format(new Date())}</v11:timestamp>
            </v1:messageContext>
            <v1:legalContext>ServiceIntegrator</v1:legalContext>
            <v1:request>
                <dos:dossier>
                    <dos:language>FR</dos:language>
                    <dos:fiscalYear>2015</dos:fiscalYear>
                    <dos:initialService>
                        <com:technicalReference>11223344</com:technicalReference>
                        <com:type>AAF</com:type>				
                        <!-- the "REFERENCE" is used by the SPF Finance to create a new legal dispute on the
						SPF data base. To have a "success" as a response, you have to 
						change this parameter every request. -->
                        <com:reference>CF55571</com:reference>
                        <com:complaintType>MS</com:complaintType>
                        <com:registerArticle>1</com:registerArticle>
                        <com:dateInitialService>2017-01-10+01:00</com:dateInitialService>
                        <com:nameContact>PME047 Testuser</com:nameContact>
                        <com:emailContact>testuser.pme047@guest.minfin.fed.be</com:emailContact>
                        <com:remark>none</com:remark>
                    </dos:initialService>
                    <dos:patrimonyInformation>
                        <dos:cadastralDivisionCode>21819</dos:cadastralDivisionCode>
                        <dos:articleNumber>14831</dos:articleNumber>
                    </dos:patrimonyInformation>
                    <dos:submitter>
                        <dos:person>
                            <dos:persIDF>000006141843</dos:persIDF>
                            <dos:firstname>PATRICK</dos:firstname>
                            <dos:lastname>DEWANDELEER</dos:lastname>
                        </dos:person>
                        <dos:address>
                            <com:street>Rue du Maraîcher, 5</com:street>
                            <com:zipCode>1082</com:zipCode>
                            <com:place>Berchem-Sainte-Agathe</com:place>
                        </dos:address>
                    </dos:submitter>
                </dos:dossier>
            </v1:request>
        </v1:exportDossierRequest>
    </soapenv:Body>
</soapenv:Envelope>]]></con:request><con:credentials><con:selectedAuthProfile>Basic</con:selectedAuthProfile><con:addedBasicAuthenticationTypes>Basic</con:addedBasicAuthenticationTypes><con:authType>Global HTTP Settings</con:authType></con:credentials><con:jmsConfig JMSDeliveryMode="PERSISTENT"/><con:jmsPropertyConfig/><con:wsaConfig mustUnderstand="NONE" version="200508" action="http://fidus.brussels/services/importtoregondesservice/importDossier"/><con:wsrmConfig version="1.2"/></con:call><con:call id="e237ebcb-fe95-482c-91a7-b9f87970b432" name="2 - DEV - Request - Success" incomingWss="Inflow DEV" outgoingWss="Outflow DEV"><con:settings><con:setting id="com.eviware.soapui.impl.wsdl.WsdlRequest@request-headers">&lt;xml-fragment/></con:setting></con:settings><con:encoding>UTF-8</con:encoding><con:endpoint>https://192.168.36.61:8243/services/ImportToRegondesService_v1.0</con:endpoint><con:request><![CDATA[<soapenv:Envelope xmlns:soapenv="http://schemas.xmlsoap.org/soap/envelope/" xmlns:v1="http://fidus.brussels/service/importtoregondesservice/messages/v1" xmlns:v11="http://fidus.brussels/type/common/messages/v1" xmlns:dos="http://www.minfin.fgov.be/regondes2/extern/taxservice/imports/dossier" xmlns:com="http://www.minfin.fgov.be/regondes2/extern/taxservice/common" >
    <soapenv:Header/>
    <soapenv:Body>
        <v1:exportDossierRequest>
            <v1:messageContext>
                <v11:messageId>${=import static java.util.UUID.randomUUID; uuid = randomUUID() as String}</v11:messageId>
                <v11:timestamp>${=new java.text.SimpleDateFormat("yyyy-MM-dd'T'HH:mm:ss.SSS").format(new Date())}</v11:timestamp>
            </v1:messageContext>
            <v1:legalContext>ServiceIntegrator</v1:legalContext>
            <v1:request>
                <dos:dossier>
                    <dos:language>FR</dos:language>
                    <dos:fiscalYear>2015</dos:fiscalYear>
                    <dos:initialService>
                        <com:technicalReference>11223344</com:technicalReference>
                        <com:type>AAF</com:type>				
                        <!-- the "REFERENCE" is used by the SPF Finance to create a new legal dispute on the
						SPF data base. To have a "success" as a response, you have to 
						change this parameter every request. -->
                        <com:reference>CF55571</com:reference>
                        <com:complaintType>MS</com:complaintType>
                        <com:registerArticle>1</com:registerArticle>
                        <com:dateInitialService>2017-01-10+01:00</com:dateInitialService>
                        <com:nameContact>PME047 Testuser</com:nameContact>
                        <com:emailContact>testuser.pme047@guest.minfin.fed.be</com:emailContact>
                        <com:remark>none</com:remark>
                    </dos:initialService>
                    <dos:patrimonyInformation>
                        <dos:cadastralDivisionCode>21819</dos:cadastralDivisionCode>
                        <dos:articleNumber>14831</dos:articleNumber>
                    </dos:patrimonyInformation>
                    <dos:submitter>
                        <dos:person>
                            <dos:persIDF>000006141843</dos:persIDF>
                            <dos:firstname>PATRICK</dos:firstname>
                            <dos:lastname>DEWANDELEER</dos:lastname>
                        </dos:person>
                        <dos:address>
                            <com:street>Rue du Maraîcher, 5</com:street>
                            <com:zipCode>1082</com:zipCode>
                            <com:place>Berchem-Sainte-Agathe</com:place>
                        </dos:address>
                    </dos:submitter>
                </dos:dossier>
            </v1:request>
        </v1:exportDossierRequest>
    </soapenv:Body>
</soapenv:Envelope>]]></con:request><con:credentials><con:selectedAuthProfile>Basic</con:selectedAuthProfile><con:addedBasicAuthenticationTypes>Basic</con:addedBasicAuthenticationTypes><con:authType>Global HTTP Settings</con:authType></con:credentials><con:jmsConfig JMSDeliveryMode="PERSISTENT"/><con:jmsPropertyConfig/><con:wsaConfig mustUnderstand="NONE" version="200508" action="http://fidus.brussels/services/importtoregondesservice/importDossier"/><con:wsrmConfig version="1.2"/></con:call><con:call id="d202b1eb-368f-4661-a273-9f2bdefec566" name="3 - Test - LB - Request" outgoingWss="Outflow TEST" incomingWss="Inflow TEST"><con:settings><con:setting id="com.eviware.soapui.impl.wsdl.WsdlRequest@request-headers">&lt;xml-fragment/></con:setting></con:settings><con:encoding>UTF-8</con:encoding><con:endpoint>https://esb-security-gw.sta.srv.cirb.lan:8443/services/ImportToRegondesService_v1.0</con:endpoint><con:request><![CDATA[<soapenv:Envelope xmlns:soapenv="http://schemas.xmlsoap.org/soap/envelope/" xmlns:v1="http://fidus.brussels/service/importtoregondesservice/messages/v1" xmlns:v11="http://fidus.brussels/type/common/messages/v1" xmlns:dos="http://www.minfin.fgov.be/regondes2/extern/taxservice/imports/dossier" xmlns:com="http://www.minfin.fgov.be/regondes2/extern/taxservice/common" >
    <soapenv:Header/>
    <soapenv:Body>
        <v1:exportDossierRequest>
            <v1:messageContext>
                <v11:messageId>${=import static java.util.UUID.randomUUID; uuid = randomUUID() as String}</v11:messageId>
                <v11:timestamp>${=new java.text.SimpleDateFormat("yyyy-MM-dd'T'HH:mm:ss.SSS").format(new Date())}</v11:timestamp>
            </v1:messageContext>
            <v1:legalContext>ServiceIntegrator</v1:legalContext>
            <v1:request>
                <dos:dossier>
                    <dos:language>FR</dos:language>
                    <dos:fiscalYear>2015</dos:fiscalYear>
                    <dos:initialService>
                        <com:technicalReference>11223344</com:technicalReference>
                        <com:type>AAF</com:type>				
                        <!-- the "REFERENCE" is used by the SPF Finance to create a new legal dispute on the
						SPF data base. To have a "success" as a response, you have to 
						change this parameter every request. -->
                        <com:reference>CF55571</com:reference>
                        <com:complaintType>MS</com:complaintType>
                        <com:registerArticle>1</com:registerArticle>
                        <com:dateInitialService>2017-01-10+01:00</com:dateInitialService>
                        <com:nameContact>PME047 Testuser</com:nameContact>
                        <com:emailContact>testuser.pme047@guest.minfin.fed.be</com:emailContact>
                        <com:remark>none</com:remark>
                    </dos:initialService>
                    <dos:patrimonyInformation>
                        <dos:cadastralDivisionCode>21819</dos:cadastralDivisionCode>
                        <dos:articleNumber>14831</dos:articleNumber>
                    </dos:patrimonyInformation>
                    <dos:submitter>
                        <dos:person>
                            <dos:persIDF>000006141843</dos:persIDF>
                            <dos:firstname>PATRICK</dos:firstname>
                            <dos:lastname>DEWANDELEER</dos:lastname>
                        </dos:person>
                        <dos:address>
                            <com:street>Rue du Maraîcher, 5</com:street>
                            <com:zipCode>1082</com:zipCode>
                            <com:place>Berchem-Sainte-Agathe</com:place>
                        </dos:address>
                    </dos:submitter>
                </dos:dossier>
            </v1:request>
        </v1:exportDossierRequest>
    </soapenv:Body>
</soapenv:Envelope>]]></con:request><con:credentials><con:selectedAuthProfile>Basic</con:selectedAuthProfile><con:addedBasicAuthenticationTypes>Basic</con:addedBasicAuthenticationTypes><con:authType>Global HTTP Settings</con:authType></con:credentials><con:jmsConfig JMSDeliveryMode="PERSISTENT"/><con:jmsPropertyConfig/><con:wsaConfig mustUnderstand="NONE" version="200508" action="http://fidus.brussels/services/importtoregondesservice/importDossier"/><con:wsrmConfig version="1.2"/></con:call><con:call id="2bf32bdc-b6df-486b-ba68-4d636deea028" name="3 - Test - Worker1 - Request" incomingWss="Inflow TEST" outgoingWss="Outflow TEST"><con:settings><con:setting id="com.eviware.soapui.impl.wsdl.WsdlRequest@request-headers">&lt;xml-fragment/></con:setting></con:settings><con:encoding>UTF-8</con:encoding><con:endpoint>https://192.168.22.53:8443/services/ImportToRegondesService_v1.0</con:endpoint><con:request><![CDATA[<soapenv:Envelope xmlns:soapenv="http://schemas.xmlsoap.org/soap/envelope/" xmlns:v1="http://fidus.brussels/service/importtoregondesservice/messages/v1" xmlns:v11="http://fidus.brussels/type/common/messages/v1" xmlns:dos="http://www.minfin.fgov.be/regondes2/extern/taxservice/imports/dossier" xmlns:com="http://www.minfin.fgov.be/regondes2/extern/taxservice/common" >
    <soapenv:Header/>
    <soapenv:Body>
        <v1:exportDossierRequest>
            <v1:messageContext>
                <v11:messageId>${=import static java.util.UUID.randomUUID; uuid = randomUUID() as String}</v11:messageId>
                <v11:timestamp>${=new java.text.SimpleDateFormat("yyyy-MM-dd'T'HH:mm:ss.SSS").format(new Date())}</v11:timestamp>
            </v1:messageContext>
            <v1:legalContext>ServiceIntegrator</v1:legalContext>
            <v1:request>
                <dos:dossier>
                    <dos:language>FR</dos:language>
                    <dos:fiscalYear>2015</dos:fiscalYear>
                    <dos:initialService>
                        <com:technicalReference>11223354</com:technicalReference>
                        <com:type>AAF</com:type>				
                        <!-- the "REFERENCE" is used by the SPF Finance to create a new legal dispute on the
						SPF data base. To have a "success" as a response, you have to 
						change this parameter every request. -->
                        <com:reference>CF55571</com:reference>
                        <com:complaintType>MS</com:complaintType>
                        <com:registerArticle>1</com:registerArticle>
                        <com:dateInitialService>2017-01-10+01:00</com:dateInitialService>
                        <com:nameContact>PME047 Testuser</com:nameContact>
                        <com:emailContact>testuser.pme047@guest.minfin.fed.be</com:emailContact>
                        <com:remark>none</com:remark>
                    </dos:initialService>
                    <dos:patrimonyInformation>
                        <dos:cadastralDivisionCode>21819</dos:cadastralDivisionCode>
                        <dos:articleNumber>14831</dos:articleNumber>
                    </dos:patrimonyInformation>
                    <dos:submitter>
                        <dos:person>
                            <dos:persIDF>000006141843</dos:persIDF>
                            <dos:firstname>PATRICK</dos:firstname>
                            <dos:lastname>DEWANDELEER</dos:lastname>
                        </dos:person>
                        <dos:address>
                            <com:street>Rue du Maraîcher, 5</com:street>
                            <com:zipCode>1082</com:zipCode>
                            <com:place>Berchem-Sainte-Agathe</com:place>
                        </dos:address>
                    </dos:submitter>
                </dos:dossier>
            </v1:request>
        </v1:exportDossierRequest>
    </soapenv:Body>
</soapenv:Envelope>]]></con:request><con:credentials><con:selectedAuthProfile>Basic</con:selectedAuthProfile><con:addedBasicAuthenticationTypes>Basic</con:addedBasicAuthenticationTypes><con:authType>Global HTTP Settings</con:authType></con:credentials><con:jmsConfig JMSDeliveryMode="PERSISTENT"/><con:jmsPropertyConfig/><con:wsaConfig mustUnderstand="NONE" version="200508" action="http://fidus.brussels/services/importtoregondesservice/importDossier"/><con:wsrmConfig version="1.2"/></con:call><con:call id="3224a4aa-a0f2-4d40-b408-e9e69d81777b" name="3 - Test - Worker2 - Request" incomingWss="Inflow TEST" outgoingWss="Outflow TEST"><con:settings><con:setting id="com.eviware.soapui.impl.wsdl.WsdlRequest@request-headers">&lt;xml-fragment/></con:setting></con:settings><con:encoding>UTF-8</con:encoding><con:endpoint>https://192.168.22.54:8443/services/ImportToRegondesService_v1.0</con:endpoint><con:request><![CDATA[<soapenv:Envelope xmlns:soapenv="http://schemas.xmlsoap.org/soap/envelope/" xmlns:v1="http://fidus.brussels/service/importtoregondesservice/messages/v1" xmlns:v11="http://fidus.brussels/type/common/messages/v1" xmlns:dos="http://www.minfin.fgov.be/regondes2/extern/taxservice/imports/dossier" xmlns:com="http://www.minfin.fgov.be/regondes2/extern/taxservice/common" >
    <soapenv:Header/>
    <soapenv:Body>
        <v1:exportDossierRequest>
            <v1:messageContext>
                <v11:messageId>${=import static java.util.UUID.randomUUID; uuid = randomUUID() as String}</v11:messageId>
                <v11:timestamp>${=new java.text.SimpleDateFormat("yyyy-MM-dd'T'HH:mm:ss.SSS").format(new Date())}</v11:timestamp>
            </v1:messageContext>
            <v1:legalContext>ServiceIntegrator</v1:legalContext>
            <v1:request>
                <dos:dossier>
                    <dos:language>FR</dos:language>
                    <dos:fiscalYear>2015</dos:fiscalYear>
                    <dos:initialService>
                        <com:technicalReference>11223344</com:technicalReference>
                        <com:type>AAF</com:type>				
                        <!-- the "REFERENCE" is used by the SPF Finance to create a new legal dispute on the
						SPF data base. To have a "success" as a response, you have to 
						change this parameter every request. -->
                        <com:reference>CF55571</com:reference>
                        <com:complaintType>MS</com:complaintType>
                        <com:registerArticle>1</com:registerArticle>
                        <com:dateInitialService>2017-01-10+01:00</com:dateInitialService>
                        <com:nameContact>PME047 Testuser</com:nameContact>
                        <com:emailContact>testuser.pme047@guest.minfin.fed.be</com:emailContact>
                        <com:remark>none</com:remark>
                    </dos:initialService>
                    <dos:patrimonyInformation>
                        <dos:cadastralDivisionCode>21819</dos:cadastralDivisionCode>
                        <dos:articleNumber>14831</dos:articleNumber>
                    </dos:patrimonyInformation>
                    <dos:submitter>
                        <dos:person>
                            <dos:persIDF>000006141843</dos:persIDF>
                            <dos:firstname>PATRICK</dos:firstname>
                            <dos:lastname>DEWANDELEER</dos:lastname>
                        </dos:person>
                        <dos:address>
                            <com:street>Rue du Maraîcher, 5</com:street>
                            <com:zipCode>1082</com:zipCode>
                            <com:place>Berchem-Sainte-Agathe</com:place>
                        </dos:address>
                    </dos:submitter>
                </dos:dossier>
            </v1:request>
        </v1:exportDossierRequest>
    </soapenv:Body>
</soapenv:Envelope>]]></con:request><con:credentials><con:selectedAuthProfile>Basic</con:selectedAuthProfile><con:addedBasicAuthenticationTypes>Basic</con:addedBasicAuthenticationTypes><con:authType>Global HTTP Settings</con:authType></con:credentials><con:jmsConfig JMSDeliveryMode="PERSISTENT"/><con:jmsPropertyConfig/><con:wsaConfig mustUnderstand="NONE" version="200508" action="http://fidus.brussels/services/importtoregondesservice/importDossier"/><con:wsrmConfig version="1.2"/></con:call><con:call id="46dc44f0-d78e-4e63-be1c-b89b5af3b864" name="4 - Staging - Worker1 - Request" incomingWss="Inflow STAGING" outgoingWss="Outflow STAGING"><con:settings><con:setting id="com.eviware.soapui.impl.wsdl.WsdlRequest@request-headers">&lt;xml-fragment/></con:setting></con:settings><con:encoding>UTF-8</con:encoding><con:endpoint>https://192.168.24.16:8443/services/ImportToRegondesService_v1.0</con:endpoint><con:request><![CDATA[<soapenv:Envelope xmlns:soapenv="http://schemas.xmlsoap.org/soap/envelope/" xmlns:v1="http://fidus.brussels/service/importtoregondesservice/messages/v1" xmlns:v11="http://fidus.brussels/type/common/messages/v1" xmlns:dos="http://www.minfin.fgov.be/regondes2/extern/taxservice/imports/dossier" xmlns:com="http://www.minfin.fgov.be/regondes2/extern/taxservice/common" >
    <soapenv:Header/>
    <soapenv:Body>
        <v1:exportDossierRequest>
            <v1:messageContext>
                <v11:messageId>${=import static java.util.UUID.randomUUID; uuid = randomUUID() as String}</v11:messageId>
                <v11:timestamp>${=new java.text.SimpleDateFormat("yyyy-MM-dd'T'HH:mm:ss.SSS").format(new Date())}</v11:timestamp>
            </v1:messageContext>
            <v1:legalContext>ServiceIntegrator</v1:legalContext>
            <v1:request>
                <dos:dossier>
                    <dos:language>FR</dos:language>
                    <dos:fiscalYear>2015</dos:fiscalYear>
                    <dos:initialService>
                        <com:technicalReference>11223344</com:technicalReference>
                        <com:type>AAF</com:type>				
                        <!-- the "REFERENCE" is used by the SPF Finance to create a new legal dispute on the
						SPF data base. To have a "success" as a response, you have to 
						change this parameter every request. -->
                        <com:reference>CF55571</com:reference>
                        <com:complaintType>MS</com:complaintType>
                        <com:registerArticle>1</com:registerArticle>
                        <com:dateInitialService>2017-01-10+01:00</com:dateInitialService>
                        <com:nameContact>PME047 Testuser</com:nameContact>
                        <com:emailContact>testuser.pme047@guest.minfin.fed.be</com:emailContact>
                        <com:remark>none</com:remark>
                    </dos:initialService>
                    <dos:patrimonyInformation>
                        <dos:cadastralDivisionCode>21819</dos:cadastralDivisionCode>
                        <dos:articleNumber>14831</dos:articleNumber>
                    </dos:patrimonyInformation>
                    <dos:submitter>
                        <dos:person>
                            <dos:persIDF>000006141843</dos:persIDF>
                            <dos:firstname>PATRICK</dos:firstname>
                            <dos:lastname>DEWANDELEER</dos:lastname>
                        </dos:person>
                        <dos:address>
                            <com:street>Rue du Maraîcher, 5</com:street>
                            <com:zipCode>1082</com:zipCode>
                            <com:place>Berchem-Sainte-Agathe</com:place>
                        </dos:address>
                    </dos:submitter>
                </dos:dossier>
            </v1:request>
        </v1:exportDossierRequest>
    </soapenv:Body>
</soapenv:Envelope>]]></con:request><con:credentials><con:selectedAuthProfile>Basic</con:selectedAuthProfile><con:addedBasicAuthenticationTypes>Basic</con:addedBasicAuthenticationTypes><con:authType>Global HTTP Settings</con:authType></con:credentials><con:jmsConfig JMSDeliveryMode="PERSISTENT"/><con:jmsPropertyConfig/><con:wsaConfig mustUnderstand="NONE" version="200508" action="http://fidus.brussels/services/importtoregondesservice/importDossier"/><con:wsrmConfig version="1.2"/></con:call><con:call id="14fc4df2-3b5a-4eb0-975d-eef5bbf56336" name="4 - Staging - Worker2 - Request" incomingWss="Inflow STAGING" outgoingWss="Outflow STAGING"><con:settings><con:setting id="com.eviware.soapui.impl.wsdl.WsdlRequest@request-headers">&lt;xml-fragment/></con:setting></con:settings><con:encoding>UTF-8</con:encoding><con:endpoint>https://192.168.24.17:8443/services/ImportToRegondesService_v1.0</con:endpoint><con:request><![CDATA[<soapenv:Envelope xmlns:soapenv="http://schemas.xmlsoap.org/soap/envelope/" xmlns:v1="http://fidus.brussels/service/importtoregondesservice/messages/v1" xmlns:v11="http://fidus.brussels/type/common/messages/v1" xmlns:dos="http://www.minfin.fgov.be/regondes2/extern/taxservice/imports/dossier" xmlns:com="http://www.minfin.fgov.be/regondes2/extern/taxservice/common" >
    <soapenv:Header/>
    <soapenv:Body>
        <v1:exportDossierRequest>
            <v1:messageContext>
                <v11:messageId>${=import static java.util.UUID.randomUUID; uuid = randomUUID() as String}</v11:messageId>
                <v11:timestamp>${=new java.text.SimpleDateFormat("yyyy-MM-dd'T'HH:mm:ss.SSS").format(new Date())}</v11:timestamp>
            </v1:messageContext>
            <v1:legalContext>ServiceIntegrator</v1:legalContext>
            <v1:request>
                <dos:dossier>
                    <dos:language>FR</dos:language>
                    <dos:fiscalYear>2015</dos:fiscalYear>
                    <dos:initialService>
                        <com:technicalReference>11223344</com:technicalReference>
                        <com:type>AAF</com:type>				
                        <!-- the "REFERENCE" is used by the SPF Finance to create a new legal dispute on the
						SPF data base. To have a "success" as a response, you have to 
						change this parameter every request. -->
                        <com:reference>CF55571</com:reference>
                        <com:complaintType>MS</com:complaintType>
                        <com:registerArticle>1</com:registerArticle>
                        <com:dateInitialService>2017-01-10+01:00</com:dateInitialService>
                        <com:nameContact>PME047 Testuser</com:nameContact>
                        <com:emailContact>testuser.pme047@guest.minfin.fed.be</com:emailContact>
                        <com:remark>none</com:remark>
                    </dos:initialService>
                    <dos:patrimonyInformation>
                        <dos:cadastralDivisionCode>21819</dos:cadastralDivisionCode>
                        <dos:articleNumber>14831</dos:articleNumber>
                    </dos:patrimonyInformation>
                    <dos:submitter>
                        <dos:person>
                            <dos:persIDF>000006141843</dos:persIDF>
                            <dos:firstname>PATRICK</dos:firstname>
                            <dos:lastname>DEWANDELEER</dos:lastname>
                        </dos:person>
                        <dos:address>
                            <com:street>Rue du Maraîcher, 5</com:street>
                            <com:zipCode>1082</com:zipCode>
                            <com:place>Berchem-Sainte-Agathe</com:place>
                        </dos:address>
                    </dos:submitter>
                </dos:dossier>
            </v1:request>
        </v1:exportDossierRequest>
    </soapenv:Body>
</soapenv:Envelope>]]></con:request><con:credentials><con:selectedAuthProfile>Basic</con:selectedAuthProfile><con:addedBasicAuthenticationTypes>Basic</con:addedBasicAuthenticationTypes><con:authType>Global HTTP Settings</con:authType></con:credentials><con:jmsConfig JMSDeliveryMode="PERSISTENT"/><con:jmsPropertyConfig/><con:wsaConfig mustUnderstand="NONE" version="200508" action="http://fidus.brussels/services/importtoregondesservice/importDossier"/><con:wsrmConfig version="1.2"/></con:call><con:call id="b7fd3745-171a-4cc5-b0df-f20a37a071ef" name="4 - Staging - LB - Request" incomingWss="Inflow STAGING" outgoingWss="Outflow STAGING"><con:settings><con:setting id="com.eviware.soapui.impl.wsdl.WsdlRequest@request-headers">&lt;xml-fragment/></con:setting></con:settings><con:encoding>UTF-8</con:encoding><con:endpoint>https://fidus-esb-sg.sta.srv.cirb.lan:8443/services/ImportToRegondesService_v1.0</con:endpoint><con:request><![CDATA[<soapenv:Envelope xmlns:soapenv="http://schemas.xmlsoap.org/soap/envelope/" xmlns:v1="http://fidus.brussels/service/importtoregondesservice/messages/v1" xmlns:v11="http://fidus.brussels/type/common/messages/v1" xmlns:dos="http://www.minfin.fgov.be/regondes2/extern/taxservice/imports/dossier" xmlns:com="http://www.minfin.fgov.be/regondes2/extern/taxservice/common" >
    <soapenv:Header/>
    <soapenv:Body>
        <v1:exportDossierRequest>
            <v1:messageContext>
                <v11:messageId>${=import static java.util.UUID.randomUUID; uuid = randomUUID() as String}</v11:messageId>
                <v11:timestamp>${=new java.text.SimpleDateFormat("yyyy-MM-dd'T'HH:mm:ss.SSS").format(new Date())}</v11:timestamp>
            </v1:messageContext>
            <v1:legalContext>ServiceIntegrator</v1:legalContext>
            <v1:request>
                <dos:dossier>
                    <dos:language>FR</dos:language>
                    <dos:fiscalYear>2015</dos:fiscalYear>
                    <dos:initialService>
                        <com:technicalReference>11223344</com:technicalReference>
                        <com:type>AAF</com:type>				
                        <!-- the "REFERENCE" is used by the SPF Finance to create a new legal dispute on the
						SPF data base. To have a "success" as a response, you have to 
						change this parameter every request. -->
                        <com:reference>CF55571</com:reference>
                        <com:complaintType>MS</com:complaintType>
                        <com:registerArticle>1</com:registerArticle>
                        <com:dateInitialService>2017-01-10+01:00</com:dateInitialService>
                        <com:nameContact>PME047 Testuser</com:nameContact>
                        <com:emailContact>testuser.pme047@guest.minfin.fed.be</com:emailContact>
                        <com:remark>none</com:remark>
                    </dos:initialService>
                    <dos:patrimonyInformation>
                        <dos:cadastralDivisionCode>21819</dos:cadastralDivisionCode>
                        <dos:articleNumber>14831</dos:articleNumber>
                    </dos:patrimonyInformation>
                    <dos:submitter>
                        <dos:person>
                            <dos:persIDF>000006141843</dos:persIDF>
                            <dos:firstname>PATRICK</dos:firstname>
                            <dos:lastname>DEWANDELEER</dos:lastname>
                        </dos:person>
                        <dos:address>
                            <com:street>Rue du Maraîcher, 5</com:street>
                            <com:zipCode>1082</com:zipCode>
                            <com:place>Berchem-Sainte-Agathe</com:place>
                        </dos:address>
                    </dos:submitter>
                </dos:dossier>
            </v1:request>
        </v1:exportDossierRequest>
    </soapenv:Body>
</soapenv:Envelope>]]></con:request><con:credentials><con:selectedAuthProfile>Basic</con:selectedAuthProfile><con:addedBasicAuthenticationTypes>Basic</con:addedBasicAuthenticationTypes><con:authType>Global HTTP Settings</con:authType></con:credentials><con:jmsConfig JMSDeliveryMode="PERSISTENT"/><con:jmsPropertyConfig/><con:wsaConfig mustUnderstand="NONE" version="200508" action="http://fidus.brussels/services/importtoregondesservice/importDossier"/><con:wsrmConfig version="1.2"/></con:call><con:call id="ab30ec25-f87c-460c-b56d-0ae832a41f8d" name="5 - Prod - Worker1 - Request" incomingWss="Inflow PROD" outgoingWss="Outflow PROD"><con:settings><con:setting id="com.eviware.soapui.impl.wsdl.WsdlRequest@request-headers">&lt;xml-fragment/></con:setting></con:settings><con:encoding>UTF-8</con:encoding><con:endpoint>https://192.168.26.22:8443/services/ImportToRegondesService_v1.0</con:endpoint><con:request><![CDATA[<soapenv:Envelope xmlns:soapenv="http://schemas.xmlsoap.org/soap/envelope/" xmlns:v1="http://fidus.brussels/service/importtoregondesservice/messages/v1" xmlns:v11="http://fidus.brussels/type/common/messages/v1" xmlns:dos="http://www.minfin.fgov.be/regondes2/extern/taxservice/imports/dossier" xmlns:com="http://www.minfin.fgov.be/regondes2/extern/taxservice/common" >
    <soapenv:Header/>
    <soapenv:Body>
        <v1:exportDossierRequest>
            <v1:messageContext>
                <v11:messageId>${=import static java.util.UUID.randomUUID; uuid = randomUUID() as String}</v11:messageId>
                <v11:timestamp>${=new java.text.SimpleDateFormat("yyyy-MM-dd'T'HH:mm:ss.SSS").format(new Date())}</v11:timestamp>
            </v1:messageContext>
            <v1:legalContext>ServiceIntegrator</v1:legalContext>
            <v1:request>
                <dos:dossier>
                    <dos:language>FR</dos:language>
                    <dos:fiscalYear>2015</dos:fiscalYear>
                    <dos:initialService>
                        <com:technicalReference>11223344</com:technicalReference>
                        <com:type>AAF</com:type>				
                        <!-- the "REFERENCE" is used by the SPF Finance to create a new legal dispute on the
						SPF data base. To have a "success" as a response, you have to 
						change this parameter every request. -->
                        <com:reference>CF55571</com:reference>
                        <com:complaintType>MS</com:complaintType>
                        <com:registerArticle>1</com:registerArticle>
                        <com:dateInitialService>2017-01-10+01:00</com:dateInitialService>
                        <com:nameContact>PME047 Testuser</com:nameContact>
                        <com:emailContact>testuser.pme047@guest.minfin.fed.be</com:emailContact>
                        <com:remark>none</com:remark>
                    </dos:initialService>
                    <dos:patrimonyInformation>
                        <dos:cadastralDivisionCode>21819</dos:cadastralDivisionCode>
                        <dos:articleNumber>14831</dos:articleNumber>
                    </dos:patrimonyInformation>
                    <dos:submitter>
                        <dos:person>
                            <dos:persIDF>000006141843</dos:persIDF>
                            <dos:firstname>PATRICK</dos:firstname>
                            <dos:lastname>DEWANDELEER</dos:lastname>
                        </dos:person>
                        <dos:address>
                            <com:street>Rue du Maraîcher, 5</com:street>
                            <com:zipCode>1082</com:zipCode>
                            <com:place>Berchem-Sainte-Agathe</com:place>
                        </dos:address>
                    </dos:submitter>
                </dos:dossier>
            </v1:request>
        </v1:exportDossierRequest>
    </soapenv:Body>
</soapenv:Envelope>]]></con:request><con:credentials><con:selectedAuthProfile>Basic</con:selectedAuthProfile><con:addedBasicAuthenticationTypes>Basic</con:addedBasicAuthenticationTypes><con:authType>Global HTTP Settings</con:authType></con:credentials><con:jmsConfig JMSDeliveryMode="PERSISTENT"/><con:jmsPropertyConfig/><con:wsaConfig mustUnderstand="NONE" version="200508" action="http://fidus.brussels/services/importtoregondesservice/importDossier"/><con:wsrmConfig version="1.2"/></con:call><con:call id="a2de433a-1275-4e3c-b9fb-f9ba90477307" name="5 - Prod - Worker2 - Request" incomingWss="Inflow PROD" outgoingWss="Outflow PROD"><con:settings><con:setting id="com.eviware.soapui.impl.wsdl.WsdlRequest@request-headers">&lt;xml-fragment/></con:setting></con:settings><con:encoding>UTF-8</con:encoding><con:endpoint>https://192.168.26.19:8443/services/ImportToRegondesService_v1.0</con:endpoint><con:request><![CDATA[<soapenv:Envelope xmlns:soapenv="http://schemas.xmlsoap.org/soap/envelope/" xmlns:v1="http://fidus.brussels/service/importtoregondesservice/messages/v1" xmlns:v11="http://fidus.brussels/type/common/messages/v1" xmlns:dos="http://www.minfin.fgov.be/regondes2/extern/taxservice/imports/dossier" xmlns:com="http://www.minfin.fgov.be/regondes2/extern/taxservice/common" >
    <soapenv:Header/>
    <soapenv:Body>
        <v1:exportDossierRequest>
            <v1:messageContext>
                <v11:messageId>${=import static java.util.UUID.randomUUID; uuid = randomUUID() as String}</v11:messageId>
                <v11:timestamp>${=new java.text.SimpleDateFormat("yyyy-MM-dd'T'HH:mm:ss.SSS").format(new Date())}</v11:timestamp>
            </v1:messageContext>
            <v1:legalContext>ServiceIntegrator</v1:legalContext>
            <v1:request>
                <dos:dossier>
                    <dos:language>FR</dos:language>
                    <dos:fiscalYear>2015</dos:fiscalYear>
                    <dos:initialService>
                        <com:technicalReference>11223344</com:technicalReference>
                        <com:type>AAF</com:type>				
                        <!-- the "REFERENCE" is used by the SPF Finance to create a new legal dispute on the
						SPF data base. To have a "success" as a response, you have to 
						change this parameter every request. -->
                        <com:reference>CF55571</com:reference>
                        <com:complaintType>MS</com:complaintType>
                        <com:registerArticle>1</com:registerArticle>
                        <com:dateInitialService>2017-01-10+01:00</com:dateInitialService>
                        <com:nameContact>PME047 Testuser</com:nameContact>
                        <com:emailContact>testuser.pme047@guest.minfin.fed.be</com:emailContact>
                        <com:remark>none</com:remark>
                    </dos:initialService>
                    <dos:patrimonyInformation>
                        <dos:cadastralDivisionCode>21819</dos:cadastralDivisionCode>
                        <dos:articleNumber>14831</dos:articleNumber>
                    </dos:patrimonyInformation>
                    <dos:submitter>
                        <dos:person>
                            <dos:persIDF>000006141843</dos:persIDF>
                            <dos:firstname>PATRICK</dos:firstname>
                            <dos:lastname>DEWANDELEER</dos:lastname>
                        </dos:person>
                        <dos:address>
                            <com:street>Rue du Maraîcher, 5</com:street>
                            <com:zipCode>1082</com:zipCode>
                            <com:place>Berchem-Sainte-Agathe</com:place>
                        </dos:address>
                    </dos:submitter>
                </dos:dossier>
            </v1:request>
        </v1:exportDossierRequest>
    </soapenv:Body>
</soapenv:Envelope>]]></con:request><con:credentials><con:selectedAuthProfile>Basic</con:selectedAuthProfile><con:addedBasicAuthenticationTypes>Basic</con:addedBasicAuthenticationTypes><con:authType>Global HTTP Settings</con:authType></con:credentials><con:jmsConfig JMSDeliveryMode="PERSISTENT"/><con:jmsPropertyConfig/><con:wsaConfig mustUnderstand="NONE" version="200508" action="http://fidus.brussels/services/importtoregondesservice/importDossier"/><con:wsrmConfig version="1.2"/></con:call><con:call id="07513612-37a0-4faf-86fe-b295c08420d1" name="5 - Prod - LB - Request" incomingWss="Inflow PROD" outgoingWss="Outflow PROD"><con:settings><con:setting id="com.eviware.soapui.impl.wsdl.WsdlRequest@request-headers">&lt;xml-fragment/></con:setting></con:settings><con:encoding>UTF-8</con:encoding><con:endpoint>https://fidus-esb-sg.prd.srv.cirb.lan:8443/services/ImportToRegondesService_v1.0</con:endpoint><con:request><![CDATA[<soapenv:Envelope xmlns:soapenv="http://schemas.xmlsoap.org/soap/envelope/" xmlns:v1="http://fidus.brussels/service/importtoregondesservice/messages/v1" xmlns:v11="http://fidus.brussels/type/common/messages/v1" xmlns:dos="http://www.minfin.fgov.be/regondes2/extern/taxservice/imports/dossier" xmlns:com="http://www.minfin.fgov.be/regondes2/extern/taxservice/common" >
    <soapenv:Header/>
    <soapenv:Body>
        <v1:exportDossierRequest>
            <v1:messageContext>
                <v11:messageId>${=import static java.util.UUID.randomUUID; uuid = randomUUID() as String}</v11:messageId>
                <v11:timestamp>${=new java.text.SimpleDateFormat("yyyy-MM-dd'T'HH:mm:ss.SSS").format(new Date())}</v11:timestamp>
            </v1:messageContext>
            <v1:legalContext>ServiceIntegrator</v1:legalContext>
            <v1:request>
                <dos:dossier>
                    <dos:language>FR</dos:language>
                    <dos:fiscalYear>2015</dos:fiscalYear>
                    <dos:initialService>
                        <com:technicalReference>11223344</com:technicalReference>
                        <com:type>AAF</com:type>				
                        <!-- the "REFERENCE" is used by the SPF Finance to create a new legal dispute on the
						SPF data base. To have a "success" as a response, you have to 
						change this parameter every request. -->
                        <com:reference>CF55571</com:reference>
                        <com:complaintType>MS</com:complaintType>
                        <com:registerArticle>1</com:registerArticle>
                        <com:dateInitialService>2017-01-10+01:00</com:dateInitialService>
                        <com:nameContact>PME047 Testuser</com:nameContact>
                        <com:emailContact>testuser.pme047@guest.minfin.fed.be</com:emailContact>
                        <com:remark>none</com:remark>
                    </dos:initialService>
                    <dos:patrimonyInformation>
                        <dos:cadastralDivisionCode>21819</dos:cadastralDivisionCode>
                        <dos:articleNumber>14831</dos:articleNumber>
                    </dos:patrimonyInformation>
                    <dos:submitter>
                        <dos:person>
                            <dos:persIDF>000006141843</dos:persIDF>
                            <dos:firstname>PATRICK</dos:firstname>
                            <dos:lastname>DEWANDELEER</dos:lastname>
                        </dos:person>
                        <dos:address>
                            <com:street>Rue du Maraîcher, 5</com:street>
                            <com:zipCode>1082</com:zipCode>
                            <com:place>Berchem-Sainte-Agathe</com:place>
                        </dos:address>
                    </dos:submitter>
                </dos:dossier>
            </v1:request>
        </v1:exportDossierRequest>
    </soapenv:Body>
</soapenv:Envelope>]]></con:request><con:credentials><con:selectedAuthProfile>Basic</con:selectedAuthProfile><con:addedBasicAuthenticationTypes>Basic</con:addedBasicAuthenticationTypes><con:authType>Global HTTP Settings</con:authType></con:credentials><con:jmsConfig JMSDeliveryMode="PERSISTENT"/><con:jmsPropertyConfig/><con:wsaConfig mustUnderstand="NONE" version="200508" action="http://fidus.brussels/services/importtoregondesservice/importDossier"/><con:wsrmConfig version="1.2"/></con:call><con:call id="842facd6-a165-4cf5-8475-85b43b6c9a20" name="5 - Prod - External - Request" incomingWss="Inflow PROD" outgoingWss="Outflow PROD"><con:settings><con:setting id="com.eviware.soapui.impl.wsdl.WsdlRequest@request-headers">&lt;xml-fragment/></con:setting></con:settings><con:encoding>UTF-8</con:encoding><con:endpoint>https://fidus.sec.brussels/services/ImportToRegondesService_v1.0</con:endpoint><con:request><![CDATA[<soapenv:Envelope xmlns:soapenv="http://schemas.xmlsoap.org/soap/envelope/" xmlns:v1="http://fidus.brussels/service/importtoregondesservice/messages/v1" xmlns:v11="http://fidus.brussels/type/common/messages/v1" xmlns:dos="http://www.minfin.fgov.be/regondes2/extern/taxservice/imports/dossier" xmlns:com="http://www.minfin.fgov.be/regondes2/extern/taxservice/common" >
    <soapenv:Header/>
    <soapenv:Body>
        <v1:exportDossierRequest>
            <v1:messageContext>
                <v11:messageId>${=import static java.util.UUID.randomUUID; uuid = randomUUID() as String}</v11:messageId>
                <v11:timestamp>${=new java.text.SimpleDateFormat("yyyy-MM-dd'T'HH:mm:ss.SSS").format(new Date())}</v11:timestamp>
            </v1:messageContext>
            <v1:legalContext>ServiceIntegrator</v1:legalContext>
            <v1:request>
                <dos:dossier>
                    <dos:language>FR</dos:language>
                    <dos:fiscalYear>2015</dos:fiscalYear>
                    <dos:initialService>
                        <com:technicalReference>11223344</com:technicalReference>
                        <com:type>AAF</com:type>				
                        <!-- the "REFERENCE" is used by the SPF Finance to create a new legal dispute on the
						SPF data base. To have a "success" as a response, you have to 
						change this parameter every request. -->
                        <com:reference>CF55571</com:reference>
                        <com:complaintType>MS</com:complaintType>
                        <com:registerArticle>1</com:registerArticle>
                        <com:dateInitialService>2017-01-10+01:00</com:dateInitialService>
                        <com:nameContact>PME047 Testuser</com:nameContact>
                        <com:emailContact>testuser.pme047@guest.minfin.fed.be</com:emailContact>
                        <com:remark>none</com:remark>
                    </dos:initialService>
                    <dos:patrimonyInformation>
                        <dos:cadastralDivisionCode>21819</dos:cadastralDivisionCode>
                        <dos:articleNumber>14831</dos:articleNumber>
                    </dos:patrimonyInformation>
                    <dos:submitter>
                        <dos:person>
                            <dos:persIDF>000006141843</dos:persIDF>
                            <dos:firstname>PATRICK</dos:firstname>
                            <dos:lastname>DEWANDELEER</dos:lastname>
                        </dos:person>
                        <dos:address>
                            <com:street>Rue du Maraîcher, 5</com:street>
                            <com:zipCode>1082</com:zipCode>
                            <com:place>Berchem-Sainte-Agathe</com:place>
                        </dos:address>
                    </dos:submitter>
                </dos:dossier>
            </v1:request>
        </v1:exportDossierRequest>
    </soapenv:Body>
</soapenv:Envelope>]]></con:request><con:credentials><con:selectedAuthProfile>Basic</con:selectedAuthProfile><con:addedBasicAuthenticationTypes>Basic</con:addedBasicAuthenticationTypes><con:authType>Global HTTP Settings</con:authType></con:credentials><con:jmsConfig JMSDeliveryMode="PERSISTENT"/><con:jmsPropertyConfig/><con:wsaConfig mustUnderstand="NONE" version="200508" action="http://fidus.brussels/services/importtoregondesservice/importDossier"/><con:wsrmConfig version="1.2"/></con:call><con:call id="60b3abd0-6cbf-45dc-9eaf-2263bc27befa" name="3 - Test - External - Request" incomingWss="Inflow TEST" outgoingWss="Outflow TEST"><con:settings><con:setting id="com.eviware.soapui.impl.wsdl.WsdlRequest@request-headers">&lt;xml-fragment/></con:setting></con:settings><con:encoding>UTF-8</con:encoding><con:endpoint>https://fidus-test.irisnetlab.be/services/ImportToRegondesService_v1.0</con:endpoint><con:request><![CDATA[<soapenv:Envelope xmlns:soapenv="http://schemas.xmlsoap.org/soap/envelope/" xmlns:v1="http://fidus.brussels/service/importtoregondesservice/messages/v1" xmlns:v11="http://fidus.brussels/type/common/messages/v1" xmlns:dos="http://www.minfin.fgov.be/regondes2/extern/taxservice/imports/dossier" xmlns:com="http://www.minfin.fgov.be/regondes2/extern/taxservice/common" >
    <soapenv:Header/>
    <soapenv:Body>
        <v1:exportDossierRequest>
            <v1:messageContext>
                <v11:messageId>${=import static java.util.UUID.randomUUID; uuid = randomUUID() as String}</v11:messageId>
                <v11:timestamp>${=new java.text.SimpleDateFormat("yyyy-MM-dd'T'HH:mm:ss.SSS").format(new Date())}</v11:timestamp>
            </v1:messageContext>
            <v1:legalContext>ServiceIntegrator</v1:legalContext>
            <v1:request>
                <dos:dossier>
                    <dos:language>FR</dos:language>
                    <dos:fiscalYear>2015</dos:fiscalYear>
                    <dos:initialService>
                        <com:technicalReference>11223344</com:technicalReference>
                        <com:type>AAF</com:type>				
                        <!-- the "REFERENCE" is used by the SPF Finance to create a new legal dispute on the
						SPF data base. To have a "success" as a response, you have to 
						change this parameter every request. -->
                        <com:reference>CF15571</com:reference>
                        <com:complaintType>MS</com:complaintType>
                        <com:registerArticle>1</com:registerArticle>
                        <com:dateInitialService>2017-01-10+01:00</com:dateInitialService>
                        <com:nameContact>PME047 Testuser</com:nameContact>
                        <com:emailContact>testuser.pme047@guest.minfin.fed.be</com:emailContact>
                        <com:remark>none</com:remark>
                    </dos:initialService>
                    <dos:patrimonyInformation>
                        <dos:cadastralDivisionCode>21819</dos:cadastralDivisionCode>
                        <dos:articleNumber>14831</dos:articleNumber>
                    </dos:patrimonyInformation>
                    <dos:submitter>
                        <dos:person>
                            <dos:persIDF>000006141843</dos:persIDF>
                            <dos:firstname>PATRICK</dos:firstname>
                            <dos:lastname>DEWANDELEER</dos:lastname>
                        </dos:person>
                        <dos:address>
                            <com:street>Rue du Maraîcher, 5</com:street>
                            <com:zipCode>1082</com:zipCode>
                            <com:place>Berchem-Sainte-Agathe</com:place>
                        </dos:address>
                    </dos:submitter>
                </dos:dossier>
            </v1:request>
        </v1:exportDossierRequest>
    </soapenv:Body>
</soapenv:Envelope>]]></con:request><con:credentials><con:selectedAuthProfile>Basic</con:selectedAuthProfile><con:addedBasicAuthenticationTypes>Basic</con:addedBasicAuthenticationTypes><con:authType>Global HTTP Settings</con:authType></con:credentials><con:jmsConfig JMSDeliveryMode="PERSISTENT"/><con:jmsPropertyConfig/><con:wsaConfig mustUnderstand="NONE" version="200508" action="http://fidus.brussels/services/importtoregondesservice/importDossier"/><con:wsrmConfig version="1.2"/></con:call><con:call id="137551d5-a332-4ccd-b70d-fc738d0d731b" name="4 - Staging - External - Request" incomingWss="Inflow STAGING" outgoingWss="Outflow STAGING"><con:settings><con:setting id="com.eviware.soapui.impl.wsdl.WsdlRequest@request-headers">&lt;xml-fragment/></con:setting></con:settings><con:encoding>UTF-8</con:encoding><con:endpoint>https://fidus.irisnetlab.be/services/ImportToRegondesService_v1.0</con:endpoint><con:request><![CDATA[<soapenv:Envelope xmlns:soapenv="http://schemas.xmlsoap.org/soap/envelope/" xmlns:v1="http://fidus.brussels/service/importtoregondesservice/messages/v1" xmlns:v11="http://fidus.brussels/type/common/messages/v1" xmlns:dos="http://www.minfin.fgov.be/regondes2/extern/taxservice/imports/dossier" xmlns:com="http://www.minfin.fgov.be/regondes2/extern/taxservice/common" >
    <soapenv:Header/>
    <soapenv:Body>
        <v1:exportDossierRequest>
            <v1:messageContext>
                <v11:messageId>${=import static java.util.UUID.randomUUID; uuid = randomUUID() as String}</v11:messageId>
                <v11:timestamp>${=new java.text.SimpleDateFormat("yyyy-MM-dd'T'HH:mm:ss.SSS").format(new Date())}</v11:timestamp>
            </v1:messageContext>
            <v1:legalContext>ServiceIntegrator</v1:legalContext>
            <v1:request>
                <dos:dossier>
                    <dos:language>FR</dos:language>
                    <dos:fiscalYear>2015</dos:fiscalYear>
                    <dos:initialService>
                        <com:technicalReference>11223344</com:technicalReference>
                        <com:type>AAF</com:type>				
                        <!-- the "REFERENCE" is used by the SPF Finance to create a new legal dispute on the
						SPF data base. To have a "success" as a response, you have to 
						change this parameter every request. -->
                        <com:reference>CF55571</com:reference>
                        <com:complaintType>MS</com:complaintType>
                        <com:registerArticle>1</com:registerArticle>
                        <com:dateInitialService>2017-01-10+01:00</com:dateInitialService>
                        <com:nameContact>PME047 Testuser</com:nameContact>
                        <com:emailContact>testuser.pme047@guest.minfin.fed.be</com:emailContact>
                        <com:remark>none</com:remark>
                    </dos:initialService>
                    <dos:patrimonyInformation>
                        <dos:cadastralDivisionCode>21819</dos:cadastralDivisionCode>
                        <dos:articleNumber>14831</dos:articleNumber>
                    </dos:patrimonyInformation>
                    <dos:submitter>
                        <dos:person>
                            <dos:persIDF>000006141843</dos:persIDF>
                            <dos:firstname>PATRICK</dos:firstname>
                            <dos:lastname>DEWANDELEER</dos:lastname>
                        </dos:person>
                        <dos:address>
                            <com:street>Rue du Maraîcher, 5</com:street>
                            <com:zipCode>1082</com:zipCode>
                            <com:place>Berchem-Sainte-Agathe</com:place>
                        </dos:address>
                    </dos:submitter>
                </dos:dossier>
            </v1:request>
        </v1:exportDossierRequest>
    </soapenv:Body>
</soapenv:Envelope>]]></con:request><con:credentials><con:selectedAuthProfile>Basic</con:selectedAuthProfile><con:addedBasicAuthenticationTypes>Basic</con:addedBasicAuthenticationTypes><con:authType>Global HTTP Settings</con:authType></con:credentials><con:jmsConfig JMSDeliveryMode="PERSISTENT"/><con:jmsPropertyConfig/><con:wsaConfig mustUnderstand="NONE" version="200508" action="http://fidus.brussels/services/importtoregondesservice/importDossier"/><con:wsrmConfig version="1.2"/></con:call></con:operation><con:operation id="9d3fc9a9-b4e3-4466-b6ef-14bcd63bb97b" isOneWay="false" action="http://fidus.brussels/services/importtoregondesservice/importSupplementaryInformation" name="exportSupplementaryInformation" bindingOperationName="exportSupplementaryInformation" type="Request-Response" inputName="" receivesAttachments="false" sendsAttachments="false" anonymous="optional"><con:settings/><con:call id="44683908-9ffa-45b6-b0fa-663495920bbd" name="1 - Local - Request - Success" incomingWss="Inflow DEV" outgoingWss="Outflow DEV"><con:settings><con:setting id="com.eviware.soapui.impl.wsdl.WsdlRequest@request-headers">&lt;xml-fragment/></con:setting></con:settings><con:encoding>UTF-8</con:encoding><con:endpoint>https://localhost:8243/services/ImportToRegondesService_v1.0</con:endpoint><con:request><![CDATA[<soapenv:Envelope xmlns:soapenv="http://schemas.xmlsoap.org/soap/envelope/" xmlns:v1="http://fidus.brussels/service/importtoregondesservice/messages/v1" xmlns:v11="http://fidus.brussels/type/common/messages/v1" xmlns:sup="http://www.minfin.fgov.be/regondes2/extern/taxservice/imports/supplementaryInformation" xmlns:com="http://www.minfin.fgov.be/regondes2/extern/taxservice/common">
    <soapenv:Header/>
    <soapenv:Body>
        <v1:exportSupplementaryInformationRequest>
            <v1:messageContext>
                <v11:messageId>${=import static java.util.UUID.randomUUID; uuid = randomUUID() as String}</v11:messageId>
                <v11:timestamp>${=new java.text.SimpleDateFormat("yyyy-MM-dd'T'HH:mm:ss.SSS").format(new Date())}</v11:timestamp>
            </v1:messageContext>
            <v1:legalContext>ServiceIntegrator</v1:legalContext>
            <v1:request>
                <sup:supplementaryInformation>
                    <sup:initialService>
                        <com:technicalReference>11223344</com:technicalReference>
                        <com:type>AAF</com:type>
                        <com:reference>CF55571</com:reference>
                    </sup:initialService>
                    <sup:attachment>
                        <com:fileName>166119.pdf</com:fileName>
                        <com:data>    1234   </com:data>
                    </sup:attachment>
                </sup:supplementaryInformation>
            </v1:request>
        </v1:exportSupplementaryInformationRequest>
    </soapenv:Body>
</soapenv:Envelope>]]></con:request><con:credentials><con:selectedAuthProfile>Basic</con:selectedAuthProfile><con:addedBasicAuthenticationTypes>Basic</con:addedBasicAuthenticationTypes><con:authType>Global HTTP Settings</con:authType></con:credentials><con:jmsConfig JMSDeliveryMode="PERSISTENT"/><con:jmsPropertyConfig/><con:wsaConfig mustUnderstand="NONE" version="200508" action="http://fidus.brussels/services/importtoregondesservice/importSupplementaryInformation"/><con:wsrmConfig version="1.2"/></con:call><con:call id="d922982a-b1be-486f-882a-485c8556e3d5" name="1 - Local - Request - Error" incomingWss="Inflow DEV" outgoingWss="Outflow DEV"><con:settings><con:setting id="com.eviware.soapui.impl.wsdl.WsdlRequest@request-headers">&lt;xml-fragment/></con:setting></con:settings><con:encoding>UTF-8</con:encoding><con:endpoint>https://localhost:8243/services/ImportToRegondesService_v1.0</con:endpoint><con:request><![CDATA[<soapenv:Envelope xmlns:soapenv="http://schemas.xmlsoap.org/soap/envelope/" xmlns:v1="http://fidus.brussels/service/importtoregondesservice/messages/v1" xmlns:v11="http://fidus.brussels/type/common/messages/v1" xmlns:sup="http://www.minfin.fgov.be/regondes2/extern/taxservice/imports/supplementaryInformation" xmlns:com="http://www.minfin.fgov.be/regondes2/extern/taxservice/common">
    <soapenv:Header/>
    <soapenv:Body>
        <v1:exportSupplementaryInformationRequest>
            <v1:messageContext>
                <v11:messageId>${=import static java.util.UUID.randomUUID; uuid = randomUUID() as String}</v11:messageId>
                <v11:timestamp>${=new java.text.SimpleDateFormat("yyyy-MM-dd'T'HH:mm:ss.SSS").format(new Date())}</v11:timestamp>
            </v1:messageContext>
            <v1:legalContext>ServiceIntegrator</v1:legalContext>
            <v1:request>
                <sup:supplementaryInformation>
                    <sup:initialService>
                        <com:technicalReference>11223344</com:technicalReference>
                        <com:type>AAF</com:type>
                        <com:reference>CF55571</com:reference>
                    </sup:initialService>
                    <sup:attachment>
                        <com:fileName>166119.pdf</com:fileName>
                        <com:data>    1234   </com:data>
                    </sup:attachment>
                </sup:supplementaryInformation>
            </v1:request>
        </v1:exportSupplementaryInformationRequest>
    </soapenv:Body>
</soapenv:Envelope>]]></con:request><con:credentials><con:selectedAuthProfile>Basic</con:selectedAuthProfile><con:addedBasicAuthenticationTypes>Basic</con:addedBasicAuthenticationTypes><con:authType>Global HTTP Settings</con:authType></con:credentials><con:jmsConfig JMSDeliveryMode="PERSISTENT"/><con:jmsPropertyConfig/><con:wsaConfig mustUnderstand="NONE" version="200508" action="http://fidus.brussels/services/importtoregondesservice/importSupplementaryInformation"/><con:wsrmConfig version="1.2"/></con:call><con:call id="2eb7e617-e0d8-4924-a9d9-4b5ca99727a2" name="2 - DEV - Request - Success" incomingWss="Inflow DEV" outgoingWss="Outflow DEV"><con:settings><con:setting id="com.eviware.soapui.impl.wsdl.WsdlRequest@request-headers">&lt;xml-fragment/></con:setting></con:settings><con:encoding>UTF-8</con:encoding><con:endpoint>https://192.168.36.61:8243/services/ImportToRegondesService_v1.0</con:endpoint><con:request><![CDATA[<soapenv:Envelope xmlns:soapenv="http://schemas.xmlsoap.org/soap/envelope/" xmlns:v1="http://fidus.brussels/service/importtoregondesservice/messages/v1" xmlns:v11="http://fidus.brussels/type/common/messages/v1" xmlns:sup="http://www.minfin.fgov.be/regondes2/extern/taxservice/imports/supplementaryInformation" xmlns:com="http://www.minfin.fgov.be/regondes2/extern/taxservice/common">
    <soapenv:Header/>
    <soapenv:Body>
        <v1:exportSupplementaryInformationRequest>
            <v1:messageContext>
                <v11:messageId>${=import static java.util.UUID.randomUUID; uuid = randomUUID() as String}</v11:messageId>
                <v11:timestamp>${=new java.text.SimpleDateFormat("yyyy-MM-dd'T'HH:mm:ss.SSS").format(new Date())}</v11:timestamp>
            </v1:messageContext>
            <v1:legalContext>ServiceIntegrator</v1:legalContext>
            <v1:request>
                <sup:supplementaryInformation>
                    <sup:initialService>
                        <com:technicalReference>11223344</com:technicalReference>
                        <com:type>AAF</com:type>
                        <com:reference>CF55571</com:reference>
                    </sup:initialService>
                    <sup:attachment>
                        <com:fileName>166119.pdf</com:fileName>
                        <com:data>    1234   </com:data>
                    </sup:attachment>
                </sup:supplementaryInformation>
            </v1:request>
        </v1:exportSupplementaryInformationRequest>
    </soapenv:Body>
</soapenv:Envelope>]]></con:request><con:credentials><con:selectedAuthProfile>Basic</con:selectedAuthProfile><con:addedBasicAuthenticationTypes>Basic</con:addedBasicAuthenticationTypes><con:authType>Global HTTP Settings</con:authType></con:credentials><con:jmsConfig JMSDeliveryMode="PERSISTENT"/><con:jmsPropertyConfig/><con:wsaConfig mustUnderstand="NONE" version="200508" action="http://fidus.brussels/services/importtoregondesservice/importSupplementaryInformation"/><con:wsrmConfig version="1.2"/></con:call><con:call id="cdd789a1-f80e-4d98-912c-d4519b7be9bf" name="2 - DEV - Request - Error" incomingWss="Inflow DEV" outgoingWss="Outflow DEV"><con:settings><con:setting id="com.eviware.soapui.impl.wsdl.WsdlRequest@request-headers">&lt;xml-fragment/></con:setting></con:settings><con:encoding>UTF-8</con:encoding><con:endpoint>https://192.168.36.61:8243/services/ImportToRegondesService_v1.0</con:endpoint><con:request><![CDATA[<soapenv:Envelope xmlns:soapenv="http://schemas.xmlsoap.org/soap/envelope/" xmlns:v1="http://fidus.brussels/service/importtoregondesservice/messages/v1" xmlns:v11="http://fidus.brussels/type/common/messages/v1" xmlns:sup="http://www.minfin.fgov.be/regondes2/extern/taxservice/imports/supplementaryInformation" xmlns:com="http://www.minfin.fgov.be/regondes2/extern/taxservice/common">
    <soapenv:Header/>
    <soapenv:Body>
        <v1:exportSupplementaryInformationRequest>
            <v1:messageContext>
                <v11:messageId>${=import static java.util.UUID.randomUUID; uuid = randomUUID() as String}</v11:messageId>
                <v11:timestamp>${=new java.text.SimpleDateFormat("yyyy-MM-dd'T'HH:mm:ss.SSS").format(new Date())}</v11:timestamp>
            </v1:messageContext>
            <v1:legalContext>ServiceIntegrator</v1:legalContext>
            <v1:request>
                <sup:supplementaryInformation>
                    <sup:initialService>
                        <com:technicalReference>11223344</com:technicalReference>
                        <com:type>AAF</com:type>
                        <com:reference>CF55571</com:reference>
                    </sup:initialService>
                    <sup:attachment>
                        <com:fileName>166119.pdf</com:fileName>
                        <com:data>    1234   </com:data>
                    </sup:attachment>
                </sup:supplementaryInformation>
            </v1:request>
        </v1:exportSupplementaryInformationRequest>
    </soapenv:Body>
</soapenv:Envelope>]]></con:request><con:credentials><con:selectedAuthProfile>Basic</con:selectedAuthProfile><con:addedBasicAuthenticationTypes>Basic</con:addedBasicAuthenticationTypes><con:authType>Global HTTP Settings</con:authType></con:credentials><con:jmsConfig JMSDeliveryMode="PERSISTENT"/><con:jmsPropertyConfig/><con:wsaConfig mustUnderstand="NONE" version="200508" action="http://fidus.brussels/services/importtoregondesservice/importSupplementaryInformation"/><con:wsrmConfig version="1.2"/></con:call><con:call id="e43a8ea3-4a6b-4013-a109-907a7eddb9e0" name="5 - Prod - Worker1 - Request" incomingWss="Inflow PROD" outgoingWss="Outflow PROD"><con:settings><con:setting id="com.eviware.soapui.impl.wsdl.WsdlRequest@request-headers">&lt;xml-fragment/></con:setting></con:settings><con:encoding>UTF-8</con:encoding><con:endpoint>https://192.168.26.22:8443/services/ImportToRegondesService_v1.0</con:endpoint><con:request><![CDATA[<soapenv:Envelope xmlns:soapenv="http://schemas.xmlsoap.org/soap/envelope/" xmlns:v1="http://fidus.brussels/service/importtoregondesservice/messages/v1" xmlns:v11="http://fidus.brussels/type/common/messages/v1" xmlns:sup="http://www.minfin.fgov.be/regondes2/extern/taxservice/imports/supplementaryInformation" xmlns:com="http://www.minfin.fgov.be/regondes2/extern/taxservice/common">
    <soapenv:Header/>
    <soapenv:Body>
        <v1:exportSupplementaryInformationRequest>
            <v1:messageContext>
                <v11:messageId>${=import static java.util.UUID.randomUUID; uuid = randomUUID() as String}</v11:messageId>
                <v11:timestamp>${=new java.text.SimpleDateFormat("yyyy-MM-dd'T'HH:mm:ss.SSS").format(new Date())}</v11:timestamp>
            </v1:messageContext>
            <v1:legalContext>ServiceIntegrator</v1:legalContext>
            <v1:request>
                <sup:supplementaryInformation>
                    <sup:initialService>
                        <com:technicalReference>11223344</com:technicalReference>
                        <com:type>AAF</com:type>
                        <com:reference>CF55571</com:reference>
                    </sup:initialService>
                    <sup:attachment>
                        <com:fileName>166119.pdf</com:fileName>
                        <com:data>    1234   </com:data>
                    </sup:attachment>
                </sup:supplementaryInformation>
            </v1:request>
        </v1:exportSupplementaryInformationRequest>
    </soapenv:Body>
</soapenv:Envelope>]]></con:request><con:credentials><con:selectedAuthProfile>Basic</con:selectedAuthProfile><con:addedBasicAuthenticationTypes>Basic</con:addedBasicAuthenticationTypes><con:authType>Global HTTP Settings</con:authType></con:credentials><con:jmsConfig JMSDeliveryMode="PERSISTENT"/><con:jmsPropertyConfig/><con:wsaConfig mustUnderstand="NONE" version="200508" action="http://fidus.brussels/services/importtoregondesservice/importSupplementaryInformation"/><con:wsrmConfig version="1.2"/></con:call><con:call id="3e828680-f1af-4485-b989-320194c99aaf" name="5 - Prod - Worker2 - Request" incomingWss="Inflow PROD" outgoingWss="Outflow PROD"><con:settings><con:setting id="com.eviware.soapui.impl.wsdl.WsdlRequest@request-headers">&lt;xml-fragment/></con:setting></con:settings><con:encoding>UTF-8</con:encoding><con:endpoint>https://192.168.26.19:8443/services/ImportToRegondesService_v1.0</con:endpoint><con:request><![CDATA[<soapenv:Envelope xmlns:soapenv="http://schemas.xmlsoap.org/soap/envelope/" xmlns:v1="http://fidus.brussels/service/importtoregondesservice/messages/v1" xmlns:v11="http://fidus.brussels/type/common/messages/v1" xmlns:sup="http://www.minfin.fgov.be/regondes2/extern/taxservice/imports/supplementaryInformation" xmlns:com="http://www.minfin.fgov.be/regondes2/extern/taxservice/common">
    <soapenv:Header/>
    <soapenv:Body>
        <v1:exportSupplementaryInformationRequest>
            <v1:messageContext>
                <v11:messageId>${=import static java.util.UUID.randomUUID; uuid = randomUUID() as String}</v11:messageId>
                <v11:timestamp>${=new java.text.SimpleDateFormat("yyyy-MM-dd'T'HH:mm:ss.SSS").format(new Date())}</v11:timestamp>
            </v1:messageContext>
            <v1:legalContext>ServiceIntegrator</v1:legalContext>
            <v1:request>
                <sup:supplementaryInformation>
                    <sup:initialService>
                        <com:technicalReference>11223344</com:technicalReference>
                        <com:type>AAF</com:type>
                        <com:reference>CF55571</com:reference>
                    </sup:initialService>
                    <sup:attachment>
                        <com:fileName>166119.pdf</com:fileName>
                        <com:data>    1234   </com:data>
                    </sup:attachment>
                </sup:supplementaryInformation>
            </v1:request>
        </v1:exportSupplementaryInformationRequest>
    </soapenv:Body>
</soapenv:Envelope>]]></con:request><con:credentials><con:selectedAuthProfile>Basic</con:selectedAuthProfile><con:addedBasicAuthenticationTypes>Basic</con:addedBasicAuthenticationTypes><con:authType>Global HTTP Settings</con:authType></con:credentials><con:jmsConfig JMSDeliveryMode="PERSISTENT"/><con:jmsPropertyConfig/><con:wsaConfig mustUnderstand="NONE" version="200508" action="http://fidus.brussels/services/importtoregondesservice/importSupplementaryInformation"/><con:wsrmConfig version="1.2"/></con:call><con:call id="13569ada-f5a2-4954-ba38-a5c6b4091d06" name="5 - Prod - LB - Request" incomingWss="Inflow PROD" outgoingWss="Outflow PROD"><con:settings><con:setting id="com.eviware.soapui.impl.wsdl.WsdlRequest@request-headers">&lt;xml-fragment/></con:setting></con:settings><con:encoding>UTF-8</con:encoding><con:endpoint>https://fidus-esb-sg.prd.srv.cirb.lan:8443/services/ImportToRegondesService_v1.0</con:endpoint><con:request><![CDATA[<soapenv:Envelope xmlns:soapenv="http://schemas.xmlsoap.org/soap/envelope/" xmlns:v1="http://fidus.brussels/service/importtoregondesservice/messages/v1" xmlns:v11="http://fidus.brussels/type/common/messages/v1" xmlns:sup="http://www.minfin.fgov.be/regondes2/extern/taxservice/imports/supplementaryInformation" xmlns:com="http://www.minfin.fgov.be/regondes2/extern/taxservice/common">
    <soapenv:Header/>
    <soapenv:Body>
        <v1:exportSupplementaryInformationRequest>
            <v1:messageContext>
                <v11:messageId>${=import static java.util.UUID.randomUUID; uuid = randomUUID() as String}</v11:messageId>
                <v11:timestamp>${=new java.text.SimpleDateFormat("yyyy-MM-dd'T'HH:mm:ss.SSS").format(new Date())}</v11:timestamp>
            </v1:messageContext>
            <v1:legalContext>ServiceIntegrator</v1:legalContext>
            <v1:request>
                <sup:supplementaryInformation>
                    <sup:initialService>
                        <com:technicalReference>11223344</com:technicalReference>
                        <com:type>AAF</com:type>
                        <com:reference>CF55571</com:reference>
                    </sup:initialService>
                    <sup:attachment>
                        <com:fileName>166119.pdf</com:fileName>
                        <com:data>    1234   </com:data>
                    </sup:attachment>
                </sup:supplementaryInformation>
            </v1:request>
        </v1:exportSupplementaryInformationRequest>
    </soapenv:Body>
</soapenv:Envelope>]]></con:request><con:credentials><con:selectedAuthProfile>Basic</con:selectedAuthProfile><con:addedBasicAuthenticationTypes>Basic</con:addedBasicAuthenticationTypes><con:authType>Global HTTP Settings</con:authType></con:credentials><con:jmsConfig JMSDeliveryMode="PERSISTENT"/><con:jmsPropertyConfig/><con:wsaConfig mustUnderstand="NONE" version="200508" action="http://fidus.brussels/services/importtoregondesservice/importSupplementaryInformation"/><con:wsrmConfig version="1.2"/></con:call><con:call id="2fb243ff-9e6c-44cc-9280-3b3e188af942" name="5 - Prod - External - Request" incomingWss="Inflow PROD" outgoingWss="Outflow PROD"><con:settings><con:setting id="com.eviware.soapui.impl.wsdl.WsdlRequest@request-headers">&lt;xml-fragment/></con:setting></con:settings><con:encoding>UTF-8</con:encoding><con:endpoint>https://fidus.sec.brussels/services/ImportToRegondesService_v1.0</con:endpoint><con:request><![CDATA[<soapenv:Envelope xmlns:soapenv="http://schemas.xmlsoap.org/soap/envelope/" xmlns:v1="http://fidus.brussels/service/importtoregondesservice/messages/v1" xmlns:v11="http://fidus.brussels/type/common/messages/v1" xmlns:sup="http://www.minfin.fgov.be/regondes2/extern/taxservice/imports/supplementaryInformation" xmlns:com="http://www.minfin.fgov.be/regondes2/extern/taxservice/common">
    <soapenv:Header/>
    <soapenv:Body>
        <v1:exportSupplementaryInformationRequest>
            <v1:messageContext>
                <v11:messageId>${=import static java.util.UUID.randomUUID; uuid = randomUUID() as String}</v11:messageId>
                <v11:timestamp>${=new java.text.SimpleDateFormat("yyyy-MM-dd'T'HH:mm:ss.SSS").format(new Date())}</v11:timestamp>
            </v1:messageContext>
            <v1:legalContext>ServiceIntegrator</v1:legalContext>
            <v1:request>
                <sup:supplementaryInformation>
                    <sup:initialService>
                        <com:technicalReference>11223344</com:technicalReference>
                        <com:type>AAF</com:type>
                        <com:reference>CF55571</com:reference>
                    </sup:initialService>
                    <sup:attachment>
                        <com:fileName>166119.pdf</com:fileName>
                        <com:data>    1234   </com:data>
                    </sup:attachment>
                </sup:supplementaryInformation>
            </v1:request>
        </v1:exportSupplementaryInformationRequest>
    </soapenv:Body>
</soapenv:Envelope>]]></con:request><con:credentials><con:selectedAuthProfile>Basic</con:selectedAuthProfile><con:addedBasicAuthenticationTypes>Basic</con:addedBasicAuthenticationTypes><con:authType>Global HTTP Settings</con:authType></con:credentials><con:jmsConfig JMSDeliveryMode="PERSISTENT"/><con:jmsPropertyConfig/><con:wsaConfig mustUnderstand="NONE" version="200508" action="http://fidus.brussels/services/importtoregondesservice/importSupplementaryInformation"/><con:wsrmConfig version="1.2"/></con:call><con:call id="df06b9fb-281f-4657-a8f6-50a82c9136fa" name="4 - Staging - Worker2 - Request" incomingWss="Inflow STAGING" outgoingWss="Outflow STAGING"><con:settings><con:setting id="com.eviware.soapui.impl.wsdl.WsdlRequest@request-headers">&lt;xml-fragment/></con:setting></con:settings><con:encoding>UTF-8</con:encoding><con:endpoint>https://192.168.24.17:8443/services/ImportToRegondesService_v1.0</con:endpoint><con:request><![CDATA[<soapenv:Envelope xmlns:soapenv="http://schemas.xmlsoap.org/soap/envelope/" xmlns:v1="http://fidus.brussels/service/importtoregondesservice/messages/v1" xmlns:v11="http://fidus.brussels/type/common/messages/v1" xmlns:sup="http://www.minfin.fgov.be/regondes2/extern/taxservice/imports/supplementaryInformation" xmlns:com="http://www.minfin.fgov.be/regondes2/extern/taxservice/common">
    <soapenv:Header/>
    <soapenv:Body>
        <v1:exportSupplementaryInformationRequest>
            <v1:messageContext>
                <v11:messageId>${=import static java.util.UUID.randomUUID; uuid = randomUUID() as String}</v11:messageId>
                <v11:timestamp>${=new java.text.SimpleDateFormat("yyyy-MM-dd'T'HH:mm:ss.SSS").format(new Date())}</v11:timestamp>
            </v1:messageContext>
            <v1:legalContext>ServiceIntegrator</v1:legalContext>
            <v1:request>
                <sup:supplementaryInformation>
                    <sup:initialService>
                        <com:technicalReference>11223344</com:technicalReference>
                        <com:type>AAF</com:type>
                        <com:reference>CF55571</com:reference>
                    </sup:initialService>
                    <sup:attachment>
                        <com:fileName>166119.pdf</com:fileName>
                        <com:data>    1234   </com:data>
                    </sup:attachment>
                </sup:supplementaryInformation>
            </v1:request>
        </v1:exportSupplementaryInformationRequest>
    </soapenv:Body>
</soapenv:Envelope>]]></con:request><con:credentials><con:selectedAuthProfile>Basic</con:selectedAuthProfile><con:addedBasicAuthenticationTypes>Basic</con:addedBasicAuthenticationTypes><con:authType>Global HTTP Settings</con:authType></con:credentials><con:jmsConfig JMSDeliveryMode="PERSISTENT"/><con:jmsPropertyConfig/><con:wsaConfig mustUnderstand="NONE" version="200508" action="http://fidus.brussels/services/importtoregondesservice/importSupplementaryInformation"/><con:wsrmConfig version="1.2"/></con:call><con:call id="1f329917-c89b-4e7c-963a-28adc73c1b34" name="4 - Staging - Worker1 - Request" incomingWss="Inflow STAGING" outgoingWss="Outflow STAGING"><con:settings><con:setting id="com.eviware.soapui.impl.wsdl.WsdlRequest@request-headers">&lt;xml-fragment/></con:setting></con:settings><con:encoding>UTF-8</con:encoding><con:endpoint>https://192.168.24.16:8443/services/ImportToRegondesService_v1.0</con:endpoint><con:request><![CDATA[<soapenv:Envelope xmlns:soapenv="http://schemas.xmlsoap.org/soap/envelope/" xmlns:v1="http://fidus.brussels/service/importtoregondesservice/messages/v1" xmlns:v11="http://fidus.brussels/type/common/messages/v1" xmlns:sup="http://www.minfin.fgov.be/regondes2/extern/taxservice/imports/supplementaryInformation" xmlns:com="http://www.minfin.fgov.be/regondes2/extern/taxservice/common">
    <soapenv:Header/>
    <soapenv:Body>
        <v1:exportSupplementaryInformationRequest>
            <v1:messageContext>
                <v11:messageId>${=import static java.util.UUID.randomUUID; uuid = randomUUID() as String}</v11:messageId>
                <v11:timestamp>${=new java.text.SimpleDateFormat("yyyy-MM-dd'T'HH:mm:ss.SSS").format(new Date())}</v11:timestamp>
            </v1:messageContext>
            <v1:legalContext>ServiceIntegrator</v1:legalContext>
            <v1:request>
                <sup:supplementaryInformation>
                    <sup:initialService>
                        <com:technicalReference>11223344</com:technicalReference>
                        <com:type>AAF</com:type>
                        <com:reference>CF55571</com:reference>
                    </sup:initialService>
                    <sup:attachment>
                        <com:fileName>166119.pdf</com:fileName>
                        <com:data>    1234   </com:data>
                    </sup:attachment>
                </sup:supplementaryInformation>
            </v1:request>
        </v1:exportSupplementaryInformationRequest>
    </soapenv:Body>
</soapenv:Envelope>]]></con:request><con:credentials><con:selectedAuthProfile>Basic</con:selectedAuthProfile><con:addedBasicAuthenticationTypes>Basic</con:addedBasicAuthenticationTypes><con:authType>Global HTTP Settings</con:authType></con:credentials><con:jmsConfig JMSDeliveryMode="PERSISTENT"/><con:jmsPropertyConfig/><con:wsaConfig mustUnderstand="NONE" version="200508" action="http://fidus.brussels/services/importtoregondesservice/importSupplementaryInformation"/><con:wsrmConfig version="1.2"/></con:call><con:call id="2dc5dc3f-0d25-4b7f-9a0e-f4860bb0ba7a" name="4 - Staging - LB - Request" incomingWss="Inflow STAGING" outgoingWss="Outflow STAGING"><con:settings><con:setting id="com.eviware.soapui.impl.wsdl.WsdlRequest@request-headers">&lt;xml-fragment/></con:setting></con:settings><con:encoding>UTF-8</con:encoding><con:endpoint>https://fidus-esb-sg.sta.srv.cirb.lan:8443/services/ImportToRegondesService_v1.0</con:endpoint><con:request><![CDATA[<soapenv:Envelope xmlns:soapenv="http://schemas.xmlsoap.org/soap/envelope/" xmlns:v1="http://fidus.brussels/service/importtoregondesservice/messages/v1" xmlns:v11="http://fidus.brussels/type/common/messages/v1" xmlns:sup="http://www.minfin.fgov.be/regondes2/extern/taxservice/imports/supplementaryInformation" xmlns:com="http://www.minfin.fgov.be/regondes2/extern/taxservice/common">
    <soapenv:Header/>
    <soapenv:Body>
        <v1:exportSupplementaryInformationRequest>
            <v1:messageContext>
                <v11:messageId>${=import static java.util.UUID.randomUUID; uuid = randomUUID() as String}</v11:messageId>
                <v11:timestamp>${=new java.text.SimpleDateFormat("yyyy-MM-dd'T'HH:mm:ss.SSS").format(new Date())}</v11:timestamp>
            </v1:messageContext>
            <v1:legalContext>ServiceIntegrator</v1:legalContext>
            <v1:request>
                <sup:supplementaryInformation>
                    <sup:initialService>
                        <com:technicalReference>11223344</com:technicalReference>
                        <com:type>AAF</com:type>
                        <com:reference>CF55571</com:reference>
                    </sup:initialService>
                    <sup:attachment>
                        <com:fileName>166119.pdf</com:fileName>
                        <com:data>    1234   </com:data>
                    </sup:attachment>
                </sup:supplementaryInformation>
            </v1:request>
        </v1:exportSupplementaryInformationRequest>
    </soapenv:Body>
</soapenv:Envelope>]]></con:request><con:credentials><con:selectedAuthProfile>Basic</con:selectedAuthProfile><con:addedBasicAuthenticationTypes>Basic</con:addedBasicAuthenticationTypes><con:authType>Global HTTP Settings</con:authType></con:credentials><con:jmsConfig JMSDeliveryMode="PERSISTENT"/><con:jmsPropertyConfig/><con:wsaConfig mustUnderstand="NONE" version="200508" action="http://fidus.brussels/services/importtoregondesservice/importSupplementaryInformation"/><con:wsrmConfig version="1.2"/></con:call><con:call id="9e7ad4d4-8e07-4910-b733-914f547cf78c" name="3 - Test - Worker2 - Request" incomingWss="Inflow TEST" outgoingWss="Outflow TEST"><con:settings><con:setting id="com.eviware.soapui.impl.wsdl.WsdlRequest@request-headers">&lt;xml-fragment/></con:setting></con:settings><con:encoding>UTF-8</con:encoding><con:endpoint>https://192.168.22.54:8443/services/ImportToRegondesService_v1.0</con:endpoint><con:request><![CDATA[<soapenv:Envelope xmlns:soapenv="http://schemas.xmlsoap.org/soap/envelope/" xmlns:v1="http://fidus.brussels/service/importtoregondesservice/messages/v1" xmlns:v11="http://fidus.brussels/type/common/messages/v1" xmlns:sup="http://www.minfin.fgov.be/regondes2/extern/taxservice/imports/supplementaryInformation" xmlns:com="http://www.minfin.fgov.be/regondes2/extern/taxservice/common">
    <soapenv:Header/>
    <soapenv:Body>
        <v1:exportSupplementaryInformationRequest>
            <v1:messageContext>
                <v11:messageId>${=import static java.util.UUID.randomUUID; uuid = randomUUID() as String}</v11:messageId>
                <v11:timestamp>${=new java.text.SimpleDateFormat("yyyy-MM-dd'T'HH:mm:ss.SSS").format(new Date())}</v11:timestamp>
            </v1:messageContext>
            <v1:legalContext>ServiceIntegrator</v1:legalContext>
            <v1:request>
                <sup:supplementaryInformation>
                    <sup:initialService>
                        <com:technicalReference>11223344</com:technicalReference>
                        <com:type>AAF</com:type>
                        <com:reference>CF55571</com:reference>
                    </sup:initialService>
                    <sup:attachment>
                        <com:fileName>166119.pdf</com:fileName>
                        <com:data>    1234   </com:data>
                    </sup:attachment>
                </sup:supplementaryInformation>
            </v1:request>
        </v1:exportSupplementaryInformationRequest>
    </soapenv:Body>
</soapenv:Envelope>]]></con:request><con:credentials><con:selectedAuthProfile>Basic</con:selectedAuthProfile><con:addedBasicAuthenticationTypes>Basic</con:addedBasicAuthenticationTypes><con:authType>Global HTTP Settings</con:authType></con:credentials><con:jmsConfig JMSDeliveryMode="PERSISTENT"/><con:jmsPropertyConfig/><con:wsaConfig mustUnderstand="NONE" version="200508" action="http://fidus.brussels/services/importtoregondesservice/importSupplementaryInformation"/><con:wsrmConfig version="1.2"/></con:call><con:call id="1a871a8e-d168-4bd4-9c35-abb086a59a83" name="3 - Test - Worker1 - Request" incomingWss="Inflow TEST" outgoingWss="Outflow TEST"><con:settings><con:setting id="com.eviware.soapui.impl.wsdl.WsdlRequest@request-headers">&lt;xml-fragment/></con:setting></con:settings><con:encoding>UTF-8</con:encoding><con:endpoint>https://192.168.22.53:8443/services/ImportToRegondesService_v1.0</con:endpoint><con:request><![CDATA[<soapenv:Envelope xmlns:soapenv="http://schemas.xmlsoap.org/soap/envelope/" xmlns:v1="http://fidus.brussels/service/importtoregondesservice/messages/v1" xmlns:v11="http://fidus.brussels/type/common/messages/v1" xmlns:sup="http://www.minfin.fgov.be/regondes2/extern/taxservice/imports/supplementaryInformation" xmlns:com="http://www.minfin.fgov.be/regondes2/extern/taxservice/common">
    <soapenv:Header/>
    <soapenv:Body>
        <v1:exportSupplementaryInformationRequest>
            <v1:messageContext>
                <v11:messageId>${=import static java.util.UUID.randomUUID; uuid = randomUUID() as String}</v11:messageId>
                <v11:timestamp>${=new java.text.SimpleDateFormat("yyyy-MM-dd'T'HH:mm:ss.SSS").format(new Date())}</v11:timestamp>
            </v1:messageContext>
            <v1:legalContext>ServiceIntegrator</v1:legalContext>
            <v1:request>
                <sup:supplementaryInformation>
                    <sup:initialService>
                        <com:technicalReference>11223344</com:technicalReference>
                        <com:type>AAF</com:type>
                        <com:reference>CF55571</com:reference>
                    </sup:initialService>
                    <sup:attachment>
                        <com:fileName>166119.pdf</com:fileName>
                        <com:data>    1234   </com:data>
                    </sup:attachment>
                </sup:supplementaryInformation>
            </v1:request>
        </v1:exportSupplementaryInformationRequest>
    </soapenv:Body>
</soapenv:Envelope>]]></con:request><con:credentials><con:selectedAuthProfile>Basic</con:selectedAuthProfile><con:addedBasicAuthenticationTypes>Basic</con:addedBasicAuthenticationTypes><con:authType>Global HTTP Settings</con:authType></con:credentials><con:jmsConfig JMSDeliveryMode="PERSISTENT"/><con:jmsPropertyConfig/><con:wsaConfig mustUnderstand="NONE" version="200508" action="http://fidus.brussels/services/importtoregondesservice/importSupplementaryInformation"/><con:wsrmConfig version="1.2"/></con:call><con:call id="97f42bbe-1a75-4f5f-8ddd-bacd7b018972" name="3 - Test - LB - Request" incomingWss="Inflow TEST" outgoingWss="Outflow TEST"><con:settings><con:setting id="com.eviware.soapui.impl.wsdl.WsdlRequest@request-headers">&lt;xml-fragment/></con:setting></con:settings><con:encoding>UTF-8</con:encoding><con:endpoint>https://esb-security-gw.sta.srv.cirb.lan:8443/services/ImportToRegondesService_v1.0</con:endpoint><con:request><![CDATA[<soapenv:Envelope xmlns:soapenv="http://schemas.xmlsoap.org/soap/envelope/" xmlns:v1="http://fidus.brussels/service/importtoregondesservice/messages/v1" xmlns:v11="http://fidus.brussels/type/common/messages/v1" xmlns:sup="http://www.minfin.fgov.be/regondes2/extern/taxservice/imports/supplementaryInformation" xmlns:com="http://www.minfin.fgov.be/regondes2/extern/taxservice/common">
    <soapenv:Header/>
    <soapenv:Body>
        <v1:exportSupplementaryInformationRequest>
            <v1:messageContext>
                <v11:messageId>${=import static java.util.UUID.randomUUID; uuid = randomUUID() as String}</v11:messageId>
                <v11:timestamp>${=new java.text.SimpleDateFormat("yyyy-MM-dd'T'HH:mm:ss.SSS").format(new Date())}</v11:timestamp>
            </v1:messageContext>
            <v1:legalContext>ServiceIntegrator</v1:legalContext>
            <v1:request>
                <sup:supplementaryInformation>
                    <sup:initialService>
                        <com:technicalReference>11223344</com:technicalReference>
                        <com:type>AAF</com:type>
                        <com:reference>CF55571</com:reference>
                    </sup:initialService>
                    <sup:attachment>
                        <com:fileName>166119.pdf</com:fileName>
                        <com:data>    1234   </com:data>
                    </sup:attachment>
                </sup:supplementaryInformation>
            </v1:request>
        </v1:exportSupplementaryInformationRequest>
    </soapenv:Body>
</soapenv:Envelope>]]></con:request><con:credentials><con:selectedAuthProfile>Basic</con:selectedAuthProfile><con:addedBasicAuthenticationTypes>Basic</con:addedBasicAuthenticationTypes><con:authType>Global HTTP Settings</con:authType></con:credentials><con:jmsConfig JMSDeliveryMode="PERSISTENT"/><con:jmsPropertyConfig/><con:wsaConfig mustUnderstand="NONE" version="200508" action="http://fidus.brussels/services/importtoregondesservice/importSupplementaryInformation"/><con:wsrmConfig version="1.2"/></con:call><con:call id="2605070c-4719-40ec-bb20-283c90ced277" name="3 - Test - External - Request" incomingWss="Inflow TEST" outgoingWss="Outflow TEST"><con:settings><con:setting id="com.eviware.soapui.impl.wsdl.WsdlRequest@request-headers">&lt;xml-fragment/></con:setting></con:settings><con:encoding>UTF-8</con:encoding><con:endpoint>https://fidus-test.irisnetlab.be/services/ImportToRegondesService_v1.0</con:endpoint><con:request><![CDATA[<soapenv:Envelope xmlns:soapenv="http://schemas.xmlsoap.org/soap/envelope/" xmlns:v1="http://fidus.brussels/service/importtoregondesservice/messages/v1" xmlns:v11="http://fidus.brussels/type/common/messages/v1" xmlns:sup="http://www.minfin.fgov.be/regondes2/extern/taxservice/imports/supplementaryInformation" xmlns:com="http://www.minfin.fgov.be/regondes2/extern/taxservice/common">
    <soapenv:Header/>
    <soapenv:Body>
        <v1:exportSupplementaryInformationRequest>
            <v1:messageContext>
                <v11:messageId>${=import static java.util.UUID.randomUUID; uuid = randomUUID() as String}</v11:messageId>
                <v11:timestamp>${=new java.text.SimpleDateFormat("yyyy-MM-dd'T'HH:mm:ss.SSS").format(new Date())}</v11:timestamp>
            </v1:messageContext>
            <v1:legalContext>ServiceIntegrator</v1:legalContext>
            <v1:request>
                <sup:supplementaryInformation>
                    <sup:initialService>
                        <com:technicalReference>11223344</com:technicalReference>
                        <com:type>AAF</com:type>
                        <com:reference>CF53571</com:reference>
                    </sup:initialService>
                    <sup:attachment>
                        <com:fileName>166119.pdf</com:fileName>
                        <com:data>    1234   </com:data>
                    </sup:attachment>
                </sup:supplementaryInformation>
            </v1:request>
        </v1:exportSupplementaryInformationRequest>
    </soapenv:Body>
</soapenv:Envelope>]]></con:request><con:credentials><con:selectedAuthProfile>Basic</con:selectedAuthProfile><con:addedBasicAuthenticationTypes>Basic</con:addedBasicAuthenticationTypes><con:authType>Global HTTP Settings</con:authType></con:credentials><con:jmsConfig JMSDeliveryMode="PERSISTENT"/><con:jmsPropertyConfig/><con:wsaConfig mustUnderstand="NONE" version="200508" action="http://fidus.brussels/services/importtoregondesservice/importSupplementaryInformation"/><con:wsrmConfig version="1.2"/></con:call><con:call id="476e6354-24b4-42cf-a474-0929d1915c84" name="4 - Staging - External - Request" incomingWss="Inflow STAGING" outgoingWss="Outflow STAGING"><con:settings><con:setting id="com.eviware.soapui.impl.wsdl.WsdlRequest@request-headers">&lt;xml-fragment/></con:setting></con:settings><con:encoding>UTF-8</con:encoding><con:endpoint>https://fidus.irisnetlab.be/services/ImportToRegondesService_v1.0</con:endpoint><con:request><![CDATA[<soapenv:Envelope xmlns:soapenv="http://schemas.xmlsoap.org/soap/envelope/" xmlns:v1="http://fidus.brussels/service/importtoregondesservice/messages/v1" xmlns:v11="http://fidus.brussels/type/common/messages/v1" xmlns:sup="http://www.minfin.fgov.be/regondes2/extern/taxservice/imports/supplementaryInformation" xmlns:com="http://www.minfin.fgov.be/regondes2/extern/taxservice/common">
    <soapenv:Header/>
    <soapenv:Body>
        <v1:exportSupplementaryInformationRequest>
            <v1:messageContext>
                <v11:messageId>${=import static java.util.UUID.randomUUID; uuid = randomUUID() as String}</v11:messageId>
                <v11:timestamp>${=new java.text.SimpleDateFormat("yyyy-MM-dd'T'HH:mm:ss.SSS").format(new Date())}</v11:timestamp>
            </v1:messageContext>
            <v1:legalContext>ServiceIntegrator</v1:legalContext>
            <v1:request>
                <sup:supplementaryInformation>
                    <sup:initialService>
                        <com:technicalReference>11223344</com:technicalReference>
                        <com:type>AAF</com:type>
                        <com:reference>CF55571</com:reference>
                    </sup:initialService>
                    <sup:attachment>
                        <com:fileName>166119.pdf</com:fileName>
                        <com:data>    1234   </com:data>
                    </sup:attachment>
                </sup:supplementaryInformation>
            </v1:request>
        </v1:exportSupplementaryInformationRequest>
    </soapenv:Body>
</soapenv:Envelope>]]></con:request><con:credentials><con:selectedAuthProfile>Basic</con:selectedAuthProfile><con:addedBasicAuthenticationTypes>Basic</con:addedBasicAuthenticationTypes><con:authType>Global HTTP Settings</con:authType></con:credentials><con:jmsConfig JMSDeliveryMode="PERSISTENT"/><con:jmsPropertyConfig/><con:wsaConfig mustUnderstand="NONE" version="200508" action="http://fidus.brussels/services/importtoregondesservice/importSupplementaryInformation"/><con:wsrmConfig version="1.2"/></con:call></con:operation></con:interface><con:testSuite id="d58e725c-7730-4a43-ba72-9bef3f7eaa62" name="DEV"><con:settings/><con:runType>SEQUENTIAL</con:runType><con:testCase id="7a745b8e-3f5a-4142-8f60-2464c5048cea" failOnError="true" failTestCaseOnErrors="true" keepSession="false" maxResults="0" name="closedDossier" searchProperties="true"><con:settings/><con:testStep type="request" id="0b22c30e-4a40-4b00-9c77-d8c8a13e3653" name="testcase2 - Dev - Request - Success"><con:settings/><con:config xsi:type="con:RequestStep" xmlns:xsi="http://www.w3.org/2001/XMLSchema-instance"><con:interface>ExportFromRegondesServiceHTTPBinding</con:interface><con:operation>closedDossier</con:operation><con:request name="testcase2 - Dev - Request - Success" id="d9fb8f95-c2fe-47aa-97e0-bafeeed03104" outgoingWss="Outflow DEV"><con:settings/><con:encoding>UTF-8</con:encoding><con:endpoint>https://192.168.36.61:8243/services/ExportFromRegondesService_v1.0</con:endpoint><con:request><![CDATA[<soapenv:Envelope xmlns:soapenv="http://schemas.xmlsoap.org/soap/envelope/" xmlns:v1="http://fidus.brussels/service/exportfromregondesservice/messages/v1" xmlns:v11="http://fidus.brussels/type/common/messages/v1" xmlns:clos="http://www.minfin.fgov.be/regondes2/extern/taxservice/exports/closedDossiers" xmlns:com="http://www.minfin.fgov.be/regondes2/extern/taxservice/common">
   <soapenv:Header/>
   <soapenv:Body>
      <v1:closedDossierRequest>
         <v1:messageContext>
            <v11:messageId>${=import static java.util.UUID.randomUUID; uuid = randomUUID() as String}</v11:messageId>
            <v11:timestamp>${=new java.text.SimpleDateFormat("yyyy-MM-dd'T'HH:mm:ss.SSS").format(new Date())}</v11:timestamp>
         </v1:messageContext>
         <v1:legalContext>ServiceIntegrator</v1:legalContext>
         <v1:request>
            <clos:closedDossier> 
               <clos:referenceFodFin>11223344</clos:referenceFodFin>
               <clos:fiscalYear>2017</clos:fiscalYear>
               <clos:initialService>
                  <com:technicalReference>technicalReference</com:technicalReference>
                  <com:type>AAF</com:type>
                  <clos:reference>reference</clos:reference>
               </clos:initialService>
               <clos:patrimonyInformation>
                  <clos:typeDossier>AA</clos:typeDossier>
                  <clos:patrimonyFrom>${=new java.text.SimpleDateFormat("yyyy-MM-dd").format(new Date())}</clos:patrimonyFrom>
                  <clos:patrimonyRef>1</clos:patrimonyRef>
                  <clos:cadastralDivisionCode>YYY</clos:cadastralDivisionCode>
                  <clos:articleNumber>51</clos:articleNumber>
               </clos:patrimonyInformation>
               <clos:report>
                  <clos:type>S</clos:type>
                  <clos:subtype>subtype</clos:subtype>
                  <clos:kind>INITIAL</clos:kind>
                  <clos:cadastralIncome>
                     <com:codeCadastralIncome>a</com:codeCadastralIncome>
                     <com:definitiveCadastralIncome>12</com:definitiveCadastralIncome>
                     <com:dateDefinitive>${=new java.text.SimpleDateFormat("yyyy-MM-dd").format(new Date())}</com:dateDefinitive>
                     <com:reasonDefinitive>my reason</com:reasonDefinitive>
                  </clos:cadastralIncome>
                  <clos:date>${=new java.text.SimpleDateFormat("yyyy-MM-dd").format(new Date())}</clos:date>
                  <clos:motivation>No motivation</clos:motivation>
                  <!--0 to 99 repetitions:-->
                  <clos:newState>
                     <!--1 to 999 repetitions:-->
                     <clos:parcel>
                        <clos:parcelNumber>
                           <clos:section>55254</clos:section>
                           <clos:groundNumber>9555</clos:groundNumber>
                           <clos:bisNumber>2525</clos:bisNumber>
                           <clos:exponent>1414</clos:exponent>
                           <clos:power>me</clos:power>
                           <clos:part>4</clos:part>
                        </clos:parcelNumber>
                        <clos:situation>invalid</clos:situation>
                        <clos:kind>no</clos:kind>
                        <clos:details>test</clos:details>
                        <!--You have a CHOICE of the next 2 items at this level-->
                        <clos:articleNumber>1141</clos:articleNumber>
                        <clos:sequenceNumber>3215</clos:sequenceNumber>
                        <!--0 to 99 repetitions:-->
                        <clos:cadastralInformation>
                           <clos:codeCadastralIncome>12</clos:codeCadastralIncome>
                           <clos:cadastralIncome>12</clos:cadastralIncome>
                           <clos:cadastralIncomePart>42</clos:cadastralIncomePart>
                           <clos:exemption>52</clos:exemption>
                           <clos:daysUnfruitful>5</clos:daysUnfruitful>
                        </clos:cadastralInformation>
                     </clos:parcel>
                     <!--1 to 999 repetitions:-->
                     <clos:owner>
                        <!--You have a CHOICE of the next 2 items at this level-->
                        <clos:person>
                           <!--You have a CHOICE of the next 3 items at this level-->
                           <clos:socialSecurityNumber>125</clos:socialSecurityNumber>
                           <clos:lastname>baptiste</clos:lastname>
                        </clos:person>
                        <clos:rights>Admin</clos:rights>
                        <clos:ownerType>LEGAL_PERSON</clos:ownerType>
                     </clos:owner>
                  </clos:newState>
               </clos:report>
               <!--0 to 99 repetitions:-->
               <clos:linkedDossier>
                  <clos:referenceInitialService>referenceInitialService</clos:referenceInitialService>
                  <clos:referenceFodFin>15</clos:referenceFodFin>
               </clos:linkedDossier>
               <!--0 to 99 repetitions:-->
               <clos:attachment>
                  <com:fileName>cirb</com:fileName>
                  <com:data>    1234   </com:data>
               </clos:attachment>
            </clos:closedDossier>
         </v1:request>
      </v1:closedDossierRequest>
   </soapenv:Body>
</soapenv:Envelope>]]></con:request><con:assertion type="SOAP Fault Assertion" id="71fbf8d1-130d-47c9-a138-62a470e92e24" name="Not SOAP Fault"/><con:assertion type="SOAP Response" id="6d3794e0-fab2-49aa-bf95-312973132a7f" name="SOAP Response"/><con:assertion type="Schema Compliance" id="5b223a80-f101-4fb6-a145-41b5f2b00e46" name="Schema Compliance"><con:configuration/></con:assertion><con:wsaConfig action="http://fidus.brussels/services/exportfromregondesservice/closedDossier"/></con:request></con:config></con:testStep><con:testStep type="request" id="79e6a6bd-969c-4218-9bb9-9c41cc094be6" name="testcase2 - Dev - Request - Error"><con:settings/><con:config xsi:type="con:RequestStep" xmlns:xsi="http://www.w3.org/2001/XMLSchema-instance"><con:interface>ExportFromRegondesServiceHTTPBinding</con:interface><con:operation>closedDossier</con:operation><con:request name="testcase2 - Dev - Request - Error" id="998a2fc9-2129-4ff5-a8bb-3a96b00c4881" outgoingWss="Outflow DEV"><con:settings/><con:encoding>UTF-8</con:encoding><con:endpoint>https://192.168.36.61:8243/services/ExportFromRegondesService_v1.0</con:endpoint><con:request><![CDATA[<soapenv:Envelope xmlns:soapenv="http://schemas.xmlsoap.org/soap/envelope/" xmlns:v1="http://fidus.brussels/service/exportfromregondesservice/messages/v1" xmlns:v11="http://fidus.brussels/type/common/messages/v1" xmlns:clos="http://www.minfin.fgov.be/regondes2/extern/taxservice/exports/closedDossiers" xmlns:com="http://www.minfin.fgov.be/regondes2/extern/taxservice/common">
   <soapenv:Header/>
   <soapenv:Body>
      <v1:closedDossierRequest>
         <v1:messageContext>
            <v11:messageId>${=import static java.util.UUID.randomUUID; uuid = randomUUID() as String}</v11:messageId>
            <v11:timestamp>${=new java.text.SimpleDateFormat("yyyy-MM-dd'T'HH:mm:ss.SSS").format(new Date())}</v11:timestamp>
         </v1:messageContext>
         <v1:legalContext>ServiceIntegrator</v1:legalContext>
         <v1:request>
            <clos:closedDossier>
            	<!-- <clos:referenceFodFin>11223347</clos:referenceFodFin> --> <!-- Technical reference not found -->
               <!-- <clos:referenceFodFin>11223346</clos:referenceFodFin> --> <!-- Reference not found -->  
               <clos:referenceFodFin>11223345</clos:referenceFodFin> <!-- Requested dossier is already close -->
               <clos:fiscalYear>2017</clos:fiscalYear>
               <clos:initialService>
                  <com:technicalReference>technicalReference</com:technicalReference>
                  <com:type>AAF</com:type>
                  <clos:reference>reference</clos:reference>
               </clos:initialService>
               <clos:patrimonyInformation>
                  <clos:typeDossier>AA</clos:typeDossier>
                  <clos:patrimonyFrom>${=new java.text.SimpleDateFormat("yyyy-MM-dd").format(new Date())}</clos:patrimonyFrom>
                  <clos:patrimonyRef>1</clos:patrimonyRef>
                  <clos:cadastralDivisionCode>YYY</clos:cadastralDivisionCode>
                  <clos:articleNumber>51</clos:articleNumber>
               </clos:patrimonyInformation>
               <clos:report>
                  <clos:type>S</clos:type>
                  <clos:subtype>subtype</clos:subtype>
                  <clos:kind>INITIAL</clos:kind>
                  <clos:cadastralIncome>
                     <com:codeCadastralIncome>a</com:codeCadastralIncome>
                     <com:definitiveCadastralIncome>12</com:definitiveCadastralIncome>
                     <com:dateDefinitive>${=new java.text.SimpleDateFormat("yyyy-MM-dd").format(new Date())}</com:dateDefinitive>
                     <com:reasonDefinitive>my reason</com:reasonDefinitive>
                  </clos:cadastralIncome>
                  <clos:date>${=new java.text.SimpleDateFormat("yyyy-MM-dd").format(new Date())}</clos:date>
                  <clos:motivation>No motivation</clos:motivation>
                  <!--0 to 99 repetitions:-->
                  <clos:newState>
                     <!--1 to 999 repetitions:-->
                     <clos:parcel>
                        <clos:parcelNumber>
                           <clos:section>55254</clos:section>
                           <clos:groundNumber>9555</clos:groundNumber>
                           <clos:bisNumber>2525</clos:bisNumber>
                           <clos:exponent>1414</clos:exponent>
                           <clos:power>me</clos:power>
                           <clos:part>4</clos:part>
                        </clos:parcelNumber>
                        <clos:situation>invalid</clos:situation>
                        <clos:kind>no</clos:kind>
                        <clos:details>test</clos:details>
                        <!--You have a CHOICE of the next 2 items at this level-->
                        <clos:articleNumber>1141</clos:articleNumber>
                        <clos:sequenceNumber>3215</clos:sequenceNumber>
                        <!--0 to 99 repetitions:-->
                        <clos:cadastralInformation>
                           <clos:codeCadastralIncome>12</clos:codeCadastralIncome>
                           <clos:cadastralIncome>12</clos:cadastralIncome>
                           <clos:cadastralIncomePart>42</clos:cadastralIncomePart>
                           <clos:exemption>52</clos:exemption>
                           <clos:daysUnfruitful>5</clos:daysUnfruitful>
                        </clos:cadastralInformation>
                     </clos:parcel>
                     <!--1 to 999 repetitions:-->
                     <clos:owner>
                        <!--You have a CHOICE of the next 2 items at this level-->
                        <clos:person>
                           <!--You have a CHOICE of the next 3 items at this level-->
                           <clos:socialSecurityNumber>125</clos:socialSecurityNumber>
                           <clos:lastname>baptiste</clos:lastname>
                        </clos:person>
                        <clos:rights>Admin</clos:rights>
                        <clos:ownerType>LEGAL_PERSON</clos:ownerType>
                     </clos:owner>
                  </clos:newState>
               </clos:report>
               <!--0 to 99 repetitions:-->
               <clos:linkedDossier>
                  <clos:referenceInitialService>referenceInitialService</clos:referenceInitialService>
                  <clos:referenceFodFin>15</clos:referenceFodFin>
               </clos:linkedDossier>
               <!--0 to 99 repetitions:-->
               <clos:attachment>
                  <com:fileName>cirb</com:fileName>
                  <com:data>    1234   </com:data>
               </clos:attachment>
            </clos:closedDossier>
         </v1:request>
      </v1:closedDossierRequest>
   </soapenv:Body>
</soapenv:Envelope>]]></con:request><con:assertion type="SOAP Fault Assertion" id="92c66a01-136b-48c3-95b4-9414000716b4" name="Not SOAP Fault"/><con:assertion type="SOAP Response" id="d3665df3-7963-4672-b728-9e5c225aad8e" name="SOAP Response"/><con:assertion type="Schema Compliance" id="33a02aad-6829-4146-8721-5b47f2c2c674" name="Schema Compliance"><con:configuration/></con:assertion><con:wsaConfig action="http://fidus.brussels/services/exportfromregondesservice/closedDossier"/></con:request></con:config></con:testStep><con:properties/></con:testCase><con:testCase id="93cf39b0-0ea0-4825-a5b8-40ac8a0f1c67" failOnError="true" failTestCaseOnErrors="true" keepSession="false" maxResults="0" name="postponedDossier" searchProperties="true"><con:settings/><con:testStep type="request" id="ddfaa7d3-6dd7-4cf3-a4c2-3be4f79910bb" name="testcase2 - Dev - Request - Success"><con:settings/><con:config xsi:type="con:RequestStep" xmlns:xsi="http://www.w3.org/2001/XMLSchema-instance"><con:interface>ExportFromRegondesServiceHTTPBinding</con:interface><con:operation>postponedDossier</con:operation><con:request name="testcase2 - Dev - Request - Success" id="43204062-6e87-4534-b82a-3329fac9fbfa" outgoingWss="Outflow DEV"><con:settings/><con:encoding>UTF-8</con:encoding><con:endpoint>https://192.168.36.61:8243/services/ExportFromRegondesService_v1.0</con:endpoint><con:request><![CDATA[<soapenv:Envelope xmlns:soapenv="http://schemas.xmlsoap.org/soap/envelope/" xmlns:v1="http://fidus.brussels/service/exportfromregondesservice/messages/v1" xmlns:v11="http://fidus.brussels/type/common/messages/v1" xmlns:pos="http://www.minfin.fgov.be/regondes2/extern/taxservice/exports/postponedDossiers" xmlns:com="http://www.minfin.fgov.be/regondes2/extern/taxservice/common">
   <soapenv:Header/>
   <soapenv:Body>
      <v1:postponedDossierRequest>
         <v1:messageContext>
            <v11:messageId>${=import static java.util.UUID.randomUUID; uuid = randomUUID() as String}</v11:messageId>
            <!--Optional:-->
            <v11:timestamp>${=new java.text.SimpleDateFormat("yyyy-MM-dd'T'HH:mm:ss.SSS").format(new Date())}</v11:timestamp>
         </v1:messageContext>
         <v1:legalContext>ServiceIntegrator</v1:legalContext>
         <v1:request>
            <pos:postponedDossier>
               <pos:referenceFodFin>11223344</pos:referenceFodFin>
               <pos:initialService>
                  <!--Optional:-->
                  <com:technicalReference>technicalReference</com:technicalReference>
                  <com:type>AAF</com:type>
                  <com:reference>reference</com:reference>
               </pos:initialService>
               <pos:postponement>
                  <pos:datePostponement>${=new java.text.SimpleDateFormat("yyyy-MM-dd").format(new Date())}</pos:datePostponement>
                  <pos:reasonPostponed>TEST</pos:reasonPostponed>
                  <pos:newTargetDate>${=new java.text.SimpleDateFormat("yyyy-MM-dd").format(new Date())}</pos:newTargetDate>
               </pos:postponement>
            </pos:postponedDossier>
         </v1:request>
      </v1:postponedDossierRequest>
   </soapenv:Body>
</soapenv:Envelope>]]></con:request><con:assertion type="SOAP Fault Assertion" id="1bfe5676-9eba-4d0c-9d59-f44808f780fe" name="Not SOAP Fault"/><con:assertion type="SOAP Response" id="3f8645be-5a38-420d-a736-807ec2e9a751" name="SOAP Response"/><con:assertion type="Schema Compliance" id="da66d705-0de8-4ea1-bfad-3455fdf6a300" name="Schema Compliance"><con:configuration/></con:assertion><con:wsaConfig action="http://fidus.brussels/services/exportfromregondesservice/postponedDossier"/></con:request></con:config></con:testStep><con:testStep type="request" id="8ab3fb9f-2680-4a82-b35f-a345983a126a" name="testcase2 - Dev - Request - Error"><con:settings/><con:config xsi:type="con:RequestStep" xmlns:xsi="http://www.w3.org/2001/XMLSchema-instance"><con:interface>ExportFromRegondesServiceHTTPBinding</con:interface><con:operation>postponedDossier</con:operation><con:request name="testcase2 - Dev - Request - Error" id="62a9ba8f-5473-4eff-9624-14bb59bd6ca9" outgoingWss="Outflow DEV"><con:settings/><con:encoding>UTF-8</con:encoding><con:endpoint>https://192.168.36.61:8243/services/ExportFromRegondesService_v1.0</con:endpoint><con:request><![CDATA[<soapenv:Envelope xmlns:soapenv="http://schemas.xmlsoap.org/soap/envelope/" xmlns:v1="http://fidus.brussels/service/exportfromregondesservice/messages/v1" xmlns:v11="http://fidus.brussels/type/common/messages/v1" xmlns:pos="http://www.minfin.fgov.be/regondes2/extern/taxservice/exports/postponedDossiers" xmlns:com="http://www.minfin.fgov.be/regondes2/extern/taxservice/common">
   <soapenv:Header/>
   <soapenv:Body>
      <v1:postponedDossierRequest>
         <v1:messageContext>
            <v11:messageId>${=import static java.util.UUID.randomUUID; uuid = randomUUID() as String}</v11:messageId>
            <!--Optional:-->
            <v11:timestamp>${=new java.text.SimpleDateFormat("yyyy-MM-dd'T'HH:mm:ss.SSS").format(new Date())}</v11:timestamp>
         </v1:messageContext>
         <v1:legalContext>ServiceIntegrator</v1:legalContext>
         <v1:request>
            <pos:postponedDossier>
               <!-- <pos:referenceFodFin>12003001507</pos:referenceFodFin> --> <!-- Technical reference not found -->
               <!-- <pos:referenceFodFin>12003001506</pos:referenceFodFin> --> <!-- Reference not found -->  
               <pos:referenceFodFin>11223345</pos:referenceFodFin> <!-- Requested dossier is already close -->
               <pos:initialService>
                  <!--Optional:-->
                  <com:technicalReference>technicalReference</com:technicalReference>
                  <com:type>AAF</com:type>
                  <com:reference>reference</com:reference>
               </pos:initialService>
               <pos:postponement>
                  <pos:datePostponement>${=new java.text.SimpleDateFormat("yyyy-MM-dd").format(new Date())}</pos:datePostponement>
                  <pos:reasonPostponed>TEST</pos:reasonPostponed>
                  <pos:newTargetDate>${=new java.text.SimpleDateFormat("yyyy-MM-dd").format(new Date())}</pos:newTargetDate>
               </pos:postponement>
            </pos:postponedDossier>
         </v1:request>
      </v1:postponedDossierRequest>
   </soapenv:Body>
</soapenv:Envelope>]]></con:request><con:assertion type="SOAP Fault Assertion" id="f923cd80-7f49-4807-9019-383314793f28" name="Not SOAP Fault"/><con:assertion type="SOAP Response" id="2c038904-dcac-486b-b0d4-4bbfeec1d901" name="SOAP Response"/><con:assertion type="Schema Compliance" id="ca15a4a2-682e-47cc-9897-baab03f77fde" name="Schema Compliance"><con:configuration/></con:assertion><con:wsaConfig action="http://fidus.brussels/services/exportfromregondesservice/postponedDossier"/></con:request></con:config></con:testStep><con:properties/></con:testCase><con:testCase id="25c7314f-c63e-4ce2-9bbb-9ba9fa380664" failOnError="true" failTestCaseOnErrors="true" keepSession="false" maxResults="0" name="serviceChange" searchProperties="true"><con:settings/><con:testStep type="request" id="e6b78e70-683c-4c05-ac7e-9208bed32d61" name="testcase2 - Dev - Request - Success"><con:settings/><con:config xsi:type="con:RequestStep" xmlns:xsi="http://www.w3.org/2001/XMLSchema-instance"><con:interface>ExportFromRegondesServiceHTTPBinding</con:interface><con:operation>serviceChange</con:operation><con:request name="testcase2 - Dev - Request - Success" id="a5f47aa5-2fa8-4f53-8f9c-3fedb0820e29" outgoingWss="Outflow DEV"><con:settings/><con:encoding>UTF-8</con:encoding><con:endpoint>https://192.168.36.61:8243/services/ExportFromRegondesService_v1.0</con:endpoint><con:request><![CDATA[<soapenv:Envelope xmlns:soapenv="http://schemas.xmlsoap.org/soap/envelope/" xmlns:v1="http://fidus.brussels/service/exportfromregondesservice/messages/v1" xmlns:v11="http://fidus.brussels/type/common/messages/v1" xmlns:ser="http://www.minfin.fgov.be/regondes2/extern/taxservice/exports/serviceChanged" xmlns:com="http://www.minfin.fgov.be/regondes2/extern/taxservice/common">
   <soapenv:Header/>
   <soapenv:Body>
      <v1:serviceChangeRequest>
         <v1:messageContext>
            <v11:messageId>${=import static java.util.UUID.randomUUID; uuid = randomUUID() as String}</v11:messageId>
            <!--Optional:-->
            <v11:timestamp>${=new java.text.SimpleDateFormat("yyyy-MM-dd'T'HH:mm:ss.SSS").format(new Date())}</v11:timestamp>
         </v1:messageContext>
         <v1:legalContext>ServiceIntegrator</v1:legalContext>
         <v1:request>
            <ser:serviceChange>
               <ser:referenceFodFin>11223344</ser:referenceFodFin>
               <ser:initialService>
                  <!--Optional:-->
                  <com:technicalReference>1524</com:technicalReference>
                  <com:type>AAF</com:type>
                  <com:reference>reference</com:reference>
               </ser:initialService>
               <!--1 to 99 repetitions:-->
               <ser:transfer>
                  <ser:serviceName>CIRB</ser:serviceName>
                  <ser:dateIn>${=new java.text.SimpleDateFormat("yyyy-MM-dd").format(new Date())}</ser:dateIn>
                  <!--Optional:-->
                  <ser:dateOut>${=new java.text.SimpleDateFormat("yyyy-MM-dd").format(new Date())}</ser:dateOut>
                  <ser:official>
                     <ser:firstName>jean</ser:firstName>
                     <ser:lastName>baptist</ser:lastName>
                     <ser:phoneNumber>0452363621</ser:phoneNumber>
                     <ser:email>cisyapan@cirb.brussels</ser:email>
                  </ser:official>
               </ser:transfer>
            </ser:serviceChange>
         </v1:request>
      </v1:serviceChangeRequest>
   </soapenv:Body>
</soapenv:Envelope>]]></con:request><con:assertion type="SOAP Fault Assertion" id="8b668263-1725-440e-ab71-a09537776152" name="Not SOAP Fault"/><con:assertion type="SOAP Response" id="b2df0e3a-4fb2-49f3-b08a-9c5a473d548f" name="SOAP Response"/><con:assertion type="Schema Compliance" id="e0017dd7-569b-486a-8507-45e079d861e7" name="Schema Compliance"><con:configuration/></con:assertion><con:wsaConfig action="http://fidus.brussels/services/exportfromregondesservice/serviceChange"/></con:request></con:config></con:testStep><con:testStep type="request" id="fd374d4c-a497-487c-8a8f-97a245e44f14" name="testcase2 - Dev - Request - Error"><con:settings/><con:config xsi:type="con:RequestStep" xmlns:xsi="http://www.w3.org/2001/XMLSchema-instance"><con:interface>ExportFromRegondesServiceHTTPBinding</con:interface><con:operation>serviceChange</con:operation><con:request name="testcase2 - Dev - Request - Error" id="dfc2e88e-db84-4462-ae6a-a93250ab534b" outgoingWss="Outflow DEV"><con:settings/><con:encoding>UTF-8</con:encoding><con:endpoint>https://192.168.36.61:8243/services/ExportFromRegondesService_v1.0</con:endpoint><con:request><![CDATA[<soapenv:Envelope xmlns:soapenv="http://schemas.xmlsoap.org/soap/envelope/" xmlns:v1="http://fidus.brussels/service/exportfromregondesservice/messages/v1" xmlns:v11="http://fidus.brussels/type/common/messages/v1" xmlns:ser="http://www.minfin.fgov.be/regondes2/extern/taxservice/exports/serviceChanged" xmlns:com="http://www.minfin.fgov.be/regondes2/extern/taxservice/common">
   <soapenv:Header/>
   <soapenv:Body>
      <v1:serviceChangeRequest>
         <v1:messageContext>
            <v11:messageId>${=import static java.util.UUID.randomUUID; uuid = randomUUID() as String}</v11:messageId>
            <!--Optional:-->
            <v11:timestamp>${=new java.text.SimpleDateFormat("yyyy-MM-dd'T'HH:mm:ss.SSS").format(new Date())}</v11:timestamp>
         </v1:messageContext>
         <v1:legalContext>ServiceIntegrator</v1:legalContext>
         <v1:request>
            <ser:serviceChange>
               <!-- <ser:referenceFodFin>11223347</ser:referenceFodFin> --> <!-- Technical reference not found -->
               <!-- <ser:referenceFodFin>11223346</ser:referenceFodFin> --> <!-- Reference not found -->  
               <ser:referenceFodFin>11223345</ser:referenceFodFin> <!-- Requested dossier is already close -->
               <ser:initialService>
                  <!--Optional:-->
                  <com:technicalReference>1524</com:technicalReference>
                  <com:type>AAF</com:type>
                  <com:reference>reference</com:reference>
               </ser:initialService>
               <!--1 to 99 repetitions:-->
               <ser:transfer>
                  <ser:serviceName>CIRB</ser:serviceName>
                  <ser:dateIn>${=new java.text.SimpleDateFormat("yyyy-MM-dd").format(new Date())}</ser:dateIn>
                  <!--Optional:-->
                  <ser:dateOut>${=new java.text.SimpleDateFormat("yyyy-MM-dd").format(new Date())}</ser:dateOut>
                  <ser:official>
                     <ser:firstName>jean</ser:firstName>
                     <ser:lastName>baptist</ser:lastName>
                     <ser:phoneNumber>0452363621</ser:phoneNumber>
                     <ser:email>cisyapan@cirb.brussels</ser:email>
                  </ser:official>
               </ser:transfer>
            </ser:serviceChange>
         </v1:request>
      </v1:serviceChangeRequest>
   </soapenv:Body>
</soapenv:Envelope>]]></con:request><con:assertion type="SOAP Fault Assertion" id="6aae101c-2fb8-450e-8a36-6a77d8e57618" name="Not SOAP Fault"/><con:assertion type="SOAP Response" id="b1430f09-0c79-4c56-a61d-f478b4a48c50" name="SOAP Response"/><con:assertion type="Schema Compliance" id="9d91c905-0c99-4810-9d38-dd76e03af5d0" name="Schema Compliance"><con:configuration/></con:assertion><con:wsaConfig action="http://fidus.brussels/services/exportfromregondesservice/serviceChange"/></con:request></con:config></con:testStep><con:properties/></con:testCase><con:properties/></con:testSuite><con:testSuite id="860979c1-e466-4558-8521-5613a2f65b19" name="TEST"><con:settings/><con:runType>SEQUENTIAL</con:runType><con:testCase id="98b94676-1f7b-4c88-ab70-9cc6c9d590a9" failOnError="true" failTestCaseOnErrors="true" keepSession="false" maxResults="0" name="closedDossier" searchProperties="true"><con:settings/><con:testStep type="request" id="e56c0757-1911-4066-9b22-65d203e44b81" name="testcase3 - Test - LB - Request"><con:settings/><con:config xsi:type="con:RequestStep" xmlns:xsi="http://www.w3.org/2001/XMLSchema-instance"><con:interface>ExportFromRegondesServiceHTTPBinding</con:interface><con:operation>closedDossier</con:operation><con:request name="testcase3 - Test - LB - Request" id="a7fe84ec-1c06-4c01-ac1d-3c72521b60d7" outgoingWss="Outflow TEST"><con:settings/><con:encoding>UTF-8</con:encoding><con:endpoint>https://esb-security-gw.sta.srv.cirb.lan:8443/services/ExportFromRegondesService_v1.0</con:endpoint><con:request><![CDATA[<soapenv:Envelope xmlns:soapenv="http://schemas.xmlsoap.org/soap/envelope/" xmlns:v1="http://fidus.brussels/service/exportfromregondesservice/messages/v1" xmlns:v11="http://fidus.brussels/type/common/messages/v1" xmlns:clos="http://www.minfin.fgov.be/regondes2/extern/taxservice/exports/closedDossiers" xmlns:com="http://www.minfin.fgov.be/regondes2/extern/taxservice/common">
   <soapenv:Header/>
   <soapenv:Body>
      <v1:closedDossierRequest>
         <v1:messageContext>
            <v11:messageId>${=import static java.util.UUID.randomUUID; uuid = randomUUID() as String}</v11:messageId>
            <v11:timestamp>${=new java.text.SimpleDateFormat("yyyy-MM-dd'T'HH:mm:ss.SSS").format(new Date())}</v11:timestamp>
         </v1:messageContext>
         <v1:legalContext>ServiceIntegrator</v1:legalContext>
         <v1:request>
            <clos:closedDossier> 
               <clos:referenceFodFin>11223344</clos:referenceFodFin>
               <clos:fiscalYear>2017</clos:fiscalYear>
               <clos:initialService>
                  <com:technicalReference>technicalReference</com:technicalReference>
                  <com:type>AAF</com:type>
                  <clos:reference>reference</clos:reference>
               </clos:initialService>
               <clos:patrimonyInformation>
                  <clos:typeDossier>AA</clos:typeDossier>
                  <clos:patrimonyFrom>${=new java.text.SimpleDateFormat("yyyy-MM-dd").format(new Date())}</clos:patrimonyFrom>
                  <clos:patrimonyRef>1</clos:patrimonyRef>
                  <clos:cadastralDivisionCode>YYY</clos:cadastralDivisionCode>
                  <clos:articleNumber>51</clos:articleNumber>
               </clos:patrimonyInformation>
               <clos:report>
                  <clos:type>S</clos:type>
                  <clos:subtype>subtype</clos:subtype>
                  <clos:kind>INITIAL</clos:kind>
                  <clos:cadastralIncome>
                     <com:codeCadastralIncome>a</com:codeCadastralIncome>
                     <com:definitiveCadastralIncome>12</com:definitiveCadastralIncome>
                     <com:dateDefinitive>${=new java.text.SimpleDateFormat("yyyy-MM-dd").format(new Date())}</com:dateDefinitive>
                     <com:reasonDefinitive>my reason</com:reasonDefinitive>
                  </clos:cadastralIncome>
                  <clos:date>${=new java.text.SimpleDateFormat("yyyy-MM-dd").format(new Date())}</clos:date>
                  <clos:motivation>No motivation</clos:motivation>
                  <!--0 to 99 repetitions:-->
                  <clos:newState>
                     <!--1 to 999 repetitions:-->
                     <clos:parcel>
                        <clos:parcelNumber>
                           <clos:section>55254</clos:section>
                           <clos:groundNumber>9555</clos:groundNumber>
                           <clos:bisNumber>2525</clos:bisNumber>
                           <clos:exponent>1414</clos:exponent>
                           <clos:power>me</clos:power>
                           <clos:part>4</clos:part>
                        </clos:parcelNumber>
                        <clos:situation>invalid</clos:situation>
                        <clos:kind>no</clos:kind>
                        <clos:details>test</clos:details>
                        <!--You have a CHOICE of the next 2 items at this level-->
                        <clos:articleNumber>1141</clos:articleNumber>
                        <clos:sequenceNumber>3215</clos:sequenceNumber>
                        <!--0 to 99 repetitions:-->
                        <clos:cadastralInformation>
                           <clos:codeCadastralIncome>12</clos:codeCadastralIncome>
                           <clos:cadastralIncome>12</clos:cadastralIncome>
                           <clos:cadastralIncomePart>42</clos:cadastralIncomePart>
                           <clos:exemption>52</clos:exemption>
                           <clos:daysUnfruitful>5</clos:daysUnfruitful>
                        </clos:cadastralInformation>
                     </clos:parcel>
                     <!--1 to 999 repetitions:-->
                     <clos:owner>
                        <!--You have a CHOICE of the next 2 items at this level-->
                        <clos:person>
                           <!--You have a CHOICE of the next 3 items at this level-->
                           <clos:socialSecurityNumber>125</clos:socialSecurityNumber>
                           <clos:lastname>baptiste</clos:lastname>
                        </clos:person>
                        <clos:rights>Admin</clos:rights>
                        <clos:ownerType>LEGAL_PERSON</clos:ownerType>
                     </clos:owner>
                  </clos:newState>
               </clos:report>
               <!--0 to 99 repetitions:-->
               <clos:linkedDossier>
                  <clos:referenceInitialService>referenceInitialService</clos:referenceInitialService>
                  <clos:referenceFodFin>15</clos:referenceFodFin>
               </clos:linkedDossier>
               <!--0 to 99 repetitions:-->
               <clos:attachment>
                  <com:fileName>cirb</com:fileName>
                  <com:data>    1234   </com:data>
               </clos:attachment>
            </clos:closedDossier>
         </v1:request>
      </v1:closedDossierRequest>
   </soapenv:Body>
</soapenv:Envelope>]]></con:request><con:assertion type="SOAP Fault Assertion" id="076bb1dd-49e0-4669-ada7-9896f6a98ddd" name="Not SOAP Fault"/><con:assertion type="SOAP Response" id="d5a086c3-c370-4113-b8d1-5b21c2780d18" name="SOAP Response"/><con:assertion type="Schema Compliance" id="0f2685a9-cc20-41c4-a100-431c78696d04" name="Schema Compliance"><con:configuration/></con:assertion><con:wsaConfig action="http://fidus.brussels/services/exportfromregondesservice/closedDossier"/></con:request></con:config></con:testStep><con:testStep type="request" id="1c0e7f8e-d8a2-4435-b084-5733e7db3484" name="testcase3 - Test - Worker1 - Request"><con:settings/><con:config xsi:type="con:RequestStep" xmlns:xsi="http://www.w3.org/2001/XMLSchema-instance"><con:interface>ExportFromRegondesServiceHTTPBinding</con:interface><con:operation>closedDossier</con:operation><con:request name="testcase3 - Test - Worker1 - Request" id="bc9ee6e0-58b5-458e-b693-34fd6f67b11d" outgoingWss="Outflow TEST"><con:settings/><con:encoding>UTF-8</con:encoding><con:endpoint>https://192.168.22.53:8443/services/ExportFromRegondesService_v1.0</con:endpoint><con:request><![CDATA[<soapenv:Envelope xmlns:soapenv="http://schemas.xmlsoap.org/soap/envelope/" xmlns:v1="http://fidus.brussels/service/exportfromregondesservice/messages/v1" xmlns:v11="http://fidus.brussels/type/common/messages/v1" xmlns:clos="http://www.minfin.fgov.be/regondes2/extern/taxservice/exports/closedDossiers" xmlns:com="http://www.minfin.fgov.be/regondes2/extern/taxservice/common">
   <soapenv:Header/>
   <soapenv:Body>
      <v1:closedDossierRequest>
         <v1:messageContext>
            <v11:messageId>${=import static java.util.UUID.randomUUID; uuid = randomUUID() as String}</v11:messageId>
            <v11:timestamp>${=new java.text.SimpleDateFormat("yyyy-MM-dd'T'HH:mm:ss.SSS").format(new Date())}</v11:timestamp>
         </v1:messageContext>
         <v1:legalContext>ServiceIntegrator</v1:legalContext>
         <v1:request>
            <clos:closedDossier> 
               <clos:referenceFodFin>11223344</clos:referenceFodFin>
               <clos:fiscalYear>2017</clos:fiscalYear>
               <clos:initialService>
                  <com:technicalReference>technicalReference</com:technicalReference>
                  <com:type>AAF</com:type>
                  <clos:reference>reference</clos:reference>
               </clos:initialService>
               <clos:patrimonyInformation>
                  <clos:typeDossier>AA</clos:typeDossier>
                  <clos:patrimonyFrom>${=new java.text.SimpleDateFormat("yyyy-MM-dd").format(new Date())}</clos:patrimonyFrom>
                  <clos:patrimonyRef>1</clos:patrimonyRef>
                  <clos:cadastralDivisionCode>YYY</clos:cadastralDivisionCode>
                  <clos:articleNumber>51</clos:articleNumber>
               </clos:patrimonyInformation>
               <clos:report>
                  <clos:type>S</clos:type>
                  <clos:subtype>subtype</clos:subtype>
                  <clos:kind>INITIAL</clos:kind>
                  <clos:cadastralIncome>
                     <com:codeCadastralIncome>a</com:codeCadastralIncome>
                     <com:definitiveCadastralIncome>12</com:definitiveCadastralIncome>
                     <com:dateDefinitive>${=new java.text.SimpleDateFormat("yyyy-MM-dd").format(new Date())}</com:dateDefinitive>
                     <com:reasonDefinitive>my reason</com:reasonDefinitive>
                  </clos:cadastralIncome>
                  <clos:date>${=new java.text.SimpleDateFormat("yyyy-MM-dd").format(new Date())}</clos:date>
                  <clos:motivation>No motivation</clos:motivation>
                  <!--0 to 99 repetitions:-->
                  <clos:newState>
                     <!--1 to 999 repetitions:-->
                     <clos:parcel>
                        <clos:parcelNumber>
                           <clos:section>55254</clos:section>
                           <clos:groundNumber>9555</clos:groundNumber>
                           <clos:bisNumber>2525</clos:bisNumber>
                           <clos:exponent>1414</clos:exponent>
                           <clos:power>me</clos:power>
                           <clos:part>4</clos:part>
                        </clos:parcelNumber>
                        <clos:situation>invalid</clos:situation>
                        <clos:kind>no</clos:kind>
                        <clos:details>test</clos:details>
                        <!--You have a CHOICE of the next 2 items at this level-->
                        <clos:articleNumber>1141</clos:articleNumber>
                        <clos:sequenceNumber>3215</clos:sequenceNumber>
                        <!--0 to 99 repetitions:-->
                        <clos:cadastralInformation>
                           <clos:codeCadastralIncome>12</clos:codeCadastralIncome>
                           <clos:cadastralIncome>12</clos:cadastralIncome>
                           <clos:cadastralIncomePart>42</clos:cadastralIncomePart>
                           <clos:exemption>52</clos:exemption>
                           <clos:daysUnfruitful>5</clos:daysUnfruitful>
                        </clos:cadastralInformation>
                     </clos:parcel>
                     <!--1 to 999 repetitions:-->
                     <clos:owner>
                        <!--You have a CHOICE of the next 2 items at this level-->
                        <clos:person>
                           <!--You have a CHOICE of the next 3 items at this level-->
                           <clos:socialSecurityNumber>125</clos:socialSecurityNumber>
                           <clos:lastname>baptiste</clos:lastname>
                        </clos:person>
                        <clos:rights>Admin</clos:rights>
                        <clos:ownerType>LEGAL_PERSON</clos:ownerType>
                     </clos:owner>
                  </clos:newState>
               </clos:report>
               <!--0 to 99 repetitions:-->
               <clos:linkedDossier>
                  <clos:referenceInitialService>referenceInitialService</clos:referenceInitialService>
                  <clos:referenceFodFin>15</clos:referenceFodFin>
               </clos:linkedDossier>
               <!--0 to 99 repetitions:-->
               <clos:attachment>
                  <com:fileName>cirb</com:fileName>
                  <com:data>    1234   </com:data>
               </clos:attachment>
            </clos:closedDossier>
         </v1:request>
      </v1:closedDossierRequest>
   </soapenv:Body>
</soapenv:Envelope>]]></con:request><con:assertion type="SOAP Fault Assertion" id="c1f362ef-09df-4c08-a38f-3c8a97c671ac" name="Not SOAP Fault"/><con:assertion type="SOAP Response" id="03fa506a-ef7a-4020-89eb-f58d8a164439" name="SOAP Response"/><con:assertion type="Schema Compliance" id="0ad7c384-05b8-43d4-a934-ea4e30fbc82a" name="Schema Compliance"><con:configuration/></con:assertion><con:wsaConfig action="http://fidus.brussels/services/exportfromregondesservice/closedDossier"/></con:request></con:config></con:testStep><con:testStep type="request" id="4e7a1f93-477d-457f-87d5-90183b8a2689" name="testcase3 - Test - Worker2 - Request"><con:settings/><con:config xsi:type="con:RequestStep" xmlns:xsi="http://www.w3.org/2001/XMLSchema-instance"><con:interface>ExportFromRegondesServiceHTTPBinding</con:interface><con:operation>closedDossier</con:operation><con:request name="testcase3 - Test - Worker2 - Request" id="de78bcee-681e-4d0e-be91-2ecda5ff6547" outgoingWss="Outflow TEST"><con:settings/><con:encoding>UTF-8</con:encoding><con:endpoint>https://192.168.22.54:8443/services/ExportFromRegondesService_v1.0</con:endpoint><con:request><![CDATA[<soapenv:Envelope xmlns:soapenv="http://schemas.xmlsoap.org/soap/envelope/" xmlns:v1="http://fidus.brussels/service/exportfromregondesservice/messages/v1" xmlns:v11="http://fidus.brussels/type/common/messages/v1" xmlns:clos="http://www.minfin.fgov.be/regondes2/extern/taxservice/exports/closedDossiers" xmlns:com="http://www.minfin.fgov.be/regondes2/extern/taxservice/common">
   <soapenv:Header/>
   <soapenv:Body>
      <v1:closedDossierRequest>
         <v1:messageContext>
            <v11:messageId>${=import static java.util.UUID.randomUUID; uuid = randomUUID() as String}</v11:messageId>
            <v11:timestamp>${=new java.text.SimpleDateFormat("yyyy-MM-dd'T'HH:mm:ss.SSS").format(new Date())}</v11:timestamp>
         </v1:messageContext>
         <v1:legalContext>ServiceIntegrator</v1:legalContext>
         <v1:request>
            <clos:closedDossier> 
               <clos:referenceFodFin>11223344</clos:referenceFodFin>
               <clos:fiscalYear>2017</clos:fiscalYear>
               <clos:initialService>
                  <com:technicalReference>technicalReference</com:technicalReference>
                  <com:type>AAF</com:type>
                  <clos:reference>reference</clos:reference>
               </clos:initialService>
               <clos:patrimonyInformation>
                  <clos:typeDossier>AA</clos:typeDossier>
                  <clos:patrimonyFrom>${=new java.text.SimpleDateFormat("yyyy-MM-dd").format(new Date())}</clos:patrimonyFrom>
                  <clos:patrimonyRef>1</clos:patrimonyRef>
                  <clos:cadastralDivisionCode>YYY</clos:cadastralDivisionCode>
                  <clos:articleNumber>51</clos:articleNumber>
               </clos:patrimonyInformation>
               <clos:report>
                  <clos:type>S</clos:type>
                  <clos:subtype>subtype</clos:subtype>
                  <clos:kind>INITIAL</clos:kind>
                  <clos:cadastralIncome>
                     <com:codeCadastralIncome>a</com:codeCadastralIncome>
                     <com:definitiveCadastralIncome>12</com:definitiveCadastralIncome>
                     <com:dateDefinitive>${=new java.text.SimpleDateFormat("yyyy-MM-dd").format(new Date())}</com:dateDefinitive>
                     <com:reasonDefinitive>my reason</com:reasonDefinitive>
                  </clos:cadastralIncome>
                  <clos:date>${=new java.text.SimpleDateFormat("yyyy-MM-dd").format(new Date())}</clos:date>
                  <clos:motivation>No motivation</clos:motivation>
                  <!--0 to 99 repetitions:-->
                  <clos:newState>
                     <!--1 to 999 repetitions:-->
                     <clos:parcel>
                        <clos:parcelNumber>
                           <clos:section>55254</clos:section>
                           <clos:groundNumber>9555</clos:groundNumber>
                           <clos:bisNumber>2525</clos:bisNumber>
                           <clos:exponent>1414</clos:exponent>
                           <clos:power>me</clos:power>
                           <clos:part>4</clos:part>
                        </clos:parcelNumber>
                        <clos:situation>invalid</clos:situation>
                        <clos:kind>no</clos:kind>
                        <clos:details>test</clos:details>
                        <!--You have a CHOICE of the next 2 items at this level-->
                        <clos:articleNumber>1141</clos:articleNumber>
                        <clos:sequenceNumber>3215</clos:sequenceNumber>
                        <!--0 to 99 repetitions:-->
                        <clos:cadastralInformation>
                           <clos:codeCadastralIncome>12</clos:codeCadastralIncome>
                           <clos:cadastralIncome>12</clos:cadastralIncome>
                           <clos:cadastralIncomePart>42</clos:cadastralIncomePart>
                           <clos:exemption>52</clos:exemption>
                           <clos:daysUnfruitful>5</clos:daysUnfruitful>
                        </clos:cadastralInformation>
                     </clos:parcel>
                     <!--1 to 999 repetitions:-->
                     <clos:owner>
                        <!--You have a CHOICE of the next 2 items at this level-->
                        <clos:person>
                           <!--You have a CHOICE of the next 3 items at this level-->
                           <clos:socialSecurityNumber>125</clos:socialSecurityNumber>
                           <clos:lastname>baptiste</clos:lastname>
                        </clos:person>
                        <clos:rights>Admin</clos:rights>
                        <clos:ownerType>LEGAL_PERSON</clos:ownerType>
                     </clos:owner>
                  </clos:newState>
               </clos:report>
               <!--0 to 99 repetitions:-->
               <clos:linkedDossier>
                  <clos:referenceInitialService>referenceInitialService</clos:referenceInitialService>
                  <clos:referenceFodFin>15</clos:referenceFodFin>
               </clos:linkedDossier>
               <!--0 to 99 repetitions:-->
               <clos:attachment>
                  <com:fileName>cirb</com:fileName>
                  <com:data>    1234   </com:data>
               </clos:attachment>
            </clos:closedDossier>
         </v1:request>
      </v1:closedDossierRequest>
   </soapenv:Body>
</soapenv:Envelope>]]></con:request><con:assertion type="SOAP Fault Assertion" id="f54eba3e-1176-49f6-afc7-0c4e77510ddf" name="Not SOAP Fault"/><con:assertion type="SOAP Response" id="20bda3bc-3f2b-487d-8fd5-85ce3d4f2280" name="SOAP Response"/><con:assertion type="Schema Compliance" id="6cff6109-8035-46ae-a300-dad9e1e36538" name="Schema Compliance"><con:configuration/></con:assertion><con:wsaConfig action="http://fidus.brussels/services/exportfromregondesservice/closedDossier"/></con:request></con:config></con:testStep><con:testStep type="request" id="0a7613a8-452d-4f75-911f-89df62f521e0" name="testcase3 - Test - External - Request"><con:settings/><con:config xsi:type="con:RequestStep" xmlns:xsi="http://www.w3.org/2001/XMLSchema-instance"><con:interface>ExportFromRegondesServiceHTTPBinding</con:interface><con:operation>closedDossier</con:operation><con:request name="testcase3 - Test - External - Request" id="c7d61f07-eab5-4180-858a-d3bb9fd31dda" outgoingWss="Outflow TEST"><con:settings/><con:encoding>UTF-8</con:encoding><con:endpoint>https://fidus-test.irisnetlab.be/services/ExportFromRegondesService_v1.0</con:endpoint><con:request><![CDATA[<soapenv:Envelope xmlns:soapenv="http://schemas.xmlsoap.org/soap/envelope/" xmlns:v1="http://fidus.brussels/service/exportfromregondesservice/messages/v1" xmlns:v11="http://fidus.brussels/type/common/messages/v1" xmlns:clos="http://www.minfin.fgov.be/regondes2/extern/taxservice/exports/closedDossiers" xmlns:com="http://www.minfin.fgov.be/regondes2/extern/taxservice/common">
   <soapenv:Header/>
   <soapenv:Body>
      <v1:closedDossierRequest>
         <v1:messageContext>
            <v11:messageId>${=import static java.util.UUID.randomUUID; uuid = randomUUID() as String}</v11:messageId>
            <v11:timestamp>${=new java.text.SimpleDateFormat("yyyy-MM-dd'T'HH:mm:ss.SSS").format(new Date())}</v11:timestamp>
         </v1:messageContext>
         <v1:legalContext>ServiceIntegrator</v1:legalContext>
         <v1:request>
            <clos:closedDossier> 
               <clos:referenceFodFin>11223344</clos:referenceFodFin>
               <clos:fiscalYear>2017</clos:fiscalYear>
               <clos:initialService>
                  <com:technicalReference>technicalReference</com:technicalReference>
                  <com:type>AAF</com:type>
                  <clos:reference>reference</clos:reference>
               </clos:initialService>
               <clos:patrimonyInformation>
                  <clos:typeDossier>AA</clos:typeDossier>
                  <clos:patrimonyFrom>${=new java.text.SimpleDateFormat("yyyy-MM-dd").format(new Date())}</clos:patrimonyFrom>
                  <clos:patrimonyRef>1</clos:patrimonyRef>
                  <clos:cadastralDivisionCode>YYY</clos:cadastralDivisionCode>
                  <clos:articleNumber>51</clos:articleNumber>
               </clos:patrimonyInformation>
               <clos:report>
                  <clos:type>S</clos:type>
                  <clos:subtype>subtype</clos:subtype>
                  <clos:kind>INITIAL</clos:kind>
                  <clos:cadastralIncome>
                     <com:codeCadastralIncome>a</com:codeCadastralIncome>
                     <com:definitiveCadastralIncome>12</com:definitiveCadastralIncome>
                     <com:dateDefinitive>${=new java.text.SimpleDateFormat("yyyy-MM-dd").format(new Date())}</com:dateDefinitive>
                     <com:reasonDefinitive>my reason</com:reasonDefinitive>
                  </clos:cadastralIncome>
                  <clos:date>${=new java.text.SimpleDateFormat("yyyy-MM-dd").format(new Date())}</clos:date>
                  <clos:motivation>No motivation</clos:motivation>
                  <!--0 to 99 repetitions:-->
                  <clos:newState>
                     <!--1 to 999 repetitions:-->
                     <clos:parcel>
                        <clos:parcelNumber>
                           <clos:section>55254</clos:section>
                           <clos:groundNumber>9555</clos:groundNumber>
                           <clos:bisNumber>2525</clos:bisNumber>
                           <clos:exponent>1414</clos:exponent>
                           <clos:power>me</clos:power>
                           <clos:part>4</clos:part>
                        </clos:parcelNumber>
                        <clos:situation>invalid</clos:situation>
                        <clos:kind>no</clos:kind>
                        <clos:details>test</clos:details>
                        <!--You have a CHOICE of the next 2 items at this level-->
                        <clos:articleNumber>1141</clos:articleNumber>
                        <clos:sequenceNumber>3215</clos:sequenceNumber>
                        <!--0 to 99 repetitions:-->
                        <clos:cadastralInformation>
                           <clos:codeCadastralIncome>12</clos:codeCadastralIncome>
                           <clos:cadastralIncome>12</clos:cadastralIncome>
                           <clos:cadastralIncomePart>42</clos:cadastralIncomePart>
                           <clos:exemption>52</clos:exemption>
                           <clos:daysUnfruitful>5</clos:daysUnfruitful>
                        </clos:cadastralInformation>
                     </clos:parcel>
                     <!--1 to 999 repetitions:-->
                     <clos:owner>
                        <!--You have a CHOICE of the next 2 items at this level-->
                        <clos:person>
                           <!--You have a CHOICE of the next 3 items at this level-->
                           <clos:socialSecurityNumber>125</clos:socialSecurityNumber>
                           <clos:lastname>baptiste</clos:lastname>
                        </clos:person>
                        <clos:rights>Admin</clos:rights>
                        <clos:ownerType>LEGAL_PERSON</clos:ownerType>
                     </clos:owner>
                  </clos:newState>
               </clos:report>
               <!--0 to 99 repetitions:-->
               <clos:linkedDossier>
                  <clos:referenceInitialService>referenceInitialService</clos:referenceInitialService>
                  <clos:referenceFodFin>15</clos:referenceFodFin>
               </clos:linkedDossier>
               <!--0 to 99 repetitions:-->
               <clos:attachment>
                  <com:fileName>cirb</com:fileName>
                  <com:data>    1234   </com:data>
               </clos:attachment>
            </clos:closedDossier>
         </v1:request>
      </v1:closedDossierRequest>
   </soapenv:Body>
</soapenv:Envelope>]]></con:request><con:assertion type="SOAP Fault Assertion" id="eac92565-9784-485b-961e-2d8e09c1da91" name="Not SOAP Fault"/><con:assertion type="SOAP Response" id="1c27f6d8-cacc-4179-8b05-7d2f4f14cfda" name="SOAP Response"/><con:assertion type="Schema Compliance" id="f7893407-70e3-4bf1-b833-4c606c6a90b4" name="Schema Compliance"><con:configuration/></con:assertion><con:wsaConfig action="http://fidus.brussels/services/exportfromregondesservice/closedDossier"/></con:request></con:config></con:testStep><con:properties/></con:testCase><con:testCase id="156340a0-03f9-4a7e-8574-8eceab616b2d" failOnError="true" failTestCaseOnErrors="true" keepSession="false" maxResults="0" name="postponedDossier" searchProperties="true"><con:settings/><con:testStep type="request" id="5ddefa2c-3ccb-4830-99f3-0c1558d1c4b7" name="testcase3 - Test - LB - Request"><con:settings/><con:config xsi:type="con:RequestStep" xmlns:xsi="http://www.w3.org/2001/XMLSchema-instance"><con:interface>ExportFromRegondesServiceHTTPBinding</con:interface><con:operation>postponedDossier</con:operation><con:request name="testcase3 - Test - LB - Request" id="4673e7eb-2b0e-4dac-8319-6cd03bf2b8b6" outgoingWss="Outflow TEST"><con:settings/><con:encoding>UTF-8</con:encoding><con:endpoint>https://esb-security-gw.sta.srv.cirb.lan:8443/services/ExportFromRegondesService_v1.0</con:endpoint><con:request><![CDATA[<soapenv:Envelope xmlns:soapenv="http://schemas.xmlsoap.org/soap/envelope/" xmlns:v1="http://fidus.brussels/service/exportfromregondesservice/messages/v1" xmlns:v11="http://fidus.brussels/type/common/messages/v1" xmlns:pos="http://www.minfin.fgov.be/regondes2/extern/taxservice/exports/postponedDossiers" xmlns:com="http://www.minfin.fgov.be/regondes2/extern/taxservice/common">
   <soapenv:Header/>
   <soapenv:Body>
      <v1:postponedDossierRequest>
         <v1:messageContext>
            <v11:messageId>${=import static java.util.UUID.randomUUID; uuid = randomUUID() as String}</v11:messageId>
            <!--Optional:-->
            <v11:timestamp>${=new java.text.SimpleDateFormat("yyyy-MM-dd'T'HH:mm:ss.SSS").format(new Date())}</v11:timestamp>
         </v1:messageContext>
         <v1:legalContext>ServiceIntegrator</v1:legalContext>
         <v1:request>
            <pos:postponedDossier>
               <pos:referenceFodFin>11223344</pos:referenceFodFin>
               <pos:initialService>
                  <!--Optional:-->
                  <com:technicalReference>technicalReference</com:technicalReference>
                  <com:type>AAF</com:type>
                  <com:reference>reference</com:reference>
               </pos:initialService>
               <pos:postponement>
                  <pos:datePostponement>${=new java.text.SimpleDateFormat("yyyy-MM-dd").format(new Date())}</pos:datePostponement>
                  <pos:reasonPostponed>TEST</pos:reasonPostponed>
                  <pos:newTargetDate>${=new java.text.SimpleDateFormat("yyyy-MM-dd").format(new Date())}</pos:newTargetDate>
               </pos:postponement>
            </pos:postponedDossier>
         </v1:request>
      </v1:postponedDossierRequest>
   </soapenv:Body>
</soapenv:Envelope>]]></con:request><con:assertion type="SOAP Fault Assertion" id="34e083c1-a7ba-428d-b094-6be47b36ec13" name="Not SOAP Fault"/><con:assertion type="SOAP Response" id="a4797e9b-708a-481d-98d9-628dfe216e49" name="SOAP Response"/><con:assertion type="Schema Compliance" id="f81af698-25ff-4ed3-b7ef-504370d566c2" name="Schema Compliance"><con:configuration/></con:assertion><con:wsaConfig action="http://fidus.brussels/services/exportfromregondesservice/postponedDossier"/></con:request></con:config></con:testStep><con:testStep type="request" id="2aad0da4-1cf6-4692-ab82-72a0d27252e2" name="testcase3 - Test - Worker1 - Request"><con:settings/><con:config xsi:type="con:RequestStep" xmlns:xsi="http://www.w3.org/2001/XMLSchema-instance"><con:interface>ExportFromRegondesServiceHTTPBinding</con:interface><con:operation>postponedDossier</con:operation><con:request name="testcase3 - Test - Worker1 - Request" id="a2d87509-c7cf-4150-ad73-5988942a710f" outgoingWss="Outflow TEST"><con:settings/><con:encoding>UTF-8</con:encoding><con:endpoint>https://192.168.22.53:8443/services/ExportFromRegondesService_v1.0</con:endpoint><con:request><![CDATA[<soapenv:Envelope xmlns:soapenv="http://schemas.xmlsoap.org/soap/envelope/" xmlns:v1="http://fidus.brussels/service/exportfromregondesservice/messages/v1" xmlns:v11="http://fidus.brussels/type/common/messages/v1" xmlns:pos="http://www.minfin.fgov.be/regondes2/extern/taxservice/exports/postponedDossiers" xmlns:com="http://www.minfin.fgov.be/regondes2/extern/taxservice/common">
   <soapenv:Header/>
   <soapenv:Body>
      <v1:postponedDossierRequest>
         <v1:messageContext>
            <v11:messageId>${=import static java.util.UUID.randomUUID; uuid = randomUUID() as String}</v11:messageId>
            <!--Optional:-->
            <v11:timestamp>${=new java.text.SimpleDateFormat("yyyy-MM-dd'T'HH:mm:ss.SSS").format(new Date())}</v11:timestamp>
         </v1:messageContext>
         <v1:legalContext>ServiceIntegrator</v1:legalContext>
         <v1:request>
            <pos:postponedDossier>
               <pos:referenceFodFin>11223344</pos:referenceFodFin>
               <pos:initialService>
                  <!--Optional:-->
                  <com:technicalReference>technicalReference</com:technicalReference>
                  <com:type>AAF</com:type>
                  <com:reference>reference</com:reference>
               </pos:initialService>
               <pos:postponement>
                  <pos:datePostponement>${=new java.text.SimpleDateFormat("yyyy-MM-dd").format(new Date())}</pos:datePostponement>
                  <pos:reasonPostponed>TEST</pos:reasonPostponed>
                  <pos:newTargetDate>${=new java.text.SimpleDateFormat("yyyy-MM-dd").format(new Date())}</pos:newTargetDate>
               </pos:postponement>
            </pos:postponedDossier>
         </v1:request>
      </v1:postponedDossierRequest>
   </soapenv:Body>
</soapenv:Envelope>]]></con:request><con:assertion type="SOAP Fault Assertion" id="2eeb9252-2dc8-49b3-9d6b-16a929334198" name="Not SOAP Fault"/><con:assertion type="SOAP Response" id="7b7b443b-661c-4066-92be-1f9390a040d7" name="SOAP Response"/><con:assertion type="Schema Compliance" id="ab7c1875-ca94-4c6b-8141-69fb8414c12e" name="Schema Compliance"><con:configuration/></con:assertion><con:wsaConfig action="http://fidus.brussels/services/exportfromregondesservice/postponedDossier"/></con:request></con:config></con:testStep><con:testStep type="request" id="3cfe0bb6-d847-472f-ae3e-468081c66ef7" name="testcase3 - Test - Worker2 - Request"><con:settings/><con:config xsi:type="con:RequestStep" xmlns:xsi="http://www.w3.org/2001/XMLSchema-instance"><con:interface>ExportFromRegondesServiceHTTPBinding</con:interface><con:operation>postponedDossier</con:operation><con:request name="testcase3 - Test - Worker2 - Request" id="d9bf70ea-21ea-4550-be21-118d6ea8d6e0" outgoingWss="Outflow TEST"><con:settings/><con:encoding>UTF-8</con:encoding><con:endpoint>https://192.168.22.54:8443/services/ExportFromRegondesService_v1.0</con:endpoint><con:request><![CDATA[<soapenv:Envelope xmlns:soapenv="http://schemas.xmlsoap.org/soap/envelope/" xmlns:v1="http://fidus.brussels/service/exportfromregondesservice/messages/v1" xmlns:v11="http://fidus.brussels/type/common/messages/v1" xmlns:pos="http://www.minfin.fgov.be/regondes2/extern/taxservice/exports/postponedDossiers" xmlns:com="http://www.minfin.fgov.be/regondes2/extern/taxservice/common">
   <soapenv:Header/>
   <soapenv:Body>
      <v1:postponedDossierRequest>
         <v1:messageContext>
            <v11:messageId>${=import static java.util.UUID.randomUUID; uuid = randomUUID() as String}</v11:messageId>
            <!--Optional:-->
            <v11:timestamp>${=new java.text.SimpleDateFormat("yyyy-MM-dd'T'HH:mm:ss.SSS").format(new Date())}</v11:timestamp>
         </v1:messageContext>
         <v1:legalContext>ServiceIntegrator</v1:legalContext>
         <v1:request>
            <pos:postponedDossier>
               <pos:referenceFodFin>11223344</pos:referenceFodFin>
               <pos:initialService>
                  <!--Optional:-->
                  <com:technicalReference>technicalReference</com:technicalReference>
                  <com:type>AAF</com:type>
                  <com:reference>reference</com:reference>
               </pos:initialService>
               <pos:postponement>
                  <pos:datePostponement>${=new java.text.SimpleDateFormat("yyyy-MM-dd").format(new Date())}</pos:datePostponement>
                  <pos:reasonPostponed>TEST</pos:reasonPostponed>
                  <pos:newTargetDate>${=new java.text.SimpleDateFormat("yyyy-MM-dd").format(new Date())}</pos:newTargetDate>
               </pos:postponement>
            </pos:postponedDossier>
         </v1:request>
      </v1:postponedDossierRequest>
   </soapenv:Body>
</soapenv:Envelope>]]></con:request><con:assertion type="SOAP Fault Assertion" id="6bf065b6-8833-4b2e-9e08-d3b64f143675" name="Not SOAP Fault"/><con:assertion type="SOAP Response" id="be127993-539e-4d68-8317-566365cb2827" name="SOAP Response"/><con:assertion type="Schema Compliance" id="fb06d34e-a712-4ba1-8dba-d8fced48e75f" name="Schema Compliance"><con:configuration/></con:assertion><con:wsaConfig action="http://fidus.brussels/services/exportfromregondesservice/postponedDossier"/></con:request></con:config></con:testStep><con:testStep type="request" id="3ea497fb-a0bc-4bea-97d8-d2171a085f0b" name="testcase3 - Test - External - Request"><con:settings/><con:config xsi:type="con:RequestStep" xmlns:xsi="http://www.w3.org/2001/XMLSchema-instance"><con:interface>ExportFromRegondesServiceHTTPBinding</con:interface><con:operation>postponedDossier</con:operation><con:request name="testcase3 - Test - External - Request" id="48b0a885-bf5d-4dc7-a0cd-cb3a6b4ca274" outgoingWss="Outflow TEST"><con:settings/><con:encoding>UTF-8</con:encoding><con:endpoint>https://fidus-test.irisnetlab.be/services/ExportFromRegondesService_v1.0</con:endpoint><con:request><![CDATA[<soapenv:Envelope xmlns:soapenv="http://schemas.xmlsoap.org/soap/envelope/" xmlns:v1="http://fidus.brussels/service/exportfromregondesservice/messages/v1" xmlns:v11="http://fidus.brussels/type/common/messages/v1" xmlns:pos="http://www.minfin.fgov.be/regondes2/extern/taxservice/exports/postponedDossiers" xmlns:com="http://www.minfin.fgov.be/regondes2/extern/taxservice/common">
   <soapenv:Header/>
   <soapenv:Body>
      <v1:postponedDossierRequest>
         <v1:messageContext>
            <v11:messageId>${=import static java.util.UUID.randomUUID; uuid = randomUUID() as String}</v11:messageId>
            <!--Optional:-->
            <v11:timestamp>${=new java.text.SimpleDateFormat("yyyy-MM-dd'T'HH:mm:ss.SSS").format(new Date())}</v11:timestamp>
         </v1:messageContext>
         <v1:legalContext>ServiceIntegrator</v1:legalContext>
         <v1:request>
            <pos:postponedDossier>
               <pos:referenceFodFin>11223344</pos:referenceFodFin>
               <pos:initialService>
                  <!--Optional:-->
                  <com:technicalReference>technicalReference</com:technicalReference>
                  <com:type>AAF</com:type>
                  <com:reference>reference</com:reference>
               </pos:initialService>
               <pos:postponement>
                  <pos:datePostponement>${=new java.text.SimpleDateFormat("yyyy-MM-dd").format(new Date())}</pos:datePostponement>
                  <pos:reasonPostponed>TEST</pos:reasonPostponed>
                  <pos:newTargetDate>${=new java.text.SimpleDateFormat("yyyy-MM-dd").format(new Date())}</pos:newTargetDate>
               </pos:postponement>
            </pos:postponedDossier>
         </v1:request>
      </v1:postponedDossierRequest>
   </soapenv:Body>
</soapenv:Envelope>]]></con:request><con:assertion type="SOAP Fault Assertion" id="8624cd2a-8560-491f-9119-457b5d3c81b1" name="Not SOAP Fault"/><con:assertion type="SOAP Response" id="d7c61dad-9cbc-42aa-a950-840a67c42b70" name="SOAP Response"/><con:assertion type="Schema Compliance" id="7e1750ac-83d0-4d6e-b9ea-c89807a19973" name="Schema Compliance"><con:configuration/></con:assertion><con:wsaConfig action="http://fidus.brussels/services/exportfromregondesservice/postponedDossier"/></con:request></con:config></con:testStep><con:properties/></con:testCase><con:testCase id="622108b7-8159-4616-bd5a-ee87f2c3c0a6" failOnError="true" failTestCaseOnErrors="true" keepSession="false" maxResults="0" name="serviceChange" searchProperties="true"><con:settings/><con:testStep type="request" id="2fd0f1d2-8d6a-433c-999a-74cb80aaa1c7" name="testcase3 - Test - LB - Request"><con:settings/><con:config xsi:type="con:RequestStep" xmlns:xsi="http://www.w3.org/2001/XMLSchema-instance"><con:interface>ExportFromRegondesServiceHTTPBinding</con:interface><con:operation>serviceChange</con:operation><con:request name="testcase3 - Test - LB - Request" id="95b8cd96-5100-48da-9999-295e40e1c8e2" outgoingWss="Outflow TEST"><con:settings/><con:encoding>UTF-8</con:encoding><con:endpoint>https://esb-security-gw.sta.srv.cirb.lan:8443/services/ExportFromRegondesService_v1.0</con:endpoint><con:request><![CDATA[<soapenv:Envelope xmlns:soapenv="http://schemas.xmlsoap.org/soap/envelope/" xmlns:v1="http://fidus.brussels/service/exportfromregondesservice/messages/v1" xmlns:v11="http://fidus.brussels/type/common/messages/v1" xmlns:ser="http://www.minfin.fgov.be/regondes2/extern/taxservice/exports/serviceChanged" xmlns:com="http://www.minfin.fgov.be/regondes2/extern/taxservice/common">
   <soapenv:Header/>
   <soapenv:Body>
      <v1:serviceChangeRequest>
         <v1:messageContext>
            <v11:messageId>${=import static java.util.UUID.randomUUID; uuid = randomUUID() as String}</v11:messageId>
            <!--Optional:-->
            <v11:timestamp>${=new java.text.SimpleDateFormat("yyyy-MM-dd'T'HH:mm:ss.SSS").format(new Date())}</v11:timestamp>
         </v1:messageContext>
         <v1:legalContext>ServiceIntegrator</v1:legalContext>
         <v1:request>
            <ser:serviceChange>
               <ser:referenceFodFin>11223344</ser:referenceFodFin>
               <ser:initialService>
                  <!--Optional:-->
                  <com:technicalReference>1524</com:technicalReference>
                  <com:type>AAF</com:type>
                  <com:reference>reference</com:reference>
               </ser:initialService>
               <!--1 to 99 repetitions:-->
               <ser:transfer>
                  <ser:serviceName>CIRB</ser:serviceName>
                  <ser:dateIn>${=new java.text.SimpleDateFormat("yyyy-MM-dd").format(new Date())}</ser:dateIn>
                  <!--Optional:-->
                  <ser:dateOut>${=new java.text.SimpleDateFormat("yyyy-MM-dd").format(new Date())}</ser:dateOut>
                  <ser:official>
                     <ser:firstName>jean</ser:firstName>
                     <ser:lastName>baptist</ser:lastName>
                     <ser:phoneNumber>0452363621</ser:phoneNumber>
                     <ser:email>cisyapan@cirb.brussels</ser:email>
                  </ser:official>
               </ser:transfer>
            </ser:serviceChange>
         </v1:request>
      </v1:serviceChangeRequest>
   </soapenv:Body>
</soapenv:Envelope>]]></con:request><con:assertion type="SOAP Fault Assertion" id="a7680d5c-3c32-41dd-817e-36eb73d511b2" name="Not SOAP Fault"/><con:assertion type="SOAP Response" id="c279f200-4fd7-4fbd-b143-eafae18e139b" name="SOAP Response"/><con:assertion type="Schema Compliance" id="dd8bb4a3-40bf-468a-962a-6a783ad8b8bd" name="Schema Compliance"><con:configuration/></con:assertion><con:wsaConfig action="http://fidus.brussels/services/exportfromregondesservice/serviceChange"/></con:request></con:config></con:testStep><con:testStep type="request" id="ea8617b1-9f7d-4470-9047-888b90a4c5a5" name="testcase3 - Test - Worker1 - Request"><con:settings/><con:config xsi:type="con:RequestStep" xmlns:xsi="http://www.w3.org/2001/XMLSchema-instance"><con:interface>ExportFromRegondesServiceHTTPBinding</con:interface><con:operation>serviceChange</con:operation><con:request name="testcase3 - Test - Worker1 - Request" id="188d7273-82a7-4bd1-b342-834caa249ca5" outgoingWss="Outflow TEST"><con:settings/><con:encoding>UTF-8</con:encoding><con:endpoint>https://192.168.22.53:8443/services/ExportFromRegondesService_v1.0</con:endpoint><con:request><![CDATA[<soapenv:Envelope xmlns:soapenv="http://schemas.xmlsoap.org/soap/envelope/" xmlns:v1="http://fidus.brussels/service/exportfromregondesservice/messages/v1" xmlns:v11="http://fidus.brussels/type/common/messages/v1" xmlns:ser="http://www.minfin.fgov.be/regondes2/extern/taxservice/exports/serviceChanged" xmlns:com="http://www.minfin.fgov.be/regondes2/extern/taxservice/common">
   <soapenv:Header/>
   <soapenv:Body>
      <v1:serviceChangeRequest>
         <v1:messageContext>
            <v11:messageId>${=import static java.util.UUID.randomUUID; uuid = randomUUID() as String}</v11:messageId>
            <!--Optional:-->
            <v11:timestamp>${=new java.text.SimpleDateFormat("yyyy-MM-dd'T'HH:mm:ss.SSS").format(new Date())}</v11:timestamp>
         </v1:messageContext>
         <v1:legalContext>ServiceIntegrator</v1:legalContext>
         <v1:request>
            <ser:serviceChange>
               <ser:referenceFodFin>11223344</ser:referenceFodFin>
               <ser:initialService>
                  <!--Optional:-->
                  <com:technicalReference>1524</com:technicalReference>
                  <com:type>AAF</com:type>
                  <com:reference>reference</com:reference>
               </ser:initialService>
               <!--1 to 99 repetitions:-->
               <ser:transfer>
                  <ser:serviceName>CIRB</ser:serviceName>
                  <ser:dateIn>${=new java.text.SimpleDateFormat("yyyy-MM-dd").format(new Date())}</ser:dateIn>
                  <!--Optional:-->
                  <ser:dateOut>${=new java.text.SimpleDateFormat("yyyy-MM-dd").format(new Date())}</ser:dateOut>
                  <ser:official>
                     <ser:firstName>jean</ser:firstName>
                     <ser:lastName>baptist</ser:lastName>
                     <ser:phoneNumber>0452363621</ser:phoneNumber>
                     <ser:email>cisyapan@cirb.brussels</ser:email>
                  </ser:official>
               </ser:transfer>
            </ser:serviceChange>
         </v1:request>
      </v1:serviceChangeRequest>
   </soapenv:Body>
</soapenv:Envelope>]]></con:request><con:assertion type="SOAP Fault Assertion" id="31cceb8b-b751-497e-b415-21fc0c8ec9a6" name="Not SOAP Fault"/><con:assertion type="SOAP Response" id="56f88c51-5f67-4399-b914-04ddc28b4539" name="SOAP Response"/><con:assertion type="Schema Compliance" id="5f5ea638-c385-487d-832e-59bab649527d" name="Schema Compliance"><con:configuration/></con:assertion><con:wsaConfig action="http://fidus.brussels/services/exportfromregondesservice/serviceChange"/></con:request></con:config></con:testStep><con:testStep type="request" id="07a5b2ba-6e62-4658-8ce6-e1f419130ae9" name="testcase3 - Test - Worker2 - Request"><con:settings/><con:config xsi:type="con:RequestStep" xmlns:xsi="http://www.w3.org/2001/XMLSchema-instance"><con:interface>ExportFromRegondesServiceHTTPBinding</con:interface><con:operation>serviceChange</con:operation><con:request name="testcase3 - Test - Worker2 - Request" id="cb9b6131-723f-456d-b2a2-450291d753b2" outgoingWss="Outflow TEST"><con:settings/><con:encoding>UTF-8</con:encoding><con:endpoint>https://192.168.22.54:8443/services/ExportFromRegondesService_v1.0</con:endpoint><con:request><![CDATA[<soapenv:Envelope xmlns:soapenv="http://schemas.xmlsoap.org/soap/envelope/" xmlns:v1="http://fidus.brussels/service/exportfromregondesservice/messages/v1" xmlns:v11="http://fidus.brussels/type/common/messages/v1" xmlns:ser="http://www.minfin.fgov.be/regondes2/extern/taxservice/exports/serviceChanged" xmlns:com="http://www.minfin.fgov.be/regondes2/extern/taxservice/common">
   <soapenv:Header/>
   <soapenv:Body>
      <v1:serviceChangeRequest>
         <v1:messageContext>
            <v11:messageId>${=import static java.util.UUID.randomUUID; uuid = randomUUID() as String}</v11:messageId>
            <!--Optional:-->
            <v11:timestamp>${=new java.text.SimpleDateFormat("yyyy-MM-dd'T'HH:mm:ss.SSS").format(new Date())}</v11:timestamp>
         </v1:messageContext>
         <v1:legalContext>ServiceIntegrator</v1:legalContext>
         <v1:request>
            <ser:serviceChange>
               <ser:referenceFodFin>11223344</ser:referenceFodFin>
               <ser:initialService>
                  <!--Optional:-->
                  <com:technicalReference>1524</com:technicalReference>
                  <com:type>AAF</com:type>
                  <com:reference>reference</com:reference>
               </ser:initialService>
               <!--1 to 99 repetitions:-->
               <ser:transfer>
                  <ser:serviceName>CIRB</ser:serviceName>
                  <ser:dateIn>${=new java.text.SimpleDateFormat("yyyy-MM-dd").format(new Date())}</ser:dateIn>
                  <!--Optional:-->
                  <ser:dateOut>${=new java.text.SimpleDateFormat("yyyy-MM-dd").format(new Date())}</ser:dateOut>
                  <ser:official>
                     <ser:firstName>jean</ser:firstName>
                     <ser:lastName>baptist</ser:lastName>
                     <ser:phoneNumber>0452363621</ser:phoneNumber>
                     <ser:email>cisyapan@cirb.brussels</ser:email>
                  </ser:official>
               </ser:transfer>
            </ser:serviceChange>
         </v1:request>
      </v1:serviceChangeRequest>
   </soapenv:Body>
</soapenv:Envelope>]]></con:request><con:assertion type="SOAP Fault Assertion" id="2140eec3-6adb-4735-ad5a-bc7c3b7252ba" name="Not SOAP Fault"/><con:assertion type="SOAP Response" id="e7d7525d-a13b-4eee-98ad-bb84d729a620" name="SOAP Response"/><con:assertion type="Schema Compliance" id="93a6ede2-00db-4ef4-bef9-0d0897a6b57a" name="Schema Compliance"><con:configuration/></con:assertion><con:wsaConfig action="http://fidus.brussels/services/exportfromregondesservice/serviceChange"/></con:request></con:config></con:testStep><con:testStep type="request" id="285777e7-6e21-455b-a321-1c0f7bfed0e4" name="testcase3 - Test - External - Request"><con:settings/><con:config xsi:type="con:RequestStep" xmlns:xsi="http://www.w3.org/2001/XMLSchema-instance"><con:interface>ExportFromRegondesServiceHTTPBinding</con:interface><con:operation>serviceChange</con:operation><con:request name="testcase3 - Test - External - Request" id="21a1f8ba-acc4-45a7-9dcf-dcc497f854fb" outgoingWss="Outflow TEST"><con:settings/><con:encoding>UTF-8</con:encoding><con:endpoint>https://fidus-test.irisnetlab.be/services/ExportFromRegondesService_v1.0</con:endpoint><con:request><![CDATA[<soapenv:Envelope xmlns:soapenv="http://schemas.xmlsoap.org/soap/envelope/" xmlns:v1="http://fidus.brussels/service/exportfromregondesservice/messages/v1" xmlns:v11="http://fidus.brussels/type/common/messages/v1" xmlns:ser="http://www.minfin.fgov.be/regondes2/extern/taxservice/exports/serviceChanged" xmlns:com="http://www.minfin.fgov.be/regondes2/extern/taxservice/common">
   <soapenv:Header/>
   <soapenv:Body>
      <v1:serviceChangeRequest>
         <v1:messageContext>
            <v11:messageId>${=import static java.util.UUID.randomUUID; uuid = randomUUID() as String}</v11:messageId>
            <!--Optional:-->
            <v11:timestamp>${=new java.text.SimpleDateFormat("yyyy-MM-dd'T'HH:mm:ss.SSS").format(new Date())}</v11:timestamp>
         </v1:messageContext>
         <v1:legalContext>ServiceIntegrator</v1:legalContext>
         <v1:request>
            <ser:serviceChange>
               <ser:referenceFodFin>11223344</ser:referenceFodFin>
               <ser:initialService>
                  <!--Optional:-->
                  <com:technicalReference>1524</com:technicalReference>
                  <com:type>AAF</com:type>
                  <com:reference>reference</com:reference>
               </ser:initialService>
               <!--1 to 99 repetitions:-->
               <ser:transfer>
                  <ser:serviceName>CIRB</ser:serviceName>
                  <ser:dateIn>${=new java.text.SimpleDateFormat("yyyy-MM-dd").format(new Date())}</ser:dateIn>
                  <!--Optional:-->
                  <ser:dateOut>${=new java.text.SimpleDateFormat("yyyy-MM-dd").format(new Date())}</ser:dateOut>
                  <ser:official>
                     <ser:firstName>jean</ser:firstName>
                     <ser:lastName>baptist</ser:lastName>
                     <ser:phoneNumber>0452363621</ser:phoneNumber>
                     <ser:email>cisyapan@cirb.brussels</ser:email>
                  </ser:official>
               </ser:transfer>
            </ser:serviceChange>
         </v1:request>
      </v1:serviceChangeRequest>
   </soapenv:Body>
</soapenv:Envelope>]]></con:request><con:assertion type="SOAP Fault Assertion" id="d9cee978-8b6a-4266-8004-4692fa5ddfc5" name="Not SOAP Fault"/><con:assertion type="SOAP Response" id="df9d6148-7959-475e-8844-b14b555d6cca" name="SOAP Response"/><con:assertion type="Schema Compliance" id="38b2774c-24ec-4366-9419-463c60a50c86" name="Schema Compliance"><con:configuration/></con:assertion><con:wsaConfig action="http://fidus.brussels/services/exportfromregondesservice/serviceChange"/></con:request></con:config></con:testStep><con:properties/></con:testCase><con:properties/></con:testSuite><con:testSuite id="83db68dd-d732-4048-b14a-4ef0617b9951" name="STAG"><con:settings/><con:runType>SEQUENTIAL</con:runType><con:testCase id="4aed0bd1-ae88-4562-86d5-872f179e3685" failOnError="true" failTestCaseOnErrors="true" keepSession="false" maxResults="0" name="closedDossier" searchProperties="true"><con:settings/><con:testStep type="request" id="40622388-f2f8-4588-9ec5-029f1f9317b4" name="testcase4 - Staging - LB - Request"><con:settings/><con:config xsi:type="con:RequestStep" xmlns:xsi="http://www.w3.org/2001/XMLSchema-instance"><con:interface>ExportFromRegondesServiceHTTPBinding</con:interface><con:operation>closedDossier</con:operation><con:request name="testcase4 - Staging - LB - Request" id="41e8cc22-d06c-4980-b5f0-f9bec2a9e7b3" outgoingWss="Outflow STAG"><con:settings/><con:encoding>UTF-8</con:encoding><con:endpoint>https://fidus-esb-sg.sta.srv.cirb.lan:8443/services/ExportFromRegondesService_v1.0</con:endpoint><con:request><![CDATA[<soapenv:Envelope xmlns:soapenv="http://schemas.xmlsoap.org/soap/envelope/" xmlns:v1="http://fidus.brussels/service/exportfromregondesservice/messages/v1" xmlns:v11="http://fidus.brussels/type/common/messages/v1" xmlns:clos="http://www.minfin.fgov.be/regondes2/extern/taxservice/exports/closedDossiers" xmlns:com="http://www.minfin.fgov.be/regondes2/extern/taxservice/common">
   <soapenv:Header/>
   <soapenv:Body>
      <v1:closedDossierRequest>
         <v1:messageContext>
            <v11:messageId>${=import static java.util.UUID.randomUUID; uuid = randomUUID() as String}</v11:messageId>
            <v11:timestamp>${=new java.text.SimpleDateFormat("yyyy-MM-dd'T'HH:mm:ss.SSS").format(new Date())}</v11:timestamp>
         </v1:messageContext>
         <v1:legalContext>ServiceIntegrator</v1:legalContext>
         <v1:request>
            <clos:closedDossier> 
               <clos:referenceFodFin>11223344</clos:referenceFodFin>
               <clos:fiscalYear>2017</clos:fiscalYear>
               <clos:initialService>
                  <com:technicalReference>technicalReference</com:technicalReference>
                  <com:type>AAF</com:type>
                  <clos:reference>reference</clos:reference>
               </clos:initialService>
               <clos:patrimonyInformation>
                  <clos:typeDossier>AA</clos:typeDossier>
                  <clos:patrimonyFrom>${=new java.text.SimpleDateFormat("yyyy-MM-dd").format(new Date())}</clos:patrimonyFrom>
                  <clos:patrimonyRef>1</clos:patrimonyRef>
                  <clos:cadastralDivisionCode>YYY</clos:cadastralDivisionCode>
                  <clos:articleNumber>51</clos:articleNumber>
               </clos:patrimonyInformation>
               <clos:report>
                  <clos:type>S</clos:type>
                  <clos:subtype>subtype</clos:subtype>
                  <clos:kind>INITIAL</clos:kind>
                  <clos:cadastralIncome>
                     <com:codeCadastralIncome>a</com:codeCadastralIncome>
                     <com:definitiveCadastralIncome>12</com:definitiveCadastralIncome>
                     <com:dateDefinitive>${=new java.text.SimpleDateFormat("yyyy-MM-dd").format(new Date())}</com:dateDefinitive>
                     <com:reasonDefinitive>my reason</com:reasonDefinitive>
                  </clos:cadastralIncome>
                  <clos:date>${=new java.text.SimpleDateFormat("yyyy-MM-dd").format(new Date())}</clos:date>
                  <clos:motivation>No motivation</clos:motivation>
                  <!--0 to 99 repetitions:-->
                  <clos:newState>
                     <!--1 to 999 repetitions:-->
                     <clos:parcel>
                        <clos:parcelNumber>
                           <clos:section>55254</clos:section>
                           <clos:groundNumber>9555</clos:groundNumber>
                           <clos:bisNumber>2525</clos:bisNumber>
                           <clos:exponent>1414</clos:exponent>
                           <clos:power>me</clos:power>
                           <clos:part>4</clos:part>
                        </clos:parcelNumber>
                        <clos:situation>invalid</clos:situation>
                        <clos:kind>no</clos:kind>
                        <clos:details>test</clos:details>
                        <!--You have a CHOICE of the next 2 items at this level-->
                        <clos:articleNumber>1141</clos:articleNumber>
                        <clos:sequenceNumber>3215</clos:sequenceNumber>
                        <!--0 to 99 repetitions:-->
                        <clos:cadastralInformation>
                           <clos:codeCadastralIncome>12</clos:codeCadastralIncome>
                           <clos:cadastralIncome>12</clos:cadastralIncome>
                           <clos:cadastralIncomePart>42</clos:cadastralIncomePart>
                           <clos:exemption>52</clos:exemption>
                           <clos:daysUnfruitful>5</clos:daysUnfruitful>
                        </clos:cadastralInformation>
                     </clos:parcel>
                     <!--1 to 999 repetitions:-->
                     <clos:owner>
                        <!--You have a CHOICE of the next 2 items at this level-->
                        <clos:person>
                           <!--You have a CHOICE of the next 3 items at this level-->
                           <clos:socialSecurityNumber>125</clos:socialSecurityNumber>
                           <clos:lastname>baptiste</clos:lastname>
                        </clos:person>
                        <clos:rights>Admin</clos:rights>
                        <clos:ownerType>LEGAL_PERSON</clos:ownerType>
                     </clos:owner>
                  </clos:newState>
               </clos:report>
               <!--0 to 99 repetitions:-->
               <clos:linkedDossier>
                  <clos:referenceInitialService>referenceInitialService</clos:referenceInitialService>
                  <clos:referenceFodFin>15</clos:referenceFodFin>
               </clos:linkedDossier>
               <!--0 to 99 repetitions:-->
               <clos:attachment>
                  <com:fileName>cirb</com:fileName>
                  <com:data>    1234   </com:data>
               </clos:attachment>
            </clos:closedDossier>
         </v1:request>
      </v1:closedDossierRequest>
   </soapenv:Body>
</soapenv:Envelope>]]></con:request><con:assertion type="SOAP Fault Assertion" id="48691c39-923b-4c60-a835-b761d6b4d524" name="Not SOAP Fault"/><con:assertion type="SOAP Response" id="70f89380-8eec-47e6-8bd1-8d9789d351f8" name="SOAP Response"/><con:assertion type="Schema Compliance" id="feb574db-87a6-4e17-8ea1-2c0441eb5750" name="Schema Compliance"><con:configuration/></con:assertion><con:wsaConfig action="http://fidus.brussels/services/exportfromregondesservice/closedDossier"/></con:request></con:config></con:testStep><con:testStep type="request" id="0be492e8-baa5-41e2-81ee-ba11098be168" name="testcase4 - Staging - Worker1 - Request"><con:settings/><con:config xsi:type="con:RequestStep" xmlns:xsi="http://www.w3.org/2001/XMLSchema-instance"><con:interface>ExportFromRegondesServiceHTTPBinding</con:interface><con:operation>closedDossier</con:operation><con:request name="testcase4 - Staging - Worker1 - Request" id="e804df70-eabd-48df-9af0-d96a1c58eea0" outgoingWss="Outflow STAG"><con:settings/><con:encoding>UTF-8</con:encoding><con:endpoint>https://192.168.24.16:8443/services/ExportFromRegondesService_v1.0</con:endpoint><con:request><![CDATA[<soapenv:Envelope xmlns:soapenv="http://schemas.xmlsoap.org/soap/envelope/" xmlns:v1="http://fidus.brussels/service/exportfromregondesservice/messages/v1" xmlns:v11="http://fidus.brussels/type/common/messages/v1" xmlns:clos="http://www.minfin.fgov.be/regondes2/extern/taxservice/exports/closedDossiers" xmlns:com="http://www.minfin.fgov.be/regondes2/extern/taxservice/common">
   <soapenv:Header/>
   <soapenv:Body>
      <v1:closedDossierRequest>
         <v1:messageContext>
            <v11:messageId>${=import static java.util.UUID.randomUUID; uuid = randomUUID() as String}</v11:messageId>
            <v11:timestamp>${=new java.text.SimpleDateFormat("yyyy-MM-dd'T'HH:mm:ss.SSS").format(new Date())}</v11:timestamp>
         </v1:messageContext>
         <v1:legalContext>ServiceIntegrator</v1:legalContext>
         <v1:request>
            <clos:closedDossier> 
               <clos:referenceFodFin>11223344</clos:referenceFodFin>
               <clos:fiscalYear>2017</clos:fiscalYear>
               <clos:initialService>
                  <com:technicalReference>technicalReference</com:technicalReference>
                  <com:type>AAF</com:type>
                  <clos:reference>reference</clos:reference>
               </clos:initialService>
               <clos:patrimonyInformation>
                  <clos:typeDossier>AA</clos:typeDossier>
                  <clos:patrimonyFrom>${=new java.text.SimpleDateFormat("yyyy-MM-dd").format(new Date())}</clos:patrimonyFrom>
                  <clos:patrimonyRef>1</clos:patrimonyRef>
                  <clos:cadastralDivisionCode>YYY</clos:cadastralDivisionCode>
                  <clos:articleNumber>51</clos:articleNumber>
               </clos:patrimonyInformation>
               <clos:report>
                  <clos:type>S</clos:type>
                  <clos:subtype>subtype</clos:subtype>
                  <clos:kind>INITIAL</clos:kind>
                  <clos:cadastralIncome>
                     <com:codeCadastralIncome>a</com:codeCadastralIncome>
                     <com:definitiveCadastralIncome>12</com:definitiveCadastralIncome>
                     <com:dateDefinitive>${=new java.text.SimpleDateFormat("yyyy-MM-dd").format(new Date())}</com:dateDefinitive>
                     <com:reasonDefinitive>my reason</com:reasonDefinitive>
                  </clos:cadastralIncome>
                  <clos:date>${=new java.text.SimpleDateFormat("yyyy-MM-dd").format(new Date())}</clos:date>
                  <clos:motivation>No motivation</clos:motivation>
                  <!--0 to 99 repetitions:-->
                  <clos:newState>
                     <!--1 to 999 repetitions:-->
                     <clos:parcel>
                        <clos:parcelNumber>
                           <clos:section>55254</clos:section>
                           <clos:groundNumber>9555</clos:groundNumber>
                           <clos:bisNumber>2525</clos:bisNumber>
                           <clos:exponent>1414</clos:exponent>
                           <clos:power>me</clos:power>
                           <clos:part>4</clos:part>
                        </clos:parcelNumber>
                        <clos:situation>invalid</clos:situation>
                        <clos:kind>no</clos:kind>
                        <clos:details>test</clos:details>
                        <!--You have a CHOICE of the next 2 items at this level-->
                        <clos:articleNumber>1141</clos:articleNumber>
                        <clos:sequenceNumber>3215</clos:sequenceNumber>
                        <!--0 to 99 repetitions:-->
                        <clos:cadastralInformation>
                           <clos:codeCadastralIncome>12</clos:codeCadastralIncome>
                           <clos:cadastralIncome>12</clos:cadastralIncome>
                           <clos:cadastralIncomePart>42</clos:cadastralIncomePart>
                           <clos:exemption>52</clos:exemption>
                           <clos:daysUnfruitful>5</clos:daysUnfruitful>
                        </clos:cadastralInformation>
                     </clos:parcel>
                     <!--1 to 999 repetitions:-->
                     <clos:owner>
                        <!--You have a CHOICE of the next 2 items at this level-->
                        <clos:person>
                           <!--You have a CHOICE of the next 3 items at this level-->
                           <clos:socialSecurityNumber>125</clos:socialSecurityNumber>
                           <clos:lastname>baptiste</clos:lastname>
                        </clos:person>
                        <clos:rights>Admin</clos:rights>
                        <clos:ownerType>LEGAL_PERSON</clos:ownerType>
                     </clos:owner>
                  </clos:newState>
               </clos:report>
               <!--0 to 99 repetitions:-->
               <clos:linkedDossier>
                  <clos:referenceInitialService>referenceInitialService</clos:referenceInitialService>
                  <clos:referenceFodFin>15</clos:referenceFodFin>
               </clos:linkedDossier>
               <!--0 to 99 repetitions:-->
               <clos:attachment>
                  <com:fileName>cirb</com:fileName>
                  <com:data>    1234   </com:data>
               </clos:attachment>
            </clos:closedDossier>
         </v1:request>
      </v1:closedDossierRequest>
   </soapenv:Body>
</soapenv:Envelope>]]></con:request><con:assertion type="SOAP Fault Assertion" id="b26fc391-afef-46ed-8400-c5f6623418d4" name="Not SOAP Fault"/><con:assertion type="SOAP Response" id="88df4f74-e1d9-45b2-a835-ef9116f4691f" name="SOAP Response"/><con:assertion type="Schema Compliance" id="12cf675d-56e8-46a0-bee2-b552155a427e" name="Schema Compliance"><con:configuration/></con:assertion><con:wsaConfig action="http://fidus.brussels/services/exportfromregondesservice/closedDossier"/></con:request></con:config></con:testStep><con:testStep type="request" id="bc364fe0-3119-4928-8ca8-6f3d8d5d3f13" name="testcase4 - Staging - Worker2 - Request"><con:settings/><con:config xsi:type="con:RequestStep" xmlns:xsi="http://www.w3.org/2001/XMLSchema-instance"><con:interface>ExportFromRegondesServiceHTTPBinding</con:interface><con:operation>closedDossier</con:operation><con:request name="testcase4 - Staging - Worker2 - Request" id="8cd898e4-e643-48f3-8549-9a798232ba3a" outgoingWss="Outflow STAG"><con:settings/><con:encoding>UTF-8</con:encoding><con:endpoint>https://192.168.24.17:8443/services/ExportFromRegondesService_v1.0</con:endpoint><con:request><![CDATA[<soapenv:Envelope xmlns:soapenv="http://schemas.xmlsoap.org/soap/envelope/" xmlns:v1="http://fidus.brussels/service/exportfromregondesservice/messages/v1" xmlns:v11="http://fidus.brussels/type/common/messages/v1" xmlns:clos="http://www.minfin.fgov.be/regondes2/extern/taxservice/exports/closedDossiers" xmlns:com="http://www.minfin.fgov.be/regondes2/extern/taxservice/common">
   <soapenv:Header/>
   <soapenv:Body>
      <v1:closedDossierRequest>
         <v1:messageContext>
            <v11:messageId>${=import static java.util.UUID.randomUUID; uuid = randomUUID() as String}</v11:messageId>
            <v11:timestamp>${=new java.text.SimpleDateFormat("yyyy-MM-dd'T'HH:mm:ss.SSS").format(new Date())}</v11:timestamp>
         </v1:messageContext>
         <v1:legalContext>ServiceIntegrator</v1:legalContext>
         <v1:request>
            <clos:closedDossier> 
               <clos:referenceFodFin>11223344</clos:referenceFodFin>
               <clos:fiscalYear>2017</clos:fiscalYear>
               <clos:initialService>
                  <com:technicalReference>technicalReference</com:technicalReference>
                  <com:type>AAF</com:type>
                  <clos:reference>reference</clos:reference>
               </clos:initialService>
               <clos:patrimonyInformation>
                  <clos:typeDossier>AA</clos:typeDossier>
                  <clos:patrimonyFrom>${=new java.text.SimpleDateFormat("yyyy-MM-dd").format(new Date())}</clos:patrimonyFrom>
                  <clos:patrimonyRef>1</clos:patrimonyRef>
                  <clos:cadastralDivisionCode>YYY</clos:cadastralDivisionCode>
                  <clos:articleNumber>51</clos:articleNumber>
               </clos:patrimonyInformation>
               <clos:report>
                  <clos:type>S</clos:type>
                  <clos:subtype>subtype</clos:subtype>
                  <clos:kind>INITIAL</clos:kind>
                  <clos:cadastralIncome>
                     <com:codeCadastralIncome>a</com:codeCadastralIncome>
                     <com:definitiveCadastralIncome>12</com:definitiveCadastralIncome>
                     <com:dateDefinitive>${=new java.text.SimpleDateFormat("yyyy-MM-dd").format(new Date())}</com:dateDefinitive>
                     <com:reasonDefinitive>my reason</com:reasonDefinitive>
                  </clos:cadastralIncome>
                  <clos:date>${=new java.text.SimpleDateFormat("yyyy-MM-dd").format(new Date())}</clos:date>
                  <clos:motivation>No motivation</clos:motivation>
                  <!--0 to 99 repetitions:-->
                  <clos:newState>
                     <!--1 to 999 repetitions:-->
                     <clos:parcel>
                        <clos:parcelNumber>
                           <clos:section>55254</clos:section>
                           <clos:groundNumber>9555</clos:groundNumber>
                           <clos:bisNumber>2525</clos:bisNumber>
                           <clos:exponent>1414</clos:exponent>
                           <clos:power>me</clos:power>
                           <clos:part>4</clos:part>
                        </clos:parcelNumber>
                        <clos:situation>invalid</clos:situation>
                        <clos:kind>no</clos:kind>
                        <clos:details>test</clos:details>
                        <!--You have a CHOICE of the next 2 items at this level-->
                        <clos:articleNumber>1141</clos:articleNumber>
                        <clos:sequenceNumber>3215</clos:sequenceNumber>
                        <!--0 to 99 repetitions:-->
                        <clos:cadastralInformation>
                           <clos:codeCadastralIncome>12</clos:codeCadastralIncome>
                           <clos:cadastralIncome>12</clos:cadastralIncome>
                           <clos:cadastralIncomePart>42</clos:cadastralIncomePart>
                           <clos:exemption>52</clos:exemption>
                           <clos:daysUnfruitful>5</clos:daysUnfruitful>
                        </clos:cadastralInformation>
                     </clos:parcel>
                     <!--1 to 999 repetitions:-->
                     <clos:owner>
                        <!--You have a CHOICE of the next 2 items at this level-->
                        <clos:person>
                           <!--You have a CHOICE of the next 3 items at this level-->
                           <clos:socialSecurityNumber>125</clos:socialSecurityNumber>
                           <clos:lastname>baptiste</clos:lastname>
                        </clos:person>
                        <clos:rights>Admin</clos:rights>
                        <clos:ownerType>LEGAL_PERSON</clos:ownerType>
                     </clos:owner>
                  </clos:newState>
               </clos:report>
               <!--0 to 99 repetitions:-->
               <clos:linkedDossier>
                  <clos:referenceInitialService>referenceInitialService</clos:referenceInitialService>
                  <clos:referenceFodFin>15</clos:referenceFodFin>
               </clos:linkedDossier>
               <!--0 to 99 repetitions:-->
               <clos:attachment>
                  <com:fileName>cirb</com:fileName>
                  <com:data>    1234   </com:data>
               </clos:attachment>
            </clos:closedDossier>
         </v1:request>
      </v1:closedDossierRequest>
   </soapenv:Body>
</soapenv:Envelope>]]></con:request><con:assertion type="SOAP Fault Assertion" id="1ca82c16-cc8d-467e-8490-1b3344239908" name="Not SOAP Fault"/><con:assertion type="SOAP Response" id="ac214f4b-e3c8-49b8-add4-ca458824f231" name="SOAP Response"/><con:assertion type="Schema Compliance" id="5c9ebaf8-7aca-4f81-b039-ba207d0af6df" name="Schema Compliance"><con:configuration/></con:assertion><con:wsaConfig action="http://fidus.brussels/services/exportfromregondesservice/closedDossier"/></con:request></con:config></con:testStep><con:testStep type="request" id="dd2e012b-e0d7-4fb6-854c-4cf5c65659f1" name="testcase4 - Staging - External - Request"><con:settings/><con:config xsi:type="con:RequestStep" xmlns:xsi="http://www.w3.org/2001/XMLSchema-instance"><con:interface>ExportFromRegondesServiceHTTPBinding</con:interface><con:operation>closedDossier</con:operation><con:request name="testcase4 - Staging - External - Request" id="d46d7973-ebc6-4917-9c95-923d73f93992" outgoingWss="Outflow STAG"><con:settings/><con:encoding>UTF-8</con:encoding><con:endpoint>https://fidus.irisnetlab.be/services/ExportFromRegondesService_v1.0</con:endpoint><con:request><![CDATA[<soapenv:Envelope xmlns:soapenv="http://schemas.xmlsoap.org/soap/envelope/" xmlns:v1="http://fidus.brussels/service/exportfromregondesservice/messages/v1" xmlns:v11="http://fidus.brussels/type/common/messages/v1" xmlns:clos="http://www.minfin.fgov.be/regondes2/extern/taxservice/exports/closedDossiers" xmlns:com="http://www.minfin.fgov.be/regondes2/extern/taxservice/common">
   <soapenv:Header/>
   <soapenv:Body>
      <v1:closedDossierRequest>
         <v1:messageContext>
            <v11:messageId>${=import static java.util.UUID.randomUUID; uuid = randomUUID() as String}</v11:messageId>
            <v11:timestamp>${=new java.text.SimpleDateFormat("yyyy-MM-dd'T'HH:mm:ss.SSS").format(new Date())}</v11:timestamp>
         </v1:messageContext>
         <v1:legalContext>ServiceIntegrator</v1:legalContext>
         <v1:request>
            <clos:closedDossier> 
               <clos:referenceFodFin>11223344</clos:referenceFodFin>
               <clos:fiscalYear>2017</clos:fiscalYear>
               <clos:initialService>
                  <com:technicalReference>technicalReference</com:technicalReference>
                  <com:type>AAF</com:type>
                  <clos:reference>reference</clos:reference>
               </clos:initialService>
               <clos:patrimonyInformation>
                  <clos:typeDossier>AA</clos:typeDossier>
                  <clos:patrimonyFrom>${=new java.text.SimpleDateFormat("yyyy-MM-dd").format(new Date())}</clos:patrimonyFrom>
                  <clos:patrimonyRef>1</clos:patrimonyRef>
                  <clos:cadastralDivisionCode>YYY</clos:cadastralDivisionCode>
                  <clos:articleNumber>51</clos:articleNumber>
               </clos:patrimonyInformation>
               <clos:report>
                  <clos:type>S</clos:type>
                  <clos:subtype>subtype</clos:subtype>
                  <clos:kind>INITIAL</clos:kind>
                  <clos:cadastralIncome>
                     <com:codeCadastralIncome>a</com:codeCadastralIncome>
                     <com:definitiveCadastralIncome>12</com:definitiveCadastralIncome>
                     <com:dateDefinitive>${=new java.text.SimpleDateFormat("yyyy-MM-dd").format(new Date())}</com:dateDefinitive>
                     <com:reasonDefinitive>my reason</com:reasonDefinitive>
                  </clos:cadastralIncome>
                  <clos:date>${=new java.text.SimpleDateFormat("yyyy-MM-dd").format(new Date())}</clos:date>
                  <clos:motivation>No motivation</clos:motivation>
                  <!--0 to 99 repetitions:-->
                  <clos:newState>
                     <!--1 to 999 repetitions:-->
                     <clos:parcel>
                        <clos:parcelNumber>
                           <clos:section>55254</clos:section>
                           <clos:groundNumber>9555</clos:groundNumber>
                           <clos:bisNumber>2525</clos:bisNumber>
                           <clos:exponent>1414</clos:exponent>
                           <clos:power>me</clos:power>
                           <clos:part>4</clos:part>
                        </clos:parcelNumber>
                        <clos:situation>invalid</clos:situation>
                        <clos:kind>no</clos:kind>
                        <clos:details>test</clos:details>
                        <!--You have a CHOICE of the next 2 items at this level-->
                        <clos:articleNumber>1141</clos:articleNumber>
                        <clos:sequenceNumber>3215</clos:sequenceNumber>
                        <!--0 to 99 repetitions:-->
                        <clos:cadastralInformation>
                           <clos:codeCadastralIncome>12</clos:codeCadastralIncome>
                           <clos:cadastralIncome>12</clos:cadastralIncome>
                           <clos:cadastralIncomePart>42</clos:cadastralIncomePart>
                           <clos:exemption>52</clos:exemption>
                           <clos:daysUnfruitful>5</clos:daysUnfruitful>
                        </clos:cadastralInformation>
                     </clos:parcel>
                     <!--1 to 999 repetitions:-->
                     <clos:owner>
                        <!--You have a CHOICE of the next 2 items at this level-->
                        <clos:person>
                           <!--You have a CHOICE of the next 3 items at this level-->
                           <clos:socialSecurityNumber>125</clos:socialSecurityNumber>
                           <clos:lastname>baptiste</clos:lastname>
                        </clos:person>
                        <clos:rights>Admin</clos:rights>
                        <clos:ownerType>LEGAL_PERSON</clos:ownerType>
                     </clos:owner>
                  </clos:newState>
               </clos:report>
               <!--0 to 99 repetitions:-->
               <clos:linkedDossier>
                  <clos:referenceInitialService>referenceInitialService</clos:referenceInitialService>
                  <clos:referenceFodFin>15</clos:referenceFodFin>
               </clos:linkedDossier>
               <!--0 to 99 repetitions:-->
               <clos:attachment>
                  <com:fileName>cirb</com:fileName>
                  <com:data>    1234   </com:data>
               </clos:attachment>
            </clos:closedDossier>
         </v1:request>
      </v1:closedDossierRequest>
   </soapenv:Body>
</soapenv:Envelope>]]></con:request><con:assertion type="SOAP Fault Assertion" id="d6dbeabe-e637-4999-a1c0-8fba35f67ed0" name="Not SOAP Fault"/><con:assertion type="SOAP Response" id="17f1b8ed-fb65-47b6-9057-f16187e99fa8" name="SOAP Response"/><con:assertion type="Schema Compliance" id="140b3490-caa1-4145-a0c9-0dada73a47a3" name="Schema Compliance"><con:configuration/></con:assertion><con:wsaConfig action="http://fidus.brussels/services/exportfromregondesservice/closedDossier"/></con:request></con:config></con:testStep><con:properties/></con:testCase><con:testCase id="3fdc361e-6933-4aba-ad03-a30e92e7078b" failOnError="true" failTestCaseOnErrors="true" keepSession="false" maxResults="0" name="postponedDossier" searchProperties="true"><con:settings/><con:testStep type="request" id="9a68c1ba-9186-45f8-8e94-40ce63de4adf" name="testcase4 - Staging - LB - Request"><con:settings/><con:config xsi:type="con:RequestStep" xmlns:xsi="http://www.w3.org/2001/XMLSchema-instance"><con:interface>ExportFromRegondesServiceHTTPBinding</con:interface><con:operation>postponedDossier</con:operation><con:request name="testcase4 - Staging - LB - Request" id="02739a14-1036-4f8d-a454-0acd91ddc66e" outgoingWss="Outflow STAG"><con:settings/><con:encoding>UTF-8</con:encoding><con:endpoint>https://fidus-esb-sg.sta.srv.cirb.lan:8443/services/ExportFromRegondesService_v1.0</con:endpoint><con:request><![CDATA[<soapenv:Envelope xmlns:soapenv="http://schemas.xmlsoap.org/soap/envelope/" xmlns:v1="http://fidus.brussels/service/exportfromregondesservice/messages/v1" xmlns:v11="http://fidus.brussels/type/common/messages/v1" xmlns:pos="http://www.minfin.fgov.be/regondes2/extern/taxservice/exports/postponedDossiers" xmlns:com="http://www.minfin.fgov.be/regondes2/extern/taxservice/common">
   <soapenv:Header/>
   <soapenv:Body>
      <v1:postponedDossierRequest>
         <v1:messageContext>
            <v11:messageId>${=import static java.util.UUID.randomUUID; uuid = randomUUID() as String}</v11:messageId>
            <!--Optional:-->
            <v11:timestamp>${=new java.text.SimpleDateFormat("yyyy-MM-dd'T'HH:mm:ss.SSS").format(new Date())}</v11:timestamp>
         </v1:messageContext>
         <v1:legalContext>ServiceIntegrator</v1:legalContext>
         <v1:request>
            <pos:postponedDossier>
               <pos:referenceFodFin>11223344</pos:referenceFodFin>
               <pos:initialService>
                  <!--Optional:-->
                  <com:technicalReference>technicalReference</com:technicalReference>
                  <com:type>AAF</com:type>
                  <com:reference>reference</com:reference>
               </pos:initialService>
               <pos:postponement>
                  <pos:datePostponement>${=new java.text.SimpleDateFormat("yyyy-MM-dd").format(new Date())}</pos:datePostponement>
                  <pos:reasonPostponed>TEST</pos:reasonPostponed>
                  <pos:newTargetDate>${=new java.text.SimpleDateFormat("yyyy-MM-dd").format(new Date())}</pos:newTargetDate>
               </pos:postponement>
            </pos:postponedDossier>
         </v1:request>
      </v1:postponedDossierRequest>
   </soapenv:Body>
</soapenv:Envelope>]]></con:request><con:assertion type="SOAP Fault Assertion" id="e7d132b0-c28b-4abd-b5ff-a44d12bd79ef" name="Not SOAP Fault"/><con:assertion type="SOAP Response" id="61e30a7f-be47-4f54-83d7-2bba1185869f" name="SOAP Response"/><con:assertion type="Schema Compliance" id="016e68c6-9656-4e3b-9e63-8325bdc35379" name="Schema Compliance"><con:configuration/></con:assertion><con:wsaConfig action="http://fidus.brussels/services/exportfromregondesservice/postponedDossier"/></con:request></con:config></con:testStep><con:testStep type="request" id="346415b2-29f1-477e-88b6-1f0c4a2865e9" name="testcase4 - Staging - Worker1 - Request"><con:settings/><con:config xsi:type="con:RequestStep" xmlns:xsi="http://www.w3.org/2001/XMLSchema-instance"><con:interface>ExportFromRegondesServiceHTTPBinding</con:interface><con:operation>postponedDossier</con:operation><con:request name="testcase4 - Staging - Worker1 - Request" id="567e7c54-50d3-4c1f-83d4-3055e8049357" outgoingWss="Outflow STAG"><con:settings/><con:encoding>UTF-8</con:encoding><con:endpoint>https://192.168.24.16:8443/services/ExportFromRegondesService_v1.0</con:endpoint><con:request><![CDATA[<soapenv:Envelope xmlns:soapenv="http://schemas.xmlsoap.org/soap/envelope/" xmlns:v1="http://fidus.brussels/service/exportfromregondesservice/messages/v1" xmlns:v11="http://fidus.brussels/type/common/messages/v1" xmlns:pos="http://www.minfin.fgov.be/regondes2/extern/taxservice/exports/postponedDossiers" xmlns:com="http://www.minfin.fgov.be/regondes2/extern/taxservice/common">
   <soapenv:Header/>
   <soapenv:Body>
      <v1:postponedDossierRequest>
         <v1:messageContext>
            <v11:messageId>${=import static java.util.UUID.randomUUID; uuid = randomUUID() as String}</v11:messageId>
            <!--Optional:-->
            <v11:timestamp>${=new java.text.SimpleDateFormat("yyyy-MM-dd'T'HH:mm:ss.SSS").format(new Date())}</v11:timestamp>
         </v1:messageContext>
         <v1:legalContext>ServiceIntegrator</v1:legalContext>
         <v1:request>
            <pos:postponedDossier>
               <pos:referenceFodFin>11223344</pos:referenceFodFin>
               <pos:initialService>
                  <!--Optional:-->
                  <com:technicalReference>technicalReference</com:technicalReference>
                  <com:type>AAF</com:type>
                  <com:reference>reference</com:reference>
               </pos:initialService>
               <pos:postponement>
                  <pos:datePostponement>${=new java.text.SimpleDateFormat("yyyy-MM-dd").format(new Date())}</pos:datePostponement>
                  <pos:reasonPostponed>TEST</pos:reasonPostponed>
                  <pos:newTargetDate>${=new java.text.SimpleDateFormat("yyyy-MM-dd").format(new Date())}</pos:newTargetDate>
               </pos:postponement>
            </pos:postponedDossier>
         </v1:request>
      </v1:postponedDossierRequest>
   </soapenv:Body>
</soapenv:Envelope>]]></con:request><con:assertion type="SOAP Fault Assertion" id="b45dae1d-52af-4f5d-b290-62e4fc8d32e9" name="Not SOAP Fault"/><con:assertion type="SOAP Response" id="ed1cdbf6-3854-497a-b88f-954f68a2d591" name="SOAP Response"/><con:assertion type="Schema Compliance" id="9139df42-044f-467b-9f74-0c0edee2c194" name="Schema Compliance"><con:configuration/></con:assertion><con:wsaConfig action="http://fidus.brussels/services/exportfromregondesservice/postponedDossier"/></con:request></con:config></con:testStep><con:testStep type="request" id="78621478-8718-4e3a-830d-dea884a1f60b" name="testcase4 - Staging - worker2 - Request"><con:settings/><con:config xsi:type="con:RequestStep" xmlns:xsi="http://www.w3.org/2001/XMLSchema-instance"><con:interface>ExportFromRegondesServiceHTTPBinding</con:interface><con:operation>postponedDossier</con:operation><con:request name="testcase4 - Staging - worker2 - Request" id="648407b2-4f30-48e6-8379-85991c727f7a" outgoingWss="Outflow STAG"><con:settings/><con:encoding>UTF-8</con:encoding><con:endpoint>https://192.168.24.17:8443/services/ExportFromRegondesService_v1.0</con:endpoint><con:request><![CDATA[<soapenv:Envelope xmlns:soapenv="http://schemas.xmlsoap.org/soap/envelope/" xmlns:v1="http://fidus.brussels/service/exportfromregondesservice/messages/v1" xmlns:v11="http://fidus.brussels/type/common/messages/v1" xmlns:pos="http://www.minfin.fgov.be/regondes2/extern/taxservice/exports/postponedDossiers" xmlns:com="http://www.minfin.fgov.be/regondes2/extern/taxservice/common">
   <soapenv:Header/>
   <soapenv:Body>
      <v1:postponedDossierRequest>
         <v1:messageContext>
            <v11:messageId>${=import static java.util.UUID.randomUUID; uuid = randomUUID() as String}</v11:messageId>
            <!--Optional:-->
            <v11:timestamp>${=new java.text.SimpleDateFormat("yyyy-MM-dd'T'HH:mm:ss.SSS").format(new Date())}</v11:timestamp>
         </v1:messageContext>
         <v1:legalContext>ServiceIntegrator</v1:legalContext>
         <v1:request>
            <pos:postponedDossier>
               <pos:referenceFodFin>11223344</pos:referenceFodFin>
               <pos:initialService>
                  <!--Optional:-->
                  <com:technicalReference>technicalReference</com:technicalReference>
                  <com:type>AAF</com:type>
                  <com:reference>reference</com:reference>
               </pos:initialService>
               <pos:postponement>
                  <pos:datePostponement>${=new java.text.SimpleDateFormat("yyyy-MM-dd").format(new Date())}</pos:datePostponement>
                  <pos:reasonPostponed>TEST</pos:reasonPostponed>
                  <pos:newTargetDate>${=new java.text.SimpleDateFormat("yyyy-MM-dd").format(new Date())}</pos:newTargetDate>
               </pos:postponement>
            </pos:postponedDossier>
         </v1:request>
      </v1:postponedDossierRequest>
   </soapenv:Body>
</soapenv:Envelope>]]></con:request><con:assertion type="SOAP Fault Assertion" id="7ef15d17-bd58-4698-bf0e-f3a9416e1f81" name="Not SOAP Fault"/><con:assertion type="SOAP Response" id="f1b3a82d-8399-4e4f-a1c8-486eff32fdd4" name="SOAP Response"/><con:assertion type="Schema Compliance" id="981694cc-e1d0-4a6e-86f6-5d8a00f3c704" name="Schema Compliance"><con:configuration/></con:assertion><con:wsaConfig action="http://fidus.brussels/services/exportfromregondesservice/postponedDossier"/></con:request></con:config></con:testStep><con:testStep type="request" id="3a1484fe-4a07-4897-a185-f433664764c0" name="testcase4 - Staging - External - Request"><con:settings/><con:config xsi:type="con:RequestStep" xmlns:xsi="http://www.w3.org/2001/XMLSchema-instance"><con:interface>ExportFromRegondesServiceHTTPBinding</con:interface><con:operation>postponedDossier</con:operation><con:request name="testcase4 - Staging - External - Request" id="df9da6ae-71bf-4488-a4dc-1ce4c7e3ab59" outgoingWss="Outflow STAG"><con:settings/><con:encoding>UTF-8</con:encoding><con:endpoint>https://fidus.irisnetlab.be/services/ExportFromRegondesService_v1.0</con:endpoint><con:request><![CDATA[<soapenv:Envelope xmlns:soapenv="http://schemas.xmlsoap.org/soap/envelope/" xmlns:v1="http://fidus.brussels/service/exportfromregondesservice/messages/v1" xmlns:v11="http://fidus.brussels/type/common/messages/v1" xmlns:pos="http://www.minfin.fgov.be/regondes2/extern/taxservice/exports/postponedDossiers" xmlns:com="http://www.minfin.fgov.be/regondes2/extern/taxservice/common">
   <soapenv:Header/>
   <soapenv:Body>
      <v1:postponedDossierRequest>
         <v1:messageContext>
            <v11:messageId>${=import static java.util.UUID.randomUUID; uuid = randomUUID() as String}</v11:messageId>
            <!--Optional:-->
            <v11:timestamp>${=new java.text.SimpleDateFormat("yyyy-MM-dd'T'HH:mm:ss.SSS").format(new Date())}</v11:timestamp>
         </v1:messageContext>
         <v1:legalContext>ServiceIntegrator</v1:legalContext>
         <v1:request>
            <pos:postponedDossier>
               <pos:referenceFodFin>11223344</pos:referenceFodFin>
               <pos:initialService>
                  <!--Optional:-->
                  <com:technicalReference>technicalReference</com:technicalReference>
                  <com:type>AAF</com:type>
                  <com:reference>reference</com:reference>
               </pos:initialService>
               <pos:postponement>
                  <pos:datePostponement>${=new java.text.SimpleDateFormat("yyyy-MM-dd").format(new Date())}</pos:datePostponement>
                  <pos:reasonPostponed>TEST</pos:reasonPostponed>
                  <pos:newTargetDate>${=new java.text.SimpleDateFormat("yyyy-MM-dd").format(new Date())}</pos:newTargetDate>
               </pos:postponement>
            </pos:postponedDossier>
         </v1:request>
      </v1:postponedDossierRequest>
   </soapenv:Body>
</soapenv:Envelope>]]></con:request><con:assertion type="SOAP Fault Assertion" id="ae85c65e-1201-4723-b263-9951db3dd77b" name="Not SOAP Fault"/><con:assertion type="SOAP Response" id="e9ee7c46-76b0-4ed8-a7e5-6ea4860e29fe" name="SOAP Response"/><con:assertion type="Schema Compliance" id="f9496765-8136-461c-b0ac-acc59a9d8e6a" name="Schema Compliance"><con:configuration/></con:assertion><con:wsaConfig action="http://fidus.brussels/services/exportfromregondesservice/postponedDossier"/></con:request></con:config></con:testStep><con:properties/></con:testCase><con:testCase id="c46077e7-2b60-4e9b-9820-3d8da428f141" failOnError="true" failTestCaseOnErrors="true" keepSession="false" maxResults="0" name="serviceChange" searchProperties="true"><con:settings/><con:testStep type="request" id="775d3971-01ef-4aca-a97a-7f7042288a42" name="testcase4 - Staging - LB - Request"><con:settings/><con:config xsi:type="con:RequestStep" xmlns:xsi="http://www.w3.org/2001/XMLSchema-instance"><con:interface>ExportFromRegondesServiceHTTPBinding</con:interface><con:operation>serviceChange</con:operation><con:request name="testcase4 - Staging - LB - Request" id="4d854731-e31d-459d-8d22-a736a43035e7" outgoingWss="Outflow STAG"><con:settings/><con:encoding>UTF-8</con:encoding><con:endpoint>https://fidus-esb-sg.sta.srv.cirb.lan:8443/services/ExportFromRegondesService_v1.0</con:endpoint><con:request><![CDATA[<soapenv:Envelope xmlns:soapenv="http://schemas.xmlsoap.org/soap/envelope/" xmlns:v1="http://fidus.brussels/service/exportfromregondesservice/messages/v1" xmlns:v11="http://fidus.brussels/type/common/messages/v1" xmlns:ser="http://www.minfin.fgov.be/regondes2/extern/taxservice/exports/serviceChanged" xmlns:com="http://www.minfin.fgov.be/regondes2/extern/taxservice/common">
   <soapenv:Header/>
   <soapenv:Body>
      <v1:serviceChangeRequest>
         <v1:messageContext>
            <v11:messageId>${=import static java.util.UUID.randomUUID; uuid = randomUUID() as String}</v11:messageId>
            <!--Optional:-->
            <v11:timestamp>${=new java.text.SimpleDateFormat("yyyy-MM-dd'T'HH:mm:ss.SSS").format(new Date())}</v11:timestamp>
         </v1:messageContext>
         <v1:legalContext>ServiceIntegrator</v1:legalContext>
         <v1:request>
            <ser:serviceChange>
               <ser:referenceFodFin>11223344</ser:referenceFodFin>
               <ser:initialService>
                  <!--Optional:-->
                  <com:technicalReference>1524</com:technicalReference>
                  <com:type>AAF</com:type>
                  <com:reference>reference</com:reference>
               </ser:initialService>
               <!--1 to 99 repetitions:-->
               <ser:transfer>
                  <ser:serviceName>CIRB</ser:serviceName>
                  <ser:dateIn>${=new java.text.SimpleDateFormat("yyyy-MM-dd").format(new Date())}</ser:dateIn>
                  <!--Optional:-->
                  <ser:dateOut>${=new java.text.SimpleDateFormat("yyyy-MM-dd").format(new Date())}</ser:dateOut>
                  <ser:official>
                     <ser:firstName>jean</ser:firstName>
                     <ser:lastName>baptist</ser:lastName>
                     <ser:phoneNumber>0452363621</ser:phoneNumber>
                     <ser:email>cisyapan@cirb.brussels</ser:email>
                  </ser:official>
               </ser:transfer>
            </ser:serviceChange>
         </v1:request>
      </v1:serviceChangeRequest>
   </soapenv:Body>
</soapenv:Envelope>]]></con:request><con:assertion type="SOAP Fault Assertion" id="19c62829-2e35-4759-9954-557db88968eb" name="Not SOAP Fault"/><con:assertion type="SOAP Response" id="906f08be-62f6-46a4-80fc-001696d59632" name="SOAP Response"/><con:assertion type="Schema Compliance" id="a2f5244f-4198-45e6-93b8-c302f8619d25" name="Schema Compliance"><con:configuration/></con:assertion><con:wsaConfig action="http://fidus.brussels/services/exportfromregondesservice/serviceChange"/></con:request></con:config></con:testStep><con:testStep type="request" id="10da3f9e-a5b4-45bf-8ddf-27f6d8e21b85" name="testcase4 - Staging - Worker1 - Request"><con:settings/><con:config xsi:type="con:RequestStep" xmlns:xsi="http://www.w3.org/2001/XMLSchema-instance"><con:interface>ExportFromRegondesServiceHTTPBinding</con:interface><con:operation>serviceChange</con:operation><con:request name="testcase4 - Staging - Worker1 - Request" id="4d116537-7bbc-4941-8043-a04131f74776" outgoingWss="Outflow STAG"><con:settings/><con:encoding>UTF-8</con:encoding><con:endpoint>https://192.168.24.16:8443/services/ExportFromRegondesService_v1.0</con:endpoint><con:request><![CDATA[<soapenv:Envelope xmlns:soapenv="http://schemas.xmlsoap.org/soap/envelope/" xmlns:v1="http://fidus.brussels/service/exportfromregondesservice/messages/v1" xmlns:v11="http://fidus.brussels/type/common/messages/v1" xmlns:ser="http://www.minfin.fgov.be/regondes2/extern/taxservice/exports/serviceChanged" xmlns:com="http://www.minfin.fgov.be/regondes2/extern/taxservice/common">
   <soapenv:Header/>
   <soapenv:Body>
      <v1:serviceChangeRequest>
         <v1:messageContext>
            <v11:messageId>${=import static java.util.UUID.randomUUID; uuid = randomUUID() as String}</v11:messageId>
            <!--Optional:-->
            <v11:timestamp>${=new java.text.SimpleDateFormat("yyyy-MM-dd'T'HH:mm:ss.SSS").format(new Date())}</v11:timestamp>
         </v1:messageContext>
         <v1:legalContext>ServiceIntegrator</v1:legalContext>
         <v1:request>
            <ser:serviceChange>
               <ser:referenceFodFin>11223344</ser:referenceFodFin>
               <ser:initialService>
                  <!--Optional:-->
                  <com:technicalReference>1524</com:technicalReference>
                  <com:type>AAF</com:type>
                  <com:reference>reference</com:reference>
               </ser:initialService>
               <!--1 to 99 repetitions:-->
               <ser:transfer>
                  <ser:serviceName>CIRB</ser:serviceName>
                  <ser:dateIn>${=new java.text.SimpleDateFormat("yyyy-MM-dd").format(new Date())}</ser:dateIn>
                  <!--Optional:-->
                  <ser:dateOut>${=new java.text.SimpleDateFormat("yyyy-MM-dd").format(new Date())}</ser:dateOut>
                  <ser:official>
                     <ser:firstName>jean</ser:firstName>
                     <ser:lastName>baptist</ser:lastName>
                     <ser:phoneNumber>0452363621</ser:phoneNumber>
                     <ser:email>cisyapan@cirb.brussels</ser:email>
                  </ser:official>
               </ser:transfer>
            </ser:serviceChange>
         </v1:request>
      </v1:serviceChangeRequest>
   </soapenv:Body>
</soapenv:Envelope>]]></con:request><con:assertion type="SOAP Fault Assertion" id="ba1991d3-dfac-48f8-9a13-c407aec339cf" name="Not SOAP Fault"/><con:assertion type="SOAP Response" id="f7429d30-b068-4330-a51c-79032ff6685a" name="SOAP Response"/><con:assertion type="Schema Compliance" id="0e1e0f36-6f98-401e-8e9c-c967f79a7aa0" name="Schema Compliance"><con:configuration/></con:assertion><con:wsaConfig action="http://fidus.brussels/services/exportfromregondesservice/serviceChange"/></con:request></con:config></con:testStep><con:testStep type="request" id="1c5db132-6085-4252-be89-4f486f76ff6c" name="testcase4 - Staging - Worker2 - Request"><con:settings/><con:config xsi:type="con:RequestStep" xmlns:xsi="http://www.w3.org/2001/XMLSchema-instance"><con:interface>ExportFromRegondesServiceHTTPBinding</con:interface><con:operation>serviceChange</con:operation><con:request name="testcase4 - Staging - Worker2 - Request" id="92fd7380-ae71-4f92-8549-646e08bf428e" outgoingWss="Outflow STAG"><con:settings/><con:encoding>UTF-8</con:encoding><con:endpoint>https://192.168.24.17:8443/services/ExportFromRegondesService_v1.0</con:endpoint><con:request><![CDATA[<soapenv:Envelope xmlns:soapenv="http://schemas.xmlsoap.org/soap/envelope/" xmlns:v1="http://fidus.brussels/service/exportfromregondesservice/messages/v1" xmlns:v11="http://fidus.brussels/type/common/messages/v1" xmlns:ser="http://www.minfin.fgov.be/regondes2/extern/taxservice/exports/serviceChanged" xmlns:com="http://www.minfin.fgov.be/regondes2/extern/taxservice/common">
   <soapenv:Header/>
   <soapenv:Body>
      <v1:serviceChangeRequest>
         <v1:messageContext>
            <v11:messageId>${=import static java.util.UUID.randomUUID; uuid = randomUUID() as String}</v11:messageId>
            <!--Optional:-->
            <v11:timestamp>${=new java.text.SimpleDateFormat("yyyy-MM-dd'T'HH:mm:ss.SSS").format(new Date())}</v11:timestamp>
         </v1:messageContext>
         <v1:legalContext>ServiceIntegrator</v1:legalContext>
         <v1:request>
            <ser:serviceChange>
               <ser:referenceFodFin>11223344</ser:referenceFodFin>
               <ser:initialService>
                  <!--Optional:-->
                  <com:technicalReference>1524</com:technicalReference>
                  <com:type>AAF</com:type>
                  <com:reference>reference</com:reference>
               </ser:initialService>
               <!--1 to 99 repetitions:-->
               <ser:transfer>
                  <ser:serviceName>CIRB</ser:serviceName>
                  <ser:dateIn>${=new java.text.SimpleDateFormat("yyyy-MM-dd").format(new Date())}</ser:dateIn>
                  <!--Optional:-->
                  <ser:dateOut>${=new java.text.SimpleDateFormat("yyyy-MM-dd").format(new Date())}</ser:dateOut>
                  <ser:official>
                     <ser:firstName>jean</ser:firstName>
                     <ser:lastName>baptist</ser:lastName>
                     <ser:phoneNumber>0452363621</ser:phoneNumber>
                     <ser:email>cisyapan@cirb.brussels</ser:email>
                  </ser:official>
               </ser:transfer>
            </ser:serviceChange>
         </v1:request>
      </v1:serviceChangeRequest>
   </soapenv:Body>
</soapenv:Envelope>]]></con:request><con:assertion type="SOAP Fault Assertion" id="4a75c901-fae1-4d09-8b38-56308f313c14" name="Not SOAP Fault"/><con:assertion type="SOAP Response" id="411371fe-af7d-4835-bae8-26c3ccd7edf1" name="SOAP Response"/><con:assertion type="Schema Compliance" id="6d02b6eb-7ea7-4a6e-8c50-de0ee797fe50" name="Schema Compliance"><con:configuration/></con:assertion><con:wsaConfig action="http://fidus.brussels/services/exportfromregondesservice/serviceChange"/></con:request></con:config></con:testStep><con:testStep type="request" id="4bc52e04-e9d0-4532-a488-e0b0c4d807bf" name="testcase4 - Staging - External - Request"><con:settings/><con:config xsi:type="con:RequestStep" xmlns:xsi="http://www.w3.org/2001/XMLSchema-instance"><con:interface>ExportFromRegondesServiceHTTPBinding</con:interface><con:operation>serviceChange</con:operation><con:request name="testcase4 - Staging - External - Request" id="f92a3325-400e-40e3-9dca-58b638d1305d" outgoingWss="Outflow STAG"><con:settings/><con:encoding>UTF-8</con:encoding><con:endpoint>https://fidus.irisnetlab.be/services/ExportFromRegondesService_v1.0</con:endpoint><con:request><![CDATA[<soapenv:Envelope xmlns:soapenv="http://schemas.xmlsoap.org/soap/envelope/" xmlns:v1="http://fidus.brussels/service/exportfromregondesservice/messages/v1" xmlns:v11="http://fidus.brussels/type/common/messages/v1" xmlns:ser="http://www.minfin.fgov.be/regondes2/extern/taxservice/exports/serviceChanged" xmlns:com="http://www.minfin.fgov.be/regondes2/extern/taxservice/common">
   <soapenv:Header/>
   <soapenv:Body>
      <v1:serviceChangeRequest>
         <v1:messageContext>
            <v11:messageId>${=import static java.util.UUID.randomUUID; uuid = randomUUID() as String}</v11:messageId>
            <!--Optional:-->
            <v11:timestamp>${=new java.text.SimpleDateFormat("yyyy-MM-dd'T'HH:mm:ss.SSS").format(new Date())}</v11:timestamp>
         </v1:messageContext>
         <v1:legalContext>ServiceIntegrator</v1:legalContext>
         <v1:request>
            <ser:serviceChange>
               <ser:referenceFodFin>11223344</ser:referenceFodFin>
               <ser:initialService>
                  <!--Optional:-->
                  <com:technicalReference>1524</com:technicalReference>
                  <com:type>AAF</com:type>
                  <com:reference>reference</com:reference>
               </ser:initialService>
               <!--1 to 99 repetitions:-->
               <ser:transfer>
                  <ser:serviceName>CIRB</ser:serviceName>
                  <ser:dateIn>${=new java.text.SimpleDateFormat("yyyy-MM-dd").format(new Date())}</ser:dateIn>
                  <!--Optional:-->
                  <ser:dateOut>${=new java.text.SimpleDateFormat("yyyy-MM-dd").format(new Date())}</ser:dateOut>
                  <ser:official>
                     <ser:firstName>jean</ser:firstName>
                     <ser:lastName>baptist</ser:lastName>
                     <ser:phoneNumber>0452363621</ser:phoneNumber>
                     <ser:email>cisyapan@cirb.brussels</ser:email>
                  </ser:official>
               </ser:transfer>
            </ser:serviceChange>
         </v1:request>
      </v1:serviceChangeRequest>
   </soapenv:Body>
</soapenv:Envelope>]]></con:request><con:assertion type="SOAP Fault Assertion" id="b45faa74-772e-46a3-853d-f23791f0f4d9" name="Not SOAP Fault"/><con:assertion type="SOAP Response" id="d1525064-fefe-4743-850f-0273d31ec976" name="SOAP Response"/><con:assertion type="Schema Compliance" id="61b80362-f8b5-45fd-9935-0d56ce890b66" name="Schema Compliance"><con:configuration/></con:assertion><con:wsaConfig action="http://fidus.brussels/services/exportfromregondesservice/serviceChange"/></con:request></con:config></con:testStep><con:properties/></con:testCase><con:properties/></con:testSuite><con:testSuite id="59d16d2d-86f4-4fd2-932a-2edfd1f31447" name="PROD"><con:settings/><con:runType>SEQUENTIAL</con:runType><con:testCase id="17ad53a3-9810-4008-a99e-58c7371a5dfe" failOnError="true" failTestCaseOnErrors="true" keepSession="false" maxResults="0" name="closedDossier" searchProperties="true"><con:settings/><con:testStep type="request" id="271f233d-58b0-463d-a414-1cd9f3ca7477" name="testcase5 - Prod - LB - Request"><con:settings/><con:config xsi:type="con:RequestStep" xmlns:xsi="http://www.w3.org/2001/XMLSchema-instance"><con:interface>ExportFromRegondesServiceHTTPBinding</con:interface><con:operation>closedDossier</con:operation><con:request name="testcase5 - Prod - LB - Request" id="a1f6ae8d-ba98-48c0-8d71-013f3dd39bbe" outgoingWss="Outflow PROD"><con:settings/><con:encoding>UTF-8</con:encoding><con:endpoint>https://fidus-esb-sg.prd.srv.cirb.lan:8443/services/ExportFromRegondesService_v1.0</con:endpoint><con:request><![CDATA[<soapenv:Envelope xmlns:soapenv="http://schemas.xmlsoap.org/soap/envelope/" xmlns:v1="http://fidus.brussels/service/exportfromregondesservice/messages/v1" xmlns:v11="http://fidus.brussels/type/common/messages/v1" xmlns:clos="http://www.minfin.fgov.be/regondes2/extern/taxservice/exports/closedDossiers" xmlns:com="http://www.minfin.fgov.be/regondes2/extern/taxservice/common">
   <soapenv:Header/>
   <soapenv:Body>
      <v1:closedDossierRequest>
         <v1:messageContext>
            <v11:messageId>${=import static java.util.UUID.randomUUID; uuid = randomUUID() as String}</v11:messageId>
            <v11:timestamp>${=new java.text.SimpleDateFormat("yyyy-MM-dd'T'HH:mm:ss.SSS").format(new Date())}</v11:timestamp>
         </v1:messageContext>
         <v1:legalContext>ServiceIntegrator</v1:legalContext>
         <v1:request>
            <clos:closedDossier> 
               <clos:referenceFodFin>11223344</clos:referenceFodFin>
               <clos:fiscalYear>2017</clos:fiscalYear>
               <clos:initialService>
                  <com:technicalReference>technicalReference</com:technicalReference>
                  <com:type>AAF</com:type>
                  <clos:reference>reference</clos:reference>
               </clos:initialService>
               <clos:patrimonyInformation>
                  <clos:typeDossier>AA</clos:typeDossier>
                  <clos:patrimonyFrom>${=new java.text.SimpleDateFormat("yyyy-MM-dd").format(new Date())}</clos:patrimonyFrom>
                  <clos:patrimonyRef>1</clos:patrimonyRef>
                  <clos:cadastralDivisionCode>YYY</clos:cadastralDivisionCode>
                  <clos:articleNumber>51</clos:articleNumber>
               </clos:patrimonyInformation>
               <clos:report>
                  <clos:type>S</clos:type>
                  <clos:subtype>subtype</clos:subtype>
                  <clos:kind>INITIAL</clos:kind>
                  <clos:cadastralIncome>
                     <com:codeCadastralIncome>a</com:codeCadastralIncome>
                     <com:definitiveCadastralIncome>12</com:definitiveCadastralIncome>
                     <com:dateDefinitive>${=new java.text.SimpleDateFormat("yyyy-MM-dd").format(new Date())}</com:dateDefinitive>
                     <com:reasonDefinitive>my reason</com:reasonDefinitive>
                  </clos:cadastralIncome>
                  <clos:date>${=new java.text.SimpleDateFormat("yyyy-MM-dd").format(new Date())}</clos:date>
                  <clos:motivation>No motivation</clos:motivation>
                  <!--0 to 99 repetitions:-->
                  <clos:newState>
                     <!--1 to 999 repetitions:-->
                     <clos:parcel>
                        <clos:parcelNumber>
                           <clos:section>55254</clos:section>
                           <clos:groundNumber>9555</clos:groundNumber>
                           <clos:bisNumber>2525</clos:bisNumber>
                           <clos:exponent>1414</clos:exponent>
                           <clos:power>me</clos:power>
                           <clos:part>4</clos:part>
                        </clos:parcelNumber>
                        <clos:situation>invalid</clos:situation>
                        <clos:kind>no</clos:kind>
                        <clos:details>test</clos:details>
                        <!--You have a CHOICE of the next 2 items at this level-->
                        <clos:articleNumber>1141</clos:articleNumber>
                        <clos:sequenceNumber>3215</clos:sequenceNumber>
                        <!--0 to 99 repetitions:-->
                        <clos:cadastralInformation>
                           <clos:codeCadastralIncome>12</clos:codeCadastralIncome>
                           <clos:cadastralIncome>12</clos:cadastralIncome>
                           <clos:cadastralIncomePart>42</clos:cadastralIncomePart>
                           <clos:exemption>52</clos:exemption>
                           <clos:daysUnfruitful>5</clos:daysUnfruitful>
                        </clos:cadastralInformation>
                     </clos:parcel>
                     <!--1 to 999 repetitions:-->
                     <clos:owner>
                        <!--You have a CHOICE of the next 2 items at this level-->
                        <clos:person>
                           <!--You have a CHOICE of the next 3 items at this level-->
                           <clos:socialSecurityNumber>125</clos:socialSecurityNumber>
                           <clos:lastname>baptiste</clos:lastname>
                        </clos:person>
                        <clos:rights>Admin</clos:rights>
                        <clos:ownerType>LEGAL_PERSON</clos:ownerType>
                     </clos:owner>
                  </clos:newState>
               </clos:report>
               <!--0 to 99 repetitions:-->
               <clos:linkedDossier>
                  <clos:referenceInitialService>referenceInitialService</clos:referenceInitialService>
                  <clos:referenceFodFin>15</clos:referenceFodFin>
               </clos:linkedDossier>
               <!--0 to 99 repetitions:-->
               <clos:attachment>
                  <com:fileName>cirb</com:fileName>
                  <com:data>    1234   </com:data>
               </clos:attachment>
            </clos:closedDossier>
         </v1:request>
      </v1:closedDossierRequest>
   </soapenv:Body>
</soapenv:Envelope>]]></con:request><con:assertion type="SOAP Fault Assertion" id="43b9b9e9-19bd-4a71-8fde-463b2cbec86c" name="Not SOAP Fault"/><con:assertion type="SOAP Response" id="d15088a7-96ea-490c-aa97-7a7233b0b739" name="SOAP Response"/><con:assertion type="Schema Compliance" id="84b05afd-8e15-4c58-b913-ee13cd287bb0" name="Schema Compliance"><con:configuration/></con:assertion><con:wsaConfig action="http://fidus.brussels/services/exportfromregondesservice/closedDossier"/></con:request></con:config></con:testStep><con:testStep type="request" id="01d92b87-4311-44fb-85bc-a39920f843ee" name="testcase5 - Prod - Worker1 - Request"><con:settings/><con:config xsi:type="con:RequestStep" xmlns:xsi="http://www.w3.org/2001/XMLSchema-instance"><con:interface>ExportFromRegondesServiceHTTPBinding</con:interface><con:operation>closedDossier</con:operation><con:request name="testcase5 - Prod - Worker1 - Request" id="5066c386-b9ba-4542-a893-79e9921780ad" outgoingWss="Outflow PROD"><con:settings/><con:encoding>UTF-8</con:encoding><con:endpoint>https://192.168.26.22:8443/services/ExportFromRegondesService_v1.0</con:endpoint><con:request><![CDATA[<soapenv:Envelope xmlns:soapenv="http://schemas.xmlsoap.org/soap/envelope/" xmlns:v1="http://fidus.brussels/service/exportfromregondesservice/messages/v1" xmlns:v11="http://fidus.brussels/type/common/messages/v1" xmlns:clos="http://www.minfin.fgov.be/regondes2/extern/taxservice/exports/closedDossiers" xmlns:com="http://www.minfin.fgov.be/regondes2/extern/taxservice/common">
   <soapenv:Header/>
   <soapenv:Body>
      <v1:closedDossierRequest>
         <v1:messageContext>
            <v11:messageId>${=import static java.util.UUID.randomUUID; uuid = randomUUID() as String}</v11:messageId>
            <v11:timestamp>${=new java.text.SimpleDateFormat("yyyy-MM-dd'T'HH:mm:ss.SSS").format(new Date())}</v11:timestamp>
         </v1:messageContext>
         <v1:legalContext>ServiceIntegrator</v1:legalContext>
         <v1:request>
            <clos:closedDossier> 
               <clos:referenceFodFin>11223344</clos:referenceFodFin>
               <clos:fiscalYear>2017</clos:fiscalYear>
               <clos:initialService>
                  <com:technicalReference>technicalReference</com:technicalReference>
                  <com:type>AAF</com:type>
                  <clos:reference>reference</clos:reference>
               </clos:initialService>
               <clos:patrimonyInformation>
                  <clos:typeDossier>AA</clos:typeDossier>
                  <clos:patrimonyFrom>${=new java.text.SimpleDateFormat("yyyy-MM-dd").format(new Date())}</clos:patrimonyFrom>
                  <clos:patrimonyRef>1</clos:patrimonyRef>
                  <clos:cadastralDivisionCode>YYY</clos:cadastralDivisionCode>
                  <clos:articleNumber>51</clos:articleNumber>
               </clos:patrimonyInformation>
               <clos:report>
                  <clos:type>S</clos:type>
                  <clos:subtype>subtype</clos:subtype>
                  <clos:kind>INITIAL</clos:kind>
                  <clos:cadastralIncome>
                     <com:codeCadastralIncome>a</com:codeCadastralIncome>
                     <com:definitiveCadastralIncome>12</com:definitiveCadastralIncome>
                     <com:dateDefinitive>${=new java.text.SimpleDateFormat("yyyy-MM-dd").format(new Date())}</com:dateDefinitive>
                     <com:reasonDefinitive>my reason</com:reasonDefinitive>
                  </clos:cadastralIncome>
                  <clos:date>${=new java.text.SimpleDateFormat("yyyy-MM-dd").format(new Date())}</clos:date>
                  <clos:motivation>No motivation</clos:motivation>
                  <!--0 to 99 repetitions:-->
                  <clos:newState>
                     <!--1 to 999 repetitions:-->
                     <clos:parcel>
                        <clos:parcelNumber>
                           <clos:section>55254</clos:section>
                           <clos:groundNumber>9555</clos:groundNumber>
                           <clos:bisNumber>2525</clos:bisNumber>
                           <clos:exponent>1414</clos:exponent>
                           <clos:power>me</clos:power>
                           <clos:part>4</clos:part>
                        </clos:parcelNumber>
                        <clos:situation>invalid</clos:situation>
                        <clos:kind>no</clos:kind>
                        <clos:details>test</clos:details>
                        <!--You have a CHOICE of the next 2 items at this level-->
                        <clos:articleNumber>1141</clos:articleNumber>
                        <clos:sequenceNumber>3215</clos:sequenceNumber>
                        <!--0 to 99 repetitions:-->
                        <clos:cadastralInformation>
                           <clos:codeCadastralIncome>12</clos:codeCadastralIncome>
                           <clos:cadastralIncome>12</clos:cadastralIncome>
                           <clos:cadastralIncomePart>42</clos:cadastralIncomePart>
                           <clos:exemption>52</clos:exemption>
                           <clos:daysUnfruitful>5</clos:daysUnfruitful>
                        </clos:cadastralInformation>
                     </clos:parcel>
                     <!--1 to 999 repetitions:-->
                     <clos:owner>
                        <!--You have a CHOICE of the next 2 items at this level-->
                        <clos:person>
                           <!--You have a CHOICE of the next 3 items at this level-->
                           <clos:socialSecurityNumber>125</clos:socialSecurityNumber>
                           <clos:lastname>baptiste</clos:lastname>
                        </clos:person>
                        <clos:rights>Admin</clos:rights>
                        <clos:ownerType>LEGAL_PERSON</clos:ownerType>
                     </clos:owner>
                  </clos:newState>
               </clos:report>
               <!--0 to 99 repetitions:-->
               <clos:linkedDossier>
                  <clos:referenceInitialService>referenceInitialService</clos:referenceInitialService>
                  <clos:referenceFodFin>15</clos:referenceFodFin>
               </clos:linkedDossier>
               <!--0 to 99 repetitions:-->
               <clos:attachment>
                  <com:fileName>cirb</com:fileName>
                  <com:data>    1234   </com:data>
               </clos:attachment>
            </clos:closedDossier>
         </v1:request>
      </v1:closedDossierRequest>
   </soapenv:Body>
</soapenv:Envelope>]]></con:request><con:assertion type="SOAP Fault Assertion" id="9fb236ac-1ab5-44ab-8e14-7331fd3b0fe9" name="Not SOAP Fault"/><con:assertion type="SOAP Response" id="2e8dd0f1-7181-411d-8275-5bb5118022e2" name="SOAP Response"/><con:assertion type="Schema Compliance" id="232cdb44-0727-4956-b027-6080a436a80c" name="Schema Compliance"><con:configuration/></con:assertion><con:wsaConfig action="http://fidus.brussels/services/exportfromregondesservice/closedDossier"/></con:request></con:config></con:testStep><con:testStep type="request" id="40ea3c85-6428-4ad2-a767-ffb91f362335" name="testcase5 - Prod - External - Request"><con:settings/><con:config xsi:type="con:RequestStep" xmlns:xsi="http://www.w3.org/2001/XMLSchema-instance"><con:interface>ExportFromRegondesServiceHTTPBinding</con:interface><con:operation>closedDossier</con:operation><con:request name="testcase5 - Prod - External - Request" id="b3af12da-6a6f-4e37-9e40-aeeaa5fc8a1f" outgoingWss="Outflow PROD"><con:settings/><con:encoding>UTF-8</con:encoding><con:endpoint>https://fidus.sec.brussels/services/ExportFromRegondesservice_v1.0</con:endpoint><con:request><![CDATA[<soapenv:Envelope xmlns:soapenv="http://schemas.xmlsoap.org/soap/envelope/" xmlns:v1="http://fidus.brussels/service/exportfromregondesservice/messages/v1" xmlns:v11="http://fidus.brussels/type/common/messages/v1" xmlns:clos="http://www.minfin.fgov.be/regondes2/extern/taxservice/exports/closedDossiers" xmlns:com="http://www.minfin.fgov.be/regondes2/extern/taxservice/common">
   <soapenv:Header/>
   <soapenv:Body>
      <v1:closedDossierRequest>
         <v1:messageContext>
            <v11:messageId>${=import static java.util.UUID.randomUUID; uuid = randomUUID() as String}</v11:messageId>
            <v11:timestamp>${=new java.text.SimpleDateFormat("yyyy-MM-dd'T'HH:mm:ss.SSS").format(new Date())}</v11:timestamp>
         </v1:messageContext>
         <v1:legalContext>ServiceIntegrator</v1:legalContext>
         <v1:request>
            <clos:closedDossier> 
               <clos:referenceFodFin>11223344</clos:referenceFodFin>
               <clos:fiscalYear>2017</clos:fiscalYear>
               <clos:initialService>
                  <com:technicalReference>technicalReference</com:technicalReference>
                  <com:type>AAF</com:type>
                  <clos:reference>reference</clos:reference>
               </clos:initialService>
               <clos:patrimonyInformation>
                  <clos:typeDossier>AA</clos:typeDossier>
                  <clos:patrimonyFrom>${=new java.text.SimpleDateFormat("yyyy-MM-dd").format(new Date())}</clos:patrimonyFrom>
                  <clos:patrimonyRef>1</clos:patrimonyRef>
                  <clos:cadastralDivisionCode>YYY</clos:cadastralDivisionCode>
                  <clos:articleNumber>51</clos:articleNumber>
               </clos:patrimonyInformation>
               <clos:report>
                  <clos:type>S</clos:type>
                  <clos:subtype>subtype</clos:subtype>
                  <clos:kind>INITIAL</clos:kind>
                  <clos:cadastralIncome>
                     <com:codeCadastralIncome>a</com:codeCadastralIncome>
                     <com:definitiveCadastralIncome>12</com:definitiveCadastralIncome>
                     <com:dateDefinitive>${=new java.text.SimpleDateFormat("yyyy-MM-dd").format(new Date())}</com:dateDefinitive>
                     <com:reasonDefinitive>my reason</com:reasonDefinitive>
                  </clos:cadastralIncome>
                  <clos:date>${=new java.text.SimpleDateFormat("yyyy-MM-dd").format(new Date())}</clos:date>
                  <clos:motivation>No motivation</clos:motivation>
                  <!--0 to 99 repetitions:-->
                  <clos:newState>
                     <!--1 to 999 repetitions:-->
                     <clos:parcel>
                        <clos:parcelNumber>
                           <clos:section>55254</clos:section>
                           <clos:groundNumber>9555</clos:groundNumber>
                           <clos:bisNumber>2525</clos:bisNumber>
                           <clos:exponent>1414</clos:exponent>
                           <clos:power>me</clos:power>
                           <clos:part>4</clos:part>
                        </clos:parcelNumber>
                        <clos:situation>invalid</clos:situation>
                        <clos:kind>no</clos:kind>
                        <clos:details>test</clos:details>
                        <!--You have a CHOICE of the next 2 items at this level-->
                        <clos:articleNumber>1141</clos:articleNumber>
                        <clos:sequenceNumber>3215</clos:sequenceNumber>
                        <!--0 to 99 repetitions:-->
                        <clos:cadastralInformation>
                           <clos:codeCadastralIncome>12</clos:codeCadastralIncome>
                           <clos:cadastralIncome>12</clos:cadastralIncome>
                           <clos:cadastralIncomePart>42</clos:cadastralIncomePart>
                           <clos:exemption>52</clos:exemption>
                           <clos:daysUnfruitful>5</clos:daysUnfruitful>
                        </clos:cadastralInformation>
                     </clos:parcel>
                     <!--1 to 999 repetitions:-->
                     <clos:owner>
                        <!--You have a CHOICE of the next 2 items at this level-->
                        <clos:person>
                           <!--You have a CHOICE of the next 3 items at this level-->
                           <clos:socialSecurityNumber>125</clos:socialSecurityNumber>
                           <clos:lastname>baptiste</clos:lastname>
                        </clos:person>
                        <clos:rights>Admin</clos:rights>
                        <clos:ownerType>LEGAL_PERSON</clos:ownerType>
                     </clos:owner>
                  </clos:newState>
               </clos:report>
               <!--0 to 99 repetitions:-->
               <clos:linkedDossier>
                  <clos:referenceInitialService>referenceInitialService</clos:referenceInitialService>
                  <clos:referenceFodFin>15</clos:referenceFodFin>
               </clos:linkedDossier>
               <!--0 to 99 repetitions:-->
               <clos:attachment>
                  <com:fileName>cirb</com:fileName>
                  <com:data>    1234   </com:data>
               </clos:attachment>
            </clos:closedDossier>
         </v1:request>
      </v1:closedDossierRequest>
   </soapenv:Body>
</soapenv:Envelope>]]></con:request><con:assertion type="SOAP Fault Assertion" id="7d25980a-281c-45ad-9fea-cadcfbb9e4d9" name="Not SOAP Fault"/><con:assertion type="SOAP Response" id="e916889a-1916-4a34-a64c-597e2c50ebf2" name="SOAP Response"/><con:assertion type="Schema Compliance" id="5f44d21e-fc8c-44a5-98f2-36fe7471419d" name="Schema Compliance"><con:configuration/></con:assertion><con:wsaConfig action="http://fidus.brussels/services/exportfromregondesservice/closedDossier"/></con:request></con:config></con:testStep><con:testStep type="request" id="812f7421-b3d7-4286-9eb3-496c74a59a18" name="testcase5 - Prod - Worker2 - Request"><con:settings/><con:config xsi:type="con:RequestStep" xmlns:xsi="http://www.w3.org/2001/XMLSchema-instance"><con:interface>ExportFromRegondesServiceHTTPBinding</con:interface><con:operation>closedDossier</con:operation><con:request name="testcase5 - Prod - Worker2 - Request" id="743e8af9-6756-4bbe-895c-da694bc5fffd" outgoingWss="Outflow PROD"><con:settings/><con:encoding>UTF-8</con:encoding><con:endpoint>https://192.168.26.19:8443/services/ExportFromRegondesService_v1.0</con:endpoint><con:request><![CDATA[<soapenv:Envelope xmlns:soapenv="http://schemas.xmlsoap.org/soap/envelope/" xmlns:v1="http://fidus.brussels/service/exportfromregondesservice/messages/v1" xmlns:v11="http://fidus.brussels/type/common/messages/v1" xmlns:clos="http://www.minfin.fgov.be/regondes2/extern/taxservice/exports/closedDossiers" xmlns:com="http://www.minfin.fgov.be/regondes2/extern/taxservice/common">
   <soapenv:Header/>
   <soapenv:Body>
      <v1:closedDossierRequest>
         <v1:messageContext>
            <v11:messageId>${=import static java.util.UUID.randomUUID; uuid = randomUUID() as String}</v11:messageId>
            <v11:timestamp>${=new java.text.SimpleDateFormat("yyyy-MM-dd'T'HH:mm:ss.SSS").format(new Date())}</v11:timestamp>
         </v1:messageContext>
         <v1:legalContext>ServiceIntegrator</v1:legalContext>
         <v1:request>
            <clos:closedDossier> 
               <clos:referenceFodFin>11223344</clos:referenceFodFin>
               <clos:fiscalYear>2017</clos:fiscalYear>
               <clos:initialService>
                  <com:technicalReference>technicalReference</com:technicalReference>
                  <com:type>AAF</com:type>
                  <clos:reference>reference</clos:reference>
               </clos:initialService>
               <clos:patrimonyInformation>
                  <clos:typeDossier>AA</clos:typeDossier>
                  <clos:patrimonyFrom>${=new java.text.SimpleDateFormat("yyyy-MM-dd").format(new Date())}</clos:patrimonyFrom>
                  <clos:patrimonyRef>1</clos:patrimonyRef>
                  <clos:cadastralDivisionCode>YYY</clos:cadastralDivisionCode>
                  <clos:articleNumber>51</clos:articleNumber>
               </clos:patrimonyInformation>
               <clos:report>
                  <clos:type>S</clos:type>
                  <clos:subtype>subtype</clos:subtype>
                  <clos:kind>INITIAL</clos:kind>
                  <clos:cadastralIncome>
                     <com:codeCadastralIncome>a</com:codeCadastralIncome>
                     <com:definitiveCadastralIncome>12</com:definitiveCadastralIncome>
                     <com:dateDefinitive>${=new java.text.SimpleDateFormat("yyyy-MM-dd").format(new Date())}</com:dateDefinitive>
                     <com:reasonDefinitive>my reason</com:reasonDefinitive>
                  </clos:cadastralIncome>
                  <clos:date>${=new java.text.SimpleDateFormat("yyyy-MM-dd").format(new Date())}</clos:date>
                  <clos:motivation>No motivation</clos:motivation>
                  <!--0 to 99 repetitions:-->
                  <clos:newState>
                     <!--1 to 999 repetitions:-->
                     <clos:parcel>
                        <clos:parcelNumber>
                           <clos:section>55254</clos:section>
                           <clos:groundNumber>9555</clos:groundNumber>
                           <clos:bisNumber>2525</clos:bisNumber>
                           <clos:exponent>1414</clos:exponent>
                           <clos:power>me</clos:power>
                           <clos:part>4</clos:part>
                        </clos:parcelNumber>
                        <clos:situation>invalid</clos:situation>
                        <clos:kind>no</clos:kind>
                        <clos:details>test</clos:details>
                        <!--You have a CHOICE of the next 2 items at this level-->
                        <clos:articleNumber>1141</clos:articleNumber>
                        <clos:sequenceNumber>3215</clos:sequenceNumber>
                        <!--0 to 99 repetitions:-->
                        <clos:cadastralInformation>
                           <clos:codeCadastralIncome>12</clos:codeCadastralIncome>
                           <clos:cadastralIncome>12</clos:cadastralIncome>
                           <clos:cadastralIncomePart>42</clos:cadastralIncomePart>
                           <clos:exemption>52</clos:exemption>
                           <clos:daysUnfruitful>5</clos:daysUnfruitful>
                        </clos:cadastralInformation>
                     </clos:parcel>
                     <!--1 to 999 repetitions:-->
                     <clos:owner>
                        <!--You have a CHOICE of the next 2 items at this level-->
                        <clos:person>
                           <!--You have a CHOICE of the next 3 items at this level-->
                           <clos:socialSecurityNumber>125</clos:socialSecurityNumber>
                           <clos:lastname>baptiste</clos:lastname>
                        </clos:person>
                        <clos:rights>Admin</clos:rights>
                        <clos:ownerType>LEGAL_PERSON</clos:ownerType>
                     </clos:owner>
                  </clos:newState>
               </clos:report>
               <!--0 to 99 repetitions:-->
               <clos:linkedDossier>
                  <clos:referenceInitialService>referenceInitialService</clos:referenceInitialService>
                  <clos:referenceFodFin>15</clos:referenceFodFin>
               </clos:linkedDossier>
               <!--0 to 99 repetitions:-->
               <clos:attachment>
                  <com:fileName>cirb</com:fileName>
                  <com:data>    1234   </com:data>
               </clos:attachment>
            </clos:closedDossier>
         </v1:request>
      </v1:closedDossierRequest>
   </soapenv:Body>
</soapenv:Envelope>]]></con:request><con:assertion type="SOAP Fault Assertion" id="58fb125b-c5ba-4ab4-8310-ea15cc169a0f" name="Not SOAP Fault"/><con:assertion type="SOAP Response" id="66edac0f-6f62-4def-8d79-588f8dcd0000" name="SOAP Response"/><con:assertion type="Schema Compliance" id="2bb8e759-db7a-4228-8210-c74e5cc25b2c" name="Schema Compliance"><con:configuration/></con:assertion><con:wsaConfig action="http://fidus.brussels/services/exportfromregondesservice/closedDossier"/></con:request></con:config></con:testStep><con:properties/></con:testCase><con:testCase id="727aff7d-2955-41bc-9e1d-1faaea8d8d81" failOnError="true" failTestCaseOnErrors="true" keepSession="false" maxResults="0" name="postponedDossier" searchProperties="true"><con:settings/><con:testStep type="request" id="deaa1324-042f-4423-8a7a-c4deb0e9f3a3" name="testcase5 - Prod - LB - Request"><con:settings/><con:config xsi:type="con:RequestStep" xmlns:xsi="http://www.w3.org/2001/XMLSchema-instance"><con:interface>ExportFromRegondesServiceHTTPBinding</con:interface><con:operation>postponedDossier</con:operation><con:request name="testcase5 - Prod - LB - Request" id="0fc3753d-f7f3-476d-8eba-53c65ae26b68" outgoingWss="Outflow PROD"><con:settings/><con:encoding>UTF-8</con:encoding><con:endpoint>https://fidus-esb-sg.prd.srv.cirb.lan:8443/services/ExportFromRegondesService_v1.0</con:endpoint><con:request><![CDATA[<soapenv:Envelope xmlns:soapenv="http://schemas.xmlsoap.org/soap/envelope/" xmlns:v1="http://fidus.brussels/service/exportfromregondesservice/messages/v1" xmlns:v11="http://fidus.brussels/type/common/messages/v1" xmlns:pos="http://www.minfin.fgov.be/regondes2/extern/taxservice/exports/postponedDossiers" xmlns:com="http://www.minfin.fgov.be/regondes2/extern/taxservice/common">
   <soapenv:Header/>
   <soapenv:Body>
      <v1:postponedDossierRequest>
         <v1:messageContext>
            <v11:messageId>${=import static java.util.UUID.randomUUID; uuid = randomUUID() as String}</v11:messageId>
            <!--Optional:-->
            <v11:timestamp>${=new java.text.SimpleDateFormat("yyyy-MM-dd'T'HH:mm:ss.SSS").format(new Date())}</v11:timestamp>
         </v1:messageContext>
         <v1:legalContext>ServiceIntegrator</v1:legalContext>
         <v1:request>
            <pos:postponedDossier>
               <pos:referenceFodFin>11223344</pos:referenceFodFin>
               <pos:initialService>
                  <!--Optional:-->
                  <com:technicalReference>technicalReference</com:technicalReference>
                  <com:type>AAF</com:type>
                  <com:reference>reference</com:reference>
               </pos:initialService>
               <pos:postponement>
                  <pos:datePostponement>${=new java.text.SimpleDateFormat("yyyy-MM-dd").format(new Date())}</pos:datePostponement>
                  <pos:reasonPostponed>TEST</pos:reasonPostponed>
                  <pos:newTargetDate>${=new java.text.SimpleDateFormat("yyyy-MM-dd").format(new Date())}</pos:newTargetDate>
               </pos:postponement>
            </pos:postponedDossier>
         </v1:request>
      </v1:postponedDossierRequest>
   </soapenv:Body>
</soapenv:Envelope>]]></con:request><con:assertion type="SOAP Fault Assertion" id="00d4947d-1201-43fe-be37-c5c375a2be3d" name="Not SOAP Fault"/><con:assertion type="SOAP Response" id="6a36df85-d72f-4d34-89ae-2b301020c4f2" name="SOAP Response"/><con:assertion type="Schema Compliance" id="8ac9fb58-988e-41e2-8a59-010d817a7963" name="Schema Compliance"><con:configuration/></con:assertion><con:wsaConfig action="http://fidus.brussels/services/exportfromregondesservice/postponedDossier"/></con:request></con:config></con:testStep><con:testStep type="request" id="fb103058-f55d-4dd9-b232-474cd8f09de8" name="testcase5 - Prod - External - Request"><con:settings/><con:config xsi:type="con:RequestStep" xmlns:xsi="http://www.w3.org/2001/XMLSchema-instance"><con:interface>ExportFromRegondesServiceHTTPBinding</con:interface><con:operation>postponedDossier</con:operation><con:request name="testcase5 - Prod - External - Request" id="8c1b8d14-8fd2-4735-8ff4-303ccd638984" outgoingWss="Outflow PROD"><con:settings/><con:encoding>UTF-8</con:encoding><con:endpoint>https://fidus.sec.brussels/services/ExportFromRegondesservice_v1.0</con:endpoint><con:request><![CDATA[<soapenv:Envelope xmlns:soapenv="http://schemas.xmlsoap.org/soap/envelope/" xmlns:v1="http://fidus.brussels/service/exportfromregondesservice/messages/v1" xmlns:v11="http://fidus.brussels/type/common/messages/v1" xmlns:pos="http://www.minfin.fgov.be/regondes2/extern/taxservice/exports/postponedDossiers" xmlns:com="http://www.minfin.fgov.be/regondes2/extern/taxservice/common">
   <soapenv:Header/>
   <soapenv:Body>
      <v1:postponedDossierRequest>
         <v1:messageContext>
            <v11:messageId>${=import static java.util.UUID.randomUUID; uuid = randomUUID() as String}</v11:messageId>
            <!--Optional:-->
            <v11:timestamp>${=new java.text.SimpleDateFormat("yyyy-MM-dd'T'HH:mm:ss.SSS").format(new Date())}</v11:timestamp>
         </v1:messageContext>
         <v1:legalContext>ServiceIntegrator</v1:legalContext>
         <v1:request>
            <pos:postponedDossier>
               <pos:referenceFodFin>11223344</pos:referenceFodFin>
               <pos:initialService>
                  <!--Optional:-->
                  <com:technicalReference>technicalReference</com:technicalReference>
                  <com:type>AAF</com:type>
                  <com:reference>reference</com:reference>
               </pos:initialService>
               <pos:postponement>
                  <pos:datePostponement>${=new java.text.SimpleDateFormat("yyyy-MM-dd").format(new Date())}</pos:datePostponement>
                  <pos:reasonPostponed>TEST</pos:reasonPostponed>
                  <pos:newTargetDate>${=new java.text.SimpleDateFormat("yyyy-MM-dd").format(new Date())}</pos:newTargetDate>
               </pos:postponement>
            </pos:postponedDossier>
         </v1:request>
      </v1:postponedDossierRequest>
   </soapenv:Body>
</soapenv:Envelope>]]></con:request><con:assertion type="SOAP Fault Assertion" id="f158b912-e853-4078-b27b-f1fc7c00f11b" name="Not SOAP Fault"/><con:assertion type="SOAP Response" id="3c73290a-ac5e-48ad-892a-e6d47a7ba21e" name="SOAP Response"/><con:assertion type="Schema Compliance" id="c7776084-18f6-4e18-b4b2-22c1e49505ad" name="Schema Compliance"><con:configuration/></con:assertion><con:wsaConfig action="http://fidus.brussels/services/exportfromregondesservice/postponedDossier"/></con:request></con:config></con:testStep><con:testStep type="request" id="16c700d2-3688-42a9-ad02-88c75f1507c4" name="testcase5 - Prod - Worker1 - Request"><con:settings/><con:config xsi:type="con:RequestStep" xmlns:xsi="http://www.w3.org/2001/XMLSchema-instance"><con:interface>ExportFromRegondesServiceHTTPBinding</con:interface><con:operation>postponedDossier</con:operation><con:request name="testcase5 - Prod - Worker1 - Request" id="5d5c1a88-6b07-4074-b097-1ae3993185c8" outgoingWss="Outflow PROD"><con:settings/><con:encoding>UTF-8</con:encoding><con:endpoint>https://192.168.26.22:8443/services/ExportFromRegondesService_v1.0</con:endpoint><con:request><![CDATA[<soapenv:Envelope xmlns:soapenv="http://schemas.xmlsoap.org/soap/envelope/" xmlns:v1="http://fidus.brussels/service/exportfromregondesservice/messages/v1" xmlns:v11="http://fidus.brussels/type/common/messages/v1" xmlns:pos="http://www.minfin.fgov.be/regondes2/extern/taxservice/exports/postponedDossiers" xmlns:com="http://www.minfin.fgov.be/regondes2/extern/taxservice/common">
   <soapenv:Header/>
   <soapenv:Body>
      <v1:postponedDossierRequest>
         <v1:messageContext>
            <v11:messageId>${=import static java.util.UUID.randomUUID; uuid = randomUUID() as String}</v11:messageId>
            <!--Optional:-->
            <v11:timestamp>${=new java.text.SimpleDateFormat("yyyy-MM-dd'T'HH:mm:ss.SSS").format(new Date())}</v11:timestamp>
         </v1:messageContext>
         <v1:legalContext>ServiceIntegrator</v1:legalContext>
         <v1:request>
            <pos:postponedDossier>
               <pos:referenceFodFin>11223344</pos:referenceFodFin>
               <pos:initialService>
                  <!--Optional:-->
                  <com:technicalReference>technicalReference</com:technicalReference>
                  <com:type>AAF</com:type>
                  <com:reference>reference</com:reference>
               </pos:initialService>
               <pos:postponement>
                  <pos:datePostponement>${=new java.text.SimpleDateFormat("yyyy-MM-dd").format(new Date())}</pos:datePostponement>
                  <pos:reasonPostponed>TEST</pos:reasonPostponed>
                  <pos:newTargetDate>${=new java.text.SimpleDateFormat("yyyy-MM-dd").format(new Date())}</pos:newTargetDate>
               </pos:postponement>
            </pos:postponedDossier>
         </v1:request>
      </v1:postponedDossierRequest>
   </soapenv:Body>
</soapenv:Envelope>]]></con:request><con:assertion type="SOAP Fault Assertion" id="57665b23-3631-4db0-9c3e-bcef6c929b73" name="Not SOAP Fault"/><con:assertion type="SOAP Response" id="2fae6101-efda-4d1d-840b-9724edad4d12" name="SOAP Response"/><con:assertion type="Schema Compliance" id="f2933905-f36c-4c34-b11c-dd3e62267a98" name="Schema Compliance"><con:configuration/></con:assertion><con:wsaConfig action="http://fidus.brussels/services/exportfromregondesservice/postponedDossier"/></con:request></con:config></con:testStep><con:testStep type="request" id="86c7573b-d084-4edb-bb14-cfdec67c195b" name="testcase5 - Prod - Worker2 - Request"><con:settings/><con:config xsi:type="con:RequestStep" xmlns:xsi="http://www.w3.org/2001/XMLSchema-instance"><con:interface>ExportFromRegondesServiceHTTPBinding</con:interface><con:operation>postponedDossier</con:operation><con:request name="testcase5 - Prod - Worker2 - Request" id="09207df9-fd70-4b08-8507-04402cd6473f" outgoingWss="Outflow PROD"><con:settings/><con:encoding>UTF-8</con:encoding><con:endpoint>https://192.168.26.19:8443/services/ExportFromRegondesService_v1.0</con:endpoint><con:request><![CDATA[<soapenv:Envelope xmlns:soapenv="http://schemas.xmlsoap.org/soap/envelope/" xmlns:v1="http://fidus.brussels/service/exportfromregondesservice/messages/v1" xmlns:v11="http://fidus.brussels/type/common/messages/v1" xmlns:pos="http://www.minfin.fgov.be/regondes2/extern/taxservice/exports/postponedDossiers" xmlns:com="http://www.minfin.fgov.be/regondes2/extern/taxservice/common">
   <soapenv:Header/>
   <soapenv:Body>
      <v1:postponedDossierRequest>
         <v1:messageContext>
            <v11:messageId>${=import static java.util.UUID.randomUUID; uuid = randomUUID() as String}</v11:messageId>
            <!--Optional:-->
            <v11:timestamp>${=new java.text.SimpleDateFormat("yyyy-MM-dd'T'HH:mm:ss.SSS").format(new Date())}</v11:timestamp>
         </v1:messageContext>
         <v1:legalContext>ServiceIntegrator</v1:legalContext>
         <v1:request>
            <pos:postponedDossier>
               <pos:referenceFodFin>11223344</pos:referenceFodFin>
               <pos:initialService>
                  <!--Optional:-->
                  <com:technicalReference>technicalReference</com:technicalReference>
                  <com:type>AAF</com:type>
                  <com:reference>reference</com:reference>
               </pos:initialService>
               <pos:postponement>
                  <pos:datePostponement>${=new java.text.SimpleDateFormat("yyyy-MM-dd").format(new Date())}</pos:datePostponement>
                  <pos:reasonPostponed>TEST</pos:reasonPostponed>
                  <pos:newTargetDate>${=new java.text.SimpleDateFormat("yyyy-MM-dd").format(new Date())}</pos:newTargetDate>
               </pos:postponement>
            </pos:postponedDossier>
         </v1:request>
      </v1:postponedDossierRequest>
   </soapenv:Body>
</soapenv:Envelope>]]></con:request><con:assertion type="SOAP Fault Assertion" id="70279b44-ceb8-4b7c-848c-9a59316efa24" name="Not SOAP Fault"/><con:assertion type="SOAP Response" id="95dfef6a-4031-414e-86ca-3552c3f55cec" name="SOAP Response"/><con:assertion type="Schema Compliance" id="f5fe18f9-535c-49d9-b5cb-8a2d376c8e74" name="Schema Compliance"><con:configuration/></con:assertion><con:wsaConfig action="http://fidus.brussels/services/exportfromregondesservice/postponedDossier"/></con:request></con:config></con:testStep><con:properties/></con:testCase><con:testCase id="2fa593c8-fd1a-4cf2-814e-ef6bca1f4647" failOnError="true" failTestCaseOnErrors="true" keepSession="false" maxResults="0" name="serviceChange" searchProperties="true"><con:settings/><con:testStep type="request" id="ea9e4608-5e6d-409f-a85f-58b75a63e900" name="testcase5 - Prod - LB - Request"><con:settings/><con:config xsi:type="con:RequestStep" xmlns:xsi="http://www.w3.org/2001/XMLSchema-instance"><con:interface>ExportFromRegondesServiceHTTPBinding</con:interface><con:operation>serviceChange</con:operation><con:request name="testcase5 - Prod - LB - Request" id="86ec6dac-490a-46d9-9555-e3346c12a406" outgoingWss="Outflow PROD"><con:settings/><con:encoding>UTF-8</con:encoding><con:endpoint>https://fidus-esb-sg.prd.srv.cirb.lan:8443/services/ExportFromRegondesService_v1.0</con:endpoint><con:request><![CDATA[<soapenv:Envelope xmlns:soapenv="http://schemas.xmlsoap.org/soap/envelope/" xmlns:v1="http://fidus.brussels/service/exportfromregondesservice/messages/v1" xmlns:v11="http://fidus.brussels/type/common/messages/v1" xmlns:ser="http://www.minfin.fgov.be/regondes2/extern/taxservice/exports/serviceChanged" xmlns:com="http://www.minfin.fgov.be/regondes2/extern/taxservice/common">
   <soapenv:Header/>
   <soapenv:Body>
      <v1:serviceChangeRequest>
         <v1:messageContext>
            <v11:messageId>${=import static java.util.UUID.randomUUID; uuid = randomUUID() as String}</v11:messageId>
            <!--Optional:-->
            <v11:timestamp>${=new java.text.SimpleDateFormat("yyyy-MM-dd'T'HH:mm:ss.SSS").format(new Date())}</v11:timestamp>
         </v1:messageContext>
         <v1:legalContext>ServiceIntegrator</v1:legalContext>
         <v1:request>
            <ser:serviceChange>
               <ser:referenceFodFin>11223344</ser:referenceFodFin>
               <ser:initialService>
                  <!--Optional:-->
                  <com:technicalReference>1524</com:technicalReference>
                  <com:type>AAF</com:type>
                  <com:reference>reference</com:reference>
               </ser:initialService>
               <!--1 to 99 repetitions:-->
               <ser:transfer>
                  <ser:serviceName>CIRB</ser:serviceName>
                  <ser:dateIn>${=new java.text.SimpleDateFormat("yyyy-MM-dd").format(new Date())}</ser:dateIn>
                  <!--Optional:-->
                  <ser:dateOut>${=new java.text.SimpleDateFormat("yyyy-MM-dd").format(new Date())}</ser:dateOut>
                  <ser:official>
                     <ser:firstName>jean</ser:firstName>
                     <ser:lastName>baptist</ser:lastName>
                     <ser:phoneNumber>0452363621</ser:phoneNumber>
                     <ser:email>cisyapan@cirb.brussels</ser:email>
                  </ser:official>
               </ser:transfer>
            </ser:serviceChange>
         </v1:request>
      </v1:serviceChangeRequest>
   </soapenv:Body>
</soapenv:Envelope>]]></con:request><con:assertion type="SOAP Fault Assertion" id="82220fe7-a85a-48d1-b59d-0317c64134ef" name="Not SOAP Fault"/><con:assertion type="SOAP Response" id="897a1883-9964-4cef-aa81-040a50a9b75c" name="SOAP Response"/><con:assertion type="Schema Compliance" id="62cd6d8c-0211-4443-bc80-f26db01b2564" name="Schema Compliance"><con:configuration/></con:assertion><con:wsaConfig action="http://fidus.brussels/services/exportfromregondesservice/serviceChange"/></con:request></con:config></con:testStep><con:testStep type="request" id="2ea10ffb-b469-46b6-aed2-7719710e608d" name="testcase5 - Prod - External - Request"><con:settings/><con:config xsi:type="con:RequestStep" xmlns:xsi="http://www.w3.org/2001/XMLSchema-instance"><con:interface>ExportFromRegondesServiceHTTPBinding</con:interface><con:operation>serviceChange</con:operation><con:request name="testcase5 - Prod - External - Request" id="18952019-eaef-4c74-aa3d-a637bca9dda0" outgoingWss="Outflow PROD"><con:settings/><con:encoding>UTF-8</con:encoding><con:endpoint>https://fidus.sec.brussels/services/ExportFromRegondesservice_v1.0</con:endpoint><con:request><![CDATA[<soapenv:Envelope xmlns:soapenv="http://schemas.xmlsoap.org/soap/envelope/" xmlns:v1="http://fidus.brussels/service/exportfromregondesservice/messages/v1" xmlns:v11="http://fidus.brussels/type/common/messages/v1" xmlns:ser="http://www.minfin.fgov.be/regondes2/extern/taxservice/exports/serviceChanged" xmlns:com="http://www.minfin.fgov.be/regondes2/extern/taxservice/common">
   <soapenv:Header/>
   <soapenv:Body>
      <v1:serviceChangeRequest>
         <v1:messageContext>
            <v11:messageId>${=import static java.util.UUID.randomUUID; uuid = randomUUID() as String}</v11:messageId>
            <!--Optional:-->
            <v11:timestamp>${=new java.text.SimpleDateFormat("yyyy-MM-dd'T'HH:mm:ss.SSS").format(new Date())}</v11:timestamp>
         </v1:messageContext>
         <v1:legalContext>ServiceIntegrator</v1:legalContext>
         <v1:request>
            <ser:serviceChange>
               <ser:referenceFodFin>11223344</ser:referenceFodFin>
               <ser:initialService>
                  <!--Optional:-->
                  <com:technicalReference>1524</com:technicalReference>
                  <com:type>AAF</com:type>
                  <com:reference>reference</com:reference>
               </ser:initialService>
               <!--1 to 99 repetitions:-->
               <ser:transfer>
                  <ser:serviceName>CIRB</ser:serviceName>
                  <ser:dateIn>${=new java.text.SimpleDateFormat("yyyy-MM-dd").format(new Date())}</ser:dateIn>
                  <!--Optional:-->
                  <ser:dateOut>${=new java.text.SimpleDateFormat("yyyy-MM-dd").format(new Date())}</ser:dateOut>
                  <ser:official>
                     <ser:firstName>jean</ser:firstName>
                     <ser:lastName>baptist</ser:lastName>
                     <ser:phoneNumber>0452363621</ser:phoneNumber>
                     <ser:email>cisyapan@cirb.brussels</ser:email>
                  </ser:official>
               </ser:transfer>
            </ser:serviceChange>
         </v1:request>
      </v1:serviceChangeRequest>
   </soapenv:Body>
</soapenv:Envelope>]]></con:request><con:assertion type="SOAP Fault Assertion" id="a8bac268-f924-4343-84b0-21940ebeb97d" name="Not SOAP Fault"/><con:assertion type="SOAP Response" id="d69730b6-8422-4e8e-ae29-e2106075550d" name="SOAP Response"/><con:assertion type="Schema Compliance" id="52a8d648-3ec6-4d2f-a82d-fbb3913fda5f" name="Schema Compliance"><con:configuration/></con:assertion><con:wsaConfig action="http://fidus.brussels/services/exportfromregondesservice/serviceChange"/></con:request></con:config></con:testStep><con:testStep type="request" id="fedffcdd-170b-4e8e-bed1-60d82a2bbb7b" name="testcase5 - Prod - Worker1 - Request"><con:settings/><con:config xsi:type="con:RequestStep" xmlns:xsi="http://www.w3.org/2001/XMLSchema-instance"><con:interface>ExportFromRegondesServiceHTTPBinding</con:interface><con:operation>serviceChange</con:operation><con:request name="testcase5 - Prod - Worker1 - Request" id="c63f52e5-eb1d-4ed3-9658-1a5528f40770" outgoingWss="Outflow PROD"><con:settings/><con:encoding>UTF-8</con:encoding><con:endpoint>https://192.168.26.22:8443/services/ExportFromRegondesService_v1.0</con:endpoint><con:request><![CDATA[<soapenv:Envelope xmlns:soapenv="http://schemas.xmlsoap.org/soap/envelope/" xmlns:v1="http://fidus.brussels/service/exportfromregondesservice/messages/v1" xmlns:v11="http://fidus.brussels/type/common/messages/v1" xmlns:ser="http://www.minfin.fgov.be/regondes2/extern/taxservice/exports/serviceChanged" xmlns:com="http://www.minfin.fgov.be/regondes2/extern/taxservice/common">
   <soapenv:Header/>
   <soapenv:Body>
      <v1:serviceChangeRequest>
         <v1:messageContext>
            <v11:messageId>${=import static java.util.UUID.randomUUID; uuid = randomUUID() as String}</v11:messageId>
            <!--Optional:-->
            <v11:timestamp>${=new java.text.SimpleDateFormat("yyyy-MM-dd'T'HH:mm:ss.SSS").format(new Date())}</v11:timestamp>
         </v1:messageContext>
         <v1:legalContext>ServiceIntegrator</v1:legalContext>
         <v1:request>
            <ser:serviceChange>
               <ser:referenceFodFin>11223344</ser:referenceFodFin>
               <ser:initialService>
                  <!--Optional:-->
                  <com:technicalReference>1524</com:technicalReference>
                  <com:type>AAF</com:type>
                  <com:reference>reference</com:reference>
               </ser:initialService>
               <!--1 to 99 repetitions:-->
               <ser:transfer>
                  <ser:serviceName>CIRB</ser:serviceName>
                  <ser:dateIn>${=new java.text.SimpleDateFormat("yyyy-MM-dd").format(new Date())}</ser:dateIn>
                  <!--Optional:-->
                  <ser:dateOut>${=new java.text.SimpleDateFormat("yyyy-MM-dd").format(new Date())}</ser:dateOut>
                  <ser:official>
                     <ser:firstName>jean</ser:firstName>
                     <ser:lastName>baptist</ser:lastName>
                     <ser:phoneNumber>0452363621</ser:phoneNumber>
                     <ser:email>cisyapan@cirb.brussels</ser:email>
                  </ser:official>
               </ser:transfer>
            </ser:serviceChange>
         </v1:request>
      </v1:serviceChangeRequest>
   </soapenv:Body>
</soapenv:Envelope>]]></con:request><con:assertion type="SOAP Fault Assertion" id="6b54163e-d6ac-40b7-9ddd-df05308427ff" name="Not SOAP Fault"/><con:assertion type="SOAP Response" id="1cd34b49-8dff-44db-9a1e-ff7e87d71485" name="SOAP Response"/><con:assertion type="Schema Compliance" id="191eb0d7-b4e9-4085-af7a-13fc96e8b8a7" name="Schema Compliance"><con:configuration/></con:assertion><con:wsaConfig action="http://fidus.brussels/services/exportfromregondesservice/serviceChange"/></con:request></con:config></con:testStep><con:testStep type="request" id="91adc51e-f452-49c5-a121-abe2008eec1b" name="testcase5 - Prod - Worker2 - Request"><con:settings/><con:config xsi:type="con:RequestStep" xmlns:xsi="http://www.w3.org/2001/XMLSchema-instance"><con:interface>ExportFromRegondesServiceHTTPBinding</con:interface><con:operation>serviceChange</con:operation><con:request name="testcase5 - Prod - Worker2 - Request" id="05b1c785-d51b-4f97-b963-26d3467a7a4d" outgoingWss="Outflow PROD"><con:settings/><con:encoding>UTF-8</con:encoding><con:endpoint>https://192.168.26.19:8443/services/ExportFromRegondesService_v1.0</con:endpoint><con:request><![CDATA[<soapenv:Envelope xmlns:soapenv="http://schemas.xmlsoap.org/soap/envelope/" xmlns:v1="http://fidus.brussels/service/exportfromregondesservice/messages/v1" xmlns:v11="http://fidus.brussels/type/common/messages/v1" xmlns:ser="http://www.minfin.fgov.be/regondes2/extern/taxservice/exports/serviceChanged" xmlns:com="http://www.minfin.fgov.be/regondes2/extern/taxservice/common">
   <soapenv:Header/>
   <soapenv:Body>
      <v1:serviceChangeRequest>
         <v1:messageContext>
            <v11:messageId>${=import static java.util.UUID.randomUUID; uuid = randomUUID() as String}</v11:messageId>
            <!--Optional:-->
            <v11:timestamp>${=new java.text.SimpleDateFormat("yyyy-MM-dd'T'HH:mm:ss.SSS").format(new Date())}</v11:timestamp>
         </v1:messageContext>
         <v1:legalContext>ServiceIntegrator</v1:legalContext>
         <v1:request>
            <ser:serviceChange>
               <ser:referenceFodFin>11223344</ser:referenceFodFin>
               <ser:initialService>
                  <!--Optional:-->
                  <com:technicalReference>1524</com:technicalReference>
                  <com:type>AAF</com:type>
                  <com:reference>reference</com:reference>
               </ser:initialService>
               <!--1 to 99 repetitions:-->
               <ser:transfer>
                  <ser:serviceName>CIRB</ser:serviceName>
                  <ser:dateIn>${=new java.text.SimpleDateFormat("yyyy-MM-dd").format(new Date())}</ser:dateIn>
                  <!--Optional:-->
                  <ser:dateOut>${=new java.text.SimpleDateFormat("yyyy-MM-dd").format(new Date())}</ser:dateOut>
                  <ser:official>
                     <ser:firstName>jean</ser:firstName>
                     <ser:lastName>baptist</ser:lastName>
                     <ser:phoneNumber>0452363621</ser:phoneNumber>
                     <ser:email>cisyapan@cirb.brussels</ser:email>
                  </ser:official>
               </ser:transfer>
            </ser:serviceChange>
         </v1:request>
      </v1:serviceChangeRequest>
   </soapenv:Body>
</soapenv:Envelope>]]></con:request><con:assertion type="SOAP Fault Assertion" id="70f2916a-93c3-40fe-a2df-36e6bbef90e1" name="Not SOAP Fault"/><con:assertion type="SOAP Response" id="5f943dcc-3956-4cb4-b18f-a6f066ccc6a1" name="SOAP Response"/><con:assertion type="Schema Compliance" id="c3a7e14c-1304-4003-9f18-92aef64252a6" name="Schema Compliance"><con:configuration/></con:assertion><con:wsaConfig action="http://fidus.brussels/services/exportfromregondesservice/serviceChange"/></con:request></con:config></con:testStep><con:properties/></con:testCase><con:properties/></con:testSuite><con:properties/><con:wssContainer><con:crypto><con:source>data/wso2/keystores/user-rajarshi.jks</con:source><con:password>test@fidus01</con:password><con:type>KEYSTORE</con:type></con:crypto><con:outgoing><con:name>Outflow DEV</con:name></con:outgoing><con:outgoing><con:name>Outflow TEST</con:name><con:entry type="Signature" username="testuser-test.fidus.brussels" password="test@fidus01"><con:configuration><crypto>user-rajarshi.jks</crypto><keyIdentifierType>3</keyIdentifierType><signatureAlgorithm/><signatureCanonicalization/><useSingleCert>true</useSingleCert><digestAlgorithm/><customTokenValueType/><customTokenId/></con:configuration></con:entry><con:entry type="Timestamp"><con:configuration><timeToLive>300000</timeToLive><strictTimestamp>true</strictTimestamp></con:configuration></con:entry></con:outgoing><con:outgoing><con:name>Outflow STAG</con:name></con:outgoing><con:outgoing><con:name>Outflow PROD</con:name></con:outgoing></con:wssContainer><con:oAuth2ProfileContainer/><con:sensitiveInformation/></con:soapui-project>