<?xml version="1.0" encoding="UTF-8"?>
<con:soapui-project id="9166b53f-a96c-4ae3-9197-19d6eecc2215" activeEnvironment="Default" name="Client-CountryService-soapui-project" resourceRoot="" soapui-version="5.1.3" abortOnError="false" runType="SEQUENTIAL" xmlns:con="http://eviware.com/soapui/config"><con:settings/><con:interface xsi:type="con:WsdlInterface" id="ceeb42e6-bfcb-4a41-a078-3a105ca689c7" wsaVersion="NONE" name="CountryServiceHTTPBinding" type="wsdl" bindingName="{http://fidus.brussels/service/countryservice/v1}CountryServiceHTTPBinding" soapVersion="1_1" anonymous="optional" definition="file:/home/gbuyle/projects/fidus/countryservice/CountryServiceGateway/src/main/resources/wsdl/countryService/1.0.0/CountryService_v1.wsdl" xmlns:xsi="http://www.w3.org/2001/XMLSchema-instance"><con:settings/><con:definitionCache type="TEXT" rootPart="file:/home/gbuyle/projects/fidus/countryservice/CountryServiceGateway/src/main/resources/wsdl/countryService/1.0.0/CountryService_v1.wsdl"><con:part><con:url>file:/home/gbuyle/projects/fidus/countryservice/CountryServiceGateway/src/main/resources/wsdl/countryService/1.0.0/CountryService_v1.wsdl</con:url><con:content><![CDATA[<wsdl:definitions targetNamespace="http://fidus.brussels/service/countryservice/v1" name="CountryService" xmlns:soap="http://schemas.xmlsoap.org/wsdl/soap/" xmlns:wsdl="http://schemas.xmlsoap.org/wsdl/" xmlns:xsd="http://www.w3.org/2001/XMLSchema" xmlns:mes="http://fidus.brussels/service/countryservice/messages/v1" xmlns:tns="http://fidus.brussels/service/countryservice/v1">
  <xsd:annotation>
    <xsd:documentation>CountryService WDSL v1.</xsd:documentation>
  </xsd:annotation>
  <wsdl:types>
    <xsd:schema targetNamespace="http://fidus.brussels/service/countryservice/v1" elementFormDefault="qualified">
      <xsd:import namespace="http://fidus.brussels/service/countryservice/messages/v1" schemaLocation="messages/countryServiceMessages_v1.xsd"/>
    </xsd:schema>
  </wsdl:types>
  <wsdl:message name="getAllIsoCodesRequestMessage">
    <wsdl:part name="GetAllIsoCodesRequest" element="mes:getAllIsoCodesRequest"/>
  </wsdl:message>
  <wsdl:message name="getAllIsoCodesResponseMessage">
    <wsdl:part name="GetAllIsoCodesResponse" element="mes:getAllIsoCodesResponse"/>
  </wsdl:message>
  <wsdl:message name="getAllNisCodesRequestMessage">
    <wsdl:part name="GetAllNisCodesRequest" element="mes:getAllNisCodesRequest"/>
  </wsdl:message>
  <wsdl:message name="getAllNisCodesResponseMessage">
    <wsdl:part name="GetAllNisCodesResponse" element="mes:getAllNisCodesResponse"/>
  </wsdl:message>
  <wsdl:message name="getAddressCountriesRequestMessage">
    <wsdl:part name="GetAddressCountriesRequest" element="mes:getAddressCountriesRequest"/>
  </wsdl:message>
  <wsdl:message name="getAddressCountriesResponseMessage">
    <wsdl:part name="GetAddressCountriesResponse" element="mes:getAddressCountriesResponse"/>
  </wsdl:message>
  <wsdl:message name="getAddressCountryRequestMessage">
    <wsdl:part name="GetAddressCountryRequest" element="mes:getAddressCountryRequest"/>
  </wsdl:message>
  <wsdl:message name="getAddressCountryResponseMessage">
    <wsdl:part name="GetAddressCountryResponse" element="mes:getAddressCountryResponse"/>
  </wsdl:message>
  <wsdl:message name="getAddressCountryHistoryRequestMessage">
    <wsdl:part name="GetAddressCountryHistoryRequest" element="mes:getAddressCountryHistoryRequest"/>
  </wsdl:message>
  <wsdl:message name="getAddressCountryHistoryResponseMessage">
    <wsdl:part name="GetAddressCountryHistoryResponse" element="mes:getAddressCountryHistoryResponse"/>
  </wsdl:message>
  <wsdl:message name="getNationalitiesRequestMessage">
    <wsdl:part name="GetNationalitiesRequest" element="mes:getNationalitiesRequest"/>
  </wsdl:message>
  <wsdl:message name="getNationalitiesResponseMessage">
    <wsdl:part name="GetNationalitiesResponse" element="mes:getNationalitiesResponse"/>
  </wsdl:message>
  <wsdl:message name="getNationalityRequestMessage">
    <wsdl:part name="GetNationalityRequest" element="mes:getNationalityRequest"/>
  </wsdl:message>
  <wsdl:message name="getNationalityResponseMessage">
    <wsdl:part name="GetNationalityResponse" element="mes:getNationalityResponse"/>
  </wsdl:message>
  <wsdl:message name="getNationalityHistoryRequestMessage">
    <wsdl:part name="GetNationalityHistoryRequest" element="mes:getNationalityHistoryRequest"/>
  </wsdl:message>
  <wsdl:message name="getNationalityHistoryResponseMessage">
    <wsdl:part name="GetNationalityHistoryResponse" element="mes:getNationalityHistoryResponse"/>
  </wsdl:message>
  <wsdl:message name="getPlaceCountriesRequestMessage">
    <wsdl:part name="GetPlaceCountriesRequest" element="mes:getPlaceCountriesRequest"/>
  </wsdl:message>
  <wsdl:message name="getPlaceCountriesResponseMessage">
    <wsdl:part name="GetPlaceCountriesResponse" element="mes:getPlaceCountriesResponse"/>
  </wsdl:message>
  <wsdl:message name="getPlaceCountryRequestMessage">
    <wsdl:part name="GetPlaceCountryRequest" element="mes:getPlaceCountryRequest"/>
  </wsdl:message>
  <wsdl:message name="getPlaceCountryResponseMessage">
    <wsdl:part name="GetPlaceCountryResponse" element="mes:getPlaceCountryResponse"/>
  </wsdl:message>
  <wsdl:message name="getPlaceCountryHistoryRequestMessage">
    <wsdl:part name="GetPlaceCountryHistoryRequest" element="mes:getPlaceCountryHistoryRequest"/>
  </wsdl:message>
  <wsdl:message name="getPlaceCountryHistoryResponseMessage">
    <wsdl:part name="GetPlaceCountryHistoryResponse" element="mes:getPlaceCountryHistoryResponse"/>
  </wsdl:message>
  <wsdl:portType name="CountryServicePortType">
    <wsdl:operation name="getAllIsoCodes">
      <wsdl:input message="tns:getAllIsoCodesRequestMessage"/>
      <wsdl:output message="tns:getAllIsoCodesResponseMessage"/>
    </wsdl:operation>
    <wsdl:operation name="getAllNisCodes">
      <wsdl:input message="tns:getAllNisCodesRequestMessage"/>
      <wsdl:output message="tns:getAllNisCodesResponseMessage"/>
    </wsdl:operation>
    <wsdl:operation name="getAddressCountries">
      <wsdl:input message="tns:getAddressCountriesRequestMessage"/>
      <wsdl:output message="tns:getAddressCountriesResponseMessage"/>
    </wsdl:operation>
    <wsdl:operation name="getAddressCountry">
      <wsdl:input message="tns:getAddressCountryRequestMessage"/>
      <wsdl:output message="tns:getAddressCountryResponseMessage"/>
    </wsdl:operation>
    <wsdl:operation name="getAddressCountryHistory">
      <wsdl:input message="tns:getAddressCountryHistoryRequestMessage"/>
      <wsdl:output message="tns:getAddressCountryHistoryResponseMessage"/>
    </wsdl:operation>
    <wsdl:operation name="getNationalities">
      <wsdl:input message="tns:getNationalitiesRequestMessage"/>
      <wsdl:output message="tns:getNationalitiesResponseMessage"/>
    </wsdl:operation>
    <wsdl:operation name="getNationality">
      <wsdl:input message="tns:getNationalityRequestMessage"/>
      <wsdl:output message="tns:getNationalityResponseMessage"/>
    </wsdl:operation>
    <wsdl:operation name="getNationalityHistory">
      <wsdl:input message="tns:getNationalityHistoryRequestMessage"/>
      <wsdl:output message="tns:getNationalityHistoryResponseMessage"/>
    </wsdl:operation>
    <wsdl:operation name="getPlaceCountries">
      <wsdl:input message="tns:getPlaceCountriesRequestMessage"/>
      <wsdl:output message="tns:getPlaceCountriesResponseMessage"/>
    </wsdl:operation>
    <wsdl:operation name="getPlaceCountry">
      <wsdl:input message="tns:getPlaceCountryRequestMessage"/>
      <wsdl:output message="tns:getPlaceCountryResponseMessage"/>
    </wsdl:operation>
    <wsdl:operation name="getPlaceCountryHistory">
      <wsdl:input message="tns:getPlaceCountryHistoryRequestMessage"/>
      <wsdl:output message="tns:getPlaceCountryHistoryResponseMessage"/>
    </wsdl:operation>
  </wsdl:portType>
  <wsdl:binding name="CountryServiceHTTPBinding" type="tns:CountryServicePortType">
    <soap:binding style="document" transport="http://schemas.xmlsoap.org/soap/http"/>
    <wsdl:operation name="getAllIsoCodes">
      <soap:operation soapAction="http://fidus.brussels/services/countryservice/getAllIsoCodes"/>
      <wsdl:input>
        <soap:body use="literal"/>
      </wsdl:input>
      <wsdl:output>
        <soap:body use="literal"/>
      </wsdl:output>
    </wsdl:operation>
    <wsdl:operation name="getAllNisCodes">
      <soap:operation soapAction="http://fidus.brussels/services/countryservice/getAllNisCodes"/>
      <wsdl:input>
        <soap:body use="literal"/>
      </wsdl:input>
      <wsdl:output>
        <soap:body use="literal"/>
      </wsdl:output>
    </wsdl:operation>
    <wsdl:operation name="getAddressCountries">
      <soap:operation soapAction="http://fidus.brussels/services/countryservice/getAddressCountries"/>
      <wsdl:input>
        <soap:body use="literal"/>
      </wsdl:input>
      <wsdl:output>
        <soap:body use="literal"/>
      </wsdl:output>
    </wsdl:operation>
    <wsdl:operation name="getAddressCountry">
      <soap:operation soapAction="http://fidus.brussels/services/countryservice/getAddressCountry"/>
      <wsdl:input>
        <soap:body use="literal"/>
      </wsdl:input>
      <wsdl:output>
        <soap:body use="literal"/>
      </wsdl:output>
    </wsdl:operation>
    <wsdl:operation name="getAddressCountryHistory">
      <soap:operation soapAction="http://fidus.brussels/services/countryservice/getAddressCountryHistory"/>
      <wsdl:input>
        <soap:body use="literal"/>
      </wsdl:input>
      <wsdl:output>
        <soap:body use="literal"/>
      </wsdl:output>
    </wsdl:operation>
    <wsdl:operation name="getNationalities">
      <soap:operation soapAction="http://fidus.brussels/services/countryservice/getNationalities"/>
      <wsdl:input>
        <soap:body use="literal"/>
      </wsdl:input>
      <wsdl:output>
        <soap:body use="literal"/>
      </wsdl:output>
    </wsdl:operation>
    <wsdl:operation name="getNationality">
      <soap:operation soapAction="http://fidus.brussels/services/countryservice/getNationality"/>
      <wsdl:input>
        <soap:body use="literal"/>
      </wsdl:input>
      <wsdl:output>
        <soap:body use="literal"/>
      </wsdl:output>
    </wsdl:operation>
    <wsdl:operation name="getNationalityHistory">
      <soap:operation soapAction="http://fidus.brussels/services/countryservice/getNationalityHistory"/>
      <wsdl:input>
        <soap:body use="literal"/>
      </wsdl:input>
      <wsdl:output>
        <soap:body use="literal"/>
      </wsdl:output>
    </wsdl:operation>
    <wsdl:operation name="getPlaceCountries">
      <soap:operation soapAction="http://fidus.brussels/services/countryservice/getPlaceCountries"/>
      <wsdl:input>
        <soap:body use="literal"/>
      </wsdl:input>
      <wsdl:output>
        <soap:body use="literal"/>
      </wsdl:output>
    </wsdl:operation>
    <wsdl:operation name="getPlaceCountry">
      <soap:operation soapAction="http://fidus.brussels/services/countryservice/getPlaceCountry"/>
      <wsdl:input>
        <soap:body use="literal"/>
      </wsdl:input>
      <wsdl:output>
        <soap:body use="literal"/>
      </wsdl:output>
    </wsdl:operation>
    <wsdl:operation name="getPlaceCountryHistory">
      <soap:operation soapAction="http://fidus.brussels/services/countryservice/getPlaceCountryHistory"/>
      <wsdl:input>
        <soap:body use="literal"/>
      </wsdl:input>
      <wsdl:output>
        <soap:body use="literal"/>
      </wsdl:output>
    </wsdl:operation>
  </wsdl:binding>
  <wsdl:service name="CountryService_v1">
    <wsdl:port name="CountryService_v1" binding="tns:CountryServiceHTTPBinding">
      <soap:address location="http://fidus.brussels/services/countryservice/v1"/>
    </wsdl:port>
  </wsdl:service>
</wsdl:definitions>]]></con:content><con:type>http://schemas.xmlsoap.org/wsdl/</con:type></con:part><con:part><con:url>file:/home/gbuyle/projects/fidus/countryservice/CountryServiceGateway/src/main/resources/wsdl/countryService/1.0.0/messages/countryServiceMessages_v1.xsd</con:url><con:content><![CDATA[<xsd:schema targetNamespace="http://fidus.brussels/service/countryservice/messages/v1" elementFormDefault="qualified" attributeFormDefault="unqualified" version="1.0" xmlns:xsd="http://www.w3.org/2001/XMLSchema" xmlns:cme="http://fidus.brussels/type/common/messages/v1" xmlns:exc="http://fidus.brussels/type/common/exceptions/v1" xmlns:tns="http://fidus.brussels/service/countryservice/messages/v1" xmlns:cou="http://fsb.belgium.be/mappingServices/data/country/v1_00" xmlns:csmes="http://fsb.belgium.be/mappingServices/countryService/messages/v1_00">
  <xsd:import namespace="http://fidus.brussels/type/common/messages/v1" schemaLocation="baseMessageTypes_v1.xsd"/>
  <xsd:import namespace="http://fidus.brussels/type/common/exceptions/v1" schemaLocation="exceptionTypes_v1.xsd"/>
  <xsd:import namespace="http://fsb.belgium.be/mappingServices/data/country/v1_00" schemaLocation="../country/external.xsd"/>
  <xsd:import namespace="http://fsb.belgium.be/mappingServices/countryService/messages/v1_00" schemaLocation="../country/countryServiceMessages.xsd"/>
  <xsd:complexType name="AllIsoCodesRequestType">
    <xsd:annotation>
      <xsd:documentation/>
    </xsd:annotation>
    <xsd:sequence>
      <xsd:element name="referenceDate" type="xsd:date" minOccurs="0"/>
    </xsd:sequence>
  </xsd:complexType>
  <xsd:complexType name="AllNisCodesRequestType">
    <xsd:annotation>
      <xsd:documentation/>
    </xsd:annotation>
    <xsd:sequence>
      <xsd:element name="referenceDate" type="xsd:date" minOccurs="0"/>
    </xsd:sequence>
  </xsd:complexType>
  <xsd:complexType name="NationalityRequestType">
    <xsd:annotation>
      <xsd:documentation/>
    </xsd:annotation>
    <xsd:complexContent>
      <xsd:extension base="csmes:NationalityRequestType"/>
    </xsd:complexContent>
  </xsd:complexType>
  <xsd:complexType name="NationalitiesRequestType">
    <xsd:annotation>
      <xsd:documentation/>
    </xsd:annotation>
    <xsd:sequence>
      <xsd:element name="referenceDate" type="xsd:date" minOccurs="0"/>
    </xsd:sequence>
  </xsd:complexType>
  <xsd:complexType name="NationalityHistoryRequestType">
    <xsd:annotation>
      <xsd:documentation/>
    </xsd:annotation>
    <xsd:complexContent>
      <xsd:extension base="csmes:NationalityHistoryRequestType"/>
    </xsd:complexContent>
  </xsd:complexType>
  <xsd:complexType name="AddressCountryRequestType">
    <xsd:annotation>
      <xsd:documentation/>
    </xsd:annotation>
    <xsd:complexContent>
      <xsd:extension base="csmes:NationalityRequestType"/>
    </xsd:complexContent>
  </xsd:complexType>
  <xsd:complexType name="AddressCountryHistoryRequestType">
    <xsd:annotation>
      <xsd:documentation/>
    </xsd:annotation>
    <xsd:complexContent>
      <xsd:extension base="csmes:AddressCountryHistoryRequestType"/>
    </xsd:complexContent>
  </xsd:complexType>
  <xsd:complexType name="PlaceCountryRequestType">
    <xsd:annotation>
      <xsd:documentation/>
    </xsd:annotation>
    <xsd:complexContent>
      <xsd:extension base="csmes:PlaceCountryRequestType"/>
    </xsd:complexContent>
  </xsd:complexType>
  <xsd:complexType name="PlaceCountriesRequestType">
    <xsd:annotation>
      <xsd:documentation/>
    </xsd:annotation>
    <xsd:sequence>
      <xsd:element name="referenceDate" type="xsd:date" minOccurs="0"/>
    </xsd:sequence>
  </xsd:complexType>
  <xsd:complexType name="PlaceCountryHistoryRequestType">
    <xsd:annotation>
      <xsd:documentation/>
    </xsd:annotation>
    <xsd:complexContent>
      <xsd:extension base="csmes:PlaceCountryHistoryRequestType"/>
    </xsd:complexContent>
  </xsd:complexType>
  <!--Request getCountryService definition-->
  <xsd:complexType name="GetAllIsoCodesRequestType">
    <xsd:sequence>
      <xsd:element name="messageContext" type="cme:RequestMessageContextType"/>
      <xsd:element name="legalContext" type="cme:LegalContextType"/>
      <xsd:element name="request" type="tns:AllIsoCodesRequestType"/>
    </xsd:sequence>
  </xsd:complexType>
  <xsd:complexType name="GetAllNisCodesRequestType">
    <xsd:sequence>
      <xsd:element name="messageContext" type="cme:RequestMessageContextType"/>
      <xsd:element name="legalContext" type="cme:LegalContextType"/>
      <xsd:element name="request" type="tns:AllNisCodesRequestType"/>
    </xsd:sequence>
  </xsd:complexType>
  <xsd:complexType name="GetNationalityRequestType">
    <xsd:sequence>
      <xsd:element name="messageContext" type="cme:RequestMessageContextType"/>
      <xsd:element name="legalContext" type="cme:LegalContextType"/>
      <xsd:element name="request" type="tns:NationalityRequestType"/>
    </xsd:sequence>
  </xsd:complexType>
  <xsd:complexType name="GetNationalitiesRequestType">
    <xsd:sequence>
      <xsd:element name="messageContext" type="cme:RequestMessageContextType"/>
      <xsd:element name="legalContext" type="cme:LegalContextType"/>
      <xsd:element name="request" type="tns:NationalitiesRequestType"/>
    </xsd:sequence>
  </xsd:complexType>
  <xsd:complexType name="GetNationalityHistoryRequestType">
    <xsd:sequence>
      <xsd:element name="messageContext" type="cme:RequestMessageContextType"/>
      <xsd:element name="legalContext" type="cme:LegalContextType"/>
      <xsd:element name="request" type="tns:NationalityHistoryRequestType"/>
    </xsd:sequence>
  </xsd:complexType>
  <xsd:complexType name="GetAddressCountryRequestType">
    <xsd:sequence>
      <xsd:element name="messageContext" type="cme:RequestMessageContextType"/>
      <xsd:element name="legalContext" type="cme:LegalContextType"/>
      <xsd:element name="request" type="tns:NationalityRequestType"/>
    </xsd:sequence>
  </xsd:complexType>
  <xsd:complexType name="GetAddressCountriesRequestType">
    <xsd:sequence>
      <xsd:element name="messageContext" type="cme:RequestMessageContextType"/>
      <xsd:element name="legalContext" type="cme:LegalContextType"/>
      <xsd:element name="request" type="tns:NationalitiesRequestType"/>
    </xsd:sequence>
  </xsd:complexType>
  <xsd:complexType name="GetAddressCountryHistoryRequestType">
    <xsd:sequence>
      <xsd:element name="messageContext" type="cme:RequestMessageContextType"/>
      <xsd:element name="legalContext" type="cme:LegalContextType"/>
      <xsd:element name="request" type="tns:AddressCountryHistoryRequestType"/>
    </xsd:sequence>
  </xsd:complexType>
  <xsd:complexType name="GetPlaceCountryRequestType">
    <xsd:sequence>
      <xsd:element name="messageContext" type="cme:RequestMessageContextType"/>
      <xsd:element name="legalContext" type="cme:LegalContextType"/>
      <xsd:element name="request" type="tns:PlaceCountryRequestType"/>
    </xsd:sequence>
  </xsd:complexType>
  <xsd:complexType name="GetPlaceCountriesRequestType">
    <xsd:sequence>
      <xsd:element name="messageContext" type="cme:RequestMessageContextType"/>
      <xsd:element name="legalContext" type="cme:LegalContextType"/>
      <xsd:element name="request" type="tns:PlaceCountriesRequestType"/>
    </xsd:sequence>
  </xsd:complexType>
  <xsd:complexType name="GetPlaceCountryHistoryRequestType">
    <xsd:sequence>
      <xsd:element name="messageContext" type="cme:RequestMessageContextType"/>
      <xsd:element name="legalContext" type="cme:LegalContextType"/>
      <xsd:element name="request" type="tns:PlaceCountryHistoryRequestType"/>
    </xsd:sequence>
  </xsd:complexType>
  <!--Response getCountryService definition-->
  <xsd:complexType name="GetAllIsoCodesResponseType">
    <xsd:sequence>
      <xsd:element name="messageContext" type="cme:ResponseMessageContextType"/>
      <xsd:element name="responses" type="tns:IsoResponsesType" minOccurs="0"/>
      <xsd:element name="exceptions" type="exc:ExceptionsType" minOccurs="0">
        <xsd:annotation>
          <xsd:documentation>Technical errors that occur when processing the message context e.g. insufficient rights.</xsd:documentation>
        </xsd:annotation>
      </xsd:element>
    </xsd:sequence>
  </xsd:complexType>
  <xsd:complexType name="GetAllNisCodesResponseType">
    <xsd:sequence>
      <xsd:element name="messageContext" type="cme:ResponseMessageContextType"/>
      <xsd:element name="responses" type="tns:NisResponsesType" minOccurs="0"/>
      <xsd:element name="exceptions" type="exc:ExceptionsType" minOccurs="0">
        <xsd:annotation>
          <xsd:documentation>Technical errors that occur when processing the message context e.g. insufficient rights.</xsd:documentation>
        </xsd:annotation>
      </xsd:element>
    </xsd:sequence>
  </xsd:complexType>
  <xsd:complexType name="GetNationalityResponseType">
    <xsd:sequence>
      <xsd:element name="messageContext" type="cme:ResponseMessageContextType"/>
      <xsd:element name="responses" type="tns:NationalityResponsesType" minOccurs="0"/>
      <xsd:element name="exceptions" type="exc:ExceptionsType" minOccurs="0">
        <xsd:annotation>
          <xsd:documentation>Technical errors that occur when processing the message context e.g. insufficient rights.</xsd:documentation>
        </xsd:annotation>
      </xsd:element>
    </xsd:sequence>
  </xsd:complexType>
  <xsd:complexType name="GetNationalitiesResponseType">
    <xsd:sequence>
      <xsd:element name="messageContext" type="cme:ResponseMessageContextType"/>
      <xsd:element name="responses" type="tns:NationalitiesResponsesType" minOccurs="0"/>
      <xsd:element name="exceptions" type="exc:ExceptionsType" minOccurs="0">
        <xsd:annotation>
          <xsd:documentation>Technical errors that occur when processing the message context e.g. insufficient rights.</xsd:documentation>
        </xsd:annotation>
      </xsd:element>
    </xsd:sequence>
  </xsd:complexType>
  <xsd:complexType name="GetNationalityHistoryResponseType">
    <xsd:sequence>
      <xsd:element name="messageContext" type="cme:ResponseMessageContextType"/>
      <xsd:element name="responses" type="tns:NationalitiesResponsesType" minOccurs="0"/>
      <xsd:element name="exceptions" type="exc:ExceptionsType" minOccurs="0">
        <xsd:annotation>
          <xsd:documentation>Technical errors that occur when processing the message context e.g. insufficient rights.</xsd:documentation>
        </xsd:annotation>
      </xsd:element>
    </xsd:sequence>
  </xsd:complexType>
  <xsd:complexType name="GetAddressCountryResponseType">
    <xsd:sequence>
      <xsd:element name="messageContext" type="cme:ResponseMessageContextType"/>
      <xsd:element name="responses" type="csmes:AddressCountriesType" minOccurs="0"/>
      <xsd:element name="exceptions" type="exc:ExceptionsType" minOccurs="0">
        <xsd:annotation>
          <xsd:documentation>Technical errors that occur when processing the message context e.g. insufficient rights.</xsd:documentation>
        </xsd:annotation>
      </xsd:element>
    </xsd:sequence>
  </xsd:complexType>
  <xsd:complexType name="GetAddressCountriesResponseType">
    <xsd:sequence>
      <xsd:element name="messageContext" type="cme:ResponseMessageContextType"/>
      <xsd:element name="responses" type="csmes:AddressCountriesType" minOccurs="0"/>
      <xsd:element name="exceptions" type="exc:ExceptionsType" minOccurs="0">
        <xsd:annotation>
          <xsd:documentation>Technical errors that occur when processing the message context e.g. insufficient rights.</xsd:documentation>
        </xsd:annotation>
      </xsd:element>
    </xsd:sequence>
  </xsd:complexType>
  <xsd:complexType name="GetAddressCountryHistoryResponseType">
    <xsd:sequence>
      <xsd:element name="messageContext" type="cme:ResponseMessageContextType"/>
      <xsd:element name="responses" type="csmes:AddressCountriesType" minOccurs="0"/>
      <xsd:element name="exceptions" type="exc:ExceptionsType" minOccurs="0">
        <xsd:annotation>
          <xsd:documentation>Technical errors that occur when processing the message context e.g. insufficient rights.</xsd:documentation>
        </xsd:annotation>
      </xsd:element>
    </xsd:sequence>
  </xsd:complexType>
  <xsd:complexType name="GetPlaceCountryResponseType">
    <xsd:sequence>
      <xsd:element name="messageContext" type="cme:ResponseMessageContextType"/>
      <xsd:element name="responses" type="csmes:PlaceCountriesType" minOccurs="0"/>
      <xsd:element name="exceptions" type="exc:ExceptionsType" minOccurs="0">
        <xsd:annotation>
          <xsd:documentation>Technical errors that occur when processing the message context e.g. insufficient rights.</xsd:documentation>
        </xsd:annotation>
      </xsd:element>
    </xsd:sequence>
  </xsd:complexType>
  <xsd:complexType name="GetPlaceCountriesResponseType">
    <xsd:sequence>
      <xsd:element name="messageContext" type="cme:ResponseMessageContextType"/>
      <xsd:element name="responses" type="csmes:PlaceCountriesType" minOccurs="0"/>
      <xsd:element name="exceptions" type="exc:ExceptionsType" minOccurs="0">
        <xsd:annotation>
          <xsd:documentation>Technical errors that occur when processing the message context e.g. insufficient rights.</xsd:documentation>
        </xsd:annotation>
      </xsd:element>
    </xsd:sequence>
  </xsd:complexType>
  <xsd:complexType name="GetPlaceCountryHistoryResponseType">
    <xsd:sequence>
      <xsd:element name="messageContext" type="cme:ResponseMessageContextType"/>
      <xsd:element name="responses" type="csmes:PlaceCountriesType" minOccurs="0"/>
      <xsd:element name="exceptions" type="exc:ExceptionsType" minOccurs="0">
        <xsd:annotation>
          <xsd:documentation>Technical errors that occur when processing the message context e.g. insufficient rights.</xsd:documentation>
        </xsd:annotation>
      </xsd:element>
    </xsd:sequence>
  </xsd:complexType>
  <xsd:complexType name="IsoResponsesType">
    <xsd:sequence>
      <xsd:element name="response" type="tns:IsoResponseType" minOccurs="1" maxOccurs="1"/>
    </xsd:sequence>
  </xsd:complexType>
  <xsd:complexType name="IsoResponseType">
    <xsd:sequence>
      <xsd:element name="iso" type="cou:IsoType" maxOccurs="unbounded" minOccurs="0"/>
      <xsd:element name="exceptions" type="exc:ExceptionsType" minOccurs="0">
        <xsd:annotation>
          <xsd:documentation>Business exceptions that occur when processing the request or response e.g. missing data for a single response element.
						Exceptions at this level may contain back-end specific codes and content.</xsd:documentation>
        </xsd:annotation>
      </xsd:element>
    </xsd:sequence>
  </xsd:complexType>
  <xsd:complexType name="NisResponsesType">
    <xsd:sequence>
      <xsd:element name="response" type="tns:NisResponseType" minOccurs="1" maxOccurs="1"/>
    </xsd:sequence>
  </xsd:complexType>
  <xsd:complexType name="NisResponseType">
    <xsd:sequence>
      <xsd:element name="nis" type="cou:NisType" maxOccurs="unbounded" minOccurs="0"/>
      <xsd:element name="exceptions" type="exc:ExceptionsType" minOccurs="0">
        <xsd:annotation>
          <xsd:documentation>Business exceptions that occur when processing the request or response e.g. missing data for a single response element.
						Exceptions at this level may contain back-end specific codes and content.</xsd:documentation>
        </xsd:annotation>
      </xsd:element>
    </xsd:sequence>
  </xsd:complexType>
  <xsd:complexType name="NationalityResponsesType">
    <xsd:sequence>
      <xsd:element name="response" type="tns:NationalityResponseType" minOccurs="1" maxOccurs="1"/>
    </xsd:sequence>
  </xsd:complexType>
  <xsd:complexType name="NationalitiesResponsesType">
    <xsd:sequence>
      <xsd:element name="response" type="tns:NationalityResponseType" minOccurs="1" maxOccurs="1"/>
    </xsd:sequence>
  </xsd:complexType>
  <xsd:complexType name="NationalityResponseType">
    <xsd:annotation>
      <xsd:documentation></xsd:documentation>
    </xsd:annotation>
    <xsd:sequence>
      <xsd:element name="nationality" type="csmes:NationalityType" minOccurs="0" maxOccurs="unbounded"/>
    </xsd:sequence>
  </xsd:complexType>
  <!--Element of the request and the response-->
  <xsd:element name="getAllIsoCodesRequest" type="tns:GetAllIsoCodesRequestType"/>
  <xsd:element name="getAllIsoCodesResponse" type="tns:GetAllIsoCodesResponseType"/>
  <xsd:element name="getAllNisCodesRequest" type="tns:GetAllNisCodesRequestType"/>
  <xsd:element name="getAllNisCodesResponse" type="tns:GetAllNisCodesResponseType"/>
  <xsd:element name="getNationalityRequest" type="tns:GetNationalityRequestType"/>
  <xsd:element name="getNationalityResponse" type="tns:GetNationalityResponseType"/>
  <xsd:element name="getNationalitiesRequest" type="tns:GetNationalitiesRequestType"/>
  <xsd:element name="getNationalitiesResponse" type="tns:GetNationalitiesResponseType"/>
  <xsd:element name="getNationalityHistoryRequest" type="tns:GetNationalityHistoryRequestType"/>
  <xsd:element name="getNationalityHistoryResponse" type="tns:GetNationalityHistoryResponseType"/>
  <xsd:element name="getAddressCountryRequest" type="tns:GetAddressCountryRequestType"/>
  <xsd:element name="getAddressCountryResponse" type="tns:GetAddressCountryResponseType"/>
  <xsd:element name="getAddressCountriesRequest" type="tns:GetAddressCountriesRequestType"/>
  <xsd:element name="getAddressCountriesResponse" type="tns:GetAddressCountriesResponseType"/>
  <xsd:element name="getAddressCountryHistoryRequest" type="tns:GetAddressCountryHistoryRequestType"/>
  <xsd:element name="getAddressCountryHistoryResponse" type="tns:GetAddressCountryHistoryResponseType"/>
  <xsd:element name="getPlaceCountryRequest" type="tns:GetPlaceCountryRequestType"/>
  <xsd:element name="getPlaceCountryResponse" type="tns:GetPlaceCountryResponseType"/>
  <xsd:element name="getPlaceCountriesRequest" type="tns:GetPlaceCountriesRequestType"/>
  <xsd:element name="getPlaceCountriesResponse" type="tns:GetPlaceCountriesResponseType"/>
  <xsd:element name="getPlaceCountryHistoryRequest" type="tns:GetPlaceCountryHistoryRequestType"/>
  <xsd:element name="getPlaceCountryHistoryResponse" type="tns:GetPlaceCountryHistoryResponseType"/>
</xsd:schema>]]></con:content><con:type>http://www.w3.org/2001/XMLSchema</con:type></con:part><con:part><con:url>file:/home/gbuyle/projects/fidus/countryservice/CountryServiceGateway/src/main/resources/wsdl/countryService/1.0.0/messages/baseMessageTypes_v1.xsd</con:url><con:content><![CDATA[<xsd:schema targetNamespace="http://fidus.brussels/type/common/messages/v1" elementFormDefault="qualified" attributeFormDefault="unqualified" version="1.0" xmlns:xsd="http://www.w3.org/2001/XMLSchema" xmlns:cmn="http://fidus.brussels/type/common/v1" xmlns:tns="http://fidus.brussels/type/common/messages/v1">
  <!--Unformatted message Id-->
  <xsd:simpleType name="MessageIdType">
    <xsd:restriction base="xsd:string">
      <xsd:minLength value="1"/>
      <xsd:maxLength value="64"/>
    </xsd:restriction>
  </xsd:simpleType>
  <!--National Number of the person. Format depending on the Register-->
  <xsd:simpleType name="PersonNumberType">
    <xsd:restriction base="xsd:string">
      <xsd:pattern value="[0-9][0-9](([0][0-9])|([1][0-2]))(([0-2][0-9])|([3][0-1]))(([0-9]{2}[1-9])|([0-9][1-9][0-9])|([1-9][0-9]{2}))(([0-8][0-9])|([9][0-7]))">
        <xsd:annotation>
          <xsd:documentation>National Register format</xsd:documentation>
        </xsd:annotation>
      </xsd:pattern>
      <xsd:pattern value="[0-9][0-9](([2][0-9])|([3][0-2]))(([0-2][0-9])|([3][0-1]))[0-9]{3}(([0-8][0-9])|([9][0-7]))">
        <xsd:annotation>
          <xsd:documentation>CBSS Register format: Bis Register</xsd:documentation>
        </xsd:annotation>
      </xsd:pattern>
      <xsd:pattern value="[0-9][0-9](([4][0-9])|([5][0-2]))(([0-2][0-9])|([3][0-1]))[0-9]{3}(([0-8][0-9])|([9][0-7]))">
        <xsd:annotation>
          <xsd:documentation>CBSS Register format: Ter Register</xsd:documentation>
        </xsd:annotation>
      </xsd:pattern>
    </xsd:restriction>
  </xsd:simpleType>
  <!--Request message context-->
  <xsd:complexType name="RequestMessageContextType">
    <xsd:annotation>
      <xsd:documentation>Message context block generated by the consumer.</xsd:documentation>
    </xsd:annotation>
    <xsd:sequence>
      <xsd:element name="messageId" type="tns:MessageIdType">
        <xsd:annotation>
          <xsd:documentation>Consumer must assign their own MessageId reference for the request.</xsd:documentation>
        </xsd:annotation>
      </xsd:element>
      <xsd:element name="timestamp" type="xsd:dateTime" minOccurs="0">
        <xsd:annotation>
          <xsd:documentation>Timestamp when client sent request.</xsd:documentation>
        </xsd:annotation>
      </xsd:element>
    </xsd:sequence>
  </xsd:complexType>
  <!--Response message context-->
  <xsd:complexType name="ResponseMessageContextType">
    <xsd:annotation>
      <xsd:documentation>MessageContext block generated by fidus.</xsd:documentation>
    </xsd:annotation>
    <xsd:sequence>
      <xsd:element name="messageId" type="tns:MessageIdType">
        <xsd:annotation>
          <xsd:documentation>A unique identifier generated by fidus.</xsd:documentation>
        </xsd:annotation>
      </xsd:element>
      <xsd:element name="transactionId" type="tns:MessageIdType">
        <xsd:annotation>
          <xsd:documentation>A unique ID returned to the client for tracing purposes.</xsd:documentation>
        </xsd:annotation>
      </xsd:element>
      <xsd:element name="timestamp" type="xsd:dateTime" minOccurs="0">
        <xsd:annotation>
          <xsd:documentation>Time reply sent by fidus.</xsd:documentation>
        </xsd:annotation>
      </xsd:element>
    </xsd:sequence>
  </xsd:complexType>
  <!--Legal Context : the finality of the Privacy Commission-->
  <xsd:simpleType name="LegalContextType">
    <xsd:restriction base="xsd:string">
      <xsd:minLength value="1"/>
      <xsd:maxLength value="64"/>
    </xsd:restriction>
  </xsd:simpleType>
  <xsd:complexType name="UserContextType">
    <xsd:annotation>
      <xsd:documentation>The user context defines information regarding the actual user performing a request.</xsd:documentation>
    </xsd:annotation>
    <xsd:sequence>
      <xsd:element name="language" type="xsd:language" nillable="true">
        <xsd:annotation>
          <xsd:documentation>The preferred language of the actual user performing the request.
						This influences the language in which response elements are cast.</xsd:documentation>
        </xsd:annotation>
      </xsd:element>
    </xsd:sequence>
  </xsd:complexType>
</xsd:schema>]]></con:content><con:type>http://www.w3.org/2001/XMLSchema</con:type></con:part><con:part><con:url>file:/home/gbuyle/projects/fidus/countryservice/CountryServiceGateway/src/main/resources/wsdl/countryService/1.0.0/messages/exceptionTypes_v1.xsd</con:url><con:content><![CDATA[<xsd:schema targetNamespace="http://fidus.brussels/type/common/exceptions/v1" elementFormDefault="qualified" attributeFormDefault="unqualified" version="1.0" xmlns:xsd="http://www.w3.org/2001/XMLSchema" xmlns:tns="http://fidus.brussels/type/common/exceptions/v1">
  <!--Basic error typed-->
  <xsd:complexType name="ExceptionsType">
    <xsd:sequence>
      <xsd:element name="exception" type="tns:ExceptionType" maxOccurs="unbounded"/>
    </xsd:sequence>
  </xsd:complexType>
  <xsd:complexType name="ExceptionType">
    <xsd:sequence>
      <xsd:element name="type" type="tns:ExceptionClassType"/>
      <xsd:element name="code" type="tns:ExceptionCodeType"/>
      <xsd:element name="source" type="tns:ExceptionSourceType"/>
      <xsd:element name="description" type="tns:ExceptionDescriptionType"/>
    </xsd:sequence>
  </xsd:complexType>
  <xsd:simpleType name="ExceptionClassType">
    <xsd:restriction base="xsd:string">
      <xsd:enumeration value="ERROR"/>
      <xsd:enumeration value="WARNING"/>
      <xsd:enumeration value="INFO"/>
    </xsd:restriction>
  </xsd:simpleType>
  <xsd:simpleType name="ExceptionCodeType">
    <xsd:restriction base="xsd:string">
      <xsd:maxLength value="20"/>
    </xsd:restriction>
  </xsd:simpleType>
  <xsd:simpleType name="ExceptionSourceType">
    <xsd:restriction base="xsd:string">
      <xsd:maxLength value="20"/>
    </xsd:restriction>
  </xsd:simpleType>
  <xsd:simpleType name="ExceptionDescriptionType">
    <xsd:restriction base="xsd:string"/>
  </xsd:simpleType>
</xsd:schema>]]></con:content><con:type>http://www.w3.org/2001/XMLSchema</con:type></con:part><con:part><con:url>file:/home/gbuyle/projects/fidus/countryservice/CountryServiceGateway/src/main/resources/wsdl/countryService/1.0.0/country/external.xsd</con:url><con:content><![CDATA[<xs:schema targetNamespace="http://fsb.belgium.be/mappingServices/data/country/v1_00" elementFormDefault="qualified" attributeFormDefault="unqualified" xmlns:xs="http://www.w3.org/2001/XMLSchema" xmlns:cou="http://fsb.belgium.be/mappingServices/data/country/v1_00" xmlns:sim="http://fsb.belgium.be/mappingServices/data/simple/v1_00">
  <xs:annotation>
    <xs:documentation xml:lang="en">Schema version: 1.0
            Date: 2012-02-20
            Author: Ignaz Wanders

			Definition of country-related elements, as relevant to external users of the service.</xs:documentation>
  </xs:annotation>
  <xs:include schemaLocation="country.xsd"/>
</xs:schema>]]></con:content><con:type>http://www.w3.org/2001/XMLSchema</con:type></con:part><con:part><con:url>file:/home/gbuyle/projects/fidus/countryservice/CountryServiceGateway/src/main/resources/wsdl/countryService/1.0.0/country/country.xsd</con:url><con:content><![CDATA[<xs:schema targetNamespace="http://fsb.belgium.be/mappingServices/data/country/v1_00" elementFormDefault="qualified" attributeFormDefault="unqualified" xmlns:xs="http://www.w3.org/2001/XMLSchema" xmlns:cou="http://fsb.belgium.be/mappingServices/data/country/v1_00" xmlns:sim="http://fsb.belgium.be/mappingServices/data/simple/v1_00">
  <xs:annotation>
    <xs:documentation xml:lang="en">Schema version: 1.0
            Date: 2011-02-07
            Author: Ignaz Wanders

			Definition of geographical regions. Regions are termed countries for the sake
			of understanding, but it must be kept in mind that a region does not necessarily
			correspond to the political boundaries that define the everyday use of the term country.
			
			Note that the ISO-3166 codes are also based on "geographical regions of special interest," 
			and not on political boundaries.</xs:documentation>
  </xs:annotation>
  <xs:import namespace="http://fsb.belgium.be/mappingServices/data/simple/v1_00" schemaLocation="simpleTypes.xsd"/>
  <xs:complexType name="IsoType">
    <xs:annotation>
      <xs:documentation xml:lang="en">The ISO type of a country consists of one or more names, as well as codes in different formats.
                
                Currently, the ISO country names are published in English and French only.</xs:documentation>
    </xs:annotation>
    <xs:sequence>
      <xs:element name="name" type="sim:NameType" maxOccurs="unbounded"/>
      <xs:element name="iso-alpha2" type="cou:ISO_3166-1_Alpha2Type" maxOccurs="unbounded"/>
      <xs:element name="iso-alpha3" type="cou:ISO_3166-1_Alpha3Type" maxOccurs="unbounded"/>
      <xs:element name="iso-numeric3" type="cou:ISO_3166-1_Numeric3Type" maxOccurs="unbounded"/>
    </xs:sequence>
  </xs:complexType>
  <xs:complexType name="NisType">
    <xs:annotation>
      <xs:documentation xml:lang="en">The NIS type of a country consists of one or more names, as well as a code in three digits.</xs:documentation>
    </xs:annotation>
    <xs:sequence>
      <xs:element name="name" type="sim:NameType" maxOccurs="unbounded"/>
      <xs:element name="nis-numeric3" type="cou:NIS_Numeric3Type" maxOccurs="unbounded"/>
    </xs:sequence>
  </xs:complexType>
  <xs:complexType name="ISO_3166-1_Alpha2Type">
    <xs:annotation>
      <xs:documentation xml:lang="en">ISO country codes in the ISO 3166-1 two-letter format.
                For a complete list, see
                http://www.iso.org/iso/en/prods-services/iso3166ma/02iso-3166-code-lists/index.html

                Validation rules:
                - two to four upper case letters

                Regular expression: [A-Z]{2}

                Examples: BE, NL, FR, DE, GB, ES, ...
                (Note that UK is not a valid country code!)</xs:documentation>
    </xs:annotation>
    <xs:simpleContent>
      <xs:restriction base="sim:CodeValueType">
        <xs:pattern value="[A-Z]{2}"/>
      </xs:restriction>
    </xs:simpleContent>
  </xs:complexType>
  <xs:complexType name="ISO_3166-1_Alpha3Type">
    <xs:annotation>
      <xs:documentation xml:lang="en">ISO country codes in the ISO 3166-1 three-letter format.
                For a complete list, see
                http://www.iso.org/iso/en/prods-services/iso3166ma/02iso-3166-code-lists/index.html

                Validation rules:
                - two to four upper case letters

                Regular expression: [A-Z]{3}

                Examples: BEL, NLD, FRA, DEU, ...</xs:documentation>
    </xs:annotation>
    <xs:simpleContent>
      <xs:restriction base="sim:CodeValueType">
        <xs:pattern value="[A-Z]{3}"/>
      </xs:restriction>
    </xs:simpleContent>
  </xs:complexType>
  <xs:complexType name="ISO_3166-1_Numeric3Type">
    <xs:annotation>
      <xs:documentation xml:lang="en">ISO country codes in the ISO 3166-1 three-digit format.
                For a complete list, see
                http://www.iso.org/iso/en/prods-services/iso3166ma/02iso-3166-code-lists/index.html
                The ISO standards permit certain two-letter codes to be customized by users.

                Historic country codes use the ISO-3166-3 four-letter format.
                For a list, see http://www.iso.org/iso/country_codes/background_on_iso_3166/iso_3166-3.htm

                Validation rules:
                - two to four upper case letters

                Regular expression: [0-9]{3}

                Examples: 056, 528, ...</xs:documentation>
    </xs:annotation>
    <xs:simpleContent>
      <xs:restriction base="sim:CodeValueType">
        <xs:pattern value="[0-9]{3}"/>
      </xs:restriction>
    </xs:simpleContent>
  </xs:complexType>
  <xs:complexType name="NIS_Numeric3Type">
    <xs:annotation>
      <xs:documentation xml:lang="en">NIS country codes in the three-digit format.
                
                Validation rules:
                - three digits

                Regular expression: [0-9]{3}

                Examples: 150, ...</xs:documentation>
    </xs:annotation>
    <xs:simpleContent>
      <xs:restriction base="sim:CodeValueType">
        <xs:pattern value="[0-9]{3}"/>
      </xs:restriction>
    </xs:simpleContent>
  </xs:complexType>
  <xs:complexType name="TerritoryType">
    <xs:annotation>
      <xs:documentation xml:lang="en">A territory is a geographic region of "special interest."
                It is chosen such that if a region has a code, either ISO or NIS, 
                it is considered a separate territory.
                
                A territory has language-dependent names, an optional ISO code and 
                an optional NIS code.
                
                A territory may exist of subterritories. (For example, there exist
                ISO codes, other than 3166-1, which are used for regions within regions.)
                
                An identified territory has an optional start date and an optional end date.
                These are relevant when regions split or merge. If a date is not given, it
                is undefined but considered in the past for a start date, and in the future
                for an end date.</xs:documentation>
    </xs:annotation>
    <xs:sequence>
      <xs:element name="name" type="sim:NameType" maxOccurs="unbounded"/>
      <xs:element name="iso" type="cou:IsoType" minOccurs="0"/>
      <xs:element name="nis" type="cou:NisType" minOccurs="0"/>
      <xs:element name="subTerritory" type="cou:TerritoryType" minOccurs="0" maxOccurs="unbounded"/>
    </xs:sequence>
    <xs:attribute name="startDate" type="xs:date" use="optional"/>
    <xs:attribute name="endDate" type="xs:date" use="optional"/>
  </xs:complexType>
</xs:schema>]]></con:content><con:type>http://www.w3.org/2001/XMLSchema</con:type></con:part><con:part><con:url>file:/home/gbuyle/projects/fidus/countryservice/CountryServiceGateway/src/main/resources/wsdl/countryService/1.0.0/country/simpleTypes.xsd</con:url><con:content><![CDATA[<xs:schema targetNamespace="http://fsb.belgium.be/mappingServices/data/simple/v1_00" elementFormDefault="qualified" attributeFormDefault="unqualified" version="1.00" xmlns:xs="http://www.w3.org/2001/XMLSchema" xmlns:sim="http://fsb.belgium.be/mappingServices/data/simple/v1_00">
  <xs:annotation>
    <xs:documentation>Definitions of simple types with restrictions/extensions and
			complex types with simple content with attribute values.</xs:documentation>
  </xs:annotation>
  <xs:simpleType name="EmptyStringType">
    <xs:annotation>
      <xs:documentation>A string, which is empty.</xs:documentation>
    </xs:annotation>
    <xs:restriction base="xs:string">
      <xs:length value="0"/>
    </xs:restriction>
  </xs:simpleType>
  <xs:simpleType name="NonEmptyStringType">
    <xs:annotation>
      <xs:documentation>A string, which is at least one character long, and cannot
				start with whitespace.</xs:documentation>
    </xs:annotation>
    <xs:restriction base="xs:string">
      <xs:pattern value="[^\s].*"/>
    </xs:restriction>
  </xs:simpleType>
  <xs:complexType name="StringWithValidityPeriodType">
    <xs:annotation>
      <xs:documentation>A non-empty string, with optional attributes defining a validity period.</xs:documentation>
    </xs:annotation>
    <xs:simpleContent>
      <xs:extension base="sim:NonEmptyStringType">
        <xs:attribute name="startDate" type="xs:date" use="optional">
          <xs:annotation>
            <xs:documentation>Must be a valid date. 
		        			If omitted, the startDate is considered to be undefined, but in the past.</xs:documentation>
          </xs:annotation>
        </xs:attribute>
        <xs:attribute name="endDate" type="xs:date" use="optional">
          <xs:annotation>
            <xs:documentation>Must be a valid date. 
		        			If omitted, the endDate is considered to be undefined, but in the future.</xs:documentation>
          </xs:annotation>
        </xs:attribute>
      </xs:extension>
    </xs:simpleContent>
  </xs:complexType>
  <xs:complexType name="CodeValueType">
    <xs:annotation>
      <xs:documentation>A code value generally has a validity period, plus a status.</xs:documentation>
    </xs:annotation>
    <xs:simpleContent>
      <xs:extension base="sim:StringWithValidityPeriodType">
        <xs:attribute name="status" type="xs:string" use="optional">
          <xs:annotation>
            <xs:documentation>The possible status values depend on the type of the code.
		        			They are not enumerated here.</xs:documentation>
          </xs:annotation>
        </xs:attribute>
      </xs:extension>
    </xs:simpleContent>
  </xs:complexType>
  <xs:complexType name="NameType">
    <xs:annotation>
      <xs:documentation>A name, with an attribute defining the language in which it is cast.</xs:documentation>
    </xs:annotation>
    <xs:simpleContent>
      <xs:extension base="sim:NonEmptyStringType">
        <xs:attribute name="language" type="xs:language" use="optional">
          <xs:annotation>
            <xs:documentation>Defines the language in which the name is given</xs:documentation>
          </xs:annotation>
        </xs:attribute>
        <xs:attribute name="shortName" type="xs:string" use="optional">
          <xs:annotation>
            <xs:documentation>In some cases, an abbreviated or more commonly used name is of interest, as well as the full name</xs:documentation>
          </xs:annotation>
        </xs:attribute>
      </xs:extension>
    </xs:simpleContent>
  </xs:complexType>
</xs:schema>]]></con:content><con:type>http://www.w3.org/2001/XMLSchema</con:type></con:part><con:part><con:url>file:/home/gbuyle/projects/fidus/countryservice/CountryServiceGateway/src/main/resources/wsdl/countryService/1.0.0/country/countryServiceMessages.xsd</con:url><con:content><![CDATA[<xs:schema targetNamespace="http://fsb.belgium.be/mappingServices/countryService/messages/v1_00" elementFormDefault="qualified" attributeFormDefault="unqualified" version="2.00" xmlns:xs="http://www.w3.org/2001/XMLSchema" xmlns:mes="http://fsb.belgium.be/mappingServices/countryService/messages/v1_00" xmlns:soapenv="http://schemas.xmlsoap.org/soap/envelope/" xmlns:sim="http://fsb.belgium.be/mappingServices/data/simple/v1_00" xmlns:cou="http://fsb.belgium.be/mappingServices/data/country/v1_00">
  <xs:import namespace="http://fsb.belgium.be/mappingServices/data/simple/v1_00" schemaLocation="simpleTypes.xsd"/>
  <xs:import namespace="http://fsb.belgium.be/mappingServices/data/country/v1_00" schemaLocation="external.xsd"/>
  <xs:annotation>
    <xs:documentation>Definition of the request and response messages used by the country service.</xs:documentation>
  </xs:annotation>
  <xs:element name="getAllIsoCodesRequest" type="mes:ReferenceDateType"/>
  <xs:element name="getAllIsoCodesResponse" type="mes:IsoCodesType"/>
  <xs:element name="getAllNisCodesRequest" type="mes:ReferenceDateType"/>
  <xs:element name="getAllNisCodesResponse" type="mes:NisCodesType"/>
  <xs:complexType name="ReferenceDateType">
    <xs:annotation>
      <xs:documentation></xs:documentation>
    </xs:annotation>
    <xs:sequence>
      <xs:element name="referenceDate" type="xs:date" minOccurs="0"/>
    </xs:sequence>
  </xs:complexType>
  <xs:complexType name="IsoCodesType">
    <xs:annotation>
      <xs:documentation></xs:documentation>
    </xs:annotation>
    <xs:sequence>
      <xs:element name="iso" type="cou:IsoType" maxOccurs="unbounded"/>
    </xs:sequence>
  </xs:complexType>
  <xs:complexType name="NisCodesType">
    <xs:annotation>
      <xs:documentation></xs:documentation>
    </xs:annotation>
    <xs:sequence>
      <xs:element name="nis" type="cou:NisType" maxOccurs="unbounded"/>
    </xs:sequence>
  </xs:complexType>
  <xs:complexType name="BusinessEntityType">
    <xs:annotation>
      <xs:documentation xml:lang="en">...</xs:documentation>
    </xs:annotation>
    <xs:sequence></xs:sequence>
    <xs:attribute name="startDate" type="xs:date" use="optional"/>
    <xs:attribute name="endDate" type="xs:date" use="optional"/>
    <xs:attribute name="version" type="xs:string" use="optional"/>
    <xs:attribute name="modificationDate" type="xs:date" use="optional"/>
  </xs:complexType>
  <xs:element name="getNationalityRequest" type="mes:NationalityRequestType"/>
  <xs:element name="getNationalityResponse" type="mes:NationalitiesType"/>
  <xs:element name="getNationalitiesRequest" type="mes:ReferenceDateType"/>
  <xs:element name="getNationalitiesResponse" type="mes:NationalitiesType"/>
  <xs:element name="getNationalityHistoryRequest" type="mes:NationalityHistoryRequestType"/>
  <xs:element name="getNationalityHistoryResponse" type="mes:NationalitiesType"/>
  <xs:complexType name="NationalityRequestType">
    <xs:annotation>
      <xs:documentation></xs:documentation>
    </xs:annotation>
    <xs:sequence>
      <xs:choice>
        <xs:element name="iso-alpha2" type="cou:ISO_3166-1_Alpha2Type"/>
        <xs:element name="iso-alpha3" type="cou:ISO_3166-1_Alpha3Type"/>
        <xs:element name="iso-num3" type="cou:ISO_3166-1_Numeric3Type"/>
        <xs:element name="nis-num3" type="cou:NIS_Numeric3Type"/>
      </xs:choice>
    </xs:sequence>
  </xs:complexType>
  <xs:complexType name="NationalitiesType">
    <xs:annotation>
      <xs:documentation></xs:documentation>
    </xs:annotation>
    <xs:sequence>
      <xs:element name="nationality" type="mes:NationalityType" minOccurs="0" maxOccurs="unbounded"/>
    </xs:sequence>
  </xs:complexType>
  <xs:complexType name="NationalityType">
    <xs:annotation>
      <xs:documentation></xs:documentation>
    </xs:annotation>
    <xs:complexContent>
      <xs:extension base="mes:BusinessEntityType">
        <xs:sequence>
          <xs:element name="name" type="sim:NameType" maxOccurs="unbounded"/>
          <xs:element name="mainTerritory" type="cou:TerritoryType"/>
          <xs:element name="subTerritory" type="cou:TerritoryType" minOccurs="0" maxOccurs="unbounded"/>
        </xs:sequence>
      </xs:extension>
    </xs:complexContent>
  </xs:complexType>
  <xs:complexType name="NationalityHistoryRequestType">
    <xs:annotation>
      <xs:documentation></xs:documentation>
    </xs:annotation>
    <xs:sequence>
      <xs:choice>
        <xs:element name="iso-alpha3" type="cou:ISO_3166-1_Alpha3Type"/>
      </xs:choice>
      <xs:element name="referenceDate" type="xs:date" minOccurs="0"/>
    </xs:sequence>
  </xs:complexType>
  <xs:element name="getAddressCountryRequest" type="mes:AddressCountryRequestType"/>
  <xs:element name="getAddressCountryResponse" type="mes:AddressCountriesType"/>
  <xs:element name="getAddressCountriesRequest" type="mes:ReferenceDateType"/>
  <xs:element name="getAddressCountriesResponse" type="mes:AddressCountriesType"/>
  <xs:element name="getAddressCountryHistoryRequest" type="mes:AddressCountryHistoryRequestType"/>
  <xs:element name="getAddressCountryHistoryResponse" type="mes:AddressCountriesType"/>
  <xs:complexType name="AddressCountryRequestType">
    <xs:annotation>
      <xs:documentation></xs:documentation>
    </xs:annotation>
    <xs:sequence>
      <xs:choice>
        <xs:element name="iso-alpha2" type="cou:ISO_3166-1_Alpha2Type"/>
        <xs:element name="iso-alpha3" type="cou:ISO_3166-1_Alpha3Type"/>
        <xs:element name="iso-num3" type="cou:ISO_3166-1_Numeric3Type"/>
        <xs:element name="nis-num3" type="cou:NIS_Numeric3Type"/>
      </xs:choice>
    </xs:sequence>
  </xs:complexType>
  <xs:complexType name="AddressCountriesType">
    <xs:annotation>
      <xs:documentation></xs:documentation>
    </xs:annotation>
    <xs:sequence>
      <xs:element name="addressCountry" type="mes:AddressCountryType" minOccurs="0" maxOccurs="unbounded"/>
    </xs:sequence>
  </xs:complexType>
  <xs:complexType name="AddressCountryType">
    <xs:annotation>
      <xs:documentation></xs:documentation>
    </xs:annotation>
    <xs:complexContent>
      <xs:extension base="mes:BusinessEntityType">
        <xs:sequence>
          <xs:element name="name" type="sim:NameType" maxOccurs="unbounded"/>
          <xs:element name="mainTerritory" type="cou:TerritoryType"/>
          <xs:element name="subTerritory" type="cou:TerritoryType" minOccurs="0" maxOccurs="unbounded"/>
        </xs:sequence>
      </xs:extension>
    </xs:complexContent>
  </xs:complexType>
  <xs:complexType name="AddressCountryHistoryRequestType">
    <xs:annotation>
      <xs:documentation></xs:documentation>
    </xs:annotation>
    <xs:sequence>
      <xs:element name="iso-alpha2" type="cou:ISO_3166-1_Alpha2Type"/>
      <xs:element name="referenceDate" type="xs:date" minOccurs="0"/>
    </xs:sequence>
  </xs:complexType>
  <xs:element name="getPlaceCountryRequest" type="mes:PlaceCountryRequestType"/>
  <xs:element name="getPlaceCountryResponse" type="mes:PlaceCountriesType"/>
  <xs:element name="getPlaceCountriesRequest" type="mes:ReferenceDateType"/>
  <xs:element name="getPlaceCountriesResponse" type="mes:PlaceCountriesType"/>
  <xs:element name="getPlaceCountryHistoryRequest" type="mes:PlaceCountryHistoryRequestType"/>
  <xs:element name="getPlaceCountryHistoryResponse" type="mes:PlaceCountriesType"/>
  <xs:complexType name="PlaceCountryRequestType">
    <xs:annotation>
      <xs:documentation></xs:documentation>
    </xs:annotation>
    <xs:sequence>
      <xs:choice>
        <xs:element name="iso-alpha2" type="cou:ISO_3166-1_Alpha2Type"/>
        <xs:element name="iso-alpha3" type="cou:ISO_3166-1_Alpha3Type"/>
        <xs:element name="iso-num3" type="cou:ISO_3166-1_Numeric3Type"/>
        <xs:element name="nis-num3" type="cou:NIS_Numeric3Type"/>
      </xs:choice>
    </xs:sequence>
  </xs:complexType>
  <xs:complexType name="PlaceCountriesType">
    <xs:annotation>
      <xs:documentation></xs:documentation>
    </xs:annotation>
    <xs:sequence>
      <xs:element name="placeCountry" type="mes:PlaceCountryType" minOccurs="0" maxOccurs="unbounded"/>
    </xs:sequence>
  </xs:complexType>
  <xs:complexType name="PlaceCountryType">
    <xs:annotation>
      <xs:documentation></xs:documentation>
    </xs:annotation>
    <xs:complexContent>
      <xs:extension base="mes:BusinessEntityType">
        <xs:sequence>
          <xs:element name="name" type="sim:NameType" maxOccurs="unbounded"/>
          <xs:element name="mainTerritory" type="cou:TerritoryType"/>
          <xs:element name="subTerritory" type="cou:TerritoryType" minOccurs="0" maxOccurs="unbounded"/>
        </xs:sequence>
      </xs:extension>
    </xs:complexContent>
  </xs:complexType>
  <xs:complexType name="PlaceCountryHistoryRequestType">
    <xs:annotation>
      <xs:documentation></xs:documentation>
    </xs:annotation>
    <xs:sequence>
      <xs:element name="iso-alpha2" type="cou:ISO_3166-1_Alpha2Type"/>
      <xs:element name="referenceDate" type="xs:date" minOccurs="0"/>
    </xs:sequence>
  </xs:complexType>
</xs:schema>]]></con:content><con:type>http://www.w3.org/2001/XMLSchema</con:type></con:part></con:definitionCache><con:endpoints><con:endpoint>http://fidus.brussels/services/countryservice/v1</con:endpoint><con:endpoint>http://localhost.localdomain:8088/mockCountryServiceHTTPBinding</con:endpoint><con:endpoint>https://192.168.24.16:8443/services/CountryService_v1.0</con:endpoint><con:endpoint>https://192.168.24.17:8443/services/CountryService_v1.0</con:endpoint><con:endpoint>https://192.168.36.61:8243/services/CountryService_v1.0</con:endpoint><con:endpoint>https://fidus-esb-sg.sta.srv.cirb.lan:8443/services/CountryService_v1.0</con:endpoint><con:endpoint>https://fidus.irisnetlab.be/services/CountryService_v1.0</con:endpoint><con:endpoint>https://fidus.sec.brussels/services/CountryService_v1.0</con:endpoint><con:endpoint>https://localhost:8243/services/CountryService_v1.9</con:endpoint></con:endpoints><con:operation id="c7de3639-11f9-4eaa-95eb-b06853bd53a6" isOneWay="false" action="http://fidus.brussels/services/countryservice/getAddressCountries" name="getAddressCountries" bindingOperationName="getAddressCountries" type="Request-Response" inputName="" receivesAttachments="false" sendsAttachments="false" anonymous="optional"><con:settings/><con:call id="ade548af-db49-4392-a1c7-f98910a004d1" name="01 - Local - Request" outgoingWss="Outflow DEV" incomingWss="Inflow DEV"><con:settings><con:setting id="com.eviware.soapui.impl.wsdl.WsdlRequest@request-headers">&lt;xml-fragment/></con:setting></con:settings><con:encoding>UTF-8</con:encoding><con:endpoint>https://localhost:8243/services/CountryService_v1.0</con:endpoint><con:request><![CDATA[<soapenv:Envelope xmlns:soapenv="http://schemas.xmlsoap.org/soap/envelope/" xmlns:v1="http://fidus.brussels/service/countryservice/messages/v1" xmlns:v11="http://fidus.brussels/type/common/messages/v1">
   <soapenv:Header/>
   <soapenv:Body>
      <v1:getAddressCountriesRequest>
         <v1:messageContext>
            <v11:messageId>${=import static java.util.UUID.randomUUID; uuid = randomUUID() as String}</v11:messageId>
            <!--Optional:-->
            <v11:timestamp>${=new java.text.SimpleDateFormat("yyyy-MM-dd'T'HH:mm:ss.SSS").format(new Date())}</v11:timestamp>
         </v1:messageContext>
         <v1:legalContext>ServiceIntegrator</v1:legalContext>
         <v1:request>
            <!--Optional:-->
            <v1:referenceDate>2016-10-10</v1:referenceDate>
         </v1:request>
      </v1:getAddressCountriesRequest>
   </soapenv:Body>
</soapenv:Envelope>]]></con:request><con:credentials><con:selectedAuthProfile>Basic</con:selectedAuthProfile><con:addedBasicAuthenticationTypes>Basic</con:addedBasicAuthenticationTypes><con:authType>Global HTTP Settings</con:authType></con:credentials><con:jmsConfig JMSDeliveryMode="PERSISTENT"/><con:jmsPropertyConfig/><con:wsaConfig mustUnderstand="NONE" version="200508" action="http://fidus.brussels/services/countryservice/getAddressCountries"/><con:wsrmConfig version="1.2"/></con:call><con:call id="1fdb6037-7cce-4574-b2c3-08b1c013db81" name="01 - Local - Request-Invalid_date" outgoingWss="Outflow DEV" incomingWss="Inflow DEV"><con:settings><con:setting id="com.eviware.soapui.impl.wsdl.WsdlRequest@request-headers">&lt;xml-fragment/></con:setting></con:settings><con:encoding>UTF-8</con:encoding><con:endpoint>https://localhost:8243/services/CountryService_v1.0</con:endpoint><con:request><![CDATA[<soapenv:Envelope xmlns:soapenv="http://schemas.xmlsoap.org/soap/envelope/" xmlns:v1="http://fidus.brussels/service/countryservice/messages/v1" xmlns:v11="http://fidus.brussels/type/common/messages/v1">
   <soapenv:Header/>
   <soapenv:Body>
      <v1:getAddressCountriesRequest>
         <v1:messageContext>
            <v11:messageId>${=import static java.util.UUID.randomUUID; uuid = randomUUID() as String}</v11:messageId>
            <!--Optional:-->
            <v11:timestamp>${=new java.text.SimpleDateFormat("yyyy-MM-dd'T'HH:mm:ss.SSS").format(new Date())}</v11:timestamp>
         </v1:messageContext>
         <v1:legalContext>ServiceIntegrator</v1:legalContext>
         <v1:request>
            <!--Optional:-->
            <v1:referenceDate>2016-12-35</v1:referenceDate>
         </v1:request>
      </v1:getAddressCountriesRequest>
   </soapenv:Body>
</soapenv:Envelope>]]></con:request><con:credentials><con:selectedAuthProfile>Basic</con:selectedAuthProfile><con:addedBasicAuthenticationTypes>Basic</con:addedBasicAuthenticationTypes><con:authType>Global HTTP Settings</con:authType></con:credentials><con:jmsConfig JMSDeliveryMode="PERSISTENT"/><con:jmsPropertyConfig/><con:wsaConfig mustUnderstand="NONE" version="200508" action="http://fidus.brussels/services/countryservice/getAddressCountries"/><con:wsrmConfig version="1.2"/></con:call><con:call id="3169e68b-d25c-4d59-befe-1a6cdc95aef2" name="03 - Test Worker1 - Request" outgoingWss="Outflow TEST" incomingWss="Inflow TEST"><con:settings><con:setting id="com.eviware.soapui.impl.wsdl.WsdlRequest@request-headers">&lt;xml-fragment/></con:setting></con:settings><con:encoding>UTF-8</con:encoding><con:endpoint>https://192.168.24.16:8443/services/CountryService_v1.0</con:endpoint><con:request><![CDATA[<soapenv:Envelope xmlns:soapenv="http://schemas.xmlsoap.org/soap/envelope/" xmlns:v1="http://fidus.brussels/service/countryservice/messages/v1" xmlns:v11="http://fidus.brussels/type/common/messages/v1">
   <soapenv:Header/>
   <soapenv:Body>
      <v1:getAddressCountriesRequest>
         <v1:messageContext>
            <v11:messageId>${=import static java.util.UUID.randomUUID; uuid = randomUUID() as String}</v11:messageId>
            <!--Optional:-->
            <v11:timestamp>${=new java.text.SimpleDateFormat("yyyy-MM-dd'T'HH:mm:ss.SSS").format(new Date())}</v11:timestamp>
         </v1:messageContext>
         <v1:legalContext>ServiceIntegrator</v1:legalContext>
         <v1:request>
            <!--Optional:-->
            <v1:referenceDate>2016-10-10</v1:referenceDate>
         </v1:request>
      </v1:getAddressCountriesRequest>
   </soapenv:Body>
</soapenv:Envelope>]]></con:request><con:credentials><con:selectedAuthProfile>Basic</con:selectedAuthProfile><con:addedBasicAuthenticationTypes>Basic</con:addedBasicAuthenticationTypes><con:authType>Global HTTP Settings</con:authType></con:credentials><con:jmsConfig JMSDeliveryMode="PERSISTENT"/><con:jmsPropertyConfig/><con:wsaConfig mustUnderstand="NONE" version="200508" action="http://fidus.brussels/services/countryservice/getAddressCountries"/><con:wsrmConfig version="1.2"/></con:call><con:call id="9a9ff1e5-11c3-4dcd-8863-bc5b67c60ee8" name="02 - Dev - Request" outgoingWss="Outflow DEV" incomingWss="Inflow DEV"><con:settings><con:setting id="com.eviware.soapui.impl.wsdl.WsdlRequest@request-headers">&lt;xml-fragment/></con:setting></con:settings><con:encoding>UTF-8</con:encoding><con:endpoint>https://192.168.36.61:8243/services/CountryService_v1.0</con:endpoint><con:request><![CDATA[<soapenv:Envelope xmlns:soapenv="http://schemas.xmlsoap.org/soap/envelope/" xmlns:v1="http://fidus.brussels/service/countryservice/messages/v1" xmlns:v11="http://fidus.brussels/type/common/messages/v1">
   <soapenv:Header/>
   <soapenv:Body>
      <v1:getAddressCountriesRequest>
         <v1:messageContext>
            <v11:messageId>${=import static java.util.UUID.randomUUID; uuid = randomUUID() as String}</v11:messageId>
            <!--Optional:-->
            <v11:timestamp>${=new java.text.SimpleDateFormat("yyyy-MM-dd'T'HH:mm:ss.SSS").format(new Date())}</v11:timestamp>
         </v1:messageContext>
         <v1:legalContext>ServiceIntegrator</v1:legalContext>
         <v1:request>
            <!--Optional:-->
            <v1:referenceDate>2016-10-10</v1:referenceDate>
         </v1:request>
      </v1:getAddressCountriesRequest>
   </soapenv:Body>
</soapenv:Envelope>]]></con:request><con:credentials><con:selectedAuthProfile>Basic</con:selectedAuthProfile><con:addedBasicAuthenticationTypes>Basic</con:addedBasicAuthenticationTypes><con:authType>Global HTTP Settings</con:authType></con:credentials><con:jmsConfig JMSDeliveryMode="PERSISTENT"/><con:jmsPropertyConfig/><con:wsaConfig mustUnderstand="NONE" version="200508" action="http://fidus.brussels/services/countryservice/getAddressCountries"/><con:wsrmConfig version="1.2"/></con:call><con:call id="e6ec12a5-ba29-46e8-827a-67d49db5dcbc" name="03 - Test Worker2 - Request" outgoingWss="Outflow TEST" incomingWss="Inflow TEST"><con:settings><con:setting id="com.eviware.soapui.impl.wsdl.WsdlRequest@request-headers">&lt;xml-fragment/></con:setting></con:settings><con:encoding>UTF-8</con:encoding><con:endpoint>https://192.168.24.17:8443/services/CountryService_v1.0</con:endpoint><con:request><![CDATA[<soapenv:Envelope xmlns:soapenv="http://schemas.xmlsoap.org/soap/envelope/" xmlns:v1="http://fidus.brussels/service/countryservice/messages/v1" xmlns:v11="http://fidus.brussels/type/common/messages/v1">
   <soapenv:Header/>
   <soapenv:Body>
      <v1:getAddressCountriesRequest>
         <v1:messageContext>
            <v11:messageId>${=import static java.util.UUID.randomUUID; uuid = randomUUID() as String}</v11:messageId>
            <!--Optional:-->
            <v11:timestamp>${=new java.text.SimpleDateFormat("yyyy-MM-dd'T'HH:mm:ss.SSS").format(new Date())}</v11:timestamp>
         </v1:messageContext>
         <v1:legalContext>ServiceIntegrator</v1:legalContext>
         <v1:request>
            <!--Optional:-->
            <v1:referenceDate>2016-10-10</v1:referenceDate>
         </v1:request>
      </v1:getAddressCountriesRequest>
   </soapenv:Body>
</soapenv:Envelope>]]></con:request><con:credentials><con:selectedAuthProfile>Basic</con:selectedAuthProfile><con:addedBasicAuthenticationTypes>Basic</con:addedBasicAuthenticationTypes><con:authType>Global HTTP Settings</con:authType></con:credentials><con:jmsConfig JMSDeliveryMode="PERSISTENT"/><con:jmsPropertyConfig/><con:wsaConfig mustUnderstand="NONE" version="200508" action="http://fidus.brussels/services/countryservice/getAddressCountries"/><con:wsrmConfig version="1.2"/></con:call><con:call id="56087fb3-5d9f-4eaf-b81c-e50293dd98af" name="03 - Test External - Request" outgoingWss="Outflow TEST" incomingWss="Inflow TEST"><con:settings><con:setting id="com.eviware.soapui.impl.wsdl.WsdlRequest@request-headers">&lt;xml-fragment/></con:setting></con:settings><con:encoding>UTF-8</con:encoding><con:endpoint>https://fidus.irisnetlab.be/services/CountryService_v1.0</con:endpoint><con:request><![CDATA[<soapenv:Envelope xmlns:soapenv="http://schemas.xmlsoap.org/soap/envelope/" xmlns:v1="http://fidus.brussels/service/countryservice/messages/v1" xmlns:v11="http://fidus.brussels/type/common/messages/v1">
   <soapenv:Header/>
   <soapenv:Body>
      <v1:getAddressCountriesRequest>
         <v1:messageContext>
            <v11:messageId>${=import static java.util.UUID.randomUUID; uuid = randomUUID() as String}</v11:messageId>
            <!--Optional:-->
            <v11:timestamp>${=new java.text.SimpleDateFormat("yyyy-MM-dd'T'HH:mm:ss.SSS").format(new Date())}</v11:timestamp>
         </v1:messageContext>
         <v1:legalContext>ServiceIntegrator</v1:legalContext>
         <v1:request>
            <!--Optional:-->
            <v1:referenceDate>2016-10-10</v1:referenceDate>
         </v1:request>
      </v1:getAddressCountriesRequest>
   </soapenv:Body>
</soapenv:Envelope>]]></con:request><con:credentials><con:selectedAuthProfile>Basic</con:selectedAuthProfile><con:addedBasicAuthenticationTypes>Basic</con:addedBasicAuthenticationTypes><con:authType>Global HTTP Settings</con:authType></con:credentials><con:jmsConfig JMSDeliveryMode="PERSISTENT"/><con:jmsPropertyConfig/><con:wsaConfig mustUnderstand="NONE" version="200508" action="http://fidus.brussels/services/countryservice/getAddressCountries"/><con:wsrmConfig version="1.2"/></con:call><con:call id="0f6ca71d-c92e-438d-b201-dfca7f5afb82" name="03 - Test LB - Request" outgoingWss="Outflow TEST" incomingWss="Inflow TEST"><con:settings><con:setting id="com.eviware.soapui.impl.wsdl.WsdlRequest@request-headers">&lt;xml-fragment/></con:setting></con:settings><con:encoding>UTF-8</con:encoding><con:endpoint>https://fidus-esb-sg.sta.srv.cirb.lan:8443/services/CountryService_v1.0</con:endpoint><con:request><![CDATA[<soapenv:Envelope xmlns:soapenv="http://schemas.xmlsoap.org/soap/envelope/" xmlns:v1="http://fidus.brussels/service/countryservice/messages/v1" xmlns:v11="http://fidus.brussels/type/common/messages/v1">
   <soapenv:Header/>
   <soapenv:Body>
      <v1:getAddressCountriesRequest>
         <v1:messageContext>
            <v11:messageId>${=import static java.util.UUID.randomUUID; uuid = randomUUID() as String}</v11:messageId>
            <!--Optional:-->
            <v11:timestamp>${=new java.text.SimpleDateFormat("yyyy-MM-dd'T'HH:mm:ss.SSS").format(new Date())}</v11:timestamp>
         </v1:messageContext>
         <v1:legalContext>ServiceIntegrator</v1:legalContext>
         <v1:request>
            <!--Optional:-->
            <v1:referenceDate>2016-10-10</v1:referenceDate>
         </v1:request>
      </v1:getAddressCountriesRequest>
   </soapenv:Body>
</soapenv:Envelope>]]></con:request><con:credentials><con:selectedAuthProfile>Basic</con:selectedAuthProfile><con:addedBasicAuthenticationTypes>Basic</con:addedBasicAuthenticationTypes><con:authType>Global HTTP Settings</con:authType></con:credentials><con:jmsConfig JMSDeliveryMode="PERSISTENT"/><con:jmsPropertyConfig/><con:wsaConfig mustUnderstand="NONE" version="200508" action="http://fidus.brussels/services/countryservice/getAddressCountries"/><con:wsrmConfig version="1.2"/></con:call><con:call id="adfe9d4c-f3e0-4e8f-93db-e2d0b0e8db73" name="04 - Staging External - Request" outgoingWss="Outflow STAGING" incomingWss="Inflow STAGING"><con:settings><con:setting id="com.eviware.soapui.impl.wsdl.WsdlRequest@request-headers">&lt;xml-fragment/></con:setting></con:settings><con:encoding>UTF-8</con:encoding><con:endpoint>https://fidus.irisnetlab.be/services/CountryService_v1.0</con:endpoint><con:request><![CDATA[<soapenv:Envelope xmlns:soapenv="http://schemas.xmlsoap.org/soap/envelope/" xmlns:v1="http://fidus.brussels/service/countryservice/messages/v1" xmlns:v11="http://fidus.brussels/type/common/messages/v1">
   <soapenv:Header/>
   <soapenv:Body>
      <v1:getAddressCountriesRequest>
         <v1:messageContext>
            <v11:messageId>${=import static java.util.UUID.randomUUID; uuid = randomUUID() as String}</v11:messageId>
            <!--Optional:-->
            <v11:timestamp>${=new java.text.SimpleDateFormat("yyyy-MM-dd'T'HH:mm:ss.SSS").format(new Date())}</v11:timestamp>
         </v1:messageContext>
         <v1:legalContext>ServiceIntegrator</v1:legalContext>
         <v1:request>
            <!--Optional:-->
            <v1:referenceDate>2016-10-10</v1:referenceDate>
         </v1:request>
      </v1:getAddressCountriesRequest>
   </soapenv:Body>
</soapenv:Envelope>]]></con:request><con:credentials><con:selectedAuthProfile>Basic</con:selectedAuthProfile><con:addedBasicAuthenticationTypes>Basic</con:addedBasicAuthenticationTypes><con:authType>Global HTTP Settings</con:authType></con:credentials><con:jmsConfig JMSDeliveryMode="PERSISTENT"/><con:jmsPropertyConfig/><con:wsaConfig mustUnderstand="NONE" version="200508" action="http://fidus.brussels/services/countryservice/getAddressCountries"/><con:wsrmConfig version="1.2"/></con:call><con:call id="6e78ba1a-81ae-4c7f-8ef8-cb34b5051242" name="04 - Staging LB - Request" outgoingWss="Outflow STAGING" incomingWss="Inflow STAGING"><con:settings><con:setting id="com.eviware.soapui.impl.wsdl.WsdlRequest@request-headers">&lt;xml-fragment/></con:setting></con:settings><con:encoding>UTF-8</con:encoding><con:endpoint>https://fidus-esb-sg.sta.srv.cirb.lan:8443/services/CountryService_v1.0</con:endpoint><con:request><![CDATA[<soapenv:Envelope xmlns:soapenv="http://schemas.xmlsoap.org/soap/envelope/" xmlns:v1="http://fidus.brussels/service/countryservice/messages/v1" xmlns:v11="http://fidus.brussels/type/common/messages/v1">
   <soapenv:Header/>
   <soapenv:Body>
      <v1:getAddressCountriesRequest>
         <v1:messageContext>
            <v11:messageId>${=import static java.util.UUID.randomUUID; uuid = randomUUID() as String}</v11:messageId>
            <!--Optional:-->
            <v11:timestamp>${=new java.text.SimpleDateFormat("yyyy-MM-dd'T'HH:mm:ss.SSS").format(new Date())}</v11:timestamp>
         </v1:messageContext>
         <v1:legalContext>ServiceIntegrator</v1:legalContext>
         <v1:request>
            <!--Optional:-->
            <v1:referenceDate>2016-10-10</v1:referenceDate>
         </v1:request>
      </v1:getAddressCountriesRequest>
   </soapenv:Body>
</soapenv:Envelope>]]></con:request><con:credentials><con:selectedAuthProfile>Basic</con:selectedAuthProfile><con:addedBasicAuthenticationTypes>Basic</con:addedBasicAuthenticationTypes><con:authType>Global HTTP Settings</con:authType></con:credentials><con:jmsConfig JMSDeliveryMode="PERSISTENT"/><con:jmsPropertyConfig/><con:wsaConfig mustUnderstand="NONE" version="200508" action="http://fidus.brussels/services/countryservice/getAddressCountries"/><con:wsrmConfig version="1.2"/></con:call><con:call id="fea5614a-e511-4b22-be3d-2531b8b4718e" name="04 - Staging Worker1 - Request" outgoingWss="Outflow STAGING" incomingWss="Inflow STAGING"><con:settings><con:setting id="com.eviware.soapui.impl.wsdl.WsdlRequest@request-headers">&lt;xml-fragment/></con:setting></con:settings><con:encoding>UTF-8</con:encoding><con:endpoint>https://192.168.24.16:8443/services/CountryService_v1.0</con:endpoint><con:request><![CDATA[<soapenv:Envelope xmlns:soapenv="http://schemas.xmlsoap.org/soap/envelope/" xmlns:v1="http://fidus.brussels/service/countryservice/messages/v1" xmlns:v11="http://fidus.brussels/type/common/messages/v1">
   <soapenv:Header/>
   <soapenv:Body>
      <v1:getAddressCountriesRequest>
         <v1:messageContext>
            <v11:messageId>${=import static java.util.UUID.randomUUID; uuid = randomUUID() as String}</v11:messageId>
            <!--Optional:-->
            <v11:timestamp>${=new java.text.SimpleDateFormat("yyyy-MM-dd'T'HH:mm:ss.SSS").format(new Date())}</v11:timestamp>
         </v1:messageContext>
         <v1:legalContext>ServiceIntegrator</v1:legalContext>
         <v1:request>
            <!--Optional:-->
            <v1:referenceDate>2016-10-10</v1:referenceDate>
         </v1:request>
      </v1:getAddressCountriesRequest>
   </soapenv:Body>
</soapenv:Envelope>]]></con:request><con:credentials><con:selectedAuthProfile>Basic</con:selectedAuthProfile><con:addedBasicAuthenticationTypes>Basic</con:addedBasicAuthenticationTypes><con:authType>Global HTTP Settings</con:authType></con:credentials><con:jmsConfig JMSDeliveryMode="PERSISTENT"/><con:jmsPropertyConfig/><con:wsaConfig mustUnderstand="NONE" version="200508" action="http://fidus.brussels/services/countryservice/getAddressCountries"/><con:wsrmConfig version="1.2"/></con:call><con:call id="4ef9a1c6-49d6-444d-9ddc-e5976c4b5be7" name="04 - Staging Worker2 - Request" outgoingWss="Outflow STAGING" incomingWss="Inflow STAGING"><con:settings><con:setting id="com.eviware.soapui.impl.wsdl.WsdlRequest@request-headers">&lt;xml-fragment/></con:setting></con:settings><con:encoding>UTF-8</con:encoding><con:endpoint>https://192.168.24.17:8443/services/CountryService_v1.0</con:endpoint><con:request><![CDATA[<soapenv:Envelope xmlns:soapenv="http://schemas.xmlsoap.org/soap/envelope/" xmlns:v1="http://fidus.brussels/service/countryservice/messages/v1" xmlns:v11="http://fidus.brussels/type/common/messages/v1">
   <soapenv:Header/>
   <soapenv:Body>
      <v1:getAddressCountriesRequest>
         <v1:messageContext>
            <v11:messageId>${=import static java.util.UUID.randomUUID; uuid = randomUUID() as String}</v11:messageId>
            <!--Optional:-->
            <v11:timestamp>${=new java.text.SimpleDateFormat("yyyy-MM-dd'T'HH:mm:ss.SSS").format(new Date())}</v11:timestamp>
         </v1:messageContext>
         <v1:legalContext>ServiceIntegrator</v1:legalContext>
         <v1:request>
            <!--Optional:-->
            <v1:referenceDate>2016-10-10</v1:referenceDate>
         </v1:request>
      </v1:getAddressCountriesRequest>
   </soapenv:Body>
</soapenv:Envelope>]]></con:request><con:credentials><con:selectedAuthProfile>Basic</con:selectedAuthProfile><con:addedBasicAuthenticationTypes>Basic</con:addedBasicAuthenticationTypes><con:authType>Global HTTP Settings</con:authType></con:credentials><con:jmsConfig JMSDeliveryMode="PERSISTENT"/><con:jmsPropertyConfig/><con:wsaConfig mustUnderstand="NONE" version="200508" action="http://fidus.brussels/services/countryservice/getAddressCountries"/><con:wsrmConfig version="1.2"/></con:call><con:call id="d4427617-0988-499b-bcda-514c97ce1920" name="05 - Prod - External - Request" outgoingWss="Outflow PROD" incomingWss="Inflow PROD"><con:settings><con:setting id="com.eviware.soapui.impl.wsdl.WsdlRequest@request-headers">&lt;xml-fragment/></con:setting></con:settings><con:encoding>UTF-8</con:encoding><con:endpoint>https://fidus.sec.brussels/services/CountryService_v1.0</con:endpoint><con:request><![CDATA[<soapenv:Envelope xmlns:soapenv="http://schemas.xmlsoap.org/soap/envelope/" xmlns:v1="http://fidus.brussels/service/countryservice/messages/v1" xmlns:v11="http://fidus.brussels/type/common/messages/v1">
   <soapenv:Header/>
   <soapenv:Body>
      <v1:getAddressCountriesRequest>
         <v1:messageContext>
            <v11:messageId>${=import static java.util.UUID.randomUUID; uuid = randomUUID() as String}</v11:messageId>
            <!--Optional:-->
            <v11:timestamp>${=new java.text.SimpleDateFormat("yyyy-MM-dd'T'HH:mm:ss.SSS").format(new Date())}</v11:timestamp>
         </v1:messageContext>
         <v1:legalContext>ServiceIntegrator</v1:legalContext>
         <v1:request>
            <!--Optional:-->
            <v1:referenceDate>2016-10-10</v1:referenceDate>
         </v1:request>
      </v1:getAddressCountriesRequest>
   </soapenv:Body>
</soapenv:Envelope>]]></con:request><con:credentials><con:selectedAuthProfile>Basic</con:selectedAuthProfile><con:addedBasicAuthenticationTypes>Basic</con:addedBasicAuthenticationTypes><con:authType>Global HTTP Settings</con:authType></con:credentials><con:jmsConfig JMSDeliveryMode="PERSISTENT"/><con:jmsPropertyConfig/><con:wsaConfig mustUnderstand="NONE" version="200508" action="http://fidus.brussels/services/countryservice/getAddressCountries"/><con:wsrmConfig version="1.2"/></con:call><con:call id="bb4d74a6-d8b6-4521-9f32-3a9d24e5421d" name="02 - DevNew - Request" outgoingWss="Outflow DEV" incomingWss="Inflow DEV"><con:settings><con:setting id="com.eviware.soapui.impl.wsdl.WsdlRequest@request-headers">&lt;xml-fragment/></con:setting></con:settings><con:encoding>UTF-8</con:encoding><con:endpoint>https://192.168.36.75:8243/services/CountryService_v1.0</con:endpoint><con:request><![CDATA[<soapenv:Envelope xmlns:soapenv="http://schemas.xmlsoap.org/soap/envelope/" xmlns:v1="http://fidus.brussels/service/countryservice/messages/v1" xmlns:v11="http://fidus.brussels/type/common/messages/v1">
   <soapenv:Header/>
   <soapenv:Body>
      <v1:getAddressCountriesRequest>
         <v1:messageContext>
            <v11:messageId>${=import static java.util.UUID.randomUUID; uuid = randomUUID() as String}</v11:messageId>
            <!--Optional:-->
            <v11:timestamp>${=new java.text.SimpleDateFormat("yyyy-MM-dd'T'HH:mm:ss.SSS").format(new Date())}</v11:timestamp>
         </v1:messageContext>
         <v1:legalContext>ServiceIntegrator</v1:legalContext>
         <v1:request>
            <!--Optional:-->
            <v1:referenceDate>2016-10-10</v1:referenceDate>
         </v1:request>
      </v1:getAddressCountriesRequest>
   </soapenv:Body>
</soapenv:Envelope>]]></con:request><con:credentials><con:selectedAuthProfile>Basic</con:selectedAuthProfile><con:addedBasicAuthenticationTypes>Basic</con:addedBasicAuthenticationTypes><con:authType>Global HTTP Settings</con:authType></con:credentials><con:jmsConfig JMSDeliveryMode="PERSISTENT"/><con:jmsPropertyConfig/><con:wsaConfig mustUnderstand="NONE" version="200508" action="http://fidus.brussels/services/countryservice/getAddressCountries"/><con:wsrmConfig version="1.2"/></con:call></con:operation><con:operation id="ce570cb8-0123-47f9-b8c7-3283d348c5f1" isOneWay="false" action="http://fidus.brussels/services/countryservice/getAddressCountry" name="getAddressCountry" bindingOperationName="getAddressCountry" type="Request-Response" inputName="" receivesAttachments="false" sendsAttachments="false" anonymous="optional"><con:settings/><con:call id="be784c6b-2d8e-417d-a0b9-bd668bdc8bad" name="01 - Local - Request" outgoingWss="Outflow DEV" incomingWss="Inflow DEV"><con:settings><con:setting id="com.eviware.soapui.impl.wsdl.WsdlRequest@request-headers">&lt;xml-fragment/></con:setting></con:settings><con:encoding>UTF-8</con:encoding><con:endpoint>https://localhost:8243/services/CountryService_v1.0</con:endpoint><con:request><![CDATA[<soapenv:Envelope xmlns:soapenv="http://schemas.xmlsoap.org/soap/envelope/" xmlns:v1="http://fidus.brussels/service/countryservice/messages/v1" xmlns:v11="http://fidus.brussels/type/common/messages/v1" xmlns:v12="http://fsb.belgium.be/mappingServices/countryService/messages/v1_00">
   <soapenv:Header/>
   <soapenv:Body>
      <v1:getAddressCountryRequest>
         <v1:messageContext>
            <v11:messageId>${=import static java.util.UUID.randomUUID; uuid = randomUUID() as String}</v11:messageId>
            <!--Optional:-->
            <v11:timestamp>${=new java.text.SimpleDateFormat("yyyy-MM-dd'T'HH:mm:ss.SSS").format(new Date())}</v11:timestamp>
         </v1:messageContext>
         <v1:legalContext>ServiceIntegrator</v1:legalContext>
         <v1:request>
            <!--You have a CHOICE of the next 4 items at this level-->
            <v12:iso-alpha2>BE</v12:iso-alpha2>
            <!--<v12:iso-alpha3 startDate="?" endDate="?" status="?">?</v12:iso-alpha3>-->
            <!--<v12:iso-num3 startDate="?" endDate="?" status="?">?</v12:iso-num3>-->
            <!--<v12:nis-num3 startDate="?" endDate="?" status="?">?</v12:nis-num3>-->
         </v1:request>
      </v1:getAddressCountryRequest>
   </soapenv:Body>
</soapenv:Envelope>]]></con:request><con:credentials><con:selectedAuthProfile>Basic</con:selectedAuthProfile><con:addedBasicAuthenticationTypes>Basic</con:addedBasicAuthenticationTypes><con:authType>Global HTTP Settings</con:authType></con:credentials><con:jmsConfig JMSDeliveryMode="PERSISTENT"/><con:jmsPropertyConfig/><con:wsaConfig mustUnderstand="NONE" version="200508" action="http://fidus.brussels/services/countryservice/getAddressCountry"/><con:wsrmConfig version="1.2"/></con:call><con:call id="91be220b-52f1-4934-95f8-45f5b5c067fe" name="01 - Local - Request-Invalid_Iso-alpha2" outgoingWss="Outflow DEV" incomingWss="Inflow DEV"><con:settings><con:setting id="com.eviware.soapui.impl.wsdl.WsdlRequest@request-headers">&lt;xml-fragment/></con:setting></con:settings><con:encoding>UTF-8</con:encoding><con:endpoint>https://localhost:8243/services/CountryService_v1.0</con:endpoint><con:request><![CDATA[<soapenv:Envelope xmlns:soapenv="http://schemas.xmlsoap.org/soap/envelope/" xmlns:v1="http://fidus.brussels/service/countryservice/messages/v1" xmlns:v11="http://fidus.brussels/type/common/messages/v1" xmlns:v12="http://fsb.belgium.be/mappingServices/countryService/messages/v1_00">
   <soapenv:Header/>
   <soapenv:Body>
      <v1:getAddressCountryRequest>
         <v1:messageContext>
            <v11:messageId>${=import static java.util.UUID.randomUUID; uuid = randomUUID() as String}</v11:messageId>
            <!--Optional:-->
            <v11:timestamp>${=new java.text.SimpleDateFormat("yyyy-MM-dd'T'HH:mm:ss.SSS").format(new Date())}</v11:timestamp>
         </v1:messageContext>
         <v1:legalContext>ServiceIntegrator</v1:legalContext>
         <v1:request>
            <!--You have a CHOICE of the next 4 items at this level-->
            <v12:iso-alpha2>XX</v12:iso-alpha2>
            <!--<v12:iso-alpha3 startDate="?" endDate="?" status="?">?</v12:iso-alpha3>-->
            <!--<v12:iso-num3 startDate="?" endDate="?" status="?">?</v12:iso-num3>-->
            <!--<v12:nis-num3 startDate="?" endDate="?" status="?">?</v12:nis-num3>-->
         </v1:request>
      </v1:getAddressCountryRequest>
   </soapenv:Body>
</soapenv:Envelope>]]></con:request><con:credentials><con:selectedAuthProfile>Basic</con:selectedAuthProfile><con:addedBasicAuthenticationTypes>Basic</con:addedBasicAuthenticationTypes><con:authType>Global HTTP Settings</con:authType></con:credentials><con:jmsConfig JMSDeliveryMode="PERSISTENT"/><con:jmsPropertyConfig/><con:wsaConfig mustUnderstand="NONE" version="200508" action="http://fidus.brussels/services/countryservice/getAddressCountry"/><con:wsrmConfig version="1.2"/></con:call><con:call id="d1f37fa5-b199-4144-b98b-9de820f88495" name="02 - Dev - Request" outgoingWss="Outflow DEV" incomingWss="Inflow DEV"><con:settings><con:setting id="com.eviware.soapui.impl.wsdl.WsdlRequest@request-headers">&lt;xml-fragment/></con:setting></con:settings><con:encoding>UTF-8</con:encoding><con:endpoint>https://192.168.36.61:8243/services/CountryService_v1.0</con:endpoint><con:request><![CDATA[<soapenv:Envelope xmlns:soapenv="http://schemas.xmlsoap.org/soap/envelope/" xmlns:v1="http://fidus.brussels/service/countryservice/messages/v1" xmlns:v11="http://fidus.brussels/type/common/messages/v1" xmlns:v12="http://fsb.belgium.be/mappingServices/countryService/messages/v1_00">
   <soapenv:Header/>
   <soapenv:Body>
      <v1:getAddressCountryRequest>
         <v1:messageContext>
            <v11:messageId>${=import static java.util.UUID.randomUUID; uuid = randomUUID() as String}</v11:messageId>
            <!--Optional:-->
            <v11:timestamp>${=new java.text.SimpleDateFormat("yyyy-MM-dd'T'HH:mm:ss.SSS").format(new Date())}</v11:timestamp>
         </v1:messageContext>
         <v1:legalContext>ServiceIntegrator</v1:legalContext>
         <v1:request>
            <!--You have a CHOICE of the next 4 items at this level-->
            <v12:iso-alpha2>BE</v12:iso-alpha2>
            <!--<v12:iso-alpha3 startDate="?" endDate="?" status="?">?</v12:iso-alpha3>-->
            <!--<v12:iso-num3 startDate="?" endDate="?" status="?">?</v12:iso-num3>-->
            <!--<v12:nis-num3 startDate="?" endDate="?" status="?">?</v12:nis-num3>-->
         </v1:request>
      </v1:getAddressCountryRequest>
   </soapenv:Body>
</soapenv:Envelope>]]></con:request><con:credentials><con:selectedAuthProfile>Basic</con:selectedAuthProfile><con:addedBasicAuthenticationTypes>Basic</con:addedBasicAuthenticationTypes><con:authType>Global HTTP Settings</con:authType></con:credentials><con:jmsConfig JMSDeliveryMode="PERSISTENT"/><con:jmsPropertyConfig/><con:wsaConfig mustUnderstand="NONE" version="200508" action="http://fidus.brussels/services/countryservice/getAddressCountry"/><con:wsrmConfig version="1.2"/></con:call><con:call id="82792d46-2e95-492a-855c-f525e08a1334" name="03 - Test External - Request" outgoingWss="Outflow TEST" incomingWss="Inflow TEST"><con:settings><con:setting id="com.eviware.soapui.impl.wsdl.WsdlRequest@request-headers">&lt;xml-fragment/></con:setting></con:settings><con:encoding>UTF-8</con:encoding><con:endpoint>https://fidus-test.irisnetlab.be/services/CountryService_v1.0</con:endpoint><con:request><![CDATA[<soapenv:Envelope xmlns:soapenv="http://schemas.xmlsoap.org/soap/envelope/" xmlns:v1="http://fidus.brussels/service/countryservice/messages/v1" xmlns:v11="http://fidus.brussels/type/common/messages/v1" xmlns:v12="http://fsb.belgium.be/mappingServices/countryService/messages/v1_00">
   <soapenv:Header/>
   <soapenv:Body>
      <v1:getAddressCountryRequest>
         <v1:messageContext>
            <v11:messageId>${=import static java.util.UUID.randomUUID; uuid = randomUUID() as String}</v11:messageId>
            <!--Optional:-->
            <v11:timestamp>${=new java.text.SimpleDateFormat("yyyy-MM-dd'T'HH:mm:ss.SSS").format(new Date())}</v11:timestamp>
         </v1:messageContext>
         <v1:legalContext>ServiceIntegrator</v1:legalContext>
         <v1:request>
            <!--You have a CHOICE of the next 4 items at this level-->
            <v12:iso-alpha2>BE</v12:iso-alpha2>
            <!--<v12:iso-alpha3 startDate="?" endDate="?" status="?">?</v12:iso-alpha3>-->
            <!--<v12:iso-num3 startDate="?" endDate="?" status="?">?</v12:iso-num3>-->
            <!--<v12:nis-num3 startDate="?" endDate="?" status="?">?</v12:nis-num3>-->
         </v1:request>
      </v1:getAddressCountryRequest>
   </soapenv:Body>
</soapenv:Envelope>]]></con:request><con:credentials><con:selectedAuthProfile>Basic</con:selectedAuthProfile><con:addedBasicAuthenticationTypes>Basic</con:addedBasicAuthenticationTypes><con:authType>Global HTTP Settings</con:authType></con:credentials><con:jmsConfig JMSDeliveryMode="PERSISTENT"/><con:jmsPropertyConfig/><con:wsaConfig mustUnderstand="NONE" version="200508" action="http://fidus.brussels/services/countryservice/getAddressCountry"/><con:wsrmConfig version="1.2"/></con:call><con:call id="ec92ab3e-3260-4d50-929d-e6925b35aa24" name="03 - Test LB - Request" outgoingWss="Outflow TEST" incomingWss="Inflow TEST"><con:settings><con:setting id="com.eviware.soapui.impl.wsdl.WsdlRequest@request-headers">&lt;xml-fragment/></con:setting></con:settings><con:encoding>UTF-8</con:encoding><con:endpoint>https://fidus-esb-sg.sta.srv.cirb.lan:8443/services/CountryService_v1.0</con:endpoint><con:request><![CDATA[<soapenv:Envelope xmlns:soapenv="http://schemas.xmlsoap.org/soap/envelope/" xmlns:v1="http://fidus.brussels/service/countryservice/messages/v1" xmlns:v11="http://fidus.brussels/type/common/messages/v1" xmlns:v12="http://fsb.belgium.be/mappingServices/countryService/messages/v1_00">
   <soapenv:Header/>
   <soapenv:Body>
      <v1:getAddressCountryRequest>
         <v1:messageContext>
            <v11:messageId>${=import static java.util.UUID.randomUUID; uuid = randomUUID() as String}</v11:messageId>
            <!--Optional:-->
            <v11:timestamp>${=new java.text.SimpleDateFormat("yyyy-MM-dd'T'HH:mm:ss.SSS").format(new Date())}</v11:timestamp>
         </v1:messageContext>
         <v1:legalContext>ServiceIntegrator</v1:legalContext>
         <v1:request>
            <!--You have a CHOICE of the next 4 items at this level-->
            <v12:iso-alpha2>BE</v12:iso-alpha2>
            <!--<v12:iso-alpha3 startDate="?" endDate="?" status="?">?</v12:iso-alpha3>-->
            <!--<v12:iso-num3 startDate="?" endDate="?" status="?">?</v12:iso-num3>-->
            <!--<v12:nis-num3 startDate="?" endDate="?" status="?">?</v12:nis-num3>-->
         </v1:request>
      </v1:getAddressCountryRequest>
   </soapenv:Body>
</soapenv:Envelope>]]></con:request><con:credentials><con:selectedAuthProfile>Basic</con:selectedAuthProfile><con:addedBasicAuthenticationTypes>Basic</con:addedBasicAuthenticationTypes><con:authType>Global HTTP Settings</con:authType></con:credentials><con:jmsConfig JMSDeliveryMode="PERSISTENT"/><con:jmsPropertyConfig/><con:wsaConfig mustUnderstand="NONE" version="200508" action="http://fidus.brussels/services/countryservice/getAddressCountry"/><con:wsrmConfig version="1.2"/></con:call><con:call id="128f9102-1fe1-4c5d-b2b2-49d226e8df74" name="03 - Test Worker1 - Request" outgoingWss="Outflow TEST" incomingWss="Inflow TEST"><con:settings><con:setting id="com.eviware.soapui.impl.wsdl.WsdlRequest@request-headers">&lt;xml-fragment/></con:setting></con:settings><con:encoding>UTF-8</con:encoding><con:endpoint>https://192.168.24.16:8443/services/CountryService_v1.0</con:endpoint><con:request><![CDATA[<soapenv:Envelope xmlns:soapenv="http://schemas.xmlsoap.org/soap/envelope/" xmlns:v1="http://fidus.brussels/service/countryservice/messages/v1" xmlns:v11="http://fidus.brussels/type/common/messages/v1" xmlns:v12="http://fsb.belgium.be/mappingServices/countryService/messages/v1_00">
   <soapenv:Header/>
   <soapenv:Body>
      <v1:getAddressCountryRequest>
         <v1:messageContext>
            <v11:messageId>${=import static java.util.UUID.randomUUID; uuid = randomUUID() as String}</v11:messageId>
            <!--Optional:-->
            <v11:timestamp>${=new java.text.SimpleDateFormat("yyyy-MM-dd'T'HH:mm:ss.SSS").format(new Date())}</v11:timestamp>
         </v1:messageContext>
         <v1:legalContext>ServiceIntegrator</v1:legalContext>
         <v1:request>
            <!--You have a CHOICE of the next 4 items at this level-->
            <v12:iso-alpha2>BE</v12:iso-alpha2>
            <!--<v12:iso-alpha3 startDate="?" endDate="?" status="?">?</v12:iso-alpha3>-->
            <!--<v12:iso-num3 startDate="?" endDate="?" status="?">?</v12:iso-num3>-->
            <!--<v12:nis-num3 startDate="?" endDate="?" status="?">?</v12:nis-num3>-->
         </v1:request>
      </v1:getAddressCountryRequest>
   </soapenv:Body>
</soapenv:Envelope>]]></con:request><con:credentials><con:selectedAuthProfile>Basic</con:selectedAuthProfile><con:addedBasicAuthenticationTypes>Basic</con:addedBasicAuthenticationTypes><con:authType>Global HTTP Settings</con:authType></con:credentials><con:jmsConfig JMSDeliveryMode="PERSISTENT"/><con:jmsPropertyConfig/><con:wsaConfig mustUnderstand="NONE" version="200508" action="http://fidus.brussels/services/countryservice/getAddressCountry"/><con:wsrmConfig version="1.2"/></con:call><con:call id="0cb2eb0b-44e6-4a90-87cf-8083c9759e8a" name="03 - Test Worker2 - Request" outgoingWss="Outflow TEST" incomingWss="Inflow TEST"><con:settings><con:setting id="com.eviware.soapui.impl.wsdl.WsdlRequest@request-headers">&lt;xml-fragment/></con:setting></con:settings><con:encoding>UTF-8</con:encoding><con:endpoint>https://192.168.24.17:8443/services/CountryService_v1.0</con:endpoint><con:request><![CDATA[<soapenv:Envelope xmlns:soapenv="http://schemas.xmlsoap.org/soap/envelope/" xmlns:v1="http://fidus.brussels/service/countryservice/messages/v1" xmlns:v11="http://fidus.brussels/type/common/messages/v1" xmlns:v12="http://fsb.belgium.be/mappingServices/countryService/messages/v1_00">
   <soapenv:Header/>
   <soapenv:Body>
      <v1:getAddressCountryRequest>
         <v1:messageContext>
            <v11:messageId>${=import static java.util.UUID.randomUUID; uuid = randomUUID() as String}</v11:messageId>
            <!--Optional:-->
            <v11:timestamp>${=new java.text.SimpleDateFormat("yyyy-MM-dd'T'HH:mm:ss.SSS").format(new Date())}</v11:timestamp>
         </v1:messageContext>
         <v1:legalContext>ServiceIntegrator</v1:legalContext>
         <v1:request>
            <!--You have a CHOICE of the next 4 items at this level-->
            <v12:iso-alpha2>BE</v12:iso-alpha2>
            <!--<v12:iso-alpha3 startDate="?" endDate="?" status="?">?</v12:iso-alpha3>-->
            <!--<v12:iso-num3 startDate="?" endDate="?" status="?">?</v12:iso-num3>-->
            <!--<v12:nis-num3 startDate="?" endDate="?" status="?">?</v12:nis-num3>-->
         </v1:request>
      </v1:getAddressCountryRequest>
   </soapenv:Body>
</soapenv:Envelope>]]></con:request><con:credentials><con:selectedAuthProfile>Basic</con:selectedAuthProfile><con:addedBasicAuthenticationTypes>Basic</con:addedBasicAuthenticationTypes><con:authType>Global HTTP Settings</con:authType></con:credentials><con:jmsConfig JMSDeliveryMode="PERSISTENT"/><con:jmsPropertyConfig/><con:wsaConfig mustUnderstand="NONE" version="200508" action="http://fidus.brussels/services/countryservice/getAddressCountry"/><con:wsrmConfig version="1.2"/></con:call><con:call id="8e6dcf1a-a3d0-414b-a423-4e4a1f276904" name="04 - Staging External - Request" outgoingWss="Outflow STAGING" incomingWss="Inflow STAGING"><con:settings><con:setting id="com.eviware.soapui.impl.wsdl.WsdlRequest@request-headers">&lt;xml-fragment/></con:setting></con:settings><con:encoding>UTF-8</con:encoding><con:endpoint>https://fidus.irisnetlab.be/services/CountryService_v1.0</con:endpoint><con:request><![CDATA[<soapenv:Envelope xmlns:soapenv="http://schemas.xmlsoap.org/soap/envelope/" xmlns:v1="http://fidus.brussels/service/countryservice/messages/v1" xmlns:v11="http://fidus.brussels/type/common/messages/v1" xmlns:v12="http://fsb.belgium.be/mappingServices/countryService/messages/v1_00">
   <soapenv:Header/>
   <soapenv:Body>
      <v1:getAddressCountryRequest>
         <v1:messageContext>
            <v11:messageId>${=import static java.util.UUID.randomUUID; uuid = randomUUID() as String}</v11:messageId>
            <!--Optional:-->
            <v11:timestamp>${=new java.text.SimpleDateFormat("yyyy-MM-dd'T'HH:mm:ss.SSS").format(new Date())}</v11:timestamp>
         </v1:messageContext>
         <v1:legalContext>ServiceIntegrator</v1:legalContext>
         <v1:request>
            <!--You have a CHOICE of the next 4 items at this level-->
            <v12:iso-alpha2>BE</v12:iso-alpha2>
            <!--<v12:iso-alpha3 startDate="?" endDate="?" status="?">?</v12:iso-alpha3>-->
            <!--<v12:iso-num3 startDate="?" endDate="?" status="?">?</v12:iso-num3>-->
            <!--<v12:nis-num3 startDate="?" endDate="?" status="?">?</v12:nis-num3>-->
         </v1:request>
      </v1:getAddressCountryRequest>
   </soapenv:Body>
</soapenv:Envelope>]]></con:request><con:credentials><con:selectedAuthProfile>Basic</con:selectedAuthProfile><con:addedBasicAuthenticationTypes>Basic</con:addedBasicAuthenticationTypes><con:authType>Global HTTP Settings</con:authType></con:credentials><con:jmsConfig JMSDeliveryMode="PERSISTENT"/><con:jmsPropertyConfig/><con:wsaConfig mustUnderstand="NONE" version="200508" action="http://fidus.brussels/services/countryservice/getAddressCountry"/><con:wsrmConfig version="1.2"/></con:call><con:call id="60951313-228b-4567-ba12-652c79af1532" name="04 - Staging LB - Request" outgoingWss="Outflow STAGING" incomingWss="Inflow STAGING"><con:settings><con:setting id="com.eviware.soapui.impl.wsdl.WsdlRequest@request-headers">&lt;xml-fragment/></con:setting></con:settings><con:encoding>UTF-8</con:encoding><con:endpoint>https://fidus-esb-sg.sta.srv.cirb.lan:8443/services/CountryService_v1.0</con:endpoint><con:request><![CDATA[<soapenv:Envelope xmlns:soapenv="http://schemas.xmlsoap.org/soap/envelope/" xmlns:v1="http://fidus.brussels/service/countryservice/messages/v1" xmlns:v11="http://fidus.brussels/type/common/messages/v1" xmlns:v12="http://fsb.belgium.be/mappingServices/countryService/messages/v1_00">
   <soapenv:Header/>
   <soapenv:Body>
      <v1:getAddressCountryRequest>
         <v1:messageContext>
            <v11:messageId>${=import static java.util.UUID.randomUUID; uuid = randomUUID() as String}</v11:messageId>
            <!--Optional:-->
            <v11:timestamp>${=new java.text.SimpleDateFormat("yyyy-MM-dd'T'HH:mm:ss.SSS").format(new Date())}</v11:timestamp>
         </v1:messageContext>
         <v1:legalContext>ServiceIntegrator</v1:legalContext>
         <v1:request>
            <!--You have a CHOICE of the next 4 items at this level-->
            <v12:iso-alpha2>BE</v12:iso-alpha2>
            <!--<v12:iso-alpha3 startDate="?" endDate="?" status="?">?</v12:iso-alpha3>-->
            <!--<v12:iso-num3 startDate="?" endDate="?" status="?">?</v12:iso-num3>-->
            <!--<v12:nis-num3 startDate="?" endDate="?" status="?">?</v12:nis-num3>-->
         </v1:request>
      </v1:getAddressCountryRequest>
   </soapenv:Body>
</soapenv:Envelope>]]></con:request><con:credentials><con:selectedAuthProfile>Basic</con:selectedAuthProfile><con:addedBasicAuthenticationTypes>Basic</con:addedBasicAuthenticationTypes><con:authType>Global HTTP Settings</con:authType></con:credentials><con:jmsConfig JMSDeliveryMode="PERSISTENT"/><con:jmsPropertyConfig/><con:wsaConfig mustUnderstand="NONE" version="200508" action="http://fidus.brussels/services/countryservice/getAddressCountry"/><con:wsrmConfig version="1.2"/></con:call><con:call id="88679501-0cd3-47ff-96ba-58289a85bc12" name="04 - Staging Worker1 - Request" outgoingWss="Outflow STAGING" incomingWss="Inflow STAGING"><con:settings><con:setting id="com.eviware.soapui.impl.wsdl.WsdlRequest@request-headers">&lt;xml-fragment/></con:setting></con:settings><con:encoding>UTF-8</con:encoding><con:endpoint>https://192.168.24.16:8443/services/CountryService_v1.0</con:endpoint><con:request><![CDATA[<soapenv:Envelope xmlns:soapenv="http://schemas.xmlsoap.org/soap/envelope/" xmlns:v1="http://fidus.brussels/service/countryservice/messages/v1" xmlns:v11="http://fidus.brussels/type/common/messages/v1" xmlns:v12="http://fsb.belgium.be/mappingServices/countryService/messages/v1_00">
   <soapenv:Header/>
   <soapenv:Body>
      <v1:getAddressCountryRequest>
         <v1:messageContext>
            <v11:messageId>${=import static java.util.UUID.randomUUID; uuid = randomUUID() as String}</v11:messageId>
            <!--Optional:-->
            <v11:timestamp>${=new java.text.SimpleDateFormat("yyyy-MM-dd'T'HH:mm:ss.SSS").format(new Date())}</v11:timestamp>
         </v1:messageContext>
         <v1:legalContext>ServiceIntegrator</v1:legalContext>
         <v1:request>
            <!--You have a CHOICE of the next 4 items at this level-->
            <v12:iso-alpha2>BE</v12:iso-alpha2>
            <!--<v12:iso-alpha3 startDate="?" endDate="?" status="?">?</v12:iso-alpha3>-->
            <!--<v12:iso-num3 startDate="?" endDate="?" status="?">?</v12:iso-num3>-->
            <!--<v12:nis-num3 startDate="?" endDate="?" status="?">?</v12:nis-num3>-->
         </v1:request>
      </v1:getAddressCountryRequest>
   </soapenv:Body>
</soapenv:Envelope>]]></con:request><con:credentials><con:selectedAuthProfile>Basic</con:selectedAuthProfile><con:addedBasicAuthenticationTypes>Basic</con:addedBasicAuthenticationTypes><con:authType>Global HTTP Settings</con:authType></con:credentials><con:jmsConfig JMSDeliveryMode="PERSISTENT"/><con:jmsPropertyConfig/><con:wsaConfig mustUnderstand="NONE" version="200508" action="http://fidus.brussels/services/countryservice/getAddressCountry"/><con:wsrmConfig version="1.2"/></con:call><con:call id="aafaff37-57c1-405b-8aa0-482372e87781" name="04 - Staging Worker2 - Request" outgoingWss="Outflow STAGING" incomingWss="Inflow STAGING"><con:settings><con:setting id="com.eviware.soapui.impl.wsdl.WsdlRequest@request-headers">&lt;xml-fragment/></con:setting></con:settings><con:encoding>UTF-8</con:encoding><con:endpoint>https://192.168.24.17:8443/services/CountryService_v1.0</con:endpoint><con:request><![CDATA[<soapenv:Envelope xmlns:soapenv="http://schemas.xmlsoap.org/soap/envelope/" xmlns:v1="http://fidus.brussels/service/countryservice/messages/v1" xmlns:v11="http://fidus.brussels/type/common/messages/v1" xmlns:v12="http://fsb.belgium.be/mappingServices/countryService/messages/v1_00">
   <soapenv:Header/>
   <soapenv:Body>
      <v1:getAddressCountryRequest>
         <v1:messageContext>
            <v11:messageId>${=import static java.util.UUID.randomUUID; uuid = randomUUID() as String}</v11:messageId>
            <!--Optional:-->
            <v11:timestamp>${=new java.text.SimpleDateFormat("yyyy-MM-dd'T'HH:mm:ss.SSS").format(new Date())}</v11:timestamp>
         </v1:messageContext>
         <v1:legalContext>ServiceIntegrator</v1:legalContext>
         <v1:request>
            <!--You have a CHOICE of the next 4 items at this level-->
            <v12:iso-alpha2>BE</v12:iso-alpha2>
            <!--<v12:iso-alpha3 startDate="?" endDate="?" status="?">?</v12:iso-alpha3>-->
            <!--<v12:iso-num3 startDate="?" endDate="?" status="?">?</v12:iso-num3>-->
            <!--<v12:nis-num3 startDate="?" endDate="?" status="?">?</v12:nis-num3>-->
         </v1:request>
      </v1:getAddressCountryRequest>
   </soapenv:Body>
</soapenv:Envelope>]]></con:request><con:credentials><con:selectedAuthProfile>Basic</con:selectedAuthProfile><con:addedBasicAuthenticationTypes>Basic</con:addedBasicAuthenticationTypes><con:authType>Global HTTP Settings</con:authType></con:credentials><con:jmsConfig JMSDeliveryMode="PERSISTENT"/><con:jmsPropertyConfig/><con:wsaConfig mustUnderstand="NONE" version="200508" action="http://fidus.brussels/services/countryservice/getAddressCountry"/><con:wsrmConfig version="1.2"/></con:call><con:call id="f7c1c1f1-a164-49eb-a1f9-cde08ca8cc18" name="02 - DevNew - Request" outgoingWss="Outflow DEV" incomingWss="Inflow DEV"><con:settings><con:setting id="com.eviware.soapui.impl.wsdl.WsdlRequest@request-headers">&lt;xml-fragment/></con:setting></con:settings><con:encoding>UTF-8</con:encoding><con:endpoint>https://192.168.36.75:8243/services/CountryService_v1.0</con:endpoint><con:request><![CDATA[<soapenv:Envelope xmlns:soapenv="http://schemas.xmlsoap.org/soap/envelope/" xmlns:v1="http://fidus.brussels/service/countryservice/messages/v1" xmlns:v11="http://fidus.brussels/type/common/messages/v1" xmlns:v12="http://fsb.belgium.be/mappingServices/countryService/messages/v1_00">
   <soapenv:Header/>
   <soapenv:Body>
      <v1:getAddressCountryRequest>
         <v1:messageContext>
            <v11:messageId>${=import static java.util.UUID.randomUUID; uuid = randomUUID() as String}</v11:messageId>
            <!--Optional:-->
            <v11:timestamp>${=new java.text.SimpleDateFormat("yyyy-MM-dd'T'HH:mm:ss.SSS").format(new Date())}</v11:timestamp>
         </v1:messageContext>
         <v1:legalContext>ServiceIntegrator</v1:legalContext>
         <v1:request>
            <!--You have a CHOICE of the next 4 items at this level-->
            <v12:iso-alpha2>BE</v12:iso-alpha2>
            <!--<v12:iso-alpha3 startDate="?" endDate="?" status="?">?</v12:iso-alpha3>-->
            <!--<v12:iso-num3 startDate="?" endDate="?" status="?">?</v12:iso-num3>-->
            <!--<v12:nis-num3 startDate="?" endDate="?" status="?">?</v12:nis-num3>-->
         </v1:request>
      </v1:getAddressCountryRequest>
   </soapenv:Body>
</soapenv:Envelope>]]></con:request><con:credentials><con:selectedAuthProfile>Basic</con:selectedAuthProfile><con:addedBasicAuthenticationTypes>Basic</con:addedBasicAuthenticationTypes><con:authType>Global HTTP Settings</con:authType></con:credentials><con:jmsConfig JMSDeliveryMode="PERSISTENT"/><con:jmsPropertyConfig/><con:wsaConfig mustUnderstand="NONE" version="200508" action="http://fidus.brussels/services/countryservice/getAddressCountry"/><con:wsrmConfig version="1.2"/></con:call></con:operation><con:operation id="0f571e7c-29d2-4f41-8562-b4a48f500855" isOneWay="false" action="http://fidus.brussels/services/countryservice/getAddressCountryHistory" name="getAddressCountryHistory" bindingOperationName="getAddressCountryHistory" type="Request-Response" inputName="" receivesAttachments="false" sendsAttachments="false" anonymous="optional"><con:settings/><con:call id="2c5f46f0-d6d3-4d2a-a9b6-29227995a68c" name="01 - Local - Request" outgoingWss="Outflow DEV" incomingWss="Inflow DEV"><con:settings><con:setting id="com.eviware.soapui.impl.wsdl.WsdlRequest@request-headers">&lt;xml-fragment/></con:setting></con:settings><con:encoding>UTF-8</con:encoding><con:endpoint>https://localhost:8243/services/CountryService_v1.0</con:endpoint><con:request><![CDATA[<soapenv:Envelope xmlns:soapenv="http://schemas.xmlsoap.org/soap/envelope/" xmlns:v1="http://fidus.brussels/service/countryservice/messages/v1" xmlns:v11="http://fidus.brussels/type/common/messages/v1" xmlns:v12="http://fsb.belgium.be/mappingServices/countryService/messages/v1_00">
   <soapenv:Header/>
   <soapenv:Body>
      <v1:getAddressCountryHistoryRequest>
         <v1:messageContext>
            <v11:messageId>${=import static java.util.UUID.randomUUID; uuid = randomUUID() as String}</v11:messageId>
            <v11:timestamp>${=new java.text.SimpleDateFormat("yyyy-MM-dd'T'HH:mm:ss.SSS").format(new Date())}</v11:timestamp>
         </v1:messageContext>
         <v1:legalContext>ServiceIntegrator</v1:legalContext>
         <v1:request>
            <v12:iso-alpha2>BE</v12:iso-alpha2>
            <v12:referenceDate>2016-10-10</v12:referenceDate>
         </v1:request>
      </v1:getAddressCountryHistoryRequest>
   </soapenv:Body>
</soapenv:Envelope>]]></con:request><con:credentials><con:selectedAuthProfile>Basic</con:selectedAuthProfile><con:addedBasicAuthenticationTypes>Basic</con:addedBasicAuthenticationTypes><con:authType>Global HTTP Settings</con:authType></con:credentials><con:jmsConfig JMSDeliveryMode="PERSISTENT"/><con:jmsPropertyConfig/><con:wsaConfig mustUnderstand="NONE" version="200508" action="http://fidus.brussels/services/countryservice/getAddressCountryHistory"/><con:wsrmConfig version="1.2"/></con:call><con:call id="1ec25c22-f925-46c4-94ab-2018ece4ba45" name="01 - Local - Request-Invalid_Iso-alpha2" outgoingWss="Outflow DEV" incomingWss="Inflow DEV"><con:settings><con:setting id="com.eviware.soapui.impl.wsdl.WsdlRequest@request-headers">&lt;xml-fragment/></con:setting></con:settings><con:encoding>UTF-8</con:encoding><con:endpoint>https://localhost:8243/services/CountryService_v1.0</con:endpoint><con:request><![CDATA[<soapenv:Envelope xmlns:soapenv="http://schemas.xmlsoap.org/soap/envelope/" xmlns:v1="http://fidus.brussels/service/countryservice/messages/v1" xmlns:v11="http://fidus.brussels/type/common/messages/v1" xmlns:v12="http://fsb.belgium.be/mappingServices/countryService/messages/v1_00">
   <soapenv:Header/>
   <soapenv:Body>
      <v1:getAddressCountryHistoryRequest>
         <v1:messageContext>
            <v11:messageId>${=import static java.util.UUID.randomUUID; uuid = randomUUID() as String}</v11:messageId>
            <v11:timestamp>${=new java.text.SimpleDateFormat("yyyy-MM-dd'T'HH:mm:ss.SSS").format(new Date())}</v11:timestamp>
         </v1:messageContext>
         <v1:legalContext>ServiceIntegrator</v1:legalContext>
         <v1:request>
            <v12:iso-alpha2>XX</v12:iso-alpha2>
            <v12:referenceDate>2016-10-10</v12:referenceDate>
         </v1:request>
      </v1:getAddressCountryHistoryRequest>
   </soapenv:Body>
</soapenv:Envelope>]]></con:request><con:credentials><con:selectedAuthProfile>Basic</con:selectedAuthProfile><con:addedBasicAuthenticationTypes>Basic</con:addedBasicAuthenticationTypes><con:authType>Global HTTP Settings</con:authType></con:credentials><con:jmsConfig JMSDeliveryMode="PERSISTENT"/><con:jmsPropertyConfig/><con:wsaConfig mustUnderstand="NONE" version="200508" action="http://fidus.brussels/services/countryservice/getAddressCountryHistory"/><con:wsrmConfig version="1.2"/></con:call><con:call id="e5566668-c50c-4dc2-a784-0bd1e2cea348" name="02 - Dev - Request" outgoingWss="Outflow DEV" incomingWss="Inflow DEV"><con:settings><con:setting id="com.eviware.soapui.impl.wsdl.WsdlRequest@request-headers">&lt;xml-fragment/></con:setting></con:settings><con:encoding>UTF-8</con:encoding><con:endpoint>https://192.168.36.61:8243/services/CountryService_v1.0</con:endpoint><con:request><![CDATA[<soapenv:Envelope xmlns:soapenv="http://schemas.xmlsoap.org/soap/envelope/" xmlns:v1="http://fidus.brussels/service/countryservice/messages/v1" xmlns:v11="http://fidus.brussels/type/common/messages/v1" xmlns:v12="http://fsb.belgium.be/mappingServices/countryService/messages/v1_00">
   <soapenv:Header/>
   <soapenv:Body>
      <v1:getAddressCountryHistoryRequest>
         <v1:messageContext>
            <v11:messageId>${=import static java.util.UUID.randomUUID; uuid = randomUUID() as String}</v11:messageId>
            <v11:timestamp>${=new java.text.SimpleDateFormat("yyyy-MM-dd'T'HH:mm:ss.SSS").format(new Date())}</v11:timestamp>
         </v1:messageContext>
         <v1:legalContext>ServiceIntegrator</v1:legalContext>
         <v1:request>
            <v12:iso-alpha2>BE</v12:iso-alpha2>
            <!--<v12:referenceDate>2016-10-10</v12:referenceDate>-->
         </v1:request>
      </v1:getAddressCountryHistoryRequest>
   </soapenv:Body>
</soapenv:Envelope>]]></con:request><con:credentials><con:selectedAuthProfile>Basic</con:selectedAuthProfile><con:addedBasicAuthenticationTypes>Basic</con:addedBasicAuthenticationTypes><con:authType>Global HTTP Settings</con:authType></con:credentials><con:jmsConfig JMSDeliveryMode="PERSISTENT"/><con:jmsPropertyConfig/><con:wsaConfig mustUnderstand="NONE" version="200508" action="http://fidus.brussels/services/countryservice/getAddressCountryHistory"/><con:wsrmConfig version="1.2"/></con:call><con:call id="e747c233-0cff-41a2-b1a5-81864dc2186b" name="03 - Test External - Request" outgoingWss="Outflow TEST" incomingWss="Inflow TEST"><con:settings><con:setting id="com.eviware.soapui.impl.wsdl.WsdlRequest@request-headers">&lt;xml-fragment/></con:setting></con:settings><con:encoding>UTF-8</con:encoding><con:endpoint>https://fidus.irisnetlab.be/services/CountryService_v1.0</con:endpoint><con:request><![CDATA[<soapenv:Envelope xmlns:soapenv="http://schemas.xmlsoap.org/soap/envelope/" xmlns:v1="http://fidus.brussels/service/countryservice/messages/v1" xmlns:v11="http://fidus.brussels/type/common/messages/v1" xmlns:v12="http://fsb.belgium.be/mappingServices/countryService/messages/v1_00">
   <soapenv:Header/>
   <soapenv:Body>
      <v1:getAddressCountryHistoryRequest>
         <v1:messageContext>
            <v11:messageId>${=import static java.util.UUID.randomUUID; uuid = randomUUID() as String}</v11:messageId>
            <v11:timestamp>${=new java.text.SimpleDateFormat("yyyy-MM-dd'T'HH:mm:ss.SSS").format(new Date())}</v11:timestamp>
         </v1:messageContext>
         <v1:legalContext>ServiceIntegrator</v1:legalContext>
         <v1:request>
            <v12:iso-alpha2>FR</v12:iso-alpha2>
            <v12:referenceDate>2016-10-10</v12:referenceDate>
         </v1:request>
      </v1:getAddressCountryHistoryRequest>
   </soapenv:Body>
</soapenv:Envelope>]]></con:request><con:credentials><con:selectedAuthProfile>Basic</con:selectedAuthProfile><con:addedBasicAuthenticationTypes>Basic</con:addedBasicAuthenticationTypes><con:authType>Global HTTP Settings</con:authType></con:credentials><con:jmsConfig JMSDeliveryMode="PERSISTENT"/><con:jmsPropertyConfig/><con:wsaConfig mustUnderstand="NONE" version="200508" action="http://fidus.brussels/services/countryservice/getAddressCountryHistory"/><con:wsrmConfig version="1.2"/></con:call><con:call id="f2cc2c71-2e06-475a-8cd0-c63fdb6e6f4b" name="03 - Test LB - Request" outgoingWss="Outflow TEST" incomingWss="Inflow TEST"><con:settings><con:setting id="com.eviware.soapui.impl.wsdl.WsdlRequest@request-headers">&lt;xml-fragment/></con:setting></con:settings><con:encoding>UTF-8</con:encoding><con:endpoint>https://fidus-esb-sg.sta.srv.cirb.lan:8443/services/CountryService_v1.0</con:endpoint><con:request><![CDATA[<soapenv:Envelope xmlns:soapenv="http://schemas.xmlsoap.org/soap/envelope/" xmlns:v1="http://fidus.brussels/service/countryservice/messages/v1" xmlns:v11="http://fidus.brussels/type/common/messages/v1" xmlns:v12="http://fsb.belgium.be/mappingServices/countryService/messages/v1_00">
   <soapenv:Header/>
   <soapenv:Body>
      <v1:getAddressCountryHistoryRequest>
         <v1:messageContext>
            <v11:messageId>${=import static java.util.UUID.randomUUID; uuid = randomUUID() as String}</v11:messageId>
            <v11:timestamp>${=new java.text.SimpleDateFormat("yyyy-MM-dd'T'HH:mm:ss.SSS").format(new Date())}</v11:timestamp>
         </v1:messageContext>
         <v1:legalContext>ServiceIntegrator</v1:legalContext>
         <v1:request>
            <v12:iso-alpha2>BE</v12:iso-alpha2>
            <v12:referenceDate>2016-10-10</v12:referenceDate>
         </v1:request>
      </v1:getAddressCountryHistoryRequest>
   </soapenv:Body>
</soapenv:Envelope>]]></con:request><con:credentials><con:selectedAuthProfile>Basic</con:selectedAuthProfile><con:addedBasicAuthenticationTypes>Basic</con:addedBasicAuthenticationTypes><con:authType>Global HTTP Settings</con:authType></con:credentials><con:jmsConfig JMSDeliveryMode="PERSISTENT"/><con:jmsPropertyConfig/><con:wsaConfig mustUnderstand="NONE" version="200508" action="http://fidus.brussels/services/countryservice/getAddressCountryHistory"/><con:wsrmConfig version="1.2"/></con:call><con:call id="27f0ae73-dc25-4450-b638-4e31cdc49979" name="03 - Test Worker1 - Request" outgoingWss="Outflow TEST" incomingWss="Inflow TEST"><con:settings><con:setting id="com.eviware.soapui.impl.wsdl.WsdlRequest@request-headers">&lt;xml-fragment/></con:setting></con:settings><con:encoding>UTF-8</con:encoding><con:endpoint>https://192.168.24.16:8443/services/CountryService_v1.0</con:endpoint><con:request><![CDATA[<soapenv:Envelope xmlns:soapenv="http://schemas.xmlsoap.org/soap/envelope/" xmlns:v1="http://fidus.brussels/service/countryservice/messages/v1" xmlns:v11="http://fidus.brussels/type/common/messages/v1" xmlns:v12="http://fsb.belgium.be/mappingServices/countryService/messages/v1_00">
   <soapenv:Header/>
   <soapenv:Body>
      <v1:getAddressCountryHistoryRequest>
         <v1:messageContext>
            <v11:messageId>${=import static java.util.UUID.randomUUID; uuid = randomUUID() as String}</v11:messageId>
            <!--Optional:-->
            <v11:timestamp>${=new java.text.SimpleDateFormat("yyyy-MM-dd'T'HH:mm:ss.SSS").format(new Date())}</v11:timestamp>
         </v1:messageContext>
         <v1:legalContext>ServiceIntegrator</v1:legalContext>
         <v1:request>
            <v12:iso-alpha2>NL</v12:iso-alpha2>
            <!--Optional:-->
            
         </v1:request>
      </v1:getAddressCountryHistoryRequest>
   </soapenv:Body>
</soapenv:Envelope>]]></con:request><con:credentials><con:selectedAuthProfile>Basic</con:selectedAuthProfile><con:addedBasicAuthenticationTypes>Basic</con:addedBasicAuthenticationTypes><con:authType>Global HTTP Settings</con:authType></con:credentials><con:jmsConfig JMSDeliveryMode="PERSISTENT"/><con:jmsPropertyConfig/><con:wsaConfig mustUnderstand="NONE" version="200508" action="http://fidus.brussels/services/countryservice/getAddressCountryHistory"/><con:wsrmConfig version="1.2"/></con:call><con:call id="622fb66b-dc87-490a-9740-9143c4d38851" name="03 - Test Worker2 - Request" outgoingWss="Outflow TEST" incomingWss="Inflow TEST"><con:settings><con:setting id="com.eviware.soapui.impl.wsdl.WsdlRequest@request-headers">&lt;xml-fragment/></con:setting></con:settings><con:encoding>UTF-8</con:encoding><con:endpoint>https://192.168.24.17:8443/services/CountryService_v1.0</con:endpoint><con:request><![CDATA[<soapenv:Envelope xmlns:soapenv="http://schemas.xmlsoap.org/soap/envelope/" xmlns:v1="http://fidus.brussels/service/countryservice/messages/v1" xmlns:v11="http://fidus.brussels/type/common/messages/v1" xmlns:v12="http://fsb.belgium.be/mappingServices/countryService/messages/v1_00">
   <soapenv:Header/>
   <soapenv:Body>
      <v1:getAddressCountryHistoryRequest>
         <v1:messageContext>
            <v11:messageId>${=import static java.util.UUID.randomUUID; uuid = randomUUID() as String}</v11:messageId>
            <v11:timestamp>${=new java.text.SimpleDateFormat("yyyy-MM-dd'T'HH:mm:ss.SSS").format(new Date())}</v11:timestamp>
         </v1:messageContext>
         <v1:legalContext>ServiceIntegrator</v1:legalContext>
         <v1:request>
            <v12:iso-alpha2>AU</v12:iso-alpha2>
            <v12:referenceDate>2016-10-10</v12:referenceDate>
         </v1:request>
      </v1:getAddressCountryHistoryRequest>
   </soapenv:Body>
</soapenv:Envelope>]]></con:request><con:credentials><con:selectedAuthProfile>Basic</con:selectedAuthProfile><con:addedBasicAuthenticationTypes>Basic</con:addedBasicAuthenticationTypes><con:authType>Global HTTP Settings</con:authType></con:credentials><con:jmsConfig JMSDeliveryMode="PERSISTENT"/><con:jmsPropertyConfig/><con:wsaConfig mustUnderstand="NONE" version="200508" action="http://fidus.brussels/services/countryservice/getAddressCountryHistory"/><con:wsrmConfig version="1.2"/></con:call><con:call id="e73f2e41-d251-4e64-bc83-f20e08ac08c6" name="04 - Staging External - Request" outgoingWss="Outflow STAGING" incomingWss="Inflow STAGING"><con:settings><con:setting id="com.eviware.soapui.impl.wsdl.WsdlRequest@request-headers">&lt;xml-fragment/></con:setting></con:settings><con:encoding>UTF-8</con:encoding><con:endpoint>https://fidus.irisnetlab.be/services/CountryService_v1.0</con:endpoint><con:request><![CDATA[<soapenv:Envelope xmlns:soapenv="http://schemas.xmlsoap.org/soap/envelope/" xmlns:v1="http://fidus.brussels/service/countryservice/messages/v1" xmlns:v11="http://fidus.brussels/type/common/messages/v1" xmlns:v12="http://fsb.belgium.be/mappingServices/countryService/messages/v1_00">
   <soapenv:Header/>
   <soapenv:Body>
      <v1:getAddressCountryHistoryRequest>
         <v1:messageContext>
            <v11:messageId>${=import static java.util.UUID.randomUUID; uuid = randomUUID() as String}</v11:messageId>
            <v11:timestamp>${=new java.text.SimpleDateFormat("yyyy-MM-dd'T'HH:mm:ss.SSS").format(new Date())}</v11:timestamp>
         </v1:messageContext>
         <v1:legalContext>ServiceIntegrator</v1:legalContext>
         <v1:request>
            <v12:iso-alpha2>FR</v12:iso-alpha2>
            <v12:referenceDate>2016-10-10</v12:referenceDate>
         </v1:request>
      </v1:getAddressCountryHistoryRequest>
   </soapenv:Body>
</soapenv:Envelope>]]></con:request><con:credentials><con:selectedAuthProfile>Basic</con:selectedAuthProfile><con:addedBasicAuthenticationTypes>Basic</con:addedBasicAuthenticationTypes><con:authType>Global HTTP Settings</con:authType></con:credentials><con:jmsConfig JMSDeliveryMode="PERSISTENT"/><con:jmsPropertyConfig/><con:wsaConfig mustUnderstand="NONE" version="200508" action="http://fidus.brussels/services/countryservice/getAddressCountryHistory"/><con:wsrmConfig version="1.2"/></con:call><con:call id="97e4339e-9254-44f1-91fe-182f24a50c27" name="04 - Staging LB - Request" outgoingWss="Outflow STAGING" incomingWss="Inflow STAGING"><con:settings><con:setting id="com.eviware.soapui.impl.wsdl.WsdlRequest@request-headers">&lt;xml-fragment/></con:setting></con:settings><con:encoding>UTF-8</con:encoding><con:endpoint>https://fidus-esb-sg.sta.srv.cirb.lan:8443/services/CountryService_v1.0</con:endpoint><con:request><![CDATA[<soapenv:Envelope xmlns:soapenv="http://schemas.xmlsoap.org/soap/envelope/" xmlns:v1="http://fidus.brussels/service/countryservice/messages/v1" xmlns:v11="http://fidus.brussels/type/common/messages/v1" xmlns:v12="http://fsb.belgium.be/mappingServices/countryService/messages/v1_00">
   <soapenv:Header/>
   <soapenv:Body>
      <v1:getAddressCountryHistoryRequest>
         <v1:messageContext>
            <v11:messageId>${=import static java.util.UUID.randomUUID; uuid = randomUUID() as String}</v11:messageId>
            <v11:timestamp>${=new java.text.SimpleDateFormat("yyyy-MM-dd'T'HH:mm:ss.SSS").format(new Date())}</v11:timestamp>
         </v1:messageContext>
         <v1:legalContext>ServiceIntegrator</v1:legalContext>
         <v1:request>
            <v12:iso-alpha2>BE</v12:iso-alpha2>
            <v12:referenceDate>2016-10-10</v12:referenceDate>
         </v1:request>
      </v1:getAddressCountryHistoryRequest>
   </soapenv:Body>
</soapenv:Envelope>]]></con:request><con:credentials><con:selectedAuthProfile>Basic</con:selectedAuthProfile><con:addedBasicAuthenticationTypes>Basic</con:addedBasicAuthenticationTypes><con:authType>Global HTTP Settings</con:authType></con:credentials><con:jmsConfig JMSDeliveryMode="PERSISTENT"/><con:jmsPropertyConfig/><con:wsaConfig mustUnderstand="NONE" version="200508" action="http://fidus.brussels/services/countryservice/getAddressCountryHistory"/><con:wsrmConfig version="1.2"/></con:call><con:call id="0e9096f9-8189-48cc-942d-2f464a5f9fe1" name="04 - Staging Worker1 - Request" outgoingWss="Outflow STAGING" incomingWss="Inflow STAGING"><con:settings><con:setting id="com.eviware.soapui.impl.wsdl.WsdlRequest@request-headers">&lt;xml-fragment/></con:setting></con:settings><con:encoding>UTF-8</con:encoding><con:endpoint>https://192.168.24.16:8443/services/CountryService_v1.0</con:endpoint><con:request><![CDATA[<soapenv:Envelope xmlns:soapenv="http://schemas.xmlsoap.org/soap/envelope/" xmlns:v1="http://fidus.brussels/service/countryservice/messages/v1" xmlns:v11="http://fidus.brussels/type/common/messages/v1" xmlns:v12="http://fsb.belgium.be/mappingServices/countryService/messages/v1_00">
   <soapenv:Header/>
   <soapenv:Body>
      <v1:getAddressCountryHistoryRequest>
         <v1:messageContext>
            <v11:messageId>${=import static java.util.UUID.randomUUID; uuid = randomUUID() as String}</v11:messageId>
            <!--Optional:-->
            <v11:timestamp>${=new java.text.SimpleDateFormat("yyyy-MM-dd'T'HH:mm:ss.SSS").format(new Date())}</v11:timestamp>
         </v1:messageContext>
         <v1:legalContext>ServiceIntegrator</v1:legalContext>
         <v1:request>
            <v12:iso-alpha2>NL</v12:iso-alpha2>
            <!--Optional:-->
            
         </v1:request>
      </v1:getAddressCountryHistoryRequest>
   </soapenv:Body>
</soapenv:Envelope>]]></con:request><con:credentials><con:selectedAuthProfile>Basic</con:selectedAuthProfile><con:addedBasicAuthenticationTypes>Basic</con:addedBasicAuthenticationTypes><con:authType>Global HTTP Settings</con:authType></con:credentials><con:jmsConfig JMSDeliveryMode="PERSISTENT"/><con:jmsPropertyConfig/><con:wsaConfig mustUnderstand="NONE" version="200508" action="http://fidus.brussels/services/countryservice/getAddressCountryHistory"/><con:wsrmConfig version="1.2"/></con:call><con:call id="07b66cf0-2e9d-451b-b785-ac976882ec8c" name="04 - Staging Worker2 - Request" outgoingWss="Outflow STAGING" incomingWss="Inflow STAGING"><con:settings><con:setting id="com.eviware.soapui.impl.wsdl.WsdlRequest@request-headers">&lt;xml-fragment/></con:setting></con:settings><con:encoding>UTF-8</con:encoding><con:endpoint>https://192.168.24.17:8443/services/CountryService_v1.0</con:endpoint><con:request><![CDATA[<soapenv:Envelope xmlns:soapenv="http://schemas.xmlsoap.org/soap/envelope/" xmlns:v1="http://fidus.brussels/service/countryservice/messages/v1" xmlns:v11="http://fidus.brussels/type/common/messages/v1" xmlns:v12="http://fsb.belgium.be/mappingServices/countryService/messages/v1_00">
   <soapenv:Header/>
   <soapenv:Body>
      <v1:getAddressCountryHistoryRequest>
         <v1:messageContext>
            <v11:messageId>${=import static java.util.UUID.randomUUID; uuid = randomUUID() as String}</v11:messageId>
            <v11:timestamp>${=new java.text.SimpleDateFormat("yyyy-MM-dd'T'HH:mm:ss.SSS").format(new Date())}</v11:timestamp>
         </v1:messageContext>
         <v1:legalContext>ServiceIntegrator</v1:legalContext>
         <v1:request>
            <v12:iso-alpha2>AU</v12:iso-alpha2>
            <v12:referenceDate>2016-10-10</v12:referenceDate>
         </v1:request>
      </v1:getAddressCountryHistoryRequest>
   </soapenv:Body>
</soapenv:Envelope>]]></con:request><con:credentials><con:selectedAuthProfile>Basic</con:selectedAuthProfile><con:addedBasicAuthenticationTypes>Basic</con:addedBasicAuthenticationTypes><con:authType>Global HTTP Settings</con:authType></con:credentials><con:jmsConfig JMSDeliveryMode="PERSISTENT"/><con:jmsPropertyConfig/><con:wsaConfig mustUnderstand="NONE" version="200508" action="http://fidus.brussels/services/countryservice/getAddressCountryHistory"/><con:wsrmConfig version="1.2"/></con:call><con:call id="de0597c2-718f-467c-a36b-a8cee6368476" name="02 - DevNew - Request" outgoingWss="Outflow DEV" incomingWss="Inflow DEV"><con:settings><con:setting id="com.eviware.soapui.impl.wsdl.WsdlRequest@request-headers">&lt;xml-fragment/></con:setting></con:settings><con:encoding>UTF-8</con:encoding><con:endpoint>https://192.168.36.75:8243/services/CountryService_v1.0</con:endpoint><con:request><![CDATA[<soapenv:Envelope xmlns:soapenv="http://schemas.xmlsoap.org/soap/envelope/" xmlns:v1="http://fidus.brussels/service/countryservice/messages/v1" xmlns:v11="http://fidus.brussels/type/common/messages/v1" xmlns:v12="http://fsb.belgium.be/mappingServices/countryService/messages/v1_00">
   <soapenv:Header/>
   <soapenv:Body>
      <v1:getAddressCountryHistoryRequest>
         <v1:messageContext>
            <v11:messageId>${=import static java.util.UUID.randomUUID; uuid = randomUUID() as String}</v11:messageId>
            <v11:timestamp>${=new java.text.SimpleDateFormat("yyyy-MM-dd'T'HH:mm:ss.SSS").format(new Date())}</v11:timestamp>
         </v1:messageContext>
         <v1:legalContext>ServiceIntegrator</v1:legalContext>
         <v1:request>
            <v12:iso-alpha2>BE</v12:iso-alpha2>
            <!--<v12:referenceDate>2016-10-10</v12:referenceDate>-->
         </v1:request>
      </v1:getAddressCountryHistoryRequest>
   </soapenv:Body>
</soapenv:Envelope>]]></con:request><con:credentials><con:selectedAuthProfile>Basic</con:selectedAuthProfile><con:addedBasicAuthenticationTypes>Basic</con:addedBasicAuthenticationTypes><con:authType>Global HTTP Settings</con:authType></con:credentials><con:jmsConfig JMSDeliveryMode="PERSISTENT"/><con:jmsPropertyConfig/><con:wsaConfig mustUnderstand="NONE" version="200508" action="http://fidus.brussels/services/countryservice/getAddressCountryHistory"/><con:wsrmConfig version="1.2"/></con:call></con:operation><con:operation id="5853c5d3-f4fc-4cc9-988f-b4174b2a9126" isOneWay="false" action="http://fidus.brussels/services/countryservice/getAllIsoCodes" name="getAllIsoCodes" bindingOperationName="getAllIsoCodes" type="Request-Response" inputName="" receivesAttachments="false" sendsAttachments="false" anonymous="optional"><con:settings/><con:call id="7875fda0-0e7c-4eb9-a27a-7f29751c3fc4" name="01 - Local - Request" outgoingWss="Outflow DEV" incomingWss="Inflow DEV"><con:settings><con:setting id="com.eviware.soapui.impl.wsdl.WsdlRequest@request-headers">&lt;xml-fragment/></con:setting></con:settings><con:encoding>UTF-8</con:encoding><con:endpoint>https://localhost:8243/services/CountryService_v1.0</con:endpoint><con:request><![CDATA[<soapenv:Envelope xmlns:soapenv="http://schemas.xmlsoap.org/soap/envelope/" xmlns:v1="http://fidus.brussels/service/countryservice/messages/v1" xmlns:v11="http://fidus.brussels/type/common/messages/v1">
   <soapenv:Header/>
   <soapenv:Body>
      <v1:getAllIsoCodesRequest>
         <v1:messageContext>
            <v11:messageId>${=import static java.util.UUID.randomUUID; uuid = randomUUID() as String}</v11:messageId>
            <!--Optional:-->
            <v11:timestamp>${=new java.text.SimpleDateFormat("yyyy-MM-dd'T'HH:mm:ss.SSS").format(new Date())}</v11:timestamp>
         </v1:messageContext>
         <v1:legalContext>ServiceIntegrator</v1:legalContext>
         <v1:request>
            <!--Optional:-->
            <v1:referenceDate>2016-10-06</v1:referenceDate>
         </v1:request>
      </v1:getAllIsoCodesRequest>
   </soapenv:Body>
</soapenv:Envelope>]]></con:request><con:credentials><con:selectedAuthProfile>Basic</con:selectedAuthProfile><con:addedBasicAuthenticationTypes>Basic</con:addedBasicAuthenticationTypes><con:authType>Global HTTP Settings</con:authType></con:credentials><con:jmsConfig JMSDeliveryMode="PERSISTENT"/><con:jmsPropertyConfig/><con:wsaConfig mustUnderstand="NONE" version="200508" action="http://fidus.brussels/services/countryservice/getAllIsoCodes"/><con:wsrmConfig version="1.2"/></con:call><con:call id="ca743506-d38b-43fb-b364-97cc987a7306" name="01 - Local - Request-Invalid_date" outgoingWss="Outflow DEV" incomingWss="Inflow DEV"><con:settings><con:setting id="com.eviware.soapui.impl.wsdl.WsdlRequest@request-headers">&lt;xml-fragment/></con:setting></con:settings><con:encoding>UTF-8</con:encoding><con:endpoint>https://localhost:8243/services/CountryService_v1.0</con:endpoint><con:request><![CDATA[<soapenv:Envelope xmlns:soapenv="http://schemas.xmlsoap.org/soap/envelope/" xmlns:v1="http://fidus.brussels/service/countryservice/messages/v1" xmlns:v11="http://fidus.brussels/type/common/messages/v1">
   <soapenv:Header/>
   <soapenv:Body>
      <v1:getAllIsoCodesRequest>
         <v1:messageContext>
            <v11:messageId>${=import static java.util.UUID.randomUUID; uuid = randomUUID() as String}</v11:messageId>
            <!--Optional:-->
            <v11:timestamp>${=new java.text.SimpleDateFormat("yyyy-MM-dd'T'HH:mm:ss.SSS").format(new Date())}</v11:timestamp>
         </v1:messageContext>
         <v1:legalContext>ServiceIntegrator</v1:legalContext>
         <v1:request>
            <!--Optional:-->
            <v1:referenceDate>2017-10-06</v1:referenceDate>
         </v1:request>
      </v1:getAllIsoCodesRequest>
   </soapenv:Body>
</soapenv:Envelope>]]></con:request><con:credentials><con:selectedAuthProfile>Basic</con:selectedAuthProfile><con:addedBasicAuthenticationTypes>Basic</con:addedBasicAuthenticationTypes><con:authType>Global HTTP Settings</con:authType></con:credentials><con:jmsConfig JMSDeliveryMode="PERSISTENT"/><con:jmsPropertyConfig/><con:wsaConfig mustUnderstand="NONE" version="200508" action="http://fidus.brussels/services/countryservice/getAllIsoCodes"/><con:wsrmConfig version="1.2"/></con:call><con:call id="682c365d-210c-498f-b577-1672852501a0" name="03 - Test Worker1 - Request" outgoingWss="Outflow TEST" incomingWss="Inflow TEST"><con:settings><con:setting id="com.eviware.soapui.impl.wsdl.WsdlRequest@request-headers">&lt;xml-fragment/></con:setting></con:settings><con:encoding>UTF-8</con:encoding><con:endpoint>https://192.168.24.16:8443/services/CountryService_v1.0</con:endpoint><con:request><![CDATA[<soapenv:Envelope xmlns:soapenv="http://schemas.xmlsoap.org/soap/envelope/" xmlns:v1="http://fidus.brussels/service/countryservice/messages/v1" xmlns:v11="http://fidus.brussels/type/common/messages/v1">
   <soapenv:Header/>
   <soapenv:Body>
      <v1:getAllIsoCodesRequest>
         <v1:messageContext>
         	  <v11:messageId>${=import static java.util.UUID.randomUUID; uuid = randomUUID() as String}</v11:messageId>
            <v11:timestamp>${=new java.text.SimpleDateFormat("yyyy-MM-dd'T'HH:mm:ss.SSS").format(new Date())}</v11:timestamp>
         </v1:messageContext>
         <v1:legalContext>ServiceIntegrator</v1:legalContext>
         <v1:request>
            <!--Optional:-->
            <v1:referenceDate>2016-10-06</v1:referenceDate>
         </v1:request>
      </v1:getAllIsoCodesRequest>
   </soapenv:Body>
</soapenv:Envelope>]]></con:request><con:credentials><con:selectedAuthProfile>Basic</con:selectedAuthProfile><con:addedBasicAuthenticationTypes>Basic</con:addedBasicAuthenticationTypes><con:authType>Global HTTP Settings</con:authType></con:credentials><con:jmsConfig JMSDeliveryMode="PERSISTENT"/><con:jmsPropertyConfig/><con:wsaConfig mustUnderstand="NONE" version="200508" action="http://fidus.brussels/services/countryservice/getAllIsoCodes"/><con:wsrmConfig version="1.2"/></con:call><con:call id="8e04fbfe-0da0-4bce-af63-3b4f61d4bb56" name="02 - Dev - Request" outgoingWss="Outflow DEV" incomingWss="Inflow DEV"><con:settings><con:setting id="com.eviware.soapui.impl.wsdl.WsdlRequest@request-headers">&lt;xml-fragment/></con:setting></con:settings><con:encoding>UTF-8</con:encoding><con:endpoint>https://192.168.36.61:8243/services/CountryService_v1.0</con:endpoint><con:request><![CDATA[<soapenv:Envelope xmlns:soapenv="http://schemas.xmlsoap.org/soap/envelope/" xmlns:v1="http://fidus.brussels/service/countryservice/messages/v1" xmlns:v11="http://fidus.brussels/type/common/messages/v1">
   <soapenv:Header/>
   <soapenv:Body>
      <v1:getAllIsoCodesRequest>
         <v1:messageContext>
            <v11:messageId>${=import static java.util.UUID.randomUUID; uuid = randomUUID() as String}</v11:messageId>
            <!--Optional:-->
            <v11:timestamp>${=new java.text.SimpleDateFormat("yyyy-MM-dd'T'HH:mm:ss.SSS").format(new Date())}</v11:timestamp>
         </v1:messageContext>
         <v1:legalContext>ServiceIntegrator</v1:legalContext>
         <v1:request>
            <!--Optional:-->
            <v1:referenceDate>2016-10-06</v1:referenceDate>
         </v1:request>
      </v1:getAllIsoCodesRequest>
   </soapenv:Body>
</soapenv:Envelope>]]></con:request><con:credentials><con:selectedAuthProfile>Basic</con:selectedAuthProfile><con:addedBasicAuthenticationTypes>Basic</con:addedBasicAuthenticationTypes><con:authType>Global HTTP Settings</con:authType></con:credentials><con:jmsConfig JMSDeliveryMode="PERSISTENT"/><con:jmsPropertyConfig/><con:wsaConfig mustUnderstand="NONE" version="200508" action="http://fidus.brussels/services/countryservice/getAllIsoCodes"/><con:wsrmConfig version="1.2"/></con:call><con:call id="44946259-5df3-4718-9e3c-b200700a539b" name="03 - Test External - Request" outgoingWss="Outflow TEST" incomingWss="Inflow TEST"><con:settings><con:setting id="com.eviware.soapui.impl.wsdl.WsdlRequest@request-headers">&lt;xml-fragment/></con:setting></con:settings><con:encoding>UTF-8</con:encoding><con:endpoint>https://fidus.irisnetlab.be/services/CountryService_v1.0</con:endpoint><con:request><![CDATA[<soapenv:Envelope xmlns:soapenv="http://schemas.xmlsoap.org/soap/envelope/" xmlns:v1="http://fidus.brussels/service/countryservice/messages/v1" xmlns:v11="http://fidus.brussels/type/common/messages/v1">
   <soapenv:Header/>
   <soapenv:Body>
      <v1:getAllIsoCodesRequest>
         <v1:messageContext>
         	  <v11:messageId>${=import static java.util.UUID.randomUUID; uuid = randomUUID() as String}</v11:messageId>
            <v11:timestamp>${=new java.text.SimpleDateFormat("yyyy-MM-dd'T'HH:mm:ss.SSS").format(new Date())}</v11:timestamp>
         </v1:messageContext>
         <v1:legalContext>ServiceIntegrator</v1:legalContext>
         <v1:request>
            <!--Optional:-->
            <v1:referenceDate>2016-10-06</v1:referenceDate>
         </v1:request>
      </v1:getAllIsoCodesRequest>
   </soapenv:Body>
</soapenv:Envelope>]]></con:request><con:credentials><con:selectedAuthProfile>Basic</con:selectedAuthProfile><con:addedBasicAuthenticationTypes>Basic</con:addedBasicAuthenticationTypes><con:authType>Global HTTP Settings</con:authType></con:credentials><con:jmsConfig JMSDeliveryMode="PERSISTENT"/><con:jmsPropertyConfig/><con:wsaConfig mustUnderstand="NONE" version="200508" action="http://fidus.brussels/services/countryservice/getAllIsoCodes"/><con:wsrmConfig version="1.2"/></con:call><con:call id="6358e559-6354-4602-a0e0-35103d6076db" name="03 - Test LB - Request" outgoingWss="Outflow TEST" incomingWss="Inflow TEST"><con:settings><con:setting id="com.eviware.soapui.impl.wsdl.WsdlRequest@request-headers">&lt;xml-fragment/></con:setting></con:settings><con:encoding>UTF-8</con:encoding><con:endpoint>https://fidus-esb-sg.sta.srv.cirb.lan:8443/services/CountryService_v1.0</con:endpoint><con:request><![CDATA[<soapenv:Envelope xmlns:soapenv="http://schemas.xmlsoap.org/soap/envelope/" xmlns:v1="http://fidus.brussels/service/countryservice/messages/v1" xmlns:v11="http://fidus.brussels/type/common/messages/v1">
   <soapenv:Header/>
   <soapenv:Body>
      <v1:getAllIsoCodesRequest>
         <v1:messageContext>
         	  <v11:messageId>${=import static java.util.UUID.randomUUID; uuid = randomUUID() as String}</v11:messageId>
            <v11:timestamp>${=new java.text.SimpleDateFormat("yyyy-MM-dd'T'HH:mm:ss.SSS").format(new Date())}</v11:timestamp>
         </v1:messageContext>
         <v1:legalContext>ServiceIntegrator</v1:legalContext>
         <v1:request>
            <!--Optional:-->
            <v1:referenceDate>2016-10-06</v1:referenceDate>
         </v1:request>
      </v1:getAllIsoCodesRequest>
   </soapenv:Body>
</soapenv:Envelope>]]></con:request><con:credentials><con:selectedAuthProfile>Basic</con:selectedAuthProfile><con:addedBasicAuthenticationTypes>Basic</con:addedBasicAuthenticationTypes><con:authType>Global HTTP Settings</con:authType></con:credentials><con:jmsConfig JMSDeliveryMode="PERSISTENT"/><con:jmsPropertyConfig/><con:wsaConfig mustUnderstand="NONE" version="200508" action="http://fidus.brussels/services/countryservice/getAllIsoCodes"/><con:wsrmConfig version="1.2"/></con:call><con:call id="ecc97e09-c044-4d1e-8115-012d3206f7a3" name="03 - Test Worker2 - Request" outgoingWss="Outflow TEST" incomingWss="Inflow TEST"><con:settings><con:setting id="com.eviware.soapui.impl.wsdl.WsdlRequest@request-headers">&lt;xml-fragment/></con:setting></con:settings><con:encoding>UTF-8</con:encoding><con:endpoint>https://192.168.24.17:8443/services/CountryService_v1.0</con:endpoint><con:request><![CDATA[<soapenv:Envelope xmlns:soapenv="http://schemas.xmlsoap.org/soap/envelope/" xmlns:v1="http://fidus.brussels/service/countryservice/messages/v1" xmlns:v11="http://fidus.brussels/type/common/messages/v1">
   <soapenv:Header/>
   <soapenv:Body>
      <v1:getAllIsoCodesRequest>
         <v1:messageContext>
         	  <v11:messageId>${=import static java.util.UUID.randomUUID; uuid = randomUUID() as String}</v11:messageId>
            <v11:timestamp>${=new java.text.SimpleDateFormat("yyyy-MM-dd'T'HH:mm:ss.SSS").format(new Date())}</v11:timestamp>
         </v1:messageContext>
         <v1:legalContext>ServiceIntegrator</v1:legalContext>
         <v1:request>
            <!--Optional:-->
            <v1:referenceDate>2016-10-06</v1:referenceDate>
         </v1:request>
      </v1:getAllIsoCodesRequest>
   </soapenv:Body>
</soapenv:Envelope>]]></con:request><con:credentials><con:selectedAuthProfile>Basic</con:selectedAuthProfile><con:addedBasicAuthenticationTypes>Basic</con:addedBasicAuthenticationTypes><con:authType>Global HTTP Settings</con:authType></con:credentials><con:jmsConfig JMSDeliveryMode="PERSISTENT"/><con:jmsPropertyConfig/><con:wsaConfig mustUnderstand="NONE" version="200508" action="http://fidus.brussels/services/countryservice/getAllIsoCodes"/><con:wsrmConfig version="1.2"/></con:call><con:call id="06eeac7e-36fc-47c5-8b86-750a3b11a286" name="04 - Staging External - Request" outgoingWss="Outflow STAGING" incomingWss="Inflow STAGING"><con:settings><con:setting id="com.eviware.soapui.impl.wsdl.WsdlRequest@request-headers">&lt;xml-fragment/></con:setting></con:settings><con:encoding>UTF-8</con:encoding><con:endpoint>https://fidus.irisnetlab.be/services/CountryService_v1.0</con:endpoint><con:request><![CDATA[<soapenv:Envelope xmlns:soapenv="http://schemas.xmlsoap.org/soap/envelope/" xmlns:v1="http://fidus.brussels/service/countryservice/messages/v1" xmlns:v11="http://fidus.brussels/type/common/messages/v1">
   <soapenv:Header/>
   <soapenv:Body>
      <v1:getAllIsoCodesRequest>
         <v1:messageContext>
         	  <v11:messageId>${=import static java.util.UUID.randomUUID; uuid = randomUUID() as String}</v11:messageId>
            <v11:timestamp>${=new java.text.SimpleDateFormat("yyyy-MM-dd'T'HH:mm:ss.SSS").format(new Date())}</v11:timestamp>
         </v1:messageContext>
         <v1:legalContext>ServiceIntegrator</v1:legalContext>
         <v1:request>
            <!--Optional:-->
            <v1:referenceDate>2016-10-06</v1:referenceDate>
         </v1:request>
      </v1:getAllIsoCodesRequest>
   </soapenv:Body>
</soapenv:Envelope>]]></con:request><con:credentials><con:selectedAuthProfile>Basic</con:selectedAuthProfile><con:addedBasicAuthenticationTypes>Basic</con:addedBasicAuthenticationTypes><con:authType>Global HTTP Settings</con:authType></con:credentials><con:jmsConfig JMSDeliveryMode="PERSISTENT"/><con:jmsPropertyConfig/><con:wsaConfig mustUnderstand="NONE" version="200508" action="http://fidus.brussels/services/countryservice/getAllIsoCodes"/><con:wsrmConfig version="1.2"/></con:call><con:call id="bb5c777b-db03-46ea-b03f-80b4a0fd3a04" name="04 - Staging LB - Request" outgoingWss="Outflow STAGING" incomingWss="Inflow STAGING"><con:settings><con:setting id="com.eviware.soapui.impl.wsdl.WsdlRequest@request-headers">&lt;xml-fragment/></con:setting></con:settings><con:encoding>UTF-8</con:encoding><con:endpoint>https://fidus-esb-sg.sta.srv.cirb.lan:8443/services/CountryService_v1.0</con:endpoint><con:request><![CDATA[<soapenv:Envelope xmlns:soapenv="http://schemas.xmlsoap.org/soap/envelope/" xmlns:v1="http://fidus.brussels/service/countryservice/messages/v1" xmlns:v11="http://fidus.brussels/type/common/messages/v1">
   <soapenv:Header/>
   <soapenv:Body>
      <v1:getAllIsoCodesRequest>
         <v1:messageContext>
         	  <v11:messageId>${=import static java.util.UUID.randomUUID; uuid = randomUUID() as String}</v11:messageId>
            <v11:timestamp>${=new java.text.SimpleDateFormat("yyyy-MM-dd'T'HH:mm:ss.SSS").format(new Date())}</v11:timestamp>
         </v1:messageContext>
         <v1:legalContext>ServiceIntegrator</v1:legalContext>
         <v1:request>
            <!--Optional:-->
            <v1:referenceDate>2016-10-06</v1:referenceDate>
         </v1:request>
      </v1:getAllIsoCodesRequest>
   </soapenv:Body>
</soapenv:Envelope>]]></con:request><con:credentials><con:selectedAuthProfile>Basic</con:selectedAuthProfile><con:addedBasicAuthenticationTypes>Basic</con:addedBasicAuthenticationTypes><con:authType>Global HTTP Settings</con:authType></con:credentials><con:jmsConfig JMSDeliveryMode="PERSISTENT"/><con:jmsPropertyConfig/><con:wsaConfig mustUnderstand="NONE" version="200508" action="http://fidus.brussels/services/countryservice/getAllIsoCodes"/><con:wsrmConfig version="1.2"/></con:call><con:call id="40a7a57b-6577-448b-ab01-c4e45ca69e78" name="04 - Staging Worker1 - Request" outgoingWss="Outflow STAGING" incomingWss="Inflow STAGING"><con:settings><con:setting id="com.eviware.soapui.impl.wsdl.WsdlRequest@request-headers">&lt;xml-fragment/></con:setting></con:settings><con:encoding>UTF-8</con:encoding><con:endpoint>https://192.168.24.16:8443/services/CountryService_v1.0</con:endpoint><con:request><![CDATA[<soapenv:Envelope xmlns:soapenv="http://schemas.xmlsoap.org/soap/envelope/" xmlns:v1="http://fidus.brussels/service/countryservice/messages/v1" xmlns:v11="http://fidus.brussels/type/common/messages/v1">
   <soapenv:Header/>
   <soapenv:Body>
      <v1:getAllIsoCodesRequest>
         <v1:messageContext>
         	  <v11:messageId>${=import static java.util.UUID.randomUUID; uuid = randomUUID() as String}</v11:messageId>
            <v11:timestamp>${=new java.text.SimpleDateFormat("yyyy-MM-dd'T'HH:mm:ss.SSS").format(new Date())}</v11:timestamp>
         </v1:messageContext>
         <v1:legalContext>ServiceIntegrator</v1:legalContext>
         <v1:request>
            <!--Optional:-->
            <v1:referenceDate>2016-10-06</v1:referenceDate>
         </v1:request>
      </v1:getAllIsoCodesRequest>
   </soapenv:Body>
</soapenv:Envelope>]]></con:request><con:credentials><con:selectedAuthProfile>Basic</con:selectedAuthProfile><con:addedBasicAuthenticationTypes>Basic</con:addedBasicAuthenticationTypes><con:authType>Global HTTP Settings</con:authType></con:credentials><con:jmsConfig JMSDeliveryMode="PERSISTENT"/><con:jmsPropertyConfig/><con:wsaConfig mustUnderstand="NONE" version="200508" action="http://fidus.brussels/services/countryservice/getAllIsoCodes"/><con:wsrmConfig version="1.2"/></con:call><con:call id="06991228-144d-406f-a4a5-6309ee538bd9" name="04 - Staging Worker2 - Request" outgoingWss="Outflow STAGING" incomingWss="Inflow STAGING"><con:settings><con:setting id="com.eviware.soapui.impl.wsdl.WsdlRequest@request-headers">&lt;xml-fragment/></con:setting></con:settings><con:encoding>UTF-8</con:encoding><con:endpoint>https://192.168.24.17:8443/services/CountryService_v1.0</con:endpoint><con:request><![CDATA[<soapenv:Envelope xmlns:soapenv="http://schemas.xmlsoap.org/soap/envelope/" xmlns:v1="http://fidus.brussels/service/countryservice/messages/v1" xmlns:v11="http://fidus.brussels/type/common/messages/v1">
   <soapenv:Header/>
   <soapenv:Body>
      <v1:getAllIsoCodesRequest>
         <v1:messageContext>
         	  <v11:messageId>${=import static java.util.UUID.randomUUID; uuid = randomUUID() as String}</v11:messageId>
            <v11:timestamp>${=new java.text.SimpleDateFormat("yyyy-MM-dd'T'HH:mm:ss.SSS").format(new Date())}</v11:timestamp>
         </v1:messageContext>
         <v1:legalContext>ServiceIntegrator</v1:legalContext>
         <v1:request>
            <!--Optional:-->
            <v1:referenceDate>2016-10-06</v1:referenceDate>
         </v1:request>
      </v1:getAllIsoCodesRequest>
   </soapenv:Body>
</soapenv:Envelope>]]></con:request><con:credentials><con:selectedAuthProfile>Basic</con:selectedAuthProfile><con:addedBasicAuthenticationTypes>Basic</con:addedBasicAuthenticationTypes><con:authType>Global HTTP Settings</con:authType></con:credentials><con:jmsConfig JMSDeliveryMode="PERSISTENT"/><con:jmsPropertyConfig/><con:wsaConfig mustUnderstand="NONE" version="200508" action="http://fidus.brussels/services/countryservice/getAllIsoCodes"/><con:wsrmConfig version="1.2"/></con:call><con:call id="e83419fa-8dcf-40c9-8a68-19072bee3d24" name="02 - DevNew - Request" outgoingWss="Outflow DEV" incomingWss="Inflow DEV"><con:settings><con:setting id="com.eviware.soapui.impl.wsdl.WsdlRequest@request-headers">&lt;xml-fragment/></con:setting></con:settings><con:encoding>UTF-8</con:encoding><con:endpoint>https://192.168.36.75:8243/services/CountryService_v1.0</con:endpoint><con:request><![CDATA[<soapenv:Envelope xmlns:soapenv="http://schemas.xmlsoap.org/soap/envelope/" xmlns:v1="http://fidus.brussels/service/countryservice/messages/v1" xmlns:v11="http://fidus.brussels/type/common/messages/v1">
   <soapenv:Header/>
   <soapenv:Body>
      <v1:getAllIsoCodesRequest>
         <v1:messageContext>
            <v11:messageId>${=import static java.util.UUID.randomUUID; uuid = randomUUID() as String}</v11:messageId>
            <!--Optional:-->
            <v11:timestamp>${=new java.text.SimpleDateFormat("yyyy-MM-dd'T'HH:mm:ss.SSS").format(new Date())}</v11:timestamp>
         </v1:messageContext>
         <v1:legalContext>ServiceIntegrator</v1:legalContext>
         <v1:request>
            <!--Optional:-->
            <v1:referenceDate>2016-10-06</v1:referenceDate>
         </v1:request>
      </v1:getAllIsoCodesRequest>
   </soapenv:Body>
</soapenv:Envelope>]]></con:request><con:credentials><con:selectedAuthProfile>Basic</con:selectedAuthProfile><con:addedBasicAuthenticationTypes>Basic</con:addedBasicAuthenticationTypes><con:authType>Global HTTP Settings</con:authType></con:credentials><con:jmsConfig JMSDeliveryMode="PERSISTENT"/><con:jmsPropertyConfig/><con:wsaConfig mustUnderstand="NONE" version="200508" action="http://fidus.brussels/services/countryservice/getAllIsoCodes"/><con:wsrmConfig version="1.2"/></con:call></con:operation><con:operation id="99a02a60-38c2-4fbd-b8dc-64df25ab0598" isOneWay="false" action="http://fidus.brussels/services/countryservice/getAllNisCodes" name="getAllNisCodes" bindingOperationName="getAllNisCodes" type="Request-Response" inputName="" receivesAttachments="false" sendsAttachments="false" anonymous="optional"><con:settings/><con:call id="8f8f702c-e21e-452b-873d-e7174934bf01" name="01 - Local - Request" outgoingWss="Outflow DEV" incomingWss="Inflow DEV"><con:settings><con:setting id="com.eviware.soapui.impl.wsdl.WsdlRequest@request-headers">&lt;xml-fragment/></con:setting></con:settings><con:encoding>UTF-8</con:encoding><con:endpoint>https://localhost:8243/services/CountryService_v1.0</con:endpoint><con:request><![CDATA[<soapenv:Envelope xmlns:soapenv="http://schemas.xmlsoap.org/soap/envelope/" xmlns:v1="http://fidus.brussels/service/countryservice/messages/v1" xmlns:v11="http://fidus.brussels/type/common/messages/v1">
   <soapenv:Header/>
   <soapenv:Body>
      <v1:getAllNisCodesRequest>
         <v1:messageContext>
            <v11:messageId>${=import static java.util.UUID.randomUUID; uuid = randomUUID() as String}</v11:messageId>            
            <v11:timestamp>${=new java.text.SimpleDateFormat("yyyy-MM-dd'T'HH:mm:ss.SSS").format(new Date())}</v11:timestamp>
         </v1:messageContext>
         <v1:legalContext>ServiceIntegrator</v1:legalContext>
         <v1:request>
            <!--Optional:-->
            <v1:referenceDate>2016-10-13</v1:referenceDate>
         </v1:request>
      </v1:getAllNisCodesRequest>
   </soapenv:Body>
</soapenv:Envelope>]]></con:request><con:credentials><con:selectedAuthProfile>Basic</con:selectedAuthProfile><con:addedBasicAuthenticationTypes>Basic</con:addedBasicAuthenticationTypes><con:authType>Global HTTP Settings</con:authType></con:credentials><con:jmsConfig JMSDeliveryMode="PERSISTENT"/><con:jmsPropertyConfig/><con:wsaConfig mustUnderstand="NONE" version="200508" action="http://fidus.brussels/services/countryservice/getAllNisCodes"/><con:wsrmConfig version="1.2"/></con:call><con:call id="2cae5ad4-0a1b-469f-82d5-480b1fbe7b4c" name="01 - Local - Request-Invalid_date" outgoingWss="Outflow DEV" incomingWss="Inflow DEV"><con:settings><con:setting id="com.eviware.soapui.impl.wsdl.WsdlRequest@request-headers">&lt;xml-fragment/></con:setting></con:settings><con:encoding>UTF-8</con:encoding><con:endpoint>https://localhost:8243/services/CountryService_v1.0</con:endpoint><con:request><![CDATA[<soapenv:Envelope xmlns:soapenv="http://schemas.xmlsoap.org/soap/envelope/" xmlns:v1="http://fidus.brussels/service/countryservice/messages/v1" xmlns:v11="http://fidus.brussels/type/common/messages/v1">
   <soapenv:Header/>
   <soapenv:Body>
      <v1:getAllNisCodesRequest>
         <v1:messageContext>
            <v11:messageId>${=import static java.util.UUID.randomUUID; uuid = randomUUID() as String}</v11:messageId>            
            <v11:timestamp>${=new java.text.SimpleDateFormat("yyyy-MM-dd'T'HH:mm:ss.SSS").format(new Date())}</v11:timestamp>
         </v1:messageContext>
         <v1:legalContext>ServiceIntegrator</v1:legalContext>
         <v1:request>
            <!--Optional:-->
            <v1:referenceDate>2016-10-18</v1:referenceDate>
         </v1:request>
      </v1:getAllNisCodesRequest>
   </soapenv:Body>
</soapenv:Envelope>]]></con:request><con:credentials><con:selectedAuthProfile>Basic</con:selectedAuthProfile><con:addedBasicAuthenticationTypes>Basic</con:addedBasicAuthenticationTypes><con:authType>Global HTTP Settings</con:authType></con:credentials><con:jmsConfig JMSDeliveryMode="PERSISTENT"/><con:jmsPropertyConfig/><con:wsaConfig mustUnderstand="NONE" version="200508" action="http://fidus.brussels/services/countryservice/getAllNisCodes"/><con:wsrmConfig version="1.2"/></con:call><con:call id="b46177de-e43e-4849-8d0b-cf23b3b18fb2" name="02 - Dev - Request" outgoingWss="Outflow DEV" incomingWss="Inflow DEV"><con:settings><con:setting id="com.eviware.soapui.impl.wsdl.WsdlRequest@request-headers">&lt;xml-fragment/></con:setting></con:settings><con:encoding>UTF-8</con:encoding><con:endpoint>https://192.168.36.61:8243/services/CountryService_v1.0</con:endpoint><con:request><![CDATA[<soapenv:Envelope xmlns:soapenv="http://schemas.xmlsoap.org/soap/envelope/" xmlns:v1="http://fidus.brussels/service/countryservice/messages/v1" xmlns:v11="http://fidus.brussels/type/common/messages/v1">
   <soapenv:Header/>
   <soapenv:Body>
      <v1:getAllNisCodesRequest>
         <v1:messageContext>
            <v11:messageId>${=import static java.util.UUID.randomUUID; uuid = randomUUID() as String}</v11:messageId>            
            <v11:timestamp>${=new java.text.SimpleDateFormat("yyyy-MM-dd'T'HH:mm:ss.SSS").format(new Date())}</v11:timestamp>
         </v1:messageContext>
         <v1:legalContext>ServiceIntegrator</v1:legalContext>
         <v1:request>
            <!--Optional:-->
            <v1:referenceDate>2016-10-13</v1:referenceDate>
         </v1:request>
      </v1:getAllNisCodesRequest>
   </soapenv:Body>
</soapenv:Envelope>]]></con:request><con:credentials><con:selectedAuthProfile>Basic</con:selectedAuthProfile><con:addedBasicAuthenticationTypes>Basic</con:addedBasicAuthenticationTypes><con:authType>Global HTTP Settings</con:authType></con:credentials><con:jmsConfig JMSDeliveryMode="PERSISTENT"/><con:jmsPropertyConfig/><con:wsaConfig mustUnderstand="NONE" version="200508" action="http://fidus.brussels/services/countryservice/getAllNisCodes"/><con:wsrmConfig version="1.2"/></con:call><con:call id="9e613898-8b23-4b72-8c54-c385e375fe28" name="03 - Test External - Request" outgoingWss="Outflow TEST" incomingWss="Inflow TEST"><con:settings><con:setting id="com.eviware.soapui.impl.wsdl.WsdlRequest@request-headers">&lt;xml-fragment/></con:setting></con:settings><con:encoding>UTF-8</con:encoding><con:endpoint>https://fidus.irisnetlab.be/services/CountryService_v1.0</con:endpoint><con:request><![CDATA[<soapenv:Envelope xmlns:soapenv="http://schemas.xmlsoap.org/soap/envelope/" xmlns:v1="http://fidus.brussels/service/countryservice/messages/v1" xmlns:v11="http://fidus.brussels/type/common/messages/v1">
   <soapenv:Header/>
   <soapenv:Body>
      <v1:getAllNisCodesRequest>
         <v1:messageContext>
            <v11:messageId>${=import static java.util.UUID.randomUUID; uuid = randomUUID() as String}</v11:messageId>            
            <v11:timestamp>${=new java.text.SimpleDateFormat("yyyy-MM-dd'T'HH:mm:ss.SSS").format(new Date())}</v11:timestamp>
         </v1:messageContext>
         <v1:legalContext>ServiceIntegrator</v1:legalContext>
         <v1:request>
            <!--Optional:-->
            <v1:referenceDate>2016-10-13</v1:referenceDate>
         </v1:request>
      </v1:getAllNisCodesRequest>
   </soapenv:Body>
</soapenv:Envelope>]]></con:request><con:credentials><con:selectedAuthProfile>Basic</con:selectedAuthProfile><con:addedBasicAuthenticationTypes>Basic</con:addedBasicAuthenticationTypes><con:authType>Global HTTP Settings</con:authType></con:credentials><con:jmsConfig JMSDeliveryMode="PERSISTENT"/><con:jmsPropertyConfig/><con:wsaConfig mustUnderstand="NONE" version="200508" action="http://fidus.brussels/services/countryservice/getAllNisCodes"/><con:wsrmConfig version="1.2"/></con:call><con:call id="dab9f481-25d5-49fb-949f-e0d34406b24a" name="03 - Test LB - Request" outgoingWss="Outflow TEST" incomingWss="Inflow TEST"><con:settings><con:setting id="com.eviware.soapui.impl.wsdl.WsdlRequest@request-headers">&lt;xml-fragment/></con:setting></con:settings><con:encoding>UTF-8</con:encoding><con:endpoint>https://fidus-esb-sg.sta.srv.cirb.lan:8443/services/CountryService_v1.0</con:endpoint><con:request><![CDATA[<soapenv:Envelope xmlns:soapenv="http://schemas.xmlsoap.org/soap/envelope/" xmlns:v1="http://fidus.brussels/service/countryservice/messages/v1" xmlns:v11="http://fidus.brussels/type/common/messages/v1">
   <soapenv:Header/>
   <soapenv:Body>
      <v1:getAllNisCodesRequest>
         <v1:messageContext>
            <v11:messageId>${=import static java.util.UUID.randomUUID; uuid = randomUUID() as String}</v11:messageId>            
            <v11:timestamp>${=new java.text.SimpleDateFormat("yyyy-MM-dd'T'HH:mm:ss.SSS").format(new Date())}</v11:timestamp>
         </v1:messageContext>
         <v1:legalContext>ServiceIntegrator</v1:legalContext>
         <v1:request>
            <!--Optional:-->
            <v1:referenceDate>2016-10-13</v1:referenceDate>
         </v1:request>
      </v1:getAllNisCodesRequest>
   </soapenv:Body>
</soapenv:Envelope>]]></con:request><con:credentials><con:selectedAuthProfile>Basic</con:selectedAuthProfile><con:addedBasicAuthenticationTypes>Basic</con:addedBasicAuthenticationTypes><con:authType>Global HTTP Settings</con:authType></con:credentials><con:jmsConfig JMSDeliveryMode="PERSISTENT"/><con:jmsPropertyConfig/><con:wsaConfig mustUnderstand="NONE" version="200508" action="http://fidus.brussels/services/countryservice/getAllNisCodes"/><con:wsrmConfig version="1.2"/></con:call><con:call id="43f85fef-9e89-4cd8-aebd-e9f6085f4eed" name="03 - Test Worker1 - Request" outgoingWss="Outflow TEST" incomingWss="Inflow TEST"><con:settings><con:setting id="com.eviware.soapui.impl.wsdl.WsdlRequest@request-headers">&lt;xml-fragment/></con:setting></con:settings><con:encoding>UTF-8</con:encoding><con:endpoint>https://192.168.24.16:8443/services/CountryService_v1.0</con:endpoint><con:request><![CDATA[<soapenv:Envelope xmlns:soapenv="http://schemas.xmlsoap.org/soap/envelope/" xmlns:v1="http://fidus.brussels/service/countryservice/messages/v1" xmlns:v11="http://fidus.brussels/type/common/messages/v1">
   <soapenv:Header/>
   <soapenv:Body>
      <v1:getAllNisCodesRequest>
         <v1:messageContext>
            <v11:messageId>${=import static java.util.UUID.randomUUID; uuid = randomUUID() as String}</v11:messageId>            
            <v11:timestamp>${=new java.text.SimpleDateFormat("yyyy-MM-dd'T'HH:mm:ss.SSS").format(new Date())}</v11:timestamp>
         </v1:messageContext>
         <v1:legalContext>ServiceIntegrator</v1:legalContext>
         <v1:request>
            <!--Optional:-->
            <v1:referenceDate>2016-10-13</v1:referenceDate>
         </v1:request>
      </v1:getAllNisCodesRequest>
   </soapenv:Body>
</soapenv:Envelope>]]></con:request><con:credentials><con:selectedAuthProfile>Basic</con:selectedAuthProfile><con:addedBasicAuthenticationTypes>Basic</con:addedBasicAuthenticationTypes><con:authType>Global HTTP Settings</con:authType></con:credentials><con:jmsConfig JMSDeliveryMode="PERSISTENT"/><con:jmsPropertyConfig/><con:wsaConfig mustUnderstand="NONE" version="200508" action="http://fidus.brussels/services/countryservice/getAllNisCodes"/><con:wsrmConfig version="1.2"/></con:call><con:call id="46e2f336-4a13-4089-8f1a-47d107b04caa" name="03 - Test Worker2 - Request" outgoingWss="Outflow TEST" incomingWss="Inflow TEST"><con:settings><con:setting id="com.eviware.soapui.impl.wsdl.WsdlRequest@request-headers">&lt;xml-fragment/></con:setting></con:settings><con:encoding>UTF-8</con:encoding><con:endpoint>https://192.168.24.17:8443/services/CountryService_v1.0</con:endpoint><con:request><![CDATA[<soapenv:Envelope xmlns:soapenv="http://schemas.xmlsoap.org/soap/envelope/" xmlns:v1="http://fidus.brussels/service/countryservice/messages/v1" xmlns:v11="http://fidus.brussels/type/common/messages/v1">
   <soapenv:Header/>
   <soapenv:Body>
      <v1:getAllNisCodesRequest>
         <v1:messageContext>
            <v11:messageId>${=import static java.util.UUID.randomUUID; uuid = randomUUID() as String}</v11:messageId>            
            <v11:timestamp>${=new java.text.SimpleDateFormat("yyyy-MM-dd'T'HH:mm:ss.SSS").format(new Date())}</v11:timestamp>
         </v1:messageContext>
         <v1:legalContext>ServiceIntegrator</v1:legalContext>
         <v1:request>
            <!--Optional:-->
            <v1:referenceDate>2016-10-13</v1:referenceDate>
         </v1:request>
      </v1:getAllNisCodesRequest>
   </soapenv:Body>
</soapenv:Envelope>]]></con:request><con:credentials><con:selectedAuthProfile>Basic</con:selectedAuthProfile><con:addedBasicAuthenticationTypes>Basic</con:addedBasicAuthenticationTypes><con:authType>Global HTTP Settings</con:authType></con:credentials><con:jmsConfig JMSDeliveryMode="PERSISTENT"/><con:jmsPropertyConfig/><con:wsaConfig mustUnderstand="NONE" version="200508" action="http://fidus.brussels/services/countryservice/getAllNisCodes"/><con:wsrmConfig version="1.2"/></con:call><con:call id="bf468311-affb-476e-8540-4f6259feedad" name="04 - Staging External - Request" outgoingWss="Outflow STAGING" incomingWss="Inflow STAGING"><con:settings><con:setting id="com.eviware.soapui.impl.wsdl.WsdlRequest@request-headers">&lt;xml-fragment/></con:setting></con:settings><con:encoding>UTF-8</con:encoding><con:endpoint>https://fidus.irisnetlab.be/services/CountryService_v1.0</con:endpoint><con:request><![CDATA[<soapenv:Envelope xmlns:soapenv="http://schemas.xmlsoap.org/soap/envelope/" xmlns:v1="http://fidus.brussels/service/countryservice/messages/v1" xmlns:v11="http://fidus.brussels/type/common/messages/v1">
   <soapenv:Header/>
   <soapenv:Body>
      <v1:getAllNisCodesRequest>
         <v1:messageContext>
            <v11:messageId>${=import static java.util.UUID.randomUUID; uuid = randomUUID() as String}</v11:messageId>            
            <v11:timestamp>${=new java.text.SimpleDateFormat("yyyy-MM-dd'T'HH:mm:ss.SSS").format(new Date())}</v11:timestamp>
         </v1:messageContext>
         <v1:legalContext>ServiceIntegrator</v1:legalContext>
         <v1:request>
            <!--Optional:-->
            <v1:referenceDate>2016-10-13</v1:referenceDate>
         </v1:request>
      </v1:getAllNisCodesRequest>
   </soapenv:Body>
</soapenv:Envelope>]]></con:request><con:credentials><con:selectedAuthProfile>Basic</con:selectedAuthProfile><con:addedBasicAuthenticationTypes>Basic</con:addedBasicAuthenticationTypes><con:authType>Global HTTP Settings</con:authType></con:credentials><con:jmsConfig JMSDeliveryMode="PERSISTENT"/><con:jmsPropertyConfig/><con:wsaConfig mustUnderstand="NONE" version="200508" action="http://fidus.brussels/services/countryservice/getAllNisCodes"/><con:wsrmConfig version="1.2"/></con:call><con:call id="cfac1903-717f-4b49-b47d-5a34302f6396" name="04 - Staging LB - Request" outgoingWss="Outflow STAGING" incomingWss="Inflow STAGING"><con:settings><con:setting id="com.eviware.soapui.impl.wsdl.WsdlRequest@request-headers">&lt;xml-fragment/></con:setting></con:settings><con:encoding>UTF-8</con:encoding><con:endpoint>https://fidus-esb-sg.sta.srv.cirb.lan:8443/services/CountryService_v1.0</con:endpoint><con:request><![CDATA[<soapenv:Envelope xmlns:soapenv="http://schemas.xmlsoap.org/soap/envelope/" xmlns:v1="http://fidus.brussels/service/countryservice/messages/v1" xmlns:v11="http://fidus.brussels/type/common/messages/v1">
   <soapenv:Header/>
   <soapenv:Body>
      <v1:getAllNisCodesRequest>
         <v1:messageContext>
            <v11:messageId>${=import static java.util.UUID.randomUUID; uuid = randomUUID() as String}</v11:messageId>            
            <v11:timestamp>${=new java.text.SimpleDateFormat("yyyy-MM-dd'T'HH:mm:ss.SSS").format(new Date())}</v11:timestamp>
         </v1:messageContext>
         <v1:legalContext>ServiceIntegrator</v1:legalContext>
         <v1:request>
            <!--Optional:-->
            <v1:referenceDate>2016-10-13</v1:referenceDate>
         </v1:request>
      </v1:getAllNisCodesRequest>
   </soapenv:Body>
</soapenv:Envelope>]]></con:request><con:credentials><con:selectedAuthProfile>Basic</con:selectedAuthProfile><con:addedBasicAuthenticationTypes>Basic</con:addedBasicAuthenticationTypes><con:authType>Global HTTP Settings</con:authType></con:credentials><con:jmsConfig JMSDeliveryMode="PERSISTENT"/><con:jmsPropertyConfig/><con:wsaConfig mustUnderstand="NONE" version="200508" action="http://fidus.brussels/services/countryservice/getAllNisCodes"/><con:wsrmConfig version="1.2"/></con:call><con:call id="d0f13642-4688-4103-bb39-281fe9b6327e" name="04 - Staging Worker1 - Request" outgoingWss="Outflow STAGING" incomingWss="Inflow STAGING"><con:settings><con:setting id="com.eviware.soapui.impl.wsdl.WsdlRequest@request-headers">&lt;xml-fragment/></con:setting></con:settings><con:encoding>UTF-8</con:encoding><con:endpoint>https://192.168.24.16:8443/services/CountryService_v1.0</con:endpoint><con:request><![CDATA[<soapenv:Envelope xmlns:soapenv="http://schemas.xmlsoap.org/soap/envelope/" xmlns:v1="http://fidus.brussels/service/countryservice/messages/v1" xmlns:v11="http://fidus.brussels/type/common/messages/v1">
   <soapenv:Header/>
   <soapenv:Body>
      <v1:getAllNisCodesRequest>
         <v1:messageContext>
            <v11:messageId>${=import static java.util.UUID.randomUUID; uuid = randomUUID() as String}</v11:messageId>            
            <v11:timestamp>${=new java.text.SimpleDateFormat("yyyy-MM-dd'T'HH:mm:ss.SSS").format(new Date())}</v11:timestamp>
         </v1:messageContext>
         <v1:legalContext>ServiceIntegrator</v1:legalContext>
         <v1:request>
            <!--Optional:-->
            <v1:referenceDate>2016-10-13</v1:referenceDate>
         </v1:request>
      </v1:getAllNisCodesRequest>
   </soapenv:Body>
</soapenv:Envelope>]]></con:request><con:credentials><con:selectedAuthProfile>Basic</con:selectedAuthProfile><con:addedBasicAuthenticationTypes>Basic</con:addedBasicAuthenticationTypes><con:authType>Global HTTP Settings</con:authType></con:credentials><con:jmsConfig JMSDeliveryMode="PERSISTENT"/><con:jmsPropertyConfig/><con:wsaConfig mustUnderstand="NONE" version="200508" action="http://fidus.brussels/services/countryservice/getAllNisCodes"/><con:wsrmConfig version="1.2"/></con:call><con:call id="5d278922-b100-4634-b72a-016735f7ced5" name="02 - DevNew - Request" outgoingWss="Outflow DEV" incomingWss="Inflow DEV"><con:settings><con:setting id="com.eviware.soapui.impl.wsdl.WsdlRequest@request-headers">&lt;xml-fragment/></con:setting></con:settings><con:encoding>UTF-8</con:encoding><con:endpoint>https://192.168.36.75:8243/services/CountryService_v1.0</con:endpoint><con:request><![CDATA[<soapenv:Envelope xmlns:soapenv="http://schemas.xmlsoap.org/soap/envelope/" xmlns:v1="http://fidus.brussels/service/countryservice/messages/v1" xmlns:v11="http://fidus.brussels/type/common/messages/v1">
   <soapenv:Header/>
   <soapenv:Body>
      <v1:getAllNisCodesRequest>
         <v1:messageContext>
            <v11:messageId>${=import static java.util.UUID.randomUUID; uuid = randomUUID() as String}</v11:messageId>            
            <v11:timestamp>${=new java.text.SimpleDateFormat("yyyy-MM-dd'T'HH:mm:ss.SSS").format(new Date())}</v11:timestamp>
         </v1:messageContext>
         <v1:legalContext>ServiceIntegrator</v1:legalContext>
         <v1:request>
            <!--Optional:-->
            <v1:referenceDate>2016-10-13</v1:referenceDate>
         </v1:request>
      </v1:getAllNisCodesRequest>
   </soapenv:Body>
</soapenv:Envelope>]]></con:request><con:credentials><con:selectedAuthProfile>Basic</con:selectedAuthProfile><con:addedBasicAuthenticationTypes>Basic</con:addedBasicAuthenticationTypes><con:authType>Global HTTP Settings</con:authType></con:credentials><con:jmsConfig JMSDeliveryMode="PERSISTENT"/><con:jmsPropertyConfig/><con:wsaConfig mustUnderstand="NONE" version="200508" action="http://fidus.brussels/services/countryservice/getAllNisCodes"/><con:wsrmConfig version="1.2"/></con:call></con:operation><con:operation id="d9b91d9d-2077-4cab-b2f0-d02470bd205a" isOneWay="false" action="http://fidus.brussels/services/countryservice/getNationalities" name="getNationalities" bindingOperationName="getNationalities" type="Request-Response" inputName="" receivesAttachments="false" sendsAttachments="false" anonymous="optional"><con:settings/><con:call id="57506035-7435-40a4-ad96-acc1ba8182d7" name="01 - Local - Request" outgoingWss="Outflow DEV" incomingWss="Inflow DEV"><con:settings><con:setting id="com.eviware.soapui.impl.wsdl.WsdlRequest@request-headers">&lt;xml-fragment/></con:setting></con:settings><con:encoding>UTF-8</con:encoding><con:endpoint>https://localhost:8243/services/CountryService_v1.0</con:endpoint><con:request><![CDATA[<soapenv:Envelope xmlns:soapenv="http://schemas.xmlsoap.org/soap/envelope/" xmlns:v1="http://fidus.brussels/service/countryservice/messages/v1" xmlns:v11="http://fidus.brussels/type/common/messages/v1">
   <soapenv:Header/>
   <soapenv:Body>
      <v1:getNationalitiesRequest>
         <v1:messageContext>
            <v11:messageId>${=import static java.util.UUID.randomUUID; uuid = randomUUID() as String}</v11:messageId>
            <!--Optional:-->
            <v11:timestamp>${=new java.text.SimpleDateFormat("yyyy-MM-dd'T'HH:mm:ss.SSS").format(new Date())}</v11:timestamp>
         </v1:messageContext>
         <v1:legalContext>ServiceIntegrator</v1:legalContext>
         <v1:request>
            <!--Optional:-->
            <v1:referenceDate>2016-10-13</v1:referenceDate>
         </v1:request>
      </v1:getNationalitiesRequest>
   </soapenv:Body>
</soapenv:Envelope>]]></con:request><con:credentials><con:selectedAuthProfile>Basic</con:selectedAuthProfile><con:addedBasicAuthenticationTypes>Basic</con:addedBasicAuthenticationTypes><con:authType>Global HTTP Settings</con:authType></con:credentials><con:jmsConfig JMSDeliveryMode="PERSISTENT"/><con:jmsPropertyConfig/><con:wsaConfig mustUnderstand="NONE" version="200508" action="http://fidus.brussels/services/countryservice/getNationalities"/><con:wsrmConfig version="1.2"/></con:call><con:call id="b7beb1d4-97ce-4d4d-abc1-8062beac8790" name="01 - Local - Request-Invalid_date" outgoingWss="Outflow DEV" incomingWss="Inflow DEV"><con:settings><con:setting id="com.eviware.soapui.impl.wsdl.WsdlRequest@request-headers">&lt;xml-fragment/></con:setting></con:settings><con:encoding>UTF-8</con:encoding><con:endpoint>https://localhost:8243/services/CountryService_v1.0</con:endpoint><con:request><![CDATA[<soapenv:Envelope xmlns:soapenv="http://schemas.xmlsoap.org/soap/envelope/" xmlns:v1="http://fidus.brussels/service/countryservice/messages/v1" xmlns:v11="http://fidus.brussels/type/common/messages/v1">
   <soapenv:Header/>
   <soapenv:Body>
      <v1:getNationalitiesRequest>
         <v1:messageContext>
            <v11:messageId>${=import static java.util.UUID.randomUUID; uuid = randomUUID() as String}</v11:messageId>
            <!--Optional:-->
            <v11:timestamp>${=new java.text.SimpleDateFormat("yyyy-MM-dd'T'HH:mm:ss.SSS").format(new Date())}</v11:timestamp>
         </v1:messageContext>
         <v1:legalContext>ServiceIntegrator</v1:legalContext>
         <v1:request>
            <!--Optional:-->
            <v1:referenceDate>2016-10-16</v1:referenceDate>
         </v1:request>
      </v1:getNationalitiesRequest>
   </soapenv:Body>
</soapenv:Envelope>]]></con:request><con:credentials><con:selectedAuthProfile>Basic</con:selectedAuthProfile><con:addedBasicAuthenticationTypes>Basic</con:addedBasicAuthenticationTypes><con:authType>Global HTTP Settings</con:authType></con:credentials><con:jmsConfig JMSDeliveryMode="PERSISTENT"/><con:jmsPropertyConfig/><con:wsaConfig mustUnderstand="NONE" version="200508" action="http://fidus.brussels/services/countryservice/getNationalities"/><con:wsrmConfig version="1.2"/></con:call><con:call id="dc59c2db-d10e-4a80-b087-01182e06139b" name="02 - Dev - Request" outgoingWss="Outflow DEV" incomingWss="Inflow DEV"><con:settings><con:setting id="com.eviware.soapui.impl.wsdl.WsdlRequest@request-headers">&lt;xml-fragment/></con:setting></con:settings><con:encoding>UTF-8</con:encoding><con:endpoint>https://192.168.36.61:8243/services/CountryService_v1.0</con:endpoint><con:request><![CDATA[<soapenv:Envelope xmlns:soapenv="http://schemas.xmlsoap.org/soap/envelope/" xmlns:v1="http://fidus.brussels/service/countryservice/messages/v1" xmlns:v11="http://fidus.brussels/type/common/messages/v1">
   <soapenv:Header/>
   <soapenv:Body>
      <v1:getNationalitiesRequest>
         <v1:messageContext>
            <v11:messageId>${=import static java.util.UUID.randomUUID; uuid = randomUUID() as String}</v11:messageId>
            <!--Optional:-->
            <v11:timestamp>${=new java.text.SimpleDateFormat("yyyy-MM-dd'T'HH:mm:ss.SSS").format(new Date())}</v11:timestamp>
         </v1:messageContext>
         <v1:legalContext>ServiceIntegrator</v1:legalContext>
         <v1:request>
            <!--Optional:-->
            <v1:referenceDate>2016-10-13</v1:referenceDate>
         </v1:request>
      </v1:getNationalitiesRequest>
   </soapenv:Body>
</soapenv:Envelope>]]></con:request><con:credentials><con:selectedAuthProfile>Basic</con:selectedAuthProfile><con:addedBasicAuthenticationTypes>Basic</con:addedBasicAuthenticationTypes><con:authType>Global HTTP Settings</con:authType></con:credentials><con:jmsConfig JMSDeliveryMode="PERSISTENT"/><con:jmsPropertyConfig/><con:wsaConfig mustUnderstand="NONE" version="200508" action="http://fidus.brussels/services/countryservice/getNationalities"/><con:wsrmConfig version="1.2"/></con:call><con:call id="5b896b08-28ef-46d7-9783-0cf7764551ea" name="03 - Test External - Request" outgoingWss="Outflow TEST" incomingWss="Inflow TEST"><con:settings><con:setting id="com.eviware.soapui.impl.wsdl.WsdlRequest@request-headers">&lt;xml-fragment/></con:setting></con:settings><con:encoding>UTF-8</con:encoding><con:endpoint>https://fidus.irisnetlab.be/services/CountryService_v1.0</con:endpoint><con:request><![CDATA[<soapenv:Envelope xmlns:soapenv="http://schemas.xmlsoap.org/soap/envelope/" xmlns:v1="http://fidus.brussels/service/countryservice/messages/v1" xmlns:v11="http://fidus.brussels/type/common/messages/v1">
   <soapenv:Header/>
   <soapenv:Body>
      <v1:getNationalitiesRequest>
         <v1:messageContext>
            <v11:messageId>${=import static java.util.UUID.randomUUID; uuid = randomUUID() as String}</v11:messageId>
            <!--Optional:-->
            <v11:timestamp>${=new java.text.SimpleDateFormat("yyyy-MM-dd'T'HH:mm:ss.SSS").format(new Date())}</v11:timestamp>
         </v1:messageContext>
         <v1:legalContext>ServiceIntegrator</v1:legalContext>
         <v1:request>
            <!--Optional:-->
            <v1:referenceDate>2016-10-13</v1:referenceDate>
         </v1:request>
      </v1:getNationalitiesRequest>
   </soapenv:Body>
</soapenv:Envelope>]]></con:request><con:credentials><con:selectedAuthProfile>Basic</con:selectedAuthProfile><con:addedBasicAuthenticationTypes>Basic</con:addedBasicAuthenticationTypes><con:authType>Global HTTP Settings</con:authType></con:credentials><con:jmsConfig JMSDeliveryMode="PERSISTENT"/><con:jmsPropertyConfig/><con:wsaConfig mustUnderstand="NONE" version="200508" action="http://fidus.brussels/services/countryservice/getNationalities"/><con:wsrmConfig version="1.2"/></con:call><con:call id="49cff139-f8ee-4ed3-b0c7-8fdb04fc34fc" name="03 - Test LB - Request" outgoingWss="Outflow TEST" incomingWss="Inflow TEST"><con:settings><con:setting id="com.eviware.soapui.impl.wsdl.WsdlRequest@request-headers">&lt;xml-fragment/></con:setting></con:settings><con:encoding>UTF-8</con:encoding><con:endpoint>https://fidus-esb-sg.sta.srv.cirb.lan:8443/services/CountryService_v1.0</con:endpoint><con:request><![CDATA[<soapenv:Envelope xmlns:soapenv="http://schemas.xmlsoap.org/soap/envelope/" xmlns:v1="http://fidus.brussels/service/countryservice/messages/v1" xmlns:v11="http://fidus.brussels/type/common/messages/v1">
   <soapenv:Header/>
   <soapenv:Body>
      <v1:getNationalitiesRequest>
         <v1:messageContext>
            <v11:messageId>${=import static java.util.UUID.randomUUID; uuid = randomUUID() as String}</v11:messageId>
            <!--Optional:-->
            <v11:timestamp>${=new java.text.SimpleDateFormat("yyyy-MM-dd'T'HH:mm:ss.SSS").format(new Date())}</v11:timestamp>
         </v1:messageContext>
         <v1:legalContext>ServiceIntegrator</v1:legalContext>
         <v1:request>
            <!--Optional:-->
            <v1:referenceDate>2016-10-13</v1:referenceDate>
         </v1:request>
      </v1:getNationalitiesRequest>
   </soapenv:Body>
</soapenv:Envelope>]]></con:request><con:credentials><con:selectedAuthProfile>Basic</con:selectedAuthProfile><con:addedBasicAuthenticationTypes>Basic</con:addedBasicAuthenticationTypes><con:authType>Global HTTP Settings</con:authType></con:credentials><con:jmsConfig JMSDeliveryMode="PERSISTENT"/><con:jmsPropertyConfig/><con:wsaConfig mustUnderstand="NONE" version="200508" action="http://fidus.brussels/services/countryservice/getNationalities"/><con:wsrmConfig version="1.2"/></con:call><con:call id="6a27b47d-43d6-4671-9b26-89fb050c3213" name="03 - Test Worker1 - Request" outgoingWss="Outflow TEST" incomingWss="Inflow TEST"><con:settings><con:setting id="com.eviware.soapui.impl.wsdl.WsdlRequest@request-headers">&lt;xml-fragment/></con:setting></con:settings><con:encoding>UTF-8</con:encoding><con:endpoint>https://192.168.24.16:8443/services/CountryService_v1.0</con:endpoint><con:request><![CDATA[<soapenv:Envelope xmlns:soapenv="http://schemas.xmlsoap.org/soap/envelope/" xmlns:v1="http://fidus.brussels/service/countryservice/messages/v1" xmlns:v11="http://fidus.brussels/type/common/messages/v1">
   <soapenv:Header/>
   <soapenv:Body>
      <v1:getNationalitiesRequest>
         <v1:messageContext>
            <v11:messageId>${=import static java.util.UUID.randomUUID; uuid = randomUUID() as String}</v11:messageId>
            <!--Optional:-->
            <v11:timestamp>${=new java.text.SimpleDateFormat("yyyy-MM-dd'T'HH:mm:ss.SSS").format(new Date())}</v11:timestamp>
         </v1:messageContext>
         <v1:legalContext>ServiceIntegrator</v1:legalContext>
         <v1:request>
            <!--Optional:-->
            <v1:referenceDate>2016-10-13</v1:referenceDate>
         </v1:request>
      </v1:getNationalitiesRequest>
   </soapenv:Body>
</soapenv:Envelope>]]></con:request><con:credentials><con:selectedAuthProfile>Basic</con:selectedAuthProfile><con:addedBasicAuthenticationTypes>Basic</con:addedBasicAuthenticationTypes><con:authType>Global HTTP Settings</con:authType></con:credentials><con:jmsConfig JMSDeliveryMode="PERSISTENT"/><con:jmsPropertyConfig/><con:wsaConfig mustUnderstand="NONE" version="200508" action="http://fidus.brussels/services/countryservice/getNationalities"/><con:wsrmConfig version="1.2"/></con:call><con:call id="47510092-86bc-46eb-993b-9df7e5707a3c" name="03 - Test Worker2 - Request" outgoingWss="Outflow TEST" incomingWss="Inflow TEST"><con:settings><con:setting id="com.eviware.soapui.impl.wsdl.WsdlRequest@request-headers">&lt;xml-fragment/></con:setting></con:settings><con:encoding>UTF-8</con:encoding><con:endpoint>https://192.168.24.17:8443/services/CountryService_v1.0</con:endpoint><con:request><![CDATA[<soapenv:Envelope xmlns:soapenv="http://schemas.xmlsoap.org/soap/envelope/" xmlns:v1="http://fidus.brussels/service/countryservice/messages/v1" xmlns:v11="http://fidus.brussels/type/common/messages/v1">
   <soapenv:Header/>
   <soapenv:Body>
      <v1:getNationalitiesRequest>
         <v1:messageContext>
            <v11:messageId>${=import static java.util.UUID.randomUUID; uuid = randomUUID() as String}</v11:messageId>
            <!--Optional:-->
            <v11:timestamp>${=new java.text.SimpleDateFormat("yyyy-MM-dd'T'HH:mm:ss.SSS").format(new Date())}</v11:timestamp>
         </v1:messageContext>
         <v1:legalContext>ServiceIntegrator</v1:legalContext>
         <v1:request>
            <!--Optional:-->
            <v1:referenceDate>2016-10-13</v1:referenceDate>
         </v1:request>
      </v1:getNationalitiesRequest>
   </soapenv:Body>
</soapenv:Envelope>]]></con:request><con:credentials><con:selectedAuthProfile>Basic</con:selectedAuthProfile><con:addedBasicAuthenticationTypes>Basic</con:addedBasicAuthenticationTypes><con:authType>Global HTTP Settings</con:authType></con:credentials><con:jmsConfig JMSDeliveryMode="PERSISTENT"/><con:jmsPropertyConfig/><con:wsaConfig mustUnderstand="NONE" version="200508" action="http://fidus.brussels/services/countryservice/getNationalities"/><con:wsrmConfig version="1.2"/></con:call><con:call id="f233a7a9-d8e7-463a-be0e-068a5975a842" name="02 - DevNew - Request" outgoingWss="Outflow DEV" incomingWss="Inflow DEV"><con:settings><con:setting id="com.eviware.soapui.impl.wsdl.WsdlRequest@request-headers">&lt;xml-fragment/></con:setting></con:settings><con:encoding>UTF-8</con:encoding><con:endpoint>https://192.168.36.75:8243/services/CountryService_v1.0</con:endpoint><con:request><![CDATA[<soapenv:Envelope xmlns:soapenv="http://schemas.xmlsoap.org/soap/envelope/" xmlns:v1="http://fidus.brussels/service/countryservice/messages/v1" xmlns:v11="http://fidus.brussels/type/common/messages/v1">
   <soapenv:Header/>
   <soapenv:Body>
      <v1:getNationalitiesRequest>
         <v1:messageContext>
            <v11:messageId>${=import static java.util.UUID.randomUUID; uuid = randomUUID() as String}</v11:messageId>
            <!--Optional:-->
            <v11:timestamp>${=new java.text.SimpleDateFormat("yyyy-MM-dd'T'HH:mm:ss.SSS").format(new Date())}</v11:timestamp>
         </v1:messageContext>
         <v1:legalContext>ServiceIntegrator</v1:legalContext>
         <v1:request>
            <!--Optional:-->
            <v1:referenceDate>2016-10-13</v1:referenceDate>
         </v1:request>
      </v1:getNationalitiesRequest>
   </soapenv:Body>
</soapenv:Envelope>]]></con:request><con:credentials><con:selectedAuthProfile>Basic</con:selectedAuthProfile><con:addedBasicAuthenticationTypes>Basic</con:addedBasicAuthenticationTypes><con:authType>Global HTTP Settings</con:authType></con:credentials><con:jmsConfig JMSDeliveryMode="PERSISTENT"/><con:jmsPropertyConfig/><con:wsaConfig mustUnderstand="NONE" version="200508" action="http://fidus.brussels/services/countryservice/getNationalities"/><con:wsrmConfig version="1.2"/></con:call></con:operation><con:operation id="7f96bd90-64d9-48aa-b986-c463e45d38ba" isOneWay="false" action="http://fidus.brussels/services/countryservice/getNationality" name="getNationality" bindingOperationName="getNationality" type="Request-Response" inputName="" receivesAttachments="false" sendsAttachments="false" anonymous="optional"><con:settings/><con:call id="a69e535e-37da-4d8d-abde-ee0223694e51" name="01 - Local - Request-Nis_num3_103" outgoingWss="Outflow DEV" incomingWss="Inflow DEV"><con:settings><con:setting id="com.eviware.soapui.impl.wsdl.WsdlRequest@request-headers">&lt;xml-fragment/></con:setting></con:settings><con:encoding>UTF-8</con:encoding><con:endpoint>https://localhost:8243/services/CountryService_v1.0</con:endpoint><con:request><![CDATA[<soapenv:Envelope xmlns:soapenv="http://schemas.xmlsoap.org/soap/envelope/" xmlns:v1="http://fidus.brussels/service/countryservice/messages/v1" xmlns:v11="http://fidus.brussels/type/common/messages/v1" xmlns:v12="http://fsb.belgium.be/mappingServices/countryService/messages/v1_00">
   <soapenv:Header/>
   <soapenv:Body>
      <v1:getNationalityRequest>
         <v1:messageContext>
            <v11:messageId>${=import static java.util.UUID.randomUUID; uuid = randomUUID() as String}</v11:messageId>
            <!--Optional:-->
            <v11:timestamp>${=new java.text.SimpleDateFormat("yyyy-MM-dd'T'HH:mm:ss.SSS").format(new Date())}</v11:timestamp>
         </v1:messageContext>
         <v1:legalContext>ServiceIntegrator</v1:legalContext>
         <v1:request>
            <!--You have a CHOICE of the next 4 items at this level-->
            <!--
            <v12:iso-alpha2 startDate="?" endDate="?" status="?">?</v12:iso-alpha2>
            <v12:iso-alpha3 startDate="?" endDate="?" status="?">?</v12:iso-alpha3>
            <v12:iso-num3 startDate="?" endDate="?" status="?">?</v12:iso-num3>
            <v12:nis-num3 startDate="?" endDate="?" status="?">?</v12:nis-num3>
            <v12:nis-num3>103</v12:nis-num3>
            -->
             <v12:nis-num3>103</v12:nis-num3>
           
         </v1:request>
      </v1:getNationalityRequest>
   </soapenv:Body>
</soapenv:Envelope>]]></con:request><con:credentials><con:selectedAuthProfile>Basic</con:selectedAuthProfile><con:addedBasicAuthenticationTypes>Basic</con:addedBasicAuthenticationTypes><con:authType>Global HTTP Settings</con:authType></con:credentials><con:jmsConfig JMSDeliveryMode="PERSISTENT"/><con:jmsPropertyConfig/><con:wsaConfig mustUnderstand="NONE" version="200508" action="http://fidus.brussels/services/countryservice/getNationality"/><con:wsrmConfig version="1.2"/></con:call><con:call id="b69c7dfc-8cfc-4975-a73b-45c12818fe41" name="01 - Local - Request-Invalid_nisCode" outgoingWss="Outflow DEV" incomingWss="Inflow DEV"><con:settings><con:setting id="com.eviware.soapui.impl.wsdl.WsdlRequest@request-headers">&lt;xml-fragment/></con:setting></con:settings><con:encoding>UTF-8</con:encoding><con:endpoint>https://localhost:8243/services/CountryService_v1.0</con:endpoint><con:request><![CDATA[<soapenv:Envelope xmlns:soapenv="http://schemas.xmlsoap.org/soap/envelope/" xmlns:v1="http://fidus.brussels/service/countryservice/messages/v1" xmlns:v11="http://fidus.brussels/type/common/messages/v1" xmlns:v12="http://fsb.belgium.be/mappingServices/countryService/messages/v1_00">
   <soapenv:Header/>
   <soapenv:Body>
      <v1:getNationalityRequest>
         <v1:messageContext>
            <v11:messageId>${=import static java.util.UUID.randomUUID; uuid = randomUUID() as String}</v11:messageId>
            <!--Optional:-->
            <v11:timestamp>${=new java.text.SimpleDateFormat("yyyy-MM-dd'T'HH:mm:ss.SSS").format(new Date())}</v11:timestamp>
         </v1:messageContext>
         <v1:legalContext>ServiceIntegrator</v1:legalContext>
         <v1:request>
            <!--You have a CHOICE of the next 4 items at this level-->
            <!--
            <v12:iso-alpha2 startDate="?" endDate="?" status="?">?</v12:iso-alpha2>
            <v12:iso-alpha3 startDate="?" endDate="?" status="?">?</v12:iso-alpha3>
            <v12:iso-num3 startDate="?" endDate="?" status="?">?</v12:iso-num3>
            <v12:nis-num3 startDate="?" endDate="?" status="?">?</v12:nis-num3>
            -->
            <v12:nis-num3>999</v12:nis-num3>
         </v1:request>
      </v1:getNationalityRequest>
   </soapenv:Body>
</soapenv:Envelope>]]></con:request><con:credentials><con:selectedAuthProfile>Basic</con:selectedAuthProfile><con:addedBasicAuthenticationTypes>Basic</con:addedBasicAuthenticationTypes><con:authType>Global HTTP Settings</con:authType></con:credentials><con:jmsConfig JMSDeliveryMode="PERSISTENT"/><con:jmsPropertyConfig/><con:wsaConfig mustUnderstand="NONE" version="200508" action="http://fidus.brussels/services/countryservice/getNationality"/><con:wsrmConfig version="1.2"/></con:call><con:call id="ffbb4fc0-3537-4bcc-809c-b1d48751c6c1" name="01 - Local - Request-iso_alpha3_FRA" outgoingWss="Outflow DEV" incomingWss="Inflow DEV"><con:settings><con:setting id="com.eviware.soapui.impl.wsdl.WsdlRequest@request-headers">&lt;xml-fragment/></con:setting></con:settings><con:encoding>UTF-8</con:encoding><con:endpoint>https://localhost:8243/services/CountryService_v1.0</con:endpoint><con:request><![CDATA[<soapenv:Envelope xmlns:soapenv="http://schemas.xmlsoap.org/soap/envelope/" xmlns:v1="http://fidus.brussels/service/countryservice/messages/v1" xmlns:v11="http://fidus.brussels/type/common/messages/v1" xmlns:v12="http://fsb.belgium.be/mappingServices/countryService/messages/v1_00">
   <soapenv:Header/>
   <soapenv:Body>
      <v1:getNationalityRequest>
         <v1:messageContext>
            <v11:messageId>${=import static java.util.UUID.randomUUID; uuid = randomUUID() as String}</v11:messageId>
            <!--Optional:-->
            <v11:timestamp>${=new java.text.SimpleDateFormat("yyyy-MM-dd'T'HH:mm:ss.SSS").format(new Date())}</v11:timestamp>
         </v1:messageContext>
         <v1:legalContext>ServiceIntegrator</v1:legalContext>
         <v1:request>                       
             <v12:iso-alpha3>FRA</v12:iso-alpha3>           
         </v1:request>
      </v1:getNationalityRequest>
   </soapenv:Body>
</soapenv:Envelope>]]></con:request><con:credentials><con:selectedAuthProfile>Basic</con:selectedAuthProfile><con:addedBasicAuthenticationTypes>Basic</con:addedBasicAuthenticationTypes><con:authType>Global HTTP Settings</con:authType></con:credentials><con:jmsConfig JMSDeliveryMode="PERSISTENT"/><con:jmsPropertyConfig/><con:wsaConfig mustUnderstand="NONE" version="200508" action="http://fidus.brussels/services/countryservice/getNationality"/><con:wsrmConfig version="1.2"/></con:call><con:call id="7136946d-52ad-420f-aaab-604d34366048" name="03 - Test Worker1 - Request-Nis_num3_103" outgoingWss="Outflow TEST" incomingWss="Inflow TEST"><con:settings><con:setting id="com.eviware.soapui.impl.wsdl.WsdlRequest@request-headers">&lt;xml-fragment/></con:setting></con:settings><con:encoding>UTF-8</con:encoding><con:endpoint>https://192.168.24.16:8443/services/CountryService_v1.0</con:endpoint><con:request><![CDATA[<soapenv:Envelope xmlns:soapenv="http://schemas.xmlsoap.org/soap/envelope/" xmlns:v1="http://fidus.brussels/service/countryservice/messages/v1" xmlns:v11="http://fidus.brussels/type/common/messages/v1" xmlns:v12="http://fsb.belgium.be/mappingServices/countryService/messages/v1_00">
   <soapenv:Header/>
   <soapenv:Body>
      <v1:getNationalityRequest>
         <v1:messageContext>
         	  <v11:messageId>${=import static java.util.UUID.randomUUID; uuid = randomUUID() as String}</v11:messageId>
            <v11:timestamp>${=new java.text.SimpleDateFormat("yyyy-MM-dd'T'HH:mm:ss.SSS").format(new Date())}</v11:timestamp>
         </v1:messageContext>
         <v1:legalContext>ServiceIntegrator</v1:legalContext>
         <v1:request>
            <!--You have a CHOICE of the next 4 items at this level-->
            <v12:iso-alpha2>BE</v12:iso-alpha2>           
         </v1:request>
      </v1:getNationalityRequest>
   </soapenv:Body>
</soapenv:Envelope>
]]></con:request><con:credentials><con:selectedAuthProfile>Basic</con:selectedAuthProfile><con:addedBasicAuthenticationTypes>Basic</con:addedBasicAuthenticationTypes><con:authType>Global HTTP Settings</con:authType></con:credentials><con:jmsConfig JMSDeliveryMode="PERSISTENT"/><con:jmsPropertyConfig/><con:wsaConfig mustUnderstand="NONE" version="200508" action="http://fidus.brussels/services/countryservice/getNationality"/><con:wsrmConfig version="1.2"/></con:call><con:call id="89501300-258a-415e-91ef-af8aa01d1c84" name="03 - Test Worker1 -Request" outgoingWss="Outflow TEST" incomingWss="Inflow TEST"><con:settings><con:setting id="com.eviware.soapui.impl.wsdl.WsdlRequest@request-headers">&lt;xml-fragment/></con:setting></con:settings><con:encoding>UTF-8</con:encoding><con:endpoint>https://192.168.24.16:8443/services/CountryService_v1.0</con:endpoint><con:request><![CDATA[<soapenv:Envelope xmlns:soapenv="http://schemas.xmlsoap.org/soap/envelope/" xmlns:v1="http://fidus.brussels/service/countryservice/messages/v1" xmlns:v11="http://fidus.brussels/type/common/messages/v1" xmlns:v12="http://fsb.belgium.be/mappingServices/countryService/messages/v1_00">
   <soapenv:Header/>
   <soapenv:Body>
      <v1:getNationalityRequest>
         <v1:messageContext>
         	  <v11:messageId>${=import static java.util.UUID.randomUUID; uuid = randomUUID() as String}</v11:messageId>
            <v11:timestamp>${=new java.text.SimpleDateFormat("yyyy-MM-dd'T'HH:mm:ss.SSS").format(new Date())}</v11:timestamp>
         </v1:messageContext>
         <v1:legalContext>ServiceIntegrator</v1:legalContext>
         <v1:request>
            <!--You have a CHOICE of the next 4 items at this level-->
            <v12:iso-alpha2>BE</v12:iso-alpha2>          
         </v1:request>
      </v1:getNationalityRequest>
   </soapenv:Body>
</soapenv:Envelope>]]></con:request><con:credentials><con:selectedAuthProfile>Basic</con:selectedAuthProfile><con:addedBasicAuthenticationTypes>Basic</con:addedBasicAuthenticationTypes><con:authType>Global HTTP Settings</con:authType></con:credentials><con:jmsConfig JMSDeliveryMode="PERSISTENT"/><con:jmsPropertyConfig/><con:wsaConfig mustUnderstand="NONE" version="200508" action="http://fidus.brussels/services/countryservice/getNationality"/><con:wsrmConfig version="1.2"/></con:call><con:call id="6d63a60a-ba5a-4124-94d7-2d4c50976161" name="02 - Dev - Request-iso_alpha3_FRA" outgoingWss="Outflow DEV" incomingWss="Inflow DEV"><con:settings><con:setting id="com.eviware.soapui.impl.wsdl.WsdlRequest@request-headers">&lt;xml-fragment/></con:setting></con:settings><con:encoding>UTF-8</con:encoding><con:endpoint>https://192.168.36.61:8243/services/CountryService_v1.0</con:endpoint><con:request><![CDATA[<soapenv:Envelope xmlns:soapenv="http://schemas.xmlsoap.org/soap/envelope/" xmlns:v1="http://fidus.brussels/service/countryservice/messages/v1" xmlns:v11="http://fidus.brussels/type/common/messages/v1" xmlns:v12="http://fsb.belgium.be/mappingServices/countryService/messages/v1_00">
   <soapenv:Header/>
   <soapenv:Body>
      <v1:getNationalityRequest>
         <v1:messageContext>
            <v11:messageId>${=import static java.util.UUID.randomUUID; uuid = randomUUID() as String}</v11:messageId>
            <!--Optional:-->
            <v11:timestamp>${=new java.text.SimpleDateFormat("yyyy-MM-dd'T'HH:mm:ss.SSS").format(new Date())}</v11:timestamp>
         </v1:messageContext>
         <v1:legalContext>ServiceIntegrator</v1:legalContext>
         <v1:request>
            <!--You have a CHOICE of the next 4 items at this level-->
            <!--
            <v12:iso-alpha2 startDate="?" endDate="?" status="?">?</v12:iso-alpha2>
            <v12:iso-alpha3 startDate="?" endDate="?" status="?">?</v12:iso-alpha3>
            <v12:iso-num3 startDate="?" endDate="?" status="?">?</v12:iso-num3>
            <v12:nis-num3 startDate="?" endDate="?" status="?">?</v12:nis-num3> 
            -->             
             <v12:iso-alpha3>FRA</v12:iso-alpha3>           
         </v1:request>
      </v1:getNationalityRequest>
   </soapenv:Body>
</soapenv:Envelope>]]></con:request><con:credentials><con:selectedAuthProfile>Basic</con:selectedAuthProfile><con:addedBasicAuthenticationTypes>Basic</con:addedBasicAuthenticationTypes><con:authType>Global HTTP Settings</con:authType></con:credentials><con:jmsConfig JMSDeliveryMode="PERSISTENT"/><con:jmsPropertyConfig/><con:wsaConfig mustUnderstand="NONE" version="200508" action="http://fidus.brussels/services/countryservice/getNationality"/><con:wsrmConfig version="1.2"/></con:call><con:call id="0309d10a-b73a-49ad-8a03-16b9559732c6" name="03 - Test Worker2 -Request" outgoingWss="Outflow TEST" incomingWss="Inflow TEST"><con:settings><con:setting id="com.eviware.soapui.impl.wsdl.WsdlRequest@request-headers">&lt;xml-fragment/></con:setting></con:settings><con:encoding>UTF-8</con:encoding><con:endpoint>https://192.168.24.17:8443/services/CountryService_v1.0</con:endpoint><con:request><![CDATA[<soapenv:Envelope xmlns:soapenv="http://schemas.xmlsoap.org/soap/envelope/" xmlns:v1="http://fidus.brussels/service/countryservice/messages/v1" xmlns:v11="http://fidus.brussels/type/common/messages/v1" xmlns:v12="http://fsb.belgium.be/mappingServices/countryService/messages/v1_00">
   <soapenv:Header/>
   <soapenv:Body>
      <v1:getNationalityRequest>
         <v1:messageContext>
         	  <v11:messageId>${=import static java.util.UUID.randomUUID; uuid = randomUUID() as String}</v11:messageId>
            <v11:timestamp>${=new java.text.SimpleDateFormat("yyyy-MM-dd'T'HH:mm:ss.SSS").format(new Date())}</v11:timestamp>
         </v1:messageContext>
         <v1:legalContext>ServiceIntegrator</v1:legalContext>
         <v1:request>
            <!--You have a CHOICE of the next 4 items at this level-->
            <v12:iso-alpha2>BE</v12:iso-alpha2>          
         </v1:request>
      </v1:getNationalityRequest>
   </soapenv:Body>
</soapenv:Envelope>]]></con:request><con:credentials><con:selectedAuthProfile>Basic</con:selectedAuthProfile><con:addedBasicAuthenticationTypes>Basic</con:addedBasicAuthenticationTypes><con:authType>Global HTTP Settings</con:authType></con:credentials><con:jmsConfig JMSDeliveryMode="PERSISTENT"/><con:jmsPropertyConfig/><con:wsaConfig mustUnderstand="NONE" version="200508" action="http://fidus.brussels/services/countryservice/getNationality"/><con:wsrmConfig version="1.2"/></con:call><con:call id="e420270b-db3a-42ff-8fe3-56b5265cadf2" name="03 - Test External -Request" outgoingWss="Outflow TEST" incomingWss="Inflow TEST"><con:settings><con:setting id="com.eviware.soapui.impl.wsdl.WsdlRequest@request-headers">&lt;xml-fragment/></con:setting></con:settings><con:encoding>UTF-8</con:encoding><con:endpoint>https://fidus.irisnetlab.be/services/CountryService_v1.0</con:endpoint><con:request><![CDATA[<soapenv:Envelope xmlns:soapenv="http://schemas.xmlsoap.org/soap/envelope/" xmlns:v1="http://fidus.brussels/service/countryservice/messages/v1" xmlns:v11="http://fidus.brussels/type/common/messages/v1" xmlns:v12="http://fsb.belgium.be/mappingServices/countryService/messages/v1_00">
   <soapenv:Header/>
   <soapenv:Body>
      <v1:getNationalityRequest>
         <v1:messageContext>
         	  <v11:messageId>${=import static java.util.UUID.randomUUID; uuid = randomUUID() as String}</v11:messageId>
            <v11:timestamp>${=new java.text.SimpleDateFormat("yyyy-MM-dd'T'HH:mm:ss.SSS").format(new Date())}</v11:timestamp>
         </v1:messageContext>
         <v1:legalContext>ServiceIntegrator</v1:legalContext>
         <v1:request>
            <!--You have a CHOICE of the next 4 items at this level-->
            <v12:iso-alpha2>BE</v12:iso-alpha2>          
         </v1:request>
      </v1:getNationalityRequest>
   </soapenv:Body>
</soapenv:Envelope>]]></con:request><con:credentials><con:selectedAuthProfile>Basic</con:selectedAuthProfile><con:addedBasicAuthenticationTypes>Basic</con:addedBasicAuthenticationTypes><con:authType>Global HTTP Settings</con:authType></con:credentials><con:jmsConfig JMSDeliveryMode="PERSISTENT"/><con:jmsPropertyConfig/><con:wsaConfig mustUnderstand="NONE" version="200508" action="http://fidus.brussels/services/countryservice/getNationality"/><con:wsrmConfig version="1.2"/></con:call><con:call id="323838ee-ac60-4db1-ada8-67954bb4ed9e" name="03 - Test LB -Request" outgoingWss="Outflow TEST" incomingWss="Inflow TEST"><con:settings><con:setting id="com.eviware.soapui.impl.wsdl.WsdlRequest@request-headers">&lt;xml-fragment/></con:setting></con:settings><con:encoding>UTF-8</con:encoding><con:endpoint>https://fidus-esb-sg.sta.srv.cirb.lan:8443/services/CountryService_v1.0</con:endpoint><con:request><![CDATA[<soapenv:Envelope xmlns:soapenv="http://schemas.xmlsoap.org/soap/envelope/" xmlns:v1="http://fidus.brussels/service/countryservice/messages/v1" xmlns:v11="http://fidus.brussels/type/common/messages/v1" xmlns:v12="http://fsb.belgium.be/mappingServices/countryService/messages/v1_00">
   <soapenv:Header/>
   <soapenv:Body>
      <v1:getNationalityRequest>
         <v1:messageContext>
         	  <v11:messageId>${=import static java.util.UUID.randomUUID; uuid = randomUUID() as String}</v11:messageId>
            <v11:timestamp>${=new java.text.SimpleDateFormat("yyyy-MM-dd'T'HH:mm:ss.SSS").format(new Date())}</v11:timestamp>
         </v1:messageContext>
         <v1:legalContext>ServiceIntegrator</v1:legalContext>
         <v1:request>
            <!--You have a CHOICE of the next 4 items at this level-->
            <v12:iso-alpha2>BE</v12:iso-alpha2>          
         </v1:request>
      </v1:getNationalityRequest>
   </soapenv:Body>
</soapenv:Envelope>]]></con:request><con:credentials><con:selectedAuthProfile>Basic</con:selectedAuthProfile><con:addedBasicAuthenticationTypes>Basic</con:addedBasicAuthenticationTypes><con:authType>Global HTTP Settings</con:authType></con:credentials><con:jmsConfig JMSDeliveryMode="PERSISTENT"/><con:jmsPropertyConfig/><con:wsaConfig mustUnderstand="NONE" version="200508" action="http://fidus.brussels/services/countryservice/getNationality"/><con:wsrmConfig version="1.2"/></con:call><con:call id="2219ece4-f42f-4d8e-bde9-06a1c89c26e3" name="02 - DevNew - Request-iso_alpha3_FRA" outgoingWss="Outflow DEV" incomingWss="Inflow DEV"><con:settings><con:setting id="com.eviware.soapui.impl.wsdl.WsdlRequest@request-headers">&lt;xml-fragment/></con:setting></con:settings><con:encoding>UTF-8</con:encoding><con:endpoint>https://192.168.36.75:8243/services/CountryService_v1.0</con:endpoint><con:request><![CDATA[<soapenv:Envelope xmlns:soapenv="http://schemas.xmlsoap.org/soap/envelope/" xmlns:v1="http://fidus.brussels/service/countryservice/messages/v1" xmlns:v11="http://fidus.brussels/type/common/messages/v1" xmlns:v12="http://fsb.belgium.be/mappingServices/countryService/messages/v1_00">
   <soapenv:Header/>
   <soapenv:Body>
      <v1:getNationalityRequest>
         <v1:messageContext>
            <v11:messageId>${=import static java.util.UUID.randomUUID; uuid = randomUUID() as String}</v11:messageId>
            <!--Optional:-->
            <v11:timestamp>${=new java.text.SimpleDateFormat("yyyy-MM-dd'T'HH:mm:ss.SSS").format(new Date())}</v11:timestamp>
         </v1:messageContext>
         <v1:legalContext>ServiceIntegrator</v1:legalContext>
         <v1:request>
            <!--You have a CHOICE of the next 4 items at this level-->
            <!--
            <v12:iso-alpha2 startDate="?" endDate="?" status="?">?</v12:iso-alpha2>
            <v12:iso-alpha3 startDate="?" endDate="?" status="?">?</v12:iso-alpha3>
            <v12:iso-num3 startDate="?" endDate="?" status="?">?</v12:iso-num3>
            <v12:nis-num3 startDate="?" endDate="?" status="?">?</v12:nis-num3> 
            -->             
             <v12:iso-alpha3>FRA</v12:iso-alpha3>           
         </v1:request>
      </v1:getNationalityRequest>
   </soapenv:Body>
</soapenv:Envelope>]]></con:request><con:credentials><con:selectedAuthProfile>Basic</con:selectedAuthProfile><con:addedBasicAuthenticationTypes>Basic</con:addedBasicAuthenticationTypes><con:authType>Global HTTP Settings</con:authType></con:credentials><con:jmsConfig JMSDeliveryMode="PERSISTENT"/><con:jmsPropertyConfig/><con:wsaConfig mustUnderstand="NONE" version="200508" action="http://fidus.brussels/services/countryservice/getNationality"/><con:wsrmConfig version="1.2"/></con:call></con:operation><con:operation id="0db5af1f-8e5d-4890-a361-1a8d8426f578" isOneWay="false" action="http://fidus.brussels/services/countryservice/getNationalityHistory" name="getNationalityHistory" bindingOperationName="getNationalityHistory" type="Request-Response" inputName="" receivesAttachments="false" sendsAttachments="false" anonymous="optional"><con:settings/><con:call id="8e3fd268-390d-4b01-a936-2a0b2762e9f7" name="01 - Local - Request" outgoingWss="Outflow DEV" incomingWss="Inflow DEV"><con:settings><con:setting id="com.eviware.soapui.impl.wsdl.WsdlRequest@request-headers">&lt;xml-fragment/></con:setting></con:settings><con:encoding>UTF-8</con:encoding><con:endpoint>https://localhost:8243/services/CountryService_v1.0</con:endpoint><con:request><![CDATA[<soapenv:Envelope xmlns:soapenv="http://schemas.xmlsoap.org/soap/envelope/" xmlns:v1="http://fidus.brussels/service/countryservice/messages/v1" xmlns:v11="http://fidus.brussels/type/common/messages/v1" xmlns:v12="http://fsb.belgium.be/mappingServices/countryService/messages/v1_00">
   <soapenv:Header/>
   <soapenv:Body>
      <v1:getNationalityHistoryRequest>
         <v1:messageContext>
            <v11:messageId>${=import static java.util.UUID.randomUUID; uuid = randomUUID() as String}</v11:messageId>
            <!--Optional:-->
            <v11:timestamp>${=new java.text.SimpleDateFormat("yyyy-MM-dd'T'HH:mm:ss.SSS").format(new Date())}</v11:timestamp>
         </v1:messageContext>
         <v1:legalContext>ServiceIntegrator</v1:legalContext>
         <v1:request>
            <v12:iso-alpha3>FRA</v12:iso-alpha3>
            <!--Optional:-->
            <v12:referenceDate>2016-10-16</v12:referenceDate>
         </v1:request>
      </v1:getNationalityHistoryRequest>
   </soapenv:Body>
</soapenv:Envelope>]]></con:request><con:credentials><con:selectedAuthProfile>Basic</con:selectedAuthProfile><con:addedBasicAuthenticationTypes>Basic</con:addedBasicAuthenticationTypes><con:authType>Global HTTP Settings</con:authType></con:credentials><con:jmsConfig JMSDeliveryMode="PERSISTENT"/><con:jmsPropertyConfig/><con:wsaConfig mustUnderstand="NONE" version="200508" action="http://fidus.brussels/services/countryservice/getNationalityHistory"/><con:wsrmConfig version="1.2"/></con:call><con:call id="3a97ff03-9d0a-46bf-88ff-e6e2f88ec208" name="01 - Local - Request-Invalid_iso_alpha3" outgoingWss="Outflow DEV" incomingWss="Inflow TEST"><con:settings><con:setting id="com.eviware.soapui.impl.wsdl.WsdlRequest@request-headers">&lt;xml-fragment/></con:setting></con:settings><con:encoding>UTF-8</con:encoding><con:endpoint>https://localhost:8243/services/CountryService_v1.0</con:endpoint><con:request><![CDATA[<soapenv:Envelope xmlns:soapenv="http://schemas.xmlsoap.org/soap/envelope/" xmlns:v1="http://fidus.brussels/service/countryservice/messages/v1" xmlns:v11="http://fidus.brussels/type/common/messages/v1" xmlns:v12="http://fsb.belgium.be/mappingServices/countryService/messages/v1_00">
   <soapenv:Header/>
   <soapenv:Body>
      <v1:getNationalityHistoryRequest>
         <v1:messageContext>
            <v11:messageId>${=import static java.util.UUID.randomUUID; uuid = randomUUID() as String}</v11:messageId>
            <!--Optional:-->
            <v11:timestamp>${=new java.text.SimpleDateFormat("yyyy-MM-dd'T'HH:mm:ss.SSS").format(new Date())}</v11:timestamp>
         </v1:messageContext>
         <v1:legalContext>ServiceIntegrator</v1:legalContext>
         <v1:request>
            <v12:iso-alpha3>XXX</v12:iso-alpha3>
            <!--Optional:-->
            <v12:referenceDate>2016-10-16</v12:referenceDate>
         </v1:request>
      </v1:getNationalityHistoryRequest>
   </soapenv:Body>
</soapenv:Envelope>]]></con:request><con:credentials><con:selectedAuthProfile>Basic</con:selectedAuthProfile><con:addedBasicAuthenticationTypes>Basic</con:addedBasicAuthenticationTypes><con:authType>Global HTTP Settings</con:authType></con:credentials><con:jmsConfig JMSDeliveryMode="PERSISTENT"/><con:jmsPropertyConfig/><con:wsaConfig mustUnderstand="NONE" version="200508" action="http://fidus.brussels/services/countryservice/getNationalityHistory"/><con:wsrmConfig version="1.2"/></con:call><con:call id="34f0393c-0b9c-47a6-a5b7-321bb86c65fe" name="02 - Dev - Request" outgoingWss="Outflow DEV" incomingWss="Inflow DEV"><con:settings><con:setting id="com.eviware.soapui.impl.wsdl.WsdlRequest@request-headers">&lt;xml-fragment/></con:setting></con:settings><con:encoding>UTF-8</con:encoding><con:endpoint>https://192.168.36.61:8243/services/CountryService_v1.0</con:endpoint><con:request><![CDATA[<soapenv:Envelope xmlns:soapenv="http://schemas.xmlsoap.org/soap/envelope/" xmlns:v1="http://fidus.brussels/service/countryservice/messages/v1" xmlns:v11="http://fidus.brussels/type/common/messages/v1" xmlns:v12="http://fsb.belgium.be/mappingServices/countryService/messages/v1_00">
   <soapenv:Header/>
   <soapenv:Body>
      <v1:getNationalityHistoryRequest>
         <v1:messageContext>
            <v11:messageId>${=import static java.util.UUID.randomUUID; uuid = randomUUID() as String}</v11:messageId>
            <!--Optional:-->
            <v11:timestamp>${=new java.text.SimpleDateFormat("yyyy-MM-dd'T'HH:mm:ss.SSS").format(new Date())}</v11:timestamp>
         </v1:messageContext>
         <v1:legalContext>ServiceIntegrator</v1:legalContext>
         <v1:request>
            <v12:iso-alpha3>FRA</v12:iso-alpha3>                      
         </v1:request>
      </v1:getNationalityHistoryRequest>
   </soapenv:Body>
</soapenv:Envelope>]]></con:request><con:credentials><con:selectedAuthProfile>Basic</con:selectedAuthProfile><con:addedBasicAuthenticationTypes>Basic</con:addedBasicAuthenticationTypes><con:authType>Global HTTP Settings</con:authType></con:credentials><con:jmsConfig JMSDeliveryMode="PERSISTENT"/><con:jmsPropertyConfig/><con:wsaConfig mustUnderstand="NONE" version="200508" action="http://fidus.brussels/services/countryservice/getNationalityHistory"/><con:wsrmConfig version="1.2"/></con:call><con:call id="8c846c1b-013c-4cbd-9214-75a7185e28ef" name="03 - Test External - Request" outgoingWss="Outflow TEST" incomingWss="Inflow TEST"><con:settings><con:setting id="com.eviware.soapui.impl.wsdl.WsdlRequest@request-headers">&lt;xml-fragment/></con:setting></con:settings><con:encoding>UTF-8</con:encoding><con:endpoint>https://fidus.irisnetlab.be/services/CountryService_v1.0</con:endpoint><con:request><![CDATA[<soapenv:Envelope xmlns:soapenv="http://schemas.xmlsoap.org/soap/envelope/" xmlns:v1="http://fidus.brussels/service/countryservice/messages/v1" xmlns:v11="http://fidus.brussels/type/common/messages/v1" xmlns:v12="http://fsb.belgium.be/mappingServices/countryService/messages/v1_00">
   <soapenv:Header/>
   <soapenv:Body>
      <v1:getNationalityHistoryRequest>
         <v1:messageContext>
            <v11:messageId>${=import static java.util.UUID.randomUUID; uuid = randomUUID() as String}</v11:messageId>
            <!--Optional:-->
            <v11:timestamp>${=new java.text.SimpleDateFormat("yyyy-MM-dd'T'HH:mm:ss.SSS").format(new Date())}</v11:timestamp>
         </v1:messageContext>
         <v1:legalContext>ServiceIntegrator</v1:legalContext>
         <v1:request>
            <v12:iso-alpha3>FRA</v12:iso-alpha3>
            <!--Optional:-->
            <v12:referenceDate>2016-10-16</v12:referenceDate>
         </v1:request>
      </v1:getNationalityHistoryRequest>
   </soapenv:Body>
</soapenv:Envelope>]]></con:request><con:credentials><con:selectedAuthProfile>Basic</con:selectedAuthProfile><con:addedBasicAuthenticationTypes>Basic</con:addedBasicAuthenticationTypes><con:authType>Global HTTP Settings</con:authType></con:credentials><con:jmsConfig JMSDeliveryMode="PERSISTENT"/><con:jmsPropertyConfig/><con:wsaConfig mustUnderstand="NONE" version="200508" action="http://fidus.brussels/services/countryservice/getNationalityHistory"/><con:wsrmConfig version="1.2"/></con:call><con:call id="ec4d93ec-d219-45ee-8215-7c5da0dbff17" name="03 - Test LB - Request" outgoingWss="Outflow TEST" incomingWss="Inflow TEST"><con:settings><con:setting id="com.eviware.soapui.impl.wsdl.WsdlRequest@request-headers">&lt;xml-fragment/></con:setting></con:settings><con:encoding>UTF-8</con:encoding><con:endpoint>https://fidus-esb-sg.sta.srv.cirb.lan:8443/services/CountryService_v1.0</con:endpoint><con:request><![CDATA[<soapenv:Envelope xmlns:soapenv="http://schemas.xmlsoap.org/soap/envelope/" xmlns:v1="http://fidus.brussels/service/countryservice/messages/v1" xmlns:v11="http://fidus.brussels/type/common/messages/v1" xmlns:v12="http://fsb.belgium.be/mappingServices/countryService/messages/v1_00">
   <soapenv:Header/>
   <soapenv:Body>
      <v1:getNationalityHistoryRequest>
         <v1:messageContext>
            <v11:messageId>${=import static java.util.UUID.randomUUID; uuid = randomUUID() as String}</v11:messageId>
            <!--Optional:-->
            <v11:timestamp>${=new java.text.SimpleDateFormat("yyyy-MM-dd'T'HH:mm:ss.SSS").format(new Date())}</v11:timestamp>
         </v1:messageContext>
         <v1:legalContext>ServiceIntegrator</v1:legalContext>
         <v1:request>
            <v12:iso-alpha3>NLD</v12:iso-alpha3>
            <!--Optional:-->
            <v12:referenceDate>2016-10-16</v12:referenceDate>
         </v1:request>
      </v1:getNationalityHistoryRequest>
   </soapenv:Body>
</soapenv:Envelope>]]></con:request><con:credentials><con:selectedAuthProfile>Basic</con:selectedAuthProfile><con:addedBasicAuthenticationTypes>Basic</con:addedBasicAuthenticationTypes><con:authType>Global HTTP Settings</con:authType></con:credentials><con:jmsConfig JMSDeliveryMode="PERSISTENT"/><con:jmsPropertyConfig/><con:wsaConfig mustUnderstand="NONE" version="200508" action="http://fidus.brussels/services/countryservice/getNationalityHistory"/><con:wsrmConfig version="1.2"/></con:call><con:call id="3a2c588e-1342-42e8-a33b-269ada28061d" name="03 - Test Worker1 - Request" outgoingWss="Outflow TEST" incomingWss="Inflow TEST"><con:settings><con:setting id="com.eviware.soapui.impl.wsdl.WsdlRequest@request-headers">&lt;xml-fragment/></con:setting></con:settings><con:encoding>UTF-8</con:encoding><con:endpoint>https://192.168.24.16:8443/services/CountryService_v1.0</con:endpoint><con:request><![CDATA[<soapenv:Envelope xmlns:soapenv="http://schemas.xmlsoap.org/soap/envelope/" xmlns:v1="http://fidus.brussels/service/countryservice/messages/v1" xmlns:v11="http://fidus.brussels/type/common/messages/v1" xmlns:v12="http://fsb.belgium.be/mappingServices/countryService/messages/v1_00">
   <soapenv:Header/>
   <soapenv:Body>
      <v1:getNationalityHistoryRequest>
         <v1:messageContext>
            <v11:messageId>${=import static java.util.UUID.randomUUID; uuid = randomUUID() as String}</v11:messageId>
            <!--Optional:-->
            <v11:timestamp>${=new java.text.SimpleDateFormat("yyyy-MM-dd'T'HH:mm:ss.SSS").format(new Date())}</v11:timestamp>
         </v1:messageContext>
         <v1:legalContext>ServiceIntegrator</v1:legalContext>
         <v1:request>
            <v12:iso-alpha3>AUS</v12:iso-alpha3>
            <!--Optional:-->
            <!--<v12:referenceDate>2016-10-16</v12:referenceDate>-->
         </v1:request>
      </v1:getNationalityHistoryRequest>
   </soapenv:Body>
</soapenv:Envelope>]]></con:request><con:credentials><con:selectedAuthProfile>Basic</con:selectedAuthProfile><con:addedBasicAuthenticationTypes>Basic</con:addedBasicAuthenticationTypes><con:authType>Global HTTP Settings</con:authType></con:credentials><con:jmsConfig JMSDeliveryMode="PERSISTENT"/><con:jmsPropertyConfig/><con:wsaConfig mustUnderstand="NONE" version="200508" action="http://fidus.brussels/services/countryservice/getNationalityHistory"/><con:wsrmConfig version="1.2"/></con:call><con:call id="4516608b-c07e-4d25-9363-b48db8810782" name="03 - Test Worker2 - Request" outgoingWss="Outflow TEST" incomingWss="Inflow TEST"><con:settings><con:setting id="com.eviware.soapui.impl.wsdl.WsdlRequest@request-headers">&lt;xml-fragment/></con:setting></con:settings><con:encoding>UTF-8</con:encoding><con:endpoint>https://192.168.24.17:8443/services/CountryService_v1.0</con:endpoint><con:request><![CDATA[<soapenv:Envelope xmlns:soapenv="http://schemas.xmlsoap.org/soap/envelope/" xmlns:v1="http://fidus.brussels/service/countryservice/messages/v1" xmlns:v11="http://fidus.brussels/type/common/messages/v1" xmlns:v12="http://fsb.belgium.be/mappingServices/countryService/messages/v1_00">
   <soapenv:Header/>
   <soapenv:Body>
      <v1:getNationalityHistoryRequest>
         <v1:messageContext>
            <v11:messageId>${=import static java.util.UUID.randomUUID; uuid = randomUUID() as String}</v11:messageId>
            <!--Optional:-->
            <v11:timestamp>${=new java.text.SimpleDateFormat("yyyy-MM-dd'T'HH:mm:ss.SSS").format(new Date())}</v11:timestamp>
         </v1:messageContext>
         <v1:legalContext>ServiceIntegrator</v1:legalContext>
         <v1:request>
            <v12:iso-alpha3>BRA</v12:iso-alpha3>
            <!--Optional:-->
            <v12:referenceDate>2000-01-01</v12:referenceDate>
         </v1:request>
      </v1:getNationalityHistoryRequest>
   </soapenv:Body>
</soapenv:Envelope>]]></con:request><con:credentials><con:selectedAuthProfile>Basic</con:selectedAuthProfile><con:addedBasicAuthenticationTypes>Basic</con:addedBasicAuthenticationTypes><con:authType>Global HTTP Settings</con:authType></con:credentials><con:jmsConfig JMSDeliveryMode="PERSISTENT"/><con:jmsPropertyConfig/><con:wsaConfig mustUnderstand="NONE" version="200508" action="http://fidus.brussels/services/countryservice/getNationalityHistory"/><con:wsrmConfig version="1.2"/></con:call><con:call id="867b4f83-3e2d-4440-92ec-9fcd69e98643" name="02 - DevNew - Request" outgoingWss="Outflow DEV" incomingWss="Inflow DEV"><con:settings><con:setting id="com.eviware.soapui.impl.wsdl.WsdlRequest@request-headers">&lt;xml-fragment/></con:setting></con:settings><con:encoding>UTF-8</con:encoding><con:endpoint>https://192.168.36.75:8243/services/CountryService_v1.0</con:endpoint><con:request><![CDATA[<soapenv:Envelope xmlns:soapenv="http://schemas.xmlsoap.org/soap/envelope/" xmlns:v1="http://fidus.brussels/service/countryservice/messages/v1" xmlns:v11="http://fidus.brussels/type/common/messages/v1" xmlns:v12="http://fsb.belgium.be/mappingServices/countryService/messages/v1_00">
   <soapenv:Header/>
   <soapenv:Body>
      <v1:getNationalityHistoryRequest>
         <v1:messageContext>
            <v11:messageId>${=import static java.util.UUID.randomUUID; uuid = randomUUID() as String}</v11:messageId>
            <!--Optional:-->
            <v11:timestamp>${=new java.text.SimpleDateFormat("yyyy-MM-dd'T'HH:mm:ss.SSS").format(new Date())}</v11:timestamp>
         </v1:messageContext>
         <v1:legalContext>ServiceIntegrator</v1:legalContext>
         <v1:request>
            <v12:iso-alpha3>FRA</v12:iso-alpha3>                      
         </v1:request>
      </v1:getNationalityHistoryRequest>
   </soapenv:Body>
</soapenv:Envelope>]]></con:request><con:credentials><con:selectedAuthProfile>Basic</con:selectedAuthProfile><con:addedBasicAuthenticationTypes>Basic</con:addedBasicAuthenticationTypes><con:authType>Global HTTP Settings</con:authType></con:credentials><con:jmsConfig JMSDeliveryMode="PERSISTENT"/><con:jmsPropertyConfig/><con:wsaConfig mustUnderstand="NONE" version="200508" action="http://fidus.brussels/services/countryservice/getNationalityHistory"/><con:wsrmConfig version="1.2"/></con:call></con:operation><con:operation id="63031318-d123-4994-8550-90b5b4b3fac2" isOneWay="false" action="http://fidus.brussels/services/countryservice/getPlaceCountries" name="getPlaceCountries" bindingOperationName="getPlaceCountries" type="Request-Response" inputName="" receivesAttachments="false" sendsAttachments="false" anonymous="optional"><con:settings/><con:call id="ded03973-5416-468a-8f9b-b0db5372204e" name="01 - Local - Request" outgoingWss="Outflow DEV" incomingWss="Inflow DEV"><con:settings><con:setting id="com.eviware.soapui.impl.wsdl.WsdlRequest@request-headers">&lt;xml-fragment/></con:setting></con:settings><con:encoding>UTF-8</con:encoding><con:endpoint>https://localhost:8243/services/CountryService_v1.0</con:endpoint><con:request><![CDATA[<soapenv:Envelope xmlns:soapenv="http://schemas.xmlsoap.org/soap/envelope/" xmlns:v1="http://fidus.brussels/service/countryservice/messages/v1" xmlns:v11="http://fidus.brussels/type/common/messages/v1">
   <soapenv:Header/>
   <soapenv:Body>
      <v1:getPlaceCountriesRequest>
         <v1:messageContext>
            <v11:messageId>${=import static java.util.UUID.randomUUID; uuid = randomUUID() as String}</v11:messageId>
            <!--Optional:-->
            <v11:timestamp>${=new java.text.SimpleDateFormat("yyyy-MM-dd'T'HH:mm:ss.SSS").format(new Date())}</v11:timestamp>
         </v1:messageContext>
         <v1:legalContext>ServiceIntegrator</v1:legalContext>
         <v1:request>
            <!--Optional:-->
            <v1:referenceDate>2016-10-14</v1:referenceDate>
         </v1:request>
      </v1:getPlaceCountriesRequest>
   </soapenv:Body>
</soapenv:Envelope>]]></con:request><con:credentials><con:selectedAuthProfile>Basic</con:selectedAuthProfile><con:addedBasicAuthenticationTypes>Basic</con:addedBasicAuthenticationTypes><con:authType>Global HTTP Settings</con:authType></con:credentials><con:jmsConfig JMSDeliveryMode="PERSISTENT"/><con:jmsPropertyConfig/><con:wsaConfig mustUnderstand="NONE" version="200508" action="http://fidus.brussels/services/countryservice/getPlaceCountries"/><con:wsrmConfig version="1.2"/></con:call><con:call id="81152a2e-3dd3-4b6e-adc4-04a4cf56a74a" name="01 - Local - Request-Invalid_date" outgoingWss="Outflow DEV" incomingWss="Inflow DEV"><con:settings><con:setting id="com.eviware.soapui.impl.wsdl.WsdlRequest@request-headers">&lt;xml-fragment/></con:setting></con:settings><con:encoding>UTF-8</con:encoding><con:endpoint>https://localhost:8243/services/CountryService_v1.0</con:endpoint><con:request><![CDATA[<soapenv:Envelope xmlns:soapenv="http://schemas.xmlsoap.org/soap/envelope/" xmlns:v1="http://fidus.brussels/service/countryservice/messages/v1" xmlns:v11="http://fidus.brussels/type/common/messages/v1">
   <soapenv:Header/>
   <soapenv:Body>
      <v1:getPlaceCountriesRequest>
         <v1:messageContext>
            <v11:messageId>${=import static java.util.UUID.randomUUID; uuid = randomUUID() as String}</v11:messageId>
            <!--Optional:-->
            <v11:timestamp>${=new java.text.SimpleDateFormat("yyyy-MM-dd'T'HH:mm:ss.SSS").format(new Date())}</v11:timestamp>
         </v1:messageContext>
         <v1:legalContext>ServiceIntegrator</v1:legalContext>
         <v1:request>
            <!--Optional:-->
            <v1:referenceDate>2017-10-14</v1:referenceDate>
         </v1:request>
      </v1:getPlaceCountriesRequest>
   </soapenv:Body>
</soapenv:Envelope>]]></con:request><con:credentials><con:selectedAuthProfile>Basic</con:selectedAuthProfile><con:addedBasicAuthenticationTypes>Basic</con:addedBasicAuthenticationTypes><con:authType>Global HTTP Settings</con:authType></con:credentials><con:jmsConfig JMSDeliveryMode="PERSISTENT"/><con:jmsPropertyConfig/><con:wsaConfig mustUnderstand="NONE" version="200508" action="http://fidus.brussels/services/countryservice/getPlaceCountries"/><con:wsrmConfig version="1.2"/></con:call><con:call id="8f5b716b-59ca-4e60-9ab9-50c755c955e5" name="02 - Dev - Request" outgoingWss="Outflow DEV" incomingWss="Inflow DEV"><con:settings><con:setting id="com.eviware.soapui.impl.wsdl.WsdlRequest@request-headers">&lt;xml-fragment/></con:setting></con:settings><con:encoding>UTF-8</con:encoding><con:endpoint>https://192.168.36.61:8243/services/CountryService_v1.0</con:endpoint><con:request><![CDATA[<soapenv:Envelope xmlns:soapenv="http://schemas.xmlsoap.org/soap/envelope/" xmlns:v1="http://fidus.brussels/service/countryservice/messages/v1" xmlns:v11="http://fidus.brussels/type/common/messages/v1">
   <soapenv:Header/>
   <soapenv:Body>
      <v1:getPlaceCountriesRequest>
         <v1:messageContext>
            <v11:messageId>${=import static java.util.UUID.randomUUID; uuid = randomUUID() as String}</v11:messageId>
            <!--Optional:-->
            <v11:timestamp>${=new java.text.SimpleDateFormat("yyyy-MM-dd'T'HH:mm:ss.SSS").format(new Date())}</v11:timestamp>
         </v1:messageContext>
         <v1:legalContext>ServiceIntegrator</v1:legalContext>
         <v1:request>
            <!--Optional:-->
            <v1:referenceDate>2016-10-14</v1:referenceDate>
         </v1:request>
      </v1:getPlaceCountriesRequest>
   </soapenv:Body>
</soapenv:Envelope>]]></con:request><con:credentials><con:selectedAuthProfile>Basic</con:selectedAuthProfile><con:addedBasicAuthenticationTypes>Basic</con:addedBasicAuthenticationTypes><con:authType>Global HTTP Settings</con:authType></con:credentials><con:jmsConfig JMSDeliveryMode="PERSISTENT"/><con:jmsPropertyConfig/><con:wsaConfig mustUnderstand="NONE" version="200508" action="http://fidus.brussels/services/countryservice/getPlaceCountries"/><con:wsrmConfig version="1.2"/></con:call><con:call id="bf07f6ab-beea-48eb-8e4a-00f4aa88c08a" name="03 - Test External - Request" outgoingWss="Outflow TEST" incomingWss="Inflow TEST"><con:settings><con:setting id="com.eviware.soapui.impl.wsdl.WsdlRequest@request-headers">&lt;xml-fragment/></con:setting></con:settings><con:encoding>UTF-8</con:encoding><con:endpoint>https://fidus.irisnetlab.be/services/CountryService_v1.0</con:endpoint><con:request><![CDATA[<soapenv:Envelope xmlns:soapenv="http://schemas.xmlsoap.org/soap/envelope/" xmlns:v1="http://fidus.brussels/service/countryservice/messages/v1" xmlns:v11="http://fidus.brussels/type/common/messages/v1">
   <soapenv:Header/>
   <soapenv:Body>
      <v1:getPlaceCountriesRequest>
         <v1:messageContext>
            <v11:messageId>${=import static java.util.UUID.randomUUID; uuid = randomUUID() as String}</v11:messageId>
            <!--Optional:-->
            <v11:timestamp>${=new java.text.SimpleDateFormat("yyyy-MM-dd'T'HH:mm:ss.SSS").format(new Date())}</v11:timestamp>
         </v1:messageContext>
         <v1:legalContext>ServiceIntegrator</v1:legalContext>
         <v1:request>
            <!--Optional:-->
            <v1:referenceDate>2016-10-14</v1:referenceDate>
         </v1:request>
      </v1:getPlaceCountriesRequest>
   </soapenv:Body>
</soapenv:Envelope>]]></con:request><con:credentials><con:selectedAuthProfile>Basic</con:selectedAuthProfile><con:addedBasicAuthenticationTypes>Basic</con:addedBasicAuthenticationTypes><con:authType>Global HTTP Settings</con:authType></con:credentials><con:jmsConfig JMSDeliveryMode="PERSISTENT"/><con:jmsPropertyConfig/><con:wsaConfig mustUnderstand="NONE" version="200508" action="http://fidus.brussels/services/countryservice/getPlaceCountries"/><con:wsrmConfig version="1.2"/></con:call><con:call id="449c82c8-3792-42d2-b7a8-e478446972a7" name="03 - Test LB - Request" outgoingWss="Outflow TEST" incomingWss="Inflow TEST"><con:settings><con:setting id="com.eviware.soapui.impl.wsdl.WsdlRequest@request-headers">&lt;xml-fragment/></con:setting></con:settings><con:encoding>UTF-8</con:encoding><con:endpoint>https://fidus-esb-sg.sta.srv.cirb.lan:8443/services/CountryService_v1.0</con:endpoint><con:request><![CDATA[<soapenv:Envelope xmlns:soapenv="http://schemas.xmlsoap.org/soap/envelope/" xmlns:v1="http://fidus.brussels/service/countryservice/messages/v1" xmlns:v11="http://fidus.brussels/type/common/messages/v1">
   <soapenv:Header/>
   <soapenv:Body>
      <v1:getPlaceCountriesRequest>
         <v1:messageContext>
            <v11:messageId>${=import static java.util.UUID.randomUUID; uuid = randomUUID() as String}</v11:messageId>
            <!--Optional:-->
            <v11:timestamp>${=new java.text.SimpleDateFormat("yyyy-MM-dd'T'HH:mm:ss.SSS").format(new Date())}</v11:timestamp>
         </v1:messageContext>
         <v1:legalContext>ServiceIntegrator</v1:legalContext>
         <v1:request>
            <!--Optional:-->
            <v1:referenceDate>2016-10-14</v1:referenceDate>
         </v1:request>
      </v1:getPlaceCountriesRequest>
   </soapenv:Body>
</soapenv:Envelope>]]></con:request><con:credentials><con:selectedAuthProfile>Basic</con:selectedAuthProfile><con:addedBasicAuthenticationTypes>Basic</con:addedBasicAuthenticationTypes><con:authType>Global HTTP Settings</con:authType></con:credentials><con:jmsConfig JMSDeliveryMode="PERSISTENT"/><con:jmsPropertyConfig/><con:wsaConfig mustUnderstand="NONE" version="200508" action="http://fidus.brussels/services/countryservice/getPlaceCountries"/><con:wsrmConfig version="1.2"/></con:call><con:call id="57502e21-b626-4c62-9b63-4e85f4b6c52b" name="03 - Test Worker1 - Request" outgoingWss="Outflow TEST" incomingWss="Inflow TEST"><con:settings><con:setting id="com.eviware.soapui.impl.wsdl.WsdlRequest@request-headers">&lt;xml-fragment/></con:setting></con:settings><con:encoding>UTF-8</con:encoding><con:endpoint>https://192.168.24.16:8443/services/CountryService_v1.0</con:endpoint><con:request><![CDATA[<soapenv:Envelope xmlns:soapenv="http://schemas.xmlsoap.org/soap/envelope/" xmlns:v1="http://fidus.brussels/service/countryservice/messages/v1" xmlns:v11="http://fidus.brussels/type/common/messages/v1">
   <soapenv:Header/>
   <soapenv:Body>
      <v1:getPlaceCountriesRequest>
         <v1:messageContext>
            <v11:messageId>${=import static java.util.UUID.randomUUID; uuid = randomUUID() as String}</v11:messageId>
            <!--Optional:-->
            <v11:timestamp>${=new java.text.SimpleDateFormat("yyyy-MM-dd'T'HH:mm:ss.SSS").format(new Date())}</v11:timestamp>
         </v1:messageContext>
         <v1:legalContext>ServiceIntegrator</v1:legalContext>
         <v1:request>
            <!--Optional:-->
            <v1:referenceDate>2016-10-14</v1:referenceDate>
         </v1:request>
      </v1:getPlaceCountriesRequest>
   </soapenv:Body>
</soapenv:Envelope>]]></con:request><con:credentials><con:selectedAuthProfile>Basic</con:selectedAuthProfile><con:addedBasicAuthenticationTypes>Basic</con:addedBasicAuthenticationTypes><con:authType>Global HTTP Settings</con:authType></con:credentials><con:jmsConfig JMSDeliveryMode="PERSISTENT"/><con:jmsPropertyConfig/><con:wsaConfig mustUnderstand="NONE" version="200508" action="http://fidus.brussels/services/countryservice/getPlaceCountries"/><con:wsrmConfig version="1.2"/></con:call><con:call id="87e1b257-fa4f-458d-9a3e-b6cca84b517e" name="03 - Test Worker2 - Request" outgoingWss="Outflow TEST" incomingWss="Inflow TEST"><con:settings><con:setting id="com.eviware.soapui.impl.wsdl.WsdlRequest@request-headers">&lt;xml-fragment/></con:setting></con:settings><con:encoding>UTF-8</con:encoding><con:endpoint>https://192.168.24.17:8443/services/CountryService_v1.0</con:endpoint><con:request><![CDATA[<soapenv:Envelope xmlns:soapenv="http://schemas.xmlsoap.org/soap/envelope/" xmlns:v1="http://fidus.brussels/service/countryservice/messages/v1" xmlns:v11="http://fidus.brussels/type/common/messages/v1">
   <soapenv:Header/>
   <soapenv:Body>
      <v1:getPlaceCountriesRequest>
         <v1:messageContext>
            <v11:messageId>${=import static java.util.UUID.randomUUID; uuid = randomUUID() as String}</v11:messageId>
            <!--Optional:-->
            <v11:timestamp>${=new java.text.SimpleDateFormat("yyyy-MM-dd'T'HH:mm:ss.SSS").format(new Date())}</v11:timestamp>
         </v1:messageContext>
         <v1:legalContext>ServiceIntegrator</v1:legalContext>
         <v1:request>
            <!--Optional:-->
            <v1:referenceDate>2016-10-14</v1:referenceDate>
         </v1:request>
      </v1:getPlaceCountriesRequest>
   </soapenv:Body>
</soapenv:Envelope>]]></con:request><con:credentials><con:selectedAuthProfile>Basic</con:selectedAuthProfile><con:addedBasicAuthenticationTypes>Basic</con:addedBasicAuthenticationTypes><con:authType>Global HTTP Settings</con:authType></con:credentials><con:jmsConfig JMSDeliveryMode="PERSISTENT"/><con:jmsPropertyConfig/><con:wsaConfig mustUnderstand="NONE" version="200508" action="http://fidus.brussels/services/countryservice/getPlaceCountries"/><con:wsrmConfig version="1.2"/></con:call><con:call id="c63d0100-c973-4cf3-9421-bb1cf1a9db35" name="02 - DevNew - Request" outgoingWss="Outflow DEV" incomingWss="Inflow DEV"><con:settings><con:setting id="com.eviware.soapui.impl.wsdl.WsdlRequest@request-headers">&lt;xml-fragment/></con:setting></con:settings><con:encoding>UTF-8</con:encoding><con:endpoint>https://192.168.36.75:8243/services/CountryService_v1.0</con:endpoint><con:request><![CDATA[<soapenv:Envelope xmlns:soapenv="http://schemas.xmlsoap.org/soap/envelope/" xmlns:v1="http://fidus.brussels/service/countryservice/messages/v1" xmlns:v11="http://fidus.brussels/type/common/messages/v1">
   <soapenv:Header/>
   <soapenv:Body>
      <v1:getPlaceCountriesRequest>
         <v1:messageContext>
            <v11:messageId>${=import static java.util.UUID.randomUUID; uuid = randomUUID() as String}</v11:messageId>
            <!--Optional:-->
            <v11:timestamp>${=new java.text.SimpleDateFormat("yyyy-MM-dd'T'HH:mm:ss.SSS").format(new Date())}</v11:timestamp>
         </v1:messageContext>
         <v1:legalContext>ServiceIntegrator</v1:legalContext>
         <v1:request>
            <!--Optional:-->
            <v1:referenceDate>2016-10-14</v1:referenceDate>
         </v1:request>
      </v1:getPlaceCountriesRequest>
   </soapenv:Body>
</soapenv:Envelope>]]></con:request><con:credentials><con:selectedAuthProfile>Basic</con:selectedAuthProfile><con:addedBasicAuthenticationTypes>Basic</con:addedBasicAuthenticationTypes><con:authType>Global HTTP Settings</con:authType></con:credentials><con:jmsConfig JMSDeliveryMode="PERSISTENT"/><con:jmsPropertyConfig/><con:wsaConfig mustUnderstand="NONE" version="200508" action="http://fidus.brussels/services/countryservice/getPlaceCountries"/><con:wsrmConfig version="1.2"/></con:call></con:operation><con:operation id="cdd8d930-3e41-40c1-a86b-c3e2b9a5fb2a" isOneWay="false" action="http://fidus.brussels/services/countryservice/getPlaceCountry" name="getPlaceCountry" bindingOperationName="getPlaceCountry" type="Request-Response" inputName="" receivesAttachments="false" sendsAttachments="false" anonymous="optional"><con:settings/><con:call id="bd67a08c-b5dc-406f-97b7-fd21b4784c4c" name="01 - Local - Request" outgoingWss="Outflow DEV" incomingWss="Inflow DEV"><con:settings><con:setting id="com.eviware.soapui.impl.wsdl.WsdlRequest@request-headers">&lt;xml-fragment/></con:setting></con:settings><con:encoding>UTF-8</con:encoding><con:endpoint>https://localhost:8243/services/CountryService_v1.0</con:endpoint><con:request><![CDATA[<soapenv:Envelope xmlns:soapenv="http://schemas.xmlsoap.org/soap/envelope/" xmlns:v1="http://fidus.brussels/service/countryservice/messages/v1" xmlns:v11="http://fidus.brussels/type/common/messages/v1" xmlns:v12="http://fsb.belgium.be/mappingServices/countryService/messages/v1_00">
   <soapenv:Header/>
   <soapenv:Body>
      <v1:getPlaceCountryRequest>
         <v1:messageContext>
            <v11:messageId>${=import static java.util.UUID.randomUUID; uuid = randomUUID() as String}</v11:messageId>
            <!--Optional:-->
            <v11:timestamp>${=new java.text.SimpleDateFormat("yyyy-MM-dd'T'HH:mm:ss.SSS").format(new Date())}</v11:timestamp>
         </v1:messageContext>
         <v1:legalContext>ServiceIntegrator</v1:legalContext>
         <v1:request>
            <!--You have a CHOICE of the next 4 items at this level-->
            <!--
            <v12:iso-alpha2 startDate="?" endDate="?" status="?">?</v12:iso-alpha2>
            <v12:iso-alpha3 startDate="?" endDate="?" status="?">?</v12:iso-alpha3>
            <v12:iso-num3 startDate="?" endDate="?" status="?">?</v12:iso-num3>
            <v12:nis-num3 startDate="?" endDate="?" status="?">?</v12:nis-num3>
			-->
             <!--<v12:iso-alpha2>NL</v12:iso-alpha2>-->
             <v12:iso-alpha3>DEU</v12:iso-alpha3>
         </v1:request>
      </v1:getPlaceCountryRequest>
   </soapenv:Body>
</soapenv:Envelope>]]></con:request><con:credentials><con:selectedAuthProfile>Basic</con:selectedAuthProfile><con:addedBasicAuthenticationTypes>Basic</con:addedBasicAuthenticationTypes><con:authType>Global HTTP Settings</con:authType></con:credentials><con:jmsConfig JMSDeliveryMode="PERSISTENT"/><con:jmsPropertyConfig/><con:wsaConfig mustUnderstand="NONE" version="200508" action="http://fidus.brussels/services/countryservice/getPlaceCountry"/><con:wsrmConfig version="1.2"/></con:call><con:call id="fecb7a17-b3ea-41b9-8f23-475b0530781d" name="01 - Local - Request-Invalid-Iso_alpha2" outgoingWss="Outflow DEV" incomingWss="Inflow DEV"><con:settings><con:setting id="com.eviware.soapui.impl.wsdl.WsdlRequest@request-headers">&lt;xml-fragment/></con:setting></con:settings><con:encoding>UTF-8</con:encoding><con:endpoint>https://localhost:8243/services/CountryService_v1.0</con:endpoint><con:request><![CDATA[<soapenv:Envelope xmlns:soapenv="http://schemas.xmlsoap.org/soap/envelope/" xmlns:v1="http://fidus.brussels/service/countryservice/messages/v1" xmlns:v11="http://fidus.brussels/type/common/messages/v1" xmlns:v12="http://fsb.belgium.be/mappingServices/countryService/messages/v1_00">
   <soapenv:Header/>
   <soapenv:Body>
      <v1:getPlaceCountryRequest>
         <v1:messageContext>
            <v11:messageId>${=import static java.util.UUID.randomUUID; uuid = randomUUID() as String}</v11:messageId>
            <!--Optional:-->
            <v11:timestamp>${=new java.text.SimpleDateFormat("yyyy-MM-dd'T'HH:mm:ss.SSS").format(new Date())}</v11:timestamp>
         </v1:messageContext>
         <v1:legalContext>ServiceIntegrator</v1:legalContext>
         <v1:request>
            <!--You have a CHOICE of the next 4 items at this level-->
            <!--
            <v12:iso-alpha2 startDate="?" endDate="?" status="?">?</v12:iso-alpha2>
            <v12:iso-alpha3 startDate="?" endDate="?" status="?">?</v12:iso-alpha3>
            <v12:iso-num3 startDate="?" endDate="?" status="?">?</v12:iso-num3>
            <v12:nis-num3 startDate="?" endDate="?" status="?">?</v12:nis-num3>
			-->
             <v12:iso-alpha2>XX</v12:iso-alpha2>
         </v1:request>
      </v1:getPlaceCountryRequest>
   </soapenv:Body>
</soapenv:Envelope>]]></con:request><con:credentials><con:selectedAuthProfile>Basic</con:selectedAuthProfile><con:addedBasicAuthenticationTypes>Basic</con:addedBasicAuthenticationTypes><con:authType>Global HTTP Settings</con:authType></con:credentials><con:jmsConfig JMSDeliveryMode="PERSISTENT"/><con:jmsPropertyConfig/><con:wsaConfig mustUnderstand="NONE" version="200508" action="http://fidus.brussels/services/countryservice/getPlaceCountry"/><con:wsrmConfig version="1.2"/></con:call><con:call id="b68a1cfa-b4c2-456a-9a2c-62149f9fcd95" name="02 - Dev - Request" outgoingWss="Outflow DEV" incomingWss="Inflow DEV"><con:settings><con:setting id="com.eviware.soapui.impl.wsdl.WsdlRequest@request-headers">&lt;xml-fragment/></con:setting></con:settings><con:encoding>UTF-8</con:encoding><con:endpoint>https://192.168.36.61:8243/services/CountryService_v1.0</con:endpoint><con:request><![CDATA[<soapenv:Envelope xmlns:soapenv="http://schemas.xmlsoap.org/soap/envelope/" xmlns:v1="http://fidus.brussels/service/countryservice/messages/v1" xmlns:v11="http://fidus.brussels/type/common/messages/v1" xmlns:v12="http://fsb.belgium.be/mappingServices/countryService/messages/v1_00">
   <soapenv:Header/>
   <soapenv:Body>
      <v1:getPlaceCountryRequest>
         <v1:messageContext>
            <v11:messageId>${=import static java.util.UUID.randomUUID; uuid = randomUUID() as String}</v11:messageId>
            <!--Optional:-->
            <v11:timestamp>${=new java.text.SimpleDateFormat("yyyy-MM-dd'T'HH:mm:ss.SSS").format(new Date())}</v11:timestamp>
         </v1:messageContext>
         <v1:legalContext>ServiceIntegrator</v1:legalContext>
         <v1:request>
            <!--You have a CHOICE of the next 4 items at this level-->
            <!--
            <v12:iso-alpha2 startDate="?" endDate="?" status="?">?</v12:iso-alpha2>
            <v12:iso-alpha3 startDate="?" endDate="?" status="?">?</v12:iso-alpha3>
            <v12:iso-num3 startDate="?" endDate="?" status="?">?</v12:iso-num3>
            <v12:nis-num3 startDate="?" endDate="?" status="?">?</v12:nis-num3>
			-->
             <v12:iso-alpha2>NL</v12:iso-alpha2>
             
         </v1:request>
      </v1:getPlaceCountryRequest>
   </soapenv:Body>
</soapenv:Envelope>]]></con:request><con:credentials><con:selectedAuthProfile>Basic</con:selectedAuthProfile><con:addedBasicAuthenticationTypes>Basic</con:addedBasicAuthenticationTypes><con:authType>Global HTTP Settings</con:authType></con:credentials><con:jmsConfig JMSDeliveryMode="PERSISTENT"/><con:jmsPropertyConfig/><con:wsaConfig mustUnderstand="NONE" version="200508" action="http://fidus.brussels/services/countryservice/getPlaceCountry"/><con:wsrmConfig version="1.2"/></con:call><con:call id="2cbb213d-7594-4474-b028-0e9244fe21b5" name="03 - Test External - Request" outgoingWss="Outflow TEST" incomingWss="Inflow TEST"><con:settings><con:setting id="com.eviware.soapui.impl.wsdl.WsdlRequest@request-headers">&lt;xml-fragment/></con:setting></con:settings><con:encoding>UTF-8</con:encoding><con:endpoint>https://fidus.irisnetlab.be/services/CountryService_v1.0</con:endpoint><con:request><![CDATA[<soapenv:Envelope xmlns:soapenv="http://schemas.xmlsoap.org/soap/envelope/" xmlns:v1="http://fidus.brussels/service/countryservice/messages/v1" xmlns:v11="http://fidus.brussels/type/common/messages/v1" xmlns:v12="http://fsb.belgium.be/mappingServices/countryService/messages/v1_00">
   <soapenv:Header/>
   <soapenv:Body>
      <v1:getPlaceCountryRequest>
         <v1:messageContext>
            <v11:messageId>${=import static java.util.UUID.randomUUID; uuid = randomUUID() as String}</v11:messageId>
            <!--Optional:-->
            <v11:timestamp>${=new java.text.SimpleDateFormat("yyyy-MM-dd'T'HH:mm:ss.SSS").format(new Date())}</v11:timestamp>
         </v1:messageContext>
         <v1:legalContext>ServiceIntegrator</v1:legalContext>
         <v1:request>
            <!--You have a CHOICE of the next 4 items at this level-->
            <!--
            <v12:iso-alpha2 startDate="?" endDate="?" status="?">?</v12:iso-alpha2>
            <v12:iso-alpha3 startDate="?" endDate="?" status="?">?</v12:iso-alpha3>
            <v12:iso-num3 startDate="?" endDate="?" status="?">?</v12:iso-num3>
            <v12:nis-num3 startDate="?" endDate="?" status="?">?</v12:nis-num3>
			-->
             <v12:iso-alpha2>NL</v12:iso-alpha2>
             
         </v1:request>
      </v1:getPlaceCountryRequest>
   </soapenv:Body>
</soapenv:Envelope>]]></con:request><con:credentials><con:selectedAuthProfile>Basic</con:selectedAuthProfile><con:addedBasicAuthenticationTypes>Basic</con:addedBasicAuthenticationTypes><con:authType>Global HTTP Settings</con:authType></con:credentials><con:jmsConfig JMSDeliveryMode="PERSISTENT"/><con:jmsPropertyConfig/><con:wsaConfig mustUnderstand="NONE" version="200508" action="http://fidus.brussels/services/countryservice/getPlaceCountry"/><con:wsrmConfig version="1.2"/></con:call><con:call id="799c67c3-a545-4579-9f8a-6779ae924ac6" name="03 - Test LB - Request" outgoingWss="Outflow TEST" incomingWss="Inflow TEST"><con:settings><con:setting id="com.eviware.soapui.impl.wsdl.WsdlRequest@request-headers">&lt;xml-fragment/></con:setting></con:settings><con:encoding>UTF-8</con:encoding><con:endpoint>https://fidus-esb-sg.sta.srv.cirb.lan:8443/services/CountryService_v1.0</con:endpoint><con:request><![CDATA[<soapenv:Envelope xmlns:soapenv="http://schemas.xmlsoap.org/soap/envelope/" xmlns:v1="http://fidus.brussels/service/countryservice/messages/v1" xmlns:v11="http://fidus.brussels/type/common/messages/v1" xmlns:v12="http://fsb.belgium.be/mappingServices/countryService/messages/v1_00">
   <soapenv:Header/>
   <soapenv:Body>
      <v1:getPlaceCountryRequest>
         <v1:messageContext>
            <v11:messageId>${=import static java.util.UUID.randomUUID; uuid = randomUUID() as String}</v11:messageId>
            <!--Optional:-->
            <v11:timestamp>${=new java.text.SimpleDateFormat("yyyy-MM-dd'T'HH:mm:ss.SSS").format(new Date())}</v11:timestamp>
         </v1:messageContext>
         <v1:legalContext>ServiceIntegrator</v1:legalContext>
         <v1:request>
            <!--You have a CHOICE of the next 4 items at this level-->
            <!--
            <v12:iso-alpha2 startDate="?" endDate="?" status="?">?</v12:iso-alpha2>
            <v12:iso-alpha3 startDate="?" endDate="?" status="?">?</v12:iso-alpha3>
            <v12:iso-num3 startDate="?" endDate="?" status="?">?</v12:iso-num3>
            <v12:nis-num3 startDate="?" endDate="?" status="?">?</v12:nis-num3>
			-->
             <v12:iso-alpha2>NL</v12:iso-alpha2>
             
         </v1:request>
      </v1:getPlaceCountryRequest>
   </soapenv:Body>
</soapenv:Envelope>]]></con:request><con:credentials><con:selectedAuthProfile>Basic</con:selectedAuthProfile><con:addedBasicAuthenticationTypes>Basic</con:addedBasicAuthenticationTypes><con:authType>Global HTTP Settings</con:authType></con:credentials><con:jmsConfig JMSDeliveryMode="PERSISTENT"/><con:jmsPropertyConfig/><con:wsaConfig mustUnderstand="NONE" version="200508" action="http://fidus.brussels/services/countryservice/getPlaceCountry"/><con:wsrmConfig version="1.2"/></con:call><con:call id="a18f1ecd-edee-41d5-8b8a-acff7016294e" name="03 - Test Worker1 - Request" outgoingWss="Outflow TEST" incomingWss="Inflow TEST"><con:settings><con:setting id="com.eviware.soapui.impl.wsdl.WsdlRequest@request-headers">&lt;xml-fragment/></con:setting></con:settings><con:encoding>UTF-8</con:encoding><con:endpoint>https://192.168.24.16:8443/services/CountryService_v1.0</con:endpoint><con:request><![CDATA[<soapenv:Envelope xmlns:soapenv="http://schemas.xmlsoap.org/soap/envelope/" xmlns:v1="http://fidus.brussels/service/countryservice/messages/v1" xmlns:v11="http://fidus.brussels/type/common/messages/v1" xmlns:v12="http://fsb.belgium.be/mappingServices/countryService/messages/v1_00">
   <soapenv:Header/>
   <soapenv:Body>
      <v1:getPlaceCountryRequest>
         <v1:messageContext>
            <v11:messageId>${=import static java.util.UUID.randomUUID; uuid = randomUUID() as String}</v11:messageId>
            <!--Optional:-->
            <v11:timestamp>${=new java.text.SimpleDateFormat("yyyy-MM-dd'T'HH:mm:ss.SSS").format(new Date())}</v11:timestamp>
         </v1:messageContext>
         <v1:legalContext>ServiceIntegrator</v1:legalContext>
         <v1:request>
            <!--You have a CHOICE of the next 4 items at this level-->
            <!--
            <v12:iso-alpha2 startDate="?" endDate="?" status="?">?</v12:iso-alpha2>
            <v12:iso-alpha3 startDate="?" endDate="?" status="?">?</v12:iso-alpha3>
            <v12:iso-num3 startDate="?" endDate="?" status="?">?</v12:iso-num3>
            <v12:nis-num3 startDate="?" endDate="?" status="?">?</v12:nis-num3>
			-->
             <v12:iso-alpha2>NL</v12:iso-alpha2>
             
         </v1:request>
      </v1:getPlaceCountryRequest>
   </soapenv:Body>
</soapenv:Envelope>]]></con:request><con:credentials><con:selectedAuthProfile>Basic</con:selectedAuthProfile><con:addedBasicAuthenticationTypes>Basic</con:addedBasicAuthenticationTypes><con:authType>Global HTTP Settings</con:authType></con:credentials><con:jmsConfig JMSDeliveryMode="PERSISTENT"/><con:jmsPropertyConfig/><con:wsaConfig mustUnderstand="NONE" version="200508" action="http://fidus.brussels/services/countryservice/getPlaceCountry"/><con:wsrmConfig version="1.2"/></con:call><con:call id="cbb79a22-0a93-4e64-848a-3c40ed04c033" name="03 - Test Worker2 - Request" outgoingWss="Outflow TEST" incomingWss="Inflow TEST"><con:settings><con:setting id="com.eviware.soapui.impl.wsdl.WsdlRequest@request-headers">&lt;xml-fragment/></con:setting></con:settings><con:encoding>UTF-8</con:encoding><con:endpoint>https://192.168.24.17:8443/services/CountryService_v1.0</con:endpoint><con:request><![CDATA[<soapenv:Envelope xmlns:soapenv="http://schemas.xmlsoap.org/soap/envelope/" xmlns:v1="http://fidus.brussels/service/countryservice/messages/v1" xmlns:v11="http://fidus.brussels/type/common/messages/v1" xmlns:v12="http://fsb.belgium.be/mappingServices/countryService/messages/v1_00">
   <soapenv:Header/>
   <soapenv:Body>
      <v1:getPlaceCountryRequest>
         <v1:messageContext>
            <v11:messageId>${=import static java.util.UUID.randomUUID; uuid = randomUUID() as String}</v11:messageId>
            <!--Optional:-->
            <v11:timestamp>${=new java.text.SimpleDateFormat("yyyy-MM-dd'T'HH:mm:ss.SSS").format(new Date())}</v11:timestamp>
         </v1:messageContext>
         <v1:legalContext>ServiceIntegrator</v1:legalContext>
         <v1:request>
            <!--You have a CHOICE of the next 4 items at this level-->
            <!--
            <v12:iso-alpha2 startDate="?" endDate="?" status="?">?</v12:iso-alpha2>
            <v12:iso-alpha3 startDate="?" endDate="?" status="?">?</v12:iso-alpha3>
            <v12:iso-num3 startDate="?" endDate="?" status="?">?</v12:iso-num3>
            <v12:nis-num3 startDate="?" endDate="?" status="?">?</v12:nis-num3>
			-->
             <v12:iso-alpha2>NL</v12:iso-alpha2>
             
         </v1:request>
      </v1:getPlaceCountryRequest>
   </soapenv:Body>
</soapenv:Envelope>]]></con:request><con:credentials><con:selectedAuthProfile>Basic</con:selectedAuthProfile><con:addedBasicAuthenticationTypes>Basic</con:addedBasicAuthenticationTypes><con:authType>Global HTTP Settings</con:authType></con:credentials><con:jmsConfig JMSDeliveryMode="PERSISTENT"/><con:jmsPropertyConfig/><con:wsaConfig mustUnderstand="NONE" version="200508" action="http://fidus.brussels/services/countryservice/getPlaceCountry"/><con:wsrmConfig version="1.2"/></con:call><con:call id="3e6e6e5b-0cbd-41b1-b4c0-2c3381d4e488" name="02 - DevNew - Request" outgoingWss="Outflow DEV" incomingWss="Inflow DEV"><con:settings><con:setting id="com.eviware.soapui.impl.wsdl.WsdlRequest@request-headers">&lt;xml-fragment/></con:setting></con:settings><con:encoding>UTF-8</con:encoding><con:endpoint>https://192.168.36.75:8243/services/CountryService_v1.0</con:endpoint><con:request><![CDATA[<soapenv:Envelope xmlns:soapenv="http://schemas.xmlsoap.org/soap/envelope/" xmlns:v1="http://fidus.brussels/service/countryservice/messages/v1" xmlns:v11="http://fidus.brussels/type/common/messages/v1" xmlns:v12="http://fsb.belgium.be/mappingServices/countryService/messages/v1_00">
   <soapenv:Header/>
   <soapenv:Body>
      <v1:getPlaceCountryRequest>
         <v1:messageContext>
            <v11:messageId>${=import static java.util.UUID.randomUUID; uuid = randomUUID() as String}</v11:messageId>
            <!--Optional:-->
            <v11:timestamp>${=new java.text.SimpleDateFormat("yyyy-MM-dd'T'HH:mm:ss.SSS").format(new Date())}</v11:timestamp>
         </v1:messageContext>
         <v1:legalContext>ServiceIntegrator</v1:legalContext>
         <v1:request>
            <!--You have a CHOICE of the next 4 items at this level-->
            <!--
            <v12:iso-alpha2 startDate="?" endDate="?" status="?">?</v12:iso-alpha2>
            <v12:iso-alpha3 startDate="?" endDate="?" status="?">?</v12:iso-alpha3>
            <v12:iso-num3 startDate="?" endDate="?" status="?">?</v12:iso-num3>
            <v12:nis-num3 startDate="?" endDate="?" status="?">?</v12:nis-num3>
			-->
             <v12:iso-alpha2>NL</v12:iso-alpha2>
             
         </v1:request>
      </v1:getPlaceCountryRequest>
   </soapenv:Body>
</soapenv:Envelope>]]></con:request><con:credentials><con:selectedAuthProfile>Basic</con:selectedAuthProfile><con:addedBasicAuthenticationTypes>Basic</con:addedBasicAuthenticationTypes><con:authType>Global HTTP Settings</con:authType></con:credentials><con:jmsConfig JMSDeliveryMode="PERSISTENT"/><con:jmsPropertyConfig/><con:wsaConfig mustUnderstand="NONE" version="200508" action="http://fidus.brussels/services/countryservice/getPlaceCountry"/><con:wsrmConfig version="1.2"/></con:call></con:operation><con:operation id="291f4af9-456f-4d71-bba4-a542b6b50a3d" isOneWay="false" action="http://fidus.brussels/services/countryservice/getPlaceCountryHistory" name="getPlaceCountryHistory" bindingOperationName="getPlaceCountryHistory" type="Request-Response" inputName="" receivesAttachments="false" sendsAttachments="false" anonymous="optional"><con:settings/><con:call id="daaac330-7a1c-4bba-a496-ddf8359d06f9" name="01 - Local - Request" outgoingWss="Outflow DEV" incomingWss="Inflow DEV"><con:settings><con:setting id="com.eviware.soapui.impl.wsdl.WsdlRequest@request-headers">&lt;xml-fragment/></con:setting></con:settings><con:encoding>UTF-8</con:encoding><con:endpoint>https://localhost:8243/services/CountryService_v1.0</con:endpoint><con:request><![CDATA[<soapenv:Envelope xmlns:soapenv="http://schemas.xmlsoap.org/soap/envelope/" xmlns:v1="http://fidus.brussels/service/countryservice/messages/v1" xmlns:v11="http://fidus.brussels/type/common/messages/v1" xmlns:v12="http://fsb.belgium.be/mappingServices/countryService/messages/v1_00">
   <soapenv:Header/>
   <soapenv:Body>
      <v1:getPlaceCountryHistoryRequest>
         <v1:messageContext>
            <v11:messageId>${=import static java.util.UUID.randomUUID; uuid = randomUUID() as String}</v11:messageId>
            <!--Optional:-->
            <v11:timestamp>${=new java.text.SimpleDateFormat("yyyy-MM-dd'T'HH:mm:ss.SSS").format(new Date())}</v11:timestamp>
         </v1:messageContext>
         <v1:legalContext>ServiceIntegrator</v1:legalContext>
         <v1:request>
            <v12:iso-alpha2>FR</v12:iso-alpha2>
            <!--Optional:-->
            <!--<v12:referenceDate>2016-10-10</v12:referenceDate>-->
         </v1:request>
      </v1:getPlaceCountryHistoryRequest>
   </soapenv:Body>
</soapenv:Envelope>


]]></con:request><con:credentials><con:selectedAuthProfile>Basic</con:selectedAuthProfile><con:addedBasicAuthenticationTypes>Basic</con:addedBasicAuthenticationTypes><con:authType>Global HTTP Settings</con:authType></con:credentials><con:jmsConfig JMSDeliveryMode="PERSISTENT"/><con:jmsPropertyConfig/><con:wsaConfig mustUnderstand="NONE" version="200508" action="http://fidus.brussels/services/countryservice/getPlaceCountryHistory"/><con:wsrmConfig version="1.2"/></con:call><con:call id="ff67598e-4872-4bfe-9178-20e9ed09f1d9" name="01 - Local - Request-Invalid-Iso_alpha2" outgoingWss="Outflow DEV" incomingWss="Inflow DEV"><con:settings><con:setting id="com.eviware.soapui.impl.wsdl.WsdlRequest@request-headers">&lt;xml-fragment/></con:setting></con:settings><con:encoding>UTF-8</con:encoding><con:endpoint>https://localhost:8243/services/CountryService_v1.0</con:endpoint><con:request><![CDATA[<soapenv:Envelope xmlns:soapenv="http://schemas.xmlsoap.org/soap/envelope/" xmlns:v1="http://fidus.brussels/service/countryservice/messages/v1" xmlns:v11="http://fidus.brussels/type/common/messages/v1" xmlns:v12="http://fsb.belgium.be/mappingServices/countryService/messages/v1_00">
   <soapenv:Header/>
   <soapenv:Body>
      <v1:getPlaceCountryHistoryRequest>
         <v1:messageContext>
            <v11:messageId>${=import static java.util.UUID.randomUUID; uuid = randomUUID() as String}</v11:messageId>
            <!--Optional:-->
            <v11:timestamp>${=new java.text.SimpleDateFormat("yyyy-MM-dd'T'HH:mm:ss.SSS").format(new Date())}</v11:timestamp>
         </v1:messageContext>
         <v1:legalContext>ServiceIntegrator</v1:legalContext>
         <v1:request>
            <v12:iso-alpha2>XX</v12:iso-alpha2>
            <!--Optional:-->
            <v12:referenceDate>2016-10-10</v12:referenceDate>
         </v1:request>
      </v1:getPlaceCountryHistoryRequest>
   </soapenv:Body>
</soapenv:Envelope>]]></con:request><con:credentials><con:selectedAuthProfile>Basic</con:selectedAuthProfile><con:addedBasicAuthenticationTypes>Basic</con:addedBasicAuthenticationTypes><con:authType>Global HTTP Settings</con:authType></con:credentials><con:jmsConfig JMSDeliveryMode="PERSISTENT"/><con:jmsPropertyConfig/><con:wsaConfig mustUnderstand="NONE" version="200508" action="http://fidus.brussels/services/countryservice/getPlaceCountryHistory"/><con:wsrmConfig version="1.2"/></con:call><con:call id="72136c5a-66a1-482e-9105-e06868c860b9" name="02 - Dev - Request" outgoingWss="Outflow DEV" incomingWss="Inflow DEV"><con:settings><con:setting id="com.eviware.soapui.impl.wsdl.WsdlRequest@request-headers">&lt;xml-fragment/></con:setting></con:settings><con:encoding>UTF-8</con:encoding><con:endpoint>https://192.168.36.61:8243/services/CountryService_v1.0</con:endpoint><con:request><![CDATA[<soapenv:Envelope xmlns:soapenv="http://schemas.xmlsoap.org/soap/envelope/" xmlns:v1="http://fidus.brussels/service/countryservice/messages/v1" xmlns:v11="http://fidus.brussels/type/common/messages/v1" xmlns:v12="http://fsb.belgium.be/mappingServices/countryService/messages/v1_00">
   <soapenv:Header/>
   <soapenv:Body xmlns:soapenv="http://schemas.xmlsoap.org/soap/envelope/" xmlns:wsu="http://docs.oasis-open.org/wss/2004/01/oasis-200401-wss-wssecurity-utility-1.0.xsd" wsu:Id="id-5C8D63ADC1427B4599147860106781222">
   <v1:getPlaceCountryHistoryRequest xmlns:v1="http://fidus.brussels/service/countryservice/messages/v1">
         <v1:messageContext>
            <v11:messageId xmlns:v11="http://fidus.brussels/type/common/messages/v1">504da2d0-a96a-41e9-b3dd-3c1f56039568</v11:messageId>
            <!--Optional:-->
            <v11:timestamp xmlns:v11="http://fidus.brussels/type/common/messages/v1">2016-11-08T11:31:07.809</v11:timestamp>
         </v1:messageContext>
         <v1:legalContext>ServiceIntegrator</v1:legalContext>
         <v1:request>
            <v12:iso-alpha2 xmlns:v12="http://fsb.belgium.be/mappingServices/countryService/messages/v1_00">NL</v12:iso-alpha2>
            <!--Optional:-->
            <v12:referenceDate xmlns:v12="http://fsb.belgium.be/mappingServices/countryService/messages/v1_00">2016-10-10</v12:referenceDate>
         </v1:request>
      </v1:getPlaceCountryHistoryRequest>
   </soapenv:Body>
</soapenv:Envelope>]]></con:request><con:credentials><con:selectedAuthProfile>Basic</con:selectedAuthProfile><con:addedBasicAuthenticationTypes>Basic</con:addedBasicAuthenticationTypes><con:authType>Global HTTP Settings</con:authType></con:credentials><con:jmsConfig JMSDeliveryMode="PERSISTENT"/><con:jmsPropertyConfig/><con:wsaConfig mustUnderstand="NONE" version="200508" action="http://fidus.brussels/services/countryservice/getPlaceCountryHistory"/><con:wsrmConfig version="1.2"/></con:call><con:call id="c54c9a3b-84d4-4dda-8068-d7e223e20799" name="03 - Test External - Request" outgoingWss="Outflow TEST" incomingWss="Inflow TEST"><con:settings><con:setting id="com.eviware.soapui.impl.wsdl.WsdlRequest@request-headers">&lt;xml-fragment/></con:setting></con:settings><con:encoding>UTF-8</con:encoding><con:endpoint>https://fidus.irisnetlab.be/services/CountryService_v1.0</con:endpoint><con:request><![CDATA[<soapenv:Envelope xmlns:soapenv="http://schemas.xmlsoap.org/soap/envelope/" xmlns:v1="http://fidus.brussels/service/countryservice/messages/v1" xmlns:v11="http://fidus.brussels/type/common/messages/v1" xmlns:v12="http://fsb.belgium.be/mappingServices/countryService/messages/v1_00">
   <soapenv:Header/>
   <soapenv:Body>
      <v1:getPlaceCountryHistoryRequest>
         <v1:messageContext>
            <v11:messageId>${=import static java.util.UUID.randomUUID; uuid = randomUUID() as String}</v11:messageId>
            <!--Optional:-->
            <v11:timestamp>${=new java.text.SimpleDateFormat("yyyy-MM-dd'T'HH:mm:ss.SSS").format(new Date())}</v11:timestamp>
         </v1:messageContext>
         <v1:legalContext>ServiceIntegrator</v1:legalContext>
         <v1:request>
            <v12:iso-alpha2>NL</v12:iso-alpha2>
         </v1:request>
      </v1:getPlaceCountryHistoryRequest>
   </soapenv:Body>
</soapenv:Envelope>]]></con:request><con:credentials><con:selectedAuthProfile>Basic</con:selectedAuthProfile><con:addedBasicAuthenticationTypes>Basic</con:addedBasicAuthenticationTypes><con:authType>Global HTTP Settings</con:authType></con:credentials><con:jmsConfig JMSDeliveryMode="PERSISTENT"/><con:jmsPropertyConfig/><con:wsaConfig mustUnderstand="NONE" version="200508" action="http://fidus.brussels/services/countryservice/getPlaceCountryHistory"/><con:wsrmConfig version="1.2"/></con:call><con:call id="d87e865f-c258-4cd7-9fd2-b3ccd8ba8016" name="03 - Test LB - Request" outgoingWss="Outflow TEST" incomingWss="Inflow TEST"><con:settings><con:setting id="com.eviware.soapui.impl.wsdl.WsdlRequest@request-headers">&lt;xml-fragment/></con:setting></con:settings><con:encoding>UTF-8</con:encoding><con:endpoint>https://fidus-esb-sg.sta.srv.cirb.lan:8443/services/CountryService_v1.0</con:endpoint><con:request><![CDATA[<soapenv:Envelope xmlns:soapenv="http://schemas.xmlsoap.org/soap/envelope/" xmlns:v1="http://fidus.brussels/service/countryservice/messages/v1" xmlns:v11="http://fidus.brussels/type/common/messages/v1" xmlns:v12="http://fsb.belgium.be/mappingServices/countryService/messages/v1_00">
   <soapenv:Header/>
   <soapenv:Body>
      <v1:getPlaceCountryHistoryRequest>
         <v1:messageContext>
            <v11:messageId>${=import static java.util.UUID.randomUUID; uuid = randomUUID() as String}</v11:messageId>
            <!--Optional:-->
            <v11:timestamp>${=new java.text.SimpleDateFormat("yyyy-MM-dd'T'HH:mm:ss.SSS").format(new Date())}</v11:timestamp>
         </v1:messageContext>
         <v1:legalContext>ServiceIntegrator</v1:legalContext>
         <v1:request>
            <v12:iso-alpha2>BR</v12:iso-alpha2>
            <!--Optional:-->
            <!--<v12:referenceDate>2016-10-10</v12:referenceDate>-->
         </v1:request>
      </v1:getPlaceCountryHistoryRequest>
   </soapenv:Body>
</soapenv:Envelope>]]></con:request><con:credentials><con:selectedAuthProfile>Basic</con:selectedAuthProfile><con:addedBasicAuthenticationTypes>Basic</con:addedBasicAuthenticationTypes><con:authType>Global HTTP Settings</con:authType></con:credentials><con:jmsConfig JMSDeliveryMode="PERSISTENT"/><con:jmsPropertyConfig/><con:wsaConfig mustUnderstand="NONE" version="200508" action="http://fidus.brussels/services/countryservice/getPlaceCountryHistory"/><con:wsrmConfig version="1.2"/></con:call><con:call id="4704ca99-6548-4729-ab8d-f40f5b3c296a" name="03 - Test Worker1 - Request" outgoingWss="Outflow TEST" incomingWss="Inflow TEST"><con:settings><con:setting id="com.eviware.soapui.impl.wsdl.WsdlRequest@request-headers">&lt;xml-fragment/></con:setting></con:settings><con:encoding>UTF-8</con:encoding><con:endpoint>https://192.168.24.16:8443/services/CountryService_v1.0</con:endpoint><con:request><![CDATA[<soapenv:Envelope xmlns:soapenv="http://schemas.xmlsoap.org/soap/envelope/" xmlns:v1="http://fidus.brussels/service/countryservice/messages/v1" xmlns:v11="http://fidus.brussels/type/common/messages/v1" xmlns:v12="http://fsb.belgium.be/mappingServices/countryService/messages/v1_00">
   <soapenv:Header/>
   <soapenv:Body>
      <v1:getPlaceCountryHistoryRequest>
         <v1:messageContext>
            <v11:messageId>${=import static java.util.UUID.randomUUID; uuid = randomUUID() as String}</v11:messageId>
            <!--Optional:-->
            <v11:timestamp>${=new java.text.SimpleDateFormat("yyyy-MM-dd'T'HH:mm:ss.SSS").format(new Date())}</v11:timestamp>
         </v1:messageContext>
         <v1:legalContext>ServiceIntegrator</v1:legalContext>
         <v1:request>
            <v12:iso-alpha2>PL</v12:iso-alpha2>
            <!--Optional:-->
            
         </v1:request>
      </v1:getPlaceCountryHistoryRequest>
   </soapenv:Body>
</soapenv:Envelope>]]></con:request><con:credentials><con:selectedAuthProfile>Basic</con:selectedAuthProfile><con:addedBasicAuthenticationTypes>Basic</con:addedBasicAuthenticationTypes><con:authType>Global HTTP Settings</con:authType></con:credentials><con:jmsConfig JMSDeliveryMode="PERSISTENT"/><con:jmsPropertyConfig/><con:wsaConfig mustUnderstand="NONE" version="200508" action="http://fidus.brussels/services/countryservice/getPlaceCountryHistory"/><con:wsrmConfig version="1.2"/></con:call><con:call id="cb2a1c4e-2361-4d4c-8b7f-86701a44921a" name="03 - Test Worker2 - Request" outgoingWss="Outflow TEST" incomingWss="Inflow TEST"><con:settings><con:setting id="com.eviware.soapui.impl.wsdl.WsdlRequest@request-headers">&lt;xml-fragment/></con:setting></con:settings><con:encoding>UTF-8</con:encoding><con:endpoint>https://192.168.24.17:8443/services/CountryService_v1.0</con:endpoint><con:request><![CDATA[<soapenv:Envelope xmlns:soapenv="http://schemas.xmlsoap.org/soap/envelope/" xmlns:v1="http://fidus.brussels/service/countryservice/messages/v1" xmlns:v11="http://fidus.brussels/type/common/messages/v1" xmlns:v12="http://fsb.belgium.be/mappingServices/countryService/messages/v1_00">
   <soapenv:Header/>
   <soapenv:Body>
      <v1:getPlaceCountryHistoryRequest>
         <v1:messageContext>
            <v11:messageId>${=import static java.util.UUID.randomUUID; uuid = randomUUID() as String}</v11:messageId>
            <!--Optional:-->
            <v11:timestamp>${=new java.text.SimpleDateFormat("yyyy-MM-dd'T'HH:mm:ss.SSS").format(new Date())}</v11:timestamp>
         </v1:messageContext>
         <v1:legalContext>ServiceIntegrator</v1:legalContext>
         <v1:request>
            <v12:iso-alpha2>DE</v12:iso-alpha2>
            <!--Optional:-->
            <v12:referenceDate>2000-01-01</v12:referenceDate>
         </v1:request>
      </v1:getPlaceCountryHistoryRequest>
   </soapenv:Body>
</soapenv:Envelope>]]></con:request><con:credentials><con:selectedAuthProfile>Basic</con:selectedAuthProfile><con:addedBasicAuthenticationTypes>Basic</con:addedBasicAuthenticationTypes><con:authType>Global HTTP Settings</con:authType></con:credentials><con:jmsConfig JMSDeliveryMode="PERSISTENT"/><con:jmsPropertyConfig/><con:wsaConfig mustUnderstand="NONE" version="200508" action="http://fidus.brussels/services/countryservice/getPlaceCountryHistory"/><con:wsrmConfig version="1.2"/></con:call><con:call id="f193594b-ff5a-4383-823d-a955ef07f1bb" name="02 - DevNew - Request" outgoingWss="Outflow DEV" incomingWss="Inflow DEV"><con:settings><con:setting id="com.eviware.soapui.impl.wsdl.WsdlRequest@request-headers">&lt;xml-fragment/></con:setting></con:settings><con:encoding>UTF-8</con:encoding><con:endpoint>https://192.168.36.75:8243/services/CountryService_v1.0</con:endpoint><con:request><![CDATA[<soapenv:Envelope xmlns:soapenv="http://schemas.xmlsoap.org/soap/envelope/" xmlns:v1="http://fidus.brussels/service/countryservice/messages/v1" xmlns:v11="http://fidus.brussels/type/common/messages/v1" xmlns:v12="http://fsb.belgium.be/mappingServices/countryService/messages/v1_00">
   <soapenv:Header/>
   <soapenv:Body xmlns:soapenv="http://schemas.xmlsoap.org/soap/envelope/" xmlns:wsu="http://docs.oasis-open.org/wss/2004/01/oasis-200401-wss-wssecurity-utility-1.0.xsd" wsu:Id="id-5C8D63ADC1427B4599147860106781222">
   <v1:getPlaceCountryHistoryRequest xmlns:v1="http://fidus.brussels/service/countryservice/messages/v1">
         <v1:messageContext>
            <v11:messageId xmlns:v11="http://fidus.brussels/type/common/messages/v1">504da2d0-a96a-41e9-b3dd-3c1f56039568</v11:messageId>
            <!--Optional:-->
            <v11:timestamp xmlns:v11="http://fidus.brussels/type/common/messages/v1">2016-11-08T11:31:07.809</v11:timestamp>
         </v1:messageContext>
         <v1:legalContext>ServiceIntegrator</v1:legalContext>
         <v1:request>
            <v12:iso-alpha2 xmlns:v12="http://fsb.belgium.be/mappingServices/countryService/messages/v1_00">NL</v12:iso-alpha2>
            <!--Optional:-->
            <v12:referenceDate xmlns:v12="http://fsb.belgium.be/mappingServices/countryService/messages/v1_00">2016-10-10</v12:referenceDate>
         </v1:request>
      </v1:getPlaceCountryHistoryRequest>
   </soapenv:Body>
</soapenv:Envelope>]]></con:request><con:credentials><con:selectedAuthProfile>Basic</con:selectedAuthProfile><con:addedBasicAuthenticationTypes>Basic</con:addedBasicAuthenticationTypes><con:authType>Global HTTP Settings</con:authType></con:credentials><con:jmsConfig JMSDeliveryMode="PERSISTENT"/><con:jmsPropertyConfig/><con:wsaConfig mustUnderstand="NONE" version="200508" action="http://fidus.brussels/services/countryservice/getPlaceCountryHistory"/><con:wsrmConfig version="1.2"/></con:call></con:operation></con:interface><con:testSuite id="2942f522-7a0d-423e-a0ce-252d7a747559" name="TEST"><con:settings/><con:runType>SEQUENTIAL</con:runType><con:testCase id="f791fea0-bf7d-458b-abbc-b3f6d5ad6d50" failOnError="true" failTestCaseOnErrors="true" keepSession="false" maxResults="0" name="getAddressCountries" searchProperties="true"><con:settings/><con:testStep type="request" id="8caa6d65-f145-4573-81d8-86509fcb969c" name="testcase03 - Test Worker1 - Request"><con:settings/><con:config xsi:type="con:RequestStep" xmlns:xsi="http://www.w3.org/2001/XMLSchema-instance"><con:interface>CountryServiceHTTPBinding</con:interface><con:operation>getAddressCountries</con:operation><con:request name="testcase03 - Test Worker1 - Request" id="db72f27e-2853-43f8-b4f7-fc0d1ccb83d4" outgoingWss="Outflow TEST"><con:settings/><con:encoding>UTF-8</con:encoding><con:endpoint>https://192.168.24.45:8443/services/CountryService_v1.0</con:endpoint><con:request><![CDATA[<soapenv:Envelope xmlns:soapenv="http://schemas.xmlsoap.org/soap/envelope/" xmlns:v1="http://fidus.brussels/service/countryservice/messages/v1" xmlns:v11="http://fidus.brussels/type/common/messages/v1">
   <soapenv:Header/>
   <soapenv:Body>
      <v1:getAddressCountriesRequest>
         <v1:messageContext>
            <v11:messageId>${=import static java.util.UUID.randomUUID; uuid = randomUUID() as String}</v11:messageId>
            <!--Optional:-->
            <v11:timestamp>${=new java.text.SimpleDateFormat("yyyy-MM-dd'T'HH:mm:ss.SSS").format(new Date())}</v11:timestamp>
         </v1:messageContext>
         <v1:legalContext>ServiceIntegrator</v1:legalContext>
         <v1:request>
            <!--Optional:-->
            <v1:referenceDate>2016-10-10</v1:referenceDate>
         </v1:request>
      </v1:getAddressCountriesRequest>
   </soapenv:Body>
</soapenv:Envelope>]]></con:request><con:assertion type="SOAP Fault Assertion" id="c20becd0-ad6d-44fc-8d6a-7d5d9904c12a" name="Not SOAP Fault"/><con:assertion type="SOAP Response" id="ff6013c8-8ad2-4fe5-9eb5-1fe24cab380d" name="SOAP Response"/><con:assertion type="Schema Compliance" id="c67f36a5-ac3f-4029-bd14-558fab215542" name="Schema Compliance"><con:configuration/></con:assertion><con:wsaConfig action="http://fidus.brussels/services/countryservice/getAddressCountries"/></con:request></con:config></con:testStep><con:testStep type="request" id="a5e83bd4-6d97-4e32-af4a-09049a80e8c3" name="testcase03 - Test Worker2 - Request"><con:settings/><con:config xsi:type="con:RequestStep" xmlns:xsi="http://www.w3.org/2001/XMLSchema-instance"><con:interface>CountryServiceHTTPBinding</con:interface><con:operation>getAddressCountries</con:operation><con:request name="testcase03 - Test Worker2 - Request" id="76b671bc-56d8-45ad-969c-e7773fedb264" outgoingWss="Outflow TEST"><con:settings/><con:encoding>UTF-8</con:encoding><con:endpoint>https://192.168.24.51:8443/services/CountryService_v1.0</con:endpoint><con:request><![CDATA[<soapenv:Envelope xmlns:soapenv="http://schemas.xmlsoap.org/soap/envelope/" xmlns:v1="http://fidus.brussels/service/countryservice/messages/v1" xmlns:v11="http://fidus.brussels/type/common/messages/v1">
   <soapenv:Header/>
   <soapenv:Body>
      <v1:getAddressCountriesRequest>
         <v1:messageContext>
            <v11:messageId>${=import static java.util.UUID.randomUUID; uuid = randomUUID() as String}</v11:messageId>
            <!--Optional:-->
            <v11:timestamp>${=new java.text.SimpleDateFormat("yyyy-MM-dd'T'HH:mm:ss.SSS").format(new Date())}</v11:timestamp>
         </v1:messageContext>
         <v1:legalContext>ServiceIntegrator</v1:legalContext>
         <v1:request>
            <!--Optional:-->
            <v1:referenceDate>2016-10-10</v1:referenceDate>
         </v1:request>
      </v1:getAddressCountriesRequest>
   </soapenv:Body>
</soapenv:Envelope>]]></con:request><con:assertion type="SOAP Fault Assertion" id="1c79d897-cd46-45aa-8cf0-317c8cf93502" name="Not SOAP Fault"/><con:assertion type="SOAP Response" id="20bca642-1f88-4054-bfde-027801da3117" name="SOAP Response"/><con:assertion type="Schema Compliance" id="67b4c778-d6c5-4a4b-b82c-d2d5c5f90028" name="Schema Compliance"><con:configuration/></con:assertion><con:wsaConfig action="http://fidus.brussels/services/countryservice/getAddressCountries"/></con:request></con:config></con:testStep><con:testStep type="request" id="3533f0a1-30f0-49d5-b651-06bd9526aee2" name="testcase03 - Test External - Request"><con:settings/><con:config xsi:type="con:RequestStep" xmlns:xsi="http://www.w3.org/2001/XMLSchema-instance"><con:interface>CountryServiceHTTPBinding</con:interface><con:operation>getAddressCountries</con:operation><con:request name="testcase03 - Test External - Request" id="8c8586d8-668e-47dc-8a3b-258b6ac0d9f6" outgoingWss="Outflow TEST"><con:settings/><con:encoding>UTF-8</con:encoding><con:endpoint>https://fidus.irisnetlab.be/services/CountryService_v1.0</con:endpoint><con:request><![CDATA[<soapenv:Envelope xmlns:soapenv="http://schemas.xmlsoap.org/soap/envelope/" xmlns:v1="http://fidus.brussels/service/countryservice/messages/v1" xmlns:v11="http://fidus.brussels/type/common/messages/v1">
   <soapenv:Header/>
   <soapenv:Body>
      <v1:getAddressCountriesRequest>
         <v1:messageContext>
            <v11:messageId>${=import static java.util.UUID.randomUUID; uuid = randomUUID() as String}</v11:messageId>
            <!--Optional:-->
            <v11:timestamp>${=new java.text.SimpleDateFormat("yyyy-MM-dd'T'HH:mm:ss.SSS").format(new Date())}</v11:timestamp>
         </v1:messageContext>
         <v1:legalContext>ServiceIntegrator</v1:legalContext>
         <v1:request>
            <!--Optional:-->
            <v1:referenceDate>2016-10-10</v1:referenceDate>
         </v1:request>
      </v1:getAddressCountriesRequest>
   </soapenv:Body>
</soapenv:Envelope>]]></con:request><con:assertion type="SOAP Fault Assertion" id="7e8bcd57-f7f3-44b0-aa3c-b6c3c3d71215" name="Not SOAP Fault"/><con:assertion type="SOAP Response" id="98c7ce58-fd27-4e4d-9536-14081d45ccac" name="SOAP Response"/><con:assertion type="Schema Compliance" id="d825ff46-9eec-4a37-80f5-4e1aa2da5c57" name="Schema Compliance"><con:configuration/></con:assertion><con:wsaConfig action="http://fidus.brussels/services/countryservice/getAddressCountries"/></con:request></con:config></con:testStep><con:testStep type="request" id="92e0cde3-4ee0-487e-8bcf-541d1bb0251e" name="testcase03 - Test LB - Request"><con:settings/><con:config xsi:type="con:RequestStep" xmlns:xsi="http://www.w3.org/2001/XMLSchema-instance"><con:interface>CountryServiceHTTPBinding</con:interface><con:operation>getAddressCountries</con:operation><con:request name="testcase03 - Test LB - Request" id="ee217d16-de7f-48a1-a4f1-57b87e5abf6c" outgoingWss="Outflow TEST"><con:settings/><con:encoding>UTF-8</con:encoding><con:endpoint>https://fidus-esb-sg.sta.srv.cirb.lan:8443/services/CountryService_v1.0</con:endpoint><con:request><![CDATA[<soapenv:Envelope xmlns:soapenv="http://schemas.xmlsoap.org/soap/envelope/" xmlns:v1="http://fidus.brussels/service/countryservice/messages/v1" xmlns:v11="http://fidus.brussels/type/common/messages/v1">
   <soapenv:Header/>
   <soapenv:Body>
      <v1:getAddressCountriesRequest>
         <v1:messageContext>
            <v11:messageId>${=import static java.util.UUID.randomUUID; uuid = randomUUID() as String}</v11:messageId>
            <!--Optional:-->
            <v11:timestamp>${=new java.text.SimpleDateFormat("yyyy-MM-dd'T'HH:mm:ss.SSS").format(new Date())}</v11:timestamp>
         </v1:messageContext>
         <v1:legalContext>ServiceIntegrator</v1:legalContext>
         <v1:request>
            <!--Optional:-->
            <v1:referenceDate>2016-10-10</v1:referenceDate>
         </v1:request>
      </v1:getAddressCountriesRequest>
   </soapenv:Body>
</soapenv:Envelope>]]></con:request><con:assertion type="SOAP Fault Assertion" id="ee82972d-40fb-43c0-b38e-78f8fb542679" name="Not SOAP Fault"/><con:assertion type="SOAP Response" id="2505de61-047d-4889-a0b5-1e362efc12a8" name="SOAP Response"/><con:assertion type="Schema Compliance" id="c4e22139-7b9d-468f-9072-9e51ed213434" name="Schema Compliance"><con:configuration/></con:assertion><con:wsaConfig action="http://fidus.brussels/services/countryservice/getAddressCountries"/></con:request></con:config></con:testStep><con:properties/></con:testCase><con:testCase id="e5aea8a8-96b5-49f5-b480-3908e44d06c8" failOnError="true" failTestCaseOnErrors="true" keepSession="false" maxResults="0" name="getAddressCountry" searchProperties="true"><con:settings/><con:testStep type="request" id="32ceb642-9e20-4992-89ef-d7d2012ef5a6" name="testcase03 - Test External - Request"><con:settings/><con:config xsi:type="con:RequestStep" xmlns:xsi="http://www.w3.org/2001/XMLSchema-instance"><con:interface>CountryServiceHTTPBinding</con:interface><con:operation>getAddressCountry</con:operation><con:request name="testcase03 - Test External - Request" id="68497887-9344-48a7-bab0-6f28b34fc14d" outgoingWss="Outflow TEST"><con:settings/><con:encoding>UTF-8</con:encoding><con:endpoint>https://fidus-test.irisnetlab.be/services/CountryService_v1.0</con:endpoint><con:request><![CDATA[<soapenv:Envelope xmlns:soapenv="http://schemas.xmlsoap.org/soap/envelope/" xmlns:v1="http://fidus.brussels/service/countryservice/messages/v1" xmlns:v11="http://fidus.brussels/type/common/messages/v1" xmlns:v12="http://fsb.belgium.be/mappingServices/countryService/messages/v1_00">
   <soapenv:Header/>
   <soapenv:Body>
      <v1:getAddressCountryRequest>
         <v1:messageContext>
            <v11:messageId>${=import static java.util.UUID.randomUUID; uuid = randomUUID() as String}</v11:messageId>
            <!--Optional:-->
            <v11:timestamp>${=new java.text.SimpleDateFormat("yyyy-MM-dd'T'HH:mm:ss.SSS").format(new Date())}</v11:timestamp>
         </v1:messageContext>
         <v1:legalContext>ServiceIntegrator</v1:legalContext>
         <v1:request>
            <!--You have a CHOICE of the next 4 items at this level-->
            <v12:iso-alpha2>BE</v12:iso-alpha2>
            <!--<v12:iso-alpha3 startDate="?" endDate="?" status="?">?</v12:iso-alpha3>-->
            <!--<v12:iso-num3 startDate="?" endDate="?" status="?">?</v12:iso-num3>-->
            <!--<v12:nis-num3 startDate="?" endDate="?" status="?">?</v12:nis-num3>-->
         </v1:request>
      </v1:getAddressCountryRequest>
   </soapenv:Body>
</soapenv:Envelope>]]></con:request><con:assertion type="SOAP Fault Assertion" id="c3a8031a-8895-4f8c-8997-faf84c8ce27b" name="Not SOAP Fault"/><con:assertion type="SOAP Response" id="4af0195b-a0a7-4d6d-8afa-656f78316f61" name="SOAP Response"/><con:assertion type="Schema Compliance" id="32149a20-22b4-4a6c-8552-2466aefcce3b" name="Schema Compliance"><con:configuration/></con:assertion><con:wsaConfig action="http://fidus.brussels/services/countryservice/getAddressCountry"/></con:request></con:config></con:testStep><con:testStep type="request" id="4abf4ab7-3755-44bd-baa7-1060ab4f7bfd" name="testcase03 - Test LB - Request"><con:settings/><con:config xsi:type="con:RequestStep" xmlns:xsi="http://www.w3.org/2001/XMLSchema-instance"><con:interface>CountryServiceHTTPBinding</con:interface><con:operation>getAddressCountry</con:operation><con:request name="testcase03 - Test LB - Request" id="3cc608c6-c0e9-4046-96bf-ec7006f1efe3" outgoingWss="Outflow TEST"><con:settings/><con:encoding>UTF-8</con:encoding><con:endpoint>https://fidus-esb-sg.sta.srv.cirb.lan:8443/services/CountryService_v1.0</con:endpoint><con:request><![CDATA[<soapenv:Envelope xmlns:soapenv="http://schemas.xmlsoap.org/soap/envelope/" xmlns:v1="http://fidus.brussels/service/countryservice/messages/v1" xmlns:v11="http://fidus.brussels/type/common/messages/v1" xmlns:v12="http://fsb.belgium.be/mappingServices/countryService/messages/v1_00">
   <soapenv:Header/>
   <soapenv:Body>
      <v1:getAddressCountryRequest>
         <v1:messageContext>
            <v11:messageId>${=import static java.util.UUID.randomUUID; uuid = randomUUID() as String}</v11:messageId>
            <!--Optional:-->
            <v11:timestamp>${=new java.text.SimpleDateFormat("yyyy-MM-dd'T'HH:mm:ss.SSS").format(new Date())}</v11:timestamp>
         </v1:messageContext>
         <v1:legalContext>ServiceIntegrator</v1:legalContext>
         <v1:request>
            <!--You have a CHOICE of the next 4 items at this level-->
            <v12:iso-alpha2>BE</v12:iso-alpha2>
            <!--<v12:iso-alpha3 startDate="?" endDate="?" status="?">?</v12:iso-alpha3>-->
            <!--<v12:iso-num3 startDate="?" endDate="?" status="?">?</v12:iso-num3>-->
            <!--<v12:nis-num3 startDate="?" endDate="?" status="?">?</v12:nis-num3>-->
         </v1:request>
      </v1:getAddressCountryRequest>
   </soapenv:Body>
</soapenv:Envelope>]]></con:request><con:assertion type="SOAP Fault Assertion" id="4e10f2f3-30a6-4763-a9d3-9d187a1e3ef7" name="Not SOAP Fault"/><con:assertion type="SOAP Response" id="9c5742e0-b633-481d-bdba-0116be85f9ab" name="SOAP Response"/><con:assertion type="Schema Compliance" id="06767b2d-abda-451d-b76e-2fcdb019cbc7" name="Schema Compliance"><con:configuration/></con:assertion><con:wsaConfig action="http://fidus.brussels/services/countryservice/getAddressCountry"/></con:request></con:config></con:testStep><con:testStep type="request" id="ffc0e15d-221e-4fb5-ac52-e1176099c5a7" name="testcase03 - Test Worker1 - Request"><con:settings/><con:config xsi:type="con:RequestStep" xmlns:xsi="http://www.w3.org/2001/XMLSchema-instance"><con:interface>CountryServiceHTTPBinding</con:interface><con:operation>getAddressCountry</con:operation><con:request name="testcase03 - Test Worker1 - Request" id="2541e443-a3de-4ba0-8fde-cf42363f6f15" outgoingWss="Outflow TEST"><con:settings/><con:encoding>UTF-8</con:encoding><con:endpoint>https://192.168.24.45:8443/services/CountryService_v1.0</con:endpoint><con:request><![CDATA[<soapenv:Envelope xmlns:soapenv="http://schemas.xmlsoap.org/soap/envelope/" xmlns:v1="http://fidus.brussels/service/countryservice/messages/v1" xmlns:v11="http://fidus.brussels/type/common/messages/v1" xmlns:v12="http://fsb.belgium.be/mappingServices/countryService/messages/v1_00">
   <soapenv:Header/>
   <soapenv:Body>
      <v1:getAddressCountryRequest>
         <v1:messageContext>
            <v11:messageId>${=import static java.util.UUID.randomUUID; uuid = randomUUID() as String}</v11:messageId>
            <!--Optional:-->
            <v11:timestamp>${=new java.text.SimpleDateFormat("yyyy-MM-dd'T'HH:mm:ss.SSS").format(new Date())}</v11:timestamp>
         </v1:messageContext>
         <v1:legalContext>ServiceIntegrator</v1:legalContext>
         <v1:request>
            <!--You have a CHOICE of the next 4 items at this level-->
            <v12:iso-alpha2>BE</v12:iso-alpha2>
            <!--<v12:iso-alpha3 startDate="?" endDate="?" status="?">?</v12:iso-alpha3>-->
            <!--<v12:iso-num3 startDate="?" endDate="?" status="?">?</v12:iso-num3>-->
            <!--<v12:nis-num3 startDate="?" endDate="?" status="?">?</v12:nis-num3>-->
         </v1:request>
      </v1:getAddressCountryRequest>
   </soapenv:Body>
</soapenv:Envelope>]]></con:request><con:assertion type="SOAP Fault Assertion" id="2ea9a6ac-3ba5-4994-8f1c-c2c81b05dcfe" name="Not SOAP Fault"/><con:assertion type="SOAP Response" id="2bea65ad-5c8d-4d47-8d09-ff379e8004ce" name="SOAP Response"/><con:assertion type="Schema Compliance" id="77a83c65-bb3c-4b1f-be19-cf754ed78ee9" name="Schema Compliance"><con:configuration/></con:assertion><con:wsaConfig action="http://fidus.brussels/services/countryservice/getAddressCountry"/></con:request></con:config></con:testStep><con:testStep type="request" id="30e8941b-430d-4e96-bd91-6b985ffeb77e" name="testcase03 - Test Worker2 - Request"><con:settings/><con:config xsi:type="con:RequestStep" xmlns:xsi="http://www.w3.org/2001/XMLSchema-instance"><con:interface>CountryServiceHTTPBinding</con:interface><con:operation>getAddressCountry</con:operation><con:request name="testcase03 - Test Worker2 - Request" id="bb6b1212-1cc2-4b8b-a5fa-ddddf0619f59" outgoingWss="Outflow TEST"><con:settings/><con:encoding>UTF-8</con:encoding><con:endpoint>https://192.168.24.51:8443/services/CountryService_v1.0</con:endpoint><con:request><![CDATA[<soapenv:Envelope xmlns:soapenv="http://schemas.xmlsoap.org/soap/envelope/" xmlns:v1="http://fidus.brussels/service/countryservice/messages/v1" xmlns:v11="http://fidus.brussels/type/common/messages/v1" xmlns:v12="http://fsb.belgium.be/mappingServices/countryService/messages/v1_00">
   <soapenv:Header/>
   <soapenv:Body>
      <v1:getAddressCountryRequest>
         <v1:messageContext>
            <v11:messageId>${=import static java.util.UUID.randomUUID; uuid = randomUUID() as String}</v11:messageId>
            <!--Optional:-->
            <v11:timestamp>${=new java.text.SimpleDateFormat("yyyy-MM-dd'T'HH:mm:ss.SSS").format(new Date())}</v11:timestamp>
         </v1:messageContext>
         <v1:legalContext>ServiceIntegrator</v1:legalContext>
         <v1:request>
            <!--You have a CHOICE of the next 4 items at this level-->
            <v12:iso-alpha2>BE</v12:iso-alpha2>
            <!--<v12:iso-alpha3 startDate="?" endDate="?" status="?">?</v12:iso-alpha3>-->
            <!--<v12:iso-num3 startDate="?" endDate="?" status="?">?</v12:iso-num3>-->
            <!--<v12:nis-num3 startDate="?" endDate="?" status="?">?</v12:nis-num3>-->
         </v1:request>
      </v1:getAddressCountryRequest>
   </soapenv:Body>
</soapenv:Envelope>]]></con:request><con:assertion type="SOAP Fault Assertion" id="6e02be54-d1df-496e-bfb8-a416bf77c71d" name="Not SOAP Fault"/><con:assertion type="SOAP Response" id="4ab7f1d5-22dd-4312-a7a3-ce38e0d7cb6c" name="SOAP Response"/><con:assertion type="Schema Compliance" id="894937b5-e857-4624-a21d-8e029e258b9e" name="Schema Compliance"><con:configuration/></con:assertion><con:wsaConfig action="http://fidus.brussels/services/countryservice/getAddressCountry"/></con:request></con:config></con:testStep><con:properties/></con:testCase><con:testCase id="ea57ba05-e052-4128-93ad-041ddc5082e1" failOnError="true" failTestCaseOnErrors="true" keepSession="false" maxResults="0" name="getAddressCountryHistory" searchProperties="true"><con:settings/><con:testStep type="request" id="794040a1-3113-4f76-bf82-e16113f23026" name="testcase03 - Test External - Request"><con:settings/><con:config xsi:type="con:RequestStep" xmlns:xsi="http://www.w3.org/2001/XMLSchema-instance"><con:interface>CountryServiceHTTPBinding</con:interface><con:operation>getAddressCountryHistory</con:operation><con:request name="testcase03 - Test External - Request" id="956eb03e-01be-4729-ab38-a85c114ab70b" outgoingWss="Outflow TEST"><con:settings/><con:encoding>UTF-8</con:encoding><con:endpoint>https://fidus.irisnetlab.be/services/CountryService_v1.0</con:endpoint><con:request><![CDATA[<soapenv:Envelope xmlns:soapenv="http://schemas.xmlsoap.org/soap/envelope/" xmlns:v1="http://fidus.brussels/service/countryservice/messages/v1" xmlns:v11="http://fidus.brussels/type/common/messages/v1" xmlns:v12="http://fsb.belgium.be/mappingServices/countryService/messages/v1_00">
   <soapenv:Header/>
   <soapenv:Body>
      <v1:getAddressCountryHistoryRequest>
         <v1:messageContext>
            <v11:messageId>${=import static java.util.UUID.randomUUID; uuid = randomUUID() as String}</v11:messageId>
            <v11:timestamp>${=new java.text.SimpleDateFormat("yyyy-MM-dd'T'HH:mm:ss.SSS").format(new Date())}</v11:timestamp>
         </v1:messageContext>
         <v1:legalContext>ServiceIntegrator</v1:legalContext>
         <v1:request>
            <v12:iso-alpha2>FR</v12:iso-alpha2>
            <v12:referenceDate>2016-10-10</v12:referenceDate>
         </v1:request>
      </v1:getAddressCountryHistoryRequest>
   </soapenv:Body>
</soapenv:Envelope>]]></con:request><con:assertion type="SOAP Fault Assertion" id="b39ed878-8365-4306-b957-2bf12dec1f57" name="Not SOAP Fault"/><con:assertion type="SOAP Response" id="fb60a158-2e23-4dcf-886d-9684dfff7b94" name="SOAP Response"/><con:assertion type="Schema Compliance" id="74e5be89-deab-4de7-9355-eefe719d8351" name="Schema Compliance"><con:configuration/></con:assertion><con:wsaConfig action="http://fidus.brussels/services/countryservice/getAddressCountryHistory"/></con:request></con:config></con:testStep><con:testStep type="request" id="dd643941-50f1-471f-9565-07ecb4e4eb3d" name="testcase03 - Test LB - Request"><con:settings/><con:config xsi:type="con:RequestStep" xmlns:xsi="http://www.w3.org/2001/XMLSchema-instance"><con:interface>CountryServiceHTTPBinding</con:interface><con:operation>getAddressCountryHistory</con:operation><con:request name="testcase03 - Test LB - Request" id="e61a3a32-5796-40f5-b32b-8083858d6f83" outgoingWss="Outflow TEST"><con:settings/><con:encoding>UTF-8</con:encoding><con:endpoint>https://fidus-esb-sg.sta.srv.cirb.lan:8443/services/CountryService_v1.0</con:endpoint><con:request><![CDATA[<soapenv:Envelope xmlns:soapenv="http://schemas.xmlsoap.org/soap/envelope/" xmlns:v1="http://fidus.brussels/service/countryservice/messages/v1" xmlns:v11="http://fidus.brussels/type/common/messages/v1" xmlns:v12="http://fsb.belgium.be/mappingServices/countryService/messages/v1_00">
   <soapenv:Header/>
   <soapenv:Body>
      <v1:getAddressCountryHistoryRequest>
         <v1:messageContext>
            <v11:messageId>${=import static java.util.UUID.randomUUID; uuid = randomUUID() as String}</v11:messageId>
            <v11:timestamp>${=new java.text.SimpleDateFormat("yyyy-MM-dd'T'HH:mm:ss.SSS").format(new Date())}</v11:timestamp>
         </v1:messageContext>
         <v1:legalContext>ServiceIntegrator</v1:legalContext>
         <v1:request>
            <v12:iso-alpha2>BE</v12:iso-alpha2>
            <v12:referenceDate>2016-10-10</v12:referenceDate>
         </v1:request>
      </v1:getAddressCountryHistoryRequest>
   </soapenv:Body>
</soapenv:Envelope>]]></con:request><con:assertion type="SOAP Fault Assertion" id="106742d8-554d-48b9-9ad4-c14ad405cf44" name="Not SOAP Fault"/><con:assertion type="SOAP Response" id="4adfaff7-7d74-4bf9-a12d-60c359e8f181" name="SOAP Response"/><con:assertion type="Schema Compliance" id="6fb533f9-a931-40a9-a3a4-0dc3f5d30c47" name="Schema Compliance"><con:configuration/></con:assertion><con:wsaConfig action="http://fidus.brussels/services/countryservice/getAddressCountryHistory"/></con:request></con:config></con:testStep><con:testStep type="request" id="7cb112e5-3dc6-40f6-bf4e-2be00398df41" name="testcase03 - Test Worker1 - Request"><con:settings/><con:config xsi:type="con:RequestStep" xmlns:xsi="http://www.w3.org/2001/XMLSchema-instance"><con:interface>CountryServiceHTTPBinding</con:interface><con:operation>getAddressCountryHistory</con:operation><con:request name="testcase03 - Test Worker1 - Request" id="3ae4dedb-894b-4df1-8950-8f0a4ca50896" outgoingWss="Outflow TEST"><con:settings/><con:encoding>UTF-8</con:encoding><con:endpoint>https://192.168.24.45:8443/services/CountryService_v1.0</con:endpoint><con:request><![CDATA[<soapenv:Envelope xmlns:soapenv="http://schemas.xmlsoap.org/soap/envelope/" xmlns:v1="http://fidus.brussels/service/countryservice/messages/v1" xmlns:v11="http://fidus.brussels/type/common/messages/v1" xmlns:v12="http://fsb.belgium.be/mappingServices/countryService/messages/v1_00">
   <soapenv:Header/>
   <soapenv:Body>
      <v1:getAddressCountryHistoryRequest>
         <v1:messageContext>
            <v11:messageId>${=import static java.util.UUID.randomUUID; uuid = randomUUID() as String}</v11:messageId>
            <!--Optional:-->
            <v11:timestamp>${=new java.text.SimpleDateFormat("yyyy-MM-dd'T'HH:mm:ss.SSS").format(new Date())}</v11:timestamp>
         </v1:messageContext>
         <v1:legalContext>ServiceIntegrator</v1:legalContext>
         <v1:request>
            <v12:iso-alpha2>NL</v12:iso-alpha2>
            <!--Optional:-->
            
         </v1:request>
      </v1:getAddressCountryHistoryRequest>
   </soapenv:Body>
</soapenv:Envelope>]]></con:request><con:assertion type="SOAP Fault Assertion" id="f8dcd951-b6e4-443b-a848-dd119136feec" name="Not SOAP Fault"/><con:assertion type="SOAP Response" id="17d5a519-acdb-4de8-8a00-962fddd88525" name="SOAP Response"/><con:assertion type="Schema Compliance" id="56895d14-004b-4815-acb6-b36e67470a1e" name="Schema Compliance"><con:configuration/></con:assertion><con:wsaConfig action="http://fidus.brussels/services/countryservice/getAddressCountryHistory"/></con:request></con:config></con:testStep><con:testStep type="request" id="37d72b62-f7ed-4e7b-84c5-aee535dc7bfa" name="testcase03 - Test Worker2 - Request"><con:settings/><con:config xsi:type="con:RequestStep" xmlns:xsi="http://www.w3.org/2001/XMLSchema-instance"><con:interface>CountryServiceHTTPBinding</con:interface><con:operation>getAddressCountryHistory</con:operation><con:request name="testcase03 - Test Worker2 - Request" id="40344982-1aab-471c-99ac-192abe6d805f" outgoingWss="Outflow TEST"><con:settings/><con:encoding>UTF-8</con:encoding><con:endpoint>https://192.168.24.51:8443/services/CountryService_v1.0</con:endpoint><con:request><![CDATA[<soapenv:Envelope xmlns:soapenv="http://schemas.xmlsoap.org/soap/envelope/" xmlns:v1="http://fidus.brussels/service/countryservice/messages/v1" xmlns:v11="http://fidus.brussels/type/common/messages/v1" xmlns:v12="http://fsb.belgium.be/mappingServices/countryService/messages/v1_00">
   <soapenv:Header/>
   <soapenv:Body>
      <v1:getAddressCountryHistoryRequest>
         <v1:messageContext>
            <v11:messageId>${=import static java.util.UUID.randomUUID; uuid = randomUUID() as String}</v11:messageId>
            <v11:timestamp>${=new java.text.SimpleDateFormat("yyyy-MM-dd'T'HH:mm:ss.SSS").format(new Date())}</v11:timestamp>
         </v1:messageContext>
         <v1:legalContext>ServiceIntegrator</v1:legalContext>
         <v1:request>
            <v12:iso-alpha2>AU</v12:iso-alpha2>
            <v12:referenceDate>2016-10-10</v12:referenceDate>
         </v1:request>
      </v1:getAddressCountryHistoryRequest>
   </soapenv:Body>
</soapenv:Envelope>]]></con:request><con:assertion type="SOAP Fault Assertion" id="06d6e093-909c-4961-bef9-6142896c734e" name="Not SOAP Fault"/><con:assertion type="SOAP Response" id="e1947760-5ef1-4254-a1c9-12e841cc6f5a" name="SOAP Response"/><con:assertion type="Schema Compliance" id="4708dd9d-8b7a-438b-8674-4e5c0cb3fef4" name="Schema Compliance"><con:configuration/></con:assertion><con:wsaConfig action="http://fidus.brussels/services/countryservice/getAddressCountryHistory"/></con:request></con:config></con:testStep><con:properties/></con:testCase><con:testCase id="f68c897a-a1a0-4857-81a4-11b84c8fd5bf" failOnError="true" failTestCaseOnErrors="true" keepSession="false" maxResults="0" name="getAllIsoCodes" searchProperties="true"><con:settings/><con:testStep type="request" id="aa294356-48a0-4f75-a743-b474885c2681" name="testcase03 - Test Worker1 - Request"><con:settings/><con:config xsi:type="con:RequestStep" xmlns:xsi="http://www.w3.org/2001/XMLSchema-instance"><con:interface>CountryServiceHTTPBinding</con:interface><con:operation>getAllIsoCodes</con:operation><con:request name="testcase03 - Test Worker1 - Request" id="ea1d7824-69c4-4ea2-832b-09e7a2744245" outgoingWss="Outflow TEST"><con:settings/><con:encoding>UTF-8</con:encoding><con:endpoint>https://192.168.24.45:8443/services/CountryService_v1.0</con:endpoint><con:request><![CDATA[<soapenv:Envelope xmlns:soapenv="http://schemas.xmlsoap.org/soap/envelope/" xmlns:v1="http://fidus.brussels/service/countryservice/messages/v1" xmlns:v11="http://fidus.brussels/type/common/messages/v1">
   <soapenv:Header/>
   <soapenv:Body>
      <v1:getAllIsoCodesRequest>
         <v1:messageContext>
         	  <v11:messageId>${=import static java.util.UUID.randomUUID; uuid = randomUUID() as String}</v11:messageId>
            <v11:timestamp>${=new java.text.SimpleDateFormat("yyyy-MM-dd'T'HH:mm:ss.SSS").format(new Date())}</v11:timestamp>
         </v1:messageContext>
         <v1:legalContext>ServiceIntegrator</v1:legalContext>
         <v1:request>
            <!--Optional:-->
            <v1:referenceDate>2016-10-06</v1:referenceDate>
         </v1:request>
      </v1:getAllIsoCodesRequest>
   </soapenv:Body>
</soapenv:Envelope>]]></con:request><con:assertion type="SOAP Fault Assertion" id="ec3b32cf-69b8-4241-93f7-592032c9c266" name="Not SOAP Fault"/><con:assertion type="SOAP Response" id="d1617280-c407-4ffb-ae08-2a376a9c99b1" name="SOAP Response"/><con:assertion type="Schema Compliance" id="92e07243-55a0-4116-b2b0-4c2a71ccae6c" name="Schema Compliance"><con:configuration/></con:assertion><con:wsaConfig action="http://fidus.brussels/services/countryservice/getAllIsoCodes"/></con:request></con:config></con:testStep><con:testStep type="request" id="63676354-6d70-4c62-8c20-c7aadc98bf2d" name="testcase03 - Test External - Request"><con:settings/><con:config xsi:type="con:RequestStep" xmlns:xsi="http://www.w3.org/2001/XMLSchema-instance"><con:interface>CountryServiceHTTPBinding</con:interface><con:operation>getAllIsoCodes</con:operation><con:request name="testcase03 - Test External - Request" id="ad9be96d-2795-449b-87ca-ab7433ade184" outgoingWss="Outflow TEST"><con:settings/><con:encoding>UTF-8</con:encoding><con:endpoint>https://fidus.irisnetlab.be/services/CountryService_v1.0</con:endpoint><con:request><![CDATA[<soapenv:Envelope xmlns:soapenv="http://schemas.xmlsoap.org/soap/envelope/" xmlns:v1="http://fidus.brussels/service/countryservice/messages/v1" xmlns:v11="http://fidus.brussels/type/common/messages/v1">
   <soapenv:Header/>
   <soapenv:Body>
      <v1:getAllIsoCodesRequest>
         <v1:messageContext>
         	  <v11:messageId>${=import static java.util.UUID.randomUUID; uuid = randomUUID() as String}</v11:messageId>
            <v11:timestamp>${=new java.text.SimpleDateFormat("yyyy-MM-dd'T'HH:mm:ss.SSS").format(new Date())}</v11:timestamp>
         </v1:messageContext>
         <v1:legalContext>ServiceIntegrator</v1:legalContext>
         <v1:request>
            <!--Optional:-->
            <v1:referenceDate>2016-10-06</v1:referenceDate>
         </v1:request>
      </v1:getAllIsoCodesRequest>
   </soapenv:Body>
</soapenv:Envelope>]]></con:request><con:assertion type="SOAP Fault Assertion" id="77ffe007-75ca-4f3a-a3b7-3f62f3b28f95" name="Not SOAP Fault"/><con:assertion type="SOAP Response" id="7c726feb-7a80-4a76-a7c0-6f81f72251f3" name="SOAP Response"/><con:assertion type="Schema Compliance" id="3964ed41-f219-435c-84ab-82d169122a35" name="Schema Compliance"><con:configuration/></con:assertion><con:wsaConfig action="http://fidus.brussels/services/countryservice/getAllIsoCodes"/></con:request></con:config></con:testStep><con:testStep type="request" id="87dcf752-ae1f-4593-9c65-bc15664a8fdf" name="testcase03 - Test LB - Request"><con:settings/><con:config xsi:type="con:RequestStep" xmlns:xsi="http://www.w3.org/2001/XMLSchema-instance"><con:interface>CountryServiceHTTPBinding</con:interface><con:operation>getAllIsoCodes</con:operation><con:request name="testcase03 - Test LB - Request" id="bd46c929-7a6e-4df3-a6fc-daf36cb229c7" outgoingWss="Outflow TEST"><con:settings/><con:encoding>UTF-8</con:encoding><con:endpoint>https://fidus-esb-sg.sta.srv.cirb.lan:8443/services/CountryService_v1.0</con:endpoint><con:request><![CDATA[<soapenv:Envelope xmlns:soapenv="http://schemas.xmlsoap.org/soap/envelope/" xmlns:v1="http://fidus.brussels/service/countryservice/messages/v1" xmlns:v11="http://fidus.brussels/type/common/messages/v1">
   <soapenv:Header/>
   <soapenv:Body>
      <v1:getAllIsoCodesRequest>
         <v1:messageContext>
         	  <v11:messageId>${=import static java.util.UUID.randomUUID; uuid = randomUUID() as String}</v11:messageId>
            <v11:timestamp>${=new java.text.SimpleDateFormat("yyyy-MM-dd'T'HH:mm:ss.SSS").format(new Date())}</v11:timestamp>
         </v1:messageContext>
         <v1:legalContext>ServiceIntegrator</v1:legalContext>
         <v1:request>
            <!--Optional:-->
            <v1:referenceDate>2016-10-06</v1:referenceDate>
         </v1:request>
      </v1:getAllIsoCodesRequest>
   </soapenv:Body>
</soapenv:Envelope>]]></con:request><con:assertion type="SOAP Fault Assertion" id="f1561386-a692-415f-b31f-9a73427065f9" name="Not SOAP Fault"/><con:assertion type="SOAP Response" id="f7cc8218-7c18-4af4-b7a4-b03aff6aa389" name="SOAP Response"/><con:assertion type="Schema Compliance" id="324a7aed-8e7a-447a-8656-a424f2a47c0a" name="Schema Compliance"><con:configuration/></con:assertion><con:wsaConfig action="http://fidus.brussels/services/countryservice/getAllIsoCodes"/></con:request></con:config></con:testStep><con:testStep type="request" id="194b703a-0aea-4391-8a0f-ba4c1a43c4c5" name="testcase03 - Test Worker2 - Request"><con:settings/><con:config xsi:type="con:RequestStep" xmlns:xsi="http://www.w3.org/2001/XMLSchema-instance"><con:interface>CountryServiceHTTPBinding</con:interface><con:operation>getAllIsoCodes</con:operation><con:request name="testcase03 - Test Worker2 - Request" id="ed0107c3-77f7-4d2a-889b-22804b31f775" outgoingWss="Outflow TEST"><con:settings/><con:encoding>UTF-8</con:encoding><con:endpoint>https://192.168.24.51:8443/services/CountryService_v1.0</con:endpoint><con:request><![CDATA[<soapenv:Envelope xmlns:soapenv="http://schemas.xmlsoap.org/soap/envelope/" xmlns:v1="http://fidus.brussels/service/countryservice/messages/v1" xmlns:v11="http://fidus.brussels/type/common/messages/v1">
   <soapenv:Header/>
   <soapenv:Body>
      <v1:getAllIsoCodesRequest>
         <v1:messageContext>
         	  <v11:messageId>${=import static java.util.UUID.randomUUID; uuid = randomUUID() as String}</v11:messageId>
            <v11:timestamp>${=new java.text.SimpleDateFormat("yyyy-MM-dd'T'HH:mm:ss.SSS").format(new Date())}</v11:timestamp>
         </v1:messageContext>
         <v1:legalContext>ServiceIntegrator</v1:legalContext>
         <v1:request>
            <!--Optional:-->
            <v1:referenceDate>2016-10-06</v1:referenceDate>
         </v1:request>
      </v1:getAllIsoCodesRequest>
   </soapenv:Body>
</soapenv:Envelope>]]></con:request><con:assertion type="SOAP Fault Assertion" id="a7cd83f9-d210-4d82-81c4-f38ed9847239" name="Not SOAP Fault"/><con:assertion type="SOAP Response" id="16fab1bc-678b-4a2f-8581-eeab93268417" name="SOAP Response"/><con:assertion type="Schema Compliance" id="94ce8bec-3f42-47e0-aa6e-ec1fc65b55dc" name="Schema Compliance"><con:configuration/></con:assertion><con:wsaConfig action="http://fidus.brussels/services/countryservice/getAllIsoCodes"/></con:request></con:config></con:testStep><con:properties/></con:testCase><con:testCase id="020aa947-5529-4f0e-b2a8-0b5c3f447a32" failOnError="true" failTestCaseOnErrors="true" keepSession="false" maxResults="0" name="getAllNisCodes" searchProperties="true"><con:settings/><con:testStep type="request" id="07fa1033-110b-4d09-90e4-ff2a3aed0b7e" name="testcase03 - Test External - Request"><con:settings/><con:config xsi:type="con:RequestStep" xmlns:xsi="http://www.w3.org/2001/XMLSchema-instance"><con:interface>CountryServiceHTTPBinding</con:interface><con:operation>getAllNisCodes</con:operation><con:request name="testcase03 - Test External - Request" id="48de6ce4-b3a7-48a2-b5ff-d3a7039341c2" outgoingWss="Outflow TEST"><con:settings/><con:encoding>UTF-8</con:encoding><con:endpoint>https://fidus.irisnetlab.be/services/CountryService_v1.0</con:endpoint><con:request><![CDATA[<soapenv:Envelope xmlns:soapenv="http://schemas.xmlsoap.org/soap/envelope/" xmlns:v1="http://fidus.brussels/service/countryservice/messages/v1" xmlns:v11="http://fidus.brussels/type/common/messages/v1">
   <soapenv:Header/>
   <soapenv:Body>
      <v1:getAllNisCodesRequest>
         <v1:messageContext>
            <v11:messageId>${=import static java.util.UUID.randomUUID; uuid = randomUUID() as String}</v11:messageId>            
            <v11:timestamp>${=new java.text.SimpleDateFormat("yyyy-MM-dd'T'HH:mm:ss.SSS").format(new Date())}</v11:timestamp>
         </v1:messageContext>
         <v1:legalContext>ServiceIntegrator</v1:legalContext>
         <v1:request>
            <!--Optional:-->
            <v1:referenceDate>2016-10-13</v1:referenceDate>
         </v1:request>
      </v1:getAllNisCodesRequest>
   </soapenv:Body>
</soapenv:Envelope>]]></con:request><con:assertion type="SOAP Fault Assertion" id="fb8f4ad7-0641-41a6-bec1-97620e997294" name="Not SOAP Fault"/><con:assertion type="SOAP Response" id="64c89213-04dc-4ade-9bb2-108dd6adcc7a" name="SOAP Response"/><con:assertion type="Schema Compliance" id="30e52550-460d-4953-bfed-f527a0483d2e" name="Schema Compliance"><con:configuration/></con:assertion><con:wsaConfig action="http://fidus.brussels/services/countryservice/getAllNisCodes"/></con:request></con:config></con:testStep><con:testStep type="request" id="e203da67-0ef8-4eae-b17a-3332a0bd7b48" name="testcase03 - Test LB - Request"><con:settings/><con:config xsi:type="con:RequestStep" xmlns:xsi="http://www.w3.org/2001/XMLSchema-instance"><con:interface>CountryServiceHTTPBinding</con:interface><con:operation>getAllNisCodes</con:operation><con:request name="testcase03 - Test LB - Request" id="99ec5506-6e05-48bd-bbe8-705600f2ccd1" outgoingWss="Outflow TEST"><con:settings/><con:encoding>UTF-8</con:encoding><con:endpoint>https://fidus-esb-sg.sta.srv.cirb.lan:8443/services/CountryService_v1.0</con:endpoint><con:request><![CDATA[<soapenv:Envelope xmlns:soapenv="http://schemas.xmlsoap.org/soap/envelope/" xmlns:v1="http://fidus.brussels/service/countryservice/messages/v1" xmlns:v11="http://fidus.brussels/type/common/messages/v1">
   <soapenv:Header/>
   <soapenv:Body>
      <v1:getAllNisCodesRequest>
         <v1:messageContext>
            <v11:messageId>${=import static java.util.UUID.randomUUID; uuid = randomUUID() as String}</v11:messageId>            
            <v11:timestamp>${=new java.text.SimpleDateFormat("yyyy-MM-dd'T'HH:mm:ss.SSS").format(new Date())}</v11:timestamp>
         </v1:messageContext>
         <v1:legalContext>ServiceIntegrator</v1:legalContext>
         <v1:request>
            <!--Optional:-->
            <v1:referenceDate>2016-10-13</v1:referenceDate>
         </v1:request>
      </v1:getAllNisCodesRequest>
   </soapenv:Body>
</soapenv:Envelope>]]></con:request><con:assertion type="SOAP Fault Assertion" id="41b0779e-9fa0-409a-944a-3ed695cac63d" name="Not SOAP Fault"/><con:assertion type="SOAP Response" id="59da137f-f25b-419f-9c64-817ecf97d67c" name="SOAP Response"/><con:assertion type="Schema Compliance" id="7d75c5de-1eb4-4154-86ae-436169bd9b9c" name="Schema Compliance"><con:configuration/></con:assertion><con:wsaConfig action="http://fidus.brussels/services/countryservice/getAllNisCodes"/></con:request></con:config></con:testStep><con:testStep type="request" id="c8aa86e7-d13e-4e55-91b8-c382804744b8" name="testcase03 - Test Worker1 - Request"><con:settings/><con:config xsi:type="con:RequestStep" xmlns:xsi="http://www.w3.org/2001/XMLSchema-instance"><con:interface>CountryServiceHTTPBinding</con:interface><con:operation>getAllNisCodes</con:operation><con:request name="testcase03 - Test Worker1 - Request" id="6683a64f-a005-4bf9-ac00-c224083952c4" outgoingWss="Outflow TEST"><con:settings/><con:encoding>UTF-8</con:encoding><con:endpoint>https://192.168.24.45:8443/services/CountryService_v1.0</con:endpoint><con:request><![CDATA[<soapenv:Envelope xmlns:soapenv="http://schemas.xmlsoap.org/soap/envelope/" xmlns:v1="http://fidus.brussels/service/countryservice/messages/v1" xmlns:v11="http://fidus.brussels/type/common/messages/v1">
   <soapenv:Header/>
   <soapenv:Body>
      <v1:getAllNisCodesRequest>
         <v1:messageContext>
            <v11:messageId>${=import static java.util.UUID.randomUUID; uuid = randomUUID() as String}</v11:messageId>            
            <v11:timestamp>${=new java.text.SimpleDateFormat("yyyy-MM-dd'T'HH:mm:ss.SSS").format(new Date())}</v11:timestamp>
         </v1:messageContext>
         <v1:legalContext>ServiceIntegrator</v1:legalContext>
         <v1:request>
            <!--Optional:-->
            <v1:referenceDate>2016-10-13</v1:referenceDate>
         </v1:request>
      </v1:getAllNisCodesRequest>
   </soapenv:Body>
</soapenv:Envelope>]]></con:request><con:assertion type="SOAP Fault Assertion" id="938c0edd-a42f-44b5-b421-74eebdd40316" name="Not SOAP Fault"/><con:assertion type="SOAP Response" id="48cae2fe-1c7a-4def-9f4a-d485143302f5" name="SOAP Response"/><con:assertion type="Schema Compliance" id="51a94fcf-469d-41cb-a730-75c1905573fd" name="Schema Compliance"><con:configuration/></con:assertion><con:wsaConfig action="http://fidus.brussels/services/countryservice/getAllNisCodes"/></con:request></con:config></con:testStep><con:testStep type="request" id="fa564f4c-feb4-40af-bb89-be187d04c94b" name="testcase03 - Test Worker2 - Request"><con:settings/><con:config xsi:type="con:RequestStep" xmlns:xsi="http://www.w3.org/2001/XMLSchema-instance"><con:interface>CountryServiceHTTPBinding</con:interface><con:operation>getAllNisCodes</con:operation><con:request name="testcase03 - Test Worker2 - Request" id="0c95bb7f-3508-4cd5-9eed-9460e28624c1" outgoingWss="Outflow TEST"><con:settings/><con:encoding>UTF-8</con:encoding><con:endpoint>https://192.168.24.51:8443/services/CountryService_v1.0</con:endpoint><con:request><![CDATA[<soapenv:Envelope xmlns:soapenv="http://schemas.xmlsoap.org/soap/envelope/" xmlns:v1="http://fidus.brussels/service/countryservice/messages/v1" xmlns:v11="http://fidus.brussels/type/common/messages/v1">
   <soapenv:Header/>
   <soapenv:Body>
      <v1:getAllNisCodesRequest>
         <v1:messageContext>
            <v11:messageId>${=import static java.util.UUID.randomUUID; uuid = randomUUID() as String}</v11:messageId>            
            <v11:timestamp>${=new java.text.SimpleDateFormat("yyyy-MM-dd'T'HH:mm:ss.SSS").format(new Date())}</v11:timestamp>
         </v1:messageContext>
         <v1:legalContext>ServiceIntegrator</v1:legalContext>
         <v1:request>
            <!--Optional:-->
            <v1:referenceDate>2016-10-13</v1:referenceDate>
         </v1:request>
      </v1:getAllNisCodesRequest>
   </soapenv:Body>
</soapenv:Envelope>]]></con:request><con:assertion type="SOAP Fault Assertion" id="0d4d1948-269a-4751-8481-cfe8de49b5e3" name="Not SOAP Fault"/><con:assertion type="SOAP Response" id="274fcc92-cb3d-46a5-bbae-c6755268e59c" name="SOAP Response"/><con:assertion type="Schema Compliance" id="6f18d836-3a91-4e47-80bd-16a1c0661447" name="Schema Compliance"><con:configuration/></con:assertion><con:wsaConfig action="http://fidus.brussels/services/countryservice/getAllNisCodes"/></con:request></con:config></con:testStep><con:properties/></con:testCase><con:testCase id="6429fdef-505a-4091-8ecd-f5c96af568a8" failOnError="true" failTestCaseOnErrors="true" keepSession="false" maxResults="0" name="getNationalities" searchProperties="true"><con:settings/><con:testStep type="request" id="aa0e185b-491b-41a7-963f-7bb3e4639edf" name="testcase03 - Test External - Request"><con:settings/><con:config xsi:type="con:RequestStep" xmlns:xsi="http://www.w3.org/2001/XMLSchema-instance"><con:interface>CountryServiceHTTPBinding</con:interface><con:operation>getNationalities</con:operation><con:request name="testcase03 - Test External - Request" id="fe08dd80-733a-4740-8aaf-9c7cab2eff69" outgoingWss="Outflow TEST"><con:settings/><con:encoding>UTF-8</con:encoding><con:endpoint>https://fidus.irisnetlab.be/services/CountryService_v1.0</con:endpoint><con:request><![CDATA[<soapenv:Envelope xmlns:soapenv="http://schemas.xmlsoap.org/soap/envelope/" xmlns:v1="http://fidus.brussels/service/countryservice/messages/v1" xmlns:v11="http://fidus.brussels/type/common/messages/v1">
   <soapenv:Header/>
   <soapenv:Body>
      <v1:getNationalitiesRequest>
         <v1:messageContext>
            <v11:messageId>${=import static java.util.UUID.randomUUID; uuid = randomUUID() as String}</v11:messageId>
            <!--Optional:-->
            <v11:timestamp>${=new java.text.SimpleDateFormat("yyyy-MM-dd'T'HH:mm:ss.SSS").format(new Date())}</v11:timestamp>
         </v1:messageContext>
         <v1:legalContext>ServiceIntegrator</v1:legalContext>
         <v1:request>
            <!--Optional:-->
            <v1:referenceDate>2016-10-13</v1:referenceDate>
         </v1:request>
      </v1:getNationalitiesRequest>
   </soapenv:Body>
</soapenv:Envelope>]]></con:request><con:assertion type="SOAP Fault Assertion" id="e3f98bb4-f99c-404d-8785-63ac9cbf0e25" name="Not SOAP Fault"/><con:assertion type="SOAP Response" id="c7d4eb0c-1461-4649-86dd-2715737a63d4" name="SOAP Response"/><con:assertion type="Schema Compliance" id="532dadda-d4e8-43aa-a7d5-d2d6af0c93dd" name="Schema Compliance"><con:configuration/></con:assertion><con:wsaConfig action="http://fidus.brussels/services/countryservice/getNationalities"/></con:request></con:config></con:testStep><con:testStep type="request" id="61f42b24-ff2f-4448-a4ab-01b1b917ff3c" name="testcase03 - Test LB - Request"><con:settings/><con:config xsi:type="con:RequestStep" xmlns:xsi="http://www.w3.org/2001/XMLSchema-instance"><con:interface>CountryServiceHTTPBinding</con:interface><con:operation>getNationalities</con:operation><con:request name="testcase03 - Test LB - Request" id="9ef1c9f1-bf5a-4539-a414-72b99680737a" outgoingWss="Outflow TEST"><con:settings/><con:encoding>UTF-8</con:encoding><con:endpoint>https://fidus-esb-sg.sta.srv.cirb.lan:8443/services/CountryService_v1.0</con:endpoint><con:request><![CDATA[<soapenv:Envelope xmlns:soapenv="http://schemas.xmlsoap.org/soap/envelope/" xmlns:v1="http://fidus.brussels/service/countryservice/messages/v1" xmlns:v11="http://fidus.brussels/type/common/messages/v1">
   <soapenv:Header/>
   <soapenv:Body>
      <v1:getNationalitiesRequest>
         <v1:messageContext>
            <v11:messageId>${=import static java.util.UUID.randomUUID; uuid = randomUUID() as String}</v11:messageId>
            <!--Optional:-->
            <v11:timestamp>${=new java.text.SimpleDateFormat("yyyy-MM-dd'T'HH:mm:ss.SSS").format(new Date())}</v11:timestamp>
         </v1:messageContext>
         <v1:legalContext>ServiceIntegrator</v1:legalContext>
         <v1:request>
            <!--Optional:-->
            <v1:referenceDate>2016-10-13</v1:referenceDate>
         </v1:request>
      </v1:getNationalitiesRequest>
   </soapenv:Body>
</soapenv:Envelope>]]></con:request><con:assertion type="SOAP Fault Assertion" id="fc833b74-4f09-4ec2-af92-15dd05348530" name="Not SOAP Fault"/><con:assertion type="SOAP Response" id="e31c1504-d4f8-4bab-8152-98d35fa198ee" name="SOAP Response"/><con:assertion type="Schema Compliance" id="0b306510-cc18-4c35-940e-8273c5ab647a" name="Schema Compliance"><con:configuration/></con:assertion><con:wsaConfig action="http://fidus.brussels/services/countryservice/getNationalities"/></con:request></con:config></con:testStep><con:testStep type="request" id="e40999f8-33ef-4494-8c82-31d44701bfb8" name="testcase03 - Test Worker1 - Request"><con:settings/><con:config xsi:type="con:RequestStep" xmlns:xsi="http://www.w3.org/2001/XMLSchema-instance"><con:interface>CountryServiceHTTPBinding</con:interface><con:operation>getNationalities</con:operation><con:request name="testcase03 - Test Worker1 - Request" id="8ee8fb90-9548-4043-b87d-5bc47a09072e" outgoingWss="Outflow TEST"><con:settings/><con:encoding>UTF-8</con:encoding><con:endpoint>https://192.168.24.45:8443/services/CountryService_v1.0</con:endpoint><con:request><![CDATA[<soapenv:Envelope xmlns:soapenv="http://schemas.xmlsoap.org/soap/envelope/" xmlns:v1="http://fidus.brussels/service/countryservice/messages/v1" xmlns:v11="http://fidus.brussels/type/common/messages/v1">
   <soapenv:Header/>
   <soapenv:Body>
      <v1:getNationalitiesRequest>
         <v1:messageContext>
            <v11:messageId>${=import static java.util.UUID.randomUUID; uuid = randomUUID() as String}</v11:messageId>
            <!--Optional:-->
            <v11:timestamp>${=new java.text.SimpleDateFormat("yyyy-MM-dd'T'HH:mm:ss.SSS").format(new Date())}</v11:timestamp>
         </v1:messageContext>
         <v1:legalContext>ServiceIntegrator</v1:legalContext>
         <v1:request>
            <!--Optional:-->
            <v1:referenceDate>2016-10-13</v1:referenceDate>
         </v1:request>
      </v1:getNationalitiesRequest>
   </soapenv:Body>
</soapenv:Envelope>]]></con:request><con:assertion type="SOAP Fault Assertion" id="0b1b8f0d-2874-459d-93d0-73d206e8f68b" name="Not SOAP Fault"/><con:assertion type="SOAP Response" id="509b0788-440c-4856-bd0d-b0263a40bee8" name="SOAP Response"/><con:assertion type="Schema Compliance" id="fc84dd57-59bf-4924-b1ac-44879392c63b" name="Schema Compliance"><con:configuration/></con:assertion><con:wsaConfig action="http://fidus.brussels/services/countryservice/getNationalities"/></con:request></con:config></con:testStep><con:testStep type="request" id="fd142f01-bc74-4b97-b235-4b16b5980578" name="testcase03 - Test Worker2 - Request"><con:settings/><con:config xsi:type="con:RequestStep" xmlns:xsi="http://www.w3.org/2001/XMLSchema-instance"><con:interface>CountryServiceHTTPBinding</con:interface><con:operation>getNationalities</con:operation><con:request name="testcase03 - Test Worker2 - Request" id="625b04a9-840d-410a-8341-82927235a4bb" outgoingWss="Outflow TEST"><con:settings/><con:encoding>UTF-8</con:encoding><con:endpoint>https://192.168.24.51:8443/services/CountryService_v1.0</con:endpoint><con:request><![CDATA[<soapenv:Envelope xmlns:soapenv="http://schemas.xmlsoap.org/soap/envelope/" xmlns:v1="http://fidus.brussels/service/countryservice/messages/v1" xmlns:v11="http://fidus.brussels/type/common/messages/v1">
   <soapenv:Header/>
   <soapenv:Body>
      <v1:getNationalitiesRequest>
         <v1:messageContext>
            <v11:messageId>${=import static java.util.UUID.randomUUID; uuid = randomUUID() as String}</v11:messageId>
            <!--Optional:-->
            <v11:timestamp>${=new java.text.SimpleDateFormat("yyyy-MM-dd'T'HH:mm:ss.SSS").format(new Date())}</v11:timestamp>
         </v1:messageContext>
         <v1:legalContext>ServiceIntegrator</v1:legalContext>
         <v1:request>
            <!--Optional:-->
            <v1:referenceDate>2016-10-13</v1:referenceDate>
         </v1:request>
      </v1:getNationalitiesRequest>
   </soapenv:Body>
</soapenv:Envelope>]]></con:request><con:assertion type="SOAP Fault Assertion" id="f5bff320-2476-4e3a-a724-36ffa3f11459" name="Not SOAP Fault"/><con:assertion type="SOAP Response" id="e7c6d6ca-746a-49ff-958b-7c6050d7926b" name="SOAP Response"/><con:assertion type="Schema Compliance" id="6a2d51e9-62d4-464a-8a15-ac119ced6bcf" name="Schema Compliance"><con:configuration/></con:assertion><con:wsaConfig action="http://fidus.brussels/services/countryservice/getNationalities"/></con:request></con:config></con:testStep><con:properties/></con:testCase><con:testCase id="b303f8a5-183f-42a0-9f4e-19ebc75e75c1" failOnError="true" failTestCaseOnErrors="true" keepSession="false" maxResults="0" name="getNationality" searchProperties="true"><con:settings/><con:testStep type="request" id="9ed3b48c-3c2c-414e-83d4-c7162ad3ada0" name="testcase03 - Test Worker1 - Request-Nis_num3_103"><con:settings/><con:config xsi:type="con:RequestStep" xmlns:xsi="http://www.w3.org/2001/XMLSchema-instance"><con:interface>CountryServiceHTTPBinding</con:interface><con:operation>getNationality</con:operation><con:request name="testcase03 - Test Worker1 - Request-Nis_num3_103" id="4629f085-989d-4603-8637-591a39998387" outgoingWss="Outflow TEST"><con:settings/><con:encoding>UTF-8</con:encoding><con:endpoint>https://192.168.24.45:8443/services/CountryService_v1.0</con:endpoint><con:request><![CDATA[<soapenv:Envelope xmlns:soapenv="http://schemas.xmlsoap.org/soap/envelope/" xmlns:v1="http://fidus.brussels/service/countryservice/messages/v1" xmlns:v11="http://fidus.brussels/type/common/messages/v1" xmlns:v12="http://fsb.belgium.be/mappingServices/countryService/messages/v1_00">
   <soapenv:Header/>
   <soapenv:Body>
      <v1:getNationalityRequest>
         <v1:messageContext>
         	  <v11:messageId>${=import static java.util.UUID.randomUUID; uuid = randomUUID() as String}</v11:messageId>
            <v11:timestamp>${=new java.text.SimpleDateFormat("yyyy-MM-dd'T'HH:mm:ss.SSS").format(new Date())}</v11:timestamp>
         </v1:messageContext>
         <v1:legalContext>ServiceIntegrator</v1:legalContext>
         <v1:request>
            <!--You have a CHOICE of the next 4 items at this level-->
            <v12:iso-alpha2>BE</v12:iso-alpha2>           
         </v1:request>
      </v1:getNationalityRequest>
   </soapenv:Body>
</soapenv:Envelope>
]]></con:request><con:assertion type="SOAP Fault Assertion" id="2bb5cb33-3a1e-4204-8cd2-061d32986e09" name="Not SOAP Fault"/><con:assertion type="SOAP Response" id="d230011e-73ee-41b3-846a-1a69d0325bed" name="SOAP Response"/><con:assertion type="Schema Compliance" id="a02a1963-5e72-4eb5-ae9d-ec8af1eebc88" name="Schema Compliance"><con:configuration/></con:assertion><con:wsaConfig action="http://fidus.brussels/services/countryservice/getNationality"/></con:request></con:config></con:testStep><con:testStep type="request" id="c73517c2-1e14-4321-9d39-ad20cf4164fb" name="testcase03 - Test Worker1 -Request"><con:settings/><con:config xsi:type="con:RequestStep" xmlns:xsi="http://www.w3.org/2001/XMLSchema-instance"><con:interface>CountryServiceHTTPBinding</con:interface><con:operation>getNationality</con:operation><con:request name="testcase03 - Test Worker1 -Request" id="f97765f4-6522-4583-8dfa-3a38f8e9e17e" outgoingWss="Outflow TEST"><con:settings/><con:encoding>UTF-8</con:encoding><con:endpoint>https://192.168.24.45:8443/services/CountryService_v1.0</con:endpoint><con:request><![CDATA[<soapenv:Envelope xmlns:soapenv="http://schemas.xmlsoap.org/soap/envelope/" xmlns:v1="http://fidus.brussels/service/countryservice/messages/v1" xmlns:v11="http://fidus.brussels/type/common/messages/v1" xmlns:v12="http://fsb.belgium.be/mappingServices/countryService/messages/v1_00">
   <soapenv:Header/>
   <soapenv:Body>
      <v1:getNationalityRequest>
         <v1:messageContext>
         	  <v11:messageId>${=import static java.util.UUID.randomUUID; uuid = randomUUID() as String}</v11:messageId>
            <v11:timestamp>${=new java.text.SimpleDateFormat("yyyy-MM-dd'T'HH:mm:ss.SSS").format(new Date())}</v11:timestamp>
         </v1:messageContext>
         <v1:legalContext>ServiceIntegrator</v1:legalContext>
         <v1:request>
            <!--You have a CHOICE of the next 4 items at this level-->
            <v12:iso-alpha2>BE</v12:iso-alpha2>          
         </v1:request>
      </v1:getNationalityRequest>
   </soapenv:Body>
</soapenv:Envelope>]]></con:request><con:assertion type="SOAP Fault Assertion" id="fecdee21-042b-46b2-8a05-477b29aec957" name="Not SOAP Fault"/><con:assertion type="SOAP Response" id="6f1cc194-337e-4fff-a257-6a89a6f20226" name="SOAP Response"/><con:assertion type="Schema Compliance" id="b0fd5570-0c92-47b5-afab-da6df4891807" name="Schema Compliance"><con:configuration/></con:assertion><con:wsaConfig action="http://fidus.brussels/services/countryservice/getNationality"/></con:request></con:config></con:testStep><con:testStep type="request" id="508c14c3-533f-4ade-a4cd-c0c4e9a6545e" name="testcase03 - Test Worker2 -Request"><con:settings/><con:config xsi:type="con:RequestStep" xmlns:xsi="http://www.w3.org/2001/XMLSchema-instance"><con:interface>CountryServiceHTTPBinding</con:interface><con:operation>getNationality</con:operation><con:request name="testcase03 - Test Worker2 -Request" id="e2461be5-13e4-47c6-a426-8bf365cbda2a" outgoingWss="Outflow TEST"><con:settings/><con:encoding>UTF-8</con:encoding><con:endpoint>https://192.168.24.51:8443/services/CountryService_v1.0</con:endpoint><con:request><![CDATA[<soapenv:Envelope xmlns:soapenv="http://schemas.xmlsoap.org/soap/envelope/" xmlns:v1="http://fidus.brussels/service/countryservice/messages/v1" xmlns:v11="http://fidus.brussels/type/common/messages/v1" xmlns:v12="http://fsb.belgium.be/mappingServices/countryService/messages/v1_00">
   <soapenv:Header/>
   <soapenv:Body>
      <v1:getNationalityRequest>
         <v1:messageContext>
         	  <v11:messageId>${=import static java.util.UUID.randomUUID; uuid = randomUUID() as String}</v11:messageId>
            <v11:timestamp>${=new java.text.SimpleDateFormat("yyyy-MM-dd'T'HH:mm:ss.SSS").format(new Date())}</v11:timestamp>
         </v1:messageContext>
         <v1:legalContext>ServiceIntegrator</v1:legalContext>
         <v1:request>
            <!--You have a CHOICE of the next 4 items at this level-->
            <v12:iso-alpha2>BE</v12:iso-alpha2>          
         </v1:request>
      </v1:getNationalityRequest>
   </soapenv:Body>
</soapenv:Envelope>]]></con:request><con:assertion type="SOAP Fault Assertion" id="8125ed55-19f4-4d20-8356-c7c125f36181" name="Not SOAP Fault"/><con:assertion type="SOAP Response" id="6fb4a956-22b0-4dfb-af43-1d933bbe1bc4" name="SOAP Response"/><con:assertion type="Schema Compliance" id="58b1bb4f-f5b0-48ed-b33b-d0b7f78d02a6" name="Schema Compliance"><con:configuration/></con:assertion><con:wsaConfig action="http://fidus.brussels/services/countryservice/getNationality"/></con:request></con:config></con:testStep><con:testStep type="request" id="c3e22198-6fc0-4988-bb90-20bd6f1d02f5" name="testcase03 - Test External -Request"><con:settings/><con:config xsi:type="con:RequestStep" xmlns:xsi="http://www.w3.org/2001/XMLSchema-instance"><con:interface>CountryServiceHTTPBinding</con:interface><con:operation>getNationality</con:operation><con:request name="testcase03 - Test External -Request" id="a54bb05c-2e24-4008-8095-03d362117c93" outgoingWss="Outflow TEST"><con:settings/><con:encoding>UTF-8</con:encoding><con:endpoint>https://fidus.irisnetlab.be/services/CountryService_v1.0</con:endpoint><con:request><![CDATA[<soapenv:Envelope xmlns:soapenv="http://schemas.xmlsoap.org/soap/envelope/" xmlns:v1="http://fidus.brussels/service/countryservice/messages/v1" xmlns:v11="http://fidus.brussels/type/common/messages/v1" xmlns:v12="http://fsb.belgium.be/mappingServices/countryService/messages/v1_00">
   <soapenv:Header/>
   <soapenv:Body>
      <v1:getNationalityRequest>
         <v1:messageContext>
         	  <v11:messageId>${=import static java.util.UUID.randomUUID; uuid = randomUUID() as String}</v11:messageId>
            <v11:timestamp>${=new java.text.SimpleDateFormat("yyyy-MM-dd'T'HH:mm:ss.SSS").format(new Date())}</v11:timestamp>
         </v1:messageContext>
         <v1:legalContext>ServiceIntegrator</v1:legalContext>
         <v1:request>
            <!--You have a CHOICE of the next 4 items at this level-->
            <v12:iso-alpha2>BE</v12:iso-alpha2>          
         </v1:request>
      </v1:getNationalityRequest>
   </soapenv:Body>
</soapenv:Envelope>]]></con:request><con:assertion type="SOAP Fault Assertion" id="37bf276f-0052-4857-b3bc-b3326206a37f" name="Not SOAP Fault"/><con:assertion type="SOAP Response" id="788b03ba-b40b-4b76-a961-198d828e0deb" name="SOAP Response"/><con:assertion type="Schema Compliance" id="076b59d0-c504-4998-807d-161a2480ae3a" name="Schema Compliance"><con:configuration/></con:assertion><con:wsaConfig action="http://fidus.brussels/services/countryservice/getNationality"/></con:request></con:config></con:testStep><con:testStep type="request" id="6aae6ab7-7083-4efc-82a4-797ace0aa63d" name="testcase03 - Test LB -Request"><con:settings/><con:config xsi:type="con:RequestStep" xmlns:xsi="http://www.w3.org/2001/XMLSchema-instance"><con:interface>CountryServiceHTTPBinding</con:interface><con:operation>getNationality</con:operation><con:request name="testcase03 - Test LB -Request" id="a4ab8ad7-604e-4b5e-906b-859e9be79dc7" outgoingWss="Outflow TEST"><con:settings/><con:encoding>UTF-8</con:encoding><con:endpoint>https://fidus-esb-sg.sta.srv.cirb.lan:8443/services/CountryService_v1.0</con:endpoint><con:request><![CDATA[<soapenv:Envelope xmlns:soapenv="http://schemas.xmlsoap.org/soap/envelope/" xmlns:v1="http://fidus.brussels/service/countryservice/messages/v1" xmlns:v11="http://fidus.brussels/type/common/messages/v1" xmlns:v12="http://fsb.belgium.be/mappingServices/countryService/messages/v1_00">
   <soapenv:Header/>
   <soapenv:Body>
      <v1:getNationalityRequest>
         <v1:messageContext>
         	  <v11:messageId>${=import static java.util.UUID.randomUUID; uuid = randomUUID() as String}</v11:messageId>
            <v11:timestamp>${=new java.text.SimpleDateFormat("yyyy-MM-dd'T'HH:mm:ss.SSS").format(new Date())}</v11:timestamp>
         </v1:messageContext>
         <v1:legalContext>ServiceIntegrator</v1:legalContext>
         <v1:request>
            <!--You have a CHOICE of the next 4 items at this level-->
            <v12:iso-alpha2>BE</v12:iso-alpha2>          
         </v1:request>
      </v1:getNationalityRequest>
   </soapenv:Body>
</soapenv:Envelope>]]></con:request><con:assertion type="SOAP Fault Assertion" id="e45747be-773f-4f41-8680-82ec80ef8731" name="Not SOAP Fault"/><con:assertion type="SOAP Response" id="b6f41521-8ce7-4446-906a-87d9d3701229" name="SOAP Response"/><con:assertion type="Schema Compliance" id="9f186b90-365a-4790-89d9-b8fa5dbdad93" name="Schema Compliance"><con:configuration/></con:assertion><con:wsaConfig action="http://fidus.brussels/services/countryservice/getNationality"/></con:request></con:config></con:testStep><con:properties/></con:testCase><con:testCase id="644613dd-0b93-40da-b1bb-4869a736eb84" failOnError="true" failTestCaseOnErrors="true" keepSession="false" maxResults="0" name="getNationalityHistory" searchProperties="true"><con:settings/><con:testStep type="request" id="6de4ffd6-c194-4f45-90e4-4b078008ffe7" name="testcase03 - Test External - Request"><con:settings/><con:config xsi:type="con:RequestStep" xmlns:xsi="http://www.w3.org/2001/XMLSchema-instance"><con:interface>CountryServiceHTTPBinding</con:interface><con:operation>getNationalityHistory</con:operation><con:request name="testcase03 - Test External - Request" id="b9846f44-b1fa-41b2-90c4-0af7994b57dc" outgoingWss="Outflow TEST"><con:settings/><con:encoding>UTF-8</con:encoding><con:endpoint>https://fidus.irisnetlab.be/services/CountryService_v1.0</con:endpoint><con:request><![CDATA[<soapenv:Envelope xmlns:soapenv="http://schemas.xmlsoap.org/soap/envelope/" xmlns:v1="http://fidus.brussels/service/countryservice/messages/v1" xmlns:v11="http://fidus.brussels/type/common/messages/v1" xmlns:v12="http://fsb.belgium.be/mappingServices/countryService/messages/v1_00">
   <soapenv:Header/>
   <soapenv:Body>
      <v1:getNationalityHistoryRequest>
         <v1:messageContext>
            <v11:messageId>${=import static java.util.UUID.randomUUID; uuid = randomUUID() as String}</v11:messageId>
            <!--Optional:-->
            <v11:timestamp>${=new java.text.SimpleDateFormat("yyyy-MM-dd'T'HH:mm:ss.SSS").format(new Date())}</v11:timestamp>
         </v1:messageContext>
         <v1:legalContext>ServiceIntegrator</v1:legalContext>
         <v1:request>
            <v12:iso-alpha3>FRA</v12:iso-alpha3>
            <!--Optional:-->
            <v12:referenceDate>2016-10-16</v12:referenceDate>
         </v1:request>
      </v1:getNationalityHistoryRequest>
   </soapenv:Body>
</soapenv:Envelope>]]></con:request><con:assertion type="SOAP Fault Assertion" id="aed7f944-af62-48cd-822f-afb973aaa645" name="Not SOAP Fault"/><con:assertion type="SOAP Response" id="62fcf6a9-e392-43af-b124-fac8cda3939b" name="SOAP Response"/><con:assertion type="Schema Compliance" id="dabe53f5-91ab-468b-9aec-3dbe1fd4d1cd" name="Schema Compliance"><con:configuration/></con:assertion><con:wsaConfig action="http://fidus.brussels/services/countryservice/getNationalityHistory"/></con:request></con:config></con:testStep><con:testStep type="request" id="05646069-eb84-4298-9ca3-64da162a688e" name="testcase03 - Test LB - Request"><con:settings/><con:config xsi:type="con:RequestStep" xmlns:xsi="http://www.w3.org/2001/XMLSchema-instance"><con:interface>CountryServiceHTTPBinding</con:interface><con:operation>getNationalityHistory</con:operation><con:request name="testcase03 - Test LB - Request" id="e93b83a7-efb3-4c72-9f31-aaddfb48a842" outgoingWss="Outflow TEST"><con:settings/><con:encoding>UTF-8</con:encoding><con:endpoint>https://fidus-esb-sg.sta.srv.cirb.lan:8443/services/CountryService_v1.0</con:endpoint><con:request><![CDATA[<soapenv:Envelope xmlns:soapenv="http://schemas.xmlsoap.org/soap/envelope/" xmlns:v1="http://fidus.brussels/service/countryservice/messages/v1" xmlns:v11="http://fidus.brussels/type/common/messages/v1" xmlns:v12="http://fsb.belgium.be/mappingServices/countryService/messages/v1_00">
   <soapenv:Header/>
   <soapenv:Body>
      <v1:getNationalityHistoryRequest>
         <v1:messageContext>
            <v11:messageId>${=import static java.util.UUID.randomUUID; uuid = randomUUID() as String}</v11:messageId>
            <!--Optional:-->
            <v11:timestamp>${=new java.text.SimpleDateFormat("yyyy-MM-dd'T'HH:mm:ss.SSS").format(new Date())}</v11:timestamp>
         </v1:messageContext>
         <v1:legalContext>ServiceIntegrator</v1:legalContext>
         <v1:request>
            <v12:iso-alpha3>NLD</v12:iso-alpha3>
            <!--Optional:-->
            <v12:referenceDate>2016-10-16</v12:referenceDate>
         </v1:request>
      </v1:getNationalityHistoryRequest>
   </soapenv:Body>
</soapenv:Envelope>]]></con:request><con:assertion type="SOAP Fault Assertion" id="b5b0f1ef-1ba9-4630-952c-c3b6fbb9d8c6" name="Not SOAP Fault"/><con:assertion type="SOAP Response" id="ba279f28-1d29-4bc7-b840-c4e2356d9561" name="SOAP Response"/><con:assertion type="Schema Compliance" id="5f3ece5b-846e-4269-9d25-81915271d889" name="Schema Compliance"><con:configuration/></con:assertion><con:wsaConfig action="http://fidus.brussels/services/countryservice/getNationalityHistory"/></con:request></con:config></con:testStep><con:testStep type="request" id="0628cb43-427d-446b-a00f-c7ea25fe1948" name="testcase03 - Test Worker1 - Request"><con:settings/><con:config xsi:type="con:RequestStep" xmlns:xsi="http://www.w3.org/2001/XMLSchema-instance"><con:interface>CountryServiceHTTPBinding</con:interface><con:operation>getNationalityHistory</con:operation><con:request name="testcase03 - Test Worker1 - Request" id="fa67dad3-4f84-4343-9ce4-fdbbe9090c9f" outgoingWss="Outflow TEST"><con:settings/><con:encoding>UTF-8</con:encoding><con:endpoint>https://192.168.24.45:8443/services/CountryService_v1.0</con:endpoint><con:request><![CDATA[<soapenv:Envelope xmlns:soapenv="http://schemas.xmlsoap.org/soap/envelope/" xmlns:v1="http://fidus.brussels/service/countryservice/messages/v1" xmlns:v11="http://fidus.brussels/type/common/messages/v1" xmlns:v12="http://fsb.belgium.be/mappingServices/countryService/messages/v1_00">
   <soapenv:Header/>
   <soapenv:Body>
      <v1:getNationalityHistoryRequest>
         <v1:messageContext>
            <v11:messageId>${=import static java.util.UUID.randomUUID; uuid = randomUUID() as String}</v11:messageId>
            <!--Optional:-->
            <v11:timestamp>${=new java.text.SimpleDateFormat("yyyy-MM-dd'T'HH:mm:ss.SSS").format(new Date())}</v11:timestamp>
         </v1:messageContext>
         <v1:legalContext>ServiceIntegrator</v1:legalContext>
         <v1:request>
            <v12:iso-alpha3>AUS</v12:iso-alpha3>
            <!--Optional:-->
            <!--<v12:referenceDate>2016-10-16</v12:referenceDate>-->
         </v1:request>
      </v1:getNationalityHistoryRequest>
   </soapenv:Body>
</soapenv:Envelope>]]></con:request><con:assertion type="SOAP Fault Assertion" id="8287d3bd-858f-4c64-bff2-3e8a92c62b17" name="Not SOAP Fault"/><con:assertion type="SOAP Response" id="40d3f363-9628-4c39-81ab-f1f627c2af15" name="SOAP Response"/><con:assertion type="Schema Compliance" id="6bd697b8-a16b-47e5-976b-8d0581150bc6" name="Schema Compliance"><con:configuration/></con:assertion><con:wsaConfig action="http://fidus.brussels/services/countryservice/getNationalityHistory"/></con:request></con:config></con:testStep><con:testStep type="request" id="422717b6-ef27-4912-8bb7-f17b319474c8" name="testcase03 - Test Worker2 - Request"><con:settings/><con:config xsi:type="con:RequestStep" xmlns:xsi="http://www.w3.org/2001/XMLSchema-instance"><con:interface>CountryServiceHTTPBinding</con:interface><con:operation>getNationalityHistory</con:operation><con:request name="testcase03 - Test Worker2 - Request" id="860f54c3-54c0-447e-9f72-811822253c5d" outgoingWss="Outflow TEST"><con:settings/><con:encoding>UTF-8</con:encoding><con:endpoint>https://192.168.24.51:8443/services/CountryService_v1.0</con:endpoint><con:request><![CDATA[<soapenv:Envelope xmlns:soapenv="http://schemas.xmlsoap.org/soap/envelope/" xmlns:v1="http://fidus.brussels/service/countryservice/messages/v1" xmlns:v11="http://fidus.brussels/type/common/messages/v1" xmlns:v12="http://fsb.belgium.be/mappingServices/countryService/messages/v1_00">
   <soapenv:Header/>
   <soapenv:Body>
      <v1:getNationalityHistoryRequest>
         <v1:messageContext>
            <v11:messageId>${=import static java.util.UUID.randomUUID; uuid = randomUUID() as String}</v11:messageId>
            <!--Optional:-->
            <v11:timestamp>${=new java.text.SimpleDateFormat("yyyy-MM-dd'T'HH:mm:ss.SSS").format(new Date())}</v11:timestamp>
         </v1:messageContext>
         <v1:legalContext>ServiceIntegrator</v1:legalContext>
         <v1:request>
            <v12:iso-alpha3>BRA</v12:iso-alpha3>
            <!--Optional:-->
            <v12:referenceDate>2000-01-01</v12:referenceDate>
         </v1:request>
      </v1:getNationalityHistoryRequest>
   </soapenv:Body>
</soapenv:Envelope>]]></con:request><con:assertion type="SOAP Fault Assertion" id="9bf4891a-f95b-46a9-8aa4-26ab04d5cb32" name="Not SOAP Fault"/><con:assertion type="SOAP Response" id="4049bf89-b0ad-4a58-84d8-d288033be000" name="SOAP Response"/><con:assertion type="Schema Compliance" id="92e86707-dfdd-4937-a7e0-eb97c9f98a81" name="Schema Compliance"><con:configuration/></con:assertion><con:wsaConfig action="http://fidus.brussels/services/countryservice/getNationalityHistory"/></con:request></con:config></con:testStep><con:properties/></con:testCase><con:testCase id="882ca740-e62b-408a-84b0-1bbd53681a9c" failOnError="true" failTestCaseOnErrors="true" keepSession="false" maxResults="0" name="getPlaceCountries" searchProperties="true"><con:settings/><con:testStep type="request" id="3f4d6dfa-bc23-477d-8ec8-29dca591e566" name="testcase03 - Test External - Request"><con:settings/><con:config xsi:type="con:RequestStep" xmlns:xsi="http://www.w3.org/2001/XMLSchema-instance"><con:interface>CountryServiceHTTPBinding</con:interface><con:operation>getPlaceCountries</con:operation><con:request name="testcase03 - Test External - Request" id="2a152dac-245f-4ae3-9ac4-bf93e3513695" outgoingWss="Outflow TEST"><con:settings/><con:encoding>UTF-8</con:encoding><con:endpoint>https://fidus.irisnetlab.be/services/CountryService_v1.0</con:endpoint><con:request><![CDATA[<soapenv:Envelope xmlns:soapenv="http://schemas.xmlsoap.org/soap/envelope/" xmlns:v1="http://fidus.brussels/service/countryservice/messages/v1" xmlns:v11="http://fidus.brussels/type/common/messages/v1">
   <soapenv:Header/>
   <soapenv:Body>
      <v1:getPlaceCountriesRequest>
         <v1:messageContext>
            <v11:messageId>${=import static java.util.UUID.randomUUID; uuid = randomUUID() as String}</v11:messageId>
            <!--Optional:-->
            <v11:timestamp>${=new java.text.SimpleDateFormat("yyyy-MM-dd'T'HH:mm:ss.SSS").format(new Date())}</v11:timestamp>
         </v1:messageContext>
         <v1:legalContext>ServiceIntegrator</v1:legalContext>
         <v1:request>
            <!--Optional:-->
            <v1:referenceDate>2016-10-14</v1:referenceDate>
         </v1:request>
      </v1:getPlaceCountriesRequest>
   </soapenv:Body>
</soapenv:Envelope>]]></con:request><con:assertion type="SOAP Fault Assertion" id="c4b492cf-4f19-4f54-9de2-1002bee28c78" name="Not SOAP Fault"/><con:assertion type="SOAP Response" id="c78c2ab8-fca0-4063-9e06-3b3a7405a3a5" name="SOAP Response"/><con:assertion type="Schema Compliance" id="894629a8-dfe8-40e3-b4fd-d8c12508fa18" name="Schema Compliance"><con:configuration/></con:assertion><con:wsaConfig action="http://fidus.brussels/services/countryservice/getPlaceCountries"/></con:request></con:config></con:testStep><con:testStep type="request" id="aa289208-efd7-4467-919f-0c11ee74188e" name="testcase03 - Test LB - Request"><con:settings/><con:config xsi:type="con:RequestStep" xmlns:xsi="http://www.w3.org/2001/XMLSchema-instance"><con:interface>CountryServiceHTTPBinding</con:interface><con:operation>getPlaceCountries</con:operation><con:request name="testcase03 - Test LB - Request" id="ba2f2fc2-313a-496f-9e8d-80b86de5ebf8" outgoingWss="Outflow TEST"><con:settings/><con:encoding>UTF-8</con:encoding><con:endpoint>https://fidus-esb-sg.sta.srv.cirb.lan:8443/services/CountryService_v1.0</con:endpoint><con:request><![CDATA[<soapenv:Envelope xmlns:soapenv="http://schemas.xmlsoap.org/soap/envelope/" xmlns:v1="http://fidus.brussels/service/countryservice/messages/v1" xmlns:v11="http://fidus.brussels/type/common/messages/v1">
   <soapenv:Header/>
   <soapenv:Body>
      <v1:getPlaceCountriesRequest>
         <v1:messageContext>
            <v11:messageId>${=import static java.util.UUID.randomUUID; uuid = randomUUID() as String}</v11:messageId>
            <!--Optional:-->
            <v11:timestamp>${=new java.text.SimpleDateFormat("yyyy-MM-dd'T'HH:mm:ss.SSS").format(new Date())}</v11:timestamp>
         </v1:messageContext>
         <v1:legalContext>ServiceIntegrator</v1:legalContext>
         <v1:request>
            <!--Optional:-->
            <v1:referenceDate>2016-10-14</v1:referenceDate>
         </v1:request>
      </v1:getPlaceCountriesRequest>
   </soapenv:Body>
</soapenv:Envelope>]]></con:request><con:assertion type="SOAP Fault Assertion" id="64eedb9f-421c-4e7a-9d7b-70579fe3de01" name="Not SOAP Fault"/><con:assertion type="SOAP Response" id="2fc6c266-821c-4470-a459-b75f5437e93c" name="SOAP Response"/><con:assertion type="Schema Compliance" id="7040768f-7185-4410-a011-0cbcd76c51fa" name="Schema Compliance"><con:configuration/></con:assertion><con:wsaConfig action="http://fidus.brussels/services/countryservice/getPlaceCountries"/></con:request></con:config></con:testStep><con:testStep type="request" id="effd65b4-af17-4022-ae80-38d3f4290c5d" name="testcase03 - Test Worker1 - Request"><con:settings/><con:config xsi:type="con:RequestStep" xmlns:xsi="http://www.w3.org/2001/XMLSchema-instance"><con:interface>CountryServiceHTTPBinding</con:interface><con:operation>getPlaceCountries</con:operation><con:request name="testcase03 - Test Worker1 - Request" id="a48e5ea9-d8f3-4194-aa29-7d16cf013d64" outgoingWss="Outflow TEST"><con:settings/><con:encoding>UTF-8</con:encoding><con:endpoint>https://192.168.24.45:8443/services/CountryService_v1.0</con:endpoint><con:request><![CDATA[<soapenv:Envelope xmlns:soapenv="http://schemas.xmlsoap.org/soap/envelope/" xmlns:v1="http://fidus.brussels/service/countryservice/messages/v1" xmlns:v11="http://fidus.brussels/type/common/messages/v1">
   <soapenv:Header/>
   <soapenv:Body>
      <v1:getPlaceCountriesRequest>
         <v1:messageContext>
            <v11:messageId>${=import static java.util.UUID.randomUUID; uuid = randomUUID() as String}</v11:messageId>
            <!--Optional:-->
            <v11:timestamp>${=new java.text.SimpleDateFormat("yyyy-MM-dd'T'HH:mm:ss.SSS").format(new Date())}</v11:timestamp>
         </v1:messageContext>
         <v1:legalContext>ServiceIntegrator</v1:legalContext>
         <v1:request>
            <!--Optional:-->
            <v1:referenceDate>2016-10-14</v1:referenceDate>
         </v1:request>
      </v1:getPlaceCountriesRequest>
   </soapenv:Body>
</soapenv:Envelope>]]></con:request><con:assertion type="SOAP Fault Assertion" id="54545b67-5b98-42d5-bff7-b4f94588e2e8" name="Not SOAP Fault"/><con:assertion type="SOAP Response" id="fa8043ad-cff9-4e57-a4cc-c7beaadd1c79" name="SOAP Response"/><con:assertion type="Schema Compliance" id="aa672509-9c7d-4261-b796-e025956f9385" name="Schema Compliance"><con:configuration/></con:assertion><con:wsaConfig action="http://fidus.brussels/services/countryservice/getPlaceCountries"/></con:request></con:config></con:testStep><con:testStep type="request" id="c034c889-ad49-4a0c-a160-4f0dc63a18a9" name="testcase03 - Test Worker2 - Request"><con:settings/><con:config xsi:type="con:RequestStep" xmlns:xsi="http://www.w3.org/2001/XMLSchema-instance"><con:interface>CountryServiceHTTPBinding</con:interface><con:operation>getPlaceCountries</con:operation><con:request name="testcase03 - Test Worker2 - Request" id="1b8c33ff-8bdd-4616-8833-08fbe6bd115f" outgoingWss="Outflow TEST"><con:settings/><con:encoding>UTF-8</con:encoding><con:endpoint>https://192.168.24.51:8443/services/CountryService_v1.0</con:endpoint><con:request><![CDATA[<soapenv:Envelope xmlns:soapenv="http://schemas.xmlsoap.org/soap/envelope/" xmlns:v1="http://fidus.brussels/service/countryservice/messages/v1" xmlns:v11="http://fidus.brussels/type/common/messages/v1">
   <soapenv:Header/>
   <soapenv:Body>
      <v1:getPlaceCountriesRequest>
         <v1:messageContext>
            <v11:messageId>${=import static java.util.UUID.randomUUID; uuid = randomUUID() as String}</v11:messageId>
            <!--Optional:-->
            <v11:timestamp>${=new java.text.SimpleDateFormat("yyyy-MM-dd'T'HH:mm:ss.SSS").format(new Date())}</v11:timestamp>
         </v1:messageContext>
         <v1:legalContext>ServiceIntegrator</v1:legalContext>
         <v1:request>
            <!--Optional:-->
            <v1:referenceDate>2016-10-14</v1:referenceDate>
         </v1:request>
      </v1:getPlaceCountriesRequest>
   </soapenv:Body>
</soapenv:Envelope>]]></con:request><con:assertion type="SOAP Fault Assertion" id="92bde659-2b3d-41b8-a30b-e912bd7b033a" name="Not SOAP Fault"/><con:assertion type="SOAP Response" id="ecb71474-934e-4336-9815-eb7dc2cad513" name="SOAP Response"/><con:assertion type="Schema Compliance" id="32d5916d-b00d-44d2-b0d5-290ab765584b" name="Schema Compliance"><con:configuration/></con:assertion><con:wsaConfig action="http://fidus.brussels/services/countryservice/getPlaceCountries"/></con:request></con:config></con:testStep><con:properties/></con:testCase><con:testCase id="b32cb6fc-3294-4998-a659-0ab40cac634e" failOnError="true" failTestCaseOnErrors="true" keepSession="false" maxResults="0" name="getPlaceCountry" searchProperties="true"><con:settings/><con:testStep type="request" id="8149492c-ce95-48c0-819e-725987040652" name="testcase03 - Test External - Request"><con:settings/><con:config xsi:type="con:RequestStep" xmlns:xsi="http://www.w3.org/2001/XMLSchema-instance"><con:interface>CountryServiceHTTPBinding</con:interface><con:operation>getPlaceCountry</con:operation><con:request name="testcase03 - Test External - Request" id="41befc33-8eb9-4a06-83b3-61f43a97ced3" outgoingWss="Outflow TEST"><con:settings/><con:encoding>UTF-8</con:encoding><con:endpoint>https://fidus.irisnetlab.be/services/CountryService_v1.0</con:endpoint><con:request><![CDATA[<soapenv:Envelope xmlns:soapenv="http://schemas.xmlsoap.org/soap/envelope/" xmlns:v1="http://fidus.brussels/service/countryservice/messages/v1" xmlns:v11="http://fidus.brussels/type/common/messages/v1" xmlns:v12="http://fsb.belgium.be/mappingServices/countryService/messages/v1_00">
   <soapenv:Header/>
   <soapenv:Body>
      <v1:getPlaceCountryRequest>
         <v1:messageContext>
            <v11:messageId>${=import static java.util.UUID.randomUUID; uuid = randomUUID() as String}</v11:messageId>
            <!--Optional:-->
            <v11:timestamp>${=new java.text.SimpleDateFormat("yyyy-MM-dd'T'HH:mm:ss.SSS").format(new Date())}</v11:timestamp>
         </v1:messageContext>
         <v1:legalContext>ServiceIntegrator</v1:legalContext>
         <v1:request>
            <!--You have a CHOICE of the next 4 items at this level-->
            <!--
            <v12:iso-alpha2 startDate="?" endDate="?" status="?">?</v12:iso-alpha2>
            <v12:iso-alpha3 startDate="?" endDate="?" status="?">?</v12:iso-alpha3>
            <v12:iso-num3 startDate="?" endDate="?" status="?">?</v12:iso-num3>
            <v12:nis-num3 startDate="?" endDate="?" status="?">?</v12:nis-num3>
			-->
             <v12:iso-alpha2>NL</v12:iso-alpha2>
             
         </v1:request>
      </v1:getPlaceCountryRequest>
   </soapenv:Body>
</soapenv:Envelope>]]></con:request><con:assertion type="SOAP Fault Assertion" id="38b45e52-a846-4c14-abae-aed7522dc31f" name="Not SOAP Fault"/><con:assertion type="SOAP Response" id="b45bd806-f254-4bf4-9db8-022a6f432325" name="SOAP Response"/><con:assertion type="Schema Compliance" id="dfdfe510-a8ad-45bf-875b-1779f469d1ae" name="Schema Compliance"><con:configuration/></con:assertion><con:wsaConfig action="http://fidus.brussels/services/countryservice/getPlaceCountry"/></con:request></con:config></con:testStep><con:testStep type="request" id="f705012f-8ea2-4162-83a5-484c6f3a452b" name="testcase03 - Test LB - Request"><con:settings/><con:config xsi:type="con:RequestStep" xmlns:xsi="http://www.w3.org/2001/XMLSchema-instance"><con:interface>CountryServiceHTTPBinding</con:interface><con:operation>getPlaceCountry</con:operation><con:request name="testcase03 - Test LB - Request" id="9053651e-18a1-42bc-9678-89eb018dc7e5" outgoingWss="Outflow TEST"><con:settings/><con:encoding>UTF-8</con:encoding><con:endpoint>https://fidus-esb-sg.sta.srv.cirb.lan:8443/services/CountryService_v1.0</con:endpoint><con:request><![CDATA[<soapenv:Envelope xmlns:soapenv="http://schemas.xmlsoap.org/soap/envelope/" xmlns:v1="http://fidus.brussels/service/countryservice/messages/v1" xmlns:v11="http://fidus.brussels/type/common/messages/v1" xmlns:v12="http://fsb.belgium.be/mappingServices/countryService/messages/v1_00">
   <soapenv:Header/>
   <soapenv:Body>
      <v1:getPlaceCountryRequest>
         <v1:messageContext>
            <v11:messageId>${=import static java.util.UUID.randomUUID; uuid = randomUUID() as String}</v11:messageId>
            <!--Optional:-->
            <v11:timestamp>${=new java.text.SimpleDateFormat("yyyy-MM-dd'T'HH:mm:ss.SSS").format(new Date())}</v11:timestamp>
         </v1:messageContext>
         <v1:legalContext>ServiceIntegrator</v1:legalContext>
         <v1:request>
            <!--You have a CHOICE of the next 4 items at this level-->
            <!--
            <v12:iso-alpha2 startDate="?" endDate="?" status="?">?</v12:iso-alpha2>
            <v12:iso-alpha3 startDate="?" endDate="?" status="?">?</v12:iso-alpha3>
            <v12:iso-num3 startDate="?" endDate="?" status="?">?</v12:iso-num3>
            <v12:nis-num3 startDate="?" endDate="?" status="?">?</v12:nis-num3>
			-->
             <v12:iso-alpha2>NL</v12:iso-alpha2>
             
         </v1:request>
      </v1:getPlaceCountryRequest>
   </soapenv:Body>
</soapenv:Envelope>]]></con:request><con:assertion type="SOAP Fault Assertion" id="a7459ba6-4afa-48f9-95c6-5f9a5a825aef" name="Not SOAP Fault"/><con:assertion type="SOAP Response" id="dd189ec2-ff5a-4443-9e16-bc534ada33b3" name="SOAP Response"/><con:assertion type="Schema Compliance" id="1a813da6-b79e-405b-aadf-3f4c31eeacc4" name="Schema Compliance"><con:configuration/></con:assertion><con:wsaConfig action="http://fidus.brussels/services/countryservice/getPlaceCountry"/></con:request></con:config></con:testStep><con:testStep type="request" id="1ca078f7-f1fb-4745-b82e-61ab97d78b07" name="testcase03 - Test Worker1 - Request"><con:settings/><con:config xsi:type="con:RequestStep" xmlns:xsi="http://www.w3.org/2001/XMLSchema-instance"><con:interface>CountryServiceHTTPBinding</con:interface><con:operation>getPlaceCountry</con:operation><con:request name="testcase03 - Test Worker1 - Request" id="9afa501a-ff5e-44bb-bcd9-1aeda5ae177a" outgoingWss="Outflow TEST"><con:settings/><con:encoding>UTF-8</con:encoding><con:endpoint>https://192.168.24.45:8443/services/CountryService_v1.0</con:endpoint><con:request><![CDATA[<soapenv:Envelope xmlns:soapenv="http://schemas.xmlsoap.org/soap/envelope/" xmlns:v1="http://fidus.brussels/service/countryservice/messages/v1" xmlns:v11="http://fidus.brussels/type/common/messages/v1" xmlns:v12="http://fsb.belgium.be/mappingServices/countryService/messages/v1_00">
   <soapenv:Header/>
   <soapenv:Body>
      <v1:getPlaceCountryRequest>
         <v1:messageContext>
            <v11:messageId>${=import static java.util.UUID.randomUUID; uuid = randomUUID() as String}</v11:messageId>
            <!--Optional:-->
            <v11:timestamp>${=new java.text.SimpleDateFormat("yyyy-MM-dd'T'HH:mm:ss.SSS").format(new Date())}</v11:timestamp>
         </v1:messageContext>
         <v1:legalContext>ServiceIntegrator</v1:legalContext>
         <v1:request>
            <!--You have a CHOICE of the next 4 items at this level-->
            <!--
            <v12:iso-alpha2 startDate="?" endDate="?" status="?">?</v12:iso-alpha2>
            <v12:iso-alpha3 startDate="?" endDate="?" status="?">?</v12:iso-alpha3>
            <v12:iso-num3 startDate="?" endDate="?" status="?">?</v12:iso-num3>
            <v12:nis-num3 startDate="?" endDate="?" status="?">?</v12:nis-num3>
			-->
             <v12:iso-alpha2>NL</v12:iso-alpha2>
             
         </v1:request>
      </v1:getPlaceCountryRequest>
   </soapenv:Body>
</soapenv:Envelope>]]></con:request><con:assertion type="SOAP Fault Assertion" id="219d4c7f-3a83-4c73-b441-425917d833ae" name="Not SOAP Fault"/><con:assertion type="SOAP Response" id="d87116c0-6a67-4999-b417-03912a2363e7" name="SOAP Response"/><con:assertion type="Schema Compliance" id="abcf17bd-1783-4d2f-8927-dd5ae21b3374" name="Schema Compliance"><con:configuration/></con:assertion><con:wsaConfig action="http://fidus.brussels/services/countryservice/getPlaceCountry"/></con:request></con:config></con:testStep><con:testStep type="request" id="28732430-d386-4b8b-afa5-a1795b2a9774" name="testcase03 - Test Worker2 - Request"><con:settings/><con:config xsi:type="con:RequestStep" xmlns:xsi="http://www.w3.org/2001/XMLSchema-instance"><con:interface>CountryServiceHTTPBinding</con:interface><con:operation>getPlaceCountry</con:operation><con:request name="testcase03 - Test Worker2 - Request" id="7ad51b4f-a57e-4e35-9d3e-413179fe7e50" outgoingWss="Outflow TEST"><con:settings/><con:encoding>UTF-8</con:encoding><con:endpoint>https://192.168.24.51:8443/services/CountryService_v1.0</con:endpoint><con:request><![CDATA[<soapenv:Envelope xmlns:soapenv="http://schemas.xmlsoap.org/soap/envelope/" xmlns:v1="http://fidus.brussels/service/countryservice/messages/v1" xmlns:v11="http://fidus.brussels/type/common/messages/v1" xmlns:v12="http://fsb.belgium.be/mappingServices/countryService/messages/v1_00">
   <soapenv:Header/>
   <soapenv:Body>
      <v1:getPlaceCountryRequest>
         <v1:messageContext>
            <v11:messageId>${=import static java.util.UUID.randomUUID; uuid = randomUUID() as String}</v11:messageId>
            <!--Optional:-->
            <v11:timestamp>${=new java.text.SimpleDateFormat("yyyy-MM-dd'T'HH:mm:ss.SSS").format(new Date())}</v11:timestamp>
         </v1:messageContext>
         <v1:legalContext>ServiceIntegrator</v1:legalContext>
         <v1:request>
            <!--You have a CHOICE of the next 4 items at this level-->
            <!--
            <v12:iso-alpha2 startDate="?" endDate="?" status="?">?</v12:iso-alpha2>
            <v12:iso-alpha3 startDate="?" endDate="?" status="?">?</v12:iso-alpha3>
            <v12:iso-num3 startDate="?" endDate="?" status="?">?</v12:iso-num3>
            <v12:nis-num3 startDate="?" endDate="?" status="?">?</v12:nis-num3>
			-->
             <v12:iso-alpha2>NL</v12:iso-alpha2>
             
         </v1:request>
      </v1:getPlaceCountryRequest>
   </soapenv:Body>
</soapenv:Envelope>]]></con:request><con:assertion type="SOAP Fault Assertion" id="fae60dc3-1c5f-405a-a4ca-b6938d90d803" name="Not SOAP Fault"/><con:assertion type="SOAP Response" id="d15cdd95-940c-4b73-b631-ce12d8a061e4" name="SOAP Response"/><con:assertion type="Schema Compliance" id="e74eadea-4370-4733-ad73-ce8151b58eb8" name="Schema Compliance"><con:configuration/></con:assertion><con:wsaConfig action="http://fidus.brussels/services/countryservice/getPlaceCountry"/></con:request></con:config></con:testStep><con:properties/></con:testCase><con:testCase id="8ca55679-ed23-4fb9-ad5e-c5bc65b3dd73" failOnError="true" failTestCaseOnErrors="true" keepSession="false" maxResults="0" name="getPlaceCountryHistory" searchProperties="true"><con:settings/><con:testStep type="request" id="46a51a1f-652a-4565-823b-bdbcf7defe80" name="testcase03 - Test External - Request"><con:settings/><con:config xsi:type="con:RequestStep" xmlns:xsi="http://www.w3.org/2001/XMLSchema-instance"><con:interface>CountryServiceHTTPBinding</con:interface><con:operation>getPlaceCountryHistory</con:operation><con:request name="testcase03 - Test External - Request" id="eb505d9a-0cd9-4c1a-9675-827a87a303e6" outgoingWss="Outflow TEST"><con:settings/><con:encoding>UTF-8</con:encoding><con:endpoint>https://fidus.irisnetlab.be/services/CountryService_v1.0</con:endpoint><con:request><![CDATA[<soapenv:Envelope xmlns:soapenv="http://schemas.xmlsoap.org/soap/envelope/" xmlns:v1="http://fidus.brussels/service/countryservice/messages/v1" xmlns:v11="http://fidus.brussels/type/common/messages/v1" xmlns:v12="http://fsb.belgium.be/mappingServices/countryService/messages/v1_00">
   <soapenv:Header/>
   <soapenv:Body>
      <v1:getPlaceCountryHistoryRequest>
         <v1:messageContext>
            <v11:messageId>${=import static java.util.UUID.randomUUID; uuid = randomUUID() as String}</v11:messageId>
            <!--Optional:-->
            <v11:timestamp>${=new java.text.SimpleDateFormat("yyyy-MM-dd'T'HH:mm:ss.SSS").format(new Date())}</v11:timestamp>
         </v1:messageContext>
         <v1:legalContext>ServiceIntegrator</v1:legalContext>
         <v1:request>
            <v12:iso-alpha2>NL</v12:iso-alpha2>
         </v1:request>
      </v1:getPlaceCountryHistoryRequest>
   </soapenv:Body>
</soapenv:Envelope>]]></con:request><con:assertion type="SOAP Fault Assertion" id="af90f459-267b-4f1a-b579-3eedc079c9d3" name="Not SOAP Fault"/><con:assertion type="SOAP Response" id="e20fabf3-a70a-40ba-a9eb-a992480948a8" name="SOAP Response"/><con:assertion type="Schema Compliance" id="510a958d-db77-49ba-b528-7839a8580f1c" name="Schema Compliance"><con:configuration/></con:assertion><con:wsaConfig action="http://fidus.brussels/services/countryservice/getPlaceCountryHistory"/></con:request></con:config></con:testStep><con:testStep type="request" id="a34f8742-4942-43ec-a4da-d40f0f9f7d7f" name="testcase03 - Test LB - Request"><con:settings/><con:config xsi:type="con:RequestStep" xmlns:xsi="http://www.w3.org/2001/XMLSchema-instance"><con:interface>CountryServiceHTTPBinding</con:interface><con:operation>getPlaceCountryHistory</con:operation><con:request name="testcase03 - Test LB - Request" id="b7155a9d-f38c-404f-9527-fdac947d20d6" outgoingWss="Outflow TEST"><con:settings/><con:encoding>UTF-8</con:encoding><con:endpoint>https://fidus-esb-sg.sta.srv.cirb.lan:8443/services/CountryService_v1.0</con:endpoint><con:request><![CDATA[<soapenv:Envelope xmlns:soapenv="http://schemas.xmlsoap.org/soap/envelope/" xmlns:v1="http://fidus.brussels/service/countryservice/messages/v1" xmlns:v11="http://fidus.brussels/type/common/messages/v1" xmlns:v12="http://fsb.belgium.be/mappingServices/countryService/messages/v1_00">
   <soapenv:Header/>
   <soapenv:Body>
      <v1:getPlaceCountryHistoryRequest>
         <v1:messageContext>
            <v11:messageId>${=import static java.util.UUID.randomUUID; uuid = randomUUID() as String}</v11:messageId>
            <!--Optional:-->
            <v11:timestamp>${=new java.text.SimpleDateFormat("yyyy-MM-dd'T'HH:mm:ss.SSS").format(new Date())}</v11:timestamp>
         </v1:messageContext>
         <v1:legalContext>ServiceIntegrator</v1:legalContext>
         <v1:request>
            <v12:iso-alpha2>BR</v12:iso-alpha2>
            <!--Optional:-->
            <!--<v12:referenceDate>2016-10-10</v12:referenceDate>-->
         </v1:request>
      </v1:getPlaceCountryHistoryRequest>
   </soapenv:Body>
</soapenv:Envelope>]]></con:request><con:assertion type="SOAP Fault Assertion" id="bc4262b7-9446-4c9b-a651-9a5dcf261e82" name="Not SOAP Fault"/><con:assertion type="SOAP Response" id="a0e487de-4eab-45ea-b8d9-3b966a4969f1" name="SOAP Response"/><con:assertion type="Schema Compliance" id="0df97267-67cf-4ce9-9e01-991f14f4ec4a" name="Schema Compliance"><con:configuration/></con:assertion><con:wsaConfig action="http://fidus.brussels/services/countryservice/getPlaceCountryHistory"/></con:request></con:config></con:testStep><con:testStep type="request" id="96405d4c-3243-4b40-a551-387e5a80056d" name="testcase03 - Test Worker1 - Request"><con:settings/><con:config xsi:type="con:RequestStep" xmlns:xsi="http://www.w3.org/2001/XMLSchema-instance"><con:interface>CountryServiceHTTPBinding</con:interface><con:operation>getPlaceCountryHistory</con:operation><con:request name="testcase03 - Test Worker1 - Request" id="aeef64b9-0abe-4939-a6fb-c0781ff57bc0" outgoingWss="Outflow TEST"><con:settings/><con:encoding>UTF-8</con:encoding><con:endpoint>https://192.168.24.45:8443/services/CountryService_v1.0</con:endpoint><con:request><![CDATA[<soapenv:Envelope xmlns:soapenv="http://schemas.xmlsoap.org/soap/envelope/" xmlns:v1="http://fidus.brussels/service/countryservice/messages/v1" xmlns:v11="http://fidus.brussels/type/common/messages/v1" xmlns:v12="http://fsb.belgium.be/mappingServices/countryService/messages/v1_00">
   <soapenv:Header/>
   <soapenv:Body>
      <v1:getPlaceCountryHistoryRequest>
         <v1:messageContext>
            <v11:messageId>${=import static java.util.UUID.randomUUID; uuid = randomUUID() as String}</v11:messageId>
            <!--Optional:-->
            <v11:timestamp>${=new java.text.SimpleDateFormat("yyyy-MM-dd'T'HH:mm:ss.SSS").format(new Date())}</v11:timestamp>
         </v1:messageContext>
         <v1:legalContext>ServiceIntegrator</v1:legalContext>
         <v1:request>
            <v12:iso-alpha2>PL</v12:iso-alpha2>
            <!--Optional:-->
            
         </v1:request>
      </v1:getPlaceCountryHistoryRequest>
   </soapenv:Body>
</soapenv:Envelope>]]></con:request><con:assertion type="SOAP Fault Assertion" id="cf43d299-f907-4a03-b97a-c03e20f2ba57" name="Not SOAP Fault"/><con:assertion type="SOAP Response" id="6739534d-e6e0-4bb2-bacb-eac364295ac5" name="SOAP Response"/><con:assertion type="Schema Compliance" id="4b34b077-686b-4ba2-a2f5-39bfb20194ba" name="Schema Compliance"><con:configuration/></con:assertion><con:wsaConfig action="http://fidus.brussels/services/countryservice/getPlaceCountryHistory"/></con:request></con:config></con:testStep><con:testStep type="request" id="ab69612a-86b6-41c6-86f9-4a0990b33fc9" name="testcase03 - Test Worker2 - Request"><con:settings/><con:config xsi:type="con:RequestStep" xmlns:xsi="http://www.w3.org/2001/XMLSchema-instance"><con:interface>CountryServiceHTTPBinding</con:interface><con:operation>getPlaceCountryHistory</con:operation><con:request name="testcase03 - Test Worker2 - Request" id="2818c838-191d-418b-ad23-0975ddd39391" outgoingWss="Outflow TEST"><con:settings/><con:encoding>UTF-8</con:encoding><con:endpoint>https://192.168.24.51:8443/services/CountryService_v1.0</con:endpoint><con:request><![CDATA[<soapenv:Envelope xmlns:soapenv="http://schemas.xmlsoap.org/soap/envelope/" xmlns:v1="http://fidus.brussels/service/countryservice/messages/v1" xmlns:v11="http://fidus.brussels/type/common/messages/v1" xmlns:v12="http://fsb.belgium.be/mappingServices/countryService/messages/v1_00">
   <soapenv:Header/>
   <soapenv:Body>
      <v1:getPlaceCountryHistoryRequest>
         <v1:messageContext>
            <v11:messageId>${=import static java.util.UUID.randomUUID; uuid = randomUUID() as String}</v11:messageId>
            <!--Optional:-->
            <v11:timestamp>${=new java.text.SimpleDateFormat("yyyy-MM-dd'T'HH:mm:ss.SSS").format(new Date())}</v11:timestamp>
         </v1:messageContext>
         <v1:legalContext>ServiceIntegrator</v1:legalContext>
         <v1:request>
            <v12:iso-alpha2>DE</v12:iso-alpha2>
            <!--Optional:-->
            <v12:referenceDate>2000-01-01</v12:referenceDate>
         </v1:request>
      </v1:getPlaceCountryHistoryRequest>
   </soapenv:Body>
</soapenv:Envelope>]]></con:request><con:assertion type="SOAP Fault Assertion" id="435ef6ff-17e8-4e1d-81b5-b13f251ac913" name="Not SOAP Fault"/><con:assertion type="SOAP Response" id="7a889cd7-89a6-4ea8-8bf4-c2e0fd305af2" name="SOAP Response"/><con:assertion type="Schema Compliance" id="8c6ca6b5-21e5-46a1-a1b2-257b7a46fed8" name="Schema Compliance"><con:configuration/></con:assertion><con:wsaConfig action="http://fidus.brussels/services/countryservice/getPlaceCountryHistory"/></con:request></con:config></con:testStep><con:properties/></con:testCase><con:properties/></con:testSuite><con:testSuite id="34e3874f-5b89-4bfb-808b-dcb9c84538aa" name="DEV"><con:settings/><con:runType>SEQUENTIAL</con:runType><con:testCase id="ea09eb46-4e2f-4eae-8687-6cef01e487e4" failOnError="true" failTestCaseOnErrors="true" keepSession="false" maxResults="0" name="getAddressCountries" searchProperties="true"><con:settings/><con:testStep type="request" id="b586425f-8211-4d2c-b950-1627a64f1fa7" name="testcase02 - Dev - Request"><con:settings/><con:config xsi:type="con:RequestStep" xmlns:xsi="http://www.w3.org/2001/XMLSchema-instance"><con:interface>CountryServiceHTTPBinding</con:interface><con:operation>getAddressCountries</con:operation><con:request name="testcase02 - Dev - Request" id="03673d83-3779-4dd0-9178-5d3e4af7ff1c" outgoingWss="Outflow DEV"><con:settings/><con:encoding>UTF-8</con:encoding><con:endpoint>https://192.168.36.61:8243/services/CountryService_v1.0</con:endpoint><con:request><![CDATA[<soapenv:Envelope xmlns:soapenv="http://schemas.xmlsoap.org/soap/envelope/" xmlns:v1="http://fidus.brussels/service/countryservice/messages/v1" xmlns:v11="http://fidus.brussels/type/common/messages/v1">
   <soapenv:Header/>
   <soapenv:Body>
      <v1:getAddressCountriesRequest>
         <v1:messageContext>
            <v11:messageId>${=import static java.util.UUID.randomUUID; uuid = randomUUID() as String}</v11:messageId>
            <!--Optional:-->
            <v11:timestamp>${=new java.text.SimpleDateFormat("yyyy-MM-dd'T'HH:mm:ss.SSS").format(new Date())}</v11:timestamp>
         </v1:messageContext>
         <v1:legalContext>ServiceIntegrator</v1:legalContext>
         <v1:request>
            <!--Optional:-->
            <v1:referenceDate>2016-10-10</v1:referenceDate>
         </v1:request>
      </v1:getAddressCountriesRequest>
   </soapenv:Body>
</soapenv:Envelope>]]></con:request><con:assertion type="SOAP Fault Assertion" id="c258ff0c-19b7-4684-89f0-571ed8a2ab65" name="Not SOAP Fault"/><con:assertion type="SOAP Response" id="d4edb084-2a24-4968-a941-58a8be2a7886" name="SOAP Response"/><con:assertion type="Schema Compliance" id="62331e9e-71e9-4bf7-a822-4f37a13bf2c1" name="Schema Compliance"><con:configuration/></con:assertion><con:wsaConfig action="http://fidus.brussels/services/countryservice/getAddressCountries"/></con:request></con:config></con:testStep><con:testStep type="request" id="384fbabd-03a8-4f1b-be5b-f1ae0839c9c9" name="testcase02 - DevNew - Request"><con:settings/><con:config xsi:type="con:RequestStep" xmlns:xsi="http://www.w3.org/2001/XMLSchema-instance"><con:interface>CountryServiceHTTPBinding</con:interface><con:operation>getAddressCountries</con:operation><con:request name="testcase02 - DevNew - Request" id="0f0c9a73-478f-42e0-8e93-c0a4bfc8d83e" outgoingWss="Outflow DEV"><con:settings/><con:encoding>UTF-8</con:encoding><con:endpoint>https://192.168.36.75:8243/services/CountryService_v1.0</con:endpoint><con:request><![CDATA[<soapenv:Envelope xmlns:soapenv="http://schemas.xmlsoap.org/soap/envelope/" xmlns:v1="http://fidus.brussels/service/countryservice/messages/v1" xmlns:v11="http://fidus.brussels/type/common/messages/v1">
   <soapenv:Header/>
   <soapenv:Body>
      <v1:getAddressCountriesRequest>
         <v1:messageContext>
            <v11:messageId>${=import static java.util.UUID.randomUUID; uuid = randomUUID() as String}</v11:messageId>
            <!--Optional:-->
            <v11:timestamp>${=new java.text.SimpleDateFormat("yyyy-MM-dd'T'HH:mm:ss.SSS").format(new Date())}</v11:timestamp>
         </v1:messageContext>
         <v1:legalContext>ServiceIntegrator</v1:legalContext>
         <v1:request>
            <!--Optional:-->
            <v1:referenceDate>2016-10-10</v1:referenceDate>
         </v1:request>
      </v1:getAddressCountriesRequest>
   </soapenv:Body>
</soapenv:Envelope>]]></con:request><con:assertion type="SOAP Fault Assertion" id="6bb8bf9b-d51d-4b96-a838-6ceef895e4e9" name="Not SOAP Fault"/><con:assertion type="SOAP Response" id="1bd6592b-158c-4ecf-97be-f7e7edc1a07a" name="SOAP Response"/><con:assertion type="Schema Compliance" id="2839c947-bd2c-4601-b0e9-2555be7a0e27" name="Schema Compliance"><con:configuration/></con:assertion><con:wsaConfig action="http://fidus.brussels/services/countryservice/getAddressCountries"/></con:request></con:config></con:testStep><con:properties/></con:testCase><con:testCase id="9ea9ce2c-df8c-4a8b-9fca-d65ef91cf9fc" failOnError="true" failTestCaseOnErrors="true" keepSession="false" maxResults="0" name="getAddressCountry" searchProperties="true"><con:settings/><con:testStep type="request" id="95239dbe-117d-457f-bbb5-1d6881df6f63" name="testcase02 - Dev - Request"><con:settings/><con:config xsi:type="con:RequestStep" xmlns:xsi="http://www.w3.org/2001/XMLSchema-instance"><con:interface>CountryServiceHTTPBinding</con:interface><con:operation>getAddressCountry</con:operation><con:request name="testcase02 - Dev - Request" id="3c4c323f-8373-474b-89a3-71a2f1c97a49" outgoingWss="Outflow DEV"><con:settings/><con:encoding>UTF-8</con:encoding><con:endpoint>https://192.168.36.61:8243/services/CountryService_v1.0</con:endpoint><con:request><![CDATA[<soapenv:Envelope xmlns:soapenv="http://schemas.xmlsoap.org/soap/envelope/" xmlns:v1="http://fidus.brussels/service/countryservice/messages/v1" xmlns:v11="http://fidus.brussels/type/common/messages/v1" xmlns:v12="http://fsb.belgium.be/mappingServices/countryService/messages/v1_00">
   <soapenv:Header/>
   <soapenv:Body>
      <v1:getAddressCountryRequest>
         <v1:messageContext>
            <v11:messageId>${=import static java.util.UUID.randomUUID; uuid = randomUUID() as String}</v11:messageId>
            <!--Optional:-->
            <v11:timestamp>${=new java.text.SimpleDateFormat("yyyy-MM-dd'T'HH:mm:ss.SSS").format(new Date())}</v11:timestamp>
         </v1:messageContext>
         <v1:legalContext>ServiceIntegrator</v1:legalContext>
         <v1:request>
            <!--You have a CHOICE of the next 4 items at this level-->
            <v12:iso-alpha2>BE</v12:iso-alpha2>
            <!--<v12:iso-alpha3 startDate="?" endDate="?" status="?">?</v12:iso-alpha3>-->
            <!--<v12:iso-num3 startDate="?" endDate="?" status="?">?</v12:iso-num3>-->
            <!--<v12:nis-num3 startDate="?" endDate="?" status="?">?</v12:nis-num3>-->
         </v1:request>
      </v1:getAddressCountryRequest>
   </soapenv:Body>
</soapenv:Envelope>]]></con:request><con:assertion type="SOAP Fault Assertion" id="9591c9df-fa9d-4df2-9f8f-2a037d73e061" name="Not SOAP Fault"/><con:assertion type="SOAP Response" id="3330406e-b488-4725-8c97-54e5d3aa69bf" name="SOAP Response"/><con:assertion type="Schema Compliance" id="a70ff313-2b48-4ad5-9e85-8efcb050b071" name="Schema Compliance"><con:configuration/></con:assertion><con:wsaConfig action="http://fidus.brussels/services/countryservice/getAddressCountry"/></con:request></con:config></con:testStep><con:testStep type="request" id="0a22fca9-a1f9-44de-ac58-de6b861e746d" name="testcase02 - DevNew - Request"><con:settings/><con:config xsi:type="con:RequestStep" xmlns:xsi="http://www.w3.org/2001/XMLSchema-instance"><con:interface>CountryServiceHTTPBinding</con:interface><con:operation>getAddressCountry</con:operation><con:request name="testcase02 - DevNew - Request" id="4281d05c-9b33-4384-86e0-f49c7f509e25" outgoingWss="Outflow DEV"><con:settings/><con:encoding>UTF-8</con:encoding><con:endpoint>https://192.168.36.75:8243/services/CountryService_v1.0</con:endpoint><con:request><![CDATA[<soapenv:Envelope xmlns:soapenv="http://schemas.xmlsoap.org/soap/envelope/" xmlns:v1="http://fidus.brussels/service/countryservice/messages/v1" xmlns:v11="http://fidus.brussels/type/common/messages/v1" xmlns:v12="http://fsb.belgium.be/mappingServices/countryService/messages/v1_00">
   <soapenv:Header/>
   <soapenv:Body>
      <v1:getAddressCountryRequest>
         <v1:messageContext>
            <v11:messageId>${=import static java.util.UUID.randomUUID; uuid = randomUUID() as String}</v11:messageId>
            <!--Optional:-->
            <v11:timestamp>${=new java.text.SimpleDateFormat("yyyy-MM-dd'T'HH:mm:ss.SSS").format(new Date())}</v11:timestamp>
         </v1:messageContext>
         <v1:legalContext>ServiceIntegrator</v1:legalContext>
         <v1:request>
            <!--You have a CHOICE of the next 4 items at this level-->
            <v12:iso-alpha2>BE</v12:iso-alpha2>
            <!--<v12:iso-alpha3 startDate="?" endDate="?" status="?">?</v12:iso-alpha3>-->
            <!--<v12:iso-num3 startDate="?" endDate="?" status="?">?</v12:iso-num3>-->
            <!--<v12:nis-num3 startDate="?" endDate="?" status="?">?</v12:nis-num3>-->
         </v1:request>
      </v1:getAddressCountryRequest>
   </soapenv:Body>
</soapenv:Envelope>]]></con:request><con:assertion type="SOAP Fault Assertion" id="acbd7af4-9755-4e66-9b0c-b4a05b8e048f" name="Not SOAP Fault"/><con:assertion type="SOAP Response" id="1a0cfe46-84bf-47c7-a2ad-2d7fc31244c7" name="SOAP Response"/><con:assertion type="Schema Compliance" id="59938d20-f745-446d-8893-b8164ab488ed" name="Schema Compliance"><con:configuration/></con:assertion><con:wsaConfig action="http://fidus.brussels/services/countryservice/getAddressCountry"/></con:request></con:config></con:testStep><con:properties/></con:testCase><con:testCase id="14c7a101-d3dc-4739-bc47-34551047b5f0" failOnError="true" failTestCaseOnErrors="true" keepSession="false" maxResults="0" name="getAddressCountryHistory" searchProperties="true"><con:settings/><con:testStep type="request" id="b25060c2-0405-41e9-839e-5fb6e3b1dd0f" name="testcase02 - Dev - Request"><con:settings/><con:config xsi:type="con:RequestStep" xmlns:xsi="http://www.w3.org/2001/XMLSchema-instance"><con:interface>CountryServiceHTTPBinding</con:interface><con:operation>getAddressCountryHistory</con:operation><con:request name="testcase02 - Dev - Request" id="7d67d3bd-1c38-49be-a3e9-af23912ef4f3" outgoingWss="Outflow DEV"><con:settings/><con:encoding>UTF-8</con:encoding><con:endpoint>https://192.168.36.61:8243/services/CountryService_v1.0</con:endpoint><con:request><![CDATA[<soapenv:Envelope xmlns:soapenv="http://schemas.xmlsoap.org/soap/envelope/" xmlns:v1="http://fidus.brussels/service/countryservice/messages/v1" xmlns:v11="http://fidus.brussels/type/common/messages/v1" xmlns:v12="http://fsb.belgium.be/mappingServices/countryService/messages/v1_00">
   <soapenv:Header/>
   <soapenv:Body>
      <v1:getAddressCountryHistoryRequest>
         <v1:messageContext>
            <v11:messageId>${=import static java.util.UUID.randomUUID; uuid = randomUUID() as String}</v11:messageId>
            <v11:timestamp>${=new java.text.SimpleDateFormat("yyyy-MM-dd'T'HH:mm:ss.SSS").format(new Date())}</v11:timestamp>
         </v1:messageContext>
         <v1:legalContext>ServiceIntegrator</v1:legalContext>
         <v1:request>
            <v12:iso-alpha2>BE</v12:iso-alpha2>
            <!--<v12:referenceDate>2016-10-10</v12:referenceDate>-->
         </v1:request>
      </v1:getAddressCountryHistoryRequest>
   </soapenv:Body>
</soapenv:Envelope>]]></con:request><con:assertion type="SOAP Fault Assertion" id="04f4808f-1c71-40ee-9ca2-a11d89abcd4b" name="Not SOAP Fault"/><con:assertion type="SOAP Response" id="29494f54-830c-45e5-84ef-d722cad2e31b" name="SOAP Response"/><con:assertion type="Schema Compliance" id="2f45fad1-a1fc-4d5d-87b7-26b0ed12db98" name="Schema Compliance"><con:configuration/></con:assertion><con:wsaConfig action="http://fidus.brussels/services/countryservice/getAddressCountryHistory"/></con:request></con:config></con:testStep><con:testStep type="request" id="9b309b5b-f13b-4af8-b7e1-34ac98b7d1ac" name="testcase02 - DevNew - Request"><con:settings/><con:config xsi:type="con:RequestStep" xmlns:xsi="http://www.w3.org/2001/XMLSchema-instance"><con:interface>CountryServiceHTTPBinding</con:interface><con:operation>getAddressCountryHistory</con:operation><con:request name="testcase02 - DevNew - Request" id="1dd55b53-26bb-4aa6-89bd-9e22044ae776" outgoingWss="Outflow DEV"><con:settings/><con:encoding>UTF-8</con:encoding><con:endpoint>https://192.168.36.75:8243/services/CountryService_v1.0</con:endpoint><con:request><![CDATA[<soapenv:Envelope xmlns:soapenv="http://schemas.xmlsoap.org/soap/envelope/" xmlns:v1="http://fidus.brussels/service/countryservice/messages/v1" xmlns:v11="http://fidus.brussels/type/common/messages/v1" xmlns:v12="http://fsb.belgium.be/mappingServices/countryService/messages/v1_00">
   <soapenv:Header/>
   <soapenv:Body>
      <v1:getAddressCountryHistoryRequest>
         <v1:messageContext>
            <v11:messageId>${=import static java.util.UUID.randomUUID; uuid = randomUUID() as String}</v11:messageId>
            <v11:timestamp>${=new java.text.SimpleDateFormat("yyyy-MM-dd'T'HH:mm:ss.SSS").format(new Date())}</v11:timestamp>
         </v1:messageContext>
         <v1:legalContext>ServiceIntegrator</v1:legalContext>
         <v1:request>
            <v12:iso-alpha2>BE</v12:iso-alpha2>
            <!--<v12:referenceDate>2016-10-10</v12:referenceDate>-->
         </v1:request>
      </v1:getAddressCountryHistoryRequest>
   </soapenv:Body>
</soapenv:Envelope>]]></con:request><con:assertion type="SOAP Fault Assertion" id="3919cf84-a7b4-4ea6-9969-815a333cf2f0" name="Not SOAP Fault"/><con:assertion type="SOAP Response" id="aa04abb4-6701-457a-983e-c74529619af6" name="SOAP Response"/><con:assertion type="Schema Compliance" id="68999fd7-4c65-4311-84a2-684538e3cbb2" name="Schema Compliance"><con:configuration/></con:assertion><con:wsaConfig action="http://fidus.brussels/services/countryservice/getAddressCountryHistory"/></con:request></con:config></con:testStep><con:properties/></con:testCase><con:testCase id="8c56518f-ef16-4d89-b9ea-093a6e1ec816" failOnError="true" failTestCaseOnErrors="true" keepSession="false" maxResults="0" name="getAllIsoCodes" searchProperties="true"><con:settings/><con:testStep type="request" id="63b16a09-c6e3-45fc-947b-0914408e051b" name="testcase02 - Dev - Request"><con:settings/><con:config xsi:type="con:RequestStep" xmlns:xsi="http://www.w3.org/2001/XMLSchema-instance"><con:interface>CountryServiceHTTPBinding</con:interface><con:operation>getAllIsoCodes</con:operation><con:request name="testcase02 - Dev - Request" id="eb495525-c74e-49dc-812a-e2c7447abb48" outgoingWss="Outflow DEV"><con:settings/><con:encoding>UTF-8</con:encoding><con:endpoint>https://192.168.36.61:8243/services/CountryService_v1.0</con:endpoint><con:request><![CDATA[<soapenv:Envelope xmlns:soapenv="http://schemas.xmlsoap.org/soap/envelope/" xmlns:v1="http://fidus.brussels/service/countryservice/messages/v1" xmlns:v11="http://fidus.brussels/type/common/messages/v1">
   <soapenv:Header/>
   <soapenv:Body>
      <v1:getAllIsoCodesRequest>
         <v1:messageContext>
            <v11:messageId>${=import static java.util.UUID.randomUUID; uuid = randomUUID() as String}</v11:messageId>
            <!--Optional:-->
            <v11:timestamp>${=new java.text.SimpleDateFormat("yyyy-MM-dd'T'HH:mm:ss.SSS").format(new Date())}</v11:timestamp>
         </v1:messageContext>
         <v1:legalContext>ServiceIntegrator</v1:legalContext>
         <v1:request>
            <!--Optional:-->
            <v1:referenceDate>2016-10-06</v1:referenceDate>
         </v1:request>
      </v1:getAllIsoCodesRequest>
   </soapenv:Body>
</soapenv:Envelope>]]></con:request><con:assertion type="SOAP Fault Assertion" id="52f732f7-13ef-4474-b21d-0836669ecda4" name="Not SOAP Fault"/><con:assertion type="SOAP Response" id="61b1ad09-459b-47c4-a0e0-a5f3624f80f9" name="SOAP Response"/><con:assertion type="Schema Compliance" id="1ca032f5-d98b-49fc-9771-45b7fff43a9e" name="Schema Compliance"><con:configuration/></con:assertion><con:wsaConfig action="http://fidus.brussels/services/countryservice/getAllIsoCodes"/></con:request></con:config></con:testStep><con:testStep type="request" id="cf71d8b5-3fe6-4fca-aa98-847d57648a1f" name="testcase02 - DevNew - Request"><con:settings/><con:config xsi:type="con:RequestStep" xmlns:xsi="http://www.w3.org/2001/XMLSchema-instance"><con:interface>CountryServiceHTTPBinding</con:interface><con:operation>getAllIsoCodes</con:operation><con:request name="testcase02 - DevNew - Request" id="c97e6624-0852-41c7-8b9f-1d4f7dc9ddab" outgoingWss="Outflow DEV"><con:settings/><con:encoding>UTF-8</con:encoding><con:endpoint>https://192.168.36.75:8243/services/CountryService_v1.0</con:endpoint><con:request><![CDATA[<soapenv:Envelope xmlns:soapenv="http://schemas.xmlsoap.org/soap/envelope/" xmlns:v1="http://fidus.brussels/service/countryservice/messages/v1" xmlns:v11="http://fidus.brussels/type/common/messages/v1">
   <soapenv:Header/>
   <soapenv:Body>
      <v1:getAllIsoCodesRequest>
         <v1:messageContext>
            <v11:messageId>${=import static java.util.UUID.randomUUID; uuid = randomUUID() as String}</v11:messageId>
            <!--Optional:-->
            <v11:timestamp>${=new java.text.SimpleDateFormat("yyyy-MM-dd'T'HH:mm:ss.SSS").format(new Date())}</v11:timestamp>
         </v1:messageContext>
         <v1:legalContext>ServiceIntegrator</v1:legalContext>
         <v1:request>
            <!--Optional:-->
            <v1:referenceDate>2016-10-06</v1:referenceDate>
         </v1:request>
      </v1:getAllIsoCodesRequest>
   </soapenv:Body>
</soapenv:Envelope>]]></con:request><con:assertion type="SOAP Fault Assertion" id="4bfd9bfd-a319-4927-96fa-db291cb2f665" name="Not SOAP Fault"/><con:assertion type="SOAP Response" id="4a990540-212a-4053-932e-f5273e234625" name="SOAP Response"/><con:assertion type="Schema Compliance" id="f39bb679-fb05-4ecc-9945-efeef4a99ff4" name="Schema Compliance"><con:configuration/></con:assertion><con:wsaConfig action="http://fidus.brussels/services/countryservice/getAllIsoCodes"/></con:request></con:config></con:testStep><con:properties/></con:testCase><con:testCase id="9d51ee9e-b0eb-4ca1-9f31-23865279d47d" failOnError="true" failTestCaseOnErrors="true" keepSession="false" maxResults="0" name="getAllNisCodes" searchProperties="true"><con:settings/><con:testStep type="request" id="183edbb3-ec44-4128-996e-220da2d948ed" name="testcase02 - Dev - Request"><con:settings/><con:config xsi:type="con:RequestStep" xmlns:xsi="http://www.w3.org/2001/XMLSchema-instance"><con:interface>CountryServiceHTTPBinding</con:interface><con:operation>getAllNisCodes</con:operation><con:request name="testcase02 - Dev - Request" id="4f8cb0ce-2e4c-4e51-a7db-259916040ebf" outgoingWss="Outflow DEV"><con:settings/><con:encoding>UTF-8</con:encoding><con:endpoint>https://192.168.36.61:8243/services/CountryService_v1.0</con:endpoint><con:request><![CDATA[<soapenv:Envelope xmlns:soapenv="http://schemas.xmlsoap.org/soap/envelope/" xmlns:v1="http://fidus.brussels/service/countryservice/messages/v1" xmlns:v11="http://fidus.brussels/type/common/messages/v1">
   <soapenv:Header/>
   <soapenv:Body>
      <v1:getAllNisCodesRequest>
         <v1:messageContext>
            <v11:messageId>${=import static java.util.UUID.randomUUID; uuid = randomUUID() as String}</v11:messageId>            
            <v11:timestamp>${=new java.text.SimpleDateFormat("yyyy-MM-dd'T'HH:mm:ss.SSS").format(new Date())}</v11:timestamp>
         </v1:messageContext>
         <v1:legalContext>ServiceIntegrator</v1:legalContext>
         <v1:request>
            <!--Optional:-->
            <v1:referenceDate>2016-10-13</v1:referenceDate>
         </v1:request>
      </v1:getAllNisCodesRequest>
   </soapenv:Body>
</soapenv:Envelope>]]></con:request><con:assertion type="SOAP Fault Assertion" id="199b875c-5e6d-44dd-840e-a8664d59c717" name="Not SOAP Fault"/><con:assertion type="SOAP Response" id="37fb73b6-a346-4ac6-bdc0-4b15cf01879d" name="SOAP Response"/><con:assertion type="Schema Compliance" id="68941ff6-7203-4d3d-8fc3-74e3da992e13" name="Schema Compliance"><con:configuration/></con:assertion><con:wsaConfig action="http://fidus.brussels/services/countryservice/getAllNisCodes"/></con:request></con:config></con:testStep><con:testStep type="request" id="15902ef8-1b7d-4ec1-ae23-4515cffdd51b" name="testcase02 - DevNew - Request"><con:settings/><con:config xsi:type="con:RequestStep" xmlns:xsi="http://www.w3.org/2001/XMLSchema-instance"><con:interface>CountryServiceHTTPBinding</con:interface><con:operation>getAllNisCodes</con:operation><con:request name="testcase02 - DevNew - Request" id="cb4aa706-27cd-40cd-896d-15800d9d75fa" outgoingWss="Outflow DEV"><con:settings/><con:encoding>UTF-8</con:encoding><con:endpoint>https://192.168.36.75:8243/services/CountryService_v1.0</con:endpoint><con:request><![CDATA[<soapenv:Envelope xmlns:soapenv="http://schemas.xmlsoap.org/soap/envelope/" xmlns:v1="http://fidus.brussels/service/countryservice/messages/v1" xmlns:v11="http://fidus.brussels/type/common/messages/v1">
   <soapenv:Header/>
   <soapenv:Body>
      <v1:getAllNisCodesRequest>
         <v1:messageContext>
            <v11:messageId>${=import static java.util.UUID.randomUUID; uuid = randomUUID() as String}</v11:messageId>            
            <v11:timestamp>${=new java.text.SimpleDateFormat("yyyy-MM-dd'T'HH:mm:ss.SSS").format(new Date())}</v11:timestamp>
         </v1:messageContext>
         <v1:legalContext>ServiceIntegrator</v1:legalContext>
         <v1:request>
            <!--Optional:-->
            <v1:referenceDate>2016-10-13</v1:referenceDate>
         </v1:request>
      </v1:getAllNisCodesRequest>
   </soapenv:Body>
</soapenv:Envelope>]]></con:request><con:assertion type="SOAP Fault Assertion" id="626bcbee-465f-4e11-9bf0-0cd6a15a034c" name="Not SOAP Fault"/><con:assertion type="SOAP Response" id="5eea0725-8e19-4efd-b6f2-1530a620b44b" name="SOAP Response"/><con:assertion type="Schema Compliance" id="038b1a7d-8f2d-4f39-a52b-64f4b99cae43" name="Schema Compliance"><con:configuration/></con:assertion><con:wsaConfig action="http://fidus.brussels/services/countryservice/getAllNisCodes"/></con:request></con:config></con:testStep><con:properties/></con:testCase><con:testCase id="435082d7-d002-4972-a04c-07ff4432444b" failOnError="true" failTestCaseOnErrors="true" keepSession="false" maxResults="0" name="getNationalities" searchProperties="true"><con:settings/><con:testStep type="request" id="9e5a7c8c-aee6-4b38-8753-127961d04e7a" name="testcase02 - Dev - Request"><con:settings/><con:config xsi:type="con:RequestStep" xmlns:xsi="http://www.w3.org/2001/XMLSchema-instance"><con:interface>CountryServiceHTTPBinding</con:interface><con:operation>getNationalities</con:operation><con:request name="testcase02 - Dev - Request" id="a62c0383-f599-40c7-9803-b26a60bea89c" outgoingWss="Outflow DEV"><con:settings/><con:encoding>UTF-8</con:encoding><con:endpoint>https://192.168.36.61:8243/services/CountryService_v1.0</con:endpoint><con:request><![CDATA[<soapenv:Envelope xmlns:soapenv="http://schemas.xmlsoap.org/soap/envelope/" xmlns:v1="http://fidus.brussels/service/countryservice/messages/v1" xmlns:v11="http://fidus.brussels/type/common/messages/v1">
   <soapenv:Header/>
   <soapenv:Body>
      <v1:getNationalitiesRequest>
         <v1:messageContext>
            <v11:messageId>${=import static java.util.UUID.randomUUID; uuid = randomUUID() as String}</v11:messageId>
            <!--Optional:-->
            <v11:timestamp>${=new java.text.SimpleDateFormat("yyyy-MM-dd'T'HH:mm:ss.SSS").format(new Date())}</v11:timestamp>
         </v1:messageContext>
         <v1:legalContext>ServiceIntegrator</v1:legalContext>
         <v1:request>
            <!--Optional:-->
            <v1:referenceDate>2016-10-13</v1:referenceDate>
         </v1:request>
      </v1:getNationalitiesRequest>
   </soapenv:Body>
</soapenv:Envelope>]]></con:request><con:assertion type="SOAP Fault Assertion" id="ddcfc469-8007-4c63-9a20-2726a4254182" name="Not SOAP Fault"/><con:assertion type="SOAP Response" id="cab8a925-a84a-4444-b506-2d07724d1cf2" name="SOAP Response"/><con:assertion type="Schema Compliance" id="2d6fd040-40eb-4d34-b63c-7df458578adc" name="Schema Compliance"><con:configuration/></con:assertion><con:wsaConfig action="http://fidus.brussels/services/countryservice/getNationalities"/></con:request></con:config></con:testStep><con:testStep type="request" id="21629aa4-95cf-4892-871f-c61b7cdbb76b" name="testcase02 - DevNew - Request"><con:settings/><con:config xsi:type="con:RequestStep" xmlns:xsi="http://www.w3.org/2001/XMLSchema-instance"><con:interface>CountryServiceHTTPBinding</con:interface><con:operation>getNationalities</con:operation><con:request name="testcase02 - DevNew - Request" id="45cec9c5-0b10-42b2-bad2-b29408179e89" outgoingWss="Outflow DEV"><con:settings/><con:encoding>UTF-8</con:encoding><con:endpoint>https://192.168.36.75:8243/services/CountryService_v1.0</con:endpoint><con:request><![CDATA[<soapenv:Envelope xmlns:soapenv="http://schemas.xmlsoap.org/soap/envelope/" xmlns:v1="http://fidus.brussels/service/countryservice/messages/v1" xmlns:v11="http://fidus.brussels/type/common/messages/v1">
   <soapenv:Header/>
   <soapenv:Body>
      <v1:getNationalitiesRequest>
         <v1:messageContext>
            <v11:messageId>${=import static java.util.UUID.randomUUID; uuid = randomUUID() as String}</v11:messageId>
            <!--Optional:-->
            <v11:timestamp>${=new java.text.SimpleDateFormat("yyyy-MM-dd'T'HH:mm:ss.SSS").format(new Date())}</v11:timestamp>
         </v1:messageContext>
         <v1:legalContext>ServiceIntegrator</v1:legalContext>
         <v1:request>
            <!--Optional:-->
            <v1:referenceDate>2016-10-13</v1:referenceDate>
         </v1:request>
      </v1:getNationalitiesRequest>
   </soapenv:Body>
</soapenv:Envelope>]]></con:request><con:assertion type="SOAP Fault Assertion" id="f3e84c0a-5208-4e5d-8683-72294238bfdd" name="Not SOAP Fault"/><con:assertion type="SOAP Response" id="27f26a5f-5b66-4daf-a1c2-346d03662282" name="SOAP Response"/><con:assertion type="Schema Compliance" id="6790a365-c48e-405b-9817-098299b1f2a5" name="Schema Compliance"><con:configuration/></con:assertion><con:wsaConfig action="http://fidus.brussels/services/countryservice/getNationalities"/></con:request></con:config></con:testStep><con:properties/></con:testCase><con:testCase id="81ffaead-0d04-4b27-8daa-985826a1c716" failOnError="true" failTestCaseOnErrors="true" keepSession="false" maxResults="0" name="getNationality" searchProperties="true"><con:settings/><con:testStep type="request" id="d63d6906-9150-4ddd-95cf-00650dfe20fe" name="testcase02 - Dev - Request-iso_alpha3_FRA"><con:settings/><con:config xsi:type="con:RequestStep" xmlns:xsi="http://www.w3.org/2001/XMLSchema-instance"><con:interface>CountryServiceHTTPBinding</con:interface><con:operation>getNationality</con:operation><con:request name="testcase02 - Dev - Request-iso_alpha3_FRA" id="9947961f-4063-4eca-a011-282be209df98" outgoingWss="Outflow DEV"><con:settings/><con:encoding>UTF-8</con:encoding><con:endpoint>https://192.168.36.61:8243/services/CountryService_v1.0</con:endpoint><con:request><![CDATA[<soapenv:Envelope xmlns:soapenv="http://schemas.xmlsoap.org/soap/envelope/" xmlns:v1="http://fidus.brussels/service/countryservice/messages/v1" xmlns:v11="http://fidus.brussels/type/common/messages/v1" xmlns:v12="http://fsb.belgium.be/mappingServices/countryService/messages/v1_00">
   <soapenv:Header/>
   <soapenv:Body>
      <v1:getNationalityRequest>
         <v1:messageContext>
            <v11:messageId>${=import static java.util.UUID.randomUUID; uuid = randomUUID() as String}</v11:messageId>
            <!--Optional:-->
            <v11:timestamp>${=new java.text.SimpleDateFormat("yyyy-MM-dd'T'HH:mm:ss.SSS").format(new Date())}</v11:timestamp>
         </v1:messageContext>
         <v1:legalContext>ServiceIntegrator</v1:legalContext>
         <v1:request>
            <!--You have a CHOICE of the next 4 items at this level-->
            <!--
            <v12:iso-alpha2 startDate="?" endDate="?" status="?">?</v12:iso-alpha2>
            <v12:iso-alpha3 startDate="?" endDate="?" status="?">?</v12:iso-alpha3>
            <v12:iso-num3 startDate="?" endDate="?" status="?">?</v12:iso-num3>
            <v12:nis-num3 startDate="?" endDate="?" status="?">?</v12:nis-num3> 
            -->             
             <v12:iso-alpha3>FRA</v12:iso-alpha3>           
         </v1:request>
      </v1:getNationalityRequest>
   </soapenv:Body>
</soapenv:Envelope>]]></con:request><con:assertion type="SOAP Fault Assertion" id="09611aa3-109a-4018-b8f3-8d643339252e" name="Not SOAP Fault"/><con:assertion type="SOAP Response" id="252f9d5c-baa9-4ce5-a795-aa8cf171d406" name="SOAP Response"/><con:assertion type="Schema Compliance" id="25e8415d-e3d4-45e5-b801-945c5bb7b33c" name="Schema Compliance"><con:configuration/></con:assertion><con:wsaConfig action="http://fidus.brussels/services/countryservice/getNationality"/></con:request></con:config></con:testStep><con:testStep type="request" id="1a7b6ef8-2bdc-4f6b-ad38-b7ca6bad469c" name="testcase02 - DevNew - Request-iso_alpha3_FRA"><con:settings/><con:config xsi:type="con:RequestStep" xmlns:xsi="http://www.w3.org/2001/XMLSchema-instance"><con:interface>CountryServiceHTTPBinding</con:interface><con:operation>getNationality</con:operation><con:request name="testcase02 - DevNew - Request-iso_alpha3_FRA" id="eb3672d6-9606-4d79-bf24-c84323fcbd95" outgoingWss="Outflow DEV"><con:settings/><con:encoding>UTF-8</con:encoding><con:endpoint>https://192.168.36.75:8243/services/CountryService_v1.0</con:endpoint><con:request><![CDATA[<soapenv:Envelope xmlns:soapenv="http://schemas.xmlsoap.org/soap/envelope/" xmlns:v1="http://fidus.brussels/service/countryservice/messages/v1" xmlns:v11="http://fidus.brussels/type/common/messages/v1" xmlns:v12="http://fsb.belgium.be/mappingServices/countryService/messages/v1_00">
   <soapenv:Header/>
   <soapenv:Body>
      <v1:getNationalityRequest>
         <v1:messageContext>
            <v11:messageId>${=import static java.util.UUID.randomUUID; uuid = randomUUID() as String}</v11:messageId>
            <!--Optional:-->
            <v11:timestamp>${=new java.text.SimpleDateFormat("yyyy-MM-dd'T'HH:mm:ss.SSS").format(new Date())}</v11:timestamp>
         </v1:messageContext>
         <v1:legalContext>ServiceIntegrator</v1:legalContext>
         <v1:request>
            <!--You have a CHOICE of the next 4 items at this level-->
            <!--
            <v12:iso-alpha2 startDate="?" endDate="?" status="?">?</v12:iso-alpha2>
            <v12:iso-alpha3 startDate="?" endDate="?" status="?">?</v12:iso-alpha3>
            <v12:iso-num3 startDate="?" endDate="?" status="?">?</v12:iso-num3>
            <v12:nis-num3 startDate="?" endDate="?" status="?">?</v12:nis-num3> 
            -->             
             <v12:iso-alpha3>FRA</v12:iso-alpha3>           
         </v1:request>
      </v1:getNationalityRequest>
   </soapenv:Body>
</soapenv:Envelope>]]></con:request><con:assertion type="SOAP Fault Assertion" id="5f8dd73b-d05a-4489-959d-ccd5b892aac4" name="Not SOAP Fault"/><con:assertion type="SOAP Response" id="1e155287-9d8e-41eb-b257-28479aad2fa4" name="SOAP Response"/><con:assertion type="Schema Compliance" id="fc8ef18b-b6f5-4e3d-8895-204cd6738956" name="Schema Compliance"><con:configuration/></con:assertion><con:wsaConfig action="http://fidus.brussels/services/countryservice/getNationality"/></con:request></con:config></con:testStep><con:properties/></con:testCase><con:testCase id="4e33c8ee-0c94-4ff2-9a5f-8ce6591489a1" failOnError="true" failTestCaseOnErrors="true" keepSession="false" maxResults="0" name="getNationalityHistory" searchProperties="true"><con:settings/><con:testStep type="request" id="c22ca760-8ede-4779-8100-5047d4692c36" name="testcase02 - Dev - Request"><con:settings/><con:config xsi:type="con:RequestStep" xmlns:xsi="http://www.w3.org/2001/XMLSchema-instance"><con:interface>CountryServiceHTTPBinding</con:interface><con:operation>getNationalityHistory</con:operation><con:request name="testcase02 - Dev - Request" id="dc1239bd-f7dd-40c0-b568-bf5e4469a6fc" outgoingWss="Outflow DEV"><con:settings/><con:encoding>UTF-8</con:encoding><con:endpoint>https://192.168.36.61:8243/services/CountryService_v1.0</con:endpoint><con:request><![CDATA[<soapenv:Envelope xmlns:soapenv="http://schemas.xmlsoap.org/soap/envelope/" xmlns:v1="http://fidus.brussels/service/countryservice/messages/v1" xmlns:v11="http://fidus.brussels/type/common/messages/v1" xmlns:v12="http://fsb.belgium.be/mappingServices/countryService/messages/v1_00">
   <soapenv:Header/>
   <soapenv:Body>
      <v1:getNationalityHistoryRequest>
         <v1:messageContext>
            <v11:messageId>${=import static java.util.UUID.randomUUID; uuid = randomUUID() as String}</v11:messageId>
            <!--Optional:-->
            <v11:timestamp>${=new java.text.SimpleDateFormat("yyyy-MM-dd'T'HH:mm:ss.SSS").format(new Date())}</v11:timestamp>
         </v1:messageContext>
         <v1:legalContext>ServiceIntegrator</v1:legalContext>
         <v1:request>
            <v12:iso-alpha3>FRA</v12:iso-alpha3>                      
         </v1:request>
      </v1:getNationalityHistoryRequest>
   </soapenv:Body>
</soapenv:Envelope>]]></con:request><con:assertion type="SOAP Fault Assertion" id="331c368d-b808-49e3-b651-b007b38d4b63" name="Not SOAP Fault"/><con:assertion type="SOAP Response" id="07c3d548-7965-4f20-83f8-8429911f69c6" name="SOAP Response"/><con:assertion type="Schema Compliance" id="6d5addd6-3f74-4c2e-b787-eb3f4dedab94" name="Schema Compliance"><con:configuration/></con:assertion><con:wsaConfig action="http://fidus.brussels/services/countryservice/getNationalityHistory"/></con:request></con:config></con:testStep><con:testStep type="request" id="d02c22d8-b8bb-414a-a79b-d92ef1792573" name="testcase02 - DevNew - Request"><con:settings/><con:config xsi:type="con:RequestStep" xmlns:xsi="http://www.w3.org/2001/XMLSchema-instance"><con:interface>CountryServiceHTTPBinding</con:interface><con:operation>getNationalityHistory</con:operation><con:request name="testcase02 - DevNew - Request" id="8b16948a-0ef7-4d7c-890a-a829568655d7" outgoingWss="Outflow DEV"><con:settings/><con:encoding>UTF-8</con:encoding><con:endpoint>https://192.168.36.75:8243/services/CountryService_v1.0</con:endpoint><con:request><![CDATA[<soapenv:Envelope xmlns:soapenv="http://schemas.xmlsoap.org/soap/envelope/" xmlns:v1="http://fidus.brussels/service/countryservice/messages/v1" xmlns:v11="http://fidus.brussels/type/common/messages/v1" xmlns:v12="http://fsb.belgium.be/mappingServices/countryService/messages/v1_00">
   <soapenv:Header/>
   <soapenv:Body>
      <v1:getNationalityHistoryRequest>
         <v1:messageContext>
            <v11:messageId>${=import static java.util.UUID.randomUUID; uuid = randomUUID() as String}</v11:messageId>
            <!--Optional:-->
            <v11:timestamp>${=new java.text.SimpleDateFormat("yyyy-MM-dd'T'HH:mm:ss.SSS").format(new Date())}</v11:timestamp>
         </v1:messageContext>
         <v1:legalContext>ServiceIntegrator</v1:legalContext>
         <v1:request>
            <v12:iso-alpha3>FRA</v12:iso-alpha3>                      
         </v1:request>
      </v1:getNationalityHistoryRequest>
   </soapenv:Body>
</soapenv:Envelope>]]></con:request><con:assertion type="SOAP Fault Assertion" id="d987a9fa-b281-4d80-99d7-893c855437c8" name="Not SOAP Fault"/><con:assertion type="SOAP Response" id="32eec886-7675-4e3b-9a29-86df4d5ed22d" name="SOAP Response"/><con:assertion type="Schema Compliance" id="18c8e01c-1610-4462-9d2d-cff31521c7ee" name="Schema Compliance"><con:configuration/></con:assertion><con:wsaConfig action="http://fidus.brussels/services/countryservice/getNationalityHistory"/></con:request></con:config></con:testStep><con:properties/></con:testCase><con:testCase id="bb856c36-d75a-4823-b4b2-c6b93fc0a67e" failOnError="true" failTestCaseOnErrors="true" keepSession="false" maxResults="0" name="getPlaceCountries" searchProperties="true"><con:settings/><con:testStep type="request" id="73063b7c-31c6-468e-81be-475bc594eda1" name="testcase02 - Dev - Request"><con:settings/><con:config xsi:type="con:RequestStep" xmlns:xsi="http://www.w3.org/2001/XMLSchema-instance"><con:interface>CountryServiceHTTPBinding</con:interface><con:operation>getPlaceCountries</con:operation><con:request name="testcase02 - Dev - Request" id="d50cb8ca-5408-4f44-a49b-ba8e39ad8437" outgoingWss="Outflow DEV"><con:settings/><con:encoding>UTF-8</con:encoding><con:endpoint>https://192.168.36.61:8243/services/CountryService_v1.0</con:endpoint><con:request><![CDATA[<soapenv:Envelope xmlns:soapenv="http://schemas.xmlsoap.org/soap/envelope/" xmlns:v1="http://fidus.brussels/service/countryservice/messages/v1" xmlns:v11="http://fidus.brussels/type/common/messages/v1">
   <soapenv:Header/>
   <soapenv:Body>
      <v1:getPlaceCountriesRequest>
         <v1:messageContext>
            <v11:messageId>${=import static java.util.UUID.randomUUID; uuid = randomUUID() as String}</v11:messageId>
            <!--Optional:-->
            <v11:timestamp>${=new java.text.SimpleDateFormat("yyyy-MM-dd'T'HH:mm:ss.SSS").format(new Date())}</v11:timestamp>
         </v1:messageContext>
         <v1:legalContext>ServiceIntegrator</v1:legalContext>
         <v1:request>
            <!--Optional:-->
            <v1:referenceDate>2016-10-14</v1:referenceDate>
         </v1:request>
      </v1:getPlaceCountriesRequest>
   </soapenv:Body>
</soapenv:Envelope>]]></con:request><con:assertion type="SOAP Fault Assertion" id="c868fb20-82b9-4cc1-af1f-4892a384ce98" name="Not SOAP Fault"/><con:assertion type="SOAP Response" id="e378f879-c28d-4616-ac1a-331c199c603b" name="SOAP Response"/><con:assertion type="Schema Compliance" id="1df97629-9bd1-4b35-9fa0-1af76e6eb1f4" name="Schema Compliance"><con:configuration/></con:assertion><con:wsaConfig action="http://fidus.brussels/services/countryservice/getPlaceCountries"/></con:request></con:config></con:testStep><con:testStep type="request" id="10373120-5870-4626-a8ec-62cea78a51f3" name="testcase02 - DevNew - Request"><con:settings/><con:config xsi:type="con:RequestStep" xmlns:xsi="http://www.w3.org/2001/XMLSchema-instance"><con:interface>CountryServiceHTTPBinding</con:interface><con:operation>getPlaceCountries</con:operation><con:request name="testcase02 - DevNew - Request" id="974f0cc7-eb8e-43c9-937e-d1f39a86e9fe" outgoingWss="Outflow DEV"><con:settings/><con:encoding>UTF-8</con:encoding><con:endpoint>https://192.168.36.75:8243/services/CountryService_v1.0</con:endpoint><con:request><![CDATA[<soapenv:Envelope xmlns:soapenv="http://schemas.xmlsoap.org/soap/envelope/" xmlns:v1="http://fidus.brussels/service/countryservice/messages/v1" xmlns:v11="http://fidus.brussels/type/common/messages/v1">
   <soapenv:Header/>
   <soapenv:Body>
      <v1:getPlaceCountriesRequest>
         <v1:messageContext>
            <v11:messageId>${=import static java.util.UUID.randomUUID; uuid = randomUUID() as String}</v11:messageId>
            <!--Optional:-->
            <v11:timestamp>${=new java.text.SimpleDateFormat("yyyy-MM-dd'T'HH:mm:ss.SSS").format(new Date())}</v11:timestamp>
         </v1:messageContext>
         <v1:legalContext>ServiceIntegrator</v1:legalContext>
         <v1:request>
            <!--Optional:-->
            <v1:referenceDate>2016-10-14</v1:referenceDate>
         </v1:request>
      </v1:getPlaceCountriesRequest>
   </soapenv:Body>
</soapenv:Envelope>]]></con:request><con:assertion type="SOAP Fault Assertion" id="e72a6321-5df9-4d18-8963-222c65e48907" name="Not SOAP Fault"/><con:assertion type="SOAP Response" id="642b608b-bd0f-49ff-a665-eb5fb52b8650" name="SOAP Response"/><con:assertion type="Schema Compliance" id="584bd910-6b2e-4160-9c59-5ad4bddeffad" name="Schema Compliance"><con:configuration/></con:assertion><con:wsaConfig action="http://fidus.brussels/services/countryservice/getPlaceCountries"/></con:request></con:config></con:testStep><con:properties/></con:testCase><con:testCase id="4b1ca0ad-6007-468a-afcc-35bedd2e6d60" failOnError="true" failTestCaseOnErrors="true" keepSession="false" maxResults="0" name="getPlaceCountry" searchProperties="true"><con:settings/><con:testStep type="request" id="a68a7472-89b9-46e8-aa18-1bb1fac5cccd" name="testcase02 - Dev - Request"><con:settings/><con:config xsi:type="con:RequestStep" xmlns:xsi="http://www.w3.org/2001/XMLSchema-instance"><con:interface>CountryServiceHTTPBinding</con:interface><con:operation>getPlaceCountry</con:operation><con:request name="testcase02 - Dev - Request" id="1a05f849-f5d5-4022-a86c-3c48de73ed11" outgoingWss="Outflow DEV"><con:settings/><con:encoding>UTF-8</con:encoding><con:endpoint>https://192.168.36.61:8243/services/CountryService_v1.0</con:endpoint><con:request><![CDATA[<soapenv:Envelope xmlns:soapenv="http://schemas.xmlsoap.org/soap/envelope/" xmlns:v1="http://fidus.brussels/service/countryservice/messages/v1" xmlns:v11="http://fidus.brussels/type/common/messages/v1" xmlns:v12="http://fsb.belgium.be/mappingServices/countryService/messages/v1_00">
   <soapenv:Header/>
   <soapenv:Body>
      <v1:getPlaceCountryRequest>
         <v1:messageContext>
            <v11:messageId>${=import static java.util.UUID.randomUUID; uuid = randomUUID() as String}</v11:messageId>
            <!--Optional:-->
            <v11:timestamp>${=new java.text.SimpleDateFormat("yyyy-MM-dd'T'HH:mm:ss.SSS").format(new Date())}</v11:timestamp>
         </v1:messageContext>
         <v1:legalContext>ServiceIntegrator</v1:legalContext>
         <v1:request>
            <!--You have a CHOICE of the next 4 items at this level-->
            <!--
            <v12:iso-alpha2 startDate="?" endDate="?" status="?">?</v12:iso-alpha2>
            <v12:iso-alpha3 startDate="?" endDate="?" status="?">?</v12:iso-alpha3>
            <v12:iso-num3 startDate="?" endDate="?" status="?">?</v12:iso-num3>
            <v12:nis-num3 startDate="?" endDate="?" status="?">?</v12:nis-num3>
			-->
             <v12:iso-alpha2>NL</v12:iso-alpha2>
             
         </v1:request>
      </v1:getPlaceCountryRequest>
   </soapenv:Body>
</soapenv:Envelope>]]></con:request><con:assertion type="SOAP Fault Assertion" id="418c18b7-d153-486f-b77c-0d6d8df98120" name="Not SOAP Fault"/><con:assertion type="SOAP Response" id="eb141e2a-03cf-44a2-a9d9-5de083299b68" name="SOAP Response"/><con:assertion type="Schema Compliance" id="0d4ed267-bf1f-454f-a343-f657ae305cf0" name="Schema Compliance"><con:configuration/></con:assertion><con:wsaConfig action="http://fidus.brussels/services/countryservice/getPlaceCountry"/></con:request></con:config></con:testStep><con:testStep type="request" id="ae6ae110-450a-44fd-b3ea-0b873911c6b3" name="testcase02 - DevNew - Request"><con:settings/><con:config xsi:type="con:RequestStep" xmlns:xsi="http://www.w3.org/2001/XMLSchema-instance"><con:interface>CountryServiceHTTPBinding</con:interface><con:operation>getPlaceCountry</con:operation><con:request name="testcase02 - DevNew - Request" id="43acb81f-e25b-4d41-b0e4-44332190497c" outgoingWss="Outflow DEV"><con:settings/><con:encoding>UTF-8</con:encoding><con:endpoint>https://192.168.36.75:8243/services/CountryService_v1.0</con:endpoint><con:request><![CDATA[<soapenv:Envelope xmlns:soapenv="http://schemas.xmlsoap.org/soap/envelope/" xmlns:v1="http://fidus.brussels/service/countryservice/messages/v1" xmlns:v11="http://fidus.brussels/type/common/messages/v1" xmlns:v12="http://fsb.belgium.be/mappingServices/countryService/messages/v1_00">
   <soapenv:Header/>
   <soapenv:Body>
      <v1:getPlaceCountryRequest>
         <v1:messageContext>
            <v11:messageId>${=import static java.util.UUID.randomUUID; uuid = randomUUID() as String}</v11:messageId>
            <!--Optional:-->
            <v11:timestamp>${=new java.text.SimpleDateFormat("yyyy-MM-dd'T'HH:mm:ss.SSS").format(new Date())}</v11:timestamp>
         </v1:messageContext>
         <v1:legalContext>ServiceIntegrator</v1:legalContext>
         <v1:request>
            <!--You have a CHOICE of the next 4 items at this level-->
            <!--
            <v12:iso-alpha2 startDate="?" endDate="?" status="?">?</v12:iso-alpha2>
            <v12:iso-alpha3 startDate="?" endDate="?" status="?">?</v12:iso-alpha3>
            <v12:iso-num3 startDate="?" endDate="?" status="?">?</v12:iso-num3>
            <v12:nis-num3 startDate="?" endDate="?" status="?">?</v12:nis-num3>
			-->
             <v12:iso-alpha2>NL</v12:iso-alpha2>
             
         </v1:request>
      </v1:getPlaceCountryRequest>
   </soapenv:Body>
</soapenv:Envelope>]]></con:request><con:assertion type="SOAP Fault Assertion" id="7a4e33c7-a536-4115-a464-845333102bbb" name="Not SOAP Fault"/><con:assertion type="SOAP Response" id="1e1d97b9-e3cf-4bbf-af00-584c26d34111" name="SOAP Response"/><con:assertion type="Schema Compliance" id="a0b6d7f2-4095-4ca5-ab3f-12f697e6e49a" name="Schema Compliance"><con:configuration/></con:assertion><con:wsaConfig action="http://fidus.brussels/services/countryservice/getPlaceCountry"/></con:request></con:config></con:testStep><con:properties/></con:testCase><con:testCase id="8aa8fbc7-99f2-4633-8f66-271a63749589" failOnError="true" failTestCaseOnErrors="true" keepSession="false" maxResults="0" name="getPlaceCountryHistory" searchProperties="true"><con:settings/><con:testStep type="request" id="53319084-5197-434f-8ce9-3f6b70d3a81e" name="testcase02 - Dev - Request"><con:settings/><con:config xsi:type="con:RequestStep" xmlns:xsi="http://www.w3.org/2001/XMLSchema-instance"><con:interface>CountryServiceHTTPBinding</con:interface><con:operation>getPlaceCountryHistory</con:operation><con:request name="testcase02 - Dev - Request" id="e3bd8569-ce10-4f43-b0c4-38647ad735cd" outgoingWss="Outflow DEV"><con:settings/><con:encoding>UTF-8</con:encoding><con:endpoint>https://192.168.36.61:8243/services/CountryService_v1.0</con:endpoint><con:request><![CDATA[<soapenv:Envelope xmlns:soapenv="http://schemas.xmlsoap.org/soap/envelope/" xmlns:v1="http://fidus.brussels/service/countryservice/messages/v1" xmlns:v11="http://fidus.brussels/type/common/messages/v1" xmlns:v12="http://fsb.belgium.be/mappingServices/countryService/messages/v1_00">
   <soapenv:Header/>
   <soapenv:Body xmlns:soapenv="http://schemas.xmlsoap.org/soap/envelope/" xmlns:wsu="http://docs.oasis-open.org/wss/2004/01/oasis-200401-wss-wssecurity-utility-1.0.xsd" wsu:Id="id-5C8D63ADC1427B4599147860106781222">
   <v1:getPlaceCountryHistoryRequest xmlns:v1="http://fidus.brussels/service/countryservice/messages/v1">
         <v1:messageContext>
            <v11:messageId xmlns:v11="http://fidus.brussels/type/common/messages/v1">504da2d0-a96a-41e9-b3dd-3c1f56039568</v11:messageId>
            <!--Optional:-->
            <v11:timestamp xmlns:v11="http://fidus.brussels/type/common/messages/v1">2016-11-08T11:31:07.809</v11:timestamp>
         </v1:messageContext>
         <v1:legalContext>ServiceIntegrator</v1:legalContext>
         <v1:request>
            <v12:iso-alpha2 xmlns:v12="http://fsb.belgium.be/mappingServices/countryService/messages/v1_00">NL</v12:iso-alpha2>
            <!--Optional:-->
            <v12:referenceDate xmlns:v12="http://fsb.belgium.be/mappingServices/countryService/messages/v1_00">2016-10-10</v12:referenceDate>
         </v1:request>
      </v1:getPlaceCountryHistoryRequest>
   </soapenv:Body>
</soapenv:Envelope>]]></con:request><con:assertion type="SOAP Fault Assertion" id="db6c3b35-78a2-4dab-9935-acad7980a625" name="Not SOAP Fault"/><con:assertion type="SOAP Response" id="52e0264a-0eff-4846-80c3-9b233a257606" name="SOAP Response"/><con:assertion type="Schema Compliance" id="6f014576-1556-4989-b267-74a224538874" name="Schema Compliance"><con:configuration/></con:assertion><con:wsaConfig action="http://fidus.brussels/services/countryservice/getPlaceCountryHistory"/></con:request></con:config></con:testStep><con:testStep type="request" id="7d1d748f-b4f7-4481-b8c8-4f4cc431e6b5" name="testcase02 - DevNew - Request"><con:settings/><con:config xsi:type="con:RequestStep" xmlns:xsi="http://www.w3.org/2001/XMLSchema-instance"><con:interface>CountryServiceHTTPBinding</con:interface><con:operation>getPlaceCountryHistory</con:operation><con:request name="testcase02 - DevNew - Request" id="e8421618-ede0-4458-afb4-6765c8e57699" outgoingWss="Outflow DEV"><con:settings/><con:encoding>UTF-8</con:encoding><con:endpoint>https://192.168.36.75:8243/services/CountryService_v1.0</con:endpoint><con:request><![CDATA[<soapenv:Envelope xmlns:soapenv="http://schemas.xmlsoap.org/soap/envelope/" xmlns:v1="http://fidus.brussels/service/countryservice/messages/v1" xmlns:v11="http://fidus.brussels/type/common/messages/v1" xmlns:v12="http://fsb.belgium.be/mappingServices/countryService/messages/v1_00">
   <soapenv:Header/>
   <soapenv:Body xmlns:soapenv="http://schemas.xmlsoap.org/soap/envelope/" xmlns:wsu="http://docs.oasis-open.org/wss/2004/01/oasis-200401-wss-wssecurity-utility-1.0.xsd" wsu:Id="id-5C8D63ADC1427B4599147860106781222">
   <v1:getPlaceCountryHistoryRequest xmlns:v1="http://fidus.brussels/service/countryservice/messages/v1">
         <v1:messageContext>
            <v11:messageId xmlns:v11="http://fidus.brussels/type/common/messages/v1">504da2d0-a96a-41e9-b3dd-3c1f56039568</v11:messageId>
            <!--Optional:-->
            <v11:timestamp xmlns:v11="http://fidus.brussels/type/common/messages/v1">2016-11-08T11:31:07.809</v11:timestamp>
         </v1:messageContext>
         <v1:legalContext>ServiceIntegrator</v1:legalContext>
         <v1:request>
            <v12:iso-alpha2 xmlns:v12="http://fsb.belgium.be/mappingServices/countryService/messages/v1_00">NL</v12:iso-alpha2>
            <!--Optional:-->
            <v12:referenceDate xmlns:v12="http://fsb.belgium.be/mappingServices/countryService/messages/v1_00">2016-10-10</v12:referenceDate>
         </v1:request>
      </v1:getPlaceCountryHistoryRequest>
   </soapenv:Body>
</soapenv:Envelope>]]></con:request><con:assertion type="SOAP Fault Assertion" id="0b055b5f-6899-4dcb-8399-e91674fe0ef5" name="Not SOAP Fault"/><con:assertion type="SOAP Response" id="98561f5c-dfe8-48cc-927a-9176e30c4605" name="SOAP Response"/><con:assertion type="Schema Compliance" id="22802fb6-e752-4b1f-8a12-1bfc7dc3c3a1" name="Schema Compliance"><con:configuration/></con:assertion><con:wsaConfig action="http://fidus.brussels/services/countryservice/getPlaceCountryHistory"/></con:request></con:config></con:testStep><con:properties/></con:testCase><con:properties/></con:testSuite><con:testSuite id="355bf46c-325d-4644-8cda-d75a792cc9b1" name="STAG"><con:settings/><con:runType>SEQUENTIAL</con:runType><con:testCase id="13aae035-b4b0-49f2-b6d3-93084659c601" failOnError="true" failTestCaseOnErrors="true" keepSession="false" maxResults="0" name="getAddressCountries" searchProperties="true"><con:settings/><con:testStep type="request" id="29143f29-ff8b-4bd5-91e2-4622b2236c65" name="testcase04 - Staging External - Request"><con:settings/><con:config xsi:type="con:RequestStep" xmlns:xsi="http://www.w3.org/2001/XMLSchema-instance"><con:interface>CountryServiceHTTPBinding</con:interface><con:operation>getAddressCountries</con:operation><con:request name="testcase04 - Staging External - Request" id="95378fa8-fd25-42ab-9a58-daf9c9c2bd37" outgoingWss="Outflow STAG"><con:settings/><con:encoding>UTF-8</con:encoding><con:endpoint>https://fidus.irisnetlab.be/services/CountryService_v1.0</con:endpoint><con:request><![CDATA[<soapenv:Envelope xmlns:soapenv="http://schemas.xmlsoap.org/soap/envelope/" xmlns:v1="http://fidus.brussels/service/countryservice/messages/v1" xmlns:v11="http://fidus.brussels/type/common/messages/v1">
   <soapenv:Header/>
   <soapenv:Body>
      <v1:getAddressCountriesRequest>
         <v1:messageContext>
            <v11:messageId>${=import static java.util.UUID.randomUUID; uuid = randomUUID() as String}</v11:messageId>
            <!--Optional:-->
            <v11:timestamp>${=new java.text.SimpleDateFormat("yyyy-MM-dd'T'HH:mm:ss.SSS").format(new Date())}</v11:timestamp>
         </v1:messageContext>
         <v1:legalContext>ServiceIntegrator</v1:legalContext>
         <v1:request>
            <!--Optional:-->
            <v1:referenceDate>2016-10-10</v1:referenceDate>
         </v1:request>
      </v1:getAddressCountriesRequest>
   </soapenv:Body>
</soapenv:Envelope>]]></con:request><con:assertion type="SOAP Fault Assertion" id="6d14feda-3822-4c80-aaf2-58373b0d2176" name="Not SOAP Fault"/><con:assertion type="SOAP Response" id="37efdb3c-1e2d-49e0-bbc5-ec5f8d6f2581" name="SOAP Response"/><con:assertion type="Schema Compliance" id="0c2ff66d-3167-42b7-bf66-8787063e7c3f" name="Schema Compliance"><con:configuration/></con:assertion><con:wsaConfig action="http://fidus.brussels/services/countryservice/getAddressCountries"/></con:request></con:config></con:testStep><con:testStep type="request" id="0762fd59-7d26-4d7d-b1bd-70f867442de2" name="testcase04 - Staging LB - Request"><con:settings/><con:config xsi:type="con:RequestStep" xmlns:xsi="http://www.w3.org/2001/XMLSchema-instance"><con:interface>CountryServiceHTTPBinding</con:interface><con:operation>getAddressCountries</con:operation><con:request name="testcase04 - Staging LB - Request" id="a4bbac0d-bdb1-4fba-9359-ba679effe2f9" outgoingWss="Outflow STAG"><con:settings/><con:encoding>UTF-8</con:encoding><con:endpoint>https://fidus-esb-sg.sta.srv.cirb.lan:8443/services/CountryService_v1.0</con:endpoint><con:request><![CDATA[<soapenv:Envelope xmlns:soapenv="http://schemas.xmlsoap.org/soap/envelope/" xmlns:v1="http://fidus.brussels/service/countryservice/messages/v1" xmlns:v11="http://fidus.brussels/type/common/messages/v1">
   <soapenv:Header/>
   <soapenv:Body>
      <v1:getAddressCountriesRequest>
         <v1:messageContext>
            <v11:messageId>${=import static java.util.UUID.randomUUID; uuid = randomUUID() as String}</v11:messageId>
            <!--Optional:-->
            <v11:timestamp>${=new java.text.SimpleDateFormat("yyyy-MM-dd'T'HH:mm:ss.SSS").format(new Date())}</v11:timestamp>
         </v1:messageContext>
         <v1:legalContext>ServiceIntegrator</v1:legalContext>
         <v1:request>
            <!--Optional:-->
            <v1:referenceDate>2016-10-10</v1:referenceDate>
         </v1:request>
      </v1:getAddressCountriesRequest>
   </soapenv:Body>
</soapenv:Envelope>]]></con:request><con:assertion type="SOAP Fault Assertion" id="69277c00-547f-4dea-bc0c-ee2b4a25ef1a" name="Not SOAP Fault"/><con:assertion type="SOAP Response" id="2970aa9f-4936-42bf-bd57-8dc68b411e77" name="SOAP Response"/><con:assertion type="Schema Compliance" id="6fd38350-3776-4ca9-8755-954da84deb3e" name="Schema Compliance"><con:configuration/></con:assertion><con:wsaConfig action="http://fidus.brussels/services/countryservice/getAddressCountries"/></con:request></con:config></con:testStep><con:testStep type="request" id="a3ae74e8-0309-402f-b2d7-f942cca4cc55" name="testcase04 - Staging Worker1 - Request"><con:settings/><con:config xsi:type="con:RequestStep" xmlns:xsi="http://www.w3.org/2001/XMLSchema-instance"><con:interface>CountryServiceHTTPBinding</con:interface><con:operation>getAddressCountries</con:operation><con:request name="testcase04 - Staging Worker1 - Request" id="a72f60ce-fc69-4c0b-8594-db01245760f1" outgoingWss="Outflow STAG"><con:settings/><con:encoding>UTF-8</con:encoding><con:endpoint>https://192.168.24.57:8443/services/CountryService_v1.0</con:endpoint><con:request><![CDATA[<soapenv:Envelope xmlns:soapenv="http://schemas.xmlsoap.org/soap/envelope/" xmlns:v1="http://fidus.brussels/service/countryservice/messages/v1" xmlns:v11="http://fidus.brussels/type/common/messages/v1">
   <soapenv:Header/>
   <soapenv:Body>
      <v1:getAddressCountriesRequest>
         <v1:messageContext>
            <v11:messageId>${=import static java.util.UUID.randomUUID; uuid = randomUUID() as String}</v11:messageId>
            <!--Optional:-->
            <v11:timestamp>${=new java.text.SimpleDateFormat("yyyy-MM-dd'T'HH:mm:ss.SSS").format(new Date())}</v11:timestamp>
         </v1:messageContext>
         <v1:legalContext>ServiceIntegrator</v1:legalContext>
         <v1:request>
            <!--Optional:-->
            <v1:referenceDate>2016-10-10</v1:referenceDate>
         </v1:request>
      </v1:getAddressCountriesRequest>
   </soapenv:Body>
</soapenv:Envelope>]]></con:request><con:assertion type="SOAP Fault Assertion" id="99f4af1d-7291-4b04-b949-e39282b0bd9e" name="Not SOAP Fault"/><con:assertion type="SOAP Response" id="9631f35c-5d75-4635-8f3f-acf61486375a" name="SOAP Response"/><con:assertion type="Schema Compliance" id="b95db4f4-2955-4bbc-91c8-5801bc54353e" name="Schema Compliance"><con:configuration/></con:assertion><con:wsaConfig action="http://fidus.brussels/services/countryservice/getAddressCountries"/></con:request></con:config></con:testStep><con:testStep type="request" id="618c72b5-4d60-4c79-bcb2-66f598395d8d" name="testcase04 - Staging Worker2 - Request"><con:settings/><con:config xsi:type="con:RequestStep" xmlns:xsi="http://www.w3.org/2001/XMLSchema-instance"><con:interface>CountryServiceHTTPBinding</con:interface><con:operation>getAddressCountries</con:operation><con:request name="testcase04 - Staging Worker2 - Request" id="cf0b3c09-643c-4352-82b2-f94b0009cff9" outgoingWss="Outflow STAG"><con:settings/><con:encoding>UTF-8</con:encoding><con:endpoint>https://192.168.24.64:8443/services/CountryService_v1.0</con:endpoint><con:request><![CDATA[<soapenv:Envelope xmlns:soapenv="http://schemas.xmlsoap.org/soap/envelope/" xmlns:v1="http://fidus.brussels/service/countryservice/messages/v1" xmlns:v11="http://fidus.brussels/type/common/messages/v1">
   <soapenv:Header/>
   <soapenv:Body>
      <v1:getAddressCountriesRequest>
         <v1:messageContext>
            <v11:messageId>${=import static java.util.UUID.randomUUID; uuid = randomUUID() as String}</v11:messageId>
            <!--Optional:-->
            <v11:timestamp>${=new java.text.SimpleDateFormat("yyyy-MM-dd'T'HH:mm:ss.SSS").format(new Date())}</v11:timestamp>
         </v1:messageContext>
         <v1:legalContext>ServiceIntegrator</v1:legalContext>
         <v1:request>
            <!--Optional:-->
            <v1:referenceDate>2016-10-10</v1:referenceDate>
         </v1:request>
      </v1:getAddressCountriesRequest>
   </soapenv:Body>
</soapenv:Envelope>]]></con:request><con:assertion type="SOAP Fault Assertion" id="4195b631-a59c-432d-a39a-fa2e68991763" name="Not SOAP Fault"/><con:assertion type="SOAP Response" id="4a46bbc4-ca86-4fff-8a7e-6a6e7779f9e1" name="SOAP Response"/><con:assertion type="Schema Compliance" id="a83b9d4f-060b-4e75-b5e1-8d3874fdeb87" name="Schema Compliance"><con:configuration/></con:assertion><con:wsaConfig action="http://fidus.brussels/services/countryservice/getAddressCountries"/></con:request></con:config></con:testStep><con:properties/></con:testCase><con:testCase id="c9012036-bdb0-4156-b24b-f0d4ea387b9f" failOnError="true" failTestCaseOnErrors="true" keepSession="false" maxResults="0" name="getAddressCountry" searchProperties="true"><con:settings/><con:testStep type="request" id="75683b3f-e83f-4e59-b2f7-ff0f238b8e6e" name="testcase04 - Staging External - Request"><con:settings/><con:config xsi:type="con:RequestStep" xmlns:xsi="http://www.w3.org/2001/XMLSchema-instance"><con:interface>CountryServiceHTTPBinding</con:interface><con:operation>getAddressCountry</con:operation><con:request name="testcase04 - Staging External - Request" id="cfb6f18b-c601-46f6-a9a7-ff28c18256ab" outgoingWss="Outflow STAG"><con:settings/><con:encoding>UTF-8</con:encoding><con:endpoint>https://fidus.irisnetlab.be/services/CountryService_v1.0</con:endpoint><con:request><![CDATA[<soapenv:Envelope xmlns:soapenv="http://schemas.xmlsoap.org/soap/envelope/" xmlns:v1="http://fidus.brussels/service/countryservice/messages/v1" xmlns:v11="http://fidus.brussels/type/common/messages/v1" xmlns:v12="http://fsb.belgium.be/mappingServices/countryService/messages/v1_00">
   <soapenv:Header/>
   <soapenv:Body>
      <v1:getAddressCountryRequest>
         <v1:messageContext>
            <v11:messageId>${=import static java.util.UUID.randomUUID; uuid = randomUUID() as String}</v11:messageId>
            <!--Optional:-->
            <v11:timestamp>${=new java.text.SimpleDateFormat("yyyy-MM-dd'T'HH:mm:ss.SSS").format(new Date())}</v11:timestamp>
         </v1:messageContext>
         <v1:legalContext>ServiceIntegrator</v1:legalContext>
         <v1:request>
            <!--You have a CHOICE of the next 4 items at this level-->
            <v12:iso-alpha2>BE</v12:iso-alpha2>
            <!--<v12:iso-alpha3 startDate="?" endDate="?" status="?">?</v12:iso-alpha3>-->
            <!--<v12:iso-num3 startDate="?" endDate="?" status="?">?</v12:iso-num3>-->
            <!--<v12:nis-num3 startDate="?" endDate="?" status="?">?</v12:nis-num3>-->
         </v1:request>
      </v1:getAddressCountryRequest>
   </soapenv:Body>
</soapenv:Envelope>]]></con:request><con:assertion type="SOAP Fault Assertion" id="fdae79ae-03a2-4ed9-a971-cc2c8e676a37" name="Not SOAP Fault"/><con:assertion type="SOAP Response" id="4ef98431-66fe-419d-9816-a3c6442f1777" name="SOAP Response"/><con:assertion type="Schema Compliance" id="facc1a56-364b-4964-938d-dd3f9628c414" name="Schema Compliance"><con:configuration/></con:assertion><con:wsaConfig action="http://fidus.brussels/services/countryservice/getAddressCountry"/></con:request></con:config></con:testStep><con:testStep type="request" id="a3cdb055-4d8f-4895-94db-c9e016f859d7" name="testcase04 - Staging LB - Request"><con:settings/><con:config xsi:type="con:RequestStep" xmlns:xsi="http://www.w3.org/2001/XMLSchema-instance"><con:interface>CountryServiceHTTPBinding</con:interface><con:operation>getAddressCountry</con:operation><con:request name="testcase04 - Staging LB - Request" id="402e2e1c-5662-48e0-a2f3-6464aefb6ff2" outgoingWss="Outflow STAG"><con:settings/><con:encoding>UTF-8</con:encoding><con:endpoint>https://fidus-esb-sg.sta.srv.cirb.lan:8443/services/CountryService_v1.0</con:endpoint><con:request><![CDATA[<soapenv:Envelope xmlns:soapenv="http://schemas.xmlsoap.org/soap/envelope/" xmlns:v1="http://fidus.brussels/service/countryservice/messages/v1" xmlns:v11="http://fidus.brussels/type/common/messages/v1" xmlns:v12="http://fsb.belgium.be/mappingServices/countryService/messages/v1_00">
   <soapenv:Header/>
   <soapenv:Body>
      <v1:getAddressCountryRequest>
         <v1:messageContext>
            <v11:messageId>${=import static java.util.UUID.randomUUID; uuid = randomUUID() as String}</v11:messageId>
            <!--Optional:-->
            <v11:timestamp>${=new java.text.SimpleDateFormat("yyyy-MM-dd'T'HH:mm:ss.SSS").format(new Date())}</v11:timestamp>
         </v1:messageContext>
         <v1:legalContext>ServiceIntegrator</v1:legalContext>
         <v1:request>
            <!--You have a CHOICE of the next 4 items at this level-->
            <v12:iso-alpha2>BE</v12:iso-alpha2>
            <!--<v12:iso-alpha3 startDate="?" endDate="?" status="?">?</v12:iso-alpha3>-->
            <!--<v12:iso-num3 startDate="?" endDate="?" status="?">?</v12:iso-num3>-->
            <!--<v12:nis-num3 startDate="?" endDate="?" status="?">?</v12:nis-num3>-->
         </v1:request>
      </v1:getAddressCountryRequest>
   </soapenv:Body>
</soapenv:Envelope>]]></con:request><con:assertion type="SOAP Fault Assertion" id="e33fd394-cd84-4556-a444-891f1c810ec8" name="Not SOAP Fault"/><con:assertion type="SOAP Response" id="17faa614-f901-40bb-b32e-5974c9808093" name="SOAP Response"/><con:assertion type="Schema Compliance" id="daf61e54-978a-4bb1-8e06-2a88d54e06b9" name="Schema Compliance"><con:configuration/></con:assertion><con:wsaConfig action="http://fidus.brussels/services/countryservice/getAddressCountry"/></con:request></con:config></con:testStep><con:testStep type="request" id="46061a93-0772-4f2a-8c06-8c4c4d5bc7b6" name="testcase04 - Staging Worker1 - Request"><con:settings/><con:config xsi:type="con:RequestStep" xmlns:xsi="http://www.w3.org/2001/XMLSchema-instance"><con:interface>CountryServiceHTTPBinding</con:interface><con:operation>getAddressCountry</con:operation><con:request name="testcase04 - Staging Worker1 - Request" id="c52d4297-c437-4294-8d94-f33efc0a8a0f" outgoingWss="Outflow STAG"><con:settings/><con:encoding>UTF-8</con:encoding><con:endpoint>https://192.168.24.57:8443/services/CountryService_v1.0</con:endpoint><con:request><![CDATA[<soapenv:Envelope xmlns:soapenv="http://schemas.xmlsoap.org/soap/envelope/" xmlns:v1="http://fidus.brussels/service/countryservice/messages/v1" xmlns:v11="http://fidus.brussels/type/common/messages/v1" xmlns:v12="http://fsb.belgium.be/mappingServices/countryService/messages/v1_00">
   <soapenv:Header/>
   <soapenv:Body>
      <v1:getAddressCountryRequest>
         <v1:messageContext>
            <v11:messageId>${=import static java.util.UUID.randomUUID; uuid = randomUUID() as String}</v11:messageId>
            <!--Optional:-->
            <v11:timestamp>${=new java.text.SimpleDateFormat("yyyy-MM-dd'T'HH:mm:ss.SSS").format(new Date())}</v11:timestamp>
         </v1:messageContext>
         <v1:legalContext>ServiceIntegrator</v1:legalContext>
         <v1:request>
            <!--You have a CHOICE of the next 4 items at this level-->
            <v12:iso-alpha2>BE</v12:iso-alpha2>
            <!--<v12:iso-alpha3 startDate="?" endDate="?" status="?">?</v12:iso-alpha3>-->
            <!--<v12:iso-num3 startDate="?" endDate="?" status="?">?</v12:iso-num3>-->
            <!--<v12:nis-num3 startDate="?" endDate="?" status="?">?</v12:nis-num3>-->
         </v1:request>
      </v1:getAddressCountryRequest>
   </soapenv:Body>
</soapenv:Envelope>]]></con:request><con:assertion type="SOAP Fault Assertion" id="c6ffe0af-e04e-485e-b720-fe572b42dedb" name="Not SOAP Fault"/><con:assertion type="SOAP Response" id="e409c81b-ecd4-4fb8-9ca0-a522ac93393d" name="SOAP Response"/><con:assertion type="Schema Compliance" id="87a7606d-ce1b-424e-bc03-6c0a78400212" name="Schema Compliance"><con:configuration/></con:assertion><con:wsaConfig action="http://fidus.brussels/services/countryservice/getAddressCountry"/></con:request></con:config></con:testStep><con:testStep type="request" id="170c637a-0efa-4567-ad67-e98ed1d2cd42" name="testcase04 - Staging Worker2 - Request"><con:settings/><con:config xsi:type="con:RequestStep" xmlns:xsi="http://www.w3.org/2001/XMLSchema-instance"><con:interface>CountryServiceHTTPBinding</con:interface><con:operation>getAddressCountry</con:operation><con:request name="testcase04 - Staging Worker2 - Request" id="29a0685d-218b-43d8-96ae-f67e4254f43a" outgoingWss="Outflow STAG"><con:settings/><con:encoding>UTF-8</con:encoding><con:endpoint>https://192.168.24.64:8443/services/CountryService_v1.0</con:endpoint><con:request><![CDATA[<soapenv:Envelope xmlns:soapenv="http://schemas.xmlsoap.org/soap/envelope/" xmlns:v1="http://fidus.brussels/service/countryservice/messages/v1" xmlns:v11="http://fidus.brussels/type/common/messages/v1" xmlns:v12="http://fsb.belgium.be/mappingServices/countryService/messages/v1_00">
   <soapenv:Header/>
   <soapenv:Body>
      <v1:getAddressCountryRequest>
         <v1:messageContext>
            <v11:messageId>${=import static java.util.UUID.randomUUID; uuid = randomUUID() as String}</v11:messageId>
            <!--Optional:-->
            <v11:timestamp>${=new java.text.SimpleDateFormat("yyyy-MM-dd'T'HH:mm:ss.SSS").format(new Date())}</v11:timestamp>
         </v1:messageContext>
         <v1:legalContext>ServiceIntegrator</v1:legalContext>
         <v1:request>
            <!--You have a CHOICE of the next 4 items at this level-->
            <v12:iso-alpha2>BE</v12:iso-alpha2>
            <!--<v12:iso-alpha3 startDate="?" endDate="?" status="?">?</v12:iso-alpha3>-->
            <!--<v12:iso-num3 startDate="?" endDate="?" status="?">?</v12:iso-num3>-->
            <!--<v12:nis-num3 startDate="?" endDate="?" status="?">?</v12:nis-num3>-->
         </v1:request>
      </v1:getAddressCountryRequest>
   </soapenv:Body>
</soapenv:Envelope>]]></con:request><con:assertion type="SOAP Fault Assertion" id="ba9c92be-aec8-481f-8048-d15b73459c2e" name="Not SOAP Fault"/><con:assertion type="SOAP Response" id="411d6478-bfa4-4d42-9dd3-82933afc8bb7" name="SOAP Response"/><con:assertion type="Schema Compliance" id="5820f535-1425-4f0d-abe1-cbcd3a71d8cc" name="Schema Compliance"><con:configuration/></con:assertion><con:wsaConfig action="http://fidus.brussels/services/countryservice/getAddressCountry"/></con:request></con:config></con:testStep><con:properties/></con:testCase><con:testCase id="96629fb5-0a9c-425d-8e0f-9593064b02ca" failOnError="true" failTestCaseOnErrors="true" keepSession="false" maxResults="0" name="getAddressCountryHistory" searchProperties="true"><con:settings/><con:testStep type="request" id="226d4ac0-417b-4063-b7b2-1ceab89ceb87" name="testcase04 - Staging External - Request"><con:settings/><con:config xsi:type="con:RequestStep" xmlns:xsi="http://www.w3.org/2001/XMLSchema-instance"><con:interface>CountryServiceHTTPBinding</con:interface><con:operation>getAddressCountryHistory</con:operation><con:request name="testcase04 - Staging External - Request" id="fa549e66-139a-47ac-bace-9f958afa6819" outgoingWss="Outflow STAG"><con:settings/><con:encoding>UTF-8</con:encoding><con:endpoint>https://fidus.irisnetlab.be/services/CountryService_v1.0</con:endpoint><con:request><![CDATA[<soapenv:Envelope xmlns:soapenv="http://schemas.xmlsoap.org/soap/envelope/" xmlns:v1="http://fidus.brussels/service/countryservice/messages/v1" xmlns:v11="http://fidus.brussels/type/common/messages/v1" xmlns:v12="http://fsb.belgium.be/mappingServices/countryService/messages/v1_00">
   <soapenv:Header/>
   <soapenv:Body>
      <v1:getAddressCountryHistoryRequest>
         <v1:messageContext>
            <v11:messageId>${=import static java.util.UUID.randomUUID; uuid = randomUUID() as String}</v11:messageId>
            <v11:timestamp>${=new java.text.SimpleDateFormat("yyyy-MM-dd'T'HH:mm:ss.SSS").format(new Date())}</v11:timestamp>
         </v1:messageContext>
         <v1:legalContext>ServiceIntegrator</v1:legalContext>
         <v1:request>
            <v12:iso-alpha2>FR</v12:iso-alpha2>
            <v12:referenceDate>2016-10-10</v12:referenceDate>
         </v1:request>
      </v1:getAddressCountryHistoryRequest>
   </soapenv:Body>
</soapenv:Envelope>]]></con:request><con:assertion type="SOAP Fault Assertion" id="9e9bc7fa-7325-4b99-b675-19a4c101ea26" name="Not SOAP Fault"/><con:assertion type="SOAP Response" id="8ca9d7a3-a362-4540-96b5-eada4da35120" name="SOAP Response"/><con:assertion type="Schema Compliance" id="a6a86867-314e-418e-801a-30803ebfc13c" name="Schema Compliance"><con:configuration/></con:assertion><con:wsaConfig action="http://fidus.brussels/services/countryservice/getAddressCountryHistory"/></con:request></con:config></con:testStep><con:testStep type="request" id="625671b6-dba8-4739-8839-b68b7311947b" name="testcase04 - Staging LB - Request"><con:settings/><con:config xsi:type="con:RequestStep" xmlns:xsi="http://www.w3.org/2001/XMLSchema-instance"><con:interface>CountryServiceHTTPBinding</con:interface><con:operation>getAddressCountryHistory</con:operation><con:request name="testcase04 - Staging LB - Request" id="5262be6e-8ffa-4bba-a5f0-c5b8922c0034" outgoingWss="Outflow STAG"><con:settings/><con:encoding>UTF-8</con:encoding><con:endpoint>https://fidus-esb-sg.sta.srv.cirb.lan:8443/services/CountryService_v1.0</con:endpoint><con:request><![CDATA[<soapenv:Envelope xmlns:soapenv="http://schemas.xmlsoap.org/soap/envelope/" xmlns:v1="http://fidus.brussels/service/countryservice/messages/v1" xmlns:v11="http://fidus.brussels/type/common/messages/v1" xmlns:v12="http://fsb.belgium.be/mappingServices/countryService/messages/v1_00">
   <soapenv:Header/>
   <soapenv:Body>
      <v1:getAddressCountryHistoryRequest>
         <v1:messageContext>
            <v11:messageId>${=import static java.util.UUID.randomUUID; uuid = randomUUID() as String}</v11:messageId>
            <v11:timestamp>${=new java.text.SimpleDateFormat("yyyy-MM-dd'T'HH:mm:ss.SSS").format(new Date())}</v11:timestamp>
         </v1:messageContext>
         <v1:legalContext>ServiceIntegrator</v1:legalContext>
         <v1:request>
            <v12:iso-alpha2>BE</v12:iso-alpha2>
            <v12:referenceDate>2016-10-10</v12:referenceDate>
         </v1:request>
      </v1:getAddressCountryHistoryRequest>
   </soapenv:Body>
</soapenv:Envelope>]]></con:request><con:assertion type="SOAP Fault Assertion" id="9996f00e-0913-4692-9e34-8241779dc79d" name="Not SOAP Fault"/><con:assertion type="SOAP Response" id="b08af3ac-d455-45a2-9ea7-ae33de29420e" name="SOAP Response"/><con:assertion type="Schema Compliance" id="1a558197-a0a1-4aff-8c6f-25e3df3b305d" name="Schema Compliance"><con:configuration/></con:assertion><con:wsaConfig action="http://fidus.brussels/services/countryservice/getAddressCountryHistory"/></con:request></con:config></con:testStep><con:testStep type="request" id="eaeacbd7-9473-4737-b9f3-d30b11d43869" name="testcase04 - Staging Worker1 - Request"><con:settings/><con:config xsi:type="con:RequestStep" xmlns:xsi="http://www.w3.org/2001/XMLSchema-instance"><con:interface>CountryServiceHTTPBinding</con:interface><con:operation>getAddressCountryHistory</con:operation><con:request name="testcase04 - Staging Worker1 - Request" id="eef98dcb-37f7-4dcf-805f-a9cd203c5ce2" outgoingWss="Outflow STAG"><con:settings/><con:encoding>UTF-8</con:encoding><con:endpoint>https://192.168.24.57:8443/services/CountryService_v1.0</con:endpoint><con:request><![CDATA[<soapenv:Envelope xmlns:soapenv="http://schemas.xmlsoap.org/soap/envelope/" xmlns:v1="http://fidus.brussels/service/countryservice/messages/v1" xmlns:v11="http://fidus.brussels/type/common/messages/v1" xmlns:v12="http://fsb.belgium.be/mappingServices/countryService/messages/v1_00">
   <soapenv:Header/>
   <soapenv:Body>
      <v1:getAddressCountryHistoryRequest>
         <v1:messageContext>
            <v11:messageId>${=import static java.util.UUID.randomUUID; uuid = randomUUID() as String}</v11:messageId>
            <!--Optional:-->
            <v11:timestamp>${=new java.text.SimpleDateFormat("yyyy-MM-dd'T'HH:mm:ss.SSS").format(new Date())}</v11:timestamp>
         </v1:messageContext>
         <v1:legalContext>ServiceIntegrator</v1:legalContext>
         <v1:request>
            <v12:iso-alpha2>NL</v12:iso-alpha2>
            <!--Optional:-->
            
         </v1:request>
      </v1:getAddressCountryHistoryRequest>
   </soapenv:Body>
</soapenv:Envelope>]]></con:request><con:assertion type="SOAP Fault Assertion" id="d9fc5734-fddb-4578-b0d0-86d542e9e3e6" name="Not SOAP Fault"/><con:assertion type="SOAP Response" id="fc6052a4-6d3f-4bd8-b030-65140c1c412d" name="SOAP Response"/><con:assertion type="Schema Compliance" id="a8f59f40-5d75-494b-8005-ec9e2f5cef7c" name="Schema Compliance"><con:configuration/></con:assertion><con:wsaConfig action="http://fidus.brussels/services/countryservice/getAddressCountryHistory"/></con:request></con:config></con:testStep><con:testStep type="request" id="fe0b6a32-9952-45d1-b5dd-bb5516ff0b02" name="testcase04 - Staging Worker2 - Request"><con:settings/><con:config xsi:type="con:RequestStep" xmlns:xsi="http://www.w3.org/2001/XMLSchema-instance"><con:interface>CountryServiceHTTPBinding</con:interface><con:operation>getAddressCountryHistory</con:operation><con:request name="testcase04 - Staging Worker2 - Request" id="1d6c1a79-af64-4edb-ba19-4dc1675a52b1" outgoingWss="Outflow STAG"><con:settings/><con:encoding>UTF-8</con:encoding><con:endpoint>https://192.168.24.64:8443/services/CountryService_v1.0</con:endpoint><con:request><![CDATA[<soapenv:Envelope xmlns:soapenv="http://schemas.xmlsoap.org/soap/envelope/" xmlns:v1="http://fidus.brussels/service/countryservice/messages/v1" xmlns:v11="http://fidus.brussels/type/common/messages/v1" xmlns:v12="http://fsb.belgium.be/mappingServices/countryService/messages/v1_00">
   <soapenv:Header/>
   <soapenv:Body>
      <v1:getAddressCountryHistoryRequest>
         <v1:messageContext>
            <v11:messageId>${=import static java.util.UUID.randomUUID; uuid = randomUUID() as String}</v11:messageId>
            <v11:timestamp>${=new java.text.SimpleDateFormat("yyyy-MM-dd'T'HH:mm:ss.SSS").format(new Date())}</v11:timestamp>
         </v1:messageContext>
         <v1:legalContext>ServiceIntegrator</v1:legalContext>
         <v1:request>
            <v12:iso-alpha2>AU</v12:iso-alpha2>
            <v12:referenceDate>2016-10-10</v12:referenceDate>
         </v1:request>
      </v1:getAddressCountryHistoryRequest>
   </soapenv:Body>
</soapenv:Envelope>]]></con:request><con:assertion type="SOAP Fault Assertion" id="d68ef2f7-09cc-41a0-9ff9-2917d290e419" name="Not SOAP Fault"/><con:assertion type="SOAP Response" id="957febbb-c11f-4e75-8ef5-3c282d075372" name="SOAP Response"/><con:assertion type="Schema Compliance" id="9d99dae6-467c-4f78-b2dd-e6a03dec4bd8" name="Schema Compliance"><con:configuration/></con:assertion><con:wsaConfig action="http://fidus.brussels/services/countryservice/getAddressCountryHistory"/></con:request></con:config></con:testStep><con:properties/></con:testCase><con:testCase id="93cbbbbb-6dbb-4b33-9926-5f7b966592e3" failOnError="true" failTestCaseOnErrors="true" keepSession="false" maxResults="0" name="getAllIsoCodes" searchProperties="true"><con:settings/><con:testStep type="request" id="730fe99c-759b-43c0-9eb7-4f03dc3bb36c" name="testcase04 - Staging External - Request"><con:settings/><con:config xsi:type="con:RequestStep" xmlns:xsi="http://www.w3.org/2001/XMLSchema-instance"><con:interface>CountryServiceHTTPBinding</con:interface><con:operation>getAllIsoCodes</con:operation><con:request name="testcase04 - Staging External - Request" id="d5cc0325-8363-4e4e-bbae-6b3950163b1b" outgoingWss="Outflow STAG"><con:settings/><con:encoding>UTF-8</con:encoding><con:endpoint>https://fidus.irisnetlab.be/services/CountryService_v1.0</con:endpoint><con:request><![CDATA[<soapenv:Envelope xmlns:soapenv="http://schemas.xmlsoap.org/soap/envelope/" xmlns:v1="http://fidus.brussels/service/countryservice/messages/v1" xmlns:v11="http://fidus.brussels/type/common/messages/v1">
   <soapenv:Header/>
   <soapenv:Body>
      <v1:getAllIsoCodesRequest>
         <v1:messageContext>
         	  <v11:messageId>${=import static java.util.UUID.randomUUID; uuid = randomUUID() as String}</v11:messageId>
            <v11:timestamp>${=new java.text.SimpleDateFormat("yyyy-MM-dd'T'HH:mm:ss.SSS").format(new Date())}</v11:timestamp>
         </v1:messageContext>
         <v1:legalContext>ServiceIntegrator</v1:legalContext>
         <v1:request>
            <!--Optional:-->
            <v1:referenceDate>2016-10-06</v1:referenceDate>
         </v1:request>
      </v1:getAllIsoCodesRequest>
   </soapenv:Body>
</soapenv:Envelope>]]></con:request><con:assertion type="SOAP Fault Assertion" id="d314071d-2471-4e60-bf23-bdd27053f976" name="Not SOAP Fault"/><con:assertion type="SOAP Response" id="b221ad72-b841-43ba-8c46-5ee9b178f826" name="SOAP Response"/><con:assertion type="Schema Compliance" id="13d0601a-ae8a-4842-8b19-4b32d0e4f644" name="Schema Compliance"><con:configuration/></con:assertion><con:wsaConfig action="http://fidus.brussels/services/countryservice/getAllIsoCodes"/></con:request></con:config></con:testStep><con:testStep type="request" id="9804b7ac-859c-4447-be80-4809fc9275fc" name="testcase04 - Staging LB - Request"><con:settings/><con:config xsi:type="con:RequestStep" xmlns:xsi="http://www.w3.org/2001/XMLSchema-instance"><con:interface>CountryServiceHTTPBinding</con:interface><con:operation>getAllIsoCodes</con:operation><con:request name="testcase04 - Staging LB - Request" id="432382fa-bebb-47e1-a9c1-a1ea6cb3cf10" outgoingWss="Outflow STAG"><con:settings/><con:encoding>UTF-8</con:encoding><con:endpoint>https://fidus-esb-sg.sta.srv.cirb.lan:8443/services/CountryService_v1.0</con:endpoint><con:request><![CDATA[<soapenv:Envelope xmlns:soapenv="http://schemas.xmlsoap.org/soap/envelope/" xmlns:v1="http://fidus.brussels/service/countryservice/messages/v1" xmlns:v11="http://fidus.brussels/type/common/messages/v1">
   <soapenv:Header/>
   <soapenv:Body>
      <v1:getAllIsoCodesRequest>
         <v1:messageContext>
         	  <v11:messageId>${=import static java.util.UUID.randomUUID; uuid = randomUUID() as String}</v11:messageId>
            <v11:timestamp>${=new java.text.SimpleDateFormat("yyyy-MM-dd'T'HH:mm:ss.SSS").format(new Date())}</v11:timestamp>
         </v1:messageContext>
         <v1:legalContext>ServiceIntegrator</v1:legalContext>
         <v1:request>
            <!--Optional:-->
            <v1:referenceDate>2016-10-06</v1:referenceDate>
         </v1:request>
      </v1:getAllIsoCodesRequest>
   </soapenv:Body>
</soapenv:Envelope>]]></con:request><con:assertion type="SOAP Fault Assertion" id="295ac07a-e65a-4fce-8fb6-8186503025d5" name="Not SOAP Fault"/><con:assertion type="SOAP Response" id="7fba3fa5-fb58-4bb6-a062-c7896a754e8a" name="SOAP Response"/><con:assertion type="Schema Compliance" id="f6beea5e-9c77-4991-a37e-b8306608e55b" name="Schema Compliance"><con:configuration/></con:assertion><con:wsaConfig action="http://fidus.brussels/services/countryservice/getAllIsoCodes"/></con:request></con:config></con:testStep><con:testStep type="request" id="5ecdb6f8-ce17-4f05-8bb4-a463dc9c5f00" name="testcase04 - Staging Worker1 - Request"><con:settings/><con:config xsi:type="con:RequestStep" xmlns:xsi="http://www.w3.org/2001/XMLSchema-instance"><con:interface>CountryServiceHTTPBinding</con:interface><con:operation>getAllIsoCodes</con:operation><con:request name="testcase04 - Staging Worker1 - Request" id="1a52e90b-6585-419b-8559-c313685434cb" outgoingWss="Outflow STAG"><con:settings/><con:encoding>UTF-8</con:encoding><con:endpoint>https://192.168.24.57:8443/services/CountryService_v1.0</con:endpoint><con:request><![CDATA[<soapenv:Envelope xmlns:soapenv="http://schemas.xmlsoap.org/soap/envelope/" xmlns:v1="http://fidus.brussels/service/countryservice/messages/v1" xmlns:v11="http://fidus.brussels/type/common/messages/v1">
   <soapenv:Header/>
   <soapenv:Body>
      <v1:getAllIsoCodesRequest>
         <v1:messageContext>
         	  <v11:messageId>${=import static java.util.UUID.randomUUID; uuid = randomUUID() as String}</v11:messageId>
            <v11:timestamp>${=new java.text.SimpleDateFormat("yyyy-MM-dd'T'HH:mm:ss.SSS").format(new Date())}</v11:timestamp>
         </v1:messageContext>
         <v1:legalContext>ServiceIntegrator</v1:legalContext>
         <v1:request>
            <!--Optional:-->
            <v1:referenceDate>2016-10-06</v1:referenceDate>
         </v1:request>
      </v1:getAllIsoCodesRequest>
   </soapenv:Body>
</soapenv:Envelope>]]></con:request><con:assertion type="SOAP Fault Assertion" id="1f4dbfc2-2b09-4c1a-9e4a-d97e01649318" name="Not SOAP Fault"/><con:assertion type="SOAP Response" id="0c4f2f19-372b-428a-af2d-881e0458a65a" name="SOAP Response"/><con:assertion type="Schema Compliance" id="74466714-8054-4990-8613-20e8d90aca95" name="Schema Compliance"><con:configuration/></con:assertion><con:wsaConfig action="http://fidus.brussels/services/countryservice/getAllIsoCodes"/></con:request></con:config></con:testStep><con:testStep type="request" id="856f81fa-e1f6-471a-801f-4c4f9bcd437f" name="testcase04 - Staging Worker2 - Request"><con:settings/><con:config xsi:type="con:RequestStep" xmlns:xsi="http://www.w3.org/2001/XMLSchema-instance"><con:interface>CountryServiceHTTPBinding</con:interface><con:operation>getAllIsoCodes</con:operation><con:request name="testcase04 - Staging Worker2 - Request" id="8ad548ed-bcb4-4bfe-883f-cc870b43b063" outgoingWss="Outflow STAG"><con:settings/><con:encoding>UTF-8</con:encoding><con:endpoint>https://192.168.24.64:8443/services/CountryService_v1.0</con:endpoint><con:request><![CDATA[<soapenv:Envelope xmlns:soapenv="http://schemas.xmlsoap.org/soap/envelope/" xmlns:v1="http://fidus.brussels/service/countryservice/messages/v1" xmlns:v11="http://fidus.brussels/type/common/messages/v1">
   <soapenv:Header/>
   <soapenv:Body>
      <v1:getAllIsoCodesRequest>
         <v1:messageContext>
         	  <v11:messageId>${=import static java.util.UUID.randomUUID; uuid = randomUUID() as String}</v11:messageId>
            <v11:timestamp>${=new java.text.SimpleDateFormat("yyyy-MM-dd'T'HH:mm:ss.SSS").format(new Date())}</v11:timestamp>
         </v1:messageContext>
         <v1:legalContext>ServiceIntegrator</v1:legalContext>
         <v1:request>
            <!--Optional:-->
            <v1:referenceDate>2016-10-06</v1:referenceDate>
         </v1:request>
      </v1:getAllIsoCodesRequest>
   </soapenv:Body>
</soapenv:Envelope>]]></con:request><con:assertion type="SOAP Fault Assertion" id="ba16fb89-a9f3-4022-99b6-0bd26263614f" name="Not SOAP Fault"/><con:assertion type="SOAP Response" id="02b069b8-6fa2-4ce5-a5c1-07827de4da1f" name="SOAP Response"/><con:assertion type="Schema Compliance" id="fb91169a-c162-495d-8c0e-02ca11dd4bb6" name="Schema Compliance"><con:configuration/></con:assertion><con:wsaConfig action="http://fidus.brussels/services/countryservice/getAllIsoCodes"/></con:request></con:config></con:testStep><con:properties/></con:testCase><con:testCase id="507dd9cd-8a76-44df-87dc-286fc4c415e9" failOnError="true" failTestCaseOnErrors="true" keepSession="false" maxResults="0" name="getAllNisCodes" searchProperties="true"><con:settings/><con:testStep type="request" id="d2603798-6b34-4047-bfe5-a6cede6fea9a" name="testcase04 - Staging External - Request"><con:settings/><con:config xsi:type="con:RequestStep" xmlns:xsi="http://www.w3.org/2001/XMLSchema-instance"><con:interface>CountryServiceHTTPBinding</con:interface><con:operation>getAllNisCodes</con:operation><con:request name="testcase04 - Staging External - Request" id="3cbc023e-afdd-407b-97aa-14c4e4277e09" outgoingWss="Outflow STAG"><con:settings/><con:encoding>UTF-8</con:encoding><con:endpoint>https://fidus.irisnetlab.be/services/CountryService_v1.0</con:endpoint><con:request><![CDATA[<soapenv:Envelope xmlns:soapenv="http://schemas.xmlsoap.org/soap/envelope/" xmlns:v1="http://fidus.brussels/service/countryservice/messages/v1" xmlns:v11="http://fidus.brussels/type/common/messages/v1">
   <soapenv:Header/>
   <soapenv:Body>
      <v1:getAllNisCodesRequest>
         <v1:messageContext>
            <v11:messageId>${=import static java.util.UUID.randomUUID; uuid = randomUUID() as String}</v11:messageId>            
            <v11:timestamp>${=new java.text.SimpleDateFormat("yyyy-MM-dd'T'HH:mm:ss.SSS").format(new Date())}</v11:timestamp>
         </v1:messageContext>
         <v1:legalContext>ServiceIntegrator</v1:legalContext>
         <v1:request>
            <!--Optional:-->
            <v1:referenceDate>2016-10-13</v1:referenceDate>
         </v1:request>
      </v1:getAllNisCodesRequest>
   </soapenv:Body>
</soapenv:Envelope>]]></con:request><con:assertion type="SOAP Fault Assertion" id="09782fd8-e7fb-4634-8c5a-7928026873ff" name="Not SOAP Fault"/><con:assertion type="SOAP Response" id="b3824e78-91f4-474a-bba3-0676b7258d34" name="SOAP Response"/><con:assertion type="Schema Compliance" id="b934986c-44e3-4ea8-81f3-a19bc99bb9d7" name="Schema Compliance"><con:configuration/></con:assertion><con:wsaConfig action="http://fidus.brussels/services/countryservice/getAllNisCodes"/></con:request></con:config></con:testStep><con:testStep type="request" id="d0ce84e3-f37c-4a66-ae6b-4e7c1ebc2b23" name="testcase04 - Staging LB - Request"><con:settings/><con:config xsi:type="con:RequestStep" xmlns:xsi="http://www.w3.org/2001/XMLSchema-instance"><con:interface>CountryServiceHTTPBinding</con:interface><con:operation>getAllNisCodes</con:operation><con:request name="testcase04 - Staging LB - Request" id="3cc19eae-2761-4967-97d2-fbe35946f806" outgoingWss="Outflow STAG"><con:settings/><con:encoding>UTF-8</con:encoding><con:endpoint>https://fidus-esb-sg.sta.srv.cirb.lan:8443/services/CountryService_v1.0</con:endpoint><con:request><![CDATA[<soapenv:Envelope xmlns:soapenv="http://schemas.xmlsoap.org/soap/envelope/" xmlns:v1="http://fidus.brussels/service/countryservice/messages/v1" xmlns:v11="http://fidus.brussels/type/common/messages/v1">
   <soapenv:Header/>
   <soapenv:Body>
      <v1:getAllNisCodesRequest>
         <v1:messageContext>
            <v11:messageId>${=import static java.util.UUID.randomUUID; uuid = randomUUID() as String}</v11:messageId>            
            <v11:timestamp>${=new java.text.SimpleDateFormat("yyyy-MM-dd'T'HH:mm:ss.SSS").format(new Date())}</v11:timestamp>
         </v1:messageContext>
         <v1:legalContext>ServiceIntegrator</v1:legalContext>
         <v1:request>
            <!--Optional:-->
            <v1:referenceDate>2016-10-13</v1:referenceDate>
         </v1:request>
      </v1:getAllNisCodesRequest>
   </soapenv:Body>
</soapenv:Envelope>]]></con:request><con:assertion type="SOAP Fault Assertion" id="86aed44d-f74e-4ca2-87b8-6e0ca06ad984" name="Not SOAP Fault"/><con:assertion type="SOAP Response" id="3528c983-5354-4e56-9766-c9b872b55eda" name="SOAP Response"/><con:assertion type="Schema Compliance" id="94184d8b-59f0-47dc-9cf3-5564904d221b" name="Schema Compliance"><con:configuration/></con:assertion><con:wsaConfig action="http://fidus.brussels/services/countryservice/getAllNisCodes"/></con:request></con:config></con:testStep><con:testStep type="request" id="0db7b6f0-d001-49dd-b6f2-1969d90a7ae8" name="testcase04 - Staging Worker1 - Request"><con:settings/><con:config xsi:type="con:RequestStep" xmlns:xsi="http://www.w3.org/2001/XMLSchema-instance"><con:interface>CountryServiceHTTPBinding</con:interface><con:operation>getAllNisCodes</con:operation><con:request name="testcase04 - Staging Worker1 - Request" id="e91bc414-ddad-4923-bccd-7a45fcb76f1f" outgoingWss="Outflow STAG"><con:settings/><con:encoding>UTF-8</con:encoding><con:endpoint>https://192.168.24.57:8443/services/CountryService_v1.0</con:endpoint><con:request><![CDATA[<soapenv:Envelope xmlns:soapenv="http://schemas.xmlsoap.org/soap/envelope/" xmlns:v1="http://fidus.brussels/service/countryservice/messages/v1" xmlns:v11="http://fidus.brussels/type/common/messages/v1">
   <soapenv:Header/>
   <soapenv:Body>
      <v1:getAllNisCodesRequest>
         <v1:messageContext>
            <v11:messageId>${=import static java.util.UUID.randomUUID; uuid = randomUUID() as String}</v11:messageId>            
            <v11:timestamp>${=new java.text.SimpleDateFormat("yyyy-MM-dd'T'HH:mm:ss.SSS").format(new Date())}</v11:timestamp>
         </v1:messageContext>
         <v1:legalContext>ServiceIntegrator</v1:legalContext>
         <v1:request>
            <!--Optional:-->
            <v1:referenceDate>2016-10-13</v1:referenceDate>
         </v1:request>
      </v1:getAllNisCodesRequest>
   </soapenv:Body>
</soapenv:Envelope>]]></con:request><con:assertion type="SOAP Fault Assertion" id="01ea8b2c-9934-407f-a9f0-ddfdda2ffe72" name="Not SOAP Fault"/><con:assertion type="SOAP Response" id="3cc1f57a-c674-4052-8788-f36406da2b22" name="SOAP Response"/><con:assertion type="Schema Compliance" id="ce4ec094-1e7e-4f83-b44f-143c82f4635c" name="Schema Compliance"><con:configuration/></con:assertion><con:wsaConfig action="http://fidus.brussels/services/countryservice/getAllNisCodes"/></con:request></con:config></con:testStep><con:properties/></con:testCase><con:properties/></con:testSuite><con:testSuite id="d93c3170-a601-463c-844e-4f097bd548c2" name="PROD"><con:settings/><con:runType>SEQUENTIAL</con:runType><con:testCase id="7f53e39a-412c-4fc7-a5cc-8574eddc7091" failOnError="true" failTestCaseOnErrors="true" keepSession="false" maxResults="0" name="getAddressCountries" searchProperties="true"><con:settings/><con:testStep type="request" id="ef686e73-c058-4e0d-9aa4-6a1825cddfc6" name="testcase05 - Prod - External - Request"><con:settings/><con:config xsi:type="con:RequestStep" xmlns:xsi="http://www.w3.org/2001/XMLSchema-instance"><con:interface>CountryServiceHTTPBinding</con:interface><con:operation>getAddressCountries</con:operation><con:request name="testcase05 - Prod - External - Request" id="378f18ed-adb3-4d2c-a0f3-b48696461887" outgoingWss="Outflow PROD"><con:settings/><con:encoding>UTF-8</con:encoding><con:endpoint>https://fidus.sec.brussels/services/CountryService_v1.0</con:endpoint><con:request><![CDATA[<soapenv:Envelope xmlns:soapenv="http://schemas.xmlsoap.org/soap/envelope/" xmlns:v1="http://fidus.brussels/service/countryservice/messages/v1" xmlns:v11="http://fidus.brussels/type/common/messages/v1">
   <soapenv:Header/>
   <soapenv:Body>
      <v1:getAddressCountriesRequest>
         <v1:messageContext>
            <v11:messageId>${=import static java.util.UUID.randomUUID; uuid = randomUUID() as String}</v11:messageId>
            <!--Optional:-->
            <v11:timestamp>${=new java.text.SimpleDateFormat("yyyy-MM-dd'T'HH:mm:ss.SSS").format(new Date())}</v11:timestamp>
         </v1:messageContext>
         <v1:legalContext>ServiceIntegrator</v1:legalContext>
         <v1:request>
            <!--Optional:-->
            <v1:referenceDate>2016-10-10</v1:referenceDate>
         </v1:request>
      </v1:getAddressCountriesRequest>
   </soapenv:Body>
</soapenv:Envelope>]]></con:request><con:assertion type="SOAP Fault Assertion" id="e37fbba8-4b14-431e-80e8-6ad03c778ea2" name="Not SOAP Fault"/><con:assertion type="SOAP Response" id="19cadd80-adb5-44da-b4c0-0bc512cf7fb1" name="SOAP Response"/><con:assertion type="Schema Compliance" id="71657035-fa31-41b7-9384-8492ede98fd0" name="Schema Compliance"><con:configuration/></con:assertion><con:wsaConfig action="http://fidus.brussels/services/countryservice/getAddressCountries"/></con:request></con:config></con:testStep><con:properties/></con:testCase><con:properties/></con:testSuite><con:mockService id="e7b5b492-1b93-4acf-83cd-076b2e7f90f9" port="8088" path="/mockCountryServiceHTTPBinding" host="localhost.localdomain" name="MockService 1"><con:settings><con:setting id="com.eviware.soapui.impl.wsdl.mock.WsdlMockService@require-soap-action">false</con:setting></con:settings><con:properties/><con:mockOperation name="getAddressCountries" id="d1400dcd-ece1-4001-8ea5-d9223066eff2" interface="CountryServiceHTTPBinding" operation="getAddressCountries"><con:settings/><con:defaultResponse>Response 1</con:defaultResponse><con:dispatchStyle>SEQUENCE</con:dispatchStyle><con:response name="Response 1" id="201f837e-76a7-4324-b386-b5ced6e196d2" httpResponseStatus="200" encoding="UTF-8"><con:settings/><con:responseContent><![CDATA[<soapenv:Envelope xmlns:soapenv="http://schemas.xmlsoap.org/soap/envelope/" xmlns:v1="http://fidus.brussels/service/countryservice/messages/v1" xmlns:v11="http://fidus.brussels/type/common/messages/v1" xmlns:v12="http://fsb.belgium.be/mappingServices/countryService/messages/v1_00" xmlns:v13="http://fsb.belgium.be/mappingServices/data/country/v1_00" xmlns:v14="http://fidus.brussels/type/common/exceptions/v1">
   <soapenv:Header/>
   <soapenv:Body>
      <v1:getAddressCountriesResponse>
         <v1:messageContext>
            <v11:messageId>?</v11:messageId>
            <v11:transactionId>?</v11:transactionId>
            <!--Optional:-->
            <v11:timestamp>?</v11:timestamp>
         </v1:messageContext>
         <!--Optional:-->
         <v1:responses>
            <!--Zero or more repetitions:-->
            <v12:addressCountry startDate="?" endDate="?" version="?" modificationDate="?">
               <!--1 or more repetitions:-->
               <v12:name language="?" shortName="?">?</v12:name>
               <v12:mainTerritory startDate="?" endDate="?">
                  <!--1 or more repetitions:-->
                  <v13:name language="?" shortName="?">?</v13:name>
                  <!--Optional:-->
                  <v13:iso>
                     <!--1 or more repetitions:-->
                     <v13:name language="?" shortName="?">?</v13:name>
                     <!--1 or more repetitions:-->
                     <v13:iso-alpha2 startDate="?" endDate="?" status="?">?</v13:iso-alpha2>
                     <!--1 or more repetitions:-->
                     <v13:iso-alpha3 startDate="?" endDate="?" status="?">?</v13:iso-alpha3>
                     <!--1 or more repetitions:-->
                     <v13:iso-numeric3 startDate="?" endDate="?" status="?">?</v13:iso-numeric3>
                  </v13:iso>
                  <!--Optional:-->
                  <v13:nis>
                     <!--1 or more repetitions:-->
                     <v13:name language="?" shortName="?">?</v13:name>
                     <!--1 or more repetitions:-->
                     <v13:nis-numeric3 startDate="?" endDate="?" status="?">?</v13:nis-numeric3>
                  </v13:nis>
                  <!--Zero or more repetitions:-->
                  <v13:subTerritory/>
               </v12:mainTerritory>
               <!--Zero or more repetitions:-->
               <v12:subTerritory startDate="?" endDate="?">
                  <!--1 or more repetitions:-->
                  <v13:name language="?" shortName="?">?</v13:name>
                  <!--Optional:-->
                  <v13:iso>
                     <!--1 or more repetitions:-->
                     <v13:name language="?" shortName="?">?</v13:name>
                     <!--1 or more repetitions:-->
                     <v13:iso-alpha2 startDate="?" endDate="?" status="?">?</v13:iso-alpha2>
                     <!--1 or more repetitions:-->
                     <v13:iso-alpha3 startDate="?" endDate="?" status="?">?</v13:iso-alpha3>
                     <!--1 or more repetitions:-->
                     <v13:iso-numeric3 startDate="?" endDate="?" status="?">?</v13:iso-numeric3>
                  </v13:iso>
                  <!--Optional:-->
                  <v13:nis>
                     <!--1 or more repetitions:-->
                     <v13:name language="?" shortName="?">?</v13:name>
                     <!--1 or more repetitions:-->
                     <v13:nis-numeric3 startDate="?" endDate="?" status="?">?</v13:nis-numeric3>
                  </v13:nis>
                  <!--Zero or more repetitions:-->
                  <v13:subTerritory/>
               </v12:subTerritory>
            </v12:addressCountry>
         </v1:responses>
         <!--Optional:-->
         <v1:exceptions>
            <!--1 or more repetitions:-->
            <v14:exception>
               <v14:type>?</v14:type>
               <v14:code>?</v14:code>
               <v14:source>?</v14:source>
               <v14:description>?</v14:description>
            </v14:exception>
         </v1:exceptions>
      </v1:getAddressCountriesResponse>
   </soapenv:Body>
</soapenv:Envelope>]]></con:responseContent><con:wsaConfig mustUnderstand="NONE" version="200508" action="http://fidus.brussels/services/countryservice/getAddressCountries"/></con:response><con:dispatchConfig/></con:mockOperation><con:mockOperation name="getAddressCountry" id="4124c89d-4969-4077-99a1-0df5775a1be1" interface="CountryServiceHTTPBinding" operation="getAddressCountry"><con:settings/><con:defaultResponse>Response 1</con:defaultResponse><con:dispatchStyle>SEQUENCE</con:dispatchStyle><con:response name="Response 1" id="532abf9e-241b-4713-88a1-c0e40280849b" httpResponseStatus="200" encoding="UTF-8"><con:settings/><con:responseContent><![CDATA[<soapenv:Envelope xmlns:soapenv="http://schemas.xmlsoap.org/soap/envelope/" xmlns:v1="http://fidus.brussels/service/countryservice/messages/v1" xmlns:v11="http://fidus.brussels/type/common/messages/v1" xmlns:v12="http://fsb.belgium.be/mappingServices/countryService/messages/v1_00" xmlns:v13="http://fsb.belgium.be/mappingServices/data/country/v1_00" xmlns:v14="http://fidus.brussels/type/common/exceptions/v1">
   <soapenv:Header/>
   <soapenv:Body>
      <v1:getAddressCountryResponse>
         <v1:messageContext>
            <v11:messageId>?</v11:messageId>
            <v11:transactionId>?</v11:transactionId>
            <!--Optional:-->
            <v11:timestamp>?</v11:timestamp>
         </v1:messageContext>
         <!--Optional:-->
         <v1:responses>
            <!--Zero or more repetitions:-->
            <v12:addressCountry startDate="?" endDate="?" version="?" modificationDate="?">
               <!--1 or more repetitions:-->
               <v12:name language="?" shortName="?">?</v12:name>
               <v12:mainTerritory startDate="?" endDate="?">
                  <!--1 or more repetitions:-->
                  <v13:name language="?" shortName="?">?</v13:name>
                  <!--Optional:-->
                  <v13:iso>
                     <!--1 or more repetitions:-->
                     <v13:name language="?" shortName="?">?</v13:name>
                     <!--1 or more repetitions:-->
                     <v13:iso-alpha2 startDate="?" endDate="?" status="?">?</v13:iso-alpha2>
                     <!--1 or more repetitions:-->
                     <v13:iso-alpha3 startDate="?" endDate="?" status="?">?</v13:iso-alpha3>
                     <!--1 or more repetitions:-->
                     <v13:iso-numeric3 startDate="?" endDate="?" status="?">?</v13:iso-numeric3>
                  </v13:iso>
                  <!--Optional:-->
                  <v13:nis>
                     <!--1 or more repetitions:-->
                     <v13:name language="?" shortName="?">?</v13:name>
                     <!--1 or more repetitions:-->
                     <v13:nis-numeric3 startDate="?" endDate="?" status="?">?</v13:nis-numeric3>
                  </v13:nis>
                  <!--Zero or more repetitions:-->
                  <v13:subTerritory/>
               </v12:mainTerritory>
               <!--Zero or more repetitions:-->
               <v12:subTerritory startDate="?" endDate="?">
                  <!--1 or more repetitions:-->
                  <v13:name language="?" shortName="?">?</v13:name>
                  <!--Optional:-->
                  <v13:iso>
                     <!--1 or more repetitions:-->
                     <v13:name language="?" shortName="?">?</v13:name>
                     <!--1 or more repetitions:-->
                     <v13:iso-alpha2 startDate="?" endDate="?" status="?">?</v13:iso-alpha2>
                     <!--1 or more repetitions:-->
                     <v13:iso-alpha3 startDate="?" endDate="?" status="?">?</v13:iso-alpha3>
                     <!--1 or more repetitions:-->
                     <v13:iso-numeric3 startDate="?" endDate="?" status="?">?</v13:iso-numeric3>
                  </v13:iso>
                  <!--Optional:-->
                  <v13:nis>
                     <!--1 or more repetitions:-->
                     <v13:name language="?" shortName="?">?</v13:name>
                     <!--1 or more repetitions:-->
                     <v13:nis-numeric3 startDate="?" endDate="?" status="?">?</v13:nis-numeric3>
                  </v13:nis>
                  <!--Zero or more repetitions:-->
                  <v13:subTerritory/>
               </v12:subTerritory>
            </v12:addressCountry>
         </v1:responses>
         <!--Optional:-->
         <v1:exceptions>
            <!--1 or more repetitions:-->
            <v14:exception>
               <v14:type>?</v14:type>
               <v14:code>?</v14:code>
               <v14:source>?</v14:source>
               <v14:description>?</v14:description>
            </v14:exception>
         </v1:exceptions>
      </v1:getAddressCountryResponse>
   </soapenv:Body>
</soapenv:Envelope>]]></con:responseContent><con:wsaConfig mustUnderstand="NONE" version="200508" action="http://fidus.brussels/services/countryservice/getAddressCountry"/></con:response><con:dispatchConfig/></con:mockOperation><con:mockOperation name="getAddressCountryHistory" id="0689d7d3-e3e4-4afb-b96a-9358122f80e9" interface="CountryServiceHTTPBinding" operation="getAddressCountryHistory"><con:settings/><con:defaultResponse>Response 1</con:defaultResponse><con:dispatchStyle>SEQUENCE</con:dispatchStyle><con:response name="Response 1" id="630efd82-0295-4560-9c41-2532bd73d4fd" httpResponseStatus="200" encoding="UTF-8"><con:settings/><con:responseContent><![CDATA[<soapenv:Envelope xmlns:soapenv="http://schemas.xmlsoap.org/soap/envelope/" xmlns:v1="http://fidus.brussels/service/countryservice/messages/v1" xmlns:v11="http://fidus.brussels/type/common/messages/v1" xmlns:v12="http://fsb.belgium.be/mappingServices/countryService/messages/v1_00" xmlns:v13="http://fsb.belgium.be/mappingServices/data/country/v1_00" xmlns:v14="http://fidus.brussels/type/common/exceptions/v1">
   <soapenv:Header/>
   <soapenv:Body>
      <v1:getAddressCountryHistoryResponse>
         <v1:messageContext>
            <v11:messageId>?</v11:messageId>
            <v11:transactionId>?</v11:transactionId>
            <!--Optional:-->
            <v11:timestamp>?</v11:timestamp>
         </v1:messageContext>
         <!--Optional:-->
         <v1:responses>
            <!--Zero or more repetitions:-->
            <v12:addressCountry startDate="?" endDate="?" version="?" modificationDate="?">
               <!--1 or more repetitions:-->
               <v12:name language="?" shortName="?">?</v12:name>
               <v12:mainTerritory startDate="?" endDate="?">
                  <!--1 or more repetitions:-->
                  <v13:name language="?" shortName="?">?</v13:name>
                  <!--Optional:-->
                  <v13:iso>
                     <!--1 or more repetitions:-->
                     <v13:name language="?" shortName="?">?</v13:name>
                     <!--1 or more repetitions:-->
                     <v13:iso-alpha2 startDate="?" endDate="?" status="?">?</v13:iso-alpha2>
                     <!--1 or more repetitions:-->
                     <v13:iso-alpha3 startDate="?" endDate="?" status="?">?</v13:iso-alpha3>
                     <!--1 or more repetitions:-->
                     <v13:iso-numeric3 startDate="?" endDate="?" status="?">?</v13:iso-numeric3>
                  </v13:iso>
                  <!--Optional:-->
                  <v13:nis>
                     <!--1 or more repetitions:-->
                     <v13:name language="?" shortName="?">?</v13:name>
                     <!--1 or more repetitions:-->
                     <v13:nis-numeric3 startDate="?" endDate="?" status="?">?</v13:nis-numeric3>
                  </v13:nis>
                  <!--Zero or more repetitions:-->
                  <v13:subTerritory/>
               </v12:mainTerritory>
               <!--Zero or more repetitions:-->
               <v12:subTerritory startDate="?" endDate="?">
                  <!--1 or more repetitions:-->
                  <v13:name language="?" shortName="?">?</v13:name>
                  <!--Optional:-->
                  <v13:iso>
                     <!--1 or more repetitions:-->
                     <v13:name language="?" shortName="?">?</v13:name>
                     <!--1 or more repetitions:-->
                     <v13:iso-alpha2 startDate="?" endDate="?" status="?">?</v13:iso-alpha2>
                     <!--1 or more repetitions:-->
                     <v13:iso-alpha3 startDate="?" endDate="?" status="?">?</v13:iso-alpha3>
                     <!--1 or more repetitions:-->
                     <v13:iso-numeric3 startDate="?" endDate="?" status="?">?</v13:iso-numeric3>
                  </v13:iso>
                  <!--Optional:-->
                  <v13:nis>
                     <!--1 or more repetitions:-->
                     <v13:name language="?" shortName="?">?</v13:name>
                     <!--1 or more repetitions:-->
                     <v13:nis-numeric3 startDate="?" endDate="?" status="?">?</v13:nis-numeric3>
                  </v13:nis>
                  <!--Zero or more repetitions:-->
                  <v13:subTerritory/>
               </v12:subTerritory>
            </v12:addressCountry>
         </v1:responses>
         <!--Optional:-->
         <v1:exceptions>
            <!--1 or more repetitions:-->
            <v14:exception>
               <v14:type>?</v14:type>
               <v14:code>?</v14:code>
               <v14:source>?</v14:source>
               <v14:description>?</v14:description>
            </v14:exception>
         </v1:exceptions>
      </v1:getAddressCountryHistoryResponse>
   </soapenv:Body>
</soapenv:Envelope>]]></con:responseContent><con:wsaConfig mustUnderstand="NONE" version="200508" action="http://fidus.brussels/services/countryservice/getAddressCountryHistory"/></con:response><con:dispatchConfig/></con:mockOperation><con:mockOperation name="getAllIsoCodes" id="8edf3599-6636-43be-8265-b8d1cd069eb8" interface="CountryServiceHTTPBinding" operation="getAllIsoCodes"><con:settings/><con:defaultResponse>Response 1</con:defaultResponse><con:dispatchStyle>SEQUENCE</con:dispatchStyle><con:response name="Response 1" id="c78b80d3-4a5a-4afd-ba90-aa1340b810b4" httpResponseStatus="200" encoding="UTF-8"><con:settings/><con:responseContent><![CDATA[<soapenv:Envelope xmlns:soapenv="http://schemas.xmlsoap.org/soap/envelope/" xmlns:v1="http://fidus.brussels/service/countryservice/messages/v1" xmlns:v11="http://fidus.brussels/type/common/messages/v1" xmlns:v12="http://fsb.belgium.be/mappingServices/data/country/v1_00" xmlns:v13="http://fidus.brussels/type/common/exceptions/v1">
   <soapenv:Header/>
   <soapenv:Body>
      <v1:getAllIsoCodesResponse>
         <v1:messageContext>
            <v11:messageId>?</v11:messageId>
            <v11:transactionId>?</v11:transactionId>
            <!--Optional:-->
            <v11:timestamp>?</v11:timestamp>
         </v1:messageContext>
         <!--Optional:-->
         <v1:responses>
            <v1:response>
               <!--Zero or more repetitions:-->
               <v1:iso>
                  <!--1 or more repetitions:-->
                  <v12:name language="?" shortName="?">?</v12:name>
                  <!--1 or more repetitions:-->
                  <v12:iso-alpha2 startDate="?" endDate="?" status="?">?</v12:iso-alpha2>
                  <!--1 or more repetitions:-->
                  <v12:iso-alpha3 startDate="?" endDate="?" status="?">?</v12:iso-alpha3>
                  <!--1 or more repetitions:-->
                  <v12:iso-numeric3 startDate="?" endDate="?" status="?">?</v12:iso-numeric3>
               </v1:iso>
               <!--Optional:-->
               <v1:exceptions>
                  <!--1 or more repetitions:-->
                  <v13:exception>
                     <v13:type>?</v13:type>
                     <v13:code>?</v13:code>
                     <v13:source>?</v13:source>
                     <v13:description>?</v13:description>
                  </v13:exception>
               </v1:exceptions>
            </v1:response>
         </v1:responses>
         <!--Optional:-->
         <v1:exceptions>
            <!--1 or more repetitions:-->
            <v13:exception>
               <v13:type>?</v13:type>
               <v13:code>?</v13:code>
               <v13:source>?</v13:source>
               <v13:description>?</v13:description>
            </v13:exception>
         </v1:exceptions>
      </v1:getAllIsoCodesResponse>
   </soapenv:Body>
</soapenv:Envelope>]]></con:responseContent><con:wsaConfig mustUnderstand="NONE" version="200508" action="http://fidus.brussels/services/countryservice/getAllIsoCodes"/></con:response><con:dispatchConfig/></con:mockOperation><con:mockOperation name="getAllNisCodes" id="8676ae50-3d1f-40cf-9f10-9a84d9f2973d" interface="CountryServiceHTTPBinding" operation="getAllNisCodes"><con:settings/><con:defaultResponse>Response 1</con:defaultResponse><con:dispatchStyle>SEQUENCE</con:dispatchStyle><con:response name="Response 1" id="e28f71fa-2d4a-4784-910c-1038f3b6a87e" httpResponseStatus="200" encoding="UTF-8"><con:settings/><con:responseContent><![CDATA[<soapenv:Envelope xmlns:soapenv="http://schemas.xmlsoap.org/soap/envelope/" xmlns:v1="http://fidus.brussels/service/countryservice/messages/v1" xmlns:v11="http://fidus.brussels/type/common/messages/v1" xmlns:v12="http://fsb.belgium.be/mappingServices/data/country/v1_00" xmlns:v13="http://fidus.brussels/type/common/exceptions/v1">
   <soapenv:Header/>
   <soapenv:Body>
      <v1:getAllNisCodesResponse>
         <v1:messageContext>
            <v11:messageId>?</v11:messageId>
            <v11:transactionId>?</v11:transactionId>
            <!--Optional:-->
            <v11:timestamp>?</v11:timestamp>
         </v1:messageContext>
         <!--Optional:-->
         <v1:responses>
            <v1:response>
               <!--Zero or more repetitions:-->
               <v1:nis>
                  <!--1 or more repetitions:-->
                  <v12:name language="?" shortName="?">?</v12:name>
                  <!--1 or more repetitions:-->
                  <v12:nis-numeric3 startDate="?" endDate="?" status="?">?</v12:nis-numeric3>
               </v1:nis>
               <!--Optional:-->
               <v1:exceptions>
                  <!--1 or more repetitions:-->
                  <v13:exception>
                     <v13:type>?</v13:type>
                     <v13:code>?</v13:code>
                     <v13:source>?</v13:source>
                     <v13:description>?</v13:description>
                  </v13:exception>
               </v1:exceptions>
            </v1:response>
         </v1:responses>
         <!--Optional:-->
         <v1:exceptions>
            <!--1 or more repetitions:-->
            <v13:exception>
               <v13:type>?</v13:type>
               <v13:code>?</v13:code>
               <v13:source>?</v13:source>
               <v13:description>?</v13:description>
            </v13:exception>
         </v1:exceptions>
      </v1:getAllNisCodesResponse>
   </soapenv:Body>
</soapenv:Envelope>]]></con:responseContent><con:wsaConfig mustUnderstand="NONE" version="200508" action="http://fidus.brussels/services/countryservice/getAllNisCodes"/></con:response><con:dispatchConfig/></con:mockOperation><con:mockOperation name="getNationalities" id="235e54e2-ddef-49bc-afc8-34d1609dafb5" interface="CountryServiceHTTPBinding" operation="getNationalities"><con:settings/><con:defaultResponse>Response 1</con:defaultResponse><con:dispatchStyle>SEQUENCE</con:dispatchStyle><con:response name="Response 1" id="734ac97d-9480-41e3-b80c-474f20d29919" httpResponseStatus="200" encoding="UTF-8"><con:settings/><con:responseContent><![CDATA[<soapenv:Envelope xmlns:soapenv="http://schemas.xmlsoap.org/soap/envelope/" xmlns:v1="http://fidus.brussels/service/countryservice/messages/v1" xmlns:v11="http://fidus.brussels/type/common/messages/v1" xmlns:v12="http://fsb.belgium.be/mappingServices/countryService/messages/v1_00" xmlns:v13="http://fsb.belgium.be/mappingServices/data/country/v1_00" xmlns:v14="http://fidus.brussels/type/common/exceptions/v1">
   <soapenv:Header/>
   <soapenv:Body>
      <v1:getNationalitiesResponse>
         <v1:messageContext>
            <v11:messageId>?</v11:messageId>
            <v11:transactionId>?</v11:transactionId>
            <!--Optional:-->
            <v11:timestamp>?</v11:timestamp>
         </v1:messageContext>
         <!--Optional:-->
         <v1:responses>
            <v1:response>
               <!--Zero or more repetitions:-->
               <v1:nationality startDate="?" endDate="?" version="?" modificationDate="?">
                  <!--1 or more repetitions:-->
                  <v12:name language="?" shortName="?">?</v12:name>
                  <v12:mainTerritory startDate="?" endDate="?">
                     <!--1 or more repetitions:-->
                     <v13:name language="?" shortName="?">?</v13:name>
                     <!--Optional:-->
                     <v13:iso>
                        <!--1 or more repetitions:-->
                        <v13:name language="?" shortName="?">?</v13:name>
                        <!--1 or more repetitions:-->
                        <v13:iso-alpha2 startDate="?" endDate="?" status="?">?</v13:iso-alpha2>
                        <!--1 or more repetitions:-->
                        <v13:iso-alpha3 startDate="?" endDate="?" status="?">?</v13:iso-alpha3>
                        <!--1 or more repetitions:-->
                        <v13:iso-numeric3 startDate="?" endDate="?" status="?">?</v13:iso-numeric3>
                     </v13:iso>
                     <!--Optional:-->
                     <v13:nis>
                        <!--1 or more repetitions:-->
                        <v13:name language="?" shortName="?">?</v13:name>
                        <!--1 or more repetitions:-->
                        <v13:nis-numeric3 startDate="?" endDate="?" status="?">?</v13:nis-numeric3>
                     </v13:nis>
                     <!--Zero or more repetitions:-->
                     <v13:subTerritory/>
                  </v12:mainTerritory>
                  <!--Zero or more repetitions:-->
                  <v12:subTerritory startDate="?" endDate="?">
                     <!--1 or more repetitions:-->
                     <v13:name language="?" shortName="?">?</v13:name>
                     <!--Optional:-->
                     <v13:iso>
                        <!--1 or more repetitions:-->
                        <v13:name language="?" shortName="?">?</v13:name>
                        <!--1 or more repetitions:-->
                        <v13:iso-alpha2 startDate="?" endDate="?" status="?">?</v13:iso-alpha2>
                        <!--1 or more repetitions:-->
                        <v13:iso-alpha3 startDate="?" endDate="?" status="?">?</v13:iso-alpha3>
                        <!--1 or more repetitions:-->
                        <v13:iso-numeric3 startDate="?" endDate="?" status="?">?</v13:iso-numeric3>
                     </v13:iso>
                     <!--Optional:-->
                     <v13:nis>
                        <!--1 or more repetitions:-->
                        <v13:name language="?" shortName="?">?</v13:name>
                        <!--1 or more repetitions:-->
                        <v13:nis-numeric3 startDate="?" endDate="?" status="?">?</v13:nis-numeric3>
                     </v13:nis>
                     <!--Zero or more repetitions:-->
                     <v13:subTerritory/>
                  </v12:subTerritory>
               </v1:nationality>
            </v1:response>
         </v1:responses>
         <!--Optional:-->
         <v1:exceptions>
            <!--1 or more repetitions:-->
            <v14:exception>
               <v14:type>?</v14:type>
               <v14:code>?</v14:code>
               <v14:source>?</v14:source>
               <v14:description>?</v14:description>
            </v14:exception>
         </v1:exceptions>
      </v1:getNationalitiesResponse>
   </soapenv:Body>
</soapenv:Envelope>]]></con:responseContent><con:wsaConfig mustUnderstand="NONE" version="200508" action="http://fidus.brussels/services/countryservice/getNationalities"/></con:response><con:dispatchConfig/></con:mockOperation><con:mockOperation name="getNationality" id="ff955f47-883a-4cd1-809e-32de5fe273d6" interface="CountryServiceHTTPBinding" operation="getNationality"><con:settings/><con:defaultResponse>Response 1</con:defaultResponse><con:dispatchStyle>SEQUENCE</con:dispatchStyle><con:response name="Response 1" id="ac2202bc-9094-4d8a-b8f6-782cdccde78d" httpResponseStatus="200" encoding="UTF-8"><con:settings/><con:responseContent><![CDATA[<soapenv:Envelope xmlns:soapenv="http://schemas.xmlsoap.org/soap/envelope/" xmlns:v1="http://fidus.brussels/service/countryservice/messages/v1" xmlns:v11="http://fidus.brussels/type/common/messages/v1" xmlns:v12="http://fsb.belgium.be/mappingServices/countryService/messages/v1_00" xmlns:v13="http://fsb.belgium.be/mappingServices/data/country/v1_00" xmlns:v14="http://fidus.brussels/type/common/exceptions/v1">
   <soapenv:Header/>
   <soapenv:Body>
      <v1:getNationalityResponse>
         <v1:messageContext>
            <v11:messageId>?</v11:messageId>
            <v11:transactionId>?</v11:transactionId>
            <!--Optional:-->
            <v11:timestamp>?</v11:timestamp>
         </v1:messageContext>
         <!--Optional:-->
         <v1:responses>
            <v1:response>
               <!--Zero or more repetitions:-->
               <v1:nationality startDate="?" endDate="?" version="?" modificationDate="?">
                  <!--1 or more repetitions:-->
                  <v12:name language="?" shortName="?">?</v12:name>
                  <v12:mainTerritory startDate="?" endDate="?">
                     <!--1 or more repetitions:-->
                     <v13:name language="?" shortName="?">?</v13:name>
                     <!--Optional:-->
                     <v13:iso>
                        <!--1 or more repetitions:-->
                        <v13:name language="?" shortName="?">?</v13:name>
                        <!--1 or more repetitions:-->
                        <v13:iso-alpha2 startDate="?" endDate="?" status="?">?</v13:iso-alpha2>
                        <!--1 or more repetitions:-->
                        <v13:iso-alpha3 startDate="?" endDate="?" status="?">?</v13:iso-alpha3>
                        <!--1 or more repetitions:-->
                        <v13:iso-numeric3 startDate="?" endDate="?" status="?">?</v13:iso-numeric3>
                     </v13:iso>
                     <!--Optional:-->
                     <v13:nis>
                        <!--1 or more repetitions:-->
                        <v13:name language="?" shortName="?">?</v13:name>
                        <!--1 or more repetitions:-->
                        <v13:nis-numeric3 startDate="?" endDate="?" status="?">?</v13:nis-numeric3>
                     </v13:nis>
                     <!--Zero or more repetitions:-->
                     <v13:subTerritory/>
                  </v12:mainTerritory>
                  <!--Zero or more repetitions:-->
                  <v12:subTerritory startDate="?" endDate="?">
                     <!--1 or more repetitions:-->
                     <v13:name language="?" shortName="?">?</v13:name>
                     <!--Optional:-->
                     <v13:iso>
                        <!--1 or more repetitions:-->
                        <v13:name language="?" shortName="?">?</v13:name>
                        <!--1 or more repetitions:-->
                        <v13:iso-alpha2 startDate="?" endDate="?" status="?">?</v13:iso-alpha2>
                        <!--1 or more repetitions:-->
                        <v13:iso-alpha3 startDate="?" endDate="?" status="?">?</v13:iso-alpha3>
                        <!--1 or more repetitions:-->
                        <v13:iso-numeric3 startDate="?" endDate="?" status="?">?</v13:iso-numeric3>
                     </v13:iso>
                     <!--Optional:-->
                     <v13:nis>
                        <!--1 or more repetitions:-->
                        <v13:name language="?" shortName="?">?</v13:name>
                        <!--1 or more repetitions:-->
                        <v13:nis-numeric3 startDate="?" endDate="?" status="?">?</v13:nis-numeric3>
                     </v13:nis>
                     <!--Zero or more repetitions:-->
                     <v13:subTerritory/>
                  </v12:subTerritory>
               </v1:nationality>
            </v1:response>
         </v1:responses>
         <!--Optional:-->
         <v1:exceptions>
            <!--1 or more repetitions:-->
            <v14:exception>
               <v14:type>?</v14:type>
               <v14:code>?</v14:code>
               <v14:source>?</v14:source>
               <v14:description>?</v14:description>
            </v14:exception>
         </v1:exceptions>
      </v1:getNationalityResponse>
   </soapenv:Body>
</soapenv:Envelope>]]></con:responseContent><con:wsaConfig mustUnderstand="NONE" version="200508" action="http://fidus.brussels/services/countryservice/getNationality"/></con:response><con:dispatchConfig/></con:mockOperation><con:mockOperation name="getNationalityHistory" id="d990f0f4-edad-4b4c-a95d-cc9b6dec6142" interface="CountryServiceHTTPBinding" operation="getNationalityHistory"><con:settings/><con:defaultResponse>Response 1</con:defaultResponse><con:dispatchStyle>SEQUENCE</con:dispatchStyle><con:response name="Response 1" id="a9af53b0-1a1b-4ea5-8e8f-ab422eb9ed84" httpResponseStatus="200" encoding="UTF-8"><con:settings/><con:responseContent><![CDATA[<soapenv:Envelope xmlns:soapenv="http://schemas.xmlsoap.org/soap/envelope/" xmlns:v1="http://fidus.brussels/service/countryservice/messages/v1" xmlns:v11="http://fidus.brussels/type/common/messages/v1" xmlns:v12="http://fsb.belgium.be/mappingServices/countryService/messages/v1_00" xmlns:v13="http://fsb.belgium.be/mappingServices/data/country/v1_00" xmlns:v14="http://fidus.brussels/type/common/exceptions/v1">
   <soapenv:Header/>
   <soapenv:Body>
      <v1:getNationalityHistoryResponse>
         <v1:messageContext>
            <v11:messageId>?</v11:messageId>
            <v11:transactionId>?</v11:transactionId>
            <!--Optional:-->
            <v11:timestamp>?</v11:timestamp>
         </v1:messageContext>
         <!--Optional:-->
         <v1:responses>
            <v1:response>
               <!--Zero or more repetitions:-->
               <v1:nationality startDate="?" endDate="?" version="?" modificationDate="?">
                  <!--1 or more repetitions:-->
                  <v12:name language="?" shortName="?">?</v12:name>
                  <v12:mainTerritory startDate="?" endDate="?">
                     <!--1 or more repetitions:-->
                     <v13:name language="?" shortName="?">?</v13:name>
                     <!--Optional:-->
                     <v13:iso>
                        <!--1 or more repetitions:-->
                        <v13:name language="?" shortName="?">?</v13:name>
                        <!--1 or more repetitions:-->
                        <v13:iso-alpha2 startDate="?" endDate="?" status="?">?</v13:iso-alpha2>
                        <!--1 or more repetitions:-->
                        <v13:iso-alpha3 startDate="?" endDate="?" status="?">?</v13:iso-alpha3>
                        <!--1 or more repetitions:-->
                        <v13:iso-numeric3 startDate="?" endDate="?" status="?">?</v13:iso-numeric3>
                     </v13:iso>
                     <!--Optional:-->
                     <v13:nis>
                        <!--1 or more repetitions:-->
                        <v13:name language="?" shortName="?">?</v13:name>
                        <!--1 or more repetitions:-->
                        <v13:nis-numeric3 startDate="?" endDate="?" status="?">?</v13:nis-numeric3>
                     </v13:nis>
                     <!--Zero or more repetitions:-->
                     <v13:subTerritory/>
                  </v12:mainTerritory>
                  <!--Zero or more repetitions:-->
                  <v12:subTerritory startDate="?" endDate="?">
                     <!--1 or more repetitions:-->
                     <v13:name language="?" shortName="?">?</v13:name>
                     <!--Optional:-->
                     <v13:iso>
                        <!--1 or more repetitions:-->
                        <v13:name language="?" shortName="?">?</v13:name>
                        <!--1 or more repetitions:-->
                        <v13:iso-alpha2 startDate="?" endDate="?" status="?">?</v13:iso-alpha2>
                        <!--1 or more repetitions:-->
                        <v13:iso-alpha3 startDate="?" endDate="?" status="?">?</v13:iso-alpha3>
                        <!--1 or more repetitions:-->
                        <v13:iso-numeric3 startDate="?" endDate="?" status="?">?</v13:iso-numeric3>
                     </v13:iso>
                     <!--Optional:-->
                     <v13:nis>
                        <!--1 or more repetitions:-->
                        <v13:name language="?" shortName="?">?</v13:name>
                        <!--1 or more repetitions:-->
                        <v13:nis-numeric3 startDate="?" endDate="?" status="?">?</v13:nis-numeric3>
                     </v13:nis>
                     <!--Zero or more repetitions:-->
                     <v13:subTerritory/>
                  </v12:subTerritory>
               </v1:nationality>
            </v1:response>
         </v1:responses>
         <!--Optional:-->
         <v1:exceptions>
            <!--1 or more repetitions:-->
            <v14:exception>
               <v14:type>?</v14:type>
               <v14:code>?</v14:code>
               <v14:source>?</v14:source>
               <v14:description>?</v14:description>
            </v14:exception>
         </v1:exceptions>
      </v1:getNationalityHistoryResponse>
   </soapenv:Body>
</soapenv:Envelope>]]></con:responseContent><con:wsaConfig mustUnderstand="NONE" version="200508" action="http://fidus.brussels/services/countryservice/getNationalityHistory"/></con:response><con:dispatchConfig/></con:mockOperation><con:mockOperation name="getPlaceCountries" id="47b19e11-75d7-4239-969c-5957501ef3e8" interface="CountryServiceHTTPBinding" operation="getPlaceCountries"><con:settings/><con:defaultResponse>Response 1</con:defaultResponse><con:dispatchStyle>SEQUENCE</con:dispatchStyle><con:response name="Response 1" id="b89badf7-3ce5-4018-8aff-79dee81e4ba9" httpResponseStatus="200" encoding="UTF-8"><con:settings/><con:responseContent><![CDATA[<soapenv:Envelope xmlns:soapenv="http://schemas.xmlsoap.org/soap/envelope/" xmlns:v1="http://fidus.brussels/service/countryservice/messages/v1" xmlns:v11="http://fidus.brussels/type/common/messages/v1" xmlns:v12="http://fsb.belgium.be/mappingServices/countryService/messages/v1_00" xmlns:v13="http://fsb.belgium.be/mappingServices/data/country/v1_00" xmlns:v14="http://fidus.brussels/type/common/exceptions/v1">
   <soapenv:Header/>
   <soapenv:Body>
      <v1:getPlaceCountriesResponse>
         <v1:messageContext>
            <v11:messageId>?</v11:messageId>
            <v11:transactionId>?</v11:transactionId>
            <!--Optional:-->
            <v11:timestamp>?</v11:timestamp>
         </v1:messageContext>
         <!--Optional:-->
         <v1:responses>
            <!--Zero or more repetitions:-->
            <v12:placeCountry startDate="?" endDate="?" version="?" modificationDate="?">
               <!--1 or more repetitions:-->
               <v12:name language="?" shortName="?">?</v12:name>
               <v12:mainTerritory startDate="?" endDate="?">
                  <!--1 or more repetitions:-->
                  <v13:name language="?" shortName="?">?</v13:name>
                  <!--Optional:-->
                  <v13:iso>
                     <!--1 or more repetitions:-->
                     <v13:name language="?" shortName="?">?</v13:name>
                     <!--1 or more repetitions:-->
                     <v13:iso-alpha2 startDate="?" endDate="?" status="?">?</v13:iso-alpha2>
                     <!--1 or more repetitions:-->
                     <v13:iso-alpha3 startDate="?" endDate="?" status="?">?</v13:iso-alpha3>
                     <!--1 or more repetitions:-->
                     <v13:iso-numeric3 startDate="?" endDate="?" status="?">?</v13:iso-numeric3>
                  </v13:iso>
                  <!--Optional:-->
                  <v13:nis>
                     <!--1 or more repetitions:-->
                     <v13:name language="?" shortName="?">?</v13:name>
                     <!--1 or more repetitions:-->
                     <v13:nis-numeric3 startDate="?" endDate="?" status="?">?</v13:nis-numeric3>
                  </v13:nis>
                  <!--Zero or more repetitions:-->
                  <v13:subTerritory/>
               </v12:mainTerritory>
               <!--Zero or more repetitions:-->
               <v12:subTerritory startDate="?" endDate="?">
                  <!--1 or more repetitions:-->
                  <v13:name language="?" shortName="?">?</v13:name>
                  <!--Optional:-->
                  <v13:iso>
                     <!--1 or more repetitions:-->
                     <v13:name language="?" shortName="?">?</v13:name>
                     <!--1 or more repetitions:-->
                     <v13:iso-alpha2 startDate="?" endDate="?" status="?">?</v13:iso-alpha2>
                     <!--1 or more repetitions:-->
                     <v13:iso-alpha3 startDate="?" endDate="?" status="?">?</v13:iso-alpha3>
                     <!--1 or more repetitions:-->
                     <v13:iso-numeric3 startDate="?" endDate="?" status="?">?</v13:iso-numeric3>
                  </v13:iso>
                  <!--Optional:-->
                  <v13:nis>
                     <!--1 or more repetitions:-->
                     <v13:name language="?" shortName="?">?</v13:name>
                     <!--1 or more repetitions:-->
                     <v13:nis-numeric3 startDate="?" endDate="?" status="?">?</v13:nis-numeric3>
                  </v13:nis>
                  <!--Zero or more repetitions:-->
                  <v13:subTerritory/>
               </v12:subTerritory>
            </v12:placeCountry>
         </v1:responses>
         <!--Optional:-->
         <v1:exceptions>
            <!--1 or more repetitions:-->
            <v14:exception>
               <v14:type>?</v14:type>
               <v14:code>?</v14:code>
               <v14:source>?</v14:source>
               <v14:description>?</v14:description>
            </v14:exception>
         </v1:exceptions>
      </v1:getPlaceCountriesResponse>
   </soapenv:Body>
</soapenv:Envelope>]]></con:responseContent><con:wsaConfig mustUnderstand="NONE" version="200508" action="http://fidus.brussels/services/countryservice/getPlaceCountries"/></con:response><con:dispatchConfig/></con:mockOperation><con:mockOperation name="getPlaceCountry" id="43ee585f-2afc-4ad4-a5f5-7835c40ea7b4" interface="CountryServiceHTTPBinding" operation="getPlaceCountry"><con:settings/><con:defaultResponse>Response 1</con:defaultResponse><con:dispatchStyle>SEQUENCE</con:dispatchStyle><con:response name="Response 1" id="5fab0355-89cc-4710-9c18-3099f09a2c25" httpResponseStatus="200" encoding="UTF-8"><con:settings/><con:responseContent><![CDATA[<soapenv:Envelope xmlns:soapenv="http://schemas.xmlsoap.org/soap/envelope/" xmlns:v1="http://fidus.brussels/service/countryservice/messages/v1" xmlns:v11="http://fidus.brussels/type/common/messages/v1" xmlns:v12="http://fsb.belgium.be/mappingServices/countryService/messages/v1_00" xmlns:v13="http://fsb.belgium.be/mappingServices/data/country/v1_00" xmlns:v14="http://fidus.brussels/type/common/exceptions/v1">
   <soapenv:Header/>
   <soapenv:Body>
      <v1:getPlaceCountryResponse>
         <v1:messageContext>
            <v11:messageId>?</v11:messageId>
            <v11:transactionId>?</v11:transactionId>
            <!--Optional:-->
            <v11:timestamp>?</v11:timestamp>
         </v1:messageContext>
         <!--Optional:-->
         <v1:responses>
            <!--Zero or more repetitions:-->
            <v12:placeCountry startDate="?" endDate="?" version="?" modificationDate="?">
               <!--1 or more repetitions:-->
               <v12:name language="?" shortName="?">?</v12:name>
               <v12:mainTerritory startDate="?" endDate="?">
                  <!--1 or more repetitions:-->
                  <v13:name language="?" shortName="?">?</v13:name>
                  <!--Optional:-->
                  <v13:iso>
                     <!--1 or more repetitions:-->
                     <v13:name language="?" shortName="?">?</v13:name>
                     <!--1 or more repetitions:-->
                     <v13:iso-alpha2 startDate="?" endDate="?" status="?">?</v13:iso-alpha2>
                     <!--1 or more repetitions:-->
                     <v13:iso-alpha3 startDate="?" endDate="?" status="?">?</v13:iso-alpha3>
                     <!--1 or more repetitions:-->
                     <v13:iso-numeric3 startDate="?" endDate="?" status="?">?</v13:iso-numeric3>
                  </v13:iso>
                  <!--Optional:-->
                  <v13:nis>
                     <!--1 or more repetitions:-->
                     <v13:name language="?" shortName="?">?</v13:name>
                     <!--1 or more repetitions:-->
                     <v13:nis-numeric3 startDate="?" endDate="?" status="?">?</v13:nis-numeric3>
                  </v13:nis>
                  <!--Zero or more repetitions:-->
                  <v13:subTerritory/>
               </v12:mainTerritory>
               <!--Zero or more repetitions:-->
               <v12:subTerritory startDate="?" endDate="?">
                  <!--1 or more repetitions:-->
                  <v13:name language="?" shortName="?">?</v13:name>
                  <!--Optional:-->
                  <v13:iso>
                     <!--1 or more repetitions:-->
                     <v13:name language="?" shortName="?">?</v13:name>
                     <!--1 or more repetitions:-->
                     <v13:iso-alpha2 startDate="?" endDate="?" status="?">?</v13:iso-alpha2>
                     <!--1 or more repetitions:-->
                     <v13:iso-alpha3 startDate="?" endDate="?" status="?">?</v13:iso-alpha3>
                     <!--1 or more repetitions:-->
                     <v13:iso-numeric3 startDate="?" endDate="?" status="?">?</v13:iso-numeric3>
                  </v13:iso>
                  <!--Optional:-->
                  <v13:nis>
                     <!--1 or more repetitions:-->
                     <v13:name language="?" shortName="?">?</v13:name>
                     <!--1 or more repetitions:-->
                     <v13:nis-numeric3 startDate="?" endDate="?" status="?">?</v13:nis-numeric3>
                  </v13:nis>
                  <!--Zero or more repetitions:-->
                  <v13:subTerritory/>
               </v12:subTerritory>
            </v12:placeCountry>
         </v1:responses>
         <!--Optional:-->
         <v1:exceptions>
            <!--1 or more repetitions:-->
            <v14:exception>
               <v14:type>?</v14:type>
               <v14:code>?</v14:code>
               <v14:source>?</v14:source>
               <v14:description>?</v14:description>
            </v14:exception>
         </v1:exceptions>
      </v1:getPlaceCountryResponse>
   </soapenv:Body>
</soapenv:Envelope>]]></con:responseContent><con:wsaConfig mustUnderstand="NONE" version="200508" action="http://fidus.brussels/services/countryservice/getPlaceCountry"/></con:response><con:dispatchConfig/></con:mockOperation><con:mockOperation name="getPlaceCountryHistory" id="483a9b18-02d0-4a79-8b87-2ca7bc523275" interface="CountryServiceHTTPBinding" operation="getPlaceCountryHistory"><con:settings/><con:defaultResponse>Response 1</con:defaultResponse><con:dispatchStyle>SEQUENCE</con:dispatchStyle><con:response name="Response 1" id="899bad8c-d010-424a-8314-9e406ad4f608" httpResponseStatus="200" encoding="UTF-8"><con:settings/><con:responseContent><![CDATA[<soapenv:Envelope xmlns:soapenv="http://schemas.xmlsoap.org/soap/envelope/" xmlns:v1="http://fidus.brussels/service/countryservice/messages/v1" xmlns:v11="http://fidus.brussels/type/common/messages/v1" xmlns:v12="http://fsb.belgium.be/mappingServices/countryService/messages/v1_00" xmlns:v13="http://fsb.belgium.be/mappingServices/data/country/v1_00" xmlns:v14="http://fidus.brussels/type/common/exceptions/v1">
   <soapenv:Header/>
   <soapenv:Body>
      <v1:getPlaceCountryHistoryResponse>
         <v1:messageContext>
            <v11:messageId>?</v11:messageId>
            <v11:transactionId>?</v11:transactionId>
            <!--Optional:-->
            <v11:timestamp>?</v11:timestamp>
         </v1:messageContext>
         <!--Optional:-->
         <v1:responses>
            <!--Zero or more repetitions:-->
            <v12:placeCountry startDate="?" endDate="?" version="?" modificationDate="?">
               <!--1 or more repetitions:-->
               <v12:name language="?" shortName="?">?</v12:name>
               <v12:mainTerritory startDate="?" endDate="?">
                  <!--1 or more repetitions:-->
                  <v13:name language="?" shortName="?">?</v13:name>
                  <!--Optional:-->
                  <v13:iso>
                     <!--1 or more repetitions:-->
                     <v13:name language="?" shortName="?">?</v13:name>
                     <!--1 or more repetitions:-->
                     <v13:iso-alpha2 startDate="?" endDate="?" status="?">?</v13:iso-alpha2>
                     <!--1 or more repetitions:-->
                     <v13:iso-alpha3 startDate="?" endDate="?" status="?">?</v13:iso-alpha3>
                     <!--1 or more repetitions:-->
                     <v13:iso-numeric3 startDate="?" endDate="?" status="?">?</v13:iso-numeric3>
                  </v13:iso>
                  <!--Optional:-->
                  <v13:nis>
                     <!--1 or more repetitions:-->
                     <v13:name language="?" shortName="?">?</v13:name>
                     <!--1 or more repetitions:-->
                     <v13:nis-numeric3 startDate="?" endDate="?" status="?">?</v13:nis-numeric3>
                  </v13:nis>
                  <!--Zero or more repetitions:-->
                  <v13:subTerritory/>
               </v12:mainTerritory>
               <!--Zero or more repetitions:-->
               <v12:subTerritory startDate="?" endDate="?">
                  <!--1 or more repetitions:-->
                  <v13:name language="?" shortName="?">?</v13:name>
                  <!--Optional:-->
                  <v13:iso>
                     <!--1 or more repetitions:-->
                     <v13:name language="?" shortName="?">?</v13:name>
                     <!--1 or more repetitions:-->
                     <v13:iso-alpha2 startDate="?" endDate="?" status="?">?</v13:iso-alpha2>
                     <!--1 or more repetitions:-->
                     <v13:iso-alpha3 startDate="?" endDate="?" status="?">?</v13:iso-alpha3>
                     <!--1 or more repetitions:-->
                     <v13:iso-numeric3 startDate="?" endDate="?" status="?">?</v13:iso-numeric3>
                  </v13:iso>
                  <!--Optional:-->
                  <v13:nis>
                     <!--1 or more repetitions:-->
                     <v13:name language="?" shortName="?">?</v13:name>
                     <!--1 or more repetitions:-->
                     <v13:nis-numeric3 startDate="?" endDate="?" status="?">?</v13:nis-numeric3>
                  </v13:nis>
                  <!--Zero or more repetitions:-->
                  <v13:subTerritory/>
               </v12:subTerritory>
            </v12:placeCountry>
         </v1:responses>
         <!--Optional:-->
         <v1:exceptions>
            <!--1 or more repetitions:-->
            <v14:exception>
               <v14:type>?</v14:type>
               <v14:code>?</v14:code>
               <v14:source>?</v14:source>
               <v14:description>?</v14:description>
            </v14:exception>
         </v1:exceptions>
      </v1:getPlaceCountryHistoryResponse>
   </soapenv:Body>
</soapenv:Envelope>]]></con:responseContent><con:wsaConfig mustUnderstand="NONE" version="200508" action="http://fidus.brussels/services/countryservice/getPlaceCountryHistory"/></con:response><con:dispatchConfig/></con:mockOperation></con:mockService><con:properties><con:property><con:name>Binding</con:name><con:value>{</con:value></con:property></con:properties><con:wssContainer><con:crypto><con:source>data/wso2/keystores/user-rajarshi.jks</con:source><con:password>test@fidus01</con:password><con:type>KEYSTORE</con:type></con:crypto><con:outgoing><con:name>Outflow TEST</con:name><con:entry type="Signature" username="testuser-test.fidus.brussels" password="test@fidus01"><con:configuration><crypto>user-rajarshi.jks</crypto><keyIdentifierType>3</keyIdentifierType><signatureAlgorithm/><signatureCanonicalization/><useSingleCert>true</useSingleCert><digestAlgorithm/><customTokenValueType/><customTokenId/></con:configuration></con:entry><con:entry type="Timestamp"><con:configuration><timeToLive>300000</timeToLive><strictTimestamp>true</strictTimestamp></con:configuration></con:entry></con:outgoing><con:outgoing><con:name>Outflow DEV</con:name></con:outgoing><con:outgoing><con:name>Outflow STAG</con:name></con:outgoing><con:outgoing><con:name>Outflow PROD</con:name></con:outgoing></con:wssContainer><con:oAuth2ProfileContainer/><con:oAuth1ProfileContainer/><con:sensitiveInformation/></con:soapui-project>