<?xml version="1.0" encoding="UTF-8"?>
<con:soapui-project id="57978340-0dac-48cb-adc4-df9a8fcc0e2f" activeEnvironment="Default" name="Client-EuropeanDisabilityCardService-1.0-soapui-project" resourceRoot="" soapui-version="5.1.3" abortOnError="false" runType="SEQUENTIAL" xmlns:con="http://eviware.com/soapui/config"><con:settings/><con:interface xsi:type="con:WsdlInterface" id="d99e6105-6c75-414e-a6e2-0f24b1a6a6af" wsaVersion="NONE" name="EuropeanDisabilityCardServiceHTTPBinding" type="wsdl" bindingName="{http://fidus.brussels/service/europeandisabilitycardservice/v1}EuropeanDisabilityCardServiceHTTPBinding" soapVersion="1_1" anonymous="optional" definition="file:/home/isr/parent/europeandisabilitycardservice/EuropeanDisabilityCardServiceGateway/src/main/resources/wsdl/europeanDisabilityCardService/1.0.0/EuropeanDisabilityCardService_v1.wsdl" xmlns:xsi="http://www.w3.org/2001/XMLSchema-instance"><con:settings/><con:definitionCache type="TEXT" rootPart="file:/home/isr/parent/europeandisabilitycardservice/EuropeanDisabilityCardServiceGateway/src/main/resources/wsdl/europeanDisabilityCardService/1.0.0/EuropeanDisabilityCardService_v1.wsdl"><con:part><con:url>file:/home/isr/parent/europeandisabilitycardservice/EuropeanDisabilityCardServiceGateway/src/main/resources/wsdl/europeanDisabilityCardService/1.0.0/EuropeanDisabilityCardService_v1.wsdl</con:url><con:content><![CDATA[<wsdl:definitions targetNamespace="http://fidus.brussels/service/europeandisabilitycardservice/v1" name="EuropeanDisabilityCardService" xmlns:soap="http://schemas.xmlsoap.org/wsdl/soap/" xmlns:wsdl="http://schemas.xmlsoap.org/wsdl/" xmlns:xsd="http://www.w3.org/2001/XMLSchema" xmlns:mes="http://fidus.brussels/service/europeandisabilitycardservice/messages/v1" xmlns:tns="http://fidus.brussels/service/europeandisabilitycardservice/v1">
  <xsd:annotation>
    <xsd:documentation>EuropeanDisabilityCardService WDSL v1.</xsd:documentation>
  </xsd:annotation>
  <wsdl:types>
    <xsd:schema targetNamespace="http://fidus.brussels/service/europeandisabilitycardservice/v1" elementFormDefault="qualified">
      <xsd:import namespace="http://fidus.brussels/service/europeandisabilitycardservice/messages/v1" schemaLocation="messages/europeanDisabilityCardServiceMessages_v1.xsd"/>
    </xsd:schema>
  </wsdl:types>
  <wsdl:message name="consultActiveCardsRequestMessage">
    <wsdl:part name="ConsultActiveCardsRequest" element="mes:consultActiveCardsRequest"/>
  </wsdl:message>
  <wsdl:message name="consultActiveCardsResponseMessage">
    <wsdl:part name="ConsultActiveCardsResponse" element="mes:consultActiveCardsResponse"/>
  </wsdl:message>
  <wsdl:message name="consultAllCardsRequestMessage">
    <wsdl:part name="ConsultAllCardsRequest" element="mes:consultAllCardsRequest"/>
  </wsdl:message>
  <wsdl:message name="consultAllCardsResponseMessage">
    <wsdl:part name="ConsultAllCardsResponse" element="mes:consultAllCardsResponse"/>
  </wsdl:message>
  <wsdl:message name="createCardRequestMessage">
    <wsdl:part name="CreateCardRequest" element="mes:createCardRequest"/>
  </wsdl:message>
  <wsdl:message name="createCardResponseMessage">
    <wsdl:part name="CreateCardResponse" element="mes:createCardResponse"/>
  </wsdl:message>
  <wsdl:message name="stopOrCancelCardRequestMessage">
    <wsdl:part name="StopOrCancelCardRequest" element="mes:stopOrCancelCardRequest"/>
  </wsdl:message>
  <wsdl:message name="stopOrCancelCardResponseMessage">
    <wsdl:part name="StopOrCancelCardResponse" element="mes:stopOrCancelCardResponse"/>
  </wsdl:message>
  <wsdl:portType name="EuropeanDisabilityCardServicePortType">
    <wsdl:operation name="consultActiveCards">
      <wsdl:input message="tns:consultActiveCardsRequestMessage"/>
      <wsdl:output message="tns:consultActiveCardsResponseMessage"/>
    </wsdl:operation>
    <wsdl:operation name="consultAllCards">
      <wsdl:input message="tns:consultAllCardsRequestMessage"/>
      <wsdl:output message="tns:consultAllCardsResponseMessage"/>
    </wsdl:operation>
    <wsdl:operation name="createCard">
      <wsdl:input message="tns:createCardRequestMessage"/>
      <wsdl:output message="tns:createCardResponseMessage"/>
    </wsdl:operation>
    <wsdl:operation name="stopOrCancelCard">
      <wsdl:input message="tns:stopOrCancelCardRequestMessage"/>
      <wsdl:output message="tns:stopOrCancelCardResponseMessage"/>
    </wsdl:operation>
  </wsdl:portType>
  <wsdl:binding name="EuropeanDisabilityCardServiceHTTPBinding" type="tns:EuropeanDisabilityCardServicePortType">
    <soap:binding style="document" transport="http://schemas.xmlsoap.org/soap/http"/>
    <wsdl:operation name="consultActiveCards">
      <soap:operation soapAction="http://fidus.brussels/services/europeandisabilitycardservice/consultActiveCards"/>
      <wsdl:input>
        <soap:body use="literal"/>
      </wsdl:input>
      <wsdl:output>
        <soap:body use="literal"/>
      </wsdl:output>
    </wsdl:operation>
    <wsdl:operation name="consultAllCards">
      <soap:operation soapAction="http://fidus.brussels/services/europeandisabilitycardservice/consultAllCards"/>
      <wsdl:input>
        <soap:body use="literal"/>
      </wsdl:input>
      <wsdl:output>
        <soap:body use="literal"/>
      </wsdl:output>
    </wsdl:operation>
    <wsdl:operation name="createCard">
      <soap:operation soapAction="http://fidus.brussels/services/europeandisabilitycardservice/createCard"/>
      <wsdl:input>
        <soap:body use="literal"/>
      </wsdl:input>
      <wsdl:output>
        <soap:body use="literal"/>
      </wsdl:output>
    </wsdl:operation>
    <wsdl:operation name="stopOrCancelCard">
      <soap:operation soapAction="http://fidus.brussels/services/europeandisabilitycardservice/stopOrCancelCard"/>
      <wsdl:input>
        <soap:body use="literal"/>
      </wsdl:input>
      <wsdl:output>
        <soap:body use="literal"/>
      </wsdl:output>
    </wsdl:operation>
  </wsdl:binding>
  <wsdl:service name="EuropeanDisabilityCardService_v1">
    <wsdl:port name="EuropeanDisabilityCardService_v1" binding="tns:EuropeanDisabilityCardServiceHTTPBinding">
      <soap:address location="http://fidus.brussels/services/europeandisabilitycardservice/v1"/>
    </wsdl:port>
  </wsdl:service>
</wsdl:definitions>]]></con:content><con:type>http://schemas.xmlsoap.org/wsdl/</con:type></con:part><con:part><con:url>file:/home/isr/parent/europeandisabilitycardservice/EuropeanDisabilityCardServiceGateway/src/main/resources/wsdl/europeanDisabilityCardService/1.0.0/messages/europeanDisabilityCardServiceMessages_v1.xsd</con:url><con:content><![CDATA[<xsd:schema targetNamespace="http://fidus.brussels/service/europeandisabilitycardservice/messages/v1" elementFormDefault="qualified" attributeFormDefault="unqualified" version="1.0" xmlns:xsd="http://www.w3.org/2001/XMLSchema" xmlns:cme="http://fidus.brussels/type/common/messages/v1" xmlns:exc="http://fidus.brussels/type/common/exceptions/v1" xmlns:card="http://kszbcss.fgov.be/types/EuropeanDisabilityCard/v1" xmlns:edccommon="http://kszbcss.fgov.be/types/EuropeanDisabilityCard/common/v1" xmlns:common="http://kszbcss.fgov.be/types/common/v3" xmlns:tns="http://fidus.brussels/service/europeandisabilitycardservice/messages/v1">
  <xsd:import namespace="http://fidus.brussels/type/common/messages/v1" schemaLocation="baseMessageTypes_v1.xsd"/>
  <xsd:import namespace="http://fidus.brussels/type/common/exceptions/v1" schemaLocation="exceptionTypes_v1.xsd"/>
  <xsd:import namespace="http://kszbcss.fgov.be/types/common/v3" schemaLocation="../common/CommonV3.xsd"/>
  <xsd:import namespace="http://kszbcss.fgov.be/types/EuropeanDisabilityCard/v1" schemaLocation="../EuropeanDisabilityCard/EuropeanDisabilityCardV1.xsd"/>
  <xsd:import namespace="http://kszbcss.fgov.be/types/EuropeanDisabilityCard/common/v1" schemaLocation="../EuropeanDisabilityCard/common/EuropeanDisabilityCardCommonV1.xsd"/>
  <!--Request ConsultActiveCards definition-->
  <xsd:complexType name="ConsultActiveCardsRequestType">
    <xsd:sequence>
      <xsd:element name="messageContext" type="cme:RequestMessageContextType"/>
      <xsd:element name="legalContext" type="cme:LegalContextType"/>
      <xsd:element name="request" type="tns:ActiveCardsRequestType"/>
    </xsd:sequence>
  </xsd:complexType>
  <xsd:complexType name="ActiveCardsRequestType">
    <xsd:sequence>
      <xsd:element name="ssin" type="common:SsinType"/>
      <xsd:element name="referenceDate" type="xsd:date" minOccurs="0">
        <xsd:annotation>
          <xsd:documentation>When absent, the system date is considered to be the date of reference.</xsd:documentation>
        </xsd:annotation>
      </xsd:element>
    </xsd:sequence>
  </xsd:complexType>
  <xsd:complexType name="ConsultActiveCardsResponseType">
    <xsd:sequence>
      <xsd:element name="messageContext" type="cme:ResponseMessageContextType"/>
      <xsd:element name="responses" type="tns:ActiveCardsResponsesType" minOccurs="0"/>
      <xsd:element name="exceptions" type="exc:ExceptionsType" minOccurs="0">
        <xsd:annotation>
          <xsd:documentation>Technical errors that occur when processing the message context e.g. insufficient rights.</xsd:documentation>
        </xsd:annotation>
      </xsd:element>
    </xsd:sequence>
  </xsd:complexType>
  <xsd:complexType name="ActiveCardsResponsesType">
    <xsd:sequence>
      <xsd:element name="response" type="tns:ActiveCardsResponseType" minOccurs="1" maxOccurs="1"/>
    </xsd:sequence>
  </xsd:complexType>
  <xsd:complexType name="ActiveCardsResponseType">
    <xsd:sequence>
      <xsd:element name="activeCards" type="card:ActiveCardsType" minOccurs="0"/>
    </xsd:sequence>
  </xsd:complexType>
  <!--Request consultAllCards definition-->
  <xsd:complexType name="ConsultAllCardsRequestType">
    <xsd:sequence>
      <xsd:element name="messageContext" type="cme:RequestMessageContextType"/>
      <xsd:element name="legalContext" type="cme:LegalContextType"/>
      <xsd:element name="request" type="tns:AllCardsRequestType"/>
    </xsd:sequence>
  </xsd:complexType>
  <xsd:complexType name="AllCardsRequestType">
    <xsd:sequence>
      <xsd:element name="ssin" type="common:SsinType"/>
    </xsd:sequence>
  </xsd:complexType>
  <xsd:complexType name="ConsultAllCardsResponseType">
    <xsd:sequence>
      <xsd:element name="messageContext" type="cme:ResponseMessageContextType"/>
      <xsd:element name="responses" type="tns:AllCardsResponsesType" minOccurs="0"/>
      <xsd:element name="exceptions" type="exc:ExceptionsType" minOccurs="0">
        <xsd:annotation>
          <xsd:documentation>Technical errors that occur when processing the message context e.g. insufficient rights.</xsd:documentation>
        </xsd:annotation>
      </xsd:element>
    </xsd:sequence>
  </xsd:complexType>
  <xsd:complexType name="AllCardsResponsesType">
    <xsd:sequence>
      <xsd:element name="response" type="tns:AllCardsResponseType" minOccurs="1" maxOccurs="1"/>
    </xsd:sequence>
  </xsd:complexType>
  <xsd:complexType name="AllCardsResponseType">
    <xsd:sequence>
      <xsd:element name="allCards" type="card:AllCardsType" minOccurs="0"/>
    </xsd:sequence>
  </xsd:complexType>
  <!--Request createCard definition-->
  <xsd:complexType name="CreateCardRequestType">
    <xsd:sequence>
      <xsd:element name="messageContext" type="cme:RequestMessageContextType"/>
      <xsd:element name="legalContext" type="cme:LegalContextType"/>
      <xsd:element name="request" type="tns:NewCardRequestType"/>
    </xsd:sequence>
  </xsd:complexType>
  <xsd:complexType name="NewCardRequestType">
    <xsd:sequence>
      <xsd:element name="ssin" type="common:SsinType"/>
      <xsd:element name="emittingPartner" type="common:EnterpriseNumberType"/>
      <xsd:element name="language" type="common:LanguageType"/>
      <xsd:element name="forceCreation" type="xsd:boolean"/>
    </xsd:sequence>
  </xsd:complexType>
  <xsd:complexType name="CreateCardResponseType">
    <xsd:sequence>
      <xsd:element name="messageContext" type="cme:ResponseMessageContextType"/>
      <xsd:element name="responses" type="tns:NewCardResponseType" minOccurs="0"/>
      <xsd:element name="exceptions" type="exc:ExceptionsType" minOccurs="0">
        <xsd:annotation>
          <xsd:documentation>Technical errors that occur when processing the message context e.g. insufficient rights.</xsd:documentation>
        </xsd:annotation>
      </xsd:element>
    </xsd:sequence>
  </xsd:complexType>
  <xsd:complexType name="NewCardResponseType">
    <xsd:sequence>
      <xsd:element name="newCard" type="card:NewCardType" minOccurs="0"/>
      <xsd:element name="otherActiveCards" type="card:ActiveCardsType" minOccurs="0"/>
    </xsd:sequence>
  </xsd:complexType>
  <!--Request stopOrCancelCard definition-->
  <xsd:complexType name="StopOrCancelCardRequestType">
    <xsd:sequence>
      <xsd:element name="messageContext" type="cme:RequestMessageContextType"/>
      <xsd:element name="legalContext" type="cme:LegalContextType"/>
      <xsd:element name="request" type="tns:StopCancelCardRequestType"/>
    </xsd:sequence>
  </xsd:complexType>
  <xsd:complexType name="StopCancelCardRequestType">
    <xsd:sequence>
      <xsd:element name="cardNumber" type="edccommon:CardNumberType"/>
      <xsd:element name="emittingPartner" type="common:EnterpriseNumberType"/>
    </xsd:sequence>
  </xsd:complexType>
  <xsd:complexType name="StopOrCancelCardResponseType">
    <xsd:sequence>
      <xsd:element name="messageContext" type="cme:ResponseMessageContextType"/>
      <xsd:element name="responses" type="tns:StopCancelCardResponseType" minOccurs="0"/>
      <xsd:element name="exceptions" type="exc:ExceptionsType" minOccurs="0">
        <xsd:annotation>
          <xsd:documentation>Technical errors that occur when processing the message context e.g. insufficient rights.</xsd:documentation>
        </xsd:annotation>
      </xsd:element>
    </xsd:sequence>
  </xsd:complexType>
  <xsd:complexType name="StopCancelCardResponseType">
    <xsd:sequence>
      <xsd:element name="result" type="card:StopOrCancelCardResultType" minOccurs="0"/>
    </xsd:sequence>
  </xsd:complexType>
  <!--Element of the request and the response-->
  <xsd:element name="consultActiveCardsRequest" type="tns:ConsultActiveCardsRequestType"/>
  <xsd:element name="consultActiveCardsResponse" type="tns:ConsultActiveCardsResponseType"/>
  <xsd:element name="consultAllCardsRequest" type="tns:ConsultAllCardsRequestType"/>
  <xsd:element name="consultAllCardsResponse" type="tns:ConsultAllCardsResponseType"/>
  <xsd:element name="createCardRequest" type="tns:CreateCardRequestType"/>
  <xsd:element name="createCardResponse" type="tns:CreateCardResponseType"/>
  <xsd:element name="stopOrCancelCardRequest" type="tns:StopOrCancelCardRequestType"/>
  <xsd:element name="stopOrCancelCardResponse" type="tns:StopOrCancelCardResponseType"/>
</xsd:schema>]]></con:content><con:type>http://www.w3.org/2001/XMLSchema</con:type></con:part><con:part><con:url>file:/home/isr/parent/europeandisabilitycardservice/EuropeanDisabilityCardServiceGateway/src/main/resources/wsdl/europeanDisabilityCardService/1.0.0/messages/baseMessageTypes_v1.xsd</con:url><con:content><![CDATA[<xsd:schema targetNamespace="http://fidus.brussels/type/common/messages/v1" elementFormDefault="qualified" attributeFormDefault="unqualified" version="1.0" xmlns:xsd="http://www.w3.org/2001/XMLSchema" xmlns:cmn="http://fidus.brussels/type/common/v1" xmlns:tns="http://fidus.brussels/type/common/messages/v1">
  <!--Unformatted message Id-->
  <xsd:simpleType name="MessageIdType">
    <xsd:restriction base="xsd:string">
      <xsd:minLength value="1"/>
      <xsd:maxLength value="64"/>
    </xsd:restriction>
  </xsd:simpleType>
  <!--National Number of the person. Format depending on the Register-->
  <xsd:simpleType name="PersonNumberType">
    <xsd:restriction base="xsd:string">
      <xsd:pattern value="[0-9][0-9](([0][0-9])|([1][0-2]))(([0-2][0-9])|([3][0-1]))(([0-9]{2}[1-9])|([0-9][1-9][0-9])|([1-9][0-9]{2}))(([0-8][0-9])|([9][0-7]))">
        <xsd:annotation>
          <xsd:documentation>National Register format</xsd:documentation>
        </xsd:annotation>
      </xsd:pattern>
      <xsd:pattern value="[0-9][0-9](([2][0-9])|([3][0-2]))(([0-2][0-9])|([3][0-1]))[0-9]{3}(([0-8][0-9])|([9][0-7]))">
        <xsd:annotation>
          <xsd:documentation>CBSS Register format: Bis Register</xsd:documentation>
        </xsd:annotation>
      </xsd:pattern>
      <xsd:pattern value="[0-9][0-9](([4][0-9])|([5][0-2]))(([0-2][0-9])|([3][0-1]))[0-9]{3}(([0-8][0-9])|([9][0-7]))">
        <xsd:annotation>
          <xsd:documentation>CBSS Register format: Ter Register</xsd:documentation>
        </xsd:annotation>
      </xsd:pattern>
    </xsd:restriction>
  </xsd:simpleType>
  <!--Request message context-->
  <xsd:complexType name="RequestMessageContextType">
    <xsd:annotation>
      <xsd:documentation>Message context block generated by the consumer.</xsd:documentation>
    </xsd:annotation>
    <xsd:sequence>
      <xsd:element name="messageId" type="tns:MessageIdType">
        <xsd:annotation>
          <xsd:documentation>Consumer must assign their own MessageId reference for the request.</xsd:documentation>
        </xsd:annotation>
      </xsd:element>
      <xsd:element name="timestamp" type="xsd:dateTime" minOccurs="0">
        <xsd:annotation>
          <xsd:documentation>Timestamp when client sent request.</xsd:documentation>
        </xsd:annotation>
      </xsd:element>
    </xsd:sequence>
  </xsd:complexType>
  <!--Response message context-->
  <xsd:complexType name="ResponseMessageContextType">
    <xsd:annotation>
      <xsd:documentation>MessageContext block generated by fidus.</xsd:documentation>
    </xsd:annotation>
    <xsd:sequence>
      <xsd:element name="messageId" type="tns:MessageIdType">
        <xsd:annotation>
          <xsd:documentation>A unique identifier generated by fidus.</xsd:documentation>
        </xsd:annotation>
      </xsd:element>
      <xsd:element name="transactionId" type="tns:MessageIdType">
        <xsd:annotation>
          <xsd:documentation>A unique ID returned to the client for tracing purposes.</xsd:documentation>
        </xsd:annotation>
      </xsd:element>
      <xsd:element name="timestamp" type="xsd:dateTime" minOccurs="0">
        <xsd:annotation>
          <xsd:documentation>Time reply sent by fidus.</xsd:documentation>
        </xsd:annotation>
      </xsd:element>
    </xsd:sequence>
  </xsd:complexType>
  <!--Legal Context : the finality of the Privacy Commission-->
  <xsd:simpleType name="LegalContextType">
    <xsd:restriction base="xsd:string">
      <xsd:minLength value="1"/>
      <xsd:maxLength value="64"/>
    </xsd:restriction>
  </xsd:simpleType>
  <xsd:complexType name="UserContextType">
    <xsd:annotation>
      <xsd:documentation>The user context defines information regarding the actual user performing a request.</xsd:documentation>
    </xsd:annotation>
    <xsd:sequence>
      <xsd:element name="language" type="xsd:language" nillable="true">
        <xsd:annotation>
          <xsd:documentation>The preferred language of the actual user performing the request.
						This influences the language in which response elements are cast.</xsd:documentation>
        </xsd:annotation>
      </xsd:element>
    </xsd:sequence>
  </xsd:complexType>
</xsd:schema>]]></con:content><con:type>http://www.w3.org/2001/XMLSchema</con:type></con:part><con:part><con:url>file:/home/isr/parent/europeandisabilitycardservice/EuropeanDisabilityCardServiceGateway/src/main/resources/wsdl/europeanDisabilityCardService/1.0.0/messages/exceptionTypes_v1.xsd</con:url><con:content><![CDATA[<xsd:schema targetNamespace="http://fidus.brussels/type/common/exceptions/v1" elementFormDefault="qualified" attributeFormDefault="unqualified" version="1.0" xmlns:xsd="http://www.w3.org/2001/XMLSchema" xmlns:tns="http://fidus.brussels/type/common/exceptions/v1">
  <!--Basic error typed-->
  <xsd:complexType name="ExceptionsType">
    <xsd:sequence>
      <xsd:element name="exception" type="tns:ExceptionType" maxOccurs="unbounded"/>
    </xsd:sequence>
  </xsd:complexType>
  <xsd:complexType name="ExceptionType">
    <xsd:sequence>
      <xsd:element name="type" type="tns:ExceptionClassType"/>
      <xsd:element name="code" type="tns:ExceptionCodeType"/>
      <xsd:element name="source" type="tns:ExceptionSourceType"/>
      <xsd:element name="description" type="tns:ExceptionDescriptionType"/>
    </xsd:sequence>
  </xsd:complexType>
  <xsd:simpleType name="ExceptionClassType">
    <xsd:restriction base="xsd:string">
      <xsd:enumeration value="ERROR"/>
      <xsd:enumeration value="WARNING"/>
      <xsd:enumeration value="INFO"/>
    </xsd:restriction>
  </xsd:simpleType>
  <xsd:simpleType name="ExceptionCodeType">
    <xsd:restriction base="xsd:string">
      <xsd:maxLength value="20"/>
    </xsd:restriction>
  </xsd:simpleType>
  <xsd:simpleType name="ExceptionSourceType">
    <xsd:restriction base="xsd:string">
      <xsd:maxLength value="20"/>
    </xsd:restriction>
  </xsd:simpleType>
  <xsd:simpleType name="ExceptionDescriptionType">
    <xsd:restriction base="xsd:string"/>
  </xsd:simpleType>
</xsd:schema>]]></con:content><con:type>http://www.w3.org/2001/XMLSchema</con:type></con:part><con:part><con:url>file:/home/isr/parent/europeandisabilitycardservice/EuropeanDisabilityCardServiceGateway/src/main/resources/wsdl/europeanDisabilityCardService/1.0.0/common/CommonV3.xsd</con:url><con:content><![CDATA[<!--====================================================================================================================================
	* File Name				: CommonV3.xsd
	* Author					: Johan Kumps - Peter Van den Bosch
	* Owner					: Crossroad Bank for Social Security (CBSS)
	* Domain					: CBSS Registries Public Services
	* Creation Date			: 31-05-2010
	* Description				: This XML schema document contains a set of Common XML  type definition and content model fragments for use in CBSS webservices and batch file schema definitions within the CBSS domain. 
	* Revision History		: 09-03-2011  	String2Type added
	*														LegalContext added
	*														DescriptionType refactored + lenght constraint 50 changed to 100
	*														InformationCustomerType.ticket length constraint 32 changed to 36
	*														LegalContext + IntegrationContext concepts added
	*														RuntimeFaultType refactored to CBSSFaultType
	*														Parameters added to BaseRequestType
	*                                18-10-2011 		removed String100Type 
   *                                         				Added InformationNotificationCBSS/InformationNotified
   *                                         				Increased the max number of occurences of Information in CBSSFaultType from 5 to 15
	*									25-10-2011	Refactored unbounded business errors to 25
	*														Refactored SSINType to SsinType
   *                          09-11-2011 Changed namespace to v3
   *                                         thorough validation leading to modifications: see CBSS common XSD types.doc
   *                           18-01-2011          informationNotified: identification renamed to notifiedIdentification (consistency)
   *                                                          CbeNumberType: changed from 9 or 10 digits, to mandatory 10 digits
  *                                                          added types for euro amounts, enterprise numbers and business unit numbers
 *                                                          Removed status and business anomalies from BaseResponseType, as the request fields should be copied in the same order in the response
*                                20-03-2012        Renamed BaseDescriptionType to DescriptionType, removed old DescriptionType
*                                                        Removed DescriptionStyleParametersType
*                                                        Removed RegisterCharacterSetType
*                                 29-05-2012           Really remove RegisterCharacterSetType
*								  14-11-2013		Added InformationCBSSBatchType
*								  04-09-2014		Added SenderReceiverType
*								  07-01-2015		Added SequenceNumberType
*								  03-07-2015		Added NssoRegistrationNumberType
*                                 11-09-2015      Modified NssoRegistrationNumberType to allow both 9 long as temporary 10 long numbers starting with 51.
*                                 16-09-2015      Modified NssoRegistrationNumberType to 10 long numbers starting with 51 or with 0.
*                                 08-02-2016      Added StatusOkType
*                                 27-09-2016      Added YearQuarterType format yyyyQx, QuarterPeriodType and OpenQuarterPeriodType
====================================================================================================================================-->
<xsd:schema targetNamespace="http://kszbcss.fgov.be/types/common/v3" elementFormDefault="unqualified" attributeFormDefault="unqualified" version="3.3.1" xmlns:xsd="http://www.w3.org/2001/XMLSchema" xmlns:tns="http://kszbcss.fgov.be/types/common/v3">
  <!--Request / response meta data-->
  <xsd:simpleType name="SeverityType">
    <xsd:restriction base="xsd:string">
      <xsd:enumeration value="INFORMATION"/>
      <xsd:enumeration value="WARNING"/>
      <xsd:enumeration value="FATAL"/>
    </xsd:restriction>
  </xsd:simpleType>
  <xsd:simpleType name="UUIDType">
    <xsd:restriction base="xsd:string">
      <xsd:pattern value="[\da-fA-F]{8}-[\da-fA-F]{4}-[\da-fA-F]{4}-[\da-fA-F]{4}-[\da-fA-F]{12}"/>
    </xsd:restriction>
  </xsd:simpleType>
  <xsd:simpleType name="TicketType">
    <xsd:restriction base="xsd:string">
      <xsd:maxLength value="36"/>
    </xsd:restriction>
  </xsd:simpleType>
  <xsd:simpleType name="CbeNumberType">
    <xsd:annotation>
      <xsd:documentation>CBE number identifying an enterprise or business unit</xsd:documentation>
    </xsd:annotation>
    <xsd:restriction base="xsd:string">
      <xsd:pattern value="\d{10}"/>
    </xsd:restriction>
  </xsd:simpleType>
  <xsd:simpleType name="EnterpriseNumberType">
    <xsd:annotation>
      <xsd:documentation>CBE enterprise number (starting with 0 or 1)</xsd:documentation>
    </xsd:annotation>
    <xsd:restriction base="xsd:string">
      <xsd:pattern value="[0-1]\d{9}"/>
    </xsd:restriction>
  </xsd:simpleType>
  <xsd:simpleType name="BusinessUnitNumberType">
    <xsd:annotation>
      <xsd:documentation>CBE business unit number (starting with 2-8)</xsd:documentation>
    </xsd:annotation>
    <xsd:restriction base="xsd:string">
      <xsd:pattern value="[2-8]\d{9}"/>
    </xsd:restriction>
  </xsd:simpleType>
  <xsd:simpleType name="SsinType">
    <xsd:restriction base="xsd:string">
      <xsd:pattern value="[0-9][0-9](([0][0-9])|([1][0-2]))(([0-2][0-9])|([3][0-1]))(([0-9]{2}[1-9])|([0-9][1-9][0-9])|([1-9][0-9]{2}))(([0-8][0-9])|([9][0-7]))">
        <xsd:annotation>
          <xsd:documentation xml:lang="FR">Registre National</xsd:documentation>
          <xsd:documentation xml:lang="NL">Rijksregister</xsd:documentation>
        </xsd:annotation>
      </xsd:pattern>
      <xsd:pattern value="[0-9][0-9](([2][0-9])|([3][0-2]))(([0-2][0-9])|([3][0-1]))[0-9]{3}(([0-8][0-9])|([9][0-7]))">
        <xsd:annotation>
          <xsd:documentation xml:lang="FR">Registre Bis : numero Bis</xsd:documentation>
          <xsd:documentation xml:lang="NL">Bis register : Bisnummer</xsd:documentation>
        </xsd:annotation>
      </xsd:pattern>
      <xsd:pattern value="[0-9][0-9](([4][0-9])|([5][0-2]))(([0-2][0-9])|([3][0-1]))[0-9]{3}(([0-8][0-9])|([9][0-7]))">
        <xsd:annotation>
          <xsd:documentation xml:lang="FR">Registre Bis : numero TER</xsd:documentation>
          <xsd:documentation xml:lang="NL">Bisregister : Ternummer</xsd:documentation>
        </xsd:annotation>
      </xsd:pattern>
    </xsd:restriction>
  </xsd:simpleType>
  <xsd:simpleType name="LegalContextType">
    <xsd:restriction base="xsd:string">
      <xsd:maxLength value="64"/>
    </xsd:restriction>
  </xsd:simpleType>
  <xsd:simpleType name="IntegrationContextType">
    <xsd:annotation>
      <xsd:documentation>deprecated type. Use InscriptionContextType instead in new XSDs</xsd:documentation>
    </xsd:annotation>
    <xsd:restriction base="xsd:string">
      <xsd:maxLength value="64"/>
    </xsd:restriction>
  </xsd:simpleType>
  <xsd:simpleType name="InscriptionContextType">
    <xsd:annotation>
      <xsd:documentation>The way in which an organization knows a person (textual equivalent of former numerical quality code)</xsd:documentation>
    </xsd:annotation>
    <xsd:restriction base="xsd:string">
      <xsd:maxLength value="64"/>
    </xsd:restriction>
  </xsd:simpleType>
  <xsd:simpleType name="SequenceNumberType">
    <xsd:restriction base="xsd:long">
      <xsd:minInclusive value="1"/>
      <xsd:totalDigits value="15"/>
    </xsd:restriction>
  </xsd:simpleType>
  <xsd:complexType name="InformationCBSSType">
    <xsd:annotation>
      <xsd:documentation>Information block from CBSS.</xsd:documentation>
    </xsd:annotation>
    <xsd:sequence>
      <xsd:element name="ticketCBSS" type="tns:UUIDType"/>
      <xsd:element name="timestampReceive" type="xsd:dateTime">
        <xsd:annotation>
          <xsd:documentation>Time request was received by CBSS.</xsd:documentation>
        </xsd:annotation>
      </xsd:element>
      <xsd:element name="timestampReply" type="xsd:dateTime">
        <xsd:annotation>
          <xsd:documentation>Time reply was sent by CBSS.</xsd:documentation>
        </xsd:annotation>
      </xsd:element>
    </xsd:sequence>
  </xsd:complexType>
  <xsd:complexType name="InformationCustomerType">
    <xsd:annotation>
      <xsd:documentation>Information block that can be used by the customer for diagnostic use.</xsd:documentation>
    </xsd:annotation>
    <xsd:sequence>
      <xsd:element name="ticket" type="tns:TicketType" minOccurs="0">
        <xsd:annotation>
          <xsd:documentation>Client can assign their own ticket reference for the request. Not mandatory. For non-UUID tickets only the first 32 chars are stored at CBSS.</xsd:documentation>
        </xsd:annotation>
      </xsd:element>
      <xsd:element name="timestampSent" type="xsd:dateTime" minOccurs="0">
        <xsd:annotation>
          <xsd:documentation>Timestamp when client sent request.</xsd:documentation>
        </xsd:annotation>
      </xsd:element>
      <xsd:element name="customerIdentification" type="tns:OrganizationIdentificationType"/>
    </xsd:sequence>
  </xsd:complexType>
  <xsd:complexType name="InformationSupplierType">
    <xsd:annotation>
      <xsd:documentation>Information block for supplier of a service</xsd:documentation>
    </xsd:annotation>
    <xsd:sequence>
      <xsd:element name="ticket" type="tns:TicketType" minOccurs="0">
        <xsd:annotation>
          <xsd:documentation>UUID generated by Customer or Supplier</xsd:documentation>
        </xsd:annotation>
      </xsd:element>
      <xsd:element name="timestampReceive" type="xsd:dateTime" minOccurs="0">
        <xsd:annotation>
          <xsd:documentation>Time of request</xsd:documentation>
        </xsd:annotation>
      </xsd:element>
      <xsd:element name="timestampReply" type="xsd:dateTime" minOccurs="0">
        <xsd:annotation>
          <xsd:documentation>Time of request</xsd:documentation>
        </xsd:annotation>
      </xsd:element>
      <xsd:element name="supplierIdentification" type="tns:OrganizationIdentificationType"/>
    </xsd:sequence>
  </xsd:complexType>
  <xsd:complexType name="InformationNotificationCBSSType">
    <xsd:annotation>
      <xsd:documentation>Deprecated type. Use SenderReceiverType in new batch XSDs. Information block for CBSS info when CBSS notifies partner</xsd:documentation>
    </xsd:annotation>
    <xsd:sequence>
      <xsd:element name="ticketCBSS" type="tns:UUIDType">
        <xsd:annotation>
          <xsd:documentation>UUID generated by Customer or Supplier</xsd:documentation>
        </xsd:annotation>
      </xsd:element>
      <xsd:element name="timestampSent" type="xsd:dateTime">
        <xsd:annotation>
          <xsd:documentation>Time of request</xsd:documentation>
        </xsd:annotation>
      </xsd:element>
    </xsd:sequence>
  </xsd:complexType>
  <xsd:complexType name="InformationNotifiedType">
    <xsd:annotation>
      <xsd:documentation>Deprecated type. Use SenderReceiverType in new batch XSDs. Information block for partner info when CBSS notifies partner</xsd:documentation>
    </xsd:annotation>
    <xsd:sequence>
      <xsd:element name="ticket" type="tns:TicketType" minOccurs="0"/>
      <xsd:element name="timestampReply" type="xsd:dateTime" minOccurs="0"/>
      <xsd:element name="notifiedIdentification" type="tns:OrganizationIdentificationType"/>
    </xsd:sequence>
  </xsd:complexType>
  <xsd:complexType name="InformationCBSSBatchType">
    <xsd:annotation>
      <xsd:documentation>Deprecated type. Use SenderReceiverType in new batch XSDs</xsd:documentation>
    </xsd:annotation>
    <xsd:sequence>
      <xsd:element name="fileId" type="xsd:unsignedLong"/>
      <xsd:element name="fileCreationTimestamp" type="xsd:dateTime"/>
    </xsd:sequence>
  </xsd:complexType>
  <xsd:complexType name="SenderReceiverType">
    <xsd:annotation>
      <xsd:documentation>Information block containing info about the sender or receiver of a message.</xsd:documentation>
    </xsd:annotation>
    <xsd:sequence>
      <xsd:element name="ticket" type="tns:TicketType" minOccurs="0">
        <xsd:annotation>
          <xsd:documentation>The partner can assign a ticket reference to the message. Not mandatory.</xsd:documentation>
        </xsd:annotation>
      </xsd:element>
      <xsd:element name="timestampSent" type="xsd:dateTime" minOccurs="0">
        <xsd:annotation>
          <xsd:documentation>Timestamp when message was sent. In the receiver block of response messages the timestampSent is the timestamp when the request was created by the organization that receives the response.</xsd:documentation>
        </xsd:annotation>
      </xsd:element>
      <xsd:element name="organizationIdentification" type="tns:OrganizationIdentificationType"/>
    </xsd:sequence>
  </xsd:complexType>
  <xsd:complexType name="OrganizationIdentificationType">
    <xsd:choice>
      <xsd:element name="cbeNumber" type="tns:CbeNumberType"/>
      <xsd:sequence>
        <xsd:element name="sector">
          <xsd:simpleType>
            <xsd:restriction base="xsd:unsignedShort">
              <xsd:maxInclusive value="999"/>
            </xsd:restriction>
          </xsd:simpleType>
        </xsd:element>
        <xsd:element name="institution">
          <xsd:simpleType>
            <xsd:restriction base="xsd:unsignedShort">
              <xsd:maxInclusive value="999"/>
            </xsd:restriction>
          </xsd:simpleType>
        </xsd:element>
      </xsd:sequence>
    </xsd:choice>
  </xsd:complexType>
  <xsd:complexType name="OpenPeriodType">
    <xsd:annotation>
      <xsd:documentation>Period containing a begin date and an optional end date.</xsd:documentation>
    </xsd:annotation>
    <xsd:sequence>
      <xsd:element name="beginDate" type="xsd:date"/>
      <xsd:element name="endDate" type="xsd:date" minOccurs="0"/>
    </xsd:sequence>
  </xsd:complexType>
  <xsd:complexType name="PeriodType">
    <xsd:annotation>
      <xsd:documentation>Period containing a begin date and an end date.</xsd:documentation>
    </xsd:annotation>
    <xsd:sequence>
      <xsd:element name="beginDate" type="xsd:date"/>
      <xsd:element name="endDate" type="xsd:date"/>
    </xsd:sequence>
  </xsd:complexType>
  <xsd:complexType name="OpenQuarterPeriodType">
    <xsd:annotation>
      <xsd:documentation>Quarter period containing a quarter begin date and an optional quarter end date.</xsd:documentation>
    </xsd:annotation>
    <xsd:sequence>
      <xsd:element name="beginQuarter" type="tns:YearQuarterType"/>
      <xsd:element name="endQuarter" type="tns:YearQuarterType" minOccurs="0"/>
    </xsd:sequence>
  </xsd:complexType>
  <xsd:complexType name="QuarterPeriodType">
    <xsd:annotation>
      <xsd:documentation>Quarter period containing a quarter begin date and a quarter end date.</xsd:documentation>
    </xsd:annotation>
    <xsd:sequence>
      <xsd:element name="beginQuarter" type="tns:YearQuarterType"/>
      <xsd:element name="endQuarter" type="tns:YearQuarterType"/>
    </xsd:sequence>
  </xsd:complexType>
  <xsd:simpleType name="YearQuarterType">
    <xsd:restriction base="xsd:string">
      <xsd:length value="6"/>
      <xsd:whiteSpace value="collapse"/>
      <xsd:pattern value="[1-2]\d{3}Q(1|2|3|4)"/>
    </xsd:restriction>
  </xsd:simpleType>
  <xsd:simpleType name="IncompleteDateType">
    <xsd:annotation>
      <xsd:documentation>A possibly incomplete date. Format yyyy-mm-dd, yyyy-mm-00 or yyyy-00-00</xsd:documentation>
    </xsd:annotation>
    <xsd:restriction base="xsd:string">
      <xsd:length value="10"/>
      <xsd:whiteSpace value="collapse"/>
      <xsd:pattern value="[0-2][0-9]{3}\-[0-1][0-9]\-[0-3][0-9]"/>
    </xsd:restriction>
  </xsd:simpleType>
  <xsd:simpleType name="DescriptionType">
    <xsd:restriction base="xsd:string">
      <xsd:maxLength value="100"/>
    </xsd:restriction>
  </xsd:simpleType>
  <xsd:simpleType name="LanguageType">
    <xsd:annotation>
      <xsd:documentation>Type specifying the language of a given value</xsd:documentation>
    </xsd:annotation>
    <xsd:restriction base="xsd:string">
      <xsd:enumeration value="NL"/>
      <xsd:enumeration value="FR"/>
      <xsd:enumeration value="DE"/>
    </xsd:restriction>
  </xsd:simpleType>
  <!--Errors and warnings structures-->
  <xsd:group name="BusinessAnomaliesContentFragment">
    <xsd:annotation>
      <xsd:documentation>Structure reporting business errors to the consumer</xsd:documentation>
    </xsd:annotation>
    <xsd:sequence>
      <xsd:element name="businessAnomalies" type="tns:BusinessAnomaliesType" minOccurs="0"/>
    </xsd:sequence>
  </xsd:group>
  <xsd:complexType name="BusinessAnomaliesType">
    <xsd:annotation>
      <xsd:documentation>Type defining the structure of the part of the response containing business Faults</xsd:documentation>
    </xsd:annotation>
    <xsd:sequence>
      <xsd:element name="businessAnomaly" type="tns:BusinessAnomalyType" maxOccurs="25"/>
    </xsd:sequence>
  </xsd:complexType>
  <xsd:complexType name="BusinessAnomalyType">
    <xsd:annotation>
      <xsd:documentation>Type defining the structure of one business Faults</xsd:documentation>
    </xsd:annotation>
    <xsd:sequence>
      <xsd:element name="code" type="xsd:string">
        <xsd:annotation>
          <xsd:documentation>Unique code referring to a description of this Fault</xsd:documentation>
        </xsd:annotation>
      </xsd:element>
      <xsd:element name="severity" type="tns:SeverityType"/>
      <xsd:element name="description">
        <xsd:annotation>
          <xsd:documentation>Some description of this Fault</xsd:documentation>
        </xsd:annotation>
        <xsd:simpleType>
          <xsd:restriction base="xsd:string">
            <xsd:maxLength value="256"/>
          </xsd:restriction>
        </xsd:simpleType>
      </xsd:element>
      <xsd:element name="information" type="tns:InformationType" minOccurs="0" maxOccurs="15"/>
    </xsd:sequence>
  </xsd:complexType>
  <xsd:complexType name="CBSSFaultType">
    <xsd:sequence>
      <xsd:element name="informationCustomer" type="tns:InformationCustomerType" minOccurs="0"/>
      <xsd:element name="informationCBSS" type="tns:InformationCBSSType"/>
      <xsd:element name="detail" type="tns:MessageType" maxOccurs="30"/>
    </xsd:sequence>
  </xsd:complexType>
  <xsd:complexType name="MessageType">
    <xsd:sequence>
      <xsd:element name="severity" type="tns:SeverityType"/>
      <xsd:element name="reasonCode">
        <xsd:simpleType>
          <xsd:restriction base="xsd:string">
            <xsd:maxLength value="16"/>
          </xsd:restriction>
        </xsd:simpleType>
      </xsd:element>
      <xsd:element name="diagnostic">
        <xsd:simpleType>
          <xsd:restriction base="xsd:string">
            <xsd:maxLength value="256"/>
          </xsd:restriction>
        </xsd:simpleType>
      </xsd:element>
      <xsd:element name="authorCode">
        <xsd:simpleType>
          <xsd:restriction base="xsd:string">
            <xsd:maxLength value="64"/>
          </xsd:restriction>
        </xsd:simpleType>
      </xsd:element>
      <xsd:element name="information" type="tns:InformationType" minOccurs="0" maxOccurs="15"/>
    </xsd:sequence>
  </xsd:complexType>
  <xsd:complexType name="InformationType">
    <xsd:sequence>
      <xsd:element name="fieldName">
        <xsd:simpleType>
          <xsd:restriction base="xsd:string">
            <xsd:maxLength value="64"/>
          </xsd:restriction>
        </xsd:simpleType>
      </xsd:element>
      <xsd:element name="fieldValue" minOccurs="0">
        <xsd:simpleType>
          <xsd:restriction base="xsd:string">
            <xsd:maxLength value="256"/>
          </xsd:restriction>
        </xsd:simpleType>
      </xsd:element>
    </xsd:sequence>
  </xsd:complexType>
  <!--Base types for most common request/response format for consultation type operations. Can be used to define request and response types with extension type inheritance. Don't use if it doesn't fit the requirements.-->
  <xsd:complexType name="BaseRequestType" abstract="true">
    <xsd:annotation>
      <xsd:documentation>Type defining the base structure for all service requests</xsd:documentation>
    </xsd:annotation>
    <xsd:sequence>
      <xsd:element name="informationCustomer" type="tns:InformationCustomerType"/>
      <xsd:element name="informationCBSS" type="tns:InformationCBSSType" minOccurs="0"/>
      <xsd:element name="legalContext" type="tns:LegalContextType">
        <xsd:annotation>
          <xsd:documentation>legal context under which the request was made</xsd:documentation>
        </xsd:annotation>
      </xsd:element>
    </xsd:sequence>
  </xsd:complexType>
  <xsd:complexType name="BaseResponseType" abstract="true">
    <xsd:annotation>
      <xsd:documentation>Type defining the base structure for all service responses</xsd:documentation>
    </xsd:annotation>
    <xsd:sequence>
      <xsd:element name="informationCustomer" type="tns:InformationCustomerType"/>
      <xsd:element name="informationCBSS" type="tns:InformationCBSSType"/>
      <xsd:element name="legalContext" type="tns:LegalContextType"/>
    </xsd:sequence>
  </xsd:complexType>
  <!--Commonly used status type for consultation type operations. Define another if it doesn't fit requirements.-->
  <xsd:complexType name="StatusType">
    <xsd:sequence>
      <xsd:element name="value">
        <xsd:annotation>
          <xsd:documentation>global status of the result</xsd:documentation>
        </xsd:annotation>
        <xsd:simpleType>
          <xsd:restriction base="xsd:string">
            <xsd:enumeration value="DATA_FOUND"/>
            <xsd:enumeration value="NO_DATA_FOUND"/>
            <xsd:enumeration value="NO_RESULT"/>
          </xsd:restriction>
        </xsd:simpleType>
      </xsd:element>
      <xsd:element name="code">
        <xsd:annotation>
          <xsd:documentation>the code of the status</xsd:documentation>
        </xsd:annotation>
        <xsd:simpleType>
          <xsd:restriction base="xsd:string">
            <xsd:maxLength value="16"/>
          </xsd:restriction>
        </xsd:simpleType>
      </xsd:element>
      <xsd:element name="description" minOccurs="0">
        <xsd:annotation>
          <xsd:documentation>the description of the status</xsd:documentation>
        </xsd:annotation>
        <xsd:simpleType>
          <xsd:restriction base="xsd:string">
            <xsd:maxLength value="256"/>
          </xsd:restriction>
        </xsd:simpleType>
      </xsd:element>
      <xsd:element name="information" type="tns:InformationType" minOccurs="0" maxOccurs="15"/>
    </xsd:sequence>
  </xsd:complexType>
  <!--Commonly used status type for ok/nok type operations like notifications. Don't use if it doesn't fit requirements.-->
  <xsd:complexType name="StatusOkType">
    <xsd:sequence>
      <xsd:element name="value">
        <xsd:annotation>
          <xsd:documentation>global status of the result</xsd:documentation>
        </xsd:annotation>
        <xsd:simpleType>
          <xsd:restriction base="xsd:string">
            <xsd:enumeration value="OK"/>
            <xsd:enumeration value="NOK"/>
          </xsd:restriction>
        </xsd:simpleType>
      </xsd:element>
      <xsd:element name="code">
        <xsd:annotation>
          <xsd:documentation>the code of the status</xsd:documentation>
        </xsd:annotation>
        <xsd:simpleType>
          <xsd:restriction base="xsd:string">
            <xsd:maxLength value="16"/>
          </xsd:restriction>
        </xsd:simpleType>
      </xsd:element>
      <xsd:element name="description" minOccurs="0">
        <xsd:annotation>
          <xsd:documentation>the description of the status</xsd:documentation>
        </xsd:annotation>
        <xsd:simpleType>
          <xsd:restriction base="xsd:string">
            <xsd:maxLength value="256"/>
          </xsd:restriction>
        </xsd:simpleType>
      </xsd:element>
      <xsd:element name="information" type="tns:InformationType" minOccurs="0" maxOccurs="15"/>
    </xsd:sequence>
  </xsd:complexType>
  <xsd:simpleType name="EuroPositiveAmountType">
    <xsd:restriction base="xsd:decimal">
      <xsd:fractionDigits value="2"/>
      <xsd:maxExclusive value="1000000000000000"/>
    </xsd:restriction>
  </xsd:simpleType>
  <xsd:simpleType name="EuroAmountType">
    <xsd:restriction base="xsd:decimal">
      <xsd:fractionDigits value="2"/>
      <xsd:maxExclusive value="1000000000000000"/>
      <xsd:minExclusive value="-1000000000000000"/>
    </xsd:restriction>
  </xsd:simpleType>
  <xsd:simpleType name="EurocentPositiveAmountType">
    <xsd:restriction base="xsd:unsignedLong">
      <xsd:maxExclusive value="100000000000000000"/>
    </xsd:restriction>
  </xsd:simpleType>
  <xsd:simpleType name="EurocentAmountType">
    <xsd:restriction base="xsd:long">
      <xsd:minExclusive value="-100000000000000000"/>
      <xsd:maxExclusive value="100000000000000000"/>
    </xsd:restriction>
  </xsd:simpleType>
  <xsd:simpleType name="NssoRegistrationNumberType">
    <xsd:annotation>
      <xsd:documentation>Identification number of an enterprise at NSSO (= RSZ/ONSS). Numbers starting with 51 and length 10 are always temporary numbers.</xsd:documentation>
    </xsd:annotation>
    <xsd:restriction base="xsd:string">
      <xsd:pattern value="0\d{9}"/>
      <xsd:pattern value="51\d{8}"/>
    </xsd:restriction>
  </xsd:simpleType>
</xsd:schema>]]></con:content><con:type>http://www.w3.org/2001/XMLSchema</con:type></con:part><con:part><con:url>file:/home/isr/parent/europeandisabilitycardservice/EuropeanDisabilityCardServiceGateway/src/main/resources/wsdl/europeanDisabilityCardService/1.0.0/EuropeanDisabilityCard/EuropeanDisabilityCardV1.xsd</con:url><con:content><![CDATA[<!--edited with XMLSpy v2008 rel. 2 sp2 (http://www.altova.com) by USER (KSZ-BCSS)-->
<!--========================================================================
       	 * Owner :               KSZ / CBSS
         * Creation date :       2017-04-04
         * Description :         Type definitions for the EuropeanDisabilityCard web service.
         * Revision History : 	 2017-04-04: Initial version
========================================================================-->
<xsd:schema targetNamespace="http://kszbcss.fgov.be/types/EuropeanDisabilityCard/v1" elementFormDefault="unqualified" attributeFormDefault="unqualified" version="2017-04-04" xmlns="http://kszbcss.fgov.be/types/EuropeanDisabilityCard/v1" xmlns:xsd="http://www.w3.org/2001/XMLSchema" xmlns:common="http://kszbcss.fgov.be/types/common/v3" xmlns:edccommon="http://kszbcss.fgov.be/types/EuropeanDisabilityCard/common/v1">
  <xsd:import namespace="http://kszbcss.fgov.be/types/common/v3" schemaLocation="../common/CommonV3.xsd"/>
  <xsd:import namespace="http://kszbcss.fgov.be/types/EuropeanDisabilityCard/common/v1" schemaLocation="common/EuropeanDisabilityCardCommonV1.xsd"/>
  <xsd:element name="consultActiveCardsRequest" type="ConsultActiveCardsRequestType"/>
  <xsd:element name="consultActiveCardsResponse" type="ConsultActiveCardsResponseType"/>
  <xsd:element name="consultActiveCardsFault" type="common:CBSSFaultType"/>
  <xsd:complexType name="ConsultActiveCardsRequestType">
    <xsd:complexContent>
      <xsd:extension base="common:BaseRequestType">
        <xsd:sequence>
          <xsd:element name="criteria" type="ConsultActiveCardsCriteriaType"/>
        </xsd:sequence>
      </xsd:extension>
    </xsd:complexContent>
  </xsd:complexType>
  <xsd:complexType name="ConsultActiveCardsResponseType">
    <xsd:complexContent>
      <xsd:extension base="common:BaseResponseType">
        <xsd:sequence>
          <xsd:element name="criteria" type="ConsultActiveCardsCriteriaType"/>
          <xsd:element name="status" type="common:StatusType"/>
          <xsd:element name="ssin" type="SsinWithCanceledAndReplacedByStatusType" minOccurs="0"/>
          <xsd:element name="activeCards" type="ActiveCardsType" minOccurs="0">
            <xsd:annotation>
              <xsd:documentation>Type specifying all active cards as known in the EDC database for the given criteria. A card is active when in not in lifeCycle CANCELED, RETURNED or FAILED, and for which the period of validity comprises the referencedate of the request. The period of validity is [validityBeginDate, min(validityEndDate, prematureValidityEndDate)]</xsd:documentation>
            </xsd:annotation>
          </xsd:element>
        </xsd:sequence>
      </xsd:extension>
    </xsd:complexContent>
  </xsd:complexType>
  <xsd:element name="consultAllCardsRequest" type="ConsultAllCardsRequestType"/>
  <xsd:element name="consultAllCardsResponse" type="ConsultAllCardsResponseType"/>
  <xsd:element name="consultAllCardsFault" type="common:CBSSFaultType"/>
  <xsd:complexType name="ConsultAllCardsRequestType">
    <xsd:complexContent>
      <xsd:extension base="common:BaseRequestType">
        <xsd:sequence>
          <xsd:element name="criteria" type="ConsultAllCardsCriteriaType"/>
        </xsd:sequence>
      </xsd:extension>
    </xsd:complexContent>
  </xsd:complexType>
  <xsd:complexType name="ConsultAllCardsResponseType">
    <xsd:complexContent>
      <xsd:extension base="common:BaseResponseType">
        <xsd:sequence>
          <xsd:element name="criteria" type="ConsultAllCardsCriteriaType"/>
          <xsd:element name="status" type="common:StatusType"/>
          <xsd:element name="ssin" type="SsinWithCanceledAndReplacedByStatusType" minOccurs="0"/>
          <xsd:element name="allCards" type="AllCardsType" minOccurs="0">
            <xsd:annotation>
              <xsd:documentation>Type specifying all existing or non existing cards as known in the EDC database with a beginDate larger than 3 years ago.</xsd:documentation>
            </xsd:annotation>
          </xsd:element>
        </xsd:sequence>
      </xsd:extension>
    </xsd:complexContent>
  </xsd:complexType>
  <xsd:element name="createCardRequest" type="CreateCardRequestType"/>
  <xsd:element name="createCardResponse" type="CreateCardResponseType"/>
  <xsd:element name="createCardFault" type="common:CBSSFaultType"/>
  <xsd:complexType name="CreateCardRequestType">
    <xsd:complexContent>
      <xsd:extension base="common:BaseRequestType">
        <xsd:sequence>
          <xsd:element name="criteria" type="CreateCardCriteriaType"/>
        </xsd:sequence>
      </xsd:extension>
    </xsd:complexContent>
  </xsd:complexType>
  <xsd:complexType name="CreateCardResponseType">
    <xsd:complexContent>
      <xsd:extension base="common:BaseResponseType">
        <xsd:sequence>
          <xsd:element name="criteria" type="CreateCardCriteriaType"/>
          <xsd:element name="status" type="common:StatusType"/>
          <xsd:element name="ssin" type="SsinWithCanceledAndReplacedByStatusType"/>
          <xsd:element name="newCard" type="NewCardType" minOccurs="0">
            <xsd:annotation>
              <xsd:documentation>The new card created for the given criteria. If not present, no new card has been created.</xsd:documentation>
            </xsd:annotation>
          </xsd:element>
          <xsd:element name="otherActiveCards" type="ActiveCardsType" minOccurs="0">
            <xsd:annotation>
              <xsd:documentation>Type specifying all the other active cards (apart from the newly created one) as known in the EDC database for the given criteria. A card is active when in not in lifeCycle CANCELED, RETURNED or FAILED, and for which the period of validity comprises the date of request. The period of validity is [validityBeginDate, min(validityEndDate, prematureValidityEndDate)]</xsd:documentation>
            </xsd:annotation>
          </xsd:element>
        </xsd:sequence>
      </xsd:extension>
    </xsd:complexContent>
  </xsd:complexType>
  <xsd:element name="stopOrCancelCardRequest" type="StopOrCancelCardRequestType"/>
  <xsd:element name="stopOrCancelCardResponse" type="StopOrCancelCardResponseType"/>
  <xsd:element name="stopOrCancelCardFault" type="common:CBSSFaultType"/>
  <xsd:complexType name="StopOrCancelCardRequestType">
    <xsd:complexContent>
      <xsd:extension base="common:BaseRequestType">
        <xsd:sequence>
          <xsd:element name="criteria" type="StopOrCancelCardCriteriaType"/>
        </xsd:sequence>
      </xsd:extension>
    </xsd:complexContent>
  </xsd:complexType>
  <xsd:complexType name="StopOrCancelCardResponseType">
    <xsd:complexContent>
      <xsd:extension base="common:BaseResponseType">
        <xsd:sequence>
          <xsd:element name="criteria" type="StopOrCancelCardCriteriaType"/>
          <xsd:element name="status" type="common:StatusType"/>
          <xsd:element name="result" type="StopOrCancelCardResultType" minOccurs="0"/>
        </xsd:sequence>
      </xsd:extension>
    </xsd:complexContent>
  </xsd:complexType>
  <xsd:complexType name="ConsultActiveCardsCriteriaType">
    <xsd:sequence>
      <xsd:element name="ssin" type="common:SsinType"/>
      <xsd:element name="referenceDate" type="xsd:date" minOccurs="0">
        <xsd:annotation>
          <xsd:documentation>When absent, the system date is considered to be the date of reference.</xsd:documentation>
        </xsd:annotation>
      </xsd:element>
    </xsd:sequence>
  </xsd:complexType>
  <xsd:complexType name="ConsultAllCardsCriteriaType">
    <xsd:sequence>
      <xsd:element name="ssin" type="common:SsinType"/>
    </xsd:sequence>
  </xsd:complexType>
  <xsd:complexType name="CreateCardCriteriaType">
    <xsd:sequence>
      <xsd:element name="ssin" type="common:SsinType"/>
      <xsd:element name="emittingPartner" type="common:EnterpriseNumberType"/>
      <xsd:element name="language" type="common:LanguageType"/>
      <xsd:element name="forceCreation" type="xsd:boolean"/>
    </xsd:sequence>
  </xsd:complexType>
  <xsd:complexType name="StopOrCancelCardCriteriaType">
    <xsd:sequence>
      <xsd:element name="cardNumber" type="edccommon:CardNumberType"/>
      <xsd:element name="emittingPartner" type="common:EnterpriseNumberType"/>
    </xsd:sequence>
  </xsd:complexType>
  <xsd:complexType name="StopOrCancelCardResultType">
    <xsd:choice>
      <xsd:element name="prematureValidityEndDate" type="xsd:date"/>
      <xsd:element name="cardCanceled" type="xsd:boolean" default="true"/>
    </xsd:choice>
  </xsd:complexType>
  <xsd:complexType name="SsinWithCanceledAndReplacedByStatusType">
    <xsd:simpleContent>
      <xsd:extension base="common:SsinType">
        <xsd:attribute name="canceled" type="xsd:boolean"/>
        <xsd:attribute name="replacedBy" type="common:SsinType"/>
      </xsd:extension>
    </xsd:simpleContent>
  </xsd:complexType>
  <xsd:complexType name="ActiveCardsType">
    <xsd:sequence>
      <xsd:element name="card" type="edccommon:CardType" maxOccurs="10"/>
    </xsd:sequence>
  </xsd:complexType>
  <xsd:complexType name="AllCardsType">
    <xsd:sequence>
      <xsd:element name="card" type="edccommon:CardType" maxOccurs="unbounded"/>
    </xsd:sequence>
  </xsd:complexType>
  <xsd:complexType name="NewCardType">
    <xsd:annotation>
      <xsd:documentation>Type specifying the data of a new card as requested and inserted in the EDC database</xsd:documentation>
    </xsd:annotation>
    <xsd:sequence>
      <xsd:element name="card" type="edccommon:CardType">
        <xsd:annotation>
          <xsd:documentation>The data of the card as present in the EDC database</xsd:documentation>
        </xsd:annotation>
      </xsd:element>
      <xsd:element name="legalData" type="LegalDataType">
        <xsd:annotation>
          <xsd:documentation>The legal data used for printing and sending the card.</xsd:documentation>
        </xsd:annotation>
      </xsd:element>
    </xsd:sequence>
  </xsd:complexType>
  <xsd:complexType name="LegalDataType">
    <xsd:annotation>
      <xsd:documentation>Type specifying the legal data used to determine the acceptability of the new card, and used to send to the printing firm for personalising the new card.</xsd:documentation>
    </xsd:annotation>
    <xsd:sequence>
      <xsd:element name="lastName" type="edccommon:NameType"/>
      <xsd:element name="firstName" type="edccommon:NameType" minOccurs="0"/>
      <xsd:element name="genderCode" type="edccommon:GenderCodeType"/>
      <xsd:element name="birthDate" type="common:IncompleteDateType"/>
      <xsd:element name="address" type="edccommon:AddressType"/>
      <xsd:element name="photoPresent" type="xsd:boolean"/>
    </xsd:sequence>
  </xsd:complexType>
</xsd:schema>]]></con:content><con:type>http://www.w3.org/2001/XMLSchema</con:type></con:part><con:part><con:url>file:/home/isr/parent/europeandisabilitycardservice/EuropeanDisabilityCardServiceGateway/src/main/resources/wsdl/europeanDisabilityCardService/1.0.0/EuropeanDisabilityCard/common/EuropeanDisabilityCardCommonV1.xsd</con:url><con:content><![CDATA[<!--edited with XMLSpy v2008 rel. 2 sp2 (http://www.altova.com) by USER (KSZ-BCSS)-->
<!--========================================================================
       	 * Owner :               KSZ / CBSS
         * Creation date :       2017-06-14
         * Description :         Common Type definitions for the EuropeanDisabilityCard 
         * Revision History : 	 2017-06-14: Initial version
========================================================================-->
<xsd:schema targetNamespace="http://kszbcss.fgov.be/types/EuropeanDisabilityCard/common/v1" elementFormDefault="unqualified" attributeFormDefault="unqualified" version="2017-06-14" xmlns="http://kszbcss.fgov.be/types/EuropeanDisabilityCard/common/v1" xmlns:xsd="http://www.w3.org/2001/XMLSchema" xmlns:common="http://kszbcss.fgov.be/types/common/v3">
  <xsd:import namespace="http://kszbcss.fgov.be/types/common/v3" schemaLocation="../../common/CommonV3.xsd"/>
  <xsd:complexType name="CardType">
    <xsd:annotation>
      <xsd:documentation>Type specifying the data of a card as known in the EDC database</xsd:documentation>
    </xsd:annotation>
    <xsd:sequence>
      <xsd:element name="cardNumber" type="CardNumberType"/>
      <xsd:element name="lifePhase" type="LifePhaseType"/>
      <xsd:element name="failureOrReturnReason" type="xsd:string" minOccurs="0"/>
      <xsd:element name="validityBeginDate" type="xsd:date"/>
      <xsd:element name="validityEndDate" type="xsd:date"/>
      <xsd:element name="prematureValidityEndDate" type="xsd:date" minOccurs="0"/>
      <xsd:element name="emittingPartner" type="common:EnterpriseNumberType"/>
      <xsd:element name="latestUpdateTimestamp" type="xsd:dateTime"/>
    </xsd:sequence>
  </xsd:complexType>
  <xsd:simpleType name="CardNumberType">
    <xsd:annotation>
      <xsd:documentation>Type specifying the number of a card</xsd:documentation>
    </xsd:annotation>
    <xsd:restriction base="xsd:integer">
      <xsd:minInclusive value="10000000000"/>
      <xsd:maxInclusive value="99999999999"/>
    </xsd:restriction>
  </xsd:simpleType>
  <xsd:simpleType name="LifePhaseType">
    <xsd:annotation>
      <xsd:documentation>Type specifying the lifecycle of a card</xsd:documentation>
    </xsd:annotation>
    <xsd:restriction base="xsd:string">
      <xsd:enumeration value="REQUESTED"/>
      <xsd:enumeration value="PROCESSING"/>
      <xsd:enumeration value="SENT"/>
      <xsd:enumeration value="RETURNED"/>
      <xsd:enumeration value="FAILED"/>
      <xsd:enumeration value="CANCELED"/>
    </xsd:restriction>
  </xsd:simpleType>
  <xsd:simpleType name="GenderCodeType">
    <xsd:restriction base="xsd:string">
      <xsd:enumeration value="M"/>
      <xsd:enumeration value="F"/>
    </xsd:restriction>
  </xsd:simpleType>
  <xsd:simpleType name="NameType">
    <xsd:restriction base="xsd:string">
      <xsd:minLength value="1"/>
      <xsd:maxLength value="48"/>
    </xsd:restriction>
  </xsd:simpleType>
  <xsd:complexType name="AddressType">
    <xsd:choice>
      <xsd:element name="belgianAddress" type="BelgianAddressType"/>
      <xsd:element name="diplomaticPostAddress" type="DiplomaticPostAddressType"/>
    </xsd:choice>
  </xsd:complexType>
  <xsd:complexType name="DiplomaticPostAddressType">
    <xsd:sequence>
      <xsd:element name="countryName" type="common:DescriptionType"/>
      <xsd:element name="plainAddress" type="PlainAddressType"/>
    </xsd:sequence>
  </xsd:complexType>
  <xsd:complexType name="BelgianAddressType">
    <xsd:sequence>
      <xsd:element name="postalCode" type="PostalCodeType"/>
      <xsd:element name="cityName" type="common:DescriptionType"/>
      <xsd:element name="streetName" type="common:DescriptionType"/>
      <xsd:element name="houseNumber" type="HouseNumberType" minOccurs="0"/>
      <xsd:element name="boxNumber" type="BoxNumberType" minOccurs="0"/>
    </xsd:sequence>
  </xsd:complexType>
  <xsd:simpleType name="PlainAddressType">
    <xsd:restriction base="xsd:string">
      <xsd:minLength value="1"/>
      <xsd:maxLength value="300"/>
    </xsd:restriction>
  </xsd:simpleType>
  <xsd:simpleType name="PostalCodeType">
    <xsd:restriction base="xsd:string">
      <xsd:minLength value="1"/>
      <xsd:maxLength value="15"/>
    </xsd:restriction>
  </xsd:simpleType>
  <xsd:simpleType name="HouseNumberType">
    <xsd:restriction base="xsd:string">
      <xsd:minLength value="1"/>
      <xsd:maxLength value="12"/>
    </xsd:restriction>
  </xsd:simpleType>
  <xsd:simpleType name="BoxNumberType">
    <xsd:restriction base="xsd:string">
      <xsd:minLength value="1"/>
      <xsd:maxLength value="10"/>
    </xsd:restriction>
  </xsd:simpleType>
</xsd:schema>]]></con:content><con:type>http://www.w3.org/2001/XMLSchema</con:type></con:part></con:definitionCache><con:endpoints><con:endpoint>http://fidus.brussels/services/europeandisabilitycardservice/v1</con:endpoint><con:endpoint>http://localhost.localdomain:8088/mockEuropeanDisabilityCardServiceHTTPBinding</con:endpoint><con:endpoint>https://192.168.22.53:8443/services/EuropeanDisabilityCardService_v1.0</con:endpoint><con:endpoint>https://192.168.22.54:8443/services/EuropeanDisabilityCardService_v1.0</con:endpoint><con:endpoint>https://192.168.24.17:8443/services/EuropeanDisabilityCardService_v1.0</con:endpoint><con:endpoint>https://192.168.26.22:8443/services/EuropeanDisabilityCardService_v1.0</con:endpoint><con:endpoint>https://192.168.36.61:8243/services/EuropeanDisabilityCardService_v1.0</con:endpoint><con:endpoint>https://192.168.36.61:8243/services/europeandisabilitycardservice/v1</con:endpoint><con:endpoint>https://esb-security-gw.sta.srv.cirb.lan:8443/services/EuropeanDisabilityCardService_v1.0</con:endpoint><con:endpoint>https://fidus-esb-sg.prd.srv.cirb.lan:8443/services/EuropeanDisabilityCardService_v1.0</con:endpoint><con:endpoint>https://fidus.sec.brussels/services/EuropeanDisabilityCardService_v1.0</con:endpoint><con:endpoint>https://localhost:8243/services/EuropeanDisabilityCardService_v1.0</con:endpoint></con:endpoints><con:operation id="ef319c4b-9a7e-4ea2-9892-fe3f1d6ca9ea" isOneWay="false" action="http://fidus.brussels/services/europeandisabilitycardservice/consultActiveCards" name="consultActiveCards" bindingOperationName="consultActiveCards" type="Request-Response" inputName="" receivesAttachments="false" sendsAttachments="false" anonymous="optional"><con:settings/><con:call id="acba097f-0cd4-482f-9c8c-3f4c0b67e991" name="01- Local -Request" outgoingWss="Outflow DEV" incomingWss="Inflow DEV"><con:settings><con:setting id="com.eviware.soapui.impl.wsdl.WsdlRequest@request-headers">&lt;xml-fragment/></con:setting></con:settings><con:encoding>UTF-8</con:encoding><con:endpoint>https://localhost:8243/services/EuropeanDisabilityCardService_v1.0</con:endpoint><con:request><![CDATA[<soapenv:Envelope xmlns:soapenv="http://schemas.xmlsoap.org/soap/envelope/" xmlns:v1="http://fidus.brussels/service/europeandisabilitycardservice/messages/v1" xmlns:v11="http://fidus.brussels/type/common/messages/v1">
   <soapenv:Header/>
   <soapenv:Body>
      <v1:consultActiveCardsRequest>         
         <v1:messageContext>
            <v11:messageId>${=import static java.util.UUID.randomUUID; uuid = randomUUID() as String}</v11:messageId>
            <!--Optional:-->
            <v11:timestamp>${=new java.text.SimpleDateFormat("yyyy-MM-dd'T'HH:mm:ss.SSS").format(new Date())}</v11:timestamp>
         </v1:messageContext>
         <v1:legalContext>ServiceIntegrator</v1:legalContext>
         <v1:request>
            <v1:ssin>84072002129</v1:ssin>
            <!--Optional:-->
           
         </v1:request>
      </v1:consultActiveCardsRequest>
   </soapenv:Body>
</soapenv:Envelope>]]></con:request><con:credentials><con:selectedAuthProfile>Basic</con:selectedAuthProfile><con:addedBasicAuthenticationTypes>Basic</con:addedBasicAuthenticationTypes><con:authType>Global HTTP Settings</con:authType></con:credentials><con:jmsConfig JMSDeliveryMode="PERSISTENT"/><con:jmsPropertyConfig/><con:wsaConfig mustUnderstand="NONE" version="200508" action="http://fidus.brussels/services/europeandisabilitycardservice/consultActiveCards"/><con:wsrmConfig version="1.2"/></con:call><con:call id="4caf1354-7006-4515-8da7-e69afdc2bd17" name="02- DEV - Request" outgoingWss="Outflow DEV" incomingWss="Inflow DEV"><con:settings><con:setting id="com.eviware.soapui.impl.wsdl.WsdlRequest@request-headers">&lt;xml-fragment/></con:setting></con:settings><con:encoding>UTF-8</con:encoding><con:endpoint>https://192.168.36.61:8243/services/EuropeanDisabilityCardService_v1.0</con:endpoint><con:request><![CDATA[<soapenv:Envelope xmlns:soapenv="http://schemas.xmlsoap.org/soap/envelope/" xmlns:v1="http://fidus.brussels/service/europeandisabilitycardservice/messages/v1" xmlns:v11="http://fidus.brussels/type/common/messages/v1">
   <soapenv:Header/>
   <soapenv:Body>
      <v1:consultActiveCardsRequest>         
         <v1:messageContext>
            <v11:messageId>${=import static java.util.UUID.randomUUID; uuid = randomUUID() as String}</v11:messageId>
            <!--Optional:-->
            <v11:timestamp>${=new java.text.SimpleDateFormat("yyyy-MM-dd'T'HH:mm:ss.SSS").format(new Date())}</v11:timestamp>
         </v1:messageContext>
         <v1:legalContext>ServiceIntegrator</v1:legalContext>
         <v1:request>
            <v1:ssin>84072002128</v1:ssin>
            <!--Optional:-->
            <v1:referenceDate>2017-05-01</v1:referenceDate>
         </v1:request>
      </v1:consultActiveCardsRequest>
   </soapenv:Body>
</soapenv:Envelope>]]></con:request><con:credentials><con:selectedAuthProfile>Basic</con:selectedAuthProfile><con:addedBasicAuthenticationTypes>Basic</con:addedBasicAuthenticationTypes><con:authType>Global HTTP Settings</con:authType></con:credentials><con:jmsConfig JMSDeliveryMode="PERSISTENT"/><con:jmsPropertyConfig/><con:wsaConfig mustUnderstand="NONE" version="200508" action="http://fidus.brussels/services/europeandisabilitycardservice/consultActiveCards"/><con:wsrmConfig version="1.2"/></con:call><con:call id="5df00541-c929-4c0e-9258-66229238e1c5" name="03- Test - External - Request" outgoingWss="Outflow TEST" incomingWss="Inflow TEST"><con:settings><con:setting id="com.eviware.soapui.impl.wsdl.WsdlRequest@request-headers">&lt;xml-fragment/></con:setting></con:settings><con:encoding>UTF-8</con:encoding><con:endpoint>https://192.168.24.17:8443/services/EuropeanDisabilityCardService_v1.0</con:endpoint><con:request><![CDATA[<soapenv:Envelope xmlns:soapenv="http://schemas.xmlsoap.org/soap/envelope/" xmlns:v1="http://fidus.brussels/service/europeandisabilitycardservice/messages/v1" xmlns:v11="http://fidus.brussels/type/common/messages/v1">
   <soapenv:Header/>
   <soapenv:Body>
      <v1:consultActiveCardsRequest>         
         <v1:messageContext>
            <v11:messageId>${=import static java.util.UUID.randomUUID; uuid = randomUUID() as String}</v11:messageId>
            <!--Optional:-->
            <v11:timestamp>${=new java.text.SimpleDateFormat("yyyy-MM-dd'T'HH:mm:ss.SSS").format(new Date())}</v11:timestamp>
         </v1:messageContext>
         <v1:legalContext>ServiceIntegrator</v1:legalContext>
         <v1:request>
            <v1:ssin>84072002128</v1:ssin>
            <!--Optional:-->
            <v1:referenceDate>2017-05-01</v1:referenceDate>
         </v1:request>
      </v1:consultActiveCardsRequest>
   </soapenv:Body>
</soapenv:Envelope>]]></con:request><con:credentials><con:selectedAuthProfile>Basic</con:selectedAuthProfile><con:addedBasicAuthenticationTypes>Basic</con:addedBasicAuthenticationTypes><con:authType>Global HTTP Settings</con:authType></con:credentials><con:jmsConfig JMSDeliveryMode="PERSISTENT"/><con:jmsPropertyConfig/><con:wsaConfig mustUnderstand="NONE" version="200508" action="http://fidus.brussels/services/europeandisabilitycardservice/consultActiveCards"/><con:wsrmConfig version="1.2"/></con:call><con:call id="0f2074f7-9ea3-4d05-ae61-f811c9a70edc" name="03- Test - LB - Request" outgoingWss="Outflow TEST" incomingWss="Inflow TEST"><con:settings><con:setting id="com.eviware.soapui.impl.wsdl.WsdlRequest@request-headers">&lt;xml-fragment/></con:setting></con:settings><con:encoding>UTF-8</con:encoding><con:endpoint>https://esb-security-gw.sta.srv.cirb.lan:8443/services/EuropeanDisabilityCardService_v1.0</con:endpoint><con:request><![CDATA[<soapenv:Envelope xmlns:soapenv="http://schemas.xmlsoap.org/soap/envelope/" xmlns:v1="http://fidus.brussels/service/europeandisabilitycardservice/messages/v1" xmlns:v11="http://fidus.brussels/type/common/messages/v1">
   <soapenv:Header/>
   <soapenv:Body>
      <v1:consultActiveCardsRequest>         
         <v1:messageContext>
            <v11:messageId>${=import static java.util.UUID.randomUUID; uuid = randomUUID() as String}</v11:messageId>
            <!--Optional:-->
            <v11:timestamp>${=new java.text.SimpleDateFormat("yyyy-MM-dd'T'HH:mm:ss.SSS").format(new Date())}</v11:timestamp>
         </v1:messageContext>
         <v1:legalContext>ServiceIntegrator</v1:legalContext>
         <v1:request>
            <v1:ssin>84072002128</v1:ssin>
            <!--Optional:-->
            <v1:referenceDate>2017-05-01</v1:referenceDate>
         </v1:request>
      </v1:consultActiveCardsRequest>
   </soapenv:Body>
</soapenv:Envelope>]]></con:request><con:credentials><con:selectedAuthProfile>Basic</con:selectedAuthProfile><con:addedBasicAuthenticationTypes>Basic</con:addedBasicAuthenticationTypes><con:authType>Global HTTP Settings</con:authType></con:credentials><con:jmsConfig JMSDeliveryMode="PERSISTENT"/><con:jmsPropertyConfig/><con:wsaConfig mustUnderstand="NONE" version="200508" action="http://fidus.brussels/services/europeandisabilitycardservice/consultActiveCards"/><con:wsrmConfig version="1.2"/></con:call><con:call id="4f1017b7-0939-438e-a085-366fc054d3c2" name="03- Test - Worker1 - Request" outgoingWss="Outflow TEST" incomingWss="Inflow TEST"><con:settings><con:setting id="com.eviware.soapui.impl.wsdl.WsdlRequest@request-headers">&lt;xml-fragment/></con:setting></con:settings><con:encoding>UTF-8</con:encoding><con:endpoint>https://192.168.22.53:8443/services/EuropeanDisabilityCardService_v1.0</con:endpoint><con:request><![CDATA[<soapenv:Envelope xmlns:soapenv="http://schemas.xmlsoap.org/soap/envelope/" xmlns:v1="http://fidus.brussels/service/europeandisabilitycardservice/messages/v1" xmlns:v11="http://fidus.brussels/type/common/messages/v1">
   <soapenv:Header/>
   <soapenv:Body>
      <v1:consultActiveCardsRequest>         
         <v1:messageContext>
            <v11:messageId>${=import static java.util.UUID.randomUUID; uuid = randomUUID() as String}</v11:messageId>
            <!--Optional:-->
            <v11:timestamp>${=new java.text.SimpleDateFormat("yyyy-MM-dd'T'HH:mm:ss.SSS").format(new Date())}</v11:timestamp>
         </v1:messageContext>
         <v1:legalContext>ServiceIntegrator</v1:legalContext>
         <v1:request>
            <v1:ssin>13081340449</v1:ssin>
            <!--<v1:referenceDate>2017-08-09</v1:referenceDate>-->
         </v1:request>
      </v1:consultActiveCardsRequest>
   </soapenv:Body>
</soapenv:Envelope>]]></con:request><con:credentials><con:selectedAuthProfile>Basic</con:selectedAuthProfile><con:addedBasicAuthenticationTypes>Basic</con:addedBasicAuthenticationTypes><con:authType>Global HTTP Settings</con:authType></con:credentials><con:jmsConfig JMSDeliveryMode="PERSISTENT"/><con:jmsPropertyConfig/><con:wsaConfig mustUnderstand="NONE" version="200508" action="http://fidus.brussels/services/europeandisabilitycardservice/consultActiveCards"/><con:wsrmConfig version="1.2"/></con:call><con:call id="3dbbb9a9-1195-460c-8a02-0e22734563a0" name="03- Test - Worker2 - Request" outgoingWss="Outflow DEV" incomingWss="Inflow DEV"><con:settings><con:setting id="com.eviware.soapui.impl.wsdl.WsdlRequest@request-headers">&lt;xml-fragment/></con:setting></con:settings><con:encoding>UTF-8</con:encoding><con:endpoint>https://192.168.22.54:8443/services/EuropeanDisabilityCardService_v1.0</con:endpoint><con:request><![CDATA[<soapenv:Envelope xmlns:soapenv="http://schemas.xmlsoap.org/soap/envelope/" xmlns:v1="http://fidus.brussels/service/europeandisabilitycardservice/messages/v1" xmlns:v11="http://fidus.brussels/type/common/messages/v1">
   <soapenv:Header/>
   <soapenv:Body>
      <v1:consultActiveCardsRequest>         
         <v1:messageContext>
            <v11:messageId>${=import static java.util.UUID.randomUUID; uuid = randomUUID() as String}</v11:messageId>
            <!--Optional:-->
            <v11:timestamp>${=new java.text.SimpleDateFormat("yyyy-MM-dd'T'HH:mm:ss.SSS").format(new Date())}</v11:timestamp>
         </v1:messageContext>
         <v1:legalContext>ServiceIntegrator</v1:legalContext>
         <v1:request>
            <v1:ssin>84072002128</v1:ssin>
            <!--Optional:-->
            <v1:referenceDate>2017-05-01</v1:referenceDate>
         </v1:request>
      </v1:consultActiveCardsRequest>
   </soapenv:Body>
</soapenv:Envelope>]]></con:request><con:credentials><con:selectedAuthProfile>Basic</con:selectedAuthProfile><con:addedBasicAuthenticationTypes>Basic</con:addedBasicAuthenticationTypes><con:authType>Global HTTP Settings</con:authType></con:credentials><con:jmsConfig JMSDeliveryMode="PERSISTENT"/><con:jmsPropertyConfig/><con:wsaConfig mustUnderstand="NONE" version="200508" action="http://fidus.brussels/services/europeandisabilitycardservice/consultActiveCards"/><con:wsrmConfig version="1.2"/></con:call><con:call id="823f639a-8542-4d8b-be85-97f91f161681" name="03- Test - External - ActiveCard@RefDate - Request" outgoingWss="Outflow TEST" incomingWss="Inflow TEST"><con:settings><con:setting id="com.eviware.soapui.impl.wsdl.WsdlRequest@request-headers">&lt;xml-fragment/></con:setting></con:settings><con:encoding>UTF-8</con:encoding><con:endpoint>https://192.168.24.17:8443/services/EuropeanDisabilityCardService_v1.0</con:endpoint><con:request><![CDATA[<soapenv:Envelope xmlns:soapenv="http://schemas.xmlsoap.org/soap/envelope/" xmlns:v1="http://fidus.brussels/service/europeandisabilitycardservice/messages/v1" xmlns:v11="http://fidus.brussels/type/common/messages/v1">
   <soapenv:Header/>
   <soapenv:Body>
      <v1:consultActiveCardsRequest>         
         <v1:messageContext>
            <v11:messageId>${=import static java.util.UUID.randomUUID; uuid = randomUUID() as String}</v11:messageId>
            <!--Optional:-->
            <v11:timestamp>${=new java.text.SimpleDateFormat("yyyy-MM-dd'T'HH:mm:ss.SSS").format(new Date())}</v11:timestamp>
         </v1:messageContext>
         <v1:legalContext>ServiceIntegrator</v1:legalContext>
         <v1:request>
            <v1:ssin>81040964736</v1:ssin>
            <!--Optional:-->
            <v1:referenceDate>2017-08-09</v1:referenceDate>
         </v1:request>
      </v1:consultActiveCardsRequest>
   </soapenv:Body>
</soapenv:Envelope>]]></con:request><con:credentials><con:selectedAuthProfile>Basic</con:selectedAuthProfile><con:addedBasicAuthenticationTypes>Basic</con:addedBasicAuthenticationTypes><con:authType>Global HTTP Settings</con:authType></con:credentials><con:jmsConfig JMSDeliveryMode="PERSISTENT"/><con:jmsPropertyConfig/><con:wsaConfig mustUnderstand="NONE" version="200508" action="http://fidus.brussels/services/europeandisabilitycardservice/consultActiveCards"/><con:wsrmConfig version="1.2"/></con:call><con:call id="9aefa770-4978-44a5-b85c-b8d62f255487" name="03- Test - External - Card_NotActive@RefDate - Request" outgoingWss="Outflow TEST" incomingWss="Inflow TEST"><con:settings><con:setting id="com.eviware.soapui.impl.wsdl.WsdlRequest@request-headers">&lt;xml-fragment/></con:setting></con:settings><con:encoding>UTF-8</con:encoding><con:endpoint>https://192.168.24.17:8443/services/EuropeanDisabilityCardService_v1.0</con:endpoint><con:request><![CDATA[<soapenv:Envelope xmlns:soapenv="http://schemas.xmlsoap.org/soap/envelope/" xmlns:v1="http://fidus.brussels/service/europeandisabilitycardservice/messages/v1" xmlns:v11="http://fidus.brussels/type/common/messages/v1">
   <soapenv:Header/>
   <soapenv:Body>
      <v1:consultActiveCardsRequest>         
         <v1:messageContext>
            <v11:messageId>${=import static java.util.UUID.randomUUID; uuid = randomUUID() as String}</v11:messageId>
            <!--Optional:-->
            <v11:timestamp>${=new java.text.SimpleDateFormat("yyyy-MM-dd'T'HH:mm:ss.SSS").format(new Date())}</v11:timestamp>
         </v1:messageContext>
         <v1:legalContext>ServiceIntegrator</v1:legalContext>
         <v1:request>
            <v1:ssin>81040964736</v1:ssin>
            <!--Optional:-->
            <v1:referenceDate>2017-08-01</v1:referenceDate>
         </v1:request>
      </v1:consultActiveCardsRequest>
   </soapenv:Body>
</soapenv:Envelope>]]></con:request><con:credentials><con:selectedAuthProfile>Basic</con:selectedAuthProfile><con:addedBasicAuthenticationTypes>Basic</con:addedBasicAuthenticationTypes><con:authType>Global HTTP Settings</con:authType></con:credentials><con:jmsConfig JMSDeliveryMode="PERSISTENT"/><con:jmsPropertyConfig/><con:wsaConfig mustUnderstand="NONE" version="200508" action="http://fidus.brussels/services/europeandisabilitycardservice/consultActiveCards"/><con:wsrmConfig version="1.2"/></con:call><con:call id="90cda7a4-0cb7-4414-b587-37d8cdbb263c" name="03- Test - External - CancelledSSIN_ActiveCard@RefDate - Request" outgoingWss="Outflow TEST" incomingWss="Inflow TEST"><con:settings><con:setting id="com.eviware.soapui.impl.wsdl.WsdlRequest@request-headers">&lt;xml-fragment/></con:setting></con:settings><con:encoding>UTF-8</con:encoding><con:endpoint>https://192.168.24.17:8443/services/EuropeanDisabilityCardService_v1.0</con:endpoint><con:request><![CDATA[<soapenv:Envelope xmlns:soapenv="http://schemas.xmlsoap.org/soap/envelope/" xmlns:v1="http://fidus.brussels/service/europeandisabilitycardservice/messages/v1" xmlns:v11="http://fidus.brussels/type/common/messages/v1">
   <soapenv:Header/>
   <soapenv:Body>
      <v1:consultActiveCardsRequest>         
         <v1:messageContext>
            <v11:messageId>${=import static java.util.UUID.randomUUID; uuid = randomUUID() as String}</v11:messageId>
            <!--Optional:-->
            <v11:timestamp>${=new java.text.SimpleDateFormat("yyyy-MM-dd'T'HH:mm:ss.SSS").format(new Date())}</v11:timestamp>
         </v1:messageContext>
         <v1:legalContext>ServiceIntegrator</v1:legalContext>
         <v1:request>
            <v1:ssin>89120121658</v1:ssin>
            <!--Optional:-->
            <v1:referenceDate>2017-08-09</v1:referenceDate>
         </v1:request>
      </v1:consultActiveCardsRequest>
   </soapenv:Body>
</soapenv:Envelope>]]></con:request><con:credentials><con:selectedAuthProfile>Basic</con:selectedAuthProfile><con:addedBasicAuthenticationTypes>Basic</con:addedBasicAuthenticationTypes><con:authType>Global HTTP Settings</con:authType></con:credentials><con:jmsConfig JMSDeliveryMode="PERSISTENT"/><con:jmsPropertyConfig/><con:wsaConfig mustUnderstand="NONE" version="200508" action="http://fidus.brussels/services/europeandisabilitycardservice/consultActiveCards"/><con:wsrmConfig version="1.2"/></con:call><con:call id="f0493f49-321a-4cb8-bc8a-da4fbb667dc7" name="03- Test - External - CancelledSSIN_Card_NotActive - Request" outgoingWss="Outflow TEST" incomingWss="Inflow TEST"><con:settings><con:setting id="com.eviware.soapui.impl.wsdl.WsdlRequest@request-headers">&lt;xml-fragment/></con:setting></con:settings><con:encoding>UTF-8</con:encoding><con:endpoint>https://192.168.24.17:8443/services/EuropeanDisabilityCardService_v1.0</con:endpoint><con:request><![CDATA[<soapenv:Envelope xmlns:soapenv="http://schemas.xmlsoap.org/soap/envelope/" xmlns:v1="http://fidus.brussels/service/europeandisabilitycardservice/messages/v1" xmlns:v11="http://fidus.brussels/type/common/messages/v1">
   <soapenv:Header/>
   <soapenv:Body>
      <v1:consultActiveCardsRequest>         
         <v1:messageContext>
            <v11:messageId>${=import static java.util.UUID.randomUUID; uuid = randomUUID() as String}</v11:messageId>
            <!--Optional:-->
            <v11:timestamp>${=new java.text.SimpleDateFormat("yyyy-MM-dd'T'HH:mm:ss.SSS").format(new Date())}</v11:timestamp>
         </v1:messageContext>
         <v1:legalContext>ServiceIntegrator</v1:legalContext>
         <v1:request>
            <v1:ssin>49010193967</v1:ssin>
            <!--Optional:-->
            <v1:referenceDate>2017-08-01</v1:referenceDate>
         </v1:request>
      </v1:consultActiveCardsRequest>
   </soapenv:Body>
</soapenv:Envelope>]]></con:request><con:credentials><con:selectedAuthProfile>Basic</con:selectedAuthProfile><con:addedBasicAuthenticationTypes>Basic</con:addedBasicAuthenticationTypes><con:authType>Global HTTP Settings</con:authType></con:credentials><con:jmsConfig JMSDeliveryMode="PERSISTENT"/><con:jmsPropertyConfig/><con:wsaConfig mustUnderstand="NONE" version="200508" action="http://fidus.brussels/services/europeandisabilitycardservice/consultActiveCards"/><con:wsrmConfig version="1.2"/></con:call><con:call id="b9e1b3c8-b87f-43a6-a65c-75673234db98" name="03- Test - External - SSIN_DeceasedPerson_Card_Active - Request" outgoingWss="Outflow TEST" incomingWss="Inflow TEST"><con:settings><con:setting id="com.eviware.soapui.impl.wsdl.WsdlRequest@request-headers">&lt;xml-fragment/></con:setting></con:settings><con:encoding>UTF-8</con:encoding><con:endpoint>https://192.168.24.17:8443/services/EuropeanDisabilityCardService_v1.0</con:endpoint><con:request><![CDATA[<soapenv:Envelope xmlns:soapenv="http://schemas.xmlsoap.org/soap/envelope/" xmlns:v1="http://fidus.brussels/service/europeandisabilitycardservice/messages/v1" xmlns:v11="http://fidus.brussels/type/common/messages/v1">
   <soapenv:Header/>
   <soapenv:Body>
      <v1:consultActiveCardsRequest>         
         <v1:messageContext>
            <v11:messageId>${=import static java.util.UUID.randomUUID; uuid = randomUUID() as String}</v11:messageId>
            <!--Optional:-->
            <v11:timestamp>${=new java.text.SimpleDateFormat("yyyy-MM-dd'T'HH:mm:ss.SSS").format(new Date())}</v11:timestamp>
         </v1:messageContext>
         <v1:legalContext>ServiceIntegrator</v1:legalContext>
         <v1:request>
            <v1:ssin>21033027563</v1:ssin>
            <!--Optional:-->
            <v1:referenceDate>2017-08-09</v1:referenceDate>
         </v1:request>
      </v1:consultActiveCardsRequest>
   </soapenv:Body>
</soapenv:Envelope>]]></con:request><con:credentials><con:selectedAuthProfile>Basic</con:selectedAuthProfile><con:addedBasicAuthenticationTypes>Basic</con:addedBasicAuthenticationTypes><con:authType>Global HTTP Settings</con:authType></con:credentials><con:jmsConfig JMSDeliveryMode="PERSISTENT"/><con:jmsPropertyConfig/><con:wsaConfig mustUnderstand="NONE" version="200508" action="http://fidus.brussels/services/europeandisabilitycardservice/consultActiveCards"/><con:wsrmConfig version="1.2"/></con:call><con:call id="a1f5c879-3a17-42f5-bd49-01f845596af3" name="03- Test - External - SSIN_DeceasedPerson_NoCard_Active - Request" outgoingWss="Outflow TEST" incomingWss="Inflow TEST"><con:settings><con:setting id="com.eviware.soapui.impl.wsdl.WsdlRequest@request-headers">&lt;xml-fragment/></con:setting></con:settings><con:encoding>UTF-8</con:encoding><con:endpoint>https://192.168.24.17:8443/services/EuropeanDisabilityCardService_v1.0</con:endpoint><con:request><![CDATA[<soapenv:Envelope xmlns:soapenv="http://schemas.xmlsoap.org/soap/envelope/" xmlns:v1="http://fidus.brussels/service/europeandisabilitycardservice/messages/v1" xmlns:v11="http://fidus.brussels/type/common/messages/v1">
   <soapenv:Header/>
   <soapenv:Body>
      <v1:consultActiveCardsRequest>         
         <v1:messageContext>
            <v11:messageId>${=import static java.util.UUID.randomUUID; uuid = randomUUID() as String}</v11:messageId>
            <!--Optional:-->
            <v11:timestamp>${=new java.text.SimpleDateFormat("yyyy-MM-dd'T'HH:mm:ss.SSS").format(new Date())}</v11:timestamp>
         </v1:messageContext>
         <v1:legalContext>ServiceIntegrator</v1:legalContext>
         <v1:request>
            <v1:ssin>18100808031</v1:ssin>
            <!--Optional:-->
            <v1:referenceDate>2017-08-09</v1:referenceDate>
         </v1:request>
      </v1:consultActiveCardsRequest>
   </soapenv:Body>
</soapenv:Envelope>]]></con:request><con:credentials><con:selectedAuthProfile>Basic</con:selectedAuthProfile><con:addedBasicAuthenticationTypes>Basic</con:addedBasicAuthenticationTypes><con:authType>Global HTTP Settings</con:authType></con:credentials><con:jmsConfig JMSDeliveryMode="PERSISTENT"/><con:jmsPropertyConfig/><con:wsaConfig mustUnderstand="NONE" version="200508" action="http://fidus.brussels/services/europeandisabilitycardservice/consultActiveCards"/><con:wsrmConfig version="1.2"/></con:call><con:call id="b02ed8fb-60ab-406e-b04f-dcb29854b8ca" name="03- Test - External - Card_Active@SysDate - Request" outgoingWss="Outflow TEST" incomingWss="Inflow TEST"><con:settings><con:setting id="com.eviware.soapui.impl.wsdl.WsdlRequest@request-headers">&lt;xml-fragment/></con:setting></con:settings><con:encoding>UTF-8</con:encoding><con:endpoint>https://192.168.24.17:8443/services/EuropeanDisabilityCardService_v1.0</con:endpoint><con:request><![CDATA[<soapenv:Envelope xmlns:soapenv="http://schemas.xmlsoap.org/soap/envelope/" xmlns:v1="http://fidus.brussels/service/europeandisabilitycardservice/messages/v1" xmlns:v11="http://fidus.brussels/type/common/messages/v1">
   <soapenv:Header/>
   <soapenv:Body>
      <v1:consultActiveCardsRequest>         
         <v1:messageContext>
            <v11:messageId>${=import static java.util.UUID.randomUUID; uuid = randomUUID() as String}</v11:messageId>
            <!--Optional:-->
            <v11:timestamp>${=new java.text.SimpleDateFormat("yyyy-MM-dd'T'HH:mm:ss.SSS").format(new Date())}</v11:timestamp>
         </v1:messageContext>
         <v1:legalContext>ServiceIntegrator</v1:legalContext>
         <v1:request>
            <v1:ssin>64061324572</v1:ssin>                     
         </v1:request>
      </v1:consultActiveCardsRequest>
   </soapenv:Body>
</soapenv:Envelope>]]></con:request><con:credentials><con:selectedAuthProfile>Basic</con:selectedAuthProfile><con:addedBasicAuthenticationTypes>Basic</con:addedBasicAuthenticationTypes><con:authType>Global HTTP Settings</con:authType></con:credentials><con:jmsConfig JMSDeliveryMode="PERSISTENT"/><con:jmsPropertyConfig/><con:wsaConfig mustUnderstand="NONE" version="200508" action="http://fidus.brussels/services/europeandisabilitycardservice/consultActiveCards"/><con:wsrmConfig version="1.2"/></con:call><con:call id="508b25c0-a234-493d-9273-9a0b45451a5f" name="03- Test - External - Card_Active_OtherPartner - Request" outgoingWss="Outflow TEST" incomingWss="Inflow TEST"><con:settings><con:setting id="com.eviware.soapui.impl.wsdl.WsdlRequest@request-headers">&lt;xml-fragment/></con:setting></con:settings><con:encoding>UTF-8</con:encoding><con:endpoint>https://192.168.24.17:8443/services/EuropeanDisabilityCardService_v1.0</con:endpoint><con:request><![CDATA[<soapenv:Envelope xmlns:soapenv="http://schemas.xmlsoap.org/soap/envelope/" xmlns:v1="http://fidus.brussels/service/europeandisabilitycardservice/messages/v1" xmlns:v11="http://fidus.brussels/type/common/messages/v1">
   <soapenv:Header/>
   <soapenv:Body>
      <v1:consultActiveCardsRequest>         
         <v1:messageContext>
            <v11:messageId>${=import static java.util.UUID.randomUUID; uuid = randomUUID() as String}</v11:messageId>
            <!--Optional:-->
            <v11:timestamp>${=new java.text.SimpleDateFormat("yyyy-MM-dd'T'HH:mm:ss.SSS").format(new Date())}</v11:timestamp>
         </v1:messageContext>
         <v1:legalContext>ServiceIntegrator</v1:legalContext>
         <v1:request>
            <v1:ssin>81091318921</v1:ssin>
         </v1:request>
      </v1:consultActiveCardsRequest>
   </soapenv:Body>
</soapenv:Envelope>]]></con:request><con:credentials><con:selectedAuthProfile>Basic</con:selectedAuthProfile><con:addedBasicAuthenticationTypes>Basic</con:addedBasicAuthenticationTypes><con:authType>Global HTTP Settings</con:authType></con:credentials><con:jmsConfig JMSDeliveryMode="PERSISTENT"/><con:jmsPropertyConfig/><con:wsaConfig mustUnderstand="NONE" version="200508" action="http://fidus.brussels/services/europeandisabilitycardservice/consultActiveCards"/><con:wsrmConfig version="1.2"/></con:call><con:call id="f114f902-b795-4e31-8bd6-71b991e06b2e" name="03- Test - External - Invalid_ReferenceDate - Request" outgoingWss="Outflow TEST" incomingWss="Inflow TEST"><con:settings><con:setting id="com.eviware.soapui.impl.wsdl.WsdlRequest@request-headers">&lt;xml-fragment/></con:setting></con:settings><con:encoding>UTF-8</con:encoding><con:endpoint>https://192.168.24.17:8443/services/EuropeanDisabilityCardService_v1.0</con:endpoint><con:request><![CDATA[<soapenv:Envelope xmlns:soapenv="http://schemas.xmlsoap.org/soap/envelope/" xmlns:v1="http://fidus.brussels/service/europeandisabilitycardservice/messages/v1" xmlns:v11="http://fidus.brussels/type/common/messages/v1">
   <soapenv:Header/>
   <soapenv:Body>
      <v1:consultActiveCardsRequest>         
         <v1:messageContext>
            <v11:messageId>${=import static java.util.UUID.randomUUID; uuid = randomUUID() as String}</v11:messageId>
            <!--Optional:-->
            <v11:timestamp>${=new java.text.SimpleDateFormat("yyyy-MM-dd'T'HH:mm:ss.SSS").format(new Date())}</v11:timestamp>
         </v1:messageContext>
         <v1:legalContext>ServiceIntegrator</v1:legalContext>
         <v1:request>
            <v1:ssin>81091318921</v1:ssin>
            <v1:referenceDate>2016-01-01</v1:referenceDate>
         </v1:request>
      </v1:consultActiveCardsRequest>
   </soapenv:Body>
</soapenv:Envelope>]]></con:request><con:credentials><con:selectedAuthProfile>Basic</con:selectedAuthProfile><con:addedBasicAuthenticationTypes>Basic</con:addedBasicAuthenticationTypes><con:authType>Global HTTP Settings</con:authType></con:credentials><con:jmsConfig JMSDeliveryMode="PERSISTENT"/><con:jmsPropertyConfig/><con:wsaConfig mustUnderstand="NONE" version="200508" action="http://fidus.brussels/services/europeandisabilitycardservice/consultActiveCards"/><con:wsrmConfig version="1.2"/></con:call><con:call id="55f358a0-5e8c-407c-aacd-775ebf737bfe" name="03- Test - External - Invalid_ReferenceDate2 - Request" outgoingWss="Outflow TEST" incomingWss="Inflow TEST"><con:settings><con:setting id="com.eviware.soapui.impl.wsdl.WsdlRequest@request-headers">&lt;xml-fragment/></con:setting></con:settings><con:encoding>UTF-8</con:encoding><con:endpoint>https://192.168.24.17:8443/services/EuropeanDisabilityCardService_v1.0</con:endpoint><con:request><![CDATA[<soapenv:Envelope xmlns:soapenv="http://schemas.xmlsoap.org/soap/envelope/" xmlns:v1="http://fidus.brussels/service/europeandisabilitycardservice/messages/v1" xmlns:v11="http://fidus.brussels/type/common/messages/v1">
   <soapenv:Header/>
   <soapenv:Body>
      <v1:consultActiveCardsRequest>         
         <v1:messageContext>
            <v11:messageId>${=import static java.util.UUID.randomUUID; uuid = randomUUID() as String}</v11:messageId>
            <!--Optional:-->
            <v11:timestamp>${=new java.text.SimpleDateFormat("yyyy-MM-dd'T'HH:mm:ss.SSS").format(new Date())}</v11:timestamp>
         </v1:messageContext>
         <v1:legalContext>ServiceIntegrator</v1:legalContext>
         <v1:request>
            <v1:ssin>81091318921</v1:ssin>
            <v1:referenceDate>2020-01-01</v1:referenceDate>
         </v1:request>
      </v1:consultActiveCardsRequest>
   </soapenv:Body>
</soapenv:Envelope>]]></con:request><con:credentials><con:selectedAuthProfile>Basic</con:selectedAuthProfile><con:addedBasicAuthenticationTypes>Basic</con:addedBasicAuthenticationTypes><con:authType>Global HTTP Settings</con:authType></con:credentials><con:jmsConfig JMSDeliveryMode="PERSISTENT"/><con:jmsPropertyConfig/><con:wsaConfig mustUnderstand="NONE" version="200508" action="http://fidus.brussels/services/europeandisabilitycardservice/consultActiveCards"/><con:wsrmConfig version="1.2"/></con:call><con:call id="e1f070f1-eaf8-41e8-9360-3130a33b5129" name="04- Staging - External - Request" outgoingWss="Outflow STAGING" incomingWss="Inflow STAGING"><con:settings><con:setting id="com.eviware.soapui.impl.wsdl.WsdlRequest@request-headers">&lt;xml-fragment/></con:setting></con:settings><con:encoding>UTF-8</con:encoding><con:endpoint>https://fidus.sec.brussels/services/EuropeanDisabilityCardService_v1.0</con:endpoint><con:request><![CDATA[<soapenv:Envelope xmlns:soapenv="http://schemas.xmlsoap.org/soap/envelope/" xmlns:v1="http://fidus.brussels/service/europeandisabilitycardservice/messages/v1" xmlns:v11="http://fidus.brussels/type/common/messages/v1">
   <soapenv:Header/>
   <soapenv:Body>
      <v1:consultActiveCardsRequest>         
         <v1:messageContext>
            <v11:messageId>${=import static java.util.UUID.randomUUID; uuid = randomUUID() as String}</v11:messageId>
            <!--Optional:-->
            <v11:timestamp>${=new java.text.SimpleDateFormat("yyyy-MM-dd'T'HH:mm:ss.SSS").format(new Date())}</v11:timestamp>
         </v1:messageContext>
         <v1:legalContext>ServiceIntegrator</v1:legalContext>
         <v1:request>
            <v1:ssin>10022104563</v1:ssin>
            <!--Optional:-->
            <v1:referenceDate>2017-09-01</v1:referenceDate>
         </v1:request>
      </v1:consultActiveCardsRequest>
   </soapenv:Body>
</soapenv:Envelope>]]></con:request><con:credentials><con:selectedAuthProfile>Basic</con:selectedAuthProfile><con:addedBasicAuthenticationTypes>Basic</con:addedBasicAuthenticationTypes><con:authType>Global HTTP Settings</con:authType></con:credentials><con:jmsConfig JMSDeliveryMode="PERSISTENT"/><con:jmsPropertyConfig/><con:wsaConfig mustUnderstand="NONE" version="200508" action="http://fidus.brussels/services/europeandisabilitycardservice/consultActiveCards"/><con:wsrmConfig version="1.2"/></con:call><con:call id="f3c37312-2b61-48eb-93b2-50c7d4ac2a45" name="04- Staging - LB - Request" outgoingWss="Outflow STAGING" incomingWss="Inflow STAGING"><con:settings><con:setting id="com.eviware.soapui.impl.wsdl.WsdlRequest@request-headers">&lt;xml-fragment/></con:setting></con:settings><con:encoding>UTF-8</con:encoding><con:endpoint>https://fidus-esb-sg.prd.srv.cirb.lan:8443/services/EuropeanDisabilityCardService_v1.0</con:endpoint><con:request><![CDATA[<soapenv:Envelope xmlns:soapenv="http://schemas.xmlsoap.org/soap/envelope/" xmlns:v1="http://fidus.brussels/service/europeandisabilitycardservice/messages/v1" xmlns:v11="http://fidus.brussels/type/common/messages/v1">
   <soapenv:Header/>
   <soapenv:Body>
      <v1:consultActiveCardsRequest>         
         <v1:messageContext>
            <v11:messageId>${=import static java.util.UUID.randomUUID; uuid = randomUUID() as String}</v11:messageId>
            <!--Optional:-->
            <v11:timestamp>${=new java.text.SimpleDateFormat("yyyy-MM-dd'T'HH:mm:ss.SSS").format(new Date())}</v11:timestamp>
         </v1:messageContext>
         <v1:legalContext>ServiceIntegrator</v1:legalContext>
         <v1:request>
            <v1:ssin>10022104563</v1:ssin>
            <!--Optional:-->
            <v1:referenceDate>2017-09-01</v1:referenceDate>
         </v1:request>
      </v1:consultActiveCardsRequest>
   </soapenv:Body>
</soapenv:Envelope>]]></con:request><con:credentials><con:selectedAuthProfile>Basic</con:selectedAuthProfile><con:addedBasicAuthenticationTypes>Basic</con:addedBasicAuthenticationTypes><con:authType>Global HTTP Settings</con:authType></con:credentials><con:jmsConfig JMSDeliveryMode="PERSISTENT"/><con:jmsPropertyConfig/><con:wsaConfig mustUnderstand="NONE" version="200508" action="http://fidus.brussels/services/europeandisabilitycardservice/consultActiveCards"/><con:wsrmConfig version="1.2"/></con:call><con:call id="c007a15c-7f63-4a1e-bc10-5e53502bb3d1" name="04- Staging - Worker1 - Request" outgoingWss="Outflow STAGING" incomingWss="Inflow STAGING"><con:settings><con:setting id="com.eviware.soapui.impl.wsdl.WsdlRequest@request-headers">&lt;xml-fragment/></con:setting></con:settings><con:encoding>UTF-8</con:encoding><con:endpoint>https://192.168.26.22:8443/services/EuropeanDisabilityCardService_v1.0</con:endpoint><con:request><![CDATA[<soapenv:Envelope xmlns:soapenv="http://schemas.xmlsoap.org/soap/envelope/" xmlns:v1="http://fidus.brussels/service/europeandisabilitycardservice/messages/v1" xmlns:v11="http://fidus.brussels/type/common/messages/v1">
   <soapenv:Header/>
   <soapenv:Body>
      <v1:consultActiveCardsRequest>         
         <v1:messageContext>
            <v11:messageId>${=import static java.util.UUID.randomUUID; uuid = randomUUID() as String}</v11:messageId>
            <!--Optional:-->
            <v11:timestamp>${=new java.text.SimpleDateFormat("yyyy-MM-dd'T'HH:mm:ss.SSS").format(new Date())}</v11:timestamp>
         </v1:messageContext>
         <v1:legalContext>ServiceIntegrator</v1:legalContext>
         <v1:request>
            <v1:ssin>10022104563</v1:ssin>
            <!--Optional:-->
            <v1:referenceDate>2017-09-01</v1:referenceDate>
         </v1:request>
      </v1:consultActiveCardsRequest>
   </soapenv:Body>
</soapenv:Envelope>]]></con:request><con:credentials><con:selectedAuthProfile>Basic</con:selectedAuthProfile><con:addedBasicAuthenticationTypes>Basic</con:addedBasicAuthenticationTypes><con:authType>Global HTTP Settings</con:authType></con:credentials><con:jmsConfig JMSDeliveryMode="PERSISTENT"/><con:jmsPropertyConfig/><con:wsaConfig mustUnderstand="NONE" version="200508" action="http://fidus.brussels/services/europeandisabilitycardservice/consultActiveCards"/><con:wsrmConfig version="1.2"/></con:call><con:call id="2fb4cdef-d76a-4ad6-8463-aff9206eb05e" name="04- Staging - Worker2 - Request" outgoingWss="Outflow STAGING" incomingWss="Inflow STAGING"><con:settings><con:setting id="com.eviware.soapui.impl.wsdl.WsdlRequest@request-headers">&lt;xml-fragment/></con:setting></con:settings><con:encoding>UTF-8</con:encoding><con:endpoint>https://192.168.24.17:8443/services/EuropeanDisabilityCardService_v1.0</con:endpoint><con:request><![CDATA[<soapenv:Envelope xmlns:soapenv="http://schemas.xmlsoap.org/soap/envelope/" xmlns:v1="http://fidus.brussels/service/europeandisabilitycardservice/messages/v1" xmlns:v11="http://fidus.brussels/type/common/messages/v1">
   <soapenv:Header/>
   <soapenv:Body>
      <v1:consultActiveCardsRequest>         
         <v1:messageContext>
            <v11:messageId>${=import static java.util.UUID.randomUUID; uuid = randomUUID() as String}</v11:messageId>
            <!--Optional:-->
            <v11:timestamp>${=new java.text.SimpleDateFormat("yyyy-MM-dd'T'HH:mm:ss.SSS").format(new Date())}</v11:timestamp>
         </v1:messageContext>
         <v1:legalContext>ServiceIntegrator</v1:legalContext>
         <v1:request>
            <v1:ssin>10022104563</v1:ssin>
            <!--Optional:-->
            <v1:referenceDate>2017-09-01</v1:referenceDate>
         </v1:request>
      </v1:consultActiveCardsRequest>
   </soapenv:Body>
</soapenv:Envelope>]]></con:request><con:credentials><con:selectedAuthProfile>Basic</con:selectedAuthProfile><con:addedBasicAuthenticationTypes>Basic</con:addedBasicAuthenticationTypes><con:authType>Global HTTP Settings</con:authType></con:credentials><con:jmsConfig JMSDeliveryMode="PERSISTENT"/><con:jmsPropertyConfig/><con:wsaConfig mustUnderstand="NONE" version="200508" action="http://fidus.brussels/services/europeandisabilitycardservice/consultActiveCards"/><con:wsrmConfig version="1.2"/></con:call><con:call id="01fea03e-ab33-421c-99a9-f1f5f5ebc4e5" name="05- Prod - External - Request" outgoingWss="Outflow PROD" incomingWss="Inflow PROD"><con:settings><con:setting id="com.eviware.soapui.impl.wsdl.WsdlRequest@request-headers">&lt;xml-fragment/></con:setting></con:settings><con:encoding>UTF-8</con:encoding><con:endpoint>https://fidus.sec.brussels/services/EuropeanDisabilityCardService_v1.0</con:endpoint><con:request><![CDATA[<soapenv:Envelope xmlns:soapenv="http://schemas.xmlsoap.org/soap/envelope/" xmlns:v1="http://fidus.brussels/service/europeandisabilitycardservice/messages/v1" xmlns:v11="http://fidus.brussels/type/common/messages/v1">
   <soapenv:Header/>
   <soapenv:Body>
      <v1:consultActiveCardsRequest>         
         <v1:messageContext>
            <v11:messageId>${=import static java.util.UUID.randomUUID; uuid = randomUUID() as String}</v11:messageId>
            <!--Optional:-->
            <v11:timestamp>${=new java.text.SimpleDateFormat("yyyy-MM-dd'T'HH:mm:ss.SSS").format(new Date())}</v11:timestamp>
         </v1:messageContext>
         <v1:legalContext>ServiceIntegrator</v1:legalContext>
         <v1:request>
            <v1:ssin>10022104563</v1:ssin>
            <!--Optional:-->
            <v1:referenceDate>2017-09-01</v1:referenceDate>
         </v1:request>
      </v1:consultActiveCardsRequest>
   </soapenv:Body>
</soapenv:Envelope>]]></con:request><con:credentials><con:selectedAuthProfile>Basic</con:selectedAuthProfile><con:addedBasicAuthenticationTypes>Basic</con:addedBasicAuthenticationTypes><con:authType>Global HTTP Settings</con:authType></con:credentials><con:jmsConfig JMSDeliveryMode="PERSISTENT"/><con:jmsPropertyConfig/><con:wsaConfig mustUnderstand="NONE" version="200508" action="http://fidus.brussels/services/europeandisabilitycardservice/consultActiveCards"/><con:wsrmConfig version="1.2"/></con:call><con:call id="693b67f6-ee6d-4861-a49d-4148dff74df3" name="05- Prod - LB - Request" outgoingWss="Outflow PROD" incomingWss="Inflow PROD"><con:settings><con:setting id="com.eviware.soapui.impl.wsdl.WsdlRequest@request-headers">&lt;xml-fragment/></con:setting></con:settings><con:encoding>UTF-8</con:encoding><con:endpoint>https://fidus-esb-sg.prd.srv.cirb.lan:8443/services/EuropeanDisabilityCardService_v1.0</con:endpoint><con:request><![CDATA[<soapenv:Envelope xmlns:soapenv="http://schemas.xmlsoap.org/soap/envelope/" xmlns:v1="http://fidus.brussels/service/europeandisabilitycardservice/messages/v1" xmlns:v11="http://fidus.brussels/type/common/messages/v1">
   <soapenv:Header/>
   <soapenv:Body>
      <v1:consultActiveCardsRequest>         
         <v1:messageContext>
            <v11:messageId>${=import static java.util.UUID.randomUUID; uuid = randomUUID() as String}</v11:messageId>
            <!--Optional:-->
            <v11:timestamp>${=new java.text.SimpleDateFormat("yyyy-MM-dd'T'HH:mm:ss.SSS").format(new Date())}</v11:timestamp>
         </v1:messageContext>
         <v1:legalContext>ServiceIntegrator</v1:legalContext>
         <v1:request>
            <v1:ssin>10022104563</v1:ssin>
            <!--Optional:-->
            <v1:referenceDate>2017-09-01</v1:referenceDate>
         </v1:request>
      </v1:consultActiveCardsRequest>
   </soapenv:Body>
</soapenv:Envelope>]]></con:request><con:credentials><con:selectedAuthProfile>Basic</con:selectedAuthProfile><con:addedBasicAuthenticationTypes>Basic</con:addedBasicAuthenticationTypes><con:authType>Global HTTP Settings</con:authType></con:credentials><con:jmsConfig JMSDeliveryMode="PERSISTENT"/><con:jmsPropertyConfig/><con:wsaConfig mustUnderstand="NONE" version="200508" action="http://fidus.brussels/services/europeandisabilitycardservice/consultActiveCards"/><con:wsrmConfig version="1.2"/></con:call><con:call id="6f907474-3fe0-436a-a9e5-ee399e161ffb" name="05- Prod - Worker1 - Request" outgoingWss="Outflow PROD" incomingWss="Inflow PROD"><con:settings><con:setting id="com.eviware.soapui.impl.wsdl.WsdlRequest@request-headers">&lt;xml-fragment/></con:setting></con:settings><con:encoding>UTF-8</con:encoding><con:endpoint>https://192.168.26.22:8443/services/EuropeanDisabilityCardService_v1.0</con:endpoint><con:request><![CDATA[<soapenv:Envelope xmlns:soapenv="http://schemas.xmlsoap.org/soap/envelope/" xmlns:v1="http://fidus.brussels/service/europeandisabilitycardservice/messages/v1" xmlns:v11="http://fidus.brussels/type/common/messages/v1">
   <soapenv:Header/>
   <soapenv:Body>
      <v1:consultActiveCardsRequest>         
         <v1:messageContext>
            <v11:messageId>${=import static java.util.UUID.randomUUID; uuid = randomUUID() as String}</v11:messageId>
            <!--Optional:-->
            <v11:timestamp>${=new java.text.SimpleDateFormat("yyyy-MM-dd'T'HH:mm:ss.SSS").format(new Date())}</v11:timestamp>
         </v1:messageContext>
         <v1:legalContext>ServiceIntegrator</v1:legalContext>
         <v1:request>
            <v1:ssin>10022104563</v1:ssin>
            <!--Optional:-->
            <v1:referenceDate>2017-09-01</v1:referenceDate>
         </v1:request>
      </v1:consultActiveCardsRequest>
   </soapenv:Body>
</soapenv:Envelope>]]></con:request><con:credentials><con:selectedAuthProfile>Basic</con:selectedAuthProfile><con:addedBasicAuthenticationTypes>Basic</con:addedBasicAuthenticationTypes><con:authType>Global HTTP Settings</con:authType></con:credentials><con:jmsConfig JMSDeliveryMode="PERSISTENT"/><con:jmsPropertyConfig/><con:wsaConfig mustUnderstand="NONE" version="200508" action="http://fidus.brussels/services/europeandisabilitycardservice/consultActiveCards"/><con:wsrmConfig version="1.2"/></con:call><con:call id="5552ac5e-6004-4bfe-96b8-d56c0688312f" name="05- Prod - Worker2 - Request" outgoingWss="Outflow PROD" incomingWss="Inflow PROD"><con:settings><con:setting id="com.eviware.soapui.impl.wsdl.WsdlRequest@request-headers">&lt;xml-fragment/></con:setting></con:settings><con:encoding>UTF-8</con:encoding><con:endpoint>https://192.168.26.19:8443/services/EuropeanDisabilityCardService_v1.0</con:endpoint><con:request><![CDATA[<soapenv:Envelope xmlns:soapenv="http://schemas.xmlsoap.org/soap/envelope/" xmlns:v1="http://fidus.brussels/service/europeandisabilitycardservice/messages/v1" xmlns:v11="http://fidus.brussels/type/common/messages/v1">
   <soapenv:Header/>
   <soapenv:Body>
      <v1:consultActiveCardsRequest>         
         <v1:messageContext>
            <v11:messageId>${=import static java.util.UUID.randomUUID; uuid = randomUUID() as String}</v11:messageId>
            <!--Optional:-->
            <v11:timestamp>${=new java.text.SimpleDateFormat("yyyy-MM-dd'T'HH:mm:ss.SSS").format(new Date())}</v11:timestamp>
         </v1:messageContext>
         <v1:legalContext>ServiceIntegrator</v1:legalContext>
         <v1:request>
            <v1:ssin>10022104563</v1:ssin>
            <!--Optional:-->
            <v1:referenceDate>2017-09-01</v1:referenceDate>
         </v1:request>
      </v1:consultActiveCardsRequest>
   </soapenv:Body>
</soapenv:Envelope>]]></con:request><con:credentials><con:selectedAuthProfile>Basic</con:selectedAuthProfile><con:addedBasicAuthenticationTypes>Basic</con:addedBasicAuthenticationTypes><con:authType>Global HTTP Settings</con:authType></con:credentials><con:jmsConfig JMSDeliveryMode="PERSISTENT"/><con:jmsPropertyConfig/><con:wsaConfig mustUnderstand="NONE" version="200508" action="http://fidus.brussels/services/europeandisabilitycardservice/consultActiveCards"/><con:wsrmConfig version="1.2"/></con:call></con:operation><con:operation id="b0c3821e-10e1-401c-8cde-04146642446e" isOneWay="false" action="http://fidus.brussels/services/europeandisabilitycardservice/consultAllCards" name="consultAllCards" bindingOperationName="consultAllCards" type="Request-Response" inputName="" receivesAttachments="false" sendsAttachments="false" anonymous="optional"><con:settings/><con:call id="237fb8a9-b079-41cc-973d-697bfa0664d4" name="02 - DEV - Request" outgoingWss="Outflow DEV" incomingWss="Inflow DEV"><con:settings><con:setting id="com.eviware.soapui.impl.wsdl.WsdlRequest@request-headers">&lt;xml-fragment/></con:setting></con:settings><con:encoding>UTF-8</con:encoding><con:endpoint>https://192.168.36.61:8243/services/EuropeanDisabilityCardService_v1.0</con:endpoint><con:request><![CDATA[<soapenv:Envelope xmlns:soapenv="http://schemas.xmlsoap.org/soap/envelope/" xmlns:v1="http://fidus.brussels/service/europeandisabilitycardservice/messages/v1" xmlns:v11="http://fidus.brussels/type/common/messages/v1">
   <soapenv:Header/>
   <soapenv:Body>
      <v1:consultAllCardsRequest>
         <v1:messageContext>
            <v11:messageId>${=import static java.util.UUID.randomUUID; uuid = randomUUID() as String}</v11:messageId>
            <!--Optional:-->
            <v11:timestamp>${=new java.text.SimpleDateFormat("yyyy-MM-dd'T'HH:mm:ss.SSS").format(new Date())}</v11:timestamp>
         </v1:messageContext>
         <v1:legalContext>ServiceIntegrator</v1:legalContext>
         <v1:request>
            <v1:ssin>84072002128</v1:ssin>
         </v1:request>
      </v1:consultAllCardsRequest>
   </soapenv:Body>
</soapenv:Envelope>]]></con:request><con:credentials><con:selectedAuthProfile>Basic</con:selectedAuthProfile><con:addedBasicAuthenticationTypes>Basic</con:addedBasicAuthenticationTypes><con:authType>Global HTTP Settings</con:authType></con:credentials><con:jmsConfig JMSDeliveryMode="PERSISTENT"/><con:jmsPropertyConfig/><con:wsaConfig mustUnderstand="NONE" version="200508" action="http://fidus.brussels/services/europeandisabilitycardservice/consultAllCards"/><con:wsrmConfig version="1.2"/></con:call><con:call id="71c30cd8-d62d-48cc-92e0-74c1ac387721" name="01 - Local - Request" outgoingWss="Outflow DEV" incomingWss="Inflow DEV"><con:settings><con:setting id="com.eviware.soapui.impl.wsdl.WsdlRequest@request-headers">&lt;xml-fragment/></con:setting></con:settings><con:encoding>UTF-8</con:encoding><con:endpoint>https://localhost:8243/services/EuropeanDisabilityCardService_v1.0</con:endpoint><con:request><![CDATA[<soapenv:Envelope xmlns:soapenv="http://schemas.xmlsoap.org/soap/envelope/" xmlns:v1="http://fidus.brussels/service/europeandisabilitycardservice/messages/v1" xmlns:v11="http://fidus.brussels/type/common/messages/v1">
   <soapenv:Header/>
   <soapenv:Body>
      <v1:consultAllCardsRequest>
         <v1:messageContext>
            <v11:messageId>${=import static java.util.UUID.randomUUID; uuid = randomUUID() as String}</v11:messageId>
            <!--Optional:-->
            <v11:timestamp>${=new java.text.SimpleDateFormat("yyyy-MM-dd'T'HH:mm:ss.SSS").format(new Date())}</v11:timestamp>
         </v1:messageContext>
         <v1:legalContext>ServiceIntegrator</v1:legalContext>
         <v1:request>
            <v1:ssin>84072002128</v1:ssin>
         </v1:request>
      </v1:consultAllCardsRequest>
   </soapenv:Body>
</soapenv:Envelope>]]></con:request><con:credentials><con:selectedAuthProfile>Basic</con:selectedAuthProfile><con:addedBasicAuthenticationTypes>Basic</con:addedBasicAuthenticationTypes><con:authType>Global HTTP Settings</con:authType></con:credentials><con:jmsConfig JMSDeliveryMode="PERSISTENT"/><con:jmsPropertyConfig/><con:wsaConfig mustUnderstand="NONE" version="200508" action="http://fidus.brussels/services/europeandisabilitycardservice/consultAllCards"/><con:wsrmConfig version="1.2"/></con:call><con:call id="aca4334e-fe4f-45fc-8777-830f499cc452" name="03 - Test - External - Valid_SSIN- Request" outgoingWss="Outflow TEST" incomingWss="Inflow TEST"><con:settings><con:setting id="com.eviware.soapui.impl.wsdl.WsdlRequest@request-headers">&lt;xml-fragment/></con:setting></con:settings><con:encoding>UTF-8</con:encoding><con:endpoint>https://192.168.24.17:8443/services/EuropeanDisabilityCardService_v1.0</con:endpoint><con:request><![CDATA[<soapenv:Envelope xmlns:soapenv="http://schemas.xmlsoap.org/soap/envelope/" xmlns:v1="http://fidus.brussels/service/europeandisabilitycardservice/messages/v1" xmlns:v11="http://fidus.brussels/type/common/messages/v1">
   <soapenv:Header/>
   <soapenv:Body>
      <v1:consultAllCardsRequest>
         <v1:messageContext>
            <v11:messageId>${=import static java.util.UUID.randomUUID; uuid = randomUUID() as String}</v11:messageId>
            <!--Optional:-->
            <v11:timestamp>${=new java.text.SimpleDateFormat("yyyy-MM-dd'T'HH:mm:ss.SSS").format(new Date())}</v11:timestamp>
         </v1:messageContext>
         <v1:legalContext>ServiceIntegrator</v1:legalContext>
         <v1:request>
            <v1:ssin>13020111772</v1:ssin>
         </v1:request>
      </v1:consultAllCardsRequest>
   </soapenv:Body>
</soapenv:Envelope>]]></con:request><con:credentials><con:selectedAuthProfile>Basic</con:selectedAuthProfile><con:addedBasicAuthenticationTypes>Basic</con:addedBasicAuthenticationTypes><con:authType>Global HTTP Settings</con:authType></con:credentials><con:jmsConfig JMSDeliveryMode="PERSISTENT"/><con:jmsPropertyConfig/><con:wsaConfig mustUnderstand="NONE" version="200508" action="http://fidus.brussels/services/europeandisabilitycardservice/consultAllCards"/><con:wsrmConfig version="1.2"/></con:call><con:call id="1afff605-4331-4f59-a8fc-1d5222055d44" name="03 - Test - LB - Request" outgoingWss="Outflow TEST" incomingWss="Inflow TEST"><con:settings><con:setting id="com.eviware.soapui.impl.wsdl.WsdlRequest@request-headers">&lt;xml-fragment/></con:setting></con:settings><con:encoding>UTF-8</con:encoding><con:endpoint>https://esb-security-gw.sta.srv.cirb.lan:8443/services/EuropeanDisabilityCardService_v1.0</con:endpoint><con:request><![CDATA[<soapenv:Envelope xmlns:soapenv="http://schemas.xmlsoap.org/soap/envelope/" xmlns:v1="http://fidus.brussels/service/europeandisabilitycardservice/messages/v1" xmlns:v11="http://fidus.brussels/type/common/messages/v1">
   <soapenv:Header/>
   <soapenv:Body>
      <v1:consultAllCardsRequest>
         <v1:messageContext>
            <v11:messageId>${=import static java.util.UUID.randomUUID; uuid = randomUUID() as String}</v11:messageId>
            <!--Optional:-->
            <v11:timestamp>${=new java.text.SimpleDateFormat("yyyy-MM-dd'T'HH:mm:ss.SSS").format(new Date())}</v11:timestamp>
         </v1:messageContext>
         <v1:legalContext>ServiceIntegrator</v1:legalContext>
         <v1:request>
            <v1:ssin>13020111772</v1:ssin>
         </v1:request>
      </v1:consultAllCardsRequest>
   </soapenv:Body>
</soapenv:Envelope>]]></con:request><con:credentials><con:selectedAuthProfile>Basic</con:selectedAuthProfile><con:addedBasicAuthenticationTypes>Basic</con:addedBasicAuthenticationTypes><con:authType>Global HTTP Settings</con:authType></con:credentials><con:jmsConfig JMSDeliveryMode="PERSISTENT"/><con:jmsPropertyConfig/><con:wsaConfig mustUnderstand="NONE" version="200508" action="http://fidus.brussels/services/europeandisabilitycardservice/consultAllCards"/><con:wsrmConfig version="1.2"/></con:call><con:call id="ebe9453f-2fa2-464a-b859-7e44073e2d18" name="03 - Test - Worker1 - Request" outgoingWss="Outflow TEST" incomingWss="Inflow TEST"><con:settings><con:setting id="com.eviware.soapui.impl.wsdl.WsdlRequest@request-headers">&lt;xml-fragment/></con:setting></con:settings><con:encoding>UTF-8</con:encoding><con:endpoint>https://192.168.22.53:8443/services/EuropeanDisabilityCardService_v1.0</con:endpoint><con:request><![CDATA[<soapenv:Envelope xmlns:soapenv="http://schemas.xmlsoap.org/soap/envelope/" xmlns:v1="http://fidus.brussels/service/europeandisabilitycardservice/messages/v1" xmlns:v11="http://fidus.brussels/type/common/messages/v1">
   <soapenv:Header/>
   <soapenv:Body>
      <v1:consultAllCardsRequest>
         <v1:messageContext>
            <v11:messageId>${=import static java.util.UUID.randomUUID; uuid = randomUUID() as String}</v11:messageId>
            <!--Optional:-->
            <v11:timestamp>${=new java.text.SimpleDateFormat("yyyy-MM-dd'T'HH:mm:ss.SSS").format(new Date())}</v11:timestamp>
         </v1:messageContext>
         <v1:legalContext>ServiceIntegrator</v1:legalContext>
         <v1:request>            
            <v1:ssin>89120121658</v1:ssin>
         </v1:request>
      </v1:consultAllCardsRequest>
   </soapenv:Body>
</soapenv:Envelope>]]></con:request><con:credentials><con:selectedAuthProfile>Basic</con:selectedAuthProfile><con:addedBasicAuthenticationTypes>Basic</con:addedBasicAuthenticationTypes><con:authType>Global HTTP Settings</con:authType></con:credentials><con:jmsConfig JMSDeliveryMode="PERSISTENT"/><con:jmsPropertyConfig/><con:wsaConfig mustUnderstand="NONE" version="200508" action="http://fidus.brussels/services/europeandisabilitycardservice/consultAllCards"/><con:wsrmConfig version="1.2"/></con:call><con:call id="6a5a6932-dba3-45ab-b09a-33d4765cd6e3" name="03 - Test - Worker2 - Request" outgoingWss="Outflow TEST" incomingWss="Inflow TEST"><con:settings><con:setting id="com.eviware.soapui.impl.wsdl.WsdlRequest@request-headers">&lt;xml-fragment/></con:setting></con:settings><con:encoding>UTF-8</con:encoding><con:endpoint>https://192.168.22.53:8443/services/EuropeanDisabilityCardService_v1.0</con:endpoint><con:request><![CDATA[<soapenv:Envelope xmlns:soapenv="http://schemas.xmlsoap.org/soap/envelope/" xmlns:v1="http://fidus.brussels/service/europeandisabilitycardservice/messages/v1" xmlns:v11="http://fidus.brussels/type/common/messages/v1">
   <soapenv:Header/>
   <soapenv:Body>
      <v1:consultAllCardsRequest>
         <v1:messageContext>
            <v11:messageId>${=import static java.util.UUID.randomUUID; uuid = randomUUID() as String}</v11:messageId>
            <!--Optional:-->
            <v11:timestamp>${=new java.text.SimpleDateFormat("yyyy-MM-dd'T'HH:mm:ss.SSS").format(new Date())}</v11:timestamp>
         </v1:messageContext>
         <v1:legalContext>ServiceIntegrator</v1:legalContext>
         <v1:request>
            <v1:ssin>13020111772</v1:ssin>
         </v1:request>
      </v1:consultAllCardsRequest>
   </soapenv:Body>
</soapenv:Envelope>]]></con:request><con:credentials><con:selectedAuthProfile>Basic</con:selectedAuthProfile><con:addedBasicAuthenticationTypes>Basic</con:addedBasicAuthenticationTypes><con:authType>Global HTTP Settings</con:authType></con:credentials><con:jmsConfig JMSDeliveryMode="PERSISTENT"/><con:jmsPropertyConfig/><con:wsaConfig mustUnderstand="NONE" version="200508" action="http://fidus.brussels/services/europeandisabilitycardservice/consultAllCards"/><con:wsrmConfig version="1.2"/></con:call><con:call id="353be6d9-fd8f-4f0e-ac41-dea0a8adc368" name="03 - Test - External - InValid_SSIN- Request" outgoingWss="Outflow TEST" incomingWss="Inflow TEST"><con:settings><con:setting id="com.eviware.soapui.impl.wsdl.WsdlRequest@request-headers">&lt;xml-fragment/></con:setting></con:settings><con:encoding>UTF-8</con:encoding><con:endpoint>https://192.168.24.17:8443/services/EuropeanDisabilityCardService_v1.0</con:endpoint><con:request><![CDATA[<soapenv:Envelope xmlns:soapenv="http://schemas.xmlsoap.org/soap/envelope/" xmlns:v1="http://fidus.brussels/service/europeandisabilitycardservice/messages/v1" xmlns:v11="http://fidus.brussels/type/common/messages/v1">
   <soapenv:Header/>
   <soapenv:Body>
      <v1:consultAllCardsRequest>
         <v1:messageContext>
            <v11:messageId>${=import static java.util.UUID.randomUUID; uuid = randomUUID() as String}</v11:messageId>
            <!--Optional:-->
            <v11:timestamp>${=new java.text.SimpleDateFormat("yyyy-MM-dd'T'HH:mm:ss.SSS").format(new Date())}</v11:timestamp>
         </v1:messageContext>
         <v1:legalContext>ServiceIntegrator</v1:legalContext>
         <v1:request>
            <v1:ssin>23020111772</v1:ssin>
         </v1:request>
      </v1:consultAllCardsRequest>
   </soapenv:Body>
</soapenv:Envelope>]]></con:request><con:credentials><con:selectedAuthProfile>Basic</con:selectedAuthProfile><con:addedBasicAuthenticationTypes>Basic</con:addedBasicAuthenticationTypes><con:authType>Global HTTP Settings</con:authType></con:credentials><con:jmsConfig JMSDeliveryMode="PERSISTENT"/><con:jmsPropertyConfig/><con:wsaConfig mustUnderstand="NONE" version="200508" action="http://fidus.brussels/services/europeandisabilitycardservice/consultAllCards"/><con:wsrmConfig version="1.2"/></con:call><con:call id="232a362f-e4ae-4b15-8468-cc416bc11f52" name="03 - Test - External - Valid_SSIN_NoExist- Request" outgoingWss="Outflow TEST" incomingWss="Inflow TEST"><con:settings><con:setting id="com.eviware.soapui.impl.wsdl.WsdlRequest@request-headers">&lt;xml-fragment/></con:setting></con:settings><con:encoding>UTF-8</con:encoding><con:endpoint>https://192.168.24.17:8443/services/EuropeanDisabilityCardService_v1.0</con:endpoint><con:request><![CDATA[<soapenv:Envelope xmlns:soapenv="http://schemas.xmlsoap.org/soap/envelope/" xmlns:v1="http://fidus.brussels/service/europeandisabilitycardservice/messages/v1" xmlns:v11="http://fidus.brussels/type/common/messages/v1">
   <soapenv:Header/>
   <soapenv:Body>
      <v1:consultAllCardsRequest>
         <v1:messageContext>
            <v11:messageId>${=import static java.util.UUID.randomUUID; uuid = randomUUID() as String}</v11:messageId>
            <!--Optional:-->
            <v11:timestamp>${=new java.text.SimpleDateFormat("yyyy-MM-dd'T'HH:mm:ss.SSS").format(new Date())}</v11:timestamp>
         </v1:messageContext>
         <v1:legalContext>ServiceIntegrator</v1:legalContext>
         <v1:request>
            <v1:ssin>84072088834</v1:ssin>
         </v1:request>
      </v1:consultAllCardsRequest>
   </soapenv:Body>
</soapenv:Envelope>]]></con:request><con:credentials><con:selectedAuthProfile>Basic</con:selectedAuthProfile><con:addedBasicAuthenticationTypes>Basic</con:addedBasicAuthenticationTypes><con:authType>Global HTTP Settings</con:authType></con:credentials><con:jmsConfig JMSDeliveryMode="PERSISTENT"/><con:jmsPropertyConfig/><con:wsaConfig mustUnderstand="NONE" version="200508" action="http://fidus.brussels/services/europeandisabilitycardservice/consultAllCards"/><con:wsrmConfig version="1.2"/></con:call><con:call id="ad64133e-6b4f-40da-b430-f046d5dc150e" name="03 - Test - External - Old_SSIN- Request" outgoingWss="Outflow TEST" incomingWss="Inflow TEST"><con:settings><con:setting id="com.eviware.soapui.impl.wsdl.WsdlRequest@request-headers">&lt;xml-fragment/></con:setting></con:settings><con:encoding>UTF-8</con:encoding><con:endpoint>https://192.168.24.17:8443/services/EuropeanDisabilityCardService_v1.0</con:endpoint><con:request><![CDATA[<soapenv:Envelope xmlns:soapenv="http://schemas.xmlsoap.org/soap/envelope/" xmlns:v1="http://fidus.brussels/service/europeandisabilitycardservice/messages/v1" xmlns:v11="http://fidus.brussels/type/common/messages/v1">
   <soapenv:Header/>
   <soapenv:Body>
      <v1:consultAllCardsRequest>
         <v1:messageContext>
            <v11:messageId>${=import static java.util.UUID.randomUUID; uuid = randomUUID() as String}</v11:messageId>
            <!--Optional:-->
            <v11:timestamp>${=new java.text.SimpleDateFormat("yyyy-MM-dd'T'HH:mm:ss.SSS").format(new Date())}</v11:timestamp>
         </v1:messageContext>
         <v1:legalContext>ServiceIntegrator</v1:legalContext>
         <v1:request>
            <v1:ssin>91071662579</v1:ssin>
         </v1:request>
      </v1:consultAllCardsRequest>
   </soapenv:Body>
</soapenv:Envelope>]]></con:request><con:credentials><con:selectedAuthProfile>Basic</con:selectedAuthProfile><con:addedBasicAuthenticationTypes>Basic</con:addedBasicAuthenticationTypes><con:authType>Global HTTP Settings</con:authType></con:credentials><con:jmsConfig JMSDeliveryMode="PERSISTENT"/><con:jmsPropertyConfig/><con:wsaConfig mustUnderstand="NONE" version="200508" action="http://fidus.brussels/services/europeandisabilitycardservice/consultAllCards"/><con:wsrmConfig version="1.2"/></con:call><con:call id="15bf1fe2-7544-4257-95f2-6e218a9c8187" name="03 - Test - External - ActiveCard- Request" outgoingWss="Outflow TEST" incomingWss="Inflow TEST"><con:settings><con:setting id="com.eviware.soapui.impl.wsdl.WsdlRequest@request-headers">&lt;xml-fragment/></con:setting></con:settings><con:encoding>UTF-8</con:encoding><con:endpoint>https://192.168.24.17:8443/services/EuropeanDisabilityCardService_v1.0</con:endpoint><con:request><![CDATA[<soapenv:Envelope xmlns:soapenv="http://schemas.xmlsoap.org/soap/envelope/" xmlns:v1="http://fidus.brussels/service/europeandisabilitycardservice/messages/v1" xmlns:v11="http://fidus.brussels/type/common/messages/v1">
   <soapenv:Header/>
   <soapenv:Body>
      <v1:consultAllCardsRequest>
         <v1:messageContext>
            <v11:messageId>${=import static java.util.UUID.randomUUID; uuid = randomUUID() as String}</v11:messageId>
            <!--Optional:-->
            <v11:timestamp>${=new java.text.SimpleDateFormat("yyyy-MM-dd'T'HH:mm:ss.SSS").format(new Date())}</v11:timestamp>
         </v1:messageContext>
         <v1:legalContext>ServiceIntegrator</v1:legalContext>
         <v1:request>
            <v1:ssin>10022104563</v1:ssin>
         </v1:request>
      </v1:consultAllCardsRequest>
   </soapenv:Body>
</soapenv:Envelope>]]></con:request><con:credentials><con:selectedAuthProfile>Basic</con:selectedAuthProfile><con:addedBasicAuthenticationTypes>Basic</con:addedBasicAuthenticationTypes><con:authType>Global HTTP Settings</con:authType></con:credentials><con:jmsConfig JMSDeliveryMode="PERSISTENT"/><con:jmsPropertyConfig/><con:wsaConfig mustUnderstand="NONE" version="200508" action="http://fidus.brussels/services/europeandisabilitycardservice/consultAllCards"/><con:wsrmConfig version="1.2"/></con:call><con:call id="907c6d22-f0f0-47eb-a939-76bfe7fc5d26" name="03 - Test - External - CancelledSSIN_NoActiveCard- Request" outgoingWss="Outflow TEST" incomingWss="Inflow TEST"><con:settings><con:setting id="com.eviware.soapui.impl.wsdl.WsdlRequest@request-headers">&lt;xml-fragment/></con:setting></con:settings><con:encoding>UTF-8</con:encoding><con:endpoint>https://192.168.24.17:8443/services/EuropeanDisabilityCardService_v1.0</con:endpoint><con:request><![CDATA[<soapenv:Envelope xmlns:soapenv="http://schemas.xmlsoap.org/soap/envelope/" xmlns:v1="http://fidus.brussels/service/europeandisabilitycardservice/messages/v1" xmlns:v11="http://fidus.brussels/type/common/messages/v1">
   <soapenv:Header/>
   <soapenv:Body>
      <v1:consultAllCardsRequest>
         <v1:messageContext>
            <v11:messageId>${=import static java.util.UUID.randomUUID; uuid = randomUUID() as String}</v11:messageId>
            <!--Optional:-->
            <v11:timestamp>${=new java.text.SimpleDateFormat("yyyy-MM-dd'T'HH:mm:ss.SSS").format(new Date())}</v11:timestamp>
         </v1:messageContext>
         <v1:legalContext>ServiceIntegrator</v1:legalContext>
         <v1:request>
            <v1:ssin>49010193967</v1:ssin>
         </v1:request>
      </v1:consultAllCardsRequest>
   </soapenv:Body>
</soapenv:Envelope>]]></con:request><con:credentials><con:selectedAuthProfile>Basic</con:selectedAuthProfile><con:addedBasicAuthenticationTypes>Basic</con:addedBasicAuthenticationTypes><con:authType>Global HTTP Settings</con:authType></con:credentials><con:jmsConfig JMSDeliveryMode="PERSISTENT"/><con:jmsPropertyConfig/><con:wsaConfig mustUnderstand="NONE" version="200508" action="http://fidus.brussels/services/europeandisabilitycardservice/consultAllCards"/><con:wsrmConfig version="1.2"/></con:call><con:call id="bdaab6f7-17f9-4931-b6e1-4bf065b80f97" name="03 - Test - External - CancelledSSIN_ActiveCard- Request" outgoingWss="Outflow TEST" incomingWss="Inflow TEST"><con:settings><con:setting id="com.eviware.soapui.impl.wsdl.WsdlRequest@request-headers">&lt;xml-fragment/></con:setting></con:settings><con:encoding>UTF-8</con:encoding><con:endpoint>https://192.168.24.17:8443/services/EuropeanDisabilityCardService_v1.0</con:endpoint><con:request><![CDATA[<soapenv:Envelope xmlns:soapenv="http://schemas.xmlsoap.org/soap/envelope/" xmlns:v1="http://fidus.brussels/service/europeandisabilitycardservice/messages/v1" xmlns:v11="http://fidus.brussels/type/common/messages/v1">
   <soapenv:Header/>
   <soapenv:Body>
      <v1:consultAllCardsRequest>
         <v1:messageContext>
            <v11:messageId>${=import static java.util.UUID.randomUUID; uuid = randomUUID() as String}</v11:messageId>
            <!--Optional:-->
            <v11:timestamp>${=new java.text.SimpleDateFormat("yyyy-MM-dd'T'HH:mm:ss.SSS").format(new Date())}</v11:timestamp>
         </v1:messageContext>
         <v1:legalContext>ServiceIntegrator</v1:legalContext>
         <v1:request>
            <v1:ssin>89120121658</v1:ssin>
         </v1:request>
      </v1:consultAllCardsRequest>
   </soapenv:Body>
</soapenv:Envelope>]]></con:request><con:credentials><con:selectedAuthProfile>Basic</con:selectedAuthProfile><con:addedBasicAuthenticationTypes>Basic</con:addedBasicAuthenticationTypes><con:authType>Global HTTP Settings</con:authType></con:credentials><con:jmsConfig JMSDeliveryMode="PERSISTENT"/><con:jmsPropertyConfig/><con:wsaConfig mustUnderstand="NONE" version="200508" action="http://fidus.brussels/services/europeandisabilitycardservice/consultAllCards"/><con:wsrmConfig version="1.2"/></con:call><con:call id="5fc7a4db-1e4b-45c5-b274-e17cd73b9276" name="03 - Test - External - SSIN_DeceasedPerson_ActiveCard- Request" outgoingWss="Outflow TEST" incomingWss="Inflow TEST"><con:settings><con:setting id="com.eviware.soapui.impl.wsdl.WsdlRequest@request-headers">&lt;xml-fragment/></con:setting></con:settings><con:encoding>UTF-8</con:encoding><con:endpoint>https://192.168.24.17:8443/services/EuropeanDisabilityCardService_v1.0</con:endpoint><con:request><![CDATA[<soapenv:Envelope xmlns:soapenv="http://schemas.xmlsoap.org/soap/envelope/" xmlns:v1="http://fidus.brussels/service/europeandisabilitycardservice/messages/v1" xmlns:v11="http://fidus.brussels/type/common/messages/v1">
   <soapenv:Header/>
   <soapenv:Body>
      <v1:consultAllCardsRequest>
         <v1:messageContext>
            <v11:messageId>${=import static java.util.UUID.randomUUID; uuid = randomUUID() as String}</v11:messageId>
            <!--Optional:-->
            <v11:timestamp>${=new java.text.SimpleDateFormat("yyyy-MM-dd'T'HH:mm:ss.SSS").format(new Date())}</v11:timestamp>
         </v1:messageContext>
         <v1:legalContext>ServiceIntegrator</v1:legalContext>
         <v1:request>
            <v1:ssin>21033027563</v1:ssin>
         </v1:request>
      </v1:consultAllCardsRequest>
   </soapenv:Body>
</soapenv:Envelope>]]></con:request><con:credentials><con:selectedAuthProfile>Basic</con:selectedAuthProfile><con:addedBasicAuthenticationTypes>Basic</con:addedBasicAuthenticationTypes><con:authType>Global HTTP Settings</con:authType></con:credentials><con:jmsConfig JMSDeliveryMode="PERSISTENT"/><con:jmsPropertyConfig/><con:wsaConfig mustUnderstand="NONE" version="200508" action="http://fidus.brussels/services/europeandisabilitycardservice/consultAllCards"/><con:wsrmConfig version="1.2"/></con:call><con:call id="64dbd345-d443-4403-be31-c5a307df0cac" name="03 - Test - External - SSIN_DeceasedPerson_NoActiveCard- Request" outgoingWss="Outflow TEST" incomingWss="Inflow TEST"><con:settings><con:setting id="com.eviware.soapui.impl.wsdl.WsdlRequest@request-headers">&lt;xml-fragment/></con:setting></con:settings><con:encoding>UTF-8</con:encoding><con:endpoint>https://192.168.24.17:8443/services/EuropeanDisabilityCardService_v1.0</con:endpoint><con:request><![CDATA[<soapenv:Envelope xmlns:soapenv="http://schemas.xmlsoap.org/soap/envelope/" xmlns:v1="http://fidus.brussels/service/europeandisabilitycardservice/messages/v1" xmlns:v11="http://fidus.brussels/type/common/messages/v1">
   <soapenv:Header/>
   <soapenv:Body>
      <v1:consultAllCardsRequest>
         <v1:messageContext>
            <v11:messageId>${=import static java.util.UUID.randomUUID; uuid = randomUUID() as String}</v11:messageId>
            <!--Optional:-->
            <v11:timestamp>${=new java.text.SimpleDateFormat("yyyy-MM-dd'T'HH:mm:ss.SSS").format(new Date())}</v11:timestamp>
         </v1:messageContext>
         <v1:legalContext>ServiceIntegrator</v1:legalContext>
         <v1:request>
            <v1:ssin>18100808031</v1:ssin>
         </v1:request>
      </v1:consultAllCardsRequest>
   </soapenv:Body>
</soapenv:Envelope>]]></con:request><con:credentials><con:selectedAuthProfile>Basic</con:selectedAuthProfile><con:addedBasicAuthenticationTypes>Basic</con:addedBasicAuthenticationTypes><con:authType>Global HTTP Settings</con:authType></con:credentials><con:jmsConfig JMSDeliveryMode="PERSISTENT"/><con:jmsPropertyConfig/><con:wsaConfig mustUnderstand="NONE" version="200508" action="http://fidus.brussels/services/europeandisabilitycardservice/consultAllCards"/><con:wsrmConfig version="1.2"/></con:call><con:call id="88861ea5-31d9-4b5f-a502-8588f63c3463" name="03 - Test - External - ReturnedCard- Request" outgoingWss="Outflow TEST" incomingWss="Inflow TEST"><con:settings><con:setting id="com.eviware.soapui.impl.wsdl.WsdlRequest@request-headers">&lt;xml-fragment/></con:setting></con:settings><con:encoding>UTF-8</con:encoding><con:endpoint>https://192.168.24.17:8443/services/EuropeanDisabilityCardService_v1.0</con:endpoint><con:request><![CDATA[<soapenv:Envelope xmlns:soapenv="http://schemas.xmlsoap.org/soap/envelope/" xmlns:v1="http://fidus.brussels/service/europeandisabilitycardservice/messages/v1" xmlns:v11="http://fidus.brussels/type/common/messages/v1">
   <soapenv:Header/>
   <soapenv:Body>
      <v1:consultAllCardsRequest>
         <v1:messageContext>
            <v11:messageId>${=import static java.util.UUID.randomUUID; uuid = randomUUID() as String}</v11:messageId>
            <!--Optional:-->
            <v11:timestamp>${=new java.text.SimpleDateFormat("yyyy-MM-dd'T'HH:mm:ss.SSS").format(new Date())}</v11:timestamp>
         </v1:messageContext>
         <v1:legalContext>ServiceIntegrator</v1:legalContext>
         <v1:request>
            <v1:ssin>77020601578</v1:ssin>
         </v1:request>
      </v1:consultAllCardsRequest>
   </soapenv:Body>
</soapenv:Envelope>]]></con:request><con:credentials><con:selectedAuthProfile>Basic</con:selectedAuthProfile><con:addedBasicAuthenticationTypes>Basic</con:addedBasicAuthenticationTypes><con:authType>Global HTTP Settings</con:authType></con:credentials><con:jmsConfig JMSDeliveryMode="PERSISTENT"/><con:jmsPropertyConfig/><con:wsaConfig mustUnderstand="NONE" version="200508" action="http://fidus.brussels/services/europeandisabilitycardservice/consultAllCards"/><con:wsrmConfig version="1.2"/></con:call><con:call id="ca43bc68-62c3-4c0b-aa9b-6b7819c695b9" name="03 - Test - External - FailedCard- Request" outgoingWss="Outflow TEST" incomingWss="Inflow TEST"><con:settings><con:setting id="com.eviware.soapui.impl.wsdl.WsdlRequest@request-headers">&lt;xml-fragment/></con:setting></con:settings><con:encoding>UTF-8</con:encoding><con:endpoint>https://192.168.24.17:8443/services/EuropeanDisabilityCardService_v1.0</con:endpoint><con:request><![CDATA[<soapenv:Envelope xmlns:soapenv="http://schemas.xmlsoap.org/soap/envelope/" xmlns:v1="http://fidus.brussels/service/europeandisabilitycardservice/messages/v1" xmlns:v11="http://fidus.brussels/type/common/messages/v1">
   <soapenv:Header/>
   <soapenv:Body>
      <v1:consultAllCardsRequest>
         <v1:messageContext>
            <v11:messageId>${=import static java.util.UUID.randomUUID; uuid = randomUUID() as String}</v11:messageId>
            <!--Optional:-->
            <v11:timestamp>${=new java.text.SimpleDateFormat("yyyy-MM-dd'T'HH:mm:ss.SSS").format(new Date())}</v11:timestamp>
         </v1:messageContext>
         <v1:legalContext>ServiceIntegrator</v1:legalContext>
         <v1:request>
            <v1:ssin>77020601578</v1:ssin>
         </v1:request>
      </v1:consultAllCardsRequest>
   </soapenv:Body>
</soapenv:Envelope>]]></con:request><con:credentials><con:selectedAuthProfile>Basic</con:selectedAuthProfile><con:addedBasicAuthenticationTypes>Basic</con:addedBasicAuthenticationTypes><con:authType>Global HTTP Settings</con:authType></con:credentials><con:jmsConfig JMSDeliveryMode="PERSISTENT"/><con:jmsPropertyConfig/><con:wsaConfig mustUnderstand="NONE" version="200508" action="http://fidus.brussels/services/europeandisabilitycardservice/consultAllCards"/><con:wsrmConfig version="1.2"/></con:call><con:call id="e779f21c-e2fe-41c4-90af-cf8ec1e2941a" name="03 - Test - External - VariousCards- Request" outgoingWss="Outflow TEST" incomingWss="Inflow TEST"><con:settings><con:setting id="com.eviware.soapui.impl.wsdl.WsdlRequest@request-headers">&lt;xml-fragment/></con:setting></con:settings><con:encoding>UTF-8</con:encoding><con:endpoint>https://192.168.24.17:8443/services/EuropeanDisabilityCardService_v1.0</con:endpoint><con:request><![CDATA[<soapenv:Envelope xmlns:soapenv="http://schemas.xmlsoap.org/soap/envelope/" xmlns:v1="http://fidus.brussels/service/europeandisabilitycardservice/messages/v1" xmlns:v11="http://fidus.brussels/type/common/messages/v1">
   <soapenv:Header/>
   <soapenv:Body>
      <v1:consultAllCardsRequest>
         <v1:messageContext>
            <v11:messageId>${=import static java.util.UUID.randomUUID; uuid = randomUUID() as String}</v11:messageId>
            <!--Optional:-->
            <v11:timestamp>${=new java.text.SimpleDateFormat("yyyy-MM-dd'T'HH:mm:ss.SSS").format(new Date())}</v11:timestamp>
         </v1:messageContext>
         <v1:legalContext>ServiceIntegrator</v1:legalContext>
         <v1:request>
            <v1:ssin>13020111772</v1:ssin>
         </v1:request>
      </v1:consultAllCardsRequest>
   </soapenv:Body>
</soapenv:Envelope>]]></con:request><con:credentials><con:selectedAuthProfile>Basic</con:selectedAuthProfile><con:addedBasicAuthenticationTypes>Basic</con:addedBasicAuthenticationTypes><con:authType>Global HTTP Settings</con:authType></con:credentials><con:jmsConfig JMSDeliveryMode="PERSISTENT"/><con:jmsPropertyConfig/><con:wsaConfig mustUnderstand="NONE" version="200508" action="http://fidus.brussels/services/europeandisabilitycardservice/consultAllCards"/><con:wsrmConfig version="1.2"/></con:call><con:call id="37537190-a2a7-4b2e-984a-3fd20cb979a9" name="04 - Staging - External - Request" outgoingWss="Outflow STAGING" incomingWss="Inflow STAGING"><con:settings><con:setting id="com.eviware.soapui.impl.wsdl.WsdlRequest@request-headers">&lt;xml-fragment/></con:setting></con:settings><con:encoding>UTF-8</con:encoding><con:endpoint>https://fidus.sec.brussels/services/EuropeanDisabilityCardService_v1.0</con:endpoint><con:request><![CDATA[<soapenv:Envelope xmlns:soapenv="http://schemas.xmlsoap.org/soap/envelope/" xmlns:v1="http://fidus.brussels/service/europeandisabilitycardservice/messages/v1" xmlns:v11="http://fidus.brussels/type/common/messages/v1">
   <soapenv:Header/>
   <soapenv:Body>
      <v1:consultAllCardsRequest>
         <v1:messageContext>
            <v11:messageId>${=import static java.util.UUID.randomUUID; uuid = randomUUID() as String}</v11:messageId>
            <!--Optional:-->
            <v11:timestamp>${=new java.text.SimpleDateFormat("yyyy-MM-dd'T'HH:mm:ss.SSS").format(new Date())}</v11:timestamp>
         </v1:messageContext>
         <v1:legalContext>ServiceIntegrator</v1:legalContext>
         <v1:request>
            <v1:ssin>10022104563</v1:ssin>
         </v1:request>
      </v1:consultAllCardsRequest>
   </soapenv:Body>
</soapenv:Envelope>]]></con:request><con:credentials><con:selectedAuthProfile>Basic</con:selectedAuthProfile><con:addedBasicAuthenticationTypes>Basic</con:addedBasicAuthenticationTypes><con:authType>Global HTTP Settings</con:authType></con:credentials><con:jmsConfig JMSDeliveryMode="PERSISTENT"/><con:jmsPropertyConfig/><con:wsaConfig mustUnderstand="NONE" version="200508" action="http://fidus.brussels/services/europeandisabilitycardservice/consultAllCards"/><con:wsrmConfig version="1.2"/></con:call><con:call id="d812693c-fb86-4adf-86cb-e1071b39e456" name="04 - Staging - LB - Request" outgoingWss="Outflow STAGING" incomingWss="Inflow STAGING"><con:settings><con:setting id="com.eviware.soapui.impl.wsdl.WsdlRequest@request-headers">&lt;xml-fragment/></con:setting></con:settings><con:encoding>UTF-8</con:encoding><con:endpoint>https://fidus-esb-sg.prd.srv.cirb.lan:8443/services/EuropeanDisabilityCardService_v1.0</con:endpoint><con:request><![CDATA[<soapenv:Envelope xmlns:soapenv="http://schemas.xmlsoap.org/soap/envelope/" xmlns:v1="http://fidus.brussels/service/europeandisabilitycardservice/messages/v1" xmlns:v11="http://fidus.brussels/type/common/messages/v1">
   <soapenv:Header/>
   <soapenv:Body>
      <v1:consultAllCardsRequest>
         <v1:messageContext>
            <v11:messageId>${=import static java.util.UUID.randomUUID; uuid = randomUUID() as String}</v11:messageId>
            <!--Optional:-->
            <v11:timestamp>${=new java.text.SimpleDateFormat("yyyy-MM-dd'T'HH:mm:ss.SSS").format(new Date())}</v11:timestamp>
         </v1:messageContext>
         <v1:legalContext>ServiceIntegrator</v1:legalContext>
         <v1:request>
            <v1:ssin>10022104563</v1:ssin>
         </v1:request>
      </v1:consultAllCardsRequest>
   </soapenv:Body>
</soapenv:Envelope>]]></con:request><con:credentials><con:selectedAuthProfile>Basic</con:selectedAuthProfile><con:addedBasicAuthenticationTypes>Basic</con:addedBasicAuthenticationTypes><con:authType>Global HTTP Settings</con:authType></con:credentials><con:jmsConfig JMSDeliveryMode="PERSISTENT"/><con:jmsPropertyConfig/><con:wsaConfig mustUnderstand="NONE" version="200508" action="http://fidus.brussels/services/europeandisabilitycardservice/consultAllCards"/><con:wsrmConfig version="1.2"/></con:call><con:call id="fb1ae64e-a846-4890-bd1e-4108631d41eb" name="04 - Staging - Worker1 - Request" outgoingWss="Outflow STAGING" incomingWss="Inflow STAGING"><con:settings><con:setting id="com.eviware.soapui.impl.wsdl.WsdlRequest@request-headers">&lt;xml-fragment/></con:setting></con:settings><con:encoding>UTF-8</con:encoding><con:endpoint>https://192.168.26.22:8443/services/EuropeanDisabilityCardService_v1.0</con:endpoint><con:request><![CDATA[<soapenv:Envelope xmlns:soapenv="http://schemas.xmlsoap.org/soap/envelope/" xmlns:v1="http://fidus.brussels/service/europeandisabilitycardservice/messages/v1" xmlns:v11="http://fidus.brussels/type/common/messages/v1">
   <soapenv:Header/>
   <soapenv:Body>
      <v1:consultAllCardsRequest>
         <v1:messageContext>
            <v11:messageId>${=import static java.util.UUID.randomUUID; uuid = randomUUID() as String}</v11:messageId>
            <!--Optional:-->
            <v11:timestamp>${=new java.text.SimpleDateFormat("yyyy-MM-dd'T'HH:mm:ss.SSS").format(new Date())}</v11:timestamp>
         </v1:messageContext>
         <v1:legalContext>ServiceIntegrator</v1:legalContext>
         <v1:request>
            <v1:ssin>10022104563</v1:ssin>
         </v1:request>
      </v1:consultAllCardsRequest>
   </soapenv:Body>
</soapenv:Envelope>]]></con:request><con:credentials><con:selectedAuthProfile>Basic</con:selectedAuthProfile><con:addedBasicAuthenticationTypes>Basic</con:addedBasicAuthenticationTypes><con:authType>Global HTTP Settings</con:authType></con:credentials><con:jmsConfig JMSDeliveryMode="PERSISTENT"/><con:jmsPropertyConfig/><con:wsaConfig mustUnderstand="NONE" version="200508" action="http://fidus.brussels/services/europeandisabilitycardservice/consultAllCards"/><con:wsrmConfig version="1.2"/></con:call><con:call id="35875cc7-b43d-4af7-ad05-8467a3a64f9d" name="04 - Staging - Worker2 - Request" outgoingWss="Outflow STAGING" incomingWss="Inflow STAGING"><con:settings><con:setting id="com.eviware.soapui.impl.wsdl.WsdlRequest@request-headers">&lt;xml-fragment/></con:setting></con:settings><con:encoding>UTF-8</con:encoding><con:endpoint>https://192.168.24.17:8443/services/EuropeanDisabilityCardService_v1.0</con:endpoint><con:request><![CDATA[<soapenv:Envelope xmlns:soapenv="http://schemas.xmlsoap.org/soap/envelope/" xmlns:v1="http://fidus.brussels/service/europeandisabilitycardservice/messages/v1" xmlns:v11="http://fidus.brussels/type/common/messages/v1">
   <soapenv:Header/>
   <soapenv:Body>
      <v1:consultAllCardsRequest>
         <v1:messageContext>
            <v11:messageId>${=import static java.util.UUID.randomUUID; uuid = randomUUID() as String}</v11:messageId>
            <!--Optional:-->
            <v11:timestamp>${=new java.text.SimpleDateFormat("yyyy-MM-dd'T'HH:mm:ss.SSS").format(new Date())}</v11:timestamp>
         </v1:messageContext>
         <v1:legalContext>ServiceIntegrator</v1:legalContext>
         <v1:request>
            <v1:ssin>10022104563</v1:ssin>
         </v1:request>
      </v1:consultAllCardsRequest>
   </soapenv:Body>
</soapenv:Envelope>]]></con:request><con:credentials><con:selectedAuthProfile>Basic</con:selectedAuthProfile><con:addedBasicAuthenticationTypes>Basic</con:addedBasicAuthenticationTypes><con:authType>Global HTTP Settings</con:authType></con:credentials><con:jmsConfig JMSDeliveryMode="PERSISTENT"/><con:jmsPropertyConfig/><con:wsaConfig mustUnderstand="NONE" version="200508" action="http://fidus.brussels/services/europeandisabilitycardservice/consultAllCards"/><con:wsrmConfig version="1.2"/></con:call><con:call id="ed5395dc-c31f-44bb-8b43-972473c78161" name="05 - Prod - Worker1 - Request" outgoingWss="Outflow PROD" incomingWss="Inflow PROD"><con:settings><con:setting id="com.eviware.soapui.impl.wsdl.WsdlRequest@request-headers">&lt;xml-fragment/></con:setting></con:settings><con:encoding>UTF-8</con:encoding><con:endpoint>https://192.168.26.22:8443/services/EuropeanDisabilityCardService_v1.0</con:endpoint><con:request><![CDATA[<soapenv:Envelope xmlns:soapenv="http://schemas.xmlsoap.org/soap/envelope/" xmlns:v1="http://fidus.brussels/service/europeandisabilitycardservice/messages/v1" xmlns:v11="http://fidus.brussels/type/common/messages/v1">
   <soapenv:Header/>
   <soapenv:Body>
      <v1:consultAllCardsRequest>
         <v1:messageContext>
            <v11:messageId>${=import static java.util.UUID.randomUUID; uuid = randomUUID() as String}</v11:messageId>
            <!--Optional:-->
            <v11:timestamp>${=new java.text.SimpleDateFormat("yyyy-MM-dd'T'HH:mm:ss.SSS").format(new Date())}</v11:timestamp>
         </v1:messageContext>
         <v1:legalContext>ServiceIntegrator</v1:legalContext>
         <v1:request>
            <v1:ssin>10022104563</v1:ssin>
         </v1:request>
      </v1:consultAllCardsRequest>
   </soapenv:Body>
</soapenv:Envelope>]]></con:request><con:credentials><con:selectedAuthProfile>Basic</con:selectedAuthProfile><con:addedBasicAuthenticationTypes>Basic</con:addedBasicAuthenticationTypes><con:authType>Global HTTP Settings</con:authType></con:credentials><con:jmsConfig JMSDeliveryMode="PERSISTENT"/><con:jmsPropertyConfig/><con:wsaConfig mustUnderstand="NONE" version="200508" action="http://fidus.brussels/services/europeandisabilitycardservice/consultAllCards"/><con:wsrmConfig version="1.2"/></con:call><con:call id="c06257ce-5ad8-43be-b3f0-79a66c311705" name="05 - Prod - Worker2 - Request" outgoingWss="Outflow PROD" incomingWss="Inflow PROD"><con:settings><con:setting id="com.eviware.soapui.impl.wsdl.WsdlRequest@request-headers">&lt;xml-fragment/></con:setting></con:settings><con:encoding>UTF-8</con:encoding><con:endpoint>https://192.168.26.19:8443/services/EuropeanDisabilityCardService_v1.0</con:endpoint><con:request><![CDATA[<soapenv:Envelope xmlns:soapenv="http://schemas.xmlsoap.org/soap/envelope/" xmlns:v1="http://fidus.brussels/service/europeandisabilitycardservice/messages/v1" xmlns:v11="http://fidus.brussels/type/common/messages/v1">
   <soapenv:Header/>
   <soapenv:Body>
      <v1:consultAllCardsRequest>
         <v1:messageContext>
            <v11:messageId>${=import static java.util.UUID.randomUUID; uuid = randomUUID() as String}</v11:messageId>
            <!--Optional:-->
            <v11:timestamp>${=new java.text.SimpleDateFormat("yyyy-MM-dd'T'HH:mm:ss.SSS").format(new Date())}</v11:timestamp>
         </v1:messageContext>
         <v1:legalContext>ServiceIntegrator</v1:legalContext>
         <v1:request>
            <v1:ssin>10022104563</v1:ssin>
         </v1:request>
      </v1:consultAllCardsRequest>
   </soapenv:Body>
</soapenv:Envelope>]]></con:request><con:credentials><con:selectedAuthProfile>Basic</con:selectedAuthProfile><con:addedBasicAuthenticationTypes>Basic</con:addedBasicAuthenticationTypes><con:authType>Global HTTP Settings</con:authType></con:credentials><con:jmsConfig JMSDeliveryMode="PERSISTENT"/><con:jmsPropertyConfig/><con:wsaConfig mustUnderstand="NONE" version="200508" action="http://fidus.brussels/services/europeandisabilitycardservice/consultAllCards"/><con:wsrmConfig version="1.2"/></con:call><con:call id="02f7c9a8-6fea-49ff-933c-b6643d6dad11" name="05 - Prod - External - Request" outgoingWss="Outflow PROD" incomingWss="Inflow PROD"><con:settings><con:setting id="com.eviware.soapui.impl.wsdl.WsdlRequest@request-headers">&lt;xml-fragment/></con:setting></con:settings><con:encoding>UTF-8</con:encoding><con:endpoint>https://fidus.sec.brussels/services/EuropeanDisabilityCardService_v1.0</con:endpoint><con:request><![CDATA[<soapenv:Envelope xmlns:soapenv="http://schemas.xmlsoap.org/soap/envelope/" xmlns:v1="http://fidus.brussels/service/europeandisabilitycardservice/messages/v1" xmlns:v11="http://fidus.brussels/type/common/messages/v1">
   <soapenv:Header/>
   <soapenv:Body>
      <v1:consultAllCardsRequest>
         <v1:messageContext>
            <v11:messageId>${=import static java.util.UUID.randomUUID; uuid = randomUUID() as String}</v11:messageId>
            <!--Optional:-->
            <v11:timestamp>${=new java.text.SimpleDateFormat("yyyy-MM-dd'T'HH:mm:ss.SSS").format(new Date())}</v11:timestamp>
         </v1:messageContext>
         <v1:legalContext>ServiceIntegrator</v1:legalContext>
         <v1:request>
            <v1:ssin>10022104563</v1:ssin>
         </v1:request>
      </v1:consultAllCardsRequest>
   </soapenv:Body>
</soapenv:Envelope>]]></con:request><con:credentials><con:selectedAuthProfile>Basic</con:selectedAuthProfile><con:addedBasicAuthenticationTypes>Basic</con:addedBasicAuthenticationTypes><con:authType>Global HTTP Settings</con:authType></con:credentials><con:jmsConfig JMSDeliveryMode="PERSISTENT"/><con:jmsPropertyConfig/><con:wsaConfig mustUnderstand="NONE" version="200508" action="http://fidus.brussels/services/europeandisabilitycardservice/consultAllCards"/><con:wsrmConfig version="1.2"/></con:call><con:call id="bd81ed3c-3c44-4ef2-8edc-1403cea6fa78" name="05 - Prod - LB - Request" outgoingWss="Outflow PROD" incomingWss="Inflow PROD"><con:settings><con:setting id="com.eviware.soapui.impl.wsdl.WsdlRequest@request-headers">&lt;xml-fragment/></con:setting></con:settings><con:encoding>UTF-8</con:encoding><con:endpoint>https://fidus-esb-sg.prd.srv.cirb.lan:8443/services/EuropeanDisabilityCardService_v1.0</con:endpoint><con:request><![CDATA[<soapenv:Envelope xmlns:soapenv="http://schemas.xmlsoap.org/soap/envelope/" xmlns:v1="http://fidus.brussels/service/europeandisabilitycardservice/messages/v1" xmlns:v11="http://fidus.brussels/type/common/messages/v1">
   <soapenv:Header/>
   <soapenv:Body>
      <v1:consultAllCardsRequest>
         <v1:messageContext>
            <v11:messageId>${=import static java.util.UUID.randomUUID; uuid = randomUUID() as String}</v11:messageId>
            <!--Optional:-->
            <v11:timestamp>${=new java.text.SimpleDateFormat("yyyy-MM-dd'T'HH:mm:ss.SSS").format(new Date())}</v11:timestamp>
         </v1:messageContext>
         <v1:legalContext>ServiceIntegrator</v1:legalContext>
         <v1:request>
            <v1:ssin>10022104563</v1:ssin>
         </v1:request>
      </v1:consultAllCardsRequest>
   </soapenv:Body>
</soapenv:Envelope>]]></con:request><con:credentials><con:selectedAuthProfile>Basic</con:selectedAuthProfile><con:addedBasicAuthenticationTypes>Basic</con:addedBasicAuthenticationTypes><con:authType>Global HTTP Settings</con:authType></con:credentials><con:jmsConfig JMSDeliveryMode="PERSISTENT"/><con:jmsPropertyConfig/><con:wsaConfig mustUnderstand="NONE" version="200508" action="http://fidus.brussels/services/europeandisabilitycardservice/consultAllCards"/><con:wsrmConfig version="1.2"/></con:call></con:operation><con:operation id="92e0646c-175a-42be-8a29-7ef26b391349" isOneWay="false" action="http://fidus.brussels/services/europeandisabilitycardservice/createCard" name="createCard" bindingOperationName="createCard" type="Request-Response" inputName="" receivesAttachments="false" sendsAttachments="false" anonymous="optional"><con:settings/><con:call id="858098d6-6ba4-4e52-8072-d2fe9394705c" name="01 - Local - Request" outgoingWss="Outflow DEV"><con:settings><con:setting id="com.eviware.soapui.impl.wsdl.WsdlRequest@request-headers">&lt;xml-fragment/></con:setting></con:settings><con:encoding>UTF-8</con:encoding><con:endpoint>https://localhost:8243/services/EuropeanDisabilityCardService_v1.0</con:endpoint><con:request><![CDATA[<soapenv:Envelope xmlns:soapenv="http://schemas.xmlsoap.org/soap/envelope/" xmlns:v1="http://fidus.brussels/service/europeandisabilitycardservice/messages/v1" xmlns:v11="http://fidus.brussels/type/common/messages/v1">
   <soapenv:Header/>
   <soapenv:Body>
      <v1:createCardRequest>
         <v1:messageContext>
            <v11:messageId>${=import static java.util.UUID.randomUUID; uuid = randomUUID() as String}</v11:messageId>
            <!--Optional:-->
            <v11:timestamp>${=new java.text.SimpleDateFormat("yyyy-MM-dd'T'HH:mm:ss.SSS").format(new Date())}</v11:timestamp>
         </v1:messageContext>
         <v1:legalContext>ServiceIntegrator</v1:legalContext>
         <v1:request>
            <v1:ssin>84072002128</v1:ssin>
            <v1:emittingPartner>0646877855</v1:emittingPartner>
            <v1:language>NL</v1:language>
            <v1:forceCreation>false</v1:forceCreation>
         </v1:request>
      </v1:createCardRequest>
   </soapenv:Body>
</soapenv:Envelope>]]></con:request><con:credentials><con:selectedAuthProfile>Basic</con:selectedAuthProfile><con:addedBasicAuthenticationTypes>Basic</con:addedBasicAuthenticationTypes><con:authType>Global HTTP Settings</con:authType></con:credentials><con:jmsConfig JMSDeliveryMode="PERSISTENT"/><con:jmsPropertyConfig/><con:wsaConfig mustUnderstand="NONE" version="200508" action="http://fidus.brussels/services/europeandisabilitycardservice/createCard"/><con:wsrmConfig version="1.2"/></con:call><con:call id="a60102b9-4140-42c1-b1e5-7f90d1d80a3f" name="02 - DEV - Request" outgoingWss="Outflow DEV" incomingWss="Inflow DEV"><con:settings><con:setting id="com.eviware.soapui.impl.wsdl.WsdlRequest@request-headers">&lt;xml-fragment/></con:setting></con:settings><con:encoding>UTF-8</con:encoding><con:endpoint>https://192.168.36.61:8243/services/EuropeanDisabilityCardService_v1.0</con:endpoint><con:request><![CDATA[<soapenv:Envelope xmlns:soapenv="http://schemas.xmlsoap.org/soap/envelope/" xmlns:v1="http://fidus.brussels/service/europeandisabilitycardservice/messages/v1" xmlns:v11="http://fidus.brussels/type/common/messages/v1">
   <soapenv:Header/>
   <soapenv:Body>
      <v1:createCardRequest>
         <v1:messageContext>
            <v11:messageId>${=import static java.util.UUID.randomUUID; uuid = randomUUID() as String}</v11:messageId>
            <!--Optional:-->
            <v11:timestamp>${=new java.text.SimpleDateFormat("yyyy-MM-dd'T'HH:mm:ss.SSS").format(new Date())}</v11:timestamp>
         </v1:messageContext>
         <v1:legalContext>ServiceIntegrator</v1:legalContext>
         <v1:request>
            <v1:ssin>84072002128</v1:ssin>
            <v1:emittingPartner>0646877855</v1:emittingPartner>
            <v1:language>NL</v1:language>
            <v1:forceCreation>true</v1:forceCreation>
         </v1:request>
      </v1:createCardRequest>
   </soapenv:Body>
</soapenv:Envelope>]]></con:request><con:credentials><con:selectedAuthProfile>Basic</con:selectedAuthProfile><con:addedBasicAuthenticationTypes>Basic</con:addedBasicAuthenticationTypes><con:authType>Global HTTP Settings</con:authType></con:credentials><con:jmsConfig JMSDeliveryMode="PERSISTENT"/><con:jmsPropertyConfig/><con:wsaConfig mustUnderstand="NONE" version="200508" action="http://fidus.brussels/services/europeandisabilitycardservice/createCard"/><con:wsrmConfig version="1.2"/></con:call><con:call id="c2571f5e-a5bc-4fa5-984a-4e179044d739" name="03 - Test - External - Radiated_SSIN - Request" outgoingWss="Outflow TEST" incomingWss="Inflow TEST"><con:settings><con:setting id="com.eviware.soapui.impl.wsdl.WsdlRequest@request-headers">&lt;xml-fragment/></con:setting></con:settings><con:encoding>UTF-8</con:encoding><con:endpoint>https://192.168.24.17:8443/services/EuropeanDisabilityCardService_v1.0</con:endpoint><con:request><![CDATA[<soapenv:Envelope xmlns:soapenv="http://schemas.xmlsoap.org/soap/envelope/" xmlns:v1="http://fidus.brussels/service/europeandisabilitycardservice/messages/v1" xmlns:v11="http://fidus.brussels/type/common/messages/v1">
   <soapenv:Header/>
   <soapenv:Body>
      <v1:createCardRequest>
         <v1:messageContext>
            <v11:messageId>${=import static java.util.UUID.randomUUID; uuid = randomUUID() as String}</v11:messageId>
            <!--Optional:-->
            <v11:timestamp>${=new java.text.SimpleDateFormat("yyyy-MM-dd'T'HH:mm:ss.SSS").format(new Date())}</v11:timestamp>
         </v1:messageContext>
         <v1:legalContext>ServiceIntegrator</v1:legalContext>
         <v1:request>
            <v1:ssin>89040662426</v1:ssin>
            <v1:emittingPartner>0457419435</v1:emittingPartner>
            <v1:language>NL</v1:language>
            <v1:forceCreation>true</v1:forceCreation>
         </v1:request>
      </v1:createCardRequest>
   </soapenv:Body>
</soapenv:Envelope>]]></con:request><con:credentials><con:selectedAuthProfile>Basic</con:selectedAuthProfile><con:addedBasicAuthenticationTypes>Basic</con:addedBasicAuthenticationTypes><con:authType>Global HTTP Settings</con:authType></con:credentials><con:jmsConfig JMSDeliveryMode="PERSISTENT"/><con:jmsPropertyConfig/><con:wsaConfig mustUnderstand="NONE" version="200508" action="http://fidus.brussels/services/europeandisabilitycardservice/createCard"/><con:wsrmConfig version="1.2"/></con:call><con:call id="fcbcdd1b-3581-4e03-8962-490997fdc4e3" name="03 - Test - LB - Request" outgoingWss="Outflow TEST" incomingWss="Inflow TEST"><con:settings><con:setting id="com.eviware.soapui.impl.wsdl.WsdlRequest@request-headers">&lt;xml-fragment/></con:setting></con:settings><con:encoding>UTF-8</con:encoding><con:endpoint>https://esb-security-gw.sta.srv.cirb.lan:8443/services/EuropeanDisabilityCardService_v1.0</con:endpoint><con:request><![CDATA[<soapenv:Envelope xmlns:soapenv="http://schemas.xmlsoap.org/soap/envelope/" xmlns:v1="http://fidus.brussels/service/europeandisabilitycardservice/messages/v1" xmlns:v11="http://fidus.brussels/type/common/messages/v1">
   <soapenv:Header/>
   <soapenv:Body>
      <v1:createCardRequest>
         <v1:messageContext>
            <v11:messageId>${=import static java.util.UUID.randomUUID; uuid = randomUUID() as String}</v11:messageId>
            <!--Optional:-->
            <v11:timestamp>${=new java.text.SimpleDateFormat("yyyy-MM-dd'T'HH:mm:ss.SSS").format(new Date())}</v11:timestamp>
         </v1:messageContext>
         <v1:legalContext>ServiceIntegrator</v1:legalContext>
         <v1:request>
            <v1:ssin>84072002128</v1:ssin>
            <v1:emittingPartner>0646877855</v1:emittingPartner>
            <v1:language>NL</v1:language>
            <v1:forceCreation>true</v1:forceCreation>
         </v1:request>
      </v1:createCardRequest>
   </soapenv:Body>
</soapenv:Envelope>]]></con:request><con:credentials><con:selectedAuthProfile>Basic</con:selectedAuthProfile><con:addedBasicAuthenticationTypes>Basic</con:addedBasicAuthenticationTypes><con:authType>Global HTTP Settings</con:authType></con:credentials><con:jmsConfig JMSDeliveryMode="PERSISTENT"/><con:jmsPropertyConfig/><con:wsaConfig mustUnderstand="NONE" version="200508" action="http://fidus.brussels/services/europeandisabilitycardservice/createCard"/><con:wsrmConfig version="1.2"/></con:call><con:call id="a9ff923e-b552-440b-a265-e3f77e9538bb" name="03 - Test - Worker1 - Request" outgoingWss="Outflow TEST" incomingWss="Inflow TEST"><con:settings><con:setting id="com.eviware.soapui.impl.wsdl.WsdlRequest@request-headers">&lt;xml-fragment/></con:setting></con:settings><con:encoding>UTF-8</con:encoding><con:endpoint>https://192.168.22.53:8443/services/EuropeanDisabilityCardService_v1.0</con:endpoint><con:request><![CDATA[<soapenv:Envelope xmlns:soapenv="http://schemas.xmlsoap.org/soap/envelope/" xmlns:v1="http://fidus.brussels/service/europeandisabilitycardservice/messages/v1" xmlns:v11="http://fidus.brussels/type/common/messages/v1">
   <soapenv:Header/>
   <soapenv:Body>
      <v1:createCardRequest>
         <v1:messageContext>
            <v11:messageId>${=import static java.util.UUID.randomUUID; uuid = randomUUID() as String}</v11:messageId>
            <!--Optional:-->
            <v11:timestamp>${=new java.text.SimpleDateFormat("yyyy-MM-dd'T'HH:mm:ss.SSS").format(new Date())}</v11:timestamp>
         </v1:messageContext>
         <v1:legalContext>ServiceIntegrator</v1:legalContext>
         <v1:request>
            <v1:ssin>84072002128</v1:ssin>
            <v1:emittingPartner>0457419435</v1:emittingPartner>
            <v1:language>NL</v1:language>
            <v1:forceCreation>true</v1:forceCreation>
         </v1:request>
      </v1:createCardRequest>
   </soapenv:Body>
</soapenv:Envelope>]]></con:request><con:credentials><con:selectedAuthProfile>Basic</con:selectedAuthProfile><con:addedBasicAuthenticationTypes>Basic</con:addedBasicAuthenticationTypes><con:authType>Global HTTP Settings</con:authType></con:credentials><con:jmsConfig JMSDeliveryMode="PERSISTENT"/><con:jmsPropertyConfig/><con:wsaConfig mustUnderstand="NONE" version="200508" action="http://fidus.brussels/services/europeandisabilitycardservice/createCard"/><con:wsrmConfig version="1.2"/></con:call><con:call id="3d755474-1389-4523-a8b5-c94843ea8324" name="03 - Test - Worker2 - Request" outgoingWss="Outflow TEST" incomingWss="Inflow TEST"><con:settings><con:setting id="com.eviware.soapui.impl.wsdl.WsdlRequest@request-headers">&lt;xml-fragment/></con:setting></con:settings><con:encoding>UTF-8</con:encoding><con:endpoint>https://192.168.22.54:8443/services/EuropeanDisabilityCardService_v1.0</con:endpoint><con:request><![CDATA[<soapenv:Envelope xmlns:soapenv="http://schemas.xmlsoap.org/soap/envelope/" xmlns:v1="http://fidus.brussels/service/europeandisabilitycardservice/messages/v1" xmlns:v11="http://fidus.brussels/type/common/messages/v1">
   <soapenv:Header/>
   <soapenv:Body>
      <v1:createCardRequest>
         <v1:messageContext>
            <v11:messageId>${=import static java.util.UUID.randomUUID; uuid = randomUUID() as String}</v11:messageId>
            <!--Optional:-->
            <v11:timestamp>${=new java.text.SimpleDateFormat("yyyy-MM-dd'T'HH:mm:ss.SSS").format(new Date())}</v11:timestamp>
         </v1:messageContext>
         <v1:legalContext>ServiceIntegrator</v1:legalContext>
         <v1:request>
            <v1:ssin>84072002128</v1:ssin>
            <v1:emittingPartner>0646877855</v1:emittingPartner>
            <v1:language>NL</v1:language>
            <v1:forceCreation>true</v1:forceCreation>
         </v1:request>
      </v1:createCardRequest>
   </soapenv:Body>
</soapenv:Envelope>]]></con:request><con:credentials><con:selectedAuthProfile>Basic</con:selectedAuthProfile><con:addedBasicAuthenticationTypes>Basic</con:addedBasicAuthenticationTypes><con:authType>Global HTTP Settings</con:authType></con:credentials><con:jmsConfig JMSDeliveryMode="PERSISTENT"/><con:jmsPropertyConfig/><con:wsaConfig mustUnderstand="NONE" version="200508" action="http://fidus.brussels/services/europeandisabilitycardservice/createCard"/><con:wsrmConfig version="1.2"/></con:call><con:call id="5a460e18-67bc-46ef-b744-0a73eba870e6" name="03 - Test - External - Cancelled_SSIN - Request" outgoingWss="Outflow TEST" incomingWss="Inflow TEST"><con:settings><con:setting id="com.eviware.soapui.impl.wsdl.WsdlRequest@request-headers">&lt;xml-fragment/></con:setting></con:settings><con:encoding>UTF-8</con:encoding><con:endpoint>https://192.168.24.17:8443/services/EuropeanDisabilityCardService_v1.0</con:endpoint><con:request><![CDATA[<soapenv:Envelope xmlns:soapenv="http://schemas.xmlsoap.org/soap/envelope/" xmlns:v1="http://fidus.brussels/service/europeandisabilitycardservice/messages/v1" xmlns:v11="http://fidus.brussels/type/common/messages/v1">
   <soapenv:Header/>
   <soapenv:Body>
      <v1:createCardRequest>
         <v1:messageContext>
            <v11:messageId>${=import static java.util.UUID.randomUUID; uuid = randomUUID() as String}</v11:messageId>
            <!--Optional:-->
            <v11:timestamp>${=new java.text.SimpleDateFormat("yyyy-MM-dd'T'HH:mm:ss.SSS").format(new Date())}</v11:timestamp>
         </v1:messageContext>
         <v1:legalContext>ServiceIntegrator</v1:legalContext>
         <v1:request>
            <v1:ssin>49010193967</v1:ssin>
            <v1:emittingPartner>0457419435</v1:emittingPartner>
            <v1:language>NL</v1:language>
            <v1:forceCreation>false</v1:forceCreation>
         </v1:request>
      </v1:createCardRequest>
   </soapenv:Body>
</soapenv:Envelope>]]></con:request><con:credentials><con:selectedAuthProfile>Basic</con:selectedAuthProfile><con:addedBasicAuthenticationTypes>Basic</con:addedBasicAuthenticationTypes><con:authType>Global HTTP Settings</con:authType></con:credentials><con:jmsConfig JMSDeliveryMode="PERSISTENT"/><con:jmsPropertyConfig/><con:wsaConfig mustUnderstand="NONE" version="200508" action="http://fidus.brussels/services/europeandisabilitycardservice/createCard"/><con:wsrmConfig version="1.2"/></con:call><con:call id="c228a3a0-67ea-4c23-a7a9-41faeeaeeacb" name="03 - Test - External - SSIN_DeceasedPerson - Request" outgoingWss="Outflow TEST" incomingWss="Inflow TEST"><con:settings><con:setting id="com.eviware.soapui.impl.wsdl.WsdlRequest@request-headers">&lt;xml-fragment/></con:setting></con:settings><con:encoding>UTF-8</con:encoding><con:endpoint>https://192.168.24.17:8443/services/EuropeanDisabilityCardService_v1.0</con:endpoint><con:request><![CDATA[<soapenv:Envelope xmlns:soapenv="http://schemas.xmlsoap.org/soap/envelope/" xmlns:v1="http://fidus.brussels/service/europeandisabilitycardservice/messages/v1" xmlns:v11="http://fidus.brussels/type/common/messages/v1">
   <soapenv:Header/>
   <soapenv:Body>
      <v1:createCardRequest>
         <v1:messageContext>
            <v11:messageId>${=import static java.util.UUID.randomUUID; uuid = randomUUID() as String}</v11:messageId>
            <!--Optional:-->
            <v11:timestamp>${=new java.text.SimpleDateFormat("yyyy-MM-dd'T'HH:mm:ss.SSS").format(new Date())}</v11:timestamp>
         </v1:messageContext>
         <v1:legalContext>ServiceIntegrator</v1:legalContext>
         <v1:request>
            <v1:ssin>18100808031</v1:ssin>
            <v1:emittingPartner>0457419435</v1:emittingPartner>
            <v1:language>NL</v1:language>
            <v1:forceCreation>false</v1:forceCreation>
         </v1:request>
      </v1:createCardRequest>
   </soapenv:Body>
</soapenv:Envelope>]]></con:request><con:credentials><con:selectedAuthProfile>Basic</con:selectedAuthProfile><con:addedBasicAuthenticationTypes>Basic</con:addedBasicAuthenticationTypes><con:authType>Global HTTP Settings</con:authType></con:credentials><con:jmsConfig JMSDeliveryMode="PERSISTENT"/><con:jmsPropertyConfig/><con:wsaConfig mustUnderstand="NONE" version="200508" action="http://fidus.brussels/services/europeandisabilitycardservice/createCard"/><con:wsrmConfig version="1.2"/></con:call><con:call id="9eba0f97-7e81-4693-8821-78cf3485f659" name="03 - Test - External - CBE_NotValid_EmittingPartner - Request" outgoingWss="Outflow TEST" incomingWss="Inflow TEST"><con:settings><con:setting id="com.eviware.soapui.impl.wsdl.WsdlRequest@request-headers">&lt;xml-fragment/></con:setting></con:settings><con:encoding>UTF-8</con:encoding><con:endpoint>https://192.168.24.17:8443/services/EuropeanDisabilityCardService_v1.0</con:endpoint><con:request><![CDATA[<soapenv:Envelope xmlns:soapenv="http://schemas.xmlsoap.org/soap/envelope/" xmlns:v1="http://fidus.brussels/service/europeandisabilitycardservice/messages/v1" xmlns:v11="http://fidus.brussels/type/common/messages/v1">
   <soapenv:Header/>
   <soapenv:Body>
      <v1:createCardRequest>
         <v1:messageContext>
            <v11:messageId>${=import static java.util.UUID.randomUUID; uuid = randomUUID() as String}</v11:messageId>
            <!--Optional:-->
            <v11:timestamp>${=new java.text.SimpleDateFormat("yyyy-MM-dd'T'HH:mm:ss.SSS").format(new Date())}</v11:timestamp>
         </v1:messageContext>
         <v1:legalContext>ServiceIntegrator</v1:legalContext>
         <v1:request>
            <v1:ssin>50081133058</v1:ssin>
            <v1:emittingPartner>0887164275</v1:emittingPartner>
            <v1:language>NL</v1:language>
            <v1:forceCreation>false</v1:forceCreation>
         </v1:request>
      </v1:createCardRequest>
   </soapenv:Body>
</soapenv:Envelope>]]></con:request><con:credentials><con:selectedAuthProfile>Basic</con:selectedAuthProfile><con:addedBasicAuthenticationTypes>Basic</con:addedBasicAuthenticationTypes><con:authType>Global HTTP Settings</con:authType></con:credentials><con:jmsConfig JMSDeliveryMode="PERSISTENT"/><con:jmsPropertyConfig/><con:wsaConfig mustUnderstand="NONE" version="200508" action="http://fidus.brussels/services/europeandisabilitycardservice/createCard"/><con:wsrmConfig version="1.2"/></con:call><con:call id="6d237178-295d-4ab5-9687-37e15608dafa" name="03 - Test - External - ActiveCard_Other_EmittingPartner - Request" outgoingWss="Outflow TEST" incomingWss="Inflow TEST"><con:settings><con:setting id="com.eviware.soapui.impl.wsdl.WsdlRequest@request-headers">&lt;xml-fragment/></con:setting></con:settings><con:encoding>UTF-8</con:encoding><con:endpoint>https://192.168.24.17:8443/services/EuropeanDisabilityCardService_v1.0</con:endpoint><con:request><![CDATA[<soapenv:Envelope xmlns:soapenv="http://schemas.xmlsoap.org/soap/envelope/" xmlns:v1="http://fidus.brussels/service/europeandisabilitycardservice/messages/v1" xmlns:v11="http://fidus.brussels/type/common/messages/v1">
   <soapenv:Header/>
   <soapenv:Body>
      <v1:createCardRequest>
         <v1:messageContext>
            <v11:messageId>${=import static java.util.UUID.randomUUID; uuid = randomUUID() as String}</v11:messageId>
            <!--Optional:-->
            <v11:timestamp>${=new java.text.SimpleDateFormat("yyyy-MM-dd'T'HH:mm:ss.SSS").format(new Date())}</v11:timestamp>
         </v1:messageContext>
         <v1:legalContext>ServiceIntegrator</v1:legalContext>
         <v1:request>
            <v1:ssin>50081133058</v1:ssin>
            <v1:emittingPartner>0457419435</v1:emittingPartner>
            <v1:language>NL</v1:language>
            <v1:forceCreation>false</v1:forceCreation>
         </v1:request>
      </v1:createCardRequest>
   </soapenv:Body>
</soapenv:Envelope>]]></con:request><con:credentials><con:selectedAuthProfile>Basic</con:selectedAuthProfile><con:addedBasicAuthenticationTypes>Basic</con:addedBasicAuthenticationTypes><con:authType>Global HTTP Settings</con:authType></con:credentials><con:jmsConfig JMSDeliveryMode="PERSISTENT"/><con:jmsPropertyConfig/><con:wsaConfig mustUnderstand="NONE" version="200508" action="http://fidus.brussels/services/europeandisabilitycardservice/createCard"/><con:wsrmConfig version="1.2"/></con:call><con:call id="f64d5a6f-b444-43e0-b63d-36e2dd0ccd33" name="03 - Test - External - CreateCard - Request" outgoingWss="Outflow TEST" incomingWss="Inflow TEST"><con:settings><con:setting id="com.eviware.soapui.impl.wsdl.WsdlRequest@request-headers">&lt;xml-fragment/></con:setting></con:settings><con:encoding>UTF-8</con:encoding><con:endpoint>https://192.168.24.17:8443/services/EuropeanDisabilityCardService_v1.0</con:endpoint><con:request><![CDATA[<soapenv:Envelope xmlns:soapenv="http://schemas.xmlsoap.org/soap/envelope/" xmlns:v1="http://fidus.brussels/service/europeandisabilitycardservice/messages/v1" xmlns:v11="http://fidus.brussels/type/common/messages/v1">
   <soapenv:Header/>
   <soapenv:Body>
      <v1:createCardRequest>
         <v1:messageContext>
            <v11:messageId>${=import static java.util.UUID.randomUUID; uuid = randomUUID() as String}</v11:messageId>
            <!--Optional:-->
            <v11:timestamp>${=new java.text.SimpleDateFormat("yyyy-MM-dd'T'HH:mm:ss.SSS").format(new Date())}</v11:timestamp>
         </v1:messageContext>
         <v1:legalContext>ServiceIntegrator</v1:legalContext>
         <v1:request>
            <v1:ssin>91040526866</v1:ssin>
            <v1:emittingPartner>0457419435</v1:emittingPartner>
            <v1:language>NL</v1:language>
            <v1:forceCreation>true</v1:forceCreation>
         </v1:request>
      </v1:createCardRequest>
   </soapenv:Body>
</soapenv:Envelope>]]></con:request><con:credentials><con:selectedAuthProfile>Basic</con:selectedAuthProfile><con:addedBasicAuthenticationTypes>Basic</con:addedBasicAuthenticationTypes><con:authType>Global HTTP Settings</con:authType></con:credentials><con:jmsConfig JMSDeliveryMode="PERSISTENT"/><con:jmsPropertyConfig/><con:wsaConfig mustUnderstand="NONE" version="200508" action="http://fidus.brussels/services/europeandisabilitycardservice/createCard"/><con:wsrmConfig version="1.2"/></con:call><con:call id="6ef4bdb7-8f72-446a-9595-565ee38a3227" name="03 - Test - External - CreateNewCard_CardActive - Request" outgoingWss="Outflow TEST" incomingWss="Inflow TEST"><con:settings><con:setting id="com.eviware.soapui.impl.wsdl.WsdlRequest@request-headers">&lt;xml-fragment/></con:setting></con:settings><con:encoding>UTF-8</con:encoding><con:endpoint>https://192.168.24.17:8443/services/EuropeanDisabilityCardService_v1.0</con:endpoint><con:request><![CDATA[<soapenv:Envelope xmlns:soapenv="http://schemas.xmlsoap.org/soap/envelope/" xmlns:v1="http://fidus.brussels/service/europeandisabilitycardservice/messages/v1" xmlns:v11="http://fidus.brussels/type/common/messages/v1">
   <soapenv:Header/>
   <soapenv:Body>
      <v1:createCardRequest>
         <v1:messageContext>
            <v11:messageId>${=import static java.util.UUID.randomUUID; uuid = randomUUID() as String}</v11:messageId>
            <!--Optional:-->
            <v11:timestamp>${=new java.text.SimpleDateFormat("yyyy-MM-dd'T'HH:mm:ss.SSS").format(new Date())}</v11:timestamp>
         </v1:messageContext>
         <v1:legalContext>ServiceIntegrator</v1:legalContext>
         <v1:request>
            <v1:ssin>84010118405</v1:ssin>
            <v1:emittingPartner>0457419435</v1:emittingPartner>
            <v1:language>NL</v1:language>
            <v1:forceCreation>false</v1:forceCreation>
         </v1:request>
      </v1:createCardRequest>
   </soapenv:Body>
</soapenv:Envelope>]]></con:request><con:credentials><con:selectedAuthProfile>Basic</con:selectedAuthProfile><con:addedBasicAuthenticationTypes>Basic</con:addedBasicAuthenticationTypes><con:authType>Global HTTP Settings</con:authType></con:credentials><con:jmsConfig JMSDeliveryMode="PERSISTENT"/><con:jmsPropertyConfig/><con:wsaConfig mustUnderstand="NONE" version="200508" action="http://fidus.brussels/services/europeandisabilitycardservice/createCard"/><con:wsrmConfig version="1.2"/></con:call><con:call id="fe9b588f-1123-4911-8004-0e40ba5e78c1" name="03 - Test - External - ForceCreateNewCard - Request" outgoingWss="Outflow TEST" incomingWss="Inflow TEST"><con:settings><con:setting id="com.eviware.soapui.impl.wsdl.WsdlRequest@request-headers">&lt;xml-fragment/></con:setting></con:settings><con:encoding>UTF-8</con:encoding><con:endpoint>https://192.168.24.17:8443/services/EuropeanDisabilityCardService_v1.0</con:endpoint><con:request><![CDATA[<soapenv:Envelope xmlns:soapenv="http://schemas.xmlsoap.org/soap/envelope/" xmlns:v1="http://fidus.brussels/service/europeandisabilitycardservice/messages/v1" xmlns:v11="http://fidus.brussels/type/common/messages/v1">
   <soapenv:Header/>
   <soapenv:Body>
      <v1:createCardRequest>
         <v1:messageContext>
            <v11:messageId>${=import static java.util.UUID.randomUUID; uuid = randomUUID() as String}</v11:messageId>
            <!--Optional:-->
            <v11:timestamp>${=new java.text.SimpleDateFormat("yyyy-MM-dd'T'HH:mm:ss.SSS").format(new Date())}</v11:timestamp>
         </v1:messageContext>
         <v1:legalContext>ServiceIntegrator</v1:legalContext>
         <v1:request>
            <v1:ssin>50081133058</v1:ssin>
            <v1:emittingPartner>0457419435</v1:emittingPartner>
            <v1:language>NL</v1:language>
            <v1:forceCreation>true</v1:forceCreation>
         </v1:request>
      </v1:createCardRequest>
   </soapenv:Body>
</soapenv:Envelope>]]></con:request><con:credentials><con:selectedAuthProfile>Basic</con:selectedAuthProfile><con:addedBasicAuthenticationTypes>Basic</con:addedBasicAuthenticationTypes><con:authType>Global HTTP Settings</con:authType></con:credentials><con:jmsConfig JMSDeliveryMode="PERSISTENT"/><con:jmsPropertyConfig/><con:wsaConfig mustUnderstand="NONE" version="200508" action="http://fidus.brussels/services/europeandisabilitycardservice/createCard"/><con:wsrmConfig version="1.2"/></con:call><con:call id="e77998c9-bd48-4492-8e90-548fd19a46bb" name="03 - Test - External - 30.ForceCreateNewCard - Request" outgoingWss="Outflow TEST" incomingWss="Inflow TEST"><con:settings><con:setting id="com.eviware.soapui.impl.wsdl.WsdlRequest@request-headers">&lt;xml-fragment/></con:setting></con:settings><con:encoding>UTF-8</con:encoding><con:endpoint>https://192.168.24.17:8443/services/EuropeanDisabilityCardService_v1.0</con:endpoint><con:request><![CDATA[<soapenv:Envelope xmlns:soapenv="http://schemas.xmlsoap.org/soap/envelope/" xmlns:v1="http://fidus.brussels/service/europeandisabilitycardservice/messages/v1" xmlns:v11="http://fidus.brussels/type/common/messages/v1">
   <soapenv:Header/>
   <soapenv:Body>
      <v1:createCardRequest>
         <v1:messageContext>
            <v11:messageId>${=import static java.util.UUID.randomUUID; uuid = randomUUID() as String}</v11:messageId>
            <!--Optional:-->
            <v11:timestamp>${=new java.text.SimpleDateFormat("yyyy-MM-dd'T'HH:mm:ss.SSS").format(new Date())}</v11:timestamp>
         </v1:messageContext>
         <v1:legalContext>ServiceIntegrator</v1:legalContext>
         <v1:request>
            <v1:ssin>67052624133</v1:ssin>
            <v1:emittingPartner>0457419435</v1:emittingPartner>
            <v1:language>NL</v1:language>
            <v1:forceCreation>true</v1:forceCreation>
         </v1:request>
      </v1:createCardRequest>
   </soapenv:Body>
</soapenv:Envelope>]]></con:request><con:credentials><con:selectedAuthProfile>Basic</con:selectedAuthProfile><con:addedBasicAuthenticationTypes>Basic</con:addedBasicAuthenticationTypes><con:authType>Global HTTP Settings</con:authType></con:credentials><con:jmsConfig JMSDeliveryMode="PERSISTENT"/><con:jmsPropertyConfig/><con:wsaConfig mustUnderstand="NONE" version="200508" action="http://fidus.brussels/services/europeandisabilitycardservice/createCard"/><con:wsrmConfig version="1.2"/></con:call><con:call id="fe7bfacc-e00b-497c-8e90-e5e72a744638" name="03 - Test - External - 31.CreateCard_CancelledCard - Request" outgoingWss="Outflow TEST" incomingWss="Inflow TEST"><con:settings><con:setting id="com.eviware.soapui.impl.wsdl.WsdlRequest@request-headers">&lt;xml-fragment/></con:setting></con:settings><con:encoding>UTF-8</con:encoding><con:endpoint>https://192.168.24.17:8443/services/EuropeanDisabilityCardService_v1.0</con:endpoint><con:request><![CDATA[<soapenv:Envelope xmlns:soapenv="http://schemas.xmlsoap.org/soap/envelope/" xmlns:v1="http://fidus.brussels/service/europeandisabilitycardservice/messages/v1" xmlns:v11="http://fidus.brussels/type/common/messages/v1">
   <soapenv:Header/>
   <soapenv:Body>
      <v1:createCardRequest>
         <v1:messageContext>
            <v11:messageId>${=import static java.util.UUID.randomUUID; uuid = randomUUID() as String}</v11:messageId>
            <!--Optional:-->
            <v11:timestamp>${=new java.text.SimpleDateFormat("yyyy-MM-dd'T'HH:mm:ss.SSS").format(new Date())}</v11:timestamp>
         </v1:messageContext>
         <v1:legalContext>ServiceIntegrator</v1:legalContext>
         <v1:request>
            <v1:ssin>64061324572</v1:ssin>
            <v1:emittingPartner>0457419435</v1:emittingPartner>
            <v1:language>NL</v1:language>
            <v1:forceCreation>false</v1:forceCreation>
         </v1:request>
      </v1:createCardRequest>
   </soapenv:Body>
</soapenv:Envelope>]]></con:request><con:credentials><con:selectedAuthProfile>Basic</con:selectedAuthProfile><con:addedBasicAuthenticationTypes>Basic</con:addedBasicAuthenticationTypes><con:authType>Global HTTP Settings</con:authType></con:credentials><con:jmsConfig JMSDeliveryMode="PERSISTENT"/><con:jmsPropertyConfig/><con:wsaConfig mustUnderstand="NONE" version="200508" action="http://fidus.brussels/services/europeandisabilitycardservice/createCard"/><con:wsrmConfig version="1.2"/></con:call><con:call id="5f3d0e79-621d-45c5-ac71-5dfde32a0e13" name="03 - Test - External - 32.ForcedCreateCard_ActiveCard - Request" outgoingWss="Outflow TEST" incomingWss="Inflow TEST"><con:settings><con:setting id="com.eviware.soapui.impl.wsdl.WsdlRequest@request-headers">&lt;xml-fragment/></con:setting></con:settings><con:encoding>UTF-8</con:encoding><con:endpoint>https://192.168.24.17:8443/services/EuropeanDisabilityCardService_v1.0</con:endpoint><con:request><![CDATA[<soapenv:Envelope xmlns:soapenv="http://schemas.xmlsoap.org/soap/envelope/" xmlns:v1="http://fidus.brussels/service/europeandisabilitycardservice/messages/v1" xmlns:v11="http://fidus.brussels/type/common/messages/v1">
   <soapenv:Header/>
   <soapenv:Body>
      <v1:createCardRequest>
         <v1:messageContext>
            <v11:messageId>${=import static java.util.UUID.randomUUID; uuid = randomUUID() as String}</v11:messageId>
            <!--Optional:-->
            <v11:timestamp>${=new java.text.SimpleDateFormat("yyyy-MM-dd'T'HH:mm:ss.SSS").format(new Date())}</v11:timestamp>
         </v1:messageContext>
         <v1:legalContext>ServiceIntegrator</v1:legalContext>
         <v1:request>
            <v1:ssin>64061324572</v1:ssin>
            <v1:emittingPartner>0457419435</v1:emittingPartner>
            <v1:language>NL</v1:language>
            <v1:forceCreation>true</v1:forceCreation>
         </v1:request>
      </v1:createCardRequest>
   </soapenv:Body>
</soapenv:Envelope>]]></con:request><con:credentials><con:selectedAuthProfile>Basic</con:selectedAuthProfile><con:addedBasicAuthenticationTypes>Basic</con:addedBasicAuthenticationTypes><con:authType>Global HTTP Settings</con:authType></con:credentials><con:jmsConfig JMSDeliveryMode="PERSISTENT"/><con:jmsPropertyConfig/><con:wsaConfig mustUnderstand="NONE" version="200508" action="http://fidus.brussels/services/europeandisabilitycardservice/createCard"/><con:wsrmConfig version="1.2"/></con:call><con:call id="f5bbcbf2-0cce-4f32-8650-0a9e6eb0f7b4" name="04 - Staging - External - Request" outgoingWss="Outflow STAGING" incomingWss="Inflow STAGING"><con:settings><con:setting id="com.eviware.soapui.impl.wsdl.WsdlRequest@request-headers">&lt;xml-fragment/></con:setting></con:settings><con:encoding>UTF-8</con:encoding><con:endpoint>https://fidus.sec.brussels/services/EuropeanDisabilityCardService_v1.0</con:endpoint><con:request><![CDATA[<soapenv:Envelope xmlns:soapenv="http://schemas.xmlsoap.org/soap/envelope/" xmlns:v1="http://fidus.brussels/service/europeandisabilitycardservice/messages/v1" xmlns:v11="http://fidus.brussels/type/common/messages/v1">
   <soapenv:Header/>
   <soapenv:Body>
      <v1:createCardRequest>
         <v1:messageContext>
            <v11:messageId>${=import static java.util.UUID.randomUUID; uuid = randomUUID() as String}</v11:messageId>
            <!--Optional:-->
            <v11:timestamp>${=new java.text.SimpleDateFormat("yyyy-MM-dd'T'HH:mm:ss.SSS").format(new Date())}</v11:timestamp>
         </v1:messageContext>
         <v1:legalContext>ServiceIntegrator</v1:legalContext>
         <v1:request>
            <v1:ssin>67052624133</v1:ssin>
            <v1:emittingPartner>0457419435</v1:emittingPartner>
            <v1:language>NL</v1:language>
            <v1:forceCreation>true</v1:forceCreation>
         </v1:request>
      </v1:createCardRequest>
   </soapenv:Body>
</soapenv:Envelope>]]></con:request><con:credentials><con:selectedAuthProfile>Basic</con:selectedAuthProfile><con:addedBasicAuthenticationTypes>Basic</con:addedBasicAuthenticationTypes><con:authType>Global HTTP Settings</con:authType></con:credentials><con:jmsConfig JMSDeliveryMode="PERSISTENT"/><con:jmsPropertyConfig/><con:wsaConfig mustUnderstand="NONE" version="200508" action="http://fidus.brussels/services/europeandisabilitycardservice/createCard"/><con:wsrmConfig version="1.2"/></con:call><con:call id="eb2e523a-1f19-4247-9972-c64cf9d8c031" name="04 - Staging - LB - Request" outgoingWss="Outflow STAGING" incomingWss="Inflow STAGING"><con:settings><con:setting id="com.eviware.soapui.impl.wsdl.WsdlRequest@request-headers">&lt;xml-fragment/></con:setting></con:settings><con:encoding>UTF-8</con:encoding><con:endpoint>https://fidus-esb-sg.prd.srv.cirb.lan:8443/services/EuropeanDisabilityCardService_v1.0</con:endpoint><con:request><![CDATA[<soapenv:Envelope xmlns:soapenv="http://schemas.xmlsoap.org/soap/envelope/" xmlns:v1="http://fidus.brussels/service/europeandisabilitycardservice/messages/v1" xmlns:v11="http://fidus.brussels/type/common/messages/v1">
   <soapenv:Header/>
   <soapenv:Body>
      <v1:createCardRequest>
         <v1:messageContext>
            <v11:messageId>${=import static java.util.UUID.randomUUID; uuid = randomUUID() as String}</v11:messageId>
            <!--Optional:-->
            <v11:timestamp>${=new java.text.SimpleDateFormat("yyyy-MM-dd'T'HH:mm:ss.SSS").format(new Date())}</v11:timestamp>
         </v1:messageContext>
         <v1:legalContext>ServiceIntegrator</v1:legalContext>
         <v1:request>
            <v1:ssin>91040526866</v1:ssin>
            <v1:emittingPartner>0457419435</v1:emittingPartner>
            <v1:language>NL</v1:language>
            <v1:forceCreation>true</v1:forceCreation>
         </v1:request>
      </v1:createCardRequest>
   </soapenv:Body>
</soapenv:Envelope>]]></con:request><con:credentials><con:selectedAuthProfile>Basic</con:selectedAuthProfile><con:addedBasicAuthenticationTypes>Basic</con:addedBasicAuthenticationTypes><con:authType>Global HTTP Settings</con:authType></con:credentials><con:jmsConfig JMSDeliveryMode="PERSISTENT"/><con:jmsPropertyConfig/><con:wsaConfig mustUnderstand="NONE" version="200508" action="http://fidus.brussels/services/europeandisabilitycardservice/createCard"/><con:wsrmConfig version="1.2"/></con:call><con:call id="6b98ae3d-4d80-496f-9911-736b4360d371" name="04 - Staging - Worker1 - Request" outgoingWss="Outflow STAGING" incomingWss="Inflow STAGING"><con:settings><con:setting id="com.eviware.soapui.impl.wsdl.WsdlRequest@request-headers">&lt;xml-fragment/></con:setting></con:settings><con:encoding>UTF-8</con:encoding><con:endpoint>https://192.168.26.22:8443/services/EuropeanDisabilityCardService_v1.0</con:endpoint><con:request><![CDATA[<soapenv:Envelope xmlns:soapenv="http://schemas.xmlsoap.org/soap/envelope/" xmlns:v1="http://fidus.brussels/service/europeandisabilitycardservice/messages/v1" xmlns:v11="http://fidus.brussels/type/common/messages/v1">
   <soapenv:Header/>
   <soapenv:Body>
      <v1:createCardRequest>
         <v1:messageContext>
            <v11:messageId>${=import static java.util.UUID.randomUUID; uuid = randomUUID() as String}</v11:messageId>
            <!--Optional:-->
            <v11:timestamp>${=new java.text.SimpleDateFormat("yyyy-MM-dd'T'HH:mm:ss.SSS").format(new Date())}</v11:timestamp>
         </v1:messageContext>
         <v1:legalContext>ServiceIntegrator</v1:legalContext>
         <v1:request>
            <v1:ssin>84010118405</v1:ssin>
            <v1:emittingPartner>0457419435</v1:emittingPartner>
            <v1:language>NL</v1:language>
            <v1:forceCreation>true</v1:forceCreation>
         </v1:request>
      </v1:createCardRequest>
   </soapenv:Body>
</soapenv:Envelope>]]></con:request><con:credentials><con:selectedAuthProfile>Basic</con:selectedAuthProfile><con:addedBasicAuthenticationTypes>Basic</con:addedBasicAuthenticationTypes><con:authType>Global HTTP Settings</con:authType></con:credentials><con:jmsConfig JMSDeliveryMode="PERSISTENT"/><con:jmsPropertyConfig/><con:wsaConfig mustUnderstand="NONE" version="200508" action="http://fidus.brussels/services/europeandisabilitycardservice/createCard"/><con:wsrmConfig version="1.2"/></con:call><con:call id="a865192d-74bb-4b6c-92e2-4c11fd6db23b" name="04 - Staging - Worker2 - Request" outgoingWss="Outflow STAGING" incomingWss="Inflow STAGING"><con:settings><con:setting id="com.eviware.soapui.impl.wsdl.WsdlRequest@request-headers">&lt;xml-fragment/></con:setting></con:settings><con:encoding>UTF-8</con:encoding><con:endpoint>https://192.168.24.17:8443/services/EuropeanDisabilityCardService_v1.0</con:endpoint><con:request><![CDATA[<soapenv:Envelope xmlns:soapenv="http://schemas.xmlsoap.org/soap/envelope/" xmlns:v1="http://fidus.brussels/service/europeandisabilitycardservice/messages/v1" xmlns:v11="http://fidus.brussels/type/common/messages/v1">
   <soapenv:Header/>
   <soapenv:Body>
      <v1:createCardRequest>
         <v1:messageContext>
            <v11:messageId>${=import static java.util.UUID.randomUUID; uuid = randomUUID() as String}</v11:messageId>
            <!--Optional:-->
            <v11:timestamp>${=new java.text.SimpleDateFormat("yyyy-MM-dd'T'HH:mm:ss.SSS").format(new Date())}</v11:timestamp>
         </v1:messageContext>
         <v1:legalContext>ServiceIntegrator</v1:legalContext>
         <v1:request>
            <v1:ssin>50081133058</v1:ssin>
            <v1:emittingPartner>0457419435</v1:emittingPartner>
            <v1:language>NL</v1:language>
            <v1:forceCreation>true</v1:forceCreation>
         </v1:request>
      </v1:createCardRequest>
   </soapenv:Body>
</soapenv:Envelope>]]></con:request><con:credentials><con:selectedAuthProfile>Basic</con:selectedAuthProfile><con:addedBasicAuthenticationTypes>Basic</con:addedBasicAuthenticationTypes><con:authType>Global HTTP Settings</con:authType></con:credentials><con:jmsConfig JMSDeliveryMode="PERSISTENT"/><con:jmsPropertyConfig/><con:wsaConfig mustUnderstand="NONE" version="200508" action="http://fidus.brussels/services/europeandisabilitycardservice/createCard"/><con:wsrmConfig version="1.2"/></con:call></con:operation><con:operation id="2155c4dd-83f4-48d8-ba73-5b04b1d21219" isOneWay="false" action="http://fidus.brussels/services/europeandisabilitycardservice/stopOrCancelCard" name="stopOrCancelCard" bindingOperationName="stopOrCancelCard" type="Request-Response" inputName="" receivesAttachments="false" sendsAttachments="false" anonymous="optional"><con:settings/><con:call id="3d816efe-5310-4bbd-bb4c-707dfadaff2b" name="01 - Local - Request" outgoingWss="Outflow DEV" incomingWss="Inflow DEV"><con:settings><con:setting id="com.eviware.soapui.impl.wsdl.WsdlRequest@request-headers">&lt;xml-fragment/></con:setting></con:settings><con:encoding>UTF-8</con:encoding><con:endpoint>https://localhost:8243/services/EuropeanDisabilityCardService_v1.0</con:endpoint><con:request><![CDATA[<soapenv:Envelope xmlns:soapenv="http://schemas.xmlsoap.org/soap/envelope/" xmlns:v1="http://fidus.brussels/service/europeandisabilitycardservice/messages/v1" xmlns:v11="http://fidus.brussels/type/common/messages/v1">
   <soapenv:Header/>
   <soapenv:Body>
      <v1:stopOrCancelCardRequest>
         <v1:messageContext>
            <v11:messageId>${=import static java.util.UUID.randomUUID; uuid = randomUUID() as String}</v11:messageId>
            <!--Optional:-->
            <v11:timestamp>${=new java.text.SimpleDateFormat("yyyy-MM-dd'T'HH:mm:ss.SSS").format(new Date())}</v11:timestamp>
         </v1:messageContext>
         <v1:legalContext>ServiceIntegrator</v1:legalContext>
         <v1:request>            
            <v1:cardNumber>10000000115</v1:cardNumber>
            <v1:emittingPartner>0646877855</v1:emittingPartner>
         </v1:request>
      </v1:stopOrCancelCardRequest>
   </soapenv:Body>
</soapenv:Envelope>]]></con:request><con:credentials><con:selectedAuthProfile>Basic</con:selectedAuthProfile><con:addedBasicAuthenticationTypes>Basic</con:addedBasicAuthenticationTypes><con:authType>Global HTTP Settings</con:authType></con:credentials><con:jmsConfig JMSDeliveryMode="PERSISTENT"/><con:jmsPropertyConfig/><con:wsaConfig mustUnderstand="NONE" version="200508" action="http://fidus.brussels/services/europeandisabilitycardservice/stopOrCancelCard"/><con:wsrmConfig version="1.2"/></con:call><con:call id="4da60873-fcdd-44fe-9121-301c21e5f74e" name="02 - DEV - Request" outgoingWss="Outflow DEV" incomingWss="Inflow DEV"><con:settings><con:setting id="com.eviware.soapui.impl.wsdl.WsdlRequest@request-headers">&lt;xml-fragment/></con:setting></con:settings><con:encoding>UTF-8</con:encoding><con:endpoint>https://192.168.36.61:8243/services/EuropeanDisabilityCardService_v1.0</con:endpoint><con:request><![CDATA[<soapenv:Envelope xmlns:soapenv="http://schemas.xmlsoap.org/soap/envelope/" xmlns:v1="http://fidus.brussels/service/europeandisabilitycardservice/messages/v1" xmlns:v11="http://fidus.brussels/type/common/messages/v1">
   <soapenv:Header/>
   <soapenv:Body>
      <v1:stopOrCancelCardRequest>
         <v1:messageContext>
            <v11:messageId>${=import static java.util.UUID.randomUUID; uuid = randomUUID() as String}</v11:messageId>
            <!--Optional:-->
            <v11:timestamp>${=new java.text.SimpleDateFormat("yyyy-MM-dd'T'HH:mm:ss.SSS").format(new Date())}</v11:timestamp>
         </v1:messageContext>
         <v1:legalContext>ServiceIntegrator</v1:legalContext>
         <v1:request>            
            <v1:cardNumber>10000000115</v1:cardNumber>
            <v1:emittingPartner>0646877855</v1:emittingPartner>
         </v1:request>
      </v1:stopOrCancelCardRequest>
   </soapenv:Body>
</soapenv:Envelope>]]></con:request><con:credentials><con:selectedAuthProfile>Basic</con:selectedAuthProfile><con:addedBasicAuthenticationTypes>Basic</con:addedBasicAuthenticationTypes><con:authType>Global HTTP Settings</con:authType></con:credentials><con:jmsConfig JMSDeliveryMode="PERSISTENT"/><con:jmsPropertyConfig/><con:wsaConfig mustUnderstand="NONE" version="200508" action="http://fidus.brussels/services/europeandisabilitycardservice/stopOrCancelCard"/><con:wsrmConfig version="1.2"/></con:call><con:call id="56b57445-8c2f-4e78-82dc-4a74e8f0df3c" name="03 - Test - External - 35.CBE_NoValidEmittingPartner - Request" outgoingWss="Outflow TEST" incomingWss="Inflow TEST"><con:settings><con:setting id="com.eviware.soapui.impl.wsdl.WsdlRequest@request-headers">&lt;xml-fragment/></con:setting></con:settings><con:encoding>UTF-8</con:encoding><con:endpoint>https://192.168.24.17:8443/services/EuropeanDisabilityCardService_v1.0</con:endpoint><con:request><![CDATA[<soapenv:Envelope xmlns:soapenv="http://schemas.xmlsoap.org/soap/envelope/" xmlns:v1="http://fidus.brussels/service/europeandisabilitycardservice/messages/v1" xmlns:v11="http://fidus.brussels/type/common/messages/v1">
   <soapenv:Header/>
   <soapenv:Body>
      <v1:stopOrCancelCardRequest>
         <v1:messageContext>
            <v11:messageId>${=import static java.util.UUID.randomUUID; uuid = randomUUID() as String}</v11:messageId>
            <!--Optional:-->
            <v11:timestamp>${=new java.text.SimpleDateFormat("yyyy-MM-dd'T'HH:mm:ss.SSS").format(new Date())}</v11:timestamp>
         </v1:messageContext>
         <v1:legalContext>ServiceIntegrator</v1:legalContext>
         <v1:request>            
            <v1:cardNumber>10000000115</v1:cardNumber>
            <v1:emittingPartner>0646877855</v1:emittingPartner>
         </v1:request>
      </v1:stopOrCancelCardRequest>
   </soapenv:Body>
</soapenv:Envelope>]]></con:request><con:credentials><con:selectedAuthProfile>Basic</con:selectedAuthProfile><con:addedBasicAuthenticationTypes>Basic</con:addedBasicAuthenticationTypes><con:authType>Global HTTP Settings</con:authType></con:credentials><con:jmsConfig JMSDeliveryMode="PERSISTENT"/><con:jmsPropertyConfig/><con:wsaConfig mustUnderstand="NONE" version="200508" action="http://fidus.brussels/services/europeandisabilitycardservice/stopOrCancelCard"/><con:wsrmConfig version="1.2"/></con:call><con:call id="c3ae21bf-e446-4212-8a45-33dfe0c496ba" name="03 - Test - LB - Request" outgoingWss="Outflow TEST" incomingWss="Inflow TEST"><con:settings><con:setting id="com.eviware.soapui.impl.wsdl.WsdlRequest@request-headers">&lt;xml-fragment/></con:setting></con:settings><con:encoding>UTF-8</con:encoding><con:endpoint>https://esb-security-gw.sta.srv.cirb.lan:8443/services/EuropeanDisabilityCardService_v1.0</con:endpoint><con:request><![CDATA[<soapenv:Envelope xmlns:soapenv="http://schemas.xmlsoap.org/soap/envelope/" xmlns:v1="http://fidus.brussels/service/europeandisabilitycardservice/messages/v1" xmlns:v11="http://fidus.brussels/type/common/messages/v1">
   <soapenv:Header/>
   <soapenv:Body>
      <v1:stopOrCancelCardRequest>
         <v1:messageContext>
            <v11:messageId>${=import static java.util.UUID.randomUUID; uuid = randomUUID() as String}</v11:messageId>
            <!--Optional:-->
            <v11:timestamp>${=new java.text.SimpleDateFormat("yyyy-MM-dd'T'HH:mm:ss.SSS").format(new Date())}</v11:timestamp>
         </v1:messageContext>
         <v1:legalContext>ServiceIntegrator</v1:legalContext>
         <v1:request>            
            <v1:cardNumber>10000000115</v1:cardNumber>
            <v1:emittingPartner>0646877855</v1:emittingPartner>
         </v1:request>
      </v1:stopOrCancelCardRequest>
   </soapenv:Body>
</soapenv:Envelope>]]></con:request><con:credentials><con:selectedAuthProfile>Basic</con:selectedAuthProfile><con:addedBasicAuthenticationTypes>Basic</con:addedBasicAuthenticationTypes><con:authType>Global HTTP Settings</con:authType></con:credentials><con:jmsConfig JMSDeliveryMode="PERSISTENT"/><con:jmsPropertyConfig/><con:wsaConfig mustUnderstand="NONE" version="200508" action="http://fidus.brussels/services/europeandisabilitycardservice/stopOrCancelCard"/><con:wsrmConfig version="1.2"/></con:call><con:call id="45278b4e-e9a0-445b-804f-4b0d91b6b7a0" name="03 - Test - Worker1 - Request" outgoingWss="Outflow TEST" incomingWss="Inflow TEST"><con:settings><con:setting id="com.eviware.soapui.impl.wsdl.WsdlRequest@request-headers">&lt;xml-fragment/></con:setting></con:settings><con:encoding>UTF-8</con:encoding><con:endpoint>https://192.168.22.53:8443/services/EuropeanDisabilityCardService_v1.0</con:endpoint><con:request><![CDATA[<soapenv:Envelope xmlns:soapenv="http://schemas.xmlsoap.org/soap/envelope/" xmlns:v1="http://fidus.brussels/service/europeandisabilitycardservice/messages/v1" xmlns:v11="http://fidus.brussels/type/common/messages/v1">
   <soapenv:Header/>
   <soapenv:Body>
      <v1:stopOrCancelCardRequest>
         <v1:messageContext>
            <v11:messageId>${=import static java.util.UUID.randomUUID; uuid = randomUUID() as String}</v11:messageId>
            <!--Optional:-->
            <v11:timestamp>${=new java.text.SimpleDateFormat("yyyy-MM-dd'T'HH:mm:ss.SSS").format(new Date())}</v11:timestamp>
         </v1:messageContext>
         <v1:legalContext>ServiceIntegrator</v1:legalContext>
         <v1:request>            
            <v1:cardNumber>10000000115</v1:cardNumber>
            <v1:emittingPartner>0646877855</v1:emittingPartner>
         </v1:request>
      </v1:stopOrCancelCardRequest>
   </soapenv:Body>
</soapenv:Envelope>]]></con:request><con:credentials><con:selectedAuthProfile>Basic</con:selectedAuthProfile><con:addedBasicAuthenticationTypes>Basic</con:addedBasicAuthenticationTypes><con:authType>Global HTTP Settings</con:authType></con:credentials><con:jmsConfig JMSDeliveryMode="PERSISTENT"/><con:jmsPropertyConfig/><con:wsaConfig mustUnderstand="NONE" version="200508" action="http://fidus.brussels/services/europeandisabilitycardservice/stopOrCancelCard"/><con:wsrmConfig version="1.2"/></con:call><con:call id="70ea471d-af7b-4b50-92ea-a914841eeb35" name="03 - Test - Worker2 - Request" outgoingWss="Outflow TEST" incomingWss="Inflow DEV"><con:settings><con:setting id="com.eviware.soapui.impl.wsdl.WsdlRequest@request-headers">&lt;xml-fragment/></con:setting></con:settings><con:encoding>UTF-8</con:encoding><con:endpoint>https://192.168.22.54:8443/services/EuropeanDisabilityCardService_v1.0</con:endpoint><con:request><![CDATA[<soapenv:Envelope xmlns:soapenv="http://schemas.xmlsoap.org/soap/envelope/" xmlns:v1="http://fidus.brussels/service/europeandisabilitycardservice/messages/v1" xmlns:v11="http://fidus.brussels/type/common/messages/v1">
   <soapenv:Header/>
   <soapenv:Body>
      <v1:stopOrCancelCardRequest>
         <v1:messageContext>
            <v11:messageId>${=import static java.util.UUID.randomUUID; uuid = randomUUID() as String}</v11:messageId>
            <!--Optional:-->
            <v11:timestamp>${=new java.text.SimpleDateFormat("yyyy-MM-dd'T'HH:mm:ss.SSS").format(new Date())}</v11:timestamp>
         </v1:messageContext>
         <v1:legalContext>ServiceIntegrator</v1:legalContext>
         <v1:request>            
            <v1:cardNumber>10000000115</v1:cardNumber>
            <v1:emittingPartner>0646877855</v1:emittingPartner>
         </v1:request>
      </v1:stopOrCancelCardRequest>
   </soapenv:Body>
</soapenv:Envelope>]]></con:request><con:credentials><con:selectedAuthProfile>Basic</con:selectedAuthProfile><con:addedBasicAuthenticationTypes>Basic</con:addedBasicAuthenticationTypes><con:authType>Global HTTP Settings</con:authType></con:credentials><con:jmsConfig JMSDeliveryMode="PERSISTENT"/><con:jmsPropertyConfig/><con:wsaConfig mustUnderstand="NONE" version="200508" action="http://fidus.brussels/services/europeandisabilitycardservice/stopOrCancelCard"/><con:wsrmConfig version="1.2"/></con:call><con:call id="bfb53259-3617-4e68-aa0b-0b74856776ed" name="Request 1"><con:settings/><con:encoding>UTF-8</con:encoding><con:endpoint>http://fidus.brussels/services/europeandisabilitycardservice/v1</con:endpoint><con:request><![CDATA[<soapenv:Envelope xmlns:soapenv="http://schemas.xmlsoap.org/soap/envelope/" xmlns:v1="http://fidus.brussels/service/europeandisabilitycardservice/messages/v1" xmlns:v11="http://fidus.brussels/type/common/messages/v1">
   <soapenv:Header/>
   <soapenv:Body>
      <v1:stopOrCancelCardRequest>
         <v1:messageContext>
            <v11:messageId>?</v11:messageId>
            <!--Optional:-->
            <v11:timestamp>?</v11:timestamp>
         </v1:messageContext>
         <v1:legalContext>?</v1:legalContext>
         <v1:request>
            <v1:cardNumber>?</v1:cardNumber>
            <v1:emittingPartner>?</v1:emittingPartner>
         </v1:request>
      </v1:stopOrCancelCardRequest>
   </soapenv:Body>
</soapenv:Envelope>]]></con:request><con:wsaConfig mustUnderstand="NONE" version="200508" action="http://fidus.brussels/services/europeandisabilitycardservice/stopOrCancelCard"/></con:call><con:call id="1e3b5981-ded2-49ee-bd4b-27705dfc15f2" name="03 - Test - External - 36.Cardnr_notExist - Request" outgoingWss="Outflow TEST" incomingWss="Inflow TEST"><con:settings><con:setting id="com.eviware.soapui.impl.wsdl.WsdlRequest@request-headers">&lt;xml-fragment/></con:setting></con:settings><con:encoding>UTF-8</con:encoding><con:endpoint>https://192.168.24.17:8443/services/EuropeanDisabilityCardService_v1.0</con:endpoint><con:request><![CDATA[<soapenv:Envelope xmlns:soapenv="http://schemas.xmlsoap.org/soap/envelope/" xmlns:v1="http://fidus.brussels/service/europeandisabilitycardservice/messages/v1" xmlns:v11="http://fidus.brussels/type/common/messages/v1">
   <soapenv:Header/>
   <soapenv:Body>
      <v1:stopOrCancelCardRequest>
         <v1:messageContext>
            <v11:messageId>${=import static java.util.UUID.randomUUID; uuid = randomUUID() as String}</v11:messageId>
            <!--Optional:-->
            <v11:timestamp>${=new java.text.SimpleDateFormat("yyyy-MM-dd'T'HH:mm:ss.SSS").format(new Date())}</v11:timestamp>
         </v1:messageContext>
         <v1:legalContext>ServiceIntegrator</v1:legalContext>
         <v1:request>            
            <v1:cardNumber>10000008726</v1:cardNumber>
            <v1:emittingPartner>0457419435</v1:emittingPartner>
         </v1:request>
      </v1:stopOrCancelCardRequest>
   </soapenv:Body>
</soapenv:Envelope>]]></con:request><con:credentials><con:selectedAuthProfile>Basic</con:selectedAuthProfile><con:addedBasicAuthenticationTypes>Basic</con:addedBasicAuthenticationTypes><con:authType>Global HTTP Settings</con:authType></con:credentials><con:jmsConfig JMSDeliveryMode="PERSISTENT"/><con:jmsPropertyConfig/><con:wsaConfig mustUnderstand="NONE" version="200508" action="http://fidus.brussels/services/europeandisabilitycardservice/stopOrCancelCard"/><con:wsrmConfig version="1.2"/></con:call><con:call id="de82a032-cacc-42d3-8cbe-b3a5e0217f55" name="03 - Test - External - CancelledCard - Request" outgoingWss="Outflow TEST" incomingWss="Inflow TEST"><con:settings><con:setting id="com.eviware.soapui.impl.wsdl.WsdlRequest@request-headers">&lt;xml-fragment/></con:setting></con:settings><con:encoding>UTF-8</con:encoding><con:endpoint>https://192.168.24.17:8443/services/EuropeanDisabilityCardService_v1.0</con:endpoint><con:request><![CDATA[<soapenv:Envelope xmlns:soapenv="http://schemas.xmlsoap.org/soap/envelope/" xmlns:v1="http://fidus.brussels/service/europeandisabilitycardservice/messages/v1" xmlns:v11="http://fidus.brussels/type/common/messages/v1">
   <soapenv:Header/>
   <soapenv:Body>
      <v1:stopOrCancelCardRequest>
         <v1:messageContext>
            <v11:messageId>${=import static java.util.UUID.randomUUID; uuid = randomUUID() as String}</v11:messageId>
            <!--Optional:-->
            <v11:timestamp>${=new java.text.SimpleDateFormat("yyyy-MM-dd'T'HH:mm:ss.SSS").format(new Date())}</v11:timestamp>
         </v1:messageContext>
         <v1:legalContext>ServiceIntegrator</v1:legalContext>
         <v1:request>            
            <v1:cardNumber>10000018426</v1:cardNumber>
            <v1:emittingPartner>0457419435</v1:emittingPartner>
         </v1:request>
      </v1:stopOrCancelCardRequest>
   </soapenv:Body>
</soapenv:Envelope>]]></con:request><con:credentials><con:selectedAuthProfile>Basic</con:selectedAuthProfile><con:addedBasicAuthenticationTypes>Basic</con:addedBasicAuthenticationTypes><con:authType>Global HTTP Settings</con:authType></con:credentials><con:jmsConfig JMSDeliveryMode="PERSISTENT"/><con:jmsPropertyConfig/><con:wsaConfig mustUnderstand="NONE" version="200508" action="http://fidus.brussels/services/europeandisabilitycardservice/stopOrCancelCard"/><con:wsrmConfig version="1.2"/></con:call><con:call id="7d113f2e-f82a-4b40-abd7-506d451d268a" name="03 - Test - External - Cancel_ActiveCard - Request" outgoingWss="Outflow TEST" incomingWss="Inflow TEST"><con:settings><con:setting id="com.eviware.soapui.impl.wsdl.WsdlRequest@request-headers">&lt;xml-fragment/></con:setting></con:settings><con:encoding>UTF-8</con:encoding><con:endpoint>https://192.168.24.17:8443/services/EuropeanDisabilityCardService_v1.0</con:endpoint><con:request><![CDATA[<soapenv:Envelope xmlns:soapenv="http://schemas.xmlsoap.org/soap/envelope/" xmlns:v1="http://fidus.brussels/service/europeandisabilitycardservice/messages/v1" xmlns:v11="http://fidus.brussels/type/common/messages/v1">
   <soapenv:Header/>
   <soapenv:Body>
      <v1:stopOrCancelCardRequest>
         <v1:messageContext>
            <v11:messageId>${=import static java.util.UUID.randomUUID; uuid = randomUUID() as String}</v11:messageId>
            <!--Optional:-->
            <v11:timestamp>${=new java.text.SimpleDateFormat("yyyy-MM-dd'T'HH:mm:ss.SSS").format(new Date())}</v11:timestamp>
         </v1:messageContext>
         <v1:legalContext>ServiceIntegrator</v1:legalContext>
         <v1:request>            
            <v1:cardNumber>10000018921</v1:cardNumber>
            <v1:emittingPartner>0457419435</v1:emittingPartner>
         </v1:request>
      </v1:stopOrCancelCardRequest>
   </soapenv:Body>
</soapenv:Envelope>]]></con:request><con:credentials><con:selectedAuthProfile>Basic</con:selectedAuthProfile><con:addedBasicAuthenticationTypes>Basic</con:addedBasicAuthenticationTypes><con:authType>Global HTTP Settings</con:authType></con:credentials><con:jmsConfig JMSDeliveryMode="PERSISTENT"/><con:jmsPropertyConfig/><con:wsaConfig mustUnderstand="NONE" version="200508" action="http://fidus.brussels/services/europeandisabilitycardservice/stopOrCancelCard"/><con:wsrmConfig version="1.2"/></con:call><con:call id="d4b6801c-7426-4ae5-b29f-8dec6d7219c0" name="03 - Test - External - 37.Cancel_CancelledCard - Request" outgoingWss="Outflow TEST" incomingWss="Inflow TEST"><con:settings><con:setting id="com.eviware.soapui.impl.wsdl.WsdlRequest@request-headers">&lt;xml-fragment/></con:setting></con:settings><con:encoding>UTF-8</con:encoding><con:endpoint>https://192.168.24.17:8443/services/EuropeanDisabilityCardService_v1.0</con:endpoint><con:request><![CDATA[<soapenv:Envelope xmlns:soapenv="http://schemas.xmlsoap.org/soap/envelope/" xmlns:v1="http://fidus.brussels/service/europeandisabilitycardservice/messages/v1" xmlns:v11="http://fidus.brussels/type/common/messages/v1">
   <soapenv:Header/>
   <soapenv:Body>
      <v1:stopOrCancelCardRequest>
         <v1:messageContext>
            <v11:messageId>${=import static java.util.UUID.randomUUID; uuid = randomUUID() as String}</v11:messageId>
            <!--Optional:-->
            <v11:timestamp>${=new java.text.SimpleDateFormat("yyyy-MM-dd'T'HH:mm:ss.SSS").format(new Date())}</v11:timestamp>
         </v1:messageContext>
         <v1:legalContext>ServiceIntegrator</v1:legalContext>
         <v1:request>            
            <v1:cardNumber>10000007142</v1:cardNumber>
            <v1:emittingPartner>0457419435</v1:emittingPartner>
         </v1:request>
      </v1:stopOrCancelCardRequest>
   </soapenv:Body>
</soapenv:Envelope>]]></con:request><con:credentials><con:selectedAuthProfile>Basic</con:selectedAuthProfile><con:addedBasicAuthenticationTypes>Basic</con:addedBasicAuthenticationTypes><con:authType>Global HTTP Settings</con:authType></con:credentials><con:jmsConfig JMSDeliveryMode="PERSISTENT"/><con:jmsPropertyConfig/><con:wsaConfig mustUnderstand="NONE" version="200508" action="http://fidus.brussels/services/europeandisabilitycardservice/stopOrCancelCard"/><con:wsrmConfig version="1.2"/></con:call><con:call id="f83c917a-2c13-4897-a2cf-de1eb8d6654f" name="03 - Test - External - 38.Cancel_ActiveCard - Request" outgoingWss="Outflow TEST" incomingWss="Inflow TEST"><con:settings><con:setting id="com.eviware.soapui.impl.wsdl.WsdlRequest@request-headers">&lt;xml-fragment/></con:setting></con:settings><con:encoding>UTF-8</con:encoding><con:endpoint>https://192.168.24.17:8443/services/EuropeanDisabilityCardService_v1.0</con:endpoint><con:request><![CDATA[<soapenv:Envelope xmlns:soapenv="http://schemas.xmlsoap.org/soap/envelope/" xmlns:v1="http://fidus.brussels/service/europeandisabilitycardservice/messages/v1" xmlns:v11="http://fidus.brussels/type/common/messages/v1">
   <soapenv:Header/>
   <soapenv:Body>
      <v1:stopOrCancelCardRequest>
         <v1:messageContext>
            <v11:messageId>${=import static java.util.UUID.randomUUID; uuid = randomUUID() as String}</v11:messageId>
            <!--Optional:-->
            <v11:timestamp>${=new java.text.SimpleDateFormat("yyyy-MM-dd'T'HH:mm:ss.SSS").format(new Date())}</v11:timestamp>
         </v1:messageContext>
         <v1:legalContext>ServiceIntegrator</v1:legalContext>
         <v1:request>            
            <v1:cardNumber>10000033965</v1:cardNumber>
            <v1:emittingPartner>0457419435</v1:emittingPartner>
         </v1:request>
      </v1:stopOrCancelCardRequest>
   </soapenv:Body>
</soapenv:Envelope>]]></con:request><con:credentials><con:selectedAuthProfile>Basic</con:selectedAuthProfile><con:addedBasicAuthenticationTypes>Basic</con:addedBasicAuthenticationTypes><con:authType>Global HTTP Settings</con:authType></con:credentials><con:jmsConfig JMSDeliveryMode="PERSISTENT"/><con:jmsPropertyConfig/><con:wsaConfig mustUnderstand="NONE" version="200508" action="http://fidus.brussels/services/europeandisabilitycardservice/stopOrCancelCard"/><con:wsrmConfig version="1.2"/></con:call><con:call id="bfc53a24-bf0c-4d65-b9fb-e7230174a8ae" name="03 - Test - External - 39.CloseCard_inProcessing - Request" outgoingWss="Outflow TEST" incomingWss="Inflow TEST"><con:settings><con:setting id="com.eviware.soapui.impl.wsdl.WsdlRequest@request-headers">&lt;xml-fragment/></con:setting></con:settings><con:encoding>UTF-8</con:encoding><con:endpoint>https://192.168.24.17:8443/services/EuropeanDisabilityCardService_v1.0</con:endpoint><con:request><![CDATA[<soapenv:Envelope xmlns:soapenv="http://schemas.xmlsoap.org/soap/envelope/" xmlns:v1="http://fidus.brussels/service/europeandisabilitycardservice/messages/v1" xmlns:v11="http://fidus.brussels/type/common/messages/v1">
   <soapenv:Header/>
   <soapenv:Body>
      <v1:stopOrCancelCardRequest>
         <v1:messageContext>
            <v11:messageId>${=import static java.util.UUID.randomUUID; uuid = randomUUID() as String}</v11:messageId>
            <!--Optional:-->
            <v11:timestamp>${=new java.text.SimpleDateFormat("yyyy-MM-dd'T'HH:mm:ss.SSS").format(new Date())}</v11:timestamp>
         </v1:messageContext>
         <v1:legalContext>ServiceIntegrator</v1:legalContext>
         <v1:request>            
            <v1:cardNumber>84081632545</v1:cardNumber>
            <v1:emittingPartner>0457419435</v1:emittingPartner>
         </v1:request>
      </v1:stopOrCancelCardRequest>
   </soapenv:Body>
</soapenv:Envelope>]]></con:request><con:credentials><con:selectedAuthProfile>Basic</con:selectedAuthProfile><con:addedBasicAuthenticationTypes>Basic</con:addedBasicAuthenticationTypes><con:authType>Global HTTP Settings</con:authType></con:credentials><con:jmsConfig JMSDeliveryMode="PERSISTENT"/><con:jmsPropertyConfig/><con:wsaConfig mustUnderstand="NONE" version="200508" action="http://fidus.brussels/services/europeandisabilitycardservice/stopOrCancelCard"/><con:wsrmConfig version="1.2"/></con:call><con:call id="1eaf074b-0a0b-47c8-be6c-bd9fd7829abf" name="03 - Test - External - 40.CloseCard_in_SENT - Request" outgoingWss="Outflow TEST" incomingWss="Inflow TEST"><con:settings><con:setting id="com.eviware.soapui.impl.wsdl.WsdlRequest@request-headers">&lt;xml-fragment/></con:setting></con:settings><con:encoding>UTF-8</con:encoding><con:endpoint>https://192.168.24.17:8443/services/EuropeanDisabilityCardService_v1.0</con:endpoint><con:request><![CDATA[<soapenv:Envelope xmlns:soapenv="http://schemas.xmlsoap.org/soap/envelope/" xmlns:v1="http://fidus.brussels/service/europeandisabilitycardservice/messages/v1" xmlns:v11="http://fidus.brussels/type/common/messages/v1">
   <soapenv:Header/>
   <soapenv:Body>
      <v1:stopOrCancelCardRequest>
         <v1:messageContext>
            <v11:messageId>${=import static java.util.UUID.randomUUID; uuid = randomUUID() as String}</v11:messageId>
            <!--Optional:-->
            <v11:timestamp>${=new java.text.SimpleDateFormat("yyyy-MM-dd'T'HH:mm:ss.SSS").format(new Date())}</v11:timestamp>
         </v1:messageContext>
         <v1:legalContext>ServiceIntegrator</v1:legalContext>
         <v1:request>            
            <v1:cardNumber>10000012981</v1:cardNumber>
            <v1:emittingPartner>0457419435</v1:emittingPartner>
         </v1:request>
      </v1:stopOrCancelCardRequest>
   </soapenv:Body>
</soapenv:Envelope>]]></con:request><con:credentials><con:selectedAuthProfile>Basic</con:selectedAuthProfile><con:addedBasicAuthenticationTypes>Basic</con:addedBasicAuthenticationTypes><con:authType>Global HTTP Settings</con:authType></con:credentials><con:jmsConfig JMSDeliveryMode="PERSISTENT"/><con:jmsPropertyConfig/><con:wsaConfig mustUnderstand="NONE" version="200508" action="http://fidus.brussels/services/europeandisabilitycardservice/stopOrCancelCard"/><con:wsrmConfig version="1.2"/></con:call><con:call id="ec3df565-421d-460c-aa4e-8506b737d3e3" name="03 - Test - External - 41.CloseCard_OtherEmittingPartner - Request" outgoingWss="Outflow TEST" incomingWss="Inflow TEST"><con:settings><con:setting id="com.eviware.soapui.impl.wsdl.WsdlRequest@request-headers">&lt;xml-fragment/></con:setting></con:settings><con:encoding>UTF-8</con:encoding><con:endpoint>https://192.168.24.17:8443/services/EuropeanDisabilityCardService_v1.0</con:endpoint><con:request><![CDATA[<soapenv:Envelope xmlns:soapenv="http://schemas.xmlsoap.org/soap/envelope/" xmlns:v1="http://fidus.brussels/service/europeandisabilitycardservice/messages/v1" xmlns:v11="http://fidus.brussels/type/common/messages/v1">
   <soapenv:Header/>
   <soapenv:Body>
      <v1:stopOrCancelCardRequest>
         <v1:messageContext>
            <v11:messageId>${=import static java.util.UUID.randomUUID; uuid = randomUUID() as String}</v11:messageId>
            <!--Optional:-->
            <v11:timestamp>${=new java.text.SimpleDateFormat("yyyy-MM-dd'T'HH:mm:ss.SSS").format(new Date())}</v11:timestamp>
         </v1:messageContext>
         <v1:legalContext>ServiceIntegrator</v1:legalContext>
         <v1:request>            
            <v1:cardNumber>10000012090</v1:cardNumber>
            <v1:emittingPartner>0457419435</v1:emittingPartner>
         </v1:request>
      </v1:stopOrCancelCardRequest>
   </soapenv:Body>
</soapenv:Envelope>]]></con:request><con:credentials><con:selectedAuthProfile>Basic</con:selectedAuthProfile><con:addedBasicAuthenticationTypes>Basic</con:addedBasicAuthenticationTypes><con:authType>Global HTTP Settings</con:authType></con:credentials><con:jmsConfig JMSDeliveryMode="PERSISTENT"/><con:jmsPropertyConfig/><con:wsaConfig mustUnderstand="NONE" version="200508" action="http://fidus.brussels/services/europeandisabilitycardservice/stopOrCancelCard"/><con:wsrmConfig version="1.2"/></con:call><con:call id="ebd500fa-bb64-40b4-91b8-2ee9e7210d5b" name="03 - Test - External - 42.CloseCard_Invalid_CardNumber - Request" outgoingWss="Outflow TEST" incomingWss="Inflow TEST"><con:settings><con:setting id="com.eviware.soapui.impl.wsdl.WsdlRequest@request-headers">&lt;xml-fragment/></con:setting></con:settings><con:encoding>UTF-8</con:encoding><con:endpoint>https://192.168.24.17:8443/services/EuropeanDisabilityCardService_v1.0</con:endpoint><con:request><![CDATA[<soapenv:Envelope xmlns:soapenv="http://schemas.xmlsoap.org/soap/envelope/" xmlns:v1="http://fidus.brussels/service/europeandisabilitycardservice/messages/v1" xmlns:v11="http://fidus.brussels/type/common/messages/v1">
   <soapenv:Header/>
   <soapenv:Body>
      <v1:stopOrCancelCardRequest>
         <v1:messageContext>
            <v11:messageId>${=import static java.util.UUID.randomUUID; uuid = randomUUID() as String}</v11:messageId>
            <!--Optional:-->
            <v11:timestamp>${=new java.text.SimpleDateFormat("yyyy-MM-dd'T'HH:mm:ss.SSS").format(new Date())}</v11:timestamp>
         </v1:messageContext>
         <v1:legalContext>ServiceIntegrator</v1:legalContext>
         <v1:request>            
            <v1:cardNumber>13081340449</v1:cardNumber>
            <v1:emittingPartner>0457419435</v1:emittingPartner>
         </v1:request>
      </v1:stopOrCancelCardRequest>
   </soapenv:Body>
</soapenv:Envelope>]]></con:request><con:credentials><con:selectedAuthProfile>Basic</con:selectedAuthProfile><con:addedBasicAuthenticationTypes>Basic</con:addedBasicAuthenticationTypes><con:authType>Global HTTP Settings</con:authType></con:credentials><con:jmsConfig JMSDeliveryMode="PERSISTENT"/><con:jmsPropertyConfig/><con:wsaConfig mustUnderstand="NONE" version="200508" action="http://fidus.brussels/services/europeandisabilitycardservice/stopOrCancelCard"/><con:wsrmConfig version="1.2"/></con:call><con:call id="51d8af9b-6240-4eab-8cdb-75491af2e753" name="04 - Staging - External - Request" outgoingWss="Outflow STAGING" incomingWss="Inflow STAGING"><con:settings><con:setting id="com.eviware.soapui.impl.wsdl.WsdlRequest@request-headers">&lt;xml-fragment/></con:setting></con:settings><con:encoding>UTF-8</con:encoding><con:endpoint>https://fidus.sec.brussels/services/EuropeanDisabilityCardService_v1.0</con:endpoint><con:request><![CDATA[<soapenv:Envelope xmlns:soapenv="http://schemas.xmlsoap.org/soap/envelope/" xmlns:v1="http://fidus.brussels/service/europeandisabilitycardservice/messages/v1" xmlns:v11="http://fidus.brussels/type/common/messages/v1">
   <soapenv:Header/>
   <soapenv:Body>
      <v1:stopOrCancelCardRequest>
         <v1:messageContext>
            <v11:messageId>${=import static java.util.UUID.randomUUID; uuid = randomUUID() as String}</v11:messageId>
            <!--Optional:-->
            <v11:timestamp>${=new java.text.SimpleDateFormat("yyyy-MM-dd'T'HH:mm:ss.SSS").format(new Date())}</v11:timestamp>
         </v1:messageContext>
         <v1:legalContext>ServiceIntegrator</v1:legalContext>
         <v1:request>            
            <v1:cardNumber>20000009732</v1:cardNumber>
            <v1:emittingPartner>0457419435</v1:emittingPartner>
         </v1:request>
      </v1:stopOrCancelCardRequest>
   </soapenv:Body>
</soapenv:Envelope>]]></con:request><con:credentials><con:selectedAuthProfile>Basic</con:selectedAuthProfile><con:addedBasicAuthenticationTypes>Basic</con:addedBasicAuthenticationTypes><con:authType>Global HTTP Settings</con:authType></con:credentials><con:jmsConfig JMSDeliveryMode="PERSISTENT"/><con:jmsPropertyConfig/><con:wsaConfig mustUnderstand="NONE" version="200508" action="http://fidus.brussels/services/europeandisabilitycardservice/stopOrCancelCard"/><con:wsrmConfig version="1.2"/></con:call><con:call id="15dca2e8-ac19-4035-8d0b-6d15efecee5e" name="04 - Staging - LB - Request" outgoingWss="Outflow STAGING" incomingWss="Inflow STAGING"><con:settings><con:setting id="com.eviware.soapui.impl.wsdl.WsdlRequest@request-headers">&lt;xml-fragment/></con:setting></con:settings><con:encoding>UTF-8</con:encoding><con:endpoint>https://fidus-esb-sg.prd.srv.cirb.lan:8443/services/EuropeanDisabilityCardService_v1.0</con:endpoint><con:request><![CDATA[<soapenv:Envelope xmlns:soapenv="http://schemas.xmlsoap.org/soap/envelope/" xmlns:v1="http://fidus.brussels/service/europeandisabilitycardservice/messages/v1" xmlns:v11="http://fidus.brussels/type/common/messages/v1">
   <soapenv:Header/>
   <soapenv:Body>
      <v1:stopOrCancelCardRequest>
         <v1:messageContext>
            <v11:messageId>${=import static java.util.UUID.randomUUID; uuid = randomUUID() as String}</v11:messageId>
            <!--Optional:-->
            <v11:timestamp>${=new java.text.SimpleDateFormat("yyyy-MM-dd'T'HH:mm:ss.SSS").format(new Date())}</v11:timestamp>
         </v1:messageContext>
         <v1:legalContext>ServiceIntegrator</v1:legalContext>
         <v1:request>            
            <v1:cardNumber>20000009534</v1:cardNumber>
            <v1:emittingPartner>0457419435</v1:emittingPartner>
         </v1:request>
      </v1:stopOrCancelCardRequest>
   </soapenv:Body>
</soapenv:Envelope>]]></con:request><con:credentials><con:selectedAuthProfile>Basic</con:selectedAuthProfile><con:addedBasicAuthenticationTypes>Basic</con:addedBasicAuthenticationTypes><con:authType>Global HTTP Settings</con:authType></con:credentials><con:jmsConfig JMSDeliveryMode="PERSISTENT"/><con:jmsPropertyConfig/><con:wsaConfig mustUnderstand="NONE" version="200508" action="http://fidus.brussels/services/europeandisabilitycardservice/stopOrCancelCard"/><con:wsrmConfig version="1.2"/></con:call><con:call id="fab4aecf-9076-4306-aab7-f6c426422704" name="04 - Staging - Worker1 - Request" outgoingWss="Outflow STAGING" incomingWss="Inflow STAGING"><con:settings><con:setting id="com.eviware.soapui.impl.wsdl.WsdlRequest@request-headers">&lt;xml-fragment/></con:setting></con:settings><con:encoding>UTF-8</con:encoding><con:endpoint>https://192.168.26.22:8443/services/EuropeanDisabilityCardService_v1.0</con:endpoint><con:request><![CDATA[<soapenv:Envelope xmlns:soapenv="http://schemas.xmlsoap.org/soap/envelope/" xmlns:v1="http://fidus.brussels/service/europeandisabilitycardservice/messages/v1" xmlns:v11="http://fidus.brussels/type/common/messages/v1">
   <soapenv:Header/>
   <soapenv:Body>
      <v1:stopOrCancelCardRequest>
         <v1:messageContext>
            <v11:messageId>${=import static java.util.UUID.randomUUID; uuid = randomUUID() as String}</v11:messageId>
            <!--Optional:-->
            <v11:timestamp>${=new java.text.SimpleDateFormat("yyyy-MM-dd'T'HH:mm:ss.SSS").format(new Date())}</v11:timestamp>
         </v1:messageContext>
         <v1:legalContext>ServiceIntegrator</v1:legalContext>
         <v1:request>            
            <v1:cardNumber>20000009633</v1:cardNumber>
            <v1:emittingPartner>0457419435</v1:emittingPartner>
         </v1:request>
      </v1:stopOrCancelCardRequest>
   </soapenv:Body>
</soapenv:Envelope>]]></con:request><con:credentials><con:selectedAuthProfile>Basic</con:selectedAuthProfile><con:addedBasicAuthenticationTypes>Basic</con:addedBasicAuthenticationTypes><con:authType>Global HTTP Settings</con:authType></con:credentials><con:jmsConfig JMSDeliveryMode="PERSISTENT"/><con:jmsPropertyConfig/><con:wsaConfig mustUnderstand="NONE" version="200508" action="http://fidus.brussels/services/europeandisabilitycardservice/stopOrCancelCard"/><con:wsrmConfig version="1.2"/></con:call><con:call id="2692289a-3248-422d-8d3d-3ae4070f14ce" name="04 - Staging - Worker2 - Request" outgoingWss="Outflow STAGING" incomingWss="Inflow STAGING"><con:settings><con:setting id="com.eviware.soapui.impl.wsdl.WsdlRequest@request-headers">&lt;xml-fragment/></con:setting></con:settings><con:encoding>UTF-8</con:encoding><con:endpoint>https://192.168.24.17:8443/services/EuropeanDisabilityCardService_v1.0</con:endpoint><con:request><![CDATA[<soapenv:Envelope xmlns:soapenv="http://schemas.xmlsoap.org/soap/envelope/" xmlns:v1="http://fidus.brussels/service/europeandisabilitycardservice/messages/v1" xmlns:v11="http://fidus.brussels/type/common/messages/v1">
   <soapenv:Header/>
   <soapenv:Body>
      <v1:stopOrCancelCardRequest>
         <v1:messageContext>
            <v11:messageId>${=import static java.util.UUID.randomUUID; uuid = randomUUID() as String}</v11:messageId>
            <!--Optional:-->
            <v11:timestamp>${=new java.text.SimpleDateFormat("yyyy-MM-dd'T'HH:mm:ss.SSS").format(new Date())}</v11:timestamp>
         </v1:messageContext>
         <v1:legalContext>ServiceIntegrator</v1:legalContext>
         <v1:request>            
            <v1:cardNumber>20000009435</v1:cardNumber>
            <v1:emittingPartner>0457419435</v1:emittingPartner>
         </v1:request>
      </v1:stopOrCancelCardRequest>
   </soapenv:Body>
</soapenv:Envelope>]]></con:request><con:credentials><con:selectedAuthProfile>Basic</con:selectedAuthProfile><con:addedBasicAuthenticationTypes>Basic</con:addedBasicAuthenticationTypes><con:authType>Global HTTP Settings</con:authType></con:credentials><con:jmsConfig JMSDeliveryMode="PERSISTENT"/><con:jmsPropertyConfig/><con:wsaConfig mustUnderstand="NONE" version="200508" action="http://fidus.brussels/services/europeandisabilitycardservice/stopOrCancelCard"/><con:wsrmConfig version="1.2"/></con:call></con:operation></con:interface><con:testSuite id="5308709e-3b98-4c53-accf-a4b5588498f7" name="DEV"><con:settings/><con:runType>SEQUENTIAL</con:runType><con:testCase id="db211e5d-c2e1-407f-b853-061b7c6d2006" failOnError="true" failTestCaseOnErrors="true" keepSession="false" maxResults="0" name="consultActiveCards" searchProperties="true"><con:settings/><con:testStep type="request" id="fa9d52bd-2272-4b00-b111-3c1f058435d1" name="testcase02- DEV - Request"><con:settings/><con:config xsi:type="con:RequestStep" xmlns:xsi="http://www.w3.org/2001/XMLSchema-instance"><con:interface>EuropeanDisabilityCardServiceHTTPBinding</con:interface><con:operation>consultActiveCards</con:operation><con:request name="testcase02- DEV - Request" id="c7593b5d-183e-4954-9024-af20044ba155" outgoingWss="Outflow DEV"><con:settings/><con:encoding>UTF-8</con:encoding><con:endpoint>https://192.168.36.61:8243/services/EuropeanDisabilityCardService_v1.0</con:endpoint><con:request><![CDATA[<soapenv:Envelope xmlns:soapenv="http://schemas.xmlsoap.org/soap/envelope/" xmlns:v1="http://fidus.brussels/service/europeandisabilitycardservice/messages/v1" xmlns:v11="http://fidus.brussels/type/common/messages/v1">
   <soapenv:Header/>
   <soapenv:Body>
      <v1:consultActiveCardsRequest>         
         <v1:messageContext>
            <v11:messageId>${=import static java.util.UUID.randomUUID; uuid = randomUUID() as String}</v11:messageId>
            <!--Optional:-->
            <v11:timestamp>${=new java.text.SimpleDateFormat("yyyy-MM-dd'T'HH:mm:ss.SSS").format(new Date())}</v11:timestamp>
         </v1:messageContext>
         <v1:legalContext>ServiceIntegrator</v1:legalContext>
         <v1:request>
            <v1:ssin>84072002128</v1:ssin>
            <!--Optional:-->
            <v1:referenceDate>2017-05-01</v1:referenceDate>
         </v1:request>
      </v1:consultActiveCardsRequest>
   </soapenv:Body>
</soapenv:Envelope>]]></con:request><con:assertion type="SOAP Fault Assertion" id="1c529ab1-10ff-4e0f-87d7-b4ad721285c3" name="Not SOAP Fault"/><con:assertion type="SOAP Response" id="c5b87961-4cf4-4bde-badf-3bda875afb0b" name="SOAP Response"/><con:assertion type="Schema Compliance" id="12d408e6-8bd6-4534-bb73-8b28dc3fd71e" name="Schema Compliance"><con:configuration/></con:assertion><con:wsaConfig action="http://fidus.brussels/services/europeandisabilitycardservice/consultActiveCards"/></con:request></con:config></con:testStep><con:properties/></con:testCase><con:testCase id="31be4d0f-7e08-4431-b974-012871b05e35" failOnError="true" failTestCaseOnErrors="true" keepSession="false" maxResults="0" name="consultAllCards" searchProperties="true"><con:settings/><con:testStep type="request" id="0f8bcbbc-2426-4767-9250-e31611891d0f" name="testcase02 - DEV - Request"><con:settings/><con:config xsi:type="con:RequestStep" xmlns:xsi="http://www.w3.org/2001/XMLSchema-instance"><con:interface>EuropeanDisabilityCardServiceHTTPBinding</con:interface><con:operation>consultAllCards</con:operation><con:request name="testcase02 - DEV - Request" id="834be11b-3283-4e1d-98c5-ef8390f2ce5e" outgoingWss="Outflow DEV"><con:settings/><con:encoding>UTF-8</con:encoding><con:endpoint>https://192.168.36.61:8243/services/EuropeanDisabilityCardService_v1.0</con:endpoint><con:request><![CDATA[<soapenv:Envelope xmlns:soapenv="http://schemas.xmlsoap.org/soap/envelope/" xmlns:v1="http://fidus.brussels/service/europeandisabilitycardservice/messages/v1" xmlns:v11="http://fidus.brussels/type/common/messages/v1">
   <soapenv:Header/>
   <soapenv:Body>
      <v1:consultAllCardsRequest>
         <v1:messageContext>
            <v11:messageId>${=import static java.util.UUID.randomUUID; uuid = randomUUID() as String}</v11:messageId>
            <!--Optional:-->
            <v11:timestamp>${=new java.text.SimpleDateFormat("yyyy-MM-dd'T'HH:mm:ss.SSS").format(new Date())}</v11:timestamp>
         </v1:messageContext>
         <v1:legalContext>ServiceIntegrator</v1:legalContext>
         <v1:request>
            <v1:ssin>84072002128</v1:ssin>
         </v1:request>
      </v1:consultAllCardsRequest>
   </soapenv:Body>
</soapenv:Envelope>]]></con:request><con:assertion type="SOAP Fault Assertion" id="aa2e504f-8915-4488-8ad5-28647dea2345" name="Not SOAP Fault"/><con:assertion type="SOAP Response" id="78162b01-a1b5-48a7-b1a6-8bbd7369afe6" name="SOAP Response"/><con:assertion type="Schema Compliance" id="5b3ac115-2d18-4b5a-a235-e68a0c321373" name="Schema Compliance"><con:configuration/></con:assertion><con:wsaConfig action="http://fidus.brussels/services/europeandisabilitycardservice/consultAllCards"/></con:request></con:config></con:testStep><con:properties/></con:testCase><con:testCase id="d87540b7-8db6-4852-b3fe-00920da4fd8e" failOnError="true" failTestCaseOnErrors="true" keepSession="false" maxResults="0" name="createCard" searchProperties="true"><con:settings/><con:testStep type="request" id="957a3046-7079-4cbf-b467-88e63748f317" name="testcase02 - DEV - Request"><con:settings/><con:config xsi:type="con:RequestStep" xmlns:xsi="http://www.w3.org/2001/XMLSchema-instance"><con:interface>EuropeanDisabilityCardServiceHTTPBinding</con:interface><con:operation>createCard</con:operation><con:request name="testcase02 - DEV - Request" id="795127d4-d8ed-4b80-b333-564f043814b1" outgoingWss="Outflow DEV"><con:settings/><con:encoding>UTF-8</con:encoding><con:endpoint>https://192.168.36.61:8243/services/EuropeanDisabilityCardService_v1.0</con:endpoint><con:request><![CDATA[<soapenv:Envelope xmlns:soapenv="http://schemas.xmlsoap.org/soap/envelope/" xmlns:v1="http://fidus.brussels/service/europeandisabilitycardservice/messages/v1" xmlns:v11="http://fidus.brussels/type/common/messages/v1">
   <soapenv:Header/>
   <soapenv:Body>
      <v1:createCardRequest>
         <v1:messageContext>
            <v11:messageId>${=import static java.util.UUID.randomUUID; uuid = randomUUID() as String}</v11:messageId>
            <!--Optional:-->
            <v11:timestamp>${=new java.text.SimpleDateFormat("yyyy-MM-dd'T'HH:mm:ss.SSS").format(new Date())}</v11:timestamp>
         </v1:messageContext>
         <v1:legalContext>ServiceIntegrator</v1:legalContext>
         <v1:request>
            <v1:ssin>84072002128</v1:ssin>
            <v1:emittingPartner>0646877855</v1:emittingPartner>
            <v1:language>NL</v1:language>
            <v1:forceCreation>true</v1:forceCreation>
         </v1:request>
      </v1:createCardRequest>
   </soapenv:Body>
</soapenv:Envelope>]]></con:request><con:assertion type="SOAP Fault Assertion" id="c7d01cb7-5287-4652-8788-b70a3953acef" name="Not SOAP Fault"/><con:assertion type="SOAP Response" id="7f7bad4d-97da-41bc-8239-e9c8af980d63" name="SOAP Response"/><con:assertion type="Schema Compliance" id="dd43e9f1-a331-4fcf-82b4-d95b8ef84ec8" name="Schema Compliance"><con:configuration/></con:assertion><con:wsaConfig action="http://fidus.brussels/services/europeandisabilitycardservice/createCard"/></con:request></con:config></con:testStep><con:properties/></con:testCase><con:testCase id="5beb8373-851e-4eb2-915b-64ec7ec4f6f8" failOnError="true" failTestCaseOnErrors="true" keepSession="false" maxResults="0" name="stopOrCancelCard" searchProperties="true"><con:settings/><con:testStep type="request" id="8382ee30-0939-4351-8e0a-b19242404cd4" name="testcase02 - DEV - Request"><con:settings/><con:config xsi:type="con:RequestStep" xmlns:xsi="http://www.w3.org/2001/XMLSchema-instance"><con:interface>EuropeanDisabilityCardServiceHTTPBinding</con:interface><con:operation>stopOrCancelCard</con:operation><con:request name="testcase02 - DEV - Request" id="434519f3-7e6a-4684-85a3-af05cb8f1822" outgoingWss="Outflow DEV"><con:settings/><con:encoding>UTF-8</con:encoding><con:endpoint>https://192.168.36.61:8243/services/EuropeanDisabilityCardService_v1.0</con:endpoint><con:request><![CDATA[<soapenv:Envelope xmlns:soapenv="http://schemas.xmlsoap.org/soap/envelope/" xmlns:v1="http://fidus.brussels/service/europeandisabilitycardservice/messages/v1" xmlns:v11="http://fidus.brussels/type/common/messages/v1">
   <soapenv:Header/>
   <soapenv:Body>
      <v1:stopOrCancelCardRequest>
         <v1:messageContext>
            <v11:messageId>${=import static java.util.UUID.randomUUID; uuid = randomUUID() as String}</v11:messageId>
            <!--Optional:-->
            <v11:timestamp>${=new java.text.SimpleDateFormat("yyyy-MM-dd'T'HH:mm:ss.SSS").format(new Date())}</v11:timestamp>
         </v1:messageContext>
         <v1:legalContext>ServiceIntegrator</v1:legalContext>
         <v1:request>            
            <v1:cardNumber>10000000115</v1:cardNumber>
            <v1:emittingPartner>0646877855</v1:emittingPartner>
         </v1:request>
      </v1:stopOrCancelCardRequest>
   </soapenv:Body>
</soapenv:Envelope>]]></con:request><con:assertion type="SOAP Fault Assertion" id="d4d52d8a-d5d0-43e9-8e08-d2487e64c4c7" name="Not SOAP Fault"/><con:assertion type="SOAP Response" id="b0482036-bc4c-4469-bde4-247c0f4c9f3f" name="SOAP Response"/><con:assertion type="Schema Compliance" id="3bce75a4-204d-4e93-a41a-718430467dc3" name="Schema Compliance"><con:configuration/></con:assertion><con:wsaConfig action="http://fidus.brussels/services/europeandisabilitycardservice/stopOrCancelCard"/></con:request></con:config></con:testStep><con:properties/></con:testCase><con:properties/></con:testSuite><con:testSuite id="6103017a-c963-43d2-bdab-7d98911511a3" name="TEST"><con:settings/><con:runType>SEQUENTIAL</con:runType><con:testCase id="12573740-9691-49ae-b2b2-fccc6727da78" failOnError="true" failTestCaseOnErrors="true" keepSession="false" maxResults="0" name="consultActiveCards" searchProperties="true"><con:settings/><con:testStep type="request" id="640329c7-95df-4cf6-8e37-304c851c63fb" name="testcase03- Test - External - Request"><con:settings/><con:config xsi:type="con:RequestStep" xmlns:xsi="http://www.w3.org/2001/XMLSchema-instance"><con:interface>EuropeanDisabilityCardServiceHTTPBinding</con:interface><con:operation>consultActiveCards</con:operation><con:request name="testcase03- Test - External - Request" id="7c4cfe6f-bd44-4419-b659-14c4d0baf05b" outgoingWss="Outflow TEST"><con:settings/><con:encoding>UTF-8</con:encoding><con:endpoint>https://192.168.24.17:8443/services/EuropeanDisabilityCardService_v1.0</con:endpoint><con:request><![CDATA[<soapenv:Envelope xmlns:soapenv="http://schemas.xmlsoap.org/soap/envelope/" xmlns:v1="http://fidus.brussels/service/europeandisabilitycardservice/messages/v1" xmlns:v11="http://fidus.brussels/type/common/messages/v1">
   <soapenv:Header/>
   <soapenv:Body>
      <v1:consultActiveCardsRequest>         
         <v1:messageContext>
            <v11:messageId>${=import static java.util.UUID.randomUUID; uuid = randomUUID() as String}</v11:messageId>
            <!--Optional:-->
            <v11:timestamp>${=new java.text.SimpleDateFormat("yyyy-MM-dd'T'HH:mm:ss.SSS").format(new Date())}</v11:timestamp>
         </v1:messageContext>
         <v1:legalContext>ServiceIntegrator</v1:legalContext>
         <v1:request>
            <v1:ssin>84072002128</v1:ssin>
            <!--Optional:-->
            <v1:referenceDate>2017-05-01</v1:referenceDate>
         </v1:request>
      </v1:consultActiveCardsRequest>
   </soapenv:Body>
</soapenv:Envelope>]]></con:request><con:assertion type="SOAP Fault Assertion" id="3fc22929-0243-47ed-bf12-1fd6e7aed508" name="Not SOAP Fault"/><con:assertion type="SOAP Response" id="c1556196-5e9e-435b-b2dc-6c78f3afe0af" name="SOAP Response"/><con:assertion type="Schema Compliance" id="d1414cf1-540d-4aed-8767-294acdb10190" name="Schema Compliance"><con:configuration/></con:assertion><con:wsaConfig action="http://fidus.brussels/services/europeandisabilitycardservice/consultActiveCards"/></con:request></con:config></con:testStep><con:testStep type="request" id="7ef53698-7306-4f24-8e10-841ca0091996" name="testcase03- Test - LB - Request"><con:settings/><con:config xsi:type="con:RequestStep" xmlns:xsi="http://www.w3.org/2001/XMLSchema-instance"><con:interface>EuropeanDisabilityCardServiceHTTPBinding</con:interface><con:operation>consultActiveCards</con:operation><con:request name="testcase03- Test - LB - Request" id="e7d38be2-f1b5-4f32-a566-920cd6022937" outgoingWss="Outflow TEST"><con:settings/><con:encoding>UTF-8</con:encoding><con:endpoint>https://esb-security-gw.sta.srv.cirb.lan:8443/services/EuropeanDisabilityCardService_v1.0</con:endpoint><con:request><![CDATA[<soapenv:Envelope xmlns:soapenv="http://schemas.xmlsoap.org/soap/envelope/" xmlns:v1="http://fidus.brussels/service/europeandisabilitycardservice/messages/v1" xmlns:v11="http://fidus.brussels/type/common/messages/v1">
   <soapenv:Header/>
   <soapenv:Body>
      <v1:consultActiveCardsRequest>         
         <v1:messageContext>
            <v11:messageId>${=import static java.util.UUID.randomUUID; uuid = randomUUID() as String}</v11:messageId>
            <!--Optional:-->
            <v11:timestamp>${=new java.text.SimpleDateFormat("yyyy-MM-dd'T'HH:mm:ss.SSS").format(new Date())}</v11:timestamp>
         </v1:messageContext>
         <v1:legalContext>ServiceIntegrator</v1:legalContext>
         <v1:request>
            <v1:ssin>84072002128</v1:ssin>
            <!--Optional:-->
            <v1:referenceDate>2017-05-01</v1:referenceDate>
         </v1:request>
      </v1:consultActiveCardsRequest>
   </soapenv:Body>
</soapenv:Envelope>]]></con:request><con:assertion type="SOAP Fault Assertion" id="023bb0dc-68f3-46bd-a8bf-0697957f7783" name="Not SOAP Fault"/><con:assertion type="SOAP Response" id="48359640-aec6-4368-b8c2-f760cd724dbc" name="SOAP Response"/><con:assertion type="Schema Compliance" id="5e8ba3a7-0c5c-4b01-a791-0a9e18196461" name="Schema Compliance"><con:configuration/></con:assertion><con:wsaConfig action="http://fidus.brussels/services/europeandisabilitycardservice/consultActiveCards"/></con:request></con:config></con:testStep><con:testStep type="request" id="ea51e93f-4630-4fb3-9a9b-b8a9ee1efb06" name="testcase03- Test - Worker1 - Request"><con:settings/><con:config xsi:type="con:RequestStep" xmlns:xsi="http://www.w3.org/2001/XMLSchema-instance"><con:interface>EuropeanDisabilityCardServiceHTTPBinding</con:interface><con:operation>consultActiveCards</con:operation><con:request name="testcase03- Test - Worker1 - Request" id="b1a18491-b277-4dc9-8315-4fda5dc02fb7" outgoingWss="Outflow TEST"><con:settings/><con:encoding>UTF-8</con:encoding><con:endpoint>https://192.168.22.53:8443/services/EuropeanDisabilityCardService_v1.0</con:endpoint><con:request><![CDATA[<soapenv:Envelope xmlns:soapenv="http://schemas.xmlsoap.org/soap/envelope/" xmlns:v1="http://fidus.brussels/service/europeandisabilitycardservice/messages/v1" xmlns:v11="http://fidus.brussels/type/common/messages/v1">
   <soapenv:Header/>
   <soapenv:Body>
      <v1:consultActiveCardsRequest>         
         <v1:messageContext>
            <v11:messageId>${=import static java.util.UUID.randomUUID; uuid = randomUUID() as String}</v11:messageId>
            <!--Optional:-->
            <v11:timestamp>${=new java.text.SimpleDateFormat("yyyy-MM-dd'T'HH:mm:ss.SSS").format(new Date())}</v11:timestamp>
         </v1:messageContext>
         <v1:legalContext>ServiceIntegrator</v1:legalContext>
         <v1:request>
            <v1:ssin>13081340449</v1:ssin>
            <!--<v1:referenceDate>2017-08-09</v1:referenceDate>-->
         </v1:request>
      </v1:consultActiveCardsRequest>
   </soapenv:Body>
</soapenv:Envelope>]]></con:request><con:assertion type="SOAP Fault Assertion" id="afaf826e-bcf3-43ae-a415-a81fc33e07b9" name="Not SOAP Fault"/><con:assertion type="SOAP Response" id="2eb0fd91-c810-45e8-9a3c-7278a3608f27" name="SOAP Response"/><con:assertion type="Schema Compliance" id="ba135994-6c62-457d-a3fb-9e858afe3706" name="Schema Compliance"><con:configuration/></con:assertion><con:wsaConfig action="http://fidus.brussels/services/europeandisabilitycardservice/consultActiveCards"/></con:request></con:config></con:testStep><con:testStep type="request" id="028f66c5-b68c-42db-9944-4b94ad70d1c5" name="testcase03- Test - Worker2 - Request"><con:settings/><con:config xsi:type="con:RequestStep" xmlns:xsi="http://www.w3.org/2001/XMLSchema-instance"><con:interface>EuropeanDisabilityCardServiceHTTPBinding</con:interface><con:operation>consultActiveCards</con:operation><con:request name="testcase03- Test - Worker2 - Request" id="84a2695c-1820-408c-9738-cf4f017ba1c0" outgoingWss="Outflow TEST"><con:settings/><con:encoding>UTF-8</con:encoding><con:endpoint>https://192.168.22.54:8443/services/EuropeanDisabilityCardService_v1.0</con:endpoint><con:request><![CDATA[<soapenv:Envelope xmlns:soapenv="http://schemas.xmlsoap.org/soap/envelope/" xmlns:v1="http://fidus.brussels/service/europeandisabilitycardservice/messages/v1" xmlns:v11="http://fidus.brussels/type/common/messages/v1">
   <soapenv:Header/>
   <soapenv:Body>
      <v1:consultActiveCardsRequest>         
         <v1:messageContext>
            <v11:messageId>${=import static java.util.UUID.randomUUID; uuid = randomUUID() as String}</v11:messageId>
            <!--Optional:-->
            <v11:timestamp>${=new java.text.SimpleDateFormat("yyyy-MM-dd'T'HH:mm:ss.SSS").format(new Date())}</v11:timestamp>
         </v1:messageContext>
         <v1:legalContext>ServiceIntegrator</v1:legalContext>
         <v1:request>
            <v1:ssin>84072002128</v1:ssin>
            <!--Optional:-->
            <v1:referenceDate>2017-05-01</v1:referenceDate>
         </v1:request>
      </v1:consultActiveCardsRequest>
   </soapenv:Body>
</soapenv:Envelope>]]></con:request><con:assertion type="SOAP Fault Assertion" id="25ab8018-4cf2-430e-b0c1-b1e55ff820c9" name="Not SOAP Fault"/><con:assertion type="SOAP Response" id="6d81a026-f2a2-4a91-b7c5-5729344eab86" name="SOAP Response"/><con:assertion type="Schema Compliance" id="16b570e1-ea4f-4810-9a1b-06f933de183e" name="Schema Compliance"><con:configuration/></con:assertion><con:wsaConfig action="http://fidus.brussels/services/europeandisabilitycardservice/consultActiveCards"/></con:request></con:config></con:testStep><con:testStep type="request" id="9e3b8dea-ae68-489b-9587-fbaac0d837a1" name="testcase03- Test - External - ActiveCard@RefDate - Request"><con:settings/><con:config xsi:type="con:RequestStep" xmlns:xsi="http://www.w3.org/2001/XMLSchema-instance"><con:interface>EuropeanDisabilityCardServiceHTTPBinding</con:interface><con:operation>consultActiveCards</con:operation><con:request name="testcase03- Test - External - ActiveCard@RefDate - Request" id="8e5b5d35-98fc-4e65-aab4-6d7cc5f3a462" outgoingWss="Outflow TEST"><con:settings/><con:encoding>UTF-8</con:encoding><con:endpoint>https://192.168.24.17:8443/services/EuropeanDisabilityCardService_v1.0</con:endpoint><con:request><![CDATA[<soapenv:Envelope xmlns:soapenv="http://schemas.xmlsoap.org/soap/envelope/" xmlns:v1="http://fidus.brussels/service/europeandisabilitycardservice/messages/v1" xmlns:v11="http://fidus.brussels/type/common/messages/v1">
   <soapenv:Header/>
   <soapenv:Body>
      <v1:consultActiveCardsRequest>         
         <v1:messageContext>
            <v11:messageId>${=import static java.util.UUID.randomUUID; uuid = randomUUID() as String}</v11:messageId>
            <!--Optional:-->
            <v11:timestamp>${=new java.text.SimpleDateFormat("yyyy-MM-dd'T'HH:mm:ss.SSS").format(new Date())}</v11:timestamp>
         </v1:messageContext>
         <v1:legalContext>ServiceIntegrator</v1:legalContext>
         <v1:request>
            <v1:ssin>81040964736</v1:ssin>
            <!--Optional:-->
            <v1:referenceDate>2017-08-09</v1:referenceDate>
         </v1:request>
      </v1:consultActiveCardsRequest>
   </soapenv:Body>
</soapenv:Envelope>]]></con:request><con:assertion type="SOAP Fault Assertion" id="3d9ceb61-2149-4ac8-b173-471a68d1fed9" name="Not SOAP Fault"/><con:assertion type="SOAP Response" id="eb1808d0-323a-4aa6-bf31-725f5b9718a8" name="SOAP Response"/><con:assertion type="Schema Compliance" id="b64d5643-d973-4ea1-9f86-bf8e802779de" name="Schema Compliance"><con:configuration/></con:assertion><con:wsaConfig action="http://fidus.brussels/services/europeandisabilitycardservice/consultActiveCards"/></con:request></con:config></con:testStep><con:testStep type="request" id="f69fd403-7b0a-44e0-a7f9-c3aab9c48b1f" name="testcase03- Test - External - Card_NotActive@RefDate - Request"><con:settings/><con:config xsi:type="con:RequestStep" xmlns:xsi="http://www.w3.org/2001/XMLSchema-instance"><con:interface>EuropeanDisabilityCardServiceHTTPBinding</con:interface><con:operation>consultActiveCards</con:operation><con:request name="testcase03- Test - External - Card_NotActive@RefDate - Request" id="97a7f15f-ba3e-4613-b3d7-cc13c7e114aa" outgoingWss="Outflow TEST"><con:settings/><con:encoding>UTF-8</con:encoding><con:endpoint>https://192.168.24.17:8443/services/EuropeanDisabilityCardService_v1.0</con:endpoint><con:request><![CDATA[<soapenv:Envelope xmlns:soapenv="http://schemas.xmlsoap.org/soap/envelope/" xmlns:v1="http://fidus.brussels/service/europeandisabilitycardservice/messages/v1" xmlns:v11="http://fidus.brussels/type/common/messages/v1">
   <soapenv:Header/>
   <soapenv:Body>
      <v1:consultActiveCardsRequest>         
         <v1:messageContext>
            <v11:messageId>${=import static java.util.UUID.randomUUID; uuid = randomUUID() as String}</v11:messageId>
            <!--Optional:-->
            <v11:timestamp>${=new java.text.SimpleDateFormat("yyyy-MM-dd'T'HH:mm:ss.SSS").format(new Date())}</v11:timestamp>
         </v1:messageContext>
         <v1:legalContext>ServiceIntegrator</v1:legalContext>
         <v1:request>
            <v1:ssin>81040964736</v1:ssin>
            <!--Optional:-->
            <v1:referenceDate>2017-08-01</v1:referenceDate>
         </v1:request>
      </v1:consultActiveCardsRequest>
   </soapenv:Body>
</soapenv:Envelope>]]></con:request><con:assertion type="SOAP Fault Assertion" id="c9b0a9e7-eaf8-4fa1-bfad-21d3abe7fd58" name="Not SOAP Fault"/><con:assertion type="SOAP Response" id="3f05d423-b198-4dca-b689-f336326938c6" name="SOAP Response"/><con:assertion type="Schema Compliance" id="b4481b67-8ac8-44c5-b39e-3b99638747b7" name="Schema Compliance"><con:configuration/></con:assertion><con:wsaConfig action="http://fidus.brussels/services/europeandisabilitycardservice/consultActiveCards"/></con:request></con:config></con:testStep><con:testStep type="request" id="314285c2-d64d-4ec9-a49a-c8f2a0ac6923" name="testcase03- Test - External - CancelledSSIN_ActiveCard@RefDate - Request"><con:settings/><con:config xsi:type="con:RequestStep" xmlns:xsi="http://www.w3.org/2001/XMLSchema-instance"><con:interface>EuropeanDisabilityCardServiceHTTPBinding</con:interface><con:operation>consultActiveCards</con:operation><con:request name="testcase03- Test - External - CancelledSSIN_ActiveCard@RefDate - Request" id="2b85f624-d6e1-4c4c-b56e-8d38707383c6" outgoingWss="Outflow TEST"><con:settings/><con:encoding>UTF-8</con:encoding><con:endpoint>https://192.168.24.17:8443/services/EuropeanDisabilityCardService_v1.0</con:endpoint><con:request><![CDATA[<soapenv:Envelope xmlns:soapenv="http://schemas.xmlsoap.org/soap/envelope/" xmlns:v1="http://fidus.brussels/service/europeandisabilitycardservice/messages/v1" xmlns:v11="http://fidus.brussels/type/common/messages/v1">
   <soapenv:Header/>
   <soapenv:Body>
      <v1:consultActiveCardsRequest>         
         <v1:messageContext>
            <v11:messageId>${=import static java.util.UUID.randomUUID; uuid = randomUUID() as String}</v11:messageId>
            <!--Optional:-->
            <v11:timestamp>${=new java.text.SimpleDateFormat("yyyy-MM-dd'T'HH:mm:ss.SSS").format(new Date())}</v11:timestamp>
         </v1:messageContext>
         <v1:legalContext>ServiceIntegrator</v1:legalContext>
         <v1:request>
            <v1:ssin>89120121658</v1:ssin>
            <!--Optional:-->
            <v1:referenceDate>2017-08-09</v1:referenceDate>
         </v1:request>
      </v1:consultActiveCardsRequest>
   </soapenv:Body>
</soapenv:Envelope>]]></con:request><con:assertion type="SOAP Fault Assertion" id="6fa28120-05b3-4a5c-bab0-39e901154623" name="Not SOAP Fault"/><con:assertion type="SOAP Response" id="ff938b3f-5aec-46a7-a036-8a369c344d00" name="SOAP Response"/><con:assertion type="Schema Compliance" id="f1acbbdc-078e-4f16-be7c-ca9ef9593903" name="Schema Compliance"><con:configuration/></con:assertion><con:wsaConfig action="http://fidus.brussels/services/europeandisabilitycardservice/consultActiveCards"/></con:request></con:config></con:testStep><con:testStep type="request" id="a511de6d-3383-4bea-988f-071cdbcf9ed3" name="testcase03- Test - External - CancelledSSIN_Card_NotActive - Request"><con:settings/><con:config xsi:type="con:RequestStep" xmlns:xsi="http://www.w3.org/2001/XMLSchema-instance"><con:interface>EuropeanDisabilityCardServiceHTTPBinding</con:interface><con:operation>consultActiveCards</con:operation><con:request name="testcase03- Test - External - CancelledSSIN_Card_NotActive - Request" id="c43ef841-098e-43b6-a483-17ce656f7230" outgoingWss="Outflow TEST"><con:settings/><con:encoding>UTF-8</con:encoding><con:endpoint>https://192.168.24.17:8443/services/EuropeanDisabilityCardService_v1.0</con:endpoint><con:request><![CDATA[<soapenv:Envelope xmlns:soapenv="http://schemas.xmlsoap.org/soap/envelope/" xmlns:v1="http://fidus.brussels/service/europeandisabilitycardservice/messages/v1" xmlns:v11="http://fidus.brussels/type/common/messages/v1">
   <soapenv:Header/>
   <soapenv:Body>
      <v1:consultActiveCardsRequest>         
         <v1:messageContext>
            <v11:messageId>${=import static java.util.UUID.randomUUID; uuid = randomUUID() as String}</v11:messageId>
            <!--Optional:-->
            <v11:timestamp>${=new java.text.SimpleDateFormat("yyyy-MM-dd'T'HH:mm:ss.SSS").format(new Date())}</v11:timestamp>
         </v1:messageContext>
         <v1:legalContext>ServiceIntegrator</v1:legalContext>
         <v1:request>
            <v1:ssin>49010193967</v1:ssin>
            <!--Optional:-->
            <v1:referenceDate>2017-08-01</v1:referenceDate>
         </v1:request>
      </v1:consultActiveCardsRequest>
   </soapenv:Body>
</soapenv:Envelope>]]></con:request><con:assertion type="SOAP Fault Assertion" id="ca32e2f8-89f2-41f0-8f5f-bd241ac8ac70" name="Not SOAP Fault"/><con:assertion type="SOAP Response" id="acc38774-34ec-45ea-a027-241ee6e2258f" name="SOAP Response"/><con:assertion type="Schema Compliance" id="dbad6e67-63c5-421e-b380-99df7da45e33" name="Schema Compliance"><con:configuration/></con:assertion><con:wsaConfig action="http://fidus.brussels/services/europeandisabilitycardservice/consultActiveCards"/></con:request></con:config></con:testStep><con:testStep type="request" id="32b4029f-bcdf-4156-ac9f-8bf1dde3d382" name="testcase03- Test - External - SSIN_DeceasedPerson_Card_Active - Request"><con:settings/><con:config xsi:type="con:RequestStep" xmlns:xsi="http://www.w3.org/2001/XMLSchema-instance"><con:interface>EuropeanDisabilityCardServiceHTTPBinding</con:interface><con:operation>consultActiveCards</con:operation><con:request name="testcase03- Test - External - SSIN_DeceasedPerson_Card_Active - Request" id="08b5d131-119e-4976-8a2a-ec845941e8d4" outgoingWss="Outflow TEST"><con:settings/><con:encoding>UTF-8</con:encoding><con:endpoint>https://192.168.24.17:8443/services/EuropeanDisabilityCardService_v1.0</con:endpoint><con:request><![CDATA[<soapenv:Envelope xmlns:soapenv="http://schemas.xmlsoap.org/soap/envelope/" xmlns:v1="http://fidus.brussels/service/europeandisabilitycardservice/messages/v1" xmlns:v11="http://fidus.brussels/type/common/messages/v1">
   <soapenv:Header/>
   <soapenv:Body>
      <v1:consultActiveCardsRequest>         
         <v1:messageContext>
            <v11:messageId>${=import static java.util.UUID.randomUUID; uuid = randomUUID() as String}</v11:messageId>
            <!--Optional:-->
            <v11:timestamp>${=new java.text.SimpleDateFormat("yyyy-MM-dd'T'HH:mm:ss.SSS").format(new Date())}</v11:timestamp>
         </v1:messageContext>
         <v1:legalContext>ServiceIntegrator</v1:legalContext>
         <v1:request>
            <v1:ssin>21033027563</v1:ssin>
            <!--Optional:-->
            <v1:referenceDate>2017-08-09</v1:referenceDate>
         </v1:request>
      </v1:consultActiveCardsRequest>
   </soapenv:Body>
</soapenv:Envelope>]]></con:request><con:assertion type="SOAP Fault Assertion" id="3e91d188-0b21-4e56-adb6-5f07574c0e63" name="Not SOAP Fault"/><con:assertion type="SOAP Response" id="0a0c0c48-4d7e-4f0f-ad01-61ac1c9058c7" name="SOAP Response"/><con:assertion type="Schema Compliance" id="597a1531-7fa8-4e68-8ddf-8bbfece78e18" name="Schema Compliance"><con:configuration/></con:assertion><con:wsaConfig action="http://fidus.brussels/services/europeandisabilitycardservice/consultActiveCards"/></con:request></con:config></con:testStep><con:testStep type="request" id="c53ee37a-b7a6-4d67-9e09-58c537b69ca9" name="testcase03- Test - External - SSIN_DeceasedPerson_NoCard_Active - Request"><con:settings/><con:config xsi:type="con:RequestStep" xmlns:xsi="http://www.w3.org/2001/XMLSchema-instance"><con:interface>EuropeanDisabilityCardServiceHTTPBinding</con:interface><con:operation>consultActiveCards</con:operation><con:request name="testcase03- Test - External - SSIN_DeceasedPerson_NoCard_Active - Request" id="49b96865-9019-4a5b-b353-861b2d234e0c" outgoingWss="Outflow TEST"><con:settings/><con:encoding>UTF-8</con:encoding><con:endpoint>https://192.168.24.17:8443/services/EuropeanDisabilityCardService_v1.0</con:endpoint><con:request><![CDATA[<soapenv:Envelope xmlns:soapenv="http://schemas.xmlsoap.org/soap/envelope/" xmlns:v1="http://fidus.brussels/service/europeandisabilitycardservice/messages/v1" xmlns:v11="http://fidus.brussels/type/common/messages/v1">
   <soapenv:Header/>
   <soapenv:Body>
      <v1:consultActiveCardsRequest>         
         <v1:messageContext>
            <v11:messageId>${=import static java.util.UUID.randomUUID; uuid = randomUUID() as String}</v11:messageId>
            <!--Optional:-->
            <v11:timestamp>${=new java.text.SimpleDateFormat("yyyy-MM-dd'T'HH:mm:ss.SSS").format(new Date())}</v11:timestamp>
         </v1:messageContext>
         <v1:legalContext>ServiceIntegrator</v1:legalContext>
         <v1:request>
            <v1:ssin>18100808031</v1:ssin>
            <!--Optional:-->
            <v1:referenceDate>2017-08-09</v1:referenceDate>
         </v1:request>
      </v1:consultActiveCardsRequest>
   </soapenv:Body>
</soapenv:Envelope>]]></con:request><con:assertion type="SOAP Fault Assertion" id="ec43f991-f990-4b6e-bbb4-4ddbf3162b96" name="Not SOAP Fault"/><con:assertion type="SOAP Response" id="cabd3b3d-0e77-4bfa-9f6f-acb3e2ab44a8" name="SOAP Response"/><con:assertion type="Schema Compliance" id="58ae9f0a-cb26-4269-9233-165c47514780" name="Schema Compliance"><con:configuration/></con:assertion><con:wsaConfig action="http://fidus.brussels/services/europeandisabilitycardservice/consultActiveCards"/></con:request></con:config></con:testStep><con:testStep type="request" id="c8b1e348-5d3c-4b05-aaa5-56758a9f1944" name="testcase03- Test - External - Card_Active@SysDate - Request"><con:settings/><con:config xsi:type="con:RequestStep" xmlns:xsi="http://www.w3.org/2001/XMLSchema-instance"><con:interface>EuropeanDisabilityCardServiceHTTPBinding</con:interface><con:operation>consultActiveCards</con:operation><con:request name="testcase03- Test - External - Card_Active@SysDate - Request" id="6581221e-c389-4a4c-86b5-36bbd877688a" outgoingWss="Outflow TEST"><con:settings/><con:encoding>UTF-8</con:encoding><con:endpoint>https://192.168.24.17:8443/services/EuropeanDisabilityCardService_v1.0</con:endpoint><con:request><![CDATA[<soapenv:Envelope xmlns:soapenv="http://schemas.xmlsoap.org/soap/envelope/" xmlns:v1="http://fidus.brussels/service/europeandisabilitycardservice/messages/v1" xmlns:v11="http://fidus.brussels/type/common/messages/v1">
   <soapenv:Header/>
   <soapenv:Body>
      <v1:consultActiveCardsRequest>         
         <v1:messageContext>
            <v11:messageId>${=import static java.util.UUID.randomUUID; uuid = randomUUID() as String}</v11:messageId>
            <!--Optional:-->
            <v11:timestamp>${=new java.text.SimpleDateFormat("yyyy-MM-dd'T'HH:mm:ss.SSS").format(new Date())}</v11:timestamp>
         </v1:messageContext>
         <v1:legalContext>ServiceIntegrator</v1:legalContext>
         <v1:request>
            <v1:ssin>64061324572</v1:ssin>                     
         </v1:request>
      </v1:consultActiveCardsRequest>
   </soapenv:Body>
</soapenv:Envelope>]]></con:request><con:assertion type="SOAP Fault Assertion" id="0165f3f4-ff36-4355-a96d-b83d816e3bc8" name="Not SOAP Fault"/><con:assertion type="SOAP Response" id="de27bbcf-efcb-42de-955b-5d227705c665" name="SOAP Response"/><con:assertion type="Schema Compliance" id="5d329c3a-ab03-496a-b426-9de37a843b5a" name="Schema Compliance"><con:configuration/></con:assertion><con:wsaConfig action="http://fidus.brussels/services/europeandisabilitycardservice/consultActiveCards"/></con:request></con:config></con:testStep><con:testStep type="request" id="d4f909a6-5832-4757-99a6-34647640b030" name="testcase03- Test - External - Card_Active_OtherPartner - Request"><con:settings/><con:config xsi:type="con:RequestStep" xmlns:xsi="http://www.w3.org/2001/XMLSchema-instance"><con:interface>EuropeanDisabilityCardServiceHTTPBinding</con:interface><con:operation>consultActiveCards</con:operation><con:request name="testcase03- Test - External - Card_Active_OtherPartner - Request" id="3434d809-41f3-4bd6-b212-03010135b370" outgoingWss="Outflow TEST"><con:settings/><con:encoding>UTF-8</con:encoding><con:endpoint>https://192.168.24.17:8443/services/EuropeanDisabilityCardService_v1.0</con:endpoint><con:request><![CDATA[<soapenv:Envelope xmlns:soapenv="http://schemas.xmlsoap.org/soap/envelope/" xmlns:v1="http://fidus.brussels/service/europeandisabilitycardservice/messages/v1" xmlns:v11="http://fidus.brussels/type/common/messages/v1">
   <soapenv:Header/>
   <soapenv:Body>
      <v1:consultActiveCardsRequest>         
         <v1:messageContext>
            <v11:messageId>${=import static java.util.UUID.randomUUID; uuid = randomUUID() as String}</v11:messageId>
            <!--Optional:-->
            <v11:timestamp>${=new java.text.SimpleDateFormat("yyyy-MM-dd'T'HH:mm:ss.SSS").format(new Date())}</v11:timestamp>
         </v1:messageContext>
         <v1:legalContext>ServiceIntegrator</v1:legalContext>
         <v1:request>
            <v1:ssin>81091318921</v1:ssin>
         </v1:request>
      </v1:consultActiveCardsRequest>
   </soapenv:Body>
</soapenv:Envelope>]]></con:request><con:assertion type="SOAP Fault Assertion" id="a42e6879-a117-4d26-bc5f-08e24f0802f0" name="Not SOAP Fault"/><con:assertion type="SOAP Response" id="8a18a894-357b-4f9f-8e9f-5063a5f1a206" name="SOAP Response"/><con:assertion type="Schema Compliance" id="55b2dd0d-92e4-48b7-b470-02f842e17b70" name="Schema Compliance"><con:configuration/></con:assertion><con:wsaConfig action="http://fidus.brussels/services/europeandisabilitycardservice/consultActiveCards"/></con:request></con:config></con:testStep><con:testStep type="request" id="a724a1e6-bf0e-4385-aa86-eb14c8e9bc68" name="testcase03- Test - External - Invalid_ReferenceDate - Request"><con:settings/><con:config xsi:type="con:RequestStep" xmlns:xsi="http://www.w3.org/2001/XMLSchema-instance"><con:interface>EuropeanDisabilityCardServiceHTTPBinding</con:interface><con:operation>consultActiveCards</con:operation><con:request name="testcase03- Test - External - Invalid_ReferenceDate - Request" id="5644e6ab-fb2a-4c6d-849d-b71dc9f1edee" outgoingWss="Outflow TEST"><con:settings/><con:encoding>UTF-8</con:encoding><con:endpoint>https://192.168.24.17:8443/services/EuropeanDisabilityCardService_v1.0</con:endpoint><con:request><![CDATA[<soapenv:Envelope xmlns:soapenv="http://schemas.xmlsoap.org/soap/envelope/" xmlns:v1="http://fidus.brussels/service/europeandisabilitycardservice/messages/v1" xmlns:v11="http://fidus.brussels/type/common/messages/v1">
   <soapenv:Header/>
   <soapenv:Body>
      <v1:consultActiveCardsRequest>         
         <v1:messageContext>
            <v11:messageId>${=import static java.util.UUID.randomUUID; uuid = randomUUID() as String}</v11:messageId>
            <!--Optional:-->
            <v11:timestamp>${=new java.text.SimpleDateFormat("yyyy-MM-dd'T'HH:mm:ss.SSS").format(new Date())}</v11:timestamp>
         </v1:messageContext>
         <v1:legalContext>ServiceIntegrator</v1:legalContext>
         <v1:request>
            <v1:ssin>81091318921</v1:ssin>
            <v1:referenceDate>2016-01-01</v1:referenceDate>
         </v1:request>
      </v1:consultActiveCardsRequest>
   </soapenv:Body>
</soapenv:Envelope>]]></con:request><con:assertion type="SOAP Fault Assertion" id="6d9ec470-7e4f-485c-9477-5da9f7465048" name="Not SOAP Fault"/><con:assertion type="SOAP Response" id="275d1984-b6d2-4660-a108-bcf24eff099a" name="SOAP Response"/><con:assertion type="Schema Compliance" id="4c3f4646-294b-4b1b-831f-53f3c1017dbc" name="Schema Compliance"><con:configuration/></con:assertion><con:wsaConfig action="http://fidus.brussels/services/europeandisabilitycardservice/consultActiveCards"/></con:request></con:config></con:testStep><con:testStep type="request" id="acefaf52-eff1-4561-b5cc-be4d4558889a" name="testcase03- Test - External - Invalid_ReferenceDate2 - Request"><con:settings/><con:config xsi:type="con:RequestStep" xmlns:xsi="http://www.w3.org/2001/XMLSchema-instance"><con:interface>EuropeanDisabilityCardServiceHTTPBinding</con:interface><con:operation>consultActiveCards</con:operation><con:request name="testcase03- Test - External - Invalid_ReferenceDate2 - Request" id="f331a146-9f05-46ba-a80e-cc516e6fdb2f" outgoingWss="Outflow TEST"><con:settings/><con:encoding>UTF-8</con:encoding><con:endpoint>https://192.168.24.17:8443/services/EuropeanDisabilityCardService_v1.0</con:endpoint><con:request><![CDATA[<soapenv:Envelope xmlns:soapenv="http://schemas.xmlsoap.org/soap/envelope/" xmlns:v1="http://fidus.brussels/service/europeandisabilitycardservice/messages/v1" xmlns:v11="http://fidus.brussels/type/common/messages/v1">
   <soapenv:Header/>
   <soapenv:Body>
      <v1:consultActiveCardsRequest>         
         <v1:messageContext>
            <v11:messageId>${=import static java.util.UUID.randomUUID; uuid = randomUUID() as String}</v11:messageId>
            <!--Optional:-->
            <v11:timestamp>${=new java.text.SimpleDateFormat("yyyy-MM-dd'T'HH:mm:ss.SSS").format(new Date())}</v11:timestamp>
         </v1:messageContext>
         <v1:legalContext>ServiceIntegrator</v1:legalContext>
         <v1:request>
            <v1:ssin>81091318921</v1:ssin>
            <v1:referenceDate>2020-01-01</v1:referenceDate>
         </v1:request>
      </v1:consultActiveCardsRequest>
   </soapenv:Body>
</soapenv:Envelope>]]></con:request><con:assertion type="SOAP Fault Assertion" id="9a341f5c-e3b2-4a2a-8073-566b0f07244e" name="Not SOAP Fault"/><con:assertion type="SOAP Response" id="a0e77a5e-484d-4469-99da-a3a1a251172f" name="SOAP Response"/><con:assertion type="Schema Compliance" id="23f585e5-3f7f-4e4b-af88-b26ec28b9494" name="Schema Compliance"><con:configuration/></con:assertion><con:wsaConfig action="http://fidus.brussels/services/europeandisabilitycardservice/consultActiveCards"/></con:request></con:config></con:testStep><con:properties/></con:testCase><con:testCase id="25529280-cb4d-4c12-a888-3e0a487e253b" failOnError="true" failTestCaseOnErrors="true" keepSession="false" maxResults="0" name="consultAllCards" searchProperties="true"><con:settings/><con:testStep type="request" id="332ab56c-0291-4ea1-8972-1912328f8ab1" name="testcase03 - Test - External - Valid_SSIN- Request"><con:settings/><con:config xsi:type="con:RequestStep" xmlns:xsi="http://www.w3.org/2001/XMLSchema-instance"><con:interface>EuropeanDisabilityCardServiceHTTPBinding</con:interface><con:operation>consultAllCards</con:operation><con:request name="testcase03 - Test - External - Valid_SSIN- Request" id="2a7fa602-6484-4ea1-8a94-6a892a695dbb" outgoingWss="Outflow TEST"><con:settings/><con:encoding>UTF-8</con:encoding><con:endpoint>https://192.168.24.17:8443/services/EuropeanDisabilityCardService_v1.0</con:endpoint><con:request><![CDATA[<soapenv:Envelope xmlns:soapenv="http://schemas.xmlsoap.org/soap/envelope/" xmlns:v1="http://fidus.brussels/service/europeandisabilitycardservice/messages/v1" xmlns:v11="http://fidus.brussels/type/common/messages/v1">
   <soapenv:Header/>
   <soapenv:Body>
      <v1:consultAllCardsRequest>
         <v1:messageContext>
            <v11:messageId>${=import static java.util.UUID.randomUUID; uuid = randomUUID() as String}</v11:messageId>
            <!--Optional:-->
            <v11:timestamp>${=new java.text.SimpleDateFormat("yyyy-MM-dd'T'HH:mm:ss.SSS").format(new Date())}</v11:timestamp>
         </v1:messageContext>
         <v1:legalContext>ServiceIntegrator</v1:legalContext>
         <v1:request>
            <v1:ssin>13020111772</v1:ssin>
         </v1:request>
      </v1:consultAllCardsRequest>
   </soapenv:Body>
</soapenv:Envelope>]]></con:request><con:assertion type="SOAP Fault Assertion" id="e705d832-95ad-4012-8327-09e2d015e8c0" name="Not SOAP Fault"/><con:assertion type="SOAP Response" id="fca9f01b-dc62-49a7-95b7-8e3767ebe5b8" name="SOAP Response"/><con:assertion type="Schema Compliance" id="213c4054-a22b-424f-b785-7689f22890f1" name="Schema Compliance"><con:configuration/></con:assertion><con:wsaConfig action="http://fidus.brussels/services/europeandisabilitycardservice/consultAllCards"/></con:request></con:config></con:testStep><con:testStep type="request" id="0938c229-4a75-44ec-a708-be4d92a6451a" name="testcase03 - Test - LB - Request"><con:settings/><con:config xsi:type="con:RequestStep" xmlns:xsi="http://www.w3.org/2001/XMLSchema-instance"><con:interface>EuropeanDisabilityCardServiceHTTPBinding</con:interface><con:operation>consultAllCards</con:operation><con:request name="testcase03 - Test - LB - Request" id="cceda70c-f3cf-4cf5-ac3b-b9497ca7cbb1" outgoingWss="Outflow TEST"><con:settings/><con:encoding>UTF-8</con:encoding><con:endpoint>https://esb-security-gw.sta.srv.cirb.lan:8443/services/EuropeanDisabilityCardService_v1.0</con:endpoint><con:request><![CDATA[<soapenv:Envelope xmlns:soapenv="http://schemas.xmlsoap.org/soap/envelope/" xmlns:v1="http://fidus.brussels/service/europeandisabilitycardservice/messages/v1" xmlns:v11="http://fidus.brussels/type/common/messages/v1">
   <soapenv:Header/>
   <soapenv:Body>
      <v1:consultAllCardsRequest>
         <v1:messageContext>
            <v11:messageId>${=import static java.util.UUID.randomUUID; uuid = randomUUID() as String}</v11:messageId>
            <!--Optional:-->
            <v11:timestamp>${=new java.text.SimpleDateFormat("yyyy-MM-dd'T'HH:mm:ss.SSS").format(new Date())}</v11:timestamp>
         </v1:messageContext>
         <v1:legalContext>ServiceIntegrator</v1:legalContext>
         <v1:request>
            <v1:ssin>13020111772</v1:ssin>
         </v1:request>
      </v1:consultAllCardsRequest>
   </soapenv:Body>
</soapenv:Envelope>]]></con:request><con:assertion type="SOAP Fault Assertion" id="f74a5476-a439-47d6-b1d1-44a443c54650" name="Not SOAP Fault"/><con:assertion type="SOAP Response" id="0a73d88b-1f4a-44f2-8023-c3a84fa0c042" name="SOAP Response"/><con:assertion type="Schema Compliance" id="5a9c8c4a-1b64-4e6a-956f-0cabea5883cb" name="Schema Compliance"><con:configuration/></con:assertion><con:wsaConfig action="http://fidus.brussels/services/europeandisabilitycardservice/consultAllCards"/></con:request></con:config></con:testStep><con:testStep type="request" id="4320c626-81b8-4d54-afde-d921ef232594" name="testcase03 - Test - Worker1 - Request"><con:settings/><con:config xsi:type="con:RequestStep" xmlns:xsi="http://www.w3.org/2001/XMLSchema-instance"><con:interface>EuropeanDisabilityCardServiceHTTPBinding</con:interface><con:operation>consultAllCards</con:operation><con:request name="testcase03 - Test - Worker1 - Request" id="2185bc1b-53ca-4382-8d37-e26f202ca4a0" outgoingWss="Outflow TEST"><con:settings/><con:encoding>UTF-8</con:encoding><con:endpoint>https://192.168.22.53:8443/services/EuropeanDisabilityCardService_v1.0</con:endpoint><con:request><![CDATA[<soapenv:Envelope xmlns:soapenv="http://schemas.xmlsoap.org/soap/envelope/" xmlns:v1="http://fidus.brussels/service/europeandisabilitycardservice/messages/v1" xmlns:v11="http://fidus.brussels/type/common/messages/v1">
   <soapenv:Header/>
   <soapenv:Body>
      <v1:consultAllCardsRequest>
         <v1:messageContext>
            <v11:messageId>${=import static java.util.UUID.randomUUID; uuid = randomUUID() as String}</v11:messageId>
            <!--Optional:-->
            <v11:timestamp>${=new java.text.SimpleDateFormat("yyyy-MM-dd'T'HH:mm:ss.SSS").format(new Date())}</v11:timestamp>
         </v1:messageContext>
         <v1:legalContext>ServiceIntegrator</v1:legalContext>
         <v1:request>            
            <v1:ssin>89120121658</v1:ssin>
         </v1:request>
      </v1:consultAllCardsRequest>
   </soapenv:Body>
</soapenv:Envelope>]]></con:request><con:assertion type="SOAP Fault Assertion" id="571d4113-68cd-4cc3-b687-cc6067d9ca34" name="Not SOAP Fault"/><con:assertion type="SOAP Response" id="2bc400ad-2b7f-4c4a-9247-d521b05b9c10" name="SOAP Response"/><con:assertion type="Schema Compliance" id="95ca10a5-2486-415f-9b76-4e663ebda102" name="Schema Compliance"><con:configuration/></con:assertion><con:wsaConfig action="http://fidus.brussels/services/europeandisabilitycardservice/consultAllCards"/></con:request></con:config></con:testStep><con:testStep type="request" id="8ffabcc9-6f2a-4c03-a4e5-6047f5006842" name="testcase03 - Test - Worker2 - Request"><con:settings/><con:config xsi:type="con:RequestStep" xmlns:xsi="http://www.w3.org/2001/XMLSchema-instance"><con:interface>EuropeanDisabilityCardServiceHTTPBinding</con:interface><con:operation>consultAllCards</con:operation><con:request name="testcase03 - Test - Worker2 - Request" id="eb15b66b-51bf-4e26-94ff-83f229c75380" outgoingWss="Outflow TEST"><con:settings/><con:encoding>UTF-8</con:encoding><con:endpoint>https://192.168.22.53:8443/services/EuropeanDisabilityCardService_v1.0</con:endpoint><con:request><![CDATA[<soapenv:Envelope xmlns:soapenv="http://schemas.xmlsoap.org/soap/envelope/" xmlns:v1="http://fidus.brussels/service/europeandisabilitycardservice/messages/v1" xmlns:v11="http://fidus.brussels/type/common/messages/v1">
   <soapenv:Header/>
   <soapenv:Body>
      <v1:consultAllCardsRequest>
         <v1:messageContext>
            <v11:messageId>${=import static java.util.UUID.randomUUID; uuid = randomUUID() as String}</v11:messageId>
            <!--Optional:-->
            <v11:timestamp>${=new java.text.SimpleDateFormat("yyyy-MM-dd'T'HH:mm:ss.SSS").format(new Date())}</v11:timestamp>
         </v1:messageContext>
         <v1:legalContext>ServiceIntegrator</v1:legalContext>
         <v1:request>
            <v1:ssin>13020111772</v1:ssin>
         </v1:request>
      </v1:consultAllCardsRequest>
   </soapenv:Body>
</soapenv:Envelope>]]></con:request><con:assertion type="SOAP Fault Assertion" id="a5e150e9-fa1e-4235-9628-533539e5fae4" name="Not SOAP Fault"/><con:assertion type="SOAP Response" id="006c923c-b04b-4392-9d3a-ee1feeae10ee" name="SOAP Response"/><con:assertion type="Schema Compliance" id="8ced8a2c-bf68-4b96-a46f-e53b66179e5e" name="Schema Compliance"><con:configuration/></con:assertion><con:wsaConfig action="http://fidus.brussels/services/europeandisabilitycardservice/consultAllCards"/></con:request></con:config></con:testStep><con:testStep type="request" id="85fb0774-c35d-42ff-8433-628009e2eae8" name="testcase03 - Test - External - InValid_SSIN- Request"><con:settings/><con:config xsi:type="con:RequestStep" xmlns:xsi="http://www.w3.org/2001/XMLSchema-instance"><con:interface>EuropeanDisabilityCardServiceHTTPBinding</con:interface><con:operation>consultAllCards</con:operation><con:request name="testcase03 - Test - External - InValid_SSIN- Request" id="e15fc171-b372-4a75-bd79-7245a367c439" outgoingWss="Outflow TEST"><con:settings/><con:encoding>UTF-8</con:encoding><con:endpoint>https://192.168.24.17:8443/services/EuropeanDisabilityCardService_v1.0</con:endpoint><con:request><![CDATA[<soapenv:Envelope xmlns:soapenv="http://schemas.xmlsoap.org/soap/envelope/" xmlns:v1="http://fidus.brussels/service/europeandisabilitycardservice/messages/v1" xmlns:v11="http://fidus.brussels/type/common/messages/v1">
   <soapenv:Header/>
   <soapenv:Body>
      <v1:consultAllCardsRequest>
         <v1:messageContext>
            <v11:messageId>${=import static java.util.UUID.randomUUID; uuid = randomUUID() as String}</v11:messageId>
            <!--Optional:-->
            <v11:timestamp>${=new java.text.SimpleDateFormat("yyyy-MM-dd'T'HH:mm:ss.SSS").format(new Date())}</v11:timestamp>
         </v1:messageContext>
         <v1:legalContext>ServiceIntegrator</v1:legalContext>
         <v1:request>
            <v1:ssin>23020111772</v1:ssin>
         </v1:request>
      </v1:consultAllCardsRequest>
   </soapenv:Body>
</soapenv:Envelope>]]></con:request><con:assertion type="SOAP Fault Assertion" id="560e2444-31fa-4964-ab2f-580d567e4eb6" name="Not SOAP Fault"/><con:assertion type="SOAP Response" id="add2b25b-8005-477a-82d1-f23fac55c22c" name="SOAP Response"/><con:assertion type="Schema Compliance" id="4ffbc04e-d41f-4302-a8b2-59d32dd3a636" name="Schema Compliance"><con:configuration/></con:assertion><con:wsaConfig action="http://fidus.brussels/services/europeandisabilitycardservice/consultAllCards"/></con:request></con:config></con:testStep><con:testStep type="request" id="c4e2d4c1-3d4e-46b2-874d-b0037d2c6509" name="testcase03 - Test - External - Valid_SSIN_NoExist- Request"><con:settings/><con:config xsi:type="con:RequestStep" xmlns:xsi="http://www.w3.org/2001/XMLSchema-instance"><con:interface>EuropeanDisabilityCardServiceHTTPBinding</con:interface><con:operation>consultAllCards</con:operation><con:request name="testcase03 - Test - External - Valid_SSIN_NoExist- Request" id="c5c8330b-4318-41f8-83ae-ae78f7517f75" outgoingWss="Outflow TEST"><con:settings/><con:encoding>UTF-8</con:encoding><con:endpoint>https://192.168.24.17:8443/services/EuropeanDisabilityCardService_v1.0</con:endpoint><con:request><![CDATA[<soapenv:Envelope xmlns:soapenv="http://schemas.xmlsoap.org/soap/envelope/" xmlns:v1="http://fidus.brussels/service/europeandisabilitycardservice/messages/v1" xmlns:v11="http://fidus.brussels/type/common/messages/v1">
   <soapenv:Header/>
   <soapenv:Body>
      <v1:consultAllCardsRequest>
         <v1:messageContext>
            <v11:messageId>${=import static java.util.UUID.randomUUID; uuid = randomUUID() as String}</v11:messageId>
            <!--Optional:-->
            <v11:timestamp>${=new java.text.SimpleDateFormat("yyyy-MM-dd'T'HH:mm:ss.SSS").format(new Date())}</v11:timestamp>
         </v1:messageContext>
         <v1:legalContext>ServiceIntegrator</v1:legalContext>
         <v1:request>
            <v1:ssin>84072088834</v1:ssin>
         </v1:request>
      </v1:consultAllCardsRequest>
   </soapenv:Body>
</soapenv:Envelope>]]></con:request><con:assertion type="SOAP Fault Assertion" id="8f28b3f6-b54c-4dcf-b280-3fd1c9ea895a" name="Not SOAP Fault"/><con:assertion type="SOAP Response" id="caa9a6b4-c7a3-43ae-a215-8fceab7fdb5a" name="SOAP Response"/><con:assertion type="Schema Compliance" id="5232f316-89de-4ed1-a2af-3ad6c674ced8" name="Schema Compliance"><con:configuration/></con:assertion><con:wsaConfig action="http://fidus.brussels/services/europeandisabilitycardservice/consultAllCards"/></con:request></con:config></con:testStep><con:testStep type="request" id="534f460e-7187-4c15-a297-67d3da26cf63" name="testcase03 - Test - External - Old_SSIN- Request"><con:settings/><con:config xsi:type="con:RequestStep" xmlns:xsi="http://www.w3.org/2001/XMLSchema-instance"><con:interface>EuropeanDisabilityCardServiceHTTPBinding</con:interface><con:operation>consultAllCards</con:operation><con:request name="testcase03 - Test - External - Old_SSIN- Request" id="988fd726-1894-4920-b5fd-f2d627675ece" outgoingWss="Outflow TEST"><con:settings/><con:encoding>UTF-8</con:encoding><con:endpoint>https://192.168.24.17:8443/services/EuropeanDisabilityCardService_v1.0</con:endpoint><con:request><![CDATA[<soapenv:Envelope xmlns:soapenv="http://schemas.xmlsoap.org/soap/envelope/" xmlns:v1="http://fidus.brussels/service/europeandisabilitycardservice/messages/v1" xmlns:v11="http://fidus.brussels/type/common/messages/v1">
   <soapenv:Header/>
   <soapenv:Body>
      <v1:consultAllCardsRequest>
         <v1:messageContext>
            <v11:messageId>${=import static java.util.UUID.randomUUID; uuid = randomUUID() as String}</v11:messageId>
            <!--Optional:-->
            <v11:timestamp>${=new java.text.SimpleDateFormat("yyyy-MM-dd'T'HH:mm:ss.SSS").format(new Date())}</v11:timestamp>
         </v1:messageContext>
         <v1:legalContext>ServiceIntegrator</v1:legalContext>
         <v1:request>
            <v1:ssin>91071662579</v1:ssin>
         </v1:request>
      </v1:consultAllCardsRequest>
   </soapenv:Body>
</soapenv:Envelope>]]></con:request><con:assertion type="SOAP Fault Assertion" id="a98c8e2d-a9dc-4399-b90c-c94837dfcebc" name="Not SOAP Fault"/><con:assertion type="SOAP Response" id="fd1d2a4e-4961-4c3d-9463-2fba7fa54a4f" name="SOAP Response"/><con:assertion type="Schema Compliance" id="d5fdf222-fe98-4b55-a10c-4632d1b186a1" name="Schema Compliance"><con:configuration/></con:assertion><con:wsaConfig action="http://fidus.brussels/services/europeandisabilitycardservice/consultAllCards"/></con:request></con:config></con:testStep><con:testStep type="request" id="5577408f-16b5-429a-bfac-a2bb680f7290" name="testcase03 - Test - External - ActiveCard- Request"><con:settings/><con:config xsi:type="con:RequestStep" xmlns:xsi="http://www.w3.org/2001/XMLSchema-instance"><con:interface>EuropeanDisabilityCardServiceHTTPBinding</con:interface><con:operation>consultAllCards</con:operation><con:request name="testcase03 - Test - External - ActiveCard- Request" id="8c3a6bf5-239c-4db6-9e6b-9f1e51886705" outgoingWss="Outflow TEST"><con:settings/><con:encoding>UTF-8</con:encoding><con:endpoint>https://192.168.24.17:8443/services/EuropeanDisabilityCardService_v1.0</con:endpoint><con:request><![CDATA[<soapenv:Envelope xmlns:soapenv="http://schemas.xmlsoap.org/soap/envelope/" xmlns:v1="http://fidus.brussels/service/europeandisabilitycardservice/messages/v1" xmlns:v11="http://fidus.brussels/type/common/messages/v1">
   <soapenv:Header/>
   <soapenv:Body>
      <v1:consultAllCardsRequest>
         <v1:messageContext>
            <v11:messageId>${=import static java.util.UUID.randomUUID; uuid = randomUUID() as String}</v11:messageId>
            <!--Optional:-->
            <v11:timestamp>${=new java.text.SimpleDateFormat("yyyy-MM-dd'T'HH:mm:ss.SSS").format(new Date())}</v11:timestamp>
         </v1:messageContext>
         <v1:legalContext>ServiceIntegrator</v1:legalContext>
         <v1:request>
            <v1:ssin>10022104563</v1:ssin>
         </v1:request>
      </v1:consultAllCardsRequest>
   </soapenv:Body>
</soapenv:Envelope>]]></con:request><con:assertion type="SOAP Fault Assertion" id="4953f33f-e41e-4afe-b19d-39eb09d42a90" name="Not SOAP Fault"/><con:assertion type="SOAP Response" id="f4aee4cc-4307-419b-adcd-0d45ffee0487" name="SOAP Response"/><con:assertion type="Schema Compliance" id="e5bc51ba-4907-49b6-a6ba-110fa27a343e" name="Schema Compliance"><con:configuration/></con:assertion><con:wsaConfig action="http://fidus.brussels/services/europeandisabilitycardservice/consultAllCards"/></con:request></con:config></con:testStep><con:testStep type="request" id="fd6a6012-c309-4272-afa0-4542f6bc239e" name="testcase03 - Test - External - CancelledSSIN_NoActiveCard- Request"><con:settings/><con:config xsi:type="con:RequestStep" xmlns:xsi="http://www.w3.org/2001/XMLSchema-instance"><con:interface>EuropeanDisabilityCardServiceHTTPBinding</con:interface><con:operation>consultAllCards</con:operation><con:request name="testcase03 - Test - External - CancelledSSIN_NoActiveCard- Request" id="45d542af-a679-4e5b-8028-4c2fd5a862e5" outgoingWss="Outflow TEST"><con:settings/><con:encoding>UTF-8</con:encoding><con:endpoint>https://192.168.24.17:8443/services/EuropeanDisabilityCardService_v1.0</con:endpoint><con:request><![CDATA[<soapenv:Envelope xmlns:soapenv="http://schemas.xmlsoap.org/soap/envelope/" xmlns:v1="http://fidus.brussels/service/europeandisabilitycardservice/messages/v1" xmlns:v11="http://fidus.brussels/type/common/messages/v1">
   <soapenv:Header/>
   <soapenv:Body>
      <v1:consultAllCardsRequest>
         <v1:messageContext>
            <v11:messageId>${=import static java.util.UUID.randomUUID; uuid = randomUUID() as String}</v11:messageId>
            <!--Optional:-->
            <v11:timestamp>${=new java.text.SimpleDateFormat("yyyy-MM-dd'T'HH:mm:ss.SSS").format(new Date())}</v11:timestamp>
         </v1:messageContext>
         <v1:legalContext>ServiceIntegrator</v1:legalContext>
         <v1:request>
            <v1:ssin>49010193967</v1:ssin>
         </v1:request>
      </v1:consultAllCardsRequest>
   </soapenv:Body>
</soapenv:Envelope>]]></con:request><con:assertion type="SOAP Fault Assertion" id="90ad4ef9-53f2-48e8-a59d-8b79bea68b75" name="Not SOAP Fault"/><con:assertion type="SOAP Response" id="966a835f-efe9-4b9d-844b-cf0d0a4647e0" name="SOAP Response"/><con:assertion type="Schema Compliance" id="130bc959-09b5-41cb-800d-63c9e9713c4d" name="Schema Compliance"><con:configuration/></con:assertion><con:wsaConfig action="http://fidus.brussels/services/europeandisabilitycardservice/consultAllCards"/></con:request></con:config></con:testStep><con:testStep type="request" id="9e19fa9e-d648-40b2-9612-481405c3f7d3" name="testcase03 - Test - External - CancelledSSIN_ActiveCard- Request"><con:settings/><con:config xsi:type="con:RequestStep" xmlns:xsi="http://www.w3.org/2001/XMLSchema-instance"><con:interface>EuropeanDisabilityCardServiceHTTPBinding</con:interface><con:operation>consultAllCards</con:operation><con:request name="testcase03 - Test - External - CancelledSSIN_ActiveCard- Request" id="940160af-91cf-4e3e-a9cf-d4d1d8f4af3f" outgoingWss="Outflow TEST"><con:settings/><con:encoding>UTF-8</con:encoding><con:endpoint>https://192.168.24.17:8443/services/EuropeanDisabilityCardService_v1.0</con:endpoint><con:request><![CDATA[<soapenv:Envelope xmlns:soapenv="http://schemas.xmlsoap.org/soap/envelope/" xmlns:v1="http://fidus.brussels/service/europeandisabilitycardservice/messages/v1" xmlns:v11="http://fidus.brussels/type/common/messages/v1">
   <soapenv:Header/>
   <soapenv:Body>
      <v1:consultAllCardsRequest>
         <v1:messageContext>
            <v11:messageId>${=import static java.util.UUID.randomUUID; uuid = randomUUID() as String}</v11:messageId>
            <!--Optional:-->
            <v11:timestamp>${=new java.text.SimpleDateFormat("yyyy-MM-dd'T'HH:mm:ss.SSS").format(new Date())}</v11:timestamp>
         </v1:messageContext>
         <v1:legalContext>ServiceIntegrator</v1:legalContext>
         <v1:request>
            <v1:ssin>89120121658</v1:ssin>
         </v1:request>
      </v1:consultAllCardsRequest>
   </soapenv:Body>
</soapenv:Envelope>]]></con:request><con:assertion type="SOAP Fault Assertion" id="d00e1069-2ed2-48d4-86b3-6e2979081759" name="Not SOAP Fault"/><con:assertion type="SOAP Response" id="fe37418b-e9cc-4f53-b78e-f206c958c1b9" name="SOAP Response"/><con:assertion type="Schema Compliance" id="0b12699d-c826-4533-8023-45532ae1b388" name="Schema Compliance"><con:configuration/></con:assertion><con:wsaConfig action="http://fidus.brussels/services/europeandisabilitycardservice/consultAllCards"/></con:request></con:config></con:testStep><con:testStep type="request" id="1578497d-7f1a-4a9e-ad2b-dde4226f8128" name="testcase03 - Test - External - SSIN_DeceasedPerson_ActiveCard- Request"><con:settings/><con:config xsi:type="con:RequestStep" xmlns:xsi="http://www.w3.org/2001/XMLSchema-instance"><con:interface>EuropeanDisabilityCardServiceHTTPBinding</con:interface><con:operation>consultAllCards</con:operation><con:request name="testcase03 - Test - External - SSIN_DeceasedPerson_ActiveCard- Request" id="ffd1ed96-a4a2-4e8a-b049-2ca2723dda51" outgoingWss="Outflow TEST"><con:settings/><con:encoding>UTF-8</con:encoding><con:endpoint>https://192.168.24.17:8443/services/EuropeanDisabilityCardService_v1.0</con:endpoint><con:request><![CDATA[<soapenv:Envelope xmlns:soapenv="http://schemas.xmlsoap.org/soap/envelope/" xmlns:v1="http://fidus.brussels/service/europeandisabilitycardservice/messages/v1" xmlns:v11="http://fidus.brussels/type/common/messages/v1">
   <soapenv:Header/>
   <soapenv:Body>
      <v1:consultAllCardsRequest>
         <v1:messageContext>
            <v11:messageId>${=import static java.util.UUID.randomUUID; uuid = randomUUID() as String}</v11:messageId>
            <!--Optional:-->
            <v11:timestamp>${=new java.text.SimpleDateFormat("yyyy-MM-dd'T'HH:mm:ss.SSS").format(new Date())}</v11:timestamp>
         </v1:messageContext>
         <v1:legalContext>ServiceIntegrator</v1:legalContext>
         <v1:request>
            <v1:ssin>21033027563</v1:ssin>
         </v1:request>
      </v1:consultAllCardsRequest>
   </soapenv:Body>
</soapenv:Envelope>]]></con:request><con:assertion type="SOAP Fault Assertion" id="331bd6a3-0e65-4b0c-a63c-2df5f06b2b76" name="Not SOAP Fault"/><con:assertion type="SOAP Response" id="82c07b50-6ceb-43aa-9c16-884af11c709a" name="SOAP Response"/><con:assertion type="Schema Compliance" id="5239a4b0-01bc-4360-925d-bc8a52f47661" name="Schema Compliance"><con:configuration/></con:assertion><con:wsaConfig action="http://fidus.brussels/services/europeandisabilitycardservice/consultAllCards"/></con:request></con:config></con:testStep><con:testStep type="request" id="36d777e8-526b-4109-8353-b516e2f410e4" name="testcase03 - Test - External - SSIN_DeceasedPerson_NoActiveCard- Request"><con:settings/><con:config xsi:type="con:RequestStep" xmlns:xsi="http://www.w3.org/2001/XMLSchema-instance"><con:interface>EuropeanDisabilityCardServiceHTTPBinding</con:interface><con:operation>consultAllCards</con:operation><con:request name="testcase03 - Test - External - SSIN_DeceasedPerson_NoActiveCard- Request" id="da938a7e-9e16-42f6-adc7-28fcd761c223" outgoingWss="Outflow TEST"><con:settings/><con:encoding>UTF-8</con:encoding><con:endpoint>https://192.168.24.17:8443/services/EuropeanDisabilityCardService_v1.0</con:endpoint><con:request><![CDATA[<soapenv:Envelope xmlns:soapenv="http://schemas.xmlsoap.org/soap/envelope/" xmlns:v1="http://fidus.brussels/service/europeandisabilitycardservice/messages/v1" xmlns:v11="http://fidus.brussels/type/common/messages/v1">
   <soapenv:Header/>
   <soapenv:Body>
      <v1:consultAllCardsRequest>
         <v1:messageContext>
            <v11:messageId>${=import static java.util.UUID.randomUUID; uuid = randomUUID() as String}</v11:messageId>
            <!--Optional:-->
            <v11:timestamp>${=new java.text.SimpleDateFormat("yyyy-MM-dd'T'HH:mm:ss.SSS").format(new Date())}</v11:timestamp>
         </v1:messageContext>
         <v1:legalContext>ServiceIntegrator</v1:legalContext>
         <v1:request>
            <v1:ssin>18100808031</v1:ssin>
         </v1:request>
      </v1:consultAllCardsRequest>
   </soapenv:Body>
</soapenv:Envelope>]]></con:request><con:assertion type="SOAP Fault Assertion" id="e8f2b4bc-520e-441d-9597-83e4826c6ca7" name="Not SOAP Fault"/><con:assertion type="SOAP Response" id="d26263f4-b78b-43c6-b14b-c9c1c325c416" name="SOAP Response"/><con:assertion type="Schema Compliance" id="f74e254a-fc0e-417e-be66-010b1765001c" name="Schema Compliance"><con:configuration/></con:assertion><con:wsaConfig action="http://fidus.brussels/services/europeandisabilitycardservice/consultAllCards"/></con:request></con:config></con:testStep><con:testStep type="request" id="55e0edd6-e1d2-41e4-b9af-85819b168c2e" name="testcase03 - Test - External - ReturnedCard- Request"><con:settings/><con:config xsi:type="con:RequestStep" xmlns:xsi="http://www.w3.org/2001/XMLSchema-instance"><con:interface>EuropeanDisabilityCardServiceHTTPBinding</con:interface><con:operation>consultAllCards</con:operation><con:request name="testcase03 - Test - External - ReturnedCard- Request" id="067b0ad3-9cb1-4323-bff0-e059b96e6667" outgoingWss="Outflow TEST"><con:settings/><con:encoding>UTF-8</con:encoding><con:endpoint>https://192.168.24.17:8443/services/EuropeanDisabilityCardService_v1.0</con:endpoint><con:request><![CDATA[<soapenv:Envelope xmlns:soapenv="http://schemas.xmlsoap.org/soap/envelope/" xmlns:v1="http://fidus.brussels/service/europeandisabilitycardservice/messages/v1" xmlns:v11="http://fidus.brussels/type/common/messages/v1">
   <soapenv:Header/>
   <soapenv:Body>
      <v1:consultAllCardsRequest>
         <v1:messageContext>
            <v11:messageId>${=import static java.util.UUID.randomUUID; uuid = randomUUID() as String}</v11:messageId>
            <!--Optional:-->
            <v11:timestamp>${=new java.text.SimpleDateFormat("yyyy-MM-dd'T'HH:mm:ss.SSS").format(new Date())}</v11:timestamp>
         </v1:messageContext>
         <v1:legalContext>ServiceIntegrator</v1:legalContext>
         <v1:request>
            <v1:ssin>77020601578</v1:ssin>
         </v1:request>
      </v1:consultAllCardsRequest>
   </soapenv:Body>
</soapenv:Envelope>]]></con:request><con:assertion type="SOAP Fault Assertion" id="c1507ddd-4f0e-469d-afb4-3063ef68be3e" name="Not SOAP Fault"/><con:assertion type="SOAP Response" id="efd22433-302d-496f-8566-cd4846a95e7d" name="SOAP Response"/><con:assertion type="Schema Compliance" id="6255765b-270c-437a-844d-c66593fd129a" name="Schema Compliance"><con:configuration/></con:assertion><con:wsaConfig action="http://fidus.brussels/services/europeandisabilitycardservice/consultAllCards"/></con:request></con:config></con:testStep><con:testStep type="request" id="9ebb0552-a1f3-4aa0-840f-7df7b9c06013" name="testcase03 - Test - External - FailedCard- Request"><con:settings/><con:config xsi:type="con:RequestStep" xmlns:xsi="http://www.w3.org/2001/XMLSchema-instance"><con:interface>EuropeanDisabilityCardServiceHTTPBinding</con:interface><con:operation>consultAllCards</con:operation><con:request name="testcase03 - Test - External - FailedCard- Request" id="b71a72b8-a1a6-4a67-8582-25337789f124" outgoingWss="Outflow TEST"><con:settings/><con:encoding>UTF-8</con:encoding><con:endpoint>https://192.168.24.17:8443/services/EuropeanDisabilityCardService_v1.0</con:endpoint><con:request><![CDATA[<soapenv:Envelope xmlns:soapenv="http://schemas.xmlsoap.org/soap/envelope/" xmlns:v1="http://fidus.brussels/service/europeandisabilitycardservice/messages/v1" xmlns:v11="http://fidus.brussels/type/common/messages/v1">
   <soapenv:Header/>
   <soapenv:Body>
      <v1:consultAllCardsRequest>
         <v1:messageContext>
            <v11:messageId>${=import static java.util.UUID.randomUUID; uuid = randomUUID() as String}</v11:messageId>
            <!--Optional:-->
            <v11:timestamp>${=new java.text.SimpleDateFormat("yyyy-MM-dd'T'HH:mm:ss.SSS").format(new Date())}</v11:timestamp>
         </v1:messageContext>
         <v1:legalContext>ServiceIntegrator</v1:legalContext>
         <v1:request>
            <v1:ssin>77020601578</v1:ssin>
         </v1:request>
      </v1:consultAllCardsRequest>
   </soapenv:Body>
</soapenv:Envelope>]]></con:request><con:assertion type="SOAP Fault Assertion" id="6575d48c-17fe-4aff-9caf-e8f603f535b1" name="Not SOAP Fault"/><con:assertion type="SOAP Response" id="615e8e9f-ff62-41a3-a5af-5365393a9cbe" name="SOAP Response"/><con:assertion type="Schema Compliance" id="bf93b88c-57ee-4add-b72a-72282506aa6e" name="Schema Compliance"><con:configuration/></con:assertion><con:wsaConfig action="http://fidus.brussels/services/europeandisabilitycardservice/consultAllCards"/></con:request></con:config></con:testStep><con:testStep type="request" id="f11ce5cb-d3c0-4472-b20e-dc0ab1cd9d77" name="testcase03 - Test - External - VariousCards- Request"><con:settings/><con:config xsi:type="con:RequestStep" xmlns:xsi="http://www.w3.org/2001/XMLSchema-instance"><con:interface>EuropeanDisabilityCardServiceHTTPBinding</con:interface><con:operation>consultAllCards</con:operation><con:request name="testcase03 - Test - External - VariousCards- Request" id="bae1af79-1284-49c0-a2e9-9c39219ff4bc" outgoingWss="Outflow TEST"><con:settings/><con:encoding>UTF-8</con:encoding><con:endpoint>https://192.168.24.17:8443/services/EuropeanDisabilityCardService_v1.0</con:endpoint><con:request><![CDATA[<soapenv:Envelope xmlns:soapenv="http://schemas.xmlsoap.org/soap/envelope/" xmlns:v1="http://fidus.brussels/service/europeandisabilitycardservice/messages/v1" xmlns:v11="http://fidus.brussels/type/common/messages/v1">
   <soapenv:Header/>
   <soapenv:Body>
      <v1:consultAllCardsRequest>
         <v1:messageContext>
            <v11:messageId>${=import static java.util.UUID.randomUUID; uuid = randomUUID() as String}</v11:messageId>
            <!--Optional:-->
            <v11:timestamp>${=new java.text.SimpleDateFormat("yyyy-MM-dd'T'HH:mm:ss.SSS").format(new Date())}</v11:timestamp>
         </v1:messageContext>
         <v1:legalContext>ServiceIntegrator</v1:legalContext>
         <v1:request>
            <v1:ssin>13020111772</v1:ssin>
         </v1:request>
      </v1:consultAllCardsRequest>
   </soapenv:Body>
</soapenv:Envelope>]]></con:request><con:assertion type="SOAP Fault Assertion" id="16c29ae6-b9df-4d25-8021-312b74eec6bc" name="Not SOAP Fault"/><con:assertion type="SOAP Response" id="782a49b1-5cfb-47fb-a057-932e8b13aad1" name="SOAP Response"/><con:assertion type="Schema Compliance" id="346e0fab-aab3-4373-8322-87f07fd6175a" name="Schema Compliance"><con:configuration/></con:assertion><con:wsaConfig action="http://fidus.brussels/services/europeandisabilitycardservice/consultAllCards"/></con:request></con:config></con:testStep><con:properties/></con:testCase><con:testCase id="e0a0dd16-7b98-4744-b5e2-a1c87b1643e5" failOnError="true" failTestCaseOnErrors="true" keepSession="false" maxResults="0" name="createCard" searchProperties="true"><con:settings/><con:testStep type="request" id="fc077899-2375-4939-b63e-5bb38581e61d" name="testcase03 - Test - External - Radiated_SSIN - Request"><con:settings/><con:config xsi:type="con:RequestStep" xmlns:xsi="http://www.w3.org/2001/XMLSchema-instance"><con:interface>EuropeanDisabilityCardServiceHTTPBinding</con:interface><con:operation>createCard</con:operation><con:request name="testcase03 - Test - External - Radiated_SSIN - Request" id="18bb62e6-5e8c-4068-b4ef-fd1a77ea6ba7" outgoingWss="Outflow TEST"><con:settings/><con:encoding>UTF-8</con:encoding><con:endpoint>https://192.168.24.17:8443/services/EuropeanDisabilityCardService_v1.0</con:endpoint><con:request><![CDATA[<soapenv:Envelope xmlns:soapenv="http://schemas.xmlsoap.org/soap/envelope/" xmlns:v1="http://fidus.brussels/service/europeandisabilitycardservice/messages/v1" xmlns:v11="http://fidus.brussels/type/common/messages/v1">
   <soapenv:Header/>
   <soapenv:Body>
      <v1:createCardRequest>
         <v1:messageContext>
            <v11:messageId>${=import static java.util.UUID.randomUUID; uuid = randomUUID() as String}</v11:messageId>
            <!--Optional:-->
            <v11:timestamp>${=new java.text.SimpleDateFormat("yyyy-MM-dd'T'HH:mm:ss.SSS").format(new Date())}</v11:timestamp>
         </v1:messageContext>
         <v1:legalContext>ServiceIntegrator</v1:legalContext>
         <v1:request>
            <v1:ssin>89040662426</v1:ssin>
            <v1:emittingPartner>0457419435</v1:emittingPartner>
            <v1:language>NL</v1:language>
            <v1:forceCreation>true</v1:forceCreation>
         </v1:request>
      </v1:createCardRequest>
   </soapenv:Body>
</soapenv:Envelope>]]></con:request><con:assertion type="SOAP Fault Assertion" id="d9c001d0-8c23-4143-9c59-ea79a8b7f59e" name="Not SOAP Fault"/><con:assertion type="SOAP Response" id="a74a94b8-c6bb-4cb9-bced-6fc064831e27" name="SOAP Response"/><con:assertion type="Schema Compliance" id="b25c95ef-d126-48c5-9d95-da8f59353f35" name="Schema Compliance"><con:configuration/></con:assertion><con:wsaConfig action="http://fidus.brussels/services/europeandisabilitycardservice/createCard"/></con:request></con:config></con:testStep><con:testStep type="request" id="04b36f1d-d761-4bc8-80ed-2babddb52aa6" name="testcase03 - Test - LB - Request"><con:settings/><con:config xsi:type="con:RequestStep" xmlns:xsi="http://www.w3.org/2001/XMLSchema-instance"><con:interface>EuropeanDisabilityCardServiceHTTPBinding</con:interface><con:operation>createCard</con:operation><con:request name="testcase03 - Test - LB - Request" id="a1c9ea46-b30e-441b-8bbb-c8f82a50eefd" outgoingWss="Outflow TEST"><con:settings/><con:encoding>UTF-8</con:encoding><con:endpoint>https://esb-security-gw.sta.srv.cirb.lan:8443/services/EuropeanDisabilityCardService_v1.0</con:endpoint><con:request><![CDATA[<soapenv:Envelope xmlns:soapenv="http://schemas.xmlsoap.org/soap/envelope/" xmlns:v1="http://fidus.brussels/service/europeandisabilitycardservice/messages/v1" xmlns:v11="http://fidus.brussels/type/common/messages/v1">
   <soapenv:Header/>
   <soapenv:Body>
      <v1:createCardRequest>
         <v1:messageContext>
            <v11:messageId>${=import static java.util.UUID.randomUUID; uuid = randomUUID() as String}</v11:messageId>
            <!--Optional:-->
            <v11:timestamp>${=new java.text.SimpleDateFormat("yyyy-MM-dd'T'HH:mm:ss.SSS").format(new Date())}</v11:timestamp>
         </v1:messageContext>
         <v1:legalContext>ServiceIntegrator</v1:legalContext>
         <v1:request>
            <v1:ssin>84072002128</v1:ssin>
            <v1:emittingPartner>0646877855</v1:emittingPartner>
            <v1:language>NL</v1:language>
            <v1:forceCreation>true</v1:forceCreation>
         </v1:request>
      </v1:createCardRequest>
   </soapenv:Body>
</soapenv:Envelope>]]></con:request><con:assertion type="SOAP Fault Assertion" id="349eaeb0-815f-4de2-8ceb-3c7a08a71531" name="Not SOAP Fault"/><con:assertion type="SOAP Response" id="7f8f28ed-c6eb-46b3-a96a-5c4a164ccfb9" name="SOAP Response"/><con:assertion type="Schema Compliance" id="2b052d6b-66c3-429b-b7af-a747d841dfab" name="Schema Compliance"><con:configuration/></con:assertion><con:wsaConfig action="http://fidus.brussels/services/europeandisabilitycardservice/createCard"/></con:request></con:config></con:testStep><con:testStep type="request" id="0defbe0d-a468-4847-894e-4cda3ee99f23" name="testcase03 - Test - Worker1 - Request"><con:settings/><con:config xsi:type="con:RequestStep" xmlns:xsi="http://www.w3.org/2001/XMLSchema-instance"><con:interface>EuropeanDisabilityCardServiceHTTPBinding</con:interface><con:operation>createCard</con:operation><con:request name="testcase03 - Test - Worker1 - Request" id="66ba1ff9-6e74-4dbc-b872-6a444405f89a" outgoingWss="Outflow TEST"><con:settings/><con:encoding>UTF-8</con:encoding><con:endpoint>https://192.168.22.53:8443/services/EuropeanDisabilityCardService_v1.0</con:endpoint><con:request><![CDATA[<soapenv:Envelope xmlns:soapenv="http://schemas.xmlsoap.org/soap/envelope/" xmlns:v1="http://fidus.brussels/service/europeandisabilitycardservice/messages/v1" xmlns:v11="http://fidus.brussels/type/common/messages/v1">
   <soapenv:Header/>
   <soapenv:Body>
      <v1:createCardRequest>
         <v1:messageContext>
            <v11:messageId>${=import static java.util.UUID.randomUUID; uuid = randomUUID() as String}</v11:messageId>
            <!--Optional:-->
            <v11:timestamp>${=new java.text.SimpleDateFormat("yyyy-MM-dd'T'HH:mm:ss.SSS").format(new Date())}</v11:timestamp>
         </v1:messageContext>
         <v1:legalContext>ServiceIntegrator</v1:legalContext>
         <v1:request>
            <v1:ssin>84072002128</v1:ssin>
            <v1:emittingPartner>0457419435</v1:emittingPartner>
            <v1:language>NL</v1:language>
            <v1:forceCreation>true</v1:forceCreation>
         </v1:request>
      </v1:createCardRequest>
   </soapenv:Body>
</soapenv:Envelope>]]></con:request><con:assertion type="SOAP Fault Assertion" id="a8636e49-c7f1-4f3a-bb69-8126266163bd" name="Not SOAP Fault"/><con:assertion type="SOAP Response" id="616a1c16-f18c-4203-a6ce-8d7cbcb8adf9" name="SOAP Response"/><con:assertion type="Schema Compliance" id="5d82f3cb-b1fb-46cb-9ac7-c5baef05b41d" name="Schema Compliance"><con:configuration/></con:assertion><con:wsaConfig action="http://fidus.brussels/services/europeandisabilitycardservice/createCard"/></con:request></con:config></con:testStep><con:testStep type="request" id="1a90d226-7306-450f-bf4e-4d0857a7e620" name="testcase03 - Test - Worker2 - Request"><con:settings/><con:config xsi:type="con:RequestStep" xmlns:xsi="http://www.w3.org/2001/XMLSchema-instance"><con:interface>EuropeanDisabilityCardServiceHTTPBinding</con:interface><con:operation>createCard</con:operation><con:request name="testcase03 - Test - Worker2 - Request" id="a1569488-0d75-4f48-86df-c59393edebc9" outgoingWss="Outflow TEST"><con:settings/><con:encoding>UTF-8</con:encoding><con:endpoint>https://192.168.22.54:8443/services/EuropeanDisabilityCardService_v1.0</con:endpoint><con:request><![CDATA[<soapenv:Envelope xmlns:soapenv="http://schemas.xmlsoap.org/soap/envelope/" xmlns:v1="http://fidus.brussels/service/europeandisabilitycardservice/messages/v1" xmlns:v11="http://fidus.brussels/type/common/messages/v1">
   <soapenv:Header/>
   <soapenv:Body>
      <v1:createCardRequest>
         <v1:messageContext>
            <v11:messageId>${=import static java.util.UUID.randomUUID; uuid = randomUUID() as String}</v11:messageId>
            <!--Optional:-->
            <v11:timestamp>${=new java.text.SimpleDateFormat("yyyy-MM-dd'T'HH:mm:ss.SSS").format(new Date())}</v11:timestamp>
         </v1:messageContext>
         <v1:legalContext>ServiceIntegrator</v1:legalContext>
         <v1:request>
            <v1:ssin>84072002128</v1:ssin>
            <v1:emittingPartner>0646877855</v1:emittingPartner>
            <v1:language>NL</v1:language>
            <v1:forceCreation>true</v1:forceCreation>
         </v1:request>
      </v1:createCardRequest>
   </soapenv:Body>
</soapenv:Envelope>]]></con:request><con:assertion type="SOAP Fault Assertion" id="5173a6f5-7be7-4f84-9d16-1c9329105cd3" name="Not SOAP Fault"/><con:assertion type="SOAP Response" id="6b7768cd-96f8-475d-9e95-f6c1244a78bc" name="SOAP Response"/><con:assertion type="Schema Compliance" id="89eba1d9-5e9f-4ac9-9d1f-3826a0cefa68" name="Schema Compliance"><con:configuration/></con:assertion><con:wsaConfig action="http://fidus.brussels/services/europeandisabilitycardservice/createCard"/></con:request></con:config></con:testStep><con:testStep type="request" id="0b75b667-47bb-4d6c-b8cb-5cb5e2225fe5" name="testcase03 - Test - External - Cancelled_SSIN - Request"><con:settings/><con:config xsi:type="con:RequestStep" xmlns:xsi="http://www.w3.org/2001/XMLSchema-instance"><con:interface>EuropeanDisabilityCardServiceHTTPBinding</con:interface><con:operation>createCard</con:operation><con:request name="testcase03 - Test - External - Cancelled_SSIN - Request" id="365a3ca2-40b4-4d8b-b78f-97b1a7e30c42" outgoingWss="Outflow TEST"><con:settings/><con:encoding>UTF-8</con:encoding><con:endpoint>https://192.168.24.17:8443/services/EuropeanDisabilityCardService_v1.0</con:endpoint><con:request><![CDATA[<soapenv:Envelope xmlns:soapenv="http://schemas.xmlsoap.org/soap/envelope/" xmlns:v1="http://fidus.brussels/service/europeandisabilitycardservice/messages/v1" xmlns:v11="http://fidus.brussels/type/common/messages/v1">
   <soapenv:Header/>
   <soapenv:Body>
      <v1:createCardRequest>
         <v1:messageContext>
            <v11:messageId>${=import static java.util.UUID.randomUUID; uuid = randomUUID() as String}</v11:messageId>
            <!--Optional:-->
            <v11:timestamp>${=new java.text.SimpleDateFormat("yyyy-MM-dd'T'HH:mm:ss.SSS").format(new Date())}</v11:timestamp>
         </v1:messageContext>
         <v1:legalContext>ServiceIntegrator</v1:legalContext>
         <v1:request>
            <v1:ssin>49010193967</v1:ssin>
            <v1:emittingPartner>0457419435</v1:emittingPartner>
            <v1:language>NL</v1:language>
            <v1:forceCreation>false</v1:forceCreation>
         </v1:request>
      </v1:createCardRequest>
   </soapenv:Body>
</soapenv:Envelope>]]></con:request><con:assertion type="SOAP Fault Assertion" id="e20f2ce4-a043-4495-80b8-591960f87ee7" name="Not SOAP Fault"/><con:assertion type="SOAP Response" id="d7b3099c-a151-47de-b97d-259af0724c48" name="SOAP Response"/><con:assertion type="Schema Compliance" id="0c3c62ea-2258-4c91-b9e0-e081bac75b1e" name="Schema Compliance"><con:configuration/></con:assertion><con:wsaConfig action="http://fidus.brussels/services/europeandisabilitycardservice/createCard"/></con:request></con:config></con:testStep><con:testStep type="request" id="50eea18f-216d-4be5-8d73-d8d6d260ce96" name="testcase03 - Test - External - SSIN_DeceasedPerson - Request"><con:settings/><con:config xsi:type="con:RequestStep" xmlns:xsi="http://www.w3.org/2001/XMLSchema-instance"><con:interface>EuropeanDisabilityCardServiceHTTPBinding</con:interface><con:operation>createCard</con:operation><con:request name="testcase03 - Test - External - SSIN_DeceasedPerson - Request" id="761309c5-0778-44ea-895c-4289bbe859af" outgoingWss="Outflow TEST"><con:settings/><con:encoding>UTF-8</con:encoding><con:endpoint>https://192.168.24.17:8443/services/EuropeanDisabilityCardService_v1.0</con:endpoint><con:request><![CDATA[<soapenv:Envelope xmlns:soapenv="http://schemas.xmlsoap.org/soap/envelope/" xmlns:v1="http://fidus.brussels/service/europeandisabilitycardservice/messages/v1" xmlns:v11="http://fidus.brussels/type/common/messages/v1">
   <soapenv:Header/>
   <soapenv:Body>
      <v1:createCardRequest>
         <v1:messageContext>
            <v11:messageId>${=import static java.util.UUID.randomUUID; uuid = randomUUID() as String}</v11:messageId>
            <!--Optional:-->
            <v11:timestamp>${=new java.text.SimpleDateFormat("yyyy-MM-dd'T'HH:mm:ss.SSS").format(new Date())}</v11:timestamp>
         </v1:messageContext>
         <v1:legalContext>ServiceIntegrator</v1:legalContext>
         <v1:request>
            <v1:ssin>18100808031</v1:ssin>
            <v1:emittingPartner>0457419435</v1:emittingPartner>
            <v1:language>NL</v1:language>
            <v1:forceCreation>false</v1:forceCreation>
         </v1:request>
      </v1:createCardRequest>
   </soapenv:Body>
</soapenv:Envelope>]]></con:request><con:assertion type="SOAP Fault Assertion" id="fa84ca8a-3d8f-4836-ae2f-7cb4e47ef291" name="Not SOAP Fault"/><con:assertion type="SOAP Response" id="76c025c6-49b4-432d-9d7d-0b63c8d03f18" name="SOAP Response"/><con:assertion type="Schema Compliance" id="a7508086-0d6e-4d81-adc0-3e2bb15ec17c" name="Schema Compliance"><con:configuration/></con:assertion><con:wsaConfig action="http://fidus.brussels/services/europeandisabilitycardservice/createCard"/></con:request></con:config></con:testStep><con:testStep type="request" id="51049e2a-3064-412b-83fc-a02ea7edd5dd" name="testcase03 - Test - External - CBE_NotValid_EmittingPartner - Request"><con:settings/><con:config xsi:type="con:RequestStep" xmlns:xsi="http://www.w3.org/2001/XMLSchema-instance"><con:interface>EuropeanDisabilityCardServiceHTTPBinding</con:interface><con:operation>createCard</con:operation><con:request name="testcase03 - Test - External - CBE_NotValid_EmittingPartner - Request" id="d348068d-1bb8-4abd-a708-aa360f3017dd" outgoingWss="Outflow TEST"><con:settings/><con:encoding>UTF-8</con:encoding><con:endpoint>https://192.168.24.17:8443/services/EuropeanDisabilityCardService_v1.0</con:endpoint><con:request><![CDATA[<soapenv:Envelope xmlns:soapenv="http://schemas.xmlsoap.org/soap/envelope/" xmlns:v1="http://fidus.brussels/service/europeandisabilitycardservice/messages/v1" xmlns:v11="http://fidus.brussels/type/common/messages/v1">
   <soapenv:Header/>
   <soapenv:Body>
      <v1:createCardRequest>
         <v1:messageContext>
            <v11:messageId>${=import static java.util.UUID.randomUUID; uuid = randomUUID() as String}</v11:messageId>
            <!--Optional:-->
            <v11:timestamp>${=new java.text.SimpleDateFormat("yyyy-MM-dd'T'HH:mm:ss.SSS").format(new Date())}</v11:timestamp>
         </v1:messageContext>
         <v1:legalContext>ServiceIntegrator</v1:legalContext>
         <v1:request>
            <v1:ssin>50081133058</v1:ssin>
            <v1:emittingPartner>0887164275</v1:emittingPartner>
            <v1:language>NL</v1:language>
            <v1:forceCreation>false</v1:forceCreation>
         </v1:request>
      </v1:createCardRequest>
   </soapenv:Body>
</soapenv:Envelope>]]></con:request><con:assertion type="SOAP Fault Assertion" id="9e54972f-ac3c-450b-a226-50884a628fd9" name="Not SOAP Fault"/><con:assertion type="SOAP Response" id="b4f314f4-6949-4292-bb47-2bc3fa97d69d" name="SOAP Response"/><con:assertion type="Schema Compliance" id="2ff48fcc-cef6-4ba8-ad1f-fa0dd3efd5b7" name="Schema Compliance"><con:configuration/></con:assertion><con:wsaConfig action="http://fidus.brussels/services/europeandisabilitycardservice/createCard"/></con:request></con:config></con:testStep><con:testStep type="request" id="68939d40-4aa2-44bc-a4a8-a7d8826861a3" name="testcase03 - Test - External - ActiveCard_Other_EmittingPartner - Request"><con:settings/><con:config xsi:type="con:RequestStep" xmlns:xsi="http://www.w3.org/2001/XMLSchema-instance"><con:interface>EuropeanDisabilityCardServiceHTTPBinding</con:interface><con:operation>createCard</con:operation><con:request name="testcase03 - Test - External - ActiveCard_Other_EmittingPartner - Request" id="23a880f4-e6e2-4e01-afb5-e0f371b053d8" outgoingWss="Outflow TEST"><con:settings/><con:encoding>UTF-8</con:encoding><con:endpoint>https://192.168.24.17:8443/services/EuropeanDisabilityCardService_v1.0</con:endpoint><con:request><![CDATA[<soapenv:Envelope xmlns:soapenv="http://schemas.xmlsoap.org/soap/envelope/" xmlns:v1="http://fidus.brussels/service/europeandisabilitycardservice/messages/v1" xmlns:v11="http://fidus.brussels/type/common/messages/v1">
   <soapenv:Header/>
   <soapenv:Body>
      <v1:createCardRequest>
         <v1:messageContext>
            <v11:messageId>${=import static java.util.UUID.randomUUID; uuid = randomUUID() as String}</v11:messageId>
            <!--Optional:-->
            <v11:timestamp>${=new java.text.SimpleDateFormat("yyyy-MM-dd'T'HH:mm:ss.SSS").format(new Date())}</v11:timestamp>
         </v1:messageContext>
         <v1:legalContext>ServiceIntegrator</v1:legalContext>
         <v1:request>
            <v1:ssin>50081133058</v1:ssin>
            <v1:emittingPartner>0457419435</v1:emittingPartner>
            <v1:language>NL</v1:language>
            <v1:forceCreation>false</v1:forceCreation>
         </v1:request>
      </v1:createCardRequest>
   </soapenv:Body>
</soapenv:Envelope>]]></con:request><con:assertion type="SOAP Fault Assertion" id="1e036778-baeb-4403-b270-a73b97a373d2" name="Not SOAP Fault"/><con:assertion type="SOAP Response" id="a9ddd7a9-2a39-4c71-a0df-165a52afa3a9" name="SOAP Response"/><con:assertion type="Schema Compliance" id="3aefd9a4-7c66-47ae-81db-a3aef8b0db92" name="Schema Compliance"><con:configuration/></con:assertion><con:wsaConfig action="http://fidus.brussels/services/europeandisabilitycardservice/createCard"/></con:request></con:config></con:testStep><con:testStep type="request" id="5ea2c78e-cfcf-4c73-8484-41e3aad2e3ad" name="testcase03 - Test - External - CreateCard - Request"><con:settings/><con:config xsi:type="con:RequestStep" xmlns:xsi="http://www.w3.org/2001/XMLSchema-instance"><con:interface>EuropeanDisabilityCardServiceHTTPBinding</con:interface><con:operation>createCard</con:operation><con:request name="testcase03 - Test - External - CreateCard - Request" id="fa54c72e-b909-45f9-a48a-33cb73962d24" outgoingWss="Outflow TEST"><con:settings/><con:encoding>UTF-8</con:encoding><con:endpoint>https://192.168.24.17:8443/services/EuropeanDisabilityCardService_v1.0</con:endpoint><con:request><![CDATA[<soapenv:Envelope xmlns:soapenv="http://schemas.xmlsoap.org/soap/envelope/" xmlns:v1="http://fidus.brussels/service/europeandisabilitycardservice/messages/v1" xmlns:v11="http://fidus.brussels/type/common/messages/v1">
   <soapenv:Header/>
   <soapenv:Body>
      <v1:createCardRequest>
         <v1:messageContext>
            <v11:messageId>${=import static java.util.UUID.randomUUID; uuid = randomUUID() as String}</v11:messageId>
            <!--Optional:-->
            <v11:timestamp>${=new java.text.SimpleDateFormat("yyyy-MM-dd'T'HH:mm:ss.SSS").format(new Date())}</v11:timestamp>
         </v1:messageContext>
         <v1:legalContext>ServiceIntegrator</v1:legalContext>
         <v1:request>
            <v1:ssin>91040526866</v1:ssin>
            <v1:emittingPartner>0457419435</v1:emittingPartner>
            <v1:language>NL</v1:language>
            <v1:forceCreation>true</v1:forceCreation>
         </v1:request>
      </v1:createCardRequest>
   </soapenv:Body>
</soapenv:Envelope>]]></con:request><con:assertion type="SOAP Fault Assertion" id="181ce642-12b2-4139-a6ed-403fb2646fba" name="Not SOAP Fault"/><con:assertion type="SOAP Response" id="2c7a3121-6787-4eb8-a9dc-ff813367895c" name="SOAP Response"/><con:assertion type="Schema Compliance" id="079b2ad3-21bd-4f2a-af22-838f76f2beee" name="Schema Compliance"><con:configuration/></con:assertion><con:wsaConfig action="http://fidus.brussels/services/europeandisabilitycardservice/createCard"/></con:request></con:config></con:testStep><con:testStep type="request" id="071611f5-8f04-42f9-9330-286295326a18" name="testcase03 - Test - External - CreateNewCard_CardActive - Request"><con:settings/><con:config xsi:type="con:RequestStep" xmlns:xsi="http://www.w3.org/2001/XMLSchema-instance"><con:interface>EuropeanDisabilityCardServiceHTTPBinding</con:interface><con:operation>createCard</con:operation><con:request name="testcase03 - Test - External - CreateNewCard_CardActive - Request" id="27dd0803-86a8-41ab-bd29-0ce235374f1e" outgoingWss="Outflow TEST"><con:settings/><con:encoding>UTF-8</con:encoding><con:endpoint>https://192.168.24.17:8443/services/EuropeanDisabilityCardService_v1.0</con:endpoint><con:request><![CDATA[<soapenv:Envelope xmlns:soapenv="http://schemas.xmlsoap.org/soap/envelope/" xmlns:v1="http://fidus.brussels/service/europeandisabilitycardservice/messages/v1" xmlns:v11="http://fidus.brussels/type/common/messages/v1">
   <soapenv:Header/>
   <soapenv:Body>
      <v1:createCardRequest>
         <v1:messageContext>
            <v11:messageId>${=import static java.util.UUID.randomUUID; uuid = randomUUID() as String}</v11:messageId>
            <!--Optional:-->
            <v11:timestamp>${=new java.text.SimpleDateFormat("yyyy-MM-dd'T'HH:mm:ss.SSS").format(new Date())}</v11:timestamp>
         </v1:messageContext>
         <v1:legalContext>ServiceIntegrator</v1:legalContext>
         <v1:request>
            <v1:ssin>84010118405</v1:ssin>
            <v1:emittingPartner>0457419435</v1:emittingPartner>
            <v1:language>NL</v1:language>
            <v1:forceCreation>false</v1:forceCreation>
         </v1:request>
      </v1:createCardRequest>
   </soapenv:Body>
</soapenv:Envelope>]]></con:request><con:assertion type="SOAP Fault Assertion" id="b0a148c5-8e2f-4f83-b349-75f384a75750" name="Not SOAP Fault"/><con:assertion type="SOAP Response" id="c7d1c5f0-5dd3-483a-8903-6fa01ffe6614" name="SOAP Response"/><con:assertion type="Schema Compliance" id="d76c9866-8355-47ec-9c8f-f26a8b3c902a" name="Schema Compliance"><con:configuration/></con:assertion><con:wsaConfig action="http://fidus.brussels/services/europeandisabilitycardservice/createCard"/></con:request></con:config></con:testStep><con:testStep type="request" id="e9be6006-bace-461f-aea8-7a23cfbe7383" name="testcase03 - Test - External - ForceCreateNewCard - Request"><con:settings/><con:config xsi:type="con:RequestStep" xmlns:xsi="http://www.w3.org/2001/XMLSchema-instance"><con:interface>EuropeanDisabilityCardServiceHTTPBinding</con:interface><con:operation>createCard</con:operation><con:request name="testcase03 - Test - External - ForceCreateNewCard - Request" id="54f3b728-79be-4389-a055-6f6c7ae35ef7" outgoingWss="Outflow TEST"><con:settings/><con:encoding>UTF-8</con:encoding><con:endpoint>https://192.168.24.17:8443/services/EuropeanDisabilityCardService_v1.0</con:endpoint><con:request><![CDATA[<soapenv:Envelope xmlns:soapenv="http://schemas.xmlsoap.org/soap/envelope/" xmlns:v1="http://fidus.brussels/service/europeandisabilitycardservice/messages/v1" xmlns:v11="http://fidus.brussels/type/common/messages/v1">
   <soapenv:Header/>
   <soapenv:Body>
      <v1:createCardRequest>
         <v1:messageContext>
            <v11:messageId>${=import static java.util.UUID.randomUUID; uuid = randomUUID() as String}</v11:messageId>
            <!--Optional:-->
            <v11:timestamp>${=new java.text.SimpleDateFormat("yyyy-MM-dd'T'HH:mm:ss.SSS").format(new Date())}</v11:timestamp>
         </v1:messageContext>
         <v1:legalContext>ServiceIntegrator</v1:legalContext>
         <v1:request>
            <v1:ssin>50081133058</v1:ssin>
            <v1:emittingPartner>0457419435</v1:emittingPartner>
            <v1:language>NL</v1:language>
            <v1:forceCreation>true</v1:forceCreation>
         </v1:request>
      </v1:createCardRequest>
   </soapenv:Body>
</soapenv:Envelope>]]></con:request><con:assertion type="SOAP Fault Assertion" id="df13b0d3-aa65-44a8-acab-d10defb47640" name="Not SOAP Fault"/><con:assertion type="SOAP Response" id="e3df511e-54d8-4250-adbc-aa091cf694c9" name="SOAP Response"/><con:assertion type="Schema Compliance" id="d27726cc-1b12-47dd-9701-15ad6b862be1" name="Schema Compliance"><con:configuration/></con:assertion><con:wsaConfig action="http://fidus.brussels/services/europeandisabilitycardservice/createCard"/></con:request></con:config></con:testStep><con:testStep type="request" id="d72dfd9d-4436-47bb-9f99-c8e9da8363c2" name="testcase03 - Test - External - 30.ForceCreateNewCard - Request"><con:settings/><con:config xsi:type="con:RequestStep" xmlns:xsi="http://www.w3.org/2001/XMLSchema-instance"><con:interface>EuropeanDisabilityCardServiceHTTPBinding</con:interface><con:operation>createCard</con:operation><con:request name="testcase03 - Test - External - 30.ForceCreateNewCard - Request" id="7afeb663-b945-4ee7-9fc5-100c1cbb21a5" outgoingWss="Outflow TEST"><con:settings/><con:encoding>UTF-8</con:encoding><con:endpoint>https://192.168.24.17:8443/services/EuropeanDisabilityCardService_v1.0</con:endpoint><con:request><![CDATA[<soapenv:Envelope xmlns:soapenv="http://schemas.xmlsoap.org/soap/envelope/" xmlns:v1="http://fidus.brussels/service/europeandisabilitycardservice/messages/v1" xmlns:v11="http://fidus.brussels/type/common/messages/v1">
   <soapenv:Header/>
   <soapenv:Body>
      <v1:createCardRequest>
         <v1:messageContext>
            <v11:messageId>${=import static java.util.UUID.randomUUID; uuid = randomUUID() as String}</v11:messageId>
            <!--Optional:-->
            <v11:timestamp>${=new java.text.SimpleDateFormat("yyyy-MM-dd'T'HH:mm:ss.SSS").format(new Date())}</v11:timestamp>
         </v1:messageContext>
         <v1:legalContext>ServiceIntegrator</v1:legalContext>
         <v1:request>
            <v1:ssin>67052624133</v1:ssin>
            <v1:emittingPartner>0457419435</v1:emittingPartner>
            <v1:language>NL</v1:language>
            <v1:forceCreation>true</v1:forceCreation>
         </v1:request>
      </v1:createCardRequest>
   </soapenv:Body>
</soapenv:Envelope>]]></con:request><con:assertion type="SOAP Fault Assertion" id="451ca3a8-7f3c-4ab4-9daf-b51817ad4812" name="Not SOAP Fault"/><con:assertion type="SOAP Response" id="c3937154-7d93-4e7d-910f-0840ddd7d98e" name="SOAP Response"/><con:assertion type="Schema Compliance" id="e4dcbdc1-a9fe-4802-a9d7-53d7a6e944e4" name="Schema Compliance"><con:configuration/></con:assertion><con:wsaConfig action="http://fidus.brussels/services/europeandisabilitycardservice/createCard"/></con:request></con:config></con:testStep><con:testStep type="request" id="86f939b9-c037-497d-906e-f20a2b4e33a4" name="testcase03 - Test - External - 31.CreateCard_CancelledCard - Request"><con:settings/><con:config xsi:type="con:RequestStep" xmlns:xsi="http://www.w3.org/2001/XMLSchema-instance"><con:interface>EuropeanDisabilityCardServiceHTTPBinding</con:interface><con:operation>createCard</con:operation><con:request name="testcase03 - Test - External - 31.CreateCard_CancelledCard - Request" id="70e7de9d-8ed3-4407-8f29-12fc6cd23d3b" outgoingWss="Outflow TEST"><con:settings/><con:encoding>UTF-8</con:encoding><con:endpoint>https://192.168.24.17:8443/services/EuropeanDisabilityCardService_v1.0</con:endpoint><con:request><![CDATA[<soapenv:Envelope xmlns:soapenv="http://schemas.xmlsoap.org/soap/envelope/" xmlns:v1="http://fidus.brussels/service/europeandisabilitycardservice/messages/v1" xmlns:v11="http://fidus.brussels/type/common/messages/v1">
   <soapenv:Header/>
   <soapenv:Body>
      <v1:createCardRequest>
         <v1:messageContext>
            <v11:messageId>${=import static java.util.UUID.randomUUID; uuid = randomUUID() as String}</v11:messageId>
            <!--Optional:-->
            <v11:timestamp>${=new java.text.SimpleDateFormat("yyyy-MM-dd'T'HH:mm:ss.SSS").format(new Date())}</v11:timestamp>
         </v1:messageContext>
         <v1:legalContext>ServiceIntegrator</v1:legalContext>
         <v1:request>
            <v1:ssin>64061324572</v1:ssin>
            <v1:emittingPartner>0457419435</v1:emittingPartner>
            <v1:language>NL</v1:language>
            <v1:forceCreation>false</v1:forceCreation>
         </v1:request>
      </v1:createCardRequest>
   </soapenv:Body>
</soapenv:Envelope>]]></con:request><con:assertion type="SOAP Fault Assertion" id="6d3543b3-38ed-44fa-b446-cc73ef82ba85" name="Not SOAP Fault"/><con:assertion type="SOAP Response" id="85ad6576-fe74-4a09-b9bb-5555189b29e4" name="SOAP Response"/><con:assertion type="Schema Compliance" id="be978053-7adc-4a28-b10b-3b543c34d94d" name="Schema Compliance"><con:configuration/></con:assertion><con:wsaConfig action="http://fidus.brussels/services/europeandisabilitycardservice/createCard"/></con:request></con:config></con:testStep><con:testStep type="request" id="b34590c8-b0dc-417d-a0fc-310d7f8e322a" name="testcase03 - Test - External - 32.ForcedCreateCard_ActiveCard - Request"><con:settings/><con:config xsi:type="con:RequestStep" xmlns:xsi="http://www.w3.org/2001/XMLSchema-instance"><con:interface>EuropeanDisabilityCardServiceHTTPBinding</con:interface><con:operation>createCard</con:operation><con:request name="testcase03 - Test - External - 32.ForcedCreateCard_ActiveCard - Request" id="0250c7e5-7cbe-4597-9eea-4e90c3882e05" outgoingWss="Outflow TEST"><con:settings/><con:encoding>UTF-8</con:encoding><con:endpoint>https://192.168.24.17:8443/services/EuropeanDisabilityCardService_v1.0</con:endpoint><con:request><![CDATA[<soapenv:Envelope xmlns:soapenv="http://schemas.xmlsoap.org/soap/envelope/" xmlns:v1="http://fidus.brussels/service/europeandisabilitycardservice/messages/v1" xmlns:v11="http://fidus.brussels/type/common/messages/v1">
   <soapenv:Header/>
   <soapenv:Body>
      <v1:createCardRequest>
         <v1:messageContext>
            <v11:messageId>${=import static java.util.UUID.randomUUID; uuid = randomUUID() as String}</v11:messageId>
            <!--Optional:-->
            <v11:timestamp>${=new java.text.SimpleDateFormat("yyyy-MM-dd'T'HH:mm:ss.SSS").format(new Date())}</v11:timestamp>
         </v1:messageContext>
         <v1:legalContext>ServiceIntegrator</v1:legalContext>
         <v1:request>
            <v1:ssin>64061324572</v1:ssin>
            <v1:emittingPartner>0457419435</v1:emittingPartner>
            <v1:language>NL</v1:language>
            <v1:forceCreation>true</v1:forceCreation>
         </v1:request>
      </v1:createCardRequest>
   </soapenv:Body>
</soapenv:Envelope>]]></con:request><con:assertion type="SOAP Fault Assertion" id="7279d030-f627-4a7e-ad2f-32e1b82b2488" name="Not SOAP Fault"/><con:assertion type="SOAP Response" id="14f5dd97-a01d-4157-a9a3-f196e77750b2" name="SOAP Response"/><con:assertion type="Schema Compliance" id="f8dc4e6e-60a6-4d81-87dc-9e527f24670d" name="Schema Compliance"><con:configuration/></con:assertion><con:wsaConfig action="http://fidus.brussels/services/europeandisabilitycardservice/createCard"/></con:request></con:config></con:testStep><con:properties/></con:testCase><con:testCase id="70c6279f-688e-4a60-8f88-3a49f70afa58" failOnError="true" failTestCaseOnErrors="true" keepSession="false" maxResults="0" name="stopOrCancelCard" searchProperties="true"><con:settings/><con:testStep type="request" id="e32f0106-a956-4dec-b4f7-81e13fa786c6" name="testcase03 - Test - External - 35.CBE_NoValidEmittingPartner - Request"><con:settings/><con:config xsi:type="con:RequestStep" xmlns:xsi="http://www.w3.org/2001/XMLSchema-instance"><con:interface>EuropeanDisabilityCardServiceHTTPBinding</con:interface><con:operation>stopOrCancelCard</con:operation><con:request name="testcase03 - Test - External - 35.CBE_NoValidEmittingPartner - Request" id="a2ec1702-ebc4-4d8b-b074-c065fdc4a403" outgoingWss="Outflow TEST"><con:settings/><con:encoding>UTF-8</con:encoding><con:endpoint>https://192.168.24.17:8443/services/EuropeanDisabilityCardService_v1.0</con:endpoint><con:request><![CDATA[<soapenv:Envelope xmlns:soapenv="http://schemas.xmlsoap.org/soap/envelope/" xmlns:v1="http://fidus.brussels/service/europeandisabilitycardservice/messages/v1" xmlns:v11="http://fidus.brussels/type/common/messages/v1">
   <soapenv:Header/>
   <soapenv:Body>
      <v1:stopOrCancelCardRequest>
         <v1:messageContext>
            <v11:messageId>${=import static java.util.UUID.randomUUID; uuid = randomUUID() as String}</v11:messageId>
            <!--Optional:-->
            <v11:timestamp>${=new java.text.SimpleDateFormat("yyyy-MM-dd'T'HH:mm:ss.SSS").format(new Date())}</v11:timestamp>
         </v1:messageContext>
         <v1:legalContext>ServiceIntegrator</v1:legalContext>
         <v1:request>            
            <v1:cardNumber>10000000115</v1:cardNumber>
            <v1:emittingPartner>0646877855</v1:emittingPartner>
         </v1:request>
      </v1:stopOrCancelCardRequest>
   </soapenv:Body>
</soapenv:Envelope>]]></con:request><con:assertion type="SOAP Fault Assertion" id="13f63cf2-0e34-4a1b-ad09-edf3ca4231dc" name="Not SOAP Fault"/><con:assertion type="SOAP Response" id="a9604c83-2f98-4965-90a5-fc2732ee7f36" name="SOAP Response"/><con:assertion type="Schema Compliance" id="e0106bc9-6c3b-490c-ad02-a7197f930f26" name="Schema Compliance"><con:configuration/></con:assertion><con:wsaConfig action="http://fidus.brussels/services/europeandisabilitycardservice/stopOrCancelCard"/></con:request></con:config></con:testStep><con:testStep type="request" id="5b66c0d7-8392-4e31-8905-41202ae3c3bc" name="testcase03 - Test - LB - Request"><con:settings/><con:config xsi:type="con:RequestStep" xmlns:xsi="http://www.w3.org/2001/XMLSchema-instance"><con:interface>EuropeanDisabilityCardServiceHTTPBinding</con:interface><con:operation>stopOrCancelCard</con:operation><con:request name="testcase03 - Test - LB - Request" id="cfdf89ae-3827-4f6d-a9c8-769dd8916489" outgoingWss="Outflow TEST"><con:settings/><con:encoding>UTF-8</con:encoding><con:endpoint>https://esb-security-gw.sta.srv.cirb.lan:8443/services/EuropeanDisabilityCardService_v1.0</con:endpoint><con:request><![CDATA[<soapenv:Envelope xmlns:soapenv="http://schemas.xmlsoap.org/soap/envelope/" xmlns:v1="http://fidus.brussels/service/europeandisabilitycardservice/messages/v1" xmlns:v11="http://fidus.brussels/type/common/messages/v1">
   <soapenv:Header/>
   <soapenv:Body>
      <v1:stopOrCancelCardRequest>
         <v1:messageContext>
            <v11:messageId>${=import static java.util.UUID.randomUUID; uuid = randomUUID() as String}</v11:messageId>
            <!--Optional:-->
            <v11:timestamp>${=new java.text.SimpleDateFormat("yyyy-MM-dd'T'HH:mm:ss.SSS").format(new Date())}</v11:timestamp>
         </v1:messageContext>
         <v1:legalContext>ServiceIntegrator</v1:legalContext>
         <v1:request>            
            <v1:cardNumber>10000000115</v1:cardNumber>
            <v1:emittingPartner>0646877855</v1:emittingPartner>
         </v1:request>
      </v1:stopOrCancelCardRequest>
   </soapenv:Body>
</soapenv:Envelope>]]></con:request><con:assertion type="SOAP Fault Assertion" id="11e27539-bde5-4b69-aa13-c02da8001b80" name="Not SOAP Fault"/><con:assertion type="SOAP Response" id="6e756750-2f68-40a7-ae45-eb00302738bd" name="SOAP Response"/><con:assertion type="Schema Compliance" id="c4708edd-cb8b-427f-9515-1f3d9d4615f6" name="Schema Compliance"><con:configuration/></con:assertion><con:wsaConfig action="http://fidus.brussels/services/europeandisabilitycardservice/stopOrCancelCard"/></con:request></con:config></con:testStep><con:testStep type="request" id="a127f90e-97f4-43b7-88b3-0947ab6d133f" name="testcase03 - Test - Worker1 - Request"><con:settings/><con:config xsi:type="con:RequestStep" xmlns:xsi="http://www.w3.org/2001/XMLSchema-instance"><con:interface>EuropeanDisabilityCardServiceHTTPBinding</con:interface><con:operation>stopOrCancelCard</con:operation><con:request name="testcase03 - Test - Worker1 - Request" id="860e2bb3-d1bf-40e9-92dd-f4c8f3e46227" outgoingWss="Outflow TEST"><con:settings/><con:encoding>UTF-8</con:encoding><con:endpoint>https://192.168.22.53:8443/services/EuropeanDisabilityCardService_v1.0</con:endpoint><con:request><![CDATA[<soapenv:Envelope xmlns:soapenv="http://schemas.xmlsoap.org/soap/envelope/" xmlns:v1="http://fidus.brussels/service/europeandisabilitycardservice/messages/v1" xmlns:v11="http://fidus.brussels/type/common/messages/v1">
   <soapenv:Header/>
   <soapenv:Body>
      <v1:stopOrCancelCardRequest>
         <v1:messageContext>
            <v11:messageId>${=import static java.util.UUID.randomUUID; uuid = randomUUID() as String}</v11:messageId>
            <!--Optional:-->
            <v11:timestamp>${=new java.text.SimpleDateFormat("yyyy-MM-dd'T'HH:mm:ss.SSS").format(new Date())}</v11:timestamp>
         </v1:messageContext>
         <v1:legalContext>ServiceIntegrator</v1:legalContext>
         <v1:request>            
            <v1:cardNumber>10000000115</v1:cardNumber>
            <v1:emittingPartner>0646877855</v1:emittingPartner>
         </v1:request>
      </v1:stopOrCancelCardRequest>
   </soapenv:Body>
</soapenv:Envelope>]]></con:request><con:assertion type="SOAP Fault Assertion" id="ba09e8fc-8d65-4373-9ade-af74b57a2602" name="Not SOAP Fault"/><con:assertion type="SOAP Response" id="0549b2d6-d825-4f0d-9c9f-7ad87e9d5322" name="SOAP Response"/><con:assertion type="Schema Compliance" id="d4d1160a-5115-4625-845c-137abddd4306" name="Schema Compliance"><con:configuration/></con:assertion><con:wsaConfig action="http://fidus.brussels/services/europeandisabilitycardservice/stopOrCancelCard"/></con:request></con:config></con:testStep><con:testStep type="request" id="1a14daf3-801d-4d44-96d4-83af934a1c45" name="testcase03 - Test - Worker2 - Request"><con:settings/><con:config xsi:type="con:RequestStep" xmlns:xsi="http://www.w3.org/2001/XMLSchema-instance"><con:interface>EuropeanDisabilityCardServiceHTTPBinding</con:interface><con:operation>stopOrCancelCard</con:operation><con:request name="testcase03 - Test - Worker2 - Request" id="b4b46cba-e926-4ecc-8c13-21219d98de3f" outgoingWss="Outflow TEST"><con:settings/><con:encoding>UTF-8</con:encoding><con:endpoint>https://192.168.22.54:8443/services/EuropeanDisabilityCardService_v1.0</con:endpoint><con:request><![CDATA[<soapenv:Envelope xmlns:soapenv="http://schemas.xmlsoap.org/soap/envelope/" xmlns:v1="http://fidus.brussels/service/europeandisabilitycardservice/messages/v1" xmlns:v11="http://fidus.brussels/type/common/messages/v1">
   <soapenv:Header/>
   <soapenv:Body>
      <v1:stopOrCancelCardRequest>
         <v1:messageContext>
            <v11:messageId>${=import static java.util.UUID.randomUUID; uuid = randomUUID() as String}</v11:messageId>
            <!--Optional:-->
            <v11:timestamp>${=new java.text.SimpleDateFormat("yyyy-MM-dd'T'HH:mm:ss.SSS").format(new Date())}</v11:timestamp>
         </v1:messageContext>
         <v1:legalContext>ServiceIntegrator</v1:legalContext>
         <v1:request>            
            <v1:cardNumber>10000000115</v1:cardNumber>
            <v1:emittingPartner>0646877855</v1:emittingPartner>
         </v1:request>
      </v1:stopOrCancelCardRequest>
   </soapenv:Body>
</soapenv:Envelope>]]></con:request><con:assertion type="SOAP Fault Assertion" id="4601f290-5ab6-4957-81d1-b12da88bac99" name="Not SOAP Fault"/><con:assertion type="SOAP Response" id="f6fcb4d3-932c-449a-84b2-2644c8328110" name="SOAP Response"/><con:assertion type="Schema Compliance" id="30422c20-9b0a-42ec-bc1e-89dce2e9b613" name="Schema Compliance"><con:configuration/></con:assertion><con:wsaConfig action="http://fidus.brussels/services/europeandisabilitycardservice/stopOrCancelCard"/></con:request></con:config></con:testStep><con:testStep type="request" id="70078ad0-4c88-4c39-b8db-281cf9212864" name="testcase03 - Test - External - 36.Cardnr_notExist - Request"><con:settings/><con:config xsi:type="con:RequestStep" xmlns:xsi="http://www.w3.org/2001/XMLSchema-instance"><con:interface>EuropeanDisabilityCardServiceHTTPBinding</con:interface><con:operation>stopOrCancelCard</con:operation><con:request name="testcase03 - Test - External - 36.Cardnr_notExist - Request" id="06bfe281-88c6-4652-a8f2-6d8954d37536" outgoingWss="Outflow TEST"><con:settings/><con:encoding>UTF-8</con:encoding><con:endpoint>https://192.168.24.17:8443/services/EuropeanDisabilityCardService_v1.0</con:endpoint><con:request><![CDATA[<soapenv:Envelope xmlns:soapenv="http://schemas.xmlsoap.org/soap/envelope/" xmlns:v1="http://fidus.brussels/service/europeandisabilitycardservice/messages/v1" xmlns:v11="http://fidus.brussels/type/common/messages/v1">
   <soapenv:Header/>
   <soapenv:Body>
      <v1:stopOrCancelCardRequest>
         <v1:messageContext>
            <v11:messageId>${=import static java.util.UUID.randomUUID; uuid = randomUUID() as String}</v11:messageId>
            <!--Optional:-->
            <v11:timestamp>${=new java.text.SimpleDateFormat("yyyy-MM-dd'T'HH:mm:ss.SSS").format(new Date())}</v11:timestamp>
         </v1:messageContext>
         <v1:legalContext>ServiceIntegrator</v1:legalContext>
         <v1:request>            
            <v1:cardNumber>10000008726</v1:cardNumber>
            <v1:emittingPartner>0457419435</v1:emittingPartner>
         </v1:request>
      </v1:stopOrCancelCardRequest>
   </soapenv:Body>
</soapenv:Envelope>]]></con:request><con:assertion type="SOAP Fault Assertion" id="d07f0ed5-97a9-48ae-8049-accf66c7dc0f" name="Not SOAP Fault"/><con:assertion type="SOAP Response" id="0ebffcb4-0dec-400b-b517-e652fa43b17f" name="SOAP Response"/><con:assertion type="Schema Compliance" id="e248c51c-8537-4f50-8ebf-71343f9b0227" name="Schema Compliance"><con:configuration/></con:assertion><con:wsaConfig action="http://fidus.brussels/services/europeandisabilitycardservice/stopOrCancelCard"/></con:request></con:config></con:testStep><con:testStep type="request" id="d36107bd-48bd-4d4b-98e8-92b2f8decb4f" name="testcase03 - Test - External - CancelledCard - Request"><con:settings/><con:config xsi:type="con:RequestStep" xmlns:xsi="http://www.w3.org/2001/XMLSchema-instance"><con:interface>EuropeanDisabilityCardServiceHTTPBinding</con:interface><con:operation>stopOrCancelCard</con:operation><con:request name="testcase03 - Test - External - CancelledCard - Request" id="b4c61d81-dfa3-4c97-a0eb-894fac275b1f" outgoingWss="Outflow TEST"><con:settings/><con:encoding>UTF-8</con:encoding><con:endpoint>https://192.168.24.17:8443/services/EuropeanDisabilityCardService_v1.0</con:endpoint><con:request><![CDATA[<soapenv:Envelope xmlns:soapenv="http://schemas.xmlsoap.org/soap/envelope/" xmlns:v1="http://fidus.brussels/service/europeandisabilitycardservice/messages/v1" xmlns:v11="http://fidus.brussels/type/common/messages/v1">
   <soapenv:Header/>
   <soapenv:Body>
      <v1:stopOrCancelCardRequest>
         <v1:messageContext>
            <v11:messageId>${=import static java.util.UUID.randomUUID; uuid = randomUUID() as String}</v11:messageId>
            <!--Optional:-->
            <v11:timestamp>${=new java.text.SimpleDateFormat("yyyy-MM-dd'T'HH:mm:ss.SSS").format(new Date())}</v11:timestamp>
         </v1:messageContext>
         <v1:legalContext>ServiceIntegrator</v1:legalContext>
         <v1:request>            
            <v1:cardNumber>10000018426</v1:cardNumber>
            <v1:emittingPartner>0457419435</v1:emittingPartner>
         </v1:request>
      </v1:stopOrCancelCardRequest>
   </soapenv:Body>
</soapenv:Envelope>]]></con:request><con:assertion type="SOAP Fault Assertion" id="b12fb5c9-a4e0-44c0-a953-79677842ef34" name="Not SOAP Fault"/><con:assertion type="SOAP Response" id="6159ebeb-6cb5-4dcc-b46f-ae6a445b2305" name="SOAP Response"/><con:assertion type="Schema Compliance" id="bdbf58b1-5b34-4a46-80ec-b3a47133ce10" name="Schema Compliance"><con:configuration/></con:assertion><con:wsaConfig action="http://fidus.brussels/services/europeandisabilitycardservice/stopOrCancelCard"/></con:request></con:config></con:testStep><con:testStep type="request" id="74993238-0717-4361-9cea-03c2426d738c" name="testcase03 - Test - External - Cancel_ActiveCard - Request"><con:settings/><con:config xsi:type="con:RequestStep" xmlns:xsi="http://www.w3.org/2001/XMLSchema-instance"><con:interface>EuropeanDisabilityCardServiceHTTPBinding</con:interface><con:operation>stopOrCancelCard</con:operation><con:request name="testcase03 - Test - External - Cancel_ActiveCard - Request" id="03898eb7-0dba-4dc0-9791-84341a2a73c6" outgoingWss="Outflow TEST"><con:settings/><con:encoding>UTF-8</con:encoding><con:endpoint>https://192.168.24.17:8443/services/EuropeanDisabilityCardService_v1.0</con:endpoint><con:request><![CDATA[<soapenv:Envelope xmlns:soapenv="http://schemas.xmlsoap.org/soap/envelope/" xmlns:v1="http://fidus.brussels/service/europeandisabilitycardservice/messages/v1" xmlns:v11="http://fidus.brussels/type/common/messages/v1">
   <soapenv:Header/>
   <soapenv:Body>
      <v1:stopOrCancelCardRequest>
         <v1:messageContext>
            <v11:messageId>${=import static java.util.UUID.randomUUID; uuid = randomUUID() as String}</v11:messageId>
            <!--Optional:-->
            <v11:timestamp>${=new java.text.SimpleDateFormat("yyyy-MM-dd'T'HH:mm:ss.SSS").format(new Date())}</v11:timestamp>
         </v1:messageContext>
         <v1:legalContext>ServiceIntegrator</v1:legalContext>
         <v1:request>            
            <v1:cardNumber>10000018921</v1:cardNumber>
            <v1:emittingPartner>0457419435</v1:emittingPartner>
         </v1:request>
      </v1:stopOrCancelCardRequest>
   </soapenv:Body>
</soapenv:Envelope>]]></con:request><con:assertion type="SOAP Fault Assertion" id="532638a0-cf23-49da-8769-272987c7d916" name="Not SOAP Fault"/><con:assertion type="SOAP Response" id="b506d3b0-ffd0-4d2a-a387-3ba7692a6abe" name="SOAP Response"/><con:assertion type="Schema Compliance" id="e2d54014-04a6-4501-946e-b76b9e7999e2" name="Schema Compliance"><con:configuration/></con:assertion><con:wsaConfig action="http://fidus.brussels/services/europeandisabilitycardservice/stopOrCancelCard"/></con:request></con:config></con:testStep><con:testStep type="request" id="4cea67f8-c944-4353-bd49-ef7fbeaa1bbf" name="testcase03 - Test - External - 37.Cancel_CancelledCard - Request"><con:settings/><con:config xsi:type="con:RequestStep" xmlns:xsi="http://www.w3.org/2001/XMLSchema-instance"><con:interface>EuropeanDisabilityCardServiceHTTPBinding</con:interface><con:operation>stopOrCancelCard</con:operation><con:request name="testcase03 - Test - External - 37.Cancel_CancelledCard - Request" id="90805365-3d5b-4cea-b8f9-521cd988dfa6" outgoingWss="Outflow TEST"><con:settings/><con:encoding>UTF-8</con:encoding><con:endpoint>https://192.168.24.17:8443/services/EuropeanDisabilityCardService_v1.0</con:endpoint><con:request><![CDATA[<soapenv:Envelope xmlns:soapenv="http://schemas.xmlsoap.org/soap/envelope/" xmlns:v1="http://fidus.brussels/service/europeandisabilitycardservice/messages/v1" xmlns:v11="http://fidus.brussels/type/common/messages/v1">
   <soapenv:Header/>
   <soapenv:Body>
      <v1:stopOrCancelCardRequest>
         <v1:messageContext>
            <v11:messageId>${=import static java.util.UUID.randomUUID; uuid = randomUUID() as String}</v11:messageId>
            <!--Optional:-->
            <v11:timestamp>${=new java.text.SimpleDateFormat("yyyy-MM-dd'T'HH:mm:ss.SSS").format(new Date())}</v11:timestamp>
         </v1:messageContext>
         <v1:legalContext>ServiceIntegrator</v1:legalContext>
         <v1:request>            
            <v1:cardNumber>10000007142</v1:cardNumber>
            <v1:emittingPartner>0457419435</v1:emittingPartner>
         </v1:request>
      </v1:stopOrCancelCardRequest>
   </soapenv:Body>
</soapenv:Envelope>]]></con:request><con:assertion type="SOAP Fault Assertion" id="bdda201b-199a-4f79-858d-df34f96985d0" name="Not SOAP Fault"/><con:assertion type="SOAP Response" id="2b79889a-26cc-447e-b707-521d25d50370" name="SOAP Response"/><con:assertion type="Schema Compliance" id="89dc22a0-66ce-4a7e-b901-a2b7dd69b2de" name="Schema Compliance"><con:configuration/></con:assertion><con:wsaConfig action="http://fidus.brussels/services/europeandisabilitycardservice/stopOrCancelCard"/></con:request></con:config></con:testStep><con:testStep type="request" id="ab61fd63-62a7-4a7a-88c6-00b8a27f4e8b" name="testcase03 - Test - External - 38.Cancel_ActiveCard - Request"><con:settings/><con:config xsi:type="con:RequestStep" xmlns:xsi="http://www.w3.org/2001/XMLSchema-instance"><con:interface>EuropeanDisabilityCardServiceHTTPBinding</con:interface><con:operation>stopOrCancelCard</con:operation><con:request name="testcase03 - Test - External - 38.Cancel_ActiveCard - Request" id="2ac7a55c-6c8d-40bd-a21d-0360679f4a23" outgoingWss="Outflow TEST"><con:settings/><con:encoding>UTF-8</con:encoding><con:endpoint>https://192.168.24.17:8443/services/EuropeanDisabilityCardService_v1.0</con:endpoint><con:request><![CDATA[<soapenv:Envelope xmlns:soapenv="http://schemas.xmlsoap.org/soap/envelope/" xmlns:v1="http://fidus.brussels/service/europeandisabilitycardservice/messages/v1" xmlns:v11="http://fidus.brussels/type/common/messages/v1">
   <soapenv:Header/>
   <soapenv:Body>
      <v1:stopOrCancelCardRequest>
         <v1:messageContext>
            <v11:messageId>${=import static java.util.UUID.randomUUID; uuid = randomUUID() as String}</v11:messageId>
            <!--Optional:-->
            <v11:timestamp>${=new java.text.SimpleDateFormat("yyyy-MM-dd'T'HH:mm:ss.SSS").format(new Date())}</v11:timestamp>
         </v1:messageContext>
         <v1:legalContext>ServiceIntegrator</v1:legalContext>
         <v1:request>            
            <v1:cardNumber>10000033965</v1:cardNumber>
            <v1:emittingPartner>0457419435</v1:emittingPartner>
         </v1:request>
      </v1:stopOrCancelCardRequest>
   </soapenv:Body>
</soapenv:Envelope>]]></con:request><con:assertion type="SOAP Fault Assertion" id="85bac690-eb94-4f7d-a279-e7e200680c69" name="Not SOAP Fault"/><con:assertion type="SOAP Response" id="117f0232-bdaa-432c-9c4a-faa92b6fd822" name="SOAP Response"/><con:assertion type="Schema Compliance" id="b01ad1d8-b086-4f05-b625-a6be43ad0bd3" name="Schema Compliance"><con:configuration/></con:assertion><con:wsaConfig action="http://fidus.brussels/services/europeandisabilitycardservice/stopOrCancelCard"/></con:request></con:config></con:testStep><con:testStep type="request" id="cfe0c450-d0f1-4ff3-9009-d728cd4015f4" name="testcase03 - Test - External - 39.CloseCard_inProcessing - Request"><con:settings/><con:config xsi:type="con:RequestStep" xmlns:xsi="http://www.w3.org/2001/XMLSchema-instance"><con:interface>EuropeanDisabilityCardServiceHTTPBinding</con:interface><con:operation>stopOrCancelCard</con:operation><con:request name="testcase03 - Test - External - 39.CloseCard_inProcessing - Request" id="319fe3a2-095b-4e44-aadb-387ff4d93ca9" outgoingWss="Outflow TEST"><con:settings/><con:encoding>UTF-8</con:encoding><con:endpoint>https://192.168.24.17:8443/services/EuropeanDisabilityCardService_v1.0</con:endpoint><con:request><![CDATA[<soapenv:Envelope xmlns:soapenv="http://schemas.xmlsoap.org/soap/envelope/" xmlns:v1="http://fidus.brussels/service/europeandisabilitycardservice/messages/v1" xmlns:v11="http://fidus.brussels/type/common/messages/v1">
   <soapenv:Header/>
   <soapenv:Body>
      <v1:stopOrCancelCardRequest>
         <v1:messageContext>
            <v11:messageId>${=import static java.util.UUID.randomUUID; uuid = randomUUID() as String}</v11:messageId>
            <!--Optional:-->
            <v11:timestamp>${=new java.text.SimpleDateFormat("yyyy-MM-dd'T'HH:mm:ss.SSS").format(new Date())}</v11:timestamp>
         </v1:messageContext>
         <v1:legalContext>ServiceIntegrator</v1:legalContext>
         <v1:request>            
            <v1:cardNumber>84081632545</v1:cardNumber>
            <v1:emittingPartner>0457419435</v1:emittingPartner>
         </v1:request>
      </v1:stopOrCancelCardRequest>
   </soapenv:Body>
</soapenv:Envelope>]]></con:request><con:assertion type="SOAP Fault Assertion" id="d6586ee6-9290-4d52-9ffd-de7343f5c622" name="Not SOAP Fault"/><con:assertion type="SOAP Response" id="1864361e-319f-4930-9bb2-a80ba7b9b924" name="SOAP Response"/><con:assertion type="Schema Compliance" id="71faf97f-3e06-4866-8600-e28cbb9e9f2d" name="Schema Compliance"><con:configuration/></con:assertion><con:wsaConfig action="http://fidus.brussels/services/europeandisabilitycardservice/stopOrCancelCard"/></con:request></con:config></con:testStep><con:testStep type="request" id="38696657-f0f7-4fa9-815d-65d63c3e9c71" name="testcase03 - Test - External - 40.CloseCard_in_SENT - Request"><con:settings/><con:config xsi:type="con:RequestStep" xmlns:xsi="http://www.w3.org/2001/XMLSchema-instance"><con:interface>EuropeanDisabilityCardServiceHTTPBinding</con:interface><con:operation>stopOrCancelCard</con:operation><con:request name="testcase03 - Test - External - 40.CloseCard_in_SENT - Request" id="7af1044a-ef62-4f58-b223-3ba5cd7f848f" outgoingWss="Outflow TEST"><con:settings/><con:encoding>UTF-8</con:encoding><con:endpoint>https://192.168.24.17:8443/services/EuropeanDisabilityCardService_v1.0</con:endpoint><con:request><![CDATA[<soapenv:Envelope xmlns:soapenv="http://schemas.xmlsoap.org/soap/envelope/" xmlns:v1="http://fidus.brussels/service/europeandisabilitycardservice/messages/v1" xmlns:v11="http://fidus.brussels/type/common/messages/v1">
   <soapenv:Header/>
   <soapenv:Body>
      <v1:stopOrCancelCardRequest>
         <v1:messageContext>
            <v11:messageId>${=import static java.util.UUID.randomUUID; uuid = randomUUID() as String}</v11:messageId>
            <!--Optional:-->
            <v11:timestamp>${=new java.text.SimpleDateFormat("yyyy-MM-dd'T'HH:mm:ss.SSS").format(new Date())}</v11:timestamp>
         </v1:messageContext>
         <v1:legalContext>ServiceIntegrator</v1:legalContext>
         <v1:request>            
            <v1:cardNumber>10000012981</v1:cardNumber>
            <v1:emittingPartner>0457419435</v1:emittingPartner>
         </v1:request>
      </v1:stopOrCancelCardRequest>
   </soapenv:Body>
</soapenv:Envelope>]]></con:request><con:assertion type="SOAP Fault Assertion" id="195ff124-3a13-4cfe-8353-aaffd3897b05" name="Not SOAP Fault"/><con:assertion type="SOAP Response" id="19acc15e-84b1-4d61-b512-6e5b51d3f5f1" name="SOAP Response"/><con:assertion type="Schema Compliance" id="d03268af-d78a-47cf-a7b4-954e89edeace" name="Schema Compliance"><con:configuration/></con:assertion><con:wsaConfig action="http://fidus.brussels/services/europeandisabilitycardservice/stopOrCancelCard"/></con:request></con:config></con:testStep><con:testStep type="request" id="622fdfd2-c4a9-45c6-8179-f8220e5570f1" name="testcase03 - Test - External - 41.CloseCard_OtherEmittingPartner - Request"><con:settings/><con:config xsi:type="con:RequestStep" xmlns:xsi="http://www.w3.org/2001/XMLSchema-instance"><con:interface>EuropeanDisabilityCardServiceHTTPBinding</con:interface><con:operation>stopOrCancelCard</con:operation><con:request name="testcase03 - Test - External - 41.CloseCard_OtherEmittingPartner - Request" id="634d1c71-33f7-4212-80c4-23e1c6c65564" outgoingWss="Outflow TEST"><con:settings/><con:encoding>UTF-8</con:encoding><con:endpoint>https://192.168.24.17:8443/services/EuropeanDisabilityCardService_v1.0</con:endpoint><con:request><![CDATA[<soapenv:Envelope xmlns:soapenv="http://schemas.xmlsoap.org/soap/envelope/" xmlns:v1="http://fidus.brussels/service/europeandisabilitycardservice/messages/v1" xmlns:v11="http://fidus.brussels/type/common/messages/v1">
   <soapenv:Header/>
   <soapenv:Body>
      <v1:stopOrCancelCardRequest>
         <v1:messageContext>
            <v11:messageId>${=import static java.util.UUID.randomUUID; uuid = randomUUID() as String}</v11:messageId>
            <!--Optional:-->
            <v11:timestamp>${=new java.text.SimpleDateFormat("yyyy-MM-dd'T'HH:mm:ss.SSS").format(new Date())}</v11:timestamp>
         </v1:messageContext>
         <v1:legalContext>ServiceIntegrator</v1:legalContext>
         <v1:request>            
            <v1:cardNumber>10000012090</v1:cardNumber>
            <v1:emittingPartner>0457419435</v1:emittingPartner>
         </v1:request>
      </v1:stopOrCancelCardRequest>
   </soapenv:Body>
</soapenv:Envelope>]]></con:request><con:assertion type="SOAP Fault Assertion" id="76d26f0d-3a73-4022-b5e2-e7a4fdadb6df" name="Not SOAP Fault"/><con:assertion type="SOAP Response" id="7678c9c0-99e4-46ac-8efe-27bdc11d8117" name="SOAP Response"/><con:assertion type="Schema Compliance" id="e1b62af2-8c2c-41f0-bec8-bcfdb3d68a2e" name="Schema Compliance"><con:configuration/></con:assertion><con:wsaConfig action="http://fidus.brussels/services/europeandisabilitycardservice/stopOrCancelCard"/></con:request></con:config></con:testStep><con:testStep type="request" id="99d9e359-4f63-4330-b0ba-0115e214d17d" name="testcase03 - Test - External - 42.CloseCard_Invalid_CardNumber - Request"><con:settings/><con:config xsi:type="con:RequestStep" xmlns:xsi="http://www.w3.org/2001/XMLSchema-instance"><con:interface>EuropeanDisabilityCardServiceHTTPBinding</con:interface><con:operation>stopOrCancelCard</con:operation><con:request name="testcase03 - Test - External - 42.CloseCard_Invalid_CardNumber - Request" id="f6852ab3-1a72-48e3-a16c-e18cf1b15923" outgoingWss="Outflow TEST"><con:settings/><con:encoding>UTF-8</con:encoding><con:endpoint>https://192.168.24.17:8443/services/EuropeanDisabilityCardService_v1.0</con:endpoint><con:request><![CDATA[<soapenv:Envelope xmlns:soapenv="http://schemas.xmlsoap.org/soap/envelope/" xmlns:v1="http://fidus.brussels/service/europeandisabilitycardservice/messages/v1" xmlns:v11="http://fidus.brussels/type/common/messages/v1">
   <soapenv:Header/>
   <soapenv:Body>
      <v1:stopOrCancelCardRequest>
         <v1:messageContext>
            <v11:messageId>${=import static java.util.UUID.randomUUID; uuid = randomUUID() as String}</v11:messageId>
            <!--Optional:-->
            <v11:timestamp>${=new java.text.SimpleDateFormat("yyyy-MM-dd'T'HH:mm:ss.SSS").format(new Date())}</v11:timestamp>
         </v1:messageContext>
         <v1:legalContext>ServiceIntegrator</v1:legalContext>
         <v1:request>            
            <v1:cardNumber>13081340449</v1:cardNumber>
            <v1:emittingPartner>0457419435</v1:emittingPartner>
         </v1:request>
      </v1:stopOrCancelCardRequest>
   </soapenv:Body>
</soapenv:Envelope>]]></con:request><con:assertion type="SOAP Fault Assertion" id="adabc19e-fcc5-4264-9ebc-257e8cf9f2fd" name="Not SOAP Fault"/><con:assertion type="SOAP Response" id="5910e897-c40e-45ac-87f0-7e7f59bb2c46" name="SOAP Response"/><con:assertion type="Schema Compliance" id="46030b45-1414-448b-b14e-a73095c18d07" name="Schema Compliance"><con:configuration/></con:assertion><con:wsaConfig action="http://fidus.brussels/services/europeandisabilitycardservice/stopOrCancelCard"/></con:request></con:config></con:testStep><con:properties/></con:testCase><con:properties/></con:testSuite><con:testSuite id="86a59fef-9fa3-41b4-9d7c-7497ebbd0682" name="STAG"><con:settings/><con:runType>SEQUENTIAL</con:runType><con:testCase id="39e496ec-07af-45ff-956a-d0f823749ce0" failOnError="true" failTestCaseOnErrors="true" keepSession="false" maxResults="0" name="consultActiveCards" searchProperties="true"><con:settings/><con:testStep type="request" id="53cb41ba-5ece-4da4-bd8c-54a3f2abacf2" name="testcase04- Staging - External - Request"><con:settings/><con:config xsi:type="con:RequestStep" xmlns:xsi="http://www.w3.org/2001/XMLSchema-instance"><con:interface>EuropeanDisabilityCardServiceHTTPBinding</con:interface><con:operation>consultActiveCards</con:operation><con:request name="testcase04- Staging - External - Request" id="91bfec63-e887-4059-8ee7-b6c40e8dd94c" outgoingWss="Outflow STAG"><con:settings/><con:encoding>UTF-8</con:encoding><con:endpoint>https://fidus.sec.brussels/services/EuropeanDisabilityCardService_v1.0</con:endpoint><con:request><![CDATA[<soapenv:Envelope xmlns:soapenv="http://schemas.xmlsoap.org/soap/envelope/" xmlns:v1="http://fidus.brussels/service/europeandisabilitycardservice/messages/v1" xmlns:v11="http://fidus.brussels/type/common/messages/v1">
   <soapenv:Header/>
   <soapenv:Body>
      <v1:consultActiveCardsRequest>         
         <v1:messageContext>
            <v11:messageId>${=import static java.util.UUID.randomUUID; uuid = randomUUID() as String}</v11:messageId>
            <!--Optional:-->
            <v11:timestamp>${=new java.text.SimpleDateFormat("yyyy-MM-dd'T'HH:mm:ss.SSS").format(new Date())}</v11:timestamp>
         </v1:messageContext>
         <v1:legalContext>ServiceIntegrator</v1:legalContext>
         <v1:request>
            <v1:ssin>10022104563</v1:ssin>
            <!--Optional:-->
            <v1:referenceDate>2017-09-01</v1:referenceDate>
         </v1:request>
      </v1:consultActiveCardsRequest>
   </soapenv:Body>
</soapenv:Envelope>]]></con:request><con:assertion type="SOAP Fault Assertion" id="d918ae05-d05a-4306-b0b8-6e2544ec27b9" name="Not SOAP Fault"/><con:assertion type="SOAP Response" id="e717bf93-8273-4f4f-9983-794a0be39666" name="SOAP Response"/><con:assertion type="Schema Compliance" id="da1be5d8-b784-4164-83bb-b5744794ecbb" name="Schema Compliance"><con:configuration/></con:assertion><con:wsaConfig action="http://fidus.brussels/services/europeandisabilitycardservice/consultActiveCards"/></con:request></con:config></con:testStep><con:testStep type="request" id="8e8ab24d-4370-4b8d-98e1-2c76f41d1efe" name="testcase04- Staging - LB - Request"><con:settings/><con:config xsi:type="con:RequestStep" xmlns:xsi="http://www.w3.org/2001/XMLSchema-instance"><con:interface>EuropeanDisabilityCardServiceHTTPBinding</con:interface><con:operation>consultActiveCards</con:operation><con:request name="testcase04- Staging - LB - Request" id="96cabac8-8877-4984-ae9c-a3d8f8f9e299" outgoingWss="Outflow STAG"><con:settings/><con:encoding>UTF-8</con:encoding><con:endpoint>https://fidus-esb-sg.prd.srv.cirb.lan:8443/services/EuropeanDisabilityCardService_v1.0</con:endpoint><con:request><![CDATA[<soapenv:Envelope xmlns:soapenv="http://schemas.xmlsoap.org/soap/envelope/" xmlns:v1="http://fidus.brussels/service/europeandisabilitycardservice/messages/v1" xmlns:v11="http://fidus.brussels/type/common/messages/v1">
   <soapenv:Header/>
   <soapenv:Body>
      <v1:consultActiveCardsRequest>         
         <v1:messageContext>
            <v11:messageId>${=import static java.util.UUID.randomUUID; uuid = randomUUID() as String}</v11:messageId>
            <!--Optional:-->
            <v11:timestamp>${=new java.text.SimpleDateFormat("yyyy-MM-dd'T'HH:mm:ss.SSS").format(new Date())}</v11:timestamp>
         </v1:messageContext>
         <v1:legalContext>ServiceIntegrator</v1:legalContext>
         <v1:request>
            <v1:ssin>10022104563</v1:ssin>
            <!--Optional:-->
            <v1:referenceDate>2017-09-01</v1:referenceDate>
         </v1:request>
      </v1:consultActiveCardsRequest>
   </soapenv:Body>
</soapenv:Envelope>]]></con:request><con:assertion type="SOAP Fault Assertion" id="4c7971bd-219e-444a-b8f3-9fe9471cb79b" name="Not SOAP Fault"/><con:assertion type="SOAP Response" id="784d439a-9c51-49de-8b24-50be6ac4069b" name="SOAP Response"/><con:assertion type="Schema Compliance" id="eacaa8d5-42ce-42c2-8bf2-dc546e652444" name="Schema Compliance"><con:configuration/></con:assertion><con:wsaConfig action="http://fidus.brussels/services/europeandisabilitycardservice/consultActiveCards"/></con:request></con:config></con:testStep><con:testStep type="request" id="371fa29a-3b22-47ac-ae08-28a6e1ed304a" name="testcase04- Staging - Worker1 - Request"><con:settings/><con:config xsi:type="con:RequestStep" xmlns:xsi="http://www.w3.org/2001/XMLSchema-instance"><con:interface>EuropeanDisabilityCardServiceHTTPBinding</con:interface><con:operation>consultActiveCards</con:operation><con:request name="testcase04- Staging - Worker1 - Request" id="d096cb25-8404-45dd-bf5b-c5e381f4a2d3" outgoingWss="Outflow STAG"><con:settings/><con:encoding>UTF-8</con:encoding><con:endpoint>https://192.168.26.22:8443/services/EuropeanDisabilityCardService_v1.0</con:endpoint><con:request><![CDATA[<soapenv:Envelope xmlns:soapenv="http://schemas.xmlsoap.org/soap/envelope/" xmlns:v1="http://fidus.brussels/service/europeandisabilitycardservice/messages/v1" xmlns:v11="http://fidus.brussels/type/common/messages/v1">
   <soapenv:Header/>
   <soapenv:Body>
      <v1:consultActiveCardsRequest>         
         <v1:messageContext>
            <v11:messageId>${=import static java.util.UUID.randomUUID; uuid = randomUUID() as String}</v11:messageId>
            <!--Optional:-->
            <v11:timestamp>${=new java.text.SimpleDateFormat("yyyy-MM-dd'T'HH:mm:ss.SSS").format(new Date())}</v11:timestamp>
         </v1:messageContext>
         <v1:legalContext>ServiceIntegrator</v1:legalContext>
         <v1:request>
            <v1:ssin>10022104563</v1:ssin>
            <!--Optional:-->
            <v1:referenceDate>2017-09-01</v1:referenceDate>
         </v1:request>
      </v1:consultActiveCardsRequest>
   </soapenv:Body>
</soapenv:Envelope>]]></con:request><con:assertion type="SOAP Fault Assertion" id="bcf243cc-0bf0-4854-98cc-dfba3cf00a0b" name="Not SOAP Fault"/><con:assertion type="SOAP Response" id="b29c49b9-2071-4c21-9028-8fa8db529fa2" name="SOAP Response"/><con:assertion type="Schema Compliance" id="ffac3ee9-ad42-4ba6-bb0a-33f45391e164" name="Schema Compliance"><con:configuration/></con:assertion><con:wsaConfig action="http://fidus.brussels/services/europeandisabilitycardservice/consultActiveCards"/></con:request></con:config></con:testStep><con:testStep type="request" id="a796da56-0e82-4a70-b5be-d42fcbf801c3" name="testcase04- Staging - Worker2 - Request"><con:settings/><con:config xsi:type="con:RequestStep" xmlns:xsi="http://www.w3.org/2001/XMLSchema-instance"><con:interface>EuropeanDisabilityCardServiceHTTPBinding</con:interface><con:operation>consultActiveCards</con:operation><con:request name="testcase04- Staging - Worker2 - Request" id="017b7afd-60f0-494c-a390-61493768e7ab" outgoingWss="Outflow STAG"><con:settings/><con:encoding>UTF-8</con:encoding><con:endpoint>https://192.168.24.17:8443/services/EuropeanDisabilityCardService_v1.0</con:endpoint><con:request><![CDATA[<soapenv:Envelope xmlns:soapenv="http://schemas.xmlsoap.org/soap/envelope/" xmlns:v1="http://fidus.brussels/service/europeandisabilitycardservice/messages/v1" xmlns:v11="http://fidus.brussels/type/common/messages/v1">
   <soapenv:Header/>
   <soapenv:Body>
      <v1:consultActiveCardsRequest>         
         <v1:messageContext>
            <v11:messageId>${=import static java.util.UUID.randomUUID; uuid = randomUUID() as String}</v11:messageId>
            <!--Optional:-->
            <v11:timestamp>${=new java.text.SimpleDateFormat("yyyy-MM-dd'T'HH:mm:ss.SSS").format(new Date())}</v11:timestamp>
         </v1:messageContext>
         <v1:legalContext>ServiceIntegrator</v1:legalContext>
         <v1:request>
            <v1:ssin>10022104563</v1:ssin>
            <!--Optional:-->
            <v1:referenceDate>2017-09-01</v1:referenceDate>
         </v1:request>
      </v1:consultActiveCardsRequest>
   </soapenv:Body>
</soapenv:Envelope>]]></con:request><con:assertion type="SOAP Fault Assertion" id="edf47214-027f-4bcd-b0d2-77accf753cef" name="Not SOAP Fault"/><con:assertion type="SOAP Response" id="2089e606-8da5-4f70-be28-e743829de9ad" name="SOAP Response"/><con:assertion type="Schema Compliance" id="be9fb810-05f0-4f2d-8ba8-fa17fe9d5816" name="Schema Compliance"><con:configuration/></con:assertion><con:wsaConfig action="http://fidus.brussels/services/europeandisabilitycardservice/consultActiveCards"/></con:request></con:config></con:testStep><con:properties/></con:testCase><con:testCase id="3cf0576c-324b-45b1-9e6c-29dba9a2c95c" failOnError="true" failTestCaseOnErrors="true" keepSession="false" maxResults="0" name="consultAllCards" searchProperties="true"><con:settings/><con:testStep type="request" id="7d1e4f1c-191f-4c2a-b791-d04f9db5f1c9" name="testcase04 - Staging - External - Request"><con:settings/><con:config xsi:type="con:RequestStep" xmlns:xsi="http://www.w3.org/2001/XMLSchema-instance"><con:interface>EuropeanDisabilityCardServiceHTTPBinding</con:interface><con:operation>consultAllCards</con:operation><con:request name="testcase04 - Staging - External - Request" id="dad1480e-5496-4d72-94aa-ca4592ba220a" outgoingWss="Outflow STAG"><con:settings/><con:encoding>UTF-8</con:encoding><con:endpoint>https://fidus.sec.brussels/services/EuropeanDisabilityCardService_v1.0</con:endpoint><con:request><![CDATA[<soapenv:Envelope xmlns:soapenv="http://schemas.xmlsoap.org/soap/envelope/" xmlns:v1="http://fidus.brussels/service/europeandisabilitycardservice/messages/v1" xmlns:v11="http://fidus.brussels/type/common/messages/v1">
   <soapenv:Header/>
   <soapenv:Body>
      <v1:consultAllCardsRequest>
         <v1:messageContext>
            <v11:messageId>${=import static java.util.UUID.randomUUID; uuid = randomUUID() as String}</v11:messageId>
            <!--Optional:-->
            <v11:timestamp>${=new java.text.SimpleDateFormat("yyyy-MM-dd'T'HH:mm:ss.SSS").format(new Date())}</v11:timestamp>
         </v1:messageContext>
         <v1:legalContext>ServiceIntegrator</v1:legalContext>
         <v1:request>
            <v1:ssin>10022104563</v1:ssin>
         </v1:request>
      </v1:consultAllCardsRequest>
   </soapenv:Body>
</soapenv:Envelope>]]></con:request><con:assertion type="SOAP Fault Assertion" id="8d17a942-de67-4b7c-b9a7-0b6173ab8e0a" name="Not SOAP Fault"/><con:assertion type="SOAP Response" id="fbdc208c-1a87-4359-b271-49e4ba40c4c3" name="SOAP Response"/><con:assertion type="Schema Compliance" id="e91bdd02-0ebf-475d-a57b-73d2947994b0" name="Schema Compliance"><con:configuration/></con:assertion><con:wsaConfig action="http://fidus.brussels/services/europeandisabilitycardservice/consultAllCards"/></con:request></con:config></con:testStep><con:testStep type="request" id="9b986531-7d45-4d0c-8255-68e7d651b007" name="testcase04 - Staging - LB - Request"><con:settings/><con:config xsi:type="con:RequestStep" xmlns:xsi="http://www.w3.org/2001/XMLSchema-instance"><con:interface>EuropeanDisabilityCardServiceHTTPBinding</con:interface><con:operation>consultAllCards</con:operation><con:request name="testcase04 - Staging - LB - Request" id="d99f699f-3ca7-4571-8ba2-23249f710e83" outgoingWss="Outflow STAG"><con:settings/><con:encoding>UTF-8</con:encoding><con:endpoint>https://fidus-esb-sg.prd.srv.cirb.lan:8443/services/EuropeanDisabilityCardService_v1.0</con:endpoint><con:request><![CDATA[<soapenv:Envelope xmlns:soapenv="http://schemas.xmlsoap.org/soap/envelope/" xmlns:v1="http://fidus.brussels/service/europeandisabilitycardservice/messages/v1" xmlns:v11="http://fidus.brussels/type/common/messages/v1">
   <soapenv:Header/>
   <soapenv:Body>
      <v1:consultAllCardsRequest>
         <v1:messageContext>
            <v11:messageId>${=import static java.util.UUID.randomUUID; uuid = randomUUID() as String}</v11:messageId>
            <!--Optional:-->
            <v11:timestamp>${=new java.text.SimpleDateFormat("yyyy-MM-dd'T'HH:mm:ss.SSS").format(new Date())}</v11:timestamp>
         </v1:messageContext>
         <v1:legalContext>ServiceIntegrator</v1:legalContext>
         <v1:request>
            <v1:ssin>10022104563</v1:ssin>
         </v1:request>
      </v1:consultAllCardsRequest>
   </soapenv:Body>
</soapenv:Envelope>]]></con:request><con:assertion type="SOAP Fault Assertion" id="3443badf-bf32-45da-a494-758d902aac90" name="Not SOAP Fault"/><con:assertion type="SOAP Response" id="3c74ff48-dff7-4312-9f71-07e563229b81" name="SOAP Response"/><con:assertion type="Schema Compliance" id="09bb6787-a1b8-4e02-a9b4-e653c2470edb" name="Schema Compliance"><con:configuration/></con:assertion><con:wsaConfig action="http://fidus.brussels/services/europeandisabilitycardservice/consultAllCards"/></con:request></con:config></con:testStep><con:testStep type="request" id="3ab25c7b-d80c-431c-9551-7de87848eb78" name="testcase04 - Staging - Worker1 - Request"><con:settings/><con:config xsi:type="con:RequestStep" xmlns:xsi="http://www.w3.org/2001/XMLSchema-instance"><con:interface>EuropeanDisabilityCardServiceHTTPBinding</con:interface><con:operation>consultAllCards</con:operation><con:request name="testcase04 - Staging - Worker1 - Request" id="cbe0b41d-b713-4e95-9da7-b249b5c2e2b3" outgoingWss="Outflow STAG"><con:settings/><con:encoding>UTF-8</con:encoding><con:endpoint>https://192.168.26.22:8443/services/EuropeanDisabilityCardService_v1.0</con:endpoint><con:request><![CDATA[<soapenv:Envelope xmlns:soapenv="http://schemas.xmlsoap.org/soap/envelope/" xmlns:v1="http://fidus.brussels/service/europeandisabilitycardservice/messages/v1" xmlns:v11="http://fidus.brussels/type/common/messages/v1">
   <soapenv:Header/>
   <soapenv:Body>
      <v1:consultAllCardsRequest>
         <v1:messageContext>
            <v11:messageId>${=import static java.util.UUID.randomUUID; uuid = randomUUID() as String}</v11:messageId>
            <!--Optional:-->
            <v11:timestamp>${=new java.text.SimpleDateFormat("yyyy-MM-dd'T'HH:mm:ss.SSS").format(new Date())}</v11:timestamp>
         </v1:messageContext>
         <v1:legalContext>ServiceIntegrator</v1:legalContext>
         <v1:request>
            <v1:ssin>10022104563</v1:ssin>
         </v1:request>
      </v1:consultAllCardsRequest>
   </soapenv:Body>
</soapenv:Envelope>]]></con:request><con:assertion type="SOAP Fault Assertion" id="d04a39ea-eddc-46cf-9fc3-6db16448d6f9" name="Not SOAP Fault"/><con:assertion type="SOAP Response" id="d93932e0-9216-422d-9a7e-02c45ba8fd63" name="SOAP Response"/><con:assertion type="Schema Compliance" id="a55702be-f51e-4ae4-bcaf-7b40d1a8df2f" name="Schema Compliance"><con:configuration/></con:assertion><con:wsaConfig action="http://fidus.brussels/services/europeandisabilitycardservice/consultAllCards"/></con:request></con:config></con:testStep><con:testStep type="request" id="437c5d54-a10a-4331-89c5-d83f94f97797" name="testcase04 - Staging - Worker2 - Request"><con:settings/><con:config xsi:type="con:RequestStep" xmlns:xsi="http://www.w3.org/2001/XMLSchema-instance"><con:interface>EuropeanDisabilityCardServiceHTTPBinding</con:interface><con:operation>consultAllCards</con:operation><con:request name="testcase04 - Staging - Worker2 - Request" id="6bf86512-130e-424e-9259-9849b468a59e" outgoingWss="Outflow STAG"><con:settings/><con:encoding>UTF-8</con:encoding><con:endpoint>https://192.168.24.17:8443/services/EuropeanDisabilityCardService_v1.0</con:endpoint><con:request><![CDATA[<soapenv:Envelope xmlns:soapenv="http://schemas.xmlsoap.org/soap/envelope/" xmlns:v1="http://fidus.brussels/service/europeandisabilitycardservice/messages/v1" xmlns:v11="http://fidus.brussels/type/common/messages/v1">
   <soapenv:Header/>
   <soapenv:Body>
      <v1:consultAllCardsRequest>
         <v1:messageContext>
            <v11:messageId>${=import static java.util.UUID.randomUUID; uuid = randomUUID() as String}</v11:messageId>
            <!--Optional:-->
            <v11:timestamp>${=new java.text.SimpleDateFormat("yyyy-MM-dd'T'HH:mm:ss.SSS").format(new Date())}</v11:timestamp>
         </v1:messageContext>
         <v1:legalContext>ServiceIntegrator</v1:legalContext>
         <v1:request>
            <v1:ssin>10022104563</v1:ssin>
         </v1:request>
      </v1:consultAllCardsRequest>
   </soapenv:Body>
</soapenv:Envelope>]]></con:request><con:assertion type="SOAP Fault Assertion" id="9ee4b5bc-4b65-46db-8357-0ff76878ea61" name="Not SOAP Fault"/><con:assertion type="SOAP Response" id="1e2b2109-4531-495e-8bed-779f4e65f689" name="SOAP Response"/><con:assertion type="Schema Compliance" id="79c053b0-d669-4c9c-a0e2-590827c60ad6" name="Schema Compliance"><con:configuration/></con:assertion><con:wsaConfig action="http://fidus.brussels/services/europeandisabilitycardservice/consultAllCards"/></con:request></con:config></con:testStep><con:properties/></con:testCase><con:testCase id="24072f3c-8adc-4eb8-a5d5-175e55e4b879" failOnError="true" failTestCaseOnErrors="true" keepSession="false" maxResults="0" name="createCard" searchProperties="true"><con:settings/><con:testStep type="request" id="9f24cbbb-2009-4375-a5de-2ae5e5a8e327" name="testcase04 - Staging - External - Request"><con:settings/><con:config xsi:type="con:RequestStep" xmlns:xsi="http://www.w3.org/2001/XMLSchema-instance"><con:interface>EuropeanDisabilityCardServiceHTTPBinding</con:interface><con:operation>createCard</con:operation><con:request name="testcase04 - Staging - External - Request" id="c6b82b78-0aa7-4243-aafe-35f5705794bc" outgoingWss="Outflow STAG"><con:settings/><con:encoding>UTF-8</con:encoding><con:endpoint>https://fidus.sec.brussels/services/EuropeanDisabilityCardService_v1.0</con:endpoint><con:request><![CDATA[<soapenv:Envelope xmlns:soapenv="http://schemas.xmlsoap.org/soap/envelope/" xmlns:v1="http://fidus.brussels/service/europeandisabilitycardservice/messages/v1" xmlns:v11="http://fidus.brussels/type/common/messages/v1">
   <soapenv:Header/>
   <soapenv:Body>
      <v1:createCardRequest>
         <v1:messageContext>
            <v11:messageId>${=import static java.util.UUID.randomUUID; uuid = randomUUID() as String}</v11:messageId>
            <!--Optional:-->
            <v11:timestamp>${=new java.text.SimpleDateFormat("yyyy-MM-dd'T'HH:mm:ss.SSS").format(new Date())}</v11:timestamp>
         </v1:messageContext>
         <v1:legalContext>ServiceIntegrator</v1:legalContext>
         <v1:request>
            <v1:ssin>67052624133</v1:ssin>
            <v1:emittingPartner>0457419435</v1:emittingPartner>
            <v1:language>NL</v1:language>
            <v1:forceCreation>true</v1:forceCreation>
         </v1:request>
      </v1:createCardRequest>
   </soapenv:Body>
</soapenv:Envelope>]]></con:request><con:assertion type="SOAP Fault Assertion" id="6f022c3c-2bf7-424d-865c-6a691da22b06" name="Not SOAP Fault"/><con:assertion type="SOAP Response" id="0e935de9-0629-4ae6-9b5a-9fcb13ea123d" name="SOAP Response"/><con:assertion type="Schema Compliance" id="ca1196f9-526a-4236-8a48-4b71031c5315" name="Schema Compliance"><con:configuration/></con:assertion><con:wsaConfig action="http://fidus.brussels/services/europeandisabilitycardservice/createCard"/></con:request></con:config></con:testStep><con:testStep type="request" id="0ab4ea79-385a-4403-8b69-dd6eadd8e2f2" name="testcase04 - Staging - LB - Request"><con:settings/><con:config xsi:type="con:RequestStep" xmlns:xsi="http://www.w3.org/2001/XMLSchema-instance"><con:interface>EuropeanDisabilityCardServiceHTTPBinding</con:interface><con:operation>createCard</con:operation><con:request name="testcase04 - Staging - LB - Request" id="3605acb9-ff17-440a-aa82-31363cd83ca8" outgoingWss="Outflow STAG"><con:settings/><con:encoding>UTF-8</con:encoding><con:endpoint>https://fidus-esb-sg.prd.srv.cirb.lan:8443/services/EuropeanDisabilityCardService_v1.0</con:endpoint><con:request><![CDATA[<soapenv:Envelope xmlns:soapenv="http://schemas.xmlsoap.org/soap/envelope/" xmlns:v1="http://fidus.brussels/service/europeandisabilitycardservice/messages/v1" xmlns:v11="http://fidus.brussels/type/common/messages/v1">
   <soapenv:Header/>
   <soapenv:Body>
      <v1:createCardRequest>
         <v1:messageContext>
            <v11:messageId>${=import static java.util.UUID.randomUUID; uuid = randomUUID() as String}</v11:messageId>
            <!--Optional:-->
            <v11:timestamp>${=new java.text.SimpleDateFormat("yyyy-MM-dd'T'HH:mm:ss.SSS").format(new Date())}</v11:timestamp>
         </v1:messageContext>
         <v1:legalContext>ServiceIntegrator</v1:legalContext>
         <v1:request>
            <v1:ssin>91040526866</v1:ssin>
            <v1:emittingPartner>0457419435</v1:emittingPartner>
            <v1:language>NL</v1:language>
            <v1:forceCreation>true</v1:forceCreation>
         </v1:request>
      </v1:createCardRequest>
   </soapenv:Body>
</soapenv:Envelope>]]></con:request><con:assertion type="SOAP Fault Assertion" id="db40ceb2-fbde-4e61-b5a5-25e51ecbfea9" name="Not SOAP Fault"/><con:assertion type="SOAP Response" id="88e4c0eb-8963-414c-b70b-c954f2ddc938" name="SOAP Response"/><con:assertion type="Schema Compliance" id="71d04e94-cb49-4293-bc7e-b7f845ab8a27" name="Schema Compliance"><con:configuration/></con:assertion><con:wsaConfig action="http://fidus.brussels/services/europeandisabilitycardservice/createCard"/></con:request></con:config></con:testStep><con:testStep type="request" id="e4ecb91d-992b-46fe-bbb6-1d503ee6b80b" name="testcase04 - Staging - Worker1 - Request"><con:settings/><con:config xsi:type="con:RequestStep" xmlns:xsi="http://www.w3.org/2001/XMLSchema-instance"><con:interface>EuropeanDisabilityCardServiceHTTPBinding</con:interface><con:operation>createCard</con:operation><con:request name="testcase04 - Staging - Worker1 - Request" id="f9e26265-2cae-41da-9d70-ed82c6e0141e" outgoingWss="Outflow STAG"><con:settings/><con:encoding>UTF-8</con:encoding><con:endpoint>https://192.168.26.22:8443/services/EuropeanDisabilityCardService_v1.0</con:endpoint><con:request><![CDATA[<soapenv:Envelope xmlns:soapenv="http://schemas.xmlsoap.org/soap/envelope/" xmlns:v1="http://fidus.brussels/service/europeandisabilitycardservice/messages/v1" xmlns:v11="http://fidus.brussels/type/common/messages/v1">
   <soapenv:Header/>
   <soapenv:Body>
      <v1:createCardRequest>
         <v1:messageContext>
            <v11:messageId>${=import static java.util.UUID.randomUUID; uuid = randomUUID() as String}</v11:messageId>
            <!--Optional:-->
            <v11:timestamp>${=new java.text.SimpleDateFormat("yyyy-MM-dd'T'HH:mm:ss.SSS").format(new Date())}</v11:timestamp>
         </v1:messageContext>
         <v1:legalContext>ServiceIntegrator</v1:legalContext>
         <v1:request>
            <v1:ssin>84010118405</v1:ssin>
            <v1:emittingPartner>0457419435</v1:emittingPartner>
            <v1:language>NL</v1:language>
            <v1:forceCreation>true</v1:forceCreation>
         </v1:request>
      </v1:createCardRequest>
   </soapenv:Body>
</soapenv:Envelope>]]></con:request><con:assertion type="SOAP Fault Assertion" id="a86d0512-dd16-42a6-ad74-74ad1db0bc2b" name="Not SOAP Fault"/><con:assertion type="SOAP Response" id="bd91912a-8d92-4d92-8e92-c55254a84322" name="SOAP Response"/><con:assertion type="Schema Compliance" id="826d062f-cd5c-4ed9-a703-2051187257e8" name="Schema Compliance"><con:configuration/></con:assertion><con:wsaConfig action="http://fidus.brussels/services/europeandisabilitycardservice/createCard"/></con:request></con:config></con:testStep><con:testStep type="request" id="c4e19068-5661-4c4b-a7b6-cde635e792a6" name="testcase04 - Staging - Worker2 - Request"><con:settings/><con:config xsi:type="con:RequestStep" xmlns:xsi="http://www.w3.org/2001/XMLSchema-instance"><con:interface>EuropeanDisabilityCardServiceHTTPBinding</con:interface><con:operation>createCard</con:operation><con:request name="testcase04 - Staging - Worker2 - Request" id="dd54cccc-b782-4f2b-a24f-a4a56e2f7ffd" outgoingWss="Outflow STAG"><con:settings/><con:encoding>UTF-8</con:encoding><con:endpoint>https://192.168.24.17:8443/services/EuropeanDisabilityCardService_v1.0</con:endpoint><con:request><![CDATA[<soapenv:Envelope xmlns:soapenv="http://schemas.xmlsoap.org/soap/envelope/" xmlns:v1="http://fidus.brussels/service/europeandisabilitycardservice/messages/v1" xmlns:v11="http://fidus.brussels/type/common/messages/v1">
   <soapenv:Header/>
   <soapenv:Body>
      <v1:createCardRequest>
         <v1:messageContext>
            <v11:messageId>${=import static java.util.UUID.randomUUID; uuid = randomUUID() as String}</v11:messageId>
            <!--Optional:-->
            <v11:timestamp>${=new java.text.SimpleDateFormat("yyyy-MM-dd'T'HH:mm:ss.SSS").format(new Date())}</v11:timestamp>
         </v1:messageContext>
         <v1:legalContext>ServiceIntegrator</v1:legalContext>
         <v1:request>
            <v1:ssin>50081133058</v1:ssin>
            <v1:emittingPartner>0457419435</v1:emittingPartner>
            <v1:language>NL</v1:language>
            <v1:forceCreation>true</v1:forceCreation>
         </v1:request>
      </v1:createCardRequest>
   </soapenv:Body>
</soapenv:Envelope>]]></con:request><con:assertion type="SOAP Fault Assertion" id="e28872be-5e3d-45ad-9ac7-a89a9219c3c7" name="Not SOAP Fault"/><con:assertion type="SOAP Response" id="50a24c0e-3d8b-4a77-a342-75710ed0e492" name="SOAP Response"/><con:assertion type="Schema Compliance" id="ebf04714-969e-426c-ba24-a83eb08286e9" name="Schema Compliance"><con:configuration/></con:assertion><con:wsaConfig action="http://fidus.brussels/services/europeandisabilitycardservice/createCard"/></con:request></con:config></con:testStep><con:properties/></con:testCase><con:testCase id="7f95c804-762a-425e-8ebc-b5b4846c78c9" failOnError="true" failTestCaseOnErrors="true" keepSession="false" maxResults="0" name="stopOrCancelCard" searchProperties="true"><con:settings/><con:testStep type="request" id="0f5d5616-fe79-4f05-a3cf-3ba683a81d08" name="testcase04 - Staging - External - Request"><con:settings/><con:config xsi:type="con:RequestStep" xmlns:xsi="http://www.w3.org/2001/XMLSchema-instance"><con:interface>EuropeanDisabilityCardServiceHTTPBinding</con:interface><con:operation>stopOrCancelCard</con:operation><con:request name="testcase04 - Staging - External - Request" id="f7468472-e1e2-4e46-bf45-a5e67f8748f5" outgoingWss="Outflow STAG"><con:settings/><con:encoding>UTF-8</con:encoding><con:endpoint>https://fidus.sec.brussels/services/EuropeanDisabilityCardService_v1.0</con:endpoint><con:request><![CDATA[<soapenv:Envelope xmlns:soapenv="http://schemas.xmlsoap.org/soap/envelope/" xmlns:v1="http://fidus.brussels/service/europeandisabilitycardservice/messages/v1" xmlns:v11="http://fidus.brussels/type/common/messages/v1">
   <soapenv:Header/>
   <soapenv:Body>
      <v1:stopOrCancelCardRequest>
         <v1:messageContext>
            <v11:messageId>${=import static java.util.UUID.randomUUID; uuid = randomUUID() as String}</v11:messageId>
            <!--Optional:-->
            <v11:timestamp>${=new java.text.SimpleDateFormat("yyyy-MM-dd'T'HH:mm:ss.SSS").format(new Date())}</v11:timestamp>
         </v1:messageContext>
         <v1:legalContext>ServiceIntegrator</v1:legalContext>
         <v1:request>            
            <v1:cardNumber>20000009732</v1:cardNumber>
            <v1:emittingPartner>0457419435</v1:emittingPartner>
         </v1:request>
      </v1:stopOrCancelCardRequest>
   </soapenv:Body>
</soapenv:Envelope>]]></con:request><con:assertion type="SOAP Fault Assertion" id="6f94c8fc-bf3b-4d90-b5fb-040e228dc7ad" name="Not SOAP Fault"/><con:assertion type="SOAP Response" id="07ed7a7d-8ac0-4973-aac4-621d7a797e49" name="SOAP Response"/><con:assertion type="Schema Compliance" id="75a74a55-e518-4a08-a68f-4931499a4633" name="Schema Compliance"><con:configuration/></con:assertion><con:wsaConfig action="http://fidus.brussels/services/europeandisabilitycardservice/stopOrCancelCard"/></con:request></con:config></con:testStep><con:testStep type="request" id="81baf54f-55b3-49a5-9de9-baee6dd0e548" name="testcase04 - Staging - LB - Request"><con:settings/><con:config xsi:type="con:RequestStep" xmlns:xsi="http://www.w3.org/2001/XMLSchema-instance"><con:interface>EuropeanDisabilityCardServiceHTTPBinding</con:interface><con:operation>stopOrCancelCard</con:operation><con:request name="testcase04 - Staging - LB - Request" id="e6a9f4de-c954-4256-ba0b-4db64f784aa6" outgoingWss="Outflow STAG"><con:settings/><con:encoding>UTF-8</con:encoding><con:endpoint>https://fidus-esb-sg.prd.srv.cirb.lan:8443/services/EuropeanDisabilityCardService_v1.0</con:endpoint><con:request><![CDATA[<soapenv:Envelope xmlns:soapenv="http://schemas.xmlsoap.org/soap/envelope/" xmlns:v1="http://fidus.brussels/service/europeandisabilitycardservice/messages/v1" xmlns:v11="http://fidus.brussels/type/common/messages/v1">
   <soapenv:Header/>
   <soapenv:Body>
      <v1:stopOrCancelCardRequest>
         <v1:messageContext>
            <v11:messageId>${=import static java.util.UUID.randomUUID; uuid = randomUUID() as String}</v11:messageId>
            <!--Optional:-->
            <v11:timestamp>${=new java.text.SimpleDateFormat("yyyy-MM-dd'T'HH:mm:ss.SSS").format(new Date())}</v11:timestamp>
         </v1:messageContext>
         <v1:legalContext>ServiceIntegrator</v1:legalContext>
         <v1:request>            
            <v1:cardNumber>20000009534</v1:cardNumber>
            <v1:emittingPartner>0457419435</v1:emittingPartner>
         </v1:request>
      </v1:stopOrCancelCardRequest>
   </soapenv:Body>
</soapenv:Envelope>]]></con:request><con:assertion type="SOAP Fault Assertion" id="07c4620e-c2cd-46f2-8d1b-c84b714beedd" name="Not SOAP Fault"/><con:assertion type="SOAP Response" id="358a6e7e-fa3f-4191-b3bf-aa232392e998" name="SOAP Response"/><con:assertion type="Schema Compliance" id="1d0159b1-8727-4044-87f6-7dfad1bbff42" name="Schema Compliance"><con:configuration/></con:assertion><con:wsaConfig action="http://fidus.brussels/services/europeandisabilitycardservice/stopOrCancelCard"/></con:request></con:config></con:testStep><con:testStep type="request" id="929d11b1-cd45-41d6-8a6c-d020ab89dc41" name="testcase04 - Staging - Worker1 - Request"><con:settings/><con:config xsi:type="con:RequestStep" xmlns:xsi="http://www.w3.org/2001/XMLSchema-instance"><con:interface>EuropeanDisabilityCardServiceHTTPBinding</con:interface><con:operation>stopOrCancelCard</con:operation><con:request name="testcase04 - Staging - Worker1 - Request" id="84066fbd-8499-4779-b921-4805c70a4881" outgoingWss="Outflow STAG"><con:settings/><con:encoding>UTF-8</con:encoding><con:endpoint>https://192.168.26.22:8443/services/EuropeanDisabilityCardService_v1.0</con:endpoint><con:request><![CDATA[<soapenv:Envelope xmlns:soapenv="http://schemas.xmlsoap.org/soap/envelope/" xmlns:v1="http://fidus.brussels/service/europeandisabilitycardservice/messages/v1" xmlns:v11="http://fidus.brussels/type/common/messages/v1">
   <soapenv:Header/>
   <soapenv:Body>
      <v1:stopOrCancelCardRequest>
         <v1:messageContext>
            <v11:messageId>${=import static java.util.UUID.randomUUID; uuid = randomUUID() as String}</v11:messageId>
            <!--Optional:-->
            <v11:timestamp>${=new java.text.SimpleDateFormat("yyyy-MM-dd'T'HH:mm:ss.SSS").format(new Date())}</v11:timestamp>
         </v1:messageContext>
         <v1:legalContext>ServiceIntegrator</v1:legalContext>
         <v1:request>            
            <v1:cardNumber>20000009633</v1:cardNumber>
            <v1:emittingPartner>0457419435</v1:emittingPartner>
         </v1:request>
      </v1:stopOrCancelCardRequest>
   </soapenv:Body>
</soapenv:Envelope>]]></con:request><con:assertion type="SOAP Fault Assertion" id="54fe6c43-e7b1-42ef-95d7-d150e4b853fa" name="Not SOAP Fault"/><con:assertion type="SOAP Response" id="07aa2c01-3ac2-4ada-921b-b478467db65f" name="SOAP Response"/><con:assertion type="Schema Compliance" id="b7593fed-20ee-40fb-a95d-41caa4e88845" name="Schema Compliance"><con:configuration/></con:assertion><con:wsaConfig action="http://fidus.brussels/services/europeandisabilitycardservice/stopOrCancelCard"/></con:request></con:config></con:testStep><con:testStep type="request" id="bfeb6687-9584-45cd-9af3-963c65146903" name="testcase04 - Staging - Worker2 - Request"><con:settings/><con:config xsi:type="con:RequestStep" xmlns:xsi="http://www.w3.org/2001/XMLSchema-instance"><con:interface>EuropeanDisabilityCardServiceHTTPBinding</con:interface><con:operation>stopOrCancelCard</con:operation><con:request name="testcase04 - Staging - Worker2 - Request" id="2a5bd2eb-a924-486a-b512-2a338bcd084f" outgoingWss="Outflow STAG"><con:settings/><con:encoding>UTF-8</con:encoding><con:endpoint>https://192.168.24.17:8443/services/EuropeanDisabilityCardService_v1.0</con:endpoint><con:request><![CDATA[<soapenv:Envelope xmlns:soapenv="http://schemas.xmlsoap.org/soap/envelope/" xmlns:v1="http://fidus.brussels/service/europeandisabilitycardservice/messages/v1" xmlns:v11="http://fidus.brussels/type/common/messages/v1">
   <soapenv:Header/>
   <soapenv:Body>
      <v1:stopOrCancelCardRequest>
         <v1:messageContext>
            <v11:messageId>${=import static java.util.UUID.randomUUID; uuid = randomUUID() as String}</v11:messageId>
            <!--Optional:-->
            <v11:timestamp>${=new java.text.SimpleDateFormat("yyyy-MM-dd'T'HH:mm:ss.SSS").format(new Date())}</v11:timestamp>
         </v1:messageContext>
         <v1:legalContext>ServiceIntegrator</v1:legalContext>
         <v1:request>            
            <v1:cardNumber>20000009435</v1:cardNumber>
            <v1:emittingPartner>0457419435</v1:emittingPartner>
         </v1:request>
      </v1:stopOrCancelCardRequest>
   </soapenv:Body>
</soapenv:Envelope>]]></con:request><con:assertion type="SOAP Fault Assertion" id="78949072-63cb-4968-b173-c6f1a9a65833" name="Not SOAP Fault"/><con:assertion type="SOAP Response" id="5ab5c5e6-b524-4c22-8c41-0e96f66e02c5" name="SOAP Response"/><con:assertion type="Schema Compliance" id="913ff858-4714-48d8-9c95-f6a700f538e5" name="Schema Compliance"><con:configuration/></con:assertion><con:wsaConfig action="http://fidus.brussels/services/europeandisabilitycardservice/stopOrCancelCard"/></con:request></con:config></con:testStep><con:properties/></con:testCase><con:properties/></con:testSuite><con:testSuite id="b5d52c4a-76b5-4dd1-81e5-87a1700cb6fb" name="PROD"><con:settings/><con:runType>SEQUENTIAL</con:runType><con:testCase id="c3b4ff7f-8365-435c-9c99-4b28f6f4acce" failOnError="true" failTestCaseOnErrors="true" keepSession="false" maxResults="0" name="consultActiveCards" searchProperties="true"><con:settings/><con:testStep type="request" id="89b33758-a1b7-4a98-ac9e-9657a376b17d" name="testcase05- Prod - External - Request"><con:settings/><con:config xsi:type="con:RequestStep" xmlns:xsi="http://www.w3.org/2001/XMLSchema-instance"><con:interface>EuropeanDisabilityCardServiceHTTPBinding</con:interface><con:operation>consultActiveCards</con:operation><con:request name="testcase05- Prod - External - Request" id="60b55699-1a3b-45c0-b4c8-f87833be9df5" outgoingWss="Outflow PROD"><con:settings/><con:encoding>UTF-8</con:encoding><con:endpoint>https://fidus.sec.brussels/services/EuropeanDisabilityCardService_v1.0</con:endpoint><con:request><![CDATA[<soapenv:Envelope xmlns:soapenv="http://schemas.xmlsoap.org/soap/envelope/" xmlns:v1="http://fidus.brussels/service/europeandisabilitycardservice/messages/v1" xmlns:v11="http://fidus.brussels/type/common/messages/v1">
   <soapenv:Header/>
   <soapenv:Body>
      <v1:consultActiveCardsRequest>         
         <v1:messageContext>
            <v11:messageId>${=import static java.util.UUID.randomUUID; uuid = randomUUID() as String}</v11:messageId>
            <!--Optional:-->
            <v11:timestamp>${=new java.text.SimpleDateFormat("yyyy-MM-dd'T'HH:mm:ss.SSS").format(new Date())}</v11:timestamp>
         </v1:messageContext>
         <v1:legalContext>ServiceIntegrator</v1:legalContext>
         <v1:request>
            <v1:ssin>10022104563</v1:ssin>
            <!--Optional:-->
            <v1:referenceDate>2017-09-01</v1:referenceDate>
         </v1:request>
      </v1:consultActiveCardsRequest>
   </soapenv:Body>
</soapenv:Envelope>]]></con:request><con:assertion type="SOAP Fault Assertion" id="c51353de-efd9-45df-842f-f761372c86f2" name="Not SOAP Fault"/><con:assertion type="SOAP Response" id="4dc50697-3869-409c-a1d1-4a82360ee4e1" name="SOAP Response"/><con:assertion type="Schema Compliance" id="5da31fa9-68b3-4065-aff2-27f2320ac231" name="Schema Compliance"><con:configuration/></con:assertion><con:wsaConfig action="http://fidus.brussels/services/europeandisabilitycardservice/consultActiveCards"/></con:request></con:config></con:testStep><con:testStep type="request" id="517c1922-aed0-401c-831e-c2507b3998fd" name="testcase05- Prod - LB - Request"><con:settings/><con:config xsi:type="con:RequestStep" xmlns:xsi="http://www.w3.org/2001/XMLSchema-instance"><con:interface>EuropeanDisabilityCardServiceHTTPBinding</con:interface><con:operation>consultActiveCards</con:operation><con:request name="testcase05- Prod - LB - Request" id="a2dbddae-d1ac-458a-96a9-6e4035b0cf3b" outgoingWss="Outflow PROD"><con:settings/><con:encoding>UTF-8</con:encoding><con:endpoint>https://fidus-esb-sg.prd.srv.cirb.lan:8443/services/EuropeanDisabilityCardService_v1.0</con:endpoint><con:request><![CDATA[<soapenv:Envelope xmlns:soapenv="http://schemas.xmlsoap.org/soap/envelope/" xmlns:v1="http://fidus.brussels/service/europeandisabilitycardservice/messages/v1" xmlns:v11="http://fidus.brussels/type/common/messages/v1">
   <soapenv:Header/>
   <soapenv:Body>
      <v1:consultActiveCardsRequest>         
         <v1:messageContext>
            <v11:messageId>${=import static java.util.UUID.randomUUID; uuid = randomUUID() as String}</v11:messageId>
            <!--Optional:-->
            <v11:timestamp>${=new java.text.SimpleDateFormat("yyyy-MM-dd'T'HH:mm:ss.SSS").format(new Date())}</v11:timestamp>
         </v1:messageContext>
         <v1:legalContext>ServiceIntegrator</v1:legalContext>
         <v1:request>
            <v1:ssin>10022104563</v1:ssin>
            <!--Optional:-->
            <v1:referenceDate>2017-09-01</v1:referenceDate>
         </v1:request>
      </v1:consultActiveCardsRequest>
   </soapenv:Body>
</soapenv:Envelope>]]></con:request><con:assertion type="SOAP Fault Assertion" id="7986cdf0-cf57-4b0b-b95a-e8e9fcc45464" name="Not SOAP Fault"/><con:assertion type="SOAP Response" id="ef234741-9cef-40b7-aa4c-5f45beb87239" name="SOAP Response"/><con:assertion type="Schema Compliance" id="f5932bbf-5f38-4894-aa2d-d037096b2811" name="Schema Compliance"><con:configuration/></con:assertion><con:wsaConfig action="http://fidus.brussels/services/europeandisabilitycardservice/consultActiveCards"/></con:request></con:config></con:testStep><con:testStep type="request" id="55d80c2d-6097-40bd-959d-d7c362bc9296" name="testcase05- Prod - Worker1 - Request"><con:settings/><con:config xsi:type="con:RequestStep" xmlns:xsi="http://www.w3.org/2001/XMLSchema-instance"><con:interface>EuropeanDisabilityCardServiceHTTPBinding</con:interface><con:operation>consultActiveCards</con:operation><con:request name="testcase05- Prod - Worker1 - Request" id="86869e77-68df-4203-ba45-32e1c3a92dea" outgoingWss="Outflow PROD"><con:settings/><con:encoding>UTF-8</con:encoding><con:endpoint>https://192.168.26.22:8443/services/EuropeanDisabilityCardService_v1.0</con:endpoint><con:request><![CDATA[<soapenv:Envelope xmlns:soapenv="http://schemas.xmlsoap.org/soap/envelope/" xmlns:v1="http://fidus.brussels/service/europeandisabilitycardservice/messages/v1" xmlns:v11="http://fidus.brussels/type/common/messages/v1">
   <soapenv:Header/>
   <soapenv:Body>
      <v1:consultActiveCardsRequest>         
         <v1:messageContext>
            <v11:messageId>${=import static java.util.UUID.randomUUID; uuid = randomUUID() as String}</v11:messageId>
            <!--Optional:-->
            <v11:timestamp>${=new java.text.SimpleDateFormat("yyyy-MM-dd'T'HH:mm:ss.SSS").format(new Date())}</v11:timestamp>
         </v1:messageContext>
         <v1:legalContext>ServiceIntegrator</v1:legalContext>
         <v1:request>
            <v1:ssin>10022104563</v1:ssin>
            <!--Optional:-->
            <v1:referenceDate>2017-09-01</v1:referenceDate>
         </v1:request>
      </v1:consultActiveCardsRequest>
   </soapenv:Body>
</soapenv:Envelope>]]></con:request><con:assertion type="SOAP Fault Assertion" id="f9fa3ae7-208a-405f-8fd0-e69c1ea32440" name="Not SOAP Fault"/><con:assertion type="SOAP Response" id="1396ce06-6355-4d2d-8e45-f1a0fae7ac0e" name="SOAP Response"/><con:assertion type="Schema Compliance" id="0ec7daaf-5fa5-4917-adc6-3dd09e2c3a6c" name="Schema Compliance"><con:configuration/></con:assertion><con:wsaConfig action="http://fidus.brussels/services/europeandisabilitycardservice/consultActiveCards"/></con:request></con:config></con:testStep><con:testStep type="request" id="028756df-96ea-49cf-8b50-41472a67d95f" name="testcase05- Prod - Worker2 - Request"><con:settings/><con:config xsi:type="con:RequestStep" xmlns:xsi="http://www.w3.org/2001/XMLSchema-instance"><con:interface>EuropeanDisabilityCardServiceHTTPBinding</con:interface><con:operation>consultActiveCards</con:operation><con:request name="testcase05- Prod - Worker2 - Request" id="573da1ef-530f-48de-be44-c7b1734aecd5" outgoingWss="Outflow PROD"><con:settings/><con:encoding>UTF-8</con:encoding><con:endpoint>https://192.168.26.19:8443/services/EuropeanDisabilityCardService_v1.0</con:endpoint><con:request><![CDATA[<soapenv:Envelope xmlns:soapenv="http://schemas.xmlsoap.org/soap/envelope/" xmlns:v1="http://fidus.brussels/service/europeandisabilitycardservice/messages/v1" xmlns:v11="http://fidus.brussels/type/common/messages/v1">
   <soapenv:Header/>
   <soapenv:Body>
      <v1:consultActiveCardsRequest>         
         <v1:messageContext>
            <v11:messageId>${=import static java.util.UUID.randomUUID; uuid = randomUUID() as String}</v11:messageId>
            <!--Optional:-->
            <v11:timestamp>${=new java.text.SimpleDateFormat("yyyy-MM-dd'T'HH:mm:ss.SSS").format(new Date())}</v11:timestamp>
         </v1:messageContext>
         <v1:legalContext>ServiceIntegrator</v1:legalContext>
         <v1:request>
            <v1:ssin>10022104563</v1:ssin>
            <!--Optional:-->
            <v1:referenceDate>2017-09-01</v1:referenceDate>
         </v1:request>
      </v1:consultActiveCardsRequest>
   </soapenv:Body>
</soapenv:Envelope>]]></con:request><con:assertion type="SOAP Fault Assertion" id="290add0b-c599-4ca5-a1a4-06c870d82909" name="Not SOAP Fault"/><con:assertion type="SOAP Response" id="ba9babbb-0859-4d32-a175-02376be6481d" name="SOAP Response"/><con:assertion type="Schema Compliance" id="f9115750-508b-4e01-becd-649d17eeaf5c" name="Schema Compliance"><con:configuration/></con:assertion><con:wsaConfig action="http://fidus.brussels/services/europeandisabilitycardservice/consultActiveCards"/></con:request></con:config></con:testStep><con:properties/></con:testCase><con:testCase id="e83b62f1-4117-49b7-b820-778d25a2d685" failOnError="true" failTestCaseOnErrors="true" keepSession="false" maxResults="0" name="consultAllCards" searchProperties="true"><con:settings/><con:testStep type="request" id="d47cad1b-a05f-40da-8d97-3a3d827f5f72" name="testcase05 - Prod - Worker1 - Request"><con:settings/><con:config xsi:type="con:RequestStep" xmlns:xsi="http://www.w3.org/2001/XMLSchema-instance"><con:interface>EuropeanDisabilityCardServiceHTTPBinding</con:interface><con:operation>consultAllCards</con:operation><con:request name="testcase05 - Prod - Worker1 - Request" id="6a227ffd-3d42-45dd-b8ac-edea1dca20b8" outgoingWss="Outflow PROD"><con:settings/><con:encoding>UTF-8</con:encoding><con:endpoint>https://192.168.26.22:8443/services/EuropeanDisabilityCardService_v1.0</con:endpoint><con:request><![CDATA[<soapenv:Envelope xmlns:soapenv="http://schemas.xmlsoap.org/soap/envelope/" xmlns:v1="http://fidus.brussels/service/europeandisabilitycardservice/messages/v1" xmlns:v11="http://fidus.brussels/type/common/messages/v1">
   <soapenv:Header/>
   <soapenv:Body>
      <v1:consultAllCardsRequest>
         <v1:messageContext>
            <v11:messageId>${=import static java.util.UUID.randomUUID; uuid = randomUUID() as String}</v11:messageId>
            <!--Optional:-->
            <v11:timestamp>${=new java.text.SimpleDateFormat("yyyy-MM-dd'T'HH:mm:ss.SSS").format(new Date())}</v11:timestamp>
         </v1:messageContext>
         <v1:legalContext>ServiceIntegrator</v1:legalContext>
         <v1:request>
            <v1:ssin>10022104563</v1:ssin>
         </v1:request>
      </v1:consultAllCardsRequest>
   </soapenv:Body>
</soapenv:Envelope>]]></con:request><con:assertion type="SOAP Fault Assertion" id="80736243-1e00-4edc-81af-b75f8b87a213" name="Not SOAP Fault"/><con:assertion type="SOAP Response" id="f59ed61d-be0d-47bf-92f1-f78dd57d87e9" name="SOAP Response"/><con:assertion type="Schema Compliance" id="e28111c1-cf8c-4571-9a1c-2dbbe489626e" name="Schema Compliance"><con:configuration/></con:assertion><con:wsaConfig action="http://fidus.brussels/services/europeandisabilitycardservice/consultAllCards"/></con:request></con:config></con:testStep><con:testStep type="request" id="cecb95dd-e35d-41fb-b438-be87181004c7" name="testcase05 - Prod - Worker2 - Request"><con:settings/><con:config xsi:type="con:RequestStep" xmlns:xsi="http://www.w3.org/2001/XMLSchema-instance"><con:interface>EuropeanDisabilityCardServiceHTTPBinding</con:interface><con:operation>consultAllCards</con:operation><con:request name="testcase05 - Prod - Worker2 - Request" id="cf1e2f4c-fe1b-4e7d-b81b-f6ad6d4d4b66" outgoingWss="Outflow PROD"><con:settings/><con:encoding>UTF-8</con:encoding><con:endpoint>https://192.168.26.19:8443/services/EuropeanDisabilityCardService_v1.0</con:endpoint><con:request><![CDATA[<soapenv:Envelope xmlns:soapenv="http://schemas.xmlsoap.org/soap/envelope/" xmlns:v1="http://fidus.brussels/service/europeandisabilitycardservice/messages/v1" xmlns:v11="http://fidus.brussels/type/common/messages/v1">
   <soapenv:Header/>
   <soapenv:Body>
      <v1:consultAllCardsRequest>
         <v1:messageContext>
            <v11:messageId>${=import static java.util.UUID.randomUUID; uuid = randomUUID() as String}</v11:messageId>
            <!--Optional:-->
            <v11:timestamp>${=new java.text.SimpleDateFormat("yyyy-MM-dd'T'HH:mm:ss.SSS").format(new Date())}</v11:timestamp>
         </v1:messageContext>
         <v1:legalContext>ServiceIntegrator</v1:legalContext>
         <v1:request>
            <v1:ssin>10022104563</v1:ssin>
         </v1:request>
      </v1:consultAllCardsRequest>
   </soapenv:Body>
</soapenv:Envelope>]]></con:request><con:assertion type="SOAP Fault Assertion" id="81dc18b8-03f6-47a8-b40d-e29a3b2b7562" name="Not SOAP Fault"/><con:assertion type="SOAP Response" id="0ebb5968-ffdf-4057-b8d1-64ffa416dddf" name="SOAP Response"/><con:assertion type="Schema Compliance" id="c22627f1-f944-4267-9bdb-1c1cdc30e19d" name="Schema Compliance"><con:configuration/></con:assertion><con:wsaConfig action="http://fidus.brussels/services/europeandisabilitycardservice/consultAllCards"/></con:request></con:config></con:testStep><con:testStep type="request" id="af89e922-cf14-4cd6-a3af-83f154c2211f" name="testcase05 - Prod - External - Request"><con:settings/><con:config xsi:type="con:RequestStep" xmlns:xsi="http://www.w3.org/2001/XMLSchema-instance"><con:interface>EuropeanDisabilityCardServiceHTTPBinding</con:interface><con:operation>consultAllCards</con:operation><con:request name="testcase05 - Prod - External - Request" id="08173152-2b54-4f4e-bdaf-f0f09b3a3106" outgoingWss="Outflow PROD"><con:settings/><con:encoding>UTF-8</con:encoding><con:endpoint>https://fidus.sec.brussels/services/EuropeanDisabilityCardService_v1.0</con:endpoint><con:request><![CDATA[<soapenv:Envelope xmlns:soapenv="http://schemas.xmlsoap.org/soap/envelope/" xmlns:v1="http://fidus.brussels/service/europeandisabilitycardservice/messages/v1" xmlns:v11="http://fidus.brussels/type/common/messages/v1">
   <soapenv:Header/>
   <soapenv:Body>
      <v1:consultAllCardsRequest>
         <v1:messageContext>
            <v11:messageId>${=import static java.util.UUID.randomUUID; uuid = randomUUID() as String}</v11:messageId>
            <!--Optional:-->
            <v11:timestamp>${=new java.text.SimpleDateFormat("yyyy-MM-dd'T'HH:mm:ss.SSS").format(new Date())}</v11:timestamp>
         </v1:messageContext>
         <v1:legalContext>ServiceIntegrator</v1:legalContext>
         <v1:request>
            <v1:ssin>10022104563</v1:ssin>
         </v1:request>
      </v1:consultAllCardsRequest>
   </soapenv:Body>
</soapenv:Envelope>]]></con:request><con:assertion type="SOAP Fault Assertion" id="3d64f51c-89a1-4884-a16e-2451f4864315" name="Not SOAP Fault"/><con:assertion type="SOAP Response" id="ee287ebe-04c0-4849-bcb2-3e7454a0d391" name="SOAP Response"/><con:assertion type="Schema Compliance" id="27ffcaba-a3ca-41a8-a1df-74b96534cefe" name="Schema Compliance"><con:configuration/></con:assertion><con:wsaConfig action="http://fidus.brussels/services/europeandisabilitycardservice/consultAllCards"/></con:request></con:config></con:testStep><con:testStep type="request" id="ed4caea0-25ea-4896-af13-b51c1096e0f4" name="testcase05 - Prod - LB - Request"><con:settings/><con:config xsi:type="con:RequestStep" xmlns:xsi="http://www.w3.org/2001/XMLSchema-instance"><con:interface>EuropeanDisabilityCardServiceHTTPBinding</con:interface><con:operation>consultAllCards</con:operation><con:request name="testcase05 - Prod - LB - Request" id="9d4263ea-794c-4d43-b8ce-7fd721120d94" outgoingWss="Outflow PROD"><con:settings/><con:encoding>UTF-8</con:encoding><con:endpoint>https://fidus-esb-sg.prd.srv.cirb.lan:8443/services/EuropeanDisabilityCardService_v1.0</con:endpoint><con:request><![CDATA[<soapenv:Envelope xmlns:soapenv="http://schemas.xmlsoap.org/soap/envelope/" xmlns:v1="http://fidus.brussels/service/europeandisabilitycardservice/messages/v1" xmlns:v11="http://fidus.brussels/type/common/messages/v1">
   <soapenv:Header/>
   <soapenv:Body>
      <v1:consultAllCardsRequest>
         <v1:messageContext>
            <v11:messageId>${=import static java.util.UUID.randomUUID; uuid = randomUUID() as String}</v11:messageId>
            <!--Optional:-->
            <v11:timestamp>${=new java.text.SimpleDateFormat("yyyy-MM-dd'T'HH:mm:ss.SSS").format(new Date())}</v11:timestamp>
         </v1:messageContext>
         <v1:legalContext>ServiceIntegrator</v1:legalContext>
         <v1:request>
            <v1:ssin>10022104563</v1:ssin>
         </v1:request>
      </v1:consultAllCardsRequest>
   </soapenv:Body>
</soapenv:Envelope>]]></con:request><con:assertion type="SOAP Fault Assertion" id="9d3db6dd-a499-4220-a12b-f38525226002" name="Not SOAP Fault"/><con:assertion type="SOAP Response" id="35ae8e85-2ee2-41fc-a3d5-cf8b4e680bb0" name="SOAP Response"/><con:assertion type="Schema Compliance" id="1d53592e-b92e-422b-8ae9-a0d3bd8f63f9" name="Schema Compliance"><con:configuration/></con:assertion><con:wsaConfig action="http://fidus.brussels/services/europeandisabilitycardservice/consultAllCards"/></con:request></con:config></con:testStep><con:properties/></con:testCase><con:properties/></con:testSuite><con:mockService id="02ec3aaa-1282-4229-8091-7e3b8baca221" port="8088" path="/mockEuropeanDisabilityCardServiceHTTPBinding" host="localhost.localdomain" name="MockService 1"><con:settings><con:setting id="com.eviware.soapui.impl.wsdl.mock.WsdlMockService@require-soap-action">false</con:setting></con:settings><con:properties/><con:mockOperation name="consultActiveCards" id="9de3ffeb-0ef9-4f53-939c-7f8664365534" interface="EuropeanDisabilityCardServiceHTTPBinding" operation="consultActiveCards"><con:settings/><con:defaultResponse>Response 1</con:defaultResponse><con:dispatchStyle>SEQUENCE</con:dispatchStyle><con:response name="Response 1" id="73cfac59-2d73-4590-99ee-71a3f6efdee5" httpResponseStatus="200" encoding="UTF-8"><con:settings/><con:responseContent><![CDATA[<soapenv:Envelope xmlns:soapenv="http://schemas.xmlsoap.org/soap/envelope/" xmlns:v1="http://fidus.brussels/service/europeandisabilitycardservice/messages/v1" xmlns:v11="http://fidus.brussels/type/common/messages/v1" xmlns:v12="http://fidus.brussels/type/common/exceptions/v1">
   <soapenv:Header/>
   <soapenv:Body>
      <v1:consultActiveCardsResponse>
         <v1:messageContext>
            <v11:messageId>?</v11:messageId>
            <v11:transactionId>?</v11:transactionId>
            <!--Optional:-->
            <v11:timestamp>?</v11:timestamp>
         </v1:messageContext>
         <!--Optional:-->
         <v1:responses>
            <informationCustomer>
               <!--Optional:-->
               <ticket>?</ticket>
               <!--Optional:-->
               <timestampSent>?</timestampSent>
               <customerIdentification>
                  <!--You have a CHOICE of the next 2 items at this level-->
                  <cbeNumber>?</cbeNumber>
                  <sector>?</sector>
                  <institution>?</institution>
               </customerIdentification>
            </informationCustomer>
            <informationCBSS>
               <ticketCBSS>?</ticketCBSS>
               <timestampReceive>?</timestampReceive>
               <timestampReply>?</timestampReply>
            </informationCBSS>
            <legalContext>?</legalContext>
            <criteria>
               <ssin>?</ssin>
               <!--Optional:-->
               <referenceDate>?</referenceDate>
            </criteria>
            <status>
               <value>?</value>
               <code>?</code>
               <!--Optional:-->
               <description>?</description>
               <!--0 to 15 repetitions:-->
               <information>
                  <fieldName>?</fieldName>
                  <!--Optional:-->
                  <fieldValue>?</fieldValue>
               </information>
            </status>
            <!--Optional:-->
            <ssin canceled="?" replacedBy="?">?</ssin>
            <!--Optional:-->
            <activeCards>
               <!--1 to 10 repetitions:-->
               <card>
                  <cardNumber>?</cardNumber>
                  <lifePhase>?</lifePhase>
                  <!--Optional:-->
                  <failureOrReturnReason>?</failureOrReturnReason>
                  <validityBeginDate>?</validityBeginDate>
                  <validityEndDate>?</validityEndDate>
                  <!--Optional:-->
                  <prematureValidityEndDate>?</prematureValidityEndDate>
                  <emittingPartner>?</emittingPartner>
                  <latestUpdateTimestamp>?</latestUpdateTimestamp>
               </card>
            </activeCards>
         </v1:responses>
         <!--Optional:-->
         <v1:exceptions>
            <!--1 or more repetitions:-->
            <v12:exception>
               <v12:type>?</v12:type>
               <v12:code>?</v12:code>
               <v12:source>?</v12:source>
               <v12:description>?</v12:description>
            </v12:exception>
         </v1:exceptions>
      </v1:consultActiveCardsResponse>
   </soapenv:Body>
</soapenv:Envelope>]]></con:responseContent><con:wsaConfig mustUnderstand="NONE" version="200508" action="http://fidus.brussels/services/europeandisabilitycardservice/consultActiveCards"/></con:response><con:dispatchConfig/></con:mockOperation><con:mockOperation name="consultAllCards" id="6f537f29-83dc-449b-9ade-ad8412322538" interface="EuropeanDisabilityCardServiceHTTPBinding" operation="consultAllCards"><con:settings/><con:defaultResponse>Response 1</con:defaultResponse><con:dispatchStyle>SEQUENCE</con:dispatchStyle><con:response name="Response 1" id="d94533b9-0447-479f-98c7-738f216bd41f" httpResponseStatus="200" encoding="UTF-8"><con:settings/><con:responseContent><![CDATA[<soapenv:Envelope xmlns:soapenv="http://schemas.xmlsoap.org/soap/envelope/" xmlns:v1="http://fidus.brussels/service/europeandisabilitycardservice/messages/v1" xmlns:v11="http://fidus.brussels/type/common/messages/v1" xmlns:v12="http://fidus.brussels/type/common/exceptions/v1">
   <soapenv:Header/>
   <soapenv:Body>
      <v1:consultAllCardsResponse>
         <v1:messageContext>
            <v11:messageId>?</v11:messageId>
            <v11:transactionId>?</v11:transactionId>
            <!--Optional:-->
            <v11:timestamp>?</v11:timestamp>
         </v1:messageContext>
         <!--Optional:-->
         <v1:responses>
            <informationCustomer>
               <!--Optional:-->
               <ticket>?</ticket>
               <!--Optional:-->
               <timestampSent>?</timestampSent>
               <customerIdentification>
                  <!--You have a CHOICE of the next 2 items at this level-->
                  <cbeNumber>?</cbeNumber>
                  <sector>?</sector>
                  <institution>?</institution>
               </customerIdentification>
            </informationCustomer>
            <informationCBSS>
               <ticketCBSS>?</ticketCBSS>
               <timestampReceive>?</timestampReceive>
               <timestampReply>?</timestampReply>
            </informationCBSS>
            <legalContext>?</legalContext>
            <criteria>
               <ssin>?</ssin>
            </criteria>
            <status>
               <value>?</value>
               <code>?</code>
               <!--Optional:-->
               <description>?</description>
               <!--0 to 15 repetitions:-->
               <information>
                  <fieldName>?</fieldName>
                  <!--Optional:-->
                  <fieldValue>?</fieldValue>
               </information>
            </status>
            <!--Optional:-->
            <ssin canceled="?" replacedBy="?">?</ssin>
            <!--Optional:-->
            <allCards>
               <!--1 or more repetitions:-->
               <card>
                  <cardNumber>?</cardNumber>
                  <lifePhase>?</lifePhase>
                  <!--Optional:-->
                  <failureOrReturnReason>?</failureOrReturnReason>
                  <validityBeginDate>?</validityBeginDate>
                  <validityEndDate>?</validityEndDate>
                  <!--Optional:-->
                  <prematureValidityEndDate>?</prematureValidityEndDate>
                  <emittingPartner>?</emittingPartner>
                  <latestUpdateTimestamp>?</latestUpdateTimestamp>
               </card>
            </allCards>
         </v1:responses>
         <!--Optional:-->
         <v1:exceptions>
            <!--1 or more repetitions:-->
            <v12:exception>
               <v12:type>?</v12:type>
               <v12:code>?</v12:code>
               <v12:source>?</v12:source>
               <v12:description>?</v12:description>
            </v12:exception>
         </v1:exceptions>
      </v1:consultAllCardsResponse>
   </soapenv:Body>
</soapenv:Envelope>]]></con:responseContent><con:wsaConfig mustUnderstand="NONE" version="200508" action="http://fidus.brussels/services/europeandisabilitycardservice/consultAllCards"/></con:response><con:dispatchConfig/></con:mockOperation><con:mockOperation name="createCard" id="37492b36-132c-4cb3-87f8-c64bc9a995e1" interface="EuropeanDisabilityCardServiceHTTPBinding" operation="createCard"><con:settings/><con:defaultResponse>Response 1</con:defaultResponse><con:dispatchStyle>SEQUENCE</con:dispatchStyle><con:response name="Response 1" id="60f56773-f9e5-467d-be78-8da4389b583f" httpResponseStatus="200" encoding="UTF-8"><con:settings/><con:responseContent><![CDATA[<soapenv:Envelope xmlns:soapenv="http://schemas.xmlsoap.org/soap/envelope/" xmlns:v1="http://fidus.brussels/service/europeandisabilitycardservice/messages/v1" xmlns:v11="http://fidus.brussels/type/common/messages/v1" xmlns:v12="http://fidus.brussels/type/common/exceptions/v1">
   <soapenv:Header/>
   <soapenv:Body>
      <v1:createCardResponse>
         <v1:messageContext>
            <v11:messageId>?</v11:messageId>
            <v11:transactionId>?</v11:transactionId>
            <!--Optional:-->
            <v11:timestamp>?</v11:timestamp>
         </v1:messageContext>
         <!--Optional:-->
         <v1:responses>
            <informationCustomer>
               <!--Optional:-->
               <ticket>?</ticket>
               <!--Optional:-->
               <timestampSent>?</timestampSent>
               <customerIdentification>
                  <!--You have a CHOICE of the next 2 items at this level-->
                  <cbeNumber>?</cbeNumber>
                  <sector>?</sector>
                  <institution>?</institution>
               </customerIdentification>
            </informationCustomer>
            <informationCBSS>
               <ticketCBSS>?</ticketCBSS>
               <timestampReceive>?</timestampReceive>
               <timestampReply>?</timestampReply>
            </informationCBSS>
            <legalContext>?</legalContext>
            <criteria>
               <ssin>?</ssin>
               <emittingPartner>?</emittingPartner>
               <language>?</language>
               <forceCreation>?</forceCreation>
            </criteria>
            <status>
               <value>?</value>
               <code>?</code>
               <!--Optional:-->
               <description>?</description>
               <!--0 to 15 repetitions:-->
               <information>
                  <fieldName>?</fieldName>
                  <!--Optional:-->
                  <fieldValue>?</fieldValue>
               </information>
            </status>
            <ssin canceled="?" replacedBy="?">?</ssin>
            <!--Optional:-->
            <newCard>
               <card>
                  <cardNumber>?</cardNumber>
                  <lifePhase>?</lifePhase>
                  <!--Optional:-->
                  <failureOrReturnReason>?</failureOrReturnReason>
                  <validityBeginDate>?</validityBeginDate>
                  <validityEndDate>?</validityEndDate>
                  <!--Optional:-->
                  <prematureValidityEndDate>?</prematureValidityEndDate>
                  <emittingPartner>?</emittingPartner>
                  <latestUpdateTimestamp>?</latestUpdateTimestamp>
               </card>
               <legalData>
                  <lastName>?</lastName>
                  <!--Optional:-->
                  <firstName>?</firstName>
                  <genderCode>?</genderCode>
                  <birthDate>?</birthDate>
                  <address>
                     <!--You have a CHOICE of the next 2 items at this level-->
                     <belgianAddress>
                        <postalCode>?</postalCode>
                        <cityName>?</cityName>
                        <streetName>?</streetName>
                        <!--Optional:-->
                        <houseNumber>?</houseNumber>
                        <!--Optional:-->
                        <boxNumber>?</boxNumber>
                     </belgianAddress>
                     <diplomaticPostAddress>
                        <countryName>?</countryName>
                        <plainAddress>?</plainAddress>
                     </diplomaticPostAddress>
                  </address>
                  <photoPresent>?</photoPresent>
               </legalData>
            </newCard>
            <!--Optional:-->
            <otherActiveCards>
               <!--1 to 10 repetitions:-->
               <card>
                  <cardNumber>?</cardNumber>
                  <lifePhase>?</lifePhase>
                  <!--Optional:-->
                  <failureOrReturnReason>?</failureOrReturnReason>
                  <validityBeginDate>?</validityBeginDate>
                  <validityEndDate>?</validityEndDate>
                  <!--Optional:-->
                  <prematureValidityEndDate>?</prematureValidityEndDate>
                  <emittingPartner>?</emittingPartner>
                  <latestUpdateTimestamp>?</latestUpdateTimestamp>
               </card>
            </otherActiveCards>
         </v1:responses>
         <!--Optional:-->
         <v1:exceptions>
            <!--1 or more repetitions:-->
            <v12:exception>
               <v12:type>?</v12:type>
               <v12:code>?</v12:code>
               <v12:source>?</v12:source>
               <v12:description>?</v12:description>
            </v12:exception>
         </v1:exceptions>
      </v1:createCardResponse>
   </soapenv:Body>
</soapenv:Envelope>]]></con:responseContent><con:wsaConfig mustUnderstand="NONE" version="200508" action="http://fidus.brussels/services/europeandisabilitycardservice/createCard"/></con:response><con:dispatchConfig/></con:mockOperation><con:mockOperation name="stopOrCancelCard" id="9a242153-1c78-4b08-95af-c49cedd5db47" interface="EuropeanDisabilityCardServiceHTTPBinding" operation="stopOrCancelCard"><con:settings/><con:defaultResponse>Response 1</con:defaultResponse><con:dispatchStyle>SEQUENCE</con:dispatchStyle><con:response name="Response 1" id="f90f7dc3-1ff6-4c78-968e-439afb632b34" httpResponseStatus="200" encoding="UTF-8"><con:settings/><con:responseContent><![CDATA[<soapenv:Envelope xmlns:soapenv="http://schemas.xmlsoap.org/soap/envelope/" xmlns:v1="http://fidus.brussels/service/europeandisabilitycardservice/messages/v1" xmlns:v11="http://fidus.brussels/type/common/messages/v1" xmlns:v12="http://fidus.brussels/type/common/exceptions/v1">
   <soapenv:Header/>
   <soapenv:Body>
      <v1:stopOrCancelCardResponse>
         <v1:messageContext>
            <v11:messageId>?</v11:messageId>
            <v11:transactionId>?</v11:transactionId>
            <!--Optional:-->
            <v11:timestamp>?</v11:timestamp>
         </v1:messageContext>
         <!--Optional:-->
         <v1:responses>
            <informationCustomer>
               <!--Optional:-->
               <ticket>?</ticket>
               <!--Optional:-->
               <timestampSent>?</timestampSent>
               <customerIdentification>
                  <!--You have a CHOICE of the next 2 items at this level-->
                  <cbeNumber>?</cbeNumber>
                  <sector>?</sector>
                  <institution>?</institution>
               </customerIdentification>
            </informationCustomer>
            <informationCBSS>
               <ticketCBSS>?</ticketCBSS>
               <timestampReceive>?</timestampReceive>
               <timestampReply>?</timestampReply>
            </informationCBSS>
            <legalContext>?</legalContext>
            <criteria>
               <cardNumber>?</cardNumber>
               <emittingPartner>?</emittingPartner>
            </criteria>
            <status>
               <value>?</value>
               <code>?</code>
               <!--Optional:-->
               <description>?</description>
               <!--0 to 15 repetitions:-->
               <information>
                  <fieldName>?</fieldName>
                  <!--Optional:-->
                  <fieldValue>?</fieldValue>
               </information>
            </status>
            <!--Optional:-->
            <result>
               <!--You have a CHOICE of the next 2 items at this level-->
               <prematureValidityEndDate>?</prematureValidityEndDate>
               <cardCanceled>true</cardCanceled>
            </result>
         </v1:responses>
         <!--Optional:-->
         <v1:exceptions>
            <!--1 or more repetitions:-->
            <v12:exception>
               <v12:type>?</v12:type>
               <v12:code>?</v12:code>
               <v12:source>?</v12:source>
               <v12:description>?</v12:description>
            </v12:exception>
         </v1:exceptions>
      </v1:stopOrCancelCardResponse>
   </soapenv:Body>
</soapenv:Envelope>]]></con:responseContent><con:wsaConfig mustUnderstand="NONE" version="200508" action="http://fidus.brussels/services/europeandisabilitycardservice/stopOrCancelCard"/></con:response><con:dispatchConfig/></con:mockOperation></con:mockService><con:properties/><con:wssContainer><con:crypto><con:source>data/wso2/keystores/user-rajarshi.jks</con:source><con:password>test@fidus01</con:password><con:type>KEYSTORE</con:type></con:crypto><con:outgoing><con:name>Outflow DEV</con:name></con:outgoing><con:outgoing><con:name>Outflow TEST</con:name><con:entry type="Signature" username="testuser-test.fidus.brussels" password="test@fidus01"><con:configuration><crypto>user-rajarshi.jks</crypto><keyIdentifierType>3</keyIdentifierType><signatureAlgorithm/><signatureCanonicalization/><useSingleCert>true</useSingleCert><digestAlgorithm/><customTokenValueType/><customTokenId/></con:configuration></con:entry><con:entry type="Timestamp"><con:configuration><timeToLive>300000</timeToLive><strictTimestamp>true</strictTimestamp></con:configuration></con:entry></con:outgoing><con:outgoing><con:name>Outflow STAG</con:name></con:outgoing><con:outgoing><con:name>Outflow PROD</con:name></con:outgoing></con:wssContainer><con:oAuth2ProfileContainer/><con:oAuth1ProfileContainer/><con:sensitiveInformation/></con:soapui-project>