<?xml version="1.0" encoding="UTF-8"?>
<con:soapui-project activeEnvironment="Default" name="Client-EnterpriseSocialDebtService-soapui-project" resourceRoot="" soapui-version="5.1.3" abortOnError="false" runType="SEQUENTIAL" id="258b2078-7fde-4e84-b415-90e79b93b3a0" xmlns:con="http://eviware.com/soapui/config">
  <con:settings/>
  <con:interface xsi:type="con:WsdlInterface" wsaVersion="NONE" name="EnterpriseSocialDebtServiceHTTPBinding" type="wsdl" bindingName="{http://fidus.brussels/service/enterprisesocialdebtservice/v1}EnterpriseSocialDebtServiceHTTPBinding" soapVersion="1_1" anonymous="optional" definition="/home/adussart/projects/git/fidus/parent/enterprisesocialdebtservice_1.0/EnterpriseSocialDebtServiceGateway/src/main/resources/wsdl/enterpriseSocialDebtService/1.0.0/EnterpriseSocialDebtService_v1.wsdl" id="752d788d-c721-4a26-ac29-1242e27aacf6" xmlns:xsi="http://www.w3.org/2001/XMLSchema-instance">
    <con:settings/>
    
    <con:definitionCache type="TEXT" rootPart="file:/home/adussart/projects/git/fidus/parent/enterprisesocialdebtservice_1.0/EnterpriseSocialDebtServiceGateway/src/main/resources/wsdl/enterpriseSocialDebtService/1.0.0/EnterpriseSocialDebtService_v1.wsdl"><con:part><con:url>file:/home/adussart/projects/git/fidus/parent/enterprisesocialdebtservice_1.0/EnterpriseSocialDebtServiceGateway/src/main/resources/wsdl/enterpriseSocialDebtService/1.0.0/EnterpriseSocialDebtService_v1.wsdl</con:url><con:content><![CDATA[<wsdl:definitions targetNamespace="http://fidus.brussels/service/enterprisesocialdebtservice/v1" name="EnterpriseSocialDebtService" xmlns:soap="http://schemas.xmlsoap.org/wsdl/soap/" xmlns:wsdl="http://schemas.xmlsoap.org/wsdl/" xmlns:xsd="http://www.w3.org/2001/XMLSchema" xmlns:mes="http://fidus.brussels/service/enterprisesocialdebtservice/messages/v1" xmlns:tns="http://fidus.brussels/service/enterprisesocialdebtservice/v1">
  <xsd:annotation>
    <xsd:documentation>Enterprise Social Debt service WDSL v1.</xsd:documentation>
  </xsd:annotation>
  <wsdl:types>
    <xsd:schema targetNamespace="http://fidus.brussels/service/enterprisesocialdebtservice/v1" elementFormDefault="qualified">
      <xsd:import namespace="http://fidus.brussels/service/enterprisesocialdebtservice/messages/v1" schemaLocation="messages/enterpriseSocialDebtServiceMessages_v1.xsd"/>
    </xsd:schema>
  </wsdl:types>
  <wsdl:message name="consultSocialDebtRequestMessage">
    <wsdl:part name="ConsultSocialDebtRequest" element="mes:consultSocialDebtRequest"/>
  </wsdl:message>
  <wsdl:message name="consultSocialDebtResponseMessage">
    <wsdl:part name="ConsultSocialDebtResponse" element="mes:consultSocialDebtResponse"/>
  </wsdl:message>
  <wsdl:portType name="EnterpriseSocialDebtServicePortType">
    <wsdl:operation name="consultSocialDebt">
      <wsdl:input message="tns:consultSocialDebtRequestMessage"/>
      <wsdl:output message="tns:consultSocialDebtResponseMessage"/>
    </wsdl:operation>
  </wsdl:portType>
  <wsdl:binding name="EnterpriseSocialDebtServiceHTTPBinding" type="tns:EnterpriseSocialDebtServicePortType">
    <soap:binding style="document" transport="http://schemas.xmlsoap.org/soap/http"/>
    <wsdl:operation name="consultSocialDebt">
      <soap:operation soapAction="http://fidus.brussels/services/enterprisesocialdebtservice/consultSocialDebt"/>
      <wsdl:input>
        <soap:body use="literal"/>
      </wsdl:input>
      <wsdl:output>
        <soap:body use="literal"/>
      </wsdl:output>
    </wsdl:operation>
  </wsdl:binding>
  <wsdl:service name="EnterpriseSocialService_v1">
    <wsdl:port name="EnterpriseSocialDebtService_v1" binding="tns:EnterpriseSocialDebtServiceHTTPBinding">
      <soap:address location="http://fidus.brussels/services/enterprisesocialdebtservice/v1"/>
    </wsdl:port>
  </wsdl:service>
</wsdl:definitions>]]></con:content><con:type>http://schemas.xmlsoap.org/wsdl/</con:type></con:part><con:part><con:url>file:/home/adussart/projects/git/fidus/parent/enterprisesocialdebtservice_1.0/EnterpriseSocialDebtServiceGateway/src/main/resources/wsdl/enterpriseSocialDebtService/1.0.0/messages/enterpriseSocialDebtServiceMessages_v1.xsd</con:url><con:content><![CDATA[<xsd:schema targetNamespace="http://fidus.brussels/service/enterprisesocialdebtservice/messages/v1" elementFormDefault="qualified" attributeFormDefault="unqualified" version="1.0" xmlns:xsd="http://www.w3.org/2001/XMLSchema" xmlns:cme="http://fidus.brussels/type/common/messages/v1" xmlns:exc="http://fidus.brussels/type/common/exceptions/v1" xmlns:tns="http://fidus.brussels/service/enterprisesocialdebtservice/messages/v1" xmlns:comesd="http://kszbcss.fgov.be/types/EnterpriseSocialDebt/common/v1" xmlns:common="http://kszbcss.fgov.be/types/common/v3">
  <xsd:import namespace="http://fidus.brussels/type/common/messages/v1" schemaLocation="baseMessageTypes_v1.xsd"/>
  <xsd:import namespace="http://fidus.brussels/type/common/exceptions/v1" schemaLocation="exceptionTypes_v1.xsd"/>
  <xsd:import namespace="http://kszbcss.fgov.be/types/EnterpriseSocialDebt/common/v1" schemaLocation="../socialdebts/EnterpriseSocialDebtCommonV1.xsd"/>
  <xsd:import namespace="http://kszbcss.fgov.be/types/common/v3" schemaLocation="../socialdebts/be/fgov/kszbcss/types/common/CommonV3.xsd"/>
  <xsd:complexType name="EnterpriseSocialDebtServiceRequestType">
    <xsd:annotation>
      <xsd:documentation>The enterprise which information is requested.</xsd:documentation>
    </xsd:annotation>
    <xsd:sequence>
      <xsd:element name="searchCriteria" type="comesd:SearchCriteriaType" form="unqualified"/>
    </xsd:sequence>
  </xsd:complexType>
  <!--Request getEnterpriseSocialDebtService definition-->
  <xsd:complexType name="ConsultSocialDebtRequestType">
    <xsd:sequence>
      <xsd:element name="messageContext" type="cme:RequestMessageContextType"/>
      <xsd:element name="legalContext" type="cme:LegalContextType"/>
      <xsd:element name="request" type="tns:EnterpriseSocialDebtServiceRequestType"/>
    </xsd:sequence>
  </xsd:complexType>
  <!--Request getEnterpriseSocialDebtService definition-->
  <xsd:complexType name="ConsultSocialDebtResponseType">
    <xsd:sequence>
      <xsd:element name="messageContext" type="cme:ResponseMessageContextType"/>
      <xsd:element name="responses" type="tns:ResponsesType" minOccurs="0"/>
      <xsd:element name="exceptions" type="exc:ExceptionsType" minOccurs="0">
        <xsd:annotation>
          <xsd:documentation>Technical errors that occur when processing the message context e.g. insufficient rights.</xsd:documentation>
        </xsd:annotation>
      </xsd:element>
    </xsd:sequence>
  </xsd:complexType>
  <xsd:complexType name="ResponsesType">
    <xsd:sequence>
      <xsd:element name="response" type="tns:ResponseType" minOccurs="1" maxOccurs="1"/>
    </xsd:sequence>
  </xsd:complexType>
  <xsd:complexType name="ResponseType">
    <xsd:sequence>
      <xsd:element name="socialDebt" type="tns:ConsultEnterpriseSocialDebtResponseType" minOccurs="0" maxOccurs="unbounded"/>
      <xsd:element name="exceptions" type="exc:ExceptionsType" minOccurs="0">
        <xsd:annotation>
          <xsd:documentation>Business exceptions that occur when processing the request or response e.g. missing data for a single response element.
			Exceptions at this level may contain back-end specific codes and content.</xsd:documentation>
        </xsd:annotation>
      </xsd:element>
    </xsd:sequence>
  </xsd:complexType>
  <xsd:complexType name="ConsultEnterpriseSocialDebtResponseType">
    <xsd:choice minOccurs="0">
      <xsd:element name="balanceAcknowledgement" type="xsd:boolean"/>
      <xsd:element name="financialSituation" type="comesd:EnterpriseSocialDebtResponseType"/>
    </xsd:choice>
  </xsd:complexType>
  <!--Element of the request and the response-->
  <xsd:element name="consultSocialDebtRequest" type="tns:ConsultSocialDebtRequestType"/>
  <xsd:element name="consultSocialDebtResponse" type="tns:ConsultSocialDebtResponseType"/>
</xsd:schema>]]></con:content><con:type>http://www.w3.org/2001/XMLSchema</con:type></con:part><con:part><con:url>file:/home/adussart/projects/git/fidus/parent/enterprisesocialdebtservice_1.0/EnterpriseSocialDebtServiceGateway/src/main/resources/wsdl/enterpriseSocialDebtService/1.0.0/messages/baseMessageTypes_v1.xsd</con:url><con:content><![CDATA[<xsd:schema targetNamespace="http://fidus.brussels/type/common/messages/v1" elementFormDefault="qualified" attributeFormDefault="unqualified" version="1.0" xmlns:xsd="http://www.w3.org/2001/XMLSchema" xmlns:cmn="http://fidus.brussels/type/common/v1" xmlns:tns="http://fidus.brussels/type/common/messages/v1">
  <!--Unformatted message Id-->
  <xsd:simpleType name="MessageIdType">
    <xsd:restriction base="xsd:string">
      <xsd:minLength value="1"/>
      <xsd:maxLength value="64"/>
    </xsd:restriction>
  </xsd:simpleType>
  <!--National Number of the person. Format depending on the Register-->
  <xsd:simpleType name="PersonNumberType">
    <xsd:restriction base="xsd:string">
      <xsd:pattern value="[0-9][0-9](([0][0-9])|([1][0-2]))(([0-2][0-9])|([3][0-1]))(([0-9]{2}[1-9])|([0-9][1-9][0-9])|([1-9][0-9]{2}))(([0-8][0-9])|([9][0-7]))">
        <xsd:annotation>
          <xsd:documentation>National Register format</xsd:documentation>
        </xsd:annotation>
      </xsd:pattern>
      <xsd:pattern value="[0-9][0-9](([2][0-9])|([3][0-2]))(([0-2][0-9])|([3][0-1]))[0-9]{3}(([0-8][0-9])|([9][0-7]))">
        <xsd:annotation>
          <xsd:documentation>CBSS Register format: Bis Register</xsd:documentation>
        </xsd:annotation>
      </xsd:pattern>
      <xsd:pattern value="[0-9][0-9](([4][0-9])|([5][0-2]))(([0-2][0-9])|([3][0-1]))[0-9]{3}(([0-8][0-9])|([9][0-7]))">
        <xsd:annotation>
          <xsd:documentation>CBSS Register format: Ter Register</xsd:documentation>
        </xsd:annotation>
      </xsd:pattern>
    </xsd:restriction>
  </xsd:simpleType>
  <!--Request message context-->
  <xsd:complexType name="RequestMessageContextType">
    <xsd:annotation>
      <xsd:documentation>Message context block generated by the consumer.</xsd:documentation>
    </xsd:annotation>
    <xsd:sequence>
      <xsd:element name="messageId" type="tns:MessageIdType">
        <xsd:annotation>
          <xsd:documentation>Consumer must assign their own MessageId reference for the request.</xsd:documentation>
        </xsd:annotation>
      </xsd:element>
      <xsd:element name="timestamp" type="xsd:dateTime" minOccurs="0">
        <xsd:annotation>
          <xsd:documentation>Timestamp when client sent request.</xsd:documentation>
        </xsd:annotation>
      </xsd:element>
    </xsd:sequence>
  </xsd:complexType>
  <!--Response message context-->
  <xsd:complexType name="ResponseMessageContextType">
    <xsd:annotation>
      <xsd:documentation>MessageContext block generated by fidus.</xsd:documentation>
    </xsd:annotation>
    <xsd:sequence>
      <xsd:element name="messageId" type="tns:MessageIdType">
        <xsd:annotation>
          <xsd:documentation>A unique identifier generated by fidus.</xsd:documentation>
        </xsd:annotation>
      </xsd:element>
      <xsd:element name="transactionId" type="tns:MessageIdType">
        <xsd:annotation>
          <xsd:documentation>A unique ID returned to the client for tracing purposes.</xsd:documentation>
        </xsd:annotation>
      </xsd:element>
      <xsd:element name="relatesTo" type="tns:MessageIdType" minOccurs="0">
        <xsd:annotation>
          <xsd:documentation>Optional field. The unique id of a previous batch file in this exchange Only used for responses.</xsd:documentation>
        </xsd:annotation>
      </xsd:element>
      <xsd:element name="timestamp" type="xsd:dateTime" minOccurs="0">
        <xsd:annotation>
          <xsd:documentation>Time reply sent by fidus.</xsd:documentation>
        </xsd:annotation>
      </xsd:element>
    </xsd:sequence>
  </xsd:complexType>
  <!--Legal Context : the finality of the Privacy Commission-->
  <xsd:simpleType name="LegalContextType">
    <xsd:restriction base="xsd:string">
      <xsd:minLength value="1"/>
      <xsd:maxLength value="64"/>
    </xsd:restriction>
  </xsd:simpleType>
  <xsd:complexType name="UserContextType">
    <xsd:annotation>
      <xsd:documentation>The user context defines information regarding the actual user performing a request.</xsd:documentation>
    </xsd:annotation>
    <xsd:sequence>
      <xsd:element name="language" type="xsd:language" nillable="true">
        <xsd:annotation>
          <xsd:documentation>The preferred language of the actual user performing the request.
						This influences the language in which response elements are cast.</xsd:documentation>
        </xsd:annotation>
      </xsd:element>
    </xsd:sequence>
  </xsd:complexType>
</xsd:schema>]]></con:content><con:type>http://www.w3.org/2001/XMLSchema</con:type></con:part><con:part><con:url>file:/home/adussart/projects/git/fidus/parent/enterprisesocialdebtservice_1.0/EnterpriseSocialDebtServiceGateway/src/main/resources/wsdl/enterpriseSocialDebtService/1.0.0/messages/exceptionTypes_v1.xsd</con:url><con:content><![CDATA[<xsd:schema targetNamespace="http://fidus.brussels/type/common/exceptions/v1" elementFormDefault="qualified" attributeFormDefault="unqualified" version="1.0" xmlns:xsd="http://www.w3.org/2001/XMLSchema" xmlns:tns="http://fidus.brussels/type/common/exceptions/v1">
  <!--Basic error typed-->
  <xsd:complexType name="ExceptionsType">
    <xsd:sequence>
      <xsd:element name="exception" type="tns:ExceptionType" maxOccurs="unbounded"/>
    </xsd:sequence>
  </xsd:complexType>
  <xsd:complexType name="ExceptionType">
    <xsd:sequence>
      <xsd:element name="type" type="tns:ExceptionClassType"/>
      <xsd:element name="code" type="tns:ExceptionCodeType"/>
      <xsd:element name="source" type="tns:ExceptionSourceType"/>
      <xsd:element name="description" type="tns:ExceptionDescriptionType"/>
    </xsd:sequence>
  </xsd:complexType>
  <xsd:simpleType name="ExceptionClassType">
    <xsd:restriction base="xsd:string">
      <xsd:enumeration value="ERROR"/>
      <xsd:enumeration value="WARNING"/>
      <xsd:enumeration value="INFO"/>
    </xsd:restriction>
  </xsd:simpleType>
  <xsd:simpleType name="ExceptionCodeType">
    <xsd:restriction base="xsd:string">
      <xsd:maxLength value="20"/>
    </xsd:restriction>
  </xsd:simpleType>
  <xsd:simpleType name="ExceptionSourceType">
    <xsd:restriction base="xsd:string">
      <xsd:maxLength value="20"/>
    </xsd:restriction>
  </xsd:simpleType>
  <xsd:simpleType name="ExceptionDescriptionType">
    <xsd:restriction base="xsd:string"/>
  </xsd:simpleType>
</xsd:schema>]]></con:content><con:type>http://www.w3.org/2001/XMLSchema</con:type></con:part><con:part><con:url>file:/home/adussart/projects/git/fidus/parent/enterprisesocialdebtservice_1.0/EnterpriseSocialDebtServiceGateway/src/main/resources/wsdl/enterpriseSocialDebtService/1.0.0/socialdebts/EnterpriseSocialDebtCommonV1.xsd</con:url><con:content><![CDATA[<xsd:schema targetNamespace="http://kszbcss.fgov.be/types/EnterpriseSocialDebt/common/v1" elementFormDefault="unqualified" attributeFormDefault="unqualified" version="2015-10-27" xmlns:xsd="http://www.w3.org/2001/XMLSchema" xmlns="http://kszbcss.fgov.be/types/EnterpriseSocialDebt/common/v1" xmlns:tns="http://kszbcss.fgov.be/types/EnterpriseSocialDebt/common/v1" xmlns:common="http://kszbcss.fgov.be/types/common/v3">
  <xsd:import namespace="http://kszbcss.fgov.be/types/common/v3" schemaLocation="be/fgov/kszbcss/types/common/CommonV3.xsd"/>
  <!---->
  <!--Legal Context-->
  <xsd:simpleType name="EnterpriseSocialDebtLegalContextType">
    <xsd:restriction base="xsd:string">
      <xsd:enumeration value="DGO6:DPT"/>
      <xsd:enumeration value="DGO6:INTEGRATION_COMPANIES"/>
      <xsd:enumeration value="DGO6:JOB_PLACEMENT_AND_TEMPORARY_EMPLOYMENT_AGENCIES"/>
      <xsd:enumeration value="DGO6:EMPLOYMENT_PROMOTION_AID"/>
      <xsd:enumeration value="DGO6:TRAINING_CHEQUES"/>
      <xsd:enumeration value="DGO6:ECONOMIC_INSPECTION"/>
      <xsd:enumeration value="DGO6:PME"/>
      <xsd:enumeration value="DGO6:INVESTMENT_PROGRAM"/>
      <xsd:enumeration value="DGO6:SOCIAL_INSPECTION"/>
      <xsd:enumeration value="FOREM:EMPLOYMENT_PROMOTION_AID"/>
      <xsd:enumeration value="FOREM:PTP"/>
      <xsd:enumeration value="FOREM:MERCHANT_ACTIVITY_SECTOR_EMPLOYMENT_ASSISTANCE"/>
      <xsd:enumeration value="FOREM:TRAINING_CHEQUES"/>
      <xsd:enumeration value="FOREM:CREDIT_ADJUSTMENT"/>
      <xsd:enumeration value="NSSO:SOCIAL_DEBT"/>
      <!--DGO6-->
      <!--FOREM-->
      <!--NEW-->
    </xsd:restriction>
  </xsd:simpleType>
  <!--Search Criteria-->
  <xsd:complexType name="SearchCriteriaType">
    <xsd:sequence>
      <xsd:element name="cbeNumber" type="common:CbeNumberType">
        <xsd:annotation>
          <xsd:documentation>Organisation of which social debt information is requested</xsd:documentation>
        </xsd:annotation>
      </xsd:element>
      <xsd:element name="requestingOrganisationNumber" type="common:CbeNumberType">
        <xsd:annotation>
          <xsd:documentation>CBE number of the organisation performing the request for social debt information</xsd:documentation>
        </xsd:annotation>
      </xsd:element>
      <xsd:element name="requestingBusinessUnitNumber" type="common:BusinessUnitNumberType" minOccurs="0">
        <xsd:annotation>
          <xsd:documentation>Business unit number designating to where the information should be sent in the event of a delayed paper response</xsd:documentation>
        </xsd:annotation>
      </xsd:element>
    </xsd:sequence>
  </xsd:complexType>
  <!--Inner EnterpriseSocialDebt Request Types-->
  <xsd:complexType name="ReferenceRequestDetailType">
    <xsd:sequence>
      <xsd:element name="referenceType" type="tns:ReferenceTechnicalOrBusinessType"/>
      <xsd:element name="referenceOrigin" type="tns:ReferenceOriginConsumerType"/>
      <xsd:element name="referenceNbr" type="tns:ReferenceNbrType"/>
    </xsd:sequence>
  </xsd:complexType>
  <xsd:simpleType name="ReferenceTechnicalOrBusinessType">
    <xsd:restriction base="xsd:integer">
      <xsd:totalDigits value="1"/>
      <xsd:enumeration value="1"/>
      <xsd:enumeration value="2"/>
    </xsd:restriction>
  </xsd:simpleType>
  <xsd:simpleType name="ReferenceOriginConsumerType">
    <xsd:restriction base="xsd:integer">
      <xsd:enumeration value="1"/>
    </xsd:restriction>
  </xsd:simpleType>
  <!---->
  <!--Inner EnterpriseSocialDebt Response Types-->
  <xsd:complexType name="EnterpriseSocialDebtResponseType">
    <xsd:sequence>
      <xsd:element name="financialSituationInformation" type="tns:FinancialSituationInformationType"/>
      <xsd:element name="financialSituationDetail" type="tns:FinancialSituationDetailType" minOccurs="0"/>
      <xsd:element name="coordinatesContactPerson" type="tns:CoordinatesContactPersonType" minOccurs="0" maxOccurs="2"/>
      <xsd:element name="employerInformation" type="tns:EmployerInformationType" minOccurs="0"/>
    </xsd:sequence>
  </xsd:complexType>
  <xsd:complexType name="ExecutionResultType">
    <xsd:sequence>
      <xsd:element name="resultCode" type="tns:ResultCodeType"/>
      <xsd:element name="errorId" type="tns:ErrorIdType" minOccurs="0"/>
    </xsd:sequence>
  </xsd:complexType>
  <xsd:simpleType name="ResultCodeType">
    <xsd:restriction base="xsd:integer">
      <xsd:minInclusive value="0"/>
      <xsd:maxInclusive value="2"/>
      <xsd:totalDigits value="1"/>
    </xsd:restriction>
  </xsd:simpleType>
  <xsd:simpleType name="ErrorIdType">
    <xsd:restriction base="xsd:string">
      <xsd:maxLength value="9"/>
    </xsd:restriction>
  </xsd:simpleType>
  <xsd:complexType name="FinancialSituationDetailType">
    <xsd:sequence>
      <xsd:element name="cdsDocumentId" type="tns:CDSDocumentIdType"/>
      <xsd:element name="closingDate" type="xsd:date"/>
      <xsd:element name="closingQuarter" type="tns:QuarterType"/>
      <xsd:element name="isPaymentPlanFollowed" type="xsd:boolean" minOccurs="0"/>
      <xsd:element name="balanceAmounts" type="tns:BalanceAmountsType" minOccurs="0"/>
      <xsd:element name="dispute" type="tns:DisputeType" minOccurs="0"/>
      <xsd:element name="missingDeclarationQuarters" type="tns:MissingDeclarationQuartersType" minOccurs="0"/>
    </xsd:sequence>
  </xsd:complexType>
  <xsd:simpleType name="CDSDocumentIdType">
    <xsd:annotation>
      <xsd:documentation>[1,2,3][A,B,C,D][00, ..., 99]</xsd:documentation>
    </xsd:annotation>
    <xsd:restriction base="xsd:string">
      <xsd:maxLength value="4"/>
    </xsd:restriction>
  </xsd:simpleType>
  <xsd:simpleType name="QuarterType">
    <xsd:restriction base="xsd:integer">
      <xsd:totalDigits value="5"/>
      <xsd:pattern value="\d{4}(1|2|3|4)"/>
    </xsd:restriction>
  </xsd:simpleType>
  <xsd:simpleType name="IsPaymentPlanFollowedType">
    <xsd:restriction base="xsd:integer">
      <xsd:minInclusive value="0"/>
      <xsd:maxInclusive value="1"/>
      <xsd:totalDigits value="1"/>
    </xsd:restriction>
  </xsd:simpleType>
  <xsd:complexType name="BalanceAmountsType">
    <xsd:sequence>
      <xsd:element name="contributionTotalAmount" type="common:EurocentAmountType" minOccurs="0"/>
      <xsd:element name="totalIncreases" type="common:EurocentAmountType" minOccurs="0"/>
      <xsd:element name="totalInterests" type="common:EurocentAmountType" minOccurs="0"/>
      <xsd:element name="totalLegalCost" type="common:EurocentAmountType" minOccurs="0"/>
    </xsd:sequence>
  </xsd:complexType>
  <xsd:simpleType name="IsPayementPlanFollowed">
    <xsd:restriction base="xsd:integer">
      <xsd:minInclusive value="0"/>
      <xsd:maxInclusive value="1"/>
      <xsd:totalDigits value="1"/>
    </xsd:restriction>
  </xsd:simpleType>
  <xsd:complexType name="DisputeType">
    <xsd:sequence>
      <xsd:element name="disputeType" type="tns:DisputeTypeType"/>
      <xsd:element name="amount" type="tns:AmountType"/>
    </xsd:sequence>
  </xsd:complexType>
  <xsd:simpleType name="DisputeTypeType">
    <xsd:restriction base="xsd:integer">
      <xsd:minInclusive value="1"/>
      <xsd:maxInclusive value="4"/>
      <xsd:totalDigits value="2"/>
    </xsd:restriction>
  </xsd:simpleType>
  <xsd:simpleType name="AmountType">
    <xsd:restriction base="xsd:integer">
      <xsd:minInclusive value="0"/>
      <xsd:maxInclusive value="999999999999999"/>
      <xsd:totalDigits value="15"/>
    </xsd:restriction>
  </xsd:simpleType>
  <xsd:complexType name="MissingDeclarationQuartersType">
    <xsd:sequence>
      <xsd:element name="quarter" type="tns:QuarterType" maxOccurs="unbounded"/>
    </xsd:sequence>
  </xsd:complexType>
  <xsd:complexType name="FinancialSituationInformationType">
    <xsd:sequence>
      <xsd:element name="referenceNbr" type="tns:ReferenceNbrType"/>
      <xsd:element name="nossRegistrationNbr" type="tns:NOSSRegistrationNbrType" minOccurs="0"/>
      <xsd:element name="cbeNumber" type="common:CbeNumberType" minOccurs="0"/>
      <xsd:element name="dateSubmission" type="xsd:date"/>
    </xsd:sequence>
  </xsd:complexType>
  <xsd:simpleType name="ReferenceNbrType">
    <xsd:restriction base="xsd:string">
      <xsd:minLength value="1"/>
      <xsd:maxLength value="64"/>
    </xsd:restriction>
  </xsd:simpleType>
  <xsd:simpleType name="NOSSRegistrationNbrType">
    <xsd:restriction base="xsd:integer">
      <xsd:minInclusive value="0"/>
      <xsd:maxInclusive value="199999934"/>
      <xsd:totalDigits value="9"/>
    </xsd:restriction>
  </xsd:simpleType>
  <xsd:complexType name="CoordinatesContactPersonType">
    <xsd:sequence>
      <xsd:element name="name" type="tns:NameType"/>
      <xsd:element name="firstName" type="tns:FirstNameType" minOccurs="0"/>
      <xsd:element name="communication" type="tns:CommunicationType"/>
      <xsd:element name="sectorInformation" type="tns:SectorInformationType" minOccurs="0"/>
    </xsd:sequence>
  </xsd:complexType>
  <xsd:simpleType name="NameType">
    <xsd:restriction base="xsd:string">
      <xsd:maxLength value="48"/>
    </xsd:restriction>
  </xsd:simpleType>
  <xsd:simpleType name="FirstNameType">
    <xsd:restriction base="xsd:string">
      <xsd:maxLength value="24"/>
    </xsd:restriction>
  </xsd:simpleType>
  <xsd:complexType name="CommunicationType">
    <xsd:sequence>
      <xsd:element name="phoneNbr" type="tns:PhoneNbrType"/>
      <xsd:element name="gsmNbr" type="tns:PhoneNbrType" minOccurs="0"/>
      <xsd:element name="faxNbr" type="tns:PhoneNbrType" minOccurs="0"/>
      <xsd:element name="emailAddress" type="tns:EmailAddressType"/>
    </xsd:sequence>
  </xsd:complexType>
  <xsd:simpleType name="PhoneNbrType">
    <xsd:restriction base="xsd:string">
      <xsd:maxLength value="20"/>
    </xsd:restriction>
  </xsd:simpleType>
  <xsd:simpleType name="EmailAddressType">
    <xsd:restriction base="xsd:string">
      <xsd:maxLength value="60"/>
    </xsd:restriction>
  </xsd:simpleType>
  <xsd:complexType name="SectorInformationType">
    <xsd:sequence>
      <xsd:element name="officeNumber" type="tns:OfficeNumberType"/>
    </xsd:sequence>
  </xsd:complexType>
  <xsd:simpleType name="OfficeNumberType">
    <xsd:restriction base="xsd:string">
      <xsd:maxLength value="3"/>
    </xsd:restriction>
  </xsd:simpleType>
  <xsd:complexType name="EmployerInformationType">
    <xsd:sequence>
      <xsd:element name="cbeNumber" type="common:CbeNumberType"/>
      <xsd:element name="nossRegistrationNbr" type="tns:NOSSRegistrationNbrType" minOccurs="0"/>
      <xsd:element name="employerDenomination" type="tns:EmployerDenominationType" minOccurs="0"/>
      <xsd:element name="legalDistrict" type="tns:LegalDistrictType" minOccurs="0"/>
      <xsd:element name="legalForm" type="tns:LegalFormType" minOccurs="0"/>
      <xsd:element name="importanceCode" type="tns:ImportanceCodeType" minOccurs="0"/>
      <xsd:element name="activityCode" type="tns:ActivityCodeType" minOccurs="0" maxOccurs="unbounded"/>
      <xsd:element name="coordinatesRepresentative" type="tns:CoordinatesRepresentativeType" minOccurs="0"/>
      <xsd:element name="employerActivityPeriod" type="tns:EmployerActivityPeriodType" minOccurs="0"/>
      <xsd:element name="address" type="tns:AddressType" minOccurs="0"/>
      <xsd:element name="employerClassInformation" type="tns:EmployerClassInformationType" minOccurs="0" maxOccurs="unbounded"/>
    </xsd:sequence>
  </xsd:complexType>
  <xsd:simpleType name="EmployerDenominationType">
    <xsd:restriction base="xsd:string">
      <xsd:maxLength value="96"/>
    </xsd:restriction>
  </xsd:simpleType>
  <xsd:simpleType name="LegalDistrictType">
    <xsd:restriction base="xsd:integer">
      <xsd:totalDigits value="3"/>
    </xsd:restriction>
  </xsd:simpleType>
  <xsd:simpleType name="LegalFormType">
    <xsd:restriction base="xsd:string">
      <xsd:maxLength value="20"/>
    </xsd:restriction>
  </xsd:simpleType>
  <xsd:simpleType name="ImportanceCodeType">
    <xsd:restriction base="xsd:integer">
      <xsd:minInclusive value="1"/>
      <xsd:maxInclusive value="9"/>
      <xsd:totalDigits value="1"/>
    </xsd:restriction>
  </xsd:simpleType>
  <xsd:simpleType name="ActivityCodeType">
    <xsd:restriction base="xsd:integer">
      <xsd:minInclusive value="0"/>
      <xsd:maxInclusive value="99999"/>
      <xsd:totalDigits value="5"/>
    </xsd:restriction>
  </xsd:simpleType>
  <xsd:complexType name="CoordinatesRepresentativeType">
    <xsd:sequence>
      <xsd:element name="denomination" type="tns:DenominationType"/>
    </xsd:sequence>
  </xsd:complexType>
  <xsd:simpleType name="DenominationType">
    <xsd:restriction base="xsd:string">
      <xsd:maxLength value="96"/>
    </xsd:restriction>
  </xsd:simpleType>
  <xsd:complexType name="EmployerActivityPeriodType">
    <xsd:sequence>
      <xsd:element name="startingDate" type="xsd:date" minOccurs="0"/>
      <xsd:element name="startingQuarter" type="tns:QuarterType" minOccurs="0"/>
      <xsd:element name="dueDate" type="xsd:date" minOccurs="0"/>
      <xsd:element name="endingDate" type="xsd:date" minOccurs="0"/>
      <xsd:element name="endingQuarter" type="tns:QuarterType" minOccurs="0"/>
    </xsd:sequence>
  </xsd:complexType>
  <xsd:complexType name="AddressType">
    <xsd:sequence>
      <xsd:element name="street" type="tns:StreetType" minOccurs="0"/>
      <xsd:element name="houseNbr" type="tns:HouseNbrType" minOccurs="0"/>
      <xsd:element name="postBox" type="tns:PostBoxType" minOccurs="0"/>
      <xsd:element name="zipCode" type="tns:ZipCodeType" minOccurs="0"/>
      <xsd:element name="city" type="tns:CityType"/>
      <xsd:element name="country" type="tns:CountryType" minOccurs="0"/>
    </xsd:sequence>
  </xsd:complexType>
  <xsd:simpleType name="StreetType">
    <xsd:restriction base="xsd:string">
      <xsd:maxLength value="42"/>
    </xsd:restriction>
  </xsd:simpleType>
  <xsd:simpleType name="HouseNbrType">
    <xsd:restriction base="xsd:string">
      <xsd:maxLength value="10"/>
    </xsd:restriction>
  </xsd:simpleType>
  <xsd:simpleType name="PostBoxType">
    <xsd:restriction base="xsd:string">
      <xsd:maxLength value="4"/>
    </xsd:restriction>
  </xsd:simpleType>
  <xsd:simpleType name="ZipCodeType">
    <xsd:restriction base="xsd:string">
      <xsd:maxLength value="9"/>
    </xsd:restriction>
  </xsd:simpleType>
  <xsd:simpleType name="CityType">
    <xsd:restriction base="xsd:string">
      <xsd:maxLength value="40"/>
    </xsd:restriction>
  </xsd:simpleType>
  <xsd:simpleType name="CountryType">
    <xsd:restriction base="xsd:integer">
      <xsd:minInclusive value="0"/>
      <xsd:maxInclusive value="99999"/>
      <xsd:totalDigits value="5"/>
    </xsd:restriction>
  </xsd:simpleType>
  <xsd:complexType name="EmployerClassInformationType">
    <xsd:sequence>
      <xsd:element name="employerClass" type="tns:EmployerClassType"/>
      <xsd:element name="startingDate" type="xsd:date"/>
      <xsd:element name="endingDate" type="xsd:date" minOccurs="0"/>
    </xsd:sequence>
  </xsd:complexType>
  <xsd:simpleType name="EmployerClassType">
    <xsd:restriction base="xsd:integer">
      <xsd:minInclusive value="000"/>
      <xsd:maxInclusive value="999"/>
      <xsd:totalDigits value="3"/>
      <xsd:pattern value="\d{3}"/>
    </xsd:restriction>
  </xsd:simpleType>
  <xsd:complexType name="StatusType">
    <xsd:sequence>
      <xsd:element name="value">
        <xsd:annotation>
          <xsd:documentation>global status of the result</xsd:documentation>
        </xsd:annotation>
        <xsd:simpleType>
          <xsd:restriction base="xsd:string">
            <xsd:enumeration value="DATA_FOUND"/>
            <xsd:enumeration value="NO_DATA_FOUND"/>
            <xsd:enumeration value="NO_RESULT"/>
            <xsd:enumeration value="RESPONSE_IN_BATCH"/>
          </xsd:restriction>
        </xsd:simpleType>
      </xsd:element>
      <xsd:element name="code">
        <xsd:annotation>
          <xsd:documentation>the code of the status</xsd:documentation>
        </xsd:annotation>
        <xsd:simpleType>
          <xsd:restriction base="xsd:string">
            <xsd:maxLength value="16"/>
          </xsd:restriction>
        </xsd:simpleType>
      </xsd:element>
      <xsd:element name="description" minOccurs="0">
        <xsd:annotation>
          <xsd:documentation>the description of the status</xsd:documentation>
        </xsd:annotation>
        <xsd:simpleType>
          <xsd:restriction base="xsd:string">
            <xsd:maxLength value="256"/>
          </xsd:restriction>
        </xsd:simpleType>
      </xsd:element>
      <xsd:element name="information" type="common:InformationType" minOccurs="0" maxOccurs="15"/>
    </xsd:sequence>
  </xsd:complexType>
</xsd:schema>]]></con:content><con:type>http://www.w3.org/2001/XMLSchema</con:type></con:part><con:part><con:url>file:/home/adussart/projects/git/fidus/parent/enterprisesocialdebtservice_1.0/EnterpriseSocialDebtServiceGateway/src/main/resources/wsdl/enterpriseSocialDebtService/1.0.0/socialdebts/be/fgov/kszbcss/types/common/CommonV3.xsd</con:url><con:content><![CDATA[<xsd:schema targetNamespace="http://kszbcss.fgov.be/types/common/v3" elementFormDefault="unqualified" attributeFormDefault="unqualified" version="3.1" xmlns:xsd="http://www.w3.org/2001/XMLSchema" xmlns:tns="http://kszbcss.fgov.be/types/common/v3">
  <!--Request / response meta data-->
  <xsd:simpleType name="SeverityType">
    <xsd:restriction base="xsd:string">
      <xsd:enumeration value="INFORMATION"/>
      <xsd:enumeration value="WARNING"/>
      <xsd:enumeration value="FATAL"/>
    </xsd:restriction>
  </xsd:simpleType>
  <xsd:simpleType name="UUIDType">
    <xsd:restriction base="xsd:string">
      <xsd:pattern value="[\da-fA-F]{8}-[\da-fA-F]{4}-[\da-fA-F]{4}-[\da-fA-F]{4}-[\da-fA-F]{12}"/>
    </xsd:restriction>
  </xsd:simpleType>
  <xsd:simpleType name="TicketType">
    <xsd:restriction base="xsd:string">
      <xsd:maxLength value="36"/>
    </xsd:restriction>
  </xsd:simpleType>
  <xsd:simpleType name="CbeNumberType">
    <xsd:annotation>
      <xsd:documentation>CBE number identifying an enterprise or business unit</xsd:documentation>
    </xsd:annotation>
    <xsd:restriction base="xsd:string">
      <xsd:pattern value="\d{10}"/>
    </xsd:restriction>
  </xsd:simpleType>
  <xsd:simpleType name="EnterpriseNumberType">
    <xsd:annotation>
      <xsd:documentation>CBE enterprise number (starting with 0 or 1)</xsd:documentation>
    </xsd:annotation>
    <xsd:restriction base="xsd:string">
      <xsd:pattern value="[0-1]\d{9}"/>
    </xsd:restriction>
  </xsd:simpleType>
  <xsd:simpleType name="BusinessUnitNumberType">
    <xsd:annotation>
      <xsd:documentation>CBE business unit number (starting with 2-8)</xsd:documentation>
    </xsd:annotation>
    <xsd:restriction base="xsd:string">
      <xsd:pattern value="[2-8]\d{9}"/>
    </xsd:restriction>
  </xsd:simpleType>
  <xsd:simpleType name="SsinType">
    <xsd:restriction base="xsd:string">
      <xsd:pattern value="[0-9][0-9](([0][0-9])|([1][0-2]))(([0-2][0-9])|([3][0-1]))(([0-9]{2}[1-9])|([0-9][1-9][0-9])|([1-9][0-9]{2}))(([0-8][0-9])|([9][0-7]))">
        <xsd:annotation>
          <xsd:documentation xml:lang="FR">Registre National</xsd:documentation>
          <xsd:documentation xml:lang="NL">Rijksregister</xsd:documentation>
        </xsd:annotation>
      </xsd:pattern>
      <xsd:pattern value="[0-9][0-9](([2][0-9])|([3][0-2]))(([0-2][0-9])|([3][0-1]))[0-9]{3}(([0-8][0-9])|([9][0-7]))">
        <xsd:annotation>
          <xsd:documentation xml:lang="FR">Registre Bis : numero Bis</xsd:documentation>
          <xsd:documentation xml:lang="NL">Bis register : Bisnummer</xsd:documentation>
        </xsd:annotation>
      </xsd:pattern>
      <xsd:pattern value="[0-9][0-9](([4][0-9])|([5][0-2]))(([0-2][0-9])|([3][0-1]))[0-9]{3}(([0-8][0-9])|([9][0-7]))">
        <xsd:annotation>
          <xsd:documentation xml:lang="FR">Registre Bis : numero TER</xsd:documentation>
          <xsd:documentation xml:lang="NL">Bisregister : Ternummer</xsd:documentation>
        </xsd:annotation>
      </xsd:pattern>
    </xsd:restriction>
  </xsd:simpleType>
  <xsd:simpleType name="LegalContextType">
    <xsd:restriction base="xsd:string">
      <xsd:maxLength value="64"/>
    </xsd:restriction>
  </xsd:simpleType>
  <xsd:simpleType name="IntegrationContextType">
    <xsd:annotation>
      <xsd:documentation>deprecated type. Use InscriptionContextType instead in new XSDs</xsd:documentation>
    </xsd:annotation>
    <xsd:restriction base="xsd:string">
      <xsd:maxLength value="64"/>
    </xsd:restriction>
  </xsd:simpleType>
  <xsd:simpleType name="InscriptionContextType">
    <xsd:annotation>
      <xsd:documentation>The way in which an organization knows a person (textual equivalent of former numerical quality code)</xsd:documentation>
    </xsd:annotation>
    <xsd:restriction base="xsd:string">
      <xsd:maxLength value="64"/>
    </xsd:restriction>
  </xsd:simpleType>
  <xsd:simpleType name="SequenceNumberType">
    <xsd:restriction base="xsd:long">
      <xsd:minInclusive value="1"/>
      <xsd:totalDigits value="15"/>
    </xsd:restriction>
  </xsd:simpleType>
  <xsd:complexType name="InformationCBSSType">
    <xsd:annotation>
      <xsd:documentation>Information block from CBSS.</xsd:documentation>
    </xsd:annotation>
    <xsd:sequence>
      <xsd:element name="ticketCBSS" type="tns:UUIDType"/>
      <xsd:element name="timestampReceive" type="xsd:dateTime">
        <xsd:annotation>
          <xsd:documentation>Time request was received by CBSS.</xsd:documentation>
        </xsd:annotation>
      </xsd:element>
      <xsd:element name="timestampReply" type="xsd:dateTime">
        <xsd:annotation>
          <xsd:documentation>Time reply was sent by CBSS.</xsd:documentation>
        </xsd:annotation>
      </xsd:element>
    </xsd:sequence>
  </xsd:complexType>
  <xsd:complexType name="InformationCustomerType">
    <xsd:annotation>
      <xsd:documentation>Information block that can be used by the customer for diagnostic use.</xsd:documentation>
    </xsd:annotation>
    <xsd:sequence>
      <xsd:element name="ticket" type="tns:TicketType" minOccurs="0">
        <xsd:annotation>
          <xsd:documentation>Client can assign their own ticket reference for the request. Not mandatory.</xsd:documentation>
        </xsd:annotation>
      </xsd:element>
      <xsd:element name="timestampSent" type="xsd:dateTime" minOccurs="0">
        <xsd:annotation>
          <xsd:documentation>Timestamp when client sent request.</xsd:documentation>
        </xsd:annotation>
      </xsd:element>
      <xsd:element name="customerIdentification" type="tns:OrganizationIdentificationType"/>
    </xsd:sequence>
  </xsd:complexType>
  <xsd:complexType name="InformationSupplierType">
    <xsd:annotation>
      <xsd:documentation>Information block for supplier of a service</xsd:documentation>
    </xsd:annotation>
    <xsd:sequence>
      <xsd:element name="ticket" type="tns:TicketType" minOccurs="0">
        <xsd:annotation>
          <xsd:documentation>UUID generated by Customer or Supplier</xsd:documentation>
        </xsd:annotation>
      </xsd:element>
      <xsd:element name="timestampReceive" type="xsd:dateTime" minOccurs="0">
        <xsd:annotation>
          <xsd:documentation>Time of request</xsd:documentation>
        </xsd:annotation>
      </xsd:element>
      <xsd:element name="timestampReply" type="xsd:dateTime" minOccurs="0">
        <xsd:annotation>
          <xsd:documentation>Time of request</xsd:documentation>
        </xsd:annotation>
      </xsd:element>
      <xsd:element name="supplierIdentification" type="tns:OrganizationIdentificationType"/>
    </xsd:sequence>
  </xsd:complexType>
  <xsd:complexType name="InformationNotificationCBSSType">
    <xsd:annotation>
      <xsd:documentation>Deprecated type. Use SenderReceiverType in new batch XSDs. Information block for CBSS info when CBSS notifies partner</xsd:documentation>
    </xsd:annotation>
    <xsd:sequence>
      <xsd:element name="ticketCBSS" type="tns:UUIDType">
        <xsd:annotation>
          <xsd:documentation>UUID generated by Customer or Supplier</xsd:documentation>
        </xsd:annotation>
      </xsd:element>
      <xsd:element name="timestampSent" type="xsd:dateTime">
        <xsd:annotation>
          <xsd:documentation>Time of request</xsd:documentation>
        </xsd:annotation>
      </xsd:element>
    </xsd:sequence>
  </xsd:complexType>
  <xsd:complexType name="InformationNotifiedType">
    <xsd:annotation>
      <xsd:documentation>Deprecated type. Use SenderReceiverType in new batch XSDs. Information block for partner info when CBSS notifies partner</xsd:documentation>
    </xsd:annotation>
    <xsd:sequence>
      <xsd:element name="ticket" type="tns:TicketType" minOccurs="0"/>
      <xsd:element name="timestampReply" type="xsd:dateTime" minOccurs="0"/>
      <xsd:element name="notifiedIdentification" type="tns:OrganizationIdentificationType"/>
    </xsd:sequence>
  </xsd:complexType>
  <xsd:complexType name="InformationCBSSBatchType">
    <xsd:annotation>
      <xsd:documentation>Deprecated type. Use SenderReceiverType in new batch XSDs</xsd:documentation>
    </xsd:annotation>
    <xsd:sequence>
      <xsd:element name="fileId" type="xsd:unsignedLong"/>
      <xsd:element name="fileCreationTimestamp" type="xsd:dateTime"/>
    </xsd:sequence>
  </xsd:complexType>
  <xsd:complexType name="SenderReceiverType">
    <xsd:annotation>
      <xsd:documentation>Information block containing info about the sender or receiver of a message.</xsd:documentation>
    </xsd:annotation>
    <xsd:sequence>
      <xsd:element name="ticket" type="tns:TicketType" minOccurs="0">
        <xsd:annotation>
          <xsd:documentation>The partner can assign a ticket reference to the message. Not mandatory.</xsd:documentation>
        </xsd:annotation>
      </xsd:element>
      <xsd:element name="timestampSent" type="xsd:dateTime" minOccurs="0">
        <xsd:annotation>
          <xsd:documentation>Timestamp when message was sent. In the receiver block of response messages the timestampSent is the timestamp when the request was created by the organization that receives the response.</xsd:documentation>
        </xsd:annotation>
      </xsd:element>
      <xsd:element name="organizationIdentification" type="tns:OrganizationIdentificationType"/>
    </xsd:sequence>
  </xsd:complexType>
  <xsd:complexType name="OrganizationIdentificationType">
    <xsd:choice>
      <xsd:element name="cbeNumber" type="tns:CbeNumberType"/>
      <xsd:sequence>
        <xsd:element name="sector">
          <xsd:simpleType>
            <xsd:restriction base="xsd:unsignedShort">
              <xsd:maxInclusive value="999"/>
            </xsd:restriction>
          </xsd:simpleType>
        </xsd:element>
        <xsd:element name="institution">
          <xsd:simpleType>
            <xsd:restriction base="xsd:unsignedShort">
              <xsd:maxInclusive value="999"/>
            </xsd:restriction>
          </xsd:simpleType>
        </xsd:element>
      </xsd:sequence>
    </xsd:choice>
  </xsd:complexType>
  <xsd:complexType name="OpenPeriodType">
    <xsd:annotation>
      <xsd:documentation>Period containining a begin date and an optional end date.</xsd:documentation>
    </xsd:annotation>
    <xsd:sequence>
      <xsd:element name="beginDate" type="xsd:date"/>
      <xsd:element name="endDate" type="xsd:date" minOccurs="0"/>
    </xsd:sequence>
  </xsd:complexType>
  <xsd:complexType name="PeriodType">
    <xsd:annotation>
      <xsd:documentation>Period containining a begin date and an end date.</xsd:documentation>
    </xsd:annotation>
    <xsd:sequence>
      <xsd:element name="beginDate" type="xsd:date"/>
      <xsd:element name="endDate" type="xsd:date"/>
    </xsd:sequence>
  </xsd:complexType>
  <xsd:simpleType name="IncompleteDateType">
    <xsd:annotation>
      <xsd:documentation>A possibly incomplete date. Format yyyy-mm-dd, yyyy-mm-00 or yyyy-00-00</xsd:documentation>
    </xsd:annotation>
    <xsd:restriction base="xsd:string">
      <xsd:length value="10"/>
      <xsd:whiteSpace value="collapse"/>
      <xsd:pattern value="[0-2][0-9]{3}\-[0-1][0-9]\-[0-3][0-9]"/>
    </xsd:restriction>
  </xsd:simpleType>
  <xsd:simpleType name="DescriptionType">
    <xsd:restriction base="xsd:string">
      <xsd:maxLength value="100"/>
    </xsd:restriction>
  </xsd:simpleType>
  <xsd:simpleType name="LanguageType">
    <xsd:annotation>
      <xsd:documentation>Type specifying the language of a given value</xsd:documentation>
    </xsd:annotation>
    <xsd:restriction base="xsd:string">
      <xsd:enumeration value="NL"/>
      <xsd:enumeration value="FR"/>
      <xsd:enumeration value="DE"/>
    </xsd:restriction>
  </xsd:simpleType>
  <!--Errors and warnings structures-->
  <xsd:group name="BusinessAnomaliesContentFragment">
    <xsd:annotation>
      <xsd:documentation>Structure reporting business errors to the consumer</xsd:documentation>
    </xsd:annotation>
    <xsd:sequence>
      <xsd:element name="businessAnomalies" type="tns:BusinessAnomaliesType" minOccurs="0"/>
    </xsd:sequence>
  </xsd:group>
  <xsd:complexType name="BusinessAnomaliesType">
    <xsd:annotation>
      <xsd:documentation>Type defining the structure of the part of the response containing business Faults</xsd:documentation>
    </xsd:annotation>
    <xsd:sequence>
      <xsd:element name="businessAnomaly" type="tns:BusinessAnomalyType" maxOccurs="25"/>
    </xsd:sequence>
  </xsd:complexType>
  <xsd:complexType name="BusinessAnomalyType">
    <xsd:annotation>
      <xsd:documentation>Type defining the structure of one business Faults</xsd:documentation>
    </xsd:annotation>
    <xsd:sequence>
      <xsd:element name="code" type="xsd:string">
        <xsd:annotation>
          <xsd:documentation>Unique code referring to a description of this Fault</xsd:documentation>
        </xsd:annotation>
      </xsd:element>
      <xsd:element name="severity" type="tns:SeverityType"/>
      <xsd:element name="description">
        <xsd:annotation>
          <xsd:documentation>Some description of this Fault</xsd:documentation>
        </xsd:annotation>
        <xsd:simpleType>
          <xsd:restriction base="xsd:string">
            <xsd:maxLength value="256"/>
          </xsd:restriction>
        </xsd:simpleType>
      </xsd:element>
      <xsd:element name="information" type="tns:InformationType" minOccurs="0" maxOccurs="15"/>
    </xsd:sequence>
  </xsd:complexType>
  <xsd:complexType name="CBSSFaultType">
    <xsd:sequence>
      <xsd:element name="informationCustomer" type="tns:InformationCustomerType" minOccurs="0"/>
      <xsd:element name="informationCBSS" type="tns:InformationCBSSType"/>
      <xsd:element name="detail" type="tns:MessageType" maxOccurs="30"/>
    </xsd:sequence>
  </xsd:complexType>
  <xsd:complexType name="MessageType">
    <xsd:sequence>
      <xsd:element name="severity" type="tns:SeverityType"/>
      <xsd:element name="reasonCode">
        <xsd:simpleType>
          <xsd:restriction base="xsd:string">
            <xsd:maxLength value="16"/>
          </xsd:restriction>
        </xsd:simpleType>
      </xsd:element>
      <xsd:element name="diagnostic">
        <xsd:simpleType>
          <xsd:restriction base="xsd:string">
            <xsd:maxLength value="256"/>
          </xsd:restriction>
        </xsd:simpleType>
      </xsd:element>
      <xsd:element name="authorCode">
        <xsd:simpleType>
          <xsd:restriction base="xsd:string">
            <xsd:maxLength value="64"/>
          </xsd:restriction>
        </xsd:simpleType>
      </xsd:element>
      <xsd:element name="information" type="tns:InformationType" minOccurs="0" maxOccurs="15"/>
    </xsd:sequence>
  </xsd:complexType>
  <xsd:complexType name="InformationType">
    <xsd:sequence>
      <xsd:element name="fieldName">
        <xsd:simpleType>
          <xsd:restriction base="xsd:string">
            <xsd:maxLength value="64"/>
          </xsd:restriction>
        </xsd:simpleType>
      </xsd:element>
      <xsd:element name="fieldValue" minOccurs="0">
        <xsd:simpleType>
          <xsd:restriction base="xsd:string">
            <xsd:maxLength value="256"/>
          </xsd:restriction>
        </xsd:simpleType>
      </xsd:element>
    </xsd:sequence>
  </xsd:complexType>
  <!--Base types for most common request/response format for consultation type operations. Can be used to define request and response types with extension type inheritance. Don't use if it doesn't fit the requirements.-->
  <xsd:complexType name="BaseRequestType" abstract="true">
    <xsd:annotation>
      <xsd:documentation>Type defining the base structure for all service requests</xsd:documentation>
    </xsd:annotation>
    <xsd:sequence>
      <xsd:element name="informationCustomer" type="tns:InformationCustomerType"/>
      <xsd:element name="informationCBSS" type="tns:InformationCBSSType" minOccurs="0"/>
      <xsd:element name="legalContext" type="tns:LegalContextType">
        <xsd:annotation>
          <xsd:documentation>legal context under which the request was made</xsd:documentation>
        </xsd:annotation>
      </xsd:element>
    </xsd:sequence>
  </xsd:complexType>
  <xsd:complexType name="BaseResponseType" abstract="true">
    <xsd:annotation>
      <xsd:documentation>Type defining the base structure for all service responses</xsd:documentation>
    </xsd:annotation>
    <xsd:sequence>
      <xsd:element name="informationCustomer" type="tns:InformationCustomerType"/>
      <xsd:element name="informationCBSS" type="tns:InformationCBSSType"/>
      <xsd:element name="legalContext" type="tns:LegalContextType"/>
    </xsd:sequence>
  </xsd:complexType>
  <!--Commonly used status type for consultation type operations. Define another if it doesn't fit requirements.-->
  <xsd:complexType name="StatusType">
    <xsd:sequence>
      <xsd:element name="value">
        <xsd:annotation>
          <xsd:documentation>global status of the result</xsd:documentation>
        </xsd:annotation>
        <xsd:simpleType>
          <xsd:restriction base="xsd:string">
            <xsd:enumeration value="DATA_FOUND"/>
            <xsd:enumeration value="NO_DATA_FOUND"/>
            <xsd:enumeration value="NO_RESULT"/>
          </xsd:restriction>
        </xsd:simpleType>
      </xsd:element>
      <xsd:element name="code">
        <xsd:annotation>
          <xsd:documentation>the code of the status</xsd:documentation>
        </xsd:annotation>
        <xsd:simpleType>
          <xsd:restriction base="xsd:string">
            <xsd:maxLength value="16"/>
          </xsd:restriction>
        </xsd:simpleType>
      </xsd:element>
      <xsd:element name="description" minOccurs="0">
        <xsd:annotation>
          <xsd:documentation>the description of the status</xsd:documentation>
        </xsd:annotation>
        <xsd:simpleType>
          <xsd:restriction base="xsd:string">
            <xsd:maxLength value="256"/>
          </xsd:restriction>
        </xsd:simpleType>
      </xsd:element>
      <xsd:element name="information" type="tns:InformationType" minOccurs="0" maxOccurs="15"/>
    </xsd:sequence>
  </xsd:complexType>
  <xsd:simpleType name="EuroPositiveAmountType">
    <xsd:restriction base="xsd:decimal">
      <xsd:fractionDigits value="2"/>
      <xsd:maxExclusive value="1000000000000000"/>
    </xsd:restriction>
  </xsd:simpleType>
  <xsd:simpleType name="EuroAmountType">
    <xsd:restriction base="xsd:decimal">
      <xsd:fractionDigits value="2"/>
      <xsd:maxExclusive value="1000000000000000"/>
      <xsd:minExclusive value="-1000000000000000"/>
    </xsd:restriction>
  </xsd:simpleType>
  <xsd:simpleType name="EurocentPositiveAmountType">
    <xsd:restriction base="xsd:unsignedLong">
      <xsd:maxExclusive value="100000000000000000"/>
    </xsd:restriction>
  </xsd:simpleType>
  <xsd:simpleType name="EurocentAmountType">
    <xsd:restriction base="xsd:long">
      <xsd:minExclusive value="-100000000000000000"/>
      <xsd:maxExclusive value="100000000000000000"/>
    </xsd:restriction>
  </xsd:simpleType>
</xsd:schema>]]></con:content><con:type>http://www.w3.org/2001/XMLSchema</con:type></con:part></con:definitionCache><con:endpoints>
      
    <con:endpoint>https://192.168.22.53:8443/services/EnterpriseSocialDebtService_v1.0</con:endpoint><con:endpoint>https://192.168.22.54:8443/services/EnterpriseSocialDebtService_v1.0</con:endpoint><con:endpoint>https://192.168.24.16:8443/services/EnterpriseSocialDebtService_v1.0</con:endpoint><con:endpoint>https://192.168.24.17:8443/services/EnterpriseSocialDebtService_v1.0</con:endpoint><con:endpoint>https://192.168.26.19:8443/services/EnterpriseSocialDebtService_v1.0</con:endpoint><con:endpoint>https://192.168.26.22:8443/services/EnterpriseSocialDebtService_v1.0</con:endpoint><con:endpoint>https://192.168.36.61:8243/services/EnterpriseSocialDebtService_v1.0</con:endpoint><con:endpoint>https://esb-security-gw.sta.srv.cirb.lan:8443/services/EnterpriseSocialDebtService_v1.0</con:endpoint><con:endpoint>https://fidus-esb-sg.prd.srv.cirb.lan:8443/services/EnterpriseSocialDebtService_v1.0</con:endpoint><con:endpoint>https://fidus-esb-sg.sta.srv.cirb.lan:8443/services/EnterpriseSocialDebtService_v1.0</con:endpoint><con:endpoint>https://fidus-test.irisnetlab.be/services/EnterpriseSocialDebtService_v1.0</con:endpoint><con:endpoint>https://fidus.irisnetlab.be/services/EnterpriseSocialDebtService_v1.0</con:endpoint><con:endpoint>https://fidus.sec.brussels/services/EnterpriseSocialDebtService_v1.0</con:endpoint><con:endpoint>https://localhost:8243/services/EnterpriseSocialDebtService_v1.0</con:endpoint></con:endpoints>
    <con:operation isOneWay="false" action="http://fidus.brussels/services/enterprisesocialdebtservice/consultSocialDebt" name="consultSocialDebt" bindingOperationName="consultSocialDebt" type="Request-Response" inputName="" receivesAttachments="false" sendsAttachments="false" anonymous="optional" id="05d88c81-f948-48d7-89a1-c13fb8741c3a">
      <con:settings/>
      <con:call name="1 - Local - Request 1" outgoingWss="Outflow DEV" incomingWss="Inflow DEV" useWsAddressing="false" id="19be0677-5b82-484d-9afb-d10784fac509">
        <con:settings>
          <con:setting id="com.eviware.soapui.impl.wsdl.WsdlRequest@request-headers">&lt;xml-fragment/></con:setting>
        </con:settings>
        <con:encoding>UTF-8</con:encoding>
        <con:endpoint>https://localhost:8243/services/EnterpriseSocialDebtService_v1.0</con:endpoint>
        <con:request><![CDATA[<soapenv:Envelope xmlns:soapenv="http://schemas.xmlsoap.org/soap/envelope/" xmlns:v1="http://fidus.brussels/service/enterprisesocialdebtservice/messages/v1" xmlns:v11="http://fidus.brussels/type/common/messages/v1">
   <soapenv:Header/>
   <soapenv:Body>
      <v1:consultSocialDebtRequest>
         <v1:messageContext>
            <v11:messageId>${=import static java.util.UUID.randomUUID; uuid = randomUUID() as String}</v11:messageId>
            <v11:timestamp>${=new java.text.SimpleDateFormat("yyyy-MM-dd'T'HH:mm:ss.SSS").format(new Date())}</v11:timestamp>
         </v1:messageContext>
         <v1:legalContext>ServiceIntegrator</v1:legalContext>
         <v1:request>
            <searchCriteria>
               <cbeNumber>0837834530</cbeNumber>
               <requestingOrganisationNumber>0316381039</requestingOrganisationNumber>
               <!--Optional:-->
               <requestingBusinessUnitNumber>2143349018</requestingBusinessUnitNumber>
            </searchCriteria>
         </v1:request>
      </v1:consultSocialDebtRequest>
   </soapenv:Body>
</soapenv:Envelope>]]></con:request>
        <con:credentials>
          <con:selectedAuthProfile>Basic</con:selectedAuthProfile><con:addedBasicAuthenticationTypes>Basic</con:addedBasicAuthenticationTypes><con:authType>Global HTTP Settings</con:authType>
        </con:credentials>
        <con:jmsConfig JMSDeliveryMode="PERSISTENT"/>
        <con:jmsPropertyConfig/>
        <con:wsaConfig mustUnderstand="NONE" version="200508" action="http://fidus.brussels/services/household/getHouseHold"/>
        <con:wsrmConfig version="1.2"/>
      </con:call>
      
      <con:call name="3 - Test - External - Request" outgoingWss="Outflow TEST" incomingWss="Inflow TEST" id="ed3d1eb5-d306-432b-91a6-c817a03b0767">
        <con:settings>
          <con:setting id="com.eviware.soapui.impl.wsdl.WsdlRequest@request-headers">&lt;xml-fragment/></con:setting>
        </con:settings>
        <con:encoding>UTF-8</con:encoding>
        <con:endpoint>https://fidus-test.irisnetlab.be/services/EnterpriseSocialDebtService_v1.0</con:endpoint>
        <con:request><![CDATA[<soapenv:Envelope xmlns:soapenv="http://schemas.xmlsoap.org/soap/envelope/" xmlns:v1="http://fidus.brussels/service/household/messages/v1" xmlns:v11="http://fidus.brussels/type/common/messages/v1">
   <soapenv:Header/>
   <soapenv:Body>
      <v12:consultSocialDebtRequest xmlns:v12="http://fidus.brussels/service/enterprisesocialdebtservice/messages/v1">
         <v12:messageContext>
            <v11:messageId>${=import static java.util.UUID.randomUUID; uuid = randomUUID() as String}</v11:messageId>
            <v11:timestamp>${=new java.text.SimpleDateFormat("yyyy-MM-dd'T'HH:mm:ss.SSS").format(new Date())}</v11:timestamp>
         </v12:messageContext>
         <v12:legalContext>ServiceVoucher</v12:legalContext>
         <v12:request>
            <searchCriteria>
               <cbeNumber>0480260856</cbeNumber>
               <requestingOrganisationNumber>0316381039</requestingOrganisationNumber>
            </searchCriteria>
         </v12:request>
      </v12:consultSocialDebtRequest>
   </soapenv:Body>
</soapenv:Envelope>]]></con:request>
        <con:credentials>
          <con:selectedAuthProfile>Basic</con:selectedAuthProfile><con:addedBasicAuthenticationTypes>Basic</con:addedBasicAuthenticationTypes><con:authType>Global HTTP Settings</con:authType>
        </con:credentials>
        <con:jmsConfig JMSDeliveryMode="PERSISTENT"/>
        <con:jmsPropertyConfig/>
        <con:wsaConfig mustUnderstand="NONE" version="200508" action="http://fidus.brussels/services/household/getHouseHold"/>
        <con:wsrmConfig version="1.2"/>
      </con:call>
      <con:call name="3 - Test - LB - Request" outgoingWss="Outflow TEST" incomingWss="Inflow TEST" id="ff0700d8-5416-4544-91af-743c4a1b3c90">
        <con:settings>
          <con:setting id="com.eviware.soapui.impl.wsdl.WsdlRequest@request-headers">&lt;xml-fragment/></con:setting>
        </con:settings>
        <con:encoding>UTF-8</con:encoding>
        <con:endpoint>https://esb-security-gw.sta.srv.cirb.lan:8443/services/EnterpriseSocialDebtService_v1.0</con:endpoint>
        <con:request><![CDATA[<soapenv:Envelope xmlns:soapenv="http://schemas.xmlsoap.org/soap/envelope/" xmlns:v1="http://fidus.brussels/service/household/messages/v1" xmlns:v11="http://fidus.brussels/type/common/messages/v1">
   <soapenv:Header/>
   <soapenv:Body>
      <v12:consultSocialDebtRequest xmlns:v12="http://fidus.brussels/service/enterprisesocialdebtservice/messages/v1">
         <v12:messageContext>
            <v11:messageId>${=import static java.util.UUID.randomUUID; uuid = randomUUID() as String}</v11:messageId>
            <v11:timestamp>${=new java.text.SimpleDateFormat("yyyy-MM-dd'T'HH:mm:ss.SSS").format(new Date())}</v11:timestamp>
         </v12:messageContext>
         <v12:legalContext>ServiceVoucher</v12:legalContext>
         <v12:request>
            <searchCriteria>
               <cbeNumber>0480260856</cbeNumber>
               <requestingOrganisationNumber>0316381039</requestingOrganisationNumber>
            </searchCriteria>
         </v12:request>
      </v12:consultSocialDebtRequest>
   </soapenv:Body>
</soapenv:Envelope>]]></con:request>
        <con:credentials>
          <con:selectedAuthProfile>Basic</con:selectedAuthProfile><con:addedBasicAuthenticationTypes>Basic</con:addedBasicAuthenticationTypes><con:authType>Global HTTP Settings</con:authType>
        </con:credentials>
        <con:jmsConfig JMSDeliveryMode="PERSISTENT"/>
        <con:jmsPropertyConfig/>
        <con:wsaConfig mustUnderstand="NONE" version="200508" action="http://fidus.brussels/services/household/getHouseHold"/>
        <con:wsrmConfig version="1.2"/>
      </con:call>
      <con:call name="3 - Test - Worker1 - Request" outgoingWss="Outflow TEST" incomingWss="Inflow TEST" id="4faeecdb-d5a2-410c-aa25-1e741b4c0536">
        <con:settings>
          <con:setting id="com.eviware.soapui.impl.wsdl.WsdlRequest@request-headers">&lt;xml-fragment/></con:setting>
        </con:settings>
        <con:encoding>UTF-8</con:encoding>
        <con:endpoint>https://192.168.22.53:8443/services/EnterpriseSocialDebtService_v1.0</con:endpoint>
        <con:request><![CDATA[<soapenv:Envelope xmlns:soapenv="http://schemas.xmlsoap.org/soap/envelope/" xmlns:v1="http://fidus.brussels/service/household/messages/v1" xmlns:v11="http://fidus.brussels/type/common/messages/v1">
   <soapenv:Header/>
   <soapenv:Body>
      <v12:consultSocialDebtRequest xmlns:v12="http://fidus.brussels/service/enterprisesocialdebtservice/messages/v1">
         <v12:messageContext>
            <v11:messageId>${=import static java.util.UUID.randomUUID; uuid = randomUUID() as String}</v11:messageId>
            <v11:timestamp>${=new java.text.SimpleDateFormat("yyyy-MM-dd'T'HH:mm:ss.SSS").format(new Date())}</v11:timestamp>
         </v12:messageContext>
         <v12:legalContext>ServiceVoucher</v12:legalContext>
         <v12:request>
            <searchCriteria>
               <cbeNumber>0480260856</cbeNumber>
               <requestingOrganisationNumber>0316381039</requestingOrganisationNumber>
            </searchCriteria>
         </v12:request>
      </v12:consultSocialDebtRequest>
   </soapenv:Body>
</soapenv:Envelope>]]></con:request>
        <con:credentials>
          <con:selectedAuthProfile>Basic</con:selectedAuthProfile><con:addedBasicAuthenticationTypes>Basic</con:addedBasicAuthenticationTypes><con:authType>Global HTTP Settings</con:authType>
        </con:credentials>
        <con:jmsConfig JMSDeliveryMode="PERSISTENT"/>
        <con:jmsPropertyConfig/>
        <con:wsaConfig mustUnderstand="NONE" version="200508" action="http://fidus.brussels/services/household/getHouseHold"/>
        <con:wsrmConfig version="1.2"/>
      </con:call>
      <con:call name="3 - Test - Worker2 - Request" outgoingWss="Outflow TEST" incomingWss="Inflow TEST" id="81b807f8-b7f5-43e5-a219-b28ab15faac9">
        <con:settings>
          <con:setting id="com.eviware.soapui.impl.wsdl.WsdlRequest@request-headers">&lt;xml-fragment/></con:setting>
        </con:settings>
        <con:encoding>UTF-8</con:encoding>
        <con:endpoint>https://192.168.22.54:8443/services/EnterpriseSocialDebtService_v1.0</con:endpoint>
        <con:request><![CDATA[<soapenv:Envelope xmlns:soapenv="http://schemas.xmlsoap.org/soap/envelope/" xmlns:v1="http://fidus.brussels/service/household/messages/v1" xmlns:v11="http://fidus.brussels/type/common/messages/v1">
   <soapenv:Header/>
   <soapenv:Body>
      <v12:consultSocialDebtRequest xmlns:v12="http://fidus.brussels/service/enterprisesocialdebtservice/messages/v1">
         <v12:messageContext>
            <v11:messageId>${=import static java.util.UUID.randomUUID; uuid = randomUUID() as String}</v11:messageId>
            <v11:timestamp>${=new java.text.SimpleDateFormat("yyyy-MM-dd'T'HH:mm:ss.SSS").format(new Date())}</v11:timestamp>
         </v12:messageContext>
         <v12:legalContext>ServiceVoucher</v12:legalContext>
         <v12:request>
            <searchCriteria>
               <cbeNumber>0480260856</cbeNumber>
               <requestingOrganisationNumber>0316381039</requestingOrganisationNumber>
            </searchCriteria>
         </v12:request>
      </v12:consultSocialDebtRequest>
   </soapenv:Body>
</soapenv:Envelope>]]></con:request>
        <con:credentials>
          <con:selectedAuthProfile>Basic</con:selectedAuthProfile><con:addedBasicAuthenticationTypes>Basic</con:addedBasicAuthenticationTypes><con:authType>Global HTTP Settings</con:authType>
        </con:credentials>
        <con:jmsConfig JMSDeliveryMode="PERSISTENT"/>
        <con:jmsPropertyConfig/>
        <con:wsaConfig mustUnderstand="NONE" version="200508" action="http://fidus.brussels/services/household/getHouseHold"/>
        <con:wsrmConfig version="1.2"/>
      </con:call>
      
      
      
      
      
      
      
      
    <con:call id="fa644eee-51c9-4c1d-88f7-cc6b86735c05" name="1 - Local - Request 2" outgoingWss="Outflow DEV" incomingWss="Inflow DEV"><con:settings><con:setting id="com.eviware.soapui.impl.wsdl.WsdlRequest@request-headers">&lt;xml-fragment/></con:setting></con:settings><con:encoding>UTF-8</con:encoding><con:endpoint>https://localhost:8243/services/EnterpriseSocialDebtService_v1.0</con:endpoint><con:request><![CDATA[<soapenv:Envelope xmlns:soapenv="http://schemas.xmlsoap.org/soap/envelope/" xmlns:v1="http://fidus.brussels/service/enterprisesocialdebtservice/messages/v1" xmlns:v11="http://fidus.brussels/type/common/messages/v1">
   <soapenv:Header/>
   <soapenv:Body>
      <v1:consultSocialDebtRequest>
         <v1:messageContext>
            <v11:messageId>${=import static java.util.UUID.randomUUID; uuid = randomUUID() as String}</v11:messageId>
            <v11:timestamp>${=new java.text.SimpleDateFormat("yyyy-MM-dd'T'HH:mm:ss.SSS").format(new Date())}</v11:timestamp>
         </v1:messageContext>
         <v1:legalContext>ServiceIntegrator</v1:legalContext>
         <v1:request>
            <searchCriteria>
               <cbeNumber>0480260856</cbeNumber>
               <requestingOrganisationNumber>0316381039</requestingOrganisationNumber>
               <!--Optional:-->
               <requestingBusinessUnitNumber>2143349018</requestingBusinessUnitNumber>
            </searchCriteria>
         </v1:request>
      </v1:consultSocialDebtRequest>
   </soapenv:Body>
</soapenv:Envelope>]]></con:request><con:credentials><con:selectedAuthProfile>Basic</con:selectedAuthProfile><con:addedBasicAuthenticationTypes>Basic</con:addedBasicAuthenticationTypes><con:authType>Global HTTP Settings</con:authType></con:credentials><con:jmsConfig JMSDeliveryMode="PERSISTENT"/><con:jmsPropertyConfig/><con:wsaConfig mustUnderstand="NONE" version="200508" action="http://fidus.brussels/services/enterprisesocialdebtservice/consultSocialDebt"/><con:wsrmConfig version="1.2"/></con:call><con:call id="99f23333-907c-4d18-84cc-c5b9f3312a8d" name="4 - Staging - External - Request" outgoingWss="Outflow STAG"><con:settings><con:setting id="com.eviware.soapui.impl.wsdl.WsdlRequest@request-headers">&lt;xml-fragment/></con:setting></con:settings><con:encoding>UTF-8</con:encoding><con:endpoint>https://fidus.irisnetlab.be/services/EnterpriseSocialDebtService_v1.0</con:endpoint><con:request><![CDATA[<soapenv:Envelope xmlns:soapenv="http://schemas.xmlsoap.org/soap/envelope/" xmlns:v1="http://fidus.brussels/service/enterprisesocialdebtservice/messages/v1" xmlns:v11="http://fidus.brussels/type/common/messages/v1">
   <soapenv:Header/>
   <soapenv:Body>
      <v1:consultSocialDebtRequest>
         <v1:messageContext>
            <v11:messageId>${=import static java.util.UUID.randomUUID; uuid = randomUUID() as String}</v11:messageId>
            <v11:timestamp>${=new java.text.SimpleDateFormat("yyyy-MM-dd'T'HH:mm:ss.SSS").format(new Date())}</v11:timestamp>
         </v1:messageContext>
         <v1:legalContext>ServiceVoucher</v1:legalContext>
         <v1:request>
            <searchCriteria>
               <cbeNumber>0837834530</cbeNumber>
               <requestingOrganisationNumber>0316381039</requestingOrganisationNumber>
               <!--Optional:-->
               <requestingBusinessUnitNumber>2143349018</requestingBusinessUnitNumber>
            </searchCriteria>
         </v1:request>
      </v1:consultSocialDebtRequest>
   </soapenv:Body>
</soapenv:Envelope>]]></con:request><con:credentials><con:selectedAuthProfile>Basic</con:selectedAuthProfile><con:addedBasicAuthenticationTypes>Basic</con:addedBasicAuthenticationTypes><con:authType>Global HTTP Settings</con:authType></con:credentials><con:jmsConfig JMSDeliveryMode="PERSISTENT"/><con:jmsPropertyConfig/><con:wsaConfig mustUnderstand="NONE" version="200508" action="http://fidus.brussels/services/enterprisesocialdebtservice/consultSocialDebt"/><con:wsrmConfig version="1.2"/></con:call><con:call id="ca4ee618-b33d-487e-b581-762ce8f9775f" name="2 - Dev - Request 1"><con:settings><con:setting id="com.eviware.soapui.impl.wsdl.WsdlRequest@request-headers">&lt;xml-fragment/></con:setting></con:settings><con:encoding>UTF-8</con:encoding><con:endpoint>https://192.168.36.61:8243/services/EnterpriseSocialDebtService_v1.0</con:endpoint><con:request><![CDATA[<soapenv:Envelope xmlns:soapenv="http://schemas.xmlsoap.org/soap/envelope/" xmlns:v1="http://fidus.brussels/service/enterprisesocialdebtservice/messages/v1" xmlns:v11="http://fidus.brussels/type/common/messages/v1">
   <soapenv:Header/>
   <soapenv:Body>
      <v1:consultSocialDebtRequest>
         <v1:messageContext>
            <v11:messageId>${=import static java.util.UUID.randomUUID; uuid = randomUUID() as String}</v11:messageId>
            <v11:timestamp>${=new java.text.SimpleDateFormat("yyyy-MM-dd'T'HH:mm:ss.SSS").format(new Date())}</v11:timestamp>
         </v1:messageContext>
         <v1:legalContext>ServiceIntegrator</v1:legalContext>
         <v1:request>
            <searchCriteria>
               <cbeNumber>0837834530</cbeNumber>
               <requestingOrganisationNumber>0316381039</requestingOrganisationNumber>
               <!--Optional:-->
               <requestingBusinessUnitNumber>2143349018</requestingBusinessUnitNumber>
            </searchCriteria>
         </v1:request>
      </v1:consultSocialDebtRequest>
   </soapenv:Body>
</soapenv:Envelope>]]></con:request><con:credentials>
          <con:selectedAuthProfile>Basic</con:selectedAuthProfile><con:addedBasicAuthenticationTypes>Basic</con:addedBasicAuthenticationTypes><con:authType>Global HTTP Settings</con:authType>
        </con:credentials><con:jmsConfig JMSDeliveryMode="PERSISTENT"/><con:jmsPropertyConfig/><con:wsaConfig mustUnderstand="NONE" version="200508" action="http://fidus.brussels/services/enterprisesocialdebtservice/consultSocialDebt"/><con:wsrmConfig version="1.2"/></con:call><con:call id="d148eddb-eebd-4bc2-9432-05c9dfb781ec" name="2 - Dev - Request 2"><con:settings><con:setting id="com.eviware.soapui.impl.wsdl.WsdlRequest@request-headers">&lt;xml-fragment/></con:setting></con:settings><con:encoding>UTF-8</con:encoding><con:endpoint>https://192.168.36.61:8243/services/EnterpriseSocialDebtService_v1.0</con:endpoint><con:request><![CDATA[<soapenv:Envelope xmlns:soapenv="http://schemas.xmlsoap.org/soap/envelope/" xmlns:v1="http://fidus.brussels/service/enterprisesocialdebtservice/messages/v1" xmlns:v11="http://fidus.brussels/type/common/messages/v1">
   <soapenv:Header/>
   <soapenv:Body>
      <v1:consultSocialDebtRequest>
         <v1:messageContext>
            <v11:messageId>${=import static java.util.UUID.randomUUID; uuid = randomUUID() as String}</v11:messageId>
            <v11:timestamp>${=new java.text.SimpleDateFormat("yyyy-MM-dd'T'HH:mm:ss.SSS").format(new Date())}</v11:timestamp>
         </v1:messageContext>
         <v1:legalContext>ServiceIntegrator</v1:legalContext>
         <v1:request>
            <searchCriteria>
               <cbeNumber>0480260856</cbeNumber>
               <requestingOrganisationNumber>0316381039</requestingOrganisationNumber>
               <!--Optional:-->
               <requestingBusinessUnitNumber>2143349018</requestingBusinessUnitNumber>
            </searchCriteria>
         </v1:request>
      </v1:consultSocialDebtRequest>
   </soapenv:Body>
</soapenv:Envelope>]]></con:request><con:credentials>
          <con:selectedAuthProfile>Basic</con:selectedAuthProfile><con:addedBasicAuthenticationTypes>Basic</con:addedBasicAuthenticationTypes><con:authType>Global HTTP Settings</con:authType>
        </con:credentials><con:jmsConfig JMSDeliveryMode="PERSISTENT"/><con:jmsPropertyConfig/><con:wsaConfig mustUnderstand="NONE" version="200508" action="http://fidus.brussels/services/enterprisesocialdebtservice/consultSocialDebt"/><con:wsrmConfig version="1.2"/></con:call><con:call id="f9918c3a-c603-48e8-b8a8-f499bc4b4690" name="4 - Staging - LB - Request" outgoingWss="Outflow STAG"><con:settings><con:setting id="com.eviware.soapui.impl.wsdl.WsdlRequest@request-headers">&lt;xml-fragment/></con:setting></con:settings><con:encoding>UTF-8</con:encoding><con:endpoint>https://fidus-esb-sg.sta.srv.cirb.lan:8443/services/EnterpriseSocialDebtService_v1.0</con:endpoint><con:request><![CDATA[<soapenv:Envelope xmlns:soapenv="http://schemas.xmlsoap.org/soap/envelope/" xmlns:v1="http://fidus.brussels/service/household/messages/v1" xmlns:v11="http://fidus.brussels/type/common/messages/v1">
   <soapenv:Header/>
   <soapenv:Body>
      <v12:consultSocialDebtRequest xmlns:v12="http://fidus.brussels/service/enterprisesocialdebtservice/messages/v1">
         <v12:messageContext>
            <v11:messageId>${=import static java.util.UUID.randomUUID; uuid = randomUUID() as String}</v11:messageId>
            <v11:timestamp>${=new java.text.SimpleDateFormat("yyyy-MM-dd'T'HH:mm:ss.SSS").format(new Date())}</v11:timestamp>
         </v12:messageContext>
         <v12:legalContext>ServiceVoucher</v12:legalContext>
         <v12:request>
            <searchCriteria>
               <cbeNumber>0837834530</cbeNumber>
               <requestingOrganisationNumber>0316381039</requestingOrganisationNumber>
               <!--Optional:-->
               <requestingBusinessUnitNumber>2143349018</requestingBusinessUnitNumber>
            </searchCriteria>
         </v12:request>
      </v12:consultSocialDebtRequest>
   </soapenv:Body>
</soapenv:Envelope>]]></con:request><con:credentials>
          <con:selectedAuthProfile>Basic</con:selectedAuthProfile><con:addedBasicAuthenticationTypes>Basic</con:addedBasicAuthenticationTypes><con:authType>Global HTTP Settings</con:authType>
        </con:credentials><con:jmsConfig JMSDeliveryMode="PERSISTENT"/><con:jmsPropertyConfig/><con:wsaConfig mustUnderstand="NONE" version="200508" action="http://fidus.brussels/services/enterprisesocialdebtservice/consultSocialDebt"/><con:wsrmConfig version="1.2"/></con:call><con:call id="86bb1438-ab47-43f5-8915-db23aacaa92e" name="4 - Staging - Worker1 - Request" outgoingWss="Outflow STAG"><con:settings><con:setting id="com.eviware.soapui.impl.wsdl.WsdlRequest@request-headers">&lt;xml-fragment/></con:setting></con:settings><con:encoding>UTF-8</con:encoding><con:endpoint>https://192.168.24.16:8443/services/EnterpriseSocialDebtService_v1.0</con:endpoint><con:request><![CDATA[<soapenv:Envelope xmlns:soapenv="http://schemas.xmlsoap.org/soap/envelope/" xmlns:v1="http://fidus.brussels/service/enterprisesocialdebtservice/messages/v1" xmlns:v11="http://fidus.brussels/type/common/messages/v1">
   <soapenv:Header/>
   <soapenv:Body>
      <v1:consultSocialDebtRequest>
         <v1:messageContext>
            <v11:messageId>${=import static java.util.UUID.randomUUID; uuid = randomUUID() as String}</v11:messageId>
            <v11:timestamp>${=new java.text.SimpleDateFormat("yyyy-MM-dd'T'HH:mm:ss.SSS").format(new Date())}</v11:timestamp>
         </v1:messageContext>
         <v1:legalContext>ServiceVoucher</v1:legalContext>
         <v1:request>
            <searchCriteria>
               <cbeNumber>0837834530</cbeNumber>
               <requestingOrganisationNumber>0316381039</requestingOrganisationNumber>
               <!--Optional:-->
               <requestingBusinessUnitNumber>2143349018</requestingBusinessUnitNumber>
            </searchCriteria>
         </v1:request>
      </v1:consultSocialDebtRequest>
   </soapenv:Body>
</soapenv:Envelope>]]></con:request><con:credentials>
          <con:selectedAuthProfile>Basic</con:selectedAuthProfile><con:addedBasicAuthenticationTypes>Basic</con:addedBasicAuthenticationTypes><con:authType>Global HTTP Settings</con:authType>
        </con:credentials><con:jmsConfig JMSDeliveryMode="PERSISTENT"/><con:jmsPropertyConfig/><con:wsaConfig mustUnderstand="NONE" version="200508" action="http://fidus.brussels/services/enterprisesocialdebtservice/consultSocialDebt"/><con:wsrmConfig version="1.2"/></con:call><con:call id="b05495fb-2676-4592-9e67-e778845b2129" name="4 - Staging - Worker2 - Request" outgoingWss="Outflow STAG"><con:settings><con:setting id="com.eviware.soapui.impl.wsdl.WsdlRequest@request-headers">&lt;xml-fragment/></con:setting></con:settings><con:encoding>UTF-8</con:encoding><con:endpoint>https://192.168.24.17:8443/services/EnterpriseSocialDebtService_v1.0</con:endpoint><con:request><![CDATA[<soapenv:Envelope xmlns:soapenv="http://schemas.xmlsoap.org/soap/envelope/" xmlns:v1="http://fidus.brussels/service/enterprisesocialdebtservice/messages/v1" xmlns:v11="http://fidus.brussels/type/common/messages/v1">
   <soapenv:Header/>
   <soapenv:Body>
      <v1:consultSocialDebtRequest>
         <v1:messageContext>
            <v11:messageId>${=import static java.util.UUID.randomUUID; uuid = randomUUID() as String}</v11:messageId>
            <v11:timestamp>${=new java.text.SimpleDateFormat("yyyy-MM-dd'T'HH:mm:ss.SSS").format(new Date())}</v11:timestamp>
         </v1:messageContext>
         <v1:legalContext>ServiceVoucher</v1:legalContext>
         <v1:request>
            <searchCriteria>
               <cbeNumber>0480260856</cbeNumber>
               <requestingOrganisationNumber>0316381039</requestingOrganisationNumber>
               <!--Optional:-->
               <requestingBusinessUnitNumber>2143349018</requestingBusinessUnitNumber>
            </searchCriteria>
         </v1:request>
      </v1:consultSocialDebtRequest>
   </soapenv:Body>
</soapenv:Envelope>]]></con:request><con:credentials><con:selectedAuthProfile>Basic</con:selectedAuthProfile><con:addedBasicAuthenticationTypes>Basic</con:addedBasicAuthenticationTypes><con:authType>Global HTTP Settings</con:authType></con:credentials><con:jmsConfig JMSDeliveryMode="PERSISTENT"/><con:jmsPropertyConfig/><con:wsaConfig mustUnderstand="NONE" version="200508" action="http://fidus.brussels/services/enterprisesocialdebtservice/consultSocialDebt"/><con:wsrmConfig version="1.2"/></con:call><con:call id="76a9d77e-05a8-4374-b17c-50bdede757bb" name="5 - Prod - External - Request" outgoingWss="Outflow PROD"><con:settings><con:setting id="com.eviware.soapui.impl.wsdl.WsdlRequest@request-headers">&lt;xml-fragment/></con:setting></con:settings><con:encoding>UTF-8</con:encoding><con:endpoint>https://fidus.sec.brussels/services/EnterpriseSocialDebtService_v1.0</con:endpoint><con:request><![CDATA[<soapenv:Envelope xmlns:soapenv="http://schemas.xmlsoap.org/soap/envelope/" xmlns:v1="http://fidus.brussels/service/enterprisesocialdebtservice/messages/v1" xmlns:v11="http://fidus.brussels/type/common/messages/v1">
   <soapenv:Header/>
   <soapenv:Body>
      <v1:consultSocialDebtRequest>
         <v1:messageContext>
            <v11:messageId>${=import static java.util.UUID.randomUUID; uuid = randomUUID() as String}</v11:messageId>
            <v11:timestamp>${=new java.text.SimpleDateFormat("yyyy-MM-dd'T'HH:mm:ss.SSS").format(new Date())}</v11:timestamp>
         </v1:messageContext>
         <v1:legalContext>ServiceVoucher</v1:legalContext>
         <v1:request>
            <searchCriteria>
               <cbeNumber>0837834530</cbeNumber>
               <requestingOrganisationNumber>0316381039</requestingOrganisationNumber>
               <!--Optional:-->
               <requestingBusinessUnitNumber>2143349018</requestingBusinessUnitNumber>
            </searchCriteria>
         </v1:request>
      </v1:consultSocialDebtRequest>
   </soapenv:Body>
</soapenv:Envelope>]]></con:request><con:credentials><con:selectedAuthProfile>Basic</con:selectedAuthProfile><con:addedBasicAuthenticationTypes>Basic</con:addedBasicAuthenticationTypes><con:authType>Global HTTP Settings</con:authType></con:credentials><con:jmsConfig JMSDeliveryMode="PERSISTENT"/><con:jmsPropertyConfig/><con:wsaConfig mustUnderstand="NONE" version="200508" action="http://fidus.brussels/services/enterprisesocialdebtservice/consultSocialDebt"/><con:wsrmConfig version="1.2"/></con:call><con:call id="4acad097-4382-4517-898c-75b802fa016e" name="5 - Prod - LB - Request" outgoingWss="Outflow PROD"><con:settings><con:setting id="com.eviware.soapui.impl.wsdl.WsdlRequest@request-headers">&lt;xml-fragment/></con:setting></con:settings><con:encoding>UTF-8</con:encoding><con:endpoint>https://fidus-esb-sg.prd.srv.cirb.lan:8443/services/EnterpriseSocialDebtService_v1.0</con:endpoint><con:request><![CDATA[<soapenv:Envelope xmlns:soapenv="http://schemas.xmlsoap.org/soap/envelope/" xmlns:v1="http://fidus.brussels/service/household/messages/v1" xmlns:v11="http://fidus.brussels/type/common/messages/v1">
   <soapenv:Header/>
   <soapenv:Body>
      <v12:consultSocialDebtRequest xmlns:v12="http://fidus.brussels/service/enterprisesocialdebtservice/messages/v1">
         <v12:messageContext>
            <v11:messageId>${=import static java.util.UUID.randomUUID; uuid = randomUUID() as String}</v11:messageId>
            <v11:timestamp>${=new java.text.SimpleDateFormat("yyyy-MM-dd'T'HH:mm:ss.SSS").format(new Date())}</v11:timestamp>
         </v12:messageContext>
         <v12:legalContext>ServiceVoucher</v12:legalContext>
         <v12:request>
            <searchCriteria>
               <cbeNumber>0837834530</cbeNumber>
               <requestingOrganisationNumber>0316381039</requestingOrganisationNumber>
               <!--Optional:-->
               <requestingBusinessUnitNumber>2143349018</requestingBusinessUnitNumber>
            </searchCriteria>
         </v12:request>
      </v12:consultSocialDebtRequest>
   </soapenv:Body>
</soapenv:Envelope>]]></con:request><con:credentials>
          <con:selectedAuthProfile>Basic</con:selectedAuthProfile><con:addedBasicAuthenticationTypes>Basic</con:addedBasicAuthenticationTypes><con:authType>Global HTTP Settings</con:authType>
        </con:credentials><con:jmsConfig JMSDeliveryMode="PERSISTENT"/><con:jmsPropertyConfig/><con:wsaConfig mustUnderstand="NONE" version="200508" action="http://fidus.brussels/services/enterprisesocialdebtservice/consultSocialDebt"/><con:wsrmConfig version="1.2"/></con:call><con:call id="6a504d9a-e7a7-407a-b20c-51fc4a9952e8" name="5 - Prod - Worker1 - Request" outgoingWss="Outflow PROD"><con:settings><con:setting id="com.eviware.soapui.impl.wsdl.WsdlRequest@request-headers">&lt;xml-fragment/></con:setting></con:settings><con:encoding>UTF-8</con:encoding><con:endpoint>https://192.168.26.19:8443/services/EnterpriseSocialDebtService_v1.0</con:endpoint><con:request><![CDATA[<soapenv:Envelope xmlns:soapenv="http://schemas.xmlsoap.org/soap/envelope/" xmlns:v1="http://fidus.brussels/service/enterprisesocialdebtservice/messages/v1" xmlns:v11="http://fidus.brussels/type/common/messages/v1">
   <soapenv:Header/>
   <soapenv:Body>
      <v1:consultSocialDebtRequest>
         <v1:messageContext>
            <v11:messageId>${=import static java.util.UUID.randomUUID; uuid = randomUUID() as String}</v11:messageId>
            <v11:timestamp>${=new java.text.SimpleDateFormat("yyyy-MM-dd'T'HH:mm:ss.SSS").format(new Date())}</v11:timestamp>
         </v1:messageContext>
         <v1:legalContext>ServiceVoucher</v1:legalContext>
         <v1:request>
            <searchCriteria>
               <cbeNumber>0837834530</cbeNumber>
               <requestingOrganisationNumber>0316381039</requestingOrganisationNumber>
               <!--Optional:-->
               <requestingBusinessUnitNumber>2143349018</requestingBusinessUnitNumber>
            </searchCriteria>
         </v1:request>
      </v1:consultSocialDebtRequest>
   </soapenv:Body>
</soapenv:Envelope>]]></con:request><con:credentials>
          <con:selectedAuthProfile>Basic</con:selectedAuthProfile><con:addedBasicAuthenticationTypes>Basic</con:addedBasicAuthenticationTypes><con:authType>Global HTTP Settings</con:authType>
        </con:credentials><con:jmsConfig JMSDeliveryMode="PERSISTENT"/><con:jmsPropertyConfig/><con:wsaConfig mustUnderstand="NONE" version="200508" action="http://fidus.brussels/services/enterprisesocialdebtservice/consultSocialDebt"/><con:wsrmConfig version="1.2"/></con:call><con:call id="af77773a-5a6d-4a23-9cf7-54dcdbe1711c" name="5 - Prod - Worker2 - Request" outgoingWss="Outflow PROD"><con:settings><con:setting id="com.eviware.soapui.impl.wsdl.WsdlRequest@request-headers">&lt;xml-fragment/></con:setting></con:settings><con:encoding>UTF-8</con:encoding><con:endpoint>https://192.168.26.22:8443/services/EnterpriseSocialDebtService_v1.0</con:endpoint><con:request><![CDATA[<soapenv:Envelope xmlns:soapenv="http://schemas.xmlsoap.org/soap/envelope/" xmlns:v1="http://fidus.brussels/service/enterprisesocialdebtservice/messages/v1" xmlns:v11="http://fidus.brussels/type/common/messages/v1">
   <soapenv:Header/>
   <soapenv:Body>
      <v1:consultSocialDebtRequest>
         <v1:messageContext>
            <v11:messageId>${=import static java.util.UUID.randomUUID; uuid = randomUUID() as String}</v11:messageId>
            <v11:timestamp>${=new java.text.SimpleDateFormat("yyyy-MM-dd'T'HH:mm:ss.SSS").format(new Date())}</v11:timestamp>
         </v1:messageContext>
         <v1:legalContext>ServiceVoucher</v1:legalContext>
         <v1:request>
            <searchCriteria>
               <cbeNumber>0480260856</cbeNumber>
               <requestingOrganisationNumber>0316381039</requestingOrganisationNumber>
               <!--Optional:-->
               <requestingBusinessUnitNumber>2143349018</requestingBusinessUnitNumber>
            </searchCriteria>
         </v1:request>
      </v1:consultSocialDebtRequest>
   </soapenv:Body>
</soapenv:Envelope>]]></con:request><con:credentials><con:selectedAuthProfile>Basic</con:selectedAuthProfile><con:addedBasicAuthenticationTypes>Basic</con:addedBasicAuthenticationTypes><con:authType>Global HTTP Settings</con:authType></con:credentials><con:jmsConfig JMSDeliveryMode="PERSISTENT"/><con:jmsPropertyConfig/><con:wsaConfig mustUnderstand="NONE" version="200508" action="http://fidus.brussels/services/enterprisesocialdebtservice/consultSocialDebt"/><con:wsrmConfig version="1.2"/></con:call></con:operation>
  </con:interface>
  <con:testSuite id="09619b21-a337-4a13-9aac-ffa2c7d3b053" name="TEST"><con:settings/><con:runType>SEQUENTIAL</con:runType><con:testCase id="35632597-6ddd-4c15-b2de-17343c204413" failOnError="true" failTestCaseOnErrors="true" keepSession="false" maxResults="0" name="consultSocialDebt" searchProperties="true"><con:settings/><con:testStep type="request" id="5074279a-c3c5-4c37-a9c4-8d87ef161372" name="testcase3 - Test - External - Request"><con:settings/><con:config xsi:type="con:RequestStep" xmlns:xsi="http://www.w3.org/2001/XMLSchema-instance"><con:interface>EnterpriseSocialDebtServiceHTTPBinding</con:interface><con:operation>consultSocialDebt</con:operation><con:request name="testcase3 - Test - External - Request" id="5191c1c3-e1ae-4f1c-986d-5fedf40640a1" outgoingWss="Outflow TEST"><con:settings/><con:encoding>UTF-8</con:encoding><con:endpoint>https://fidus-test.irisnetlab.be/services/EnterpriseSocialDebtService_v1.0</con:endpoint><con:request><![CDATA[<soapenv:Envelope xmlns:soapenv="http://schemas.xmlsoap.org/soap/envelope/" xmlns:v1="http://fidus.brussels/service/household/messages/v1" xmlns:v11="http://fidus.brussels/type/common/messages/v1">
   <soapenv:Header/>
   <soapenv:Body>
      <v12:consultSocialDebtRequest xmlns:v12="http://fidus.brussels/service/enterprisesocialdebtservice/messages/v1">
         <v12:messageContext>
            <v11:messageId>${=import static java.util.UUID.randomUUID; uuid = randomUUID() as String}</v11:messageId>
            <v11:timestamp>${=new java.text.SimpleDateFormat("yyyy-MM-dd'T'HH:mm:ss.SSS").format(new Date())}</v11:timestamp>
         </v12:messageContext>
         <v12:legalContext>ServiceVoucher</v12:legalContext>
         <v12:request>
            <searchCriteria>
               <cbeNumber>0480260856</cbeNumber>
               <requestingOrganisationNumber>0316381039</requestingOrganisationNumber>
            </searchCriteria>
         </v12:request>
      </v12:consultSocialDebtRequest>
   </soapenv:Body>
</soapenv:Envelope>]]></con:request><con:assertion type="SOAP Fault Assertion" id="9fc88841-d485-44ca-bb2b-1d822652580f" name="Not SOAP Fault"/><con:assertion type="SOAP Response" id="90959fc3-a682-4ae1-91e0-a40f6870c763" name="SOAP Response"/><con:assertion type="Schema Compliance" id="42ad1a30-9899-485e-b7ac-0df5067dbd44" name="Schema Compliance"><con:configuration/></con:assertion><con:wsaConfig action="http://fidus.brussels/services/enterprisesocialdebtservice/consultSocialDebt"/></con:request></con:config></con:testStep><con:testStep type="request" id="89bed05c-37d5-4336-af59-905a1d11a785" name="testcase3 - Test - LB - Request"><con:settings/><con:config xsi:type="con:RequestStep" xmlns:xsi="http://www.w3.org/2001/XMLSchema-instance"><con:interface>EnterpriseSocialDebtServiceHTTPBinding</con:interface><con:operation>consultSocialDebt</con:operation><con:request name="testcase3 - Test - LB - Request" id="c71d0436-47a4-4aba-9e07-cc79d6459bbf" outgoingWss="Outflow TEST"><con:settings/><con:encoding>UTF-8</con:encoding><con:endpoint>https://esb-security-gw.sta.srv.cirb.lan:8443/services/EnterpriseSocialDebtService_v1.0</con:endpoint><con:request><![CDATA[<soapenv:Envelope xmlns:soapenv="http://schemas.xmlsoap.org/soap/envelope/" xmlns:v1="http://fidus.brussels/service/household/messages/v1" xmlns:v11="http://fidus.brussels/type/common/messages/v1">
   <soapenv:Header/>
   <soapenv:Body>
      <v12:consultSocialDebtRequest xmlns:v12="http://fidus.brussels/service/enterprisesocialdebtservice/messages/v1">
         <v12:messageContext>
            <v11:messageId>${=import static java.util.UUID.randomUUID; uuid = randomUUID() as String}</v11:messageId>
            <v11:timestamp>${=new java.text.SimpleDateFormat("yyyy-MM-dd'T'HH:mm:ss.SSS").format(new Date())}</v11:timestamp>
         </v12:messageContext>
         <v12:legalContext>ServiceVoucher</v12:legalContext>
         <v12:request>
            <searchCriteria>
               <cbeNumber>0480260856</cbeNumber>
               <requestingOrganisationNumber>0316381039</requestingOrganisationNumber>
            </searchCriteria>
         </v12:request>
      </v12:consultSocialDebtRequest>
   </soapenv:Body>
</soapenv:Envelope>]]></con:request><con:assertion type="SOAP Fault Assertion" id="f5527abe-c684-4006-aab1-980d468de2a6" name="Not SOAP Fault"/><con:assertion type="SOAP Response" id="846a727e-8dbb-43ad-a573-d37e5bb936c2" name="SOAP Response"/><con:assertion type="Schema Compliance" id="96bee55f-3b5a-4ad4-a092-4963f29d0406" name="Schema Compliance"><con:configuration/></con:assertion><con:wsaConfig action="http://fidus.brussels/services/enterprisesocialdebtservice/consultSocialDebt"/></con:request></con:config></con:testStep><con:testStep type="request" id="a9c9ef21-3538-4d76-8e24-91d8d17efe71" name="testcase3 - Test - Worker1 - Request"><con:settings/><con:config xsi:type="con:RequestStep" xmlns:xsi="http://www.w3.org/2001/XMLSchema-instance"><con:interface>EnterpriseSocialDebtServiceHTTPBinding</con:interface><con:operation>consultSocialDebt</con:operation><con:request name="testcase3 - Test - Worker1 - Request" id="bc30df8e-6048-45bb-8135-80ec0444382a" outgoingWss="Outflow TEST"><con:settings/><con:encoding>UTF-8</con:encoding><con:endpoint>https://192.168.24.45:8443/services/EnterpriseSocialDebtService_v1.0</con:endpoint><con:request><![CDATA[<soapenv:Envelope xmlns:soapenv="http://schemas.xmlsoap.org/soap/envelope/" xmlns:v1="http://fidus.brussels/service/household/messages/v1" xmlns:v11="http://fidus.brussels/type/common/messages/v1">
   <soapenv:Header/>
   <soapenv:Body>
      <v12:consultSocialDebtRequest xmlns:v12="http://fidus.brussels/service/enterprisesocialdebtservice/messages/v1">
         <v12:messageContext>
            <v11:messageId>${=import static java.util.UUID.randomUUID; uuid = randomUUID() as String}</v11:messageId>
            <v11:timestamp>${=new java.text.SimpleDateFormat("yyyy-MM-dd'T'HH:mm:ss.SSS").format(new Date())}</v11:timestamp>
         </v12:messageContext>
         <v12:legalContext>ServiceVoucher</v12:legalContext>
         <v12:request>
            <searchCriteria>
               <cbeNumber>0480260856</cbeNumber>
               <requestingOrganisationNumber>0316381039</requestingOrganisationNumber>
            </searchCriteria>
         </v12:request>
      </v12:consultSocialDebtRequest>
   </soapenv:Body>
</soapenv:Envelope>]]></con:request><con:assertion type="SOAP Fault Assertion" id="b8d940a9-33c0-49ac-88ca-3b608d698df9" name="Not SOAP Fault"/><con:assertion type="SOAP Response" id="f774dd66-4ee6-47df-964e-6708ad8e280d" name="SOAP Response"/><con:assertion type="Schema Compliance" id="6e91fa25-205a-4773-be88-901dab1d084f" name="Schema Compliance"><con:configuration/></con:assertion><con:wsaConfig action="http://fidus.brussels/services/enterprisesocialdebtservice/consultSocialDebt"/></con:request></con:config></con:testStep><con:testStep type="request" id="cdd84d97-3a3b-4db2-832c-3d83b7d0879e" name="testcase3 - Test - Worker2 - Request"><con:settings/><con:config xsi:type="con:RequestStep" xmlns:xsi="http://www.w3.org/2001/XMLSchema-instance"><con:interface>EnterpriseSocialDebtServiceHTTPBinding</con:interface><con:operation>consultSocialDebt</con:operation><con:request name="testcase3 - Test - Worker2 - Request" id="69e3abb5-ecaf-4d59-932e-6cdff4e4d79b" outgoingWss="Outflow TEST"><con:settings/><con:encoding>UTF-8</con:encoding><con:endpoint>https://192.168.24.51:8443/services/EnterpriseSocialDebtService_v1.0</con:endpoint><con:request><![CDATA[<soapenv:Envelope xmlns:soapenv="http://schemas.xmlsoap.org/soap/envelope/" xmlns:v1="http://fidus.brussels/service/household/messages/v1" xmlns:v11="http://fidus.brussels/type/common/messages/v1">
   <soapenv:Header/>
   <soapenv:Body>
      <v12:consultSocialDebtRequest xmlns:v12="http://fidus.brussels/service/enterprisesocialdebtservice/messages/v1">
         <v12:messageContext>
            <v11:messageId>${=import static java.util.UUID.randomUUID; uuid = randomUUID() as String}</v11:messageId>
            <v11:timestamp>${=new java.text.SimpleDateFormat("yyyy-MM-dd'T'HH:mm:ss.SSS").format(new Date())}</v11:timestamp>
         </v12:messageContext>
         <v12:legalContext>ServiceVoucher</v12:legalContext>
         <v12:request>
            <searchCriteria>
               <cbeNumber>0480260856</cbeNumber>
               <requestingOrganisationNumber>0316381039</requestingOrganisationNumber>
            </searchCriteria>
         </v12:request>
      </v12:consultSocialDebtRequest>
   </soapenv:Body>
</soapenv:Envelope>]]></con:request><con:assertion type="SOAP Fault Assertion" id="8a3ab71a-af47-4e38-a39d-b498ddaaae15" name="Not SOAP Fault"/><con:assertion type="SOAP Response" id="e39b7fbf-d717-4d16-8079-e8ccd114fed9" name="SOAP Response"/><con:assertion type="Schema Compliance" id="4c46f934-73ec-4f70-b91d-488c41d5fb27" name="Schema Compliance"><con:configuration/></con:assertion><con:wsaConfig action="http://fidus.brussels/services/enterprisesocialdebtservice/consultSocialDebt"/></con:request></con:config></con:testStep><con:properties/></con:testCase><con:properties/></con:testSuite><con:testSuite id="7edb2f66-982e-4973-a83a-adeeb9738c89" name="STAG"><con:settings/><con:runType>SEQUENTIAL</con:runType><con:testCase id="be9c6570-2d75-4fbe-89ac-efbdea00ea57" failOnError="true" failTestCaseOnErrors="true" keepSession="false" maxResults="0" name="consultSocialDebt" searchProperties="true"><con:settings/><con:testStep type="request" id="9e5a97d5-3301-4e76-8849-7a5d64a2cadd" name="testcase4 - Staging - External - Request"><con:settings/><con:config xsi:type="con:RequestStep" xmlns:xsi="http://www.w3.org/2001/XMLSchema-instance"><con:interface>EnterpriseSocialDebtServiceHTTPBinding</con:interface><con:operation>consultSocialDebt</con:operation><con:request name="testcase4 - Staging - External - Request" id="25135433-f98e-4233-8d76-fd330e0a5b69" outgoingWss="Outflow STAG"><con:settings/><con:encoding>UTF-8</con:encoding><con:endpoint>https://fidus.irisnetlab.be/services/EnterpriseSocialDebtService_v1.0</con:endpoint><con:request><![CDATA[<soapenv:Envelope xmlns:soapenv="http://schemas.xmlsoap.org/soap/envelope/" xmlns:v1="http://fidus.brussels/service/enterprisesocialdebtservice/messages/v1" xmlns:v11="http://fidus.brussels/type/common/messages/v1">
   <soapenv:Header/>
   <soapenv:Body>
      <v1:consultSocialDebtRequest>
         <v1:messageContext>
            <v11:messageId>${=import static java.util.UUID.randomUUID; uuid = randomUUID() as String}</v11:messageId>
            <v11:timestamp>${=new java.text.SimpleDateFormat("yyyy-MM-dd'T'HH:mm:ss.SSS").format(new Date())}</v11:timestamp>
         </v1:messageContext>
         <v1:legalContext>ServiceVoucher</v1:legalContext>
         <v1:request>
            <searchCriteria>
               <cbeNumber>0837834530</cbeNumber>
               <requestingOrganisationNumber>0316381039</requestingOrganisationNumber>
               <!--Optional:-->
               <requestingBusinessUnitNumber>2143349018</requestingBusinessUnitNumber>
            </searchCriteria>
         </v1:request>
      </v1:consultSocialDebtRequest>
   </soapenv:Body>
</soapenv:Envelope>]]></con:request><con:assertion type="SOAP Fault Assertion" id="f9b2d0c7-e788-45b5-927d-976d4602894b" name="Not SOAP Fault"/><con:assertion type="SOAP Response" id="d3bc22d5-76c6-4d9d-b9c4-58d07b41c16c" name="SOAP Response"/><con:assertion type="Schema Compliance" id="b4c6afd9-3928-480d-be1f-4e500461ffc7" name="Schema Compliance"><con:configuration/></con:assertion><con:wsaConfig action="http://fidus.brussels/services/enterprisesocialdebtservice/consultSocialDebt"/></con:request></con:config></con:testStep><con:testStep type="request" id="542de199-2762-42e8-bd95-876ca7d9c1d9" name="testcase4 - Staging - LB - Request"><con:settings/><con:config xsi:type="con:RequestStep" xmlns:xsi="http://www.w3.org/2001/XMLSchema-instance"><con:interface>EnterpriseSocialDebtServiceHTTPBinding</con:interface><con:operation>consultSocialDebt</con:operation><con:request name="testcase4 - Staging - LB - Request" id="465c12b8-97b5-4485-8117-d1995712de7d" outgoingWss="Outflow STAG"><con:settings/><con:encoding>UTF-8</con:encoding><con:endpoint>https://fidus-esb-sg.sta.srv.cirb.lan:8443/services/EnterpriseSocialDebtService_v1.0</con:endpoint><con:request><![CDATA[<soapenv:Envelope xmlns:soapenv="http://schemas.xmlsoap.org/soap/envelope/" xmlns:v1="http://fidus.brussels/service/household/messages/v1" xmlns:v11="http://fidus.brussels/type/common/messages/v1">
   <soapenv:Header/>
   <soapenv:Body>
      <v12:consultSocialDebtRequest xmlns:v12="http://fidus.brussels/service/enterprisesocialdebtservice/messages/v1">
         <v12:messageContext>
            <v11:messageId>${=import static java.util.UUID.randomUUID; uuid = randomUUID() as String}</v11:messageId>
            <v11:timestamp>${=new java.text.SimpleDateFormat("yyyy-MM-dd'T'HH:mm:ss.SSS").format(new Date())}</v11:timestamp>
         </v12:messageContext>
         <v12:legalContext>ServiceVoucher</v12:legalContext>
         <v12:request>
            <searchCriteria>
               <cbeNumber>0837834530</cbeNumber>
               <requestingOrganisationNumber>0316381039</requestingOrganisationNumber>
               <!--Optional:-->
               <requestingBusinessUnitNumber>2143349018</requestingBusinessUnitNumber>
            </searchCriteria>
         </v12:request>
      </v12:consultSocialDebtRequest>
   </soapenv:Body>
</soapenv:Envelope>]]></con:request><con:assertion type="SOAP Fault Assertion" id="1bbd3112-fef8-4ed9-8e3e-580225678f87" name="Not SOAP Fault"/><con:assertion type="SOAP Response" id="dd671eb9-f0e8-49c6-aaed-7c152627ad2c" name="SOAP Response"/><con:assertion type="Schema Compliance" id="075c038e-11af-4f5d-8089-1349033fe530" name="Schema Compliance"><con:configuration/></con:assertion><con:wsaConfig action="http://fidus.brussels/services/enterprisesocialdebtservice/consultSocialDebt"/></con:request></con:config></con:testStep><con:testStep type="request" id="24848a5d-7837-4102-b7dc-ad7732aeb57c" name="testcase4 - Staging - Worker1 - Request"><con:settings/><con:config xsi:type="con:RequestStep" xmlns:xsi="http://www.w3.org/2001/XMLSchema-instance"><con:interface>EnterpriseSocialDebtServiceHTTPBinding</con:interface><con:operation>consultSocialDebt</con:operation><con:request name="testcase4 - Staging - Worker1 - Request" id="b316db9b-f14b-45aa-b0c4-4511ed54c589" outgoingWss="Outflow STAG"><con:settings/><con:encoding>UTF-8</con:encoding><con:endpoint>https://192.168.24.57:8443/services/EnterpriseSocialDebtService_v1.0</con:endpoint><con:request><![CDATA[<soapenv:Envelope xmlns:soapenv="http://schemas.xmlsoap.org/soap/envelope/" xmlns:v1="http://fidus.brussels/service/enterprisesocialdebtservice/messages/v1" xmlns:v11="http://fidus.brussels/type/common/messages/v1">
   <soapenv:Header/>
   <soapenv:Body>
      <v1:consultSocialDebtRequest>
         <v1:messageContext>
            <v11:messageId>${=import static java.util.UUID.randomUUID; uuid = randomUUID() as String}</v11:messageId>
            <v11:timestamp>${=new java.text.SimpleDateFormat("yyyy-MM-dd'T'HH:mm:ss.SSS").format(new Date())}</v11:timestamp>
         </v1:messageContext>
         <v1:legalContext>ServiceVoucher</v1:legalContext>
         <v1:request>
            <searchCriteria>
               <cbeNumber>0837834530</cbeNumber>
               <requestingOrganisationNumber>0316381039</requestingOrganisationNumber>
               <!--Optional:-->
               <requestingBusinessUnitNumber>2143349018</requestingBusinessUnitNumber>
            </searchCriteria>
         </v1:request>
      </v1:consultSocialDebtRequest>
   </soapenv:Body>
</soapenv:Envelope>]]></con:request><con:assertion type="SOAP Fault Assertion" id="12f10f1c-c7e3-429a-bda0-68d78abe1344" name="Not SOAP Fault"/><con:assertion type="SOAP Response" id="eb9373d9-55c8-4d04-bac2-ab8382655519" name="SOAP Response"/><con:assertion type="Schema Compliance" id="bba608c0-73be-4f92-a399-0d09ba4f7fbc" name="Schema Compliance"><con:configuration/></con:assertion><con:wsaConfig action="http://fidus.brussels/services/enterprisesocialdebtservice/consultSocialDebt"/></con:request></con:config></con:testStep><con:testStep type="request" id="596dc50c-5a80-46f9-9c4a-2d734b5a102d" name="testcase4 - Staging - Worker2 - Request"><con:settings/><con:config xsi:type="con:RequestStep" xmlns:xsi="http://www.w3.org/2001/XMLSchema-instance"><con:interface>EnterpriseSocialDebtServiceHTTPBinding</con:interface><con:operation>consultSocialDebt</con:operation><con:request name="testcase4 - Staging - Worker2 - Request" id="74e1d4da-72c3-42f1-9848-8b3a6a6ca6c1" outgoingWss="Outflow STAG"><con:settings/><con:encoding>UTF-8</con:encoding><con:endpoint>https://192.168.24.64:8443/services/EnterpriseSocialDebtService_v1.0</con:endpoint><con:request><![CDATA[<soapenv:Envelope xmlns:soapenv="http://schemas.xmlsoap.org/soap/envelope/" xmlns:v1="http://fidus.brussels/service/enterprisesocialdebtservice/messages/v1" xmlns:v11="http://fidus.brussels/type/common/messages/v1">
   <soapenv:Header/>
   <soapenv:Body>
      <v1:consultSocialDebtRequest>
         <v1:messageContext>
            <v11:messageId>${=import static java.util.UUID.randomUUID; uuid = randomUUID() as String}</v11:messageId>
            <v11:timestamp>${=new java.text.SimpleDateFormat("yyyy-MM-dd'T'HH:mm:ss.SSS").format(new Date())}</v11:timestamp>
         </v1:messageContext>
         <v1:legalContext>ServiceVoucher</v1:legalContext>
         <v1:request>
            <searchCriteria>
               <cbeNumber>0480260856</cbeNumber>
               <requestingOrganisationNumber>0316381039</requestingOrganisationNumber>
               <!--Optional:-->
               <requestingBusinessUnitNumber>2143349018</requestingBusinessUnitNumber>
            </searchCriteria>
         </v1:request>
      </v1:consultSocialDebtRequest>
   </soapenv:Body>
</soapenv:Envelope>]]></con:request><con:assertion type="SOAP Fault Assertion" id="4641bef9-9182-4a9b-99d9-ff3acb02f299" name="Not SOAP Fault"/><con:assertion type="SOAP Response" id="6f7c84c9-269a-47e1-956c-129343249820" name="SOAP Response"/><con:assertion type="Schema Compliance" id="f5be0b03-47c0-4561-b98b-57afe23a42a2" name="Schema Compliance"><con:configuration/></con:assertion><con:wsaConfig action="http://fidus.brussels/services/enterprisesocialdebtservice/consultSocialDebt"/></con:request></con:config></con:testStep><con:properties/></con:testCase><con:properties/></con:testSuite><con:testSuite id="22be30b8-4d8a-4c80-abb9-a6412b4ccc9d" name="DEV"><con:settings/><con:runType>SEQUENTIAL</con:runType><con:testCase id="e8d09793-837b-46c0-8bf5-a6e38bd5984e" failOnError="true" failTestCaseOnErrors="true" keepSession="false" maxResults="0" name="consultSocialDebt" searchProperties="true"><con:settings/><con:testStep type="request" id="dc0eded9-b10f-4a1a-8cba-6d93a5f7f376" name="testcase2 - Dev - Request 1"><con:settings/><con:config xsi:type="con:RequestStep" xmlns:xsi="http://www.w3.org/2001/XMLSchema-instance"><con:interface>EnterpriseSocialDebtServiceHTTPBinding</con:interface><con:operation>consultSocialDebt</con:operation><con:request name="testcase2 - Dev - Request 1" id="6e609e02-9cb6-4c6a-b698-b6aacc04408e" outgoingWss="Outflow DEV"><con:settings/><con:encoding>UTF-8</con:encoding><con:endpoint>https://192.168.36.61:8243/services/EnterpriseSocialDebtService_v1.0</con:endpoint><con:request><![CDATA[<soapenv:Envelope xmlns:soapenv="http://schemas.xmlsoap.org/soap/envelope/" xmlns:v1="http://fidus.brussels/service/enterprisesocialdebtservice/messages/v1" xmlns:v11="http://fidus.brussels/type/common/messages/v1">
   <soapenv:Header/>
   <soapenv:Body>
      <v1:consultSocialDebtRequest>
         <v1:messageContext>
            <v11:messageId>${=import static java.util.UUID.randomUUID; uuid = randomUUID() as String}</v11:messageId>
            <v11:timestamp>${=new java.text.SimpleDateFormat("yyyy-MM-dd'T'HH:mm:ss.SSS").format(new Date())}</v11:timestamp>
         </v1:messageContext>
         <v1:legalContext>ServiceIntegrator</v1:legalContext>
         <v1:request>
            <searchCriteria>
               <cbeNumber>0837834530</cbeNumber>
               <requestingOrganisationNumber>0316381039</requestingOrganisationNumber>
               <!--Optional:-->
               <requestingBusinessUnitNumber>2143349018</requestingBusinessUnitNumber>
            </searchCriteria>
         </v1:request>
      </v1:consultSocialDebtRequest>
   </soapenv:Body>
</soapenv:Envelope>]]></con:request><con:assertion type="SOAP Fault Assertion" id="b274ef30-3f70-4413-b247-27f68726fd6c" name="Not SOAP Fault"/><con:assertion type="SOAP Response" id="ad1955b5-ceca-4682-9402-68335fa16f64" name="SOAP Response"/><con:assertion type="Schema Compliance" id="ce273dd8-f2fe-4392-b9bd-6131357f87a5" name="Schema Compliance"><con:configuration/></con:assertion><con:wsaConfig action="http://fidus.brussels/services/enterprisesocialdebtservice/consultSocialDebt"/></con:request></con:config></con:testStep><con:testStep type="request" id="e92f890f-4734-44ee-a328-57fb3859e8d6" name="testcase2 - Dev - Request 2"><con:settings/><con:config xsi:type="con:RequestStep" xmlns:xsi="http://www.w3.org/2001/XMLSchema-instance"><con:interface>EnterpriseSocialDebtServiceHTTPBinding</con:interface><con:operation>consultSocialDebt</con:operation><con:request name="testcase2 - Dev - Request 2" id="b96d7c07-4c1e-4c82-8a96-76c70d7ce4e9" outgoingWss="Outflow DEV"><con:settings/><con:encoding>UTF-8</con:encoding><con:endpoint>https://192.168.36.61:8243/services/EnterpriseSocialDebtService_v1.0</con:endpoint><con:request><![CDATA[<soapenv:Envelope xmlns:soapenv="http://schemas.xmlsoap.org/soap/envelope/" xmlns:v1="http://fidus.brussels/service/enterprisesocialdebtservice/messages/v1" xmlns:v11="http://fidus.brussels/type/common/messages/v1">
   <soapenv:Header/>
   <soapenv:Body>
      <v1:consultSocialDebtRequest>
         <v1:messageContext>
            <v11:messageId>${=import static java.util.UUID.randomUUID; uuid = randomUUID() as String}</v11:messageId>
            <v11:timestamp>${=new java.text.SimpleDateFormat("yyyy-MM-dd'T'HH:mm:ss.SSS").format(new Date())}</v11:timestamp>
         </v1:messageContext>
         <v1:legalContext>ServiceIntegrator</v1:legalContext>
         <v1:request>
            <searchCriteria>
               <cbeNumber>0480260856</cbeNumber>
               <requestingOrganisationNumber>0316381039</requestingOrganisationNumber>
               <!--Optional:-->
               <requestingBusinessUnitNumber>2143349018</requestingBusinessUnitNumber>
            </searchCriteria>
         </v1:request>
      </v1:consultSocialDebtRequest>
   </soapenv:Body>
</soapenv:Envelope>]]></con:request><con:assertion type="SOAP Fault Assertion" id="3239370d-d42d-4c70-80b4-73a4f180b805" name="Not SOAP Fault"/><con:assertion type="SOAP Response" id="366d564c-60f6-417e-9067-a10dc4869d41" name="SOAP Response"/><con:assertion type="Schema Compliance" id="9ec679da-801e-410a-bacc-23863890369f" name="Schema Compliance"><con:configuration/></con:assertion><con:wsaConfig action="http://fidus.brussels/services/enterprisesocialdebtservice/consultSocialDebt"/></con:request></con:config></con:testStep><con:properties/></con:testCase><con:properties/></con:testSuite><con:testSuite id="6f3a2bdf-b5ef-4eba-b878-8f7e3d9d11f1" name="PROD"><con:settings/><con:runType>SEQUENTIAL</con:runType><con:testCase id="f3229a6c-8cca-4b82-a1f0-7272617cabc3" failOnError="true" failTestCaseOnErrors="true" keepSession="false" maxResults="0" name="consultSocialDebt" searchProperties="true"><con:settings/><con:testStep type="request" id="6ee6e1a0-9e4d-40f3-8c7c-a5727863a8cd" name="testcase5 - Prod - External - Request"><con:settings/><con:config xsi:type="con:RequestStep" xmlns:xsi="http://www.w3.org/2001/XMLSchema-instance"><con:interface>EnterpriseSocialDebtServiceHTTPBinding</con:interface><con:operation>consultSocialDebt</con:operation><con:request name="testcase5 - Prod - External - Request" id="29692bce-9511-48f3-9126-5d2432e5d6e2" outgoingWss="Outflow PROD"><con:settings/><con:encoding>UTF-8</con:encoding><con:endpoint>https://fidus.sec.brussels/services/EnterpriseSocialDebtService_v1.0</con:endpoint><con:request><![CDATA[<soapenv:Envelope xmlns:soapenv="http://schemas.xmlsoap.org/soap/envelope/" xmlns:v1="http://fidus.brussels/service/enterprisesocialdebtservice/messages/v1" xmlns:v11="http://fidus.brussels/type/common/messages/v1">
   <soapenv:Header/>
   <soapenv:Body>
      <v1:consultSocialDebtRequest>
         <v1:messageContext>
            <v11:messageId>${=import static java.util.UUID.randomUUID; uuid = randomUUID() as String}</v11:messageId>
            <v11:timestamp>${=new java.text.SimpleDateFormat("yyyy-MM-dd'T'HH:mm:ss.SSS").format(new Date())}</v11:timestamp>
         </v1:messageContext>
         <v1:legalContext>ServiceVoucher</v1:legalContext>
         <v1:request>
            <searchCriteria>
               <cbeNumber>0837834530</cbeNumber>
               <requestingOrganisationNumber>0316381039</requestingOrganisationNumber>
               <!--Optional:-->
               <requestingBusinessUnitNumber>2143349018</requestingBusinessUnitNumber>
            </searchCriteria>
         </v1:request>
      </v1:consultSocialDebtRequest>
   </soapenv:Body>
</soapenv:Envelope>]]></con:request><con:assertion type="SOAP Fault Assertion" id="3067f8e3-89c3-4d95-99af-f3a3e7ea0280" name="Not SOAP Fault"/><con:assertion type="SOAP Response" id="454892bf-6dc7-4738-8735-a8c12b82f681" name="SOAP Response"/><con:assertion type="Schema Compliance" id="fd3da4d8-12e9-4e74-b55a-724486dd14e9" name="Schema Compliance"><con:configuration/></con:assertion><con:wsaConfig action="http://fidus.brussels/services/enterprisesocialdebtservice/consultSocialDebt"/></con:request></con:config></con:testStep><con:testStep type="request" id="4dafb9e0-7999-42e6-97a4-8e0cb6d4aa28" name="testcase5 - Prod - LB - Request"><con:settings/><con:config xsi:type="con:RequestStep" xmlns:xsi="http://www.w3.org/2001/XMLSchema-instance"><con:interface>EnterpriseSocialDebtServiceHTTPBinding</con:interface><con:operation>consultSocialDebt</con:operation><con:request name="testcase5 - Prod - LB - Request" id="536dfc39-5dd3-4c62-ac50-49c6d1e01ee4" outgoingWss="Outflow PROD"><con:settings/><con:encoding>UTF-8</con:encoding><con:endpoint>https://fidus-esb-sg.prd.srv.cirb.lan:8443/services/EnterpriseSocialDebtService_v1.0</con:endpoint><con:request><![CDATA[<soapenv:Envelope xmlns:soapenv="http://schemas.xmlsoap.org/soap/envelope/" xmlns:v1="http://fidus.brussels/service/household/messages/v1" xmlns:v11="http://fidus.brussels/type/common/messages/v1">
   <soapenv:Header/>
   <soapenv:Body>
      <v12:consultSocialDebtRequest xmlns:v12="http://fidus.brussels/service/enterprisesocialdebtservice/messages/v1">
         <v12:messageContext>
            <v11:messageId>${=import static java.util.UUID.randomUUID; uuid = randomUUID() as String}</v11:messageId>
            <v11:timestamp>${=new java.text.SimpleDateFormat("yyyy-MM-dd'T'HH:mm:ss.SSS").format(new Date())}</v11:timestamp>
         </v12:messageContext>
         <v12:legalContext>ServiceVoucher</v12:legalContext>
         <v12:request>
            <searchCriteria>
               <cbeNumber>0837834530</cbeNumber>
               <requestingOrganisationNumber>0316381039</requestingOrganisationNumber>
               <!--Optional:-->
               <requestingBusinessUnitNumber>2143349018</requestingBusinessUnitNumber>
            </searchCriteria>
         </v12:request>
      </v12:consultSocialDebtRequest>
   </soapenv:Body>
</soapenv:Envelope>]]></con:request><con:assertion type="SOAP Fault Assertion" id="c2d8d74c-3fe4-4db7-856b-02963b7de690" name="Not SOAP Fault"/><con:assertion type="SOAP Response" id="620dc420-1bf5-47b0-bf1d-61ec2a31c040" name="SOAP Response"/><con:assertion type="Schema Compliance" id="abd8780e-1b19-4114-94ed-8ac4f50c5fbc" name="Schema Compliance"><con:configuration/></con:assertion><con:wsaConfig action="http://fidus.brussels/services/enterprisesocialdebtservice/consultSocialDebt"/></con:request></con:config></con:testStep><con:testStep type="request" id="7a8257ee-1379-45f5-b1b9-61e74a357be5" name="testcase5 - Prod - Worker1 - Request"><con:settings/><con:config xsi:type="con:RequestStep" xmlns:xsi="http://www.w3.org/2001/XMLSchema-instance"><con:interface>EnterpriseSocialDebtServiceHTTPBinding</con:interface><con:operation>consultSocialDebt</con:operation><con:request name="testcase5 - Prod - Worker1 - Request" id="c1e5f73a-9c08-4737-a4a4-98d8652e3bd0" outgoingWss="Outflow PROD"><con:settings/><con:encoding>UTF-8</con:encoding><con:endpoint>https://192.168.26.19:8443/services/EnterpriseSocialDebtService_v1.0</con:endpoint><con:request><![CDATA[<soapenv:Envelope xmlns:soapenv="http://schemas.xmlsoap.org/soap/envelope/" xmlns:v1="http://fidus.brussels/service/enterprisesocialdebtservice/messages/v1" xmlns:v11="http://fidus.brussels/type/common/messages/v1">
   <soapenv:Header/>
   <soapenv:Body>
      <v1:consultSocialDebtRequest>
         <v1:messageContext>
            <v11:messageId>${=import static java.util.UUID.randomUUID; uuid = randomUUID() as String}</v11:messageId>
            <v11:timestamp>${=new java.text.SimpleDateFormat("yyyy-MM-dd'T'HH:mm:ss.SSS").format(new Date())}</v11:timestamp>
         </v1:messageContext>
         <v1:legalContext>ServiceVoucher</v1:legalContext>
         <v1:request>
            <searchCriteria>
               <cbeNumber>0837834530</cbeNumber>
               <requestingOrganisationNumber>0316381039</requestingOrganisationNumber>
               <!--Optional:-->
               <requestingBusinessUnitNumber>2143349018</requestingBusinessUnitNumber>
            </searchCriteria>
         </v1:request>
      </v1:consultSocialDebtRequest>
   </soapenv:Body>
</soapenv:Envelope>]]></con:request><con:assertion type="SOAP Fault Assertion" id="243e6626-442a-4d1b-8146-12dfe8e01783" name="Not SOAP Fault"/><con:assertion type="SOAP Response" id="9a9f44b0-30bc-4725-8f2e-ae8d0214cb3e" name="SOAP Response"/><con:assertion type="Schema Compliance" id="b297ccd5-25d1-4bac-a994-cc11b0a70f22" name="Schema Compliance"><con:configuration/></con:assertion><con:wsaConfig action="http://fidus.brussels/services/enterprisesocialdebtservice/consultSocialDebt"/></con:request></con:config></con:testStep><con:testStep type="request" id="83f78c49-de2c-406a-8af8-b22edc7642bc" name="testcase5 - Prod - Worker2 - Request"><con:settings/><con:config xsi:type="con:RequestStep" xmlns:xsi="http://www.w3.org/2001/XMLSchema-instance"><con:interface>EnterpriseSocialDebtServiceHTTPBinding</con:interface><con:operation>consultSocialDebt</con:operation><con:request name="testcase5 - Prod - Worker2 - Request" id="0659cf53-16d1-4d28-8dc1-2fe6443d330a" outgoingWss="Outflow PROD"><con:settings/><con:encoding>UTF-8</con:encoding><con:endpoint>https://192.168.26.22:8443/services/EnterpriseSocialDebtService_v1.0</con:endpoint><con:request><![CDATA[<soapenv:Envelope xmlns:soapenv="http://schemas.xmlsoap.org/soap/envelope/" xmlns:v1="http://fidus.brussels/service/enterprisesocialdebtservice/messages/v1" xmlns:v11="http://fidus.brussels/type/common/messages/v1">
   <soapenv:Header/>
   <soapenv:Body>
      <v1:consultSocialDebtRequest>
         <v1:messageContext>
            <v11:messageId>${=import static java.util.UUID.randomUUID; uuid = randomUUID() as String}</v11:messageId>
            <v11:timestamp>${=new java.text.SimpleDateFormat("yyyy-MM-dd'T'HH:mm:ss.SSS").format(new Date())}</v11:timestamp>
         </v1:messageContext>
         <v1:legalContext>ServiceVoucher</v1:legalContext>
         <v1:request>
            <searchCriteria>
               <cbeNumber>0480260856</cbeNumber>
               <requestingOrganisationNumber>0316381039</requestingOrganisationNumber>
               <!--Optional:-->
               <requestingBusinessUnitNumber>2143349018</requestingBusinessUnitNumber>
            </searchCriteria>
         </v1:request>
      </v1:consultSocialDebtRequest>
   </soapenv:Body>
</soapenv:Envelope>]]></con:request><con:assertion type="SOAP Fault Assertion" id="448853e1-3308-4663-9f2b-695c1f820c67" name="Not SOAP Fault"/><con:assertion type="SOAP Response" id="f992f0a3-255d-4ace-8771-b6949be531e8" name="SOAP Response"/><con:assertion type="Schema Compliance" id="a54d66f6-5b57-4ea0-a291-2db567a2a8a0" name="Schema Compliance"><con:configuration/></con:assertion><con:wsaConfig action="http://fidus.brussels/services/enterprisesocialdebtservice/consultSocialDebt"/></con:request></con:config></con:testStep><con:properties/></con:testCase><con:properties/></con:testSuite><con:properties/>
  <con:wssContainer>
    
    
    
    
    
    
    
    
    
    
    
    
    
    
    
    
  <con:crypto><con:source>data/wso2/keystores/user-rajarshi.jks</con:source><con:password>test@fidus01</con:password><con:type>KEYSTORE</con:type></con:crypto><con:outgoing><con:name>Outflow TEST</con:name><con:entry type="Signature" username="testuser-test.fidus.brussels" password="test@fidus01"><con:configuration><crypto>user-rajarshi.jks</crypto><keyIdentifierType>3</keyIdentifierType><signatureAlgorithm/><signatureCanonicalization/><useSingleCert>true</useSingleCert><digestAlgorithm/><customTokenValueType/><customTokenId/></con:configuration></con:entry><con:entry type="Timestamp"><con:configuration><timeToLive>300000</timeToLive><strictTimestamp>true</strictTimestamp></con:configuration></con:entry></con:outgoing><con:outgoing><con:name>Outflow STAG</con:name></con:outgoing><con:outgoing><con:name>Outflow DEV</con:name></con:outgoing><con:outgoing><con:name>Outflow PROD</con:name></con:outgoing></con:wssContainer>
  <con:oAuth2ProfileContainer/>
  <con:oAuth1ProfileContainer/><con:sensitiveInformation/>
</con:soapui-project>