<?xml version="1.0" encoding="UTF-8"?>
<con:soapui-project activeEnvironment="Default" name="Client-ArchitectOrderService-soapui-project" resourceRoot="" soapui-version="5.1.3" abortOnError="false" runType="SEQUENTIAL" id="a3677aa2-6727-4a71-8012-98245e86ceec" xmlns:con="http://eviware.com/soapui/config">
  <con:settings/>
  <con:interface xsi:type="con:WsdlInterface" id="cf75a02b-816b-4b50-a48c-3e3c299cfdf1" wsaVersion="NONE" name="ArchitectOrderServiceHTTPBinding" type="wsdl" bindingName="{http://fidus.brussels/service/architectorderservice/v1}ArchitectOrderServiceHTTPBinding" soapVersion="1_1" anonymous="optional" definition="file:/home/alain/git/architectorderservice/ArchitectOrderServiceRegistry/wsdl/architectOrderService/1.0.0/ArchitectOrderService_v1.wsdl" xmlns:xsi="http://www.w3.org/2001/XMLSchema-instance">
    <con:settings/>
    <con:definitionCache type="TEXT" rootPart="file:/home/alain/git/architectorderservice/ArchitectOrderServiceRegistry/wsdl/architectOrderService/1.0.0/ArchitectOrderService_v1.wsdl">
      <con:part>
        <con:url>file:/home/alain/git/architectorderservice/ArchitectOrderServiceRegistry/wsdl/architectOrderService/1.0.0/ArchitectOrderService_v1.wsdl</con:url>
        <con:content><![CDATA[<wsdl:definitions targetNamespace="http://fidus.brussels/service/architectorderservice/v1" name="ArchitectOrderService" xmlns:soap="http://schemas.xmlsoap.org/wsdl/soap/" xmlns:wsdl="http://schemas.xmlsoap.org/wsdl/" xmlns:xsd="http://www.w3.org/2001/XMLSchema" xmlns:mes="http://fidus.brussels/service/architectorderservice/messages/v1" xmlns:tns="http://fidus.brussels/service/architectorderservice/v1">
  <xsd:annotation>
    <xsd:documentation>ArchitectOrder service WDSL v1.</xsd:documentation>
  </xsd:annotation>
  <wsdl:types>
    <xsd:schema targetNamespace="http://fidus.brussels/service/architectorderservice/v1" elementFormDefault="qualified">
      <xsd:import namespace="http://fidus.brussels/service/architectorderservice/messages/v1" schemaLocation="messages/architectOrderServiceMessages_v1.xsd"/>
    </xsd:schema>
  </wsdl:types>
  <wsdl:message name="byNationalNumberRequestMessage">
    <wsdl:part name="ByNationalNumberRequest" element="mes:byNationalNumberRequest"/>
  </wsdl:message>
  <wsdl:message name="byNationalNumberResponseMessage">
    <wsdl:part name="ByNationalNumberResponse" element="mes:byNationalNumberResponse"/>
  </wsdl:message>
  <wsdl:message name="byCompanyNumberRequestMessage">
    <wsdl:part name="ByCompanyNumberRequest" element="mes:byCompanyNumberRequest"/>
  </wsdl:message>
  <wsdl:message name="byCompanyNumberResponseMessage">
    <wsdl:part name="ByCompanyNumberResponse" element="mes:byCompanyNumberResponse"/>
  </wsdl:message>
  <wsdl:message name="byReferenceNumberRequestMessage">
    <wsdl:part name="ByReferenceNumberRequest" element="mes:byReferenceNumberRequest"/>
  </wsdl:message>
  <wsdl:message name="byReferenceNumberResponseMessage">
    <wsdl:part name="ByReferenceNumberResponse" element="mes:byReferenceNumberResponse"/>
  </wsdl:message>
  <wsdl:portType name="ArchitectOrderServicePortType">
    <wsdl:operation name="byNationalNumber">
      <wsdl:input message="tns:byNationalNumberRequestMessage"/>
      <wsdl:output message="tns:byNationalNumberResponseMessage"/>
    </wsdl:operation>
    <wsdl:operation name="byCompanyNumber">
      <wsdl:input message="tns:byCompanyNumberRequestMessage"/>
      <wsdl:output message="tns:byCompanyNumberResponseMessage"/>
    </wsdl:operation>
    <wsdl:operation name="byReferenceNumber">
      <wsdl:input message="tns:byReferenceNumberRequestMessage"/>
      <wsdl:output message="tns:byReferenceNumberResponseMessage"/>
    </wsdl:operation>
  </wsdl:portType>
  <wsdl:binding name="ArchitectOrderServiceHTTPBinding" type="tns:ArchitectOrderServicePortType">
    <soap:binding style="document" transport="http://schemas.xmlsoap.org/soap/http"/>
    <wsdl:operation name="byNationalNumber">
      <soap:operation soapAction="http://fidus.brussels/services/architectorderservice/byNationalNumber"/>
      <wsdl:input>
        <soap:body use="literal"/>
      </wsdl:input>
      <wsdl:output>
        <soap:body use="literal"/>
      </wsdl:output>
    </wsdl:operation>
    <wsdl:operation name="byCompanyNumber">
      <soap:operation soapAction="http://fidus.brussels/services/architectorderservice/byCompanyNumber"/>
      <wsdl:input>
        <soap:body use="literal"/>
      </wsdl:input>
      <wsdl:output>
        <soap:body use="literal"/>
      </wsdl:output>
    </wsdl:operation>
    <wsdl:operation name="byReferenceNumber">
      <soap:operation soapAction="http://fidus.brussels/services/architectorderservice/byReferenceNumber"/>
      <wsdl:input>
        <soap:body use="literal"/>
      </wsdl:input>
      <wsdl:output>
        <soap:body use="literal"/>
      </wsdl:output>
    </wsdl:operation>
  </wsdl:binding>
  <wsdl:service name="ArchitectOrderService_v1">
    <wsdl:port name="ArchitectOrderService_v1" binding="tns:ArchitectOrderServiceHTTPBinding">
      <soap:address location="http://fidus.brussels/services/architectorderservice/v1"/>
    </wsdl:port>
  </wsdl:service>
</wsdl:definitions>]]></con:content>
        <con:type>http://schemas.xmlsoap.org/wsdl/</con:type>
      </con:part>
      <con:part>
        <con:url>file:/home/alain/git/architectorderservice/ArchitectOrderServiceRegistry/wsdl/architectOrderService/1.0.0/messages/architectOrderServiceMessages_v1.xsd</con:url>
        <con:content><![CDATA[<xsd:schema targetNamespace="http://fidus.brussels/service/architectorderservice/messages/v1" elementFormDefault="qualified" attributeFormDefault="unqualified" version="1.0" xmlns:xsd="http://www.w3.org/2001/XMLSchema" xmlns:cme="http://fidus.brussels/type/common/messages/v1" xmlns:exc="http://fidus.brussels/type/common/exceptions/v1" xmlns:aow="https://archionweb.be/" xmlns:tns="http://fidus.brussels/service/architectorderservice/messages/v1">
  <xsd:import namespace="http://fidus.brussels/type/common/messages/v1" schemaLocation="baseMessageTypes_v1.xsd"/>
  <xsd:import namespace="http://fidus.brussels/type/common/exceptions/v1" schemaLocation="exceptionTypes_v1.xsd"/>
  <xsd:import namespace="https://archionweb.be/" schemaLocation="../archiOnWeb/archiOnWebService_v1.xsd"/>
  <xsd:complexType name="PersonNumberRequestType">
    <xsd:sequence>
      <xsd:element name="personNumber" type="cme:PersonNumberType" nillable="true"></xsd:element>
    </xsd:sequence>
  </xsd:complexType>
  <xsd:complexType name="CompanyNumberRequestType">
    <xsd:sequence>
      <xsd:element name="companyNumber" type="xsd:string" nillable="true"></xsd:element>
    </xsd:sequence>
  </xsd:complexType>
  <xsd:complexType name="ReferenceNumberRequestType">
    <xsd:sequence>
      <xsd:element name="referenceNumber" type="xsd:string" nillable="true"></xsd:element>
    </xsd:sequence>
  </xsd:complexType>
  <xsd:complexType name="ByNationalNumberRequestType">
    <xsd:sequence>
      <xsd:element name="messageContext" type="cme:RequestMessageContextType"/>
      <xsd:element name="legalContext" type="cme:LegalContextType"/>
      <xsd:element name="request" type="tns:PersonNumberRequestType"/>
    </xsd:sequence>
  </xsd:complexType>
  <xsd:complexType name="ByCompanyNumberRequestType">
    <xsd:sequence>
      <xsd:element name="messageContext" type="cme:RequestMessageContextType"/>
      <xsd:element name="legalContext" type="cme:LegalContextType"/>
      <xsd:element name="request" type="tns:CompanyNumberRequestType"/>
    </xsd:sequence>
  </xsd:complexType>
  <xsd:complexType name="ByReferenceNumberRequestType">
    <xsd:sequence>
      <xsd:element name="messageContext" type="cme:RequestMessageContextType"/>
      <xsd:element name="legalContext" type="cme:LegalContextType"/>
      <xsd:element name="request" type="tns:ReferenceNumberRequestType"/>
    </xsd:sequence>
  </xsd:complexType>
  <xsd:complexType name="StandardResponseType">
    <xsd:sequence>
      <xsd:element name="messageContext" type="cme:ResponseMessageContextType"/>
      <xsd:element name="responses" type="tns:ResponsesType" minOccurs="0"/>
      <xsd:element name="exceptions" type="exc:ExceptionsType" minOccurs="0">
        <xsd:annotation>
          <xsd:documentation>Technical errors that occur when processing the message context e.g. insufficient rights.</xsd:documentation>
        </xsd:annotation>
      </xsd:element>
    </xsd:sequence>
  </xsd:complexType>
  <xsd:complexType name="ResponsesType">
    <xsd:sequence>
      <xsd:element name="response" type="tns:ResponseType" minOccurs="1" maxOccurs="1"/>
    </xsd:sequence>
  </xsd:complexType>
  <xsd:complexType name="ResponseType">
    <xsd:sequence>
      <xsd:element minOccurs="0" maxOccurs="1" name="Architects" type="aow:ArrayOfArchitect"/>
      <xsd:element minOccurs="0" maxOccurs="1" name="Companies" type="aow:ArrayOfCompany"/>
      <xsd:element name="exceptions" type="exc:ExceptionsType" minOccurs="0">
        <xsd:annotation>
          <xsd:documentation>Business exceptions that occur when processing the request or response e.g. missing data for a single response element.
						Exceptions at this level may contain back-end specific codes and content.</xsd:documentation>
        </xsd:annotation>
      </xsd:element>
    </xsd:sequence>
  </xsd:complexType>
  <!--Element of the request and the response-->
  <xsd:element name="byNationalNumberRequest" type="tns:ByNationalNumberRequestType"/>
  <xsd:element name="byNationalNumberResponse" type="tns:StandardResponseType"/>
  <xsd:element name="byCompanyNumberRequest" type="tns:ByCompanyNumberRequestType"/>
  <xsd:element name="byCompanyNumberResponse" type="tns:StandardResponseType"/>
  <xsd:element name="byReferenceNumberRequest" type="tns:ByReferenceNumberRequestType"/>
  <xsd:element name="byReferenceNumberResponse" type="tns:StandardResponseType"/>
</xsd:schema>]]></con:content>
        <con:type>http://www.w3.org/2001/XMLSchema</con:type>
      </con:part>
      <con:part>
        <con:url>file:/home/alain/git/architectorderservice/ArchitectOrderServiceRegistry/wsdl/architectOrderService/1.0.0/messages/baseMessageTypes_v1.xsd</con:url>
        <con:content><![CDATA[<xsd:schema targetNamespace="http://fidus.brussels/type/common/messages/v1" elementFormDefault="qualified" attributeFormDefault="unqualified" version="1.0" xmlns:xsd="http://www.w3.org/2001/XMLSchema" xmlns:cmn="http://fidus.brussels/type/common/v1" xmlns:nps="http://fidus.brussels/service/personservice/personservices/naturalPerson/v1" xmlns:tns="http://fidus.brussels/type/common/messages/v1">
  <!--Unformatted message Id-->
  <xsd:simpleType name="MessageIdType">
    <xsd:restriction base="xsd:string">
      <xsd:maxLength value="64"/>
    </xsd:restriction>
  </xsd:simpleType>
  <!--National Number of the person. Format depending on the Register-->
  <xsd:simpleType name="PersonNumberType">
    <xsd:restriction base="xsd:string">
      <xsd:pattern value="[0-9][0-9](([0][0-9])|([1][0-2]))(([0-2][0-9])|([3][0-1]))(([0-9]{2}[1-9])|([0-9][1-9][0-9])|([1-9][0-9]{2}))(([0-8][0-9])|([9][0-7]))">
        <xsd:annotation>
          <xsd:documentation>National Register format</xsd:documentation>
        </xsd:annotation>
      </xsd:pattern>
      <xsd:pattern value="[0-9][0-9](([2][0-9])|([3][0-2]))(([0-2][0-9])|([3][0-1]))[0-9]{3}(([0-8][0-9])|([9][0-7]))">
        <xsd:annotation>
          <xsd:documentation>CBSS Register format: Bis Register</xsd:documentation>
        </xsd:annotation>
      </xsd:pattern>
      <xsd:pattern value="[0-9][0-9](([4][0-9])|([5][0-2]))(([0-2][0-9])|([3][0-1]))[0-9]{3}(([0-8][0-9])|([9][0-7]))">
        <xsd:annotation>
          <xsd:documentation>CBSS Register format: Ter Register</xsd:documentation>
        </xsd:annotation>
      </xsd:pattern>
    </xsd:restriction>
  </xsd:simpleType>
  <!--Request message context-->
  <xsd:complexType name="RequestMessageContextType">
    <xsd:annotation>
      <xsd:documentation>Message context block generated by the consumer.</xsd:documentation>
    </xsd:annotation>
    <xsd:sequence>
      <xsd:element name="messageId" type="tns:MessageIdType">
        <xsd:annotation>
          <xsd:documentation>Consumer must assign their own MessageId reference for the request.</xsd:documentation>
        </xsd:annotation>
      </xsd:element>
      <xsd:element name="timestamp" type="xsd:dateTime" minOccurs="0">
        <xsd:annotation>
          <xsd:documentation>Timestamp when client sent request.</xsd:documentation>
        </xsd:annotation>
      </xsd:element>
    </xsd:sequence>
  </xsd:complexType>
  <!--Response message context-->
  <xsd:complexType name="ResponseMessageContextType">
    <xsd:annotation>
      <xsd:documentation>MessageContext block generated by Fidus.</xsd:documentation>
    </xsd:annotation>
    <xsd:sequence>
      <xsd:element name="messageId" type="tns:MessageIdType">
        <xsd:annotation>
          <xsd:documentation>A unique identifier generated by Fidus.</xsd:documentation>
        </xsd:annotation>
      </xsd:element>
      <xsd:element name="transactionId" type="tns:MessageIdType">
        <xsd:annotation>
          <xsd:documentation>A unique ID returned to the client for tracing purposes.</xsd:documentation>
        </xsd:annotation>
      </xsd:element>
      <xsd:element name="timestamp" type="xsd:dateTime" minOccurs="0">
        <xsd:annotation>
          <xsd:documentation>Time reply was sent by Fidus.</xsd:documentation>
        </xsd:annotation>
      </xsd:element>
    </xsd:sequence>
  </xsd:complexType>
  <!--Legal Context : the finality of the Privacy Commission-->
  <xsd:simpleType name="LegalContextType">
    <xsd:restriction base="xsd:string">
      <xsd:maxLength value="64"/>
    </xsd:restriction>
  </xsd:simpleType>
  <xsd:complexType name="UserContextType">
    <xsd:annotation>
      <xsd:documentation>The user context defines information regarding the actual user performing a request.</xsd:documentation>
    </xsd:annotation>
    <xsd:sequence>
      <xsd:element name="language" type="xsd:language" nillable="true">
        <xsd:annotation>
          <xsd:documentation>The preferred language of the actual user performing the request.
						This influences the language in which response elements are cast.</xsd:documentation>
        </xsd:annotation>
      </xsd:element>
    </xsd:sequence>
  </xsd:complexType>
</xsd:schema>]]></con:content>
        <con:type>http://www.w3.org/2001/XMLSchema</con:type>
      </con:part>
      <con:part>
        <con:url>file:/home/alain/git/architectorderservice/ArchitectOrderServiceRegistry/wsdl/architectOrderService/1.0.0/messages/exceptionTypes_v1.xsd</con:url>
        <con:content><![CDATA[<xsd:schema targetNamespace="http://fidus.brussels/type/common/exceptions/v1" elementFormDefault="qualified" attributeFormDefault="unqualified" version="1.0" xmlns:xsd="http://www.w3.org/2001/XMLSchema" xmlns:tns="http://fidus.brussels/type/common/exceptions/v1">
  <!--Basic error typed-->
  <xsd:complexType name="ExceptionsType">
    <xsd:sequence>
      <xsd:element name="exception" type="tns:ExceptionType" maxOccurs="unbounded"/>
    </xsd:sequence>
  </xsd:complexType>
  <xsd:complexType name="ExceptionType">
    <xsd:sequence>
      <xsd:element name="type" type="tns:ExceptionClassType"/>
      <xsd:element name="code" type="tns:ExceptionCodeType"/>
      <xsd:element name="source" type="tns:ExceptionSourceType"/>
      <xsd:element name="description" type="tns:ExceptionDescriptionType"/>
    </xsd:sequence>
  </xsd:complexType>
  <xsd:simpleType name="ExceptionClassType">
    <xsd:restriction base="xsd:string">
      <xsd:enumeration value="ERROR"/>
      <xsd:enumeration value="WARNING"/>
      <xsd:enumeration value="INFO"/>
    </xsd:restriction>
  </xsd:simpleType>
  <xsd:simpleType name="ExceptionCodeType">
    <xsd:restriction base="xsd:string">
      <xsd:maxLength value="20"/>
    </xsd:restriction>
  </xsd:simpleType>
  <xsd:simpleType name="ExceptionSourceType">
    <xsd:restriction base="xsd:string">
      <xsd:maxLength value="20"/>
    </xsd:restriction>
  </xsd:simpleType>
  <xsd:simpleType name="ExceptionDescriptionType">
    <xsd:restriction base="xsd:string"/>
  </xsd:simpleType>
</xsd:schema>]]></con:content>
        <con:type>http://www.w3.org/2001/XMLSchema</con:type>
      </con:part>
      <con:part>
        <con:url>file:/home/alain/git/architectorderservice/ArchitectOrderServiceRegistry/wsdl/architectOrderService/1.0.0/archiOnWeb/archiOnWebService_v1.xsd</con:url>
        <con:content><![CDATA[<xsd:schema targetNamespace="https://archionweb.be/" elementFormDefault="qualified" attributeFormDefault="unqualified" version="1.0" xmlns:xsd="http://www.w3.org/2001/XMLSchema" xmlns:tns="https://archionweb.be/">
  <xsd:complexType name="ArrayOfArchitect">
    <xsd:sequence>
      <xsd:element minOccurs="0" maxOccurs="unbounded" name="Architect" nillable="true" type="tns:Architect"/>
    </xsd:sequence>
  </xsd:complexType>
  <xsd:complexType name="Architect">
    <xsd:sequence>
      <xsd:element minOccurs="1" maxOccurs="1" name="IsInOrder" type="xsd:boolean"/>
      <xsd:element minOccurs="0" maxOccurs="1" name="Gender" type="xsd:string"/>
      <xsd:element minOccurs="0" maxOccurs="1" name="FirstName" type="xsd:string"/>
      <xsd:element minOccurs="0" maxOccurs="1" name="LastName" type="xsd:string"/>
      <xsd:element minOccurs="0" maxOccurs="1" name="Address" type="tns:AddressDto"/>
      <xsd:element minOccurs="0" maxOccurs="1" name="Contact" type="tns:ContactDto"/>
    </xsd:sequence>
  </xsd:complexType>
  <xsd:complexType name="AddressDto">
    <xsd:sequence>
      <xsd:element minOccurs="0" maxOccurs="1" name="Street" type="xsd:string"/>
      <xsd:element minOccurs="0" maxOccurs="1" name="StreetNumber" type="xsd:string"/>
      <xsd:element minOccurs="0" maxOccurs="1" name="ZipCode" type="xsd:string"/>
      <xsd:element minOccurs="0" maxOccurs="1" name="City" type="xsd:string"/>
      <xsd:element minOccurs="0" maxOccurs="1" name="Country" type="xsd:string"/>
    </xsd:sequence>
  </xsd:complexType>
  <xsd:complexType name="ContactDto">
    <xsd:sequence>
      <xsd:element minOccurs="0" maxOccurs="1" name="Phone1Prefix" type="xsd:string"/>
      <xsd:element minOccurs="0" maxOccurs="1" name="Phone1Number" type="xsd:string"/>
      <xsd:element minOccurs="0" maxOccurs="1" name="Phone2Prefix" type="xsd:string"/>
      <xsd:element minOccurs="0" maxOccurs="1" name="Phone2Number" type="xsd:string"/>
      <xsd:element minOccurs="0" maxOccurs="1" name="FaxPrefix" type="xsd:string"/>
      <xsd:element minOccurs="0" maxOccurs="1" name="FaxNumber" type="xsd:string"/>
      <xsd:element minOccurs="0" maxOccurs="1" name="EmailAddress" type="xsd:string"/>
    </xsd:sequence>
  </xsd:complexType>
  <xsd:complexType name="ArrayOfCompany">
    <xsd:sequence>
      <xsd:element minOccurs="0" maxOccurs="unbounded" name="Company" nillable="true" type="tns:Company"/>
    </xsd:sequence>
  </xsd:complexType>
  <xsd:complexType name="Company">
    <xsd:sequence>
      <xsd:element minOccurs="1" maxOccurs="1" name="IsInOrder" type="xsd:boolean"/>
      <xsd:element minOccurs="0" maxOccurs="1" name="Name" type="xsd:string"/>
      <xsd:element minOccurs="0" maxOccurs="1" name="LegalForm" type="xsd:string"/>
      <xsd:element minOccurs="0" maxOccurs="1" name="Address" type="tns:AddressDto"/>
      <xsd:element minOccurs="0" maxOccurs="1" name="Contact" type="tns:ContactDto"/>
    </xsd:sequence>
  </xsd:complexType>
</xsd:schema>]]></con:content>
        <con:type>http://www.w3.org/2001/XMLSchema</con:type>
      </con:part>
    </con:definitionCache>
    <con:endpoints>
      <con:endpoint>http://fidus.brussels/services/architectorderservice/v1</con:endpoint>
    </con:endpoints>
    <con:operation id="0407492c-5c5c-4fe6-85f1-754ab4cd026a" isOneWay="false" action="http://fidus.brussels/services/architectorderservice/byCompanyNumber" name="byCompanyNumber" bindingOperationName="byCompanyNumber" type="Request-Response" inputName="" receivesAttachments="false" sendsAttachments="false" anonymous="optional">
      <con:settings/>
      <con:call id="5c271edc-97c2-4b7b-a79f-ab715c0ac555" name="1 - Local - Request" outgoingWss="Outflow DEV" incomingWss="Inflow DEV">
        <con:settings>
          <con:setting id="com.eviware.soapui.impl.wsdl.WsdlRequest@request-headers">&lt;xml-fragment/></con:setting>
        </con:settings>
        <con:encoding>UTF-8</con:encoding>
        <con:endpoint>https://localhost:8243/services/ArchitectOrderService_v1.0</con:endpoint>
        <con:request><![CDATA[<soapenv:Envelope xmlns:soapenv="http://schemas.xmlsoap.org/soap/envelope/" xmlns:v1="http://fidus.brussels/service/architectorderservice/messages/v1" xmlns:v11="http://fidus.brussels/type/common/messages/v1">
   <soapenv:Header/>
   <soapenv:Body>
      <v1:byCompanyNumberRequest>
         <v1:messageContext>
         	  <v11:messageId>${=import static java.util.UUID.randomUUID; uuid = randomUUID() as String}</v11:messageId>
            <v11:timestamp>${=new java.text.SimpleDateFormat("yyyy-MM-dd'T'HH:mm:ss.SSS").format(new Date())}</v11:timestamp>
         </v1:messageContext>
         <v1:legalContext>ServiceIntegrator</v1:legalContext>
         <v1:request>
            <v1:companyNumber>BE 0535 693 485</v1:companyNumber>
         </v1:request>
      </v1:byCompanyNumberRequest>
   </soapenv:Body>
</soapenv:Envelope>]]></con:request>
        <con:credentials>
          <con:password>l</con:password>
          <con:selectedAuthProfile>Basic</con:selectedAuthProfile>
          <con:addedBasicAuthenticationTypes>Basic</con:addedBasicAuthenticationTypes>
          <con:authType>Global HTTP Settings</con:authType>
        </con:credentials>
        <con:jmsConfig JMSDeliveryMode="PERSISTENT"/>
        <con:jmsPropertyConfig/>
        <con:wsaConfig mustUnderstand="NONE" version="200508" action="http://fidus.brussels/services/architectorderservice/byCompanyNumber"/>
        <con:wsrmConfig version="1.2"/>
      </con:call>
      <con:call id="40e4bc8a-08c5-4b64-a08c-07c7867a021c" name="2 - Dev - Request" outgoingWss="Outflow DEV" incomingWss="Inflow DEV">
        <con:settings>
          <con:setting id="com.eviware.soapui.impl.wsdl.WsdlRequest@request-headers">&lt;xml-fragment/></con:setting>
        </con:settings>
        <con:encoding>UTF-8</con:encoding>
        <con:endpoint>https://192.168.36.61:8243/services/ArchitectOrderService_v1.0</con:endpoint>
        <con:request><![CDATA[<soapenv:Envelope xmlns:soapenv="http://schemas.xmlsoap.org/soap/envelope/" xmlns:v1="http://fidus.brussels/service/architectorderservice/messages/v1" xmlns:v11="http://fidus.brussels/type/common/messages/v1">
   <soapenv:Header/>
   <soapenv:Body>
      <v1:byCompanyNumberRequest>
         <v1:messageContext>
         	  <v11:messageId>${=import static java.util.UUID.randomUUID; uuid = randomUUID() as String}</v11:messageId>
            <v11:timestamp>${=new java.text.SimpleDateFormat("yyyy-MM-dd'T'HH:mm:ss.SSS").format(new Date())}</v11:timestamp>
         </v1:messageContext>
         <v1:legalContext>ServiceIntegrator</v1:legalContext>
         <v1:request>
            <v1:companyNumber>123456789</v1:companyNumber>
         </v1:request>
      </v1:byCompanyNumberRequest>
   </soapenv:Body>
</soapenv:Envelope>]]></con:request>
        <con:credentials>
          <con:selectedAuthProfile>Basic</con:selectedAuthProfile>
          <con:addedBasicAuthenticationTypes>Basic</con:addedBasicAuthenticationTypes>
          <con:authType>Global HTTP Settings</con:authType>
        </con:credentials>
        <con:jmsConfig JMSDeliveryMode="PERSISTENT"/>
        <con:jmsPropertyConfig/>
        <con:wsaConfig mustUnderstand="NONE" version="200508" action="http://fidus.brussels/services/architectorderservice/byCompanyNumber"/>
        <con:wsrmConfig version="1.2"/>
      </con:call>
      <con:call id="e24b200a-74df-4c8b-b301-393fedb345eb" name="3 - Test - External - Request" outgoingWss="Outflow TEST" incomingWss="Inflow TEST">
        <con:settings>
          <con:setting id="com.eviware.soapui.impl.wsdl.WsdlRequest@request-headers">&lt;xml-fragment/></con:setting>
        </con:settings>
        <con:encoding>UTF-8</con:encoding>
        <con:endpoint>https://fidus-test.irisnetlab.be/services/ArchitectOrderService_v1.0</con:endpoint>
        <con:request><![CDATA[<soapenv:Envelope xmlns:soapenv="http://schemas.xmlsoap.org/soap/envelope/" xmlns:v1="http://fidus.brussels/service/architectorderservice/messages/v1" xmlns:v11="http://fidus.brussels/type/common/messages/v1">
   <soapenv:Header/>
   <soapenv:Body>
      <v1:byCompanyNumberRequest>
         <v1:messageContext>
         	  <v11:messageId>${=import static java.util.UUID.randomUUID; uuid = randomUUID() as String}</v11:messageId>
            <v11:timestamp>${=new java.text.SimpleDateFormat("yyyy-MM-dd'T'HH:mm:ss.SSS").format(new Date())}</v11:timestamp>
         </v1:messageContext>
         <v1:legalContext>ServiceIntegrator</v1:legalContext>
         <v1:request>
            <v1:companyNumber>BE 0535 693 485</v1:companyNumber>
         </v1:request>
      </v1:byCompanyNumberRequest>
   </soapenv:Body>
</soapenv:Envelope>]]></con:request>
        <con:credentials>
          <con:selectedAuthProfile>Basic</con:selectedAuthProfile>
          <con:addedBasicAuthenticationTypes>Basic</con:addedBasicAuthenticationTypes>
          <con:authType>Global HTTP Settings</con:authType>
        </con:credentials>
        <con:jmsConfig JMSDeliveryMode="PERSISTENT"/>
        <con:jmsPropertyConfig/>
        <con:wsaConfig mustUnderstand="NONE" version="200508" action="http://fidus.brussels/services/architectorderservice/byCompanyNumber"/>
        <con:wsrmConfig version="1.2"/>
      </con:call>
      <con:call id="241ee8e1-92ab-4765-895a-f4327c7dc7e3" name="3 - Test - LB - Request" outgoingWss="Outflow TEST" incomingWss="Inflow TEST">
        <con:settings>
          <con:setting id="com.eviware.soapui.impl.wsdl.WsdlRequest@request-headers">&lt;xml-fragment/></con:setting>
        </con:settings>
        <con:encoding>UTF-8</con:encoding>
        <con:endpoint>https://esb-security-gw.sta.srv.cirb.lan:8443/services/ArchitectOrderService_v1.0</con:endpoint>
        <con:request><![CDATA[<soapenv:Envelope xmlns:soapenv="http://schemas.xmlsoap.org/soap/envelope/" xmlns:v1="http://fidus.brussels/service/architectorderservice/messages/v1" xmlns:v11="http://fidus.brussels/type/common/messages/v1">
   <soapenv:Header/>
   <soapenv:Body>
      <v1:byCompanyNumberRequest>
         <v1:messageContext>
         	  <v11:messageId>${=import static java.util.UUID.randomUUID; uuid = randomUUID() as String}</v11:messageId>
            <v11:timestamp>${=new java.text.SimpleDateFormat("yyyy-MM-dd'T'HH:mm:ss.SSS").format(new Date())}</v11:timestamp>
         </v1:messageContext>
         <v1:legalContext>ServiceIntegrator</v1:legalContext>
         <v1:request>
            <v1:companyNumber>BE 0535 693 485</v1:companyNumber>
         </v1:request>
      </v1:byCompanyNumberRequest>
   </soapenv:Body>
</soapenv:Envelope>]]></con:request>
        <con:credentials>
          <con:selectedAuthProfile>Basic</con:selectedAuthProfile>
          <con:addedBasicAuthenticationTypes>Basic</con:addedBasicAuthenticationTypes>
          <con:authType>Global HTTP Settings</con:authType>
        </con:credentials>
        <con:jmsConfig JMSDeliveryMode="PERSISTENT"/>
        <con:jmsPropertyConfig/>
        <con:wsaConfig mustUnderstand="NONE" version="200508" action="http://fidus.brussels/services/architectorderservice/byCompanyNumber"/>
        <con:wsrmConfig version="1.2"/>
      </con:call>
      <con:call id="59c593c0-6083-43f7-8e0b-62566b7e3cdf" name="3 - Test - Worker1 - Request" outgoingWss="Outflow TEST" incomingWss="Inflow TEST">
        <con:settings>
          <con:setting id="com.eviware.soapui.impl.wsdl.WsdlRequest@request-headers">&lt;xml-fragment/></con:setting>
        </con:settings>
        <con:encoding>UTF-8</con:encoding>
        <con:endpoint>https://192.168.22.53:8443/services/ArchitectOrderService_v1.0</con:endpoint>
        <con:request><![CDATA[<soapenv:Envelope xmlns:soapenv="http://schemas.xmlsoap.org/soap/envelope/" xmlns:v1="http://fidus.brussels/service/architectorderservice/messages/v1" xmlns:v11="http://fidus.brussels/type/common/messages/v1">
   <soapenv:Header/>
   <soapenv:Body>
      <v1:byCompanyNumberRequest>
         <v1:messageContext>
         	  <v11:messageId>${=import static java.util.UUID.randomUUID; uuid = randomUUID() as String}</v11:messageId>
            <v11:timestamp>${=new java.text.SimpleDateFormat("yyyy-MM-dd'T'HH:mm:ss.SSS").format(new Date())}</v11:timestamp>
         </v1:messageContext>
         <v1:legalContext>ServiceIntegrator</v1:legalContext>
         <v1:request>
            <v1:companyNumber>BE 0535 693 485</v1:companyNumber>
         </v1:request>
      </v1:byCompanyNumberRequest>
   </soapenv:Body>
</soapenv:Envelope>]]></con:request>
        <con:credentials>
          <con:selectedAuthProfile>Basic</con:selectedAuthProfile>
          <con:addedBasicAuthenticationTypes>Basic</con:addedBasicAuthenticationTypes>
          <con:authType>Global HTTP Settings</con:authType>
        </con:credentials>
        <con:jmsConfig JMSDeliveryMode="PERSISTENT"/>
        <con:jmsPropertyConfig/>
        <con:wsaConfig mustUnderstand="NONE" version="200508" action="http://fidus.brussels/services/architectorderservice/byCompanyNumber"/>
        <con:wsrmConfig version="1.2"/>
      </con:call>
      <con:call id="40d40adc-c94e-4fc0-bf80-d59610886231" name="3 - Test - Worker2 - Request">
        <con:settings>
          <con:setting id="com.eviware.soapui.impl.wsdl.WsdlRequest@request-headers">&lt;xml-fragment/></con:setting>
        </con:settings>
        <con:encoding>UTF-8</con:encoding>
        <con:endpoint>https://192.168.22.54:8443/services/ArchitectOrderService_v1.0</con:endpoint>
        <con:request><![CDATA[<soapenv:Envelope xmlns:soapenv="http://schemas.xmlsoap.org/soap/envelope/" xmlns:v1="http://fidus.brussels/service/architectorderservice/messages/v1" xmlns:v11="http://fidus.brussels/type/common/messages/v1">
   <soapenv:Header/>
   <soapenv:Body>
      <v1:byCompanyNumberRequest>
         <v1:messageContext>
         	  <v11:messageId>${=import static java.util.UUID.randomUUID; uuid = randomUUID() as String}</v11:messageId>
            <v11:timestamp>${=new java.text.SimpleDateFormat("yyyy-MM-dd'T'HH:mm:ss.SSS").format(new Date())}</v11:timestamp>
         </v1:messageContext>
         <v1:legalContext>ServiceIntegrator</v1:legalContext>
         <v1:request>
            <v1:companyNumber>BE 0535 693 485</v1:companyNumber>
         </v1:request>
      </v1:byCompanyNumberRequest>
   </soapenv:Body>
</soapenv:Envelope>]]></con:request>
        <con:credentials>
          <con:selectedAuthProfile>Basic</con:selectedAuthProfile>
          <con:addedBasicAuthenticationTypes>Basic</con:addedBasicAuthenticationTypes>
          <con:authType>Global HTTP Settings</con:authType>
        </con:credentials>
        <con:jmsConfig JMSDeliveryMode="PERSISTENT"/>
        <con:jmsPropertyConfig/>
        <con:wsaConfig mustUnderstand="NONE" version="200508" action="http://fidus.brussels/services/architectorderservice/byCompanyNumber"/>
        <con:wsrmConfig version="1.2"/>
      </con:call>
      <con:call id="9d3f2ce9-83a7-47d7-898a-c9d7be175811" name="4 - Staging - External - Request" outgoingWss="Outflow STAGING" incomingWss="Inflow STAGING">
        <con:settings>
          <con:setting id="com.eviware.soapui.impl.wsdl.WsdlRequest@request-headers">&lt;xml-fragment/></con:setting>
        </con:settings>
        <con:encoding>UTF-8</con:encoding>
        <con:endpoint>https://fidus.irisnetlab.be/services/ArchitectOrderService_v1.0</con:endpoint>
        <con:request><![CDATA[<soapenv:Envelope xmlns:soapenv="http://schemas.xmlsoap.org/soap/envelope/" xmlns:v1="http://fidus.brussels/service/architectorderservice/messages/v1" xmlns:v11="http://fidus.brussels/type/common/messages/v1">
   <soapenv:Header/>
   <soapenv:Body>
      <v1:byCompanyNumberRequest>
         <v1:messageContext>
         	  <v11:messageId>${=import static java.util.UUID.randomUUID; uuid = randomUUID() as String}</v11:messageId>
            <v11:timestamp>${=new java.text.SimpleDateFormat("yyyy-MM-dd'T'HH:mm:ss.SSS").format(new Date())}</v11:timestamp>
         </v1:messageContext>
         <v1:legalContext>ServiceIntegrator</v1:legalContext>
         <v1:request>
            <v1:companyNumber>BE 0535 693 485</v1:companyNumber>
         </v1:request>
      </v1:byCompanyNumberRequest>
   </soapenv:Body>
</soapenv:Envelope>]]></con:request>
        <con:credentials>
          <con:selectedAuthProfile>Basic</con:selectedAuthProfile>
          <con:addedBasicAuthenticationTypes>Basic</con:addedBasicAuthenticationTypes>
          <con:authType>Global HTTP Settings</con:authType>
        </con:credentials>
        <con:jmsConfig JMSDeliveryMode="PERSISTENT"/>
        <con:jmsPropertyConfig/>
        <con:wsaConfig mustUnderstand="NONE" version="200508" action="http://fidus.brussels/services/architectorderservice/byCompanyNumber"/>
        <con:wsrmConfig version="1.2"/>
      </con:call>
      <con:call id="9419d606-b56d-42bb-8600-c0a1206876c5" name="4 - Staging - LB - Request" outgoingWss="Outflow STAGING" incomingWss="Inflow STAGING">
        <con:settings>
          <con:setting id="com.eviware.soapui.impl.wsdl.WsdlRequest@request-headers">&lt;xml-fragment/></con:setting>
        </con:settings>
        <con:encoding>UTF-8</con:encoding>
        <con:endpoint>https://fidus-esb-sg.sta.srv.cirb.lan:8443/services/ArchitectOrderService_v1.0</con:endpoint>
        <con:request><![CDATA[<soapenv:Envelope xmlns:soapenv="http://schemas.xmlsoap.org/soap/envelope/" xmlns:v1="http://fidus.brussels/service/architectorderservice/messages/v1" xmlns:v11="http://fidus.brussels/type/common/messages/v1">
   <soapenv:Header/>
   <soapenv:Body>
      <v1:byCompanyNumberRequest>
         <v1:messageContext>
         	  <v11:messageId>${=import static java.util.UUID.randomUUID; uuid = randomUUID() as String}</v11:messageId>
            <v11:timestamp>${=new java.text.SimpleDateFormat("yyyy-MM-dd'T'HH:mm:ss.SSS").format(new Date())}</v11:timestamp>
         </v1:messageContext>
         <v1:legalContext>ServiceIntegrator</v1:legalContext>
         <v1:request>
            <v1:companyNumber>BE 0535 693 485</v1:companyNumber>
         </v1:request>
      </v1:byCompanyNumberRequest>
   </soapenv:Body>
</soapenv:Envelope>]]></con:request>
        <con:credentials>
          <con:selectedAuthProfile>Basic</con:selectedAuthProfile>
          <con:addedBasicAuthenticationTypes>Basic</con:addedBasicAuthenticationTypes>
          <con:authType>Global HTTP Settings</con:authType>
        </con:credentials>
        <con:jmsConfig JMSDeliveryMode="PERSISTENT"/>
        <con:jmsPropertyConfig/>
        <con:wsaConfig mustUnderstand="NONE" version="200508" action="http://fidus.brussels/services/architectorderservice/byCompanyNumber"/>
        <con:wsrmConfig version="1.2"/>
      </con:call>
      <con:call id="fc447ef9-4397-4e18-b12a-2d997e189c8e" name="4 - Staging - Worker1 - Request" outgoingWss="Outflow STAGING" incomingWss="Inflow STAGING">
        <con:settings>
          <con:setting id="com.eviware.soapui.impl.wsdl.WsdlRequest@request-headers">&lt;xml-fragment/></con:setting>
        </con:settings>
        <con:encoding>UTF-8</con:encoding>
        <con:endpoint>https://192.168.24.16:8443/services/ArchitectOrderService_v1.0</con:endpoint>
        <con:request><![CDATA[<soapenv:Envelope xmlns:soapenv="http://schemas.xmlsoap.org/soap/envelope/" xmlns:v1="http://fidus.brussels/service/architectorderservice/messages/v1" xmlns:v11="http://fidus.brussels/type/common/messages/v1">
   <soapenv:Header/>
   <soapenv:Body>
      <v1:byCompanyNumberRequest>
         <v1:messageContext>
         	  <v11:messageId>${=import static java.util.UUID.randomUUID; uuid = randomUUID() as String}</v11:messageId>
            <v11:timestamp>${=new java.text.SimpleDateFormat("yyyy-MM-dd'T'HH:mm:ss.SSS").format(new Date())}</v11:timestamp>
         </v1:messageContext>
         <v1:legalContext>ServiceIntegrator</v1:legalContext>
         <v1:request>
            <v1:companyNumber>BE 0535 693 485</v1:companyNumber>
         </v1:request>
      </v1:byCompanyNumberRequest>
   </soapenv:Body>
</soapenv:Envelope>]]></con:request>
        <con:credentials>
          <con:selectedAuthProfile>Basic</con:selectedAuthProfile>
          <con:addedBasicAuthenticationTypes>Basic</con:addedBasicAuthenticationTypes>
          <con:authType>Global HTTP Settings</con:authType>
        </con:credentials>
        <con:jmsConfig JMSDeliveryMode="PERSISTENT"/>
        <con:jmsPropertyConfig/>
        <con:wsaConfig mustUnderstand="NONE" version="200508" action="http://fidus.brussels/services/architectorderservice/byCompanyNumber"/>
        <con:wsrmConfig version="1.2"/>
      </con:call>
      <con:call id="fd51afa1-4472-4ac0-81b8-293513a27ddb" name="4 - Staging - Worker2 - Request" outgoingWss="Outflow STAGING" incomingWss="Inflow STAGING">
        <con:settings>
          <con:setting id="com.eviware.soapui.impl.wsdl.WsdlRequest@request-headers">&lt;xml-fragment/></con:setting>
        </con:settings>
        <con:encoding>UTF-8</con:encoding>
        <con:endpoint>https://192.168.24.17:8443/services/ArchitectOrderService_v1.0</con:endpoint>
        <con:request><![CDATA[<soapenv:Envelope xmlns:soapenv="http://schemas.xmlsoap.org/soap/envelope/" xmlns:v1="http://fidus.brussels/service/architectorderservice/messages/v1" xmlns:v11="http://fidus.brussels/type/common/messages/v1">
   <soapenv:Header/>
   <soapenv:Body>
      <v1:byCompanyNumberRequest>
         <v1:messageContext>
         	  <v11:messageId>${=import static java.util.UUID.randomUUID; uuid = randomUUID() as String}</v11:messageId>
            <v11:timestamp>${=new java.text.SimpleDateFormat("yyyy-MM-dd'T'HH:mm:ss.SSS").format(new Date())}</v11:timestamp>
         </v1:messageContext>
         <v1:legalContext>ServiceIntegrator</v1:legalContext>
         <v1:request>
            <v1:companyNumber>BE 0535 693 485</v1:companyNumber>
         </v1:request>
      </v1:byCompanyNumberRequest>
   </soapenv:Body>
</soapenv:Envelope>]]></con:request>
        <con:credentials>
          <con:selectedAuthProfile>Basic</con:selectedAuthProfile>
          <con:addedBasicAuthenticationTypes>Basic</con:addedBasicAuthenticationTypes>
          <con:authType>Global HTTP Settings</con:authType>
        </con:credentials>
        <con:jmsConfig JMSDeliveryMode="PERSISTENT"/>
        <con:jmsPropertyConfig/>
        <con:wsaConfig mustUnderstand="NONE" version="200508" action="http://fidus.brussels/services/architectorderservice/byCompanyNumber"/>
        <con:wsrmConfig version="1.2"/>
      </con:call>
      <con:call id="ea553c42-56d7-4316-9ea5-9b47e2c7edf7" name="5 - Prod - External - Request" outgoingWss="Outflow PROD" incomingWss="Inflow PROD">
        <con:settings>
          <con:setting id="com.eviware.soapui.impl.wsdl.WsdlRequest@request-headers">&lt;xml-fragment/></con:setting>
        </con:settings>
        <con:encoding>UTF-8</con:encoding>
        <con:endpoint>https://fidus.sec.brussels/services/ArchitectOrderService_v1.0</con:endpoint>
        <con:request><![CDATA[<soapenv:Envelope xmlns:soapenv="http://schemas.xmlsoap.org/soap/envelope/" xmlns:v1="http://fidus.brussels/service/architectorderservice/messages/v1" xmlns:v11="http://fidus.brussels/type/common/messages/v1">
   <soapenv:Header/>
   <soapenv:Body>
      <v1:byCompanyNumberRequest>
         <v1:messageContext>
         	  <v11:messageId>${=import static java.util.UUID.randomUUID; uuid = randomUUID() as String}</v11:messageId>
            <v11:timestamp>${=new java.text.SimpleDateFormat("yyyy-MM-dd'T'HH:mm:ss.SSS").format(new Date())}</v11:timestamp>
         </v1:messageContext>
         <v1:legalContext>ServiceIntegrator</v1:legalContext>
         <v1:request>
            <v1:companyNumber>BE 0535 693 485</v1:companyNumber>
         </v1:request>
      </v1:byCompanyNumberRequest>
   </soapenv:Body>
</soapenv:Envelope>]]></con:request>
        <con:credentials>
          <con:selectedAuthProfile>Basic</con:selectedAuthProfile>
          <con:addedBasicAuthenticationTypes>Basic</con:addedBasicAuthenticationTypes>
          <con:authType>Global HTTP Settings</con:authType>
        </con:credentials>
        <con:jmsConfig JMSDeliveryMode="PERSISTENT"/>
        <con:jmsPropertyConfig/>
        <con:wsaConfig mustUnderstand="NONE" version="200508" action="http://fidus.brussels/services/architectorderservice/byCompanyNumber"/>
        <con:wsrmConfig version="1.2"/>
      </con:call>
      <con:call id="3576298b-d15e-4425-8963-c2df3769c475" name="5 - Prod - LB - Request" outgoingWss="Outflow PROD" incomingWss="Inflow PROD">
        <con:settings>
          <con:setting id="com.eviware.soapui.impl.wsdl.WsdlRequest@request-headers">&lt;xml-fragment/></con:setting>
        </con:settings>
        <con:encoding>UTF-8</con:encoding>
        <con:endpoint>https://fidus-esb-sg.prd.srv.cirb.lan:8443/services/ArchitectOrderService_v1.0</con:endpoint>
        <con:request><![CDATA[<soapenv:Envelope xmlns:soapenv="http://schemas.xmlsoap.org/soap/envelope/" xmlns:v1="http://fidus.brussels/service/architectorderservice/messages/v1" xmlns:v11="http://fidus.brussels/type/common/messages/v1">
   <soapenv:Header/>
   <soapenv:Body>
      <v1:byCompanyNumberRequest>
         <v1:messageContext>
         	  <v11:messageId>${=import static java.util.UUID.randomUUID; uuid = randomUUID() as String}</v11:messageId>
            <v11:timestamp>${=new java.text.SimpleDateFormat("yyyy-MM-dd'T'HH:mm:ss.SSS").format(new Date())}</v11:timestamp>
         </v1:messageContext>
         <v1:legalContext>ServiceIntegrator</v1:legalContext>
         <v1:request>
            <v1:companyNumber>BE 0535 693 485</v1:companyNumber>
         </v1:request>
      </v1:byCompanyNumberRequest>
   </soapenv:Body>
</soapenv:Envelope>]]></con:request>
        <con:credentials>
          <con:selectedAuthProfile>Basic</con:selectedAuthProfile>
          <con:addedBasicAuthenticationTypes>Basic</con:addedBasicAuthenticationTypes>
          <con:authType>Global HTTP Settings</con:authType>
        </con:credentials>
        <con:jmsConfig JMSDeliveryMode="PERSISTENT"/>
        <con:jmsPropertyConfig/>
        <con:wsaConfig mustUnderstand="NONE" version="200508" action="http://fidus.brussels/services/architectorderservice/byCompanyNumber"/>
        <con:wsrmConfig version="1.2"/>
      </con:call>
      <con:call id="fe1b3d2c-0f56-4444-bc54-84cd21520408" name="5 - Prod - Worker1 - Request" outgoingWss="Outflow PROD" incomingWss="Inflow PROD">
        <con:settings>
          <con:setting id="com.eviware.soapui.impl.wsdl.WsdlRequest@request-headers">&lt;xml-fragment/></con:setting>
        </con:settings>
        <con:encoding>UTF-8</con:encoding>
        <con:endpoint>https://192.168.26.22:8443/services/ArchitectOrderService_v1.0</con:endpoint>
        <con:request><![CDATA[<soapenv:Envelope xmlns:soapenv="http://schemas.xmlsoap.org/soap/envelope/" xmlns:v1="http://fidus.brussels/service/architectorderservice/messages/v1" xmlns:v11="http://fidus.brussels/type/common/messages/v1">
   <soapenv:Header/>
   <soapenv:Body>
      <v1:byCompanyNumberRequest>
         <v1:messageContext>
         	  <v11:messageId>${=import static java.util.UUID.randomUUID; uuid = randomUUID() as String}</v11:messageId>
            <v11:timestamp>${=new java.text.SimpleDateFormat("yyyy-MM-dd'T'HH:mm:ss.SSS").format(new Date())}</v11:timestamp>
         </v1:messageContext>
         <v1:legalContext>ServiceIntegrator</v1:legalContext>
         <v1:request>
            <v1:companyNumber>BE 0535 693 485</v1:companyNumber>
         </v1:request>
      </v1:byCompanyNumberRequest>
   </soapenv:Body>
</soapenv:Envelope>]]></con:request>
        <con:credentials>
          <con:selectedAuthProfile>Basic</con:selectedAuthProfile>
          <con:addedBasicAuthenticationTypes>Basic</con:addedBasicAuthenticationTypes>
          <con:authType>Global HTTP Settings</con:authType>
        </con:credentials>
        <con:jmsConfig JMSDeliveryMode="PERSISTENT"/>
        <con:jmsPropertyConfig/>
        <con:wsaConfig mustUnderstand="NONE" version="200508" action="http://fidus.brussels/services/architectorderservice/byCompanyNumber"/>
        <con:wsrmConfig version="1.2"/>
      </con:call>
      <con:call id="c3fc6f91-b456-43ee-8999-8b87a28bf921" name="5 - Prod - Worker2 - Request" outgoingWss="Outflow PROD" incomingWss="Inflow PROD">
        <con:settings>
          <con:setting id="com.eviware.soapui.impl.wsdl.WsdlRequest@request-headers">&lt;xml-fragment/></con:setting>
        </con:settings>
        <con:encoding>UTF-8</con:encoding>
        <con:endpoint>https://192.168.26.19:8443/services/ArchitectOrderService_v1.0</con:endpoint>
        <con:request><![CDATA[<soapenv:Envelope xmlns:soapenv="http://schemas.xmlsoap.org/soap/envelope/" xmlns:v1="http://fidus.brussels/service/architectorderservice/messages/v1" xmlns:v11="http://fidus.brussels/type/common/messages/v1">
   <soapenv:Header/>
   <soapenv:Body>
      <v1:byCompanyNumberRequest>
         <v1:messageContext>
         	  <v11:messageId>${=import static java.util.UUID.randomUUID; uuid = randomUUID() as String}</v11:messageId>
            <v11:timestamp>${=new java.text.SimpleDateFormat("yyyy-MM-dd'T'HH:mm:ss.SSS").format(new Date())}</v11:timestamp>
         </v1:messageContext>
         <v1:legalContext>ServiceIntegrator</v1:legalContext>
         <v1:request>
            <v1:companyNumber>BE 0535 693 485</v1:companyNumber>
         </v1:request>
      </v1:byCompanyNumberRequest>
   </soapenv:Body>
</soapenv:Envelope>]]></con:request>
        <con:credentials>
          <con:selectedAuthProfile>Basic</con:selectedAuthProfile>
          <con:addedBasicAuthenticationTypes>Basic</con:addedBasicAuthenticationTypes>
          <con:authType>Global HTTP Settings</con:authType>
        </con:credentials>
        <con:jmsConfig JMSDeliveryMode="PERSISTENT"/>
        <con:jmsPropertyConfig/>
        <con:wsaConfig mustUnderstand="NONE" version="200508" action="http://fidus.brussels/services/architectorderservice/byCompanyNumber"/>
        <con:wsrmConfig version="1.2"/>
      </con:call>
    </con:operation>
    <con:operation id="25537aba-deb1-4eae-91f8-00d49e3e5071" isOneWay="false" action="http://fidus.brussels/services/architectorderservice/byNationalNumber" name="byNationalNumber" bindingOperationName="byNationalNumber" type="Request-Response" inputName="" receivesAttachments="false" sendsAttachments="false" anonymous="optional">
      <con:settings/>
      <con:call id="73339795-03d4-4f29-94dd-a75c92ba0bc3" name="1 - Local - Request" outgoingWss="Outflow DEV" incomingWss="Inflow DEV">
        <con:settings>
          <con:setting id="com.eviware.soapui.impl.wsdl.WsdlRequest@request-headers">&lt;xml-fragment/></con:setting>
        </con:settings>
        <con:encoding>UTF-8</con:encoding>
        <con:endpoint>https://localhost:8243/services/ArchitectOrderService_v1.0</con:endpoint>
        <con:request><![CDATA[<soapenv:Envelope xmlns:soapenv="http://schemas.xmlsoap.org/soap/envelope/" xmlns:v1="http://fidus.brussels/service/architectorderservice/messages/v1" xmlns:v11="http://fidus.brussels/type/common/messages/v1">
   <soapenv:Header/>
   <soapenv:Body>
      <v1:byNationalNumberRequest>
         <v1:messageContext>
         	  <v11:messageId>${=import static java.util.UUID.randomUUID; uuid = randomUUID() as String}</v11:messageId>
            <v11:timestamp>${=new java.text.SimpleDateFormat("yyyy-MM-dd'T'HH:mm:ss.SSS").format(new Date())}</v11:timestamp>
         </v1:messageContext>
         <v1:legalContext>ServiceIntegrator</v1:legalContext>
         <v1:request>
            <v1:personNumber>12003001507</v1:personNumber>
         </v1:request>
      </v1:byNationalNumberRequest>
   </soapenv:Body>
</soapenv:Envelope>]]></con:request>
        <con:credentials>
          <con:selectedAuthProfile>Basic</con:selectedAuthProfile>
          <con:addedBasicAuthenticationTypes>Basic</con:addedBasicAuthenticationTypes>
          <con:authType>Global HTTP Settings</con:authType>
        </con:credentials>
        <con:jmsConfig JMSDeliveryMode="PERSISTENT"/>
        <con:jmsPropertyConfig/>
        <con:wsaConfig mustUnderstand="NONE" version="200508" action="http://fidus.brussels/services/architectorderservice/byNationalNumber"/>
        <con:wsrmConfig version="1.2"/>
      </con:call>
      <con:call id="5cc4e7e6-f83a-44dd-9f0e-4122c1e2900a" name="2 - Dev - Request" outgoingWss="Outflow DEV" incomingWss="Inflow DEV">
        <con:settings>
          <con:setting id="com.eviware.soapui.impl.wsdl.WsdlRequest@request-headers">&lt;xml-fragment/></con:setting>
        </con:settings>
        <con:encoding>UTF-8</con:encoding>
        <con:endpoint>https://192.168.36.61:8243/services/ArchitectOrderService_v1.0</con:endpoint>
        <con:request><![CDATA[<soapenv:Envelope xmlns:soapenv="http://schemas.xmlsoap.org/soap/envelope/" xmlns:v1="http://fidus.brussels/service/architectorderservice/messages/v1" xmlns:v11="http://fidus.brussels/type/common/messages/v1">
   <soapenv:Header/>
   <soapenv:Body>
      <v1:byNationalNumberRequest>
         <v1:messageContext>
         	  <v11:messageId>${=import static java.util.UUID.randomUUID; uuid = randomUUID() as String}</v11:messageId>
            <v11:timestamp>${=new java.text.SimpleDateFormat("yyyy-MM-dd'T'HH:mm:ss.SSS").format(new Date())}</v11:timestamp>
         </v1:messageContext>
         <v1:legalContext>ServiceIntegrator</v1:legalContext>
         <v1:request>
            <v1:personNumber>12003001507</v1:personNumber>
         </v1:request>
      </v1:byNationalNumberRequest>
   </soapenv:Body>
</soapenv:Envelope>]]></con:request>
        <con:credentials>
          <con:selectedAuthProfile>Basic</con:selectedAuthProfile>
          <con:addedBasicAuthenticationTypes>Basic</con:addedBasicAuthenticationTypes>
          <con:authType>Global HTTP Settings</con:authType>
        </con:credentials>
        <con:jmsConfig JMSDeliveryMode="PERSISTENT"/>
        <con:jmsPropertyConfig/>
        <con:wsaConfig mustUnderstand="NONE" version="200508" action="http://fidus.brussels/services/architectorderservice/byNationalNumber"/>
        <con:wsrmConfig version="1.2"/>
      </con:call>
      <con:call id="102f5c06-b18e-4df4-876a-b13939100560" name="3 - Test - External - Request" outgoingWss="Outflow TEST" incomingWss="Inflow TEST">
        <con:settings>
          <con:setting id="com.eviware.soapui.impl.wsdl.WsdlRequest@request-headers">&lt;xml-fragment/></con:setting>
        </con:settings>
        <con:encoding>UTF-8</con:encoding>
        <con:endpoint>https://fidus-test.irisnetlab.be/services/ArchitectOrderService_v1.0</con:endpoint>
        <con:request><![CDATA[<soapenv:Envelope xmlns:soapenv="http://schemas.xmlsoap.org/soap/envelope/" xmlns:v1="http://fidus.brussels/service/architectorderservice/messages/v1" xmlns:v11="http://fidus.brussels/type/common/messages/v1">
   <soapenv:Header/>
   <soapenv:Body>
      <v1:byNationalNumberRequest>
         <v1:messageContext>
         	  <v11:messageId>${=import static java.util.UUID.randomUUID; uuid = randomUUID() as String}</v11:messageId>
            <v11:timestamp>${=new java.text.SimpleDateFormat("yyyy-MM-dd'T'HH:mm:ss.SSS").format(new Date())}</v11:timestamp>
         </v1:messageContext>
         <v1:legalContext>ServiceIntegrator</v1:legalContext>
         <v1:request>
            <v1:personNumber>86051242982</v1:personNumber>
         </v1:request>
      </v1:byNationalNumberRequest>
   </soapenv:Body>
</soapenv:Envelope>]]></con:request>
        <con:credentials>
          <con:selectedAuthProfile>Basic</con:selectedAuthProfile>
          <con:addedBasicAuthenticationTypes>Basic</con:addedBasicAuthenticationTypes>
          <con:authType>Global HTTP Settings</con:authType>
        </con:credentials>
        <con:jmsConfig JMSDeliveryMode="PERSISTENT"/>
        <con:jmsPropertyConfig/>
        <con:wsaConfig mustUnderstand="NONE" version="200508" action="http://fidus.brussels/services/architectorderservice/byNationalNumber"/>
        <con:wsrmConfig version="1.2"/>
      </con:call>
      <con:call id="cb33c1b3-827f-4ed9-9454-5cd864515e74" name="3 - Test - LB - Request" outgoingWss="Outflow TEST" incomingWss="Inflow TEST">
        <con:settings>
          <con:setting id="com.eviware.soapui.impl.wsdl.WsdlRequest@request-headers">&lt;xml-fragment/></con:setting>
        </con:settings>
        <con:encoding>UTF-8</con:encoding>
        <con:endpoint>https://esb-security-gw.sta.srv.cirb.lan:8443/services/ArchitectOrderService_v1.0</con:endpoint>
        <con:request><![CDATA[<soapenv:Envelope xmlns:soapenv="http://schemas.xmlsoap.org/soap/envelope/" xmlns:v1="http://fidus.brussels/service/architectorderservice/messages/v1" xmlns:v11="http://fidus.brussels/type/common/messages/v1">
   <soapenv:Header/>
   <soapenv:Body>
      <v1:byNationalNumberRequest>
         <v1:messageContext>
         	  <v11:messageId>${=import static java.util.UUID.randomUUID; uuid = randomUUID() as String}</v11:messageId>
            <v11:timestamp>${=new java.text.SimpleDateFormat("yyyy-MM-dd'T'HH:mm:ss.SSS").format(new Date())}</v11:timestamp>
         </v1:messageContext>
         <v1:legalContext>ServiceIntegrator</v1:legalContext>
         <v1:request>
            <v1:personNumber>86051242982</v1:personNumber>
         </v1:request>
      </v1:byNationalNumberRequest>
   </soapenv:Body>
</soapenv:Envelope>]]></con:request>
        <con:credentials>
          <con:selectedAuthProfile>Basic</con:selectedAuthProfile>
          <con:addedBasicAuthenticationTypes>Basic</con:addedBasicAuthenticationTypes>
          <con:authType>Global HTTP Settings</con:authType>
        </con:credentials>
        <con:jmsConfig JMSDeliveryMode="PERSISTENT"/>
        <con:jmsPropertyConfig/>
        <con:wsaConfig mustUnderstand="NONE" version="200508" action="http://fidus.brussels/services/architectorderservice/byNationalNumber"/>
        <con:wsrmConfig version="1.2"/>
      </con:call>
      <con:call id="cc31648a-96a3-4f0f-8d16-1de905f39a4d" name="3 - Test - Worker1 - Request" outgoingWss="Outflow TEST" incomingWss="Inflow TEST">
        <con:settings>
          <con:setting id="com.eviware.soapui.impl.wsdl.WsdlRequest@request-headers">&lt;xml-fragment/></con:setting>
        </con:settings>
        <con:encoding>UTF-8</con:encoding>
        <con:endpoint>https://192.168.22.53:8443/services/ArchitectOrderService_v1.0</con:endpoint>
        <con:request><![CDATA[<soapenv:Envelope xmlns:soapenv="http://schemas.xmlsoap.org/soap/envelope/" xmlns:v1="http://fidus.brussels/service/architectorderservice/messages/v1" xmlns:v11="http://fidus.brussels/type/common/messages/v1">
   <soapenv:Header/>
   <soapenv:Body>
      <v1:byNationalNumberRequest>
         <v1:messageContext>
         	  <v11:messageId>${=import static java.util.UUID.randomUUID; uuid = randomUUID() as String}</v11:messageId>
            <v11:timestamp>${=new java.text.SimpleDateFormat("yyyy-MM-dd'T'HH:mm:ss.SSS").format(new Date())}</v11:timestamp>
         </v1:messageContext>
         <v1:legalContext>NovaUser</v1:legalContext>
         <v1:request>
            <v1:personNumber>86051242982</v1:personNumber>
         </v1:request>
      </v1:byNationalNumberRequest>
   </soapenv:Body>
</soapenv:Envelope>]]></con:request>
        <con:credentials>
          <con:selectedAuthProfile>Basic</con:selectedAuthProfile>
          <con:addedBasicAuthenticationTypes>Basic</con:addedBasicAuthenticationTypes>
          <con:authType>Global HTTP Settings</con:authType>
        </con:credentials>
        <con:jmsConfig JMSDeliveryMode="PERSISTENT"/>
        <con:jmsPropertyConfig/>
        <con:wsaConfig mustUnderstand="NONE" version="200508" action="http://fidus.brussels/services/architectorderservice/byNationalNumber"/>
        <con:wsrmConfig version="1.2"/>
      </con:call>
      <con:call id="f8c70de5-ee12-48b1-a114-b4e11b779ff6" name="3 - Test - Worker2 - Request" outgoingWss="Outflow TEST" incomingWss="Inflow TEST">
        <con:settings>
          <con:setting id="com.eviware.soapui.impl.wsdl.WsdlRequest@request-headers">&lt;xml-fragment/></con:setting>
        </con:settings>
        <con:encoding>UTF-8</con:encoding>
        <con:endpoint>https://192.168.22.54:8443/services/ArchitectOrderService_v1.0</con:endpoint>
        <con:request><![CDATA[<soapenv:Envelope xmlns:soapenv="http://schemas.xmlsoap.org/soap/envelope/" xmlns:v1="http://fidus.brussels/service/architectorderservice/messages/v1" xmlns:v11="http://fidus.brussels/type/common/messages/v1">
   <soapenv:Header/>
   <soapenv:Body>
      <v1:byNationalNumberRequest>
         <v1:messageContext>
         	  <v11:messageId>${=import static java.util.UUID.randomUUID; uuid = randomUUID() as String}</v11:messageId>
            <v11:timestamp>${=new java.text.SimpleDateFormat("yyyy-MM-dd'T'HH:mm:ss.SSS").format(new Date())}</v11:timestamp>
         </v1:messageContext>
         <v1:legalContext>ServiceIntegrator</v1:legalContext>
         <v1:request>
            <v1:personNumber>86051242982</v1:personNumber>
         </v1:request>
      </v1:byNationalNumberRequest>
   </soapenv:Body>
</soapenv:Envelope>]]></con:request>
        <con:credentials>
          <con:selectedAuthProfile>Basic</con:selectedAuthProfile>
          <con:addedBasicAuthenticationTypes>Basic</con:addedBasicAuthenticationTypes>
          <con:authType>Global HTTP Settings</con:authType>
        </con:credentials>
        <con:jmsConfig JMSDeliveryMode="PERSISTENT"/>
        <con:jmsPropertyConfig/>
        <con:wsaConfig mustUnderstand="NONE" version="200508" action="http://fidus.brussels/services/architectorderservice/byNationalNumber"/>
        <con:wsrmConfig version="1.2"/>
      </con:call>
    </con:operation>
    <con:operation id="b60205d0-a1d5-4fee-9cb5-0d9bd1ab2f2d" isOneWay="false" action="http://fidus.brussels/services/architectorderservice/byReferenceNumber" name="byReferenceNumber" bindingOperationName="byReferenceNumber" type="Request-Response" inputName="" receivesAttachments="false" sendsAttachments="false" anonymous="optional">
      <con:settings/>
      <con:call id="16f763bd-c984-48fc-98a4-0ed6ba0d1691" name="1 - Local - Request" outgoingWss="Outflow DEV" incomingWss="Inflow DEV">
        <con:settings>
          <con:setting id="com.eviware.soapui.impl.wsdl.WsdlRequest@request-headers">&lt;xml-fragment/></con:setting>
        </con:settings>
        <con:encoding>UTF-8</con:encoding>
        <con:endpoint>https://localhost:8243/services/ArchitectOrderService_v1.0</con:endpoint>
        <con:request><![CDATA[<soapenv:Envelope xmlns:soapenv="http://schemas.xmlsoap.org/soap/envelope/" xmlns:v1="http://fidus.brussels/service/architectorderservice/messages/v1" xmlns:v11="http://fidus.brussels/type/common/messages/v1">
   <soapenv:Header/>
   <soapenv:Body>
      <v1:byReferenceNumberRequest>
         <v1:messageContext>
         	  <v11:messageId>${=import static java.util.UUID.randomUUID; uuid = randomUUID() as String}</v11:messageId>
            <v11:timestamp>${=new java.text.SimpleDateFormat("yyyy-MM-dd'T'HH:mm:ss.SSS").format(new Date())}</v11:timestamp>
         </v1:messageContext>
         <v1:legalContext>ServiceIntegrator</v1:legalContext>
         <v1:request>
            <v1:referenceNumber>XX2900107</v1:referenceNumber>
         </v1:request>
      </v1:byReferenceNumberRequest>
   </soapenv:Body>
</soapenv:Envelope>]]></con:request>
        <con:credentials>
          <con:selectedAuthProfile>Basic</con:selectedAuthProfile>
          <con:addedBasicAuthenticationTypes>Basic</con:addedBasicAuthenticationTypes>
          <con:authType>Global HTTP Settings</con:authType>
        </con:credentials>
        <con:jmsConfig JMSDeliveryMode="PERSISTENT"/>
        <con:jmsPropertyConfig/>
        <con:wsaConfig mustUnderstand="NONE" version="200508" action="http://fidus.brussels/services/architectorderservice/byReferenceNumber"/>
        <con:wsrmConfig version="1.2"/>
      </con:call>
      <con:call id="f6efbd6a-8b6e-405d-956f-be81d9b7a011" name="2 - Dev - Request" outgoingWss="Outflow DEV" incomingWss="Inflow DEV">
        <con:settings>
          <con:setting id="com.eviware.soapui.impl.wsdl.WsdlRequest@request-headers">&lt;xml-fragment/></con:setting>
        </con:settings>
        <con:encoding>UTF-8</con:encoding>
        <con:endpoint>https://192.168.36.61:8243/services/ArchitectOrderService_v1.0</con:endpoint>
        <con:request><![CDATA[<soapenv:Envelope xmlns:soapenv="http://schemas.xmlsoap.org/soap/envelope/" xmlns:v1="http://fidus.brussels/service/architectorderservice/messages/v1" xmlns:v11="http://fidus.brussels/type/common/messages/v1">
   <soapenv:Header/>
   <soapenv:Body>
      <v1:byReferenceNumberRequest>
         <v1:messageContext>
         	  <v11:messageId>${=import static java.util.UUID.randomUUID; uuid = randomUUID() as String}</v11:messageId>
            <v11:timestamp>${=new java.text.SimpleDateFormat("yyyy-MM-dd'T'HH:mm:ss.SSS").format(new Date())}</v11:timestamp>
         </v1:messageContext>
         <v1:legalContext>ServiceIntegrator</v1:legalContext>
         <v1:request>
            <v1:referenceNumber>2900107</v1:referenceNumber>
         </v1:request>
      </v1:byReferenceNumberRequest>
   </soapenv:Body>
</soapenv:Envelope>]]></con:request>
        <con:credentials>
          <con:selectedAuthProfile>Basic</con:selectedAuthProfile>
          <con:addedBasicAuthenticationTypes>Basic</con:addedBasicAuthenticationTypes>
          <con:authType>Global HTTP Settings</con:authType>
        </con:credentials>
        <con:jmsConfig JMSDeliveryMode="PERSISTENT"/>
        <con:jmsPropertyConfig/>
        <con:wsaConfig mustUnderstand="NONE" version="200508" action="http://fidus.brussels/services/architectorderservice/byReferenceNumber"/>
        <con:wsrmConfig version="1.2"/>
      </con:call>
      <con:call id="c59086f2-b8fd-4082-a905-5629d5b200c6" name="3 - Test - External - Request" outgoingWss="Outflow TEST" incomingWss="Inflow TEST">
        <con:settings>
          <con:setting id="com.eviware.soapui.impl.wsdl.WsdlRequest@request-headers">&lt;xml-fragment/></con:setting>
        </con:settings>
        <con:encoding>UTF-8</con:encoding>
        <con:endpoint>https://fidus-test.irisnetlab.be/services/ArchitectOrderService_v1.0</con:endpoint>
        <con:request><![CDATA[<soapenv:Envelope xmlns:soapenv="http://schemas.xmlsoap.org/soap/envelope/" xmlns:v1="http://fidus.brussels/service/architectorderservice/messages/v1" xmlns:v11="http://fidus.brussels/type/common/messages/v1">
   <soapenv:Header/>
   <soapenv:Body>
      <v1:byReferenceNumberRequest>
         <v1:messageContext>
         	  <v11:messageId>${=import static java.util.UUID.randomUUID; uuid = randomUUID() as String}</v11:messageId>
            <v11:timestamp>${=new java.text.SimpleDateFormat("yyyy-MM-dd'T'HH:mm:ss.SSS").format(new Date())}</v11:timestamp>
         </v1:messageContext>
         <v1:legalContext>NovaUser</v1:legalContext>
         <v1:request>
            <v1:referenceNumber>2900107</v1:referenceNumber>
         </v1:request>
      </v1:byReferenceNumberRequest>
   </soapenv:Body>
</soapenv:Envelope>]]></con:request>
        <con:credentials>
          <con:selectedAuthProfile>Basic</con:selectedAuthProfile>
          <con:addedBasicAuthenticationTypes>Basic</con:addedBasicAuthenticationTypes>
          <con:authType>Global HTTP Settings</con:authType>
        </con:credentials>
        <con:jmsConfig JMSDeliveryMode="PERSISTENT"/>
        <con:jmsPropertyConfig/>
        <con:wsaConfig mustUnderstand="NONE" version="200508" action="http://fidus.brussels/services/architectorderservice/byReferenceNumber"/>
        <con:wsrmConfig version="1.2"/>
      </con:call>
      <con:call id="671c79d9-637b-44d2-8d46-b20a0cd8da69" name="3 - Test - LB - Request" outgoingWss="Outflow TEST" incomingWss="Inflow TEST">
        <con:settings>
          <con:setting id="com.eviware.soapui.impl.wsdl.WsdlRequest@request-headers">&lt;xml-fragment/></con:setting>
        </con:settings>
        <con:encoding>UTF-8</con:encoding>
        <con:endpoint>https://esb-security-gw.sta.srv.cirb.lan:8443/services/ArchitectOrderService_v1.0</con:endpoint>
        <con:request><![CDATA[<soapenv:Envelope xmlns:soapenv="http://schemas.xmlsoap.org/soap/envelope/" xmlns:v1="http://fidus.brussels/service/architectorderservice/messages/v1" xmlns:v11="http://fidus.brussels/type/common/messages/v1">
   <soapenv:Header/>
   <soapenv:Body>
      <v1:byReferenceNumberRequest>
         <v1:messageContext>
         	  <v11:messageId>${=import static java.util.UUID.randomUUID; uuid = randomUUID() as String}</v11:messageId>
            <v11:timestamp>${=new java.text.SimpleDateFormat("yyyy-MM-dd'T'HH:mm:ss.SSS").format(new Date())}</v11:timestamp>
         </v1:messageContext>
         <v1:legalContext>ServiceIntegrator</v1:legalContext>
         <v1:request>
            <v1:referenceNumber>2900107</v1:referenceNumber>
         </v1:request>
      </v1:byReferenceNumberRequest>
   </soapenv:Body>
</soapenv:Envelope>]]></con:request>
        <con:credentials>
          <con:selectedAuthProfile>Basic</con:selectedAuthProfile>
          <con:addedBasicAuthenticationTypes>Basic</con:addedBasicAuthenticationTypes>
          <con:authType>Global HTTP Settings</con:authType>
        </con:credentials>
        <con:jmsConfig JMSDeliveryMode="PERSISTENT"/>
        <con:jmsPropertyConfig/>
        <con:wsaConfig mustUnderstand="NONE" version="200508" action="http://fidus.brussels/services/architectorderservice/byReferenceNumber"/>
        <con:wsrmConfig version="1.2"/>
      </con:call>
      <con:call id="94c74b43-f0fb-42af-92ed-30a6e0bda47f" name="3 - Test - Worker1 - Request" outgoingWss="Outflow TEST" incomingWss="Inflow TEST">
        <con:settings>
          <con:setting id="com.eviware.soapui.impl.wsdl.WsdlRequest@request-headers">&lt;xml-fragment/></con:setting>
        </con:settings>
        <con:encoding>UTF-8</con:encoding>
        <con:endpoint>https://192.168.22.53:8443/services/ArchitectOrderService_v1.0</con:endpoint>
        <con:request><![CDATA[<soapenv:Envelope xmlns:soapenv="http://schemas.xmlsoap.org/soap/envelope/" xmlns:v1="http://fidus.brussels/service/architectorderservice/messages/v1" xmlns:v11="http://fidus.brussels/type/common/messages/v1">
   <soapenv:Header/>
   <soapenv:Body>
      <v1:byReferenceNumberRequest>
         <v1:messageContext>
         	  <v11:messageId>${=import static java.util.UUID.randomUUID; uuid = randomUUID() as String}</v11:messageId>
            <v11:timestamp>${=new java.text.SimpleDateFormat("yyyy-MM-dd'T'HH:mm:ss.SSS").format(new Date())}</v11:timestamp>
         </v1:messageContext>
         <v1:legalContext>NovaUser</v1:legalContext>
         <v1:request>
            <v1:referenceNumber>2900107</v1:referenceNumber>
         </v1:request>
      </v1:byReferenceNumberRequest>
   </soapenv:Body>
</soapenv:Envelope>]]></con:request>
        <con:credentials>
          <con:selectedAuthProfile>Basic</con:selectedAuthProfile>
          <con:addedBasicAuthenticationTypes>Basic</con:addedBasicAuthenticationTypes>
          <con:authType>Global HTTP Settings</con:authType>
        </con:credentials>
        <con:jmsConfig JMSDeliveryMode="PERSISTENT"/>
        <con:jmsPropertyConfig/>
        <con:wsaConfig mustUnderstand="NONE" version="200508" action="http://fidus.brussels/services/architectorderservice/byReferenceNumber"/>
        <con:wsrmConfig version="1.2"/>
      </con:call>
      <con:call id="d29ab91f-ed4c-4eae-9162-6a933b3cae4f" name="3 - Test - Worker2 - Request" outgoingWss="Outflow TEST" incomingWss="Inflow TEST">
        <con:settings>
          <con:setting id="com.eviware.soapui.impl.wsdl.WsdlRequest@request-headers">&lt;xml-fragment/></con:setting>
        </con:settings>
        <con:encoding>UTF-8</con:encoding>
        <con:endpoint>https://192.168.22.54:8443/services/ArchitectOrderService_v1.0</con:endpoint>
        <con:request><![CDATA[<soapenv:Envelope xmlns:soapenv="http://schemas.xmlsoap.org/soap/envelope/" xmlns:v1="http://fidus.brussels/service/architectorderservice/messages/v1" xmlns:v11="http://fidus.brussels/type/common/messages/v1">
   <soapenv:Header/>
   <soapenv:Body>
      <v1:byReferenceNumberRequest>
         <v1:messageContext>
         	  <v11:messageId>${=import static java.util.UUID.randomUUID; uuid = randomUUID() as String}</v11:messageId>
            <v11:timestamp>${=new java.text.SimpleDateFormat("yyyy-MM-dd'T'HH:mm:ss.SSS").format(new Date())}</v11:timestamp>
         </v1:messageContext>
         <v1:legalContext>ServiceIntegrator</v1:legalContext>
         <v1:request>
            <v1:referenceNumber>2900107</v1:referenceNumber>
         </v1:request>
      </v1:byReferenceNumberRequest>
   </soapenv:Body>
</soapenv:Envelope>]]></con:request>
        <con:credentials>
          <con:selectedAuthProfile>Basic</con:selectedAuthProfile>
          <con:addedBasicAuthenticationTypes>Basic</con:addedBasicAuthenticationTypes>
          <con:authType>Global HTTP Settings</con:authType>
        </con:credentials>
        <con:jmsConfig JMSDeliveryMode="PERSISTENT"/>
        <con:jmsPropertyConfig/>
        <con:wsaConfig mustUnderstand="NONE" version="200508" action="http://fidus.brussels/services/architectorderservice/byReferenceNumber"/>
        <con:wsrmConfig version="1.2"/>
      </con:call>
    </con:operation>
  </con:interface>
  <con:testSuite id="aa178a87-559d-4c8e-8a23-a0b40a0a7680" name="DEV"><con:settings/><con:runType>SEQUENTIAL</con:runType><con:testCase id="f163deed-fab6-4067-99f5-5c242e03e912" failOnError="true" failTestCaseOnErrors="true" keepSession="false" maxResults="0" name="byCompanyNumber" searchProperties="true"><con:settings/><con:testStep type="request" id="58cb83c8-bf3c-4b79-a0c9-2f6d789f7107" name="testcase2 - Dev - Request"><con:settings/><con:config xsi:type="con:RequestStep" xmlns:xsi="http://www.w3.org/2001/XMLSchema-instance"><con:interface>ArchitectOrderServiceHTTPBinding</con:interface><con:operation>byCompanyNumber</con:operation><con:request name="testcase2 - Dev - Request" id="d1924029-36c1-4f2d-b66e-70ca99738d61" outgoingWss="Outflow DEV"><con:settings/><con:encoding>UTF-8</con:encoding><con:endpoint>https://192.168.36.61:8243/services/ArchitectOrderService_v1.0</con:endpoint><con:request><![CDATA[<soapenv:Envelope xmlns:soapenv="http://schemas.xmlsoap.org/soap/envelope/" xmlns:v1="http://fidus.brussels/service/architectorderservice/messages/v1" xmlns:v11="http://fidus.brussels/type/common/messages/v1">
   <soapenv:Header/>
   <soapenv:Body>
      <v1:byCompanyNumberRequest>
         <v1:messageContext>
         	  <v11:messageId>${=import static java.util.UUID.randomUUID; uuid = randomUUID() as String}</v11:messageId>
            <v11:timestamp>${=new java.text.SimpleDateFormat("yyyy-MM-dd'T'HH:mm:ss.SSS").format(new Date())}</v11:timestamp>
         </v1:messageContext>
         <v1:legalContext>ServiceIntegrator</v1:legalContext>
         <v1:request>
            <v1:companyNumber>123456789</v1:companyNumber>
         </v1:request>
      </v1:byCompanyNumberRequest>
   </soapenv:Body>
</soapenv:Envelope>]]></con:request><con:assertion type="SOAP Fault Assertion" id="2bdc2e5d-6842-45ef-b08b-a246b608d9b6" name="Not SOAP Fault"/><con:assertion type="SOAP Response" id="48b2afc0-5b74-40dd-94a1-e3028e1d02c7" name="SOAP Response"/><con:assertion type="Schema Compliance" id="31d5b1f5-ef42-46a8-a14e-3ed766b11c32" name="Schema Compliance"><con:configuration/></con:assertion><con:wsaConfig action="http://fidus.brussels/services/architectorderservice/byCompanyNumber"/></con:request></con:config></con:testStep><con:properties/></con:testCase><con:testCase id="660d1d69-7fc5-4d6a-b5d1-d51c51f0d3c6" failOnError="true" failTestCaseOnErrors="true" keepSession="false" maxResults="0" name="byNationalNumber" searchProperties="true"><con:settings/><con:testStep type="request" id="2d6b21ea-0bd9-4275-94f6-f195e30e7dfb" name="testcase2 - Dev - Request"><con:settings/><con:config xsi:type="con:RequestStep" xmlns:xsi="http://www.w3.org/2001/XMLSchema-instance"><con:interface>ArchitectOrderServiceHTTPBinding</con:interface><con:operation>byNationalNumber</con:operation><con:request name="testcase2 - Dev - Request" id="80023d51-5aa3-4c5b-88c9-1ce7caadbe83" outgoingWss="Outflow DEV"><con:settings/><con:encoding>UTF-8</con:encoding><con:endpoint>https://192.168.36.61:8243/services/ArchitectOrderService_v1.0</con:endpoint><con:request><![CDATA[<soapenv:Envelope xmlns:soapenv="http://schemas.xmlsoap.org/soap/envelope/" xmlns:v1="http://fidus.brussels/service/architectorderservice/messages/v1" xmlns:v11="http://fidus.brussels/type/common/messages/v1">
   <soapenv:Header/>
   <soapenv:Body>
      <v1:byNationalNumberRequest>
         <v1:messageContext>
         	  <v11:messageId>${=import static java.util.UUID.randomUUID; uuid = randomUUID() as String}</v11:messageId>
            <v11:timestamp>${=new java.text.SimpleDateFormat("yyyy-MM-dd'T'HH:mm:ss.SSS").format(new Date())}</v11:timestamp>
         </v1:messageContext>
         <v1:legalContext>ServiceIntegrator</v1:legalContext>
         <v1:request>
            <v1:personNumber>12003001507</v1:personNumber>
         </v1:request>
      </v1:byNationalNumberRequest>
   </soapenv:Body>
</soapenv:Envelope>]]></con:request><con:assertion type="SOAP Fault Assertion" id="1ca14379-7091-479c-9c3f-e90d353c30b1" name="Not SOAP Fault"/><con:assertion type="SOAP Response" id="a637c6e4-b358-4c4d-a201-e613424331d1" name="SOAP Response"/><con:assertion type="Schema Compliance" id="700e5342-45db-46be-a303-3d5f72ae62b6" name="Schema Compliance"><con:configuration/></con:assertion><con:wsaConfig action="http://fidus.brussels/services/architectorderservice/byNationalNumber"/></con:request></con:config></con:testStep><con:properties/></con:testCase><con:testCase id="785be081-f776-4a09-a9aa-ad94c34a0401" failOnError="true" failTestCaseOnErrors="true" keepSession="false" maxResults="0" name="byReferenceNumber" searchProperties="true"><con:settings/><con:testStep type="request" id="b11c1c0c-e390-4625-a18f-2a6eeb853204" name="testcase2 - Dev - Request"><con:settings/><con:config xsi:type="con:RequestStep" xmlns:xsi="http://www.w3.org/2001/XMLSchema-instance"><con:interface>ArchitectOrderServiceHTTPBinding</con:interface><con:operation>byReferenceNumber</con:operation><con:request name="testcase2 - Dev - Request" id="73ccbd2a-cd3e-43a6-a4cc-a8da8b89aa99" outgoingWss="Outflow DEV"><con:settings/><con:encoding>UTF-8</con:encoding><con:endpoint>https://192.168.36.61:8243/services/ArchitectOrderService_v1.0</con:endpoint><con:request><![CDATA[<soapenv:Envelope xmlns:soapenv="http://schemas.xmlsoap.org/soap/envelope/" xmlns:v1="http://fidus.brussels/service/architectorderservice/messages/v1" xmlns:v11="http://fidus.brussels/type/common/messages/v1">
   <soapenv:Header/>
   <soapenv:Body>
      <v1:byReferenceNumberRequest>
         <v1:messageContext>
         	  <v11:messageId>${=import static java.util.UUID.randomUUID; uuid = randomUUID() as String}</v11:messageId>
            <v11:timestamp>${=new java.text.SimpleDateFormat("yyyy-MM-dd'T'HH:mm:ss.SSS").format(new Date())}</v11:timestamp>
         </v1:messageContext>
         <v1:legalContext>ServiceIntegrator</v1:legalContext>
         <v1:request>
            <v1:referenceNumber>2900107</v1:referenceNumber>
         </v1:request>
      </v1:byReferenceNumberRequest>
   </soapenv:Body>
</soapenv:Envelope>]]></con:request><con:assertion type="SOAP Fault Assertion" id="d0e214ac-ed23-4485-9daf-354d68be5555" name="Not SOAP Fault"/><con:assertion type="SOAP Response" id="b6c929b7-8e80-46b2-a96d-90968ef1c36a" name="SOAP Response"/><con:assertion type="Schema Compliance" id="4789ba91-1c95-4dc8-9434-261d79324e34" name="Schema Compliance"><con:configuration/></con:assertion><con:wsaConfig action="http://fidus.brussels/services/architectorderservice/byReferenceNumber"/></con:request></con:config></con:testStep><con:properties/></con:testCase><con:properties/></con:testSuite><con:testSuite id="3e4ef3ac-516a-45be-b1bf-37d699f5dfb1" name="TEST"><con:settings/><con:runType>SEQUENTIAL</con:runType><con:testCase id="ebb0f9a2-f216-4198-854e-333836d2f8be" failOnError="true" failTestCaseOnErrors="true" keepSession="false" maxResults="0" name="byCompanyNumber" searchProperties="true"><con:settings/><con:testStep type="request" id="5e9d4eb8-a445-4ace-a7a1-63019d028670" name="testcase3 - Test - External - Request"><con:settings/><con:config xsi:type="con:RequestStep" xmlns:xsi="http://www.w3.org/2001/XMLSchema-instance"><con:interface>ArchitectOrderServiceHTTPBinding</con:interface><con:operation>byCompanyNumber</con:operation><con:request name="testcase3 - Test - External - Request" id="353a587f-e480-4be8-8794-cd8a62a27941" outgoingWss="Outflow TEST"><con:settings/><con:encoding>UTF-8</con:encoding><con:endpoint>https://fidus-test.irisnetlab.be/services/ArchitectOrderService_v1.0</con:endpoint><con:request><![CDATA[<soapenv:Envelope xmlns:soapenv="http://schemas.xmlsoap.org/soap/envelope/" xmlns:v1="http://fidus.brussels/service/architectorderservice/messages/v1" xmlns:v11="http://fidus.brussels/type/common/messages/v1">
   <soapenv:Header/>
   <soapenv:Body>
      <v1:byCompanyNumberRequest>
         <v1:messageContext>
         	  <v11:messageId>${=import static java.util.UUID.randomUUID; uuid = randomUUID() as String}</v11:messageId>
            <v11:timestamp>${=new java.text.SimpleDateFormat("yyyy-MM-dd'T'HH:mm:ss.SSS").format(new Date())}</v11:timestamp>
         </v1:messageContext>
         <v1:legalContext>ServiceIntegrator</v1:legalContext>
         <v1:request>
            <v1:companyNumber>BE 0535 693 485</v1:companyNumber>
         </v1:request>
      </v1:byCompanyNumberRequest>
   </soapenv:Body>
</soapenv:Envelope>]]></con:request><con:assertion type="SOAP Fault Assertion" id="8e028098-9749-43bb-a33f-034dc681afa5" name="Not SOAP Fault"/><con:assertion type="SOAP Response" id="f9265763-d1c2-4afe-a630-5297c51e4302" name="SOAP Response"/><con:assertion type="Schema Compliance" id="00d98fa4-6480-4ede-bce9-b0954b8b0ba8" name="Schema Compliance"><con:configuration/></con:assertion><con:wsaConfig action="http://fidus.brussels/services/architectorderservice/byCompanyNumber"/></con:request></con:config></con:testStep><con:testStep type="request" id="8d8a8478-6884-483f-b7ea-e603d385e5e1" name="testcase3 - Test - LB - Request"><con:settings/><con:config xsi:type="con:RequestStep" xmlns:xsi="http://www.w3.org/2001/XMLSchema-instance"><con:interface>ArchitectOrderServiceHTTPBinding</con:interface><con:operation>byCompanyNumber</con:operation><con:request name="testcase3 - Test - LB - Request" id="58193b79-f53d-4ca6-8b37-cdfe3d3d4593" outgoingWss="Outflow TEST"><con:settings/><con:encoding>UTF-8</con:encoding><con:endpoint>https://esb-security-gw.sta.srv.cirb.lan:8443/services/ArchitectOrderService_v1.0</con:endpoint><con:request><![CDATA[<soapenv:Envelope xmlns:soapenv="http://schemas.xmlsoap.org/soap/envelope/" xmlns:v1="http://fidus.brussels/service/architectorderservice/messages/v1" xmlns:v11="http://fidus.brussels/type/common/messages/v1">
   <soapenv:Header/>
   <soapenv:Body>
      <v1:byCompanyNumberRequest>
         <v1:messageContext>
         	  <v11:messageId>${=import static java.util.UUID.randomUUID; uuid = randomUUID() as String}</v11:messageId>
            <v11:timestamp>${=new java.text.SimpleDateFormat("yyyy-MM-dd'T'HH:mm:ss.SSS").format(new Date())}</v11:timestamp>
         </v1:messageContext>
         <v1:legalContext>ServiceIntegrator</v1:legalContext>
         <v1:request>
            <v1:companyNumber>BE 0535 693 485</v1:companyNumber>
         </v1:request>
      </v1:byCompanyNumberRequest>
   </soapenv:Body>
</soapenv:Envelope>]]></con:request><con:assertion type="SOAP Fault Assertion" id="640c0800-c17b-4e97-b5c0-9e0dd85152e8" name="Not SOAP Fault"/><con:assertion type="SOAP Response" id="ee84e80b-3875-4a7e-9e3a-5584850ed112" name="SOAP Response"/><con:assertion type="Schema Compliance" id="3cc86354-da11-4195-adfc-c240c8a3a31d" name="Schema Compliance"><con:configuration/></con:assertion><con:wsaConfig action="http://fidus.brussels/services/architectorderservice/byCompanyNumber"/></con:request></con:config></con:testStep><con:testStep type="request" id="caebb5ee-f0d3-4ecc-b5a1-07901af6aa28" name="testcase3 - Test - Worker1 - Request"><con:settings/><con:config xsi:type="con:RequestStep" xmlns:xsi="http://www.w3.org/2001/XMLSchema-instance"><con:interface>ArchitectOrderServiceHTTPBinding</con:interface><con:operation>byCompanyNumber</con:operation><con:request name="testcase3 - Test - Worker1 - Request" id="d84f7d13-15fe-44e0-a0f2-849a7a370699" outgoingWss="Outflow TEST"><con:settings/><con:encoding>UTF-8</con:encoding><con:endpoint>https://192.168.24.45:8443/services/ArchitectOrderService_v1.0</con:endpoint><con:request><![CDATA[<soapenv:Envelope xmlns:soapenv="http://schemas.xmlsoap.org/soap/envelope/" xmlns:v1="http://fidus.brussels/service/architectorderservice/messages/v1" xmlns:v11="http://fidus.brussels/type/common/messages/v1">
   <soapenv:Header/>
   <soapenv:Body>
      <v1:byCompanyNumberRequest>
         <v1:messageContext>
         	  <v11:messageId>${=import static java.util.UUID.randomUUID; uuid = randomUUID() as String}</v11:messageId>
            <v11:timestamp>${=new java.text.SimpleDateFormat("yyyy-MM-dd'T'HH:mm:ss.SSS").format(new Date())}</v11:timestamp>
         </v1:messageContext>
         <v1:legalContext>ServiceIntegrator</v1:legalContext>
         <v1:request>
            <v1:companyNumber>BE 0535 693 485</v1:companyNumber>
         </v1:request>
      </v1:byCompanyNumberRequest>
   </soapenv:Body>
</soapenv:Envelope>]]></con:request><con:assertion type="SOAP Fault Assertion" id="5670db0c-e507-4a81-ba3c-49a2a084e6ae" name="Not SOAP Fault"/><con:assertion type="SOAP Response" id="7e45c6a5-cd1c-46a2-9336-c8af451c2c20" name="SOAP Response"/><con:assertion type="Schema Compliance" id="1ca90d31-56c6-4a85-b99a-ffc50c9920f1" name="Schema Compliance"><con:configuration/></con:assertion><con:wsaConfig action="http://fidus.brussels/services/architectorderservice/byCompanyNumber"/></con:request></con:config></con:testStep><con:testStep type="request" id="0add8752-6a78-4ed5-8066-5996f1711c81" name="testcase3 - Test - Worker2 - Request"><con:settings/><con:config xsi:type="con:RequestStep" xmlns:xsi="http://www.w3.org/2001/XMLSchema-instance"><con:interface>ArchitectOrderServiceHTTPBinding</con:interface><con:operation>byCompanyNumber</con:operation><con:request name="testcase3 - Test - Worker2 - Request" id="d8bab7e3-2a0a-4a50-80fd-633bb67794d5" outgoingWss="Outflow TEST"><con:settings/><con:encoding>UTF-8</con:encoding><con:endpoint>https://192.168.24.51:8443/services/ArchitectOrderService_v1.0</con:endpoint><con:request><![CDATA[<soapenv:Envelope xmlns:soapenv="http://schemas.xmlsoap.org/soap/envelope/" xmlns:v1="http://fidus.brussels/service/architectorderservice/messages/v1" xmlns:v11="http://fidus.brussels/type/common/messages/v1">
   <soapenv:Header/>
   <soapenv:Body>
      <v1:byCompanyNumberRequest>
         <v1:messageContext>
         	  <v11:messageId>${=import static java.util.UUID.randomUUID; uuid = randomUUID() as String}</v11:messageId>
            <v11:timestamp>${=new java.text.SimpleDateFormat("yyyy-MM-dd'T'HH:mm:ss.SSS").format(new Date())}</v11:timestamp>
         </v1:messageContext>
         <v1:legalContext>ServiceIntegrator</v1:legalContext>
         <v1:request>
            <v1:companyNumber>BE 0535 693 485</v1:companyNumber>
         </v1:request>
      </v1:byCompanyNumberRequest>
   </soapenv:Body>
</soapenv:Envelope>]]></con:request><con:assertion type="SOAP Fault Assertion" id="79e21e0c-54e4-4726-a3af-c92ee65e91c0" name="Not SOAP Fault"/><con:assertion type="SOAP Response" id="868a87c1-f7d3-4469-a21a-0780cd6e6348" name="SOAP Response"/><con:assertion type="Schema Compliance" id="e32b37d3-1023-44a9-be77-9d85d7ac5cb3" name="Schema Compliance"><con:configuration/></con:assertion><con:wsaConfig action="http://fidus.brussels/services/architectorderservice/byCompanyNumber"/></con:request></con:config></con:testStep><con:properties/></con:testCase><con:testCase id="9063ed9b-99ff-42f1-a2f9-6c13cd020e67" failOnError="true" failTestCaseOnErrors="true" keepSession="false" maxResults="0" name="byNationalNumber" searchProperties="true"><con:settings/><con:testStep type="request" id="b5f9b496-b962-45af-b7f1-2589b01080c7" name="testcase3 - Test - External - Request"><con:settings/><con:config xsi:type="con:RequestStep" xmlns:xsi="http://www.w3.org/2001/XMLSchema-instance"><con:interface>ArchitectOrderServiceHTTPBinding</con:interface><con:operation>byNationalNumber</con:operation><con:request name="testcase3 - Test - External - Request" id="22654750-c190-4918-a88a-1749bded2973" outgoingWss="Outflow TEST"><con:settings/><con:encoding>UTF-8</con:encoding><con:endpoint>https://fidus-test.irisnetlab.be/services/ArchitectOrderService_v1.0</con:endpoint><con:request><![CDATA[<soapenv:Envelope xmlns:soapenv="http://schemas.xmlsoap.org/soap/envelope/" xmlns:v1="http://fidus.brussels/service/architectorderservice/messages/v1" xmlns:v11="http://fidus.brussels/type/common/messages/v1">
   <soapenv:Header/>
   <soapenv:Body>
      <v1:byNationalNumberRequest>
         <v1:messageContext>
         	  <v11:messageId>${=import static java.util.UUID.randomUUID; uuid = randomUUID() as String}</v11:messageId>
            <v11:timestamp>${=new java.text.SimpleDateFormat("yyyy-MM-dd'T'HH:mm:ss.SSS").format(new Date())}</v11:timestamp>
         </v1:messageContext>
         <v1:legalContext>ServiceIntegrator</v1:legalContext>
         <v1:request>
            <v1:personNumber>86051242982</v1:personNumber>
         </v1:request>
      </v1:byNationalNumberRequest>
   </soapenv:Body>
</soapenv:Envelope>]]></con:request><con:assertion type="SOAP Fault Assertion" id="93e27e45-f3bb-40ea-9565-1bea4ed099b4" name="Not SOAP Fault"/><con:assertion type="SOAP Response" id="c363d78d-df92-4c37-8724-733d4c69cf4c" name="SOAP Response"/><con:assertion type="Schema Compliance" id="318ac820-43db-47eb-aa66-6b54cc939ef0" name="Schema Compliance"><con:configuration/></con:assertion><con:wsaConfig action="http://fidus.brussels/services/architectorderservice/byNationalNumber"/></con:request></con:config></con:testStep><con:testStep type="request" id="04a86b4f-0b7a-4faf-bea4-7fc5bcad602e" name="testcase3 - Test - LB - Request"><con:settings/><con:config xsi:type="con:RequestStep" xmlns:xsi="http://www.w3.org/2001/XMLSchema-instance"><con:interface>ArchitectOrderServiceHTTPBinding</con:interface><con:operation>byNationalNumber</con:operation><con:request name="testcase3 - Test - LB - Request" id="28cbc253-2b4c-43b3-9764-0e0ca4efabee" outgoingWss="Outflow TEST"><con:settings/><con:encoding>UTF-8</con:encoding><con:endpoint>https://esb-security-gw.sta.srv.cirb.lan:8443/services/ArchitectOrderService_v1.0</con:endpoint><con:request><![CDATA[<soapenv:Envelope xmlns:soapenv="http://schemas.xmlsoap.org/soap/envelope/" xmlns:v1="http://fidus.brussels/service/architectorderservice/messages/v1" xmlns:v11="http://fidus.brussels/type/common/messages/v1">
   <soapenv:Header/>
   <soapenv:Body>
      <v1:byNationalNumberRequest>
         <v1:messageContext>
         	  <v11:messageId>${=import static java.util.UUID.randomUUID; uuid = randomUUID() as String}</v11:messageId>
            <v11:timestamp>${=new java.text.SimpleDateFormat("yyyy-MM-dd'T'HH:mm:ss.SSS").format(new Date())}</v11:timestamp>
         </v1:messageContext>
         <v1:legalContext>ServiceIntegrator</v1:legalContext>
         <v1:request>
            <v1:personNumber>86051242982</v1:personNumber>
         </v1:request>
      </v1:byNationalNumberRequest>
   </soapenv:Body>
</soapenv:Envelope>]]></con:request><con:assertion type="SOAP Fault Assertion" id="4c8951c5-bc8e-4501-ae39-9095baf09e72" name="Not SOAP Fault"/><con:assertion type="SOAP Response" id="8bd2fbba-ec1d-416e-9538-fc72848780d4" name="SOAP Response"/><con:assertion type="Schema Compliance" id="0afb1e2e-4e11-4098-845d-eb586e98ad01" name="Schema Compliance"><con:configuration/></con:assertion><con:wsaConfig action="http://fidus.brussels/services/architectorderservice/byNationalNumber"/></con:request></con:config></con:testStep><con:testStep type="request" id="52e2728d-e974-4e6e-876a-876039fbd5a6" name="testcase3 - Test - Worker1 - Request"><con:settings/><con:config xsi:type="con:RequestStep" xmlns:xsi="http://www.w3.org/2001/XMLSchema-instance"><con:interface>ArchitectOrderServiceHTTPBinding</con:interface><con:operation>byNationalNumber</con:operation><con:request name="testcase3 - Test - Worker1 - Request" id="1fb171c4-7db1-4d61-b580-5854bd04c588" outgoingWss="Outflow TEST"><con:settings/><con:encoding>UTF-8</con:encoding><con:endpoint>https://192.168.24.45:8443/services/ArchitectOrderService_v1.0</con:endpoint><con:request><![CDATA[<soapenv:Envelope xmlns:soapenv="http://schemas.xmlsoap.org/soap/envelope/" xmlns:v1="http://fidus.brussels/service/architectorderservice/messages/v1" xmlns:v11="http://fidus.brussels/type/common/messages/v1">
   <soapenv:Header/>
   <soapenv:Body>
      <v1:byNationalNumberRequest>
         <v1:messageContext>
         	  <v11:messageId>${=import static java.util.UUID.randomUUID; uuid = randomUUID() as String}</v11:messageId>
            <v11:timestamp>${=new java.text.SimpleDateFormat("yyyy-MM-dd'T'HH:mm:ss.SSS").format(new Date())}</v11:timestamp>
         </v1:messageContext>
         <v1:legalContext>NovaUser</v1:legalContext>
         <v1:request>
            <v1:personNumber>86051242982</v1:personNumber>
         </v1:request>
      </v1:byNationalNumberRequest>
   </soapenv:Body>
</soapenv:Envelope>]]></con:request><con:assertion type="SOAP Fault Assertion" id="c76df570-1850-4417-902c-da493cc6340b" name="Not SOAP Fault"/><con:assertion type="SOAP Response" id="51fdddb8-29d5-4534-a787-c640a70b77bf" name="SOAP Response"/><con:assertion type="Schema Compliance" id="15f9de9b-36d4-4e0f-9281-b8cd89ee5d5e" name="Schema Compliance"><con:configuration/></con:assertion><con:wsaConfig action="http://fidus.brussels/services/architectorderservice/byNationalNumber"/></con:request></con:config></con:testStep><con:testStep type="request" id="b17c0b29-6a6f-45b9-ae8f-4243096d3924" name="testcase3 - Test - Worker2 - Request"><con:settings/><con:config xsi:type="con:RequestStep" xmlns:xsi="http://www.w3.org/2001/XMLSchema-instance"><con:interface>ArchitectOrderServiceHTTPBinding</con:interface><con:operation>byNationalNumber</con:operation><con:request name="testcase3 - Test - Worker2 - Request" id="881a8fb2-1d2e-4949-8359-7ba65d60e808" outgoingWss="Outflow TEST"><con:settings/><con:encoding>UTF-8</con:encoding><con:endpoint>https://192.168.24.51:8443/services/ArchitectOrderService_v1.0</con:endpoint><con:request><![CDATA[<soapenv:Envelope xmlns:soapenv="http://schemas.xmlsoap.org/soap/envelope/" xmlns:v1="http://fidus.brussels/service/architectorderservice/messages/v1" xmlns:v11="http://fidus.brussels/type/common/messages/v1">
   <soapenv:Header/>
   <soapenv:Body>
      <v1:byNationalNumberRequest>
         <v1:messageContext>
         	  <v11:messageId>${=import static java.util.UUID.randomUUID; uuid = randomUUID() as String}</v11:messageId>
            <v11:timestamp>${=new java.text.SimpleDateFormat("yyyy-MM-dd'T'HH:mm:ss.SSS").format(new Date())}</v11:timestamp>
         </v1:messageContext>
         <v1:legalContext>ServiceIntegrator</v1:legalContext>
         <v1:request>
            <v1:personNumber>86051242982</v1:personNumber>
         </v1:request>
      </v1:byNationalNumberRequest>
   </soapenv:Body>
</soapenv:Envelope>]]></con:request><con:assertion type="SOAP Fault Assertion" id="1ea8c732-a3a3-42b3-a183-8f9cc60bbd42" name="Not SOAP Fault"/><con:assertion type="SOAP Response" id="8efd75b0-63db-4d22-9eec-2f01c41f794b" name="SOAP Response"/><con:assertion type="Schema Compliance" id="dfd029d9-ea87-485c-880b-1e0a11664a4b" name="Schema Compliance"><con:configuration/></con:assertion><con:wsaConfig action="http://fidus.brussels/services/architectorderservice/byNationalNumber"/></con:request></con:config></con:testStep><con:properties/></con:testCase><con:testCase id="d107aae5-dc16-4211-949b-5ead6741752e" failOnError="true" failTestCaseOnErrors="true" keepSession="false" maxResults="0" name="byReferenceNumber" searchProperties="true"><con:settings/><con:testStep type="request" id="6c010409-4fcd-45aa-8658-fa9e1ade73ff" name="testcase3 - Test - External - Request"><con:settings/><con:config xsi:type="con:RequestStep" xmlns:xsi="http://www.w3.org/2001/XMLSchema-instance"><con:interface>ArchitectOrderServiceHTTPBinding</con:interface><con:operation>byReferenceNumber</con:operation><con:request name="testcase3 - Test - External - Request" id="b992ccc8-6087-4f36-b1fd-19d37dbfba98" outgoingWss="Outflow TEST"><con:settings/><con:encoding>UTF-8</con:encoding><con:endpoint>https://fidus-test.irisnetlab.be/services/ArchitectOrderService_v1.0</con:endpoint><con:request><![CDATA[<soapenv:Envelope xmlns:soapenv="http://schemas.xmlsoap.org/soap/envelope/" xmlns:v1="http://fidus.brussels/service/architectorderservice/messages/v1" xmlns:v11="http://fidus.brussels/type/common/messages/v1">
   <soapenv:Header/>
   <soapenv:Body>
      <v1:byReferenceNumberRequest>
         <v1:messageContext>
         	  <v11:messageId>${=import static java.util.UUID.randomUUID; uuid = randomUUID() as String}</v11:messageId>
            <v11:timestamp>${=new java.text.SimpleDateFormat("yyyy-MM-dd'T'HH:mm:ss.SSS").format(new Date())}</v11:timestamp>
         </v1:messageContext>
         <v1:legalContext>NovaUser</v1:legalContext>
         <v1:request>
            <v1:referenceNumber>2900107</v1:referenceNumber>
         </v1:request>
      </v1:byReferenceNumberRequest>
   </soapenv:Body>
</soapenv:Envelope>]]></con:request><con:assertion type="SOAP Fault Assertion" id="94964a72-8dbd-4336-bac0-e285ea713a65" name="Not SOAP Fault"/><con:assertion type="SOAP Response" id="db418671-de35-4894-8be6-5b3c86ec2b1a" name="SOAP Response"/><con:assertion type="Schema Compliance" id="50f20db4-ea83-469d-abaa-940eea746702" name="Schema Compliance"><con:configuration/></con:assertion><con:wsaConfig action="http://fidus.brussels/services/architectorderservice/byReferenceNumber"/></con:request></con:config></con:testStep><con:testStep type="request" id="1c884074-e2dd-46a2-a77c-b5c43f2ec093" name="testcase3 - Test - LB - Request"><con:settings/><con:config xsi:type="con:RequestStep" xmlns:xsi="http://www.w3.org/2001/XMLSchema-instance"><con:interface>ArchitectOrderServiceHTTPBinding</con:interface><con:operation>byReferenceNumber</con:operation><con:request name="testcase3 - Test - LB - Request" id="7baccc7e-3668-48a3-b483-9ad8e361f3e2" outgoingWss="Outflow TEST"><con:settings/><con:encoding>UTF-8</con:encoding><con:endpoint>https://esb-security-gw.sta.srv.cirb.lan:8443/services/ArchitectOrderService_v1.0</con:endpoint><con:request><![CDATA[<soapenv:Envelope xmlns:soapenv="http://schemas.xmlsoap.org/soap/envelope/" xmlns:v1="http://fidus.brussels/service/architectorderservice/messages/v1" xmlns:v11="http://fidus.brussels/type/common/messages/v1">
   <soapenv:Header/>
   <soapenv:Body>
      <v1:byReferenceNumberRequest>
         <v1:messageContext>
         	  <v11:messageId>${=import static java.util.UUID.randomUUID; uuid = randomUUID() as String}</v11:messageId>
            <v11:timestamp>${=new java.text.SimpleDateFormat("yyyy-MM-dd'T'HH:mm:ss.SSS").format(new Date())}</v11:timestamp>
         </v1:messageContext>
         <v1:legalContext>ServiceIntegrator</v1:legalContext>
         <v1:request>
            <v1:referenceNumber>2900107</v1:referenceNumber>
         </v1:request>
      </v1:byReferenceNumberRequest>
   </soapenv:Body>
</soapenv:Envelope>]]></con:request><con:assertion type="SOAP Fault Assertion" id="ca978d5c-be8e-41ac-ab2e-a2685b632233" name="Not SOAP Fault"/><con:assertion type="SOAP Response" id="cf76984c-7937-4104-8bff-134a9046ecd0" name="SOAP Response"/><con:assertion type="Schema Compliance" id="aea0bdef-f769-4c93-8cb9-90d0fc1e8c26" name="Schema Compliance"><con:configuration/></con:assertion><con:wsaConfig action="http://fidus.brussels/services/architectorderservice/byReferenceNumber"/></con:request></con:config></con:testStep><con:testStep type="request" id="ff94d840-e987-48f5-9214-5fc89ea380eb" name="testcase3 - Test - Worker1 - Request"><con:settings/><con:config xsi:type="con:RequestStep" xmlns:xsi="http://www.w3.org/2001/XMLSchema-instance"><con:interface>ArchitectOrderServiceHTTPBinding</con:interface><con:operation>byReferenceNumber</con:operation><con:request name="testcase3 - Test - Worker1 - Request" id="788061b6-dd8d-49f6-abb4-fc80880dde54" outgoingWss="Outflow TEST"><con:settings/><con:encoding>UTF-8</con:encoding><con:endpoint>https://192.168.24.45:8443/services/ArchitectOrderService_v1.0</con:endpoint><con:request><![CDATA[<soapenv:Envelope xmlns:soapenv="http://schemas.xmlsoap.org/soap/envelope/" xmlns:v1="http://fidus.brussels/service/architectorderservice/messages/v1" xmlns:v11="http://fidus.brussels/type/common/messages/v1">
   <soapenv:Header/>
   <soapenv:Body>
      <v1:byReferenceNumberRequest>
         <v1:messageContext>
         	  <v11:messageId>${=import static java.util.UUID.randomUUID; uuid = randomUUID() as String}</v11:messageId>
            <v11:timestamp>${=new java.text.SimpleDateFormat("yyyy-MM-dd'T'HH:mm:ss.SSS").format(new Date())}</v11:timestamp>
         </v1:messageContext>
         <v1:legalContext>NovaUser</v1:legalContext>
         <v1:request>
            <v1:referenceNumber>2900107</v1:referenceNumber>
         </v1:request>
      </v1:byReferenceNumberRequest>
   </soapenv:Body>
</soapenv:Envelope>]]></con:request><con:assertion type="SOAP Fault Assertion" id="382b7b87-5f5f-47e4-b552-e4e371f9dcdb" name="Not SOAP Fault"/><con:assertion type="SOAP Response" id="c8f67c50-89d7-4160-91c4-1bf0d7d953c8" name="SOAP Response"/><con:assertion type="Schema Compliance" id="149837d3-cc53-4367-865c-22a356473cf9" name="Schema Compliance"><con:configuration/></con:assertion><con:wsaConfig action="http://fidus.brussels/services/architectorderservice/byReferenceNumber"/></con:request></con:config></con:testStep><con:testStep type="request" id="bd3597f8-79e6-4ea5-b2d6-0ffded3b9d83" name="testcase3 - Test - Worker2 - Request"><con:settings/><con:config xsi:type="con:RequestStep" xmlns:xsi="http://www.w3.org/2001/XMLSchema-instance"><con:interface>ArchitectOrderServiceHTTPBinding</con:interface><con:operation>byReferenceNumber</con:operation><con:request name="testcase3 - Test - Worker2 - Request" id="96c85d78-8fa1-4c6c-8ed2-57bd4545c068" outgoingWss="Outflow TEST"><con:settings/><con:encoding>UTF-8</con:encoding><con:endpoint>https://192.168.24.51:8443/services/ArchitectOrderService_v1.0</con:endpoint><con:request><![CDATA[<soapenv:Envelope xmlns:soapenv="http://schemas.xmlsoap.org/soap/envelope/" xmlns:v1="http://fidus.brussels/service/architectorderservice/messages/v1" xmlns:v11="http://fidus.brussels/type/common/messages/v1">
   <soapenv:Header/>
   <soapenv:Body>
      <v1:byReferenceNumberRequest>
         <v1:messageContext>
         	  <v11:messageId>${=import static java.util.UUID.randomUUID; uuid = randomUUID() as String}</v11:messageId>
            <v11:timestamp>${=new java.text.SimpleDateFormat("yyyy-MM-dd'T'HH:mm:ss.SSS").format(new Date())}</v11:timestamp>
         </v1:messageContext>
         <v1:legalContext>ServiceIntegrator</v1:legalContext>
         <v1:request>
            <v1:referenceNumber>2900107</v1:referenceNumber>
         </v1:request>
      </v1:byReferenceNumberRequest>
   </soapenv:Body>
</soapenv:Envelope>]]></con:request><con:assertion type="SOAP Fault Assertion" id="95598a87-258b-44fb-b3e2-7eba0215078f" name="Not SOAP Fault"/><con:assertion type="SOAP Response" id="cf419004-be8b-411f-9590-53746cfc7b3f" name="SOAP Response"/><con:assertion type="Schema Compliance" id="b11bd296-62bf-4927-aec9-6f07687ead6e" name="Schema Compliance"><con:configuration/></con:assertion><con:wsaConfig action="http://fidus.brussels/services/architectorderservice/byReferenceNumber"/></con:request></con:config></con:testStep><con:properties/></con:testCase><con:properties/></con:testSuite><con:testSuite id="bda5d973-4695-415b-93ba-0307b8f8032e" name="STAG"><con:settings/><con:runType>SEQUENTIAL</con:runType><con:testCase id="b033db9b-5d82-4e74-91b3-76cf72625bad" failOnError="true" failTestCaseOnErrors="true" keepSession="false" maxResults="0" name="byCompanyNumber" searchProperties="true"><con:settings/><con:testStep type="request" id="21ed7656-f452-44be-8397-b22d6df27aee" name="testcase4 - Staging - External - Request"><con:settings/><con:config xsi:type="con:RequestStep" xmlns:xsi="http://www.w3.org/2001/XMLSchema-instance"><con:interface>ArchitectOrderServiceHTTPBinding</con:interface><con:operation>byCompanyNumber</con:operation><con:request name="testcase4 - Staging - External - Request" id="b9432562-b140-4f74-a831-970863e82294" outgoingWss="Outflow STAG"><con:settings/><con:encoding>UTF-8</con:encoding><con:endpoint>https://fidus.irisnetlab.be/services/ArchitectOrderService_v1.0</con:endpoint><con:request><![CDATA[<soapenv:Envelope xmlns:soapenv="http://schemas.xmlsoap.org/soap/envelope/" xmlns:v1="http://fidus.brussels/service/architectorderservice/messages/v1" xmlns:v11="http://fidus.brussels/type/common/messages/v1">
   <soapenv:Header/>
   <soapenv:Body>
      <v1:byCompanyNumberRequest>
         <v1:messageContext>
         	  <v11:messageId>${=import static java.util.UUID.randomUUID; uuid = randomUUID() as String}</v11:messageId>
            <v11:timestamp>${=new java.text.SimpleDateFormat("yyyy-MM-dd'T'HH:mm:ss.SSS").format(new Date())}</v11:timestamp>
         </v1:messageContext>
         <v1:legalContext>ServiceIntegrator</v1:legalContext>
         <v1:request>
            <v1:companyNumber>BE 0535 693 485</v1:companyNumber>
         </v1:request>
      </v1:byCompanyNumberRequest>
   </soapenv:Body>
</soapenv:Envelope>]]></con:request><con:assertion type="SOAP Fault Assertion" id="e4dab695-6168-4951-9533-fcc6412ebcfc" name="Not SOAP Fault"/><con:assertion type="SOAP Response" id="6f9e43f4-3ff3-4db0-bf07-939b72598b5c" name="SOAP Response"/><con:assertion type="Schema Compliance" id="12632cf4-c7c2-46eb-8620-0b8053988bf4" name="Schema Compliance"><con:configuration/></con:assertion><con:wsaConfig action="http://fidus.brussels/services/architectorderservice/byCompanyNumber"/></con:request></con:config></con:testStep><con:testStep type="request" id="42bd68a4-3082-4a23-834e-5be54cde580a" name="testcase4 - Staging - LB - Request"><con:settings/><con:config xsi:type="con:RequestStep" xmlns:xsi="http://www.w3.org/2001/XMLSchema-instance"><con:interface>ArchitectOrderServiceHTTPBinding</con:interface><con:operation>byCompanyNumber</con:operation><con:request name="testcase4 - Staging - LB - Request" id="690aa06c-a57c-473d-a753-eb336397f68a" outgoingWss="Outflow STAG"><con:settings/><con:encoding>UTF-8</con:encoding><con:endpoint>https://fidus-esb-sg.sta.srv.cirb.lan:8443/services/ArchitectOrderService_v1.0</con:endpoint><con:request><![CDATA[<soapenv:Envelope xmlns:soapenv="http://schemas.xmlsoap.org/soap/envelope/" xmlns:v1="http://fidus.brussels/service/architectorderservice/messages/v1" xmlns:v11="http://fidus.brussels/type/common/messages/v1">
   <soapenv:Header/>
   <soapenv:Body>
      <v1:byCompanyNumberRequest>
         <v1:messageContext>
         	  <v11:messageId>${=import static java.util.UUID.randomUUID; uuid = randomUUID() as String}</v11:messageId>
            <v11:timestamp>${=new java.text.SimpleDateFormat("yyyy-MM-dd'T'HH:mm:ss.SSS").format(new Date())}</v11:timestamp>
         </v1:messageContext>
         <v1:legalContext>ServiceIntegrator</v1:legalContext>
         <v1:request>
            <v1:companyNumber>BE 0535 693 485</v1:companyNumber>
         </v1:request>
      </v1:byCompanyNumberRequest>
   </soapenv:Body>
</soapenv:Envelope>]]></con:request><con:assertion type="SOAP Fault Assertion" id="cfbde041-bfda-4cf8-958c-c996624a93a3" name="Not SOAP Fault"/><con:assertion type="SOAP Response" id="c2be3b9a-2a9e-4b90-9e6b-998148209c6c" name="SOAP Response"/><con:assertion type="Schema Compliance" id="728af7a4-6725-4ea7-a334-99c3956b648b" name="Schema Compliance"><con:configuration/></con:assertion><con:wsaConfig action="http://fidus.brussels/services/architectorderservice/byCompanyNumber"/></con:request></con:config></con:testStep><con:testStep type="request" id="8b70cc44-f69f-419f-b70c-6a4499d34589" name="testcase4 - Staging - Worker1 - Request"><con:settings/><con:config xsi:type="con:RequestStep" xmlns:xsi="http://www.w3.org/2001/XMLSchema-instance"><con:interface>ArchitectOrderServiceHTTPBinding</con:interface><con:operation>byCompanyNumber</con:operation><con:request name="testcase4 - Staging - Worker1 - Request" id="7f422c32-e263-4791-bb38-f3e383003a09" outgoingWss="Outflow STAG"><con:settings/><con:encoding>UTF-8</con:encoding><con:endpoint>https://192.168.24.57:8443/services/ArchitectOrderService_v1.0</con:endpoint><con:request><![CDATA[<soapenv:Envelope xmlns:soapenv="http://schemas.xmlsoap.org/soap/envelope/" xmlns:v1="http://fidus.brussels/service/architectorderservice/messages/v1" xmlns:v11="http://fidus.brussels/type/common/messages/v1">
   <soapenv:Header/>
   <soapenv:Body>
      <v1:byCompanyNumberRequest>
         <v1:messageContext>
         	  <v11:messageId>${=import static java.util.UUID.randomUUID; uuid = randomUUID() as String}</v11:messageId>
            <v11:timestamp>${=new java.text.SimpleDateFormat("yyyy-MM-dd'T'HH:mm:ss.SSS").format(new Date())}</v11:timestamp>
         </v1:messageContext>
         <v1:legalContext>ServiceIntegrator</v1:legalContext>
         <v1:request>
            <v1:companyNumber>BE 0535 693 485</v1:companyNumber>
         </v1:request>
      </v1:byCompanyNumberRequest>
   </soapenv:Body>
</soapenv:Envelope>]]></con:request><con:assertion type="SOAP Fault Assertion" id="fb5889ad-2f41-42ae-bd97-2be75185060c" name="Not SOAP Fault"/><con:assertion type="SOAP Response" id="6643a01c-3521-4c40-a77e-8db22b1cfa84" name="SOAP Response"/><con:assertion type="Schema Compliance" id="16cf5c24-221d-44f2-831a-d151ca87abb1" name="Schema Compliance"><con:configuration/></con:assertion><con:wsaConfig action="http://fidus.brussels/services/architectorderservice/byCompanyNumber"/></con:request></con:config></con:testStep><con:testStep type="request" id="6cdfa26e-c2d1-4244-8b60-2135faec1619" name="testcase4 - Staging - Worker2 - Request"><con:settings/><con:config xsi:type="con:RequestStep" xmlns:xsi="http://www.w3.org/2001/XMLSchema-instance"><con:interface>ArchitectOrderServiceHTTPBinding</con:interface><con:operation>byCompanyNumber</con:operation><con:request name="testcase4 - Staging - Worker2 - Request" id="30e107f9-97f0-42a7-a01d-024fd73b5b30" outgoingWss="Outflow STAG"><con:settings/><con:encoding>UTF-8</con:encoding><con:endpoint>https://192.168.24.64:8443/services/ArchitectOrderService_v1.0</con:endpoint><con:request><![CDATA[<soapenv:Envelope xmlns:soapenv="http://schemas.xmlsoap.org/soap/envelope/" xmlns:v1="http://fidus.brussels/service/architectorderservice/messages/v1" xmlns:v11="http://fidus.brussels/type/common/messages/v1">
   <soapenv:Header/>
   <soapenv:Body>
      <v1:byCompanyNumberRequest>
         <v1:messageContext>
         	  <v11:messageId>${=import static java.util.UUID.randomUUID; uuid = randomUUID() as String}</v11:messageId>
            <v11:timestamp>${=new java.text.SimpleDateFormat("yyyy-MM-dd'T'HH:mm:ss.SSS").format(new Date())}</v11:timestamp>
         </v1:messageContext>
         <v1:legalContext>ServiceIntegrator</v1:legalContext>
         <v1:request>
            <v1:companyNumber>BE 0535 693 485</v1:companyNumber>
         </v1:request>
      </v1:byCompanyNumberRequest>
   </soapenv:Body>
</soapenv:Envelope>]]></con:request><con:assertion type="SOAP Fault Assertion" id="500f5634-7fbf-49fc-9c98-e02981272d30" name="Not SOAP Fault"/><con:assertion type="SOAP Response" id="c4c9956c-f846-44f7-bf9b-139edf659ed6" name="SOAP Response"/><con:assertion type="Schema Compliance" id="0c7ec967-1084-48a2-bc7c-5c64b3c30903" name="Schema Compliance"><con:configuration/></con:assertion><con:wsaConfig action="http://fidus.brussels/services/architectorderservice/byCompanyNumber"/></con:request></con:config></con:testStep><con:properties/></con:testCase><con:properties/></con:testSuite><con:testSuite id="b17bcc55-e08d-430e-99f4-5516b60c07f2" name="PROD"><con:settings/><con:runType>SEQUENTIAL</con:runType><con:testCase id="affdd003-087f-401f-8bb6-debee67cc120" failOnError="true" failTestCaseOnErrors="true" keepSession="false" maxResults="0" name="byCompanyNumber" searchProperties="true"><con:settings/><con:testStep type="request" id="f6b59d37-0fdb-494f-8a77-07a5f8da71f9" name="testcase5 - Prod - External - Request"><con:settings/><con:config xsi:type="con:RequestStep" xmlns:xsi="http://www.w3.org/2001/XMLSchema-instance"><con:interface>ArchitectOrderServiceHTTPBinding</con:interface><con:operation>byCompanyNumber</con:operation><con:request name="testcase5 - Prod - External - Request" id="c2678984-49d1-400c-b41e-eabadd7993d1" outgoingWss="Outflow PROD"><con:settings/><con:encoding>UTF-8</con:encoding><con:endpoint>https://fidus.sec.brussels/services/ArchitectOrderService_v1.0</con:endpoint><con:request><![CDATA[<soapenv:Envelope xmlns:soapenv="http://schemas.xmlsoap.org/soap/envelope/" xmlns:v1="http://fidus.brussels/service/architectorderservice/messages/v1" xmlns:v11="http://fidus.brussels/type/common/messages/v1">
   <soapenv:Header/>
   <soapenv:Body>
      <v1:byCompanyNumberRequest>
         <v1:messageContext>
         	  <v11:messageId>${=import static java.util.UUID.randomUUID; uuid = randomUUID() as String}</v11:messageId>
            <v11:timestamp>${=new java.text.SimpleDateFormat("yyyy-MM-dd'T'HH:mm:ss.SSS").format(new Date())}</v11:timestamp>
         </v1:messageContext>
         <v1:legalContext>ServiceIntegrator</v1:legalContext>
         <v1:request>
            <v1:companyNumber>BE 0535 693 485</v1:companyNumber>
         </v1:request>
      </v1:byCompanyNumberRequest>
   </soapenv:Body>
</soapenv:Envelope>]]></con:request><con:assertion type="SOAP Fault Assertion" id="6ba4eb39-922d-4990-888b-1ad502902052" name="Not SOAP Fault"/><con:assertion type="SOAP Response" id="df938944-f933-47d4-9b5f-97a6511a8135" name="SOAP Response"/><con:assertion type="Schema Compliance" id="8dbc6175-fb48-42a1-a360-5ea50e25d0e3" name="Schema Compliance"><con:configuration/></con:assertion><con:wsaConfig action="http://fidus.brussels/services/architectorderservice/byCompanyNumber"/></con:request></con:config></con:testStep><con:testStep type="request" id="614361d5-3b47-491f-a070-13d6e5112d20" name="testcase5 - Prod - LB - Request"><con:settings/><con:config xsi:type="con:RequestStep" xmlns:xsi="http://www.w3.org/2001/XMLSchema-instance"><con:interface>ArchitectOrderServiceHTTPBinding</con:interface><con:operation>byCompanyNumber</con:operation><con:request name="testcase5 - Prod - LB - Request" id="29751d89-52c9-4d66-8750-22c199875681" outgoingWss="Outflow PROD"><con:settings/><con:encoding>UTF-8</con:encoding><con:endpoint>https://fidus-esb-sg.prd.srv.cirb.lan:8443/services/ArchitectOrderService_v1.0</con:endpoint><con:request><![CDATA[<soapenv:Envelope xmlns:soapenv="http://schemas.xmlsoap.org/soap/envelope/" xmlns:v1="http://fidus.brussels/service/architectorderservice/messages/v1" xmlns:v11="http://fidus.brussels/type/common/messages/v1">
   <soapenv:Header/>
   <soapenv:Body>
      <v1:byCompanyNumberRequest>
         <v1:messageContext>
         	  <v11:messageId>${=import static java.util.UUID.randomUUID; uuid = randomUUID() as String}</v11:messageId>
            <v11:timestamp>${=new java.text.SimpleDateFormat("yyyy-MM-dd'T'HH:mm:ss.SSS").format(new Date())}</v11:timestamp>
         </v1:messageContext>
         <v1:legalContext>ServiceIntegrator</v1:legalContext>
         <v1:request>
            <v1:companyNumber>BE 0535 693 485</v1:companyNumber>
         </v1:request>
      </v1:byCompanyNumberRequest>
   </soapenv:Body>
</soapenv:Envelope>]]></con:request><con:assertion type="SOAP Fault Assertion" id="b329a6d8-389a-484e-b3f9-935933919df1" name="Not SOAP Fault"/><con:assertion type="SOAP Response" id="184c0466-f5f2-400f-8ba6-56e317790593" name="SOAP Response"/><con:assertion type="Schema Compliance" id="8033efbd-be52-4bb6-b64e-44af73905a31" name="Schema Compliance"><con:configuration/></con:assertion><con:wsaConfig action="http://fidus.brussels/services/architectorderservice/byCompanyNumber"/></con:request></con:config></con:testStep><con:testStep type="request" id="32235906-03fe-48c4-bb6d-ec4fbed07f37" name="testcase5 - Prod - Worker1 - Request"><con:settings/><con:config xsi:type="con:RequestStep" xmlns:xsi="http://www.w3.org/2001/XMLSchema-instance"><con:interface>ArchitectOrderServiceHTTPBinding</con:interface><con:operation>byCompanyNumber</con:operation><con:request name="testcase5 - Prod - Worker1 - Request" id="8c788329-3642-41b7-b213-eaea73781584" outgoingWss="Outflow PROD"><con:settings/><con:encoding>UTF-8</con:encoding><con:endpoint>https://192.168.26.22:8443/services/ArchitectOrderService_v1.0</con:endpoint><con:request><![CDATA[<soapenv:Envelope xmlns:soapenv="http://schemas.xmlsoap.org/soap/envelope/" xmlns:v1="http://fidus.brussels/service/architectorderservice/messages/v1" xmlns:v11="http://fidus.brussels/type/common/messages/v1">
   <soapenv:Header/>
   <soapenv:Body>
      <v1:byCompanyNumberRequest>
         <v1:messageContext>
         	  <v11:messageId>${=import static java.util.UUID.randomUUID; uuid = randomUUID() as String}</v11:messageId>
            <v11:timestamp>${=new java.text.SimpleDateFormat("yyyy-MM-dd'T'HH:mm:ss.SSS").format(new Date())}</v11:timestamp>
         </v1:messageContext>
         <v1:legalContext>ServiceIntegrator</v1:legalContext>
         <v1:request>
            <v1:companyNumber>BE 0535 693 485</v1:companyNumber>
         </v1:request>
      </v1:byCompanyNumberRequest>
   </soapenv:Body>
</soapenv:Envelope>]]></con:request><con:assertion type="SOAP Fault Assertion" id="91addbe6-2164-410f-a792-c302b64e4417" name="Not SOAP Fault"/><con:assertion type="SOAP Response" id="12755ca3-f1d4-4f1f-ae69-280583d57c2a" name="SOAP Response"/><con:assertion type="Schema Compliance" id="c40cc806-765f-476e-8090-822da331a07c" name="Schema Compliance"><con:configuration/></con:assertion><con:wsaConfig action="http://fidus.brussels/services/architectorderservice/byCompanyNumber"/></con:request></con:config></con:testStep><con:testStep type="request" id="1c9f7e2c-d54c-4188-b979-824513ec0a32" name="testcase5 - Prod - Worker2 - Request"><con:settings/><con:config xsi:type="con:RequestStep" xmlns:xsi="http://www.w3.org/2001/XMLSchema-instance"><con:interface>ArchitectOrderServiceHTTPBinding</con:interface><con:operation>byCompanyNumber</con:operation><con:request name="testcase5 - Prod - Worker2 - Request" id="9ddf811e-b641-4eb6-9c36-d3b973fc33f9" outgoingWss="Outflow PROD"><con:settings/><con:encoding>UTF-8</con:encoding><con:endpoint>https://192.168.26.19:8443/services/ArchitectOrderService_v1.0</con:endpoint><con:request><![CDATA[<soapenv:Envelope xmlns:soapenv="http://schemas.xmlsoap.org/soap/envelope/" xmlns:v1="http://fidus.brussels/service/architectorderservice/messages/v1" xmlns:v11="http://fidus.brussels/type/common/messages/v1">
   <soapenv:Header/>
   <soapenv:Body>
      <v1:byCompanyNumberRequest>
         <v1:messageContext>
         	  <v11:messageId>${=import static java.util.UUID.randomUUID; uuid = randomUUID() as String}</v11:messageId>
            <v11:timestamp>${=new java.text.SimpleDateFormat("yyyy-MM-dd'T'HH:mm:ss.SSS").format(new Date())}</v11:timestamp>
         </v1:messageContext>
         <v1:legalContext>ServiceIntegrator</v1:legalContext>
         <v1:request>
            <v1:companyNumber>BE 0535 693 485</v1:companyNumber>
         </v1:request>
      </v1:byCompanyNumberRequest>
   </soapenv:Body>
</soapenv:Envelope>]]></con:request><con:assertion type="SOAP Fault Assertion" id="8bc55315-2f7e-45b2-ad61-a780c513b4ff" name="Not SOAP Fault"/><con:assertion type="SOAP Response" id="bc542116-a7ed-4489-ae1b-d845a9cd9c74" name="SOAP Response"/><con:assertion type="Schema Compliance" id="bd6c04ca-649d-4060-93c6-61590bd334ec" name="Schema Compliance"><con:configuration/></con:assertion><con:wsaConfig action="http://fidus.brussels/services/architectorderservice/byCompanyNumber"/></con:request></con:config></con:testStep><con:properties/></con:testCase><con:properties/></con:testSuite><con:properties/>
  <con:wssContainer>
    
    
    
    
    
    
    
    
    
    
    
    
    
    
    
    
  <con:crypto><con:source>data/wso2/keystores/user-rajarshi.jks</con:source><con:password>test@fidus01</con:password><con:type>KEYSTORE</con:type></con:crypto><con:outgoing><con:name>Outflow DEV</con:name></con:outgoing><con:outgoing><con:name>Outflow TEST</con:name><con:entry type="Signature" username="testuser-test.fidus.brussels" password="test@fidus01"><con:configuration><crypto>user-rajarshi.jks</crypto><keyIdentifierType>3</keyIdentifierType><signatureAlgorithm/><signatureCanonicalization/><useSingleCert>true</useSingleCert><digestAlgorithm/><customTokenValueType/><customTokenId/></con:configuration></con:entry><con:entry type="Timestamp"><con:configuration><timeToLive>300000</timeToLive><strictTimestamp>true</strictTimestamp></con:configuration></con:entry></con:outgoing><con:outgoing><con:name>Outflow STAG</con:name></con:outgoing><con:outgoing><con:name>Outflow PROD</con:name></con:outgoing></con:wssContainer>
  <con:oAuth2ProfileContainer/>
  <con:oAuth1ProfileContainer/><con:sensitiveInformation/>
</con:soapui-project>