<?xml version="1.0" encoding="UTF-8"?>
<con:soapui-project id="5ef4246d-3c1d-465d-9769-ccbf1a5c70c7" activeEnvironment="Default" name="Client-EnterpriseFiscalDebtService-soapui-project" resourceRoot="" soapui-version="5.1.3" abortOnError="false" runType="SEQUENTIAL" xmlns:con="http://eviware.com/soapui/config"><con:settings/><con:interface xsi:type="con:WsdlInterface" id="50ff26fd-de3b-422b-a356-2a9d6a2e2fa5" wsaVersion="NONE" name="EnterpriseFiscalDebtServiceHTTPBinding" type="wsdl" bindingName="{http://fidus.brussels/service/enterprisefiscaldebtservice/v1}EnterpriseFiscalDebtServiceHTTPBinding" soapVersion="1_1" anonymous="optional" definition="file:/home/stijn/git/Fidus/enterprisefiscaldebtservice/EnterpriseFiscalDebtServiceGateway/src/main/resources/wsdl/enterpriseFiscalDebtService/1.0.0/EnterpriseFiscalDebtService_v1.wsdl" xmlns:xsi="http://www.w3.org/2001/XMLSchema-instance"><con:settings/><con:definitionCache type="TEXT" rootPart="file:/home/stijn/git/Fidus/enterprisefiscaldebtservice/EnterpriseFiscalDebtServiceGateway/src/main/resources/wsdl/enterpriseFiscalDebtService/1.0.0/EnterpriseFiscalDebtService_v1.wsdl"><con:part><con:url>file:/home/stijn/git/Fidus/enterprisefiscaldebtservice/EnterpriseFiscalDebtServiceGateway/src/main/resources/wsdl/enterpriseFiscalDebtService/1.0.0/EnterpriseFiscalDebtService_v1.wsdl</con:url><con:content><![CDATA[<wsdl:definitions targetNamespace="http://fidus.brussels/service/enterprisefiscaldebtservice/v1" name="EnterpriseFiscalDebtService" xmlns:soap="http://schemas.xmlsoap.org/wsdl/soap/" xmlns:wsdl="http://schemas.xmlsoap.org/wsdl/" xmlns:xsd="http://www.w3.org/2001/XMLSchema" xmlns:mes="http://fidus.brussels/service/enterprisefiscaldebtservice/messages/v1" xmlns:tns="http://fidus.brussels/service/enterprisefiscaldebtservice/v1">
  <xsd:annotation>
    <xsd:documentation>EnterpriseFiscalDebtService WDSL v1.</xsd:documentation>
  </xsd:annotation>
  <wsdl:types>
    <xsd:schema targetNamespace="http://fidus.brussels/service/enterprisefiscaldebtservice/v1" elementFormDefault="qualified">
      <xsd:import namespace="http://fidus.brussels/service/enterprisefiscaldebtservice/messages/v1" schemaLocation="messages/enterpriseFiscalDebtServiceMessages_v1.xsd"/>
    </xsd:schema>
  </wsdl:types>
  <wsdl:message name="checkEnterpriseDebtRequestMessage">
    <wsdl:part name="CheckEnterpriseDebtRequest" element="mes:checkEnterpriseDebtRequest"/>
  </wsdl:message>
  <wsdl:message name="checkEnterpriseDebtResponseMessage">
    <wsdl:part name="CheckEnterpriseDebtResponse" element="mes:checkEnterpriseDebtResponse"/>
  </wsdl:message>
  <wsdl:portType name="EnterpriseFiscalDebtServicePortType">
    <wsdl:operation name="checkEnterpriseDebt">
      <wsdl:input message="tns:checkEnterpriseDebtRequestMessage"/>
      <wsdl:output message="tns:checkEnterpriseDebtResponseMessage"/>
    </wsdl:operation>
  </wsdl:portType>
  <wsdl:binding name="EnterpriseFiscalDebtServiceHTTPBinding" type="tns:EnterpriseFiscalDebtServicePortType">
    <soap:binding style="document" transport="http://schemas.xmlsoap.org/soap/http"/>
    <wsdl:operation name="checkEnterpriseDebt">
      <soap:operation soapAction="http://fidus.brussels/services/enterprisefiscaldebtservice/checkEnterpriseDebt"/>
      <wsdl:input>
        <soap:body use="literal"/>
      </wsdl:input>
      <wsdl:output>
        <soap:body use="literal"/>
      </wsdl:output>
    </wsdl:operation>
  </wsdl:binding>
  <wsdl:service name="EnterpriseFiscalDebtService_v1">
    <wsdl:port name="EnterpriseFiscalDebtService_v1" binding="tns:EnterpriseFiscalDebtServiceHTTPBinding">
      <soap:address location="http://fidus.brussels/services/enterprisefiscaldebtservice/v1"/>
    </wsdl:port>
  </wsdl:service>
</wsdl:definitions>]]></con:content><con:type>http://schemas.xmlsoap.org/wsdl/</con:type></con:part><con:part><con:url>file:/home/stijn/git/Fidus/enterprisefiscaldebtservice/EnterpriseFiscalDebtServiceGateway/src/main/resources/wsdl/enterpriseFiscalDebtService/1.0.0/messages/enterpriseFiscalDebtServiceMessages_v1.xsd</con:url><con:content><![CDATA[<xsd:schema targetNamespace="http://fidus.brussels/service/enterprisefiscaldebtservice/messages/v1" elementFormDefault="qualified" attributeFormDefault="unqualified" version="1.0" xmlns:xsd="http://www.w3.org/2001/XMLSchema" xmlns:cme="http://fidus.brussels/type/common/messages/v1" xmlns:exc="http://fidus.brussels/type/common/exceptions/v1" xmlns:tns="http://fidus.brussels/service/enterprisefiscaldebtservice/messages/v1" xmlns:efd="http://kszbcss.fgov.be/types/EnterpriseFiscalDebtService/v1" xmlns:common="http://kszbcss.fgov.be/types/common/v2">
  <xsd:import namespace="http://fidus.brussels/type/common/messages/v1" schemaLocation="baseMessageTypes_v1.xsd"/>
  <xsd:import namespace="http://fidus.brussels/type/common/exceptions/v1" schemaLocation="exceptionTypes_v1.xsd"/>
  <xsd:import namespace="http://kszbcss.fgov.be/types/EnterpriseFiscalDebtService/v1" schemaLocation="../enterprise/EnterpriseFiscalDebtServiceV1.xsd"/>
  <xsd:import namespace="http://kszbcss.fgov.be/types/common/v2" schemaLocation="../enterprise/CommonV2.xsd"/>
  <xsd:complexType name="EnterpriseDebtRequestType">
    <xsd:annotation>
      <xsd:documentation>The person whose information is requested.</xsd:documentation>
    </xsd:annotation>
    <xsd:sequence>
      <xsd:element name="enterprise" type="efd:EnterpriseSearchType" form="unqualified" maxOccurs="unbounded"/>
    </xsd:sequence>
  </xsd:complexType>
  <!--Request getEnterpriseFiscalDebtService definition-->
  <xsd:complexType name="CheckEnterpriseDebtRequestType">
    <xsd:sequence>
      <xsd:element name="messageContext" type="cme:RequestMessageContextType"/>
      <xsd:element name="legalContext" type="cme:LegalContextType"/>
      <xsd:element name="request" type="tns:EnterpriseDebtRequestType"/>
    </xsd:sequence>
  </xsd:complexType>
  <!--Request getEnterpriseFiscalDebtService definition-->
  <xsd:complexType name="CheckEnterpriseDebtResponseType">
    <xsd:sequence>
      <xsd:element name="messageContext" type="cme:ResponseMessageContextType"/>
      <xsd:element name="responses" type="tns:EnterpriseDebtResponsesType" minOccurs="0"/>
      <xsd:element name="exceptions" type="exc:ExceptionsType" minOccurs="0">
        <xsd:annotation>
          <xsd:documentation>Technical errors that occur when processing the message context e.g. insufficient rights.</xsd:documentation>
        </xsd:annotation>
      </xsd:element>
    </xsd:sequence>
  </xsd:complexType>
  <xsd:complexType name="EnterpriseDebtResponsesType">
    <xsd:sequence>
      <xsd:element name="response" type="tns:EnterpriseDebtResponseType" minOccurs="1" maxOccurs="unbounded"/>
    </xsd:sequence>
  </xsd:complexType>
  <xsd:complexType name="EnterpriseDebtResponseType">
    <xsd:sequence>
      <xsd:element name="cbeNumber" type="common:CbeNumberType" form="unqualified"/>
      <xsd:element name="accreditationNumber" type="xsd:string" form="unqualified" minOccurs="0"/>
      <xsd:element name="fiscalDebt" type="efd:FiscalDebtInfoType" form="unqualified" minOccurs="0"/>
      <xsd:element name="exceptions" type="exc:ExceptionsType" minOccurs="0">
        <xsd:annotation>
          <xsd:documentation>Business exceptions that occur when processing the request or response e.g. missing data for a single response element.
						Exceptions at this level may contain back-end specific codes and content.</xsd:documentation>
        </xsd:annotation>
      </xsd:element>
    </xsd:sequence>
  </xsd:complexType>
  <!--Element of the request and the response-->
  <xsd:element name="checkEnterpriseDebtRequest" type="tns:CheckEnterpriseDebtRequestType"/>
  <xsd:element name="checkEnterpriseDebtResponse" type="tns:CheckEnterpriseDebtResponseType"/>
</xsd:schema>]]></con:content><con:type>http://www.w3.org/2001/XMLSchema</con:type></con:part><con:part><con:url>file:/home/stijn/git/Fidus/enterprisefiscaldebtservice/EnterpriseFiscalDebtServiceGateway/src/main/resources/wsdl/enterpriseFiscalDebtService/1.0.0/messages/baseMessageTypes_v1.xsd</con:url><con:content><![CDATA[<xsd:schema targetNamespace="http://fidus.brussels/type/common/messages/v1" elementFormDefault="qualified" attributeFormDefault="unqualified" version="1.0" xmlns:xsd="http://www.w3.org/2001/XMLSchema" xmlns:cmn="http://fidus.brussels/type/common/v1" xmlns:tns="http://fidus.brussels/type/common/messages/v1">
  <!--Unformatted message Id-->
  <xsd:simpleType name="MessageIdType">
    <xsd:restriction base="xsd:string">
      <xsd:minLength value="1"/>
      <xsd:maxLength value="64"/>
    </xsd:restriction>
  </xsd:simpleType>
  <!--National Number of the person. Format depending on the Register-->
  <xsd:simpleType name="PersonNumberType">
    <xsd:restriction base="xsd:string">
      <xsd:pattern value="[0-9][0-9](([0][0-9])|([1][0-2]))(([0-2][0-9])|([3][0-1]))(([0-9]{2}[1-9])|([0-9][1-9][0-9])|([1-9][0-9]{2}))(([0-8][0-9])|([9][0-7]))">
        <xsd:annotation>
          <xsd:documentation>National Register format</xsd:documentation>
        </xsd:annotation>
      </xsd:pattern>
      <xsd:pattern value="[0-9][0-9](([2][0-9])|([3][0-2]))(([0-2][0-9])|([3][0-1]))[0-9]{3}(([0-8][0-9])|([9][0-7]))">
        <xsd:annotation>
          <xsd:documentation>CBSS Register format: Bis Register</xsd:documentation>
        </xsd:annotation>
      </xsd:pattern>
      <xsd:pattern value="[0-9][0-9](([4][0-9])|([5][0-2]))(([0-2][0-9])|([3][0-1]))[0-9]{3}(([0-8][0-9])|([9][0-7]))">
        <xsd:annotation>
          <xsd:documentation>CBSS Register format: Ter Register</xsd:documentation>
        </xsd:annotation>
      </xsd:pattern>
    </xsd:restriction>
  </xsd:simpleType>
  <!--Request message context-->
  <xsd:complexType name="RequestMessageContextType">
    <xsd:annotation>
      <xsd:documentation>Message context block generated by the consumer.</xsd:documentation>
    </xsd:annotation>
    <xsd:sequence>
      <xsd:element name="messageId" type="tns:MessageIdType">
        <xsd:annotation>
          <xsd:documentation>Consumer must assign their own MessageId reference for the request.</xsd:documentation>
        </xsd:annotation>
      </xsd:element>
      <xsd:element name="timestamp" type="xsd:dateTime" minOccurs="0">
        <xsd:annotation>
          <xsd:documentation>Timestamp when client sent request.</xsd:documentation>
        </xsd:annotation>
      </xsd:element>
    </xsd:sequence>
  </xsd:complexType>
  <!--Response message context-->
  <xsd:complexType name="ResponseMessageContextType">
    <xsd:annotation>
      <xsd:documentation>MessageContext block generated by fidus.</xsd:documentation>
    </xsd:annotation>
    <xsd:sequence>
      <xsd:element name="messageId" type="tns:MessageIdType">
        <xsd:annotation>
          <xsd:documentation>A unique identifier generated by fidus.</xsd:documentation>
        </xsd:annotation>
      </xsd:element>
      <xsd:element name="transactionId" type="tns:MessageIdType">
        <xsd:annotation>
          <xsd:documentation>A unique ID returned to the client for tracing purposes.</xsd:documentation>
        </xsd:annotation>
      </xsd:element>
      <xsd:element name="timestamp" type="xsd:dateTime" minOccurs="0">
        <xsd:annotation>
          <xsd:documentation>Time reply sent by fidus.</xsd:documentation>
        </xsd:annotation>
      </xsd:element>
    </xsd:sequence>
  </xsd:complexType>
  <!--Legal Context : the finality of the Privacy Commission-->
  <xsd:simpleType name="LegalContextType">
    <xsd:restriction base="xsd:string">
      <xsd:minLength value="1"/>
      <xsd:maxLength value="64"/>
    </xsd:restriction>
  </xsd:simpleType>
  <xsd:complexType name="UserContextType">
    <xsd:annotation>
      <xsd:documentation>The user context defines information regarding the actual user performing a request.</xsd:documentation>
    </xsd:annotation>
    <xsd:sequence>
      <xsd:element name="language" type="xsd:language" nillable="true">
        <xsd:annotation>
          <xsd:documentation>The preferred language of the actual user performing the request.
						This influences the language in which response elements are cast.</xsd:documentation>
        </xsd:annotation>
      </xsd:element>
    </xsd:sequence>
  </xsd:complexType>
</xsd:schema>]]></con:content><con:type>http://www.w3.org/2001/XMLSchema</con:type></con:part><con:part><con:url>file:/home/stijn/git/Fidus/enterprisefiscaldebtservice/EnterpriseFiscalDebtServiceGateway/src/main/resources/wsdl/enterpriseFiscalDebtService/1.0.0/messages/exceptionTypes_v1.xsd</con:url><con:content><![CDATA[<xsd:schema targetNamespace="http://fidus.brussels/type/common/exceptions/v1" elementFormDefault="qualified" attributeFormDefault="unqualified" version="1.0" xmlns:xsd="http://www.w3.org/2001/XMLSchema" xmlns:tns="http://fidus.brussels/type/common/exceptions/v1">
  <!--Basic error typed-->
  <xsd:complexType name="ExceptionsType">
    <xsd:sequence>
      <xsd:element name="exception" type="tns:ExceptionType" maxOccurs="unbounded"/>
    </xsd:sequence>
  </xsd:complexType>
  <xsd:complexType name="ExceptionType">
    <xsd:sequence>
      <xsd:element name="type" type="tns:ExceptionClassType"/>
      <xsd:element name="code" type="tns:ExceptionCodeType"/>
      <xsd:element name="source" type="tns:ExceptionSourceType"/>
      <xsd:element name="description" type="tns:ExceptionDescriptionType"/>
    </xsd:sequence>
  </xsd:complexType>
  <xsd:simpleType name="ExceptionClassType">
    <xsd:restriction base="xsd:string">
      <xsd:enumeration value="ERROR"/>
      <xsd:enumeration value="WARNING"/>
      <xsd:enumeration value="INFO"/>
    </xsd:restriction>
  </xsd:simpleType>
  <xsd:simpleType name="ExceptionCodeType">
    <xsd:restriction base="xsd:string">
      <xsd:maxLength value="20"/>
    </xsd:restriction>
  </xsd:simpleType>
  <xsd:simpleType name="ExceptionSourceType">
    <xsd:restriction base="xsd:string">
      <xsd:maxLength value="20"/>
    </xsd:restriction>
  </xsd:simpleType>
  <xsd:simpleType name="ExceptionDescriptionType">
    <xsd:restriction base="xsd:string"/>
  </xsd:simpleType>
</xsd:schema>]]></con:content><con:type>http://www.w3.org/2001/XMLSchema</con:type></con:part><con:part><con:url>file:/home/stijn/git/Fidus/enterprisefiscaldebtservice/EnterpriseFiscalDebtServiceGateway/src/main/resources/wsdl/enterpriseFiscalDebtService/1.0.0/enterprise/EnterpriseFiscalDebtServiceV1.xsd</con:url><con:content><![CDATA[<!--edited with XMLSpy v2008 rel. 2 sp2 (http://www.altova.com) by KSZ-BCSS (KSZ-BCSS)-->
<!--============================================================================================================
         * File Name :               EnterpriseFiscalDebtService.xsd
         * Author :                  Matthias De Scheerder
         * Owner :                   KSZ / CBSS
         * Creation date :           07-09-11
         * Last revision date :      07-09-11
         * Status :                  Planned
         * Description :             Describes data exchange related to the debt of an enterprise between RVA and CBSS.
         * Current version :         0.1
         * Revision History : 
=============================================================================================================-->
<xsd:schema targetNamespace="http://kszbcss.fgov.be/types/EnterpriseFiscalDebtService/v1" elementFormDefault="unqualified" attributeFormDefault="unqualified" xmlns:xsd="http://www.w3.org/2001/XMLSchema" xmlns="http://kszbcss.fgov.be/types/EnterpriseFiscalDebtService/v1" xmlns:common="http://kszbcss.fgov.be/types/common/v2">
  <xsd:import namespace="http://kszbcss.fgov.be/types/common/v2" schemaLocation="CommonV2.xsd"/>
  <xsd:complexType name="CheckEnterpriseDebtRequestType">
    <xsd:sequence>
      <xsd:element name="informationCustomer" type="common:InformationCustomerType"/>
      <xsd:element name="informationCBSS" type="common:InformationCBSSType" minOccurs="0"/>
      <xsd:element name="legalContext" type="common:LegalContextType"/>
      <xsd:element name="enterpriseList">
        <xsd:complexType>
          <xsd:sequence>
            <xsd:element name="enterprise" type="EnterpriseSearchType" maxOccurs="unbounded"/>
          </xsd:sequence>
        </xsd:complexType>
      </xsd:element>
    </xsd:sequence>
  </xsd:complexType>
  <xsd:complexType name="CheckEnterpriseDebtResponseType">
    <xsd:sequence>
      <xsd:element name="informationCustomer" type="common:InformationCustomerType"/>
      <xsd:element name="informationCBSS" type="common:InformationCBSSType"/>
      <xsd:element name="status" type="StatusType"/>
      <xsd:element name="enterpriseList">
        <xsd:complexType>
          <xsd:sequence>
            <xsd:element name="enterpriseDebt" type="EnterpriseDebtInfoType" maxOccurs="unbounded"/>
          </xsd:sequence>
        </xsd:complexType>
      </xsd:element>
    </xsd:sequence>
  </xsd:complexType>
  <xsd:complexType name="StatusType">
    <xsd:sequence>
      <xsd:element name="value">
        <xsd:annotation>
          <xsd:documentation>Global status of the result.</xsd:documentation>
        </xsd:annotation>
        <xsd:simpleType>
          <xsd:restriction base="xsd:string">
            <xsd:enumeration value="DATA_FOUND"/>
            <xsd:enumeration value="NO_DATA_FOUND"/>
            <xsd:enumeration value="NO_RESULT"/>
            <xsd:enumeration value="WARNINGS_FOUND"/>
          </xsd:restriction>
        </xsd:simpleType>
      </xsd:element>
      <xsd:element name="code">
        <xsd:annotation>
          <xsd:documentation>The code of the status.</xsd:documentation>
        </xsd:annotation>
        <xsd:simpleType>
          <xsd:restriction base="xsd:string">
            <xsd:maxLength value="16"/>
          </xsd:restriction>
        </xsd:simpleType>
      </xsd:element>
      <xsd:element name="description" minOccurs="0">
        <xsd:annotation>
          <xsd:documentation>The description of the status.</xsd:documentation>
        </xsd:annotation>
        <xsd:simpleType>
          <xsd:restriction base="xsd:string">
            <xsd:maxLength value="256"/>
          </xsd:restriction>
        </xsd:simpleType>
      </xsd:element>
      <xsd:element name="information" type="common:InformationType" minOccurs="0" maxOccurs="15"/>
    </xsd:sequence>
  </xsd:complexType>
  <xsd:complexType name="EnterpriseSearchType">
    <xsd:sequence>
      <xsd:element name="cbeNumber" type="common:CbeNumberType"/>
      <xsd:element name="accreditationNumber" type="xsd:string" minOccurs="0"/>
      <xsd:element name="includeAmount" type="xsd:boolean"/>
    </xsd:sequence>
  </xsd:complexType>
  <xsd:complexType name="EnterpriseDebtInfoType">
    <xsd:sequence>
      <xsd:element name="cbeNumber" type="common:CbeNumberType"/>
      <xsd:element name="accreditationNumber" type="xsd:string" minOccurs="0"/>
      <xsd:element name="status" type="StatusType"/>
      <xsd:element name="fiscalDebt" type="FiscalDebtInfoType" minOccurs="0"/>
    </xsd:sequence>
  </xsd:complexType>
  <xsd:simpleType name="EurocentPositiveAmountType">
    <xsd:restriction base="xsd:unsignedLong">
      <xsd:maxExclusive value="100000000000000000"/>
    </xsd:restriction>
  </xsd:simpleType>
  <xsd:complexType name="FiscalDebtInfoType">
    <xsd:sequence>
      <xsd:element name="hasFiscalDebt" type="xsd:boolean"/>
      <xsd:element name="fiscalDebtStatusDate" type="xsd:date"/>
      <xsd:element name="fiscalDebtAmount" type="EurocentPositiveAmountType" minOccurs="0">
        <xsd:annotation>
          <xsd:documentation>The amount of fiscal debt in eurocent.</xsd:documentation>
        </xsd:annotation>
      </xsd:element>
    </xsd:sequence>
  </xsd:complexType>
</xsd:schema>]]></con:content><con:type>http://www.w3.org/2001/XMLSchema</con:type></con:part><con:part><con:url>file:/home/stijn/git/Fidus/enterprisefiscaldebtservice/EnterpriseFiscalDebtServiceGateway/src/main/resources/wsdl/enterpriseFiscalDebtService/1.0.0/enterprise/CommonV2.xsd</con:url><con:content><![CDATA[<!--edited with XMLSpy v2011 rel. 2 (http://www.altova.com) by Johan Kumps (Realdolmen nv)-->
<!--====================================================================================================================================
	* File Name				: CommonV2.xsd
	* Author					: Johan Kumps - Peter Van den Bosch
	* Owner					: Crossroad Bank for Social Security (CBSS)
	* Domain					: CBSS Registries Public Services
	* Creation Date			: 31-05-2010
	* Last revision date	: 25-03-2011
	* Description				: This XML schema document contains a set of Commo XML  type definition and content model fragments for use in CBSS webservices and batch file schema definitions within the CBSS domain. 
	* Status					: 
	* Current Version		: 2.0
	* Revision History		: 09-03-2011  	String2Type added
	*														LegalContext added
	*														DescriptionType refactored + lenght constraint 50 changed to 100
	*														InformationCustomerType.ticket length constraint 32 changed to 36
	*														LegalContext + IntegrationContext concepts added
	*														RuntimeFaultType refactored to CBSSFaultType
	*														Language added to BaseRequestType
	*
====================================================================================================================================-->
<xsd:schema targetNamespace="http://kszbcss.fgov.be/types/common/v2" elementFormDefault="unqualified" attributeFormDefault="unqualified" version="1.0" xmlns:xsd="http://www.w3.org/2001/XMLSchema" xmlns:tns="http://kszbcss.fgov.be/types/common/v2">
  <xsd:complexType name="BaseRequestType" abstract="true">
    <xsd:annotation>
      <xsd:documentation>Type defining the base structure for all service requests</xsd:documentation>
    </xsd:annotation>
    <xsd:sequence>
      <xsd:element name="informationCustomer" type="tns:InformationCustomerType"/>
      <xsd:element name="informationCBSS" type="tns:InformationCBSSType" minOccurs="0"/>
      <xsd:element name="legalContext" type="tns:LegalContextType">
        <xsd:annotation>
          <xsd:documentation>legal context under which the request was made</xsd:documentation>
        </xsd:annotation>
      </xsd:element>
      <xsd:element name="language" type="tns:LanguageType" minOccurs="0">
        <xsd:annotation>
          <xsd:documentation>The language the consumer CAN specify in order to receive code table value descriptions in the preferred language. If not provided the description will be provided in NL, FR and DE languages.</xsd:documentation>
        </xsd:annotation>
      </xsd:element>
    </xsd:sequence>
  </xsd:complexType>
  <xsd:complexType name="BaseResponseType" abstract="true">
    <xsd:annotation>
      <xsd:documentation>Type defining the base structure for all service responses</xsd:documentation>
    </xsd:annotation>
    <xsd:sequence>
      <xsd:element name="informationCustomer" type="tns:InformationCustomerType"/>
      <xsd:element name="informationCBSS" type="tns:InformationCBSSType"/>
    </xsd:sequence>
  </xsd:complexType>
  <!--Request / response meta data-->
  <xsd:simpleType name="SeverityType">
    <xsd:restriction base="xsd:string">
      <xsd:enumeration value="INFORMATION"/>
      <xsd:enumeration value="WARNING"/>
      <xsd:enumeration value="FATAL"/>
    </xsd:restriction>
  </xsd:simpleType>
  <xsd:simpleType name="UUIDType">
    <xsd:restriction base="xsd:string">
      <xsd:pattern value="[\da-fA-F]{8}-[\da-fA-F]{4}-[\da-fA-F]{4}-[\da-fA-F]{4}-[\da-fA-F]{12}"/>
    </xsd:restriction>
  </xsd:simpleType>
  <xsd:simpleType name="CbeNumberType">
    <xsd:restriction base="xsd:string">
      <xsd:pattern value="\d{9,10}"/>
    </xsd:restriction>
  </xsd:simpleType>
  <xsd:simpleType name="SSINType">
    <xsd:restriction base="xsd:string">
      <xsd:pattern value="\p{N}{11}"/>
    </xsd:restriction>
  </xsd:simpleType>
  <xsd:simpleType name="LegalContextType">
    <xsd:restriction base="xsd:string">
      <xsd:maxLength value="64"/>
    </xsd:restriction>
  </xsd:simpleType>
  <xsd:simpleType name="IntegrationContextType">
    <xsd:restriction base="xsd:string">
      <xsd:maxLength value="64"/>
    </xsd:restriction>
  </xsd:simpleType>
  <xsd:complexType name="MessageType">
    <xsd:sequence>
      <xsd:element name="severity" type="tns:SeverityType"/>
      <xsd:element name="reasonCode">
        <xsd:simpleType>
          <xsd:restriction base="xsd:string">
            <xsd:maxLength value="16"/>
          </xsd:restriction>
        </xsd:simpleType>
      </xsd:element>
      <xsd:element name="diagnostic">
        <xsd:simpleType>
          <xsd:restriction base="xsd:string">
            <xsd:maxLength value="256"/>
          </xsd:restriction>
        </xsd:simpleType>
      </xsd:element>
      <xsd:element name="authorCode">
        <xsd:simpleType>
          <xsd:restriction base="xsd:string">
            <xsd:maxLength value="64"/>
          </xsd:restriction>
        </xsd:simpleType>
      </xsd:element>
      <xsd:element name="information" type="tns:InformationType" minOccurs="0" maxOccurs="5"/>
    </xsd:sequence>
  </xsd:complexType>
  <xsd:complexType name="InformationType">
    <xsd:sequence>
      <xsd:element name="fieldName">
        <xsd:simpleType>
          <xsd:restriction base="xsd:string">
            <xsd:maxLength value="64"/>
          </xsd:restriction>
        </xsd:simpleType>
      </xsd:element>
      <xsd:element name="fieldValue" minOccurs="0">
        <xsd:simpleType>
          <xsd:restriction base="xsd:string">
            <xsd:maxLength value="256"/>
          </xsd:restriction>
        </xsd:simpleType>
      </xsd:element>
    </xsd:sequence>
  </xsd:complexType>
  <xsd:complexType name="InformationCBSSType">
    <xsd:annotation>
      <xsd:documentation>Information block from CBSS.</xsd:documentation>
    </xsd:annotation>
    <xsd:sequence>
      <xsd:element name="ticketCBSS" type="tns:UUIDType"/>
      <xsd:element name="timestampReceive" type="xsd:dateTime">
        <xsd:annotation>
          <xsd:documentation>Time request was received by CBSS.</xsd:documentation>
        </xsd:annotation>
      </xsd:element>
      <xsd:element name="timestampReply" type="xsd:dateTime">
        <xsd:annotation>
          <xsd:documentation>Time reply was sent by CBSS.</xsd:documentation>
        </xsd:annotation>
      </xsd:element>
    </xsd:sequence>
  </xsd:complexType>
  <xsd:complexType name="InformationCustomerType">
    <xsd:annotation>
      <xsd:documentation>Information block that can be used by the customer for diagnostic use.</xsd:documentation>
    </xsd:annotation>
    <xsd:sequence>
      <xsd:element name="ticket" minOccurs="0">
        <xsd:annotation>
          <xsd:documentation>Client can assign their own ticket reference for the request. Not mandatory.</xsd:documentation>
        </xsd:annotation>
        <xsd:simpleType>
          <xsd:restriction base="xsd:string">
            <xsd:maxLength value="32"/>
          </xsd:restriction>
        </xsd:simpleType>
      </xsd:element>
      <xsd:element name="timestampSent" type="xsd:dateTime" minOccurs="0">
        <xsd:annotation>
          <xsd:documentation>Timestamp when client sent request.</xsd:documentation>
        </xsd:annotation>
      </xsd:element>
      <xsd:element name="customerIdentification" type="tns:OrganizationIdentificationType"/>
    </xsd:sequence>
  </xsd:complexType>
  <xsd:complexType name="InformationSupplierType">
    <xsd:annotation>
      <xsd:documentation>Information block from Customer or Supplier</xsd:documentation>
    </xsd:annotation>
    <xsd:sequence>
      <xsd:element name="ticket" type="tns:UUIDType">
        <xsd:annotation>
          <xsd:documentation>UUID generated by Customer or Supplier</xsd:documentation>
        </xsd:annotation>
      </xsd:element>
      <xsd:element name="timestampCreation" type="xsd:dateTime">
        <xsd:annotation>
          <xsd:documentation>Time of request</xsd:documentation>
        </xsd:annotation>
      </xsd:element>
      <xsd:element name="identification" type="tns:OrganizationIdentificationType"/>
    </xsd:sequence>
  </xsd:complexType>
  <xsd:complexType name="InformationReceiverType">
    <xsd:annotation>
      <xsd:documentation>Information block from Customer or Supplier</xsd:documentation>
    </xsd:annotation>
    <xsd:sequence>
      <xsd:element name="identification" type="tns:OrganizationIdentificationType"/>
    </xsd:sequence>
  </xsd:complexType>
  <xsd:complexType name="OrganizationIdentificationType">
    <xsd:choice>
      <xsd:element name="cbeNumber" type="tns:CbeNumberType"/>
      <xsd:sequence>
        <xsd:element name="sector">
          <xsd:simpleType>
            <xsd:restriction base="xsd:unsignedShort">
              <xsd:maxInclusive value="999"/>
            </xsd:restriction>
          </xsd:simpleType>
        </xsd:element>
        <xsd:element name="institution">
          <xsd:simpleType>
            <xsd:restriction base="xsd:unsignedShort">
              <xsd:maxInclusive value="999"/>
            </xsd:restriction>
          </xsd:simpleType>
        </xsd:element>
      </xsd:sequence>
    </xsd:choice>
  </xsd:complexType>
  <xsd:complexType name="OpenPeriodType">
    <xsd:annotation>
      <xsd:documentation>Period containining a begin date and an optional end date.</xsd:documentation>
    </xsd:annotation>
    <xsd:sequence>
      <xsd:element name="beginDate" type="xsd:date"/>
      <xsd:element name="endDate" type="xsd:date" minOccurs="0"/>
    </xsd:sequence>
  </xsd:complexType>
  <xsd:complexType name="PeriodType">
    <xsd:annotation>
      <xsd:documentation>Period containining a begin date and an end date.</xsd:documentation>
    </xsd:annotation>
    <xsd:sequence>
      <xsd:element name="beginDate" type="xsd:date"/>
      <xsd:element name="endDate" type="xsd:date"/>
    </xsd:sequence>
  </xsd:complexType>
  <!--Errors and warnings structures-->
  <xsd:group name="BusinessErrorsContentFragment">
    <xsd:annotation>
      <xsd:documentation>Structure reporting business errors to the consumer</xsd:documentation>
    </xsd:annotation>
    <xsd:sequence>
      <xsd:element name="errors" type="tns:BusinessErrorsType" minOccurs="0"/>
    </xsd:sequence>
  </xsd:group>
  <xsd:group name="BusinessWarningsContentFragment">
    <xsd:annotation>
      <xsd:documentation>Structure reporting messages to the consumer about the processing of the request</xsd:documentation>
    </xsd:annotation>
    <xsd:sequence>
      <xsd:element name="warnings" type="tns:WarningsType" minOccurs="0"/>
    </xsd:sequence>
  </xsd:group>
  <!--Error types-->
  <xsd:complexType name="BusinessErrorsType">
    <xsd:annotation>
      <xsd:documentation>Type defining the structure of the part of the response containing business Faults</xsd:documentation>
    </xsd:annotation>
    <xsd:sequence>
      <xsd:element name="error" type="tns:BusinessErrorType" maxOccurs="unbounded"/>
    </xsd:sequence>
  </xsd:complexType>
  <xsd:complexType name="BusinessErrorType">
    <xsd:annotation>
      <xsd:documentation>Type defining the structure of one business Faults</xsd:documentation>
    </xsd:annotation>
    <xsd:sequence>
      <xsd:element name="code" type="xsd:string">
        <xsd:annotation>
          <xsd:documentation>Unique code referring to a description of this Fault</xsd:documentation>
        </xsd:annotation>
      </xsd:element>
      <xsd:element name="severity" type="tns:SeverityType"/>
      <xsd:element name="description" type="xsd:string">
        <xsd:annotation>
          <xsd:documentation>Some description of this Fault</xsd:documentation>
        </xsd:annotation>
      </xsd:element>
    </xsd:sequence>
  </xsd:complexType>
  <xsd:complexType name="WarningsType">
    <xsd:annotation>
      <xsd:documentation>Type defining the structure of the part of the response containing business warnings</xsd:documentation>
    </xsd:annotation>
    <xsd:sequence>
      <xsd:element name="warning" type="tns:WarningType" maxOccurs="unbounded"/>
    </xsd:sequence>
  </xsd:complexType>
  <xsd:complexType name="WarningType">
    <xsd:annotation>
      <xsd:documentation>Type defining the structure of one business warning</xsd:documentation>
    </xsd:annotation>
    <xsd:sequence>
      <xsd:element name="code" type="xsd:string">
        <xsd:annotation>
          <xsd:documentation>Unique code referring to a description of this warning</xsd:documentation>
        </xsd:annotation>
      </xsd:element>
      <xsd:element name="description" type="xsd:string">
        <xsd:annotation>
          <xsd:documentation>Some description of this warning</xsd:documentation>
        </xsd:annotation>
      </xsd:element>
    </xsd:sequence>
  </xsd:complexType>
  <xsd:complexType name="CBSSFaultType">
    <xsd:sequence>
      <xsd:element name="informationCustomer" type="tns:InformationCustomerType" minOccurs="0"/>
      <xsd:element name="informationCBSS" type="tns:InformationCBSSType"/>
      <xsd:element name="error" type="tns:MessageType" maxOccurs="30"/>
    </xsd:sequence>
  </xsd:complexType>
  <xsd:simpleType name="IncompleteDateType">
    <xsd:annotation>
      <xsd:documentation>A possibly incomplete date. Format yyyy-mm-dd, yyyy-mm-00 or yyyy-00-00</xsd:documentation>
    </xsd:annotation>
    <xsd:restriction base="xsd:string">
      <xsd:length value="10"/>
      <xsd:whiteSpace value="collapse"/>
      <xsd:pattern value="[0-2][0-9]{3}\-[0-1][0-9]\-[0-3][0-9]"/>
    </xsd:restriction>
  </xsd:simpleType>
  <xsd:complexType name="DescriptionType">
    <xsd:annotation>
      <xsd:documentation>Type specifying how a value that can exist in several languages will be modelled</xsd:documentation>
    </xsd:annotation>
    <xsd:simpleContent>
      <xsd:extension base="tns:String100Type">
        <xsd:attribute name="language" type="tns:LanguageType"/>
      </xsd:extension>
    </xsd:simpleContent>
  </xsd:complexType>
  <xsd:simpleType name="LanguageType">
    <xsd:annotation>
      <xsd:documentation>Type specifying the language of a given value</xsd:documentation>
    </xsd:annotation>
    <xsd:restriction base="xsd:string">
      <xsd:enumeration value="NL"/>
      <xsd:enumeration value="FR"/>
      <xsd:enumeration value="DE"/>
    </xsd:restriction>
  </xsd:simpleType>
  <xsd:simpleType name="String100Type">
    <xsd:annotation>
      <xsd:documentation>Type specifying the language of a given value</xsd:documentation>
    </xsd:annotation>
    <xsd:restriction base="xsd:string">
      <xsd:maxLength value="100"/>
    </xsd:restriction>
  </xsd:simpleType>
</xsd:schema>]]></con:content><con:type>http://www.w3.org/2001/XMLSchema</con:type></con:part></con:definitionCache><con:endpoints><con:endpoint>http://fidus.brussels/services/enterprisefiscaldebtservice/v1</con:endpoint></con:endpoints><con:operation id="66051d75-14c9-4d5c-9486-9913e803ae5d" isOneWay="false" action="http://fidus.brussels/services/enterprisefiscaldebtservice/checkEnterpriseDebt" name="checkEnterpriseDebt" bindingOperationName="checkEnterpriseDebt" type="Request-Response" inputName="" receivesAttachments="false" sendsAttachments="false" anonymous="optional"><con:settings/><con:call id="e5c13607-7728-4d9f-ade7-58cb2c88827d" name="1 - Local - Request" outgoingWss="Outgoing DEV" incomingWss="Incoming DEV"><con:settings><con:setting id="com.eviware.soapui.impl.wsdl.WsdlRequest@request-headers">&lt;xml-fragment/></con:setting></con:settings><con:encoding>UTF-8</con:encoding><con:endpoint>https://localhost:8243/services/EnterpriseFiscalDebtService_v1.0</con:endpoint><con:request><![CDATA[<soapenv:Envelope xmlns:soapenv="http://schemas.xmlsoap.org/soap/envelope/" xmlns:v1="http://fidus.brussels/service/enterprisefiscaldebtservice/messages/v1" xmlns:v11="http://fidus.brussels/type/common/messages/v1">
   <soapenv:Header/>
   <soapenv:Body>
      <v1:checkEnterpriseDebtRequest>
         <v1:messageContext>
            <v11:messageId>${=import static java.util.UUID.randomUUID; uuid = randomUUID() as String}</v11:messageId>
            <v11:timestamp>${=new java.text.SimpleDateFormat("yyyy-MM-dd'T'HH:mm:ss.SSS").format(new Date())}</v11:timestamp>
         </v1:messageContext>
         <v1:legalContext>ServiceIntegrator</v1:legalContext>
         <v1:request>
            <enterprise>
               <cbeNumber>480260856</cbeNumber>
               <includeAmount>true</includeAmount>
            </enterprise>
         </v1:request>
      </v1:checkEnterpriseDebtRequest>
   </soapenv:Body>
</soapenv:Envelope>]]></con:request><con:credentials><con:selectedAuthProfile>Basic</con:selectedAuthProfile><con:addedBasicAuthenticationTypes>Basic</con:addedBasicAuthenticationTypes><con:authType>Global HTTP Settings</con:authType></con:credentials><con:jmsConfig JMSDeliveryMode="PERSISTENT"/><con:jmsPropertyConfig/><con:wsaConfig mustUnderstand="NONE" version="200508" action="http://fidus.brussels/services/enterprisefiscaldebtservice/checkEnterpriseDebt"/><con:wsrmConfig version="1.2"/></con:call><con:call id="322b1be1-d6e3-46b9-91f5-c8bd46c8902f" name="2 - Dev - Request" outgoingWss="Outgoing DEV" incomingWss="Incoming DEV"><con:settings><con:setting id="com.eviware.soapui.impl.wsdl.WsdlRequest@request-headers">&lt;xml-fragment/></con:setting></con:settings><con:encoding>UTF-8</con:encoding><con:endpoint>https://192.168.36.61:8243/services/EnterpriseFiscalDebtService_v1.0</con:endpoint><con:request><![CDATA[<soapenv:Envelope xmlns:soapenv="http://schemas.xmlsoap.org/soap/envelope/" xmlns:v1="http://fidus.brussels/service/enterprisefiscaldebtservice/messages/v1" xmlns:v11="http://fidus.brussels/type/common/messages/v1">
   <soapenv:Header/>
   <soapenv:Body>
      <v1:checkEnterpriseDebtRequest>
         <v1:messageContext>
            <v11:messageId>${=import static java.util.UUID.randomUUID; uuid = randomUUID() as String}</v11:messageId>
            <v11:timestamp>${=new java.text.SimpleDateFormat("yyyy-MM-dd'T'HH:mm:ss.SSS").format(new Date())}</v11:timestamp>
         </v1:messageContext>
         <v1:legalContext>ServiceIntegrator</v1:legalContext>
         <v1:request>
            <enterprise>
               <cbeNumber>480260856</cbeNumber>
               <includeAmount>true</includeAmount>
            </enterprise>
         </v1:request>
      </v1:checkEnterpriseDebtRequest>
   </soapenv:Body>
</soapenv:Envelope>]]></con:request><con:credentials><con:selectedAuthProfile>Basic</con:selectedAuthProfile><con:addedBasicAuthenticationTypes>Basic</con:addedBasicAuthenticationTypes><con:authType>Global HTTP Settings</con:authType></con:credentials><con:jmsConfig JMSDeliveryMode="PERSISTENT"/><con:jmsPropertyConfig/><con:wsaConfig mustUnderstand="NONE" version="200508" action="http://fidus.brussels/services/enterprisefiscaldebtservice/checkEnterpriseDebt"/><con:wsrmConfig version="1.2"/></con:call><con:call id="b676b90d-85f4-40a7-9ffe-e16530bd1e04" name="3 - Test - LB - Request" outgoingWss="Outgoing TEST" incomingWss="Incoming TEST"><con:settings><con:setting id="com.eviware.soapui.impl.wsdl.WsdlRequest@request-headers">&lt;xml-fragment/></con:setting></con:settings><con:encoding>UTF-8</con:encoding><con:endpoint>https://esb-security-gw.sta.srv.cirb.lan:8443/services/EnterpriseFiscalDebtService_v1.0</con:endpoint><con:request><![CDATA[<soapenv:Envelope xmlns:soapenv="http://schemas.xmlsoap.org/soap/envelope/" xmlns:v1="http://fidus.brussels/service/enterprisefiscaldebtservice/messages/v1" xmlns:v11="http://fidus.brussels/type/common/messages/v1">
   <soapenv:Header/>
   <soapenv:Body>
      <v1:checkEnterpriseDebtRequest>
         <v1:messageContext>
            <v11:messageId>${=import static java.util.UUID.randomUUID; uuid = randomUUID() as String}</v11:messageId>
            <v11:timestamp>${=new java.text.SimpleDateFormat("yyyy-MM-dd'T'HH:mm:ss.SSS").format(new Date())}</v11:timestamp>
         </v1:messageContext>
         <v1:legalContext>ServiceIntegrator</v1:legalContext>
         <v1:request>
            <enterprise>
               <cbeNumber>480260856</cbeNumber>
               <includeAmount>true</includeAmount>
            </enterprise>
         </v1:request>
      </v1:checkEnterpriseDebtRequest>
   </soapenv:Body>
</soapenv:Envelope>]]></con:request><con:credentials><con:selectedAuthProfile>Basic</con:selectedAuthProfile><con:addedBasicAuthenticationTypes>Basic</con:addedBasicAuthenticationTypes><con:authType>Global HTTP Settings</con:authType></con:credentials><con:jmsConfig JMSDeliveryMode="PERSISTENT"/><con:jmsPropertyConfig/><con:wsaConfig mustUnderstand="NONE" version="200508" action="http://fidus.brussels/services/enterprisefiscaldebtservice/checkEnterpriseDebt"/><con:wsrmConfig version="1.2"/></con:call><con:call id="db608ff8-16f2-4a7a-a675-46b18acc7031" name="3 - Test - External - Request" outgoingWss="Outgoing TEST" incomingWss="Incoming TEST"><con:settings><con:setting id="com.eviware.soapui.impl.wsdl.WsdlRequest@request-headers">&lt;xml-fragment/></con:setting></con:settings><con:encoding>UTF-8</con:encoding><con:endpoint>https://fidus-test.irisnetlab.be/services/EnterpriseFiscalDebtService_v1.0</con:endpoint><con:request><![CDATA[<soapenv:Envelope xmlns:soapenv="http://schemas.xmlsoap.org/soap/envelope/" xmlns:v1="http://fidus.brussels/service/enterprisefiscaldebtservice/messages/v1" xmlns:v11="http://fidus.brussels/type/common/messages/v1">
   <soapenv:Header/>
   <soapenv:Body>
      <v1:checkEnterpriseDebtRequest>
         <v1:messageContext>
            <v11:messageId>${=import static java.util.UUID.randomUUID; uuid = randomUUID() as String}</v11:messageId>
            <v11:timestamp>${=new java.text.SimpleDateFormat("yyyy-MM-dd'T'HH:mm:ss.SSS").format(new Date())}</v11:timestamp>
         </v1:messageContext>
         <v1:legalContext>ServiceIntegrator</v1:legalContext>
         <v1:request>
            <enterprise>
               <cbeNumber>480260856</cbeNumber>
               <includeAmount>true</includeAmount>
            </enterprise>
         </v1:request>
      </v1:checkEnterpriseDebtRequest>
   </soapenv:Body>
</soapenv:Envelope>]]></con:request><con:credentials><con:selectedAuthProfile>Basic</con:selectedAuthProfile><con:addedBasicAuthenticationTypes>Basic</con:addedBasicAuthenticationTypes><con:authType>Global HTTP Settings</con:authType></con:credentials><con:jmsConfig JMSDeliveryMode="PERSISTENT"/><con:jmsPropertyConfig/><con:wsaConfig mustUnderstand="NONE" version="200508" action="http://fidus.brussels/services/enterprisefiscaldebtservice/checkEnterpriseDebt"/><con:wsrmConfig version="1.2"/></con:call><con:call id="9cb86629-6a6e-4a57-827b-9c94483f5ae2" name="3 - Test - Worker1 - Request" outgoingWss="Outgoing TEST" incomingWss="Incoming TEST"><con:settings><con:setting id="com.eviware.soapui.impl.wsdl.WsdlRequest@request-headers">&lt;xml-fragment/></con:setting></con:settings><con:encoding>UTF-8</con:encoding><con:endpoint>https://192.168.22.53:8443/services/EnterpriseFiscalDebtService_v1.0</con:endpoint><con:request><![CDATA[<soapenv:Envelope xmlns:soapenv="http://schemas.xmlsoap.org/soap/envelope/" xmlns:v1="http://fidus.brussels/service/enterprisefiscaldebtservice/messages/v1" xmlns:v11="http://fidus.brussels/type/common/messages/v1">
   <soapenv:Header/>
   <soapenv:Body>
      <v1:checkEnterpriseDebtRequest>
         <v1:messageContext>
            <v11:messageId>${=import static java.util.UUID.randomUUID; uuid = randomUUID() as String}</v11:messageId>
            <v11:timestamp>${=new java.text.SimpleDateFormat("yyyy-MM-dd'T'HH:mm:ss.SSS").format(new Date())}</v11:timestamp>
         </v1:messageContext>
         <v1:legalContext>ServiceIntegrator</v1:legalContext>
         <v1:request>
            <enterprise>
               <cbeNumber>480260856</cbeNumber>
               <includeAmount>true</includeAmount>
            </enterprise>
         </v1:request>
      </v1:checkEnterpriseDebtRequest>
   </soapenv:Body>
</soapenv:Envelope>]]></con:request><con:credentials><con:selectedAuthProfile>Basic</con:selectedAuthProfile><con:addedBasicAuthenticationTypes>Basic</con:addedBasicAuthenticationTypes><con:authType>Global HTTP Settings</con:authType></con:credentials><con:jmsConfig JMSDeliveryMode="PERSISTENT"/><con:jmsPropertyConfig/><con:wsaConfig mustUnderstand="NONE" version="200508" action="http://fidus.brussels/services/enterprisefiscaldebtservice/checkEnterpriseDebt"/><con:wsrmConfig version="1.2"/></con:call><con:call id="a4e4bf7c-a892-40a9-a6ed-631eb6d97244" name="3 - Test - Worker2 - Request" outgoingWss="Outgoing TEST" incomingWss="Incoming TEST"><con:settings><con:setting id="com.eviware.soapui.impl.wsdl.WsdlRequest@request-headers">&lt;xml-fragment/></con:setting></con:settings><con:encoding>UTF-8</con:encoding><con:endpoint>https://192.168.22.54:8443/services/EnterpriseFiscalDebtService_v1.0</con:endpoint><con:request><![CDATA[<soapenv:Envelope xmlns:soapenv="http://schemas.xmlsoap.org/soap/envelope/" xmlns:v1="http://fidus.brussels/service/enterprisefiscaldebtservice/messages/v1" xmlns:v11="http://fidus.brussels/type/common/messages/v1">
   <soapenv:Header/>
   <soapenv:Body>
      <v1:checkEnterpriseDebtRequest>
         <v1:messageContext>
            <v11:messageId>${=import static java.util.UUID.randomUUID; uuid = randomUUID() as String}</v11:messageId>
            <v11:timestamp>${=new java.text.SimpleDateFormat("yyyy-MM-dd'T'HH:mm:ss.SSS").format(new Date())}</v11:timestamp>
         </v1:messageContext>
         <v1:legalContext>ServiceIntegrator</v1:legalContext>
         <v1:request>
            <enterprise>
               <cbeNumber>480260856</cbeNumber>
               <includeAmount>true</includeAmount>
            </enterprise>
         </v1:request>
      </v1:checkEnterpriseDebtRequest>
   </soapenv:Body>
</soapenv:Envelope>]]></con:request><con:credentials><con:selectedAuthProfile>Basic</con:selectedAuthProfile><con:addedBasicAuthenticationTypes>Basic</con:addedBasicAuthenticationTypes><con:authType>Global HTTP Settings</con:authType></con:credentials><con:jmsConfig JMSDeliveryMode="PERSISTENT"/><con:jmsPropertyConfig/><con:wsaConfig mustUnderstand="NONE" version="200508" action="http://fidus.brussels/services/enterprisefiscaldebtservice/checkEnterpriseDebt"/><con:wsrmConfig version="1.2"/></con:call><con:call id="34ab901c-ef29-4f7b-9af5-21f2eb2659d6" name="4 - Staging - External - Request" outgoingWss="Outgoing STAGING" incomingWss="Incoming STAGING"><con:settings><con:setting id="com.eviware.soapui.impl.wsdl.WsdlRequest@request-headers">&lt;xml-fragment/></con:setting></con:settings><con:encoding>UTF-8</con:encoding><con:endpoint>https://fidus.irisnetlab.be/services/EnterpriseFiscalDebtService_v1.0</con:endpoint><con:request><![CDATA[<soapenv:Envelope xmlns:soapenv="http://schemas.xmlsoap.org/soap/envelope/" xmlns:v1="http://fidus.brussels/service/enterprisefiscaldebtservice/messages/v1" xmlns:v11="http://fidus.brussels/type/common/messages/v1">
   <soapenv:Header/>
   <soapenv:Body>
      <v1:checkEnterpriseDebtRequest>
         <v1:messageContext>
            <v11:messageId>${=import static java.util.UUID.randomUUID; uuid = randomUUID() as String}</v11:messageId>
            <v11:timestamp>${=new java.text.SimpleDateFormat("yyyy-MM-dd'T'HH:mm:ss.SSS").format(new Date())}</v11:timestamp>
         </v1:messageContext>
         <v1:legalContext>ServiceIntegrator</v1:legalContext>
         <v1:request>
            <enterprise>
               <cbeNumber>480260856</cbeNumber>
               <includeAmount>true</includeAmount>
            </enterprise>
         </v1:request>
      </v1:checkEnterpriseDebtRequest>
   </soapenv:Body>
</soapenv:Envelope>]]></con:request><con:credentials><con:selectedAuthProfile>Basic</con:selectedAuthProfile><con:addedBasicAuthenticationTypes>Basic</con:addedBasicAuthenticationTypes><con:authType>Global HTTP Settings</con:authType></con:credentials><con:jmsConfig JMSDeliveryMode="PERSISTENT"/><con:jmsPropertyConfig/><con:wsaConfig mustUnderstand="NONE" version="200508" action="http://fidus.brussels/services/enterprisefiscaldebtservice/checkEnterpriseDebt"/><con:wsrmConfig version="1.2"/></con:call><con:call id="3c3ae20e-72a1-482d-bc99-542ed2c03569" name="4 - Staging - LB - Request" outgoingWss="Outgoing STAGING" incomingWss="Incoming STAGING"><con:settings><con:setting id="com.eviware.soapui.impl.wsdl.WsdlRequest@request-headers">&lt;xml-fragment/></con:setting></con:settings><con:encoding>UTF-8</con:encoding><con:endpoint>https://fidus-esb-sg.sta.srv.cirb.lan:8443/services/EnterpriseFiscalDebtService_v1.0</con:endpoint><con:request><![CDATA[<soapenv:Envelope xmlns:soapenv="http://schemas.xmlsoap.org/soap/envelope/" xmlns:v1="http://fidus.brussels/service/enterprisefiscaldebtservice/messages/v1" xmlns:v11="http://fidus.brussels/type/common/messages/v1">
   <soapenv:Header/>
   <soapenv:Body>
      <v1:checkEnterpriseDebtRequest>
         <v1:messageContext>
            <v11:messageId>${=import static java.util.UUID.randomUUID; uuid = randomUUID() as String}</v11:messageId>
            <v11:timestamp>${=new java.text.SimpleDateFormat("yyyy-MM-dd'T'HH:mm:ss.SSS").format(new Date())}</v11:timestamp>
         </v1:messageContext>
         <v1:legalContext>ServiceIntegrator</v1:legalContext>
         <v1:request>
            <enterprise>
               <cbeNumber>480260856</cbeNumber>
               <includeAmount>true</includeAmount>
            </enterprise>
         </v1:request>
      </v1:checkEnterpriseDebtRequest>
   </soapenv:Body>
</soapenv:Envelope>]]></con:request><con:credentials><con:selectedAuthProfile>Basic</con:selectedAuthProfile><con:addedBasicAuthenticationTypes>Basic</con:addedBasicAuthenticationTypes><con:authType>Global HTTP Settings</con:authType></con:credentials><con:jmsConfig JMSDeliveryMode="PERSISTENT"/><con:jmsPropertyConfig/><con:wsaConfig mustUnderstand="NONE" version="200508" action="http://fidus.brussels/services/enterprisefiscaldebtservice/checkEnterpriseDebt"/><con:wsrmConfig version="1.2"/></con:call><con:call id="75772684-da55-4219-9277-548e262b06a1" name="4 - Staging - Worker1 - Request" outgoingWss="Outgoing STAGING" incomingWss="Incoming STAGING"><con:settings><con:setting id="com.eviware.soapui.impl.wsdl.WsdlRequest@request-headers">&lt;xml-fragment/></con:setting></con:settings><con:encoding>UTF-8</con:encoding><con:endpoint>https://192.168.24.16:8443/services/EnterpriseFiscalDebtService_v1.0</con:endpoint><con:request><![CDATA[<soapenv:Envelope xmlns:soapenv="http://schemas.xmlsoap.org/soap/envelope/" xmlns:v1="http://fidus.brussels/service/enterprisefiscaldebtservice/messages/v1" xmlns:v11="http://fidus.brussels/type/common/messages/v1">
   <soapenv:Header/>
   <soapenv:Body>
      <v1:checkEnterpriseDebtRequest>
         <v1:messageContext>
            <v11:messageId>${=import static java.util.UUID.randomUUID; uuid = randomUUID() as String}</v11:messageId>
            <v11:timestamp>${=new java.text.SimpleDateFormat("yyyy-MM-dd'T'HH:mm:ss.SSS").format(new Date())}</v11:timestamp>
         </v1:messageContext>
         <v1:legalContext>ServiceIntegrator</v1:legalContext>
         <v1:request>
            <enterprise>
               <cbeNumber>480260856</cbeNumber>
               <includeAmount>true</includeAmount>
            </enterprise>
         </v1:request>
      </v1:checkEnterpriseDebtRequest>
   </soapenv:Body>
</soapenv:Envelope>]]></con:request><con:credentials><con:selectedAuthProfile>Basic</con:selectedAuthProfile><con:addedBasicAuthenticationTypes>Basic</con:addedBasicAuthenticationTypes><con:authType>Global HTTP Settings</con:authType></con:credentials><con:jmsConfig JMSDeliveryMode="PERSISTENT"/><con:jmsPropertyConfig/><con:wsaConfig mustUnderstand="NONE" version="200508" action="http://fidus.brussels/services/enterprisefiscaldebtservice/checkEnterpriseDebt"/><con:wsrmConfig version="1.2"/></con:call><con:call id="1699cba6-fa59-464e-b976-2243f6dcff3a" name="4 - Staging - Worker2 - Request" outgoingWss="Outgoing STAGING" incomingWss="Incoming STAGING"><con:settings><con:setting id="com.eviware.soapui.impl.wsdl.WsdlRequest@request-headers">&lt;xml-fragment/></con:setting></con:settings><con:encoding>UTF-8</con:encoding><con:endpoint>https://192.168.24.17:8443/services/EnterpriseFiscalDebtService_v1.0</con:endpoint><con:request><![CDATA[<soapenv:Envelope xmlns:soapenv="http://schemas.xmlsoap.org/soap/envelope/" xmlns:v1="http://fidus.brussels/service/enterprisefiscaldebtservice/messages/v1" xmlns:v11="http://fidus.brussels/type/common/messages/v1">
   <soapenv:Header/>
   <soapenv:Body>
      <v1:checkEnterpriseDebtRequest>
         <v1:messageContext>
            <v11:messageId>${=import static java.util.UUID.randomUUID; uuid = randomUUID() as String}</v11:messageId>
            <v11:timestamp>${=new java.text.SimpleDateFormat("yyyy-MM-dd'T'HH:mm:ss.SSS").format(new Date())}</v11:timestamp>
         </v1:messageContext>
         <v1:legalContext>ServiceIntegrator</v1:legalContext>
         <v1:request>
            <enterprise>
               <cbeNumber>480260856</cbeNumber>
               <includeAmount>true</includeAmount>
            </enterprise>
         </v1:request>
      </v1:checkEnterpriseDebtRequest>
   </soapenv:Body>
</soapenv:Envelope>]]></con:request><con:credentials><con:selectedAuthProfile>Basic</con:selectedAuthProfile><con:addedBasicAuthenticationTypes>Basic</con:addedBasicAuthenticationTypes><con:authType>Global HTTP Settings</con:authType></con:credentials><con:jmsConfig JMSDeliveryMode="PERSISTENT"/><con:jmsPropertyConfig/><con:wsaConfig mustUnderstand="NONE" version="200508" action="http://fidus.brussels/services/enterprisefiscaldebtservice/checkEnterpriseDebt"/><con:wsrmConfig version="1.2"/></con:call><con:call id="d9c61a57-4de5-4066-995b-e6f1782744ea" name="5 - Prod - External - Request" outgoingWss="Outgoing PROD" incomingWss="Incoming PROD"><con:settings><con:setting id="com.eviware.soapui.impl.wsdl.WsdlRequest@request-headers">&lt;xml-fragment/></con:setting></con:settings><con:encoding>UTF-8</con:encoding><con:endpoint>https://fidus.sec.brussels/services/EnterpriseFiscalDebtService_v1.0</con:endpoint><con:request><![CDATA[<soapenv:Envelope xmlns:soapenv="http://schemas.xmlsoap.org/soap/envelope/" xmlns:v1="http://fidus.brussels/service/enterprisefiscaldebtservice/messages/v1" xmlns:v11="http://fidus.brussels/type/common/messages/v1">
   <soapenv:Header/>
   <soapenv:Body>
      <v1:checkEnterpriseDebtRequest>
         <v1:messageContext>
            <v11:messageId>${=import static java.util.UUID.randomUUID; uuid = randomUUID() as String}</v11:messageId>
            <v11:timestamp>${=new java.text.SimpleDateFormat("yyyy-MM-dd'T'HH:mm:ss.SSS").format(new Date())}</v11:timestamp>
         </v1:messageContext>
         <v1:legalContext>ServiceIntegrator</v1:legalContext>
         <v1:request>
            <enterprise>
               <cbeNumber>480260856</cbeNumber>
               <includeAmount>true</includeAmount>
            </enterprise>
         </v1:request>
      </v1:checkEnterpriseDebtRequest>
   </soapenv:Body>
</soapenv:Envelope>]]></con:request><con:credentials><con:selectedAuthProfile>Basic</con:selectedAuthProfile><con:addedBasicAuthenticationTypes>Basic</con:addedBasicAuthenticationTypes><con:authType>Global HTTP Settings</con:authType></con:credentials><con:jmsConfig JMSDeliveryMode="PERSISTENT"/><con:jmsPropertyConfig/><con:wsaConfig mustUnderstand="NONE" version="200508" action="http://fidus.brussels/services/enterprisefiscaldebtservice/checkEnterpriseDebt"/><con:wsrmConfig version="1.2"/></con:call><con:call id="11b5b3cc-c643-4c13-9440-593c3839b750" name="5 - Prod - LB - Request" outgoingWss="Outgoing PROD" incomingWss="Incoming PROD"><con:settings><con:setting id="com.eviware.soapui.impl.wsdl.WsdlRequest@request-headers">&lt;xml-fragment/></con:setting></con:settings><con:encoding>UTF-8</con:encoding><con:endpoint>https://fidus-esb-sg.prd.srv.cirb.lan:8443/services/EnterpriseFiscalDebtService_v1.0</con:endpoint><con:request><![CDATA[<soapenv:Envelope xmlns:soapenv="http://schemas.xmlsoap.org/soap/envelope/" xmlns:v1="http://fidus.brussels/service/enterprisefiscaldebtservice/messages/v1" xmlns:v11="http://fidus.brussels/type/common/messages/v1">
   <soapenv:Header/>
   <soapenv:Body>
      <v1:checkEnterpriseDebtRequest>
         <v1:messageContext>
            <v11:messageId>${=import static java.util.UUID.randomUUID; uuid = randomUUID() as String}</v11:messageId>
            <v11:timestamp>${=new java.text.SimpleDateFormat("yyyy-MM-dd'T'HH:mm:ss.SSS").format(new Date())}</v11:timestamp>
         </v1:messageContext>
         <v1:legalContext>ServiceIntegrator</v1:legalContext>
         <v1:request>
            <enterprise>
               <cbeNumber>480260856</cbeNumber>
               <includeAmount>true</includeAmount>
            </enterprise>
         </v1:request>
      </v1:checkEnterpriseDebtRequest>
   </soapenv:Body>
</soapenv:Envelope>]]></con:request><con:credentials><con:selectedAuthProfile>Basic</con:selectedAuthProfile><con:addedBasicAuthenticationTypes>Basic</con:addedBasicAuthenticationTypes><con:authType>Global HTTP Settings</con:authType></con:credentials><con:jmsConfig JMSDeliveryMode="PERSISTENT"/><con:jmsPropertyConfig/><con:wsaConfig mustUnderstand="NONE" version="200508" action="http://fidus.brussels/services/enterprisefiscaldebtservice/checkEnterpriseDebt"/><con:wsrmConfig version="1.2"/></con:call><con:call id="a261c05d-e3c0-41b1-8450-5df7b0e86b75" name="5 - Prod - Worker1 - Request" outgoingWss="Outgoing PROD" incomingWss="Incoming PROD"><con:settings><con:setting id="com.eviware.soapui.impl.wsdl.WsdlRequest@request-headers">&lt;xml-fragment/></con:setting></con:settings><con:encoding>UTF-8</con:encoding><con:endpoint>https://192.168.26.22:8443/services/EnterpriseFiscalDebtService_v1.0</con:endpoint><con:request><![CDATA[<soapenv:Envelope xmlns:soapenv="http://schemas.xmlsoap.org/soap/envelope/" xmlns:v1="http://fidus.brussels/service/enterprisefiscaldebtservice/messages/v1" xmlns:v11="http://fidus.brussels/type/common/messages/v1">
   <soapenv:Header/>
   <soapenv:Body>
      <v1:checkEnterpriseDebtRequest>
         <v1:messageContext>
            <v11:messageId>${=import static java.util.UUID.randomUUID; uuid = randomUUID() as String}</v11:messageId>
            <v11:timestamp>${=new java.text.SimpleDateFormat("yyyy-MM-dd'T'HH:mm:ss.SSS").format(new Date())}</v11:timestamp>
         </v1:messageContext>
         <v1:legalContext>ServiceIntegrator</v1:legalContext>
         <v1:request>
            <enterprise>
               <cbeNumber>480260856</cbeNumber>
               <includeAmount>true</includeAmount>
            </enterprise>
         </v1:request>
      </v1:checkEnterpriseDebtRequest>
   </soapenv:Body>
</soapenv:Envelope>]]></con:request><con:credentials><con:selectedAuthProfile>Basic</con:selectedAuthProfile><con:addedBasicAuthenticationTypes>Basic</con:addedBasicAuthenticationTypes><con:authType>Global HTTP Settings</con:authType></con:credentials><con:jmsConfig JMSDeliveryMode="PERSISTENT"/><con:jmsPropertyConfig/><con:wsaConfig mustUnderstand="NONE" version="200508" action="http://fidus.brussels/services/enterprisefiscaldebtservice/checkEnterpriseDebt"/><con:wsrmConfig version="1.2"/></con:call><con:call id="47f50b20-e7dc-42d3-b498-e7603104b643" name="5 - Prod - Worker2 - Request" incomingWss="Incoming PROD" outgoingWss="Outgoing PROD"><con:settings><con:setting id="com.eviware.soapui.impl.wsdl.WsdlRequest@request-headers">&lt;xml-fragment/></con:setting></con:settings><con:encoding>UTF-8</con:encoding><con:endpoint>https://192.168.26.19:8443/services/EnterpriseFiscalDebtService_v1.0</con:endpoint><con:request><![CDATA[<soapenv:Envelope xmlns:soapenv="http://schemas.xmlsoap.org/soap/envelope/" xmlns:v1="http://fidus.brussels/service/enterprisefiscaldebtservice/messages/v1" xmlns:v11="http://fidus.brussels/type/common/messages/v1">
   <soapenv:Header/>
   <soapenv:Body>
      <v1:checkEnterpriseDebtRequest>
         <v1:messageContext>
            <v11:messageId>${=import static java.util.UUID.randomUUID; uuid = randomUUID() as String}</v11:messageId>
            <v11:timestamp>${=new java.text.SimpleDateFormat("yyyy-MM-dd'T'HH:mm:ss.SSS").format(new Date())}</v11:timestamp>
         </v1:messageContext>
         <v1:legalContext>ServiceIntegrator</v1:legalContext>
         <v1:request>
            <enterprise>
               <cbeNumber>480260856</cbeNumber>
               <includeAmount>true</includeAmount>
            </enterprise>
         </v1:request>
      </v1:checkEnterpriseDebtRequest>
   </soapenv:Body>
</soapenv:Envelope>]]></con:request><con:credentials><con:selectedAuthProfile>Basic</con:selectedAuthProfile><con:addedBasicAuthenticationTypes>Basic</con:addedBasicAuthenticationTypes><con:authType>Global HTTP Settings</con:authType></con:credentials><con:jmsConfig JMSDeliveryMode="PERSISTENT"/><con:jmsPropertyConfig/><con:wsaConfig mustUnderstand="NONE" version="200508" action="http://fidus.brussels/services/enterprisefiscaldebtservice/checkEnterpriseDebt"/><con:wsrmConfig version="1.2"/></con:call></con:operation></con:interface><con:testSuite id="218866da-1b93-4cb2-acc5-d99156f36a57" name="DEV"><con:settings/><con:runType>SEQUENTIAL</con:runType><con:testCase id="7ef44634-2419-4cad-b478-69864972fb1a" failOnError="true" failTestCaseOnErrors="true" keepSession="false" maxResults="0" name="checkEnterpriseDebt" searchProperties="true"><con:settings/><con:testStep type="request" id="03d18146-cb04-4060-8278-50165f80a336" name="testcase2 - Dev - Request"><con:settings/><con:config xsi:type="con:RequestStep" xmlns:xsi="http://www.w3.org/2001/XMLSchema-instance"><con:interface>EnterpriseFiscalDebtServiceHTTPBinding</con:interface><con:operation>checkEnterpriseDebt</con:operation><con:request name="testcase2 - Dev - Request" id="07be5c56-25ae-4827-aaef-4f04b29b0644" outgoingWss="Outflow DEV"><con:settings/><con:encoding>UTF-8</con:encoding><con:endpoint>https://192.168.36.61:8243/services/EnterpriseFiscalDebtService_v1.0</con:endpoint><con:request><![CDATA[<soapenv:Envelope xmlns:soapenv="http://schemas.xmlsoap.org/soap/envelope/" xmlns:v1="http://fidus.brussels/service/enterprisefiscaldebtservice/messages/v1" xmlns:v11="http://fidus.brussels/type/common/messages/v1">
   <soapenv:Header/>
   <soapenv:Body>
      <v1:checkEnterpriseDebtRequest>
         <v1:messageContext>
            <v11:messageId>${=import static java.util.UUID.randomUUID; uuid = randomUUID() as String}</v11:messageId>
            <v11:timestamp>${=new java.text.SimpleDateFormat("yyyy-MM-dd'T'HH:mm:ss.SSS").format(new Date())}</v11:timestamp>
         </v1:messageContext>
         <v1:legalContext>ServiceIntegrator</v1:legalContext>
         <v1:request>
            <enterprise>
               <cbeNumber>480260856</cbeNumber>
               <includeAmount>true</includeAmount>
            </enterprise>
         </v1:request>
      </v1:checkEnterpriseDebtRequest>
   </soapenv:Body>
</soapenv:Envelope>]]></con:request><con:assertion type="SOAP Fault Assertion" id="6ada3eb1-1e5f-4a86-877b-32ec37422fbe" name="Not SOAP Fault"/><con:assertion type="SOAP Response" id="f789fc72-ee76-4c80-92c7-2c2c0a6a5141" name="SOAP Response"/><con:assertion type="Schema Compliance" id="19da71e6-77fa-43bc-b467-11a5a25df96d" name="Schema Compliance"><con:configuration/></con:assertion><con:wsaConfig action="http://fidus.brussels/services/enterprisefiscaldebtservice/checkEnterpriseDebt"/></con:request></con:config></con:testStep><con:properties/></con:testCase><con:properties/></con:testSuite><con:testSuite id="a3fab5cd-a0aa-4565-9091-bd401d209000" name="TEST"><con:settings/><con:runType>SEQUENTIAL</con:runType><con:testCase id="bdcf7f10-5c5d-45e1-a4af-3e72227263e9" failOnError="true" failTestCaseOnErrors="true" keepSession="false" maxResults="0" name="checkEnterpriseDebt" searchProperties="true"><con:settings/><con:testStep type="request" id="dfeeb414-47f2-411a-8a4e-e68b87530c7f" name="testcase3 - Test - LB - Request"><con:settings/><con:config xsi:type="con:RequestStep" xmlns:xsi="http://www.w3.org/2001/XMLSchema-instance"><con:interface>EnterpriseFiscalDebtServiceHTTPBinding</con:interface><con:operation>checkEnterpriseDebt</con:operation><con:request name="testcase3 - Test - LB - Request" id="cee093aa-e269-4b96-a0e9-0028b3a98b70" outgoingWss="Outflow TEST"><con:settings/><con:encoding>UTF-8</con:encoding><con:endpoint>https://esb-security-gw.sta.srv.cirb.lan:8443/services/EnterpriseFiscalDebtService_v1.0</con:endpoint><con:request><![CDATA[<soapenv:Envelope xmlns:soapenv="http://schemas.xmlsoap.org/soap/envelope/" xmlns:v1="http://fidus.brussels/service/enterprisefiscaldebtservice/messages/v1" xmlns:v11="http://fidus.brussels/type/common/messages/v1">
   <soapenv:Header/>
   <soapenv:Body>
      <v1:checkEnterpriseDebtRequest>
         <v1:messageContext>
            <v11:messageId>${=import static java.util.UUID.randomUUID; uuid = randomUUID() as String}</v11:messageId>
            <v11:timestamp>${=new java.text.SimpleDateFormat("yyyy-MM-dd'T'HH:mm:ss.SSS").format(new Date())}</v11:timestamp>
         </v1:messageContext>
         <v1:legalContext>ServiceIntegrator</v1:legalContext>
         <v1:request>
            <enterprise>
               <cbeNumber>480260856</cbeNumber>
               <includeAmount>true</includeAmount>
            </enterprise>
         </v1:request>
      </v1:checkEnterpriseDebtRequest>
   </soapenv:Body>
</soapenv:Envelope>]]></con:request><con:assertion type="SOAP Fault Assertion" id="640bccd8-fba8-44f7-9224-b839ff5cc855" name="Not SOAP Fault"/><con:assertion type="SOAP Response" id="f36e8c15-28a7-4c1a-9f1b-43246d5d1341" name="SOAP Response"/><con:assertion type="Schema Compliance" id="aa4984e6-2447-4c10-96e1-5bf5cc5f9ce4" name="Schema Compliance"><con:configuration/></con:assertion><con:wsaConfig action="http://fidus.brussels/services/enterprisefiscaldebtservice/checkEnterpriseDebt"/></con:request></con:config></con:testStep><con:testStep type="request" id="0c613eb2-5ec3-4948-b4e7-dc050268a9ae" name="testcase3 - Test - External - Request"><con:settings/><con:config xsi:type="con:RequestStep" xmlns:xsi="http://www.w3.org/2001/XMLSchema-instance"><con:interface>EnterpriseFiscalDebtServiceHTTPBinding</con:interface><con:operation>checkEnterpriseDebt</con:operation><con:request name="testcase3 - Test - External - Request" id="ff97d1c2-1e74-4494-bd35-544016e8247c" outgoingWss="Outflow TEST"><con:settings/><con:encoding>UTF-8</con:encoding><con:endpoint>https://fidus-test.irisnetlab.be/services/EnterpriseFiscalDebtService_v1.0</con:endpoint><con:request><![CDATA[<soapenv:Envelope xmlns:soapenv="http://schemas.xmlsoap.org/soap/envelope/" xmlns:v1="http://fidus.brussels/service/enterprisefiscaldebtservice/messages/v1" xmlns:v11="http://fidus.brussels/type/common/messages/v1">
   <soapenv:Header/>
   <soapenv:Body>
      <v1:checkEnterpriseDebtRequest>
         <v1:messageContext>
            <v11:messageId>${=import static java.util.UUID.randomUUID; uuid = randomUUID() as String}</v11:messageId>
            <v11:timestamp>${=new java.text.SimpleDateFormat("yyyy-MM-dd'T'HH:mm:ss.SSS").format(new Date())}</v11:timestamp>
         </v1:messageContext>
         <v1:legalContext>ServiceIntegrator</v1:legalContext>
         <v1:request>
            <enterprise>
               <cbeNumber>480260856</cbeNumber>
               <includeAmount>true</includeAmount>
            </enterprise>
         </v1:request>
      </v1:checkEnterpriseDebtRequest>
   </soapenv:Body>
</soapenv:Envelope>]]></con:request><con:assertion type="SOAP Fault Assertion" id="8177868e-6560-4ea0-90d2-8ca6e5494ea3" name="Not SOAP Fault"/><con:assertion type="SOAP Response" id="277021a1-0608-4bdc-9202-62126dcbc4a2" name="SOAP Response"/><con:assertion type="Schema Compliance" id="7ceab5d2-24d4-47d2-ae75-057ef0865432" name="Schema Compliance"><con:configuration/></con:assertion><con:wsaConfig action="http://fidus.brussels/services/enterprisefiscaldebtservice/checkEnterpriseDebt"/></con:request></con:config></con:testStep><con:testStep type="request" id="f2691248-2ca2-443c-a838-783ca1450767" name="testcase3 - Test - Worker1 - Request"><con:settings/><con:config xsi:type="con:RequestStep" xmlns:xsi="http://www.w3.org/2001/XMLSchema-instance"><con:interface>EnterpriseFiscalDebtServiceHTTPBinding</con:interface><con:operation>checkEnterpriseDebt</con:operation><con:request name="testcase3 - Test - Worker1 - Request" id="4732f3d1-46eb-40a7-9760-e5ba49d5b74e" outgoingWss="Outflow TEST"><con:settings/><con:encoding>UTF-8</con:encoding><con:endpoint>https://192.168.22.53:8443/services/EnterpriseFiscalDebtService_v1.0</con:endpoint><con:request><![CDATA[<soapenv:Envelope xmlns:soapenv="http://schemas.xmlsoap.org/soap/envelope/" xmlns:v1="http://fidus.brussels/service/enterprisefiscaldebtservice/messages/v1" xmlns:v11="http://fidus.brussels/type/common/messages/v1">
   <soapenv:Header/>
   <soapenv:Body>
      <v1:checkEnterpriseDebtRequest>
         <v1:messageContext>
            <v11:messageId>${=import static java.util.UUID.randomUUID; uuid = randomUUID() as String}</v11:messageId>
            <v11:timestamp>${=new java.text.SimpleDateFormat("yyyy-MM-dd'T'HH:mm:ss.SSS").format(new Date())}</v11:timestamp>
         </v1:messageContext>
         <v1:legalContext>ServiceIntegrator</v1:legalContext>
         <v1:request>
            <enterprise>
               <cbeNumber>480260856</cbeNumber>
               <includeAmount>true</includeAmount>
            </enterprise>
         </v1:request>
      </v1:checkEnterpriseDebtRequest>
   </soapenv:Body>
</soapenv:Envelope>]]></con:request><con:assertion type="SOAP Fault Assertion" id="93fcf22e-ad9f-4010-aef9-0c0a7bad7899" name="Not SOAP Fault"/><con:assertion type="SOAP Response" id="1cc6fa2f-d898-4d38-ba87-a2f2a6b1b159" name="SOAP Response"/><con:assertion type="Schema Compliance" id="fa92f32b-47cf-4493-b313-cb461f02f0aa" name="Schema Compliance"><con:configuration/></con:assertion><con:wsaConfig action="http://fidus.brussels/services/enterprisefiscaldebtservice/checkEnterpriseDebt"/></con:request></con:config></con:testStep><con:testStep type="request" id="dec221cb-c31c-4778-a4c5-445b448b176f" name="testcase3 - Test - Worker2 - Request"><con:settings/><con:config xsi:type="con:RequestStep" xmlns:xsi="http://www.w3.org/2001/XMLSchema-instance"><con:interface>EnterpriseFiscalDebtServiceHTTPBinding</con:interface><con:operation>checkEnterpriseDebt</con:operation><con:request name="testcase3 - Test - Worker2 - Request" id="012398b6-4dbf-4c6f-b9bd-58895742069c" outgoingWss="Outflow TEST"><con:settings/><con:encoding>UTF-8</con:encoding><con:endpoint>https://192.168.22.54:8443/services/EnterpriseFiscalDebtService_v1.0</con:endpoint><con:request><![CDATA[<soapenv:Envelope xmlns:soapenv="http://schemas.xmlsoap.org/soap/envelope/" xmlns:v1="http://fidus.brussels/service/enterprisefiscaldebtservice/messages/v1" xmlns:v11="http://fidus.brussels/type/common/messages/v1">
   <soapenv:Header/>
   <soapenv:Body>
      <v1:checkEnterpriseDebtRequest>
         <v1:messageContext>
            <v11:messageId>${=import static java.util.UUID.randomUUID; uuid = randomUUID() as String}</v11:messageId>
            <v11:timestamp>${=new java.text.SimpleDateFormat("yyyy-MM-dd'T'HH:mm:ss.SSS").format(new Date())}</v11:timestamp>
         </v1:messageContext>
         <v1:legalContext>ServiceIntegrator</v1:legalContext>
         <v1:request>
            <enterprise>
               <cbeNumber>480260856</cbeNumber>
               <includeAmount>true</includeAmount>
            </enterprise>
         </v1:request>
      </v1:checkEnterpriseDebtRequest>
   </soapenv:Body>
</soapenv:Envelope>]]></con:request><con:assertion type="SOAP Fault Assertion" id="053c2bad-87d7-4042-8e25-3e9645c77c1d" name="Not SOAP Fault"/><con:assertion type="SOAP Response" id="7453fa87-ec56-497e-8567-5d1047451a9d" name="SOAP Response"/><con:assertion type="Schema Compliance" id="696561d1-8872-40c5-afff-21038dbdb677" name="Schema Compliance"><con:configuration/></con:assertion><con:wsaConfig action="http://fidus.brussels/services/enterprisefiscaldebtservice/checkEnterpriseDebt"/></con:request></con:config></con:testStep><con:properties/></con:testCase><con:properties/></con:testSuite><con:testSuite id="8df3c7ac-fadf-41b5-b039-4fc45458b7fd" name="STAG"><con:settings/><con:runType>SEQUENTIAL</con:runType><con:testCase id="471b3f09-9ae0-4721-b0c3-38a327a461d2" failOnError="true" failTestCaseOnErrors="true" keepSession="false" maxResults="0" name="checkEnterpriseDebt" searchProperties="true"><con:settings/><con:testStep type="request" id="9b11b228-ab8b-48ed-be50-03d50782f6dd" name="testcase4 - Staging - External - Request"><con:settings/><con:config xsi:type="con:RequestStep" xmlns:xsi="http://www.w3.org/2001/XMLSchema-instance"><con:interface>EnterpriseFiscalDebtServiceHTTPBinding</con:interface><con:operation>checkEnterpriseDebt</con:operation><con:request name="testcase4 - Staging - External - Request" id="31e402a9-135e-4096-a8b1-1f66a3326f30" outgoingWss="Outflow STAG"><con:settings/><con:encoding>UTF-8</con:encoding><con:endpoint>https://fidus.irisnetlab.be/services/EnterpriseFiscalDebtService_v1.0</con:endpoint><con:request><![CDATA[<soapenv:Envelope xmlns:soapenv="http://schemas.xmlsoap.org/soap/envelope/" xmlns:v1="http://fidus.brussels/service/enterprisefiscaldebtservice/messages/v1" xmlns:v11="http://fidus.brussels/type/common/messages/v1">
   <soapenv:Header/>
   <soapenv:Body>
      <v1:checkEnterpriseDebtRequest>
         <v1:messageContext>
            <v11:messageId>${=import static java.util.UUID.randomUUID; uuid = randomUUID() as String}</v11:messageId>
            <v11:timestamp>${=new java.text.SimpleDateFormat("yyyy-MM-dd'T'HH:mm:ss.SSS").format(new Date())}</v11:timestamp>
         </v1:messageContext>
         <v1:legalContext>ServiceIntegrator</v1:legalContext>
         <v1:request>
            <enterprise>
               <cbeNumber>480260856</cbeNumber>
               <includeAmount>true</includeAmount>
            </enterprise>
         </v1:request>
      </v1:checkEnterpriseDebtRequest>
   </soapenv:Body>
</soapenv:Envelope>]]></con:request><con:assertion type="SOAP Fault Assertion" id="75a429a5-c254-4001-a5e7-bf4811b7c600" name="Not SOAP Fault"/><con:assertion type="SOAP Response" id="72bfc436-a93a-4fc3-977b-92beeb625a1c" name="SOAP Response"/><con:assertion type="Schema Compliance" id="6a682b03-faed-4d3e-89ad-0cf6a2dea823" name="Schema Compliance"><con:configuration/></con:assertion><con:wsaConfig action="http://fidus.brussels/services/enterprisefiscaldebtservice/checkEnterpriseDebt"/></con:request></con:config></con:testStep><con:testStep type="request" id="57b7f6c8-9cd5-42ca-b055-f99dd6bc9d7c" name="testcase4 - Staging - LB - Request"><con:settings/><con:config xsi:type="con:RequestStep" xmlns:xsi="http://www.w3.org/2001/XMLSchema-instance"><con:interface>EnterpriseFiscalDebtServiceHTTPBinding</con:interface><con:operation>checkEnterpriseDebt</con:operation><con:request name="testcase4 - Staging - LB - Request" id="9450d41c-a7ad-490c-b699-299b677544b2" outgoingWss="Outflow STAG"><con:settings/><con:encoding>UTF-8</con:encoding><con:endpoint>https://fidus-esb-sg.sta.srv.cirb.lan:8443/services/EnterpriseFiscalDebtService_v1.0</con:endpoint><con:request><![CDATA[<soapenv:Envelope xmlns:soapenv="http://schemas.xmlsoap.org/soap/envelope/" xmlns:v1="http://fidus.brussels/service/enterprisefiscaldebtservice/messages/v1" xmlns:v11="http://fidus.brussels/type/common/messages/v1">
   <soapenv:Header/>
   <soapenv:Body>
      <v1:checkEnterpriseDebtRequest>
         <v1:messageContext>
            <v11:messageId>${=import static java.util.UUID.randomUUID; uuid = randomUUID() as String}</v11:messageId>
            <v11:timestamp>${=new java.text.SimpleDateFormat("yyyy-MM-dd'T'HH:mm:ss.SSS").format(new Date())}</v11:timestamp>
         </v1:messageContext>
         <v1:legalContext>ServiceIntegrator</v1:legalContext>
         <v1:request>
            <enterprise>
               <cbeNumber>480260856</cbeNumber>
               <includeAmount>true</includeAmount>
            </enterprise>
         </v1:request>
      </v1:checkEnterpriseDebtRequest>
   </soapenv:Body>
</soapenv:Envelope>]]></con:request><con:assertion type="SOAP Fault Assertion" id="177c15d8-f017-4886-9972-c3b5f1dfea8b" name="Not SOAP Fault"/><con:assertion type="SOAP Response" id="06efe8dc-9267-421a-8eeb-f37fe2e99772" name="SOAP Response"/><con:assertion type="Schema Compliance" id="f9551ee1-7094-427b-947a-2a374b236ece" name="Schema Compliance"><con:configuration/></con:assertion><con:wsaConfig action="http://fidus.brussels/services/enterprisefiscaldebtservice/checkEnterpriseDebt"/></con:request></con:config></con:testStep><con:testStep type="request" id="faae68b1-5c3a-4937-801f-d87caef5ec82" name="testcase4 - Staging - Worker1 - Request"><con:settings/><con:config xsi:type="con:RequestStep" xmlns:xsi="http://www.w3.org/2001/XMLSchema-instance"><con:interface>EnterpriseFiscalDebtServiceHTTPBinding</con:interface><con:operation>checkEnterpriseDebt</con:operation><con:request name="testcase4 - Staging - Worker1 - Request" id="207009af-a927-431c-8055-bab8a35bb80c" outgoingWss="Outflow STAG"><con:settings/><con:encoding>UTF-8</con:encoding><con:endpoint>https://192.168.24.16:8443/services/EnterpriseFiscalDebtService_v1.0</con:endpoint><con:request><![CDATA[<soapenv:Envelope xmlns:soapenv="http://schemas.xmlsoap.org/soap/envelope/" xmlns:v1="http://fidus.brussels/service/enterprisefiscaldebtservice/messages/v1" xmlns:v11="http://fidus.brussels/type/common/messages/v1">
   <soapenv:Header/>
   <soapenv:Body>
      <v1:checkEnterpriseDebtRequest>
         <v1:messageContext>
            <v11:messageId>${=import static java.util.UUID.randomUUID; uuid = randomUUID() as String}</v11:messageId>
            <v11:timestamp>${=new java.text.SimpleDateFormat("yyyy-MM-dd'T'HH:mm:ss.SSS").format(new Date())}</v11:timestamp>
         </v1:messageContext>
         <v1:legalContext>ServiceIntegrator</v1:legalContext>
         <v1:request>
            <enterprise>
               <cbeNumber>480260856</cbeNumber>
               <includeAmount>true</includeAmount>
            </enterprise>
         </v1:request>
      </v1:checkEnterpriseDebtRequest>
   </soapenv:Body>
</soapenv:Envelope>]]></con:request><con:assertion type="SOAP Fault Assertion" id="b74fe426-2d3e-448d-a79c-f0839a7a3450" name="Not SOAP Fault"/><con:assertion type="SOAP Response" id="df073d25-ca55-4026-92e6-a8abcc96b5ce" name="SOAP Response"/><con:assertion type="Schema Compliance" id="f2c0f9dd-81e8-44e9-b61b-96afb9379b26" name="Schema Compliance"><con:configuration/></con:assertion><con:wsaConfig action="http://fidus.brussels/services/enterprisefiscaldebtservice/checkEnterpriseDebt"/></con:request></con:config></con:testStep><con:testStep type="request" id="1571c712-af91-4467-9e2e-ce9b2b93b3c2" name="testcase4 - Staging - Worker2 - Request"><con:settings/><con:config xsi:type="con:RequestStep" xmlns:xsi="http://www.w3.org/2001/XMLSchema-instance"><con:interface>EnterpriseFiscalDebtServiceHTTPBinding</con:interface><con:operation>checkEnterpriseDebt</con:operation><con:request name="testcase4 - Staging - Worker2 - Request" id="f59f4c9d-cafb-4664-8ea9-9bbbe0d65b5b" outgoingWss="Outflow STAG"><con:settings/><con:encoding>UTF-8</con:encoding><con:endpoint>https://192.168.24.17:8443/services/EnterpriseFiscalDebtService_v1.0</con:endpoint><con:request><![CDATA[<soapenv:Envelope xmlns:soapenv="http://schemas.xmlsoap.org/soap/envelope/" xmlns:v1="http://fidus.brussels/service/enterprisefiscaldebtservice/messages/v1" xmlns:v11="http://fidus.brussels/type/common/messages/v1">
   <soapenv:Header/>
   <soapenv:Body>
      <v1:checkEnterpriseDebtRequest>
         <v1:messageContext>
            <v11:messageId>${=import static java.util.UUID.randomUUID; uuid = randomUUID() as String}</v11:messageId>
            <v11:timestamp>${=new java.text.SimpleDateFormat("yyyy-MM-dd'T'HH:mm:ss.SSS").format(new Date())}</v11:timestamp>
         </v1:messageContext>
         <v1:legalContext>ServiceIntegrator</v1:legalContext>
         <v1:request>
            <enterprise>
               <cbeNumber>480260856</cbeNumber>
               <includeAmount>true</includeAmount>
            </enterprise>
         </v1:request>
      </v1:checkEnterpriseDebtRequest>
   </soapenv:Body>
</soapenv:Envelope>]]></con:request><con:assertion type="SOAP Fault Assertion" id="3323db4a-d826-4e37-9cb8-3f54e291a31f" name="Not SOAP Fault"/><con:assertion type="SOAP Response" id="4552cdfe-1748-4ab8-bcaa-3740dc3c66b1" name="SOAP Response"/><con:assertion type="Schema Compliance" id="70cf4184-37af-48bd-b625-84cdccce85ee" name="Schema Compliance"><con:configuration/></con:assertion><con:wsaConfig action="http://fidus.brussels/services/enterprisefiscaldebtservice/checkEnterpriseDebt"/></con:request></con:config></con:testStep><con:properties/></con:testCase><con:properties/></con:testSuite><con:testSuite id="914f7529-eb4f-4d5a-816a-460ad27e6f7c" name="PROD"><con:settings/><con:runType>SEQUENTIAL</con:runType><con:testCase id="85eef11c-3561-4c80-9112-f61b6a222125" failOnError="true" failTestCaseOnErrors="true" keepSession="false" maxResults="0" name="checkEnterpriseDebt" searchProperties="true"><con:settings/><con:testStep type="request" id="3475b4b2-d4f5-46aa-9773-9efdc725f933" name="testcase5 - Prod - External - Request"><con:settings/><con:config xsi:type="con:RequestStep" xmlns:xsi="http://www.w3.org/2001/XMLSchema-instance"><con:interface>EnterpriseFiscalDebtServiceHTTPBinding</con:interface><con:operation>checkEnterpriseDebt</con:operation><con:request name="testcase5 - Prod - External - Request" id="46fa47e4-e96b-436e-91b2-c56eec3b52ea" outgoingWss="Outflow PROD"><con:settings/><con:encoding>UTF-8</con:encoding><con:endpoint>https://fidus.sec.brussels/services/EnterpriseFiscalDebtService_v1.0</con:endpoint><con:request><![CDATA[<soapenv:Envelope xmlns:soapenv="http://schemas.xmlsoap.org/soap/envelope/" xmlns:v1="http://fidus.brussels/service/enterprisefiscaldebtservice/messages/v1" xmlns:v11="http://fidus.brussels/type/common/messages/v1">
   <soapenv:Header/>
   <soapenv:Body>
      <v1:checkEnterpriseDebtRequest>
         <v1:messageContext>
            <v11:messageId>${=import static java.util.UUID.randomUUID; uuid = randomUUID() as String}</v11:messageId>
            <v11:timestamp>${=new java.text.SimpleDateFormat("yyyy-MM-dd'T'HH:mm:ss.SSS").format(new Date())}</v11:timestamp>
         </v1:messageContext>
         <v1:legalContext>ServiceIntegrator</v1:legalContext>
         <v1:request>
            <enterprise>
               <cbeNumber>480260856</cbeNumber>
               <includeAmount>true</includeAmount>
            </enterprise>
         </v1:request>
      </v1:checkEnterpriseDebtRequest>
   </soapenv:Body>
</soapenv:Envelope>]]></con:request><con:assertion type="SOAP Fault Assertion" id="502f6dd3-5ce6-4cd9-9d94-49a362ec8e9d" name="Not SOAP Fault"/><con:assertion type="SOAP Response" id="bf20567e-0b4c-4bdd-b9dc-e768eae230d8" name="SOAP Response"/><con:assertion type="Schema Compliance" id="e18e2cdf-4735-4375-9aa1-1e6f10356af1" name="Schema Compliance"><con:configuration/></con:assertion><con:wsaConfig action="http://fidus.brussels/services/enterprisefiscaldebtservice/checkEnterpriseDebt"/></con:request></con:config></con:testStep><con:testStep type="request" id="99b21b0d-bde5-4f38-aab3-16f49014288b" name="testcase5 - Prod - LB - Request"><con:settings/><con:config xsi:type="con:RequestStep" xmlns:xsi="http://www.w3.org/2001/XMLSchema-instance"><con:interface>EnterpriseFiscalDebtServiceHTTPBinding</con:interface><con:operation>checkEnterpriseDebt</con:operation><con:request name="testcase5 - Prod - LB - Request" id="4489dd9e-059c-4c17-b1db-c40613d2f84c" outgoingWss="Outflow PROD"><con:settings/><con:encoding>UTF-8</con:encoding><con:endpoint>https://fidus-esb-sg.prd.srv.cirb.lan:8443/services/EnterpriseFiscalDebtService_v1.0</con:endpoint><con:request><![CDATA[<soapenv:Envelope xmlns:soapenv="http://schemas.xmlsoap.org/soap/envelope/" xmlns:v1="http://fidus.brussels/service/enterprisefiscaldebtservice/messages/v1" xmlns:v11="http://fidus.brussels/type/common/messages/v1">
   <soapenv:Header/>
   <soapenv:Body>
      <v1:checkEnterpriseDebtRequest>
         <v1:messageContext>
            <v11:messageId>${=import static java.util.UUID.randomUUID; uuid = randomUUID() as String}</v11:messageId>
            <v11:timestamp>${=new java.text.SimpleDateFormat("yyyy-MM-dd'T'HH:mm:ss.SSS").format(new Date())}</v11:timestamp>
         </v1:messageContext>
         <v1:legalContext>ServiceIntegrator</v1:legalContext>
         <v1:request>
            <enterprise>
               <cbeNumber>480260856</cbeNumber>
               <includeAmount>true</includeAmount>
            </enterprise>
         </v1:request>
      </v1:checkEnterpriseDebtRequest>
   </soapenv:Body>
</soapenv:Envelope>]]></con:request><con:assertion type="SOAP Fault Assertion" id="042d4383-44f6-481a-ab58-e5a18fe0a51b" name="Not SOAP Fault"/><con:assertion type="SOAP Response" id="5c27603b-646b-4f6b-ac36-b9191660de12" name="SOAP Response"/><con:assertion type="Schema Compliance" id="9b75cb77-49c9-4bd2-9013-c55a3390a91a" name="Schema Compliance"><con:configuration/></con:assertion><con:wsaConfig action="http://fidus.brussels/services/enterprisefiscaldebtservice/checkEnterpriseDebt"/></con:request></con:config></con:testStep><con:testStep type="request" id="5d13da5b-3f7b-4e03-9e0b-7b4fa96ec2c1" name="testcase5 - Prod - Worker1 - Request"><con:settings/><con:config xsi:type="con:RequestStep" xmlns:xsi="http://www.w3.org/2001/XMLSchema-instance"><con:interface>EnterpriseFiscalDebtServiceHTTPBinding</con:interface><con:operation>checkEnterpriseDebt</con:operation><con:request name="testcase5 - Prod - Worker1 - Request" id="6df87b08-9af2-493c-8773-7984e7d71f81" outgoingWss="Outflow PROD"><con:settings/><con:encoding>UTF-8</con:encoding><con:endpoint>https://192.168.26.22:8443/services/EnterpriseFiscalDebtService_v1.0</con:endpoint><con:request><![CDATA[<soapenv:Envelope xmlns:soapenv="http://schemas.xmlsoap.org/soap/envelope/" xmlns:v1="http://fidus.brussels/service/enterprisefiscaldebtservice/messages/v1" xmlns:v11="http://fidus.brussels/type/common/messages/v1">
   <soapenv:Header/>
   <soapenv:Body>
      <v1:checkEnterpriseDebtRequest>
         <v1:messageContext>
            <v11:messageId>${=import static java.util.UUID.randomUUID; uuid = randomUUID() as String}</v11:messageId>
            <v11:timestamp>${=new java.text.SimpleDateFormat("yyyy-MM-dd'T'HH:mm:ss.SSS").format(new Date())}</v11:timestamp>
         </v1:messageContext>
         <v1:legalContext>ServiceIntegrator</v1:legalContext>
         <v1:request>
            <enterprise>
               <cbeNumber>480260856</cbeNumber>
               <includeAmount>true</includeAmount>
            </enterprise>
         </v1:request>
      </v1:checkEnterpriseDebtRequest>
   </soapenv:Body>
</soapenv:Envelope>]]></con:request><con:assertion type="SOAP Fault Assertion" id="9e8ce73d-e703-49dd-bb90-4806f470b4be" name="Not SOAP Fault"/><con:assertion type="SOAP Response" id="f4502e33-bdc8-4411-b485-b56da91e731f" name="SOAP Response"/><con:assertion type="Schema Compliance" id="ac9ca00b-1ec4-481a-8ae0-e3f1d1687bb8" name="Schema Compliance"><con:configuration/></con:assertion><con:wsaConfig action="http://fidus.brussels/services/enterprisefiscaldebtservice/checkEnterpriseDebt"/></con:request></con:config></con:testStep><con:testStep type="request" id="56507425-8d8e-4050-8929-a784c85995e7" name="testcase5 - Prod - Worker2 - Request"><con:settings/><con:config xsi:type="con:RequestStep" xmlns:xsi="http://www.w3.org/2001/XMLSchema-instance"><con:interface>EnterpriseFiscalDebtServiceHTTPBinding</con:interface><con:operation>checkEnterpriseDebt</con:operation><con:request name="testcase5 - Prod - Worker2 - Request" id="82709750-0140-4c16-8594-3ded5c5fa185" outgoingWss="Outflow PROD"><con:settings/><con:encoding>UTF-8</con:encoding><con:endpoint>https://192.168.26.19:8443/services/EnterpriseFiscalDebtService_v1.0</con:endpoint><con:request><![CDATA[<soapenv:Envelope xmlns:soapenv="http://schemas.xmlsoap.org/soap/envelope/" xmlns:v1="http://fidus.brussels/service/enterprisefiscaldebtservice/messages/v1" xmlns:v11="http://fidus.brussels/type/common/messages/v1">
   <soapenv:Header/>
   <soapenv:Body>
      <v1:checkEnterpriseDebtRequest>
         <v1:messageContext>
            <v11:messageId>${=import static java.util.UUID.randomUUID; uuid = randomUUID() as String}</v11:messageId>
            <v11:timestamp>${=new java.text.SimpleDateFormat("yyyy-MM-dd'T'HH:mm:ss.SSS").format(new Date())}</v11:timestamp>
         </v1:messageContext>
         <v1:legalContext>ServiceIntegrator</v1:legalContext>
         <v1:request>
            <enterprise>
               <cbeNumber>480260856</cbeNumber>
               <includeAmount>true</includeAmount>
            </enterprise>
         </v1:request>
      </v1:checkEnterpriseDebtRequest>
   </soapenv:Body>
</soapenv:Envelope>]]></con:request><con:assertion type="SOAP Fault Assertion" id="f4db79c1-2bb9-4255-b7af-721046ba4a24" name="Not SOAP Fault"/><con:assertion type="SOAP Response" id="56b5ea98-bf45-4fbf-9d3e-febc1ae6072e" name="SOAP Response"/><con:assertion type="Schema Compliance" id="db97acee-8c03-4580-8809-2fab61d52b1e" name="Schema Compliance"><con:configuration/></con:assertion><con:wsaConfig action="http://fidus.brussels/services/enterprisefiscaldebtservice/checkEnterpriseDebt"/></con:request></con:config></con:testStep><con:properties/></con:testCase><con:properties/></con:testSuite><con:properties/><con:wssContainer><con:crypto><con:source>data/wso2/keystores/user-rajarshi.jks</con:source><con:password>test@fidus01</con:password><con:type>KEYSTORE</con:type></con:crypto><con:outgoing><con:name>Outflow DEV</con:name></con:outgoing><con:outgoing><con:name>Outflow TEST</con:name><con:entry type="Signature" username="testuser-test.fidus.brussels" password="test@fidus01"><con:configuration><crypto>user-rajarshi.jks</crypto><keyIdentifierType>3</keyIdentifierType><signatureAlgorithm/><signatureCanonicalization/><useSingleCert>true</useSingleCert><digestAlgorithm/><customTokenValueType/><customTokenId/></con:configuration></con:entry><con:entry type="Timestamp"><con:configuration><timeToLive>300000</timeToLive><strictTimestamp>true</strictTimestamp></con:configuration></con:entry></con:outgoing><con:outgoing><con:name>Outflow STAG</con:name></con:outgoing><con:outgoing><con:name>Outflow PROD</con:name></con:outgoing></con:wssContainer><con:oAuth2ProfileContainer/><con:oAuth1ProfileContainer/><con:sensitiveInformation/></con:soapui-project>