<?xml version="1.0" encoding="UTF-8"?>
<con:soapui-project id="11b404ed-5013-42b2-92a9-013432525abe" activeEnvironment="Default" name="Client-LowEmissionZoneService-soapui-project" resourceRoot="" soapui-version="5.1.3" abortOnError="false" runType="SEQUENTIAL" xmlns:con="http://eviware.com/soapui/config"><con:settings/><con:interface xsi:type="con:WsdlInterface" id="548e423b-90e0-4e19-b45f-01f908a20276" wsaVersion="NONE" name="LowEmissionZoneServiceHTTPBinding" type="wsdl" bindingName="{http://fidus.brussels/service/lowemissionzoneservice/v1}LowEmissionZoneServiceHTTPBinding" soapVersion="1_1" anonymous="optional" definition="file:/home/ebarbieux/Dev/fidus/lowemissionzoneservice/LowEmissionZoneServiceGateway/src/main/resources/wsdl/lowEmissionZoneService/1.0.0/LowEmissionZoneService_v1.wsdl" xmlns:xsi="http://www.w3.org/2001/XMLSchema-instance"><con:settings/><con:definitionCache type="TEXT" rootPart="file:/home/ebarbieux/Dev/fidus/lowemissionzoneservice/LowEmissionZoneServiceGateway/src/main/resources/wsdl/lowEmissionZoneService/1.0.0/LowEmissionZoneService_v1.wsdl"><con:part><con:url>file:/home/ebarbieux/Dev/fidus/lowemissionzoneservice/LowEmissionZoneServiceGateway/src/main/resources/wsdl/lowEmissionZoneService/1.0.0/LowEmissionZoneService_v1.wsdl</con:url><con:content><![CDATA[<wsdl:definitions targetNamespace="http://fidus.brussels/service/lowemissionzoneservice/v1" name="LowEmissionZoneService" xmlns:soap="http://schemas.xmlsoap.org/wsdl/soap/" xmlns:wsdl="http://schemas.xmlsoap.org/wsdl/" xmlns:xsd="http://www.w3.org/2001/XMLSchema" xmlns:mes="http://fidus.brussels/service/lowemissionzoneservice/messages/v1" xmlns:tns="http://fidus.brussels/service/lowemissionzoneservice/v1">
  <xsd:annotation>
    <xsd:documentation>LowEmissionZoneService WDSL v1.</xsd:documentation>
  </xsd:annotation>
  <wsdl:types>
    <xsd:schema targetNamespace="http://fidus.brussels/service/lowemissionzoneservice/v1" elementFormDefault="qualified">
      <xsd:import namespace="http://fidus.brussels/service/lowemissionzoneservice/messages/v1" schemaLocation="messages/lowEmissionZoneServiceMessages_v1.xsd"/>
    </xsd:schema>
  </wsdl:types>
  <wsdl:message name="getPhotoRequestMessage">
    <wsdl:part name="GetLowEmissionZoneServiceRequest" element="mes:getPhotoRequest"/>
  </wsdl:message>
  <wsdl:message name="getPhotoResponseMessage">
    <wsdl:part name="GetLowEmissionZoneServiceResponse" element="mes:getPhotoResponse"/>
  </wsdl:message>
  <wsdl:message name="sendFormRequestMessage">
    <wsdl:part name="SendFormRequest" element="mes:sendFormRequest"/>
  </wsdl:message>
  <wsdl:message name="sendFormResponseMessage">
    <wsdl:part name="SendFormResponse" element="mes:sendFormResponse"/>
  </wsdl:message>
  <wsdl:portType name="LowEmissionZoneServicePortType">
    <wsdl:operation name="getPhoto">
      <wsdl:input message="tns:getPhotoRequestMessage"/>
      <wsdl:output message="tns:getPhotoResponseMessage"/>
    </wsdl:operation>
    <wsdl:operation name="sendForm">
      <wsdl:input message="tns:sendFormRequestMessage"/>
      <wsdl:output message="tns:sendFormResponseMessage"/>
    </wsdl:operation>
  </wsdl:portType>
  <wsdl:binding name="LowEmissionZoneServiceHTTPBinding" type="tns:LowEmissionZoneServicePortType">
    <soap:binding style="document" transport="http://schemas.xmlsoap.org/soap/http"/>
    <wsdl:operation name="getPhoto">
      <soap:operation soapAction="http://fidus.brussels/services/lowemissionzoneservice/getLowEmissionZoneService"/>
      <wsdl:input>
        <soap:body use="literal"/>
      </wsdl:input>
      <wsdl:output>
        <soap:body use="literal"/>
      </wsdl:output>
    </wsdl:operation>
    <wsdl:operation name="sendForm">
      <soap:operation soapAction="http://fidus.brussels/services/lowemissionzoneservice/sendForm"/>
      <wsdl:input>
        <soap:body use="literal"/>
      </wsdl:input>
      <wsdl:output>
        <soap:body use="literal"/>
      </wsdl:output>
    </wsdl:operation>
  </wsdl:binding>
  <wsdl:service name="LowEmissionZoneService_v1">
    <wsdl:port name="LowEmissionZoneService_v1" binding="tns:LowEmissionZoneServiceHTTPBinding">
      <soap:address location="http://fidus.brussels/services/lowemissionzoneservice/v1"/>
    </wsdl:port>
  </wsdl:service>
</wsdl:definitions>]]></con:content><con:type>http://schemas.xmlsoap.org/wsdl/</con:type></con:part><con:part><con:url>file:/home/ebarbieux/Dev/fidus/lowemissionzoneservice/LowEmissionZoneServiceGateway/src/main/resources/wsdl/lowEmissionZoneService/1.0.0/messages/lowEmissionZoneServiceMessages_v1.xsd</con:url><con:content><![CDATA[<xsd:schema targetNamespace="http://fidus.brussels/service/lowemissionzoneservice/messages/v1" elementFormDefault="qualified" attributeFormDefault="unqualified" version="1.0" xmlns:xsd="http://www.w3.org/2001/XMLSchema" xmlns:cme="http://fidus.brussels/type/common/messages/v1" xmlns:exc="http://fidus.brussels/type/common/exceptions/v1" xmlns:tns="http://fidus.brussels/service/lowemissionzoneservice/messages/v1">
  <xsd:import namespace="http://fidus.brussels/type/common/messages/v1" schemaLocation="baseMessageTypes_v1.xsd"/>
  <xsd:import namespace="http://fidus.brussels/type/common/exceptions/v1" schemaLocation="exceptionTypes_v1.xsd"/>
  <xsd:complexType name="LowEmissionZoneServiceRequestType">
    <xsd:annotation>
      <xsd:documentation>List of the identifiers which are requested</xsd:documentation>
    </xsd:annotation>
    <xsd:sequence>
      <xsd:element name="ids" type="tns:ListOfIds">
        <xsd:annotation>
          <xsd:documentation>List of ids</xsd:documentation>
        </xsd:annotation>
      </xsd:element>
    </xsd:sequence>
  </xsd:complexType>
  <xsd:complexType name="SendFormRequestTypeType">
    <xsd:annotation>
      <xsd:documentation></xsd:documentation>
    </xsd:annotation>
    <xsd:sequence>
      <xsd:element name="applicationName" type="xsd:string"/>
      <xsd:element name="formName" type="xsd:string"/>
      <xsd:element name="formKey" type="xsd:string"/>
    </xsd:sequence>
  </xsd:complexType>
  <xsd:complexType name="ListOfIds">
    <xsd:sequence>
      <xsd:element name="id" type="tns:id" minOccurs="1" maxOccurs="unbounded" nillable="false"/>
    </xsd:sequence>
  </xsd:complexType>
  <xsd:simpleType name="id">
    <xsd:restriction base="xsd:string">
      <xsd:pattern value="[a-zA-Z0-9]{24,}"/>
    </xsd:restriction>
  </xsd:simpleType>
  <!--Request getLowEmissionZoneService definition-->
  <xsd:complexType name="GetPhotoRequestType">
    <xsd:sequence>
      <xsd:element name="messageContext" type="cme:RequestMessageContextType"/>
      <xsd:element name="legalContext" type="cme:LegalContextType"/>
      <xsd:element name="request" type="tns:LowEmissionZoneServiceRequestType"/>
    </xsd:sequence>
  </xsd:complexType>
  <xsd:complexType name="SendFormRequestType">
    <xsd:sequence>
      <xsd:element name="messageContext" type="cme:RequestMessageContextType"/>
      <xsd:element name="legalContext" type="cme:LegalContextType"/>
      <xsd:element name="request" type="tns:SendFormRequestTypeType"/>
    </xsd:sequence>
  </xsd:complexType>
  <!--Request getLowEmissionZoneService definition-->
  <xsd:complexType name="GetPhotoResponseType">
    <xsd:sequence>
      <xsd:element name="messageContext" type="cme:ResponseMessageContextType"/>
      <xsd:element name="responses" type="tns:ResponsesType" minOccurs="0"/>
      <xsd:element name="exceptions" type="exc:ExceptionsType" minOccurs="0">
        <xsd:annotation>
          <xsd:documentation>Technical errors that occur when processing the
						message context e.g. insufficient rights.</xsd:documentation>
        </xsd:annotation>
      </xsd:element>
    </xsd:sequence>
  </xsd:complexType>
  <xsd:complexType name="SendFormResponseType">
    <xsd:sequence>
      <xsd:element name="messageContext" type="cme:ResponseMessageContextType"/>
      <xsd:element name="responses" type="tns:ResponsesTypeType" minOccurs="0"/>
      <xsd:element name="exceptions" type="exc:ExceptionsType" minOccurs="0">
        <xsd:annotation>
          <xsd:documentation>Technical errors that occur when processing the
        					message context e.g. insufficient rights.</xsd:documentation>
        </xsd:annotation>
      </xsd:element>
    </xsd:sequence>
  </xsd:complexType>
  <xsd:complexType name="ResponsesType">
    <xsd:sequence>
      <xsd:element name="response" type="tns:ResponseType" minOccurs="1" maxOccurs="1"/>
    </xsd:sequence>
  </xsd:complexType>
  <xsd:complexType name="ResponsesTypeType">
    <xsd:sequence>
      <xsd:element name="response" type="tns:SendFormResponseTypeType" minOccurs="1" maxOccurs="1"/>
    </xsd:sequence>
  </xsd:complexType>
  <xsd:complexType name="ResponseType">
    <xsd:sequence>
      <xsd:element name="photos" type="tns:photos" minOccurs="0"/>
    </xsd:sequence>
  </xsd:complexType>
  <xsd:complexType name="SendFormResponseTypeType">
    <xsd:sequence>
      <xsd:element name="status" type="xsd:string" minOccurs="0"/>
    </xsd:sequence>
  </xsd:complexType>
  <xsd:complexType name="photos">
    <xsd:sequence>
      <xsd:element name="photo" type="tns:photo" minOccurs="1" maxOccurs="unbounded"/>
    </xsd:sequence>
  </xsd:complexType>
  <xsd:complexType name="photo">
    <xsd:sequence>
      <xsd:element name="binary" type="tns:AttachmentType" minOccurs="0" maxOccurs="unbounded"/>
      <xsd:element name="exceptions" type="exc:ExceptionsType" minOccurs="0">
        <xsd:annotation>
          <xsd:documentation>Business exceptions that occur when processing
                        the request or response e.g. missing data for a single response
                        element.
                        Exceptions at this level may contain back-end specific
                        codes and content.</xsd:documentation>
        </xsd:annotation>
      </xsd:element>
    </xsd:sequence>
  </xsd:complexType>
  <xsd:simpleType name="AttachmentType">
    <xsd:restriction base="xsd:base64Binary"/>
  </xsd:simpleType>
  <!--Element of the request and the response-->
  <xsd:element name="getPhotoRequest" type="tns:GetPhotoRequestType"/>
  <xsd:element name="getPhotoResponse" type="tns:GetPhotoResponseType"/>
  <xsd:element name="sendFormRequest" type="tns:SendFormRequestType"/>
  <xsd:element name="sendFormResponse" type="tns:SendFormResponseType"/>
</xsd:schema>]]></con:content><con:type>http://www.w3.org/2001/XMLSchema</con:type></con:part><con:part><con:url>file:/home/ebarbieux/Dev/fidus/lowemissionzoneservice/LowEmissionZoneServiceGateway/src/main/resources/wsdl/lowEmissionZoneService/1.0.0/messages/baseMessageTypes_v1.xsd</con:url><con:content><![CDATA[<xsd:schema targetNamespace="http://fidus.brussels/type/common/messages/v1" elementFormDefault="qualified" attributeFormDefault="unqualified" version="1.0" xmlns:xsd="http://www.w3.org/2001/XMLSchema" xmlns:cmn="http://fidus.brussels/type/common/v1" xmlns:tns="http://fidus.brussels/type/common/messages/v1">
  <!--Unformatted message Id-->
  <xsd:simpleType name="MessageIdType">
    <xsd:restriction base="xsd:string">
      <xsd:minLength value="1"/>
      <xsd:maxLength value="64"/>
    </xsd:restriction>
  </xsd:simpleType>
  <!--National Number of the person. Format depending on the Register-->
  <xsd:simpleType name="PersonNumberType">
    <xsd:restriction base="xsd:string">
      <xsd:pattern value="[0-9][0-9](([0][0-9])|([1][0-2]))(([0-2][0-9])|([3][0-1]))(([0-9]{2}[1-9])|([0-9][1-9][0-9])|([1-9][0-9]{2}))(([0-8][0-9])|([9][0-7]))">
        <xsd:annotation>
          <xsd:documentation>National Register format</xsd:documentation>
        </xsd:annotation>
      </xsd:pattern>
      <xsd:pattern value="[0-9][0-9](([2][0-9])|([3][0-2]))(([0-2][0-9])|([3][0-1]))[0-9]{3}(([0-8][0-9])|([9][0-7]))">
        <xsd:annotation>
          <xsd:documentation>CBSS Register format: Bis Register</xsd:documentation>
        </xsd:annotation>
      </xsd:pattern>
      <xsd:pattern value="[0-9][0-9](([4][0-9])|([5][0-2]))(([0-2][0-9])|([3][0-1]))[0-9]{3}(([0-8][0-9])|([9][0-7]))">
        <xsd:annotation>
          <xsd:documentation>CBSS Register format: Ter Register</xsd:documentation>
        </xsd:annotation>
      </xsd:pattern>
    </xsd:restriction>
  </xsd:simpleType>
  <!--Request message context-->
  <xsd:complexType name="RequestMessageContextType">
    <xsd:annotation>
      <xsd:documentation>Message context block generated by the consumer.</xsd:documentation>
    </xsd:annotation>
    <xsd:sequence>
      <xsd:element name="messageId" type="tns:MessageIdType">
        <xsd:annotation>
          <xsd:documentation>Consumer must assign their own MessageId reference for the request.</xsd:documentation>
        </xsd:annotation>
      </xsd:element>
      <xsd:element name="timestamp" type="xsd:dateTime" minOccurs="0">
        <xsd:annotation>
          <xsd:documentation>Timestamp when client sent request.</xsd:documentation>
        </xsd:annotation>
      </xsd:element>
    </xsd:sequence>
  </xsd:complexType>
  <!--Response message context-->
  <xsd:complexType name="ResponseMessageContextType">
    <xsd:annotation>
      <xsd:documentation>MessageContext block generated by fidus.</xsd:documentation>
    </xsd:annotation>
    <xsd:sequence>
      <xsd:element name="messageId" type="tns:MessageIdType">
        <xsd:annotation>
          <xsd:documentation>A unique identifier generated by fidus.</xsd:documentation>
        </xsd:annotation>
      </xsd:element>
      <xsd:element name="transactionId" type="tns:MessageIdType">
        <xsd:annotation>
          <xsd:documentation>A unique ID returned to the client for tracing purposes.</xsd:documentation>
        </xsd:annotation>
      </xsd:element>
      <xsd:element name="relatesTo" type="tns:MessageIdType" minOccurs="0">
        <xsd:annotation>
          <xsd:documentation>Optional field. The unique id of a previous batch file in this exchange Only used for responses.</xsd:documentation>
        </xsd:annotation>
      </xsd:element>
      <xsd:element name="timestamp" type="xsd:dateTime" minOccurs="0">
        <xsd:annotation>
          <xsd:documentation>Time reply sent by fidus.</xsd:documentation>
        </xsd:annotation>
      </xsd:element>
    </xsd:sequence>
  </xsd:complexType>
  <!--Legal Context : the finality of the Privacy Commission-->
  <xsd:simpleType name="LegalContextType">
    <xsd:restriction base="xsd:string">
      <xsd:minLength value="1"/>
      <xsd:maxLength value="64"/>
    </xsd:restriction>
  </xsd:simpleType>
  <xsd:complexType name="UserContextType">
    <xsd:annotation>
      <xsd:documentation>The user context defines information regarding the actual user performing a request.</xsd:documentation>
    </xsd:annotation>
    <xsd:sequence>
      <xsd:element name="language" type="xsd:language" nillable="true">
        <xsd:annotation>
          <xsd:documentation>The preferred language of the actual user performing the request.
						This influences the language in which response elements are cast.</xsd:documentation>
        </xsd:annotation>
      </xsd:element>
    </xsd:sequence>
  </xsd:complexType>
</xsd:schema>]]></con:content><con:type>http://www.w3.org/2001/XMLSchema</con:type></con:part><con:part><con:url>file:/home/ebarbieux/Dev/fidus/lowemissionzoneservice/LowEmissionZoneServiceGateway/src/main/resources/wsdl/lowEmissionZoneService/1.0.0/messages/exceptionTypes_v1.xsd</con:url><con:content><![CDATA[<xsd:schema targetNamespace="http://fidus.brussels/type/common/exceptions/v1" elementFormDefault="qualified" attributeFormDefault="unqualified" version="1.0" xmlns:xsd="http://www.w3.org/2001/XMLSchema" xmlns:tns="http://fidus.brussels/type/common/exceptions/v1">
  <!--Basic error typed-->
  <xsd:complexType name="ExceptionsType">
    <xsd:sequence>
      <xsd:element name="exception" type="tns:ExceptionType" maxOccurs="unbounded"/>
    </xsd:sequence>
  </xsd:complexType>
  <xsd:complexType name="ExceptionType">
    <xsd:sequence>
      <xsd:element name="type" type="tns:ExceptionClassType"/>
      <xsd:element name="code" type="tns:ExceptionCodeType"/>
      <xsd:element name="source" type="tns:ExceptionSourceType"/>
      <xsd:element name="description" type="tns:ExceptionDescriptionType"/>
    </xsd:sequence>
  </xsd:complexType>
  <xsd:simpleType name="ExceptionClassType">
    <xsd:restriction base="xsd:string">
      <xsd:enumeration value="ERROR"/>
      <xsd:enumeration value="WARNING"/>
      <xsd:enumeration value="INFO"/>
    </xsd:restriction>
  </xsd:simpleType>
  <xsd:simpleType name="ExceptionCodeType">
    <xsd:restriction base="xsd:string">
      <xsd:maxLength value="20"/>
    </xsd:restriction>
  </xsd:simpleType>
  <xsd:simpleType name="ExceptionSourceType">
    <xsd:restriction base="xsd:string">
      <xsd:maxLength value="20"/>
    </xsd:restriction>
  </xsd:simpleType>
  <xsd:simpleType name="ExceptionDescriptionType">
    <xsd:restriction base="xsd:string"/>
  </xsd:simpleType>
</xsd:schema>]]></con:content><con:type>http://www.w3.org/2001/XMLSchema</con:type></con:part></con:definitionCache><con:endpoints><con:endpoint>http://fidus.brussels/services/lowemissionzoneservice/v1</con:endpoint><con:endpoint>http://fidus.brussels/services/messageformeservice/v1</con:endpoint></con:endpoints><con:operation id="1ada035c-f750-459e-a201-428e5fb2b469" isOneWay="false" action="http://fidus.brussels/services/lowemissionzoneservice/getLowEmissionZoneService" name="getPhoto" bindingOperationName="getPhoto" type="Request-Response" inputName="" receivesAttachments="false" sendsAttachments="false" anonymous="optional"><con:settings/><con:call id="0bde390e-f55b-4b7f-aedb-4f7b85f196c9" name="1 - Local - Request - OK" outgoingWss="Outflow DEV" incomingWss="Inflow DEV"><con:settings><con:setting id="com.eviware.soapui.impl.wsdl.WsdlRequest@request-headers">&lt;xml-fragment/></con:setting></con:settings><con:encoding>UTF-8</con:encoding><con:endpoint>https://localhost:8243/services/LowEmissionZoneService_v1.0</con:endpoint><con:request><![CDATA[<soapenv:Envelope xmlns:soapenv="http://schemas.xmlsoap.org/soap/envelope/" xmlns:v1="http://fidus.brussels/service/lowemissionzoneservice/messages/v1" xmlns:v11="http://fidus.brussels/type/common/messages/v1">
   <soapenv:Header/>
   <soapenv:Body>
      <v1:getPhotoRequest>
         <v1:messageContext>
            <v11:messageId>${=import static java.util.UUID.randomUUID; uuid = randomUUID() as String}</v11:messageId>
            <v11:timestamp>${=new java.text.SimpleDateFormat("yyyy-MM-dd'T'HH:mm:ss.SSS").format(new Date())}</v11:timestamp>
         </v1:messageContext>
         <v1:legalContext>ServiceIntegrator</v1:legalContext>
         <v1:request>
            <v1:ids>
               <!--1 or more repetitions:-->
               <v1:id>5aa7aac28e4b3c665da4322a</v1:id>
            </v1:ids>
         </v1:request>
      </v1:getPhotoRequest>
   </soapenv:Body>
</soapenv:Envelope>]]></con:request><con:credentials><con:selectedAuthProfile>Basic</con:selectedAuthProfile><con:addedBasicAuthenticationTypes>Basic</con:addedBasicAuthenticationTypes><con:authType>Global HTTP Settings</con:authType></con:credentials><con:jmsConfig JMSDeliveryMode="PERSISTENT"/><con:jmsPropertyConfig/><con:wsaConfig mustUnderstand="NONE" version="200508" action="http://fidus.brussels/services/accessmanagerservice/getOrganisationChildNodes"/><con:wsrmConfig version="1.2"/></con:call><con:call id="eba2e52f-9b3e-43c5-b703-ebcc56afdb97" name="2 - Dev - Request - OK" incomingWss="Inflow DEV" outgoingWss="Outflow DEV"><con:settings><con:setting id="com.eviware.soapui.impl.wsdl.WsdlRequest@request-headers">&lt;xml-fragment/></con:setting></con:settings><con:encoding>UTF-8</con:encoding><con:endpoint>https://192.168.36.61:8243/services/LowEmissionZoneService_v1.0</con:endpoint><con:request><![CDATA[<soapenv:Envelope xmlns:soapenv="http://schemas.xmlsoap.org/soap/envelope/" xmlns:v1="http://fidus.brussels/service/lowemissionzoneservice/messages/v1" xmlns:v11="http://fidus.brussels/type/common/messages/v1">
   <soapenv:Header/>
   <soapenv:Body>
      <v1:getPhotoRequest>
         <v1:messageContext>
            <v11:messageId>${=import static java.util.UUID.randomUUID; uuid = randomUUID() as String}</v11:messageId>
            <v11:timestamp>${=new java.text.SimpleDateFormat("yyyy-MM-dd'T'HH:mm:ss.SSS").format(new Date())}</v11:timestamp>
         </v1:messageContext>
         <v1:legalContext>ServiceIntegrator</v1:legalContext>
         <v1:request>
            <v1:ids>
               <!--1 or more repetitions:-->
               <v1:id>5a7837bb53e29879de2e289f</v1:id>
            </v1:ids>
         </v1:request>
      </v1:getPhotoRequest>
   </soapenv:Body>
</soapenv:Envelope>]]></con:request><con:credentials><con:selectedAuthProfile>Basic</con:selectedAuthProfile><con:addedBasicAuthenticationTypes>Basic</con:addedBasicAuthenticationTypes><con:authType>Global HTTP Settings</con:authType></con:credentials><con:jmsConfig JMSDeliveryMode="PERSISTENT"/><con:jmsPropertyConfig/><con:wsaConfig mustUnderstand="NONE" version="200508" action="http://fidus.brussels/services/accessmanagerservice/getOrganisationChildNodes"/><con:wsrmConfig version="1.2"/></con:call><con:call id="d7988042-f538-4a25-b99b-e9c5ecfab90c" name="3 - Test - LB - Request" outgoingWss="Outflow TEST" incomingWss="Inflow TEST"><con:settings><con:setting id="com.eviware.soapui.impl.wsdl.WsdlRequest@request-headers">&lt;xml-fragment/></con:setting></con:settings><con:encoding>UTF-8</con:encoding><con:endpoint>https://esb-security-gw.sta.srv.cirb.lan:8443/services/LowEmissionZoneService_v1.0</con:endpoint><con:request><![CDATA[<soapenv:Envelope xmlns:soapenv="http://schemas.xmlsoap.org/soap/envelope/" xmlns:v1="http://fidus.brussels/service/lowemissionzoneservice/messages/v1" xmlns:v11="http://fidus.brussels/type/common/messages/v1">
   <soapenv:Header/>
   <soapenv:Body>
      <v1:getPhotoRequest>
         <v1:messageContext>
            <v11:messageId>${=import static java.util.UUID.randomUUID; uuid = randomUUID() as String}</v11:messageId>
            <v11:timestamp>${=new java.text.SimpleDateFormat("yyyy-MM-dd'T'HH:mm:ss.SSS").format(new Date())}</v11:timestamp>
         </v1:messageContext>
         <v1:legalContext>ServiceIntegrator</v1:legalContext>
         <v1:request>
            <v1:ids>
               <!--1 or more repetitions:-->
               <v1:id>5aaa1d838e4b3c665d0534ad</v1:id>
               <v1:id>5aaa1d838e4b3c665d0534af</v1:id>
               <v1:id>5aaa1d838e4b3c665d0534ae</v1:id>
               <v1:id>5aaa1d8d8e4b3c665d053770</v1:id>
               <v1:id>5aaa1d8d8e4b3c665d053772</v1:id>
               <v1:id>5aaa1d8d8e4b3c665d053771</v1:id>
               <v1:id>5aaa1d868e4b3c665d053592</v1:id>
               <v1:id>5aaa1d868e4b3c665d053594</v1:id>
               <v1:id>5aaa1d868e4b3c665d053593</v1:id>
            </v1:ids>
         </v1:request>
      </v1:getPhotoRequest>
   </soapenv:Body>
</soapenv:Envelope>]]></con:request><con:credentials><con:selectedAuthProfile>Basic</con:selectedAuthProfile><con:addedBasicAuthenticationTypes>Basic</con:addedBasicAuthenticationTypes><con:authType>Global HTTP Settings</con:authType></con:credentials><con:jmsConfig JMSDeliveryMode="PERSISTENT"/><con:jmsPropertyConfig/><con:wsaConfig mustUnderstand="NONE" version="200508" action="http://fidus.brussels/services/accessmanagerservice/getOrganisationChildNodes"/><con:wsrmConfig version="1.2"/></con:call><con:call id="361adb88-ddeb-431b-804d-9d0b67ea18ba" name="4 - Staging - LB - Request" incomingWss="Inflow STAGING" outgoingWss="Outflow STAGING"><con:settings><con:setting id="com.eviware.soapui.impl.wsdl.WsdlRequest@request-headers">&lt;xml-fragment/></con:setting></con:settings><con:encoding>UTF-8</con:encoding><con:endpoint>https://fidus-esb-sg.sta.srv.cirb.lan:8443/services/LowEmissionZoneService_v1.0</con:endpoint><con:request><![CDATA[<soapenv:Envelope xmlns:soapenv="http://schemas.xmlsoap.org/soap/envelope/" xmlns:v1="http://fidus.brussels/service/lowemissionzoneservice/messages/v1" xmlns:v11="http://fidus.brussels/type/common/messages/v1">
   <soapenv:Header/>
   <soapenv:Body>
      <v1:getPhotoRequest>
         <v1:messageContext>
            <v11:messageId>${=import static java.util.UUID.randomUUID; uuid = randomUUID() as String}</v11:messageId>
            <v11:timestamp>${=new java.text.SimpleDateFormat("yyyy-MM-dd'T'HH:mm:ss.SSS").format(new Date())}</v11:timestamp>
         </v1:messageContext>
         <v1:legalContext>ServiceIntegrator</v1:legalContext>
         <v1:request>
            <v1:ids>
               <!--1 or more repetitions:-->
               <v1:id>5a7837bb53e29879de2e289f</v1:id>
            </v1:ids>
         </v1:request>
      </v1:getPhotoRequest>
   </soapenv:Body>
</soapenv:Envelope>]]></con:request><con:credentials><con:selectedAuthProfile>Basic</con:selectedAuthProfile><con:addedBasicAuthenticationTypes>Basic</con:addedBasicAuthenticationTypes><con:authType>Global HTTP Settings</con:authType></con:credentials><con:jmsConfig JMSDeliveryMode="PERSISTENT"/><con:jmsPropertyConfig/><con:wsaConfig mustUnderstand="NONE" version="200508" action="http://fidus.brussels/services/accessmanagerservice/getOrganisationChildNodes"/><con:wsrmConfig version="1.2"/></con:call><con:call id="3653606e-ac74-4d28-9f57-25a537e0d142" name="5 - Prod - External - Request" incomingWss="Inflow PROD" outgoingWss="Outflow PROD"><con:settings><con:setting id="com.eviware.soapui.impl.wsdl.WsdlRequest@request-headers">&lt;xml-fragment/></con:setting></con:settings><con:encoding>UTF-8</con:encoding><con:endpoint>https://fidus.sec.brussels/services/LowEmissionZoneService_v1.0</con:endpoint><con:request><![CDATA[<soapenv:Envelope xmlns:soapenv="http://schemas.xmlsoap.org/soap/envelope/" xmlns:v1="http://fidus.brussels/service/lowemissionzoneservice/messages/v1" xmlns:v11="http://fidus.brussels/type/common/messages/v1">
   <soapenv:Header/>
   <soapenv:Body>
      <v1:getPhotoRequest>
         <v1:messageContext>
            <v11:messageId>${=import static java.util.UUID.randomUUID; uuid = randomUUID() as String}</v11:messageId>
            <v11:timestamp>${=new java.text.SimpleDateFormat("yyyy-MM-dd'T'HH:mm:ss.SSS").format(new Date())}</v11:timestamp>
         </v1:messageContext>
         <v1:legalContext>ServiceIntegrator</v1:legalContext>
         <v1:request>
            <v1:ids>
               <!--1 or more repetitions:-->
               <v1:id>5a7837bb53e29879de2e289f</v1:id>
            </v1:ids>
         </v1:request>
      </v1:getPhotoRequest>
   </soapenv:Body>
</soapenv:Envelope>]]></con:request><con:credentials><con:selectedAuthProfile>Basic</con:selectedAuthProfile><con:addedBasicAuthenticationTypes>Basic</con:addedBasicAuthenticationTypes><con:authType>Global HTTP Settings</con:authType></con:credentials><con:jmsConfig JMSDeliveryMode="PERSISTENT"/><con:jmsPropertyConfig/><con:wsaConfig mustUnderstand="NONE" version="200508" action="http://fidus.brussels/services/accessmanagerservice/getOrganisationChildNodes"/><con:wsrmConfig version="1.2"/></con:call><con:call id="71a75f70-b66d-43a5-8c0f-a9b2b996efd6" name="3 - Test - Worker1 - Request" incomingWss="Inflow TEST" outgoingWss="Outflow TEST"><con:settings><con:setting id="com.eviware.soapui.impl.wsdl.WsdlRequest@request-headers">&lt;xml-fragment/></con:setting></con:settings><con:encoding>UTF-8</con:encoding><con:endpoint>https://192.168.22.53:8443/services/LowEmissionZoneService_v1.0</con:endpoint><con:request><![CDATA[<soapenv:Envelope xmlns:soapenv="http://schemas.xmlsoap.org/soap/envelope/" xmlns:v1="http://fidus.brussels/service/lowemissionzoneservice/messages/v1" xmlns:v11="http://fidus.brussels/type/common/messages/v1">
   <soapenv:Header/>
   <soapenv:Body>
      <v1:getPhotoRequest>
         <v1:messageContext>
            <v11:messageId>${=import static java.util.UUID.randomUUID; uuid = randomUUID() as String}</v11:messageId>
            <v11:timestamp>${=new java.text.SimpleDateFormat("yyyy-MM-dd'T'HH:mm:ss.SSS").format(new Date())}</v11:timestamp>
         </v1:messageContext>
         <v1:legalContext>ServiceIntegrator</v1:legalContext>
         <v1:request>
            <v1:ids>
               <!--1 or more repetitions:-->
               <v1:id>5ab8981848d3bb536a1a91ce</v1:id>
            </v1:ids>
         </v1:request>
      </v1:getPhotoRequest>
   </soapenv:Body>
</soapenv:Envelope>]]></con:request><con:credentials><con:selectedAuthProfile>Basic</con:selectedAuthProfile><con:addedBasicAuthenticationTypes>Basic</con:addedBasicAuthenticationTypes><con:authType>Global HTTP Settings</con:authType></con:credentials><con:jmsConfig JMSDeliveryMode="PERSISTENT"/><con:jmsPropertyConfig/><con:wsaConfig mustUnderstand="NONE" version="200508" action="http://fidus.brussels/services/accessmanagerservice/getOrganisationChildNodes"/><con:wsrmConfig version="1.2"/></con:call><con:call id="481b251d-b566-4b08-aea6-d4f44e773461" name="3 - Test - Worker2 - Request" incomingWss="Inflow TEST" outgoingWss="Outflow TEST"><con:settings><con:setting id="com.eviware.soapui.impl.wsdl.WsdlRequest@request-headers">&lt;xml-fragment/></con:setting></con:settings><con:encoding>UTF-8</con:encoding><con:endpoint>https://192.168.22.54:8443/services/LowEmissionZoneService_v1.0</con:endpoint><con:request><![CDATA[<soapenv:Envelope xmlns:soapenv="http://schemas.xmlsoap.org/soap/envelope/" xmlns:v1="http://fidus.brussels/service/lowemissionzoneservice/messages/v1" xmlns:v11="http://fidus.brussels/type/common/messages/v1">
   <soapenv:Header/>
   <soapenv:Body>
      <v1:getPhotoRequest>
         <v1:messageContext>
            <v11:messageId>${=import static java.util.UUID.randomUUID; uuid = randomUUID() as String}</v11:messageId>
            <v11:timestamp>${=new java.text.SimpleDateFormat("yyyy-MM-dd'T'HH:mm:ss.SSS").format(new Date())}</v11:timestamp>
         </v1:messageContext>
         <v1:legalContext>ServiceIntegrator</v1:legalContext>
         <v1:request>
            <v1:ids>
               <!--1 or more repetitions:-->
               <v1:id>5a7837bb53e29879de2e289f</v1:id>
            </v1:ids>
         </v1:request>
      </v1:getPhotoRequest>
   </soapenv:Body>
</soapenv:Envelope>]]></con:request><con:credentials><con:selectedAuthProfile>Basic</con:selectedAuthProfile><con:addedBasicAuthenticationTypes>Basic</con:addedBasicAuthenticationTypes><con:authType>Global HTTP Settings</con:authType></con:credentials><con:jmsConfig JMSDeliveryMode="PERSISTENT"/><con:jmsPropertyConfig/><con:wsaConfig mustUnderstand="NONE" version="200508" action="http://fidus.brussels/services/accessmanagerservice/getOrganisationChildNodes"/><con:wsrmConfig version="1.2"/></con:call><con:call id="0921d4fe-5316-41a3-90d9-4c1e442ef5ea" name="4 - Staging - Worker1 - Request" incomingWss="Inflow STAGING" outgoingWss="Outflow STAGING"><con:settings><con:setting id="com.eviware.soapui.impl.wsdl.WsdlRequest@request-headers">&lt;xml-fragment/></con:setting></con:settings><con:encoding>UTF-8</con:encoding><con:endpoint>https://192.168.24.16:8443/services/LowEmissionZoneService_v1.0</con:endpoint><con:request><![CDATA[<soapenv:Envelope xmlns:soapenv="http://schemas.xmlsoap.org/soap/envelope/" xmlns:v1="http://fidus.brussels/service/lowemissionzoneservice/messages/v1" xmlns:v11="http://fidus.brussels/type/common/messages/v1">
   <soapenv:Header/>
   <soapenv:Body>
      <v1:getPhotoRequest>
         <v1:messageContext>
            <v11:messageId>${=import static java.util.UUID.randomUUID; uuid = randomUUID() as String}</v11:messageId>
            <v11:timestamp>${=new java.text.SimpleDateFormat("yyyy-MM-dd'T'HH:mm:ss.SSS").format(new Date())}</v11:timestamp>
         </v1:messageContext>
         <v1:legalContext>ServiceIntegrator</v1:legalContext>
         <v1:request>
            <v1:ids>
               <!--1 or more repetitions:-->
               <v1:id>5a7837bb53e29879de2e289f</v1:id>
            </v1:ids>
         </v1:request>
      </v1:getPhotoRequest>
   </soapenv:Body>
</soapenv:Envelope>]]></con:request><con:credentials><con:selectedAuthProfile>Basic</con:selectedAuthProfile><con:addedBasicAuthenticationTypes>Basic</con:addedBasicAuthenticationTypes><con:authType>Global HTTP Settings</con:authType></con:credentials><con:jmsConfig JMSDeliveryMode="PERSISTENT"/><con:jmsPropertyConfig/><con:wsaConfig mustUnderstand="NONE" version="200508" action="http://fidus.brussels/services/accessmanagerservice/getOrganisationChildNodes"/><con:wsrmConfig version="1.2"/></con:call><con:call id="6062bc62-0548-479c-8ca8-47164dad11fb" name="4 - Staging - Worker2 - Request" incomingWss="Inflow STAGING" outgoingWss="Outflow STAGING"><con:settings><con:setting id="com.eviware.soapui.impl.wsdl.WsdlRequest@request-headers">&lt;xml-fragment/></con:setting></con:settings><con:encoding>UTF-8</con:encoding><con:endpoint>https://192.168.24.17:8443/services/LowEmissionZoneService_v1.0</con:endpoint><con:request><![CDATA[<soapenv:Envelope xmlns:soapenv="http://schemas.xmlsoap.org/soap/envelope/" xmlns:v1="http://fidus.brussels/service/lowemissionzoneservice/messages/v1" xmlns:v11="http://fidus.brussels/type/common/messages/v1">
   <soapenv:Header/>
   <soapenv:Body>
      <v1:getPhotoRequest>
         <v1:messageContext>
            <v11:messageId>${=import static java.util.UUID.randomUUID; uuid = randomUUID() as String}</v11:messageId>
            <v11:timestamp>${=new java.text.SimpleDateFormat("yyyy-MM-dd'T'HH:mm:ss.SSS").format(new Date())}</v11:timestamp>
         </v1:messageContext>
         <v1:legalContext>ServiceIntegrator</v1:legalContext>
         <v1:request>
            <v1:ids>
               <!--1 or more repetitions:-->
               <v1:id>5a7837bb53e29879de2e289f</v1:id>
            </v1:ids>
         </v1:request>
      </v1:getPhotoRequest>
   </soapenv:Body>
</soapenv:Envelope>]]></con:request><con:credentials><con:selectedAuthProfile>Basic</con:selectedAuthProfile><con:addedBasicAuthenticationTypes>Basic</con:addedBasicAuthenticationTypes><con:authType>Global HTTP Settings</con:authType></con:credentials><con:jmsConfig JMSDeliveryMode="PERSISTENT"/><con:jmsPropertyConfig/><con:wsaConfig mustUnderstand="NONE" version="200508" action="http://fidus.brussels/services/accessmanagerservice/getOrganisationChildNodes"/><con:wsrmConfig version="1.2"/></con:call><con:call id="4582e159-15cd-4905-a4e9-339b9c4ac4d0" name="5 - Prod - LB - Request" incomingWss="Inflow PROD" outgoingWss="Outflow PROD"><con:settings><con:setting id="com.eviware.soapui.impl.wsdl.WsdlRequest@request-headers">&lt;xml-fragment/></con:setting></con:settings><con:encoding>UTF-8</con:encoding><con:endpoint>https://fidus-esb-sg.prd.srv.cirb.lan:8443/services/LowEmissionZoneService_v1.0</con:endpoint><con:request><![CDATA[<soapenv:Envelope xmlns:soapenv="http://schemas.xmlsoap.org/soap/envelope/" xmlns:v1="http://fidus.brussels/service/lowemissionzoneservice/messages/v1" xmlns:v11="http://fidus.brussels/type/common/messages/v1">
   <soapenv:Header/>
   <soapenv:Body>
      <v1:getPhotoRequest>
         <v1:messageContext>
            <v11:messageId>${=import static java.util.UUID.randomUUID; uuid = randomUUID() as String}</v11:messageId>
            <v11:timestamp>${=new java.text.SimpleDateFormat("yyyy-MM-dd'T'HH:mm:ss.SSS").format(new Date())}</v11:timestamp>
         </v1:messageContext>
         <v1:legalContext>ServiceIntegrator</v1:legalContext>
         <v1:request>
            <v1:ids>
               <!--1 or more repetitions:-->
               <v1:id>5a7837bb53e29879de2e289f</v1:id>
            </v1:ids>
         </v1:request>
      </v1:getPhotoRequest>
   </soapenv:Body>
</soapenv:Envelope>]]></con:request><con:credentials><con:selectedAuthProfile>Basic</con:selectedAuthProfile><con:addedBasicAuthenticationTypes>Basic</con:addedBasicAuthenticationTypes><con:authType>Global HTTP Settings</con:authType></con:credentials><con:jmsConfig JMSDeliveryMode="PERSISTENT"/><con:jmsPropertyConfig/><con:wsaConfig mustUnderstand="NONE" version="200508" action="http://fidus.brussels/services/accessmanagerservice/getOrganisationChildNodes"/><con:wsrmConfig version="1.2"/></con:call><con:call id="515addc6-997a-4a6a-aa8c-449cbc184e2c" name="5 - Prod - Worker1 - Request" incomingWss="Inflow PROD" outgoingWss="Outflow PROD"><con:settings><con:setting id="com.eviware.soapui.impl.wsdl.WsdlRequest@request-headers">&lt;xml-fragment/></con:setting></con:settings><con:encoding>UTF-8</con:encoding><con:endpoint>https://192.168.26.22:8443/services/LowEmissionZoneService_v1.0</con:endpoint><con:request><![CDATA[<soapenv:Envelope xmlns:soapenv="http://schemas.xmlsoap.org/soap/envelope/" xmlns:v1="http://fidus.brussels/service/lowemissionzoneservice/messages/v1" xmlns:v11="http://fidus.brussels/type/common/messages/v1">
   <soapenv:Header/>
   <soapenv:Body>
      <v1:getPhotoRequest>
         <v1:messageContext>
            <v11:messageId>${=import static java.util.UUID.randomUUID; uuid = randomUUID() as String}</v11:messageId>
            <v11:timestamp>${=new java.text.SimpleDateFormat("yyyy-MM-dd'T'HH:mm:ss.SSS").format(new Date())}</v11:timestamp>
         </v1:messageContext>
         <v1:legalContext>ServiceIntegrator</v1:legalContext>
         <v1:request>
            <v1:ids>
               <!--1 or more repetitions:-->
               <v1:id>5a7837bb53e29879de2e289f</v1:id>
            </v1:ids>
         </v1:request>
      </v1:getPhotoRequest>
   </soapenv:Body>
</soapenv:Envelope>]]></con:request><con:credentials><con:selectedAuthProfile>Basic</con:selectedAuthProfile><con:addedBasicAuthenticationTypes>Basic</con:addedBasicAuthenticationTypes><con:authType>Global HTTP Settings</con:authType></con:credentials><con:jmsConfig JMSDeliveryMode="PERSISTENT"/><con:jmsPropertyConfig/><con:wsaConfig mustUnderstand="NONE" version="200508" action="http://fidus.brussels/services/accessmanagerservice/getOrganisationChildNodes"/><con:wsrmConfig version="1.2"/></con:call><con:call id="18a8a466-7266-4883-9a71-2c9e8b94b94a" name="5 - Prod - Worker2 - Request" incomingWss="Inflow PROD" outgoingWss="Outflow PROD"><con:settings><con:setting id="com.eviware.soapui.impl.wsdl.WsdlRequest@request-headers">&lt;xml-fragment/></con:setting></con:settings><con:encoding>UTF-8</con:encoding><con:endpoint>https://192.168.26.19:8443/services/LowEmissionZoneService_v1.0</con:endpoint><con:request><![CDATA[<soapenv:Envelope xmlns:soapenv="http://schemas.xmlsoap.org/soap/envelope/" xmlns:v1="http://fidus.brussels/service/lowemissionzoneservice/messages/v1" xmlns:v11="http://fidus.brussels/type/common/messages/v1">
   <soapenv:Header/>
   <soapenv:Body>
      <v1:getPhotoRequest>
         <v1:messageContext>
            <v11:messageId>${=import static java.util.UUID.randomUUID; uuid = randomUUID() as String}</v11:messageId>
            <v11:timestamp>${=new java.text.SimpleDateFormat("yyyy-MM-dd'T'HH:mm:ss.SSS").format(new Date())}</v11:timestamp>
         </v1:messageContext>
         <v1:legalContext>ServiceIntegrator</v1:legalContext>
         <v1:request>
            <v1:ids>
               <!--1 or more repetitions:-->
               <v1:id>5a7837bb53e29879de2e289f</v1:id>
            </v1:ids>
         </v1:request>
      </v1:getPhotoRequest>
   </soapenv:Body>
</soapenv:Envelope>]]></con:request><con:credentials><con:selectedAuthProfile>Basic</con:selectedAuthProfile><con:addedBasicAuthenticationTypes>Basic</con:addedBasicAuthenticationTypes><con:authType>Global HTTP Settings</con:authType></con:credentials><con:jmsConfig JMSDeliveryMode="PERSISTENT"/><con:jmsPropertyConfig/><con:wsaConfig mustUnderstand="NONE" version="200508" action="http://fidus.brussels/services/accessmanagerservice/getOrganisationChildNodes"/><con:wsrmConfig version="1.2"/></con:call><con:call id="0e897cda-0141-4d70-bcc4-23c65812f07b" name="3 - Test - External - Request" outgoingWss="Outflow TEST" incomingWss="Inflow TEST"><con:settings><con:setting id="com.eviware.soapui.impl.wsdl.WsdlRequest@request-headers">&lt;xml-fragment/></con:setting></con:settings><con:encoding>UTF-8</con:encoding><con:endpoint>https://fidus-test.irisnetlab.be/services/LowEmissionZoneService_v1.0</con:endpoint><con:request><![CDATA[<soapenv:Envelope xmlns:soapenv="http://schemas.xmlsoap.org/soap/envelope/" xmlns:v1="http://fidus.brussels/service/lowemissionzoneservice/messages/v1" xmlns:v11="http://fidus.brussels/type/common/messages/v1">
   <soapenv:Header/>
   <soapenv:Body>
      <v1:getPhotoRequest>
         <v1:messageContext>
            <v11:messageId>${=import static java.util.UUID.randomUUID; uuid = randomUUID() as String}</v11:messageId>
            <v11:timestamp>${=new java.text.SimpleDateFormat("yyyy-MM-dd'T'HH:mm:ss.SSS").format(new Date())}</v11:timestamp>
         </v1:messageContext>
         <v1:legalContext>ServiceIntegrator</v1:legalContext>
         <v1:request>
            <v1:ids>
               <!--1 or more repetitions:-->
               <v1:id>5aaa1d838e4b3c665d0534ad</v1:id>
               <v1:id>5aaa1d838e4b3c665d0534af</v1:id>
               <v1:id>5aaa1d838e4b3c665d0534ae</v1:id>
               <v1:id>5aaa1d8d8e4b3c665d053770</v1:id>
               <v1:id>5aaa1d8d8e4b3c665d053772</v1:id>
               <v1:id>5aaa1d8d8e4b3c665d053771</v1:id>
               <v1:id>5aaa1d868e4b3c665d053592</v1:id>
               <v1:id>5aaa1d868e4b3c665d053594</v1:id>
               <v1:id>5aaa1d868e4b3c665d053593</v1:id>
            </v1:ids>
         </v1:request>
      </v1:getPhotoRequest>
   </soapenv:Body>
</soapenv:Envelope>]]></con:request><con:credentials><con:selectedAuthProfile>Basic</con:selectedAuthProfile><con:addedBasicAuthenticationTypes>Basic</con:addedBasicAuthenticationTypes><con:authType>Global HTTP Settings</con:authType></con:credentials><con:jmsConfig JMSDeliveryMode="PERSISTENT"/><con:jmsPropertyConfig/><con:wsaConfig mustUnderstand="NONE" version="200508" action="http://fidus.brussels/services/lowemissionzoneservice/getLowEmissionZoneService"/><con:wsrmConfig version="1.2"/></con:call><con:call id="dadec513-726f-45f2-9b50-e3f7361c8693" name="2 - DevNew - Request - OK" outgoingWss="Outflow DEV" incomingWss="Inflow DEV"><con:settings><con:setting id="com.eviware.soapui.impl.wsdl.WsdlRequest@request-headers">&lt;xml-fragment/></con:setting></con:settings><con:encoding>UTF-8</con:encoding><con:endpoint>https://192.168.36.205:8243/services/LowEmissionZoneService_v1.0</con:endpoint><con:request><![CDATA[<soapenv:Envelope xmlns:soapenv="http://schemas.xmlsoap.org/soap/envelope/" xmlns:v1="http://fidus.brussels/service/lowemissionzoneservice/messages/v1" xmlns:v11="http://fidus.brussels/type/common/messages/v1">
   <soapenv:Header/>
   <soapenv:Body>
      <v1:getPhotoRequest>
         <v1:messageContext>
            <v11:messageId>${=import static java.util.UUID.randomUUID; uuid = randomUUID() as String}</v11:messageId>
            <v11:timestamp>${=new java.text.SimpleDateFormat("yyyy-MM-dd'T'HH:mm:ss.SSS").format(new Date())}</v11:timestamp>
         </v1:messageContext>
         <v1:legalContext>ServiceIntegrator</v1:legalContext>
         <v1:request>
            <v1:ids>
               <!--1 or more repetitions:-->
               <v1:id>5a7837bb53e29879de2e289f</v1:id>
            </v1:ids>
         </v1:request>
      </v1:getPhotoRequest>
   </soapenv:Body>
</soapenv:Envelope>]]></con:request><con:credentials><con:selectedAuthProfile>Basic</con:selectedAuthProfile><con:addedBasicAuthenticationTypes>Basic</con:addedBasicAuthenticationTypes><con:authType>Global HTTP Settings</con:authType></con:credentials><con:jmsConfig JMSDeliveryMode="PERSISTENT"/><con:jmsPropertyConfig/><con:wsaConfig mustUnderstand="NONE" version="200508" action="http://fidus.brussels/services/lowemissionzoneservice/getLowEmissionZoneService"/><con:wsrmConfig version="1.2"/></con:call><con:call id="38b2f07d-784a-481d-a765-cfdb012f7982" name="3 - Test - Worker1New - Request" outgoingWss="Outflow TEST" incomingWss="Inflow TEST"><con:settings><con:setting id="com.eviware.soapui.impl.wsdl.WsdlRequest@request-headers">&lt;xml-fragment/></con:setting></con:settings><con:encoding>UTF-8</con:encoding><con:endpoint>https://192.168.22.73:8443/services/LowEmissionZoneService_v1.0</con:endpoint><con:request><![CDATA[<soapenv:Envelope xmlns:soapenv="http://schemas.xmlsoap.org/soap/envelope/" xmlns:v1="http://fidus.brussels/service/lowemissionzoneservice/messages/v1" xmlns:v11="http://fidus.brussels/type/common/messages/v1">
   <soapenv:Header/>
   <soapenv:Body>
      <v1:getPhotoRequest>
         <v1:messageContext>
            <v11:messageId>${=import static java.util.UUID.randomUUID; uuid = randomUUID() as String}</v11:messageId>
            <v11:timestamp>${=new java.text.SimpleDateFormat("yyyy-MM-dd'T'HH:mm:ss.SSS").format(new Date())}</v11:timestamp>
         </v1:messageContext>
         <v1:legalContext>ServiceIntegrator</v1:legalContext>
         <v1:request>
            <v1:ids>
               <!--1 or more repetitions:-->
               <v1:id>5ab8981848d3bb536a1a91ce</v1:id>
            </v1:ids>
         </v1:request>
      </v1:getPhotoRequest>
   </soapenv:Body>
</soapenv:Envelope>]]></con:request><con:credentials><con:selectedAuthProfile>Basic</con:selectedAuthProfile><con:addedBasicAuthenticationTypes>Basic</con:addedBasicAuthenticationTypes><con:authType>Global HTTP Settings</con:authType></con:credentials><con:jmsConfig JMSDeliveryMode="PERSISTENT"/><con:jmsPropertyConfig/><con:wsaConfig mustUnderstand="NONE" version="200508" action="http://fidus.brussels/services/lowemissionzoneservice/getLowEmissionZoneService"/><con:wsrmConfig version="1.2"/></con:call><con:call id="dcb73c32-222e-4f04-bb75-c3ba0980c8ed" name="3 - Test - Worker2New - Request" outgoingWss="Outflow TEST" incomingWss="Inflow TEST"><con:settings><con:setting id="com.eviware.soapui.impl.wsdl.WsdlRequest@request-headers">&lt;xml-fragment/></con:setting></con:settings><con:encoding>UTF-8</con:encoding><con:endpoint>https://192.168.22.93:8443/services/LowEmissionZoneService_v1.0</con:endpoint><con:request><![CDATA[<soapenv:Envelope xmlns:soapenv="http://schemas.xmlsoap.org/soap/envelope/" xmlns:v1="http://fidus.brussels/service/lowemissionzoneservice/messages/v1" xmlns:v11="http://fidus.brussels/type/common/messages/v1">
   <soapenv:Header/>
   <soapenv:Body>
      <v1:getPhotoRequest>
         <v1:messageContext>
            <v11:messageId>${=import static java.util.UUID.randomUUID; uuid = randomUUID() as String}</v11:messageId>
            <v11:timestamp>${=new java.text.SimpleDateFormat("yyyy-MM-dd'T'HH:mm:ss.SSS").format(new Date())}</v11:timestamp>
         </v1:messageContext>
         <v1:legalContext>ServiceIntegrator</v1:legalContext>
         <v1:request>
            <v1:ids>
               <!--1 or more repetitions:-->
               <v1:id>5a7837bb53e29879de2e289f</v1:id>
            </v1:ids>
         </v1:request>
      </v1:getPhotoRequest>
   </soapenv:Body>
</soapenv:Envelope>]]></con:request><con:credentials><con:selectedAuthProfile>Basic</con:selectedAuthProfile><con:addedBasicAuthenticationTypes>Basic</con:addedBasicAuthenticationTypes><con:authType>Global HTTP Settings</con:authType></con:credentials><con:jmsConfig JMSDeliveryMode="PERSISTENT"/><con:jmsPropertyConfig/><con:wsaConfig mustUnderstand="NONE" version="200508" action="http://fidus.brussels/services/lowemissionzoneservice/getLowEmissionZoneService"/><con:wsrmConfig version="1.2"/></con:call><con:call id="072bc3e2-ad88-4d75-a01c-16a04d83b31d" name="4 - Staging - Worker1New - Request" outgoingWss="Outflow STAGING" incomingWss="Inflow STAGING"><con:settings><con:setting id="com.eviware.soapui.impl.wsdl.WsdlRequest@request-headers">&lt;xml-fragment/></con:setting></con:settings><con:encoding>UTF-8</con:encoding><con:endpoint>https://192.168.23.191:8443/services/LowEmissionZoneService_v1.0</con:endpoint><con:request><![CDATA[<soapenv:Envelope xmlns:soapenv="http://schemas.xmlsoap.org/soap/envelope/" xmlns:v1="http://fidus.brussels/service/lowemissionzoneservice/messages/v1" xmlns:v11="http://fidus.brussels/type/common/messages/v1">
   <soapenv:Header/>
   <soapenv:Body>
      <v1:getPhotoRequest>
         <v1:messageContext>
            <v11:messageId>${=import static java.util.UUID.randomUUID; uuid = randomUUID() as String}</v11:messageId>
            <v11:timestamp>${=new java.text.SimpleDateFormat("yyyy-MM-dd'T'HH:mm:ss.SSS").format(new Date())}</v11:timestamp>
         </v1:messageContext>
         <v1:legalContext>ServiceIntegrator</v1:legalContext>
         <v1:request>
            <v1:ids>
               <!--1 or more repetitions:-->
               <v1:id>5a7837bb53e29879de2e289f</v1:id>
            </v1:ids>
         </v1:request>
      </v1:getPhotoRequest>
   </soapenv:Body>
</soapenv:Envelope>]]></con:request><con:credentials><con:selectedAuthProfile>Basic</con:selectedAuthProfile><con:addedBasicAuthenticationTypes>Basic</con:addedBasicAuthenticationTypes><con:authType>Global HTTP Settings</con:authType></con:credentials><con:jmsConfig JMSDeliveryMode="PERSISTENT"/><con:jmsPropertyConfig/><con:wsaConfig mustUnderstand="NONE" version="200508" action="http://fidus.brussels/services/lowemissionzoneservice/getLowEmissionZoneService"/><con:wsrmConfig version="1.2"/></con:call><con:call id="e1ea012d-d73b-42aa-a024-6850c81c07fc" name="4 - Staging - Worker2New - Request" outgoingWss="Outflow STAGING" incomingWss="Inflow STAGING"><con:settings><con:setting id="com.eviware.soapui.impl.wsdl.WsdlRequest@request-headers">&lt;xml-fragment/></con:setting></con:settings><con:encoding>UTF-8</con:encoding><con:endpoint>https://192.168.23.198:8443/services/LowEmissionZoneService_v1.0</con:endpoint><con:request><![CDATA[<soapenv:Envelope xmlns:soapenv="http://schemas.xmlsoap.org/soap/envelope/" xmlns:v1="http://fidus.brussels/service/lowemissionzoneservice/messages/v1" xmlns:v11="http://fidus.brussels/type/common/messages/v1">
   <soapenv:Header/>
   <soapenv:Body>
      <v1:getPhotoRequest>
         <v1:messageContext>
            <v11:messageId>${=import static java.util.UUID.randomUUID; uuid = randomUUID() as String}</v11:messageId>
            <v11:timestamp>${=new java.text.SimpleDateFormat("yyyy-MM-dd'T'HH:mm:ss.SSS").format(new Date())}</v11:timestamp>
         </v1:messageContext>
         <v1:legalContext>ServiceIntegrator</v1:legalContext>
         <v1:request>
            <v1:ids>
               <!--1 or more repetitions:-->
               <v1:id>5a7837bb53e29879de2e289f</v1:id>
            </v1:ids>
         </v1:request>
      </v1:getPhotoRequest>
   </soapenv:Body>
</soapenv:Envelope>]]></con:request><con:credentials><con:selectedAuthProfile>Basic</con:selectedAuthProfile><con:addedBasicAuthenticationTypes>Basic</con:addedBasicAuthenticationTypes><con:authType>Global HTTP Settings</con:authType></con:credentials><con:jmsConfig JMSDeliveryMode="PERSISTENT"/><con:jmsPropertyConfig/><con:wsaConfig mustUnderstand="NONE" version="200508" action="http://fidus.brussels/services/lowemissionzoneservice/getLowEmissionZoneService"/><con:wsrmConfig version="1.2"/></con:call></con:operation><con:operation id="b84e678b-521a-48b0-aa48-7a0d6ace9af4" isOneWay="false" action="http://fidus.brussels/services/lowemissionzoneservice/sendForm" name="sendForm" bindingOperationName="sendForm" type="Request-Response" inputName="" receivesAttachments="false" sendsAttachments="false" anonymous="optional"><con:settings/><con:call id="d935dc99-1c1d-45c1-a828-36558ea00fba" name="1 - Local - Request - OK" outgoingWss="Outflow DEV" incomingWss="Inflow DEV"><con:settings><con:setting id="com.eviware.soapui.impl.wsdl.WsdlRequest@request-headers">&lt;xml-fragment/></con:setting></con:settings><con:encoding>UTF-8</con:encoding><con:endpoint>https://localhost:8243/services/LowEmissionZoneService_v1.1</con:endpoint><con:request><![CDATA[<soapenv:Envelope xmlns:soapenv="http://schemas.xmlsoap.org/soap/envelope/" xmlns:v1="http://fidus.brussels/service/lowemissionzoneservice/messages/v1.1" xmlns:v11="http://fidus.brussels/type/common/messages/v1">
   <soapenv:Header/>
   <soapenv:Body>
      <v1:sendFormRequest>
         <v1:messageContext>
            <v11:messageId>${=import static java.util.UUID.randomUUID; uuid = randomUUID() as String}</v11:messageId>
            <v11:timestamp>${=new java.text.SimpleDateFormat("yyyy-MM-dd'T'HH:mm:ss.SSS").format(new Date())}</v11:timestamp>
         </v1:messageContext>
         <v1:legalContext>ServiceIntegrator</v1:legalContext>
         <v1:request>
            <v1:applicationName>IrisBox</v1:applicationName>
            <v1:formName>registrationForm</v1:formName>
            <v1:formKey>12345678910</v1:formKey>
         </v1:request>
      </v1:sendFormRequest>
   </soapenv:Body>
</soapenv:Envelope>]]></con:request><con:credentials><con:selectedAuthProfile>Basic</con:selectedAuthProfile><con:addedBasicAuthenticationTypes>Basic</con:addedBasicAuthenticationTypes><con:authType>Global HTTP Settings</con:authType></con:credentials><con:jmsConfig JMSDeliveryMode="PERSISTENT"/><con:jmsPropertyConfig/><con:wsaConfig mustUnderstand="NONE" version="200508" action="http://fidus.brussels/services/lowemissionzoneservice/sendForm"/><con:wsrmConfig version="1.2"/></con:call><con:call id="d8868273-9aa6-40b8-9660-19018181a056" name="3 - Test - External - Request - OK" outgoingWss="Outflow TEST" incomingWss="Inflow TEST"><con:settings><con:setting id="com.eviware.soapui.impl.wsdl.WsdlRequest@request-headers">&lt;xml-fragment/></con:setting></con:settings><con:encoding>UTF-8</con:encoding><con:endpoint>https://fidus-test.irisnetlab.be/services/LowEmissionZoneService_v1.1</con:endpoint><con:request><![CDATA[<soapenv:Envelope xmlns:soapenv="http://schemas.xmlsoap.org/soap/envelope/" xmlns:v1="http://fidus.brussels/service/lowemissionzoneservice/messages/v1.1" xmlns:v11="http://fidus.brussels/type/common/messages/v1">
   <soapenv:Header/>
   <soapenv:Body>
      <v1:sendFormRequest>
         <v1:messageContext>
            <v11:messageId>${=import static java.util.UUID.randomUUID; uuid = randomUUID() as String}</v11:messageId>
            <v11:timestamp>${=new java.text.SimpleDateFormat("yyyy-MM-dd'T'HH:mm:ss.SSS").format(new Date())}</v11:timestamp>
         </v1:messageContext>
         <v1:legalContext>ServiceIntegrator</v1:legalContext>
         <v1:request>
            <v1:applicationName>IrisBox</v1:applicationName>
            <v1:formName>registrationForm</v1:formName>
            <v1:formKey>12345678910</v1:formKey>
         </v1:request>
      </v1:sendFormRequest>
   </soapenv:Body>
</soapenv:Envelope>]]></con:request><con:credentials><con:selectedAuthProfile>Basic</con:selectedAuthProfile><con:addedBasicAuthenticationTypes>Basic</con:addedBasicAuthenticationTypes><con:authType>Global HTTP Settings</con:authType></con:credentials><con:jmsConfig JMSDeliveryMode="PERSISTENT"/><con:jmsPropertyConfig/><con:wsaConfig mustUnderstand="NONE" version="200508" action="http://fidus.brussels/services/lowemissionzoneservice/sendForm"/><con:wsrmConfig version="1.2"/></con:call><con:call id="a0f21dff-d2d0-47ae-a231-d4aaabe5f148" name="2 - Dev - Request - OK" outgoingWss="Outflow DEV" incomingWss="Inflow DEV"><con:settings><con:setting id="com.eviware.soapui.impl.wsdl.WsdlRequest@request-headers">&lt;xml-fragment/></con:setting></con:settings><con:encoding>UTF-8</con:encoding><con:endpoint>https://192.168.36.61:8243/services/LowEmissionZoneService_v1.1</con:endpoint><con:request><![CDATA[<soapenv:Envelope xmlns:soapenv="http://schemas.xmlsoap.org/soap/envelope/" xmlns:v1="http://fidus.brussels/service/lowemissionzoneservice/messages/v1.1" xmlns:v11="http://fidus.brussels/type/common/messages/v1">
   <soapenv:Header/>
   <soapenv:Body>
      <v1:sendFormRequest>
         <v1:messageContext>
            <v11:messageId>${=import static java.util.UUID.randomUUID; uuid = randomUUID() as String}</v11:messageId>
            <v11:timestamp>${=new java.text.SimpleDateFormat("yyyy-MM-dd'T'HH:mm:ss.SSS").format(new Date())}</v11:timestamp>
         </v1:messageContext>
         <v1:legalContext>ServiceIntegrator</v1:legalContext>
         <v1:request>
            <v1:applicationName>IrisBox</v1:applicationName>
            <v1:formName>registrationForm</v1:formName>
            <v1:formKey>12345678910</v1:formKey>
         </v1:request>
      </v1:sendFormRequest>
   </soapenv:Body>
</soapenv:Envelope>]]></con:request><con:credentials><con:selectedAuthProfile>Basic</con:selectedAuthProfile><con:addedBasicAuthenticationTypes>Basic</con:addedBasicAuthenticationTypes><con:authType>Global HTTP Settings</con:authType></con:credentials><con:jmsConfig JMSDeliveryMode="PERSISTENT"/><con:jmsPropertyConfig/><con:wsaConfig mustUnderstand="NONE" version="200508" action="http://fidus.brussels/services/lowemissionzoneservice/sendForm"/><con:wsrmConfig version="1.2"/></con:call><con:call id="86ac5407-2ec6-4f3b-91f4-ee4dee2e63f0" name="3 - Test - LB - Request - OK" outgoingWss="Outflow TEST" incomingWss="Inflow TEST"><con:settings><con:setting id="com.eviware.soapui.impl.wsdl.WsdlRequest@request-headers">&lt;xml-fragment/></con:setting></con:settings><con:encoding>UTF-8</con:encoding><con:endpoint>https://esb-security-gw.sta.srv.cirb.lan:8443/services/LowEmissionZoneService_v1.1</con:endpoint><con:request><![CDATA[<soapenv:Envelope xmlns:soapenv="http://schemas.xmlsoap.org/soap/envelope/" xmlns:v1="http://fidus.brussels/service/lowemissionzoneservice/messages/v1.1" xmlns:v11="http://fidus.brussels/type/common/messages/v1">
   <soapenv:Header/>
   <soapenv:Body>
      <v1:sendFormRequest>
         <v1:messageContext>
            <v11:messageId>${=import static java.util.UUID.randomUUID; uuid = randomUUID() as String}</v11:messageId>
            <v11:timestamp>${=new java.text.SimpleDateFormat("yyyy-MM-dd'T'HH:mm:ss.SSS").format(new Date())}</v11:timestamp>
         </v1:messageContext>
         <v1:legalContext>ServiceIntegrator</v1:legalContext>
         <v1:request>
            <v1:applicationName>IrisBox</v1:applicationName>
            <v1:formName>registrationForm</v1:formName>
            <v1:formKey>12345678910</v1:formKey>
         </v1:request>
      </v1:sendFormRequest>
   </soapenv:Body>
</soapenv:Envelope>]]></con:request><con:credentials><con:selectedAuthProfile>Basic</con:selectedAuthProfile><con:addedBasicAuthenticationTypes>Basic</con:addedBasicAuthenticationTypes><con:authType>Global HTTP Settings</con:authType></con:credentials><con:jmsConfig JMSDeliveryMode="PERSISTENT"/><con:jmsPropertyConfig/><con:wsaConfig mustUnderstand="NONE" version="200508" action="http://fidus.brussels/services/lowemissionzoneservice/sendForm"/><con:wsrmConfig version="1.2"/></con:call><con:call id="4d7d7897-ebd5-4ae8-8d68-0a8d8730d97b" name="3 - Test - Worker1 - Request - OK" outgoingWss="Outflow TEST" incomingWss="Inflow TEST"><con:settings><con:setting id="com.eviware.soapui.impl.wsdl.WsdlRequest@request-headers">&lt;xml-fragment/></con:setting></con:settings><con:encoding>UTF-8</con:encoding><con:endpoint>https://192.168.22.53:8443/services/LowEmissionZoneService_v1.1</con:endpoint><con:request><![CDATA[<soapenv:Envelope xmlns:soapenv="http://schemas.xmlsoap.org/soap/envelope/" xmlns:v1="http://fidus.brussels/service/lowemissionzoneservice/messages/v1.1" xmlns:v11="http://fidus.brussels/type/common/messages/v1">
   <soapenv:Header/>
   <soapenv:Body>
      <v1:sendFormRequest>
         <v1:messageContext>
            <v11:messageId>${=import static java.util.UUID.randomUUID; uuid = randomUUID() as String}</v11:messageId>
            <v11:timestamp>${=new java.text.SimpleDateFormat("yyyy-MM-dd'T'HH:mm:ss.SSS").format(new Date())}</v11:timestamp>
         </v1:messageContext>
         <v1:legalContext>ServiceIntegrator</v1:legalContext>
         <v1:request>
            <v1:applicationName>IrisBox</v1:applicationName>
            <v1:formName>registrationForm</v1:formName>
            <v1:formKey>12345678910</v1:formKey>
         </v1:request>
      </v1:sendFormRequest>
   </soapenv:Body>
</soapenv:Envelope>]]></con:request><con:credentials><con:selectedAuthProfile>Basic</con:selectedAuthProfile><con:addedBasicAuthenticationTypes>Basic</con:addedBasicAuthenticationTypes><con:authType>Global HTTP Settings</con:authType></con:credentials><con:jmsConfig JMSDeliveryMode="PERSISTENT"/><con:jmsPropertyConfig/><con:wsaConfig mustUnderstand="NONE" version="200508" action="http://fidus.brussels/services/lowemissionzoneservice/sendForm"/><con:wsrmConfig version="1.2"/></con:call><con:call id="d1148d94-8738-4629-9427-8e3fe11003ca" name="3 - Test - Worker2 - Request - OK" outgoingWss="Outflow TEST" incomingWss="Inflow TEST"><con:settings><con:setting id="com.eviware.soapui.impl.wsdl.WsdlRequest@request-headers">&lt;xml-fragment/></con:setting></con:settings><con:encoding>UTF-8</con:encoding><con:endpoint>https://192.168.22.54:8443/services/LowEmissionZoneService_v1.1</con:endpoint><con:request><![CDATA[<soapenv:Envelope xmlns:soapenv="http://schemas.xmlsoap.org/soap/envelope/" xmlns:v1="http://fidus.brussels/service/lowemissionzoneservice/messages/v1.1" xmlns:v11="http://fidus.brussels/type/common/messages/v1">
   <soapenv:Header/>
   <soapenv:Body>
      <v1:sendFormRequest>
         <v1:messageContext>
            <v11:messageId>${=import static java.util.UUID.randomUUID; uuid = randomUUID() as String}</v11:messageId>
            <v11:timestamp>${=new java.text.SimpleDateFormat("yyyy-MM-dd'T'HH:mm:ss.SSS").format(new Date())}</v11:timestamp>
         </v1:messageContext>
         <v1:legalContext>ServiceIntegrator</v1:legalContext>
         <v1:request>
            <v1:applicationName>IrisBox</v1:applicationName>
            <v1:formName>registrationForm</v1:formName>
            <v1:formKey>12345678910</v1:formKey>
         </v1:request>
      </v1:sendFormRequest>
   </soapenv:Body>
</soapenv:Envelope>]]></con:request><con:credentials><con:selectedAuthProfile>Basic</con:selectedAuthProfile><con:addedBasicAuthenticationTypes>Basic</con:addedBasicAuthenticationTypes><con:authType>Global HTTP Settings</con:authType></con:credentials><con:jmsConfig JMSDeliveryMode="PERSISTENT"/><con:jmsPropertyConfig/><con:wsaConfig mustUnderstand="NONE" version="200508" action="http://fidus.brussels/services/lowemissionzoneservice/sendForm"/><con:wsrmConfig version="1.2"/></con:call><con:call id="0c5ab764-8227-4e1a-ab90-3fb6c0d4de7d" name="4 - Staging - Worker2 - Request - OK" outgoingWss="Outflow STAGING" incomingWss="Inflow STAGING"><con:settings><con:setting id="com.eviware.soapui.impl.wsdl.WsdlRequest@request-headers">&lt;xml-fragment/></con:setting></con:settings><con:encoding>UTF-8</con:encoding><con:endpoint>https://192.168.24.17:8443/services/LowEmissionZoneService_v1.1</con:endpoint><con:request><![CDATA[<soapenv:Envelope xmlns:soapenv="http://schemas.xmlsoap.org/soap/envelope/" xmlns:v1="http://fidus.brussels/service/lowemissionzoneservice/messages/v1.1" xmlns:v11="http://fidus.brussels/type/common/messages/v1">
   <soapenv:Header/>
   <soapenv:Body>
      <v1:sendFormRequest>
         <v1:messageContext>
            <v11:messageId>${=import static java.util.UUID.randomUUID; uuid = randomUUID() as String}</v11:messageId>
            <v11:timestamp>${=new java.text.SimpleDateFormat("yyyy-MM-dd'T'HH:mm:ss.SSS").format(new Date())}</v11:timestamp>
         </v1:messageContext>
         <v1:legalContext>ServiceIntegrator</v1:legalContext>
         <v1:request>
            <v1:applicationName>IrisBox</v1:applicationName>
            <v1:formName>registrationForm</v1:formName>
            <v1:formKey>12345678910</v1:formKey>
         </v1:request>
      </v1:sendFormRequest>
   </soapenv:Body>
</soapenv:Envelope>]]></con:request><con:credentials><con:selectedAuthProfile>Basic</con:selectedAuthProfile><con:addedBasicAuthenticationTypes>Basic</con:addedBasicAuthenticationTypes><con:authType>Global HTTP Settings</con:authType></con:credentials><con:jmsConfig JMSDeliveryMode="PERSISTENT"/><con:jmsPropertyConfig/><con:wsaConfig mustUnderstand="NONE" version="200508" action="http://fidus.brussels/services/lowemissionzoneservice/sendForm"/><con:wsrmConfig version="1.2"/></con:call><con:call id="186690ff-b16e-46da-a3bd-f3d21f0ba092" name="4 - Staging - Worker1 - Request - OK" outgoingWss="Outflow STAGING" incomingWss="Inflow STAGING"><con:settings><con:setting id="com.eviware.soapui.impl.wsdl.WsdlRequest@request-headers">&lt;xml-fragment/></con:setting></con:settings><con:encoding>UTF-8</con:encoding><con:endpoint>https://192.168.24.16:8443/services/LowEmissionZoneService_v1.1</con:endpoint><con:request><![CDATA[<soapenv:Envelope xmlns:soapenv="http://schemas.xmlsoap.org/soap/envelope/" xmlns:v1="http://fidus.brussels/service/lowemissionzoneservice/messages/v1.1" xmlns:v11="http://fidus.brussels/type/common/messages/v1">
   <soapenv:Header/>
   <soapenv:Body>
      <v1:sendFormRequest>
         <v1:messageContext>
            <v11:messageId>${=import static java.util.UUID.randomUUID; uuid = randomUUID() as String}</v11:messageId>
            <v11:timestamp>${=new java.text.SimpleDateFormat("yyyy-MM-dd'T'HH:mm:ss.SSS").format(new Date())}</v11:timestamp>
         </v1:messageContext>
         <v1:legalContext>ServiceIntegrator</v1:legalContext>
         <v1:request>
            <v1:applicationName>IrisBox</v1:applicationName>
            <v1:formName>registrationForm</v1:formName>
            <v1:formKey>12345678910</v1:formKey>
         </v1:request>
      </v1:sendFormRequest>
   </soapenv:Body>
</soapenv:Envelope>]]></con:request><con:credentials><con:selectedAuthProfile>Basic</con:selectedAuthProfile><con:addedBasicAuthenticationTypes>Basic</con:addedBasicAuthenticationTypes><con:authType>Global HTTP Settings</con:authType></con:credentials><con:jmsConfig JMSDeliveryMode="PERSISTENT"/><con:jmsPropertyConfig/><con:wsaConfig mustUnderstand="NONE" version="200508" action="http://fidus.brussels/services/lowemissionzoneservice/sendForm"/><con:wsrmConfig version="1.2"/></con:call><con:call id="def64cf0-c6c0-40fe-b1b2-02037054abc9" name="4 - LB - Staging - Request - OK"><con:settings><con:setting id="com.eviware.soapui.impl.wsdl.WsdlRequest@request-headers">&lt;xml-fragment/></con:setting></con:settings><con:encoding>UTF-8</con:encoding><con:endpoint>https://192.168.24.16:8443/services/LowEmissionZoneService_v1.1</con:endpoint><con:request><![CDATA[<soapenv:Envelope xmlns:soapenv="http://schemas.xmlsoap.org/soap/envelope/" xmlns:v1="http://fidus.brussels/service/lowemissionzoneservice/messages/v1.1" xmlns:v11="http://fidus.brussels/type/common/messages/v1">
   <soapenv:Header/>
   <soapenv:Body>
      <v1:sendFormRequest>
         <v1:messageContext>
            <v11:messageId>${=import static java.util.UUID.randomUUID; uuid = randomUUID() as String}</v11:messageId>
            <v11:timestamp>${=new java.text.SimpleDateFormat("yyyy-MM-dd'T'HH:mm:ss.SSS").format(new Date())}</v11:timestamp>
         </v1:messageContext>
         <v1:legalContext>ServiceIntegrator</v1:legalContext>
         <v1:request>
            <v1:applicationName>IrisBox</v1:applicationName>
            <v1:formName>registrationForm</v1:formName>
            <v1:formKey>12345678910</v1:formKey>
         </v1:request>
      </v1:sendFormRequest>
   </soapenv:Body>
</soapenv:Envelope>]]></con:request><con:credentials><con:selectedAuthProfile>Basic</con:selectedAuthProfile><con:addedBasicAuthenticationTypes>Basic</con:addedBasicAuthenticationTypes><con:authType>Global HTTP Settings</con:authType></con:credentials><con:jmsConfig JMSDeliveryMode="PERSISTENT"/><con:jmsPropertyConfig/><con:wsaConfig mustUnderstand="NONE" version="200508" action="http://fidus.brussels/services/lowemissionzoneservice/sendForm"/><con:wsrmConfig version="1.2"/></con:call><con:call id="04497023-df5c-4ca1-acb7-b1acf7a38870" name="2 - DevNew - Request - OK" outgoingWss="Outflow DEV" incomingWss="Inflow DEV"><con:settings><con:setting id="com.eviware.soapui.impl.wsdl.WsdlRequest@request-headers">&lt;xml-fragment/></con:setting></con:settings><con:encoding>UTF-8</con:encoding><con:endpoint>https://192.168.36.205:8243/services/LowEmissionZoneService_v1.1</con:endpoint><con:request><![CDATA[<soapenv:Envelope xmlns:soapenv="http://schemas.xmlsoap.org/soap/envelope/" xmlns:v1="http://fidus.brussels/service/lowemissionzoneservice/messages/v1.1" xmlns:v11="http://fidus.brussels/type/common/messages/v1">
   <soapenv:Header/>
   <soapenv:Body>
      <v1:sendFormRequest>
         <v1:messageContext>
            <v11:messageId>${=import static java.util.UUID.randomUUID; uuid = randomUUID() as String}</v11:messageId>
            <v11:timestamp>${=new java.text.SimpleDateFormat("yyyy-MM-dd'T'HH:mm:ss.SSS").format(new Date())}</v11:timestamp>
         </v1:messageContext>
         <v1:legalContext>ServiceIntegrator</v1:legalContext>
         <v1:request>
            <v1:applicationName>IrisBox</v1:applicationName>
            <v1:formName>registrationForm</v1:formName>
            <v1:formKey>12345678910</v1:formKey>
         </v1:request>
      </v1:sendFormRequest>
   </soapenv:Body>
</soapenv:Envelope>]]></con:request><con:credentials><con:selectedAuthProfile>Basic</con:selectedAuthProfile><con:addedBasicAuthenticationTypes>Basic</con:addedBasicAuthenticationTypes><con:authType>Global HTTP Settings</con:authType></con:credentials><con:jmsConfig JMSDeliveryMode="PERSISTENT"/><con:jmsPropertyConfig/><con:wsaConfig mustUnderstand="NONE" version="200508" action="http://fidus.brussels/services/lowemissionzoneservice/sendForm"/><con:wsrmConfig version="1.2"/></con:call><con:call id="66e39eb5-b38c-4c7e-83dc-98c63e0c0053" name="3 - Test - Worker1New - Request - OK" outgoingWss="Outflow TEST" incomingWss="Inflow TEST"><con:settings><con:setting id="com.eviware.soapui.impl.wsdl.WsdlRequest@request-headers">&lt;xml-fragment/></con:setting></con:settings><con:encoding>UTF-8</con:encoding><con:endpoint>https://192.168.22.73:8443/services/LowEmissionZoneService_v1.1</con:endpoint><con:request><![CDATA[<soapenv:Envelope xmlns:soapenv="http://schemas.xmlsoap.org/soap/envelope/" xmlns:v1="http://fidus.brussels/service/lowemissionzoneservice/messages/v1.1" xmlns:v11="http://fidus.brussels/type/common/messages/v1">
   <soapenv:Header/>
   <soapenv:Body>
      <v1:sendFormRequest>
         <v1:messageContext>
            <v11:messageId>${=import static java.util.UUID.randomUUID; uuid = randomUUID() as String}</v11:messageId>
            <v11:timestamp>${=new java.text.SimpleDateFormat("yyyy-MM-dd'T'HH:mm:ss.SSS").format(new Date())}</v11:timestamp>
         </v1:messageContext>
         <v1:legalContext>ServiceIntegrator</v1:legalContext>
         <v1:request>
            <v1:applicationName>IrisBox</v1:applicationName>
            <v1:formName>registrationForm</v1:formName>
            <v1:formKey>12345678910</v1:formKey>
         </v1:request>
      </v1:sendFormRequest>
   </soapenv:Body>
</soapenv:Envelope>]]></con:request><con:credentials><con:selectedAuthProfile>Basic</con:selectedAuthProfile><con:addedBasicAuthenticationTypes>Basic</con:addedBasicAuthenticationTypes><con:authType>Global HTTP Settings</con:authType></con:credentials><con:jmsConfig JMSDeliveryMode="PERSISTENT"/><con:jmsPropertyConfig/><con:wsaConfig mustUnderstand="NONE" version="200508" action="http://fidus.brussels/services/lowemissionzoneservice/sendForm"/><con:wsrmConfig version="1.2"/></con:call><con:call id="df29614d-847c-4a58-9def-7c5f0c6ba5d8" name="3 - Test - Worker2New - Request - OK" outgoingWss="Outflow TEST" incomingWss="Inflow TEST"><con:settings><con:setting id="com.eviware.soapui.impl.wsdl.WsdlRequest@request-headers">&lt;xml-fragment/></con:setting></con:settings><con:encoding>UTF-8</con:encoding><con:endpoint>https://192.168.22.93:8443/services/LowEmissionZoneService_v1.1</con:endpoint><con:request><![CDATA[<soapenv:Envelope xmlns:soapenv="http://schemas.xmlsoap.org/soap/envelope/" xmlns:v1="http://fidus.brussels/service/lowemissionzoneservice/messages/v1.1" xmlns:v11="http://fidus.brussels/type/common/messages/v1">
   <soapenv:Header/>
   <soapenv:Body>
      <v1:sendFormRequest>
         <v1:messageContext>
            <v11:messageId>${=import static java.util.UUID.randomUUID; uuid = randomUUID() as String}</v11:messageId>
            <v11:timestamp>${=new java.text.SimpleDateFormat("yyyy-MM-dd'T'HH:mm:ss.SSS").format(new Date())}</v11:timestamp>
         </v1:messageContext>
         <v1:legalContext>ServiceIntegrator</v1:legalContext>
         <v1:request>
            <v1:applicationName>IrisBox</v1:applicationName>
            <v1:formName>registrationForm</v1:formName>
            <v1:formKey>12345678910</v1:formKey>
         </v1:request>
      </v1:sendFormRequest>
   </soapenv:Body>
</soapenv:Envelope>]]></con:request><con:credentials><con:selectedAuthProfile>Basic</con:selectedAuthProfile><con:addedBasicAuthenticationTypes>Basic</con:addedBasicAuthenticationTypes><con:authType>Global HTTP Settings</con:authType></con:credentials><con:jmsConfig JMSDeliveryMode="PERSISTENT"/><con:jmsPropertyConfig/><con:wsaConfig mustUnderstand="NONE" version="200508" action="http://fidus.brussels/services/lowemissionzoneservice/sendForm"/><con:wsrmConfig version="1.2"/></con:call><con:call id="35aa5ca5-374c-4b1e-88f2-f177f962ae1d" name="4 - Staging - Worker1New - Request - OK" outgoingWss="Outflow STAGING" incomingWss="Inflow STAGING"><con:settings><con:setting id="com.eviware.soapui.impl.wsdl.WsdlRequest@request-headers">&lt;xml-fragment/></con:setting></con:settings><con:encoding>UTF-8</con:encoding><con:endpoint>https://192.168.23.191:8443/services/LowEmissionZoneService_v1.1</con:endpoint><con:request><![CDATA[<soapenv:Envelope xmlns:soapenv="http://schemas.xmlsoap.org/soap/envelope/" xmlns:v1="http://fidus.brussels/service/lowemissionzoneservice/messages/v1.1" xmlns:v11="http://fidus.brussels/type/common/messages/v1">
   <soapenv:Header/>
   <soapenv:Body>
      <v1:sendFormRequest>
         <v1:messageContext>
            <v11:messageId>${=import static java.util.UUID.randomUUID; uuid = randomUUID() as String}</v11:messageId>
            <v11:timestamp>${=new java.text.SimpleDateFormat("yyyy-MM-dd'T'HH:mm:ss.SSS").format(new Date())}</v11:timestamp>
         </v1:messageContext>
         <v1:legalContext>ServiceIntegrator</v1:legalContext>
         <v1:request>
            <v1:applicationName>IrisBox</v1:applicationName>
            <v1:formName>registrationForm</v1:formName>
            <v1:formKey>12345678910</v1:formKey>
         </v1:request>
      </v1:sendFormRequest>
   </soapenv:Body>
</soapenv:Envelope>]]></con:request><con:credentials><con:selectedAuthProfile>Basic</con:selectedAuthProfile><con:addedBasicAuthenticationTypes>Basic</con:addedBasicAuthenticationTypes><con:authType>Global HTTP Settings</con:authType></con:credentials><con:jmsConfig JMSDeliveryMode="PERSISTENT"/><con:jmsPropertyConfig/><con:wsaConfig mustUnderstand="NONE" version="200508" action="http://fidus.brussels/services/lowemissionzoneservice/sendForm"/><con:wsrmConfig version="1.2"/></con:call><con:call id="9c30b1a6-63a0-475e-b32c-aff0cce722ef" name="4 - Staging - Worker2New - Request - OK" outgoingWss="Outflow STAGING" incomingWss="Inflow STAGING"><con:settings><con:setting id="com.eviware.soapui.impl.wsdl.WsdlRequest@request-headers">&lt;xml-fragment/></con:setting></con:settings><con:encoding>UTF-8</con:encoding><con:endpoint>https://192.168.23.198:8443/services/LowEmissionZoneService_v1.1</con:endpoint><con:request><![CDATA[<soapenv:Envelope xmlns:soapenv="http://schemas.xmlsoap.org/soap/envelope/" xmlns:v1="http://fidus.brussels/service/lowemissionzoneservice/messages/v1.1" xmlns:v11="http://fidus.brussels/type/common/messages/v1">
   <soapenv:Header/>
   <soapenv:Body>
      <v1:sendFormRequest>
         <v1:messageContext>
            <v11:messageId>${=import static java.util.UUID.randomUUID; uuid = randomUUID() as String}</v11:messageId>
            <v11:timestamp>${=new java.text.SimpleDateFormat("yyyy-MM-dd'T'HH:mm:ss.SSS").format(new Date())}</v11:timestamp>
         </v1:messageContext>
         <v1:legalContext>ServiceIntegrator</v1:legalContext>
         <v1:request>
            <v1:applicationName>IrisBox</v1:applicationName>
            <v1:formName>registrationForm</v1:formName>
            <v1:formKey>12345678910</v1:formKey>
         </v1:request>
      </v1:sendFormRequest>
   </soapenv:Body>
</soapenv:Envelope>]]></con:request><con:credentials><con:selectedAuthProfile>Basic</con:selectedAuthProfile><con:addedBasicAuthenticationTypes>Basic</con:addedBasicAuthenticationTypes><con:authType>Global HTTP Settings</con:authType></con:credentials><con:jmsConfig JMSDeliveryMode="PERSISTENT"/><con:jmsPropertyConfig/><con:wsaConfig mustUnderstand="NONE" version="200508" action="http://fidus.brussels/services/lowemissionzoneservice/sendForm"/><con:wsrmConfig version="1.2"/></con:call></con:operation></con:interface><con:testSuite id="b2e7ce54-7332-4101-b991-c69be11132b5" name="DEV"><con:settings/><con:runType>SEQUENTIAL</con:runType><con:testCase id="3aeae8dc-9c70-4960-bfb0-f15ece0bdfcb" failOnError="true" failTestCaseOnErrors="true" keepSession="false" maxResults="0" name="getPhoto" searchProperties="true"><con:settings/><con:testStep type="request" id="e0f5ebd4-a937-47ee-b5be-ba25d24fadd4" name="testcase2 - Dev - Request - OK"><con:settings/><con:config xsi:type="con:RequestStep" xmlns:xsi="http://www.w3.org/2001/XMLSchema-instance"><con:interface>LowEmissionZoneServiceHTTPBinding</con:interface><con:operation>getPhoto</con:operation><con:request name="testcase2 - Dev - Request - OK" id="b74239ed-bc94-4fc7-a900-1534f84c422e" outgoingWss="Outflow DEV"><con:settings/><con:encoding>UTF-8</con:encoding><con:endpoint>https://192.168.36.61:8243/services/LowEmissionZoneService_v1.0</con:endpoint><con:request><![CDATA[<soapenv:Envelope xmlns:soapenv="http://schemas.xmlsoap.org/soap/envelope/" xmlns:v1="http://fidus.brussels/service/lowemissionzoneservice/messages/v1" xmlns:v11="http://fidus.brussels/type/common/messages/v1">
   <soapenv:Header/>
   <soapenv:Body>
      <v1:getPhotoRequest>
         <v1:messageContext>
            <v11:messageId>${=import static java.util.UUID.randomUUID; uuid = randomUUID() as String}</v11:messageId>
            <v11:timestamp>${=new java.text.SimpleDateFormat("yyyy-MM-dd'T'HH:mm:ss.SSS").format(new Date())}</v11:timestamp>
         </v1:messageContext>
         <v1:legalContext>ServiceIntegrator</v1:legalContext>
         <v1:request>
            <v1:ids>
               <!--1 or more repetitions:-->
               <v1:id>5a7837bb53e29879de2e289f</v1:id>
            </v1:ids>
         </v1:request>
      </v1:getPhotoRequest>
   </soapenv:Body>
</soapenv:Envelope>]]></con:request><con:assertion type="SOAP Fault Assertion" id="fb2f4387-5827-443e-9510-1dc3b58326c9" name="Not SOAP Fault"/><con:assertion type="SOAP Response" id="16971e45-12ac-4348-85f5-83b40fad4787" name="SOAP Response"/><con:assertion type="Schema Compliance" id="4e26beb2-1104-494f-899e-396abaae5511" name="Schema Compliance"><con:configuration/></con:assertion><con:wsaConfig action="http://fidus.brussels/services/lowemissionzoneservice/getLowEmissionZoneService"/></con:request></con:config></con:testStep><con:testStep type="request" id="b77aa9ef-93c3-4ca3-bbe2-f8327687ab27" name="testcase2 - DevNew - Request - OK"><con:settings/><con:config xsi:type="con:RequestStep" xmlns:xsi="http://www.w3.org/2001/XMLSchema-instance"><con:interface>LowEmissionZoneServiceHTTPBinding</con:interface><con:operation>getPhoto</con:operation><con:request name="testcase2 - DevNew - Request - OK" id="7d2ae898-9069-47f4-af62-4fd5c8785551" outgoingWss="Outflow DEV"><con:settings/><con:encoding>UTF-8</con:encoding><con:endpoint>https://192.168.36.205:8243/services/LowEmissionZoneService_v1.0</con:endpoint><con:request><![CDATA[<soapenv:Envelope xmlns:soapenv="http://schemas.xmlsoap.org/soap/envelope/" xmlns:v1="http://fidus.brussels/service/lowemissionzoneservice/messages/v1" xmlns:v11="http://fidus.brussels/type/common/messages/v1">
   <soapenv:Header/>
   <soapenv:Body>
      <v1:getPhotoRequest>
         <v1:messageContext>
            <v11:messageId>${=import static java.util.UUID.randomUUID; uuid = randomUUID() as String}</v11:messageId>
            <v11:timestamp>${=new java.text.SimpleDateFormat("yyyy-MM-dd'T'HH:mm:ss.SSS").format(new Date())}</v11:timestamp>
         </v1:messageContext>
         <v1:legalContext>ServiceIntegrator</v1:legalContext>
         <v1:request>
            <v1:ids>
               <!--1 or more repetitions:-->
               <v1:id>5a7837bb53e29879de2e289f</v1:id>
            </v1:ids>
         </v1:request>
      </v1:getPhotoRequest>
   </soapenv:Body>
</soapenv:Envelope>]]></con:request><con:assertion type="SOAP Fault Assertion" id="9aec5cd0-5663-4396-801d-6bcd8fa20574" name="Not SOAP Fault"/><con:assertion type="SOAP Response" id="2db3af02-b6a7-4d08-a443-9409aed3d52c" name="SOAP Response"/><con:assertion type="Schema Compliance" id="30e68725-f4e4-4f2c-adc6-c2bcc9233ea5" name="Schema Compliance"><con:configuration/></con:assertion><con:wsaConfig action="http://fidus.brussels/services/lowemissionzoneservice/getLowEmissionZoneService"/></con:request></con:config></con:testStep><con:properties/></con:testCase><con:testCase id="7cbf1ed6-686c-4f0f-a286-dfee31f01e4e" failOnError="true" failTestCaseOnErrors="true" keepSession="false" maxResults="0" name="sendForm" searchProperties="true"><con:settings/><con:testStep type="request" id="72c7f12a-849b-46d5-a02d-0a8bbfc8fc20" name="testcase2 - Dev - Request - OK"><con:settings/><con:config xsi:type="con:RequestStep" xmlns:xsi="http://www.w3.org/2001/XMLSchema-instance"><con:interface>LowEmissionZoneServiceHTTPBinding</con:interface><con:operation>sendForm</con:operation><con:request name="testcase2 - Dev - Request - OK" id="445c8b87-4f0f-4214-9a7d-990cc6636b64" outgoingWss="Outflow DEV"><con:settings/><con:encoding>UTF-8</con:encoding><con:endpoint>https://192.168.36.61:8243/services/LowEmissionZoneService_v1.1</con:endpoint><con:request><![CDATA[<soapenv:Envelope xmlns:soapenv="http://schemas.xmlsoap.org/soap/envelope/" xmlns:v1="http://fidus.brussels/service/lowemissionzoneservice/messages/v1.1" xmlns:v11="http://fidus.brussels/type/common/messages/v1">
   <soapenv:Header/>
   <soapenv:Body>
      <v1:sendFormRequest>
         <v1:messageContext>
            <v11:messageId>${=import static java.util.UUID.randomUUID; uuid = randomUUID() as String}</v11:messageId>
            <v11:timestamp>${=new java.text.SimpleDateFormat("yyyy-MM-dd'T'HH:mm:ss.SSS").format(new Date())}</v11:timestamp>
         </v1:messageContext>
         <v1:legalContext>ServiceIntegrator</v1:legalContext>
         <v1:request>
            <v1:applicationName>IrisBox</v1:applicationName>
            <v1:formName>registrationForm</v1:formName>
            <v1:formKey>12345678910</v1:formKey>
         </v1:request>
      </v1:sendFormRequest>
   </soapenv:Body>
</soapenv:Envelope>]]></con:request><con:assertion type="SOAP Fault Assertion" id="50a2dbdf-a4d7-4cdc-8b12-153b4a0e8ffc" name="Not SOAP Fault"/><con:assertion type="SOAP Response" id="28416dc0-ae2e-4574-b6f0-65c2958d65b4" name="SOAP Response"/><con:assertion type="Schema Compliance" id="72106df8-9e85-4a32-a637-0a47a7429e1f" name="Schema Compliance"><con:configuration/></con:assertion><con:wsaConfig action="http://fidus.brussels/services/lowemissionzoneservice/sendForm"/></con:request></con:config></con:testStep><con:testStep type="request" id="fd277c80-6ec7-47b9-8cf1-b0c725e1c6b6" name="testcase2 - DevNew - Request - OK"><con:settings/><con:config xsi:type="con:RequestStep" xmlns:xsi="http://www.w3.org/2001/XMLSchema-instance"><con:interface>LowEmissionZoneServiceHTTPBinding</con:interface><con:operation>sendForm</con:operation><con:request name="testcase2 - DevNew - Request - OK" id="d88b43e3-403a-4ee4-af0a-ff855f426872" outgoingWss="Outflow DEV"><con:settings/><con:encoding>UTF-8</con:encoding><con:endpoint>https://192.168.36.205:8243/services/LowEmissionZoneService_v1.1</con:endpoint><con:request><![CDATA[<soapenv:Envelope xmlns:soapenv="http://schemas.xmlsoap.org/soap/envelope/" xmlns:v1="http://fidus.brussels/service/lowemissionzoneservice/messages/v1.1" xmlns:v11="http://fidus.brussels/type/common/messages/v1">
   <soapenv:Header/>
   <soapenv:Body>
      <v1:sendFormRequest>
         <v1:messageContext>
            <v11:messageId>${=import static java.util.UUID.randomUUID; uuid = randomUUID() as String}</v11:messageId>
            <v11:timestamp>${=new java.text.SimpleDateFormat("yyyy-MM-dd'T'HH:mm:ss.SSS").format(new Date())}</v11:timestamp>
         </v1:messageContext>
         <v1:legalContext>ServiceIntegrator</v1:legalContext>
         <v1:request>
            <v1:applicationName>IrisBox</v1:applicationName>
            <v1:formName>registrationForm</v1:formName>
            <v1:formKey>12345678910</v1:formKey>
         </v1:request>
      </v1:sendFormRequest>
   </soapenv:Body>
</soapenv:Envelope>]]></con:request><con:assertion type="SOAP Fault Assertion" id="6375f07d-ef45-45d7-8ce6-20fd1e9b9a15" name="Not SOAP Fault"/><con:assertion type="SOAP Response" id="28af670d-0610-4ddc-a1c0-5e20a0aabaee" name="SOAP Response"/><con:assertion type="Schema Compliance" id="a816bebe-c88c-45ad-94b0-a9c7972038b6" name="Schema Compliance"><con:configuration/></con:assertion><con:wsaConfig action="http://fidus.brussels/services/lowemissionzoneservice/sendForm"/></con:request></con:config></con:testStep><con:properties/></con:testCase><con:properties/></con:testSuite><con:testSuite id="86ae65e5-0620-4e40-9352-25f66784ac50" name="TEST"><con:settings/><con:runType>SEQUENTIAL</con:runType><con:testCase id="ec698f53-bafc-4006-a082-08f8c7ab4e70" failOnError="true" failTestCaseOnErrors="true" keepSession="false" maxResults="0" name="getPhoto" searchProperties="true"><con:settings/><con:testStep type="request" id="d83955c6-6cba-4d0e-aa9f-cab6d33a7070" name="testcase3 - Test - LB - Request"><con:settings/><con:config xsi:type="con:RequestStep" xmlns:xsi="http://www.w3.org/2001/XMLSchema-instance"><con:interface>LowEmissionZoneServiceHTTPBinding</con:interface><con:operation>getPhoto</con:operation><con:request name="testcase3 - Test - LB - Request" id="607d049c-d163-410f-990d-4eba9fbf31b0" outgoingWss="Outflow TEST"><con:settings/><con:encoding>UTF-8</con:encoding><con:endpoint>https://esb-security-gw.sta.srv.cirb.lan:8443/services/LowEmissionZoneService_v1.0</con:endpoint><con:request><![CDATA[<soapenv:Envelope xmlns:soapenv="http://schemas.xmlsoap.org/soap/envelope/" xmlns:v1="http://fidus.brussels/service/lowemissionzoneservice/messages/v1" xmlns:v11="http://fidus.brussels/type/common/messages/v1">
   <soapenv:Header/>
   <soapenv:Body>
      <v1:getPhotoRequest>
         <v1:messageContext>
            <v11:messageId>${=import static java.util.UUID.randomUUID; uuid = randomUUID() as String}</v11:messageId>
            <v11:timestamp>${=new java.text.SimpleDateFormat("yyyy-MM-dd'T'HH:mm:ss.SSS").format(new Date())}</v11:timestamp>
         </v1:messageContext>
         <v1:legalContext>ServiceIntegrator</v1:legalContext>
         <v1:request>
            <v1:ids>
               <!--1 or more repetitions:-->
               <v1:id>5aaa1d838e4b3c665d0534ad</v1:id>
               <v1:id>5aaa1d838e4b3c665d0534af</v1:id>
               <v1:id>5aaa1d838e4b3c665d0534ae</v1:id>
               <v1:id>5aaa1d8d8e4b3c665d053770</v1:id>
               <v1:id>5aaa1d8d8e4b3c665d053772</v1:id>
               <v1:id>5aaa1d8d8e4b3c665d053771</v1:id>
               <v1:id>5aaa1d868e4b3c665d053592</v1:id>
               <v1:id>5aaa1d868e4b3c665d053594</v1:id>
               <v1:id>5aaa1d868e4b3c665d053593</v1:id>
            </v1:ids>
         </v1:request>
      </v1:getPhotoRequest>
   </soapenv:Body>
</soapenv:Envelope>]]></con:request><con:assertion type="SOAP Fault Assertion" id="5689879a-b906-41b0-8234-7206cc109dbb" name="Not SOAP Fault"/><con:assertion type="SOAP Response" id="08d26c86-bca0-43b8-8e07-7d12e553f884" name="SOAP Response"/><con:assertion type="Schema Compliance" id="faa573c8-ae22-425c-93c5-9faa7643752d" name="Schema Compliance"><con:configuration/></con:assertion><con:wsaConfig action="http://fidus.brussels/services/lowemissionzoneservice/getLowEmissionZoneService"/></con:request></con:config></con:testStep><con:testStep type="request" id="aa40a880-1b54-44b0-bc08-9334a25eb789" name="testcase3 - Test - Worker1 - Request"><con:settings/><con:config xsi:type="con:RequestStep" xmlns:xsi="http://www.w3.org/2001/XMLSchema-instance"><con:interface>LowEmissionZoneServiceHTTPBinding</con:interface><con:operation>getPhoto</con:operation><con:request name="testcase3 - Test - Worker1 - Request" id="c89847bb-21d6-4408-881e-31170d6d147d" outgoingWss="Outflow TEST"><con:settings/><con:encoding>UTF-8</con:encoding><con:endpoint>https://192.168.24.45:8443/services/LowEmissionZoneService_v1.0</con:endpoint><con:request><![CDATA[<soapenv:Envelope xmlns:soapenv="http://schemas.xmlsoap.org/soap/envelope/" xmlns:v1="http://fidus.brussels/service/lowemissionzoneservice/messages/v1" xmlns:v11="http://fidus.brussels/type/common/messages/v1">
   <soapenv:Header/>
   <soapenv:Body>
      <v1:getPhotoRequest>
         <v1:messageContext>
            <v11:messageId>${=import static java.util.UUID.randomUUID; uuid = randomUUID() as String}</v11:messageId>
            <v11:timestamp>${=new java.text.SimpleDateFormat("yyyy-MM-dd'T'HH:mm:ss.SSS").format(new Date())}</v11:timestamp>
         </v1:messageContext>
         <v1:legalContext>ServiceIntegrator</v1:legalContext>
         <v1:request>
            <v1:ids>
               <!--1 or more repetitions:-->
               <v1:id>5ab8981848d3bb536a1a91ce</v1:id>
            </v1:ids>
         </v1:request>
      </v1:getPhotoRequest>
   </soapenv:Body>
</soapenv:Envelope>]]></con:request><con:assertion type="SOAP Fault Assertion" id="35a4c8dc-f6f9-4684-bff3-677cf72ba3a0" name="Not SOAP Fault"/><con:assertion type="SOAP Response" id="1639826a-316c-4b23-9c56-f9eb7f631456" name="SOAP Response"/><con:assertion type="Schema Compliance" id="4b6664dc-0a73-4517-a6ef-ca8cee4823dc" name="Schema Compliance"><con:configuration/></con:assertion><con:wsaConfig action="http://fidus.brussels/services/lowemissionzoneservice/getLowEmissionZoneService"/></con:request></con:config></con:testStep><con:testStep type="request" id="763bc913-84e8-4f88-90fc-2b848f24273f" name="testcase3 - Test - Worker2 - Request"><con:settings/><con:config xsi:type="con:RequestStep" xmlns:xsi="http://www.w3.org/2001/XMLSchema-instance"><con:interface>LowEmissionZoneServiceHTTPBinding</con:interface><con:operation>getPhoto</con:operation><con:request name="testcase3 - Test - Worker2 - Request" id="ce4af37b-6e2d-44a0-97e3-c76311cc2a6a" outgoingWss="Outflow TEST"><con:settings/><con:encoding>UTF-8</con:encoding><con:endpoint>https://192.168.24.51:8443/services/LowEmissionZoneService_v1.0</con:endpoint><con:request><![CDATA[<soapenv:Envelope xmlns:soapenv="http://schemas.xmlsoap.org/soap/envelope/" xmlns:v1="http://fidus.brussels/service/lowemissionzoneservice/messages/v1" xmlns:v11="http://fidus.brussels/type/common/messages/v1">
   <soapenv:Header/>
   <soapenv:Body>
      <v1:getPhotoRequest>
         <v1:messageContext>
            <v11:messageId>${=import static java.util.UUID.randomUUID; uuid = randomUUID() as String}</v11:messageId>
            <v11:timestamp>${=new java.text.SimpleDateFormat("yyyy-MM-dd'T'HH:mm:ss.SSS").format(new Date())}</v11:timestamp>
         </v1:messageContext>
         <v1:legalContext>ServiceIntegrator</v1:legalContext>
         <v1:request>
            <v1:ids>
               <!--1 or more repetitions:-->
               <v1:id>5a7837bb53e29879de2e289f</v1:id>
            </v1:ids>
         </v1:request>
      </v1:getPhotoRequest>
   </soapenv:Body>
</soapenv:Envelope>]]></con:request><con:assertion type="SOAP Fault Assertion" id="27b72dac-40e4-490b-9fb0-610f61fe2e8a" name="Not SOAP Fault"/><con:assertion type="SOAP Response" id="6031047e-dd84-4c56-b82b-a25b44ce8f21" name="SOAP Response"/><con:assertion type="Schema Compliance" id="a4344883-6c83-41a5-9cb1-50dfeca5b17d" name="Schema Compliance"><con:configuration/></con:assertion><con:wsaConfig action="http://fidus.brussels/services/lowemissionzoneservice/getLowEmissionZoneService"/></con:request></con:config></con:testStep><con:testStep type="request" id="0a83a9d5-146c-4cff-b94a-9afe72c2385a" name="testcase3 - Test - External - Request"><con:settings/><con:config xsi:type="con:RequestStep" xmlns:xsi="http://www.w3.org/2001/XMLSchema-instance"><con:interface>LowEmissionZoneServiceHTTPBinding</con:interface><con:operation>getPhoto</con:operation><con:request name="testcase3 - Test - External - Request" id="497087fe-552f-4453-9d43-28bd92e5768e" outgoingWss="Outflow TEST"><con:settings/><con:encoding>UTF-8</con:encoding><con:endpoint>https://fidus-test.irisnetlab.be/services/LowEmissionZoneService_v1.0</con:endpoint><con:request><![CDATA[<soapenv:Envelope xmlns:soapenv="http://schemas.xmlsoap.org/soap/envelope/" xmlns:v1="http://fidus.brussels/service/lowemissionzoneservice/messages/v1" xmlns:v11="http://fidus.brussels/type/common/messages/v1">
   <soapenv:Header/>
   <soapenv:Body>
      <v1:getPhotoRequest>
         <v1:messageContext>
            <v11:messageId>${=import static java.util.UUID.randomUUID; uuid = randomUUID() as String}</v11:messageId>
            <v11:timestamp>${=new java.text.SimpleDateFormat("yyyy-MM-dd'T'HH:mm:ss.SSS").format(new Date())}</v11:timestamp>
         </v1:messageContext>
         <v1:legalContext>ServiceIntegrator</v1:legalContext>
         <v1:request>
            <v1:ids>
               <!--1 or more repetitions:-->
               <v1:id>5aaa1d838e4b3c665d0534ad</v1:id>
               <v1:id>5aaa1d838e4b3c665d0534af</v1:id>
               <v1:id>5aaa1d838e4b3c665d0534ae</v1:id>
               <v1:id>5aaa1d8d8e4b3c665d053770</v1:id>
               <v1:id>5aaa1d8d8e4b3c665d053772</v1:id>
               <v1:id>5aaa1d8d8e4b3c665d053771</v1:id>
               <v1:id>5aaa1d868e4b3c665d053592</v1:id>
               <v1:id>5aaa1d868e4b3c665d053594</v1:id>
               <v1:id>5aaa1d868e4b3c665d053593</v1:id>
            </v1:ids>
         </v1:request>
      </v1:getPhotoRequest>
   </soapenv:Body>
</soapenv:Envelope>]]></con:request><con:assertion type="SOAP Fault Assertion" id="fa9c1ad7-5cf9-4c83-be3c-f0000be63d4b" name="Not SOAP Fault"/><con:assertion type="SOAP Response" id="e46878c2-99b2-41ce-8418-dda1846e978e" name="SOAP Response"/><con:assertion type="Schema Compliance" id="9433f775-a247-4eeb-94d3-c312cf8a60b1" name="Schema Compliance"><con:configuration/></con:assertion><con:wsaConfig action="http://fidus.brussels/services/lowemissionzoneservice/getLowEmissionZoneService"/></con:request></con:config></con:testStep><con:testStep type="request" id="a6ca1c7e-c085-4ff9-b0a6-584b0f0b7121" name="testcase3 - Test - Worker1New - Request"><con:settings/><con:config xsi:type="con:RequestStep" xmlns:xsi="http://www.w3.org/2001/XMLSchema-instance"><con:interface>LowEmissionZoneServiceHTTPBinding</con:interface><con:operation>getPhoto</con:operation><con:request name="testcase3 - Test - Worker1New - Request" id="3a6db544-b07a-42e6-bb12-3dc54e7edd6d" outgoingWss="Outflow TEST"><con:settings/><con:encoding>UTF-8</con:encoding><con:endpoint>https://192.168.24.45:8443/services/LowEmissionZoneService_v1.0</con:endpoint><con:request><![CDATA[<soapenv:Envelope xmlns:soapenv="http://schemas.xmlsoap.org/soap/envelope/" xmlns:v1="http://fidus.brussels/service/lowemissionzoneservice/messages/v1" xmlns:v11="http://fidus.brussels/type/common/messages/v1">
   <soapenv:Header/>
   <soapenv:Body>
      <v1:getPhotoRequest>
         <v1:messageContext>
            <v11:messageId>${=import static java.util.UUID.randomUUID; uuid = randomUUID() as String}</v11:messageId>
            <v11:timestamp>${=new java.text.SimpleDateFormat("yyyy-MM-dd'T'HH:mm:ss.SSS").format(new Date())}</v11:timestamp>
         </v1:messageContext>
         <v1:legalContext>ServiceIntegrator</v1:legalContext>
         <v1:request>
            <v1:ids>
               <!--1 or more repetitions:-->
               <v1:id>5ab8981848d3bb536a1a91ce</v1:id>
            </v1:ids>
         </v1:request>
      </v1:getPhotoRequest>
   </soapenv:Body>
</soapenv:Envelope>]]></con:request><con:assertion type="SOAP Fault Assertion" id="02813f6e-346c-4665-b05d-bece8acd35cb" name="Not SOAP Fault"/><con:assertion type="SOAP Response" id="d0e05b33-6e46-4944-acfd-e8c295d331b9" name="SOAP Response"/><con:assertion type="Schema Compliance" id="2f60f3e7-cd79-4c58-983f-b6387d3f03b0" name="Schema Compliance"><con:configuration/></con:assertion><con:wsaConfig action="http://fidus.brussels/services/lowemissionzoneservice/getLowEmissionZoneService"/></con:request></con:config></con:testStep><con:testStep type="request" id="19f21dcb-49ea-49d4-9455-51dfbb043d8e" name="testcase3 - Test - Worker2New - Request"><con:settings/><con:config xsi:type="con:RequestStep" xmlns:xsi="http://www.w3.org/2001/XMLSchema-instance"><con:interface>LowEmissionZoneServiceHTTPBinding</con:interface><con:operation>getPhoto</con:operation><con:request name="testcase3 - Test - Worker2New - Request" id="e63fd229-8077-4b38-9e7f-b0734fca3736" outgoingWss="Outflow TEST"><con:settings/><con:encoding>UTF-8</con:encoding><con:endpoint>https://192.168.24.51:8443/services/LowEmissionZoneService_v1.0</con:endpoint><con:request><![CDATA[<soapenv:Envelope xmlns:soapenv="http://schemas.xmlsoap.org/soap/envelope/" xmlns:v1="http://fidus.brussels/service/lowemissionzoneservice/messages/v1" xmlns:v11="http://fidus.brussels/type/common/messages/v1">
   <soapenv:Header/>
   <soapenv:Body>
      <v1:getPhotoRequest>
         <v1:messageContext>
            <v11:messageId>${=import static java.util.UUID.randomUUID; uuid = randomUUID() as String}</v11:messageId>
            <v11:timestamp>${=new java.text.SimpleDateFormat("yyyy-MM-dd'T'HH:mm:ss.SSS").format(new Date())}</v11:timestamp>
         </v1:messageContext>
         <v1:legalContext>ServiceIntegrator</v1:legalContext>
         <v1:request>
            <v1:ids>
               <!--1 or more repetitions:-->
               <v1:id>5a7837bb53e29879de2e289f</v1:id>
            </v1:ids>
         </v1:request>
      </v1:getPhotoRequest>
   </soapenv:Body>
</soapenv:Envelope>]]></con:request><con:assertion type="SOAP Fault Assertion" id="430602d3-e251-429b-8a3f-e3cbf9fb7399" name="Not SOAP Fault"/><con:assertion type="SOAP Response" id="90a89100-efc8-48bb-adb5-7cda99890f4a" name="SOAP Response"/><con:assertion type="Schema Compliance" id="37bd536d-9dd0-4864-92e7-7cceee11ee6b" name="Schema Compliance"><con:configuration/></con:assertion><con:wsaConfig action="http://fidus.brussels/services/lowemissionzoneservice/getLowEmissionZoneService"/></con:request></con:config></con:testStep><con:properties/></con:testCase><con:testCase id="e1c714bf-8d68-416a-93f1-a823549e47b1" failOnError="true" failTestCaseOnErrors="true" keepSession="false" maxResults="0" name="sendForm" searchProperties="true"><con:settings/><con:testStep type="request" id="caba1e4f-0b00-4b62-8144-25429dc7700b" name="testcase3 - Test - External - Request - OK"><con:settings/><con:config xsi:type="con:RequestStep" xmlns:xsi="http://www.w3.org/2001/XMLSchema-instance"><con:interface>LowEmissionZoneServiceHTTPBinding</con:interface><con:operation>sendForm</con:operation><con:request name="testcase3 - Test - External - Request - OK" id="356956c7-c0e2-4076-8f36-21e064f41960" outgoingWss="Outflow TEST"><con:settings/><con:encoding>UTF-8</con:encoding><con:endpoint>https://fidus-test.irisnetlab.be/services/LowEmissionZoneService_v1.1</con:endpoint><con:request><![CDATA[<soapenv:Envelope xmlns:soapenv="http://schemas.xmlsoap.org/soap/envelope/" xmlns:v1="http://fidus.brussels/service/lowemissionzoneservice/messages/v1.1" xmlns:v11="http://fidus.brussels/type/common/messages/v1">
   <soapenv:Header/>
   <soapenv:Body>
      <v1:sendFormRequest>
         <v1:messageContext>
            <v11:messageId>${=import static java.util.UUID.randomUUID; uuid = randomUUID() as String}</v11:messageId>
            <v11:timestamp>${=new java.text.SimpleDateFormat("yyyy-MM-dd'T'HH:mm:ss.SSS").format(new Date())}</v11:timestamp>
         </v1:messageContext>
         <v1:legalContext>ServiceIntegrator</v1:legalContext>
         <v1:request>
            <v1:applicationName>IrisBox</v1:applicationName>
            <v1:formName>registrationForm</v1:formName>
            <v1:formKey>12345678910</v1:formKey>
         </v1:request>
      </v1:sendFormRequest>
   </soapenv:Body>
</soapenv:Envelope>]]></con:request><con:assertion type="SOAP Fault Assertion" id="8a8ee5ed-4b66-4b95-b09d-d1523b9ad798" name="Not SOAP Fault"/><con:assertion type="SOAP Response" id="9581c21f-b256-4d1d-a958-d3d0622b3657" name="SOAP Response"/><con:assertion type="Schema Compliance" id="4ae1f82a-e325-49b7-9f5d-ee31c811e4c1" name="Schema Compliance"><con:configuration/></con:assertion><con:wsaConfig action="http://fidus.brussels/services/lowemissionzoneservice/sendForm"/></con:request></con:config></con:testStep><con:testStep type="request" id="8c56113d-bd99-49e1-95ad-83aa0d502d7b" name="testcase3 - Test - LB - Request - OK"><con:settings/><con:config xsi:type="con:RequestStep" xmlns:xsi="http://www.w3.org/2001/XMLSchema-instance"><con:interface>LowEmissionZoneServiceHTTPBinding</con:interface><con:operation>sendForm</con:operation><con:request name="testcase3 - Test - LB - Request - OK" id="aba780f6-df6b-4386-9e72-4d3f0ad59cba" outgoingWss="Outflow TEST"><con:settings/><con:encoding>UTF-8</con:encoding><con:endpoint>https://esb-security-gw.sta.srv.cirb.lan:8443/services/LowEmissionZoneService_v1.1</con:endpoint><con:request><![CDATA[<soapenv:Envelope xmlns:soapenv="http://schemas.xmlsoap.org/soap/envelope/" xmlns:v1="http://fidus.brussels/service/lowemissionzoneservice/messages/v1.1" xmlns:v11="http://fidus.brussels/type/common/messages/v1">
   <soapenv:Header/>
   <soapenv:Body>
      <v1:sendFormRequest>
         <v1:messageContext>
            <v11:messageId>${=import static java.util.UUID.randomUUID; uuid = randomUUID() as String}</v11:messageId>
            <v11:timestamp>${=new java.text.SimpleDateFormat("yyyy-MM-dd'T'HH:mm:ss.SSS").format(new Date())}</v11:timestamp>
         </v1:messageContext>
         <v1:legalContext>ServiceIntegrator</v1:legalContext>
         <v1:request>
            <v1:applicationName>IrisBox</v1:applicationName>
            <v1:formName>registrationForm</v1:formName>
            <v1:formKey>12345678910</v1:formKey>
         </v1:request>
      </v1:sendFormRequest>
   </soapenv:Body>
</soapenv:Envelope>]]></con:request><con:assertion type="SOAP Fault Assertion" id="f5a4b9b8-eaaf-4b9d-9879-9645306d5cac" name="Not SOAP Fault"/><con:assertion type="SOAP Response" id="198c5f62-9de0-4252-a147-23fbd8c0f6f6" name="SOAP Response"/><con:assertion type="Schema Compliance" id="29f65222-e33a-4e3b-b9e9-4b9ba304b575" name="Schema Compliance"><con:configuration/></con:assertion><con:wsaConfig action="http://fidus.brussels/services/lowemissionzoneservice/sendForm"/></con:request></con:config></con:testStep><con:testStep type="request" id="c7fca442-64f7-4613-9a4c-e29163e59296" name="testcase3 - Test - Worker1 - Request - OK"><con:settings/><con:config xsi:type="con:RequestStep" xmlns:xsi="http://www.w3.org/2001/XMLSchema-instance"><con:interface>LowEmissionZoneServiceHTTPBinding</con:interface><con:operation>sendForm</con:operation><con:request name="testcase3 - Test - Worker1 - Request - OK" id="22ca0f02-1298-4106-8d8e-e5cf212b4454" outgoingWss="Outflow TEST"><con:settings/><con:encoding>UTF-8</con:encoding><con:endpoint>https://192.168.24.45:8443/services/LowEmissionZoneService_v1.1</con:endpoint><con:request><![CDATA[<soapenv:Envelope xmlns:soapenv="http://schemas.xmlsoap.org/soap/envelope/" xmlns:v1="http://fidus.brussels/service/lowemissionzoneservice/messages/v1.1" xmlns:v11="http://fidus.brussels/type/common/messages/v1">
   <soapenv:Header/>
   <soapenv:Body>
      <v1:sendFormRequest>
         <v1:messageContext>
            <v11:messageId>${=import static java.util.UUID.randomUUID; uuid = randomUUID() as String}</v11:messageId>
            <v11:timestamp>${=new java.text.SimpleDateFormat("yyyy-MM-dd'T'HH:mm:ss.SSS").format(new Date())}</v11:timestamp>
         </v1:messageContext>
         <v1:legalContext>ServiceIntegrator</v1:legalContext>
         <v1:request>
            <v1:applicationName>IrisBox</v1:applicationName>
            <v1:formName>registrationForm</v1:formName>
            <v1:formKey>12345678910</v1:formKey>
         </v1:request>
      </v1:sendFormRequest>
   </soapenv:Body>
</soapenv:Envelope>]]></con:request><con:assertion type="SOAP Fault Assertion" id="a44ad7aa-bc12-424a-8636-a305c370ab58" name="Not SOAP Fault"/><con:assertion type="SOAP Response" id="75112c1e-6ea2-41ea-9e8e-6cd335d53490" name="SOAP Response"/><con:assertion type="Schema Compliance" id="211ed21b-1ff0-4519-86fd-4d2efc3b50b1" name="Schema Compliance"><con:configuration/></con:assertion><con:wsaConfig action="http://fidus.brussels/services/lowemissionzoneservice/sendForm"/></con:request></con:config></con:testStep><con:testStep type="request" id="8c059922-a382-4702-b090-02c47ef1ae3a" name="testcase3 - Test - Worker2 - Request - OK"><con:settings/><con:config xsi:type="con:RequestStep" xmlns:xsi="http://www.w3.org/2001/XMLSchema-instance"><con:interface>LowEmissionZoneServiceHTTPBinding</con:interface><con:operation>sendForm</con:operation><con:request name="testcase3 - Test - Worker2 - Request - OK" id="3a9d6140-8b12-42ee-a74a-60f6a665ab61" outgoingWss="Outflow TEST"><con:settings/><con:encoding>UTF-8</con:encoding><con:endpoint>https://192.168.24.51:8443/services/LowEmissionZoneService_v1.1</con:endpoint><con:request><![CDATA[<soapenv:Envelope xmlns:soapenv="http://schemas.xmlsoap.org/soap/envelope/" xmlns:v1="http://fidus.brussels/service/lowemissionzoneservice/messages/v1.1" xmlns:v11="http://fidus.brussels/type/common/messages/v1">
   <soapenv:Header/>
   <soapenv:Body>
      <v1:sendFormRequest>
         <v1:messageContext>
            <v11:messageId>${=import static java.util.UUID.randomUUID; uuid = randomUUID() as String}</v11:messageId>
            <v11:timestamp>${=new java.text.SimpleDateFormat("yyyy-MM-dd'T'HH:mm:ss.SSS").format(new Date())}</v11:timestamp>
         </v1:messageContext>
         <v1:legalContext>ServiceIntegrator</v1:legalContext>
         <v1:request>
            <v1:applicationName>IrisBox</v1:applicationName>
            <v1:formName>registrationForm</v1:formName>
            <v1:formKey>12345678910</v1:formKey>
         </v1:request>
      </v1:sendFormRequest>
   </soapenv:Body>
</soapenv:Envelope>]]></con:request><con:assertion type="SOAP Fault Assertion" id="9a6286f7-d4dd-42e1-8e3c-a443d2c5e385" name="Not SOAP Fault"/><con:assertion type="SOAP Response" id="714eb4af-8b1c-4877-a1af-391009b46056" name="SOAP Response"/><con:assertion type="Schema Compliance" id="2e008876-e739-4a93-9ade-2aac7e2c89fd" name="Schema Compliance"><con:configuration/></con:assertion><con:wsaConfig action="http://fidus.brussels/services/lowemissionzoneservice/sendForm"/></con:request></con:config></con:testStep><con:testStep type="request" id="1c756ba6-9b7e-4a48-87f5-70363700235b" name="testcase3 - Test - Worker1New - Request - OK"><con:settings/><con:config xsi:type="con:RequestStep" xmlns:xsi="http://www.w3.org/2001/XMLSchema-instance"><con:interface>LowEmissionZoneServiceHTTPBinding</con:interface><con:operation>sendForm</con:operation><con:request name="testcase3 - Test - Worker1New - Request - OK" id="2fce3aa2-92e5-4223-be3a-146c912e7363" outgoingWss="Outflow TEST"><con:settings/><con:encoding>UTF-8</con:encoding><con:endpoint>https://192.168.24.45:8443/services/LowEmissionZoneService_v1.1</con:endpoint><con:request><![CDATA[<soapenv:Envelope xmlns:soapenv="http://schemas.xmlsoap.org/soap/envelope/" xmlns:v1="http://fidus.brussels/service/lowemissionzoneservice/messages/v1.1" xmlns:v11="http://fidus.brussels/type/common/messages/v1">
   <soapenv:Header/>
   <soapenv:Body>
      <v1:sendFormRequest>
         <v1:messageContext>
            <v11:messageId>${=import static java.util.UUID.randomUUID; uuid = randomUUID() as String}</v11:messageId>
            <v11:timestamp>${=new java.text.SimpleDateFormat("yyyy-MM-dd'T'HH:mm:ss.SSS").format(new Date())}</v11:timestamp>
         </v1:messageContext>
         <v1:legalContext>ServiceIntegrator</v1:legalContext>
         <v1:request>
            <v1:applicationName>IrisBox</v1:applicationName>
            <v1:formName>registrationForm</v1:formName>
            <v1:formKey>12345678910</v1:formKey>
         </v1:request>
      </v1:sendFormRequest>
   </soapenv:Body>
</soapenv:Envelope>]]></con:request><con:assertion type="SOAP Fault Assertion" id="f04c2de4-1daa-4268-85f1-2ee922905915" name="Not SOAP Fault"/><con:assertion type="SOAP Response" id="0f67c92c-7165-45ce-937f-6158f20c7ac5" name="SOAP Response"/><con:assertion type="Schema Compliance" id="b5c648fd-ef16-44aa-9182-356bea7545b5" name="Schema Compliance"><con:configuration/></con:assertion><con:wsaConfig action="http://fidus.brussels/services/lowemissionzoneservice/sendForm"/></con:request></con:config></con:testStep><con:testStep type="request" id="a4894114-d4bd-4e8e-9979-5aff9c2e328e" name="testcase3 - Test - Worker2New - Request - OK"><con:settings/><con:config xsi:type="con:RequestStep" xmlns:xsi="http://www.w3.org/2001/XMLSchema-instance"><con:interface>LowEmissionZoneServiceHTTPBinding</con:interface><con:operation>sendForm</con:operation><con:request name="testcase3 - Test - Worker2New - Request - OK" id="f7b4672b-fb0a-4435-a4cb-71c5d0895dc8" outgoingWss="Outflow TEST"><con:settings/><con:encoding>UTF-8</con:encoding><con:endpoint>https://192.168.24.51:8443/services/LowEmissionZoneService_v1.1</con:endpoint><con:request><![CDATA[<soapenv:Envelope xmlns:soapenv="http://schemas.xmlsoap.org/soap/envelope/" xmlns:v1="http://fidus.brussels/service/lowemissionzoneservice/messages/v1.1" xmlns:v11="http://fidus.brussels/type/common/messages/v1">
   <soapenv:Header/>
   <soapenv:Body>
      <v1:sendFormRequest>
         <v1:messageContext>
            <v11:messageId>${=import static java.util.UUID.randomUUID; uuid = randomUUID() as String}</v11:messageId>
            <v11:timestamp>${=new java.text.SimpleDateFormat("yyyy-MM-dd'T'HH:mm:ss.SSS").format(new Date())}</v11:timestamp>
         </v1:messageContext>
         <v1:legalContext>ServiceIntegrator</v1:legalContext>
         <v1:request>
            <v1:applicationName>IrisBox</v1:applicationName>
            <v1:formName>registrationForm</v1:formName>
            <v1:formKey>12345678910</v1:formKey>
         </v1:request>
      </v1:sendFormRequest>
   </soapenv:Body>
</soapenv:Envelope>]]></con:request><con:assertion type="SOAP Fault Assertion" id="ed6df8be-0e14-4f5e-a3d7-beed0e687be6" name="Not SOAP Fault"/><con:assertion type="SOAP Response" id="0261f8d3-c31d-4441-b297-b91c41b7d63d" name="SOAP Response"/><con:assertion type="Schema Compliance" id="7dab4845-9dce-45d5-8936-10c6d61d9c16" name="Schema Compliance"><con:configuration/></con:assertion><con:wsaConfig action="http://fidus.brussels/services/lowemissionzoneservice/sendForm"/></con:request></con:config></con:testStep><con:properties/></con:testCase><con:properties/></con:testSuite><con:testSuite id="2e05e4ec-44a0-4e2e-a6a4-0b17a70f7444" name="STAG"><con:settings/><con:runType>SEQUENTIAL</con:runType><con:testCase id="e2e34141-0f10-415b-8c07-81ba78b29f7d" failOnError="true" failTestCaseOnErrors="true" keepSession="false" maxResults="0" name="getPhoto" searchProperties="true"><con:settings/><con:testStep type="request" id="d2c11536-6ee4-4647-a931-b0cf600a5f97" name="testcase4 - Staging - LB - Request"><con:settings/><con:config xsi:type="con:RequestStep" xmlns:xsi="http://www.w3.org/2001/XMLSchema-instance"><con:interface>LowEmissionZoneServiceHTTPBinding</con:interface><con:operation>getPhoto</con:operation><con:request name="testcase4 - Staging - LB - Request" id="9173646c-54f9-43a9-b2eb-72a1946ff37d" outgoingWss="Outflow STAG"><con:settings/><con:encoding>UTF-8</con:encoding><con:endpoint>https://fidus-esb-sg.sta.srv.cirb.lan:8443/services/LowEmissionZoneService_v1.0</con:endpoint><con:request><![CDATA[<soapenv:Envelope xmlns:soapenv="http://schemas.xmlsoap.org/soap/envelope/" xmlns:v1="http://fidus.brussels/service/lowemissionzoneservice/messages/v1" xmlns:v11="http://fidus.brussels/type/common/messages/v1">
   <soapenv:Header/>
   <soapenv:Body>
      <v1:getPhotoRequest>
         <v1:messageContext>
            <v11:messageId>${=import static java.util.UUID.randomUUID; uuid = randomUUID() as String}</v11:messageId>
            <v11:timestamp>${=new java.text.SimpleDateFormat("yyyy-MM-dd'T'HH:mm:ss.SSS").format(new Date())}</v11:timestamp>
         </v1:messageContext>
         <v1:legalContext>ServiceIntegrator</v1:legalContext>
         <v1:request>
            <v1:ids>
               <!--1 or more repetitions:-->
               <v1:id>5a7837bb53e29879de2e289f</v1:id>
            </v1:ids>
         </v1:request>
      </v1:getPhotoRequest>
   </soapenv:Body>
</soapenv:Envelope>]]></con:request><con:assertion type="SOAP Fault Assertion" id="400125b1-2a47-4ceb-9edf-ef5670d79c1a" name="Not SOAP Fault"/><con:assertion type="SOAP Response" id="a2f30188-e6ea-46e6-be39-63634e0008ee" name="SOAP Response"/><con:assertion type="Schema Compliance" id="1675b27f-012a-49ad-a427-d96657e0a3b3" name="Schema Compliance"><con:configuration/></con:assertion><con:wsaConfig action="http://fidus.brussels/services/lowemissionzoneservice/getLowEmissionZoneService"/></con:request></con:config></con:testStep><con:testStep type="request" id="1c236880-c4d7-4608-8f3f-a3fb96b6a967" name="testcase4 - Staging - Worker1 - Request"><con:settings/><con:config xsi:type="con:RequestStep" xmlns:xsi="http://www.w3.org/2001/XMLSchema-instance"><con:interface>LowEmissionZoneServiceHTTPBinding</con:interface><con:operation>getPhoto</con:operation><con:request name="testcase4 - Staging - Worker1 - Request" id="0a03f649-81ba-4d91-844b-e3bfb56c93c2" outgoingWss="Outflow STAG"><con:settings/><con:encoding>UTF-8</con:encoding><con:endpoint>https://192.168.24.57:8443/services/LowEmissionZoneService_v1.0</con:endpoint><con:request><![CDATA[<soapenv:Envelope xmlns:soapenv="http://schemas.xmlsoap.org/soap/envelope/" xmlns:v1="http://fidus.brussels/service/lowemissionzoneservice/messages/v1" xmlns:v11="http://fidus.brussels/type/common/messages/v1">
   <soapenv:Header/>
   <soapenv:Body>
      <v1:getPhotoRequest>
         <v1:messageContext>
            <v11:messageId>${=import static java.util.UUID.randomUUID; uuid = randomUUID() as String}</v11:messageId>
            <v11:timestamp>${=new java.text.SimpleDateFormat("yyyy-MM-dd'T'HH:mm:ss.SSS").format(new Date())}</v11:timestamp>
         </v1:messageContext>
         <v1:legalContext>ServiceIntegrator</v1:legalContext>
         <v1:request>
            <v1:ids>
               <!--1 or more repetitions:-->
               <v1:id>5a7837bb53e29879de2e289f</v1:id>
            </v1:ids>
         </v1:request>
      </v1:getPhotoRequest>
   </soapenv:Body>
</soapenv:Envelope>]]></con:request><con:assertion type="SOAP Fault Assertion" id="c613f20c-96fe-44a7-840b-81f28d2bfc5e" name="Not SOAP Fault"/><con:assertion type="SOAP Response" id="4ec8a6f6-b5ee-4185-9b0a-6c846201c27e" name="SOAP Response"/><con:assertion type="Schema Compliance" id="3fe4f338-772e-4b0e-8a2f-0d108d84c59c" name="Schema Compliance"><con:configuration/></con:assertion><con:wsaConfig action="http://fidus.brussels/services/lowemissionzoneservice/getLowEmissionZoneService"/></con:request></con:config></con:testStep><con:testStep type="request" id="08ebb07f-4432-43c7-b84c-186176c7ce87" name="testcase4 - Staging - Worker2 - Request"><con:settings/><con:config xsi:type="con:RequestStep" xmlns:xsi="http://www.w3.org/2001/XMLSchema-instance"><con:interface>LowEmissionZoneServiceHTTPBinding</con:interface><con:operation>getPhoto</con:operation><con:request name="testcase4 - Staging - Worker2 - Request" id="bf5d8ac2-8588-4125-9199-9c7327327f78" outgoingWss="Outflow STAG"><con:settings/><con:encoding>UTF-8</con:encoding><con:endpoint>https://192.168.24.64:8443/services/LowEmissionZoneService_v1.0</con:endpoint><con:request><![CDATA[<soapenv:Envelope xmlns:soapenv="http://schemas.xmlsoap.org/soap/envelope/" xmlns:v1="http://fidus.brussels/service/lowemissionzoneservice/messages/v1" xmlns:v11="http://fidus.brussels/type/common/messages/v1">
   <soapenv:Header/>
   <soapenv:Body>
      <v1:getPhotoRequest>
         <v1:messageContext>
            <v11:messageId>${=import static java.util.UUID.randomUUID; uuid = randomUUID() as String}</v11:messageId>
            <v11:timestamp>${=new java.text.SimpleDateFormat("yyyy-MM-dd'T'HH:mm:ss.SSS").format(new Date())}</v11:timestamp>
         </v1:messageContext>
         <v1:legalContext>ServiceIntegrator</v1:legalContext>
         <v1:request>
            <v1:ids>
               <!--1 or more repetitions:-->
               <v1:id>5a7837bb53e29879de2e289f</v1:id>
            </v1:ids>
         </v1:request>
      </v1:getPhotoRequest>
   </soapenv:Body>
</soapenv:Envelope>]]></con:request><con:assertion type="SOAP Fault Assertion" id="7e646081-03ab-4fff-b78e-b78139b207e0" name="Not SOAP Fault"/><con:assertion type="SOAP Response" id="2c75946b-7cc0-485d-b3d7-d5d1afc4b8c5" name="SOAP Response"/><con:assertion type="Schema Compliance" id="46b0e1de-537f-4ad5-9406-09696f815cc0" name="Schema Compliance"><con:configuration/></con:assertion><con:wsaConfig action="http://fidus.brussels/services/lowemissionzoneservice/getLowEmissionZoneService"/></con:request></con:config></con:testStep><con:testStep type="request" id="3dc72354-6f69-49d2-994d-c91857fe4082" name="testcase4 - Staging - Worker1New - Request"><con:settings/><con:config xsi:type="con:RequestStep" xmlns:xsi="http://www.w3.org/2001/XMLSchema-instance"><con:interface>LowEmissionZoneServiceHTTPBinding</con:interface><con:operation>getPhoto</con:operation><con:request name="testcase4 - Staging - Worker1New - Request" id="b31cf79f-f382-4791-be40-c2c8b5da0c9c" outgoingWss="Outflow STAG"><con:settings/><con:encoding>UTF-8</con:encoding><con:endpoint>https://192.168.24.57:8443/services/LowEmissionZoneService_v1.0</con:endpoint><con:request><![CDATA[<soapenv:Envelope xmlns:soapenv="http://schemas.xmlsoap.org/soap/envelope/" xmlns:v1="http://fidus.brussels/service/lowemissionzoneservice/messages/v1" xmlns:v11="http://fidus.brussels/type/common/messages/v1">
   <soapenv:Header/>
   <soapenv:Body>
      <v1:getPhotoRequest>
         <v1:messageContext>
            <v11:messageId>${=import static java.util.UUID.randomUUID; uuid = randomUUID() as String}</v11:messageId>
            <v11:timestamp>${=new java.text.SimpleDateFormat("yyyy-MM-dd'T'HH:mm:ss.SSS").format(new Date())}</v11:timestamp>
         </v1:messageContext>
         <v1:legalContext>ServiceIntegrator</v1:legalContext>
         <v1:request>
            <v1:ids>
               <!--1 or more repetitions:-->
               <v1:id>5a7837bb53e29879de2e289f</v1:id>
            </v1:ids>
         </v1:request>
      </v1:getPhotoRequest>
   </soapenv:Body>
</soapenv:Envelope>]]></con:request><con:assertion type="SOAP Fault Assertion" id="7fbf1bce-f519-42d0-a8a0-910602fd773d" name="Not SOAP Fault"/><con:assertion type="SOAP Response" id="2f4f5942-7ed8-40ed-b562-b3dc50b184d2" name="SOAP Response"/><con:assertion type="Schema Compliance" id="f0dd6100-d8f9-4c0b-a376-c53d78e68251" name="Schema Compliance"><con:configuration/></con:assertion><con:wsaConfig action="http://fidus.brussels/services/lowemissionzoneservice/getLowEmissionZoneService"/></con:request></con:config></con:testStep><con:testStep type="request" id="bea11a92-2922-4eea-80ae-2b253272455c" name="testcase4 - Staging - Worker2New - Request"><con:settings/><con:config xsi:type="con:RequestStep" xmlns:xsi="http://www.w3.org/2001/XMLSchema-instance"><con:interface>LowEmissionZoneServiceHTTPBinding</con:interface><con:operation>getPhoto</con:operation><con:request name="testcase4 - Staging - Worker2New - Request" id="56ee53a3-9106-4fb9-9ad2-b2c93ee77d93" outgoingWss="Outflow STAG"><con:settings/><con:encoding>UTF-8</con:encoding><con:endpoint>https://192.168.24.64:8443/services/LowEmissionZoneService_v1.0</con:endpoint><con:request><![CDATA[<soapenv:Envelope xmlns:soapenv="http://schemas.xmlsoap.org/soap/envelope/" xmlns:v1="http://fidus.brussels/service/lowemissionzoneservice/messages/v1" xmlns:v11="http://fidus.brussels/type/common/messages/v1">
   <soapenv:Header/>
   <soapenv:Body>
      <v1:getPhotoRequest>
         <v1:messageContext>
            <v11:messageId>${=import static java.util.UUID.randomUUID; uuid = randomUUID() as String}</v11:messageId>
            <v11:timestamp>${=new java.text.SimpleDateFormat("yyyy-MM-dd'T'HH:mm:ss.SSS").format(new Date())}</v11:timestamp>
         </v1:messageContext>
         <v1:legalContext>ServiceIntegrator</v1:legalContext>
         <v1:request>
            <v1:ids>
               <!--1 or more repetitions:-->
               <v1:id>5a7837bb53e29879de2e289f</v1:id>
            </v1:ids>
         </v1:request>
      </v1:getPhotoRequest>
   </soapenv:Body>
</soapenv:Envelope>]]></con:request><con:assertion type="SOAP Fault Assertion" id="0120e6d1-e638-46ed-9b72-7b17b0bb0006" name="Not SOAP Fault"/><con:assertion type="SOAP Response" id="39737a86-45ef-4cb8-9dfd-5fd9612d092e" name="SOAP Response"/><con:assertion type="Schema Compliance" id="f6896dc4-cbe2-4f8b-8a5b-a08c549ee27c" name="Schema Compliance"><con:configuration/></con:assertion><con:wsaConfig action="http://fidus.brussels/services/lowemissionzoneservice/getLowEmissionZoneService"/></con:request></con:config></con:testStep><con:properties/></con:testCase><con:testCase id="eb8bced0-04f5-4d84-b695-16e6627d1246" failOnError="true" failTestCaseOnErrors="true" keepSession="false" maxResults="0" name="sendForm" searchProperties="true"><con:settings/><con:testStep type="request" id="13b72351-ca72-4d0b-ba04-e8ed213fe65f" name="testcase4 - Staging - Worker2 - Request - OK"><con:settings/><con:config xsi:type="con:RequestStep" xmlns:xsi="http://www.w3.org/2001/XMLSchema-instance"><con:interface>LowEmissionZoneServiceHTTPBinding</con:interface><con:operation>sendForm</con:operation><con:request name="testcase4 - Staging - Worker2 - Request - OK" id="eb25e183-681a-45f8-91e0-aa7b04269bfd" outgoingWss="Outflow STAG"><con:settings/><con:encoding>UTF-8</con:encoding><con:endpoint>https://192.168.24.64:8443/services/LowEmissionZoneService_v1.1</con:endpoint><con:request><![CDATA[<soapenv:Envelope xmlns:soapenv="http://schemas.xmlsoap.org/soap/envelope/" xmlns:v1="http://fidus.brussels/service/lowemissionzoneservice/messages/v1.1" xmlns:v11="http://fidus.brussels/type/common/messages/v1">
   <soapenv:Header/>
   <soapenv:Body>
      <v1:sendFormRequest>
         <v1:messageContext>
            <v11:messageId>${=import static java.util.UUID.randomUUID; uuid = randomUUID() as String}</v11:messageId>
            <v11:timestamp>${=new java.text.SimpleDateFormat("yyyy-MM-dd'T'HH:mm:ss.SSS").format(new Date())}</v11:timestamp>
         </v1:messageContext>
         <v1:legalContext>ServiceIntegrator</v1:legalContext>
         <v1:request>
            <v1:applicationName>IrisBox</v1:applicationName>
            <v1:formName>registrationForm</v1:formName>
            <v1:formKey>12345678910</v1:formKey>
         </v1:request>
      </v1:sendFormRequest>
   </soapenv:Body>
</soapenv:Envelope>]]></con:request><con:assertion type="SOAP Fault Assertion" id="3971e6db-27df-44bc-ae20-2881b416de82" name="Not SOAP Fault"/><con:assertion type="SOAP Response" id="c63ecbdc-7d1f-481d-ac28-3557755297e5" name="SOAP Response"/><con:assertion type="Schema Compliance" id="62c85a3e-70d8-4de7-8fc7-5d0ca16a8a0a" name="Schema Compliance"><con:configuration/></con:assertion><con:wsaConfig action="http://fidus.brussels/services/lowemissionzoneservice/sendForm"/></con:request></con:config></con:testStep><con:testStep type="request" id="b1751c1d-3255-4fdf-ae4f-c18b14184bdd" name="testcase4 - Staging - Worker1 - Request - OK"><con:settings/><con:config xsi:type="con:RequestStep" xmlns:xsi="http://www.w3.org/2001/XMLSchema-instance"><con:interface>LowEmissionZoneServiceHTTPBinding</con:interface><con:operation>sendForm</con:operation><con:request name="testcase4 - Staging - Worker1 - Request - OK" id="9ca6fe94-f9b9-478b-987e-2d53e6b1c441" outgoingWss="Outflow STAG"><con:settings/><con:encoding>UTF-8</con:encoding><con:endpoint>https://192.168.24.57:8443/services/LowEmissionZoneService_v1.1</con:endpoint><con:request><![CDATA[<soapenv:Envelope xmlns:soapenv="http://schemas.xmlsoap.org/soap/envelope/" xmlns:v1="http://fidus.brussels/service/lowemissionzoneservice/messages/v1.1" xmlns:v11="http://fidus.brussels/type/common/messages/v1">
   <soapenv:Header/>
   <soapenv:Body>
      <v1:sendFormRequest>
         <v1:messageContext>
            <v11:messageId>${=import static java.util.UUID.randomUUID; uuid = randomUUID() as String}</v11:messageId>
            <v11:timestamp>${=new java.text.SimpleDateFormat("yyyy-MM-dd'T'HH:mm:ss.SSS").format(new Date())}</v11:timestamp>
         </v1:messageContext>
         <v1:legalContext>ServiceIntegrator</v1:legalContext>
         <v1:request>
            <v1:applicationName>IrisBox</v1:applicationName>
            <v1:formName>registrationForm</v1:formName>
            <v1:formKey>12345678910</v1:formKey>
         </v1:request>
      </v1:sendFormRequest>
   </soapenv:Body>
</soapenv:Envelope>]]></con:request><con:assertion type="SOAP Fault Assertion" id="79812068-bb6c-42f9-837b-f44f66693d59" name="Not SOAP Fault"/><con:assertion type="SOAP Response" id="db64ebc7-a4cb-47b2-95cc-b279e0294e6b" name="SOAP Response"/><con:assertion type="Schema Compliance" id="603329cc-c44c-49fc-ac62-11b451b7259e" name="Schema Compliance"><con:configuration/></con:assertion><con:wsaConfig action="http://fidus.brussels/services/lowemissionzoneservice/sendForm"/></con:request></con:config></con:testStep><con:testStep type="request" id="dfe65f30-fc68-4f49-98bc-aca06abf80d3" name="testcase4 - LB - Staging - Request - OK"><con:settings/><con:config xsi:type="con:RequestStep" xmlns:xsi="http://www.w3.org/2001/XMLSchema-instance"><con:interface>LowEmissionZoneServiceHTTPBinding</con:interface><con:operation>sendForm</con:operation><con:request name="testcase4 - LB - Staging - Request - OK" id="eb377777-adcf-4ff6-b3c1-470fef4393a5" outgoingWss="Outflow STAG"><con:settings/><con:encoding>UTF-8</con:encoding><con:endpoint>https://192.168.24.16:8443/services/LowEmissionZoneService_v1.1</con:endpoint><con:request><![CDATA[<soapenv:Envelope xmlns:soapenv="http://schemas.xmlsoap.org/soap/envelope/" xmlns:v1="http://fidus.brussels/service/lowemissionzoneservice/messages/v1.1" xmlns:v11="http://fidus.brussels/type/common/messages/v1">
   <soapenv:Header/>
   <soapenv:Body>
      <v1:sendFormRequest>
         <v1:messageContext>
            <v11:messageId>${=import static java.util.UUID.randomUUID; uuid = randomUUID() as String}</v11:messageId>
            <v11:timestamp>${=new java.text.SimpleDateFormat("yyyy-MM-dd'T'HH:mm:ss.SSS").format(new Date())}</v11:timestamp>
         </v1:messageContext>
         <v1:legalContext>ServiceIntegrator</v1:legalContext>
         <v1:request>
            <v1:applicationName>IrisBox</v1:applicationName>
            <v1:formName>registrationForm</v1:formName>
            <v1:formKey>12345678910</v1:formKey>
         </v1:request>
      </v1:sendFormRequest>
   </soapenv:Body>
</soapenv:Envelope>]]></con:request><con:assertion type="SOAP Fault Assertion" id="a2aeca77-120f-446b-953f-84fdeeba0a27" name="Not SOAP Fault"/><con:assertion type="SOAP Response" id="c7d1cc52-53a8-491d-bbc0-012f3094f990" name="SOAP Response"/><con:assertion type="Schema Compliance" id="e5002671-f7e9-4e10-b160-003bc4d8be66" name="Schema Compliance"><con:configuration/></con:assertion><con:wsaConfig action="http://fidus.brussels/services/lowemissionzoneservice/sendForm"/></con:request></con:config></con:testStep><con:testStep type="request" id="5c2384a7-b192-4a6b-bffc-06c6faabdfea" name="testcase4 - Staging - Worker1New - Request - OK"><con:settings/><con:config xsi:type="con:RequestStep" xmlns:xsi="http://www.w3.org/2001/XMLSchema-instance"><con:interface>LowEmissionZoneServiceHTTPBinding</con:interface><con:operation>sendForm</con:operation><con:request name="testcase4 - Staging - Worker1New - Request - OK" id="827b3198-dfc3-425a-abb2-4433d03bf657" outgoingWss="Outflow STAG"><con:settings/><con:encoding>UTF-8</con:encoding><con:endpoint>https://192.168.24.57:8443/services/LowEmissionZoneService_v1.1</con:endpoint><con:request><![CDATA[<soapenv:Envelope xmlns:soapenv="http://schemas.xmlsoap.org/soap/envelope/" xmlns:v1="http://fidus.brussels/service/lowemissionzoneservice/messages/v1.1" xmlns:v11="http://fidus.brussels/type/common/messages/v1">
   <soapenv:Header/>
   <soapenv:Body>
      <v1:sendFormRequest>
         <v1:messageContext>
            <v11:messageId>${=import static java.util.UUID.randomUUID; uuid = randomUUID() as String}</v11:messageId>
            <v11:timestamp>${=new java.text.SimpleDateFormat("yyyy-MM-dd'T'HH:mm:ss.SSS").format(new Date())}</v11:timestamp>
         </v1:messageContext>
         <v1:legalContext>ServiceIntegrator</v1:legalContext>
         <v1:request>
            <v1:applicationName>IrisBox</v1:applicationName>
            <v1:formName>registrationForm</v1:formName>
            <v1:formKey>12345678910</v1:formKey>
         </v1:request>
      </v1:sendFormRequest>
   </soapenv:Body>
</soapenv:Envelope>]]></con:request><con:assertion type="SOAP Fault Assertion" id="569c4ef5-2e3b-4985-bdcf-1136839b73cc" name="Not SOAP Fault"/><con:assertion type="SOAP Response" id="acfc6674-156b-4965-bcc8-9710781d1500" name="SOAP Response"/><con:assertion type="Schema Compliance" id="d7e1d40d-60d8-43a3-abe5-75fd762f5aba" name="Schema Compliance"><con:configuration/></con:assertion><con:wsaConfig action="http://fidus.brussels/services/lowemissionzoneservice/sendForm"/></con:request></con:config></con:testStep><con:testStep type="request" id="0e4a9b6e-d7d8-4178-876c-c7ae6a16fe65" name="testcase4 - Staging - Worker2New - Request - OK"><con:settings/><con:config xsi:type="con:RequestStep" xmlns:xsi="http://www.w3.org/2001/XMLSchema-instance"><con:interface>LowEmissionZoneServiceHTTPBinding</con:interface><con:operation>sendForm</con:operation><con:request name="testcase4 - Staging - Worker2New - Request - OK" id="37ed6aec-0ad7-4bc9-bfac-a8ee93f62291" outgoingWss="Outflow STAG"><con:settings/><con:encoding>UTF-8</con:encoding><con:endpoint>https://192.168.24.64:8443/services/LowEmissionZoneService_v1.1</con:endpoint><con:request><![CDATA[<soapenv:Envelope xmlns:soapenv="http://schemas.xmlsoap.org/soap/envelope/" xmlns:v1="http://fidus.brussels/service/lowemissionzoneservice/messages/v1.1" xmlns:v11="http://fidus.brussels/type/common/messages/v1">
   <soapenv:Header/>
   <soapenv:Body>
      <v1:sendFormRequest>
         <v1:messageContext>
            <v11:messageId>${=import static java.util.UUID.randomUUID; uuid = randomUUID() as String}</v11:messageId>
            <v11:timestamp>${=new java.text.SimpleDateFormat("yyyy-MM-dd'T'HH:mm:ss.SSS").format(new Date())}</v11:timestamp>
         </v1:messageContext>
         <v1:legalContext>ServiceIntegrator</v1:legalContext>
         <v1:request>
            <v1:applicationName>IrisBox</v1:applicationName>
            <v1:formName>registrationForm</v1:formName>
            <v1:formKey>12345678910</v1:formKey>
         </v1:request>
      </v1:sendFormRequest>
   </soapenv:Body>
</soapenv:Envelope>]]></con:request><con:assertion type="SOAP Fault Assertion" id="56319b6c-1746-4e7b-85b0-57f1b6db082c" name="Not SOAP Fault"/><con:assertion type="SOAP Response" id="d1eb3547-3770-4e0a-94af-c8a586270d37" name="SOAP Response"/><con:assertion type="Schema Compliance" id="2255c573-4935-43bc-a65b-3d77a68178ae" name="Schema Compliance"><con:configuration/></con:assertion><con:wsaConfig action="http://fidus.brussels/services/lowemissionzoneservice/sendForm"/></con:request></con:config></con:testStep><con:properties/></con:testCase><con:properties/></con:testSuite><con:testSuite id="3e860f79-4c06-433e-a30b-ab212aedd6a2" name="PROD"><con:settings/><con:runType>SEQUENTIAL</con:runType><con:testCase id="6e918197-5d08-476b-b3de-1e7f58a52dab" failOnError="true" failTestCaseOnErrors="true" keepSession="false" maxResults="0" name="getPhoto" searchProperties="true"><con:settings/><con:testStep type="request" id="cc9cdc6c-27be-470e-9514-5e6c9522134f" name="testcase5 - Prod - External - Request"><con:settings/><con:config xsi:type="con:RequestStep" xmlns:xsi="http://www.w3.org/2001/XMLSchema-instance"><con:interface>LowEmissionZoneServiceHTTPBinding</con:interface><con:operation>getPhoto</con:operation><con:request name="testcase5 - Prod - External - Request" id="c2bcb1b4-493c-41bc-9d60-bf09f37468fe" outgoingWss="Outflow PROD"><con:settings/><con:encoding>UTF-8</con:encoding><con:endpoint>https://fidus.sec.brussels/services/LowEmissionZoneService_v1.0</con:endpoint><con:request><![CDATA[<soapenv:Envelope xmlns:soapenv="http://schemas.xmlsoap.org/soap/envelope/" xmlns:v1="http://fidus.brussels/service/lowemissionzoneservice/messages/v1" xmlns:v11="http://fidus.brussels/type/common/messages/v1">
   <soapenv:Header/>
   <soapenv:Body>
      <v1:getPhotoRequest>
         <v1:messageContext>
            <v11:messageId>${=import static java.util.UUID.randomUUID; uuid = randomUUID() as String}</v11:messageId>
            <v11:timestamp>${=new java.text.SimpleDateFormat("yyyy-MM-dd'T'HH:mm:ss.SSS").format(new Date())}</v11:timestamp>
         </v1:messageContext>
         <v1:legalContext>ServiceIntegrator</v1:legalContext>
         <v1:request>
            <v1:ids>
               <!--1 or more repetitions:-->
               <v1:id>5a7837bb53e29879de2e289f</v1:id>
            </v1:ids>
         </v1:request>
      </v1:getPhotoRequest>
   </soapenv:Body>
</soapenv:Envelope>]]></con:request><con:assertion type="SOAP Fault Assertion" id="ac2b4e3b-63be-455b-88a9-cd0da8e98307" name="Not SOAP Fault"/><con:assertion type="SOAP Response" id="d9bac67d-a5b7-47ae-9e6d-f62395f5886a" name="SOAP Response"/><con:assertion type="Schema Compliance" id="683ce800-71ec-4203-b2e1-946379c6e327" name="Schema Compliance"><con:configuration/></con:assertion><con:wsaConfig action="http://fidus.brussels/services/lowemissionzoneservice/getLowEmissionZoneService"/></con:request></con:config></con:testStep><con:testStep type="request" id="d4bbf82f-c74d-4ec5-bb30-7c8dec701956" name="testcase5 - Prod - LB - Request"><con:settings/><con:config xsi:type="con:RequestStep" xmlns:xsi="http://www.w3.org/2001/XMLSchema-instance"><con:interface>LowEmissionZoneServiceHTTPBinding</con:interface><con:operation>getPhoto</con:operation><con:request name="testcase5 - Prod - LB - Request" id="4611d58b-1b61-4cf3-b264-9c176d27d849" outgoingWss="Outflow PROD"><con:settings/><con:encoding>UTF-8</con:encoding><con:endpoint>https://fidus-esb-sg.prd.srv.cirb.lan:8443/services/LowEmissionZoneService_v1.0</con:endpoint><con:request><![CDATA[<soapenv:Envelope xmlns:soapenv="http://schemas.xmlsoap.org/soap/envelope/" xmlns:v1="http://fidus.brussels/service/lowemissionzoneservice/messages/v1" xmlns:v11="http://fidus.brussels/type/common/messages/v1">
   <soapenv:Header/>
   <soapenv:Body>
      <v1:getPhotoRequest>
         <v1:messageContext>
            <v11:messageId>${=import static java.util.UUID.randomUUID; uuid = randomUUID() as String}</v11:messageId>
            <v11:timestamp>${=new java.text.SimpleDateFormat("yyyy-MM-dd'T'HH:mm:ss.SSS").format(new Date())}</v11:timestamp>
         </v1:messageContext>
         <v1:legalContext>ServiceIntegrator</v1:legalContext>
         <v1:request>
            <v1:ids>
               <!--1 or more repetitions:-->
               <v1:id>5a7837bb53e29879de2e289f</v1:id>
            </v1:ids>
         </v1:request>
      </v1:getPhotoRequest>
   </soapenv:Body>
</soapenv:Envelope>]]></con:request><con:assertion type="SOAP Fault Assertion" id="5a444bb3-b14c-48aa-bcc7-323e1094a0aa" name="Not SOAP Fault"/><con:assertion type="SOAP Response" id="1bdfbde1-9c97-4033-9bd9-aed7a8d4fc46" name="SOAP Response"/><con:assertion type="Schema Compliance" id="1d86d0e8-5a8c-435d-bd7f-fcc3dc9ed8f9" name="Schema Compliance"><con:configuration/></con:assertion><con:wsaConfig action="http://fidus.brussels/services/lowemissionzoneservice/getLowEmissionZoneService"/></con:request></con:config></con:testStep><con:testStep type="request" id="e059a2d9-1721-4c81-b8e9-47dc19345268" name="testcase5 - Prod - Worker1 - Request"><con:settings/><con:config xsi:type="con:RequestStep" xmlns:xsi="http://www.w3.org/2001/XMLSchema-instance"><con:interface>LowEmissionZoneServiceHTTPBinding</con:interface><con:operation>getPhoto</con:operation><con:request name="testcase5 - Prod - Worker1 - Request" id="28e80040-6197-4909-8842-ebc585a88801" outgoingWss="Outflow PROD"><con:settings/><con:encoding>UTF-8</con:encoding><con:endpoint>https://192.168.26.22:8443/services/LowEmissionZoneService_v1.0</con:endpoint><con:request><![CDATA[<soapenv:Envelope xmlns:soapenv="http://schemas.xmlsoap.org/soap/envelope/" xmlns:v1="http://fidus.brussels/service/lowemissionzoneservice/messages/v1" xmlns:v11="http://fidus.brussels/type/common/messages/v1">
   <soapenv:Header/>
   <soapenv:Body>
      <v1:getPhotoRequest>
         <v1:messageContext>
            <v11:messageId>${=import static java.util.UUID.randomUUID; uuid = randomUUID() as String}</v11:messageId>
            <v11:timestamp>${=new java.text.SimpleDateFormat("yyyy-MM-dd'T'HH:mm:ss.SSS").format(new Date())}</v11:timestamp>
         </v1:messageContext>
         <v1:legalContext>ServiceIntegrator</v1:legalContext>
         <v1:request>
            <v1:ids>
               <!--1 or more repetitions:-->
               <v1:id>5a7837bb53e29879de2e289f</v1:id>
            </v1:ids>
         </v1:request>
      </v1:getPhotoRequest>
   </soapenv:Body>
</soapenv:Envelope>]]></con:request><con:assertion type="SOAP Fault Assertion" id="d01362d1-a688-4a2c-a625-89ac7500fadf" name="Not SOAP Fault"/><con:assertion type="SOAP Response" id="8a110b18-75f6-4dfd-b7a2-2179e5dfca1b" name="SOAP Response"/><con:assertion type="Schema Compliance" id="8b666210-925f-42b6-ba21-744272d17d86" name="Schema Compliance"><con:configuration/></con:assertion><con:wsaConfig action="http://fidus.brussels/services/lowemissionzoneservice/getLowEmissionZoneService"/></con:request></con:config></con:testStep><con:testStep type="request" id="b9fb8df1-9265-4793-be3b-aae0e3208e2d" name="testcase5 - Prod - Worker2 - Request"><con:settings/><con:config xsi:type="con:RequestStep" xmlns:xsi="http://www.w3.org/2001/XMLSchema-instance"><con:interface>LowEmissionZoneServiceHTTPBinding</con:interface><con:operation>getPhoto</con:operation><con:request name="testcase5 - Prod - Worker2 - Request" id="a7e784bf-2052-48b6-874f-522bd319f2ea" outgoingWss="Outflow PROD"><con:settings/><con:encoding>UTF-8</con:encoding><con:endpoint>https://192.168.26.19:8443/services/LowEmissionZoneService_v1.0</con:endpoint><con:request><![CDATA[<soapenv:Envelope xmlns:soapenv="http://schemas.xmlsoap.org/soap/envelope/" xmlns:v1="http://fidus.brussels/service/lowemissionzoneservice/messages/v1" xmlns:v11="http://fidus.brussels/type/common/messages/v1">
   <soapenv:Header/>
   <soapenv:Body>
      <v1:getPhotoRequest>
         <v1:messageContext>
            <v11:messageId>${=import static java.util.UUID.randomUUID; uuid = randomUUID() as String}</v11:messageId>
            <v11:timestamp>${=new java.text.SimpleDateFormat("yyyy-MM-dd'T'HH:mm:ss.SSS").format(new Date())}</v11:timestamp>
         </v1:messageContext>
         <v1:legalContext>ServiceIntegrator</v1:legalContext>
         <v1:request>
            <v1:ids>
               <!--1 or more repetitions:-->
               <v1:id>5a7837bb53e29879de2e289f</v1:id>
            </v1:ids>
         </v1:request>
      </v1:getPhotoRequest>
   </soapenv:Body>
</soapenv:Envelope>]]></con:request><con:assertion type="SOAP Fault Assertion" id="91202ceb-21c6-4446-b705-418d19558915" name="Not SOAP Fault"/><con:assertion type="SOAP Response" id="685e8e5e-3cb0-4a8f-843e-3c80be6514f8" name="SOAP Response"/><con:assertion type="Schema Compliance" id="8b105851-046c-49f9-85b1-0bcd853c94ca" name="Schema Compliance"><con:configuration/></con:assertion><con:wsaConfig action="http://fidus.brussels/services/lowemissionzoneservice/getLowEmissionZoneService"/></con:request></con:config></con:testStep><con:properties/></con:testCase><con:properties/></con:testSuite><con:properties/><con:wssContainer><con:crypto><con:source>data/wso2/keystores/user-rajarshi.jks</con:source><con:password>test@fidus01</con:password><con:type>KEYSTORE</con:type></con:crypto><con:outgoing><con:name>Outflow DEV</con:name></con:outgoing><con:outgoing><con:name>Outflow TEST</con:name><con:entry type="Signature" username="testuser-test.fidus.brussels" password="test@fidus01"><con:configuration><crypto>user-rajarshi.jks</crypto><keyIdentifierType>3</keyIdentifierType><signatureAlgorithm/><signatureCanonicalization/><useSingleCert>true</useSingleCert><digestAlgorithm/><customTokenValueType/><customTokenId/></con:configuration></con:entry><con:entry type="Timestamp"><con:configuration><timeToLive>300000</timeToLive><strictTimestamp>true</strictTimestamp></con:configuration></con:entry></con:outgoing><con:outgoing><con:name>Outflow STAG</con:name></con:outgoing><con:outgoing><con:name>Outflow PROD</con:name></con:outgoing></con:wssContainer><con:oAuth2ProfileContainer/><con:oAuth1ProfileContainer/><con:sensitiveInformation/></con:soapui-project>