<?xml version="1.0" encoding="UTF-8"?>
<con:soapui-project id="9166b53f-a96c-4ae3-9197-19d6eecc2215" activeEnvironment="Default" name="Client-CountryService-1.0-soapui-project" resourceRoot="" soapui-version="5.1.3" abortOnError="false" runType="SEQUENTIAL" xmlns:con="http://eviware.com/soapui/config"><con:settings/><con:interface xsi:type="con:WsdlInterface" id="ceeb42e6-bfcb-4a41-a078-3a105ca689c7" wsaVersion="NONE" name="CountryServiceHTTPBinding" type="wsdl" bindingName="{http://fidus.brussels/service/countryservice/v1}CountryServiceHTTPBinding" soapVersion="1_1" anonymous="optional" definition="/home/isr/git/parent/countryservice_1.0/CountryServiceGateway/src/main/resources/wsdl/countryService/1.0.0/CountryService_v1.wsdl" xmlns:xsi="http://www.w3.org/2001/XMLSchema-instance"><con:settings/><con:definitionCache type="TEXT" rootPart="file:/home/isr/git/parent/countryservice_1.0/CountryServiceGateway/src/main/resources/wsdl/countryService/1.0.0/CountryService_v1.wsdl"><con:part><con:url>file:/home/isr/git/parent/countryservice_1.0/CountryServiceGateway/src/main/resources/wsdl/countryService/1.0.0/CountryService_v1.wsdl</con:url><con:content><![CDATA[<wsdl:definitions targetNamespace="http://fidus.brussels/service/countryservice/v1" name="CountryService" xmlns:soap="http://schemas.xmlsoap.org/wsdl/soap/" xmlns:wsdl="http://schemas.xmlsoap.org/wsdl/" xmlns:xsd="http://www.w3.org/2001/XMLSchema" xmlns:mes="http://fidus.brussels/service/countryservice/messages/v1" xmlns:tns="http://fidus.brussels/service/countryservice/v1">
  <xsd:annotation>
    <xsd:documentation>CountryService WDSL v1.</xsd:documentation>
  </xsd:annotation>
  <wsdl:types>
    <xsd:schema targetNamespace="http://fidus.brussels/service/countryservice/v1" elementFormDefault="qualified">
      <xsd:import namespace="http://fidus.brussels/service/countryservice/messages/v1" schemaLocation="messages/countryServiceMessages_v1.xsd"/>
    </xsd:schema>
  </wsdl:types>
  <wsdl:message name="getAllIsoCodesRequestMessage">
    <wsdl:part name="GetAllIsoCodesRequest" element="mes:getAllIsoCodesRequest"/>
  </wsdl:message>
  <wsdl:message name="getAllIsoCodesResponseMessage">
    <wsdl:part name="GetAllIsoCodesResponse" element="mes:getAllIsoCodesResponse"/>
  </wsdl:message>
  <wsdl:message name="getAllNisCodesRequestMessage">
    <wsdl:part name="GetAllNisCodesRequest" element="mes:getAllNisCodesRequest"/>
  </wsdl:message>
  <wsdl:message name="getAllNisCodesResponseMessage">
    <wsdl:part name="GetAllNisCodesResponse" element="mes:getAllNisCodesResponse"/>
  </wsdl:message>
  <wsdl:message name="getAddressCountriesRequestMessage">
    <wsdl:part name="GetAddressCountriesRequest" element="mes:getAddressCountriesRequest"/>
  </wsdl:message>
  <wsdl:message name="getAddressCountriesResponseMessage">
    <wsdl:part name="GetAddressCountriesResponse" element="mes:getAddressCountriesResponse"/>
  </wsdl:message>
  <wsdl:message name="getAddressCountryRequestMessage">
    <wsdl:part name="GetAddressCountryRequest" element="mes:getAddressCountryRequest"/>
  </wsdl:message>
  <wsdl:message name="getAddressCountryResponseMessage">
    <wsdl:part name="GetAddressCountryResponse" element="mes:getAddressCountryResponse"/>
  </wsdl:message>
  <wsdl:message name="getAddressCountryHistoryRequestMessage">
    <wsdl:part name="GetAddressCountryHistoryRequest" element="mes:getAddressCountryHistoryRequest"/>
  </wsdl:message>
  <wsdl:message name="getAddressCountryHistoryResponseMessage">
    <wsdl:part name="GetAddressCountryHistoryResponse" element="mes:getAddressCountryHistoryResponse"/>
  </wsdl:message>
  <wsdl:message name="getNationalitiesRequestMessage">
    <wsdl:part name="GetNationalitiesRequest" element="mes:getNationalitiesRequest"/>
  </wsdl:message>
  <wsdl:message name="getNationalitiesResponseMessage">
    <wsdl:part name="GetNationalitiesResponse" element="mes:getNationalitiesResponse"/>
  </wsdl:message>
  <wsdl:message name="getNationalityRequestMessage">
    <wsdl:part name="GetNationalityRequest" element="mes:getNationalityRequest"/>
  </wsdl:message>
  <wsdl:message name="getNationalityResponseMessage">
    <wsdl:part name="GetNationalityResponse" element="mes:getNationalityResponse"/>
  </wsdl:message>
  <wsdl:message name="getNationalityHistoryRequestMessage">
    <wsdl:part name="GetNationalityHistoryRequest" element="mes:getNationalityHistoryRequest"/>
  </wsdl:message>
  <wsdl:message name="getNationalityHistoryResponseMessage">
    <wsdl:part name="GetNationalityHistoryResponse" element="mes:getNationalityHistoryResponse"/>
  </wsdl:message>
  <wsdl:message name="getPlaceCountriesRequestMessage">
    <wsdl:part name="GetPlaceCountriesRequest" element="mes:getPlaceCountriesRequest"/>
  </wsdl:message>
  <wsdl:message name="getPlaceCountriesResponseMessage">
    <wsdl:part name="GetPlaceCountriesResponse" element="mes:getPlaceCountriesResponse"/>
  </wsdl:message>
  <wsdl:message name="getPlaceCountryRequestMessage">
    <wsdl:part name="GetPlaceCountryRequest" element="mes:getPlaceCountryRequest"/>
  </wsdl:message>
  <wsdl:message name="getPlaceCountryResponseMessage">
    <wsdl:part name="GetPlaceCountryResponse" element="mes:getPlaceCountryResponse"/>
  </wsdl:message>
  <wsdl:message name="getPlaceCountryHistoryRequestMessage">
    <wsdl:part name="GetPlaceCountryHistoryRequest" element="mes:getPlaceCountryHistoryRequest"/>
  </wsdl:message>
  <wsdl:message name="getPlaceCountryHistoryResponseMessage">
    <wsdl:part name="GetPlaceCountryHistoryResponse" element="mes:getPlaceCountryHistoryResponse"/>
  </wsdl:message>
  <wsdl:portType name="CountryServicePortType">
    <wsdl:operation name="getAllIsoCodes">
      <wsdl:input message="tns:getAllIsoCodesRequestMessage"/>
      <wsdl:output message="tns:getAllIsoCodesResponseMessage"/>
    </wsdl:operation>
    <wsdl:operation name="getAllNisCodes">
      <wsdl:input message="tns:getAllNisCodesRequestMessage"/>
      <wsdl:output message="tns:getAllNisCodesResponseMessage"/>
    </wsdl:operation>
    <wsdl:operation name="getAddressCountries">
      <wsdl:input message="tns:getAddressCountriesRequestMessage"/>
      <wsdl:output message="tns:getAddressCountriesResponseMessage"/>
    </wsdl:operation>
    <wsdl:operation name="getAddressCountry">
      <wsdl:input message="tns:getAddressCountryRequestMessage"/>
      <wsdl:output message="tns:getAddressCountryResponseMessage"/>
    </wsdl:operation>
    <wsdl:operation name="getAddressCountryHistory">
      <wsdl:input message="tns:getAddressCountryHistoryRequestMessage"/>
      <wsdl:output message="tns:getAddressCountryHistoryResponseMessage"/>
    </wsdl:operation>
    <wsdl:operation name="getNationalities">
      <wsdl:input message="tns:getNationalitiesRequestMessage"/>
      <wsdl:output message="tns:getNationalitiesResponseMessage"/>
    </wsdl:operation>
    <wsdl:operation name="getNationality">
      <wsdl:input message="tns:getNationalityRequestMessage"/>
      <wsdl:output message="tns:getNationalityResponseMessage"/>
    </wsdl:operation>
    <wsdl:operation name="getNationalityHistory">
      <wsdl:input message="tns:getNationalityHistoryRequestMessage"/>
      <wsdl:output message="tns:getNationalityHistoryResponseMessage"/>
    </wsdl:operation>
    <wsdl:operation name="getPlaceCountries">
      <wsdl:input message="tns:getPlaceCountriesRequestMessage"/>
      <wsdl:output message="tns:getPlaceCountriesResponseMessage"/>
    </wsdl:operation>
    <wsdl:operation name="getPlaceCountry">
      <wsdl:input message="tns:getPlaceCountryRequestMessage"/>
      <wsdl:output message="tns:getPlaceCountryResponseMessage"/>
    </wsdl:operation>
    <wsdl:operation name="getPlaceCountryHistory">
      <wsdl:input message="tns:getPlaceCountryHistoryRequestMessage"/>
      <wsdl:output message="tns:getPlaceCountryHistoryResponseMessage"/>
    </wsdl:operation>
  </wsdl:portType>
  <wsdl:binding name="CountryServiceHTTPBinding" type="tns:CountryServicePortType">
    <soap:binding style="document" transport="http://schemas.xmlsoap.org/soap/http"/>
    <wsdl:operation name="getAllIsoCodes">
      <soap:operation soapAction="http://fidus.brussels/services/countryservice/getAllIsoCodes"/>
      <wsdl:input>
        <soap:body use="literal"/>
      </wsdl:input>
      <wsdl:output>
        <soap:body use="literal"/>
      </wsdl:output>
    </wsdl:operation>
    <wsdl:operation name="getAllNisCodes">
      <soap:operation soapAction="http://fidus.brussels/services/countryservice/getAllNisCodes"/>
      <wsdl:input>
        <soap:body use="literal"/>
      </wsdl:input>
      <wsdl:output>
        <soap:body use="literal"/>
      </wsdl:output>
    </wsdl:operation>
    <wsdl:operation name="getAddressCountries">
      <soap:operation soapAction="http://fidus.brussels/services/countryservice/getAddressCountries"/>
      <wsdl:input>
        <soap:body use="literal"/>
      </wsdl:input>
      <wsdl:output>
        <soap:body use="literal"/>
      </wsdl:output>
    </wsdl:operation>
    <wsdl:operation name="getAddressCountry">
      <soap:operation soapAction="http://fidus.brussels/services/countryservice/getAddressCountry"/>
      <wsdl:input>
        <soap:body use="literal"/>
      </wsdl:input>
      <wsdl:output>
        <soap:body use="literal"/>
      </wsdl:output>
    </wsdl:operation>
    <wsdl:operation name="getAddressCountryHistory">
      <soap:operation soapAction="http://fidus.brussels/services/countryservice/getAddressCountryHistory"/>
      <wsdl:input>
        <soap:body use="literal"/>
      </wsdl:input>
      <wsdl:output>
        <soap:body use="literal"/>
      </wsdl:output>
    </wsdl:operation>
    <wsdl:operation name="getNationalities">
      <soap:operation soapAction="http://fidus.brussels/services/countryservice/getNationalities"/>
      <wsdl:input>
        <soap:body use="literal"/>
      </wsdl:input>
      <wsdl:output>
        <soap:body use="literal"/>
      </wsdl:output>
    </wsdl:operation>
    <wsdl:operation name="getNationality">
      <soap:operation soapAction="http://fidus.brussels/services/countryservice/getNationality"/>
      <wsdl:input>
        <soap:body use="literal"/>
      </wsdl:input>
      <wsdl:output>
        <soap:body use="literal"/>
      </wsdl:output>
    </wsdl:operation>
    <wsdl:operation name="getNationalityHistory">
      <soap:operation soapAction="http://fidus.brussels/services/countryservice/getNationalityHistory"/>
      <wsdl:input>
        <soap:body use="literal"/>
      </wsdl:input>
      <wsdl:output>
        <soap:body use="literal"/>
      </wsdl:output>
    </wsdl:operation>
    <wsdl:operation name="getPlaceCountries">
      <soap:operation soapAction="http://fidus.brussels/services/countryservice/getPlaceCountries"/>
      <wsdl:input>
        <soap:body use="literal"/>
      </wsdl:input>
      <wsdl:output>
        <soap:body use="literal"/>
      </wsdl:output>
    </wsdl:operation>
    <wsdl:operation name="getPlaceCountry">
      <soap:operation soapAction="http://fidus.brussels/services/countryservice/getPlaceCountry"/>
      <wsdl:input>
        <soap:body use="literal"/>
      </wsdl:input>
      <wsdl:output>
        <soap:body use="literal"/>
      </wsdl:output>
    </wsdl:operation>
    <wsdl:operation name="getPlaceCountryHistory">
      <soap:operation soapAction="http://fidus.brussels/services/countryservice/getPlaceCountryHistory"/>
      <wsdl:input>
        <soap:body use="literal"/>
      </wsdl:input>
      <wsdl:output>
        <soap:body use="literal"/>
      </wsdl:output>
    </wsdl:operation>
  </wsdl:binding>
  <wsdl:service name="CountryService_v1">
    <wsdl:port name="CountryService_v1" binding="tns:CountryServiceHTTPBinding">
      <soap:address location="http://fidus.brussels/services/countryservice/v1"/>
    </wsdl:port>
  </wsdl:service>
</wsdl:definitions>]]></con:content><con:type>http://schemas.xmlsoap.org/wsdl/</con:type></con:part><con:part><con:url>file:/home/isr/git/parent/countryservice_1.0/CountryServiceGateway/src/main/resources/wsdl/countryService/1.0.0/messages/countryServiceMessages_v1.xsd</con:url><con:content><![CDATA[<xsd:schema targetNamespace="http://fidus.brussels/service/countryservice/messages/v1" elementFormDefault="qualified" attributeFormDefault="unqualified" version="1.0" xmlns:xsd="http://www.w3.org/2001/XMLSchema" xmlns:cme="http://fidus.brussels/type/common/messages/v1" xmlns:exc="http://fidus.brussels/type/common/exceptions/v1" xmlns:tns="http://fidus.brussels/service/countryservice/messages/v1" xmlns:cou="http://fsb.belgium.be/mappingServices/data/country/v1_00" xmlns:csmes="http://fsb.belgium.be/mappingServices/countryService/messages/v1_00">
  <xsd:import namespace="http://fidus.brussels/type/common/messages/v1" schemaLocation="baseMessageTypes_v1.xsd"/>
  <xsd:import namespace="http://fidus.brussels/type/common/exceptions/v1" schemaLocation="exceptionTypes_v1.xsd"/>
  <xsd:import namespace="http://fsb.belgium.be/mappingServices/data/country/v1_00" schemaLocation="../country/external.xsd"/>
  <xsd:import namespace="http://fsb.belgium.be/mappingServices/countryService/messages/v1_00" schemaLocation="../country/countryServiceMessages.xsd"/>
  <xsd:complexType name="ReferenceDataRequestType">
    <xsd:annotation>
      <xsd:documentation/>
    </xsd:annotation>
    <xsd:sequence>
      <xsd:element name="referenceDate" type="xsd:date" minOccurs="0"/>
    </xsd:sequence>
  </xsd:complexType>
  <xsd:complexType name="NationalityRequestType">
    <xsd:annotation>
      <xsd:documentation/>
    </xsd:annotation>
    <xsd:complexContent>
      <xsd:extension base="csmes:NationalityRequestType"/>
    </xsd:complexContent>
  </xsd:complexType>
  <xsd:complexType name="NationalityHistoryRequestType">
    <xsd:annotation>
      <xsd:documentation/>
    </xsd:annotation>
    <xsd:complexContent>
      <xsd:extension base="csmes:NationalityHistoryRequestType"/>
    </xsd:complexContent>
  </xsd:complexType>
  <xsd:complexType name="AddressCountryRequestType">
    <xsd:annotation>
      <xsd:documentation/>
    </xsd:annotation>
    <xsd:complexContent>
      <xsd:extension base="csmes:NationalityRequestType"/>
    </xsd:complexContent>
  </xsd:complexType>
  <xsd:complexType name="AddressCountryHistoryRequestType">
    <xsd:annotation>
      <xsd:documentation/>
    </xsd:annotation>
    <xsd:complexContent>
      <xsd:extension base="csmes:AddressCountryHistoryRequestType"/>
    </xsd:complexContent>
  </xsd:complexType>
  <xsd:complexType name="PlaceCountryRequestType">
    <xsd:annotation>
      <xsd:documentation/>
    </xsd:annotation>
    <xsd:complexContent>
      <xsd:extension base="csmes:PlaceCountryRequestType"/>
    </xsd:complexContent>
  </xsd:complexType>
  <xsd:complexType name="PlaceCountryHistoryRequestType">
    <xsd:annotation>
      <xsd:documentation/>
    </xsd:annotation>
    <xsd:complexContent>
      <xsd:extension base="csmes:PlaceCountryHistoryRequestType"/>
    </xsd:complexContent>
  </xsd:complexType>
  <!--Request getCountryService definition-->
  <xsd:complexType name="GetAllIsoCodesRequestType">
    <xsd:sequence>
      <xsd:element name="messageContext" type="cme:RequestMessageContextType"/>
      <xsd:element name="legalContext" type="cme:LegalContextType"/>
      <xsd:element name="request" type="tns:ReferenceDataRequestType"/>
    </xsd:sequence>
  </xsd:complexType>
  <xsd:complexType name="GetAllNisCodesRequestType">
    <xsd:sequence>
      <xsd:element name="messageContext" type="cme:RequestMessageContextType"/>
      <xsd:element name="legalContext" type="cme:LegalContextType"/>
      <xsd:element name="request" type="tns:ReferenceDataRequestType"/>
    </xsd:sequence>
  </xsd:complexType>
  <xsd:complexType name="GetNationalityRequestType">
    <xsd:sequence>
      <xsd:element name="messageContext" type="cme:RequestMessageContextType"/>
      <xsd:element name="legalContext" type="cme:LegalContextType"/>
      <xsd:element name="request" type="tns:NationalityRequestType"/>
    </xsd:sequence>
  </xsd:complexType>
  <xsd:complexType name="GetNationalitiesRequestType">
    <xsd:sequence>
      <xsd:element name="messageContext" type="cme:RequestMessageContextType"/>
      <xsd:element name="legalContext" type="cme:LegalContextType"/>
      <xsd:element name="request" type="tns:ReferenceDataRequestType"/>
    </xsd:sequence>
  </xsd:complexType>
  <xsd:complexType name="GetNationalityHistoryRequestType">
    <xsd:sequence>
      <xsd:element name="messageContext" type="cme:RequestMessageContextType"/>
      <xsd:element name="legalContext" type="cme:LegalContextType"/>
      <xsd:element name="request" type="tns:NationalityHistoryRequestType"/>
    </xsd:sequence>
  </xsd:complexType>
  <xsd:complexType name="GetAddressCountryRequestType">
    <xsd:sequence>
      <xsd:element name="messageContext" type="cme:RequestMessageContextType"/>
      <xsd:element name="legalContext" type="cme:LegalContextType"/>
      <xsd:element name="request" type="tns:NationalityRequestType"/>
    </xsd:sequence>
  </xsd:complexType>
  <xsd:complexType name="GetAddressCountriesRequestType">
    <xsd:sequence>
      <xsd:element name="messageContext" type="cme:RequestMessageContextType"/>
      <xsd:element name="legalContext" type="cme:LegalContextType"/>
      <xsd:element name="request" type="tns:ReferenceDataRequestType"/>
    </xsd:sequence>
  </xsd:complexType>
  <xsd:complexType name="GetAddressCountryHistoryRequestType">
    <xsd:sequence>
      <xsd:element name="messageContext" type="cme:RequestMessageContextType"/>
      <xsd:element name="legalContext" type="cme:LegalContextType"/>
      <xsd:element name="request" type="tns:AddressCountryHistoryRequestType"/>
    </xsd:sequence>
  </xsd:complexType>
  <xsd:complexType name="GetPlaceCountryRequestType">
    <xsd:sequence>
      <xsd:element name="messageContext" type="cme:RequestMessageContextType"/>
      <xsd:element name="legalContext" type="cme:LegalContextType"/>
      <xsd:element name="request" type="tns:PlaceCountryRequestType"/>
    </xsd:sequence>
  </xsd:complexType>
  <xsd:complexType name="GetPlaceCountriesRequestType">
    <xsd:sequence>
      <xsd:element name="messageContext" type="cme:RequestMessageContextType"/>
      <xsd:element name="legalContext" type="cme:LegalContextType"/>
      <xsd:element name="request" type="tns:ReferenceDataRequestType"/>
    </xsd:sequence>
  </xsd:complexType>
  <xsd:complexType name="GetPlaceCountryHistoryRequestType">
    <xsd:sequence>
      <xsd:element name="messageContext" type="cme:RequestMessageContextType"/>
      <xsd:element name="legalContext" type="cme:LegalContextType"/>
      <xsd:element name="request" type="tns:PlaceCountryHistoryRequestType"/>
    </xsd:sequence>
  </xsd:complexType>
  <!--Response getCountryService definition-->
  <xsd:complexType name="GetAllIsoCodesResponseType">
    <xsd:sequence>
      <xsd:element name="messageContext" type="cme:ResponseMessageContextType"/>
      <xsd:element name="responses" type="tns:IsoResponsesType" minOccurs="0"/>
      <xsd:element name="exceptions" type="exc:ExceptionsType" minOccurs="0">
        <xsd:annotation>
          <xsd:documentation>Technical errors that occur when processing the message context e.g. insufficient rights.</xsd:documentation>
        </xsd:annotation>
      </xsd:element>
    </xsd:sequence>
  </xsd:complexType>
  <xsd:complexType name="GetAllNisCodesResponseType">
    <xsd:sequence>
      <xsd:element name="messageContext" type="cme:ResponseMessageContextType"/>
      <xsd:element name="responses" type="tns:NisResponsesType" minOccurs="0"/>
      <xsd:element name="exceptions" type="exc:ExceptionsType" minOccurs="0">
        <xsd:annotation>
          <xsd:documentation>Technical errors that occur when processing the message context e.g. insufficient rights.</xsd:documentation>
        </xsd:annotation>
      </xsd:element>
    </xsd:sequence>
  </xsd:complexType>
  <xsd:complexType name="GetNationalityResponseType">
    <xsd:sequence>
      <xsd:element name="messageContext" type="cme:ResponseMessageContextType"/>
      <xsd:element name="responses" type="tns:NationalityResponsesType" minOccurs="0"/>
      <xsd:element name="exceptions" type="exc:ExceptionsType" minOccurs="0">
        <xsd:annotation>
          <xsd:documentation>Technical errors that occur when processing the message context e.g. insufficient rights.</xsd:documentation>
        </xsd:annotation>
      </xsd:element>
    </xsd:sequence>
  </xsd:complexType>
  <xsd:complexType name="GetNationalityHistoryResponseType">
    <xsd:sequence>
      <xsd:element name="messageContext" type="cme:ResponseMessageContextType"/>
      <xsd:element name="responses" type="tns:NationalityResponsesType" minOccurs="0"/>
      <xsd:element name="exceptions" type="exc:ExceptionsType" minOccurs="0">
        <xsd:annotation>
          <xsd:documentation>Technical errors that occur when processing the message context e.g. insufficient rights.</xsd:documentation>
        </xsd:annotation>
      </xsd:element>
    </xsd:sequence>
  </xsd:complexType>
  <xsd:complexType name="GetNationalitiesResponseType">
    <xsd:sequence>
      <xsd:element name="messageContext" type="cme:ResponseMessageContextType"/>
      <xsd:element name="responses" type="tns:NationalitiesResponsesType" minOccurs="0"/>
      <xsd:element name="exceptions" type="exc:ExceptionsType" minOccurs="0">
        <xsd:annotation>
          <xsd:documentation>Technical errors that occur when processing the message context e.g. insufficient rights.</xsd:documentation>
        </xsd:annotation>
      </xsd:element>
    </xsd:sequence>
  </xsd:complexType>
  <xsd:complexType name="GetAddressCountriesResponseType">
    <xsd:sequence>
      <xsd:element name="messageContext" type="cme:ResponseMessageContextType"/>
      <xsd:element name="responses" type="tns:AddressCountriesResponsesType" minOccurs="0"/>
      <xsd:element name="exceptions" type="exc:ExceptionsType" minOccurs="0">
        <xsd:annotation>
          <xsd:documentation>Technical errors that occur when processing the message context e.g. insufficient rights.</xsd:documentation>
        </xsd:annotation>
      </xsd:element>
    </xsd:sequence>
  </xsd:complexType>
  <xsd:complexType name="GetAddressCountryResponseType">
    <xsd:sequence>
      <xsd:element name="messageContext" type="cme:ResponseMessageContextType"/>
      <xsd:element name="responses" type="tns:AddressCountryResponsesType" minOccurs="0"/>
      <xsd:element name="exceptions" type="exc:ExceptionsType" minOccurs="0">
        <xsd:annotation>
          <xsd:documentation>Technical errors that occur when processing the message context e.g. insufficient rights.</xsd:documentation>
        </xsd:annotation>
      </xsd:element>
    </xsd:sequence>
  </xsd:complexType>
  <xsd:complexType name="GetAddressCountryHistoryResponseType">
    <xsd:sequence>
      <xsd:element name="messageContext" type="cme:ResponseMessageContextType"/>
      <xsd:element name="responses" type="tns:AddressCountryResponsesType" minOccurs="0"/>
      <xsd:element name="exceptions" type="exc:ExceptionsType" minOccurs="0">
        <xsd:annotation>
          <xsd:documentation>Technical errors that occur when processing the message context e.g. insufficient rights.</xsd:documentation>
        </xsd:annotation>
      </xsd:element>
    </xsd:sequence>
  </xsd:complexType>
  <xsd:complexType name="AddressCountryResponseType">
    <xsd:sequence>
      <xsd:element name="addressCountry" type="csmes:AddressCountryType" minOccurs="0" maxOccurs="unbounded"/>
      <xsd:element name="exceptions" type="exc:ExceptionsType" minOccurs="0">
        <xsd:annotation>
          <xsd:documentation>Technical errors that occur when processing the message context e.g. insufficient rights.</xsd:documentation>
        </xsd:annotation>
      </xsd:element>
    </xsd:sequence>
  </xsd:complexType>
  <xsd:complexType name="AddressCountriesType">
    <xsd:sequence>
      <xsd:element name="response" type="csmes:AddressCountriesType" minOccurs="1" maxOccurs="1"/>
    </xsd:sequence>
  </xsd:complexType>
  <xsd:complexType name="GetPlaceCountryResponseType">
    <xsd:sequence>
      <xsd:element name="messageContext" type="cme:ResponseMessageContextType"/>
      <xsd:element name="responses" type="tns:PlaceCountryResponsesType" minOccurs="0"/>
      <xsd:element name="exceptions" type="exc:ExceptionsType" minOccurs="0">
        <xsd:annotation>
          <xsd:documentation>Technical errors that occur when processing the message context e.g. insufficient rights.</xsd:documentation>
        </xsd:annotation>
      </xsd:element>
    </xsd:sequence>
  </xsd:complexType>
  <xsd:complexType name="GetPlaceCountryHistoryResponseType">
    <xsd:sequence>
      <xsd:element name="messageContext" type="cme:ResponseMessageContextType"/>
      <xsd:element name="responses" type="tns:PlaceCountryResponsesType" minOccurs="0"/>
      <xsd:element name="exceptions" type="exc:ExceptionsType" minOccurs="0">
        <xsd:annotation>
          <xsd:documentation>Technical errors that occur when processing the message context e.g. insufficient rights.</xsd:documentation>
        </xsd:annotation>
      </xsd:element>
    </xsd:sequence>
  </xsd:complexType>
  <xsd:complexType name="GetPlaceCountriesResponseType">
    <xsd:sequence>
      <xsd:element name="messageContext" type="cme:ResponseMessageContextType"/>
      <xsd:element name="responses" type="tns:PlaceCountriesResponsesType" minOccurs="0"/>
      <xsd:element name="exceptions" type="exc:ExceptionsType" minOccurs="0">
        <xsd:annotation>
          <xsd:documentation>Technical errors that occur when processing the message context e.g. insufficient rights.</xsd:documentation>
        </xsd:annotation>
      </xsd:element>
    </xsd:sequence>
  </xsd:complexType>
  <xsd:complexType name="IsoResponsesType">
    <xsd:sequence>
      <xsd:element name="response" type="tns:IsoResponseType" minOccurs="1" maxOccurs="1"/>
    </xsd:sequence>
  </xsd:complexType>
  <xsd:complexType name="IsoResponseType">
    <xsd:sequence>
      <xsd:element name="iso" type="cou:IsoType" maxOccurs="unbounded" minOccurs="0"/>
      <xsd:element name="exceptions" type="exc:ExceptionsType" minOccurs="0">
        <xsd:annotation>
          <xsd:documentation>Business exceptions that occur when processing the request or response e.g. missing data for a single response element.
						Exceptions at this level may contain back-end specific codes and content.</xsd:documentation>
        </xsd:annotation>
      </xsd:element>
    </xsd:sequence>
  </xsd:complexType>
  <xsd:complexType name="NisResponsesType">
    <xsd:sequence>
      <xsd:element name="response" type="tns:NisResponseType" minOccurs="1" maxOccurs="1"/>
    </xsd:sequence>
  </xsd:complexType>
  <xsd:complexType name="NisResponseType">
    <xsd:sequence>
      <xsd:element name="nis" type="cou:NisType" maxOccurs="unbounded" minOccurs="0"/>
      <xsd:element name="exceptions" type="exc:ExceptionsType" minOccurs="0">
        <xsd:annotation>
          <xsd:documentation>Business exceptions that occur when processing the request or response e.g. missing data for a single response element.
						Exceptions at this level may contain back-end specific codes and content.</xsd:documentation>
        </xsd:annotation>
      </xsd:element>
    </xsd:sequence>
  </xsd:complexType>
  <xsd:complexType name="AddressCountriesResponsesType">
    <xsd:sequence>
      <xsd:element name="response" type="tns:AddressCountriesResponseType" minOccurs="1" maxOccurs="1"/>
    </xsd:sequence>
  </xsd:complexType>
  <xsd:complexType name="AddressCountriesResponseType">
    <xsd:sequence>
      <xsd:element name="addressCountry" type="csmes:AddressCountryType" minOccurs="0" maxOccurs="unbounded"/>
      <xsd:element name="exceptions" type="exc:ExceptionsType" minOccurs="0">
        <xsd:annotation>
          <xsd:documentation>Business exceptions that occur when processing the request or response e.g. missing data for a single response element.
						Exceptions at this level may contain back-end specific codes and content.</xsd:documentation>
        </xsd:annotation>
      </xsd:element>
    </xsd:sequence>
  </xsd:complexType>
  <xsd:complexType name="AddressCountryResponsesType">
    <xsd:sequence>
      <xsd:element name="response" type="tns:AddressCountryResponseType" minOccurs="1" maxOccurs="1"/>
    </xsd:sequence>
  </xsd:complexType>
  <xsd:complexType name="NationalityResponsesType">
    <xsd:sequence>
      <xsd:element name="response" type="tns:NationalityResponseType" minOccurs="1" maxOccurs="1"/>
    </xsd:sequence>
  </xsd:complexType>
  <xsd:complexType name="NationalitiesResponsesType">
    <xsd:sequence>
      <xsd:element name="response" type="tns:NationalityResponseType" minOccurs="1" maxOccurs="1"/>
    </xsd:sequence>
  </xsd:complexType>
  <xsd:complexType name="NationalityResponseType">
    <xsd:sequence>
      <xsd:element name="nationality" type="csmes:NationalityType" minOccurs="0" maxOccurs="unbounded"/>
      <xsd:element name="exceptions" type="exc:ExceptionsType" minOccurs="0">
        <xsd:annotation>
          <xsd:documentation>Business exceptions that occur when processing the request or response e.g. missing data for a single response element.
						Exceptions at this level may contain back-end specific codes and content.</xsd:documentation>
        </xsd:annotation>
      </xsd:element>
    </xsd:sequence>
  </xsd:complexType>
  <xsd:complexType name="PlaceCountriesResponsesType">
    <xsd:sequence>
      <xsd:element name="response" type="tns:PlaceCountriesResponseType" minOccurs="1" maxOccurs="1"/>
    </xsd:sequence>
  </xsd:complexType>
  <xsd:complexType name="PlaceCountriesResponseType">
    <xsd:sequence>
      <xsd:element name="placeCountry" type="csmes:PlaceCountryType" minOccurs="0" maxOccurs="unbounded"/>
      <xsd:element name="exceptions" type="exc:ExceptionsType" minOccurs="0">
        <xsd:annotation>
          <xsd:documentation>Business exceptions that occur when processing the request or response e.g. missing data for a single response element.
						Exceptions at this level may contain back-end specific codes and content.</xsd:documentation>
        </xsd:annotation>
      </xsd:element>
    </xsd:sequence>
  </xsd:complexType>
  <xsd:complexType name="PlaceCountryResponsesType">
    <xsd:sequence>
      <xsd:element name="response" type="tns:PlaceCountryResponseType" minOccurs="1" maxOccurs="1"/>
    </xsd:sequence>
  </xsd:complexType>
  <xsd:complexType name="PlaceCountryResponseType">
    <xsd:sequence>
      <xsd:element name="placeCountry" type="csmes:PlaceCountryType" minOccurs="0" maxOccurs="unbounded"/>
      <xsd:element name="exceptions" type="exc:ExceptionsType" minOccurs="0">
        <xsd:annotation>
          <xsd:documentation>Business exceptions that occur when processing the request or response e.g. missing data for a single response element.
						Exceptions at this level may contain back-end specific codes and content.</xsd:documentation>
        </xsd:annotation>
      </xsd:element>
    </xsd:sequence>
  </xsd:complexType>
  <!--Element of the request and the response-->
  <xsd:element name="getAllIsoCodesRequest" type="tns:GetAllIsoCodesRequestType"/>
  <xsd:element name="getAllIsoCodesResponse" type="tns:GetAllIsoCodesResponseType"/>
  <xsd:element name="getAllNisCodesRequest" type="tns:GetAllNisCodesRequestType"/>
  <xsd:element name="getAllNisCodesResponse" type="tns:GetAllNisCodesResponseType"/>
  <xsd:element name="getNationalityRequest" type="tns:GetNationalityRequestType"/>
  <xsd:element name="getNationalityResponse" type="tns:GetNationalityResponseType"/>
  <xsd:element name="getNationalitiesRequest" type="tns:GetNationalitiesRequestType"/>
  <xsd:element name="getNationalitiesResponse" type="tns:GetNationalitiesResponseType"/>
  <xsd:element name="getNationalityHistoryRequest" type="tns:GetNationalityHistoryRequestType"/>
  <xsd:element name="getNationalityHistoryResponse" type="tns:GetNationalityHistoryResponseType"/>
  <xsd:element name="getAddressCountryRequest" type="tns:GetAddressCountryRequestType"/>
  <xsd:element name="getAddressCountryResponse" type="tns:GetAddressCountryResponseType"/>
  <xsd:element name="getAddressCountriesRequest" type="tns:GetAddressCountriesRequestType"/>
  <xsd:element name="getAddressCountriesResponse" type="tns:GetAddressCountriesResponseType"/>
  <xsd:element name="getAddressCountryHistoryRequest" type="tns:GetAddressCountryHistoryRequestType"/>
  <xsd:element name="getAddressCountryHistoryResponse" type="tns:GetAddressCountryHistoryResponseType"/>
  <xsd:element name="getPlaceCountryRequest" type="tns:GetPlaceCountryRequestType"/>
  <xsd:element name="getPlaceCountryResponse" type="tns:GetPlaceCountryResponseType"/>
  <xsd:element name="getPlaceCountriesRequest" type="tns:GetPlaceCountriesRequestType"/>
  <xsd:element name="getPlaceCountriesResponse" type="tns:GetPlaceCountriesResponseType"/>
  <xsd:element name="getPlaceCountryHistoryRequest" type="tns:GetPlaceCountryHistoryRequestType"/>
  <xsd:element name="getPlaceCountryHistoryResponse" type="tns:GetPlaceCountryResponseType"/>
</xsd:schema>]]></con:content><con:type>http://www.w3.org/2001/XMLSchema</con:type></con:part><con:part><con:url>file:/home/isr/git/parent/countryservice_1.0/CountryServiceGateway/src/main/resources/wsdl/countryService/1.0.0/messages/baseMessageTypes_v1.xsd</con:url><con:content><![CDATA[<xsd:schema targetNamespace="http://fidus.brussels/type/common/messages/v1" elementFormDefault="qualified" attributeFormDefault="unqualified" version="1.0" xmlns:xsd="http://www.w3.org/2001/XMLSchema" xmlns:cmn="http://fidus.brussels/type/common/v1" xmlns:tns="http://fidus.brussels/type/common/messages/v1">
  <!--Unformatted message Id-->
  <xsd:simpleType name="MessageIdType">
    <xsd:restriction base="xsd:string">
      <xsd:minLength value="1"/>
      <xsd:maxLength value="64"/>
    </xsd:restriction>
  </xsd:simpleType>
  <!--National Number of the person. Format depending on the Register-->
  <xsd:simpleType name="PersonNumberType">
    <xsd:restriction base="xsd:string">
      <xsd:pattern value="[0-9][0-9](([0][0-9])|([1][0-2]))(([0-2][0-9])|([3][0-1]))(([0-9]{2}[1-9])|([0-9][1-9][0-9])|([1-9][0-9]{2}))(([0-8][0-9])|([9][0-7]))">
        <xsd:annotation>
          <xsd:documentation>National Register format</xsd:documentation>
        </xsd:annotation>
      </xsd:pattern>
      <xsd:pattern value="[0-9][0-9](([2][0-9])|([3][0-2]))(([0-2][0-9])|([3][0-1]))[0-9]{3}(([0-8][0-9])|([9][0-7]))">
        <xsd:annotation>
          <xsd:documentation>CBSS Register format: Bis Register</xsd:documentation>
        </xsd:annotation>
      </xsd:pattern>
      <xsd:pattern value="[0-9][0-9](([4][0-9])|([5][0-2]))(([0-2][0-9])|([3][0-1]))[0-9]{3}(([0-8][0-9])|([9][0-7]))">
        <xsd:annotation>
          <xsd:documentation>CBSS Register format: Ter Register</xsd:documentation>
        </xsd:annotation>
      </xsd:pattern>
    </xsd:restriction>
  </xsd:simpleType>
  <!--Request message context-->
  <xsd:complexType name="RequestMessageContextType">
    <xsd:annotation>
      <xsd:documentation>Message context block generated by the consumer.</xsd:documentation>
    </xsd:annotation>
    <xsd:sequence>
      <xsd:element name="messageId" type="tns:MessageIdType">
        <xsd:annotation>
          <xsd:documentation>Consumer must assign their own MessageId reference for the request.</xsd:documentation>
        </xsd:annotation>
      </xsd:element>
      <xsd:element name="timestamp" type="xsd:dateTime" minOccurs="0">
        <xsd:annotation>
          <xsd:documentation>Timestamp when client sent request.</xsd:documentation>
        </xsd:annotation>
      </xsd:element>
    </xsd:sequence>
  </xsd:complexType>
  <!--Response message context-->
  <xsd:complexType name="ResponseMessageContextType">
    <xsd:annotation>
      <xsd:documentation>MessageContext block generated by fidus.</xsd:documentation>
    </xsd:annotation>
    <xsd:sequence>
      <xsd:element name="messageId" type="tns:MessageIdType">
        <xsd:annotation>
          <xsd:documentation>A unique identifier generated by fidus.</xsd:documentation>
        </xsd:annotation>
      </xsd:element>
      <xsd:element name="transactionId" type="tns:MessageIdType">
        <xsd:annotation>
          <xsd:documentation>A unique ID returned to the client for tracing purposes.</xsd:documentation>
        </xsd:annotation>
      </xsd:element>
      <xsd:element name="timestamp" type="xsd:dateTime" minOccurs="0">
        <xsd:annotation>
          <xsd:documentation>Time reply sent by fidus.</xsd:documentation>
        </xsd:annotation>
      </xsd:element>
    </xsd:sequence>
  </xsd:complexType>
  <!--Legal Context : the finality of the Privacy Commission-->
  <xsd:simpleType name="LegalContextType">
    <xsd:restriction base="xsd:string">
      <xsd:minLength value="1"/>
      <xsd:maxLength value="64"/>
    </xsd:restriction>
  </xsd:simpleType>
  <xsd:complexType name="UserContextType">
    <xsd:annotation>
      <xsd:documentation>The user context defines information regarding the actual user performing a request.</xsd:documentation>
    </xsd:annotation>
    <xsd:sequence>
      <xsd:element name="language" type="xsd:language" nillable="true">
        <xsd:annotation>
          <xsd:documentation>The preferred language of the actual user performing the request.
						This influences the language in which response elements are cast.</xsd:documentation>
        </xsd:annotation>
      </xsd:element>
    </xsd:sequence>
  </xsd:complexType>
</xsd:schema>]]></con:content><con:type>http://www.w3.org/2001/XMLSchema</con:type></con:part><con:part><con:url>file:/home/isr/git/parent/countryservice_1.0/CountryServiceGateway/src/main/resources/wsdl/countryService/1.0.0/messages/exceptionTypes_v1.xsd</con:url><con:content><![CDATA[<xsd:schema targetNamespace="http://fidus.brussels/type/common/exceptions/v1" elementFormDefault="qualified" attributeFormDefault="unqualified" version="1.0" xmlns:xsd="http://www.w3.org/2001/XMLSchema" xmlns:tns="http://fidus.brussels/type/common/exceptions/v1">
  <!--Basic error typed-->
  <xsd:complexType name="ExceptionsType">
    <xsd:sequence>
      <xsd:element name="exception" type="tns:ExceptionType" maxOccurs="unbounded"/>
    </xsd:sequence>
  </xsd:complexType>
  <xsd:complexType name="ExceptionType">
    <xsd:sequence>
      <xsd:element name="type" type="tns:ExceptionClassType"/>
      <xsd:element name="code" type="tns:ExceptionCodeType"/>
      <xsd:element name="source" type="tns:ExceptionSourceType"/>
      <xsd:element name="description" type="tns:ExceptionDescriptionType"/>
    </xsd:sequence>
  </xsd:complexType>
  <xsd:simpleType name="ExceptionClassType">
    <xsd:restriction base="xsd:string">
      <xsd:enumeration value="ERROR"/>
      <xsd:enumeration value="WARNING"/>
      <xsd:enumeration value="INFO"/>
    </xsd:restriction>
  </xsd:simpleType>
  <xsd:simpleType name="ExceptionCodeType">
    <xsd:restriction base="xsd:string">
      <xsd:maxLength value="20"/>
    </xsd:restriction>
  </xsd:simpleType>
  <xsd:simpleType name="ExceptionSourceType">
    <xsd:restriction base="xsd:string">
      <xsd:maxLength value="20"/>
    </xsd:restriction>
  </xsd:simpleType>
  <xsd:simpleType name="ExceptionDescriptionType">
    <xsd:restriction base="xsd:string"/>
  </xsd:simpleType>
</xsd:schema>]]></con:content><con:type>http://www.w3.org/2001/XMLSchema</con:type></con:part><con:part><con:url>file:/home/isr/git/parent/countryservice_1.0/CountryServiceGateway/src/main/resources/wsdl/countryService/1.0.0/country/external.xsd</con:url><con:content><![CDATA[<xs:schema targetNamespace="http://fsb.belgium.be/mappingServices/data/country/v1_00" elementFormDefault="qualified" attributeFormDefault="unqualified" xmlns:xs="http://www.w3.org/2001/XMLSchema" xmlns:cou="http://fsb.belgium.be/mappingServices/data/country/v1_00" xmlns:sim="http://fsb.belgium.be/mappingServices/data/simple/v1_00">
  <xs:annotation>
    <xs:documentation xml:lang="en">Schema version: 1.0
            Date: 2012-02-20
            Author: Ignaz Wanders

			Definition of country-related elements, as relevant to external users of the service.</xs:documentation>
  </xs:annotation>
  <xs:include schemaLocation="country.xsd"/>
</xs:schema>]]></con:content><con:type>http://www.w3.org/2001/XMLSchema</con:type></con:part><con:part><con:url>file:/home/isr/git/parent/countryservice_1.0/CountryServiceGateway/src/main/resources/wsdl/countryService/1.0.0/country/country.xsd</con:url><con:content><![CDATA[<xs:schema targetNamespace="http://fsb.belgium.be/mappingServices/data/country/v1_00" elementFormDefault="qualified" attributeFormDefault="unqualified" xmlns:xs="http://www.w3.org/2001/XMLSchema" xmlns:cou="http://fsb.belgium.be/mappingServices/data/country/v1_00" xmlns:sim="http://fsb.belgium.be/mappingServices/data/simple/v1_00">
  <xs:annotation>
    <xs:documentation xml:lang="en">Schema version: 1.0
            Date: 2011-02-07
            Author: Ignaz Wanders

			Definition of geographical regions. Regions are termed countries for the sake
			of understanding, but it must be kept in mind that a region does not necessarily
			correspond to the political boundaries that define the everyday use of the term country.
			
			Note that the ISO-3166 codes are also based on "geographical regions of special interest," 
			and not on political boundaries.</xs:documentation>
  </xs:annotation>
  <xs:import namespace="http://fsb.belgium.be/mappingServices/data/simple/v1_00" schemaLocation="simpleTypes.xsd"/>
  <xs:complexType name="IsoType">
    <xs:annotation>
      <xs:documentation xml:lang="en">The ISO type of a country consists of one or more names, as well as codes in different formats.
                
                Currently, the ISO country names are published in English and French only.</xs:documentation>
    </xs:annotation>
    <xs:sequence>
      <xs:element name="name" type="sim:NameType" maxOccurs="unbounded"/>
      <xs:element name="iso-alpha2" type="cou:ISO_3166-1_Alpha2Type" maxOccurs="unbounded"/>
      <xs:element name="iso-alpha3" type="cou:ISO_3166-1_Alpha3Type" maxOccurs="unbounded"/>
      <xs:element name="iso-numeric3" type="cou:ISO_3166-1_Numeric3Type" maxOccurs="unbounded"/>
    </xs:sequence>
  </xs:complexType>
  <xs:complexType name="NisType">
    <xs:annotation>
      <xs:documentation xml:lang="en">The NIS type of a country consists of one or more names, as well as a code in three digits.</xs:documentation>
    </xs:annotation>
    <xs:sequence>
      <xs:element name="name" type="sim:NameType" maxOccurs="unbounded"/>
      <xs:element name="nis-numeric3" type="cou:NIS_Numeric3Type" maxOccurs="unbounded"/>
    </xs:sequence>
  </xs:complexType>
  <xs:complexType name="ISO_3166-1_Alpha2Type">
    <xs:annotation>
      <xs:documentation xml:lang="en">ISO country codes in the ISO 3166-1 two-letter format.
                For a complete list, see
                http://www.iso.org/iso/en/prods-services/iso3166ma/02iso-3166-code-lists/index.html

                Validation rules:
                - two to four upper case letters

                Regular expression: [A-Z]{2}

                Examples: BE, NL, FR, DE, GB, ES, ...
                (Note that UK is not a valid country code!)</xs:documentation>
    </xs:annotation>
    <xs:simpleContent>
      <xs:restriction base="sim:CodeValueType">
        <xs:pattern value="[A-Z]{2}"/>
      </xs:restriction>
    </xs:simpleContent>
  </xs:complexType>
  <xs:complexType name="ISO_3166-1_Alpha3Type">
    <xs:annotation>
      <xs:documentation xml:lang="en">ISO country codes in the ISO 3166-1 three-letter format.
                For a complete list, see
                http://www.iso.org/iso/en/prods-services/iso3166ma/02iso-3166-code-lists/index.html

                Validation rules:
                - two to four upper case letters

                Regular expression: [A-Z]{3}

                Examples: BEL, NLD, FRA, DEU, ...</xs:documentation>
    </xs:annotation>
    <xs:simpleContent>
      <xs:restriction base="sim:CodeValueType">
        <xs:pattern value="[A-Z]{3}"/>
      </xs:restriction>
    </xs:simpleContent>
  </xs:complexType>
  <xs:complexType name="ISO_3166-1_Numeric3Type">
    <xs:annotation>
      <xs:documentation xml:lang="en">ISO country codes in the ISO 3166-1 three-digit format.
                For a complete list, see
                http://www.iso.org/iso/en/prods-services/iso3166ma/02iso-3166-code-lists/index.html
                The ISO standards permit certain two-letter codes to be customized by users.

                Historic country codes use the ISO-3166-3 four-letter format.
                For a list, see http://www.iso.org/iso/country_codes/background_on_iso_3166/iso_3166-3.htm

                Validation rules:
                - two to four upper case letters

                Regular expression: [0-9]{3}

                Examples: 056, 528, ...</xs:documentation>
    </xs:annotation>
    <xs:simpleContent>
      <xs:restriction base="sim:CodeValueType">
        <xs:pattern value="[0-9]{3}"/>
      </xs:restriction>
    </xs:simpleContent>
  </xs:complexType>
  <xs:complexType name="NIS_Numeric3Type">
    <xs:annotation>
      <xs:documentation xml:lang="en">NIS country codes in the three-digit format.
                
                Validation rules:
                - three digits

                Regular expression: [0-9]{3}

                Examples: 150, ...</xs:documentation>
    </xs:annotation>
    <xs:simpleContent>
      <xs:restriction base="sim:CodeValueType">
        <xs:pattern value="[0-9]{3}"/>
      </xs:restriction>
    </xs:simpleContent>
  </xs:complexType>
  <xs:complexType name="TerritoryType">
    <xs:annotation>
      <xs:documentation xml:lang="en">A territory is a geographic region of "special interest."
                It is chosen such that if a region has a code, either ISO or NIS, 
                it is considered a separate territory.
                
                A territory has language-dependent names, an optional ISO code and 
                an optional NIS code.
                
                A territory may exist of subterritories. (For example, there exist
                ISO codes, other than 3166-1, which are used for regions within regions.)
                
                An identified territory has an optional start date and an optional end date.
                These are relevant when regions split or merge. If a date is not given, it
                is undefined but considered in the past for a start date, and in the future
                for an end date.</xs:documentation>
    </xs:annotation>
    <xs:sequence>
      <xs:element name="name" type="sim:NameType" maxOccurs="unbounded"/>
      <xs:element name="iso" type="cou:IsoType" minOccurs="0"/>
      <xs:element name="nis" type="cou:NisType" minOccurs="0"/>
      <xs:element name="subTerritory" type="cou:TerritoryType" minOccurs="0" maxOccurs="unbounded"/>
    </xs:sequence>
    <xs:attribute name="startDate" type="xs:date" use="optional"/>
    <xs:attribute name="endDate" type="xs:date" use="optional"/>
  </xs:complexType>
</xs:schema>]]></con:content><con:type>http://www.w3.org/2001/XMLSchema</con:type></con:part><con:part><con:url>file:/home/isr/git/parent/countryservice_1.0/CountryServiceGateway/src/main/resources/wsdl/countryService/1.0.0/country/simpleTypes.xsd</con:url><con:content><![CDATA[<xs:schema targetNamespace="http://fsb.belgium.be/mappingServices/data/simple/v1_00" elementFormDefault="qualified" attributeFormDefault="unqualified" version="1.00" xmlns:xs="http://www.w3.org/2001/XMLSchema" xmlns:sim="http://fsb.belgium.be/mappingServices/data/simple/v1_00">
  <xs:annotation>
    <xs:documentation>Definitions of simple types with restrictions/extensions and
			complex types with simple content with attribute values.</xs:documentation>
  </xs:annotation>
  <xs:simpleType name="EmptyStringType">
    <xs:annotation>
      <xs:documentation>A string, which is empty.</xs:documentation>
    </xs:annotation>
    <xs:restriction base="xs:string">
      <xs:length value="0"/>
    </xs:restriction>
  </xs:simpleType>
  <xs:simpleType name="NonEmptyStringType">
    <xs:annotation>
      <xs:documentation>A string, which is at least one character long, and cannot
				start with whitespace.</xs:documentation>
    </xs:annotation>
    <xs:restriction base="xs:string">
      <xs:pattern value="[^\s].*"/>
    </xs:restriction>
  </xs:simpleType>
  <xs:complexType name="StringWithValidityPeriodType">
    <xs:annotation>
      <xs:documentation>A non-empty string, with optional attributes defining a validity period.</xs:documentation>
    </xs:annotation>
    <xs:simpleContent>
      <xs:extension base="sim:NonEmptyStringType">
        <xs:attribute name="startDate" type="xs:date" use="optional">
          <xs:annotation>
            <xs:documentation>Must be a valid date. 
		        			If omitted, the startDate is considered to be undefined, but in the past.</xs:documentation>
          </xs:annotation>
        </xs:attribute>
        <xs:attribute name="endDate" type="xs:date" use="optional">
          <xs:annotation>
            <xs:documentation>Must be a valid date. 
		        			If omitted, the endDate is considered to be undefined, but in the future.</xs:documentation>
          </xs:annotation>
        </xs:attribute>
      </xs:extension>
    </xs:simpleContent>
  </xs:complexType>
  <xs:complexType name="CodeValueType">
    <xs:annotation>
      <xs:documentation>A code value generally has a validity period, plus a status.</xs:documentation>
    </xs:annotation>
    <xs:simpleContent>
      <xs:extension base="sim:StringWithValidityPeriodType">
        <xs:attribute name="status" type="xs:string" use="optional">
          <xs:annotation>
            <xs:documentation>The possible status values depend on the type of the code.
		        			They are not enumerated here.</xs:documentation>
          </xs:annotation>
        </xs:attribute>
      </xs:extension>
    </xs:simpleContent>
  </xs:complexType>
  <xs:complexType name="NameType">
    <xs:annotation>
      <xs:documentation>A name, with an attribute defining the language in which it is cast.</xs:documentation>
    </xs:annotation>
    <xs:simpleContent>
      <xs:extension base="sim:NonEmptyStringType">
        <xs:attribute name="language" type="xs:language" use="optional">
          <xs:annotation>
            <xs:documentation>Defines the language in which the name is given</xs:documentation>
          </xs:annotation>
        </xs:attribute>
        <xs:attribute name="shortName" type="xs:string" use="optional">
          <xs:annotation>
            <xs:documentation>In some cases, an abbreviated or more commonly used name is of interest, as well as the full name</xs:documentation>
          </xs:annotation>
        </xs:attribute>
      </xs:extension>
    </xs:simpleContent>
  </xs:complexType>
</xs:schema>]]></con:content><con:type>http://www.w3.org/2001/XMLSchema</con:type></con:part><con:part><con:url>file:/home/isr/git/parent/countryservice_1.0/CountryServiceGateway/src/main/resources/wsdl/countryService/1.0.0/country/countryServiceMessages.xsd</con:url><con:content><![CDATA[<xs:schema targetNamespace="http://fsb.belgium.be/mappingServices/countryService/messages/v1_00" elementFormDefault="qualified" attributeFormDefault="unqualified" version="2.00" xmlns:xs="http://www.w3.org/2001/XMLSchema" xmlns:mes="http://fsb.belgium.be/mappingServices/countryService/messages/v1_00" xmlns:soapenv="http://schemas.xmlsoap.org/soap/envelope/" xmlns:sim="http://fsb.belgium.be/mappingServices/data/simple/v1_00" xmlns:cou="http://fsb.belgium.be/mappingServices/data/country/v1_00">
  <xs:import namespace="http://fsb.belgium.be/mappingServices/data/simple/v1_00" schemaLocation="simpleTypes.xsd"/>
  <xs:import namespace="http://fsb.belgium.be/mappingServices/data/country/v1_00" schemaLocation="external.xsd"/>
  <xs:annotation>
    <xs:documentation>Definition of the request and response messages used by the country service.</xs:documentation>
  </xs:annotation>
  <xs:element name="getAllIsoCodesRequest" type="mes:ReferenceDateType"/>
  <xs:element name="getAllIsoCodesResponse" type="mes:IsoCodesType"/>
  <xs:element name="getAllNisCodesRequest" type="mes:ReferenceDateType"/>
  <xs:element name="getAllNisCodesResponse" type="mes:NisCodesType"/>
  <xs:complexType name="ReferenceDateType">
    <xs:annotation>
      <xs:documentation></xs:documentation>
    </xs:annotation>
    <xs:sequence>
      <xs:element name="referenceDate" type="xs:date" minOccurs="0"/>
    </xs:sequence>
  </xs:complexType>
  <xs:complexType name="IsoCodesType">
    <xs:annotation>
      <xs:documentation></xs:documentation>
    </xs:annotation>
    <xs:sequence>
      <xs:element name="iso" type="cou:IsoType" maxOccurs="unbounded"/>
    </xs:sequence>
  </xs:complexType>
  <xs:complexType name="NisCodesType">
    <xs:annotation>
      <xs:documentation></xs:documentation>
    </xs:annotation>
    <xs:sequence>
      <xs:element name="nis" type="cou:NisType" maxOccurs="unbounded"/>
    </xs:sequence>
  </xs:complexType>
  <xs:complexType name="BusinessEntityType">
    <xs:annotation>
      <xs:documentation xml:lang="en">...</xs:documentation>
    </xs:annotation>
    <xs:sequence></xs:sequence>
    <xs:attribute name="startDate" type="xs:date" use="optional"/>
    <xs:attribute name="endDate" type="xs:date" use="optional"/>
    <xs:attribute name="version" type="xs:string" use="optional"/>
    <xs:attribute name="modificationDate" type="xs:date" use="optional"/>
  </xs:complexType>
  <xs:element name="getNationalityRequest" type="mes:NationalityRequestType"/>
  <xs:element name="getNationalityResponse" type="mes:NationalitiesType"/>
  <xs:element name="getNationalitiesRequest" type="mes:ReferenceDateType"/>
  <xs:element name="getNationalitiesResponse" type="mes:NationalitiesType"/>
  <xs:element name="getNationalityHistoryRequest" type="mes:NationalityHistoryRequestType"/>
  <xs:element name="getNationalityHistoryResponse" type="mes:NationalitiesType"/>
  <xs:complexType name="NationalityRequestType">
    <xs:annotation>
      <xs:documentation></xs:documentation>
    </xs:annotation>
    <xs:sequence>
      <xs:choice>
        <xs:element name="iso-alpha2" type="cou:ISO_3166-1_Alpha2Type"/>
        <xs:element name="iso-alpha3" type="cou:ISO_3166-1_Alpha3Type"/>
        <xs:element name="iso-num3" type="cou:ISO_3166-1_Numeric3Type"/>
        <xs:element name="nis-num3" type="cou:NIS_Numeric3Type"/>
      </xs:choice>
    </xs:sequence>
  </xs:complexType>
  <xs:complexType name="NationalitiesType">
    <xs:annotation>
      <xs:documentation></xs:documentation>
    </xs:annotation>
    <xs:sequence>
      <xs:element name="nationality" type="mes:NationalityType" minOccurs="0" maxOccurs="unbounded"/>
    </xs:sequence>
  </xs:complexType>
  <xs:complexType name="NationalityType">
    <xs:annotation>
      <xs:documentation></xs:documentation>
    </xs:annotation>
    <xs:complexContent>
      <xs:extension base="mes:BusinessEntityType">
        <xs:sequence>
          <xs:element name="name" type="sim:NameType" maxOccurs="unbounded"/>
          <xs:element name="mainTerritory" type="cou:TerritoryType"/>
          <xs:element name="subTerritory" type="cou:TerritoryType" minOccurs="0" maxOccurs="unbounded"/>
        </xs:sequence>
      </xs:extension>
    </xs:complexContent>
  </xs:complexType>
  <xs:complexType name="NationalityHistoryRequestType">
    <xs:annotation>
      <xs:documentation></xs:documentation>
    </xs:annotation>
    <xs:sequence>
      <xs:choice>
        <xs:element name="iso-alpha3" type="cou:ISO_3166-1_Alpha3Type"/>
      </xs:choice>
      <xs:element name="referenceDate" type="xs:date" minOccurs="0"/>
    </xs:sequence>
  </xs:complexType>
  <xs:element name="getAddressCountryRequest" type="mes:AddressCountryRequestType"/>
  <xs:element name="getAddressCountryResponse" type="mes:AddressCountriesType"/>
  <xs:element name="getAddressCountriesRequest" type="mes:ReferenceDateType"/>
  <xs:element name="getAddressCountriesResponse" type="mes:AddressCountriesType"/>
  <xs:element name="getAddressCountryHistoryRequest" type="mes:AddressCountryHistoryRequestType"/>
  <xs:element name="getAddressCountryHistoryResponse" type="mes:AddressCountriesType"/>
  <xs:complexType name="AddressCountryRequestType">
    <xs:annotation>
      <xs:documentation></xs:documentation>
    </xs:annotation>
    <xs:sequence>
      <xs:choice>
        <xs:element name="iso-alpha2" type="cou:ISO_3166-1_Alpha2Type"/>
        <xs:element name="iso-alpha3" type="cou:ISO_3166-1_Alpha3Type"/>
        <xs:element name="iso-num3" type="cou:ISO_3166-1_Numeric3Type"/>
        <xs:element name="nis-num3" type="cou:NIS_Numeric3Type"/>
      </xs:choice>
    </xs:sequence>
  </xs:complexType>
  <xs:complexType name="AddressCountriesType">
    <xs:annotation>
      <xs:documentation></xs:documentation>
    </xs:annotation>
    <xs:sequence>
      <xs:element name="addressCountry" type="mes:AddressCountryType" minOccurs="0" maxOccurs="unbounded"/>
    </xs:sequence>
  </xs:complexType>
  <xs:complexType name="AddressCountryType">
    <xs:annotation>
      <xs:documentation></xs:documentation>
    </xs:annotation>
    <xs:complexContent>
      <xs:extension base="mes:BusinessEntityType">
        <xs:sequence>
          <xs:element name="name" type="sim:NameType" maxOccurs="unbounded"/>
          <xs:element name="mainTerritory" type="cou:TerritoryType"/>
          <xs:element name="subTerritory" type="cou:TerritoryType" minOccurs="0" maxOccurs="unbounded"/>
        </xs:sequence>
      </xs:extension>
    </xs:complexContent>
  </xs:complexType>
  <xs:complexType name="AddressCountryHistoryRequestType">
    <xs:annotation>
      <xs:documentation></xs:documentation>
    </xs:annotation>
    <xs:sequence>
      <xs:element name="iso-alpha2" type="cou:ISO_3166-1_Alpha2Type"/>
      <xs:element name="referenceDate" type="xs:date" minOccurs="0"/>
    </xs:sequence>
  </xs:complexType>
  <xs:element name="getPlaceCountryRequest" type="mes:PlaceCountryRequestType"/>
  <xs:element name="getPlaceCountryResponse" type="mes:PlaceCountriesType"/>
  <xs:element name="getPlaceCountriesRequest" type="mes:ReferenceDateType"/>
  <xs:element name="getPlaceCountriesResponse" type="mes:PlaceCountriesType"/>
  <xs:element name="getPlaceCountryHistoryRequest" type="mes:PlaceCountryHistoryRequestType"/>
  <xs:element name="getPlaceCountryHistoryResponse" type="mes:PlaceCountriesType"/>
  <xs:complexType name="PlaceCountryRequestType">
    <xs:annotation>
      <xs:documentation></xs:documentation>
    </xs:annotation>
    <xs:sequence>
      <xs:choice>
        <xs:element name="iso-alpha2" type="cou:ISO_3166-1_Alpha2Type"/>
        <xs:element name="iso-alpha3" type="cou:ISO_3166-1_Alpha3Type"/>
        <xs:element name="iso-num3" type="cou:ISO_3166-1_Numeric3Type"/>
        <xs:element name="nis-num3" type="cou:NIS_Numeric3Type"/>
      </xs:choice>
    </xs:sequence>
  </xs:complexType>
  <xs:complexType name="PlaceCountriesType">
    <xs:annotation>
      <xs:documentation></xs:documentation>
    </xs:annotation>
    <xs:sequence>
      <xs:element name="placeCountry" type="mes:PlaceCountryType" minOccurs="0" maxOccurs="unbounded"/>
    </xs:sequence>
  </xs:complexType>
  <xs:complexType name="PlaceCountryType">
    <xs:annotation>
      <xs:documentation></xs:documentation>
    </xs:annotation>
    <xs:complexContent>
      <xs:extension base="mes:BusinessEntityType">
        <xs:sequence>
          <xs:element name="name" type="sim:NameType" maxOccurs="unbounded"/>
          <xs:element name="mainTerritory" type="cou:TerritoryType"/>
          <xs:element name="subTerritory" type="cou:TerritoryType" minOccurs="0" maxOccurs="unbounded"/>
        </xs:sequence>
      </xs:extension>
    </xs:complexContent>
  </xs:complexType>
  <xs:complexType name="PlaceCountryHistoryRequestType">
    <xs:annotation>
      <xs:documentation></xs:documentation>
    </xs:annotation>
    <xs:sequence>
      <xs:element name="iso-alpha2" type="cou:ISO_3166-1_Alpha2Type"/>
      <xs:element name="referenceDate" type="xs:date" minOccurs="0"/>
    </xs:sequence>
  </xs:complexType>
</xs:schema>]]></con:content><con:type>http://www.w3.org/2001/XMLSchema</con:type></con:part></con:definitionCache><con:endpoints><con:endpoint>http://fidus.brussels/services/countryservice/v1</con:endpoint><con:endpoint>http://localhost.localdomain:8088/mockCountryServiceHTTPBinding</con:endpoint><con:endpoint>https://192.168.24.16:8443/services/CountryService_v1.0</con:endpoint><con:endpoint>https://192.168.24.17:8443/services/CountryService_v1.0</con:endpoint><con:endpoint>https://192.168.36.61:8243/services/CountryService_v1.0</con:endpoint><con:endpoint>https://fidus-esb-sg.sta.srv.cirb.lan:8443/services/CountryService_v1.0</con:endpoint><con:endpoint>https://fidus.irisnetlab.be/services/CountryService_v1.0</con:endpoint><con:endpoint>https://fidus.sec.brussels/services/CountryService_v1.0</con:endpoint><con:endpoint>https://localhost:8243/services/CountryService_v1.9</con:endpoint></con:endpoints><con:operation id="c7de3639-11f9-4eaa-95eb-b06853bd53a6" isOneWay="false" action="http://fidus.brussels/services/countryservice/getAddressCountries" name="getAddressCountries" bindingOperationName="getAddressCountries" type="Request-Response" inputName="" receivesAttachments="false" sendsAttachments="false" anonymous="optional"><con:settings/><con:call id="ade548af-db49-4392-a1c7-f98910a004d1" name="01 - Local - Request" outgoingWss="Outflow DEV" incomingWss="Inflow DEV"><con:settings><con:setting id="com.eviware.soapui.impl.wsdl.WsdlRequest@request-headers">&lt;xml-fragment/></con:setting></con:settings><con:encoding>UTF-8</con:encoding><con:endpoint>https://localhost:8243/services/CountryService_v1.0</con:endpoint><con:request><![CDATA[<soapenv:Envelope xmlns:soapenv="http://schemas.xmlsoap.org/soap/envelope/" xmlns:v1="http://fidus.brussels/service/countryservice/messages/v1" xmlns:v11="http://fidus.brussels/type/common/messages/v1">
   <soapenv:Header/>
   <soapenv:Body>
      <v1:getAddressCountriesRequest>
         <v1:messageContext>
            <v11:messageId>${=import static java.util.UUID.randomUUID; uuid = randomUUID() as String}</v11:messageId>
            <!--Optional:-->
            <v11:timestamp>${=new java.text.SimpleDateFormat("yyyy-MM-dd'T'HH:mm:ss.SSS").format(new Date())}</v11:timestamp>
         </v1:messageContext>
         <v1:legalContext>ServiceIntegrator</v1:legalContext>
         <v1:request>
            <!--Optional:-->
            <v1:referenceDate>2016-10-10</v1:referenceDate>
         </v1:request>
      </v1:getAddressCountriesRequest>
   </soapenv:Body>
</soapenv:Envelope>]]></con:request><con:credentials><con:selectedAuthProfile>Basic</con:selectedAuthProfile><con:addedBasicAuthenticationTypes>Basic</con:addedBasicAuthenticationTypes><con:authType>Global HTTP Settings</con:authType></con:credentials><con:jmsConfig JMSDeliveryMode="PERSISTENT"/><con:jmsPropertyConfig/><con:wsaConfig mustUnderstand="NONE" version="200508" action="http://fidus.brussels/services/countryservice/getAddressCountries"/><con:wsrmConfig version="1.2"/></con:call><con:call id="1fdb6037-7cce-4574-b2c3-08b1c013db81" name="01 - Local - Request-Invalid_date" outgoingWss="Outflow DEV" incomingWss="Inflow DEV"><con:settings><con:setting id="com.eviware.soapui.impl.wsdl.WsdlRequest@request-headers">&lt;xml-fragment/></con:setting></con:settings><con:encoding>UTF-8</con:encoding><con:endpoint>https://localhost:8243/services/CountryService_v1.0</con:endpoint><con:request><![CDATA[<soapenv:Envelope xmlns:soapenv="http://schemas.xmlsoap.org/soap/envelope/" xmlns:v1="http://fidus.brussels/service/countryservice/messages/v1" xmlns:v11="http://fidus.brussels/type/common/messages/v1">
   <soapenv:Header/>
   <soapenv:Body>
      <v1:getAddressCountriesRequest>
         <v1:messageContext>
            <v11:messageId>${=import static java.util.UUID.randomUUID; uuid = randomUUID() as String}</v11:messageId>
            <!--Optional:-->
            <v11:timestamp>${=new java.text.SimpleDateFormat("yyyy-MM-dd'T'HH:mm:ss.SSS").format(new Date())}</v11:timestamp>
         </v1:messageContext>
         <v1:legalContext>ServiceIntegrator</v1:legalContext>
         <v1:request>
            <!--Optional:-->
            <v1:referenceDate>2016-12-35</v1:referenceDate>
         </v1:request>
      </v1:getAddressCountriesRequest>
   </soapenv:Body>
</soapenv:Envelope>]]></con:request><con:credentials><con:selectedAuthProfile>Basic</con:selectedAuthProfile><con:addedBasicAuthenticationTypes>Basic</con:addedBasicAuthenticationTypes><con:authType>Global HTTP Settings</con:authType></con:credentials><con:jmsConfig JMSDeliveryMode="PERSISTENT"/><con:jmsPropertyConfig/><con:wsaConfig mustUnderstand="NONE" version="200508" action="http://fidus.brussels/services/countryservice/getAddressCountries"/><con:wsrmConfig version="1.2"/></con:call><con:call id="3169e68b-d25c-4d59-befe-1a6cdc95aef2" name="03 - Test Worker1 - Request" outgoingWss="Outflow TEST" incomingWss="Inflow TEST"><con:settings><con:setting id="com.eviware.soapui.impl.wsdl.WsdlRequest@request-headers">&lt;xml-fragment/></con:setting></con:settings><con:encoding>UTF-8</con:encoding><con:endpoint>https://192.168.24.16:8443/services/CountryService_v1.0</con:endpoint><con:request><![CDATA[<soapenv:Envelope xmlns:soapenv="http://schemas.xmlsoap.org/soap/envelope/" xmlns:v1="http://fidus.brussels/service/countryservice/messages/v1" xmlns:v11="http://fidus.brussels/type/common/messages/v1">
   <soapenv:Header/>
   <soapenv:Body>
      <v1:getAddressCountriesRequest>
         <v1:messageContext>
            <v11:messageId>${=import static java.util.UUID.randomUUID; uuid = randomUUID() as String}</v11:messageId>
            <!--Optional:-->
            <v11:timestamp>${=new java.text.SimpleDateFormat("yyyy-MM-dd'T'HH:mm:ss.SSS").format(new Date())}</v11:timestamp>
         </v1:messageContext>
         <v1:legalContext>ServiceIntegrator</v1:legalContext>
         <v1:request>
            <!--Optional:-->
            <v1:referenceDate>2016-10-10</v1:referenceDate>
         </v1:request>
      </v1:getAddressCountriesRequest>
   </soapenv:Body>
</soapenv:Envelope>]]></con:request><con:credentials><con:selectedAuthProfile>Basic</con:selectedAuthProfile><con:addedBasicAuthenticationTypes>Basic</con:addedBasicAuthenticationTypes><con:authType>Global HTTP Settings</con:authType></con:credentials><con:jmsConfig JMSDeliveryMode="PERSISTENT"/><con:jmsPropertyConfig/><con:wsaConfig mustUnderstand="NONE" version="200508" action="http://fidus.brussels/services/countryservice/getAddressCountries"/><con:wsrmConfig version="1.2"/></con:call><con:call id="9a9ff1e5-11c3-4dcd-8863-bc5b67c60ee8" name="02 - Dev - Request" outgoingWss="Outflow DEV" incomingWss="Inflow DEV"><con:settings><con:setting id="com.eviware.soapui.impl.wsdl.WsdlRequest@request-headers">&lt;xml-fragment/></con:setting></con:settings><con:encoding>UTF-8</con:encoding><con:endpoint>https://192.168.36.61:8243/services/CountryService_v1.0</con:endpoint><con:request><![CDATA[<soapenv:Envelope xmlns:soapenv="http://schemas.xmlsoap.org/soap/envelope/" xmlns:v1="http://fidus.brussels/service/countryservice/messages/v1" xmlns:v11="http://fidus.brussels/type/common/messages/v1">
   <soapenv:Header/>
   <soapenv:Body>
      <v1:getAddressCountriesRequest>
         <v1:messageContext>
            <v11:messageId>${=import static java.util.UUID.randomUUID; uuid = randomUUID() as String}</v11:messageId>
            <!--Optional:-->
            <v11:timestamp>${=new java.text.SimpleDateFormat("yyyy-MM-dd'T'HH:mm:ss.SSS").format(new Date())}</v11:timestamp>
         </v1:messageContext>
         <v1:legalContext>ServiceIntegrator</v1:legalContext>
         <v1:request>
            <!--Optional:-->
            <v1:referenceDate>2016-10-10</v1:referenceDate>
         </v1:request>
      </v1:getAddressCountriesRequest>
   </soapenv:Body>
</soapenv:Envelope>]]></con:request><con:credentials><con:selectedAuthProfile>Basic</con:selectedAuthProfile><con:addedBasicAuthenticationTypes>Basic</con:addedBasicAuthenticationTypes><con:authType>Global HTTP Settings</con:authType></con:credentials><con:jmsConfig JMSDeliveryMode="PERSISTENT"/><con:jmsPropertyConfig/><con:wsaConfig mustUnderstand="NONE" version="200508" action="http://fidus.brussels/services/countryservice/getAddressCountries"/><con:wsrmConfig version="1.2"/></con:call><con:call id="e6ec12a5-ba29-46e8-827a-67d49db5dcbc" name="03 - Test Worker2 - Request" outgoingWss="Outflow TEST" incomingWss="Inflow TEST"><con:settings><con:setting id="com.eviware.soapui.impl.wsdl.WsdlRequest@request-headers">&lt;xml-fragment/></con:setting></con:settings><con:encoding>UTF-8</con:encoding><con:endpoint>https://192.168.24.17:8443/services/CountryService_v1.0</con:endpoint><con:request><![CDATA[<soapenv:Envelope xmlns:soapenv="http://schemas.xmlsoap.org/soap/envelope/" xmlns:v1="http://fidus.brussels/service/countryservice/messages/v1" xmlns:v11="http://fidus.brussels/type/common/messages/v1">
   <soapenv:Header/>
   <soapenv:Body>
      <v1:getAddressCountriesRequest>
         <v1:messageContext>
            <v11:messageId>${=import static java.util.UUID.randomUUID; uuid = randomUUID() as String}</v11:messageId>
            <!--Optional:-->
            <v11:timestamp>${=new java.text.SimpleDateFormat("yyyy-MM-dd'T'HH:mm:ss.SSS").format(new Date())}</v11:timestamp>
         </v1:messageContext>
         <v1:legalContext>ServiceIntegrator</v1:legalContext>
         <v1:request>
            <!--Optional:-->
            <v1:referenceDate>2016-10-10</v1:referenceDate>
         </v1:request>
      </v1:getAddressCountriesRequest>
   </soapenv:Body>
</soapenv:Envelope>]]></con:request><con:credentials><con:selectedAuthProfile>Basic</con:selectedAuthProfile><con:addedBasicAuthenticationTypes>Basic</con:addedBasicAuthenticationTypes><con:authType>Global HTTP Settings</con:authType></con:credentials><con:jmsConfig JMSDeliveryMode="PERSISTENT"/><con:jmsPropertyConfig/><con:wsaConfig mustUnderstand="NONE" version="200508" action="http://fidus.brussels/services/countryservice/getAddressCountries"/><con:wsrmConfig version="1.2"/></con:call><con:call id="56087fb3-5d9f-4eaf-b81c-e50293dd98af" name="03 - Test External - Request" outgoingWss="Outflow TEST" incomingWss="Inflow TEST"><con:settings><con:setting id="com.eviware.soapui.impl.wsdl.WsdlRequest@request-headers">&lt;xml-fragment/></con:setting></con:settings><con:encoding>UTF-8</con:encoding><con:endpoint>https://fidus-test.irisnetlab.be/services/CountryService_v1.0</con:endpoint><con:request><![CDATA[<soapenv:Envelope xmlns:soapenv="http://schemas.xmlsoap.org/soap/envelope/" xmlns:v1="http://fidus.brussels/service/countryservice/messages/v1" xmlns:v11="http://fidus.brussels/type/common/messages/v1">
   <soapenv:Header/>
   <soapenv:Body>
      <v1:getAddressCountriesRequest>
         <v1:messageContext>
            <v11:messageId>${=import static java.util.UUID.randomUUID; uuid = randomUUID() as String}</v11:messageId>
            <!--Optional:-->
            <v11:timestamp>${=new java.text.SimpleDateFormat("yyyy-MM-dd'T'HH:mm:ss.SSS").format(new Date())}</v11:timestamp>
         </v1:messageContext>
         <v1:legalContext>ServiceIntegrator</v1:legalContext>
         <v1:request>
            <!--Optional:-->
            <v1:referenceDate>2016-10-10</v1:referenceDate>
         </v1:request>
      </v1:getAddressCountriesRequest>
   </soapenv:Body>
</soapenv:Envelope>]]></con:request><con:credentials><con:selectedAuthProfile>Basic</con:selectedAuthProfile><con:addedBasicAuthenticationTypes>Basic</con:addedBasicAuthenticationTypes><con:authType>Global HTTP Settings</con:authType></con:credentials><con:jmsConfig JMSDeliveryMode="PERSISTENT"/><con:jmsPropertyConfig/><con:wsaConfig mustUnderstand="NONE" version="200508" action="http://fidus.brussels/services/countryservice/getAddressCountries"/><con:wsrmConfig version="1.2"/></con:call><con:call id="0f6ca71d-c92e-438d-b201-dfca7f5afb82" name="03 - Test LB - Request" outgoingWss="Outflow TEST" incomingWss="Inflow TEST"><con:settings><con:setting id="com.eviware.soapui.impl.wsdl.WsdlRequest@request-headers">&lt;xml-fragment/></con:setting></con:settings><con:encoding>UTF-8</con:encoding><con:endpoint>https://fidus-esb-sg.sta.srv.cirb.lan:8443/services/CountryService_v1.0</con:endpoint><con:request><![CDATA[<soapenv:Envelope xmlns:soapenv="http://schemas.xmlsoap.org/soap/envelope/" xmlns:v1="http://fidus.brussels/service/countryservice/messages/v1" xmlns:v11="http://fidus.brussels/type/common/messages/v1">
   <soapenv:Header/>
   <soapenv:Body>
      <v1:getAddressCountriesRequest>
         <v1:messageContext>
            <v11:messageId>${=import static java.util.UUID.randomUUID; uuid = randomUUID() as String}</v11:messageId>
            <!--Optional:-->
            <v11:timestamp>${=new java.text.SimpleDateFormat("yyyy-MM-dd'T'HH:mm:ss.SSS").format(new Date())}</v11:timestamp>
         </v1:messageContext>
         <v1:legalContext>ServiceIntegrator</v1:legalContext>
         <v1:request>
            <!--Optional:-->
            <v1:referenceDate>2016-10-10</v1:referenceDate>
         </v1:request>
      </v1:getAddressCountriesRequest>
   </soapenv:Body>
</soapenv:Envelope>]]></con:request><con:credentials><con:selectedAuthProfile>Basic</con:selectedAuthProfile><con:addedBasicAuthenticationTypes>Basic</con:addedBasicAuthenticationTypes><con:authType>Global HTTP Settings</con:authType></con:credentials><con:jmsConfig JMSDeliveryMode="PERSISTENT"/><con:jmsPropertyConfig/><con:wsaConfig mustUnderstand="NONE" version="200508" action="http://fidus.brussels/services/countryservice/getAddressCountries"/><con:wsrmConfig version="1.2"/></con:call><con:call id="adfe9d4c-f3e0-4e8f-93db-e2d0b0e8db73" name="04 - Staging External - Request" outgoingWss="Outflow STAGING" incomingWss="Inflow STAGING"><con:settings><con:setting id="com.eviware.soapui.impl.wsdl.WsdlRequest@request-headers">&lt;xml-fragment/></con:setting></con:settings><con:encoding>UTF-8</con:encoding><con:endpoint>https://fidus.irisnetlab.be/services/CountryService_v1.0</con:endpoint><con:request><![CDATA[<soapenv:Envelope xmlns:soapenv="http://schemas.xmlsoap.org/soap/envelope/" xmlns:v1="http://fidus.brussels/service/countryservice/messages/v1" xmlns:v11="http://fidus.brussels/type/common/messages/v1">
   <soapenv:Header/>
   <soapenv:Body>
      <v1:getAddressCountriesRequest>
         <v1:messageContext>
            <v11:messageId>${=import static java.util.UUID.randomUUID; uuid = randomUUID() as String}</v11:messageId>
            <!--Optional:-->
            <v11:timestamp>${=new java.text.SimpleDateFormat("yyyy-MM-dd'T'HH:mm:ss.SSS").format(new Date())}</v11:timestamp>
         </v1:messageContext>
         <v1:legalContext>ServiceIntegrator</v1:legalContext>
         <v1:request>
            <!--Optional:-->
            <v1:referenceDate>2016-10-10</v1:referenceDate>
         </v1:request>
      </v1:getAddressCountriesRequest>
   </soapenv:Body>
</soapenv:Envelope>]]></con:request><con:credentials><con:selectedAuthProfile>Basic</con:selectedAuthProfile><con:addedBasicAuthenticationTypes>Basic</con:addedBasicAuthenticationTypes><con:authType>Global HTTP Settings</con:authType></con:credentials><con:jmsConfig JMSDeliveryMode="PERSISTENT"/><con:jmsPropertyConfig/><con:wsaConfig mustUnderstand="NONE" version="200508" action="http://fidus.brussels/services/countryservice/getAddressCountries"/><con:wsrmConfig version="1.2"/></con:call><con:call id="6e78ba1a-81ae-4c7f-8ef8-cb34b5051242" name="04 - Staging LB - Request" outgoingWss="Outflow STAGING" incomingWss="Inflow STAGING"><con:settings><con:setting id="com.eviware.soapui.impl.wsdl.WsdlRequest@request-headers">&lt;xml-fragment/></con:setting></con:settings><con:encoding>UTF-8</con:encoding><con:endpoint>https://fidus-esb-sg.sta.srv.cirb.lan:8443/services/CountryService_v1.0</con:endpoint><con:request><![CDATA[<soapenv:Envelope xmlns:soapenv="http://schemas.xmlsoap.org/soap/envelope/" xmlns:v1="http://fidus.brussels/service/countryservice/messages/v1" xmlns:v11="http://fidus.brussels/type/common/messages/v1">
   <soapenv:Header/>
   <soapenv:Body>
      <v1:getAddressCountriesRequest>
         <v1:messageContext>
            <v11:messageId>${=import static java.util.UUID.randomUUID; uuid = randomUUID() as String}</v11:messageId>
            <!--Optional:-->
            <v11:timestamp>${=new java.text.SimpleDateFormat("yyyy-MM-dd'T'HH:mm:ss.SSS").format(new Date())}</v11:timestamp>
         </v1:messageContext>
         <v1:legalContext>ServiceIntegrator</v1:legalContext>
         <v1:request>
            <!--Optional:-->
            <v1:referenceDate>2016-10-10</v1:referenceDate>
         </v1:request>
      </v1:getAddressCountriesRequest>
   </soapenv:Body>
</soapenv:Envelope>]]></con:request><con:credentials><con:selectedAuthProfile>Basic</con:selectedAuthProfile><con:addedBasicAuthenticationTypes>Basic</con:addedBasicAuthenticationTypes><con:authType>Global HTTP Settings</con:authType></con:credentials><con:jmsConfig JMSDeliveryMode="PERSISTENT"/><con:jmsPropertyConfig/><con:wsaConfig mustUnderstand="NONE" version="200508" action="http://fidus.brussels/services/countryservice/getAddressCountries"/><con:wsrmConfig version="1.2"/></con:call><con:call id="fea5614a-e511-4b22-be3d-2531b8b4718e" name="04 - Staging Worker1 - Request" outgoingWss="Outflow STAGING" incomingWss="Inflow STAGING"><con:settings><con:setting id="com.eviware.soapui.impl.wsdl.WsdlRequest@request-headers">&lt;xml-fragment/></con:setting></con:settings><con:encoding>UTF-8</con:encoding><con:endpoint>https://192.168.24.16:8443/services/CountryService_v1.0</con:endpoint><con:request><![CDATA[<soapenv:Envelope xmlns:soapenv="http://schemas.xmlsoap.org/soap/envelope/" xmlns:v1="http://fidus.brussels/service/countryservice/messages/v1" xmlns:v11="http://fidus.brussels/type/common/messages/v1">
   <soapenv:Header/>
   <soapenv:Body>
      <v1:getAddressCountriesRequest>
         <v1:messageContext>
            <v11:messageId>${=import static java.util.UUID.randomUUID; uuid = randomUUID() as String}</v11:messageId>
            <!--Optional:-->
            <v11:timestamp>${=new java.text.SimpleDateFormat("yyyy-MM-dd'T'HH:mm:ss.SSS").format(new Date())}</v11:timestamp>
         </v1:messageContext>
         <v1:legalContext>ServiceIntegrator</v1:legalContext>
         <v1:request>
            <!--Optional:-->
            <v1:referenceDate>2016-10-10</v1:referenceDate>
         </v1:request>
      </v1:getAddressCountriesRequest>
   </soapenv:Body>
</soapenv:Envelope>]]></con:request><con:credentials><con:selectedAuthProfile>Basic</con:selectedAuthProfile><con:addedBasicAuthenticationTypes>Basic</con:addedBasicAuthenticationTypes><con:authType>Global HTTP Settings</con:authType></con:credentials><con:jmsConfig JMSDeliveryMode="PERSISTENT"/><con:jmsPropertyConfig/><con:wsaConfig mustUnderstand="NONE" version="200508" action="http://fidus.brussels/services/countryservice/getAddressCountries"/><con:wsrmConfig version="1.2"/></con:call><con:call id="4ef9a1c6-49d6-444d-9ddc-e5976c4b5be7" name="04 - Staging Worker2 - Request" outgoingWss="Outflow STAGING" incomingWss="Inflow STAGING"><con:settings><con:setting id="com.eviware.soapui.impl.wsdl.WsdlRequest@request-headers">&lt;xml-fragment/></con:setting></con:settings><con:encoding>UTF-8</con:encoding><con:endpoint>https://192.168.24.17:8443/services/CountryService_v1.0</con:endpoint><con:request><![CDATA[<soapenv:Envelope xmlns:soapenv="http://schemas.xmlsoap.org/soap/envelope/" xmlns:v1="http://fidus.brussels/service/countryservice/messages/v1" xmlns:v11="http://fidus.brussels/type/common/messages/v1">
   <soapenv:Header/>
   <soapenv:Body>
      <v1:getAddressCountriesRequest>
         <v1:messageContext>
            <v11:messageId>${=import static java.util.UUID.randomUUID; uuid = randomUUID() as String}</v11:messageId>
            <!--Optional:-->
            <v11:timestamp>${=new java.text.SimpleDateFormat("yyyy-MM-dd'T'HH:mm:ss.SSS").format(new Date())}</v11:timestamp>
         </v1:messageContext>
         <v1:legalContext>ServiceIntegrator</v1:legalContext>
         <v1:request>
            <!--Optional:-->
            <v1:referenceDate>2016-10-10</v1:referenceDate>
         </v1:request>
      </v1:getAddressCountriesRequest>
   </soapenv:Body>
</soapenv:Envelope>]]></con:request><con:credentials><con:selectedAuthProfile>Basic</con:selectedAuthProfile><con:addedBasicAuthenticationTypes>Basic</con:addedBasicAuthenticationTypes><con:authType>Global HTTP Settings</con:authType></con:credentials><con:jmsConfig JMSDeliveryMode="PERSISTENT"/><con:jmsPropertyConfig/><con:wsaConfig mustUnderstand="NONE" version="200508" action="http://fidus.brussels/services/countryservice/getAddressCountries"/><con:wsrmConfig version="1.2"/></con:call><con:call id="d4427617-0988-499b-bcda-514c97ce1920" name="05 - Prod - External - Request" outgoingWss="Outflow PROD" incomingWss="Inflow PROD"><con:settings><con:setting id="com.eviware.soapui.impl.wsdl.WsdlRequest@request-headers">&lt;xml-fragment/></con:setting></con:settings><con:encoding>UTF-8</con:encoding><con:endpoint>https://fidus.sec.brussels/services/CountryService_v1.0</con:endpoint><con:request><![CDATA[<soapenv:Envelope xmlns:soapenv="http://schemas.xmlsoap.org/soap/envelope/" xmlns:v1="http://fidus.brussels/service/countryservice/messages/v1" xmlns:v11="http://fidus.brussels/type/common/messages/v1">
   <soapenv:Header/>
   <soapenv:Body>
      <v1:getAddressCountriesRequest>
         <v1:messageContext>
            <v11:messageId>${=import static java.util.UUID.randomUUID; uuid = randomUUID() as String}</v11:messageId>
            <!--Optional:-->
            <v11:timestamp>${=new java.text.SimpleDateFormat("yyyy-MM-dd'T'HH:mm:ss.SSS").format(new Date())}</v11:timestamp>
         </v1:messageContext>
         <v1:legalContext>ServiceIntegrator</v1:legalContext>
         <v1:request>
            <!--Optional:-->
            <v1:referenceDate>2016-10-10</v1:referenceDate>
         </v1:request>
      </v1:getAddressCountriesRequest>
   </soapenv:Body>
</soapenv:Envelope>]]></con:request><con:credentials><con:selectedAuthProfile>Basic</con:selectedAuthProfile><con:addedBasicAuthenticationTypes>Basic</con:addedBasicAuthenticationTypes><con:authType>Global HTTP Settings</con:authType></con:credentials><con:jmsConfig JMSDeliveryMode="PERSISTENT"/><con:jmsPropertyConfig/><con:wsaConfig mustUnderstand="NONE" version="200508" action="http://fidus.brussels/services/countryservice/getAddressCountries"/><con:wsrmConfig version="1.2"/></con:call><con:call id="bb4d74a6-d8b6-4521-9f32-3a9d24e5421d" name="02 - DevNew - Request" outgoingWss="Outflow DEV" incomingWss="Inflow DEV"><con:settings><con:setting id="com.eviware.soapui.impl.wsdl.WsdlRequest@request-headers">&lt;xml-fragment/></con:setting></con:settings><con:encoding>UTF-8</con:encoding><con:endpoint>https://192.168.36.75:8243/services/CountryService_v1.0</con:endpoint><con:request><![CDATA[<soapenv:Envelope xmlns:soapenv="http://schemas.xmlsoap.org/soap/envelope/" xmlns:v1="http://fidus.brussels/service/countryservice/messages/v1" xmlns:v11="http://fidus.brussels/type/common/messages/v1">
   <soapenv:Header/>
   <soapenv:Body>
      <v1:getAddressCountriesRequest>
         <v1:messageContext>
            <v11:messageId>${=import static java.util.UUID.randomUUID; uuid = randomUUID() as String}</v11:messageId>
            <!--Optional:-->
            <v11:timestamp>${=new java.text.SimpleDateFormat("yyyy-MM-dd'T'HH:mm:ss.SSS").format(new Date())}</v11:timestamp>
         </v1:messageContext>
         <v1:legalContext>ServiceIntegrator</v1:legalContext>
         <v1:request>
            <!--Optional:-->
            <v1:referenceDate>2016-10-10</v1:referenceDate>
         </v1:request>
      </v1:getAddressCountriesRequest>
   </soapenv:Body>
</soapenv:Envelope>]]></con:request><con:credentials><con:selectedAuthProfile>Basic</con:selectedAuthProfile><con:addedBasicAuthenticationTypes>Basic</con:addedBasicAuthenticationTypes><con:authType>Global HTTP Settings</con:authType></con:credentials><con:jmsConfig JMSDeliveryMode="PERSISTENT"/><con:jmsPropertyConfig/><con:wsaConfig mustUnderstand="NONE" version="200508" action="http://fidus.brussels/services/countryservice/getAddressCountries"/><con:wsrmConfig version="1.2"/></con:call></con:operation><con:operation id="ce570cb8-0123-47f9-b8c7-3283d348c5f1" isOneWay="false" action="http://fidus.brussels/services/countryservice/getAddressCountry" name="getAddressCountry" bindingOperationName="getAddressCountry" type="Request-Response" inputName="" receivesAttachments="false" sendsAttachments="false" anonymous="optional"><con:settings/><con:call id="be784c6b-2d8e-417d-a0b9-bd668bdc8bad" name="01 - Local - Request" outgoingWss="Outflow DEV" incomingWss="Inflow DEV"><con:settings><con:setting id="com.eviware.soapui.impl.wsdl.WsdlRequest@request-headers">&lt;xml-fragment/></con:setting></con:settings><con:encoding>UTF-8</con:encoding><con:endpoint>https://localhost:8243/services/CountryService_v1.0</con:endpoint><con:request><![CDATA[<soapenv:Envelope xmlns:soapenv="http://schemas.xmlsoap.org/soap/envelope/" xmlns:v1="http://fidus.brussels/service/countryservice/messages/v1" xmlns:v11="http://fidus.brussels/type/common/messages/v1" xmlns:v12="http://fsb.belgium.be/mappingServices/countryService/messages/v1_00">
   <soapenv:Header/>
   <soapenv:Body>
      <v1:getAddressCountryRequest>
         <v1:messageContext>
            <v11:messageId>${=import static java.util.UUID.randomUUID; uuid = randomUUID() as String}</v11:messageId>
            <!--Optional:-->
            <v11:timestamp>${=new java.text.SimpleDateFormat("yyyy-MM-dd'T'HH:mm:ss.SSS").format(new Date())}</v11:timestamp>
         </v1:messageContext>
         <v1:legalContext>ServiceIntegrator</v1:legalContext>
         <v1:request>
            <!--You have a CHOICE of the next 4 items at this level-->
            <v12:iso-alpha2>BE</v12:iso-alpha2>
            <!--<v12:iso-alpha3 startDate="?" endDate="?" status="?">?</v12:iso-alpha3>-->
            <!--<v12:iso-num3 startDate="?" endDate="?" status="?">?</v12:iso-num3>-->
            <!--<v12:nis-num3 startDate="?" endDate="?" status="?">?</v12:nis-num3>-->
         </v1:request>
      </v1:getAddressCountryRequest>
   </soapenv:Body>
</soapenv:Envelope>]]></con:request><con:credentials><con:selectedAuthProfile>Basic</con:selectedAuthProfile><con:addedBasicAuthenticationTypes>Basic</con:addedBasicAuthenticationTypes><con:authType>Global HTTP Settings</con:authType></con:credentials><con:jmsConfig JMSDeliveryMode="PERSISTENT"/><con:jmsPropertyConfig/><con:wsaConfig mustUnderstand="NONE" version="200508" action="http://fidus.brussels/services/countryservice/getAddressCountry"/><con:wsrmConfig version="1.2"/></con:call><con:call id="91be220b-52f1-4934-95f8-45f5b5c067fe" name="01 - Local - Request-Invalid_Iso-alpha2" outgoingWss="Outflow DEV" incomingWss="Inflow DEV"><con:settings><con:setting id="com.eviware.soapui.impl.wsdl.WsdlRequest@request-headers">&lt;xml-fragment/></con:setting></con:settings><con:encoding>UTF-8</con:encoding><con:endpoint>https://localhost:8243/services/CountryService_v1.0</con:endpoint><con:request><![CDATA[<soapenv:Envelope xmlns:soapenv="http://schemas.xmlsoap.org/soap/envelope/" xmlns:v1="http://fidus.brussels/service/countryservice/messages/v1" xmlns:v11="http://fidus.brussels/type/common/messages/v1" xmlns:v12="http://fsb.belgium.be/mappingServices/countryService/messages/v1_00">
   <soapenv:Header/>
   <soapenv:Body>
      <v1:getAddressCountryRequest>
         <v1:messageContext>
            <v11:messageId>${=import static java.util.UUID.randomUUID; uuid = randomUUID() as String}</v11:messageId>
            <!--Optional:-->
            <v11:timestamp>${=new java.text.SimpleDateFormat("yyyy-MM-dd'T'HH:mm:ss.SSS").format(new Date())}</v11:timestamp>
         </v1:messageContext>
         <v1:legalContext>ServiceIntegrator</v1:legalContext>
         <v1:request>
            <!--You have a CHOICE of the next 4 items at this level-->
            <v12:iso-alpha2>XX</v12:iso-alpha2>
            <!--<v12:iso-alpha3 startDate="?" endDate="?" status="?">?</v12:iso-alpha3>-->
            <!--<v12:iso-num3 startDate="?" endDate="?" status="?">?</v12:iso-num3>-->
            <!--<v12:nis-num3 startDate="?" endDate="?" status="?">?</v12:nis-num3>-->
         </v1:request>
      </v1:getAddressCountryRequest>
   </soapenv:Body>
</soapenv:Envelope>]]></con:request><con:credentials><con:selectedAuthProfile>Basic</con:selectedAuthProfile><con:addedBasicAuthenticationTypes>Basic</con:addedBasicAuthenticationTypes><con:authType>Global HTTP Settings</con:authType></con:credentials><con:jmsConfig JMSDeliveryMode="PERSISTENT"/><con:jmsPropertyConfig/><con:wsaConfig mustUnderstand="NONE" version="200508" action="http://fidus.brussels/services/countryservice/getAddressCountry"/><con:wsrmConfig version="1.2"/></con:call><con:call id="d1f37fa5-b199-4144-b98b-9de820f88495" name="02 - Dev - Request" outgoingWss="Outflow DEV" incomingWss="Inflow DEV"><con:settings><con:setting id="com.eviware.soapui.impl.wsdl.WsdlRequest@request-headers">&lt;xml-fragment/></con:setting></con:settings><con:encoding>UTF-8</con:encoding><con:endpoint>https://192.168.36.61:8243/services/CountryService_v1.0</con:endpoint><con:request><![CDATA[<soapenv:Envelope xmlns:soapenv="http://schemas.xmlsoap.org/soap/envelope/" xmlns:v1="http://fidus.brussels/service/countryservice/messages/v1" xmlns:v11="http://fidus.brussels/type/common/messages/v1" xmlns:v12="http://fsb.belgium.be/mappingServices/countryService/messages/v1_00">
   <soapenv:Header/>
   <soapenv:Body>
      <v1:getAddressCountryRequest>
         <v1:messageContext>
            <v11:messageId>${=import static java.util.UUID.randomUUID; uuid = randomUUID() as String}</v11:messageId>
            <!--Optional:-->
            <v11:timestamp>${=new java.text.SimpleDateFormat("yyyy-MM-dd'T'HH:mm:ss.SSS").format(new Date())}</v11:timestamp>
         </v1:messageContext>
         <v1:legalContext>ServiceIntegrator</v1:legalContext>
         <v1:request>
            <!--You have a CHOICE of the next 4 items at this level-->
            <v12:iso-alpha2>BE</v12:iso-alpha2>
            <!--<v12:iso-alpha3 startDate="?" endDate="?" status="?">?</v12:iso-alpha3>-->
            <!--<v12:iso-num3 startDate="?" endDate="?" status="?">?</v12:iso-num3>-->
            <!--<v12:nis-num3 startDate="?" endDate="?" status="?">?</v12:nis-num3>-->
         </v1:request>
      </v1:getAddressCountryRequest>
   </soapenv:Body>
</soapenv:Envelope>]]></con:request><con:credentials><con:selectedAuthProfile>Basic</con:selectedAuthProfile><con:addedBasicAuthenticationTypes>Basic</con:addedBasicAuthenticationTypes><con:authType>Global HTTP Settings</con:authType></con:credentials><con:jmsConfig JMSDeliveryMode="PERSISTENT"/><con:jmsPropertyConfig/><con:wsaConfig mustUnderstand="NONE" version="200508" action="http://fidus.brussels/services/countryservice/getAddressCountry"/><con:wsrmConfig version="1.2"/></con:call><con:call id="82792d46-2e95-492a-855c-f525e08a1334" name="03 - Test External - Request" outgoingWss="Outflow TEST" incomingWss="Inflow TEST"><con:settings><con:setting id="com.eviware.soapui.impl.wsdl.WsdlRequest@request-headers">&lt;xml-fragment/></con:setting></con:settings><con:encoding>UTF-8</con:encoding><con:endpoint>https://fidus-test.irisnetlab.be/services/CountryService_v1.0</con:endpoint><con:request><![CDATA[<soapenv:Envelope xmlns:soapenv="http://schemas.xmlsoap.org/soap/envelope/" xmlns:v1="http://fidus.brussels/service/countryservice/messages/v1" xmlns:v11="http://fidus.brussels/type/common/messages/v1" xmlns:v12="http://fsb.belgium.be/mappingServices/countryService/messages/v1_00">
   <soapenv:Header/>
   <soapenv:Body>
      <v1:getAddressCountryRequest>
         <v1:messageContext>
            <v11:messageId>${=import static java.util.UUID.randomUUID; uuid = randomUUID() as String}</v11:messageId>
            <!--Optional:-->
            <v11:timestamp>${=new java.text.SimpleDateFormat("yyyy-MM-dd'T'HH:mm:ss.SSS").format(new Date())}</v11:timestamp>
         </v1:messageContext>
         <v1:legalContext>ServiceIntegrator</v1:legalContext>
         <v1:request>
            <!--You have a CHOICE of the next 4 items at this level-->
            <v12:iso-alpha2>BE</v12:iso-alpha2>
            <!--<v12:iso-alpha3 startDate="?" endDate="?" status="?">?</v12:iso-alpha3>-->
            <!--<v12:iso-num3 startDate="?" endDate="?" status="?">?</v12:iso-num3>-->
            <!--<v12:nis-num3 startDate="?" endDate="?" status="?">?</v12:nis-num3>-->
         </v1:request>
      </v1:getAddressCountryRequest>
   </soapenv:Body>
</soapenv:Envelope>]]></con:request><con:credentials><con:selectedAuthProfile>Basic</con:selectedAuthProfile><con:addedBasicAuthenticationTypes>Basic</con:addedBasicAuthenticationTypes><con:authType>Global HTTP Settings</con:authType></con:credentials><con:jmsConfig JMSDeliveryMode="PERSISTENT"/><con:jmsPropertyConfig/><con:wsaConfig mustUnderstand="NONE" version="200508" action="http://fidus.brussels/services/countryservice/getAddressCountry"/><con:wsrmConfig version="1.2"/></con:call><con:call id="ec92ab3e-3260-4d50-929d-e6925b35aa24" name="03 - Test LB - Request" outgoingWss="Outflow TEST" incomingWss="Inflow TEST"><con:settings><con:setting id="com.eviware.soapui.impl.wsdl.WsdlRequest@request-headers">&lt;xml-fragment/></con:setting></con:settings><con:encoding>UTF-8</con:encoding><con:endpoint>https://fidus-esb-sg.sta.srv.cirb.lan:8443/services/CountryService_v1.0</con:endpoint><con:request><![CDATA[<soapenv:Envelope xmlns:soapenv="http://schemas.xmlsoap.org/soap/envelope/" xmlns:v1="http://fidus.brussels/service/countryservice/messages/v1" xmlns:v11="http://fidus.brussels/type/common/messages/v1" xmlns:v12="http://fsb.belgium.be/mappingServices/countryService/messages/v1_00">
   <soapenv:Header/>
   <soapenv:Body>
      <v1:getAddressCountryRequest>
         <v1:messageContext>
            <v11:messageId>${=import static java.util.UUID.randomUUID; uuid = randomUUID() as String}</v11:messageId>
            <!--Optional:-->
            <v11:timestamp>${=new java.text.SimpleDateFormat("yyyy-MM-dd'T'HH:mm:ss.SSS").format(new Date())}</v11:timestamp>
         </v1:messageContext>
         <v1:legalContext>ServiceIntegrator</v1:legalContext>
         <v1:request>
            <!--You have a CHOICE of the next 4 items at this level-->
            <v12:iso-alpha2>BE</v12:iso-alpha2>
            <!--<v12:iso-alpha3 startDate="?" endDate="?" status="?">?</v12:iso-alpha3>-->
            <!--<v12:iso-num3 startDate="?" endDate="?" status="?">?</v12:iso-num3>-->
            <!--<v12:nis-num3 startDate="?" endDate="?" status="?">?</v12:nis-num3>-->
         </v1:request>
      </v1:getAddressCountryRequest>
   </soapenv:Body>
</soapenv:Envelope>]]></con:request><con:credentials><con:selectedAuthProfile>Basic</con:selectedAuthProfile><con:addedBasicAuthenticationTypes>Basic</con:addedBasicAuthenticationTypes><con:authType>Global HTTP Settings</con:authType></con:credentials><con:jmsConfig JMSDeliveryMode="PERSISTENT"/><con:jmsPropertyConfig/><con:wsaConfig mustUnderstand="NONE" version="200508" action="http://fidus.brussels/services/countryservice/getAddressCountry"/><con:wsrmConfig version="1.2"/></con:call><con:call id="128f9102-1fe1-4c5d-b2b2-49d226e8df74" name="03 - Test Worker1 - Request" outgoingWss="Outflow TEST" incomingWss="Inflow TEST"><con:settings><con:setting id="com.eviware.soapui.impl.wsdl.WsdlRequest@request-headers">&lt;xml-fragment/></con:setting></con:settings><con:encoding>UTF-8</con:encoding><con:endpoint>https://192.168.24.16:8443/services/CountryService_v1.0</con:endpoint><con:request><![CDATA[<soapenv:Envelope xmlns:soapenv="http://schemas.xmlsoap.org/soap/envelope/" xmlns:v1="http://fidus.brussels/service/countryservice/messages/v1" xmlns:v11="http://fidus.brussels/type/common/messages/v1" xmlns:v12="http://fsb.belgium.be/mappingServices/countryService/messages/v1_00">
   <soapenv:Header/>
   <soapenv:Body>
      <v1:getAddressCountryRequest>
         <v1:messageContext>
            <v11:messageId>${=import static java.util.UUID.randomUUID; uuid = randomUUID() as String}</v11:messageId>
            <!--Optional:-->
            <v11:timestamp>${=new java.text.SimpleDateFormat("yyyy-MM-dd'T'HH:mm:ss.SSS").format(new Date())}</v11:timestamp>
         </v1:messageContext>
         <v1:legalContext>ServiceIntegrator</v1:legalContext>
         <v1:request>
            <!--You have a CHOICE of the next 4 items at this level-->
            <v12:iso-alpha2>BE</v12:iso-alpha2>
            <!--<v12:iso-alpha3 startDate="?" endDate="?" status="?">?</v12:iso-alpha3>-->
            <!--<v12:iso-num3 startDate="?" endDate="?" status="?">?</v12:iso-num3>-->
            <!--<v12:nis-num3 startDate="?" endDate="?" status="?">?</v12:nis-num3>-->
         </v1:request>
      </v1:getAddressCountryRequest>
   </soapenv:Body>
</soapenv:Envelope>]]></con:request><con:credentials><con:selectedAuthProfile>Basic</con:selectedAuthProfile><con:addedBasicAuthenticationTypes>Basic</con:addedBasicAuthenticationTypes><con:authType>Global HTTP Settings</con:authType></con:credentials><con:jmsConfig JMSDeliveryMode="PERSISTENT"/><con:jmsPropertyConfig/><con:wsaConfig mustUnderstand="NONE" version="200508" action="http://fidus.brussels/services/countryservice/getAddressCountry"/><con:wsrmConfig version="1.2"/></con:call><con:call id="0cb2eb0b-44e6-4a90-87cf-8083c9759e8a" name="03 - Test Worker2 - Request" outgoingWss="Outflow TEST" incomingWss="Inflow TEST"><con:settings><con:setting id="com.eviware.soapui.impl.wsdl.WsdlRequest@request-headers">&lt;xml-fragment/></con:setting></con:settings><con:encoding>UTF-8</con:encoding><con:endpoint>https://192.168.24.17:8443/services/CountryService_v1.0</con:endpoint><con:request><![CDATA[<soapenv:Envelope xmlns:soapenv="http://schemas.xmlsoap.org/soap/envelope/" xmlns:v1="http://fidus.brussels/service/countryservice/messages/v1" xmlns:v11="http://fidus.brussels/type/common/messages/v1" xmlns:v12="http://fsb.belgium.be/mappingServices/countryService/messages/v1_00">
   <soapenv:Header/>
   <soapenv:Body>
      <v1:getAddressCountryRequest>
         <v1:messageContext>
            <v11:messageId>${=import static java.util.UUID.randomUUID; uuid = randomUUID() as String}</v11:messageId>
            <!--Optional:-->
            <v11:timestamp>${=new java.text.SimpleDateFormat("yyyy-MM-dd'T'HH:mm:ss.SSS").format(new Date())}</v11:timestamp>
         </v1:messageContext>
         <v1:legalContext>ServiceIntegrator</v1:legalContext>
         <v1:request>
            <!--You have a CHOICE of the next 4 items at this level-->
            <v12:iso-alpha2>BE</v12:iso-alpha2>
            <!--<v12:iso-alpha3 startDate="?" endDate="?" status="?">?</v12:iso-alpha3>-->
            <!--<v12:iso-num3 startDate="?" endDate="?" status="?">?</v12:iso-num3>-->
            <!--<v12:nis-num3 startDate="?" endDate="?" status="?">?</v12:nis-num3>-->
         </v1:request>
      </v1:getAddressCountryRequest>
   </soapenv:Body>
</soapenv:Envelope>]]></con:request><con:credentials><con:selectedAuthProfile>Basic</con:selectedAuthProfile><con:addedBasicAuthenticationTypes>Basic</con:addedBasicAuthenticationTypes><con:authType>Global HTTP Settings</con:authType></con:credentials><con:jmsConfig JMSDeliveryMode="PERSISTENT"/><con:jmsPropertyConfig/><con:wsaConfig mustUnderstand="NONE" version="200508" action="http://fidus.brussels/services/countryservice/getAddressCountry"/><con:wsrmConfig version="1.2"/></con:call><con:call id="8e6dcf1a-a3d0-414b-a423-4e4a1f276904" name="04 - Staging External - Request" outgoingWss="Outflow STAGING" incomingWss="Inflow STAGING"><con:settings><con:setting id="com.eviware.soapui.impl.wsdl.WsdlRequest@request-headers">&lt;xml-fragment/></con:setting></con:settings><con:encoding>UTF-8</con:encoding><con:endpoint>https://fidus.irisnetlab.be/services/CountryService_v1.0</con:endpoint><con:request><![CDATA[<soapenv:Envelope xmlns:soapenv="http://schemas.xmlsoap.org/soap/envelope/" xmlns:v1="http://fidus.brussels/service/countryservice/messages/v1" xmlns:v11="http://fidus.brussels/type/common/messages/v1" xmlns:v12="http://fsb.belgium.be/mappingServices/countryService/messages/v1_00">
   <soapenv:Header/>
   <soapenv:Body>
      <v1:getAddressCountryRequest>
         <v1:messageContext>
            <v11:messageId>${=import static java.util.UUID.randomUUID; uuid = randomUUID() as String}</v11:messageId>
            <!--Optional:-->
            <v11:timestamp>${=new java.text.SimpleDateFormat("yyyy-MM-dd'T'HH:mm:ss.SSS").format(new Date())}</v11:timestamp>
         </v1:messageContext>
         <v1:legalContext>ServiceIntegrator</v1:legalContext>
         <v1:request>
            <!--You have a CHOICE of the next 4 items at this level-->
            <v12:iso-alpha2>BE</v12:iso-alpha2>
            <!--<v12:iso-alpha3 startDate="?" endDate="?" status="?">?</v12:iso-alpha3>-->
            <!--<v12:iso-num3 startDate="?" endDate="?" status="?">?</v12:iso-num3>-->
            <!--<v12:nis-num3 startDate="?" endDate="?" status="?">?</v12:nis-num3>-->
         </v1:request>
      </v1:getAddressCountryRequest>
   </soapenv:Body>
</soapenv:Envelope>]]></con:request><con:credentials><con:selectedAuthProfile>Basic</con:selectedAuthProfile><con:addedBasicAuthenticationTypes>Basic</con:addedBasicAuthenticationTypes><con:authType>Global HTTP Settings</con:authType></con:credentials><con:jmsConfig JMSDeliveryMode="PERSISTENT"/><con:jmsPropertyConfig/><con:wsaConfig mustUnderstand="NONE" version="200508" action="http://fidus.brussels/services/countryservice/getAddressCountry"/><con:wsrmConfig version="1.2"/></con:call><con:call id="60951313-228b-4567-ba12-652c79af1532" name="04 - Staging LB - Request" outgoingWss="Outflow STAGING" incomingWss="Inflow STAGING"><con:settings><con:setting id="com.eviware.soapui.impl.wsdl.WsdlRequest@request-headers">&lt;xml-fragment/></con:setting></con:settings><con:encoding>UTF-8</con:encoding><con:endpoint>https://fidus-esb-sg.sta.srv.cirb.lan:8443/services/CountryService_v1.0</con:endpoint><con:request><![CDATA[<soapenv:Envelope xmlns:soapenv="http://schemas.xmlsoap.org/soap/envelope/" xmlns:v1="http://fidus.brussels/service/countryservice/messages/v1" xmlns:v11="http://fidus.brussels/type/common/messages/v1" xmlns:v12="http://fsb.belgium.be/mappingServices/countryService/messages/v1_00">
   <soapenv:Header/>
   <soapenv:Body>
      <v1:getAddressCountryRequest>
         <v1:messageContext>
            <v11:messageId>${=import static java.util.UUID.randomUUID; uuid = randomUUID() as String}</v11:messageId>
            <!--Optional:-->
            <v11:timestamp>${=new java.text.SimpleDateFormat("yyyy-MM-dd'T'HH:mm:ss.SSS").format(new Date())}</v11:timestamp>
         </v1:messageContext>
         <v1:legalContext>ServiceIntegrator</v1:legalContext>
         <v1:request>
            <!--You have a CHOICE of the next 4 items at this level-->
            <v12:iso-alpha2>BE</v12:iso-alpha2>
            <!--<v12:iso-alpha3 startDate="?" endDate="?" status="?">?</v12:iso-alpha3>-->
            <!--<v12:iso-num3 startDate="?" endDate="?" status="?">?</v12:iso-num3>-->
            <!--<v12:nis-num3 startDate="?" endDate="?" status="?">?</v12:nis-num3>-->
         </v1:request>
      </v1:getAddressCountryRequest>
   </soapenv:Body>
</soapenv:Envelope>]]></con:request><con:credentials><con:selectedAuthProfile>Basic</con:selectedAuthProfile><con:addedBasicAuthenticationTypes>Basic</con:addedBasicAuthenticationTypes><con:authType>Global HTTP Settings</con:authType></con:credentials><con:jmsConfig JMSDeliveryMode="PERSISTENT"/><con:jmsPropertyConfig/><con:wsaConfig mustUnderstand="NONE" version="200508" action="http://fidus.brussels/services/countryservice/getAddressCountry"/><con:wsrmConfig version="1.2"/></con:call><con:call id="88679501-0cd3-47ff-96ba-58289a85bc12" name="04 - Staging Worker1 - Request" outgoingWss="Outflow STAGING" incomingWss="Inflow STAGING"><con:settings><con:setting id="com.eviware.soapui.impl.wsdl.WsdlRequest@request-headers">&lt;xml-fragment/></con:setting></con:settings><con:encoding>UTF-8</con:encoding><con:endpoint>https://192.168.24.16:8443/services/CountryService_v1.0</con:endpoint><con:request><![CDATA[<soapenv:Envelope xmlns:soapenv="http://schemas.xmlsoap.org/soap/envelope/" xmlns:v1="http://fidus.brussels/service/countryservice/messages/v1" xmlns:v11="http://fidus.brussels/type/common/messages/v1" xmlns:v12="http://fsb.belgium.be/mappingServices/countryService/messages/v1_00">
   <soapenv:Header/>
   <soapenv:Body>
      <v1:getAddressCountryRequest>
         <v1:messageContext>
            <v11:messageId>${=import static java.util.UUID.randomUUID; uuid = randomUUID() as String}</v11:messageId>
            <!--Optional:-->
            <v11:timestamp>${=new java.text.SimpleDateFormat("yyyy-MM-dd'T'HH:mm:ss.SSS").format(new Date())}</v11:timestamp>
         </v1:messageContext>
         <v1:legalContext>ServiceIntegrator</v1:legalContext>
         <v1:request>
            <!--You have a CHOICE of the next 4 items at this level-->
            <v12:iso-alpha2>BE</v12:iso-alpha2>
            <!--<v12:iso-alpha3 startDate="?" endDate="?" status="?">?</v12:iso-alpha3>-->
            <!--<v12:iso-num3 startDate="?" endDate="?" status="?">?</v12:iso-num3>-->
            <!--<v12:nis-num3 startDate="?" endDate="?" status="?">?</v12:nis-num3>-->
         </v1:request>
      </v1:getAddressCountryRequest>
   </soapenv:Body>
</soapenv:Envelope>]]></con:request><con:credentials><con:selectedAuthProfile>Basic</con:selectedAuthProfile><con:addedBasicAuthenticationTypes>Basic</con:addedBasicAuthenticationTypes><con:authType>Global HTTP Settings</con:authType></con:credentials><con:jmsConfig JMSDeliveryMode="PERSISTENT"/><con:jmsPropertyConfig/><con:wsaConfig mustUnderstand="NONE" version="200508" action="http://fidus.brussels/services/countryservice/getAddressCountry"/><con:wsrmConfig version="1.2"/></con:call><con:call id="aafaff37-57c1-405b-8aa0-482372e87781" name="04 - Staging Worker2 - Request" outgoingWss="Outflow STAGING" incomingWss="Inflow STAGING"><con:settings><con:setting id="com.eviware.soapui.impl.wsdl.WsdlRequest@request-headers">&lt;xml-fragment/></con:setting></con:settings><con:encoding>UTF-8</con:encoding><con:endpoint>https://192.168.24.17:8443/services/CountryService_v1.0</con:endpoint><con:request><![CDATA[<soapenv:Envelope xmlns:soapenv="http://schemas.xmlsoap.org/soap/envelope/" xmlns:v1="http://fidus.brussels/service/countryservice/messages/v1" xmlns:v11="http://fidus.brussels/type/common/messages/v1" xmlns:v12="http://fsb.belgium.be/mappingServices/countryService/messages/v1_00">
   <soapenv:Header/>
   <soapenv:Body>
      <v1:getAddressCountryRequest>
         <v1:messageContext>
            <v11:messageId>${=import static java.util.UUID.randomUUID; uuid = randomUUID() as String}</v11:messageId>
            <!--Optional:-->
            <v11:timestamp>${=new java.text.SimpleDateFormat("yyyy-MM-dd'T'HH:mm:ss.SSS").format(new Date())}</v11:timestamp>
         </v1:messageContext>
         <v1:legalContext>ServiceIntegrator</v1:legalContext>
         <v1:request>
            <!--You have a CHOICE of the next 4 items at this level-->
            <v12:iso-alpha2>BE</v12:iso-alpha2>
            <!--<v12:iso-alpha3 startDate="?" endDate="?" status="?">?</v12:iso-alpha3>-->
            <!--<v12:iso-num3 startDate="?" endDate="?" status="?">?</v12:iso-num3>-->
            <!--<v12:nis-num3 startDate="?" endDate="?" status="?">?</v12:nis-num3>-->
         </v1:request>
      </v1:getAddressCountryRequest>
   </soapenv:Body>
</soapenv:Envelope>]]></con:request><con:credentials><con:selectedAuthProfile>Basic</con:selectedAuthProfile><con:addedBasicAuthenticationTypes>Basic</con:addedBasicAuthenticationTypes><con:authType>Global HTTP Settings</con:authType></con:credentials><con:jmsConfig JMSDeliveryMode="PERSISTENT"/><con:jmsPropertyConfig/><con:wsaConfig mustUnderstand="NONE" version="200508" action="http://fidus.brussels/services/countryservice/getAddressCountry"/><con:wsrmConfig version="1.2"/></con:call><con:call id="f7c1c1f1-a164-49eb-a1f9-cde08ca8cc18" name="02 - DevNew - Request" outgoingWss="Outflow DEV" incomingWss="Inflow DEV"><con:settings><con:setting id="com.eviware.soapui.impl.wsdl.WsdlRequest@request-headers">&lt;xml-fragment/></con:setting></con:settings><con:encoding>UTF-8</con:encoding><con:endpoint>https://192.168.36.75:8243/services/CountryService_v1.0</con:endpoint><con:request><![CDATA[<soapenv:Envelope xmlns:soapenv="http://schemas.xmlsoap.org/soap/envelope/" xmlns:v1="http://fidus.brussels/service/countryservice/messages/v1" xmlns:v11="http://fidus.brussels/type/common/messages/v1" xmlns:v12="http://fsb.belgium.be/mappingServices/countryService/messages/v1_00">
   <soapenv:Header/>
   <soapenv:Body>
      <v1:getAddressCountryRequest>
         <v1:messageContext>
            <v11:messageId>${=import static java.util.UUID.randomUUID; uuid = randomUUID() as String}</v11:messageId>
            <!--Optional:-->
            <v11:timestamp>${=new java.text.SimpleDateFormat("yyyy-MM-dd'T'HH:mm:ss.SSS").format(new Date())}</v11:timestamp>
         </v1:messageContext>
         <v1:legalContext>ServiceIntegrator</v1:legalContext>
         <v1:request>
            <!--You have a CHOICE of the next 4 items at this level-->
            <v12:iso-alpha2>BE</v12:iso-alpha2>
            <!--<v12:iso-alpha3 startDate="?" endDate="?" status="?">?</v12:iso-alpha3>-->
            <!--<v12:iso-num3 startDate="?" endDate="?" status="?">?</v12:iso-num3>-->
            <!--<v12:nis-num3 startDate="?" endDate="?" status="?">?</v12:nis-num3>-->
         </v1:request>
      </v1:getAddressCountryRequest>
   </soapenv:Body>
</soapenv:Envelope>]]></con:request><con:credentials><con:selectedAuthProfile>Basic</con:selectedAuthProfile><con:addedBasicAuthenticationTypes>Basic</con:addedBasicAuthenticationTypes><con:authType>Global HTTP Settings</con:authType></con:credentials><con:jmsConfig JMSDeliveryMode="PERSISTENT"/><con:jmsPropertyConfig/><con:wsaConfig mustUnderstand="NONE" version="200508" action="http://fidus.brussels/services/countryservice/getAddressCountry"/><con:wsrmConfig version="1.2"/></con:call><con:call id="ea95f237-6ae2-4e57-ba0a-381197b397c5" name="05 - Prod - External - Request" outgoingWss="Outflow PROD" incomingWss="Inflow PROD"><con:settings><con:setting id="com.eviware.soapui.impl.wsdl.WsdlRequest@request-headers">&lt;xml-fragment/></con:setting></con:settings><con:encoding>UTF-8</con:encoding><con:endpoint>https://fidus.sec.brussels/services/CountryService_v1.0</con:endpoint><con:request><![CDATA[<soapenv:Envelope xmlns:soapenv="http://schemas.xmlsoap.org/soap/envelope/" xmlns:v1="http://fidus.brussels/service/countryservice/messages/v1" xmlns:v11="http://fidus.brussels/type/common/messages/v1" xmlns:v12="http://fsb.belgium.be/mappingServices/countryService/messages/v1_00">
   <soapenv:Header/>
   <soapenv:Body>
      <v1:getAddressCountryRequest>
         <v1:messageContext>
            <v11:messageId>${=import static java.util.UUID.randomUUID; uuid = randomUUID() as String}</v11:messageId>
            <!--Optional:-->
            <v11:timestamp>${=new java.text.SimpleDateFormat("yyyy-MM-dd'T'HH:mm:ss.SSS").format(new Date())}</v11:timestamp>
         </v1:messageContext>
         <v1:legalContext>ServiceIntegrator</v1:legalContext>
         <v1:request>
            <!--You have a CHOICE of the next 4 items at this level-->
            <v12:iso-alpha2>BE</v12:iso-alpha2>
            <!--<v12:iso-alpha3 startDate="?" endDate="?" status="?">?</v12:iso-alpha3>-->
            <!--<v12:iso-num3 startDate="?" endDate="?" status="?">?</v12:iso-num3>-->
            <!--<v12:nis-num3 startDate="?" endDate="?" status="?">?</v12:nis-num3>-->
         </v1:request>
      </v1:getAddressCountryRequest>
   </soapenv:Body>
</soapenv:Envelope>]]></con:request><con:credentials><con:selectedAuthProfile>Basic</con:selectedAuthProfile><con:addedBasicAuthenticationTypes>Basic</con:addedBasicAuthenticationTypes><con:authType>Global HTTP Settings</con:authType></con:credentials><con:jmsConfig JMSDeliveryMode="PERSISTENT"/><con:jmsPropertyConfig/><con:wsaConfig mustUnderstand="NONE" version="200508" action="http://fidus.brussels/services/countryservice/getAddressCountry"/><con:wsrmConfig version="1.2"/></con:call></con:operation><con:operation id="0f571e7c-29d2-4f41-8562-b4a48f500855" isOneWay="false" action="http://fidus.brussels/services/countryservice/getAddressCountryHistory" name="getAddressCountryHistory" bindingOperationName="getAddressCountryHistory" type="Request-Response" inputName="" receivesAttachments="false" sendsAttachments="false" anonymous="optional"><con:settings/><con:call id="2c5f46f0-d6d3-4d2a-a9b6-29227995a68c" name="01 - Local - Request" outgoingWss="Outflow DEV" incomingWss="Inflow DEV"><con:settings><con:setting id="com.eviware.soapui.impl.wsdl.WsdlRequest@request-headers">&lt;xml-fragment/></con:setting></con:settings><con:encoding>UTF-8</con:encoding><con:endpoint>https://localhost:8243/services/CountryService_v1.0</con:endpoint><con:request><![CDATA[<soapenv:Envelope xmlns:soapenv="http://schemas.xmlsoap.org/soap/envelope/" xmlns:v1="http://fidus.brussels/service/countryservice/messages/v1" xmlns:v11="http://fidus.brussels/type/common/messages/v1" xmlns:v12="http://fsb.belgium.be/mappingServices/countryService/messages/v1_00">
   <soapenv:Header/>
   <soapenv:Body>
      <v1:getAddressCountryHistoryRequest>
         <v1:messageContext>
            <v11:messageId>${=import static java.util.UUID.randomUUID; uuid = randomUUID() as String}</v11:messageId>
            <v11:timestamp>${=new java.text.SimpleDateFormat("yyyy-MM-dd'T'HH:mm:ss.SSS").format(new Date())}</v11:timestamp>
         </v1:messageContext>
         <v1:legalContext>ServiceIntegrator</v1:legalContext>
         <v1:request>
            <v12:iso-alpha2>BE</v12:iso-alpha2>
            <v12:referenceDate>2016-10-10</v12:referenceDate>
         </v1:request>
      </v1:getAddressCountryHistoryRequest>
   </soapenv:Body>
</soapenv:Envelope>]]></con:request><con:credentials><con:selectedAuthProfile>Basic</con:selectedAuthProfile><con:addedBasicAuthenticationTypes>Basic</con:addedBasicAuthenticationTypes><con:authType>Global HTTP Settings</con:authType></con:credentials><con:jmsConfig JMSDeliveryMode="PERSISTENT"/><con:jmsPropertyConfig/><con:wsaConfig mustUnderstand="NONE" version="200508" action="http://fidus.brussels/services/countryservice/getAddressCountryHistory"/><con:wsrmConfig version="1.2"/></con:call><con:call id="1ec25c22-f925-46c4-94ab-2018ece4ba45" name="01 - Local - Request-Invalid_Iso-alpha2" outgoingWss="Outflow DEV" incomingWss="Inflow DEV"><con:settings><con:setting id="com.eviware.soapui.impl.wsdl.WsdlRequest@request-headers">&lt;xml-fragment/></con:setting></con:settings><con:encoding>UTF-8</con:encoding><con:endpoint>https://localhost:8243/services/CountryService_v1.0</con:endpoint><con:request><![CDATA[<soapenv:Envelope xmlns:soapenv="http://schemas.xmlsoap.org/soap/envelope/" xmlns:v1="http://fidus.brussels/service/countryservice/messages/v1" xmlns:v11="http://fidus.brussels/type/common/messages/v1" xmlns:v12="http://fsb.belgium.be/mappingServices/countryService/messages/v1_00">
   <soapenv:Header/>
   <soapenv:Body>
      <v1:getAddressCountryHistoryRequest>
         <v1:messageContext>
            <v11:messageId>${=import static java.util.UUID.randomUUID; uuid = randomUUID() as String}</v11:messageId>
            <v11:timestamp>${=new java.text.SimpleDateFormat("yyyy-MM-dd'T'HH:mm:ss.SSS").format(new Date())}</v11:timestamp>
         </v1:messageContext>
         <v1:legalContext>ServiceIntegrator</v1:legalContext>
         <v1:request>
            <v12:iso-alpha2>XX</v12:iso-alpha2>
            <v12:referenceDate>2016-10-10</v12:referenceDate>
         </v1:request>
      </v1:getAddressCountryHistoryRequest>
   </soapenv:Body>
</soapenv:Envelope>]]></con:request><con:credentials><con:selectedAuthProfile>Basic</con:selectedAuthProfile><con:addedBasicAuthenticationTypes>Basic</con:addedBasicAuthenticationTypes><con:authType>Global HTTP Settings</con:authType></con:credentials><con:jmsConfig JMSDeliveryMode="PERSISTENT"/><con:jmsPropertyConfig/><con:wsaConfig mustUnderstand="NONE" version="200508" action="http://fidus.brussels/services/countryservice/getAddressCountryHistory"/><con:wsrmConfig version="1.2"/></con:call><con:call id="e5566668-c50c-4dc2-a784-0bd1e2cea348" name="02 - Dev - Request" outgoingWss="Outflow DEV" incomingWss="Inflow DEV"><con:settings><con:setting id="com.eviware.soapui.impl.wsdl.WsdlRequest@request-headers">&lt;xml-fragment/></con:setting></con:settings><con:encoding>UTF-8</con:encoding><con:endpoint>https://192.168.36.61:8243/services/CountryService_v1.0</con:endpoint><con:request><![CDATA[<soapenv:Envelope xmlns:soapenv="http://schemas.xmlsoap.org/soap/envelope/" xmlns:v1="http://fidus.brussels/service/countryservice/messages/v1" xmlns:v11="http://fidus.brussels/type/common/messages/v1" xmlns:v12="http://fsb.belgium.be/mappingServices/countryService/messages/v1_00">
   <soapenv:Header/>
   <soapenv:Body>
      <v1:getAddressCountryHistoryRequest>
         <v1:messageContext>
            <v11:messageId>${=import static java.util.UUID.randomUUID; uuid = randomUUID() as String}</v11:messageId>
            <v11:timestamp>${=new java.text.SimpleDateFormat("yyyy-MM-dd'T'HH:mm:ss.SSS").format(new Date())}</v11:timestamp>
         </v1:messageContext>
         <v1:legalContext>ServiceIntegrator</v1:legalContext>
         <v1:request>
            <v12:iso-alpha2>BE</v12:iso-alpha2>
            <!--<v12:referenceDate>2016-10-10</v12:referenceDate>-->
         </v1:request>
      </v1:getAddressCountryHistoryRequest>
   </soapenv:Body>
</soapenv:Envelope>]]></con:request><con:credentials><con:selectedAuthProfile>Basic</con:selectedAuthProfile><con:addedBasicAuthenticationTypes>Basic</con:addedBasicAuthenticationTypes><con:authType>Global HTTP Settings</con:authType></con:credentials><con:jmsConfig JMSDeliveryMode="PERSISTENT"/><con:jmsPropertyConfig/><con:wsaConfig mustUnderstand="NONE" version="200508" action="http://fidus.brussels/services/countryservice/getAddressCountryHistory"/><con:wsrmConfig version="1.2"/></con:call><con:call id="e747c233-0cff-41a2-b1a5-81864dc2186b" name="03 - Test External - Request" outgoingWss="Outflow TEST" incomingWss="Inflow TEST"><con:settings><con:setting id="com.eviware.soapui.impl.wsdl.WsdlRequest@request-headers">&lt;xml-fragment/></con:setting></con:settings><con:encoding>UTF-8</con:encoding><con:endpoint>https://fidus-test.irisnetlab.be/services/CountryService_v1.0</con:endpoint><con:request><![CDATA[<soapenv:Envelope xmlns:soapenv="http://schemas.xmlsoap.org/soap/envelope/" xmlns:v1="http://fidus.brussels/service/countryservice/messages/v1" xmlns:v11="http://fidus.brussels/type/common/messages/v1" xmlns:v12="http://fsb.belgium.be/mappingServices/countryService/messages/v1_00">
   <soapenv:Header/>
   <soapenv:Body>
      <v1:getAddressCountryHistoryRequest>
         <v1:messageContext>
            <v11:messageId>${=import static java.util.UUID.randomUUID; uuid = randomUUID() as String}</v11:messageId>
            <v11:timestamp>${=new java.text.SimpleDateFormat("yyyy-MM-dd'T'HH:mm:ss.SSS").format(new Date())}</v11:timestamp>
         </v1:messageContext>
         <v1:legalContext>ServiceIntegrator</v1:legalContext>
         <v1:request>
            <v12:iso-alpha2>FR</v12:iso-alpha2>
            <v12:referenceDate>2016-10-10</v12:referenceDate>
         </v1:request>
      </v1:getAddressCountryHistoryRequest>
   </soapenv:Body>
</soapenv:Envelope>]]></con:request><con:credentials><con:selectedAuthProfile>Basic</con:selectedAuthProfile><con:addedBasicAuthenticationTypes>Basic</con:addedBasicAuthenticationTypes><con:authType>Global HTTP Settings</con:authType></con:credentials><con:jmsConfig JMSDeliveryMode="PERSISTENT"/><con:jmsPropertyConfig/><con:wsaConfig mustUnderstand="NONE" version="200508" action="http://fidus.brussels/services/countryservice/getAddressCountryHistory"/><con:wsrmConfig version="1.2"/></con:call><con:call id="f2cc2c71-2e06-475a-8cd0-c63fdb6e6f4b" name="03 - Test LB - Request" outgoingWss="Outflow TEST" incomingWss="Inflow TEST"><con:settings><con:setting id="com.eviware.soapui.impl.wsdl.WsdlRequest@request-headers">&lt;xml-fragment/></con:setting></con:settings><con:encoding>UTF-8</con:encoding><con:endpoint>https://fidus-esb-sg.sta.srv.cirb.lan:8443/services/CountryService_v1.0</con:endpoint><con:request><![CDATA[<soapenv:Envelope xmlns:soapenv="http://schemas.xmlsoap.org/soap/envelope/" xmlns:v1="http://fidus.brussels/service/countryservice/messages/v1" xmlns:v11="http://fidus.brussels/type/common/messages/v1" xmlns:v12="http://fsb.belgium.be/mappingServices/countryService/messages/v1_00">
   <soapenv:Header/>
   <soapenv:Body>
      <v1:getAddressCountryHistoryRequest>
         <v1:messageContext>
            <v11:messageId>${=import static java.util.UUID.randomUUID; uuid = randomUUID() as String}</v11:messageId>
            <v11:timestamp>${=new java.text.SimpleDateFormat("yyyy-MM-dd'T'HH:mm:ss.SSS").format(new Date())}</v11:timestamp>
         </v1:messageContext>
         <v1:legalContext>ServiceIntegrator</v1:legalContext>
         <v1:request>
            <v12:iso-alpha2>BE</v12:iso-alpha2>
            <v12:referenceDate>2016-10-10</v12:referenceDate>
         </v1:request>
      </v1:getAddressCountryHistoryRequest>
   </soapenv:Body>
</soapenv:Envelope>]]></con:request><con:credentials><con:selectedAuthProfile>Basic</con:selectedAuthProfile><con:addedBasicAuthenticationTypes>Basic</con:addedBasicAuthenticationTypes><con:authType>Global HTTP Settings</con:authType></con:credentials><con:jmsConfig JMSDeliveryMode="PERSISTENT"/><con:jmsPropertyConfig/><con:wsaConfig mustUnderstand="NONE" version="200508" action="http://fidus.brussels/services/countryservice/getAddressCountryHistory"/><con:wsrmConfig version="1.2"/></con:call><con:call id="27f0ae73-dc25-4450-b638-4e31cdc49979" name="03 - Test Worker1 - Request" outgoingWss="Outflow TEST" incomingWss="Inflow TEST"><con:settings><con:setting id="com.eviware.soapui.impl.wsdl.WsdlRequest@request-headers">&lt;xml-fragment/></con:setting></con:settings><con:encoding>UTF-8</con:encoding><con:endpoint>https://192.168.24.16:8443/services/CountryService_v1.0</con:endpoint><con:request><![CDATA[<soapenv:Envelope xmlns:soapenv="http://schemas.xmlsoap.org/soap/envelope/" xmlns:v1="http://fidus.brussels/service/countryservice/messages/v1" xmlns:v11="http://fidus.brussels/type/common/messages/v1" xmlns:v12="http://fsb.belgium.be/mappingServices/countryService/messages/v1_00">
   <soapenv:Header/>
   <soapenv:Body>
      <v1:getAddressCountryHistoryRequest>
         <v1:messageContext>
            <v11:messageId>${=import static java.util.UUID.randomUUID; uuid = randomUUID() as String}</v11:messageId>
            <!--Optional:-->
            <v11:timestamp>${=new java.text.SimpleDateFormat("yyyy-MM-dd'T'HH:mm:ss.SSS").format(new Date())}</v11:timestamp>
         </v1:messageContext>
         <v1:legalContext>ServiceIntegrator</v1:legalContext>
         <v1:request>
            <v12:iso-alpha2>NL</v12:iso-alpha2>
            <!--Optional:-->
            
         </v1:request>
      </v1:getAddressCountryHistoryRequest>
   </soapenv:Body>
</soapenv:Envelope>]]></con:request><con:credentials><con:selectedAuthProfile>Basic</con:selectedAuthProfile><con:addedBasicAuthenticationTypes>Basic</con:addedBasicAuthenticationTypes><con:authType>Global HTTP Settings</con:authType></con:credentials><con:jmsConfig JMSDeliveryMode="PERSISTENT"/><con:jmsPropertyConfig/><con:wsaConfig mustUnderstand="NONE" version="200508" action="http://fidus.brussels/services/countryservice/getAddressCountryHistory"/><con:wsrmConfig version="1.2"/></con:call><con:call id="622fb66b-dc87-490a-9740-9143c4d38851" name="03 - Test Worker2 - Request" outgoingWss="Outflow TEST" incomingWss="Inflow TEST"><con:settings><con:setting id="com.eviware.soapui.impl.wsdl.WsdlRequest@request-headers">&lt;xml-fragment/></con:setting></con:settings><con:encoding>UTF-8</con:encoding><con:endpoint>https://192.168.24.17:8443/services/CountryService_v1.0</con:endpoint><con:request><![CDATA[<soapenv:Envelope xmlns:soapenv="http://schemas.xmlsoap.org/soap/envelope/" xmlns:v1="http://fidus.brussels/service/countryservice/messages/v1" xmlns:v11="http://fidus.brussels/type/common/messages/v1" xmlns:v12="http://fsb.belgium.be/mappingServices/countryService/messages/v1_00">
   <soapenv:Header/>
   <soapenv:Body>
      <v1:getAddressCountryHistoryRequest>
         <v1:messageContext>
            <v11:messageId>${=import static java.util.UUID.randomUUID; uuid = randomUUID() as String}</v11:messageId>
            <v11:timestamp>${=new java.text.SimpleDateFormat("yyyy-MM-dd'T'HH:mm:ss.SSS").format(new Date())}</v11:timestamp>
         </v1:messageContext>
         <v1:legalContext>ServiceIntegrator</v1:legalContext>
         <v1:request>
            <v12:iso-alpha2>AU</v12:iso-alpha2>
            <v12:referenceDate>2016-10-10</v12:referenceDate>
         </v1:request>
      </v1:getAddressCountryHistoryRequest>
   </soapenv:Body>
</soapenv:Envelope>]]></con:request><con:credentials><con:selectedAuthProfile>Basic</con:selectedAuthProfile><con:addedBasicAuthenticationTypes>Basic</con:addedBasicAuthenticationTypes><con:authType>Global HTTP Settings</con:authType></con:credentials><con:jmsConfig JMSDeliveryMode="PERSISTENT"/><con:jmsPropertyConfig/><con:wsaConfig mustUnderstand="NONE" version="200508" action="http://fidus.brussels/services/countryservice/getAddressCountryHistory"/><con:wsrmConfig version="1.2"/></con:call><con:call id="e73f2e41-d251-4e64-bc83-f20e08ac08c6" name="04 - Staging External - Request" outgoingWss="Outflow STAGING" incomingWss="Inflow STAGING"><con:settings><con:setting id="com.eviware.soapui.impl.wsdl.WsdlRequest@request-headers">&lt;xml-fragment/></con:setting></con:settings><con:encoding>UTF-8</con:encoding><con:endpoint>https://fidus.irisnetlab.be/services/CountryService_v1.0</con:endpoint><con:request><![CDATA[<soapenv:Envelope xmlns:soapenv="http://schemas.xmlsoap.org/soap/envelope/" xmlns:v1="http://fidus.brussels/service/countryservice/messages/v1" xmlns:v11="http://fidus.brussels/type/common/messages/v1" xmlns:v12="http://fsb.belgium.be/mappingServices/countryService/messages/v1_00">
   <soapenv:Header/>
   <soapenv:Body>
      <v1:getAddressCountryHistoryRequest>
         <v1:messageContext>
            <v11:messageId>${=import static java.util.UUID.randomUUID; uuid = randomUUID() as String}</v11:messageId>
            <v11:timestamp>${=new java.text.SimpleDateFormat("yyyy-MM-dd'T'HH:mm:ss.SSS").format(new Date())}</v11:timestamp>
         </v1:messageContext>
         <v1:legalContext>ServiceIntegrator</v1:legalContext>
         <v1:request>
            <v12:iso-alpha2>FR</v12:iso-alpha2>
            <v12:referenceDate>2016-10-10</v12:referenceDate>
         </v1:request>
      </v1:getAddressCountryHistoryRequest>
   </soapenv:Body>
</soapenv:Envelope>]]></con:request><con:credentials><con:selectedAuthProfile>Basic</con:selectedAuthProfile><con:addedBasicAuthenticationTypes>Basic</con:addedBasicAuthenticationTypes><con:authType>Global HTTP Settings</con:authType></con:credentials><con:jmsConfig JMSDeliveryMode="PERSISTENT"/><con:jmsPropertyConfig/><con:wsaConfig mustUnderstand="NONE" version="200508" action="http://fidus.brussels/services/countryservice/getAddressCountryHistory"/><con:wsrmConfig version="1.2"/></con:call><con:call id="97e4339e-9254-44f1-91fe-182f24a50c27" name="04 - Staging LB - Request" outgoingWss="Outflow STAGING" incomingWss="Inflow STAGING"><con:settings><con:setting id="com.eviware.soapui.impl.wsdl.WsdlRequest@request-headers">&lt;xml-fragment/></con:setting></con:settings><con:encoding>UTF-8</con:encoding><con:endpoint>https://fidus-esb-sg.sta.srv.cirb.lan:8443/services/CountryService_v1.0</con:endpoint><con:request><![CDATA[<soapenv:Envelope xmlns:soapenv="http://schemas.xmlsoap.org/soap/envelope/" xmlns:v1="http://fidus.brussels/service/countryservice/messages/v1" xmlns:v11="http://fidus.brussels/type/common/messages/v1" xmlns:v12="http://fsb.belgium.be/mappingServices/countryService/messages/v1_00">
   <soapenv:Header/>
   <soapenv:Body>
      <v1:getAddressCountryHistoryRequest>
         <v1:messageContext>
            <v11:messageId>${=import static java.util.UUID.randomUUID; uuid = randomUUID() as String}</v11:messageId>
            <v11:timestamp>${=new java.text.SimpleDateFormat("yyyy-MM-dd'T'HH:mm:ss.SSS").format(new Date())}</v11:timestamp>
         </v1:messageContext>
         <v1:legalContext>ServiceIntegrator</v1:legalContext>
         <v1:request>
            <v12:iso-alpha2>BE</v12:iso-alpha2>
            <v12:referenceDate>2016-10-10</v12:referenceDate>
         </v1:request>
      </v1:getAddressCountryHistoryRequest>
   </soapenv:Body>
</soapenv:Envelope>]]></con:request><con:credentials><con:selectedAuthProfile>Basic</con:selectedAuthProfile><con:addedBasicAuthenticationTypes>Basic</con:addedBasicAuthenticationTypes><con:authType>Global HTTP Settings</con:authType></con:credentials><con:jmsConfig JMSDeliveryMode="PERSISTENT"/><con:jmsPropertyConfig/><con:wsaConfig mustUnderstand="NONE" version="200508" action="http://fidus.brussels/services/countryservice/getAddressCountryHistory"/><con:wsrmConfig version="1.2"/></con:call><con:call id="0e9096f9-8189-48cc-942d-2f464a5f9fe1" name="04 - Staging Worker1 - Request" outgoingWss="Outflow STAGING" incomingWss="Inflow STAGING"><con:settings><con:setting id="com.eviware.soapui.impl.wsdl.WsdlRequest@request-headers">&lt;xml-fragment/></con:setting></con:settings><con:encoding>UTF-8</con:encoding><con:endpoint>https://192.168.24.16:8443/services/CountryService_v1.0</con:endpoint><con:request><![CDATA[<soapenv:Envelope xmlns:soapenv="http://schemas.xmlsoap.org/soap/envelope/" xmlns:v1="http://fidus.brussels/service/countryservice/messages/v1" xmlns:v11="http://fidus.brussels/type/common/messages/v1" xmlns:v12="http://fsb.belgium.be/mappingServices/countryService/messages/v1_00">
   <soapenv:Header/>
   <soapenv:Body>
      <v1:getAddressCountryHistoryRequest>
         <v1:messageContext>
            <v11:messageId>${=import static java.util.UUID.randomUUID; uuid = randomUUID() as String}</v11:messageId>
            <!--Optional:-->
            <v11:timestamp>${=new java.text.SimpleDateFormat("yyyy-MM-dd'T'HH:mm:ss.SSS").format(new Date())}</v11:timestamp>
         </v1:messageContext>
         <v1:legalContext>ServiceIntegrator</v1:legalContext>
         <v1:request>
            <v12:iso-alpha2>NL</v12:iso-alpha2>
            <!--Optional:-->
            
         </v1:request>
      </v1:getAddressCountryHistoryRequest>
   </soapenv:Body>
</soapenv:Envelope>]]></con:request><con:credentials><con:selectedAuthProfile>Basic</con:selectedAuthProfile><con:addedBasicAuthenticationTypes>Basic</con:addedBasicAuthenticationTypes><con:authType>Global HTTP Settings</con:authType></con:credentials><con:jmsConfig JMSDeliveryMode="PERSISTENT"/><con:jmsPropertyConfig/><con:wsaConfig mustUnderstand="NONE" version="200508" action="http://fidus.brussels/services/countryservice/getAddressCountryHistory"/><con:wsrmConfig version="1.2"/></con:call><con:call id="07b66cf0-2e9d-451b-b785-ac976882ec8c" name="04 - Staging Worker2 - Request" outgoingWss="Outflow STAGING" incomingWss="Inflow STAGING"><con:settings><con:setting id="com.eviware.soapui.impl.wsdl.WsdlRequest@request-headers">&lt;xml-fragment/></con:setting></con:settings><con:encoding>UTF-8</con:encoding><con:endpoint>https://192.168.24.17:8443/services/CountryService_v1.0</con:endpoint><con:request><![CDATA[<soapenv:Envelope xmlns:soapenv="http://schemas.xmlsoap.org/soap/envelope/" xmlns:v1="http://fidus.brussels/service/countryservice/messages/v1" xmlns:v11="http://fidus.brussels/type/common/messages/v1" xmlns:v12="http://fsb.belgium.be/mappingServices/countryService/messages/v1_00">
   <soapenv:Header/>
   <soapenv:Body>
      <v1:getAddressCountryHistoryRequest>
         <v1:messageContext>
            <v11:messageId>${=import static java.util.UUID.randomUUID; uuid = randomUUID() as String}</v11:messageId>
            <v11:timestamp>${=new java.text.SimpleDateFormat("yyyy-MM-dd'T'HH:mm:ss.SSS").format(new Date())}</v11:timestamp>
         </v1:messageContext>
         <v1:legalContext>ServiceIntegrator</v1:legalContext>
         <v1:request>
            <v12:iso-alpha2>AU</v12:iso-alpha2>
            <v12:referenceDate>2016-10-10</v12:referenceDate>
         </v1:request>
      </v1:getAddressCountryHistoryRequest>
   </soapenv:Body>
</soapenv:Envelope>]]></con:request><con:credentials><con:selectedAuthProfile>Basic</con:selectedAuthProfile><con:addedBasicAuthenticationTypes>Basic</con:addedBasicAuthenticationTypes><con:authType>Global HTTP Settings</con:authType></con:credentials><con:jmsConfig JMSDeliveryMode="PERSISTENT"/><con:jmsPropertyConfig/><con:wsaConfig mustUnderstand="NONE" version="200508" action="http://fidus.brussels/services/countryservice/getAddressCountryHistory"/><con:wsrmConfig version="1.2"/></con:call><con:call id="de0597c2-718f-467c-a36b-a8cee6368476" name="02 - DevNew - Request" outgoingWss="Outflow DEV" incomingWss="Inflow DEV"><con:settings><con:setting id="com.eviware.soapui.impl.wsdl.WsdlRequest@request-headers">&lt;xml-fragment/></con:setting></con:settings><con:encoding>UTF-8</con:encoding><con:endpoint>https://192.168.36.75:8243/services/CountryService_v1.0</con:endpoint><con:request><![CDATA[<soapenv:Envelope xmlns:soapenv="http://schemas.xmlsoap.org/soap/envelope/" xmlns:v1="http://fidus.brussels/service/countryservice/messages/v1" xmlns:v11="http://fidus.brussels/type/common/messages/v1" xmlns:v12="http://fsb.belgium.be/mappingServices/countryService/messages/v1_00">
   <soapenv:Header/>
   <soapenv:Body>
      <v1:getAddressCountryHistoryRequest>
         <v1:messageContext>
            <v11:messageId>${=import static java.util.UUID.randomUUID; uuid = randomUUID() as String}</v11:messageId>
            <v11:timestamp>${=new java.text.SimpleDateFormat("yyyy-MM-dd'T'HH:mm:ss.SSS").format(new Date())}</v11:timestamp>
         </v1:messageContext>
         <v1:legalContext>ServiceIntegrator</v1:legalContext>
         <v1:request>
            <v12:iso-alpha2>BE</v12:iso-alpha2>
            <!--<v12:referenceDate>2016-10-10</v12:referenceDate>-->
         </v1:request>
      </v1:getAddressCountryHistoryRequest>
   </soapenv:Body>
</soapenv:Envelope>]]></con:request><con:credentials><con:selectedAuthProfile>Basic</con:selectedAuthProfile><con:addedBasicAuthenticationTypes>Basic</con:addedBasicAuthenticationTypes><con:authType>Global HTTP Settings</con:authType></con:credentials><con:jmsConfig JMSDeliveryMode="PERSISTENT"/><con:jmsPropertyConfig/><con:wsaConfig mustUnderstand="NONE" version="200508" action="http://fidus.brussels/services/countryservice/getAddressCountryHistory"/><con:wsrmConfig version="1.2"/></con:call><con:call id="4f7bc92a-c1c5-450b-b88b-38ac68836350" name="05 - Prod - External - Request" outgoingWss="Outflow PROD" incomingWss="Inflow PROD"><con:settings><con:setting id="com.eviware.soapui.impl.wsdl.WsdlRequest@request-headers">&lt;xml-fragment/></con:setting></con:settings><con:encoding>UTF-8</con:encoding><con:endpoint>https://fidus.sec.brussels/services/CountryService_v1.0</con:endpoint><con:request><![CDATA[<soapenv:Envelope xmlns:soapenv="http://schemas.xmlsoap.org/soap/envelope/" xmlns:v1="http://fidus.brussels/service/countryservice/messages/v1" xmlns:v11="http://fidus.brussels/type/common/messages/v1" xmlns:v12="http://fsb.belgium.be/mappingServices/countryService/messages/v1_00">
   <soapenv:Header/>
   <soapenv:Body>
      <v1:getAddressCountryHistoryRequest>
         <v1:messageContext>
            <v11:messageId>${=import static java.util.UUID.randomUUID; uuid = randomUUID() as String}</v11:messageId>
            <v11:timestamp>${=new java.text.SimpleDateFormat("yyyy-MM-dd'T'HH:mm:ss.SSS").format(new Date())}</v11:timestamp>
         </v1:messageContext>
         <v1:legalContext>ServiceIntegrator</v1:legalContext>
         <v1:request>
            <v12:iso-alpha2>FR</v12:iso-alpha2>
            <v12:referenceDate>2016-10-10</v12:referenceDate>
         </v1:request>
      </v1:getAddressCountryHistoryRequest>
   </soapenv:Body>
</soapenv:Envelope>]]></con:request><con:credentials><con:selectedAuthProfile>Basic</con:selectedAuthProfile><con:addedBasicAuthenticationTypes>Basic</con:addedBasicAuthenticationTypes><con:authType>Global HTTP Settings</con:authType></con:credentials><con:jmsConfig JMSDeliveryMode="PERSISTENT"/><con:jmsPropertyConfig/><con:wsaConfig mustUnderstand="NONE" version="200508" action="http://fidus.brussels/services/countryservice/getAddressCountryHistory"/><con:wsrmConfig version="1.2"/></con:call></con:operation><con:operation id="5853c5d3-f4fc-4cc9-988f-b4174b2a9126" isOneWay="false" action="http://fidus.brussels/services/countryservice/getAllIsoCodes" name="getAllIsoCodes" bindingOperationName="getAllIsoCodes" type="Request-Response" inputName="" receivesAttachments="false" sendsAttachments="false" anonymous="optional"><con:settings/><con:call id="7875fda0-0e7c-4eb9-a27a-7f29751c3fc4" name="01 - Local - Request" outgoingWss="Outflow DEV" incomingWss="Inflow DEV"><con:settings><con:setting id="com.eviware.soapui.impl.wsdl.WsdlRequest@request-headers">&lt;xml-fragment/></con:setting></con:settings><con:encoding>UTF-8</con:encoding><con:endpoint>https://localhost:8243/services/CountryService_v1.0</con:endpoint><con:request><![CDATA[<soapenv:Envelope xmlns:soapenv="http://schemas.xmlsoap.org/soap/envelope/" xmlns:v1="http://fidus.brussels/service/countryservice/messages/v1" xmlns:v11="http://fidus.brussels/type/common/messages/v1">
   <soapenv:Header/>
   <soapenv:Body>
      <v1:getAllIsoCodesRequest>
         <v1:messageContext>
            <v11:messageId>${=import static java.util.UUID.randomUUID; uuid = randomUUID() as String}</v11:messageId>
            <!--Optional:-->
            <v11:timestamp>${=new java.text.SimpleDateFormat("yyyy-MM-dd'T'HH:mm:ss.SSS").format(new Date())}</v11:timestamp>
         </v1:messageContext>
         <v1:legalContext>ServiceIntegrator</v1:legalContext>
         <v1:request>
            <!--Optional:-->
            <v1:referenceDate>2016-10-06</v1:referenceDate>
         </v1:request>
      </v1:getAllIsoCodesRequest>
   </soapenv:Body>
</soapenv:Envelope>]]></con:request><con:credentials><con:selectedAuthProfile>Basic</con:selectedAuthProfile><con:addedBasicAuthenticationTypes>Basic</con:addedBasicAuthenticationTypes><con:authType>Global HTTP Settings</con:authType></con:credentials><con:jmsConfig JMSDeliveryMode="PERSISTENT"/><con:jmsPropertyConfig/><con:wsaConfig mustUnderstand="NONE" version="200508" action="http://fidus.brussels/services/countryservice/getAllIsoCodes"/><con:wsrmConfig version="1.2"/></con:call><con:call id="ca743506-d38b-43fb-b364-97cc987a7306" name="01 - Local - Request-Invalid_date" outgoingWss="Outflow DEV" incomingWss="Inflow DEV"><con:settings><con:setting id="com.eviware.soapui.impl.wsdl.WsdlRequest@request-headers">&lt;xml-fragment/></con:setting></con:settings><con:encoding>UTF-8</con:encoding><con:endpoint>https://localhost:8243/services/CountryService_v1.0</con:endpoint><con:request><![CDATA[<soapenv:Envelope xmlns:soapenv="http://schemas.xmlsoap.org/soap/envelope/" xmlns:v1="http://fidus.brussels/service/countryservice/messages/v1" xmlns:v11="http://fidus.brussels/type/common/messages/v1">
   <soapenv:Header/>
   <soapenv:Body>
      <v1:getAllIsoCodesRequest>
         <v1:messageContext>
            <v11:messageId>${=import static java.util.UUID.randomUUID; uuid = randomUUID() as String}</v11:messageId>
            <!--Optional:-->
            <v11:timestamp>${=new java.text.SimpleDateFormat("yyyy-MM-dd'T'HH:mm:ss.SSS").format(new Date())}</v11:timestamp>
         </v1:messageContext>
         <v1:legalContext>ServiceIntegrator</v1:legalContext>
         <v1:request>
            <!--Optional:-->
            <v1:referenceDate>2017-10-06</v1:referenceDate>
         </v1:request>
      </v1:getAllIsoCodesRequest>
   </soapenv:Body>
</soapenv:Envelope>]]></con:request><con:credentials><con:selectedAuthProfile>Basic</con:selectedAuthProfile><con:addedBasicAuthenticationTypes>Basic</con:addedBasicAuthenticationTypes><con:authType>Global HTTP Settings</con:authType></con:credentials><con:jmsConfig JMSDeliveryMode="PERSISTENT"/><con:jmsPropertyConfig/><con:wsaConfig mustUnderstand="NONE" version="200508" action="http://fidus.brussels/services/countryservice/getAllIsoCodes"/><con:wsrmConfig version="1.2"/></con:call><con:call id="682c365d-210c-498f-b577-1672852501a0" name="03 - Test Worker1 - Request" outgoingWss="Outflow TEST" incomingWss="Inflow TEST"><con:settings><con:setting id="com.eviware.soapui.impl.wsdl.WsdlRequest@request-headers">&lt;xml-fragment/></con:setting></con:settings><con:encoding>UTF-8</con:encoding><con:endpoint>https://192.168.24.16:8443/services/CountryService_v1.0</con:endpoint><con:request><![CDATA[<soapenv:Envelope xmlns:soapenv="http://schemas.xmlsoap.org/soap/envelope/" xmlns:v1="http://fidus.brussels/service/countryservice/messages/v1" xmlns:v11="http://fidus.brussels/type/common/messages/v1">
   <soapenv:Header/>
   <soapenv:Body>
      <v1:getAllIsoCodesRequest>
         <v1:messageContext>
         	  <v11:messageId>${=import static java.util.UUID.randomUUID; uuid = randomUUID() as String}</v11:messageId>
            <v11:timestamp>${=new java.text.SimpleDateFormat("yyyy-MM-dd'T'HH:mm:ss.SSS").format(new Date())}</v11:timestamp>
         </v1:messageContext>
         <v1:legalContext>ServiceIntegrator</v1:legalContext>
         <v1:request>
            <!--Optional:-->
            <v1:referenceDate>2016-10-06</v1:referenceDate>
         </v1:request>
      </v1:getAllIsoCodesRequest>
   </soapenv:Body>
</soapenv:Envelope>]]></con:request><con:credentials><con:selectedAuthProfile>Basic</con:selectedAuthProfile><con:addedBasicAuthenticationTypes>Basic</con:addedBasicAuthenticationTypes><con:authType>Global HTTP Settings</con:authType></con:credentials><con:jmsConfig JMSDeliveryMode="PERSISTENT"/><con:jmsPropertyConfig/><con:wsaConfig mustUnderstand="NONE" version="200508" action="http://fidus.brussels/services/countryservice/getAllIsoCodes"/><con:wsrmConfig version="1.2"/></con:call><con:call id="8e04fbfe-0da0-4bce-af63-3b4f61d4bb56" name="02 - Dev - Request" outgoingWss="Outflow DEV" incomingWss="Inflow DEV"><con:settings><con:setting id="com.eviware.soapui.impl.wsdl.WsdlRequest@request-headers">&lt;xml-fragment/></con:setting></con:settings><con:encoding>UTF-8</con:encoding><con:endpoint>https://192.168.36.61:8243/services/CountryService_v1.0</con:endpoint><con:request><![CDATA[<soapenv:Envelope xmlns:soapenv="http://schemas.xmlsoap.org/soap/envelope/" xmlns:v1="http://fidus.brussels/service/countryservice/messages/v1" xmlns:v11="http://fidus.brussels/type/common/messages/v1">
   <soapenv:Header/>
   <soapenv:Body>
      <v1:getAllIsoCodesRequest>
         <v1:messageContext>
            <v11:messageId>${=import static java.util.UUID.randomUUID; uuid = randomUUID() as String}</v11:messageId>
            <!--Optional:-->
            <v11:timestamp>${=new java.text.SimpleDateFormat("yyyy-MM-dd'T'HH:mm:ss.SSS").format(new Date())}</v11:timestamp>
         </v1:messageContext>
         <v1:legalContext>ServiceIntegrator</v1:legalContext>
         <v1:request>
            <!--Optional:-->
            <v1:referenceDate>2016-10-06</v1:referenceDate>
         </v1:request>
      </v1:getAllIsoCodesRequest>
   </soapenv:Body>
</soapenv:Envelope>]]></con:request><con:credentials><con:selectedAuthProfile>Basic</con:selectedAuthProfile><con:addedBasicAuthenticationTypes>Basic</con:addedBasicAuthenticationTypes><con:authType>Global HTTP Settings</con:authType></con:credentials><con:jmsConfig JMSDeliveryMode="PERSISTENT"/><con:jmsPropertyConfig/><con:wsaConfig mustUnderstand="NONE" version="200508" action="http://fidus.brussels/services/countryservice/getAllIsoCodes"/><con:wsrmConfig version="1.2"/></con:call><con:call id="44946259-5df3-4718-9e3c-b200700a539b" name="03 - Test External - Request" outgoingWss="Outflow TEST" incomingWss="Inflow TEST"><con:settings><con:setting id="com.eviware.soapui.impl.wsdl.WsdlRequest@request-headers">&lt;xml-fragment/></con:setting></con:settings><con:encoding>UTF-8</con:encoding><con:endpoint>https://fidus-test.irisnetlab.be/services/CountryService_v1.0</con:endpoint><con:request><![CDATA[<soapenv:Envelope xmlns:soapenv="http://schemas.xmlsoap.org/soap/envelope/" xmlns:v1="http://fidus.brussels/service/countryservice/messages/v1" xmlns:v11="http://fidus.brussels/type/common/messages/v1">
   <soapenv:Header/>
   <soapenv:Body>
      <v1:getAllIsoCodesRequest>
         <v1:messageContext>
         	  <v11:messageId>${=import static java.util.UUID.randomUUID; uuid = randomUUID() as String}</v11:messageId>
            <v11:timestamp>${=new java.text.SimpleDateFormat("yyyy-MM-dd'T'HH:mm:ss.SSS").format(new Date())}</v11:timestamp>
         </v1:messageContext>
         <v1:legalContext>ServiceIntegrator</v1:legalContext>
         <v1:request>
            <!--Optional:-->
            <v1:referenceDate>2016-10-06</v1:referenceDate>
         </v1:request>
      </v1:getAllIsoCodesRequest>
   </soapenv:Body>
</soapenv:Envelope>]]></con:request><con:credentials><con:selectedAuthProfile>Basic</con:selectedAuthProfile><con:addedBasicAuthenticationTypes>Basic</con:addedBasicAuthenticationTypes><con:authType>Global HTTP Settings</con:authType></con:credentials><con:jmsConfig JMSDeliveryMode="PERSISTENT"/><con:jmsPropertyConfig/><con:wsaConfig mustUnderstand="NONE" version="200508" action="http://fidus.brussels/services/countryservice/getAllIsoCodes"/><con:wsrmConfig version="1.2"/></con:call><con:call id="6358e559-6354-4602-a0e0-35103d6076db" name="03 - Test LB - Request" outgoingWss="Outflow TEST" incomingWss="Inflow TEST"><con:settings><con:setting id="com.eviware.soapui.impl.wsdl.WsdlRequest@request-headers">&lt;xml-fragment/></con:setting></con:settings><con:encoding>UTF-8</con:encoding><con:endpoint>https://fidus-esb-sg.sta.srv.cirb.lan:8443/services/CountryService_v1.0</con:endpoint><con:request><![CDATA[<soapenv:Envelope xmlns:soapenv="http://schemas.xmlsoap.org/soap/envelope/" xmlns:v1="http://fidus.brussels/service/countryservice/messages/v1" xmlns:v11="http://fidus.brussels/type/common/messages/v1">
   <soapenv:Header/>
   <soapenv:Body>
      <v1:getAllIsoCodesRequest>
         <v1:messageContext>
         	  <v11:messageId>${=import static java.util.UUID.randomUUID; uuid = randomUUID() as String}</v11:messageId>
            <v11:timestamp>${=new java.text.SimpleDateFormat("yyyy-MM-dd'T'HH:mm:ss.SSS").format(new Date())}</v11:timestamp>
         </v1:messageContext>
         <v1:legalContext>ServiceIntegrator</v1:legalContext>
         <v1:request>
            <!--Optional:-->
            <v1:referenceDate>2016-10-06</v1:referenceDate>
         </v1:request>
      </v1:getAllIsoCodesRequest>
   </soapenv:Body>
</soapenv:Envelope>]]></con:request><con:credentials><con:selectedAuthProfile>Basic</con:selectedAuthProfile><con:addedBasicAuthenticationTypes>Basic</con:addedBasicAuthenticationTypes><con:authType>Global HTTP Settings</con:authType></con:credentials><con:jmsConfig JMSDeliveryMode="PERSISTENT"/><con:jmsPropertyConfig/><con:wsaConfig mustUnderstand="NONE" version="200508" action="http://fidus.brussels/services/countryservice/getAllIsoCodes"/><con:wsrmConfig version="1.2"/></con:call><con:call id="ecc97e09-c044-4d1e-8115-012d3206f7a3" name="03 - Test Worker2 - Request" outgoingWss="Outflow TEST" incomingWss="Inflow TEST"><con:settings><con:setting id="com.eviware.soapui.impl.wsdl.WsdlRequest@request-headers">&lt;xml-fragment/></con:setting></con:settings><con:encoding>UTF-8</con:encoding><con:endpoint>https://192.168.24.17:8443/services/CountryService_v1.0</con:endpoint><con:request><![CDATA[<soapenv:Envelope xmlns:soapenv="http://schemas.xmlsoap.org/soap/envelope/" xmlns:v1="http://fidus.brussels/service/countryservice/messages/v1" xmlns:v11="http://fidus.brussels/type/common/messages/v1">
   <soapenv:Header/>
   <soapenv:Body>
      <v1:getAllIsoCodesRequest>
         <v1:messageContext>
         	  <v11:messageId>${=import static java.util.UUID.randomUUID; uuid = randomUUID() as String}</v11:messageId>
            <v11:timestamp>${=new java.text.SimpleDateFormat("yyyy-MM-dd'T'HH:mm:ss.SSS").format(new Date())}</v11:timestamp>
         </v1:messageContext>
         <v1:legalContext>ServiceIntegrator</v1:legalContext>
         <v1:request>
            <!--Optional:-->
            <v1:referenceDate>2016-10-06</v1:referenceDate>
         </v1:request>
      </v1:getAllIsoCodesRequest>
   </soapenv:Body>
</soapenv:Envelope>]]></con:request><con:credentials><con:selectedAuthProfile>Basic</con:selectedAuthProfile><con:addedBasicAuthenticationTypes>Basic</con:addedBasicAuthenticationTypes><con:authType>Global HTTP Settings</con:authType></con:credentials><con:jmsConfig JMSDeliveryMode="PERSISTENT"/><con:jmsPropertyConfig/><con:wsaConfig mustUnderstand="NONE" version="200508" action="http://fidus.brussels/services/countryservice/getAllIsoCodes"/><con:wsrmConfig version="1.2"/></con:call><con:call id="06eeac7e-36fc-47c5-8b86-750a3b11a286" name="04 - Staging External - Request" outgoingWss="Outflow STAGING" incomingWss="Inflow STAGING"><con:settings><con:setting id="com.eviware.soapui.impl.wsdl.WsdlRequest@request-headers">&lt;xml-fragment/></con:setting></con:settings><con:encoding>UTF-8</con:encoding><con:endpoint>https://fidus.irisnetlab.be/services/CountryService_v1.0</con:endpoint><con:request><![CDATA[<soapenv:Envelope xmlns:soapenv="http://schemas.xmlsoap.org/soap/envelope/" xmlns:v1="http://fidus.brussels/service/countryservice/messages/v1" xmlns:v11="http://fidus.brussels/type/common/messages/v1">
   <soapenv:Header/>
   <soapenv:Body>
      <v1:getAllIsoCodesRequest>
         <v1:messageContext>
         	  <v11:messageId>${=import static java.util.UUID.randomUUID; uuid = randomUUID() as String}</v11:messageId>
            <v11:timestamp>${=new java.text.SimpleDateFormat("yyyy-MM-dd'T'HH:mm:ss.SSS").format(new Date())}</v11:timestamp>
         </v1:messageContext>
         <v1:legalContext>ServiceIntegrator</v1:legalContext>
         <v1:request>
            <!--Optional:-->
            <v1:referenceDate>2016-10-06</v1:referenceDate>
         </v1:request>
      </v1:getAllIsoCodesRequest>
   </soapenv:Body>
</soapenv:Envelope>]]></con:request><con:credentials><con:selectedAuthProfile>Basic</con:selectedAuthProfile><con:addedBasicAuthenticationTypes>Basic</con:addedBasicAuthenticationTypes><con:authType>Global HTTP Settings</con:authType></con:credentials><con:jmsConfig JMSDeliveryMode="PERSISTENT"/><con:jmsPropertyConfig/><con:wsaConfig mustUnderstand="NONE" version="200508" action="http://fidus.brussels/services/countryservice/getAllIsoCodes"/><con:wsrmConfig version="1.2"/></con:call><con:call id="bb5c777b-db03-46ea-b03f-80b4a0fd3a04" name="04 - Staging LB - Request" outgoingWss="Outflow STAGING" incomingWss="Inflow STAGING"><con:settings><con:setting id="com.eviware.soapui.impl.wsdl.WsdlRequest@request-headers">&lt;xml-fragment/></con:setting></con:settings><con:encoding>UTF-8</con:encoding><con:endpoint>https://fidus-esb-sg.sta.srv.cirb.lan:8443/services/CountryService_v1.0</con:endpoint><con:request><![CDATA[<soapenv:Envelope xmlns:soapenv="http://schemas.xmlsoap.org/soap/envelope/" xmlns:v1="http://fidus.brussels/service/countryservice/messages/v1" xmlns:v11="http://fidus.brussels/type/common/messages/v1">
   <soapenv:Header/>
   <soapenv:Body>
      <v1:getAllIsoCodesRequest>
         <v1:messageContext>
         	  <v11:messageId>${=import static java.util.UUID.randomUUID; uuid = randomUUID() as String}</v11:messageId>
            <v11:timestamp>${=new java.text.SimpleDateFormat("yyyy-MM-dd'T'HH:mm:ss.SSS").format(new Date())}</v11:timestamp>
         </v1:messageContext>
         <v1:legalContext>ServiceIntegrator</v1:legalContext>
         <v1:request>
            <!--Optional:-->
            <v1:referenceDate>2016-10-06</v1:referenceDate>
         </v1:request>
      </v1:getAllIsoCodesRequest>
   </soapenv:Body>
</soapenv:Envelope>]]></con:request><con:credentials><con:selectedAuthProfile>Basic</con:selectedAuthProfile><con:addedBasicAuthenticationTypes>Basic</con:addedBasicAuthenticationTypes><con:authType>Global HTTP Settings</con:authType></con:credentials><con:jmsConfig JMSDeliveryMode="PERSISTENT"/><con:jmsPropertyConfig/><con:wsaConfig mustUnderstand="NONE" version="200508" action="http://fidus.brussels/services/countryservice/getAllIsoCodes"/><con:wsrmConfig version="1.2"/></con:call><con:call id="40a7a57b-6577-448b-ab01-c4e45ca69e78" name="04 - Staging Worker1 - Request" outgoingWss="Outflow STAGING" incomingWss="Inflow STAGING"><con:settings><con:setting id="com.eviware.soapui.impl.wsdl.WsdlRequest@request-headers">&lt;xml-fragment/></con:setting></con:settings><con:encoding>UTF-8</con:encoding><con:endpoint>https://192.168.24.16:8443/services/CountryService_v1.0</con:endpoint><con:request><![CDATA[<soapenv:Envelope xmlns:soapenv="http://schemas.xmlsoap.org/soap/envelope/" xmlns:v1="http://fidus.brussels/service/countryservice/messages/v1" xmlns:v11="http://fidus.brussels/type/common/messages/v1">
   <soapenv:Header/>
   <soapenv:Body>
      <v1:getAllIsoCodesRequest>
         <v1:messageContext>
         	  <v11:messageId>${=import static java.util.UUID.randomUUID; uuid = randomUUID() as String}</v11:messageId>
            <v11:timestamp>${=new java.text.SimpleDateFormat("yyyy-MM-dd'T'HH:mm:ss.SSS").format(new Date())}</v11:timestamp>
         </v1:messageContext>
         <v1:legalContext>ServiceIntegrator</v1:legalContext>
         <v1:request>
            <!--Optional:-->
            <v1:referenceDate>2016-10-06</v1:referenceDate>
         </v1:request>
      </v1:getAllIsoCodesRequest>
   </soapenv:Body>
</soapenv:Envelope>]]></con:request><con:credentials><con:selectedAuthProfile>Basic</con:selectedAuthProfile><con:addedBasicAuthenticationTypes>Basic</con:addedBasicAuthenticationTypes><con:authType>Global HTTP Settings</con:authType></con:credentials><con:jmsConfig JMSDeliveryMode="PERSISTENT"/><con:jmsPropertyConfig/><con:wsaConfig mustUnderstand="NONE" version="200508" action="http://fidus.brussels/services/countryservice/getAllIsoCodes"/><con:wsrmConfig version="1.2"/></con:call><con:call id="06991228-144d-406f-a4a5-6309ee538bd9" name="04 - Staging Worker2 - Request" outgoingWss="Outflow STAGING" incomingWss="Inflow STAGING"><con:settings><con:setting id="com.eviware.soapui.impl.wsdl.WsdlRequest@request-headers">&lt;xml-fragment/></con:setting></con:settings><con:encoding>UTF-8</con:encoding><con:endpoint>https://192.168.24.17:8443/services/CountryService_v1.0</con:endpoint><con:request><![CDATA[<soapenv:Envelope xmlns:soapenv="http://schemas.xmlsoap.org/soap/envelope/" xmlns:v1="http://fidus.brussels/service/countryservice/messages/v1" xmlns:v11="http://fidus.brussels/type/common/messages/v1">
   <soapenv:Header/>
   <soapenv:Body>
      <v1:getAllIsoCodesRequest>
         <v1:messageContext>
         	  <v11:messageId>${=import static java.util.UUID.randomUUID; uuid = randomUUID() as String}</v11:messageId>
            <v11:timestamp>${=new java.text.SimpleDateFormat("yyyy-MM-dd'T'HH:mm:ss.SSS").format(new Date())}</v11:timestamp>
         </v1:messageContext>
         <v1:legalContext>ServiceIntegrator</v1:legalContext>
         <v1:request>
            <!--Optional:-->
            <v1:referenceDate>2016-10-06</v1:referenceDate>
         </v1:request>
      </v1:getAllIsoCodesRequest>
   </soapenv:Body>
</soapenv:Envelope>]]></con:request><con:credentials><con:selectedAuthProfile>Basic</con:selectedAuthProfile><con:addedBasicAuthenticationTypes>Basic</con:addedBasicAuthenticationTypes><con:authType>Global HTTP Settings</con:authType></con:credentials><con:jmsConfig JMSDeliveryMode="PERSISTENT"/><con:jmsPropertyConfig/><con:wsaConfig mustUnderstand="NONE" version="200508" action="http://fidus.brussels/services/countryservice/getAllIsoCodes"/><con:wsrmConfig version="1.2"/></con:call><con:call id="e83419fa-8dcf-40c9-8a68-19072bee3d24" name="02 - DevNew - Request" outgoingWss="Outflow DEV" incomingWss="Inflow DEV"><con:settings><con:setting id="com.eviware.soapui.impl.wsdl.WsdlRequest@request-headers">&lt;xml-fragment/></con:setting></con:settings><con:encoding>UTF-8</con:encoding><con:endpoint>https://192.168.36.75:8243/services/CountryService_v1.0</con:endpoint><con:request><![CDATA[<soapenv:Envelope xmlns:soapenv="http://schemas.xmlsoap.org/soap/envelope/" xmlns:v1="http://fidus.brussels/service/countryservice/messages/v1" xmlns:v11="http://fidus.brussels/type/common/messages/v1">
   <soapenv:Header/>
   <soapenv:Body>
      <v1:getAllIsoCodesRequest>
         <v1:messageContext>
            <v11:messageId>${=import static java.util.UUID.randomUUID; uuid = randomUUID() as String}</v11:messageId>
            <!--Optional:-->
            <v11:timestamp>${=new java.text.SimpleDateFormat("yyyy-MM-dd'T'HH:mm:ss.SSS").format(new Date())}</v11:timestamp>
         </v1:messageContext>
         <v1:legalContext>ServiceIntegrator</v1:legalContext>
         <v1:request>
            <!--Optional:-->
            <v1:referenceDate>2016-10-06</v1:referenceDate>
         </v1:request>
      </v1:getAllIsoCodesRequest>
   </soapenv:Body>
</soapenv:Envelope>]]></con:request><con:credentials><con:selectedAuthProfile>Basic</con:selectedAuthProfile><con:addedBasicAuthenticationTypes>Basic</con:addedBasicAuthenticationTypes><con:authType>Global HTTP Settings</con:authType></con:credentials><con:jmsConfig JMSDeliveryMode="PERSISTENT"/><con:jmsPropertyConfig/><con:wsaConfig mustUnderstand="NONE" version="200508" action="http://fidus.brussels/services/countryservice/getAllIsoCodes"/><con:wsrmConfig version="1.2"/></con:call><con:call id="fcf544f6-0a37-41b8-98ab-a9b22560644e" name="05 - Prod - External - Request" outgoingWss="Outflow PROD" incomingWss="Inflow PROD"><con:settings><con:setting id="com.eviware.soapui.impl.wsdl.WsdlRequest@request-headers">&lt;xml-fragment/></con:setting></con:settings><con:encoding>UTF-8</con:encoding><con:endpoint>https://fidus.sec.brussels/services/CountryService_v1.0</con:endpoint><con:request><![CDATA[<soapenv:Envelope xmlns:soapenv="http://schemas.xmlsoap.org/soap/envelope/" xmlns:v1="http://fidus.brussels/service/countryservice/messages/v1" xmlns:v11="http://fidus.brussels/type/common/messages/v1">
   <soapenv:Header/>
   <soapenv:Body>
      <v1:getAllIsoCodesRequest>
         <v1:messageContext>
         	  <v11:messageId>${=import static java.util.UUID.randomUUID; uuid = randomUUID() as String}</v11:messageId>
            <v11:timestamp>${=new java.text.SimpleDateFormat("yyyy-MM-dd'T'HH:mm:ss.SSS").format(new Date())}</v11:timestamp>
         </v1:messageContext>
         <v1:legalContext>ServiceIntegrator</v1:legalContext>
         <v1:request>
            <!--Optional:-->
            <v1:referenceDate>2016-10-06</v1:referenceDate>
         </v1:request>
      </v1:getAllIsoCodesRequest>
   </soapenv:Body>
</soapenv:Envelope>]]></con:request><con:credentials><con:selectedAuthProfile>Basic</con:selectedAuthProfile><con:addedBasicAuthenticationTypes>Basic</con:addedBasicAuthenticationTypes><con:authType>Global HTTP Settings</con:authType></con:credentials><con:jmsConfig JMSDeliveryMode="PERSISTENT"/><con:jmsPropertyConfig/><con:wsaConfig mustUnderstand="NONE" version="200508" action="http://fidus.brussels/services/countryservice/getAllIsoCodes"/><con:wsrmConfig version="1.2"/></con:call></con:operation><con:operation id="99a02a60-38c2-4fbd-b8dc-64df25ab0598" isOneWay="false" action="http://fidus.brussels/services/countryservice/getAllNisCodes" name="getAllNisCodes" bindingOperationName="getAllNisCodes" type="Request-Response" inputName="" receivesAttachments="false" sendsAttachments="false" anonymous="optional"><con:settings/><con:call id="8f8f702c-e21e-452b-873d-e7174934bf01" name="01 - Local - Request" outgoingWss="Outflow DEV" incomingWss="Inflow DEV"><con:settings><con:setting id="com.eviware.soapui.impl.wsdl.WsdlRequest@request-headers">&lt;xml-fragment/></con:setting></con:settings><con:encoding>UTF-8</con:encoding><con:endpoint>https://localhost:8243/services/CountryService_v1.0</con:endpoint><con:request><![CDATA[<soapenv:Envelope xmlns:soapenv="http://schemas.xmlsoap.org/soap/envelope/" xmlns:v1="http://fidus.brussels/service/countryservice/messages/v1" xmlns:v11="http://fidus.brussels/type/common/messages/v1">
   <soapenv:Header/>
   <soapenv:Body>
      <v1:getAllNisCodesRequest>
         <v1:messageContext>
            <v11:messageId>${=import static java.util.UUID.randomUUID; uuid = randomUUID() as String}</v11:messageId>            
            <v11:timestamp>${=new java.text.SimpleDateFormat("yyyy-MM-dd'T'HH:mm:ss.SSS").format(new Date())}</v11:timestamp>
         </v1:messageContext>
         <v1:legalContext>ServiceIntegrator</v1:legalContext>
         <v1:request>
            <!--Optional:-->
            <v1:referenceDate>2016-10-13</v1:referenceDate>
         </v1:request>
      </v1:getAllNisCodesRequest>
   </soapenv:Body>
</soapenv:Envelope>]]></con:request><con:credentials><con:selectedAuthProfile>Basic</con:selectedAuthProfile><con:addedBasicAuthenticationTypes>Basic</con:addedBasicAuthenticationTypes><con:authType>Global HTTP Settings</con:authType></con:credentials><con:jmsConfig JMSDeliveryMode="PERSISTENT"/><con:jmsPropertyConfig/><con:wsaConfig mustUnderstand="NONE" version="200508" action="http://fidus.brussels/services/countryservice/getAllNisCodes"/><con:wsrmConfig version="1.2"/></con:call><con:call id="2cae5ad4-0a1b-469f-82d5-480b1fbe7b4c" name="01 - Local - Request-Invalid_date" outgoingWss="Outflow DEV" incomingWss="Inflow DEV"><con:settings><con:setting id="com.eviware.soapui.impl.wsdl.WsdlRequest@request-headers">&lt;xml-fragment/></con:setting></con:settings><con:encoding>UTF-8</con:encoding><con:endpoint>https://localhost:8243/services/CountryService_v1.0</con:endpoint><con:request><![CDATA[<soapenv:Envelope xmlns:soapenv="http://schemas.xmlsoap.org/soap/envelope/" xmlns:v1="http://fidus.brussels/service/countryservice/messages/v1" xmlns:v11="http://fidus.brussels/type/common/messages/v1">
   <soapenv:Header/>
   <soapenv:Body>
      <v1:getAllNisCodesRequest>
         <v1:messageContext>
            <v11:messageId>${=import static java.util.UUID.randomUUID; uuid = randomUUID() as String}</v11:messageId>            
            <v11:timestamp>${=new java.text.SimpleDateFormat("yyyy-MM-dd'T'HH:mm:ss.SSS").format(new Date())}</v11:timestamp>
         </v1:messageContext>
         <v1:legalContext>ServiceIntegrator</v1:legalContext>
         <v1:request>
            <!--Optional:-->
            <v1:referenceDate>2016-10-18</v1:referenceDate>
         </v1:request>
      </v1:getAllNisCodesRequest>
   </soapenv:Body>
</soapenv:Envelope>]]></con:request><con:credentials><con:selectedAuthProfile>Basic</con:selectedAuthProfile><con:addedBasicAuthenticationTypes>Basic</con:addedBasicAuthenticationTypes><con:authType>Global HTTP Settings</con:authType></con:credentials><con:jmsConfig JMSDeliveryMode="PERSISTENT"/><con:jmsPropertyConfig/><con:wsaConfig mustUnderstand="NONE" version="200508" action="http://fidus.brussels/services/countryservice/getAllNisCodes"/><con:wsrmConfig version="1.2"/></con:call><con:call id="b46177de-e43e-4849-8d0b-cf23b3b18fb2" name="02 - Dev - Request" outgoingWss="Outflow DEV" incomingWss="Inflow DEV"><con:settings><con:setting id="com.eviware.soapui.impl.wsdl.WsdlRequest@request-headers">&lt;xml-fragment/></con:setting></con:settings><con:encoding>UTF-8</con:encoding><con:endpoint>https://192.168.36.61:8243/services/CountryService_v1.0</con:endpoint><con:request><![CDATA[<soapenv:Envelope xmlns:soapenv="http://schemas.xmlsoap.org/soap/envelope/" xmlns:v1="http://fidus.brussels/service/countryservice/messages/v1" xmlns:v11="http://fidus.brussels/type/common/messages/v1">
   <soapenv:Header/>
   <soapenv:Body>
      <v1:getAllNisCodesRequest>
         <v1:messageContext>
            <v11:messageId>${=import static java.util.UUID.randomUUID; uuid = randomUUID() as String}</v11:messageId>            
            <v11:timestamp>${=new java.text.SimpleDateFormat("yyyy-MM-dd'T'HH:mm:ss.SSS").format(new Date())}</v11:timestamp>
         </v1:messageContext>
         <v1:legalContext>ServiceIntegrator</v1:legalContext>
         <v1:request>
            <!--Optional:-->
            <v1:referenceDate>2016-10-13</v1:referenceDate>
         </v1:request>
      </v1:getAllNisCodesRequest>
   </soapenv:Body>
</soapenv:Envelope>]]></con:request><con:credentials><con:selectedAuthProfile>Basic</con:selectedAuthProfile><con:addedBasicAuthenticationTypes>Basic</con:addedBasicAuthenticationTypes><con:authType>Global HTTP Settings</con:authType></con:credentials><con:jmsConfig JMSDeliveryMode="PERSISTENT"/><con:jmsPropertyConfig/><con:wsaConfig mustUnderstand="NONE" version="200508" action="http://fidus.brussels/services/countryservice/getAllNisCodes"/><con:wsrmConfig version="1.2"/></con:call><con:call id="9e613898-8b23-4b72-8c54-c385e375fe28" name="03 - Test External - Request" outgoingWss="Outflow TEST" incomingWss="Inflow TEST"><con:settings><con:setting id="com.eviware.soapui.impl.wsdl.WsdlRequest@request-headers">&lt;xml-fragment/></con:setting></con:settings><con:encoding>UTF-8</con:encoding><con:endpoint>https://fidus-test.irisnetlab.be/services/CountryService_v1.0</con:endpoint><con:request><![CDATA[<soapenv:Envelope xmlns:soapenv="http://schemas.xmlsoap.org/soap/envelope/" xmlns:v1="http://fidus.brussels/service/countryservice/messages/v1" xmlns:v11="http://fidus.brussels/type/common/messages/v1">
   <soapenv:Header/>
   <soapenv:Body>
      <v1:getAllNisCodesRequest>
         <v1:messageContext>
            <v11:messageId>${=import static java.util.UUID.randomUUID; uuid = randomUUID() as String}</v11:messageId>            
            <v11:timestamp>${=new java.text.SimpleDateFormat("yyyy-MM-dd'T'HH:mm:ss.SSS").format(new Date())}</v11:timestamp>
         </v1:messageContext>
         <v1:legalContext>ServiceIntegrator</v1:legalContext>
         <v1:request>
            <!--Optional:-->
            <v1:referenceDate>2016-10-13</v1:referenceDate>
         </v1:request>
      </v1:getAllNisCodesRequest>
   </soapenv:Body>
</soapenv:Envelope>]]></con:request><con:credentials><con:selectedAuthProfile>Basic</con:selectedAuthProfile><con:addedBasicAuthenticationTypes>Basic</con:addedBasicAuthenticationTypes><con:authType>Global HTTP Settings</con:authType></con:credentials><con:jmsConfig JMSDeliveryMode="PERSISTENT"/><con:jmsPropertyConfig/><con:wsaConfig mustUnderstand="NONE" version="200508" action="http://fidus.brussels/services/countryservice/getAllNisCodes"/><con:wsrmConfig version="1.2"/></con:call><con:call id="dab9f481-25d5-49fb-949f-e0d34406b24a" name="03 - Test LB - Request" outgoingWss="Outflow TEST" incomingWss="Inflow TEST"><con:settings><con:setting id="com.eviware.soapui.impl.wsdl.WsdlRequest@request-headers">&lt;xml-fragment/></con:setting></con:settings><con:encoding>UTF-8</con:encoding><con:endpoint>https://fidus-esb-sg.sta.srv.cirb.lan:8443/services/CountryService_v1.0</con:endpoint><con:request><![CDATA[<soapenv:Envelope xmlns:soapenv="http://schemas.xmlsoap.org/soap/envelope/" xmlns:v1="http://fidus.brussels/service/countryservice/messages/v1" xmlns:v11="http://fidus.brussels/type/common/messages/v1">
   <soapenv:Header/>
   <soapenv:Body>
      <v1:getAllNisCodesRequest>
         <v1:messageContext>
            <v11:messageId>${=import static java.util.UUID.randomUUID; uuid = randomUUID() as String}</v11:messageId>            
            <v11:timestamp>${=new java.text.SimpleDateFormat("yyyy-MM-dd'T'HH:mm:ss.SSS").format(new Date())}</v11:timestamp>
         </v1:messageContext>
         <v1:legalContext>ServiceIntegrator</v1:legalContext>
         <v1:request>
            <!--Optional:-->
            <v1:referenceDate>2016-10-13</v1:referenceDate>
         </v1:request>
      </v1:getAllNisCodesRequest>
   </soapenv:Body>
</soapenv:Envelope>]]></con:request><con:credentials><con:selectedAuthProfile>Basic</con:selectedAuthProfile><con:addedBasicAuthenticationTypes>Basic</con:addedBasicAuthenticationTypes><con:authType>Global HTTP Settings</con:authType></con:credentials><con:jmsConfig JMSDeliveryMode="PERSISTENT"/><con:jmsPropertyConfig/><con:wsaConfig mustUnderstand="NONE" version="200508" action="http://fidus.brussels/services/countryservice/getAllNisCodes"/><con:wsrmConfig version="1.2"/></con:call><con:call id="43f85fef-9e89-4cd8-aebd-e9f6085f4eed" name="03 - Test Worker1 - Request" outgoingWss="Outflow TEST" incomingWss="Inflow TEST"><con:settings><con:setting id="com.eviware.soapui.impl.wsdl.WsdlRequest@request-headers">&lt;xml-fragment/></con:setting></con:settings><con:encoding>UTF-8</con:encoding><con:endpoint>https://192.168.24.16:8443/services/CountryService_v1.0</con:endpoint><con:request><![CDATA[<soapenv:Envelope xmlns:soapenv="http://schemas.xmlsoap.org/soap/envelope/" xmlns:v1="http://fidus.brussels/service/countryservice/messages/v1" xmlns:v11="http://fidus.brussels/type/common/messages/v1">
   <soapenv:Header/>
   <soapenv:Body>
      <v1:getAllNisCodesRequest>
         <v1:messageContext>
            <v11:messageId>${=import static java.util.UUID.randomUUID; uuid = randomUUID() as String}</v11:messageId>            
            <v11:timestamp>${=new java.text.SimpleDateFormat("yyyy-MM-dd'T'HH:mm:ss.SSS").format(new Date())}</v11:timestamp>
         </v1:messageContext>
         <v1:legalContext>ServiceIntegrator</v1:legalContext>
         <v1:request>
            <!--Optional:-->
            <v1:referenceDate>2016-10-13</v1:referenceDate>
         </v1:request>
      </v1:getAllNisCodesRequest>
   </soapenv:Body>
</soapenv:Envelope>]]></con:request><con:credentials><con:selectedAuthProfile>Basic</con:selectedAuthProfile><con:addedBasicAuthenticationTypes>Basic</con:addedBasicAuthenticationTypes><con:authType>Global HTTP Settings</con:authType></con:credentials><con:jmsConfig JMSDeliveryMode="PERSISTENT"/><con:jmsPropertyConfig/><con:wsaConfig mustUnderstand="NONE" version="200508" action="http://fidus.brussels/services/countryservice/getAllNisCodes"/><con:wsrmConfig version="1.2"/></con:call><con:call id="46e2f336-4a13-4089-8f1a-47d107b04caa" name="03 - Test Worker2 - Request" outgoingWss="Outflow TEST" incomingWss="Inflow TEST"><con:settings><con:setting id="com.eviware.soapui.impl.wsdl.WsdlRequest@request-headers">&lt;xml-fragment/></con:setting></con:settings><con:encoding>UTF-8</con:encoding><con:endpoint>https://192.168.24.17:8443/services/CountryService_v1.0</con:endpoint><con:request><![CDATA[<soapenv:Envelope xmlns:soapenv="http://schemas.xmlsoap.org/soap/envelope/" xmlns:v1="http://fidus.brussels/service/countryservice/messages/v1" xmlns:v11="http://fidus.brussels/type/common/messages/v1">
   <soapenv:Header/>
   <soapenv:Body>
      <v1:getAllNisCodesRequest>
         <v1:messageContext>
            <v11:messageId>${=import static java.util.UUID.randomUUID; uuid = randomUUID() as String}</v11:messageId>            
            <v11:timestamp>${=new java.text.SimpleDateFormat("yyyy-MM-dd'T'HH:mm:ss.SSS").format(new Date())}</v11:timestamp>
         </v1:messageContext>
         <v1:legalContext>ServiceIntegrator</v1:legalContext>
         <v1:request>
            <!--Optional:-->
            <v1:referenceDate>2016-10-13</v1:referenceDate>
         </v1:request>
      </v1:getAllNisCodesRequest>
   </soapenv:Body>
</soapenv:Envelope>]]></con:request><con:credentials><con:selectedAuthProfile>Basic</con:selectedAuthProfile><con:addedBasicAuthenticationTypes>Basic</con:addedBasicAuthenticationTypes><con:authType>Global HTTP Settings</con:authType></con:credentials><con:jmsConfig JMSDeliveryMode="PERSISTENT"/><con:jmsPropertyConfig/><con:wsaConfig mustUnderstand="NONE" version="200508" action="http://fidus.brussels/services/countryservice/getAllNisCodes"/><con:wsrmConfig version="1.2"/></con:call><con:call id="bf468311-affb-476e-8540-4f6259feedad" name="04 - Staging External - Request" outgoingWss="Outflow STAGING" incomingWss="Inflow STAGING"><con:settings><con:setting id="com.eviware.soapui.impl.wsdl.WsdlRequest@request-headers">&lt;xml-fragment/></con:setting></con:settings><con:encoding>UTF-8</con:encoding><con:endpoint>https://fidus.irisnetlab.be/services/CountryService_v1.0</con:endpoint><con:request><![CDATA[<soapenv:Envelope xmlns:soapenv="http://schemas.xmlsoap.org/soap/envelope/" xmlns:v1="http://fidus.brussels/service/countryservice/messages/v1" xmlns:v11="http://fidus.brussels/type/common/messages/v1">
   <soapenv:Header/>
   <soapenv:Body>
      <v1:getAllNisCodesRequest>
         <v1:messageContext>
            <v11:messageId>${=import static java.util.UUID.randomUUID; uuid = randomUUID() as String}</v11:messageId>            
            <v11:timestamp>${=new java.text.SimpleDateFormat("yyyy-MM-dd'T'HH:mm:ss.SSS").format(new Date())}</v11:timestamp>
         </v1:messageContext>
         <v1:legalContext>ServiceIntegrator</v1:legalContext>
         <v1:request>
            <!--Optional:-->
            <v1:referenceDate>2016-10-13</v1:referenceDate>
         </v1:request>
      </v1:getAllNisCodesRequest>
   </soapenv:Body>
</soapenv:Envelope>]]></con:request><con:credentials><con:selectedAuthProfile>Basic</con:selectedAuthProfile><con:addedBasicAuthenticationTypes>Basic</con:addedBasicAuthenticationTypes><con:authType>Global HTTP Settings</con:authType></con:credentials><con:jmsConfig JMSDeliveryMode="PERSISTENT"/><con:jmsPropertyConfig/><con:wsaConfig mustUnderstand="NONE" version="200508" action="http://fidus.brussels/services/countryservice/getAllNisCodes"/><con:wsrmConfig version="1.2"/></con:call><con:call id="cfac1903-717f-4b49-b47d-5a34302f6396" name="04 - Staging LB - Request" outgoingWss="Outflow STAGING" incomingWss="Inflow STAGING"><con:settings><con:setting id="com.eviware.soapui.impl.wsdl.WsdlRequest@request-headers">&lt;xml-fragment/></con:setting></con:settings><con:encoding>UTF-8</con:encoding><con:endpoint>https://fidus-esb-sg.sta.srv.cirb.lan:8443/services/CountryService_v1.0</con:endpoint><con:request><![CDATA[<soapenv:Envelope xmlns:soapenv="http://schemas.xmlsoap.org/soap/envelope/" xmlns:v1="http://fidus.brussels/service/countryservice/messages/v1" xmlns:v11="http://fidus.brussels/type/common/messages/v1">
   <soapenv:Header/>
   <soapenv:Body>
      <v1:getAllNisCodesRequest>
         <v1:messageContext>
            <v11:messageId>${=import static java.util.UUID.randomUUID; uuid = randomUUID() as String}</v11:messageId>            
            <v11:timestamp>${=new java.text.SimpleDateFormat("yyyy-MM-dd'T'HH:mm:ss.SSS").format(new Date())}</v11:timestamp>
         </v1:messageContext>
         <v1:legalContext>ServiceIntegrator</v1:legalContext>
         <v1:request>
            <!--Optional:-->
            <v1:referenceDate>2016-10-13</v1:referenceDate>
         </v1:request>
      </v1:getAllNisCodesRequest>
   </soapenv:Body>
</soapenv:Envelope>]]></con:request><con:credentials><con:selectedAuthProfile>Basic</con:selectedAuthProfile><con:addedBasicAuthenticationTypes>Basic</con:addedBasicAuthenticationTypes><con:authType>Global HTTP Settings</con:authType></con:credentials><con:jmsConfig JMSDeliveryMode="PERSISTENT"/><con:jmsPropertyConfig/><con:wsaConfig mustUnderstand="NONE" version="200508" action="http://fidus.brussels/services/countryservice/getAllNisCodes"/><con:wsrmConfig version="1.2"/></con:call><con:call id="d0f13642-4688-4103-bb39-281fe9b6327e" name="04 - Staging Worker1 - Request" outgoingWss="Outflow STAGING" incomingWss="Inflow STAGING"><con:settings><con:setting id="com.eviware.soapui.impl.wsdl.WsdlRequest@request-headers">&lt;xml-fragment/></con:setting></con:settings><con:encoding>UTF-8</con:encoding><con:endpoint>https://192.168.24.16:8443/services/CountryService_v1.0</con:endpoint><con:request><![CDATA[<soapenv:Envelope xmlns:soapenv="http://schemas.xmlsoap.org/soap/envelope/" xmlns:v1="http://fidus.brussels/service/countryservice/messages/v1" xmlns:v11="http://fidus.brussels/type/common/messages/v1">
   <soapenv:Header/>
   <soapenv:Body>
      <v1:getAllNisCodesRequest>
         <v1:messageContext>
            <v11:messageId>${=import static java.util.UUID.randomUUID; uuid = randomUUID() as String}</v11:messageId>            
            <v11:timestamp>${=new java.text.SimpleDateFormat("yyyy-MM-dd'T'HH:mm:ss.SSS").format(new Date())}</v11:timestamp>
         </v1:messageContext>
         <v1:legalContext>ServiceIntegrator</v1:legalContext>
         <v1:request>
            <!--Optional:-->
            <v1:referenceDate>2016-10-13</v1:referenceDate>
         </v1:request>
      </v1:getAllNisCodesRequest>
   </soapenv:Body>
</soapenv:Envelope>]]></con:request><con:credentials><con:selectedAuthProfile>Basic</con:selectedAuthProfile><con:addedBasicAuthenticationTypes>Basic</con:addedBasicAuthenticationTypes><con:authType>Global HTTP Settings</con:authType></con:credentials><con:jmsConfig JMSDeliveryMode="PERSISTENT"/><con:jmsPropertyConfig/><con:wsaConfig mustUnderstand="NONE" version="200508" action="http://fidus.brussels/services/countryservice/getAllNisCodes"/><con:wsrmConfig version="1.2"/></con:call><con:call id="5d278922-b100-4634-b72a-016735f7ced5" name="02 - DevNew - Request" outgoingWss="Outflow DEV" incomingWss="Inflow DEV"><con:settings><con:setting id="com.eviware.soapui.impl.wsdl.WsdlRequest@request-headers">&lt;xml-fragment/></con:setting></con:settings><con:encoding>UTF-8</con:encoding><con:endpoint>https://192.168.36.75:8243/services/CountryService_v1.0</con:endpoint><con:request><![CDATA[<soapenv:Envelope xmlns:soapenv="http://schemas.xmlsoap.org/soap/envelope/" xmlns:v1="http://fidus.brussels/service/countryservice/messages/v1" xmlns:v11="http://fidus.brussels/type/common/messages/v1">
   <soapenv:Header/>
   <soapenv:Body>
      <v1:getAllNisCodesRequest>
         <v1:messageContext>
            <v11:messageId>${=import static java.util.UUID.randomUUID; uuid = randomUUID() as String}</v11:messageId>            
            <v11:timestamp>${=new java.text.SimpleDateFormat("yyyy-MM-dd'T'HH:mm:ss.SSS").format(new Date())}</v11:timestamp>
         </v1:messageContext>
         <v1:legalContext>ServiceIntegrator</v1:legalContext>
         <v1:request>
            <!--Optional:-->
            <v1:referenceDate>2016-10-13</v1:referenceDate>
         </v1:request>
      </v1:getAllNisCodesRequest>
   </soapenv:Body>
</soapenv:Envelope>]]></con:request><con:credentials><con:selectedAuthProfile>Basic</con:selectedAuthProfile><con:addedBasicAuthenticationTypes>Basic</con:addedBasicAuthenticationTypes><con:authType>Global HTTP Settings</con:authType></con:credentials><con:jmsConfig JMSDeliveryMode="PERSISTENT"/><con:jmsPropertyConfig/><con:wsaConfig mustUnderstand="NONE" version="200508" action="http://fidus.brussels/services/countryservice/getAllNisCodes"/><con:wsrmConfig version="1.2"/></con:call><con:call id="ed5ddcdc-849f-42a3-b2ff-89c7f83aa913" name="05 - Prod - External - Request" outgoingWss="Outflow PROD" incomingWss="Inflow PROD"><con:settings><con:setting id="com.eviware.soapui.impl.wsdl.WsdlRequest@request-headers">&lt;xml-fragment/></con:setting></con:settings><con:encoding>UTF-8</con:encoding><con:endpoint>https://fidus.sec.brussels/services/CountryService_v1.0</con:endpoint><con:request><![CDATA[<soapenv:Envelope xmlns:soapenv="http://schemas.xmlsoap.org/soap/envelope/" xmlns:v1="http://fidus.brussels/service/countryservice/messages/v1" xmlns:v11="http://fidus.brussels/type/common/messages/v1">
   <soapenv:Header/>
   <soapenv:Body>
      <v1:getAllNisCodesRequest>
         <v1:messageContext>
            <v11:messageId>${=import static java.util.UUID.randomUUID; uuid = randomUUID() as String}</v11:messageId>            
            <v11:timestamp>${=new java.text.SimpleDateFormat("yyyy-MM-dd'T'HH:mm:ss.SSS").format(new Date())}</v11:timestamp>
         </v1:messageContext>
         <v1:legalContext>ServiceIntegrator</v1:legalContext>
         <v1:request>
            <!--Optional:-->
            <v1:referenceDate>2016-10-13</v1:referenceDate>
         </v1:request>
      </v1:getAllNisCodesRequest>
   </soapenv:Body>
</soapenv:Envelope>]]></con:request><con:credentials><con:selectedAuthProfile>Basic</con:selectedAuthProfile><con:addedBasicAuthenticationTypes>Basic</con:addedBasicAuthenticationTypes><con:authType>Global HTTP Settings</con:authType></con:credentials><con:jmsConfig JMSDeliveryMode="PERSISTENT"/><con:jmsPropertyConfig/><con:wsaConfig mustUnderstand="NONE" version="200508" action="http://fidus.brussels/services/countryservice/getAllNisCodes"/><con:wsrmConfig version="1.2"/></con:call></con:operation><con:operation id="d9b91d9d-2077-4cab-b2f0-d02470bd205a" isOneWay="false" action="http://fidus.brussels/services/countryservice/getNationalities" name="getNationalities" bindingOperationName="getNationalities" type="Request-Response" inputName="" receivesAttachments="false" sendsAttachments="false" anonymous="optional"><con:settings/><con:call id="57506035-7435-40a4-ad96-acc1ba8182d7" name="01 - Local - Request" outgoingWss="Outflow DEV" incomingWss="Inflow DEV"><con:settings><con:setting id="com.eviware.soapui.impl.wsdl.WsdlRequest@request-headers">&lt;xml-fragment/></con:setting></con:settings><con:encoding>UTF-8</con:encoding><con:endpoint>https://localhost:8243/services/CountryService_v1.0</con:endpoint><con:request><![CDATA[<soapenv:Envelope xmlns:soapenv="http://schemas.xmlsoap.org/soap/envelope/" xmlns:v1="http://fidus.brussels/service/countryservice/messages/v1" xmlns:v11="http://fidus.brussels/type/common/messages/v1">
   <soapenv:Header/>
   <soapenv:Body>
      <v1:getNationalitiesRequest>
         <v1:messageContext>
            <v11:messageId>${=import static java.util.UUID.randomUUID; uuid = randomUUID() as String}</v11:messageId>
            <!--Optional:-->
            <v11:timestamp>${=new java.text.SimpleDateFormat("yyyy-MM-dd'T'HH:mm:ss.SSS").format(new Date())}</v11:timestamp>
         </v1:messageContext>
         <v1:legalContext>ServiceIntegrator</v1:legalContext>
         <v1:request>
            <!--Optional:-->
            <v1:referenceDate>2016-10-13</v1:referenceDate>
         </v1:request>
      </v1:getNationalitiesRequest>
   </soapenv:Body>
</soapenv:Envelope>]]></con:request><con:credentials><con:selectedAuthProfile>Basic</con:selectedAuthProfile><con:addedBasicAuthenticationTypes>Basic</con:addedBasicAuthenticationTypes><con:authType>Global HTTP Settings</con:authType></con:credentials><con:jmsConfig JMSDeliveryMode="PERSISTENT"/><con:jmsPropertyConfig/><con:wsaConfig mustUnderstand="NONE" version="200508" action="http://fidus.brussels/services/countryservice/getNationalities"/><con:wsrmConfig version="1.2"/></con:call><con:call id="b7beb1d4-97ce-4d4d-abc1-8062beac8790" name="01 - Local - Request-Invalid_date" outgoingWss="Outflow DEV" incomingWss="Inflow DEV"><con:settings><con:setting id="com.eviware.soapui.impl.wsdl.WsdlRequest@request-headers">&lt;xml-fragment/></con:setting></con:settings><con:encoding>UTF-8</con:encoding><con:endpoint>https://localhost:8243/services/CountryService_v1.0</con:endpoint><con:request><![CDATA[<soapenv:Envelope xmlns:soapenv="http://schemas.xmlsoap.org/soap/envelope/" xmlns:v1="http://fidus.brussels/service/countryservice/messages/v1" xmlns:v11="http://fidus.brussels/type/common/messages/v1">
   <soapenv:Header/>
   <soapenv:Body>
      <v1:getNationalitiesRequest>
         <v1:messageContext>
            <v11:messageId>${=import static java.util.UUID.randomUUID; uuid = randomUUID() as String}</v11:messageId>
            <!--Optional:-->
            <v11:timestamp>${=new java.text.SimpleDateFormat("yyyy-MM-dd'T'HH:mm:ss.SSS").format(new Date())}</v11:timestamp>
         </v1:messageContext>
         <v1:legalContext>ServiceIntegrator</v1:legalContext>
         <v1:request>
            <!--Optional:-->
            <v1:referenceDate>2016-10-16</v1:referenceDate>
         </v1:request>
      </v1:getNationalitiesRequest>
   </soapenv:Body>
</soapenv:Envelope>]]></con:request><con:credentials><con:selectedAuthProfile>Basic</con:selectedAuthProfile><con:addedBasicAuthenticationTypes>Basic</con:addedBasicAuthenticationTypes><con:authType>Global HTTP Settings</con:authType></con:credentials><con:jmsConfig JMSDeliveryMode="PERSISTENT"/><con:jmsPropertyConfig/><con:wsaConfig mustUnderstand="NONE" version="200508" action="http://fidus.brussels/services/countryservice/getNationalities"/><con:wsrmConfig version="1.2"/></con:call><con:call id="dc59c2db-d10e-4a80-b087-01182e06139b" name="02 - Dev - Request" outgoingWss="Outflow DEV" incomingWss="Inflow DEV"><con:settings><con:setting id="com.eviware.soapui.impl.wsdl.WsdlRequest@request-headers">&lt;xml-fragment/></con:setting></con:settings><con:encoding>UTF-8</con:encoding><con:endpoint>https://192.168.36.61:8243/services/CountryService_v1.0</con:endpoint><con:request><![CDATA[<soapenv:Envelope xmlns:soapenv="http://schemas.xmlsoap.org/soap/envelope/" xmlns:v1="http://fidus.brussels/service/countryservice/messages/v1" xmlns:v11="http://fidus.brussels/type/common/messages/v1">
   <soapenv:Header/>
   <soapenv:Body>
      <v1:getNationalitiesRequest>
         <v1:messageContext>
            <v11:messageId>${=import static java.util.UUID.randomUUID; uuid = randomUUID() as String}</v11:messageId>
            <!--Optional:-->
            <v11:timestamp>${=new java.text.SimpleDateFormat("yyyy-MM-dd'T'HH:mm:ss.SSS").format(new Date())}</v11:timestamp>
         </v1:messageContext>
         <v1:legalContext>ServiceIntegrator</v1:legalContext>
         <v1:request>
            <!--Optional:-->
            <v1:referenceDate>2016-10-13</v1:referenceDate>
         </v1:request>
      </v1:getNationalitiesRequest>
   </soapenv:Body>
</soapenv:Envelope>]]></con:request><con:credentials><con:selectedAuthProfile>Basic</con:selectedAuthProfile><con:addedBasicAuthenticationTypes>Basic</con:addedBasicAuthenticationTypes><con:authType>Global HTTP Settings</con:authType></con:credentials><con:jmsConfig JMSDeliveryMode="PERSISTENT"/><con:jmsPropertyConfig/><con:wsaConfig mustUnderstand="NONE" version="200508" action="http://fidus.brussels/services/countryservice/getNationalities"/><con:wsrmConfig version="1.2"/></con:call><con:call id="5b896b08-28ef-46d7-9783-0cf7764551ea" name="03 - Test External - Request" outgoingWss="Outflow TEST" incomingWss="Inflow TEST"><con:settings><con:setting id="com.eviware.soapui.impl.wsdl.WsdlRequest@request-headers">&lt;xml-fragment/></con:setting></con:settings><con:encoding>UTF-8</con:encoding><con:endpoint>https://fidus-test.irisnetlab.be/services/CountryService_v1.0</con:endpoint><con:request><![CDATA[<soapenv:Envelope xmlns:soapenv="http://schemas.xmlsoap.org/soap/envelope/" xmlns:v1="http://fidus.brussels/service/countryservice/messages/v1" xmlns:v11="http://fidus.brussels/type/common/messages/v1">
   <soapenv:Header/>
   <soapenv:Body>
      <v1:getNationalitiesRequest>
         <v1:messageContext>
            <v11:messageId>${=import static java.util.UUID.randomUUID; uuid = randomUUID() as String}</v11:messageId>
            <!--Optional:-->
            <v11:timestamp>${=new java.text.SimpleDateFormat("yyyy-MM-dd'T'HH:mm:ss.SSS").format(new Date())}</v11:timestamp>
         </v1:messageContext>
         <v1:legalContext>ServiceIntegrator</v1:legalContext>
         <v1:request>
            <!--Optional:-->
            <v1:referenceDate>2016-10-13</v1:referenceDate>
         </v1:request>
      </v1:getNationalitiesRequest>
   </soapenv:Body>
</soapenv:Envelope>]]></con:request><con:credentials><con:selectedAuthProfile>Basic</con:selectedAuthProfile><con:addedBasicAuthenticationTypes>Basic</con:addedBasicAuthenticationTypes><con:authType>Global HTTP Settings</con:authType></con:credentials><con:jmsConfig JMSDeliveryMode="PERSISTENT"/><con:jmsPropertyConfig/><con:wsaConfig mustUnderstand="NONE" version="200508" action="http://fidus.brussels/services/countryservice/getNationalities"/><con:wsrmConfig version="1.2"/></con:call><con:call id="49cff139-f8ee-4ed3-b0c7-8fdb04fc34fc" name="03 - Test LB - Request" outgoingWss="Outflow TEST" incomingWss="Inflow TEST"><con:settings><con:setting id="com.eviware.soapui.impl.wsdl.WsdlRequest@request-headers">&lt;xml-fragment/></con:setting></con:settings><con:encoding>UTF-8</con:encoding><con:endpoint>https://fidus-esb-sg.sta.srv.cirb.lan:8443/services/CountryService_v1.0</con:endpoint><con:request><![CDATA[<soapenv:Envelope xmlns:soapenv="http://schemas.xmlsoap.org/soap/envelope/" xmlns:v1="http://fidus.brussels/service/countryservice/messages/v1" xmlns:v11="http://fidus.brussels/type/common/messages/v1">
   <soapenv:Header/>
   <soapenv:Body>
      <v1:getNationalitiesRequest>
         <v1:messageContext>
            <v11:messageId>${=import static java.util.UUID.randomUUID; uuid = randomUUID() as String}</v11:messageId>
            <!--Optional:-->
            <v11:timestamp>${=new java.text.SimpleDateFormat("yyyy-MM-dd'T'HH:mm:ss.SSS").format(new Date())}</v11:timestamp>
         </v1:messageContext>
         <v1:legalContext>ServiceIntegrator</v1:legalContext>
         <v1:request>
            <!--Optional:-->
            <v1:referenceDate>2016-10-13</v1:referenceDate>
         </v1:request>
      </v1:getNationalitiesRequest>
   </soapenv:Body>
</soapenv:Envelope>]]></con:request><con:credentials><con:selectedAuthProfile>Basic</con:selectedAuthProfile><con:addedBasicAuthenticationTypes>Basic</con:addedBasicAuthenticationTypes><con:authType>Global HTTP Settings</con:authType></con:credentials><con:jmsConfig JMSDeliveryMode="PERSISTENT"/><con:jmsPropertyConfig/><con:wsaConfig mustUnderstand="NONE" version="200508" action="http://fidus.brussels/services/countryservice/getNationalities"/><con:wsrmConfig version="1.2"/></con:call><con:call id="6a27b47d-43d6-4671-9b26-89fb050c3213" name="03 - Test Worker1 - Request" outgoingWss="Outflow TEST" incomingWss="Inflow TEST"><con:settings><con:setting id="com.eviware.soapui.impl.wsdl.WsdlRequest@request-headers">&lt;xml-fragment/></con:setting></con:settings><con:encoding>UTF-8</con:encoding><con:endpoint>https://192.168.24.16:8443/services/CountryService_v1.0</con:endpoint><con:request><![CDATA[<soapenv:Envelope xmlns:soapenv="http://schemas.xmlsoap.org/soap/envelope/" xmlns:v1="http://fidus.brussels/service/countryservice/messages/v1" xmlns:v11="http://fidus.brussels/type/common/messages/v1">
   <soapenv:Header/>
   <soapenv:Body>
      <v1:getNationalitiesRequest>
         <v1:messageContext>
            <v11:messageId>${=import static java.util.UUID.randomUUID; uuid = randomUUID() as String}</v11:messageId>
            <!--Optional:-->
            <v11:timestamp>${=new java.text.SimpleDateFormat("yyyy-MM-dd'T'HH:mm:ss.SSS").format(new Date())}</v11:timestamp>
         </v1:messageContext>
         <v1:legalContext>ServiceIntegrator</v1:legalContext>
         <v1:request>
            <!--Optional:-->
            <v1:referenceDate>2016-10-13</v1:referenceDate>
         </v1:request>
      </v1:getNationalitiesRequest>
   </soapenv:Body>
</soapenv:Envelope>]]></con:request><con:credentials><con:selectedAuthProfile>Basic</con:selectedAuthProfile><con:addedBasicAuthenticationTypes>Basic</con:addedBasicAuthenticationTypes><con:authType>Global HTTP Settings</con:authType></con:credentials><con:jmsConfig JMSDeliveryMode="PERSISTENT"/><con:jmsPropertyConfig/><con:wsaConfig mustUnderstand="NONE" version="200508" action="http://fidus.brussels/services/countryservice/getNationalities"/><con:wsrmConfig version="1.2"/></con:call><con:call id="47510092-86bc-46eb-993b-9df7e5707a3c" name="03 - Test Worker2 - Request" outgoingWss="Outflow TEST" incomingWss="Inflow TEST"><con:settings><con:setting id="com.eviware.soapui.impl.wsdl.WsdlRequest@request-headers">&lt;xml-fragment/></con:setting></con:settings><con:encoding>UTF-8</con:encoding><con:endpoint>https://192.168.24.17:8443/services/CountryService_v1.0</con:endpoint><con:request><![CDATA[<soapenv:Envelope xmlns:soapenv="http://schemas.xmlsoap.org/soap/envelope/" xmlns:v1="http://fidus.brussels/service/countryservice/messages/v1" xmlns:v11="http://fidus.brussels/type/common/messages/v1">
   <soapenv:Header/>
   <soapenv:Body>
      <v1:getNationalitiesRequest>
         <v1:messageContext>
            <v11:messageId>${=import static java.util.UUID.randomUUID; uuid = randomUUID() as String}</v11:messageId>
            <!--Optional:-->
            <v11:timestamp>${=new java.text.SimpleDateFormat("yyyy-MM-dd'T'HH:mm:ss.SSS").format(new Date())}</v11:timestamp>
         </v1:messageContext>
         <v1:legalContext>ServiceIntegrator</v1:legalContext>
         <v1:request>
            <!--Optional:-->
            <v1:referenceDate>2016-10-13</v1:referenceDate>
         </v1:request>
      </v1:getNationalitiesRequest>
   </soapenv:Body>
</soapenv:Envelope>]]></con:request><con:credentials><con:selectedAuthProfile>Basic</con:selectedAuthProfile><con:addedBasicAuthenticationTypes>Basic</con:addedBasicAuthenticationTypes><con:authType>Global HTTP Settings</con:authType></con:credentials><con:jmsConfig JMSDeliveryMode="PERSISTENT"/><con:jmsPropertyConfig/><con:wsaConfig mustUnderstand="NONE" version="200508" action="http://fidus.brussels/services/countryservice/getNationalities"/><con:wsrmConfig version="1.2"/></con:call><con:call id="f233a7a9-d8e7-463a-be0e-068a5975a842" name="02 - DevNew - Request" outgoingWss="Outflow DEV" incomingWss="Inflow DEV"><con:settings><con:setting id="com.eviware.soapui.impl.wsdl.WsdlRequest@request-headers">&lt;xml-fragment/></con:setting></con:settings><con:encoding>UTF-8</con:encoding><con:endpoint>https://192.168.36.75:8243/services/CountryService_v1.0</con:endpoint><con:request><![CDATA[<soapenv:Envelope xmlns:soapenv="http://schemas.xmlsoap.org/soap/envelope/" xmlns:v1="http://fidus.brussels/service/countryservice/messages/v1" xmlns:v11="http://fidus.brussels/type/common/messages/v1">
   <soapenv:Header/>
   <soapenv:Body>
      <v1:getNationalitiesRequest>
         <v1:messageContext>
            <v11:messageId>${=import static java.util.UUID.randomUUID; uuid = randomUUID() as String}</v11:messageId>
            <!--Optional:-->
            <v11:timestamp>${=new java.text.SimpleDateFormat("yyyy-MM-dd'T'HH:mm:ss.SSS").format(new Date())}</v11:timestamp>
         </v1:messageContext>
         <v1:legalContext>ServiceIntegrator</v1:legalContext>
         <v1:request>
            <!--Optional:-->
            <v1:referenceDate>2016-10-13</v1:referenceDate>
         </v1:request>
      </v1:getNationalitiesRequest>
   </soapenv:Body>
</soapenv:Envelope>]]></con:request><con:credentials><con:selectedAuthProfile>Basic</con:selectedAuthProfile><con:addedBasicAuthenticationTypes>Basic</con:addedBasicAuthenticationTypes><con:authType>Global HTTP Settings</con:authType></con:credentials><con:jmsConfig JMSDeliveryMode="PERSISTENT"/><con:jmsPropertyConfig/><con:wsaConfig mustUnderstand="NONE" version="200508" action="http://fidus.brussels/services/countryservice/getNationalities"/><con:wsrmConfig version="1.2"/></con:call><con:call id="6634a4e1-52e5-4a9a-be3c-caa625502097" name="04 - Staging External - Request" outgoingWss="Outflow STAGING" incomingWss="Inflow STAGING"><con:settings><con:setting id="com.eviware.soapui.impl.wsdl.WsdlRequest@request-headers">&lt;xml-fragment/></con:setting></con:settings><con:encoding>UTF-8</con:encoding><con:endpoint>https://fidus.irisnetlab.be/services/CountryService_v1.0</con:endpoint><con:request><![CDATA[<soapenv:Envelope xmlns:soapenv="http://schemas.xmlsoap.org/soap/envelope/" xmlns:v1="http://fidus.brussels/service/countryservice/messages/v1" xmlns:v11="http://fidus.brussels/type/common/messages/v1">
   <soapenv:Header/>
   <soapenv:Body>
      <v1:getNationalitiesRequest>
         <v1:messageContext>
            <v11:messageId>${=import static java.util.UUID.randomUUID; uuid = randomUUID() as String}</v11:messageId>
            <!--Optional:-->
            <v11:timestamp>${=new java.text.SimpleDateFormat("yyyy-MM-dd'T'HH:mm:ss.SSS").format(new Date())}</v11:timestamp>
         </v1:messageContext>
         <v1:legalContext>ServiceIntegrator</v1:legalContext>
         <v1:request>
            <!--Optional:-->
            <v1:referenceDate>2016-10-13</v1:referenceDate>
         </v1:request>
      </v1:getNationalitiesRequest>
   </soapenv:Body>
</soapenv:Envelope>]]></con:request><con:credentials><con:selectedAuthProfile>Basic</con:selectedAuthProfile><con:addedBasicAuthenticationTypes>Basic</con:addedBasicAuthenticationTypes><con:authType>Global HTTP Settings</con:authType></con:credentials><con:jmsConfig JMSDeliveryMode="PERSISTENT"/><con:jmsPropertyConfig/><con:wsaConfig mustUnderstand="NONE" version="200508" action="http://fidus.brussels/services/countryservice/getNationalities"/><con:wsrmConfig version="1.2"/></con:call><con:call id="ae298dfa-7e87-4cb5-9d05-b3f2daf1e8bf" name="05 - Prod External - Request" outgoingWss="Outflow PROD" incomingWss="Inflow PROD"><con:settings><con:setting id="com.eviware.soapui.impl.wsdl.WsdlRequest@request-headers">&lt;xml-fragment/></con:setting></con:settings><con:encoding>UTF-8</con:encoding><con:endpoint>https://fidus.sec.brussels/services/CountryService_v1.0</con:endpoint><con:request><![CDATA[<soapenv:Envelope xmlns:soapenv="http://schemas.xmlsoap.org/soap/envelope/" xmlns:v1="http://fidus.brussels/service/countryservice/messages/v1" xmlns:v11="http://fidus.brussels/type/common/messages/v1">
   <soapenv:Header/>
   <soapenv:Body>
      <v1:getNationalitiesRequest>
         <v1:messageContext>
            <v11:messageId>${=import static java.util.UUID.randomUUID; uuid = randomUUID() as String}</v11:messageId>
            <!--Optional:-->
            <v11:timestamp>${=new java.text.SimpleDateFormat("yyyy-MM-dd'T'HH:mm:ss.SSS").format(new Date())}</v11:timestamp>
         </v1:messageContext>
         <v1:legalContext>ServiceIntegrator</v1:legalContext>
         <v1:request>
            <!--Optional:-->
            <v1:referenceDate>2016-10-13</v1:referenceDate>
         </v1:request>
      </v1:getNationalitiesRequest>
   </soapenv:Body>
</soapenv:Envelope>]]></con:request><con:credentials><con:selectedAuthProfile>Basic</con:selectedAuthProfile><con:addedBasicAuthenticationTypes>Basic</con:addedBasicAuthenticationTypes><con:authType>Global HTTP Settings</con:authType></con:credentials><con:jmsConfig JMSDeliveryMode="PERSISTENT"/><con:jmsPropertyConfig/><con:wsaConfig mustUnderstand="NONE" version="200508" action="http://fidus.brussels/services/countryservice/getNationalities"/><con:wsrmConfig version="1.2"/></con:call></con:operation><con:operation id="7f96bd90-64d9-48aa-b986-c463e45d38ba" isOneWay="false" action="http://fidus.brussels/services/countryservice/getNationality" name="getNationality" bindingOperationName="getNationality" type="Request-Response" inputName="" receivesAttachments="false" sendsAttachments="false" anonymous="optional"><con:settings/><con:call id="a69e535e-37da-4d8d-abde-ee0223694e51" name="01 - Local - Request-Nis_num3_103" outgoingWss="Outflow DEV" incomingWss="Inflow DEV"><con:settings><con:setting id="com.eviware.soapui.impl.wsdl.WsdlRequest@request-headers">&lt;xml-fragment/></con:setting></con:settings><con:encoding>UTF-8</con:encoding><con:endpoint>https://localhost:8243/services/CountryService_v1.0</con:endpoint><con:request><![CDATA[<soapenv:Envelope xmlns:soapenv="http://schemas.xmlsoap.org/soap/envelope/" xmlns:v1="http://fidus.brussels/service/countryservice/messages/v1" xmlns:v11="http://fidus.brussels/type/common/messages/v1" xmlns:v12="http://fsb.belgium.be/mappingServices/countryService/messages/v1_00">
   <soapenv:Header/>
   <soapenv:Body>
      <v1:getNationalityRequest>
         <v1:messageContext>
            <v11:messageId>${=import static java.util.UUID.randomUUID; uuid = randomUUID() as String}</v11:messageId>
            <!--Optional:-->
            <v11:timestamp>${=new java.text.SimpleDateFormat("yyyy-MM-dd'T'HH:mm:ss.SSS").format(new Date())}</v11:timestamp>
         </v1:messageContext>
         <v1:legalContext>ServiceIntegrator</v1:legalContext>
         <v1:request>
            <!--You have a CHOICE of the next 4 items at this level-->
            <!--
            <v12:iso-alpha2 startDate="?" endDate="?" status="?">?</v12:iso-alpha2>
            <v12:iso-alpha3 startDate="?" endDate="?" status="?">?</v12:iso-alpha3>
            <v12:iso-num3 startDate="?" endDate="?" status="?">?</v12:iso-num3>
            <v12:nis-num3 startDate="?" endDate="?" status="?">?</v12:nis-num3>
            <v12:nis-num3>103</v12:nis-num3>
            -->
             <v12:nis-num3>103</v12:nis-num3>
           
         </v1:request>
      </v1:getNationalityRequest>
   </soapenv:Body>
</soapenv:Envelope>]]></con:request><con:credentials><con:selectedAuthProfile>Basic</con:selectedAuthProfile><con:addedBasicAuthenticationTypes>Basic</con:addedBasicAuthenticationTypes><con:authType>Global HTTP Settings</con:authType></con:credentials><con:jmsConfig JMSDeliveryMode="PERSISTENT"/><con:jmsPropertyConfig/><con:wsaConfig mustUnderstand="NONE" version="200508" action="http://fidus.brussels/services/countryservice/getNationality"/><con:wsrmConfig version="1.2"/></con:call><con:call id="b69c7dfc-8cfc-4975-a73b-45c12818fe41" name="01 - Local - Request-Invalid_nisCode" outgoingWss="Outflow DEV" incomingWss="Inflow DEV"><con:settings><con:setting id="com.eviware.soapui.impl.wsdl.WsdlRequest@request-headers">&lt;xml-fragment/></con:setting></con:settings><con:encoding>UTF-8</con:encoding><con:endpoint>https://localhost:8243/services/CountryService_v1.0</con:endpoint><con:request><![CDATA[<soapenv:Envelope xmlns:soapenv="http://schemas.xmlsoap.org/soap/envelope/" xmlns:v1="http://fidus.brussels/service/countryservice/messages/v1" xmlns:v11="http://fidus.brussels/type/common/messages/v1" xmlns:v12="http://fsb.belgium.be/mappingServices/countryService/messages/v1_00">
   <soapenv:Header/>
   <soapenv:Body>
      <v1:getNationalityRequest>
         <v1:messageContext>
            <v11:messageId>${=import static java.util.UUID.randomUUID; uuid = randomUUID() as String}</v11:messageId>
            <!--Optional:-->
            <v11:timestamp>${=new java.text.SimpleDateFormat("yyyy-MM-dd'T'HH:mm:ss.SSS").format(new Date())}</v11:timestamp>
         </v1:messageContext>
         <v1:legalContext>ServiceIntegrator</v1:legalContext>
         <v1:request>
            <!--You have a CHOICE of the next 4 items at this level-->
            <!--
            <v12:iso-alpha2 startDate="?" endDate="?" status="?">?</v12:iso-alpha2>
            <v12:iso-alpha3 startDate="?" endDate="?" status="?">?</v12:iso-alpha3>
            <v12:iso-num3 startDate="?" endDate="?" status="?">?</v12:iso-num3>
            <v12:nis-num3 startDate="?" endDate="?" status="?">?</v12:nis-num3>
            -->
            <v12:nis-num3>999</v12:nis-num3>
         </v1:request>
      </v1:getNationalityRequest>
   </soapenv:Body>
</soapenv:Envelope>]]></con:request><con:credentials><con:selectedAuthProfile>Basic</con:selectedAuthProfile><con:addedBasicAuthenticationTypes>Basic</con:addedBasicAuthenticationTypes><con:authType>Global HTTP Settings</con:authType></con:credentials><con:jmsConfig JMSDeliveryMode="PERSISTENT"/><con:jmsPropertyConfig/><con:wsaConfig mustUnderstand="NONE" version="200508" action="http://fidus.brussels/services/countryservice/getNationality"/><con:wsrmConfig version="1.2"/></con:call><con:call id="ffbb4fc0-3537-4bcc-809c-b1d48751c6c1" name="01 - Local - Request-iso_alpha3_FRA" outgoingWss="Outflow DEV" incomingWss="Inflow DEV"><con:settings><con:setting id="com.eviware.soapui.impl.wsdl.WsdlRequest@request-headers">&lt;xml-fragment/></con:setting></con:settings><con:encoding>UTF-8</con:encoding><con:endpoint>https://localhost:8243/services/CountryService_v1.0</con:endpoint><con:request><![CDATA[<soapenv:Envelope xmlns:soapenv="http://schemas.xmlsoap.org/soap/envelope/" xmlns:v1="http://fidus.brussels/service/countryservice/messages/v1" xmlns:v11="http://fidus.brussels/type/common/messages/v1" xmlns:v12="http://fsb.belgium.be/mappingServices/countryService/messages/v1_00">
   <soapenv:Header/>
   <soapenv:Body>
      <v1:getNationalityRequest>
         <v1:messageContext>
            <v11:messageId>${=import static java.util.UUID.randomUUID; uuid = randomUUID() as String}</v11:messageId>
            <!--Optional:-->
            <v11:timestamp>${=new java.text.SimpleDateFormat("yyyy-MM-dd'T'HH:mm:ss.SSS").format(new Date())}</v11:timestamp>
         </v1:messageContext>
         <v1:legalContext>ServiceIntegrator</v1:legalContext>
         <v1:request>                       
             <v12:iso-alpha3>FRA</v12:iso-alpha3>           
         </v1:request>
      </v1:getNationalityRequest>
   </soapenv:Body>
</soapenv:Envelope>]]></con:request><con:credentials><con:selectedAuthProfile>Basic</con:selectedAuthProfile><con:addedBasicAuthenticationTypes>Basic</con:addedBasicAuthenticationTypes><con:authType>Global HTTP Settings</con:authType></con:credentials><con:jmsConfig JMSDeliveryMode="PERSISTENT"/><con:jmsPropertyConfig/><con:wsaConfig mustUnderstand="NONE" version="200508" action="http://fidus.brussels/services/countryservice/getNationality"/><con:wsrmConfig version="1.2"/></con:call><con:call id="7136946d-52ad-420f-aaab-604d34366048" name="03 - Test Worker1 - Request-Nis_num3_103" outgoingWss="Outflow TEST" incomingWss="Inflow TEST"><con:settings><con:setting id="com.eviware.soapui.impl.wsdl.WsdlRequest@request-headers">&lt;xml-fragment/></con:setting></con:settings><con:encoding>UTF-8</con:encoding><con:endpoint>https://192.168.24.16:8443/services/CountryService_v1.0</con:endpoint><con:request><![CDATA[<soapenv:Envelope xmlns:soapenv="http://schemas.xmlsoap.org/soap/envelope/" xmlns:v1="http://fidus.brussels/service/countryservice/messages/v1" xmlns:v11="http://fidus.brussels/type/common/messages/v1" xmlns:v12="http://fsb.belgium.be/mappingServices/countryService/messages/v1_00">
   <soapenv:Header/>
   <soapenv:Body>
      <v1:getNationalityRequest>
         <v1:messageContext>
         	  <v11:messageId>${=import static java.util.UUID.randomUUID; uuid = randomUUID() as String}</v11:messageId>
            <v11:timestamp>${=new java.text.SimpleDateFormat("yyyy-MM-dd'T'HH:mm:ss.SSS").format(new Date())}</v11:timestamp>
         </v1:messageContext>
         <v1:legalContext>ServiceIntegrator</v1:legalContext>
         <v1:request>
            <!--You have a CHOICE of the next 4 items at this level-->
            <v12:iso-alpha2>BE</v12:iso-alpha2>           
         </v1:request>
      </v1:getNationalityRequest>
   </soapenv:Body>
</soapenv:Envelope>
]]></con:request><con:credentials><con:selectedAuthProfile>Basic</con:selectedAuthProfile><con:addedBasicAuthenticationTypes>Basic</con:addedBasicAuthenticationTypes><con:authType>Global HTTP Settings</con:authType></con:credentials><con:jmsConfig JMSDeliveryMode="PERSISTENT"/><con:jmsPropertyConfig/><con:wsaConfig mustUnderstand="NONE" version="200508" action="http://fidus.brussels/services/countryservice/getNationality"/><con:wsrmConfig version="1.2"/></con:call><con:call id="89501300-258a-415e-91ef-af8aa01d1c84" name="03 - Test Worker1 -Request" outgoingWss="Outflow TEST" incomingWss="Inflow TEST"><con:settings><con:setting id="com.eviware.soapui.impl.wsdl.WsdlRequest@request-headers">&lt;xml-fragment/></con:setting></con:settings><con:encoding>UTF-8</con:encoding><con:endpoint>https://192.168.24.16:8443/services/CountryService_v1.0</con:endpoint><con:request><![CDATA[<soapenv:Envelope xmlns:soapenv="http://schemas.xmlsoap.org/soap/envelope/" xmlns:v1="http://fidus.brussels/service/countryservice/messages/v1" xmlns:v11="http://fidus.brussels/type/common/messages/v1" xmlns:v12="http://fsb.belgium.be/mappingServices/countryService/messages/v1_00">
   <soapenv:Header/>
   <soapenv:Body>
      <v1:getNationalityRequest>
         <v1:messageContext>
         	  <v11:messageId>${=import static java.util.UUID.randomUUID; uuid = randomUUID() as String}</v11:messageId>
            <v11:timestamp>${=new java.text.SimpleDateFormat("yyyy-MM-dd'T'HH:mm:ss.SSS").format(new Date())}</v11:timestamp>
         </v1:messageContext>
         <v1:legalContext>ServiceIntegrator</v1:legalContext>
         <v1:request>
            <!--You have a CHOICE of the next 4 items at this level-->
            <v12:iso-alpha2>BE</v12:iso-alpha2>          
         </v1:request>
      </v1:getNationalityRequest>
   </soapenv:Body>
</soapenv:Envelope>]]></con:request><con:credentials><con:selectedAuthProfile>Basic</con:selectedAuthProfile><con:addedBasicAuthenticationTypes>Basic</con:addedBasicAuthenticationTypes><con:authType>Global HTTP Settings</con:authType></con:credentials><con:jmsConfig JMSDeliveryMode="PERSISTENT"/><con:jmsPropertyConfig/><con:wsaConfig mustUnderstand="NONE" version="200508" action="http://fidus.brussels/services/countryservice/getNationality"/><con:wsrmConfig version="1.2"/></con:call><con:call id="6d63a60a-ba5a-4124-94d7-2d4c50976161" name="02 - Dev - Request-iso_alpha3_FRA" outgoingWss="Outflow DEV" incomingWss="Inflow DEV"><con:settings><con:setting id="com.eviware.soapui.impl.wsdl.WsdlRequest@request-headers">&lt;xml-fragment/></con:setting></con:settings><con:encoding>UTF-8</con:encoding><con:endpoint>https://192.168.36.61:8243/services/CountryService_v1.0</con:endpoint><con:request><![CDATA[<soapenv:Envelope xmlns:soapenv="http://schemas.xmlsoap.org/soap/envelope/" xmlns:v1="http://fidus.brussels/service/countryservice/messages/v1" xmlns:v11="http://fidus.brussels/type/common/messages/v1" xmlns:v12="http://fsb.belgium.be/mappingServices/countryService/messages/v1_00">
   <soapenv:Header/>
   <soapenv:Body>
      <v1:getNationalityRequest>
         <v1:messageContext>
            <v11:messageId>${=import static java.util.UUID.randomUUID; uuid = randomUUID() as String}</v11:messageId>
            <!--Optional:-->
            <v11:timestamp>${=new java.text.SimpleDateFormat("yyyy-MM-dd'T'HH:mm:ss.SSS").format(new Date())}</v11:timestamp>
         </v1:messageContext>
         <v1:legalContext>ServiceIntegrator</v1:legalContext>
         <v1:request>
            <!--You have a CHOICE of the next 4 items at this level-->
            <!--
            <v12:iso-alpha2 startDate="?" endDate="?" status="?">?</v12:iso-alpha2>
            <v12:iso-alpha3 startDate="?" endDate="?" status="?">?</v12:iso-alpha3>
            <v12:iso-num3 startDate="?" endDate="?" status="?">?</v12:iso-num3>
            <v12:nis-num3 startDate="?" endDate="?" status="?">?</v12:nis-num3> 
            -->             
             <v12:iso-alpha3>FRA</v12:iso-alpha3>           
         </v1:request>
      </v1:getNationalityRequest>
   </soapenv:Body>
</soapenv:Envelope>]]></con:request><con:credentials><con:selectedAuthProfile>Basic</con:selectedAuthProfile><con:addedBasicAuthenticationTypes>Basic</con:addedBasicAuthenticationTypes><con:authType>Global HTTP Settings</con:authType></con:credentials><con:jmsConfig JMSDeliveryMode="PERSISTENT"/><con:jmsPropertyConfig/><con:wsaConfig mustUnderstand="NONE" version="200508" action="http://fidus.brussels/services/countryservice/getNationality"/><con:wsrmConfig version="1.2"/></con:call><con:call id="0309d10a-b73a-49ad-8a03-16b9559732c6" name="03 - Test Worker2 -Request" outgoingWss="Outflow TEST" incomingWss="Inflow TEST"><con:settings><con:setting id="com.eviware.soapui.impl.wsdl.WsdlRequest@request-headers">&lt;xml-fragment/></con:setting></con:settings><con:encoding>UTF-8</con:encoding><con:endpoint>https://192.168.24.17:8443/services/CountryService_v1.0</con:endpoint><con:request><![CDATA[<soapenv:Envelope xmlns:soapenv="http://schemas.xmlsoap.org/soap/envelope/" xmlns:v1="http://fidus.brussels/service/countryservice/messages/v1" xmlns:v11="http://fidus.brussels/type/common/messages/v1" xmlns:v12="http://fsb.belgium.be/mappingServices/countryService/messages/v1_00">
   <soapenv:Header/>
   <soapenv:Body>
      <v1:getNationalityRequest>
         <v1:messageContext>
         	  <v11:messageId>${=import static java.util.UUID.randomUUID; uuid = randomUUID() as String}</v11:messageId>
            <v11:timestamp>${=new java.text.SimpleDateFormat("yyyy-MM-dd'T'HH:mm:ss.SSS").format(new Date())}</v11:timestamp>
         </v1:messageContext>
         <v1:legalContext>ServiceIntegrator</v1:legalContext>
         <v1:request>
            <!--You have a CHOICE of the next 4 items at this level-->
            <v12:iso-alpha2>BE</v12:iso-alpha2>          
         </v1:request>
      </v1:getNationalityRequest>
   </soapenv:Body>
</soapenv:Envelope>]]></con:request><con:credentials><con:selectedAuthProfile>Basic</con:selectedAuthProfile><con:addedBasicAuthenticationTypes>Basic</con:addedBasicAuthenticationTypes><con:authType>Global HTTP Settings</con:authType></con:credentials><con:jmsConfig JMSDeliveryMode="PERSISTENT"/><con:jmsPropertyConfig/><con:wsaConfig mustUnderstand="NONE" version="200508" action="http://fidus.brussels/services/countryservice/getNationality"/><con:wsrmConfig version="1.2"/></con:call><con:call id="e420270b-db3a-42ff-8fe3-56b5265cadf2" name="03 - Test External -Request" outgoingWss="Outflow TEST" incomingWss="Inflow TEST"><con:settings><con:setting id="com.eviware.soapui.impl.wsdl.WsdlRequest@request-headers">&lt;xml-fragment/></con:setting></con:settings><con:encoding>UTF-8</con:encoding><con:endpoint>https://fidus-test.irisnetlab.be/services/CountryService_v1.0</con:endpoint><con:request><![CDATA[<soapenv:Envelope xmlns:soapenv="http://schemas.xmlsoap.org/soap/envelope/" xmlns:v1="http://fidus.brussels/service/countryservice/messages/v1" xmlns:v11="http://fidus.brussels/type/common/messages/v1" xmlns:v12="http://fsb.belgium.be/mappingServices/countryService/messages/v1_00">
   <soapenv:Header/>
   <soapenv:Body>
      <v1:getNationalityRequest>
         <v1:messageContext>
         	  <v11:messageId>${=import static java.util.UUID.randomUUID; uuid = randomUUID() as String}</v11:messageId>
            <v11:timestamp>${=new java.text.SimpleDateFormat("yyyy-MM-dd'T'HH:mm:ss.SSS").format(new Date())}</v11:timestamp>
         </v1:messageContext>
         <v1:legalContext>ServiceIntegrator</v1:legalContext>
         <v1:request>
            <!--You have a CHOICE of the next 4 items at this level-->
            <v12:iso-alpha2>BE</v12:iso-alpha2>          
         </v1:request>
      </v1:getNationalityRequest>
   </soapenv:Body>
</soapenv:Envelope>]]></con:request><con:credentials><con:selectedAuthProfile>Basic</con:selectedAuthProfile><con:addedBasicAuthenticationTypes>Basic</con:addedBasicAuthenticationTypes><con:authType>Global HTTP Settings</con:authType></con:credentials><con:jmsConfig JMSDeliveryMode="PERSISTENT"/><con:jmsPropertyConfig/><con:wsaConfig mustUnderstand="NONE" version="200508" action="http://fidus.brussels/services/countryservice/getNationality"/><con:wsrmConfig version="1.2"/></con:call><con:call id="323838ee-ac60-4db1-ada8-67954bb4ed9e" name="03 - Test LB -Request" outgoingWss="Outflow TEST" incomingWss="Inflow TEST"><con:settings><con:setting id="com.eviware.soapui.impl.wsdl.WsdlRequest@request-headers">&lt;xml-fragment/></con:setting></con:settings><con:encoding>UTF-8</con:encoding><con:endpoint>https://fidus-esb-sg.sta.srv.cirb.lan:8443/services/CountryService_v1.0</con:endpoint><con:request><![CDATA[<soapenv:Envelope xmlns:soapenv="http://schemas.xmlsoap.org/soap/envelope/" xmlns:v1="http://fidus.brussels/service/countryservice/messages/v1" xmlns:v11="http://fidus.brussels/type/common/messages/v1" xmlns:v12="http://fsb.belgium.be/mappingServices/countryService/messages/v1_00">
   <soapenv:Header/>
   <soapenv:Body>
      <v1:getNationalityRequest>
         <v1:messageContext>
         	  <v11:messageId>${=import static java.util.UUID.randomUUID; uuid = randomUUID() as String}</v11:messageId>
            <v11:timestamp>${=new java.text.SimpleDateFormat("yyyy-MM-dd'T'HH:mm:ss.SSS").format(new Date())}</v11:timestamp>
         </v1:messageContext>
         <v1:legalContext>ServiceIntegrator</v1:legalContext>
         <v1:request>
            <!--You have a CHOICE of the next 4 items at this level-->
            <v12:iso-alpha2>BE</v12:iso-alpha2>          
         </v1:request>
      </v1:getNationalityRequest>
   </soapenv:Body>
</soapenv:Envelope>]]></con:request><con:credentials><con:selectedAuthProfile>Basic</con:selectedAuthProfile><con:addedBasicAuthenticationTypes>Basic</con:addedBasicAuthenticationTypes><con:authType>Global HTTP Settings</con:authType></con:credentials><con:jmsConfig JMSDeliveryMode="PERSISTENT"/><con:jmsPropertyConfig/><con:wsaConfig mustUnderstand="NONE" version="200508" action="http://fidus.brussels/services/countryservice/getNationality"/><con:wsrmConfig version="1.2"/></con:call><con:call id="2219ece4-f42f-4d8e-bde9-06a1c89c26e3" name="02 - DevNew - Request-iso_alpha3_FRA" outgoingWss="Outflow DEV" incomingWss="Inflow DEV"><con:settings><con:setting id="com.eviware.soapui.impl.wsdl.WsdlRequest@request-headers">&lt;xml-fragment/></con:setting></con:settings><con:encoding>UTF-8</con:encoding><con:endpoint>https://192.168.36.75:8243/services/CountryService_v1.0</con:endpoint><con:request><![CDATA[<soapenv:Envelope xmlns:soapenv="http://schemas.xmlsoap.org/soap/envelope/" xmlns:v1="http://fidus.brussels/service/countryservice/messages/v1" xmlns:v11="http://fidus.brussels/type/common/messages/v1" xmlns:v12="http://fsb.belgium.be/mappingServices/countryService/messages/v1_00">
   <soapenv:Header/>
   <soapenv:Body>
      <v1:getNationalityRequest>
         <v1:messageContext>
            <v11:messageId>${=import static java.util.UUID.randomUUID; uuid = randomUUID() as String}</v11:messageId>
            <!--Optional:-->
            <v11:timestamp>${=new java.text.SimpleDateFormat("yyyy-MM-dd'T'HH:mm:ss.SSS").format(new Date())}</v11:timestamp>
         </v1:messageContext>
         <v1:legalContext>ServiceIntegrator</v1:legalContext>
         <v1:request>
            <!--You have a CHOICE of the next 4 items at this level-->
            <!--
            <v12:iso-alpha2 startDate="?" endDate="?" status="?">?</v12:iso-alpha2>
            <v12:iso-alpha3 startDate="?" endDate="?" status="?">?</v12:iso-alpha3>
            <v12:iso-num3 startDate="?" endDate="?" status="?">?</v12:iso-num3>
            <v12:nis-num3 startDate="?" endDate="?" status="?">?</v12:nis-num3> 
            -->             
             <v12:iso-alpha3>FRA</v12:iso-alpha3>           
         </v1:request>
      </v1:getNationalityRequest>
   </soapenv:Body>
</soapenv:Envelope>]]></con:request><con:credentials><con:selectedAuthProfile>Basic</con:selectedAuthProfile><con:addedBasicAuthenticationTypes>Basic</con:addedBasicAuthenticationTypes><con:authType>Global HTTP Settings</con:authType></con:credentials><con:jmsConfig JMSDeliveryMode="PERSISTENT"/><con:jmsPropertyConfig/><con:wsaConfig mustUnderstand="NONE" version="200508" action="http://fidus.brussels/services/countryservice/getNationality"/><con:wsrmConfig version="1.2"/></con:call><con:call id="cde2a278-028d-4200-92d0-9e1157dc5b6c" name="04 - Staging External -Request"><con:settings><con:setting id="com.eviware.soapui.impl.wsdl.WsdlRequest@request-headers">&lt;xml-fragment/></con:setting></con:settings><con:encoding>UTF-8</con:encoding><con:endpoint>https://fidus.irisnetlab.be/services/CountryService_v1.0</con:endpoint><con:request><![CDATA[<soapenv:Envelope xmlns:soapenv="http://schemas.xmlsoap.org/soap/envelope/" xmlns:v1="http://fidus.brussels/service/countryservice/messages/v1" xmlns:v11="http://fidus.brussels/type/common/messages/v1" xmlns:v12="http://fsb.belgium.be/mappingServices/countryService/messages/v1_00">
   <soapenv:Header/>
   <soapenv:Body>
      <v1:getNationalityRequest>
         <v1:messageContext>
         	  <v11:messageId>${=import static java.util.UUID.randomUUID; uuid = randomUUID() as String}</v11:messageId>
            <v11:timestamp>${=new java.text.SimpleDateFormat("yyyy-MM-dd'T'HH:mm:ss.SSS").format(new Date())}</v11:timestamp>
         </v1:messageContext>
         <v1:legalContext>ServiceIntegrator</v1:legalContext>
         <v1:request>
            <!--You have a CHOICE of the next 4 items at this level-->
            <v12:iso-alpha2>BE</v12:iso-alpha2>          
         </v1:request>
      </v1:getNationalityRequest>
   </soapenv:Body>
</soapenv:Envelope>]]></con:request><con:credentials><con:selectedAuthProfile>Basic</con:selectedAuthProfile><con:addedBasicAuthenticationTypes>Basic</con:addedBasicAuthenticationTypes><con:authType>Global HTTP Settings</con:authType></con:credentials><con:jmsConfig JMSDeliveryMode="PERSISTENT"/><con:jmsPropertyConfig/><con:wsaConfig mustUnderstand="NONE" version="200508" action="http://fidus.brussels/services/countryservice/getNationality"/><con:wsrmConfig version="1.2"/></con:call><con:call id="ad69bcd7-3128-4bd7-b237-65cfc3864b3e" name="05 - Prod External -Request"><con:settings><con:setting id="com.eviware.soapui.impl.wsdl.WsdlRequest@request-headers">&lt;xml-fragment/></con:setting></con:settings><con:encoding>UTF-8</con:encoding><con:endpoint>https://fidus.sec.brussels/services/CountryService_v1.0</con:endpoint><con:request><![CDATA[<soapenv:Envelope xmlns:soapenv="http://schemas.xmlsoap.org/soap/envelope/" xmlns:v1="http://fidus.brussels/service/countryservice/messages/v1" xmlns:v11="http://fidus.brussels/type/common/messages/v1" xmlns:v12="http://fsb.belgium.be/mappingServices/countryService/messages/v1_00">
   <soapenv:Header/>
   <soapenv:Body>
      <v1:getNationalityRequest>
         <v1:messageContext>
         	  <v11:messageId>${=import static java.util.UUID.randomUUID; uuid = randomUUID() as String}</v11:messageId>
            <v11:timestamp>${=new java.text.SimpleDateFormat("yyyy-MM-dd'T'HH:mm:ss.SSS").format(new Date())}</v11:timestamp>
         </v1:messageContext>
         <v1:legalContext>ServiceIntegrator</v1:legalContext>
         <v1:request>
            <!--You have a CHOICE of the next 4 items at this level-->
            <v12:iso-alpha2>BE</v12:iso-alpha2>          
         </v1:request>
      </v1:getNationalityRequest>
   </soapenv:Body>
</soapenv:Envelope>]]></con:request><con:credentials><con:selectedAuthProfile>Basic</con:selectedAuthProfile><con:addedBasicAuthenticationTypes>Basic</con:addedBasicAuthenticationTypes><con:authType>Global HTTP Settings</con:authType></con:credentials><con:jmsConfig JMSDeliveryMode="PERSISTENT"/><con:jmsPropertyConfig/><con:wsaConfig mustUnderstand="NONE" version="200508" action="http://fidus.brussels/services/countryservice/getNationality"/><con:wsrmConfig version="1.2"/></con:call></con:operation><con:operation id="0db5af1f-8e5d-4890-a361-1a8d8426f578" isOneWay="false" action="http://fidus.brussels/services/countryservice/getNationalityHistory" name="getNationalityHistory" bindingOperationName="getNationalityHistory" type="Request-Response" inputName="" receivesAttachments="false" sendsAttachments="false" anonymous="optional"><con:settings/><con:call id="8e3fd268-390d-4b01-a936-2a0b2762e9f7" name="01 - Local - Request" outgoingWss="Outflow DEV" incomingWss="Inflow DEV"><con:settings><con:setting id="com.eviware.soapui.impl.wsdl.WsdlRequest@request-headers">&lt;xml-fragment/></con:setting></con:settings><con:encoding>UTF-8</con:encoding><con:endpoint>https://localhost:8243/services/CountryService_v1.0</con:endpoint><con:request><![CDATA[<soapenv:Envelope xmlns:soapenv="http://schemas.xmlsoap.org/soap/envelope/" xmlns:v1="http://fidus.brussels/service/countryservice/messages/v1" xmlns:v11="http://fidus.brussels/type/common/messages/v1" xmlns:v12="http://fsb.belgium.be/mappingServices/countryService/messages/v1_00">
   <soapenv:Header/>
   <soapenv:Body>
      <v1:getNationalityHistoryRequest>
         <v1:messageContext>
            <v11:messageId>${=import static java.util.UUID.randomUUID; uuid = randomUUID() as String}</v11:messageId>
            <!--Optional:-->
            <v11:timestamp>${=new java.text.SimpleDateFormat("yyyy-MM-dd'T'HH:mm:ss.SSS").format(new Date())}</v11:timestamp>
         </v1:messageContext>
         <v1:legalContext>ServiceIntegrator</v1:legalContext>
         <v1:request>
            <v12:iso-alpha3>FRA</v12:iso-alpha3>
            <!--Optional:-->
            <v12:referenceDate>2016-10-16</v12:referenceDate>
         </v1:request>
      </v1:getNationalityHistoryRequest>
   </soapenv:Body>
</soapenv:Envelope>]]></con:request><con:credentials><con:selectedAuthProfile>Basic</con:selectedAuthProfile><con:addedBasicAuthenticationTypes>Basic</con:addedBasicAuthenticationTypes><con:authType>Global HTTP Settings</con:authType></con:credentials><con:jmsConfig JMSDeliveryMode="PERSISTENT"/><con:jmsPropertyConfig/><con:wsaConfig mustUnderstand="NONE" version="200508" action="http://fidus.brussels/services/countryservice/getNationalityHistory"/><con:wsrmConfig version="1.2"/></con:call><con:call id="3a97ff03-9d0a-46bf-88ff-e6e2f88ec208" name="01 - Local - Request-Invalid_iso_alpha3" outgoingWss="Outflow DEV" incomingWss="Inflow TEST"><con:settings><con:setting id="com.eviware.soapui.impl.wsdl.WsdlRequest@request-headers">&lt;xml-fragment/></con:setting></con:settings><con:encoding>UTF-8</con:encoding><con:endpoint>https://localhost:8243/services/CountryService_v1.0</con:endpoint><con:request><![CDATA[<soapenv:Envelope xmlns:soapenv="http://schemas.xmlsoap.org/soap/envelope/" xmlns:v1="http://fidus.brussels/service/countryservice/messages/v1" xmlns:v11="http://fidus.brussels/type/common/messages/v1" xmlns:v12="http://fsb.belgium.be/mappingServices/countryService/messages/v1_00">
   <soapenv:Header/>
   <soapenv:Body>
      <v1:getNationalityHistoryRequest>
         <v1:messageContext>
            <v11:messageId>${=import static java.util.UUID.randomUUID; uuid = randomUUID() as String}</v11:messageId>
            <!--Optional:-->
            <v11:timestamp>${=new java.text.SimpleDateFormat("yyyy-MM-dd'T'HH:mm:ss.SSS").format(new Date())}</v11:timestamp>
         </v1:messageContext>
         <v1:legalContext>ServiceIntegrator</v1:legalContext>
         <v1:request>
            <v12:iso-alpha3>XXX</v12:iso-alpha3>
            <!--Optional:-->
            <v12:referenceDate>2016-10-16</v12:referenceDate>
         </v1:request>
      </v1:getNationalityHistoryRequest>
   </soapenv:Body>
</soapenv:Envelope>]]></con:request><con:credentials><con:selectedAuthProfile>Basic</con:selectedAuthProfile><con:addedBasicAuthenticationTypes>Basic</con:addedBasicAuthenticationTypes><con:authType>Global HTTP Settings</con:authType></con:credentials><con:jmsConfig JMSDeliveryMode="PERSISTENT"/><con:jmsPropertyConfig/><con:wsaConfig mustUnderstand="NONE" version="200508" action="http://fidus.brussels/services/countryservice/getNationalityHistory"/><con:wsrmConfig version="1.2"/></con:call><con:call id="34f0393c-0b9c-47a6-a5b7-321bb86c65fe" name="02 - Dev - Request" outgoingWss="Outflow DEV" incomingWss="Inflow DEV"><con:settings><con:setting id="com.eviware.soapui.impl.wsdl.WsdlRequest@request-headers">&lt;xml-fragment/></con:setting></con:settings><con:encoding>UTF-8</con:encoding><con:endpoint>https://192.168.36.61:8243/services/CountryService_v1.0</con:endpoint><con:request><![CDATA[<soapenv:Envelope xmlns:soapenv="http://schemas.xmlsoap.org/soap/envelope/" xmlns:v1="http://fidus.brussels/service/countryservice/messages/v1" xmlns:v11="http://fidus.brussels/type/common/messages/v1" xmlns:v12="http://fsb.belgium.be/mappingServices/countryService/messages/v1_00">
   <soapenv:Header/>
   <soapenv:Body>
      <v1:getNationalityHistoryRequest>
         <v1:messageContext>
            <v11:messageId>${=import static java.util.UUID.randomUUID; uuid = randomUUID() as String}</v11:messageId>
            <!--Optional:-->
            <v11:timestamp>${=new java.text.SimpleDateFormat("yyyy-MM-dd'T'HH:mm:ss.SSS").format(new Date())}</v11:timestamp>
         </v1:messageContext>
         <v1:legalContext>ServiceIntegrator</v1:legalContext>
         <v1:request>
            <v12:iso-alpha3>FRA</v12:iso-alpha3>                      
         </v1:request>
      </v1:getNationalityHistoryRequest>
   </soapenv:Body>
</soapenv:Envelope>]]></con:request><con:credentials><con:selectedAuthProfile>Basic</con:selectedAuthProfile><con:addedBasicAuthenticationTypes>Basic</con:addedBasicAuthenticationTypes><con:authType>Global HTTP Settings</con:authType></con:credentials><con:jmsConfig JMSDeliveryMode="PERSISTENT"/><con:jmsPropertyConfig/><con:wsaConfig mustUnderstand="NONE" version="200508" action="http://fidus.brussels/services/countryservice/getNationalityHistory"/><con:wsrmConfig version="1.2"/></con:call><con:call id="8c846c1b-013c-4cbd-9214-75a7185e28ef" name="03 - Test External - Request" outgoingWss="Outflow TEST" incomingWss="Inflow TEST"><con:settings><con:setting id="com.eviware.soapui.impl.wsdl.WsdlRequest@request-headers">&lt;xml-fragment/></con:setting></con:settings><con:encoding>UTF-8</con:encoding><con:endpoint>https://fidus-test.irisnetlab.be/services/CountryService_v1.0</con:endpoint><con:request><![CDATA[<soapenv:Envelope xmlns:soapenv="http://schemas.xmlsoap.org/soap/envelope/" xmlns:v1="http://fidus.brussels/service/countryservice/messages/v1" xmlns:v11="http://fidus.brussels/type/common/messages/v1" xmlns:v12="http://fsb.belgium.be/mappingServices/countryService/messages/v1_00">
   <soapenv:Header/>
   <soapenv:Body>
      <v1:getNationalityHistoryRequest>
         <v1:messageContext>
            <v11:messageId>${=import static java.util.UUID.randomUUID; uuid = randomUUID() as String}</v11:messageId>
            <!--Optional:-->
            <v11:timestamp>${=new java.text.SimpleDateFormat("yyyy-MM-dd'T'HH:mm:ss.SSS").format(new Date())}</v11:timestamp>
         </v1:messageContext>
         <v1:legalContext>ServiceIntegrator</v1:legalContext>
         <v1:request>
            <v12:iso-alpha3>FRA</v12:iso-alpha3>
            <!--Optional:-->
            <v12:referenceDate>2016-10-16</v12:referenceDate>
         </v1:request>
      </v1:getNationalityHistoryRequest>
   </soapenv:Body>
</soapenv:Envelope>]]></con:request><con:credentials><con:selectedAuthProfile>Basic</con:selectedAuthProfile><con:addedBasicAuthenticationTypes>Basic</con:addedBasicAuthenticationTypes><con:authType>Global HTTP Settings</con:authType></con:credentials><con:jmsConfig JMSDeliveryMode="PERSISTENT"/><con:jmsPropertyConfig/><con:wsaConfig mustUnderstand="NONE" version="200508" action="http://fidus.brussels/services/countryservice/getNationalityHistory"/><con:wsrmConfig version="1.2"/></con:call><con:call id="ec4d93ec-d219-45ee-8215-7c5da0dbff17" name="03 - Test LB - Request" outgoingWss="Outflow TEST" incomingWss="Inflow TEST"><con:settings><con:setting id="com.eviware.soapui.impl.wsdl.WsdlRequest@request-headers">&lt;xml-fragment/></con:setting></con:settings><con:encoding>UTF-8</con:encoding><con:endpoint>https://fidus-esb-sg.sta.srv.cirb.lan:8443/services/CountryService_v1.0</con:endpoint><con:request><![CDATA[<soapenv:Envelope xmlns:soapenv="http://schemas.xmlsoap.org/soap/envelope/" xmlns:v1="http://fidus.brussels/service/countryservice/messages/v1" xmlns:v11="http://fidus.brussels/type/common/messages/v1" xmlns:v12="http://fsb.belgium.be/mappingServices/countryService/messages/v1_00">
   <soapenv:Header/>
   <soapenv:Body>
      <v1:getNationalityHistoryRequest>
         <v1:messageContext>
            <v11:messageId>${=import static java.util.UUID.randomUUID; uuid = randomUUID() as String}</v11:messageId>
            <!--Optional:-->
            <v11:timestamp>${=new java.text.SimpleDateFormat("yyyy-MM-dd'T'HH:mm:ss.SSS").format(new Date())}</v11:timestamp>
         </v1:messageContext>
         <v1:legalContext>ServiceIntegrator</v1:legalContext>
         <v1:request>
            <v12:iso-alpha3>NLD</v12:iso-alpha3>
            <!--Optional:-->
            <v12:referenceDate>2016-10-16</v12:referenceDate>
         </v1:request>
      </v1:getNationalityHistoryRequest>
   </soapenv:Body>
</soapenv:Envelope>]]></con:request><con:credentials><con:selectedAuthProfile>Basic</con:selectedAuthProfile><con:addedBasicAuthenticationTypes>Basic</con:addedBasicAuthenticationTypes><con:authType>Global HTTP Settings</con:authType></con:credentials><con:jmsConfig JMSDeliveryMode="PERSISTENT"/><con:jmsPropertyConfig/><con:wsaConfig mustUnderstand="NONE" version="200508" action="http://fidus.brussels/services/countryservice/getNationalityHistory"/><con:wsrmConfig version="1.2"/></con:call><con:call id="3a2c588e-1342-42e8-a33b-269ada28061d" name="03 - Test Worker1 - Request" outgoingWss="Outflow TEST" incomingWss="Inflow TEST"><con:settings><con:setting id="com.eviware.soapui.impl.wsdl.WsdlRequest@request-headers">&lt;xml-fragment/></con:setting></con:settings><con:encoding>UTF-8</con:encoding><con:endpoint>https://192.168.24.16:8443/services/CountryService_v1.0</con:endpoint><con:request><![CDATA[<soapenv:Envelope xmlns:soapenv="http://schemas.xmlsoap.org/soap/envelope/" xmlns:v1="http://fidus.brussels/service/countryservice/messages/v1" xmlns:v11="http://fidus.brussels/type/common/messages/v1" xmlns:v12="http://fsb.belgium.be/mappingServices/countryService/messages/v1_00">
   <soapenv:Header/>
   <soapenv:Body>
      <v1:getNationalityHistoryRequest>
         <v1:messageContext>
            <v11:messageId>${=import static java.util.UUID.randomUUID; uuid = randomUUID() as String}</v11:messageId>
            <!--Optional:-->
            <v11:timestamp>${=new java.text.SimpleDateFormat("yyyy-MM-dd'T'HH:mm:ss.SSS").format(new Date())}</v11:timestamp>
         </v1:messageContext>
         <v1:legalContext>ServiceIntegrator</v1:legalContext>
         <v1:request>
            <v12:iso-alpha3>AUS</v12:iso-alpha3>
            <!--Optional:-->
            <!--<v12:referenceDate>2016-10-16</v12:referenceDate>-->
         </v1:request>
      </v1:getNationalityHistoryRequest>
   </soapenv:Body>
</soapenv:Envelope>]]></con:request><con:credentials><con:selectedAuthProfile>Basic</con:selectedAuthProfile><con:addedBasicAuthenticationTypes>Basic</con:addedBasicAuthenticationTypes><con:authType>Global HTTP Settings</con:authType></con:credentials><con:jmsConfig JMSDeliveryMode="PERSISTENT"/><con:jmsPropertyConfig/><con:wsaConfig mustUnderstand="NONE" version="200508" action="http://fidus.brussels/services/countryservice/getNationalityHistory"/><con:wsrmConfig version="1.2"/></con:call><con:call id="4516608b-c07e-4d25-9363-b48db8810782" name="03 - Test Worker2 - Request" outgoingWss="Outflow TEST" incomingWss="Inflow TEST"><con:settings><con:setting id="com.eviware.soapui.impl.wsdl.WsdlRequest@request-headers">&lt;xml-fragment/></con:setting></con:settings><con:encoding>UTF-8</con:encoding><con:endpoint>https://192.168.24.17:8443/services/CountryService_v1.0</con:endpoint><con:request><![CDATA[<soapenv:Envelope xmlns:soapenv="http://schemas.xmlsoap.org/soap/envelope/" xmlns:v1="http://fidus.brussels/service/countryservice/messages/v1" xmlns:v11="http://fidus.brussels/type/common/messages/v1" xmlns:v12="http://fsb.belgium.be/mappingServices/countryService/messages/v1_00">
   <soapenv:Header/>
   <soapenv:Body>
      <v1:getNationalityHistoryRequest>
         <v1:messageContext>
            <v11:messageId>${=import static java.util.UUID.randomUUID; uuid = randomUUID() as String}</v11:messageId>
            <!--Optional:-->
            <v11:timestamp>${=new java.text.SimpleDateFormat("yyyy-MM-dd'T'HH:mm:ss.SSS").format(new Date())}</v11:timestamp>
         </v1:messageContext>
         <v1:legalContext>ServiceIntegrator</v1:legalContext>
         <v1:request>
            <v12:iso-alpha3>BRA</v12:iso-alpha3>
            <!--Optional:-->
            <v12:referenceDate>2000-01-01</v12:referenceDate>
         </v1:request>
      </v1:getNationalityHistoryRequest>
   </soapenv:Body>
</soapenv:Envelope>]]></con:request><con:credentials><con:selectedAuthProfile>Basic</con:selectedAuthProfile><con:addedBasicAuthenticationTypes>Basic</con:addedBasicAuthenticationTypes><con:authType>Global HTTP Settings</con:authType></con:credentials><con:jmsConfig JMSDeliveryMode="PERSISTENT"/><con:jmsPropertyConfig/><con:wsaConfig mustUnderstand="NONE" version="200508" action="http://fidus.brussels/services/countryservice/getNationalityHistory"/><con:wsrmConfig version="1.2"/></con:call><con:call id="867b4f83-3e2d-4440-92ec-9fcd69e98643" name="02 - DevNew - Request" outgoingWss="Outflow DEV" incomingWss="Inflow DEV"><con:settings><con:setting id="com.eviware.soapui.impl.wsdl.WsdlRequest@request-headers">&lt;xml-fragment/></con:setting></con:settings><con:encoding>UTF-8</con:encoding><con:endpoint>https://192.168.36.75:8243/services/CountryService_v1.0</con:endpoint><con:request><![CDATA[<soapenv:Envelope xmlns:soapenv="http://schemas.xmlsoap.org/soap/envelope/" xmlns:v1="http://fidus.brussels/service/countryservice/messages/v1" xmlns:v11="http://fidus.brussels/type/common/messages/v1" xmlns:v12="http://fsb.belgium.be/mappingServices/countryService/messages/v1_00">
   <soapenv:Header/>
   <soapenv:Body>
      <v1:getNationalityHistoryRequest>
         <v1:messageContext>
            <v11:messageId>${=import static java.util.UUID.randomUUID; uuid = randomUUID() as String}</v11:messageId>
            <!--Optional:-->
            <v11:timestamp>${=new java.text.SimpleDateFormat("yyyy-MM-dd'T'HH:mm:ss.SSS").format(new Date())}</v11:timestamp>
         </v1:messageContext>
         <v1:legalContext>ServiceIntegrator</v1:legalContext>
         <v1:request>
            <v12:iso-alpha3>FRA</v12:iso-alpha3>                      
         </v1:request>
      </v1:getNationalityHistoryRequest>
   </soapenv:Body>
</soapenv:Envelope>]]></con:request><con:credentials><con:selectedAuthProfile>Basic</con:selectedAuthProfile><con:addedBasicAuthenticationTypes>Basic</con:addedBasicAuthenticationTypes><con:authType>Global HTTP Settings</con:authType></con:credentials><con:jmsConfig JMSDeliveryMode="PERSISTENT"/><con:jmsPropertyConfig/><con:wsaConfig mustUnderstand="NONE" version="200508" action="http://fidus.brussels/services/countryservice/getNationalityHistory"/><con:wsrmConfig version="1.2"/></con:call><con:call id="73a8fec6-7345-49ae-bd3b-67b1a811bcab" name="04 - Staging External - Request" outgoingWss="Outflow STAGING" incomingWss="Inflow STAGING"><con:settings><con:setting id="com.eviware.soapui.impl.wsdl.WsdlRequest@request-headers">&lt;xml-fragment/></con:setting></con:settings><con:encoding>UTF-8</con:encoding><con:endpoint>https://fidus.irisnetlab.be/services/CountryService_v1.0</con:endpoint><con:request><![CDATA[<soapenv:Envelope xmlns:soapenv="http://schemas.xmlsoap.org/soap/envelope/" xmlns:v1="http://fidus.brussels/service/countryservice/messages/v1" xmlns:v11="http://fidus.brussels/type/common/messages/v1" xmlns:v12="http://fsb.belgium.be/mappingServices/countryService/messages/v1_00">
   <soapenv:Header/>
   <soapenv:Body>
      <v1:getNationalityHistoryRequest>
         <v1:messageContext>
            <v11:messageId>${=import static java.util.UUID.randomUUID; uuid = randomUUID() as String}</v11:messageId>
            <!--Optional:-->
            <v11:timestamp>${=new java.text.SimpleDateFormat("yyyy-MM-dd'T'HH:mm:ss.SSS").format(new Date())}</v11:timestamp>
         </v1:messageContext>
         <v1:legalContext>ServiceIntegrator</v1:legalContext>
         <v1:request>
            <v12:iso-alpha3>FRA</v12:iso-alpha3>
            <!--Optional:-->
            <v12:referenceDate>2016-10-16</v12:referenceDate>
         </v1:request>
      </v1:getNationalityHistoryRequest>
   </soapenv:Body>
</soapenv:Envelope>]]></con:request><con:credentials><con:selectedAuthProfile>Basic</con:selectedAuthProfile><con:addedBasicAuthenticationTypes>Basic</con:addedBasicAuthenticationTypes><con:authType>Global HTTP Settings</con:authType></con:credentials><con:jmsConfig JMSDeliveryMode="PERSISTENT"/><con:jmsPropertyConfig/><con:wsaConfig mustUnderstand="NONE" version="200508" action="http://fidus.brussels/services/countryservice/getNationalityHistory"/><con:wsrmConfig version="1.2"/></con:call><con:call id="f3aced52-ec16-4c27-ad1e-5c9882a02ddb" name="05 - Prod External - Request" outgoingWss="Outflow PROD" incomingWss="Inflow PROD"><con:settings><con:setting id="com.eviware.soapui.impl.wsdl.WsdlRequest@request-headers">&lt;xml-fragment/></con:setting></con:settings><con:encoding>UTF-8</con:encoding><con:endpoint>https://fidus.sec.brussels/services/CountryService_v1.0</con:endpoint><con:request><![CDATA[<soapenv:Envelope xmlns:soapenv="http://schemas.xmlsoap.org/soap/envelope/" xmlns:v1="http://fidus.brussels/service/countryservice/messages/v1" xmlns:v11="http://fidus.brussels/type/common/messages/v1" xmlns:v12="http://fsb.belgium.be/mappingServices/countryService/messages/v1_00">
   <soapenv:Header/>
   <soapenv:Body>
      <v1:getNationalityHistoryRequest>
         <v1:messageContext>
            <v11:messageId>${=import static java.util.UUID.randomUUID; uuid = randomUUID() as String}</v11:messageId>
            <!--Optional:-->
            <v11:timestamp>${=new java.text.SimpleDateFormat("yyyy-MM-dd'T'HH:mm:ss.SSS").format(new Date())}</v11:timestamp>
         </v1:messageContext>
         <v1:legalContext>ServiceIntegrator</v1:legalContext>
         <v1:request>
            <v12:iso-alpha3>FRA</v12:iso-alpha3>
            <!--Optional:-->
            <v12:referenceDate>2016-10-16</v12:referenceDate>
         </v1:request>
      </v1:getNationalityHistoryRequest>
   </soapenv:Body>
</soapenv:Envelope>]]></con:request><con:credentials><con:selectedAuthProfile>Basic</con:selectedAuthProfile><con:addedBasicAuthenticationTypes>Basic</con:addedBasicAuthenticationTypes><con:authType>Global HTTP Settings</con:authType></con:credentials><con:jmsConfig JMSDeliveryMode="PERSISTENT"/><con:jmsPropertyConfig/><con:wsaConfig mustUnderstand="NONE" version="200508" action="http://fidus.brussels/services/countryservice/getNationalityHistory"/><con:wsrmConfig version="1.2"/></con:call></con:operation><con:operation id="63031318-d123-4994-8550-90b5b4b3fac2" isOneWay="false" action="http://fidus.brussels/services/countryservice/getPlaceCountries" name="getPlaceCountries" bindingOperationName="getPlaceCountries" type="Request-Response" inputName="" receivesAttachments="false" sendsAttachments="false" anonymous="optional"><con:settings/><con:call id="ded03973-5416-468a-8f9b-b0db5372204e" name="01 - Local - Request" outgoingWss="Outflow DEV" incomingWss="Inflow DEV"><con:settings><con:setting id="com.eviware.soapui.impl.wsdl.WsdlRequest@request-headers">&lt;xml-fragment/></con:setting></con:settings><con:encoding>UTF-8</con:encoding><con:endpoint>https://localhost:8243/services/CountryService_v1.0</con:endpoint><con:request><![CDATA[<soapenv:Envelope xmlns:soapenv="http://schemas.xmlsoap.org/soap/envelope/" xmlns:v1="http://fidus.brussels/service/countryservice/messages/v1" xmlns:v11="http://fidus.brussels/type/common/messages/v1">
   <soapenv:Header/>
   <soapenv:Body>
      <v1:getPlaceCountriesRequest>
         <v1:messageContext>
            <v11:messageId>${=import static java.util.UUID.randomUUID; uuid = randomUUID() as String}</v11:messageId>
            <!--Optional:-->
            <v11:timestamp>${=new java.text.SimpleDateFormat("yyyy-MM-dd'T'HH:mm:ss.SSS").format(new Date())}</v11:timestamp>
         </v1:messageContext>
         <v1:legalContext>ServiceIntegrator</v1:legalContext>
         <v1:request>
            <!--Optional:-->
            <v1:referenceDate>2016-10-14</v1:referenceDate>
         </v1:request>
      </v1:getPlaceCountriesRequest>
   </soapenv:Body>
</soapenv:Envelope>]]></con:request><con:credentials><con:selectedAuthProfile>Basic</con:selectedAuthProfile><con:addedBasicAuthenticationTypes>Basic</con:addedBasicAuthenticationTypes><con:authType>Global HTTP Settings</con:authType></con:credentials><con:jmsConfig JMSDeliveryMode="PERSISTENT"/><con:jmsPropertyConfig/><con:wsaConfig mustUnderstand="NONE" version="200508" action="http://fidus.brussels/services/countryservice/getPlaceCountries"/><con:wsrmConfig version="1.2"/></con:call><con:call id="81152a2e-3dd3-4b6e-adc4-04a4cf56a74a" name="01 - Local - Request-Invalid_date" outgoingWss="Outflow DEV" incomingWss="Inflow DEV"><con:settings><con:setting id="com.eviware.soapui.impl.wsdl.WsdlRequest@request-headers">&lt;xml-fragment/></con:setting></con:settings><con:encoding>UTF-8</con:encoding><con:endpoint>https://localhost:8243/services/CountryService_v1.0</con:endpoint><con:request><![CDATA[<soapenv:Envelope xmlns:soapenv="http://schemas.xmlsoap.org/soap/envelope/" xmlns:v1="http://fidus.brussels/service/countryservice/messages/v1" xmlns:v11="http://fidus.brussels/type/common/messages/v1">
   <soapenv:Header/>
   <soapenv:Body>
      <v1:getPlaceCountriesRequest>
         <v1:messageContext>
            <v11:messageId>${=import static java.util.UUID.randomUUID; uuid = randomUUID() as String}</v11:messageId>
            <!--Optional:-->
            <v11:timestamp>${=new java.text.SimpleDateFormat("yyyy-MM-dd'T'HH:mm:ss.SSS").format(new Date())}</v11:timestamp>
         </v1:messageContext>
         <v1:legalContext>ServiceIntegrator</v1:legalContext>
         <v1:request>
            <!--Optional:-->
            <v1:referenceDate>2017-10-14</v1:referenceDate>
         </v1:request>
      </v1:getPlaceCountriesRequest>
   </soapenv:Body>
</soapenv:Envelope>]]></con:request><con:credentials><con:selectedAuthProfile>Basic</con:selectedAuthProfile><con:addedBasicAuthenticationTypes>Basic</con:addedBasicAuthenticationTypes><con:authType>Global HTTP Settings</con:authType></con:credentials><con:jmsConfig JMSDeliveryMode="PERSISTENT"/><con:jmsPropertyConfig/><con:wsaConfig mustUnderstand="NONE" version="200508" action="http://fidus.brussels/services/countryservice/getPlaceCountries"/><con:wsrmConfig version="1.2"/></con:call><con:call id="8f5b716b-59ca-4e60-9ab9-50c755c955e5" name="02 - Dev - Request" outgoingWss="Outflow DEV" incomingWss="Inflow DEV"><con:settings><con:setting id="com.eviware.soapui.impl.wsdl.WsdlRequest@request-headers">&lt;xml-fragment/></con:setting></con:settings><con:encoding>UTF-8</con:encoding><con:endpoint>https://192.168.36.61:8243/services/CountryService_v1.0</con:endpoint><con:request><![CDATA[<soapenv:Envelope xmlns:soapenv="http://schemas.xmlsoap.org/soap/envelope/" xmlns:v1="http://fidus.brussels/service/countryservice/messages/v1" xmlns:v11="http://fidus.brussels/type/common/messages/v1">
   <soapenv:Header/>
   <soapenv:Body>
      <v1:getPlaceCountriesRequest>
         <v1:messageContext>
            <v11:messageId>${=import static java.util.UUID.randomUUID; uuid = randomUUID() as String}</v11:messageId>
            <!--Optional:-->
            <v11:timestamp>${=new java.text.SimpleDateFormat("yyyy-MM-dd'T'HH:mm:ss.SSS").format(new Date())}</v11:timestamp>
         </v1:messageContext>
         <v1:legalContext>ServiceIntegrator</v1:legalContext>
         <v1:request>
            <!--Optional:-->
            <v1:referenceDate>2016-10-14</v1:referenceDate>
         </v1:request>
      </v1:getPlaceCountriesRequest>
   </soapenv:Body>
</soapenv:Envelope>]]></con:request><con:credentials><con:selectedAuthProfile>Basic</con:selectedAuthProfile><con:addedBasicAuthenticationTypes>Basic</con:addedBasicAuthenticationTypes><con:authType>Global HTTP Settings</con:authType></con:credentials><con:jmsConfig JMSDeliveryMode="PERSISTENT"/><con:jmsPropertyConfig/><con:wsaConfig mustUnderstand="NONE" version="200508" action="http://fidus.brussels/services/countryservice/getPlaceCountries"/><con:wsrmConfig version="1.2"/></con:call><con:call id="bf07f6ab-beea-48eb-8e4a-00f4aa88c08a" name="03 - Test External - Request" outgoingWss="Outflow TEST" incomingWss="Inflow TEST"><con:settings><con:setting id="com.eviware.soapui.impl.wsdl.WsdlRequest@request-headers">&lt;xml-fragment/></con:setting></con:settings><con:encoding>UTF-8</con:encoding><con:endpoint>https://fidus-test.irisnetlab.be/services/CountryService_v1.0</con:endpoint><con:request><![CDATA[<soapenv:Envelope xmlns:soapenv="http://schemas.xmlsoap.org/soap/envelope/" xmlns:v1="http://fidus.brussels/service/countryservice/messages/v1" xmlns:v11="http://fidus.brussels/type/common/messages/v1">
   <soapenv:Header/>
   <soapenv:Body>
      <v1:getPlaceCountriesRequest>
         <v1:messageContext>
            <v11:messageId>${=import static java.util.UUID.randomUUID; uuid = randomUUID() as String}</v11:messageId>
            <!--Optional:-->
            <v11:timestamp>${=new java.text.SimpleDateFormat("yyyy-MM-dd'T'HH:mm:ss.SSS").format(new Date())}</v11:timestamp>
         </v1:messageContext>
         <v1:legalContext>ServiceIntegrator</v1:legalContext>
         <v1:request>
            <!--Optional:-->
            <v1:referenceDate>2016-10-14</v1:referenceDate>
         </v1:request>
      </v1:getPlaceCountriesRequest>
   </soapenv:Body>
</soapenv:Envelope>]]></con:request><con:credentials><con:selectedAuthProfile>Basic</con:selectedAuthProfile><con:addedBasicAuthenticationTypes>Basic</con:addedBasicAuthenticationTypes><con:authType>Global HTTP Settings</con:authType></con:credentials><con:jmsConfig JMSDeliveryMode="PERSISTENT"/><con:jmsPropertyConfig/><con:wsaConfig mustUnderstand="NONE" version="200508" action="http://fidus.brussels/services/countryservice/getPlaceCountries"/><con:wsrmConfig version="1.2"/></con:call><con:call id="449c82c8-3792-42d2-b7a8-e478446972a7" name="03 - Test LB - Request" outgoingWss="Outflow TEST" incomingWss="Inflow TEST"><con:settings><con:setting id="com.eviware.soapui.impl.wsdl.WsdlRequest@request-headers">&lt;xml-fragment/></con:setting></con:settings><con:encoding>UTF-8</con:encoding><con:endpoint>https://fidus-esb-sg.sta.srv.cirb.lan:8443/services/CountryService_v1.0</con:endpoint><con:request><![CDATA[<soapenv:Envelope xmlns:soapenv="http://schemas.xmlsoap.org/soap/envelope/" xmlns:v1="http://fidus.brussels/service/countryservice/messages/v1" xmlns:v11="http://fidus.brussels/type/common/messages/v1">
   <soapenv:Header/>
   <soapenv:Body>
      <v1:getPlaceCountriesRequest>
         <v1:messageContext>
            <v11:messageId>${=import static java.util.UUID.randomUUID; uuid = randomUUID() as String}</v11:messageId>
            <!--Optional:-->
            <v11:timestamp>${=new java.text.SimpleDateFormat("yyyy-MM-dd'T'HH:mm:ss.SSS").format(new Date())}</v11:timestamp>
         </v1:messageContext>
         <v1:legalContext>ServiceIntegrator</v1:legalContext>
         <v1:request>
            <!--Optional:-->
            <v1:referenceDate>2016-10-14</v1:referenceDate>
         </v1:request>
      </v1:getPlaceCountriesRequest>
   </soapenv:Body>
</soapenv:Envelope>]]></con:request><con:credentials><con:selectedAuthProfile>Basic</con:selectedAuthProfile><con:addedBasicAuthenticationTypes>Basic</con:addedBasicAuthenticationTypes><con:authType>Global HTTP Settings</con:authType></con:credentials><con:jmsConfig JMSDeliveryMode="PERSISTENT"/><con:jmsPropertyConfig/><con:wsaConfig mustUnderstand="NONE" version="200508" action="http://fidus.brussels/services/countryservice/getPlaceCountries"/><con:wsrmConfig version="1.2"/></con:call><con:call id="57502e21-b626-4c62-9b63-4e85f4b6c52b" name="03 - Test Worker1 - Request" outgoingWss="Outflow TEST" incomingWss="Inflow TEST"><con:settings><con:setting id="com.eviware.soapui.impl.wsdl.WsdlRequest@request-headers">&lt;xml-fragment/></con:setting></con:settings><con:encoding>UTF-8</con:encoding><con:endpoint>https://192.168.24.16:8443/services/CountryService_v1.0</con:endpoint><con:request><![CDATA[<soapenv:Envelope xmlns:soapenv="http://schemas.xmlsoap.org/soap/envelope/" xmlns:v1="http://fidus.brussels/service/countryservice/messages/v1" xmlns:v11="http://fidus.brussels/type/common/messages/v1">
   <soapenv:Header/>
   <soapenv:Body>
      <v1:getPlaceCountriesRequest>
         <v1:messageContext>
            <v11:messageId>${=import static java.util.UUID.randomUUID; uuid = randomUUID() as String}</v11:messageId>
            <!--Optional:-->
            <v11:timestamp>${=new java.text.SimpleDateFormat("yyyy-MM-dd'T'HH:mm:ss.SSS").format(new Date())}</v11:timestamp>
         </v1:messageContext>
         <v1:legalContext>ServiceIntegrator</v1:legalContext>
         <v1:request>
            <!--Optional:-->
            <v1:referenceDate>2016-10-14</v1:referenceDate>
         </v1:request>
      </v1:getPlaceCountriesRequest>
   </soapenv:Body>
</soapenv:Envelope>]]></con:request><con:credentials><con:selectedAuthProfile>Basic</con:selectedAuthProfile><con:addedBasicAuthenticationTypes>Basic</con:addedBasicAuthenticationTypes><con:authType>Global HTTP Settings</con:authType></con:credentials><con:jmsConfig JMSDeliveryMode="PERSISTENT"/><con:jmsPropertyConfig/><con:wsaConfig mustUnderstand="NONE" version="200508" action="http://fidus.brussels/services/countryservice/getPlaceCountries"/><con:wsrmConfig version="1.2"/></con:call><con:call id="87e1b257-fa4f-458d-9a3e-b6cca84b517e" name="03 - Test Worker2 - Request" outgoingWss="Outflow TEST" incomingWss="Inflow TEST"><con:settings><con:setting id="com.eviware.soapui.impl.wsdl.WsdlRequest@request-headers">&lt;xml-fragment/></con:setting></con:settings><con:encoding>UTF-8</con:encoding><con:endpoint>https://192.168.24.17:8443/services/CountryService_v1.0</con:endpoint><con:request><![CDATA[<soapenv:Envelope xmlns:soapenv="http://schemas.xmlsoap.org/soap/envelope/" xmlns:v1="http://fidus.brussels/service/countryservice/messages/v1" xmlns:v11="http://fidus.brussels/type/common/messages/v1">
   <soapenv:Header/>
   <soapenv:Body>
      <v1:getPlaceCountriesRequest>
         <v1:messageContext>
            <v11:messageId>${=import static java.util.UUID.randomUUID; uuid = randomUUID() as String}</v11:messageId>
            <!--Optional:-->
            <v11:timestamp>${=new java.text.SimpleDateFormat("yyyy-MM-dd'T'HH:mm:ss.SSS").format(new Date())}</v11:timestamp>
         </v1:messageContext>
         <v1:legalContext>ServiceIntegrator</v1:legalContext>
         <v1:request>
            <!--Optional:-->
            <v1:referenceDate>2016-10-14</v1:referenceDate>
         </v1:request>
      </v1:getPlaceCountriesRequest>
   </soapenv:Body>
</soapenv:Envelope>]]></con:request><con:credentials><con:selectedAuthProfile>Basic</con:selectedAuthProfile><con:addedBasicAuthenticationTypes>Basic</con:addedBasicAuthenticationTypes><con:authType>Global HTTP Settings</con:authType></con:credentials><con:jmsConfig JMSDeliveryMode="PERSISTENT"/><con:jmsPropertyConfig/><con:wsaConfig mustUnderstand="NONE" version="200508" action="http://fidus.brussels/services/countryservice/getPlaceCountries"/><con:wsrmConfig version="1.2"/></con:call><con:call id="c63d0100-c973-4cf3-9421-bb1cf1a9db35" name="02 - DevNew - Request" outgoingWss="Outflow DEV" incomingWss="Inflow DEV"><con:settings><con:setting id="com.eviware.soapui.impl.wsdl.WsdlRequest@request-headers">&lt;xml-fragment/></con:setting></con:settings><con:encoding>UTF-8</con:encoding><con:endpoint>https://192.168.36.75:8243/services/CountryService_v1.0</con:endpoint><con:request><![CDATA[<soapenv:Envelope xmlns:soapenv="http://schemas.xmlsoap.org/soap/envelope/" xmlns:v1="http://fidus.brussels/service/countryservice/messages/v1" xmlns:v11="http://fidus.brussels/type/common/messages/v1">
   <soapenv:Header/>
   <soapenv:Body>
      <v1:getPlaceCountriesRequest>
         <v1:messageContext>
            <v11:messageId>${=import static java.util.UUID.randomUUID; uuid = randomUUID() as String}</v11:messageId>
            <!--Optional:-->
            <v11:timestamp>${=new java.text.SimpleDateFormat("yyyy-MM-dd'T'HH:mm:ss.SSS").format(new Date())}</v11:timestamp>
         </v1:messageContext>
         <v1:legalContext>ServiceIntegrator</v1:legalContext>
         <v1:request>
            <!--Optional:-->
            <v1:referenceDate>2016-10-14</v1:referenceDate>
         </v1:request>
      </v1:getPlaceCountriesRequest>
   </soapenv:Body>
</soapenv:Envelope>]]></con:request><con:credentials><con:selectedAuthProfile>Basic</con:selectedAuthProfile><con:addedBasicAuthenticationTypes>Basic</con:addedBasicAuthenticationTypes><con:authType>Global HTTP Settings</con:authType></con:credentials><con:jmsConfig JMSDeliveryMode="PERSISTENT"/><con:jmsPropertyConfig/><con:wsaConfig mustUnderstand="NONE" version="200508" action="http://fidus.brussels/services/countryservice/getPlaceCountries"/><con:wsrmConfig version="1.2"/></con:call><con:call id="038e7423-a7b4-4064-8923-b7b2ea85248a" name="04 - Staging External - Request" outgoingWss="Outflow STAGING" incomingWss="Inflow STAGING"><con:settings><con:setting id="com.eviware.soapui.impl.wsdl.WsdlRequest@request-headers">&lt;xml-fragment/></con:setting></con:settings><con:encoding>UTF-8</con:encoding><con:endpoint>https://fidus.irisnetlab.be/services/CountryService_v1.0</con:endpoint><con:request><![CDATA[<soapenv:Envelope xmlns:soapenv="http://schemas.xmlsoap.org/soap/envelope/" xmlns:v1="http://fidus.brussels/service/countryservice/messages/v1" xmlns:v11="http://fidus.brussels/type/common/messages/v1">
   <soapenv:Header/>
   <soapenv:Body>
      <v1:getPlaceCountriesRequest>
         <v1:messageContext>
            <v11:messageId>${=import static java.util.UUID.randomUUID; uuid = randomUUID() as String}</v11:messageId>
            <!--Optional:-->
            <v11:timestamp>${=new java.text.SimpleDateFormat("yyyy-MM-dd'T'HH:mm:ss.SSS").format(new Date())}</v11:timestamp>
         </v1:messageContext>
         <v1:legalContext>ServiceIntegrator</v1:legalContext>
         <v1:request>
            <!--Optional:-->
            <v1:referenceDate>2016-10-14</v1:referenceDate>
         </v1:request>
      </v1:getPlaceCountriesRequest>
   </soapenv:Body>
</soapenv:Envelope>]]></con:request><con:credentials><con:selectedAuthProfile>Basic</con:selectedAuthProfile><con:addedBasicAuthenticationTypes>Basic</con:addedBasicAuthenticationTypes><con:authType>Global HTTP Settings</con:authType></con:credentials><con:jmsConfig JMSDeliveryMode="PERSISTENT"/><con:jmsPropertyConfig/><con:wsaConfig mustUnderstand="NONE" version="200508" action="http://fidus.brussels/services/countryservice/getPlaceCountries"/><con:wsrmConfig version="1.2"/></con:call><con:call id="85583db8-5e2e-471d-8110-94d7ffcc341f" name="05 - Prod External - Request" outgoingWss="Outflow PROD" incomingWss="Inflow PROD"><con:settings><con:setting id="com.eviware.soapui.impl.wsdl.WsdlRequest@request-headers">&lt;xml-fragment/></con:setting></con:settings><con:encoding>UTF-8</con:encoding><con:endpoint>https://fidus.sec.brussels/services/CountryService_v1.0</con:endpoint><con:request><![CDATA[<soapenv:Envelope xmlns:soapenv="http://schemas.xmlsoap.org/soap/envelope/" xmlns:v1="http://fidus.brussels/service/countryservice/messages/v1" xmlns:v11="http://fidus.brussels/type/common/messages/v1">
   <soapenv:Header/>
   <soapenv:Body>
      <v1:getPlaceCountriesRequest>
         <v1:messageContext>
            <v11:messageId>${=import static java.util.UUID.randomUUID; uuid = randomUUID() as String}</v11:messageId>
            <!--Optional:-->
            <v11:timestamp>${=new java.text.SimpleDateFormat("yyyy-MM-dd'T'HH:mm:ss.SSS").format(new Date())}</v11:timestamp>
         </v1:messageContext>
         <v1:legalContext>ServiceIntegrator</v1:legalContext>
         <v1:request>
            <!--Optional:-->
            <v1:referenceDate>2016-10-14</v1:referenceDate>
         </v1:request>
      </v1:getPlaceCountriesRequest>
   </soapenv:Body>
</soapenv:Envelope>]]></con:request><con:credentials><con:selectedAuthProfile>Basic</con:selectedAuthProfile><con:addedBasicAuthenticationTypes>Basic</con:addedBasicAuthenticationTypes><con:authType>Global HTTP Settings</con:authType></con:credentials><con:jmsConfig JMSDeliveryMode="PERSISTENT"/><con:jmsPropertyConfig/><con:wsaConfig mustUnderstand="NONE" version="200508" action="http://fidus.brussels/services/countryservice/getPlaceCountries"/><con:wsrmConfig version="1.2"/></con:call></con:operation><con:operation id="cdd8d930-3e41-40c1-a86b-c3e2b9a5fb2a" isOneWay="false" action="http://fidus.brussels/services/countryservice/getPlaceCountry" name="getPlaceCountry" bindingOperationName="getPlaceCountry" type="Request-Response" inputName="" receivesAttachments="false" sendsAttachments="false" anonymous="optional"><con:settings/><con:call id="bd67a08c-b5dc-406f-97b7-fd21b4784c4c" name="01 - Local - Request" outgoingWss="Outflow DEV" incomingWss="Inflow DEV"><con:settings><con:setting id="com.eviware.soapui.impl.wsdl.WsdlRequest@request-headers">&lt;xml-fragment/></con:setting></con:settings><con:encoding>UTF-8</con:encoding><con:endpoint>https://localhost:8243/services/CountryService_v1.0</con:endpoint><con:request><![CDATA[<soapenv:Envelope xmlns:soapenv="http://schemas.xmlsoap.org/soap/envelope/" xmlns:v1="http://fidus.brussels/service/countryservice/messages/v1" xmlns:v11="http://fidus.brussels/type/common/messages/v1" xmlns:v12="http://fsb.belgium.be/mappingServices/countryService/messages/v1_00">
   <soapenv:Header/>
   <soapenv:Body>
      <v1:getPlaceCountryRequest>
         <v1:messageContext>
            <v11:messageId>${=import static java.util.UUID.randomUUID; uuid = randomUUID() as String}</v11:messageId>
            <!--Optional:-->
            <v11:timestamp>${=new java.text.SimpleDateFormat("yyyy-MM-dd'T'HH:mm:ss.SSS").format(new Date())}</v11:timestamp>
         </v1:messageContext>
         <v1:legalContext>ServiceIntegrator</v1:legalContext>
         <v1:request>
            <!--You have a CHOICE of the next 4 items at this level-->
            <!--
            <v12:iso-alpha2 startDate="?" endDate="?" status="?">?</v12:iso-alpha2>
            <v12:iso-alpha3 startDate="?" endDate="?" status="?">?</v12:iso-alpha3>
            <v12:iso-num3 startDate="?" endDate="?" status="?">?</v12:iso-num3>
            <v12:nis-num3 startDate="?" endDate="?" status="?">?</v12:nis-num3>
			-->
             <!--<v12:iso-alpha2>NL</v12:iso-alpha2>-->
             <v12:iso-alpha3>DEU</v12:iso-alpha3>
         </v1:request>
      </v1:getPlaceCountryRequest>
   </soapenv:Body>
</soapenv:Envelope>]]></con:request><con:credentials><con:selectedAuthProfile>Basic</con:selectedAuthProfile><con:addedBasicAuthenticationTypes>Basic</con:addedBasicAuthenticationTypes><con:authType>Global HTTP Settings</con:authType></con:credentials><con:jmsConfig JMSDeliveryMode="PERSISTENT"/><con:jmsPropertyConfig/><con:wsaConfig mustUnderstand="NONE" version="200508" action="http://fidus.brussels/services/countryservice/getPlaceCountry"/><con:wsrmConfig version="1.2"/></con:call><con:call id="fecb7a17-b3ea-41b9-8f23-475b0530781d" name="01 - Local - Request-Invalid-Iso_alpha2" outgoingWss="Outflow DEV" incomingWss="Inflow DEV"><con:settings><con:setting id="com.eviware.soapui.impl.wsdl.WsdlRequest@request-headers">&lt;xml-fragment/></con:setting></con:settings><con:encoding>UTF-8</con:encoding><con:endpoint>https://localhost:8243/services/CountryService_v1.0</con:endpoint><con:request><![CDATA[<soapenv:Envelope xmlns:soapenv="http://schemas.xmlsoap.org/soap/envelope/" xmlns:v1="http://fidus.brussels/service/countryservice/messages/v1" xmlns:v11="http://fidus.brussels/type/common/messages/v1" xmlns:v12="http://fsb.belgium.be/mappingServices/countryService/messages/v1_00">
   <soapenv:Header/>
   <soapenv:Body>
      <v1:getPlaceCountryRequest>
         <v1:messageContext>
            <v11:messageId>${=import static java.util.UUID.randomUUID; uuid = randomUUID() as String}</v11:messageId>
            <!--Optional:-->
            <v11:timestamp>${=new java.text.SimpleDateFormat("yyyy-MM-dd'T'HH:mm:ss.SSS").format(new Date())}</v11:timestamp>
         </v1:messageContext>
         <v1:legalContext>ServiceIntegrator</v1:legalContext>
         <v1:request>
            <!--You have a CHOICE of the next 4 items at this level-->
            <!--
            <v12:iso-alpha2 startDate="?" endDate="?" status="?">?</v12:iso-alpha2>
            <v12:iso-alpha3 startDate="?" endDate="?" status="?">?</v12:iso-alpha3>
            <v12:iso-num3 startDate="?" endDate="?" status="?">?</v12:iso-num3>
            <v12:nis-num3 startDate="?" endDate="?" status="?">?</v12:nis-num3>
			-->
             <v12:iso-alpha2>XX</v12:iso-alpha2>
         </v1:request>
      </v1:getPlaceCountryRequest>
   </soapenv:Body>
</soapenv:Envelope>]]></con:request><con:credentials><con:selectedAuthProfile>Basic</con:selectedAuthProfile><con:addedBasicAuthenticationTypes>Basic</con:addedBasicAuthenticationTypes><con:authType>Global HTTP Settings</con:authType></con:credentials><con:jmsConfig JMSDeliveryMode="PERSISTENT"/><con:jmsPropertyConfig/><con:wsaConfig mustUnderstand="NONE" version="200508" action="http://fidus.brussels/services/countryservice/getPlaceCountry"/><con:wsrmConfig version="1.2"/></con:call><con:call id="b68a1cfa-b4c2-456a-9a2c-62149f9fcd95" name="02 - Dev - Request" outgoingWss="Outflow DEV" incomingWss="Inflow DEV"><con:settings><con:setting id="com.eviware.soapui.impl.wsdl.WsdlRequest@request-headers">&lt;xml-fragment/></con:setting></con:settings><con:encoding>UTF-8</con:encoding><con:endpoint>https://192.168.36.61:8243/services/CountryService_v1.0</con:endpoint><con:request><![CDATA[<soapenv:Envelope xmlns:soapenv="http://schemas.xmlsoap.org/soap/envelope/" xmlns:v1="http://fidus.brussels/service/countryservice/messages/v1" xmlns:v11="http://fidus.brussels/type/common/messages/v1" xmlns:v12="http://fsb.belgium.be/mappingServices/countryService/messages/v1_00">
   <soapenv:Header/>
   <soapenv:Body>
      <v1:getPlaceCountryRequest>
         <v1:messageContext>
            <v11:messageId>${=import static java.util.UUID.randomUUID; uuid = randomUUID() as String}</v11:messageId>
            <!--Optional:-->
            <v11:timestamp>${=new java.text.SimpleDateFormat("yyyy-MM-dd'T'HH:mm:ss.SSS").format(new Date())}</v11:timestamp>
         </v1:messageContext>
         <v1:legalContext>ServiceIntegrator</v1:legalContext>
         <v1:request>
            <!--You have a CHOICE of the next 4 items at this level-->
            <!--
            <v12:iso-alpha2 startDate="?" endDate="?" status="?">?</v12:iso-alpha2>
            <v12:iso-alpha3 startDate="?" endDate="?" status="?">?</v12:iso-alpha3>
            <v12:iso-num3 startDate="?" endDate="?" status="?">?</v12:iso-num3>
            <v12:nis-num3 startDate="?" endDate="?" status="?">?</v12:nis-num3>
			-->
             <v12:iso-alpha2>NL</v12:iso-alpha2>
             
         </v1:request>
      </v1:getPlaceCountryRequest>
   </soapenv:Body>
</soapenv:Envelope>]]></con:request><con:credentials><con:selectedAuthProfile>Basic</con:selectedAuthProfile><con:addedBasicAuthenticationTypes>Basic</con:addedBasicAuthenticationTypes><con:authType>Global HTTP Settings</con:authType></con:credentials><con:jmsConfig JMSDeliveryMode="PERSISTENT"/><con:jmsPropertyConfig/><con:wsaConfig mustUnderstand="NONE" version="200508" action="http://fidus.brussels/services/countryservice/getPlaceCountry"/><con:wsrmConfig version="1.2"/></con:call><con:call id="2cbb213d-7594-4474-b028-0e9244fe21b5" name="03 - Test External - Request" outgoingWss="Outflow TEST" incomingWss="Inflow TEST"><con:settings><con:setting id="com.eviware.soapui.impl.wsdl.WsdlRequest@request-headers">&lt;xml-fragment/></con:setting></con:settings><con:encoding>UTF-8</con:encoding><con:endpoint>https://fidus-test.irisnetlab.be/services/CountryService_v1.0</con:endpoint><con:request><![CDATA[<soapenv:Envelope xmlns:soapenv="http://schemas.xmlsoap.org/soap/envelope/" xmlns:v1="http://fidus.brussels/service/countryservice/messages/v1" xmlns:v11="http://fidus.brussels/type/common/messages/v1" xmlns:v12="http://fsb.belgium.be/mappingServices/countryService/messages/v1_00">
   <soapenv:Header/>
   <soapenv:Body>
      <v1:getPlaceCountryRequest>
         <v1:messageContext>
            <v11:messageId>${=import static java.util.UUID.randomUUID; uuid = randomUUID() as String}</v11:messageId>
            <!--Optional:-->
            <v11:timestamp>${=new java.text.SimpleDateFormat("yyyy-MM-dd'T'HH:mm:ss.SSS").format(new Date())}</v11:timestamp>
         </v1:messageContext>
         <v1:legalContext>ServiceIntegrator</v1:legalContext>
         <v1:request>
            <!--You have a CHOICE of the next 4 items at this level-->
            <!--
            <v12:iso-alpha2 startDate="?" endDate="?" status="?">?</v12:iso-alpha2>
            <v12:iso-alpha3 startDate="?" endDate="?" status="?">?</v12:iso-alpha3>
            <v12:iso-num3 startDate="?" endDate="?" status="?">?</v12:iso-num3>
            <v12:nis-num3 startDate="?" endDate="?" status="?">?</v12:nis-num3>
			-->
             <v12:iso-alpha2>NL</v12:iso-alpha2>
             
         </v1:request>
      </v1:getPlaceCountryRequest>
   </soapenv:Body>
</soapenv:Envelope>]]></con:request><con:credentials><con:selectedAuthProfile>Basic</con:selectedAuthProfile><con:addedBasicAuthenticationTypes>Basic</con:addedBasicAuthenticationTypes><con:authType>Global HTTP Settings</con:authType></con:credentials><con:jmsConfig JMSDeliveryMode="PERSISTENT"/><con:jmsPropertyConfig/><con:wsaConfig mustUnderstand="NONE" version="200508" action="http://fidus.brussels/services/countryservice/getPlaceCountry"/><con:wsrmConfig version="1.2"/></con:call><con:call id="799c67c3-a545-4579-9f8a-6779ae924ac6" name="03 - Test LB - Request" outgoingWss="Outflow TEST" incomingWss="Inflow TEST"><con:settings><con:setting id="com.eviware.soapui.impl.wsdl.WsdlRequest@request-headers">&lt;xml-fragment/></con:setting></con:settings><con:encoding>UTF-8</con:encoding><con:endpoint>https://fidus-esb-sg.sta.srv.cirb.lan:8443/services/CountryService_v1.0</con:endpoint><con:request><![CDATA[<soapenv:Envelope xmlns:soapenv="http://schemas.xmlsoap.org/soap/envelope/" xmlns:v1="http://fidus.brussels/service/countryservice/messages/v1" xmlns:v11="http://fidus.brussels/type/common/messages/v1" xmlns:v12="http://fsb.belgium.be/mappingServices/countryService/messages/v1_00">
   <soapenv:Header/>
   <soapenv:Body>
      <v1:getPlaceCountryRequest>
         <v1:messageContext>
            <v11:messageId>${=import static java.util.UUID.randomUUID; uuid = randomUUID() as String}</v11:messageId>
            <!--Optional:-->
            <v11:timestamp>${=new java.text.SimpleDateFormat("yyyy-MM-dd'T'HH:mm:ss.SSS").format(new Date())}</v11:timestamp>
         </v1:messageContext>
         <v1:legalContext>ServiceIntegrator</v1:legalContext>
         <v1:request>
            <!--You have a CHOICE of the next 4 items at this level-->
            <!--
            <v12:iso-alpha2 startDate="?" endDate="?" status="?">?</v12:iso-alpha2>
            <v12:iso-alpha3 startDate="?" endDate="?" status="?">?</v12:iso-alpha3>
            <v12:iso-num3 startDate="?" endDate="?" status="?">?</v12:iso-num3>
            <v12:nis-num3 startDate="?" endDate="?" status="?">?</v12:nis-num3>
			-->
             <v12:iso-alpha2>NL</v12:iso-alpha2>
             
         </v1:request>
      </v1:getPlaceCountryRequest>
   </soapenv:Body>
</soapenv:Envelope>]]></con:request><con:credentials><con:selectedAuthProfile>Basic</con:selectedAuthProfile><con:addedBasicAuthenticationTypes>Basic</con:addedBasicAuthenticationTypes><con:authType>Global HTTP Settings</con:authType></con:credentials><con:jmsConfig JMSDeliveryMode="PERSISTENT"/><con:jmsPropertyConfig/><con:wsaConfig mustUnderstand="NONE" version="200508" action="http://fidus.brussels/services/countryservice/getPlaceCountry"/><con:wsrmConfig version="1.2"/></con:call><con:call id="a18f1ecd-edee-41d5-8b8a-acff7016294e" name="03 - Test Worker1 - Request" outgoingWss="Outflow TEST" incomingWss="Inflow TEST"><con:settings><con:setting id="com.eviware.soapui.impl.wsdl.WsdlRequest@request-headers">&lt;xml-fragment/></con:setting></con:settings><con:encoding>UTF-8</con:encoding><con:endpoint>https://192.168.24.16:8443/services/CountryService_v1.0</con:endpoint><con:request><![CDATA[<soapenv:Envelope xmlns:soapenv="http://schemas.xmlsoap.org/soap/envelope/" xmlns:v1="http://fidus.brussels/service/countryservice/messages/v1" xmlns:v11="http://fidus.brussels/type/common/messages/v1" xmlns:v12="http://fsb.belgium.be/mappingServices/countryService/messages/v1_00">
   <soapenv:Header/>
   <soapenv:Body>
      <v1:getPlaceCountryRequest>
         <v1:messageContext>
            <v11:messageId>${=import static java.util.UUID.randomUUID; uuid = randomUUID() as String}</v11:messageId>
            <!--Optional:-->
            <v11:timestamp>${=new java.text.SimpleDateFormat("yyyy-MM-dd'T'HH:mm:ss.SSS").format(new Date())}</v11:timestamp>
         </v1:messageContext>
         <v1:legalContext>ServiceIntegrator</v1:legalContext>
         <v1:request>
            <!--You have a CHOICE of the next 4 items at this level-->
            <!--
            <v12:iso-alpha2 startDate="?" endDate="?" status="?">?</v12:iso-alpha2>
            <v12:iso-alpha3 startDate="?" endDate="?" status="?">?</v12:iso-alpha3>
            <v12:iso-num3 startDate="?" endDate="?" status="?">?</v12:iso-num3>
            <v12:nis-num3 startDate="?" endDate="?" status="?">?</v12:nis-num3>
			-->
             <v12:iso-alpha2>NL</v12:iso-alpha2>
             
         </v1:request>
      </v1:getPlaceCountryRequest>
   </soapenv:Body>
</soapenv:Envelope>]]></con:request><con:credentials><con:selectedAuthProfile>Basic</con:selectedAuthProfile><con:addedBasicAuthenticationTypes>Basic</con:addedBasicAuthenticationTypes><con:authType>Global HTTP Settings</con:authType></con:credentials><con:jmsConfig JMSDeliveryMode="PERSISTENT"/><con:jmsPropertyConfig/><con:wsaConfig mustUnderstand="NONE" version="200508" action="http://fidus.brussels/services/countryservice/getPlaceCountry"/><con:wsrmConfig version="1.2"/></con:call><con:call id="cbb79a22-0a93-4e64-848a-3c40ed04c033" name="03 - Test Worker2 - Request" outgoingWss="Outflow TEST" incomingWss="Inflow TEST"><con:settings><con:setting id="com.eviware.soapui.impl.wsdl.WsdlRequest@request-headers">&lt;xml-fragment/></con:setting></con:settings><con:encoding>UTF-8</con:encoding><con:endpoint>https://192.168.24.17:8443/services/CountryService_v1.0</con:endpoint><con:request><![CDATA[<soapenv:Envelope xmlns:soapenv="http://schemas.xmlsoap.org/soap/envelope/" xmlns:v1="http://fidus.brussels/service/countryservice/messages/v1" xmlns:v11="http://fidus.brussels/type/common/messages/v1" xmlns:v12="http://fsb.belgium.be/mappingServices/countryService/messages/v1_00">
   <soapenv:Header/>
   <soapenv:Body>
      <v1:getPlaceCountryRequest>
         <v1:messageContext>
            <v11:messageId>${=import static java.util.UUID.randomUUID; uuid = randomUUID() as String}</v11:messageId>
            <!--Optional:-->
            <v11:timestamp>${=new java.text.SimpleDateFormat("yyyy-MM-dd'T'HH:mm:ss.SSS").format(new Date())}</v11:timestamp>
         </v1:messageContext>
         <v1:legalContext>ServiceIntegrator</v1:legalContext>
         <v1:request>
            <!--You have a CHOICE of the next 4 items at this level-->
            <!--
            <v12:iso-alpha2 startDate="?" endDate="?" status="?">?</v12:iso-alpha2>
            <v12:iso-alpha3 startDate="?" endDate="?" status="?">?</v12:iso-alpha3>
            <v12:iso-num3 startDate="?" endDate="?" status="?">?</v12:iso-num3>
            <v12:nis-num3 startDate="?" endDate="?" status="?">?</v12:nis-num3>
			-->
             <v12:iso-alpha2>NL</v12:iso-alpha2>
             
         </v1:request>
      </v1:getPlaceCountryRequest>
   </soapenv:Body>
</soapenv:Envelope>]]></con:request><con:credentials><con:selectedAuthProfile>Basic</con:selectedAuthProfile><con:addedBasicAuthenticationTypes>Basic</con:addedBasicAuthenticationTypes><con:authType>Global HTTP Settings</con:authType></con:credentials><con:jmsConfig JMSDeliveryMode="PERSISTENT"/><con:jmsPropertyConfig/><con:wsaConfig mustUnderstand="NONE" version="200508" action="http://fidus.brussels/services/countryservice/getPlaceCountry"/><con:wsrmConfig version="1.2"/></con:call><con:call id="3e6e6e5b-0cbd-41b1-b4c0-2c3381d4e488" name="02 - DevNew - Request" outgoingWss="Outflow DEV" incomingWss="Inflow DEV"><con:settings><con:setting id="com.eviware.soapui.impl.wsdl.WsdlRequest@request-headers">&lt;xml-fragment/></con:setting></con:settings><con:encoding>UTF-8</con:encoding><con:endpoint>https://192.168.36.75:8243/services/CountryService_v1.0</con:endpoint><con:request><![CDATA[<soapenv:Envelope xmlns:soapenv="http://schemas.xmlsoap.org/soap/envelope/" xmlns:v1="http://fidus.brussels/service/countryservice/messages/v1" xmlns:v11="http://fidus.brussels/type/common/messages/v1" xmlns:v12="http://fsb.belgium.be/mappingServices/countryService/messages/v1_00">
   <soapenv:Header/>
   <soapenv:Body>
      <v1:getPlaceCountryRequest>
         <v1:messageContext>
            <v11:messageId>${=import static java.util.UUID.randomUUID; uuid = randomUUID() as String}</v11:messageId>
            <!--Optional:-->
            <v11:timestamp>${=new java.text.SimpleDateFormat("yyyy-MM-dd'T'HH:mm:ss.SSS").format(new Date())}</v11:timestamp>
         </v1:messageContext>
         <v1:legalContext>ServiceIntegrator</v1:legalContext>
         <v1:request>
            <!--You have a CHOICE of the next 4 items at this level-->
            <!--
            <v12:iso-alpha2 startDate="?" endDate="?" status="?">?</v12:iso-alpha2>
            <v12:iso-alpha3 startDate="?" endDate="?" status="?">?</v12:iso-alpha3>
            <v12:iso-num3 startDate="?" endDate="?" status="?">?</v12:iso-num3>
            <v12:nis-num3 startDate="?" endDate="?" status="?">?</v12:nis-num3>
			-->
             <v12:iso-alpha2>NL</v12:iso-alpha2>
             
         </v1:request>
      </v1:getPlaceCountryRequest>
   </soapenv:Body>
</soapenv:Envelope>]]></con:request><con:credentials><con:selectedAuthProfile>Basic</con:selectedAuthProfile><con:addedBasicAuthenticationTypes>Basic</con:addedBasicAuthenticationTypes><con:authType>Global HTTP Settings</con:authType></con:credentials><con:jmsConfig JMSDeliveryMode="PERSISTENT"/><con:jmsPropertyConfig/><con:wsaConfig mustUnderstand="NONE" version="200508" action="http://fidus.brussels/services/countryservice/getPlaceCountry"/><con:wsrmConfig version="1.2"/></con:call><con:call id="2b3967a2-e4e4-4789-942a-83ac7edf0c07" name="04 - Staging External - Request"><con:settings><con:setting id="com.eviware.soapui.impl.wsdl.WsdlRequest@request-headers">&lt;xml-fragment/></con:setting></con:settings><con:encoding>UTF-8</con:encoding><con:endpoint>https://fidus.irisnetlab.be/services/CountryService_v1.0</con:endpoint><con:request><![CDATA[<soapenv:Envelope xmlns:soapenv="http://schemas.xmlsoap.org/soap/envelope/" xmlns:v1="http://fidus.brussels/service/countryservice/messages/v1" xmlns:v11="http://fidus.brussels/type/common/messages/v1" xmlns:v12="http://fsb.belgium.be/mappingServices/countryService/messages/v1_00">
   <soapenv:Header/>
   <soapenv:Body>
      <v1:getPlaceCountryRequest>
         <v1:messageContext>
            <v11:messageId>${=import static java.util.UUID.randomUUID; uuid = randomUUID() as String}</v11:messageId>
            <!--Optional:-->
            <v11:timestamp>${=new java.text.SimpleDateFormat("yyyy-MM-dd'T'HH:mm:ss.SSS").format(new Date())}</v11:timestamp>
         </v1:messageContext>
         <v1:legalContext>ServiceIntegrator</v1:legalContext>
         <v1:request>
            <!--You have a CHOICE of the next 4 items at this level-->
            <!--
            <v12:iso-alpha2 startDate="?" endDate="?" status="?">?</v12:iso-alpha2>
            <v12:iso-alpha3 startDate="?" endDate="?" status="?">?</v12:iso-alpha3>
            <v12:iso-num3 startDate="?" endDate="?" status="?">?</v12:iso-num3>
            <v12:nis-num3 startDate="?" endDate="?" status="?">?</v12:nis-num3>
			-->
             <v12:iso-alpha2>NL</v12:iso-alpha2>
             
         </v1:request>
      </v1:getPlaceCountryRequest>
   </soapenv:Body>
</soapenv:Envelope>]]></con:request><con:credentials><con:selectedAuthProfile>Basic</con:selectedAuthProfile><con:addedBasicAuthenticationTypes>Basic</con:addedBasicAuthenticationTypes><con:authType>Global HTTP Settings</con:authType></con:credentials><con:jmsConfig JMSDeliveryMode="PERSISTENT"/><con:jmsPropertyConfig/><con:wsaConfig mustUnderstand="NONE" version="200508" action="http://fidus.brussels/services/countryservice/getPlaceCountry"/><con:wsrmConfig version="1.2"/></con:call><con:call id="c21359ec-e2ac-4b32-a855-d2377bb7901f" name="05 - Prod External - Request"><con:settings><con:setting id="com.eviware.soapui.impl.wsdl.WsdlRequest@request-headers">&lt;xml-fragment/></con:setting></con:settings><con:encoding>UTF-8</con:encoding><con:endpoint>https://fidus.sec.brussels/services/CountryService_v1.0</con:endpoint><con:request><![CDATA[<soapenv:Envelope xmlns:soapenv="http://schemas.xmlsoap.org/soap/envelope/" xmlns:v1="http://fidus.brussels/service/countryservice/messages/v1" xmlns:v11="http://fidus.brussels/type/common/messages/v1" xmlns:v12="http://fsb.belgium.be/mappingServices/countryService/messages/v1_00">
   <soapenv:Header/>
   <soapenv:Body>
      <v1:getPlaceCountryRequest>
         <v1:messageContext>
            <v11:messageId>${=import static java.util.UUID.randomUUID; uuid = randomUUID() as String}</v11:messageId>
            <!--Optional:-->
            <v11:timestamp>${=new java.text.SimpleDateFormat("yyyy-MM-dd'T'HH:mm:ss.SSS").format(new Date())}</v11:timestamp>
         </v1:messageContext>
         <v1:legalContext>ServiceIntegrator</v1:legalContext>
         <v1:request>
            <!--You have a CHOICE of the next 4 items at this level-->
            <!--
            <v12:iso-alpha2 startDate="?" endDate="?" status="?">?</v12:iso-alpha2>
            <v12:iso-alpha3 startDate="?" endDate="?" status="?">?</v12:iso-alpha3>
            <v12:iso-num3 startDate="?" endDate="?" status="?">?</v12:iso-num3>
            <v12:nis-num3 startDate="?" endDate="?" status="?">?</v12:nis-num3>
			-->
             <v12:iso-alpha2>NL</v12:iso-alpha2>
             
         </v1:request>
      </v1:getPlaceCountryRequest>
   </soapenv:Body>
</soapenv:Envelope>]]></con:request><con:credentials><con:selectedAuthProfile>Basic</con:selectedAuthProfile><con:addedBasicAuthenticationTypes>Basic</con:addedBasicAuthenticationTypes><con:authType>Global HTTP Settings</con:authType></con:credentials><con:jmsConfig JMSDeliveryMode="PERSISTENT"/><con:jmsPropertyConfig/><con:wsaConfig mustUnderstand="NONE" version="200508" action="http://fidus.brussels/services/countryservice/getPlaceCountry"/><con:wsrmConfig version="1.2"/></con:call></con:operation><con:operation id="291f4af9-456f-4d71-bba4-a542b6b50a3d" isOneWay="false" action="http://fidus.brussels/services/countryservice/getPlaceCountryHistory" name="getPlaceCountryHistory" bindingOperationName="getPlaceCountryHistory" type="Request-Response" inputName="" receivesAttachments="false" sendsAttachments="false" anonymous="optional"><con:settings/><con:call id="daaac330-7a1c-4bba-a496-ddf8359d06f9" name="01 - Local - Request" outgoingWss="Outflow DEV" incomingWss="Inflow DEV"><con:settings><con:setting id="com.eviware.soapui.impl.wsdl.WsdlRequest@request-headers">&lt;xml-fragment/></con:setting></con:settings><con:encoding>UTF-8</con:encoding><con:endpoint>https://localhost:8243/services/CountryService_v1.0</con:endpoint><con:request><![CDATA[<soapenv:Envelope xmlns:soapenv="http://schemas.xmlsoap.org/soap/envelope/" xmlns:v1="http://fidus.brussels/service/countryservice/messages/v1" xmlns:v11="http://fidus.brussels/type/common/messages/v1" xmlns:v12="http://fsb.belgium.be/mappingServices/countryService/messages/v1_00">
   <soapenv:Header/>
   <soapenv:Body>
      <v1:getPlaceCountryHistoryRequest>
         <v1:messageContext>
            <v11:messageId>${=import static java.util.UUID.randomUUID; uuid = randomUUID() as String}</v11:messageId>
            <!--Optional:-->
            <v11:timestamp>${=new java.text.SimpleDateFormat("yyyy-MM-dd'T'HH:mm:ss.SSS").format(new Date())}</v11:timestamp>
         </v1:messageContext>
         <v1:legalContext>ServiceIntegrator</v1:legalContext>
         <v1:request>
            <v12:iso-alpha2>FR</v12:iso-alpha2>
            <!--Optional:-->
            <!--<v12:referenceDate>2016-10-10</v12:referenceDate>-->
         </v1:request>
      </v1:getPlaceCountryHistoryRequest>
   </soapenv:Body>
</soapenv:Envelope>


]]></con:request><con:credentials><con:selectedAuthProfile>Basic</con:selectedAuthProfile><con:addedBasicAuthenticationTypes>Basic</con:addedBasicAuthenticationTypes><con:authType>Global HTTP Settings</con:authType></con:credentials><con:jmsConfig JMSDeliveryMode="PERSISTENT"/><con:jmsPropertyConfig/><con:wsaConfig mustUnderstand="NONE" version="200508" action="http://fidus.brussels/services/countryservice/getPlaceCountryHistory"/><con:wsrmConfig version="1.2"/></con:call><con:call id="ff67598e-4872-4bfe-9178-20e9ed09f1d9" name="01 - Local - Request-Invalid-Iso_alpha2" outgoingWss="Outflow DEV" incomingWss="Inflow DEV"><con:settings><con:setting id="com.eviware.soapui.impl.wsdl.WsdlRequest@request-headers">&lt;xml-fragment/></con:setting></con:settings><con:encoding>UTF-8</con:encoding><con:endpoint>https://localhost:8243/services/CountryService_v1.0</con:endpoint><con:request><![CDATA[<soapenv:Envelope xmlns:soapenv="http://schemas.xmlsoap.org/soap/envelope/" xmlns:v1="http://fidus.brussels/service/countryservice/messages/v1" xmlns:v11="http://fidus.brussels/type/common/messages/v1" xmlns:v12="http://fsb.belgium.be/mappingServices/countryService/messages/v1_00">
   <soapenv:Header/>
   <soapenv:Body>
      <v1:getPlaceCountryHistoryRequest>
         <v1:messageContext>
            <v11:messageId>${=import static java.util.UUID.randomUUID; uuid = randomUUID() as String}</v11:messageId>
            <!--Optional:-->
            <v11:timestamp>${=new java.text.SimpleDateFormat("yyyy-MM-dd'T'HH:mm:ss.SSS").format(new Date())}</v11:timestamp>
         </v1:messageContext>
         <v1:legalContext>ServiceIntegrator</v1:legalContext>
         <v1:request>
            <v12:iso-alpha2>XX</v12:iso-alpha2>
            <!--Optional:-->
            <v12:referenceDate>2016-10-10</v12:referenceDate>
         </v1:request>
      </v1:getPlaceCountryHistoryRequest>
   </soapenv:Body>
</soapenv:Envelope>]]></con:request><con:credentials><con:selectedAuthProfile>Basic</con:selectedAuthProfile><con:addedBasicAuthenticationTypes>Basic</con:addedBasicAuthenticationTypes><con:authType>Global HTTP Settings</con:authType></con:credentials><con:jmsConfig JMSDeliveryMode="PERSISTENT"/><con:jmsPropertyConfig/><con:wsaConfig mustUnderstand="NONE" version="200508" action="http://fidus.brussels/services/countryservice/getPlaceCountryHistory"/><con:wsrmConfig version="1.2"/></con:call><con:call id="72136c5a-66a1-482e-9105-e06868c860b9" name="02 - Dev - Request" outgoingWss="Outflow DEV" incomingWss="Inflow DEV"><con:settings><con:setting id="com.eviware.soapui.impl.wsdl.WsdlRequest@request-headers">&lt;xml-fragment/></con:setting></con:settings><con:encoding>UTF-8</con:encoding><con:endpoint>https://192.168.36.61:8243/services/CountryService_v1.0</con:endpoint><con:request><![CDATA[<soapenv:Envelope xmlns:soapenv="http://schemas.xmlsoap.org/soap/envelope/" xmlns:v1="http://fidus.brussels/service/countryservice/messages/v1" xmlns:v11="http://fidus.brussels/type/common/messages/v1" xmlns:v12="http://fsb.belgium.be/mappingServices/countryService/messages/v1_00">
   <soapenv:Header/>
   <soapenv:Body xmlns:soapenv="http://schemas.xmlsoap.org/soap/envelope/" xmlns:wsu="http://docs.oasis-open.org/wss/2004/01/oasis-200401-wss-wssecurity-utility-1.0.xsd" wsu:Id="id-5C8D63ADC1427B4599147860106781222">
   <v1:getPlaceCountryHistoryRequest xmlns:v1="http://fidus.brussels/service/countryservice/messages/v1">
         <v1:messageContext>
            <v11:messageId xmlns:v11="http://fidus.brussels/type/common/messages/v1">504da2d0-a96a-41e9-b3dd-3c1f56039568</v11:messageId>
            <!--Optional:-->
            <v11:timestamp xmlns:v11="http://fidus.brussels/type/common/messages/v1">2016-11-08T11:31:07.809</v11:timestamp>
         </v1:messageContext>
         <v1:legalContext>ServiceIntegrator</v1:legalContext>
         <v1:request>
            <v12:iso-alpha2 xmlns:v12="http://fsb.belgium.be/mappingServices/countryService/messages/v1_00">NL</v12:iso-alpha2>
            <!--Optional:-->
            <v12:referenceDate xmlns:v12="http://fsb.belgium.be/mappingServices/countryService/messages/v1_00">2016-10-10</v12:referenceDate>
         </v1:request>
      </v1:getPlaceCountryHistoryRequest>
   </soapenv:Body>
</soapenv:Envelope>]]></con:request><con:credentials><con:selectedAuthProfile>Basic</con:selectedAuthProfile><con:addedBasicAuthenticationTypes>Basic</con:addedBasicAuthenticationTypes><con:authType>Global HTTP Settings</con:authType></con:credentials><con:jmsConfig JMSDeliveryMode="PERSISTENT"/><con:jmsPropertyConfig/><con:wsaConfig mustUnderstand="NONE" version="200508" action="http://fidus.brussels/services/countryservice/getPlaceCountryHistory"/><con:wsrmConfig version="1.2"/></con:call><con:call id="c54c9a3b-84d4-4dda-8068-d7e223e20799" name="03 - Test External - Request" outgoingWss="Outflow TEST" incomingWss="Inflow TEST"><con:settings><con:setting id="com.eviware.soapui.impl.wsdl.WsdlRequest@request-headers">&lt;xml-fragment/></con:setting></con:settings><con:encoding>UTF-8</con:encoding><con:endpoint>https://fidus-test.irisnetlab.be/services/CountryService_v1.0</con:endpoint><con:request><![CDATA[<soapenv:Envelope xmlns:soapenv="http://schemas.xmlsoap.org/soap/envelope/" xmlns:v1="http://fidus.brussels/service/countryservice/messages/v1" xmlns:v11="http://fidus.brussels/type/common/messages/v1" xmlns:v12="http://fsb.belgium.be/mappingServices/countryService/messages/v1_00">
   <soapenv:Header/>
   <soapenv:Body>
      <v1:getPlaceCountryHistoryRequest>
         <v1:messageContext>
            <v11:messageId>${=import static java.util.UUID.randomUUID; uuid = randomUUID() as String}</v11:messageId>
            <!--Optional:-->
            <v11:timestamp>${=new java.text.SimpleDateFormat("yyyy-MM-dd'T'HH:mm:ss.SSS").format(new Date())}</v11:timestamp>
         </v1:messageContext>
         <v1:legalContext>ServiceIntegrator</v1:legalContext>
         <v1:request>
            <v12:iso-alpha2>NL</v12:iso-alpha2>
         </v1:request>
      </v1:getPlaceCountryHistoryRequest>
   </soapenv:Body>
</soapenv:Envelope>]]></con:request><con:credentials><con:selectedAuthProfile>Basic</con:selectedAuthProfile><con:addedBasicAuthenticationTypes>Basic</con:addedBasicAuthenticationTypes><con:authType>Global HTTP Settings</con:authType></con:credentials><con:jmsConfig JMSDeliveryMode="PERSISTENT"/><con:jmsPropertyConfig/><con:wsaConfig mustUnderstand="NONE" version="200508" action="http://fidus.brussels/services/countryservice/getPlaceCountryHistory"/><con:wsrmConfig version="1.2"/></con:call><con:call id="d87e865f-c258-4cd7-9fd2-b3ccd8ba8016" name="03 - Test LB - Request" outgoingWss="Outflow TEST" incomingWss="Inflow TEST"><con:settings><con:setting id="com.eviware.soapui.impl.wsdl.WsdlRequest@request-headers">&lt;xml-fragment/></con:setting></con:settings><con:encoding>UTF-8</con:encoding><con:endpoint>https://fidus-esb-sg.sta.srv.cirb.lan:8443/services/CountryService_v1.0</con:endpoint><con:request><![CDATA[<soapenv:Envelope xmlns:soapenv="http://schemas.xmlsoap.org/soap/envelope/" xmlns:v1="http://fidus.brussels/service/countryservice/messages/v1" xmlns:v11="http://fidus.brussels/type/common/messages/v1" xmlns:v12="http://fsb.belgium.be/mappingServices/countryService/messages/v1_00">
   <soapenv:Header/>
   <soapenv:Body>
      <v1:getPlaceCountryHistoryRequest>
         <v1:messageContext>
            <v11:messageId>${=import static java.util.UUID.randomUUID; uuid = randomUUID() as String}</v11:messageId>
            <!--Optional:-->
            <v11:timestamp>${=new java.text.SimpleDateFormat("yyyy-MM-dd'T'HH:mm:ss.SSS").format(new Date())}</v11:timestamp>
         </v1:messageContext>
         <v1:legalContext>ServiceIntegrator</v1:legalContext>
         <v1:request>
            <v12:iso-alpha2>BR</v12:iso-alpha2>
            <!--Optional:-->
            <!--<v12:referenceDate>2016-10-10</v12:referenceDate>-->
         </v1:request>
      </v1:getPlaceCountryHistoryRequest>
   </soapenv:Body>
</soapenv:Envelope>]]></con:request><con:credentials><con:selectedAuthProfile>Basic</con:selectedAuthProfile><con:addedBasicAuthenticationTypes>Basic</con:addedBasicAuthenticationTypes><con:authType>Global HTTP Settings</con:authType></con:credentials><con:jmsConfig JMSDeliveryMode="PERSISTENT"/><con:jmsPropertyConfig/><con:wsaConfig mustUnderstand="NONE" version="200508" action="http://fidus.brussels/services/countryservice/getPlaceCountryHistory"/><con:wsrmConfig version="1.2"/></con:call><con:call id="4704ca99-6548-4729-ab8d-f40f5b3c296a" name="03 - Test Worker1 - Request" outgoingWss="Outflow TEST" incomingWss="Inflow TEST"><con:settings><con:setting id="com.eviware.soapui.impl.wsdl.WsdlRequest@request-headers">&lt;xml-fragment/></con:setting></con:settings><con:encoding>UTF-8</con:encoding><con:endpoint>https://192.168.24.16:8443/services/CountryService_v1.0</con:endpoint><con:request><![CDATA[<soapenv:Envelope xmlns:soapenv="http://schemas.xmlsoap.org/soap/envelope/" xmlns:v1="http://fidus.brussels/service/countryservice/messages/v1" xmlns:v11="http://fidus.brussels/type/common/messages/v1" xmlns:v12="http://fsb.belgium.be/mappingServices/countryService/messages/v1_00">
   <soapenv:Header/>
   <soapenv:Body>
      <v1:getPlaceCountryHistoryRequest>
         <v1:messageContext>
            <v11:messageId>${=import static java.util.UUID.randomUUID; uuid = randomUUID() as String}</v11:messageId>
            <!--Optional:-->
            <v11:timestamp>${=new java.text.SimpleDateFormat("yyyy-MM-dd'T'HH:mm:ss.SSS").format(new Date())}</v11:timestamp>
         </v1:messageContext>
         <v1:legalContext>ServiceIntegrator</v1:legalContext>
         <v1:request>
            <v12:iso-alpha2>PL</v12:iso-alpha2>
            <!--Optional:-->
            
         </v1:request>
      </v1:getPlaceCountryHistoryRequest>
   </soapenv:Body>
</soapenv:Envelope>]]></con:request><con:credentials><con:selectedAuthProfile>Basic</con:selectedAuthProfile><con:addedBasicAuthenticationTypes>Basic</con:addedBasicAuthenticationTypes><con:authType>Global HTTP Settings</con:authType></con:credentials><con:jmsConfig JMSDeliveryMode="PERSISTENT"/><con:jmsPropertyConfig/><con:wsaConfig mustUnderstand="NONE" version="200508" action="http://fidus.brussels/services/countryservice/getPlaceCountryHistory"/><con:wsrmConfig version="1.2"/></con:call><con:call id="cb2a1c4e-2361-4d4c-8b7f-86701a44921a" name="03 - Test Worker2 - Request" outgoingWss="Outflow TEST" incomingWss="Inflow TEST"><con:settings><con:setting id="com.eviware.soapui.impl.wsdl.WsdlRequest@request-headers">&lt;xml-fragment/></con:setting></con:settings><con:encoding>UTF-8</con:encoding><con:endpoint>https://192.168.24.17:8443/services/CountryService_v1.0</con:endpoint><con:request><![CDATA[<soapenv:Envelope xmlns:soapenv="http://schemas.xmlsoap.org/soap/envelope/" xmlns:v1="http://fidus.brussels/service/countryservice/messages/v1" xmlns:v11="http://fidus.brussels/type/common/messages/v1" xmlns:v12="http://fsb.belgium.be/mappingServices/countryService/messages/v1_00">
   <soapenv:Header/>
   <soapenv:Body>
      <v1:getPlaceCountryHistoryRequest>
         <v1:messageContext>
            <v11:messageId>${=import static java.util.UUID.randomUUID; uuid = randomUUID() as String}</v11:messageId>
            <!--Optional:-->
            <v11:timestamp>${=new java.text.SimpleDateFormat("yyyy-MM-dd'T'HH:mm:ss.SSS").format(new Date())}</v11:timestamp>
         </v1:messageContext>
         <v1:legalContext>ServiceIntegrator</v1:legalContext>
         <v1:request>
            <v12:iso-alpha2>DE</v12:iso-alpha2>
            <!--Optional:-->
            <v12:referenceDate>2000-01-01</v12:referenceDate>
         </v1:request>
      </v1:getPlaceCountryHistoryRequest>
   </soapenv:Body>
</soapenv:Envelope>]]></con:request><con:credentials><con:selectedAuthProfile>Basic</con:selectedAuthProfile><con:addedBasicAuthenticationTypes>Basic</con:addedBasicAuthenticationTypes><con:authType>Global HTTP Settings</con:authType></con:credentials><con:jmsConfig JMSDeliveryMode="PERSISTENT"/><con:jmsPropertyConfig/><con:wsaConfig mustUnderstand="NONE" version="200508" action="http://fidus.brussels/services/countryservice/getPlaceCountryHistory"/><con:wsrmConfig version="1.2"/></con:call><con:call id="f193594b-ff5a-4383-823d-a955ef07f1bb" name="02 - DevNew - Request" outgoingWss="Outflow DEV" incomingWss="Inflow DEV"><con:settings><con:setting id="com.eviware.soapui.impl.wsdl.WsdlRequest@request-headers">&lt;xml-fragment/></con:setting></con:settings><con:encoding>UTF-8</con:encoding><con:endpoint>https://192.168.36.75:8243/services/CountryService_v1.0</con:endpoint><con:request><![CDATA[<soapenv:Envelope xmlns:soapenv="http://schemas.xmlsoap.org/soap/envelope/" xmlns:v1="http://fidus.brussels/service/countryservice/messages/v1" xmlns:v11="http://fidus.brussels/type/common/messages/v1" xmlns:v12="http://fsb.belgium.be/mappingServices/countryService/messages/v1_00">
   <soapenv:Header/>
   <soapenv:Body xmlns:soapenv="http://schemas.xmlsoap.org/soap/envelope/" xmlns:wsu="http://docs.oasis-open.org/wss/2004/01/oasis-200401-wss-wssecurity-utility-1.0.xsd" wsu:Id="id-5C8D63ADC1427B4599147860106781222">
   <v1:getPlaceCountryHistoryRequest xmlns:v1="http://fidus.brussels/service/countryservice/messages/v1">
         <v1:messageContext>
            <v11:messageId xmlns:v11="http://fidus.brussels/type/common/messages/v1">504da2d0-a96a-41e9-b3dd-3c1f56039568</v11:messageId>
            <!--Optional:-->
            <v11:timestamp xmlns:v11="http://fidus.brussels/type/common/messages/v1">2016-11-08T11:31:07.809</v11:timestamp>
         </v1:messageContext>
         <v1:legalContext>ServiceIntegrator</v1:legalContext>
         <v1:request>
            <v12:iso-alpha2 xmlns:v12="http://fsb.belgium.be/mappingServices/countryService/messages/v1_00">NL</v12:iso-alpha2>
            <!--Optional:-->
            <v12:referenceDate xmlns:v12="http://fsb.belgium.be/mappingServices/countryService/messages/v1_00">2016-10-10</v12:referenceDate>
         </v1:request>
      </v1:getPlaceCountryHistoryRequest>
   </soapenv:Body>
</soapenv:Envelope>]]></con:request><con:credentials><con:selectedAuthProfile>Basic</con:selectedAuthProfile><con:addedBasicAuthenticationTypes>Basic</con:addedBasicAuthenticationTypes><con:authType>Global HTTP Settings</con:authType></con:credentials><con:jmsConfig JMSDeliveryMode="PERSISTENT"/><con:jmsPropertyConfig/><con:wsaConfig mustUnderstand="NONE" version="200508" action="http://fidus.brussels/services/countryservice/getPlaceCountryHistory"/><con:wsrmConfig version="1.2"/></con:call><con:call id="61200dc6-0df9-41e4-978a-1b9d4ae27745" name="04 - Staging External - Request" outgoingWss="Outflow STAGING" incomingWss="Inflow STAGING"><con:settings><con:setting id="com.eviware.soapui.impl.wsdl.WsdlRequest@request-headers">&lt;xml-fragment/></con:setting></con:settings><con:encoding>UTF-8</con:encoding><con:endpoint>https://fidus.irisnetlab.be/services/CountryService_v1.0</con:endpoint><con:request><![CDATA[<soapenv:Envelope xmlns:soapenv="http://schemas.xmlsoap.org/soap/envelope/" xmlns:v1="http://fidus.brussels/service/countryservice/messages/v1" xmlns:v11="http://fidus.brussels/type/common/messages/v1" xmlns:v12="http://fsb.belgium.be/mappingServices/countryService/messages/v1_00">
   <soapenv:Header/>
   <soapenv:Body>
      <v1:getPlaceCountryHistoryRequest>
         <v1:messageContext>
            <v11:messageId>${=import static java.util.UUID.randomUUID; uuid = randomUUID() as String}</v11:messageId>
            <!--Optional:-->
            <v11:timestamp>${=new java.text.SimpleDateFormat("yyyy-MM-dd'T'HH:mm:ss.SSS").format(new Date())}</v11:timestamp>
         </v1:messageContext>
         <v1:legalContext>ServiceIntegrator</v1:legalContext>
         <v1:request>
            <v12:iso-alpha2>NL</v12:iso-alpha2>
         </v1:request>
      </v1:getPlaceCountryHistoryRequest>
   </soapenv:Body>
</soapenv:Envelope>]]></con:request><con:credentials><con:selectedAuthProfile>Basic</con:selectedAuthProfile><con:addedBasicAuthenticationTypes>Basic</con:addedBasicAuthenticationTypes><con:authType>Global HTTP Settings</con:authType></con:credentials><con:jmsConfig JMSDeliveryMode="PERSISTENT"/><con:jmsPropertyConfig/><con:wsaConfig mustUnderstand="NONE" version="200508" action="http://fidus.brussels/services/countryservice/getPlaceCountryHistory"/><con:wsrmConfig version="1.2"/></con:call><con:call id="290e02d7-fcb5-417f-bd07-54db9e10bd64" name="05 - Prod External - Request" outgoingWss="Outflow PROD" incomingWss="Inflow PROD"><con:settings><con:setting id="com.eviware.soapui.impl.wsdl.WsdlRequest@request-headers">&lt;xml-fragment/></con:setting></con:settings><con:encoding>UTF-8</con:encoding><con:endpoint>https://fidus.sec.brussels/services/CountryService_v1.0</con:endpoint><con:request><![CDATA[<soapenv:Envelope xmlns:soapenv="http://schemas.xmlsoap.org/soap/envelope/" xmlns:v1="http://fidus.brussels/service/countryservice/messages/v1" xmlns:v11="http://fidus.brussels/type/common/messages/v1" xmlns:v12="http://fsb.belgium.be/mappingServices/countryService/messages/v1_00">
   <soapenv:Header/>
   <soapenv:Body>
      <v1:getPlaceCountryHistoryRequest>
         <v1:messageContext>
            <v11:messageId>${=import static java.util.UUID.randomUUID; uuid = randomUUID() as String}</v11:messageId>
            <!--Optional:-->
            <v11:timestamp>${=new java.text.SimpleDateFormat("yyyy-MM-dd'T'HH:mm:ss.SSS").format(new Date())}</v11:timestamp>
         </v1:messageContext>
         <v1:legalContext>ServiceIntegrator</v1:legalContext>
         <v1:request>
            <v12:iso-alpha2>NL</v12:iso-alpha2>
         </v1:request>
      </v1:getPlaceCountryHistoryRequest>
   </soapenv:Body>
</soapenv:Envelope>]]></con:request><con:credentials><con:selectedAuthProfile>Basic</con:selectedAuthProfile><con:addedBasicAuthenticationTypes>Basic</con:addedBasicAuthenticationTypes><con:authType>Global HTTP Settings</con:authType></con:credentials><con:jmsConfig JMSDeliveryMode="PERSISTENT"/><con:jmsPropertyConfig/><con:wsaConfig mustUnderstand="NONE" version="200508" action="http://fidus.brussels/services/countryservice/getPlaceCountryHistory"/><con:wsrmConfig version="1.2"/></con:call></con:operation></con:interface><con:testSuite id="2a449bd5-023e-49ad-8807-ab6a39eb5fa2" name="TEST"><con:settings/><con:runType>SEQUENTIAL</con:runType><con:testCase id="26523d92-3526-4fe9-be4d-f0ea12708d29" failOnError="true" failTestCaseOnErrors="true" keepSession="false" maxResults="0" name="getAddressCountries" searchProperties="true"><con:settings/><con:testStep type="request" id="de00018c-d0d5-47e8-b357-9fb2acdb6530" name="testcase03 - Test Worker1 - Request"><con:settings/><con:config xsi:type="con:RequestStep" xmlns:xsi="http://www.w3.org/2001/XMLSchema-instance"><con:interface>CountryServiceHTTPBinding</con:interface><con:operation>getAddressCountries</con:operation><con:request name="testcase03 - Test Worker1 - Request" id="b652adcd-b160-497a-a6d3-516e34c70143" outgoingWss="Outflow TEST"><con:settings/><con:encoding>UTF-8</con:encoding><con:endpoint>https://192.168.24.16:8443/services/CountryService_v1.0</con:endpoint><con:request><![CDATA[<soapenv:Envelope xmlns:soapenv="http://schemas.xmlsoap.org/soap/envelope/" xmlns:v1="http://fidus.brussels/service/countryservice/messages/v1" xmlns:v11="http://fidus.brussels/type/common/messages/v1">
   <soapenv:Header/>
   <soapenv:Body>
      <v1:getAddressCountriesRequest>
         <v1:messageContext>
            <v11:messageId>${=import static java.util.UUID.randomUUID; uuid = randomUUID() as String}</v11:messageId>
            <!--Optional:-->
            <v11:timestamp>${=new java.text.SimpleDateFormat("yyyy-MM-dd'T'HH:mm:ss.SSS").format(new Date())}</v11:timestamp>
         </v1:messageContext>
         <v1:legalContext>ServiceIntegrator</v1:legalContext>
         <v1:request>
            <!--Optional:-->
            <v1:referenceDate>2016-10-10</v1:referenceDate>
         </v1:request>
      </v1:getAddressCountriesRequest>
   </soapenv:Body>
</soapenv:Envelope>]]></con:request><con:assertion type="SOAP Fault Assertion" id="ed955a95-6896-4de0-be15-57956858f5ad" name="Not SOAP Fault"/><con:assertion type="SOAP Response" id="7504c143-a19f-4edc-87b3-6d42632312a4" name="SOAP Response"/><con:assertion type="Schema Compliance" id="c90a475b-e44e-470c-9d41-1ca16a15ec4b" name="Schema Compliance"><con:configuration/></con:assertion><con:wsaConfig action="http://fidus.brussels/services/countryservice/getAddressCountries"/></con:request></con:config></con:testStep><con:testStep type="request" id="7b03bed2-2175-498b-8a18-e9fe0f3f4fdd" name="testcase03 - Test Worker2 - Request"><con:settings/><con:config xsi:type="con:RequestStep" xmlns:xsi="http://www.w3.org/2001/XMLSchema-instance"><con:interface>CountryServiceHTTPBinding</con:interface><con:operation>getAddressCountries</con:operation><con:request name="testcase03 - Test Worker2 - Request" id="c70a16c3-d754-4c51-9d6c-0893ab4a1ebc" outgoingWss="Outflow TEST"><con:settings/><con:encoding>UTF-8</con:encoding><con:endpoint>https://192.168.24.17:8443/services/CountryService_v1.0</con:endpoint><con:request><![CDATA[<soapenv:Envelope xmlns:soapenv="http://schemas.xmlsoap.org/soap/envelope/" xmlns:v1="http://fidus.brussels/service/countryservice/messages/v1" xmlns:v11="http://fidus.brussels/type/common/messages/v1">
   <soapenv:Header/>
   <soapenv:Body>
      <v1:getAddressCountriesRequest>
         <v1:messageContext>
            <v11:messageId>${=import static java.util.UUID.randomUUID; uuid = randomUUID() as String}</v11:messageId>
            <!--Optional:-->
            <v11:timestamp>${=new java.text.SimpleDateFormat("yyyy-MM-dd'T'HH:mm:ss.SSS").format(new Date())}</v11:timestamp>
         </v1:messageContext>
         <v1:legalContext>ServiceIntegrator</v1:legalContext>
         <v1:request>
            <!--Optional:-->
            <v1:referenceDate>2016-10-10</v1:referenceDate>
         </v1:request>
      </v1:getAddressCountriesRequest>
   </soapenv:Body>
</soapenv:Envelope>]]></con:request><con:assertion type="SOAP Fault Assertion" id="6cb8ab37-a1c3-43db-a346-a025deeeb70a" name="Not SOAP Fault"/><con:assertion type="SOAP Response" id="a97f49b7-8664-464b-b5a4-233e9aafcfdb" name="SOAP Response"/><con:assertion type="Schema Compliance" id="1e63e17d-5dde-4d01-a6ee-7df73f85bedd" name="Schema Compliance"><con:configuration/></con:assertion><con:wsaConfig action="http://fidus.brussels/services/countryservice/getAddressCountries"/></con:request></con:config></con:testStep><con:testStep type="request" id="9c6f60ab-1046-4d8c-9a97-3a5c2d6ec976" name="testcase03 - Test External - Request"><con:settings/><con:config xsi:type="con:RequestStep" xmlns:xsi="http://www.w3.org/2001/XMLSchema-instance"><con:interface>CountryServiceHTTPBinding</con:interface><con:operation>getAddressCountries</con:operation><con:request name="testcase03 - Test External - Request" id="4e327317-72f6-41bb-bf79-42b86d960ebe" outgoingWss="Outflow TEST"><con:settings/><con:encoding>UTF-8</con:encoding><con:endpoint>https://fidus-test.irisnetlab.be/services/CountryService_v1.0</con:endpoint><con:request><![CDATA[<soapenv:Envelope xmlns:soapenv="http://schemas.xmlsoap.org/soap/envelope/" xmlns:v1="http://fidus.brussels/service/countryservice/messages/v1" xmlns:v11="http://fidus.brussels/type/common/messages/v1">
   <soapenv:Header/>
   <soapenv:Body>
      <v1:getAddressCountriesRequest>
         <v1:messageContext>
            <v11:messageId>${=import static java.util.UUID.randomUUID; uuid = randomUUID() as String}</v11:messageId>
            <!--Optional:-->
            <v11:timestamp>${=new java.text.SimpleDateFormat("yyyy-MM-dd'T'HH:mm:ss.SSS").format(new Date())}</v11:timestamp>
         </v1:messageContext>
         <v1:legalContext>ServiceIntegrator</v1:legalContext>
         <v1:request>
            <!--Optional:-->
            <v1:referenceDate>2016-10-10</v1:referenceDate>
         </v1:request>
      </v1:getAddressCountriesRequest>
   </soapenv:Body>
</soapenv:Envelope>]]></con:request><con:assertion type="SOAP Fault Assertion" id="4bb8acf7-b7f7-4dc8-9b3f-b4e7a5d99547" name="Not SOAP Fault"/><con:assertion type="SOAP Response" id="4be0675a-d8af-4237-82d6-da0739376812" name="SOAP Response"/><con:assertion type="Schema Compliance" id="655118db-f82f-4351-87fc-565dccc566fd" name="Schema Compliance"><con:configuration/></con:assertion><con:wsaConfig action="http://fidus.brussels/services/countryservice/getAddressCountries"/></con:request></con:config></con:testStep><con:testStep type="request" id="298826e2-258a-4aba-abc8-0d0dfd72855a" name="testcase03 - Test LB - Request"><con:settings/><con:config xsi:type="con:RequestStep" xmlns:xsi="http://www.w3.org/2001/XMLSchema-instance"><con:interface>CountryServiceHTTPBinding</con:interface><con:operation>getAddressCountries</con:operation><con:request name="testcase03 - Test LB - Request" id="06a64e1c-f2cc-472d-be64-25e2b3f5c657" outgoingWss="Outflow TEST"><con:settings/><con:encoding>UTF-8</con:encoding><con:endpoint>https://fidus-esb-sg.sta.srv.cirb.lan:8443/services/CountryService_v1.0</con:endpoint><con:request><![CDATA[<soapenv:Envelope xmlns:soapenv="http://schemas.xmlsoap.org/soap/envelope/" xmlns:v1="http://fidus.brussels/service/countryservice/messages/v1" xmlns:v11="http://fidus.brussels/type/common/messages/v1">
   <soapenv:Header/>
   <soapenv:Body>
      <v1:getAddressCountriesRequest>
         <v1:messageContext>
            <v11:messageId>${=import static java.util.UUID.randomUUID; uuid = randomUUID() as String}</v11:messageId>
            <!--Optional:-->
            <v11:timestamp>${=new java.text.SimpleDateFormat("yyyy-MM-dd'T'HH:mm:ss.SSS").format(new Date())}</v11:timestamp>
         </v1:messageContext>
         <v1:legalContext>ServiceIntegrator</v1:legalContext>
         <v1:request>
            <!--Optional:-->
            <v1:referenceDate>2016-10-10</v1:referenceDate>
         </v1:request>
      </v1:getAddressCountriesRequest>
   </soapenv:Body>
</soapenv:Envelope>]]></con:request><con:assertion type="SOAP Fault Assertion" id="42be67b1-f97d-415a-8d64-0f9933d2abc7" name="Not SOAP Fault"/><con:assertion type="SOAP Response" id="e89f2213-1a5f-4f7a-89f3-e38bd738b659" name="SOAP Response"/><con:assertion type="Schema Compliance" id="4bd7f092-6032-46cc-a02e-f54363aa2458" name="Schema Compliance"><con:configuration/></con:assertion><con:wsaConfig action="http://fidus.brussels/services/countryservice/getAddressCountries"/></con:request></con:config></con:testStep><con:properties/></con:testCase><con:testCase id="196f6068-146f-4d79-b70c-f055a5e76440" failOnError="true" failTestCaseOnErrors="true" keepSession="false" maxResults="0" name="getAddressCountry" searchProperties="true"><con:settings/><con:testStep type="request" id="e5207c61-b293-4a84-9bf4-10caba08fc47" name="testcase03 - Test External - Request"><con:settings/><con:config xsi:type="con:RequestStep" xmlns:xsi="http://www.w3.org/2001/XMLSchema-instance"><con:interface>CountryServiceHTTPBinding</con:interface><con:operation>getAddressCountry</con:operation><con:request name="testcase03 - Test External - Request" id="d6f6ea76-c319-4ce4-8a3d-142d81508751" outgoingWss="Outflow TEST"><con:settings/><con:encoding>UTF-8</con:encoding><con:endpoint>https://fidus-test.irisnetlab.be/services/CountryService_v1.0</con:endpoint><con:request><![CDATA[<soapenv:Envelope xmlns:soapenv="http://schemas.xmlsoap.org/soap/envelope/" xmlns:v1="http://fidus.brussels/service/countryservice/messages/v1" xmlns:v11="http://fidus.brussels/type/common/messages/v1" xmlns:v12="http://fsb.belgium.be/mappingServices/countryService/messages/v1_00">
   <soapenv:Header/>
   <soapenv:Body>
      <v1:getAddressCountryRequest>
         <v1:messageContext>
            <v11:messageId>${=import static java.util.UUID.randomUUID; uuid = randomUUID() as String}</v11:messageId>
            <!--Optional:-->
            <v11:timestamp>${=new java.text.SimpleDateFormat("yyyy-MM-dd'T'HH:mm:ss.SSS").format(new Date())}</v11:timestamp>
         </v1:messageContext>
         <v1:legalContext>ServiceIntegrator</v1:legalContext>
         <v1:request>
            <!--You have a CHOICE of the next 4 items at this level-->
            <v12:iso-alpha2>BE</v12:iso-alpha2>
            <!--<v12:iso-alpha3 startDate="?" endDate="?" status="?">?</v12:iso-alpha3>-->
            <!--<v12:iso-num3 startDate="?" endDate="?" status="?">?</v12:iso-num3>-->
            <!--<v12:nis-num3 startDate="?" endDate="?" status="?">?</v12:nis-num3>-->
         </v1:request>
      </v1:getAddressCountryRequest>
   </soapenv:Body>
</soapenv:Envelope>]]></con:request><con:assertion type="SOAP Fault Assertion" id="eaa7b820-363d-44a9-acb7-f3bcffbf12de" name="Not SOAP Fault"/><con:assertion type="SOAP Response" id="ea8b2b20-8e04-4513-8bcb-bf289c3100e5" name="SOAP Response"/><con:assertion type="Schema Compliance" id="3632a446-775f-41d1-a0a7-e53c55466c14" name="Schema Compliance"><con:configuration/></con:assertion><con:wsaConfig action="http://fidus.brussels/services/countryservice/getAddressCountry"/></con:request></con:config></con:testStep><con:testStep type="request" id="da05af80-f429-4f7a-bbc2-4686a2f01d80" name="testcase03 - Test LB - Request"><con:settings/><con:config xsi:type="con:RequestStep" xmlns:xsi="http://www.w3.org/2001/XMLSchema-instance"><con:interface>CountryServiceHTTPBinding</con:interface><con:operation>getAddressCountry</con:operation><con:request name="testcase03 - Test LB - Request" id="fea077de-b6ba-4abc-b68c-40b5a4f99bef" outgoingWss="Outflow TEST"><con:settings/><con:encoding>UTF-8</con:encoding><con:endpoint>https://fidus-esb-sg.sta.srv.cirb.lan:8443/services/CountryService_v1.0</con:endpoint><con:request><![CDATA[<soapenv:Envelope xmlns:soapenv="http://schemas.xmlsoap.org/soap/envelope/" xmlns:v1="http://fidus.brussels/service/countryservice/messages/v1" xmlns:v11="http://fidus.brussels/type/common/messages/v1" xmlns:v12="http://fsb.belgium.be/mappingServices/countryService/messages/v1_00">
   <soapenv:Header/>
   <soapenv:Body>
      <v1:getAddressCountryRequest>
         <v1:messageContext>
            <v11:messageId>${=import static java.util.UUID.randomUUID; uuid = randomUUID() as String}</v11:messageId>
            <!--Optional:-->
            <v11:timestamp>${=new java.text.SimpleDateFormat("yyyy-MM-dd'T'HH:mm:ss.SSS").format(new Date())}</v11:timestamp>
         </v1:messageContext>
         <v1:legalContext>ServiceIntegrator</v1:legalContext>
         <v1:request>
            <!--You have a CHOICE of the next 4 items at this level-->
            <v12:iso-alpha2>BE</v12:iso-alpha2>
            <!--<v12:iso-alpha3 startDate="?" endDate="?" status="?">?</v12:iso-alpha3>-->
            <!--<v12:iso-num3 startDate="?" endDate="?" status="?">?</v12:iso-num3>-->
            <!--<v12:nis-num3 startDate="?" endDate="?" status="?">?</v12:nis-num3>-->
         </v1:request>
      </v1:getAddressCountryRequest>
   </soapenv:Body>
</soapenv:Envelope>]]></con:request><con:assertion type="SOAP Fault Assertion" id="fca25c05-72b6-4080-8712-21e94750f578" name="Not SOAP Fault"/><con:assertion type="SOAP Response" id="81eddcca-8ca4-45c3-9072-61bd4f4427ce" name="SOAP Response"/><con:assertion type="Schema Compliance" id="928d4df4-2f83-482b-9506-b6b5f1c7478c" name="Schema Compliance"><con:configuration/></con:assertion><con:wsaConfig action="http://fidus.brussels/services/countryservice/getAddressCountry"/></con:request></con:config></con:testStep><con:testStep type="request" id="c9be7f8e-3ded-4145-8548-1a858dd8480b" name="testcase03 - Test Worker1 - Request"><con:settings/><con:config xsi:type="con:RequestStep" xmlns:xsi="http://www.w3.org/2001/XMLSchema-instance"><con:interface>CountryServiceHTTPBinding</con:interface><con:operation>getAddressCountry</con:operation><con:request name="testcase03 - Test Worker1 - Request" id="8d12d90f-0285-4725-b4b0-7ccb5fe07e85" outgoingWss="Outflow TEST"><con:settings/><con:encoding>UTF-8</con:encoding><con:endpoint>https://192.168.24.16:8443/services/CountryService_v1.0</con:endpoint><con:request><![CDATA[<soapenv:Envelope xmlns:soapenv="http://schemas.xmlsoap.org/soap/envelope/" xmlns:v1="http://fidus.brussels/service/countryservice/messages/v1" xmlns:v11="http://fidus.brussels/type/common/messages/v1" xmlns:v12="http://fsb.belgium.be/mappingServices/countryService/messages/v1_00">
   <soapenv:Header/>
   <soapenv:Body>
      <v1:getAddressCountryRequest>
         <v1:messageContext>
            <v11:messageId>${=import static java.util.UUID.randomUUID; uuid = randomUUID() as String}</v11:messageId>
            <!--Optional:-->
            <v11:timestamp>${=new java.text.SimpleDateFormat("yyyy-MM-dd'T'HH:mm:ss.SSS").format(new Date())}</v11:timestamp>
         </v1:messageContext>
         <v1:legalContext>ServiceIntegrator</v1:legalContext>
         <v1:request>
            <!--You have a CHOICE of the next 4 items at this level-->
            <v12:iso-alpha2>BE</v12:iso-alpha2>
            <!--<v12:iso-alpha3 startDate="?" endDate="?" status="?">?</v12:iso-alpha3>-->
            <!--<v12:iso-num3 startDate="?" endDate="?" status="?">?</v12:iso-num3>-->
            <!--<v12:nis-num3 startDate="?" endDate="?" status="?">?</v12:nis-num3>-->
         </v1:request>
      </v1:getAddressCountryRequest>
   </soapenv:Body>
</soapenv:Envelope>]]></con:request><con:assertion type="SOAP Fault Assertion" id="57aff664-a36f-43ee-9ad1-5d30c22dfb37" name="Not SOAP Fault"/><con:assertion type="SOAP Response" id="926dba7a-58b2-4b45-8b2d-1345688272ef" name="SOAP Response"/><con:assertion type="Schema Compliance" id="cc7d67b5-195b-48c0-9c8b-7ac118ac93dd" name="Schema Compliance"><con:configuration/></con:assertion><con:wsaConfig action="http://fidus.brussels/services/countryservice/getAddressCountry"/></con:request></con:config></con:testStep><con:testStep type="request" id="5784ed16-501f-4163-9b03-08df2f4f5596" name="testcase03 - Test Worker2 - Request"><con:settings/><con:config xsi:type="con:RequestStep" xmlns:xsi="http://www.w3.org/2001/XMLSchema-instance"><con:interface>CountryServiceHTTPBinding</con:interface><con:operation>getAddressCountry</con:operation><con:request name="testcase03 - Test Worker2 - Request" id="045d56df-1f39-4d87-a408-d8d2c7bd1328" outgoingWss="Outflow TEST"><con:settings/><con:encoding>UTF-8</con:encoding><con:endpoint>https://192.168.24.17:8443/services/CountryService_v1.0</con:endpoint><con:request><![CDATA[<soapenv:Envelope xmlns:soapenv="http://schemas.xmlsoap.org/soap/envelope/" xmlns:v1="http://fidus.brussels/service/countryservice/messages/v1" xmlns:v11="http://fidus.brussels/type/common/messages/v1" xmlns:v12="http://fsb.belgium.be/mappingServices/countryService/messages/v1_00">
   <soapenv:Header/>
   <soapenv:Body>
      <v1:getAddressCountryRequest>
         <v1:messageContext>
            <v11:messageId>${=import static java.util.UUID.randomUUID; uuid = randomUUID() as String}</v11:messageId>
            <!--Optional:-->
            <v11:timestamp>${=new java.text.SimpleDateFormat("yyyy-MM-dd'T'HH:mm:ss.SSS").format(new Date())}</v11:timestamp>
         </v1:messageContext>
         <v1:legalContext>ServiceIntegrator</v1:legalContext>
         <v1:request>
            <!--You have a CHOICE of the next 4 items at this level-->
            <v12:iso-alpha2>BE</v12:iso-alpha2>
            <!--<v12:iso-alpha3 startDate="?" endDate="?" status="?">?</v12:iso-alpha3>-->
            <!--<v12:iso-num3 startDate="?" endDate="?" status="?">?</v12:iso-num3>-->
            <!--<v12:nis-num3 startDate="?" endDate="?" status="?">?</v12:nis-num3>-->
         </v1:request>
      </v1:getAddressCountryRequest>
   </soapenv:Body>
</soapenv:Envelope>]]></con:request><con:assertion type="SOAP Fault Assertion" id="e5058bf5-7cf8-482d-9c41-202d3c1634de" name="Not SOAP Fault"/><con:assertion type="SOAP Response" id="7e4c35c8-2982-4bfb-bde0-18d79d5a9cd6" name="SOAP Response"/><con:assertion type="Schema Compliance" id="ab173755-8f7b-447d-a00f-d6a2169d0a7b" name="Schema Compliance"><con:configuration/></con:assertion><con:wsaConfig action="http://fidus.brussels/services/countryservice/getAddressCountry"/></con:request></con:config></con:testStep><con:properties/></con:testCase><con:testCase id="4adf0207-cce1-4277-be06-1088121b3e8d" failOnError="true" failTestCaseOnErrors="true" keepSession="false" maxResults="0" name="getAddressCountryHistory" searchProperties="true"><con:settings/><con:testStep type="request" id="8f8d83e6-c1a2-470e-801d-bc51bb538ef4" name="testcase03 - Test External - Request"><con:settings/><con:config xsi:type="con:RequestStep" xmlns:xsi="http://www.w3.org/2001/XMLSchema-instance"><con:interface>CountryServiceHTTPBinding</con:interface><con:operation>getAddressCountryHistory</con:operation><con:request name="testcase03 - Test External - Request" id="f4451ae6-22fa-4088-a7b6-b502523f68bb" outgoingWss="Outflow TEST"><con:settings/><con:encoding>UTF-8</con:encoding><con:endpoint>https://fidus-test.irisnetlab.be/services/CountryService_v1.0</con:endpoint><con:request><![CDATA[<soapenv:Envelope xmlns:soapenv="http://schemas.xmlsoap.org/soap/envelope/" xmlns:v1="http://fidus.brussels/service/countryservice/messages/v1" xmlns:v11="http://fidus.brussels/type/common/messages/v1" xmlns:v12="http://fsb.belgium.be/mappingServices/countryService/messages/v1_00">
   <soapenv:Header/>
   <soapenv:Body>
      <v1:getAddressCountryHistoryRequest>
         <v1:messageContext>
            <v11:messageId>${=import static java.util.UUID.randomUUID; uuid = randomUUID() as String}</v11:messageId>
            <v11:timestamp>${=new java.text.SimpleDateFormat("yyyy-MM-dd'T'HH:mm:ss.SSS").format(new Date())}</v11:timestamp>
         </v1:messageContext>
         <v1:legalContext>ServiceIntegrator</v1:legalContext>
         <v1:request>
            <v12:iso-alpha2>FR</v12:iso-alpha2>
            <v12:referenceDate>2016-10-10</v12:referenceDate>
         </v1:request>
      </v1:getAddressCountryHistoryRequest>
   </soapenv:Body>
</soapenv:Envelope>]]></con:request><con:assertion type="SOAP Fault Assertion" id="755c5d8e-749a-4a5e-8c5f-61c99f125a7c" name="Not SOAP Fault"/><con:assertion type="SOAP Response" id="c8d37ffd-8f92-4119-81d7-52db5802d91d" name="SOAP Response"/><con:assertion type="Schema Compliance" id="c97759b4-3490-4257-abf9-83129942e109" name="Schema Compliance"><con:configuration/></con:assertion><con:wsaConfig action="http://fidus.brussels/services/countryservice/getAddressCountryHistory"/></con:request></con:config></con:testStep><con:testStep type="request" id="1ce34fbc-7cfd-4016-8f3a-92405e85d566" name="testcase03 - Test LB - Request"><con:settings/><con:config xsi:type="con:RequestStep" xmlns:xsi="http://www.w3.org/2001/XMLSchema-instance"><con:interface>CountryServiceHTTPBinding</con:interface><con:operation>getAddressCountryHistory</con:operation><con:request name="testcase03 - Test LB - Request" id="efa713a9-7e90-4a00-8aa6-360c4c96276f" outgoingWss="Outflow TEST"><con:settings/><con:encoding>UTF-8</con:encoding><con:endpoint>https://fidus-esb-sg.sta.srv.cirb.lan:8443/services/CountryService_v1.0</con:endpoint><con:request><![CDATA[<soapenv:Envelope xmlns:soapenv="http://schemas.xmlsoap.org/soap/envelope/" xmlns:v1="http://fidus.brussels/service/countryservice/messages/v1" xmlns:v11="http://fidus.brussels/type/common/messages/v1" xmlns:v12="http://fsb.belgium.be/mappingServices/countryService/messages/v1_00">
   <soapenv:Header/>
   <soapenv:Body>
      <v1:getAddressCountryHistoryRequest>
         <v1:messageContext>
            <v11:messageId>${=import static java.util.UUID.randomUUID; uuid = randomUUID() as String}</v11:messageId>
            <v11:timestamp>${=new java.text.SimpleDateFormat("yyyy-MM-dd'T'HH:mm:ss.SSS").format(new Date())}</v11:timestamp>
         </v1:messageContext>
         <v1:legalContext>ServiceIntegrator</v1:legalContext>
         <v1:request>
            <v12:iso-alpha2>BE</v12:iso-alpha2>
            <v12:referenceDate>2016-10-10</v12:referenceDate>
         </v1:request>
      </v1:getAddressCountryHistoryRequest>
   </soapenv:Body>
</soapenv:Envelope>]]></con:request><con:assertion type="SOAP Fault Assertion" id="54c83446-2216-49c9-87d7-e241b39cc463" name="Not SOAP Fault"/><con:assertion type="SOAP Response" id="121c733c-05dd-46a9-89cc-9f0cf92ed2f3" name="SOAP Response"/><con:assertion type="Schema Compliance" id="2d06df5b-8883-4651-97c4-a1b893394799" name="Schema Compliance"><con:configuration/></con:assertion><con:wsaConfig action="http://fidus.brussels/services/countryservice/getAddressCountryHistory"/></con:request></con:config></con:testStep><con:testStep type="request" id="bda23183-9d49-4d52-9e39-afb0cb13fc3f" name="testcase03 - Test Worker1 - Request"><con:settings/><con:config xsi:type="con:RequestStep" xmlns:xsi="http://www.w3.org/2001/XMLSchema-instance"><con:interface>CountryServiceHTTPBinding</con:interface><con:operation>getAddressCountryHistory</con:operation><con:request name="testcase03 - Test Worker1 - Request" id="54b701a5-ad26-4dc6-ab17-18ff06b3f500" outgoingWss="Outflow TEST"><con:settings/><con:encoding>UTF-8</con:encoding><con:endpoint>https://192.168.24.16:8443/services/CountryService_v1.0</con:endpoint><con:request><![CDATA[<soapenv:Envelope xmlns:soapenv="http://schemas.xmlsoap.org/soap/envelope/" xmlns:v1="http://fidus.brussels/service/countryservice/messages/v1" xmlns:v11="http://fidus.brussels/type/common/messages/v1" xmlns:v12="http://fsb.belgium.be/mappingServices/countryService/messages/v1_00">
   <soapenv:Header/>
   <soapenv:Body>
      <v1:getAddressCountryHistoryRequest>
         <v1:messageContext>
            <v11:messageId>${=import static java.util.UUID.randomUUID; uuid = randomUUID() as String}</v11:messageId>
            <!--Optional:-->
            <v11:timestamp>${=new java.text.SimpleDateFormat("yyyy-MM-dd'T'HH:mm:ss.SSS").format(new Date())}</v11:timestamp>
         </v1:messageContext>
         <v1:legalContext>ServiceIntegrator</v1:legalContext>
         <v1:request>
            <v12:iso-alpha2>NL</v12:iso-alpha2>
            <!--Optional:-->
            
         </v1:request>
      </v1:getAddressCountryHistoryRequest>
   </soapenv:Body>
</soapenv:Envelope>]]></con:request><con:assertion type="SOAP Fault Assertion" id="483bc34a-f6e6-4d12-ad28-d521c7e524c5" name="Not SOAP Fault"/><con:assertion type="SOAP Response" id="1c2aeb00-4f27-4fe6-8936-61e05539c5fe" name="SOAP Response"/><con:assertion type="Schema Compliance" id="0cab263e-7d46-4775-a2ed-6b2b93036d3d" name="Schema Compliance"><con:configuration/></con:assertion><con:wsaConfig action="http://fidus.brussels/services/countryservice/getAddressCountryHistory"/></con:request></con:config></con:testStep><con:testStep type="request" id="0cf8e6b1-0a65-4b65-a2d5-6447fb07f1d3" name="testcase03 - Test Worker2 - Request"><con:settings/><con:config xsi:type="con:RequestStep" xmlns:xsi="http://www.w3.org/2001/XMLSchema-instance"><con:interface>CountryServiceHTTPBinding</con:interface><con:operation>getAddressCountryHistory</con:operation><con:request name="testcase03 - Test Worker2 - Request" id="78920166-e577-4bec-be0e-a82f6ffa92f2" outgoingWss="Outflow TEST"><con:settings/><con:encoding>UTF-8</con:encoding><con:endpoint>https://192.168.24.17:8443/services/CountryService_v1.0</con:endpoint><con:request><![CDATA[<soapenv:Envelope xmlns:soapenv="http://schemas.xmlsoap.org/soap/envelope/" xmlns:v1="http://fidus.brussels/service/countryservice/messages/v1" xmlns:v11="http://fidus.brussels/type/common/messages/v1" xmlns:v12="http://fsb.belgium.be/mappingServices/countryService/messages/v1_00">
   <soapenv:Header/>
   <soapenv:Body>
      <v1:getAddressCountryHistoryRequest>
         <v1:messageContext>
            <v11:messageId>${=import static java.util.UUID.randomUUID; uuid = randomUUID() as String}</v11:messageId>
            <v11:timestamp>${=new java.text.SimpleDateFormat("yyyy-MM-dd'T'HH:mm:ss.SSS").format(new Date())}</v11:timestamp>
         </v1:messageContext>
         <v1:legalContext>ServiceIntegrator</v1:legalContext>
         <v1:request>
            <v12:iso-alpha2>AU</v12:iso-alpha2>
            <v12:referenceDate>2016-10-10</v12:referenceDate>
         </v1:request>
      </v1:getAddressCountryHistoryRequest>
   </soapenv:Body>
</soapenv:Envelope>]]></con:request><con:assertion type="SOAP Fault Assertion" id="b5973084-732d-4ff5-a8ee-34ff18384464" name="Not SOAP Fault"/><con:assertion type="SOAP Response" id="40f9b1f6-0ab5-47fc-8a52-81e80f64bac9" name="SOAP Response"/><con:assertion type="Schema Compliance" id="cc77d8e1-c107-4829-a561-31dbad111a2f" name="Schema Compliance"><con:configuration/></con:assertion><con:wsaConfig action="http://fidus.brussels/services/countryservice/getAddressCountryHistory"/></con:request></con:config></con:testStep><con:properties/></con:testCase><con:testCase id="1e731f13-c860-4e6a-b19b-225ecd0e6770" failOnError="true" failTestCaseOnErrors="true" keepSession="false" maxResults="0" name="getAllIsoCodes" searchProperties="true"><con:settings/><con:testStep type="request" id="05b5741d-0313-4c63-98f8-dcc316640984" name="testcase03 - Test Worker1 - Request"><con:settings/><con:config xsi:type="con:RequestStep" xmlns:xsi="http://www.w3.org/2001/XMLSchema-instance"><con:interface>CountryServiceHTTPBinding</con:interface><con:operation>getAllIsoCodes</con:operation><con:request name="testcase03 - Test Worker1 - Request" id="f8d57152-8abd-4630-86e1-2dd97519c690" outgoingWss="Outflow TEST"><con:settings/><con:encoding>UTF-8</con:encoding><con:endpoint>https://192.168.24.16:8443/services/CountryService_v1.0</con:endpoint><con:request><![CDATA[<soapenv:Envelope xmlns:soapenv="http://schemas.xmlsoap.org/soap/envelope/" xmlns:v1="http://fidus.brussels/service/countryservice/messages/v1" xmlns:v11="http://fidus.brussels/type/common/messages/v1">
   <soapenv:Header/>
   <soapenv:Body>
      <v1:getAllIsoCodesRequest>
         <v1:messageContext>
         	  <v11:messageId>${=import static java.util.UUID.randomUUID; uuid = randomUUID() as String}</v11:messageId>
            <v11:timestamp>${=new java.text.SimpleDateFormat("yyyy-MM-dd'T'HH:mm:ss.SSS").format(new Date())}</v11:timestamp>
         </v1:messageContext>
         <v1:legalContext>ServiceIntegrator</v1:legalContext>
         <v1:request>
            <!--Optional:-->
            <v1:referenceDate>2016-10-06</v1:referenceDate>
         </v1:request>
      </v1:getAllIsoCodesRequest>
   </soapenv:Body>
</soapenv:Envelope>]]></con:request><con:assertion type="SOAP Fault Assertion" id="8ce0425d-2bb8-4380-8be4-f5264b90f730" name="Not SOAP Fault"/><con:assertion type="SOAP Response" id="61f34ad5-b0e1-4d8f-94f5-86f935d0d52f" name="SOAP Response"/><con:assertion type="Schema Compliance" id="8f1f5c68-bb3d-4ce5-a6ab-be891c520863" name="Schema Compliance"><con:configuration/></con:assertion><con:wsaConfig action="http://fidus.brussels/services/countryservice/getAllIsoCodes"/></con:request></con:config></con:testStep><con:testStep type="request" id="b29331e9-f7e1-49f5-8ad5-e401cb147adb" name="testcase03 - Test External - Request"><con:settings/><con:config xsi:type="con:RequestStep" xmlns:xsi="http://www.w3.org/2001/XMLSchema-instance"><con:interface>CountryServiceHTTPBinding</con:interface><con:operation>getAllIsoCodes</con:operation><con:request name="testcase03 - Test External - Request" id="d60078a7-0a6f-40ae-b1eb-4082b8b873ac" outgoingWss="Outflow TEST"><con:settings/><con:encoding>UTF-8</con:encoding><con:endpoint>https://fidus-test.irisnetlab.be/services/CountryService_v1.0</con:endpoint><con:request><![CDATA[<soapenv:Envelope xmlns:soapenv="http://schemas.xmlsoap.org/soap/envelope/" xmlns:v1="http://fidus.brussels/service/countryservice/messages/v1" xmlns:v11="http://fidus.brussels/type/common/messages/v1">
   <soapenv:Header/>
   <soapenv:Body>
      <v1:getAllIsoCodesRequest>
         <v1:messageContext>
         	  <v11:messageId>${=import static java.util.UUID.randomUUID; uuid = randomUUID() as String}</v11:messageId>
            <v11:timestamp>${=new java.text.SimpleDateFormat("yyyy-MM-dd'T'HH:mm:ss.SSS").format(new Date())}</v11:timestamp>
         </v1:messageContext>
         <v1:legalContext>ServiceIntegrator</v1:legalContext>
         <v1:request>
            <!--Optional:-->
            <v1:referenceDate>2016-10-06</v1:referenceDate>
         </v1:request>
      </v1:getAllIsoCodesRequest>
   </soapenv:Body>
</soapenv:Envelope>]]></con:request><con:assertion type="SOAP Fault Assertion" id="c8358ffc-d1a5-46ca-9e16-a3007cc2c412" name="Not SOAP Fault"/><con:assertion type="SOAP Response" id="590d8796-c527-46eb-a5e4-c8267caf32c5" name="SOAP Response"/><con:assertion type="Schema Compliance" id="48b00fdb-accd-4d94-b127-9788f8ee1bd1" name="Schema Compliance"><con:configuration/></con:assertion><con:wsaConfig action="http://fidus.brussels/services/countryservice/getAllIsoCodes"/></con:request></con:config></con:testStep><con:testStep type="request" id="86dc2939-a952-452e-9495-37f1a00896dd" name="testcase03 - Test LB - Request"><con:settings/><con:config xsi:type="con:RequestStep" xmlns:xsi="http://www.w3.org/2001/XMLSchema-instance"><con:interface>CountryServiceHTTPBinding</con:interface><con:operation>getAllIsoCodes</con:operation><con:request name="testcase03 - Test LB - Request" id="0d8ed41a-2c8f-4791-8b6c-efa60711a79f" outgoingWss="Outflow TEST"><con:settings/><con:encoding>UTF-8</con:encoding><con:endpoint>https://fidus-esb-sg.sta.srv.cirb.lan:8443/services/CountryService_v1.0</con:endpoint><con:request><![CDATA[<soapenv:Envelope xmlns:soapenv="http://schemas.xmlsoap.org/soap/envelope/" xmlns:v1="http://fidus.brussels/service/countryservice/messages/v1" xmlns:v11="http://fidus.brussels/type/common/messages/v1">
   <soapenv:Header/>
   <soapenv:Body>
      <v1:getAllIsoCodesRequest>
         <v1:messageContext>
         	  <v11:messageId>${=import static java.util.UUID.randomUUID; uuid = randomUUID() as String}</v11:messageId>
            <v11:timestamp>${=new java.text.SimpleDateFormat("yyyy-MM-dd'T'HH:mm:ss.SSS").format(new Date())}</v11:timestamp>
         </v1:messageContext>
         <v1:legalContext>ServiceIntegrator</v1:legalContext>
         <v1:request>
            <!--Optional:-->
            <v1:referenceDate>2016-10-06</v1:referenceDate>
         </v1:request>
      </v1:getAllIsoCodesRequest>
   </soapenv:Body>
</soapenv:Envelope>]]></con:request><con:assertion type="SOAP Fault Assertion" id="5ff7a778-0bb3-491a-9842-d398d00adcff" name="Not SOAP Fault"/><con:assertion type="SOAP Response" id="37ced819-e51f-453b-9ce0-3853bd4c27ce" name="SOAP Response"/><con:assertion type="Schema Compliance" id="59f35b3c-7df9-479c-8fad-138292fe4d11" name="Schema Compliance"><con:configuration/></con:assertion><con:wsaConfig action="http://fidus.brussels/services/countryservice/getAllIsoCodes"/></con:request></con:config></con:testStep><con:testStep type="request" id="a7e8f7e3-f839-41fd-b84c-19b89335962a" name="testcase03 - Test Worker2 - Request"><con:settings/><con:config xsi:type="con:RequestStep" xmlns:xsi="http://www.w3.org/2001/XMLSchema-instance"><con:interface>CountryServiceHTTPBinding</con:interface><con:operation>getAllIsoCodes</con:operation><con:request name="testcase03 - Test Worker2 - Request" id="cfa1be29-4bd8-4a3f-9c80-e1ba6824ef16" outgoingWss="Outflow TEST"><con:settings/><con:encoding>UTF-8</con:encoding><con:endpoint>https://192.168.24.17:8443/services/CountryService_v1.0</con:endpoint><con:request><![CDATA[<soapenv:Envelope xmlns:soapenv="http://schemas.xmlsoap.org/soap/envelope/" xmlns:v1="http://fidus.brussels/service/countryservice/messages/v1" xmlns:v11="http://fidus.brussels/type/common/messages/v1">
   <soapenv:Header/>
   <soapenv:Body>
      <v1:getAllIsoCodesRequest>
         <v1:messageContext>
         	  <v11:messageId>${=import static java.util.UUID.randomUUID; uuid = randomUUID() as String}</v11:messageId>
            <v11:timestamp>${=new java.text.SimpleDateFormat("yyyy-MM-dd'T'HH:mm:ss.SSS").format(new Date())}</v11:timestamp>
         </v1:messageContext>
         <v1:legalContext>ServiceIntegrator</v1:legalContext>
         <v1:request>
            <!--Optional:-->
            <v1:referenceDate>2016-10-06</v1:referenceDate>
         </v1:request>
      </v1:getAllIsoCodesRequest>
   </soapenv:Body>
</soapenv:Envelope>]]></con:request><con:assertion type="SOAP Fault Assertion" id="fe73a337-0c25-42d9-8b4a-4090e88b5002" name="Not SOAP Fault"/><con:assertion type="SOAP Response" id="017cbbb4-aac3-4d36-a71c-0d0b1d252e59" name="SOAP Response"/><con:assertion type="Schema Compliance" id="9f68f858-9b65-4bb3-bcd0-aa59ade6f8f3" name="Schema Compliance"><con:configuration/></con:assertion><con:wsaConfig action="http://fidus.brussels/services/countryservice/getAllIsoCodes"/></con:request></con:config></con:testStep><con:properties/></con:testCase><con:testCase id="ba4b7610-f53a-4a50-8b70-980a4191446c" failOnError="true" failTestCaseOnErrors="true" keepSession="false" maxResults="0" name="getAllNisCodes" searchProperties="true"><con:settings/><con:testStep type="request" id="5909a3a8-1214-42a6-af10-e6543d4c7b4e" name="testcase03 - Test External - Request"><con:settings/><con:config xsi:type="con:RequestStep" xmlns:xsi="http://www.w3.org/2001/XMLSchema-instance"><con:interface>CountryServiceHTTPBinding</con:interface><con:operation>getAllNisCodes</con:operation><con:request name="testcase03 - Test External - Request" id="22d29f15-f0bd-4062-8041-48467c9d44a8" outgoingWss="Outflow TEST"><con:settings/><con:encoding>UTF-8</con:encoding><con:endpoint>https://fidus-test.irisnetlab.be/services/CountryService_v1.0</con:endpoint><con:request><![CDATA[<soapenv:Envelope xmlns:soapenv="http://schemas.xmlsoap.org/soap/envelope/" xmlns:v1="http://fidus.brussels/service/countryservice/messages/v1" xmlns:v11="http://fidus.brussels/type/common/messages/v1">
   <soapenv:Header/>
   <soapenv:Body>
      <v1:getAllNisCodesRequest>
         <v1:messageContext>
            <v11:messageId>${=import static java.util.UUID.randomUUID; uuid = randomUUID() as String}</v11:messageId>            
            <v11:timestamp>${=new java.text.SimpleDateFormat("yyyy-MM-dd'T'HH:mm:ss.SSS").format(new Date())}</v11:timestamp>
         </v1:messageContext>
         <v1:legalContext>ServiceIntegrator</v1:legalContext>
         <v1:request>
            <!--Optional:-->
            <v1:referenceDate>2016-10-13</v1:referenceDate>
         </v1:request>
      </v1:getAllNisCodesRequest>
   </soapenv:Body>
</soapenv:Envelope>]]></con:request><con:assertion type="SOAP Fault Assertion" id="84d6ca9c-d282-4cb2-9b4f-92fdc591ad4c" name="Not SOAP Fault"/><con:assertion type="SOAP Response" id="1dcd3fb3-21b4-4548-a56b-f5e99ca2c27f" name="SOAP Response"/><con:assertion type="Schema Compliance" id="13f246f6-8d53-4bed-a36f-cd60e81fc602" name="Schema Compliance"><con:configuration/></con:assertion><con:wsaConfig action="http://fidus.brussels/services/countryservice/getAllNisCodes"/></con:request></con:config></con:testStep><con:testStep type="request" id="7140c14f-88c2-4633-9a77-ecf8f47cd1b3" name="testcase03 - Test LB - Request"><con:settings/><con:config xsi:type="con:RequestStep" xmlns:xsi="http://www.w3.org/2001/XMLSchema-instance"><con:interface>CountryServiceHTTPBinding</con:interface><con:operation>getAllNisCodes</con:operation><con:request name="testcase03 - Test LB - Request" id="36bc5019-0808-40a4-b3b7-6b0ab828a313" outgoingWss="Outflow TEST"><con:settings/><con:encoding>UTF-8</con:encoding><con:endpoint>https://fidus-esb-sg.sta.srv.cirb.lan:8443/services/CountryService_v1.0</con:endpoint><con:request><![CDATA[<soapenv:Envelope xmlns:soapenv="http://schemas.xmlsoap.org/soap/envelope/" xmlns:v1="http://fidus.brussels/service/countryservice/messages/v1" xmlns:v11="http://fidus.brussels/type/common/messages/v1">
   <soapenv:Header/>
   <soapenv:Body>
      <v1:getAllNisCodesRequest>
         <v1:messageContext>
            <v11:messageId>${=import static java.util.UUID.randomUUID; uuid = randomUUID() as String}</v11:messageId>            
            <v11:timestamp>${=new java.text.SimpleDateFormat("yyyy-MM-dd'T'HH:mm:ss.SSS").format(new Date())}</v11:timestamp>
         </v1:messageContext>
         <v1:legalContext>ServiceIntegrator</v1:legalContext>
         <v1:request>
            <!--Optional:-->
            <v1:referenceDate>2016-10-13</v1:referenceDate>
         </v1:request>
      </v1:getAllNisCodesRequest>
   </soapenv:Body>
</soapenv:Envelope>]]></con:request><con:assertion type="SOAP Fault Assertion" id="c6d7cb22-4337-48e0-a958-9dff38f839db" name="Not SOAP Fault"/><con:assertion type="SOAP Response" id="9346ac7e-0f57-4113-a729-833d31a2080d" name="SOAP Response"/><con:assertion type="Schema Compliance" id="c677d635-39c6-4441-8b73-dada8f0c9373" name="Schema Compliance"><con:configuration/></con:assertion><con:wsaConfig action="http://fidus.brussels/services/countryservice/getAllNisCodes"/></con:request></con:config></con:testStep><con:testStep type="request" id="f21b5fc7-2c14-4f05-a263-db8e96196142" name="testcase03 - Test Worker1 - Request"><con:settings/><con:config xsi:type="con:RequestStep" xmlns:xsi="http://www.w3.org/2001/XMLSchema-instance"><con:interface>CountryServiceHTTPBinding</con:interface><con:operation>getAllNisCodes</con:operation><con:request name="testcase03 - Test Worker1 - Request" id="7b3fbf5f-b24e-4ed2-a7dc-e7491cd4d3b2" outgoingWss="Outflow TEST"><con:settings/><con:encoding>UTF-8</con:encoding><con:endpoint>https://192.168.24.16:8443/services/CountryService_v1.0</con:endpoint><con:request><![CDATA[<soapenv:Envelope xmlns:soapenv="http://schemas.xmlsoap.org/soap/envelope/" xmlns:v1="http://fidus.brussels/service/countryservice/messages/v1" xmlns:v11="http://fidus.brussels/type/common/messages/v1">
   <soapenv:Header/>
   <soapenv:Body>
      <v1:getAllNisCodesRequest>
         <v1:messageContext>
            <v11:messageId>${=import static java.util.UUID.randomUUID; uuid = randomUUID() as String}</v11:messageId>            
            <v11:timestamp>${=new java.text.SimpleDateFormat("yyyy-MM-dd'T'HH:mm:ss.SSS").format(new Date())}</v11:timestamp>
         </v1:messageContext>
         <v1:legalContext>ServiceIntegrator</v1:legalContext>
         <v1:request>
            <!--Optional:-->
            <v1:referenceDate>2016-10-13</v1:referenceDate>
         </v1:request>
      </v1:getAllNisCodesRequest>
   </soapenv:Body>
</soapenv:Envelope>]]></con:request><con:assertion type="SOAP Fault Assertion" id="b6a06be1-9943-4278-a242-9cbe9d4fca01" name="Not SOAP Fault"/><con:assertion type="SOAP Response" id="b26911ef-b6ea-4b30-a97f-4a19c58ec661" name="SOAP Response"/><con:assertion type="Schema Compliance" id="acc737af-7bb0-45ff-8d8e-c0c6b36b126d" name="Schema Compliance"><con:configuration/></con:assertion><con:wsaConfig action="http://fidus.brussels/services/countryservice/getAllNisCodes"/></con:request></con:config></con:testStep><con:testStep type="request" id="9e0f8454-12b7-4f45-9563-68e215647fa9" name="testcase03 - Test Worker2 - Request"><con:settings/><con:config xsi:type="con:RequestStep" xmlns:xsi="http://www.w3.org/2001/XMLSchema-instance"><con:interface>CountryServiceHTTPBinding</con:interface><con:operation>getAllNisCodes</con:operation><con:request name="testcase03 - Test Worker2 - Request" id="267b53d7-378e-4863-9bd1-48f8fdece25c" outgoingWss="Outflow TEST"><con:settings/><con:encoding>UTF-8</con:encoding><con:endpoint>https://192.168.24.17:8443/services/CountryService_v1.0</con:endpoint><con:request><![CDATA[<soapenv:Envelope xmlns:soapenv="http://schemas.xmlsoap.org/soap/envelope/" xmlns:v1="http://fidus.brussels/service/countryservice/messages/v1" xmlns:v11="http://fidus.brussels/type/common/messages/v1">
   <soapenv:Header/>
   <soapenv:Body>
      <v1:getAllNisCodesRequest>
         <v1:messageContext>
            <v11:messageId>${=import static java.util.UUID.randomUUID; uuid = randomUUID() as String}</v11:messageId>            
            <v11:timestamp>${=new java.text.SimpleDateFormat("yyyy-MM-dd'T'HH:mm:ss.SSS").format(new Date())}</v11:timestamp>
         </v1:messageContext>
         <v1:legalContext>ServiceIntegrator</v1:legalContext>
         <v1:request>
            <!--Optional:-->
            <v1:referenceDate>2016-10-13</v1:referenceDate>
         </v1:request>
      </v1:getAllNisCodesRequest>
   </soapenv:Body>
</soapenv:Envelope>]]></con:request><con:assertion type="SOAP Fault Assertion" id="d2d7922e-7964-4661-b705-37fdc0b03dfe" name="Not SOAP Fault"/><con:assertion type="SOAP Response" id="e2a9b57d-bd3a-4d15-87e2-942c355598b3" name="SOAP Response"/><con:assertion type="Schema Compliance" id="07c06303-35a5-4ccd-a43a-2e0c3e4279e0" name="Schema Compliance"><con:configuration/></con:assertion><con:wsaConfig action="http://fidus.brussels/services/countryservice/getAllNisCodes"/></con:request></con:config></con:testStep><con:properties/></con:testCase><con:testCase id="ff66ade8-8495-4502-9cf9-51e094454699" failOnError="true" failTestCaseOnErrors="true" keepSession="false" maxResults="0" name="getNationalities" searchProperties="true"><con:settings/><con:testStep type="request" id="376f9aad-226b-4507-9a49-47a3fa344eae" name="testcase03 - Test External - Request"><con:settings/><con:config xsi:type="con:RequestStep" xmlns:xsi="http://www.w3.org/2001/XMLSchema-instance"><con:interface>CountryServiceHTTPBinding</con:interface><con:operation>getNationalities</con:operation><con:request name="testcase03 - Test External - Request" id="4188f1aa-0582-478e-b4b8-3229f29354bf" outgoingWss="Outflow TEST"><con:settings/><con:encoding>UTF-8</con:encoding><con:endpoint>https://fidus-test.irisnetlab.be/services/CountryService_v1.0</con:endpoint><con:request><![CDATA[<soapenv:Envelope xmlns:soapenv="http://schemas.xmlsoap.org/soap/envelope/" xmlns:v1="http://fidus.brussels/service/countryservice/messages/v1" xmlns:v11="http://fidus.brussels/type/common/messages/v1">
   <soapenv:Header/>
   <soapenv:Body>
      <v1:getNationalitiesRequest>
         <v1:messageContext>
            <v11:messageId>${=import static java.util.UUID.randomUUID; uuid = randomUUID() as String}</v11:messageId>
            <!--Optional:-->
            <v11:timestamp>${=new java.text.SimpleDateFormat("yyyy-MM-dd'T'HH:mm:ss.SSS").format(new Date())}</v11:timestamp>
         </v1:messageContext>
         <v1:legalContext>ServiceIntegrator</v1:legalContext>
         <v1:request>
            <!--Optional:-->
            <v1:referenceDate>2016-10-13</v1:referenceDate>
         </v1:request>
      </v1:getNationalitiesRequest>
   </soapenv:Body>
</soapenv:Envelope>]]></con:request><con:assertion type="SOAP Fault Assertion" id="0d7920e4-f92a-470f-927c-8b64eabac52a" name="Not SOAP Fault"/><con:assertion type="SOAP Response" id="633aa7ab-1fbc-4c49-9ed3-9e64140f236b" name="SOAP Response"/><con:assertion type="Schema Compliance" id="cac4b2ec-b964-42bb-a0af-466e5385254e" name="Schema Compliance"><con:configuration/></con:assertion><con:wsaConfig action="http://fidus.brussels/services/countryservice/getNationalities"/></con:request></con:config></con:testStep><con:testStep type="request" id="cd030a7d-1d08-481e-bb70-806d12b34895" name="testcase03 - Test LB - Request"><con:settings/><con:config xsi:type="con:RequestStep" xmlns:xsi="http://www.w3.org/2001/XMLSchema-instance"><con:interface>CountryServiceHTTPBinding</con:interface><con:operation>getNationalities</con:operation><con:request name="testcase03 - Test LB - Request" id="e8b4fabc-ae59-4222-a67a-60a86b2b7b67" outgoingWss="Outflow TEST"><con:settings/><con:encoding>UTF-8</con:encoding><con:endpoint>https://fidus-esb-sg.sta.srv.cirb.lan:8443/services/CountryService_v1.0</con:endpoint><con:request><![CDATA[<soapenv:Envelope xmlns:soapenv="http://schemas.xmlsoap.org/soap/envelope/" xmlns:v1="http://fidus.brussels/service/countryservice/messages/v1" xmlns:v11="http://fidus.brussels/type/common/messages/v1">
   <soapenv:Header/>
   <soapenv:Body>
      <v1:getNationalitiesRequest>
         <v1:messageContext>
            <v11:messageId>${=import static java.util.UUID.randomUUID; uuid = randomUUID() as String}</v11:messageId>
            <!--Optional:-->
            <v11:timestamp>${=new java.text.SimpleDateFormat("yyyy-MM-dd'T'HH:mm:ss.SSS").format(new Date())}</v11:timestamp>
         </v1:messageContext>
         <v1:legalContext>ServiceIntegrator</v1:legalContext>
         <v1:request>
            <!--Optional:-->
            <v1:referenceDate>2016-10-13</v1:referenceDate>
         </v1:request>
      </v1:getNationalitiesRequest>
   </soapenv:Body>
</soapenv:Envelope>]]></con:request><con:assertion type="SOAP Fault Assertion" id="4fd1b01c-16ca-4322-b2d3-3d40d941e765" name="Not SOAP Fault"/><con:assertion type="SOAP Response" id="172cb8a4-7933-4764-87c8-5214eac81fd0" name="SOAP Response"/><con:assertion type="Schema Compliance" id="c08dad7b-4f11-4416-958a-337112a74724" name="Schema Compliance"><con:configuration/></con:assertion><con:wsaConfig action="http://fidus.brussels/services/countryservice/getNationalities"/></con:request></con:config></con:testStep><con:testStep type="request" id="83384329-e1cc-4067-87a7-15c50aa914fc" name="testcase03 - Test Worker1 - Request"><con:settings/><con:config xsi:type="con:RequestStep" xmlns:xsi="http://www.w3.org/2001/XMLSchema-instance"><con:interface>CountryServiceHTTPBinding</con:interface><con:operation>getNationalities</con:operation><con:request name="testcase03 - Test Worker1 - Request" id="afacb519-be1a-45a2-b036-bcd46be427c0" outgoingWss="Outflow TEST"><con:settings/><con:encoding>UTF-8</con:encoding><con:endpoint>https://192.168.24.16:8443/services/CountryService_v1.0</con:endpoint><con:request><![CDATA[<soapenv:Envelope xmlns:soapenv="http://schemas.xmlsoap.org/soap/envelope/" xmlns:v1="http://fidus.brussels/service/countryservice/messages/v1" xmlns:v11="http://fidus.brussels/type/common/messages/v1">
   <soapenv:Header/>
   <soapenv:Body>
      <v1:getNationalitiesRequest>
         <v1:messageContext>
            <v11:messageId>${=import static java.util.UUID.randomUUID; uuid = randomUUID() as String}</v11:messageId>
            <!--Optional:-->
            <v11:timestamp>${=new java.text.SimpleDateFormat("yyyy-MM-dd'T'HH:mm:ss.SSS").format(new Date())}</v11:timestamp>
         </v1:messageContext>
         <v1:legalContext>ServiceIntegrator</v1:legalContext>
         <v1:request>
            <!--Optional:-->
            <v1:referenceDate>2016-10-13</v1:referenceDate>
         </v1:request>
      </v1:getNationalitiesRequest>
   </soapenv:Body>
</soapenv:Envelope>]]></con:request><con:assertion type="SOAP Fault Assertion" id="2940eb78-4947-4594-82fa-ef465e8ad878" name="Not SOAP Fault"/><con:assertion type="SOAP Response" id="7978fabd-dfab-4e11-936b-189dba3a3ee0" name="SOAP Response"/><con:assertion type="Schema Compliance" id="b3d49b40-713f-4063-87df-edade3486463" name="Schema Compliance"><con:configuration/></con:assertion><con:wsaConfig action="http://fidus.brussels/services/countryservice/getNationalities"/></con:request></con:config></con:testStep><con:testStep type="request" id="ff15f30b-e565-46c1-8032-59579a7b3866" name="testcase03 - Test Worker2 - Request"><con:settings/><con:config xsi:type="con:RequestStep" xmlns:xsi="http://www.w3.org/2001/XMLSchema-instance"><con:interface>CountryServiceHTTPBinding</con:interface><con:operation>getNationalities</con:operation><con:request name="testcase03 - Test Worker2 - Request" id="dcca4fbe-522f-4208-9b25-d55829a6be34" outgoingWss="Outflow TEST"><con:settings/><con:encoding>UTF-8</con:encoding><con:endpoint>https://192.168.24.17:8443/services/CountryService_v1.0</con:endpoint><con:request><![CDATA[<soapenv:Envelope xmlns:soapenv="http://schemas.xmlsoap.org/soap/envelope/" xmlns:v1="http://fidus.brussels/service/countryservice/messages/v1" xmlns:v11="http://fidus.brussels/type/common/messages/v1">
   <soapenv:Header/>
   <soapenv:Body>
      <v1:getNationalitiesRequest>
         <v1:messageContext>
            <v11:messageId>${=import static java.util.UUID.randomUUID; uuid = randomUUID() as String}</v11:messageId>
            <!--Optional:-->
            <v11:timestamp>${=new java.text.SimpleDateFormat("yyyy-MM-dd'T'HH:mm:ss.SSS").format(new Date())}</v11:timestamp>
         </v1:messageContext>
         <v1:legalContext>ServiceIntegrator</v1:legalContext>
         <v1:request>
            <!--Optional:-->
            <v1:referenceDate>2016-10-13</v1:referenceDate>
         </v1:request>
      </v1:getNationalitiesRequest>
   </soapenv:Body>
</soapenv:Envelope>]]></con:request><con:assertion type="SOAP Fault Assertion" id="e1b578b0-cd55-44ae-b6f1-a554ab1eca1f" name="Not SOAP Fault"/><con:assertion type="SOAP Response" id="8b1fd9f4-658f-4e44-a7af-104e085c52f6" name="SOAP Response"/><con:assertion type="Schema Compliance" id="cf4dbb05-bc2c-4d3d-894f-3f72d740963f" name="Schema Compliance"><con:configuration/></con:assertion><con:wsaConfig action="http://fidus.brussels/services/countryservice/getNationalities"/></con:request></con:config></con:testStep><con:properties/></con:testCase><con:testCase id="95afcdf5-2e83-4294-990f-1a36cc5e5b44" failOnError="true" failTestCaseOnErrors="true" keepSession="false" maxResults="0" name="getNationality" searchProperties="true"><con:settings/><con:testStep type="request" id="f9a0ead6-3766-483e-aa31-f57ba9d2b3ae" name="testcase03 - Test Worker1 - Request-Nis_num3_103"><con:settings/><con:config xsi:type="con:RequestStep" xmlns:xsi="http://www.w3.org/2001/XMLSchema-instance"><con:interface>CountryServiceHTTPBinding</con:interface><con:operation>getNationality</con:operation><con:request name="testcase03 - Test Worker1 - Request-Nis_num3_103" id="be132e45-3a67-49b8-8080-2a1ef33aefc3" outgoingWss="Outflow TEST"><con:settings/><con:encoding>UTF-8</con:encoding><con:endpoint>https://192.168.24.16:8443/services/CountryService_v1.0</con:endpoint><con:request><![CDATA[<soapenv:Envelope xmlns:soapenv="http://schemas.xmlsoap.org/soap/envelope/" xmlns:v1="http://fidus.brussels/service/countryservice/messages/v1" xmlns:v11="http://fidus.brussels/type/common/messages/v1" xmlns:v12="http://fsb.belgium.be/mappingServices/countryService/messages/v1_00">
   <soapenv:Header/>
   <soapenv:Body>
      <v1:getNationalityRequest>
         <v1:messageContext>
         	  <v11:messageId>${=import static java.util.UUID.randomUUID; uuid = randomUUID() as String}</v11:messageId>
            <v11:timestamp>${=new java.text.SimpleDateFormat("yyyy-MM-dd'T'HH:mm:ss.SSS").format(new Date())}</v11:timestamp>
         </v1:messageContext>
         <v1:legalContext>ServiceIntegrator</v1:legalContext>
         <v1:request>
            <!--You have a CHOICE of the next 4 items at this level-->
            <v12:iso-alpha2>BE</v12:iso-alpha2>           
         </v1:request>
      </v1:getNationalityRequest>
   </soapenv:Body>
</soapenv:Envelope>
]]></con:request><con:assertion type="SOAP Fault Assertion" id="7b51ed7e-259f-4b1f-9951-2bde39f87f8c" name="Not SOAP Fault"/><con:assertion type="SOAP Response" id="e6acc0dc-d135-42d2-a621-c29645ebf889" name="SOAP Response"/><con:assertion type="Schema Compliance" id="1822b21b-03d8-4fc2-b2cf-6c553e75dde2" name="Schema Compliance"><con:configuration/></con:assertion><con:wsaConfig action="http://fidus.brussels/services/countryservice/getNationality"/></con:request></con:config></con:testStep><con:testStep type="request" id="de5651ad-3f3a-4d20-8e8b-6191c6a21988" name="testcase03 - Test Worker1 -Request"><con:settings/><con:config xsi:type="con:RequestStep" xmlns:xsi="http://www.w3.org/2001/XMLSchema-instance"><con:interface>CountryServiceHTTPBinding</con:interface><con:operation>getNationality</con:operation><con:request name="testcase03 - Test Worker1 -Request" id="a52a0ab3-d6de-493e-8fca-a264cbf88931" outgoingWss="Outflow TEST"><con:settings/><con:encoding>UTF-8</con:encoding><con:endpoint>https://192.168.24.16:8443/services/CountryService_v1.0</con:endpoint><con:request><![CDATA[<soapenv:Envelope xmlns:soapenv="http://schemas.xmlsoap.org/soap/envelope/" xmlns:v1="http://fidus.brussels/service/countryservice/messages/v1" xmlns:v11="http://fidus.brussels/type/common/messages/v1" xmlns:v12="http://fsb.belgium.be/mappingServices/countryService/messages/v1_00">
   <soapenv:Header/>
   <soapenv:Body>
      <v1:getNationalityRequest>
         <v1:messageContext>
         	  <v11:messageId>${=import static java.util.UUID.randomUUID; uuid = randomUUID() as String}</v11:messageId>
            <v11:timestamp>${=new java.text.SimpleDateFormat("yyyy-MM-dd'T'HH:mm:ss.SSS").format(new Date())}</v11:timestamp>
         </v1:messageContext>
         <v1:legalContext>ServiceIntegrator</v1:legalContext>
         <v1:request>
            <!--You have a CHOICE of the next 4 items at this level-->
            <v12:iso-alpha2>BE</v12:iso-alpha2>          
         </v1:request>
      </v1:getNationalityRequest>
   </soapenv:Body>
</soapenv:Envelope>]]></con:request><con:assertion type="SOAP Fault Assertion" id="3e36da0c-64c1-466c-aa54-7ae7a2ccdf38" name="Not SOAP Fault"/><con:assertion type="SOAP Response" id="103f49ba-c74d-40e8-99be-9eeaa8087814" name="SOAP Response"/><con:assertion type="Schema Compliance" id="6ab88d1b-3bff-4151-ab69-e71565f4e66f" name="Schema Compliance"><con:configuration/></con:assertion><con:wsaConfig action="http://fidus.brussels/services/countryservice/getNationality"/></con:request></con:config></con:testStep><con:testStep type="request" id="556ad6ab-eeb5-46b0-8691-a12ba3e72eab" name="testcase03 - Test Worker2 -Request"><con:settings/><con:config xsi:type="con:RequestStep" xmlns:xsi="http://www.w3.org/2001/XMLSchema-instance"><con:interface>CountryServiceHTTPBinding</con:interface><con:operation>getNationality</con:operation><con:request name="testcase03 - Test Worker2 -Request" id="ca21b3a9-64e4-42ce-8b45-091ef483be6c" outgoingWss="Outflow TEST"><con:settings/><con:encoding>UTF-8</con:encoding><con:endpoint>https://192.168.24.17:8443/services/CountryService_v1.0</con:endpoint><con:request><![CDATA[<soapenv:Envelope xmlns:soapenv="http://schemas.xmlsoap.org/soap/envelope/" xmlns:v1="http://fidus.brussels/service/countryservice/messages/v1" xmlns:v11="http://fidus.brussels/type/common/messages/v1" xmlns:v12="http://fsb.belgium.be/mappingServices/countryService/messages/v1_00">
   <soapenv:Header/>
   <soapenv:Body>
      <v1:getNationalityRequest>
         <v1:messageContext>
         	  <v11:messageId>${=import static java.util.UUID.randomUUID; uuid = randomUUID() as String}</v11:messageId>
            <v11:timestamp>${=new java.text.SimpleDateFormat("yyyy-MM-dd'T'HH:mm:ss.SSS").format(new Date())}</v11:timestamp>
         </v1:messageContext>
         <v1:legalContext>ServiceIntegrator</v1:legalContext>
         <v1:request>
            <!--You have a CHOICE of the next 4 items at this level-->
            <v12:iso-alpha2>BE</v12:iso-alpha2>          
         </v1:request>
      </v1:getNationalityRequest>
   </soapenv:Body>
</soapenv:Envelope>]]></con:request><con:assertion type="SOAP Fault Assertion" id="daa25184-1e44-44ba-985e-85206b2c49f6" name="Not SOAP Fault"/><con:assertion type="SOAP Response" id="a917a6a2-cde3-4904-bf46-3a1265d658de" name="SOAP Response"/><con:assertion type="Schema Compliance" id="79c1f351-1e5e-4662-9a72-1bc99c4bc6c7" name="Schema Compliance"><con:configuration/></con:assertion><con:wsaConfig action="http://fidus.brussels/services/countryservice/getNationality"/></con:request></con:config></con:testStep><con:testStep type="request" id="772dd656-1113-414d-a925-3f67d0ec788d" name="testcase03 - Test External -Request"><con:settings/><con:config xsi:type="con:RequestStep" xmlns:xsi="http://www.w3.org/2001/XMLSchema-instance"><con:interface>CountryServiceHTTPBinding</con:interface><con:operation>getNationality</con:operation><con:request name="testcase03 - Test External -Request" id="4c7f6550-380c-4066-ab85-26fd0ca18397" outgoingWss="Outflow TEST"><con:settings/><con:encoding>UTF-8</con:encoding><con:endpoint>https://fidus-test.irisnetlab.be/services/CountryService_v1.0</con:endpoint><con:request><![CDATA[<soapenv:Envelope xmlns:soapenv="http://schemas.xmlsoap.org/soap/envelope/" xmlns:v1="http://fidus.brussels/service/countryservice/messages/v1" xmlns:v11="http://fidus.brussels/type/common/messages/v1" xmlns:v12="http://fsb.belgium.be/mappingServices/countryService/messages/v1_00">
   <soapenv:Header/>
   <soapenv:Body>
      <v1:getNationalityRequest>
         <v1:messageContext>
         	  <v11:messageId>${=import static java.util.UUID.randomUUID; uuid = randomUUID() as String}</v11:messageId>
            <v11:timestamp>${=new java.text.SimpleDateFormat("yyyy-MM-dd'T'HH:mm:ss.SSS").format(new Date())}</v11:timestamp>
         </v1:messageContext>
         <v1:legalContext>ServiceIntegrator</v1:legalContext>
         <v1:request>
            <!--You have a CHOICE of the next 4 items at this level-->
            <v12:iso-alpha2>BE</v12:iso-alpha2>          
         </v1:request>
      </v1:getNationalityRequest>
   </soapenv:Body>
</soapenv:Envelope>]]></con:request><con:assertion type="SOAP Fault Assertion" id="463f8678-eaa8-4bb4-8388-309301d095c5" name="Not SOAP Fault"/><con:assertion type="SOAP Response" id="6e196ccd-568e-4ed5-8752-04280029f1aa" name="SOAP Response"/><con:assertion type="Schema Compliance" id="d7025a96-5b63-483c-bd5c-cc3be9196c88" name="Schema Compliance"><con:configuration/></con:assertion><con:wsaConfig action="http://fidus.brussels/services/countryservice/getNationality"/></con:request></con:config></con:testStep><con:testStep type="request" id="1d053bd5-43eb-433e-aad8-faaf91bda7e9" name="testcase03 - Test LB -Request"><con:settings/><con:config xsi:type="con:RequestStep" xmlns:xsi="http://www.w3.org/2001/XMLSchema-instance"><con:interface>CountryServiceHTTPBinding</con:interface><con:operation>getNationality</con:operation><con:request name="testcase03 - Test LB -Request" id="5126c249-c079-44d5-801c-3c8d806f29e0" outgoingWss="Outflow TEST"><con:settings/><con:encoding>UTF-8</con:encoding><con:endpoint>https://fidus-esb-sg.sta.srv.cirb.lan:8443/services/CountryService_v1.0</con:endpoint><con:request><![CDATA[<soapenv:Envelope xmlns:soapenv="http://schemas.xmlsoap.org/soap/envelope/" xmlns:v1="http://fidus.brussels/service/countryservice/messages/v1" xmlns:v11="http://fidus.brussels/type/common/messages/v1" xmlns:v12="http://fsb.belgium.be/mappingServices/countryService/messages/v1_00">
   <soapenv:Header/>
   <soapenv:Body>
      <v1:getNationalityRequest>
         <v1:messageContext>
         	  <v11:messageId>${=import static java.util.UUID.randomUUID; uuid = randomUUID() as String}</v11:messageId>
            <v11:timestamp>${=new java.text.SimpleDateFormat("yyyy-MM-dd'T'HH:mm:ss.SSS").format(new Date())}</v11:timestamp>
         </v1:messageContext>
         <v1:legalContext>ServiceIntegrator</v1:legalContext>
         <v1:request>
            <!--You have a CHOICE of the next 4 items at this level-->
            <v12:iso-alpha2>BE</v12:iso-alpha2>          
         </v1:request>
      </v1:getNationalityRequest>
   </soapenv:Body>
</soapenv:Envelope>]]></con:request><con:assertion type="SOAP Fault Assertion" id="d7c08d62-9397-40af-b64e-5833a536d13b" name="Not SOAP Fault"/><con:assertion type="SOAP Response" id="8a0fa984-9365-4226-bafe-dc83f082026d" name="SOAP Response"/><con:assertion type="Schema Compliance" id="b509b72b-5aee-47ba-bee9-4e47503d99f7" name="Schema Compliance"><con:configuration/></con:assertion><con:wsaConfig action="http://fidus.brussels/services/countryservice/getNationality"/></con:request></con:config></con:testStep><con:properties/></con:testCase><con:testCase id="643940a8-be74-44b7-a861-627b8fc0b009" failOnError="true" failTestCaseOnErrors="true" keepSession="false" maxResults="0" name="getNationalityHistory" searchProperties="true"><con:settings/><con:testStep type="request" id="c410a522-820f-4419-a2d0-4212682d0d26" name="testcase03 - Test External - Request"><con:settings/><con:config xsi:type="con:RequestStep" xmlns:xsi="http://www.w3.org/2001/XMLSchema-instance"><con:interface>CountryServiceHTTPBinding</con:interface><con:operation>getNationalityHistory</con:operation><con:request name="testcase03 - Test External - Request" id="252eb492-97c3-404b-aaf2-c54c3dc1f540" outgoingWss="Outflow TEST"><con:settings/><con:encoding>UTF-8</con:encoding><con:endpoint>https://fidus-test.irisnetlab.be/services/CountryService_v1.0</con:endpoint><con:request><![CDATA[<soapenv:Envelope xmlns:soapenv="http://schemas.xmlsoap.org/soap/envelope/" xmlns:v1="http://fidus.brussels/service/countryservice/messages/v1" xmlns:v11="http://fidus.brussels/type/common/messages/v1" xmlns:v12="http://fsb.belgium.be/mappingServices/countryService/messages/v1_00">
   <soapenv:Header/>
   <soapenv:Body>
      <v1:getNationalityHistoryRequest>
         <v1:messageContext>
            <v11:messageId>${=import static java.util.UUID.randomUUID; uuid = randomUUID() as String}</v11:messageId>
            <!--Optional:-->
            <v11:timestamp>${=new java.text.SimpleDateFormat("yyyy-MM-dd'T'HH:mm:ss.SSS").format(new Date())}</v11:timestamp>
         </v1:messageContext>
         <v1:legalContext>ServiceIntegrator</v1:legalContext>
         <v1:request>
            <v12:iso-alpha3>FRA</v12:iso-alpha3>
            <!--Optional:-->
            <v12:referenceDate>2016-10-16</v12:referenceDate>
         </v1:request>
      </v1:getNationalityHistoryRequest>
   </soapenv:Body>
</soapenv:Envelope>]]></con:request><con:assertion type="SOAP Fault Assertion" id="573d9393-fe66-43ee-bfe5-5acd1a602352" name="Not SOAP Fault"/><con:assertion type="SOAP Response" id="e0a4e8eb-5b82-40f1-bddd-b62bc50a475b" name="SOAP Response"/><con:assertion type="Schema Compliance" id="0c94c2cb-25f0-4b6f-acca-57b4dc705e7c" name="Schema Compliance"><con:configuration/></con:assertion><con:wsaConfig action="http://fidus.brussels/services/countryservice/getNationalityHistory"/></con:request></con:config></con:testStep><con:testStep type="request" id="089f2654-8699-44ff-90ba-83ce83b34bc8" name="testcase03 - Test LB - Request"><con:settings/><con:config xsi:type="con:RequestStep" xmlns:xsi="http://www.w3.org/2001/XMLSchema-instance"><con:interface>CountryServiceHTTPBinding</con:interface><con:operation>getNationalityHistory</con:operation><con:request name="testcase03 - Test LB - Request" id="c915ad1f-4311-4b11-a41c-2e5e0be62aaa" outgoingWss="Outflow TEST"><con:settings/><con:encoding>UTF-8</con:encoding><con:endpoint>https://fidus-esb-sg.sta.srv.cirb.lan:8443/services/CountryService_v1.0</con:endpoint><con:request><![CDATA[<soapenv:Envelope xmlns:soapenv="http://schemas.xmlsoap.org/soap/envelope/" xmlns:v1="http://fidus.brussels/service/countryservice/messages/v1" xmlns:v11="http://fidus.brussels/type/common/messages/v1" xmlns:v12="http://fsb.belgium.be/mappingServices/countryService/messages/v1_00">
   <soapenv:Header/>
   <soapenv:Body>
      <v1:getNationalityHistoryRequest>
         <v1:messageContext>
            <v11:messageId>${=import static java.util.UUID.randomUUID; uuid = randomUUID() as String}</v11:messageId>
            <!--Optional:-->
            <v11:timestamp>${=new java.text.SimpleDateFormat("yyyy-MM-dd'T'HH:mm:ss.SSS").format(new Date())}</v11:timestamp>
         </v1:messageContext>
         <v1:legalContext>ServiceIntegrator</v1:legalContext>
         <v1:request>
            <v12:iso-alpha3>NLD</v12:iso-alpha3>
            <!--Optional:-->
            <v12:referenceDate>2016-10-16</v12:referenceDate>
         </v1:request>
      </v1:getNationalityHistoryRequest>
   </soapenv:Body>
</soapenv:Envelope>]]></con:request><con:assertion type="SOAP Fault Assertion" id="a29b96ee-e2dd-444b-9c13-ff18f9054080" name="Not SOAP Fault"/><con:assertion type="SOAP Response" id="890b8e5d-37a4-49f2-a359-e8a5288ab4f2" name="SOAP Response"/><con:assertion type="Schema Compliance" id="ca42c24f-eb63-48d7-ad73-6409e9131c1c" name="Schema Compliance"><con:configuration/></con:assertion><con:wsaConfig action="http://fidus.brussels/services/countryservice/getNationalityHistory"/></con:request></con:config></con:testStep><con:testStep type="request" id="9533f486-b71a-407a-9533-afe86d529488" name="testcase03 - Test Worker1 - Request"><con:settings/><con:config xsi:type="con:RequestStep" xmlns:xsi="http://www.w3.org/2001/XMLSchema-instance"><con:interface>CountryServiceHTTPBinding</con:interface><con:operation>getNationalityHistory</con:operation><con:request name="testcase03 - Test Worker1 - Request" id="93e833b3-ff11-46eb-82b1-64b004acc21a" outgoingWss="Outflow TEST"><con:settings/><con:encoding>UTF-8</con:encoding><con:endpoint>https://192.168.24.16:8443/services/CountryService_v1.0</con:endpoint><con:request><![CDATA[<soapenv:Envelope xmlns:soapenv="http://schemas.xmlsoap.org/soap/envelope/" xmlns:v1="http://fidus.brussels/service/countryservice/messages/v1" xmlns:v11="http://fidus.brussels/type/common/messages/v1" xmlns:v12="http://fsb.belgium.be/mappingServices/countryService/messages/v1_00">
   <soapenv:Header/>
   <soapenv:Body>
      <v1:getNationalityHistoryRequest>
         <v1:messageContext>
            <v11:messageId>${=import static java.util.UUID.randomUUID; uuid = randomUUID() as String}</v11:messageId>
            <!--Optional:-->
            <v11:timestamp>${=new java.text.SimpleDateFormat("yyyy-MM-dd'T'HH:mm:ss.SSS").format(new Date())}</v11:timestamp>
         </v1:messageContext>
         <v1:legalContext>ServiceIntegrator</v1:legalContext>
         <v1:request>
            <v12:iso-alpha3>AUS</v12:iso-alpha3>
            <!--Optional:-->
            <!--<v12:referenceDate>2016-10-16</v12:referenceDate>-->
         </v1:request>
      </v1:getNationalityHistoryRequest>
   </soapenv:Body>
</soapenv:Envelope>]]></con:request><con:assertion type="SOAP Fault Assertion" id="68bd7e98-3990-4b20-99cc-302a120a757f" name="Not SOAP Fault"/><con:assertion type="SOAP Response" id="181b153e-75f6-48fa-9bd7-5229e7ad9b19" name="SOAP Response"/><con:assertion type="Schema Compliance" id="f9626fdd-91bf-4c29-b657-1e1b47aa9ea0" name="Schema Compliance"><con:configuration/></con:assertion><con:wsaConfig action="http://fidus.brussels/services/countryservice/getNationalityHistory"/></con:request></con:config></con:testStep><con:testStep type="request" id="c08ee36b-d611-411a-a811-4b804e669db8" name="testcase03 - Test Worker2 - Request"><con:settings/><con:config xsi:type="con:RequestStep" xmlns:xsi="http://www.w3.org/2001/XMLSchema-instance"><con:interface>CountryServiceHTTPBinding</con:interface><con:operation>getNationalityHistory</con:operation><con:request name="testcase03 - Test Worker2 - Request" id="52b65b87-5c46-4d28-9e6f-cde423a715bc" outgoingWss="Outflow TEST"><con:settings/><con:encoding>UTF-8</con:encoding><con:endpoint>https://192.168.24.17:8443/services/CountryService_v1.0</con:endpoint><con:request><![CDATA[<soapenv:Envelope xmlns:soapenv="http://schemas.xmlsoap.org/soap/envelope/" xmlns:v1="http://fidus.brussels/service/countryservice/messages/v1" xmlns:v11="http://fidus.brussels/type/common/messages/v1" xmlns:v12="http://fsb.belgium.be/mappingServices/countryService/messages/v1_00">
   <soapenv:Header/>
   <soapenv:Body>
      <v1:getNationalityHistoryRequest>
         <v1:messageContext>
            <v11:messageId>${=import static java.util.UUID.randomUUID; uuid = randomUUID() as String}</v11:messageId>
            <!--Optional:-->
            <v11:timestamp>${=new java.text.SimpleDateFormat("yyyy-MM-dd'T'HH:mm:ss.SSS").format(new Date())}</v11:timestamp>
         </v1:messageContext>
         <v1:legalContext>ServiceIntegrator</v1:legalContext>
         <v1:request>
            <v12:iso-alpha3>BRA</v12:iso-alpha3>
            <!--Optional:-->
            <v12:referenceDate>2000-01-01</v12:referenceDate>
         </v1:request>
      </v1:getNationalityHistoryRequest>
   </soapenv:Body>
</soapenv:Envelope>]]></con:request><con:assertion type="SOAP Fault Assertion" id="c0160ff4-a6a2-45c1-8d28-0e2f531740e6" name="Not SOAP Fault"/><con:assertion type="SOAP Response" id="c7581376-6864-48b8-80c9-c824a0b52706" name="SOAP Response"/><con:assertion type="Schema Compliance" id="ae33ebad-ab42-4c48-99a3-a2719c58859f" name="Schema Compliance"><con:configuration/></con:assertion><con:wsaConfig action="http://fidus.brussels/services/countryservice/getNationalityHistory"/></con:request></con:config></con:testStep><con:properties/></con:testCase><con:testCase id="2b199e1e-6db6-41fb-bcfd-ebcf36c7354f" failOnError="true" failTestCaseOnErrors="true" keepSession="false" maxResults="0" name="getPlaceCountries" searchProperties="true"><con:settings/><con:testStep type="request" id="7b03bcfc-eb3e-4bc8-8c96-7b64d468a557" name="testcase03 - Test External - Request"><con:settings/><con:config xsi:type="con:RequestStep" xmlns:xsi="http://www.w3.org/2001/XMLSchema-instance"><con:interface>CountryServiceHTTPBinding</con:interface><con:operation>getPlaceCountries</con:operation><con:request name="testcase03 - Test External - Request" id="c1cac10c-3d65-47c2-9d55-7e8abfc7b1ce" outgoingWss="Outflow TEST"><con:settings/><con:encoding>UTF-8</con:encoding><con:endpoint>https://fidus-test.irisnetlab.be/services/CountryService_v1.0</con:endpoint><con:request><![CDATA[<soapenv:Envelope xmlns:soapenv="http://schemas.xmlsoap.org/soap/envelope/" xmlns:v1="http://fidus.brussels/service/countryservice/messages/v1" xmlns:v11="http://fidus.brussels/type/common/messages/v1">
   <soapenv:Header/>
   <soapenv:Body>
      <v1:getPlaceCountriesRequest>
         <v1:messageContext>
            <v11:messageId>${=import static java.util.UUID.randomUUID; uuid = randomUUID() as String}</v11:messageId>
            <!--Optional:-->
            <v11:timestamp>${=new java.text.SimpleDateFormat("yyyy-MM-dd'T'HH:mm:ss.SSS").format(new Date())}</v11:timestamp>
         </v1:messageContext>
         <v1:legalContext>ServiceIntegrator</v1:legalContext>
         <v1:request>
            <!--Optional:-->
            <v1:referenceDate>2016-10-14</v1:referenceDate>
         </v1:request>
      </v1:getPlaceCountriesRequest>
   </soapenv:Body>
</soapenv:Envelope>]]></con:request><con:assertion type="SOAP Fault Assertion" id="7e648ffc-c5d6-40e0-92d2-25ec2b17e4be" name="Not SOAP Fault"/><con:assertion type="SOAP Response" id="e078debc-29ec-4f92-bec3-1a50657897c3" name="SOAP Response"/><con:assertion type="Schema Compliance" id="51b79633-4ed8-43b7-91e9-379b9c521151" name="Schema Compliance"><con:configuration/></con:assertion><con:wsaConfig action="http://fidus.brussels/services/countryservice/getPlaceCountries"/></con:request></con:config></con:testStep><con:testStep type="request" id="744da5a7-4a37-44f7-a8b7-ae13df3a0aad" name="testcase03 - Test LB - Request"><con:settings/><con:config xsi:type="con:RequestStep" xmlns:xsi="http://www.w3.org/2001/XMLSchema-instance"><con:interface>CountryServiceHTTPBinding</con:interface><con:operation>getPlaceCountries</con:operation><con:request name="testcase03 - Test LB - Request" id="a9298caf-22e1-47d6-a349-1c41f8ed39f9" outgoingWss="Outflow TEST"><con:settings/><con:encoding>UTF-8</con:encoding><con:endpoint>https://fidus-esb-sg.sta.srv.cirb.lan:8443/services/CountryService_v1.0</con:endpoint><con:request><![CDATA[<soapenv:Envelope xmlns:soapenv="http://schemas.xmlsoap.org/soap/envelope/" xmlns:v1="http://fidus.brussels/service/countryservice/messages/v1" xmlns:v11="http://fidus.brussels/type/common/messages/v1">
   <soapenv:Header/>
   <soapenv:Body>
      <v1:getPlaceCountriesRequest>
         <v1:messageContext>
            <v11:messageId>${=import static java.util.UUID.randomUUID; uuid = randomUUID() as String}</v11:messageId>
            <!--Optional:-->
            <v11:timestamp>${=new java.text.SimpleDateFormat("yyyy-MM-dd'T'HH:mm:ss.SSS").format(new Date())}</v11:timestamp>
         </v1:messageContext>
         <v1:legalContext>ServiceIntegrator</v1:legalContext>
         <v1:request>
            <!--Optional:-->
            <v1:referenceDate>2016-10-14</v1:referenceDate>
         </v1:request>
      </v1:getPlaceCountriesRequest>
   </soapenv:Body>
</soapenv:Envelope>]]></con:request><con:assertion type="SOAP Fault Assertion" id="ad52a12f-0048-4789-aa64-752898f7f905" name="Not SOAP Fault"/><con:assertion type="SOAP Response" id="b8990a3e-3ae6-4c22-9603-7cdf38391531" name="SOAP Response"/><con:assertion type="Schema Compliance" id="9a59e485-71f5-4e23-87a1-bb7693d37f26" name="Schema Compliance"><con:configuration/></con:assertion><con:wsaConfig action="http://fidus.brussels/services/countryservice/getPlaceCountries"/></con:request></con:config></con:testStep><con:testStep type="request" id="1cc8eae1-eac1-4804-ae04-07b53cae298d" name="testcase03 - Test Worker1 - Request"><con:settings/><con:config xsi:type="con:RequestStep" xmlns:xsi="http://www.w3.org/2001/XMLSchema-instance"><con:interface>CountryServiceHTTPBinding</con:interface><con:operation>getPlaceCountries</con:operation><con:request name="testcase03 - Test Worker1 - Request" id="4fcc4d2a-2c22-426d-a3b2-85c6c87c68fc" outgoingWss="Outflow TEST"><con:settings/><con:encoding>UTF-8</con:encoding><con:endpoint>https://192.168.24.16:8443/services/CountryService_v1.0</con:endpoint><con:request><![CDATA[<soapenv:Envelope xmlns:soapenv="http://schemas.xmlsoap.org/soap/envelope/" xmlns:v1="http://fidus.brussels/service/countryservice/messages/v1" xmlns:v11="http://fidus.brussels/type/common/messages/v1">
   <soapenv:Header/>
   <soapenv:Body>
      <v1:getPlaceCountriesRequest>
         <v1:messageContext>
            <v11:messageId>${=import static java.util.UUID.randomUUID; uuid = randomUUID() as String}</v11:messageId>
            <!--Optional:-->
            <v11:timestamp>${=new java.text.SimpleDateFormat("yyyy-MM-dd'T'HH:mm:ss.SSS").format(new Date())}</v11:timestamp>
         </v1:messageContext>
         <v1:legalContext>ServiceIntegrator</v1:legalContext>
         <v1:request>
            <!--Optional:-->
            <v1:referenceDate>2016-10-14</v1:referenceDate>
         </v1:request>
      </v1:getPlaceCountriesRequest>
   </soapenv:Body>
</soapenv:Envelope>]]></con:request><con:assertion type="SOAP Fault Assertion" id="13baaeb5-f697-438a-988f-7b46f06430b8" name="Not SOAP Fault"/><con:assertion type="SOAP Response" id="3795c479-590e-496f-8179-15a249faaca9" name="SOAP Response"/><con:assertion type="Schema Compliance" id="6f9bbe91-787d-4673-ac6f-43461bd59d44" name="Schema Compliance"><con:configuration/></con:assertion><con:wsaConfig action="http://fidus.brussels/services/countryservice/getPlaceCountries"/></con:request></con:config></con:testStep><con:testStep type="request" id="2890c3b4-d151-4b55-b26d-707a7641d7ef" name="testcase03 - Test Worker2 - Request"><con:settings/><con:config xsi:type="con:RequestStep" xmlns:xsi="http://www.w3.org/2001/XMLSchema-instance"><con:interface>CountryServiceHTTPBinding</con:interface><con:operation>getPlaceCountries</con:operation><con:request name="testcase03 - Test Worker2 - Request" id="68f4a0b8-4d22-49d8-b300-13551e9a0583" outgoingWss="Outflow TEST"><con:settings/><con:encoding>UTF-8</con:encoding><con:endpoint>https://192.168.24.17:8443/services/CountryService_v1.0</con:endpoint><con:request><![CDATA[<soapenv:Envelope xmlns:soapenv="http://schemas.xmlsoap.org/soap/envelope/" xmlns:v1="http://fidus.brussels/service/countryservice/messages/v1" xmlns:v11="http://fidus.brussels/type/common/messages/v1">
   <soapenv:Header/>
   <soapenv:Body>
      <v1:getPlaceCountriesRequest>
         <v1:messageContext>
            <v11:messageId>${=import static java.util.UUID.randomUUID; uuid = randomUUID() as String}</v11:messageId>
            <!--Optional:-->
            <v11:timestamp>${=new java.text.SimpleDateFormat("yyyy-MM-dd'T'HH:mm:ss.SSS").format(new Date())}</v11:timestamp>
         </v1:messageContext>
         <v1:legalContext>ServiceIntegrator</v1:legalContext>
         <v1:request>
            <!--Optional:-->
            <v1:referenceDate>2016-10-14</v1:referenceDate>
         </v1:request>
      </v1:getPlaceCountriesRequest>
   </soapenv:Body>
</soapenv:Envelope>]]></con:request><con:assertion type="SOAP Fault Assertion" id="cc379f7c-cd67-418a-9873-d2c9fc75772d" name="Not SOAP Fault"/><con:assertion type="SOAP Response" id="61fe37f9-e3a0-4187-9059-750627fced03" name="SOAP Response"/><con:assertion type="Schema Compliance" id="aaef5ce5-c124-492e-a027-276755787128" name="Schema Compliance"><con:configuration/></con:assertion><con:wsaConfig action="http://fidus.brussels/services/countryservice/getPlaceCountries"/></con:request></con:config></con:testStep><con:properties/></con:testCase><con:testCase id="bca7be0e-4ca4-48df-bd99-dc48f0cd70e9" failOnError="true" failTestCaseOnErrors="true" keepSession="false" maxResults="0" name="getPlaceCountry" searchProperties="true"><con:settings/><con:testStep type="request" id="b129514d-146c-4c78-b592-f9e97713be0c" name="testcase03 - Test External - Request"><con:settings/><con:config xsi:type="con:RequestStep" xmlns:xsi="http://www.w3.org/2001/XMLSchema-instance"><con:interface>CountryServiceHTTPBinding</con:interface><con:operation>getPlaceCountry</con:operation><con:request name="testcase03 - Test External - Request" id="56f3ad82-0c31-4c6c-8f00-09281913b16e" outgoingWss="Outflow TEST"><con:settings/><con:encoding>UTF-8</con:encoding><con:endpoint>https://fidus-test.irisnetlab.be/services/CountryService_v1.0</con:endpoint><con:request><![CDATA[<soapenv:Envelope xmlns:soapenv="http://schemas.xmlsoap.org/soap/envelope/" xmlns:v1="http://fidus.brussels/service/countryservice/messages/v1" xmlns:v11="http://fidus.brussels/type/common/messages/v1" xmlns:v12="http://fsb.belgium.be/mappingServices/countryService/messages/v1_00">
   <soapenv:Header/>
   <soapenv:Body>
      <v1:getPlaceCountryRequest>
         <v1:messageContext>
            <v11:messageId>${=import static java.util.UUID.randomUUID; uuid = randomUUID() as String}</v11:messageId>
            <!--Optional:-->
            <v11:timestamp>${=new java.text.SimpleDateFormat("yyyy-MM-dd'T'HH:mm:ss.SSS").format(new Date())}</v11:timestamp>
         </v1:messageContext>
         <v1:legalContext>ServiceIntegrator</v1:legalContext>
         <v1:request>
            <!--You have a CHOICE of the next 4 items at this level-->
            <!--
            <v12:iso-alpha2 startDate="?" endDate="?" status="?">?</v12:iso-alpha2>
            <v12:iso-alpha3 startDate="?" endDate="?" status="?">?</v12:iso-alpha3>
            <v12:iso-num3 startDate="?" endDate="?" status="?">?</v12:iso-num3>
            <v12:nis-num3 startDate="?" endDate="?" status="?">?</v12:nis-num3>
			-->
             <v12:iso-alpha2>NL</v12:iso-alpha2>
             
         </v1:request>
      </v1:getPlaceCountryRequest>
   </soapenv:Body>
</soapenv:Envelope>]]></con:request><con:assertion type="SOAP Fault Assertion" id="96941d7c-f5a5-48be-9a4c-a4fd2139a3c8" name="Not SOAP Fault"/><con:assertion type="SOAP Response" id="7a966d4f-2239-4303-9b91-990eca1cf0cb" name="SOAP Response"/><con:assertion type="Schema Compliance" id="d5cacc24-a259-4840-a955-a8a20c0d4026" name="Schema Compliance"><con:configuration/></con:assertion><con:wsaConfig action="http://fidus.brussels/services/countryservice/getPlaceCountry"/></con:request></con:config></con:testStep><con:testStep type="request" id="2c038229-4537-4eba-8c66-7af595a094aa" name="testcase03 - Test LB - Request"><con:settings/><con:config xsi:type="con:RequestStep" xmlns:xsi="http://www.w3.org/2001/XMLSchema-instance"><con:interface>CountryServiceHTTPBinding</con:interface><con:operation>getPlaceCountry</con:operation><con:request name="testcase03 - Test LB - Request" id="9f68ece1-5c4f-4d2f-a951-f8ea9c7e05d1" outgoingWss="Outflow TEST"><con:settings/><con:encoding>UTF-8</con:encoding><con:endpoint>https://fidus-esb-sg.sta.srv.cirb.lan:8443/services/CountryService_v1.0</con:endpoint><con:request><![CDATA[<soapenv:Envelope xmlns:soapenv="http://schemas.xmlsoap.org/soap/envelope/" xmlns:v1="http://fidus.brussels/service/countryservice/messages/v1" xmlns:v11="http://fidus.brussels/type/common/messages/v1" xmlns:v12="http://fsb.belgium.be/mappingServices/countryService/messages/v1_00">
   <soapenv:Header/>
   <soapenv:Body>
      <v1:getPlaceCountryRequest>
         <v1:messageContext>
            <v11:messageId>${=import static java.util.UUID.randomUUID; uuid = randomUUID() as String}</v11:messageId>
            <!--Optional:-->
            <v11:timestamp>${=new java.text.SimpleDateFormat("yyyy-MM-dd'T'HH:mm:ss.SSS").format(new Date())}</v11:timestamp>
         </v1:messageContext>
         <v1:legalContext>ServiceIntegrator</v1:legalContext>
         <v1:request>
            <!--You have a CHOICE of the next 4 items at this level-->
            <!--
            <v12:iso-alpha2 startDate="?" endDate="?" status="?">?</v12:iso-alpha2>
            <v12:iso-alpha3 startDate="?" endDate="?" status="?">?</v12:iso-alpha3>
            <v12:iso-num3 startDate="?" endDate="?" status="?">?</v12:iso-num3>
            <v12:nis-num3 startDate="?" endDate="?" status="?">?</v12:nis-num3>
			-->
             <v12:iso-alpha2>NL</v12:iso-alpha2>
             
         </v1:request>
      </v1:getPlaceCountryRequest>
   </soapenv:Body>
</soapenv:Envelope>]]></con:request><con:assertion type="SOAP Fault Assertion" id="f269caee-d88c-4540-9b1f-bbfaa6155c69" name="Not SOAP Fault"/><con:assertion type="SOAP Response" id="6ded7987-fe7d-430b-a74a-11cb15a688f9" name="SOAP Response"/><con:assertion type="Schema Compliance" id="ece9d233-b4d7-4fb9-a623-f32384c6d6bc" name="Schema Compliance"><con:configuration/></con:assertion><con:wsaConfig action="http://fidus.brussels/services/countryservice/getPlaceCountry"/></con:request></con:config></con:testStep><con:testStep type="request" id="2575b9ed-8004-4d8d-a85b-daa3cd8861a5" name="testcase03 - Test Worker1 - Request"><con:settings/><con:config xsi:type="con:RequestStep" xmlns:xsi="http://www.w3.org/2001/XMLSchema-instance"><con:interface>CountryServiceHTTPBinding</con:interface><con:operation>getPlaceCountry</con:operation><con:request name="testcase03 - Test Worker1 - Request" id="89d9274c-1487-43d5-8491-0d08672892a0" outgoingWss="Outflow TEST"><con:settings/><con:encoding>UTF-8</con:encoding><con:endpoint>https://192.168.24.16:8443/services/CountryService_v1.0</con:endpoint><con:request><![CDATA[<soapenv:Envelope xmlns:soapenv="http://schemas.xmlsoap.org/soap/envelope/" xmlns:v1="http://fidus.brussels/service/countryservice/messages/v1" xmlns:v11="http://fidus.brussels/type/common/messages/v1" xmlns:v12="http://fsb.belgium.be/mappingServices/countryService/messages/v1_00">
   <soapenv:Header/>
   <soapenv:Body>
      <v1:getPlaceCountryRequest>
         <v1:messageContext>
            <v11:messageId>${=import static java.util.UUID.randomUUID; uuid = randomUUID() as String}</v11:messageId>
            <!--Optional:-->
            <v11:timestamp>${=new java.text.SimpleDateFormat("yyyy-MM-dd'T'HH:mm:ss.SSS").format(new Date())}</v11:timestamp>
         </v1:messageContext>
         <v1:legalContext>ServiceIntegrator</v1:legalContext>
         <v1:request>
            <!--You have a CHOICE of the next 4 items at this level-->
            <!--
            <v12:iso-alpha2 startDate="?" endDate="?" status="?">?</v12:iso-alpha2>
            <v12:iso-alpha3 startDate="?" endDate="?" status="?">?</v12:iso-alpha3>
            <v12:iso-num3 startDate="?" endDate="?" status="?">?</v12:iso-num3>
            <v12:nis-num3 startDate="?" endDate="?" status="?">?</v12:nis-num3>
			-->
             <v12:iso-alpha2>NL</v12:iso-alpha2>
             
         </v1:request>
      </v1:getPlaceCountryRequest>
   </soapenv:Body>
</soapenv:Envelope>]]></con:request><con:assertion type="SOAP Fault Assertion" id="987cfb3c-b4d6-40c2-8675-561cbde96d0c" name="Not SOAP Fault"/><con:assertion type="SOAP Response" id="ce370124-52e9-44d9-9cc9-e3840a6c6c9a" name="SOAP Response"/><con:assertion type="Schema Compliance" id="675a973d-62f2-47a7-b0c9-73fe1d8eb14c" name="Schema Compliance"><con:configuration/></con:assertion><con:wsaConfig action="http://fidus.brussels/services/countryservice/getPlaceCountry"/></con:request></con:config></con:testStep><con:testStep type="request" id="d6def95a-7b86-4496-9ea2-bdcdb030de0d" name="testcase03 - Test Worker2 - Request"><con:settings/><con:config xsi:type="con:RequestStep" xmlns:xsi="http://www.w3.org/2001/XMLSchema-instance"><con:interface>CountryServiceHTTPBinding</con:interface><con:operation>getPlaceCountry</con:operation><con:request name="testcase03 - Test Worker2 - Request" id="1ef376ba-d4e1-4ddb-9733-32061d6f4e53" outgoingWss="Outflow TEST"><con:settings/><con:encoding>UTF-8</con:encoding><con:endpoint>https://192.168.24.17:8443/services/CountryService_v1.0</con:endpoint><con:request><![CDATA[<soapenv:Envelope xmlns:soapenv="http://schemas.xmlsoap.org/soap/envelope/" xmlns:v1="http://fidus.brussels/service/countryservice/messages/v1" xmlns:v11="http://fidus.brussels/type/common/messages/v1" xmlns:v12="http://fsb.belgium.be/mappingServices/countryService/messages/v1_00">
   <soapenv:Header/>
   <soapenv:Body>
      <v1:getPlaceCountryRequest>
         <v1:messageContext>
            <v11:messageId>${=import static java.util.UUID.randomUUID; uuid = randomUUID() as String}</v11:messageId>
            <!--Optional:-->
            <v11:timestamp>${=new java.text.SimpleDateFormat("yyyy-MM-dd'T'HH:mm:ss.SSS").format(new Date())}</v11:timestamp>
         </v1:messageContext>
         <v1:legalContext>ServiceIntegrator</v1:legalContext>
         <v1:request>
            <!--You have a CHOICE of the next 4 items at this level-->
            <!--
            <v12:iso-alpha2 startDate="?" endDate="?" status="?">?</v12:iso-alpha2>
            <v12:iso-alpha3 startDate="?" endDate="?" status="?">?</v12:iso-alpha3>
            <v12:iso-num3 startDate="?" endDate="?" status="?">?</v12:iso-num3>
            <v12:nis-num3 startDate="?" endDate="?" status="?">?</v12:nis-num3>
			-->
             <v12:iso-alpha2>NL</v12:iso-alpha2>
             
         </v1:request>
      </v1:getPlaceCountryRequest>
   </soapenv:Body>
</soapenv:Envelope>]]></con:request><con:assertion type="SOAP Fault Assertion" id="4f9b7fe6-ad01-4b2e-8e92-0766abfb203a" name="Not SOAP Fault"/><con:assertion type="SOAP Response" id="4126ec4b-ca3e-4efe-ba1a-5a9245dd04b1" name="SOAP Response"/><con:assertion type="Schema Compliance" id="a27330fe-bcdd-49c2-8e32-f275d7b571b2" name="Schema Compliance"><con:configuration/></con:assertion><con:wsaConfig action="http://fidus.brussels/services/countryservice/getPlaceCountry"/></con:request></con:config></con:testStep><con:properties/></con:testCase><con:testCase id="86353856-f34c-4c7b-8e2e-f2c716f60776" failOnError="true" failTestCaseOnErrors="true" keepSession="false" maxResults="0" name="getPlaceCountryHistory" searchProperties="true"><con:settings/><con:testStep type="request" id="6078a7e7-ef11-4b23-9c9f-76b77e0461e0" name="testcase03 - Test External - Request"><con:settings/><con:config xsi:type="con:RequestStep" xmlns:xsi="http://www.w3.org/2001/XMLSchema-instance"><con:interface>CountryServiceHTTPBinding</con:interface><con:operation>getPlaceCountryHistory</con:operation><con:request name="testcase03 - Test External - Request" id="fc6b2d1c-92da-48a3-a980-30ab481074e1" outgoingWss="Outflow TEST"><con:settings/><con:encoding>UTF-8</con:encoding><con:endpoint>https://fidus-test.irisnetlab.be/services/CountryService_v1.0</con:endpoint><con:request><![CDATA[<soapenv:Envelope xmlns:soapenv="http://schemas.xmlsoap.org/soap/envelope/" xmlns:v1="http://fidus.brussels/service/countryservice/messages/v1" xmlns:v11="http://fidus.brussels/type/common/messages/v1" xmlns:v12="http://fsb.belgium.be/mappingServices/countryService/messages/v1_00">
   <soapenv:Header/>
   <soapenv:Body>
      <v1:getPlaceCountryHistoryRequest>
         <v1:messageContext>
            <v11:messageId>${=import static java.util.UUID.randomUUID; uuid = randomUUID() as String}</v11:messageId>
            <!--Optional:-->
            <v11:timestamp>${=new java.text.SimpleDateFormat("yyyy-MM-dd'T'HH:mm:ss.SSS").format(new Date())}</v11:timestamp>
         </v1:messageContext>
         <v1:legalContext>ServiceIntegrator</v1:legalContext>
         <v1:request>
            <v12:iso-alpha2>NL</v12:iso-alpha2>
         </v1:request>
      </v1:getPlaceCountryHistoryRequest>
   </soapenv:Body>
</soapenv:Envelope>]]></con:request><con:assertion type="SOAP Fault Assertion" id="562368db-b08b-4e59-a19e-38f5ac94bbe0" name="Not SOAP Fault"/><con:assertion type="SOAP Response" id="4a6e97ba-4e07-4b71-9913-a08dc298a7f1" name="SOAP Response"/><con:assertion type="Schema Compliance" id="60583c1a-7a90-46f2-b1a5-105daf717a27" name="Schema Compliance"><con:configuration/></con:assertion><con:wsaConfig action="http://fidus.brussels/services/countryservice/getPlaceCountryHistory"/></con:request></con:config></con:testStep><con:testStep type="request" id="7ee65549-b04d-4b67-8b74-d94766831dba" name="testcase03 - Test LB - Request"><con:settings/><con:config xsi:type="con:RequestStep" xmlns:xsi="http://www.w3.org/2001/XMLSchema-instance"><con:interface>CountryServiceHTTPBinding</con:interface><con:operation>getPlaceCountryHistory</con:operation><con:request name="testcase03 - Test LB - Request" id="5a9a2e4a-e80c-4758-bb19-43ed2782c7ca" outgoingWss="Outflow TEST"><con:settings/><con:encoding>UTF-8</con:encoding><con:endpoint>https://fidus-esb-sg.sta.srv.cirb.lan:8443/services/CountryService_v1.0</con:endpoint><con:request><![CDATA[<soapenv:Envelope xmlns:soapenv="http://schemas.xmlsoap.org/soap/envelope/" xmlns:v1="http://fidus.brussels/service/countryservice/messages/v1" xmlns:v11="http://fidus.brussels/type/common/messages/v1" xmlns:v12="http://fsb.belgium.be/mappingServices/countryService/messages/v1_00">
   <soapenv:Header/>
   <soapenv:Body>
      <v1:getPlaceCountryHistoryRequest>
         <v1:messageContext>
            <v11:messageId>${=import static java.util.UUID.randomUUID; uuid = randomUUID() as String}</v11:messageId>
            <!--Optional:-->
            <v11:timestamp>${=new java.text.SimpleDateFormat("yyyy-MM-dd'T'HH:mm:ss.SSS").format(new Date())}</v11:timestamp>
         </v1:messageContext>
         <v1:legalContext>ServiceIntegrator</v1:legalContext>
         <v1:request>
            <v12:iso-alpha2>BR</v12:iso-alpha2>
            <!--Optional:-->
            <!--<v12:referenceDate>2016-10-10</v12:referenceDate>-->
         </v1:request>
      </v1:getPlaceCountryHistoryRequest>
   </soapenv:Body>
</soapenv:Envelope>]]></con:request><con:assertion type="SOAP Fault Assertion" id="2b2b8705-5a01-47f7-ab79-0602ce7a66c2" name="Not SOAP Fault"/><con:assertion type="SOAP Response" id="b879c615-791b-4805-bdcc-33e1a069febc" name="SOAP Response"/><con:assertion type="Schema Compliance" id="5bb7934d-3e8f-44f0-b717-6046f9ac63c3" name="Schema Compliance"><con:configuration/></con:assertion><con:wsaConfig action="http://fidus.brussels/services/countryservice/getPlaceCountryHistory"/></con:request></con:config></con:testStep><con:testStep type="request" id="d2e70473-ae87-436c-95d8-007d8c4d5da9" name="testcase03 - Test Worker1 - Request"><con:settings/><con:config xsi:type="con:RequestStep" xmlns:xsi="http://www.w3.org/2001/XMLSchema-instance"><con:interface>CountryServiceHTTPBinding</con:interface><con:operation>getPlaceCountryHistory</con:operation><con:request name="testcase03 - Test Worker1 - Request" id="4e027d3a-d997-4c17-bb72-fec17b8c8986" outgoingWss="Outflow TEST"><con:settings/><con:encoding>UTF-8</con:encoding><con:endpoint>https://192.168.24.16:8443/services/CountryService_v1.0</con:endpoint><con:request><![CDATA[<soapenv:Envelope xmlns:soapenv="http://schemas.xmlsoap.org/soap/envelope/" xmlns:v1="http://fidus.brussels/service/countryservice/messages/v1" xmlns:v11="http://fidus.brussels/type/common/messages/v1" xmlns:v12="http://fsb.belgium.be/mappingServices/countryService/messages/v1_00">
   <soapenv:Header/>
   <soapenv:Body>
      <v1:getPlaceCountryHistoryRequest>
         <v1:messageContext>
            <v11:messageId>${=import static java.util.UUID.randomUUID; uuid = randomUUID() as String}</v11:messageId>
            <!--Optional:-->
            <v11:timestamp>${=new java.text.SimpleDateFormat("yyyy-MM-dd'T'HH:mm:ss.SSS").format(new Date())}</v11:timestamp>
         </v1:messageContext>
         <v1:legalContext>ServiceIntegrator</v1:legalContext>
         <v1:request>
            <v12:iso-alpha2>PL</v12:iso-alpha2>
            <!--Optional:-->
            
         </v1:request>
      </v1:getPlaceCountryHistoryRequest>
   </soapenv:Body>
</soapenv:Envelope>]]></con:request><con:assertion type="SOAP Fault Assertion" id="49f257d3-7a88-4b71-9874-be160eaee87b" name="Not SOAP Fault"/><con:assertion type="SOAP Response" id="7fb626b4-3443-4b43-a6dc-7f9574f48611" name="SOAP Response"/><con:assertion type="Schema Compliance" id="2afe354d-28e1-408f-b862-b196cb6310c0" name="Schema Compliance"><con:configuration/></con:assertion><con:wsaConfig action="http://fidus.brussels/services/countryservice/getPlaceCountryHistory"/></con:request></con:config></con:testStep><con:testStep type="request" id="65125af6-39a9-44bf-a73d-d3084e79d72f" name="testcase03 - Test Worker2 - Request"><con:settings/><con:config xsi:type="con:RequestStep" xmlns:xsi="http://www.w3.org/2001/XMLSchema-instance"><con:interface>CountryServiceHTTPBinding</con:interface><con:operation>getPlaceCountryHistory</con:operation><con:request name="testcase03 - Test Worker2 - Request" id="faa30937-ef2c-432e-937e-0c1f60052f17" outgoingWss="Outflow TEST"><con:settings/><con:encoding>UTF-8</con:encoding><con:endpoint>https://192.168.24.17:8443/services/CountryService_v1.0</con:endpoint><con:request><![CDATA[<soapenv:Envelope xmlns:soapenv="http://schemas.xmlsoap.org/soap/envelope/" xmlns:v1="http://fidus.brussels/service/countryservice/messages/v1" xmlns:v11="http://fidus.brussels/type/common/messages/v1" xmlns:v12="http://fsb.belgium.be/mappingServices/countryService/messages/v1_00">
   <soapenv:Header/>
   <soapenv:Body>
      <v1:getPlaceCountryHistoryRequest>
         <v1:messageContext>
            <v11:messageId>${=import static java.util.UUID.randomUUID; uuid = randomUUID() as String}</v11:messageId>
            <!--Optional:-->
            <v11:timestamp>${=new java.text.SimpleDateFormat("yyyy-MM-dd'T'HH:mm:ss.SSS").format(new Date())}</v11:timestamp>
         </v1:messageContext>
         <v1:legalContext>ServiceIntegrator</v1:legalContext>
         <v1:request>
            <v12:iso-alpha2>DE</v12:iso-alpha2>
            <!--Optional:-->
            <v12:referenceDate>2000-01-01</v12:referenceDate>
         </v1:request>
      </v1:getPlaceCountryHistoryRequest>
   </soapenv:Body>
</soapenv:Envelope>]]></con:request><con:assertion type="SOAP Fault Assertion" id="e4475603-bf5c-411d-9a6b-270e124532d0" name="Not SOAP Fault"/><con:assertion type="SOAP Response" id="1ba663e6-93e7-4ea9-b2b4-7bb1ad7bec89" name="SOAP Response"/><con:assertion type="Schema Compliance" id="79c9dfd0-02ba-41b2-9c23-9a45e048a8cc" name="Schema Compliance"><con:configuration/></con:assertion><con:wsaConfig action="http://fidus.brussels/services/countryservice/getPlaceCountryHistory"/></con:request></con:config></con:testStep><con:properties/></con:testCase><con:properties/></con:testSuite><con:testSuite id="85478070-12c2-444b-a41b-b1edc67cf840" name="DEV"><con:settings/><con:runType>SEQUENTIAL</con:runType><con:testCase id="8daec89d-24e8-4b95-8c5b-717e36ba61c7" failOnError="true" failTestCaseOnErrors="true" keepSession="false" maxResults="0" name="getAddressCountries" searchProperties="true"><con:settings/><con:testStep type="request" id="d049ec5f-b371-4362-ace8-72c8b5289374" name="testcase02 - Dev - Request"><con:settings/><con:config xsi:type="con:RequestStep" xmlns:xsi="http://www.w3.org/2001/XMLSchema-instance"><con:interface>CountryServiceHTTPBinding</con:interface><con:operation>getAddressCountries</con:operation><con:request name="testcase02 - Dev - Request" id="21292fba-6099-49dd-838c-adcf9d21a265" outgoingWss="Outflow DEV"><con:settings/><con:encoding>UTF-8</con:encoding><con:endpoint>https://192.168.36.61:8243/services/CountryService_v1.0</con:endpoint><con:request><![CDATA[<soapenv:Envelope xmlns:soapenv="http://schemas.xmlsoap.org/soap/envelope/" xmlns:v1="http://fidus.brussels/service/countryservice/messages/v1" xmlns:v11="http://fidus.brussels/type/common/messages/v1">
   <soapenv:Header/>
   <soapenv:Body>
      <v1:getAddressCountriesRequest>
         <v1:messageContext>
            <v11:messageId>${=import static java.util.UUID.randomUUID; uuid = randomUUID() as String}</v11:messageId>
            <!--Optional:-->
            <v11:timestamp>${=new java.text.SimpleDateFormat("yyyy-MM-dd'T'HH:mm:ss.SSS").format(new Date())}</v11:timestamp>
         </v1:messageContext>
         <v1:legalContext>ServiceIntegrator</v1:legalContext>
         <v1:request>
            <!--Optional:-->
            <v1:referenceDate>2016-10-10</v1:referenceDate>
         </v1:request>
      </v1:getAddressCountriesRequest>
   </soapenv:Body>
</soapenv:Envelope>]]></con:request><con:assertion type="SOAP Fault Assertion" id="4e1350ad-3175-402b-9b0a-20673f19326b" name="Not SOAP Fault"/><con:assertion type="SOAP Response" id="d3a8c51e-65e7-44a8-8aeb-c0167be420cb" name="SOAP Response"/><con:assertion type="Schema Compliance" id="b44af8e2-e39c-4907-8731-08e3536f2db6" name="Schema Compliance"><con:configuration/></con:assertion><con:wsaConfig action="http://fidus.brussels/services/countryservice/getAddressCountries"/></con:request></con:config></con:testStep><con:testStep type="request" id="99a58845-4dd0-4df8-b152-8717f8ced80f" name="testcase02 - DevNew - Request"><con:settings/><con:config xsi:type="con:RequestStep" xmlns:xsi="http://www.w3.org/2001/XMLSchema-instance"><con:interface>CountryServiceHTTPBinding</con:interface><con:operation>getAddressCountries</con:operation><con:request name="testcase02 - DevNew - Request" id="0705edc5-1c68-42ea-8d2a-e5209cad61b7" outgoingWss="Outflow DEV"><con:settings/><con:encoding>UTF-8</con:encoding><con:endpoint>https://192.168.36.75:8243/services/CountryService_v1.0</con:endpoint><con:request><![CDATA[<soapenv:Envelope xmlns:soapenv="http://schemas.xmlsoap.org/soap/envelope/" xmlns:v1="http://fidus.brussels/service/countryservice/messages/v1" xmlns:v11="http://fidus.brussels/type/common/messages/v1">
   <soapenv:Header/>
   <soapenv:Body>
      <v1:getAddressCountriesRequest>
         <v1:messageContext>
            <v11:messageId>${=import static java.util.UUID.randomUUID; uuid = randomUUID() as String}</v11:messageId>
            <!--Optional:-->
            <v11:timestamp>${=new java.text.SimpleDateFormat("yyyy-MM-dd'T'HH:mm:ss.SSS").format(new Date())}</v11:timestamp>
         </v1:messageContext>
         <v1:legalContext>ServiceIntegrator</v1:legalContext>
         <v1:request>
            <!--Optional:-->
            <v1:referenceDate>2016-10-10</v1:referenceDate>
         </v1:request>
      </v1:getAddressCountriesRequest>
   </soapenv:Body>
</soapenv:Envelope>]]></con:request><con:assertion type="SOAP Fault Assertion" id="c6330c11-e929-4e6d-8edd-dfdc7df32ac8" name="Not SOAP Fault"/><con:assertion type="SOAP Response" id="11c99bdc-05f8-40c2-ad76-952d8adc20d8" name="SOAP Response"/><con:assertion type="Schema Compliance" id="ff92b89b-0080-477c-9668-c0eff730ffac" name="Schema Compliance"><con:configuration/></con:assertion><con:wsaConfig action="http://fidus.brussels/services/countryservice/getAddressCountries"/></con:request></con:config></con:testStep><con:properties/></con:testCase><con:testCase id="b1b9dd66-c0cd-433b-926b-a66906f1d4aa" failOnError="true" failTestCaseOnErrors="true" keepSession="false" maxResults="0" name="getAddressCountry" searchProperties="true"><con:settings/><con:testStep type="request" id="706b3607-6be6-41a7-848d-4de6301bdb80" name="testcase02 - Dev - Request"><con:settings/><con:config xsi:type="con:RequestStep" xmlns:xsi="http://www.w3.org/2001/XMLSchema-instance"><con:interface>CountryServiceHTTPBinding</con:interface><con:operation>getAddressCountry</con:operation><con:request name="testcase02 - Dev - Request" id="d152d39e-f2a3-4c0d-b96a-21480e2bf831" outgoingWss="Outflow DEV"><con:settings/><con:encoding>UTF-8</con:encoding><con:endpoint>https://192.168.36.61:8243/services/CountryService_v1.0</con:endpoint><con:request><![CDATA[<soapenv:Envelope xmlns:soapenv="http://schemas.xmlsoap.org/soap/envelope/" xmlns:v1="http://fidus.brussels/service/countryservice/messages/v1" xmlns:v11="http://fidus.brussels/type/common/messages/v1" xmlns:v12="http://fsb.belgium.be/mappingServices/countryService/messages/v1_00">
   <soapenv:Header/>
   <soapenv:Body>
      <v1:getAddressCountryRequest>
         <v1:messageContext>
            <v11:messageId>${=import static java.util.UUID.randomUUID; uuid = randomUUID() as String}</v11:messageId>
            <!--Optional:-->
            <v11:timestamp>${=new java.text.SimpleDateFormat("yyyy-MM-dd'T'HH:mm:ss.SSS").format(new Date())}</v11:timestamp>
         </v1:messageContext>
         <v1:legalContext>ServiceIntegrator</v1:legalContext>
         <v1:request>
            <!--You have a CHOICE of the next 4 items at this level-->
            <v12:iso-alpha2>BE</v12:iso-alpha2>
            <!--<v12:iso-alpha3 startDate="?" endDate="?" status="?">?</v12:iso-alpha3>-->
            <!--<v12:iso-num3 startDate="?" endDate="?" status="?">?</v12:iso-num3>-->
            <!--<v12:nis-num3 startDate="?" endDate="?" status="?">?</v12:nis-num3>-->
         </v1:request>
      </v1:getAddressCountryRequest>
   </soapenv:Body>
</soapenv:Envelope>]]></con:request><con:assertion type="SOAP Fault Assertion" id="e7edb403-429f-4800-b7c3-3b0aa37fec9a" name="Not SOAP Fault"/><con:assertion type="SOAP Response" id="5f58e0be-7c23-4bfb-9828-57a29b233da5" name="SOAP Response"/><con:assertion type="Schema Compliance" id="eaa64c07-1dd5-4bc5-bcb4-c9185a7ddd21" name="Schema Compliance"><con:configuration/></con:assertion><con:wsaConfig action="http://fidus.brussels/services/countryservice/getAddressCountry"/></con:request></con:config></con:testStep><con:testStep type="request" id="beb44cd7-ac84-4d2e-85d7-382ef3c7b250" name="testcase02 - DevNew - Request"><con:settings/><con:config xsi:type="con:RequestStep" xmlns:xsi="http://www.w3.org/2001/XMLSchema-instance"><con:interface>CountryServiceHTTPBinding</con:interface><con:operation>getAddressCountry</con:operation><con:request name="testcase02 - DevNew - Request" id="326d7f68-2a4e-4cd9-8c57-967b9360dbc6" outgoingWss="Outflow DEV"><con:settings/><con:encoding>UTF-8</con:encoding><con:endpoint>https://192.168.36.75:8243/services/CountryService_v1.0</con:endpoint><con:request><![CDATA[<soapenv:Envelope xmlns:soapenv="http://schemas.xmlsoap.org/soap/envelope/" xmlns:v1="http://fidus.brussels/service/countryservice/messages/v1" xmlns:v11="http://fidus.brussels/type/common/messages/v1" xmlns:v12="http://fsb.belgium.be/mappingServices/countryService/messages/v1_00">
   <soapenv:Header/>
   <soapenv:Body>
      <v1:getAddressCountryRequest>
         <v1:messageContext>
            <v11:messageId>${=import static java.util.UUID.randomUUID; uuid = randomUUID() as String}</v11:messageId>
            <!--Optional:-->
            <v11:timestamp>${=new java.text.SimpleDateFormat("yyyy-MM-dd'T'HH:mm:ss.SSS").format(new Date())}</v11:timestamp>
         </v1:messageContext>
         <v1:legalContext>ServiceIntegrator</v1:legalContext>
         <v1:request>
            <!--You have a CHOICE of the next 4 items at this level-->
            <v12:iso-alpha2>BE</v12:iso-alpha2>
            <!--<v12:iso-alpha3 startDate="?" endDate="?" status="?">?</v12:iso-alpha3>-->
            <!--<v12:iso-num3 startDate="?" endDate="?" status="?">?</v12:iso-num3>-->
            <!--<v12:nis-num3 startDate="?" endDate="?" status="?">?</v12:nis-num3>-->
         </v1:request>
      </v1:getAddressCountryRequest>
   </soapenv:Body>
</soapenv:Envelope>]]></con:request><con:assertion type="SOAP Fault Assertion" id="65f5dcf2-5f5a-40c4-aa2e-a61d71a7bb38" name="Not SOAP Fault"/><con:assertion type="SOAP Response" id="e1f510ab-5898-4490-a99b-23e1618f8742" name="SOAP Response"/><con:assertion type="Schema Compliance" id="9ce38c62-1970-4d3e-9b67-f12102b3d0d2" name="Schema Compliance"><con:configuration/></con:assertion><con:wsaConfig action="http://fidus.brussels/services/countryservice/getAddressCountry"/></con:request></con:config></con:testStep><con:properties/></con:testCase><con:testCase id="68dc963c-00c9-47d0-92eb-33db2c54191b" failOnError="true" failTestCaseOnErrors="true" keepSession="false" maxResults="0" name="getAddressCountryHistory" searchProperties="true"><con:settings/><con:testStep type="request" id="4e6a5f65-8ab5-4c06-8f73-fa4617c253a8" name="testcase02 - Dev - Request"><con:settings/><con:config xsi:type="con:RequestStep" xmlns:xsi="http://www.w3.org/2001/XMLSchema-instance"><con:interface>CountryServiceHTTPBinding</con:interface><con:operation>getAddressCountryHistory</con:operation><con:request name="testcase02 - Dev - Request" id="2839b89f-939f-4456-96e6-d838b2a57001" outgoingWss="Outflow DEV"><con:settings/><con:encoding>UTF-8</con:encoding><con:endpoint>https://192.168.36.61:8243/services/CountryService_v1.0</con:endpoint><con:request><![CDATA[<soapenv:Envelope xmlns:soapenv="http://schemas.xmlsoap.org/soap/envelope/" xmlns:v1="http://fidus.brussels/service/countryservice/messages/v1" xmlns:v11="http://fidus.brussels/type/common/messages/v1" xmlns:v12="http://fsb.belgium.be/mappingServices/countryService/messages/v1_00">
   <soapenv:Header/>
   <soapenv:Body>
      <v1:getAddressCountryHistoryRequest>
         <v1:messageContext>
            <v11:messageId>${=import static java.util.UUID.randomUUID; uuid = randomUUID() as String}</v11:messageId>
            <v11:timestamp>${=new java.text.SimpleDateFormat("yyyy-MM-dd'T'HH:mm:ss.SSS").format(new Date())}</v11:timestamp>
         </v1:messageContext>
         <v1:legalContext>ServiceIntegrator</v1:legalContext>
         <v1:request>
            <v12:iso-alpha2>BE</v12:iso-alpha2>
            <!--<v12:referenceDate>2016-10-10</v12:referenceDate>-->
         </v1:request>
      </v1:getAddressCountryHistoryRequest>
   </soapenv:Body>
</soapenv:Envelope>]]></con:request><con:assertion type="SOAP Fault Assertion" id="b9c571ab-9389-4654-a44d-2967dcfbc43a" name="Not SOAP Fault"/><con:assertion type="SOAP Response" id="667f8dbe-22fb-49f4-8dcf-4f0dbe72c4c6" name="SOAP Response"/><con:assertion type="Schema Compliance" id="3ea89e0d-1631-40a1-a789-c5e9c84a2339" name="Schema Compliance"><con:configuration/></con:assertion><con:wsaConfig action="http://fidus.brussels/services/countryservice/getAddressCountryHistory"/></con:request></con:config></con:testStep><con:testStep type="request" id="6bbd5cc2-78f1-4e11-8a3a-67b044fde173" name="testcase02 - DevNew - Request"><con:settings/><con:config xsi:type="con:RequestStep" xmlns:xsi="http://www.w3.org/2001/XMLSchema-instance"><con:interface>CountryServiceHTTPBinding</con:interface><con:operation>getAddressCountryHistory</con:operation><con:request name="testcase02 - DevNew - Request" id="595af227-9cb4-4393-a250-09e0d9937e0d" outgoingWss="Outflow DEV"><con:settings/><con:encoding>UTF-8</con:encoding><con:endpoint>https://192.168.36.75:8243/services/CountryService_v1.0</con:endpoint><con:request><![CDATA[<soapenv:Envelope xmlns:soapenv="http://schemas.xmlsoap.org/soap/envelope/" xmlns:v1="http://fidus.brussels/service/countryservice/messages/v1" xmlns:v11="http://fidus.brussels/type/common/messages/v1" xmlns:v12="http://fsb.belgium.be/mappingServices/countryService/messages/v1_00">
   <soapenv:Header/>
   <soapenv:Body>
      <v1:getAddressCountryHistoryRequest>
         <v1:messageContext>
            <v11:messageId>${=import static java.util.UUID.randomUUID; uuid = randomUUID() as String}</v11:messageId>
            <v11:timestamp>${=new java.text.SimpleDateFormat("yyyy-MM-dd'T'HH:mm:ss.SSS").format(new Date())}</v11:timestamp>
         </v1:messageContext>
         <v1:legalContext>ServiceIntegrator</v1:legalContext>
         <v1:request>
            <v12:iso-alpha2>BE</v12:iso-alpha2>
            <!--<v12:referenceDate>2016-10-10</v12:referenceDate>-->
         </v1:request>
      </v1:getAddressCountryHistoryRequest>
   </soapenv:Body>
</soapenv:Envelope>]]></con:request><con:assertion type="SOAP Fault Assertion" id="b7277831-11f4-4086-be16-c7f8a0dce832" name="Not SOAP Fault"/><con:assertion type="SOAP Response" id="157db3c7-3ff7-4453-9f43-333908fa0ea5" name="SOAP Response"/><con:assertion type="Schema Compliance" id="fb80a694-1332-472b-b247-0c72b0bcfd3b" name="Schema Compliance"><con:configuration/></con:assertion><con:wsaConfig action="http://fidus.brussels/services/countryservice/getAddressCountryHistory"/></con:request></con:config></con:testStep><con:properties/></con:testCase><con:testCase id="636dddb1-1458-4d44-8a15-5f33ed4b1a21" failOnError="true" failTestCaseOnErrors="true" keepSession="false" maxResults="0" name="getAllIsoCodes" searchProperties="true"><con:settings/><con:testStep type="request" id="b80807b6-7118-4d43-9611-c1287dc03557" name="testcase02 - Dev - Request"><con:settings/><con:config xsi:type="con:RequestStep" xmlns:xsi="http://www.w3.org/2001/XMLSchema-instance"><con:interface>CountryServiceHTTPBinding</con:interface><con:operation>getAllIsoCodes</con:operation><con:request name="testcase02 - Dev - Request" id="84aeed20-4aec-4340-97be-c4ced9db37d6" outgoingWss="Outflow DEV"><con:settings/><con:encoding>UTF-8</con:encoding><con:endpoint>https://192.168.36.61:8243/services/CountryService_v1.0</con:endpoint><con:request><![CDATA[<soapenv:Envelope xmlns:soapenv="http://schemas.xmlsoap.org/soap/envelope/" xmlns:v1="http://fidus.brussels/service/countryservice/messages/v1" xmlns:v11="http://fidus.brussels/type/common/messages/v1">
   <soapenv:Header/>
   <soapenv:Body>
      <v1:getAllIsoCodesRequest>
         <v1:messageContext>
            <v11:messageId>${=import static java.util.UUID.randomUUID; uuid = randomUUID() as String}</v11:messageId>
            <!--Optional:-->
            <v11:timestamp>${=new java.text.SimpleDateFormat("yyyy-MM-dd'T'HH:mm:ss.SSS").format(new Date())}</v11:timestamp>
         </v1:messageContext>
         <v1:legalContext>ServiceIntegrator</v1:legalContext>
         <v1:request>
            <!--Optional:-->
            <v1:referenceDate>2016-10-06</v1:referenceDate>
         </v1:request>
      </v1:getAllIsoCodesRequest>
   </soapenv:Body>
</soapenv:Envelope>]]></con:request><con:assertion type="SOAP Fault Assertion" id="132f1a52-83a9-4ed5-a1e2-ce4ecf08b756" name="Not SOAP Fault"/><con:assertion type="SOAP Response" id="f826f63d-5978-452b-b8ca-ef04771cd93a" name="SOAP Response"/><con:assertion type="Schema Compliance" id="64804371-d20c-4bce-952e-4469c58a2ae1" name="Schema Compliance"><con:configuration/></con:assertion><con:wsaConfig action="http://fidus.brussels/services/countryservice/getAllIsoCodes"/></con:request></con:config></con:testStep><con:testStep type="request" id="e1561b08-1d7c-45b6-8a9e-b6d0adc24d90" name="testcase02 - DevNew - Request"><con:settings/><con:config xsi:type="con:RequestStep" xmlns:xsi="http://www.w3.org/2001/XMLSchema-instance"><con:interface>CountryServiceHTTPBinding</con:interface><con:operation>getAllIsoCodes</con:operation><con:request name="testcase02 - DevNew - Request" id="eed6a9b8-e901-412b-b18b-470bf9a99828" outgoingWss="Outflow DEV"><con:settings/><con:encoding>UTF-8</con:encoding><con:endpoint>https://192.168.36.75:8243/services/CountryService_v1.0</con:endpoint><con:request><![CDATA[<soapenv:Envelope xmlns:soapenv="http://schemas.xmlsoap.org/soap/envelope/" xmlns:v1="http://fidus.brussels/service/countryservice/messages/v1" xmlns:v11="http://fidus.brussels/type/common/messages/v1">
   <soapenv:Header/>
   <soapenv:Body>
      <v1:getAllIsoCodesRequest>
         <v1:messageContext>
            <v11:messageId>${=import static java.util.UUID.randomUUID; uuid = randomUUID() as String}</v11:messageId>
            <!--Optional:-->
            <v11:timestamp>${=new java.text.SimpleDateFormat("yyyy-MM-dd'T'HH:mm:ss.SSS").format(new Date())}</v11:timestamp>
         </v1:messageContext>
         <v1:legalContext>ServiceIntegrator</v1:legalContext>
         <v1:request>
            <!--Optional:-->
            <v1:referenceDate>2016-10-06</v1:referenceDate>
         </v1:request>
      </v1:getAllIsoCodesRequest>
   </soapenv:Body>
</soapenv:Envelope>]]></con:request><con:assertion type="SOAP Fault Assertion" id="e7e1fce6-6b0e-43e1-8b7f-bc423fa14afd" name="Not SOAP Fault"/><con:assertion type="SOAP Response" id="1504eea7-81d3-4044-aca8-345ca2a46241" name="SOAP Response"/><con:assertion type="Schema Compliance" id="e7c08a5a-8fa4-49a8-b756-6948c9be5f3d" name="Schema Compliance"><con:configuration/></con:assertion><con:wsaConfig action="http://fidus.brussels/services/countryservice/getAllIsoCodes"/></con:request></con:config></con:testStep><con:properties/></con:testCase><con:testCase id="3d67d2a7-d2ab-4ab5-88e1-a6a63699dbdd" failOnError="true" failTestCaseOnErrors="true" keepSession="false" maxResults="0" name="getAllNisCodes" searchProperties="true"><con:settings/><con:testStep type="request" id="390f7e44-5e6a-40f9-ba94-10c1a8886446" name="testcase02 - Dev - Request"><con:settings/><con:config xsi:type="con:RequestStep" xmlns:xsi="http://www.w3.org/2001/XMLSchema-instance"><con:interface>CountryServiceHTTPBinding</con:interface><con:operation>getAllNisCodes</con:operation><con:request name="testcase02 - Dev - Request" id="8a2b9be7-fd13-4274-ba9c-04a01e2dbd35" outgoingWss="Outflow DEV"><con:settings/><con:encoding>UTF-8</con:encoding><con:endpoint>https://192.168.36.61:8243/services/CountryService_v1.0</con:endpoint><con:request><![CDATA[<soapenv:Envelope xmlns:soapenv="http://schemas.xmlsoap.org/soap/envelope/" xmlns:v1="http://fidus.brussels/service/countryservice/messages/v1" xmlns:v11="http://fidus.brussels/type/common/messages/v1">
   <soapenv:Header/>
   <soapenv:Body>
      <v1:getAllNisCodesRequest>
         <v1:messageContext>
            <v11:messageId>${=import static java.util.UUID.randomUUID; uuid = randomUUID() as String}</v11:messageId>            
            <v11:timestamp>${=new java.text.SimpleDateFormat("yyyy-MM-dd'T'HH:mm:ss.SSS").format(new Date())}</v11:timestamp>
         </v1:messageContext>
         <v1:legalContext>ServiceIntegrator</v1:legalContext>
         <v1:request>
            <!--Optional:-->
            <v1:referenceDate>2016-10-13</v1:referenceDate>
         </v1:request>
      </v1:getAllNisCodesRequest>
   </soapenv:Body>
</soapenv:Envelope>]]></con:request><con:assertion type="SOAP Fault Assertion" id="53e67fb8-f6ec-4144-a307-19a5a37bc643" name="Not SOAP Fault"/><con:assertion type="SOAP Response" id="7c69590f-a258-4d3f-a16c-2cb95e2f9e77" name="SOAP Response"/><con:assertion type="Schema Compliance" id="857277ff-dbd7-420a-900f-493a90938507" name="Schema Compliance"><con:configuration/></con:assertion><con:wsaConfig action="http://fidus.brussels/services/countryservice/getAllNisCodes"/></con:request></con:config></con:testStep><con:testStep type="request" id="95037553-0aa4-4e1c-90ca-f9b9b3fd60b6" name="testcase02 - DevNew - Request"><con:settings/><con:config xsi:type="con:RequestStep" xmlns:xsi="http://www.w3.org/2001/XMLSchema-instance"><con:interface>CountryServiceHTTPBinding</con:interface><con:operation>getAllNisCodes</con:operation><con:request name="testcase02 - DevNew - Request" id="d42748a7-eab3-4816-a0f2-cc17ea609b93" outgoingWss="Outflow DEV"><con:settings/><con:encoding>UTF-8</con:encoding><con:endpoint>https://192.168.36.75:8243/services/CountryService_v1.0</con:endpoint><con:request><![CDATA[<soapenv:Envelope xmlns:soapenv="http://schemas.xmlsoap.org/soap/envelope/" xmlns:v1="http://fidus.brussels/service/countryservice/messages/v1" xmlns:v11="http://fidus.brussels/type/common/messages/v1">
   <soapenv:Header/>
   <soapenv:Body>
      <v1:getAllNisCodesRequest>
         <v1:messageContext>
            <v11:messageId>${=import static java.util.UUID.randomUUID; uuid = randomUUID() as String}</v11:messageId>            
            <v11:timestamp>${=new java.text.SimpleDateFormat("yyyy-MM-dd'T'HH:mm:ss.SSS").format(new Date())}</v11:timestamp>
         </v1:messageContext>
         <v1:legalContext>ServiceIntegrator</v1:legalContext>
         <v1:request>
            <!--Optional:-->
            <v1:referenceDate>2016-10-13</v1:referenceDate>
         </v1:request>
      </v1:getAllNisCodesRequest>
   </soapenv:Body>
</soapenv:Envelope>]]></con:request><con:assertion type="SOAP Fault Assertion" id="843adff0-085b-410b-888f-4ad544cb69f9" name="Not SOAP Fault"/><con:assertion type="SOAP Response" id="b31379d5-97f7-4d9e-9d64-8abad2e14d1d" name="SOAP Response"/><con:assertion type="Schema Compliance" id="c235a6e5-e045-494f-8685-fa9342da98c4" name="Schema Compliance"><con:configuration/></con:assertion><con:wsaConfig action="http://fidus.brussels/services/countryservice/getAllNisCodes"/></con:request></con:config></con:testStep><con:properties/></con:testCase><con:testCase id="8219c7c4-2c9a-4f73-a239-a44fd939d6fc" failOnError="true" failTestCaseOnErrors="true" keepSession="false" maxResults="0" name="getNationalities" searchProperties="true"><con:settings/><con:testStep type="request" id="4534b53b-a9fe-4fa9-aceb-5cc9e3e08a99" name="testcase02 - Dev - Request"><con:settings/><con:config xsi:type="con:RequestStep" xmlns:xsi="http://www.w3.org/2001/XMLSchema-instance"><con:interface>CountryServiceHTTPBinding</con:interface><con:operation>getNationalities</con:operation><con:request name="testcase02 - Dev - Request" id="0218e670-f4b1-4775-9543-02aa5e122484" outgoingWss="Outflow DEV"><con:settings/><con:encoding>UTF-8</con:encoding><con:endpoint>https://192.168.36.61:8243/services/CountryService_v1.0</con:endpoint><con:request><![CDATA[<soapenv:Envelope xmlns:soapenv="http://schemas.xmlsoap.org/soap/envelope/" xmlns:v1="http://fidus.brussels/service/countryservice/messages/v1" xmlns:v11="http://fidus.brussels/type/common/messages/v1">
   <soapenv:Header/>
   <soapenv:Body>
      <v1:getNationalitiesRequest>
         <v1:messageContext>
            <v11:messageId>${=import static java.util.UUID.randomUUID; uuid = randomUUID() as String}</v11:messageId>
            <!--Optional:-->
            <v11:timestamp>${=new java.text.SimpleDateFormat("yyyy-MM-dd'T'HH:mm:ss.SSS").format(new Date())}</v11:timestamp>
         </v1:messageContext>
         <v1:legalContext>ServiceIntegrator</v1:legalContext>
         <v1:request>
            <!--Optional:-->
            <v1:referenceDate>2016-10-13</v1:referenceDate>
         </v1:request>
      </v1:getNationalitiesRequest>
   </soapenv:Body>
</soapenv:Envelope>]]></con:request><con:assertion type="SOAP Fault Assertion" id="d7c7045e-2878-401a-893f-b71ed131f422" name="Not SOAP Fault"/><con:assertion type="SOAP Response" id="48b3ce36-5744-4acf-9806-9461d82ee792" name="SOAP Response"/><con:assertion type="Schema Compliance" id="e118c46b-ad8c-4d27-9de4-64bfa291b623" name="Schema Compliance"><con:configuration/></con:assertion><con:wsaConfig action="http://fidus.brussels/services/countryservice/getNationalities"/></con:request></con:config></con:testStep><con:testStep type="request" id="90f61dd2-c35c-4dd9-b185-06471c2401da" name="testcase02 - DevNew - Request"><con:settings/><con:config xsi:type="con:RequestStep" xmlns:xsi="http://www.w3.org/2001/XMLSchema-instance"><con:interface>CountryServiceHTTPBinding</con:interface><con:operation>getNationalities</con:operation><con:request name="testcase02 - DevNew - Request" id="ea9160de-ca14-4e1e-8057-04b4a7f658ef" outgoingWss="Outflow DEV"><con:settings/><con:encoding>UTF-8</con:encoding><con:endpoint>https://192.168.36.75:8243/services/CountryService_v1.0</con:endpoint><con:request><![CDATA[<soapenv:Envelope xmlns:soapenv="http://schemas.xmlsoap.org/soap/envelope/" xmlns:v1="http://fidus.brussels/service/countryservice/messages/v1" xmlns:v11="http://fidus.brussels/type/common/messages/v1">
   <soapenv:Header/>
   <soapenv:Body>
      <v1:getNationalitiesRequest>
         <v1:messageContext>
            <v11:messageId>${=import static java.util.UUID.randomUUID; uuid = randomUUID() as String}</v11:messageId>
            <!--Optional:-->
            <v11:timestamp>${=new java.text.SimpleDateFormat("yyyy-MM-dd'T'HH:mm:ss.SSS").format(new Date())}</v11:timestamp>
         </v1:messageContext>
         <v1:legalContext>ServiceIntegrator</v1:legalContext>
         <v1:request>
            <!--Optional:-->
            <v1:referenceDate>2016-10-13</v1:referenceDate>
         </v1:request>
      </v1:getNationalitiesRequest>
   </soapenv:Body>
</soapenv:Envelope>]]></con:request><con:assertion type="SOAP Fault Assertion" id="53f1bbfa-c3cb-4ae4-bbc5-e87d72574791" name="Not SOAP Fault"/><con:assertion type="SOAP Response" id="aa77bd38-e740-4e40-b108-c1bad066d7e4" name="SOAP Response"/><con:assertion type="Schema Compliance" id="337b471d-7c5f-401d-b85f-039aa3b805c6" name="Schema Compliance"><con:configuration/></con:assertion><con:wsaConfig action="http://fidus.brussels/services/countryservice/getNationalities"/></con:request></con:config></con:testStep><con:properties/></con:testCase><con:testCase id="190d599c-1044-406b-961f-f46a1a1b3560" failOnError="true" failTestCaseOnErrors="true" keepSession="false" maxResults="0" name="getNationality" searchProperties="true"><con:settings/><con:testStep type="request" id="351f331e-a3bf-4ece-947c-c887dbaeeea5" name="testcase02 - Dev - Request-iso_alpha3_FRA"><con:settings/><con:config xsi:type="con:RequestStep" xmlns:xsi="http://www.w3.org/2001/XMLSchema-instance"><con:interface>CountryServiceHTTPBinding</con:interface><con:operation>getNationality</con:operation><con:request name="testcase02 - Dev - Request-iso_alpha3_FRA" id="fa08ae2d-7464-4d12-b26f-208a1a208bd9" outgoingWss="Outflow DEV"><con:settings/><con:encoding>UTF-8</con:encoding><con:endpoint>https://192.168.36.61:8243/services/CountryService_v1.0</con:endpoint><con:request><![CDATA[<soapenv:Envelope xmlns:soapenv="http://schemas.xmlsoap.org/soap/envelope/" xmlns:v1="http://fidus.brussels/service/countryservice/messages/v1" xmlns:v11="http://fidus.brussels/type/common/messages/v1" xmlns:v12="http://fsb.belgium.be/mappingServices/countryService/messages/v1_00">
   <soapenv:Header/>
   <soapenv:Body>
      <v1:getNationalityRequest>
         <v1:messageContext>
            <v11:messageId>${=import static java.util.UUID.randomUUID; uuid = randomUUID() as String}</v11:messageId>
            <!--Optional:-->
            <v11:timestamp>${=new java.text.SimpleDateFormat("yyyy-MM-dd'T'HH:mm:ss.SSS").format(new Date())}</v11:timestamp>
         </v1:messageContext>
         <v1:legalContext>ServiceIntegrator</v1:legalContext>
         <v1:request>
            <!--You have a CHOICE of the next 4 items at this level-->
            <!--
            <v12:iso-alpha2 startDate="?" endDate="?" status="?">?</v12:iso-alpha2>
            <v12:iso-alpha3 startDate="?" endDate="?" status="?">?</v12:iso-alpha3>
            <v12:iso-num3 startDate="?" endDate="?" status="?">?</v12:iso-num3>
            <v12:nis-num3 startDate="?" endDate="?" status="?">?</v12:nis-num3> 
            -->             
             <v12:iso-alpha3>FRA</v12:iso-alpha3>           
         </v1:request>
      </v1:getNationalityRequest>
   </soapenv:Body>
</soapenv:Envelope>]]></con:request><con:assertion type="SOAP Fault Assertion" id="a649ead5-126a-4447-8221-253f4148384c" name="Not SOAP Fault"/><con:assertion type="SOAP Response" id="ee866d92-9d6c-4573-8320-57008a657cc5" name="SOAP Response"/><con:assertion type="Schema Compliance" id="e8cf5b23-5e00-4479-a911-9f989b8ee684" name="Schema Compliance"><con:configuration/></con:assertion><con:wsaConfig action="http://fidus.brussels/services/countryservice/getNationality"/></con:request></con:config></con:testStep><con:testStep type="request" id="bfc7d8d0-a7e5-4734-8fc0-4945ef4bb1f4" name="testcase02 - DevNew - Request-iso_alpha3_FRA"><con:settings/><con:config xsi:type="con:RequestStep" xmlns:xsi="http://www.w3.org/2001/XMLSchema-instance"><con:interface>CountryServiceHTTPBinding</con:interface><con:operation>getNationality</con:operation><con:request name="testcase02 - DevNew - Request-iso_alpha3_FRA" id="286e8b3a-a072-427a-986d-41b943233820" outgoingWss="Outflow DEV"><con:settings/><con:encoding>UTF-8</con:encoding><con:endpoint>https://192.168.36.75:8243/services/CountryService_v1.0</con:endpoint><con:request><![CDATA[<soapenv:Envelope xmlns:soapenv="http://schemas.xmlsoap.org/soap/envelope/" xmlns:v1="http://fidus.brussels/service/countryservice/messages/v1" xmlns:v11="http://fidus.brussels/type/common/messages/v1" xmlns:v12="http://fsb.belgium.be/mappingServices/countryService/messages/v1_00">
   <soapenv:Header/>
   <soapenv:Body>
      <v1:getNationalityRequest>
         <v1:messageContext>
            <v11:messageId>${=import static java.util.UUID.randomUUID; uuid = randomUUID() as String}</v11:messageId>
            <!--Optional:-->
            <v11:timestamp>${=new java.text.SimpleDateFormat("yyyy-MM-dd'T'HH:mm:ss.SSS").format(new Date())}</v11:timestamp>
         </v1:messageContext>
         <v1:legalContext>ServiceIntegrator</v1:legalContext>
         <v1:request>
            <!--You have a CHOICE of the next 4 items at this level-->
            <!--
            <v12:iso-alpha2 startDate="?" endDate="?" status="?">?</v12:iso-alpha2>
            <v12:iso-alpha3 startDate="?" endDate="?" status="?">?</v12:iso-alpha3>
            <v12:iso-num3 startDate="?" endDate="?" status="?">?</v12:iso-num3>
            <v12:nis-num3 startDate="?" endDate="?" status="?">?</v12:nis-num3> 
            -->             
             <v12:iso-alpha3>FRA</v12:iso-alpha3>           
         </v1:request>
      </v1:getNationalityRequest>
   </soapenv:Body>
</soapenv:Envelope>]]></con:request><con:assertion type="SOAP Fault Assertion" id="b13c6fac-fe60-4d6a-9243-cde1fae6dee7" name="Not SOAP Fault"/><con:assertion type="SOAP Response" id="a2652799-659b-4953-870b-50ef5d1e5d2e" name="SOAP Response"/><con:assertion type="Schema Compliance" id="ccaa02f6-6292-4f9c-8e0e-0dfa0186e34d" name="Schema Compliance"><con:configuration/></con:assertion><con:wsaConfig action="http://fidus.brussels/services/countryservice/getNationality"/></con:request></con:config></con:testStep><con:properties/></con:testCase><con:testCase id="fd6a9c19-b397-42d0-9f0b-8e1a0737677d" failOnError="true" failTestCaseOnErrors="true" keepSession="false" maxResults="0" name="getNationalityHistory" searchProperties="true"><con:settings/><con:testStep type="request" id="df51be41-7181-444f-9e3f-d84cb8b780a6" name="testcase02 - Dev - Request"><con:settings/><con:config xsi:type="con:RequestStep" xmlns:xsi="http://www.w3.org/2001/XMLSchema-instance"><con:interface>CountryServiceHTTPBinding</con:interface><con:operation>getNationalityHistory</con:operation><con:request name="testcase02 - Dev - Request" id="b82abd0e-34cd-4225-b4a2-ed89b3bb9d44" outgoingWss="Outflow DEV"><con:settings/><con:encoding>UTF-8</con:encoding><con:endpoint>https://192.168.36.61:8243/services/CountryService_v1.0</con:endpoint><con:request><![CDATA[<soapenv:Envelope xmlns:soapenv="http://schemas.xmlsoap.org/soap/envelope/" xmlns:v1="http://fidus.brussels/service/countryservice/messages/v1" xmlns:v11="http://fidus.brussels/type/common/messages/v1" xmlns:v12="http://fsb.belgium.be/mappingServices/countryService/messages/v1_00">
   <soapenv:Header/>
   <soapenv:Body>
      <v1:getNationalityHistoryRequest>
         <v1:messageContext>
            <v11:messageId>${=import static java.util.UUID.randomUUID; uuid = randomUUID() as String}</v11:messageId>
            <!--Optional:-->
            <v11:timestamp>${=new java.text.SimpleDateFormat("yyyy-MM-dd'T'HH:mm:ss.SSS").format(new Date())}</v11:timestamp>
         </v1:messageContext>
         <v1:legalContext>ServiceIntegrator</v1:legalContext>
         <v1:request>
            <v12:iso-alpha3>FRA</v12:iso-alpha3>                      
         </v1:request>
      </v1:getNationalityHistoryRequest>
   </soapenv:Body>
</soapenv:Envelope>]]></con:request><con:assertion type="SOAP Fault Assertion" id="a21a7922-c989-4baa-ac52-21fe79445887" name="Not SOAP Fault"/><con:assertion type="SOAP Response" id="171e1ac7-0910-4c9a-a0ea-e95328bcc62a" name="SOAP Response"/><con:assertion type="Schema Compliance" id="94a89cf9-1a8e-46ba-8748-679dabef1b04" name="Schema Compliance"><con:configuration/></con:assertion><con:wsaConfig action="http://fidus.brussels/services/countryservice/getNationalityHistory"/></con:request></con:config></con:testStep><con:testStep type="request" id="5cb83d34-2c04-4f2b-b4f4-68b16dabcf0b" name="testcase02 - DevNew - Request"><con:settings/><con:config xsi:type="con:RequestStep" xmlns:xsi="http://www.w3.org/2001/XMLSchema-instance"><con:interface>CountryServiceHTTPBinding</con:interface><con:operation>getNationalityHistory</con:operation><con:request name="testcase02 - DevNew - Request" id="db183b2a-a9c7-43d7-8417-b30f59f3414d" outgoingWss="Outflow DEV"><con:settings/><con:encoding>UTF-8</con:encoding><con:endpoint>https://192.168.36.75:8243/services/CountryService_v1.0</con:endpoint><con:request><![CDATA[<soapenv:Envelope xmlns:soapenv="http://schemas.xmlsoap.org/soap/envelope/" xmlns:v1="http://fidus.brussels/service/countryservice/messages/v1" xmlns:v11="http://fidus.brussels/type/common/messages/v1" xmlns:v12="http://fsb.belgium.be/mappingServices/countryService/messages/v1_00">
   <soapenv:Header/>
   <soapenv:Body>
      <v1:getNationalityHistoryRequest>
         <v1:messageContext>
            <v11:messageId>${=import static java.util.UUID.randomUUID; uuid = randomUUID() as String}</v11:messageId>
            <!--Optional:-->
            <v11:timestamp>${=new java.text.SimpleDateFormat("yyyy-MM-dd'T'HH:mm:ss.SSS").format(new Date())}</v11:timestamp>
         </v1:messageContext>
         <v1:legalContext>ServiceIntegrator</v1:legalContext>
         <v1:request>
            <v12:iso-alpha3>FRA</v12:iso-alpha3>                      
         </v1:request>
      </v1:getNationalityHistoryRequest>
   </soapenv:Body>
</soapenv:Envelope>]]></con:request><con:assertion type="SOAP Fault Assertion" id="59410599-5c21-44bc-873e-9caf017b63d2" name="Not SOAP Fault"/><con:assertion type="SOAP Response" id="ab931bd1-a5d1-482a-bd36-51b025f75ac2" name="SOAP Response"/><con:assertion type="Schema Compliance" id="dddb7fd3-8af3-4f24-a1b6-c8b1ca0f71ea" name="Schema Compliance"><con:configuration/></con:assertion><con:wsaConfig action="http://fidus.brussels/services/countryservice/getNationalityHistory"/></con:request></con:config></con:testStep><con:properties/></con:testCase><con:testCase id="30e542da-0fa4-4fbc-b272-3886ecf36beb" failOnError="true" failTestCaseOnErrors="true" keepSession="false" maxResults="0" name="getPlaceCountries" searchProperties="true"><con:settings/><con:testStep type="request" id="909a4aae-ede8-4d1f-aa59-4b5caeb889ba" name="testcase02 - Dev - Request"><con:settings/><con:config xsi:type="con:RequestStep" xmlns:xsi="http://www.w3.org/2001/XMLSchema-instance"><con:interface>CountryServiceHTTPBinding</con:interface><con:operation>getPlaceCountries</con:operation><con:request name="testcase02 - Dev - Request" id="db7fe6a0-fa11-4e2b-84ee-62b837778e59" outgoingWss="Outflow DEV"><con:settings/><con:encoding>UTF-8</con:encoding><con:endpoint>https://192.168.36.61:8243/services/CountryService_v1.0</con:endpoint><con:request><![CDATA[<soapenv:Envelope xmlns:soapenv="http://schemas.xmlsoap.org/soap/envelope/" xmlns:v1="http://fidus.brussels/service/countryservice/messages/v1" xmlns:v11="http://fidus.brussels/type/common/messages/v1">
   <soapenv:Header/>
   <soapenv:Body>
      <v1:getPlaceCountriesRequest>
         <v1:messageContext>
            <v11:messageId>${=import static java.util.UUID.randomUUID; uuid = randomUUID() as String}</v11:messageId>
            <!--Optional:-->
            <v11:timestamp>${=new java.text.SimpleDateFormat("yyyy-MM-dd'T'HH:mm:ss.SSS").format(new Date())}</v11:timestamp>
         </v1:messageContext>
         <v1:legalContext>ServiceIntegrator</v1:legalContext>
         <v1:request>
            <!--Optional:-->
            <v1:referenceDate>2016-10-14</v1:referenceDate>
         </v1:request>
      </v1:getPlaceCountriesRequest>
   </soapenv:Body>
</soapenv:Envelope>]]></con:request><con:assertion type="SOAP Fault Assertion" id="4ddd416f-7057-4c9c-b0d2-268e32f54664" name="Not SOAP Fault"/><con:assertion type="SOAP Response" id="874457a4-8b5b-4f5b-8903-e4fc37a548b0" name="SOAP Response"/><con:assertion type="Schema Compliance" id="ac6d5d83-0fc6-46b6-93dd-e795beea1ecb" name="Schema Compliance"><con:configuration/></con:assertion><con:wsaConfig action="http://fidus.brussels/services/countryservice/getPlaceCountries"/></con:request></con:config></con:testStep><con:testStep type="request" id="28cc1164-f62b-4aee-b0b0-97f59d6ade59" name="testcase02 - DevNew - Request"><con:settings/><con:config xsi:type="con:RequestStep" xmlns:xsi="http://www.w3.org/2001/XMLSchema-instance"><con:interface>CountryServiceHTTPBinding</con:interface><con:operation>getPlaceCountries</con:operation><con:request name="testcase02 - DevNew - Request" id="bd3cfa6b-2492-4f82-b300-f305fe73dd36" outgoingWss="Outflow DEV"><con:settings/><con:encoding>UTF-8</con:encoding><con:endpoint>https://192.168.36.75:8243/services/CountryService_v1.0</con:endpoint><con:request><![CDATA[<soapenv:Envelope xmlns:soapenv="http://schemas.xmlsoap.org/soap/envelope/" xmlns:v1="http://fidus.brussels/service/countryservice/messages/v1" xmlns:v11="http://fidus.brussels/type/common/messages/v1">
   <soapenv:Header/>
   <soapenv:Body>
      <v1:getPlaceCountriesRequest>
         <v1:messageContext>
            <v11:messageId>${=import static java.util.UUID.randomUUID; uuid = randomUUID() as String}</v11:messageId>
            <!--Optional:-->
            <v11:timestamp>${=new java.text.SimpleDateFormat("yyyy-MM-dd'T'HH:mm:ss.SSS").format(new Date())}</v11:timestamp>
         </v1:messageContext>
         <v1:legalContext>ServiceIntegrator</v1:legalContext>
         <v1:request>
            <!--Optional:-->
            <v1:referenceDate>2016-10-14</v1:referenceDate>
         </v1:request>
      </v1:getPlaceCountriesRequest>
   </soapenv:Body>
</soapenv:Envelope>]]></con:request><con:assertion type="SOAP Fault Assertion" id="12334482-00a3-45cb-9354-0c7407c69cfd" name="Not SOAP Fault"/><con:assertion type="SOAP Response" id="f59b5f70-20a2-4dd9-9fa1-1deaab37bddb" name="SOAP Response"/><con:assertion type="Schema Compliance" id="d2c4a2ef-db64-47ea-9418-8b2895299070" name="Schema Compliance"><con:configuration/></con:assertion><con:wsaConfig action="http://fidus.brussels/services/countryservice/getPlaceCountries"/></con:request></con:config></con:testStep><con:properties/></con:testCase><con:testCase id="33286c6b-e098-4ecf-9d34-69be60737a77" failOnError="true" failTestCaseOnErrors="true" keepSession="false" maxResults="0" name="getPlaceCountry" searchProperties="true"><con:settings/><con:testStep type="request" id="adca4a94-080a-4f68-ab73-c618a55dfe07" name="testcase02 - Dev - Request"><con:settings/><con:config xsi:type="con:RequestStep" xmlns:xsi="http://www.w3.org/2001/XMLSchema-instance"><con:interface>CountryServiceHTTPBinding</con:interface><con:operation>getPlaceCountry</con:operation><con:request name="testcase02 - Dev - Request" id="ebba5291-c919-4bed-add5-c1fd40c1fc06" outgoingWss="Outflow DEV"><con:settings/><con:encoding>UTF-8</con:encoding><con:endpoint>https://192.168.36.61:8243/services/CountryService_v1.0</con:endpoint><con:request><![CDATA[<soapenv:Envelope xmlns:soapenv="http://schemas.xmlsoap.org/soap/envelope/" xmlns:v1="http://fidus.brussels/service/countryservice/messages/v1" xmlns:v11="http://fidus.brussels/type/common/messages/v1" xmlns:v12="http://fsb.belgium.be/mappingServices/countryService/messages/v1_00">
   <soapenv:Header/>
   <soapenv:Body>
      <v1:getPlaceCountryRequest>
         <v1:messageContext>
            <v11:messageId>${=import static java.util.UUID.randomUUID; uuid = randomUUID() as String}</v11:messageId>
            <!--Optional:-->
            <v11:timestamp>${=new java.text.SimpleDateFormat("yyyy-MM-dd'T'HH:mm:ss.SSS").format(new Date())}</v11:timestamp>
         </v1:messageContext>
         <v1:legalContext>ServiceIntegrator</v1:legalContext>
         <v1:request>
            <!--You have a CHOICE of the next 4 items at this level-->
            <!--
            <v12:iso-alpha2 startDate="?" endDate="?" status="?">?</v12:iso-alpha2>
            <v12:iso-alpha3 startDate="?" endDate="?" status="?">?</v12:iso-alpha3>
            <v12:iso-num3 startDate="?" endDate="?" status="?">?</v12:iso-num3>
            <v12:nis-num3 startDate="?" endDate="?" status="?">?</v12:nis-num3>
			-->
             <v12:iso-alpha2>NL</v12:iso-alpha2>
             
         </v1:request>
      </v1:getPlaceCountryRequest>
   </soapenv:Body>
</soapenv:Envelope>]]></con:request><con:assertion type="SOAP Fault Assertion" id="802e99c5-7fb8-441b-8efd-80ce5219af51" name="Not SOAP Fault"/><con:assertion type="SOAP Response" id="28f58b92-90e9-4f6a-9f5e-d9f62c084aa0" name="SOAP Response"/><con:assertion type="Schema Compliance" id="e46366d8-1232-44c8-aaf7-da7dc6a2bc23" name="Schema Compliance"><con:configuration/></con:assertion><con:wsaConfig action="http://fidus.brussels/services/countryservice/getPlaceCountry"/></con:request></con:config></con:testStep><con:testStep type="request" id="6827e336-43dc-40e1-8229-35b26bd2750a" name="testcase02 - DevNew - Request"><con:settings/><con:config xsi:type="con:RequestStep" xmlns:xsi="http://www.w3.org/2001/XMLSchema-instance"><con:interface>CountryServiceHTTPBinding</con:interface><con:operation>getPlaceCountry</con:operation><con:request name="testcase02 - DevNew - Request" id="d8776b80-f9ed-47ea-af64-c13093f55f11" outgoingWss="Outflow DEV"><con:settings/><con:encoding>UTF-8</con:encoding><con:endpoint>https://192.168.36.75:8243/services/CountryService_v1.0</con:endpoint><con:request><![CDATA[<soapenv:Envelope xmlns:soapenv="http://schemas.xmlsoap.org/soap/envelope/" xmlns:v1="http://fidus.brussels/service/countryservice/messages/v1" xmlns:v11="http://fidus.brussels/type/common/messages/v1" xmlns:v12="http://fsb.belgium.be/mappingServices/countryService/messages/v1_00">
   <soapenv:Header/>
   <soapenv:Body>
      <v1:getPlaceCountryRequest>
         <v1:messageContext>
            <v11:messageId>${=import static java.util.UUID.randomUUID; uuid = randomUUID() as String}</v11:messageId>
            <!--Optional:-->
            <v11:timestamp>${=new java.text.SimpleDateFormat("yyyy-MM-dd'T'HH:mm:ss.SSS").format(new Date())}</v11:timestamp>
         </v1:messageContext>
         <v1:legalContext>ServiceIntegrator</v1:legalContext>
         <v1:request>
            <!--You have a CHOICE of the next 4 items at this level-->
            <!--
            <v12:iso-alpha2 startDate="?" endDate="?" status="?">?</v12:iso-alpha2>
            <v12:iso-alpha3 startDate="?" endDate="?" status="?">?</v12:iso-alpha3>
            <v12:iso-num3 startDate="?" endDate="?" status="?">?</v12:iso-num3>
            <v12:nis-num3 startDate="?" endDate="?" status="?">?</v12:nis-num3>
			-->
             <v12:iso-alpha2>NL</v12:iso-alpha2>
             
         </v1:request>
      </v1:getPlaceCountryRequest>
   </soapenv:Body>
</soapenv:Envelope>]]></con:request><con:assertion type="SOAP Fault Assertion" id="a115fe54-2d1e-4a42-a5e5-189c8496e866" name="Not SOAP Fault"/><con:assertion type="SOAP Response" id="a50e0622-be1e-4b04-8429-1d7656f6f623" name="SOAP Response"/><con:assertion type="Schema Compliance" id="e0205088-a7a6-48d9-9b6c-c572458de1f9" name="Schema Compliance"><con:configuration/></con:assertion><con:wsaConfig action="http://fidus.brussels/services/countryservice/getPlaceCountry"/></con:request></con:config></con:testStep><con:properties/></con:testCase><con:testCase id="68f9ca18-39e8-4e3f-bd6f-1db824f17a4a" failOnError="true" failTestCaseOnErrors="true" keepSession="false" maxResults="0" name="getPlaceCountryHistory" searchProperties="true"><con:settings/><con:testStep type="request" id="9cb8153a-fc4a-4eb4-9987-ea9647ff4c9f" name="testcase02 - Dev - Request"><con:settings/><con:config xsi:type="con:RequestStep" xmlns:xsi="http://www.w3.org/2001/XMLSchema-instance"><con:interface>CountryServiceHTTPBinding</con:interface><con:operation>getPlaceCountryHistory</con:operation><con:request name="testcase02 - Dev - Request" id="05415325-26f2-414b-8a5f-0958c7616158" outgoingWss="Outflow DEV"><con:settings/><con:encoding>UTF-8</con:encoding><con:endpoint>https://192.168.36.61:8243/services/CountryService_v1.0</con:endpoint><con:request><![CDATA[<soapenv:Envelope xmlns:soapenv="http://schemas.xmlsoap.org/soap/envelope/" xmlns:v1="http://fidus.brussels/service/countryservice/messages/v1" xmlns:v11="http://fidus.brussels/type/common/messages/v1" xmlns:v12="http://fsb.belgium.be/mappingServices/countryService/messages/v1_00">
   <soapenv:Header/>
   <soapenv:Body xmlns:soapenv="http://schemas.xmlsoap.org/soap/envelope/" xmlns:wsu="http://docs.oasis-open.org/wss/2004/01/oasis-200401-wss-wssecurity-utility-1.0.xsd" wsu:Id="id-5C8D63ADC1427B4599147860106781222">
   <v1:getPlaceCountryHistoryRequest xmlns:v1="http://fidus.brussels/service/countryservice/messages/v1">
         <v1:messageContext>
            <v11:messageId xmlns:v11="http://fidus.brussels/type/common/messages/v1">504da2d0-a96a-41e9-b3dd-3c1f56039568</v11:messageId>
            <!--Optional:-->
            <v11:timestamp xmlns:v11="http://fidus.brussels/type/common/messages/v1">2016-11-08T11:31:07.809</v11:timestamp>
         </v1:messageContext>
         <v1:legalContext>ServiceIntegrator</v1:legalContext>
         <v1:request>
            <v12:iso-alpha2 xmlns:v12="http://fsb.belgium.be/mappingServices/countryService/messages/v1_00">NL</v12:iso-alpha2>
            <!--Optional:-->
            <v12:referenceDate xmlns:v12="http://fsb.belgium.be/mappingServices/countryService/messages/v1_00">2016-10-10</v12:referenceDate>
         </v1:request>
      </v1:getPlaceCountryHistoryRequest>
   </soapenv:Body>
</soapenv:Envelope>]]></con:request><con:assertion type="SOAP Fault Assertion" id="4f1a4703-6347-4d60-b563-a2a7e65bbf98" name="Not SOAP Fault"/><con:assertion type="SOAP Response" id="10b9c68d-d976-42db-a7ad-34a6bfcb58a1" name="SOAP Response"/><con:assertion type="Schema Compliance" id="7d8fa75a-0afc-4c5b-8d35-1fa43d3379bd" name="Schema Compliance"><con:configuration/></con:assertion><con:wsaConfig action="http://fidus.brussels/services/countryservice/getPlaceCountryHistory"/></con:request></con:config></con:testStep><con:testStep type="request" id="70d51df0-dd2e-4a0f-baff-3d049443b52f" name="testcase02 - DevNew - Request"><con:settings/><con:config xsi:type="con:RequestStep" xmlns:xsi="http://www.w3.org/2001/XMLSchema-instance"><con:interface>CountryServiceHTTPBinding</con:interface><con:operation>getPlaceCountryHistory</con:operation><con:request name="testcase02 - DevNew - Request" id="60d79f7b-c261-474c-b61a-bc7fb8e75f04" outgoingWss="Outflow DEV"><con:settings/><con:encoding>UTF-8</con:encoding><con:endpoint>https://192.168.36.75:8243/services/CountryService_v1.0</con:endpoint><con:request><![CDATA[<soapenv:Envelope xmlns:soapenv="http://schemas.xmlsoap.org/soap/envelope/" xmlns:v1="http://fidus.brussels/service/countryservice/messages/v1" xmlns:v11="http://fidus.brussels/type/common/messages/v1" xmlns:v12="http://fsb.belgium.be/mappingServices/countryService/messages/v1_00">
   <soapenv:Header/>
   <soapenv:Body xmlns:soapenv="http://schemas.xmlsoap.org/soap/envelope/" xmlns:wsu="http://docs.oasis-open.org/wss/2004/01/oasis-200401-wss-wssecurity-utility-1.0.xsd" wsu:Id="id-5C8D63ADC1427B4599147860106781222">
   <v1:getPlaceCountryHistoryRequest xmlns:v1="http://fidus.brussels/service/countryservice/messages/v1">
         <v1:messageContext>
            <v11:messageId xmlns:v11="http://fidus.brussels/type/common/messages/v1">504da2d0-a96a-41e9-b3dd-3c1f56039568</v11:messageId>
            <!--Optional:-->
            <v11:timestamp xmlns:v11="http://fidus.brussels/type/common/messages/v1">2016-11-08T11:31:07.809</v11:timestamp>
         </v1:messageContext>
         <v1:legalContext>ServiceIntegrator</v1:legalContext>
         <v1:request>
            <v12:iso-alpha2 xmlns:v12="http://fsb.belgium.be/mappingServices/countryService/messages/v1_00">NL</v12:iso-alpha2>
            <!--Optional:-->
            <v12:referenceDate xmlns:v12="http://fsb.belgium.be/mappingServices/countryService/messages/v1_00">2016-10-10</v12:referenceDate>
         </v1:request>
      </v1:getPlaceCountryHistoryRequest>
   </soapenv:Body>
</soapenv:Envelope>]]></con:request><con:assertion type="SOAP Fault Assertion" id="92207090-62cc-4729-8af7-e3a2d01ded93" name="Not SOAP Fault"/><con:assertion type="SOAP Response" id="dd01d5ba-7767-4caf-a7f8-9f8b9f33d43b" name="SOAP Response"/><con:assertion type="Schema Compliance" id="4aabc48e-8719-42f1-a60c-c5f373ab959f" name="Schema Compliance"><con:configuration/></con:assertion><con:wsaConfig action="http://fidus.brussels/services/countryservice/getPlaceCountryHistory"/></con:request></con:config></con:testStep><con:properties/></con:testCase><con:properties/></con:testSuite><con:testSuite id="c1230fdf-9f2d-4a7f-be10-1c6432eea1e5" name="STAG"><con:settings/><con:runType>SEQUENTIAL</con:runType><con:testCase id="1411eea6-7649-4739-a6f4-b9dcdfeac05d" failOnError="true" failTestCaseOnErrors="true" keepSession="false" maxResults="0" name="getAddressCountries" searchProperties="true"><con:settings/><con:testStep type="request" id="c2b54b47-d061-45ff-af97-4452a457b393" name="testcase04 - Staging External - Request"><con:settings/><con:config xsi:type="con:RequestStep" xmlns:xsi="http://www.w3.org/2001/XMLSchema-instance"><con:interface>CountryServiceHTTPBinding</con:interface><con:operation>getAddressCountries</con:operation><con:request name="testcase04 - Staging External - Request" id="e7e14873-de93-490e-b5d7-56d12bbecafc" outgoingWss="Outflow STAG"><con:settings/><con:encoding>UTF-8</con:encoding><con:endpoint>https://fidus.irisnetlab.be/services/CountryService_v1.0</con:endpoint><con:request><![CDATA[<soapenv:Envelope xmlns:soapenv="http://schemas.xmlsoap.org/soap/envelope/" xmlns:v1="http://fidus.brussels/service/countryservice/messages/v1" xmlns:v11="http://fidus.brussels/type/common/messages/v1">
   <soapenv:Header/>
   <soapenv:Body>
      <v1:getAddressCountriesRequest>
         <v1:messageContext>
            <v11:messageId>${=import static java.util.UUID.randomUUID; uuid = randomUUID() as String}</v11:messageId>
            <!--Optional:-->
            <v11:timestamp>${=new java.text.SimpleDateFormat("yyyy-MM-dd'T'HH:mm:ss.SSS").format(new Date())}</v11:timestamp>
         </v1:messageContext>
         <v1:legalContext>ServiceIntegrator</v1:legalContext>
         <v1:request>
            <!--Optional:-->
            <v1:referenceDate>2016-10-10</v1:referenceDate>
         </v1:request>
      </v1:getAddressCountriesRequest>
   </soapenv:Body>
</soapenv:Envelope>]]></con:request><con:assertion type="SOAP Fault Assertion" id="4712b97c-4eaf-41f2-b9f2-cfe8cda31f7b" name="Not SOAP Fault"/><con:assertion type="SOAP Response" id="efd01f4c-fe4e-4830-bb67-205d0e357945" name="SOAP Response"/><con:assertion type="Schema Compliance" id="aa674e97-c647-4b6d-9bd6-6c7d733b0601" name="Schema Compliance"><con:configuration/></con:assertion><con:wsaConfig action="http://fidus.brussels/services/countryservice/getAddressCountries"/></con:request></con:config></con:testStep><con:testStep type="request" id="b2429ccb-06ea-4959-aa36-90009123b00f" name="testcase04 - Staging LB - Request"><con:settings/><con:config xsi:type="con:RequestStep" xmlns:xsi="http://www.w3.org/2001/XMLSchema-instance"><con:interface>CountryServiceHTTPBinding</con:interface><con:operation>getAddressCountries</con:operation><con:request name="testcase04 - Staging LB - Request" id="94222208-278b-4306-b022-4e375c08623e" outgoingWss="Outflow STAG"><con:settings/><con:encoding>UTF-8</con:encoding><con:endpoint>https://fidus-esb-sg.sta.srv.cirb.lan:8443/services/CountryService_v1.0</con:endpoint><con:request><![CDATA[<soapenv:Envelope xmlns:soapenv="http://schemas.xmlsoap.org/soap/envelope/" xmlns:v1="http://fidus.brussels/service/countryservice/messages/v1" xmlns:v11="http://fidus.brussels/type/common/messages/v1">
   <soapenv:Header/>
   <soapenv:Body>
      <v1:getAddressCountriesRequest>
         <v1:messageContext>
            <v11:messageId>${=import static java.util.UUID.randomUUID; uuid = randomUUID() as String}</v11:messageId>
            <!--Optional:-->
            <v11:timestamp>${=new java.text.SimpleDateFormat("yyyy-MM-dd'T'HH:mm:ss.SSS").format(new Date())}</v11:timestamp>
         </v1:messageContext>
         <v1:legalContext>ServiceIntegrator</v1:legalContext>
         <v1:request>
            <!--Optional:-->
            <v1:referenceDate>2016-10-10</v1:referenceDate>
         </v1:request>
      </v1:getAddressCountriesRequest>
   </soapenv:Body>
</soapenv:Envelope>]]></con:request><con:assertion type="SOAP Fault Assertion" id="9fd60bc5-b934-47a6-8e83-4b3862dcc5a0" name="Not SOAP Fault"/><con:assertion type="SOAP Response" id="b166fa0d-e138-4d5e-99e1-8294ba9abc72" name="SOAP Response"/><con:assertion type="Schema Compliance" id="20f38994-f00c-4a48-bb4c-2356f3756614" name="Schema Compliance"><con:configuration/></con:assertion><con:wsaConfig action="http://fidus.brussels/services/countryservice/getAddressCountries"/></con:request></con:config></con:testStep><con:testStep type="request" id="c7eec3fc-999a-4c11-afc3-2d212b15970e" name="testcase04 - Staging Worker1 - Request"><con:settings/><con:config xsi:type="con:RequestStep" xmlns:xsi="http://www.w3.org/2001/XMLSchema-instance"><con:interface>CountryServiceHTTPBinding</con:interface><con:operation>getAddressCountries</con:operation><con:request name="testcase04 - Staging Worker1 - Request" id="73d6162c-14c4-46d8-816f-c2c15cba8552" outgoingWss="Outflow STAG"><con:settings/><con:encoding>UTF-8</con:encoding><con:endpoint>https://192.168.24.16:8443/services/CountryService_v1.0</con:endpoint><con:request><![CDATA[<soapenv:Envelope xmlns:soapenv="http://schemas.xmlsoap.org/soap/envelope/" xmlns:v1="http://fidus.brussels/service/countryservice/messages/v1" xmlns:v11="http://fidus.brussels/type/common/messages/v1">
   <soapenv:Header/>
   <soapenv:Body>
      <v1:getAddressCountriesRequest>
         <v1:messageContext>
            <v11:messageId>${=import static java.util.UUID.randomUUID; uuid = randomUUID() as String}</v11:messageId>
            <!--Optional:-->
            <v11:timestamp>${=new java.text.SimpleDateFormat("yyyy-MM-dd'T'HH:mm:ss.SSS").format(new Date())}</v11:timestamp>
         </v1:messageContext>
         <v1:legalContext>ServiceIntegrator</v1:legalContext>
         <v1:request>
            <!--Optional:-->
            <v1:referenceDate>2016-10-10</v1:referenceDate>
         </v1:request>
      </v1:getAddressCountriesRequest>
   </soapenv:Body>
</soapenv:Envelope>]]></con:request><con:assertion type="SOAP Fault Assertion" id="dc4cda1b-e9a7-4da9-b435-5870187eaec8" name="Not SOAP Fault"/><con:assertion type="SOAP Response" id="027db8c9-39d9-46f3-8e6e-eae29c9866c4" name="SOAP Response"/><con:assertion type="Schema Compliance" id="ec9b89d7-822c-4a67-b185-a31a75d8b77d" name="Schema Compliance"><con:configuration/></con:assertion><con:wsaConfig action="http://fidus.brussels/services/countryservice/getAddressCountries"/></con:request></con:config></con:testStep><con:testStep type="request" id="7784b897-2143-4dbc-8877-8690167673ef" name="testcase04 - Staging Worker2 - Request"><con:settings/><con:config xsi:type="con:RequestStep" xmlns:xsi="http://www.w3.org/2001/XMLSchema-instance"><con:interface>CountryServiceHTTPBinding</con:interface><con:operation>getAddressCountries</con:operation><con:request name="testcase04 - Staging Worker2 - Request" id="0259e09c-e0e8-44ed-a0a3-5c0f9cdf1785" outgoingWss="Outflow STAG"><con:settings/><con:encoding>UTF-8</con:encoding><con:endpoint>https://192.168.24.17:8443/services/CountryService_v1.0</con:endpoint><con:request><![CDATA[<soapenv:Envelope xmlns:soapenv="http://schemas.xmlsoap.org/soap/envelope/" xmlns:v1="http://fidus.brussels/service/countryservice/messages/v1" xmlns:v11="http://fidus.brussels/type/common/messages/v1">
   <soapenv:Header/>
   <soapenv:Body>
      <v1:getAddressCountriesRequest>
         <v1:messageContext>
            <v11:messageId>${=import static java.util.UUID.randomUUID; uuid = randomUUID() as String}</v11:messageId>
            <!--Optional:-->
            <v11:timestamp>${=new java.text.SimpleDateFormat("yyyy-MM-dd'T'HH:mm:ss.SSS").format(new Date())}</v11:timestamp>
         </v1:messageContext>
         <v1:legalContext>ServiceIntegrator</v1:legalContext>
         <v1:request>
            <!--Optional:-->
            <v1:referenceDate>2016-10-10</v1:referenceDate>
         </v1:request>
      </v1:getAddressCountriesRequest>
   </soapenv:Body>
</soapenv:Envelope>]]></con:request><con:assertion type="SOAP Fault Assertion" id="4524a546-99fe-4305-9e03-603fc65b5f17" name="Not SOAP Fault"/><con:assertion type="SOAP Response" id="f4943568-537b-4b9d-9ea7-5f4daca3f54a" name="SOAP Response"/><con:assertion type="Schema Compliance" id="8a66f34c-6714-454d-9429-8751fe52b469" name="Schema Compliance"><con:configuration/></con:assertion><con:wsaConfig action="http://fidus.brussels/services/countryservice/getAddressCountries"/></con:request></con:config></con:testStep><con:properties/></con:testCase><con:testCase id="d3bf2764-cb8c-410f-8276-d9c16da073f0" failOnError="true" failTestCaseOnErrors="true" keepSession="false" maxResults="0" name="getAddressCountry" searchProperties="true"><con:settings/><con:testStep type="request" id="c94705d3-c721-4541-affb-9ffe49860a63" name="testcase04 - Staging External - Request"><con:settings/><con:config xsi:type="con:RequestStep" xmlns:xsi="http://www.w3.org/2001/XMLSchema-instance"><con:interface>CountryServiceHTTPBinding</con:interface><con:operation>getAddressCountry</con:operation><con:request name="testcase04 - Staging External - Request" id="27c43e3f-02fd-452d-a59f-0b8f54a74130" outgoingWss="Outflow STAG"><con:settings/><con:encoding>UTF-8</con:encoding><con:endpoint>https://fidus.irisnetlab.be/services/CountryService_v1.0</con:endpoint><con:request><![CDATA[<soapenv:Envelope xmlns:soapenv="http://schemas.xmlsoap.org/soap/envelope/" xmlns:v1="http://fidus.brussels/service/countryservice/messages/v1" xmlns:v11="http://fidus.brussels/type/common/messages/v1" xmlns:v12="http://fsb.belgium.be/mappingServices/countryService/messages/v1_00">
   <soapenv:Header/>
   <soapenv:Body>
      <v1:getAddressCountryRequest>
         <v1:messageContext>
            <v11:messageId>${=import static java.util.UUID.randomUUID; uuid = randomUUID() as String}</v11:messageId>
            <!--Optional:-->
            <v11:timestamp>${=new java.text.SimpleDateFormat("yyyy-MM-dd'T'HH:mm:ss.SSS").format(new Date())}</v11:timestamp>
         </v1:messageContext>
         <v1:legalContext>ServiceIntegrator</v1:legalContext>
         <v1:request>
            <!--You have a CHOICE of the next 4 items at this level-->
            <v12:iso-alpha2>BE</v12:iso-alpha2>
            <!--<v12:iso-alpha3 startDate="?" endDate="?" status="?">?</v12:iso-alpha3>-->
            <!--<v12:iso-num3 startDate="?" endDate="?" status="?">?</v12:iso-num3>-->
            <!--<v12:nis-num3 startDate="?" endDate="?" status="?">?</v12:nis-num3>-->
         </v1:request>
      </v1:getAddressCountryRequest>
   </soapenv:Body>
</soapenv:Envelope>]]></con:request><con:assertion type="SOAP Fault Assertion" id="4315f24a-a815-45d3-977f-1039b6c78b4a" name="Not SOAP Fault"/><con:assertion type="SOAP Response" id="20d2ff8b-0b7e-4e69-ab03-fdbc88764234" name="SOAP Response"/><con:assertion type="Schema Compliance" id="30750c15-eb79-491f-85a4-a66c33b1195b" name="Schema Compliance"><con:configuration/></con:assertion><con:wsaConfig action="http://fidus.brussels/services/countryservice/getAddressCountry"/></con:request></con:config></con:testStep><con:testStep type="request" id="1654b59a-28c7-4e99-ba65-1fec19e2d49c" name="testcase04 - Staging LB - Request"><con:settings/><con:config xsi:type="con:RequestStep" xmlns:xsi="http://www.w3.org/2001/XMLSchema-instance"><con:interface>CountryServiceHTTPBinding</con:interface><con:operation>getAddressCountry</con:operation><con:request name="testcase04 - Staging LB - Request" id="a5098daa-aa34-4262-b0ae-50a6683f3949" outgoingWss="Outflow STAG"><con:settings/><con:encoding>UTF-8</con:encoding><con:endpoint>https://fidus-esb-sg.sta.srv.cirb.lan:8443/services/CountryService_v1.0</con:endpoint><con:request><![CDATA[<soapenv:Envelope xmlns:soapenv="http://schemas.xmlsoap.org/soap/envelope/" xmlns:v1="http://fidus.brussels/service/countryservice/messages/v1" xmlns:v11="http://fidus.brussels/type/common/messages/v1" xmlns:v12="http://fsb.belgium.be/mappingServices/countryService/messages/v1_00">
   <soapenv:Header/>
   <soapenv:Body>
      <v1:getAddressCountryRequest>
         <v1:messageContext>
            <v11:messageId>${=import static java.util.UUID.randomUUID; uuid = randomUUID() as String}</v11:messageId>
            <!--Optional:-->
            <v11:timestamp>${=new java.text.SimpleDateFormat("yyyy-MM-dd'T'HH:mm:ss.SSS").format(new Date())}</v11:timestamp>
         </v1:messageContext>
         <v1:legalContext>ServiceIntegrator</v1:legalContext>
         <v1:request>
            <!--You have a CHOICE of the next 4 items at this level-->
            <v12:iso-alpha2>BE</v12:iso-alpha2>
            <!--<v12:iso-alpha3 startDate="?" endDate="?" status="?">?</v12:iso-alpha3>-->
            <!--<v12:iso-num3 startDate="?" endDate="?" status="?">?</v12:iso-num3>-->
            <!--<v12:nis-num3 startDate="?" endDate="?" status="?">?</v12:nis-num3>-->
         </v1:request>
      </v1:getAddressCountryRequest>
   </soapenv:Body>
</soapenv:Envelope>]]></con:request><con:assertion type="SOAP Fault Assertion" id="78bdac1b-2ac7-4612-a437-4a8a6f0305c8" name="Not SOAP Fault"/><con:assertion type="SOAP Response" id="70c86f25-341a-4630-b391-8a97043bb870" name="SOAP Response"/><con:assertion type="Schema Compliance" id="742d3d22-cf7c-43fa-9b01-eb0c6bb744cf" name="Schema Compliance"><con:configuration/></con:assertion><con:wsaConfig action="http://fidus.brussels/services/countryservice/getAddressCountry"/></con:request></con:config></con:testStep><con:testStep type="request" id="bbd40373-f1b0-43e3-9522-0f2175b6765c" name="testcase04 - Staging Worker1 - Request"><con:settings/><con:config xsi:type="con:RequestStep" xmlns:xsi="http://www.w3.org/2001/XMLSchema-instance"><con:interface>CountryServiceHTTPBinding</con:interface><con:operation>getAddressCountry</con:operation><con:request name="testcase04 - Staging Worker1 - Request" id="b1fbcfff-6f53-4ba1-ab87-2d32c71a0931" outgoingWss="Outflow STAG"><con:settings/><con:encoding>UTF-8</con:encoding><con:endpoint>https://192.168.24.16:8443/services/CountryService_v1.0</con:endpoint><con:request><![CDATA[<soapenv:Envelope xmlns:soapenv="http://schemas.xmlsoap.org/soap/envelope/" xmlns:v1="http://fidus.brussels/service/countryservice/messages/v1" xmlns:v11="http://fidus.brussels/type/common/messages/v1" xmlns:v12="http://fsb.belgium.be/mappingServices/countryService/messages/v1_00">
   <soapenv:Header/>
   <soapenv:Body>
      <v1:getAddressCountryRequest>
         <v1:messageContext>
            <v11:messageId>${=import static java.util.UUID.randomUUID; uuid = randomUUID() as String}</v11:messageId>
            <!--Optional:-->
            <v11:timestamp>${=new java.text.SimpleDateFormat("yyyy-MM-dd'T'HH:mm:ss.SSS").format(new Date())}</v11:timestamp>
         </v1:messageContext>
         <v1:legalContext>ServiceIntegrator</v1:legalContext>
         <v1:request>
            <!--You have a CHOICE of the next 4 items at this level-->
            <v12:iso-alpha2>BE</v12:iso-alpha2>
            <!--<v12:iso-alpha3 startDate="?" endDate="?" status="?">?</v12:iso-alpha3>-->
            <!--<v12:iso-num3 startDate="?" endDate="?" status="?">?</v12:iso-num3>-->
            <!--<v12:nis-num3 startDate="?" endDate="?" status="?">?</v12:nis-num3>-->
         </v1:request>
      </v1:getAddressCountryRequest>
   </soapenv:Body>
</soapenv:Envelope>]]></con:request><con:assertion type="SOAP Fault Assertion" id="cdb91ee0-41f1-4694-bc69-d8f39550f192" name="Not SOAP Fault"/><con:assertion type="SOAP Response" id="65bc5e58-f9e3-4db5-a25f-dc602a7ecd61" name="SOAP Response"/><con:assertion type="Schema Compliance" id="88f7642a-54cd-4bb8-8e10-0e3c9f6340cb" name="Schema Compliance"><con:configuration/></con:assertion><con:wsaConfig action="http://fidus.brussels/services/countryservice/getAddressCountry"/></con:request></con:config></con:testStep><con:testStep type="request" id="138022e5-a95d-4414-adb5-f8b2c173ba70" name="testcase04 - Staging Worker2 - Request"><con:settings/><con:config xsi:type="con:RequestStep" xmlns:xsi="http://www.w3.org/2001/XMLSchema-instance"><con:interface>CountryServiceHTTPBinding</con:interface><con:operation>getAddressCountry</con:operation><con:request name="testcase04 - Staging Worker2 - Request" id="d80eb473-dc75-4ae6-97f0-701cd7f861e6" outgoingWss="Outflow STAG"><con:settings/><con:encoding>UTF-8</con:encoding><con:endpoint>https://192.168.24.17:8443/services/CountryService_v1.0</con:endpoint><con:request><![CDATA[<soapenv:Envelope xmlns:soapenv="http://schemas.xmlsoap.org/soap/envelope/" xmlns:v1="http://fidus.brussels/service/countryservice/messages/v1" xmlns:v11="http://fidus.brussels/type/common/messages/v1" xmlns:v12="http://fsb.belgium.be/mappingServices/countryService/messages/v1_00">
   <soapenv:Header/>
   <soapenv:Body>
      <v1:getAddressCountryRequest>
         <v1:messageContext>
            <v11:messageId>${=import static java.util.UUID.randomUUID; uuid = randomUUID() as String}</v11:messageId>
            <!--Optional:-->
            <v11:timestamp>${=new java.text.SimpleDateFormat("yyyy-MM-dd'T'HH:mm:ss.SSS").format(new Date())}</v11:timestamp>
         </v1:messageContext>
         <v1:legalContext>ServiceIntegrator</v1:legalContext>
         <v1:request>
            <!--You have a CHOICE of the next 4 items at this level-->
            <v12:iso-alpha2>BE</v12:iso-alpha2>
            <!--<v12:iso-alpha3 startDate="?" endDate="?" status="?">?</v12:iso-alpha3>-->
            <!--<v12:iso-num3 startDate="?" endDate="?" status="?">?</v12:iso-num3>-->
            <!--<v12:nis-num3 startDate="?" endDate="?" status="?">?</v12:nis-num3>-->
         </v1:request>
      </v1:getAddressCountryRequest>
   </soapenv:Body>
</soapenv:Envelope>]]></con:request><con:assertion type="SOAP Fault Assertion" id="630a7b0f-10f5-4217-8391-f8483ef67dfb" name="Not SOAP Fault"/><con:assertion type="SOAP Response" id="ad665555-1179-4c83-8fa6-1eaefbb2dc42" name="SOAP Response"/><con:assertion type="Schema Compliance" id="2621b92b-74be-45a1-a589-81304b03924c" name="Schema Compliance"><con:configuration/></con:assertion><con:wsaConfig action="http://fidus.brussels/services/countryservice/getAddressCountry"/></con:request></con:config></con:testStep><con:properties/></con:testCase><con:testCase id="66ac1398-e775-4e80-880b-0b6e1ee51ecc" failOnError="true" failTestCaseOnErrors="true" keepSession="false" maxResults="0" name="getAddressCountryHistory" searchProperties="true"><con:settings/><con:testStep type="request" id="e65dcd42-be12-43f7-945b-80a0e0237228" name="testcase04 - Staging External - Request"><con:settings/><con:config xsi:type="con:RequestStep" xmlns:xsi="http://www.w3.org/2001/XMLSchema-instance"><con:interface>CountryServiceHTTPBinding</con:interface><con:operation>getAddressCountryHistory</con:operation><con:request name="testcase04 - Staging External - Request" id="6642adce-9020-48bb-a988-4b3b97daffa5" outgoingWss="Outflow STAG"><con:settings/><con:encoding>UTF-8</con:encoding><con:endpoint>https://fidus.irisnetlab.be/services/CountryService_v1.0</con:endpoint><con:request><![CDATA[<soapenv:Envelope xmlns:soapenv="http://schemas.xmlsoap.org/soap/envelope/" xmlns:v1="http://fidus.brussels/service/countryservice/messages/v1" xmlns:v11="http://fidus.brussels/type/common/messages/v1" xmlns:v12="http://fsb.belgium.be/mappingServices/countryService/messages/v1_00">
   <soapenv:Header/>
   <soapenv:Body>
      <v1:getAddressCountryHistoryRequest>
         <v1:messageContext>
            <v11:messageId>${=import static java.util.UUID.randomUUID; uuid = randomUUID() as String}</v11:messageId>
            <v11:timestamp>${=new java.text.SimpleDateFormat("yyyy-MM-dd'T'HH:mm:ss.SSS").format(new Date())}</v11:timestamp>
         </v1:messageContext>
         <v1:legalContext>ServiceIntegrator</v1:legalContext>
         <v1:request>
            <v12:iso-alpha2>FR</v12:iso-alpha2>
            <v12:referenceDate>2016-10-10</v12:referenceDate>
         </v1:request>
      </v1:getAddressCountryHistoryRequest>
   </soapenv:Body>
</soapenv:Envelope>]]></con:request><con:assertion type="SOAP Fault Assertion" id="d297db62-4cb4-43ec-9c8c-2f20dcbdb66e" name="Not SOAP Fault"/><con:assertion type="SOAP Response" id="5364c70e-fe15-466b-9044-81734af522d6" name="SOAP Response"/><con:assertion type="Schema Compliance" id="8f4b0dc8-0683-42b2-95ba-e5837a20adb7" name="Schema Compliance"><con:configuration/></con:assertion><con:wsaConfig action="http://fidus.brussels/services/countryservice/getAddressCountryHistory"/></con:request></con:config></con:testStep><con:testStep type="request" id="6ab6645e-1e56-481e-9b7b-11b68a586c7e" name="testcase04 - Staging LB - Request"><con:settings/><con:config xsi:type="con:RequestStep" xmlns:xsi="http://www.w3.org/2001/XMLSchema-instance"><con:interface>CountryServiceHTTPBinding</con:interface><con:operation>getAddressCountryHistory</con:operation><con:request name="testcase04 - Staging LB - Request" id="6953c4bf-5323-4a34-80eb-77969ef1326e" outgoingWss="Outflow STAG"><con:settings/><con:encoding>UTF-8</con:encoding><con:endpoint>https://fidus-esb-sg.sta.srv.cirb.lan:8443/services/CountryService_v1.0</con:endpoint><con:request><![CDATA[<soapenv:Envelope xmlns:soapenv="http://schemas.xmlsoap.org/soap/envelope/" xmlns:v1="http://fidus.brussels/service/countryservice/messages/v1" xmlns:v11="http://fidus.brussels/type/common/messages/v1" xmlns:v12="http://fsb.belgium.be/mappingServices/countryService/messages/v1_00">
   <soapenv:Header/>
   <soapenv:Body>
      <v1:getAddressCountryHistoryRequest>
         <v1:messageContext>
            <v11:messageId>${=import static java.util.UUID.randomUUID; uuid = randomUUID() as String}</v11:messageId>
            <v11:timestamp>${=new java.text.SimpleDateFormat("yyyy-MM-dd'T'HH:mm:ss.SSS").format(new Date())}</v11:timestamp>
         </v1:messageContext>
         <v1:legalContext>ServiceIntegrator</v1:legalContext>
         <v1:request>
            <v12:iso-alpha2>BE</v12:iso-alpha2>
            <v12:referenceDate>2016-10-10</v12:referenceDate>
         </v1:request>
      </v1:getAddressCountryHistoryRequest>
   </soapenv:Body>
</soapenv:Envelope>]]></con:request><con:assertion type="SOAP Fault Assertion" id="ab802b37-1bae-4e9c-907f-d9b44d9a1712" name="Not SOAP Fault"/><con:assertion type="SOAP Response" id="7a00d3ff-088b-4935-8407-e2e3e05bde43" name="SOAP Response"/><con:assertion type="Schema Compliance" id="16b7c034-76ab-4720-9ac3-dee1c2035eb9" name="Schema Compliance"><con:configuration/></con:assertion><con:wsaConfig action="http://fidus.brussels/services/countryservice/getAddressCountryHistory"/></con:request></con:config></con:testStep><con:testStep type="request" id="317d52d6-b641-48b0-aed6-3a8756615dd8" name="testcase04 - Staging Worker1 - Request"><con:settings/><con:config xsi:type="con:RequestStep" xmlns:xsi="http://www.w3.org/2001/XMLSchema-instance"><con:interface>CountryServiceHTTPBinding</con:interface><con:operation>getAddressCountryHistory</con:operation><con:request name="testcase04 - Staging Worker1 - Request" id="3542f954-2b5d-4dd5-80ff-f24a7352d279" outgoingWss="Outflow STAG"><con:settings/><con:encoding>UTF-8</con:encoding><con:endpoint>https://192.168.24.16:8443/services/CountryService_v1.0</con:endpoint><con:request><![CDATA[<soapenv:Envelope xmlns:soapenv="http://schemas.xmlsoap.org/soap/envelope/" xmlns:v1="http://fidus.brussels/service/countryservice/messages/v1" xmlns:v11="http://fidus.brussels/type/common/messages/v1" xmlns:v12="http://fsb.belgium.be/mappingServices/countryService/messages/v1_00">
   <soapenv:Header/>
   <soapenv:Body>
      <v1:getAddressCountryHistoryRequest>
         <v1:messageContext>
            <v11:messageId>${=import static java.util.UUID.randomUUID; uuid = randomUUID() as String}</v11:messageId>
            <!--Optional:-->
            <v11:timestamp>${=new java.text.SimpleDateFormat("yyyy-MM-dd'T'HH:mm:ss.SSS").format(new Date())}</v11:timestamp>
         </v1:messageContext>
         <v1:legalContext>ServiceIntegrator</v1:legalContext>
         <v1:request>
            <v12:iso-alpha2>NL</v12:iso-alpha2>
            <!--Optional:-->
            
         </v1:request>
      </v1:getAddressCountryHistoryRequest>
   </soapenv:Body>
</soapenv:Envelope>]]></con:request><con:assertion type="SOAP Fault Assertion" id="128f55e4-4b3e-4b71-a3f5-e40853f1715b" name="Not SOAP Fault"/><con:assertion type="SOAP Response" id="b249dcbf-8aac-4e37-bfa8-786852ec8659" name="SOAP Response"/><con:assertion type="Schema Compliance" id="797d9b39-7d10-4517-9829-8e54b4accc34" name="Schema Compliance"><con:configuration/></con:assertion><con:wsaConfig action="http://fidus.brussels/services/countryservice/getAddressCountryHistory"/></con:request></con:config></con:testStep><con:testStep type="request" id="aa1b5d35-ecb6-4bd0-b97e-b50955d4965a" name="testcase04 - Staging Worker2 - Request"><con:settings/><con:config xsi:type="con:RequestStep" xmlns:xsi="http://www.w3.org/2001/XMLSchema-instance"><con:interface>CountryServiceHTTPBinding</con:interface><con:operation>getAddressCountryHistory</con:operation><con:request name="testcase04 - Staging Worker2 - Request" id="39977ca2-d42d-4796-b9c3-f02282ee40c3" outgoingWss="Outflow STAG"><con:settings/><con:encoding>UTF-8</con:encoding><con:endpoint>https://192.168.24.17:8443/services/CountryService_v1.0</con:endpoint><con:request><![CDATA[<soapenv:Envelope xmlns:soapenv="http://schemas.xmlsoap.org/soap/envelope/" xmlns:v1="http://fidus.brussels/service/countryservice/messages/v1" xmlns:v11="http://fidus.brussels/type/common/messages/v1" xmlns:v12="http://fsb.belgium.be/mappingServices/countryService/messages/v1_00">
   <soapenv:Header/>
   <soapenv:Body>
      <v1:getAddressCountryHistoryRequest>
         <v1:messageContext>
            <v11:messageId>${=import static java.util.UUID.randomUUID; uuid = randomUUID() as String}</v11:messageId>
            <v11:timestamp>${=new java.text.SimpleDateFormat("yyyy-MM-dd'T'HH:mm:ss.SSS").format(new Date())}</v11:timestamp>
         </v1:messageContext>
         <v1:legalContext>ServiceIntegrator</v1:legalContext>
         <v1:request>
            <v12:iso-alpha2>AU</v12:iso-alpha2>
            <v12:referenceDate>2016-10-10</v12:referenceDate>
         </v1:request>
      </v1:getAddressCountryHistoryRequest>
   </soapenv:Body>
</soapenv:Envelope>]]></con:request><con:assertion type="SOAP Fault Assertion" id="a1ef738f-ba31-480f-b3ea-b4f584562a05" name="Not SOAP Fault"/><con:assertion type="SOAP Response" id="3048dcd3-e4f4-46bd-ab91-c1ea2bad077b" name="SOAP Response"/><con:assertion type="Schema Compliance" id="106a910c-abfb-4030-b68e-100d89a243f6" name="Schema Compliance"><con:configuration/></con:assertion><con:wsaConfig action="http://fidus.brussels/services/countryservice/getAddressCountryHistory"/></con:request></con:config></con:testStep><con:properties/></con:testCase><con:testCase id="a70b67e3-708b-4083-9292-721970c3085b" failOnError="true" failTestCaseOnErrors="true" keepSession="false" maxResults="0" name="getAllIsoCodes" searchProperties="true"><con:settings/><con:testStep type="request" id="23402915-216d-43cc-9741-30906a1a9471" name="testcase04 - Staging External - Request"><con:settings/><con:config xsi:type="con:RequestStep" xmlns:xsi="http://www.w3.org/2001/XMLSchema-instance"><con:interface>CountryServiceHTTPBinding</con:interface><con:operation>getAllIsoCodes</con:operation><con:request name="testcase04 - Staging External - Request" id="d1d32e65-ab04-43fc-ab04-49096625f0f4" outgoingWss="Outflow STAG"><con:settings/><con:encoding>UTF-8</con:encoding><con:endpoint>https://fidus.irisnetlab.be/services/CountryService_v1.0</con:endpoint><con:request><![CDATA[<soapenv:Envelope xmlns:soapenv="http://schemas.xmlsoap.org/soap/envelope/" xmlns:v1="http://fidus.brussels/service/countryservice/messages/v1" xmlns:v11="http://fidus.brussels/type/common/messages/v1">
   <soapenv:Header/>
   <soapenv:Body>
      <v1:getAllIsoCodesRequest>
         <v1:messageContext>
         	  <v11:messageId>${=import static java.util.UUID.randomUUID; uuid = randomUUID() as String}</v11:messageId>
            <v11:timestamp>${=new java.text.SimpleDateFormat("yyyy-MM-dd'T'HH:mm:ss.SSS").format(new Date())}</v11:timestamp>
         </v1:messageContext>
         <v1:legalContext>ServiceIntegrator</v1:legalContext>
         <v1:request>
            <!--Optional:-->
            <v1:referenceDate>2016-10-06</v1:referenceDate>
         </v1:request>
      </v1:getAllIsoCodesRequest>
   </soapenv:Body>
</soapenv:Envelope>]]></con:request><con:assertion type="SOAP Fault Assertion" id="6fabbe22-68b4-4938-af13-a33d56d82e52" name="Not SOAP Fault"/><con:assertion type="SOAP Response" id="a61e25a1-96ac-477c-b0e6-e093b5a77c62" name="SOAP Response"/><con:assertion type="Schema Compliance" id="bdd7b7e0-d8d7-4dfe-b39b-5d8ba460ab03" name="Schema Compliance"><con:configuration/></con:assertion><con:wsaConfig action="http://fidus.brussels/services/countryservice/getAllIsoCodes"/></con:request></con:config></con:testStep><con:testStep type="request" id="67077ec7-f464-48aa-8238-634287626fc7" name="testcase04 - Staging LB - Request"><con:settings/><con:config xsi:type="con:RequestStep" xmlns:xsi="http://www.w3.org/2001/XMLSchema-instance"><con:interface>CountryServiceHTTPBinding</con:interface><con:operation>getAllIsoCodes</con:operation><con:request name="testcase04 - Staging LB - Request" id="f6e09a53-eb55-45a9-89ff-4eb9effebdba" outgoingWss="Outflow STAG"><con:settings/><con:encoding>UTF-8</con:encoding><con:endpoint>https://fidus-esb-sg.sta.srv.cirb.lan:8443/services/CountryService_v1.0</con:endpoint><con:request><![CDATA[<soapenv:Envelope xmlns:soapenv="http://schemas.xmlsoap.org/soap/envelope/" xmlns:v1="http://fidus.brussels/service/countryservice/messages/v1" xmlns:v11="http://fidus.brussels/type/common/messages/v1">
   <soapenv:Header/>
   <soapenv:Body>
      <v1:getAllIsoCodesRequest>
         <v1:messageContext>
         	  <v11:messageId>${=import static java.util.UUID.randomUUID; uuid = randomUUID() as String}</v11:messageId>
            <v11:timestamp>${=new java.text.SimpleDateFormat("yyyy-MM-dd'T'HH:mm:ss.SSS").format(new Date())}</v11:timestamp>
         </v1:messageContext>
         <v1:legalContext>ServiceIntegrator</v1:legalContext>
         <v1:request>
            <!--Optional:-->
            <v1:referenceDate>2016-10-06</v1:referenceDate>
         </v1:request>
      </v1:getAllIsoCodesRequest>
   </soapenv:Body>
</soapenv:Envelope>]]></con:request><con:assertion type="SOAP Fault Assertion" id="db20f5b7-f887-40ad-bd8c-32de0381c747" name="Not SOAP Fault"/><con:assertion type="SOAP Response" id="56643a84-1737-4d5f-81b6-3b0a60de2751" name="SOAP Response"/><con:assertion type="Schema Compliance" id="2fb4a741-4929-4bc4-b262-d79b6bc68869" name="Schema Compliance"><con:configuration/></con:assertion><con:wsaConfig action="http://fidus.brussels/services/countryservice/getAllIsoCodes"/></con:request></con:config></con:testStep><con:testStep type="request" id="2c1fbaa3-7488-4707-ba94-42e487989b67" name="testcase04 - Staging Worker1 - Request"><con:settings/><con:config xsi:type="con:RequestStep" xmlns:xsi="http://www.w3.org/2001/XMLSchema-instance"><con:interface>CountryServiceHTTPBinding</con:interface><con:operation>getAllIsoCodes</con:operation><con:request name="testcase04 - Staging Worker1 - Request" id="b6ae2297-5775-4403-a658-a5a0a0267f1a" outgoingWss="Outflow STAG"><con:settings/><con:encoding>UTF-8</con:encoding><con:endpoint>https://192.168.24.16:8443/services/CountryService_v1.0</con:endpoint><con:request><![CDATA[<soapenv:Envelope xmlns:soapenv="http://schemas.xmlsoap.org/soap/envelope/" xmlns:v1="http://fidus.brussels/service/countryservice/messages/v1" xmlns:v11="http://fidus.brussels/type/common/messages/v1">
   <soapenv:Header/>
   <soapenv:Body>
      <v1:getAllIsoCodesRequest>
         <v1:messageContext>
         	  <v11:messageId>${=import static java.util.UUID.randomUUID; uuid = randomUUID() as String}</v11:messageId>
            <v11:timestamp>${=new java.text.SimpleDateFormat("yyyy-MM-dd'T'HH:mm:ss.SSS").format(new Date())}</v11:timestamp>
         </v1:messageContext>
         <v1:legalContext>ServiceIntegrator</v1:legalContext>
         <v1:request>
            <!--Optional:-->
            <v1:referenceDate>2016-10-06</v1:referenceDate>
         </v1:request>
      </v1:getAllIsoCodesRequest>
   </soapenv:Body>
</soapenv:Envelope>]]></con:request><con:assertion type="SOAP Fault Assertion" id="a16a8b6d-d6af-46fc-b93b-b09953faebc8" name="Not SOAP Fault"/><con:assertion type="SOAP Response" id="2f74df3b-b19f-490c-a180-fe11114a20c4" name="SOAP Response"/><con:assertion type="Schema Compliance" id="4ac77f76-26fa-4530-8d4d-a29356fd6f45" name="Schema Compliance"><con:configuration/></con:assertion><con:wsaConfig action="http://fidus.brussels/services/countryservice/getAllIsoCodes"/></con:request></con:config></con:testStep><con:testStep type="request" id="b4c13a06-0628-4195-8323-d00afafb337c" name="testcase04 - Staging Worker2 - Request"><con:settings/><con:config xsi:type="con:RequestStep" xmlns:xsi="http://www.w3.org/2001/XMLSchema-instance"><con:interface>CountryServiceHTTPBinding</con:interface><con:operation>getAllIsoCodes</con:operation><con:request name="testcase04 - Staging Worker2 - Request" id="d365ad7b-6ce5-494a-8b7e-9a3f58eccc46" outgoingWss="Outflow STAG"><con:settings/><con:encoding>UTF-8</con:encoding><con:endpoint>https://192.168.24.17:8443/services/CountryService_v1.0</con:endpoint><con:request><![CDATA[<soapenv:Envelope xmlns:soapenv="http://schemas.xmlsoap.org/soap/envelope/" xmlns:v1="http://fidus.brussels/service/countryservice/messages/v1" xmlns:v11="http://fidus.brussels/type/common/messages/v1">
   <soapenv:Header/>
   <soapenv:Body>
      <v1:getAllIsoCodesRequest>
         <v1:messageContext>
         	  <v11:messageId>${=import static java.util.UUID.randomUUID; uuid = randomUUID() as String}</v11:messageId>
            <v11:timestamp>${=new java.text.SimpleDateFormat("yyyy-MM-dd'T'HH:mm:ss.SSS").format(new Date())}</v11:timestamp>
         </v1:messageContext>
         <v1:legalContext>ServiceIntegrator</v1:legalContext>
         <v1:request>
            <!--Optional:-->
            <v1:referenceDate>2016-10-06</v1:referenceDate>
         </v1:request>
      </v1:getAllIsoCodesRequest>
   </soapenv:Body>
</soapenv:Envelope>]]></con:request><con:assertion type="SOAP Fault Assertion" id="f742e3fd-b3e2-47c2-897f-e95793fd2f5b" name="Not SOAP Fault"/><con:assertion type="SOAP Response" id="afecca3d-9b95-448a-98c1-92ee16751a18" name="SOAP Response"/><con:assertion type="Schema Compliance" id="7042ac80-1cde-4e28-9579-e127a44e20d2" name="Schema Compliance"><con:configuration/></con:assertion><con:wsaConfig action="http://fidus.brussels/services/countryservice/getAllIsoCodes"/></con:request></con:config></con:testStep><con:properties/></con:testCase><con:testCase id="fb92e135-c730-416a-95e5-407d56d767fa" failOnError="true" failTestCaseOnErrors="true" keepSession="false" maxResults="0" name="getAllNisCodes" searchProperties="true"><con:settings/><con:testStep type="request" id="3aaf5b0e-4fb9-4df7-8449-9be34dce6251" name="testcase04 - Staging External - Request"><con:settings/><con:config xsi:type="con:RequestStep" xmlns:xsi="http://www.w3.org/2001/XMLSchema-instance"><con:interface>CountryServiceHTTPBinding</con:interface><con:operation>getAllNisCodes</con:operation><con:request name="testcase04 - Staging External - Request" id="6d0aa60f-ee41-44ed-8b49-33bef904b35d" outgoingWss="Outflow STAG"><con:settings/><con:encoding>UTF-8</con:encoding><con:endpoint>https://fidus.irisnetlab.be/services/CountryService_v1.0</con:endpoint><con:request><![CDATA[<soapenv:Envelope xmlns:soapenv="http://schemas.xmlsoap.org/soap/envelope/" xmlns:v1="http://fidus.brussels/service/countryservice/messages/v1" xmlns:v11="http://fidus.brussels/type/common/messages/v1">
   <soapenv:Header/>
   <soapenv:Body>
      <v1:getAllNisCodesRequest>
         <v1:messageContext>
            <v11:messageId>${=import static java.util.UUID.randomUUID; uuid = randomUUID() as String}</v11:messageId>            
            <v11:timestamp>${=new java.text.SimpleDateFormat("yyyy-MM-dd'T'HH:mm:ss.SSS").format(new Date())}</v11:timestamp>
         </v1:messageContext>
         <v1:legalContext>ServiceIntegrator</v1:legalContext>
         <v1:request>
            <!--Optional:-->
            <v1:referenceDate>2016-10-13</v1:referenceDate>
         </v1:request>
      </v1:getAllNisCodesRequest>
   </soapenv:Body>
</soapenv:Envelope>]]></con:request><con:assertion type="SOAP Fault Assertion" id="4bff8a69-a1a4-4ec9-b78b-f9854b7fd0ba" name="Not SOAP Fault"/><con:assertion type="SOAP Response" id="b194497f-e41a-4771-af59-a40906c2380d" name="SOAP Response"/><con:assertion type="Schema Compliance" id="f8626613-06bb-424d-b2a7-6014a17d62fb" name="Schema Compliance"><con:configuration/></con:assertion><con:wsaConfig action="http://fidus.brussels/services/countryservice/getAllNisCodes"/></con:request></con:config></con:testStep><con:testStep type="request" id="47a163bb-8ec8-4a8f-9cb7-7cff52a97930" name="testcase04 - Staging LB - Request"><con:settings/><con:config xsi:type="con:RequestStep" xmlns:xsi="http://www.w3.org/2001/XMLSchema-instance"><con:interface>CountryServiceHTTPBinding</con:interface><con:operation>getAllNisCodes</con:operation><con:request name="testcase04 - Staging LB - Request" id="9658d218-7474-4783-a94f-cfa5ef9742d7" outgoingWss="Outflow STAG"><con:settings/><con:encoding>UTF-8</con:encoding><con:endpoint>https://fidus-esb-sg.sta.srv.cirb.lan:8443/services/CountryService_v1.0</con:endpoint><con:request><![CDATA[<soapenv:Envelope xmlns:soapenv="http://schemas.xmlsoap.org/soap/envelope/" xmlns:v1="http://fidus.brussels/service/countryservice/messages/v1" xmlns:v11="http://fidus.brussels/type/common/messages/v1">
   <soapenv:Header/>
   <soapenv:Body>
      <v1:getAllNisCodesRequest>
         <v1:messageContext>
            <v11:messageId>${=import static java.util.UUID.randomUUID; uuid = randomUUID() as String}</v11:messageId>            
            <v11:timestamp>${=new java.text.SimpleDateFormat("yyyy-MM-dd'T'HH:mm:ss.SSS").format(new Date())}</v11:timestamp>
         </v1:messageContext>
         <v1:legalContext>ServiceIntegrator</v1:legalContext>
         <v1:request>
            <!--Optional:-->
            <v1:referenceDate>2016-10-13</v1:referenceDate>
         </v1:request>
      </v1:getAllNisCodesRequest>
   </soapenv:Body>
</soapenv:Envelope>]]></con:request><con:assertion type="SOAP Fault Assertion" id="292bb58f-790d-42c8-83f2-948a772d1c63" name="Not SOAP Fault"/><con:assertion type="SOAP Response" id="9cde81ae-4ea2-4c83-b787-9af1921e9925" name="SOAP Response"/><con:assertion type="Schema Compliance" id="108199cc-574b-4fce-8033-cad92bd2b3e9" name="Schema Compliance"><con:configuration/></con:assertion><con:wsaConfig action="http://fidus.brussels/services/countryservice/getAllNisCodes"/></con:request></con:config></con:testStep><con:testStep type="request" id="4e901456-0b04-4ad9-9c2f-f4696286ba02" name="testcase04 - Staging Worker1 - Request"><con:settings/><con:config xsi:type="con:RequestStep" xmlns:xsi="http://www.w3.org/2001/XMLSchema-instance"><con:interface>CountryServiceHTTPBinding</con:interface><con:operation>getAllNisCodes</con:operation><con:request name="testcase04 - Staging Worker1 - Request" id="90db6c64-e9e9-4ffb-b993-36091074826c" outgoingWss="Outflow STAG"><con:settings/><con:encoding>UTF-8</con:encoding><con:endpoint>https://192.168.24.16:8443/services/CountryService_v1.0</con:endpoint><con:request><![CDATA[<soapenv:Envelope xmlns:soapenv="http://schemas.xmlsoap.org/soap/envelope/" xmlns:v1="http://fidus.brussels/service/countryservice/messages/v1" xmlns:v11="http://fidus.brussels/type/common/messages/v1">
   <soapenv:Header/>
   <soapenv:Body>
      <v1:getAllNisCodesRequest>
         <v1:messageContext>
            <v11:messageId>${=import static java.util.UUID.randomUUID; uuid = randomUUID() as String}</v11:messageId>            
            <v11:timestamp>${=new java.text.SimpleDateFormat("yyyy-MM-dd'T'HH:mm:ss.SSS").format(new Date())}</v11:timestamp>
         </v1:messageContext>
         <v1:legalContext>ServiceIntegrator</v1:legalContext>
         <v1:request>
            <!--Optional:-->
            <v1:referenceDate>2016-10-13</v1:referenceDate>
         </v1:request>
      </v1:getAllNisCodesRequest>
   </soapenv:Body>
</soapenv:Envelope>]]></con:request><con:assertion type="SOAP Fault Assertion" id="6c564e05-c693-4f7b-89bc-66cd91146a48" name="Not SOAP Fault"/><con:assertion type="SOAP Response" id="b44dcb23-21c1-4415-a2e1-96994ce06b70" name="SOAP Response"/><con:assertion type="Schema Compliance" id="995c844a-ba24-437c-858a-608023eb9af0" name="Schema Compliance"><con:configuration/></con:assertion><con:wsaConfig action="http://fidus.brussels/services/countryservice/getAllNisCodes"/></con:request></con:config></con:testStep><con:properties/></con:testCase><con:testCase id="84a51d71-4b8b-4d18-989d-31e9e86e1baf" failOnError="true" failTestCaseOnErrors="true" keepSession="false" maxResults="0" name="getNationalities" searchProperties="true"><con:settings/><con:testStep type="request" id="bce1bdef-8815-4456-aca0-7e79d56c3252" name="testcase04 - Staging External - Request"><con:settings/><con:config xsi:type="con:RequestStep" xmlns:xsi="http://www.w3.org/2001/XMLSchema-instance"><con:interface>CountryServiceHTTPBinding</con:interface><con:operation>getNationalities</con:operation><con:request name="testcase04 - Staging External - Request" id="ff9357d2-1b84-41bf-a23d-31e74a3728fa" outgoingWss="Outflow STAG"><con:settings/><con:encoding>UTF-8</con:encoding><con:endpoint>https://fidus.irisnetlab.be/services/CountryService_v1.0</con:endpoint><con:request><![CDATA[<soapenv:Envelope xmlns:soapenv="http://schemas.xmlsoap.org/soap/envelope/" xmlns:v1="http://fidus.brussels/service/countryservice/messages/v1" xmlns:v11="http://fidus.brussels/type/common/messages/v1">
   <soapenv:Header/>
   <soapenv:Body>
      <v1:getNationalitiesRequest>
         <v1:messageContext>
            <v11:messageId>${=import static java.util.UUID.randomUUID; uuid = randomUUID() as String}</v11:messageId>
            <!--Optional:-->
            <v11:timestamp>${=new java.text.SimpleDateFormat("yyyy-MM-dd'T'HH:mm:ss.SSS").format(new Date())}</v11:timestamp>
         </v1:messageContext>
         <v1:legalContext>ServiceIntegrator</v1:legalContext>
         <v1:request>
            <!--Optional:-->
            <v1:referenceDate>2016-10-13</v1:referenceDate>
         </v1:request>
      </v1:getNationalitiesRequest>
   </soapenv:Body>
</soapenv:Envelope>]]></con:request><con:assertion type="SOAP Fault Assertion" id="8b77afb8-7a55-473b-b660-9e2a9ef67a29" name="Not SOAP Fault"/><con:assertion type="SOAP Response" id="db40e709-cdb8-43cf-91be-5528d2066f4a" name="SOAP Response"/><con:assertion type="Schema Compliance" id="ba4741e8-4505-44e5-b6fd-955812889121" name="Schema Compliance"><con:configuration/></con:assertion><con:wsaConfig action="http://fidus.brussels/services/countryservice/getNationalities"/></con:request></con:config></con:testStep><con:properties/></con:testCase><con:testCase id="6484b0ad-b843-44a3-927c-2373d7563d5b" failOnError="true" failTestCaseOnErrors="true" keepSession="false" maxResults="0" name="getNationality" searchProperties="true"><con:settings/><con:testStep type="request" id="d42bb070-b940-42f0-9839-ae689b8e111b" name="testcase04 - Staging External -Request"><con:settings/><con:config xsi:type="con:RequestStep" xmlns:xsi="http://www.w3.org/2001/XMLSchema-instance"><con:interface>CountryServiceHTTPBinding</con:interface><con:operation>getNationality</con:operation><con:request name="testcase04 - Staging External -Request" id="bfac71dd-cc9d-46f4-bd54-8573cf9b793d" outgoingWss="Outflow STAG"><con:settings/><con:encoding>UTF-8</con:encoding><con:endpoint>https://fidus.irisnetlab.be/services/CountryService_v1.0</con:endpoint><con:request><![CDATA[<soapenv:Envelope xmlns:soapenv="http://schemas.xmlsoap.org/soap/envelope/" xmlns:v1="http://fidus.brussels/service/countryservice/messages/v1" xmlns:v11="http://fidus.brussels/type/common/messages/v1" xmlns:v12="http://fsb.belgium.be/mappingServices/countryService/messages/v1_00">
   <soapenv:Header/>
   <soapenv:Body>
      <v1:getNationalityRequest>
         <v1:messageContext>
         	  <v11:messageId>${=import static java.util.UUID.randomUUID; uuid = randomUUID() as String}</v11:messageId>
            <v11:timestamp>${=new java.text.SimpleDateFormat("yyyy-MM-dd'T'HH:mm:ss.SSS").format(new Date())}</v11:timestamp>
         </v1:messageContext>
         <v1:legalContext>ServiceIntegrator</v1:legalContext>
         <v1:request>
            <!--You have a CHOICE of the next 4 items at this level-->
            <v12:iso-alpha2>BE</v12:iso-alpha2>          
         </v1:request>
      </v1:getNationalityRequest>
   </soapenv:Body>
</soapenv:Envelope>]]></con:request><con:assertion type="SOAP Fault Assertion" id="7466b951-6990-482f-9e53-d21512dea673" name="Not SOAP Fault"/><con:assertion type="SOAP Response" id="c5655066-b1b3-444e-8f3e-eb73c943bc69" name="SOAP Response"/><con:assertion type="Schema Compliance" id="524b38e8-92ba-484d-a508-e91dcfe44979" name="Schema Compliance"><con:configuration/></con:assertion><con:wsaConfig action="http://fidus.brussels/services/countryservice/getNationality"/></con:request></con:config></con:testStep><con:properties/></con:testCase><con:testCase id="15cd27cd-d6ca-452e-9b3d-8b753d897d21" failOnError="true" failTestCaseOnErrors="true" keepSession="false" maxResults="0" name="getNationalityHistory" searchProperties="true"><con:settings/><con:testStep type="request" id="dfdd52dd-d046-456b-8abf-764c66810aa7" name="testcase04 - Staging External - Request"><con:settings/><con:config xsi:type="con:RequestStep" xmlns:xsi="http://www.w3.org/2001/XMLSchema-instance"><con:interface>CountryServiceHTTPBinding</con:interface><con:operation>getNationalityHistory</con:operation><con:request name="testcase04 - Staging External - Request" id="266e7e9e-0607-4e9f-9382-bb0d0a0b3848" outgoingWss="Outflow STAG"><con:settings/><con:encoding>UTF-8</con:encoding><con:endpoint>https://fidus.irisnetlab.be/services/CountryService_v1.0</con:endpoint><con:request><![CDATA[<soapenv:Envelope xmlns:soapenv="http://schemas.xmlsoap.org/soap/envelope/" xmlns:v1="http://fidus.brussels/service/countryservice/messages/v1" xmlns:v11="http://fidus.brussels/type/common/messages/v1" xmlns:v12="http://fsb.belgium.be/mappingServices/countryService/messages/v1_00">
   <soapenv:Header/>
   <soapenv:Body>
      <v1:getNationalityHistoryRequest>
         <v1:messageContext>
            <v11:messageId>${=import static java.util.UUID.randomUUID; uuid = randomUUID() as String}</v11:messageId>
            <!--Optional:-->
            <v11:timestamp>${=new java.text.SimpleDateFormat("yyyy-MM-dd'T'HH:mm:ss.SSS").format(new Date())}</v11:timestamp>
         </v1:messageContext>
         <v1:legalContext>ServiceIntegrator</v1:legalContext>
         <v1:request>
            <v12:iso-alpha3>FRA</v12:iso-alpha3>
            <!--Optional:-->
            <v12:referenceDate>2016-10-16</v12:referenceDate>
         </v1:request>
      </v1:getNationalityHistoryRequest>
   </soapenv:Body>
</soapenv:Envelope>]]></con:request><con:assertion type="SOAP Fault Assertion" id="c3100775-ef6b-4ff7-b617-418fcf8657e3" name="Not SOAP Fault"/><con:assertion type="SOAP Response" id="f8e95fa5-035e-479f-b201-91480fd5031d" name="SOAP Response"/><con:assertion type="Schema Compliance" id="b4113afb-0a36-4734-904c-265a9a021b5f" name="Schema Compliance"><con:configuration/></con:assertion><con:wsaConfig action="http://fidus.brussels/services/countryservice/getNationalityHistory"/></con:request></con:config></con:testStep><con:properties/></con:testCase><con:testCase id="5bcaffd3-4032-496a-ab86-7a0c4899e2c0" failOnError="true" failTestCaseOnErrors="true" keepSession="false" maxResults="0" name="getPlaceCountries" searchProperties="true"><con:settings/><con:testStep type="request" id="3231e09f-2162-4253-afec-1db979de6176" name="testcase04 - Staging External - Request"><con:settings/><con:config xsi:type="con:RequestStep" xmlns:xsi="http://www.w3.org/2001/XMLSchema-instance"><con:interface>CountryServiceHTTPBinding</con:interface><con:operation>getPlaceCountries</con:operation><con:request name="testcase04 - Staging External - Request" id="ec39f70d-6d88-4b91-bf33-b18cf0c4af5b" outgoingWss="Outflow STAG"><con:settings/><con:encoding>UTF-8</con:encoding><con:endpoint>https://fidus.irisnetlab.be/services/CountryService_v1.0</con:endpoint><con:request><![CDATA[<soapenv:Envelope xmlns:soapenv="http://schemas.xmlsoap.org/soap/envelope/" xmlns:v1="http://fidus.brussels/service/countryservice/messages/v1" xmlns:v11="http://fidus.brussels/type/common/messages/v1">
   <soapenv:Header/>
   <soapenv:Body>
      <v1:getPlaceCountriesRequest>
         <v1:messageContext>
            <v11:messageId>${=import static java.util.UUID.randomUUID; uuid = randomUUID() as String}</v11:messageId>
            <!--Optional:-->
            <v11:timestamp>${=new java.text.SimpleDateFormat("yyyy-MM-dd'T'HH:mm:ss.SSS").format(new Date())}</v11:timestamp>
         </v1:messageContext>
         <v1:legalContext>ServiceIntegrator</v1:legalContext>
         <v1:request>
            <!--Optional:-->
            <v1:referenceDate>2016-10-14</v1:referenceDate>
         </v1:request>
      </v1:getPlaceCountriesRequest>
   </soapenv:Body>
</soapenv:Envelope>]]></con:request><con:assertion type="SOAP Fault Assertion" id="45f35b87-9110-4065-8943-f9e5d8a09581" name="Not SOAP Fault"/><con:assertion type="SOAP Response" id="a517151a-0433-49b5-9236-6432fa8c3c42" name="SOAP Response"/><con:assertion type="Schema Compliance" id="084edeca-658a-4f58-8cc2-c2732dce69fc" name="Schema Compliance"><con:configuration/></con:assertion><con:wsaConfig action="http://fidus.brussels/services/countryservice/getPlaceCountries"/></con:request></con:config></con:testStep><con:properties/></con:testCase><con:testCase id="2eddf646-4cdd-48c1-bc0e-fca42a42cea6" failOnError="true" failTestCaseOnErrors="true" keepSession="false" maxResults="0" name="getPlaceCountry" searchProperties="true"><con:settings/><con:testStep type="request" id="13dfce07-4dfd-4c7e-8997-edf725e20061" name="testcase04 - Staging External - Request"><con:settings/><con:config xsi:type="con:RequestStep" xmlns:xsi="http://www.w3.org/2001/XMLSchema-instance"><con:interface>CountryServiceHTTPBinding</con:interface><con:operation>getPlaceCountry</con:operation><con:request name="testcase04 - Staging External - Request" id="bd812e8e-2ef7-48a4-a813-c17b05ae2e9f" outgoingWss="Outflow STAG"><con:settings/><con:encoding>UTF-8</con:encoding><con:endpoint>https://fidus.irisnetlab.be/services/CountryService_v1.0</con:endpoint><con:request><![CDATA[<soapenv:Envelope xmlns:soapenv="http://schemas.xmlsoap.org/soap/envelope/" xmlns:v1="http://fidus.brussels/service/countryservice/messages/v1" xmlns:v11="http://fidus.brussels/type/common/messages/v1" xmlns:v12="http://fsb.belgium.be/mappingServices/countryService/messages/v1_00">
   <soapenv:Header/>
   <soapenv:Body>
      <v1:getPlaceCountryRequest>
         <v1:messageContext>
            <v11:messageId>${=import static java.util.UUID.randomUUID; uuid = randomUUID() as String}</v11:messageId>
            <!--Optional:-->
            <v11:timestamp>${=new java.text.SimpleDateFormat("yyyy-MM-dd'T'HH:mm:ss.SSS").format(new Date())}</v11:timestamp>
         </v1:messageContext>
         <v1:legalContext>ServiceIntegrator</v1:legalContext>
         <v1:request>
            <!--You have a CHOICE of the next 4 items at this level-->
            <!--
            <v12:iso-alpha2 startDate="?" endDate="?" status="?">?</v12:iso-alpha2>
            <v12:iso-alpha3 startDate="?" endDate="?" status="?">?</v12:iso-alpha3>
            <v12:iso-num3 startDate="?" endDate="?" status="?">?</v12:iso-num3>
            <v12:nis-num3 startDate="?" endDate="?" status="?">?</v12:nis-num3>
			-->
             <v12:iso-alpha2>NL</v12:iso-alpha2>
             
         </v1:request>
      </v1:getPlaceCountryRequest>
   </soapenv:Body>
</soapenv:Envelope>]]></con:request><con:assertion type="SOAP Fault Assertion" id="c3ee9ce2-196d-4e10-bdfa-abd50bedcd28" name="Not SOAP Fault"/><con:assertion type="SOAP Response" id="1f48b831-9890-4afe-a102-0b1a98cd1d8e" name="SOAP Response"/><con:assertion type="Schema Compliance" id="cc6f1814-f660-411a-b90a-9da0958efba8" name="Schema Compliance"><con:configuration/></con:assertion><con:wsaConfig action="http://fidus.brussels/services/countryservice/getPlaceCountry"/></con:request></con:config></con:testStep><con:properties/></con:testCase><con:testCase id="c7da8358-757b-41e2-a898-c5dac4b08e02" failOnError="true" failTestCaseOnErrors="true" keepSession="false" maxResults="0" name="getPlaceCountryHistory" searchProperties="true"><con:settings/><con:testStep type="request" id="592db694-ad20-4072-baef-5e3c512a678b" name="testcase04 - Staging External - Request"><con:settings/><con:config xsi:type="con:RequestStep" xmlns:xsi="http://www.w3.org/2001/XMLSchema-instance"><con:interface>CountryServiceHTTPBinding</con:interface><con:operation>getPlaceCountryHistory</con:operation><con:request name="testcase04 - Staging External - Request" id="7325d682-656a-4506-89e2-926e6b792dfb" outgoingWss="Outflow STAG"><con:settings/><con:encoding>UTF-8</con:encoding><con:endpoint>https://fidus.irisnetlab.be/services/CountryService_v1.0</con:endpoint><con:request><![CDATA[<soapenv:Envelope xmlns:soapenv="http://schemas.xmlsoap.org/soap/envelope/" xmlns:v1="http://fidus.brussels/service/countryservice/messages/v1" xmlns:v11="http://fidus.brussels/type/common/messages/v1" xmlns:v12="http://fsb.belgium.be/mappingServices/countryService/messages/v1_00">
   <soapenv:Header/>
   <soapenv:Body>
      <v1:getPlaceCountryHistoryRequest>
         <v1:messageContext>
            <v11:messageId>${=import static java.util.UUID.randomUUID; uuid = randomUUID() as String}</v11:messageId>
            <!--Optional:-->
            <v11:timestamp>${=new java.text.SimpleDateFormat("yyyy-MM-dd'T'HH:mm:ss.SSS").format(new Date())}</v11:timestamp>
         </v1:messageContext>
         <v1:legalContext>ServiceIntegrator</v1:legalContext>
         <v1:request>
            <v12:iso-alpha2>NL</v12:iso-alpha2>
         </v1:request>
      </v1:getPlaceCountryHistoryRequest>
   </soapenv:Body>
</soapenv:Envelope>]]></con:request><con:assertion type="SOAP Fault Assertion" id="f60a758d-bbdc-4693-8aea-1984a3e7fb09" name="Not SOAP Fault"/><con:assertion type="SOAP Response" id="2012251d-20b0-42e6-bee2-735150ad0695" name="SOAP Response"/><con:assertion type="Schema Compliance" id="32b81e80-7d2b-44ac-959f-be061281f42d" name="Schema Compliance"><con:configuration/></con:assertion><con:wsaConfig action="http://fidus.brussels/services/countryservice/getPlaceCountryHistory"/></con:request></con:config></con:testStep><con:properties/></con:testCase><con:properties/></con:testSuite><con:testSuite id="b06b46ff-d4c3-4e68-b795-147d25f40348" name="PROD"><con:settings/><con:runType>SEQUENTIAL</con:runType><con:testCase id="f20fcb48-a51f-4803-9217-9915da0f870e" failOnError="true" failTestCaseOnErrors="true" keepSession="false" maxResults="0" name="getAddressCountries" searchProperties="true"><con:settings/><con:testStep type="request" id="2d55e108-8913-4fc2-bcc3-530e7999ae6d" name="testcase05 - Prod - External - Request"><con:settings/><con:config xsi:type="con:RequestStep" xmlns:xsi="http://www.w3.org/2001/XMLSchema-instance"><con:interface>CountryServiceHTTPBinding</con:interface><con:operation>getAddressCountries</con:operation><con:request name="testcase05 - Prod - External - Request" id="bcd99c87-9c74-4909-8a84-fa3b39327339" outgoingWss="Outflow PROD"><con:settings/><con:encoding>UTF-8</con:encoding><con:endpoint>https://fidus.sec.brussels/services/CountryService_v1.0</con:endpoint><con:request><![CDATA[<soapenv:Envelope xmlns:soapenv="http://schemas.xmlsoap.org/soap/envelope/" xmlns:v1="http://fidus.brussels/service/countryservice/messages/v1" xmlns:v11="http://fidus.brussels/type/common/messages/v1">
   <soapenv:Header/>
   <soapenv:Body>
      <v1:getAddressCountriesRequest>
         <v1:messageContext>
            <v11:messageId>${=import static java.util.UUID.randomUUID; uuid = randomUUID() as String}</v11:messageId>
            <!--Optional:-->
            <v11:timestamp>${=new java.text.SimpleDateFormat("yyyy-MM-dd'T'HH:mm:ss.SSS").format(new Date())}</v11:timestamp>
         </v1:messageContext>
         <v1:legalContext>ServiceIntegrator</v1:legalContext>
         <v1:request>
            <!--Optional:-->
            <v1:referenceDate>2016-10-10</v1:referenceDate>
         </v1:request>
      </v1:getAddressCountriesRequest>
   </soapenv:Body>
</soapenv:Envelope>]]></con:request><con:assertion type="SOAP Fault Assertion" id="0edffa16-eff8-49fb-941e-e43bced660a9" name="Not SOAP Fault"/><con:assertion type="SOAP Response" id="636a5123-916a-4235-b3c7-fc658be2b358" name="SOAP Response"/><con:assertion type="Schema Compliance" id="6ce065df-e1ab-4b5d-86dd-7062c5dd7e57" name="Schema Compliance"><con:configuration/></con:assertion><con:wsaConfig action="http://fidus.brussels/services/countryservice/getAddressCountries"/></con:request></con:config></con:testStep><con:properties/></con:testCase><con:testCase id="cdec1928-275e-47c7-8fe2-4c6fb0204342" failOnError="true" failTestCaseOnErrors="true" keepSession="false" maxResults="0" name="getAddressCountry" searchProperties="true"><con:settings/><con:testStep type="request" id="5a768778-01db-4b27-8332-f8784d0d9295" name="testcase05 - Prod - External - Request"><con:settings/><con:config xsi:type="con:RequestStep" xmlns:xsi="http://www.w3.org/2001/XMLSchema-instance"><con:interface>CountryServiceHTTPBinding</con:interface><con:operation>getAddressCountry</con:operation><con:request name="testcase05 - Prod - External - Request" id="0fee6cb1-2a64-4199-a1b8-30f6c70125ed" outgoingWss="Outflow PROD"><con:settings/><con:encoding>UTF-8</con:encoding><con:endpoint>https://fidus.sec.brussels/services/CountryService_v1.0</con:endpoint><con:request><![CDATA[<soapenv:Envelope xmlns:soapenv="http://schemas.xmlsoap.org/soap/envelope/" xmlns:v1="http://fidus.brussels/service/countryservice/messages/v1" xmlns:v11="http://fidus.brussels/type/common/messages/v1" xmlns:v12="http://fsb.belgium.be/mappingServices/countryService/messages/v1_00">
   <soapenv:Header/>
   <soapenv:Body>
      <v1:getAddressCountryRequest>
         <v1:messageContext>
            <v11:messageId>${=import static java.util.UUID.randomUUID; uuid = randomUUID() as String}</v11:messageId>
            <!--Optional:-->
            <v11:timestamp>${=new java.text.SimpleDateFormat("yyyy-MM-dd'T'HH:mm:ss.SSS").format(new Date())}</v11:timestamp>
         </v1:messageContext>
         <v1:legalContext>ServiceIntegrator</v1:legalContext>
         <v1:request>
            <!--You have a CHOICE of the next 4 items at this level-->
            <v12:iso-alpha2>BE</v12:iso-alpha2>
            <!--<v12:iso-alpha3 startDate="?" endDate="?" status="?">?</v12:iso-alpha3>-->
            <!--<v12:iso-num3 startDate="?" endDate="?" status="?">?</v12:iso-num3>-->
            <!--<v12:nis-num3 startDate="?" endDate="?" status="?">?</v12:nis-num3>-->
         </v1:request>
      </v1:getAddressCountryRequest>
   </soapenv:Body>
</soapenv:Envelope>]]></con:request><con:assertion type="SOAP Fault Assertion" id="91a564b2-96ae-4a54-a21a-2994b677befd" name="Not SOAP Fault"/><con:assertion type="SOAP Response" id="035201ea-b0c6-4908-b392-71d44556ea77" name="SOAP Response"/><con:assertion type="Schema Compliance" id="ebf26279-2080-44cf-a12d-126f006c20c1" name="Schema Compliance"><con:configuration/></con:assertion><con:wsaConfig action="http://fidus.brussels/services/countryservice/getAddressCountry"/></con:request></con:config></con:testStep><con:properties/></con:testCase><con:testCase id="c48545b5-2e5c-4c86-a6a9-b880e166cc95" failOnError="true" failTestCaseOnErrors="true" keepSession="false" maxResults="0" name="getAddressCountryHistory" searchProperties="true"><con:settings/><con:testStep type="request" id="4fe4b48e-7d7b-40aa-b650-a86f4b5d84f8" name="testcase05 - Prod - External - Request"><con:settings/><con:config xsi:type="con:RequestStep" xmlns:xsi="http://www.w3.org/2001/XMLSchema-instance"><con:interface>CountryServiceHTTPBinding</con:interface><con:operation>getAddressCountryHistory</con:operation><con:request name="testcase05 - Prod - External - Request" id="840f5136-7e74-4863-9835-62430f85472c" outgoingWss="Outflow PROD"><con:settings/><con:encoding>UTF-8</con:encoding><con:endpoint>https://fidus.sec.brussels/services/CountryService_v1.0</con:endpoint><con:request><![CDATA[<soapenv:Envelope xmlns:soapenv="http://schemas.xmlsoap.org/soap/envelope/" xmlns:v1="http://fidus.brussels/service/countryservice/messages/v1" xmlns:v11="http://fidus.brussels/type/common/messages/v1" xmlns:v12="http://fsb.belgium.be/mappingServices/countryService/messages/v1_00">
   <soapenv:Header/>
   <soapenv:Body>
      <v1:getAddressCountryHistoryRequest>
         <v1:messageContext>
            <v11:messageId>${=import static java.util.UUID.randomUUID; uuid = randomUUID() as String}</v11:messageId>
            <v11:timestamp>${=new java.text.SimpleDateFormat("yyyy-MM-dd'T'HH:mm:ss.SSS").format(new Date())}</v11:timestamp>
         </v1:messageContext>
         <v1:legalContext>ServiceIntegrator</v1:legalContext>
         <v1:request>
            <v12:iso-alpha2>FR</v12:iso-alpha2>
            <v12:referenceDate>2016-10-10</v12:referenceDate>
         </v1:request>
      </v1:getAddressCountryHistoryRequest>
   </soapenv:Body>
</soapenv:Envelope>]]></con:request><con:assertion type="SOAP Fault Assertion" id="26b62957-4880-45ea-85a1-85c5332d4895" name="Not SOAP Fault"/><con:assertion type="SOAP Response" id="5c0ca136-11c9-40f8-8cfa-28aa5ea42cd0" name="SOAP Response"/><con:assertion type="Schema Compliance" id="63e4e55c-e66e-44f9-9aab-f45d1271a5df" name="Schema Compliance"><con:configuration/></con:assertion><con:wsaConfig action="http://fidus.brussels/services/countryservice/getAddressCountryHistory"/></con:request></con:config></con:testStep><con:properties/></con:testCase><con:testCase id="e10bc345-a0e3-4c5e-b0d9-3a6e0e27737e" failOnError="true" failTestCaseOnErrors="true" keepSession="false" maxResults="0" name="getAllIsoCodes" searchProperties="true"><con:settings/><con:testStep type="request" id="e3211607-7d4f-47c9-8cfa-c2beed0f81ab" name="testcase05 - Prod - External - Request"><con:settings/><con:config xsi:type="con:RequestStep" xmlns:xsi="http://www.w3.org/2001/XMLSchema-instance"><con:interface>CountryServiceHTTPBinding</con:interface><con:operation>getAllIsoCodes</con:operation><con:request name="testcase05 - Prod - External - Request" id="500b89be-1a01-4ba0-9227-a070f0c5ee19" outgoingWss="Outflow PROD"><con:settings/><con:encoding>UTF-8</con:encoding><con:endpoint>https://fidus.sec.brussels/services/CountryService_v1.0</con:endpoint><con:request><![CDATA[<soapenv:Envelope xmlns:soapenv="http://schemas.xmlsoap.org/soap/envelope/" xmlns:v1="http://fidus.brussels/service/countryservice/messages/v1" xmlns:v11="http://fidus.brussels/type/common/messages/v1">
   <soapenv:Header/>
   <soapenv:Body>
      <v1:getAllIsoCodesRequest>
         <v1:messageContext>
         	  <v11:messageId>${=import static java.util.UUID.randomUUID; uuid = randomUUID() as String}</v11:messageId>
            <v11:timestamp>${=new java.text.SimpleDateFormat("yyyy-MM-dd'T'HH:mm:ss.SSS").format(new Date())}</v11:timestamp>
         </v1:messageContext>
         <v1:legalContext>ServiceIntegrator</v1:legalContext>
         <v1:request>
            <!--Optional:-->
            <v1:referenceDate>2016-10-06</v1:referenceDate>
         </v1:request>
      </v1:getAllIsoCodesRequest>
   </soapenv:Body>
</soapenv:Envelope>]]></con:request><con:assertion type="SOAP Fault Assertion" id="f329f922-ee1b-4a0e-b6f9-578a12453eeb" name="Not SOAP Fault"/><con:assertion type="SOAP Response" id="eaf3c9cd-f8c2-4a5e-bba7-9650329b3e90" name="SOAP Response"/><con:assertion type="Schema Compliance" id="fa7d625c-7cc3-448d-a5c7-94044e7b29aa" name="Schema Compliance"><con:configuration/></con:assertion><con:wsaConfig action="http://fidus.brussels/services/countryservice/getAllIsoCodes"/></con:request></con:config></con:testStep><con:properties/></con:testCase><con:testCase id="3f58d54f-4924-4c9c-95f5-5b47211b845a" failOnError="true" failTestCaseOnErrors="true" keepSession="false" maxResults="0" name="getAllNisCodes" searchProperties="true"><con:settings/><con:testStep type="request" id="ac1ca4a5-a141-4cef-bfd1-d3399e38725b" name="testcase05 - Prod - External - Request"><con:settings/><con:config xsi:type="con:RequestStep" xmlns:xsi="http://www.w3.org/2001/XMLSchema-instance"><con:interface>CountryServiceHTTPBinding</con:interface><con:operation>getAllNisCodes</con:operation><con:request name="testcase05 - Prod - External - Request" id="541ace7a-ec4b-4e2a-9512-0b56c153e512" outgoingWss="Outflow PROD"><con:settings/><con:encoding>UTF-8</con:encoding><con:endpoint>https://fidus.sec.brussels/services/CountryService_v1.0</con:endpoint><con:request><![CDATA[<soapenv:Envelope xmlns:soapenv="http://schemas.xmlsoap.org/soap/envelope/" xmlns:v1="http://fidus.brussels/service/countryservice/messages/v1" xmlns:v11="http://fidus.brussels/type/common/messages/v1">
   <soapenv:Header/>
   <soapenv:Body>
      <v1:getAllNisCodesRequest>
         <v1:messageContext>
            <v11:messageId>${=import static java.util.UUID.randomUUID; uuid = randomUUID() as String}</v11:messageId>            
            <v11:timestamp>${=new java.text.SimpleDateFormat("yyyy-MM-dd'T'HH:mm:ss.SSS").format(new Date())}</v11:timestamp>
         </v1:messageContext>
         <v1:legalContext>ServiceIntegrator</v1:legalContext>
         <v1:request>
            <!--Optional:-->
            <v1:referenceDate>2016-10-13</v1:referenceDate>
         </v1:request>
      </v1:getAllNisCodesRequest>
   </soapenv:Body>
</soapenv:Envelope>]]></con:request><con:assertion type="SOAP Fault Assertion" id="a5f0cad7-192c-48a1-a535-a8977ea609a5" name="Not SOAP Fault"/><con:assertion type="SOAP Response" id="033d7a63-06ea-49e7-a5f9-a773cf043367" name="SOAP Response"/><con:assertion type="Schema Compliance" id="d0bfbf13-452e-4f65-9fbf-09079e79e22e" name="Schema Compliance"><con:configuration/></con:assertion><con:wsaConfig action="http://fidus.brussels/services/countryservice/getAllNisCodes"/></con:request></con:config></con:testStep><con:properties/></con:testCase><con:testCase id="d7bfc61d-9da8-41cb-96e8-09b54bbb0242" failOnError="true" failTestCaseOnErrors="true" keepSession="false" maxResults="0" name="getNationalities" searchProperties="true"><con:settings/><con:testStep type="request" id="d9aed1c1-ba91-496f-aa91-9b95e1db0161" name="testcase05 - Prod External - Request"><con:settings/><con:config xsi:type="con:RequestStep" xmlns:xsi="http://www.w3.org/2001/XMLSchema-instance"><con:interface>CountryServiceHTTPBinding</con:interface><con:operation>getNationalities</con:operation><con:request name="testcase05 - Prod External - Request" id="17f15758-a96d-4a4d-98f0-87bbcae688ad" outgoingWss="Outflow PROD"><con:settings/><con:encoding>UTF-8</con:encoding><con:endpoint>https://fidus.sec.brussels/services/CountryService_v1.0</con:endpoint><con:request><![CDATA[<soapenv:Envelope xmlns:soapenv="http://schemas.xmlsoap.org/soap/envelope/" xmlns:v1="http://fidus.brussels/service/countryservice/messages/v1" xmlns:v11="http://fidus.brussels/type/common/messages/v1">
   <soapenv:Header/>
   <soapenv:Body>
      <v1:getNationalitiesRequest>
         <v1:messageContext>
            <v11:messageId>${=import static java.util.UUID.randomUUID; uuid = randomUUID() as String}</v11:messageId>
            <!--Optional:-->
            <v11:timestamp>${=new java.text.SimpleDateFormat("yyyy-MM-dd'T'HH:mm:ss.SSS").format(new Date())}</v11:timestamp>
         </v1:messageContext>
         <v1:legalContext>ServiceIntegrator</v1:legalContext>
         <v1:request>
            <!--Optional:-->
            <v1:referenceDate>2016-10-13</v1:referenceDate>
         </v1:request>
      </v1:getNationalitiesRequest>
   </soapenv:Body>
</soapenv:Envelope>]]></con:request><con:assertion type="SOAP Fault Assertion" id="8ed7a610-1f17-4de8-9bda-78725243a80d" name="Not SOAP Fault"/><con:assertion type="SOAP Response" id="b4ab2e32-575a-41e9-80b3-a7f363b007c7" name="SOAP Response"/><con:assertion type="Schema Compliance" id="ad660a55-93b7-4d2f-91a8-b35d8cb5bbb8" name="Schema Compliance"><con:configuration/></con:assertion><con:wsaConfig action="http://fidus.brussels/services/countryservice/getNationalities"/></con:request></con:config></con:testStep><con:properties/></con:testCase><con:testCase id="1390c6a4-9b7c-4ff0-90d4-2b8015b65689" failOnError="true" failTestCaseOnErrors="true" keepSession="false" maxResults="0" name="getNationality" searchProperties="true"><con:settings/><con:testStep type="request" id="094c1a56-ce92-450c-8e7f-6f6ad0a0d63a" name="testcase05 - Prod External -Request"><con:settings/><con:config xsi:type="con:RequestStep" xmlns:xsi="http://www.w3.org/2001/XMLSchema-instance"><con:interface>CountryServiceHTTPBinding</con:interface><con:operation>getNationality</con:operation><con:request name="testcase05 - Prod External -Request" id="b65d85e9-8b65-4d89-8b88-bb810a860131" outgoingWss="Outflow PROD"><con:settings/><con:encoding>UTF-8</con:encoding><con:endpoint>https://fidus.sec.brussels/services/CountryService_v1.0</con:endpoint><con:request><![CDATA[<soapenv:Envelope xmlns:soapenv="http://schemas.xmlsoap.org/soap/envelope/" xmlns:v1="http://fidus.brussels/service/countryservice/messages/v1" xmlns:v11="http://fidus.brussels/type/common/messages/v1" xmlns:v12="http://fsb.belgium.be/mappingServices/countryService/messages/v1_00">
   <soapenv:Header/>
   <soapenv:Body>
      <v1:getNationalityRequest>
         <v1:messageContext>
         	  <v11:messageId>${=import static java.util.UUID.randomUUID; uuid = randomUUID() as String}</v11:messageId>
            <v11:timestamp>${=new java.text.SimpleDateFormat("yyyy-MM-dd'T'HH:mm:ss.SSS").format(new Date())}</v11:timestamp>
         </v1:messageContext>
         <v1:legalContext>ServiceIntegrator</v1:legalContext>
         <v1:request>
            <!--You have a CHOICE of the next 4 items at this level-->
            <v12:iso-alpha2>BE</v12:iso-alpha2>          
         </v1:request>
      </v1:getNationalityRequest>
   </soapenv:Body>
</soapenv:Envelope>]]></con:request><con:assertion type="SOAP Fault Assertion" id="74e66687-99a3-45ea-b1c9-1f3891c78faf" name="Not SOAP Fault"/><con:assertion type="SOAP Response" id="09c87067-2ea4-4cc8-aa66-3485abb2c96d" name="SOAP Response"/><con:assertion type="Schema Compliance" id="59736628-940a-471b-92d1-df52fe1da885" name="Schema Compliance"><con:configuration/></con:assertion><con:wsaConfig action="http://fidus.brussels/services/countryservice/getNationality"/></con:request></con:config></con:testStep><con:properties/></con:testCase><con:testCase id="09e4114e-8ebd-461c-9652-2fc3fef95d7b" failOnError="true" failTestCaseOnErrors="true" keepSession="false" maxResults="0" name="getNationalityHistory" searchProperties="true"><con:settings/><con:testStep type="request" id="5324af70-7d87-4ec1-a3a5-3d5ea2edb959" name="testcase05 - Prod External - Request"><con:settings/><con:config xsi:type="con:RequestStep" xmlns:xsi="http://www.w3.org/2001/XMLSchema-instance"><con:interface>CountryServiceHTTPBinding</con:interface><con:operation>getNationalityHistory</con:operation><con:request name="testcase05 - Prod External - Request" id="9f98a3ca-7aea-4f80-b010-af80a28c2ed5" outgoingWss="Outflow PROD"><con:settings/><con:encoding>UTF-8</con:encoding><con:endpoint>https://fidus.sec.brussels/services/CountryService_v1.0</con:endpoint><con:request><![CDATA[<soapenv:Envelope xmlns:soapenv="http://schemas.xmlsoap.org/soap/envelope/" xmlns:v1="http://fidus.brussels/service/countryservice/messages/v1" xmlns:v11="http://fidus.brussels/type/common/messages/v1" xmlns:v12="http://fsb.belgium.be/mappingServices/countryService/messages/v1_00">
   <soapenv:Header/>
   <soapenv:Body>
      <v1:getNationalityHistoryRequest>
         <v1:messageContext>
            <v11:messageId>${=import static java.util.UUID.randomUUID; uuid = randomUUID() as String}</v11:messageId>
            <!--Optional:-->
            <v11:timestamp>${=new java.text.SimpleDateFormat("yyyy-MM-dd'T'HH:mm:ss.SSS").format(new Date())}</v11:timestamp>
         </v1:messageContext>
         <v1:legalContext>ServiceIntegrator</v1:legalContext>
         <v1:request>
            <v12:iso-alpha3>FRA</v12:iso-alpha3>
            <!--Optional:-->
            <v12:referenceDate>2016-10-16</v12:referenceDate>
         </v1:request>
      </v1:getNationalityHistoryRequest>
   </soapenv:Body>
</soapenv:Envelope>]]></con:request><con:assertion type="SOAP Fault Assertion" id="e5df2bae-27d4-4b2a-b48a-b6874f9d820b" name="Not SOAP Fault"/><con:assertion type="SOAP Response" id="40e40c87-9b8a-4623-813e-d69b57a9a693" name="SOAP Response"/><con:assertion type="Schema Compliance" id="e93d5515-060f-4330-ade5-3b37c4fb0181" name="Schema Compliance"><con:configuration/></con:assertion><con:wsaConfig action="http://fidus.brussels/services/countryservice/getNationalityHistory"/></con:request></con:config></con:testStep><con:properties/></con:testCase><con:testCase id="7e073f5c-2f3f-4cc9-8cb7-827ae104a8b2" failOnError="true" failTestCaseOnErrors="true" keepSession="false" maxResults="0" name="getPlaceCountries" searchProperties="true"><con:settings/><con:testStep type="request" id="67f22f9c-d866-49e0-b27b-0cdc115a73f7" name="testcase05 - Prod External - Request"><con:settings/><con:config xsi:type="con:RequestStep" xmlns:xsi="http://www.w3.org/2001/XMLSchema-instance"><con:interface>CountryServiceHTTPBinding</con:interface><con:operation>getPlaceCountries</con:operation><con:request name="testcase05 - Prod External - Request" id="c14f2387-2245-46ac-9fda-151e28e92dec" outgoingWss="Outflow PROD"><con:settings/><con:encoding>UTF-8</con:encoding><con:endpoint>https://fidus.sec.brussels/services/CountryService_v1.0</con:endpoint><con:request><![CDATA[<soapenv:Envelope xmlns:soapenv="http://schemas.xmlsoap.org/soap/envelope/" xmlns:v1="http://fidus.brussels/service/countryservice/messages/v1" xmlns:v11="http://fidus.brussels/type/common/messages/v1">
   <soapenv:Header/>
   <soapenv:Body>
      <v1:getPlaceCountriesRequest>
         <v1:messageContext>
            <v11:messageId>${=import static java.util.UUID.randomUUID; uuid = randomUUID() as String}</v11:messageId>
            <!--Optional:-->
            <v11:timestamp>${=new java.text.SimpleDateFormat("yyyy-MM-dd'T'HH:mm:ss.SSS").format(new Date())}</v11:timestamp>
         </v1:messageContext>
         <v1:legalContext>ServiceIntegrator</v1:legalContext>
         <v1:request>
            <!--Optional:-->
            <v1:referenceDate>2016-10-14</v1:referenceDate>
         </v1:request>
      </v1:getPlaceCountriesRequest>
   </soapenv:Body>
</soapenv:Envelope>]]></con:request><con:assertion type="SOAP Fault Assertion" id="d7d8986d-8da4-4912-9b17-a86db31f22e8" name="Not SOAP Fault"/><con:assertion type="SOAP Response" id="7859eeb8-f7d8-4a94-b666-1983fcc275f0" name="SOAP Response"/><con:assertion type="Schema Compliance" id="800be246-ac6c-4b6c-868d-45ecd2f4d59d" name="Schema Compliance"><con:configuration/></con:assertion><con:wsaConfig action="http://fidus.brussels/services/countryservice/getPlaceCountries"/></con:request></con:config></con:testStep><con:properties/></con:testCase><con:testCase id="96c23c27-e72b-4d89-96de-90db7f35dfbb" failOnError="true" failTestCaseOnErrors="true" keepSession="false" maxResults="0" name="getPlaceCountry" searchProperties="true"><con:settings/><con:testStep type="request" id="202a50a5-49ab-44ea-8c29-542803bed157" name="testcase05 - Prod External - Request"><con:settings/><con:config xsi:type="con:RequestStep" xmlns:xsi="http://www.w3.org/2001/XMLSchema-instance"><con:interface>CountryServiceHTTPBinding</con:interface><con:operation>getPlaceCountry</con:operation><con:request name="testcase05 - Prod External - Request" id="ff2fad4f-d118-428f-a952-ff6251cf1e5d" outgoingWss="Outflow PROD"><con:settings/><con:encoding>UTF-8</con:encoding><con:endpoint>https://fidus.sec.brussels/services/CountryService_v1.0</con:endpoint><con:request><![CDATA[<soapenv:Envelope xmlns:soapenv="http://schemas.xmlsoap.org/soap/envelope/" xmlns:v1="http://fidus.brussels/service/countryservice/messages/v1" xmlns:v11="http://fidus.brussels/type/common/messages/v1" xmlns:v12="http://fsb.belgium.be/mappingServices/countryService/messages/v1_00">
   <soapenv:Header/>
   <soapenv:Body>
      <v1:getPlaceCountryRequest>
         <v1:messageContext>
            <v11:messageId>${=import static java.util.UUID.randomUUID; uuid = randomUUID() as String}</v11:messageId>
            <!--Optional:-->
            <v11:timestamp>${=new java.text.SimpleDateFormat("yyyy-MM-dd'T'HH:mm:ss.SSS").format(new Date())}</v11:timestamp>
         </v1:messageContext>
         <v1:legalContext>ServiceIntegrator</v1:legalContext>
         <v1:request>
            <!--You have a CHOICE of the next 4 items at this level-->
            <!--
            <v12:iso-alpha2 startDate="?" endDate="?" status="?">?</v12:iso-alpha2>
            <v12:iso-alpha3 startDate="?" endDate="?" status="?">?</v12:iso-alpha3>
            <v12:iso-num3 startDate="?" endDate="?" status="?">?</v12:iso-num3>
            <v12:nis-num3 startDate="?" endDate="?" status="?">?</v12:nis-num3>
			-->
             <v12:iso-alpha2>NL</v12:iso-alpha2>
             
         </v1:request>
      </v1:getPlaceCountryRequest>
   </soapenv:Body>
</soapenv:Envelope>]]></con:request><con:assertion type="SOAP Fault Assertion" id="7c9457c1-4a83-4fbb-a62a-8dcd6f91ccdd" name="Not SOAP Fault"/><con:assertion type="SOAP Response" id="0e182a55-d0ff-4cea-90b8-40753dc1cb84" name="SOAP Response"/><con:assertion type="Schema Compliance" id="555743c6-bfc5-4973-8544-aeab66ecf2dc" name="Schema Compliance"><con:configuration/></con:assertion><con:wsaConfig action="http://fidus.brussels/services/countryservice/getPlaceCountry"/></con:request></con:config></con:testStep><con:properties/></con:testCase><con:testCase id="e110e039-5d7f-4dd2-adad-fe2a9946d000" failOnError="true" failTestCaseOnErrors="true" keepSession="false" maxResults="0" name="getPlaceCountryHistory" searchProperties="true"><con:settings/><con:testStep type="request" id="2d8ef202-b3bb-4447-b3f1-482be6b3ca55" name="testcase05 - Prod External - Request"><con:settings/><con:config xsi:type="con:RequestStep" xmlns:xsi="http://www.w3.org/2001/XMLSchema-instance"><con:interface>CountryServiceHTTPBinding</con:interface><con:operation>getPlaceCountryHistory</con:operation><con:request name="testcase05 - Prod External - Request" id="5db5e382-f3a2-4716-86f3-c8390496b4c2" outgoingWss="Outflow PROD"><con:settings/><con:encoding>UTF-8</con:encoding><con:endpoint>https://fidus.sec.brussels/services/CountryService_v1.0</con:endpoint><con:request><![CDATA[<soapenv:Envelope xmlns:soapenv="http://schemas.xmlsoap.org/soap/envelope/" xmlns:v1="http://fidus.brussels/service/countryservice/messages/v1" xmlns:v11="http://fidus.brussels/type/common/messages/v1" xmlns:v12="http://fsb.belgium.be/mappingServices/countryService/messages/v1_00">
   <soapenv:Header/>
   <soapenv:Body>
      <v1:getPlaceCountryHistoryRequest>
         <v1:messageContext>
            <v11:messageId>${=import static java.util.UUID.randomUUID; uuid = randomUUID() as String}</v11:messageId>
            <!--Optional:-->
            <v11:timestamp>${=new java.text.SimpleDateFormat("yyyy-MM-dd'T'HH:mm:ss.SSS").format(new Date())}</v11:timestamp>
         </v1:messageContext>
         <v1:legalContext>ServiceIntegrator</v1:legalContext>
         <v1:request>
            <v12:iso-alpha2>NL</v12:iso-alpha2>
         </v1:request>
      </v1:getPlaceCountryHistoryRequest>
   </soapenv:Body>
</soapenv:Envelope>]]></con:request><con:assertion type="SOAP Fault Assertion" id="6ab84804-ae7b-4c40-94e0-4c28fdfb2eb3" name="Not SOAP Fault"/><con:assertion type="SOAP Response" id="0837194d-58dd-4df5-b336-54967da206b7" name="SOAP Response"/><con:assertion type="Schema Compliance" id="e3ea9350-f9a0-4b4f-ad24-4ef201e1dd3a" name="Schema Compliance"><con:configuration/></con:assertion><con:wsaConfig action="http://fidus.brussels/services/countryservice/getPlaceCountryHistory"/></con:request></con:config></con:testStep><con:properties/></con:testCase><con:properties/></con:testSuite><con:properties><con:property><con:name>Binding</con:name><con:value>{</con:value></con:property></con:properties><con:wssContainer><con:crypto><con:source>data/wso2/keystores/user-rajarshi.jks</con:source><con:password>test@fidus01</con:password><con:type>KEYSTORE</con:type></con:crypto><con:outgoing><con:name>Outflow TEST</con:name><con:entry type="Signature" username="testuser-test.fidus.brussels" password="test@fidus01"><con:configuration><crypto>user-rajarshi.jks</crypto><keyIdentifierType>3</keyIdentifierType><signatureAlgorithm/><signatureCanonicalization/><useSingleCert>true</useSingleCert><digestAlgorithm/><customTokenValueType/><customTokenId/></con:configuration></con:entry><con:entry type="Timestamp"><con:configuration><timeToLive>300000</timeToLive><strictTimestamp>true</strictTimestamp></con:configuration></con:entry></con:outgoing><con:outgoing><con:name>Outflow DEV</con:name></con:outgoing><con:outgoing><con:name>Outflow STAG</con:name></con:outgoing><con:outgoing><con:name>Outflow PROD</con:name></con:outgoing></con:wssContainer><con:oAuth2ProfileContainer/><con:oAuth1ProfileContainer/><con:sensitiveInformation/></con:soapui-project>