<?xml version="1.0" encoding="UTF-8"?>
<con:soapui-project id="96336b75-c03d-4d23-b08b-6587058de59f" activeEnvironment="Default" name="Client-CivilStatusDocumentService-1.0-soapui-project" resourceRoot="" soapui-version="5.1.3" abortOnError="false" runType="SEQUENTIAL" xmlns:con="http://eviware.com/soapui/config"><con:settings/><con:interface xsi:type="con:WsdlInterface" id="ec27a517-216c-40d0-b73d-b776909963fa" wsaVersion="NONE" name="CivilStatusDocumentService_v1.0Soap11Binding" type="wsdl" bindingName="{http://fidus.brussels/service/civilstatusdocumentservice/v1}CivilStatusDocumentService_v1.0Soap11Binding" soapVersion="1_1" anonymous="optional" definition="https://192.168.22.53:8443/services/CivilStatusDocumentService_v1.0?wsdl" xmlns:xsi="http://www.w3.org/2001/XMLSchema-instance"><con:settings/><con:definitionCache type="TEXT" rootPart="https://192.168.22.53:8443/services/CivilStatusDocumentService_v1.0?wsdl"><con:part><con:url>https://192.168.22.53:8443/services/CivilStatusDocumentService_v1.0?wsdl</con:url><con:content><![CDATA[<wsdl:definitions targetNamespace="http://fidus.brussels/service/civilstatusdocumentservice/v1" xmlns:wsdl="http://schemas.xmlsoap.org/wsdl/" xmlns:wsaw="http://www.w3.org/2006/05/addressing/wsdl" xmlns:mime="http://schemas.xmlsoap.org/wsdl/mime/" xmlns:tns="http://fidus.brussels/service/civilstatusdocumentservice/v1" xmlns:xsd="http://www.w3.org/2001/XMLSchema" xmlns:http="http://schemas.xmlsoap.org/wsdl/http/" xmlns:mes="http://fidus.brussels/service/civilstatusdocumentservice/messages/v1" xmlns:soap12="http://schemas.xmlsoap.org/wsdl/soap12/" xmlns:soap="http://schemas.xmlsoap.org/wsdl/soap/">
  <wsp:Policy wsu:Id="SigOnly" xmlns:wsp="http://schemas.xmlsoap.org/ws/2004/09/policy" xmlns:wsu="http://docs.oasis-open.org/wss/2004/01/oasis-200401-wss-wssecurity-utility-1.0.xsd">
    <wsp:ExactlyOne>
      <wsp:All>
        <sp:AsymmetricBinding xmlns:sp="http://schemas.xmlsoap.org/ws/2005/07/securitypolicy">
          <wsp:Policy>
            <sp:InitiatorToken>
              <wsp:Policy>
                <sp:X509Token sp:IncludeToken="http://schemas.xmlsoap.org/ws/2005/07/securitypolicy/IncludeToken/AlwaysToRecipient">
                  <wsp:Policy>
                    <sp:RequireThumbprintReference/>
                    <sp:WssX509V3Token10/>
                  </wsp:Policy>
                </sp:X509Token>
              </wsp:Policy>
            </sp:InitiatorToken>
            <sp:RecipientToken>
              <wsp:Policy>
                <sp:X509Token sp:IncludeToken="http://schemas.xmlsoap.org/ws/2005/07/securitypolicy/IncludeToken/Never">
                  <wsp:Policy>
                    <sp:RequireThumbprintReference/>
                    <sp:WssX509V3Token10/>
                  </wsp:Policy>
                </sp:X509Token>
              </wsp:Policy>
            </sp:RecipientToken>
            <sp:AlgorithmSuite>
              <wsp:Policy>
                <sp:Basic256/>
              </wsp:Policy>
            </sp:AlgorithmSuite>
            <sp:Layout>
              <wsp:Policy>
                <sp:Strict/>
              </wsp:Policy>
            </sp:Layout>
            <sp:IncludeTimestamp/>
            <sp:OnlySignEntireHeadersAndBody/>
          </wsp:Policy>
        </sp:AsymmetricBinding>
        <sp:Wss10 xmlns:sp="http://schemas.xmlsoap.org/ws/2005/07/securitypolicy">
          <sp:Policy>
            <sp:MustSupportRefKeyIdentifier/>
            <sp:MustSupportRefIssuerSerial/>
          </sp:Policy>
        </sp:Wss10>
        <sp:SignedParts xmlns:sp="http://schemas.xmlsoap.org/ws/2005/07/securitypolicy">
          <sp:Body/>
        </sp:SignedParts>
      </wsp:All>
    </wsp:ExactlyOne>
  </wsp:Policy>
  <wsdl:types>
    <xsd:schema attributeFormDefault="unqualified" elementFormDefault="qualified" targetNamespace="http://fidus.brussels/service/civilstatusdocumentservice/v1">
      <xsd:import namespace="http://fidus.brussels/service/civilstatusdocumentservice/messages/v1" schemaLocation="CivilStatusDocumentService_v1.0?xsd=civilStatusDocumentServiceMessages_v1.xsd"/>
    </xsd:schema>
  </wsdl:types>
  <wsdl:message name="getDocumentRequestMessage">
    <wsdl:part name="GetDocumentRequest" element="mes:getDocumentRequest"/>
  </wsdl:message>
  <wsdl:message name="getDocumentResponseMessage">
    <wsdl:part name="GetDocumentResponse" element="mes:getDocumentResponse"/>
  </wsdl:message>
  <wsdl:message name="getExtractAsPdfRequestMessage">
    <wsdl:part name="GetExtractAsPdfRequest" element="mes:getExtractAsPdfRequest"/>
  </wsdl:message>
  <wsdl:message name="getExtractAsPdfResponseMessage">
    <wsdl:part name="GetExtractAsPdfResponse" element="mes:getExtractAsPdfResponse"/>
  </wsdl:message>
  <wsdl:message name="searchDocumentRequestMessage">
    <wsdl:part name="SearchDocumentRequest" element="mes:searchDocumentRequest"/>
  </wsdl:message>
  <wsdl:message name="searchDocumentResponseMessage">
    <wsdl:part name="SearchDocumentResponse" element="mes:searchDocumentResponse"/>
  </wsdl:message>
  <wsdl:message name="getCopyConformAsPdfRequestMessage">
    <wsdl:part name="GetCopyConformAsPdfRequest" element="mes:getCopyConformAsPdfRequest"/>
  </wsdl:message>
  <wsdl:message name="getCopyConformAsPdfResponseMessage">
    <wsdl:part name="GetCopyConformAsPdfResponse" element="mes:getCopyConformAsPdfResponse"/>
  </wsdl:message>
  <wsdl:message name="getCopyConformRequestMessage">
    <wsdl:part name="GetCopyConformRequest" element="mes:getCopyConformRequest"/>
  </wsdl:message>
  <wsdl:message name="getCopyConformResponseMessage">
    <wsdl:part name="GetCopyConformResponse" element="mes:getCopyConformResponse"/>
  </wsdl:message>
  <wsdl:message name="getExtractRequestMessage">
    <wsdl:part name="GetExtractRequest" element="mes:getExtractRequest"/>
  </wsdl:message>
  <wsdl:message name="getExtractResponseMessage">
    <wsdl:part name="GetExtractResponse" element="mes:getExtractResponse"/>
  </wsdl:message>
  <wsdl:message name="saveOrUpdateDocumentRequestMessage">
    <wsdl:part name="SaveOrUpdateDocumentRequest" element="mes:saveOrUpdateDocumentRequest"/>
  </wsdl:message>
  <wsdl:message name="saveOrUpdateDocumentResponseMessage">
    <wsdl:part name="SaveOrUpdateDocumentResponse" element="mes:saveOrUpdateDocumentResponse"/>
  </wsdl:message>
  <wsdl:message name="validateDocumentRequestMessage">
    <wsdl:part name="ValidateDocumentRequest" element="mes:validateDocumentRequest"/>
  </wsdl:message>
  <wsdl:message name="validateDocumentResponseMessage">
    <wsdl:part name="ValidateDocumentResponse" element="mes:validateDocumentResponse"/>
  </wsdl:message>
  <wsdl:portType name="CivilStatusDocumentService_v1.0PortType" wsp:PolicyURIs="#SigOnly" xmlns:wsp="http://schemas.xmlsoap.org/ws/2004/09/policy">
    <wsdl:operation name="getDocument">
      <wsdl:input message="tns:getDocumentRequestMessage" wsaw:Action="http://fidus.brussels/services/civilstatusdocumentservice/getDocument"/>
      <wsdl:output message="tns:getDocumentResponseMessage" wsaw:Action="http://fidus.brussels/service/civilstatusdocumentservice/v1/CivilStatusDocumentServicePortType/getDocumentResponse"/>
    </wsdl:operation>
    <wsdl:operation name="getExtractAsPdf">
      <wsdl:input message="tns:getExtractAsPdfRequestMessage" wsaw:Action="http://fidus.brussels/services/civilstatusdocumentservice/getExtractAsPdf"/>
      <wsdl:output message="tns:getExtractAsPdfResponseMessage" wsaw:Action="http://fidus.brussels/service/civilstatusdocumentservice/v1/CivilStatusDocumentServicePortType/getExtractAsPdfResponse"/>
    </wsdl:operation>
    <wsdl:operation name="searchDocument">
      <wsdl:input message="tns:searchDocumentRequestMessage" wsaw:Action="http://fidus.brussels/services/civilstatusdocumentservice/searchDocument"/>
      <wsdl:output message="tns:searchDocumentResponseMessage" wsaw:Action="http://fidus.brussels/service/civilstatusdocumentservice/v1/CivilStatusDocumentServicePortType/searchDocumentResponse"/>
    </wsdl:operation>
    <wsdl:operation name="getCopyConformAsPdf">
      <wsdl:input message="tns:getCopyConformAsPdfRequestMessage" wsaw:Action="http://fidus.brussels/services/civilstatusdocumentservice/getCopyConformAsPdf"/>
      <wsdl:output message="tns:getCopyConformAsPdfResponseMessage" wsaw:Action="http://fidus.brussels/service/civilstatusdocumentservice/v1/CivilStatusDocumentServicePortType/getCopyConformAsPdfResponse"/>
    </wsdl:operation>
    <wsdl:operation name="getCopyConform">
      <wsdl:input message="tns:getCopyConformRequestMessage" wsaw:Action="http://fidus.brussels/services/civilstatusdocumentservice/getCopyConform"/>
      <wsdl:output message="tns:getCopyConformResponseMessage" wsaw:Action="http://fidus.brussels/service/civilstatusdocumentservice/v1/CivilStatusDocumentServicePortType/getCopyConformResponse"/>
    </wsdl:operation>
    <wsdl:operation name="getExtract">
      <wsdl:input message="tns:getExtractRequestMessage" wsaw:Action="http://fidus.brussels/services/civilstatusdocumentservice/getExtract"/>
      <wsdl:output message="tns:getExtractResponseMessage" wsaw:Action="http://fidus.brussels/service/civilstatusdocumentservice/v1/CivilStatusDocumentServicePortType/getExtractResponse"/>
    </wsdl:operation>
    <wsdl:operation name="saveOrUpdateDocument">
      <wsdl:input message="tns:saveOrUpdateDocumentRequestMessage" wsaw:Action="http://fidus.brussels/services/civilstatusdocumentservice/saveOrUpdateDocument"/>
      <wsdl:output message="tns:saveOrUpdateDocumentResponseMessage" wsaw:Action="http://fidus.brussels/service/civilstatusdocumentservice/v1/CivilStatusDocumentServicePortType/saveOrUpdateDocumentResponse"/>
    </wsdl:operation>
    <wsdl:operation name="validateDocument">
      <wsdl:input message="tns:validateDocumentRequestMessage" wsaw:Action="http://fidus.brussels/services/civilstatusdocumentservice/validateDocument"/>
      <wsdl:output message="tns:validateDocumentResponseMessage" wsaw:Action="http://fidus.brussels/service/civilstatusdocumentservice/v1/CivilStatusDocumentServicePortType/validateDocumentResponse"/>
    </wsdl:operation>
  </wsdl:portType>
  <wsdl:binding name="CivilStatusDocumentService_v1.0Soap11Binding" type="tns:CivilStatusDocumentService_v1.0PortType">
    <soap:binding transport="http://schemas.xmlsoap.org/soap/http" style="document"/>
    <wsdl:operation name="getDocument">
      <soap:operation soapAction="http://fidus.brussels/services/civilstatusdocumentservice/getDocument" style="document"/>
      <wsdl:input>
        <soap:body use="literal"/>
      </wsdl:input>
      <wsdl:output>
        <soap:body use="literal"/>
      </wsdl:output>
    </wsdl:operation>
    <wsdl:operation name="getExtractAsPdf">
      <soap:operation soapAction="http://fidus.brussels/services/civilstatusdocumentservice/getExtractAsPdf" style="document"/>
      <wsdl:input>
        <soap:body use="literal"/>
      </wsdl:input>
      <wsdl:output>
        <soap:body use="literal"/>
      </wsdl:output>
    </wsdl:operation>
    <wsdl:operation name="searchDocument">
      <soap:operation soapAction="http://fidus.brussels/services/civilstatusdocumentservice/searchDocument" style="document"/>
      <wsdl:input>
        <soap:body use="literal"/>
      </wsdl:input>
      <wsdl:output>
        <soap:body use="literal"/>
      </wsdl:output>
    </wsdl:operation>
    <wsdl:operation name="getCopyConformAsPdf">
      <soap:operation soapAction="http://fidus.brussels/services/civilstatusdocumentservice/getCopyConformAsPdf" style="document"/>
      <wsdl:input>
        <soap:body use="literal"/>
      </wsdl:input>
      <wsdl:output>
        <soap:body use="literal"/>
      </wsdl:output>
    </wsdl:operation>
    <wsdl:operation name="getCopyConform">
      <soap:operation soapAction="http://fidus.brussels/services/civilstatusdocumentservice/getCopyConform" style="document"/>
      <wsdl:input>
        <soap:body use="literal"/>
      </wsdl:input>
      <wsdl:output>
        <soap:body use="literal"/>
      </wsdl:output>
    </wsdl:operation>
    <wsdl:operation name="getExtract">
      <soap:operation soapAction="http://fidus.brussels/services/civilstatusdocumentservice/getExtract" style="document"/>
      <wsdl:input>
        <soap:body use="literal"/>
      </wsdl:input>
      <wsdl:output>
        <soap:body use="literal"/>
      </wsdl:output>
    </wsdl:operation>
    <wsdl:operation name="saveOrUpdateDocument">
      <soap:operation soapAction="http://fidus.brussels/services/civilstatusdocumentservice/saveOrUpdateDocument" style="document"/>
      <wsdl:input>
        <soap:body use="literal"/>
      </wsdl:input>
      <wsdl:output>
        <soap:body use="literal"/>
      </wsdl:output>
    </wsdl:operation>
    <wsdl:operation name="validateDocument">
      <soap:operation soapAction="http://fidus.brussels/services/civilstatusdocumentservice/validateDocument" style="document"/>
      <wsdl:input>
        <soap:body use="literal"/>
      </wsdl:input>
      <wsdl:output>
        <soap:body use="literal"/>
      </wsdl:output>
    </wsdl:operation>
  </wsdl:binding>
  <wsdl:service name="CivilStatusDocumentService_v1.0">
    <wsdl:port name="CivilStatusDocumentService_v1.0HttpsSoap11Endpoint" binding="tns:CivilStatusDocumentService_v1.0Soap11Binding">
      <soap:address location="https://fidus-test.irisnetlab.be/services/CivilStatusDocumentService_v1.0.CivilStatusDocumentService_v1.0HttpsSoap11Endpoint"/>
    </wsdl:port>
  </wsdl:service>
</wsdl:definitions>]]></con:content><con:type>http://schemas.xmlsoap.org/wsdl/</con:type></con:part><con:part><con:url>https://192.168.22.53:8443/services/CivilStatusDocumentService_v1.0?xsd=civilStatusDocumentServiceMessages_v1.xsd</con:url><con:content><![CDATA[<xsd:schema attributeFormDefault="unqualified" elementFormDefault="qualified" targetNamespace="http://fidus.brussels/service/civilstatusdocumentservice/messages/v1" version="1.0" xmlns:xsd="http://www.w3.org/2001/XMLSchema" xmlns:core="http://www.fgov.be/dabs/core" xmlns:exc="http://fidus.brussels/type/common/exceptions/v1" xmlns:tns="http://fidus.brussels/service/civilstatusdocumentservice/messages/v1" xmlns:cme="http://fidus.brussels/type/common/messages/v1" xmlns:xsi="http://www.w3.org/2001/XMLSchema-instance">
  <xsd:import namespace="http://www.fgov.be/dabs/core" schemaLocation="CivilStatusDocumentService_v1.0?xsd=documentMessage_1.0"/>
  <xsd:import namespace="http://fidus.brussels/type/common/messages/v1" schemaLocation="CivilStatusDocumentService_v1.0?xsd=baseMessageTypes_v1.xsd"/>
  <xsd:import namespace="http://fidus.brussels/type/common/exceptions/v1" schemaLocation="CivilStatusDocumentService_v1.0?xsd=exceptionTypes_v1.xsd"/>
  <xsd:complexType name="CopyConformRequestType">
    <xsd:annotation>
      <xsd:documentation>The document whose information is requested...</xsd:documentation>
    </xsd:annotation>
    <xsd:sequence>
      <xsd:element name="documentReference" type="xsd:string"/>
      <xsd:element name="language" type="tns:languageType"/>
      <xsd:element default="01050" minOccurs="0" name="municipalityCode" type="xsd:string"/>
    </xsd:sequence>
  </xsd:complexType>
  <xsd:complexType name="GetCopyConformRequestType">
    <xsd:sequence>
      <xsd:element name="messageContext" type="cme:RequestMessageContextType"/>
      <xsd:element name="legalContext" type="cme:LegalContextType"/>
      <xsd:element name="request" type="tns:CopyConformRequestType"/>
    </xsd:sequence>
  </xsd:complexType>
  <xsd:complexType name="GetCopyConformResponseType">
    <xsd:sequence>
      <xsd:element name="messageContext" type="cme:ResponseMessageContextType"/>
      <xsd:element minOccurs="0" name="responses" type="tns:copyConformResponsesType"/>
      <xsd:element minOccurs="0" name="exceptions" type="exc:ExceptionsType"/>
    </xsd:sequence>
  </xsd:complexType>
  <xsd:complexType name="copyConformResponsesType">
    <xsd:sequence>
      <xsd:element name="response" type="tns:copyConformResponseType"/>
    </xsd:sequence>
  </xsd:complexType>
  <xsd:complexType name="copyConformResponseType">
    <xsd:sequence>
      <xsd:element maxOccurs="1000" minOccurs="0" name="result" type="core:getCopyConformResponse"/>
      <xsd:element minOccurs="0" name="detail" type="exc:ExceptionsType"/>
    </xsd:sequence>
  </xsd:complexType>
  <xsd:complexType name="CopyConformAsPdfRequestType">
    <xsd:sequence>
      <xsd:element name="documentReference" type="xsd:string"/>
      <xsd:element name="language" type="tns:languageType"/>
      <xsd:element default="01050" minOccurs="0" name="municipalityCode" type="xsd:string"/>
    </xsd:sequence>
  </xsd:complexType>
  <xsd:complexType name="GetCopyConformAsPdfRequestType">
    <xsd:sequence>
      <xsd:element name="messageContext" type="cme:RequestMessageContextType"/>
      <xsd:element name="legalContext" type="cme:LegalContextType"/>
      <xsd:element name="request" type="tns:CopyConformAsPdfRequestType"/>
    </xsd:sequence>
  </xsd:complexType>
  <xsd:complexType name="GetCopyConformAsPdfResponseType">
    <xsd:sequence>
      <xsd:element name="messageContext" type="cme:ResponseMessageContextType"/>
      <xsd:element minOccurs="0" name="responses" type="tns:copyConformAsPdfResponsesType"/>
      <xsd:element minOccurs="0" name="exceptions" type="exc:ExceptionsType"/>
    </xsd:sequence>
  </xsd:complexType>
  <xsd:complexType name="copyConformAsPdfResponsesType">
    <xsd:sequence>
      <xsd:element name="response" type="tns:copyConformAsPdfResponseType"/>
    </xsd:sequence>
  </xsd:complexType>
  <xsd:complexType name="copyConformAsPdfResponseType">
    <xsd:sequence>
      <xsd:element maxOccurs="1000" minOccurs="0" name="result" type="core:getCopyConformAsPdfResponse"/>
      <xsd:element minOccurs="0" name="detail" type="exc:ExceptionsType"/>
    </xsd:sequence>
  </xsd:complexType>
  <xsd:complexType name="GetDocRequestType">
    <xsd:sequence>
      <xsd:element name="documentReference" type="xsd:string"/>
      <xsd:element name="language" type="tns:languageType"/>
      <xsd:element default="01050" minOccurs="0" name="municipalityCode" type="xsd:string"/>
    </xsd:sequence>
  </xsd:complexType>
  <xsd:complexType name="GetDocumentRequestType">
    <xsd:sequence>
      <xsd:element name="messageContext" type="cme:RequestMessageContextType"/>
      <xsd:element name="legalContext" type="cme:LegalContextType"/>
      <xsd:element name="request" type="tns:GetDocRequestType"/>
    </xsd:sequence>
  </xsd:complexType>
  <xsd:complexType name="GetDocumentResponseType">
    <xsd:sequence>
      <xsd:element name="messageContext" type="cme:ResponseMessageContextType"/>
      <xsd:element minOccurs="0" name="responses" type="tns:documentResponsesType"/>
      <xsd:element minOccurs="0" name="exceptions" type="exc:ExceptionsType"/>
    </xsd:sequence>
  </xsd:complexType>
  <xsd:complexType name="documentResponsesType">
    <xsd:sequence>
      <xsd:element name="response" type="tns:documentResponseType"/>
    </xsd:sequence>
  </xsd:complexType>
  <xsd:complexType name="documentResponseType">
    <xsd:sequence>
      <xsd:element maxOccurs="1000" minOccurs="0" name="result" type="core:getDocumentResponse"/>
      <xsd:element minOccurs="0" name="detail" type="exc:ExceptionsType"/>
    </xsd:sequence>
  </xsd:complexType>
  <xsd:complexType name="ExtractRequestType">
    <xsd:sequence>
      <xsd:element name="documentReference" type="xsd:string"/>
      <xsd:element name="language" type="tns:languageType"/>
      <xsd:element default="01050" minOccurs="0" name="municipalityCode" type="xsd:string"/>
    </xsd:sequence>
  </xsd:complexType>
  <xsd:complexType name="GetExtractRequestType">
    <xsd:sequence>
      <xsd:element name="messageContext" type="cme:RequestMessageContextType"/>
      <xsd:element name="legalContext" type="cme:LegalContextType"/>
      <xsd:element name="request" type="tns:ExtractRequestType"/>
    </xsd:sequence>
  </xsd:complexType>
  <xsd:complexType name="GetExtractResponseType">
    <xsd:sequence>
      <xsd:element name="messageContext" type="cme:ResponseMessageContextType"/>
      <xsd:element minOccurs="0" name="responses" type="tns:extractResponsesType"/>
      <xsd:element minOccurs="0" name="exceptions" type="exc:ExceptionsType"/>
    </xsd:sequence>
  </xsd:complexType>
  <xsd:complexType name="extractResponsesType">
    <xsd:sequence>
      <xsd:element name="response" type="tns:extractResponseType"/>
    </xsd:sequence>
  </xsd:complexType>
  <xsd:complexType name="extractResponseType">
    <xsd:sequence>
      <xsd:element maxOccurs="1000" minOccurs="0" name="result" type="core:getExtractResponse"/>
      <xsd:element minOccurs="0" name="detail" type="exc:ExceptionsType"/>
    </xsd:sequence>
  </xsd:complexType>
  <xsd:complexType name="ExtractAsPdfRequestType">
    <xsd:sequence>
      <xsd:element name="documentReference" type="xsd:string"/>
      <xsd:element name="language" type="tns:languageType"/>
      <xsd:element default="01050" minOccurs="0" name="municipalityCode" type="xsd:string"/>
    </xsd:sequence>
  </xsd:complexType>
  <xsd:complexType name="GetExtractAsPdfRequestType">
    <xsd:sequence>
      <xsd:element name="messageContext" type="cme:RequestMessageContextType"/>
      <xsd:element name="legalContext" type="cme:LegalContextType"/>
      <xsd:element name="request" type="tns:ExtractAsPdfRequestType"/>
    </xsd:sequence>
  </xsd:complexType>
  <xsd:complexType name="GetExtractAsPdfResponseType">
    <xsd:sequence>
      <xsd:element name="messageContext" type="cme:ResponseMessageContextType"/>
      <xsd:element minOccurs="0" name="responses" type="tns:extractAsPdfResponsesType"/>
      <xsd:element minOccurs="0" name="exceptions" type="exc:ExceptionsType"/>
    </xsd:sequence>
  </xsd:complexType>
  <xsd:complexType name="extractAsPdfResponsesType">
    <xsd:sequence>
      <xsd:element name="response" type="tns:extractAsPdfResponseType"/>
    </xsd:sequence>
  </xsd:complexType>
  <xsd:complexType name="extractAsPdfResponseType">
    <xsd:sequence>
      <xsd:element maxOccurs="1000" minOccurs="0" name="result" type="core:getExtractAsPdfResponse"/>
      <xsd:element minOccurs="0" name="detail" type="exc:ExceptionsType"/>
    </xsd:sequence>
  </xsd:complexType>
  <xsd:complexType name="SaveOrUpdateDocRequestType">
    <xsd:sequence>
      <xsd:element name="language" type="tns:languageType"/>
      <xsd:element default="01050" minOccurs="0" name="municipalityCode" type="xsd:string"/>
      <xsd:element name="saveOrUpdateDocument" type="core:saveOrUpdateDocument"/>
    </xsd:sequence>
  </xsd:complexType>
  <xsd:complexType name="SaveOrUpdateDocumentRequestType">
    <xsd:sequence>
      <xsd:element name="messageContext" type="cme:RequestMessageContextType"/>
      <xsd:element name="legalContext" type="cme:LegalContextType"/>
      <xsd:element name="request" type="tns:SaveOrUpdateDocRequestType"/>
    </xsd:sequence>
  </xsd:complexType>
  <xsd:complexType name="SaveOrUpdateDocumentResponseType">
    <xsd:sequence>
      <xsd:element name="messageContext" type="cme:ResponseMessageContextType"/>
      <xsd:element minOccurs="0" name="responses" type="tns:saveOrUpdateDocResponsesType"/>
      <xsd:element minOccurs="0" name="exceptions" type="exc:ExceptionsType"/>
    </xsd:sequence>
  </xsd:complexType>
  <xsd:complexType name="saveOrUpdateDocResponsesType">
    <xsd:sequence>
      <xsd:element name="response" type="tns:saveOrUpdateDocResponseType"/>
    </xsd:sequence>
  </xsd:complexType>
  <xsd:complexType name="saveOrUpdateDocResponseType">
    <xsd:sequence>
      <xsd:element maxOccurs="1000" minOccurs="0" name="result" type="core:saveOrUpdateDocumentResponse"/>
      <xsd:element minOccurs="0" name="detail" type="exc:ExceptionsType"/>
    </xsd:sequence>
  </xsd:complexType>
  <xsd:complexType name="SearchDocRequestType">
    <xsd:sequence>
      <xsd:element name="language" type="tns:languageType"/>
      <xsd:element default="01050" minOccurs="0" name="municipalityCode" type="xsd:string"/>
      <xsd:element name="searchDocument" type="core:searchDocument"/>
    </xsd:sequence>
  </xsd:complexType>
  <xsd:complexType name="SearchDocumentRequestType">
    <xsd:sequence>
      <xsd:element name="messageContext" type="cme:RequestMessageContextType"/>
      <xsd:element name="legalContext" type="cme:LegalContextType"/>
      <xsd:element name="request" type="tns:SearchDocRequestType"/>
    </xsd:sequence>
  </xsd:complexType>
  <xsd:complexType name="SearchDocumentResponseType">
    <xsd:sequence>
      <xsd:element name="messageContext" type="cme:ResponseMessageContextType"/>
      <xsd:element minOccurs="0" name="responses" type="tns:searchDocResponsesType"/>
      <xsd:element minOccurs="0" name="exceptions" type="exc:ExceptionsType"/>
    </xsd:sequence>
  </xsd:complexType>
  <xsd:complexType name="searchDocResponsesType">
    <xsd:sequence>
      <xsd:element name="response" type="tns:searchDocResponseType"/>
    </xsd:sequence>
  </xsd:complexType>
  <xsd:complexType name="searchDocResponseType">
    <xsd:sequence>
      <xsd:element maxOccurs="1000" minOccurs="0" name="result" type="core:searchDocumentResponse"/>
      <xsd:element minOccurs="0" name="detail" type="exc:ExceptionsType"/>
    </xsd:sequence>
  </xsd:complexType>
  <xsd:complexType name="ValidateDocRequestType">
    <xsd:sequence>
      <xsd:element name="language" type="tns:languageType"/>
      <xsd:element default="01050" minOccurs="0" name="municipalityCode" type="xsd:string"/>
      <xsd:element name="validateDocument" type="core:validateDocument"/>
    </xsd:sequence>
  </xsd:complexType>
  <xsd:complexType name="ValidateDocumentRequestType">
    <xsd:sequence>
      <xsd:element name="messageContext" type="cme:RequestMessageContextType"/>
      <xsd:element name="legalContext" type="cme:LegalContextType"/>
      <xsd:element name="request" type="tns:ValidateDocRequestType"/>
    </xsd:sequence>
  </xsd:complexType>
  <xsd:complexType name="ValidateDocumentResponseType">
    <xsd:sequence>
      <xsd:element name="messageContext" type="cme:ResponseMessageContextType"/>
      <xsd:element minOccurs="0" name="responses" type="tns:validateDocResponsesType"/>
      <xsd:element minOccurs="0" name="exceptions" type="exc:ExceptionsType"/>
    </xsd:sequence>
  </xsd:complexType>
  <xsd:complexType name="validateDocResponsesType">
    <xsd:sequence>
      <xsd:element name="response" type="tns:validateDocResponseType"/>
    </xsd:sequence>
  </xsd:complexType>
  <xsd:complexType name="validateDocResponseType">
    <xsd:sequence>
      <xsd:element maxOccurs="1000" minOccurs="0" name="result" type="core:validateDocumentResponse"/>
      <xsd:element minOccurs="0" name="detail" type="exc:ExceptionsType"/>
    </xsd:sequence>
  </xsd:complexType>
  <xsd:simpleType name="languageType">
    <xsd:restriction base="xsd:string">
      <xsd:enumeration value="fr"/>
      <xsd:enumeration value="nl"/>
    </xsd:restriction>
  </xsd:simpleType>
  <xsd:element name="getCopyConformRequest" type="tns:GetCopyConformRequestType"/>
  <xsd:element name="getCopyConformResponse" type="tns:GetCopyConformResponseType"/>
  <xsd:element name="getCopyConformAsPdfRequest" type="tns:GetCopyConformAsPdfRequestType"/>
  <xsd:element name="getCopyConformAsPdfResponse" type="tns:GetCopyConformAsPdfResponseType"/>
  <xsd:element name="getDocumentRequest" type="tns:GetDocumentRequestType"/>
  <xsd:element name="getDocumentResponse" type="tns:GetDocumentResponseType"/>
  <xsd:element name="getExtractRequest" type="tns:GetExtractRequestType"/>
  <xsd:element name="getExtractResponse" type="tns:GetExtractResponseType"/>
  <xsd:element name="getExtractAsPdfRequest" type="tns:GetExtractAsPdfRequestType"/>
  <xsd:element name="getExtractAsPdfResponse" type="tns:GetExtractAsPdfResponseType"/>
  <xsd:element name="saveOrUpdateDocumentRequest" type="tns:SaveOrUpdateDocumentRequestType"/>
  <xsd:element name="saveOrUpdateDocumentResponse" type="tns:SaveOrUpdateDocumentResponseType"/>
  <xsd:element name="searchDocumentRequest" type="tns:SearchDocumentRequestType"/>
  <xsd:element name="searchDocumentResponse" type="tns:SearchDocumentResponseType"/>
  <xsd:element name="validateDocumentRequest" type="tns:ValidateDocumentRequestType"/>
  <xsd:element name="validateDocumentResponse" type="tns:ValidateDocumentResponseType"/>
</xsd:schema>]]></con:content><con:type>http://www.w3.org/2001/XMLSchema</con:type></con:part><con:part><con:url>https://192.168.22.53:8443/services/CivilStatusDocumentService_v1.0?xsd=documentMessage_1.0</con:url><con:content><![CDATA[<xs:schema attributeFormDefault="unqualified" elementFormDefault="unqualified" targetNamespace="http://www.fgov.be/dabs/core" xmlns:xs="http://www.w3.org/2001/XMLSchema" xmlns:tns="http://www.fgov.be/dabs/core">
  <xs:element name="getCopyConform" type="tns:getCopyConform"/>
  <xs:element name="getCopyConformAsPdf" type="tns:getCopyConformAsPdf"/>
  <xs:element name="getCopyConformAsPdfResponse" type="tns:getCopyConformAsPdfResponse"/>
  <xs:element name="getCopyConformResponse" type="tns:getCopyConformResponse"/>
  <xs:element name="getDocument" type="tns:getDocument"/>
  <xs:element name="getDocumentResponse" type="tns:getDocumentResponse"/>
  <xs:element name="getExtract" type="tns:getExtract"/>
  <xs:element name="getExtractAsPdf" type="tns:getExtractAsPdf"/>
  <xs:element name="getExtractAsPdfResponse" type="tns:getExtractAsPdfResponse"/>
  <xs:element name="getExtractResponse" type="tns:getExtractResponse"/>
  <xs:element name="saveOrUpdateDocument" type="tns:saveOrUpdateDocument"/>
  <xs:element name="saveOrUpdateDocumentResponse" type="tns:saveOrUpdateDocumentResponse"/>
  <xs:element name="searchDocument" type="tns:searchDocument"/>
  <xs:element name="searchDocumentResponse" type="tns:searchDocumentResponse"/>
  <xs:element name="validateDocument" type="tns:validateDocument"/>
  <xs:element name="validateDocumentResponse" type="tns:validateDocumentResponse"/>
  <xs:complexType name="getDocument">
    <xs:sequence>
      <xs:element name="documentReference" type="xs:string"/>
    </xs:sequence>
  </xs:complexType>
  <xs:complexType name="getDocumentResponse">
    <xs:sequence>
      <xs:element minOccurs="0" name="document" type="tns:document"/>
    </xs:sequence>
  </xs:complexType>
  <xs:complexType abstract="true" name="document">
    <xs:sequence>
      <xs:element minOccurs="0" name="attachments">
        <xs:complexType>
          <xs:sequence>
            <xs:element maxOccurs="unbounded" minOccurs="0" name="attachment" type="tns:attachment"/>
          </xs:sequence>
        </xs:complexType>
      </xs:element>
      <xs:element name="certificateOriginType" type="tns:certificateOriginType"/>
      <xs:element minOccurs="0" name="factDate" type="tns:dabsDate"/>
      <xs:element minOccurs="0" name="establishingDate" type="xs:date"/>
      <xs:element name="redactionPlace" type="tns:municipality"/>
      <xs:element name="origin" type="tns:docOrigin"/>
      <xs:element minOccurs="0" name="persons">
        <xs:complexType>
          <xs:sequence>
            <xs:element maxOccurs="unbounded" minOccurs="0" name="person" type="tns:person"/>
          </xs:sequence>
        </xs:complexType>
      </xs:element>
      <xs:element minOccurs="0" name="oldDocumentReference" type="xs:string"/>
      <xs:element name="docState" type="tns:docState"/>
      <xs:element minOccurs="0" name="sideNotes">
        <xs:complexType>
          <xs:sequence>
            <xs:element maxOccurs="unbounded" minOccurs="0" name="sideNote" type="tns:sideNote"/>
          </xs:sequence>
        </xs:complexType>
      </xs:element>
      <xs:element minOccurs="0" name="act" type="xs:base64Binary"/>
      <xs:element maxOccurs="unbounded" minOccurs="0" name="impactedBy" nillable="true" type="tns:impactedDocument"/>
      <xs:element minOccurs="0" name="documentReference" type="xs:string"/>
    </xs:sequence>
  </xs:complexType>
  <xs:complexType name="attachment">
    <xs:sequence>
      <xs:element name="type" type="tns:attachmentType"/>
      <xs:element minOccurs="0" name="language" type="tns:language"/>
      <xs:element name="country" type="xs:string"/>
      <xs:element name="file" type="xs:base64Binary"/>
      <xs:element name="extension" type="tns:extensionType"/>
    </xs:sequence>
  </xs:complexType>
  <xs:complexType name="dabsDate">
    <xs:sequence>
      <xs:element minOccurs="0" name="day" nillable="true" type="xs:int"/>
      <xs:element minOccurs="0" name="month" nillable="true" type="xs:int"/>
      <xs:element name="year" type="xs:int"/>
    </xs:sequence>
  </xs:complexType>
  <xs:complexType name="municipality">
    <xs:sequence>
      <xs:element minOccurs="0" name="municipalityCode" type="xs:string"/>
      <xs:element minOccurs="0" name="municipalityFreeText" type="xs:string"/>
      <xs:element minOccurs="0" name="countryCode" type="xs:string"/>
      <xs:element minOccurs="0" name="countryFreeText" type="xs:string"/>
    </xs:sequence>
  </xs:complexType>
  <xs:complexType name="person">
    <xs:sequence>
      <xs:element name="origin" type="tns:personOrigin"/>
      <xs:element minOccurs="0" name="nobility" type="tns:nobility"/>
      <xs:element minOccurs="0" name="nobilityFree" type="xs:string"/>
      <xs:element minOccurs="0" name="birthPlace" type="tns:municipality"/>
      <xs:element minOccurs="0" name="birthDate" type="tns:dabsDate"/>
      <xs:element minOccurs="0" name="firstname" type="xs:string"/>
      <xs:element minOccurs="0" name="lastname" type="xs:string"/>
      <xs:element minOccurs="0" name="nationality" type="xs:string"/>
      <xs:element minOccurs="0" name="gender" type="tns:gender"/>
      <xs:element name="roles">
        <xs:complexType>
          <xs:sequence>
            <xs:element maxOccurs="unbounded" minOccurs="0" name="role" type="tns:roleType"/>
          </xs:sequence>
        </xs:complexType>
      </xs:element>
      <xs:element name="personNumber" nillable="true" type="xs:string"/>
    </xs:sequence>
  </xs:complexType>
  <xs:complexType name="sideNote">
    <xs:sequence>
      <xs:element minOccurs="0" name="sideNoteType" type="tns:sideNoteType"/>
      <xs:element name="decisionType" type="tns:decisionType"/>
      <xs:element name="decisionCategory" type="tns:decisionCategory"/>
      <xs:element minOccurs="0" name="decisionReference" type="xs:string"/>
      <xs:element minOccurs="0" name="decisionDate" type="tns:dabsDate"/>
      <xs:element minOccurs="0" name="decisionPlace" type="tns:municipality"/>
      <xs:element minOccurs="0" name="decisionAuthorityCode" type="xs:string"/>
      <xs:element minOccurs="0" name="decisionAuthorityFree" type="xs:string"/>
      <xs:element minOccurs="0" name="applicationDate" type="xs:date"/>
      <xs:element minOccurs="0" name="registrationDate" type="xs:date"/>
    </xs:sequence>
  </xs:complexType>
  <xs:complexType name="impactedDocument">
    <xs:sequence>
      <xs:element minOccurs="0" name="documentReference" type="xs:string"/>
      <xs:element minOccurs="0" name="factDate" type="tns:dabsDate"/>
      <xs:element minOccurs="0" name="type" type="tns:docType"/>
    </xs:sequence>
  </xs:complexType>
  <xs:complexType name="absenceCertificate">
    <xs:complexContent>
      <xs:extension base="tns:document">
        <xs:sequence/>
      </xs:extension>
    </xs:complexContent>
  </xs:complexType>
  <xs:complexType name="adoptionCertificate">
    <xs:complexContent>
      <xs:extension base="tns:document">
        <xs:sequence>
          <xs:element minOccurs="0" name="adoptionType" type="tns:adoptionType"/>
          <xs:element minOccurs="0" name="nameDeclaration" type="tns:nameDeclaration"/>
          <xs:element minOccurs="0" name="newFirstNames" type="xs:string"/>
          <xs:element minOccurs="0" name="fcaRecognitionDate" type="xs:date"/>
        </xs:sequence>
      </xs:extension>
    </xs:complexContent>
  </xs:complexType>
  <xs:complexType name="nameDeclaration">
    <xs:sequence>
      <xs:element name="name" type="xs:string"/>
      <xs:element minOccurs="0" name="name1" type="xs:string"/>
      <xs:element minOccurs="0" name="name2" type="xs:string"/>
    </xs:sequence>
  </xs:complexType>
  <xs:complexType name="annulmentCertificate">
    <xs:complexContent>
      <xs:extension base="tns:document">
        <xs:sequence>
          <xs:element minOccurs="0" name="annulationType" type="tns:decisionCategory"/>
          <xs:element minOccurs="0" name="annuledCertificateNumber" type="xs:string"/>
        </xs:sequence>
      </xs:extension>
    </xs:complexContent>
  </xs:complexType>
  <xs:complexType name="authorityDecisionCertificate">
    <xs:complexContent>
      <xs:extension base="tns:document">
        <xs:sequence>
          <xs:element minOccurs="0" name="authorityDecisionDetail" type="tns:authorityDecisionDetail"/>
        </xs:sequence>
      </xs:extension>
    </xs:complexContent>
  </xs:complexType>
  <xs:complexType name="authorityDecisionDetail">
    <xs:sequence>
      <xs:element name="decisionType" type="tns:decisionType"/>
      <xs:element name="decisionCategory" type="tns:decisionCategory"/>
      <xs:element minOccurs="0" name="decisionReference" type="xs:string"/>
      <xs:element minOccurs="0" name="decisionAuthorityCode" type="tns:jurisdictionPlace"/>
      <xs:element minOccurs="0" name="decisionAuthorityFree" type="xs:string"/>
      <xs:element minOccurs="0" name="decisionDate" type="xs:date"/>
      <xs:element minOccurs="0" name="applicationDate" type="xs:date"/>
      <xs:element minOccurs="0" name="modifiedCertificateReference" type="xs:string"/>
      <xs:element minOccurs="0" name="sideNoteType" type="tns:sideNoteType"/>
      <xs:element maxOccurs="unbounded" minOccurs="0" name="changedValues" type="tns:update_value"/>
      <xs:element maxOccurs="unbounded" minOccurs="0" name="person" type="tns:person"/>
    </xs:sequence>
  </xs:complexType>
  <xs:complexType name="update_value">
    <xs:sequence>
      <xs:element name="changedFieldCode" type="tns:code"/>
      <xs:element name="changedFieldOldValue" nillable="true" type="xs:string"/>
      <xs:element name="changedFieldNewValue" nillable="true" type="xs:string"/>
    </xs:sequence>
  </xs:complexType>
  <xs:complexType name="birthCertificate">
    <xs:complexContent>
      <xs:extension base="tns:document">
        <xs:sequence>
          <xs:element minOccurs="0" name="birthTime" type="xs:time"/>
          <xs:element minOccurs="0" name="nameDeclaration" type="tns:nameDeclaration"/>
          <xs:element name="nameDeclarationMadeByTheParents" type="xs:boolean"/>
          <xs:element name="gender" type="tns:gender"/>
          <xs:element minOccurs="0" name="childAddress" type="tns:address"/>
          <xs:element minOccurs="0" name="consentRole" type="tns:roleType"/>
          <xs:element minOccurs="0" name="consentDate" type="xs:date"/>
          <xs:element minOccurs="0" name="consentPlace" type="tns:municipality"/>
          <xs:element minOccurs="0" name="consentAuthority" type="tns:consentAuthorityType"/>
          <xs:element minOccurs="0" name="juridicalAuthority" type="tns:jurisdictionPlace"/>
          <xs:element minOccurs="0" name="juridicalReference" type="xs:string"/>
          <xs:element minOccurs="0" name="verdictDate" type="xs:date"/>
          <xs:element minOccurs="0" name="nationalityCode" type="xs:string"/>
          <xs:element minOccurs="0" name="prenatalRecognitionDocumentReference" type="xs:string"/>
        </xs:sequence>
      </xs:extension>
    </xs:complexContent>
  </xs:complexType>
  <xs:complexType name="address">
    <xs:sequence>
      <xs:element minOccurs="0" name="placeCode" type="xs:string"/>
      <xs:element minOccurs="0" name="postCode" type="xs:string"/>
      <xs:element minOccurs="0" name="streetCode" type="xs:string"/>
      <xs:element minOccurs="0" name="houseNumber" type="xs:int"/>
      <xs:element minOccurs="0" name="indexNumber" type="xs:string"/>
    </xs:sequence>
  </xs:complexType>
  <xs:complexType name="deathCertificate">
    <xs:complexContent>
      <xs:extension base="tns:document">
        <xs:sequence>
          <xs:element minOccurs="0" name="deceasePlace" type="tns:municipality"/>
          <xs:element minOccurs="0" name="deceaseTime" type="xs:time"/>
          <xs:element minOccurs="0" name="lifelessBody" type="xs:boolean"/>
        </xs:sequence>
      </xs:extension>
    </xs:complexContent>
  </xs:complexType>
  <xs:complexType name="divorceCertificate">
    <xs:complexContent>
      <xs:extension base="tns:document">
        <xs:sequence>
          <xs:element minOccurs="0" name="marriageCertificateNumber" type="xs:string"/>
        </xs:sequence>
      </xs:extension>
    </xs:complexContent>
  </xs:complexType>
  <xs:complexType name="firstNameChangeCertificate">
    <xs:complexContent>
      <xs:extension base="tns:document">
        <xs:sequence>
          <xs:element name="firstNames" type="xs:string"/>
        </xs:sequence>
      </xs:extension>
    </xs:complexContent>
  </xs:complexType>
  <xs:complexType name="declarationOfLifelessChildCertificate">
    <xs:complexContent>
      <xs:extension base="tns:document">
        <xs:sequence>
          <xs:element minOccurs="0" name="firstnames" type="xs:string"/>
          <xs:element minOccurs="0" name="gender" type="tns:gender"/>
          <xs:element minOccurs="0" name="birthTime" type="xs:time"/>
          <xs:element name="birthPlace" type="tns:municipality"/>
          <xs:element minOccurs="0" name="durationOfPregnancy" type="xs:int"/>
          <xs:element minOccurs="0" name="name" type="xs:string"/>
        </xs:sequence>
      </xs:extension>
    </xs:complexContent>
  </xs:complexType>
  <xs:complexType name="marriageCertificate">
    <xs:complexContent>
      <xs:extension base="tns:document">
        <xs:sequence>
          <xs:element minOccurs="0" name="namechangeSpouse1" type="xs:string"/>
          <xs:element minOccurs="0" name="namechangeSpouse2" type="xs:string"/>
        </xs:sequence>
      </xs:extension>
    </xs:complexContent>
  </xs:complexType>
  <xs:complexType name="nameChangeCertificate">
    <xs:complexContent>
      <xs:extension base="tns:document">
        <xs:sequence>
          <xs:element name="nameDeclaration" type="tns:nameDeclaration"/>
          <xs:element name="reasonForTheCertificate" type="tns:nameChangeReasonType"/>
          <xs:element minOccurs="0" name="requestingDate" type="xs:date"/>
        </xs:sequence>
      </xs:extension>
    </xs:complexContent>
  </xs:complexType>
  <xs:complexType name="nationalityCertificate">
    <xs:complexContent>
      <xs:extension base="tns:document">
        <xs:sequence>
          <xs:element minOccurs="0" name="reasonForTheCertificate" type="tns:nationalityReasonType"/>
          <xs:element minOccurs="0" name="otherNationalityCode" type="xs:string"/>
        </xs:sequence>
      </xs:extension>
    </xs:complexContent>
  </xs:complexType>
  <xs:complexType name="prenatalRecognitionCertificate">
    <xs:complexContent>
      <xs:extension base="tns:document">
        <xs:sequence>
          <xs:element minOccurs="0" name="motherConsentDate" type="xs:date"/>
          <xs:element minOccurs="0" name="motherConsentPlace" type="tns:municipality"/>
          <xs:element minOccurs="0" name="motherConsentAuthority" type="tns:consentAuthorityType"/>
          <xs:element minOccurs="0" name="juridicalReference" type="xs:string"/>
          <xs:element minOccurs="0" name="juridicalAuthority" type="tns:jurisdictionPlace"/>
          <xs:element minOccurs="0" name="verdictDate" type="xs:date"/>
          <xs:element minOccurs="0" name="applicationDate" type="xs:date"/>
        </xs:sequence>
      </xs:extension>
    </xs:complexContent>
  </xs:complexType>
  <xs:complexType name="recognitionCertificate">
    <xs:complexContent>
      <xs:extension base="tns:document">
        <xs:sequence>
          <xs:element minOccurs="0" name="nameDeclaration" type="tns:nameDeclaration"/>
          <xs:element name="nameDeclarationMadeByTheParents" type="xs:boolean"/>
          <xs:element minOccurs="0" name="filiationConsentDate" type="xs:date"/>
          <xs:element minOccurs="0" name="filiationConsentPlace" type="tns:municipality"/>
          <xs:element minOccurs="0" name="filiationConsentAuthority" type="tns:consentAuthorityType"/>
          <xs:element minOccurs="0" name="childConsentDate" type="xs:date"/>
          <xs:element minOccurs="0" name="childConsentPlace" type="tns:municipality"/>
          <xs:element minOccurs="0" name="childConsentAuthority" type="tns:consentAuthorityType"/>
          <xs:element minOccurs="0" name="legalRepresentativeConsentDate" type="xs:date"/>
          <xs:element minOccurs="0" name="legalRepresentativeConsentPlace" type="tns:municipality"/>
          <xs:element minOccurs="0" name="legalRepresentativeConsentAuthority" type="tns:consentAuthorityType"/>
          <xs:element minOccurs="0" name="courtConsentJurisdiction" type="tns:jurisdictionPlace"/>
          <xs:element minOccurs="0" name="courtConsentVerdictDate" type="xs:date"/>
          <xs:element minOccurs="0" name="courtConsentReference" type="xs:string"/>
          <xs:element minOccurs="0" name="applicationDate" type="xs:date"/>
          <xs:element minOccurs="0" name="newFirstName" type="xs:string"/>
        </xs:sequence>
      </xs:extension>
    </xs:complexContent>
  </xs:complexType>
  <xs:complexType name="sexChangeCertificate">
    <xs:complexContent>
      <xs:extension base="tns:document">
        <xs:sequence>
          <xs:element name="newGender" nillable="true" type="tns:gender"/>
        </xs:sequence>
      </xs:extension>
    </xs:complexContent>
  </xs:complexType>
  <xs:complexType name="modificationCertificate">
    <xs:complexContent>
      <xs:extension base="tns:document">
        <xs:sequence>
          <xs:element minOccurs="0" name="authorityDecisionDetail" type="tns:authorityDecisionDetail"/>
        </xs:sequence>
      </xs:extension>
    </xs:complexContent>
  </xs:complexType>
  <xs:complexType name="impactedRole">
    <xs:sequence>
      <xs:element minOccurs="0" name="actionType" type="tns:actionType"/>
      <xs:element minOccurs="0" name="impactDocRole" type="tns:roleType"/>
      <xs:element name="impactsDocType" type="xs:int"/>
      <xs:element minOccurs="0" name="role" type="tns:roleType"/>
    </xs:sequence>
  </xs:complexType>
  <xs:complexType name="roleRequirement">
    <xs:sequence/>
  </xs:complexType>
  <xs:complexType name="error">
    <xs:sequence>
      <xs:element minOccurs="0" name="errorCode" type="xs:int"/>
      <xs:element maxOccurs="unbounded" minOccurs="0" name="arguments" type="xs:string"/>
      <xs:element minOccurs="0" name="msg" type="xs:string"/>
    </xs:sequence>
  </xs:complexType>
  <xs:complexType name="getExtractAsPdf">
    <xs:sequence>
      <xs:element name="documentReference" type="xs:string"/>
      <xs:element name="language" type="xs:string"/>
      <xs:element minOccurs="0" name="actType" type="tns:actType"/>
    </xs:sequence>
  </xs:complexType>
  <xs:complexType name="getExtractAsPdfResponse">
    <xs:sequence>
      <xs:element minOccurs="0" name="extractAsPdf" type="tns:pdfExport"/>
    </xs:sequence>
  </xs:complexType>
  <xs:complexType name="pdfExport">
    <xs:sequence>
      <xs:element minOccurs="0" name="documentReference" type="xs:string"/>
      <xs:element minOccurs="0" name="pdf" type="xs:base64Binary"/>
    </xs:sequence>
  </xs:complexType>
  <xs:complexType name="searchDocument">
    <xs:sequence>
      <xs:element name="documentSearch" type="tns:documentSearch"/>
    </xs:sequence>
  </xs:complexType>
  <xs:complexType name="documentSearch">
    <xs:sequence>
      <xs:element minOccurs="0" name="type" type="tns:docType"/>
      <xs:element minOccurs="0" name="state" type="tns:docState"/>
      <xs:element minOccurs="0" name="factDate" type="tns:dabsDate"/>
      <xs:element minOccurs="0" name="personNumber" type="xs:string"/>
      <xs:element minOccurs="0" name="firstname" type="xs:string"/>
      <xs:element minOccurs="0" name="lastname" type="xs:string"/>
      <xs:element minOccurs="0" name="birthDate" type="tns:dabsDate"/>
      <xs:element minOccurs="0" name="placeOfOrigin" type="xs:string"/>
      <xs:element name="searchInRrn" type="xs:boolean"/>
    </xs:sequence>
  </xs:complexType>
  <xs:complexType name="searchDocumentResponse">
    <xs:sequence>
      <xs:element maxOccurs="unbounded" minOccurs="0" name="documents" type="tns:searchDocumentResult"/>
    </xs:sequence>
  </xs:complexType>
  <xs:complexType name="searchDocumentResult">
    <xs:sequence>
      <xs:element name="docReference" nillable="true" type="xs:long"/>
      <xs:element name="factDate" type="tns:dabsDate"/>
      <xs:element name="docType" type="tns:docType"/>
      <xs:element name="docState" type="tns:docState"/>
      <xs:element name="certificateOriginType" type="tns:certificateOriginType"/>
      <xs:element maxOccurs="unbounded" name="searchPeople" type="tns:searchPerson"/>
      <xs:element name="placeOfOrigin" type="xs:string"/>
    </xs:sequence>
  </xs:complexType>
  <xs:complexType name="searchPerson">
    <xs:sequence>
      <xs:element name="personNumber" nillable="true" type="xs:string"/>
      <xs:element minOccurs="0" name="nobilityCode" nillable="true" type="tns:nobility"/>
      <xs:element minOccurs="0" name="nobilityFree" nillable="true" type="xs:string"/>
      <xs:element minOccurs="0" name="firstName" nillable="true" type="xs:string"/>
      <xs:element minOccurs="0" name="name" nillable="true" type="xs:string"/>
      <xs:element name="personOrigin" type="tns:personOrigin"/>
      <xs:element name="roleType" type="tns:roleType"/>
      <xs:element name="birthDate" type="tns:dabsDate"/>
    </xs:sequence>
  </xs:complexType>
  <xs:complexType name="getCopyConformAsPdf">
    <xs:sequence>
      <xs:element name="documentReference" type="xs:string"/>
      <xs:element name="language" type="xs:string"/>
    </xs:sequence>
  </xs:complexType>
  <xs:complexType name="getCopyConformAsPdfResponse">
    <xs:sequence>
      <xs:element minOccurs="0" name="copyConformAsPdf" type="tns:pdfExport"/>
    </xs:sequence>
  </xs:complexType>
  <xs:complexType name="getCopyConform">
    <xs:sequence>
      <xs:element name="documentReference" type="xs:string"/>
      <xs:element name="language" type="xs:string"/>
    </xs:sequence>
  </xs:complexType>
  <xs:complexType name="getCopyConformResponse">
    <xs:sequence>
      <xs:element minOccurs="0" name="copyConform" type="tns:conformCopy"/>
    </xs:sequence>
  </xs:complexType>
  <xs:complexType name="conformCopy">
    <xs:sequence>
      <xs:element name="creationDate" type="xs:dateTime"/>
      <xs:element minOccurs="0" name="validityDate" type="xs:date"/>
      <xs:element minOccurs="0" name="exportDocument" type="tns:exportCertificate"/>
    </xs:sequence>
  </xs:complexType>
  <xs:complexType name="exportCertificate">
    <xs:sequence>
      <xs:element minOccurs="0" name="originalInfos" type="tns:document"/>
      <xs:element minOccurs="0" name="impactedByDocuments">
        <xs:complexType>
          <xs:sequence>
            <xs:element maxOccurs="unbounded" minOccurs="0" name="document" type="tns:document"/>
          </xs:sequence>
        </xs:complexType>
      </xs:element>
    </xs:sequence>
  </xs:complexType>
  <xs:complexType name="validateDocument">
    <xs:sequence>
      <xs:element name="document" type="tns:document"/>
    </xs:sequence>
  </xs:complexType>
  <xs:complexType name="validateDocumentResponse">
    <xs:sequence/>
  </xs:complexType>
  <xs:complexType name="getExtract">
    <xs:sequence>
      <xs:element name="documentReference" type="xs:string"/>
    </xs:sequence>
  </xs:complexType>
  <xs:complexType name="getExtractResponse">
    <xs:sequence>
      <xs:element minOccurs="0" name="extract" type="tns:extract"/>
    </xs:sequence>
  </xs:complexType>
  <xs:complexType name="extract">
    <xs:sequence>
      <xs:element name="creationDate" type="xs:dateTime"/>
      <xs:element name="validityDate" type="xs:date"/>
      <xs:element minOccurs="0" name="exportDocument" type="tns:exportCertificate"/>
    </xs:sequence>
  </xs:complexType>
  <xs:complexType name="saveOrUpdateDocument">
    <xs:sequence>
      <xs:element name="document" type="tns:document"/>
    </xs:sequence>
  </xs:complexType>
  <xs:complexType name="saveOrUpdateDocumentResponse">
    <xs:sequence>
      <xs:element minOccurs="0" name="document" type="tns:document"/>
    </xs:sequence>
  </xs:complexType>
  <xs:simpleType name="attachmentType">
    <xs:restriction base="xs:string">
      <xs:enumeration value="FOREIGN"/>
      <xs:enumeration value="OLD"/>
      <xs:enumeration value="OTHER"/>
    </xs:restriction>
  </xs:simpleType>
  <xs:simpleType name="language">
    <xs:restriction base="xs:string">
      <xs:enumeration value="aa"/>
      <xs:enumeration value="ab"/>
      <xs:enumeration value="ae"/>
      <xs:enumeration value="af"/>
      <xs:enumeration value="ak"/>
      <xs:enumeration value="am"/>
      <xs:enumeration value="an"/>
      <xs:enumeration value="ar"/>
      <xs:enumeration value="as"/>
      <xs:enumeration value="av"/>
      <xs:enumeration value="ay"/>
      <xs:enumeration value="az"/>
      <xs:enumeration value="ba"/>
      <xs:enumeration value="be"/>
      <xs:enumeration value="bg"/>
      <xs:enumeration value="bh"/>
      <xs:enumeration value="bm"/>
      <xs:enumeration value="bi"/>
      <xs:enumeration value="bn"/>
      <xs:enumeration value="bo"/>
      <xs:enumeration value="br"/>
      <xs:enumeration value="bs"/>
      <xs:enumeration value="ca"/>
      <xs:enumeration value="ce"/>
      <xs:enumeration value="ch"/>
      <xs:enumeration value="co"/>
      <xs:enumeration value="cr"/>
      <xs:enumeration value="cs"/>
      <xs:enumeration value="cu"/>
      <xs:enumeration value="cv"/>
      <xs:enumeration value="cy"/>
      <xs:enumeration value="da"/>
      <xs:enumeration value="de"/>
      <xs:enumeration value="dv"/>
      <xs:enumeration value="dz"/>
      <xs:enumeration value="ee"/>
      <xs:enumeration value="el"/>
      <xs:enumeration value="en"/>
      <xs:enumeration value="eo"/>
      <xs:enumeration value="es"/>
      <xs:enumeration value="et"/>
      <xs:enumeration value="eu"/>
      <xs:enumeration value="fa"/>
      <xs:enumeration value="ff"/>
      <xs:enumeration value="fi"/>
      <xs:enumeration value="fj"/>
      <xs:enumeration value="fo"/>
      <xs:enumeration value="fr"/>
      <xs:enumeration value="fy"/>
      <xs:enumeration value="ga"/>
      <xs:enumeration value="gd"/>
      <xs:enumeration value="gl"/>
      <xs:enumeration value="gn"/>
      <xs:enumeration value="gu"/>
      <xs:enumeration value="gv"/>
      <xs:enumeration value="ha"/>
      <xs:enumeration value="he"/>
      <xs:enumeration value="hi"/>
      <xs:enumeration value="ho"/>
      <xs:enumeration value="hr"/>
      <xs:enumeration value="ht"/>
      <xs:enumeration value="hu"/>
      <xs:enumeration value="hy"/>
      <xs:enumeration value="hz"/>
      <xs:enumeration value="ia"/>
      <xs:enumeration value="id"/>
      <xs:enumeration value="ie"/>
      <xs:enumeration value="ig"/>
      <xs:enumeration value="ii"/>
      <xs:enumeration value="ik"/>
      <xs:enumeration value="io"/>
      <xs:enumeration value="is"/>
      <xs:enumeration value="it"/>
      <xs:enumeration value="iu"/>
      <xs:enumeration value="ja"/>
      <xs:enumeration value="jv"/>
      <xs:enumeration value="ka"/>
      <xs:enumeration value="kg"/>
      <xs:enumeration value="ki"/>
      <xs:enumeration value="kj"/>
      <xs:enumeration value="kk"/>
      <xs:enumeration value="kl"/>
      <xs:enumeration value="km"/>
      <xs:enumeration value="kn"/>
      <xs:enumeration value="ko"/>
      <xs:enumeration value="kr"/>
      <xs:enumeration value="ks"/>
      <xs:enumeration value="ku"/>
      <xs:enumeration value="kv"/>
      <xs:enumeration value="kw"/>
      <xs:enumeration value="ky"/>
      <xs:enumeration value="la"/>
      <xs:enumeration value="lb"/>
      <xs:enumeration value="lg"/>
      <xs:enumeration value="li"/>
      <xs:enumeration value="ln"/>
      <xs:enumeration value="lo"/>
      <xs:enumeration value="lt"/>
      <xs:enumeration value="lu"/>
      <xs:enumeration value="lv"/>
      <xs:enumeration value="mg"/>
      <xs:enumeration value="mh"/>
      <xs:enumeration value="mi"/>
      <xs:enumeration value="mk"/>
      <xs:enumeration value="ml"/>
      <xs:enumeration value="mn"/>
      <xs:enumeration value="mr"/>
      <xs:enumeration value="ms"/>
      <xs:enumeration value="mt"/>
      <xs:enumeration value="my"/>
      <xs:enumeration value="na"/>
      <xs:enumeration value="nb"/>
      <xs:enumeration value="nd"/>
      <xs:enumeration value="ne"/>
      <xs:enumeration value="ng"/>
      <xs:enumeration value="nl"/>
      <xs:enumeration value="nn"/>
      <xs:enumeration value="no"/>
      <xs:enumeration value="nr"/>
      <xs:enumeration value="nv"/>
      <xs:enumeration value="ny"/>
      <xs:enumeration value="oc"/>
      <xs:enumeration value="oj"/>
      <xs:enumeration value="om"/>
      <xs:enumeration value="or"/>
      <xs:enumeration value="os"/>
      <xs:enumeration value="pa"/>
      <xs:enumeration value="pi"/>
      <xs:enumeration value="pl"/>
      <xs:enumeration value="ps"/>
      <xs:enumeration value="pt"/>
      <xs:enumeration value="qu"/>
      <xs:enumeration value="rm"/>
      <xs:enumeration value="rn"/>
      <xs:enumeration value="ro"/>
      <xs:enumeration value="ru"/>
      <xs:enumeration value="rw"/>
      <xs:enumeration value="sa"/>
      <xs:enumeration value="sc"/>
      <xs:enumeration value="sd"/>
      <xs:enumeration value="se"/>
      <xs:enumeration value="sg"/>
      <xs:enumeration value="si"/>
      <xs:enumeration value="sk"/>
      <xs:enumeration value="sl"/>
      <xs:enumeration value="sm"/>
      <xs:enumeration value="sn"/>
      <xs:enumeration value="so"/>
      <xs:enumeration value="sq"/>
      <xs:enumeration value="sr"/>
      <xs:enumeration value="ss"/>
      <xs:enumeration value="st"/>
      <xs:enumeration value="su"/>
      <xs:enumeration value="sv"/>
      <xs:enumeration value="sw"/>
      <xs:enumeration value="ta"/>
      <xs:enumeration value="te"/>
      <xs:enumeration value="tg"/>
      <xs:enumeration value="th"/>
      <xs:enumeration value="ti"/>
      <xs:enumeration value="tk"/>
      <xs:enumeration value="tl"/>
      <xs:enumeration value="tn"/>
      <xs:enumeration value="to"/>
      <xs:enumeration value="tr"/>
      <xs:enumeration value="ts"/>
      <xs:enumeration value="tt"/>
      <xs:enumeration value="tw"/>
      <xs:enumeration value="ty"/>
      <xs:enumeration value="ug"/>
      <xs:enumeration value="uk"/>
      <xs:enumeration value="ur"/>
      <xs:enumeration value="uz"/>
      <xs:enumeration value="ve"/>
      <xs:enumeration value="vi"/>
      <xs:enumeration value="vo"/>
      <xs:enumeration value="wa"/>
      <xs:enumeration value="wo"/>
      <xs:enumeration value="xh"/>
      <xs:enumeration value="yi"/>
      <xs:enumeration value="yo"/>
      <xs:enumeration value="za"/>
      <xs:enumeration value="zh"/>
      <xs:enumeration value="zu"/>
    </xs:restriction>
  </xs:simpleType>
  <xs:simpleType name="extensionType">
    <xs:restriction base="xs:string">
      <xs:enumeration value="PDF"/>
      <xs:enumeration value="JPEG"/>
      <xs:enumeration value="PNG"/>
    </xs:restriction>
  </xs:simpleType>
  <xs:simpleType name="certificateOriginType">
    <xs:restriction base="xs:string">
      <xs:enumeration value="NEW_BELGIAN_CERTIFICATE"/>
      <xs:enumeration value="FOREIGN_CERTIFICATE"/>
      <xs:enumeration value="MIGRATED_CERTIFICATE"/>
    </xs:restriction>
  </xs:simpleType>
  <xs:simpleType name="docOrigin">
    <xs:restriction base="xs:string">
      <xs:enumeration value="DABS"/>
      <xs:enumeration value="E_BIRTH"/>
      <xs:enumeration value="E_DEATH"/>
      <xs:enumeration value="MIGRATION"/>
    </xs:restriction>
  </xs:simpleType>
  <xs:simpleType name="personOrigin">
    <xs:restriction base="xs:string">
      <xs:enumeration value="RR"/>
      <xs:enumeration value="BIS"/>
      <xs:enumeration value="BIS_TMP"/>
      <xs:enumeration value="BIS_DRAFT"/>
      <xs:enumeration value="RRN_NR"/>
    </xs:restriction>
  </xs:simpleType>
  <xs:simpleType name="nobility">
    <xs:restriction base="xs:string">
      <xs:enumeration value="PRINCE"/>
      <xs:enumeration value="PRINCESS"/>
      <xs:enumeration value="DUKE"/>
      <xs:enumeration value="DUCHESS"/>
      <xs:enumeration value="MARQUIS"/>
      <xs:enumeration value="MARQUISE"/>
      <xs:enumeration value="COUNT"/>
      <xs:enumeration value="COUNTESS"/>
      <xs:enumeration value="VISCOUNT"/>
      <xs:enumeration value="VISCOUNTESS"/>
      <xs:enumeration value="BARON"/>
      <xs:enumeration value="BARONESS"/>
      <xs:enumeration value="KNIGHT"/>
      <xs:enumeration value="NOBLE_WOMAN"/>
      <xs:enumeration value="NOBLE_MAN"/>
      <xs:enumeration value="ARCHDUKE"/>
      <xs:enumeration value="ARCHDUCHESS"/>
      <xs:enumeration value="GRAND_DUKE"/>
      <xs:enumeration value="GRAND_DUCHESS"/>
      <xs:enumeration value="KING_OF_BELGIUM"/>
      <xs:enumeration value="QUEEN_OF_BELGIUM"/>
      <xs:enumeration value="PRINCE_OF_BELGIUM"/>
      <xs:enumeration value="PRINCESS_OF_BELGIUM"/>
      <xs:enumeration value="DUKE_OF_BRABANT"/>
      <xs:enumeration value="DUCHESS_OF_BRABANT"/>
    </xs:restriction>
  </xs:simpleType>
  <xs:simpleType name="gender">
    <xs:restriction base="xs:string">
      <xs:enumeration value="MALE"/>
      <xs:enumeration value="FEMALE"/>
      <xs:enumeration value="UNKNOWN"/>
    </xs:restriction>
  </xs:simpleType>
  <xs:simpleType name="roleType">
    <xs:restriction base="xs:string">
      <xs:enumeration value="ABS"/>
      <xs:enumeration value="ADOPTIVE_MOTHER"/>
      <xs:enumeration value="ADOPTIVE_FATHER"/>
      <xs:enumeration value="ADOPTIVE_COPARENT"/>
      <xs:enumeration value="CHILD"/>
      <xs:enumeration value="CONCERNED_PERSON"/>
      <xs:enumeration value="COPARENT"/>
      <xs:enumeration value="DECEASED"/>
      <xs:enumeration value="DECLARANT"/>
      <xs:enumeration value="DECLARANT_1"/>
      <xs:enumeration value="DECLARANT_2"/>
      <xs:enumeration value="FATHER"/>
      <xs:enumeration value="LEGAL_REPRESENTATIVE"/>
      <xs:enumeration value="MISSING"/>
      <xs:enumeration value="NOT_RECOGNISING_FATHER"/>
      <xs:enumeration value="NOT_RECOGNISING_COPARENT"/>
      <xs:enumeration value="MOTHER"/>
      <xs:enumeration value="SPOUSE_1"/>
      <xs:enumeration value="SPOUSE_2"/>
      <xs:enumeration value="RECOGNIZER_FATHER"/>
      <xs:enumeration value="RECOGNIZER_MOTHER"/>
      <xs:enumeration value="RECOGNIZER_COPARENT"/>
      <xs:enumeration value="WITNESS"/>
      <xs:enumeration value="ADDED_FATHER"/>
      <xs:enumeration value="ADDED_MOTHER"/>
      <xs:enumeration value="ADDED_COPARENT"/>
      <xs:enumeration value="REMOVED_FATHER"/>
      <xs:enumeration value="REMOVED_MOTHER"/>
      <xs:enumeration value="REMOVED_COPARENT"/>
      <xs:enumeration value="FATHER_THAT_HAS_MADE_A_PRENATAL_RECOGNITION"/>
      <xs:enumeration value="COPARENT_THAT_HAS_MADE_A_PRENATAL_RECOGNITION"/>
    </xs:restriction>
  </xs:simpleType>
  <xs:simpleType name="docState">
    <xs:restriction base="xs:string">
      <xs:enumeration value="DRAFT"/>
      <xs:enumeration value="READY_FOR_VALIDATION"/>
      <xs:enumeration value="DELETED"/>
      <xs:enumeration value="VALIDATE_FOR_SIGNATURE"/>
      <xs:enumeration value="READY_FOR_SIGNATURE"/>
      <xs:enumeration value="TO_CHECK"/>
      <xs:enumeration value="REFUSED"/>
      <xs:enumeration value="PARTIALLY_MIGRATED"/>
      <xs:enumeration value="PARTIALLY_MIGR_COPY"/>
      <xs:enumeration value="PARTIALLY_MIGR_EXTRACT"/>
      <xs:enumeration value="FINAL"/>
      <xs:enumeration value="ERASED"/>
    </xs:restriction>
  </xs:simpleType>
  <xs:simpleType name="sideNoteType">
    <xs:restriction base="xs:string">
      <xs:enumeration value="MIGRATION"/>
      <xs:enumeration value="CHANGE"/>
      <xs:enumeration value="BASIS_ACT"/>
    </xs:restriction>
  </xs:simpleType>
  <xs:simpleType name="decisionType">
    <xs:restriction base="xs:string">
      <xs:enumeration value="JUDGMENT"/>
      <xs:enumeration value="ARREST"/>
      <xs:enumeration value="FOREIGN_DECISION"/>
      <xs:enumeration value="FOREIGN_CERTIFICATE"/>
      <xs:enumeration value="KING_ARREST"/>
      <xs:enumeration value="OFFICER_CORRECTION"/>
      <xs:enumeration value="PV"/>
    </xs:restriction>
  </xs:simpleType>
  <xs:simpleType name="decisionCategory">
    <xs:restriction base="xs:string">
      <xs:enumeration value="DIVORCE"/>
      <xs:enumeration value="FOREIGN_DIVORCE_BELGIAN_MARRIAGE"/>
      <xs:enumeration value="MARRIAGE_ANNULATION"/>
      <xs:enumeration value="MIGRATED_TRANSCRIPTION"/>
      <xs:enumeration value="FOREIGN_MARRIAGE_RECOGNITION"/>
      <xs:enumeration value="RECOGNITION_ANNULATION"/>
      <xs:enumeration value="CERTIFICATE_CORRECTION"/>
      <xs:enumeration value="JUDICIAL_ABSENCE"/>
      <xs:enumeration value="JUDICIAL_DECEASE"/>
      <xs:enumeration value="BELGIAN_ADOPTION"/>
      <xs:enumeration value="FOREIGN_ADOPTION"/>
      <xs:enumeration value="ADOPTION_REVISION"/>
      <xs:enumeration value="ADOPTION_REVOCATION"/>
      <xs:enumeration value="BELGIAN_NATIONALITY_DEPRIVATION"/>
      <xs:enumeration value="NAME_CHANGE"/>
      <xs:enumeration value="FIRSTNAME_CHANGE"/>
      <xs:enumeration value="ESTABLISHING_PATERNITY"/>
      <xs:enumeration value="ESTABLISHING_MATERNITY"/>
      <xs:enumeration value="ESTABLISHING_COPARENT"/>
      <xs:enumeration value="CONTESTING_PATERNITY"/>
      <xs:enumeration value="CONTESTING_MATERNITY"/>
      <xs:enumeration value="CONTESTING_COPARENT"/>
      <xs:enumeration value="NEW_SEX_CHANGE"/>
      <xs:enumeration value="SEX_CHANGE_ANNULATION"/>
      <xs:enumeration value="CERTIFICATE_ANNULATION"/>
      <xs:enumeration value="CERTIFICATE_ANNULATION_ART463"/>
      <xs:enumeration value="CERTIFICATE_REPLACEMENT"/>
      <xs:enumeration value="PV_SYSTEM_UNAVAILABLE"/>
      <xs:enumeration value="PV_BIRTH_ON_BOARD"/>
      <xs:enumeration value="PV_DECEASE_ON_BOARD"/>
      <xs:enumeration value="PV_UNKNOWN_DECEASE"/>
      <xs:enumeration value="PV_NEWBORN_FOUND"/>
      <xs:enumeration value="BIRTH_CERTIFICATE"/>
      <xs:enumeration value="MARRIAGE_CERTIFICATE"/>
      <xs:enumeration value="DEATH_CERTIFICATE"/>
      <xs:enumeration value="RECOGNITION_CERTIFICATE"/>
      <xs:enumeration value="PRENATAL_RECOGNITION_CERTIFICATE"/>
      <xs:enumeration value="NAME_CHANGE_CERTIFICATE"/>
      <xs:enumeration value="FIRSTNAME_CHANGE_CERTIFICATE"/>
      <xs:enumeration value="SEX_CHANGE_CERTIFICATE"/>
      <xs:enumeration value="ABSENCE_CERTIFICATE"/>
      <xs:enumeration value="DIVORCE_CERTIFICATE"/>
      <xs:enumeration value="ADOPTION_CERTIFICATE"/>
      <xs:enumeration value="OTHER"/>
      <xs:enumeration value="SEPARATION"/>
    </xs:restriction>
  </xs:simpleType>
  <xs:simpleType name="docType">
    <xs:restriction base="xs:string">
      <xs:enumeration value="BIRTH_CERTIFICATE"/>
      <xs:enumeration value="MARRIAGE_CERTIFICATE"/>
      <xs:enumeration value="DEATH_CERTIFICATE"/>
      <xs:enumeration value="NATIONALITY_CERTIFICATE"/>
      <xs:enumeration value="RECOGNITION_CERTIFICATE"/>
      <xs:enumeration value="PRENATAL_RECOGNITION_CERTIFICATE"/>
      <xs:enumeration value="NAME_CHANGE_CERTIFICATE"/>
      <xs:enumeration value="FIRSTNAME_CHANGE_CERTIFICATE"/>
      <xs:enumeration value="DECLARATION_OF_LIFELESS_CHILD_CERTIFICATE"/>
      <xs:enumeration value="SEX_CHANGE_CERTIFICATE"/>
      <xs:enumeration value="ABSENCE_CERTIFICATE"/>
      <xs:enumeration value="DIVORCE_CERTIFICATE"/>
      <xs:enumeration value="ADOPTION_CERTIFICATE"/>
      <xs:enumeration value="AUTHORITY_DECISION"/>
      <xs:enumeration value="ANNULMENT_CERTIFICATE"/>
      <xs:enumeration value="UPDATE_DOCUMENT"/>
    </xs:restriction>
  </xs:simpleType>
  <xs:simpleType name="adoptionType">
    <xs:restriction base="xs:string">
      <xs:enumeration value="SIMPLE"/>
      <xs:enumeration value="FULL"/>
    </xs:restriction>
  </xs:simpleType>
  <xs:simpleType name="jurisdictionPlace">
    <xs:restriction base="xs:string">
      <xs:enumeration value="111002"/>
      <xs:enumeration value="112025"/>
      <xs:enumeration value="113040"/>
      <xs:enumeration value="171022"/>
      <xs:enumeration value="173083"/>
      <xs:enumeration value="121004"/>
      <xs:enumeration value="124062"/>
      <xs:enumeration value="125072"/>
      <xs:enumeration value="142006"/>
      <xs:enumeration value="144021"/>
      <xs:enumeration value="145035"/>
      <xs:enumeration value="131005"/>
      <xs:enumeration value="133011"/>
      <xs:enumeration value="134022"/>
      <xs:enumeration value="138025"/>
      <xs:enumeration value="163023"/>
      <xs:enumeration value="161031"/>
      <xs:enumeration value="162063"/>
      <xs:enumeration value="163079"/>
      <xs:enumeration value="181001"/>
      <xs:enumeration value="183034"/>
      <xs:enumeration value="184043"/>
      <xs:enumeration value="191034"/>
      <xs:enumeration value="192094"/>
      <xs:enumeration value="152011"/>
      <xs:enumeration value="153053"/>
      <xs:enumeration value="157081"/>
      <xs:enumeration value="211002"/>
      <xs:enumeration value="253053"/>
      <xs:enumeration value="221004"/>
      <xs:enumeration value="244021"/>
      <xs:enumeration value="262063"/>
      <xs:enumeration value="230101"/>
      <xs:enumeration value="230102"/>
      <xs:enumeration value="230103"/>
      <xs:enumeration value="230201"/>
      <xs:enumeration value="230202"/>
      <xs:enumeration value="330100"/>
      <xs:enumeration value="330200"/>
      <xs:enumeration value="330500"/>
      <xs:enumeration value="330600"/>
      <xs:enumeration value="430101"/>
      <xs:enumeration value="430102"/>
      <xs:enumeration value="430103"/>
      <xs:enumeration value="430201"/>
      <xs:enumeration value="430202"/>
      <xs:enumeration value="430203"/>
      <xs:enumeration value="430204"/>
      <xs:enumeration value="530100"/>
      <xs:enumeration value="530201"/>
      <xs:enumeration value="530202"/>
      <xs:enumeration value="530203"/>
      <xs:enumeration value="530301"/>
      <xs:enumeration value="530302"/>
      <xs:enumeration value="530303"/>
      <xs:enumeration value="530401"/>
      <xs:enumeration value="530402"/>
      <xs:enumeration value="630101"/>
      <xs:enumeration value="630102"/>
      <xs:enumeration value="630103"/>
      <xs:enumeration value="210100"/>
      <xs:enumeration value="610100"/>
      <xs:enumeration value="310100"/>
      <xs:enumeration value="410100"/>
      <xs:enumeration value="510100"/>
    </xs:restriction>
  </xs:simpleType>
  <xs:simpleType name="code">
    <xs:restriction base="xs:string">
      <xs:enumeration value="PERSON_NOBILITY"/>
      <xs:enumeration value="PERSON_NOBILITYFREE"/>
      <xs:enumeration value="PERSON_FIRSTNAMES"/>
      <xs:enumeration value="PERSON_LASTNAME"/>
      <xs:enumeration value="PERSON_BIRTHDATE"/>
      <xs:enumeration value="PERSON_BIRTHPLACE_MUNICIPALITYCODE"/>
      <xs:enumeration value="PERSON_BIRTHPLACE_MUNICIPALITYFREETEXT"/>
      <xs:enumeration value="PERSON_BIRTHPLACE_COUNTRYCODE"/>
      <xs:enumeration value="PERSON_BIRTHPLACE_COUNTRYFREETEXT"/>
      <xs:enumeration value="DOCUMENT_DOCUMENTREFERENCE"/>
      <xs:enumeration value="DOCUMENT_ESTABLISHINGDATE"/>
      <xs:enumeration value="DOCUMENT_REDACTIONPLACE_MUNICIPALITYCODE"/>
      <xs:enumeration value="DOCUMENT_REDACTIONPLACE_MUNICIPALITYFREETEXT"/>
      <xs:enumeration value="DOCUMENT_REDACTIONPLACE_COUNTRYCODE"/>
      <xs:enumeration value="DOCUMENT_REDACTIONPLACE_COUNTRYFREETEXT"/>
      <xs:enumeration value="ROLE_ROLE"/>
      <xs:enumeration value="BIRTHCERTIFICATE_FACTDATE"/>
      <xs:enumeration value="BIRTHCERTIFICATE_BIRTHTIME"/>
      <xs:enumeration value="BIRTHCERTIFICATE_GENDER"/>
      <xs:enumeration value="BIRTHCERTIFICATE_NAME_DECLARATIONMADEBYTHEPARENTS"/>
      <xs:enumeration value="BIRTHCERTIFICATE_NAMEDECLARATION_NAME"/>
      <xs:enumeration value="BIRTHCERTIFICATE_NAMEDECLARATION_NAME1"/>
      <xs:enumeration value="BIRTHCERTIFICATE_NAMEDECLARATION_NAME2"/>
      <xs:enumeration value="BIRTHCERTIFICATE_PRENATALRECOGNITIONDOCUMENTREFERENCE"/>
      <xs:enumeration value="BIRTHCERTIFICATE_CONSENTROLE"/>
      <xs:enumeration value="BIRTHCERTIFICATE_CONSENTDATE"/>
      <xs:enumeration value="BIRTHCERTIFICATE_CONSENTPLACE_MUNICIPALITYCODE"/>
      <xs:enumeration value="BIRTHCERTIFICATE_CONSENTPLACE_MUNICIPALITYFREETEXT"/>
      <xs:enumeration value="BIRTHCERTIFICATE_CONSENTPLACE_COUNTRYCODE"/>
      <xs:enumeration value="BIRTHCERTIFICATE_CONSENTPLACE_COUNTRYFREETEXT"/>
      <xs:enumeration value="BIRTHCERTIFICATE_CONSENTAUTHORITY"/>
      <xs:enumeration value="BIRTHCERTIFICATE_JURIDICALAUTHORITY"/>
      <xs:enumeration value="BIRTHCERTIFICATE_JURIDICALREFERENCE"/>
      <xs:enumeration value="BIRTHCERTIFICATE_VERDICTDATE"/>
      <xs:enumeration value="PRENATALRECOGNITIONCERTIFICATE_FACTDATE"/>
      <xs:enumeration value="PRENATALRECOGNITIONCERTIFICATE_MOTHERCONSENTDATE"/>
      <xs:enumeration value="PRENATALRECOGNITIONCERTIFICATE_MOTHERCONSENTPLACE_MUNICIPALITYCODE"/>
      <xs:enumeration value="PRENATALRECOGNITIONCERTIFICATE_MOTHERCONSENTPLACE_MUNICIPALITYFREETEXT"/>
      <xs:enumeration value="PRENATALRECOGNITIONCERTIFICATE_MOTHERCONSENTPLACE_COUNTRYCODE"/>
      <xs:enumeration value="PRENATALRECOGNITIONCERTIFICATE_MOTHERCONSENTPLACE_COUNTRYFREETEXT"/>
      <xs:enumeration value="PRENATALRECOGNITIONCERTIFICATE_MOTHERCONSENTAUTHORITY"/>
      <xs:enumeration value="PRENATALRECOGNITIONCERTIFICATE_JURIDICALAUTHORITY"/>
      <xs:enumeration value="PRENATALRECOGNITIONCERTIFICATE_JURIDICALREFERENCE"/>
      <xs:enumeration value="PRENATALRECOGNITIONCERTIFICATE_VERDICTDATE"/>
      <xs:enumeration value="RECOGNITIONCERTIFICATE_FACTDATE"/>
      <xs:enumeration value="RECOGNITIONCERTIFICATE_FILIATIONCONSENTDATE"/>
      <xs:enumeration value="RECOGNITIONCERTIFICATE_FILIATIONCONSENTPLACE_MUNICIPALITYCODE"/>
      <xs:enumeration value="RECOGNITIONCERTIFICATE_FILIATIONCONSENTPLACE_MUNICIPALITYFREETEXT"/>
      <xs:enumeration value="RECOGNITIONCERTIFICATE_FILIATIONCONSENTPLACE_COUNTRYCODE"/>
      <xs:enumeration value="RECOGNITIONCERTIFICATE_FILIATIONCONSENTPLACE_COUNTRYFREETEXT"/>
      <xs:enumeration value="RECOGNITIONCERTIFICATE_FILIATIONCONSENTAUTHORITY"/>
      <xs:enumeration value="RECOGNITIONCERTIFICATE_CHILDCONSENTDATE"/>
      <xs:enumeration value="RECOGNITIONCERTIFICATE_CHILDCONSENTPLACE_MUNICIPALITYCODE"/>
      <xs:enumeration value="RECOGNITIONCERTIFICATE_CHILDCONSENTPLACE_MUNICIPALITYFREETEXT"/>
      <xs:enumeration value="RECOGNITIONCERTIFICATE_CHILDCONSENTPLACE_COUNTRYCODE"/>
      <xs:enumeration value="RECOGNITIONCERTIFICATE_CHILDCONSENTPLACE_COUNTRYFREETEXT"/>
      <xs:enumeration value="RECOGNITIONCERTIFICATE_CHILDCONSENTAUTHORITY"/>
      <xs:enumeration value="RECOGNITIONCERTIFICATE_LEGALREPRESENTATIVECONSENTDATE"/>
      <xs:enumeration value="RECOGNITIONCERTIFICATE_LEGALREPRESENTATIVECONSENTPLACE_MUNICIPALITYCODE"/>
      <xs:enumeration value="RECOGNITIONCERTIFICATE_LEGALREPRESENTATIVECONSENTPLACE_MUNICIPALITYFREETEXT"/>
      <xs:enumeration value="RECOGNITIONCERTIFICATE_LEGALREPRESENTATIVECONSENTPLACE_COUNTRYCODE"/>
      <xs:enumeration value="RECOGNITIONCERTIFICATE_LEGALREPRESENTATIVECONSENTPLACE_COUNTRYFREETEXT"/>
      <xs:enumeration value="RECOGNITIONCERTIFICATE_LEGALREPRESENTATIVECONSENTAUTHORITY"/>
      <xs:enumeration value="RECOGNITIONCERTIFICATE_COURTCONSENTJURISDICTION"/>
      <xs:enumeration value="RECOGNITIONCERTIFICATE_COURTCONSENTVERDICTDATE"/>
      <xs:enumeration value="RECOGNITIONCERTIFICATE_COURTCONSENTREFERENCE"/>
      <xs:enumeration value="RECOGNITIONCERTIFICATE_NAMEDECLARATIONMADEBYTHEPARENTS"/>
      <xs:enumeration value="RECOGNITIONCERTIFICATE_NEWFIRSTNAME"/>
      <xs:enumeration value="RECOGNITIONCERTIFICATE_NAMEDECLARATION"/>
      <xs:enumeration value="RECOGNITIONCERTIFICATE_NAMEDECLARATION_NAME1"/>
      <xs:enumeration value="RECOGNITIONCERTIFICATE_NAMEDECLARATION_NAME2"/>
      <xs:enumeration value="MARRIAGECERTIFICATE_FACTDATE"/>
      <xs:enumeration value="MARRIAGECERTIFICATE_NAMECHANGESPOUSE1"/>
      <xs:enumeration value="MARRIAGECERTIFICATE_NAMECHANGESPOUSE2"/>
      <xs:enumeration value="DEATHCERTIFICATE_FACTDATE"/>
      <xs:enumeration value="DEATHCERTIFICATE_DECEASETIME"/>
      <xs:enumeration value="DEATHCERTIFICATE_DECEASEPLACE_MUNICIPALITYCODE"/>
      <xs:enumeration value="DEATHCERTIFICATE_DECEASEPLACE_MUNICIPALITYFREETEXT"/>
      <xs:enumeration value="DEATHCERTIFICATE_DECEASEPLACE_COUNTRYCODE"/>
      <xs:enumeration value="DEATHCERTIFICATE_DECEASEPLACE_COUNTRYFREETEXT"/>
      <xs:enumeration value="DEATHCERTIFICATE_DECEASEPLACE_LIFELESSBODY"/>
      <xs:enumeration value="DECLARATION_OF_LIFELESS_CHILD_CERTIFICATE_FACTDATE"/>
      <xs:enumeration value="DECLARATION_OF_LIFELESS_CHILD_CERTIFICATE_BIRTHTIME"/>
      <xs:enumeration value="DECLARATION_OF_LIFELESS_CHILD_CERTIFICATE_BIRTHPLACE_MUNICIPALITYCODE"/>
      <xs:enumeration value="DECLARATION_OF_LIFELESS_CHILD_CERTIFICATE_BIRTHPLACE_MUNICIPALITYFREETEXT"/>
      <xs:enumeration value="DECLARATION_OF_LIFELESS_CHILD_CERTIFICATE_BIRTHPLACE_COUNTRYCODE"/>
      <xs:enumeration value="DECLARATION_OF_LIFELESS_CHILD_CERTIFICATE_BIRTHPLACE_COUNTRYFREETEXT"/>
      <xs:enumeration value="DECLARATION_OF_LIFELESS_CHILD_CERTIFICATE_FIRSTNAMES"/>
      <xs:enumeration value="DECLARATION_OF_LIFELESS_CHILD_CERTIFICATE_GENDER"/>
      <xs:enumeration value="DECLARATION_OF_LIFELESS_CHILD_CERTIFICATE_DURATION_OF_PREGNANCY"/>
      <xs:enumeration value="DECLARATION_OF_LIFELESS_CHILD_CERTIFICATE_NAME"/>
      <xs:enumeration value="NAMECHANGE_CERTIFICATE_FACTDATE"/>
      <xs:enumeration value="NAMECHANGE_CERTIFICATE_NAMEDECLARATION"/>
      <xs:enumeration value="NAMECHANGE_CERTIFICATE_NAMEDECLARATION_NAME1"/>
      <xs:enumeration value="NAMECHANGE_CERTIFICATE_NAMEDECLARATION_NAME2"/>
      <xs:enumeration value="NAMECHANGE_CERTIFICATE_REASONFORTHECERTIFICATE"/>
      <xs:enumeration value="NAMECHANGE_CERTIFICATE_REQUESTINGDATE"/>
      <xs:enumeration value="FIRSTNAMECHANGE_CERTIFICATE_FACTDATE"/>
      <xs:enumeration value="FIRSTNAMECHANGE_CERTIFICATE_FIRSTNAMES"/>
      <xs:enumeration value="NATIONALITY_CERTIFICATE_FACTDATE"/>
      <xs:enumeration value="NATIONALITY_CERTIFICATE_REASON_FOR_THE_CERTIFICATE"/>
      <xs:enumeration value="NATIONALITY_CERTIFICATE_OTHER_NATIONALITY_CODE"/>
      <xs:enumeration value="TRANSSEXUALITY_CERTIFICATE_FACTDATE"/>
      <xs:enumeration value="TRANSSEXUALITY_NEWGENDER"/>
      <xs:enumeration value="ABSENCE_CERTIFICATE_FACTDATE"/>
      <xs:enumeration value="ADOPTION_CERTIFICATE_FACTDATE"/>
      <xs:enumeration value="ADOPTION_CERTIFICATE_ADOPTIONTYPE"/>
      <xs:enumeration value="ADOPTION_CERTIFICATE_NEWNAME_NAME"/>
      <xs:enumeration value="ADOPTION_CERTIFICATE_NEWNAME_NAME1"/>
      <xs:enumeration value="ADOPTION_CERTIFICATE_NEWNAME_NAME2"/>
      <xs:enumeration value="ADOPTION_CERTIFICATE_NEWFIRSTNAMES"/>
      <xs:enumeration value="ADOPTION_CERTIFICATE_FCARECOGNITIONDATE"/>
      <xs:enumeration value="DIVORCE_CERTIFICATE_FACTDATE"/>
      <xs:enumeration value="DIVORCE_CERTIFICATE_MARRIAGECERTIFICATENUMBER"/>
      <xs:enumeration value="ANNULMENT_CERTIFICATE_FACTDATE"/>
      <xs:enumeration value="ANNULMENT_ANNULEDCERTIFICATENUMBER"/>
      <xs:enumeration value="ANNULMENT_ANNULATIONTYPE"/>
      <xs:enumeration value="MODIFICATIONCERTIFICATE_FACTDATE"/>
      <xs:enumeration value="MODIFICATIONCERTIFICATE_MODIFIEDCERTIFICATEREFERENCE"/>
      <xs:enumeration value="MODIFICATIONCERTIFICATE_DECISIONAUTHORITYCODE"/>
      <xs:enumeration value="MODIFICATIONCERTIFICATE_DECISIONAUTHORITYFREE"/>
      <xs:enumeration value="MODIFICATIONCERTIFICATE_DECISIONDATE"/>
      <xs:enumeration value="MODIFICATIONCERTIFICATE_APPLICATIONDATE"/>
      <xs:enumeration value="MODIFICATIONCERTIFICATE_DECISIONTYPE"/>
      <xs:enumeration value="MODIFICATIONCERTIFICATE_DECISIONCATEGORY"/>
      <xs:enumeration value="MODIFICATIONCERTIFICATE_DECISIONREFERENCE"/>
      <xs:enumeration value="MODIFICATIONCERTIFICATE_CHANGEDVALUES_CHANGEDFIELDCODE"/>
      <xs:enumeration value="MODIFICATIONCERTIFICATE_CHANGEDVALUES_CHANGEDFIELDOLDVALUE"/>
      <xs:enumeration value="MODIFICATIONCERTIFICATE_CHANGEDVALUES_CHANGEDFIELDNEWVALUE"/>
    </xs:restriction>
  </xs:simpleType>
  <xs:simpleType name="consentAuthorityType">
    <xs:restriction base="xs:string">
      <xs:enumeration value="BELGIAN_REGISTRAR"/>
      <xs:enumeration value="FOREIGN_AUTHORITY"/>
      <xs:enumeration value="NOTARY"/>
    </xs:restriction>
  </xs:simpleType>
  <xs:simpleType name="nameChangeReasonType">
    <xs:restriction base="xs:string">
      <xs:enumeration value="APPLICATION_ARTICLE335P3"/>
      <xs:enumeration value="APPLICATION_ARTICLE335TERP2"/>
      <xs:enumeration value="APPLICATION_ARTICLE335QUATER"/>
      <xs:enumeration value="APPLICATION_ARTICLE12"/>
      <xs:enumeration value="NAME_CHANGE_DECISION"/>
    </xs:restriction>
  </xs:simpleType>
  <xs:simpleType name="nationalityReasonType">
    <xs:restriction base="xs:string">
      <xs:enumeration value="APPLICATION_ARTICLE8P1S2B"/>
      <xs:enumeration value="APPLICATION_ARTICLE9S2B"/>
      <xs:enumeration value="APPLICATION_ARTICLE12BISP1S1"/>
      <xs:enumeration value="APPLICATION_ARTICLE12BISP1S2"/>
      <xs:enumeration value="APPLICATION_ARTICLE12BISP1S3"/>
      <xs:enumeration value="APPLICATION_ARTICLE12BISP1S4"/>
      <xs:enumeration value="APPLICATION_ARTICLE12BISP1S5"/>
      <xs:enumeration value="APPLICATION_ARTICLE22P1S2"/>
      <xs:enumeration value="APPLICATION_ARTICLE22P1S5"/>
      <xs:enumeration value="APPLICATION_ARTICLE24"/>
      <xs:enumeration value="APPLICATION_ARTICLE11BIS"/>
      <xs:enumeration value="APPLICATION_ARTICLE17"/>
      <xs:enumeration value="BELGIAN_NATIONALITY_REVOCATION"/>
      <xs:enumeration value="APPLICATION_OLD_LAW"/>
    </xs:restriction>
  </xs:simpleType>
  <xs:simpleType name="actionType">
    <xs:restriction base="xs:string">
      <xs:enumeration value="ADD"/>
      <xs:enumeration value="REMOVE"/>
    </xs:restriction>
  </xs:simpleType>
  <xs:simpleType name="actType">
    <xs:restriction base="xs:string">
      <xs:enumeration value="BELGIAN"/>
      <xs:enumeration value="ART_16"/>
      <xs:enumeration value="ART_34"/>
    </xs:restriction>
  </xs:simpleType>
  <xs:element name="DABSException" type="tns:DABSException"/>
  <xs:complexType name="DABSException">
    <xs:sequence>
      <xs:element minOccurs="0" name="traceId" type="xs:string"/>
      <xs:element maxOccurs="unbounded" minOccurs="0" name="error" type="tns:error"/>
    </xs:sequence>
  </xs:complexType>
</xs:schema>]]></con:content><con:type>http://www.w3.org/2001/XMLSchema</con:type></con:part><con:part><con:url>https://192.168.22.53:8443/services/CivilStatusDocumentService_v1.0?xsd=baseMessageTypes_v1.xsd</con:url><con:content><![CDATA[<xsd:schema attributeFormDefault="unqualified" elementFormDefault="qualified" targetNamespace="http://fidus.brussels/type/common/messages/v1" version="1.0" xmlns:xsd="http://www.w3.org/2001/XMLSchema" xmlns:cmn="http://fidus.brussels/type/common/v1" xmlns:tns="http://fidus.brussels/type/common/messages/v1">
  <xsd:simpleType name="MessageIdType">
    <xsd:restriction base="xsd:string">
      <xsd:minLength value="1"/>
      <xsd:maxLength value="64"/>
    </xsd:restriction>
  </xsd:simpleType>
  <xsd:simpleType name="PersonNumberType">
    <xsd:restriction base="xsd:string">
      <xsd:pattern value="[0-9][0-9](([0][0-9])|([1][0-2]))(([0-2][0-9])|([3][0-1]))(([0-9]{2}[1-9])|([0-9][1-9][0-9])|([1-9][0-9]{2}))(([0-8][0-9])|([9][0-7]))">
        <xsd:annotation>
          <xsd:documentation>National Register format</xsd:documentation>
        </xsd:annotation>
      </xsd:pattern>
      <xsd:pattern value="[0-9][0-9](([2][0-9])|([3][0-2]))(([0-2][0-9])|([3][0-1]))[0-9]{3}(([0-8][0-9])|([9][0-7]))">
        <xsd:annotation>
          <xsd:documentation>CBSS Register format: Bis Register</xsd:documentation>
        </xsd:annotation>
      </xsd:pattern>
      <xsd:pattern value="[0-9][0-9](([4][0-9])|([5][0-2]))(([0-2][0-9])|([3][0-1]))[0-9]{3}(([0-8][0-9])|([9][0-7]))">
        <xsd:annotation>
          <xsd:documentation>CBSS Register format: Ter Register</xsd:documentation>
        </xsd:annotation>
      </xsd:pattern>
    </xsd:restriction>
  </xsd:simpleType>
  <xsd:complexType name="RequestMessageContextType">
    <xsd:annotation>
      <xsd:documentation>Message context block generated by the consumer.</xsd:documentation>
    </xsd:annotation>
    <xsd:sequence>
      <xsd:element name="messageId" type="tns:MessageIdType">
        <xsd:annotation>
          <xsd:documentation>Consumer must assign their own MessageId reference for the request.</xsd:documentation>
        </xsd:annotation>
      </xsd:element>
      <xsd:element minOccurs="0" name="timestamp" type="xsd:dateTime">
        <xsd:annotation>
          <xsd:documentation>Timestamp when client sent request.</xsd:documentation>
        </xsd:annotation>
      </xsd:element>
    </xsd:sequence>
  </xsd:complexType>
  <xsd:complexType name="ResponseMessageContextType">
    <xsd:annotation>
      <xsd:documentation>MessageContext block generated by fidus.</xsd:documentation>
    </xsd:annotation>
    <xsd:sequence>
      <xsd:element name="messageId" type="tns:MessageIdType">
        <xsd:annotation>
          <xsd:documentation>A unique identifier generated by fidus.</xsd:documentation>
        </xsd:annotation>
      </xsd:element>
      <xsd:element name="transactionId" type="tns:MessageIdType">
        <xsd:annotation>
          <xsd:documentation>A unique ID returned to the client for tracing purposes.</xsd:documentation>
        </xsd:annotation>
      </xsd:element>
      <xsd:element minOccurs="0" name="relatesTo" type="tns:MessageIdType">
        <xsd:annotation>
          <xsd:documentation>Optional field. The unique id of a previous batch file in this exchange Only used for responses.</xsd:documentation>
        </xsd:annotation>
      </xsd:element>
      <xsd:element minOccurs="0" name="timestamp" type="xsd:dateTime">
        <xsd:annotation>
          <xsd:documentation>Time reply sent by fidus.</xsd:documentation>
        </xsd:annotation>
      </xsd:element>
    </xsd:sequence>
  </xsd:complexType>
  <xsd:simpleType name="LegalContextType">
    <xsd:restriction base="xsd:string">
      <xsd:minLength value="1"/>
      <xsd:maxLength value="64"/>
    </xsd:restriction>
  </xsd:simpleType>
  <xsd:complexType name="UserContextType">
    <xsd:annotation>
      <xsd:documentation>The user context defines information regarding the actual user performing a request.</xsd:documentation>
    </xsd:annotation>
    <xsd:sequence>
      <xsd:element name="language" nillable="true" type="xsd:language">
        <xsd:annotation>
          <xsd:documentation>The preferred language of the actual user performing the request.
						This influences the language in which response elements are cast.</xsd:documentation>
        </xsd:annotation>
      </xsd:element>
    </xsd:sequence>
  </xsd:complexType>
</xsd:schema>]]></con:content><con:type>http://www.w3.org/2001/XMLSchema</con:type></con:part><con:part><con:url>https://192.168.22.53:8443/services/CivilStatusDocumentService_v1.0?xsd=exceptionTypes_v1.xsd</con:url><con:content><![CDATA[<xsd:schema attributeFormDefault="unqualified" elementFormDefault="qualified" targetNamespace="http://fidus.brussels/type/common/exceptions/v1" version="1.0" xmlns:xsd="http://www.w3.org/2001/XMLSchema" xmlns:tns="http://fidus.brussels/type/common/exceptions/v1">
  <xsd:complexType name="ExceptionsType">
    <xsd:sequence>
      <xsd:element maxOccurs="unbounded" name="exception" type="tns:ExceptionType"/>
    </xsd:sequence>
  </xsd:complexType>
  <xsd:complexType name="ExceptionType">
    <xsd:sequence>
      <xsd:element name="type" type="tns:ExceptionClassType"/>
      <xsd:element name="code" type="tns:ExceptionCodeType"/>
      <xsd:element name="source" type="tns:ExceptionSourceType"/>
      <xsd:element name="description" type="tns:ExceptionDescriptionType"/>
    </xsd:sequence>
  </xsd:complexType>
  <xsd:simpleType name="ExceptionClassType">
    <xsd:restriction base="xsd:string">
      <xsd:enumeration value="ERROR"/>
      <xsd:enumeration value="WARNING"/>
      <xsd:enumeration value="INFO"/>
    </xsd:restriction>
  </xsd:simpleType>
  <xsd:simpleType name="ExceptionCodeType">
    <xsd:restriction base="xsd:string">
      <xsd:maxLength value="20"/>
    </xsd:restriction>
  </xsd:simpleType>
  <xsd:simpleType name="ExceptionSourceType">
    <xsd:restriction base="xsd:string">
      <xsd:maxLength value="20"/>
    </xsd:restriction>
  </xsd:simpleType>
  <xsd:simpleType name="ExceptionDescriptionType">
    <xsd:restriction base="xsd:string"/>
  </xsd:simpleType>
</xsd:schema>]]></con:content><con:type>http://www.w3.org/2001/XMLSchema</con:type></con:part></con:definitionCache><con:endpoints><con:endpoint>https://192.168.22.53:8443/services/CivilStatusDocumentService_v1.0</con:endpoint><con:endpoint>https://192.168.22.54:8443/services/CivilStatusDocumentService_v1.0</con:endpoint><con:endpoint>https://192.168.24.16:8443/services/CivilStatusDocumentService_v1.0</con:endpoint><con:endpoint>https://192.168.24.17:8443/services/CivilStatusDocumentService_v1.0</con:endpoint><con:endpoint>https://192.168.36.61:8243/services/CivilStatusDocumentService_v1.0</con:endpoint><con:endpoint>https://esb-security-gw.sta.srv.cirb.lan:8443/services/CivilStatusDocumentService_v1.0</con:endpoint><con:endpoint>https://fidus-esb-sg.sta.srv.cirb.lan:8443/services/CivilStatusDocumentService_v1.0</con:endpoint><con:endpoint>https://fidus-test.irisnetlab.be/services/CivilStatusDocumentService_v1.0</con:endpoint><con:endpoint>https://fidus.irisnetlab.be/services/CivilStatusDocumentService_v1.0</con:endpoint><con:endpoint>https://localhost:8243/services/CivilStatusDocumentService_v1.0</con:endpoint></con:endpoints><con:operation id="d1545dbc-5449-4ffa-a56b-2f468a1e6bf6" isOneWay="false" action="http://fidus.brussels/services/civilstatusdocumentservice/getCopyConform" name="getCopyConform" bindingOperationName="getCopyConform" type="Request-Response" inputName="" receivesAttachments="false" sendsAttachments="false" anonymous="optional"><con:settings/><con:call id="6c82efa6-eeba-438a-a894-c0f014937abb" name="1 - Local - Request" outgoingWss="Outflow DEV" incomingWss="Inflow DEV"><con:settings><con:setting id="com.eviware.soapui.impl.wsdl.WsdlRequest@request-headers">&lt;xml-fragment/></con:setting></con:settings><con:encoding>UTF-8</con:encoding><con:endpoint>https://localhost:8243/services/CivilStatusDocumentService_v1.0</con:endpoint><con:request><![CDATA[<soapenv:Envelope xmlns:soapenv="http://schemas.xmlsoap.org/soap/envelope/" xmlns:v1="http://fidus.brussels/service/civilstatusdocumentservice/messages/v1" xmlns:v11="http://fidus.brussels/type/common/messages/v1">
   <soapenv:Header/>
   <soapenv:Body>
      <v1:getCopyConformRequest>
         <v1:messageContext>
           <v11:messageId>${=import static java.util.UUID.randomUUID; uuid = randomUUID() as String}</v11:messageId>
            <v11:timestamp>${=new java.text.SimpleDateFormat("yyyy-MM-dd'T'HH:mm:ss.SSS").format(new Date())}</v11:timestamp>
         </v1:messageContext>
         <v1:legalContext>ServiceIntegrator</v1:legalContext>
         <v1:request>
            <v1:documentReference>20180000299194</v1:documentReference>
		  <v1:language>fr</v1:language>
		   <!--Optional:-->
            <v1:municipalityCode>d1051</v1:municipalityCode>
         </v1:request>
      </v1:getCopyConformRequest>
   </soapenv:Body>
</soapenv:Envelope>]]></con:request><con:credentials><con:selectedAuthProfile>Basic</con:selectedAuthProfile><con:addedBasicAuthenticationTypes>Basic</con:addedBasicAuthenticationTypes><con:authType>Global HTTP Settings</con:authType></con:credentials><con:jmsConfig JMSDeliveryMode="PERSISTENT"/><con:jmsPropertyConfig/><con:wsaConfig mustUnderstand="NONE" version="200508" action="http://fidus.brussels/services/civilstatusdocumentservice/getCopyConform"/><con:wsrmConfig version="1.2"/></con:call><con:call id="2a66c244-6a84-4566-895c-915f94dfbeb0" name="2 - Dev - Request" outgoingWss="Outflow DEV" incomingWss="Inflow DEV"><con:settings><con:setting id="com.eviware.soapui.impl.wsdl.WsdlRequest@request-headers">&lt;xml-fragment/></con:setting></con:settings><con:encoding>UTF-8</con:encoding><con:endpoint>https://192.168.36.61:8243/services/CivilStatusDocumentService_v1.0</con:endpoint><con:request><![CDATA[<soapenv:Envelope xmlns:soapenv="http://schemas.xmlsoap.org/soap/envelope/" xmlns:v1="http://fidus.brussels/service/civilstatusdocumentservice/messages/v1" xmlns:v11="http://fidus.brussels/type/common/messages/v1">
   <soapenv:Header/>
   <soapenv:Body>
      <v1:getCopyConformRequest>
         <v1:messageContext>
           <v11:messageId>${=import static java.util.UUID.randomUUID; uuid = randomUUID() as String}</v11:messageId>
            <v11:timestamp>${=new java.text.SimpleDateFormat("yyyy-MM-dd'T'HH:mm:ss.SSS").format(new Date())}</v11:timestamp>
         </v1:messageContext>
         <v1:legalContext>ServiceIntegrator</v1:legalContext>
         <v1:request>
            <v1:documentReference>20180000299194</v1:documentReference>
		  <v1:language>fr</v1:language>
		   <!--Optional:-->
            <v1:municipalityCode>d1051</v1:municipalityCode>
         </v1:request>
      </v1:getCopyConformRequest>
   </soapenv:Body>
</soapenv:Envelope>]]></con:request><con:credentials><con:selectedAuthProfile>Basic</con:selectedAuthProfile><con:addedBasicAuthenticationTypes>Basic</con:addedBasicAuthenticationTypes><con:authType>Global HTTP Settings</con:authType></con:credentials><con:jmsConfig JMSDeliveryMode="PERSISTENT"/><con:jmsPropertyConfig/><con:wsaConfig mustUnderstand="NONE" version="200508" action="http://fidus.brussels/services/civilstatusdocumentservice/getCopyConform"/><con:wsrmConfig version="1.2"/></con:call><con:call id="a96f6dc6-5929-4c3b-90c2-1851c6c57023" name="3 -Test - External - Request" outgoingWss="Outflow Test" incomingWss="Inflow Test"><con:settings><con:setting id="com.eviware.soapui.impl.wsdl.WsdlRequest@request-headers">&lt;xml-fragment/></con:setting></con:settings><con:encoding>UTF-8</con:encoding><con:endpoint>https://fidus-test.irisnetlab.be/services/CivilStatusDocumentService_v1.0</con:endpoint><con:request><![CDATA[<soapenv:Envelope xmlns:soapenv="http://schemas.xmlsoap.org/soap/envelope/" xmlns:v1="http://fidus.brussels/service/civilstatusdocumentservice/messages/v1" xmlns:v11="http://fidus.brussels/type/common/messages/v1">
   <soapenv:Header/>
   <soapenv:Body>
      <v1:getCopyConformRequest>
         <v1:messageContext>
           <v11:messageId>${=import static java.util.UUID.randomUUID; uuid = randomUUID() as String}</v11:messageId>
            <v11:timestamp>${=new java.text.SimpleDateFormat("yyyy-MM-dd'T'HH:mm:ss.SSS").format(new Date())}</v11:timestamp>
         </v1:messageContext>
         <v1:legalContext>ServiceIntegrator</v1:legalContext>
         <v1:request>
            <v1:documentReference>20180000299194</v1:documentReference>
		  <v1:language>fr</v1:language>
         </v1:request>
      </v1:getCopyConformRequest>
   </soapenv:Body>
</soapenv:Envelope>]]></con:request><con:credentials><con:selectedAuthProfile>Basic</con:selectedAuthProfile><con:addedBasicAuthenticationTypes>Basic</con:addedBasicAuthenticationTypes><con:authType>Global HTTP Settings</con:authType></con:credentials><con:jmsConfig JMSDeliveryMode="PERSISTENT"/><con:jmsPropertyConfig/><con:wsaConfig mustUnderstand="NONE" version="200508" action="http://fidus.brussels/services/civilstatusdocumentservice/getCopyConform"/><con:wsrmConfig version="1.2"/></con:call><con:call id="da8d812f-79e0-49d9-b9e8-ff700a43f963" name="3 -Test - LB - Request" outgoingWss="Outflow Test" incomingWss="Inflow Test"><con:settings><con:setting id="com.eviware.soapui.impl.wsdl.WsdlRequest@request-headers">&lt;xml-fragment/></con:setting></con:settings><con:encoding>UTF-8</con:encoding><con:endpoint>https://esb-security-gw.sta.srv.cirb.lan:8443/services/CivilStatusDocumentService_v1.0</con:endpoint><con:request><![CDATA[<soapenv:Envelope xmlns:soapenv="http://schemas.xmlsoap.org/soap/envelope/" xmlns:v1="http://fidus.brussels/service/civilstatusdocumentservice/messages/v1" xmlns:v11="http://fidus.brussels/type/common/messages/v1">
   <soapenv:Header/>
   <soapenv:Body>
      <v1:getCopyConformRequest>
         <v1:messageContext>
            <v11:messageId>${=import static java.util.UUID.randomUUID; uuid = randomUUID() as String}</v11:messageId>
            <v11:timestamp>${=new java.text.SimpleDateFormat("yyyy-MM-dd'T'HH:mm:ss.SSS").format(new Date())}</v11:timestamp>
         </v1:messageContext>
         <v1:legalContext>ServiceIntegrator</v1:legalContext>
         <v1:request>
            <v1:documentReference>20180000299194</v1:documentReference>
            <v1:language>fr</v1:language>
         </v1:request>
      </v1:getCopyConformRequest>
   </soapenv:Body>
</soapenv:Envelope>]]></con:request><con:credentials><con:selectedAuthProfile>Basic</con:selectedAuthProfile><con:addedBasicAuthenticationTypes>Basic</con:addedBasicAuthenticationTypes><con:authType>Global HTTP Settings</con:authType></con:credentials><con:jmsConfig JMSDeliveryMode="PERSISTENT"/><con:jmsPropertyConfig/><con:wsaConfig mustUnderstand="NONE" version="200508" action="http://fidus.brussels/services/civilstatusdocumentservice/getCopyConform"/><con:wsrmConfig version="1.2"/></con:call><con:call id="e73739de-afb1-4cf2-a805-2c7cf15bf3ed" name="3 -Test - Worker1 - Request" outgoingWss="Outflow Test" incomingWss="Inflow Test"><con:settings><con:setting id="com.eviware.soapui.impl.wsdl.WsdlRequest@request-headers">&lt;xml-fragment/></con:setting></con:settings><con:encoding>UTF-8</con:encoding><con:endpoint>https://192.168.22.53:8443/services/CivilStatusDocumentService_v1.0</con:endpoint><con:request><![CDATA[<soapenv:Envelope xmlns:soapenv="http://schemas.xmlsoap.org/soap/envelope/" xmlns:v1="http://fidus.brussels/service/civilstatusdocumentservice/messages/v1" xmlns:v11="http://fidus.brussels/type/common/messages/v1">
   <soapenv:Header/>
   <soapenv:Body>
      <v1:getCopyConformRequest>
         <v1:messageContext>
           <v11:messageId>${=import static java.util.UUID.randomUUID; uuid = randomUUID() as String}</v11:messageId>
            <v11:timestamp>${=new java.text.SimpleDateFormat("yyyy-MM-dd'T'HH:mm:ss.SSS").format(new Date())}</v11:timestamp>
         </v1:messageContext>
         <v1:legalContext>ServiceIntegrator</v1:legalContext>
         <v1:request>
            <v1:documentReference>20180000299194</v1:documentReference>
		  <v1:language>fr</v1:language>
         </v1:request>
      </v1:getCopyConformRequest>
   </soapenv:Body>
</soapenv:Envelope>]]></con:request><con:credentials><con:selectedAuthProfile>Basic</con:selectedAuthProfile><con:addedBasicAuthenticationTypes>Basic</con:addedBasicAuthenticationTypes><con:authType>Global HTTP Settings</con:authType></con:credentials><con:jmsConfig JMSDeliveryMode="PERSISTENT"/><con:jmsPropertyConfig/><con:wsaConfig mustUnderstand="NONE" version="200508" action="http://fidus.brussels/services/civilstatusdocumentservice/getCopyConform"/><con:wsrmConfig version="1.2"/></con:call><con:call id="8918ba29-b5d4-48b8-8b59-c00b66334432" name="3 -Test - Worker2 - Request" outgoingWss="Outflow Test" incomingWss="Inflow Test"><con:settings><con:setting id="com.eviware.soapui.impl.wsdl.WsdlRequest@request-headers">&lt;xml-fragment/></con:setting></con:settings><con:encoding>UTF-8</con:encoding><con:endpoint>https://192.168.22.54:8443/services/CivilStatusDocumentService_v1.0</con:endpoint><con:request><![CDATA[<soapenv:Envelope xmlns:soapenv="http://schemas.xmlsoap.org/soap/envelope/" xmlns:v1="http://fidus.brussels/service/civilstatusdocumentservice/messages/v1" xmlns:v11="http://fidus.brussels/type/common/messages/v1">
   <soapenv:Header/>
   <soapenv:Body>
      <v1:getCopyConformRequest>
         <v1:messageContext>
           <v11:messageId>${=import static java.util.UUID.randomUUID; uuid = randomUUID() as String}</v11:messageId>
            <v11:timestamp>${=new java.text.SimpleDateFormat("yyyy-MM-dd'T'HH:mm:ss.SSS").format(new Date())}</v11:timestamp>
         </v1:messageContext>
         <v1:legalContext>ServiceIntegrator</v1:legalContext>
         <v1:request>
            <v1:documentReference>20180000299194</v1:documentReference>
		  <v1:language>fr</v1:language>
         </v1:request>
      </v1:getCopyConformRequest>
   </soapenv:Body>
</soapenv:Envelope>]]></con:request><con:credentials><con:selectedAuthProfile>Basic</con:selectedAuthProfile><con:addedBasicAuthenticationTypes>Basic</con:addedBasicAuthenticationTypes><con:authType>Global HTTP Settings</con:authType></con:credentials><con:jmsConfig JMSDeliveryMode="PERSISTENT"/><con:jmsPropertyConfig/><con:wsaConfig mustUnderstand="NONE" version="200508" action="http://fidus.brussels/services/civilstatusdocumentservice/getCopyConform"/><con:wsrmConfig version="1.2"/></con:call><con:call id="c4f493ae-c50e-450d-84b0-921fea859fec" name="4 -Staging - External - Request" outgoingWss="Outflow Staging" incomingWss="inflow staging"><con:settings><con:setting id="com.eviware.soapui.impl.wsdl.WsdlRequest@request-headers">&lt;xml-fragment/></con:setting></con:settings><con:encoding>UTF-8</con:encoding><con:endpoint>https://fidus.irisnetlab.be/services/CivilStatusDocumentService_v1.0</con:endpoint><con:request><![CDATA[<soapenv:Envelope xmlns:soapenv="http://schemas.xmlsoap.org/soap/envelope/" xmlns:v1="http://fidus.brussels/service/civilstatusdocumentservice/messages/v1" xmlns:v11="http://fidus.brussels/type/common/messages/v1">
   <soapenv:Header/>
   <soapenv:Body>
      <v1:getCopyConformRequest>
         <v1:messageContext>
           <v11:messageId>${=import static java.util.UUID.randomUUID; uuid = randomUUID() as String}</v11:messageId>
            <v11:timestamp>${=new java.text.SimpleDateFormat("yyyy-MM-dd'T'HH:mm:ss.SSS").format(new Date())}</v11:timestamp>
         </v1:messageContext>
         <v1:legalContext>ServiceIntegrator</v1:legalContext>
         <v1:request>
            <v1:documentReference>20180000299194</v1:documentReference>
		  <v1:language>fr</v1:language>
         </v1:request>
      </v1:getCopyConformRequest>
   </soapenv:Body>
</soapenv:Envelope>]]></con:request><con:credentials><con:selectedAuthProfile>Basic</con:selectedAuthProfile><con:addedBasicAuthenticationTypes>Basic</con:addedBasicAuthenticationTypes><con:authType>Global HTTP Settings</con:authType></con:credentials><con:jmsConfig JMSDeliveryMode="PERSISTENT"/><con:jmsPropertyConfig/><con:wsaConfig mustUnderstand="NONE" version="200508" action="http://fidus.brussels/services/civilstatusdocumentservice/getCopyConform"/><con:wsrmConfig version="1.2"/></con:call><con:call id="900907c1-1b67-4486-bee7-3193ee85f30c" name="4 -Staging - LB - Request" outgoingWss="Outflow Staging" incomingWss="inflow staging"><con:settings><con:setting id="com.eviware.soapui.impl.wsdl.WsdlRequest@request-headers">&lt;xml-fragment/></con:setting></con:settings><con:encoding>UTF-8</con:encoding><con:endpoint>https://fidus-esb-sg.sta.srv.cirb.lan:8443/services/CivilStatusDocumentService_v1.0</con:endpoint><con:request><![CDATA[<soapenv:Envelope xmlns:soapenv="http://schemas.xmlsoap.org/soap/envelope/" xmlns:v1="http://fidus.brussels/service/civilstatusdocumentservice/messages/v1" xmlns:v11="http://fidus.brussels/type/common/messages/v1">
   <soapenv:Header/>
   <soapenv:Body>
      <v1:getCopyConformRequest>
         <v1:messageContext>
           <v11:messageId>${=import static java.util.UUID.randomUUID; uuid = randomUUID() as String}</v11:messageId>
            <v11:timestamp>${=new java.text.SimpleDateFormat("yyyy-MM-dd'T'HH:mm:ss.SSS").format(new Date())}</v11:timestamp>
         </v1:messageContext>
         <v1:legalContext>ServiceIntegrator</v1:legalContext>
         <v1:request>
            <v1:documentReference>20180000299194</v1:documentReference>
		  <v1:language>fr</v1:language>
         </v1:request>
      </v1:getCopyConformRequest>
   </soapenv:Body>
</soapenv:Envelope>]]></con:request><con:credentials><con:selectedAuthProfile>Basic</con:selectedAuthProfile><con:addedBasicAuthenticationTypes>Basic</con:addedBasicAuthenticationTypes><con:authType>Global HTTP Settings</con:authType></con:credentials><con:jmsConfig JMSDeliveryMode="PERSISTENT"/><con:jmsPropertyConfig/><con:wsaConfig mustUnderstand="NONE" version="200508" action="http://fidus.brussels/services/civilstatusdocumentservice/getCopyConform"/><con:wsrmConfig version="1.2"/></con:call><con:call id="8cb45755-fa6b-4d23-a909-e82c2203cfdf" name="4 -Staging - worker1 - Request" outgoingWss="Outflow Staging" incomingWss="inflow staging"><con:settings><con:setting id="com.eviware.soapui.impl.wsdl.WsdlRequest@request-headers">&lt;xml-fragment/></con:setting></con:settings><con:encoding>UTF-8</con:encoding><con:endpoint>https://192.168.24.16:8443/services/CivilStatusDocumentService_v1.0</con:endpoint><con:request><![CDATA[<soapenv:Envelope xmlns:soapenv="http://schemas.xmlsoap.org/soap/envelope/" xmlns:v1="http://fidus.brussels/service/civilstatusdocumentservice/messages/v1" xmlns:v11="http://fidus.brussels/type/common/messages/v1">
   <soapenv:Header/>
   <soapenv:Body>
      <v1:getCopyConformRequest>
         <v1:messageContext>
           <v11:messageId>${=import static java.util.UUID.randomUUID; uuid = randomUUID() as String}</v11:messageId>
            <!--Optional:-->
            <v11:timestamp>${=new java.text.SimpleDateFormat("yyyy-MM-dd'T'HH:mm:ss.SSS").format(new Date())}</v11:timestamp>
         </v1:messageContext>
         <v1:legalContext>ServiceIntegrator</v1:legalContext>
         <v1:request>
            <v1:documentReference>20180000299194</v1:documentReference>
            <v1:language>fr</v1:language>
            <!--Optional:-->
            <v1:municipalityCode>01050</v1:municipalityCode>
         </v1:request>
      </v1:getCopyConformRequest>
   </soapenv:Body>
</soapenv:Envelope>]]></con:request><con:credentials><con:selectedAuthProfile>Basic</con:selectedAuthProfile><con:addedBasicAuthenticationTypes>Basic</con:addedBasicAuthenticationTypes><con:authType>Global HTTP Settings</con:authType></con:credentials><con:jmsConfig JMSDeliveryMode="PERSISTENT"/><con:jmsPropertyConfig/><con:wsaConfig mustUnderstand="NONE" version="200508" action="http://fidus.brussels/services/civilstatusdocumentservice/getCopyConform"/><con:wsrmConfig version="1.2"/></con:call><con:call id="940d75a4-5b52-4911-a6d9-ea4bcd561d33" name="4 -Staging - worker2 - Request" outgoingWss="Outflow Staging" incomingWss="inflow staging"><con:settings><con:setting id="com.eviware.soapui.impl.wsdl.WsdlRequest@request-headers">&lt;xml-fragment/></con:setting></con:settings><con:encoding>UTF-8</con:encoding><con:endpoint>https://192.168.24.17:8443/services/CivilStatusDocumentService_v1.0</con:endpoint><con:request><![CDATA[<soapenv:Envelope xmlns:soapenv="http://schemas.xmlsoap.org/soap/envelope/" xmlns:v1="http://fidus.brussels/service/civilstatusdocumentservice/messages/v1" xmlns:v11="http://fidus.brussels/type/common/messages/v1">
   <soapenv:Header/>
   <soapenv:Body>
      <v1:getCopyConformRequest>
         <v1:messageContext>
           <v11:messageId>${=import static java.util.UUID.randomUUID; uuid = randomUUID() as String}</v11:messageId>
            <!--Optional:-->
            <v11:timestamp>${=new java.text.SimpleDateFormat("yyyy-MM-dd'T'HH:mm:ss.SSS").format(new Date())}</v11:timestamp>
         </v1:messageContext>
         <v1:legalContext>ServiceIntegrator</v1:legalContext>
         <v1:request>
            <v1:documentReference>20180000299194</v1:documentReference>
            <v1:language>fr</v1:language>
            <!--Optional:-->
         </v1:request>
      </v1:getCopyConformRequest>
   </soapenv:Body>
</soapenv:Envelope>]]></con:request><con:credentials><con:selectedAuthProfile>Basic</con:selectedAuthProfile><con:addedBasicAuthenticationTypes>Basic</con:addedBasicAuthenticationTypes><con:authType>Global HTTP Settings</con:authType></con:credentials><con:jmsConfig JMSDeliveryMode="PERSISTENT"/><con:jmsPropertyConfig/><con:wsaConfig mustUnderstand="NONE" version="200508" action="http://fidus.brussels/services/civilstatusdocumentservice/getCopyConform"/><con:wsrmConfig version="1.2"/></con:call></con:operation><con:operation id="4799dec7-a879-49a5-8b79-16ca2a43c5c0" isOneWay="false" action="http://fidus.brussels/services/civilstatusdocumentservice/getCopyConformAsPdf" name="getCopyConformAsPdf" bindingOperationName="getCopyConformAsPdf" type="Request-Response" inputName="" receivesAttachments="false" sendsAttachments="false" anonymous="optional"><con:settings/><con:call id="b69b33bd-1bac-4ba4-bbd9-6edb3877db0f" name="1 - Local - Request" outgoingWss="Outflow DEV" incomingWss="Inflow DEV"><con:settings><con:setting id="com.eviware.soapui.impl.wsdl.WsdlRequest@request-headers">&lt;xml-fragment/></con:setting></con:settings><con:encoding>UTF-8</con:encoding><con:endpoint>https://192.168.22.53:8443/services/CivilStatusDocumentService_v1.0</con:endpoint><con:request><![CDATA[<soapenv:Envelope xmlns:soapenv="http://schemas.xmlsoap.org/soap/envelope/" xmlns:v1="http://fidus.brussels/service/civilstatusdocumentservice/messages/v1" xmlns:v11="http://fidus.brussels/type/common/messages/v1">
   <soapenv:Header/>
   <soapenv:Body>
      <v1:getCopyConformAsPdfRequest>
         <v1:messageContext>
           <v11:messageId>${=import static java.util.UUID.randomUUID; uuid = randomUUID() as String}</v11:messageId>
            <v11:timestamp>${=new java.text.SimpleDateFormat("yyyy-MM-dd'T'HH:mm:ss.SSS").format(new Date())}</v11:timestamp>
         </v1:messageContext>
         <v1:legalContext>ServiceIntegrator</v1:legalContext>
         <v1:request>
            <v1:documentReference>20180000299194</v1:documentReference>
         	  <v1:language>fr</v1:language>
         	  <v1:municipalityCode>01050</v1:municipalityCode>
         </v1:request>
      </v1:getCopyConformAsPdfRequest>
   </soapenv:Body>
</soapenv:Envelope>]]></con:request><con:credentials><con:selectedAuthProfile>Basic</con:selectedAuthProfile><con:addedBasicAuthenticationTypes>Basic</con:addedBasicAuthenticationTypes><con:authType>Global HTTP Settings</con:authType></con:credentials><con:jmsConfig JMSDeliveryMode="PERSISTENT"/><con:jmsPropertyConfig/><con:wsaConfig mustUnderstand="NONE" version="200508" action="http://fidus.brussels/services/civilstatusdocumentservice/getCopyConformAsPdf"/><con:wsrmConfig version="1.2"/></con:call><con:call id="e1c3a29f-debb-4cb4-89f3-6dcd8a8179d2" name="2 - Dev - Request" outgoingWss="Outflow DEV" incomingWss="Inflow DEV"><con:settings><con:setting id="com.eviware.soapui.impl.wsdl.WsdlRequest@request-headers">&lt;xml-fragment/></con:setting></con:settings><con:encoding>UTF-8</con:encoding><con:endpoint>https://192.168.22.53:8443/services/CivilStatusDocumentService_v1.0</con:endpoint><con:request><![CDATA[<soapenv:Envelope xmlns:soapenv="http://schemas.xmlsoap.org/soap/envelope/" xmlns:v1="http://fidus.brussels/service/civilstatusdocumentservice/messages/v1" xmlns:v11="http://fidus.brussels/type/common/messages/v1">
   <soapenv:Header/>
   <soapenv:Body>
      <v1:getCopyConformAsPdfRequest>
         <v1:messageContext>
           <v11:messageId>${=import static java.util.UUID.randomUUID; uuid = randomUUID() as String}</v11:messageId>
            <v11:timestamp>${=new java.text.SimpleDateFormat("yyyy-MM-dd'T'HH:mm:ss.SSS").format(new Date())}</v11:timestamp>
         </v1:messageContext>
         <v1:legalContext>ServiceIntegrator</v1:legalContext>
         <v1:request>
            <v1:documentReference>20180000299194</v1:documentReference>
         	  <v1:language>fr</v1:language>
         	  <v1:municipalityCode>d1051</v1:municipalityCode>
         </v1:request>
      </v1:getCopyConformAsPdfRequest>
   </soapenv:Body>
</soapenv:Envelope>]]></con:request><con:credentials><con:selectedAuthProfile>Basic</con:selectedAuthProfile><con:addedBasicAuthenticationTypes>Basic</con:addedBasicAuthenticationTypes><con:authType>Global HTTP Settings</con:authType></con:credentials><con:jmsConfig JMSDeliveryMode="PERSISTENT"/><con:jmsPropertyConfig/><con:wsaConfig mustUnderstand="NONE" version="200508" action="http://fidus.brussels/services/civilstatusdocumentservice/getCopyConformAsPdf"/><con:wsrmConfig version="1.2"/></con:call><con:call id="07f5b3a0-d3e6-44f8-a62e-9d7e6592b966" name="3 -Test - External - Request" outgoingWss="Outflow Test" incomingWss="Inflow Test"><con:settings><con:setting id="com.eviware.soapui.impl.wsdl.WsdlRequest@request-headers">&lt;xml-fragment/></con:setting></con:settings><con:encoding>UTF-8</con:encoding><con:endpoint>https://192.168.22.53:8443/services/CivilStatusDocumentService_v1.0</con:endpoint><con:request><![CDATA[<soapenv:Envelope xmlns:soapenv="http://schemas.xmlsoap.org/soap/envelope/" xmlns:v1="http://fidus.brussels/service/civilstatusdocumentservice/messages/v1" xmlns:v11="http://fidus.brussels/type/common/messages/v1">
   <soapenv:Header/>
   <soapenv:Body>
      <v1:getCopyConformAsPdfRequest>
         <v1:messageContext>
           <v11:messageId>${=import static java.util.UUID.randomUUID; uuid = randomUUID() as String}</v11:messageId>
            <!--Optional:-->
            <v11:timestamp>${=new java.text.SimpleDateFormat("yyyy-MM-dd'T'HH:mm:ss.SSS").format(new Date())}</v11:timestamp>
         </v1:messageContext>
         <v1:legalContext>ServiceIntegrator</v1:legalContext>
         <v1:request>
            <v1:documentReference>20180000299194</v1:documentReference>
            <v1:language>fr</v1:language>
            <!--Optional:-->
            <v1:municipalityCode>01050</v1:municipalityCode>
         </v1:request>
      </v1:getCopyConformAsPdfRequest>
   </soapenv:Body>
</soapenv:Envelope>]]></con:request><con:credentials><con:selectedAuthProfile>Basic</con:selectedAuthProfile><con:addedBasicAuthenticationTypes>Basic</con:addedBasicAuthenticationTypes><con:authType>Global HTTP Settings</con:authType></con:credentials><con:jmsConfig JMSDeliveryMode="PERSISTENT"/><con:jmsPropertyConfig/><con:wsaConfig mustUnderstand="NONE" version="200508" action="http://fidus.brussels/services/civilstatusdocumentservice/getCopyConformAsPdf"/><con:wsrmConfig version="1.2"/></con:call><con:call id="9aed37b4-2874-43b7-aa01-19a8662ddc1d" name="3 -Test - LB - Request" outgoingWss="Outflow Test" incomingWss="Inflow Test"><con:settings><con:setting id="com.eviware.soapui.impl.wsdl.WsdlRequest@request-headers">&lt;xml-fragment/></con:setting></con:settings><con:encoding>UTF-8</con:encoding><con:endpoint>https://esb-security-gw.sta.srv.cirb.lan:8443/services/CivilStatusDocumentService_v1.0</con:endpoint><con:request><![CDATA[<soapenv:Envelope xmlns:soapenv="http://schemas.xmlsoap.org/soap/envelope/" xmlns:v1="http://fidus.brussels/service/civilstatusdocumentservice/messages/v1" xmlns:v11="http://fidus.brussels/type/common/messages/v1">
   <soapenv:Header/>
   <soapenv:Body>
      <v1:getCopyConformAsPdfRequest>
         <v1:messageContext>
           <v11:messageId>${=import static java.util.UUID.randomUUID; uuid = randomUUID() as String}</v11:messageId>
            <v11:timestamp>${=new java.text.SimpleDateFormat("yyyy-MM-dd'T'HH:mm:ss.SSS").format(new Date())}</v11:timestamp>
         </v1:messageContext>
         <v1:legalContext>ServiceIntegrator</v1:legalContext>
         <v1:request>
            <v1:documentReference>20180000299194</v1:documentReference>
         	  <v1:language>fr</v1:language>
         </v1:request>
      </v1:getCopyConformAsPdfRequest>
   </soapenv:Body>
</soapenv:Envelope>]]></con:request><con:credentials><con:selectedAuthProfile>Basic</con:selectedAuthProfile><con:addedBasicAuthenticationTypes>Basic</con:addedBasicAuthenticationTypes><con:authType>Global HTTP Settings</con:authType></con:credentials><con:jmsConfig JMSDeliveryMode="PERSISTENT"/><con:jmsPropertyConfig/><con:wsaConfig mustUnderstand="NONE" version="200508" action="http://fidus.brussels/services/civilstatusdocumentservice/getCopyConformAsPdf"/><con:wsrmConfig version="1.2"/></con:call><con:call id="9e458883-5916-4d09-8bad-8da4d6b6c1ad" name="3 -Test - Worker1 - Request" outgoingWss="Outflow Test" incomingWss="Inflow Test"><con:settings><con:setting id="com.eviware.soapui.impl.wsdl.WsdlRequest@request-headers">&lt;xml-fragment/></con:setting></con:settings><con:encoding>UTF-8</con:encoding><con:endpoint>https://192.168.22.53:8443/services/CivilStatusDocumentService_v1.0</con:endpoint><con:request><![CDATA[<soapenv:Envelope xmlns:soapenv="http://schemas.xmlsoap.org/soap/envelope/" xmlns:v1="http://fidus.brussels/service/civilstatusdocumentservice/messages/v1" xmlns:v11="http://fidus.brussels/type/common/messages/v1">
   <soapenv:Header/>
   <soapenv:Body>
      <v1:getCopyConformAsPdfRequest>
         <v1:messageContext>
           <v11:messageId>${=import static java.util.UUID.randomUUID; uuid = randomUUID() as String}</v11:messageId>
            <v11:timestamp>${=new java.text.SimpleDateFormat("yyyy-MM-dd'T'HH:mm:ss.SSS").format(new Date())}</v11:timestamp>
         </v1:messageContext>
         <v1:legalContext>ServiceIntegrator</v1:legalContext>
         <v1:request>
            <v1:documentReference>20180000299194</v1:documentReference>
         	  <v1:language>fr</v1:language>
         </v1:request>
      </v1:getCopyConformAsPdfRequest>
   </soapenv:Body>
</soapenv:Envelope>]]></con:request><con:credentials><con:selectedAuthProfile>Basic</con:selectedAuthProfile><con:addedBasicAuthenticationTypes>Basic</con:addedBasicAuthenticationTypes><con:authType>Global HTTP Settings</con:authType></con:credentials><con:jmsConfig JMSDeliveryMode="PERSISTENT"/><con:jmsPropertyConfig/><con:wsaConfig mustUnderstand="NONE" version="200508" action="http://fidus.brussels/services/civilstatusdocumentservice/getCopyConformAsPdf"/><con:wsrmConfig version="1.2"/></con:call><con:call id="a83aee0c-4139-4a53-b5d2-ef651da9e9b3" name="3 -Test - Worker2 - Request" outgoingWss="Outflow Test" incomingWss="Inflow Test"><con:settings><con:setting id="com.eviware.soapui.impl.wsdl.WsdlRequest@request-headers">&lt;xml-fragment/></con:setting></con:settings><con:encoding>UTF-8</con:encoding><con:endpoint>https://192.168.22.54:8443/services/CivilStatusDocumentService_v1.0</con:endpoint><con:request><![CDATA[<soapenv:Envelope xmlns:soapenv="http://schemas.xmlsoap.org/soap/envelope/" xmlns:v1="http://fidus.brussels/service/civilstatusdocumentservice/messages/v1" xmlns:v11="http://fidus.brussels/type/common/messages/v1">
   <soapenv:Header/>
   <soapenv:Body>
      <v1:getCopyConformAsPdfRequest>
         <v1:messageContext>
           <v11:messageId>${=import static java.util.UUID.randomUUID; uuid = randomUUID() as String}</v11:messageId>
            <v11:timestamp>${=new java.text.SimpleDateFormat("yyyy-MM-dd'T'HH:mm:ss.SSS").format(new Date())}</v11:timestamp>
         </v1:messageContext>
         <v1:legalContext>ServiceIntegrator</v1:legalContext>
         <v1:request>
            <v1:documentReference>20180000299194</v1:documentReference>
         	  <v1:language>fr</v1:language>
         </v1:request>
      </v1:getCopyConformAsPdfRequest>
   </soapenv:Body>
</soapenv:Envelope>]]></con:request><con:credentials><con:selectedAuthProfile>Basic</con:selectedAuthProfile><con:addedBasicAuthenticationTypes>Basic</con:addedBasicAuthenticationTypes><con:authType>Global HTTP Settings</con:authType></con:credentials><con:jmsConfig JMSDeliveryMode="PERSISTENT"/><con:jmsPropertyConfig/><con:wsaConfig mustUnderstand="NONE" version="200508" action="http://fidus.brussels/services/civilstatusdocumentservice/getCopyConformAsPdf"/><con:wsrmConfig version="1.2"/></con:call><con:call id="626f30a3-42a9-4c8c-a1c1-7b945b9274dd" name="4 - Staging - Worker2 - Request"><con:settings><con:setting id="com.eviware.soapui.impl.wsdl.WsdlRequest@request-headers">&lt;xml-fragment/></con:setting></con:settings><con:encoding>UTF-8</con:encoding><con:endpoint>https://192.168.24.17:8443/services/CivilStatusDocumentService_v1.0</con:endpoint><con:request><![CDATA[<soapenv:Envelope xmlns:soapenv="http://schemas.xmlsoap.org/soap/envelope/" xmlns:v1="http://fidus.brussels/service/civilstatusdocumentservice/messages/v1" xmlns:v11="http://fidus.brussels/type/common/messages/v1">
   <soapenv:Header/>
   <soapenv:Body>
      <v1:getCopyConformAsPdfRequest>
         <v1:messageContext>
           <v11:messageId>${=import static java.util.UUID.randomUUID; uuid = randomUUID() as String}</v11:messageId>
            <v11:timestamp>${=new java.text.SimpleDateFormat("yyyy-MM-dd'T'HH:mm:ss.SSS").format(new Date())}</v11:timestamp>
         </v1:messageContext>
         <v1:legalContext>ServiceIntegrator</v1:legalContext>
         <v1:request>
            <v1:documentReference>20180000299194</v1:documentReference>
         	  <v1:language>fr</v1:language>
         </v1:request>
      </v1:getCopyConformAsPdfRequest>
   </soapenv:Body>
</soapenv:Envelope>]]></con:request><con:credentials><con:selectedAuthProfile>Basic</con:selectedAuthProfile><con:addedBasicAuthenticationTypes>Basic</con:addedBasicAuthenticationTypes><con:authType>Global HTTP Settings</con:authType></con:credentials><con:jmsConfig JMSDeliveryMode="PERSISTENT"/><con:jmsPropertyConfig/><con:wsaConfig mustUnderstand="NONE" version="200508" action="http://fidus.brussels/services/civilstatusdocumentservice/getCopyConformAsPdf"/><con:wsrmConfig version="1.2"/></con:call><con:call id="dbe97484-ba63-4c33-8d17-5295b08edf4f" name="4 - Staging - Worker1 - Request"><con:settings><con:setting id="com.eviware.soapui.impl.wsdl.WsdlRequest@request-headers">&lt;xml-fragment/></con:setting></con:settings><con:encoding>UTF-8</con:encoding><con:endpoint>https://192.168.24.16:8443/services/CivilStatusDocumentService_v1.0</con:endpoint><con:request><![CDATA[<soapenv:Envelope xmlns:soapenv="http://schemas.xmlsoap.org/soap/envelope/" xmlns:v1="http://fidus.brussels/service/civilstatusdocumentservice/messages/v1" xmlns:v11="http://fidus.brussels/type/common/messages/v1">
   <soapenv:Header/>
   <soapenv:Body>
      <v1:getCopyConformAsPdfRequest>
         <v1:messageContext>
           <v11:messageId>${=import static java.util.UUID.randomUUID; uuid = randomUUID() as String}</v11:messageId>
            <v11:timestamp>${=new java.text.SimpleDateFormat("yyyy-MM-dd'T'HH:mm:ss.SSS").format(new Date())}</v11:timestamp>
         </v1:messageContext>
         <v1:legalContext>ServiceIntegrator</v1:legalContext>
         <v1:request>
            <v1:documentReference>20180000299194</v1:documentReference>
         	  <v1:language>fr</v1:language>
         </v1:request>
      </v1:getCopyConformAsPdfRequest>
   </soapenv:Body>
</soapenv:Envelope>]]></con:request><con:credentials><con:selectedAuthProfile>Basic</con:selectedAuthProfile><con:addedBasicAuthenticationTypes>Basic</con:addedBasicAuthenticationTypes><con:authType>Global HTTP Settings</con:authType></con:credentials><con:jmsConfig JMSDeliveryMode="PERSISTENT"/><con:jmsPropertyConfig/><con:wsaConfig mustUnderstand="NONE" version="200508" action="http://fidus.brussels/services/civilstatusdocumentservice/getCopyConformAsPdf"/><con:wsrmConfig version="1.2"/></con:call><con:call id="422f2a1f-82f7-43c8-bab2-c51454b4a841" name="4 - Staging - External - Request"><con:settings><con:setting id="com.eviware.soapui.impl.wsdl.WsdlRequest@request-headers">&lt;xml-fragment/></con:setting></con:settings><con:encoding>UTF-8</con:encoding><con:endpoint>https://fidus.irisnetlab.be/services/CivilStatusDocumentService_v1.0</con:endpoint><con:request><![CDATA[<soapenv:Envelope xmlns:soapenv="http://schemas.xmlsoap.org/soap/envelope/" xmlns:v1="http://fidus.brussels/service/civilstatusdocumentservice/messages/v1" xmlns:v11="http://fidus.brussels/type/common/messages/v1">
   <soapenv:Header/>
   <soapenv:Body>
      <v1:getCopyConformAsPdfRequest>
         <v1:messageContext>
           <v11:messageId>${=import static java.util.UUID.randomUUID; uuid = randomUUID() as String}</v11:messageId>
            <v11:timestamp>${=new java.text.SimpleDateFormat("yyyy-MM-dd'T'HH:mm:ss.SSS").format(new Date())}</v11:timestamp>
         </v1:messageContext>
         <v1:legalContext>ServiceIntegrator</v1:legalContext>
         <v1:request>
            <v1:documentReference>20180000299194</v1:documentReference>
         	  <v1:language>fr</v1:language>
         </v1:request>
      </v1:getCopyConformAsPdfRequest>
   </soapenv:Body>
</soapenv:Envelope>]]></con:request><con:credentials><con:selectedAuthProfile>Basic</con:selectedAuthProfile><con:addedBasicAuthenticationTypes>Basic</con:addedBasicAuthenticationTypes><con:authType>Global HTTP Settings</con:authType></con:credentials><con:jmsConfig JMSDeliveryMode="PERSISTENT"/><con:jmsPropertyConfig/><con:wsaConfig mustUnderstand="NONE" version="200508" action="http://fidus.brussels/services/civilstatusdocumentservice/getCopyConformAsPdf"/><con:wsrmConfig version="1.2"/></con:call><con:call id="5e1020a2-e422-47a8-ab7c-997f294ec4fb" name="4 - Staging - LB - Request"><con:settings><con:setting id="com.eviware.soapui.impl.wsdl.WsdlRequest@request-headers">&lt;xml-fragment/></con:setting></con:settings><con:encoding>UTF-8</con:encoding><con:endpoint>https://fidus-esb-sg.sta.srv.cirb.lan:8443/services/CivilStatusDocumentService_v1.0</con:endpoint><con:request><![CDATA[<soapenv:Envelope xmlns:soapenv="http://schemas.xmlsoap.org/soap/envelope/" xmlns:v1="http://fidus.brussels/service/civilstatusdocumentservice/messages/v1" xmlns:v11="http://fidus.brussels/type/common/messages/v1">
   <soapenv:Header/>
   <soapenv:Body>
      <v1:getCopyConformAsPdfRequest>
         <v1:messageContext>
           <v11:messageId>${=import static java.util.UUID.randomUUID; uuid = randomUUID() as String}</v11:messageId>
            <v11:timestamp>${=new java.text.SimpleDateFormat("yyyy-MM-dd'T'HH:mm:ss.SSS").format(new Date())}</v11:timestamp>
         </v1:messageContext>
         <v1:legalContext>ServiceIntegrator</v1:legalContext>
         <v1:request>
            <v1:documentReference>20180000299194</v1:documentReference>
         	  <v1:language>fr</v1:language>
         </v1:request>
      </v1:getCopyConformAsPdfRequest>
   </soapenv:Body>
</soapenv:Envelope>]]></con:request><con:credentials><con:selectedAuthProfile>Basic</con:selectedAuthProfile><con:addedBasicAuthenticationTypes>Basic</con:addedBasicAuthenticationTypes><con:authType>Global HTTP Settings</con:authType></con:credentials><con:jmsConfig JMSDeliveryMode="PERSISTENT"/><con:jmsPropertyConfig/><con:wsaConfig mustUnderstand="NONE" version="200508" action="http://fidus.brussels/services/civilstatusdocumentservice/getCopyConformAsPdf"/><con:wsrmConfig version="1.2"/></con:call></con:operation><con:operation id="1b6e3d64-ab18-4805-9856-0d3f0501f5ad" isOneWay="false" action="http://fidus.brussels/services/civilstatusdocumentservice/getDocument" name="getDocument" bindingOperationName="getDocument" type="Request-Response" inputName="" receivesAttachments="false" sendsAttachments="false" anonymous="optional"><con:settings/><con:call id="4c92f8cb-ccea-4d28-b382-9a839c6eba83" name="1 - Local - Request" outgoingWss="Outflow DEV" incomingWss="Inflow DEV"><con:settings><con:setting id="com.eviware.soapui.impl.wsdl.WsdlRequest@request-headers">&lt;xml-fragment/></con:setting></con:settings><con:encoding>UTF-8</con:encoding><con:endpoint>https://192.168.22.53:8443/services/CivilStatusDocumentService_v1.0</con:endpoint><con:request><![CDATA[<soapenv:Envelope xmlns:soapenv="http://schemas.xmlsoap.org/soap/envelope/" xmlns:v1="http://fidus.brussels/service/civilstatusdocumentservice/messages/v1" xmlns:v11="http://fidus.brussels/type/common/messages/v1">
   <soapenv:Header/>
   <soapenv:Body>
      <v1:getDocumentRequest>
         <v1:messageContext>
           <v11:messageId>${=import static java.util.UUID.randomUUID; uuid = randomUUID() as String}</v11:messageId>
            <v11:timestamp>${=new java.text.SimpleDateFormat("yyyy-MM-dd'T'HH:mm:ss.SSS").format(new Date())}</v11:timestamp>
         </v1:messageContext>
         <v1:legalContext>ServiceIntegrator</v1:legalContext>
         <v1:request>
            <v1:documentReference>201800002991940</v1:documentReference>
            <v1:language>fr</v1:language>
            <v1:municipalityCode>d1051</v1:municipalityCode>
         </v1:request>
      </v1:getDocumentRequest>
   </soapenv:Body>
</soapenv:Envelope>]]></con:request><con:credentials><con:selectedAuthProfile>Basic</con:selectedAuthProfile><con:addedBasicAuthenticationTypes>Basic</con:addedBasicAuthenticationTypes><con:authType>Global HTTP Settings</con:authType></con:credentials><con:jmsConfig JMSDeliveryMode="PERSISTENT"/><con:jmsPropertyConfig/><con:wsaConfig mustUnderstand="NONE" version="200508" action="http://fidus.brussels/services/civilstatusdocumentservice/getDocument"/><con:wsrmConfig version="1.2"/></con:call><con:call id="16b23b45-c500-4a24-b94b-09c5dfe72264" name="2 - Dev - Request" outgoingWss="Outflow DEV" incomingWss="Inflow DEV"><con:settings><con:setting id="com.eviware.soapui.impl.wsdl.WsdlRequest@request-headers">&lt;xml-fragment/></con:setting></con:settings><con:encoding>UTF-8</con:encoding><con:endpoint>https://192.168.22.53:8443/services/CivilStatusDocumentService_v1.0</con:endpoint><con:request><![CDATA[<soapenv:Envelope xmlns:soapenv="http://schemas.xmlsoap.org/soap/envelope/" xmlns:v1="http://fidus.brussels/service/civilstatusdocumentservice/messages/v1" xmlns:v11="http://fidus.brussels/type/common/messages/v1">
   <soapenv:Header/>
   <soapenv:Body>
      <v1:getDocumentRequest>
         <v1:messageContext>
           <v11:messageId>${=import static java.util.UUID.randomUUID; uuid = randomUUID() as String}</v11:messageId>
            <v11:timestamp>${=new java.text.SimpleDateFormat("yyyy-MM-dd'T'HH:mm:ss.SSS").format(new Date())}</v11:timestamp>
         </v1:messageContext>
         <v1:legalContext>ServiceIntegrator</v1:legalContext>
         <v1:request>
            <v1:documentReference>201800002991940</v1:documentReference>
            <v1:language>fr</v1:language>
            <v1:municipalityCode>d1051</v1:municipalityCode>
         </v1:request>
      </v1:getDocumentRequest>
   </soapenv:Body>
</soapenv:Envelope>]]></con:request><con:credentials><con:selectedAuthProfile>Basic</con:selectedAuthProfile><con:addedBasicAuthenticationTypes>Basic</con:addedBasicAuthenticationTypes><con:authType>Global HTTP Settings</con:authType></con:credentials><con:jmsConfig JMSDeliveryMode="PERSISTENT"/><con:jmsPropertyConfig/><con:wsaConfig mustUnderstand="NONE" version="200508" action="http://fidus.brussels/services/civilstatusdocumentservice/getDocument"/><con:wsrmConfig version="1.2"/></con:call><con:call id="9cbf95bc-b4e7-492f-8e9f-2f99467eacdc" name="3 -Test - External - Request" outgoingWss="Outflow Test" incomingWss="Inflow Test"><con:settings><con:setting id="com.eviware.soapui.impl.wsdl.WsdlRequest@request-headers">&lt;xml-fragment/></con:setting></con:settings><con:encoding>UTF-8</con:encoding><con:endpoint>https://fidus-test.irisnetlab.be/services/CivilStatusDocumentService_v1.0</con:endpoint><con:request><![CDATA[<soapenv:Envelope xmlns:soapenv="http://schemas.xmlsoap.org/soap/envelope/" xmlns:v1="http://fidus.brussels/service/civilstatusdocumentservice/messages/v1" xmlns:v11="http://fidus.brussels/type/common/messages/v1">
   <soapenv:Header/>
   <soapenv:Body>
      <v1:getDocumentRequest>
         <v1:messageContext>
           <v11:messageId>${=import static java.util.UUID.randomUUID; uuid = randomUUID() as String}</v11:messageId>
            <v11:timestamp>${=new java.text.SimpleDateFormat("yyyy-MM-dd'T'HH:mm:ss.SSS").format(new Date())}</v11:timestamp>
         </v1:messageContext>
         <v1:legalContext>ServiceIntegrator</v1:legalContext>
         <v1:request>
            <v1:documentReference>20180000299194</v1:documentReference>
            <v1:language>fr</v1:language>
         </v1:request>
      </v1:getDocumentRequest>
   </soapenv:Body>
</soapenv:Envelope>]]></con:request><con:credentials><con:selectedAuthProfile>Basic</con:selectedAuthProfile><con:addedBasicAuthenticationTypes>Basic</con:addedBasicAuthenticationTypes><con:authType>Global HTTP Settings</con:authType></con:credentials><con:jmsConfig JMSDeliveryMode="PERSISTENT"/><con:jmsPropertyConfig/><con:wsaConfig mustUnderstand="NONE" version="200508" action="http://fidus.brussels/services/civilstatusdocumentservice/getDocument"/><con:wsrmConfig version="1.2"/></con:call><con:call id="a6f95487-d5fd-4729-8e53-820e21c95277" name="3 -Test - LB - Request" outgoingWss="Outflow Test" incomingWss="Inflow Test"><con:settings><con:setting id="com.eviware.soapui.impl.wsdl.WsdlRequest@request-headers">&lt;xml-fragment/></con:setting></con:settings><con:encoding>UTF-8</con:encoding><con:endpoint>https://esb-security-gw.sta.srv.cirb.lan:8443/services/CivilStatusDocumentService_v1.0</con:endpoint><con:request><![CDATA[<soapenv:Envelope xmlns:soapenv="http://schemas.xmlsoap.org/soap/envelope/" xmlns:v1="http://fidus.brussels/service/civilstatusdocumentservice/messages/v1" xmlns:v11="http://fidus.brussels/type/common/messages/v1">
   <soapenv:Header/>
   <soapenv:Body>
      <v1:getDocumentRequest>
         <v1:messageContext>
           <v11:messageId>${=import static java.util.UUID.randomUUID; uuid = randomUUID() as String}</v11:messageId>
            <v11:timestamp>${=new java.text.SimpleDateFormat("yyyy-MM-dd'T'HH:mm:ss.SSS").format(new Date())}</v11:timestamp>
         </v1:messageContext>
         <v1:legalContext>ServiceIntegrator</v1:legalContext>
         <v1:request>
            <v1:documentReference>20180000299194</v1:documentReference>
            <v1:language>fr</v1:language>
         </v1:request>
      </v1:getDocumentRequest>
   </soapenv:Body>
</soapenv:Envelope>]]></con:request><con:credentials><con:selectedAuthProfile>Basic</con:selectedAuthProfile><con:addedBasicAuthenticationTypes>Basic</con:addedBasicAuthenticationTypes><con:authType>Global HTTP Settings</con:authType></con:credentials><con:jmsConfig JMSDeliveryMode="PERSISTENT"/><con:jmsPropertyConfig/><con:wsaConfig mustUnderstand="NONE" version="200508" action="http://fidus.brussels/services/civilstatusdocumentservice/getDocument"/><con:wsrmConfig version="1.2"/></con:call><con:call id="528f8c9c-6f4e-455d-8507-101efadb2066" name="3 -Test - Worker1 - Request" outgoingWss="Outflow Test" incomingWss="Inflow Test"><con:settings><con:setting id="com.eviware.soapui.impl.wsdl.WsdlRequest@request-headers">&lt;xml-fragment/></con:setting></con:settings><con:encoding>UTF-8</con:encoding><con:endpoint>https://192.168.22.53:8443/services/CivilStatusDocumentService_v1.0</con:endpoint><con:request><![CDATA[<soapenv:Envelope xmlns:soapenv="http://schemas.xmlsoap.org/soap/envelope/" xmlns:v1="http://fidus.brussels/service/civilstatusdocumentservice/messages/v1" xmlns:v11="http://fidus.brussels/type/common/messages/v1">
   <soapenv:Header/>
   <soapenv:Body>
      <v1:getDocumentRequest>
         <v1:messageContext>
           <v11:messageId>${=import static java.util.UUID.randomUUID; uuid = randomUUID() as String}</v11:messageId>
            <v11:timestamp>${=new java.text.SimpleDateFormat("yyyy-MM-dd'T'HH:mm:ss.SSS").format(new Date())}</v11:timestamp>
         </v1:messageContext>
         <v1:legalContext>ServiceIntegrator</v1:legalContext>
         <v1:request>
            <v1:documentReference>20180000299194</v1:documentReference>
            <v1:language>fr</v1:language>
         </v1:request>
      </v1:getDocumentRequest>
   </soapenv:Body>
</soapenv:Envelope>]]></con:request><con:credentials><con:selectedAuthProfile>Basic</con:selectedAuthProfile><con:addedBasicAuthenticationTypes>Basic</con:addedBasicAuthenticationTypes><con:authType>Global HTTP Settings</con:authType></con:credentials><con:jmsConfig JMSDeliveryMode="PERSISTENT"/><con:jmsPropertyConfig/><con:wsaConfig mustUnderstand="NONE" version="200508" action="http://fidus.brussels/services/civilstatusdocumentservice/getDocument"/><con:wsrmConfig version="1.2"/></con:call><con:call id="f7c9d445-a4c7-45c3-b14d-ccc1eee9783a" name="3 -Test - Worker2 - Request" outgoingWss="Outflow Test" incomingWss="Inflow Test"><con:settings><con:setting id="com.eviware.soapui.impl.wsdl.WsdlRequest@request-headers">&lt;xml-fragment/></con:setting></con:settings><con:encoding>UTF-8</con:encoding><con:endpoint>https://192.168.22.54:8443/services/CivilStatusDocumentService_v1.0</con:endpoint><con:request><![CDATA[<soapenv:Envelope xmlns:soapenv="http://schemas.xmlsoap.org/soap/envelope/" xmlns:v1="http://fidus.brussels/service/civilstatusdocumentservice/messages/v1" xmlns:v11="http://fidus.brussels/type/common/messages/v1">
   <soapenv:Header/>
   <soapenv:Body>
      <v1:getDocumentRequest>
         <v1:messageContext>
           <v11:messageId>${=import static java.util.UUID.randomUUID; uuid = randomUUID() as String}</v11:messageId>
            <v11:timestamp>${=new java.text.SimpleDateFormat("yyyy-MM-dd'T'HH:mm:ss.SSS").format(new Date())}</v11:timestamp>
         </v1:messageContext>
         <v1:legalContext>ServiceIntegrator</v1:legalContext>
         <v1:request>
            <v1:documentReference>20180000299194</v1:documentReference>
            <v1:language>fr</v1:language>
         </v1:request>
      </v1:getDocumentRequest>
   </soapenv:Body>
</soapenv:Envelope>]]></con:request><con:credentials><con:selectedAuthProfile>Basic</con:selectedAuthProfile><con:addedBasicAuthenticationTypes>Basic</con:addedBasicAuthenticationTypes><con:authType>Global HTTP Settings</con:authType></con:credentials><con:jmsConfig JMSDeliveryMode="PERSISTENT"/><con:jmsPropertyConfig/><con:wsaConfig mustUnderstand="NONE" version="200508" action="http://fidus.brussels/services/civilstatusdocumentservice/getDocument"/><con:wsrmConfig version="1.2"/></con:call><con:call id="e5cba541-df19-4d3b-8027-46bd0a6c09be" name="4 - Staging - External - Request"><con:settings><con:setting id="com.eviware.soapui.impl.wsdl.WsdlRequest@request-headers">&lt;xml-fragment/></con:setting></con:settings><con:encoding>UTF-8</con:encoding><con:endpoint>https://fidus.irisnetlab.be/services/CivilStatusDocumentService_v1.0</con:endpoint><con:request><![CDATA[<soapenv:Envelope xmlns:soapenv="http://schemas.xmlsoap.org/soap/envelope/" xmlns:v1="http://fidus.brussels/service/civilstatusdocumentservice/messages/v1" xmlns:v11="http://fidus.brussels/type/common/messages/v1">
   <soapenv:Header/>
   <soapenv:Body>
      <v1:getDocumentRequest>
         <v1:messageContext>
           <v11:messageId>${=import static java.util.UUID.randomUUID; uuid = randomUUID() as String}</v11:messageId>
            <v11:timestamp>${=new java.text.SimpleDateFormat("yyyy-MM-dd'T'HH:mm:ss.SSS").format(new Date())}</v11:timestamp>
         </v1:messageContext>
         <v1:legalContext>ServiceIntegrator</v1:legalContext>
         <v1:request>
            <v1:documentReference>20180000299194</v1:documentReference>
            <v1:language>fr</v1:language>
         </v1:request>
      </v1:getDocumentRequest>
   </soapenv:Body>
</soapenv:Envelope>]]></con:request><con:credentials><con:selectedAuthProfile>Basic</con:selectedAuthProfile><con:addedBasicAuthenticationTypes>Basic</con:addedBasicAuthenticationTypes><con:authType>Global HTTP Settings</con:authType></con:credentials><con:jmsConfig JMSDeliveryMode="PERSISTENT"/><con:jmsPropertyConfig/><con:wsaConfig mustUnderstand="NONE" version="200508" action="http://fidus.brussels/services/civilstatusdocumentservice/getDocument"/><con:wsrmConfig version="1.2"/></con:call><con:call id="5428b79d-7d7a-4743-a0a8-633c72b1db29" name="4 - Staging - LB - Request"><con:settings><con:setting id="com.eviware.soapui.impl.wsdl.WsdlRequest@request-headers">&lt;xml-fragment/></con:setting></con:settings><con:encoding>UTF-8</con:encoding><con:endpoint>https://fidus-esb-sg.sta.srv.cirb.lan:8443/services/CivilStatusDocumentService_v1.0</con:endpoint><con:request><![CDATA[<soapenv:Envelope xmlns:soapenv="http://schemas.xmlsoap.org/soap/envelope/" xmlns:v1="http://fidus.brussels/service/civilstatusdocumentservice/messages/v1" xmlns:v11="http://fidus.brussels/type/common/messages/v1">
   <soapenv:Header/>
   <soapenv:Body>
      <v1:getDocumentRequest>
         <v1:messageContext>
           <v11:messageId>${=import static java.util.UUID.randomUUID; uuid = randomUUID() as String}</v11:messageId>
            <v11:timestamp>${=new java.text.SimpleDateFormat("yyyy-MM-dd'T'HH:mm:ss.SSS").format(new Date())}</v11:timestamp>
         </v1:messageContext>
         <v1:legalContext>ServiceIntegrator</v1:legalContext>
         <v1:request>
            <v1:documentReference>20180000299194</v1:documentReference>
            <v1:language>fr</v1:language>
         </v1:request>
      </v1:getDocumentRequest>
   </soapenv:Body>
</soapenv:Envelope>]]></con:request><con:credentials><con:selectedAuthProfile>Basic</con:selectedAuthProfile><con:addedBasicAuthenticationTypes>Basic</con:addedBasicAuthenticationTypes><con:authType>Global HTTP Settings</con:authType></con:credentials><con:jmsConfig JMSDeliveryMode="PERSISTENT"/><con:jmsPropertyConfig/><con:wsaConfig mustUnderstand="NONE" version="200508" action="http://fidus.brussels/services/civilstatusdocumentservice/getDocument"/><con:wsrmConfig version="1.2"/></con:call><con:call id="2173be8d-f25c-4301-b788-dee6ed5d3bcb" name="4 - Staging - Worker1 - Request"><con:settings><con:setting id="com.eviware.soapui.impl.wsdl.WsdlRequest@request-headers">&lt;xml-fragment/></con:setting></con:settings><con:encoding>UTF-8</con:encoding><con:endpoint>https://192.168.24.16:8443/services/CivilStatusDocumentService_v1.0</con:endpoint><con:request><![CDATA[<soapenv:Envelope xmlns:soapenv="http://schemas.xmlsoap.org/soap/envelope/" xmlns:v1="http://fidus.brussels/service/civilstatusdocumentservice/messages/v1" xmlns:v11="http://fidus.brussels/type/common/messages/v1">
   <soapenv:Header/>
   <soapenv:Body>
      <v1:getDocumentRequest>
         <v1:messageContext>
           <v11:messageId>${=import static java.util.UUID.randomUUID; uuid = randomUUID() as String}</v11:messageId>
            <v11:timestamp>${=new java.text.SimpleDateFormat("yyyy-MM-dd'T'HH:mm:ss.SSS").format(new Date())}</v11:timestamp>
         </v1:messageContext>
         <v1:legalContext>ServiceIntegrator</v1:legalContext>
         <v1:request>
            <v1:documentReference>20180000299194</v1:documentReference>
            <v1:language>fr</v1:language>
         </v1:request>
      </v1:getDocumentRequest>
   </soapenv:Body>
</soapenv:Envelope>]]></con:request><con:credentials><con:selectedAuthProfile>Basic</con:selectedAuthProfile><con:addedBasicAuthenticationTypes>Basic</con:addedBasicAuthenticationTypes><con:authType>Global HTTP Settings</con:authType></con:credentials><con:jmsConfig JMSDeliveryMode="PERSISTENT"/><con:jmsPropertyConfig/><con:wsaConfig mustUnderstand="NONE" version="200508" action="http://fidus.brussels/services/civilstatusdocumentservice/getDocument"/><con:wsrmConfig version="1.2"/></con:call><con:call id="baf1d495-2e92-4792-ba5d-436868e82298" name="4 - Staging - Worker2 - Request"><con:settings><con:setting id="com.eviware.soapui.impl.wsdl.WsdlRequest@request-headers">&lt;xml-fragment/></con:setting></con:settings><con:encoding>UTF-8</con:encoding><con:endpoint>https://192.168.24.17:8443/services/CivilStatusDocumentService_v1.0</con:endpoint><con:request><![CDATA[<soapenv:Envelope xmlns:soapenv="http://schemas.xmlsoap.org/soap/envelope/" xmlns:v1="http://fidus.brussels/service/civilstatusdocumentservice/messages/v1" xmlns:v11="http://fidus.brussels/type/common/messages/v1">
   <soapenv:Header/>
   <soapenv:Body>
      <v1:getDocumentRequest>
         <v1:messageContext>
           <v11:messageId>${=import static java.util.UUID.randomUUID; uuid = randomUUID() as String}</v11:messageId>
            <v11:timestamp>${=new java.text.SimpleDateFormat("yyyy-MM-dd'T'HH:mm:ss.SSS").format(new Date())}</v11:timestamp>
         </v1:messageContext>
         <v1:legalContext>ServiceIntegrator</v1:legalContext>
         <v1:request>
            <v1:documentReference>20180000299194</v1:documentReference>
            <v1:language>fr</v1:language>
         </v1:request>
      </v1:getDocumentRequest>
   </soapenv:Body>
</soapenv:Envelope>]]></con:request><con:credentials><con:selectedAuthProfile>Basic</con:selectedAuthProfile><con:addedBasicAuthenticationTypes>Basic</con:addedBasicAuthenticationTypes><con:authType>Global HTTP Settings</con:authType></con:credentials><con:jmsConfig JMSDeliveryMode="PERSISTENT"/><con:jmsPropertyConfig/><con:wsaConfig mustUnderstand="NONE" version="200508" action="http://fidus.brussels/services/civilstatusdocumentservice/getDocument"/><con:wsrmConfig version="1.2"/></con:call></con:operation><con:operation id="985721a3-af77-479a-a79f-c787eef2f6fc" isOneWay="false" action="http://fidus.brussels/services/civilstatusdocumentservice/getExtract" name="getExtract" bindingOperationName="getExtract" type="Request-Response" inputName="" receivesAttachments="false" sendsAttachments="false" anonymous="optional"><con:settings/><con:call id="a8e56a84-2952-44fe-93ed-d4dde39f71b2" name="1 - Local - Request" outgoingWss="Outflow DEV" incomingWss="Inflow DEV"><con:settings><con:setting id="com.eviware.soapui.impl.wsdl.WsdlRequest@request-headers">&lt;xml-fragment/></con:setting></con:settings><con:encoding>UTF-8</con:encoding><con:endpoint>https://192.168.22.53:8443/services/CivilStatusDocumentService_v1.0</con:endpoint><con:request><![CDATA[<soapenv:Envelope xmlns:soapenv="http://schemas.xmlsoap.org/soap/envelope/" xmlns:v1="http://fidus.brussels/service/civilstatusdocumentservice/messages/v1" xmlns:v11="http://fidus.brussels/type/common/messages/v1">
   <soapenv:Header/>
   <soapenv:Body>
      <v1:getExtractRequest>
         <v1:messageContext>
           <v11:messageId>${=import static java.util.UUID.randomUUID; uuid = randomUUID() as String}</v11:messageId>
            <v11:timestamp>${=new java.text.SimpleDateFormat("yyyy-MM-dd'T'HH:mm:ss.SSS").format(new Date())}</v11:timestamp>
         </v1:messageContext>
         <v1:legalContext>ServiceIntegrator</v1:legalContext>
         <v1:request>
            <v1:documentReference>20180000299194</v1:documentReference>
            <v1:language>fr</v1:language>
            <v1:municipalityCode>Z1051</v1:municipalityCode>
         </v1:request>
      </v1:getExtractRequest>
   </soapenv:Body>
</soapenv:Envelope>]]></con:request><con:credentials><con:selectedAuthProfile>Basic</con:selectedAuthProfile><con:addedBasicAuthenticationTypes>Basic</con:addedBasicAuthenticationTypes><con:authType>Global HTTP Settings</con:authType></con:credentials><con:jmsConfig JMSDeliveryMode="PERSISTENT"/><con:jmsPropertyConfig/><con:wsaConfig mustUnderstand="NONE" version="200508" action="http://fidus.brussels/services/civilstatusdocumentservice/getExtract"/><con:wsrmConfig version="1.2"/></con:call><con:call id="0ebd46b3-7b5f-44a9-a01f-18699ef486b5" name="2 - Dev - Request" outgoingWss="Outflow DEV" incomingWss="Inflow DEV"><con:settings><con:setting id="com.eviware.soapui.impl.wsdl.WsdlRequest@request-headers">&lt;xml-fragment/></con:setting></con:settings><con:encoding>UTF-8</con:encoding><con:endpoint>https://192.168.22.53:8443/services/CivilStatusDocumentService_v1.0</con:endpoint><con:request><![CDATA[<soapenv:Envelope xmlns:soapenv="http://schemas.xmlsoap.org/soap/envelope/" xmlns:v1="http://fidus.brussels/service/civilstatusdocumentservice/messages/v1" xmlns:v11="http://fidus.brussels/type/common/messages/v1">
   <soapenv:Header/>
   <soapenv:Body>
      <v1:getExtractRequest>
         <v1:messageContext>
           <v11:messageId>${=import static java.util.UUID.randomUUID; uuid = randomUUID() as String}</v11:messageId>
            <v11:timestamp>${=new java.text.SimpleDateFormat("yyyy-MM-dd'T'HH:mm:ss.SSS").format(new Date())}</v11:timestamp>
         </v1:messageContext>
         <v1:legalContext>ServiceIntegrator</v1:legalContext>
         <v1:request>
            <v1:documentReference>20180000299194</v1:documentReference>
            <v1:language>fr</v1:language>
            <v1:municipalityCode>Z1051</v1:municipalityCode>
         </v1:request>
      </v1:getExtractRequest>
   </soapenv:Body>
</soapenv:Envelope>]]></con:request><con:credentials><con:selectedAuthProfile>Basic</con:selectedAuthProfile><con:addedBasicAuthenticationTypes>Basic</con:addedBasicAuthenticationTypes><con:authType>Global HTTP Settings</con:authType></con:credentials><con:jmsConfig JMSDeliveryMode="PERSISTENT"/><con:jmsPropertyConfig/><con:wsaConfig mustUnderstand="NONE" version="200508" action="http://fidus.brussels/services/civilstatusdocumentservice/getExtract"/><con:wsrmConfig version="1.2"/></con:call><con:call id="7a8f580a-ffe1-42ce-a392-980772b2b6ab" name="3 -Test - External - Request" outgoingWss="Outflow Test" incomingWss="Inflow Test"><con:settings><con:setting id="com.eviware.soapui.impl.wsdl.WsdlRequest@request-headers">&lt;xml-fragment/></con:setting></con:settings><con:encoding>UTF-8</con:encoding><con:endpoint>https://192.168.22.53:8443/services/CivilStatusDocumentService_v1.0</con:endpoint><con:request><![CDATA[<soapenv:Envelope xmlns:soapenv="http://schemas.xmlsoap.org/soap/envelope/" xmlns:v1="http://fidus.brussels/service/civilstatusdocumentservice/messages/v1" xmlns:v11="http://fidus.brussels/type/common/messages/v1">
   <soapenv:Header/>
   <soapenv:Body>
      <v1:getExtractRequest>
         <v1:messageContext>
           <v11:messageId>${=import static java.util.UUID.randomUUID; uuid = randomUUID() as String}</v11:messageId>
            <v11:timestamp>${=new java.text.SimpleDateFormat("yyyy-MM-dd'T'HH:mm:ss.SSS").format(new Date())}</v11:timestamp>
         </v1:messageContext>
         <v1:legalContext>ServiceIntegrator</v1:legalContext>
         <v1:request>
            <v1:documentReference>201800002991940</v1:documentReference>
            <v1:language>fr</v1:language>
         </v1:request>
      </v1:getExtractRequest>
   </soapenv:Body>
</soapenv:Envelope>]]></con:request><con:credentials><con:selectedAuthProfile>Basic</con:selectedAuthProfile><con:addedBasicAuthenticationTypes>Basic</con:addedBasicAuthenticationTypes><con:authType>Global HTTP Settings</con:authType></con:credentials><con:jmsConfig JMSDeliveryMode="PERSISTENT"/><con:jmsPropertyConfig/><con:wsaConfig mustUnderstand="NONE" version="200508" action="http://fidus.brussels/services/civilstatusdocumentservice/getExtract"/><con:wsrmConfig version="1.2"/></con:call><con:call id="dba57efd-a29d-46b3-be20-370a01ea2ebd" name="3 -Test - LB - Request" outgoingWss="Outflow Test" incomingWss="Inflow Test"><con:settings><con:setting id="com.eviware.soapui.impl.wsdl.WsdlRequest@request-headers">&lt;xml-fragment/></con:setting></con:settings><con:encoding>UTF-8</con:encoding><con:endpoint>https://192.168.22.53:8443/services/CivilStatusDocumentService_v1.0</con:endpoint><con:request><![CDATA[<soapenv:Envelope xmlns:soapenv="http://schemas.xmlsoap.org/soap/envelope/" xmlns:v1="http://fidus.brussels/service/civilstatusdocumentservice/messages/v1" xmlns:v11="http://fidus.brussels/type/common/messages/v1">
   <soapenv:Header/>
   <soapenv:Body>
      <v1:getExtractRequest>
         <v1:messageContext>
           <v11:messageId>${=import static java.util.UUID.randomUUID; uuid = randomUUID() as String}</v11:messageId>
            <v11:timestamp>${=new java.text.SimpleDateFormat("yyyy-MM-dd'T'HH:mm:ss.SSS").format(new Date())}</v11:timestamp>
         </v1:messageContext>
         <v1:legalContext>ServiceIntegrator</v1:legalContext>
         <v1:request>
            <v1:documentReference>201800002991940</v1:documentReference>
            <v1:language>fr</v1:language>
         </v1:request>
      </v1:getExtractRequest>
   </soapenv:Body>
</soapenv:Envelope>]]></con:request><con:credentials><con:selectedAuthProfile>Basic</con:selectedAuthProfile><con:addedBasicAuthenticationTypes>Basic</con:addedBasicAuthenticationTypes><con:authType>Global HTTP Settings</con:authType></con:credentials><con:jmsConfig JMSDeliveryMode="PERSISTENT"/><con:jmsPropertyConfig/><con:wsaConfig mustUnderstand="NONE" version="200508" action="http://fidus.brussels/services/civilstatusdocumentservice/getExtract"/><con:wsrmConfig version="1.2"/></con:call><con:call id="7c0ce831-1dc6-40f1-a13b-47766b55216b" name="3 -Test - Worker1 - Request" outgoingWss="Outflow Test" incomingWss="Inflow Test"><con:settings><con:setting id="com.eviware.soapui.impl.wsdl.WsdlRequest@request-headers">&lt;xml-fragment/></con:setting></con:settings><con:encoding>UTF-8</con:encoding><con:endpoint>https://192.168.22.53:8443/services/CivilStatusDocumentService_v1.0</con:endpoint><con:request><![CDATA[<soapenv:Envelope xmlns:soapenv="http://schemas.xmlsoap.org/soap/envelope/" xmlns:v1="http://fidus.brussels/service/civilstatusdocumentservice/messages/v1" xmlns:v11="http://fidus.brussels/type/common/messages/v1">
   <soapenv:Header/>
   <soapenv:Body>
      <v1:getExtractRequest>
         <v1:messageContext>
           <v11:messageId>${=import static java.util.UUID.randomUUID; uuid = randomUUID() as String}</v11:messageId>
            <v11:timestamp>${=new java.text.SimpleDateFormat("yyyy-MM-dd'T'HH:mm:ss.SSS").format(new Date())}</v11:timestamp>
         </v1:messageContext>
         <v1:legalContext>ServiceIntegrator</v1:legalContext>
         <v1:request>
            <v1:documentReference>20180000299194</v1:documentReference>
            <v1:language>nl</v1:language>
         </v1:request>
      </v1:getExtractRequest>
   </soapenv:Body>
</soapenv:Envelope>]]></con:request><con:credentials><con:selectedAuthProfile>Basic</con:selectedAuthProfile><con:addedBasicAuthenticationTypes>Basic</con:addedBasicAuthenticationTypes><con:authType>Global HTTP Settings</con:authType></con:credentials><con:jmsConfig JMSDeliveryMode="PERSISTENT"/><con:jmsPropertyConfig/><con:wsaConfig mustUnderstand="NONE" version="200508" action="http://fidus.brussels/services/civilstatusdocumentservice/getExtract"/><con:wsrmConfig version="1.2"/></con:call><con:call id="c4f12d32-b17c-47cf-a496-531e7bd4571a" name="3 -Test - Worker2 - Request" outgoingWss="Outflow Test" incomingWss="Inflow Test"><con:settings><con:setting id="com.eviware.soapui.impl.wsdl.WsdlRequest@request-headers">&lt;xml-fragment/></con:setting></con:settings><con:encoding>UTF-8</con:encoding><con:endpoint>https://192.168.22.54:8443/services/CivilStatusDocumentService_v1.0</con:endpoint><con:request><![CDATA[<soapenv:Envelope xmlns:soapenv="http://schemas.xmlsoap.org/soap/envelope/" xmlns:v1="http://fidus.brussels/service/civilstatusdocumentservice/messages/v1" xmlns:v11="http://fidus.brussels/type/common/messages/v1">
   <soapenv:Header/>
   <soapenv:Body>
      <v1:getExtractRequest>
         <v1:messageContext>
           <v11:messageId>${=import static java.util.UUID.randomUUID; uuid = randomUUID() as String}</v11:messageId>
            <v11:timestamp>${=new java.text.SimpleDateFormat("yyyy-MM-dd'T'HH:mm:ss.SSS").format(new Date())}</v11:timestamp>
         </v1:messageContext>
         <v1:legalContext>ServiceIntegrator</v1:legalContext>
         <v1:request>
            <v1:documentReference>201800002991940</v1:documentReference>
            <v1:language>nl</v1:language>
         </v1:request>
      </v1:getExtractRequest>
   </soapenv:Body>
</soapenv:Envelope>]]></con:request><con:credentials><con:selectedAuthProfile>Basic</con:selectedAuthProfile><con:addedBasicAuthenticationTypes>Basic</con:addedBasicAuthenticationTypes><con:authType>Global HTTP Settings</con:authType></con:credentials><con:jmsConfig JMSDeliveryMode="PERSISTENT"/><con:jmsPropertyConfig/><con:wsaConfig mustUnderstand="NONE" version="200508" action="http://fidus.brussels/services/civilstatusdocumentservice/getExtract"/><con:wsrmConfig version="1.2"/></con:call><con:call id="cdb284a0-af38-48a1-96f4-888054770de6" name="4 - Staging - External - Request"><con:settings><con:setting id="com.eviware.soapui.impl.wsdl.WsdlRequest@request-headers">&lt;xml-fragment/></con:setting></con:settings><con:encoding>UTF-8</con:encoding><con:endpoint>https://fidus.irisnetlab.be/services/CivilStatusDocumentService_v1.0</con:endpoint><con:request><![CDATA[<soapenv:Envelope xmlns:soapenv="http://schemas.xmlsoap.org/soap/envelope/" xmlns:v1="http://fidus.brussels/service/civilstatusdocumentservice/messages/v1" xmlns:v11="http://fidus.brussels/type/common/messages/v1">
   <soapenv:Header/>
   <soapenv:Body>
      <v1:getExtractRequest>
         <v1:messageContext>
           <v11:messageId>${=import static java.util.UUID.randomUUID; uuid = randomUUID() as String}</v11:messageId>
            <v11:timestamp>${=new java.text.SimpleDateFormat("yyyy-MM-dd'T'HH:mm:ss.SSS").format(new Date())}</v11:timestamp>
         </v1:messageContext>
         <v1:legalContext>ServiceIntegrator</v1:legalContext>
         <v1:request>
            <v1:documentReference>201800002991940</v1:documentReference>
            <v1:language>nl</v1:language>
         </v1:request>
      </v1:getExtractRequest>
   </soapenv:Body>
</soapenv:Envelope>]]></con:request><con:credentials><con:selectedAuthProfile>Basic</con:selectedAuthProfile><con:addedBasicAuthenticationTypes>Basic</con:addedBasicAuthenticationTypes><con:authType>Global HTTP Settings</con:authType></con:credentials><con:jmsConfig JMSDeliveryMode="PERSISTENT"/><con:jmsPropertyConfig/><con:wsaConfig mustUnderstand="NONE" version="200508" action="http://fidus.brussels/services/civilstatusdocumentservice/getExtract"/><con:wsrmConfig version="1.2"/></con:call><con:call id="b1a84e7c-cf2f-4762-a9a2-0cf7dabd4802" name="4 - Staging - LB - Request"><con:settings><con:setting id="com.eviware.soapui.impl.wsdl.WsdlRequest@request-headers">&lt;xml-fragment/></con:setting></con:settings><con:encoding>UTF-8</con:encoding><con:endpoint>https://fidus-esb-sg.sta.srv.cirb.lan:8443/services/CivilStatusDocumentService_v1.0</con:endpoint><con:request><![CDATA[<soapenv:Envelope xmlns:soapenv="http://schemas.xmlsoap.org/soap/envelope/" xmlns:v1="http://fidus.brussels/service/civilstatusdocumentservice/messages/v1" xmlns:v11="http://fidus.brussels/type/common/messages/v1">
   <soapenv:Header/>
   <soapenv:Body>
      <v1:getExtractRequest>
         <v1:messageContext>
           <v11:messageId>${=import static java.util.UUID.randomUUID; uuid = randomUUID() as String}</v11:messageId>
            <v11:timestamp>${=new java.text.SimpleDateFormat("yyyy-MM-dd'T'HH:mm:ss.SSS").format(new Date())}</v11:timestamp>
         </v1:messageContext>
         <v1:legalContext>ServiceIntegrator</v1:legalContext>
         <v1:request>
            <v1:documentReference>201800002991940</v1:documentReference>
            <v1:language>nl</v1:language>
         </v1:request>
      </v1:getExtractRequest>
   </soapenv:Body>
</soapenv:Envelope>]]></con:request><con:credentials><con:selectedAuthProfile>Basic</con:selectedAuthProfile><con:addedBasicAuthenticationTypes>Basic</con:addedBasicAuthenticationTypes><con:authType>Global HTTP Settings</con:authType></con:credentials><con:jmsConfig JMSDeliveryMode="PERSISTENT"/><con:jmsPropertyConfig/><con:wsaConfig mustUnderstand="NONE" version="200508" action="http://fidus.brussels/services/civilstatusdocumentservice/getExtract"/><con:wsrmConfig version="1.2"/></con:call><con:call id="c8c37205-7938-4815-9c59-eef8896bcda9" name="4 - Staging - Worker1 - Request"><con:settings><con:setting id="com.eviware.soapui.impl.wsdl.WsdlRequest@request-headers">&lt;xml-fragment/></con:setting></con:settings><con:encoding>UTF-8</con:encoding><con:endpoint>https://192.168.24.16:8443/services/CivilStatusDocumentService_v1.0</con:endpoint><con:request><![CDATA[<soapenv:Envelope xmlns:soapenv="http://schemas.xmlsoap.org/soap/envelope/" xmlns:v1="http://fidus.brussels/service/civilstatusdocumentservice/messages/v1" xmlns:v11="http://fidus.brussels/type/common/messages/v1">
   <soapenv:Header/>
   <soapenv:Body>
      <v1:getExtractRequest>
         <v1:messageContext>
           <v11:messageId>${=import static java.util.UUID.randomUUID; uuid = randomUUID() as String}</v11:messageId>
            <v11:timestamp>${=new java.text.SimpleDateFormat("yyyy-MM-dd'T'HH:mm:ss.SSS").format(new Date())}</v11:timestamp>
         </v1:messageContext>
         <v1:legalContext>ServiceIntegrator</v1:legalContext>
         <v1:request>
            <v1:documentReference>201800002991940</v1:documentReference>
            <v1:language>nl</v1:language>
         </v1:request>
      </v1:getExtractRequest>
   </soapenv:Body>
</soapenv:Envelope>]]></con:request><con:credentials><con:selectedAuthProfile>Basic</con:selectedAuthProfile><con:addedBasicAuthenticationTypes>Basic</con:addedBasicAuthenticationTypes><con:authType>Global HTTP Settings</con:authType></con:credentials><con:jmsConfig JMSDeliveryMode="PERSISTENT"/><con:jmsPropertyConfig/><con:wsaConfig mustUnderstand="NONE" version="200508" action="http://fidus.brussels/services/civilstatusdocumentservice/getExtract"/><con:wsrmConfig version="1.2"/></con:call><con:call id="ff1b80a0-c66d-49e5-a426-50879bd88d29" name="4 - Staging - Worker2 - Request"><con:settings><con:setting id="com.eviware.soapui.impl.wsdl.WsdlRequest@request-headers">&lt;xml-fragment/></con:setting></con:settings><con:encoding>UTF-8</con:encoding><con:endpoint>https://192.168.24.17:8443/services/CivilStatusDocumentService_v1.0</con:endpoint><con:request><![CDATA[<soapenv:Envelope xmlns:soapenv="http://schemas.xmlsoap.org/soap/envelope/" xmlns:v1="http://fidus.brussels/service/civilstatusdocumentservice/messages/v1" xmlns:v11="http://fidus.brussels/type/common/messages/v1">
   <soapenv:Header/>
   <soapenv:Body>
      <v1:getExtractRequest>
         <v1:messageContext>
           <v11:messageId>${=import static java.util.UUID.randomUUID; uuid = randomUUID() as String}</v11:messageId>
            <v11:timestamp>${=new java.text.SimpleDateFormat("yyyy-MM-dd'T'HH:mm:ss.SSS").format(new Date())}</v11:timestamp>
         </v1:messageContext>
         <v1:legalContext>ServiceIntegrator</v1:legalContext>
         <v1:request>
            <v1:documentReference>201800002991940</v1:documentReference>
            <v1:language>nl</v1:language>
         </v1:request>
      </v1:getExtractRequest>
   </soapenv:Body>
</soapenv:Envelope>]]></con:request><con:credentials><con:selectedAuthProfile>Basic</con:selectedAuthProfile><con:addedBasicAuthenticationTypes>Basic</con:addedBasicAuthenticationTypes><con:authType>Global HTTP Settings</con:authType></con:credentials><con:jmsConfig JMSDeliveryMode="PERSISTENT"/><con:jmsPropertyConfig/><con:wsaConfig mustUnderstand="NONE" version="200508" action="http://fidus.brussels/services/civilstatusdocumentservice/getExtract"/><con:wsrmConfig version="1.2"/></con:call></con:operation><con:operation id="aa46896e-e6ac-418d-a191-e140ca3560de" isOneWay="false" action="http://fidus.brussels/services/civilstatusdocumentservice/getExtractAsPdf" name="getExtractAsPdf" bindingOperationName="getExtractAsPdf" type="Request-Response" inputName="" receivesAttachments="false" sendsAttachments="false" anonymous="optional"><con:settings/><con:call id="737b4dc1-8810-4e85-aa82-7faa74c91419" name="1 - Local - Request" outgoingWss="Outflow DEV" incomingWss="Inflow DEV"><con:settings><con:setting id="com.eviware.soapui.impl.wsdl.WsdlRequest@request-headers">&lt;xml-fragment/></con:setting></con:settings><con:encoding>UTF-8</con:encoding><con:endpoint>https://192.168.22.53:8443/services/CivilStatusDocumentService_v1.0</con:endpoint><con:request><![CDATA[<soapenv:Envelope xmlns:soapenv="http://schemas.xmlsoap.org/soap/envelope/" xmlns:v1="http://fidus.brussels/service/civilstatusdocumentservice/messages/v1" xmlns:v11="http://fidus.brussels/type/common/messages/v1">
   <soapenv:Header/>
   <soapenv:Body>
      <v1:getExtractAsPdfRequest>
         <v1:messageContext>
           <v11:messageId>${=import static java.util.UUID.randomUUID; uuid = randomUUID() as String}</v11:messageId>
            <v11:timestamp>${=new java.text.SimpleDateFormat("yyyy-MM-dd'T'HH:mm:ss.SSS").format(new Date())}</v11:timestamp>
         </v1:messageContext>
         <v1:legalContext>ServiceIntegrator</v1:legalContext>
         <v1:request>
            <v1:documentReference>20180000299194</v1:documentReference>
            <v1:language>fr</v1:language>
            <v1:municipalityCode>d1051</v1:municipalityCode>
         </v1:request>
      </v1:getExtractAsPdfRequest>
   </soapenv:Body>
</soapenv:Envelope>]]></con:request><con:credentials><con:selectedAuthProfile>Basic</con:selectedAuthProfile><con:addedBasicAuthenticationTypes>Basic</con:addedBasicAuthenticationTypes><con:authType>Global HTTP Settings</con:authType></con:credentials><con:jmsConfig JMSDeliveryMode="PERSISTENT"/><con:jmsPropertyConfig/><con:wsaConfig mustUnderstand="NONE" version="200508" action="http://fidus.brussels/services/civilstatusdocumentservice/getExtractAsPdf"/><con:wsrmConfig version="1.2"/></con:call><con:call id="803843fc-0763-41cc-9573-151c7956cf6a" name="2 - Dev - Request" outgoingWss="Outflow DEV" incomingWss="Inflow DEV"><con:settings><con:setting id="com.eviware.soapui.impl.wsdl.WsdlRequest@request-headers">&lt;xml-fragment/></con:setting></con:settings><con:encoding>UTF-8</con:encoding><con:endpoint>https://192.168.36.61:8243/services/CivilStatusDocumentService_v1.0</con:endpoint><con:request><![CDATA[<soapenv:Envelope xmlns:soapenv="http://schemas.xmlsoap.org/soap/envelope/" xmlns:v1="http://fidus.brussels/service/civilstatusdocumentservice/messages/v1" xmlns:v11="http://fidus.brussels/type/common/messages/v1">
   <soapenv:Header/>
   <soapenv:Body>
      <v1:getExtractAsPdfRequest>
         <v1:messageContext>
           <v11:messageId>${=import static java.util.UUID.randomUUID; uuid = randomUUID() as String}</v11:messageId>
            <v11:timestamp>${=new java.text.SimpleDateFormat("yyyy-MM-dd'T'HH:mm:ss.SSS").format(new Date())}</v11:timestamp>
         </v1:messageContext>
         <v1:legalContext>ServiceIntegrator</v1:legalContext>
         <v1:request>
            <v1:documentReference>20180000299194</v1:documentReference>
            <v1:language>fr</v1:language>
         </v1:request>
      </v1:getExtractAsPdfRequest>
   </soapenv:Body>
</soapenv:Envelope>]]></con:request><con:credentials><con:selectedAuthProfile>Basic</con:selectedAuthProfile><con:addedBasicAuthenticationTypes>Basic</con:addedBasicAuthenticationTypes><con:authType>Global HTTP Settings</con:authType></con:credentials><con:jmsConfig JMSDeliveryMode="PERSISTENT"/><con:jmsPropertyConfig/><con:wsaConfig mustUnderstand="NONE" version="200508" action="http://fidus.brussels/services/civilstatusdocumentservice/getExtractAsPdf"/><con:wsrmConfig version="1.2"/></con:call><con:call id="920d2348-2444-418d-bdac-fadadfe5aad7" name="3 -Test - External - Request" outgoingWss="Outflow Test" incomingWss="Inflow Test"><con:settings><con:setting id="com.eviware.soapui.impl.wsdl.WsdlRequest@request-headers">&lt;xml-fragment/></con:setting></con:settings><con:encoding>UTF-8</con:encoding><con:endpoint>https://fidus-test.irisnetlab.be/services/CivilStatusDocumentService_v1.0</con:endpoint><con:request><![CDATA[<soapenv:Envelope xmlns:soapenv="http://schemas.xmlsoap.org/soap/envelope/" xmlns:v1="http://fidus.brussels/service/civilstatusdocumentservice/messages/v1" xmlns:v11="http://fidus.brussels/type/common/messages/v1">
   <soapenv:Header/>
   <soapenv:Body>
      <v1:getExtractAsPdfRequest>
         <v1:messageContext>
           <v11:messageId>${=import static java.util.UUID.randomUUID; uuid = randomUUID() as String}</v11:messageId>
            <v11:timestamp>${=new java.text.SimpleDateFormat("yyyy-MM-dd'T'HH:mm:ss.SSS").format(new Date())}</v11:timestamp>
         </v1:messageContext>
         <v1:legalContext>ServiceIntegrator</v1:legalContext>
         <v1:request>
            <v1:documentReference>201800002991940</v1:documentReference>
            <v1:language>fr</v1:language>
         </v1:request>
      </v1:getExtractAsPdfRequest>
   </soapenv:Body>
</soapenv:Envelope>]]></con:request><con:credentials><con:selectedAuthProfile>Basic</con:selectedAuthProfile><con:addedBasicAuthenticationTypes>Basic</con:addedBasicAuthenticationTypes><con:authType>Global HTTP Settings</con:authType></con:credentials><con:jmsConfig JMSDeliveryMode="PERSISTENT"/><con:jmsPropertyConfig/><con:wsaConfig mustUnderstand="NONE" version="200508" action="http://fidus.brussels/services/civilstatusdocumentservice/getExtractAsPdf"/><con:wsrmConfig version="1.2"/></con:call><con:call id="e38d3e77-350b-4696-96d7-da6a8d18f719" name="3 -Test - LB - Request" outgoingWss="Outflow Test" incomingWss="Inflow Test"><con:settings><con:setting id="com.eviware.soapui.impl.wsdl.WsdlRequest@request-headers">&lt;xml-fragment/></con:setting></con:settings><con:encoding>UTF-8</con:encoding><con:endpoint>https://fidus-test.irisnetlab.be/services/CivilStatusDocumentService_v1.0</con:endpoint><con:request><![CDATA[<soapenv:Envelope xmlns:soapenv="http://schemas.xmlsoap.org/soap/envelope/" xmlns:v1="http://fidus.brussels/service/civilstatusdocumentservice/messages/v1" xmlns:v11="http://fidus.brussels/type/common/messages/v1">
   <soapenv:Header/>
   <soapenv:Body>
      <v1:getExtractAsPdfRequest>
         <v1:messageContext>
           <v11:messageId>${=import static java.util.UUID.randomUUID; uuid = randomUUID() as String}</v11:messageId>
            <v11:timestamp>${=new java.text.SimpleDateFormat("yyyy-MM-dd'T'HH:mm:ss.SSS").format(new Date())}</v11:timestamp>
         </v1:messageContext>
         <v1:legalContext>ServiceIntegrator</v1:legalContext>
         <v1:request>
            <v1:documentReference>201800002991940</v1:documentReference>
            <v1:language>fr</v1:language>
         </v1:request>
      </v1:getExtractAsPdfRequest>
   </soapenv:Body>
</soapenv:Envelope>]]></con:request><con:credentials><con:selectedAuthProfile>Basic</con:selectedAuthProfile><con:addedBasicAuthenticationTypes>Basic</con:addedBasicAuthenticationTypes><con:authType>Global HTTP Settings</con:authType></con:credentials><con:jmsConfig JMSDeliveryMode="PERSISTENT"/><con:jmsPropertyConfig/><con:wsaConfig mustUnderstand="NONE" version="200508" action="http://fidus.brussels/services/civilstatusdocumentservice/getExtractAsPdf"/><con:wsrmConfig version="1.2"/></con:call><con:call id="7abf84a9-a84c-4aad-a056-6a4bf31ed60b" name="3 -Test - Worker1 - Request" outgoingWss="Outflow Test" incomingWss="Inflow Test"><con:settings><con:setting id="com.eviware.soapui.impl.wsdl.WsdlRequest@request-headers">&lt;xml-fragment/></con:setting></con:settings><con:encoding>UTF-8</con:encoding><con:endpoint>https://192.168.22.53:8443/services/CivilStatusDocumentService_v1.0</con:endpoint><con:request><![CDATA[<soapenv:Envelope xmlns:soapenv="http://schemas.xmlsoap.org/soap/envelope/" xmlns:v1="http://fidus.brussels/service/civilstatusdocumentservice/messages/v1" xmlns:v11="http://fidus.brussels/type/common/messages/v1">
   <soapenv:Header/>
   <soapenv:Body>
      <v1:getExtractAsPdfRequest>
         <v1:messageContext>
           <v11:messageId>${=import static java.util.UUID.randomUUID; uuid = randomUUID() as String}</v11:messageId>
            <v11:timestamp>${=new java.text.SimpleDateFormat("yyyy-MM-dd'T'HH:mm:ss.SSS").format(new Date())}</v11:timestamp>
         </v1:messageContext>
         <v1:legalContext>ServiceIntegrator</v1:legalContext>
         <v1:request>
            <v1:documentReference>20180000299194</v1:documentReference>
            <v1:language>fr</v1:language>
         </v1:request>
      </v1:getExtractAsPdfRequest>
   </soapenv:Body>
</soapenv:Envelope>]]></con:request><con:credentials><con:selectedAuthProfile>Basic</con:selectedAuthProfile><con:addedBasicAuthenticationTypes>Basic</con:addedBasicAuthenticationTypes><con:authType>Global HTTP Settings</con:authType></con:credentials><con:jmsConfig JMSDeliveryMode="PERSISTENT"/><con:jmsPropertyConfig/><con:wsaConfig mustUnderstand="NONE" version="200508" action="http://fidus.brussels/services/civilstatusdocumentservice/getExtractAsPdf"/><con:wsrmConfig version="1.2"/></con:call><con:call id="f1ddb055-d993-40a8-97ce-bd1da8941747" name="3 -Test - Worker2 - Request" outgoingWss="Outflow Test" incomingWss="Inflow Test"><con:settings><con:setting id="com.eviware.soapui.impl.wsdl.WsdlRequest@request-headers">&lt;xml-fragment/></con:setting></con:settings><con:encoding>UTF-8</con:encoding><con:endpoint>https://192.168.22.54:8443/services/CivilStatusDocumentService_v1.0</con:endpoint><con:request><![CDATA[<soapenv:Envelope xmlns:soapenv="http://schemas.xmlsoap.org/soap/envelope/" xmlns:v1="http://fidus.brussels/service/civilstatusdocumentservice/messages/v1" xmlns:v11="http://fidus.brussels/type/common/messages/v1">
   <soapenv:Header/>
   <soapenv:Body>
      <v1:getExtractAsPdfRequest>
         <v1:messageContext>
           <v11:messageId>${=import static java.util.UUID.randomUUID; uuid = randomUUID() as String}</v11:messageId>
            <v11:timestamp>${=new java.text.SimpleDateFormat("yyyy-MM-dd'T'HH:mm:ss.SSS").format(new Date())}</v11:timestamp>
         </v1:messageContext>
         <v1:legalContext>ServiceIntegrator</v1:legalContext>
         <v1:request>
            <v1:documentReference>201800002991940</v1:documentReference>
            <v1:language>fr</v1:language>
         </v1:request>
      </v1:getExtractAsPdfRequest>
   </soapenv:Body>
</soapenv:Envelope>]]></con:request><con:credentials><con:selectedAuthProfile>Basic</con:selectedAuthProfile><con:addedBasicAuthenticationTypes>Basic</con:addedBasicAuthenticationTypes><con:authType>Global HTTP Settings</con:authType></con:credentials><con:jmsConfig JMSDeliveryMode="PERSISTENT"/><con:jmsPropertyConfig/><con:wsaConfig mustUnderstand="NONE" version="200508" action="http://fidus.brussels/services/civilstatusdocumentservice/getExtractAsPdf"/><con:wsrmConfig version="1.2"/></con:call><con:call id="328991d0-7da3-4e9e-aca2-3e26d8d08fe3" name="4 - Staging - External - Request"><con:settings><con:setting id="com.eviware.soapui.impl.wsdl.WsdlRequest@request-headers">&lt;xml-fragment/></con:setting></con:settings><con:encoding>UTF-8</con:encoding><con:endpoint>https://fidus.irisnetlab.be/services/CivilStatusDocumentService_v1.0</con:endpoint><con:request><![CDATA[<soapenv:Envelope xmlns:soapenv="http://schemas.xmlsoap.org/soap/envelope/" xmlns:v1="http://fidus.brussels/service/civilstatusdocumentservice/messages/v1" xmlns:v11="http://fidus.brussels/type/common/messages/v1">
   <soapenv:Header/>
   <soapenv:Body>
      <v1:getExtractAsPdfRequest>
         <v1:messageContext>
           <v11:messageId>${=import static java.util.UUID.randomUUID; uuid = randomUUID() as String}</v11:messageId>
            <v11:timestamp>${=new java.text.SimpleDateFormat("yyyy-MM-dd'T'HH:mm:ss.SSS").format(new Date())}</v11:timestamp>
         </v1:messageContext>
         <v1:legalContext>ServiceIntegrator</v1:legalContext>
         <v1:request>
            <v1:documentReference>201800002991940</v1:documentReference>
            <v1:language>fr</v1:language>
         </v1:request>
      </v1:getExtractAsPdfRequest>
   </soapenv:Body>
</soapenv:Envelope>]]></con:request><con:credentials><con:selectedAuthProfile>Basic</con:selectedAuthProfile><con:addedBasicAuthenticationTypes>Basic</con:addedBasicAuthenticationTypes><con:authType>Global HTTP Settings</con:authType></con:credentials><con:jmsConfig JMSDeliveryMode="PERSISTENT"/><con:jmsPropertyConfig/><con:wsaConfig mustUnderstand="NONE" version="200508" action="http://fidus.brussels/services/civilstatusdocumentservice/getExtractAsPdf"/><con:wsrmConfig version="1.2"/></con:call><con:call id="bf54c37d-5194-4cfb-a0c2-1b5db5ddf38d" name="4 - Staging - LB - Request"><con:settings><con:setting id="com.eviware.soapui.impl.wsdl.WsdlRequest@request-headers">&lt;xml-fragment/></con:setting></con:settings><con:encoding>UTF-8</con:encoding><con:endpoint>https://fidus-esb-sg.sta.srv.cirb.lan:8443/services/CivilStatusDocumentService_v1.0</con:endpoint><con:request><![CDATA[<soapenv:Envelope xmlns:soapenv="http://schemas.xmlsoap.org/soap/envelope/" xmlns:v1="http://fidus.brussels/service/civilstatusdocumentservice/messages/v1" xmlns:v11="http://fidus.brussels/type/common/messages/v1">
   <soapenv:Header/>
   <soapenv:Body>
      <v1:getExtractAsPdfRequest>
         <v1:messageContext>
           <v11:messageId>${=import static java.util.UUID.randomUUID; uuid = randomUUID() as String}</v11:messageId>
            <v11:timestamp>${=new java.text.SimpleDateFormat("yyyy-MM-dd'T'HH:mm:ss.SSS").format(new Date())}</v11:timestamp>
         </v1:messageContext>
         <v1:legalContext>ServiceIntegrator</v1:legalContext>
         <v1:request>
            <v1:documentReference>201800002991940</v1:documentReference>
            <v1:language>fr</v1:language>
         </v1:request>
      </v1:getExtractAsPdfRequest>
   </soapenv:Body>
</soapenv:Envelope>]]></con:request><con:credentials><con:selectedAuthProfile>Basic</con:selectedAuthProfile><con:addedBasicAuthenticationTypes>Basic</con:addedBasicAuthenticationTypes><con:authType>Global HTTP Settings</con:authType></con:credentials><con:jmsConfig JMSDeliveryMode="PERSISTENT"/><con:jmsPropertyConfig/><con:wsaConfig mustUnderstand="NONE" version="200508" action="http://fidus.brussels/services/civilstatusdocumentservice/getExtractAsPdf"/><con:wsrmConfig version="1.2"/></con:call><con:call id="4c5c35c9-62b7-4464-b736-70b971da9d5f" name="4 - Staging - Worker1 - Request"><con:settings><con:setting id="com.eviware.soapui.impl.wsdl.WsdlRequest@request-headers">&lt;xml-fragment/></con:setting></con:settings><con:encoding>UTF-8</con:encoding><con:endpoint>https://192.168.24.16:8443/services/CivilStatusDocumentService_v1.0</con:endpoint><con:request><![CDATA[<soapenv:Envelope xmlns:soapenv="http://schemas.xmlsoap.org/soap/envelope/" xmlns:v1="http://fidus.brussels/service/civilstatusdocumentservice/messages/v1" xmlns:v11="http://fidus.brussels/type/common/messages/v1">
   <soapenv:Header/>
   <soapenv:Body>
      <v1:getExtractAsPdfRequest>
         <v1:messageContext>
           <v11:messageId>${=import static java.util.UUID.randomUUID; uuid = randomUUID() as String}</v11:messageId>
            <v11:timestamp>${=new java.text.SimpleDateFormat("yyyy-MM-dd'T'HH:mm:ss.SSS").format(new Date())}</v11:timestamp>
         </v1:messageContext>
         <v1:legalContext>ServiceIntegrator</v1:legalContext>
         <v1:request>
            <v1:documentReference>201800002991940</v1:documentReference>
            <v1:language>fr</v1:language>
         </v1:request>
      </v1:getExtractAsPdfRequest>
   </soapenv:Body>
</soapenv:Envelope>]]></con:request><con:credentials><con:selectedAuthProfile>Basic</con:selectedAuthProfile><con:addedBasicAuthenticationTypes>Basic</con:addedBasicAuthenticationTypes><con:authType>Global HTTP Settings</con:authType></con:credentials><con:jmsConfig JMSDeliveryMode="PERSISTENT"/><con:jmsPropertyConfig/><con:wsaConfig mustUnderstand="NONE" version="200508" action="http://fidus.brussels/services/civilstatusdocumentservice/getExtractAsPdf"/><con:wsrmConfig version="1.2"/></con:call><con:call id="4c7c0035-da51-4081-abf5-90d066f28c32" name="4 - Staging - Worker2 - Request"><con:settings><con:setting id="com.eviware.soapui.impl.wsdl.WsdlRequest@request-headers">&lt;xml-fragment/></con:setting></con:settings><con:encoding>UTF-8</con:encoding><con:endpoint>https://192.168.24.17:8443/services/CivilStatusDocumentService_v1.0</con:endpoint><con:request><![CDATA[<soapenv:Envelope xmlns:soapenv="http://schemas.xmlsoap.org/soap/envelope/" xmlns:v1="http://fidus.brussels/service/civilstatusdocumentservice/messages/v1" xmlns:v11="http://fidus.brussels/type/common/messages/v1">
   <soapenv:Header/>
   <soapenv:Body>
      <v1:getExtractAsPdfRequest>
         <v1:messageContext>
           <v11:messageId>${=import static java.util.UUID.randomUUID; uuid = randomUUID() as String}</v11:messageId>
            <v11:timestamp>${=new java.text.SimpleDateFormat("yyyy-MM-dd'T'HH:mm:ss.SSS").format(new Date())}</v11:timestamp>
         </v1:messageContext>
         <v1:legalContext>ServiceIntegrator</v1:legalContext>
         <v1:request>
            <v1:documentReference>201800002991940</v1:documentReference>
            <v1:language>fr</v1:language>
         </v1:request>
      </v1:getExtractAsPdfRequest>
   </soapenv:Body>
</soapenv:Envelope>]]></con:request><con:credentials><con:selectedAuthProfile>Basic</con:selectedAuthProfile><con:addedBasicAuthenticationTypes>Basic</con:addedBasicAuthenticationTypes><con:authType>Global HTTP Settings</con:authType></con:credentials><con:jmsConfig JMSDeliveryMode="PERSISTENT"/><con:jmsPropertyConfig/><con:wsaConfig mustUnderstand="NONE" version="200508" action="http://fidus.brussels/services/civilstatusdocumentservice/getExtractAsPdf"/><con:wsrmConfig version="1.2"/></con:call></con:operation><con:operation id="90ea8327-a5ef-4cb3-a04a-400824cdbeb5" isOneWay="false" action="http://fidus.brussels/services/civilstatusdocumentservice/saveOrUpdateDocument" name="saveOrUpdateDocument" bindingOperationName="saveOrUpdateDocument" type="Request-Response" inputName="" receivesAttachments="false" sendsAttachments="false" anonymous="optional"><con:settings/><con:call id="5e7b6b99-3bc1-455b-89c9-9d14a7eea4e9" name="1 - Local - Request" outgoingWss="Outflow DEV" incomingWss="Inflow DEV"><con:settings><con:setting id="com.eviware.soapui.impl.wsdl.WsdlRequest@request-headers">&lt;xml-fragment/></con:setting></con:settings><con:encoding>UTF-8</con:encoding><con:endpoint>https://192.168.22.53:8443/services/CivilStatusDocumentService_v1.0</con:endpoint><con:request><![CDATA[<soapenv:Envelope xmlns:soapenv="http://schemas.xmlsoap.org/soap/envelope/" xmlns:v1="http://fidus.brussels/service/civilstatusdocumentservice/messages/v1" xmlns:v11="http://fidus.brussels/type/common/messages/v1" xmlns:core="http://www.fgov.be/dabs/core">
   <soapenv:Header/>
   <soapenv:Body>
      <v1:saveOrUpdateDocumentRequest>
         <v1:messageContext>
           <v11:messageId>${=import static java.util.UUID.randomUUID; uuid = randomUUID() as String}</v11:messageId>
            <v11:timestamp>${=new java.text.SimpleDateFormat("yyyy-MM-dd'T'HH:mm:ss.SSS").format(new Date())}</v11:timestamp>
         </v1:messageContext>
         <v1:legalContext>ServiceIntegrator</v1:legalContext>
         <v1:request>         
            <v1:language>fr</v1:language>
            <v1:municipalityCode>d1051</v1:municipalityCode>
            <v1:saveOrUpdateDocument>
          <document xmlns:xsi="http://www.w3.org/2001/XMLSchema-instance" xsi:type="core:marriageCertificate">
           <attachments/>
           <certificateOriginType>FOREIGN_CERTIFICATE</certificateOriginType>
           <factDate>
              <day>22</day>
              <month>12</month>
              <year>2011</year>
           </factDate>
           <establishingDate>2018-07-17</establishingDate>
           <redactionPlace>
              <municipalityCode>12007</municipalityCode>
              <countryCode>150</countryCode>
              <countryFreeText>test</countryFreeText>
           </redactionPlace>
           <origin>DABS</origin>
           <persons>
              <person>
                 <origin>RR</origin>
                 <nobilityFree/>
                 <birthPlace>
                    <municipalityCode>12010</municipalityCode>
                    <countryCode>150</countryCode>
                    <countryFreeText>test</countryFreeText>
                 </birthPlace>
                 <birthDate>
                    <day>11</day>
                    <month>1</month>
                    <year>1980</year>
                 </birthDate>
                 <firstname>Katrien</firstname>
                 <lastname>De Bondt</lastname>
                 <roles>
                    <role>SPOUSE_2</role>
                 </roles>
                 <personNumber>11234</personNumber>
              </person>
              <person>
                 <origin>RR</origin>
                 <nobilityFree/>
                 <birthPlace>
                    <municipalityFreeText>Budel</municipalityFreeText>
                    <countryCode>129</countryCode>
                    <countryFreeText>test</countryFreeText>
                 </birthPlace>
                 <birthDate>
                    <day>5</day>
                    <month>7</month>
                    <year>1979</year>
                 </birthDate>
                 <firstname>Bram Tonny Gerda</firstname>
                 <lastname>Van Huffel</lastname>
                 <roles>
                    <role>SPOUSE_1</role>
                 </roles>
                 <personNumber>1125000</personNumber>
              </person>
              <person>
                 <origin>RR</origin>
                 <birthPlace>
                    <municipalityCode>12007</municipalityCode>
                    <countryCode>150</countryCode>
                    <countryFreeText>test</countryFreeText>
                 </birthPlace>
                 <birthDate>
                    <day>1</day>
                    <month>4</month>
                    <year>1986</year>
                 </birthDate>
                 <firstname>Mounir</firstname>
                 <lastname>Ouchan</lastname>
                 <roles>
                    <role>ABS</role>
                 </roles>
                 <personNumber>86040128370</personNumber>
              </person>
           </persons>
           <oldDocumentReference>2018/33</oldDocumentReference>
           <docState>FINAL</docState>
        </document>
            </v1:saveOrUpdateDocument>
         </v1:request>
      </v1:saveOrUpdateDocumentRequest>
   </soapenv:Body>
</soapenv:Envelope>]]></con:request><con:credentials><con:selectedAuthProfile>Basic</con:selectedAuthProfile><con:addedBasicAuthenticationTypes>Basic</con:addedBasicAuthenticationTypes><con:authType>Global HTTP Settings</con:authType></con:credentials><con:jmsConfig JMSDeliveryMode="PERSISTENT"/><con:jmsPropertyConfig/><con:wsaConfig mustUnderstand="NONE" version="200508" action="http://fidus.brussels/services/civilstatusdocumentservice/saveOrUpdateDocument"/><con:wsrmConfig version="1.2"/></con:call><con:call id="41d5e90d-881b-4c15-8645-cbf86ab0919e" name="2 - Dev - Request" outgoingWss="Outflow DEV" incomingWss="Inflow DEV"><con:settings><con:setting id="com.eviware.soapui.impl.wsdl.WsdlRequest@request-headers">&lt;xml-fragment/></con:setting></con:settings><con:encoding>UTF-8</con:encoding><con:endpoint>https://192.168.36.61:8243/services/CivilStatusDocumentService_v1.0</con:endpoint><con:request><![CDATA[<soapenv:Envelope xmlns:soapenv="http://schemas.xmlsoap.org/soap/envelope/" xmlns:v1="http://fidus.brussels/service/civilstatusdocumentservice/messages/v1" xmlns:v11="http://fidus.brussels/type/common/messages/v1" xmlns:core="http://www.fgov.be/dabs/core">
   <soapenv:Header/>
   <soapenv:Body>
      <v1:saveOrUpdateDocumentRequest>
         <v1:messageContext>
           <v11:messageId>${=import static java.util.UUID.randomUUID; uuid = randomUUID() as String}</v11:messageId>
            <v11:timestamp>${=new java.text.SimpleDateFormat("yyyy-MM-dd'T'HH:mm:ss.SSS").format(new Date())}</v11:timestamp>
         </v1:messageContext>
         <v1:legalContext>ServiceIntegrator</v1:legalContext>
         <v1:request>
            <v1:language>fr</v1:language>
            <v1:saveOrUpdateDocument>
          <core:document xmlns:xsi="http://www.w3.org/2001/XMLSchema-instance" xsi:type="core:marriageCertificate">
           <core:attachments/>
           <core:certificateOriginType>FOREIGN_CERTIFICATE</core:certificateOriginType>
           <core:factDate>
              <core:day>22</core:day>
              <core:month>12</core:month>
              <core:year>2011</core:year>
           </core:factDate>
           <core:establishingDate>2018-07-17</core:establishingDate>
           <core:redactionPlace>
              <core:municipalityCode>12007</core:municipalityCode>
              <core:countryCode>150</core:countryCode>
              <core:countryFreeText>test</core:countryFreeText>
           </core:redactionPlace>
           <core:origin>DABS</core:origin>
           <core:persons>
              <core:person>
                 <core:origin>RR</core:origin>
                 <core:nobilityFree/>
                 <core:birthPlace>
                    <core:municipalityCode>12010</core:municipalityCode>
                    <core:countryCode>150</core:countryCode>
                    <core:countryFreeText>test</core:countryFreeText>
                 </core:birthPlace>
                 <core:birthDate>
                    <core:day>11</core:day>
                    <core:month>1</core:month>
                    <core:year>1980</core:year>
                 </core:birthDate>
                 <core:firstname>Katrien</core:firstname>
                 <core:lastname>De Bondt</core:lastname>
                 <core:roles>
                    <core:role>SPOUSE_2</core:role>
                 </core:roles>
                 <core:personNumber>11234</core:personNumber>
              </core:person>
              <core:person>
                 <core:origin>RR</core:origin>
                 <core:nobilityFree/>
                 <core:birthPlace>
                    <core:municipalityFreeText>Budel</core:municipalityFreeText>
                    <core:countryCode>129</core:countryCode>
                    <core:countryFreeText>test</core:countryFreeText>
                 </core:birthPlace>
                 <core:birthDate>
                    <core:day>5</core:day>
                    <core:month>7</core:month>
                    <core:year>1979</core:year>
                 </core:birthDate>
                 <core:firstname>Bram Tonny Gerda</core:firstname>
                 <core:lastname>Van Huffel</core:lastname>
                 <core:roles>
                    <core:role>SPOUSE_1</core:role>
                 </core:roles>
                 <core:personNumber>1125000</core:personNumber>
              </core:person>
              <core:person>
                 <core:origin>RR</core:origin>
                 <core:birthPlace>
                    <core:municipalityCode>12007</core:municipalityCode>
                    <core:countryCode>150</core:countryCode>
                    <core:countryFreeText>test</core:countryFreeText>
                 </core:birthPlace>
                 <core:birthDate>
                    <core:day>1</core:day>
                    <core:month>4</core:month>
                    <core:year>1986</core:year>
                 </core:birthDate>
                 <core:firstname>Mounir</core:firstname>
                 <core:lastname>Ouchan</core:lastname>
                 <core:roles>
                    <core:role>ABS</core:role>
                 </core:roles>
                 <core:personNumber>86040128370</core:personNumber>
              </core:person>
           </core:persons>
           <core:oldDocumentReference>2018/33</core:oldDocumentReference>
           <core:docState>FINAL</core:docState>
        </core:document>
            </v1:saveOrUpdateDocument>
         </v1:request>
      </v1:saveOrUpdateDocumentRequest>
   </soapenv:Body>
</soapenv:Envelope>]]></con:request><con:credentials><con:selectedAuthProfile>Basic</con:selectedAuthProfile><con:addedBasicAuthenticationTypes>Basic</con:addedBasicAuthenticationTypes><con:authType>Global HTTP Settings</con:authType></con:credentials><con:jmsConfig JMSDeliveryMode="PERSISTENT"/><con:jmsPropertyConfig/><con:wsaConfig mustUnderstand="NONE" version="200508" action="http://fidus.brussels/services/civilstatusdocumentservice/saveOrUpdateDocument"/><con:wsrmConfig version="1.2"/></con:call><con:call id="eac88628-b94e-4b74-8fef-f4dfc0a456b5" name="3 -Test - External - Request" outgoingWss="Outflow Test" incomingWss="Inflow Test"><con:settings><con:setting id="com.eviware.soapui.impl.wsdl.WsdlRequest@request-headers">&lt;xml-fragment/></con:setting></con:settings><con:encoding>UTF-8</con:encoding><con:endpoint>https://esb-security-gw.sta.srv.cirb.lan:8443/services/CivilStatusDocumentService_v1.0</con:endpoint><con:request><![CDATA[<soapenv:Envelope xmlns:soapenv="http://schemas.xmlsoap.org/soap/envelope/" xmlns:v1="http://fidus.brussels/service/civilstatusdocumentservice/messages/v1" xmlns:v11="http://fidus.brussels/type/common/messages/v1" xmlns:core="http://www.fgov.be/dabs/core">
   <soapenv:Header/>
   <soapenv:Body>
      <v1:saveOrUpdateDocumentRequest>
         <v1:messageContext>
           <v11:messageId>${=import static java.util.UUID.randomUUID; uuid = randomUUID() as String}</v11:messageId>
            <v11:timestamp>${=new java.text.SimpleDateFormat("yyyy-MM-dd'T'HH:mm:ss.SSS").format(new Date())}</v11:timestamp>
         </v1:messageContext>
         <v1:legalContext>ServiceIntegrator</v1:legalContext>
         <v1:request>
            <v1:language>fr</v1:language>
            <v1:saveOrUpdateDocument>
          <core:document xmlns:xsi="http://www.w3.org/2001/XMLSchema-instance" xsi:type="core:marriageCertificate">
           <core:attachments/>
           <core:certificateOriginType>FOREIGN_CERTIFICATE</core:certificateOriginType>
           <core:factDate>
              <core:day>22</core:day>
              <core:month>12</core:month>
              <core:year>2011</core:year>
           </core:factDate>
           <core:establishingDate>2018-07-17</core:establishingDate>
           <core:redactionPlace>
              <core:municipalityCode>12007</core:municipalityCode>
              <core:countryCode>150</core:countryCode>
              <core:countryFreeText>test</core:countryFreeText>
           </core:redactionPlace>
           <core:origin>DABS</core:origin>
           <core:persons>
              <core:person>
                 <core:origin>RR</core:origin>
                 <core:nobilityFree/>
                 <core:birthPlace>
                    <core:municipalityCode>12010</core:municipalityCode>
                    <core:countryCode>150</core:countryCode>
                    <core:countryFreeText>test</core:countryFreeText>
                 </core:birthPlace>
                 <core:birthDate>
                    <core:day>11</core:day>
                    <core:month>1</core:month>
                    <core:year>1980</core:year>
                 </core:birthDate>
                 <core:firstname>Katrien</core:firstname>
                 <core:lastname>De Bondt</core:lastname>
                 <core:roles>
                    <core:role>SPOUSE_2</core:role>
                 </core:roles>
                 <core:personNumber>11234</core:personNumber>
              </core:person>
              <core:person>
                 <core:origin>RR</core:origin>
                 <core:nobilityFree/>
                 <core:birthPlace>
                    <core:municipalityFreeText>Budel</core:municipalityFreeText>
                    <core:countryCode>129</core:countryCode>
                    <core:countryFreeText>test</core:countryFreeText>
                 </core:birthPlace>
                 <core:birthDate>
                    <core:day>5</core:day>
                    <core:month>7</core:month>
                    <core:year>1979</core:year>
                 </core:birthDate>
                 <core:firstname>Bram Tonny Gerda</core:firstname>
                 <core:lastname>Van Huffel</core:lastname>
                 <core:roles>
                    <core:role>SPOUSE_1</core:role>
                 </core:roles>
                 <core:personNumber>1125000</core:personNumber>
              </core:person>
              <core:person>
                 <core:origin>RR</core:origin>
                 <core:birthPlace>
                    <core:municipalityCode>12007</core:municipalityCode>
                    <core:countryCode>150</core:countryCode>
                    <core:countryFreeText>test</core:countryFreeText>
                 </core:birthPlace>
                 <core:birthDate>
                    <core:day>1</core:day>
                    <core:month>4</core:month>
                    <core:year>1986</core:year>
                 </core:birthDate>
                 <core:firstname>Mounir</core:firstname>
                 <core:lastname>Ouchan</core:lastname>
                 <core:roles>
                    <core:role>ABS</core:role>
                 </core:roles>
                 <core:personNumber>86040128370</core:personNumber>
              </core:person>
           </core:persons>
           <core:oldDocumentReference>2018/33</core:oldDocumentReference>
           <core:docState>FINAL</core:docState>
        </core:document>
            </v1:saveOrUpdateDocument>
         </v1:request>
      </v1:saveOrUpdateDocumentRequest>
   </soapenv:Body>
</soapenv:Envelope>]]></con:request><con:credentials><con:selectedAuthProfile>Basic</con:selectedAuthProfile><con:addedBasicAuthenticationTypes>Basic</con:addedBasicAuthenticationTypes><con:authType>Global HTTP Settings</con:authType></con:credentials><con:jmsConfig JMSDeliveryMode="PERSISTENT"/><con:jmsPropertyConfig/><con:wsaConfig mustUnderstand="NONE" version="200508" action="http://fidus.brussels/services/civilstatusdocumentservice/saveOrUpdateDocument"/><con:wsrmConfig version="1.2"/></con:call><con:call id="c70dcaac-cf0a-41d0-8b64-f89111c71cec" name="3 -Test - LB - Request" outgoingWss="Outflow Test" incomingWss="Inflow Test"><con:settings><con:setting id="com.eviware.soapui.impl.wsdl.WsdlRequest@request-headers">&lt;xml-fragment/></con:setting></con:settings><con:encoding>UTF-8</con:encoding><con:endpoint>https://fidus-test.irisnetlab.be/services/CivilStatusDocumentService_v1.0</con:endpoint><con:request><![CDATA[<soapenv:Envelope xmlns:soapenv="http://schemas.xmlsoap.org/soap/envelope/" xmlns:v1="http://fidus.brussels/service/civilstatusdocumentservice/messages/v1" xmlns:v11="http://fidus.brussels/type/common/messages/v1" xmlns:core="http://www.fgov.be/dabs/core">
   <soapenv:Header/>
   <soapenv:Body>
      <v1:saveOrUpdateDocumentRequest>
         <v1:messageContext>
           <v11:messageId>${=import static java.util.UUID.randomUUID; uuid = randomUUID() as String}</v11:messageId>
            <v11:timestamp>${=new java.text.SimpleDateFormat("yyyy-MM-dd'T'HH:mm:ss.SSS").format(new Date())}</v11:timestamp>
         </v1:messageContext>
         <v1:legalContext>ServiceIntegrator</v1:legalContext>
         <v1:request>
            <v1:language>fr</v1:language>
            <v1:saveOrUpdateDocument>
          <core:document xmlns:xsi="http://www.w3.org/2001/XMLSchema-instance" xsi:type="core:marriageCertificate">
           <core:attachments/>
           <core:certificateOriginType>FOREIGN_CERTIFICATE</core:certificateOriginType>
           <core:factDate>
              <core:day>22</core:day>
              <core:month>12</core:month>
              <core:year>2011</core:year>
           </core:factDate>
           <core:establishingDate>2018-07-17</core:establishingDate>
           <core:redactionPlace>
              <core:municipalityCode>12007</core:municipalityCode>
              <core:countryCode>150</core:countryCode>
              <core:countryFreeText>test</core:countryFreeText>
           </core:redactionPlace>
           <core:origin>DABS</core:origin>
           <core:persons>
              <core:person>
                 <core:origin>RR</core:origin>
                 <core:nobilityFree/>
                 <core:birthPlace>
                    <core:municipalityCode>12010</core:municipalityCode>
                    <core:countryCode>150</core:countryCode>
                    <core:countryFreeText>test</core:countryFreeText>
                 </core:birthPlace>
                 <core:birthDate>
                    <core:day>11</core:day>
                    <core:month>1</core:month>
                    <core:year>1980</core:year>
                 </core:birthDate>
                 <core:firstname>Katrien</core:firstname>
                 <core:lastname>De Bondt</core:lastname>
                 <core:roles>
                    <core:role>SPOUSE_2</core:role>
                 </core:roles>
                 <core:personNumber>11234</core:personNumber>
              </core:person>
              <core:person>
                 <core:origin>RR</core:origin>
                 <core:nobilityFree/>
                 <core:birthPlace>
                    <core:municipalityFreeText>Budel</core:municipalityFreeText>
                    <core:countryCode>129</core:countryCode>
                    <core:countryFreeText>test</core:countryFreeText>
                 </core:birthPlace>
                 <core:birthDate>
                    <core:day>5</core:day>
                    <core:month>7</core:month>
                    <core:year>1979</core:year>
                 </core:birthDate>
                 <core:firstname>Bram Tonny Gerda</core:firstname>
                 <core:lastname>Van Huffel</core:lastname>
                 <core:roles>
                    <core:role>SPOUSE_1</core:role>
                 </core:roles>
                 <core:personNumber>1125000</core:personNumber>
              </core:person>
              <core:person>
                 <core:origin>RR</core:origin>
                 <core:birthPlace>
                    <core:municipalityCode>12007</core:municipalityCode>
                    <core:countryCode>150</core:countryCode>
                    <core:countryFreeText>test</core:countryFreeText>
                 </core:birthPlace>
                 <core:birthDate>
                    <core:day>1</core:day>
                    <core:month>4</core:month>
                    <core:year>1986</core:year>
                 </core:birthDate>
                 <core:firstname>Mounir</core:firstname>
                 <core:lastname>Ouchan</core:lastname>
                 <core:roles>
                    <core:role>ABS</core:role>
                 </core:roles>
                 <core:personNumber>86040128370</core:personNumber>
              </core:person>
           </core:persons>
           <core:oldDocumentReference>2018/33</core:oldDocumentReference>
           <core:docState>FINAL</core:docState>
        </core:document>
            </v1:saveOrUpdateDocument>
         </v1:request>
      </v1:saveOrUpdateDocumentRequest>
   </soapenv:Body>
</soapenv:Envelope>]]></con:request><con:credentials><con:selectedAuthProfile>Basic</con:selectedAuthProfile><con:addedBasicAuthenticationTypes>Basic</con:addedBasicAuthenticationTypes><con:authType>Global HTTP Settings</con:authType></con:credentials><con:jmsConfig JMSDeliveryMode="PERSISTENT"/><con:jmsPropertyConfig/><con:wsaConfig mustUnderstand="NONE" version="200508" action="http://fidus.brussels/services/civilstatusdocumentservice/saveOrUpdateDocument"/><con:wsrmConfig version="1.2"/></con:call><con:call id="568b610f-610a-435c-83d4-602b881ef394" name="3 -Test - Worker1 - Request" outgoingWss="Outflow Test" incomingWss="Inflow Test"><con:settings><con:setting id="com.eviware.soapui.impl.wsdl.WsdlRequest@request-headers">&lt;xml-fragment/></con:setting></con:settings><con:encoding>UTF-8</con:encoding><con:endpoint>https://192.168.22.53:8443/services/CivilStatusDocumentService_v1.0</con:endpoint><con:request><![CDATA[<soapenv:Envelope xmlns:soapenv="http://schemas.xmlsoap.org/soap/envelope/" xmlns:v1="http://fidus.brussels/service/civilstatusdocumentservice/messages/v1" xmlns:v11="http://fidus.brussels/type/common/messages/v1" xmlns:core="http://www.fgov.be/dabs/core">
   <soapenv:Header/>
   <soapenv:Body>
      <v1:saveOrUpdateDocumentRequest>
         <v1:messageContext>
           <v11:messageId>${=import static java.util.UUID.randomUUID; uuid = randomUUID() as String}</v11:messageId>
            <v11:timestamp>${=new java.text.SimpleDateFormat("yyyy-MM-dd'T'HH:mm:ss.SSS").format(new Date())}</v11:timestamp>
         </v1:messageContext>
         <v1:legalContext>ServiceIntegrator</v1:legalContext>
         <v1:request>         
            <v1:language>fr</v1:language>
            <v1:municipalityCode>d1051</v1:municipalityCode>
            <v1:saveOrUpdateDocument>
          <document xmlns:xsi="http://www.w3.org/2001/XMLSchema-instance" xsi:type="core:marriageCertificate">
           <attachments/>
           <certificateOriginType>FOREIGN_CERTIFICATE</certificateOriginType>
           <factDate>
              <day>22</day>
              <month>12</month>
              <year>2011</year>
           </factDate>
           <establishingDate>2018-07-17</establishingDate>
           <redactionPlace>
              <municipalityCode>12007</municipalityCode>
              <countryCode>150</countryCode>
              <countryFreeText>test</countryFreeText>
           </redactionPlace>
           <origin>DABS</origin>
           <persons>
              <person>
                 <origin>RR</origin>
                 <nobilityFree/>
                 <birthPlace>
                    <municipalityCode>12010</municipalityCode>
                    <countryCode>150</countryCode>
                    <countryFreeText>test</countryFreeText>
                 </birthPlace>
                 <birthDate>
                    <day>11</day>
                    <month>1</month>
                    <year>1980</year>
                 </birthDate>
                 <firstname>Katrien</firstname>
                 <lastname>De Bondt</lastname>
                 <roles>
                    <role>SPOUSE_2</role>
                 </roles>
                 <personNumber>11234</personNumber>
              </person>
              <person>
                 <origin>RR</origin>
                 <nobilityFree/>
                 <birthPlace>
                    <municipalityFreeText>Budel</municipalityFreeText>
                    <countryCode>129</countryCode>
                    <countryFreeText>test</countryFreeText>
                 </birthPlace>
                 <birthDate>
                    <day>5</day>
                    <month>7</month>
                    <year>1979</year>
                 </birthDate>
                 <firstname>Bram Tonny Gerda</firstname>
                 <lastname>Van Huffel</lastname>
                 <roles>
                    <role>SPOUSE_1</role>
                 </roles>
                 <personNumber>1125000</personNumber>
              </person>
              <person>
                 <origin>RR</origin>
                 <birthPlace>
                    <municipalityCode>12007</municipalityCode>
                    <countryCode>150</countryCode>
                    <countryFreeText>test</countryFreeText>
                 </birthPlace>
                 <birthDate>
                    <day>1</day>
                    <month>4</month>
                    <year>1986</year>
                 </birthDate>
                 <firstname>Mounir</firstname>
                 <lastname>Ouchan</lastname>
                 <roles>
                    <role>ABS</role>
                 </roles>
                 <personNumber>86040128370</personNumber>
              </person>
           </persons>
           <oldDocumentReference>2018/33</oldDocumentReference>
           <docState>FINAL</docState>
        </document>
            </v1:saveOrUpdateDocument>
         </v1:request>
      </v1:saveOrUpdateDocumentRequest>
   </soapenv:Body>
</soapenv:Envelope>]]></con:request><con:credentials><con:selectedAuthProfile>Basic</con:selectedAuthProfile><con:addedBasicAuthenticationTypes>Basic</con:addedBasicAuthenticationTypes><con:authType>Global HTTP Settings</con:authType></con:credentials><con:jmsConfig JMSDeliveryMode="PERSISTENT"/><con:jmsPropertyConfig/><con:wsaConfig mustUnderstand="NONE" version="200508" action="http://fidus.brussels/services/civilstatusdocumentservice/saveOrUpdateDocument"/><con:wsrmConfig version="1.2"/></con:call><con:call id="e420b70a-f10d-45ec-802d-2b94b973f69c" name="3 -Test - Worker2 - Request" outgoingWss="Outflow Test" incomingWss="Inflow Test"><con:settings><con:setting id="com.eviware.soapui.impl.wsdl.WsdlRequest@request-headers">&lt;xml-fragment/></con:setting></con:settings><con:encoding>UTF-8</con:encoding><con:endpoint>https://192.168.22.54:8443/services/CivilStatusDocumentService_v1.0</con:endpoint><con:request><![CDATA[<soapenv:Envelope xmlns:soapenv="http://schemas.xmlsoap.org/soap/envelope/" xmlns:v1="http://fidus.brussels/service/civilstatusdocumentservice/messages/v1" xmlns:v11="http://fidus.brussels/type/common/messages/v1" xmlns:core="http://www.fgov.be/dabs/core">
   <soapenv:Header/>
   <soapenv:Body>
      <v1:saveOrUpdateDocumentRequest>
         <v1:messageContext>
           <v11:messageId>${=import static java.util.UUID.randomUUID; uuid = randomUUID() as String}</v11:messageId>
            <v11:timestamp>${=new java.text.SimpleDateFormat("yyyy-MM-dd'T'HH:mm:ss.SSS").format(new Date())}</v11:timestamp>
         </v1:messageContext>
         <v1:legalContext>ServiceIntegrator</v1:legalContext>
         <v1:request>         
            <v1:language>fr</v1:language>
            <v1:municipalityCode>d1051</v1:municipalityCode>
            <v1:saveOrUpdateDocument>
          <document xmlns:xsi="http://www.w3.org/2001/XMLSchema-instance" xsi:type="core:marriageCertificate">
           <attachments/>
           <certificateOriginType>FOREIGN_CERTIFICATE</certificateOriginType>
           <factDate>
              <day>22</day>
              <month>12</month>
              <year>2011</year>
           </factDate>
           <establishingDate>2018-07-17</establishingDate>
           <redactionPlace>
              <municipalityCode>12007</municipalityCode>
              <countryCode>150</countryCode>
              <countryFreeText>test</countryFreeText>
           </redactionPlace>
           <origin>DABS</origin>
           <persons>
              <person>
                 <origin>RR</origin>
                 <nobilityFree/>
                 <birthPlace>
                    <municipalityCode>12010</municipalityCode>
                    <countryCode>150</countryCode>
                    <countryFreeText>test</countryFreeText>
                 </birthPlace>
                 <birthDate>
                    <day>11</day>
                    <month>1</month>
                    <year>1980</year>
                 </birthDate>
                 <firstname>Katrien</firstname>
                 <lastname>De Bondt</lastname>
                 <roles>
                    <role>SPOUSE_2</role>
                 </roles>
                 <personNumber>11234</personNumber>
              </person>
              <person>
                 <origin>RR</origin>
                 <nobilityFree/>
                 <birthPlace>
                    <municipalityFreeText>Budel</municipalityFreeText>
                    <countryCode>129</countryCode>
                    <countryFreeText>test</countryFreeText>
                 </birthPlace>
                 <birthDate>
                    <day>5</day>
                    <month>7</month>
                    <year>1979</year>
                 </birthDate>
                 <firstname>Bram Tonny Gerda</firstname>
                 <lastname>Van Huffel</lastname>
                 <roles>
                    <role>SPOUSE_1</role>
                 </roles>
                 <personNumber>1125000</personNumber>
              </person>
              <person>
                 <origin>RR</origin>
                 <birthPlace>
                    <municipalityCode>12007</municipalityCode>
                    <countryCode>150</countryCode>
                    <countryFreeText>test</countryFreeText>
                 </birthPlace>
                 <birthDate>
                    <day>1</day>
                    <month>4</month>
                    <year>1986</year>
                 </birthDate>
                 <firstname>Mounir</firstname>
                 <lastname>Ouchan</lastname>
                 <roles>
                    <role>ABS</role>
                 </roles>
                 <personNumber>86040128370</personNumber>
              </person>
           </persons>
           <oldDocumentReference>2018/33</oldDocumentReference>
           <docState>FINAL</docState>
        </document>
            </v1:saveOrUpdateDocument>
         </v1:request>
      </v1:saveOrUpdateDocumentRequest>
   </soapenv:Body>
</soapenv:Envelope>]]></con:request><con:credentials><con:selectedAuthProfile>Basic</con:selectedAuthProfile><con:addedBasicAuthenticationTypes>Basic</con:addedBasicAuthenticationTypes><con:authType>Global HTTP Settings</con:authType></con:credentials><con:jmsConfig JMSDeliveryMode="PERSISTENT"/><con:jmsPropertyConfig/><con:wsaConfig mustUnderstand="NONE" version="200508" action="http://fidus.brussels/services/civilstatusdocumentservice/saveOrUpdateDocument"/><con:wsrmConfig version="1.2"/></con:call><con:call id="3278b14d-f8e4-44c9-a538-647ab0f321ab" name="4 - Staging - External - Request"><con:settings><con:setting id="com.eviware.soapui.impl.wsdl.WsdlRequest@request-headers">&lt;xml-fragment/></con:setting></con:settings><con:encoding>UTF-8</con:encoding><con:endpoint>https://fidus.irisnetlab.be/services/CivilStatusDocumentService_v1.0</con:endpoint><con:request><![CDATA[<soapenv:Envelope xmlns:soapenv="http://schemas.xmlsoap.org/soap/envelope/" xmlns:v1="http://fidus.brussels/service/civilstatusdocumentservice/messages/v1" xmlns:v11="http://fidus.brussels/type/common/messages/v1" xmlns:core="http://www.fgov.be/dabs/core">
   <soapenv:Header/>
   <soapenv:Body>
      <v1:saveOrUpdateDocumentRequest>
         <v1:messageContext>
           <v11:messageId>${=import static java.util.UUID.randomUUID; uuid = randomUUID() as String}</v11:messageId>
            <v11:timestamp>${=new java.text.SimpleDateFormat("yyyy-MM-dd'T'HH:mm:ss.SSS").format(new Date())}</v11:timestamp>
         </v1:messageContext>
         <v1:legalContext>ServiceIntegrator</v1:legalContext>
         <v1:request>         
            <v1:language>fr</v1:language>
            <v1:municipalityCode>d1051</v1:municipalityCode>
            <v1:saveOrUpdateDocument>
          <document xmlns:xsi="http://www.w3.org/2001/XMLSchema-instance" xsi:type="core:marriageCertificate">
           <attachments/>
           <certificateOriginType>FOREIGN_CERTIFICATE</certificateOriginType>
           <factDate>
              <day>22</day>
              <month>12</month>
              <year>2011</year>
           </factDate>
           <establishingDate>2018-07-17</establishingDate>
           <redactionPlace>
              <municipalityCode>12007</municipalityCode>
              <countryCode>150</countryCode>
              <countryFreeText>test</countryFreeText>
           </redactionPlace>
           <origin>DABS</origin>
           <persons>
              <person>
                 <origin>RR</origin>
                 <nobilityFree/>
                 <birthPlace>
                    <municipalityCode>12010</municipalityCode>
                    <countryCode>150</countryCode>
                    <countryFreeText>test</countryFreeText>
                 </birthPlace>
                 <birthDate>
                    <day>11</day>
                    <month>1</month>
                    <year>1980</year>
                 </birthDate>
                 <firstname>Katrien</firstname>
                 <lastname>De Bondt</lastname>
                 <roles>
                    <role>SPOUSE_2</role>
                 </roles>
                 <personNumber>11234</personNumber>
              </person>
              <person>
                 <origin>RR</origin>
                 <nobilityFree/>
                 <birthPlace>
                    <municipalityFreeText>Budel</municipalityFreeText>
                    <countryCode>129</countryCode>
                    <countryFreeText>test</countryFreeText>
                 </birthPlace>
                 <birthDate>
                    <day>5</day>
                    <month>7</month>
                    <year>1979</year>
                 </birthDate>
                 <firstname>Bram Tonny Gerda</firstname>
                 <lastname>Van Huffel</lastname>
                 <roles>
                    <role>SPOUSE_1</role>
                 </roles>
                 <personNumber>1125000</personNumber>
              </person>
              <person>
                 <origin>RR</origin>
                 <birthPlace>
                    <municipalityCode>12007</municipalityCode>
                    <countryCode>150</countryCode>
                    <countryFreeText>test</countryFreeText>
                 </birthPlace>
                 <birthDate>
                    <day>1</day>
                    <month>4</month>
                    <year>1986</year>
                 </birthDate>
                 <firstname>Mounir</firstname>
                 <lastname>Ouchan</lastname>
                 <roles>
                    <role>ABS</role>
                 </roles>
                 <personNumber>86040128370</personNumber>
              </person>
           </persons>
           <oldDocumentReference>2018/33</oldDocumentReference>
           <docState>FINAL</docState>
        </document>
            </v1:saveOrUpdateDocument>
         </v1:request>
      </v1:saveOrUpdateDocumentRequest>
   </soapenv:Body>
</soapenv:Envelope>]]></con:request><con:credentials><con:selectedAuthProfile>Basic</con:selectedAuthProfile><con:addedBasicAuthenticationTypes>Basic</con:addedBasicAuthenticationTypes><con:authType>Global HTTP Settings</con:authType></con:credentials><con:jmsConfig JMSDeliveryMode="PERSISTENT"/><con:jmsPropertyConfig/><con:wsaConfig mustUnderstand="NONE" version="200508" action="http://fidus.brussels/services/civilstatusdocumentservice/saveOrUpdateDocument"/><con:wsrmConfig version="1.2"/></con:call><con:call id="55a9ee53-6a25-464a-890f-a2e8c8e817b1" name="4 - Staging - LB - Request"><con:settings><con:setting id="com.eviware.soapui.impl.wsdl.WsdlRequest@request-headers">&lt;xml-fragment/></con:setting></con:settings><con:encoding>UTF-8</con:encoding><con:endpoint>https://fidus-esb-sg.sta.srv.cirb.lan:8443/services/CivilStatusDocumentService_v1.0</con:endpoint><con:request><![CDATA[<soapenv:Envelope xmlns:soapenv="http://schemas.xmlsoap.org/soap/envelope/" xmlns:v1="http://fidus.brussels/service/civilstatusdocumentservice/messages/v1" xmlns:v11="http://fidus.brussels/type/common/messages/v1" xmlns:core="http://www.fgov.be/dabs/core">
   <soapenv:Header/>
   <soapenv:Body>
      <v1:saveOrUpdateDocumentRequest>
         <v1:messageContext>
           <v11:messageId>${=import static java.util.UUID.randomUUID; uuid = randomUUID() as String}</v11:messageId>
            <v11:timestamp>${=new java.text.SimpleDateFormat("yyyy-MM-dd'T'HH:mm:ss.SSS").format(new Date())}</v11:timestamp>
         </v1:messageContext>
         <v1:legalContext>ServiceIntegrator</v1:legalContext>
         <v1:request>         
            <v1:language>fr</v1:language>
            <v1:municipalityCode>d1051</v1:municipalityCode>
            <v1:saveOrUpdateDocument>
          <document xmlns:xsi="http://www.w3.org/2001/XMLSchema-instance" xsi:type="core:marriageCertificate">
           <attachments/>
           <certificateOriginType>FOREIGN_CERTIFICATE</certificateOriginType>
           <factDate>
              <day>22</day>
              <month>12</month>
              <year>2011</year>
           </factDate>
           <establishingDate>2018-07-17</establishingDate>
           <redactionPlace>
              <municipalityCode>12007</municipalityCode>
              <countryCode>150</countryCode>
              <countryFreeText>test</countryFreeText>
           </redactionPlace>
           <origin>DABS</origin>
           <persons>
              <person>
                 <origin>RR</origin>
                 <nobilityFree/>
                 <birthPlace>
                    <municipalityCode>12010</municipalityCode>
                    <countryCode>150</countryCode>
                    <countryFreeText>test</countryFreeText>
                 </birthPlace>
                 <birthDate>
                    <day>11</day>
                    <month>1</month>
                    <year>1980</year>
                 </birthDate>
                 <firstname>Katrien</firstname>
                 <lastname>De Bondt</lastname>
                 <roles>
                    <role>SPOUSE_2</role>
                 </roles>
                 <personNumber>11234</personNumber>
              </person>
              <person>
                 <origin>RR</origin>
                 <nobilityFree/>
                 <birthPlace>
                    <municipalityFreeText>Budel</municipalityFreeText>
                    <countryCode>129</countryCode>
                    <countryFreeText>test</countryFreeText>
                 </birthPlace>
                 <birthDate>
                    <day>5</day>
                    <month>7</month>
                    <year>1979</year>
                 </birthDate>
                 <firstname>Bram Tonny Gerda</firstname>
                 <lastname>Van Huffel</lastname>
                 <roles>
                    <role>SPOUSE_1</role>
                 </roles>
                 <personNumber>1125000</personNumber>
              </person>
              <person>
                 <origin>RR</origin>
                 <birthPlace>
                    <municipalityCode>12007</municipalityCode>
                    <countryCode>150</countryCode>
                    <countryFreeText>test</countryFreeText>
                 </birthPlace>
                 <birthDate>
                    <day>1</day>
                    <month>4</month>
                    <year>1986</year>
                 </birthDate>
                 <firstname>Mounir</firstname>
                 <lastname>Ouchan</lastname>
                 <roles>
                    <role>ABS</role>
                 </roles>
                 <personNumber>86040128370</personNumber>
              </person>
           </persons>
           <oldDocumentReference>2018/33</oldDocumentReference>
           <docState>FINAL</docState>
        </document>
            </v1:saveOrUpdateDocument>
         </v1:request>
      </v1:saveOrUpdateDocumentRequest>
   </soapenv:Body>
</soapenv:Envelope>]]></con:request><con:credentials><con:selectedAuthProfile>Basic</con:selectedAuthProfile><con:addedBasicAuthenticationTypes>Basic</con:addedBasicAuthenticationTypes><con:authType>Global HTTP Settings</con:authType></con:credentials><con:jmsConfig JMSDeliveryMode="PERSISTENT"/><con:jmsPropertyConfig/><con:wsaConfig mustUnderstand="NONE" version="200508" action="http://fidus.brussels/services/civilstatusdocumentservice/saveOrUpdateDocument"/><con:wsrmConfig version="1.2"/></con:call><con:call id="9a768038-f6ad-420e-bf65-e848ab45ac45" name="4 - Staging - Worker1 - Request" outgoingWss="Outflow Staging" incomingWss="inflow staging"><con:settings><con:setting id="com.eviware.soapui.impl.wsdl.WsdlRequest@request-headers">&lt;xml-fragment/></con:setting></con:settings><con:encoding>UTF-8</con:encoding><con:endpoint>https://192.168.24.16:8443/services/CivilStatusDocumentService_v1.0</con:endpoint><con:request><![CDATA[<soapenv:Envelope xmlns:soapenv="http://schemas.xmlsoap.org/soap/envelope/" xmlns:v1="http://fidus.brussels/service/civilstatusdocumentservice/messages/v1" xmlns:v11="http://fidus.brussels/type/common/messages/v1" xmlns:core="http://www.fgov.be/dabs/core">
   <soapenv:Header/>
   <soapenv:Body>
      <v1:saveOrUpdateDocumentRequest>
         <v1:messageContext>
           <v11:messageId>${=import static java.util.UUID.randomUUID; uuid = randomUUID() as String}</v11:messageId>
            <v11:timestamp>${=new java.text.SimpleDateFormat("yyyy-MM-dd'T'HH:mm:ss.SSS").format(new Date())}</v11:timestamp>
         </v1:messageContext>
         <v1:legalContext>ServiceIntegrator</v1:legalContext>
         <v1:request>         
            <v1:language>fr</v1:language>
            <v1:municipalityCode>d1051</v1:municipalityCode>
            <v1:saveOrUpdateDocument>
          <document xmlns:xsi="http://www.w3.org/2001/XMLSchema-instance" xsi:type="core:marriageCertificate">
           <attachments/>
           <certificateOriginType>FOREIGN_CERTIFICATE</certificateOriginType>
           <factDate>
              <day>22</day>
              <month>12</month>
              <year>2011</year>
           </factDate>
           <establishingDate>2018-07-17</establishingDate>
           <redactionPlace>
              <municipalityCode>12007</municipalityCode>
              <countryCode>150</countryCode>
              <countryFreeText>test</countryFreeText>
           </redactionPlace>
           <origin>DABS</origin>
           <persons>
              <person>
                 <origin>RR</origin>
                 <nobilityFree/>
                 <birthPlace>
                    <municipalityCode>12010</municipalityCode>
                    <countryCode>150</countryCode>
                    <countryFreeText>test</countryFreeText>
                 </birthPlace>
                 <birthDate>
                    <day>11</day>
                    <month>1</month>
                    <year>1980</year>
                 </birthDate>
                 <firstname>Katrien</firstname>
                 <lastname>De Bondt</lastname>
                 <roles>
                    <role>SPOUSE_2</role>
                 </roles>
                 <personNumber>11234</personNumber>
              </person>
              <person>
                 <origin>RR</origin>
                 <nobilityFree/>
                 <birthPlace>
                    <municipalityFreeText>Budel</municipalityFreeText>
                    <countryCode>129</countryCode>
                    <countryFreeText>test</countryFreeText>
                 </birthPlace>
                 <birthDate>
                    <day>5</day>
                    <month>7</month>
                    <year>1979</year>
                 </birthDate>
                 <firstname>Bram Tonny Gerda</firstname>
                 <lastname>Van Huffel</lastname>
                 <roles>
                    <role>SPOUSE_1</role>
                 </roles>
                 <personNumber>1125000</personNumber>
              </person>
              <person>
                 <origin>RR</origin>
                 <birthPlace>
                    <municipalityCode>12007</municipalityCode>
                    <countryCode>150</countryCode>
                    <countryFreeText>test</countryFreeText>
                 </birthPlace>
                 <birthDate>
                    <day>1</day>
                    <month>4</month>
                    <year>1986</year>
                 </birthDate>
                 <firstname>Mounir</firstname>
                 <lastname>Ouchan</lastname>
                 <roles>
                    <role>ABS</role>
                 </roles>
                 <personNumber>86040128370</personNumber>
              </person>
           </persons>
           <oldDocumentReference>2018/33</oldDocumentReference>
           <docState>FINAL</docState>
        </document>
            </v1:saveOrUpdateDocument>
         </v1:request>
      </v1:saveOrUpdateDocumentRequest>
   </soapenv:Body>
</soapenv:Envelope>]]></con:request><con:credentials><con:selectedAuthProfile>Basic</con:selectedAuthProfile><con:addedBasicAuthenticationTypes>Basic</con:addedBasicAuthenticationTypes><con:authType>Global HTTP Settings</con:authType></con:credentials><con:jmsConfig JMSDeliveryMode="PERSISTENT"/><con:jmsPropertyConfig/><con:wsaConfig mustUnderstand="NONE" version="200508" action="http://fidus.brussels/services/civilstatusdocumentservice/saveOrUpdateDocument"/><con:wsrmConfig version="1.2"/></con:call><con:call id="47ddaad0-3b20-49bf-9c3f-271d3d4b3e56" name="4 - Staging - Worker2 - Request" outgoingWss="Outflow Staging" incomingWss="inflow staging"><con:settings><con:setting id="com.eviware.soapui.impl.wsdl.WsdlRequest@request-headers">&lt;xml-fragment/></con:setting></con:settings><con:encoding>UTF-8</con:encoding><con:endpoint>https://192.168.24.17:8443/services/CivilStatusDocumentService_v1.0</con:endpoint><con:request><![CDATA[<soapenv:Envelope xmlns:soapenv="http://schemas.xmlsoap.org/soap/envelope/" xmlns:v1="http://fidus.brussels/service/civilstatusdocumentservice/messages/v1" xmlns:v11="http://fidus.brussels/type/common/messages/v1" xmlns:core="http://www.fgov.be/dabs/core">
   <soapenv:Header/>
   <soapenv:Body>
      <v1:saveOrUpdateDocumentRequest>
         <v1:messageContext>
           <v11:messageId>${=import static java.util.UUID.randomUUID; uuid = randomUUID() as String}</v11:messageId>
            <v11:timestamp>${=new java.text.SimpleDateFormat("yyyy-MM-dd'T'HH:mm:ss.SSS").format(new Date())}</v11:timestamp>
         </v1:messageContext>
         <v1:legalContext>ServiceIntegrator</v1:legalContext>
         <v1:request>         
            <v1:language>fr</v1:language>
            <v1:municipalityCode>d1051</v1:municipalityCode>
            <v1:saveOrUpdateDocument>
          <document xmlns:xsi="http://www.w3.org/2001/XMLSchema-instance" xsi:type="core:marriageCertificate">
           <attachments/>
           <certificateOriginType>FOREIGN_CERTIFICATE</certificateOriginType>
           <factDate>
              <day>22</day>
              <month>12</month>
              <year>2011</year>
           </factDate>
           <establishingDate>2018-07-17</establishingDate>
           <redactionPlace>
              <municipalityCode>12007</municipalityCode>
              <countryCode>150</countryCode>
              <countryFreeText>test</countryFreeText>
           </redactionPlace>
           <origin>DABS</origin>
           <persons>
              <person>
                 <origin>RR</origin>
                 <nobilityFree/>
                 <birthPlace>
                    <municipalityCode>12010</municipalityCode>
                    <countryCode>150</countryCode>
                    <countryFreeText>test</countryFreeText>
                 </birthPlace>
                 <birthDate>
                    <day>11</day>
                    <month>1</month>
                    <year>1980</year>
                 </birthDate>
                 <firstname>Katrien</firstname>
                 <lastname>De Bondt</lastname>
                 <roles>
                    <role>SPOUSE_2</role>
                 </roles>
                 <personNumber>11234</personNumber>
              </person>
              <person>
                 <origin>RR</origin>
                 <nobilityFree/>
                 <birthPlace>
                    <municipalityFreeText>Budel</municipalityFreeText>
                    <countryCode>129</countryCode>
                    <countryFreeText>test</countryFreeText>
                 </birthPlace>
                 <birthDate>
                    <day>5</day>
                    <month>7</month>
                    <year>1979</year>
                 </birthDate>
                 <firstname>Bram Tonny Gerda</firstname>
                 <lastname>Van Huffel</lastname>
                 <roles>
                    <role>SPOUSE_1</role>
                 </roles>
                 <personNumber>1125000</personNumber>
              </person>
              <person>
                 <origin>RR</origin>
                 <birthPlace>
                    <municipalityCode>12007</municipalityCode>
                    <countryCode>150</countryCode>
                    <countryFreeText>test</countryFreeText>
                 </birthPlace>
                 <birthDate>
                    <day>1</day>
                    <month>4</month>
                    <year>1986</year>
                 </birthDate>
                 <firstname>Mounir</firstname>
                 <lastname>Ouchan</lastname>
                 <roles>
                    <role>ABS</role>
                 </roles>
                 <personNumber>86040128370</personNumber>
              </person>
           </persons>
           <oldDocumentReference>2018/33</oldDocumentReference>
           <docState>FINAL</docState>
        </document>
            </v1:saveOrUpdateDocument>
         </v1:request>
      </v1:saveOrUpdateDocumentRequest>
   </soapenv:Body>
</soapenv:Envelope>]]></con:request><con:credentials><con:selectedAuthProfile>Basic</con:selectedAuthProfile><con:addedBasicAuthenticationTypes>Basic</con:addedBasicAuthenticationTypes><con:authType>Global HTTP Settings</con:authType></con:credentials><con:jmsConfig JMSDeliveryMode="PERSISTENT"/><con:jmsPropertyConfig/><con:wsaConfig mustUnderstand="NONE" version="200508" action="http://fidus.brussels/services/civilstatusdocumentservice/saveOrUpdateDocument"/><con:wsrmConfig version="1.2"/></con:call></con:operation><con:operation id="99bb701f-0590-4d63-baed-ef24b3dbb6da" isOneWay="false" action="http://fidus.brussels/services/civilstatusdocumentservice/searchDocument" name="searchDocument" bindingOperationName="searchDocument" type="Request-Response" inputName="" receivesAttachments="false" sendsAttachments="false" anonymous="optional"><con:settings/><con:call id="7f620153-d30d-462b-b3ec-62dcf1ccaeb6" name="1 - Local - Request" outgoingWss="Outflow DEV" incomingWss="Inflow DEV"><con:settings><con:setting id="com.eviware.soapui.impl.wsdl.WsdlRequest@request-headers">&lt;xml-fragment/></con:setting></con:settings><con:encoding>UTF-8</con:encoding><con:endpoint>https://192.168.22.53:8443/services/CivilStatusDocumentService_v1.0</con:endpoint><con:request><![CDATA[<soapenv:Envelope xmlns:soapenv="http://schemas.xmlsoap.org/soap/envelope/" xmlns:v1="http://fidus.brussels/service/civilstatusdocumentservice/messages/v1" xmlns:v11="http://fidus.brussels/type/common/messages/v1" xmlns:core="http://www.fgov.be/dabs/core">
   <soapenv:Header/>
   <soapenv:Body>
      <v1:searchDocumentRequest>
         <v1:messageContext>
           <v11:messageId>${=import static java.util.UUID.randomUUID; uuid = randomUUID() as String}</v11:messageId>
            <v11:timestamp>${=new java.text.SimpleDateFormat("yyyy-MM-dd'T'HH:mm:ss.SSS").format(new Date())}</v11:timestamp>
         </v1:messageContext>
         <v1:legalContext>ServiceIntegrator</v1:legalContext>
         <v1:request>
            <v1:language>fr</v1:language>
            <v1:municipalityCode>d1051</v1:municipalityCode>
            <v1:searchDocument>
               <documentSearch>
                  <type>MARRIAGE_CERTIFICATE</type>
                  <state>FINAL</state>
                  <factDate>
                     <day>15</day>
                     <month>12</month>
                     <year>2011</year>
                  </factDate>
                  <personNumber>11234</personNumber>
                  <firstname>Katrien</firstname>
                  <lastname>De Bondt</lastname>
                  <birthDate>
                     <day>11</day>
                     <month>1</month>
                     <year>1980</year>
                  </birthDate>
                  <!--Optional:-->
                  <!--placeOfOrigin>?</placeOfOrigin-->
                  <searchInRrn>false</searchInRrn>
               </documentSearch>
            </v1:searchDocument>
         </v1:request>
      </v1:searchDocumentRequest>
   </soapenv:Body>
</soapenv:Envelope>]]></con:request><con:credentials><con:selectedAuthProfile>Basic</con:selectedAuthProfile><con:addedBasicAuthenticationTypes>Basic</con:addedBasicAuthenticationTypes><con:authType>Global HTTP Settings</con:authType></con:credentials><con:jmsConfig JMSDeliveryMode="PERSISTENT"/><con:jmsPropertyConfig/><con:wsaConfig mustUnderstand="NONE" version="200508" action="http://fidus.brussels/services/civilstatusdocumentservice/searchDocument"/><con:wsrmConfig version="1.2"/></con:call><con:call id="a1c2d795-7d11-4073-9a7f-a6d6c438b355" name="2 - Dev - Request" outgoingWss="Outflow DEV" incomingWss="Inflow DEV"><con:settings><con:setting id="com.eviware.soapui.impl.wsdl.WsdlRequest@request-headers">&lt;xml-fragment/></con:setting></con:settings><con:encoding>UTF-8</con:encoding><con:endpoint>https://192.168.36.61:8243/services/CivilStatusDocumentService_v1.0</con:endpoint><con:request><![CDATA[<soapenv:Envelope xmlns:soapenv="http://schemas.xmlsoap.org/soap/envelope/" xmlns:v1="http://fidus.brussels/service/civilstatusdocumentservice/messages/v1" xmlns:v11="http://fidus.brussels/type/common/messages/v1" xmlns:core="http://www.fgov.be/dabs/core">
   <soapenv:Header/>
   <soapenv:Body>
      <v1:searchDocumentRequest>
         <v1:messageContext>
           <v11:messageId>${=import static java.util.UUID.randomUUID; uuid = randomUUID() as String}</v11:messageId>
            <v11:timestamp>${=new java.text.SimpleDateFormat("yyyy-MM-dd'T'HH:mm:ss.SSS").format(new Date())}</v11:timestamp>
         </v1:messageContext>
         <v1:legalContext>ServiceIntegrator</v1:legalContext>
         <v1:request>
            <v1:language>fr</v1:language>
            <v1:municipalityCode>d1051</v1:municipalityCode>
            <v1:searchDocument>
               <documentSearch>
                  <type>MARRIAGE_CERTIFICATE</type>
                  <state>FINAL</state>
                  <factDate>
                     <day>15</day>
                     <month>12</month>
                     <year>2011</year>
                  </factDate>
                  <personNumber>11234</personNumber>
                  <firstname>Katrien</firstname>
                  <lastname>De Bondt</lastname>
                  <birthDate>
                     <day>11</day>
                     <month>1</month>
                     <year>1980</year>
                  </birthDate>
                  <!--Optional:-->
                  <!--placeOfOrigin>?</placeOfOrigin-->
                  <searchInRrn>false</searchInRrn>
               </documentSearch>
            </v1:searchDocument>
         </v1:request>
      </v1:searchDocumentRequest>
   </soapenv:Body>
</soapenv:Envelope>]]></con:request><con:credentials><con:selectedAuthProfile>Basic</con:selectedAuthProfile><con:addedBasicAuthenticationTypes>Basic</con:addedBasicAuthenticationTypes><con:authType>Global HTTP Settings</con:authType></con:credentials><con:jmsConfig JMSDeliveryMode="PERSISTENT"/><con:jmsPropertyConfig/><con:wsaConfig mustUnderstand="NONE" version="200508" action="http://fidus.brussels/services/civilstatusdocumentservice/searchDocument"/><con:wsrmConfig version="1.2"/></con:call><con:call id="0cea230c-a47a-45b1-968f-49ab049fe144" name="3 -Test - External - Request" outgoingWss="Outflow Test" incomingWss="Inflow Test"><con:settings><con:setting id="com.eviware.soapui.impl.wsdl.WsdlRequest@request-headers">&lt;xml-fragment/></con:setting></con:settings><con:encoding>UTF-8</con:encoding><con:endpoint>https://esb-security-gw.sta.srv.cirb.lan:8443/services/CivilStatusDocumentService_v1.0</con:endpoint><con:request><![CDATA[<soapenv:Envelope xmlns:soapenv="http://schemas.xmlsoap.org/soap/envelope/" xmlns:v1="http://fidus.brussels/service/civilstatusdocumentservice/messages/v1" xmlns:v11="http://fidus.brussels/type/common/messages/v1" xmlns:core="http://www.fgov.be/dabs/core">
   <soapenv:Header/>
   <soapenv:Body>
      <v1:searchDocumentRequest>
         <v1:messageContext>
           <v11:messageId>${=import static java.util.UUID.randomUUID; uuid = randomUUID() as String}</v11:messageId>
            <v11:timestamp>${=new java.text.SimpleDateFormat("yyyy-MM-dd'T'HH:mm:ss.SSS").format(new Date())}</v11:timestamp>
         </v1:messageContext>
         <v1:legalContext>ServiceIntegrator</v1:legalContext>
         <v1:request>
            <v1:language>fr</v1:language>
            <v1:searchDocument>
               <core:documentSearch>
                  <core:type>MARRIAGE_CERTIFICATE</core:type>
                  <core:state>FINAL</core:state>
                  <core:factDate>
                     <core:day>15</core:day>
                     <core:month>12</core:month>
                     <core:year>2011</core:year>
                  </core:factDate>
                  <core:personNumber>11234</core:personNumber>
                  <core:firstname>Katrien</core:firstname>
                  <core:lastname>De Bondt</core:lastname>
                  <core:birthDate>
                     <core:day>11</core:day>
                     <core:month>1</core:month>
                     <core:year>1980</core:year>
                  </core:birthDate>
                  <!--Optional:-->
                  <!--core:placeOfOrigin>?</core:placeOfOrigin-->
                  <core:searchInRrn>false</core:searchInRrn>
               </core:documentSearch>
            </v1:searchDocument>
         </v1:request>
      </v1:searchDocumentRequest>
   </soapenv:Body>
</soapenv:Envelope>]]></con:request><con:credentials><con:selectedAuthProfile>Basic</con:selectedAuthProfile><con:addedBasicAuthenticationTypes>Basic</con:addedBasicAuthenticationTypes><con:authType>Global HTTP Settings</con:authType></con:credentials><con:jmsConfig JMSDeliveryMode="PERSISTENT"/><con:jmsPropertyConfig/><con:wsaConfig mustUnderstand="NONE" version="200508" action="http://fidus.brussels/services/civilstatusdocumentservice/searchDocument"/><con:wsrmConfig version="1.2"/></con:call><con:call id="2e1fa32d-685a-4a7e-ad0a-81149e806a8a" name="3 -Test - LB - Request" outgoingWss="Outflow Test" incomingWss="Inflow Test"><con:settings><con:setting id="com.eviware.soapui.impl.wsdl.WsdlRequest@request-headers">&lt;xml-fragment/></con:setting></con:settings><con:encoding>UTF-8</con:encoding><con:endpoint>https://fidus-test.irisnetlab.be/services/CivilStatusDocumentService_v1.0</con:endpoint><con:request><![CDATA[<soapenv:Envelope xmlns:soapenv="http://schemas.xmlsoap.org/soap/envelope/" xmlns:v1="http://fidus.brussels/service/civilstatusdocumentservice/messages/v1" xmlns:v11="http://fidus.brussels/type/common/messages/v1" xmlns:core="http://www.fgov.be/dabs/core">
   <soapenv:Header/>
   <soapenv:Body>
      <v1:searchDocumentRequest>
         <v1:messageContext>
           <v11:messageId>${=import static java.util.UUID.randomUUID; uuid = randomUUID() as String}</v11:messageId>
            <v11:timestamp>${=new java.text.SimpleDateFormat("yyyy-MM-dd'T'HH:mm:ss.SSS").format(new Date())}</v11:timestamp>
         </v1:messageContext>
         <v1:legalContext>ServiceIntegrator</v1:legalContext>
         <v1:request>
            <v1:language>fr</v1:language>
            <v1:searchDocument>
               <core:documentSearch>
                  <core:type>MARRIAGE_CERTIFICATE</core:type>
                  <core:state>FINAL</core:state>
                  <core:factDate>
                     <core:day>15</core:day>
                     <core:month>12</core:month>
                     <core:year>2011</core:year>
                  </core:factDate>
                  <core:personNumber>11234</core:personNumber>
                  <core:firstname>Katrien</core:firstname>
                  <core:lastname>De Bondt</core:lastname>
                  <core:birthDate>
                     <core:day>11</core:day>
                     <core:month>1</core:month>
                     <core:year>1980</core:year>
                  </core:birthDate>
                  <!--Optional:-->
                  <!--core:placeOfOrigin>?</core:placeOfOrigin-->
                  <core:searchInRrn>false</core:searchInRrn>
               </core:documentSearch>
            </v1:searchDocument>
         </v1:request>
      </v1:searchDocumentRequest>
   </soapenv:Body>
</soapenv:Envelope>]]></con:request><con:credentials><con:selectedAuthProfile>Basic</con:selectedAuthProfile><con:addedBasicAuthenticationTypes>Basic</con:addedBasicAuthenticationTypes><con:authType>Global HTTP Settings</con:authType></con:credentials><con:jmsConfig JMSDeliveryMode="PERSISTENT"/><con:jmsPropertyConfig/><con:wsaConfig mustUnderstand="NONE" version="200508" action="http://fidus.brussels/services/civilstatusdocumentservice/searchDocument"/><con:wsrmConfig version="1.2"/></con:call><con:call id="23011db4-6b4e-4bd1-9ffd-4df1f4553744" name="3 -Test - Worker1 - Request" outgoingWss="Outflow Test" incomingWss="Inflow Test"><con:settings><con:setting id="com.eviware.soapui.impl.wsdl.WsdlRequest@request-headers">&lt;xml-fragment/></con:setting></con:settings><con:encoding>UTF-8</con:encoding><con:endpoint>https://192.168.22.53:8443/services/CivilStatusDocumentService_v1.0</con:endpoint><con:request><![CDATA[<soapenv:Envelope xmlns:soapenv="http://schemas.xmlsoap.org/soap/envelope/" xmlns:v1="http://fidus.brussels/service/civilstatusdocumentservice/messages/v1" xmlns:v11="http://fidus.brussels/type/common/messages/v1" xmlns:core="http://www.fgov.be/dabs/core">
   <soapenv:Header/>
   <soapenv:Body>
      <v1:searchDocumentRequest>
         <v1:messageContext>
           <v11:messageId>${=import static java.util.UUID.randomUUID; uuid = randomUUID() as String}</v11:messageId>
            <v11:timestamp>${=new java.text.SimpleDateFormat("yyyy-MM-dd'T'HH:mm:ss.SSS").format(new Date())}</v11:timestamp>
         </v1:messageContext>
         <v1:legalContext>ServiceIntegrator</v1:legalContext>
         <v1:request>
            <v1:language>fr</v1:language>
            <v1:municipalityCode>d1051</v1:municipalityCode>
            <v1:searchDocument>
               <documentSearch>
                  <type>MARRIAGE_CERTIFICATE</type>
                  <state>FINAL</state>
                  <factDate>
                     <day>15</day>
                     <month>12</month>
                     <year>2011</year>
                  </factDate>
                  <personNumber>11234</personNumber>
                  <firstname>Katrien</firstname>
                  <lastname>De Bondt</lastname>
                  <birthDate>
                     <day>11</day>
                     <month>1</month>
                     <year>1980</year>
                  </birthDate>
                  <!--Optional:-->
                  <searchInRrn>false</searchInRrn>
               </documentSearch>
            </v1:searchDocument>
         </v1:request>
      </v1:searchDocumentRequest>
   </soapenv:Body>
</soapenv:Envelope>]]></con:request><con:credentials><con:selectedAuthProfile>Basic</con:selectedAuthProfile><con:addedBasicAuthenticationTypes>Basic</con:addedBasicAuthenticationTypes><con:authType>Global HTTP Settings</con:authType></con:credentials><con:jmsConfig JMSDeliveryMode="PERSISTENT"/><con:jmsPropertyConfig/><con:wsaConfig mustUnderstand="NONE" version="200508" action="http://fidus.brussels/services/civilstatusdocumentservice/searchDocument"/><con:wsrmConfig version="1.2"/></con:call><con:call id="575fc8d9-47f9-4a86-8ab3-2a814b82258d" name="3 -Test - Worker2 - Request" outgoingWss="Outflow Test" incomingWss="Inflow Test"><con:settings><con:setting id="com.eviware.soapui.impl.wsdl.WsdlRequest@request-headers">&lt;xml-fragment/></con:setting></con:settings><con:encoding>UTF-8</con:encoding><con:endpoint>https://192.168.22.54:8443/services/CivilStatusDocumentService_v1.0</con:endpoint><con:request><![CDATA[<soapenv:Envelope xmlns:soapenv="http://schemas.xmlsoap.org/soap/envelope/" xmlns:v1="http://fidus.brussels/service/civilstatusdocumentservice/messages/v1" xmlns:v11="http://fidus.brussels/type/common/messages/v1" xmlns:core="http://www.fgov.be/dabs/core">
   <soapenv:Header/>
   <soapenv:Body>
      <v1:searchDocumentRequest>
         <v1:messageContext>
           <v11:messageId>${=import static java.util.UUID.randomUUID; uuid = randomUUID() as String}</v11:messageId>
            <v11:timestamp>${=new java.text.SimpleDateFormat("yyyy-MM-dd'T'HH:mm:ss.SSS").format(new Date())}</v11:timestamp>
         </v1:messageContext>
         <v1:legalContext>ServiceIntegrator</v1:legalContext>
         <v1:request>
            <v1:language>fr</v1:language>
            <v1:municipalityCode>d1051</v1:municipalityCode>
            <v1:searchDocument>
               <documentSearch>
                  <type>MARRIAGE_CERTIFICATE</type>
                  <state>FINAL</state>
                  <factDate>
                     <day>15</day>
                     <month>12</month>
                     <year>2011</year>
                  </factDate>
                  <personNumber>11234</personNumber>
                  <firstname>Katrien</firstname>
                  <lastname>De Bondt</lastname>
                  <birthDate>
                     <day>11</day>
                     <month>1</month>
                     <year>1980</year>
                  </birthDate>
                  <!--Optional:-->
                  <!--placeOfOrigin>?</placeOfOrigin-->
                  <searchInRrn>false</searchInRrn>
               </documentSearch>
            </v1:searchDocument>
         </v1:request>
      </v1:searchDocumentRequest>
   </soapenv:Body>
</soapenv:Envelope>]]></con:request><con:credentials><con:selectedAuthProfile>Basic</con:selectedAuthProfile><con:addedBasicAuthenticationTypes>Basic</con:addedBasicAuthenticationTypes><con:authType>Global HTTP Settings</con:authType></con:credentials><con:jmsConfig JMSDeliveryMode="PERSISTENT"/><con:jmsPropertyConfig/><con:wsaConfig mustUnderstand="NONE" version="200508" action="http://fidus.brussels/services/civilstatusdocumentservice/searchDocument"/><con:wsrmConfig version="1.2"/></con:call><con:call id="0f78c66b-f23b-4df9-8d5e-f7a63a4c3ab0" name="4 - Staging - External - Request"><con:settings><con:setting id="com.eviware.soapui.impl.wsdl.WsdlRequest@request-headers">&lt;xml-fragment/></con:setting></con:settings><con:encoding>UTF-8</con:encoding><con:endpoint>https://fidus.irisnetlab.be/services/CivilStatusDocumentService_v1.0</con:endpoint><con:request><![CDATA[<soapenv:Envelope xmlns:soapenv="http://schemas.xmlsoap.org/soap/envelope/" xmlns:v1="http://fidus.brussels/service/civilstatusdocumentservice/messages/v1" xmlns:v11="http://fidus.brussels/type/common/messages/v1" xmlns:core="http://www.fgov.be/dabs/core">
   <soapenv:Header/>
   <soapenv:Body>
      <v1:searchDocumentRequest>
         <v1:messageContext>
           <v11:messageId>${=import static java.util.UUID.randomUUID; uuid = randomUUID() as String}</v11:messageId>
            <v11:timestamp>${=new java.text.SimpleDateFormat("yyyy-MM-dd'T'HH:mm:ss.SSS").format(new Date())}</v11:timestamp>
         </v1:messageContext>
         <v1:legalContext>ServiceIntegrator</v1:legalContext>
         <v1:request>
            <v1:language>fr</v1:language>
            <v1:municipalityCode>d1051</v1:municipalityCode>
            <v1:searchDocument>
               <documentSearch>
                  <type>MARRIAGE_CERTIFICATE</type>
                  <state>FINAL</state>
                  <factDate>
                     <day>15</day>
                     <month>12</month>
                     <year>2011</year>
                  </factDate>
                  <personNumber>11234</personNumber>
                  <firstname>Katrien</firstname>
                  <lastname>De Bondt</lastname>
                  <birthDate>
                     <day>11</day>
                     <month>1</month>
                     <year>1980</year>
                  </birthDate>
                  <!--Optional:-->
                  <!--placeOfOrigin>?</placeOfOrigin-->
                  <searchInRrn>false</searchInRrn>
               </documentSearch>
            </v1:searchDocument>
         </v1:request>
      </v1:searchDocumentRequest>
   </soapenv:Body>
</soapenv:Envelope>]]></con:request><con:credentials><con:selectedAuthProfile>Basic</con:selectedAuthProfile><con:addedBasicAuthenticationTypes>Basic</con:addedBasicAuthenticationTypes><con:authType>Global HTTP Settings</con:authType></con:credentials><con:jmsConfig JMSDeliveryMode="PERSISTENT"/><con:jmsPropertyConfig/><con:wsaConfig mustUnderstand="NONE" version="200508" action="http://fidus.brussels/services/civilstatusdocumentservice/searchDocument"/><con:wsrmConfig version="1.2"/></con:call><con:call id="fc0c5814-8fdc-4cf1-b1b2-9989bd4b3f25" name="4 - Staging - LB - Request"><con:settings><con:setting id="com.eviware.soapui.impl.wsdl.WsdlRequest@request-headers">&lt;xml-fragment/></con:setting></con:settings><con:encoding>UTF-8</con:encoding><con:endpoint>https://fidus-esb-sg.sta.srv.cirb.lan:8443/services/CivilStatusDocumentService_v1.0</con:endpoint><con:request><![CDATA[<soapenv:Envelope xmlns:soapenv="http://schemas.xmlsoap.org/soap/envelope/" xmlns:v1="http://fidus.brussels/service/civilstatusdocumentservice/messages/v1" xmlns:v11="http://fidus.brussels/type/common/messages/v1" xmlns:core="http://www.fgov.be/dabs/core">
   <soapenv:Header/>
   <soapenv:Body>
      <v1:searchDocumentRequest>
         <v1:messageContext>
           <v11:messageId>${=import static java.util.UUID.randomUUID; uuid = randomUUID() as String}</v11:messageId>
            <v11:timestamp>${=new java.text.SimpleDateFormat("yyyy-MM-dd'T'HH:mm:ss.SSS").format(new Date())}</v11:timestamp>
         </v1:messageContext>
         <v1:legalContext>ServiceIntegrator</v1:legalContext>
         <v1:request>
            <v1:language>fr</v1:language>
            <v1:municipalityCode>d1051</v1:municipalityCode>
            <v1:searchDocument>
               <documentSearch>
                  <type>MARRIAGE_CERTIFICATE</type>
                  <state>FINAL</state>
                  <factDate>
                     <day>15</day>
                     <month>12</month>
                     <year>2011</year>
                  </factDate>
                  <personNumber>11234</personNumber>
                  <firstname>Katrien</firstname>
                  <lastname>De Bondt</lastname>
                  <birthDate>
                     <day>11</day>
                     <month>1</month>
                     <year>1980</year>
                  </birthDate>
                  <!--Optional:-->
                  <!--placeOfOrigin>?</placeOfOrigin-->
                  <searchInRrn>false</searchInRrn>
               </documentSearch>
            </v1:searchDocument>
         </v1:request>
      </v1:searchDocumentRequest>
   </soapenv:Body>
</soapenv:Envelope>]]></con:request><con:credentials><con:selectedAuthProfile>Basic</con:selectedAuthProfile><con:addedBasicAuthenticationTypes>Basic</con:addedBasicAuthenticationTypes><con:authType>Global HTTP Settings</con:authType></con:credentials><con:jmsConfig JMSDeliveryMode="PERSISTENT"/><con:jmsPropertyConfig/><con:wsaConfig mustUnderstand="NONE" version="200508" action="http://fidus.brussels/services/civilstatusdocumentservice/searchDocument"/><con:wsrmConfig version="1.2"/></con:call><con:call id="e1ace57e-b35e-4434-b3fe-f12bf2d5dca1" name="4 - Staging - Worker1 - Request" outgoingWss="Outflow Staging" incomingWss="inflow staging"><con:settings><con:setting id="com.eviware.soapui.impl.wsdl.WsdlRequest@request-headers">&lt;xml-fragment/></con:setting></con:settings><con:encoding>UTF-8</con:encoding><con:endpoint>https://192.168.24.16:8443/services/CivilStatusDocumentService_v1.0</con:endpoint><con:request><![CDATA[<soapenv:Envelope xmlns:soapenv="http://schemas.xmlsoap.org/soap/envelope/" xmlns:v1="http://fidus.brussels/service/civilstatusdocumentservice/messages/v1" xmlns:v11="http://fidus.brussels/type/common/messages/v1" xmlns:core="http://www.fgov.be/dabs/core">
   <soapenv:Header/>
   <soapenv:Body>
      <v1:searchDocumentRequest>
         <v1:messageContext>
           <v11:messageId>${=import static java.util.UUID.randomUUID; uuid = randomUUID() as String}</v11:messageId>
            <v11:timestamp>${=new java.text.SimpleDateFormat("yyyy-MM-dd'T'HH:mm:ss.SSS").format(new Date())}</v11:timestamp>
         </v1:messageContext>
         <v1:legalContext>ServiceIntegrator</v1:legalContext>
         <v1:request>
            <v1:language>fr</v1:language>
            <v1:municipalityCode>d1051</v1:municipalityCode>
            <v1:searchDocument>
               <documentSearch>
                  <type>MARRIAGE_CERTIFICATE</type>
                  <state>FINAL</state>
                  <factDate>
                     <day>15</day>
                     <month>12</month>
                     <year>2011</year>
                  </factDate>
                  <personNumber>11234</personNumber>
                  <firstname>Katrien</firstname>
                  <lastname>De Bondt</lastname>
                  <birthDate>
                     <day>11</day>
                     <month>1</month>
                     <year>1980</year>
                  </birthDate>
                  <!--Optional:-->
                  <!--placeOfOrigin>?</placeOfOrigin-->
                  <searchInRrn>false</searchInRrn>
               </documentSearch>
            </v1:searchDocument>
         </v1:request>
      </v1:searchDocumentRequest>
   </soapenv:Body>
</soapenv:Envelope>]]></con:request><con:credentials><con:selectedAuthProfile>Basic</con:selectedAuthProfile><con:addedBasicAuthenticationTypes>Basic</con:addedBasicAuthenticationTypes><con:authType>Global HTTP Settings</con:authType></con:credentials><con:jmsConfig JMSDeliveryMode="PERSISTENT"/><con:jmsPropertyConfig/><con:wsaConfig mustUnderstand="NONE" version="200508" action="http://fidus.brussels/services/civilstatusdocumentservice/searchDocument"/><con:wsrmConfig version="1.2"/></con:call><con:call id="201399de-5ce5-4270-a4be-1df89621b649" name="4 - Staging - Worker2 - Request" outgoingWss="Outflow Staging" incomingWss="inflow staging"><con:settings><con:setting id="com.eviware.soapui.impl.wsdl.WsdlRequest@request-headers">&lt;xml-fragment/></con:setting></con:settings><con:encoding>UTF-8</con:encoding><con:endpoint>https://192.168.24.17:8443/services/CivilStatusDocumentService_v1.0</con:endpoint><con:request><![CDATA[<soapenv:Envelope xmlns:soapenv="http://schemas.xmlsoap.org/soap/envelope/" xmlns:v1="http://fidus.brussels/service/civilstatusdocumentservice/messages/v1" xmlns:v11="http://fidus.brussels/type/common/messages/v1" xmlns:core="http://www.fgov.be/dabs/core">
   <soapenv:Header/>
   <soapenv:Body>
      <v1:searchDocumentRequest>
         <v1:messageContext>
           <v11:messageId>${=import static java.util.UUID.randomUUID; uuid = randomUUID() as String}</v11:messageId>
            <v11:timestamp>${=new java.text.SimpleDateFormat("yyyy-MM-dd'T'HH:mm:ss.SSS").format(new Date())}</v11:timestamp>
         </v1:messageContext>
         <v1:legalContext>ServiceIntegrator</v1:legalContext>
         <v1:request>
            <v1:language>fr</v1:language>
            <v1:municipalityCode>d1051</v1:municipalityCode>
            <v1:searchDocument>
               <documentSearch>
                  <type>MARRIAGE_CERTIFICATE</type>
                  <state>FINAL</state>
                  <factDate>
                     <day>15</day>
                     <month>12</month>
                     <year>2011</year>
                  </factDate>
                  <personNumber>11234</personNumber>
                  <firstname>Katrien</firstname>
                  <lastname>De Bondt</lastname>
                  <birthDate>
                     <day>11</day>
                     <month>1</month>
                     <year>1980</year>
                  </birthDate>
                  <!--Optional:-->
                  <!--placeOfOrigin>?</placeOfOrigin-->
                  <searchInRrn>false</searchInRrn>
               </documentSearch>
            </v1:searchDocument>
         </v1:request>
      </v1:searchDocumentRequest>
   </soapenv:Body>
</soapenv:Envelope>]]></con:request><con:credentials><con:selectedAuthProfile>Basic</con:selectedAuthProfile><con:addedBasicAuthenticationTypes>Basic</con:addedBasicAuthenticationTypes><con:authType>Global HTTP Settings</con:authType></con:credentials><con:jmsConfig JMSDeliveryMode="PERSISTENT"/><con:jmsPropertyConfig/><con:wsaConfig mustUnderstand="NONE" version="200508" action="http://fidus.brussels/services/civilstatusdocumentservice/searchDocument"/><con:wsrmConfig version="1.2"/></con:call></con:operation><con:operation id="7af5da1b-d9fa-4cf7-997a-6dffce3c8a60" isOneWay="false" action="http://fidus.brussels/services/civilstatusdocumentservice/validateDocument" name="validateDocument" bindingOperationName="validateDocument" type="Request-Response" inputName="" receivesAttachments="false" sendsAttachments="false" anonymous="optional"><con:settings/><con:call id="3f56500f-f72e-4333-8b0f-1ea6c0bfc477" name="1 - Local - Request" outgoingWss="Outflow DEV" incomingWss="Inflow DEV"><con:settings><con:setting id="com.eviware.soapui.impl.wsdl.WsdlRequest@request-headers">&lt;xml-fragment/></con:setting></con:settings><con:encoding>UTF-8</con:encoding><con:endpoint>https://192.168.22.53:8443/services/CivilStatusDocumentService_v1.0</con:endpoint><con:request><![CDATA[<soapenv:Envelope xmlns:soapenv="http://schemas.xmlsoap.org/soap/envelope/" xmlns:v1="http://fidus.brussels/service/civilstatusdocumentservice/messages/v1" xmlns:v11="http://fidus.brussels/type/common/messages/v1" xmlns:core="http://www.fgov.be/dabs/core">
   <soapenv:Header/>
   <soapenv:Body>
      <v1:validateDocumentRequest>
         <v1:messageContext>
            <v11:messageId>${=import static java.util.UUID.randomUUID; uuid = randomUUID() as String}</v11:messageId>
            <v11:timestamp>${=new java.text.SimpleDateFormat("yyyy-MM-dd'T'HH:mm:ss.SSS").format(new Date())}</v11:timestamp>
         </v1:messageContext>
         <v1:legalContext>ServiceIntegrator</v1:legalContext>
         <v1:request>
            <v1:language>fr</v1:language>
             <v1:municipalityCode>d1051</v1:municipalityCode>
            <v1:validateDocument>
               <document xsi:type="core:marriageCertificate" xmlns:xsi="http://www.w3.org/2001/XMLSchema-instance">
                  <attachments/>
                  <certificateOriginType>FOREIGN_CERTIFICATE</certificateOriginType>
                  <factDate>
                     <day>26</day>
                     <month>12</month>
                     <year>2011</year>
                  </factDate>
                  <establishingDate>2018-07-17</establishingDate>
                  <redactionPlace>
                     <municipalityCode>12007</municipalityCode>
                     <countryCode>150</countryCode>
                     <countryFreeText>test</countryFreeText>
                  </redactionPlace>
                  <origin>DABS</origin>
                  <persons>
                     <person>
                        <origin>RR</origin>
                        <nobilityFree/>
                        <birthPlace>
                           <municipalityCode>12010</municipalityCode>
                           <countryCode>150</countryCode>
                           <countryFreeText>test</countryFreeText>
                        </birthPlace>
                        <birthDate>
                           <day>11</day>
                           <month>1</month>
                           <year>1980</year>
                        </birthDate>
                        <firstname>Katrien</firstname>
                        <lastname>De Bondt</lastname>
                        <roles>
                           <role>SPOUSE_2</role>
                        </roles>
                        <personNumber>11234</personNumber>
                     </person>
                     <person>
                        <origin>RR</origin>
                        <nobilityFree/>
                        <birthPlace>
                           <municipalityFreeText>Budel</municipalityFreeText>
                           <countryCode>129</countryCode>
                           <countryFreeText>test</countryFreeText>
                        </birthPlace>
                        <birthDate>
                           <day>5</day>
                           <month>7</month>
                           <year>1979</year>
                        </birthDate>
                        <firstname>Bram Tonny Gerda</firstname>
                        <lastname>Van Huffel</lastname>
                        <roles>
                           <role>SPOUSE_1</role>
                        </roles>
                        <personNumber>1125000</personNumber>
                     </person>
                     <person>
                        <origin>RR</origin>
                        <birthPlace>
                           <municipalityCode>12007</municipalityCode>
                           <countryCode>150</countryCode>
                           <countryFreeText>test</countryFreeText>
                        </birthPlace>
                        <birthDate>
                           <day>1</day>
                           <month>4</month>
                           <year>1986</year>
                        </birthDate>
                        <firstname>Mounir</firstname>
                        <lastname>Ouchan</lastname>
                        <roles>
                           <role>ABS</role>
                        </roles>
                        <personNumber>86040128370</personNumber>
                     </person>
                  </persons>
                  <oldDocumentReference>2018/33</oldDocumentReference>
                  <docState>FINAL</docState>
               </document>
            </v1:validateDocument>
         </v1:request>
      </v1:validateDocumentRequest>
   </soapenv:Body>
</soapenv:Envelope>]]></con:request><con:credentials><con:selectedAuthProfile>Basic</con:selectedAuthProfile><con:addedBasicAuthenticationTypes>Basic</con:addedBasicAuthenticationTypes><con:authType>Global HTTP Settings</con:authType></con:credentials><con:jmsConfig JMSDeliveryMode="PERSISTENT"/><con:jmsPropertyConfig/><con:wsaConfig mustUnderstand="NONE" version="200508" action="http://fidus.brussels/services/civilstatusdocumentservice/validateDocument"/><con:wsrmConfig version="1.2"/></con:call><con:call id="f60d22f2-6bc2-4e45-ba10-229f047dbe58" name="2 - Dev - Request" outgoingWss="Outflow DEV" incomingWss="Inflow DEV"><con:settings><con:setting id="com.eviware.soapui.impl.wsdl.WsdlRequest@request-headers">&lt;xml-fragment/></con:setting></con:settings><con:encoding>UTF-8</con:encoding><con:endpoint>https://192.168.22.53:8443/services/CivilStatusDocumentService_v1.0</con:endpoint><con:request><![CDATA[<soapenv:Envelope xmlns:soapenv="http://schemas.xmlsoap.org/soap/envelope/" xmlns:v1="http://fidus.brussels/service/civilstatusdocumentservice/messages/v1" xmlns:v11="http://fidus.brussels/type/common/messages/v1" xmlns:core="http://www.fgov.be/dabs/core">
   <soapenv:Header/>
   <soapenv:Body>
      <v1:validateDocumentRequest>
         <v1:messageContext>
            <v11:messageId>${=import static java.util.UUID.randomUUID; uuid = randomUUID() as String}</v11:messageId>
            <v11:timestamp>${=new java.text.SimpleDateFormat("yyyy-MM-dd'T'HH:mm:ss.SSS").format(new Date())}</v11:timestamp>
         </v1:messageContext>
         <v1:legalContext>ServiceIntegrator</v1:legalContext>
         <v1:request>
            <v1:language>fr</v1:language>
             <v1:municipalityCode>d1051</v1:municipalityCode>
            <v1:validateDocument>
               <document xsi:type="core:marriageCertificate" xmlns:xsi="http://www.w3.org/2001/XMLSchema-instance">
                  <attachments/>
                  <certificateOriginType>FOREIGN_CERTIFICATE</certificateOriginType>
                  <factDate>
                     <day>26</day>
                     <month>12</month>
                     <year>2011</year>
                  </factDate>
                  <establishingDate>2018-07-17</establishingDate>
                  <redactionPlace>
                     <municipalityCode>12007</municipalityCode>
                     <countryCode>150</countryCode>
                     <countryFreeText>test</countryFreeText>
                  </redactionPlace>
                  <origin>DABS</origin>
                  <persons>
                     <person>
                        <origin>RR</origin>
                        <nobilityFree/>
                        <birthPlace>
                           <municipalityCode>12010</municipalityCode>
                           <countryCode>150</countryCode>
                           <countryFreeText>test</countryFreeText>
                        </birthPlace>
                        <birthDate>
                           <day>11</day>
                           <month>1</month>
                           <year>1980</year>
                        </birthDate>
                        <firstname>Katrien</firstname>
                        <lastname>De Bondt</lastname>
                        <roles>
                           <role>SPOUSE_2</role>
                        </roles>
                        <personNumber>11234</personNumber>
                     </person>
                     <person>
                        <origin>RR</origin>
                        <nobilityFree/>
                        <birthPlace>
                           <municipalityFreeText>Budel</municipalityFreeText>
                           <countryCode>129</countryCode>
                           <countryFreeText>test</countryFreeText>
                        </birthPlace>
                        <birthDate>
                           <day>5</day>
                           <month>7</month>
                           <year>1979</year>
                        </birthDate>
                        <firstname>Bram Tonny Gerda</firstname>
                        <lastname>Van Huffel</lastname>
                        <roles>
                           <role>SPOUSE_1</role>
                        </roles>
                        <personNumber>1125000</personNumber>
                     </person>
                     <person>
                        <origin>RR</origin>
                        <birthPlace>
                           <municipalityCode>12007</municipalityCode>
                           <countryCode>150</countryCode>
                           <countryFreeText>test</countryFreeText>
                        </birthPlace>
                        <birthDate>
                           <day>1</day>
                           <month>4</month>
                           <year>1986</year>
                        </birthDate>
                        <firstname>Mounir</firstname>
                        <lastname>Ouchan</lastname>
                        <roles>
                           <role>ABS</role>
                        </roles>
                        <personNumber>86040128370</personNumber>
                     </person>
                  </persons>
                  <oldDocumentReference>2018/33</oldDocumentReference>
                  <docState>FINAL</docState>
               </document>
            </v1:validateDocument>
         </v1:request>
      </v1:validateDocumentRequest>
   </soapenv:Body>
</soapenv:Envelope>]]></con:request><con:credentials><con:selectedAuthProfile>Basic</con:selectedAuthProfile><con:addedBasicAuthenticationTypes>Basic</con:addedBasicAuthenticationTypes><con:authType>Global HTTP Settings</con:authType></con:credentials><con:jmsConfig JMSDeliveryMode="PERSISTENT"/><con:jmsPropertyConfig/><con:wsaConfig mustUnderstand="NONE" version="200508" action="http://fidus.brussels/services/civilstatusdocumentservice/validateDocument"/><con:wsrmConfig version="1.2"/></con:call><con:call id="08b51b12-498a-404c-9625-d4b47db32ea1" name="3 -Test - External - Request" outgoingWss="Outflow Test" incomingWss="Inflow Test"><con:settings><con:setting id="com.eviware.soapui.impl.wsdl.WsdlRequest@request-headers">&lt;xml-fragment/></con:setting></con:settings><con:encoding>UTF-8</con:encoding><con:endpoint>https://192.168.22.53:8443/services/CivilStatusDocumentService_v1.0</con:endpoint><con:request><![CDATA[<soapenv:Envelope xmlns:soapenv="http://schemas.xmlsoap.org/soap/envelope/" xmlns:v1="http://fidus.brussels/service/civilstatusdocumentservice/messages/v1" xmlns:v11="http://fidus.brussels/type/common/messages/v1" xmlns:core="http://www.fgov.be/dabs/core">
   <soapenv:Header/>
   <soapenv:Body>
      <v1:validateDocumentRequest>
         <v1:messageContext>
            <v11:messageId>${=import static java.util.UUID.randomUUID; uuid = randomUUID() as String}</v11:messageId>
            <v11:timestamp>${=new java.text.SimpleDateFormat("yyyy-MM-dd'T'HH:mm:ss.SSS").format(new Date())}</v11:timestamp>
         </v1:messageContext>
         <v1:legalContext>ServiceIntegrator</v1:legalContext>
         <v1:request>
            <v1:language>fr</v1:language>
             <v1:municipalityCode>d1051</v1:municipalityCode>
            <v1:validateDocument>
               <document xsi:type="core:marriageCertificate" xmlns:xsi="http://www.w3.org/2001/XMLSchema-instance">
                  <attachments/>
                  <certificateOriginType>FOREIGN_CERTIFICATE</certificateOriginType>
                  <factDate>
                     <day>26</day>
                     <month>12</month>
                     <year>2011</year>
                  </factDate>
                  <establishingDate>2018-07-17</establishingDate>
                  <redactionPlace>
                     <municipalityCode>12007</municipalityCode>
                     <countryCode>150</countryCode>
                     <countryFreeText>test</countryFreeText>
                  </redactionPlace>
                  <origin>DABS</origin>
                  <persons>
                     <person>
                        <origin>RR</origin>
                        <nobilityFree/>
                        <birthPlace>
                           <municipalityCode>12010</municipalityCode>
                           <countryCode>150</countryCode>
                           <countryFreeText>test</countryFreeText>
                        </birthPlace>
                        <birthDate>
                           <day>11</day>
                           <month>1</month>
                           <year>1980</year>
                        </birthDate>
                        <firstname>Katrien</firstname>
                        <lastname>De Bondt</lastname>
                        <roles>
                           <role>SPOUSE_2</role>
                        </roles>
                        <personNumber>11234</personNumber>
                     </person>
                     <person>
                        <origin>RR</origin>
                        <nobilityFree/>
                        <birthPlace>
                           <municipalityFreeText>Budel</municipalityFreeText>
                           <countryCode>129</countryCode>
                           <countryFreeText>test</countryFreeText>
                        </birthPlace>
                        <birthDate>
                           <day>5</day>
                           <month>7</month>
                           <year>1979</year>
                        </birthDate>
                        <firstname>Bram Tonny Gerda</firstname>
                        <lastname>Van Huffel</lastname>
                        <roles>
                           <role>SPOUSE_1</role>
                        </roles>
                        <personNumber>1125000</personNumber>
                     </person>
                     <person>
                        <origin>RR</origin>
                        <birthPlace>
                           <municipalityCode>12007</municipalityCode>
                           <countryCode>150</countryCode>
                           <countryFreeText>test</countryFreeText>
                        </birthPlace>
                        <birthDate>
                           <day>1</day>
                           <month>4</month>
                           <year>1986</year>
                        </birthDate>
                        <firstname>Mounir</firstname>
                        <lastname>Ouchan</lastname>
                        <roles>
                           <role>ABS</role>
                        </roles>
                        <personNumber>86040128370</personNumber>
                     </person>
                  </persons>
                  <oldDocumentReference>2018/33</oldDocumentReference>
                  <docState>FINAL</docState>
               </document>
            </v1:validateDocument>
         </v1:request>
      </v1:validateDocumentRequest>
   </soapenv:Body>
</soapenv:Envelope>]]></con:request><con:credentials><con:selectedAuthProfile>Basic</con:selectedAuthProfile><con:addedBasicAuthenticationTypes>Basic</con:addedBasicAuthenticationTypes><con:authType>Global HTTP Settings</con:authType></con:credentials><con:jmsConfig JMSDeliveryMode="PERSISTENT"/><con:jmsPropertyConfig/><con:wsaConfig mustUnderstand="NONE" version="200508" action="http://fidus.brussels/services/civilstatusdocumentservice/validateDocument"/><con:wsrmConfig version="1.2"/></con:call><con:call id="031244c4-a337-4a49-a364-c14182f0d8b8" name="3 -Test - LB - Request" outgoingWss="Outflow Test" incomingWss="Inflow Test"><con:settings><con:setting id="com.eviware.soapui.impl.wsdl.WsdlRequest@request-headers">&lt;xml-fragment/></con:setting></con:settings><con:encoding>UTF-8</con:encoding><con:endpoint>https://192.168.22.53:8443/services/CivilStatusDocumentService_v1.0</con:endpoint><con:request><![CDATA[<soapenv:Envelope xmlns:soapenv="http://schemas.xmlsoap.org/soap/envelope/" xmlns:v1="http://fidus.brussels/service/civilstatusdocumentservice/messages/v1" xmlns:v11="http://fidus.brussels/type/common/messages/v1" xmlns:core="http://www.fgov.be/dabs/core">
   <soapenv:Header/>
   <soapenv:Body>
      <v1:validateDocumentRequest>
         <v1:messageContext>
            <v11:messageId>${=import static java.util.UUID.randomUUID; uuid = randomUUID() as String}</v11:messageId>
            <v11:timestamp>${=new java.text.SimpleDateFormat("yyyy-MM-dd'T'HH:mm:ss.SSS").format(new Date())}</v11:timestamp>
         </v1:messageContext>
         <v1:legalContext>ServiceIntegrator</v1:legalContext>
         <v1:request>
            <v1:language>fr</v1:language>
             <v1:municipalityCode>d1051</v1:municipalityCode>
            <v1:validateDocument>
               <document xsi:type="core:marriageCertificate" xmlns:xsi="http://www.w3.org/2001/XMLSchema-instance">
                  <attachments/>
                  <certificateOriginType>FOREIGN_CERTIFICATE</certificateOriginType>
                  <factDate>
                     <day>26</day>
                     <month>12</month>
                     <year>2011</year>
                  </factDate>
                  <establishingDate>2018-07-17</establishingDate>
                  <redactionPlace>
                     <municipalityCode>12007</municipalityCode>
                     <countryCode>150</countryCode>
                     <countryFreeText>test</countryFreeText>
                  </redactionPlace>
                  <origin>DABS</origin>
                  <persons>
                     <person>
                        <origin>RR</origin>
                        <nobilityFree/>
                        <birthPlace>
                           <municipalityCode>12010</municipalityCode>
                           <countryCode>150</countryCode>
                           <countryFreeText>test</countryFreeText>
                        </birthPlace>
                        <birthDate>
                           <day>11</day>
                           <month>1</month>
                           <year>1980</year>
                        </birthDate>
                        <firstname>Katrien</firstname>
                        <lastname>De Bondt</lastname>
                        <roles>
                           <role>SPOUSE_2</role>
                        </roles>
                        <personNumber>11234</personNumber>
                     </person>
                     <person>
                        <origin>RR</origin>
                        <nobilityFree/>
                        <birthPlace>
                           <municipalityFreeText>Budel</municipalityFreeText>
                           <countryCode>129</countryCode>
                           <countryFreeText>test</countryFreeText>
                        </birthPlace>
                        <birthDate>
                           <day>5</day>
                           <month>7</month>
                           <year>1979</year>
                        </birthDate>
                        <firstname>Bram Tonny Gerda</firstname>
                        <lastname>Van Huffel</lastname>
                        <roles>
                           <role>SPOUSE_1</role>
                        </roles>
                        <personNumber>1125000</personNumber>
                     </person>
                     <person>
                        <origin>RR</origin>
                        <birthPlace>
                           <municipalityCode>12007</municipalityCode>
                           <countryCode>150</countryCode>
                           <countryFreeText>test</countryFreeText>
                        </birthPlace>
                        <birthDate>
                           <day>1</day>
                           <month>4</month>
                           <year>1986</year>
                        </birthDate>
                        <firstname>Mounir</firstname>
                        <lastname>Ouchan</lastname>
                        <roles>
                           <role>ABS</role>
                        </roles>
                        <personNumber>86040128370</personNumber>
                     </person>
                  </persons>
                  <oldDocumentReference>2018/33</oldDocumentReference>
                  <docState>FINAL</docState>
               </document>
            </v1:validateDocument>
         </v1:request>
      </v1:validateDocumentRequest>
   </soapenv:Body>
</soapenv:Envelope>]]></con:request><con:credentials><con:selectedAuthProfile>Basic</con:selectedAuthProfile><con:addedBasicAuthenticationTypes>Basic</con:addedBasicAuthenticationTypes><con:authType>Global HTTP Settings</con:authType></con:credentials><con:jmsConfig JMSDeliveryMode="PERSISTENT"/><con:jmsPropertyConfig/><con:wsaConfig mustUnderstand="NONE" version="200508" action="http://fidus.brussels/services/civilstatusdocumentservice/validateDocument"/><con:wsrmConfig version="1.2"/></con:call><con:call id="80d843d9-3f96-455d-a0a6-d00b697b0ec6" name="3 -Test - Worker1 - Request" outgoingWss="Outflow Test" incomingWss="Inflow Test"><con:settings><con:setting id="com.eviware.soapui.impl.wsdl.WsdlRequest@request-headers">&lt;xml-fragment/></con:setting></con:settings><con:encoding>UTF-8</con:encoding><con:endpoint>https://192.168.22.53:8443/services/CivilStatusDocumentService_v1.0</con:endpoint><con:request><![CDATA[<soapenv:Envelope xmlns:soapenv="http://schemas.xmlsoap.org/soap/envelope/" xmlns:v1="http://fidus.brussels/service/civilstatusdocumentservice/messages/v1" xmlns:v11="http://fidus.brussels/type/common/messages/v1" xmlns:core="http://www.fgov.be/dabs/core">
   <soapenv:Header/>
   <soapenv:Body>
      <v1:validateDocumentRequest>
         <v1:messageContext>
            <v11:messageId>${=import static java.util.UUID.randomUUID; uuid = randomUUID() as String}</v11:messageId>
            <v11:timestamp>${=new java.text.SimpleDateFormat("yyyy-MM-dd'T'HH:mm:ss.SSS").format(new Date())}</v11:timestamp>
         </v1:messageContext>
         <v1:legalContext>ServiceIntegrator</v1:legalContext>
         <v1:request>
            <v1:language>fr</v1:language>
             <v1:municipalityCode>d1051</v1:municipalityCode>
            <v1:validateDocument>
               <document xsi:type="core:marriageCertificate" xmlns:xsi="http://www.w3.org/2001/XMLSchema-instance">
                  <attachments/>
                  <certificateOriginType>FOREIGN_CERTIFICATE</certificateOriginType>
                  <factDate>
                     <day>26</day>
                     <month>12</month>
                     <year>2011</year>
                  </factDate>
                  <establishingDate>2018-07-17</establishingDate>
                  <redactionPlace>
                     <municipalityCode>12007</municipalityCode>
                     <countryCode>150</countryCode>
                     <countryFreeText>test</countryFreeText>
                  </redactionPlace>
                  <origin>DABS</origin>
                  <persons>
                     <person>
                        <origin>RR</origin>
                        <nobilityFree/>
                        <birthPlace>
                           <municipalityCode>12010</municipalityCode>
                           <countryCode>150</countryCode>
                           <countryFreeText>test</countryFreeText>
                        </birthPlace>
                        <birthDate>
                           <day>11</day>
                           <month>1</month>
                           <year>1980</year>
                        </birthDate>
                        <firstname>Katrien</firstname>
                        <lastname>De Bondt</lastname>
                        <roles>
                           <role>SPOUSE_2</role>
                        </roles>
                        <personNumber>11234</personNumber>
                     </person>
                     <person>
                        <origin>RR</origin>
                        <nobilityFree/>
                        <birthPlace>
                           <municipalityFreeText>Budel</municipalityFreeText>
                           <countryCode>129</countryCode>
                           <countryFreeText>test</countryFreeText>
                        </birthPlace>
                        <birthDate>
                           <day>5</day>
                           <month>7</month>
                           <year>1979</year>
                        </birthDate>
                        <firstname>Bram Tonny Gerda</firstname>
                        <lastname>Van Huffel</lastname>
                        <roles>
                           <role>SPOUSE_1</role>
                        </roles>
                        <personNumber>1125000</personNumber>
                     </person>
                     <person>
                        <origin>RR</origin>
                        <birthPlace>
                           <municipalityCode>12007</municipalityCode>
                           <countryCode>150</countryCode>
                           <countryFreeText>test</countryFreeText>
                        </birthPlace>
                        <birthDate>
                           <day>1</day>
                           <month>4</month>
                           <year>1986</year>
                        </birthDate>
                        <firstname>Mounir</firstname>
                        <lastname>Ouchan</lastname>
                        <roles>
                           <role>ABS</role>
                        </roles>
                        <personNumber>86040128370</personNumber>
                     </person>
                  </persons>
                  <oldDocumentReference>2018/33</oldDocumentReference>
                  <docState>FINAL</docState>
               </document>
            </v1:validateDocument>
         </v1:request>
      </v1:validateDocumentRequest>
   </soapenv:Body>
</soapenv:Envelope>]]></con:request><con:credentials><con:selectedAuthProfile>Basic</con:selectedAuthProfile><con:addedBasicAuthenticationTypes>Basic</con:addedBasicAuthenticationTypes><con:authType>Global HTTP Settings</con:authType></con:credentials><con:jmsConfig JMSDeliveryMode="PERSISTENT"/><con:jmsPropertyConfig/><con:wsaConfig mustUnderstand="NONE" version="200508" action="http://fidus.brussels/services/civilstatusdocumentservice/validateDocument"/><con:wsrmConfig version="1.2"/></con:call><con:call id="4f73d36e-ff60-4a4c-b3bb-56cc24bb2eee" name="3 -Test - Worker2 - Request" outgoingWss="Outflow Test" incomingWss="Inflow Test"><con:settings><con:setting id="com.eviware.soapui.impl.wsdl.WsdlRequest@request-headers">&lt;xml-fragment/></con:setting></con:settings><con:encoding>UTF-8</con:encoding><con:endpoint>https://192.168.22.53:8443/services/CivilStatusDocumentService_v1.0</con:endpoint><con:request><![CDATA[<soapenv:Envelope xmlns:soapenv="http://schemas.xmlsoap.org/soap/envelope/" xmlns:v1="http://fidus.brussels/service/civilstatusdocumentservice/messages/v1" xmlns:v11="http://fidus.brussels/type/common/messages/v1" xmlns:core="http://www.fgov.be/dabs/core">
   <soapenv:Header/>
   <soapenv:Body>
      <v1:validateDocumentRequest>
         <v1:messageContext>
            <v11:messageId>${=import static java.util.UUID.randomUUID; uuid = randomUUID() as String}</v11:messageId>
            <v11:timestamp>${=new java.text.SimpleDateFormat("yyyy-MM-dd'T'HH:mm:ss.SSS").format(new Date())}</v11:timestamp>
         </v1:messageContext>
         <v1:legalContext>ServiceIntegrator</v1:legalContext>
         <v1:request>
            <v1:language>fr</v1:language>
             <v1:municipalityCode>d1051</v1:municipalityCode>
            <v1:validateDocument>
               <document xsi:type="core:marriageCertificate" xmlns:xsi="http://www.w3.org/2001/XMLSchema-instance">
                  <attachments/>
                  <certificateOriginType>FOREIGN_CERTIFICATE</certificateOriginType>
                  <factDate>
                     <day>26</day>
                     <month>12</month>
                     <year>2011</year>
                  </factDate>
                  <establishingDate>2018-07-17</establishingDate>
                  <redactionPlace>
                     <municipalityCode>12007</municipalityCode>
                     <countryCode>150</countryCode>
                     <countryFreeText>test</countryFreeText>
                  </redactionPlace>
                  <origin>DABS</origin>
                  <persons>
                     <person>
                        <origin>RR</origin>
                        <nobilityFree/>
                        <birthPlace>
                           <municipalityCode>12010</municipalityCode>
                           <countryCode>150</countryCode>
                           <countryFreeText>test</countryFreeText>
                        </birthPlace>
                        <birthDate>
                           <day>11</day>
                           <month>1</month>
                           <year>1980</year>
                        </birthDate>
                        <firstname>Katrien</firstname>
                        <lastname>De Bondt</lastname>
                        <roles>
                           <role>SPOUSE_2</role>
                        </roles>
                        <personNumber>11234</personNumber>
                     </person>
                     <person>
                        <origin>RR</origin>
                        <nobilityFree/>
                        <birthPlace>
                           <municipalityFreeText>Budel</municipalityFreeText>
                           <countryCode>129</countryCode>
                           <countryFreeText>test</countryFreeText>
                        </birthPlace>
                        <birthDate>
                           <day>5</day>
                           <month>7</month>
                           <year>1979</year>
                        </birthDate>
                        <firstname>Bram Tonny Gerda</firstname>
                        <lastname>Van Huffel</lastname>
                        <roles>
                           <role>SPOUSE_1</role>
                        </roles>
                        <personNumber>1125000</personNumber>
                     </person>
                     <person>
                        <origin>RR</origin>
                        <birthPlace>
                           <municipalityCode>12007</municipalityCode>
                           <countryCode>150</countryCode>
                           <countryFreeText>test</countryFreeText>
                        </birthPlace>
                        <birthDate>
                           <day>1</day>
                           <month>4</month>
                           <year>1986</year>
                        </birthDate>
                        <firstname>Mounir</firstname>
                        <lastname>Ouchan</lastname>
                        <roles>
                           <role>ABS</role>
                        </roles>
                        <personNumber>86040128370</personNumber>
                     </person>
                  </persons>
                  <oldDocumentReference>2018/33</oldDocumentReference>
                  <docState>FINAL</docState>
               </document>
            </v1:validateDocument>
         </v1:request>
      </v1:validateDocumentRequest>
   </soapenv:Body>
</soapenv:Envelope>]]></con:request><con:credentials><con:selectedAuthProfile>Basic</con:selectedAuthProfile><con:addedBasicAuthenticationTypes>Basic</con:addedBasicAuthenticationTypes><con:authType>Global HTTP Settings</con:authType></con:credentials><con:jmsConfig JMSDeliveryMode="PERSISTENT"/><con:jmsPropertyConfig/><con:wsaConfig mustUnderstand="NONE" version="200508" action="http://fidus.brussels/services/civilstatusdocumentservice/validateDocument"/><con:wsrmConfig version="1.2"/></con:call><con:call id="4a4da65a-eece-4027-873d-fe31a25fac24" name="4 - Staging - External - Request" outgoingWss="Outflow Staging" incomingWss="inflow staging"><con:settings><con:setting id="com.eviware.soapui.impl.wsdl.WsdlRequest@request-headers">&lt;xml-fragment/></con:setting></con:settings><con:encoding>UTF-8</con:encoding><con:endpoint>https://fidus.irisnetlab.be/services/CivilStatusDocumentService_v1.0</con:endpoint><con:request><![CDATA[<soapenv:Envelope xmlns:soapenv="http://schemas.xmlsoap.org/soap/envelope/" xmlns:v1="http://fidus.brussels/service/civilstatusdocumentservice/messages/v1" xmlns:v11="http://fidus.brussels/type/common/messages/v1" xmlns:core="http://www.fgov.be/dabs/core">
   <soapenv:Header/>
   <soapenv:Body>
      <v1:validateDocumentRequest>
         <v1:messageContext>
            <v11:messageId>${=import static java.util.UUID.randomUUID; uuid = randomUUID() as String}</v11:messageId>
            <v11:timestamp>${=new java.text.SimpleDateFormat("yyyy-MM-dd'T'HH:mm:ss.SSS").format(new Date())}</v11:timestamp>
         </v1:messageContext>
         <v1:legalContext>ServiceIntegrator</v1:legalContext>
         <v1:request>
            <v1:language>fr</v1:language>
             <v1:municipalityCode>d1051</v1:municipalityCode>
            <v1:validateDocument>
               <document xsi:type="core:marriageCertificate" xmlns:xsi="http://www.w3.org/2001/XMLSchema-instance">
                  <attachments/>
                  <certificateOriginType>FOREIGN_CERTIFICATE</certificateOriginType>
                  <factDate>
                     <day>26</day>
                     <month>12</month>
                     <year>2011</year>
                  </factDate>
                  <establishingDate>2018-07-17</establishingDate>
                  <redactionPlace>
                     <municipalityCode>12007</municipalityCode>
                     <countryCode>150</countryCode>
                     <countryFreeText>test</countryFreeText>
                  </redactionPlace>
                  <origin>DABS</origin>
                  <persons>
                     <person>
                        <origin>RR</origin>
                        <nobilityFree/>
                        <birthPlace>
                           <municipalityCode>12010</municipalityCode>
                           <countryCode>150</countryCode>
                           <countryFreeText>test</countryFreeText>
                        </birthPlace>
                        <birthDate>
                           <day>11</day>
                           <month>1</month>
                           <year>1980</year>
                        </birthDate>
                        <firstname>Katrien</firstname>
                        <lastname>De Bondt</lastname>
                        <roles>
                           <role>SPOUSE_2</role>
                        </roles>
                        <personNumber>11234</personNumber>
                     </person>
                     <person>
                        <origin>RR</origin>
                        <nobilityFree/>
                        <birthPlace>
                           <municipalityFreeText>Budel</municipalityFreeText>
                           <countryCode>129</countryCode>
                           <countryFreeText>test</countryFreeText>
                        </birthPlace>
                        <birthDate>
                           <day>5</day>
                           <month>7</month>
                           <year>1979</year>
                        </birthDate>
                        <firstname>Bram Tonny Gerda</firstname>
                        <lastname>Van Huffel</lastname>
                        <roles>
                           <role>SPOUSE_1</role>
                        </roles>
                        <personNumber>1125000</personNumber>
                     </person>
                     <person>
                        <origin>RR</origin>
                        <birthPlace>
                           <municipalityCode>12007</municipalityCode>
                           <countryCode>150</countryCode>
                           <countryFreeText>test</countryFreeText>
                        </birthPlace>
                        <birthDate>
                           <day>1</day>
                           <month>4</month>
                           <year>1986</year>
                        </birthDate>
                        <firstname>Mounir</firstname>
                        <lastname>Ouchan</lastname>
                        <roles>
                           <role>ABS</role>
                        </roles>
                        <personNumber>86040128370</personNumber>
                     </person>
                  </persons>
                  <oldDocumentReference>2018/33</oldDocumentReference>
                  <docState>FINAL</docState>
               </document>
            </v1:validateDocument>
         </v1:request>
      </v1:validateDocumentRequest>
   </soapenv:Body>
</soapenv:Envelope>]]></con:request><con:credentials><con:selectedAuthProfile>Basic</con:selectedAuthProfile><con:addedBasicAuthenticationTypes>Basic</con:addedBasicAuthenticationTypes><con:authType>Global HTTP Settings</con:authType></con:credentials><con:jmsConfig JMSDeliveryMode="PERSISTENT"/><con:jmsPropertyConfig/><con:wsaConfig mustUnderstand="NONE" version="200508" action="http://fidus.brussels/services/civilstatusdocumentservice/validateDocument"/><con:wsrmConfig version="1.2"/></con:call><con:call id="98974e36-5b31-449b-9eea-0a10762ec5be" name="4 - Staging - LB - Request"><con:settings><con:setting id="com.eviware.soapui.impl.wsdl.WsdlRequest@request-headers">&lt;xml-fragment/></con:setting></con:settings><con:encoding>UTF-8</con:encoding><con:endpoint>https://192.168.22.53:8443/services/CivilStatusDocumentService_v1.0</con:endpoint><con:request><![CDATA[<soapenv:Envelope xmlns:soapenv="http://schemas.xmlsoap.org/soap/envelope/" xmlns:v1="http://fidus.brussels/service/civilstatusdocumentservice/messages/v1" xmlns:v11="http://fidus.brussels/type/common/messages/v1" xmlns:core="http://www.fgov.be/dabs/core">
   <soapenv:Header/>
   <soapenv:Body>
      <v1:validateDocumentRequest>
         <v1:messageContext>
            <v11:messageId>${=import static java.util.UUID.randomUUID; uuid = randomUUID() as String}</v11:messageId>
            <v11:timestamp>${=new java.text.SimpleDateFormat("yyyy-MM-dd'T'HH:mm:ss.SSS").format(new Date())}</v11:timestamp>
         </v1:messageContext>
         <v1:legalContext>ServiceIntegrator</v1:legalContext>
         <v1:request>
            <v1:language>fr</v1:language>
             <v1:municipalityCode>d1051</v1:municipalityCode>
            <v1:validateDocument>
               <document xsi:type="core:marriageCertificate" xmlns:xsi="http://www.w3.org/2001/XMLSchema-instance">
                  <attachments/>
                  <certificateOriginType>FOREIGN_CERTIFICATE</certificateOriginType>
                  <factDate>
                     <day>26</day>
                     <month>12</month>
                     <year>2011</year>
                  </factDate>
                  <establishingDate>2018-07-17</establishingDate>
                  <redactionPlace>
                     <municipalityCode>12007</municipalityCode>
                     <countryCode>150</countryCode>
                     <countryFreeText>test</countryFreeText>
                  </redactionPlace>
                  <origin>DABS</origin>
                  <persons>
                     <person>
                        <origin>RR</origin>
                        <nobilityFree/>
                        <birthPlace>
                           <municipalityCode>12010</municipalityCode>
                           <countryCode>150</countryCode>
                           <countryFreeText>test</countryFreeText>
                        </birthPlace>
                        <birthDate>
                           <day>11</day>
                           <month>1</month>
                           <year>1980</year>
                        </birthDate>
                        <firstname>Katrien</firstname>
                        <lastname>De Bondt</lastname>
                        <roles>
                           <role>SPOUSE_2</role>
                        </roles>
                        <personNumber>11234</personNumber>
                     </person>
                     <person>
                        <origin>RR</origin>
                        <nobilityFree/>
                        <birthPlace>
                           <municipalityFreeText>Budel</municipalityFreeText>
                           <countryCode>129</countryCode>
                           <countryFreeText>test</countryFreeText>
                        </birthPlace>
                        <birthDate>
                           <day>5</day>
                           <month>7</month>
                           <year>1979</year>
                        </birthDate>
                        <firstname>Bram Tonny Gerda</firstname>
                        <lastname>Van Huffel</lastname>
                        <roles>
                           <role>SPOUSE_1</role>
                        </roles>
                        <personNumber>1125000</personNumber>
                     </person>
                     <person>
                        <origin>RR</origin>
                        <birthPlace>
                           <municipalityCode>12007</municipalityCode>
                           <countryCode>150</countryCode>
                           <countryFreeText>test</countryFreeText>
                        </birthPlace>
                        <birthDate>
                           <day>1</day>
                           <month>4</month>
                           <year>1986</year>
                        </birthDate>
                        <firstname>Mounir</firstname>
                        <lastname>Ouchan</lastname>
                        <roles>
                           <role>ABS</role>
                        </roles>
                        <personNumber>86040128370</personNumber>
                     </person>
                  </persons>
                  <oldDocumentReference>2018/33</oldDocumentReference>
                  <docState>FINAL</docState>
               </document>
            </v1:validateDocument>
         </v1:request>
      </v1:validateDocumentRequest>
   </soapenv:Body>
</soapenv:Envelope>]]></con:request><con:credentials><con:selectedAuthProfile>Basic</con:selectedAuthProfile><con:addedBasicAuthenticationTypes>Basic</con:addedBasicAuthenticationTypes><con:authType>Global HTTP Settings</con:authType></con:credentials><con:jmsConfig JMSDeliveryMode="PERSISTENT"/><con:jmsPropertyConfig/><con:wsaConfig mustUnderstand="NONE" version="200508" action="http://fidus.brussels/services/civilstatusdocumentservice/validateDocument"/><con:wsrmConfig version="1.2"/></con:call><con:call id="31c470c9-8bb3-46b5-9c97-dc5b5372538a" name="4 - Staging - Worker1 - Request"><con:settings><con:setting id="com.eviware.soapui.impl.wsdl.WsdlRequest@request-headers">&lt;xml-fragment/></con:setting></con:settings><con:encoding>UTF-8</con:encoding><con:endpoint>https://192.168.22.53:8443/services/CivilStatusDocumentService_v1.0</con:endpoint><con:request><![CDATA[<soapenv:Envelope xmlns:soapenv="http://schemas.xmlsoap.org/soap/envelope/" xmlns:v1="http://fidus.brussels/service/civilstatusdocumentservice/messages/v1" xmlns:v11="http://fidus.brussels/type/common/messages/v1" xmlns:core="http://www.fgov.be/dabs/core">
   <soapenv:Header/>
   <soapenv:Body>
      <v1:validateDocumentRequest>
         <v1:messageContext>
            <v11:messageId>${=import static java.util.UUID.randomUUID; uuid = randomUUID() as String}</v11:messageId>
            <v11:timestamp>${=new java.text.SimpleDateFormat("yyyy-MM-dd'T'HH:mm:ss.SSS").format(new Date())}</v11:timestamp>
         </v1:messageContext>
         <v1:legalContext>ServiceIntegrator</v1:legalContext>
         <v1:request>
            <v1:language>fr</v1:language>
             <v1:municipalityCode>d1051</v1:municipalityCode>
            <v1:validateDocument>
               <document xsi:type="core:marriageCertificate" xmlns:xsi="http://www.w3.org/2001/XMLSchema-instance">
                  <attachments/>
                  <certificateOriginType>FOREIGN_CERTIFICATE</certificateOriginType>
                  <factDate>
                     <day>26</day>
                     <month>12</month>
                     <year>2011</year>
                  </factDate>
                  <establishingDate>2018-07-17</establishingDate>
                  <redactionPlace>
                     <municipalityCode>12007</municipalityCode>
                     <countryCode>150</countryCode>
                     <countryFreeText>test</countryFreeText>
                  </redactionPlace>
                  <origin>DABS</origin>
                  <persons>
                     <person>
                        <origin>RR</origin>
                        <nobilityFree/>
                        <birthPlace>
                           <municipalityCode>12010</municipalityCode>
                           <countryCode>150</countryCode>
                           <countryFreeText>test</countryFreeText>
                        </birthPlace>
                        <birthDate>
                           <day>11</day>
                           <month>1</month>
                           <year>1980</year>
                        </birthDate>
                        <firstname>Katrien</firstname>
                        <lastname>De Bondt</lastname>
                        <roles>
                           <role>SPOUSE_2</role>
                        </roles>
                        <personNumber>11234</personNumber>
                     </person>
                     <person>
                        <origin>RR</origin>
                        <nobilityFree/>
                        <birthPlace>
                           <municipalityFreeText>Budel</municipalityFreeText>
                           <countryCode>129</countryCode>
                           <countryFreeText>test</countryFreeText>
                        </birthPlace>
                        <birthDate>
                           <day>5</day>
                           <month>7</month>
                           <year>1979</year>
                        </birthDate>
                        <firstname>Bram Tonny Gerda</firstname>
                        <lastname>Van Huffel</lastname>
                        <roles>
                           <role>SPOUSE_1</role>
                        </roles>
                        <personNumber>1125000</personNumber>
                     </person>
                     <person>
                        <origin>RR</origin>
                        <birthPlace>
                           <municipalityCode>12007</municipalityCode>
                           <countryCode>150</countryCode>
                           <countryFreeText>test</countryFreeText>
                        </birthPlace>
                        <birthDate>
                           <day>1</day>
                           <month>4</month>
                           <year>1986</year>
                        </birthDate>
                        <firstname>Mounir</firstname>
                        <lastname>Ouchan</lastname>
                        <roles>
                           <role>ABS</role>
                        </roles>
                        <personNumber>86040128370</personNumber>
                     </person>
                  </persons>
                  <oldDocumentReference>2018/33</oldDocumentReference>
                  <docState>FINAL</docState>
               </document>
            </v1:validateDocument>
         </v1:request>
      </v1:validateDocumentRequest>
   </soapenv:Body>
</soapenv:Envelope>]]></con:request><con:credentials><con:selectedAuthProfile>Basic</con:selectedAuthProfile><con:addedBasicAuthenticationTypes>Basic</con:addedBasicAuthenticationTypes><con:authType>Global HTTP Settings</con:authType></con:credentials><con:jmsConfig JMSDeliveryMode="PERSISTENT"/><con:jmsPropertyConfig/><con:wsaConfig mustUnderstand="NONE" version="200508" action="http://fidus.brussels/services/civilstatusdocumentservice/validateDocument"/><con:wsrmConfig version="1.2"/></con:call><con:call id="87466179-aa9a-44da-8f9c-4bd06ad0b325" name="4 - Staging - Worker2 - Request"><con:settings><con:setting id="com.eviware.soapui.impl.wsdl.WsdlRequest@request-headers">&lt;xml-fragment/></con:setting></con:settings><con:encoding>UTF-8</con:encoding><con:endpoint>https://192.168.22.53:8443/services/CivilStatusDocumentService_v1.0</con:endpoint><con:request><![CDATA[<soapenv:Envelope xmlns:soapenv="http://schemas.xmlsoap.org/soap/envelope/" xmlns:v1="http://fidus.brussels/service/civilstatusdocumentservice/messages/v1" xmlns:v11="http://fidus.brussels/type/common/messages/v1" xmlns:core="http://www.fgov.be/dabs/core">
   <soapenv:Header/>
   <soapenv:Body>
      <v1:validateDocumentRequest>
         <v1:messageContext>
            <v11:messageId>${=import static java.util.UUID.randomUUID; uuid = randomUUID() as String}</v11:messageId>
            <v11:timestamp>${=new java.text.SimpleDateFormat("yyyy-MM-dd'T'HH:mm:ss.SSS").format(new Date())}</v11:timestamp>
         </v1:messageContext>
         <v1:legalContext>ServiceIntegrator</v1:legalContext>
         <v1:request>
            <v1:language>fr</v1:language>
             <v1:municipalityCode>d1051</v1:municipalityCode>
            <v1:validateDocument>
               <document xsi:type="core:marriageCertificate" xmlns:xsi="http://www.w3.org/2001/XMLSchema-instance">
                  <attachments/>
                  <certificateOriginType>FOREIGN_CERTIFICATE</certificateOriginType>
                  <factDate>
                     <day>26</day>
                     <month>12</month>
                     <year>2011</year>
                  </factDate>
                  <establishingDate>2018-07-17</establishingDate>
                  <redactionPlace>
                     <municipalityCode>12007</municipalityCode>
                     <countryCode>150</countryCode>
                     <countryFreeText>test</countryFreeText>
                  </redactionPlace>
                  <origin>DABS</origin>
                  <persons>
                     <person>
                        <origin>RR</origin>
                        <nobilityFree/>
                        <birthPlace>
                           <municipalityCode>12010</municipalityCode>
                           <countryCode>150</countryCode>
                           <countryFreeText>test</countryFreeText>
                        </birthPlace>
                        <birthDate>
                           <day>11</day>
                           <month>1</month>
                           <year>1980</year>
                        </birthDate>
                        <firstname>Katrien</firstname>
                        <lastname>De Bondt</lastname>
                        <roles>
                           <role>SPOUSE_2</role>
                        </roles>
                        <personNumber>11234</personNumber>
                     </person>
                     <person>
                        <origin>RR</origin>
                        <nobilityFree/>
                        <birthPlace>
                           <municipalityFreeText>Budel</municipalityFreeText>
                           <countryCode>129</countryCode>
                           <countryFreeText>test</countryFreeText>
                        </birthPlace>
                        <birthDate>
                           <day>5</day>
                           <month>7</month>
                           <year>1979</year>
                        </birthDate>
                        <firstname>Bram Tonny Gerda</firstname>
                        <lastname>Van Huffel</lastname>
                        <roles>
                           <role>SPOUSE_1</role>
                        </roles>
                        <personNumber>1125000</personNumber>
                     </person>
                     <person>
                        <origin>RR</origin>
                        <birthPlace>
                           <municipalityCode>12007</municipalityCode>
                           <countryCode>150</countryCode>
                           <countryFreeText>test</countryFreeText>
                        </birthPlace>
                        <birthDate>
                           <day>1</day>
                           <month>4</month>
                           <year>1986</year>
                        </birthDate>
                        <firstname>Mounir</firstname>
                        <lastname>Ouchan</lastname>
                        <roles>
                           <role>ABS</role>
                        </roles>
                        <personNumber>86040128370</personNumber>
                     </person>
                  </persons>
                  <oldDocumentReference>2018/33</oldDocumentReference>
                  <docState>FINAL</docState>
               </document>
            </v1:validateDocument>
         </v1:request>
      </v1:validateDocumentRequest>
   </soapenv:Body>
</soapenv:Envelope>]]></con:request><con:credentials><con:selectedAuthProfile>Basic</con:selectedAuthProfile><con:addedBasicAuthenticationTypes>Basic</con:addedBasicAuthenticationTypes><con:authType>Global HTTP Settings</con:authType></con:credentials><con:jmsConfig JMSDeliveryMode="PERSISTENT"/><con:jmsPropertyConfig/><con:wsaConfig mustUnderstand="NONE" version="200508" action="http://fidus.brussels/services/civilstatusdocumentservice/validateDocument"/><con:wsrmConfig version="1.2"/></con:call></con:operation></con:interface><con:testSuite id="0c60ea7d-cab3-4414-a7a4-d07483b5decd" name="DEV"><con:settings/><con:runType>SEQUENTIAL</con:runType><con:testCase id="1019f13d-123d-47bd-afaa-c51e97c30a3b" failOnError="true" failTestCaseOnErrors="true" keepSession="false" maxResults="0" name="getCopyConform" searchProperties="true"><con:settings/><con:testStep type="request" id="e6b157c1-917a-477a-a9d5-360269d67231" name="testcase2 - Dev - Request"><con:settings/><con:config xsi:type="con:RequestStep" xmlns:xsi="http://www.w3.org/2001/XMLSchema-instance"><con:interface>CivilStatusDocumentService_v1.0Soap11Binding</con:interface><con:operation>getCopyConform</con:operation><con:request name="testcase2 - Dev - Request" id="68d6a940-466b-4a7e-b5fc-5f06e6141e3c" outgoingWss="Outflow DEV"><con:settings/><con:encoding>UTF-8</con:encoding><con:endpoint>https://192.168.36.61:8243/services/CivilStatusDocumentService_v1.0</con:endpoint><con:request><![CDATA[<soapenv:Envelope xmlns:soapenv="http://schemas.xmlsoap.org/soap/envelope/" xmlns:v1="http://fidus.brussels/service/civilstatusdocumentservice/messages/v1" xmlns:v11="http://fidus.brussels/type/common/messages/v1">
   <soapenv:Header/>
   <soapenv:Body>
      <v1:getCopyConformRequest>
         <v1:messageContext>
           <v11:messageId>${=import static java.util.UUID.randomUUID; uuid = randomUUID() as String}</v11:messageId>
            <v11:timestamp>${=new java.text.SimpleDateFormat("yyyy-MM-dd'T'HH:mm:ss.SSS").format(new Date())}</v11:timestamp>
         </v1:messageContext>
         <v1:legalContext>ServiceIntegrator</v1:legalContext>
         <v1:request>
            <v1:documentReference>20180000299194</v1:documentReference>
		  <v1:language>fr</v1:language>
		   <!--Optional:-->
            <v1:municipalityCode>d1051</v1:municipalityCode>
         </v1:request>
      </v1:getCopyConformRequest>
   </soapenv:Body>
</soapenv:Envelope>]]></con:request><con:assertion type="SOAP Fault Assertion" id="b9af6d5b-85e6-4225-8ae6-370fc34d4606" name="Not SOAP Fault"/><con:assertion type="SOAP Response" id="38b9054d-9dc3-49ce-9f51-7c2a38d579e8" name="SOAP Response"/><con:assertion type="Schema Compliance" id="6dbb2179-4071-43ee-a6cb-088bf01d3fd6" name="Schema Compliance"><con:configuration/></con:assertion><con:wsaConfig action="http://fidus.brussels/services/civilstatusdocumentservice/getCopyConform"/></con:request></con:config></con:testStep><con:properties/></con:testCase><con:testCase id="3ce0e791-9fe6-42cc-a578-585247b7175c" failOnError="true" failTestCaseOnErrors="true" keepSession="false" maxResults="0" name="getCopyConformAsPdf" searchProperties="true"><con:settings/><con:testStep type="request" id="e87ab978-9922-4b79-afe0-7cbbeeb9575d" name="testcase2 - Dev - Request"><con:settings/><con:config xsi:type="con:RequestStep" xmlns:xsi="http://www.w3.org/2001/XMLSchema-instance"><con:interface>CivilStatusDocumentService_v1.0Soap11Binding</con:interface><con:operation>getCopyConformAsPdf</con:operation><con:request name="testcase2 - Dev - Request" id="c0fb84ff-7673-4083-8900-eb56b08dab3f" outgoingWss="Outflow DEV"><con:settings/><con:encoding>UTF-8</con:encoding><con:endpoint>https://192.168.22.53:8443/services/CivilStatusDocumentService_v1.0</con:endpoint><con:request><![CDATA[<soapenv:Envelope xmlns:soapenv="http://schemas.xmlsoap.org/soap/envelope/" xmlns:v1="http://fidus.brussels/service/civilstatusdocumentservice/messages/v1" xmlns:v11="http://fidus.brussels/type/common/messages/v1">
   <soapenv:Header/>
   <soapenv:Body>
      <v1:getCopyConformAsPdfRequest>
         <v1:messageContext>
           <v11:messageId>${=import static java.util.UUID.randomUUID; uuid = randomUUID() as String}</v11:messageId>
            <v11:timestamp>${=new java.text.SimpleDateFormat("yyyy-MM-dd'T'HH:mm:ss.SSS").format(new Date())}</v11:timestamp>
         </v1:messageContext>
         <v1:legalContext>ServiceIntegrator</v1:legalContext>
         <v1:request>
            <v1:documentReference>20180000299194</v1:documentReference>
         	  <v1:language>fr</v1:language>
         	  <v1:municipalityCode>d1051</v1:municipalityCode>
         </v1:request>
      </v1:getCopyConformAsPdfRequest>
   </soapenv:Body>
</soapenv:Envelope>]]></con:request><con:assertion type="SOAP Fault Assertion" id="c932e264-63f6-49ae-b55f-1b6f1964a544" name="Not SOAP Fault"/><con:assertion type="SOAP Response" id="d1d6227d-764f-489b-a91d-48f24c5de0c9" name="SOAP Response"/><con:assertion type="Schema Compliance" id="33213b1c-a4fa-4654-b053-2656f24a0b80" name="Schema Compliance"><con:configuration/></con:assertion><con:wsaConfig action="http://fidus.brussels/services/civilstatusdocumentservice/getCopyConformAsPdf"/></con:request></con:config></con:testStep><con:properties/></con:testCase><con:testCase id="e246cfef-d587-406f-8e96-0462649ae0a3" failOnError="true" failTestCaseOnErrors="true" keepSession="false" maxResults="0" name="getDocument" searchProperties="true"><con:settings/><con:testStep type="request" id="0faa862e-5fa3-443f-a669-82ebfdea15ef" name="testcase2 - Dev - Request"><con:settings/><con:config xsi:type="con:RequestStep" xmlns:xsi="http://www.w3.org/2001/XMLSchema-instance"><con:interface>CivilStatusDocumentService_v1.0Soap11Binding</con:interface><con:operation>getDocument</con:operation><con:request name="testcase2 - Dev - Request" id="b75f6423-7023-476a-a836-0643c624a67c" outgoingWss="Outflow DEV"><con:settings/><con:encoding>UTF-8</con:encoding><con:endpoint>https://192.168.22.53:8443/services/CivilStatusDocumentService_v1.0</con:endpoint><con:request><![CDATA[<soapenv:Envelope xmlns:soapenv="http://schemas.xmlsoap.org/soap/envelope/" xmlns:v1="http://fidus.brussels/service/civilstatusdocumentservice/messages/v1" xmlns:v11="http://fidus.brussels/type/common/messages/v1">
   <soapenv:Header/>
   <soapenv:Body>
      <v1:getDocumentRequest>
         <v1:messageContext>
           <v11:messageId>${=import static java.util.UUID.randomUUID; uuid = randomUUID() as String}</v11:messageId>
            <v11:timestamp>${=new java.text.SimpleDateFormat("yyyy-MM-dd'T'HH:mm:ss.SSS").format(new Date())}</v11:timestamp>
         </v1:messageContext>
         <v1:legalContext>ServiceIntegrator</v1:legalContext>
         <v1:request>
            <v1:documentReference>201800002991940</v1:documentReference>
            <v1:language>fr</v1:language>
            <v1:municipalityCode>d1051</v1:municipalityCode>
         </v1:request>
      </v1:getDocumentRequest>
   </soapenv:Body>
</soapenv:Envelope>]]></con:request><con:assertion type="SOAP Fault Assertion" id="5b1bcc09-9fc6-4fbc-abc2-4fb656f31a17" name="Not SOAP Fault"/><con:assertion type="SOAP Response" id="cf106df7-e94d-43c1-b7ba-bfd4644d87e6" name="SOAP Response"/><con:assertion type="Schema Compliance" id="a2e8b7ba-e227-41ce-809e-0ab61edee91f" name="Schema Compliance"><con:configuration/></con:assertion><con:wsaConfig action="http://fidus.brussels/services/civilstatusdocumentservice/getDocument"/></con:request></con:config></con:testStep><con:properties/></con:testCase><con:testCase id="a0422b77-525f-436b-a51e-cbd0973da5c0" failOnError="true" failTestCaseOnErrors="true" keepSession="false" maxResults="0" name="getExtract" searchProperties="true"><con:settings/><con:testStep type="request" id="0cba9ced-0490-4124-a3ec-ddc3af772028" name="testcase2 - Dev - Request"><con:settings/><con:config xsi:type="con:RequestStep" xmlns:xsi="http://www.w3.org/2001/XMLSchema-instance"><con:interface>CivilStatusDocumentService_v1.0Soap11Binding</con:interface><con:operation>getExtract</con:operation><con:request name="testcase2 - Dev - Request" id="0e579bff-d472-4e93-8cc4-fb545c81b288" outgoingWss="Outflow DEV"><con:settings/><con:encoding>UTF-8</con:encoding><con:endpoint>https://192.168.22.53:8443/services/CivilStatusDocumentService_v1.0</con:endpoint><con:request><![CDATA[<soapenv:Envelope xmlns:soapenv="http://schemas.xmlsoap.org/soap/envelope/" xmlns:v1="http://fidus.brussels/service/civilstatusdocumentservice/messages/v1" xmlns:v11="http://fidus.brussels/type/common/messages/v1">
   <soapenv:Header/>
   <soapenv:Body>
      <v1:getExtractRequest>
         <v1:messageContext>
           <v11:messageId>${=import static java.util.UUID.randomUUID; uuid = randomUUID() as String}</v11:messageId>
            <v11:timestamp>${=new java.text.SimpleDateFormat("yyyy-MM-dd'T'HH:mm:ss.SSS").format(new Date())}</v11:timestamp>
         </v1:messageContext>
         <v1:legalContext>ServiceIntegrator</v1:legalContext>
         <v1:request>
            <v1:documentReference>20180000299194</v1:documentReference>
            <v1:language>fr</v1:language>
            <v1:municipalityCode>Z1051</v1:municipalityCode>
         </v1:request>
      </v1:getExtractRequest>
   </soapenv:Body>
</soapenv:Envelope>]]></con:request><con:assertion type="SOAP Fault Assertion" id="8d19c8a8-90a5-483f-a173-4130ddc0c87e" name="Not SOAP Fault"/><con:assertion type="SOAP Response" id="af90a000-fbe3-41d8-82ef-92fde5a59d9e" name="SOAP Response"/><con:assertion type="Schema Compliance" id="f7457929-6823-4945-aab0-5aca5d843121" name="Schema Compliance"><con:configuration/></con:assertion><con:wsaConfig action="http://fidus.brussels/services/civilstatusdocumentservice/getExtract"/></con:request></con:config></con:testStep><con:properties/></con:testCase><con:testCase id="61524f77-1f57-406f-8135-af69d796cbe9" failOnError="true" failTestCaseOnErrors="true" keepSession="false" maxResults="0" name="getExtractAsPdf" searchProperties="true"><con:settings/><con:testStep type="request" id="2a01ea4e-d9ee-4159-9d30-fe106a880ae1" name="testcase2 - Dev - Request"><con:settings/><con:config xsi:type="con:RequestStep" xmlns:xsi="http://www.w3.org/2001/XMLSchema-instance"><con:interface>CivilStatusDocumentService_v1.0Soap11Binding</con:interface><con:operation>getExtractAsPdf</con:operation><con:request name="testcase2 - Dev - Request" id="3aeb8fde-afad-49a6-b50f-673a6e1c4a0a" outgoingWss="Outflow DEV"><con:settings/><con:encoding>UTF-8</con:encoding><con:endpoint>https://192.168.36.61:8243/services/CivilStatusDocumentService_v1.0</con:endpoint><con:request><![CDATA[<soapenv:Envelope xmlns:soapenv="http://schemas.xmlsoap.org/soap/envelope/" xmlns:v1="http://fidus.brussels/service/civilstatusdocumentservice/messages/v1" xmlns:v11="http://fidus.brussels/type/common/messages/v1">
   <soapenv:Header/>
   <soapenv:Body>
      <v1:getExtractAsPdfRequest>
         <v1:messageContext>
           <v11:messageId>${=import static java.util.UUID.randomUUID; uuid = randomUUID() as String}</v11:messageId>
            <v11:timestamp>${=new java.text.SimpleDateFormat("yyyy-MM-dd'T'HH:mm:ss.SSS").format(new Date())}</v11:timestamp>
         </v1:messageContext>
         <v1:legalContext>ServiceIntegrator</v1:legalContext>
         <v1:request>
            <v1:documentReference>20180000299194</v1:documentReference>
            <v1:language>fr</v1:language>
         </v1:request>
      </v1:getExtractAsPdfRequest>
   </soapenv:Body>
</soapenv:Envelope>]]></con:request><con:assertion type="SOAP Fault Assertion" id="8fb94f9a-507a-4e08-846c-334eb9139c42" name="Not SOAP Fault"/><con:assertion type="SOAP Response" id="678881e7-807a-4b8e-aeff-ad36680ca4f7" name="SOAP Response"/><con:assertion type="Schema Compliance" id="eba9244f-89d8-4a45-bf10-e692d3c817a5" name="Schema Compliance"><con:configuration/></con:assertion><con:wsaConfig action="http://fidus.brussels/services/civilstatusdocumentservice/getExtractAsPdf"/></con:request></con:config></con:testStep><con:properties/></con:testCase><con:testCase id="e2c1ed34-8e61-4811-a567-c0748c91069f" failOnError="true" failTestCaseOnErrors="true" keepSession="false" maxResults="0" name="saveOrUpdateDocument" searchProperties="true"><con:settings/><con:testStep type="request" id="331321d9-af77-4580-92cc-e142a3d4caa8" name="testcase2 - Dev - Request"><con:settings/><con:config xsi:type="con:RequestStep" xmlns:xsi="http://www.w3.org/2001/XMLSchema-instance"><con:interface>CivilStatusDocumentService_v1.0Soap11Binding</con:interface><con:operation>saveOrUpdateDocument</con:operation><con:request name="testcase2 - Dev - Request" id="00b50ed6-4570-4dbb-b17d-858148e45393" outgoingWss="Outflow DEV"><con:settings/><con:encoding>UTF-8</con:encoding><con:endpoint>https://192.168.36.61:8243/services/CivilStatusDocumentService_v1.0</con:endpoint><con:request><![CDATA[<soapenv:Envelope xmlns:soapenv="http://schemas.xmlsoap.org/soap/envelope/" xmlns:v1="http://fidus.brussels/service/civilstatusdocumentservice/messages/v1" xmlns:v11="http://fidus.brussels/type/common/messages/v1" xmlns:core="http://www.fgov.be/dabs/core">
   <soapenv:Header/>
   <soapenv:Body>
      <v1:saveOrUpdateDocumentRequest>
         <v1:messageContext>
           <v11:messageId>${=import static java.util.UUID.randomUUID; uuid = randomUUID() as String}</v11:messageId>
            <v11:timestamp>${=new java.text.SimpleDateFormat("yyyy-MM-dd'T'HH:mm:ss.SSS").format(new Date())}</v11:timestamp>
         </v1:messageContext>
         <v1:legalContext>ServiceIntegrator</v1:legalContext>
         <v1:request>
            <v1:language>fr</v1:language>
            <v1:saveOrUpdateDocument>
          <core:document xmlns:xsi="http://www.w3.org/2001/XMLSchema-instance" xsi:type="core:marriageCertificate">
           <core:attachments/>
           <core:certificateOriginType>FOREIGN_CERTIFICATE</core:certificateOriginType>
           <core:factDate>
              <core:day>22</core:day>
              <core:month>12</core:month>
              <core:year>2011</core:year>
           </core:factDate>
           <core:establishingDate>2018-07-17</core:establishingDate>
           <core:redactionPlace>
              <core:municipalityCode>12007</core:municipalityCode>
              <core:countryCode>150</core:countryCode>
              <core:countryFreeText>test</core:countryFreeText>
           </core:redactionPlace>
           <core:origin>DABS</core:origin>
           <core:persons>
              <core:person>
                 <core:origin>RR</core:origin>
                 <core:nobilityFree/>
                 <core:birthPlace>
                    <core:municipalityCode>12010</core:municipalityCode>
                    <core:countryCode>150</core:countryCode>
                    <core:countryFreeText>test</core:countryFreeText>
                 </core:birthPlace>
                 <core:birthDate>
                    <core:day>11</core:day>
                    <core:month>1</core:month>
                    <core:year>1980</core:year>
                 </core:birthDate>
                 <core:firstname>Katrien</core:firstname>
                 <core:lastname>De Bondt</core:lastname>
                 <core:roles>
                    <core:role>SPOUSE_2</core:role>
                 </core:roles>
                 <core:personNumber>11234</core:personNumber>
              </core:person>
              <core:person>
                 <core:origin>RR</core:origin>
                 <core:nobilityFree/>
                 <core:birthPlace>
                    <core:municipalityFreeText>Budel</core:municipalityFreeText>
                    <core:countryCode>129</core:countryCode>
                    <core:countryFreeText>test</core:countryFreeText>
                 </core:birthPlace>
                 <core:birthDate>
                    <core:day>5</core:day>
                    <core:month>7</core:month>
                    <core:year>1979</core:year>
                 </core:birthDate>
                 <core:firstname>Bram Tonny Gerda</core:firstname>
                 <core:lastname>Van Huffel</core:lastname>
                 <core:roles>
                    <core:role>SPOUSE_1</core:role>
                 </core:roles>
                 <core:personNumber>1125000</core:personNumber>
              </core:person>
              <core:person>
                 <core:origin>RR</core:origin>
                 <core:birthPlace>
                    <core:municipalityCode>12007</core:municipalityCode>
                    <core:countryCode>150</core:countryCode>
                    <core:countryFreeText>test</core:countryFreeText>
                 </core:birthPlace>
                 <core:birthDate>
                    <core:day>1</core:day>
                    <core:month>4</core:month>
                    <core:year>1986</core:year>
                 </core:birthDate>
                 <core:firstname>Mounir</core:firstname>
                 <core:lastname>Ouchan</core:lastname>
                 <core:roles>
                    <core:role>ABS</core:role>
                 </core:roles>
                 <core:personNumber>86040128370</core:personNumber>
              </core:person>
           </core:persons>
           <core:oldDocumentReference>2018/33</core:oldDocumentReference>
           <core:docState>FINAL</core:docState>
        </core:document>
            </v1:saveOrUpdateDocument>
         </v1:request>
      </v1:saveOrUpdateDocumentRequest>
   </soapenv:Body>
</soapenv:Envelope>]]></con:request><con:assertion type="SOAP Fault Assertion" id="35794375-d0e7-426a-84c5-05e5f1682e16" name="Not SOAP Fault"/><con:assertion type="SOAP Response" id="788ab134-b5c4-4667-b4eb-0423301f266e" name="SOAP Response"/><con:assertion type="Schema Compliance" id="d7d1a2cd-5e88-4b5d-a8b6-9e333c4cc0a2" name="Schema Compliance"><con:configuration/></con:assertion><con:wsaConfig action="http://fidus.brussels/services/civilstatusdocumentservice/saveOrUpdateDocument"/></con:request></con:config></con:testStep><con:properties/></con:testCase><con:testCase id="c5848f15-daae-4a2c-b6e9-d1fd5afd0f93" failOnError="true" failTestCaseOnErrors="true" keepSession="false" maxResults="0" name="searchDocument" searchProperties="true"><con:settings/><con:testStep type="request" id="e381c67a-15b1-4c6d-8e8b-ad348392e38e" name="testcase2 - Dev - Request"><con:settings/><con:config xsi:type="con:RequestStep" xmlns:xsi="http://www.w3.org/2001/XMLSchema-instance"><con:interface>CivilStatusDocumentService_v1.0Soap11Binding</con:interface><con:operation>searchDocument</con:operation><con:request name="testcase2 - Dev - Request" id="a9eee01e-75ab-43a3-8c1f-b6c197e8f69f" outgoingWss="Outflow DEV"><con:settings/><con:encoding>UTF-8</con:encoding><con:endpoint>https://192.168.36.61:8243/services/CivilStatusDocumentService_v1.0</con:endpoint><con:request><![CDATA[<soapenv:Envelope xmlns:soapenv="http://schemas.xmlsoap.org/soap/envelope/" xmlns:v1="http://fidus.brussels/service/civilstatusdocumentservice/messages/v1" xmlns:v11="http://fidus.brussels/type/common/messages/v1" xmlns:core="http://www.fgov.be/dabs/core">
   <soapenv:Header/>
   <soapenv:Body>
      <v1:searchDocumentRequest>
         <v1:messageContext>
           <v11:messageId>${=import static java.util.UUID.randomUUID; uuid = randomUUID() as String}</v11:messageId>
            <v11:timestamp>${=new java.text.SimpleDateFormat("yyyy-MM-dd'T'HH:mm:ss.SSS").format(new Date())}</v11:timestamp>
         </v1:messageContext>
         <v1:legalContext>ServiceIntegrator</v1:legalContext>
         <v1:request>
            <v1:language>fr</v1:language>
            <v1:municipalityCode>d1051</v1:municipalityCode>
            <v1:searchDocument>
               <documentSearch>
                  <type>MARRIAGE_CERTIFICATE</type>
                  <state>FINAL</state>
                  <factDate>
                     <day>15</day>
                     <month>12</month>
                     <year>2011</year>
                  </factDate>
                  <personNumber>11234</personNumber>
                  <firstname>Katrien</firstname>
                  <lastname>De Bondt</lastname>
                  <birthDate>
                     <day>11</day>
                     <month>1</month>
                     <year>1980</year>
                  </birthDate>
                  <!--Optional:-->
                  <!--placeOfOrigin>?</placeOfOrigin-->
                  <searchInRrn>false</searchInRrn>
               </documentSearch>
            </v1:searchDocument>
         </v1:request>
      </v1:searchDocumentRequest>
   </soapenv:Body>
</soapenv:Envelope>]]></con:request><con:assertion type="SOAP Fault Assertion" id="252ebd62-cf6a-4839-b2f9-75496cb94226" name="Not SOAP Fault"/><con:assertion type="SOAP Response" id="f90b4d77-45ce-4589-9165-ad4750025ebf" name="SOAP Response"/><con:assertion type="Schema Compliance" id="5de0ee09-8dda-4e5c-9636-d3fdb032b26b" name="Schema Compliance"><con:configuration/></con:assertion><con:wsaConfig action="http://fidus.brussels/services/civilstatusdocumentservice/searchDocument"/></con:request></con:config></con:testStep><con:properties/></con:testCase><con:testCase id="e6ef0b43-e927-4680-a49f-eae76e853e90" failOnError="true" failTestCaseOnErrors="true" keepSession="false" maxResults="0" name="validateDocument" searchProperties="true"><con:settings/><con:testStep type="request" id="59be87a5-43fc-444e-b965-13a25d670151" name="testcase2 - Dev - Request"><con:settings/><con:config xsi:type="con:RequestStep" xmlns:xsi="http://www.w3.org/2001/XMLSchema-instance"><con:interface>CivilStatusDocumentService_v1.0Soap11Binding</con:interface><con:operation>validateDocument</con:operation><con:request name="testcase2 - Dev - Request" id="699e8e3e-fa14-43fd-8e19-eadcab22f4ce" outgoingWss="Outflow DEV"><con:settings/><con:encoding>UTF-8</con:encoding><con:endpoint>https://192.168.22.53:8443/services/CivilStatusDocumentService_v1.0</con:endpoint><con:request><![CDATA[<soapenv:Envelope xmlns:soapenv="http://schemas.xmlsoap.org/soap/envelope/" xmlns:v1="http://fidus.brussels/service/civilstatusdocumentservice/messages/v1" xmlns:v11="http://fidus.brussels/type/common/messages/v1" xmlns:core="http://www.fgov.be/dabs/core">
   <soapenv:Header/>
   <soapenv:Body>
      <v1:validateDocumentRequest>
         <v1:messageContext>
            <v11:messageId>${=import static java.util.UUID.randomUUID; uuid = randomUUID() as String}</v11:messageId>
            <v11:timestamp>${=new java.text.SimpleDateFormat("yyyy-MM-dd'T'HH:mm:ss.SSS").format(new Date())}</v11:timestamp>
         </v1:messageContext>
         <v1:legalContext>ServiceIntegrator</v1:legalContext>
         <v1:request>
            <v1:language>fr</v1:language>
             <v1:municipalityCode>d1051</v1:municipalityCode>
            <v1:validateDocument>
               <document xsi:type="core:marriageCertificate" xmlns:xsi="http://www.w3.org/2001/XMLSchema-instance">
                  <attachments/>
                  <certificateOriginType>FOREIGN_CERTIFICATE</certificateOriginType>
                  <factDate>
                     <day>26</day>
                     <month>12</month>
                     <year>2011</year>
                  </factDate>
                  <establishingDate>2018-07-17</establishingDate>
                  <redactionPlace>
                     <municipalityCode>12007</municipalityCode>
                     <countryCode>150</countryCode>
                     <countryFreeText>test</countryFreeText>
                  </redactionPlace>
                  <origin>DABS</origin>
                  <persons>
                     <person>
                        <origin>RR</origin>
                        <nobilityFree/>
                        <birthPlace>
                           <municipalityCode>12010</municipalityCode>
                           <countryCode>150</countryCode>
                           <countryFreeText>test</countryFreeText>
                        </birthPlace>
                        <birthDate>
                           <day>11</day>
                           <month>1</month>
                           <year>1980</year>
                        </birthDate>
                        <firstname>Katrien</firstname>
                        <lastname>De Bondt</lastname>
                        <roles>
                           <role>SPOUSE_2</role>
                        </roles>
                        <personNumber>11234</personNumber>
                     </person>
                     <person>
                        <origin>RR</origin>
                        <nobilityFree/>
                        <birthPlace>
                           <municipalityFreeText>Budel</municipalityFreeText>
                           <countryCode>129</countryCode>
                           <countryFreeText>test</countryFreeText>
                        </birthPlace>
                        <birthDate>
                           <day>5</day>
                           <month>7</month>
                           <year>1979</year>
                        </birthDate>
                        <firstname>Bram Tonny Gerda</firstname>
                        <lastname>Van Huffel</lastname>
                        <roles>
                           <role>SPOUSE_1</role>
                        </roles>
                        <personNumber>1125000</personNumber>
                     </person>
                     <person>
                        <origin>RR</origin>
                        <birthPlace>
                           <municipalityCode>12007</municipalityCode>
                           <countryCode>150</countryCode>
                           <countryFreeText>test</countryFreeText>
                        </birthPlace>
                        <birthDate>
                           <day>1</day>
                           <month>4</month>
                           <year>1986</year>
                        </birthDate>
                        <firstname>Mounir</firstname>
                        <lastname>Ouchan</lastname>
                        <roles>
                           <role>ABS</role>
                        </roles>
                        <personNumber>86040128370</personNumber>
                     </person>
                  </persons>
                  <oldDocumentReference>2018/33</oldDocumentReference>
                  <docState>FINAL</docState>
               </document>
            </v1:validateDocument>
         </v1:request>
      </v1:validateDocumentRequest>
   </soapenv:Body>
</soapenv:Envelope>]]></con:request><con:assertion type="SOAP Fault Assertion" id="5cfa4b4b-17f3-4fea-8b86-9f9a000a2039" name="Not SOAP Fault"/><con:assertion type="SOAP Response" id="55320fe8-e81a-4064-8386-113ca15f57fe" name="SOAP Response"/><con:assertion type="Schema Compliance" id="56b0425c-e902-4afa-acc4-a622bf3dd35a" name="Schema Compliance"><con:configuration/></con:assertion><con:wsaConfig action="http://fidus.brussels/services/civilstatusdocumentservice/validateDocument"/></con:request></con:config></con:testStep><con:properties/></con:testCase><con:properties/></con:testSuite><con:testSuite id="821cb584-7c35-4223-b907-56ba408ff0a5" name="TEST"><con:settings/><con:runType>SEQUENTIAL</con:runType><con:testCase id="e1eeac92-924d-44d2-b92d-96a9cc2c6eb7" failOnError="true" failTestCaseOnErrors="true" keepSession="false" maxResults="0" name="getCopyConform" searchProperties="true"><con:settings/><con:testStep type="request" id="02742555-e2bd-4f67-9b76-0d33e54c715e" name="testcase3 -Test - External - Request"><con:settings/><con:config xsi:type="con:RequestStep" xmlns:xsi="http://www.w3.org/2001/XMLSchema-instance"><con:interface>CivilStatusDocumentService_v1.0Soap11Binding</con:interface><con:operation>getCopyConform</con:operation><con:request name="testcase3 -Test - External - Request" id="68278ea5-7b6d-4f97-af01-a8dac1b25a8d" outgoingWss="Outflow TEST"><con:settings/><con:encoding>UTF-8</con:encoding><con:endpoint>https://fidus-test.irisnetlab.be/services/CivilStatusDocumentService_v1.0</con:endpoint><con:request><![CDATA[<soapenv:Envelope xmlns:soapenv="http://schemas.xmlsoap.org/soap/envelope/" xmlns:v1="http://fidus.brussels/service/civilstatusdocumentservice/messages/v1" xmlns:v11="http://fidus.brussels/type/common/messages/v1">
   <soapenv:Header/>
   <soapenv:Body>
      <v1:getCopyConformRequest>
         <v1:messageContext>
           <v11:messageId>${=import static java.util.UUID.randomUUID; uuid = randomUUID() as String}</v11:messageId>
            <v11:timestamp>${=new java.text.SimpleDateFormat("yyyy-MM-dd'T'HH:mm:ss.SSS").format(new Date())}</v11:timestamp>
         </v1:messageContext>
         <v1:legalContext>ServiceIntegrator</v1:legalContext>
         <v1:request>
            <v1:documentReference>20180000299194</v1:documentReference>
		  <v1:language>fr</v1:language>
         </v1:request>
      </v1:getCopyConformRequest>
   </soapenv:Body>
</soapenv:Envelope>]]></con:request><con:assertion type="SOAP Fault Assertion" id="51d7ba62-8727-4610-8dae-2e5464d28127" name="Not SOAP Fault"/><con:assertion type="SOAP Response" id="319b1953-2e18-499a-8868-6297feb72fff" name="SOAP Response"/><con:assertion type="Schema Compliance" id="66f2e75c-a305-4108-8c70-18901990fc7b" name="Schema Compliance"><con:configuration/></con:assertion><con:wsaConfig action="http://fidus.brussels/services/civilstatusdocumentservice/getCopyConform"/></con:request></con:config></con:testStep><con:testStep type="request" id="1911fd34-c758-41d8-bcc2-6bdae822dd99" name="testcase3 -Test - LB - Request"><con:settings/><con:config xsi:type="con:RequestStep" xmlns:xsi="http://www.w3.org/2001/XMLSchema-instance"><con:interface>CivilStatusDocumentService_v1.0Soap11Binding</con:interface><con:operation>getCopyConform</con:operation><con:request name="testcase3 -Test - LB - Request" id="64ad2d6f-55cf-4a39-be91-7d564cc71f03" outgoingWss="Outflow TEST"><con:settings/><con:encoding>UTF-8</con:encoding><con:endpoint>https://esb-security-gw.sta.srv.cirb.lan:8443/services/CivilStatusDocumentService_v1.0</con:endpoint><con:request><![CDATA[<soapenv:Envelope xmlns:soapenv="http://schemas.xmlsoap.org/soap/envelope/" xmlns:v1="http://fidus.brussels/service/civilstatusdocumentservice/messages/v1" xmlns:v11="http://fidus.brussels/type/common/messages/v1">
   <soapenv:Header/>
   <soapenv:Body>
      <v1:getCopyConformRequest>
         <v1:messageContext>
            <v11:messageId>${=import static java.util.UUID.randomUUID; uuid = randomUUID() as String}</v11:messageId>
            <v11:timestamp>${=new java.text.SimpleDateFormat("yyyy-MM-dd'T'HH:mm:ss.SSS").format(new Date())}</v11:timestamp>
         </v1:messageContext>
         <v1:legalContext>ServiceIntegrator</v1:legalContext>
         <v1:request>
            <v1:documentReference>20180000299194</v1:documentReference>
            <v1:language>fr</v1:language>
         </v1:request>
      </v1:getCopyConformRequest>
   </soapenv:Body>
</soapenv:Envelope>]]></con:request><con:assertion type="SOAP Fault Assertion" id="a4b308ee-aa32-4bdd-9877-de08347386b9" name="Not SOAP Fault"/><con:assertion type="SOAP Response" id="9e57fc89-e82a-43df-9bb7-6d5134bc3c6d" name="SOAP Response"/><con:assertion type="Schema Compliance" id="9b1a9c5e-dab9-44f4-9acb-bc2b258e3da4" name="Schema Compliance"><con:configuration/></con:assertion><con:wsaConfig action="http://fidus.brussels/services/civilstatusdocumentservice/getCopyConform"/></con:request></con:config></con:testStep><con:testStep type="request" id="8941a219-014b-480c-b597-9814b4682e6b" name="testcase3 -Test - Worker1 - Request"><con:settings/><con:config xsi:type="con:RequestStep" xmlns:xsi="http://www.w3.org/2001/XMLSchema-instance"><con:interface>CivilStatusDocumentService_v1.0Soap11Binding</con:interface><con:operation>getCopyConform</con:operation><con:request name="testcase3 -Test - Worker1 - Request" id="9509f504-d057-4b1f-97c4-ebb761aaa776" outgoingWss="Outflow TEST"><con:settings/><con:encoding>UTF-8</con:encoding><con:endpoint>https://192.168.22.53:8443/services/CivilStatusDocumentService_v1.0</con:endpoint><con:request><![CDATA[<soapenv:Envelope xmlns:soapenv="http://schemas.xmlsoap.org/soap/envelope/" xmlns:v1="http://fidus.brussels/service/civilstatusdocumentservice/messages/v1" xmlns:v11="http://fidus.brussels/type/common/messages/v1">
   <soapenv:Header/>
   <soapenv:Body>
      <v1:getCopyConformRequest>
         <v1:messageContext>
           <v11:messageId>${=import static java.util.UUID.randomUUID; uuid = randomUUID() as String}</v11:messageId>
            <v11:timestamp>${=new java.text.SimpleDateFormat("yyyy-MM-dd'T'HH:mm:ss.SSS").format(new Date())}</v11:timestamp>
         </v1:messageContext>
         <v1:legalContext>ServiceIntegrator</v1:legalContext>
         <v1:request>
            <v1:documentReference>20180000299194</v1:documentReference>
		  <v1:language>fr</v1:language>
         </v1:request>
      </v1:getCopyConformRequest>
   </soapenv:Body>
</soapenv:Envelope>]]></con:request><con:assertion type="SOAP Fault Assertion" id="9b81aeb0-225a-4351-991b-3db73a478de3" name="Not SOAP Fault"/><con:assertion type="SOAP Response" id="08cf411b-94a3-4f46-962f-49891b83a32b" name="SOAP Response"/><con:assertion type="Schema Compliance" id="eb635c89-6be0-4e7f-b02a-36bb749d7364" name="Schema Compliance"><con:configuration/></con:assertion><con:wsaConfig action="http://fidus.brussels/services/civilstatusdocumentservice/getCopyConform"/></con:request></con:config></con:testStep><con:testStep type="request" id="8e5acd8a-ba91-4286-90da-03e530163bb7" name="testcase3 -Test - Worker2 - Request"><con:settings/><con:config xsi:type="con:RequestStep" xmlns:xsi="http://www.w3.org/2001/XMLSchema-instance"><con:interface>CivilStatusDocumentService_v1.0Soap11Binding</con:interface><con:operation>getCopyConform</con:operation><con:request name="testcase3 -Test - Worker2 - Request" id="db9ed3c7-bdb1-4a9a-85ef-e5a7a0e3b065" outgoingWss="Outflow TEST"><con:settings/><con:encoding>UTF-8</con:encoding><con:endpoint>https://192.168.22.54:8443/services/CivilStatusDocumentService_v1.0</con:endpoint><con:request><![CDATA[<soapenv:Envelope xmlns:soapenv="http://schemas.xmlsoap.org/soap/envelope/" xmlns:v1="http://fidus.brussels/service/civilstatusdocumentservice/messages/v1" xmlns:v11="http://fidus.brussels/type/common/messages/v1">
   <soapenv:Header/>
   <soapenv:Body>
      <v1:getCopyConformRequest>
         <v1:messageContext>
           <v11:messageId>${=import static java.util.UUID.randomUUID; uuid = randomUUID() as String}</v11:messageId>
            <v11:timestamp>${=new java.text.SimpleDateFormat("yyyy-MM-dd'T'HH:mm:ss.SSS").format(new Date())}</v11:timestamp>
         </v1:messageContext>
         <v1:legalContext>ServiceIntegrator</v1:legalContext>
         <v1:request>
            <v1:documentReference>20180000299194</v1:documentReference>
		  <v1:language>fr</v1:language>
         </v1:request>
      </v1:getCopyConformRequest>
   </soapenv:Body>
</soapenv:Envelope>]]></con:request><con:assertion type="SOAP Fault Assertion" id="475dfe88-3b42-4080-a6e7-868ead9c31a8" name="Not SOAP Fault"/><con:assertion type="SOAP Response" id="411093cc-ed7b-42e5-be7d-dc54462361ad" name="SOAP Response"/><con:assertion type="Schema Compliance" id="9613ca2f-29bc-4b9a-8c31-51b6bf4714e1" name="Schema Compliance"><con:configuration/></con:assertion><con:wsaConfig action="http://fidus.brussels/services/civilstatusdocumentservice/getCopyConform"/></con:request></con:config></con:testStep><con:properties/></con:testCase><con:testCase id="4f945fda-93d1-4b48-9bb0-d2ab10a2a599" failOnError="true" failTestCaseOnErrors="true" keepSession="false" maxResults="0" name="getCopyConformAsPdf" searchProperties="true"><con:settings/><con:testStep type="request" id="e4bca411-c311-4d1b-8edc-8564ebefa6ba" name="testcase3 -Test - External - Request"><con:settings/><con:config xsi:type="con:RequestStep" xmlns:xsi="http://www.w3.org/2001/XMLSchema-instance"><con:interface>CivilStatusDocumentService_v1.0Soap11Binding</con:interface><con:operation>getCopyConformAsPdf</con:operation><con:request name="testcase3 -Test - External - Request" id="42e51747-b0ae-4312-821a-24fbde8f23c9" outgoingWss="Outflow TEST"><con:settings/><con:encoding>UTF-8</con:encoding><con:endpoint>https://192.168.22.53:8443/services/CivilStatusDocumentService_v1.0</con:endpoint><con:request><![CDATA[<soapenv:Envelope xmlns:soapenv="http://schemas.xmlsoap.org/soap/envelope/" xmlns:v1="http://fidus.brussels/service/civilstatusdocumentservice/messages/v1" xmlns:v11="http://fidus.brussels/type/common/messages/v1">
   <soapenv:Header/>
   <soapenv:Body>
      <v1:getCopyConformAsPdfRequest>
         <v1:messageContext>
           <v11:messageId>${=import static java.util.UUID.randomUUID; uuid = randomUUID() as String}</v11:messageId>
            <!--Optional:-->
            <v11:timestamp>${=new java.text.SimpleDateFormat("yyyy-MM-dd'T'HH:mm:ss.SSS").format(new Date())}</v11:timestamp>
         </v1:messageContext>
         <v1:legalContext>ServiceIntegrator</v1:legalContext>
         <v1:request>
            <v1:documentReference>20180000299194</v1:documentReference>
            <v1:language>fr</v1:language>
            <!--Optional:-->
            <v1:municipalityCode>01050</v1:municipalityCode>
         </v1:request>
      </v1:getCopyConformAsPdfRequest>
   </soapenv:Body>
</soapenv:Envelope>]]></con:request><con:assertion type="SOAP Fault Assertion" id="97159f75-7610-42c1-9f76-790bbe47fa69" name="Not SOAP Fault"/><con:assertion type="SOAP Response" id="77e2e3da-4e34-4813-a23e-7b7bcf02f472" name="SOAP Response"/><con:assertion type="Schema Compliance" id="b5f67fdc-e887-4e8c-8edf-e60ca8148496" name="Schema Compliance"><con:configuration/></con:assertion><con:wsaConfig action="http://fidus.brussels/services/civilstatusdocumentservice/getCopyConformAsPdf"/></con:request></con:config></con:testStep><con:testStep type="request" id="6a56b34b-8093-4116-bb78-bd3c8dbd4340" name="testcase3 -Test - LB - Request"><con:settings/><con:config xsi:type="con:RequestStep" xmlns:xsi="http://www.w3.org/2001/XMLSchema-instance"><con:interface>CivilStatusDocumentService_v1.0Soap11Binding</con:interface><con:operation>getCopyConformAsPdf</con:operation><con:request name="testcase3 -Test - LB - Request" id="dfafddec-6da6-4cbe-907c-0e99f8e378c7" outgoingWss="Outflow TEST"><con:settings/><con:encoding>UTF-8</con:encoding><con:endpoint>https://esb-security-gw.sta.srv.cirb.lan:8443/services/CivilStatusDocumentService_v1.0</con:endpoint><con:request><![CDATA[<soapenv:Envelope xmlns:soapenv="http://schemas.xmlsoap.org/soap/envelope/" xmlns:v1="http://fidus.brussels/service/civilstatusdocumentservice/messages/v1" xmlns:v11="http://fidus.brussels/type/common/messages/v1">
   <soapenv:Header/>
   <soapenv:Body>
      <v1:getCopyConformAsPdfRequest>
         <v1:messageContext>
           <v11:messageId>${=import static java.util.UUID.randomUUID; uuid = randomUUID() as String}</v11:messageId>
            <v11:timestamp>${=new java.text.SimpleDateFormat("yyyy-MM-dd'T'HH:mm:ss.SSS").format(new Date())}</v11:timestamp>
         </v1:messageContext>
         <v1:legalContext>ServiceIntegrator</v1:legalContext>
         <v1:request>
            <v1:documentReference>20180000299194</v1:documentReference>
         	  <v1:language>fr</v1:language>
         </v1:request>
      </v1:getCopyConformAsPdfRequest>
   </soapenv:Body>
</soapenv:Envelope>]]></con:request><con:assertion type="SOAP Fault Assertion" id="43582d09-7672-4a65-a0c2-ee8c76fb2bc5" name="Not SOAP Fault"/><con:assertion type="SOAP Response" id="ad173fe2-a176-45d2-ba46-e593b00336dc" name="SOAP Response"/><con:assertion type="Schema Compliance" id="eec0bdd5-85af-4f34-b5e8-2b94d063b200" name="Schema Compliance"><con:configuration/></con:assertion><con:wsaConfig action="http://fidus.brussels/services/civilstatusdocumentservice/getCopyConformAsPdf"/></con:request></con:config></con:testStep><con:testStep type="request" id="8c6427e2-949d-4c4c-b90e-0e14a1a04311" name="testcase3 -Test - Worker1 - Request"><con:settings/><con:config xsi:type="con:RequestStep" xmlns:xsi="http://www.w3.org/2001/XMLSchema-instance"><con:interface>CivilStatusDocumentService_v1.0Soap11Binding</con:interface><con:operation>getCopyConformAsPdf</con:operation><con:request name="testcase3 -Test - Worker1 - Request" id="0376dbfd-a718-478b-af71-253d55ff2512" outgoingWss="Outflow TEST"><con:settings/><con:encoding>UTF-8</con:encoding><con:endpoint>https://192.168.22.53:8443/services/CivilStatusDocumentService_v1.0</con:endpoint><con:request><![CDATA[<soapenv:Envelope xmlns:soapenv="http://schemas.xmlsoap.org/soap/envelope/" xmlns:v1="http://fidus.brussels/service/civilstatusdocumentservice/messages/v1" xmlns:v11="http://fidus.brussels/type/common/messages/v1">
   <soapenv:Header/>
   <soapenv:Body>
      <v1:getCopyConformAsPdfRequest>
         <v1:messageContext>
           <v11:messageId>${=import static java.util.UUID.randomUUID; uuid = randomUUID() as String}</v11:messageId>
            <v11:timestamp>${=new java.text.SimpleDateFormat("yyyy-MM-dd'T'HH:mm:ss.SSS").format(new Date())}</v11:timestamp>
         </v1:messageContext>
         <v1:legalContext>ServiceIntegrator</v1:legalContext>
         <v1:request>
            <v1:documentReference>20180000299194</v1:documentReference>
         	  <v1:language>fr</v1:language>
         </v1:request>
      </v1:getCopyConformAsPdfRequest>
   </soapenv:Body>
</soapenv:Envelope>]]></con:request><con:assertion type="SOAP Fault Assertion" id="1ba92550-813f-440a-a512-eb2a035aa4c5" name="Not SOAP Fault"/><con:assertion type="SOAP Response" id="a183e8b8-b326-490f-9f5e-8f1220ca218c" name="SOAP Response"/><con:assertion type="Schema Compliance" id="df6b1e8a-e17e-4912-81db-9dfeb7e90391" name="Schema Compliance"><con:configuration/></con:assertion><con:wsaConfig action="http://fidus.brussels/services/civilstatusdocumentservice/getCopyConformAsPdf"/></con:request></con:config></con:testStep><con:testStep type="request" id="0c04c6b8-5b47-4fe5-a055-ee7e22c82ecd" name="testcase3 -Test - Worker2 - Request"><con:settings/><con:config xsi:type="con:RequestStep" xmlns:xsi="http://www.w3.org/2001/XMLSchema-instance"><con:interface>CivilStatusDocumentService_v1.0Soap11Binding</con:interface><con:operation>getCopyConformAsPdf</con:operation><con:request name="testcase3 -Test - Worker2 - Request" id="9be3f0f8-55e8-40f1-a4cb-6f926fb78d30" outgoingWss="Outflow TEST"><con:settings/><con:encoding>UTF-8</con:encoding><con:endpoint>https://192.168.22.54:8443/services/CivilStatusDocumentService_v1.0</con:endpoint><con:request><![CDATA[<soapenv:Envelope xmlns:soapenv="http://schemas.xmlsoap.org/soap/envelope/" xmlns:v1="http://fidus.brussels/service/civilstatusdocumentservice/messages/v1" xmlns:v11="http://fidus.brussels/type/common/messages/v1">
   <soapenv:Header/>
   <soapenv:Body>
      <v1:getCopyConformAsPdfRequest>
         <v1:messageContext>
           <v11:messageId>${=import static java.util.UUID.randomUUID; uuid = randomUUID() as String}</v11:messageId>
            <v11:timestamp>${=new java.text.SimpleDateFormat("yyyy-MM-dd'T'HH:mm:ss.SSS").format(new Date())}</v11:timestamp>
         </v1:messageContext>
         <v1:legalContext>ServiceIntegrator</v1:legalContext>
         <v1:request>
            <v1:documentReference>20180000299194</v1:documentReference>
         	  <v1:language>fr</v1:language>
         </v1:request>
      </v1:getCopyConformAsPdfRequest>
   </soapenv:Body>
</soapenv:Envelope>]]></con:request><con:assertion type="SOAP Fault Assertion" id="5b58ec97-d89c-4af7-844b-752832f8210b" name="Not SOAP Fault"/><con:assertion type="SOAP Response" id="d42c2329-3ae5-47ee-addf-9a048bab0046" name="SOAP Response"/><con:assertion type="Schema Compliance" id="d24b9c2e-4175-478c-85f8-ac80508c57ea" name="Schema Compliance"><con:configuration/></con:assertion><con:wsaConfig action="http://fidus.brussels/services/civilstatusdocumentservice/getCopyConformAsPdf"/></con:request></con:config></con:testStep><con:properties/></con:testCase><con:testCase id="281bdda6-3439-4c2c-a4d9-1a3deec617f5" failOnError="true" failTestCaseOnErrors="true" keepSession="false" maxResults="0" name="getDocument" searchProperties="true"><con:settings/><con:testStep type="request" id="74463a99-3c2f-4a90-964b-26a59b00e5cd" name="testcase3 -Test - External - Request"><con:settings/><con:config xsi:type="con:RequestStep" xmlns:xsi="http://www.w3.org/2001/XMLSchema-instance"><con:interface>CivilStatusDocumentService_v1.0Soap11Binding</con:interface><con:operation>getDocument</con:operation><con:request name="testcase3 -Test - External - Request" id="2053bd06-7bc9-4254-8d94-ab1d88e6dc1b" outgoingWss="Outflow TEST"><con:settings/><con:encoding>UTF-8</con:encoding><con:endpoint>https://fidus-test.irisnetlab.be/services/CivilStatusDocumentService_v1.0</con:endpoint><con:request><![CDATA[<soapenv:Envelope xmlns:soapenv="http://schemas.xmlsoap.org/soap/envelope/" xmlns:v1="http://fidus.brussels/service/civilstatusdocumentservice/messages/v1" xmlns:v11="http://fidus.brussels/type/common/messages/v1">
   <soapenv:Header/>
   <soapenv:Body>
      <v1:getDocumentRequest>
         <v1:messageContext>
           <v11:messageId>${=import static java.util.UUID.randomUUID; uuid = randomUUID() as String}</v11:messageId>
            <v11:timestamp>${=new java.text.SimpleDateFormat("yyyy-MM-dd'T'HH:mm:ss.SSS").format(new Date())}</v11:timestamp>
         </v1:messageContext>
         <v1:legalContext>ServiceIntegrator</v1:legalContext>
         <v1:request>
            <v1:documentReference>20180000299194</v1:documentReference>
            <v1:language>fr</v1:language>
         </v1:request>
      </v1:getDocumentRequest>
   </soapenv:Body>
</soapenv:Envelope>]]></con:request><con:assertion type="SOAP Fault Assertion" id="9b642c75-72a1-4bae-9a23-dbd4e3860bef" name="Not SOAP Fault"/><con:assertion type="SOAP Response" id="fdebf2c1-ce1d-479e-9800-b54271cf59d5" name="SOAP Response"/><con:assertion type="Schema Compliance" id="98a8b2e3-eea9-48e3-bfe1-f93823b092f1" name="Schema Compliance"><con:configuration/></con:assertion><con:wsaConfig action="http://fidus.brussels/services/civilstatusdocumentservice/getDocument"/></con:request></con:config></con:testStep><con:testStep type="request" id="46cab05d-d224-42f2-884f-b90aed430047" name="testcase3 -Test - LB - Request"><con:settings/><con:config xsi:type="con:RequestStep" xmlns:xsi="http://www.w3.org/2001/XMLSchema-instance"><con:interface>CivilStatusDocumentService_v1.0Soap11Binding</con:interface><con:operation>getDocument</con:operation><con:request name="testcase3 -Test - LB - Request" id="f68b4342-1fba-4f3f-8307-2d872a9af6a2" outgoingWss="Outflow TEST"><con:settings/><con:encoding>UTF-8</con:encoding><con:endpoint>https://esb-security-gw.sta.srv.cirb.lan:8443/services/CivilStatusDocumentService_v1.0</con:endpoint><con:request><![CDATA[<soapenv:Envelope xmlns:soapenv="http://schemas.xmlsoap.org/soap/envelope/" xmlns:v1="http://fidus.brussels/service/civilstatusdocumentservice/messages/v1" xmlns:v11="http://fidus.brussels/type/common/messages/v1">
   <soapenv:Header/>
   <soapenv:Body>
      <v1:getDocumentRequest>
         <v1:messageContext>
           <v11:messageId>${=import static java.util.UUID.randomUUID; uuid = randomUUID() as String}</v11:messageId>
            <v11:timestamp>${=new java.text.SimpleDateFormat("yyyy-MM-dd'T'HH:mm:ss.SSS").format(new Date())}</v11:timestamp>
         </v1:messageContext>
         <v1:legalContext>ServiceIntegrator</v1:legalContext>
         <v1:request>
            <v1:documentReference>20180000299194</v1:documentReference>
            <v1:language>fr</v1:language>
         </v1:request>
      </v1:getDocumentRequest>
   </soapenv:Body>
</soapenv:Envelope>]]></con:request><con:assertion type="SOAP Fault Assertion" id="d8e61635-bcd6-4bf5-ab8a-e9cf8ac8e218" name="Not SOAP Fault"/><con:assertion type="SOAP Response" id="e1bfa319-b1c2-4c60-afa0-cfb5c5dd54b0" name="SOAP Response"/><con:assertion type="Schema Compliance" id="7d6d28d2-d47d-4401-9e09-e78bcce41bfa" name="Schema Compliance"><con:configuration/></con:assertion><con:wsaConfig action="http://fidus.brussels/services/civilstatusdocumentservice/getDocument"/></con:request></con:config></con:testStep><con:testStep type="request" id="a56487dd-cdad-483d-9af3-5fdd343d116a" name="testcase3 -Test - Worker1 - Request"><con:settings/><con:config xsi:type="con:RequestStep" xmlns:xsi="http://www.w3.org/2001/XMLSchema-instance"><con:interface>CivilStatusDocumentService_v1.0Soap11Binding</con:interface><con:operation>getDocument</con:operation><con:request name="testcase3 -Test - Worker1 - Request" id="8549aded-2afc-4199-914f-98cd819d8fa1" outgoingWss="Outflow TEST"><con:settings/><con:encoding>UTF-8</con:encoding><con:endpoint>https://192.168.22.53:8443/services/CivilStatusDocumentService_v1.0</con:endpoint><con:request><![CDATA[<soapenv:Envelope xmlns:soapenv="http://schemas.xmlsoap.org/soap/envelope/" xmlns:v1="http://fidus.brussels/service/civilstatusdocumentservice/messages/v1" xmlns:v11="http://fidus.brussels/type/common/messages/v1">
   <soapenv:Header/>
   <soapenv:Body>
      <v1:getDocumentRequest>
         <v1:messageContext>
           <v11:messageId>${=import static java.util.UUID.randomUUID; uuid = randomUUID() as String}</v11:messageId>
            <v11:timestamp>${=new java.text.SimpleDateFormat("yyyy-MM-dd'T'HH:mm:ss.SSS").format(new Date())}</v11:timestamp>
         </v1:messageContext>
         <v1:legalContext>ServiceIntegrator</v1:legalContext>
         <v1:request>
            <v1:documentReference>20180000299194</v1:documentReference>
            <v1:language>fr</v1:language>
         </v1:request>
      </v1:getDocumentRequest>
   </soapenv:Body>
</soapenv:Envelope>]]></con:request><con:assertion type="SOAP Fault Assertion" id="04912ad3-af45-4f29-8770-f4fe4b862775" name="Not SOAP Fault"/><con:assertion type="SOAP Response" id="5fdd9562-2c67-4eac-bf9e-a6bdcfa00e91" name="SOAP Response"/><con:assertion type="Schema Compliance" id="35e18c7e-50aa-4083-a754-197e6a506a7a" name="Schema Compliance"><con:configuration/></con:assertion><con:wsaConfig action="http://fidus.brussels/services/civilstatusdocumentservice/getDocument"/></con:request></con:config></con:testStep><con:testStep type="request" id="d33b0f81-0ab3-4d67-81e8-1b1e16f47a0f" name="testcase3 -Test - Worker2 - Request"><con:settings/><con:config xsi:type="con:RequestStep" xmlns:xsi="http://www.w3.org/2001/XMLSchema-instance"><con:interface>CivilStatusDocumentService_v1.0Soap11Binding</con:interface><con:operation>getDocument</con:operation><con:request name="testcase3 -Test - Worker2 - Request" id="d93b34ba-af1d-4824-9089-7ef4be4e6d27" outgoingWss="Outflow TEST"><con:settings/><con:encoding>UTF-8</con:encoding><con:endpoint>https://192.168.22.54:8443/services/CivilStatusDocumentService_v1.0</con:endpoint><con:request><![CDATA[<soapenv:Envelope xmlns:soapenv="http://schemas.xmlsoap.org/soap/envelope/" xmlns:v1="http://fidus.brussels/service/civilstatusdocumentservice/messages/v1" xmlns:v11="http://fidus.brussels/type/common/messages/v1">
   <soapenv:Header/>
   <soapenv:Body>
      <v1:getDocumentRequest>
         <v1:messageContext>
           <v11:messageId>${=import static java.util.UUID.randomUUID; uuid = randomUUID() as String}</v11:messageId>
            <v11:timestamp>${=new java.text.SimpleDateFormat("yyyy-MM-dd'T'HH:mm:ss.SSS").format(new Date())}</v11:timestamp>
         </v1:messageContext>
         <v1:legalContext>ServiceIntegrator</v1:legalContext>
         <v1:request>
            <v1:documentReference>20180000299194</v1:documentReference>
            <v1:language>fr</v1:language>
         </v1:request>
      </v1:getDocumentRequest>
   </soapenv:Body>
</soapenv:Envelope>]]></con:request><con:assertion type="SOAP Fault Assertion" id="20a02c29-9cab-42bd-a699-c9c93ea5a49f" name="Not SOAP Fault"/><con:assertion type="SOAP Response" id="9e63312d-8528-4259-84e1-426eb44785f2" name="SOAP Response"/><con:assertion type="Schema Compliance" id="39e13902-c990-47d6-9049-bd0f0c877a36" name="Schema Compliance"><con:configuration/></con:assertion><con:wsaConfig action="http://fidus.brussels/services/civilstatusdocumentservice/getDocument"/></con:request></con:config></con:testStep><con:properties/></con:testCase><con:testCase id="f759ad60-1545-4331-b75a-819b0dac6b17" failOnError="true" failTestCaseOnErrors="true" keepSession="false" maxResults="0" name="getExtract" searchProperties="true"><con:settings/><con:testStep type="request" id="f80f5173-d610-4ba1-856c-71f141d3fcc9" name="testcase3 -Test - External - Request"><con:settings/><con:config xsi:type="con:RequestStep" xmlns:xsi="http://www.w3.org/2001/XMLSchema-instance"><con:interface>CivilStatusDocumentService_v1.0Soap11Binding</con:interface><con:operation>getExtract</con:operation><con:request name="testcase3 -Test - External - Request" id="f4be0322-77da-46f6-95fc-73a2bc26fea6" outgoingWss="Outflow TEST"><con:settings/><con:encoding>UTF-8</con:encoding><con:endpoint>https://192.168.22.53:8443/services/CivilStatusDocumentService_v1.0</con:endpoint><con:request><![CDATA[<soapenv:Envelope xmlns:soapenv="http://schemas.xmlsoap.org/soap/envelope/" xmlns:v1="http://fidus.brussels/service/civilstatusdocumentservice/messages/v1" xmlns:v11="http://fidus.brussels/type/common/messages/v1">
   <soapenv:Header/>
   <soapenv:Body>
      <v1:getExtractRequest>
         <v1:messageContext>
           <v11:messageId>${=import static java.util.UUID.randomUUID; uuid = randomUUID() as String}</v11:messageId>
            <v11:timestamp>${=new java.text.SimpleDateFormat("yyyy-MM-dd'T'HH:mm:ss.SSS").format(new Date())}</v11:timestamp>
         </v1:messageContext>
         <v1:legalContext>ServiceIntegrator</v1:legalContext>
         <v1:request>
            <v1:documentReference>201800002991940</v1:documentReference>
            <v1:language>fr</v1:language>
         </v1:request>
      </v1:getExtractRequest>
   </soapenv:Body>
</soapenv:Envelope>]]></con:request><con:assertion type="SOAP Fault Assertion" id="0ed9f466-bea5-4976-9317-4429e73ee283" name="Not SOAP Fault"/><con:assertion type="SOAP Response" id="68a15702-c90c-469f-abce-25561a16a62c" name="SOAP Response"/><con:assertion type="Schema Compliance" id="d0992636-97e5-402f-9823-6df4adf2df3a" name="Schema Compliance"><con:configuration/></con:assertion><con:wsaConfig action="http://fidus.brussels/services/civilstatusdocumentservice/getExtract"/></con:request></con:config></con:testStep><con:testStep type="request" id="43120838-7507-4ff2-8643-cd9c1672cf08" name="testcase3 -Test - LB - Request"><con:settings/><con:config xsi:type="con:RequestStep" xmlns:xsi="http://www.w3.org/2001/XMLSchema-instance"><con:interface>CivilStatusDocumentService_v1.0Soap11Binding</con:interface><con:operation>getExtract</con:operation><con:request name="testcase3 -Test - LB - Request" id="4897b478-078a-48d4-9391-887b304d6541" outgoingWss="Outflow TEST"><con:settings/><con:encoding>UTF-8</con:encoding><con:endpoint>https://192.168.22.53:8443/services/CivilStatusDocumentService_v1.0</con:endpoint><con:request><![CDATA[<soapenv:Envelope xmlns:soapenv="http://schemas.xmlsoap.org/soap/envelope/" xmlns:v1="http://fidus.brussels/service/civilstatusdocumentservice/messages/v1" xmlns:v11="http://fidus.brussels/type/common/messages/v1">
   <soapenv:Header/>
   <soapenv:Body>
      <v1:getExtractRequest>
         <v1:messageContext>
           <v11:messageId>${=import static java.util.UUID.randomUUID; uuid = randomUUID() as String}</v11:messageId>
            <v11:timestamp>${=new java.text.SimpleDateFormat("yyyy-MM-dd'T'HH:mm:ss.SSS").format(new Date())}</v11:timestamp>
         </v1:messageContext>
         <v1:legalContext>ServiceIntegrator</v1:legalContext>
         <v1:request>
            <v1:documentReference>201800002991940</v1:documentReference>
            <v1:language>fr</v1:language>
         </v1:request>
      </v1:getExtractRequest>
   </soapenv:Body>
</soapenv:Envelope>]]></con:request><con:assertion type="SOAP Fault Assertion" id="6bef24d1-565d-46dc-ad32-92c2f477e3c0" name="Not SOAP Fault"/><con:assertion type="SOAP Response" id="89839f76-b114-4975-831f-ad93930b6dc4" name="SOAP Response"/><con:assertion type="Schema Compliance" id="3316a753-ac3f-46ce-9c39-3e24ea79a3ef" name="Schema Compliance"><con:configuration/></con:assertion><con:wsaConfig action="http://fidus.brussels/services/civilstatusdocumentservice/getExtract"/></con:request></con:config></con:testStep><con:testStep type="request" id="a5c8f2cb-c2c0-4205-a19f-009aa188c879" name="testcase3 -Test - Worker1 - Request"><con:settings/><con:config xsi:type="con:RequestStep" xmlns:xsi="http://www.w3.org/2001/XMLSchema-instance"><con:interface>CivilStatusDocumentService_v1.0Soap11Binding</con:interface><con:operation>getExtract</con:operation><con:request name="testcase3 -Test - Worker1 - Request" id="bc7726b4-ac35-45d7-9d0c-90b6954857b7" outgoingWss="Outflow TEST"><con:settings/><con:encoding>UTF-8</con:encoding><con:endpoint>https://192.168.22.53:8443/services/CivilStatusDocumentService_v1.0</con:endpoint><con:request><![CDATA[<soapenv:Envelope xmlns:soapenv="http://schemas.xmlsoap.org/soap/envelope/" xmlns:v1="http://fidus.brussels/service/civilstatusdocumentservice/messages/v1" xmlns:v11="http://fidus.brussels/type/common/messages/v1">
   <soapenv:Header/>
   <soapenv:Body>
      <v1:getExtractRequest>
         <v1:messageContext>
           <v11:messageId>${=import static java.util.UUID.randomUUID; uuid = randomUUID() as String}</v11:messageId>
            <v11:timestamp>${=new java.text.SimpleDateFormat("yyyy-MM-dd'T'HH:mm:ss.SSS").format(new Date())}</v11:timestamp>
         </v1:messageContext>
         <v1:legalContext>ServiceIntegrator</v1:legalContext>
         <v1:request>
            <v1:documentReference>20180000299194</v1:documentReference>
            <v1:language>nl</v1:language>
         </v1:request>
      </v1:getExtractRequest>
   </soapenv:Body>
</soapenv:Envelope>]]></con:request><con:assertion type="SOAP Fault Assertion" id="11cab51f-86b6-4cd9-8970-c0bfc13e234d" name="Not SOAP Fault"/><con:assertion type="SOAP Response" id="e0f545a8-ce86-4d8b-9a7c-375385f812f3" name="SOAP Response"/><con:assertion type="Schema Compliance" id="3f4e309d-6635-4aa4-89cc-20ddccf853c4" name="Schema Compliance"><con:configuration/></con:assertion><con:wsaConfig action="http://fidus.brussels/services/civilstatusdocumentservice/getExtract"/></con:request></con:config></con:testStep><con:testStep type="request" id="47b9b67f-fd78-4a7f-9dbd-61c15bff27a9" name="testcase3 -Test - Worker2 - Request"><con:settings/><con:config xsi:type="con:RequestStep" xmlns:xsi="http://www.w3.org/2001/XMLSchema-instance"><con:interface>CivilStatusDocumentService_v1.0Soap11Binding</con:interface><con:operation>getExtract</con:operation><con:request name="testcase3 -Test - Worker2 - Request" id="26c17661-0998-481e-b640-73e31fd3c246" outgoingWss="Outflow TEST"><con:settings/><con:encoding>UTF-8</con:encoding><con:endpoint>https://192.168.22.54:8443/services/CivilStatusDocumentService_v1.0</con:endpoint><con:request><![CDATA[<soapenv:Envelope xmlns:soapenv="http://schemas.xmlsoap.org/soap/envelope/" xmlns:v1="http://fidus.brussels/service/civilstatusdocumentservice/messages/v1" xmlns:v11="http://fidus.brussels/type/common/messages/v1">
   <soapenv:Header/>
   <soapenv:Body>
      <v1:getExtractRequest>
         <v1:messageContext>
           <v11:messageId>${=import static java.util.UUID.randomUUID; uuid = randomUUID() as String}</v11:messageId>
            <v11:timestamp>${=new java.text.SimpleDateFormat("yyyy-MM-dd'T'HH:mm:ss.SSS").format(new Date())}</v11:timestamp>
         </v1:messageContext>
         <v1:legalContext>ServiceIntegrator</v1:legalContext>
         <v1:request>
            <v1:documentReference>201800002991940</v1:documentReference>
            <v1:language>nl</v1:language>
         </v1:request>
      </v1:getExtractRequest>
   </soapenv:Body>
</soapenv:Envelope>]]></con:request><con:assertion type="SOAP Fault Assertion" id="27ecaefe-0282-4a65-b5f3-6c512f8f901a" name="Not SOAP Fault"/><con:assertion type="SOAP Response" id="76ef1825-358f-4c25-80db-2e4715f544c1" name="SOAP Response"/><con:assertion type="Schema Compliance" id="60bc7de0-d54d-4320-9718-677e83fa7633" name="Schema Compliance"><con:configuration/></con:assertion><con:wsaConfig action="http://fidus.brussels/services/civilstatusdocumentservice/getExtract"/></con:request></con:config></con:testStep><con:properties/></con:testCase><con:testCase id="27f665cf-0277-45b4-bd4f-206a5ca8778f" failOnError="true" failTestCaseOnErrors="true" keepSession="false" maxResults="0" name="getExtractAsPdf" searchProperties="true"><con:settings/><con:testStep type="request" id="63825220-d012-4a3e-a29f-318b6808700f" name="testcase3 -Test - External - Request"><con:settings/><con:config xsi:type="con:RequestStep" xmlns:xsi="http://www.w3.org/2001/XMLSchema-instance"><con:interface>CivilStatusDocumentService_v1.0Soap11Binding</con:interface><con:operation>getExtractAsPdf</con:operation><con:request name="testcase3 -Test - External - Request" id="900167fe-6ba7-4579-821e-011cf2e9a40f" outgoingWss="Outflow TEST"><con:settings/><con:encoding>UTF-8</con:encoding><con:endpoint>https://fidus-test.irisnetlab.be/services/CivilStatusDocumentService_v1.0</con:endpoint><con:request><![CDATA[<soapenv:Envelope xmlns:soapenv="http://schemas.xmlsoap.org/soap/envelope/" xmlns:v1="http://fidus.brussels/service/civilstatusdocumentservice/messages/v1" xmlns:v11="http://fidus.brussels/type/common/messages/v1">
   <soapenv:Header/>
   <soapenv:Body>
      <v1:getExtractAsPdfRequest>
         <v1:messageContext>
           <v11:messageId>${=import static java.util.UUID.randomUUID; uuid = randomUUID() as String}</v11:messageId>
            <v11:timestamp>${=new java.text.SimpleDateFormat("yyyy-MM-dd'T'HH:mm:ss.SSS").format(new Date())}</v11:timestamp>
         </v1:messageContext>
         <v1:legalContext>ServiceIntegrator</v1:legalContext>
         <v1:request>
            <v1:documentReference>201800002991940</v1:documentReference>
            <v1:language>fr</v1:language>
         </v1:request>
      </v1:getExtractAsPdfRequest>
   </soapenv:Body>
</soapenv:Envelope>]]></con:request><con:assertion type="SOAP Fault Assertion" id="4549d0ec-58f0-41bb-afa3-2500517e71c0" name="Not SOAP Fault"/><con:assertion type="SOAP Response" id="d619237e-772a-4ab7-907d-53d616a2e98b" name="SOAP Response"/><con:assertion type="Schema Compliance" id="0ae32bc5-4b78-446f-b377-fe78d785400a" name="Schema Compliance"><con:configuration/></con:assertion><con:wsaConfig action="http://fidus.brussels/services/civilstatusdocumentservice/getExtractAsPdf"/></con:request></con:config></con:testStep><con:testStep type="request" id="645fed99-3680-4314-9f12-1d2094f48961" name="testcase3 -Test - LB - Request"><con:settings/><con:config xsi:type="con:RequestStep" xmlns:xsi="http://www.w3.org/2001/XMLSchema-instance"><con:interface>CivilStatusDocumentService_v1.0Soap11Binding</con:interface><con:operation>getExtractAsPdf</con:operation><con:request name="testcase3 -Test - LB - Request" id="cf39dbc2-9020-4818-99c8-73a079347521" outgoingWss="Outflow TEST"><con:settings/><con:encoding>UTF-8</con:encoding><con:endpoint>https://fidus-test.irisnetlab.be/services/CivilStatusDocumentService_v1.0</con:endpoint><con:request><![CDATA[<soapenv:Envelope xmlns:soapenv="http://schemas.xmlsoap.org/soap/envelope/" xmlns:v1="http://fidus.brussels/service/civilstatusdocumentservice/messages/v1" xmlns:v11="http://fidus.brussels/type/common/messages/v1">
   <soapenv:Header/>
   <soapenv:Body>
      <v1:getExtractAsPdfRequest>
         <v1:messageContext>
           <v11:messageId>${=import static java.util.UUID.randomUUID; uuid = randomUUID() as String}</v11:messageId>
            <v11:timestamp>${=new java.text.SimpleDateFormat("yyyy-MM-dd'T'HH:mm:ss.SSS").format(new Date())}</v11:timestamp>
         </v1:messageContext>
         <v1:legalContext>ServiceIntegrator</v1:legalContext>
         <v1:request>
            <v1:documentReference>201800002991940</v1:documentReference>
            <v1:language>fr</v1:language>
         </v1:request>
      </v1:getExtractAsPdfRequest>
   </soapenv:Body>
</soapenv:Envelope>]]></con:request><con:assertion type="SOAP Fault Assertion" id="742bb56e-af5f-4752-8093-e0f8ec2ef540" name="Not SOAP Fault"/><con:assertion type="SOAP Response" id="19184736-5c0c-49b0-9738-a8f6c0cd3b12" name="SOAP Response"/><con:assertion type="Schema Compliance" id="cd08219c-063e-4cc6-8276-f69e8f98c53c" name="Schema Compliance"><con:configuration/></con:assertion><con:wsaConfig action="http://fidus.brussels/services/civilstatusdocumentservice/getExtractAsPdf"/></con:request></con:config></con:testStep><con:testStep type="request" id="f787b065-c431-4200-af10-8c9db17fd96d" name="testcase3 -Test - Worker1 - Request"><con:settings/><con:config xsi:type="con:RequestStep" xmlns:xsi="http://www.w3.org/2001/XMLSchema-instance"><con:interface>CivilStatusDocumentService_v1.0Soap11Binding</con:interface><con:operation>getExtractAsPdf</con:operation><con:request name="testcase3 -Test - Worker1 - Request" id="dbc5860a-60bc-4cb8-9e16-8c1049d451f5" outgoingWss="Outflow TEST"><con:settings/><con:encoding>UTF-8</con:encoding><con:endpoint>https://192.168.22.53:8443/services/CivilStatusDocumentService_v1.0</con:endpoint><con:request><![CDATA[<soapenv:Envelope xmlns:soapenv="http://schemas.xmlsoap.org/soap/envelope/" xmlns:v1="http://fidus.brussels/service/civilstatusdocumentservice/messages/v1" xmlns:v11="http://fidus.brussels/type/common/messages/v1">
   <soapenv:Header/>
   <soapenv:Body>
      <v1:getExtractAsPdfRequest>
         <v1:messageContext>
           <v11:messageId>${=import static java.util.UUID.randomUUID; uuid = randomUUID() as String}</v11:messageId>
            <v11:timestamp>${=new java.text.SimpleDateFormat("yyyy-MM-dd'T'HH:mm:ss.SSS").format(new Date())}</v11:timestamp>
         </v1:messageContext>
         <v1:legalContext>ServiceIntegrator</v1:legalContext>
         <v1:request>
            <v1:documentReference>20180000299194</v1:documentReference>
            <v1:language>fr</v1:language>
         </v1:request>
      </v1:getExtractAsPdfRequest>
   </soapenv:Body>
</soapenv:Envelope>]]></con:request><con:assertion type="SOAP Fault Assertion" id="8a680bb9-6661-4021-a365-3eef7db874d3" name="Not SOAP Fault"/><con:assertion type="SOAP Response" id="0f64bc21-dbeb-4d07-9ae6-b5affe2e08aa" name="SOAP Response"/><con:assertion type="Schema Compliance" id="cd794037-d69c-4fc9-9c9a-60b6dc794dcb" name="Schema Compliance"><con:configuration/></con:assertion><con:wsaConfig action="http://fidus.brussels/services/civilstatusdocumentservice/getExtractAsPdf"/></con:request></con:config></con:testStep><con:testStep type="request" id="e67dc042-6652-46df-9c27-59720c703805" name="testcase3 -Test - Worker2 - Request"><con:settings/><con:config xsi:type="con:RequestStep" xmlns:xsi="http://www.w3.org/2001/XMLSchema-instance"><con:interface>CivilStatusDocumentService_v1.0Soap11Binding</con:interface><con:operation>getExtractAsPdf</con:operation><con:request name="testcase3 -Test - Worker2 - Request" id="512f294c-5e4f-42a7-ba01-3ec6c51ec1fa" outgoingWss="Outflow TEST"><con:settings/><con:encoding>UTF-8</con:encoding><con:endpoint>https://192.168.22.54:8443/services/CivilStatusDocumentService_v1.0</con:endpoint><con:request><![CDATA[<soapenv:Envelope xmlns:soapenv="http://schemas.xmlsoap.org/soap/envelope/" xmlns:v1="http://fidus.brussels/service/civilstatusdocumentservice/messages/v1" xmlns:v11="http://fidus.brussels/type/common/messages/v1">
   <soapenv:Header/>
   <soapenv:Body>
      <v1:getExtractAsPdfRequest>
         <v1:messageContext>
           <v11:messageId>${=import static java.util.UUID.randomUUID; uuid = randomUUID() as String}</v11:messageId>
            <v11:timestamp>${=new java.text.SimpleDateFormat("yyyy-MM-dd'T'HH:mm:ss.SSS").format(new Date())}</v11:timestamp>
         </v1:messageContext>
         <v1:legalContext>ServiceIntegrator</v1:legalContext>
         <v1:request>
            <v1:documentReference>201800002991940</v1:documentReference>
            <v1:language>fr</v1:language>
         </v1:request>
      </v1:getExtractAsPdfRequest>
   </soapenv:Body>
</soapenv:Envelope>]]></con:request><con:assertion type="SOAP Fault Assertion" id="987c52d4-92bc-4406-9387-022e602e4786" name="Not SOAP Fault"/><con:assertion type="SOAP Response" id="eb3551ed-1f81-4a50-9a4d-51386ef1c0a9" name="SOAP Response"/><con:assertion type="Schema Compliance" id="2ade307a-1e09-44bc-ac40-26eafb68d67c" name="Schema Compliance"><con:configuration/></con:assertion><con:wsaConfig action="http://fidus.brussels/services/civilstatusdocumentservice/getExtractAsPdf"/></con:request></con:config></con:testStep><con:properties/></con:testCase><con:testCase id="6138b68a-3d00-46a9-8257-19eed0ad32e4" failOnError="true" failTestCaseOnErrors="true" keepSession="false" maxResults="0" name="saveOrUpdateDocument" searchProperties="true"><con:settings/><con:testStep type="request" id="a33ed075-695b-49f5-a02a-c5745bd63ee9" name="testcase3 -Test - External - Request"><con:settings/><con:config xsi:type="con:RequestStep" xmlns:xsi="http://www.w3.org/2001/XMLSchema-instance"><con:interface>CivilStatusDocumentService_v1.0Soap11Binding</con:interface><con:operation>saveOrUpdateDocument</con:operation><con:request name="testcase3 -Test - External - Request" id="9b95747d-ae17-4363-9627-deff31b80a70" outgoingWss="Outflow TEST"><con:settings/><con:encoding>UTF-8</con:encoding><con:endpoint>https://esb-security-gw.sta.srv.cirb.lan:8443/services/CivilStatusDocumentService_v1.0</con:endpoint><con:request><![CDATA[<soapenv:Envelope xmlns:soapenv="http://schemas.xmlsoap.org/soap/envelope/" xmlns:v1="http://fidus.brussels/service/civilstatusdocumentservice/messages/v1" xmlns:v11="http://fidus.brussels/type/common/messages/v1" xmlns:core="http://www.fgov.be/dabs/core">
   <soapenv:Header/>
   <soapenv:Body>
      <v1:saveOrUpdateDocumentRequest>
         <v1:messageContext>
           <v11:messageId>${=import static java.util.UUID.randomUUID; uuid = randomUUID() as String}</v11:messageId>
            <v11:timestamp>${=new java.text.SimpleDateFormat("yyyy-MM-dd'T'HH:mm:ss.SSS").format(new Date())}</v11:timestamp>
         </v1:messageContext>
         <v1:legalContext>ServiceIntegrator</v1:legalContext>
         <v1:request>
            <v1:language>fr</v1:language>
            <v1:saveOrUpdateDocument>
          <core:document xmlns:xsi="http://www.w3.org/2001/XMLSchema-instance" xsi:type="core:marriageCertificate">
           <core:attachments/>
           <core:certificateOriginType>FOREIGN_CERTIFICATE</core:certificateOriginType>
           <core:factDate>
              <core:day>22</core:day>
              <core:month>12</core:month>
              <core:year>2011</core:year>
           </core:factDate>
           <core:establishingDate>2018-07-17</core:establishingDate>
           <core:redactionPlace>
              <core:municipalityCode>12007</core:municipalityCode>
              <core:countryCode>150</core:countryCode>
              <core:countryFreeText>test</core:countryFreeText>
           </core:redactionPlace>
           <core:origin>DABS</core:origin>
           <core:persons>
              <core:person>
                 <core:origin>RR</core:origin>
                 <core:nobilityFree/>
                 <core:birthPlace>
                    <core:municipalityCode>12010</core:municipalityCode>
                    <core:countryCode>150</core:countryCode>
                    <core:countryFreeText>test</core:countryFreeText>
                 </core:birthPlace>
                 <core:birthDate>
                    <core:day>11</core:day>
                    <core:month>1</core:month>
                    <core:year>1980</core:year>
                 </core:birthDate>
                 <core:firstname>Katrien</core:firstname>
                 <core:lastname>De Bondt</core:lastname>
                 <core:roles>
                    <core:role>SPOUSE_2</core:role>
                 </core:roles>
                 <core:personNumber>11234</core:personNumber>
              </core:person>
              <core:person>
                 <core:origin>RR</core:origin>
                 <core:nobilityFree/>
                 <core:birthPlace>
                    <core:municipalityFreeText>Budel</core:municipalityFreeText>
                    <core:countryCode>129</core:countryCode>
                    <core:countryFreeText>test</core:countryFreeText>
                 </core:birthPlace>
                 <core:birthDate>
                    <core:day>5</core:day>
                    <core:month>7</core:month>
                    <core:year>1979</core:year>
                 </core:birthDate>
                 <core:firstname>Bram Tonny Gerda</core:firstname>
                 <core:lastname>Van Huffel</core:lastname>
                 <core:roles>
                    <core:role>SPOUSE_1</core:role>
                 </core:roles>
                 <core:personNumber>1125000</core:personNumber>
              </core:person>
              <core:person>
                 <core:origin>RR</core:origin>
                 <core:birthPlace>
                    <core:municipalityCode>12007</core:municipalityCode>
                    <core:countryCode>150</core:countryCode>
                    <core:countryFreeText>test</core:countryFreeText>
                 </core:birthPlace>
                 <core:birthDate>
                    <core:day>1</core:day>
                    <core:month>4</core:month>
                    <core:year>1986</core:year>
                 </core:birthDate>
                 <core:firstname>Mounir</core:firstname>
                 <core:lastname>Ouchan</core:lastname>
                 <core:roles>
                    <core:role>ABS</core:role>
                 </core:roles>
                 <core:personNumber>86040128370</core:personNumber>
              </core:person>
           </core:persons>
           <core:oldDocumentReference>2018/33</core:oldDocumentReference>
           <core:docState>FINAL</core:docState>
        </core:document>
            </v1:saveOrUpdateDocument>
         </v1:request>
      </v1:saveOrUpdateDocumentRequest>
   </soapenv:Body>
</soapenv:Envelope>]]></con:request><con:assertion type="SOAP Fault Assertion" id="559bd48e-5474-4ac5-87c0-10088e999c42" name="Not SOAP Fault"/><con:assertion type="SOAP Response" id="ad2366ca-363f-424a-806f-18ed4d4abb2e" name="SOAP Response"/><con:assertion type="Schema Compliance" id="932e3401-3869-496a-beb4-e6373c042e3d" name="Schema Compliance"><con:configuration/></con:assertion><con:wsaConfig action="http://fidus.brussels/services/civilstatusdocumentservice/saveOrUpdateDocument"/></con:request></con:config></con:testStep><con:testStep type="request" id="6761e06b-c29a-4697-bbc7-4c48b95acc88" name="testcase3 -Test - LB - Request"><con:settings/><con:config xsi:type="con:RequestStep" xmlns:xsi="http://www.w3.org/2001/XMLSchema-instance"><con:interface>CivilStatusDocumentService_v1.0Soap11Binding</con:interface><con:operation>saveOrUpdateDocument</con:operation><con:request name="testcase3 -Test - LB - Request" id="839c20dc-6de1-4db3-bc54-abf620c85806" outgoingWss="Outflow TEST"><con:settings/><con:encoding>UTF-8</con:encoding><con:endpoint>https://fidus-test.irisnetlab.be/services/CivilStatusDocumentService_v1.0</con:endpoint><con:request><![CDATA[<soapenv:Envelope xmlns:soapenv="http://schemas.xmlsoap.org/soap/envelope/" xmlns:v1="http://fidus.brussels/service/civilstatusdocumentservice/messages/v1" xmlns:v11="http://fidus.brussels/type/common/messages/v1" xmlns:core="http://www.fgov.be/dabs/core">
   <soapenv:Header/>
   <soapenv:Body>
      <v1:saveOrUpdateDocumentRequest>
         <v1:messageContext>
           <v11:messageId>${=import static java.util.UUID.randomUUID; uuid = randomUUID() as String}</v11:messageId>
            <v11:timestamp>${=new java.text.SimpleDateFormat("yyyy-MM-dd'T'HH:mm:ss.SSS").format(new Date())}</v11:timestamp>
         </v1:messageContext>
         <v1:legalContext>ServiceIntegrator</v1:legalContext>
         <v1:request>
            <v1:language>fr</v1:language>
            <v1:saveOrUpdateDocument>
          <core:document xmlns:xsi="http://www.w3.org/2001/XMLSchema-instance" xsi:type="core:marriageCertificate">
           <core:attachments/>
           <core:certificateOriginType>FOREIGN_CERTIFICATE</core:certificateOriginType>
           <core:factDate>
              <core:day>22</core:day>
              <core:month>12</core:month>
              <core:year>2011</core:year>
           </core:factDate>
           <core:establishingDate>2018-07-17</core:establishingDate>
           <core:redactionPlace>
              <core:municipalityCode>12007</core:municipalityCode>
              <core:countryCode>150</core:countryCode>
              <core:countryFreeText>test</core:countryFreeText>
           </core:redactionPlace>
           <core:origin>DABS</core:origin>
           <core:persons>
              <core:person>
                 <core:origin>RR</core:origin>
                 <core:nobilityFree/>
                 <core:birthPlace>
                    <core:municipalityCode>12010</core:municipalityCode>
                    <core:countryCode>150</core:countryCode>
                    <core:countryFreeText>test</core:countryFreeText>
                 </core:birthPlace>
                 <core:birthDate>
                    <core:day>11</core:day>
                    <core:month>1</core:month>
                    <core:year>1980</core:year>
                 </core:birthDate>
                 <core:firstname>Katrien</core:firstname>
                 <core:lastname>De Bondt</core:lastname>
                 <core:roles>
                    <core:role>SPOUSE_2</core:role>
                 </core:roles>
                 <core:personNumber>11234</core:personNumber>
              </core:person>
              <core:person>
                 <core:origin>RR</core:origin>
                 <core:nobilityFree/>
                 <core:birthPlace>
                    <core:municipalityFreeText>Budel</core:municipalityFreeText>
                    <core:countryCode>129</core:countryCode>
                    <core:countryFreeText>test</core:countryFreeText>
                 </core:birthPlace>
                 <core:birthDate>
                    <core:day>5</core:day>
                    <core:month>7</core:month>
                    <core:year>1979</core:year>
                 </core:birthDate>
                 <core:firstname>Bram Tonny Gerda</core:firstname>
                 <core:lastname>Van Huffel</core:lastname>
                 <core:roles>
                    <core:role>SPOUSE_1</core:role>
                 </core:roles>
                 <core:personNumber>1125000</core:personNumber>
              </core:person>
              <core:person>
                 <core:origin>RR</core:origin>
                 <core:birthPlace>
                    <core:municipalityCode>12007</core:municipalityCode>
                    <core:countryCode>150</core:countryCode>
                    <core:countryFreeText>test</core:countryFreeText>
                 </core:birthPlace>
                 <core:birthDate>
                    <core:day>1</core:day>
                    <core:month>4</core:month>
                    <core:year>1986</core:year>
                 </core:birthDate>
                 <core:firstname>Mounir</core:firstname>
                 <core:lastname>Ouchan</core:lastname>
                 <core:roles>
                    <core:role>ABS</core:role>
                 </core:roles>
                 <core:personNumber>86040128370</core:personNumber>
              </core:person>
           </core:persons>
           <core:oldDocumentReference>2018/33</core:oldDocumentReference>
           <core:docState>FINAL</core:docState>
        </core:document>
            </v1:saveOrUpdateDocument>
         </v1:request>
      </v1:saveOrUpdateDocumentRequest>
   </soapenv:Body>
</soapenv:Envelope>]]></con:request><con:assertion type="SOAP Fault Assertion" id="106969c9-afa1-4c5d-94a3-5a7b43b79d7c" name="Not SOAP Fault"/><con:assertion type="SOAP Response" id="25606d4f-04a8-45d5-8693-20f3be353788" name="SOAP Response"/><con:assertion type="Schema Compliance" id="2ea3670b-8822-42b7-83a3-cf01d8ecdb98" name="Schema Compliance"><con:configuration/></con:assertion><con:wsaConfig action="http://fidus.brussels/services/civilstatusdocumentservice/saveOrUpdateDocument"/></con:request></con:config></con:testStep><con:testStep type="request" id="f066d372-34f6-41a7-87ec-0a7c6d2641c8" name="testcase3 -Test - Worker1 - Request"><con:settings/><con:config xsi:type="con:RequestStep" xmlns:xsi="http://www.w3.org/2001/XMLSchema-instance"><con:interface>CivilStatusDocumentService_v1.0Soap11Binding</con:interface><con:operation>saveOrUpdateDocument</con:operation><con:request name="testcase3 -Test - Worker1 - Request" id="94ae0b3c-1aa9-45b0-9b29-cd8d898e4652" outgoingWss="Outflow TEST"><con:settings/><con:encoding>UTF-8</con:encoding><con:endpoint>https://192.168.22.53:8443/services/CivilStatusDocumentService_v1.0</con:endpoint><con:request><![CDATA[<soapenv:Envelope xmlns:soapenv="http://schemas.xmlsoap.org/soap/envelope/" xmlns:v1="http://fidus.brussels/service/civilstatusdocumentservice/messages/v1" xmlns:v11="http://fidus.brussels/type/common/messages/v1" xmlns:core="http://www.fgov.be/dabs/core">
   <soapenv:Header/>
   <soapenv:Body>
      <v1:saveOrUpdateDocumentRequest>
         <v1:messageContext>
           <v11:messageId>${=import static java.util.UUID.randomUUID; uuid = randomUUID() as String}</v11:messageId>
            <v11:timestamp>${=new java.text.SimpleDateFormat("yyyy-MM-dd'T'HH:mm:ss.SSS").format(new Date())}</v11:timestamp>
         </v1:messageContext>
         <v1:legalContext>ServiceIntegrator</v1:legalContext>
         <v1:request>         
            <v1:language>fr</v1:language>
            <v1:municipalityCode>d1051</v1:municipalityCode>
            <v1:saveOrUpdateDocument>
          <document xmlns:xsi="http://www.w3.org/2001/XMLSchema-instance" xsi:type="core:marriageCertificate">
           <attachments/>
           <certificateOriginType>FOREIGN_CERTIFICATE</certificateOriginType>
           <factDate>
              <day>22</day>
              <month>12</month>
              <year>2011</year>
           </factDate>
           <establishingDate>2018-07-17</establishingDate>
           <redactionPlace>
              <municipalityCode>12007</municipalityCode>
              <countryCode>150</countryCode>
              <countryFreeText>test</countryFreeText>
           </redactionPlace>
           <origin>DABS</origin>
           <persons>
              <person>
                 <origin>RR</origin>
                 <nobilityFree/>
                 <birthPlace>
                    <municipalityCode>12010</municipalityCode>
                    <countryCode>150</countryCode>
                    <countryFreeText>test</countryFreeText>
                 </birthPlace>
                 <birthDate>
                    <day>11</day>
                    <month>1</month>
                    <year>1980</year>
                 </birthDate>
                 <firstname>Katrien</firstname>
                 <lastname>De Bondt</lastname>
                 <roles>
                    <role>SPOUSE_2</role>
                 </roles>
                 <personNumber>11234</personNumber>
              </person>
              <person>
                 <origin>RR</origin>
                 <nobilityFree/>
                 <birthPlace>
                    <municipalityFreeText>Budel</municipalityFreeText>
                    <countryCode>129</countryCode>
                    <countryFreeText>test</countryFreeText>
                 </birthPlace>
                 <birthDate>
                    <day>5</day>
                    <month>7</month>
                    <year>1979</year>
                 </birthDate>
                 <firstname>Bram Tonny Gerda</firstname>
                 <lastname>Van Huffel</lastname>
                 <roles>
                    <role>SPOUSE_1</role>
                 </roles>
                 <personNumber>1125000</personNumber>
              </person>
              <person>
                 <origin>RR</origin>
                 <birthPlace>
                    <municipalityCode>12007</municipalityCode>
                    <countryCode>150</countryCode>
                    <countryFreeText>test</countryFreeText>
                 </birthPlace>
                 <birthDate>
                    <day>1</day>
                    <month>4</month>
                    <year>1986</year>
                 </birthDate>
                 <firstname>Mounir</firstname>
                 <lastname>Ouchan</lastname>
                 <roles>
                    <role>ABS</role>
                 </roles>
                 <personNumber>86040128370</personNumber>
              </person>
           </persons>
           <oldDocumentReference>2018/33</oldDocumentReference>
           <docState>FINAL</docState>
        </document>
            </v1:saveOrUpdateDocument>
         </v1:request>
      </v1:saveOrUpdateDocumentRequest>
   </soapenv:Body>
</soapenv:Envelope>]]></con:request><con:assertion type="SOAP Fault Assertion" id="293954b5-af09-4cc7-84fe-5b12c575364e" name="Not SOAP Fault"/><con:assertion type="SOAP Response" id="cd2ee50e-8144-4d18-b70a-a95b83a5e659" name="SOAP Response"/><con:assertion type="Schema Compliance" id="93a97351-7576-4924-9cc9-e2deb7af07ed" name="Schema Compliance"><con:configuration/></con:assertion><con:wsaConfig action="http://fidus.brussels/services/civilstatusdocumentservice/saveOrUpdateDocument"/></con:request></con:config></con:testStep><con:testStep type="request" id="01ad7639-ef9d-4fd6-ab38-03abbf744ba9" name="testcase3 -Test - Worker2 - Request"><con:settings/><con:config xsi:type="con:RequestStep" xmlns:xsi="http://www.w3.org/2001/XMLSchema-instance"><con:interface>CivilStatusDocumentService_v1.0Soap11Binding</con:interface><con:operation>saveOrUpdateDocument</con:operation><con:request name="testcase3 -Test - Worker2 - Request" id="48150ae0-1672-4953-aa6a-f3942fc77802" outgoingWss="Outflow TEST"><con:settings/><con:encoding>UTF-8</con:encoding><con:endpoint>https://192.168.22.54:8443/services/CivilStatusDocumentService_v1.0</con:endpoint><con:request><![CDATA[<soapenv:Envelope xmlns:soapenv="http://schemas.xmlsoap.org/soap/envelope/" xmlns:v1="http://fidus.brussels/service/civilstatusdocumentservice/messages/v1" xmlns:v11="http://fidus.brussels/type/common/messages/v1" xmlns:core="http://www.fgov.be/dabs/core">
   <soapenv:Header/>
   <soapenv:Body>
      <v1:saveOrUpdateDocumentRequest>
         <v1:messageContext>
           <v11:messageId>${=import static java.util.UUID.randomUUID; uuid = randomUUID() as String}</v11:messageId>
            <v11:timestamp>${=new java.text.SimpleDateFormat("yyyy-MM-dd'T'HH:mm:ss.SSS").format(new Date())}</v11:timestamp>
         </v1:messageContext>
         <v1:legalContext>ServiceIntegrator</v1:legalContext>
         <v1:request>         
            <v1:language>fr</v1:language>
            <v1:municipalityCode>d1051</v1:municipalityCode>
            <v1:saveOrUpdateDocument>
          <document xmlns:xsi="http://www.w3.org/2001/XMLSchema-instance" xsi:type="core:marriageCertificate">
           <attachments/>
           <certificateOriginType>FOREIGN_CERTIFICATE</certificateOriginType>
           <factDate>
              <day>22</day>
              <month>12</month>
              <year>2011</year>
           </factDate>
           <establishingDate>2018-07-17</establishingDate>
           <redactionPlace>
              <municipalityCode>12007</municipalityCode>
              <countryCode>150</countryCode>
              <countryFreeText>test</countryFreeText>
           </redactionPlace>
           <origin>DABS</origin>
           <persons>
              <person>
                 <origin>RR</origin>
                 <nobilityFree/>
                 <birthPlace>
                    <municipalityCode>12010</municipalityCode>
                    <countryCode>150</countryCode>
                    <countryFreeText>test</countryFreeText>
                 </birthPlace>
                 <birthDate>
                    <day>11</day>
                    <month>1</month>
                    <year>1980</year>
                 </birthDate>
                 <firstname>Katrien</firstname>
                 <lastname>De Bondt</lastname>
                 <roles>
                    <role>SPOUSE_2</role>
                 </roles>
                 <personNumber>11234</personNumber>
              </person>
              <person>
                 <origin>RR</origin>
                 <nobilityFree/>
                 <birthPlace>
                    <municipalityFreeText>Budel</municipalityFreeText>
                    <countryCode>129</countryCode>
                    <countryFreeText>test</countryFreeText>
                 </birthPlace>
                 <birthDate>
                    <day>5</day>
                    <month>7</month>
                    <year>1979</year>
                 </birthDate>
                 <firstname>Bram Tonny Gerda</firstname>
                 <lastname>Van Huffel</lastname>
                 <roles>
                    <role>SPOUSE_1</role>
                 </roles>
                 <personNumber>1125000</personNumber>
              </person>
              <person>
                 <origin>RR</origin>
                 <birthPlace>
                    <municipalityCode>12007</municipalityCode>
                    <countryCode>150</countryCode>
                    <countryFreeText>test</countryFreeText>
                 </birthPlace>
                 <birthDate>
                    <day>1</day>
                    <month>4</month>
                    <year>1986</year>
                 </birthDate>
                 <firstname>Mounir</firstname>
                 <lastname>Ouchan</lastname>
                 <roles>
                    <role>ABS</role>
                 </roles>
                 <personNumber>86040128370</personNumber>
              </person>
           </persons>
           <oldDocumentReference>2018/33</oldDocumentReference>
           <docState>FINAL</docState>
        </document>
            </v1:saveOrUpdateDocument>
         </v1:request>
      </v1:saveOrUpdateDocumentRequest>
   </soapenv:Body>
</soapenv:Envelope>]]></con:request><con:assertion type="SOAP Fault Assertion" id="e51f02d4-6695-4358-a522-9e987e2b4832" name="Not SOAP Fault"/><con:assertion type="SOAP Response" id="c5ec4a9f-ae3f-4a52-8b89-b2eadd127b0b" name="SOAP Response"/><con:assertion type="Schema Compliance" id="4e77d6be-1127-49e8-a1e4-4f743f2d06dc" name="Schema Compliance"><con:configuration/></con:assertion><con:wsaConfig action="http://fidus.brussels/services/civilstatusdocumentservice/saveOrUpdateDocument"/></con:request></con:config></con:testStep><con:properties/></con:testCase><con:testCase id="3fcafcd5-fe91-434f-900b-4f039f902758" failOnError="true" failTestCaseOnErrors="true" keepSession="false" maxResults="0" name="searchDocument" searchProperties="true"><con:settings/><con:testStep type="request" id="18780c0d-8350-49d9-9746-48b204fb9330" name="testcase3 -Test - External - Request"><con:settings/><con:config xsi:type="con:RequestStep" xmlns:xsi="http://www.w3.org/2001/XMLSchema-instance"><con:interface>CivilStatusDocumentService_v1.0Soap11Binding</con:interface><con:operation>searchDocument</con:operation><con:request name="testcase3 -Test - External - Request" id="50aaa2ec-8cfb-4c51-9fe2-3bcb1c846d91" outgoingWss="Outflow TEST"><con:settings/><con:encoding>UTF-8</con:encoding><con:endpoint>https://esb-security-gw.sta.srv.cirb.lan:8443/services/CivilStatusDocumentService_v1.0</con:endpoint><con:request><![CDATA[<soapenv:Envelope xmlns:soapenv="http://schemas.xmlsoap.org/soap/envelope/" xmlns:v1="http://fidus.brussels/service/civilstatusdocumentservice/messages/v1" xmlns:v11="http://fidus.brussels/type/common/messages/v1" xmlns:core="http://www.fgov.be/dabs/core">
   <soapenv:Header/>
   <soapenv:Body>
      <v1:searchDocumentRequest>
         <v1:messageContext>
           <v11:messageId>${=import static java.util.UUID.randomUUID; uuid = randomUUID() as String}</v11:messageId>
            <v11:timestamp>${=new java.text.SimpleDateFormat("yyyy-MM-dd'T'HH:mm:ss.SSS").format(new Date())}</v11:timestamp>
         </v1:messageContext>
         <v1:legalContext>ServiceIntegrator</v1:legalContext>
         <v1:request>
            <v1:language>fr</v1:language>
            <v1:searchDocument>
               <core:documentSearch>
                  <core:type>MARRIAGE_CERTIFICATE</core:type>
                  <core:state>FINAL</core:state>
                  <core:factDate>
                     <core:day>15</core:day>
                     <core:month>12</core:month>
                     <core:year>2011</core:year>
                  </core:factDate>
                  <core:personNumber>11234</core:personNumber>
                  <core:firstname>Katrien</core:firstname>
                  <core:lastname>De Bondt</core:lastname>
                  <core:birthDate>
                     <core:day>11</core:day>
                     <core:month>1</core:month>
                     <core:year>1980</core:year>
                  </core:birthDate>
                  <!--Optional:-->
                  <!--core:placeOfOrigin>?</core:placeOfOrigin-->
                  <core:searchInRrn>false</core:searchInRrn>
               </core:documentSearch>
            </v1:searchDocument>
         </v1:request>
      </v1:searchDocumentRequest>
   </soapenv:Body>
</soapenv:Envelope>]]></con:request><con:assertion type="SOAP Fault Assertion" id="4ed5f97b-c8a3-418f-8cb7-d2afbbf72c1e" name="Not SOAP Fault"/><con:assertion type="SOAP Response" id="9cbd01ce-18c0-46ea-b8d4-2df687cef2f5" name="SOAP Response"/><con:assertion type="Schema Compliance" id="f3feb6a0-5ac2-45c7-b8f0-d270dc427821" name="Schema Compliance"><con:configuration/></con:assertion><con:wsaConfig action="http://fidus.brussels/services/civilstatusdocumentservice/searchDocument"/></con:request></con:config></con:testStep><con:testStep type="request" id="222bbeb7-9d59-4f91-bd51-4ce707d05d6f" name="testcase3 -Test - LB - Request"><con:settings/><con:config xsi:type="con:RequestStep" xmlns:xsi="http://www.w3.org/2001/XMLSchema-instance"><con:interface>CivilStatusDocumentService_v1.0Soap11Binding</con:interface><con:operation>searchDocument</con:operation><con:request name="testcase3 -Test - LB - Request" id="851e4e18-69b5-43c4-8fc0-a6018e712b98" outgoingWss="Outflow TEST"><con:settings/><con:encoding>UTF-8</con:encoding><con:endpoint>https://fidus-test.irisnetlab.be/services/CivilStatusDocumentService_v1.0</con:endpoint><con:request><![CDATA[<soapenv:Envelope xmlns:soapenv="http://schemas.xmlsoap.org/soap/envelope/" xmlns:v1="http://fidus.brussels/service/civilstatusdocumentservice/messages/v1" xmlns:v11="http://fidus.brussels/type/common/messages/v1" xmlns:core="http://www.fgov.be/dabs/core">
   <soapenv:Header/>
   <soapenv:Body>
      <v1:searchDocumentRequest>
         <v1:messageContext>
           <v11:messageId>${=import static java.util.UUID.randomUUID; uuid = randomUUID() as String}</v11:messageId>
            <v11:timestamp>${=new java.text.SimpleDateFormat("yyyy-MM-dd'T'HH:mm:ss.SSS").format(new Date())}</v11:timestamp>
         </v1:messageContext>
         <v1:legalContext>ServiceIntegrator</v1:legalContext>
         <v1:request>
            <v1:language>fr</v1:language>
            <v1:searchDocument>
               <core:documentSearch>
                  <core:type>MARRIAGE_CERTIFICATE</core:type>
                  <core:state>FINAL</core:state>
                  <core:factDate>
                     <core:day>15</core:day>
                     <core:month>12</core:month>
                     <core:year>2011</core:year>
                  </core:factDate>
                  <core:personNumber>11234</core:personNumber>
                  <core:firstname>Katrien</core:firstname>
                  <core:lastname>De Bondt</core:lastname>
                  <core:birthDate>
                     <core:day>11</core:day>
                     <core:month>1</core:month>
                     <core:year>1980</core:year>
                  </core:birthDate>
                  <!--Optional:-->
                  <!--core:placeOfOrigin>?</core:placeOfOrigin-->
                  <core:searchInRrn>false</core:searchInRrn>
               </core:documentSearch>
            </v1:searchDocument>
         </v1:request>
      </v1:searchDocumentRequest>
   </soapenv:Body>
</soapenv:Envelope>]]></con:request><con:assertion type="SOAP Fault Assertion" id="2fce5d0b-e216-40f1-905c-59588054f61e" name="Not SOAP Fault"/><con:assertion type="SOAP Response" id="a25d96f7-4b8f-4ca8-a491-326e153105bf" name="SOAP Response"/><con:assertion type="Schema Compliance" id="64efa2ce-09fe-42b5-b2bb-e839cf179d7c" name="Schema Compliance"><con:configuration/></con:assertion><con:wsaConfig action="http://fidus.brussels/services/civilstatusdocumentservice/searchDocument"/></con:request></con:config></con:testStep><con:testStep type="request" id="c4a62e2b-abda-4d1d-ac88-ba4afa64b9d2" name="testcase3 -Test - Worker1 - Request"><con:settings/><con:config xsi:type="con:RequestStep" xmlns:xsi="http://www.w3.org/2001/XMLSchema-instance"><con:interface>CivilStatusDocumentService_v1.0Soap11Binding</con:interface><con:operation>searchDocument</con:operation><con:request name="testcase3 -Test - Worker1 - Request" id="405b44eb-cbfa-4048-8018-ce123ac5c4bf" outgoingWss="Outflow TEST"><con:settings/><con:encoding>UTF-8</con:encoding><con:endpoint>https://192.168.22.53:8443/services/CivilStatusDocumentService_v1.0</con:endpoint><con:request><![CDATA[<soapenv:Envelope xmlns:soapenv="http://schemas.xmlsoap.org/soap/envelope/" xmlns:v1="http://fidus.brussels/service/civilstatusdocumentservice/messages/v1" xmlns:v11="http://fidus.brussels/type/common/messages/v1" xmlns:core="http://www.fgov.be/dabs/core">
   <soapenv:Header/>
   <soapenv:Body>
      <v1:searchDocumentRequest>
         <v1:messageContext>
           <v11:messageId>${=import static java.util.UUID.randomUUID; uuid = randomUUID() as String}</v11:messageId>
            <v11:timestamp>${=new java.text.SimpleDateFormat("yyyy-MM-dd'T'HH:mm:ss.SSS").format(new Date())}</v11:timestamp>
         </v1:messageContext>
         <v1:legalContext>ServiceIntegrator</v1:legalContext>
         <v1:request>
            <v1:language>fr</v1:language>
            <v1:municipalityCode>d1051</v1:municipalityCode>
            <v1:searchDocument>
               <documentSearch>
                  <type>MARRIAGE_CERTIFICATE</type>
                  <state>FINAL</state>
                  <factDate>
                     <day>15</day>
                     <month>12</month>
                     <year>2011</year>
                  </factDate>
                  <personNumber>11234</personNumber>
                  <firstname>Katrien</firstname>
                  <lastname>De Bondt</lastname>
                  <birthDate>
                     <day>11</day>
                     <month>1</month>
                     <year>1980</year>
                  </birthDate>
                  <!--Optional:-->
                  <searchInRrn>false</searchInRrn>
               </documentSearch>
            </v1:searchDocument>
         </v1:request>
      </v1:searchDocumentRequest>
   </soapenv:Body>
</soapenv:Envelope>]]></con:request><con:assertion type="SOAP Fault Assertion" id="50f2c679-2363-4709-bdbd-41bb60f8a0c9" name="Not SOAP Fault"/><con:assertion type="SOAP Response" id="802f7de0-a9af-47af-aede-4a963344e9a2" name="SOAP Response"/><con:assertion type="Schema Compliance" id="624dda01-61bd-4258-ac03-3a67bd839372" name="Schema Compliance"><con:configuration/></con:assertion><con:wsaConfig action="http://fidus.brussels/services/civilstatusdocumentservice/searchDocument"/></con:request></con:config></con:testStep><con:testStep type="request" id="667c255e-ecdc-4d6b-8f42-56808a69ed78" name="testcase3 -Test - Worker2 - Request"><con:settings/><con:config xsi:type="con:RequestStep" xmlns:xsi="http://www.w3.org/2001/XMLSchema-instance"><con:interface>CivilStatusDocumentService_v1.0Soap11Binding</con:interface><con:operation>searchDocument</con:operation><con:request name="testcase3 -Test - Worker2 - Request" id="e2323936-9700-425b-9ebe-f03eed305941" outgoingWss="Outflow TEST"><con:settings/><con:encoding>UTF-8</con:encoding><con:endpoint>https://192.168.22.54:8443/services/CivilStatusDocumentService_v1.0</con:endpoint><con:request><![CDATA[<soapenv:Envelope xmlns:soapenv="http://schemas.xmlsoap.org/soap/envelope/" xmlns:v1="http://fidus.brussels/service/civilstatusdocumentservice/messages/v1" xmlns:v11="http://fidus.brussels/type/common/messages/v1" xmlns:core="http://www.fgov.be/dabs/core">
   <soapenv:Header/>
   <soapenv:Body>
      <v1:searchDocumentRequest>
         <v1:messageContext>
           <v11:messageId>${=import static java.util.UUID.randomUUID; uuid = randomUUID() as String}</v11:messageId>
            <v11:timestamp>${=new java.text.SimpleDateFormat("yyyy-MM-dd'T'HH:mm:ss.SSS").format(new Date())}</v11:timestamp>
         </v1:messageContext>
         <v1:legalContext>ServiceIntegrator</v1:legalContext>
         <v1:request>
            <v1:language>fr</v1:language>
            <v1:municipalityCode>d1051</v1:municipalityCode>
            <v1:searchDocument>
               <documentSearch>
                  <type>MARRIAGE_CERTIFICATE</type>
                  <state>FINAL</state>
                  <factDate>
                     <day>15</day>
                     <month>12</month>
                     <year>2011</year>
                  </factDate>
                  <personNumber>11234</personNumber>
                  <firstname>Katrien</firstname>
                  <lastname>De Bondt</lastname>
                  <birthDate>
                     <day>11</day>
                     <month>1</month>
                     <year>1980</year>
                  </birthDate>
                  <!--Optional:-->
                  <!--placeOfOrigin>?</placeOfOrigin-->
                  <searchInRrn>false</searchInRrn>
               </documentSearch>
            </v1:searchDocument>
         </v1:request>
      </v1:searchDocumentRequest>
   </soapenv:Body>
</soapenv:Envelope>]]></con:request><con:assertion type="SOAP Fault Assertion" id="0e9d9baa-c4be-40f9-9eb7-4a72f9d45fb6" name="Not SOAP Fault"/><con:assertion type="SOAP Response" id="ef09bd05-4bcf-4933-84a9-daa307752f3d" name="SOAP Response"/><con:assertion type="Schema Compliance" id="5c4727e3-d7f8-4d01-b02e-a16d8572aca3" name="Schema Compliance"><con:configuration/></con:assertion><con:wsaConfig action="http://fidus.brussels/services/civilstatusdocumentservice/searchDocument"/></con:request></con:config></con:testStep><con:properties/></con:testCase><con:testCase id="4a767866-7e7e-40a7-ae1c-586ce8771014" failOnError="true" failTestCaseOnErrors="true" keepSession="false" maxResults="0" name="validateDocument" searchProperties="true"><con:settings/><con:testStep type="request" id="151c07d8-78ba-46a5-942e-1258f4ea4dc1" name="testcase3 -Test - External - Request"><con:settings/><con:config xsi:type="con:RequestStep" xmlns:xsi="http://www.w3.org/2001/XMLSchema-instance"><con:interface>CivilStatusDocumentService_v1.0Soap11Binding</con:interface><con:operation>validateDocument</con:operation><con:request name="testcase3 -Test - External - Request" id="e90db73c-9117-47b1-923a-fb90f8a9d1ee" outgoingWss="Outflow TEST"><con:settings/><con:encoding>UTF-8</con:encoding><con:endpoint>https://192.168.22.53:8443/services/CivilStatusDocumentService_v1.0</con:endpoint><con:request><![CDATA[<soapenv:Envelope xmlns:soapenv="http://schemas.xmlsoap.org/soap/envelope/" xmlns:v1="http://fidus.brussels/service/civilstatusdocumentservice/messages/v1" xmlns:v11="http://fidus.brussels/type/common/messages/v1" xmlns:core="http://www.fgov.be/dabs/core">
   <soapenv:Header/>
   <soapenv:Body>
      <v1:validateDocumentRequest>
         <v1:messageContext>
            <v11:messageId>${=import static java.util.UUID.randomUUID; uuid = randomUUID() as String}</v11:messageId>
            <v11:timestamp>${=new java.text.SimpleDateFormat("yyyy-MM-dd'T'HH:mm:ss.SSS").format(new Date())}</v11:timestamp>
         </v1:messageContext>
         <v1:legalContext>ServiceIntegrator</v1:legalContext>
         <v1:request>
            <v1:language>fr</v1:language>
             <v1:municipalityCode>d1051</v1:municipalityCode>
            <v1:validateDocument>
               <document xsi:type="core:marriageCertificate" xmlns:xsi="http://www.w3.org/2001/XMLSchema-instance">
                  <attachments/>
                  <certificateOriginType>FOREIGN_CERTIFICATE</certificateOriginType>
                  <factDate>
                     <day>26</day>
                     <month>12</month>
                     <year>2011</year>
                  </factDate>
                  <establishingDate>2018-07-17</establishingDate>
                  <redactionPlace>
                     <municipalityCode>12007</municipalityCode>
                     <countryCode>150</countryCode>
                     <countryFreeText>test</countryFreeText>
                  </redactionPlace>
                  <origin>DABS</origin>
                  <persons>
                     <person>
                        <origin>RR</origin>
                        <nobilityFree/>
                        <birthPlace>
                           <municipalityCode>12010</municipalityCode>
                           <countryCode>150</countryCode>
                           <countryFreeText>test</countryFreeText>
                        </birthPlace>
                        <birthDate>
                           <day>11</day>
                           <month>1</month>
                           <year>1980</year>
                        </birthDate>
                        <firstname>Katrien</firstname>
                        <lastname>De Bondt</lastname>
                        <roles>
                           <role>SPOUSE_2</role>
                        </roles>
                        <personNumber>11234</personNumber>
                     </person>
                     <person>
                        <origin>RR</origin>
                        <nobilityFree/>
                        <birthPlace>
                           <municipalityFreeText>Budel</municipalityFreeText>
                           <countryCode>129</countryCode>
                           <countryFreeText>test</countryFreeText>
                        </birthPlace>
                        <birthDate>
                           <day>5</day>
                           <month>7</month>
                           <year>1979</year>
                        </birthDate>
                        <firstname>Bram Tonny Gerda</firstname>
                        <lastname>Van Huffel</lastname>
                        <roles>
                           <role>SPOUSE_1</role>
                        </roles>
                        <personNumber>1125000</personNumber>
                     </person>
                     <person>
                        <origin>RR</origin>
                        <birthPlace>
                           <municipalityCode>12007</municipalityCode>
                           <countryCode>150</countryCode>
                           <countryFreeText>test</countryFreeText>
                        </birthPlace>
                        <birthDate>
                           <day>1</day>
                           <month>4</month>
                           <year>1986</year>
                        </birthDate>
                        <firstname>Mounir</firstname>
                        <lastname>Ouchan</lastname>
                        <roles>
                           <role>ABS</role>
                        </roles>
                        <personNumber>86040128370</personNumber>
                     </person>
                  </persons>
                  <oldDocumentReference>2018/33</oldDocumentReference>
                  <docState>FINAL</docState>
               </document>
            </v1:validateDocument>
         </v1:request>
      </v1:validateDocumentRequest>
   </soapenv:Body>
</soapenv:Envelope>]]></con:request><con:assertion type="SOAP Fault Assertion" id="a47cda21-2832-49f8-ab03-4fef3de8ede4" name="Not SOAP Fault"/><con:assertion type="SOAP Response" id="bf08261e-24bb-451d-88ef-8f2a82549ed4" name="SOAP Response"/><con:assertion type="Schema Compliance" id="2f51efbb-9fc4-4a67-89b1-4e8ab3519f00" name="Schema Compliance"><con:configuration/></con:assertion><con:wsaConfig action="http://fidus.brussels/services/civilstatusdocumentservice/validateDocument"/></con:request></con:config></con:testStep><con:testStep type="request" id="be74b585-bab6-4089-875e-f43822d7cb0b" name="testcase3 -Test - LB - Request"><con:settings/><con:config xsi:type="con:RequestStep" xmlns:xsi="http://www.w3.org/2001/XMLSchema-instance"><con:interface>CivilStatusDocumentService_v1.0Soap11Binding</con:interface><con:operation>validateDocument</con:operation><con:request name="testcase3 -Test - LB - Request" id="2e2be21a-0d96-4c19-81cb-4afaf8e72e67" outgoingWss="Outflow TEST"><con:settings/><con:encoding>UTF-8</con:encoding><con:endpoint>https://192.168.22.53:8443/services/CivilStatusDocumentService_v1.0</con:endpoint><con:request><![CDATA[<soapenv:Envelope xmlns:soapenv="http://schemas.xmlsoap.org/soap/envelope/" xmlns:v1="http://fidus.brussels/service/civilstatusdocumentservice/messages/v1" xmlns:v11="http://fidus.brussels/type/common/messages/v1" xmlns:core="http://www.fgov.be/dabs/core">
   <soapenv:Header/>
   <soapenv:Body>
      <v1:validateDocumentRequest>
         <v1:messageContext>
            <v11:messageId>${=import static java.util.UUID.randomUUID; uuid = randomUUID() as String}</v11:messageId>
            <v11:timestamp>${=new java.text.SimpleDateFormat("yyyy-MM-dd'T'HH:mm:ss.SSS").format(new Date())}</v11:timestamp>
         </v1:messageContext>
         <v1:legalContext>ServiceIntegrator</v1:legalContext>
         <v1:request>
            <v1:language>fr</v1:language>
             <v1:municipalityCode>d1051</v1:municipalityCode>
            <v1:validateDocument>
               <document xsi:type="core:marriageCertificate" xmlns:xsi="http://www.w3.org/2001/XMLSchema-instance">
                  <attachments/>
                  <certificateOriginType>FOREIGN_CERTIFICATE</certificateOriginType>
                  <factDate>
                     <day>26</day>
                     <month>12</month>
                     <year>2011</year>
                  </factDate>
                  <establishingDate>2018-07-17</establishingDate>
                  <redactionPlace>
                     <municipalityCode>12007</municipalityCode>
                     <countryCode>150</countryCode>
                     <countryFreeText>test</countryFreeText>
                  </redactionPlace>
                  <origin>DABS</origin>
                  <persons>
                     <person>
                        <origin>RR</origin>
                        <nobilityFree/>
                        <birthPlace>
                           <municipalityCode>12010</municipalityCode>
                           <countryCode>150</countryCode>
                           <countryFreeText>test</countryFreeText>
                        </birthPlace>
                        <birthDate>
                           <day>11</day>
                           <month>1</month>
                           <year>1980</year>
                        </birthDate>
                        <firstname>Katrien</firstname>
                        <lastname>De Bondt</lastname>
                        <roles>
                           <role>SPOUSE_2</role>
                        </roles>
                        <personNumber>11234</personNumber>
                     </person>
                     <person>
                        <origin>RR</origin>
                        <nobilityFree/>
                        <birthPlace>
                           <municipalityFreeText>Budel</municipalityFreeText>
                           <countryCode>129</countryCode>
                           <countryFreeText>test</countryFreeText>
                        </birthPlace>
                        <birthDate>
                           <day>5</day>
                           <month>7</month>
                           <year>1979</year>
                        </birthDate>
                        <firstname>Bram Tonny Gerda</firstname>
                        <lastname>Van Huffel</lastname>
                        <roles>
                           <role>SPOUSE_1</role>
                        </roles>
                        <personNumber>1125000</personNumber>
                     </person>
                     <person>
                        <origin>RR</origin>
                        <birthPlace>
                           <municipalityCode>12007</municipalityCode>
                           <countryCode>150</countryCode>
                           <countryFreeText>test</countryFreeText>
                        </birthPlace>
                        <birthDate>
                           <day>1</day>
                           <month>4</month>
                           <year>1986</year>
                        </birthDate>
                        <firstname>Mounir</firstname>
                        <lastname>Ouchan</lastname>
                        <roles>
                           <role>ABS</role>
                        </roles>
                        <personNumber>86040128370</personNumber>
                     </person>
                  </persons>
                  <oldDocumentReference>2018/33</oldDocumentReference>
                  <docState>FINAL</docState>
               </document>
            </v1:validateDocument>
         </v1:request>
      </v1:validateDocumentRequest>
   </soapenv:Body>
</soapenv:Envelope>]]></con:request><con:assertion type="SOAP Fault Assertion" id="09a49d16-f903-4f5a-a3ba-79b5e9f8c974" name="Not SOAP Fault"/><con:assertion type="SOAP Response" id="b2935c46-13bd-4dbc-83ef-40d531856fa2" name="SOAP Response"/><con:assertion type="Schema Compliance" id="5d4c093a-4272-4808-8da5-a3b25b0aedcf" name="Schema Compliance"><con:configuration/></con:assertion><con:wsaConfig action="http://fidus.brussels/services/civilstatusdocumentservice/validateDocument"/></con:request></con:config></con:testStep><con:testStep type="request" id="68e6bd21-d963-4ec1-8b24-721f5e85447f" name="testcase3 -Test - Worker1 - Request"><con:settings/><con:config xsi:type="con:RequestStep" xmlns:xsi="http://www.w3.org/2001/XMLSchema-instance"><con:interface>CivilStatusDocumentService_v1.0Soap11Binding</con:interface><con:operation>validateDocument</con:operation><con:request name="testcase3 -Test - Worker1 - Request" id="cd5a9c64-85f3-43c1-93d0-299c1a3e2f46" outgoingWss="Outflow TEST"><con:settings/><con:encoding>UTF-8</con:encoding><con:endpoint>https://192.168.22.53:8443/services/CivilStatusDocumentService_v1.0</con:endpoint><con:request><![CDATA[<soapenv:Envelope xmlns:soapenv="http://schemas.xmlsoap.org/soap/envelope/" xmlns:v1="http://fidus.brussels/service/civilstatusdocumentservice/messages/v1" xmlns:v11="http://fidus.brussels/type/common/messages/v1" xmlns:core="http://www.fgov.be/dabs/core">
   <soapenv:Header/>
   <soapenv:Body>
      <v1:validateDocumentRequest>
         <v1:messageContext>
            <v11:messageId>${=import static java.util.UUID.randomUUID; uuid = randomUUID() as String}</v11:messageId>
            <v11:timestamp>${=new java.text.SimpleDateFormat("yyyy-MM-dd'T'HH:mm:ss.SSS").format(new Date())}</v11:timestamp>
         </v1:messageContext>
         <v1:legalContext>ServiceIntegrator</v1:legalContext>
         <v1:request>
            <v1:language>fr</v1:language>
             <v1:municipalityCode>d1051</v1:municipalityCode>
            <v1:validateDocument>
               <document xsi:type="core:marriageCertificate" xmlns:xsi="http://www.w3.org/2001/XMLSchema-instance">
                  <attachments/>
                  <certificateOriginType>FOREIGN_CERTIFICATE</certificateOriginType>
                  <factDate>
                     <day>26</day>
                     <month>12</month>
                     <year>2011</year>
                  </factDate>
                  <establishingDate>2018-07-17</establishingDate>
                  <redactionPlace>
                     <municipalityCode>12007</municipalityCode>
                     <countryCode>150</countryCode>
                     <countryFreeText>test</countryFreeText>
                  </redactionPlace>
                  <origin>DABS</origin>
                  <persons>
                     <person>
                        <origin>RR</origin>
                        <nobilityFree/>
                        <birthPlace>
                           <municipalityCode>12010</municipalityCode>
                           <countryCode>150</countryCode>
                           <countryFreeText>test</countryFreeText>
                        </birthPlace>
                        <birthDate>
                           <day>11</day>
                           <month>1</month>
                           <year>1980</year>
                        </birthDate>
                        <firstname>Katrien</firstname>
                        <lastname>De Bondt</lastname>
                        <roles>
                           <role>SPOUSE_2</role>
                        </roles>
                        <personNumber>11234</personNumber>
                     </person>
                     <person>
                        <origin>RR</origin>
                        <nobilityFree/>
                        <birthPlace>
                           <municipalityFreeText>Budel</municipalityFreeText>
                           <countryCode>129</countryCode>
                           <countryFreeText>test</countryFreeText>
                        </birthPlace>
                        <birthDate>
                           <day>5</day>
                           <month>7</month>
                           <year>1979</year>
                        </birthDate>
                        <firstname>Bram Tonny Gerda</firstname>
                        <lastname>Van Huffel</lastname>
                        <roles>
                           <role>SPOUSE_1</role>
                        </roles>
                        <personNumber>1125000</personNumber>
                     </person>
                     <person>
                        <origin>RR</origin>
                        <birthPlace>
                           <municipalityCode>12007</municipalityCode>
                           <countryCode>150</countryCode>
                           <countryFreeText>test</countryFreeText>
                        </birthPlace>
                        <birthDate>
                           <day>1</day>
                           <month>4</month>
                           <year>1986</year>
                        </birthDate>
                        <firstname>Mounir</firstname>
                        <lastname>Ouchan</lastname>
                        <roles>
                           <role>ABS</role>
                        </roles>
                        <personNumber>86040128370</personNumber>
                     </person>
                  </persons>
                  <oldDocumentReference>2018/33</oldDocumentReference>
                  <docState>FINAL</docState>
               </document>
            </v1:validateDocument>
         </v1:request>
      </v1:validateDocumentRequest>
   </soapenv:Body>
</soapenv:Envelope>]]></con:request><con:assertion type="SOAP Fault Assertion" id="048be31c-0a22-468d-966f-daf438ee7e5c" name="Not SOAP Fault"/><con:assertion type="SOAP Response" id="eba37fd0-03c0-48e7-8404-18e7eb3f8e78" name="SOAP Response"/><con:assertion type="Schema Compliance" id="41e53e78-a695-48a5-a71b-0e0f5f72ecb4" name="Schema Compliance"><con:configuration/></con:assertion><con:wsaConfig action="http://fidus.brussels/services/civilstatusdocumentservice/validateDocument"/></con:request></con:config></con:testStep><con:testStep type="request" id="f963ae37-4c35-4c4a-9d3a-82dcd7f7cfad" name="testcase3 -Test - Worker2 - Request"><con:settings/><con:config xsi:type="con:RequestStep" xmlns:xsi="http://www.w3.org/2001/XMLSchema-instance"><con:interface>CivilStatusDocumentService_v1.0Soap11Binding</con:interface><con:operation>validateDocument</con:operation><con:request name="testcase3 -Test - Worker2 - Request" id="8ca046f8-3fa2-4c04-95e0-6a80cf160f31" outgoingWss="Outflow TEST"><con:settings/><con:encoding>UTF-8</con:encoding><con:endpoint>https://192.168.22.53:8443/services/CivilStatusDocumentService_v1.0</con:endpoint><con:request><![CDATA[<soapenv:Envelope xmlns:soapenv="http://schemas.xmlsoap.org/soap/envelope/" xmlns:v1="http://fidus.brussels/service/civilstatusdocumentservice/messages/v1" xmlns:v11="http://fidus.brussels/type/common/messages/v1" xmlns:core="http://www.fgov.be/dabs/core">
   <soapenv:Header/>
   <soapenv:Body>
      <v1:validateDocumentRequest>
         <v1:messageContext>
            <v11:messageId>${=import static java.util.UUID.randomUUID; uuid = randomUUID() as String}</v11:messageId>
            <v11:timestamp>${=new java.text.SimpleDateFormat("yyyy-MM-dd'T'HH:mm:ss.SSS").format(new Date())}</v11:timestamp>
         </v1:messageContext>
         <v1:legalContext>ServiceIntegrator</v1:legalContext>
         <v1:request>
            <v1:language>fr</v1:language>
             <v1:municipalityCode>d1051</v1:municipalityCode>
            <v1:validateDocument>
               <document xsi:type="core:marriageCertificate" xmlns:xsi="http://www.w3.org/2001/XMLSchema-instance">
                  <attachments/>
                  <certificateOriginType>FOREIGN_CERTIFICATE</certificateOriginType>
                  <factDate>
                     <day>26</day>
                     <month>12</month>
                     <year>2011</year>
                  </factDate>
                  <establishingDate>2018-07-17</establishingDate>
                  <redactionPlace>
                     <municipalityCode>12007</municipalityCode>
                     <countryCode>150</countryCode>
                     <countryFreeText>test</countryFreeText>
                  </redactionPlace>
                  <origin>DABS</origin>
                  <persons>
                     <person>
                        <origin>RR</origin>
                        <nobilityFree/>
                        <birthPlace>
                           <municipalityCode>12010</municipalityCode>
                           <countryCode>150</countryCode>
                           <countryFreeText>test</countryFreeText>
                        </birthPlace>
                        <birthDate>
                           <day>11</day>
                           <month>1</month>
                           <year>1980</year>
                        </birthDate>
                        <firstname>Katrien</firstname>
                        <lastname>De Bondt</lastname>
                        <roles>
                           <role>SPOUSE_2</role>
                        </roles>
                        <personNumber>11234</personNumber>
                     </person>
                     <person>
                        <origin>RR</origin>
                        <nobilityFree/>
                        <birthPlace>
                           <municipalityFreeText>Budel</municipalityFreeText>
                           <countryCode>129</countryCode>
                           <countryFreeText>test</countryFreeText>
                        </birthPlace>
                        <birthDate>
                           <day>5</day>
                           <month>7</month>
                           <year>1979</year>
                        </birthDate>
                        <firstname>Bram Tonny Gerda</firstname>
                        <lastname>Van Huffel</lastname>
                        <roles>
                           <role>SPOUSE_1</role>
                        </roles>
                        <personNumber>1125000</personNumber>
                     </person>
                     <person>
                        <origin>RR</origin>
                        <birthPlace>
                           <municipalityCode>12007</municipalityCode>
                           <countryCode>150</countryCode>
                           <countryFreeText>test</countryFreeText>
                        </birthPlace>
                        <birthDate>
                           <day>1</day>
                           <month>4</month>
                           <year>1986</year>
                        </birthDate>
                        <firstname>Mounir</firstname>
                        <lastname>Ouchan</lastname>
                        <roles>
                           <role>ABS</role>
                        </roles>
                        <personNumber>86040128370</personNumber>
                     </person>
                  </persons>
                  <oldDocumentReference>2018/33</oldDocumentReference>
                  <docState>FINAL</docState>
               </document>
            </v1:validateDocument>
         </v1:request>
      </v1:validateDocumentRequest>
   </soapenv:Body>
</soapenv:Envelope>]]></con:request><con:assertion type="SOAP Fault Assertion" id="85e70f91-54f6-4a72-895c-abd1b59b4034" name="Not SOAP Fault"/><con:assertion type="SOAP Response" id="c36d0d02-af9f-40f9-b9aa-b01b00d90409" name="SOAP Response"/><con:assertion type="Schema Compliance" id="e0b07115-17c5-4758-9ab9-c77156683a74" name="Schema Compliance"><con:configuration/></con:assertion><con:wsaConfig action="http://fidus.brussels/services/civilstatusdocumentservice/validateDocument"/></con:request></con:config></con:testStep><con:properties/></con:testCase><con:properties/></con:testSuite><con:testSuite id="27d3e46a-b628-43be-86f6-eda28a6f1ee2" name="STAG"><con:settings/><con:runType>SEQUENTIAL</con:runType><con:testCase id="8cc4296e-94c3-4433-bcba-184588a08877" failOnError="true" failTestCaseOnErrors="true" keepSession="false" maxResults="0" name="getCopyConform" searchProperties="true"><con:settings/><con:testStep type="request" id="9fdb9c6a-1a9f-44e0-ae91-f612dd65ef42" name="testcase4 -Staging - External - Request"><con:settings/><con:config xsi:type="con:RequestStep" xmlns:xsi="http://www.w3.org/2001/XMLSchema-instance"><con:interface>CivilStatusDocumentService_v1.0Soap11Binding</con:interface><con:operation>getCopyConform</con:operation><con:request name="testcase4 -Staging - External - Request" id="2342eda1-f3a9-474d-9eba-b3328e4355f6" outgoingWss="Outflow STAG"><con:settings/><con:encoding>UTF-8</con:encoding><con:endpoint>https://fidus.irisnetlab.be/services/CivilStatusDocumentService_v1.0</con:endpoint><con:request><![CDATA[<soapenv:Envelope xmlns:soapenv="http://schemas.xmlsoap.org/soap/envelope/" xmlns:v1="http://fidus.brussels/service/civilstatusdocumentservice/messages/v1" xmlns:v11="http://fidus.brussels/type/common/messages/v1">
   <soapenv:Header/>
   <soapenv:Body>
      <v1:getCopyConformRequest>
         <v1:messageContext>
           <v11:messageId>${=import static java.util.UUID.randomUUID; uuid = randomUUID() as String}</v11:messageId>
            <v11:timestamp>${=new java.text.SimpleDateFormat("yyyy-MM-dd'T'HH:mm:ss.SSS").format(new Date())}</v11:timestamp>
         </v1:messageContext>
         <v1:legalContext>ServiceIntegrator</v1:legalContext>
         <v1:request>
            <v1:documentReference>20180000299194</v1:documentReference>
		  <v1:language>fr</v1:language>
         </v1:request>
      </v1:getCopyConformRequest>
   </soapenv:Body>
</soapenv:Envelope>]]></con:request><con:assertion type="SOAP Fault Assertion" id="da44a77f-5c14-47e3-bbcd-47c4e522d2ba" name="Not SOAP Fault"/><con:assertion type="SOAP Response" id="54d36add-d371-42b2-b3bc-5093ef4f8ac2" name="SOAP Response"/><con:assertion type="Schema Compliance" id="86f7ebe3-9f11-4c87-a10d-53948d2adb9b" name="Schema Compliance"><con:configuration/></con:assertion><con:wsaConfig action="http://fidus.brussels/services/civilstatusdocumentservice/getCopyConform"/></con:request></con:config></con:testStep><con:testStep type="request" id="bd7854a5-6592-45ab-8ec5-78a04745a4a3" name="testcase4 -Staging - LB - Request"><con:settings/><con:config xsi:type="con:RequestStep" xmlns:xsi="http://www.w3.org/2001/XMLSchema-instance"><con:interface>CivilStatusDocumentService_v1.0Soap11Binding</con:interface><con:operation>getCopyConform</con:operation><con:request name="testcase4 -Staging - LB - Request" id="686c4a25-5983-4855-9f65-a3e52d84e053" outgoingWss="Outflow STAG"><con:settings/><con:encoding>UTF-8</con:encoding><con:endpoint>https://fidus-esb-sg.sta.srv.cirb.lan:8443/services/CivilStatusDocumentService_v1.0</con:endpoint><con:request><![CDATA[<soapenv:Envelope xmlns:soapenv="http://schemas.xmlsoap.org/soap/envelope/" xmlns:v1="http://fidus.brussels/service/civilstatusdocumentservice/messages/v1" xmlns:v11="http://fidus.brussels/type/common/messages/v1">
   <soapenv:Header/>
   <soapenv:Body>
      <v1:getCopyConformRequest>
         <v1:messageContext>
           <v11:messageId>${=import static java.util.UUID.randomUUID; uuid = randomUUID() as String}</v11:messageId>
            <v11:timestamp>${=new java.text.SimpleDateFormat("yyyy-MM-dd'T'HH:mm:ss.SSS").format(new Date())}</v11:timestamp>
         </v1:messageContext>
         <v1:legalContext>ServiceIntegrator</v1:legalContext>
         <v1:request>
            <v1:documentReference>20180000299194</v1:documentReference>
		  <v1:language>fr</v1:language>
         </v1:request>
      </v1:getCopyConformRequest>
   </soapenv:Body>
</soapenv:Envelope>]]></con:request><con:assertion type="SOAP Fault Assertion" id="caf254e7-b035-4384-976a-a9f35582207f" name="Not SOAP Fault"/><con:assertion type="SOAP Response" id="e2274b9e-3cb1-4551-aac6-40cbdb473889" name="SOAP Response"/><con:assertion type="Schema Compliance" id="a622e9b1-a962-4256-9dbb-4cc40e3ac5d1" name="Schema Compliance"><con:configuration/></con:assertion><con:wsaConfig action="http://fidus.brussels/services/civilstatusdocumentservice/getCopyConform"/></con:request></con:config></con:testStep><con:testStep type="request" id="bed9143a-a250-422d-a35e-f3a0ade10364" name="testcase4 -Staging - worker1 - Request"><con:settings/><con:config xsi:type="con:RequestStep" xmlns:xsi="http://www.w3.org/2001/XMLSchema-instance"><con:interface>CivilStatusDocumentService_v1.0Soap11Binding</con:interface><con:operation>getCopyConform</con:operation><con:request name="testcase4 -Staging - worker1 - Request" id="1a83e0dc-91a8-4e64-9df4-6aca32019fd2" outgoingWss="Outflow STAG"><con:settings/><con:encoding>UTF-8</con:encoding><con:endpoint>https://192.168.24.16:8443/services/CivilStatusDocumentService_v1.0</con:endpoint><con:request><![CDATA[<soapenv:Envelope xmlns:soapenv="http://schemas.xmlsoap.org/soap/envelope/" xmlns:v1="http://fidus.brussels/service/civilstatusdocumentservice/messages/v1" xmlns:v11="http://fidus.brussels/type/common/messages/v1">
   <soapenv:Header/>
   <soapenv:Body>
      <v1:getCopyConformRequest>
         <v1:messageContext>
           <v11:messageId>${=import static java.util.UUID.randomUUID; uuid = randomUUID() as String}</v11:messageId>
            <!--Optional:-->
            <v11:timestamp>${=new java.text.SimpleDateFormat("yyyy-MM-dd'T'HH:mm:ss.SSS").format(new Date())}</v11:timestamp>
         </v1:messageContext>
         <v1:legalContext>ServiceIntegrator</v1:legalContext>
         <v1:request>
            <v1:documentReference>20180000299194</v1:documentReference>
            <v1:language>fr</v1:language>
            <!--Optional:-->
            <v1:municipalityCode>01050</v1:municipalityCode>
         </v1:request>
      </v1:getCopyConformRequest>
   </soapenv:Body>
</soapenv:Envelope>]]></con:request><con:assertion type="SOAP Fault Assertion" id="b22ba6bf-6bb2-4ea5-a01a-ef9c145ecfae" name="Not SOAP Fault"/><con:assertion type="SOAP Response" id="16354a2e-fd48-4cdc-91af-4349ebced76f" name="SOAP Response"/><con:assertion type="Schema Compliance" id="2804ede0-846d-4718-a79f-8b24413032dc" name="Schema Compliance"><con:configuration/></con:assertion><con:wsaConfig action="http://fidus.brussels/services/civilstatusdocumentservice/getCopyConform"/></con:request></con:config></con:testStep><con:testStep type="request" id="c30a986d-4909-4946-93ee-0f517fd406ea" name="testcase4 -Staging - worker2 - Request"><con:settings/><con:config xsi:type="con:RequestStep" xmlns:xsi="http://www.w3.org/2001/XMLSchema-instance"><con:interface>CivilStatusDocumentService_v1.0Soap11Binding</con:interface><con:operation>getCopyConform</con:operation><con:request name="testcase4 -Staging - worker2 - Request" id="24413bb8-a10c-4604-bd89-f5a7eeac7375" outgoingWss="Outflow STAG"><con:settings/><con:encoding>UTF-8</con:encoding><con:endpoint>https://192.168.24.17:8443/services/CivilStatusDocumentService_v1.0</con:endpoint><con:request><![CDATA[<soapenv:Envelope xmlns:soapenv="http://schemas.xmlsoap.org/soap/envelope/" xmlns:v1="http://fidus.brussels/service/civilstatusdocumentservice/messages/v1" xmlns:v11="http://fidus.brussels/type/common/messages/v1">
   <soapenv:Header/>
   <soapenv:Body>
      <v1:getCopyConformRequest>
         <v1:messageContext>
           <v11:messageId>${=import static java.util.UUID.randomUUID; uuid = randomUUID() as String}</v11:messageId>
            <!--Optional:-->
            <v11:timestamp>${=new java.text.SimpleDateFormat("yyyy-MM-dd'T'HH:mm:ss.SSS").format(new Date())}</v11:timestamp>
         </v1:messageContext>
         <v1:legalContext>ServiceIntegrator</v1:legalContext>
         <v1:request>
            <v1:documentReference>20180000299194</v1:documentReference>
            <v1:language>fr</v1:language>
            <!--Optional:-->
         </v1:request>
      </v1:getCopyConformRequest>
   </soapenv:Body>
</soapenv:Envelope>]]></con:request><con:assertion type="SOAP Fault Assertion" id="a12ed8e8-f5dd-4a88-bfc9-24db48918c29" name="Not SOAP Fault"/><con:assertion type="SOAP Response" id="9f06e21c-5189-4872-b271-94e266618440" name="SOAP Response"/><con:assertion type="Schema Compliance" id="568d818f-04f3-4daa-bb42-594896768212" name="Schema Compliance"><con:configuration/></con:assertion><con:wsaConfig action="http://fidus.brussels/services/civilstatusdocumentservice/getCopyConform"/></con:request></con:config></con:testStep><con:properties/></con:testCase><con:testCase id="ef726612-440b-4241-a5b4-5a4d86f38811" failOnError="true" failTestCaseOnErrors="true" keepSession="false" maxResults="0" name="getCopyConformAsPdf" searchProperties="true"><con:settings/><con:testStep type="request" id="1af95c45-6a3a-4997-8d03-92f12a48631c" name="testcase4 - Staging - Worker2 - Request"><con:settings/><con:config xsi:type="con:RequestStep" xmlns:xsi="http://www.w3.org/2001/XMLSchema-instance"><con:interface>CivilStatusDocumentService_v1.0Soap11Binding</con:interface><con:operation>getCopyConformAsPdf</con:operation><con:request name="testcase4 - Staging - Worker2 - Request" id="8af8a2dd-d234-44f9-ab68-de1438461f44" outgoingWss="Outflow STAG"><con:settings/><con:encoding>UTF-8</con:encoding><con:endpoint>https://192.168.24.17:8443/services/CivilStatusDocumentService_v1.0</con:endpoint><con:request><![CDATA[<soapenv:Envelope xmlns:soapenv="http://schemas.xmlsoap.org/soap/envelope/" xmlns:v1="http://fidus.brussels/service/civilstatusdocumentservice/messages/v1" xmlns:v11="http://fidus.brussels/type/common/messages/v1">
   <soapenv:Header/>
   <soapenv:Body>
      <v1:getCopyConformAsPdfRequest>
         <v1:messageContext>
           <v11:messageId>${=import static java.util.UUID.randomUUID; uuid = randomUUID() as String}</v11:messageId>
            <v11:timestamp>${=new java.text.SimpleDateFormat("yyyy-MM-dd'T'HH:mm:ss.SSS").format(new Date())}</v11:timestamp>
         </v1:messageContext>
         <v1:legalContext>ServiceIntegrator</v1:legalContext>
         <v1:request>
            <v1:documentReference>20180000299194</v1:documentReference>
         	  <v1:language>fr</v1:language>
         </v1:request>
      </v1:getCopyConformAsPdfRequest>
   </soapenv:Body>
</soapenv:Envelope>]]></con:request><con:assertion type="SOAP Fault Assertion" id="36b5a427-637d-43f0-b81b-6f38edd9ff11" name="Not SOAP Fault"/><con:assertion type="SOAP Response" id="eb9855eb-8ad4-4200-9d37-dc2d1ce3b534" name="SOAP Response"/><con:assertion type="Schema Compliance" id="1765736f-6b4d-450b-8b88-d20b8729c64c" name="Schema Compliance"><con:configuration/></con:assertion><con:wsaConfig action="http://fidus.brussels/services/civilstatusdocumentservice/getCopyConformAsPdf"/></con:request></con:config></con:testStep><con:testStep type="request" id="8758af6c-fd72-417e-b863-2a4a5b021944" name="testcase4 - Staging - Worker1 - Request"><con:settings/><con:config xsi:type="con:RequestStep" xmlns:xsi="http://www.w3.org/2001/XMLSchema-instance"><con:interface>CivilStatusDocumentService_v1.0Soap11Binding</con:interface><con:operation>getCopyConformAsPdf</con:operation><con:request name="testcase4 - Staging - Worker1 - Request" id="9447237d-ebc6-43f2-91a2-3d8c05d5fccf" outgoingWss="Outflow STAG"><con:settings/><con:encoding>UTF-8</con:encoding><con:endpoint>https://192.168.24.16:8443/services/CivilStatusDocumentService_v1.0</con:endpoint><con:request><![CDATA[<soapenv:Envelope xmlns:soapenv="http://schemas.xmlsoap.org/soap/envelope/" xmlns:v1="http://fidus.brussels/service/civilstatusdocumentservice/messages/v1" xmlns:v11="http://fidus.brussels/type/common/messages/v1">
   <soapenv:Header/>
   <soapenv:Body>
      <v1:getCopyConformAsPdfRequest>
         <v1:messageContext>
           <v11:messageId>${=import static java.util.UUID.randomUUID; uuid = randomUUID() as String}</v11:messageId>
            <v11:timestamp>${=new java.text.SimpleDateFormat("yyyy-MM-dd'T'HH:mm:ss.SSS").format(new Date())}</v11:timestamp>
         </v1:messageContext>
         <v1:legalContext>ServiceIntegrator</v1:legalContext>
         <v1:request>
            <v1:documentReference>20180000299194</v1:documentReference>
         	  <v1:language>fr</v1:language>
         </v1:request>
      </v1:getCopyConformAsPdfRequest>
   </soapenv:Body>
</soapenv:Envelope>]]></con:request><con:assertion type="SOAP Fault Assertion" id="466df59c-a312-4c60-8515-b1db7d7dbfc9" name="Not SOAP Fault"/><con:assertion type="SOAP Response" id="eaf5b5c4-c2c5-4ce8-a8c2-b2e744eb1bd6" name="SOAP Response"/><con:assertion type="Schema Compliance" id="c6db9f0a-5524-408c-9594-d410da86a459" name="Schema Compliance"><con:configuration/></con:assertion><con:wsaConfig action="http://fidus.brussels/services/civilstatusdocumentservice/getCopyConformAsPdf"/></con:request></con:config></con:testStep><con:testStep type="request" id="44f287c0-8ce8-4868-8bf4-52eb3d206e4b" name="testcase4 - Staging - External - Request"><con:settings/><con:config xsi:type="con:RequestStep" xmlns:xsi="http://www.w3.org/2001/XMLSchema-instance"><con:interface>CivilStatusDocumentService_v1.0Soap11Binding</con:interface><con:operation>getCopyConformAsPdf</con:operation><con:request name="testcase4 - Staging - External - Request" id="d9849e04-4fd6-4f60-ba20-5692cbc89ed4" outgoingWss="Outflow STAG"><con:settings/><con:encoding>UTF-8</con:encoding><con:endpoint>https://fidus.irisnetlab.be/services/CivilStatusDocumentService_v1.0</con:endpoint><con:request><![CDATA[<soapenv:Envelope xmlns:soapenv="http://schemas.xmlsoap.org/soap/envelope/" xmlns:v1="http://fidus.brussels/service/civilstatusdocumentservice/messages/v1" xmlns:v11="http://fidus.brussels/type/common/messages/v1">
   <soapenv:Header/>
   <soapenv:Body>
      <v1:getCopyConformAsPdfRequest>
         <v1:messageContext>
           <v11:messageId>${=import static java.util.UUID.randomUUID; uuid = randomUUID() as String}</v11:messageId>
            <v11:timestamp>${=new java.text.SimpleDateFormat("yyyy-MM-dd'T'HH:mm:ss.SSS").format(new Date())}</v11:timestamp>
         </v1:messageContext>
         <v1:legalContext>ServiceIntegrator</v1:legalContext>
         <v1:request>
            <v1:documentReference>20180000299194</v1:documentReference>
         	  <v1:language>fr</v1:language>
         </v1:request>
      </v1:getCopyConformAsPdfRequest>
   </soapenv:Body>
</soapenv:Envelope>]]></con:request><con:assertion type="SOAP Fault Assertion" id="5ca6edd4-9231-47e8-85af-85c5719f889f" name="Not SOAP Fault"/><con:assertion type="SOAP Response" id="e59b0240-8a57-4d22-8996-ba925b263831" name="SOAP Response"/><con:assertion type="Schema Compliance" id="1d191f78-ebe9-4677-b1d9-5f37eb1e3198" name="Schema Compliance"><con:configuration/></con:assertion><con:wsaConfig action="http://fidus.brussels/services/civilstatusdocumentservice/getCopyConformAsPdf"/></con:request></con:config></con:testStep><con:testStep type="request" id="12c207a0-c2c8-4dad-a3b1-c162dc780b33" name="testcase4 - Staging - LB - Request"><con:settings/><con:config xsi:type="con:RequestStep" xmlns:xsi="http://www.w3.org/2001/XMLSchema-instance"><con:interface>CivilStatusDocumentService_v1.0Soap11Binding</con:interface><con:operation>getCopyConformAsPdf</con:operation><con:request name="testcase4 - Staging - LB - Request" id="10a32ce3-59b4-4a02-a558-b970bb66abfc" outgoingWss="Outflow STAG"><con:settings/><con:encoding>UTF-8</con:encoding><con:endpoint>https://fidus-esb-sg.sta.srv.cirb.lan:8443/services/CivilStatusDocumentService_v1.0</con:endpoint><con:request><![CDATA[<soapenv:Envelope xmlns:soapenv="http://schemas.xmlsoap.org/soap/envelope/" xmlns:v1="http://fidus.brussels/service/civilstatusdocumentservice/messages/v1" xmlns:v11="http://fidus.brussels/type/common/messages/v1">
   <soapenv:Header/>
   <soapenv:Body>
      <v1:getCopyConformAsPdfRequest>
         <v1:messageContext>
           <v11:messageId>${=import static java.util.UUID.randomUUID; uuid = randomUUID() as String}</v11:messageId>
            <v11:timestamp>${=new java.text.SimpleDateFormat("yyyy-MM-dd'T'HH:mm:ss.SSS").format(new Date())}</v11:timestamp>
         </v1:messageContext>
         <v1:legalContext>ServiceIntegrator</v1:legalContext>
         <v1:request>
            <v1:documentReference>20180000299194</v1:documentReference>
         	  <v1:language>fr</v1:language>
         </v1:request>
      </v1:getCopyConformAsPdfRequest>
   </soapenv:Body>
</soapenv:Envelope>]]></con:request><con:assertion type="SOAP Fault Assertion" id="7e8624ed-63ab-4b87-86e8-44379175c164" name="Not SOAP Fault"/><con:assertion type="SOAP Response" id="86567622-e8c4-4e92-a6dd-3329726b78d9" name="SOAP Response"/><con:assertion type="Schema Compliance" id="07158704-dfce-4b0a-a33d-d33a9619153d" name="Schema Compliance"><con:configuration/></con:assertion><con:wsaConfig action="http://fidus.brussels/services/civilstatusdocumentservice/getCopyConformAsPdf"/></con:request></con:config></con:testStep><con:properties/></con:testCase><con:testCase id="a4d596fc-8bb7-4ed9-9cc6-b62a2bfe8b3b" failOnError="true" failTestCaseOnErrors="true" keepSession="false" maxResults="0" name="getDocument" searchProperties="true"><con:settings/><con:testStep type="request" id="00afb66b-9237-4971-bf96-ec4985939664" name="testcase4 - Staging - External - Request"><con:settings/><con:config xsi:type="con:RequestStep" xmlns:xsi="http://www.w3.org/2001/XMLSchema-instance"><con:interface>CivilStatusDocumentService_v1.0Soap11Binding</con:interface><con:operation>getDocument</con:operation><con:request name="testcase4 - Staging - External - Request" id="ebb57af8-970e-487d-ba39-64d22d34316f" outgoingWss="Outflow STAG"><con:settings/><con:encoding>UTF-8</con:encoding><con:endpoint>https://fidus.irisnetlab.be/services/CivilStatusDocumentService_v1.0</con:endpoint><con:request><![CDATA[<soapenv:Envelope xmlns:soapenv="http://schemas.xmlsoap.org/soap/envelope/" xmlns:v1="http://fidus.brussels/service/civilstatusdocumentservice/messages/v1" xmlns:v11="http://fidus.brussels/type/common/messages/v1">
   <soapenv:Header/>
   <soapenv:Body>
      <v1:getDocumentRequest>
         <v1:messageContext>
           <v11:messageId>${=import static java.util.UUID.randomUUID; uuid = randomUUID() as String}</v11:messageId>
            <v11:timestamp>${=new java.text.SimpleDateFormat("yyyy-MM-dd'T'HH:mm:ss.SSS").format(new Date())}</v11:timestamp>
         </v1:messageContext>
         <v1:legalContext>ServiceIntegrator</v1:legalContext>
         <v1:request>
            <v1:documentReference>20180000299194</v1:documentReference>
            <v1:language>fr</v1:language>
         </v1:request>
      </v1:getDocumentRequest>
   </soapenv:Body>
</soapenv:Envelope>]]></con:request><con:assertion type="SOAP Fault Assertion" id="168f8ec9-0892-41c9-9599-54d978d351d6" name="Not SOAP Fault"/><con:assertion type="SOAP Response" id="6a1c2ce8-17ad-40d8-aeda-71e48085dbab" name="SOAP Response"/><con:assertion type="Schema Compliance" id="30e02772-4e5c-4f80-b146-6bdf73604bd4" name="Schema Compliance"><con:configuration/></con:assertion><con:wsaConfig action="http://fidus.brussels/services/civilstatusdocumentservice/getDocument"/></con:request></con:config></con:testStep><con:testStep type="request" id="51968d52-ca98-4834-aaaf-1b89ab5c754c" name="testcase4 - Staging - LB - Request"><con:settings/><con:config xsi:type="con:RequestStep" xmlns:xsi="http://www.w3.org/2001/XMLSchema-instance"><con:interface>CivilStatusDocumentService_v1.0Soap11Binding</con:interface><con:operation>getDocument</con:operation><con:request name="testcase4 - Staging - LB - Request" id="4631b77a-382c-42a0-b909-f930c5a77e21" outgoingWss="Outflow STAG"><con:settings/><con:encoding>UTF-8</con:encoding><con:endpoint>https://fidus-esb-sg.sta.srv.cirb.lan:8443/services/CivilStatusDocumentService_v1.0</con:endpoint><con:request><![CDATA[<soapenv:Envelope xmlns:soapenv="http://schemas.xmlsoap.org/soap/envelope/" xmlns:v1="http://fidus.brussels/service/civilstatusdocumentservice/messages/v1" xmlns:v11="http://fidus.brussels/type/common/messages/v1">
   <soapenv:Header/>
   <soapenv:Body>
      <v1:getDocumentRequest>
         <v1:messageContext>
           <v11:messageId>${=import static java.util.UUID.randomUUID; uuid = randomUUID() as String}</v11:messageId>
            <v11:timestamp>${=new java.text.SimpleDateFormat("yyyy-MM-dd'T'HH:mm:ss.SSS").format(new Date())}</v11:timestamp>
         </v1:messageContext>
         <v1:legalContext>ServiceIntegrator</v1:legalContext>
         <v1:request>
            <v1:documentReference>20180000299194</v1:documentReference>
            <v1:language>fr</v1:language>
         </v1:request>
      </v1:getDocumentRequest>
   </soapenv:Body>
</soapenv:Envelope>]]></con:request><con:assertion type="SOAP Fault Assertion" id="6bcf730b-1880-4340-95fd-ca95bf3c9c26" name="Not SOAP Fault"/><con:assertion type="SOAP Response" id="63901706-8d58-4a81-b8c0-50d6275da12f" name="SOAP Response"/><con:assertion type="Schema Compliance" id="d1b09160-6cd8-46f8-8d0a-4c1e7a4c873c" name="Schema Compliance"><con:configuration/></con:assertion><con:wsaConfig action="http://fidus.brussels/services/civilstatusdocumentservice/getDocument"/></con:request></con:config></con:testStep><con:testStep type="request" id="1a4686fd-80f0-4f46-b459-e681f2b63e1e" name="testcase4 - Staging - Worker1 - Request"><con:settings/><con:config xsi:type="con:RequestStep" xmlns:xsi="http://www.w3.org/2001/XMLSchema-instance"><con:interface>CivilStatusDocumentService_v1.0Soap11Binding</con:interface><con:operation>getDocument</con:operation><con:request name="testcase4 - Staging - Worker1 - Request" id="f27fe7a0-87e7-4d23-8f63-49a41574f4a5" outgoingWss="Outflow STAG"><con:settings/><con:encoding>UTF-8</con:encoding><con:endpoint>https://192.168.24.16:8443/services/CivilStatusDocumentService_v1.0</con:endpoint><con:request><![CDATA[<soapenv:Envelope xmlns:soapenv="http://schemas.xmlsoap.org/soap/envelope/" xmlns:v1="http://fidus.brussels/service/civilstatusdocumentservice/messages/v1" xmlns:v11="http://fidus.brussels/type/common/messages/v1">
   <soapenv:Header/>
   <soapenv:Body>
      <v1:getDocumentRequest>
         <v1:messageContext>
           <v11:messageId>${=import static java.util.UUID.randomUUID; uuid = randomUUID() as String}</v11:messageId>
            <v11:timestamp>${=new java.text.SimpleDateFormat("yyyy-MM-dd'T'HH:mm:ss.SSS").format(new Date())}</v11:timestamp>
         </v1:messageContext>
         <v1:legalContext>ServiceIntegrator</v1:legalContext>
         <v1:request>
            <v1:documentReference>20180000299194</v1:documentReference>
            <v1:language>fr</v1:language>
         </v1:request>
      </v1:getDocumentRequest>
   </soapenv:Body>
</soapenv:Envelope>]]></con:request><con:assertion type="SOAP Fault Assertion" id="fd58bf60-eeca-4260-bbca-5c481babfc6b" name="Not SOAP Fault"/><con:assertion type="SOAP Response" id="465e789d-e23f-4fb2-a1c7-9e580dfd5c11" name="SOAP Response"/><con:assertion type="Schema Compliance" id="5f6b03f4-2f1f-413c-942d-bd562083cbc6" name="Schema Compliance"><con:configuration/></con:assertion><con:wsaConfig action="http://fidus.brussels/services/civilstatusdocumentservice/getDocument"/></con:request></con:config></con:testStep><con:testStep type="request" id="1fc03fd4-05c3-400e-8ca7-7e565b8327c7" name="testcase4 - Staging - Worker2 - Request"><con:settings/><con:config xsi:type="con:RequestStep" xmlns:xsi="http://www.w3.org/2001/XMLSchema-instance"><con:interface>CivilStatusDocumentService_v1.0Soap11Binding</con:interface><con:operation>getDocument</con:operation><con:request name="testcase4 - Staging - Worker2 - Request" id="c1ae941a-596d-40ea-b724-dd10c6105a49" outgoingWss="Outflow STAG"><con:settings/><con:encoding>UTF-8</con:encoding><con:endpoint>https://192.168.24.17:8443/services/CivilStatusDocumentService_v1.0</con:endpoint><con:request><![CDATA[<soapenv:Envelope xmlns:soapenv="http://schemas.xmlsoap.org/soap/envelope/" xmlns:v1="http://fidus.brussels/service/civilstatusdocumentservice/messages/v1" xmlns:v11="http://fidus.brussels/type/common/messages/v1">
   <soapenv:Header/>
   <soapenv:Body>
      <v1:getDocumentRequest>
         <v1:messageContext>
           <v11:messageId>${=import static java.util.UUID.randomUUID; uuid = randomUUID() as String}</v11:messageId>
            <v11:timestamp>${=new java.text.SimpleDateFormat("yyyy-MM-dd'T'HH:mm:ss.SSS").format(new Date())}</v11:timestamp>
         </v1:messageContext>
         <v1:legalContext>ServiceIntegrator</v1:legalContext>
         <v1:request>
            <v1:documentReference>20180000299194</v1:documentReference>
            <v1:language>fr</v1:language>
         </v1:request>
      </v1:getDocumentRequest>
   </soapenv:Body>
</soapenv:Envelope>]]></con:request><con:assertion type="SOAP Fault Assertion" id="6fb5375d-b55f-48db-bb73-058d60825fb0" name="Not SOAP Fault"/><con:assertion type="SOAP Response" id="b2f23a15-4d34-4535-b764-3e7a1e923295" name="SOAP Response"/><con:assertion type="Schema Compliance" id="89a51094-9b6c-4e53-b870-2b12a9178151" name="Schema Compliance"><con:configuration/></con:assertion><con:wsaConfig action="http://fidus.brussels/services/civilstatusdocumentservice/getDocument"/></con:request></con:config></con:testStep><con:properties/></con:testCase><con:testCase id="f026960f-ae5e-4773-8a9d-392349a3b600" failOnError="true" failTestCaseOnErrors="true" keepSession="false" maxResults="0" name="getExtract" searchProperties="true"><con:settings/><con:testStep type="request" id="73473de0-c697-4158-81ec-be50615ad6af" name="testcase4 - Staging - External - Request"><con:settings/><con:config xsi:type="con:RequestStep" xmlns:xsi="http://www.w3.org/2001/XMLSchema-instance"><con:interface>CivilStatusDocumentService_v1.0Soap11Binding</con:interface><con:operation>getExtract</con:operation><con:request name="testcase4 - Staging - External - Request" id="3a204cd5-c7f4-4d9d-9796-bfaf49d686ec" outgoingWss="Outflow STAG"><con:settings/><con:encoding>UTF-8</con:encoding><con:endpoint>https://fidus.irisnetlab.be/services/CivilStatusDocumentService_v1.0</con:endpoint><con:request><![CDATA[<soapenv:Envelope xmlns:soapenv="http://schemas.xmlsoap.org/soap/envelope/" xmlns:v1="http://fidus.brussels/service/civilstatusdocumentservice/messages/v1" xmlns:v11="http://fidus.brussels/type/common/messages/v1">
   <soapenv:Header/>
   <soapenv:Body>
      <v1:getExtractRequest>
         <v1:messageContext>
           <v11:messageId>${=import static java.util.UUID.randomUUID; uuid = randomUUID() as String}</v11:messageId>
            <v11:timestamp>${=new java.text.SimpleDateFormat("yyyy-MM-dd'T'HH:mm:ss.SSS").format(new Date())}</v11:timestamp>
         </v1:messageContext>
         <v1:legalContext>ServiceIntegrator</v1:legalContext>
         <v1:request>
            <v1:documentReference>201800002991940</v1:documentReference>
            <v1:language>nl</v1:language>
         </v1:request>
      </v1:getExtractRequest>
   </soapenv:Body>
</soapenv:Envelope>]]></con:request><con:assertion type="SOAP Fault Assertion" id="22f672cb-14aa-4759-b831-5ee6317c727c" name="Not SOAP Fault"/><con:assertion type="SOAP Response" id="acbfd5cc-a2b8-4043-89ae-e4f836653b7f" name="SOAP Response"/><con:assertion type="Schema Compliance" id="0b437805-f32a-462e-84e2-b28a56b1ddee" name="Schema Compliance"><con:configuration/></con:assertion><con:wsaConfig action="http://fidus.brussels/services/civilstatusdocumentservice/getExtract"/></con:request></con:config></con:testStep><con:testStep type="request" id="55e1ff27-d193-4208-8e87-c5953b67977c" name="testcase4 - Staging - LB - Request"><con:settings/><con:config xsi:type="con:RequestStep" xmlns:xsi="http://www.w3.org/2001/XMLSchema-instance"><con:interface>CivilStatusDocumentService_v1.0Soap11Binding</con:interface><con:operation>getExtract</con:operation><con:request name="testcase4 - Staging - LB - Request" id="23bc8569-3656-421a-a782-aca614f2828a" outgoingWss="Outflow STAG"><con:settings/><con:encoding>UTF-8</con:encoding><con:endpoint>https://fidus-esb-sg.sta.srv.cirb.lan:8443/services/CivilStatusDocumentService_v1.0</con:endpoint><con:request><![CDATA[<soapenv:Envelope xmlns:soapenv="http://schemas.xmlsoap.org/soap/envelope/" xmlns:v1="http://fidus.brussels/service/civilstatusdocumentservice/messages/v1" xmlns:v11="http://fidus.brussels/type/common/messages/v1">
   <soapenv:Header/>
   <soapenv:Body>
      <v1:getExtractRequest>
         <v1:messageContext>
           <v11:messageId>${=import static java.util.UUID.randomUUID; uuid = randomUUID() as String}</v11:messageId>
            <v11:timestamp>${=new java.text.SimpleDateFormat("yyyy-MM-dd'T'HH:mm:ss.SSS").format(new Date())}</v11:timestamp>
         </v1:messageContext>
         <v1:legalContext>ServiceIntegrator</v1:legalContext>
         <v1:request>
            <v1:documentReference>201800002991940</v1:documentReference>
            <v1:language>nl</v1:language>
         </v1:request>
      </v1:getExtractRequest>
   </soapenv:Body>
</soapenv:Envelope>]]></con:request><con:assertion type="SOAP Fault Assertion" id="08e592b6-dda0-46bb-884c-ed922c149d4b" name="Not SOAP Fault"/><con:assertion type="SOAP Response" id="524a8a31-c747-4b32-8377-4e97100ecf60" name="SOAP Response"/><con:assertion type="Schema Compliance" id="d7e82d77-383c-4478-9315-1c4be797a2fb" name="Schema Compliance"><con:configuration/></con:assertion><con:wsaConfig action="http://fidus.brussels/services/civilstatusdocumentservice/getExtract"/></con:request></con:config></con:testStep><con:testStep type="request" id="5409aa67-2888-43b9-82b9-e11d483cfa1c" name="testcase4 - Staging - Worker1 - Request"><con:settings/><con:config xsi:type="con:RequestStep" xmlns:xsi="http://www.w3.org/2001/XMLSchema-instance"><con:interface>CivilStatusDocumentService_v1.0Soap11Binding</con:interface><con:operation>getExtract</con:operation><con:request name="testcase4 - Staging - Worker1 - Request" id="a77bc2ec-48e1-4b0c-867d-c220c367fd70" outgoingWss="Outflow STAG"><con:settings/><con:encoding>UTF-8</con:encoding><con:endpoint>https://192.168.24.16:8443/services/CivilStatusDocumentService_v1.0</con:endpoint><con:request><![CDATA[<soapenv:Envelope xmlns:soapenv="http://schemas.xmlsoap.org/soap/envelope/" xmlns:v1="http://fidus.brussels/service/civilstatusdocumentservice/messages/v1" xmlns:v11="http://fidus.brussels/type/common/messages/v1">
   <soapenv:Header/>
   <soapenv:Body>
      <v1:getExtractRequest>
         <v1:messageContext>
           <v11:messageId>${=import static java.util.UUID.randomUUID; uuid = randomUUID() as String}</v11:messageId>
            <v11:timestamp>${=new java.text.SimpleDateFormat("yyyy-MM-dd'T'HH:mm:ss.SSS").format(new Date())}</v11:timestamp>
         </v1:messageContext>
         <v1:legalContext>ServiceIntegrator</v1:legalContext>
         <v1:request>
            <v1:documentReference>201800002991940</v1:documentReference>
            <v1:language>nl</v1:language>
         </v1:request>
      </v1:getExtractRequest>
   </soapenv:Body>
</soapenv:Envelope>]]></con:request><con:assertion type="SOAP Fault Assertion" id="d0c2d30b-bb0a-487c-a56f-d3760c79353c" name="Not SOAP Fault"/><con:assertion type="SOAP Response" id="3590b694-fa3a-43d1-be23-e63a5a1ee2e5" name="SOAP Response"/><con:assertion type="Schema Compliance" id="13045f87-0c55-4d4f-87dc-269bb1f76f06" name="Schema Compliance"><con:configuration/></con:assertion><con:wsaConfig action="http://fidus.brussels/services/civilstatusdocumentservice/getExtract"/></con:request></con:config></con:testStep><con:testStep type="request" id="2a0186a3-f80a-4fd3-acaf-3ad8be73e3ce" name="testcase4 - Staging - Worker2 - Request"><con:settings/><con:config xsi:type="con:RequestStep" xmlns:xsi="http://www.w3.org/2001/XMLSchema-instance"><con:interface>CivilStatusDocumentService_v1.0Soap11Binding</con:interface><con:operation>getExtract</con:operation><con:request name="testcase4 - Staging - Worker2 - Request" id="2a34c661-36b6-47c9-9022-ccf65792d6f0" outgoingWss="Outflow STAG"><con:settings/><con:encoding>UTF-8</con:encoding><con:endpoint>https://192.168.24.17:8443/services/CivilStatusDocumentService_v1.0</con:endpoint><con:request><![CDATA[<soapenv:Envelope xmlns:soapenv="http://schemas.xmlsoap.org/soap/envelope/" xmlns:v1="http://fidus.brussels/service/civilstatusdocumentservice/messages/v1" xmlns:v11="http://fidus.brussels/type/common/messages/v1">
   <soapenv:Header/>
   <soapenv:Body>
      <v1:getExtractRequest>
         <v1:messageContext>
           <v11:messageId>${=import static java.util.UUID.randomUUID; uuid = randomUUID() as String}</v11:messageId>
            <v11:timestamp>${=new java.text.SimpleDateFormat("yyyy-MM-dd'T'HH:mm:ss.SSS").format(new Date())}</v11:timestamp>
         </v1:messageContext>
         <v1:legalContext>ServiceIntegrator</v1:legalContext>
         <v1:request>
            <v1:documentReference>201800002991940</v1:documentReference>
            <v1:language>nl</v1:language>
         </v1:request>
      </v1:getExtractRequest>
   </soapenv:Body>
</soapenv:Envelope>]]></con:request><con:assertion type="SOAP Fault Assertion" id="68e5e5eb-d82c-40be-911c-ab9a599354f3" name="Not SOAP Fault"/><con:assertion type="SOAP Response" id="48feaafb-5c67-4086-8c7b-df41de1035d8" name="SOAP Response"/><con:assertion type="Schema Compliance" id="32aa54c7-bc50-49ff-828c-9c371cccd742" name="Schema Compliance"><con:configuration/></con:assertion><con:wsaConfig action="http://fidus.brussels/services/civilstatusdocumentservice/getExtract"/></con:request></con:config></con:testStep><con:properties/></con:testCase><con:testCase id="2eba7337-51bd-4bc3-b6b6-13fcc1edc5db" failOnError="true" failTestCaseOnErrors="true" keepSession="false" maxResults="0" name="getExtractAsPdf" searchProperties="true"><con:settings/><con:testStep type="request" id="0dd2db47-24c4-4742-952e-bd7515c66e77" name="testcase4 - Staging - External - Request"><con:settings/><con:config xsi:type="con:RequestStep" xmlns:xsi="http://www.w3.org/2001/XMLSchema-instance"><con:interface>CivilStatusDocumentService_v1.0Soap11Binding</con:interface><con:operation>getExtractAsPdf</con:operation><con:request name="testcase4 - Staging - External - Request" id="17323b67-3d08-4119-9d5e-f30b2ef9d9b6" outgoingWss="Outflow STAG"><con:settings/><con:encoding>UTF-8</con:encoding><con:endpoint>https://fidus.irisnetlab.be/services/CivilStatusDocumentService_v1.0</con:endpoint><con:request><![CDATA[<soapenv:Envelope xmlns:soapenv="http://schemas.xmlsoap.org/soap/envelope/" xmlns:v1="http://fidus.brussels/service/civilstatusdocumentservice/messages/v1" xmlns:v11="http://fidus.brussels/type/common/messages/v1">
   <soapenv:Header/>
   <soapenv:Body>
      <v1:getExtractAsPdfRequest>
         <v1:messageContext>
           <v11:messageId>${=import static java.util.UUID.randomUUID; uuid = randomUUID() as String}</v11:messageId>
            <v11:timestamp>${=new java.text.SimpleDateFormat("yyyy-MM-dd'T'HH:mm:ss.SSS").format(new Date())}</v11:timestamp>
         </v1:messageContext>
         <v1:legalContext>ServiceIntegrator</v1:legalContext>
         <v1:request>
            <v1:documentReference>201800002991940</v1:documentReference>
            <v1:language>fr</v1:language>
         </v1:request>
      </v1:getExtractAsPdfRequest>
   </soapenv:Body>
</soapenv:Envelope>]]></con:request><con:assertion type="SOAP Fault Assertion" id="dfc000a3-6f6b-4c10-bfa9-99831d82abd6" name="Not SOAP Fault"/><con:assertion type="SOAP Response" id="68246743-9e22-4ed1-b915-f6da934ba997" name="SOAP Response"/><con:assertion type="Schema Compliance" id="e476bb71-b8cd-4c66-b757-8afe35f6343b" name="Schema Compliance"><con:configuration/></con:assertion><con:wsaConfig action="http://fidus.brussels/services/civilstatusdocumentservice/getExtractAsPdf"/></con:request></con:config></con:testStep><con:testStep type="request" id="566e024b-1c42-41ca-bc40-649857a4bdd0" name="testcase4 - Staging - LB - Request"><con:settings/><con:config xsi:type="con:RequestStep" xmlns:xsi="http://www.w3.org/2001/XMLSchema-instance"><con:interface>CivilStatusDocumentService_v1.0Soap11Binding</con:interface><con:operation>getExtractAsPdf</con:operation><con:request name="testcase4 - Staging - LB - Request" id="80a92c31-e0f7-4726-adc7-d89b5e2036ba" outgoingWss="Outflow STAG"><con:settings/><con:encoding>UTF-8</con:encoding><con:endpoint>https://fidus-esb-sg.sta.srv.cirb.lan:8443/services/CivilStatusDocumentService_v1.0</con:endpoint><con:request><![CDATA[<soapenv:Envelope xmlns:soapenv="http://schemas.xmlsoap.org/soap/envelope/" xmlns:v1="http://fidus.brussels/service/civilstatusdocumentservice/messages/v1" xmlns:v11="http://fidus.brussels/type/common/messages/v1">
   <soapenv:Header/>
   <soapenv:Body>
      <v1:getExtractAsPdfRequest>
         <v1:messageContext>
           <v11:messageId>${=import static java.util.UUID.randomUUID; uuid = randomUUID() as String}</v11:messageId>
            <v11:timestamp>${=new java.text.SimpleDateFormat("yyyy-MM-dd'T'HH:mm:ss.SSS").format(new Date())}</v11:timestamp>
         </v1:messageContext>
         <v1:legalContext>ServiceIntegrator</v1:legalContext>
         <v1:request>
            <v1:documentReference>201800002991940</v1:documentReference>
            <v1:language>fr</v1:language>
         </v1:request>
      </v1:getExtractAsPdfRequest>
   </soapenv:Body>
</soapenv:Envelope>]]></con:request><con:assertion type="SOAP Fault Assertion" id="e3a1e225-94b7-4a9f-8376-e3d2daa20d8f" name="Not SOAP Fault"/><con:assertion type="SOAP Response" id="1f07409f-70dd-4a23-a53b-e542e9afcf99" name="SOAP Response"/><con:assertion type="Schema Compliance" id="1e28b922-ac15-4249-938a-f5adc6838698" name="Schema Compliance"><con:configuration/></con:assertion><con:wsaConfig action="http://fidus.brussels/services/civilstatusdocumentservice/getExtractAsPdf"/></con:request></con:config></con:testStep><con:testStep type="request" id="d75a88d3-beda-4a21-b1a2-fc29c50bf53c" name="testcase4 - Staging - Worker1 - Request"><con:settings/><con:config xsi:type="con:RequestStep" xmlns:xsi="http://www.w3.org/2001/XMLSchema-instance"><con:interface>CivilStatusDocumentService_v1.0Soap11Binding</con:interface><con:operation>getExtractAsPdf</con:operation><con:request name="testcase4 - Staging - Worker1 - Request" id="c68b5371-f0ad-49e8-a17a-e6840d46ba3b" outgoingWss="Outflow STAG"><con:settings/><con:encoding>UTF-8</con:encoding><con:endpoint>https://192.168.24.16:8443/services/CivilStatusDocumentService_v1.0</con:endpoint><con:request><![CDATA[<soapenv:Envelope xmlns:soapenv="http://schemas.xmlsoap.org/soap/envelope/" xmlns:v1="http://fidus.brussels/service/civilstatusdocumentservice/messages/v1" xmlns:v11="http://fidus.brussels/type/common/messages/v1">
   <soapenv:Header/>
   <soapenv:Body>
      <v1:getExtractAsPdfRequest>
         <v1:messageContext>
           <v11:messageId>${=import static java.util.UUID.randomUUID; uuid = randomUUID() as String}</v11:messageId>
            <v11:timestamp>${=new java.text.SimpleDateFormat("yyyy-MM-dd'T'HH:mm:ss.SSS").format(new Date())}</v11:timestamp>
         </v1:messageContext>
         <v1:legalContext>ServiceIntegrator</v1:legalContext>
         <v1:request>
            <v1:documentReference>201800002991940</v1:documentReference>
            <v1:language>fr</v1:language>
         </v1:request>
      </v1:getExtractAsPdfRequest>
   </soapenv:Body>
</soapenv:Envelope>]]></con:request><con:assertion type="SOAP Fault Assertion" id="ba924523-0212-438b-9a13-48c6a87cd9b9" name="Not SOAP Fault"/><con:assertion type="SOAP Response" id="c4b17adf-bdd0-4946-8a2c-145b5c1b4e13" name="SOAP Response"/><con:assertion type="Schema Compliance" id="0a8c2529-ce9a-401e-b399-87c2adf7591e" name="Schema Compliance"><con:configuration/></con:assertion><con:wsaConfig action="http://fidus.brussels/services/civilstatusdocumentservice/getExtractAsPdf"/></con:request></con:config></con:testStep><con:testStep type="request" id="8a0b84a2-87f7-4fcf-8237-cacac511a2d3" name="testcase4 - Staging - Worker2 - Request"><con:settings/><con:config xsi:type="con:RequestStep" xmlns:xsi="http://www.w3.org/2001/XMLSchema-instance"><con:interface>CivilStatusDocumentService_v1.0Soap11Binding</con:interface><con:operation>getExtractAsPdf</con:operation><con:request name="testcase4 - Staging - Worker2 - Request" id="4a23fbfe-f261-4e72-ae34-500a63ed6d17" outgoingWss="Outflow STAG"><con:settings/><con:encoding>UTF-8</con:encoding><con:endpoint>https://192.168.24.17:8443/services/CivilStatusDocumentService_v1.0</con:endpoint><con:request><![CDATA[<soapenv:Envelope xmlns:soapenv="http://schemas.xmlsoap.org/soap/envelope/" xmlns:v1="http://fidus.brussels/service/civilstatusdocumentservice/messages/v1" xmlns:v11="http://fidus.brussels/type/common/messages/v1">
   <soapenv:Header/>
   <soapenv:Body>
      <v1:getExtractAsPdfRequest>
         <v1:messageContext>
           <v11:messageId>${=import static java.util.UUID.randomUUID; uuid = randomUUID() as String}</v11:messageId>
            <v11:timestamp>${=new java.text.SimpleDateFormat("yyyy-MM-dd'T'HH:mm:ss.SSS").format(new Date())}</v11:timestamp>
         </v1:messageContext>
         <v1:legalContext>ServiceIntegrator</v1:legalContext>
         <v1:request>
            <v1:documentReference>201800002991940</v1:documentReference>
            <v1:language>fr</v1:language>
         </v1:request>
      </v1:getExtractAsPdfRequest>
   </soapenv:Body>
</soapenv:Envelope>]]></con:request><con:assertion type="SOAP Fault Assertion" id="ce6339bb-549f-4922-aea0-4695ec069433" name="Not SOAP Fault"/><con:assertion type="SOAP Response" id="93091fa0-16c5-4d6d-8620-dfcbb712f9d6" name="SOAP Response"/><con:assertion type="Schema Compliance" id="f737ffc8-0845-4aca-8036-8d2f14dd97b6" name="Schema Compliance"><con:configuration/></con:assertion><con:wsaConfig action="http://fidus.brussels/services/civilstatusdocumentservice/getExtractAsPdf"/></con:request></con:config></con:testStep><con:properties/></con:testCase><con:testCase id="8a161626-f490-4acf-a87c-cb5bae2cace5" failOnError="true" failTestCaseOnErrors="true" keepSession="false" maxResults="0" name="saveOrUpdateDocument" searchProperties="true"><con:settings/><con:testStep type="request" id="d3753f37-d56f-41a5-8ecb-d5ace61e0df2" name="testcase4 - Staging - External - Request"><con:settings/><con:config xsi:type="con:RequestStep" xmlns:xsi="http://www.w3.org/2001/XMLSchema-instance"><con:interface>CivilStatusDocumentService_v1.0Soap11Binding</con:interface><con:operation>saveOrUpdateDocument</con:operation><con:request name="testcase4 - Staging - External - Request" id="3355e6ad-abaf-44e0-bf97-43ffdcfaa456" outgoingWss="Outflow STAG"><con:settings/><con:encoding>UTF-8</con:encoding><con:endpoint>https://fidus.irisnetlab.be/services/CivilStatusDocumentService_v1.0</con:endpoint><con:request><![CDATA[<soapenv:Envelope xmlns:soapenv="http://schemas.xmlsoap.org/soap/envelope/" xmlns:v1="http://fidus.brussels/service/civilstatusdocumentservice/messages/v1" xmlns:v11="http://fidus.brussels/type/common/messages/v1" xmlns:core="http://www.fgov.be/dabs/core">
   <soapenv:Header/>
   <soapenv:Body>
      <v1:saveOrUpdateDocumentRequest>
         <v1:messageContext>
           <v11:messageId>${=import static java.util.UUID.randomUUID; uuid = randomUUID() as String}</v11:messageId>
            <v11:timestamp>${=new java.text.SimpleDateFormat("yyyy-MM-dd'T'HH:mm:ss.SSS").format(new Date())}</v11:timestamp>
         </v1:messageContext>
         <v1:legalContext>ServiceIntegrator</v1:legalContext>
         <v1:request>         
            <v1:language>fr</v1:language>
            <v1:municipalityCode>d1051</v1:municipalityCode>
            <v1:saveOrUpdateDocument>
          <document xmlns:xsi="http://www.w3.org/2001/XMLSchema-instance" xsi:type="core:marriageCertificate">
           <attachments/>
           <certificateOriginType>FOREIGN_CERTIFICATE</certificateOriginType>
           <factDate>
              <day>22</day>
              <month>12</month>
              <year>2011</year>
           </factDate>
           <establishingDate>2018-07-17</establishingDate>
           <redactionPlace>
              <municipalityCode>12007</municipalityCode>
              <countryCode>150</countryCode>
              <countryFreeText>test</countryFreeText>
           </redactionPlace>
           <origin>DABS</origin>
           <persons>
              <person>
                 <origin>RR</origin>
                 <nobilityFree/>
                 <birthPlace>
                    <municipalityCode>12010</municipalityCode>
                    <countryCode>150</countryCode>
                    <countryFreeText>test</countryFreeText>
                 </birthPlace>
                 <birthDate>
                    <day>11</day>
                    <month>1</month>
                    <year>1980</year>
                 </birthDate>
                 <firstname>Katrien</firstname>
                 <lastname>De Bondt</lastname>
                 <roles>
                    <role>SPOUSE_2</role>
                 </roles>
                 <personNumber>11234</personNumber>
              </person>
              <person>
                 <origin>RR</origin>
                 <nobilityFree/>
                 <birthPlace>
                    <municipalityFreeText>Budel</municipalityFreeText>
                    <countryCode>129</countryCode>
                    <countryFreeText>test</countryFreeText>
                 </birthPlace>
                 <birthDate>
                    <day>5</day>
                    <month>7</month>
                    <year>1979</year>
                 </birthDate>
                 <firstname>Bram Tonny Gerda</firstname>
                 <lastname>Van Huffel</lastname>
                 <roles>
                    <role>SPOUSE_1</role>
                 </roles>
                 <personNumber>1125000</personNumber>
              </person>
              <person>
                 <origin>RR</origin>
                 <birthPlace>
                    <municipalityCode>12007</municipalityCode>
                    <countryCode>150</countryCode>
                    <countryFreeText>test</countryFreeText>
                 </birthPlace>
                 <birthDate>
                    <day>1</day>
                    <month>4</month>
                    <year>1986</year>
                 </birthDate>
                 <firstname>Mounir</firstname>
                 <lastname>Ouchan</lastname>
                 <roles>
                    <role>ABS</role>
                 </roles>
                 <personNumber>86040128370</personNumber>
              </person>
           </persons>
           <oldDocumentReference>2018/33</oldDocumentReference>
           <docState>FINAL</docState>
        </document>
            </v1:saveOrUpdateDocument>
         </v1:request>
      </v1:saveOrUpdateDocumentRequest>
   </soapenv:Body>
</soapenv:Envelope>]]></con:request><con:assertion type="SOAP Fault Assertion" id="5f0cfaaf-6a20-4220-af6e-aec3ab5a4f7d" name="Not SOAP Fault"/><con:assertion type="SOAP Response" id="5e02bffb-d250-4220-8044-1dccf433777e" name="SOAP Response"/><con:assertion type="Schema Compliance" id="621badad-1944-405c-8f4f-3073f18c54b4" name="Schema Compliance"><con:configuration/></con:assertion><con:wsaConfig action="http://fidus.brussels/services/civilstatusdocumentservice/saveOrUpdateDocument"/></con:request></con:config></con:testStep><con:testStep type="request" id="a710df66-3aa4-4b48-9e25-5c3d2f2b5e65" name="testcase4 - Staging - LB - Request"><con:settings/><con:config xsi:type="con:RequestStep" xmlns:xsi="http://www.w3.org/2001/XMLSchema-instance"><con:interface>CivilStatusDocumentService_v1.0Soap11Binding</con:interface><con:operation>saveOrUpdateDocument</con:operation><con:request name="testcase4 - Staging - LB - Request" id="794a2335-96ad-444d-a638-fbb88ff922c9" outgoingWss="Outflow STAG"><con:settings/><con:encoding>UTF-8</con:encoding><con:endpoint>https://fidus-esb-sg.sta.srv.cirb.lan:8443/services/CivilStatusDocumentService_v1.0</con:endpoint><con:request><![CDATA[<soapenv:Envelope xmlns:soapenv="http://schemas.xmlsoap.org/soap/envelope/" xmlns:v1="http://fidus.brussels/service/civilstatusdocumentservice/messages/v1" xmlns:v11="http://fidus.brussels/type/common/messages/v1" xmlns:core="http://www.fgov.be/dabs/core">
   <soapenv:Header/>
   <soapenv:Body>
      <v1:saveOrUpdateDocumentRequest>
         <v1:messageContext>
           <v11:messageId>${=import static java.util.UUID.randomUUID; uuid = randomUUID() as String}</v11:messageId>
            <v11:timestamp>${=new java.text.SimpleDateFormat("yyyy-MM-dd'T'HH:mm:ss.SSS").format(new Date())}</v11:timestamp>
         </v1:messageContext>
         <v1:legalContext>ServiceIntegrator</v1:legalContext>
         <v1:request>         
            <v1:language>fr</v1:language>
            <v1:municipalityCode>d1051</v1:municipalityCode>
            <v1:saveOrUpdateDocument>
          <document xmlns:xsi="http://www.w3.org/2001/XMLSchema-instance" xsi:type="core:marriageCertificate">
           <attachments/>
           <certificateOriginType>FOREIGN_CERTIFICATE</certificateOriginType>
           <factDate>
              <day>22</day>
              <month>12</month>
              <year>2011</year>
           </factDate>
           <establishingDate>2018-07-17</establishingDate>
           <redactionPlace>
              <municipalityCode>12007</municipalityCode>
              <countryCode>150</countryCode>
              <countryFreeText>test</countryFreeText>
           </redactionPlace>
           <origin>DABS</origin>
           <persons>
              <person>
                 <origin>RR</origin>
                 <nobilityFree/>
                 <birthPlace>
                    <municipalityCode>12010</municipalityCode>
                    <countryCode>150</countryCode>
                    <countryFreeText>test</countryFreeText>
                 </birthPlace>
                 <birthDate>
                    <day>11</day>
                    <month>1</month>
                    <year>1980</year>
                 </birthDate>
                 <firstname>Katrien</firstname>
                 <lastname>De Bondt</lastname>
                 <roles>
                    <role>SPOUSE_2</role>
                 </roles>
                 <personNumber>11234</personNumber>
              </person>
              <person>
                 <origin>RR</origin>
                 <nobilityFree/>
                 <birthPlace>
                    <municipalityFreeText>Budel</municipalityFreeText>
                    <countryCode>129</countryCode>
                    <countryFreeText>test</countryFreeText>
                 </birthPlace>
                 <birthDate>
                    <day>5</day>
                    <month>7</month>
                    <year>1979</year>
                 </birthDate>
                 <firstname>Bram Tonny Gerda</firstname>
                 <lastname>Van Huffel</lastname>
                 <roles>
                    <role>SPOUSE_1</role>
                 </roles>
                 <personNumber>1125000</personNumber>
              </person>
              <person>
                 <origin>RR</origin>
                 <birthPlace>
                    <municipalityCode>12007</municipalityCode>
                    <countryCode>150</countryCode>
                    <countryFreeText>test</countryFreeText>
                 </birthPlace>
                 <birthDate>
                    <day>1</day>
                    <month>4</month>
                    <year>1986</year>
                 </birthDate>
                 <firstname>Mounir</firstname>
                 <lastname>Ouchan</lastname>
                 <roles>
                    <role>ABS</role>
                 </roles>
                 <personNumber>86040128370</personNumber>
              </person>
           </persons>
           <oldDocumentReference>2018/33</oldDocumentReference>
           <docState>FINAL</docState>
        </document>
            </v1:saveOrUpdateDocument>
         </v1:request>
      </v1:saveOrUpdateDocumentRequest>
   </soapenv:Body>
</soapenv:Envelope>]]></con:request><con:assertion type="SOAP Fault Assertion" id="093071e0-4c85-42e6-a77e-44d4903b0cd9" name="Not SOAP Fault"/><con:assertion type="SOAP Response" id="eecf48a5-ad5d-4e83-8932-75ad0809e802" name="SOAP Response"/><con:assertion type="Schema Compliance" id="1272e3a6-ceed-4ccd-ab24-c1b39573aecc" name="Schema Compliance"><con:configuration/></con:assertion><con:wsaConfig action="http://fidus.brussels/services/civilstatusdocumentservice/saveOrUpdateDocument"/></con:request></con:config></con:testStep><con:testStep type="request" id="369f7282-4abe-4570-a989-2e0d5d45ac17" name="testcase4 - Staging - Worker1 - Request"><con:settings/><con:config xsi:type="con:RequestStep" xmlns:xsi="http://www.w3.org/2001/XMLSchema-instance"><con:interface>CivilStatusDocumentService_v1.0Soap11Binding</con:interface><con:operation>saveOrUpdateDocument</con:operation><con:request name="testcase4 - Staging - Worker1 - Request" id="0e4472be-4a80-467f-a6b6-2061612443bd" outgoingWss="Outflow STAG"><con:settings/><con:encoding>UTF-8</con:encoding><con:endpoint>https://192.168.24.16:8443/services/CivilStatusDocumentService_v1.0</con:endpoint><con:request><![CDATA[<soapenv:Envelope xmlns:soapenv="http://schemas.xmlsoap.org/soap/envelope/" xmlns:v1="http://fidus.brussels/service/civilstatusdocumentservice/messages/v1" xmlns:v11="http://fidus.brussels/type/common/messages/v1" xmlns:core="http://www.fgov.be/dabs/core">
   <soapenv:Header/>
   <soapenv:Body>
      <v1:saveOrUpdateDocumentRequest>
         <v1:messageContext>
           <v11:messageId>${=import static java.util.UUID.randomUUID; uuid = randomUUID() as String}</v11:messageId>
            <v11:timestamp>${=new java.text.SimpleDateFormat("yyyy-MM-dd'T'HH:mm:ss.SSS").format(new Date())}</v11:timestamp>
         </v1:messageContext>
         <v1:legalContext>ServiceIntegrator</v1:legalContext>
         <v1:request>         
            <v1:language>fr</v1:language>
            <v1:municipalityCode>d1051</v1:municipalityCode>
            <v1:saveOrUpdateDocument>
          <document xmlns:xsi="http://www.w3.org/2001/XMLSchema-instance" xsi:type="core:marriageCertificate">
           <attachments/>
           <certificateOriginType>FOREIGN_CERTIFICATE</certificateOriginType>
           <factDate>
              <day>22</day>
              <month>12</month>
              <year>2011</year>
           </factDate>
           <establishingDate>2018-07-17</establishingDate>
           <redactionPlace>
              <municipalityCode>12007</municipalityCode>
              <countryCode>150</countryCode>
              <countryFreeText>test</countryFreeText>
           </redactionPlace>
           <origin>DABS</origin>
           <persons>
              <person>
                 <origin>RR</origin>
                 <nobilityFree/>
                 <birthPlace>
                    <municipalityCode>12010</municipalityCode>
                    <countryCode>150</countryCode>
                    <countryFreeText>test</countryFreeText>
                 </birthPlace>
                 <birthDate>
                    <day>11</day>
                    <month>1</month>
                    <year>1980</year>
                 </birthDate>
                 <firstname>Katrien</firstname>
                 <lastname>De Bondt</lastname>
                 <roles>
                    <role>SPOUSE_2</role>
                 </roles>
                 <personNumber>11234</personNumber>
              </person>
              <person>
                 <origin>RR</origin>
                 <nobilityFree/>
                 <birthPlace>
                    <municipalityFreeText>Budel</municipalityFreeText>
                    <countryCode>129</countryCode>
                    <countryFreeText>test</countryFreeText>
                 </birthPlace>
                 <birthDate>
                    <day>5</day>
                    <month>7</month>
                    <year>1979</year>
                 </birthDate>
                 <firstname>Bram Tonny Gerda</firstname>
                 <lastname>Van Huffel</lastname>
                 <roles>
                    <role>SPOUSE_1</role>
                 </roles>
                 <personNumber>1125000</personNumber>
              </person>
              <person>
                 <origin>RR</origin>
                 <birthPlace>
                    <municipalityCode>12007</municipalityCode>
                    <countryCode>150</countryCode>
                    <countryFreeText>test</countryFreeText>
                 </birthPlace>
                 <birthDate>
                    <day>1</day>
                    <month>4</month>
                    <year>1986</year>
                 </birthDate>
                 <firstname>Mounir</firstname>
                 <lastname>Ouchan</lastname>
                 <roles>
                    <role>ABS</role>
                 </roles>
                 <personNumber>86040128370</personNumber>
              </person>
           </persons>
           <oldDocumentReference>2018/33</oldDocumentReference>
           <docState>FINAL</docState>
        </document>
            </v1:saveOrUpdateDocument>
         </v1:request>
      </v1:saveOrUpdateDocumentRequest>
   </soapenv:Body>
</soapenv:Envelope>]]></con:request><con:assertion type="SOAP Fault Assertion" id="b9fa7138-b636-493b-8006-35345c9b6425" name="Not SOAP Fault"/><con:assertion type="SOAP Response" id="03328abc-9ecf-4870-93f3-35370537d177" name="SOAP Response"/><con:assertion type="Schema Compliance" id="dfdb08ba-9108-4426-889c-5131e45b9e0e" name="Schema Compliance"><con:configuration/></con:assertion><con:wsaConfig action="http://fidus.brussels/services/civilstatusdocumentservice/saveOrUpdateDocument"/></con:request></con:config></con:testStep><con:testStep type="request" id="bb13fcff-d06c-4d42-b2a6-b71039aa243f" name="testcase4 - Staging - Worker2 - Request"><con:settings/><con:config xsi:type="con:RequestStep" xmlns:xsi="http://www.w3.org/2001/XMLSchema-instance"><con:interface>CivilStatusDocumentService_v1.0Soap11Binding</con:interface><con:operation>saveOrUpdateDocument</con:operation><con:request name="testcase4 - Staging - Worker2 - Request" id="99779897-ad8b-4612-a86a-e733674bdee5" outgoingWss="Outflow STAG"><con:settings/><con:encoding>UTF-8</con:encoding><con:endpoint>https://192.168.24.17:8443/services/CivilStatusDocumentService_v1.0</con:endpoint><con:request><![CDATA[<soapenv:Envelope xmlns:soapenv="http://schemas.xmlsoap.org/soap/envelope/" xmlns:v1="http://fidus.brussels/service/civilstatusdocumentservice/messages/v1" xmlns:v11="http://fidus.brussels/type/common/messages/v1" xmlns:core="http://www.fgov.be/dabs/core">
   <soapenv:Header/>
   <soapenv:Body>
      <v1:saveOrUpdateDocumentRequest>
         <v1:messageContext>
           <v11:messageId>${=import static java.util.UUID.randomUUID; uuid = randomUUID() as String}</v11:messageId>
            <v11:timestamp>${=new java.text.SimpleDateFormat("yyyy-MM-dd'T'HH:mm:ss.SSS").format(new Date())}</v11:timestamp>
         </v1:messageContext>
         <v1:legalContext>ServiceIntegrator</v1:legalContext>
         <v1:request>         
            <v1:language>fr</v1:language>
            <v1:municipalityCode>d1051</v1:municipalityCode>
            <v1:saveOrUpdateDocument>
          <document xmlns:xsi="http://www.w3.org/2001/XMLSchema-instance" xsi:type="core:marriageCertificate">
           <attachments/>
           <certificateOriginType>FOREIGN_CERTIFICATE</certificateOriginType>
           <factDate>
              <day>22</day>
              <month>12</month>
              <year>2011</year>
           </factDate>
           <establishingDate>2018-07-17</establishingDate>
           <redactionPlace>
              <municipalityCode>12007</municipalityCode>
              <countryCode>150</countryCode>
              <countryFreeText>test</countryFreeText>
           </redactionPlace>
           <origin>DABS</origin>
           <persons>
              <person>
                 <origin>RR</origin>
                 <nobilityFree/>
                 <birthPlace>
                    <municipalityCode>12010</municipalityCode>
                    <countryCode>150</countryCode>
                    <countryFreeText>test</countryFreeText>
                 </birthPlace>
                 <birthDate>
                    <day>11</day>
                    <month>1</month>
                    <year>1980</year>
                 </birthDate>
                 <firstname>Katrien</firstname>
                 <lastname>De Bondt</lastname>
                 <roles>
                    <role>SPOUSE_2</role>
                 </roles>
                 <personNumber>11234</personNumber>
              </person>
              <person>
                 <origin>RR</origin>
                 <nobilityFree/>
                 <birthPlace>
                    <municipalityFreeText>Budel</municipalityFreeText>
                    <countryCode>129</countryCode>
                    <countryFreeText>test</countryFreeText>
                 </birthPlace>
                 <birthDate>
                    <day>5</day>
                    <month>7</month>
                    <year>1979</year>
                 </birthDate>
                 <firstname>Bram Tonny Gerda</firstname>
                 <lastname>Van Huffel</lastname>
                 <roles>
                    <role>SPOUSE_1</role>
                 </roles>
                 <personNumber>1125000</personNumber>
              </person>
              <person>
                 <origin>RR</origin>
                 <birthPlace>
                    <municipalityCode>12007</municipalityCode>
                    <countryCode>150</countryCode>
                    <countryFreeText>test</countryFreeText>
                 </birthPlace>
                 <birthDate>
                    <day>1</day>
                    <month>4</month>
                    <year>1986</year>
                 </birthDate>
                 <firstname>Mounir</firstname>
                 <lastname>Ouchan</lastname>
                 <roles>
                    <role>ABS</role>
                 </roles>
                 <personNumber>86040128370</personNumber>
              </person>
           </persons>
           <oldDocumentReference>2018/33</oldDocumentReference>
           <docState>FINAL</docState>
        </document>
            </v1:saveOrUpdateDocument>
         </v1:request>
      </v1:saveOrUpdateDocumentRequest>
   </soapenv:Body>
</soapenv:Envelope>]]></con:request><con:assertion type="SOAP Fault Assertion" id="2a283951-9ef7-4083-bd28-d2fca729cd83" name="Not SOAP Fault"/><con:assertion type="SOAP Response" id="a4eaaee1-5bed-4168-98e0-3bd3811db0f8" name="SOAP Response"/><con:assertion type="Schema Compliance" id="72c52cd5-bcdf-46f6-8637-6250cb967038" name="Schema Compliance"><con:configuration/></con:assertion><con:wsaConfig action="http://fidus.brussels/services/civilstatusdocumentservice/saveOrUpdateDocument"/></con:request></con:config></con:testStep><con:properties/></con:testCase><con:testCase id="334637e6-377c-45c9-a7cf-0c7c9a993a89" failOnError="true" failTestCaseOnErrors="true" keepSession="false" maxResults="0" name="searchDocument" searchProperties="true"><con:settings/><con:testStep type="request" id="c14b2ffc-dd6a-46c9-95ec-addb94710364" name="testcase4 - Staging - External - Request"><con:settings/><con:config xsi:type="con:RequestStep" xmlns:xsi="http://www.w3.org/2001/XMLSchema-instance"><con:interface>CivilStatusDocumentService_v1.0Soap11Binding</con:interface><con:operation>searchDocument</con:operation><con:request name="testcase4 - Staging - External - Request" id="68e6b315-0a2b-4e7f-9e62-3916a74d1300" outgoingWss="Outflow STAG"><con:settings/><con:encoding>UTF-8</con:encoding><con:endpoint>https://fidus.irisnetlab.be/services/CivilStatusDocumentService_v1.0</con:endpoint><con:request><![CDATA[<soapenv:Envelope xmlns:soapenv="http://schemas.xmlsoap.org/soap/envelope/" xmlns:v1="http://fidus.brussels/service/civilstatusdocumentservice/messages/v1" xmlns:v11="http://fidus.brussels/type/common/messages/v1" xmlns:core="http://www.fgov.be/dabs/core">
   <soapenv:Header/>
   <soapenv:Body>
      <v1:searchDocumentRequest>
         <v1:messageContext>
           <v11:messageId>${=import static java.util.UUID.randomUUID; uuid = randomUUID() as String}</v11:messageId>
            <v11:timestamp>${=new java.text.SimpleDateFormat("yyyy-MM-dd'T'HH:mm:ss.SSS").format(new Date())}</v11:timestamp>
         </v1:messageContext>
         <v1:legalContext>ServiceIntegrator</v1:legalContext>
         <v1:request>
            <v1:language>fr</v1:language>
            <v1:municipalityCode>d1051</v1:municipalityCode>
            <v1:searchDocument>
               <documentSearch>
                  <type>MARRIAGE_CERTIFICATE</type>
                  <state>FINAL</state>
                  <factDate>
                     <day>15</day>
                     <month>12</month>
                     <year>2011</year>
                  </factDate>
                  <personNumber>11234</personNumber>
                  <firstname>Katrien</firstname>
                  <lastname>De Bondt</lastname>
                  <birthDate>
                     <day>11</day>
                     <month>1</month>
                     <year>1980</year>
                  </birthDate>
                  <!--Optional:-->
                  <!--placeOfOrigin>?</placeOfOrigin-->
                  <searchInRrn>false</searchInRrn>
               </documentSearch>
            </v1:searchDocument>
         </v1:request>
      </v1:searchDocumentRequest>
   </soapenv:Body>
</soapenv:Envelope>]]></con:request><con:assertion type="SOAP Fault Assertion" id="588bd815-f80e-4bcb-b0a6-002c9df1b697" name="Not SOAP Fault"/><con:assertion type="SOAP Response" id="c078bc0c-6298-4375-9f59-5598be654227" name="SOAP Response"/><con:assertion type="Schema Compliance" id="3d23a9ff-e9fc-4a5e-8e99-254011c8f697" name="Schema Compliance"><con:configuration/></con:assertion><con:wsaConfig action="http://fidus.brussels/services/civilstatusdocumentservice/searchDocument"/></con:request></con:config></con:testStep><con:testStep type="request" id="09e838be-c840-4996-b737-9a9d49ac39a0" name="testcase4 - Staging - LB - Request"><con:settings/><con:config xsi:type="con:RequestStep" xmlns:xsi="http://www.w3.org/2001/XMLSchema-instance"><con:interface>CivilStatusDocumentService_v1.0Soap11Binding</con:interface><con:operation>searchDocument</con:operation><con:request name="testcase4 - Staging - LB - Request" id="f3a92b1f-2494-4aaf-a3cd-f71bff36549a" outgoingWss="Outflow STAG"><con:settings/><con:encoding>UTF-8</con:encoding><con:endpoint>https://fidus-esb-sg.sta.srv.cirb.lan:8443/services/CivilStatusDocumentService_v1.0</con:endpoint><con:request><![CDATA[<soapenv:Envelope xmlns:soapenv="http://schemas.xmlsoap.org/soap/envelope/" xmlns:v1="http://fidus.brussels/service/civilstatusdocumentservice/messages/v1" xmlns:v11="http://fidus.brussels/type/common/messages/v1" xmlns:core="http://www.fgov.be/dabs/core">
   <soapenv:Header/>
   <soapenv:Body>
      <v1:searchDocumentRequest>
         <v1:messageContext>
           <v11:messageId>${=import static java.util.UUID.randomUUID; uuid = randomUUID() as String}</v11:messageId>
            <v11:timestamp>${=new java.text.SimpleDateFormat("yyyy-MM-dd'T'HH:mm:ss.SSS").format(new Date())}</v11:timestamp>
         </v1:messageContext>
         <v1:legalContext>ServiceIntegrator</v1:legalContext>
         <v1:request>
            <v1:language>fr</v1:language>
            <v1:municipalityCode>d1051</v1:municipalityCode>
            <v1:searchDocument>
               <documentSearch>
                  <type>MARRIAGE_CERTIFICATE</type>
                  <state>FINAL</state>
                  <factDate>
                     <day>15</day>
                     <month>12</month>
                     <year>2011</year>
                  </factDate>
                  <personNumber>11234</personNumber>
                  <firstname>Katrien</firstname>
                  <lastname>De Bondt</lastname>
                  <birthDate>
                     <day>11</day>
                     <month>1</month>
                     <year>1980</year>
                  </birthDate>
                  <!--Optional:-->
                  <!--placeOfOrigin>?</placeOfOrigin-->
                  <searchInRrn>false</searchInRrn>
               </documentSearch>
            </v1:searchDocument>
         </v1:request>
      </v1:searchDocumentRequest>
   </soapenv:Body>
</soapenv:Envelope>]]></con:request><con:assertion type="SOAP Fault Assertion" id="35b0d562-fd27-4311-a7b0-046421addd9d" name="Not SOAP Fault"/><con:assertion type="SOAP Response" id="7c2835fe-f06e-49d3-a1a3-d4a34044f302" name="SOAP Response"/><con:assertion type="Schema Compliance" id="d27c68e6-3c56-4483-9bf5-2eba2deaa8f5" name="Schema Compliance"><con:configuration/></con:assertion><con:wsaConfig action="http://fidus.brussels/services/civilstatusdocumentservice/searchDocument"/></con:request></con:config></con:testStep><con:testStep type="request" id="9ae30014-fbaa-4211-b067-4cbafecbf80f" name="testcase4 - Staging - Worker1 - Request"><con:settings/><con:config xsi:type="con:RequestStep" xmlns:xsi="http://www.w3.org/2001/XMLSchema-instance"><con:interface>CivilStatusDocumentService_v1.0Soap11Binding</con:interface><con:operation>searchDocument</con:operation><con:request name="testcase4 - Staging - Worker1 - Request" id="4871b25d-df5e-4832-9748-ef65a34bc34c" outgoingWss="Outflow STAG"><con:settings/><con:encoding>UTF-8</con:encoding><con:endpoint>https://192.168.24.16:8443/services/CivilStatusDocumentService_v1.0</con:endpoint><con:request><![CDATA[<soapenv:Envelope xmlns:soapenv="http://schemas.xmlsoap.org/soap/envelope/" xmlns:v1="http://fidus.brussels/service/civilstatusdocumentservice/messages/v1" xmlns:v11="http://fidus.brussels/type/common/messages/v1" xmlns:core="http://www.fgov.be/dabs/core">
   <soapenv:Header/>
   <soapenv:Body>
      <v1:searchDocumentRequest>
         <v1:messageContext>
           <v11:messageId>${=import static java.util.UUID.randomUUID; uuid = randomUUID() as String}</v11:messageId>
            <v11:timestamp>${=new java.text.SimpleDateFormat("yyyy-MM-dd'T'HH:mm:ss.SSS").format(new Date())}</v11:timestamp>
         </v1:messageContext>
         <v1:legalContext>ServiceIntegrator</v1:legalContext>
         <v1:request>
            <v1:language>fr</v1:language>
            <v1:municipalityCode>d1051</v1:municipalityCode>
            <v1:searchDocument>
               <documentSearch>
                  <type>MARRIAGE_CERTIFICATE</type>
                  <state>FINAL</state>
                  <factDate>
                     <day>15</day>
                     <month>12</month>
                     <year>2011</year>
                  </factDate>
                  <personNumber>11234</personNumber>
                  <firstname>Katrien</firstname>
                  <lastname>De Bondt</lastname>
                  <birthDate>
                     <day>11</day>
                     <month>1</month>
                     <year>1980</year>
                  </birthDate>
                  <!--Optional:-->
                  <!--placeOfOrigin>?</placeOfOrigin-->
                  <searchInRrn>false</searchInRrn>
               </documentSearch>
            </v1:searchDocument>
         </v1:request>
      </v1:searchDocumentRequest>
   </soapenv:Body>
</soapenv:Envelope>]]></con:request><con:assertion type="SOAP Fault Assertion" id="1202234a-8dc1-42ee-8c2a-fc112567e7a2" name="Not SOAP Fault"/><con:assertion type="SOAP Response" id="43478cd0-c60e-4632-ba2d-4a5ef15ae638" name="SOAP Response"/><con:assertion type="Schema Compliance" id="61bbda29-87ed-4342-b173-18758f25a197" name="Schema Compliance"><con:configuration/></con:assertion><con:wsaConfig action="http://fidus.brussels/services/civilstatusdocumentservice/searchDocument"/></con:request></con:config></con:testStep><con:testStep type="request" id="fe01cb39-de9b-43f7-987d-d30f62d1c63b" name="testcase4 - Staging - Worker2 - Request"><con:settings/><con:config xsi:type="con:RequestStep" xmlns:xsi="http://www.w3.org/2001/XMLSchema-instance"><con:interface>CivilStatusDocumentService_v1.0Soap11Binding</con:interface><con:operation>searchDocument</con:operation><con:request name="testcase4 - Staging - Worker2 - Request" id="dfd89751-60b3-42dd-b6eb-72f193ffa901" outgoingWss="Outflow STAG"><con:settings/><con:encoding>UTF-8</con:encoding><con:endpoint>https://192.168.24.17:8443/services/CivilStatusDocumentService_v1.0</con:endpoint><con:request><![CDATA[<soapenv:Envelope xmlns:soapenv="http://schemas.xmlsoap.org/soap/envelope/" xmlns:v1="http://fidus.brussels/service/civilstatusdocumentservice/messages/v1" xmlns:v11="http://fidus.brussels/type/common/messages/v1" xmlns:core="http://www.fgov.be/dabs/core">
   <soapenv:Header/>
   <soapenv:Body>
      <v1:searchDocumentRequest>
         <v1:messageContext>
           <v11:messageId>${=import static java.util.UUID.randomUUID; uuid = randomUUID() as String}</v11:messageId>
            <v11:timestamp>${=new java.text.SimpleDateFormat("yyyy-MM-dd'T'HH:mm:ss.SSS").format(new Date())}</v11:timestamp>
         </v1:messageContext>
         <v1:legalContext>ServiceIntegrator</v1:legalContext>
         <v1:request>
            <v1:language>fr</v1:language>
            <v1:municipalityCode>d1051</v1:municipalityCode>
            <v1:searchDocument>
               <documentSearch>
                  <type>MARRIAGE_CERTIFICATE</type>
                  <state>FINAL</state>
                  <factDate>
                     <day>15</day>
                     <month>12</month>
                     <year>2011</year>
                  </factDate>
                  <personNumber>11234</personNumber>
                  <firstname>Katrien</firstname>
                  <lastname>De Bondt</lastname>
                  <birthDate>
                     <day>11</day>
                     <month>1</month>
                     <year>1980</year>
                  </birthDate>
                  <!--Optional:-->
                  <!--placeOfOrigin>?</placeOfOrigin-->
                  <searchInRrn>false</searchInRrn>
               </documentSearch>
            </v1:searchDocument>
         </v1:request>
      </v1:searchDocumentRequest>
   </soapenv:Body>
</soapenv:Envelope>]]></con:request><con:assertion type="SOAP Fault Assertion" id="be5d1be3-e0d2-4ca5-ae86-07dedb9873e4" name="Not SOAP Fault"/><con:assertion type="SOAP Response" id="671fa814-7043-40f8-80cc-b77e00875a63" name="SOAP Response"/><con:assertion type="Schema Compliance" id="3d31ddc9-8e62-4874-813f-35d7c5928ce0" name="Schema Compliance"><con:configuration/></con:assertion><con:wsaConfig action="http://fidus.brussels/services/civilstatusdocumentservice/searchDocument"/></con:request></con:config></con:testStep><con:properties/></con:testCase><con:testCase id="bcf501e0-a73c-4516-81d3-e6127ad9359a" failOnError="true" failTestCaseOnErrors="true" keepSession="false" maxResults="0" name="validateDocument" searchProperties="true"><con:settings/><con:testStep type="request" id="202b85cb-2de4-4d3e-943a-99e6d7880332" name="testcase4 - Staging - External - Request"><con:settings/><con:config xsi:type="con:RequestStep" xmlns:xsi="http://www.w3.org/2001/XMLSchema-instance"><con:interface>CivilStatusDocumentService_v1.0Soap11Binding</con:interface><con:operation>validateDocument</con:operation><con:request name="testcase4 - Staging - External - Request" id="5d6b2289-554e-4069-a398-1e40ba75580f" outgoingWss="Outflow STAG"><con:settings/><con:encoding>UTF-8</con:encoding><con:endpoint>https://fidus.irisnetlab.be/services/CivilStatusDocumentService_v1.0</con:endpoint><con:request><![CDATA[<soapenv:Envelope xmlns:soapenv="http://schemas.xmlsoap.org/soap/envelope/" xmlns:v1="http://fidus.brussels/service/civilstatusdocumentservice/messages/v1" xmlns:v11="http://fidus.brussels/type/common/messages/v1" xmlns:core="http://www.fgov.be/dabs/core">
   <soapenv:Header/>
   <soapenv:Body>
      <v1:validateDocumentRequest>
         <v1:messageContext>
            <v11:messageId>${=import static java.util.UUID.randomUUID; uuid = randomUUID() as String}</v11:messageId>
            <v11:timestamp>${=new java.text.SimpleDateFormat("yyyy-MM-dd'T'HH:mm:ss.SSS").format(new Date())}</v11:timestamp>
         </v1:messageContext>
         <v1:legalContext>ServiceIntegrator</v1:legalContext>
         <v1:request>
            <v1:language>fr</v1:language>
             <v1:municipalityCode>d1051</v1:municipalityCode>
            <v1:validateDocument>
               <document xsi:type="core:marriageCertificate" xmlns:xsi="http://www.w3.org/2001/XMLSchema-instance">
                  <attachments/>
                  <certificateOriginType>FOREIGN_CERTIFICATE</certificateOriginType>
                  <factDate>
                     <day>26</day>
                     <month>12</month>
                     <year>2011</year>
                  </factDate>
                  <establishingDate>2018-07-17</establishingDate>
                  <redactionPlace>
                     <municipalityCode>12007</municipalityCode>
                     <countryCode>150</countryCode>
                     <countryFreeText>test</countryFreeText>
                  </redactionPlace>
                  <origin>DABS</origin>
                  <persons>
                     <person>
                        <origin>RR</origin>
                        <nobilityFree/>
                        <birthPlace>
                           <municipalityCode>12010</municipalityCode>
                           <countryCode>150</countryCode>
                           <countryFreeText>test</countryFreeText>
                        </birthPlace>
                        <birthDate>
                           <day>11</day>
                           <month>1</month>
                           <year>1980</year>
                        </birthDate>
                        <firstname>Katrien</firstname>
                        <lastname>De Bondt</lastname>
                        <roles>
                           <role>SPOUSE_2</role>
                        </roles>
                        <personNumber>11234</personNumber>
                     </person>
                     <person>
                        <origin>RR</origin>
                        <nobilityFree/>
                        <birthPlace>
                           <municipalityFreeText>Budel</municipalityFreeText>
                           <countryCode>129</countryCode>
                           <countryFreeText>test</countryFreeText>
                        </birthPlace>
                        <birthDate>
                           <day>5</day>
                           <month>7</month>
                           <year>1979</year>
                        </birthDate>
                        <firstname>Bram Tonny Gerda</firstname>
                        <lastname>Van Huffel</lastname>
                        <roles>
                           <role>SPOUSE_1</role>
                        </roles>
                        <personNumber>1125000</personNumber>
                     </person>
                     <person>
                        <origin>RR</origin>
                        <birthPlace>
                           <municipalityCode>12007</municipalityCode>
                           <countryCode>150</countryCode>
                           <countryFreeText>test</countryFreeText>
                        </birthPlace>
                        <birthDate>
                           <day>1</day>
                           <month>4</month>
                           <year>1986</year>
                        </birthDate>
                        <firstname>Mounir</firstname>
                        <lastname>Ouchan</lastname>
                        <roles>
                           <role>ABS</role>
                        </roles>
                        <personNumber>86040128370</personNumber>
                     </person>
                  </persons>
                  <oldDocumentReference>2018/33</oldDocumentReference>
                  <docState>FINAL</docState>
               </document>
            </v1:validateDocument>
         </v1:request>
      </v1:validateDocumentRequest>
   </soapenv:Body>
</soapenv:Envelope>]]></con:request><con:assertion type="SOAP Fault Assertion" id="80bd7d4a-e9cd-4023-8d11-db2eeb7f8d61" name="Not SOAP Fault"/><con:assertion type="SOAP Response" id="c5810449-430f-4f16-9d86-5d25cc9df547" name="SOAP Response"/><con:assertion type="Schema Compliance" id="279b36f5-778a-4596-a743-dc2e5b2a2295" name="Schema Compliance"><con:configuration/></con:assertion><con:wsaConfig action="http://fidus.brussels/services/civilstatusdocumentservice/validateDocument"/></con:request></con:config></con:testStep><con:testStep type="request" id="a5df291b-30c3-44a4-8e87-d68e2d4b9420" name="testcase4 - Staging - LB - Request"><con:settings/><con:config xsi:type="con:RequestStep" xmlns:xsi="http://www.w3.org/2001/XMLSchema-instance"><con:interface>CivilStatusDocumentService_v1.0Soap11Binding</con:interface><con:operation>validateDocument</con:operation><con:request name="testcase4 - Staging - LB - Request" id="37b5e88c-b0fd-4626-8a84-6398711289b6" outgoingWss="Outflow STAG"><con:settings/><con:encoding>UTF-8</con:encoding><con:endpoint>https://192.168.22.53:8443/services/CivilStatusDocumentService_v1.0</con:endpoint><con:request><![CDATA[<soapenv:Envelope xmlns:soapenv="http://schemas.xmlsoap.org/soap/envelope/" xmlns:v1="http://fidus.brussels/service/civilstatusdocumentservice/messages/v1" xmlns:v11="http://fidus.brussels/type/common/messages/v1" xmlns:core="http://www.fgov.be/dabs/core">
   <soapenv:Header/>
   <soapenv:Body>
      <v1:validateDocumentRequest>
         <v1:messageContext>
            <v11:messageId>${=import static java.util.UUID.randomUUID; uuid = randomUUID() as String}</v11:messageId>
            <v11:timestamp>${=new java.text.SimpleDateFormat("yyyy-MM-dd'T'HH:mm:ss.SSS").format(new Date())}</v11:timestamp>
         </v1:messageContext>
         <v1:legalContext>ServiceIntegrator</v1:legalContext>
         <v1:request>
            <v1:language>fr</v1:language>
             <v1:municipalityCode>d1051</v1:municipalityCode>
            <v1:validateDocument>
               <document xsi:type="core:marriageCertificate" xmlns:xsi="http://www.w3.org/2001/XMLSchema-instance">
                  <attachments/>
                  <certificateOriginType>FOREIGN_CERTIFICATE</certificateOriginType>
                  <factDate>
                     <day>26</day>
                     <month>12</month>
                     <year>2011</year>
                  </factDate>
                  <establishingDate>2018-07-17</establishingDate>
                  <redactionPlace>
                     <municipalityCode>12007</municipalityCode>
                     <countryCode>150</countryCode>
                     <countryFreeText>test</countryFreeText>
                  </redactionPlace>
                  <origin>DABS</origin>
                  <persons>
                     <person>
                        <origin>RR</origin>
                        <nobilityFree/>
                        <birthPlace>
                           <municipalityCode>12010</municipalityCode>
                           <countryCode>150</countryCode>
                           <countryFreeText>test</countryFreeText>
                        </birthPlace>
                        <birthDate>
                           <day>11</day>
                           <month>1</month>
                           <year>1980</year>
                        </birthDate>
                        <firstname>Katrien</firstname>
                        <lastname>De Bondt</lastname>
                        <roles>
                           <role>SPOUSE_2</role>
                        </roles>
                        <personNumber>11234</personNumber>
                     </person>
                     <person>
                        <origin>RR</origin>
                        <nobilityFree/>
                        <birthPlace>
                           <municipalityFreeText>Budel</municipalityFreeText>
                           <countryCode>129</countryCode>
                           <countryFreeText>test</countryFreeText>
                        </birthPlace>
                        <birthDate>
                           <day>5</day>
                           <month>7</month>
                           <year>1979</year>
                        </birthDate>
                        <firstname>Bram Tonny Gerda</firstname>
                        <lastname>Van Huffel</lastname>
                        <roles>
                           <role>SPOUSE_1</role>
                        </roles>
                        <personNumber>1125000</personNumber>
                     </person>
                     <person>
                        <origin>RR</origin>
                        <birthPlace>
                           <municipalityCode>12007</municipalityCode>
                           <countryCode>150</countryCode>
                           <countryFreeText>test</countryFreeText>
                        </birthPlace>
                        <birthDate>
                           <day>1</day>
                           <month>4</month>
                           <year>1986</year>
                        </birthDate>
                        <firstname>Mounir</firstname>
                        <lastname>Ouchan</lastname>
                        <roles>
                           <role>ABS</role>
                        </roles>
                        <personNumber>86040128370</personNumber>
                     </person>
                  </persons>
                  <oldDocumentReference>2018/33</oldDocumentReference>
                  <docState>FINAL</docState>
               </document>
            </v1:validateDocument>
         </v1:request>
      </v1:validateDocumentRequest>
   </soapenv:Body>
</soapenv:Envelope>]]></con:request><con:assertion type="SOAP Fault Assertion" id="f32c6a54-d004-41b3-9b4c-e0eacb47fbe7" name="Not SOAP Fault"/><con:assertion type="SOAP Response" id="e8f477fc-e8d4-4e1f-89fa-db32fd4f8d5b" name="SOAP Response"/><con:assertion type="Schema Compliance" id="4f7bca1e-85fe-4351-a030-fcd5285f03f2" name="Schema Compliance"><con:configuration/></con:assertion><con:wsaConfig action="http://fidus.brussels/services/civilstatusdocumentservice/validateDocument"/></con:request></con:config></con:testStep><con:testStep type="request" id="65b87e88-61d4-4524-ae40-d1289cca0953" name="testcase4 - Staging - Worker1 - Request"><con:settings/><con:config xsi:type="con:RequestStep" xmlns:xsi="http://www.w3.org/2001/XMLSchema-instance"><con:interface>CivilStatusDocumentService_v1.0Soap11Binding</con:interface><con:operation>validateDocument</con:operation><con:request name="testcase4 - Staging - Worker1 - Request" id="29eebd34-9088-4bb9-9ee7-5d4d285832c8" outgoingWss="Outflow STAG"><con:settings/><con:encoding>UTF-8</con:encoding><con:endpoint>https://192.168.22.53:8443/services/CivilStatusDocumentService_v1.0</con:endpoint><con:request><![CDATA[<soapenv:Envelope xmlns:soapenv="http://schemas.xmlsoap.org/soap/envelope/" xmlns:v1="http://fidus.brussels/service/civilstatusdocumentservice/messages/v1" xmlns:v11="http://fidus.brussels/type/common/messages/v1" xmlns:core="http://www.fgov.be/dabs/core">
   <soapenv:Header/>
   <soapenv:Body>
      <v1:validateDocumentRequest>
         <v1:messageContext>
            <v11:messageId>${=import static java.util.UUID.randomUUID; uuid = randomUUID() as String}</v11:messageId>
            <v11:timestamp>${=new java.text.SimpleDateFormat("yyyy-MM-dd'T'HH:mm:ss.SSS").format(new Date())}</v11:timestamp>
         </v1:messageContext>
         <v1:legalContext>ServiceIntegrator</v1:legalContext>
         <v1:request>
            <v1:language>fr</v1:language>
             <v1:municipalityCode>d1051</v1:municipalityCode>
            <v1:validateDocument>
               <document xsi:type="core:marriageCertificate" xmlns:xsi="http://www.w3.org/2001/XMLSchema-instance">
                  <attachments/>
                  <certificateOriginType>FOREIGN_CERTIFICATE</certificateOriginType>
                  <factDate>
                     <day>26</day>
                     <month>12</month>
                     <year>2011</year>
                  </factDate>
                  <establishingDate>2018-07-17</establishingDate>
                  <redactionPlace>
                     <municipalityCode>12007</municipalityCode>
                     <countryCode>150</countryCode>
                     <countryFreeText>test</countryFreeText>
                  </redactionPlace>
                  <origin>DABS</origin>
                  <persons>
                     <person>
                        <origin>RR</origin>
                        <nobilityFree/>
                        <birthPlace>
                           <municipalityCode>12010</municipalityCode>
                           <countryCode>150</countryCode>
                           <countryFreeText>test</countryFreeText>
                        </birthPlace>
                        <birthDate>
                           <day>11</day>
                           <month>1</month>
                           <year>1980</year>
                        </birthDate>
                        <firstname>Katrien</firstname>
                        <lastname>De Bondt</lastname>
                        <roles>
                           <role>SPOUSE_2</role>
                        </roles>
                        <personNumber>11234</personNumber>
                     </person>
                     <person>
                        <origin>RR</origin>
                        <nobilityFree/>
                        <birthPlace>
                           <municipalityFreeText>Budel</municipalityFreeText>
                           <countryCode>129</countryCode>
                           <countryFreeText>test</countryFreeText>
                        </birthPlace>
                        <birthDate>
                           <day>5</day>
                           <month>7</month>
                           <year>1979</year>
                        </birthDate>
                        <firstname>Bram Tonny Gerda</firstname>
                        <lastname>Van Huffel</lastname>
                        <roles>
                           <role>SPOUSE_1</role>
                        </roles>
                        <personNumber>1125000</personNumber>
                     </person>
                     <person>
                        <origin>RR</origin>
                        <birthPlace>
                           <municipalityCode>12007</municipalityCode>
                           <countryCode>150</countryCode>
                           <countryFreeText>test</countryFreeText>
                        </birthPlace>
                        <birthDate>
                           <day>1</day>
                           <month>4</month>
                           <year>1986</year>
                        </birthDate>
                        <firstname>Mounir</firstname>
                        <lastname>Ouchan</lastname>
                        <roles>
                           <role>ABS</role>
                        </roles>
                        <personNumber>86040128370</personNumber>
                     </person>
                  </persons>
                  <oldDocumentReference>2018/33</oldDocumentReference>
                  <docState>FINAL</docState>
               </document>
            </v1:validateDocument>
         </v1:request>
      </v1:validateDocumentRequest>
   </soapenv:Body>
</soapenv:Envelope>]]></con:request><con:assertion type="SOAP Fault Assertion" id="266b3e52-0fdf-420f-8514-bf376d697d9a" name="Not SOAP Fault"/><con:assertion type="SOAP Response" id="47e34542-11d9-4b9e-9ee3-8633fad02511" name="SOAP Response"/><con:assertion type="Schema Compliance" id="89801995-f4c3-42e0-a5bf-216be3cd3255" name="Schema Compliance"><con:configuration/></con:assertion><con:wsaConfig action="http://fidus.brussels/services/civilstatusdocumentservice/validateDocument"/></con:request></con:config></con:testStep><con:testStep type="request" id="06c4ad8a-cab2-42be-960a-5d0171930292" name="testcase4 - Staging - Worker2 - Request"><con:settings/><con:config xsi:type="con:RequestStep" xmlns:xsi="http://www.w3.org/2001/XMLSchema-instance"><con:interface>CivilStatusDocumentService_v1.0Soap11Binding</con:interface><con:operation>validateDocument</con:operation><con:request name="testcase4 - Staging - Worker2 - Request" id="51172174-8623-44df-87f9-4c81acafa980" outgoingWss="Outflow STAG"><con:settings/><con:encoding>UTF-8</con:encoding><con:endpoint>https://192.168.22.53:8443/services/CivilStatusDocumentService_v1.0</con:endpoint><con:request><![CDATA[<soapenv:Envelope xmlns:soapenv="http://schemas.xmlsoap.org/soap/envelope/" xmlns:v1="http://fidus.brussels/service/civilstatusdocumentservice/messages/v1" xmlns:v11="http://fidus.brussels/type/common/messages/v1" xmlns:core="http://www.fgov.be/dabs/core">
   <soapenv:Header/>
   <soapenv:Body>
      <v1:validateDocumentRequest>
         <v1:messageContext>
            <v11:messageId>${=import static java.util.UUID.randomUUID; uuid = randomUUID() as String}</v11:messageId>
            <v11:timestamp>${=new java.text.SimpleDateFormat("yyyy-MM-dd'T'HH:mm:ss.SSS").format(new Date())}</v11:timestamp>
         </v1:messageContext>
         <v1:legalContext>ServiceIntegrator</v1:legalContext>
         <v1:request>
            <v1:language>fr</v1:language>
             <v1:municipalityCode>d1051</v1:municipalityCode>
            <v1:validateDocument>
               <document xsi:type="core:marriageCertificate" xmlns:xsi="http://www.w3.org/2001/XMLSchema-instance">
                  <attachments/>
                  <certificateOriginType>FOREIGN_CERTIFICATE</certificateOriginType>
                  <factDate>
                     <day>26</day>
                     <month>12</month>
                     <year>2011</year>
                  </factDate>
                  <establishingDate>2018-07-17</establishingDate>
                  <redactionPlace>
                     <municipalityCode>12007</municipalityCode>
                     <countryCode>150</countryCode>
                     <countryFreeText>test</countryFreeText>
                  </redactionPlace>
                  <origin>DABS</origin>
                  <persons>
                     <person>
                        <origin>RR</origin>
                        <nobilityFree/>
                        <birthPlace>
                           <municipalityCode>12010</municipalityCode>
                           <countryCode>150</countryCode>
                           <countryFreeText>test</countryFreeText>
                        </birthPlace>
                        <birthDate>
                           <day>11</day>
                           <month>1</month>
                           <year>1980</year>
                        </birthDate>
                        <firstname>Katrien</firstname>
                        <lastname>De Bondt</lastname>
                        <roles>
                           <role>SPOUSE_2</role>
                        </roles>
                        <personNumber>11234</personNumber>
                     </person>
                     <person>
                        <origin>RR</origin>
                        <nobilityFree/>
                        <birthPlace>
                           <municipalityFreeText>Budel</municipalityFreeText>
                           <countryCode>129</countryCode>
                           <countryFreeText>test</countryFreeText>
                        </birthPlace>
                        <birthDate>
                           <day>5</day>
                           <month>7</month>
                           <year>1979</year>
                        </birthDate>
                        <firstname>Bram Tonny Gerda</firstname>
                        <lastname>Van Huffel</lastname>
                        <roles>
                           <role>SPOUSE_1</role>
                        </roles>
                        <personNumber>1125000</personNumber>
                     </person>
                     <person>
                        <origin>RR</origin>
                        <birthPlace>
                           <municipalityCode>12007</municipalityCode>
                           <countryCode>150</countryCode>
                           <countryFreeText>test</countryFreeText>
                        </birthPlace>
                        <birthDate>
                           <day>1</day>
                           <month>4</month>
                           <year>1986</year>
                        </birthDate>
                        <firstname>Mounir</firstname>
                        <lastname>Ouchan</lastname>
                        <roles>
                           <role>ABS</role>
                        </roles>
                        <personNumber>86040128370</personNumber>
                     </person>
                  </persons>
                  <oldDocumentReference>2018/33</oldDocumentReference>
                  <docState>FINAL</docState>
               </document>
            </v1:validateDocument>
         </v1:request>
      </v1:validateDocumentRequest>
   </soapenv:Body>
</soapenv:Envelope>]]></con:request><con:assertion type="SOAP Fault Assertion" id="ac462931-642c-44ab-a197-aa7387920ccf" name="Not SOAP Fault"/><con:assertion type="SOAP Response" id="8065c22b-5248-4aca-b242-5bcfb3b3c67c" name="SOAP Response"/><con:assertion type="Schema Compliance" id="ade43e19-ccca-42d1-bcbe-91c0df45a3c7" name="Schema Compliance"><con:configuration/></con:assertion><con:wsaConfig action="http://fidus.brussels/services/civilstatusdocumentservice/validateDocument"/></con:request></con:config></con:testStep><con:properties/></con:testCase><con:properties/></con:testSuite><con:properties/><con:wssContainer><con:crypto><con:source>data/wso2/keystores/user-rajarshi.jks</con:source><con:password>test@fidus01</con:password><con:type>KEYSTORE</con:type></con:crypto><con:outgoing><con:name>Outflow DEV</con:name></con:outgoing><con:outgoing><con:name>Outflow TEST</con:name><con:entry type="Signature" username="testuser-test.fidus.brussels" password="test@fidus01"><con:configuration><crypto>user-rajarshi.jks</crypto><keyIdentifierType>3</keyIdentifierType><signatureAlgorithm/><signatureCanonicalization/><useSingleCert>true</useSingleCert><digestAlgorithm/><customTokenValueType/><customTokenId/></con:configuration></con:entry><con:entry type="Timestamp"><con:configuration><timeToLive>300000</timeToLive><strictTimestamp>true</strictTimestamp></con:configuration></con:entry></con:outgoing><con:outgoing><con:name>Outflow STAG</con:name></con:outgoing></con:wssContainer><con:oAuth2ProfileContainer/><con:oAuth1ProfileContainer/><con:sensitiveInformation/></con:soapui-project>