<?xml version="1.0" encoding="UTF-8"?>
<con:soapui-project activeEnvironment="Default" name="Client-EnterpriseDebtService-1.0-soapui-project" resourceRoot="" soapui-version="5.1.3" abortOnError="false" runType="SEQUENTIAL" id="5f04eb27-7948-4c8d-af57-9ceeba9adfe9" xmlns:con="http://eviware.com/soapui/config">
  <con:settings/>
  <con:interface xsi:type="con:WsdlInterface" wsaVersion="NONE" name="EnterpriseDebtServiceHTTPBinding" type="wsdl" bindingName="{http://fidus.brussels/service/enterprisedebtservice/v1}EnterpriseDebtServiceHTTPBinding" soapVersion="1_1" anonymous="optional" definition="file:/home/ebarbieux/Dev/fidus/enterprisedebtservice/EnterpriseDebtServiceGateway/src/main/resources/wsdl/enterpriseDebtService/1.0.0/EnterpriseDebtService_v1.wsdl" id="49199394-b649-4146-ae56-a19c5146a430" xmlns:xsi="http://www.w3.org/2001/XMLSchema-instance">
    <con:settings/>
    
    <con:definitionCache type="TEXT" rootPart="file:/home/ebarbieux/Dev/fidus/enterprisedebtservice/EnterpriseDebtServiceGateway/src/main/resources/wsdl/enterpriseDebtService/1.0.0/EnterpriseDebtService_v1.wsdl"><con:part><con:url>file:/home/ebarbieux/Dev/fidus/enterprisedebtservice/EnterpriseDebtServiceGateway/src/main/resources/wsdl/enterpriseDebtService/1.0.0/EnterpriseDebtService_v1.wsdl</con:url><con:content><![CDATA[<wsdl:definitions targetNamespace="http://fidus.brussels/service/enterprisedebtservice/v1" name="EnterpriseDebtService" xmlns:soap="http://schemas.xmlsoap.org/wsdl/soap/" xmlns:wsdl="http://schemas.xmlsoap.org/wsdl/" xmlns:xsd="http://www.w3.org/2001/XMLSchema" xmlns:mes="http://fidus.brussels/service/enterprisedebtservice/messages/v1" xmlns:tns="http://fidus.brussels/service/enterprisedebtservice/v1">
  <xsd:annotation>
    <xsd:documentation>EnterpriseDebtService WDSL v1.</xsd:documentation>
  </xsd:annotation>
  <wsdl:types>
    <xsd:schema targetNamespace="http://fidus.brussels/service/enterprisedebtservice/v1" elementFormDefault="qualified">
      <xsd:import namespace="http://fidus.brussels/service/enterprisedebtservice/messages/v1" schemaLocation="messages/enterpriseDebtServiceMessages_v1.xsd"/>
    </xsd:schema>
  </wsdl:types>
  <wsdl:message name="checkDebtsRequestMessage">
    <wsdl:part name="CheckDebtsRequest" element="mes:checkDebtsRequest"/>
  </wsdl:message>
  <wsdl:message name="checkDebtsResponseMessage">
    <wsdl:part name="CheckDebtsResponse" element="mes:checkDebtsResponse"/>
  </wsdl:message>
  <wsdl:portType name="EnterpriseDebtServicePortType">
    <wsdl:operation name="checkDebts">
      <wsdl:input message="tns:checkDebtsRequestMessage"/>
      <wsdl:output message="tns:checkDebtsResponseMessage"/>
    </wsdl:operation>
  </wsdl:portType>
  <wsdl:binding name="EnterpriseDebtServiceHTTPBinding" type="tns:EnterpriseDebtServicePortType">
    <soap:binding style="document" transport="http://schemas.xmlsoap.org/soap/http"/>
    <wsdl:operation name="checkDebts">
      <soap:operation soapAction="http://fidus.brussels/services/enterprisedebtservice/checkDebts"/>
      <wsdl:input>
        <soap:body use="literal"/>
      </wsdl:input>
      <wsdl:output>
        <soap:body use="literal"/>
      </wsdl:output>
    </wsdl:operation>
  </wsdl:binding>
  <wsdl:service name="EnterpriseDebtService_v1">
    <wsdl:port name="EnterpriseDebtService_v1" binding="tns:EnterpriseDebtServiceHTTPBinding">
      <soap:address location="http://fidus.brussels/services/enterprisedebtservice/v1"/>
    </wsdl:port>
  </wsdl:service>
</wsdl:definitions>]]></con:content><con:type>http://schemas.xmlsoap.org/wsdl/</con:type></con:part><con:part><con:url>file:/home/ebarbieux/Dev/fidus/enterprisedebtservice/EnterpriseDebtServiceGateway/src/main/resources/wsdl/enterpriseDebtService/1.0.0/messages/enterpriseDebtServiceMessages_v1.xsd</con:url><con:content><![CDATA[<xsd:schema targetNamespace="http://fidus.brussels/service/enterprisedebtservice/messages/v1" elementFormDefault="qualified" attributeFormDefault="unqualified" version="1.0" xmlns:xsd="http://www.w3.org/2001/XMLSchema" xmlns:cme="http://fidus.brussels/type/common/messages/v1" xmlns:exc="http://fidus.brussels/type/common/exceptions/v1" xmlns:tns="http://fidus.brussels/service/enterprisedebtservice/messages/v1" xmlns:tel="http://minfin.fgov.be/dad/services/telemarc">
  <xsd:import namespace="http://fidus.brussels/type/common/messages/v1" schemaLocation="baseMessageTypes_v1.xsd"/>
  <xsd:import namespace="http://fidus.brussels/type/common/exceptions/v1" schemaLocation="exceptionTypes_v1.xsd"/>
  <xsd:import namespace="http://minfin.fgov.be/dad/services/telemarc" schemaLocation="../FiscalDebtService/telemarc.xsd"/>
  <!--Request getEnterpriseDebtService definition-->
  <xsd:complexType name="CheckDebtsRequestType">
    <xsd:sequence>
      <xsd:element name="messageContext" type="cme:RequestMessageContextType"/>
      <xsd:element name="legalContext" type="cme:LegalContextType"/>
      <xsd:element name="request" type="tel:telemarcRequest"/>
    </xsd:sequence>
  </xsd:complexType>
  <!--Request getEnterpriseDebtService definition-->
  <xsd:complexType name="CheckDebtsResponseType">
    <xsd:sequence>
      <xsd:element name="messageContext" type="cme:ResponseMessageContextType"/>
      <xsd:element name="responses" type="tns:ResponsesType" minOccurs="0"/>
      <xsd:element name="exceptions" type="exc:ExceptionsType" minOccurs="0">
        <xsd:annotation>
          <xsd:documentation>Technical errors that occur when processing the message context e.g. insufficient rights.</xsd:documentation>
        </xsd:annotation>
      </xsd:element>
    </xsd:sequence>
  </xsd:complexType>
  <xsd:complexType name="ResponsesType">
    <xsd:sequence>
      <xsd:element name="response" type="tns:ResponseType" minOccurs="1" maxOccurs="1"/>
    </xsd:sequence>
  </xsd:complexType>
  <xsd:complexType name="ResponseType">
    <xsd:sequence>
      <xsd:element name="checkDebtsResponse" type="tel:telemarcResponse" minOccurs="0" maxOccurs="1"/>
      <xsd:element name="exceptions" type="exc:ExceptionsType" minOccurs="0">
        <xsd:annotation>
          <xsd:documentation>Business exceptions that occur when processing the request or response e.g. missing data for a single response element.
						Exceptions at this level may contain back-end specific codes and content.</xsd:documentation>
        </xsd:annotation>
      </xsd:element>
    </xsd:sequence>
  </xsd:complexType>
  <!--Element of the request and the response-->
  <xsd:element name="checkDebtsRequest" type="tns:CheckDebtsRequestType"/>
  <xsd:element name="checkDebtsResponse" type="tns:CheckDebtsResponseType"/>
</xsd:schema>]]></con:content><con:type>http://www.w3.org/2001/XMLSchema</con:type></con:part><con:part><con:url>file:/home/ebarbieux/Dev/fidus/enterprisedebtservice/EnterpriseDebtServiceGateway/src/main/resources/wsdl/enterpriseDebtService/1.0.0/messages/baseMessageTypes_v1.xsd</con:url><con:content><![CDATA[<xsd:schema targetNamespace="http://fidus.brussels/type/common/messages/v1" elementFormDefault="qualified" attributeFormDefault="unqualified" version="1.0" xmlns:xsd="http://www.w3.org/2001/XMLSchema" xmlns:cmn="http://fidus.brussels/type/common/v1" xmlns:tns="http://fidus.brussels/type/common/messages/v1">
  <!--Unformatted message Id-->
  <xsd:simpleType name="MessageIdType">
    <xsd:restriction base="xsd:string">
      <xsd:minLength value="1"/>
      <xsd:maxLength value="64"/>
    </xsd:restriction>
  </xsd:simpleType>
  <!--National Number of the person. Format depending on the Register-->
  <xsd:simpleType name="PersonNumberType">
    <xsd:restriction base="xsd:string">
      <xsd:pattern value="[0-9][0-9](([0][0-9])|([1][0-2]))(([0-2][0-9])|([3][0-1]))(([0-9]{2}[1-9])|([0-9][1-9][0-9])|([1-9][0-9]{2}))(([0-8][0-9])|([9][0-7]))">
        <xsd:annotation>
          <xsd:documentation>National Register format</xsd:documentation>
        </xsd:annotation>
      </xsd:pattern>
      <xsd:pattern value="[0-9][0-9](([2][0-9])|([3][0-2]))(([0-2][0-9])|([3][0-1]))[0-9]{3}(([0-8][0-9])|([9][0-7]))">
        <xsd:annotation>
          <xsd:documentation>CBSS Register format: Bis Register</xsd:documentation>
        </xsd:annotation>
      </xsd:pattern>
      <xsd:pattern value="[0-9][0-9](([4][0-9])|([5][0-2]))(([0-2][0-9])|([3][0-1]))[0-9]{3}(([0-8][0-9])|([9][0-7]))">
        <xsd:annotation>
          <xsd:documentation>CBSS Register format: Ter Register</xsd:documentation>
        </xsd:annotation>
      </xsd:pattern>
    </xsd:restriction>
  </xsd:simpleType>
  <!--Request message context-->
  <xsd:complexType name="RequestMessageContextType">
    <xsd:annotation>
      <xsd:documentation>Message context block generated by the consumer.</xsd:documentation>
    </xsd:annotation>
    <xsd:sequence>
      <xsd:element name="messageId" type="tns:MessageIdType">
        <xsd:annotation>
          <xsd:documentation>Consumer must assign their own MessageId reference for the request.</xsd:documentation>
        </xsd:annotation>
      </xsd:element>
      <xsd:element name="timestamp" type="xsd:dateTime" minOccurs="0">
        <xsd:annotation>
          <xsd:documentation>Timestamp when client sent request.</xsd:documentation>
        </xsd:annotation>
      </xsd:element>
    </xsd:sequence>
  </xsd:complexType>
  <!--Response message context-->
  <xsd:complexType name="ResponseMessageContextType">
    <xsd:annotation>
      <xsd:documentation>MessageContext block generated by fidus.</xsd:documentation>
    </xsd:annotation>
    <xsd:sequence>
      <xsd:element name="messageId" type="tns:MessageIdType">
        <xsd:annotation>
          <xsd:documentation>A unique identifier generated by fidus.</xsd:documentation>
        </xsd:annotation>
      </xsd:element>
      <xsd:element name="transactionId" type="tns:MessageIdType">
        <xsd:annotation>
          <xsd:documentation>A unique ID returned to the client for tracing purposes.</xsd:documentation>
        </xsd:annotation>
      </xsd:element>
      <xsd:element name="relatesTo" type="tns:MessageIdType" minOccurs="0">
        <xsd:annotation>
          <xsd:documentation>Optional field. The unique id of a previous batch file in this exchange Only used for responses.</xsd:documentation>
        </xsd:annotation>
      </xsd:element>
      <xsd:element name="timestamp" type="xsd:dateTime" minOccurs="0">
        <xsd:annotation>
          <xsd:documentation>Time reply sent by fidus.</xsd:documentation>
        </xsd:annotation>
      </xsd:element>
    </xsd:sequence>
  </xsd:complexType>
  <!--Legal Context : the finality of the Privacy Commission-->
  <xsd:simpleType name="LegalContextType">
    <xsd:restriction base="xsd:string">
      <xsd:minLength value="1"/>
      <xsd:maxLength value="64"/>
    </xsd:restriction>
  </xsd:simpleType>
  <xsd:complexType name="UserContextType">
    <xsd:annotation>
      <xsd:documentation>The user context defines information regarding the actual user performing a request.</xsd:documentation>
    </xsd:annotation>
    <xsd:sequence>
      <xsd:element name="language" type="xsd:language" nillable="true">
        <xsd:annotation>
          <xsd:documentation>The preferred language of the actual user performing the request.
						This influences the language in which response elements are cast.</xsd:documentation>
        </xsd:annotation>
      </xsd:element>
    </xsd:sequence>
  </xsd:complexType>
</xsd:schema>]]></con:content><con:type>http://www.w3.org/2001/XMLSchema</con:type></con:part><con:part><con:url>file:/home/ebarbieux/Dev/fidus/enterprisedebtservice/EnterpriseDebtServiceGateway/src/main/resources/wsdl/enterpriseDebtService/1.0.0/messages/exceptionTypes_v1.xsd</con:url><con:content><![CDATA[<xsd:schema targetNamespace="http://fidus.brussels/type/common/exceptions/v1" elementFormDefault="qualified" attributeFormDefault="unqualified" version="1.0" xmlns:xsd="http://www.w3.org/2001/XMLSchema" xmlns:tns="http://fidus.brussels/type/common/exceptions/v1">
  <!--Basic error typed-->
  <xsd:complexType name="ExceptionsType">
    <xsd:sequence>
      <xsd:element name="exception" type="tns:ExceptionType" maxOccurs="unbounded"/>
    </xsd:sequence>
  </xsd:complexType>
  <xsd:complexType name="ExceptionType">
    <xsd:sequence>
      <xsd:element name="type" type="tns:ExceptionClassType"/>
      <xsd:element name="code" type="tns:ExceptionCodeType"/>
      <xsd:element name="source" type="tns:ExceptionSourceType"/>
      <xsd:element name="description" type="tns:ExceptionDescriptionType"/>
    </xsd:sequence>
  </xsd:complexType>
  <xsd:simpleType name="ExceptionClassType">
    <xsd:restriction base="xsd:string">
      <xsd:enumeration value="ERROR"/>
      <xsd:enumeration value="WARNING"/>
      <xsd:enumeration value="INFO"/>
    </xsd:restriction>
  </xsd:simpleType>
  <xsd:simpleType name="ExceptionCodeType">
    <xsd:restriction base="xsd:string">
      <xsd:maxLength value="20"/>
    </xsd:restriction>
  </xsd:simpleType>
  <xsd:simpleType name="ExceptionSourceType">
    <xsd:restriction base="xsd:string">
      <xsd:maxLength value="20"/>
    </xsd:restriction>
  </xsd:simpleType>
  <xsd:simpleType name="ExceptionDescriptionType">
    <xsd:restriction base="xsd:string"/>
  </xsd:simpleType>
</xsd:schema>]]></con:content><con:type>http://www.w3.org/2001/XMLSchema</con:type></con:part><con:part><con:url>file:/home/ebarbieux/Dev/fidus/enterprisedebtservice/EnterpriseDebtServiceGateway/src/main/resources/wsdl/enterpriseDebtService/1.0.0/FiscalDebtService/telemarc.xsd</con:url><con:content><![CDATA[<xsd:schema targetNamespace="http://minfin.fgov.be/dad/services/telemarc" xmlns:xsd="http://www.w3.org/2001/XMLSchema" xmlns:ns0="http://minfin.fgov.be/dad/services/telemarc">
  <xsd:complexType name="InvalidArgumentException">
    <xsd:sequence>
      <xsd:element minOccurs="0" name="message" type="xsd:string"/>
    </xsd:sequence>
  </xsd:complexType>
  <xsd:complexType name="telemarcRequest">
    <xsd:sequence>
      <xsd:element name="companyNumber" type="xsd:string"/>
    </xsd:sequence>
  </xsd:complexType>
  <xsd:complexType name="telemarcResponse">
    <xsd:sequence>
      <xsd:element name="companyNumber" type="xsd:string"/>
      <xsd:element minOccurs="0" name="companyName" type="xsd:string"/>
      <xsd:element name="dateOfDay" type="xsd:date"/>
      <xsd:element name="response" type="ns0:responseType"/>
      <xsd:element minOccurs="0" name="amount" type="xsd:decimal"/>
    </xsd:sequence>
  </xsd:complexType>
  <xsd:element name="InvalidArgumentException" type="ns0:InvalidArgumentException"/>
  <xsd:element name="checkDebtsRequest" nillable="true" type="ns0:telemarcRequest"/>
  <xsd:element name="checkDebtsResponse" nillable="true" type="ns0:telemarcResponse"/>
  <xsd:simpleType name="responseType">
    <xsd:restriction base="xsd:string">
      <xsd:enumeration value="NO_DEBT"/>
      <xsd:enumeration value="HAS_DEBT"/>
      <xsd:enumeration value="UNKNOWN"/>
    </xsd:restriction>
  </xsd:simpleType>
</xsd:schema>]]></con:content><con:type>http://www.w3.org/2001/XMLSchema</con:type></con:part></con:definitionCache><con:endpoints>
      <con:endpoint>http://fidus.brussels/services/enterprisedebtservice/v1</con:endpoint>
      <con:endpoint>http://fidus.brussels/services/enterpriseservice/v1</con:endpoint>
      <con:endpoint>https://192.168.22.53:8443/services/EnterpriseService_v1.0</con:endpoint>
      <con:endpoint>https://192.168.22.54:8443/services/EnterpriseService_v1.0</con:endpoint>
      <con:endpoint>https://192.168.24.16:8443/services/EnterpriseService_v1.0</con:endpoint>
      <con:endpoint>https://192.168.24.17:8443/services/EnterpriseService_v1.0</con:endpoint>
      <con:endpoint>https://192.168.26.19:8443/services/EnterpriseService_v1.0</con:endpoint>
      <con:endpoint>https://192.168.26.22:8443/services/EnterpriseService_v1.0</con:endpoint>
      <con:endpoint>https://192.168.36.61:8243/services/EnterpriseService_v1.0</con:endpoint>
      <con:endpoint>https://esb-security-gw.sta.srv.cirb.lan:8443/services/EnterpriseService_v1.0</con:endpoint>
      <con:endpoint>https://fidus-esb-sg.prd.srv.cirb.lan:8443/services/EnterpriseService_v1.0</con:endpoint>
      <con:endpoint>https://fidus-esb-sg.sta.srv.cirb.lan:8443/services/EnterpriseService_v1.0</con:endpoint>
      <con:endpoint>https://fidus-test.irisnetlab.be/services/EnterpriseService_v1.0</con:endpoint>
      <con:endpoint>https://fidus.irisnetlab.be/services/EnterpriseService_v1.0</con:endpoint>
      <con:endpoint>https://fidus.sec.brussels/services/EnterpriseService_v1.0</con:endpoint>
    <con:endpoint>https://localhost:8243/services/EnterpriseService_v1.0</con:endpoint></con:endpoints>
    <con:operation isOneWay="false" action="http://fidus.brussels/services/enterprisedebtservice/checkDebts" name="checkDebts" bindingOperationName="checkDebts" type="Request-Response" inputName="" receivesAttachments="false" sendsAttachments="false" anonymous="optional" id="263dbaec-7ec4-43ae-82df-06c9e907efd4">
      <con:settings/>
      
      <con:call name="1 - Local - Request" outgoingWss="Outflow DEV" incomingWss="Inflow DEV" id="eea9f6d1-3681-4cb5-865d-4e1aa4545243">
        <con:settings>
          <con:setting id="com.eviware.soapui.impl.wsdl.WsdlRequest@request-headers">&lt;xml-fragment/></con:setting>
        </con:settings>
        <con:encoding>UTF-8</con:encoding>
        <con:endpoint>https://localhost:8243/services/EnterpriseDebtService_v1.0</con:endpoint>
        <con:request><![CDATA[<soapenv:Envelope xmlns:soapenv="http://schemas.xmlsoap.org/soap/envelope/" xmlns:v1="http://fidus.brussels/service/enterprisedebtservice/messages/v1" xmlns:v11="http://fidus.brussels/type/common/messages/v1">
   <soapenv:Header/>
   <soapenv:Body>
   <v1:checkDebtsRequest>
         <v1:messageContext>
            <v11:messageId>${=import static java.util.UUID.randomUUID; uuid = randomUUID() as String}</v11:messageId>
            <v11:timestamp>${=new java.text.SimpleDateFormat("yyyy-MM-dd'T'HH:mm:ss.SSS").format(new Date())}</v11:timestamp>
         </v1:messageContext>
         <v1:legalContext>ServiceIntegrator</v1:legalContext>
         <v1:request>
            <companyNumber>0240678477</companyNumber>
         </v1:request>
      </v1:checkDebtsRequest>
   </soapenv:Body>
</soapenv:Envelope>]]></con:request>
        <con:credentials>
          <con:selectedAuthProfile>Basic</con:selectedAuthProfile>
          <con:addedBasicAuthenticationTypes>Basic</con:addedBasicAuthenticationTypes>
          <con:authType>Global HTTP Settings</con:authType>
        </con:credentials>
        <con:jmsConfig JMSDeliveryMode="PERSISTENT"/>
        <con:jmsPropertyConfig/>
        <con:wsaConfig mustUnderstand="NONE" version="200508" action="http://fidus.brussels/services/enterpriseservice/getEntity"/>
        <con:wsrmConfig version="1.2"/>
      </con:call>
      
      <con:call name="2 - Dev - Request" outgoingWss="Outflow DEV" incomingWss="Inflow DEV" id="99be54eb-f4e2-4768-a2d7-8b07599ac630">
        <con:settings>
          <con:setting id="com.eviware.soapui.impl.wsdl.WsdlRequest@request-headers">&lt;xml-fragment/></con:setting>
        </con:settings>
        <con:encoding>UTF-8</con:encoding>
        <con:endpoint>https://192.168.36.61:8243/services/EnterpriseDebtService_v1.0</con:endpoint>
        <con:request><![CDATA[<soapenv:Envelope xmlns:soapenv="http://schemas.xmlsoap.org/soap/envelope/" xmlns:v1="http://fidus.brussels/service/enterprisedebtservice/messages/v1" xmlns:v11="http://fidus.brussels/type/common/messages/v1">
   <soapenv:Header/>
   <soapenv:Body>
   <v1:checkDebtsRequest>
         <v1:messageContext>
            <v11:messageId>${=import static java.util.UUID.randomUUID; uuid = randomUUID() as String}</v11:messageId>
            <v11:timestamp>${=new java.text.SimpleDateFormat("yyyy-MM-dd'T'HH:mm:ss.SSS").format(new Date())}</v11:timestamp>
         </v1:messageContext>
         <v1:legalContext>ServiceIntegrator</v1:legalContext>
         <v1:request>
            <companyNumber>0240678477</companyNumber>
         </v1:request>
      </v1:checkDebtsRequest>
   </soapenv:Body>
</soapenv:Envelope>]]></con:request>
        <con:credentials>
          <con:selectedAuthProfile>Basic</con:selectedAuthProfile>
          <con:addedBasicAuthenticationTypes>Basic</con:addedBasicAuthenticationTypes>
          <con:authType>Global HTTP Settings</con:authType>
        </con:credentials>
        <con:jmsConfig JMSDeliveryMode="PERSISTENT"/>
        <con:jmsPropertyConfig/>
        <con:wsaConfig mustUnderstand="NONE" version="200508" action="http://fidus.brussels/services/enterpriseservice/getEntity"/>
        <con:wsrmConfig version="1.2"/>
      </con:call>
      <con:call name="3 - Test - LB - Request" outgoingWss="Outflow TEST" incomingWss="Inflow TEST" id="fcc9a6a5-4cff-48f6-abc5-6d435af2af38">
        <con:settings>
          <con:setting id="com.eviware.soapui.impl.wsdl.WsdlRequest@request-headers">&lt;xml-fragment/></con:setting>
        </con:settings>
        <con:encoding>UTF-8</con:encoding>
        <con:endpoint>https://esb-security-gw.sta.srv.cirb.lan:8443/services/EnterpriseDebtService_v1.0</con:endpoint>
        <con:request><![CDATA[<soapenv:Envelope xmlns:soapenv="http://schemas.xmlsoap.org/soap/envelope/" xmlns:v1="http://fidus.brussels/service/enterprisedebtservice/messages/v1" xmlns:v11="http://fidus.brussels/type/common/messages/v1">
   <soapenv:Header/>
   <soapenv:Body>
   <v1:checkDebtsRequest>
         <v1:messageContext>
            <v11:messageId>${=import static java.util.UUID.randomUUID; uuid = randomUUID() as String}</v11:messageId>
            <v11:timestamp>${=new java.text.SimpleDateFormat("yyyy-MM-dd'T'HH:mm:ss.SSS").format(new Date())}</v11:timestamp>
         </v1:messageContext>
         <v1:legalContext>ServiceIntegrator</v1:legalContext>
         <v1:request>
            <companyNumber>0240678477</companyNumber>
         </v1:request>
      </v1:checkDebtsRequest>
   </soapenv:Body>
</soapenv:Envelope>]]></con:request>
        <con:credentials>
          <con:selectedAuthProfile>Basic</con:selectedAuthProfile>
          <con:addedBasicAuthenticationTypes>Basic</con:addedBasicAuthenticationTypes>
          <con:authType>Global HTTP Settings</con:authType>
        </con:credentials>
        <con:jmsConfig JMSDeliveryMode="PERSISTENT"/>
        <con:jmsPropertyConfig/>
        <con:wsaConfig mustUnderstand="NONE" version="200508" action="http://fidus.brussels/services/enterpriseservice/getEntity"/>
        <con:wsrmConfig version="1.2"/>
      </con:call>
      <con:call name="3 - Test - External - Request" outgoingWss="Outflow TEST" incomingWss="Inflow TEST" id="cade6f4b-65be-422b-93da-d64cf2eb7a56">
        <con:settings>
          <con:setting id="com.eviware.soapui.impl.wsdl.WsdlRequest@request-headers">&lt;xml-fragment/></con:setting>
        </con:settings>
        <con:encoding>UTF-8</con:encoding>
        <con:endpoint>https://fidus-test.irisnetlab.be/services/EnterpriseDebtService_v1.0</con:endpoint>
        <con:request><![CDATA[<soapenv:Envelope xmlns:soapenv="http://schemas.xmlsoap.org/soap/envelope/" xmlns:v1="http://fidus.brussels/service/enterprisedebtservice/messages/v1" xmlns:v11="http://fidus.brussels/type/common/messages/v1">
   <soapenv:Header/>
   <soapenv:Body>
   <v1:checkDebtsRequest>
         <v1:messageContext>
            <v11:messageId>${=import static java.util.UUID.randomUUID; uuid = randomUUID() as String}</v11:messageId>
            <v11:timestamp>${=new java.text.SimpleDateFormat("yyyy-MM-dd'T'HH:mm:ss.SSS").format(new Date())}</v11:timestamp>
         </v1:messageContext>
         <v1:legalContext>ServiceIntegrator</v1:legalContext>
         <v1:request>
            <companyNumber>0240678477</companyNumber>
         </v1:request>
      </v1:checkDebtsRequest>
   </soapenv:Body>
</soapenv:Envelope>]]></con:request>
        <con:credentials>
          <con:selectedAuthProfile>Basic</con:selectedAuthProfile>
          <con:addedBasicAuthenticationTypes>Basic</con:addedBasicAuthenticationTypes>
          <con:authType>Global HTTP Settings</con:authType>
        </con:credentials>
        <con:jmsConfig JMSDeliveryMode="PERSISTENT"/>
        <con:jmsPropertyConfig/>
        <con:wsaConfig mustUnderstand="NONE" version="200508" action="http://fidus.brussels/services/enterpriseservice/getEntity"/>
        <con:wsrmConfig version="1.2"/>
      </con:call>
      <con:call name="3 - Test - Worker1 - Request" outgoingWss="Outflow TEST" incomingWss="Inflow TEST" id="19b00018-f7a7-4b22-b7bb-5cb6e8e6a5bd">
        <con:settings>
          <con:setting id="com.eviware.soapui.impl.wsdl.WsdlRequest@request-headers">&lt;xml-fragment/></con:setting>
        </con:settings>
        <con:encoding>UTF-8</con:encoding>
        <con:endpoint>https://192.168.22.53:8443/services/EnterpriseDebtService_v1.0</con:endpoint>
        <con:request><![CDATA[<soapenv:Envelope xmlns:soapenv="http://schemas.xmlsoap.org/soap/envelope/" xmlns:v1="http://fidus.brussels/service/enterprisedebtservice/messages/v1" xmlns:v11="http://fidus.brussels/type/common/messages/v1">
   <soapenv:Header/>
   <soapenv:Body>
   <v1:checkDebtsRequest>
         <v1:messageContext>
            <v11:messageId>${=import static java.util.UUID.randomUUID; uuid = randomUUID() as String}</v11:messageId>
            <v11:timestamp>${=new java.text.SimpleDateFormat("yyyy-MM-dd'T'HH:mm:ss.SSS").format(new Date())}</v11:timestamp>
         </v1:messageContext>
         <v1:legalContext>ServiceIntegrator</v1:legalContext>
         <v1:request>
            <companyNumber>0240678477</companyNumber>
         </v1:request>
      </v1:checkDebtsRequest>
   </soapenv:Body>
</soapenv:Envelope>]]></con:request>
        <con:credentials>
          <con:selectedAuthProfile>Basic</con:selectedAuthProfile>
          <con:addedBasicAuthenticationTypes>Basic</con:addedBasicAuthenticationTypes>
          <con:authType>Global HTTP Settings</con:authType>
        </con:credentials>
        <con:jmsConfig JMSDeliveryMode="PERSISTENT"/>
        <con:jmsPropertyConfig/>
        <con:wsaConfig mustUnderstand="NONE" version="200508" action="http://fidus.brussels/services/enterpriseservice/getEntity"/>
        <con:wsrmConfig version="1.2"/>
      </con:call>
      <con:call name="3 - Test - Worker2 - Request" outgoingWss="Outflow TEST" incomingWss="Inflow TEST" id="48e133b0-2a74-4c51-a5fb-0645896985ad">
        <con:settings>
          <con:setting id="com.eviware.soapui.impl.wsdl.WsdlRequest@request-headers">&lt;xml-fragment/></con:setting>
        </con:settings>
        <con:encoding>UTF-8</con:encoding>
        <con:endpoint>https://192.168.22.54:8443/services/EnterpriseDebtService_v1.0</con:endpoint>
        <con:request><![CDATA[<soapenv:Envelope xmlns:soapenv="http://schemas.xmlsoap.org/soap/envelope/" xmlns:v1="http://fidus.brussels/service/enterprisedebtservice/messages/v1" xmlns:v11="http://fidus.brussels/type/common/messages/v1">
   <soapenv:Header/>
   <soapenv:Body>
   <v1:checkDebtsRequest>
         <v1:messageContext>
            <v11:messageId>${=import static java.util.UUID.randomUUID; uuid = randomUUID() as String}</v11:messageId>
            <v11:timestamp>${=new java.text.SimpleDateFormat("yyyy-MM-dd'T'HH:mm:ss.SSS").format(new Date())}</v11:timestamp>
         </v1:messageContext>
         <v1:legalContext>ServiceIntegrator</v1:legalContext>
         <v1:request>
            <companyNumber>0240678477</companyNumber>
         </v1:request>
      </v1:checkDebtsRequest>
   </soapenv:Body>
</soapenv:Envelope>]]></con:request>
        <con:credentials>
          <con:selectedAuthProfile>Basic</con:selectedAuthProfile>
          <con:addedBasicAuthenticationTypes>Basic</con:addedBasicAuthenticationTypes>
          <con:authType>Global HTTP Settings</con:authType>
        </con:credentials>
        <con:jmsConfig JMSDeliveryMode="PERSISTENT"/>
        <con:jmsPropertyConfig/>
        <con:wsaConfig mustUnderstand="NONE" version="200508" action="http://fidus.brussels/services/enterpriseservice/getEntity"/>
        <con:wsrmConfig version="1.2"/>
      </con:call>
      
      
      
      
      
      
      
      
    </con:operation>
  </con:interface>
  <con:testSuite id="b645a2fb-452f-4201-853e-4eb46a6be202" name="DEV"><con:settings/><con:runType>SEQUENTIAL</con:runType><con:testCase id="328486fb-c7c0-41fd-a1c5-22883d7bdd3f" failOnError="true" failTestCaseOnErrors="true" keepSession="false" maxResults="0" name="checkDebts" searchProperties="true"><con:settings/><con:testStep type="request" id="abbfa1bc-ae79-492c-9242-5376411c700f" name="testcase2 - Dev - Request"><con:settings/><con:config xsi:type="con:RequestStep" xmlns:xsi="http://www.w3.org/2001/XMLSchema-instance"><con:interface>EnterpriseDebtServiceHTTPBinding</con:interface><con:operation>checkDebts</con:operation><con:request name="testcase2 - Dev - Request" id="ea3fd929-6ee6-44fc-88ba-57decec7ea35" outgoingWss="Outflow DEV"><con:settings/><con:encoding>UTF-8</con:encoding><con:endpoint>https://192.168.36.61:8243/services/EnterpriseDebtService_v1.0</con:endpoint><con:request><![CDATA[<soapenv:Envelope xmlns:soapenv="http://schemas.xmlsoap.org/soap/envelope/" xmlns:v1="http://fidus.brussels/service/enterprisedebtservice/messages/v1" xmlns:v11="http://fidus.brussels/type/common/messages/v1">
   <soapenv:Header/>
   <soapenv:Body>
   <v1:checkDebtsRequest>
         <v1:messageContext>
            <v11:messageId>${=import static java.util.UUID.randomUUID; uuid = randomUUID() as String}</v11:messageId>
            <v11:timestamp>${=new java.text.SimpleDateFormat("yyyy-MM-dd'T'HH:mm:ss.SSS").format(new Date())}</v11:timestamp>
         </v1:messageContext>
         <v1:legalContext>ServiceIntegrator</v1:legalContext>
         <v1:request>
            <companyNumber>0240678477</companyNumber>
         </v1:request>
      </v1:checkDebtsRequest>
   </soapenv:Body>
</soapenv:Envelope>]]></con:request><con:assertion type="SOAP Fault Assertion" id="50299526-ff1e-44bf-90d2-c3ff2c839a9c" name="Not SOAP Fault"/><con:assertion type="SOAP Response" id="d76470b4-bd34-4fd4-9e00-5eb52a00aea1" name="SOAP Response"/><con:assertion type="Schema Compliance" id="f9e13168-f068-4e76-9470-aaa32a0996d7" name="Schema Compliance"><con:configuration/></con:assertion><con:wsaConfig action="http://fidus.brussels/services/enterprisedebtservice/checkDebts"/></con:request></con:config></con:testStep><con:properties/></con:testCase><con:properties/></con:testSuite><con:testSuite id="9a23692d-caed-4de9-86a5-2079671c5a8e" name="TEST"><con:settings/><con:runType>SEQUENTIAL</con:runType><con:testCase id="71f13796-4cf9-426b-bcf8-a103d906d2b8" failOnError="true" failTestCaseOnErrors="true" keepSession="false" maxResults="0" name="checkDebts" searchProperties="true"><con:settings/><con:testStep type="request" id="ab41837e-18d2-468f-bffc-6d7b779ef693" name="testcase3 - Test - LB - Request"><con:settings/><con:config xsi:type="con:RequestStep" xmlns:xsi="http://www.w3.org/2001/XMLSchema-instance"><con:interface>EnterpriseDebtServiceHTTPBinding</con:interface><con:operation>checkDebts</con:operation><con:request name="testcase3 - Test - LB - Request" id="c71c2e1b-39c7-4102-ba20-b623ec9341a1" outgoingWss="Outflow TEST"><con:settings/><con:encoding>UTF-8</con:encoding><con:endpoint>https://esb-security-gw.sta.srv.cirb.lan:8443/services/EnterpriseDebtService_v1.0</con:endpoint><con:request><![CDATA[<soapenv:Envelope xmlns:soapenv="http://schemas.xmlsoap.org/soap/envelope/" xmlns:v1="http://fidus.brussels/service/enterprisedebtservice/messages/v1" xmlns:v11="http://fidus.brussels/type/common/messages/v1">
   <soapenv:Header/>
   <soapenv:Body>
   <v1:checkDebtsRequest>
         <v1:messageContext>
            <v11:messageId>${=import static java.util.UUID.randomUUID; uuid = randomUUID() as String}</v11:messageId>
            <v11:timestamp>${=new java.text.SimpleDateFormat("yyyy-MM-dd'T'HH:mm:ss.SSS").format(new Date())}</v11:timestamp>
         </v1:messageContext>
         <v1:legalContext>ServiceIntegrator</v1:legalContext>
         <v1:request>
            <companyNumber>0240678477</companyNumber>
         </v1:request>
      </v1:checkDebtsRequest>
   </soapenv:Body>
</soapenv:Envelope>]]></con:request><con:assertion type="SOAP Fault Assertion" id="ec31080f-88b6-4cf3-90ce-4593da2a290f" name="Not SOAP Fault"/><con:assertion type="SOAP Response" id="edf57b33-7df1-4c26-8ca1-639a607fd910" name="SOAP Response"/><con:assertion type="Schema Compliance" id="398af845-2433-466f-84ea-dd818c2e818c" name="Schema Compliance"><con:configuration/></con:assertion><con:wsaConfig action="http://fidus.brussels/services/enterprisedebtservice/checkDebts"/></con:request></con:config></con:testStep><con:testStep type="request" id="9c4d25b6-4df1-4dd5-8077-8a9bd618cc84" name="testcase3 - Test - External - Request"><con:settings/><con:config xsi:type="con:RequestStep" xmlns:xsi="http://www.w3.org/2001/XMLSchema-instance"><con:interface>EnterpriseDebtServiceHTTPBinding</con:interface><con:operation>checkDebts</con:operation><con:request name="testcase3 - Test - External - Request" id="af69f9c8-59ed-4f92-95f8-49d96ecac6e9" outgoingWss="Outflow TEST"><con:settings/><con:encoding>UTF-8</con:encoding><con:endpoint>https://fidus-test.irisnetlab.be/services/EnterpriseDebtService_v1.0</con:endpoint><con:request><![CDATA[<soapenv:Envelope xmlns:soapenv="http://schemas.xmlsoap.org/soap/envelope/" xmlns:v1="http://fidus.brussels/service/enterprisedebtservice/messages/v1" xmlns:v11="http://fidus.brussels/type/common/messages/v1">
   <soapenv:Header/>
   <soapenv:Body>
   <v1:checkDebtsRequest>
         <v1:messageContext>
            <v11:messageId>${=import static java.util.UUID.randomUUID; uuid = randomUUID() as String}</v11:messageId>
            <v11:timestamp>${=new java.text.SimpleDateFormat("yyyy-MM-dd'T'HH:mm:ss.SSS").format(new Date())}</v11:timestamp>
         </v1:messageContext>
         <v1:legalContext>ServiceIntegrator</v1:legalContext>
         <v1:request>
            <companyNumber>0240678477</companyNumber>
         </v1:request>
      </v1:checkDebtsRequest>
   </soapenv:Body>
</soapenv:Envelope>]]></con:request><con:assertion type="SOAP Fault Assertion" id="4279a648-e9b4-4411-94ad-eff6ee6c9a65" name="Not SOAP Fault"/><con:assertion type="SOAP Response" id="30e4f04d-db32-4a75-92ee-eb05b422fdf4" name="SOAP Response"/><con:assertion type="Schema Compliance" id="a0eac5d6-d846-4417-8f12-07141c54cbea" name="Schema Compliance"><con:configuration/></con:assertion><con:wsaConfig action="http://fidus.brussels/services/enterprisedebtservice/checkDebts"/></con:request></con:config></con:testStep><con:testStep type="request" id="94befcfd-9709-4a01-95a3-94c66371ebd2" name="testcase3 - Test - Worker1 - Request"><con:settings/><con:config xsi:type="con:RequestStep" xmlns:xsi="http://www.w3.org/2001/XMLSchema-instance"><con:interface>EnterpriseDebtServiceHTTPBinding</con:interface><con:operation>checkDebts</con:operation><con:request name="testcase3 - Test - Worker1 - Request" id="2a56c2ed-6459-45f4-9c5c-72c7f4d92723" outgoingWss="Outflow TEST"><con:settings/><con:encoding>UTF-8</con:encoding><con:endpoint>https://192.168.24.45:8443/services/EnterpriseDebtService_v1.0</con:endpoint><con:request><![CDATA[<soapenv:Envelope xmlns:soapenv="http://schemas.xmlsoap.org/soap/envelope/" xmlns:v1="http://fidus.brussels/service/enterprisedebtservice/messages/v1" xmlns:v11="http://fidus.brussels/type/common/messages/v1">
   <soapenv:Header/>
   <soapenv:Body>
   <v1:checkDebtsRequest>
         <v1:messageContext>
            <v11:messageId>${=import static java.util.UUID.randomUUID; uuid = randomUUID() as String}</v11:messageId>
            <v11:timestamp>${=new java.text.SimpleDateFormat("yyyy-MM-dd'T'HH:mm:ss.SSS").format(new Date())}</v11:timestamp>
         </v1:messageContext>
         <v1:legalContext>ServiceIntegrator</v1:legalContext>
         <v1:request>
            <companyNumber>0240678477</companyNumber>
         </v1:request>
      </v1:checkDebtsRequest>
   </soapenv:Body>
</soapenv:Envelope>]]></con:request><con:assertion type="SOAP Fault Assertion" id="1b00f940-aa20-4106-ac51-2808f5738825" name="Not SOAP Fault"/><con:assertion type="SOAP Response" id="90ac6cc2-13a0-478a-927c-3715c1925cb0" name="SOAP Response"/><con:assertion type="Schema Compliance" id="543275b2-a74a-48ff-9354-db1a5b9506e6" name="Schema Compliance"><con:configuration/></con:assertion><con:wsaConfig action="http://fidus.brussels/services/enterprisedebtservice/checkDebts"/></con:request></con:config></con:testStep><con:testStep type="request" id="50014ec1-09df-49af-898c-08def2165a67" name="testcase3 - Test - Worker2 - Request"><con:settings/><con:config xsi:type="con:RequestStep" xmlns:xsi="http://www.w3.org/2001/XMLSchema-instance"><con:interface>EnterpriseDebtServiceHTTPBinding</con:interface><con:operation>checkDebts</con:operation><con:request name="testcase3 - Test - Worker2 - Request" id="3120edf1-8dec-4f1c-900d-1e1cf6a85bcd" outgoingWss="Outflow TEST"><con:settings/><con:encoding>UTF-8</con:encoding><con:endpoint>https://192.168.24.51:8443/services/EnterpriseDebtService_v1.0</con:endpoint><con:request><![CDATA[<soapenv:Envelope xmlns:soapenv="http://schemas.xmlsoap.org/soap/envelope/" xmlns:v1="http://fidus.brussels/service/enterprisedebtservice/messages/v1" xmlns:v11="http://fidus.brussels/type/common/messages/v1">
   <soapenv:Header/>
   <soapenv:Body>
   <v1:checkDebtsRequest>
         <v1:messageContext>
            <v11:messageId>${=import static java.util.UUID.randomUUID; uuid = randomUUID() as String}</v11:messageId>
            <v11:timestamp>${=new java.text.SimpleDateFormat("yyyy-MM-dd'T'HH:mm:ss.SSS").format(new Date())}</v11:timestamp>
         </v1:messageContext>
         <v1:legalContext>ServiceIntegrator</v1:legalContext>
         <v1:request>
            <companyNumber>0240678477</companyNumber>
         </v1:request>
      </v1:checkDebtsRequest>
   </soapenv:Body>
</soapenv:Envelope>]]></con:request><con:assertion type="SOAP Fault Assertion" id="28331f10-3c5e-45de-ae1e-f8f50c800244" name="Not SOAP Fault"/><con:assertion type="SOAP Response" id="5aac7f87-f6c7-4238-800a-092413ddb2e6" name="SOAP Response"/><con:assertion type="Schema Compliance" id="f951c794-5baa-440b-97ec-d475ee51d3b9" name="Schema Compliance"><con:configuration/></con:assertion><con:wsaConfig action="http://fidus.brussels/services/enterprisedebtservice/checkDebts"/></con:request></con:config></con:testStep><con:properties/></con:testCase><con:properties/></con:testSuite><con:properties/>
  <con:wssContainer>
    
    
    
    
    
    
    
    
    
    
    
    
  <con:crypto><con:source>data/wso2/keystores/user-rajarshi.jks</con:source><con:password>test@fidus01</con:password><con:type>KEYSTORE</con:type></con:crypto><con:outgoing><con:name>Outflow DEV</con:name></con:outgoing><con:outgoing><con:name>Outflow TEST</con:name><con:entry type="Signature" username="testuser-test.fidus.brussels" password="test@fidus01"><con:configuration><crypto>user-rajarshi.jks</crypto><keyIdentifierType>3</keyIdentifierType><signatureAlgorithm/><signatureCanonicalization/><useSingleCert>true</useSingleCert><digestAlgorithm/><customTokenValueType/><customTokenId/></con:configuration></con:entry><con:entry type="Timestamp"><con:configuration><timeToLive>300000</timeToLive><strictTimestamp>true</strictTimestamp></con:configuration></con:entry></con:outgoing></con:wssContainer>
  <con:oAuth2ProfileContainer/>
  <con:oAuth1ProfileContainer/><con:sensitiveInformation/>
</con:soapui-project>