<?xml version="1.0" encoding="UTF-8"?>
<con:soapui-project id="2d65794a-e080-484f-a287-98c7e3b0cbb4" activeEnvironment="Default" name="Client-UrbanismPermitService-soapui-project" resourceRoot="" soapui-version="5.1.3" abortOnError="false" runType="SEQUENTIAL" xmlns:con="http://eviware.com/soapui/config">
  <con:settings/>
  
  <con:interface xsi:type="con:WsdlInterface" id="a5992d6c-1509-40d4-b336-f1cddf65bec7" wsaVersion="NONE" name="UrbanismPermitServiceHTTPBinding" type="wsdl" bindingName="{http://fidus.brussels/service/urbanismpermitservice/v1}UrbanismPermitServiceHTTPBinding" soapVersion="1_1" anonymous="optional" definition="file:/home/adussart/Projets/parent/urbanismpermitservice/UrbanismPermitServiceGateway/src/main/resources/wsdl/urbanismPermitService/1.0.0/UrbanismPermitService_v1.wsdl" xmlns:xsi="http://www.w3.org/2001/XMLSchema-instance"><con:settings/><con:definitionCache type="TEXT" rootPart="file:/home/adussart/Projets/parent/urbanismpermitservice/UrbanismPermitServiceGateway/src/main/resources/wsdl/urbanismPermitService/1.0.0/UrbanismPermitService_v1.wsdl"><con:part><con:url>file:/home/adussart/Projets/parent/urbanismpermitservice/UrbanismPermitServiceGateway/src/main/resources/wsdl/urbanismPermitService/1.0.0/UrbanismPermitService_v1.wsdl</con:url><con:content><![CDATA[<wsdl:definitions name="UrbanismPermitService" targetNamespace="http://fidus.brussels/service/urbanismpermitservice/v1" xsi:schemaLocation="http://schemas.xmlsoap.org/wsdl/                         http://schemas.xmlsoap.org/wsdl/                         http://www.w3.org/2001/XMLSchema                         http://www.w3.org/2001/XMLSchema.xsd" xmlns:xsd="http://www.w3.org/2001/XMLSchema" xmlns:wsdl="http://schemas.xmlsoap.org/wsdl/" xmlns:soap="http://schemas.xmlsoap.org/wsdl/soap/" xmlns:mes="http://fidus.brussels/service/urbanismpermitservice/messages/v1" xmlns:tns="http://fidus.brussels/service/urbanismpermitservice/v1" xmlns:xsi="http://www.w3.org/2001/XMLSchema-instance">/
  <xsd:annotation>
    <xsd:documentation>UrbanismPermitService WDSL v1.0.0</xsd:documentation>
  </xsd:annotation>
  <wsdl:types>
    <xsd:schema targetNamespace="http://fidus.brussels/service/urbanismpermitservice/v1" elementFormDefault="qualified">
      <xsd:import namespace="http://fidus.brussels/service/urbanismpermitservice/messages/v1" schemaLocation="messages/urbanismPermitServiceMessages_v1.xsd"/>
    </xsd:schema>
  </wsdl:types>
  <wsdl:message name="getUrbanismPermitServiceRequestMessage">
    <wsdl:part name="GetUrbanismPermitRequest" element="mes:getUrbanismPermitRequest"/>
  </wsdl:message>
  <wsdl:message name="getUrbanismPermitServiceResponseMessage">
    <wsdl:part name="GetUrbanismPermitResponse" element="mes:getUrbanismPermitResponse"/>
  </wsdl:message>
  <wsdl:portType name="UrbanismPermitServicePortType">
    <wsdl:operation name="getUrbanismPermit">
      <wsdl:input message="tns:getUrbanismPermitServiceRequestMessage"/>
      <wsdl:output message="tns:getUrbanismPermitServiceResponseMessage"/>
    </wsdl:operation>
  </wsdl:portType>
  <wsdl:binding name="UrbanismPermitServiceHTTPBinding" type="tns:UrbanismPermitServicePortType">
    <soap:binding style="document" transport="http://schemas.xmlsoap.org/soap/http"/>
    <wsdl:operation name="getUrbanismPermit">
      <soap:operation soapAction="http://fidus.brussels/services/urbanismpermitservice/getUrbanismPermitService"/>
      <wsdl:input>
        <soap:body use="literal"/>
      </wsdl:input>
      <wsdl:output>
        <soap:body use="literal"/>
      </wsdl:output>
    </wsdl:operation>
  </wsdl:binding>
  <wsdl:service name="UrbanismPermitService_v1">
    <wsdl:port name="UrbanismPermitService_v1" binding="tns:UrbanismPermitServiceHTTPBinding">
      <soap:address location="http://fidus.brussels/services/urbanismpermitservice/v1"/>
    </wsdl:port>
  </wsdl:service>
</wsdl:definitions>]]></con:content><con:type>http://schemas.xmlsoap.org/wsdl/</con:type></con:part><con:part><con:url>file:/home/adussart/Projets/parent/urbanismpermitservice/UrbanismPermitServiceGateway/src/main/resources/wsdl/urbanismPermitService/1.0.0/messages/urbanismPermitServiceMessages_v1.xsd</con:url><con:content><![CDATA[<xsd:schema targetNamespace="http://fidus.brussels/service/urbanismpermitservice/messages/v1" elementFormDefault="qualified" attributeFormDefault="unqualified" version="1.0" xmlns:xsd="http://www.w3.org/2001/XMLSchema" xmlns:cme="http://fidus.brussels/type/common/messages/v1" xmlns:exc="http://fidus.brussels/type/common/exceptions/v1" xmlns:tns="http://fidus.brussels/service/urbanismpermitservice/messages/v1" xmlns="http://ws.irisnet.be/ns/sprb/file">
  <xsd:import namespace="http://fidus.brussels/type/common/messages/v1" schemaLocation="baseMessageTypes_v1.xsd"/>
  <xsd:import namespace="http://fidus.brussels/type/common/exceptions/v1" schemaLocation="exceptionTypes_v1.xsd"/>
  <xsd:import namespace="http://ws.irisnet.be/ns/sprb/file" schemaLocation="../provider/files/NovaFiles-1.0.xsd"/>
  <xsd:complexType name="UrbanismPermitRequestType">
    <xsd:annotation>
      <xsd:documentation>List of the identifiers which are requested</xsd:documentation>
    </xsd:annotation>
    <xsd:sequence>
      <xsd:element name="ListOfIds" type="ListOfIds">
        <xsd:annotation>
          <xsd:documentation>List of ids</xsd:documentation>
        </xsd:annotation>
      </xsd:element>
    </xsd:sequence>
  </xsd:complexType>
  <!--Request getUrbanismPermit definition-->
  <xsd:complexType name="GetUrbanismPermitRequestType">
    <xsd:sequence>
      <xsd:element name="messageContext" type="cme:RequestMessageContextType"/>
      <xsd:element name="legalContext" type="cme:LegalContextType"/>
      <xsd:element name="request" type="tns:UrbanismPermitRequestType"/>
    </xsd:sequence>
  </xsd:complexType>
  <!--Request getUrbanismPermit definition-->
  <xsd:complexType name="GetUrbanismPermitResponseType">
    <xsd:sequence>
      <xsd:element name="messageContext" type="cme:ResponseMessageContextType"/>
      <xsd:element name="responses" type="tns:ResponsesType" minOccurs="0"/>
      <xsd:element name="exceptions" type="exc:ExceptionsType" minOccurs="0">
        <xsd:annotation>
          <xsd:documentation>Technical errors that occur when processing the message context e.g. insufficient rights.</xsd:documentation>
        </xsd:annotation>
      </xsd:element>
    </xsd:sequence>
  </xsd:complexType>
  <xsd:complexType name="ResponsesType">
    <xsd:sequence>
      <xsd:element name="response" type="tns:ResponseType" minOccurs="1" maxOccurs="1"/>
    </xsd:sequence>
  </xsd:complexType>
  <xsd:complexType name="ResponseType">
    <xsd:sequence>
      <xsd:element name="files" type="files"/>
    </xsd:sequence>
  </xsd:complexType>
  <xsd:element name="getUrbanismPermitRequest" type="tns:GetUrbanismPermitRequestType"/>
  <xsd:element name="getUrbanismPermitResponse" type="tns:GetUrbanismPermitResponseType"/>
</xsd:schema>]]></con:content><con:type>http://www.w3.org/2001/XMLSchema</con:type></con:part><con:part><con:url>file:/home/adussart/Projets/parent/urbanismpermitservice/UrbanismPermitServiceGateway/src/main/resources/wsdl/urbanismPermitService/1.0.0/messages/baseMessageTypes_v1.xsd</con:url><con:content><![CDATA[<xsd:schema targetNamespace="http://fidus.brussels/type/common/messages/v1" elementFormDefault="qualified" attributeFormDefault="unqualified" version="1.0" xmlns:xsd="http://www.w3.org/2001/XMLSchema" xmlns:cmn="http://fidus.brussels/type/common/v1" xmlns:tns="http://fidus.brussels/type/common/messages/v1">
  <!--Unformatted message Id-->
  <xsd:simpleType name="MessageIdType">
    <xsd:restriction base="xsd:string">
      <xsd:minLength value="1"/>
      <xsd:maxLength value="64"/>
    </xsd:restriction>
  </xsd:simpleType>
  <!--National Number of the person. Format depending on the Register-->
  <xsd:simpleType name="PersonNumberType">
    <xsd:restriction base="xsd:string">
      <xsd:pattern value="[0-9][0-9](([0][0-9])|([1][0-2]))(([0-2][0-9])|([3][0-1]))(([0-9]{2}[1-9])|([0-9][1-9][0-9])|([1-9][0-9]{2}))(([0-8][0-9])|([9][0-7]))">
        <xsd:annotation>
          <xsd:documentation>National Register format</xsd:documentation>
        </xsd:annotation>
      </xsd:pattern>
      <xsd:pattern value="[0-9][0-9](([2][0-9])|([3][0-2]))(([0-2][0-9])|([3][0-1]))[0-9]{3}(([0-8][0-9])|([9][0-7]))">
        <xsd:annotation>
          <xsd:documentation>CBSS Register format: Bis Register</xsd:documentation>
        </xsd:annotation>
      </xsd:pattern>
      <xsd:pattern value="[0-9][0-9](([4][0-9])|([5][0-2]))(([0-2][0-9])|([3][0-1]))[0-9]{3}(([0-8][0-9])|([9][0-7]))">
        <xsd:annotation>
          <xsd:documentation>CBSS Register format: Ter Register</xsd:documentation>
        </xsd:annotation>
      </xsd:pattern>
    </xsd:restriction>
  </xsd:simpleType>
  <!--Request message context-->
  <xsd:complexType name="RequestMessageContextType">
    <xsd:annotation>
      <xsd:documentation>Message context block generated by the consumer.</xsd:documentation>
    </xsd:annotation>
    <xsd:sequence>
      <xsd:element name="messageId" type="tns:MessageIdType">
        <xsd:annotation>
          <xsd:documentation>Consumer must assign their own MessageId reference for the request.</xsd:documentation>
        </xsd:annotation>
      </xsd:element>
      <xsd:element name="timestamp" type="xsd:dateTime" minOccurs="0">
        <xsd:annotation>
          <xsd:documentation>Timestamp when client sent request.</xsd:documentation>
        </xsd:annotation>
      </xsd:element>
    </xsd:sequence>
  </xsd:complexType>
  <!--Response message context-->
  <xsd:complexType name="ResponseMessageContextType">
    <xsd:annotation>
      <xsd:documentation>MessageContext block generated by fidus.</xsd:documentation>
    </xsd:annotation>
    <xsd:sequence>
      <xsd:element name="messageId" type="tns:MessageIdType">
        <xsd:annotation>
          <xsd:documentation>A unique identifier generated by fidus.</xsd:documentation>
        </xsd:annotation>
      </xsd:element>
      <xsd:element name="transactionId" type="tns:MessageIdType">
        <xsd:annotation>
          <xsd:documentation>A unique ID returned to the client for tracing purposes.</xsd:documentation>
        </xsd:annotation>
      </xsd:element>
      <xsd:element name="relatesTo" type="tns:MessageIdType" minOccurs="0">
        <xsd:annotation>
          <xsd:documentation>Optional field. The unique id of a previous batch file in this exchange Only used for responses.</xsd:documentation>
        </xsd:annotation>
      </xsd:element>
      <xsd:element name="timestamp" type="xsd:dateTime" minOccurs="0">
        <xsd:annotation>
          <xsd:documentation>Time reply sent by fidus.</xsd:documentation>
        </xsd:annotation>
      </xsd:element>
    </xsd:sequence>
  </xsd:complexType>
  <!--Legal Context : the finality of the Privacy Commission-->
  <xsd:simpleType name="LegalContextType">
    <xsd:restriction base="xsd:string">
      <xsd:minLength value="1"/>
      <xsd:maxLength value="64"/>
    </xsd:restriction>
  </xsd:simpleType>
  <xsd:complexType name="UserContextType">
    <xsd:annotation>
      <xsd:documentation>The user context defines information regarding the actual user performing a request.</xsd:documentation>
    </xsd:annotation>
    <xsd:sequence>
      <xsd:element name="language" type="xsd:language" nillable="true">
        <xsd:annotation>
          <xsd:documentation>The preferred language of the actual user performing the request.
                        This influences the language in which response elements are cast.</xsd:documentation>
        </xsd:annotation>
      </xsd:element>
    </xsd:sequence>
  </xsd:complexType>
</xsd:schema>]]></con:content><con:type>http://www.w3.org/2001/XMLSchema</con:type></con:part><con:part><con:url>file:/home/adussart/Projets/parent/urbanismpermitservice/UrbanismPermitServiceGateway/src/main/resources/wsdl/urbanismPermitService/1.0.0/messages/exceptionTypes_v1.xsd</con:url><con:content><![CDATA[<xsd:schema targetNamespace="http://fidus.brussels/type/common/exceptions/v1" elementFormDefault="qualified" attributeFormDefault="unqualified" version="1.0" xmlns:xsd="http://www.w3.org/2001/XMLSchema" xmlns:tns="http://fidus.brussels/type/common/exceptions/v1">
  <!--Basic error typed-->
  <xsd:complexType name="ExceptionsType">
    <xsd:sequence>
      <xsd:element name="exception" type="tns:ExceptionType" maxOccurs="unbounded"/>
    </xsd:sequence>
  </xsd:complexType>
  <xsd:complexType name="ExceptionType">
    <xsd:sequence>
      <xsd:element name="type" type="tns:ExceptionClassType"/>
      <xsd:element name="code" type="tns:ExceptionCodeType"/>
      <xsd:element name="source" type="tns:ExceptionSourceType"/>
      <xsd:element name="description" type="tns:ExceptionDescriptionType"/>
    </xsd:sequence>
  </xsd:complexType>
  <xsd:simpleType name="ExceptionClassType">
    <xsd:restriction base="xsd:string">
      <xsd:enumeration value="ERROR"/>
      <xsd:enumeration value="WARNING"/>
      <xsd:enumeration value="INFO"/>
    </xsd:restriction>
  </xsd:simpleType>
  <xsd:simpleType name="ExceptionCodeType">
    <xsd:restriction base="xsd:string">
      <xsd:maxLength value="20"/>
    </xsd:restriction>
  </xsd:simpleType>
  <xsd:simpleType name="ExceptionSourceType">
    <xsd:restriction base="xsd:string">
      <xsd:maxLength value="20"/>
    </xsd:restriction>
  </xsd:simpleType>
  <xsd:simpleType name="ExceptionDescriptionType">
    <xsd:restriction base="xsd:string"/>
  </xsd:simpleType>
</xsd:schema>]]></con:content><con:type>http://www.w3.org/2001/XMLSchema</con:type></con:part><con:part><con:url>file:/home/adussart/Projets/parent/urbanismpermitservice/UrbanismPermitServiceGateway/src/main/resources/wsdl/urbanismPermitService/1.0.0/provider/files/NovaFiles-1.0.xsd</con:url><con:content><![CDATA[<xs:schema targetNamespace="http://ws.irisnet.be/ns/sprb/file" version="1.0" xmlns:xs="http://www.w3.org/2001/XMLSchema" xmlns:ns1="http://ws.irisnet.be/ns/sprb/file">
  <xs:element name="ListOfIds" type="ns1:ListOfIds"/>
  <xs:element name="files" type="ns1:files"/>
  <xs:complexType name="ListOfIds">
    <xs:sequence>
      <xs:element name="id" type="ns1:id" minOccurs="1" maxOccurs="unbounded" nillable="false"/>
    </xs:sequence>
  </xs:complexType>
  <xs:complexType name="files">
    <xs:sequence>
      <xs:element name="file" type="ns1:file" minOccurs="0" maxOccurs="unbounded"/>
    </xs:sequence>
  </xs:complexType>
  <xs:complexType name="file">
    <xs:sequence>
      <xs:element name="fileId" type="xs:string" minOccurs="0"/>
      <xs:element name="fileManagerMail" type="xs:string" minOccurs="0"/>
      <xs:element name="fileManagerName" type="xs:string" minOccurs="0"/>
      <xs:element name="fileManagerPhone" type="xs:string" minOccurs="0"/>
      <xs:element name="requesterAddress" type="xs:string" minOccurs="0"/>
      <xs:element name="requesterName" type="xs:string" minOccurs="0"/>
      <xs:element name="requesterZipcode" type="xs:string" minOccurs="0"/>
    </xs:sequence>
  </xs:complexType>
  <xs:simpleType name="id">
    <xs:restriction base="xs:string">
      <xs:pattern value="[0-9]{1,}"/>
    </xs:restriction>
  </xs:simpleType>
</xs:schema>]]></con:content><con:type>http://www.w3.org/2001/XMLSchema</con:type></con:part></con:definitionCache><con:endpoints><con:endpoint>https://192.168.22.53:8443/services/UrbanismPermitService_v1.0</con:endpoint><con:endpoint>https://192.168.22.54:8443/services/UrbanismPermitService_v1.0</con:endpoint><con:endpoint>https://192.168.24.16:8443/services/UrbanismPermitService_v1.0</con:endpoint><con:endpoint>https://192.168.24.17:8443/services/UrbanismPermitService_v1.0</con:endpoint><con:endpoint>https://192.168.26.19:8443/services/UrbanismPermitService_v1.0</con:endpoint><con:endpoint>https://192.168.26.22:8443/services/UrbanismPermitService_v1.0</con:endpoint><con:endpoint>https://192.168.36.61:8243/services/UrbanismPermitService_v1.0</con:endpoint><con:endpoint>https://esb-security-gw.sta.srv.cirb.lan:8443/services/UrbanismPermitService_v1.0</con:endpoint><con:endpoint>https://fidus-esb-sg.prd.srv.cirb.lan:8443/services/UrbanismPermitService_v1.0</con:endpoint><con:endpoint>https://fidus-esb-sg.sta.srv.cirb.lan:8443/services/UrbanismPermitService_v1.0</con:endpoint><con:endpoint>https://fidus-test.irisnetlab.be/services/UrbanismPermitService_v1.0</con:endpoint><con:endpoint>https://fidus.irisnetlab.be/services/UrbanismPermitService_v1.0</con:endpoint><con:endpoint>https://fidus.sec.brussels/services/UrbanismPermitService_v1.0</con:endpoint><con:endpoint>https://localhost:8243/services/UrbanismPermitService_v1.0</con:endpoint></con:endpoints><con:operation id="ff673dc1-40fa-44d8-a1dd-b32b4f27808b" isOneWay="false" action="http://fidus.brussels/services/urbanismpermitservice/getUrbanismPermitService" name="getUrbanismPermit" bindingOperationName="getUrbanismPermit" type="Request-Response" inputName="" receivesAttachments="false" sendsAttachments="false" anonymous="optional"><con:settings/><con:call id="cf9de979-258c-4061-af40-a78a7a7afce8" name="Request2" outgoingWss="Outflow DEV" incomingWss=""><con:settings><con:setting id="com.eviware.soapui.impl.wsdl.WsdlRequest@request-headers">&lt;xml-fragment/></con:setting></con:settings><con:encoding>UTF-8</con:encoding><con:endpoint>https://192.168.22.53:8443/services/UrbanismPermitService_v1.0</con:endpoint><con:request><![CDATA[<soapenv:Envelope xmlns:soapenv="http://schemas.xmlsoap.org/soap/envelope/" xmlns:v1="http://fidus.brussels/service/urbanismpermitservice/messages/v1" xmlns:v11="http://fidus.brussels/type/common/messages/v1">
   <soapenv:Header/>
   <soapenv:Body>
      <v1:getUrbanismPermitRequest>
            <v1:messageContext>
                <v11:messageId>${=import static java.util.UUID.randomUUID; uuid = randomUUID() as String}</v11:messageId>
                <v11:timestamp>${=new java.text.SimpleDateFormat("yyyy-MM-dd'T'HH:mm:ss.SSS").format(new Date())}</v11:timestamp>
            </v1:messageContext>
            <v1:legalContext>ServiceIntegrator</v1:legalContext>
         <v1:request>
            <v1:ListOfIds>
			<id>738631</id>
			<id>738630</id>
			<id>738629</id>
			<id>738628</id>
			<id>738626</id>
            </v1:ListOfIds>
         </v1:request>
      </v1:getUrbanismPermitRequest>
   </soapenv:Body>
</soapenv:Envelope>]]></con:request><con:credentials><con:username xsi:nil="true"/><con:password xsi:nil="true"/><con:domain xsi:nil="true"/><con:selectedAuthProfile>Basic</con:selectedAuthProfile><con:addedBasicAuthenticationTypes>Basic</con:addedBasicAuthenticationTypes><con:preemptive>false</con:preemptive><con:authType>Global HTTP Settings</con:authType></con:credentials><con:jmsConfig JMSDeliveryMode="PERSISTENT"/><con:jmsPropertyConfig/><con:wsaConfig mustUnderstand="NONE" version="200508" action="http://fidus.brussels/services/urbanismpermitservice/getUrbanismPermitService"/><con:wsrmConfig version="1.2"/></con:call><con:call id="733808d1-8b69-41f3-8e70-8c694927a0f5" name="Request1" outgoingWss="Outflow DEV" incomingWss=""><con:settings><con:setting id="com.eviware.soapui.impl.wsdl.WsdlRequest@request-headers">&lt;xml-fragment/></con:setting></con:settings><con:encoding>UTF-8</con:encoding><con:endpoint>https://192.168.36.61:8243/services/UrbanismPermitService_v1.0</con:endpoint><con:request><![CDATA[<soapenv:Envelope xmlns:soapenv="http://schemas.xmlsoap.org/soap/envelope/" xmlns:v1="http://fidus.brussels/service/urbanismpermitservice/messages/v1" xmlns:v11="http://fidus.brussels/type/common/messages/v1">
   <soapenv:Header/>
   <soapenv:Body>
      <v1:getUrbanismPermitRequest>
         <v1:messageContext>
            <v11:messageId>${=import static java.util.UUID.randomUUID; uuid = randomUUID() as String}</v11:messageId>
            <v11:timestamp>${=new java.text.SimpleDateFormat("yyyy-MM-dd'T'HH:mm:ss.SSS").format(new Date())}</v11:timestamp>
         </v1:messageContext>
         <v1:legalContext>ServiceIntegrator</v1:legalContext>
         <v1:request>
            <v1:ListOfIds>
               <id>7130</id>
               <id>607497</id>
            </v1:ListOfIds>
         </v1:request>
      </v1:getUrbanismPermitRequest>
   </soapenv:Body>
</soapenv:Envelope>]]></con:request><con:credentials><con:username xsi:nil="true"/><con:password xsi:nil="true"/><con:domain xsi:nil="true"/><con:selectedAuthProfile>Basic</con:selectedAuthProfile><con:addedBasicAuthenticationTypes>Basic</con:addedBasicAuthenticationTypes><con:authType>Global HTTP Settings</con:authType></con:credentials><con:jmsConfig JMSDeliveryMode="PERSISTENT"/><con:jmsPropertyConfig/><con:wsaConfig mustUnderstand="NONE" version="200508" action="http://fidus.brussels/services/urbanismpermitservice/getUrbanismPermitService"/><con:wsrmConfig version="1.2"/></con:call></con:operation></con:interface><con:properties/>
  <con:wssContainer>
    
    
    
    
    
    
    
    
    
    
    
    
    
    
    
    
  <con:crypto><con:source>data/wso2/keystores/user-rajarshi.jks</con:source><con:password>test@fidus01</con:password><con:type>KEYSTORE</con:type></con:crypto></con:wssContainer>
  <con:oAuth2ProfileContainer/>
  <con:oAuth1ProfileContainer/><con:sensitiveInformation/>
</con:soapui-project>