<?xml version="1.0" encoding="UTF-8"?>
<con:soapui-project id="57978340-0dac-48cb-adc4-df9a8fcc0e2f" activeEnvironment="Default" name="Client-EuropeanDisabilityCardService-soapui-project" resourceRoot="" soapui-version="5.1.3" abortOnError="false" runType="SEQUENTIAL" xmlns:con="http://eviware.com/soapui/config"><con:settings/><con:interface xsi:type="con:WsdlInterface" id="d99e6105-6c75-414e-a6e2-0f24b1a6a6af" wsaVersion="NONE" name="EuropeanDisabilityCardServiceHTTPBinding" type="wsdl" bindingName="{http://fidus.brussels/service/europeandisabilitycardservice/v2}EuropeanDisabilityCardServiceHTTPBinding" soapVersion="1_1" anonymous="optional" definition="file:/home/admin/projects/fidus/europeandisabilitycardservice_v2/EuropeanDisabilityCardServiceGateway/src/main/resources/wsdl/europeanDisabilityCardService/2.0.0/EuropeanDisabilityCardService_v2.wsdl" xmlns:xsi="http://www.w3.org/2001/XMLSchema-instance"><con:settings/><con:definitionCache type="TEXT" rootPart="file:/home/admin/projects/fidus/europeandisabilitycardservice_v2/EuropeanDisabilityCardServiceGateway/src/main/resources/wsdl/europeanDisabilityCardService/2.0.0/EuropeanDisabilityCardService_v2.wsdl"><con:part><con:url>file:/home/admin/projects/fidus/europeandisabilitycardservice_v2/EuropeanDisabilityCardServiceGateway/src/main/resources/wsdl/europeanDisabilityCardService/2.0.0/EuropeanDisabilityCardService_v2.wsdl</con:url><con:content><![CDATA[<wsdl:definitions targetNamespace="http://fidus.brussels/service/europeandisabilitycardservice/v2" name="EuropeanDisabilityCardService" xmlns:soap="http://schemas.xmlsoap.org/wsdl/soap/" xmlns:wsdl="http://schemas.xmlsoap.org/wsdl/" xmlns:xsd="http://www.w3.org/2001/XMLSchema" xmlns:mes="http://fidus.brussels/service/europeandisabilitycardservice/messages/v2" xmlns:tns="http://fidus.brussels/service/europeandisabilitycardservice/v2">
  <xsd:annotation>
    <xsd:documentation>EuropeanDisabilityCardService WDSL v2.</xsd:documentation>
  </xsd:annotation>
  <wsdl:types>
    <xsd:schema targetNamespace="http://fidus.brussels/service/europeandisabilitycardservice/v2" elementFormDefault="qualified">
      <xsd:import namespace="http://fidus.brussels/service/europeandisabilitycardservice/messages/v2" schemaLocation="messages/europeanDisabilityCardServiceMessages_v2.xsd"/>
    </xsd:schema>
  </wsdl:types>
  <wsdl:message name="consultActiveCardsRequestMessage">
    <wsdl:part name="ConsultActiveCardsRequest" element="mes:consultActiveCardsRequest"/>
  </wsdl:message>
  <wsdl:message name="consultActiveCardsResponseMessage">
    <wsdl:part name="ConsultActiveCardsResponse" element="mes:consultActiveCardsResponse"/>
  </wsdl:message>
  <wsdl:message name="consultAllCardsRequestMessage">
    <wsdl:part name="ConsultAllCardsRequest" element="mes:consultAllCardsRequest"/>
  </wsdl:message>
  <wsdl:message name="consultAllCardsResponseMessage">
    <wsdl:part name="ConsultAllCardsResponse" element="mes:consultAllCardsResponse"/>
  </wsdl:message>
  <wsdl:message name="createCardRequestMessage">
    <wsdl:part name="CreateCardRequest" element="mes:createCardRequest"/>
  </wsdl:message>
  <wsdl:message name="createCardResponseMessage">
    <wsdl:part name="CreateCardResponse" element="mes:createCardResponse"/>
  </wsdl:message>
  <wsdl:message name="stopOrCancelCardRequestMessage">
    <wsdl:part name="StopOrCancelCardRequest" element="mes:stopOrCancelCardRequest"/>
  </wsdl:message>
  <wsdl:message name="stopOrCancelCardResponseMessage">
    <wsdl:part name="StopOrCancelCardResponse" element="mes:stopOrCancelCardResponse"/>
  </wsdl:message>
  <wsdl:portType name="EuropeanDisabilityCardServicePortType">
    <wsdl:operation name="consultActiveCards">
      <wsdl:input message="tns:consultActiveCardsRequestMessage"/>
      <wsdl:output message="tns:consultActiveCardsResponseMessage"/>
    </wsdl:operation>
    <wsdl:operation name="consultAllCards">
      <wsdl:input message="tns:consultAllCardsRequestMessage"/>
      <wsdl:output message="tns:consultAllCardsResponseMessage"/>
    </wsdl:operation>
    <wsdl:operation name="createCard">
      <wsdl:input message="tns:createCardRequestMessage"/>
      <wsdl:output message="tns:createCardResponseMessage"/>
    </wsdl:operation>
    <wsdl:operation name="stopOrCancelCard">
      <wsdl:input message="tns:stopOrCancelCardRequestMessage"/>
      <wsdl:output message="tns:stopOrCancelCardResponseMessage"/>
    </wsdl:operation>
  </wsdl:portType>
  <wsdl:binding name="EuropeanDisabilityCardServiceHTTPBinding" type="tns:EuropeanDisabilityCardServicePortType">
    <soap:binding style="document" transport="http://schemas.xmlsoap.org/soap/http"/>
    <wsdl:operation name="consultActiveCards">
      <soap:operation soapAction="http://fidus.brussels/services/europeandisabilitycardservice/consultActiveCards"/>
      <wsdl:input>
        <soap:body use="literal"/>
      </wsdl:input>
      <wsdl:output>
        <soap:body use="literal"/>
      </wsdl:output>
    </wsdl:operation>
    <wsdl:operation name="consultAllCards">
      <soap:operation soapAction="http://fidus.brussels/services/europeandisabilitycardservice/consultAllCards"/>
      <wsdl:input>
        <soap:body use="literal"/>
      </wsdl:input>
      <wsdl:output>
        <soap:body use="literal"/>
      </wsdl:output>
    </wsdl:operation>
    <wsdl:operation name="createCard">
      <soap:operation soapAction="http://fidus.brussels/services/europeandisabilitycardservice/createCard"/>
      <wsdl:input>
        <soap:body use="literal"/>
      </wsdl:input>
      <wsdl:output>
        <soap:body use="literal"/>
      </wsdl:output>
    </wsdl:operation>
    <wsdl:operation name="stopOrCancelCard">
      <soap:operation soapAction="http://fidus.brussels/services/europeandisabilitycardservice/stopOrCancelCard"/>
      <wsdl:input>
        <soap:body use="literal"/>
      </wsdl:input>
      <wsdl:output>
        <soap:body use="literal"/>
      </wsdl:output>
    </wsdl:operation>
  </wsdl:binding>
  <wsdl:service name="EuropeanDisabilityCardService_v2">
    <wsdl:port name="EuropeanDisabilityCardService_v2" binding="tns:EuropeanDisabilityCardServiceHTTPBinding">
      <soap:address location="http://fidus.brussels/services/europeandisabilitycardservice/v2"/>
    </wsdl:port>
  </wsdl:service>
</wsdl:definitions>]]></con:content><con:type>http://schemas.xmlsoap.org/wsdl/</con:type></con:part><con:part><con:url>file:/home/admin/projects/fidus/europeandisabilitycardservice_v2/EuropeanDisabilityCardServiceGateway/src/main/resources/wsdl/europeanDisabilityCardService/2.0.0/messages/europeanDisabilityCardServiceMessages_v2.xsd</con:url><con:content><![CDATA[<xsd:schema targetNamespace="http://fidus.brussels/service/europeandisabilitycardservice/messages/v2" elementFormDefault="qualified" attributeFormDefault="unqualified" version="1.0" xmlns:xsd="http://www.w3.org/2001/XMLSchema" xmlns:cme="http://fidus.brussels/type/common/messages/v1" xmlns:exc="http://fidus.brussels/type/common/exceptions/v1" xmlns:card="http://kszbcss.fgov.be/types/EuropeanDisabilityCard/v1" xmlns:edccommon="http://kszbcss.fgov.be/types/EuropeanDisabilityCard/common/v1" xmlns:common="http://kszbcss.fgov.be/types/common/v3" xmlns:tns="http://fidus.brussels/service/europeandisabilitycardservice/messages/v2">
  <xsd:import namespace="http://fidus.brussels/type/common/messages/v1" schemaLocation="baseMessageTypes_v1.xsd"/>
  <xsd:import namespace="http://fidus.brussels/type/common/exceptions/v1" schemaLocation="exceptionTypes_v1.xsd"/>
  <xsd:import namespace="http://kszbcss.fgov.be/types/common/v3" schemaLocation="../common/CommonV3.xsd"/>
  <xsd:import namespace="http://kszbcss.fgov.be/types/EuropeanDisabilityCard/v1" schemaLocation="../EuropeanDisabilityCard/EuropeanDisabilityCardV1.xsd"/>
  <xsd:import namespace="http://kszbcss.fgov.be/types/EuropeanDisabilityCard/common/v1" schemaLocation="../EuropeanDisabilityCard/common/EuropeanDisabilityCardCommonv1.xsd"/>
  <!--Request ConsultActiveCards definition-->
  <xsd:complexType name="ConsultActiveCardsRequestType">
    <xsd:sequence>
      <xsd:element name="messageContext" type="cme:RequestMessageContextType"/>
      <xsd:element name="legalContext" type="cme:LegalContextType"/>
      <xsd:element name="request" type="tns:ActiveCardsRequestType"/>
    </xsd:sequence>
  </xsd:complexType>
  <xsd:complexType name="ActiveCardsRequestType">
    <xsd:sequence>
      <xsd:element name="ssin" type="common:SsinType"/>
      <xsd:element name="referenceDate" type="xsd:date" minOccurs="0">
        <xsd:annotation>
          <xsd:documentation>When absent, the system date is considered to be the date of reference.</xsd:documentation>
        </xsd:annotation>
      </xsd:element>
    </xsd:sequence>
  </xsd:complexType>
  <xsd:complexType name="ConsultActiveCardsResponseType">
    <xsd:sequence>
      <xsd:element name="messageContext" type="cme:ResponseMessageContextType"/>
      <xsd:element name="responses" type="tns:ActiveCardsResponsesType" minOccurs="0"/>
      <xsd:element name="exceptions" type="exc:ExceptionsType" minOccurs="0">
        <xsd:annotation>
          <xsd:documentation>Technical errors that occur when processing the message context e.g. insufficient rights.</xsd:documentation>
        </xsd:annotation>
      </xsd:element>
    </xsd:sequence>
  </xsd:complexType>
  <xsd:complexType name="ActiveCardsResponsesType">
    <xsd:sequence>
      <xsd:element name="response" type="tns:ActiveCardsResponseType" minOccurs="1" maxOccurs="1"/>
    </xsd:sequence>
  </xsd:complexType>
  <xsd:complexType name="ActiveCardsResponseType">
    <xsd:sequence>
      <xsd:element name="status" type="common:StatusType"/>
      <xsd:element name="activeCards" type="card:ActiveCardsType" minOccurs="0"/>
    </xsd:sequence>
  </xsd:complexType>
  <!--Request consultAllCards definition-->
  <xsd:complexType name="ConsultAllCardsRequestType">
    <xsd:sequence>
      <xsd:element name="messageContext" type="cme:RequestMessageContextType"/>
      <xsd:element name="legalContext" type="cme:LegalContextType"/>
      <xsd:element name="request" type="tns:AllCardsRequestType"/>
    </xsd:sequence>
  </xsd:complexType>
  <xsd:complexType name="AllCardsRequestType">
    <xsd:sequence>
      <xsd:element name="ssin" type="common:SsinType"/>
    </xsd:sequence>
  </xsd:complexType>
  <xsd:complexType name="ConsultAllCardsResponseType">
    <xsd:sequence>
      <xsd:element name="messageContext" type="cme:ResponseMessageContextType"/>
      <xsd:element name="responses" type="tns:AllCardsResponsesType" minOccurs="0"/>
      <xsd:element name="exceptions" type="exc:ExceptionsType" minOccurs="0">
        <xsd:annotation>
          <xsd:documentation>Technical errors that occur when processing the message context e.g. insufficient rights.</xsd:documentation>
        </xsd:annotation>
      </xsd:element>
    </xsd:sequence>
  </xsd:complexType>
  <xsd:complexType name="AllCardsResponsesType">
    <xsd:sequence>
      <xsd:element name="response" type="tns:AllCardsResponseType" minOccurs="1" maxOccurs="1"/>
    </xsd:sequence>
  </xsd:complexType>
  <xsd:complexType name="AllCardsResponseType">
    <xsd:sequence>
      <xsd:element name="status" type="common:StatusType"/>
      <xsd:element name="allCards" type="card:AllCardsType" minOccurs="0"/>
    </xsd:sequence>
  </xsd:complexType>
  <!--Request createCard definition-->
  <xsd:complexType name="CreateCardRequestType">
    <xsd:sequence>
      <xsd:element name="messageContext" type="cme:RequestMessageContextType"/>
      <xsd:element name="legalContext" type="cme:LegalContextType"/>
      <xsd:element name="request" type="tns:NewCardRequestType"/>
    </xsd:sequence>
  </xsd:complexType>
  <xsd:complexType name="NewCardRequestType">
    <xsd:sequence>
      <xsd:element name="ssin" type="common:SsinType"/>
      <xsd:element name="emittingPartner" type="common:EnterpriseNumberType"/>
      <xsd:element name="language" type="common:LanguageType"/>
      <xsd:element name="forceCreation" type="xsd:boolean" default="false"/>
    </xsd:sequence>
  </xsd:complexType>
  <xsd:complexType name="CreateCardResponseType">
    <xsd:sequence>
      <xsd:element name="messageContext" type="cme:ResponseMessageContextType"/>
      <xsd:element name="responses" type="tns:NewCardResponsesType" minOccurs="0"/>
      <xsd:element name="exceptions" type="exc:ExceptionsType" minOccurs="0">
        <xsd:annotation>
          <xsd:documentation>Technical errors that occur when processing the message context e.g. insufficient rights.</xsd:documentation>
        </xsd:annotation>
      </xsd:element>
    </xsd:sequence>
  </xsd:complexType>
  <xsd:complexType name="NewCardResponsesType">
    <xsd:sequence>
      <xsd:element name="response" type="tns:NewCardResponseType" minOccurs="1" maxOccurs="1"/>
    </xsd:sequence>
  </xsd:complexType>
  <xsd:complexType name="NewCardResponseType">
    <xsd:sequence>
      <xsd:element name="status" type="common:StatusType"/>
      <xsd:element name="newCard" type="card:NewCardType" minOccurs="0"/>
      <xsd:element name="otherActiveCards" type="card:ActiveCardsType" minOccurs="0"/>
      <xsd:element name="otherStoppedOrCancelledCards" type="card:StoppedOrCanceledCardsType" minOccurs="0"/>
    </xsd:sequence>
  </xsd:complexType>
  <!--Request stopOrCancelCard definition-->
  <xsd:complexType name="StopOrCancelCardRequestType">
    <xsd:sequence>
      <xsd:element name="messageContext" type="cme:RequestMessageContextType"/>
      <xsd:element name="legalContext" type="cme:LegalContextType"/>
      <xsd:element name="request" type="tns:StopCancelCardRequestType"/>
    </xsd:sequence>
  </xsd:complexType>
  <xsd:complexType name="StopCancelCardRequestType">
    <xsd:sequence>
      <xsd:element name="cardNumber" type="edccommon:CardNumberType"/>
      <xsd:element name="emittingPartner" type="common:EnterpriseNumberType"/>
    </xsd:sequence>
  </xsd:complexType>
  <xsd:complexType name="StopOrCancelCardResponseType">
    <xsd:sequence>
      <xsd:element name="messageContext" type="cme:ResponseMessageContextType"/>
      <xsd:element name="responses" type="tns:StopCancelCardResponsesType" minOccurs="0"/>
      <xsd:element name="exceptions" type="exc:ExceptionsType" minOccurs="0">
        <xsd:annotation>
          <xsd:documentation>Technical errors that occur when processing the message context e.g. insufficient rights.</xsd:documentation>
        </xsd:annotation>
      </xsd:element>
    </xsd:sequence>
  </xsd:complexType>
  <xsd:complexType name="StopCancelCardResponsesType">
    <xsd:sequence>
      <xsd:element name="response" type="tns:StopCancelCardResponseType" minOccurs="0" maxOccurs="1"/>
    </xsd:sequence>
  </xsd:complexType>
  <xsd:complexType name="StopCancelCardResponseType">
    <xsd:sequence>
      <xsd:element name="status" type="common:StatusType"/>
      <xsd:element name="result" type="card:StopOrCancelCardResultType" minOccurs="0"/>
    </xsd:sequence>
  </xsd:complexType>
  <!--Element of the request and the response-->
  <xsd:element name="consultActiveCardsRequest" type="tns:ConsultActiveCardsRequestType"/>
  <xsd:element name="consultActiveCardsResponse" type="tns:ConsultActiveCardsResponseType"/>
  <xsd:element name="consultAllCardsRequest" type="tns:ConsultAllCardsRequestType"/>
  <xsd:element name="consultAllCardsResponse" type="tns:ConsultAllCardsResponseType"/>
  <xsd:element name="createCardRequest" type="tns:CreateCardRequestType"/>
  <xsd:element name="createCardResponse" type="tns:CreateCardResponseType"/>
  <xsd:element name="stopOrCancelCardRequest" type="tns:StopOrCancelCardRequestType"/>
  <xsd:element name="stopOrCancelCardResponse" type="tns:StopOrCancelCardResponseType"/>
</xsd:schema>]]></con:content><con:type>http://www.w3.org/2001/XMLSchema</con:type></con:part><con:part><con:url>file:/home/admin/projects/fidus/europeandisabilitycardservice_v2/EuropeanDisabilityCardServiceGateway/src/main/resources/wsdl/europeanDisabilityCardService/2.0.0/messages/baseMessageTypes_v1.xsd</con:url><con:content><![CDATA[<xsd:schema targetNamespace="http://fidus.brussels/type/common/messages/v1" elementFormDefault="qualified" attributeFormDefault="unqualified" version="1.0" xmlns:xsd="http://www.w3.org/2001/XMLSchema" xmlns:cmn="http://fidus.brussels/type/common/v1" xmlns:tns="http://fidus.brussels/type/common/messages/v1">
  <!--Unformatted message Id-->
  <xsd:simpleType name="MessageIdType">
    <xsd:restriction base="xsd:string">
      <xsd:minLength value="1"/>
      <xsd:maxLength value="64"/>
    </xsd:restriction>
  </xsd:simpleType>
  <!--National Number of the person. Format depending on the Register-->
  <xsd:simpleType name="PersonNumberType">
    <xsd:restriction base="xsd:string">
      <xsd:pattern value="[0-9][0-9](([0][0-9])|([1][0-2]))(([0-2][0-9])|([3][0-1]))(([0-9]{2}[1-9])|([0-9][1-9][0-9])|([1-9][0-9]{2}))(([0-8][0-9])|([9][0-7]))">
        <xsd:annotation>
          <xsd:documentation>National Register format</xsd:documentation>
        </xsd:annotation>
      </xsd:pattern>
      <xsd:pattern value="[0-9][0-9](([2][0-9])|([3][0-2]))(([0-2][0-9])|([3][0-1]))[0-9]{3}(([0-8][0-9])|([9][0-7]))">
        <xsd:annotation>
          <xsd:documentation>CBSS Register format: Bis Register</xsd:documentation>
        </xsd:annotation>
      </xsd:pattern>
      <xsd:pattern value="[0-9][0-9](([4][0-9])|([5][0-2]))(([0-2][0-9])|([3][0-1]))[0-9]{3}(([0-8][0-9])|([9][0-7]))">
        <xsd:annotation>
          <xsd:documentation>CBSS Register format: Ter Register</xsd:documentation>
        </xsd:annotation>
      </xsd:pattern>
    </xsd:restriction>
  </xsd:simpleType>
  <!--Request message context-->
  <xsd:complexType name="RequestMessageContextType">
    <xsd:annotation>
      <xsd:documentation>Message context block generated by the consumer.</xsd:documentation>
    </xsd:annotation>
    <xsd:sequence>
      <xsd:element name="messageId" type="tns:MessageIdType">
        <xsd:annotation>
          <xsd:documentation>Consumer must assign their own MessageId reference for the request.</xsd:documentation>
        </xsd:annotation>
      </xsd:element>
      <xsd:element name="timestamp" type="xsd:dateTime" minOccurs="0">
        <xsd:annotation>
          <xsd:documentation>Timestamp when client sent request.</xsd:documentation>
        </xsd:annotation>
      </xsd:element>
    </xsd:sequence>
  </xsd:complexType>
  <!--Response message context-->
  <xsd:complexType name="ResponseMessageContextType">
    <xsd:annotation>
      <xsd:documentation>MessageContext block generated by fidus.</xsd:documentation>
    </xsd:annotation>
    <xsd:sequence>
      <xsd:element name="messageId" type="tns:MessageIdType">
        <xsd:annotation>
          <xsd:documentation>A unique identifier generated by fidus.</xsd:documentation>
        </xsd:annotation>
      </xsd:element>
      <xsd:element name="transactionId" type="tns:MessageIdType">
        <xsd:annotation>
          <xsd:documentation>A unique ID returned to the client for tracing purposes.</xsd:documentation>
        </xsd:annotation>
      </xsd:element>
      <xsd:element name="timestamp" type="xsd:dateTime" minOccurs="0">
        <xsd:annotation>
          <xsd:documentation>Time reply sent by fidus.</xsd:documentation>
        </xsd:annotation>
      </xsd:element>
    </xsd:sequence>
  </xsd:complexType>
  <!--Legal Context : the finality of the Privacy Commission-->
  <xsd:simpleType name="LegalContextType">
    <xsd:restriction base="xsd:string">
      <xsd:minLength value="1"/>
      <xsd:maxLength value="64"/>
    </xsd:restriction>
  </xsd:simpleType>
  <xsd:complexType name="UserContextType">
    <xsd:annotation>
      <xsd:documentation>The user context defines information regarding the actual user performing a request.</xsd:documentation>
    </xsd:annotation>
    <xsd:sequence>
      <xsd:element name="language" type="xsd:language" nillable="true">
        <xsd:annotation>
          <xsd:documentation>The preferred language of the actual user performing the request.
						This influences the language in which response elements are cast.</xsd:documentation>
        </xsd:annotation>
      </xsd:element>
    </xsd:sequence>
  </xsd:complexType>
</xsd:schema>]]></con:content><con:type>http://www.w3.org/2001/XMLSchema</con:type></con:part><con:part><con:url>file:/home/admin/projects/fidus/europeandisabilitycardservice_v2/EuropeanDisabilityCardServiceGateway/src/main/resources/wsdl/europeanDisabilityCardService/2.0.0/messages/exceptionTypes_v1.xsd</con:url><con:content><![CDATA[<xsd:schema targetNamespace="http://fidus.brussels/type/common/exceptions/v1" elementFormDefault="qualified" attributeFormDefault="unqualified" version="1.0" xmlns:xsd="http://www.w3.org/2001/XMLSchema" xmlns:tns="http://fidus.brussels/type/common/exceptions/v1">
  <!--Basic error typed-->
  <xsd:complexType name="ExceptionsType">
    <xsd:sequence>
      <xsd:element name="exception" type="tns:ExceptionType" maxOccurs="unbounded"/>
    </xsd:sequence>
  </xsd:complexType>
  <xsd:complexType name="ExceptionType">
    <xsd:sequence>
      <xsd:element name="type" type="tns:ExceptionClassType"/>
      <xsd:element name="code" type="tns:ExceptionCodeType"/>
      <xsd:element name="source" type="tns:ExceptionSourceType"/>
      <xsd:element name="description" type="tns:ExceptionDescriptionType"/>
    </xsd:sequence>
  </xsd:complexType>
  <xsd:simpleType name="ExceptionClassType">
    <xsd:restriction base="xsd:string">
      <xsd:enumeration value="ERROR"/>
      <xsd:enumeration value="WARNING"/>
      <xsd:enumeration value="INFO"/>
    </xsd:restriction>
  </xsd:simpleType>
  <xsd:simpleType name="ExceptionCodeType">
    <xsd:restriction base="xsd:string">
      <xsd:maxLength value="20"/>
    </xsd:restriction>
  </xsd:simpleType>
  <xsd:simpleType name="ExceptionSourceType">
    <xsd:restriction base="xsd:string">
      <xsd:maxLength value="20"/>
    </xsd:restriction>
  </xsd:simpleType>
  <xsd:simpleType name="ExceptionDescriptionType">
    <xsd:restriction base="xsd:string"/>
  </xsd:simpleType>
</xsd:schema>]]></con:content><con:type>http://www.w3.org/2001/XMLSchema</con:type></con:part><con:part><con:url>file:/home/admin/projects/fidus/europeandisabilitycardservice_v2/EuropeanDisabilityCardServiceGateway/src/main/resources/wsdl/europeanDisabilityCardService/2.0.0/common/CommonV3.xsd</con:url><con:content><![CDATA[<!--====================================================================================================================================
	* File Name				: CommonV3.xsd
	* Author					: Johan Kumps - Peter Van den Bosch
	* Owner					: Crossroad Bank for Social Security (CBSS)
	* Domain					: CBSS Registries Public Services
	* Creation Date			: 31-05-2010
	* Description				: This XML schema document contains a set of Common XML  type definition and content model fragments for use in CBSS webservices and batch file schema definitions within the CBSS domain. 
	* Revision History		: 09-03-2011  	String2Type added
	*														LegalContext added
	*														DescriptionType refactored + lenght constraint 50 changed to 100
	*														InformationCustomerType.ticket length constraint 32 changed to 36
	*														LegalContext + IntegrationContext concepts added
	*														RuntimeFaultType refactored to CBSSFaultType
	*														Parameters added to BaseRequestType
	*                                18-10-2011 		removed String100Type 
   *                                         				Added InformationNotificationCBSS/InformationNotified
   *                                         				Increased the max number of occurences of Information in CBSSFaultType from 5 to 15
	*									25-10-2011	Refactored unbounded business errors to 25
	*														Refactored SSINType to SsinType
   *                          09-11-2011 Changed namespace to v3
   *                                         thorough validation leading to modifications: see CBSS common XSD types.doc
   *                           18-01-2011          informationNotified: identification renamed to notifiedIdentification (consistency)
   *                                                          CbeNumberType: changed from 9 or 10 digits, to mandatory 10 digits
  *                                                          added types for euro amounts, enterprise numbers and business unit numbers
 *                                                          Removed status and business anomalies from BaseResponseType, as the request fields should be copied in the same order in the response
*                                20-03-2012        Renamed BaseDescriptionType to DescriptionType, removed old DescriptionType
*                                                        Removed DescriptionStyleParametersType
*                                                        Removed RegisterCharacterSetType
*                                 29-05-2012           Really remove RegisterCharacterSetType
*								  14-11-2013		Added InformationCBSSBatchType
*								  04-09-2014		Added SenderReceiverType
*								  07-01-2015		Added SequenceNumberType
*								  03-07-2015		Added NssoRegistrationNumberType
*                                 11-09-2015      Modified NssoRegistrationNumberType to allow both 9 long as temporary 10 long numbers starting with 51.
*                                 16-09-2015      Modified NssoRegistrationNumberType to 10 long numbers starting with 51 or with 0.
*                                 08-02-2016      Added StatusOkType
*                                 27-09-2016      Added YearQuarterType format yyyyQx, QuarterPeriodType and OpenQuarterPeriodType
*                                 04-04-2018      Added DataFiltersType
*                                 27-11-2018      Added LocalizedDescription(s)Type
*                                 04-01-2019      Added SsinWithCanceledAndReplacesStatusType and SsinWithCanceledAndReplacedByStatusType
====================================================================================================================================-->
<xsd:schema targetNamespace="http://kszbcss.fgov.be/types/common/v3" elementFormDefault="unqualified" attributeFormDefault="unqualified" version="3.3-45" xmlns:xsd="http://www.w3.org/2001/XMLSchema" xmlns:tns="http://kszbcss.fgov.be/types/common/v3">
  <!--Request / response meta data-->
  <xsd:simpleType name="SeverityType">
    <xsd:restriction base="xsd:string">
      <xsd:enumeration value="INFORMATION"/>
      <xsd:enumeration value="WARNING"/>
      <xsd:enumeration value="FATAL"/>
    </xsd:restriction>
  </xsd:simpleType>
  <xsd:simpleType name="UUIDType">
    <xsd:restriction base="xsd:string">
      <xsd:pattern value="[\da-fA-F]{8}-[\da-fA-F]{4}-[\da-fA-F]{4}-[\da-fA-F]{4}-[\da-fA-F]{12}"/>
    </xsd:restriction>
  </xsd:simpleType>
  <xsd:simpleType name="TicketType">
    <xsd:restriction base="xsd:string">
      <xsd:maxLength value="36"/>
    </xsd:restriction>
  </xsd:simpleType>
  <xsd:simpleType name="CbeNumberType">
    <xsd:annotation>
      <xsd:documentation>CBE number identifying an enterprise or business unit</xsd:documentation>
    </xsd:annotation>
    <xsd:restriction base="xsd:string">
      <xsd:pattern value="\d{10}"/>
    </xsd:restriction>
  </xsd:simpleType>
  <xsd:simpleType name="EnterpriseNumberType">
    <xsd:annotation>
      <xsd:documentation>CBE enterprise number (starting with 0 or 1)</xsd:documentation>
    </xsd:annotation>
    <xsd:restriction base="xsd:string">
      <xsd:pattern value="[0-1]\d{9}"/>
    </xsd:restriction>
  </xsd:simpleType>
  <xsd:simpleType name="BusinessUnitNumberType">
    <xsd:annotation>
      <xsd:documentation>CBE business unit number (starting with 2-8)</xsd:documentation>
    </xsd:annotation>
    <xsd:restriction base="xsd:string">
      <xsd:pattern value="[2-8]\d{9}"/>
    </xsd:restriction>
  </xsd:simpleType>
  <xsd:simpleType name="SsinType">
    <xsd:restriction base="xsd:string">
      <xsd:pattern value="[0-9][0-9](([0][0-9])|([1][0-2]))(([0-2][0-9])|([3][0-1]))(([0-9]{2}[1-9])|([0-9][1-9][0-9])|([1-9][0-9]{2}))(([0-8][0-9])|([9][0-7]))">
        <xsd:annotation>
          <xsd:documentation xml:lang="FR">Registre National</xsd:documentation>
          <xsd:documentation xml:lang="NL">Rijksregister</xsd:documentation>
        </xsd:annotation>
      </xsd:pattern>
      <xsd:pattern value="[0-9][0-9](([2][0-9])|([3][0-2]))(([0-2][0-9])|([3][0-1]))[0-9]{3}(([0-8][0-9])|([9][0-7]))">
        <xsd:annotation>
          <xsd:documentation xml:lang="FR">Registre Bis : numero Bis</xsd:documentation>
          <xsd:documentation xml:lang="NL">Bis register : Bisnummer</xsd:documentation>
        </xsd:annotation>
      </xsd:pattern>
      <xsd:pattern value="[0-9][0-9](([4][0-9])|([5][0-2]))(([0-2][0-9])|([3][0-1]))[0-9]{3}(([0-8][0-9])|([9][0-7]))">
        <xsd:annotation>
          <xsd:documentation xml:lang="FR">Registre Bis : numero TER</xsd:documentation>
          <xsd:documentation xml:lang="NL">Bisregister : Ternummer</xsd:documentation>
        </xsd:annotation>
      </xsd:pattern>
    </xsd:restriction>
  </xsd:simpleType>
  <xsd:simpleType name="LegalContextType">
    <xsd:restriction base="xsd:string">
      <xsd:maxLength value="64"/>
    </xsd:restriction>
  </xsd:simpleType>
  <xsd:simpleType name="IntegrationContextType">
    <xsd:annotation>
      <xsd:documentation>deprecated type. Use InscriptionContextType instead in new XSDs</xsd:documentation>
    </xsd:annotation>
    <xsd:restriction base="xsd:string">
      <xsd:maxLength value="64"/>
    </xsd:restriction>
  </xsd:simpleType>
  <xsd:simpleType name="InscriptionContextType">
    <xsd:annotation>
      <xsd:documentation>The way in which an organization knows a person (textual equivalent of former numerical quality code)</xsd:documentation>
    </xsd:annotation>
    <xsd:restriction base="xsd:string">
      <xsd:maxLength value="64"/>
    </xsd:restriction>
  </xsd:simpleType>
  <xsd:simpleType name="SequenceNumberType">
    <xsd:restriction base="xsd:long">
      <xsd:minInclusive value="1"/>
      <xsd:totalDigits value="15"/>
    </xsd:restriction>
  </xsd:simpleType>
  <xsd:complexType name="InformationCBSSType">
    <xsd:annotation>
      <xsd:documentation>Information block from CBSS.</xsd:documentation>
    </xsd:annotation>
    <xsd:sequence>
      <xsd:element name="ticketCBSS" type="tns:UUIDType"/>
      <xsd:element name="timestampReceive" type="xsd:dateTime">
        <xsd:annotation>
          <xsd:documentation>Time request was received by CBSS.</xsd:documentation>
        </xsd:annotation>
      </xsd:element>
      <xsd:element name="timestampReply" type="xsd:dateTime">
        <xsd:annotation>
          <xsd:documentation>Time reply was sent by CBSS.</xsd:documentation>
        </xsd:annotation>
      </xsd:element>
    </xsd:sequence>
  </xsd:complexType>
  <xsd:complexType name="InformationCustomerType">
    <xsd:annotation>
      <xsd:documentation>Information block that can be used by the customer for diagnostic use.</xsd:documentation>
    </xsd:annotation>
    <xsd:sequence>
      <xsd:element name="ticket" type="tns:TicketType" minOccurs="0">
        <xsd:annotation>
          <xsd:documentation>Client can assign their own ticket reference for the request. Not mandatory. For non-UUID tickets only the first 32 chars are stored at CBSS.</xsd:documentation>
        </xsd:annotation>
      </xsd:element>
      <xsd:element name="timestampSent" type="xsd:dateTime" minOccurs="0">
        <xsd:annotation>
          <xsd:documentation>Timestamp when client sent request.</xsd:documentation>
        </xsd:annotation>
      </xsd:element>
      <xsd:element name="customerIdentification" type="tns:OrganizationIdentificationType"/>
    </xsd:sequence>
  </xsd:complexType>
  <xsd:complexType name="InformationSupplierType">
    <xsd:annotation>
      <xsd:documentation>Information block for supplier of a service</xsd:documentation>
    </xsd:annotation>
    <xsd:sequence>
      <xsd:element name="ticket" type="tns:TicketType" minOccurs="0">
        <xsd:annotation>
          <xsd:documentation>UUID generated by Customer or Supplier</xsd:documentation>
        </xsd:annotation>
      </xsd:element>
      <xsd:element name="timestampReceive" type="xsd:dateTime" minOccurs="0">
        <xsd:annotation>
          <xsd:documentation>Time of request</xsd:documentation>
        </xsd:annotation>
      </xsd:element>
      <xsd:element name="timestampReply" type="xsd:dateTime" minOccurs="0">
        <xsd:annotation>
          <xsd:documentation>Time of request</xsd:documentation>
        </xsd:annotation>
      </xsd:element>
      <xsd:element name="supplierIdentification" type="tns:OrganizationIdentificationType"/>
    </xsd:sequence>
  </xsd:complexType>
  <xsd:complexType name="InformationNotificationCBSSType">
    <xsd:annotation>
      <xsd:documentation>Deprecated type. Use SenderReceiverType in new batch XSDs. Information block for CBSS info when CBSS notifies partner</xsd:documentation>
    </xsd:annotation>
    <xsd:sequence>
      <xsd:element name="ticketCBSS" type="tns:UUIDType">
        <xsd:annotation>
          <xsd:documentation>UUID generated by Customer or Supplier</xsd:documentation>
        </xsd:annotation>
      </xsd:element>
      <xsd:element name="timestampSent" type="xsd:dateTime">
        <xsd:annotation>
          <xsd:documentation>Time of request</xsd:documentation>
        </xsd:annotation>
      </xsd:element>
    </xsd:sequence>
  </xsd:complexType>
  <xsd:complexType name="InformationNotifiedType">
    <xsd:annotation>
      <xsd:documentation>Deprecated type. Use SenderReceiverType in new batch XSDs. Information block for partner info when CBSS notifies partner</xsd:documentation>
    </xsd:annotation>
    <xsd:sequence>
      <xsd:element name="ticket" type="tns:TicketType" minOccurs="0"/>
      <xsd:element name="timestampReply" type="xsd:dateTime" minOccurs="0"/>
      <xsd:element name="notifiedIdentification" type="tns:OrganizationIdentificationType"/>
    </xsd:sequence>
  </xsd:complexType>
  <xsd:complexType name="InformationCBSSBatchType">
    <xsd:annotation>
      <xsd:documentation>Deprecated type. Use SenderReceiverType in new batch XSDs</xsd:documentation>
    </xsd:annotation>
    <xsd:sequence>
      <xsd:element name="fileId" type="xsd:unsignedLong"/>
      <xsd:element name="fileCreationTimestamp" type="xsd:dateTime"/>
    </xsd:sequence>
  </xsd:complexType>
  <xsd:complexType name="SenderReceiverType">
    <xsd:annotation>
      <xsd:documentation>Information block containing info about the sender or receiver of a message.</xsd:documentation>
    </xsd:annotation>
    <xsd:sequence>
      <xsd:element name="ticket" type="tns:TicketType" minOccurs="0">
        <xsd:annotation>
          <xsd:documentation>The partner can assign a ticket reference to the message. Not mandatory.</xsd:documentation>
        </xsd:annotation>
      </xsd:element>
      <xsd:element name="timestampSent" type="xsd:dateTime" minOccurs="0">
        <xsd:annotation>
          <xsd:documentation>Timestamp when message was sent. In the receiver block of response messages the timestampSent is the timestamp when the request was created by the organization that receives the response.</xsd:documentation>
        </xsd:annotation>
      </xsd:element>
      <xsd:element name="organizationIdentification" type="tns:OrganizationIdentificationType"/>
    </xsd:sequence>
  </xsd:complexType>
  <xsd:complexType name="OrganizationIdentificationType">
    <xsd:choice>
      <xsd:element name="cbeNumber" type="tns:CbeNumberType"/>
      <xsd:sequence>
        <xsd:element name="sector">
          <xsd:simpleType>
            <xsd:restriction base="xsd:unsignedShort">
              <xsd:maxInclusive value="999"/>
            </xsd:restriction>
          </xsd:simpleType>
        </xsd:element>
        <xsd:element name="institution">
          <xsd:simpleType>
            <xsd:restriction base="xsd:unsignedShort">
              <xsd:maxInclusive value="999"/>
            </xsd:restriction>
          </xsd:simpleType>
        </xsd:element>
      </xsd:sequence>
    </xsd:choice>
  </xsd:complexType>
  <xsd:complexType name="OpenPeriodType">
    <xsd:annotation>
      <xsd:documentation>Period containing a begin date and an optional end date.</xsd:documentation>
    </xsd:annotation>
    <xsd:sequence>
      <xsd:element name="beginDate" type="xsd:date"/>
      <xsd:element name="endDate" type="xsd:date" minOccurs="0"/>
    </xsd:sequence>
  </xsd:complexType>
  <xsd:complexType name="PeriodType">
    <xsd:annotation>
      <xsd:documentation>Period containing a begin date and an end date.</xsd:documentation>
    </xsd:annotation>
    <xsd:sequence>
      <xsd:element name="beginDate" type="xsd:date"/>
      <xsd:element name="endDate" type="xsd:date"/>
    </xsd:sequence>
  </xsd:complexType>
  <xsd:complexType name="OpenQuarterPeriodType">
    <xsd:annotation>
      <xsd:documentation>Quarter period containing a quarter begin date and an optional quarter end date.</xsd:documentation>
    </xsd:annotation>
    <xsd:sequence>
      <xsd:element name="beginQuarter" type="tns:YearQuarterType"/>
      <xsd:element name="endQuarter" type="tns:YearQuarterType" minOccurs="0"/>
    </xsd:sequence>
  </xsd:complexType>
  <xsd:complexType name="QuarterPeriodType">
    <xsd:annotation>
      <xsd:documentation>Quarter period containing a quarter begin date and a quarter end date.</xsd:documentation>
    </xsd:annotation>
    <xsd:sequence>
      <xsd:element name="beginQuarter" type="tns:YearQuarterType"/>
      <xsd:element name="endQuarter" type="tns:YearQuarterType"/>
    </xsd:sequence>
  </xsd:complexType>
  <xsd:simpleType name="YearQuarterType">
    <xsd:restriction base="xsd:string">
      <xsd:length value="6"/>
      <xsd:whiteSpace value="collapse"/>
      <xsd:pattern value="[1-2]\d{3}Q(1|2|3|4)"/>
    </xsd:restriction>
  </xsd:simpleType>
  <xsd:simpleType name="IncompleteDateType">
    <xsd:annotation>
      <xsd:documentation>A possibly incomplete date. Format yyyy-mm-dd, yyyy-mm-00 or yyyy-00-00</xsd:documentation>
    </xsd:annotation>
    <xsd:restriction base="xsd:string">
      <xsd:length value="10"/>
      <xsd:whiteSpace value="collapse"/>
      <xsd:pattern value="[0-2][0-9]{3}\-[0-1][0-9]\-[0-3][0-9]"/>
    </xsd:restriction>
  </xsd:simpleType>
  <xsd:simpleType name="DescriptionType">
    <xsd:restriction base="xsd:string">
      <xsd:maxLength value="100"/>
    </xsd:restriction>
  </xsd:simpleType>
  <xsd:simpleType name="LanguageType">
    <xsd:annotation>
      <xsd:documentation>Type specifying the language of a given value</xsd:documentation>
    </xsd:annotation>
    <xsd:restriction base="xsd:string">
      <xsd:enumeration value="NL"/>
      <xsd:enumeration value="FR"/>
      <xsd:enumeration value="DE"/>
    </xsd:restriction>
  </xsd:simpleType>
  <xsd:complexType name="LocalizedDescriptionType">
    <xsd:simpleContent>
      <xsd:extension base="tns:DescriptionType">
        <xsd:attribute name="language" type="tns:LanguageType" use="optional"/>
      </xsd:extension>
    </xsd:simpleContent>
  </xsd:complexType>
  <xsd:complexType name="LocalizedDescriptionsType">
    <xsd:sequence>
      <xsd:element name="description" type="tns:LocalizedDescriptionType" maxOccurs="3"/>
    </xsd:sequence>
  </xsd:complexType>
  <xsd:complexType name="DataFiltersType">
    <xsd:annotation>
      <xsd:documentation>Type indicating which data elements have been filtered</xsd:documentation>
    </xsd:annotation>
    <xsd:sequence>
      <xsd:element name="filteredElement" type="xsd:string" maxOccurs="unbounded"/>
    </xsd:sequence>
  </xsd:complexType>
  <!--Errors and warnings structures-->
  <xsd:group name="BusinessAnomaliesContentFragment">
    <xsd:annotation>
      <xsd:documentation>Structure reporting business errors to the consumer</xsd:documentation>
    </xsd:annotation>
    <xsd:sequence>
      <xsd:element name="businessAnomalies" type="tns:BusinessAnomaliesType" minOccurs="0"/>
    </xsd:sequence>
  </xsd:group>
  <xsd:complexType name="BusinessAnomaliesType">
    <xsd:annotation>
      <xsd:documentation>Type defining the structure of the part of the response containing business Faults</xsd:documentation>
    </xsd:annotation>
    <xsd:sequence>
      <xsd:element name="businessAnomaly" type="tns:BusinessAnomalyType" maxOccurs="25"/>
    </xsd:sequence>
  </xsd:complexType>
  <xsd:complexType name="BusinessAnomalyType">
    <xsd:annotation>
      <xsd:documentation>Type defining the structure of one business Faults</xsd:documentation>
    </xsd:annotation>
    <xsd:sequence>
      <xsd:element name="code" type="xsd:string">
        <xsd:annotation>
          <xsd:documentation>Unique code referring to a description of this Fault</xsd:documentation>
        </xsd:annotation>
      </xsd:element>
      <xsd:element name="severity" type="tns:SeverityType"/>
      <xsd:element name="description">
        <xsd:annotation>
          <xsd:documentation>Some description of this Fault</xsd:documentation>
        </xsd:annotation>
        <xsd:simpleType>
          <xsd:restriction base="xsd:string">
            <xsd:maxLength value="256"/>
          </xsd:restriction>
        </xsd:simpleType>
      </xsd:element>
      <xsd:element name="information" type="tns:InformationType" minOccurs="0" maxOccurs="15"/>
    </xsd:sequence>
  </xsd:complexType>
  <xsd:complexType name="CBSSFaultType">
    <xsd:sequence>
      <xsd:element name="informationCustomer" type="tns:InformationCustomerType" minOccurs="0"/>
      <xsd:element name="informationCBSS" type="tns:InformationCBSSType"/>
      <xsd:element name="detail" type="tns:MessageType" maxOccurs="30"/>
    </xsd:sequence>
  </xsd:complexType>
  <xsd:complexType name="MessageType">
    <xsd:sequence>
      <xsd:element name="severity" type="tns:SeverityType"/>
      <xsd:element name="reasonCode">
        <xsd:simpleType>
          <xsd:restriction base="xsd:string">
            <xsd:maxLength value="16"/>
          </xsd:restriction>
        </xsd:simpleType>
      </xsd:element>
      <xsd:element name="diagnostic">
        <xsd:simpleType>
          <xsd:restriction base="xsd:string">
            <xsd:maxLength value="256"/>
          </xsd:restriction>
        </xsd:simpleType>
      </xsd:element>
      <xsd:element name="authorCode">
        <xsd:simpleType>
          <xsd:restriction base="xsd:string">
            <xsd:maxLength value="64"/>
          </xsd:restriction>
        </xsd:simpleType>
      </xsd:element>
      <xsd:element name="information" type="tns:InformationType" minOccurs="0" maxOccurs="15"/>
    </xsd:sequence>
  </xsd:complexType>
  <xsd:complexType name="InformationType">
    <xsd:sequence>
      <xsd:element name="fieldName">
        <xsd:simpleType>
          <xsd:restriction base="xsd:string">
            <xsd:maxLength value="64"/>
          </xsd:restriction>
        </xsd:simpleType>
      </xsd:element>
      <xsd:element name="fieldValue" minOccurs="0">
        <xsd:simpleType>
          <xsd:restriction base="xsd:string">
            <xsd:maxLength value="256"/>
          </xsd:restriction>
        </xsd:simpleType>
      </xsd:element>
    </xsd:sequence>
  </xsd:complexType>
  <!--Base types for most common request/response format for consultation type operations. Can be used to define request and response types with extension type inheritance. Don't use if it doesn't fit the requirements.-->
  <xsd:complexType name="BaseRequestType" abstract="true">
    <xsd:annotation>
      <xsd:documentation>Type defining the base structure for all service requests</xsd:documentation>
    </xsd:annotation>
    <xsd:sequence>
      <xsd:element name="informationCustomer" type="tns:InformationCustomerType"/>
      <xsd:element name="informationCBSS" type="tns:InformationCBSSType" minOccurs="0"/>
      <xsd:element name="legalContext" type="tns:LegalContextType">
        <xsd:annotation>
          <xsd:documentation>legal context under which the request was made</xsd:documentation>
        </xsd:annotation>
      </xsd:element>
    </xsd:sequence>
  </xsd:complexType>
  <xsd:complexType name="BaseResponseType" abstract="true">
    <xsd:annotation>
      <xsd:documentation>Type defining the base structure for all service responses</xsd:documentation>
    </xsd:annotation>
    <xsd:sequence>
      <xsd:element name="informationCustomer" type="tns:InformationCustomerType"/>
      <xsd:element name="informationCBSS" type="tns:InformationCBSSType"/>
      <xsd:element name="legalContext" type="tns:LegalContextType"/>
    </xsd:sequence>
  </xsd:complexType>
  <!--Commonly used status type for consultation type operations. Define another if it doesn't fit requirements.-->
  <xsd:complexType name="StatusType">
    <xsd:sequence>
      <xsd:element name="value">
        <xsd:annotation>
          <xsd:documentation>global status of the result</xsd:documentation>
        </xsd:annotation>
        <xsd:simpleType>
          <xsd:restriction base="xsd:string">
            <xsd:enumeration value="DATA_FOUND"/>
            <xsd:enumeration value="NO_DATA_FOUND"/>
            <xsd:enumeration value="NO_RESULT"/>
          </xsd:restriction>
        </xsd:simpleType>
      </xsd:element>
      <xsd:element name="code">
        <xsd:annotation>
          <xsd:documentation>the code of the status</xsd:documentation>
        </xsd:annotation>
        <xsd:simpleType>
          <xsd:restriction base="xsd:string">
            <xsd:maxLength value="16"/>
          </xsd:restriction>
        </xsd:simpleType>
      </xsd:element>
      <xsd:element name="description" minOccurs="0">
        <xsd:annotation>
          <xsd:documentation>the description of the status</xsd:documentation>
        </xsd:annotation>
        <xsd:simpleType>
          <xsd:restriction base="xsd:string">
            <xsd:maxLength value="256"/>
          </xsd:restriction>
        </xsd:simpleType>
      </xsd:element>
      <xsd:element name="information" type="tns:InformationType" minOccurs="0" maxOccurs="15"/>
    </xsd:sequence>
  </xsd:complexType>
  <!--Commonly used status type for ok/nok type operations like notifications. Don't use if it doesn't fit requirements.-->
  <xsd:complexType name="StatusOkType">
    <xsd:sequence>
      <xsd:element name="value">
        <xsd:annotation>
          <xsd:documentation>global status of the result</xsd:documentation>
        </xsd:annotation>
        <xsd:simpleType>
          <xsd:restriction base="xsd:string">
            <xsd:enumeration value="OK"/>
            <xsd:enumeration value="NOK"/>
          </xsd:restriction>
        </xsd:simpleType>
      </xsd:element>
      <xsd:element name="code">
        <xsd:annotation>
          <xsd:documentation>the code of the status</xsd:documentation>
        </xsd:annotation>
        <xsd:simpleType>
          <xsd:restriction base="xsd:string">
            <xsd:maxLength value="16"/>
          </xsd:restriction>
        </xsd:simpleType>
      </xsd:element>
      <xsd:element name="description" minOccurs="0">
        <xsd:annotation>
          <xsd:documentation>the description of the status</xsd:documentation>
        </xsd:annotation>
        <xsd:simpleType>
          <xsd:restriction base="xsd:string">
            <xsd:maxLength value="256"/>
          </xsd:restriction>
        </xsd:simpleType>
      </xsd:element>
      <xsd:element name="information" type="tns:InformationType" minOccurs="0" maxOccurs="15"/>
    </xsd:sequence>
  </xsd:complexType>
  <xsd:simpleType name="EuroPositiveAmountType">
    <xsd:restriction base="xsd:decimal">
      <xsd:fractionDigits value="2"/>
      <xsd:maxExclusive value="1000000000000000"/>
    </xsd:restriction>
  </xsd:simpleType>
  <xsd:simpleType name="EuroAmountType">
    <xsd:restriction base="xsd:decimal">
      <xsd:fractionDigits value="2"/>
      <xsd:maxExclusive value="1000000000000000"/>
      <xsd:minExclusive value="-1000000000000000"/>
    </xsd:restriction>
  </xsd:simpleType>
  <xsd:simpleType name="EurocentPositiveAmountType">
    <xsd:restriction base="xsd:unsignedLong">
      <xsd:maxExclusive value="100000000000000000"/>
    </xsd:restriction>
  </xsd:simpleType>
  <xsd:simpleType name="EurocentAmountType">
    <xsd:restriction base="xsd:long">
      <xsd:minExclusive value="-100000000000000000"/>
      <xsd:maxExclusive value="100000000000000000"/>
    </xsd:restriction>
  </xsd:simpleType>
  <xsd:simpleType name="NssoRegistrationNumberType">
    <xsd:annotation>
      <xsd:documentation>Identification number of an enterprise at NSSO (= RSZ/ONSS). Numbers starting with 51 and length 10 are always temporary numbers.</xsd:documentation>
    </xsd:annotation>
    <xsd:restriction base="xsd:string">
      <xsd:pattern value="0\d{9}"/>
      <xsd:pattern value="51\d{8}"/>
    </xsd:restriction>
  </xsd:simpleType>
  <xsd:complexType name="SsinWithCanceledAndReplacesStatusType">
    <xsd:simpleContent>
      <xsd:extension base="tns:SsinType">
        <xsd:attribute name="canceled" type="xsd:boolean"/>
        <xsd:attribute name="replaces" type="tns:SsinType"/>
      </xsd:extension>
    </xsd:simpleContent>
  </xsd:complexType>
  <xsd:complexType name="SsinWithCanceledAndReplacedByStatusType">
    <xsd:simpleContent>
      <xsd:extension base="tns:SsinType">
        <xsd:attribute name="canceled" type="xsd:boolean"/>
        <xsd:attribute name="replacedBy" type="tns:SsinType"/>
      </xsd:extension>
    </xsd:simpleContent>
  </xsd:complexType>
</xsd:schema>]]></con:content><con:type>http://www.w3.org/2001/XMLSchema</con:type></con:part><con:part><con:url>file:/home/admin/projects/fidus/europeandisabilitycardservice_v2/EuropeanDisabilityCardServiceGateway/src/main/resources/wsdl/europeanDisabilityCardService/2.0.0/EuropeanDisabilityCard/EuropeanDisabilityCardV1.xsd</con:url><con:content><![CDATA[<!--edited with XMLSpy v2018 sp1 (x64) (http://www.altova.com) by  (Kruispuntbank van de Sociale Zekerheid)-->
<!--======================================================================== * Owner : KSZ / CBSS * Creation date : 2017-04-04 
										   
										   
	* Description : Type definitions for the EuropeanDisabilityCard web service. * Revision History : 2017-04-04: Initial version 
														   
	2017-08-22 : update ssin element to optionnal in 'CreateCardResponseType' ========================================================================-->
<xsd:schema targetNamespace="http://kszbcss.fgov.be/types/EuropeanDisabilityCard/v1" elementFormDefault="unqualified" attributeFormDefault="unqualified" version="2017-08-22" xmlns="http://kszbcss.fgov.be/types/EuropeanDisabilityCard/v1" xmlns:xsd="http://www.w3.org/2001/XMLSchema" xmlns:common="http://kszbcss.fgov.be/types/common/v3" xmlns:edccommon="http://kszbcss.fgov.be/types/EuropeanDisabilityCard/common/v1">
  <xsd:import namespace="http://kszbcss.fgov.be/types/common/v3" schemaLocation="../common/CommonV3.xsd"/>
  <xsd:import namespace="http://kszbcss.fgov.be/types/EuropeanDisabilityCard/common/v1" schemaLocation="common/EuropeanDisabilityCardCommonv1.xsd"/>
  <xsd:element name="consultActiveCardsRequest" type="ConsultActiveCardsRequestType"/>
  <xsd:element name="consultActiveCardsResponse" type="ConsultActiveCardsResponseType"/>
  <xsd:element name="consultActiveCardsFault" type="common:CBSSFaultType"/>
  <xsd:complexType name="ConsultActiveCardsRequestType">
    <xsd:complexContent>
      <xsd:extension base="common:BaseRequestType">
        <xsd:sequence>
          <xsd:element name="criteria" type="ConsultActiveCardsCriteriaType"/>
        </xsd:sequence>
      </xsd:extension>
    </xsd:complexContent>
  </xsd:complexType>
  <xsd:complexType name="ConsultActiveCardsResponseType">
    <xsd:complexContent>
      <xsd:extension base="common:BaseResponseType">
        <xsd:sequence>
          <xsd:element name="criteria" type="ConsultActiveCardsCriteriaType"/>
          <xsd:element name="status" type="common:StatusType"/>
          <xsd:element name="ssin" type="SsinWithCanceledAndReplacedByStatusType" minOccurs="0"/>
          <xsd:element name="activeCards" type="ActiveCardsType" minOccurs="0">
            <xsd:annotation>
              <xsd:documentation>Type specifying all active cards as known in the EDC database for the given criteria. A card
								is active when in not in lifeCycle CANCELED, RETURNED or FAILED, and for which the period of validity comprises
								the referencedate of the request. The period of validity is [validityBeginDate, min(validityEndDate,
								prematureValidityEndDate)]</xsd:documentation>
            </xsd:annotation>
          </xsd:element>
        </xsd:sequence>
      </xsd:extension>
    </xsd:complexContent>
  </xsd:complexType>
  <xsd:element name="consultAllCardsRequest" type="ConsultAllCardsRequestType"/>
  <xsd:element name="consultAllCardsResponse" type="ConsultAllCardsResponseType"/>
  <xsd:element name="consultAllCardsFault" type="common:CBSSFaultType"/>
  <xsd:complexType name="ConsultAllCardsRequestType">
    <xsd:complexContent>
      <xsd:extension base="common:BaseRequestType">
        <xsd:sequence>
          <xsd:element name="criteria" type="ConsultAllCardsCriteriaType"/>
        </xsd:sequence>
      </xsd:extension>
    </xsd:complexContent>
  </xsd:complexType>
  <xsd:complexType name="ConsultAllCardsResponseType">
    <xsd:complexContent>
      <xsd:extension base="common:BaseResponseType">
        <xsd:sequence>
          <xsd:element name="criteria" type="ConsultAllCardsCriteriaType"/>
          <xsd:element name="status" type="common:StatusType"/>
          <xsd:element name="ssin" type="SsinWithCanceledAndReplacedByStatusType" minOccurs="0"/>
          <xsd:element name="allCards" type="AllCardsType" minOccurs="0">
            <xsd:annotation>
              <xsd:documentation>Type specifying all existing or non existing cards as known in the EDC database with a
								beginDate larger than 3 years ago.</xsd:documentation>
            </xsd:annotation>
          </xsd:element>
        </xsd:sequence>
      </xsd:extension>
    </xsd:complexContent>
  </xsd:complexType>
  <xsd:element name="createCardRequest" type="CreateCardRequestType"/>
  <xsd:element name="createCardResponse" type="CreateCardResponseType"/>
  <xsd:element name="createCardFault" type="common:CBSSFaultType"/>
  <xsd:complexType name="CreateCardRequestType">
    <xsd:complexContent>
      <xsd:extension base="common:BaseRequestType">
        <xsd:sequence>
          <xsd:element name="criteria" type="CreateCardCriteriaType"/>
        </xsd:sequence>
      </xsd:extension>
    </xsd:complexContent>
  </xsd:complexType>
  <xsd:complexType name="CreateCardResponseType">
    <xsd:complexContent>
      <xsd:extension base="common:BaseResponseType">
        <xsd:sequence>
          <xsd:element name="criteria" type="CreateCardCriteriaType"/>
          <xsd:element name="status" type="common:StatusType"/>
          <xsd:element name="ssin" type="SsinWithCanceledAndReplacedByStatusType" minOccurs="0"/>
          <xsd:element name="newCard" type="NewCardType" minOccurs="0">
            <xsd:annotation>
              <xsd:documentation>The new card created for the given criteria. If not present, no new card has been created.</xsd:documentation>
            </xsd:annotation>
          </xsd:element>
          <xsd:element name="otherActiveCards" type="ActiveCardsType" minOccurs="0">
            <xsd:annotation>
              <xsd:documentation>Type specifying all the other active cards (apart from the newly created one) as known in the EDC database for the given criteria. A card is active when in not in lifeCycle CANCELED, RETURNED or FAILED, and for which the period of validity comprises the date of request. The period of validity is [validityBeginDate, min(validityEndDate, prematureValidityEndDate)]</xsd:documentation>
            </xsd:annotation>
          </xsd:element>
          <xsd:element name="otherStoppedOrCanceledCards" type="StoppedOrCanceledCardsType" minOccurs="0">
            <xsd:annotation>
              <xsd:documentation>Type specifying all the other stopped or canceled cards. This is only done when the requestor does not have an active card himself before sending this create, and he has set forceCreation to true.</xsd:documentation>
            </xsd:annotation>
          </xsd:element>
        </xsd:sequence>
      </xsd:extension>
    </xsd:complexContent>
  </xsd:complexType>
  <xsd:element name="stopOrCancelCardRequest" type="StopOrCancelCardRequestType"/>
  <xsd:element name="stopOrCancelCardResponse" type="StopOrCancelCardResponseType"/>
  <xsd:element name="stopOrCancelCardFault" type="common:CBSSFaultType"/>
  <xsd:complexType name="StopOrCancelCardRequestType">
    <xsd:complexContent>
      <xsd:extension base="common:BaseRequestType">
        <xsd:sequence>
          <xsd:element name="criteria" type="StopOrCancelCardCriteriaType"/>
        </xsd:sequence>
      </xsd:extension>
    </xsd:complexContent>
  </xsd:complexType>
  <xsd:complexType name="StopOrCancelCardResponseType">
    <xsd:complexContent>
      <xsd:extension base="common:BaseResponseType">
        <xsd:sequence>
          <xsd:element name="criteria" type="StopOrCancelCardCriteriaType"/>
          <xsd:element name="status" type="common:StatusType"/>
          <xsd:element name="result" type="StopOrCancelCardResultType" minOccurs="0"/>
        </xsd:sequence>
      </xsd:extension>
    </xsd:complexContent>
  </xsd:complexType>
  <xsd:complexType name="ConsultActiveCardsCriteriaType">
    <xsd:sequence>
      <xsd:element name="ssin" type="common:SsinType"/>
      <xsd:element name="referenceDate" type="xsd:date" minOccurs="0">
        <xsd:annotation>
          <xsd:documentation>When absent, the system date is considered to be the date of reference.</xsd:documentation>
        </xsd:annotation>
      </xsd:element>
    </xsd:sequence>
  </xsd:complexType>
  <xsd:complexType name="ConsultAllCardsCriteriaType">
    <xsd:sequence>
      <xsd:element name="ssin" type="common:SsinType"/>
    </xsd:sequence>
  </xsd:complexType>
  <xsd:complexType name="CreateCardCriteriaType">
    <xsd:sequence>
      <xsd:element name="ssin" type="common:SsinType"/>
      <xsd:element name="emittingPartner" type="common:EnterpriseNumberType"/>
      <xsd:element name="language" type="common:LanguageType"/>
      <xsd:element name="forceCreation" type="xsd:boolean"/>
    </xsd:sequence>
  </xsd:complexType>
  <xsd:complexType name="StopOrCancelCardCriteriaType">
    <xsd:sequence>
      <xsd:element name="cardNumber" type="edccommon:CardNumberType"/>
      <xsd:element name="emittingPartner" type="common:EnterpriseNumberType"/>
    </xsd:sequence>
  </xsd:complexType>
  <xsd:complexType name="StopOrCancelCardResultType">
    <xsd:choice>
      <xsd:element name="prematureValidityEndDate" type="xsd:date"/>
      <xsd:element name="cardCanceled" type="xsd:boolean" default="true"/>
    </xsd:choice>
  </xsd:complexType>
  <xsd:complexType name="SsinWithCanceledAndReplacedByStatusType">
    <xsd:simpleContent>
      <xsd:extension base="common:SsinType">
        <xsd:attribute name="canceled" type="xsd:boolean"/>
        <xsd:attribute name="replacedBy" type="common:SsinType"/>
      </xsd:extension>
    </xsd:simpleContent>
  </xsd:complexType>
  <xsd:complexType name="StoppedOrCanceledCardsType">
    <xsd:sequence>
      <xsd:element name="stoppedOrCanceledCard" type="StoppedOrCanceledCardType" maxOccurs="10"/>
    </xsd:sequence>
  </xsd:complexType>
  <xsd:complexType name="StoppedOrCanceledCardType">
    <xsd:complexContent>
      <xsd:extension base="StopOrCancelCardResultType">
        <xsd:sequence>
          <xsd:element name="cardNumber" type="edccommon:CardNumberType"/>
          <xsd:element name="emittingPartner" type="common:EnterpriseNumberType"/>
        </xsd:sequence>
      </xsd:extension>
    </xsd:complexContent>
  </xsd:complexType>
  <xsd:complexType name="ActiveCardsType">
    <xsd:sequence>
      <xsd:element name="card" type="edccommon:CardType" maxOccurs="10"/>
    </xsd:sequence>
  </xsd:complexType>
  <xsd:complexType name="AllCardsType">
    <xsd:sequence>
      <xsd:element name="card" type="edccommon:CardType" maxOccurs="unbounded"/>
    </xsd:sequence>
  </xsd:complexType>
  <xsd:complexType name="NewCardType">
    <xsd:annotation>
      <xsd:documentation>Type specifying the data of a new card as requested and inserted in the EDC database</xsd:documentation>
    </xsd:annotation>
    <xsd:sequence>
      <xsd:element name="card" type="edccommon:CardType">
        <xsd:annotation>
          <xsd:documentation>The data of the card as present in the EDC database</xsd:documentation>
        </xsd:annotation>
      </xsd:element>
      <xsd:element name="legalData" type="LegalDataType">
        <xsd:annotation>
          <xsd:documentation>The legal data used for printing and sending the card.</xsd:documentation>
        </xsd:annotation>
      </xsd:element>
    </xsd:sequence>
  </xsd:complexType>
  <xsd:complexType name="LegalDataType">
    <xsd:annotation>
      <xsd:documentation>Type specifying the legal data used to determine the acceptability of the new card, and used to
				send to the printing firm for personalising the new card.</xsd:documentation>
    </xsd:annotation>
    <xsd:sequence>
      <xsd:element name="lastName" type="edccommon:NameType"/>
      <xsd:element name="firstName" type="edccommon:NameType" minOccurs="0"/>
      <xsd:element name="genderCode" type="edccommon:GenderCodeType"/>
      <xsd:element name="birthDate" type="common:IncompleteDateType"/>
      <xsd:element name="address" type="edccommon:AddressType"/>
      <xsd:element name="photoPresent" type="xsd:boolean"/>
    </xsd:sequence>
  </xsd:complexType>
</xsd:schema>]]></con:content><con:type>http://www.w3.org/2001/XMLSchema</con:type></con:part><con:part><con:url>file:/home/admin/projects/fidus/europeandisabilitycardservice_v2/EuropeanDisabilityCardServiceGateway/src/main/resources/wsdl/europeanDisabilityCardService/2.0.0/EuropeanDisabilityCard/common/EuropeanDisabilityCardCommonv1.xsd</con:url><con:content><![CDATA[<!--edited with XMLSpy v2008 rel. 2 sp2 (http://www.altova.com) by USER (KSZ-BCSS)-->
<!--========================================================================
       	 * Owner :               KSZ / CBSS
         * Creation date :       2017-06-14
         * Description :         Common Type definitions for the EuropeanDisabilityCard 
         * Revision History : 	 2017-06-14: Initial version
========================================================================-->
<xsd:schema targetNamespace="http://kszbcss.fgov.be/types/EuropeanDisabilityCard/common/v1" elementFormDefault="unqualified" attributeFormDefault="unqualified" version="2017-06-14" xmlns="http://kszbcss.fgov.be/types/EuropeanDisabilityCard/common/v1" xmlns:xsd="http://www.w3.org/2001/XMLSchema" xmlns:common="http://kszbcss.fgov.be/types/common/v3">
  <xsd:import namespace="http://kszbcss.fgov.be/types/common/v3" schemaLocation="../../common/CommonV3.xsd"/>
  <xsd:complexType name="CardType">
    <xsd:annotation>
      <xsd:documentation>Type specifying the data of a card as known in the EDC database</xsd:documentation>
    </xsd:annotation>
    <xsd:sequence>
      <xsd:element name="cardNumber" type="CardNumberType"/>
      <xsd:element name="lifePhase" type="LifePhaseType"/>
      <xsd:element name="failureOrReturnReason" type="xsd:string" minOccurs="0"/>
      <xsd:element name="validityBeginDate" type="xsd:date"/>
      <xsd:element name="validityEndDate" type="xsd:date"/>
      <xsd:element name="prematureValidityEndDate" type="xsd:date" minOccurs="0"/>
      <xsd:element name="emittingPartner" type="common:EnterpriseNumberType"/>
      <xsd:element name="latestUpdateTimestamp" type="xsd:dateTime"/>
    </xsd:sequence>
  </xsd:complexType>
  <xsd:simpleType name="CardNumberType">
    <xsd:annotation>
      <xsd:documentation>Type specifying the number of a card</xsd:documentation>
    </xsd:annotation>
    <xsd:restriction base="xsd:integer">
      <xsd:minInclusive value="10000000000"/>
      <xsd:maxInclusive value="99999999999"/>
    </xsd:restriction>
  </xsd:simpleType>
  <xsd:simpleType name="LifePhaseType">
    <xsd:annotation>
      <xsd:documentation>Type specifying the lifecycle of a card</xsd:documentation>
    </xsd:annotation>
    <xsd:restriction base="xsd:string">
      <xsd:enumeration value="REQUESTED"/>
      <xsd:enumeration value="PROCESSING"/>
      <xsd:enumeration value="SENT"/>
      <xsd:enumeration value="RETURNED"/>
      <xsd:enumeration value="FAILED"/>
      <xsd:enumeration value="CANCELED"/>
    </xsd:restriction>
  </xsd:simpleType>
  <xsd:simpleType name="GenderCodeType">
    <xsd:restriction base="xsd:string">
      <xsd:enumeration value="M"/>
      <xsd:enumeration value="F"/>
    </xsd:restriction>
  </xsd:simpleType>
  <xsd:simpleType name="NameType">
    <xsd:restriction base="xsd:string">
      <xsd:minLength value="1"/>
      <xsd:maxLength value="48"/>
    </xsd:restriction>
  </xsd:simpleType>
  <xsd:complexType name="AddressType">
    <xsd:choice>
      <xsd:element name="belgianAddress" type="BelgianAddressType"/>
      <xsd:element name="diplomaticPostAddress" type="DiplomaticPostAddressType"/>
    </xsd:choice>
  </xsd:complexType>
  <xsd:complexType name="DiplomaticPostAddressType">
    <xsd:sequence>
      <xsd:element name="countryName" type="common:DescriptionType"/>
      <xsd:element name="plainAddress" type="PlainAddressType"/>
    </xsd:sequence>
  </xsd:complexType>
  <xsd:complexType name="BelgianAddressType">
    <xsd:sequence>
      <xsd:element name="postalCode" type="PostalCodeType"/>
      <xsd:element name="cityName" type="common:DescriptionType"/>
      <xsd:element name="streetName" type="common:DescriptionType"/>
      <xsd:element name="houseNumber" type="HouseNumberType" minOccurs="0"/>
      <xsd:element name="boxNumber" type="BoxNumberType" minOccurs="0"/>
    </xsd:sequence>
  </xsd:complexType>
  <xsd:simpleType name="PlainAddressType">
    <xsd:restriction base="xsd:string">
      <xsd:minLength value="1"/>
      <xsd:maxLength value="300"/>
    </xsd:restriction>
  </xsd:simpleType>
  <xsd:simpleType name="PostalCodeType">
    <xsd:restriction base="xsd:string">
      <xsd:minLength value="1"/>
      <xsd:maxLength value="15"/>
    </xsd:restriction>
  </xsd:simpleType>
  <xsd:simpleType name="HouseNumberType">
    <xsd:restriction base="xsd:string">
      <xsd:minLength value="1"/>
      <xsd:maxLength value="12"/>
    </xsd:restriction>
  </xsd:simpleType>
  <xsd:simpleType name="BoxNumberType">
    <xsd:restriction base="xsd:string">
      <xsd:minLength value="1"/>
      <xsd:maxLength value="10"/>
    </xsd:restriction>
  </xsd:simpleType>
</xsd:schema>]]></con:content><con:type>http://www.w3.org/2001/XMLSchema</con:type></con:part></con:definitionCache><con:endpoints><con:endpoint>http://fidus.brussels/services/europeandisabilitycardservice/v2</con:endpoint><con:endpoint>https://192.168.22.45:8443/services/EuropeanDisabilityCardService_v2.0</con:endpoint><con:endpoint>https://192.168.22.51:8443/services/EuropeanDisabilityCardService_v2.0</con:endpoint><con:endpoint>https://esb-security-gw.sta.srv.cirb.lan:8443/services/EuropeanDisabilityCardService_v2.0</con:endpoint><con:endpoint>https://fidus-esb-sg.prd.srv.cirb.lan:8443/services/EuropeanDisabilityCardService_v2.0</con:endpoint><con:endpoint>https://fidus.sec.brussels/services/EuropeanDisabilityCardService_v2.0</con:endpoint><con:endpoint>https://localhost:8243/services/EuropeanDisabilityCardService_v2.0</con:endpoint></con:endpoints><con:operation id="ef319c4b-9a7e-4ea2-9892-fe3f1d6ca9ea" isOneWay="false" action="http://fidus.brussels/services/europeandisabilitycardservice/consultActiveCards" name="consultActiveCards" bindingOperationName="consultActiveCards" type="Request-Response" inputName="" receivesAttachments="false" sendsAttachments="false" anonymous="optional"><con:settings/><con:call id="acba097f-0cd4-482f-9c8c-3f4c0b67e991" name="01- Local -Request" outgoingWss="Outflow DEV" incomingWss="Inflow DEV"><con:settings><con:setting id="com.eviware.soapui.impl.wsdl.WsdlRequest@request-headers">&lt;xml-fragment/></con:setting></con:settings><con:encoding>UTF-8</con:encoding><con:endpoint>http://fidus.brussels/services/europeandisabilitycardservice/v2</con:endpoint><con:request><![CDATA[<soapenv:Envelope xmlns:soapenv="http://schemas.xmlsoap.org/soap/envelope/" xmlns:v1="http://fidus.brussels/service/europeandisabilitycardservice/messages/v1" xmlns:v11="http://fidus.brussels/type/common/messages/v1">
   <soapenv:Header/>
   <soapenv:Body>
      <v1:consultActiveCardsRequest>         
         <v1:messageContext>
            <v11:messageId>${=import static java.util.UUID.randomUUID; uuid = randomUUID() as String}</v11:messageId>
            <!--Optional:-->
            <v11:timestamp>${=new java.text.SimpleDateFormat("yyyy-MM-dd'T'HH:mm:ss.SSS").format(new Date())}</v11:timestamp>
         </v1:messageContext>
         <v1:legalContext>ServiceIntegrator</v1:legalContext>
         <v1:request>
            <v1:ssin>84072002129</v1:ssin>
            <!--Optional:-->
           
         </v1:request>
      </v1:consultActiveCardsRequest>
   </soapenv:Body>
</soapenv:Envelope>]]></con:request><con:credentials><con:selectedAuthProfile>Basic</con:selectedAuthProfile><con:addedBasicAuthenticationTypes>Basic</con:addedBasicAuthenticationTypes><con:authType>Global HTTP Settings</con:authType></con:credentials><con:jmsConfig JMSDeliveryMode="PERSISTENT"/><con:jmsPropertyConfig/><con:wsaConfig mustUnderstand="NONE" version="200508" action="http://fidus.brussels/services/europeandisabilitycardservice/consultActiveCards"/><con:wsrmConfig version="1.2"/></con:call><con:call id="4caf1354-7006-4515-8da7-e69afdc2bd17" name="02- DEV - Request" outgoingWss="Outflow DEV" incomingWss="Inflow DEV"><con:settings><con:setting id="com.eviware.soapui.impl.wsdl.WsdlRequest@request-headers">&lt;xml-fragment/></con:setting></con:settings><con:encoding>UTF-8</con:encoding><con:endpoint>http://fidus.brussels/services/europeandisabilitycardservice/v2</con:endpoint><con:request><![CDATA[<soapenv:Envelope xmlns:soapenv="http://schemas.xmlsoap.org/soap/envelope/" xmlns:v1="http://fidus.brussels/service/europeandisabilitycardservice/messages/v1" xmlns:v11="http://fidus.brussels/type/common/messages/v1">
   <soapenv:Header/>
   <soapenv:Body>
      <v1:consultActiveCardsRequest>         
         <v1:messageContext>
            <v11:messageId>${=import static java.util.UUID.randomUUID; uuid = randomUUID() as String}</v11:messageId>
            <!--Optional:-->
            <v11:timestamp>${=new java.text.SimpleDateFormat("yyyy-MM-dd'T'HH:mm:ss.SSS").format(new Date())}</v11:timestamp>
         </v1:messageContext>
         <v1:legalContext>ServiceIntegrator</v1:legalContext>
         <v1:request>
            <v1:ssin>84072002128</v1:ssin>
            <!--Optional:-->
            <v1:referenceDate>2017-05-01</v1:referenceDate>
         </v1:request>
      </v1:consultActiveCardsRequest>
   </soapenv:Body>
</soapenv:Envelope>]]></con:request><con:credentials><con:selectedAuthProfile>Basic</con:selectedAuthProfile><con:addedBasicAuthenticationTypes>Basic</con:addedBasicAuthenticationTypes><con:authType>Global HTTP Settings</con:authType></con:credentials><con:jmsConfig JMSDeliveryMode="PERSISTENT"/><con:jmsPropertyConfig/><con:wsaConfig mustUnderstand="NONE" version="200508" action="http://fidus.brussels/services/europeandisabilitycardservice/consultActiveCards"/><con:wsrmConfig version="1.2"/></con:call><con:call id="5df00541-c929-4c0e-9258-66229238e1c5" name="03- Test - External - Request" outgoingWss="Outflow TEST" incomingWss="Inflow TEST"><con:settings><con:setting id="com.eviware.soapui.impl.wsdl.WsdlRequest@request-headers">&lt;xml-fragment/></con:setting></con:settings><con:encoding>UTF-8</con:encoding><con:endpoint>http://fidus.brussels/services/europeandisabilitycardservice/v2</con:endpoint><con:request><![CDATA[<soapenv:Envelope xmlns:soapenv="http://schemas.xmlsoap.org/soap/envelope/" xmlns:v1="http://fidus.brussels/service/europeandisabilitycardservice/messages/v1" xmlns:v11="http://fidus.brussels/type/common/messages/v1">
   <soapenv:Header/>
   <soapenv:Body>
      <v1:consultActiveCardsRequest>         
         <v1:messageContext>
            <v11:messageId>${=import static java.util.UUID.randomUUID; uuid = randomUUID() as String}</v11:messageId>
            <!--Optional:-->
            <v11:timestamp>${=new java.text.SimpleDateFormat("yyyy-MM-dd'T'HH:mm:ss.SSS").format(new Date())}</v11:timestamp>
         </v1:messageContext>
         <v1:legalContext>ServiceIntegrator</v1:legalContext>
         <v1:request>
            <v1:ssin>84072002128</v1:ssin>
            <!--Optional:-->
            <v1:referenceDate>2017-05-01</v1:referenceDate>
         </v1:request>
      </v1:consultActiveCardsRequest>
   </soapenv:Body>
</soapenv:Envelope>]]></con:request><con:credentials><con:selectedAuthProfile>Basic</con:selectedAuthProfile><con:addedBasicAuthenticationTypes>Basic</con:addedBasicAuthenticationTypes><con:authType>Global HTTP Settings</con:authType></con:credentials><con:jmsConfig JMSDeliveryMode="PERSISTENT"/><con:jmsPropertyConfig/><con:wsaConfig mustUnderstand="NONE" version="200508" action="http://fidus.brussels/services/europeandisabilitycardservice/consultActiveCards"/><con:wsrmConfig version="1.2"/></con:call><con:call id="0f2074f7-9ea3-4d05-ae61-f811c9a70edc" name="03- Test - LB - Request" outgoingWss="Outflow TEST" incomingWss="Inflow TEST"><con:settings><con:setting id="com.eviware.soapui.impl.wsdl.WsdlRequest@request-headers">&lt;xml-fragment/></con:setting></con:settings><con:encoding>UTF-8</con:encoding><con:endpoint>http://fidus.brussels/services/europeandisabilitycardservice/v2</con:endpoint><con:request><![CDATA[<soapenv:Envelope xmlns:soapenv="http://schemas.xmlsoap.org/soap/envelope/" xmlns:v1="http://fidus.brussels/service/europeandisabilitycardservice/messages/v1" xmlns:v11="http://fidus.brussels/type/common/messages/v1">
   <soapenv:Header/>
   <soapenv:Body>
      <v1:consultActiveCardsRequest>         
         <v1:messageContext>
            <v11:messageId>${=import static java.util.UUID.randomUUID; uuid = randomUUID() as String}</v11:messageId>
            <!--Optional:-->
            <v11:timestamp>${=new java.text.SimpleDateFormat("yyyy-MM-dd'T'HH:mm:ss.SSS").format(new Date())}</v11:timestamp>
         </v1:messageContext>
         <v1:legalContext>ServiceIntegrator</v1:legalContext>
         <v1:request>
            <v1:ssin>84072002128</v1:ssin>
            <!--Optional:-->
            <v1:referenceDate>2017-05-01</v1:referenceDate>
         </v1:request>
      </v1:consultActiveCardsRequest>
   </soapenv:Body>
</soapenv:Envelope>]]></con:request><con:credentials><con:selectedAuthProfile>Basic</con:selectedAuthProfile><con:addedBasicAuthenticationTypes>Basic</con:addedBasicAuthenticationTypes><con:authType>Global HTTP Settings</con:authType></con:credentials><con:jmsConfig JMSDeliveryMode="PERSISTENT"/><con:jmsPropertyConfig/><con:wsaConfig mustUnderstand="NONE" version="200508" action="http://fidus.brussels/services/europeandisabilitycardservice/consultActiveCards"/><con:wsrmConfig version="1.2"/></con:call><con:call id="4f1017b7-0939-438e-a085-366fc054d3c2" name="03- Test - Worker1 - Request" outgoingWss="Outflow TEST" incomingWss="Inflow TEST"><con:settings><con:setting id="com.eviware.soapui.impl.wsdl.WsdlRequest@request-headers">&lt;xml-fragment/></con:setting></con:settings><con:encoding>UTF-8</con:encoding><con:endpoint>http://fidus.brussels/services/europeandisabilitycardservice/v2</con:endpoint><con:request><![CDATA[<soapenv:Envelope xmlns:soapenv="http://schemas.xmlsoap.org/soap/envelope/" xmlns:v1="http://fidus.brussels/service/europeandisabilitycardservice/messages/v1" xmlns:v11="http://fidus.brussels/type/common/messages/v1">
   <soapenv:Header/>
   <soapenv:Body>
      <v1:consultActiveCardsRequest>         
         <v1:messageContext>
            <v11:messageId>${=import static java.util.UUID.randomUUID; uuid = randomUUID() as String}</v11:messageId>
            <!--Optional:-->
            <v11:timestamp>${=new java.text.SimpleDateFormat("yyyy-MM-dd'T'HH:mm:ss.SSS").format(new Date())}</v11:timestamp>
         </v1:messageContext>
         <v1:legalContext>ServiceIntegrator</v1:legalContext>
         <v1:request>
            <v1:ssin>13081340449</v1:ssin>
            <!--<v1:referenceDate>2017-08-09</v1:referenceDate>-->
         </v1:request>
      </v1:consultActiveCardsRequest>
   </soapenv:Body>
</soapenv:Envelope>]]></con:request><con:credentials><con:selectedAuthProfile>Basic</con:selectedAuthProfile><con:addedBasicAuthenticationTypes>Basic</con:addedBasicAuthenticationTypes><con:authType>Global HTTP Settings</con:authType></con:credentials><con:jmsConfig JMSDeliveryMode="PERSISTENT"/><con:jmsPropertyConfig/><con:wsaConfig mustUnderstand="NONE" version="200508" action="http://fidus.brussels/services/europeandisabilitycardservice/consultActiveCards"/><con:wsrmConfig version="1.2"/></con:call><con:call id="3dbbb9a9-1195-460c-8a02-0e22734563a0" name="03- Test - Worker2 - Request" outgoingWss="Outflow DEV" incomingWss="Inflow DEV"><con:settings><con:setting id="com.eviware.soapui.impl.wsdl.WsdlRequest@request-headers">&lt;xml-fragment/></con:setting></con:settings><con:encoding>UTF-8</con:encoding><con:endpoint>http://fidus.brussels/services/europeandisabilitycardservice/v2</con:endpoint><con:request><![CDATA[<soapenv:Envelope xmlns:soapenv="http://schemas.xmlsoap.org/soap/envelope/" xmlns:v1="http://fidus.brussels/service/europeandisabilitycardservice/messages/v1" xmlns:v11="http://fidus.brussels/type/common/messages/v1">
   <soapenv:Header/>
   <soapenv:Body>
      <v1:consultActiveCardsRequest>         
         <v1:messageContext>
            <v11:messageId>${=import static java.util.UUID.randomUUID; uuid = randomUUID() as String}</v11:messageId>
            <!--Optional:-->
            <v11:timestamp>${=new java.text.SimpleDateFormat("yyyy-MM-dd'T'HH:mm:ss.SSS").format(new Date())}</v11:timestamp>
         </v1:messageContext>
         <v1:legalContext>ServiceIntegrator</v1:legalContext>
         <v1:request>
            <v1:ssin>84072002128</v1:ssin>
            <!--Optional:-->
            <v1:referenceDate>2017-05-01</v1:referenceDate>
         </v1:request>
      </v1:consultActiveCardsRequest>
   </soapenv:Body>
</soapenv:Envelope>]]></con:request><con:credentials><con:selectedAuthProfile>Basic</con:selectedAuthProfile><con:addedBasicAuthenticationTypes>Basic</con:addedBasicAuthenticationTypes><con:authType>Global HTTP Settings</con:authType></con:credentials><con:jmsConfig JMSDeliveryMode="PERSISTENT"/><con:jmsPropertyConfig/><con:wsaConfig mustUnderstand="NONE" version="200508" action="http://fidus.brussels/services/europeandisabilitycardservice/consultActiveCards"/><con:wsrmConfig version="1.2"/></con:call><con:call id="823f639a-8542-4d8b-be85-97f91f161681" name="03- Test - External - ActiveCard@RefDate - Request" outgoingWss="Outflow TEST" incomingWss="Inflow TEST"><con:settings><con:setting id="com.eviware.soapui.impl.wsdl.WsdlRequest@request-headers">&lt;xml-fragment/></con:setting></con:settings><con:encoding>UTF-8</con:encoding><con:endpoint>https://fidus-test.irisnetlab.be/services/EuropeanDisabilityCardService_v2.0</con:endpoint><con:request><![CDATA[<soapenv:Envelope xmlns:soapenv="http://schemas.xmlsoap.org/soap/envelope/" xmlns:v1="http://fidus.brussels/service/europeandisabilitycardservice/messages/v1" xmlns:v11="http://fidus.brussels/type/common/messages/v1">
   <soapenv:Header/>
   <soapenv:Body>
      <v1:consultActiveCardsRequest>         
         <v1:messageContext>
            <v11:messageId>${=import static java.util.UUID.randomUUID; uuid = randomUUID() as String}</v11:messageId>
            <!--Optional:-->
            <v11:timestamp>${=new java.text.SimpleDateFormat("yyyy-MM-dd'T'HH:mm:ss.SSS").format(new Date())}</v11:timestamp>
         </v1:messageContext>
         <v1:legalContext>ServiceIntegrator</v1:legalContext>
         <v1:request>
            <v1:ssin>81040964736</v1:ssin>
            <!--Optional:-->
            <v1:referenceDate>2017-08-09</v1:referenceDate>
         </v1:request>
      </v1:consultActiveCardsRequest>
   </soapenv:Body>
</soapenv:Envelope>]]></con:request><con:credentials><con:selectedAuthProfile>Basic</con:selectedAuthProfile><con:addedBasicAuthenticationTypes>Basic</con:addedBasicAuthenticationTypes><con:authType>Global HTTP Settings</con:authType></con:credentials><con:jmsConfig JMSDeliveryMode="PERSISTENT"/><con:jmsPropertyConfig/><con:wsaConfig mustUnderstand="NONE" version="200508" action="http://fidus.brussels/services/europeandisabilitycardservice/consultActiveCards"/><con:wsrmConfig version="1.2"/></con:call><con:call id="9aefa770-4978-44a5-b85c-b8d62f255487" name="03- Test - External - Card_NotActive@RefDate - Request" outgoingWss="Outflow TEST" incomingWss="Inflow TEST"><con:settings><con:setting id="com.eviware.soapui.impl.wsdl.WsdlRequest@request-headers">&lt;xml-fragment/></con:setting></con:settings><con:encoding>UTF-8</con:encoding><con:endpoint>http://fidus.brussels/services/europeandisabilitycardservice/v2</con:endpoint><con:request><![CDATA[<soapenv:Envelope xmlns:soapenv="http://schemas.xmlsoap.org/soap/envelope/" xmlns:v1="http://fidus.brussels/service/europeandisabilitycardservice/messages/v1" xmlns:v11="http://fidus.brussels/type/common/messages/v1">
   <soapenv:Header/>
   <soapenv:Body>
      <v1:consultActiveCardsRequest>         
         <v1:messageContext>
            <v11:messageId>${=import static java.util.UUID.randomUUID; uuid = randomUUID() as String}</v11:messageId>
            <!--Optional:-->
            <v11:timestamp>${=new java.text.SimpleDateFormat("yyyy-MM-dd'T'HH:mm:ss.SSS").format(new Date())}</v11:timestamp>
         </v1:messageContext>
         <v1:legalContext>ServiceIntegrator</v1:legalContext>
         <v1:request>
            <v1:ssin>81040964736</v1:ssin>
            <!--Optional:-->
            <v1:referenceDate>2017-08-01</v1:referenceDate>
         </v1:request>
      </v1:consultActiveCardsRequest>
   </soapenv:Body>
</soapenv:Envelope>]]></con:request><con:credentials><con:selectedAuthProfile>Basic</con:selectedAuthProfile><con:addedBasicAuthenticationTypes>Basic</con:addedBasicAuthenticationTypes><con:authType>Global HTTP Settings</con:authType></con:credentials><con:jmsConfig JMSDeliveryMode="PERSISTENT"/><con:jmsPropertyConfig/><con:wsaConfig mustUnderstand="NONE" version="200508" action="http://fidus.brussels/services/europeandisabilitycardservice/consultActiveCards"/><con:wsrmConfig version="1.2"/></con:call><con:call id="90cda7a4-0cb7-4414-b587-37d8cdbb263c" name="03- Test - External - CancelledSSIN_ActiveCard@RefDate - Request" outgoingWss="Outflow TEST" incomingWss="Inflow TEST"><con:settings><con:setting id="com.eviware.soapui.impl.wsdl.WsdlRequest@request-headers">&lt;xml-fragment/></con:setting></con:settings><con:encoding>UTF-8</con:encoding><con:endpoint>http://fidus.brussels/services/europeandisabilitycardservice/v2</con:endpoint><con:request><![CDATA[<soapenv:Envelope xmlns:soapenv="http://schemas.xmlsoap.org/soap/envelope/" xmlns:v1="http://fidus.brussels/service/europeandisabilitycardservice/messages/v1" xmlns:v11="http://fidus.brussels/type/common/messages/v1">
   <soapenv:Header/>
   <soapenv:Body>
      <v1:consultActiveCardsRequest>         
         <v1:messageContext>
            <v11:messageId>${=import static java.util.UUID.randomUUID; uuid = randomUUID() as String}</v11:messageId>
            <!--Optional:-->
            <v11:timestamp>${=new java.text.SimpleDateFormat("yyyy-MM-dd'T'HH:mm:ss.SSS").format(new Date())}</v11:timestamp>
         </v1:messageContext>
         <v1:legalContext>ServiceIntegrator</v1:legalContext>
         <v1:request>
            <v1:ssin>89120121658</v1:ssin>
            <!--Optional:-->
            <v1:referenceDate>2017-08-09</v1:referenceDate>
         </v1:request>
      </v1:consultActiveCardsRequest>
   </soapenv:Body>
</soapenv:Envelope>]]></con:request><con:credentials><con:selectedAuthProfile>Basic</con:selectedAuthProfile><con:addedBasicAuthenticationTypes>Basic</con:addedBasicAuthenticationTypes><con:authType>Global HTTP Settings</con:authType></con:credentials><con:jmsConfig JMSDeliveryMode="PERSISTENT"/><con:jmsPropertyConfig/><con:wsaConfig mustUnderstand="NONE" version="200508" action="http://fidus.brussels/services/europeandisabilitycardservice/consultActiveCards"/><con:wsrmConfig version="1.2"/></con:call><con:call id="f0493f49-321a-4cb8-bc8a-da4fbb667dc7" name="03- Test - External - CancelledSSIN_Card_NotActive - Request" outgoingWss="Outflow TEST" incomingWss="Inflow TEST"><con:settings><con:setting id="com.eviware.soapui.impl.wsdl.WsdlRequest@request-headers">&lt;xml-fragment/></con:setting></con:settings><con:encoding>UTF-8</con:encoding><con:endpoint>http://fidus.brussels/services/europeandisabilitycardservice/v2</con:endpoint><con:request><![CDATA[<soapenv:Envelope xmlns:soapenv="http://schemas.xmlsoap.org/soap/envelope/" xmlns:v1="http://fidus.brussels/service/europeandisabilitycardservice/messages/v1" xmlns:v11="http://fidus.brussels/type/common/messages/v1">
   <soapenv:Header/>
   <soapenv:Body>
      <v1:consultActiveCardsRequest>         
         <v1:messageContext>
            <v11:messageId>${=import static java.util.UUID.randomUUID; uuid = randomUUID() as String}</v11:messageId>
            <!--Optional:-->
            <v11:timestamp>${=new java.text.SimpleDateFormat("yyyy-MM-dd'T'HH:mm:ss.SSS").format(new Date())}</v11:timestamp>
         </v1:messageContext>
         <v1:legalContext>ServiceIntegrator</v1:legalContext>
         <v1:request>
            <v1:ssin>49010193967</v1:ssin>
            <!--Optional:-->
            <v1:referenceDate>2017-08-01</v1:referenceDate>
         </v1:request>
      </v1:consultActiveCardsRequest>
   </soapenv:Body>
</soapenv:Envelope>]]></con:request><con:credentials><con:selectedAuthProfile>Basic</con:selectedAuthProfile><con:addedBasicAuthenticationTypes>Basic</con:addedBasicAuthenticationTypes><con:authType>Global HTTP Settings</con:authType></con:credentials><con:jmsConfig JMSDeliveryMode="PERSISTENT"/><con:jmsPropertyConfig/><con:wsaConfig mustUnderstand="NONE" version="200508" action="http://fidus.brussels/services/europeandisabilitycardservice/consultActiveCards"/><con:wsrmConfig version="1.2"/></con:call><con:call id="b9e1b3c8-b87f-43a6-a65c-75673234db98" name="03- Test - External - SSIN_DeceasedPerson_Card_Active - Request" outgoingWss="Outflow TEST" incomingWss="Inflow TEST"><con:settings><con:setting id="com.eviware.soapui.impl.wsdl.WsdlRequest@request-headers">&lt;xml-fragment/></con:setting></con:settings><con:encoding>UTF-8</con:encoding><con:endpoint>http://fidus.brussels/services/europeandisabilitycardservice/v2</con:endpoint><con:request><![CDATA[<soapenv:Envelope xmlns:soapenv="http://schemas.xmlsoap.org/soap/envelope/" xmlns:v1="http://fidus.brussels/service/europeandisabilitycardservice/messages/v1" xmlns:v11="http://fidus.brussels/type/common/messages/v1">
   <soapenv:Header/>
   <soapenv:Body>
      <v1:consultActiveCardsRequest>         
         <v1:messageContext>
            <v11:messageId>${=import static java.util.UUID.randomUUID; uuid = randomUUID() as String}</v11:messageId>
            <!--Optional:-->
            <v11:timestamp>${=new java.text.SimpleDateFormat("yyyy-MM-dd'T'HH:mm:ss.SSS").format(new Date())}</v11:timestamp>
         </v1:messageContext>
         <v1:legalContext>ServiceIntegrator</v1:legalContext>
         <v1:request>
            <v1:ssin>21033027563</v1:ssin>
            <!--Optional:-->
            <v1:referenceDate>2017-08-09</v1:referenceDate>
         </v1:request>
      </v1:consultActiveCardsRequest>
   </soapenv:Body>
</soapenv:Envelope>]]></con:request><con:credentials><con:selectedAuthProfile>Basic</con:selectedAuthProfile><con:addedBasicAuthenticationTypes>Basic</con:addedBasicAuthenticationTypes><con:authType>Global HTTP Settings</con:authType></con:credentials><con:jmsConfig JMSDeliveryMode="PERSISTENT"/><con:jmsPropertyConfig/><con:wsaConfig mustUnderstand="NONE" version="200508" action="http://fidus.brussels/services/europeandisabilitycardservice/consultActiveCards"/><con:wsrmConfig version="1.2"/></con:call><con:call id="a1f5c879-3a17-42f5-bd49-01f845596af3" name="03- Test - External - SSIN_DeceasedPerson_NoCard_Active - Request" outgoingWss="Outflow TEST" incomingWss="Inflow TEST"><con:settings><con:setting id="com.eviware.soapui.impl.wsdl.WsdlRequest@request-headers">&lt;xml-fragment/></con:setting></con:settings><con:encoding>UTF-8</con:encoding><con:endpoint>http://fidus.brussels/services/europeandisabilitycardservice/v2</con:endpoint><con:request><![CDATA[<soapenv:Envelope xmlns:soapenv="http://schemas.xmlsoap.org/soap/envelope/" xmlns:v1="http://fidus.brussels/service/europeandisabilitycardservice/messages/v1" xmlns:v11="http://fidus.brussels/type/common/messages/v1">
   <soapenv:Header/>
   <soapenv:Body>
      <v1:consultActiveCardsRequest>         
         <v1:messageContext>
            <v11:messageId>${=import static java.util.UUID.randomUUID; uuid = randomUUID() as String}</v11:messageId>
            <!--Optional:-->
            <v11:timestamp>${=new java.text.SimpleDateFormat("yyyy-MM-dd'T'HH:mm:ss.SSS").format(new Date())}</v11:timestamp>
         </v1:messageContext>
         <v1:legalContext>ServiceIntegrator</v1:legalContext>
         <v1:request>
            <v1:ssin>18100808031</v1:ssin>
            <!--Optional:-->
            <v1:referenceDate>2017-08-09</v1:referenceDate>
         </v1:request>
      </v1:consultActiveCardsRequest>
   </soapenv:Body>
</soapenv:Envelope>]]></con:request><con:credentials><con:selectedAuthProfile>Basic</con:selectedAuthProfile><con:addedBasicAuthenticationTypes>Basic</con:addedBasicAuthenticationTypes><con:authType>Global HTTP Settings</con:authType></con:credentials><con:jmsConfig JMSDeliveryMode="PERSISTENT"/><con:jmsPropertyConfig/><con:wsaConfig mustUnderstand="NONE" version="200508" action="http://fidus.brussels/services/europeandisabilitycardservice/consultActiveCards"/><con:wsrmConfig version="1.2"/></con:call><con:call id="b02ed8fb-60ab-406e-b04f-dcb29854b8ca" name="03- Test - External - Card_Active@SysDate - Request" outgoingWss="Outflow TEST" incomingWss="Inflow TEST"><con:settings><con:setting id="com.eviware.soapui.impl.wsdl.WsdlRequest@request-headers">&lt;xml-fragment/></con:setting></con:settings><con:encoding>UTF-8</con:encoding><con:endpoint>http://fidus.brussels/services/europeandisabilitycardservice/v2</con:endpoint><con:request><![CDATA[<soapenv:Envelope xmlns:soapenv="http://schemas.xmlsoap.org/soap/envelope/" xmlns:v1="http://fidus.brussels/service/europeandisabilitycardservice/messages/v1" xmlns:v11="http://fidus.brussels/type/common/messages/v1">
   <soapenv:Header/>
   <soapenv:Body>
      <v1:consultActiveCardsRequest>         
         <v1:messageContext>
            <v11:messageId>${=import static java.util.UUID.randomUUID; uuid = randomUUID() as String}</v11:messageId>
            <!--Optional:-->
            <v11:timestamp>${=new java.text.SimpleDateFormat("yyyy-MM-dd'T'HH:mm:ss.SSS").format(new Date())}</v11:timestamp>
         </v1:messageContext>
         <v1:legalContext>ServiceIntegrator</v1:legalContext>
         <v1:request>
            <v1:ssin>64061324572</v1:ssin>                     
         </v1:request>
      </v1:consultActiveCardsRequest>
   </soapenv:Body>
</soapenv:Envelope>]]></con:request><con:credentials><con:selectedAuthProfile>Basic</con:selectedAuthProfile><con:addedBasicAuthenticationTypes>Basic</con:addedBasicAuthenticationTypes><con:authType>Global HTTP Settings</con:authType></con:credentials><con:jmsConfig JMSDeliveryMode="PERSISTENT"/><con:jmsPropertyConfig/><con:wsaConfig mustUnderstand="NONE" version="200508" action="http://fidus.brussels/services/europeandisabilitycardservice/consultActiveCards"/><con:wsrmConfig version="1.2"/></con:call><con:call id="508b25c0-a234-493d-9273-9a0b45451a5f" name="03- Test - External - Card_Active_OtherPartner - Request" outgoingWss="Outflow TEST" incomingWss="Inflow TEST"><con:settings><con:setting id="com.eviware.soapui.impl.wsdl.WsdlRequest@request-headers">&lt;xml-fragment/></con:setting></con:settings><con:encoding>UTF-8</con:encoding><con:endpoint>http://fidus.brussels/services/europeandisabilitycardservice/v2</con:endpoint><con:request><![CDATA[<soapenv:Envelope xmlns:soapenv="http://schemas.xmlsoap.org/soap/envelope/" xmlns:v1="http://fidus.brussels/service/europeandisabilitycardservice/messages/v1" xmlns:v11="http://fidus.brussels/type/common/messages/v1">
   <soapenv:Header/>
   <soapenv:Body>
      <v1:consultActiveCardsRequest>         
         <v1:messageContext>
            <v11:messageId>${=import static java.util.UUID.randomUUID; uuid = randomUUID() as String}</v11:messageId>
            <!--Optional:-->
            <v11:timestamp>${=new java.text.SimpleDateFormat("yyyy-MM-dd'T'HH:mm:ss.SSS").format(new Date())}</v11:timestamp>
         </v1:messageContext>
         <v1:legalContext>ServiceIntegrator</v1:legalContext>
         <v1:request>
            <v1:ssin>81091318921</v1:ssin>
         </v1:request>
      </v1:consultActiveCardsRequest>
   </soapenv:Body>
</soapenv:Envelope>]]></con:request><con:credentials><con:selectedAuthProfile>Basic</con:selectedAuthProfile><con:addedBasicAuthenticationTypes>Basic</con:addedBasicAuthenticationTypes><con:authType>Global HTTP Settings</con:authType></con:credentials><con:jmsConfig JMSDeliveryMode="PERSISTENT"/><con:jmsPropertyConfig/><con:wsaConfig mustUnderstand="NONE" version="200508" action="http://fidus.brussels/services/europeandisabilitycardservice/consultActiveCards"/><con:wsrmConfig version="1.2"/></con:call><con:call id="f114f902-b795-4e31-8bd6-71b991e06b2e" name="03- Test - External - Invalid_ReferenceDate - Request" outgoingWss="Outflow TEST" incomingWss="Inflow TEST"><con:settings><con:setting id="com.eviware.soapui.impl.wsdl.WsdlRequest@request-headers">&lt;xml-fragment/></con:setting></con:settings><con:encoding>UTF-8</con:encoding><con:endpoint>http://fidus.brussels/services/europeandisabilitycardservice/v2</con:endpoint><con:request><![CDATA[<soapenv:Envelope xmlns:soapenv="http://schemas.xmlsoap.org/soap/envelope/" xmlns:v1="http://fidus.brussels/service/europeandisabilitycardservice/messages/v1" xmlns:v11="http://fidus.brussels/type/common/messages/v1">
   <soapenv:Header/>
   <soapenv:Body>
      <v1:consultActiveCardsRequest>         
         <v1:messageContext>
            <v11:messageId>${=import static java.util.UUID.randomUUID; uuid = randomUUID() as String}</v11:messageId>
            <!--Optional:-->
            <v11:timestamp>${=new java.text.SimpleDateFormat("yyyy-MM-dd'T'HH:mm:ss.SSS").format(new Date())}</v11:timestamp>
         </v1:messageContext>
         <v1:legalContext>ServiceIntegrator</v1:legalContext>
         <v1:request>
            <v1:ssin>81091318921</v1:ssin>
            <v1:referenceDate>2016-01-01</v1:referenceDate>
         </v1:request>
      </v1:consultActiveCardsRequest>
   </soapenv:Body>
</soapenv:Envelope>]]></con:request><con:credentials><con:selectedAuthProfile>Basic</con:selectedAuthProfile><con:addedBasicAuthenticationTypes>Basic</con:addedBasicAuthenticationTypes><con:authType>Global HTTP Settings</con:authType></con:credentials><con:jmsConfig JMSDeliveryMode="PERSISTENT"/><con:jmsPropertyConfig/><con:wsaConfig mustUnderstand="NONE" version="200508" action="http://fidus.brussels/services/europeandisabilitycardservice/consultActiveCards"/><con:wsrmConfig version="1.2"/></con:call><con:call id="55f358a0-5e8c-407c-aacd-775ebf737bfe" name="03- Test - External - Invalid_ReferenceDate2 - Request" outgoingWss="Outflow TEST" incomingWss="Inflow TEST"><con:settings><con:setting id="com.eviware.soapui.impl.wsdl.WsdlRequest@request-headers">&lt;xml-fragment/></con:setting></con:settings><con:encoding>UTF-8</con:encoding><con:endpoint>http://fidus.brussels/services/europeandisabilitycardservice/v2</con:endpoint><con:request><![CDATA[<soapenv:Envelope xmlns:soapenv="http://schemas.xmlsoap.org/soap/envelope/" xmlns:v1="http://fidus.brussels/service/europeandisabilitycardservice/messages/v1" xmlns:v11="http://fidus.brussels/type/common/messages/v1">
   <soapenv:Header/>
   <soapenv:Body>
      <v1:consultActiveCardsRequest>         
         <v1:messageContext>
            <v11:messageId>${=import static java.util.UUID.randomUUID; uuid = randomUUID() as String}</v11:messageId>
            <!--Optional:-->
            <v11:timestamp>${=new java.text.SimpleDateFormat("yyyy-MM-dd'T'HH:mm:ss.SSS").format(new Date())}</v11:timestamp>
         </v1:messageContext>
         <v1:legalContext>ServiceIntegrator</v1:legalContext>
         <v1:request>
            <v1:ssin>81091318921</v1:ssin>
            <v1:referenceDate>2020-01-01</v1:referenceDate>
         </v1:request>
      </v1:consultActiveCardsRequest>
   </soapenv:Body>
</soapenv:Envelope>]]></con:request><con:credentials><con:selectedAuthProfile>Basic</con:selectedAuthProfile><con:addedBasicAuthenticationTypes>Basic</con:addedBasicAuthenticationTypes><con:authType>Global HTTP Settings</con:authType></con:credentials><con:jmsConfig JMSDeliveryMode="PERSISTENT"/><con:jmsPropertyConfig/><con:wsaConfig mustUnderstand="NONE" version="200508" action="http://fidus.brussels/services/europeandisabilitycardservice/consultActiveCards"/><con:wsrmConfig version="1.2"/></con:call><con:call id="e1f070f1-eaf8-41e8-9360-3130a33b5129" name="04- Staging - External - Request" outgoingWss="Outflow STAGING" incomingWss="Inflow STAGING"><con:settings><con:setting id="com.eviware.soapui.impl.wsdl.WsdlRequest@request-headers">&lt;xml-fragment/></con:setting></con:settings><con:encoding>UTF-8</con:encoding><con:endpoint>http://fidus.brussels/services/europeandisabilitycardservice/v2</con:endpoint><con:request><![CDATA[<soapenv:Envelope xmlns:soapenv="http://schemas.xmlsoap.org/soap/envelope/" xmlns:v1="http://fidus.brussels/service/europeandisabilitycardservice/messages/v1" xmlns:v11="http://fidus.brussels/type/common/messages/v1">
   <soapenv:Header/>
   <soapenv:Body>
      <v1:consultActiveCardsRequest>         
         <v1:messageContext>
            <v11:messageId>${=import static java.util.UUID.randomUUID; uuid = randomUUID() as String}</v11:messageId>
            <!--Optional:-->
            <v11:timestamp>${=new java.text.SimpleDateFormat("yyyy-MM-dd'T'HH:mm:ss.SSS").format(new Date())}</v11:timestamp>
         </v1:messageContext>
         <v1:legalContext>ServiceIntegrator</v1:legalContext>
         <v1:request>
            <v1:ssin>10022104563</v1:ssin>
            <!--Optional:-->
            <v1:referenceDate>2017-09-01</v1:referenceDate>
         </v1:request>
      </v1:consultActiveCardsRequest>
   </soapenv:Body>
</soapenv:Envelope>]]></con:request><con:credentials><con:selectedAuthProfile>Basic</con:selectedAuthProfile><con:addedBasicAuthenticationTypes>Basic</con:addedBasicAuthenticationTypes><con:authType>Global HTTP Settings</con:authType></con:credentials><con:jmsConfig JMSDeliveryMode="PERSISTENT"/><con:jmsPropertyConfig/><con:wsaConfig mustUnderstand="NONE" version="200508" action="http://fidus.brussels/services/europeandisabilitycardservice/consultActiveCards"/><con:wsrmConfig version="1.2"/></con:call><con:call id="f3c37312-2b61-48eb-93b2-50c7d4ac2a45" name="04- Staging - LB - Request" outgoingWss="Outflow STAGING" incomingWss="Inflow STAGING"><con:settings><con:setting id="com.eviware.soapui.impl.wsdl.WsdlRequest@request-headers">&lt;xml-fragment/></con:setting></con:settings><con:encoding>UTF-8</con:encoding><con:endpoint>http://fidus.brussels/services/europeandisabilitycardservice/v2</con:endpoint><con:request><![CDATA[<soapenv:Envelope xmlns:soapenv="http://schemas.xmlsoap.org/soap/envelope/" xmlns:v1="http://fidus.brussels/service/europeandisabilitycardservice/messages/v1" xmlns:v11="http://fidus.brussels/type/common/messages/v1">
   <soapenv:Header/>
   <soapenv:Body>
      <v1:consultActiveCardsRequest>         
         <v1:messageContext>
            <v11:messageId>${=import static java.util.UUID.randomUUID; uuid = randomUUID() as String}</v11:messageId>
            <!--Optional:-->
            <v11:timestamp>${=new java.text.SimpleDateFormat("yyyy-MM-dd'T'HH:mm:ss.SSS").format(new Date())}</v11:timestamp>
         </v1:messageContext>
         <v1:legalContext>ServiceIntegrator</v1:legalContext>
         <v1:request>
            <v1:ssin>10022104563</v1:ssin>
            <!--Optional:-->
            <v1:referenceDate>2017-09-01</v1:referenceDate>
         </v1:request>
      </v1:consultActiveCardsRequest>
   </soapenv:Body>
</soapenv:Envelope>]]></con:request><con:credentials><con:selectedAuthProfile>Basic</con:selectedAuthProfile><con:addedBasicAuthenticationTypes>Basic</con:addedBasicAuthenticationTypes><con:authType>Global HTTP Settings</con:authType></con:credentials><con:jmsConfig JMSDeliveryMode="PERSISTENT"/><con:jmsPropertyConfig/><con:wsaConfig mustUnderstand="NONE" version="200508" action="http://fidus.brussels/services/europeandisabilitycardservice/consultActiveCards"/><con:wsrmConfig version="1.2"/></con:call><con:call id="c007a15c-7f63-4a1e-bc10-5e53502bb3d1" name="04- Staging - Worker1 - Request" outgoingWss="Outflow STAGING" incomingWss="Inflow STAGING"><con:settings><con:setting id="com.eviware.soapui.impl.wsdl.WsdlRequest@request-headers">&lt;xml-fragment/></con:setting></con:settings><con:encoding>UTF-8</con:encoding><con:endpoint>http://fidus.brussels/services/europeandisabilitycardservice/v2</con:endpoint><con:request><![CDATA[<soapenv:Envelope xmlns:soapenv="http://schemas.xmlsoap.org/soap/envelope/" xmlns:v1="http://fidus.brussels/service/europeandisabilitycardservice/messages/v1" xmlns:v11="http://fidus.brussels/type/common/messages/v1">
   <soapenv:Header/>
   <soapenv:Body>
      <v1:consultActiveCardsRequest>         
         <v1:messageContext>
            <v11:messageId>${=import static java.util.UUID.randomUUID; uuid = randomUUID() as String}</v11:messageId>
            <!--Optional:-->
            <v11:timestamp>${=new java.text.SimpleDateFormat("yyyy-MM-dd'T'HH:mm:ss.SSS").format(new Date())}</v11:timestamp>
         </v1:messageContext>
         <v1:legalContext>ServiceIntegrator</v1:legalContext>
         <v1:request>
            <v1:ssin>10022104563</v1:ssin>
            <!--Optional:-->
            <v1:referenceDate>2017-09-01</v1:referenceDate>
         </v1:request>
      </v1:consultActiveCardsRequest>
   </soapenv:Body>
</soapenv:Envelope>]]></con:request><con:credentials><con:selectedAuthProfile>Basic</con:selectedAuthProfile><con:addedBasicAuthenticationTypes>Basic</con:addedBasicAuthenticationTypes><con:authType>Global HTTP Settings</con:authType></con:credentials><con:jmsConfig JMSDeliveryMode="PERSISTENT"/><con:jmsPropertyConfig/><con:wsaConfig mustUnderstand="NONE" version="200508" action="http://fidus.brussels/services/europeandisabilitycardservice/consultActiveCards"/><con:wsrmConfig version="1.2"/></con:call><con:call id="2fb4cdef-d76a-4ad6-8463-aff9206eb05e" name="04- Staging - Worker2 - Request" outgoingWss="Outflow STAGING" incomingWss="Inflow STAGING"><con:settings><con:setting id="com.eviware.soapui.impl.wsdl.WsdlRequest@request-headers">&lt;xml-fragment/></con:setting></con:settings><con:encoding>UTF-8</con:encoding><con:endpoint>http://fidus.brussels/services/europeandisabilitycardservice/v2</con:endpoint><con:request><![CDATA[<soapenv:Envelope xmlns:soapenv="http://schemas.xmlsoap.org/soap/envelope/" xmlns:v1="http://fidus.brussels/service/europeandisabilitycardservice/messages/v1" xmlns:v11="http://fidus.brussels/type/common/messages/v1">
   <soapenv:Header/>
   <soapenv:Body>
      <v1:consultActiveCardsRequest>         
         <v1:messageContext>
            <v11:messageId>${=import static java.util.UUID.randomUUID; uuid = randomUUID() as String}</v11:messageId>
            <!--Optional:-->
            <v11:timestamp>${=new java.text.SimpleDateFormat("yyyy-MM-dd'T'HH:mm:ss.SSS").format(new Date())}</v11:timestamp>
         </v1:messageContext>
         <v1:legalContext>ServiceIntegrator</v1:legalContext>
         <v1:request>
            <v1:ssin>10022104563</v1:ssin>
            <!--Optional:-->
            <v1:referenceDate>2017-09-01</v1:referenceDate>
         </v1:request>
      </v1:consultActiveCardsRequest>
   </soapenv:Body>
</soapenv:Envelope>]]></con:request><con:credentials><con:selectedAuthProfile>Basic</con:selectedAuthProfile><con:addedBasicAuthenticationTypes>Basic</con:addedBasicAuthenticationTypes><con:authType>Global HTTP Settings</con:authType></con:credentials><con:jmsConfig JMSDeliveryMode="PERSISTENT"/><con:jmsPropertyConfig/><con:wsaConfig mustUnderstand="NONE" version="200508" action="http://fidus.brussels/services/europeandisabilitycardservice/consultActiveCards"/><con:wsrmConfig version="1.2"/></con:call><con:call id="01fea03e-ab33-421c-99a9-f1f5f5ebc4e5" name="05- Prod - External - Request" outgoingWss="Outflow PROD" incomingWss="Inflow PROD"><con:settings><con:setting id="com.eviware.soapui.impl.wsdl.WsdlRequest@request-headers">&lt;xml-fragment/></con:setting></con:settings><con:encoding>UTF-8</con:encoding><con:endpoint>http://fidus.brussels/services/europeandisabilitycardservice/v2</con:endpoint><con:request><![CDATA[<soapenv:Envelope xmlns:soapenv="http://schemas.xmlsoap.org/soap/envelope/" xmlns:v1="http://fidus.brussels/service/europeandisabilitycardservice/messages/v1" xmlns:v11="http://fidus.brussels/type/common/messages/v1">
   <soapenv:Header/>
   <soapenv:Body>
      <v1:consultActiveCardsRequest>         
         <v1:messageContext>
            <v11:messageId>${=import static java.util.UUID.randomUUID; uuid = randomUUID() as String}</v11:messageId>
            <!--Optional:-->
            <v11:timestamp>${=new java.text.SimpleDateFormat("yyyy-MM-dd'T'HH:mm:ss.SSS").format(new Date())}</v11:timestamp>
         </v1:messageContext>
         <v1:legalContext>ServiceIntegrator</v1:legalContext>
         <v1:request>
            <v1:ssin>10022104563</v1:ssin>
            <!--Optional:-->
            <v1:referenceDate>2017-09-01</v1:referenceDate>
         </v1:request>
      </v1:consultActiveCardsRequest>
   </soapenv:Body>
</soapenv:Envelope>]]></con:request><con:credentials><con:selectedAuthProfile>Basic</con:selectedAuthProfile><con:addedBasicAuthenticationTypes>Basic</con:addedBasicAuthenticationTypes><con:authType>Global HTTP Settings</con:authType></con:credentials><con:jmsConfig JMSDeliveryMode="PERSISTENT"/><con:jmsPropertyConfig/><con:wsaConfig mustUnderstand="NONE" version="200508" action="http://fidus.brussels/services/europeandisabilitycardservice/consultActiveCards"/><con:wsrmConfig version="1.2"/></con:call><con:call id="693b67f6-ee6d-4861-a49d-4148dff74df3" name="05- Prod - LB - Request" outgoingWss="Outflow PROD" incomingWss="Inflow PROD"><con:settings><con:setting id="com.eviware.soapui.impl.wsdl.WsdlRequest@request-headers">&lt;xml-fragment/></con:setting></con:settings><con:encoding>UTF-8</con:encoding><con:endpoint>http://fidus.brussels/services/europeandisabilitycardservice/v2</con:endpoint><con:request><![CDATA[<soapenv:Envelope xmlns:soapenv="http://schemas.xmlsoap.org/soap/envelope/" xmlns:v1="http://fidus.brussels/service/europeandisabilitycardservice/messages/v1" xmlns:v11="http://fidus.brussels/type/common/messages/v1">
   <soapenv:Header/>
   <soapenv:Body>
      <v1:consultActiveCardsRequest>         
         <v1:messageContext>
            <v11:messageId>${=import static java.util.UUID.randomUUID; uuid = randomUUID() as String}</v11:messageId>
            <!--Optional:-->
            <v11:timestamp>${=new java.text.SimpleDateFormat("yyyy-MM-dd'T'HH:mm:ss.SSS").format(new Date())}</v11:timestamp>
         </v1:messageContext>
         <v1:legalContext>ServiceIntegrator</v1:legalContext>
         <v1:request>
            <v1:ssin>10022104563</v1:ssin>
            <!--Optional:-->
            <v1:referenceDate>2017-09-01</v1:referenceDate>
         </v1:request>
      </v1:consultActiveCardsRequest>
   </soapenv:Body>
</soapenv:Envelope>]]></con:request><con:credentials><con:selectedAuthProfile>Basic</con:selectedAuthProfile><con:addedBasicAuthenticationTypes>Basic</con:addedBasicAuthenticationTypes><con:authType>Global HTTP Settings</con:authType></con:credentials><con:jmsConfig JMSDeliveryMode="PERSISTENT"/><con:jmsPropertyConfig/><con:wsaConfig mustUnderstand="NONE" version="200508" action="http://fidus.brussels/services/europeandisabilitycardservice/consultActiveCards"/><con:wsrmConfig version="1.2"/></con:call><con:call id="6f907474-3fe0-436a-a9e5-ee399e161ffb" name="05- Prod - Worker1 - Request" outgoingWss="Outflow PROD" incomingWss="Inflow PROD"><con:settings><con:setting id="com.eviware.soapui.impl.wsdl.WsdlRequest@request-headers">&lt;xml-fragment/></con:setting></con:settings><con:encoding>UTF-8</con:encoding><con:endpoint>http://fidus.brussels/services/europeandisabilitycardservice/v2</con:endpoint><con:request><![CDATA[<soapenv:Envelope xmlns:soapenv="http://schemas.xmlsoap.org/soap/envelope/" xmlns:v1="http://fidus.brussels/service/europeandisabilitycardservice/messages/v1" xmlns:v11="http://fidus.brussels/type/common/messages/v1">
   <soapenv:Header/>
   <soapenv:Body>
      <v1:consultActiveCardsRequest>         
         <v1:messageContext>
            <v11:messageId>${=import static java.util.UUID.randomUUID; uuid = randomUUID() as String}</v11:messageId>
            <!--Optional:-->
            <v11:timestamp>${=new java.text.SimpleDateFormat("yyyy-MM-dd'T'HH:mm:ss.SSS").format(new Date())}</v11:timestamp>
         </v1:messageContext>
         <v1:legalContext>ServiceIntegrator</v1:legalContext>
         <v1:request>
            <v1:ssin>10022104563</v1:ssin>
            <!--Optional:-->
            <v1:referenceDate>2017-09-01</v1:referenceDate>
         </v1:request>
      </v1:consultActiveCardsRequest>
   </soapenv:Body>
</soapenv:Envelope>]]></con:request><con:credentials><con:selectedAuthProfile>Basic</con:selectedAuthProfile><con:addedBasicAuthenticationTypes>Basic</con:addedBasicAuthenticationTypes><con:authType>Global HTTP Settings</con:authType></con:credentials><con:jmsConfig JMSDeliveryMode="PERSISTENT"/><con:jmsPropertyConfig/><con:wsaConfig mustUnderstand="NONE" version="200508" action="http://fidus.brussels/services/europeandisabilitycardservice/consultActiveCards"/><con:wsrmConfig version="1.2"/></con:call><con:call id="5552ac5e-6004-4bfe-96b8-d56c0688312f" name="05- Prod - Worker2 - Request" outgoingWss="Outflow PROD" incomingWss="Inflow PROD"><con:settings><con:setting id="com.eviware.soapui.impl.wsdl.WsdlRequest@request-headers">&lt;xml-fragment/></con:setting></con:settings><con:encoding>UTF-8</con:encoding><con:endpoint>http://fidus.brussels/services/europeandisabilitycardservice/v2</con:endpoint><con:request><![CDATA[<soapenv:Envelope xmlns:soapenv="http://schemas.xmlsoap.org/soap/envelope/" xmlns:v1="http://fidus.brussels/service/europeandisabilitycardservice/messages/v1" xmlns:v11="http://fidus.brussels/type/common/messages/v1">
   <soapenv:Header/>
   <soapenv:Body>
      <v1:consultActiveCardsRequest>         
         <v1:messageContext>
            <v11:messageId>${=import static java.util.UUID.randomUUID; uuid = randomUUID() as String}</v11:messageId>
            <!--Optional:-->
            <v11:timestamp>${=new java.text.SimpleDateFormat("yyyy-MM-dd'T'HH:mm:ss.SSS").format(new Date())}</v11:timestamp>
         </v1:messageContext>
         <v1:legalContext>ServiceIntegrator</v1:legalContext>
         <v1:request>
            <v1:ssin>10022104563</v1:ssin>
            <!--Optional:-->
            <v1:referenceDate>2017-09-01</v1:referenceDate>
         </v1:request>
      </v1:consultActiveCardsRequest>
   </soapenv:Body>
</soapenv:Envelope>]]></con:request><con:credentials><con:selectedAuthProfile>Basic</con:selectedAuthProfile><con:addedBasicAuthenticationTypes>Basic</con:addedBasicAuthenticationTypes><con:authType>Global HTTP Settings</con:authType></con:credentials><con:jmsConfig JMSDeliveryMode="PERSISTENT"/><con:jmsPropertyConfig/><con:wsaConfig mustUnderstand="NONE" version="200508" action="http://fidus.brussels/services/europeandisabilitycardservice/consultActiveCards"/><con:wsrmConfig version="1.2"/></con:call><con:call id="c6290163-d163-42ba-893c-4baf7c5e39bd" name="Request 1"><con:settings/><con:encoding>UTF-8</con:encoding><con:endpoint>http://fidus.brussels/services/europeandisabilitycardservice/v2</con:endpoint><con:request><![CDATA[<soapenv:Envelope xmlns:soapenv="http://schemas.xmlsoap.org/soap/envelope/" xmlns:v2="http://fidus.brussels/service/europeandisabilitycardservice/messages/v2" xmlns:v1="http://fidus.brussels/type/common/messages/v1">
   <soapenv:Header/>
   <soapenv:Body>
      <v2:consultActiveCardsRequest>
         <v2:messageContext>
            <v1:messageId>?</v1:messageId>
            <!--Optional:-->
            <v1:timestamp>?</v1:timestamp>
         </v2:messageContext>
         <v2:legalContext>?</v2:legalContext>
         <v2:request>
            <v2:ssin>?</v2:ssin>
            <!--Optional:-->
            <v2:referenceDate>?</v2:referenceDate>
         </v2:request>
      </v2:consultActiveCardsRequest>
   </soapenv:Body>
</soapenv:Envelope>]]></con:request><con:wsaConfig mustUnderstand="NONE" version="200508" action="http://fidus.brussels/services/europeandisabilitycardservice/consultActiveCards"/></con:call></con:operation><con:operation id="b0c3821e-10e1-401c-8cde-04146642446e" isOneWay="false" action="http://fidus.brussels/services/europeandisabilitycardservice/consultAllCards" name="consultAllCards" bindingOperationName="consultAllCards" type="Request-Response" inputName="" receivesAttachments="false" sendsAttachments="false" anonymous="optional"><con:settings/><con:call id="237fb8a9-b079-41cc-973d-697bfa0664d4" name="02 - DEV - Request" outgoingWss="Outflow DEV" incomingWss="Inflow DEV"><con:settings><con:setting id="com.eviware.soapui.impl.wsdl.WsdlRequest@request-headers">&lt;xml-fragment/></con:setting></con:settings><con:encoding>UTF-8</con:encoding><con:endpoint>http://fidus.brussels/services/europeandisabilitycardservice/v2</con:endpoint><con:request><![CDATA[<soapenv:Envelope xmlns:soapenv="http://schemas.xmlsoap.org/soap/envelope/" xmlns:v1="http://fidus.brussels/service/europeandisabilitycardservice/messages/v1" xmlns:v11="http://fidus.brussels/type/common/messages/v1">
   <soapenv:Header/>
   <soapenv:Body>
      <v1:consultAllCardsRequest>
         <v1:messageContext>
            <v11:messageId>${=import static java.util.UUID.randomUUID; uuid = randomUUID() as String}</v11:messageId>
            <!--Optional:-->
            <v11:timestamp>${=new java.text.SimpleDateFormat("yyyy-MM-dd'T'HH:mm:ss.SSS").format(new Date())}</v11:timestamp>
         </v1:messageContext>
         <v1:legalContext>ServiceIntegrator</v1:legalContext>
         <v1:request>
            <v1:ssin>84072002128</v1:ssin>
         </v1:request>
      </v1:consultAllCardsRequest>
   </soapenv:Body>
</soapenv:Envelope>]]></con:request><con:credentials><con:selectedAuthProfile>Basic</con:selectedAuthProfile><con:addedBasicAuthenticationTypes>Basic</con:addedBasicAuthenticationTypes><con:authType>Global HTTP Settings</con:authType></con:credentials><con:jmsConfig JMSDeliveryMode="PERSISTENT"/><con:jmsPropertyConfig/><con:wsaConfig mustUnderstand="NONE" version="200508" action="http://fidus.brussels/services/europeandisabilitycardservice/consultAllCards"/><con:wsrmConfig version="1.2"/></con:call><con:call id="71c30cd8-d62d-48cc-92e0-74c1ac387721" name="01 - Local - Request" outgoingWss="Outflow DEV" incomingWss="Inflow DEV"><con:settings><con:setting id="com.eviware.soapui.impl.wsdl.WsdlRequest@request-headers">&lt;xml-fragment/></con:setting></con:settings><con:encoding>UTF-8</con:encoding><con:endpoint>http://fidus.brussels/services/europeandisabilitycardservice/v2</con:endpoint><con:request><![CDATA[<soapenv:Envelope xmlns:soapenv="http://schemas.xmlsoap.org/soap/envelope/" xmlns:v1="http://fidus.brussels/service/europeandisabilitycardservice/messages/v1" xmlns:v11="http://fidus.brussels/type/common/messages/v1">
   <soapenv:Header/>
   <soapenv:Body>
      <v1:consultAllCardsRequest>
         <v1:messageContext>
            <v11:messageId>${=import static java.util.UUID.randomUUID; uuid = randomUUID() as String}</v11:messageId>
            <!--Optional:-->
            <v11:timestamp>${=new java.text.SimpleDateFormat("yyyy-MM-dd'T'HH:mm:ss.SSS").format(new Date())}</v11:timestamp>
         </v1:messageContext>
         <v1:legalContext>ServiceIntegrator</v1:legalContext>
         <v1:request>
            <v1:ssin>84072002128</v1:ssin>
         </v1:request>
      </v1:consultAllCardsRequest>
   </soapenv:Body>
</soapenv:Envelope>]]></con:request><con:credentials><con:selectedAuthProfile>Basic</con:selectedAuthProfile><con:addedBasicAuthenticationTypes>Basic</con:addedBasicAuthenticationTypes><con:authType>Global HTTP Settings</con:authType></con:credentials><con:jmsConfig JMSDeliveryMode="PERSISTENT"/><con:jmsPropertyConfig/><con:wsaConfig mustUnderstand="NONE" version="200508" action="http://fidus.brussels/services/europeandisabilitycardservice/consultAllCards"/><con:wsrmConfig version="1.2"/></con:call><con:call id="aca4334e-fe4f-45fc-8777-830f499cc452" name="03 - Test - External - Valid_SSIN- Request" outgoingWss="Outflow TEST" incomingWss="Inflow TEST"><con:settings><con:setting id="com.eviware.soapui.impl.wsdl.WsdlRequest@request-headers">&lt;xml-fragment/></con:setting></con:settings><con:encoding>UTF-8</con:encoding><con:endpoint>http://fidus.brussels/services/europeandisabilitycardservice/v2</con:endpoint><con:request><![CDATA[<soapenv:Envelope xmlns:soapenv="http://schemas.xmlsoap.org/soap/envelope/" xmlns:v1="http://fidus.brussels/service/europeandisabilitycardservice/messages/v1" xmlns:v11="http://fidus.brussels/type/common/messages/v1">
   <soapenv:Header/>
   <soapenv:Body>
      <v1:consultAllCardsRequest>
         <v1:messageContext>
            <v11:messageId>${=import static java.util.UUID.randomUUID; uuid = randomUUID() as String}</v11:messageId>
            <!--Optional:-->
            <v11:timestamp>${=new java.text.SimpleDateFormat("yyyy-MM-dd'T'HH:mm:ss.SSS").format(new Date())}</v11:timestamp>
         </v1:messageContext>
         <v1:legalContext>ServiceIntegrator</v1:legalContext>
         <v1:request>
            <v1:ssin>13020111772</v1:ssin>
         </v1:request>
      </v1:consultAllCardsRequest>
   </soapenv:Body>
</soapenv:Envelope>]]></con:request><con:credentials><con:selectedAuthProfile>Basic</con:selectedAuthProfile><con:addedBasicAuthenticationTypes>Basic</con:addedBasicAuthenticationTypes><con:authType>Global HTTP Settings</con:authType></con:credentials><con:jmsConfig JMSDeliveryMode="PERSISTENT"/><con:jmsPropertyConfig/><con:wsaConfig mustUnderstand="NONE" version="200508" action="http://fidus.brussels/services/europeandisabilitycardservice/consultAllCards"/><con:wsrmConfig version="1.2"/></con:call><con:call id="1afff605-4331-4f59-a8fc-1d5222055d44" name="03 - Test - LB - Request" outgoingWss="Outflow TEST" incomingWss="Inflow TEST"><con:settings><con:setting id="com.eviware.soapui.impl.wsdl.WsdlRequest@request-headers">&lt;xml-fragment/></con:setting></con:settings><con:encoding>UTF-8</con:encoding><con:endpoint>http://fidus.brussels/services/europeandisabilitycardservice/v2</con:endpoint><con:request><![CDATA[<soapenv:Envelope xmlns:soapenv="http://schemas.xmlsoap.org/soap/envelope/" xmlns:v1="http://fidus.brussels/service/europeandisabilitycardservice/messages/v1" xmlns:v11="http://fidus.brussels/type/common/messages/v1">
   <soapenv:Header/>
   <soapenv:Body>
      <v1:consultAllCardsRequest>
         <v1:messageContext>
            <v11:messageId>${=import static java.util.UUID.randomUUID; uuid = randomUUID() as String}</v11:messageId>
            <!--Optional:-->
            <v11:timestamp>${=new java.text.SimpleDateFormat("yyyy-MM-dd'T'HH:mm:ss.SSS").format(new Date())}</v11:timestamp>
         </v1:messageContext>
         <v1:legalContext>ServiceIntegrator</v1:legalContext>
         <v1:request>
            <v1:ssin>13020111772</v1:ssin>
         </v1:request>
      </v1:consultAllCardsRequest>
   </soapenv:Body>
</soapenv:Envelope>]]></con:request><con:credentials><con:selectedAuthProfile>Basic</con:selectedAuthProfile><con:addedBasicAuthenticationTypes>Basic</con:addedBasicAuthenticationTypes><con:authType>Global HTTP Settings</con:authType></con:credentials><con:jmsConfig JMSDeliveryMode="PERSISTENT"/><con:jmsPropertyConfig/><con:wsaConfig mustUnderstand="NONE" version="200508" action="http://fidus.brussels/services/europeandisabilitycardservice/consultAllCards"/><con:wsrmConfig version="1.2"/></con:call><con:call id="ebe9453f-2fa2-464a-b859-7e44073e2d18" name="03 - Test - Worker1 - Request" outgoingWss="Outflow TEST" incomingWss="Inflow TEST"><con:settings><con:setting id="com.eviware.soapui.impl.wsdl.WsdlRequest@request-headers">&lt;xml-fragment/></con:setting></con:settings><con:encoding>UTF-8</con:encoding><con:endpoint>http://fidus.brussels/services/europeandisabilitycardservice/v2</con:endpoint><con:request><![CDATA[<soapenv:Envelope xmlns:soapenv="http://schemas.xmlsoap.org/soap/envelope/" xmlns:v1="http://fidus.brussels/service/europeandisabilitycardservice/messages/v1" xmlns:v11="http://fidus.brussels/type/common/messages/v1">
   <soapenv:Header/>
   <soapenv:Body>
      <v1:consultAllCardsRequest>
         <v1:messageContext>
            <v11:messageId>${=import static java.util.UUID.randomUUID; uuid = randomUUID() as String}</v11:messageId>
            <!--Optional:-->
            <v11:timestamp>${=new java.text.SimpleDateFormat("yyyy-MM-dd'T'HH:mm:ss.SSS").format(new Date())}</v11:timestamp>
         </v1:messageContext>
         <v1:legalContext>ServiceIntegrator</v1:legalContext>
         <v1:request>            
            <v1:ssin>89120121658</v1:ssin>
         </v1:request>
      </v1:consultAllCardsRequest>
   </soapenv:Body>
</soapenv:Envelope>]]></con:request><con:credentials><con:selectedAuthProfile>Basic</con:selectedAuthProfile><con:addedBasicAuthenticationTypes>Basic</con:addedBasicAuthenticationTypes><con:authType>Global HTTP Settings</con:authType></con:credentials><con:jmsConfig JMSDeliveryMode="PERSISTENT"/><con:jmsPropertyConfig/><con:wsaConfig mustUnderstand="NONE" version="200508" action="http://fidus.brussels/services/europeandisabilitycardservice/consultAllCards"/><con:wsrmConfig version="1.2"/></con:call><con:call id="6a5a6932-dba3-45ab-b09a-33d4765cd6e3" name="03 - Test - Worker2 - Request" outgoingWss="Outflow TEST" incomingWss="Inflow TEST"><con:settings><con:setting id="com.eviware.soapui.impl.wsdl.WsdlRequest@request-headers">&lt;xml-fragment/></con:setting></con:settings><con:encoding>UTF-8</con:encoding><con:endpoint>http://fidus.brussels/services/europeandisabilitycardservice/v2</con:endpoint><con:request><![CDATA[<soapenv:Envelope xmlns:soapenv="http://schemas.xmlsoap.org/soap/envelope/" xmlns:v1="http://fidus.brussels/service/europeandisabilitycardservice/messages/v1" xmlns:v11="http://fidus.brussels/type/common/messages/v1">
   <soapenv:Header/>
   <soapenv:Body>
      <v1:consultAllCardsRequest>
         <v1:messageContext>
            <v11:messageId>${=import static java.util.UUID.randomUUID; uuid = randomUUID() as String}</v11:messageId>
            <!--Optional:-->
            <v11:timestamp>${=new java.text.SimpleDateFormat("yyyy-MM-dd'T'HH:mm:ss.SSS").format(new Date())}</v11:timestamp>
         </v1:messageContext>
         <v1:legalContext>ServiceIntegrator</v1:legalContext>
         <v1:request>
            <v1:ssin>13020111772</v1:ssin>
         </v1:request>
      </v1:consultAllCardsRequest>
   </soapenv:Body>
</soapenv:Envelope>]]></con:request><con:credentials><con:selectedAuthProfile>Basic</con:selectedAuthProfile><con:addedBasicAuthenticationTypes>Basic</con:addedBasicAuthenticationTypes><con:authType>Global HTTP Settings</con:authType></con:credentials><con:jmsConfig JMSDeliveryMode="PERSISTENT"/><con:jmsPropertyConfig/><con:wsaConfig mustUnderstand="NONE" version="200508" action="http://fidus.brussels/services/europeandisabilitycardservice/consultAllCards"/><con:wsrmConfig version="1.2"/></con:call><con:call id="353be6d9-fd8f-4f0e-ac41-dea0a8adc368" name="03 - Test - External - InValid_SSIN- Request" outgoingWss="Outflow TEST" incomingWss="Inflow TEST"><con:settings><con:setting id="com.eviware.soapui.impl.wsdl.WsdlRequest@request-headers">&lt;xml-fragment/></con:setting></con:settings><con:encoding>UTF-8</con:encoding><con:endpoint>http://fidus.brussels/services/europeandisabilitycardservice/v2</con:endpoint><con:request><![CDATA[<soapenv:Envelope xmlns:soapenv="http://schemas.xmlsoap.org/soap/envelope/" xmlns:v1="http://fidus.brussels/service/europeandisabilitycardservice/messages/v1" xmlns:v11="http://fidus.brussels/type/common/messages/v1">
   <soapenv:Header/>
   <soapenv:Body>
      <v1:consultAllCardsRequest>
         <v1:messageContext>
            <v11:messageId>${=import static java.util.UUID.randomUUID; uuid = randomUUID() as String}</v11:messageId>
            <!--Optional:-->
            <v11:timestamp>${=new java.text.SimpleDateFormat("yyyy-MM-dd'T'HH:mm:ss.SSS").format(new Date())}</v11:timestamp>
         </v1:messageContext>
         <v1:legalContext>ServiceIntegrator</v1:legalContext>
         <v1:request>
            <v1:ssin>23020111772</v1:ssin>
         </v1:request>
      </v1:consultAllCardsRequest>
   </soapenv:Body>
</soapenv:Envelope>]]></con:request><con:credentials><con:selectedAuthProfile>Basic</con:selectedAuthProfile><con:addedBasicAuthenticationTypes>Basic</con:addedBasicAuthenticationTypes><con:authType>Global HTTP Settings</con:authType></con:credentials><con:jmsConfig JMSDeliveryMode="PERSISTENT"/><con:jmsPropertyConfig/><con:wsaConfig mustUnderstand="NONE" version="200508" action="http://fidus.brussels/services/europeandisabilitycardservice/consultAllCards"/><con:wsrmConfig version="1.2"/></con:call><con:call id="232a362f-e4ae-4b15-8468-cc416bc11f52" name="03 - Test - External - Valid_SSIN_NoExist- Request" outgoingWss="Outflow TEST" incomingWss="Inflow TEST"><con:settings><con:setting id="com.eviware.soapui.impl.wsdl.WsdlRequest@request-headers">&lt;xml-fragment/></con:setting></con:settings><con:encoding>UTF-8</con:encoding><con:endpoint>http://fidus.brussels/services/europeandisabilitycardservice/v2</con:endpoint><con:request><![CDATA[<soapenv:Envelope xmlns:soapenv="http://schemas.xmlsoap.org/soap/envelope/" xmlns:v1="http://fidus.brussels/service/europeandisabilitycardservice/messages/v1" xmlns:v11="http://fidus.brussels/type/common/messages/v1">
   <soapenv:Header/>
   <soapenv:Body>
      <v1:consultAllCardsRequest>
         <v1:messageContext>
            <v11:messageId>${=import static java.util.UUID.randomUUID; uuid = randomUUID() as String}</v11:messageId>
            <!--Optional:-->
            <v11:timestamp>${=new java.text.SimpleDateFormat("yyyy-MM-dd'T'HH:mm:ss.SSS").format(new Date())}</v11:timestamp>
         </v1:messageContext>
         <v1:legalContext>ServiceIntegrator</v1:legalContext>
         <v1:request>
            <v1:ssin>84072088834</v1:ssin>
         </v1:request>
      </v1:consultAllCardsRequest>
   </soapenv:Body>
</soapenv:Envelope>]]></con:request><con:credentials><con:selectedAuthProfile>Basic</con:selectedAuthProfile><con:addedBasicAuthenticationTypes>Basic</con:addedBasicAuthenticationTypes><con:authType>Global HTTP Settings</con:authType></con:credentials><con:jmsConfig JMSDeliveryMode="PERSISTENT"/><con:jmsPropertyConfig/><con:wsaConfig mustUnderstand="NONE" version="200508" action="http://fidus.brussels/services/europeandisabilitycardservice/consultAllCards"/><con:wsrmConfig version="1.2"/></con:call><con:call id="ad64133e-6b4f-40da-b430-f046d5dc150e" name="03 - Test - External - Old_SSIN- Request" outgoingWss="Outflow TEST" incomingWss="Inflow TEST"><con:settings><con:setting id="com.eviware.soapui.impl.wsdl.WsdlRequest@request-headers">&lt;xml-fragment/></con:setting></con:settings><con:encoding>UTF-8</con:encoding><con:endpoint>http://fidus.brussels/services/europeandisabilitycardservice/v2</con:endpoint><con:request><![CDATA[<soapenv:Envelope xmlns:soapenv="http://schemas.xmlsoap.org/soap/envelope/" xmlns:v1="http://fidus.brussels/service/europeandisabilitycardservice/messages/v1" xmlns:v11="http://fidus.brussels/type/common/messages/v1">
   <soapenv:Header/>
   <soapenv:Body>
      <v1:consultAllCardsRequest>
         <v1:messageContext>
            <v11:messageId>${=import static java.util.UUID.randomUUID; uuid = randomUUID() as String}</v11:messageId>
            <!--Optional:-->
            <v11:timestamp>${=new java.text.SimpleDateFormat("yyyy-MM-dd'T'HH:mm:ss.SSS").format(new Date())}</v11:timestamp>
         </v1:messageContext>
         <v1:legalContext>ServiceIntegrator</v1:legalContext>
         <v1:request>
            <v1:ssin>91071662579</v1:ssin>
         </v1:request>
      </v1:consultAllCardsRequest>
   </soapenv:Body>
</soapenv:Envelope>]]></con:request><con:credentials><con:selectedAuthProfile>Basic</con:selectedAuthProfile><con:addedBasicAuthenticationTypes>Basic</con:addedBasicAuthenticationTypes><con:authType>Global HTTP Settings</con:authType></con:credentials><con:jmsConfig JMSDeliveryMode="PERSISTENT"/><con:jmsPropertyConfig/><con:wsaConfig mustUnderstand="NONE" version="200508" action="http://fidus.brussels/services/europeandisabilitycardservice/consultAllCards"/><con:wsrmConfig version="1.2"/></con:call><con:call id="15bf1fe2-7544-4257-95f2-6e218a9c8187" name="03 - Test - External - ActiveCard- Request" outgoingWss="Outflow TEST" incomingWss="Inflow TEST"><con:settings><con:setting id="com.eviware.soapui.impl.wsdl.WsdlRequest@request-headers">&lt;xml-fragment/></con:setting></con:settings><con:encoding>UTF-8</con:encoding><con:endpoint>http://fidus.brussels/services/europeandisabilitycardservice/v2</con:endpoint><con:request><![CDATA[<soapenv:Envelope xmlns:soapenv="http://schemas.xmlsoap.org/soap/envelope/" xmlns:v1="http://fidus.brussels/service/europeandisabilitycardservice/messages/v1" xmlns:v11="http://fidus.brussels/type/common/messages/v1">
   <soapenv:Header/>
   <soapenv:Body>
      <v1:consultAllCardsRequest>
         <v1:messageContext>
            <v11:messageId>${=import static java.util.UUID.randomUUID; uuid = randomUUID() as String}</v11:messageId>
            <!--Optional:-->
            <v11:timestamp>${=new java.text.SimpleDateFormat("yyyy-MM-dd'T'HH:mm:ss.SSS").format(new Date())}</v11:timestamp>
         </v1:messageContext>
         <v1:legalContext>ServiceIntegrator</v1:legalContext>
         <v1:request>
            <v1:ssin>10022104563</v1:ssin>
         </v1:request>
      </v1:consultAllCardsRequest>
   </soapenv:Body>
</soapenv:Envelope>]]></con:request><con:credentials><con:selectedAuthProfile>Basic</con:selectedAuthProfile><con:addedBasicAuthenticationTypes>Basic</con:addedBasicAuthenticationTypes><con:authType>Global HTTP Settings</con:authType></con:credentials><con:jmsConfig JMSDeliveryMode="PERSISTENT"/><con:jmsPropertyConfig/><con:wsaConfig mustUnderstand="NONE" version="200508" action="http://fidus.brussels/services/europeandisabilitycardservice/consultAllCards"/><con:wsrmConfig version="1.2"/></con:call><con:call id="907c6d22-f0f0-47eb-a939-76bfe7fc5d26" name="03 - Test - External - CancelledSSIN_NoActiveCard- Request" outgoingWss="Outflow TEST" incomingWss="Inflow TEST"><con:settings><con:setting id="com.eviware.soapui.impl.wsdl.WsdlRequest@request-headers">&lt;xml-fragment/></con:setting></con:settings><con:encoding>UTF-8</con:encoding><con:endpoint>http://fidus.brussels/services/europeandisabilitycardservice/v2</con:endpoint><con:request><![CDATA[<soapenv:Envelope xmlns:soapenv="http://schemas.xmlsoap.org/soap/envelope/" xmlns:v1="http://fidus.brussels/service/europeandisabilitycardservice/messages/v1" xmlns:v11="http://fidus.brussels/type/common/messages/v1">
   <soapenv:Header/>
   <soapenv:Body>
      <v1:consultAllCardsRequest>
         <v1:messageContext>
            <v11:messageId>${=import static java.util.UUID.randomUUID; uuid = randomUUID() as String}</v11:messageId>
            <!--Optional:-->
            <v11:timestamp>${=new java.text.SimpleDateFormat("yyyy-MM-dd'T'HH:mm:ss.SSS").format(new Date())}</v11:timestamp>
         </v1:messageContext>
         <v1:legalContext>ServiceIntegrator</v1:legalContext>
         <v1:request>
            <v1:ssin>49010193967</v1:ssin>
         </v1:request>
      </v1:consultAllCardsRequest>
   </soapenv:Body>
</soapenv:Envelope>]]></con:request><con:credentials><con:selectedAuthProfile>Basic</con:selectedAuthProfile><con:addedBasicAuthenticationTypes>Basic</con:addedBasicAuthenticationTypes><con:authType>Global HTTP Settings</con:authType></con:credentials><con:jmsConfig JMSDeliveryMode="PERSISTENT"/><con:jmsPropertyConfig/><con:wsaConfig mustUnderstand="NONE" version="200508" action="http://fidus.brussels/services/europeandisabilitycardservice/consultAllCards"/><con:wsrmConfig version="1.2"/></con:call><con:call id="bdaab6f7-17f9-4931-b6e1-4bf065b80f97" name="03 - Test - External - CancelledSSIN_ActiveCard- Request" outgoingWss="Outflow TEST" incomingWss="Inflow TEST"><con:settings><con:setting id="com.eviware.soapui.impl.wsdl.WsdlRequest@request-headers">&lt;xml-fragment/></con:setting></con:settings><con:encoding>UTF-8</con:encoding><con:endpoint>http://fidus.brussels/services/europeandisabilitycardservice/v2</con:endpoint><con:request><![CDATA[<soapenv:Envelope xmlns:soapenv="http://schemas.xmlsoap.org/soap/envelope/" xmlns:v1="http://fidus.brussels/service/europeandisabilitycardservice/messages/v1" xmlns:v11="http://fidus.brussels/type/common/messages/v1">
   <soapenv:Header/>
   <soapenv:Body>
      <v1:consultAllCardsRequest>
         <v1:messageContext>
            <v11:messageId>${=import static java.util.UUID.randomUUID; uuid = randomUUID() as String}</v11:messageId>
            <!--Optional:-->
            <v11:timestamp>${=new java.text.SimpleDateFormat("yyyy-MM-dd'T'HH:mm:ss.SSS").format(new Date())}</v11:timestamp>
         </v1:messageContext>
         <v1:legalContext>ServiceIntegrator</v1:legalContext>
         <v1:request>
            <v1:ssin>89120121658</v1:ssin>
         </v1:request>
      </v1:consultAllCardsRequest>
   </soapenv:Body>
</soapenv:Envelope>]]></con:request><con:credentials><con:selectedAuthProfile>Basic</con:selectedAuthProfile><con:addedBasicAuthenticationTypes>Basic</con:addedBasicAuthenticationTypes><con:authType>Global HTTP Settings</con:authType></con:credentials><con:jmsConfig JMSDeliveryMode="PERSISTENT"/><con:jmsPropertyConfig/><con:wsaConfig mustUnderstand="NONE" version="200508" action="http://fidus.brussels/services/europeandisabilitycardservice/consultAllCards"/><con:wsrmConfig version="1.2"/></con:call><con:call id="5fc7a4db-1e4b-45c5-b274-e17cd73b9276" name="03 - Test - External - SSIN_DeceasedPerson_ActiveCard- Request" outgoingWss="Outflow TEST" incomingWss="Inflow TEST"><con:settings><con:setting id="com.eviware.soapui.impl.wsdl.WsdlRequest@request-headers">&lt;xml-fragment/></con:setting></con:settings><con:encoding>UTF-8</con:encoding><con:endpoint>http://fidus.brussels/services/europeandisabilitycardservice/v2</con:endpoint><con:request><![CDATA[<soapenv:Envelope xmlns:soapenv="http://schemas.xmlsoap.org/soap/envelope/" xmlns:v1="http://fidus.brussels/service/europeandisabilitycardservice/messages/v1" xmlns:v11="http://fidus.brussels/type/common/messages/v1">
   <soapenv:Header/>
   <soapenv:Body>
      <v1:consultAllCardsRequest>
         <v1:messageContext>
            <v11:messageId>${=import static java.util.UUID.randomUUID; uuid = randomUUID() as String}</v11:messageId>
            <!--Optional:-->
            <v11:timestamp>${=new java.text.SimpleDateFormat("yyyy-MM-dd'T'HH:mm:ss.SSS").format(new Date())}</v11:timestamp>
         </v1:messageContext>
         <v1:legalContext>ServiceIntegrator</v1:legalContext>
         <v1:request>
            <v1:ssin>21033027563</v1:ssin>
         </v1:request>
      </v1:consultAllCardsRequest>
   </soapenv:Body>
</soapenv:Envelope>]]></con:request><con:credentials><con:selectedAuthProfile>Basic</con:selectedAuthProfile><con:addedBasicAuthenticationTypes>Basic</con:addedBasicAuthenticationTypes><con:authType>Global HTTP Settings</con:authType></con:credentials><con:jmsConfig JMSDeliveryMode="PERSISTENT"/><con:jmsPropertyConfig/><con:wsaConfig mustUnderstand="NONE" version="200508" action="http://fidus.brussels/services/europeandisabilitycardservice/consultAllCards"/><con:wsrmConfig version="1.2"/></con:call><con:call id="64dbd345-d443-4403-be31-c5a307df0cac" name="03 - Test - External - SSIN_DeceasedPerson_NoActiveCard- Request" outgoingWss="Outflow TEST" incomingWss="Inflow TEST"><con:settings><con:setting id="com.eviware.soapui.impl.wsdl.WsdlRequest@request-headers">&lt;xml-fragment/></con:setting></con:settings><con:encoding>UTF-8</con:encoding><con:endpoint>http://fidus.brussels/services/europeandisabilitycardservice/v2</con:endpoint><con:request><![CDATA[<soapenv:Envelope xmlns:soapenv="http://schemas.xmlsoap.org/soap/envelope/" xmlns:v1="http://fidus.brussels/service/europeandisabilitycardservice/messages/v1" xmlns:v11="http://fidus.brussels/type/common/messages/v1">
   <soapenv:Header/>
   <soapenv:Body>
      <v1:consultAllCardsRequest>
         <v1:messageContext>
            <v11:messageId>${=import static java.util.UUID.randomUUID; uuid = randomUUID() as String}</v11:messageId>
            <!--Optional:-->
            <v11:timestamp>${=new java.text.SimpleDateFormat("yyyy-MM-dd'T'HH:mm:ss.SSS").format(new Date())}</v11:timestamp>
         </v1:messageContext>
         <v1:legalContext>ServiceIntegrator</v1:legalContext>
         <v1:request>
            <v1:ssin>18100808031</v1:ssin>
         </v1:request>
      </v1:consultAllCardsRequest>
   </soapenv:Body>
</soapenv:Envelope>]]></con:request><con:credentials><con:selectedAuthProfile>Basic</con:selectedAuthProfile><con:addedBasicAuthenticationTypes>Basic</con:addedBasicAuthenticationTypes><con:authType>Global HTTP Settings</con:authType></con:credentials><con:jmsConfig JMSDeliveryMode="PERSISTENT"/><con:jmsPropertyConfig/><con:wsaConfig mustUnderstand="NONE" version="200508" action="http://fidus.brussels/services/europeandisabilitycardservice/consultAllCards"/><con:wsrmConfig version="1.2"/></con:call><con:call id="88861ea5-31d9-4b5f-a502-8588f63c3463" name="03 - Test - External - ReturnedCard- Request" outgoingWss="Outflow TEST" incomingWss="Inflow TEST"><con:settings><con:setting id="com.eviware.soapui.impl.wsdl.WsdlRequest@request-headers">&lt;xml-fragment/></con:setting></con:settings><con:encoding>UTF-8</con:encoding><con:endpoint>http://fidus.brussels/services/europeandisabilitycardservice/v2</con:endpoint><con:request><![CDATA[<soapenv:Envelope xmlns:soapenv="http://schemas.xmlsoap.org/soap/envelope/" xmlns:v1="http://fidus.brussels/service/europeandisabilitycardservice/messages/v1" xmlns:v11="http://fidus.brussels/type/common/messages/v1">
   <soapenv:Header/>
   <soapenv:Body>
      <v1:consultAllCardsRequest>
         <v1:messageContext>
            <v11:messageId>${=import static java.util.UUID.randomUUID; uuid = randomUUID() as String}</v11:messageId>
            <!--Optional:-->
            <v11:timestamp>${=new java.text.SimpleDateFormat("yyyy-MM-dd'T'HH:mm:ss.SSS").format(new Date())}</v11:timestamp>
         </v1:messageContext>
         <v1:legalContext>ServiceIntegrator</v1:legalContext>
         <v1:request>
            <v1:ssin>77020601578</v1:ssin>
         </v1:request>
      </v1:consultAllCardsRequest>
   </soapenv:Body>
</soapenv:Envelope>]]></con:request><con:credentials><con:selectedAuthProfile>Basic</con:selectedAuthProfile><con:addedBasicAuthenticationTypes>Basic</con:addedBasicAuthenticationTypes><con:authType>Global HTTP Settings</con:authType></con:credentials><con:jmsConfig JMSDeliveryMode="PERSISTENT"/><con:jmsPropertyConfig/><con:wsaConfig mustUnderstand="NONE" version="200508" action="http://fidus.brussels/services/europeandisabilitycardservice/consultAllCards"/><con:wsrmConfig version="1.2"/></con:call><con:call id="ca43bc68-62c3-4c0b-aa9b-6b7819c695b9" name="03 - Test - External - FailedCard- Request" outgoingWss="Outflow TEST" incomingWss="Inflow TEST"><con:settings><con:setting id="com.eviware.soapui.impl.wsdl.WsdlRequest@request-headers">&lt;xml-fragment/></con:setting></con:settings><con:encoding>UTF-8</con:encoding><con:endpoint>http://fidus.brussels/services/europeandisabilitycardservice/v2</con:endpoint><con:request><![CDATA[<soapenv:Envelope xmlns:soapenv="http://schemas.xmlsoap.org/soap/envelope/" xmlns:v1="http://fidus.brussels/service/europeandisabilitycardservice/messages/v1" xmlns:v11="http://fidus.brussels/type/common/messages/v1">
   <soapenv:Header/>
   <soapenv:Body>
      <v1:consultAllCardsRequest>
         <v1:messageContext>
            <v11:messageId>${=import static java.util.UUID.randomUUID; uuid = randomUUID() as String}</v11:messageId>
            <!--Optional:-->
            <v11:timestamp>${=new java.text.SimpleDateFormat("yyyy-MM-dd'T'HH:mm:ss.SSS").format(new Date())}</v11:timestamp>
         </v1:messageContext>
         <v1:legalContext>ServiceIntegrator</v1:legalContext>
         <v1:request>
            <v1:ssin>77020601578</v1:ssin>
         </v1:request>
      </v1:consultAllCardsRequest>
   </soapenv:Body>
</soapenv:Envelope>]]></con:request><con:credentials><con:selectedAuthProfile>Basic</con:selectedAuthProfile><con:addedBasicAuthenticationTypes>Basic</con:addedBasicAuthenticationTypes><con:authType>Global HTTP Settings</con:authType></con:credentials><con:jmsConfig JMSDeliveryMode="PERSISTENT"/><con:jmsPropertyConfig/><con:wsaConfig mustUnderstand="NONE" version="200508" action="http://fidus.brussels/services/europeandisabilitycardservice/consultAllCards"/><con:wsrmConfig version="1.2"/></con:call><con:call id="e779f21c-e2fe-41c4-90af-cf8ec1e2941a" name="03 - Test - External - VariousCards- Request" outgoingWss="Outflow TEST" incomingWss="Inflow TEST"><con:settings><con:setting id="com.eviware.soapui.impl.wsdl.WsdlRequest@request-headers">&lt;xml-fragment/></con:setting></con:settings><con:encoding>UTF-8</con:encoding><con:endpoint>http://fidus.brussels/services/europeandisabilitycardservice/v2</con:endpoint><con:request><![CDATA[<soapenv:Envelope xmlns:soapenv="http://schemas.xmlsoap.org/soap/envelope/" xmlns:v1="http://fidus.brussels/service/europeandisabilitycardservice/messages/v1" xmlns:v11="http://fidus.brussels/type/common/messages/v1">
   <soapenv:Header/>
   <soapenv:Body>
      <v1:consultAllCardsRequest>
         <v1:messageContext>
            <v11:messageId>${=import static java.util.UUID.randomUUID; uuid = randomUUID() as String}</v11:messageId>
            <!--Optional:-->
            <v11:timestamp>${=new java.text.SimpleDateFormat("yyyy-MM-dd'T'HH:mm:ss.SSS").format(new Date())}</v11:timestamp>
         </v1:messageContext>
         <v1:legalContext>ServiceIntegrator</v1:legalContext>
         <v1:request>
            <v1:ssin>13020111772</v1:ssin>
         </v1:request>
      </v1:consultAllCardsRequest>
   </soapenv:Body>
</soapenv:Envelope>]]></con:request><con:credentials><con:selectedAuthProfile>Basic</con:selectedAuthProfile><con:addedBasicAuthenticationTypes>Basic</con:addedBasicAuthenticationTypes><con:authType>Global HTTP Settings</con:authType></con:credentials><con:jmsConfig JMSDeliveryMode="PERSISTENT"/><con:jmsPropertyConfig/><con:wsaConfig mustUnderstand="NONE" version="200508" action="http://fidus.brussels/services/europeandisabilitycardservice/consultAllCards"/><con:wsrmConfig version="1.2"/></con:call><con:call id="37537190-a2a7-4b2e-984a-3fd20cb979a9" name="04 - Staging - External - Request" outgoingWss="Outflow STAGING" incomingWss="Inflow STAGING"><con:settings><con:setting id="com.eviware.soapui.impl.wsdl.WsdlRequest@request-headers">&lt;xml-fragment/></con:setting></con:settings><con:encoding>UTF-8</con:encoding><con:endpoint>http://fidus.brussels/services/europeandisabilitycardservice/v2</con:endpoint><con:request><![CDATA[<soapenv:Envelope xmlns:soapenv="http://schemas.xmlsoap.org/soap/envelope/" xmlns:v1="http://fidus.brussels/service/europeandisabilitycardservice/messages/v1" xmlns:v11="http://fidus.brussels/type/common/messages/v1">
   <soapenv:Header/>
   <soapenv:Body>
      <v1:consultAllCardsRequest>
         <v1:messageContext>
            <v11:messageId>${=import static java.util.UUID.randomUUID; uuid = randomUUID() as String}</v11:messageId>
            <!--Optional:-->
            <v11:timestamp>${=new java.text.SimpleDateFormat("yyyy-MM-dd'T'HH:mm:ss.SSS").format(new Date())}</v11:timestamp>
         </v1:messageContext>
         <v1:legalContext>ServiceIntegrator</v1:legalContext>
         <v1:request>
            <v1:ssin>10022104563</v1:ssin>
         </v1:request>
      </v1:consultAllCardsRequest>
   </soapenv:Body>
</soapenv:Envelope>]]></con:request><con:credentials><con:selectedAuthProfile>Basic</con:selectedAuthProfile><con:addedBasicAuthenticationTypes>Basic</con:addedBasicAuthenticationTypes><con:authType>Global HTTP Settings</con:authType></con:credentials><con:jmsConfig JMSDeliveryMode="PERSISTENT"/><con:jmsPropertyConfig/><con:wsaConfig mustUnderstand="NONE" version="200508" action="http://fidus.brussels/services/europeandisabilitycardservice/consultAllCards"/><con:wsrmConfig version="1.2"/></con:call><con:call id="d812693c-fb86-4adf-86cb-e1071b39e456" name="04 - Staging - LB - Request" outgoingWss="Outflow STAGING" incomingWss="Inflow STAGING"><con:settings><con:setting id="com.eviware.soapui.impl.wsdl.WsdlRequest@request-headers">&lt;xml-fragment/></con:setting></con:settings><con:encoding>UTF-8</con:encoding><con:endpoint>http://fidus.brussels/services/europeandisabilitycardservice/v2</con:endpoint><con:request><![CDATA[<soapenv:Envelope xmlns:soapenv="http://schemas.xmlsoap.org/soap/envelope/" xmlns:v1="http://fidus.brussels/service/europeandisabilitycardservice/messages/v1" xmlns:v11="http://fidus.brussels/type/common/messages/v1">
   <soapenv:Header/>
   <soapenv:Body>
      <v1:consultAllCardsRequest>
         <v1:messageContext>
            <v11:messageId>${=import static java.util.UUID.randomUUID; uuid = randomUUID() as String}</v11:messageId>
            <!--Optional:-->
            <v11:timestamp>${=new java.text.SimpleDateFormat("yyyy-MM-dd'T'HH:mm:ss.SSS").format(new Date())}</v11:timestamp>
         </v1:messageContext>
         <v1:legalContext>ServiceIntegrator</v1:legalContext>
         <v1:request>
            <v1:ssin>10022104563</v1:ssin>
         </v1:request>
      </v1:consultAllCardsRequest>
   </soapenv:Body>
</soapenv:Envelope>]]></con:request><con:credentials><con:selectedAuthProfile>Basic</con:selectedAuthProfile><con:addedBasicAuthenticationTypes>Basic</con:addedBasicAuthenticationTypes><con:authType>Global HTTP Settings</con:authType></con:credentials><con:jmsConfig JMSDeliveryMode="PERSISTENT"/><con:jmsPropertyConfig/><con:wsaConfig mustUnderstand="NONE" version="200508" action="http://fidus.brussels/services/europeandisabilitycardservice/consultAllCards"/><con:wsrmConfig version="1.2"/></con:call><con:call id="fb1ae64e-a846-4890-bd1e-4108631d41eb" name="04 - Staging - Worker1 - Request" outgoingWss="Outflow STAGING" incomingWss="Inflow STAGING"><con:settings><con:setting id="com.eviware.soapui.impl.wsdl.WsdlRequest@request-headers">&lt;xml-fragment/></con:setting></con:settings><con:encoding>UTF-8</con:encoding><con:endpoint>http://fidus.brussels/services/europeandisabilitycardservice/v2</con:endpoint><con:request><![CDATA[<soapenv:Envelope xmlns:soapenv="http://schemas.xmlsoap.org/soap/envelope/" xmlns:v1="http://fidus.brussels/service/europeandisabilitycardservice/messages/v1" xmlns:v11="http://fidus.brussels/type/common/messages/v1">
   <soapenv:Header/>
   <soapenv:Body>
      <v1:consultAllCardsRequest>
         <v1:messageContext>
            <v11:messageId>${=import static java.util.UUID.randomUUID; uuid = randomUUID() as String}</v11:messageId>
            <!--Optional:-->
            <v11:timestamp>${=new java.text.SimpleDateFormat("yyyy-MM-dd'T'HH:mm:ss.SSS").format(new Date())}</v11:timestamp>
         </v1:messageContext>
         <v1:legalContext>ServiceIntegrator</v1:legalContext>
         <v1:request>
            <v1:ssin>10022104563</v1:ssin>
         </v1:request>
      </v1:consultAllCardsRequest>
   </soapenv:Body>
</soapenv:Envelope>]]></con:request><con:credentials><con:selectedAuthProfile>Basic</con:selectedAuthProfile><con:addedBasicAuthenticationTypes>Basic</con:addedBasicAuthenticationTypes><con:authType>Global HTTP Settings</con:authType></con:credentials><con:jmsConfig JMSDeliveryMode="PERSISTENT"/><con:jmsPropertyConfig/><con:wsaConfig mustUnderstand="NONE" version="200508" action="http://fidus.brussels/services/europeandisabilitycardservice/consultAllCards"/><con:wsrmConfig version="1.2"/></con:call><con:call id="35875cc7-b43d-4af7-ad05-8467a3a64f9d" name="04 - Staging - Worker2 - Request" outgoingWss="Outflow STAGING" incomingWss="Inflow STAGING"><con:settings><con:setting id="com.eviware.soapui.impl.wsdl.WsdlRequest@request-headers">&lt;xml-fragment/></con:setting></con:settings><con:encoding>UTF-8</con:encoding><con:endpoint>http://fidus.brussels/services/europeandisabilitycardservice/v2</con:endpoint><con:request><![CDATA[<soapenv:Envelope xmlns:soapenv="http://schemas.xmlsoap.org/soap/envelope/" xmlns:v1="http://fidus.brussels/service/europeandisabilitycardservice/messages/v1" xmlns:v11="http://fidus.brussels/type/common/messages/v1">
   <soapenv:Header/>
   <soapenv:Body>
      <v1:consultAllCardsRequest>
         <v1:messageContext>
            <v11:messageId>${=import static java.util.UUID.randomUUID; uuid = randomUUID() as String}</v11:messageId>
            <!--Optional:-->
            <v11:timestamp>${=new java.text.SimpleDateFormat("yyyy-MM-dd'T'HH:mm:ss.SSS").format(new Date())}</v11:timestamp>
         </v1:messageContext>
         <v1:legalContext>ServiceIntegrator</v1:legalContext>
         <v1:request>
            <v1:ssin>10022104563</v1:ssin>
         </v1:request>
      </v1:consultAllCardsRequest>
   </soapenv:Body>
</soapenv:Envelope>]]></con:request><con:credentials><con:selectedAuthProfile>Basic</con:selectedAuthProfile><con:addedBasicAuthenticationTypes>Basic</con:addedBasicAuthenticationTypes><con:authType>Global HTTP Settings</con:authType></con:credentials><con:jmsConfig JMSDeliveryMode="PERSISTENT"/><con:jmsPropertyConfig/><con:wsaConfig mustUnderstand="NONE" version="200508" action="http://fidus.brussels/services/europeandisabilitycardservice/consultAllCards"/><con:wsrmConfig version="1.2"/></con:call><con:call id="ed5395dc-c31f-44bb-8b43-972473c78161" name="05 - Prod - Worker1 - Request" outgoingWss="Outflow PROD" incomingWss="Inflow PROD"><con:settings><con:setting id="com.eviware.soapui.impl.wsdl.WsdlRequest@request-headers">&lt;xml-fragment/></con:setting></con:settings><con:encoding>UTF-8</con:encoding><con:endpoint>http://fidus.brussels/services/europeandisabilitycardservice/v2</con:endpoint><con:request><![CDATA[<soapenv:Envelope xmlns:soapenv="http://schemas.xmlsoap.org/soap/envelope/" xmlns:v1="http://fidus.brussels/service/europeandisabilitycardservice/messages/v1" xmlns:v11="http://fidus.brussels/type/common/messages/v1">
   <soapenv:Header/>
   <soapenv:Body>
      <v1:consultAllCardsRequest>
         <v1:messageContext>
            <v11:messageId>${=import static java.util.UUID.randomUUID; uuid = randomUUID() as String}</v11:messageId>
            <!--Optional:-->
            <v11:timestamp>${=new java.text.SimpleDateFormat("yyyy-MM-dd'T'HH:mm:ss.SSS").format(new Date())}</v11:timestamp>
         </v1:messageContext>
         <v1:legalContext>ServiceIntegrator</v1:legalContext>
         <v1:request>
            <v1:ssin>10022104563</v1:ssin>
         </v1:request>
      </v1:consultAllCardsRequest>
   </soapenv:Body>
</soapenv:Envelope>]]></con:request><con:credentials><con:selectedAuthProfile>Basic</con:selectedAuthProfile><con:addedBasicAuthenticationTypes>Basic</con:addedBasicAuthenticationTypes><con:authType>Global HTTP Settings</con:authType></con:credentials><con:jmsConfig JMSDeliveryMode="PERSISTENT"/><con:jmsPropertyConfig/><con:wsaConfig mustUnderstand="NONE" version="200508" action="http://fidus.brussels/services/europeandisabilitycardservice/consultAllCards"/><con:wsrmConfig version="1.2"/></con:call><con:call id="c06257ce-5ad8-43be-b3f0-79a66c311705" name="05 - Prod - Worker2 - Request" outgoingWss="Outflow PROD" incomingWss="Inflow PROD"><con:settings><con:setting id="com.eviware.soapui.impl.wsdl.WsdlRequest@request-headers">&lt;xml-fragment/></con:setting></con:settings><con:encoding>UTF-8</con:encoding><con:endpoint>http://fidus.brussels/services/europeandisabilitycardservice/v2</con:endpoint><con:request><![CDATA[<soapenv:Envelope xmlns:soapenv="http://schemas.xmlsoap.org/soap/envelope/" xmlns:v1="http://fidus.brussels/service/europeandisabilitycardservice/messages/v1" xmlns:v11="http://fidus.brussels/type/common/messages/v1">
   <soapenv:Header/>
   <soapenv:Body>
      <v1:consultAllCardsRequest>
         <v1:messageContext>
            <v11:messageId>${=import static java.util.UUID.randomUUID; uuid = randomUUID() as String}</v11:messageId>
            <!--Optional:-->
            <v11:timestamp>${=new java.text.SimpleDateFormat("yyyy-MM-dd'T'HH:mm:ss.SSS").format(new Date())}</v11:timestamp>
         </v1:messageContext>
         <v1:legalContext>ServiceIntegrator</v1:legalContext>
         <v1:request>
            <v1:ssin>10022104563</v1:ssin>
         </v1:request>
      </v1:consultAllCardsRequest>
   </soapenv:Body>
</soapenv:Envelope>]]></con:request><con:credentials><con:selectedAuthProfile>Basic</con:selectedAuthProfile><con:addedBasicAuthenticationTypes>Basic</con:addedBasicAuthenticationTypes><con:authType>Global HTTP Settings</con:authType></con:credentials><con:jmsConfig JMSDeliveryMode="PERSISTENT"/><con:jmsPropertyConfig/><con:wsaConfig mustUnderstand="NONE" version="200508" action="http://fidus.brussels/services/europeandisabilitycardservice/consultAllCards"/><con:wsrmConfig version="1.2"/></con:call><con:call id="02f7c9a8-6fea-49ff-933c-b6643d6dad11" name="05 - Prod - External - Request" outgoingWss="Outflow PROD" incomingWss="Inflow PROD"><con:settings><con:setting id="com.eviware.soapui.impl.wsdl.WsdlRequest@request-headers">&lt;xml-fragment/></con:setting></con:settings><con:encoding>UTF-8</con:encoding><con:endpoint>http://fidus.brussels/services/europeandisabilitycardservice/v2</con:endpoint><con:request><![CDATA[<soapenv:Envelope xmlns:soapenv="http://schemas.xmlsoap.org/soap/envelope/" xmlns:v1="http://fidus.brussels/service/europeandisabilitycardservice/messages/v1" xmlns:v11="http://fidus.brussels/type/common/messages/v1">
   <soapenv:Header/>
   <soapenv:Body>
      <v1:consultAllCardsRequest>
         <v1:messageContext>
            <v11:messageId>${=import static java.util.UUID.randomUUID; uuid = randomUUID() as String}</v11:messageId>
            <!--Optional:-->
            <v11:timestamp>${=new java.text.SimpleDateFormat("yyyy-MM-dd'T'HH:mm:ss.SSS").format(new Date())}</v11:timestamp>
         </v1:messageContext>
         <v1:legalContext>ServiceIntegrator</v1:legalContext>
         <v1:request>
            <v1:ssin>10022104563</v1:ssin>
         </v1:request>
      </v1:consultAllCardsRequest>
   </soapenv:Body>
</soapenv:Envelope>]]></con:request><con:credentials><con:selectedAuthProfile>Basic</con:selectedAuthProfile><con:addedBasicAuthenticationTypes>Basic</con:addedBasicAuthenticationTypes><con:authType>Global HTTP Settings</con:authType></con:credentials><con:jmsConfig JMSDeliveryMode="PERSISTENT"/><con:jmsPropertyConfig/><con:wsaConfig mustUnderstand="NONE" version="200508" action="http://fidus.brussels/services/europeandisabilitycardservice/consultAllCards"/><con:wsrmConfig version="1.2"/></con:call><con:call id="bd81ed3c-3c44-4ef2-8edc-1403cea6fa78" name="05 - Prod - LB - Request" outgoingWss="Outflow PROD" incomingWss="Inflow PROD"><con:settings><con:setting id="com.eviware.soapui.impl.wsdl.WsdlRequest@request-headers">&lt;xml-fragment/></con:setting></con:settings><con:encoding>UTF-8</con:encoding><con:endpoint>http://fidus.brussels/services/europeandisabilitycardservice/v2</con:endpoint><con:request><![CDATA[<soapenv:Envelope xmlns:soapenv="http://schemas.xmlsoap.org/soap/envelope/" xmlns:v1="http://fidus.brussels/service/europeandisabilitycardservice/messages/v1" xmlns:v11="http://fidus.brussels/type/common/messages/v1">
   <soapenv:Header/>
   <soapenv:Body>
      <v1:consultAllCardsRequest>
         <v1:messageContext>
            <v11:messageId>${=import static java.util.UUID.randomUUID; uuid = randomUUID() as String}</v11:messageId>
            <!--Optional:-->
            <v11:timestamp>${=new java.text.SimpleDateFormat("yyyy-MM-dd'T'HH:mm:ss.SSS").format(new Date())}</v11:timestamp>
         </v1:messageContext>
         <v1:legalContext>ServiceIntegrator</v1:legalContext>
         <v1:request>
            <v1:ssin>10022104563</v1:ssin>
         </v1:request>
      </v1:consultAllCardsRequest>
   </soapenv:Body>
</soapenv:Envelope>]]></con:request><con:credentials><con:selectedAuthProfile>Basic</con:selectedAuthProfile><con:addedBasicAuthenticationTypes>Basic</con:addedBasicAuthenticationTypes><con:authType>Global HTTP Settings</con:authType></con:credentials><con:jmsConfig JMSDeliveryMode="PERSISTENT"/><con:jmsPropertyConfig/><con:wsaConfig mustUnderstand="NONE" version="200508" action="http://fidus.brussels/services/europeandisabilitycardservice/consultAllCards"/><con:wsrmConfig version="1.2"/></con:call><con:call id="cb9c506b-012b-47f1-a003-15c424911616" name="Request 1"><con:settings/><con:encoding>UTF-8</con:encoding><con:endpoint>http://fidus.brussels/services/europeandisabilitycardservice/v2</con:endpoint><con:request><![CDATA[<soapenv:Envelope xmlns:soapenv="http://schemas.xmlsoap.org/soap/envelope/" xmlns:v2="http://fidus.brussels/service/europeandisabilitycardservice/messages/v2" xmlns:v1="http://fidus.brussels/type/common/messages/v1">
   <soapenv:Header/>
   <soapenv:Body>
      <v2:consultAllCardsRequest>
         <v2:messageContext>
            <v1:messageId>?</v1:messageId>
            <!--Optional:-->
            <v1:timestamp>?</v1:timestamp>
         </v2:messageContext>
         <v2:legalContext>?</v2:legalContext>
         <v2:request>
            <v2:ssin>?</v2:ssin>
         </v2:request>
      </v2:consultAllCardsRequest>
   </soapenv:Body>
</soapenv:Envelope>]]></con:request><con:wsaConfig mustUnderstand="NONE" version="200508" action="http://fidus.brussels/services/europeandisabilitycardservice/consultAllCards"/></con:call></con:operation><con:operation id="92e0646c-175a-42be-8a29-7ef26b391349" isOneWay="false" action="http://fidus.brussels/services/europeandisabilitycardservice/createCard" name="createCard" bindingOperationName="createCard" type="Request-Response" inputName="" receivesAttachments="false" sendsAttachments="false" anonymous="optional"><con:settings/><con:call id="858098d6-6ba4-4e52-8072-d2fe9394705c" name="01 - Local - Request" outgoingWss="Outflow DEV"><con:settings><con:setting id="com.eviware.soapui.impl.wsdl.WsdlRequest@request-headers">&lt;xml-fragment/></con:setting></con:settings><con:encoding>UTF-8</con:encoding><con:endpoint>http://fidus.brussels/services/europeandisabilitycardservice/v2</con:endpoint><con:request><![CDATA[<soapenv:Envelope xmlns:soapenv="http://schemas.xmlsoap.org/soap/envelope/" xmlns:v1="http://fidus.brussels/service/europeandisabilitycardservice/messages/v1" xmlns:v11="http://fidus.brussels/type/common/messages/v1">
   <soapenv:Header/>
   <soapenv:Body>
      <v1:createCardRequest>
         <v1:messageContext>
            <v11:messageId>${=import static java.util.UUID.randomUUID; uuid = randomUUID() as String}</v11:messageId>
            <!--Optional:-->
            <v11:timestamp>${=new java.text.SimpleDateFormat("yyyy-MM-dd'T'HH:mm:ss.SSS").format(new Date())}</v11:timestamp>
         </v1:messageContext>
         <v1:legalContext>ServiceIntegrator</v1:legalContext>
         <v1:request>
            <v1:ssin>84072002128</v1:ssin>
            <v1:emittingPartner>0646877855</v1:emittingPartner>
            <v1:language>NL</v1:language>
            <v1:forceCreation>false</v1:forceCreation>
         </v1:request>
      </v1:createCardRequest>
   </soapenv:Body>
</soapenv:Envelope>]]></con:request><con:credentials><con:selectedAuthProfile>Basic</con:selectedAuthProfile><con:addedBasicAuthenticationTypes>Basic</con:addedBasicAuthenticationTypes><con:authType>Global HTTP Settings</con:authType></con:credentials><con:jmsConfig JMSDeliveryMode="PERSISTENT"/><con:jmsPropertyConfig/><con:wsaConfig mustUnderstand="NONE" version="200508" action="http://fidus.brussels/services/europeandisabilitycardservice/createCard"/><con:wsrmConfig version="1.2"/></con:call><con:call id="a60102b9-4140-42c1-b1e5-7f90d1d80a3f" name="02 - DEV - Request" outgoingWss="Outflow DEV" incomingWss="Inflow DEV"><con:settings><con:setting id="com.eviware.soapui.impl.wsdl.WsdlRequest@request-headers">&lt;xml-fragment/></con:setting></con:settings><con:encoding>UTF-8</con:encoding><con:endpoint>http://fidus.brussels/services/europeandisabilitycardservice/v2</con:endpoint><con:request><![CDATA[<soapenv:Envelope xmlns:soapenv="http://schemas.xmlsoap.org/soap/envelope/" xmlns:v1="http://fidus.brussels/service/europeandisabilitycardservice/messages/v1" xmlns:v11="http://fidus.brussels/type/common/messages/v1">
   <soapenv:Header/>
   <soapenv:Body>
      <v1:createCardRequest>
         <v1:messageContext>
            <v11:messageId>${=import static java.util.UUID.randomUUID; uuid = randomUUID() as String}</v11:messageId>
            <!--Optional:-->
            <v11:timestamp>${=new java.text.SimpleDateFormat("yyyy-MM-dd'T'HH:mm:ss.SSS").format(new Date())}</v11:timestamp>
         </v1:messageContext>
         <v1:legalContext>ServiceIntegrator</v1:legalContext>
         <v1:request>
            <v1:ssin>84072002128</v1:ssin>
            <v1:emittingPartner>0646877855</v1:emittingPartner>
            <v1:language>NL</v1:language>
            <v1:forceCreation>true</v1:forceCreation>
         </v1:request>
      </v1:createCardRequest>
   </soapenv:Body>
</soapenv:Envelope>]]></con:request><con:credentials><con:selectedAuthProfile>Basic</con:selectedAuthProfile><con:addedBasicAuthenticationTypes>Basic</con:addedBasicAuthenticationTypes><con:authType>Global HTTP Settings</con:authType></con:credentials><con:jmsConfig JMSDeliveryMode="PERSISTENT"/><con:jmsPropertyConfig/><con:wsaConfig mustUnderstand="NONE" version="200508" action="http://fidus.brussels/services/europeandisabilitycardservice/createCard"/><con:wsrmConfig version="1.2"/></con:call><con:call id="c2571f5e-a5bc-4fa5-984a-4e179044d739" name="03 - Test - External - Radiated_SSIN - Request" outgoingWss="Outflow TEST" incomingWss="Inflow TEST"><con:settings><con:setting id="com.eviware.soapui.impl.wsdl.WsdlRequest@request-headers">&lt;xml-fragment/></con:setting></con:settings><con:encoding>UTF-8</con:encoding><con:endpoint>http://fidus.brussels/services/europeandisabilitycardservice/v2</con:endpoint><con:request><![CDATA[<soapenv:Envelope xmlns:soapenv="http://schemas.xmlsoap.org/soap/envelope/" xmlns:v1="http://fidus.brussels/service/europeandisabilitycardservice/messages/v1" xmlns:v11="http://fidus.brussels/type/common/messages/v1">
   <soapenv:Header/>
   <soapenv:Body>
      <v1:createCardRequest>
         <v1:messageContext>
            <v11:messageId>${=import static java.util.UUID.randomUUID; uuid = randomUUID() as String}</v11:messageId>
            <!--Optional:-->
            <v11:timestamp>${=new java.text.SimpleDateFormat("yyyy-MM-dd'T'HH:mm:ss.SSS").format(new Date())}</v11:timestamp>
         </v1:messageContext>
         <v1:legalContext>ServiceIntegrator</v1:legalContext>
         <v1:request>
            <v1:ssin>89040662426</v1:ssin>
            <v1:emittingPartner>0457419435</v1:emittingPartner>
            <v1:language>NL</v1:language>
            <v1:forceCreation>true</v1:forceCreation>
         </v1:request>
      </v1:createCardRequest>
   </soapenv:Body>
</soapenv:Envelope>]]></con:request><con:credentials><con:selectedAuthProfile>Basic</con:selectedAuthProfile><con:addedBasicAuthenticationTypes>Basic</con:addedBasicAuthenticationTypes><con:authType>Global HTTP Settings</con:authType></con:credentials><con:jmsConfig JMSDeliveryMode="PERSISTENT"/><con:jmsPropertyConfig/><con:wsaConfig mustUnderstand="NONE" version="200508" action="http://fidus.brussels/services/europeandisabilitycardservice/createCard"/><con:wsrmConfig version="1.2"/></con:call><con:call id="fcbcdd1b-3581-4e03-8962-490997fdc4e3" name="03 - Test - LB - Request" outgoingWss="Outflow TEST" incomingWss="Inflow TEST"><con:settings><con:setting id="com.eviware.soapui.impl.wsdl.WsdlRequest@request-headers">&lt;xml-fragment/></con:setting></con:settings><con:encoding>UTF-8</con:encoding><con:endpoint>http://fidus.brussels/services/europeandisabilitycardservice/v2</con:endpoint><con:request><![CDATA[<soapenv:Envelope xmlns:soapenv="http://schemas.xmlsoap.org/soap/envelope/" xmlns:v1="http://fidus.brussels/service/europeandisabilitycardservice/messages/v1" xmlns:v11="http://fidus.brussels/type/common/messages/v1">
   <soapenv:Header/>
   <soapenv:Body>
      <v1:createCardRequest>
         <v1:messageContext>
            <v11:messageId>${=import static java.util.UUID.randomUUID; uuid = randomUUID() as String}</v11:messageId>
            <!--Optional:-->
            <v11:timestamp>${=new java.text.SimpleDateFormat("yyyy-MM-dd'T'HH:mm:ss.SSS").format(new Date())}</v11:timestamp>
         </v1:messageContext>
         <v1:legalContext>ServiceIntegrator</v1:legalContext>
         <v1:request>
            <v1:ssin>84072002128</v1:ssin>
            <v1:emittingPartner>0646877855</v1:emittingPartner>
            <v1:language>NL</v1:language>
            <v1:forceCreation>true</v1:forceCreation>
         </v1:request>
      </v1:createCardRequest>
   </soapenv:Body>
</soapenv:Envelope>]]></con:request><con:credentials><con:selectedAuthProfile>Basic</con:selectedAuthProfile><con:addedBasicAuthenticationTypes>Basic</con:addedBasicAuthenticationTypes><con:authType>Global HTTP Settings</con:authType></con:credentials><con:jmsConfig JMSDeliveryMode="PERSISTENT"/><con:jmsPropertyConfig/><con:wsaConfig mustUnderstand="NONE" version="200508" action="http://fidus.brussels/services/europeandisabilitycardservice/createCard"/><con:wsrmConfig version="1.2"/></con:call><con:call id="a9ff923e-b552-440b-a265-e3f77e9538bb" name="03 - Test - Worker1 - Request" outgoingWss="Outflow TEST" incomingWss="Inflow TEST"><con:settings><con:setting id="com.eviware.soapui.impl.wsdl.WsdlRequest@request-headers">&lt;xml-fragment/></con:setting></con:settings><con:encoding>UTF-8</con:encoding><con:endpoint>http://fidus.brussels/services/europeandisabilitycardservice/v2</con:endpoint><con:request><![CDATA[<soapenv:Envelope xmlns:soapenv="http://schemas.xmlsoap.org/soap/envelope/" xmlns:v1="http://fidus.brussels/service/europeandisabilitycardservice/messages/v1" xmlns:v11="http://fidus.brussels/type/common/messages/v1">
   <soapenv:Header/>
   <soapenv:Body>
      <v1:createCardRequest>
         <v1:messageContext>
            <v11:messageId>${=import static java.util.UUID.randomUUID; uuid = randomUUID() as String}</v11:messageId>
            <!--Optional:-->
            <v11:timestamp>${=new java.text.SimpleDateFormat("yyyy-MM-dd'T'HH:mm:ss.SSS").format(new Date())}</v11:timestamp>
         </v1:messageContext>
         <v1:legalContext>ServiceIntegrator</v1:legalContext>
         <v1:request>
            <v1:ssin>84072002128</v1:ssin>
            <v1:emittingPartner>0457419435</v1:emittingPartner>
            <v1:language>NL</v1:language>
            <v1:forceCreation>true</v1:forceCreation>
         </v1:request>
      </v1:createCardRequest>
   </soapenv:Body>
</soapenv:Envelope>]]></con:request><con:credentials><con:selectedAuthProfile>Basic</con:selectedAuthProfile><con:addedBasicAuthenticationTypes>Basic</con:addedBasicAuthenticationTypes><con:authType>Global HTTP Settings</con:authType></con:credentials><con:jmsConfig JMSDeliveryMode="PERSISTENT"/><con:jmsPropertyConfig/><con:wsaConfig mustUnderstand="NONE" version="200508" action="http://fidus.brussels/services/europeandisabilitycardservice/createCard"/><con:wsrmConfig version="1.2"/></con:call><con:call id="3d755474-1389-4523-a8b5-c94843ea8324" name="03 - Test - Worker2 - Request" outgoingWss="Outflow TEST" incomingWss="Inflow TEST"><con:settings><con:setting id="com.eviware.soapui.impl.wsdl.WsdlRequest@request-headers">&lt;xml-fragment/></con:setting></con:settings><con:encoding>UTF-8</con:encoding><con:endpoint>http://fidus.brussels/services/europeandisabilitycardservice/v2</con:endpoint><con:request><![CDATA[<soapenv:Envelope xmlns:soapenv="http://schemas.xmlsoap.org/soap/envelope/" xmlns:v1="http://fidus.brussels/service/europeandisabilitycardservice/messages/v1" xmlns:v11="http://fidus.brussels/type/common/messages/v1">
   <soapenv:Header/>
   <soapenv:Body>
      <v1:createCardRequest>
         <v1:messageContext>
            <v11:messageId>${=import static java.util.UUID.randomUUID; uuid = randomUUID() as String}</v11:messageId>
            <!--Optional:-->
            <v11:timestamp>${=new java.text.SimpleDateFormat("yyyy-MM-dd'T'HH:mm:ss.SSS").format(new Date())}</v11:timestamp>
         </v1:messageContext>
         <v1:legalContext>ServiceIntegrator</v1:legalContext>
         <v1:request>
            <v1:ssin>84072002128</v1:ssin>
            <v1:emittingPartner>0646877855</v1:emittingPartner>
            <v1:language>NL</v1:language>
            <v1:forceCreation>true</v1:forceCreation>
         </v1:request>
      </v1:createCardRequest>
   </soapenv:Body>
</soapenv:Envelope>]]></con:request><con:credentials><con:selectedAuthProfile>Basic</con:selectedAuthProfile><con:addedBasicAuthenticationTypes>Basic</con:addedBasicAuthenticationTypes><con:authType>Global HTTP Settings</con:authType></con:credentials><con:jmsConfig JMSDeliveryMode="PERSISTENT"/><con:jmsPropertyConfig/><con:wsaConfig mustUnderstand="NONE" version="200508" action="http://fidus.brussels/services/europeandisabilitycardservice/createCard"/><con:wsrmConfig version="1.2"/></con:call><con:call id="5a460e18-67bc-46ef-b744-0a73eba870e6" name="03 - Test - External - Cancelled_SSIN - Request" outgoingWss="Outflow TEST" incomingWss="Inflow TEST"><con:settings><con:setting id="com.eviware.soapui.impl.wsdl.WsdlRequest@request-headers">&lt;xml-fragment/></con:setting></con:settings><con:encoding>UTF-8</con:encoding><con:endpoint>http://fidus.brussels/services/europeandisabilitycardservice/v2</con:endpoint><con:request><![CDATA[<soapenv:Envelope xmlns:soapenv="http://schemas.xmlsoap.org/soap/envelope/" xmlns:v1="http://fidus.brussels/service/europeandisabilitycardservice/messages/v1" xmlns:v11="http://fidus.brussels/type/common/messages/v1">
   <soapenv:Header/>
   <soapenv:Body>
      <v1:createCardRequest>
         <v1:messageContext>
            <v11:messageId>${=import static java.util.UUID.randomUUID; uuid = randomUUID() as String}</v11:messageId>
            <!--Optional:-->
            <v11:timestamp>${=new java.text.SimpleDateFormat("yyyy-MM-dd'T'HH:mm:ss.SSS").format(new Date())}</v11:timestamp>
         </v1:messageContext>
         <v1:legalContext>ServiceIntegrator</v1:legalContext>
         <v1:request>
            <v1:ssin>49010193967</v1:ssin>
            <v1:emittingPartner>0457419435</v1:emittingPartner>
            <v1:language>NL</v1:language>
            <v1:forceCreation>false</v1:forceCreation>
         </v1:request>
      </v1:createCardRequest>
   </soapenv:Body>
</soapenv:Envelope>]]></con:request><con:credentials><con:selectedAuthProfile>Basic</con:selectedAuthProfile><con:addedBasicAuthenticationTypes>Basic</con:addedBasicAuthenticationTypes><con:authType>Global HTTP Settings</con:authType></con:credentials><con:jmsConfig JMSDeliveryMode="PERSISTENT"/><con:jmsPropertyConfig/><con:wsaConfig mustUnderstand="NONE" version="200508" action="http://fidus.brussels/services/europeandisabilitycardservice/createCard"/><con:wsrmConfig version="1.2"/></con:call><con:call id="c228a3a0-67ea-4c23-a7a9-41faeeaeeacb" name="03 - Test - External - SSIN_DeceasedPerson - Request" outgoingWss="Outflow TEST" incomingWss="Inflow TEST"><con:settings><con:setting id="com.eviware.soapui.impl.wsdl.WsdlRequest@request-headers">&lt;xml-fragment/></con:setting></con:settings><con:encoding>UTF-8</con:encoding><con:endpoint>http://fidus.brussels/services/europeandisabilitycardservice/v2</con:endpoint><con:request><![CDATA[<soapenv:Envelope xmlns:soapenv="http://schemas.xmlsoap.org/soap/envelope/" xmlns:v1="http://fidus.brussels/service/europeandisabilitycardservice/messages/v1" xmlns:v11="http://fidus.brussels/type/common/messages/v1">
   <soapenv:Header/>
   <soapenv:Body>
      <v1:createCardRequest>
         <v1:messageContext>
            <v11:messageId>${=import static java.util.UUID.randomUUID; uuid = randomUUID() as String}</v11:messageId>
            <!--Optional:-->
            <v11:timestamp>${=new java.text.SimpleDateFormat("yyyy-MM-dd'T'HH:mm:ss.SSS").format(new Date())}</v11:timestamp>
         </v1:messageContext>
         <v1:legalContext>ServiceIntegrator</v1:legalContext>
         <v1:request>
            <v1:ssin>18100808031</v1:ssin>
            <v1:emittingPartner>0457419435</v1:emittingPartner>
            <v1:language>NL</v1:language>
            <v1:forceCreation>false</v1:forceCreation>
         </v1:request>
      </v1:createCardRequest>
   </soapenv:Body>
</soapenv:Envelope>]]></con:request><con:credentials><con:selectedAuthProfile>Basic</con:selectedAuthProfile><con:addedBasicAuthenticationTypes>Basic</con:addedBasicAuthenticationTypes><con:authType>Global HTTP Settings</con:authType></con:credentials><con:jmsConfig JMSDeliveryMode="PERSISTENT"/><con:jmsPropertyConfig/><con:wsaConfig mustUnderstand="NONE" version="200508" action="http://fidus.brussels/services/europeandisabilitycardservice/createCard"/><con:wsrmConfig version="1.2"/></con:call><con:call id="9eba0f97-7e81-4693-8821-78cf3485f659" name="03 - Test - External - CBE_NotValid_EmittingPartner - Request" outgoingWss="Outflow TEST" incomingWss="Inflow TEST"><con:settings><con:setting id="com.eviware.soapui.impl.wsdl.WsdlRequest@request-headers">&lt;xml-fragment/></con:setting></con:settings><con:encoding>UTF-8</con:encoding><con:endpoint>http://fidus.brussels/services/europeandisabilitycardservice/v2</con:endpoint><con:request><![CDATA[<soapenv:Envelope xmlns:soapenv="http://schemas.xmlsoap.org/soap/envelope/" xmlns:v1="http://fidus.brussels/service/europeandisabilitycardservice/messages/v1" xmlns:v11="http://fidus.brussels/type/common/messages/v1">
   <soapenv:Header/>
   <soapenv:Body>
      <v1:createCardRequest>
         <v1:messageContext>
            <v11:messageId>${=import static java.util.UUID.randomUUID; uuid = randomUUID() as String}</v11:messageId>
            <!--Optional:-->
            <v11:timestamp>${=new java.text.SimpleDateFormat("yyyy-MM-dd'T'HH:mm:ss.SSS").format(new Date())}</v11:timestamp>
         </v1:messageContext>
         <v1:legalContext>ServiceIntegrator</v1:legalContext>
         <v1:request>
            <v1:ssin>50081133058</v1:ssin>
            <v1:emittingPartner>0887164275</v1:emittingPartner>
            <v1:language>NL</v1:language>
            <v1:forceCreation>false</v1:forceCreation>
         </v1:request>
      </v1:createCardRequest>
   </soapenv:Body>
</soapenv:Envelope>]]></con:request><con:credentials><con:selectedAuthProfile>Basic</con:selectedAuthProfile><con:addedBasicAuthenticationTypes>Basic</con:addedBasicAuthenticationTypes><con:authType>Global HTTP Settings</con:authType></con:credentials><con:jmsConfig JMSDeliveryMode="PERSISTENT"/><con:jmsPropertyConfig/><con:wsaConfig mustUnderstand="NONE" version="200508" action="http://fidus.brussels/services/europeandisabilitycardservice/createCard"/><con:wsrmConfig version="1.2"/></con:call><con:call id="6d237178-295d-4ab5-9687-37e15608dafa" name="03 - Test - External - ActiveCard_Other_EmittingPartner - Request" outgoingWss="Outflow TEST" incomingWss="Inflow TEST"><con:settings><con:setting id="com.eviware.soapui.impl.wsdl.WsdlRequest@request-headers">&lt;xml-fragment/></con:setting></con:settings><con:encoding>UTF-8</con:encoding><con:endpoint>http://fidus.brussels/services/europeandisabilitycardservice/v2</con:endpoint><con:request><![CDATA[<soapenv:Envelope xmlns:soapenv="http://schemas.xmlsoap.org/soap/envelope/" xmlns:v1="http://fidus.brussels/service/europeandisabilitycardservice/messages/v1" xmlns:v11="http://fidus.brussels/type/common/messages/v1">
   <soapenv:Header/>
   <soapenv:Body>
      <v1:createCardRequest>
         <v1:messageContext>
            <v11:messageId>${=import static java.util.UUID.randomUUID; uuid = randomUUID() as String}</v11:messageId>
            <!--Optional:-->
            <v11:timestamp>${=new java.text.SimpleDateFormat("yyyy-MM-dd'T'HH:mm:ss.SSS").format(new Date())}</v11:timestamp>
         </v1:messageContext>
         <v1:legalContext>ServiceIntegrator</v1:legalContext>
         <v1:request>
            <v1:ssin>50081133058</v1:ssin>
            <v1:emittingPartner>0457419435</v1:emittingPartner>
            <v1:language>NL</v1:language>
            <v1:forceCreation>false</v1:forceCreation>
         </v1:request>
      </v1:createCardRequest>
   </soapenv:Body>
</soapenv:Envelope>]]></con:request><con:credentials><con:selectedAuthProfile>Basic</con:selectedAuthProfile><con:addedBasicAuthenticationTypes>Basic</con:addedBasicAuthenticationTypes><con:authType>Global HTTP Settings</con:authType></con:credentials><con:jmsConfig JMSDeliveryMode="PERSISTENT"/><con:jmsPropertyConfig/><con:wsaConfig mustUnderstand="NONE" version="200508" action="http://fidus.brussels/services/europeandisabilitycardservice/createCard"/><con:wsrmConfig version="1.2"/></con:call><con:call id="f64d5a6f-b444-43e0-b63d-36e2dd0ccd33" name="03 - Test - External - CreateCard - Request" outgoingWss="Outflow TEST" incomingWss="Inflow TEST"><con:settings><con:setting id="com.eviware.soapui.impl.wsdl.WsdlRequest@request-headers">&lt;xml-fragment/></con:setting></con:settings><con:encoding>UTF-8</con:encoding><con:endpoint>http://fidus.brussels/services/europeandisabilitycardservice/v2</con:endpoint><con:request><![CDATA[<soapenv:Envelope xmlns:soapenv="http://schemas.xmlsoap.org/soap/envelope/" xmlns:v1="http://fidus.brussels/service/europeandisabilitycardservice/messages/v1" xmlns:v11="http://fidus.brussels/type/common/messages/v1">
   <soapenv:Header/>
   <soapenv:Body>
      <v1:createCardRequest>
         <v1:messageContext>
            <v11:messageId>${=import static java.util.UUID.randomUUID; uuid = randomUUID() as String}</v11:messageId>
            <!--Optional:-->
            <v11:timestamp>${=new java.text.SimpleDateFormat("yyyy-MM-dd'T'HH:mm:ss.SSS").format(new Date())}</v11:timestamp>
         </v1:messageContext>
         <v1:legalContext>ServiceIntegrator</v1:legalContext>
         <v1:request>
            <v1:ssin>91040526866</v1:ssin>
            <v1:emittingPartner>0457419435</v1:emittingPartner>
            <v1:language>NL</v1:language>
            <v1:forceCreation>true</v1:forceCreation>
         </v1:request>
      </v1:createCardRequest>
   </soapenv:Body>
</soapenv:Envelope>]]></con:request><con:credentials><con:selectedAuthProfile>Basic</con:selectedAuthProfile><con:addedBasicAuthenticationTypes>Basic</con:addedBasicAuthenticationTypes><con:authType>Global HTTP Settings</con:authType></con:credentials><con:jmsConfig JMSDeliveryMode="PERSISTENT"/><con:jmsPropertyConfig/><con:wsaConfig mustUnderstand="NONE" version="200508" action="http://fidus.brussels/services/europeandisabilitycardservice/createCard"/><con:wsrmConfig version="1.2"/></con:call><con:call id="6ef4bdb7-8f72-446a-9595-565ee38a3227" name="03 - Test - External - CreateNewCard_CardActive - Request" outgoingWss="Outflow TEST" incomingWss="Inflow TEST"><con:settings><con:setting id="com.eviware.soapui.impl.wsdl.WsdlRequest@request-headers">&lt;xml-fragment/></con:setting></con:settings><con:encoding>UTF-8</con:encoding><con:endpoint>http://fidus.brussels/services/europeandisabilitycardservice/v2</con:endpoint><con:request><![CDATA[<soapenv:Envelope xmlns:soapenv="http://schemas.xmlsoap.org/soap/envelope/" xmlns:v1="http://fidus.brussels/service/europeandisabilitycardservice/messages/v1" xmlns:v11="http://fidus.brussels/type/common/messages/v1">
   <soapenv:Header/>
   <soapenv:Body>
      <v1:createCardRequest>
         <v1:messageContext>
            <v11:messageId>${=import static java.util.UUID.randomUUID; uuid = randomUUID() as String}</v11:messageId>
            <!--Optional:-->
            <v11:timestamp>${=new java.text.SimpleDateFormat("yyyy-MM-dd'T'HH:mm:ss.SSS").format(new Date())}</v11:timestamp>
         </v1:messageContext>
         <v1:legalContext>ServiceIntegrator</v1:legalContext>
         <v1:request>
            <v1:ssin>84010118405</v1:ssin>
            <v1:emittingPartner>0457419435</v1:emittingPartner>
            <v1:language>NL</v1:language>
            <v1:forceCreation>false</v1:forceCreation>
         </v1:request>
      </v1:createCardRequest>
   </soapenv:Body>
</soapenv:Envelope>]]></con:request><con:credentials><con:selectedAuthProfile>Basic</con:selectedAuthProfile><con:addedBasicAuthenticationTypes>Basic</con:addedBasicAuthenticationTypes><con:authType>Global HTTP Settings</con:authType></con:credentials><con:jmsConfig JMSDeliveryMode="PERSISTENT"/><con:jmsPropertyConfig/><con:wsaConfig mustUnderstand="NONE" version="200508" action="http://fidus.brussels/services/europeandisabilitycardservice/createCard"/><con:wsrmConfig version="1.2"/></con:call><con:call id="fe9b588f-1123-4911-8004-0e40ba5e78c1" name="03 - Test - External - ForceCreateNewCard - Request" outgoingWss="Outflow TEST" incomingWss="Inflow TEST"><con:settings><con:setting id="com.eviware.soapui.impl.wsdl.WsdlRequest@request-headers">&lt;xml-fragment/></con:setting></con:settings><con:encoding>UTF-8</con:encoding><con:endpoint>http://fidus.brussels/services/europeandisabilitycardservice/v2</con:endpoint><con:request><![CDATA[<soapenv:Envelope xmlns:soapenv="http://schemas.xmlsoap.org/soap/envelope/" xmlns:v1="http://fidus.brussels/service/europeandisabilitycardservice/messages/v1" xmlns:v11="http://fidus.brussels/type/common/messages/v1">
   <soapenv:Header/>
   <soapenv:Body>
      <v1:createCardRequest>
         <v1:messageContext>
            <v11:messageId>${=import static java.util.UUID.randomUUID; uuid = randomUUID() as String}</v11:messageId>
            <!--Optional:-->
            <v11:timestamp>${=new java.text.SimpleDateFormat("yyyy-MM-dd'T'HH:mm:ss.SSS").format(new Date())}</v11:timestamp>
         </v1:messageContext>
         <v1:legalContext>ServiceIntegrator</v1:legalContext>
         <v1:request>
            <v1:ssin>50081133058</v1:ssin>
            <v1:emittingPartner>0457419435</v1:emittingPartner>
            <v1:language>NL</v1:language>
            <v1:forceCreation>true</v1:forceCreation>
         </v1:request>
      </v1:createCardRequest>
   </soapenv:Body>
</soapenv:Envelope>]]></con:request><con:credentials><con:selectedAuthProfile>Basic</con:selectedAuthProfile><con:addedBasicAuthenticationTypes>Basic</con:addedBasicAuthenticationTypes><con:authType>Global HTTP Settings</con:authType></con:credentials><con:jmsConfig JMSDeliveryMode="PERSISTENT"/><con:jmsPropertyConfig/><con:wsaConfig mustUnderstand="NONE" version="200508" action="http://fidus.brussels/services/europeandisabilitycardservice/createCard"/><con:wsrmConfig version="1.2"/></con:call><con:call id="e77998c9-bd48-4492-8e90-548fd19a46bb" name="03 - Test - External - 30.ForceCreateNewCard - Request" outgoingWss="Outflow TEST" incomingWss="Inflow TEST"><con:settings><con:setting id="com.eviware.soapui.impl.wsdl.WsdlRequest@request-headers">&lt;xml-fragment/></con:setting></con:settings><con:encoding>UTF-8</con:encoding><con:endpoint>http://fidus.brussels/services/europeandisabilitycardservice/v2</con:endpoint><con:request><![CDATA[<soapenv:Envelope xmlns:soapenv="http://schemas.xmlsoap.org/soap/envelope/" xmlns:v1="http://fidus.brussels/service/europeandisabilitycardservice/messages/v1" xmlns:v11="http://fidus.brussels/type/common/messages/v1">
   <soapenv:Header/>
   <soapenv:Body>
      <v1:createCardRequest>
         <v1:messageContext>
            <v11:messageId>${=import static java.util.UUID.randomUUID; uuid = randomUUID() as String}</v11:messageId>
            <!--Optional:-->
            <v11:timestamp>${=new java.text.SimpleDateFormat("yyyy-MM-dd'T'HH:mm:ss.SSS").format(new Date())}</v11:timestamp>
         </v1:messageContext>
         <v1:legalContext>ServiceIntegrator</v1:legalContext>
         <v1:request>
            <v1:ssin>67052624133</v1:ssin>
            <v1:emittingPartner>0457419435</v1:emittingPartner>
            <v1:language>NL</v1:language>
            <v1:forceCreation>true</v1:forceCreation>
         </v1:request>
      </v1:createCardRequest>
   </soapenv:Body>
</soapenv:Envelope>]]></con:request><con:credentials><con:selectedAuthProfile>Basic</con:selectedAuthProfile><con:addedBasicAuthenticationTypes>Basic</con:addedBasicAuthenticationTypes><con:authType>Global HTTP Settings</con:authType></con:credentials><con:jmsConfig JMSDeliveryMode="PERSISTENT"/><con:jmsPropertyConfig/><con:wsaConfig mustUnderstand="NONE" version="200508" action="http://fidus.brussels/services/europeandisabilitycardservice/createCard"/><con:wsrmConfig version="1.2"/></con:call><con:call id="fe7bfacc-e00b-497c-8e90-e5e72a744638" name="03 - Test - External - 31.CreateCard_CancelledCard - Request" outgoingWss="Outflow TEST" incomingWss="Inflow TEST"><con:settings><con:setting id="com.eviware.soapui.impl.wsdl.WsdlRequest@request-headers">&lt;xml-fragment/></con:setting></con:settings><con:encoding>UTF-8</con:encoding><con:endpoint>http://fidus.brussels/services/europeandisabilitycardservice/v2</con:endpoint><con:request><![CDATA[<soapenv:Envelope xmlns:soapenv="http://schemas.xmlsoap.org/soap/envelope/" xmlns:v1="http://fidus.brussels/service/europeandisabilitycardservice/messages/v1" xmlns:v11="http://fidus.brussels/type/common/messages/v1">
   <soapenv:Header/>
   <soapenv:Body>
      <v1:createCardRequest>
         <v1:messageContext>
            <v11:messageId>${=import static java.util.UUID.randomUUID; uuid = randomUUID() as String}</v11:messageId>
            <!--Optional:-->
            <v11:timestamp>${=new java.text.SimpleDateFormat("yyyy-MM-dd'T'HH:mm:ss.SSS").format(new Date())}</v11:timestamp>
         </v1:messageContext>
         <v1:legalContext>ServiceIntegrator</v1:legalContext>
         <v1:request>
            <v1:ssin>64061324572</v1:ssin>
            <v1:emittingPartner>0457419435</v1:emittingPartner>
            <v1:language>NL</v1:language>
            <v1:forceCreation>false</v1:forceCreation>
         </v1:request>
      </v1:createCardRequest>
   </soapenv:Body>
</soapenv:Envelope>]]></con:request><con:credentials><con:selectedAuthProfile>Basic</con:selectedAuthProfile><con:addedBasicAuthenticationTypes>Basic</con:addedBasicAuthenticationTypes><con:authType>Global HTTP Settings</con:authType></con:credentials><con:jmsConfig JMSDeliveryMode="PERSISTENT"/><con:jmsPropertyConfig/><con:wsaConfig mustUnderstand="NONE" version="200508" action="http://fidus.brussels/services/europeandisabilitycardservice/createCard"/><con:wsrmConfig version="1.2"/></con:call><con:call id="5f3d0e79-621d-45c5-ac71-5dfde32a0e13" name="03 - Test - External - 32.ForcedCreateCard_ActiveCard - Request" outgoingWss="Outflow TEST" incomingWss="Inflow TEST"><con:settings><con:setting id="com.eviware.soapui.impl.wsdl.WsdlRequest@request-headers">&lt;xml-fragment/></con:setting></con:settings><con:encoding>UTF-8</con:encoding><con:endpoint>http://fidus.brussels/services/europeandisabilitycardservice/v2</con:endpoint><con:request><![CDATA[<soapenv:Envelope xmlns:soapenv="http://schemas.xmlsoap.org/soap/envelope/" xmlns:v1="http://fidus.brussels/service/europeandisabilitycardservice/messages/v1" xmlns:v11="http://fidus.brussels/type/common/messages/v1">
   <soapenv:Header/>
   <soapenv:Body>
      <v1:createCardRequest>
         <v1:messageContext>
            <v11:messageId>${=import static java.util.UUID.randomUUID; uuid = randomUUID() as String}</v11:messageId>
            <!--Optional:-->
            <v11:timestamp>${=new java.text.SimpleDateFormat("yyyy-MM-dd'T'HH:mm:ss.SSS").format(new Date())}</v11:timestamp>
         </v1:messageContext>
         <v1:legalContext>ServiceIntegrator</v1:legalContext>
         <v1:request>
            <v1:ssin>64061324572</v1:ssin>
            <v1:emittingPartner>0457419435</v1:emittingPartner>
            <v1:language>NL</v1:language>
            <v1:forceCreation>true</v1:forceCreation>
         </v1:request>
      </v1:createCardRequest>
   </soapenv:Body>
</soapenv:Envelope>]]></con:request><con:credentials><con:selectedAuthProfile>Basic</con:selectedAuthProfile><con:addedBasicAuthenticationTypes>Basic</con:addedBasicAuthenticationTypes><con:authType>Global HTTP Settings</con:authType></con:credentials><con:jmsConfig JMSDeliveryMode="PERSISTENT"/><con:jmsPropertyConfig/><con:wsaConfig mustUnderstand="NONE" version="200508" action="http://fidus.brussels/services/europeandisabilitycardservice/createCard"/><con:wsrmConfig version="1.2"/></con:call><con:call id="f5bbcbf2-0cce-4f32-8650-0a9e6eb0f7b4" name="04 - Staging - External - Request" outgoingWss="Outflow STAGING" incomingWss="Inflow STAGING"><con:settings><con:setting id="com.eviware.soapui.impl.wsdl.WsdlRequest@request-headers">&lt;xml-fragment/></con:setting></con:settings><con:encoding>UTF-8</con:encoding><con:endpoint>http://fidus.brussels/services/europeandisabilitycardservice/v2</con:endpoint><con:request><![CDATA[<soapenv:Envelope xmlns:soapenv="http://schemas.xmlsoap.org/soap/envelope/" xmlns:v1="http://fidus.brussels/service/europeandisabilitycardservice/messages/v1" xmlns:v11="http://fidus.brussels/type/common/messages/v1">
   <soapenv:Header/>
   <soapenv:Body>
      <v1:createCardRequest>
         <v1:messageContext>
            <v11:messageId>${=import static java.util.UUID.randomUUID; uuid = randomUUID() as String}</v11:messageId>
            <!--Optional:-->
            <v11:timestamp>${=new java.text.SimpleDateFormat("yyyy-MM-dd'T'HH:mm:ss.SSS").format(new Date())}</v11:timestamp>
         </v1:messageContext>
         <v1:legalContext>ServiceIntegrator</v1:legalContext>
         <v1:request>
            <v1:ssin>67052624133</v1:ssin>
            <v1:emittingPartner>0457419435</v1:emittingPartner>
            <v1:language>NL</v1:language>
            <v1:forceCreation>true</v1:forceCreation>
         </v1:request>
      </v1:createCardRequest>
   </soapenv:Body>
</soapenv:Envelope>]]></con:request><con:credentials><con:selectedAuthProfile>Basic</con:selectedAuthProfile><con:addedBasicAuthenticationTypes>Basic</con:addedBasicAuthenticationTypes><con:authType>Global HTTP Settings</con:authType></con:credentials><con:jmsConfig JMSDeliveryMode="PERSISTENT"/><con:jmsPropertyConfig/><con:wsaConfig mustUnderstand="NONE" version="200508" action="http://fidus.brussels/services/europeandisabilitycardservice/createCard"/><con:wsrmConfig version="1.2"/></con:call><con:call id="eb2e523a-1f19-4247-9972-c64cf9d8c031" name="04 - Staging - LB - Request" outgoingWss="Outflow STAGING" incomingWss="Inflow STAGING"><con:settings><con:setting id="com.eviware.soapui.impl.wsdl.WsdlRequest@request-headers">&lt;xml-fragment/></con:setting></con:settings><con:encoding>UTF-8</con:encoding><con:endpoint>http://fidus.brussels/services/europeandisabilitycardservice/v2</con:endpoint><con:request><![CDATA[<soapenv:Envelope xmlns:soapenv="http://schemas.xmlsoap.org/soap/envelope/" xmlns:v1="http://fidus.brussels/service/europeandisabilitycardservice/messages/v1" xmlns:v11="http://fidus.brussels/type/common/messages/v1">
   <soapenv:Header/>
   <soapenv:Body>
      <v1:createCardRequest>
         <v1:messageContext>
            <v11:messageId>${=import static java.util.UUID.randomUUID; uuid = randomUUID() as String}</v11:messageId>
            <!--Optional:-->
            <v11:timestamp>${=new java.text.SimpleDateFormat("yyyy-MM-dd'T'HH:mm:ss.SSS").format(new Date())}</v11:timestamp>
         </v1:messageContext>
         <v1:legalContext>ServiceIntegrator</v1:legalContext>
         <v1:request>
            <v1:ssin>91040526866</v1:ssin>
            <v1:emittingPartner>0457419435</v1:emittingPartner>
            <v1:language>NL</v1:language>
            <v1:forceCreation>true</v1:forceCreation>
         </v1:request>
      </v1:createCardRequest>
   </soapenv:Body>
</soapenv:Envelope>]]></con:request><con:credentials><con:selectedAuthProfile>Basic</con:selectedAuthProfile><con:addedBasicAuthenticationTypes>Basic</con:addedBasicAuthenticationTypes><con:authType>Global HTTP Settings</con:authType></con:credentials><con:jmsConfig JMSDeliveryMode="PERSISTENT"/><con:jmsPropertyConfig/><con:wsaConfig mustUnderstand="NONE" version="200508" action="http://fidus.brussels/services/europeandisabilitycardservice/createCard"/><con:wsrmConfig version="1.2"/></con:call><con:call id="6b98ae3d-4d80-496f-9911-736b4360d371" name="04 - Staging - Worker1 - Request" outgoingWss="Outflow STAGING" incomingWss="Inflow STAGING"><con:settings><con:setting id="com.eviware.soapui.impl.wsdl.WsdlRequest@request-headers">&lt;xml-fragment/></con:setting></con:settings><con:encoding>UTF-8</con:encoding><con:endpoint>http://fidus.brussels/services/europeandisabilitycardservice/v2</con:endpoint><con:request><![CDATA[<soapenv:Envelope xmlns:soapenv="http://schemas.xmlsoap.org/soap/envelope/" xmlns:v1="http://fidus.brussels/service/europeandisabilitycardservice/messages/v1" xmlns:v11="http://fidus.brussels/type/common/messages/v1">
   <soapenv:Header/>
   <soapenv:Body>
      <v1:createCardRequest>
         <v1:messageContext>
            <v11:messageId>${=import static java.util.UUID.randomUUID; uuid = randomUUID() as String}</v11:messageId>
            <!--Optional:-->
            <v11:timestamp>${=new java.text.SimpleDateFormat("yyyy-MM-dd'T'HH:mm:ss.SSS").format(new Date())}</v11:timestamp>
         </v1:messageContext>
         <v1:legalContext>ServiceIntegrator</v1:legalContext>
         <v1:request>
            <v1:ssin>84010118405</v1:ssin>
            <v1:emittingPartner>0457419435</v1:emittingPartner>
            <v1:language>NL</v1:language>
            <v1:forceCreation>true</v1:forceCreation>
         </v1:request>
      </v1:createCardRequest>
   </soapenv:Body>
</soapenv:Envelope>]]></con:request><con:credentials><con:selectedAuthProfile>Basic</con:selectedAuthProfile><con:addedBasicAuthenticationTypes>Basic</con:addedBasicAuthenticationTypes><con:authType>Global HTTP Settings</con:authType></con:credentials><con:jmsConfig JMSDeliveryMode="PERSISTENT"/><con:jmsPropertyConfig/><con:wsaConfig mustUnderstand="NONE" version="200508" action="http://fidus.brussels/services/europeandisabilitycardservice/createCard"/><con:wsrmConfig version="1.2"/></con:call><con:call id="a865192d-74bb-4b6c-92e2-4c11fd6db23b" name="04 - Staging - Worker2 - Request" outgoingWss="Outflow STAGING" incomingWss="Inflow STAGING"><con:settings><con:setting id="com.eviware.soapui.impl.wsdl.WsdlRequest@request-headers">&lt;xml-fragment/></con:setting></con:settings><con:encoding>UTF-8</con:encoding><con:endpoint>http://fidus.brussels/services/europeandisabilitycardservice/v2</con:endpoint><con:request><![CDATA[<soapenv:Envelope xmlns:soapenv="http://schemas.xmlsoap.org/soap/envelope/" xmlns:v1="http://fidus.brussels/service/europeandisabilitycardservice/messages/v1" xmlns:v11="http://fidus.brussels/type/common/messages/v1">
   <soapenv:Header/>
   <soapenv:Body>
      <v1:createCardRequest>
         <v1:messageContext>
            <v11:messageId>${=import static java.util.UUID.randomUUID; uuid = randomUUID() as String}</v11:messageId>
            <!--Optional:-->
            <v11:timestamp>${=new java.text.SimpleDateFormat("yyyy-MM-dd'T'HH:mm:ss.SSS").format(new Date())}</v11:timestamp>
         </v1:messageContext>
         <v1:legalContext>ServiceIntegrator</v1:legalContext>
         <v1:request>
            <v1:ssin>50081133058</v1:ssin>
            <v1:emittingPartner>0457419435</v1:emittingPartner>
            <v1:language>NL</v1:language>
            <v1:forceCreation>true</v1:forceCreation>
         </v1:request>
      </v1:createCardRequest>
   </soapenv:Body>
</soapenv:Envelope>]]></con:request><con:credentials><con:selectedAuthProfile>Basic</con:selectedAuthProfile><con:addedBasicAuthenticationTypes>Basic</con:addedBasicAuthenticationTypes><con:authType>Global HTTP Settings</con:authType></con:credentials><con:jmsConfig JMSDeliveryMode="PERSISTENT"/><con:jmsPropertyConfig/><con:wsaConfig mustUnderstand="NONE" version="200508" action="http://fidus.brussels/services/europeandisabilitycardservice/createCard"/><con:wsrmConfig version="1.2"/></con:call><con:call id="248a475a-048e-4ea0-9f18-74e49671d20f" name="Request 1"><con:settings/><con:encoding>UTF-8</con:encoding><con:endpoint>http://fidus.brussels/services/europeandisabilitycardservice/v2</con:endpoint><con:request><![CDATA[<soapenv:Envelope xmlns:soapenv="http://schemas.xmlsoap.org/soap/envelope/" xmlns:v2="http://fidus.brussels/service/europeandisabilitycardservice/messages/v2" xmlns:v1="http://fidus.brussels/type/common/messages/v1">
   <soapenv:Header/>
   <soapenv:Body>
      <v2:createCardRequest>
         <v2:messageContext>
            <v1:messageId>?</v1:messageId>
            <!--Optional:-->
            <v1:timestamp>?</v1:timestamp>
         </v2:messageContext>
         <v2:legalContext>?</v2:legalContext>
         <v2:request>
            <v2:ssin>?</v2:ssin>
            <v2:emittingPartner>?</v2:emittingPartner>
            <v2:language>?</v2:language>
            <v2:forceCreation>false</v2:forceCreation>
         </v2:request>
      </v2:createCardRequest>
   </soapenv:Body>
</soapenv:Envelope>]]></con:request><con:wsaConfig mustUnderstand="NONE" version="200508" action="http://fidus.brussels/services/europeandisabilitycardservice/createCard"/></con:call></con:operation><con:operation id="2155c4dd-83f4-48d8-ba73-5b04b1d21219" isOneWay="false" action="http://fidus.brussels/services/europeandisabilitycardservice/stopOrCancelCard" name="stopOrCancelCard" bindingOperationName="stopOrCancelCard" type="Request-Response" inputName="" receivesAttachments="false" sendsAttachments="false" anonymous="optional"><con:settings/><con:call id="3d816efe-5310-4bbd-bb4c-707dfadaff2b" name="01 - Local - Request" outgoingWss="Outflow DEV" incomingWss="Inflow DEV"><con:settings><con:setting id="com.eviware.soapui.impl.wsdl.WsdlRequest@request-headers">&lt;xml-fragment/></con:setting></con:settings><con:encoding>UTF-8</con:encoding><con:endpoint>http://fidus.brussels/services/europeandisabilitycardservice/v2</con:endpoint><con:request><![CDATA[<soapenv:Envelope xmlns:soapenv="http://schemas.xmlsoap.org/soap/envelope/" xmlns:v1="http://fidus.brussels/service/europeandisabilitycardservice/messages/v1" xmlns:v11="http://fidus.brussels/type/common/messages/v1">
   <soapenv:Header/>
   <soapenv:Body>
      <v1:stopOrCancelCardRequest>
         <v1:messageContext>
            <v11:messageId>${=import static java.util.UUID.randomUUID; uuid = randomUUID() as String}</v11:messageId>
            <!--Optional:-->
            <v11:timestamp>${=new java.text.SimpleDateFormat("yyyy-MM-dd'T'HH:mm:ss.SSS").format(new Date())}</v11:timestamp>
         </v1:messageContext>
         <v1:legalContext>ServiceIntegrator</v1:legalContext>
         <v1:request>            
            <v1:cardNumber>10000000115</v1:cardNumber>
            <v1:emittingPartner>0646877855</v1:emittingPartner>
         </v1:request>
      </v1:stopOrCancelCardRequest>
   </soapenv:Body>
</soapenv:Envelope>]]></con:request><con:credentials><con:selectedAuthProfile>Basic</con:selectedAuthProfile><con:addedBasicAuthenticationTypes>Basic</con:addedBasicAuthenticationTypes><con:authType>Global HTTP Settings</con:authType></con:credentials><con:jmsConfig JMSDeliveryMode="PERSISTENT"/><con:jmsPropertyConfig/><con:wsaConfig mustUnderstand="NONE" version="200508" action="http://fidus.brussels/services/europeandisabilitycardservice/stopOrCancelCard"/><con:wsrmConfig version="1.2"/></con:call><con:call id="4da60873-fcdd-44fe-9121-301c21e5f74e" name="02 - DEV - Request" outgoingWss="Outflow DEV" incomingWss="Inflow DEV"><con:settings><con:setting id="com.eviware.soapui.impl.wsdl.WsdlRequest@request-headers">&lt;xml-fragment/></con:setting></con:settings><con:encoding>UTF-8</con:encoding><con:endpoint>http://fidus.brussels/services/europeandisabilitycardservice/v2</con:endpoint><con:request><![CDATA[<soapenv:Envelope xmlns:soapenv="http://schemas.xmlsoap.org/soap/envelope/" xmlns:v1="http://fidus.brussels/service/europeandisabilitycardservice/messages/v1" xmlns:v11="http://fidus.brussels/type/common/messages/v1">
   <soapenv:Header/>
   <soapenv:Body>
      <v1:stopOrCancelCardRequest>
         <v1:messageContext>
            <v11:messageId>${=import static java.util.UUID.randomUUID; uuid = randomUUID() as String}</v11:messageId>
            <!--Optional:-->
            <v11:timestamp>${=new java.text.SimpleDateFormat("yyyy-MM-dd'T'HH:mm:ss.SSS").format(new Date())}</v11:timestamp>
         </v1:messageContext>
         <v1:legalContext>ServiceIntegrator</v1:legalContext>
         <v1:request>            
            <v1:cardNumber>10000000115</v1:cardNumber>
            <v1:emittingPartner>0646877855</v1:emittingPartner>
         </v1:request>
      </v1:stopOrCancelCardRequest>
   </soapenv:Body>
</soapenv:Envelope>]]></con:request><con:credentials><con:selectedAuthProfile>Basic</con:selectedAuthProfile><con:addedBasicAuthenticationTypes>Basic</con:addedBasicAuthenticationTypes><con:authType>Global HTTP Settings</con:authType></con:credentials><con:jmsConfig JMSDeliveryMode="PERSISTENT"/><con:jmsPropertyConfig/><con:wsaConfig mustUnderstand="NONE" version="200508" action="http://fidus.brussels/services/europeandisabilitycardservice/stopOrCancelCard"/><con:wsrmConfig version="1.2"/></con:call><con:call id="56b57445-8c2f-4e78-82dc-4a74e8f0df3c" name="03 - Test - External - 35.CBE_NoValidEmittingPartner - Request" outgoingWss="Outflow TEST" incomingWss="Inflow TEST"><con:settings><con:setting id="com.eviware.soapui.impl.wsdl.WsdlRequest@request-headers">&lt;xml-fragment/></con:setting></con:settings><con:encoding>UTF-8</con:encoding><con:endpoint>http://fidus.brussels/services/europeandisabilitycardservice/v2</con:endpoint><con:request><![CDATA[<soapenv:Envelope xmlns:soapenv="http://schemas.xmlsoap.org/soap/envelope/" xmlns:v1="http://fidus.brussels/service/europeandisabilitycardservice/messages/v1" xmlns:v11="http://fidus.brussels/type/common/messages/v1">
   <soapenv:Header/>
   <soapenv:Body>
      <v1:stopOrCancelCardRequest>
         <v1:messageContext>
            <v11:messageId>${=import static java.util.UUID.randomUUID; uuid = randomUUID() as String}</v11:messageId>
            <!--Optional:-->
            <v11:timestamp>${=new java.text.SimpleDateFormat("yyyy-MM-dd'T'HH:mm:ss.SSS").format(new Date())}</v11:timestamp>
         </v1:messageContext>
         <v1:legalContext>ServiceIntegrator</v1:legalContext>
         <v1:request>            
            <v1:cardNumber>10000000115</v1:cardNumber>
            <v1:emittingPartner>0646877855</v1:emittingPartner>
         </v1:request>
      </v1:stopOrCancelCardRequest>
   </soapenv:Body>
</soapenv:Envelope>]]></con:request><con:credentials><con:selectedAuthProfile>Basic</con:selectedAuthProfile><con:addedBasicAuthenticationTypes>Basic</con:addedBasicAuthenticationTypes><con:authType>Global HTTP Settings</con:authType></con:credentials><con:jmsConfig JMSDeliveryMode="PERSISTENT"/><con:jmsPropertyConfig/><con:wsaConfig mustUnderstand="NONE" version="200508" action="http://fidus.brussels/services/europeandisabilitycardservice/stopOrCancelCard"/><con:wsrmConfig version="1.2"/></con:call><con:call id="c3ae21bf-e446-4212-8a45-33dfe0c496ba" name="03 - Test - LB - Request" outgoingWss="Outflow TEST" incomingWss="Inflow TEST"><con:settings><con:setting id="com.eviware.soapui.impl.wsdl.WsdlRequest@request-headers">&lt;xml-fragment/></con:setting></con:settings><con:encoding>UTF-8</con:encoding><con:endpoint>http://fidus.brussels/services/europeandisabilitycardservice/v2</con:endpoint><con:request><![CDATA[<soapenv:Envelope xmlns:soapenv="http://schemas.xmlsoap.org/soap/envelope/" xmlns:v1="http://fidus.brussels/service/europeandisabilitycardservice/messages/v1" xmlns:v11="http://fidus.brussels/type/common/messages/v1">
   <soapenv:Header/>
   <soapenv:Body>
      <v1:stopOrCancelCardRequest>
         <v1:messageContext>
            <v11:messageId>${=import static java.util.UUID.randomUUID; uuid = randomUUID() as String}</v11:messageId>
            <!--Optional:-->
            <v11:timestamp>${=new java.text.SimpleDateFormat("yyyy-MM-dd'T'HH:mm:ss.SSS").format(new Date())}</v11:timestamp>
         </v1:messageContext>
         <v1:legalContext>ServiceIntegrator</v1:legalContext>
         <v1:request>            
            <v1:cardNumber>10000000115</v1:cardNumber>
            <v1:emittingPartner>0646877855</v1:emittingPartner>
         </v1:request>
      </v1:stopOrCancelCardRequest>
   </soapenv:Body>
</soapenv:Envelope>]]></con:request><con:credentials><con:selectedAuthProfile>Basic</con:selectedAuthProfile><con:addedBasicAuthenticationTypes>Basic</con:addedBasicAuthenticationTypes><con:authType>Global HTTP Settings</con:authType></con:credentials><con:jmsConfig JMSDeliveryMode="PERSISTENT"/><con:jmsPropertyConfig/><con:wsaConfig mustUnderstand="NONE" version="200508" action="http://fidus.brussels/services/europeandisabilitycardservice/stopOrCancelCard"/><con:wsrmConfig version="1.2"/></con:call><con:call id="45278b4e-e9a0-445b-804f-4b0d91b6b7a0" name="03 - Test - Worker1 - Request" outgoingWss="Outflow TEST" incomingWss="Inflow TEST"><con:settings><con:setting id="com.eviware.soapui.impl.wsdl.WsdlRequest@request-headers">&lt;xml-fragment/></con:setting></con:settings><con:encoding>UTF-8</con:encoding><con:endpoint>http://fidus.brussels/services/europeandisabilitycardservice/v2</con:endpoint><con:request><![CDATA[<soapenv:Envelope xmlns:soapenv="http://schemas.xmlsoap.org/soap/envelope/" xmlns:v1="http://fidus.brussels/service/europeandisabilitycardservice/messages/v1" xmlns:v11="http://fidus.brussels/type/common/messages/v1">
   <soapenv:Header/>
   <soapenv:Body>
      <v1:stopOrCancelCardRequest>
         <v1:messageContext>
            <v11:messageId>${=import static java.util.UUID.randomUUID; uuid = randomUUID() as String}</v11:messageId>
            <!--Optional:-->
            <v11:timestamp>${=new java.text.SimpleDateFormat("yyyy-MM-dd'T'HH:mm:ss.SSS").format(new Date())}</v11:timestamp>
         </v1:messageContext>
         <v1:legalContext>ServiceIntegrator</v1:legalContext>
         <v1:request>            
            <v1:cardNumber>10000000115</v1:cardNumber>
            <v1:emittingPartner>0646877855</v1:emittingPartner>
         </v1:request>
      </v1:stopOrCancelCardRequest>
   </soapenv:Body>
</soapenv:Envelope>]]></con:request><con:credentials><con:selectedAuthProfile>Basic</con:selectedAuthProfile><con:addedBasicAuthenticationTypes>Basic</con:addedBasicAuthenticationTypes><con:authType>Global HTTP Settings</con:authType></con:credentials><con:jmsConfig JMSDeliveryMode="PERSISTENT"/><con:jmsPropertyConfig/><con:wsaConfig mustUnderstand="NONE" version="200508" action="http://fidus.brussels/services/europeandisabilitycardservice/stopOrCancelCard"/><con:wsrmConfig version="1.2"/></con:call><con:call id="70ea471d-af7b-4b50-92ea-a914841eeb35" name="03 - Test - Worker2 - Request" outgoingWss="Outflow TEST" incomingWss="Inflow DEV"><con:settings><con:setting id="com.eviware.soapui.impl.wsdl.WsdlRequest@request-headers">&lt;xml-fragment/></con:setting></con:settings><con:encoding>UTF-8</con:encoding><con:endpoint>http://fidus.brussels/services/europeandisabilitycardservice/v2</con:endpoint><con:request><![CDATA[<soapenv:Envelope xmlns:soapenv="http://schemas.xmlsoap.org/soap/envelope/" xmlns:v1="http://fidus.brussels/service/europeandisabilitycardservice/messages/v1" xmlns:v11="http://fidus.brussels/type/common/messages/v1">
   <soapenv:Header/>
   <soapenv:Body>
      <v1:stopOrCancelCardRequest>
         <v1:messageContext>
            <v11:messageId>${=import static java.util.UUID.randomUUID; uuid = randomUUID() as String}</v11:messageId>
            <!--Optional:-->
            <v11:timestamp>${=new java.text.SimpleDateFormat("yyyy-MM-dd'T'HH:mm:ss.SSS").format(new Date())}</v11:timestamp>
         </v1:messageContext>
         <v1:legalContext>ServiceIntegrator</v1:legalContext>
         <v1:request>            
            <v1:cardNumber>10000000115</v1:cardNumber>
            <v1:emittingPartner>0646877855</v1:emittingPartner>
         </v1:request>
      </v1:stopOrCancelCardRequest>
   </soapenv:Body>
</soapenv:Envelope>]]></con:request><con:credentials><con:selectedAuthProfile>Basic</con:selectedAuthProfile><con:addedBasicAuthenticationTypes>Basic</con:addedBasicAuthenticationTypes><con:authType>Global HTTP Settings</con:authType></con:credentials><con:jmsConfig JMSDeliveryMode="PERSISTENT"/><con:jmsPropertyConfig/><con:wsaConfig mustUnderstand="NONE" version="200508" action="http://fidus.brussels/services/europeandisabilitycardservice/stopOrCancelCard"/><con:wsrmConfig version="1.2"/></con:call><con:call id="bfb53259-3617-4e68-aa0b-0b74856776ed" name="Request 1"><con:settings/><con:encoding>UTF-8</con:encoding><con:endpoint>http://fidus.brussels/services/europeandisabilitycardservice/v2</con:endpoint><con:request><![CDATA[<soapenv:Envelope xmlns:soapenv="http://schemas.xmlsoap.org/soap/envelope/" xmlns:v1="http://fidus.brussels/service/europeandisabilitycardservice/messages/v1" xmlns:v11="http://fidus.brussels/type/common/messages/v1">
   <soapenv:Header/>
   <soapenv:Body>
      <v1:stopOrCancelCardRequest>
         <v1:messageContext>
            <v11:messageId>?</v11:messageId>
            <!--Optional:-->
            <v11:timestamp>?</v11:timestamp>
         </v1:messageContext>
         <v1:legalContext>?</v1:legalContext>
         <v1:request>
            <v1:cardNumber>?</v1:cardNumber>
            <v1:emittingPartner>?</v1:emittingPartner>
         </v1:request>
      </v1:stopOrCancelCardRequest>
   </soapenv:Body>
</soapenv:Envelope>]]></con:request><con:wsaConfig mustUnderstand="NONE" version="200508" action="http://fidus.brussels/services/europeandisabilitycardservice/stopOrCancelCard"/></con:call><con:call id="1e3b5981-ded2-49ee-bd4b-27705dfc15f2" name="03 - Test - External - 36.Cardnr_notExist - Request" outgoingWss="Outflow TEST" incomingWss="Inflow TEST"><con:settings><con:setting id="com.eviware.soapui.impl.wsdl.WsdlRequest@request-headers">&lt;xml-fragment/></con:setting></con:settings><con:encoding>UTF-8</con:encoding><con:endpoint>http://fidus.brussels/services/europeandisabilitycardservice/v2</con:endpoint><con:request><![CDATA[<soapenv:Envelope xmlns:soapenv="http://schemas.xmlsoap.org/soap/envelope/" xmlns:v1="http://fidus.brussels/service/europeandisabilitycardservice/messages/v1" xmlns:v11="http://fidus.brussels/type/common/messages/v1">
   <soapenv:Header/>
   <soapenv:Body>
      <v1:stopOrCancelCardRequest>
         <v1:messageContext>
            <v11:messageId>${=import static java.util.UUID.randomUUID; uuid = randomUUID() as String}</v11:messageId>
            <!--Optional:-->
            <v11:timestamp>${=new java.text.SimpleDateFormat("yyyy-MM-dd'T'HH:mm:ss.SSS").format(new Date())}</v11:timestamp>
         </v1:messageContext>
         <v1:legalContext>ServiceIntegrator</v1:legalContext>
         <v1:request>            
            <v1:cardNumber>10000008726</v1:cardNumber>
            <v1:emittingPartner>0457419435</v1:emittingPartner>
         </v1:request>
      </v1:stopOrCancelCardRequest>
   </soapenv:Body>
</soapenv:Envelope>]]></con:request><con:credentials><con:selectedAuthProfile>Basic</con:selectedAuthProfile><con:addedBasicAuthenticationTypes>Basic</con:addedBasicAuthenticationTypes><con:authType>Global HTTP Settings</con:authType></con:credentials><con:jmsConfig JMSDeliveryMode="PERSISTENT"/><con:jmsPropertyConfig/><con:wsaConfig mustUnderstand="NONE" version="200508" action="http://fidus.brussels/services/europeandisabilitycardservice/stopOrCancelCard"/><con:wsrmConfig version="1.2"/></con:call><con:call id="de82a032-cacc-42d3-8cbe-b3a5e0217f55" name="03 - Test - External - CancelledCard - Request" outgoingWss="Outflow TEST" incomingWss="Inflow TEST"><con:settings><con:setting id="com.eviware.soapui.impl.wsdl.WsdlRequest@request-headers">&lt;xml-fragment/></con:setting></con:settings><con:encoding>UTF-8</con:encoding><con:endpoint>http://fidus.brussels/services/europeandisabilitycardservice/v2</con:endpoint><con:request><![CDATA[<soapenv:Envelope xmlns:soapenv="http://schemas.xmlsoap.org/soap/envelope/" xmlns:v1="http://fidus.brussels/service/europeandisabilitycardservice/messages/v1" xmlns:v11="http://fidus.brussels/type/common/messages/v1">
   <soapenv:Header/>
   <soapenv:Body>
      <v1:stopOrCancelCardRequest>
         <v1:messageContext>
            <v11:messageId>${=import static java.util.UUID.randomUUID; uuid = randomUUID() as String}</v11:messageId>
            <!--Optional:-->
            <v11:timestamp>${=new java.text.SimpleDateFormat("yyyy-MM-dd'T'HH:mm:ss.SSS").format(new Date())}</v11:timestamp>
         </v1:messageContext>
         <v1:legalContext>ServiceIntegrator</v1:legalContext>
         <v1:request>            
            <v1:cardNumber>10000018426</v1:cardNumber>
            <v1:emittingPartner>0457419435</v1:emittingPartner>
         </v1:request>
      </v1:stopOrCancelCardRequest>
   </soapenv:Body>
</soapenv:Envelope>]]></con:request><con:credentials><con:selectedAuthProfile>Basic</con:selectedAuthProfile><con:addedBasicAuthenticationTypes>Basic</con:addedBasicAuthenticationTypes><con:authType>Global HTTP Settings</con:authType></con:credentials><con:jmsConfig JMSDeliveryMode="PERSISTENT"/><con:jmsPropertyConfig/><con:wsaConfig mustUnderstand="NONE" version="200508" action="http://fidus.brussels/services/europeandisabilitycardservice/stopOrCancelCard"/><con:wsrmConfig version="1.2"/></con:call><con:call id="7d113f2e-f82a-4b40-abd7-506d451d268a" name="03 - Test - External - Cancel_ActiveCard - Request" outgoingWss="Outflow TEST" incomingWss="Inflow TEST"><con:settings><con:setting id="com.eviware.soapui.impl.wsdl.WsdlRequest@request-headers">&lt;xml-fragment/></con:setting></con:settings><con:encoding>UTF-8</con:encoding><con:endpoint>http://fidus.brussels/services/europeandisabilitycardservice/v2</con:endpoint><con:request><![CDATA[<soapenv:Envelope xmlns:soapenv="http://schemas.xmlsoap.org/soap/envelope/" xmlns:v1="http://fidus.brussels/service/europeandisabilitycardservice/messages/v1" xmlns:v11="http://fidus.brussels/type/common/messages/v1">
   <soapenv:Header/>
   <soapenv:Body>
      <v1:stopOrCancelCardRequest>
         <v1:messageContext>
            <v11:messageId>${=import static java.util.UUID.randomUUID; uuid = randomUUID() as String}</v11:messageId>
            <!--Optional:-->
            <v11:timestamp>${=new java.text.SimpleDateFormat("yyyy-MM-dd'T'HH:mm:ss.SSS").format(new Date())}</v11:timestamp>
         </v1:messageContext>
         <v1:legalContext>ServiceIntegrator</v1:legalContext>
         <v1:request>            
            <v1:cardNumber>10000018921</v1:cardNumber>
            <v1:emittingPartner>0457419435</v1:emittingPartner>
         </v1:request>
      </v1:stopOrCancelCardRequest>
   </soapenv:Body>
</soapenv:Envelope>]]></con:request><con:credentials><con:selectedAuthProfile>Basic</con:selectedAuthProfile><con:addedBasicAuthenticationTypes>Basic</con:addedBasicAuthenticationTypes><con:authType>Global HTTP Settings</con:authType></con:credentials><con:jmsConfig JMSDeliveryMode="PERSISTENT"/><con:jmsPropertyConfig/><con:wsaConfig mustUnderstand="NONE" version="200508" action="http://fidus.brussels/services/europeandisabilitycardservice/stopOrCancelCard"/><con:wsrmConfig version="1.2"/></con:call><con:call id="d4b6801c-7426-4ae5-b29f-8dec6d7219c0" name="03 - Test - External - 37.Cancel_CancelledCard - Request" outgoingWss="Outflow TEST" incomingWss="Inflow TEST"><con:settings><con:setting id="com.eviware.soapui.impl.wsdl.WsdlRequest@request-headers">&lt;xml-fragment/></con:setting></con:settings><con:encoding>UTF-8</con:encoding><con:endpoint>http://fidus.brussels/services/europeandisabilitycardservice/v2</con:endpoint><con:request><![CDATA[<soapenv:Envelope xmlns:soapenv="http://schemas.xmlsoap.org/soap/envelope/" xmlns:v1="http://fidus.brussels/service/europeandisabilitycardservice/messages/v1" xmlns:v11="http://fidus.brussels/type/common/messages/v1">
   <soapenv:Header/>
   <soapenv:Body>
      <v1:stopOrCancelCardRequest>
         <v1:messageContext>
            <v11:messageId>${=import static java.util.UUID.randomUUID; uuid = randomUUID() as String}</v11:messageId>
            <!--Optional:-->
            <v11:timestamp>${=new java.text.SimpleDateFormat("yyyy-MM-dd'T'HH:mm:ss.SSS").format(new Date())}</v11:timestamp>
         </v1:messageContext>
         <v1:legalContext>ServiceIntegrator</v1:legalContext>
         <v1:request>            
            <v1:cardNumber>10000007142</v1:cardNumber>
            <v1:emittingPartner>0457419435</v1:emittingPartner>
         </v1:request>
      </v1:stopOrCancelCardRequest>
   </soapenv:Body>
</soapenv:Envelope>]]></con:request><con:credentials><con:selectedAuthProfile>Basic</con:selectedAuthProfile><con:addedBasicAuthenticationTypes>Basic</con:addedBasicAuthenticationTypes><con:authType>Global HTTP Settings</con:authType></con:credentials><con:jmsConfig JMSDeliveryMode="PERSISTENT"/><con:jmsPropertyConfig/><con:wsaConfig mustUnderstand="NONE" version="200508" action="http://fidus.brussels/services/europeandisabilitycardservice/stopOrCancelCard"/><con:wsrmConfig version="1.2"/></con:call><con:call id="f83c917a-2c13-4897-a2cf-de1eb8d6654f" name="03 - Test - External - 38.Cancel_ActiveCard - Request" outgoingWss="Outflow TEST" incomingWss="Inflow TEST"><con:settings><con:setting id="com.eviware.soapui.impl.wsdl.WsdlRequest@request-headers">&lt;xml-fragment/></con:setting></con:settings><con:encoding>UTF-8</con:encoding><con:endpoint>http://fidus.brussels/services/europeandisabilitycardservice/v2</con:endpoint><con:request><![CDATA[<soapenv:Envelope xmlns:soapenv="http://schemas.xmlsoap.org/soap/envelope/" xmlns:v1="http://fidus.brussels/service/europeandisabilitycardservice/messages/v1" xmlns:v11="http://fidus.brussels/type/common/messages/v1">
   <soapenv:Header/>
   <soapenv:Body>
      <v1:stopOrCancelCardRequest>
         <v1:messageContext>
            <v11:messageId>${=import static java.util.UUID.randomUUID; uuid = randomUUID() as String}</v11:messageId>
            <!--Optional:-->
            <v11:timestamp>${=new java.text.SimpleDateFormat("yyyy-MM-dd'T'HH:mm:ss.SSS").format(new Date())}</v11:timestamp>
         </v1:messageContext>
         <v1:legalContext>ServiceIntegrator</v1:legalContext>
         <v1:request>            
            <v1:cardNumber>10000033965</v1:cardNumber>
            <v1:emittingPartner>0457419435</v1:emittingPartner>
         </v1:request>
      </v1:stopOrCancelCardRequest>
   </soapenv:Body>
</soapenv:Envelope>]]></con:request><con:credentials><con:selectedAuthProfile>Basic</con:selectedAuthProfile><con:addedBasicAuthenticationTypes>Basic</con:addedBasicAuthenticationTypes><con:authType>Global HTTP Settings</con:authType></con:credentials><con:jmsConfig JMSDeliveryMode="PERSISTENT"/><con:jmsPropertyConfig/><con:wsaConfig mustUnderstand="NONE" version="200508" action="http://fidus.brussels/services/europeandisabilitycardservice/stopOrCancelCard"/><con:wsrmConfig version="1.2"/></con:call><con:call id="bfc53a24-bf0c-4d65-b9fb-e7230174a8ae" name="03 - Test - External - 39.CloseCard_inProcessing - Request" outgoingWss="Outflow TEST" incomingWss="Inflow TEST"><con:settings><con:setting id="com.eviware.soapui.impl.wsdl.WsdlRequest@request-headers">&lt;xml-fragment/></con:setting></con:settings><con:encoding>UTF-8</con:encoding><con:endpoint>http://fidus.brussels/services/europeandisabilitycardservice/v2</con:endpoint><con:request><![CDATA[<soapenv:Envelope xmlns:soapenv="http://schemas.xmlsoap.org/soap/envelope/" xmlns:v1="http://fidus.brussels/service/europeandisabilitycardservice/messages/v1" xmlns:v11="http://fidus.brussels/type/common/messages/v1">
   <soapenv:Header/>
   <soapenv:Body>
      <v1:stopOrCancelCardRequest>
         <v1:messageContext>
            <v11:messageId>${=import static java.util.UUID.randomUUID; uuid = randomUUID() as String}</v11:messageId>
            <!--Optional:-->
            <v11:timestamp>${=new java.text.SimpleDateFormat("yyyy-MM-dd'T'HH:mm:ss.SSS").format(new Date())}</v11:timestamp>
         </v1:messageContext>
         <v1:legalContext>ServiceIntegrator</v1:legalContext>
         <v1:request>            
            <v1:cardNumber>84081632545</v1:cardNumber>
            <v1:emittingPartner>0457419435</v1:emittingPartner>
         </v1:request>
      </v1:stopOrCancelCardRequest>
   </soapenv:Body>
</soapenv:Envelope>]]></con:request><con:credentials><con:selectedAuthProfile>Basic</con:selectedAuthProfile><con:addedBasicAuthenticationTypes>Basic</con:addedBasicAuthenticationTypes><con:authType>Global HTTP Settings</con:authType></con:credentials><con:jmsConfig JMSDeliveryMode="PERSISTENT"/><con:jmsPropertyConfig/><con:wsaConfig mustUnderstand="NONE" version="200508" action="http://fidus.brussels/services/europeandisabilitycardservice/stopOrCancelCard"/><con:wsrmConfig version="1.2"/></con:call><con:call id="1eaf074b-0a0b-47c8-be6c-bd9fd7829abf" name="03 - Test - External - 40.CloseCard_in_SENT - Request" outgoingWss="Outflow TEST" incomingWss="Inflow TEST"><con:settings><con:setting id="com.eviware.soapui.impl.wsdl.WsdlRequest@request-headers">&lt;xml-fragment/></con:setting></con:settings><con:encoding>UTF-8</con:encoding><con:endpoint>http://fidus.brussels/services/europeandisabilitycardservice/v2</con:endpoint><con:request><![CDATA[<soapenv:Envelope xmlns:soapenv="http://schemas.xmlsoap.org/soap/envelope/" xmlns:v1="http://fidus.brussels/service/europeandisabilitycardservice/messages/v1" xmlns:v11="http://fidus.brussels/type/common/messages/v1">
   <soapenv:Header/>
   <soapenv:Body>
      <v1:stopOrCancelCardRequest>
         <v1:messageContext>
            <v11:messageId>${=import static java.util.UUID.randomUUID; uuid = randomUUID() as String}</v11:messageId>
            <!--Optional:-->
            <v11:timestamp>${=new java.text.SimpleDateFormat("yyyy-MM-dd'T'HH:mm:ss.SSS").format(new Date())}</v11:timestamp>
         </v1:messageContext>
         <v1:legalContext>ServiceIntegrator</v1:legalContext>
         <v1:request>            
            <v1:cardNumber>10000012981</v1:cardNumber>
            <v1:emittingPartner>0457419435</v1:emittingPartner>
         </v1:request>
      </v1:stopOrCancelCardRequest>
   </soapenv:Body>
</soapenv:Envelope>]]></con:request><con:credentials><con:selectedAuthProfile>Basic</con:selectedAuthProfile><con:addedBasicAuthenticationTypes>Basic</con:addedBasicAuthenticationTypes><con:authType>Global HTTP Settings</con:authType></con:credentials><con:jmsConfig JMSDeliveryMode="PERSISTENT"/><con:jmsPropertyConfig/><con:wsaConfig mustUnderstand="NONE" version="200508" action="http://fidus.brussels/services/europeandisabilitycardservice/stopOrCancelCard"/><con:wsrmConfig version="1.2"/></con:call><con:call id="ec3df565-421d-460c-aa4e-8506b737d3e3" name="03 - Test - External - 41.CloseCard_OtherEmittingPartner - Request" outgoingWss="Outflow TEST" incomingWss="Inflow TEST"><con:settings><con:setting id="com.eviware.soapui.impl.wsdl.WsdlRequest@request-headers">&lt;xml-fragment/></con:setting></con:settings><con:encoding>UTF-8</con:encoding><con:endpoint>http://fidus.brussels/services/europeandisabilitycardservice/v2</con:endpoint><con:request><![CDATA[<soapenv:Envelope xmlns:soapenv="http://schemas.xmlsoap.org/soap/envelope/" xmlns:v1="http://fidus.brussels/service/europeandisabilitycardservice/messages/v1" xmlns:v11="http://fidus.brussels/type/common/messages/v1">
   <soapenv:Header/>
   <soapenv:Body>
      <v1:stopOrCancelCardRequest>
         <v1:messageContext>
            <v11:messageId>${=import static java.util.UUID.randomUUID; uuid = randomUUID() as String}</v11:messageId>
            <!--Optional:-->
            <v11:timestamp>${=new java.text.SimpleDateFormat("yyyy-MM-dd'T'HH:mm:ss.SSS").format(new Date())}</v11:timestamp>
         </v1:messageContext>
         <v1:legalContext>ServiceIntegrator</v1:legalContext>
         <v1:request>            
            <v1:cardNumber>10000012090</v1:cardNumber>
            <v1:emittingPartner>0457419435</v1:emittingPartner>
         </v1:request>
      </v1:stopOrCancelCardRequest>
   </soapenv:Body>
</soapenv:Envelope>]]></con:request><con:credentials><con:selectedAuthProfile>Basic</con:selectedAuthProfile><con:addedBasicAuthenticationTypes>Basic</con:addedBasicAuthenticationTypes><con:authType>Global HTTP Settings</con:authType></con:credentials><con:jmsConfig JMSDeliveryMode="PERSISTENT"/><con:jmsPropertyConfig/><con:wsaConfig mustUnderstand="NONE" version="200508" action="http://fidus.brussels/services/europeandisabilitycardservice/stopOrCancelCard"/><con:wsrmConfig version="1.2"/></con:call><con:call id="ebd500fa-bb64-40b4-91b8-2ee9e7210d5b" name="03 - Test - External - 42.CloseCard_Invalid_CardNumber - Request" outgoingWss="Outflow TEST" incomingWss="Inflow TEST"><con:settings><con:setting id="com.eviware.soapui.impl.wsdl.WsdlRequest@request-headers">&lt;xml-fragment/></con:setting></con:settings><con:encoding>UTF-8</con:encoding><con:endpoint>http://fidus.brussels/services/europeandisabilitycardservice/v2</con:endpoint><con:request><![CDATA[<soapenv:Envelope xmlns:soapenv="http://schemas.xmlsoap.org/soap/envelope/" xmlns:v1="http://fidus.brussels/service/europeandisabilitycardservice/messages/v1" xmlns:v11="http://fidus.brussels/type/common/messages/v1">
   <soapenv:Header/>
   <soapenv:Body>
      <v1:stopOrCancelCardRequest>
         <v1:messageContext>
            <v11:messageId>${=import static java.util.UUID.randomUUID; uuid = randomUUID() as String}</v11:messageId>
            <!--Optional:-->
            <v11:timestamp>${=new java.text.SimpleDateFormat("yyyy-MM-dd'T'HH:mm:ss.SSS").format(new Date())}</v11:timestamp>
         </v1:messageContext>
         <v1:legalContext>ServiceIntegrator</v1:legalContext>
         <v1:request>            
            <v1:cardNumber>13081340449</v1:cardNumber>
            <v1:emittingPartner>0457419435</v1:emittingPartner>
         </v1:request>
      </v1:stopOrCancelCardRequest>
   </soapenv:Body>
</soapenv:Envelope>]]></con:request><con:credentials><con:selectedAuthProfile>Basic</con:selectedAuthProfile><con:addedBasicAuthenticationTypes>Basic</con:addedBasicAuthenticationTypes><con:authType>Global HTTP Settings</con:authType></con:credentials><con:jmsConfig JMSDeliveryMode="PERSISTENT"/><con:jmsPropertyConfig/><con:wsaConfig mustUnderstand="NONE" version="200508" action="http://fidus.brussels/services/europeandisabilitycardservice/stopOrCancelCard"/><con:wsrmConfig version="1.2"/></con:call><con:call id="51d8af9b-6240-4eab-8cdb-75491af2e753" name="04 - Staging - External - Request" outgoingWss="Outflow STAGING" incomingWss="Inflow STAGING"><con:settings><con:setting id="com.eviware.soapui.impl.wsdl.WsdlRequest@request-headers">&lt;xml-fragment/></con:setting></con:settings><con:encoding>UTF-8</con:encoding><con:endpoint>http://fidus.brussels/services/europeandisabilitycardservice/v2</con:endpoint><con:request><![CDATA[<soapenv:Envelope xmlns:soapenv="http://schemas.xmlsoap.org/soap/envelope/" xmlns:v1="http://fidus.brussels/service/europeandisabilitycardservice/messages/v1" xmlns:v11="http://fidus.brussels/type/common/messages/v1">
   <soapenv:Header/>
   <soapenv:Body>
      <v1:stopOrCancelCardRequest>
         <v1:messageContext>
            <v11:messageId>${=import static java.util.UUID.randomUUID; uuid = randomUUID() as String}</v11:messageId>
            <!--Optional:-->
            <v11:timestamp>${=new java.text.SimpleDateFormat("yyyy-MM-dd'T'HH:mm:ss.SSS").format(new Date())}</v11:timestamp>
         </v1:messageContext>
         <v1:legalContext>ServiceIntegrator</v1:legalContext>
         <v1:request>            
            <v1:cardNumber>20000009732</v1:cardNumber>
            <v1:emittingPartner>0457419435</v1:emittingPartner>
         </v1:request>
      </v1:stopOrCancelCardRequest>
   </soapenv:Body>
</soapenv:Envelope>]]></con:request><con:credentials><con:selectedAuthProfile>Basic</con:selectedAuthProfile><con:addedBasicAuthenticationTypes>Basic</con:addedBasicAuthenticationTypes><con:authType>Global HTTP Settings</con:authType></con:credentials><con:jmsConfig JMSDeliveryMode="PERSISTENT"/><con:jmsPropertyConfig/><con:wsaConfig mustUnderstand="NONE" version="200508" action="http://fidus.brussels/services/europeandisabilitycardservice/stopOrCancelCard"/><con:wsrmConfig version="1.2"/></con:call><con:call id="15dca2e8-ac19-4035-8d0b-6d15efecee5e" name="04 - Staging - LB - Request" outgoingWss="Outflow STAGING" incomingWss="Inflow STAGING"><con:settings><con:setting id="com.eviware.soapui.impl.wsdl.WsdlRequest@request-headers">&lt;xml-fragment/></con:setting></con:settings><con:encoding>UTF-8</con:encoding><con:endpoint>http://fidus.brussels/services/europeandisabilitycardservice/v2</con:endpoint><con:request><![CDATA[<soapenv:Envelope xmlns:soapenv="http://schemas.xmlsoap.org/soap/envelope/" xmlns:v1="http://fidus.brussels/service/europeandisabilitycardservice/messages/v1" xmlns:v11="http://fidus.brussels/type/common/messages/v1">
   <soapenv:Header/>
   <soapenv:Body>
      <v1:stopOrCancelCardRequest>
         <v1:messageContext>
            <v11:messageId>${=import static java.util.UUID.randomUUID; uuid = randomUUID() as String}</v11:messageId>
            <!--Optional:-->
            <v11:timestamp>${=new java.text.SimpleDateFormat("yyyy-MM-dd'T'HH:mm:ss.SSS").format(new Date())}</v11:timestamp>
         </v1:messageContext>
         <v1:legalContext>ServiceIntegrator</v1:legalContext>
         <v1:request>            
            <v1:cardNumber>20000009534</v1:cardNumber>
            <v1:emittingPartner>0457419435</v1:emittingPartner>
         </v1:request>
      </v1:stopOrCancelCardRequest>
   </soapenv:Body>
</soapenv:Envelope>]]></con:request><con:credentials><con:selectedAuthProfile>Basic</con:selectedAuthProfile><con:addedBasicAuthenticationTypes>Basic</con:addedBasicAuthenticationTypes><con:authType>Global HTTP Settings</con:authType></con:credentials><con:jmsConfig JMSDeliveryMode="PERSISTENT"/><con:jmsPropertyConfig/><con:wsaConfig mustUnderstand="NONE" version="200508" action="http://fidus.brussels/services/europeandisabilitycardservice/stopOrCancelCard"/><con:wsrmConfig version="1.2"/></con:call><con:call id="fab4aecf-9076-4306-aab7-f6c426422704" name="04 - Staging - Worker1 - Request" outgoingWss="Outflow STAGING" incomingWss="Inflow STAGING"><con:settings><con:setting id="com.eviware.soapui.impl.wsdl.WsdlRequest@request-headers">&lt;xml-fragment/></con:setting></con:settings><con:encoding>UTF-8</con:encoding><con:endpoint>http://fidus.brussels/services/europeandisabilitycardservice/v2</con:endpoint><con:request><![CDATA[<soapenv:Envelope xmlns:soapenv="http://schemas.xmlsoap.org/soap/envelope/" xmlns:v1="http://fidus.brussels/service/europeandisabilitycardservice/messages/v1" xmlns:v11="http://fidus.brussels/type/common/messages/v1">
   <soapenv:Header/>
   <soapenv:Body>
      <v1:stopOrCancelCardRequest>
         <v1:messageContext>
            <v11:messageId>${=import static java.util.UUID.randomUUID; uuid = randomUUID() as String}</v11:messageId>
            <!--Optional:-->
            <v11:timestamp>${=new java.text.SimpleDateFormat("yyyy-MM-dd'T'HH:mm:ss.SSS").format(new Date())}</v11:timestamp>
         </v1:messageContext>
         <v1:legalContext>ServiceIntegrator</v1:legalContext>
         <v1:request>            
            <v1:cardNumber>20000009633</v1:cardNumber>
            <v1:emittingPartner>0457419435</v1:emittingPartner>
         </v1:request>
      </v1:stopOrCancelCardRequest>
   </soapenv:Body>
</soapenv:Envelope>]]></con:request><con:credentials><con:selectedAuthProfile>Basic</con:selectedAuthProfile><con:addedBasicAuthenticationTypes>Basic</con:addedBasicAuthenticationTypes><con:authType>Global HTTP Settings</con:authType></con:credentials><con:jmsConfig JMSDeliveryMode="PERSISTENT"/><con:jmsPropertyConfig/><con:wsaConfig mustUnderstand="NONE" version="200508" action="http://fidus.brussels/services/europeandisabilitycardservice/stopOrCancelCard"/><con:wsrmConfig version="1.2"/></con:call><con:call id="2692289a-3248-422d-8d3d-3ae4070f14ce" name="04 - Staging - Worker2 - Request" outgoingWss="Outflow STAGING" incomingWss="Inflow STAGING"><con:settings><con:setting id="com.eviware.soapui.impl.wsdl.WsdlRequest@request-headers">&lt;xml-fragment/></con:setting></con:settings><con:encoding>UTF-8</con:encoding><con:endpoint>http://fidus.brussels/services/europeandisabilitycardservice/v2</con:endpoint><con:request><![CDATA[<soapenv:Envelope xmlns:soapenv="http://schemas.xmlsoap.org/soap/envelope/" xmlns:v1="http://fidus.brussels/service/europeandisabilitycardservice/messages/v1" xmlns:v11="http://fidus.brussels/type/common/messages/v1">
   <soapenv:Header/>
   <soapenv:Body>
      <v1:stopOrCancelCardRequest>
         <v1:messageContext>
            <v11:messageId>${=import static java.util.UUID.randomUUID; uuid = randomUUID() as String}</v11:messageId>
            <!--Optional:-->
            <v11:timestamp>${=new java.text.SimpleDateFormat("yyyy-MM-dd'T'HH:mm:ss.SSS").format(new Date())}</v11:timestamp>
         </v1:messageContext>
         <v1:legalContext>ServiceIntegrator</v1:legalContext>
         <v1:request>            
            <v1:cardNumber>20000009435</v1:cardNumber>
            <v1:emittingPartner>0457419435</v1:emittingPartner>
         </v1:request>
      </v1:stopOrCancelCardRequest>
   </soapenv:Body>
</soapenv:Envelope>]]></con:request><con:credentials><con:selectedAuthProfile>Basic</con:selectedAuthProfile><con:addedBasicAuthenticationTypes>Basic</con:addedBasicAuthenticationTypes><con:authType>Global HTTP Settings</con:authType></con:credentials><con:jmsConfig JMSDeliveryMode="PERSISTENT"/><con:jmsPropertyConfig/><con:wsaConfig mustUnderstand="NONE" version="200508" action="http://fidus.brussels/services/europeandisabilitycardservice/stopOrCancelCard"/><con:wsrmConfig version="1.2"/></con:call><con:call id="a8d17b55-cdaa-4256-88a7-576b03fc296b" name="Request 1"><con:settings/><con:encoding>UTF-8</con:encoding><con:endpoint>http://fidus.brussels/services/europeandisabilitycardservice/v2</con:endpoint><con:request><![CDATA[<soapenv:Envelope xmlns:soapenv="http://schemas.xmlsoap.org/soap/envelope/" xmlns:v2="http://fidus.brussels/service/europeandisabilitycardservice/messages/v2" xmlns:v1="http://fidus.brussels/type/common/messages/v1">
   <soapenv:Header/>
   <soapenv:Body>
      <v2:stopOrCancelCardRequest>
         <v2:messageContext>
            <v1:messageId>?</v1:messageId>
            <!--Optional:-->
            <v1:timestamp>?</v1:timestamp>
         </v2:messageContext>
         <v2:legalContext>?</v2:legalContext>
         <v2:request>
            <v2:cardNumber>?</v2:cardNumber>
            <v2:emittingPartner>?</v2:emittingPartner>
         </v2:request>
      </v2:stopOrCancelCardRequest>
   </soapenv:Body>
</soapenv:Envelope>]]></con:request><con:wsaConfig mustUnderstand="NONE" version="200508" action="http://fidus.brussels/services/europeandisabilitycardservice/stopOrCancelCard"/></con:call></con:operation></con:interface><con:testSuite id="f258dc91-78df-4b17-aa0f-8634581838b2" name="DEV"><con:settings/><con:runType>SEQUENTIAL</con:runType><con:testCase id="19660eec-fae4-4833-be03-f625aa97d83a" failOnError="true" failTestCaseOnErrors="true" keepSession="false" maxResults="0" name="consultActiveCards" searchProperties="true"><con:settings/><con:testStep type="request" id="7eac3bc2-8df4-4f69-a49b-f0e5bbc272be" name="testcase02- DEV - Request"><con:settings/><con:config xsi:type="con:RequestStep" xmlns:xsi="http://www.w3.org/2001/XMLSchema-instance"><con:interface>EuropeanDisabilityCardServiceHTTPBinding</con:interface><con:operation>consultActiveCards</con:operation><con:request name="testcase02- DEV - Request" id="4e887ba0-ebb5-4473-9b53-304cb21d8778" outgoingWss="Outflow DEV"><con:settings/><con:encoding>UTF-8</con:encoding><con:endpoint>http://fidus.brussels/services/europeandisabilitycardservice/v2</con:endpoint><con:request><![CDATA[<soapenv:Envelope xmlns:soapenv="http://schemas.xmlsoap.org/soap/envelope/" xmlns:v1="http://fidus.brussels/service/europeandisabilitycardservice/messages/v1" xmlns:v11="http://fidus.brussels/type/common/messages/v1">
   <soapenv:Header/>
   <soapenv:Body>
      <v1:consultActiveCardsRequest>         
         <v1:messageContext>
            <v11:messageId>${=import static java.util.UUID.randomUUID; uuid = randomUUID() as String}</v11:messageId>
            <!--Optional:-->
            <v11:timestamp>${=new java.text.SimpleDateFormat("yyyy-MM-dd'T'HH:mm:ss.SSS").format(new Date())}</v11:timestamp>
         </v1:messageContext>
         <v1:legalContext>ServiceIntegrator</v1:legalContext>
         <v1:request>
            <v1:ssin>84072002128</v1:ssin>
            <!--Optional:-->
            <v1:referenceDate>2017-05-01</v1:referenceDate>
         </v1:request>
      </v1:consultActiveCardsRequest>
   </soapenv:Body>
</soapenv:Envelope>]]></con:request><con:assertion type="SOAP Fault Assertion" id="cad5e198-df24-42f8-8787-4c27c4de5da1" name="Not SOAP Fault"/><con:assertion type="SOAP Response" id="270a1ccd-2009-4757-9703-7a3ecbaa5cc9" name="SOAP Response"/><con:assertion type="Schema Compliance" id="013cccdd-e515-4fd3-8c84-00c0c3f5f60b" name="Schema Compliance"><con:configuration/></con:assertion><con:wsaConfig action="http://fidus.brussels/services/europeandisabilitycardservice/consultActiveCards"/></con:request></con:config></con:testStep><con:properties/></con:testCase><con:testCase id="f7143dbf-817f-43ad-8ab1-1f07c73b9a0b" failOnError="true" failTestCaseOnErrors="true" keepSession="false" maxResults="0" name="consultAllCards" searchProperties="true"><con:settings/><con:testStep type="request" id="072e851e-84c5-4c02-9f0e-bf0e3fe0213e" name="testcase02 - DEV - Request"><con:settings/><con:config xsi:type="con:RequestStep" xmlns:xsi="http://www.w3.org/2001/XMLSchema-instance"><con:interface>EuropeanDisabilityCardServiceHTTPBinding</con:interface><con:operation>consultAllCards</con:operation><con:request name="testcase02 - DEV - Request" id="6f2c97a5-5ff2-47cc-ac2b-bbc8e2c45ba2" outgoingWss="Outflow DEV"><con:settings/><con:encoding>UTF-8</con:encoding><con:endpoint>http://fidus.brussels/services/europeandisabilitycardservice/v2</con:endpoint><con:request><![CDATA[<soapenv:Envelope xmlns:soapenv="http://schemas.xmlsoap.org/soap/envelope/" xmlns:v1="http://fidus.brussels/service/europeandisabilitycardservice/messages/v1" xmlns:v11="http://fidus.brussels/type/common/messages/v1">
   <soapenv:Header/>
   <soapenv:Body>
      <v1:consultAllCardsRequest>
         <v1:messageContext>
            <v11:messageId>${=import static java.util.UUID.randomUUID; uuid = randomUUID() as String}</v11:messageId>
            <!--Optional:-->
            <v11:timestamp>${=new java.text.SimpleDateFormat("yyyy-MM-dd'T'HH:mm:ss.SSS").format(new Date())}</v11:timestamp>
         </v1:messageContext>
         <v1:legalContext>ServiceIntegrator</v1:legalContext>
         <v1:request>
            <v1:ssin>84072002128</v1:ssin>
         </v1:request>
      </v1:consultAllCardsRequest>
   </soapenv:Body>
</soapenv:Envelope>]]></con:request><con:assertion type="SOAP Fault Assertion" id="e5c7b1db-9e4f-44f2-b69d-d6743a4892c2" name="Not SOAP Fault"/><con:assertion type="SOAP Response" id="558f0782-87b9-4865-8d0d-1aef814e961d" name="SOAP Response"/><con:assertion type="Schema Compliance" id="d2a75ae1-301f-48b3-81ed-fb20acfa35fa" name="Schema Compliance"><con:configuration/></con:assertion><con:wsaConfig action="http://fidus.brussels/services/europeandisabilitycardservice/consultAllCards"/></con:request></con:config></con:testStep><con:properties/></con:testCase><con:testCase id="62f48305-4cb7-45eb-a79e-096e4933c36b" failOnError="true" failTestCaseOnErrors="true" keepSession="false" maxResults="0" name="createCard" searchProperties="true"><con:settings/><con:testStep type="request" id="e3a1418f-5c4a-4437-a949-7439bb19fde7" name="testcase02 - DEV - Request"><con:settings/><con:config xsi:type="con:RequestStep" xmlns:xsi="http://www.w3.org/2001/XMLSchema-instance"><con:interface>EuropeanDisabilityCardServiceHTTPBinding</con:interface><con:operation>createCard</con:operation><con:request name="testcase02 - DEV - Request" id="7eecd7d4-312e-4eaf-a145-f83ae07607d6" outgoingWss="Outflow DEV"><con:settings/><con:encoding>UTF-8</con:encoding><con:endpoint>http://fidus.brussels/services/europeandisabilitycardservice/v2</con:endpoint><con:request><![CDATA[<soapenv:Envelope xmlns:soapenv="http://schemas.xmlsoap.org/soap/envelope/" xmlns:v1="http://fidus.brussels/service/europeandisabilitycardservice/messages/v1" xmlns:v11="http://fidus.brussels/type/common/messages/v1">
   <soapenv:Header/>
   <soapenv:Body>
      <v1:createCardRequest>
         <v1:messageContext>
            <v11:messageId>${=import static java.util.UUID.randomUUID; uuid = randomUUID() as String}</v11:messageId>
            <!--Optional:-->
            <v11:timestamp>${=new java.text.SimpleDateFormat("yyyy-MM-dd'T'HH:mm:ss.SSS").format(new Date())}</v11:timestamp>
         </v1:messageContext>
         <v1:legalContext>ServiceIntegrator</v1:legalContext>
         <v1:request>
            <v1:ssin>84072002128</v1:ssin>
            <v1:emittingPartner>0646877855</v1:emittingPartner>
            <v1:language>NL</v1:language>
            <v1:forceCreation>true</v1:forceCreation>
         </v1:request>
      </v1:createCardRequest>
   </soapenv:Body>
</soapenv:Envelope>]]></con:request><con:assertion type="SOAP Fault Assertion" id="a9dfbbbf-9b95-4d1f-9d6d-398de48065ca" name="Not SOAP Fault"/><con:assertion type="SOAP Response" id="3ae6a9d9-2de8-4630-8695-96fa28606c97" name="SOAP Response"/><con:assertion type="Schema Compliance" id="15b039a5-b01a-404f-9813-eeeb56ec61ff" name="Schema Compliance"><con:configuration/></con:assertion><con:wsaConfig action="http://fidus.brussels/services/europeandisabilitycardservice/createCard"/></con:request></con:config></con:testStep><con:properties/></con:testCase><con:testCase id="e55802aa-dd68-4edb-b7a3-ac091eaa4e80" failOnError="true" failTestCaseOnErrors="true" keepSession="false" maxResults="0" name="stopOrCancelCard" searchProperties="true"><con:settings/><con:testStep type="request" id="041963e5-22a5-490c-ada1-775a36511d4c" name="testcase02 - DEV - Request"><con:settings/><con:config xsi:type="con:RequestStep" xmlns:xsi="http://www.w3.org/2001/XMLSchema-instance"><con:interface>EuropeanDisabilityCardServiceHTTPBinding</con:interface><con:operation>stopOrCancelCard</con:operation><con:request name="testcase02 - DEV - Request" id="a377512b-b0f7-4e69-b225-bc138e026b11" outgoingWss="Outflow DEV"><con:settings/><con:encoding>UTF-8</con:encoding><con:endpoint>http://fidus.brussels/services/europeandisabilitycardservice/v2</con:endpoint><con:request><![CDATA[<soapenv:Envelope xmlns:soapenv="http://schemas.xmlsoap.org/soap/envelope/" xmlns:v1="http://fidus.brussels/service/europeandisabilitycardservice/messages/v1" xmlns:v11="http://fidus.brussels/type/common/messages/v1">
   <soapenv:Header/>
   <soapenv:Body>
      <v1:stopOrCancelCardRequest>
         <v1:messageContext>
            <v11:messageId>${=import static java.util.UUID.randomUUID; uuid = randomUUID() as String}</v11:messageId>
            <!--Optional:-->
            <v11:timestamp>${=new java.text.SimpleDateFormat("yyyy-MM-dd'T'HH:mm:ss.SSS").format(new Date())}</v11:timestamp>
         </v1:messageContext>
         <v1:legalContext>ServiceIntegrator</v1:legalContext>
         <v1:request>            
            <v1:cardNumber>10000000115</v1:cardNumber>
            <v1:emittingPartner>0646877855</v1:emittingPartner>
         </v1:request>
      </v1:stopOrCancelCardRequest>
   </soapenv:Body>
</soapenv:Envelope>]]></con:request><con:assertion type="SOAP Fault Assertion" id="8c91ea65-8d5c-4e34-ba5c-bd3f96aec7bc" name="Not SOAP Fault"/><con:assertion type="SOAP Response" id="8b71735d-3f6a-47b7-98e0-f795b89e34e4" name="SOAP Response"/><con:assertion type="Schema Compliance" id="fe5288f0-50c6-4236-9bb3-1e7b3a09f485" name="Schema Compliance"><con:configuration/></con:assertion><con:wsaConfig action="http://fidus.brussels/services/europeandisabilitycardservice/stopOrCancelCard"/></con:request></con:config></con:testStep><con:properties/></con:testCase><con:properties/></con:testSuite><con:testSuite id="279dfb1d-eb05-4f70-a83b-6b2620192504" name="TEST"><con:settings/><con:runType>SEQUENTIAL</con:runType><con:testCase id="c3a78a19-08c6-438b-bbd3-7030678191d5" failOnError="true" failTestCaseOnErrors="true" keepSession="false" maxResults="0" name="consultActiveCards" searchProperties="true"><con:settings/><con:testStep type="request" id="7026b4f4-c6b9-444b-bf87-78818d72d9d2" name="testcase03- Test - External - Request"><con:settings/><con:config xsi:type="con:RequestStep" xmlns:xsi="http://www.w3.org/2001/XMLSchema-instance"><con:interface>EuropeanDisabilityCardServiceHTTPBinding</con:interface><con:operation>consultActiveCards</con:operation><con:request name="testcase03- Test - External - Request" id="26212c69-c83a-4ab4-ab15-e5ce58c39ebd" outgoingWss="Outflow TEST"><con:settings/><con:encoding>UTF-8</con:encoding><con:endpoint>http://fidus.brussels/services/europeandisabilitycardservice/v2</con:endpoint><con:request><![CDATA[<soapenv:Envelope xmlns:soapenv="http://schemas.xmlsoap.org/soap/envelope/" xmlns:v1="http://fidus.brussels/service/europeandisabilitycardservice/messages/v1" xmlns:v11="http://fidus.brussels/type/common/messages/v1">
   <soapenv:Header/>
   <soapenv:Body>
      <v1:consultActiveCardsRequest>         
         <v1:messageContext>
            <v11:messageId>${=import static java.util.UUID.randomUUID; uuid = randomUUID() as String}</v11:messageId>
            <!--Optional:-->
            <v11:timestamp>${=new java.text.SimpleDateFormat("yyyy-MM-dd'T'HH:mm:ss.SSS").format(new Date())}</v11:timestamp>
         </v1:messageContext>
         <v1:legalContext>ServiceIntegrator</v1:legalContext>
         <v1:request>
            <v1:ssin>84072002128</v1:ssin>
            <!--Optional:-->
            <v1:referenceDate>2017-05-01</v1:referenceDate>
         </v1:request>
      </v1:consultActiveCardsRequest>
   </soapenv:Body>
</soapenv:Envelope>]]></con:request><con:assertion type="SOAP Fault Assertion" id="d7d4279e-7793-467d-b4a4-cf89470252c7" name="Not SOAP Fault"/><con:assertion type="SOAP Response" id="55e59a08-5ca6-4db7-b2cf-e55cccdb7d62" name="SOAP Response"/><con:assertion type="Schema Compliance" id="351508a7-0f15-479e-98b8-6bc57fc7638c" name="Schema Compliance"><con:configuration/></con:assertion><con:wsaConfig action="http://fidus.brussels/services/europeandisabilitycardservice/consultActiveCards"/></con:request></con:config></con:testStep><con:testStep type="request" id="a4b7c73b-5d54-49a9-b275-875398677e30" name="testcase03- Test - LB - Request"><con:settings/><con:config xsi:type="con:RequestStep" xmlns:xsi="http://www.w3.org/2001/XMLSchema-instance"><con:interface>EuropeanDisabilityCardServiceHTTPBinding</con:interface><con:operation>consultActiveCards</con:operation><con:request name="testcase03- Test - LB - Request" id="c1f29e08-8fdb-488b-a87d-c63f47645140" outgoingWss="Outflow TEST"><con:settings/><con:encoding>UTF-8</con:encoding><con:endpoint>http://fidus.brussels/services/europeandisabilitycardservice/v2</con:endpoint><con:request><![CDATA[<soapenv:Envelope xmlns:soapenv="http://schemas.xmlsoap.org/soap/envelope/" xmlns:v1="http://fidus.brussels/service/europeandisabilitycardservice/messages/v1" xmlns:v11="http://fidus.brussels/type/common/messages/v1">
   <soapenv:Header/>
   <soapenv:Body>
      <v1:consultActiveCardsRequest>         
         <v1:messageContext>
            <v11:messageId>${=import static java.util.UUID.randomUUID; uuid = randomUUID() as String}</v11:messageId>
            <!--Optional:-->
            <v11:timestamp>${=new java.text.SimpleDateFormat("yyyy-MM-dd'T'HH:mm:ss.SSS").format(new Date())}</v11:timestamp>
         </v1:messageContext>
         <v1:legalContext>ServiceIntegrator</v1:legalContext>
         <v1:request>
            <v1:ssin>84072002128</v1:ssin>
            <!--Optional:-->
            <v1:referenceDate>2017-05-01</v1:referenceDate>
         </v1:request>
      </v1:consultActiveCardsRequest>
   </soapenv:Body>
</soapenv:Envelope>]]></con:request><con:assertion type="SOAP Fault Assertion" id="5bb75e3c-e647-4862-aa4c-e18c0be36649" name="Not SOAP Fault"/><con:assertion type="SOAP Response" id="f6fe0b0a-a963-4069-b004-b0801fb004e9" name="SOAP Response"/><con:assertion type="Schema Compliance" id="fec91bdc-90de-4af1-acb3-c41c426efc9f" name="Schema Compliance"><con:configuration/></con:assertion><con:wsaConfig action="http://fidus.brussels/services/europeandisabilitycardservice/consultActiveCards"/></con:request></con:config></con:testStep><con:testStep type="request" id="3aad2597-d54e-4424-bd38-5290eb7c9082" name="testcase03- Test - Worker1 - Request"><con:settings/><con:config xsi:type="con:RequestStep" xmlns:xsi="http://www.w3.org/2001/XMLSchema-instance"><con:interface>EuropeanDisabilityCardServiceHTTPBinding</con:interface><con:operation>consultActiveCards</con:operation><con:request name="testcase03- Test - Worker1 - Request" id="f22c1255-7ceb-4868-adfe-96859773e390" outgoingWss="Outflow TEST"><con:settings/><con:encoding>UTF-8</con:encoding><con:endpoint>http://fidus.brussels/services/europeandisabilitycardservice/v2</con:endpoint><con:request><![CDATA[<soapenv:Envelope xmlns:soapenv="http://schemas.xmlsoap.org/soap/envelope/" xmlns:v1="http://fidus.brussels/service/europeandisabilitycardservice/messages/v1" xmlns:v11="http://fidus.brussels/type/common/messages/v1">
   <soapenv:Header/>
   <soapenv:Body>
      <v1:consultActiveCardsRequest>         
         <v1:messageContext>
            <v11:messageId>${=import static java.util.UUID.randomUUID; uuid = randomUUID() as String}</v11:messageId>
            <!--Optional:-->
            <v11:timestamp>${=new java.text.SimpleDateFormat("yyyy-MM-dd'T'HH:mm:ss.SSS").format(new Date())}</v11:timestamp>
         </v1:messageContext>
         <v1:legalContext>ServiceIntegrator</v1:legalContext>
         <v1:request>
            <v1:ssin>13081340449</v1:ssin>
            <!--<v1:referenceDate>2017-08-09</v1:referenceDate>-->
         </v1:request>
      </v1:consultActiveCardsRequest>
   </soapenv:Body>
</soapenv:Envelope>]]></con:request><con:assertion type="SOAP Fault Assertion" id="8805b4e5-fce2-4f4a-8ca6-026c4e867ce7" name="Not SOAP Fault"/><con:assertion type="SOAP Response" id="4a0df8bd-ef6d-4f11-bd19-489c158285de" name="SOAP Response"/><con:assertion type="Schema Compliance" id="038e1256-2206-4ebe-b2ab-8ba86729a545" name="Schema Compliance"><con:configuration/></con:assertion><con:wsaConfig action="http://fidus.brussels/services/europeandisabilitycardservice/consultActiveCards"/></con:request></con:config></con:testStep><con:testStep type="request" id="326ab9c0-154b-4b29-8c6a-2ab69405dcaf" name="testcase03- Test - Worker2 - Request"><con:settings/><con:config xsi:type="con:RequestStep" xmlns:xsi="http://www.w3.org/2001/XMLSchema-instance"><con:interface>EuropeanDisabilityCardServiceHTTPBinding</con:interface><con:operation>consultActiveCards</con:operation><con:request name="testcase03- Test - Worker2 - Request" id="6fd39f21-9f27-4a38-8609-146bf7040334" outgoingWss="Outflow TEST"><con:settings/><con:encoding>UTF-8</con:encoding><con:endpoint>http://fidus.brussels/services/europeandisabilitycardservice/v2</con:endpoint><con:request><![CDATA[<soapenv:Envelope xmlns:soapenv="http://schemas.xmlsoap.org/soap/envelope/" xmlns:v1="http://fidus.brussels/service/europeandisabilitycardservice/messages/v1" xmlns:v11="http://fidus.brussels/type/common/messages/v1">
   <soapenv:Header/>
   <soapenv:Body>
      <v1:consultActiveCardsRequest>         
         <v1:messageContext>
            <v11:messageId>${=import static java.util.UUID.randomUUID; uuid = randomUUID() as String}</v11:messageId>
            <!--Optional:-->
            <v11:timestamp>${=new java.text.SimpleDateFormat("yyyy-MM-dd'T'HH:mm:ss.SSS").format(new Date())}</v11:timestamp>
         </v1:messageContext>
         <v1:legalContext>ServiceIntegrator</v1:legalContext>
         <v1:request>
            <v1:ssin>84072002128</v1:ssin>
            <!--Optional:-->
            <v1:referenceDate>2017-05-01</v1:referenceDate>
         </v1:request>
      </v1:consultActiveCardsRequest>
   </soapenv:Body>
</soapenv:Envelope>]]></con:request><con:assertion type="SOAP Fault Assertion" id="3309702f-48a1-4f35-881f-be1e50515ba2" name="Not SOAP Fault"/><con:assertion type="SOAP Response" id="bebe075a-ce63-4bc7-97b0-b9d7d9831ba8" name="SOAP Response"/><con:assertion type="Schema Compliance" id="22fcb456-4d51-4400-914a-6d7b4a9c52cc" name="Schema Compliance"><con:configuration/></con:assertion><con:wsaConfig action="http://fidus.brussels/services/europeandisabilitycardservice/consultActiveCards"/></con:request></con:config></con:testStep><con:testStep type="request" id="4ac07581-719d-4375-a507-51911fcaf68b" name="testcase03- Test - External - ActiveCard@RefDate - Request"><con:settings/><con:config xsi:type="con:RequestStep" xmlns:xsi="http://www.w3.org/2001/XMLSchema-instance"><con:interface>EuropeanDisabilityCardServiceHTTPBinding</con:interface><con:operation>consultActiveCards</con:operation><con:request name="testcase03- Test - External - ActiveCard@RefDate - Request" id="c56aef76-32cf-4c3f-b157-0d2b19791983" outgoingWss="Outflow TEST"><con:settings/><con:encoding>UTF-8</con:encoding><con:endpoint>https://fidus-test.irisnetlab.be/services/EuropeanDisabilityCardService_v2.0</con:endpoint><con:request><![CDATA[<soapenv:Envelope xmlns:soapenv="http://schemas.xmlsoap.org/soap/envelope/" xmlns:v1="http://fidus.brussels/service/europeandisabilitycardservice/messages/v1" xmlns:v11="http://fidus.brussels/type/common/messages/v1">
   <soapenv:Header/>
   <soapenv:Body>
      <v1:consultActiveCardsRequest>         
         <v1:messageContext>
            <v11:messageId>${=import static java.util.UUID.randomUUID; uuid = randomUUID() as String}</v11:messageId>
            <!--Optional:-->
            <v11:timestamp>${=new java.text.SimpleDateFormat("yyyy-MM-dd'T'HH:mm:ss.SSS").format(new Date())}</v11:timestamp>
         </v1:messageContext>
         <v1:legalContext>ServiceIntegrator</v1:legalContext>
         <v1:request>
            <v1:ssin>81040964736</v1:ssin>
            <!--Optional:-->
            <v1:referenceDate>2017-08-09</v1:referenceDate>
         </v1:request>
      </v1:consultActiveCardsRequest>
   </soapenv:Body>
</soapenv:Envelope>]]></con:request><con:assertion type="SOAP Fault Assertion" id="1b2d1ce9-dd3f-4fa5-9d56-b157d4eefc33" name="Not SOAP Fault"/><con:assertion type="SOAP Response" id="69c58183-fef6-4527-b2e3-146590c59fb8" name="SOAP Response"/><con:assertion type="Schema Compliance" id="d665b593-dd01-45b9-b8fc-8f7cdb2492f5" name="Schema Compliance"><con:configuration/></con:assertion><con:wsaConfig action="http://fidus.brussels/services/europeandisabilitycardservice/consultActiveCards"/></con:request></con:config></con:testStep><con:testStep type="request" id="1a76ea58-2c37-442e-ad21-fb9910683d77" name="testcase03- Test - External - Card_NotActive@RefDate - Request"><con:settings/><con:config xsi:type="con:RequestStep" xmlns:xsi="http://www.w3.org/2001/XMLSchema-instance"><con:interface>EuropeanDisabilityCardServiceHTTPBinding</con:interface><con:operation>consultActiveCards</con:operation><con:request name="testcase03- Test - External - Card_NotActive@RefDate - Request" id="09d607d0-dc55-4712-9dcb-6b8dfc244077" outgoingWss="Outflow TEST"><con:settings/><con:encoding>UTF-8</con:encoding><con:endpoint>http://fidus.brussels/services/europeandisabilitycardservice/v2</con:endpoint><con:request><![CDATA[<soapenv:Envelope xmlns:soapenv="http://schemas.xmlsoap.org/soap/envelope/" xmlns:v1="http://fidus.brussels/service/europeandisabilitycardservice/messages/v1" xmlns:v11="http://fidus.brussels/type/common/messages/v1">
   <soapenv:Header/>
   <soapenv:Body>
      <v1:consultActiveCardsRequest>         
         <v1:messageContext>
            <v11:messageId>${=import static java.util.UUID.randomUUID; uuid = randomUUID() as String}</v11:messageId>
            <!--Optional:-->
            <v11:timestamp>${=new java.text.SimpleDateFormat("yyyy-MM-dd'T'HH:mm:ss.SSS").format(new Date())}</v11:timestamp>
         </v1:messageContext>
         <v1:legalContext>ServiceIntegrator</v1:legalContext>
         <v1:request>
            <v1:ssin>81040964736</v1:ssin>
            <!--Optional:-->
            <v1:referenceDate>2017-08-01</v1:referenceDate>
         </v1:request>
      </v1:consultActiveCardsRequest>
   </soapenv:Body>
</soapenv:Envelope>]]></con:request><con:assertion type="SOAP Fault Assertion" id="f92cb22d-31a0-4f56-807b-7debac633276" name="Not SOAP Fault"/><con:assertion type="SOAP Response" id="1244c375-503e-4dd3-bd21-d0c384a399f9" name="SOAP Response"/><con:assertion type="Schema Compliance" id="93a438b7-ed22-464b-82a6-45968dd93f7f" name="Schema Compliance"><con:configuration/></con:assertion><con:wsaConfig action="http://fidus.brussels/services/europeandisabilitycardservice/consultActiveCards"/></con:request></con:config></con:testStep><con:testStep type="request" id="8b41c081-14dd-4917-ab47-102b303631dd" name="testcase03- Test - External - CancelledSSIN_ActiveCard@RefDate - Request"><con:settings/><con:config xsi:type="con:RequestStep" xmlns:xsi="http://www.w3.org/2001/XMLSchema-instance"><con:interface>EuropeanDisabilityCardServiceHTTPBinding</con:interface><con:operation>consultActiveCards</con:operation><con:request name="testcase03- Test - External - CancelledSSIN_ActiveCard@RefDate - Request" id="915436c4-bd4e-4de8-a02f-c2505c4f26a9" outgoingWss="Outflow TEST"><con:settings/><con:encoding>UTF-8</con:encoding><con:endpoint>http://fidus.brussels/services/europeandisabilitycardservice/v2</con:endpoint><con:request><![CDATA[<soapenv:Envelope xmlns:soapenv="http://schemas.xmlsoap.org/soap/envelope/" xmlns:v1="http://fidus.brussels/service/europeandisabilitycardservice/messages/v1" xmlns:v11="http://fidus.brussels/type/common/messages/v1">
   <soapenv:Header/>
   <soapenv:Body>
      <v1:consultActiveCardsRequest>         
         <v1:messageContext>
            <v11:messageId>${=import static java.util.UUID.randomUUID; uuid = randomUUID() as String}</v11:messageId>
            <!--Optional:-->
            <v11:timestamp>${=new java.text.SimpleDateFormat("yyyy-MM-dd'T'HH:mm:ss.SSS").format(new Date())}</v11:timestamp>
         </v1:messageContext>
         <v1:legalContext>ServiceIntegrator</v1:legalContext>
         <v1:request>
            <v1:ssin>89120121658</v1:ssin>
            <!--Optional:-->
            <v1:referenceDate>2017-08-09</v1:referenceDate>
         </v1:request>
      </v1:consultActiveCardsRequest>
   </soapenv:Body>
</soapenv:Envelope>]]></con:request><con:assertion type="SOAP Fault Assertion" id="c74b31ac-c0c7-44cf-9016-ba3c6e90dc23" name="Not SOAP Fault"/><con:assertion type="SOAP Response" id="38719ab9-7437-4852-b655-7f7755daaba6" name="SOAP Response"/><con:assertion type="Schema Compliance" id="1880a7b3-0a97-4877-9d0d-3e2721ffaf50" name="Schema Compliance"><con:configuration/></con:assertion><con:wsaConfig action="http://fidus.brussels/services/europeandisabilitycardservice/consultActiveCards"/></con:request></con:config></con:testStep><con:testStep type="request" id="1fff8e05-6344-44e9-9f91-ff2eee4ace14" name="testcase03- Test - External - CancelledSSIN_Card_NotActive - Request"><con:settings/><con:config xsi:type="con:RequestStep" xmlns:xsi="http://www.w3.org/2001/XMLSchema-instance"><con:interface>EuropeanDisabilityCardServiceHTTPBinding</con:interface><con:operation>consultActiveCards</con:operation><con:request name="testcase03- Test - External - CancelledSSIN_Card_NotActive - Request" id="aea21756-3018-4159-99f4-d9aee6954e58" outgoingWss="Outflow TEST"><con:settings/><con:encoding>UTF-8</con:encoding><con:endpoint>http://fidus.brussels/services/europeandisabilitycardservice/v2</con:endpoint><con:request><![CDATA[<soapenv:Envelope xmlns:soapenv="http://schemas.xmlsoap.org/soap/envelope/" xmlns:v1="http://fidus.brussels/service/europeandisabilitycardservice/messages/v1" xmlns:v11="http://fidus.brussels/type/common/messages/v1">
   <soapenv:Header/>
   <soapenv:Body>
      <v1:consultActiveCardsRequest>         
         <v1:messageContext>
            <v11:messageId>${=import static java.util.UUID.randomUUID; uuid = randomUUID() as String}</v11:messageId>
            <!--Optional:-->
            <v11:timestamp>${=new java.text.SimpleDateFormat("yyyy-MM-dd'T'HH:mm:ss.SSS").format(new Date())}</v11:timestamp>
         </v1:messageContext>
         <v1:legalContext>ServiceIntegrator</v1:legalContext>
         <v1:request>
            <v1:ssin>49010193967</v1:ssin>
            <!--Optional:-->
            <v1:referenceDate>2017-08-01</v1:referenceDate>
         </v1:request>
      </v1:consultActiveCardsRequest>
   </soapenv:Body>
</soapenv:Envelope>]]></con:request><con:assertion type="SOAP Fault Assertion" id="47af15b8-9d13-4ffa-8f44-306d282c6beb" name="Not SOAP Fault"/><con:assertion type="SOAP Response" id="cfd408dd-837c-437a-8d89-5a5e51d6e5e7" name="SOAP Response"/><con:assertion type="Schema Compliance" id="9c97cbb6-94f7-481d-95a7-52e308a53b31" name="Schema Compliance"><con:configuration/></con:assertion><con:wsaConfig action="http://fidus.brussels/services/europeandisabilitycardservice/consultActiveCards"/></con:request></con:config></con:testStep><con:testStep type="request" id="033e48a8-d0a1-4cd0-8ebc-943597e92d5b" name="testcase03- Test - External - SSIN_DeceasedPerson_Card_Active - Request"><con:settings/><con:config xsi:type="con:RequestStep" xmlns:xsi="http://www.w3.org/2001/XMLSchema-instance"><con:interface>EuropeanDisabilityCardServiceHTTPBinding</con:interface><con:operation>consultActiveCards</con:operation><con:request name="testcase03- Test - External - SSIN_DeceasedPerson_Card_Active - Request" id="0dcb06c9-3308-45d8-8d68-896f8a1f903d" outgoingWss="Outflow TEST"><con:settings/><con:encoding>UTF-8</con:encoding><con:endpoint>http://fidus.brussels/services/europeandisabilitycardservice/v2</con:endpoint><con:request><![CDATA[<soapenv:Envelope xmlns:soapenv="http://schemas.xmlsoap.org/soap/envelope/" xmlns:v1="http://fidus.brussels/service/europeandisabilitycardservice/messages/v1" xmlns:v11="http://fidus.brussels/type/common/messages/v1">
   <soapenv:Header/>
   <soapenv:Body>
      <v1:consultActiveCardsRequest>         
         <v1:messageContext>
            <v11:messageId>${=import static java.util.UUID.randomUUID; uuid = randomUUID() as String}</v11:messageId>
            <!--Optional:-->
            <v11:timestamp>${=new java.text.SimpleDateFormat("yyyy-MM-dd'T'HH:mm:ss.SSS").format(new Date())}</v11:timestamp>
         </v1:messageContext>
         <v1:legalContext>ServiceIntegrator</v1:legalContext>
         <v1:request>
            <v1:ssin>21033027563</v1:ssin>
            <!--Optional:-->
            <v1:referenceDate>2017-08-09</v1:referenceDate>
         </v1:request>
      </v1:consultActiveCardsRequest>
   </soapenv:Body>
</soapenv:Envelope>]]></con:request><con:assertion type="SOAP Fault Assertion" id="2545fdf9-2b77-490e-b3fa-91080cc1c077" name="Not SOAP Fault"/><con:assertion type="SOAP Response" id="77dc5e06-e621-49a0-bb5f-400d600351d0" name="SOAP Response"/><con:assertion type="Schema Compliance" id="7c8ef0ea-f4f0-4334-aa53-bc55d5735ce5" name="Schema Compliance"><con:configuration/></con:assertion><con:wsaConfig action="http://fidus.brussels/services/europeandisabilitycardservice/consultActiveCards"/></con:request></con:config></con:testStep><con:testStep type="request" id="d226f7fa-f5af-414b-ba08-5a20f70bcd57" name="testcase03- Test - External - SSIN_DeceasedPerson_NoCard_Active - Request"><con:settings/><con:config xsi:type="con:RequestStep" xmlns:xsi="http://www.w3.org/2001/XMLSchema-instance"><con:interface>EuropeanDisabilityCardServiceHTTPBinding</con:interface><con:operation>consultActiveCards</con:operation><con:request name="testcase03- Test - External - SSIN_DeceasedPerson_NoCard_Active - Request" id="58e0cfc1-bb8c-43db-9a32-83e18bf2f685" outgoingWss="Outflow TEST"><con:settings/><con:encoding>UTF-8</con:encoding><con:endpoint>http://fidus.brussels/services/europeandisabilitycardservice/v2</con:endpoint><con:request><![CDATA[<soapenv:Envelope xmlns:soapenv="http://schemas.xmlsoap.org/soap/envelope/" xmlns:v1="http://fidus.brussels/service/europeandisabilitycardservice/messages/v1" xmlns:v11="http://fidus.brussels/type/common/messages/v1">
   <soapenv:Header/>
   <soapenv:Body>
      <v1:consultActiveCardsRequest>         
         <v1:messageContext>
            <v11:messageId>${=import static java.util.UUID.randomUUID; uuid = randomUUID() as String}</v11:messageId>
            <!--Optional:-->
            <v11:timestamp>${=new java.text.SimpleDateFormat("yyyy-MM-dd'T'HH:mm:ss.SSS").format(new Date())}</v11:timestamp>
         </v1:messageContext>
         <v1:legalContext>ServiceIntegrator</v1:legalContext>
         <v1:request>
            <v1:ssin>18100808031</v1:ssin>
            <!--Optional:-->
            <v1:referenceDate>2017-08-09</v1:referenceDate>
         </v1:request>
      </v1:consultActiveCardsRequest>
   </soapenv:Body>
</soapenv:Envelope>]]></con:request><con:assertion type="SOAP Fault Assertion" id="a50e829b-9df9-4e39-99a4-72d8d9213809" name="Not SOAP Fault"/><con:assertion type="SOAP Response" id="b68ecfbe-890f-442a-a963-765e1a544d02" name="SOAP Response"/><con:assertion type="Schema Compliance" id="233209de-8022-4ef7-b72e-8c6e9da35bb5" name="Schema Compliance"><con:configuration/></con:assertion><con:wsaConfig action="http://fidus.brussels/services/europeandisabilitycardservice/consultActiveCards"/></con:request></con:config></con:testStep><con:testStep type="request" id="1408d7f2-ccb1-46ec-ac5d-0e865a7e0cf3" name="testcase03- Test - External - Card_Active@SysDate - Request"><con:settings/><con:config xsi:type="con:RequestStep" xmlns:xsi="http://www.w3.org/2001/XMLSchema-instance"><con:interface>EuropeanDisabilityCardServiceHTTPBinding</con:interface><con:operation>consultActiveCards</con:operation><con:request name="testcase03- Test - External - Card_Active@SysDate - Request" id="ac92c192-5530-470b-971e-591760bb2e22" outgoingWss="Outflow TEST"><con:settings/><con:encoding>UTF-8</con:encoding><con:endpoint>http://fidus.brussels/services/europeandisabilitycardservice/v2</con:endpoint><con:request><![CDATA[<soapenv:Envelope xmlns:soapenv="http://schemas.xmlsoap.org/soap/envelope/" xmlns:v1="http://fidus.brussels/service/europeandisabilitycardservice/messages/v1" xmlns:v11="http://fidus.brussels/type/common/messages/v1">
   <soapenv:Header/>
   <soapenv:Body>
      <v1:consultActiveCardsRequest>         
         <v1:messageContext>
            <v11:messageId>${=import static java.util.UUID.randomUUID; uuid = randomUUID() as String}</v11:messageId>
            <!--Optional:-->
            <v11:timestamp>${=new java.text.SimpleDateFormat("yyyy-MM-dd'T'HH:mm:ss.SSS").format(new Date())}</v11:timestamp>
         </v1:messageContext>
         <v1:legalContext>ServiceIntegrator</v1:legalContext>
         <v1:request>
            <v1:ssin>64061324572</v1:ssin>                     
         </v1:request>
      </v1:consultActiveCardsRequest>
   </soapenv:Body>
</soapenv:Envelope>]]></con:request><con:assertion type="SOAP Fault Assertion" id="4fab3b81-5c50-4f5c-88ff-4ebc159d7796" name="Not SOAP Fault"/><con:assertion type="SOAP Response" id="cf152014-4a1d-459c-af7a-ae771aa67a7e" name="SOAP Response"/><con:assertion type="Schema Compliance" id="9c0092b0-3ef3-45fb-86b7-0332a5de1cc5" name="Schema Compliance"><con:configuration/></con:assertion><con:wsaConfig action="http://fidus.brussels/services/europeandisabilitycardservice/consultActiveCards"/></con:request></con:config></con:testStep><con:testStep type="request" id="f23cb9a7-8174-4c8c-aeb0-031a2249c1c9" name="testcase03- Test - External - Card_Active_OtherPartner - Request"><con:settings/><con:config xsi:type="con:RequestStep" xmlns:xsi="http://www.w3.org/2001/XMLSchema-instance"><con:interface>EuropeanDisabilityCardServiceHTTPBinding</con:interface><con:operation>consultActiveCards</con:operation><con:request name="testcase03- Test - External - Card_Active_OtherPartner - Request" id="bb3fc616-24aa-45af-b62b-1d702c6209be" outgoingWss="Outflow TEST"><con:settings/><con:encoding>UTF-8</con:encoding><con:endpoint>http://fidus.brussels/services/europeandisabilitycardservice/v2</con:endpoint><con:request><![CDATA[<soapenv:Envelope xmlns:soapenv="http://schemas.xmlsoap.org/soap/envelope/" xmlns:v1="http://fidus.brussels/service/europeandisabilitycardservice/messages/v1" xmlns:v11="http://fidus.brussels/type/common/messages/v1">
   <soapenv:Header/>
   <soapenv:Body>
      <v1:consultActiveCardsRequest>         
         <v1:messageContext>
            <v11:messageId>${=import static java.util.UUID.randomUUID; uuid = randomUUID() as String}</v11:messageId>
            <!--Optional:-->
            <v11:timestamp>${=new java.text.SimpleDateFormat("yyyy-MM-dd'T'HH:mm:ss.SSS").format(new Date())}</v11:timestamp>
         </v1:messageContext>
         <v1:legalContext>ServiceIntegrator</v1:legalContext>
         <v1:request>
            <v1:ssin>81091318921</v1:ssin>
         </v1:request>
      </v1:consultActiveCardsRequest>
   </soapenv:Body>
</soapenv:Envelope>]]></con:request><con:assertion type="SOAP Fault Assertion" id="48cb392c-611e-4659-a91a-e45c5bdc6116" name="Not SOAP Fault"/><con:assertion type="SOAP Response" id="21715656-ac94-4a5c-984f-18d37fdbeca2" name="SOAP Response"/><con:assertion type="Schema Compliance" id="8cda9592-cadd-4f8f-8232-2bd6a9d84c96" name="Schema Compliance"><con:configuration/></con:assertion><con:wsaConfig action="http://fidus.brussels/services/europeandisabilitycardservice/consultActiveCards"/></con:request></con:config></con:testStep><con:testStep type="request" id="39315d64-d12a-4039-a29a-e0ce969f34ff" name="testcase03- Test - External - Invalid_ReferenceDate - Request"><con:settings/><con:config xsi:type="con:RequestStep" xmlns:xsi="http://www.w3.org/2001/XMLSchema-instance"><con:interface>EuropeanDisabilityCardServiceHTTPBinding</con:interface><con:operation>consultActiveCards</con:operation><con:request name="testcase03- Test - External - Invalid_ReferenceDate - Request" id="0b120ab0-bb1a-4d4d-b289-d392366aab2d" outgoingWss="Outflow TEST"><con:settings/><con:encoding>UTF-8</con:encoding><con:endpoint>http://fidus.brussels/services/europeandisabilitycardservice/v2</con:endpoint><con:request><![CDATA[<soapenv:Envelope xmlns:soapenv="http://schemas.xmlsoap.org/soap/envelope/" xmlns:v1="http://fidus.brussels/service/europeandisabilitycardservice/messages/v1" xmlns:v11="http://fidus.brussels/type/common/messages/v1">
   <soapenv:Header/>
   <soapenv:Body>
      <v1:consultActiveCardsRequest>         
         <v1:messageContext>
            <v11:messageId>${=import static java.util.UUID.randomUUID; uuid = randomUUID() as String}</v11:messageId>
            <!--Optional:-->
            <v11:timestamp>${=new java.text.SimpleDateFormat("yyyy-MM-dd'T'HH:mm:ss.SSS").format(new Date())}</v11:timestamp>
         </v1:messageContext>
         <v1:legalContext>ServiceIntegrator</v1:legalContext>
         <v1:request>
            <v1:ssin>81091318921</v1:ssin>
            <v1:referenceDate>2016-01-01</v1:referenceDate>
         </v1:request>
      </v1:consultActiveCardsRequest>
   </soapenv:Body>
</soapenv:Envelope>]]></con:request><con:assertion type="SOAP Fault Assertion" id="34a58ad2-d826-43e1-aa8f-50d9f219e45e" name="Not SOAP Fault"/><con:assertion type="SOAP Response" id="68111c07-afdb-4971-987a-42650f700344" name="SOAP Response"/><con:assertion type="Schema Compliance" id="bd5cadc6-24ae-4b67-988e-ba4110a407ee" name="Schema Compliance"><con:configuration/></con:assertion><con:wsaConfig action="http://fidus.brussels/services/europeandisabilitycardservice/consultActiveCards"/></con:request></con:config></con:testStep><con:testStep type="request" id="6fdecac1-ffde-439d-8371-bf75d9d93578" name="testcase03- Test - External - Invalid_ReferenceDate2 - Request"><con:settings/><con:config xsi:type="con:RequestStep" xmlns:xsi="http://www.w3.org/2001/XMLSchema-instance"><con:interface>EuropeanDisabilityCardServiceHTTPBinding</con:interface><con:operation>consultActiveCards</con:operation><con:request name="testcase03- Test - External - Invalid_ReferenceDate2 - Request" id="2ef4b3aa-381e-4ea7-843a-9515653e2732" outgoingWss="Outflow TEST"><con:settings/><con:encoding>UTF-8</con:encoding><con:endpoint>http://fidus.brussels/services/europeandisabilitycardservice/v2</con:endpoint><con:request><![CDATA[<soapenv:Envelope xmlns:soapenv="http://schemas.xmlsoap.org/soap/envelope/" xmlns:v1="http://fidus.brussels/service/europeandisabilitycardservice/messages/v1" xmlns:v11="http://fidus.brussels/type/common/messages/v1">
   <soapenv:Header/>
   <soapenv:Body>
      <v1:consultActiveCardsRequest>         
         <v1:messageContext>
            <v11:messageId>${=import static java.util.UUID.randomUUID; uuid = randomUUID() as String}</v11:messageId>
            <!--Optional:-->
            <v11:timestamp>${=new java.text.SimpleDateFormat("yyyy-MM-dd'T'HH:mm:ss.SSS").format(new Date())}</v11:timestamp>
         </v1:messageContext>
         <v1:legalContext>ServiceIntegrator</v1:legalContext>
         <v1:request>
            <v1:ssin>81091318921</v1:ssin>
            <v1:referenceDate>2020-01-01</v1:referenceDate>
         </v1:request>
      </v1:consultActiveCardsRequest>
   </soapenv:Body>
</soapenv:Envelope>]]></con:request><con:assertion type="SOAP Fault Assertion" id="1e4c3153-f811-44b1-91c0-d5ff8d6cd17a" name="Not SOAP Fault"/><con:assertion type="SOAP Response" id="5382592b-5249-4787-ad34-a03ce38cc081" name="SOAP Response"/><con:assertion type="Schema Compliance" id="575c24f6-1d8f-4dcc-86c3-81efb33820f7" name="Schema Compliance"><con:configuration/></con:assertion><con:wsaConfig action="http://fidus.brussels/services/europeandisabilitycardservice/consultActiveCards"/></con:request></con:config></con:testStep><con:properties/></con:testCase><con:testCase id="3470599a-fcde-451d-a547-0c47fdd3c6e9" failOnError="true" failTestCaseOnErrors="true" keepSession="false" maxResults="0" name="consultAllCards" searchProperties="true"><con:settings/><con:testStep type="request" id="1d8d2177-c18a-48b3-844c-b0c066aaf15b" name="testcase03 - Test - External - Valid_SSIN- Request"><con:settings/><con:config xsi:type="con:RequestStep" xmlns:xsi="http://www.w3.org/2001/XMLSchema-instance"><con:interface>EuropeanDisabilityCardServiceHTTPBinding</con:interface><con:operation>consultAllCards</con:operation><con:request name="testcase03 - Test - External - Valid_SSIN- Request" id="9d92cadd-5116-43cd-8f19-c4601d7e89d9" outgoingWss="Outflow TEST"><con:settings/><con:encoding>UTF-8</con:encoding><con:endpoint>http://fidus.brussels/services/europeandisabilitycardservice/v2</con:endpoint><con:request><![CDATA[<soapenv:Envelope xmlns:soapenv="http://schemas.xmlsoap.org/soap/envelope/" xmlns:v1="http://fidus.brussels/service/europeandisabilitycardservice/messages/v1" xmlns:v11="http://fidus.brussels/type/common/messages/v1">
   <soapenv:Header/>
   <soapenv:Body>
      <v1:consultAllCardsRequest>
         <v1:messageContext>
            <v11:messageId>${=import static java.util.UUID.randomUUID; uuid = randomUUID() as String}</v11:messageId>
            <!--Optional:-->
            <v11:timestamp>${=new java.text.SimpleDateFormat("yyyy-MM-dd'T'HH:mm:ss.SSS").format(new Date())}</v11:timestamp>
         </v1:messageContext>
         <v1:legalContext>ServiceIntegrator</v1:legalContext>
         <v1:request>
            <v1:ssin>13020111772</v1:ssin>
         </v1:request>
      </v1:consultAllCardsRequest>
   </soapenv:Body>
</soapenv:Envelope>]]></con:request><con:assertion type="SOAP Fault Assertion" id="7fa49058-079e-488b-8cb2-50f2263b303a" name="Not SOAP Fault"/><con:assertion type="SOAP Response" id="e1baac1a-2cd2-4df8-8df9-79b3653d8f49" name="SOAP Response"/><con:assertion type="Schema Compliance" id="ccf26d32-f303-49d4-8477-4c9b030f6587" name="Schema Compliance"><con:configuration/></con:assertion><con:wsaConfig action="http://fidus.brussels/services/europeandisabilitycardservice/consultAllCards"/></con:request></con:config></con:testStep><con:testStep type="request" id="6214d6e8-59b8-4e51-bb84-cbc2c6d564e0" name="testcase03 - Test - LB - Request"><con:settings/><con:config xsi:type="con:RequestStep" xmlns:xsi="http://www.w3.org/2001/XMLSchema-instance"><con:interface>EuropeanDisabilityCardServiceHTTPBinding</con:interface><con:operation>consultAllCards</con:operation><con:request name="testcase03 - Test - LB - Request" id="553be957-23d6-4592-87c4-7bec7b592979" outgoingWss="Outflow TEST"><con:settings/><con:encoding>UTF-8</con:encoding><con:endpoint>http://fidus.brussels/services/europeandisabilitycardservice/v2</con:endpoint><con:request><![CDATA[<soapenv:Envelope xmlns:soapenv="http://schemas.xmlsoap.org/soap/envelope/" xmlns:v1="http://fidus.brussels/service/europeandisabilitycardservice/messages/v1" xmlns:v11="http://fidus.brussels/type/common/messages/v1">
   <soapenv:Header/>
   <soapenv:Body>
      <v1:consultAllCardsRequest>
         <v1:messageContext>
            <v11:messageId>${=import static java.util.UUID.randomUUID; uuid = randomUUID() as String}</v11:messageId>
            <!--Optional:-->
            <v11:timestamp>${=new java.text.SimpleDateFormat("yyyy-MM-dd'T'HH:mm:ss.SSS").format(new Date())}</v11:timestamp>
         </v1:messageContext>
         <v1:legalContext>ServiceIntegrator</v1:legalContext>
         <v1:request>
            <v1:ssin>13020111772</v1:ssin>
         </v1:request>
      </v1:consultAllCardsRequest>
   </soapenv:Body>
</soapenv:Envelope>]]></con:request><con:assertion type="SOAP Fault Assertion" id="6e3d6d0d-f700-42d9-9046-97554292a8c4" name="Not SOAP Fault"/><con:assertion type="SOAP Response" id="f4ff4799-11f4-4322-9f46-4d73cb5f6199" name="SOAP Response"/><con:assertion type="Schema Compliance" id="c3ea805c-e60c-4c0d-85d1-795e7c9dce3c" name="Schema Compliance"><con:configuration/></con:assertion><con:wsaConfig action="http://fidus.brussels/services/europeandisabilitycardservice/consultAllCards"/></con:request></con:config></con:testStep><con:testStep type="request" id="95629ead-bbb3-4757-a27d-b3289e5dfcaa" name="testcase03 - Test - Worker1 - Request"><con:settings/><con:config xsi:type="con:RequestStep" xmlns:xsi="http://www.w3.org/2001/XMLSchema-instance"><con:interface>EuropeanDisabilityCardServiceHTTPBinding</con:interface><con:operation>consultAllCards</con:operation><con:request name="testcase03 - Test - Worker1 - Request" id="1ed15946-8903-4178-a797-996ff26ea48f" outgoingWss="Outflow TEST"><con:settings/><con:encoding>UTF-8</con:encoding><con:endpoint>http://fidus.brussels/services/europeandisabilitycardservice/v2</con:endpoint><con:request><![CDATA[<soapenv:Envelope xmlns:soapenv="http://schemas.xmlsoap.org/soap/envelope/" xmlns:v1="http://fidus.brussels/service/europeandisabilitycardservice/messages/v1" xmlns:v11="http://fidus.brussels/type/common/messages/v1">
   <soapenv:Header/>
   <soapenv:Body>
      <v1:consultAllCardsRequest>
         <v1:messageContext>
            <v11:messageId>${=import static java.util.UUID.randomUUID; uuid = randomUUID() as String}</v11:messageId>
            <!--Optional:-->
            <v11:timestamp>${=new java.text.SimpleDateFormat("yyyy-MM-dd'T'HH:mm:ss.SSS").format(new Date())}</v11:timestamp>
         </v1:messageContext>
         <v1:legalContext>ServiceIntegrator</v1:legalContext>
         <v1:request>            
            <v1:ssin>89120121658</v1:ssin>
         </v1:request>
      </v1:consultAllCardsRequest>
   </soapenv:Body>
</soapenv:Envelope>]]></con:request><con:assertion type="SOAP Fault Assertion" id="a890a7cf-159b-4f01-a637-4e6306a15c91" name="Not SOAP Fault"/><con:assertion type="SOAP Response" id="78eba61b-08aa-4cfd-97fc-f008328e1381" name="SOAP Response"/><con:assertion type="Schema Compliance" id="0b4a0c12-5fd1-479a-b934-af3653354b24" name="Schema Compliance"><con:configuration/></con:assertion><con:wsaConfig action="http://fidus.brussels/services/europeandisabilitycardservice/consultAllCards"/></con:request></con:config></con:testStep><con:testStep type="request" id="35bafba8-5265-4bf4-9b99-6c0cc5072171" name="testcase03 - Test - Worker2 - Request"><con:settings/><con:config xsi:type="con:RequestStep" xmlns:xsi="http://www.w3.org/2001/XMLSchema-instance"><con:interface>EuropeanDisabilityCardServiceHTTPBinding</con:interface><con:operation>consultAllCards</con:operation><con:request name="testcase03 - Test - Worker2 - Request" id="985bc80e-94e4-4ba1-9ce2-e4e7948d48dd" outgoingWss="Outflow TEST"><con:settings/><con:encoding>UTF-8</con:encoding><con:endpoint>http://fidus.brussels/services/europeandisabilitycardservice/v2</con:endpoint><con:request><![CDATA[<soapenv:Envelope xmlns:soapenv="http://schemas.xmlsoap.org/soap/envelope/" xmlns:v1="http://fidus.brussels/service/europeandisabilitycardservice/messages/v1" xmlns:v11="http://fidus.brussels/type/common/messages/v1">
   <soapenv:Header/>
   <soapenv:Body>
      <v1:consultAllCardsRequest>
         <v1:messageContext>
            <v11:messageId>${=import static java.util.UUID.randomUUID; uuid = randomUUID() as String}</v11:messageId>
            <!--Optional:-->
            <v11:timestamp>${=new java.text.SimpleDateFormat("yyyy-MM-dd'T'HH:mm:ss.SSS").format(new Date())}</v11:timestamp>
         </v1:messageContext>
         <v1:legalContext>ServiceIntegrator</v1:legalContext>
         <v1:request>
            <v1:ssin>13020111772</v1:ssin>
         </v1:request>
      </v1:consultAllCardsRequest>
   </soapenv:Body>
</soapenv:Envelope>]]></con:request><con:assertion type="SOAP Fault Assertion" id="955373a4-8510-4ce8-8aac-2e4f85a4641d" name="Not SOAP Fault"/><con:assertion type="SOAP Response" id="7eb10608-09e9-4cbb-b71a-bfebf661a317" name="SOAP Response"/><con:assertion type="Schema Compliance" id="c97cc3ce-fa94-4c16-99c7-0a5f601ad4aa" name="Schema Compliance"><con:configuration/></con:assertion><con:wsaConfig action="http://fidus.brussels/services/europeandisabilitycardservice/consultAllCards"/></con:request></con:config></con:testStep><con:testStep type="request" id="85f28912-29fd-435b-8213-2f64182c005d" name="testcase03 - Test - External - InValid_SSIN- Request"><con:settings/><con:config xsi:type="con:RequestStep" xmlns:xsi="http://www.w3.org/2001/XMLSchema-instance"><con:interface>EuropeanDisabilityCardServiceHTTPBinding</con:interface><con:operation>consultAllCards</con:operation><con:request name="testcase03 - Test - External - InValid_SSIN- Request" id="c5c429e1-c008-48d4-b36c-c88e947e46a3" outgoingWss="Outflow TEST"><con:settings/><con:encoding>UTF-8</con:encoding><con:endpoint>http://fidus.brussels/services/europeandisabilitycardservice/v2</con:endpoint><con:request><![CDATA[<soapenv:Envelope xmlns:soapenv="http://schemas.xmlsoap.org/soap/envelope/" xmlns:v1="http://fidus.brussels/service/europeandisabilitycardservice/messages/v1" xmlns:v11="http://fidus.brussels/type/common/messages/v1">
   <soapenv:Header/>
   <soapenv:Body>
      <v1:consultAllCardsRequest>
         <v1:messageContext>
            <v11:messageId>${=import static java.util.UUID.randomUUID; uuid = randomUUID() as String}</v11:messageId>
            <!--Optional:-->
            <v11:timestamp>${=new java.text.SimpleDateFormat("yyyy-MM-dd'T'HH:mm:ss.SSS").format(new Date())}</v11:timestamp>
         </v1:messageContext>
         <v1:legalContext>ServiceIntegrator</v1:legalContext>
         <v1:request>
            <v1:ssin>23020111772</v1:ssin>
         </v1:request>
      </v1:consultAllCardsRequest>
   </soapenv:Body>
</soapenv:Envelope>]]></con:request><con:assertion type="SOAP Fault Assertion" id="d86abc09-f94a-4018-8b4f-d27dc72cc7fa" name="Not SOAP Fault"/><con:assertion type="SOAP Response" id="7cc82b7f-281a-46ac-b757-39488bf4d0d7" name="SOAP Response"/><con:assertion type="Schema Compliance" id="b23e6217-80fd-4be1-b56d-a72b9337f8b4" name="Schema Compliance"><con:configuration/></con:assertion><con:wsaConfig action="http://fidus.brussels/services/europeandisabilitycardservice/consultAllCards"/></con:request></con:config></con:testStep><con:testStep type="request" id="34557ada-df06-4311-9b31-15989ebcc38a" name="testcase03 - Test - External - Valid_SSIN_NoExist- Request"><con:settings/><con:config xsi:type="con:RequestStep" xmlns:xsi="http://www.w3.org/2001/XMLSchema-instance"><con:interface>EuropeanDisabilityCardServiceHTTPBinding</con:interface><con:operation>consultAllCards</con:operation><con:request name="testcase03 - Test - External - Valid_SSIN_NoExist- Request" id="2e8d75f0-9db6-427a-9dc0-bd7808cc24c5" outgoingWss="Outflow TEST"><con:settings/><con:encoding>UTF-8</con:encoding><con:endpoint>http://fidus.brussels/services/europeandisabilitycardservice/v2</con:endpoint><con:request><![CDATA[<soapenv:Envelope xmlns:soapenv="http://schemas.xmlsoap.org/soap/envelope/" xmlns:v1="http://fidus.brussels/service/europeandisabilitycardservice/messages/v1" xmlns:v11="http://fidus.brussels/type/common/messages/v1">
   <soapenv:Header/>
   <soapenv:Body>
      <v1:consultAllCardsRequest>
         <v1:messageContext>
            <v11:messageId>${=import static java.util.UUID.randomUUID; uuid = randomUUID() as String}</v11:messageId>
            <!--Optional:-->
            <v11:timestamp>${=new java.text.SimpleDateFormat("yyyy-MM-dd'T'HH:mm:ss.SSS").format(new Date())}</v11:timestamp>
         </v1:messageContext>
         <v1:legalContext>ServiceIntegrator</v1:legalContext>
         <v1:request>
            <v1:ssin>84072088834</v1:ssin>
         </v1:request>
      </v1:consultAllCardsRequest>
   </soapenv:Body>
</soapenv:Envelope>]]></con:request><con:assertion type="SOAP Fault Assertion" id="778a07b2-909b-448b-91e0-982e4786db86" name="Not SOAP Fault"/><con:assertion type="SOAP Response" id="336491d1-e765-4bcd-b08e-cb972c064876" name="SOAP Response"/><con:assertion type="Schema Compliance" id="021982c1-7a62-4411-805b-3b34c47addae" name="Schema Compliance"><con:configuration/></con:assertion><con:wsaConfig action="http://fidus.brussels/services/europeandisabilitycardservice/consultAllCards"/></con:request></con:config></con:testStep><con:testStep type="request" id="7dfa2c24-3e1f-4a59-b719-a996e4bb7c38" name="testcase03 - Test - External - Old_SSIN- Request"><con:settings/><con:config xsi:type="con:RequestStep" xmlns:xsi="http://www.w3.org/2001/XMLSchema-instance"><con:interface>EuropeanDisabilityCardServiceHTTPBinding</con:interface><con:operation>consultAllCards</con:operation><con:request name="testcase03 - Test - External - Old_SSIN- Request" id="13ebcb88-9a22-4006-bb7a-5180459fa7a6" outgoingWss="Outflow TEST"><con:settings/><con:encoding>UTF-8</con:encoding><con:endpoint>http://fidus.brussels/services/europeandisabilitycardservice/v2</con:endpoint><con:request><![CDATA[<soapenv:Envelope xmlns:soapenv="http://schemas.xmlsoap.org/soap/envelope/" xmlns:v1="http://fidus.brussels/service/europeandisabilitycardservice/messages/v1" xmlns:v11="http://fidus.brussels/type/common/messages/v1">
   <soapenv:Header/>
   <soapenv:Body>
      <v1:consultAllCardsRequest>
         <v1:messageContext>
            <v11:messageId>${=import static java.util.UUID.randomUUID; uuid = randomUUID() as String}</v11:messageId>
            <!--Optional:-->
            <v11:timestamp>${=new java.text.SimpleDateFormat("yyyy-MM-dd'T'HH:mm:ss.SSS").format(new Date())}</v11:timestamp>
         </v1:messageContext>
         <v1:legalContext>ServiceIntegrator</v1:legalContext>
         <v1:request>
            <v1:ssin>91071662579</v1:ssin>
         </v1:request>
      </v1:consultAllCardsRequest>
   </soapenv:Body>
</soapenv:Envelope>]]></con:request><con:assertion type="SOAP Fault Assertion" id="a95a55bc-0b65-4518-a70c-02c5f1f1a0d2" name="Not SOAP Fault"/><con:assertion type="SOAP Response" id="f896c0d4-c438-48a5-8f24-0ad29bfca77d" name="SOAP Response"/><con:assertion type="Schema Compliance" id="0251e4d9-660e-492f-84b5-1e5f80489973" name="Schema Compliance"><con:configuration/></con:assertion><con:wsaConfig action="http://fidus.brussels/services/europeandisabilitycardservice/consultAllCards"/></con:request></con:config></con:testStep><con:testStep type="request" id="9abad1eb-e086-44dc-afe7-9ffd58d10a73" name="testcase03 - Test - External - ActiveCard- Request"><con:settings/><con:config xsi:type="con:RequestStep" xmlns:xsi="http://www.w3.org/2001/XMLSchema-instance"><con:interface>EuropeanDisabilityCardServiceHTTPBinding</con:interface><con:operation>consultAllCards</con:operation><con:request name="testcase03 - Test - External - ActiveCard- Request" id="32a7c940-982f-476f-9a6f-a17fd55a0754" outgoingWss="Outflow TEST"><con:settings/><con:encoding>UTF-8</con:encoding><con:endpoint>http://fidus.brussels/services/europeandisabilitycardservice/v2</con:endpoint><con:request><![CDATA[<soapenv:Envelope xmlns:soapenv="http://schemas.xmlsoap.org/soap/envelope/" xmlns:v1="http://fidus.brussels/service/europeandisabilitycardservice/messages/v1" xmlns:v11="http://fidus.brussels/type/common/messages/v1">
   <soapenv:Header/>
   <soapenv:Body>
      <v1:consultAllCardsRequest>
         <v1:messageContext>
            <v11:messageId>${=import static java.util.UUID.randomUUID; uuid = randomUUID() as String}</v11:messageId>
            <!--Optional:-->
            <v11:timestamp>${=new java.text.SimpleDateFormat("yyyy-MM-dd'T'HH:mm:ss.SSS").format(new Date())}</v11:timestamp>
         </v1:messageContext>
         <v1:legalContext>ServiceIntegrator</v1:legalContext>
         <v1:request>
            <v1:ssin>10022104563</v1:ssin>
         </v1:request>
      </v1:consultAllCardsRequest>
   </soapenv:Body>
</soapenv:Envelope>]]></con:request><con:assertion type="SOAP Fault Assertion" id="43753e02-0075-4935-aa64-0122b1eb7589" name="Not SOAP Fault"/><con:assertion type="SOAP Response" id="a32d6bf5-a242-4aa8-999b-753c425386fd" name="SOAP Response"/><con:assertion type="Schema Compliance" id="1a46325f-fa36-401b-ba08-973b8b2293a7" name="Schema Compliance"><con:configuration/></con:assertion><con:wsaConfig action="http://fidus.brussels/services/europeandisabilitycardservice/consultAllCards"/></con:request></con:config></con:testStep><con:testStep type="request" id="d4adbdb5-0167-42e6-a733-e0b0c7181745" name="testcase03 - Test - External - CancelledSSIN_NoActiveCard- Request"><con:settings/><con:config xsi:type="con:RequestStep" xmlns:xsi="http://www.w3.org/2001/XMLSchema-instance"><con:interface>EuropeanDisabilityCardServiceHTTPBinding</con:interface><con:operation>consultAllCards</con:operation><con:request name="testcase03 - Test - External - CancelledSSIN_NoActiveCard- Request" id="eb8c90b0-3c14-4b66-bf3b-f571aaac15eb" outgoingWss="Outflow TEST"><con:settings/><con:encoding>UTF-8</con:encoding><con:endpoint>http://fidus.brussels/services/europeandisabilitycardservice/v2</con:endpoint><con:request><![CDATA[<soapenv:Envelope xmlns:soapenv="http://schemas.xmlsoap.org/soap/envelope/" xmlns:v1="http://fidus.brussels/service/europeandisabilitycardservice/messages/v1" xmlns:v11="http://fidus.brussels/type/common/messages/v1">
   <soapenv:Header/>
   <soapenv:Body>
      <v1:consultAllCardsRequest>
         <v1:messageContext>
            <v11:messageId>${=import static java.util.UUID.randomUUID; uuid = randomUUID() as String}</v11:messageId>
            <!--Optional:-->
            <v11:timestamp>${=new java.text.SimpleDateFormat("yyyy-MM-dd'T'HH:mm:ss.SSS").format(new Date())}</v11:timestamp>
         </v1:messageContext>
         <v1:legalContext>ServiceIntegrator</v1:legalContext>
         <v1:request>
            <v1:ssin>49010193967</v1:ssin>
         </v1:request>
      </v1:consultAllCardsRequest>
   </soapenv:Body>
</soapenv:Envelope>]]></con:request><con:assertion type="SOAP Fault Assertion" id="ebfc45dd-c688-4d52-a970-de7705ce0d46" name="Not SOAP Fault"/><con:assertion type="SOAP Response" id="3b4f0dc3-2bd1-4e4a-bdd0-2f3583327795" name="SOAP Response"/><con:assertion type="Schema Compliance" id="24a73237-a5b4-49c3-967d-4f2f55efcc80" name="Schema Compliance"><con:configuration/></con:assertion><con:wsaConfig action="http://fidus.brussels/services/europeandisabilitycardservice/consultAllCards"/></con:request></con:config></con:testStep><con:testStep type="request" id="f741bea5-d062-467c-9fb7-75c0d6ca222c" name="testcase03 - Test - External - CancelledSSIN_ActiveCard- Request"><con:settings/><con:config xsi:type="con:RequestStep" xmlns:xsi="http://www.w3.org/2001/XMLSchema-instance"><con:interface>EuropeanDisabilityCardServiceHTTPBinding</con:interface><con:operation>consultAllCards</con:operation><con:request name="testcase03 - Test - External - CancelledSSIN_ActiveCard- Request" id="5769c0b9-e930-4f6a-bf92-0551493f648b" outgoingWss="Outflow TEST"><con:settings/><con:encoding>UTF-8</con:encoding><con:endpoint>http://fidus.brussels/services/europeandisabilitycardservice/v2</con:endpoint><con:request><![CDATA[<soapenv:Envelope xmlns:soapenv="http://schemas.xmlsoap.org/soap/envelope/" xmlns:v1="http://fidus.brussels/service/europeandisabilitycardservice/messages/v1" xmlns:v11="http://fidus.brussels/type/common/messages/v1">
   <soapenv:Header/>
   <soapenv:Body>
      <v1:consultAllCardsRequest>
         <v1:messageContext>
            <v11:messageId>${=import static java.util.UUID.randomUUID; uuid = randomUUID() as String}</v11:messageId>
            <!--Optional:-->
            <v11:timestamp>${=new java.text.SimpleDateFormat("yyyy-MM-dd'T'HH:mm:ss.SSS").format(new Date())}</v11:timestamp>
         </v1:messageContext>
         <v1:legalContext>ServiceIntegrator</v1:legalContext>
         <v1:request>
            <v1:ssin>89120121658</v1:ssin>
         </v1:request>
      </v1:consultAllCardsRequest>
   </soapenv:Body>
</soapenv:Envelope>]]></con:request><con:assertion type="SOAP Fault Assertion" id="859aa20a-c005-4d52-a709-fdc1adf30444" name="Not SOAP Fault"/><con:assertion type="SOAP Response" id="4d2119ac-897c-4eec-9a2c-2051ec2b5fc9" name="SOAP Response"/><con:assertion type="Schema Compliance" id="d285f8ab-291a-41bf-af24-6f9e2f17807e" name="Schema Compliance"><con:configuration/></con:assertion><con:wsaConfig action="http://fidus.brussels/services/europeandisabilitycardservice/consultAllCards"/></con:request></con:config></con:testStep><con:testStep type="request" id="455da4ec-d215-47bf-90c2-2e24971bb3a1" name="testcase03 - Test - External - SSIN_DeceasedPerson_ActiveCard- Request"><con:settings/><con:config xsi:type="con:RequestStep" xmlns:xsi="http://www.w3.org/2001/XMLSchema-instance"><con:interface>EuropeanDisabilityCardServiceHTTPBinding</con:interface><con:operation>consultAllCards</con:operation><con:request name="testcase03 - Test - External - SSIN_DeceasedPerson_ActiveCard- Request" id="f90ad5a2-fc77-45a0-81dc-a39738f50c95" outgoingWss="Outflow TEST"><con:settings/><con:encoding>UTF-8</con:encoding><con:endpoint>http://fidus.brussels/services/europeandisabilitycardservice/v2</con:endpoint><con:request><![CDATA[<soapenv:Envelope xmlns:soapenv="http://schemas.xmlsoap.org/soap/envelope/" xmlns:v1="http://fidus.brussels/service/europeandisabilitycardservice/messages/v1" xmlns:v11="http://fidus.brussels/type/common/messages/v1">
   <soapenv:Header/>
   <soapenv:Body>
      <v1:consultAllCardsRequest>
         <v1:messageContext>
            <v11:messageId>${=import static java.util.UUID.randomUUID; uuid = randomUUID() as String}</v11:messageId>
            <!--Optional:-->
            <v11:timestamp>${=new java.text.SimpleDateFormat("yyyy-MM-dd'T'HH:mm:ss.SSS").format(new Date())}</v11:timestamp>
         </v1:messageContext>
         <v1:legalContext>ServiceIntegrator</v1:legalContext>
         <v1:request>
            <v1:ssin>21033027563</v1:ssin>
         </v1:request>
      </v1:consultAllCardsRequest>
   </soapenv:Body>
</soapenv:Envelope>]]></con:request><con:assertion type="SOAP Fault Assertion" id="fcf627e5-1ff0-4d7c-93e9-f6516404d28b" name="Not SOAP Fault"/><con:assertion type="SOAP Response" id="de5eb847-645c-43a0-a9f7-af863fc70b2f" name="SOAP Response"/><con:assertion type="Schema Compliance" id="bf61d0d6-6d24-48a0-afaa-23e5cd8dbdb1" name="Schema Compliance"><con:configuration/></con:assertion><con:wsaConfig action="http://fidus.brussels/services/europeandisabilitycardservice/consultAllCards"/></con:request></con:config></con:testStep><con:testStep type="request" id="bf467cdf-af28-4d68-a768-0e9c983cf13f" name="testcase03 - Test - External - SSIN_DeceasedPerson_NoActiveCard- Request"><con:settings/><con:config xsi:type="con:RequestStep" xmlns:xsi="http://www.w3.org/2001/XMLSchema-instance"><con:interface>EuropeanDisabilityCardServiceHTTPBinding</con:interface><con:operation>consultAllCards</con:operation><con:request name="testcase03 - Test - External - SSIN_DeceasedPerson_NoActiveCard- Request" id="1032a2f5-361a-41eb-a14a-ff31f2b77789" outgoingWss="Outflow TEST"><con:settings/><con:encoding>UTF-8</con:encoding><con:endpoint>http://fidus.brussels/services/europeandisabilitycardservice/v2</con:endpoint><con:request><![CDATA[<soapenv:Envelope xmlns:soapenv="http://schemas.xmlsoap.org/soap/envelope/" xmlns:v1="http://fidus.brussels/service/europeandisabilitycardservice/messages/v1" xmlns:v11="http://fidus.brussels/type/common/messages/v1">
   <soapenv:Header/>
   <soapenv:Body>
      <v1:consultAllCardsRequest>
         <v1:messageContext>
            <v11:messageId>${=import static java.util.UUID.randomUUID; uuid = randomUUID() as String}</v11:messageId>
            <!--Optional:-->
            <v11:timestamp>${=new java.text.SimpleDateFormat("yyyy-MM-dd'T'HH:mm:ss.SSS").format(new Date())}</v11:timestamp>
         </v1:messageContext>
         <v1:legalContext>ServiceIntegrator</v1:legalContext>
         <v1:request>
            <v1:ssin>18100808031</v1:ssin>
         </v1:request>
      </v1:consultAllCardsRequest>
   </soapenv:Body>
</soapenv:Envelope>]]></con:request><con:assertion type="SOAP Fault Assertion" id="426c717c-e4f3-472b-83ab-c11a894a987b" name="Not SOAP Fault"/><con:assertion type="SOAP Response" id="93951df8-719f-475c-ae70-58df89ddf249" name="SOAP Response"/><con:assertion type="Schema Compliance" id="6e56cc05-7772-4f2e-81bb-2f0ec303f24f" name="Schema Compliance"><con:configuration/></con:assertion><con:wsaConfig action="http://fidus.brussels/services/europeandisabilitycardservice/consultAllCards"/></con:request></con:config></con:testStep><con:testStep type="request" id="f8778e6f-707c-4674-a06b-1e25cc81b63f" name="testcase03 - Test - External - ReturnedCard- Request"><con:settings/><con:config xsi:type="con:RequestStep" xmlns:xsi="http://www.w3.org/2001/XMLSchema-instance"><con:interface>EuropeanDisabilityCardServiceHTTPBinding</con:interface><con:operation>consultAllCards</con:operation><con:request name="testcase03 - Test - External - ReturnedCard- Request" id="436b4212-43a8-4c11-aca8-fb8178ed1da9" outgoingWss="Outflow TEST"><con:settings/><con:encoding>UTF-8</con:encoding><con:endpoint>http://fidus.brussels/services/europeandisabilitycardservice/v2</con:endpoint><con:request><![CDATA[<soapenv:Envelope xmlns:soapenv="http://schemas.xmlsoap.org/soap/envelope/" xmlns:v1="http://fidus.brussels/service/europeandisabilitycardservice/messages/v1" xmlns:v11="http://fidus.brussels/type/common/messages/v1">
   <soapenv:Header/>
   <soapenv:Body>
      <v1:consultAllCardsRequest>
         <v1:messageContext>
            <v11:messageId>${=import static java.util.UUID.randomUUID; uuid = randomUUID() as String}</v11:messageId>
            <!--Optional:-->
            <v11:timestamp>${=new java.text.SimpleDateFormat("yyyy-MM-dd'T'HH:mm:ss.SSS").format(new Date())}</v11:timestamp>
         </v1:messageContext>
         <v1:legalContext>ServiceIntegrator</v1:legalContext>
         <v1:request>
            <v1:ssin>77020601578</v1:ssin>
         </v1:request>
      </v1:consultAllCardsRequest>
   </soapenv:Body>
</soapenv:Envelope>]]></con:request><con:assertion type="SOAP Fault Assertion" id="c525c656-ab71-4a14-87db-e2702f190867" name="Not SOAP Fault"/><con:assertion type="SOAP Response" id="fd3c823e-100e-4ff1-b67a-f93be0ec894a" name="SOAP Response"/><con:assertion type="Schema Compliance" id="05e41d80-a5fe-48f9-a30a-a06c6de179d1" name="Schema Compliance"><con:configuration/></con:assertion><con:wsaConfig action="http://fidus.brussels/services/europeandisabilitycardservice/consultAllCards"/></con:request></con:config></con:testStep><con:testStep type="request" id="15fdc22e-9c7e-4a45-bea9-2e669e282169" name="testcase03 - Test - External - FailedCard- Request"><con:settings/><con:config xsi:type="con:RequestStep" xmlns:xsi="http://www.w3.org/2001/XMLSchema-instance"><con:interface>EuropeanDisabilityCardServiceHTTPBinding</con:interface><con:operation>consultAllCards</con:operation><con:request name="testcase03 - Test - External - FailedCard- Request" id="d4c6480a-c3f9-4d20-a96d-7dc6ea4ef82e" outgoingWss="Outflow TEST"><con:settings/><con:encoding>UTF-8</con:encoding><con:endpoint>http://fidus.brussels/services/europeandisabilitycardservice/v2</con:endpoint><con:request><![CDATA[<soapenv:Envelope xmlns:soapenv="http://schemas.xmlsoap.org/soap/envelope/" xmlns:v1="http://fidus.brussels/service/europeandisabilitycardservice/messages/v1" xmlns:v11="http://fidus.brussels/type/common/messages/v1">
   <soapenv:Header/>
   <soapenv:Body>
      <v1:consultAllCardsRequest>
         <v1:messageContext>
            <v11:messageId>${=import static java.util.UUID.randomUUID; uuid = randomUUID() as String}</v11:messageId>
            <!--Optional:-->
            <v11:timestamp>${=new java.text.SimpleDateFormat("yyyy-MM-dd'T'HH:mm:ss.SSS").format(new Date())}</v11:timestamp>
         </v1:messageContext>
         <v1:legalContext>ServiceIntegrator</v1:legalContext>
         <v1:request>
            <v1:ssin>77020601578</v1:ssin>
         </v1:request>
      </v1:consultAllCardsRequest>
   </soapenv:Body>
</soapenv:Envelope>]]></con:request><con:assertion type="SOAP Fault Assertion" id="ecad44c0-1c2e-4a30-b6e0-beaad8a038b0" name="Not SOAP Fault"/><con:assertion type="SOAP Response" id="71d6a5e0-adfc-49d5-b2bf-81f676da0558" name="SOAP Response"/><con:assertion type="Schema Compliance" id="eac4ff2f-26be-424f-8e32-c1362448f8d4" name="Schema Compliance"><con:configuration/></con:assertion><con:wsaConfig action="http://fidus.brussels/services/europeandisabilitycardservice/consultAllCards"/></con:request></con:config></con:testStep><con:testStep type="request" id="0f257c9e-2ff6-4d44-8936-6b0ca837d890" name="testcase03 - Test - External - VariousCards- Request"><con:settings/><con:config xsi:type="con:RequestStep" xmlns:xsi="http://www.w3.org/2001/XMLSchema-instance"><con:interface>EuropeanDisabilityCardServiceHTTPBinding</con:interface><con:operation>consultAllCards</con:operation><con:request name="testcase03 - Test - External - VariousCards- Request" id="30d8e612-65eb-42c8-b5dd-da41fccc9c07" outgoingWss="Outflow TEST"><con:settings/><con:encoding>UTF-8</con:encoding><con:endpoint>http://fidus.brussels/services/europeandisabilitycardservice/v2</con:endpoint><con:request><![CDATA[<soapenv:Envelope xmlns:soapenv="http://schemas.xmlsoap.org/soap/envelope/" xmlns:v1="http://fidus.brussels/service/europeandisabilitycardservice/messages/v1" xmlns:v11="http://fidus.brussels/type/common/messages/v1">
   <soapenv:Header/>
   <soapenv:Body>
      <v1:consultAllCardsRequest>
         <v1:messageContext>
            <v11:messageId>${=import static java.util.UUID.randomUUID; uuid = randomUUID() as String}</v11:messageId>
            <!--Optional:-->
            <v11:timestamp>${=new java.text.SimpleDateFormat("yyyy-MM-dd'T'HH:mm:ss.SSS").format(new Date())}</v11:timestamp>
         </v1:messageContext>
         <v1:legalContext>ServiceIntegrator</v1:legalContext>
         <v1:request>
            <v1:ssin>13020111772</v1:ssin>
         </v1:request>
      </v1:consultAllCardsRequest>
   </soapenv:Body>
</soapenv:Envelope>]]></con:request><con:assertion type="SOAP Fault Assertion" id="08ca82a5-8f13-47b9-bbf5-539b2771ea76" name="Not SOAP Fault"/><con:assertion type="SOAP Response" id="4b0875e6-4c97-4334-b963-db0cefad058c" name="SOAP Response"/><con:assertion type="Schema Compliance" id="5d656ab0-f713-48a0-a952-097ed015ee2c" name="Schema Compliance"><con:configuration/></con:assertion><con:wsaConfig action="http://fidus.brussels/services/europeandisabilitycardservice/consultAllCards"/></con:request></con:config></con:testStep><con:properties/></con:testCase><con:testCase id="4a77dfbc-d01b-41ac-9a01-a0e89861308c" failOnError="true" failTestCaseOnErrors="true" keepSession="false" maxResults="0" name="createCard" searchProperties="true"><con:settings/><con:testStep type="request" id="a3c86024-d685-4171-a5ed-f064ec05accd" name="testcase03 - Test - External - Radiated_SSIN - Request"><con:settings/><con:config xsi:type="con:RequestStep" xmlns:xsi="http://www.w3.org/2001/XMLSchema-instance"><con:interface>EuropeanDisabilityCardServiceHTTPBinding</con:interface><con:operation>createCard</con:operation><con:request name="testcase03 - Test - External - Radiated_SSIN - Request" id="ca6fceac-34be-4c18-9792-98d58902955f" outgoingWss="Outflow TEST"><con:settings/><con:encoding>UTF-8</con:encoding><con:endpoint>http://fidus.brussels/services/europeandisabilitycardservice/v2</con:endpoint><con:request><![CDATA[<soapenv:Envelope xmlns:soapenv="http://schemas.xmlsoap.org/soap/envelope/" xmlns:v1="http://fidus.brussels/service/europeandisabilitycardservice/messages/v1" xmlns:v11="http://fidus.brussels/type/common/messages/v1">
   <soapenv:Header/>
   <soapenv:Body>
      <v1:createCardRequest>
         <v1:messageContext>
            <v11:messageId>${=import static java.util.UUID.randomUUID; uuid = randomUUID() as String}</v11:messageId>
            <!--Optional:-->
            <v11:timestamp>${=new java.text.SimpleDateFormat("yyyy-MM-dd'T'HH:mm:ss.SSS").format(new Date())}</v11:timestamp>
         </v1:messageContext>
         <v1:legalContext>ServiceIntegrator</v1:legalContext>
         <v1:request>
            <v1:ssin>89040662426</v1:ssin>
            <v1:emittingPartner>0457419435</v1:emittingPartner>
            <v1:language>NL</v1:language>
            <v1:forceCreation>true</v1:forceCreation>
         </v1:request>
      </v1:createCardRequest>
   </soapenv:Body>
</soapenv:Envelope>]]></con:request><con:assertion type="SOAP Fault Assertion" id="24c28f0c-3739-47c5-9a4d-d83becf3750f" name="Not SOAP Fault"/><con:assertion type="SOAP Response" id="6a6e9783-668f-4bce-88b4-1ac96ca2c32c" name="SOAP Response"/><con:assertion type="Schema Compliance" id="d3eca534-c230-4ef0-a003-05fd342cdaa5" name="Schema Compliance"><con:configuration/></con:assertion><con:wsaConfig action="http://fidus.brussels/services/europeandisabilitycardservice/createCard"/></con:request></con:config></con:testStep><con:testStep type="request" id="89c35a89-b190-4972-be1d-d8298e1ce1f8" name="testcase03 - Test - LB - Request"><con:settings/><con:config xsi:type="con:RequestStep" xmlns:xsi="http://www.w3.org/2001/XMLSchema-instance"><con:interface>EuropeanDisabilityCardServiceHTTPBinding</con:interface><con:operation>createCard</con:operation><con:request name="testcase03 - Test - LB - Request" id="40880438-c081-4cdf-b070-e69d8cba2120" outgoingWss="Outflow TEST"><con:settings/><con:encoding>UTF-8</con:encoding><con:endpoint>http://fidus.brussels/services/europeandisabilitycardservice/v2</con:endpoint><con:request><![CDATA[<soapenv:Envelope xmlns:soapenv="http://schemas.xmlsoap.org/soap/envelope/" xmlns:v1="http://fidus.brussels/service/europeandisabilitycardservice/messages/v1" xmlns:v11="http://fidus.brussels/type/common/messages/v1">
   <soapenv:Header/>
   <soapenv:Body>
      <v1:createCardRequest>
         <v1:messageContext>
            <v11:messageId>${=import static java.util.UUID.randomUUID; uuid = randomUUID() as String}</v11:messageId>
            <!--Optional:-->
            <v11:timestamp>${=new java.text.SimpleDateFormat("yyyy-MM-dd'T'HH:mm:ss.SSS").format(new Date())}</v11:timestamp>
         </v1:messageContext>
         <v1:legalContext>ServiceIntegrator</v1:legalContext>
         <v1:request>
            <v1:ssin>84072002128</v1:ssin>
            <v1:emittingPartner>0646877855</v1:emittingPartner>
            <v1:language>NL</v1:language>
            <v1:forceCreation>true</v1:forceCreation>
         </v1:request>
      </v1:createCardRequest>
   </soapenv:Body>
</soapenv:Envelope>]]></con:request><con:assertion type="SOAP Fault Assertion" id="2ec1191b-bf40-42fc-9fa4-b9455c89b3a0" name="Not SOAP Fault"/><con:assertion type="SOAP Response" id="0c2ed641-3943-4621-a318-2cd5e7a3d31d" name="SOAP Response"/><con:assertion type="Schema Compliance" id="d08fa0f0-2d15-47ae-a49f-b0e1d44e04d4" name="Schema Compliance"><con:configuration/></con:assertion><con:wsaConfig action="http://fidus.brussels/services/europeandisabilitycardservice/createCard"/></con:request></con:config></con:testStep><con:testStep type="request" id="84ad7b64-e7f0-40d8-8ace-e0273ba83ae3" name="testcase03 - Test - Worker1 - Request"><con:settings/><con:config xsi:type="con:RequestStep" xmlns:xsi="http://www.w3.org/2001/XMLSchema-instance"><con:interface>EuropeanDisabilityCardServiceHTTPBinding</con:interface><con:operation>createCard</con:operation><con:request name="testcase03 - Test - Worker1 - Request" id="b9d2a458-a02b-4f73-8191-96ec20a8a9a4" outgoingWss="Outflow TEST"><con:settings/><con:encoding>UTF-8</con:encoding><con:endpoint>http://fidus.brussels/services/europeandisabilitycardservice/v2</con:endpoint><con:request><![CDATA[<soapenv:Envelope xmlns:soapenv="http://schemas.xmlsoap.org/soap/envelope/" xmlns:v1="http://fidus.brussels/service/europeandisabilitycardservice/messages/v1" xmlns:v11="http://fidus.brussels/type/common/messages/v1">
   <soapenv:Header/>
   <soapenv:Body>
      <v1:createCardRequest>
         <v1:messageContext>
            <v11:messageId>${=import static java.util.UUID.randomUUID; uuid = randomUUID() as String}</v11:messageId>
            <!--Optional:-->
            <v11:timestamp>${=new java.text.SimpleDateFormat("yyyy-MM-dd'T'HH:mm:ss.SSS").format(new Date())}</v11:timestamp>
         </v1:messageContext>
         <v1:legalContext>ServiceIntegrator</v1:legalContext>
         <v1:request>
            <v1:ssin>84072002128</v1:ssin>
            <v1:emittingPartner>0457419435</v1:emittingPartner>
            <v1:language>NL</v1:language>
            <v1:forceCreation>true</v1:forceCreation>
         </v1:request>
      </v1:createCardRequest>
   </soapenv:Body>
</soapenv:Envelope>]]></con:request><con:assertion type="SOAP Fault Assertion" id="40861ead-72ce-4b16-93e7-dc22ada321a9" name="Not SOAP Fault"/><con:assertion type="SOAP Response" id="0206b301-5121-47fc-9192-2a62352485a5" name="SOAP Response"/><con:assertion type="Schema Compliance" id="25b642ef-4bcb-4bdf-be25-35ee32ec9f28" name="Schema Compliance"><con:configuration/></con:assertion><con:wsaConfig action="http://fidus.brussels/services/europeandisabilitycardservice/createCard"/></con:request></con:config></con:testStep><con:testStep type="request" id="ea387629-23c4-4301-a01c-4381386f5a57" name="testcase03 - Test - Worker2 - Request"><con:settings/><con:config xsi:type="con:RequestStep" xmlns:xsi="http://www.w3.org/2001/XMLSchema-instance"><con:interface>EuropeanDisabilityCardServiceHTTPBinding</con:interface><con:operation>createCard</con:operation><con:request name="testcase03 - Test - Worker2 - Request" id="86434b00-28f4-4726-a62f-e7573bbcce95" outgoingWss="Outflow TEST"><con:settings/><con:encoding>UTF-8</con:encoding><con:endpoint>http://fidus.brussels/services/europeandisabilitycardservice/v2</con:endpoint><con:request><![CDATA[<soapenv:Envelope xmlns:soapenv="http://schemas.xmlsoap.org/soap/envelope/" xmlns:v1="http://fidus.brussels/service/europeandisabilitycardservice/messages/v1" xmlns:v11="http://fidus.brussels/type/common/messages/v1">
   <soapenv:Header/>
   <soapenv:Body>
      <v1:createCardRequest>
         <v1:messageContext>
            <v11:messageId>${=import static java.util.UUID.randomUUID; uuid = randomUUID() as String}</v11:messageId>
            <!--Optional:-->
            <v11:timestamp>${=new java.text.SimpleDateFormat("yyyy-MM-dd'T'HH:mm:ss.SSS").format(new Date())}</v11:timestamp>
         </v1:messageContext>
         <v1:legalContext>ServiceIntegrator</v1:legalContext>
         <v1:request>
            <v1:ssin>84072002128</v1:ssin>
            <v1:emittingPartner>0646877855</v1:emittingPartner>
            <v1:language>NL</v1:language>
            <v1:forceCreation>true</v1:forceCreation>
         </v1:request>
      </v1:createCardRequest>
   </soapenv:Body>
</soapenv:Envelope>]]></con:request><con:assertion type="SOAP Fault Assertion" id="3a09839c-d939-4d64-a19a-3aebb78a7a11" name="Not SOAP Fault"/><con:assertion type="SOAP Response" id="2949a829-5f62-4d6a-a839-cacf38b40f45" name="SOAP Response"/><con:assertion type="Schema Compliance" id="145b4246-9862-43d2-a00d-45779a9592cc" name="Schema Compliance"><con:configuration/></con:assertion><con:wsaConfig action="http://fidus.brussels/services/europeandisabilitycardservice/createCard"/></con:request></con:config></con:testStep><con:testStep type="request" id="b21f7013-3927-4597-8e66-85b9138f0c04" name="testcase03 - Test - External - Cancelled_SSIN - Request"><con:settings/><con:config xsi:type="con:RequestStep" xmlns:xsi="http://www.w3.org/2001/XMLSchema-instance"><con:interface>EuropeanDisabilityCardServiceHTTPBinding</con:interface><con:operation>createCard</con:operation><con:request name="testcase03 - Test - External - Cancelled_SSIN - Request" id="7474b94a-48a4-4cc1-ab10-383f7344b166" outgoingWss="Outflow TEST"><con:settings/><con:encoding>UTF-8</con:encoding><con:endpoint>http://fidus.brussels/services/europeandisabilitycardservice/v2</con:endpoint><con:request><![CDATA[<soapenv:Envelope xmlns:soapenv="http://schemas.xmlsoap.org/soap/envelope/" xmlns:v1="http://fidus.brussels/service/europeandisabilitycardservice/messages/v1" xmlns:v11="http://fidus.brussels/type/common/messages/v1">
   <soapenv:Header/>
   <soapenv:Body>
      <v1:createCardRequest>
         <v1:messageContext>
            <v11:messageId>${=import static java.util.UUID.randomUUID; uuid = randomUUID() as String}</v11:messageId>
            <!--Optional:-->
            <v11:timestamp>${=new java.text.SimpleDateFormat("yyyy-MM-dd'T'HH:mm:ss.SSS").format(new Date())}</v11:timestamp>
         </v1:messageContext>
         <v1:legalContext>ServiceIntegrator</v1:legalContext>
         <v1:request>
            <v1:ssin>49010193967</v1:ssin>
            <v1:emittingPartner>0457419435</v1:emittingPartner>
            <v1:language>NL</v1:language>
            <v1:forceCreation>false</v1:forceCreation>
         </v1:request>
      </v1:createCardRequest>
   </soapenv:Body>
</soapenv:Envelope>]]></con:request><con:assertion type="SOAP Fault Assertion" id="43de0857-783a-4926-91b6-ba2ab2fbf1d4" name="Not SOAP Fault"/><con:assertion type="SOAP Response" id="4ef24f0d-55e7-418b-9723-adcde24d7a62" name="SOAP Response"/><con:assertion type="Schema Compliance" id="bebd1255-024f-4c83-8bd9-53fdf76fe189" name="Schema Compliance"><con:configuration/></con:assertion><con:wsaConfig action="http://fidus.brussels/services/europeandisabilitycardservice/createCard"/></con:request></con:config></con:testStep><con:testStep type="request" id="cb0ea814-b50f-4911-934f-2e8b826e1210" name="testcase03 - Test - External - SSIN_DeceasedPerson - Request"><con:settings/><con:config xsi:type="con:RequestStep" xmlns:xsi="http://www.w3.org/2001/XMLSchema-instance"><con:interface>EuropeanDisabilityCardServiceHTTPBinding</con:interface><con:operation>createCard</con:operation><con:request name="testcase03 - Test - External - SSIN_DeceasedPerson - Request" id="a96c20a0-2c11-4a1d-b9e7-0ed04980fd5b" outgoingWss="Outflow TEST"><con:settings/><con:encoding>UTF-8</con:encoding><con:endpoint>http://fidus.brussels/services/europeandisabilitycardservice/v2</con:endpoint><con:request><![CDATA[<soapenv:Envelope xmlns:soapenv="http://schemas.xmlsoap.org/soap/envelope/" xmlns:v1="http://fidus.brussels/service/europeandisabilitycardservice/messages/v1" xmlns:v11="http://fidus.brussels/type/common/messages/v1">
   <soapenv:Header/>
   <soapenv:Body>
      <v1:createCardRequest>
         <v1:messageContext>
            <v11:messageId>${=import static java.util.UUID.randomUUID; uuid = randomUUID() as String}</v11:messageId>
            <!--Optional:-->
            <v11:timestamp>${=new java.text.SimpleDateFormat("yyyy-MM-dd'T'HH:mm:ss.SSS").format(new Date())}</v11:timestamp>
         </v1:messageContext>
         <v1:legalContext>ServiceIntegrator</v1:legalContext>
         <v1:request>
            <v1:ssin>18100808031</v1:ssin>
            <v1:emittingPartner>0457419435</v1:emittingPartner>
            <v1:language>NL</v1:language>
            <v1:forceCreation>false</v1:forceCreation>
         </v1:request>
      </v1:createCardRequest>
   </soapenv:Body>
</soapenv:Envelope>]]></con:request><con:assertion type="SOAP Fault Assertion" id="44d25d61-20a0-46ba-be6b-c2a7e22f9040" name="Not SOAP Fault"/><con:assertion type="SOAP Response" id="47ab41cc-c321-4395-a777-b0b6ab6aa430" name="SOAP Response"/><con:assertion type="Schema Compliance" id="98f084e8-f510-4fff-8155-02a1ce7dfb99" name="Schema Compliance"><con:configuration/></con:assertion><con:wsaConfig action="http://fidus.brussels/services/europeandisabilitycardservice/createCard"/></con:request></con:config></con:testStep><con:testStep type="request" id="4446bf3b-06ec-4f9f-8085-7845795adb1a" name="testcase03 - Test - External - CBE_NotValid_EmittingPartner - Request"><con:settings/><con:config xsi:type="con:RequestStep" xmlns:xsi="http://www.w3.org/2001/XMLSchema-instance"><con:interface>EuropeanDisabilityCardServiceHTTPBinding</con:interface><con:operation>createCard</con:operation><con:request name="testcase03 - Test - External - CBE_NotValid_EmittingPartner - Request" id="744d8939-74c8-4e22-a867-c43bd5360894" outgoingWss="Outflow TEST"><con:settings/><con:encoding>UTF-8</con:encoding><con:endpoint>http://fidus.brussels/services/europeandisabilitycardservice/v2</con:endpoint><con:request><![CDATA[<soapenv:Envelope xmlns:soapenv="http://schemas.xmlsoap.org/soap/envelope/" xmlns:v1="http://fidus.brussels/service/europeandisabilitycardservice/messages/v1" xmlns:v11="http://fidus.brussels/type/common/messages/v1">
   <soapenv:Header/>
   <soapenv:Body>
      <v1:createCardRequest>
         <v1:messageContext>
            <v11:messageId>${=import static java.util.UUID.randomUUID; uuid = randomUUID() as String}</v11:messageId>
            <!--Optional:-->
            <v11:timestamp>${=new java.text.SimpleDateFormat("yyyy-MM-dd'T'HH:mm:ss.SSS").format(new Date())}</v11:timestamp>
         </v1:messageContext>
         <v1:legalContext>ServiceIntegrator</v1:legalContext>
         <v1:request>
            <v1:ssin>50081133058</v1:ssin>
            <v1:emittingPartner>0887164275</v1:emittingPartner>
            <v1:language>NL</v1:language>
            <v1:forceCreation>false</v1:forceCreation>
         </v1:request>
      </v1:createCardRequest>
   </soapenv:Body>
</soapenv:Envelope>]]></con:request><con:assertion type="SOAP Fault Assertion" id="32fa6c2a-f516-47ea-858c-fcb14cfbb7c4" name="Not SOAP Fault"/><con:assertion type="SOAP Response" id="351901ab-0f33-44fb-8f0d-bfe853b849f9" name="SOAP Response"/><con:assertion type="Schema Compliance" id="f0f9f5dc-f70c-4922-aa05-a43e738a9147" name="Schema Compliance"><con:configuration/></con:assertion><con:wsaConfig action="http://fidus.brussels/services/europeandisabilitycardservice/createCard"/></con:request></con:config></con:testStep><con:testStep type="request" id="4ac5a70d-b5b1-489b-a8f5-da5eedcb6f4f" name="testcase03 - Test - External - ActiveCard_Other_EmittingPartner - Request"><con:settings/><con:config xsi:type="con:RequestStep" xmlns:xsi="http://www.w3.org/2001/XMLSchema-instance"><con:interface>EuropeanDisabilityCardServiceHTTPBinding</con:interface><con:operation>createCard</con:operation><con:request name="testcase03 - Test - External - ActiveCard_Other_EmittingPartner - Request" id="77c3e40a-106a-4a44-9a66-8b024373deaa" outgoingWss="Outflow TEST"><con:settings/><con:encoding>UTF-8</con:encoding><con:endpoint>http://fidus.brussels/services/europeandisabilitycardservice/v2</con:endpoint><con:request><![CDATA[<soapenv:Envelope xmlns:soapenv="http://schemas.xmlsoap.org/soap/envelope/" xmlns:v1="http://fidus.brussels/service/europeandisabilitycardservice/messages/v1" xmlns:v11="http://fidus.brussels/type/common/messages/v1">
   <soapenv:Header/>
   <soapenv:Body>
      <v1:createCardRequest>
         <v1:messageContext>
            <v11:messageId>${=import static java.util.UUID.randomUUID; uuid = randomUUID() as String}</v11:messageId>
            <!--Optional:-->
            <v11:timestamp>${=new java.text.SimpleDateFormat("yyyy-MM-dd'T'HH:mm:ss.SSS").format(new Date())}</v11:timestamp>
         </v1:messageContext>
         <v1:legalContext>ServiceIntegrator</v1:legalContext>
         <v1:request>
            <v1:ssin>50081133058</v1:ssin>
            <v1:emittingPartner>0457419435</v1:emittingPartner>
            <v1:language>NL</v1:language>
            <v1:forceCreation>false</v1:forceCreation>
         </v1:request>
      </v1:createCardRequest>
   </soapenv:Body>
</soapenv:Envelope>]]></con:request><con:assertion type="SOAP Fault Assertion" id="b3fe138a-9312-4238-8536-03508f631b7b" name="Not SOAP Fault"/><con:assertion type="SOAP Response" id="203aed7e-928b-4ec6-b92e-8f8f82f478fc" name="SOAP Response"/><con:assertion type="Schema Compliance" id="f63c4756-10a8-407c-b523-87407cc11228" name="Schema Compliance"><con:configuration/></con:assertion><con:wsaConfig action="http://fidus.brussels/services/europeandisabilitycardservice/createCard"/></con:request></con:config></con:testStep><con:testStep type="request" id="d5ad0bf5-5a23-4775-97af-99e66397b3e4" name="testcase03 - Test - External - CreateCard - Request"><con:settings/><con:config xsi:type="con:RequestStep" xmlns:xsi="http://www.w3.org/2001/XMLSchema-instance"><con:interface>EuropeanDisabilityCardServiceHTTPBinding</con:interface><con:operation>createCard</con:operation><con:request name="testcase03 - Test - External - CreateCard - Request" id="c1f57e0c-872b-46d7-be94-3b887f8413bd" outgoingWss="Outflow TEST"><con:settings/><con:encoding>UTF-8</con:encoding><con:endpoint>http://fidus.brussels/services/europeandisabilitycardservice/v2</con:endpoint><con:request><![CDATA[<soapenv:Envelope xmlns:soapenv="http://schemas.xmlsoap.org/soap/envelope/" xmlns:v1="http://fidus.brussels/service/europeandisabilitycardservice/messages/v1" xmlns:v11="http://fidus.brussels/type/common/messages/v1">
   <soapenv:Header/>
   <soapenv:Body>
      <v1:createCardRequest>
         <v1:messageContext>
            <v11:messageId>${=import static java.util.UUID.randomUUID; uuid = randomUUID() as String}</v11:messageId>
            <!--Optional:-->
            <v11:timestamp>${=new java.text.SimpleDateFormat("yyyy-MM-dd'T'HH:mm:ss.SSS").format(new Date())}</v11:timestamp>
         </v1:messageContext>
         <v1:legalContext>ServiceIntegrator</v1:legalContext>
         <v1:request>
            <v1:ssin>91040526866</v1:ssin>
            <v1:emittingPartner>0457419435</v1:emittingPartner>
            <v1:language>NL</v1:language>
            <v1:forceCreation>true</v1:forceCreation>
         </v1:request>
      </v1:createCardRequest>
   </soapenv:Body>
</soapenv:Envelope>]]></con:request><con:assertion type="SOAP Fault Assertion" id="fbdf5629-7b2c-40b8-97a1-7490d1805330" name="Not SOAP Fault"/><con:assertion type="SOAP Response" id="f63b6425-b236-4662-bcaa-76266884518c" name="SOAP Response"/><con:assertion type="Schema Compliance" id="5d9e8191-c56c-4321-8f7d-4bdfb28177af" name="Schema Compliance"><con:configuration/></con:assertion><con:wsaConfig action="http://fidus.brussels/services/europeandisabilitycardservice/createCard"/></con:request></con:config></con:testStep><con:testStep type="request" id="5528f27c-ff45-4022-a98b-72235bd2f295" name="testcase03 - Test - External - CreateNewCard_CardActive - Request"><con:settings/><con:config xsi:type="con:RequestStep" xmlns:xsi="http://www.w3.org/2001/XMLSchema-instance"><con:interface>EuropeanDisabilityCardServiceHTTPBinding</con:interface><con:operation>createCard</con:operation><con:request name="testcase03 - Test - External - CreateNewCard_CardActive - Request" id="7b0d72d3-d38f-4c6a-ac56-7feba2de9416" outgoingWss="Outflow TEST"><con:settings/><con:encoding>UTF-8</con:encoding><con:endpoint>http://fidus.brussels/services/europeandisabilitycardservice/v2</con:endpoint><con:request><![CDATA[<soapenv:Envelope xmlns:soapenv="http://schemas.xmlsoap.org/soap/envelope/" xmlns:v1="http://fidus.brussels/service/europeandisabilitycardservice/messages/v1" xmlns:v11="http://fidus.brussels/type/common/messages/v1">
   <soapenv:Header/>
   <soapenv:Body>
      <v1:createCardRequest>
         <v1:messageContext>
            <v11:messageId>${=import static java.util.UUID.randomUUID; uuid = randomUUID() as String}</v11:messageId>
            <!--Optional:-->
            <v11:timestamp>${=new java.text.SimpleDateFormat("yyyy-MM-dd'T'HH:mm:ss.SSS").format(new Date())}</v11:timestamp>
         </v1:messageContext>
         <v1:legalContext>ServiceIntegrator</v1:legalContext>
         <v1:request>
            <v1:ssin>84010118405</v1:ssin>
            <v1:emittingPartner>0457419435</v1:emittingPartner>
            <v1:language>NL</v1:language>
            <v1:forceCreation>false</v1:forceCreation>
         </v1:request>
      </v1:createCardRequest>
   </soapenv:Body>
</soapenv:Envelope>]]></con:request><con:assertion type="SOAP Fault Assertion" id="0535deb4-3e95-41a0-a55f-cfd174aacfbe" name="Not SOAP Fault"/><con:assertion type="SOAP Response" id="c9488e34-6c4a-488b-a362-6b9308a73dfc" name="SOAP Response"/><con:assertion type="Schema Compliance" id="41e50e19-840d-41a1-8da4-08e396c79158" name="Schema Compliance"><con:configuration/></con:assertion><con:wsaConfig action="http://fidus.brussels/services/europeandisabilitycardservice/createCard"/></con:request></con:config></con:testStep><con:testStep type="request" id="0046f1f6-19ce-4341-94e4-df418c07958b" name="testcase03 - Test - External - ForceCreateNewCard - Request"><con:settings/><con:config xsi:type="con:RequestStep" xmlns:xsi="http://www.w3.org/2001/XMLSchema-instance"><con:interface>EuropeanDisabilityCardServiceHTTPBinding</con:interface><con:operation>createCard</con:operation><con:request name="testcase03 - Test - External - ForceCreateNewCard - Request" id="c4f1ca55-55a7-41ae-97c5-31a5821ceb6a" outgoingWss="Outflow TEST"><con:settings/><con:encoding>UTF-8</con:encoding><con:endpoint>http://fidus.brussels/services/europeandisabilitycardservice/v2</con:endpoint><con:request><![CDATA[<soapenv:Envelope xmlns:soapenv="http://schemas.xmlsoap.org/soap/envelope/" xmlns:v1="http://fidus.brussels/service/europeandisabilitycardservice/messages/v1" xmlns:v11="http://fidus.brussels/type/common/messages/v1">
   <soapenv:Header/>
   <soapenv:Body>
      <v1:createCardRequest>
         <v1:messageContext>
            <v11:messageId>${=import static java.util.UUID.randomUUID; uuid = randomUUID() as String}</v11:messageId>
            <!--Optional:-->
            <v11:timestamp>${=new java.text.SimpleDateFormat("yyyy-MM-dd'T'HH:mm:ss.SSS").format(new Date())}</v11:timestamp>
         </v1:messageContext>
         <v1:legalContext>ServiceIntegrator</v1:legalContext>
         <v1:request>
            <v1:ssin>50081133058</v1:ssin>
            <v1:emittingPartner>0457419435</v1:emittingPartner>
            <v1:language>NL</v1:language>
            <v1:forceCreation>true</v1:forceCreation>
         </v1:request>
      </v1:createCardRequest>
   </soapenv:Body>
</soapenv:Envelope>]]></con:request><con:assertion type="SOAP Fault Assertion" id="7188b163-72b7-4508-b3ac-ea4556f88d56" name="Not SOAP Fault"/><con:assertion type="SOAP Response" id="84952725-11d7-44b6-9519-2e2559e6172c" name="SOAP Response"/><con:assertion type="Schema Compliance" id="cb0e7edb-685d-4a9f-b87e-aa9569fe5ab6" name="Schema Compliance"><con:configuration/></con:assertion><con:wsaConfig action="http://fidus.brussels/services/europeandisabilitycardservice/createCard"/></con:request></con:config></con:testStep><con:testStep type="request" id="31a8b649-9e69-4766-87e8-cda1940c4746" name="testcase03 - Test - External - 30.ForceCreateNewCard - Request"><con:settings/><con:config xsi:type="con:RequestStep" xmlns:xsi="http://www.w3.org/2001/XMLSchema-instance"><con:interface>EuropeanDisabilityCardServiceHTTPBinding</con:interface><con:operation>createCard</con:operation><con:request name="testcase03 - Test - External - 30.ForceCreateNewCard - Request" id="4a99a400-95b3-450d-a0a6-e8d725b42382" outgoingWss="Outflow TEST"><con:settings/><con:encoding>UTF-8</con:encoding><con:endpoint>http://fidus.brussels/services/europeandisabilitycardservice/v2</con:endpoint><con:request><![CDATA[<soapenv:Envelope xmlns:soapenv="http://schemas.xmlsoap.org/soap/envelope/" xmlns:v1="http://fidus.brussels/service/europeandisabilitycardservice/messages/v1" xmlns:v11="http://fidus.brussels/type/common/messages/v1">
   <soapenv:Header/>
   <soapenv:Body>
      <v1:createCardRequest>
         <v1:messageContext>
            <v11:messageId>${=import static java.util.UUID.randomUUID; uuid = randomUUID() as String}</v11:messageId>
            <!--Optional:-->
            <v11:timestamp>${=new java.text.SimpleDateFormat("yyyy-MM-dd'T'HH:mm:ss.SSS").format(new Date())}</v11:timestamp>
         </v1:messageContext>
         <v1:legalContext>ServiceIntegrator</v1:legalContext>
         <v1:request>
            <v1:ssin>67052624133</v1:ssin>
            <v1:emittingPartner>0457419435</v1:emittingPartner>
            <v1:language>NL</v1:language>
            <v1:forceCreation>true</v1:forceCreation>
         </v1:request>
      </v1:createCardRequest>
   </soapenv:Body>
</soapenv:Envelope>]]></con:request><con:assertion type="SOAP Fault Assertion" id="48aa29c7-29cb-43a1-870e-05d24f1e9dd7" name="Not SOAP Fault"/><con:assertion type="SOAP Response" id="93186faa-2506-42dc-9a38-77dfc44e43aa" name="SOAP Response"/><con:assertion type="Schema Compliance" id="cf749120-5015-4f61-8d23-de13dfb6e3b4" name="Schema Compliance"><con:configuration/></con:assertion><con:wsaConfig action="http://fidus.brussels/services/europeandisabilitycardservice/createCard"/></con:request></con:config></con:testStep><con:testStep type="request" id="12b89149-3cc2-4d02-91d3-850234ec5113" name="testcase03 - Test - External - 31.CreateCard_CancelledCard - Request"><con:settings/><con:config xsi:type="con:RequestStep" xmlns:xsi="http://www.w3.org/2001/XMLSchema-instance"><con:interface>EuropeanDisabilityCardServiceHTTPBinding</con:interface><con:operation>createCard</con:operation><con:request name="testcase03 - Test - External - 31.CreateCard_CancelledCard - Request" id="7d0d9012-63a8-446d-b636-7a7059dc7076" outgoingWss="Outflow TEST"><con:settings/><con:encoding>UTF-8</con:encoding><con:endpoint>http://fidus.brussels/services/europeandisabilitycardservice/v2</con:endpoint><con:request><![CDATA[<soapenv:Envelope xmlns:soapenv="http://schemas.xmlsoap.org/soap/envelope/" xmlns:v1="http://fidus.brussels/service/europeandisabilitycardservice/messages/v1" xmlns:v11="http://fidus.brussels/type/common/messages/v1">
   <soapenv:Header/>
   <soapenv:Body>
      <v1:createCardRequest>
         <v1:messageContext>
            <v11:messageId>${=import static java.util.UUID.randomUUID; uuid = randomUUID() as String}</v11:messageId>
            <!--Optional:-->
            <v11:timestamp>${=new java.text.SimpleDateFormat("yyyy-MM-dd'T'HH:mm:ss.SSS").format(new Date())}</v11:timestamp>
         </v1:messageContext>
         <v1:legalContext>ServiceIntegrator</v1:legalContext>
         <v1:request>
            <v1:ssin>64061324572</v1:ssin>
            <v1:emittingPartner>0457419435</v1:emittingPartner>
            <v1:language>NL</v1:language>
            <v1:forceCreation>false</v1:forceCreation>
         </v1:request>
      </v1:createCardRequest>
   </soapenv:Body>
</soapenv:Envelope>]]></con:request><con:assertion type="SOAP Fault Assertion" id="23401543-3b75-44a9-a1f6-8a61b53442b3" name="Not SOAP Fault"/><con:assertion type="SOAP Response" id="c98caf86-11d4-47d2-83ce-a9e0008de498" name="SOAP Response"/><con:assertion type="Schema Compliance" id="6705c402-f091-40d3-baaa-a84683479477" name="Schema Compliance"><con:configuration/></con:assertion><con:wsaConfig action="http://fidus.brussels/services/europeandisabilitycardservice/createCard"/></con:request></con:config></con:testStep><con:testStep type="request" id="36e77f42-9672-4a9b-ae9b-bdf301deec36" name="testcase03 - Test - External - 32.ForcedCreateCard_ActiveCard - Request"><con:settings/><con:config xsi:type="con:RequestStep" xmlns:xsi="http://www.w3.org/2001/XMLSchema-instance"><con:interface>EuropeanDisabilityCardServiceHTTPBinding</con:interface><con:operation>createCard</con:operation><con:request name="testcase03 - Test - External - 32.ForcedCreateCard_ActiveCard - Request" id="a5933df0-41a4-4565-bc6b-685dff611486" outgoingWss="Outflow TEST"><con:settings/><con:encoding>UTF-8</con:encoding><con:endpoint>http://fidus.brussels/services/europeandisabilitycardservice/v2</con:endpoint><con:request><![CDATA[<soapenv:Envelope xmlns:soapenv="http://schemas.xmlsoap.org/soap/envelope/" xmlns:v1="http://fidus.brussels/service/europeandisabilitycardservice/messages/v1" xmlns:v11="http://fidus.brussels/type/common/messages/v1">
   <soapenv:Header/>
   <soapenv:Body>
      <v1:createCardRequest>
         <v1:messageContext>
            <v11:messageId>${=import static java.util.UUID.randomUUID; uuid = randomUUID() as String}</v11:messageId>
            <!--Optional:-->
            <v11:timestamp>${=new java.text.SimpleDateFormat("yyyy-MM-dd'T'HH:mm:ss.SSS").format(new Date())}</v11:timestamp>
         </v1:messageContext>
         <v1:legalContext>ServiceIntegrator</v1:legalContext>
         <v1:request>
            <v1:ssin>64061324572</v1:ssin>
            <v1:emittingPartner>0457419435</v1:emittingPartner>
            <v1:language>NL</v1:language>
            <v1:forceCreation>true</v1:forceCreation>
         </v1:request>
      </v1:createCardRequest>
   </soapenv:Body>
</soapenv:Envelope>]]></con:request><con:assertion type="SOAP Fault Assertion" id="41e5df68-5b40-4c31-a1d1-5a04f4c37303" name="Not SOAP Fault"/><con:assertion type="SOAP Response" id="82947963-ad73-431b-8098-686e93149577" name="SOAP Response"/><con:assertion type="Schema Compliance" id="d512b7fc-78fc-49a8-9635-0e31ff81b29b" name="Schema Compliance"><con:configuration/></con:assertion><con:wsaConfig action="http://fidus.brussels/services/europeandisabilitycardservice/createCard"/></con:request></con:config></con:testStep><con:properties/></con:testCase><con:testCase id="aae5b97a-eed4-443b-9848-dca001b8fb4e" failOnError="true" failTestCaseOnErrors="true" keepSession="false" maxResults="0" name="stopOrCancelCard" searchProperties="true"><con:settings/><con:testStep type="request" id="a8038e8b-ee34-4f58-8878-ed7ead2ed098" name="testcase03 - Test - External - 35.CBE_NoValidEmittingPartner - Request"><con:settings/><con:config xsi:type="con:RequestStep" xmlns:xsi="http://www.w3.org/2001/XMLSchema-instance"><con:interface>EuropeanDisabilityCardServiceHTTPBinding</con:interface><con:operation>stopOrCancelCard</con:operation><con:request name="testcase03 - Test - External - 35.CBE_NoValidEmittingPartner - Request" id="020d8401-9a24-473a-91f1-d2ae7a4a1e25" outgoingWss="Outflow TEST"><con:settings/><con:encoding>UTF-8</con:encoding><con:endpoint>http://fidus.brussels/services/europeandisabilitycardservice/v2</con:endpoint><con:request><![CDATA[<soapenv:Envelope xmlns:soapenv="http://schemas.xmlsoap.org/soap/envelope/" xmlns:v1="http://fidus.brussels/service/europeandisabilitycardservice/messages/v1" xmlns:v11="http://fidus.brussels/type/common/messages/v1">
   <soapenv:Header/>
   <soapenv:Body>
      <v1:stopOrCancelCardRequest>
         <v1:messageContext>
            <v11:messageId>${=import static java.util.UUID.randomUUID; uuid = randomUUID() as String}</v11:messageId>
            <!--Optional:-->
            <v11:timestamp>${=new java.text.SimpleDateFormat("yyyy-MM-dd'T'HH:mm:ss.SSS").format(new Date())}</v11:timestamp>
         </v1:messageContext>
         <v1:legalContext>ServiceIntegrator</v1:legalContext>
         <v1:request>            
            <v1:cardNumber>10000000115</v1:cardNumber>
            <v1:emittingPartner>0646877855</v1:emittingPartner>
         </v1:request>
      </v1:stopOrCancelCardRequest>
   </soapenv:Body>
</soapenv:Envelope>]]></con:request><con:assertion type="SOAP Fault Assertion" id="116fd9a8-3dfa-4725-992b-c526481902a7" name="Not SOAP Fault"/><con:assertion type="SOAP Response" id="4057a3db-d449-4878-a129-472bc381232b" name="SOAP Response"/><con:assertion type="Schema Compliance" id="bc06118e-3908-4417-b03d-b1357601c2ee" name="Schema Compliance"><con:configuration/></con:assertion><con:wsaConfig action="http://fidus.brussels/services/europeandisabilitycardservice/stopOrCancelCard"/></con:request></con:config></con:testStep><con:testStep type="request" id="237e24bf-0cfc-48e4-920d-4c377e5cfb2d" name="testcase03 - Test - LB - Request"><con:settings/><con:config xsi:type="con:RequestStep" xmlns:xsi="http://www.w3.org/2001/XMLSchema-instance"><con:interface>EuropeanDisabilityCardServiceHTTPBinding</con:interface><con:operation>stopOrCancelCard</con:operation><con:request name="testcase03 - Test - LB - Request" id="19bae4ed-d938-4a34-8b7d-3e355fc55bb5" outgoingWss="Outflow TEST"><con:settings/><con:encoding>UTF-8</con:encoding><con:endpoint>http://fidus.brussels/services/europeandisabilitycardservice/v2</con:endpoint><con:request><![CDATA[<soapenv:Envelope xmlns:soapenv="http://schemas.xmlsoap.org/soap/envelope/" xmlns:v1="http://fidus.brussels/service/europeandisabilitycardservice/messages/v1" xmlns:v11="http://fidus.brussels/type/common/messages/v1">
   <soapenv:Header/>
   <soapenv:Body>
      <v1:stopOrCancelCardRequest>
         <v1:messageContext>
            <v11:messageId>${=import static java.util.UUID.randomUUID; uuid = randomUUID() as String}</v11:messageId>
            <!--Optional:-->
            <v11:timestamp>${=new java.text.SimpleDateFormat("yyyy-MM-dd'T'HH:mm:ss.SSS").format(new Date())}</v11:timestamp>
         </v1:messageContext>
         <v1:legalContext>ServiceIntegrator</v1:legalContext>
         <v1:request>            
            <v1:cardNumber>10000000115</v1:cardNumber>
            <v1:emittingPartner>0646877855</v1:emittingPartner>
         </v1:request>
      </v1:stopOrCancelCardRequest>
   </soapenv:Body>
</soapenv:Envelope>]]></con:request><con:assertion type="SOAP Fault Assertion" id="dab616d1-c46e-4132-8707-8634332efdb1" name="Not SOAP Fault"/><con:assertion type="SOAP Response" id="f7bca062-5a0f-4224-8947-ca782f8d67b0" name="SOAP Response"/><con:assertion type="Schema Compliance" id="f134fc9d-a0f4-4008-a9d4-894c3fabb297" name="Schema Compliance"><con:configuration/></con:assertion><con:wsaConfig action="http://fidus.brussels/services/europeandisabilitycardservice/stopOrCancelCard"/></con:request></con:config></con:testStep><con:testStep type="request" id="27330410-0d11-4db7-a095-95e840137b80" name="testcase03 - Test - Worker1 - Request"><con:settings/><con:config xsi:type="con:RequestStep" xmlns:xsi="http://www.w3.org/2001/XMLSchema-instance"><con:interface>EuropeanDisabilityCardServiceHTTPBinding</con:interface><con:operation>stopOrCancelCard</con:operation><con:request name="testcase03 - Test - Worker1 - Request" id="a60895f2-bd71-4922-aca7-7778a7435cdd" outgoingWss="Outflow TEST"><con:settings/><con:encoding>UTF-8</con:encoding><con:endpoint>http://fidus.brussels/services/europeandisabilitycardservice/v2</con:endpoint><con:request><![CDATA[<soapenv:Envelope xmlns:soapenv="http://schemas.xmlsoap.org/soap/envelope/" xmlns:v1="http://fidus.brussels/service/europeandisabilitycardservice/messages/v1" xmlns:v11="http://fidus.brussels/type/common/messages/v1">
   <soapenv:Header/>
   <soapenv:Body>
      <v1:stopOrCancelCardRequest>
         <v1:messageContext>
            <v11:messageId>${=import static java.util.UUID.randomUUID; uuid = randomUUID() as String}</v11:messageId>
            <!--Optional:-->
            <v11:timestamp>${=new java.text.SimpleDateFormat("yyyy-MM-dd'T'HH:mm:ss.SSS").format(new Date())}</v11:timestamp>
         </v1:messageContext>
         <v1:legalContext>ServiceIntegrator</v1:legalContext>
         <v1:request>            
            <v1:cardNumber>10000000115</v1:cardNumber>
            <v1:emittingPartner>0646877855</v1:emittingPartner>
         </v1:request>
      </v1:stopOrCancelCardRequest>
   </soapenv:Body>
</soapenv:Envelope>]]></con:request><con:assertion type="SOAP Fault Assertion" id="13ab1f03-47d8-42c7-982d-1cc4f8eead8b" name="Not SOAP Fault"/><con:assertion type="SOAP Response" id="99318dfe-1f19-480e-ab2c-dc4ef28fab6f" name="SOAP Response"/><con:assertion type="Schema Compliance" id="c38b6571-3604-4aa7-9a89-cdb3276730d7" name="Schema Compliance"><con:configuration/></con:assertion><con:wsaConfig action="http://fidus.brussels/services/europeandisabilitycardservice/stopOrCancelCard"/></con:request></con:config></con:testStep><con:testStep type="request" id="26b9df00-74dc-4b6d-b97c-77c1dab398fa" name="testcase03 - Test - Worker2 - Request"><con:settings/><con:config xsi:type="con:RequestStep" xmlns:xsi="http://www.w3.org/2001/XMLSchema-instance"><con:interface>EuropeanDisabilityCardServiceHTTPBinding</con:interface><con:operation>stopOrCancelCard</con:operation><con:request name="testcase03 - Test - Worker2 - Request" id="9474ef15-6550-48d1-b9bf-c7c322affd3b" outgoingWss="Outflow TEST"><con:settings/><con:encoding>UTF-8</con:encoding><con:endpoint>http://fidus.brussels/services/europeandisabilitycardservice/v2</con:endpoint><con:request><![CDATA[<soapenv:Envelope xmlns:soapenv="http://schemas.xmlsoap.org/soap/envelope/" xmlns:v1="http://fidus.brussels/service/europeandisabilitycardservice/messages/v1" xmlns:v11="http://fidus.brussels/type/common/messages/v1">
   <soapenv:Header/>
   <soapenv:Body>
      <v1:stopOrCancelCardRequest>
         <v1:messageContext>
            <v11:messageId>${=import static java.util.UUID.randomUUID; uuid = randomUUID() as String}</v11:messageId>
            <!--Optional:-->
            <v11:timestamp>${=new java.text.SimpleDateFormat("yyyy-MM-dd'T'HH:mm:ss.SSS").format(new Date())}</v11:timestamp>
         </v1:messageContext>
         <v1:legalContext>ServiceIntegrator</v1:legalContext>
         <v1:request>            
            <v1:cardNumber>10000000115</v1:cardNumber>
            <v1:emittingPartner>0646877855</v1:emittingPartner>
         </v1:request>
      </v1:stopOrCancelCardRequest>
   </soapenv:Body>
</soapenv:Envelope>]]></con:request><con:assertion type="SOAP Fault Assertion" id="a95afc38-14d2-40ca-8498-62474b9dc9da" name="Not SOAP Fault"/><con:assertion type="SOAP Response" id="1139ac69-cf74-480b-b190-65196bb791d0" name="SOAP Response"/><con:assertion type="Schema Compliance" id="c0820d05-c31b-421b-820e-9cc05d0baf3a" name="Schema Compliance"><con:configuration/></con:assertion><con:wsaConfig action="http://fidus.brussels/services/europeandisabilitycardservice/stopOrCancelCard"/></con:request></con:config></con:testStep><con:testStep type="request" id="2bdde73a-1645-4713-b3a0-b90eada5a30b" name="testcase03 - Test - External - 36.Cardnr_notExist - Request"><con:settings/><con:config xsi:type="con:RequestStep" xmlns:xsi="http://www.w3.org/2001/XMLSchema-instance"><con:interface>EuropeanDisabilityCardServiceHTTPBinding</con:interface><con:operation>stopOrCancelCard</con:operation><con:request name="testcase03 - Test - External - 36.Cardnr_notExist - Request" id="247cd214-ebec-4e60-b976-ab5410d92b01" outgoingWss="Outflow TEST"><con:settings/><con:encoding>UTF-8</con:encoding><con:endpoint>http://fidus.brussels/services/europeandisabilitycardservice/v2</con:endpoint><con:request><![CDATA[<soapenv:Envelope xmlns:soapenv="http://schemas.xmlsoap.org/soap/envelope/" xmlns:v1="http://fidus.brussels/service/europeandisabilitycardservice/messages/v1" xmlns:v11="http://fidus.brussels/type/common/messages/v1">
   <soapenv:Header/>
   <soapenv:Body>
      <v1:stopOrCancelCardRequest>
         <v1:messageContext>
            <v11:messageId>${=import static java.util.UUID.randomUUID; uuid = randomUUID() as String}</v11:messageId>
            <!--Optional:-->
            <v11:timestamp>${=new java.text.SimpleDateFormat("yyyy-MM-dd'T'HH:mm:ss.SSS").format(new Date())}</v11:timestamp>
         </v1:messageContext>
         <v1:legalContext>ServiceIntegrator</v1:legalContext>
         <v1:request>            
            <v1:cardNumber>10000008726</v1:cardNumber>
            <v1:emittingPartner>0457419435</v1:emittingPartner>
         </v1:request>
      </v1:stopOrCancelCardRequest>
   </soapenv:Body>
</soapenv:Envelope>]]></con:request><con:assertion type="SOAP Fault Assertion" id="e4f05468-656c-4a5d-95f9-5b4261b69b73" name="Not SOAP Fault"/><con:assertion type="SOAP Response" id="267c3af9-084c-44af-9fdd-b7a6cc0f9f29" name="SOAP Response"/><con:assertion type="Schema Compliance" id="07c323a2-01af-4a55-a0cd-1be90c1e7202" name="Schema Compliance"><con:configuration/></con:assertion><con:wsaConfig action="http://fidus.brussels/services/europeandisabilitycardservice/stopOrCancelCard"/></con:request></con:config></con:testStep><con:testStep type="request" id="d4a0cf38-4d73-4837-b25f-a604b668e6ba" name="testcase03 - Test - External - CancelledCard - Request"><con:settings/><con:config xsi:type="con:RequestStep" xmlns:xsi="http://www.w3.org/2001/XMLSchema-instance"><con:interface>EuropeanDisabilityCardServiceHTTPBinding</con:interface><con:operation>stopOrCancelCard</con:operation><con:request name="testcase03 - Test - External - CancelledCard - Request" id="5ff4de8a-2aa5-498b-a444-963aa4d7df2a" outgoingWss="Outflow TEST"><con:settings/><con:encoding>UTF-8</con:encoding><con:endpoint>http://fidus.brussels/services/europeandisabilitycardservice/v2</con:endpoint><con:request><![CDATA[<soapenv:Envelope xmlns:soapenv="http://schemas.xmlsoap.org/soap/envelope/" xmlns:v1="http://fidus.brussels/service/europeandisabilitycardservice/messages/v1" xmlns:v11="http://fidus.brussels/type/common/messages/v1">
   <soapenv:Header/>
   <soapenv:Body>
      <v1:stopOrCancelCardRequest>
         <v1:messageContext>
            <v11:messageId>${=import static java.util.UUID.randomUUID; uuid = randomUUID() as String}</v11:messageId>
            <!--Optional:-->
            <v11:timestamp>${=new java.text.SimpleDateFormat("yyyy-MM-dd'T'HH:mm:ss.SSS").format(new Date())}</v11:timestamp>
         </v1:messageContext>
         <v1:legalContext>ServiceIntegrator</v1:legalContext>
         <v1:request>            
            <v1:cardNumber>10000018426</v1:cardNumber>
            <v1:emittingPartner>0457419435</v1:emittingPartner>
         </v1:request>
      </v1:stopOrCancelCardRequest>
   </soapenv:Body>
</soapenv:Envelope>]]></con:request><con:assertion type="SOAP Fault Assertion" id="9632e569-c412-4851-8225-c45d23016f2e" name="Not SOAP Fault"/><con:assertion type="SOAP Response" id="0e7c150c-1eab-4f30-b4a5-9f25e3a8d9f5" name="SOAP Response"/><con:assertion type="Schema Compliance" id="0e787ab9-b6bb-4212-bd2d-4bf0fe7a9d38" name="Schema Compliance"><con:configuration/></con:assertion><con:wsaConfig action="http://fidus.brussels/services/europeandisabilitycardservice/stopOrCancelCard"/></con:request></con:config></con:testStep><con:testStep type="request" id="13353529-b108-4054-997b-90c9fd71df68" name="testcase03 - Test - External - Cancel_ActiveCard - Request"><con:settings/><con:config xsi:type="con:RequestStep" xmlns:xsi="http://www.w3.org/2001/XMLSchema-instance"><con:interface>EuropeanDisabilityCardServiceHTTPBinding</con:interface><con:operation>stopOrCancelCard</con:operation><con:request name="testcase03 - Test - External - Cancel_ActiveCard - Request" id="6dc7df21-c0a8-4d2d-afd0-bcefb2d04ff0" outgoingWss="Outflow TEST"><con:settings/><con:encoding>UTF-8</con:encoding><con:endpoint>http://fidus.brussels/services/europeandisabilitycardservice/v2</con:endpoint><con:request><![CDATA[<soapenv:Envelope xmlns:soapenv="http://schemas.xmlsoap.org/soap/envelope/" xmlns:v1="http://fidus.brussels/service/europeandisabilitycardservice/messages/v1" xmlns:v11="http://fidus.brussels/type/common/messages/v1">
   <soapenv:Header/>
   <soapenv:Body>
      <v1:stopOrCancelCardRequest>
         <v1:messageContext>
            <v11:messageId>${=import static java.util.UUID.randomUUID; uuid = randomUUID() as String}</v11:messageId>
            <!--Optional:-->
            <v11:timestamp>${=new java.text.SimpleDateFormat("yyyy-MM-dd'T'HH:mm:ss.SSS").format(new Date())}</v11:timestamp>
         </v1:messageContext>
         <v1:legalContext>ServiceIntegrator</v1:legalContext>
         <v1:request>            
            <v1:cardNumber>10000018921</v1:cardNumber>
            <v1:emittingPartner>0457419435</v1:emittingPartner>
         </v1:request>
      </v1:stopOrCancelCardRequest>
   </soapenv:Body>
</soapenv:Envelope>]]></con:request><con:assertion type="SOAP Fault Assertion" id="3aa9e6f8-96f4-49de-92d8-416a90e020b5" name="Not SOAP Fault"/><con:assertion type="SOAP Response" id="76be298d-8943-42b0-8ae0-2642920cdd9e" name="SOAP Response"/><con:assertion type="Schema Compliance" id="bf04100f-9da8-4e21-93b3-2009fe12d987" name="Schema Compliance"><con:configuration/></con:assertion><con:wsaConfig action="http://fidus.brussels/services/europeandisabilitycardservice/stopOrCancelCard"/></con:request></con:config></con:testStep><con:testStep type="request" id="9bc54d53-1769-415f-927e-f7a62443112c" name="testcase03 - Test - External - 37.Cancel_CancelledCard - Request"><con:settings/><con:config xsi:type="con:RequestStep" xmlns:xsi="http://www.w3.org/2001/XMLSchema-instance"><con:interface>EuropeanDisabilityCardServiceHTTPBinding</con:interface><con:operation>stopOrCancelCard</con:operation><con:request name="testcase03 - Test - External - 37.Cancel_CancelledCard - Request" id="df200787-526c-4f3a-9dc6-90bfcb562bd5" outgoingWss="Outflow TEST"><con:settings/><con:encoding>UTF-8</con:encoding><con:endpoint>http://fidus.brussels/services/europeandisabilitycardservice/v2</con:endpoint><con:request><![CDATA[<soapenv:Envelope xmlns:soapenv="http://schemas.xmlsoap.org/soap/envelope/" xmlns:v1="http://fidus.brussels/service/europeandisabilitycardservice/messages/v1" xmlns:v11="http://fidus.brussels/type/common/messages/v1">
   <soapenv:Header/>
   <soapenv:Body>
      <v1:stopOrCancelCardRequest>
         <v1:messageContext>
            <v11:messageId>${=import static java.util.UUID.randomUUID; uuid = randomUUID() as String}</v11:messageId>
            <!--Optional:-->
            <v11:timestamp>${=new java.text.SimpleDateFormat("yyyy-MM-dd'T'HH:mm:ss.SSS").format(new Date())}</v11:timestamp>
         </v1:messageContext>
         <v1:legalContext>ServiceIntegrator</v1:legalContext>
         <v1:request>            
            <v1:cardNumber>10000007142</v1:cardNumber>
            <v1:emittingPartner>0457419435</v1:emittingPartner>
         </v1:request>
      </v1:stopOrCancelCardRequest>
   </soapenv:Body>
</soapenv:Envelope>]]></con:request><con:assertion type="SOAP Fault Assertion" id="9844091b-59d8-40e8-a1ba-ca5fd6fc86df" name="Not SOAP Fault"/><con:assertion type="SOAP Response" id="7475afb7-2856-4a0b-88aa-118b11feb1ed" name="SOAP Response"/><con:assertion type="Schema Compliance" id="dc4aa8f9-cf60-4d15-99d4-241c906ac85a" name="Schema Compliance"><con:configuration/></con:assertion><con:wsaConfig action="http://fidus.brussels/services/europeandisabilitycardservice/stopOrCancelCard"/></con:request></con:config></con:testStep><con:testStep type="request" id="48ed39cc-32d0-40c0-9e78-d8c8e3880bd2" name="testcase03 - Test - External - 38.Cancel_ActiveCard - Request"><con:settings/><con:config xsi:type="con:RequestStep" xmlns:xsi="http://www.w3.org/2001/XMLSchema-instance"><con:interface>EuropeanDisabilityCardServiceHTTPBinding</con:interface><con:operation>stopOrCancelCard</con:operation><con:request name="testcase03 - Test - External - 38.Cancel_ActiveCard - Request" id="fcc24c50-c934-49e1-b8ce-035a189b6341" outgoingWss="Outflow TEST"><con:settings/><con:encoding>UTF-8</con:encoding><con:endpoint>http://fidus.brussels/services/europeandisabilitycardservice/v2</con:endpoint><con:request><![CDATA[<soapenv:Envelope xmlns:soapenv="http://schemas.xmlsoap.org/soap/envelope/" xmlns:v1="http://fidus.brussels/service/europeandisabilitycardservice/messages/v1" xmlns:v11="http://fidus.brussels/type/common/messages/v1">
   <soapenv:Header/>
   <soapenv:Body>
      <v1:stopOrCancelCardRequest>
         <v1:messageContext>
            <v11:messageId>${=import static java.util.UUID.randomUUID; uuid = randomUUID() as String}</v11:messageId>
            <!--Optional:-->
            <v11:timestamp>${=new java.text.SimpleDateFormat("yyyy-MM-dd'T'HH:mm:ss.SSS").format(new Date())}</v11:timestamp>
         </v1:messageContext>
         <v1:legalContext>ServiceIntegrator</v1:legalContext>
         <v1:request>            
            <v1:cardNumber>10000033965</v1:cardNumber>
            <v1:emittingPartner>0457419435</v1:emittingPartner>
         </v1:request>
      </v1:stopOrCancelCardRequest>
   </soapenv:Body>
</soapenv:Envelope>]]></con:request><con:assertion type="SOAP Fault Assertion" id="65e63f77-7eff-4ef9-a722-a37554113ac9" name="Not SOAP Fault"/><con:assertion type="SOAP Response" id="2650a570-1e3a-4ee5-8b81-68076de231ee" name="SOAP Response"/><con:assertion type="Schema Compliance" id="5b820c7a-dd72-4814-9464-e1a61f9f06f3" name="Schema Compliance"><con:configuration/></con:assertion><con:wsaConfig action="http://fidus.brussels/services/europeandisabilitycardservice/stopOrCancelCard"/></con:request></con:config></con:testStep><con:testStep type="request" id="313e9e33-26c8-4875-854f-8f0abd1fccb4" name="testcase03 - Test - External - 39.CloseCard_inProcessing - Request"><con:settings/><con:config xsi:type="con:RequestStep" xmlns:xsi="http://www.w3.org/2001/XMLSchema-instance"><con:interface>EuropeanDisabilityCardServiceHTTPBinding</con:interface><con:operation>stopOrCancelCard</con:operation><con:request name="testcase03 - Test - External - 39.CloseCard_inProcessing - Request" id="94f797db-221f-420b-8c74-a2a44b395d23" outgoingWss="Outflow TEST"><con:settings/><con:encoding>UTF-8</con:encoding><con:endpoint>http://fidus.brussels/services/europeandisabilitycardservice/v2</con:endpoint><con:request><![CDATA[<soapenv:Envelope xmlns:soapenv="http://schemas.xmlsoap.org/soap/envelope/" xmlns:v1="http://fidus.brussels/service/europeandisabilitycardservice/messages/v1" xmlns:v11="http://fidus.brussels/type/common/messages/v1">
   <soapenv:Header/>
   <soapenv:Body>
      <v1:stopOrCancelCardRequest>
         <v1:messageContext>
            <v11:messageId>${=import static java.util.UUID.randomUUID; uuid = randomUUID() as String}</v11:messageId>
            <!--Optional:-->
            <v11:timestamp>${=new java.text.SimpleDateFormat("yyyy-MM-dd'T'HH:mm:ss.SSS").format(new Date())}</v11:timestamp>
         </v1:messageContext>
         <v1:legalContext>ServiceIntegrator</v1:legalContext>
         <v1:request>            
            <v1:cardNumber>84081632545</v1:cardNumber>
            <v1:emittingPartner>0457419435</v1:emittingPartner>
         </v1:request>
      </v1:stopOrCancelCardRequest>
   </soapenv:Body>
</soapenv:Envelope>]]></con:request><con:assertion type="SOAP Fault Assertion" id="06efd209-4e9d-4206-8085-481ac27e3674" name="Not SOAP Fault"/><con:assertion type="SOAP Response" id="64ce1103-9a48-4d7b-aa9e-fc65c21b4de0" name="SOAP Response"/><con:assertion type="Schema Compliance" id="e0621e7d-cd32-42b3-95db-607a43f4422c" name="Schema Compliance"><con:configuration/></con:assertion><con:wsaConfig action="http://fidus.brussels/services/europeandisabilitycardservice/stopOrCancelCard"/></con:request></con:config></con:testStep><con:testStep type="request" id="16d6d606-5e36-4bf5-b38f-a09074c38b84" name="testcase03 - Test - External - 40.CloseCard_in_SENT - Request"><con:settings/><con:config xsi:type="con:RequestStep" xmlns:xsi="http://www.w3.org/2001/XMLSchema-instance"><con:interface>EuropeanDisabilityCardServiceHTTPBinding</con:interface><con:operation>stopOrCancelCard</con:operation><con:request name="testcase03 - Test - External - 40.CloseCard_in_SENT - Request" id="669d4220-630c-4894-b00a-91ef11631b43" outgoingWss="Outflow TEST"><con:settings/><con:encoding>UTF-8</con:encoding><con:endpoint>http://fidus.brussels/services/europeandisabilitycardservice/v2</con:endpoint><con:request><![CDATA[<soapenv:Envelope xmlns:soapenv="http://schemas.xmlsoap.org/soap/envelope/" xmlns:v1="http://fidus.brussels/service/europeandisabilitycardservice/messages/v1" xmlns:v11="http://fidus.brussels/type/common/messages/v1">
   <soapenv:Header/>
   <soapenv:Body>
      <v1:stopOrCancelCardRequest>
         <v1:messageContext>
            <v11:messageId>${=import static java.util.UUID.randomUUID; uuid = randomUUID() as String}</v11:messageId>
            <!--Optional:-->
            <v11:timestamp>${=new java.text.SimpleDateFormat("yyyy-MM-dd'T'HH:mm:ss.SSS").format(new Date())}</v11:timestamp>
         </v1:messageContext>
         <v1:legalContext>ServiceIntegrator</v1:legalContext>
         <v1:request>            
            <v1:cardNumber>10000012981</v1:cardNumber>
            <v1:emittingPartner>0457419435</v1:emittingPartner>
         </v1:request>
      </v1:stopOrCancelCardRequest>
   </soapenv:Body>
</soapenv:Envelope>]]></con:request><con:assertion type="SOAP Fault Assertion" id="1a074e6f-0743-4e3d-b096-b99714374f36" name="Not SOAP Fault"/><con:assertion type="SOAP Response" id="2586562d-e666-4716-a4dc-6ec4316306a6" name="SOAP Response"/><con:assertion type="Schema Compliance" id="aabfb7d3-26e1-43df-940d-af795b59964f" name="Schema Compliance"><con:configuration/></con:assertion><con:wsaConfig action="http://fidus.brussels/services/europeandisabilitycardservice/stopOrCancelCard"/></con:request></con:config></con:testStep><con:testStep type="request" id="128e83cc-6b4d-4dc3-93dc-dcf23fe9f05a" name="testcase03 - Test - External - 41.CloseCard_OtherEmittingPartner - Request"><con:settings/><con:config xsi:type="con:RequestStep" xmlns:xsi="http://www.w3.org/2001/XMLSchema-instance"><con:interface>EuropeanDisabilityCardServiceHTTPBinding</con:interface><con:operation>stopOrCancelCard</con:operation><con:request name="testcase03 - Test - External - 41.CloseCard_OtherEmittingPartner - Request" id="6be7737b-9fbd-4e2a-9dc2-2a4d7a3c9455" outgoingWss="Outflow TEST"><con:settings/><con:encoding>UTF-8</con:encoding><con:endpoint>http://fidus.brussels/services/europeandisabilitycardservice/v2</con:endpoint><con:request><![CDATA[<soapenv:Envelope xmlns:soapenv="http://schemas.xmlsoap.org/soap/envelope/" xmlns:v1="http://fidus.brussels/service/europeandisabilitycardservice/messages/v1" xmlns:v11="http://fidus.brussels/type/common/messages/v1">
   <soapenv:Header/>
   <soapenv:Body>
      <v1:stopOrCancelCardRequest>
         <v1:messageContext>
            <v11:messageId>${=import static java.util.UUID.randomUUID; uuid = randomUUID() as String}</v11:messageId>
            <!--Optional:-->
            <v11:timestamp>${=new java.text.SimpleDateFormat("yyyy-MM-dd'T'HH:mm:ss.SSS").format(new Date())}</v11:timestamp>
         </v1:messageContext>
         <v1:legalContext>ServiceIntegrator</v1:legalContext>
         <v1:request>            
            <v1:cardNumber>10000012090</v1:cardNumber>
            <v1:emittingPartner>0457419435</v1:emittingPartner>
         </v1:request>
      </v1:stopOrCancelCardRequest>
   </soapenv:Body>
</soapenv:Envelope>]]></con:request><con:assertion type="SOAP Fault Assertion" id="ad90d6a7-b84b-44f9-8cc1-3891c0e0d7a4" name="Not SOAP Fault"/><con:assertion type="SOAP Response" id="013df02a-0e65-441a-913a-2e7932eff620" name="SOAP Response"/><con:assertion type="Schema Compliance" id="257af17a-fc4c-4b03-8c7e-f88f552d59e0" name="Schema Compliance"><con:configuration/></con:assertion><con:wsaConfig action="http://fidus.brussels/services/europeandisabilitycardservice/stopOrCancelCard"/></con:request></con:config></con:testStep><con:testStep type="request" id="423cf70f-9187-4cf1-9bb3-fbcd200667c3" name="testcase03 - Test - External - 42.CloseCard_Invalid_CardNumber - Request"><con:settings/><con:config xsi:type="con:RequestStep" xmlns:xsi="http://www.w3.org/2001/XMLSchema-instance"><con:interface>EuropeanDisabilityCardServiceHTTPBinding</con:interface><con:operation>stopOrCancelCard</con:operation><con:request name="testcase03 - Test - External - 42.CloseCard_Invalid_CardNumber - Request" id="66249d06-ba08-418e-b8e6-39869589294c" outgoingWss="Outflow TEST"><con:settings/><con:encoding>UTF-8</con:encoding><con:endpoint>http://fidus.brussels/services/europeandisabilitycardservice/v2</con:endpoint><con:request><![CDATA[<soapenv:Envelope xmlns:soapenv="http://schemas.xmlsoap.org/soap/envelope/" xmlns:v1="http://fidus.brussels/service/europeandisabilitycardservice/messages/v1" xmlns:v11="http://fidus.brussels/type/common/messages/v1">
   <soapenv:Header/>
   <soapenv:Body>
      <v1:stopOrCancelCardRequest>
         <v1:messageContext>
            <v11:messageId>${=import static java.util.UUID.randomUUID; uuid = randomUUID() as String}</v11:messageId>
            <!--Optional:-->
            <v11:timestamp>${=new java.text.SimpleDateFormat("yyyy-MM-dd'T'HH:mm:ss.SSS").format(new Date())}</v11:timestamp>
         </v1:messageContext>
         <v1:legalContext>ServiceIntegrator</v1:legalContext>
         <v1:request>            
            <v1:cardNumber>13081340449</v1:cardNumber>
            <v1:emittingPartner>0457419435</v1:emittingPartner>
         </v1:request>
      </v1:stopOrCancelCardRequest>
   </soapenv:Body>
</soapenv:Envelope>]]></con:request><con:assertion type="SOAP Fault Assertion" id="7af3fc88-c5b6-4f5c-9a41-6c7b6aa8a5b4" name="Not SOAP Fault"/><con:assertion type="SOAP Response" id="9d307acb-78fd-4e53-a092-ba63fbaf448a" name="SOAP Response"/><con:assertion type="Schema Compliance" id="edf8c9e5-a96f-4303-a10f-feff71a377d5" name="Schema Compliance"><con:configuration/></con:assertion><con:wsaConfig action="http://fidus.brussels/services/europeandisabilitycardservice/stopOrCancelCard"/></con:request></con:config></con:testStep><con:properties/></con:testCase><con:properties/></con:testSuite><con:testSuite id="0e2df62f-36d0-4656-bfe3-267bd3702e6f" name="STAG"><con:settings/><con:runType>SEQUENTIAL</con:runType><con:testCase id="7f3dcc13-db61-4504-bab3-0458be5b5868" failOnError="true" failTestCaseOnErrors="true" keepSession="false" maxResults="0" name="consultActiveCards" searchProperties="true"><con:settings/><con:testStep type="request" id="9d54e863-cba1-4a54-9f9f-24b118713177" name="testcase04- Staging - External - Request"><con:settings/><con:config xsi:type="con:RequestStep" xmlns:xsi="http://www.w3.org/2001/XMLSchema-instance"><con:interface>EuropeanDisabilityCardServiceHTTPBinding</con:interface><con:operation>consultActiveCards</con:operation><con:request name="testcase04- Staging - External - Request" id="1b5884fe-f6f8-48da-a7c5-8d47a6a7a6eb" outgoingWss="Outflow STAG"><con:settings/><con:encoding>UTF-8</con:encoding><con:endpoint>http://fidus.brussels/services/europeandisabilitycardservice/v2</con:endpoint><con:request><![CDATA[<soapenv:Envelope xmlns:soapenv="http://schemas.xmlsoap.org/soap/envelope/" xmlns:v1="http://fidus.brussels/service/europeandisabilitycardservice/messages/v1" xmlns:v11="http://fidus.brussels/type/common/messages/v1">
   <soapenv:Header/>
   <soapenv:Body>
      <v1:consultActiveCardsRequest>         
         <v1:messageContext>
            <v11:messageId>${=import static java.util.UUID.randomUUID; uuid = randomUUID() as String}</v11:messageId>
            <!--Optional:-->
            <v11:timestamp>${=new java.text.SimpleDateFormat("yyyy-MM-dd'T'HH:mm:ss.SSS").format(new Date())}</v11:timestamp>
         </v1:messageContext>
         <v1:legalContext>ServiceIntegrator</v1:legalContext>
         <v1:request>
            <v1:ssin>10022104563</v1:ssin>
            <!--Optional:-->
            <v1:referenceDate>2017-09-01</v1:referenceDate>
         </v1:request>
      </v1:consultActiveCardsRequest>
   </soapenv:Body>
</soapenv:Envelope>]]></con:request><con:assertion type="SOAP Fault Assertion" id="d21e28a7-f0a7-4b30-af9c-c9b571831c6c" name="Not SOAP Fault"/><con:assertion type="SOAP Response" id="217230e9-3de9-44b7-acc6-cdfc0033d317" name="SOAP Response"/><con:assertion type="Schema Compliance" id="1f26218e-f468-47ee-850c-3e856b5fbcc2" name="Schema Compliance"><con:configuration/></con:assertion><con:wsaConfig action="http://fidus.brussels/services/europeandisabilitycardservice/consultActiveCards"/></con:request></con:config></con:testStep><con:testStep type="request" id="a0f38932-e2c6-4b97-a919-48db1350e44b" name="testcase04- Staging - LB - Request"><con:settings/><con:config xsi:type="con:RequestStep" xmlns:xsi="http://www.w3.org/2001/XMLSchema-instance"><con:interface>EuropeanDisabilityCardServiceHTTPBinding</con:interface><con:operation>consultActiveCards</con:operation><con:request name="testcase04- Staging - LB - Request" id="caa43515-dce9-40ac-8656-d46ff662db3e" outgoingWss="Outflow STAG"><con:settings/><con:encoding>UTF-8</con:encoding><con:endpoint>http://fidus.brussels/services/europeandisabilitycardservice/v2</con:endpoint><con:request><![CDATA[<soapenv:Envelope xmlns:soapenv="http://schemas.xmlsoap.org/soap/envelope/" xmlns:v1="http://fidus.brussels/service/europeandisabilitycardservice/messages/v1" xmlns:v11="http://fidus.brussels/type/common/messages/v1">
   <soapenv:Header/>
   <soapenv:Body>
      <v1:consultActiveCardsRequest>         
         <v1:messageContext>
            <v11:messageId>${=import static java.util.UUID.randomUUID; uuid = randomUUID() as String}</v11:messageId>
            <!--Optional:-->
            <v11:timestamp>${=new java.text.SimpleDateFormat("yyyy-MM-dd'T'HH:mm:ss.SSS").format(new Date())}</v11:timestamp>
         </v1:messageContext>
         <v1:legalContext>ServiceIntegrator</v1:legalContext>
         <v1:request>
            <v1:ssin>10022104563</v1:ssin>
            <!--Optional:-->
            <v1:referenceDate>2017-09-01</v1:referenceDate>
         </v1:request>
      </v1:consultActiveCardsRequest>
   </soapenv:Body>
</soapenv:Envelope>]]></con:request><con:assertion type="SOAP Fault Assertion" id="3738094f-eff9-40ff-ab83-057cbf97ae52" name="Not SOAP Fault"/><con:assertion type="SOAP Response" id="4f8865ab-d2fa-476b-b8df-7b114487a9ed" name="SOAP Response"/><con:assertion type="Schema Compliance" id="9cb06006-7af0-458d-a184-bcabecbf3421" name="Schema Compliance"><con:configuration/></con:assertion><con:wsaConfig action="http://fidus.brussels/services/europeandisabilitycardservice/consultActiveCards"/></con:request></con:config></con:testStep><con:testStep type="request" id="d72aba2e-5b43-4d58-ad5f-fe4e2ac46947" name="testcase04- Staging - Worker1 - Request"><con:settings/><con:config xsi:type="con:RequestStep" xmlns:xsi="http://www.w3.org/2001/XMLSchema-instance"><con:interface>EuropeanDisabilityCardServiceHTTPBinding</con:interface><con:operation>consultActiveCards</con:operation><con:request name="testcase04- Staging - Worker1 - Request" id="539c2fb7-7c88-4bd8-8803-0e5964550870" outgoingWss="Outflow STAG"><con:settings/><con:encoding>UTF-8</con:encoding><con:endpoint>http://fidus.brussels/services/europeandisabilitycardservice/v2</con:endpoint><con:request><![CDATA[<soapenv:Envelope xmlns:soapenv="http://schemas.xmlsoap.org/soap/envelope/" xmlns:v1="http://fidus.brussels/service/europeandisabilitycardservice/messages/v1" xmlns:v11="http://fidus.brussels/type/common/messages/v1">
   <soapenv:Header/>
   <soapenv:Body>
      <v1:consultActiveCardsRequest>         
         <v1:messageContext>
            <v11:messageId>${=import static java.util.UUID.randomUUID; uuid = randomUUID() as String}</v11:messageId>
            <!--Optional:-->
            <v11:timestamp>${=new java.text.SimpleDateFormat("yyyy-MM-dd'T'HH:mm:ss.SSS").format(new Date())}</v11:timestamp>
         </v1:messageContext>
         <v1:legalContext>ServiceIntegrator</v1:legalContext>
         <v1:request>
            <v1:ssin>10022104563</v1:ssin>
            <!--Optional:-->
            <v1:referenceDate>2017-09-01</v1:referenceDate>
         </v1:request>
      </v1:consultActiveCardsRequest>
   </soapenv:Body>
</soapenv:Envelope>]]></con:request><con:assertion type="SOAP Fault Assertion" id="09b31715-673f-4fee-b758-0abfa8e37a47" name="Not SOAP Fault"/><con:assertion type="SOAP Response" id="ee4adbcf-d987-4ba9-a03b-9a7c1c7af833" name="SOAP Response"/><con:assertion type="Schema Compliance" id="22e2bea4-181a-4c25-b385-67f473737d01" name="Schema Compliance"><con:configuration/></con:assertion><con:wsaConfig action="http://fidus.brussels/services/europeandisabilitycardservice/consultActiveCards"/></con:request></con:config></con:testStep><con:testStep type="request" id="29bac309-c3c1-4807-9f84-2b94c881a57a" name="testcase04- Staging - Worker2 - Request"><con:settings/><con:config xsi:type="con:RequestStep" xmlns:xsi="http://www.w3.org/2001/XMLSchema-instance"><con:interface>EuropeanDisabilityCardServiceHTTPBinding</con:interface><con:operation>consultActiveCards</con:operation><con:request name="testcase04- Staging - Worker2 - Request" id="ab971153-9e5a-4423-8a76-60e44bff605a" outgoingWss="Outflow STAG"><con:settings/><con:encoding>UTF-8</con:encoding><con:endpoint>http://fidus.brussels/services/europeandisabilitycardservice/v2</con:endpoint><con:request><![CDATA[<soapenv:Envelope xmlns:soapenv="http://schemas.xmlsoap.org/soap/envelope/" xmlns:v1="http://fidus.brussels/service/europeandisabilitycardservice/messages/v1" xmlns:v11="http://fidus.brussels/type/common/messages/v1">
   <soapenv:Header/>
   <soapenv:Body>
      <v1:consultActiveCardsRequest>         
         <v1:messageContext>
            <v11:messageId>${=import static java.util.UUID.randomUUID; uuid = randomUUID() as String}</v11:messageId>
            <!--Optional:-->
            <v11:timestamp>${=new java.text.SimpleDateFormat("yyyy-MM-dd'T'HH:mm:ss.SSS").format(new Date())}</v11:timestamp>
         </v1:messageContext>
         <v1:legalContext>ServiceIntegrator</v1:legalContext>
         <v1:request>
            <v1:ssin>10022104563</v1:ssin>
            <!--Optional:-->
            <v1:referenceDate>2017-09-01</v1:referenceDate>
         </v1:request>
      </v1:consultActiveCardsRequest>
   </soapenv:Body>
</soapenv:Envelope>]]></con:request><con:assertion type="SOAP Fault Assertion" id="83892e9d-1bc9-40a4-8c66-aeba81c049b5" name="Not SOAP Fault"/><con:assertion type="SOAP Response" id="8ce97022-4794-4d3a-aca2-2c18e666763d" name="SOAP Response"/><con:assertion type="Schema Compliance" id="4c601d5f-68f8-41b6-b8e5-386ebd7bc3a6" name="Schema Compliance"><con:configuration/></con:assertion><con:wsaConfig action="http://fidus.brussels/services/europeandisabilitycardservice/consultActiveCards"/></con:request></con:config></con:testStep><con:properties/></con:testCase><con:testCase id="26579bdc-1d6e-4c8f-b209-a2d213b9e71b" failOnError="true" failTestCaseOnErrors="true" keepSession="false" maxResults="0" name="consultAllCards" searchProperties="true"><con:settings/><con:testStep type="request" id="7113b860-200c-4a7e-9d13-4ae9f879be2b" name="testcase04 - Staging - External - Request"><con:settings/><con:config xsi:type="con:RequestStep" xmlns:xsi="http://www.w3.org/2001/XMLSchema-instance"><con:interface>EuropeanDisabilityCardServiceHTTPBinding</con:interface><con:operation>consultAllCards</con:operation><con:request name="testcase04 - Staging - External - Request" id="dce6e898-3190-48c0-975c-60c88e9b4f40" outgoingWss="Outflow STAG"><con:settings/><con:encoding>UTF-8</con:encoding><con:endpoint>http://fidus.brussels/services/europeandisabilitycardservice/v2</con:endpoint><con:request><![CDATA[<soapenv:Envelope xmlns:soapenv="http://schemas.xmlsoap.org/soap/envelope/" xmlns:v1="http://fidus.brussels/service/europeandisabilitycardservice/messages/v1" xmlns:v11="http://fidus.brussels/type/common/messages/v1">
   <soapenv:Header/>
   <soapenv:Body>
      <v1:consultAllCardsRequest>
         <v1:messageContext>
            <v11:messageId>${=import static java.util.UUID.randomUUID; uuid = randomUUID() as String}</v11:messageId>
            <!--Optional:-->
            <v11:timestamp>${=new java.text.SimpleDateFormat("yyyy-MM-dd'T'HH:mm:ss.SSS").format(new Date())}</v11:timestamp>
         </v1:messageContext>
         <v1:legalContext>ServiceIntegrator</v1:legalContext>
         <v1:request>
            <v1:ssin>10022104563</v1:ssin>
         </v1:request>
      </v1:consultAllCardsRequest>
   </soapenv:Body>
</soapenv:Envelope>]]></con:request><con:assertion type="SOAP Fault Assertion" id="023fe1f8-792c-4a12-aa35-23e675fac613" name="Not SOAP Fault"/><con:assertion type="SOAP Response" id="07559732-7977-4168-9bec-eaf555094f0d" name="SOAP Response"/><con:assertion type="Schema Compliance" id="3299009d-129a-4f89-89b6-ac1e547820ae" name="Schema Compliance"><con:configuration/></con:assertion><con:wsaConfig action="http://fidus.brussels/services/europeandisabilitycardservice/consultAllCards"/></con:request></con:config></con:testStep><con:testStep type="request" id="4e5a7656-8f5c-4e34-95b7-77d19e5c1604" name="testcase04 - Staging - LB - Request"><con:settings/><con:config xsi:type="con:RequestStep" xmlns:xsi="http://www.w3.org/2001/XMLSchema-instance"><con:interface>EuropeanDisabilityCardServiceHTTPBinding</con:interface><con:operation>consultAllCards</con:operation><con:request name="testcase04 - Staging - LB - Request" id="98cbc4a2-e035-4956-a969-36bad51b92df" outgoingWss="Outflow STAG"><con:settings/><con:encoding>UTF-8</con:encoding><con:endpoint>http://fidus.brussels/services/europeandisabilitycardservice/v2</con:endpoint><con:request><![CDATA[<soapenv:Envelope xmlns:soapenv="http://schemas.xmlsoap.org/soap/envelope/" xmlns:v1="http://fidus.brussels/service/europeandisabilitycardservice/messages/v1" xmlns:v11="http://fidus.brussels/type/common/messages/v1">
   <soapenv:Header/>
   <soapenv:Body>
      <v1:consultAllCardsRequest>
         <v1:messageContext>
            <v11:messageId>${=import static java.util.UUID.randomUUID; uuid = randomUUID() as String}</v11:messageId>
            <!--Optional:-->
            <v11:timestamp>${=new java.text.SimpleDateFormat("yyyy-MM-dd'T'HH:mm:ss.SSS").format(new Date())}</v11:timestamp>
         </v1:messageContext>
         <v1:legalContext>ServiceIntegrator</v1:legalContext>
         <v1:request>
            <v1:ssin>10022104563</v1:ssin>
         </v1:request>
      </v1:consultAllCardsRequest>
   </soapenv:Body>
</soapenv:Envelope>]]></con:request><con:assertion type="SOAP Fault Assertion" id="ee305d8b-e2cb-4965-b363-c8bc01118a78" name="Not SOAP Fault"/><con:assertion type="SOAP Response" id="e7c06d14-3896-41b0-a792-b6ab5d22bc03" name="SOAP Response"/><con:assertion type="Schema Compliance" id="5680ad79-3c49-4028-a79f-53f3ac6ea603" name="Schema Compliance"><con:configuration/></con:assertion><con:wsaConfig action="http://fidus.brussels/services/europeandisabilitycardservice/consultAllCards"/></con:request></con:config></con:testStep><con:testStep type="request" id="19d9f8e1-cd50-42a1-a6fa-ae7632b63dfc" name="testcase04 - Staging - Worker1 - Request"><con:settings/><con:config xsi:type="con:RequestStep" xmlns:xsi="http://www.w3.org/2001/XMLSchema-instance"><con:interface>EuropeanDisabilityCardServiceHTTPBinding</con:interface><con:operation>consultAllCards</con:operation><con:request name="testcase04 - Staging - Worker1 - Request" id="235bf5ae-d5d9-4963-8ccf-6cf4ca592565" outgoingWss="Outflow STAG"><con:settings/><con:encoding>UTF-8</con:encoding><con:endpoint>http://fidus.brussels/services/europeandisabilitycardservice/v2</con:endpoint><con:request><![CDATA[<soapenv:Envelope xmlns:soapenv="http://schemas.xmlsoap.org/soap/envelope/" xmlns:v1="http://fidus.brussels/service/europeandisabilitycardservice/messages/v1" xmlns:v11="http://fidus.brussels/type/common/messages/v1">
   <soapenv:Header/>
   <soapenv:Body>
      <v1:consultAllCardsRequest>
         <v1:messageContext>
            <v11:messageId>${=import static java.util.UUID.randomUUID; uuid = randomUUID() as String}</v11:messageId>
            <!--Optional:-->
            <v11:timestamp>${=new java.text.SimpleDateFormat("yyyy-MM-dd'T'HH:mm:ss.SSS").format(new Date())}</v11:timestamp>
         </v1:messageContext>
         <v1:legalContext>ServiceIntegrator</v1:legalContext>
         <v1:request>
            <v1:ssin>10022104563</v1:ssin>
         </v1:request>
      </v1:consultAllCardsRequest>
   </soapenv:Body>
</soapenv:Envelope>]]></con:request><con:assertion type="SOAP Fault Assertion" id="31a1333a-8404-4ed7-b2d5-079c59068f1a" name="Not SOAP Fault"/><con:assertion type="SOAP Response" id="238adce9-184f-42bd-b8df-2c215499bd4a" name="SOAP Response"/><con:assertion type="Schema Compliance" id="8b509689-5a50-4e56-9138-3b8c6b6df6de" name="Schema Compliance"><con:configuration/></con:assertion><con:wsaConfig action="http://fidus.brussels/services/europeandisabilitycardservice/consultAllCards"/></con:request></con:config></con:testStep><con:testStep type="request" id="5454bbe7-56a6-4a12-b411-e0629533dbbc" name="testcase04 - Staging - Worker2 - Request"><con:settings/><con:config xsi:type="con:RequestStep" xmlns:xsi="http://www.w3.org/2001/XMLSchema-instance"><con:interface>EuropeanDisabilityCardServiceHTTPBinding</con:interface><con:operation>consultAllCards</con:operation><con:request name="testcase04 - Staging - Worker2 - Request" id="8d1d8163-8689-4096-930e-da25557ffbb8" outgoingWss="Outflow STAG"><con:settings/><con:encoding>UTF-8</con:encoding><con:endpoint>http://fidus.brussels/services/europeandisabilitycardservice/v2</con:endpoint><con:request><![CDATA[<soapenv:Envelope xmlns:soapenv="http://schemas.xmlsoap.org/soap/envelope/" xmlns:v1="http://fidus.brussels/service/europeandisabilitycardservice/messages/v1" xmlns:v11="http://fidus.brussels/type/common/messages/v1">
   <soapenv:Header/>
   <soapenv:Body>
      <v1:consultAllCardsRequest>
         <v1:messageContext>
            <v11:messageId>${=import static java.util.UUID.randomUUID; uuid = randomUUID() as String}</v11:messageId>
            <!--Optional:-->
            <v11:timestamp>${=new java.text.SimpleDateFormat("yyyy-MM-dd'T'HH:mm:ss.SSS").format(new Date())}</v11:timestamp>
         </v1:messageContext>
         <v1:legalContext>ServiceIntegrator</v1:legalContext>
         <v1:request>
            <v1:ssin>10022104563</v1:ssin>
         </v1:request>
      </v1:consultAllCardsRequest>
   </soapenv:Body>
</soapenv:Envelope>]]></con:request><con:assertion type="SOAP Fault Assertion" id="bcc4be75-1847-4ee6-ae2a-387d84b82bf2" name="Not SOAP Fault"/><con:assertion type="SOAP Response" id="bdc1cf3b-14c6-4fe0-87ac-9ff86d6a8900" name="SOAP Response"/><con:assertion type="Schema Compliance" id="5ff30653-a750-44bf-9c77-458cbe3407dd" name="Schema Compliance"><con:configuration/></con:assertion><con:wsaConfig action="http://fidus.brussels/services/europeandisabilitycardservice/consultAllCards"/></con:request></con:config></con:testStep><con:properties/></con:testCase><con:testCase id="057733d4-8c0e-4ac4-a455-737d6dbd5cd7" failOnError="true" failTestCaseOnErrors="true" keepSession="false" maxResults="0" name="createCard" searchProperties="true"><con:settings/><con:testStep type="request" id="f8782a1f-8783-4c86-8e8d-c6171ac67065" name="testcase04 - Staging - External - Request"><con:settings/><con:config xsi:type="con:RequestStep" xmlns:xsi="http://www.w3.org/2001/XMLSchema-instance"><con:interface>EuropeanDisabilityCardServiceHTTPBinding</con:interface><con:operation>createCard</con:operation><con:request name="testcase04 - Staging - External - Request" id="18375094-cf35-4e7f-90c5-b8a9dc4b6ef0" outgoingWss="Outflow STAG"><con:settings/><con:encoding>UTF-8</con:encoding><con:endpoint>http://fidus.brussels/services/europeandisabilitycardservice/v2</con:endpoint><con:request><![CDATA[<soapenv:Envelope xmlns:soapenv="http://schemas.xmlsoap.org/soap/envelope/" xmlns:v1="http://fidus.brussels/service/europeandisabilitycardservice/messages/v1" xmlns:v11="http://fidus.brussels/type/common/messages/v1">
   <soapenv:Header/>
   <soapenv:Body>
      <v1:createCardRequest>
         <v1:messageContext>
            <v11:messageId>${=import static java.util.UUID.randomUUID; uuid = randomUUID() as String}</v11:messageId>
            <!--Optional:-->
            <v11:timestamp>${=new java.text.SimpleDateFormat("yyyy-MM-dd'T'HH:mm:ss.SSS").format(new Date())}</v11:timestamp>
         </v1:messageContext>
         <v1:legalContext>ServiceIntegrator</v1:legalContext>
         <v1:request>
            <v1:ssin>67052624133</v1:ssin>
            <v1:emittingPartner>0457419435</v1:emittingPartner>
            <v1:language>NL</v1:language>
            <v1:forceCreation>true</v1:forceCreation>
         </v1:request>
      </v1:createCardRequest>
   </soapenv:Body>
</soapenv:Envelope>]]></con:request><con:assertion type="SOAP Fault Assertion" id="51bbd118-8860-44f5-85b0-c7d8d222e685" name="Not SOAP Fault"/><con:assertion type="SOAP Response" id="3c1121a5-6913-40f3-b1c1-b2d87053bf0f" name="SOAP Response"/><con:assertion type="Schema Compliance" id="93afc3ff-8018-4296-a1b6-5c9efd8b2cde" name="Schema Compliance"><con:configuration/></con:assertion><con:wsaConfig action="http://fidus.brussels/services/europeandisabilitycardservice/createCard"/></con:request></con:config></con:testStep><con:testStep type="request" id="031a7e38-c8ef-4074-a237-580565987a88" name="testcase04 - Staging - LB - Request"><con:settings/><con:config xsi:type="con:RequestStep" xmlns:xsi="http://www.w3.org/2001/XMLSchema-instance"><con:interface>EuropeanDisabilityCardServiceHTTPBinding</con:interface><con:operation>createCard</con:operation><con:request name="testcase04 - Staging - LB - Request" id="6ee4837d-9588-423d-a84e-ab42b53b2385" outgoingWss="Outflow STAG"><con:settings/><con:encoding>UTF-8</con:encoding><con:endpoint>http://fidus.brussels/services/europeandisabilitycardservice/v2</con:endpoint><con:request><![CDATA[<soapenv:Envelope xmlns:soapenv="http://schemas.xmlsoap.org/soap/envelope/" xmlns:v1="http://fidus.brussels/service/europeandisabilitycardservice/messages/v1" xmlns:v11="http://fidus.brussels/type/common/messages/v1">
   <soapenv:Header/>
   <soapenv:Body>
      <v1:createCardRequest>
         <v1:messageContext>
            <v11:messageId>${=import static java.util.UUID.randomUUID; uuid = randomUUID() as String}</v11:messageId>
            <!--Optional:-->
            <v11:timestamp>${=new java.text.SimpleDateFormat("yyyy-MM-dd'T'HH:mm:ss.SSS").format(new Date())}</v11:timestamp>
         </v1:messageContext>
         <v1:legalContext>ServiceIntegrator</v1:legalContext>
         <v1:request>
            <v1:ssin>91040526866</v1:ssin>
            <v1:emittingPartner>0457419435</v1:emittingPartner>
            <v1:language>NL</v1:language>
            <v1:forceCreation>true</v1:forceCreation>
         </v1:request>
      </v1:createCardRequest>
   </soapenv:Body>
</soapenv:Envelope>]]></con:request><con:assertion type="SOAP Fault Assertion" id="5a76e3da-e8e6-4976-a09e-d4fa13b7a350" name="Not SOAP Fault"/><con:assertion type="SOAP Response" id="3cb7c3f5-254c-488e-96e3-2cdb93b84456" name="SOAP Response"/><con:assertion type="Schema Compliance" id="22e1c30e-17d6-4106-adcc-6013ab8f212d" name="Schema Compliance"><con:configuration/></con:assertion><con:wsaConfig action="http://fidus.brussels/services/europeandisabilitycardservice/createCard"/></con:request></con:config></con:testStep><con:testStep type="request" id="1029d86e-2999-4318-b9ca-5d3b221e2b83" name="testcase04 - Staging - Worker1 - Request"><con:settings/><con:config xsi:type="con:RequestStep" xmlns:xsi="http://www.w3.org/2001/XMLSchema-instance"><con:interface>EuropeanDisabilityCardServiceHTTPBinding</con:interface><con:operation>createCard</con:operation><con:request name="testcase04 - Staging - Worker1 - Request" id="4292a56b-a80d-4c12-8425-fba0f667d94c" outgoingWss="Outflow STAG"><con:settings/><con:encoding>UTF-8</con:encoding><con:endpoint>http://fidus.brussels/services/europeandisabilitycardservice/v2</con:endpoint><con:request><![CDATA[<soapenv:Envelope xmlns:soapenv="http://schemas.xmlsoap.org/soap/envelope/" xmlns:v1="http://fidus.brussels/service/europeandisabilitycardservice/messages/v1" xmlns:v11="http://fidus.brussels/type/common/messages/v1">
   <soapenv:Header/>
   <soapenv:Body>
      <v1:createCardRequest>
         <v1:messageContext>
            <v11:messageId>${=import static java.util.UUID.randomUUID; uuid = randomUUID() as String}</v11:messageId>
            <!--Optional:-->
            <v11:timestamp>${=new java.text.SimpleDateFormat("yyyy-MM-dd'T'HH:mm:ss.SSS").format(new Date())}</v11:timestamp>
         </v1:messageContext>
         <v1:legalContext>ServiceIntegrator</v1:legalContext>
         <v1:request>
            <v1:ssin>84010118405</v1:ssin>
            <v1:emittingPartner>0457419435</v1:emittingPartner>
            <v1:language>NL</v1:language>
            <v1:forceCreation>true</v1:forceCreation>
         </v1:request>
      </v1:createCardRequest>
   </soapenv:Body>
</soapenv:Envelope>]]></con:request><con:assertion type="SOAP Fault Assertion" id="2f4f00b7-335b-493f-a4d6-80637608092c" name="Not SOAP Fault"/><con:assertion type="SOAP Response" id="aeffb431-d9a9-43bc-b24a-f9a6eaf60b5e" name="SOAP Response"/><con:assertion type="Schema Compliance" id="312452c9-31b7-4207-80e5-7cb936c3799b" name="Schema Compliance"><con:configuration/></con:assertion><con:wsaConfig action="http://fidus.brussels/services/europeandisabilitycardservice/createCard"/></con:request></con:config></con:testStep><con:testStep type="request" id="323e3236-696a-4f58-ad37-7fe33bf2daab" name="testcase04 - Staging - Worker2 - Request"><con:settings/><con:config xsi:type="con:RequestStep" xmlns:xsi="http://www.w3.org/2001/XMLSchema-instance"><con:interface>EuropeanDisabilityCardServiceHTTPBinding</con:interface><con:operation>createCard</con:operation><con:request name="testcase04 - Staging - Worker2 - Request" id="7bd4cb7a-cc41-4329-a64d-c92301e76344" outgoingWss="Outflow STAG"><con:settings/><con:encoding>UTF-8</con:encoding><con:endpoint>http://fidus.brussels/services/europeandisabilitycardservice/v2</con:endpoint><con:request><![CDATA[<soapenv:Envelope xmlns:soapenv="http://schemas.xmlsoap.org/soap/envelope/" xmlns:v1="http://fidus.brussels/service/europeandisabilitycardservice/messages/v1" xmlns:v11="http://fidus.brussels/type/common/messages/v1">
   <soapenv:Header/>
   <soapenv:Body>
      <v1:createCardRequest>
         <v1:messageContext>
            <v11:messageId>${=import static java.util.UUID.randomUUID; uuid = randomUUID() as String}</v11:messageId>
            <!--Optional:-->
            <v11:timestamp>${=new java.text.SimpleDateFormat("yyyy-MM-dd'T'HH:mm:ss.SSS").format(new Date())}</v11:timestamp>
         </v1:messageContext>
         <v1:legalContext>ServiceIntegrator</v1:legalContext>
         <v1:request>
            <v1:ssin>50081133058</v1:ssin>
            <v1:emittingPartner>0457419435</v1:emittingPartner>
            <v1:language>NL</v1:language>
            <v1:forceCreation>true</v1:forceCreation>
         </v1:request>
      </v1:createCardRequest>
   </soapenv:Body>
</soapenv:Envelope>]]></con:request><con:assertion type="SOAP Fault Assertion" id="913d21fa-8d0d-486e-9e4b-d3ff7f929565" name="Not SOAP Fault"/><con:assertion type="SOAP Response" id="47820e1e-d158-4694-94a8-75d382a250f3" name="SOAP Response"/><con:assertion type="Schema Compliance" id="b9cf62d7-bb74-4eb6-b407-4e03724d0f49" name="Schema Compliance"><con:configuration/></con:assertion><con:wsaConfig action="http://fidus.brussels/services/europeandisabilitycardservice/createCard"/></con:request></con:config></con:testStep><con:properties/></con:testCase><con:testCase id="4b502879-c6da-49e5-a0f1-b374a07bf0f0" failOnError="true" failTestCaseOnErrors="true" keepSession="false" maxResults="0" name="stopOrCancelCard" searchProperties="true"><con:settings/><con:testStep type="request" id="95956420-cbda-4c68-94a3-88930b8c946c" name="testcase04 - Staging - External - Request"><con:settings/><con:config xsi:type="con:RequestStep" xmlns:xsi="http://www.w3.org/2001/XMLSchema-instance"><con:interface>EuropeanDisabilityCardServiceHTTPBinding</con:interface><con:operation>stopOrCancelCard</con:operation><con:request name="testcase04 - Staging - External - Request" id="58be6046-fb82-4e24-88cc-343b3c1be205" outgoingWss="Outflow STAG"><con:settings/><con:encoding>UTF-8</con:encoding><con:endpoint>http://fidus.brussels/services/europeandisabilitycardservice/v2</con:endpoint><con:request><![CDATA[<soapenv:Envelope xmlns:soapenv="http://schemas.xmlsoap.org/soap/envelope/" xmlns:v1="http://fidus.brussels/service/europeandisabilitycardservice/messages/v1" xmlns:v11="http://fidus.brussels/type/common/messages/v1">
   <soapenv:Header/>
   <soapenv:Body>
      <v1:stopOrCancelCardRequest>
         <v1:messageContext>
            <v11:messageId>${=import static java.util.UUID.randomUUID; uuid = randomUUID() as String}</v11:messageId>
            <!--Optional:-->
            <v11:timestamp>${=new java.text.SimpleDateFormat("yyyy-MM-dd'T'HH:mm:ss.SSS").format(new Date())}</v11:timestamp>
         </v1:messageContext>
         <v1:legalContext>ServiceIntegrator</v1:legalContext>
         <v1:request>            
            <v1:cardNumber>20000009732</v1:cardNumber>
            <v1:emittingPartner>0457419435</v1:emittingPartner>
         </v1:request>
      </v1:stopOrCancelCardRequest>
   </soapenv:Body>
</soapenv:Envelope>]]></con:request><con:assertion type="SOAP Fault Assertion" id="1813605f-364e-41d0-9519-8b2fe4103540" name="Not SOAP Fault"/><con:assertion type="SOAP Response" id="14ccaba8-c45c-46e7-bf5e-8b5f6c8ca9b8" name="SOAP Response"/><con:assertion type="Schema Compliance" id="c3817726-6e03-4876-ba6b-afa95da21ba8" name="Schema Compliance"><con:configuration/></con:assertion><con:wsaConfig action="http://fidus.brussels/services/europeandisabilitycardservice/stopOrCancelCard"/></con:request></con:config></con:testStep><con:testStep type="request" id="275d903d-525b-4a6c-8563-d2e12d694633" name="testcase04 - Staging - LB - Request"><con:settings/><con:config xsi:type="con:RequestStep" xmlns:xsi="http://www.w3.org/2001/XMLSchema-instance"><con:interface>EuropeanDisabilityCardServiceHTTPBinding</con:interface><con:operation>stopOrCancelCard</con:operation><con:request name="testcase04 - Staging - LB - Request" id="10826c5f-182f-40e8-9e55-aee80b3da755" outgoingWss="Outflow STAG"><con:settings/><con:encoding>UTF-8</con:encoding><con:endpoint>http://fidus.brussels/services/europeandisabilitycardservice/v2</con:endpoint><con:request><![CDATA[<soapenv:Envelope xmlns:soapenv="http://schemas.xmlsoap.org/soap/envelope/" xmlns:v1="http://fidus.brussels/service/europeandisabilitycardservice/messages/v1" xmlns:v11="http://fidus.brussels/type/common/messages/v1">
   <soapenv:Header/>
   <soapenv:Body>
      <v1:stopOrCancelCardRequest>
         <v1:messageContext>
            <v11:messageId>${=import static java.util.UUID.randomUUID; uuid = randomUUID() as String}</v11:messageId>
            <!--Optional:-->
            <v11:timestamp>${=new java.text.SimpleDateFormat("yyyy-MM-dd'T'HH:mm:ss.SSS").format(new Date())}</v11:timestamp>
         </v1:messageContext>
         <v1:legalContext>ServiceIntegrator</v1:legalContext>
         <v1:request>            
            <v1:cardNumber>20000009534</v1:cardNumber>
            <v1:emittingPartner>0457419435</v1:emittingPartner>
         </v1:request>
      </v1:stopOrCancelCardRequest>
   </soapenv:Body>
</soapenv:Envelope>]]></con:request><con:assertion type="SOAP Fault Assertion" id="22a63319-de10-4353-a12d-f6c33d4c7275" name="Not SOAP Fault"/><con:assertion type="SOAP Response" id="73777de4-f7aa-4f69-b41c-0f0cf1527eaf" name="SOAP Response"/><con:assertion type="Schema Compliance" id="0e40126b-97b0-4534-b6ad-a584f5de8d9d" name="Schema Compliance"><con:configuration/></con:assertion><con:wsaConfig action="http://fidus.brussels/services/europeandisabilitycardservice/stopOrCancelCard"/></con:request></con:config></con:testStep><con:testStep type="request" id="7b1334d4-0cdd-4f8f-8fcf-b9a3050a9a6c" name="testcase04 - Staging - Worker1 - Request"><con:settings/><con:config xsi:type="con:RequestStep" xmlns:xsi="http://www.w3.org/2001/XMLSchema-instance"><con:interface>EuropeanDisabilityCardServiceHTTPBinding</con:interface><con:operation>stopOrCancelCard</con:operation><con:request name="testcase04 - Staging - Worker1 - Request" id="be9feaa4-d487-4796-90df-d735cde4e87a" outgoingWss="Outflow STAG"><con:settings/><con:encoding>UTF-8</con:encoding><con:endpoint>http://fidus.brussels/services/europeandisabilitycardservice/v2</con:endpoint><con:request><![CDATA[<soapenv:Envelope xmlns:soapenv="http://schemas.xmlsoap.org/soap/envelope/" xmlns:v1="http://fidus.brussels/service/europeandisabilitycardservice/messages/v1" xmlns:v11="http://fidus.brussels/type/common/messages/v1">
   <soapenv:Header/>
   <soapenv:Body>
      <v1:stopOrCancelCardRequest>
         <v1:messageContext>
            <v11:messageId>${=import static java.util.UUID.randomUUID; uuid = randomUUID() as String}</v11:messageId>
            <!--Optional:-->
            <v11:timestamp>${=new java.text.SimpleDateFormat("yyyy-MM-dd'T'HH:mm:ss.SSS").format(new Date())}</v11:timestamp>
         </v1:messageContext>
         <v1:legalContext>ServiceIntegrator</v1:legalContext>
         <v1:request>            
            <v1:cardNumber>20000009633</v1:cardNumber>
            <v1:emittingPartner>0457419435</v1:emittingPartner>
         </v1:request>
      </v1:stopOrCancelCardRequest>
   </soapenv:Body>
</soapenv:Envelope>]]></con:request><con:assertion type="SOAP Fault Assertion" id="012dcfb1-450b-413e-97ff-57c6dc137f1c" name="Not SOAP Fault"/><con:assertion type="SOAP Response" id="54bb8b6f-0c91-44c6-80c6-56082997859a" name="SOAP Response"/><con:assertion type="Schema Compliance" id="e77d0255-b79d-49dd-af6b-08ccd237339b" name="Schema Compliance"><con:configuration/></con:assertion><con:wsaConfig action="http://fidus.brussels/services/europeandisabilitycardservice/stopOrCancelCard"/></con:request></con:config></con:testStep><con:testStep type="request" id="076a9c11-0e6f-4040-af3e-948747d94175" name="testcase04 - Staging - Worker2 - Request"><con:settings/><con:config xsi:type="con:RequestStep" xmlns:xsi="http://www.w3.org/2001/XMLSchema-instance"><con:interface>EuropeanDisabilityCardServiceHTTPBinding</con:interface><con:operation>stopOrCancelCard</con:operation><con:request name="testcase04 - Staging - Worker2 - Request" id="01099ee0-4a50-40d5-88ad-b2c54c67e9fb" outgoingWss="Outflow STAG"><con:settings/><con:encoding>UTF-8</con:encoding><con:endpoint>http://fidus.brussels/services/europeandisabilitycardservice/v2</con:endpoint><con:request><![CDATA[<soapenv:Envelope xmlns:soapenv="http://schemas.xmlsoap.org/soap/envelope/" xmlns:v1="http://fidus.brussels/service/europeandisabilitycardservice/messages/v1" xmlns:v11="http://fidus.brussels/type/common/messages/v1">
   <soapenv:Header/>
   <soapenv:Body>
      <v1:stopOrCancelCardRequest>
         <v1:messageContext>
            <v11:messageId>${=import static java.util.UUID.randomUUID; uuid = randomUUID() as String}</v11:messageId>
            <!--Optional:-->
            <v11:timestamp>${=new java.text.SimpleDateFormat("yyyy-MM-dd'T'HH:mm:ss.SSS").format(new Date())}</v11:timestamp>
         </v1:messageContext>
         <v1:legalContext>ServiceIntegrator</v1:legalContext>
         <v1:request>            
            <v1:cardNumber>20000009435</v1:cardNumber>
            <v1:emittingPartner>0457419435</v1:emittingPartner>
         </v1:request>
      </v1:stopOrCancelCardRequest>
   </soapenv:Body>
</soapenv:Envelope>]]></con:request><con:assertion type="SOAP Fault Assertion" id="2a87e6b9-d2f5-4c77-9292-b8adae1e5959" name="Not SOAP Fault"/><con:assertion type="SOAP Response" id="5fc39c11-9bf3-42ff-a7b8-e40c1a8f1af3" name="SOAP Response"/><con:assertion type="Schema Compliance" id="58af6689-7650-454a-88cb-16bc1011daac" name="Schema Compliance"><con:configuration/></con:assertion><con:wsaConfig action="http://fidus.brussels/services/europeandisabilitycardservice/stopOrCancelCard"/></con:request></con:config></con:testStep><con:properties/></con:testCase><con:properties/></con:testSuite><con:testSuite id="1ab6ca90-c546-4dbd-aad6-3c6ea4f74929" name="PROD"><con:settings/><con:runType>SEQUENTIAL</con:runType><con:testCase id="a0523d5e-c983-42c2-833e-aad476367cd4" failOnError="true" failTestCaseOnErrors="true" keepSession="false" maxResults="0" name="consultActiveCards" searchProperties="true"><con:settings/><con:testStep type="request" id="159ad277-7b81-4250-a4bf-5ddb373036b6" name="testcase05- Prod - External - Request"><con:settings/><con:config xsi:type="con:RequestStep" xmlns:xsi="http://www.w3.org/2001/XMLSchema-instance"><con:interface>EuropeanDisabilityCardServiceHTTPBinding</con:interface><con:operation>consultActiveCards</con:operation><con:request name="testcase05- Prod - External - Request" id="a8589168-9027-4af4-b862-f61afb1beb3c" outgoingWss="Outflow PROD"><con:settings/><con:encoding>UTF-8</con:encoding><con:endpoint>http://fidus.brussels/services/europeandisabilitycardservice/v2</con:endpoint><con:request><![CDATA[<soapenv:Envelope xmlns:soapenv="http://schemas.xmlsoap.org/soap/envelope/" xmlns:v1="http://fidus.brussels/service/europeandisabilitycardservice/messages/v1" xmlns:v11="http://fidus.brussels/type/common/messages/v1">
   <soapenv:Header/>
   <soapenv:Body>
      <v1:consultActiveCardsRequest>         
         <v1:messageContext>
            <v11:messageId>${=import static java.util.UUID.randomUUID; uuid = randomUUID() as String}</v11:messageId>
            <!--Optional:-->
            <v11:timestamp>${=new java.text.SimpleDateFormat("yyyy-MM-dd'T'HH:mm:ss.SSS").format(new Date())}</v11:timestamp>
         </v1:messageContext>
         <v1:legalContext>ServiceIntegrator</v1:legalContext>
         <v1:request>
            <v1:ssin>10022104563</v1:ssin>
            <!--Optional:-->
            <v1:referenceDate>2017-09-01</v1:referenceDate>
         </v1:request>
      </v1:consultActiveCardsRequest>
   </soapenv:Body>
</soapenv:Envelope>]]></con:request><con:assertion type="SOAP Fault Assertion" id="4e4210f6-8787-4277-8e0d-bfe2fb11b605" name="Not SOAP Fault"/><con:assertion type="SOAP Response" id="edba7a6f-c4d2-44a9-851d-b8a297739de2" name="SOAP Response"/><con:assertion type="Schema Compliance" id="94b09acf-48dc-489e-8a86-5d859e9b36dc" name="Schema Compliance"><con:configuration/></con:assertion><con:wsaConfig action="http://fidus.brussels/services/europeandisabilitycardservice/consultActiveCards"/></con:request></con:config></con:testStep><con:testStep type="request" id="10408025-0b7f-459e-a34f-f641dae5ed99" name="testcase05- Prod - LB - Request"><con:settings/><con:config xsi:type="con:RequestStep" xmlns:xsi="http://www.w3.org/2001/XMLSchema-instance"><con:interface>EuropeanDisabilityCardServiceHTTPBinding</con:interface><con:operation>consultActiveCards</con:operation><con:request name="testcase05- Prod - LB - Request" id="60e7f8f5-7446-41bb-9336-c377add31965" outgoingWss="Outflow PROD"><con:settings/><con:encoding>UTF-8</con:encoding><con:endpoint>http://fidus.brussels/services/europeandisabilitycardservice/v2</con:endpoint><con:request><![CDATA[<soapenv:Envelope xmlns:soapenv="http://schemas.xmlsoap.org/soap/envelope/" xmlns:v1="http://fidus.brussels/service/europeandisabilitycardservice/messages/v1" xmlns:v11="http://fidus.brussels/type/common/messages/v1">
   <soapenv:Header/>
   <soapenv:Body>
      <v1:consultActiveCardsRequest>         
         <v1:messageContext>
            <v11:messageId>${=import static java.util.UUID.randomUUID; uuid = randomUUID() as String}</v11:messageId>
            <!--Optional:-->
            <v11:timestamp>${=new java.text.SimpleDateFormat("yyyy-MM-dd'T'HH:mm:ss.SSS").format(new Date())}</v11:timestamp>
         </v1:messageContext>
         <v1:legalContext>ServiceIntegrator</v1:legalContext>
         <v1:request>
            <v1:ssin>10022104563</v1:ssin>
            <!--Optional:-->
            <v1:referenceDate>2017-09-01</v1:referenceDate>
         </v1:request>
      </v1:consultActiveCardsRequest>
   </soapenv:Body>
</soapenv:Envelope>]]></con:request><con:assertion type="SOAP Fault Assertion" id="6f70e32f-2700-4e18-9b86-6a6c5a930c22" name="Not SOAP Fault"/><con:assertion type="SOAP Response" id="2cbf226f-5a61-44d9-aef2-717d36443144" name="SOAP Response"/><con:assertion type="Schema Compliance" id="47d40d45-bb9c-42b7-b212-f5701b36cc4f" name="Schema Compliance"><con:configuration/></con:assertion><con:wsaConfig action="http://fidus.brussels/services/europeandisabilitycardservice/consultActiveCards"/></con:request></con:config></con:testStep><con:testStep type="request" id="69196786-09a1-4dc8-8b85-599aab6ce0cb" name="testcase05- Prod - Worker1 - Request"><con:settings/><con:config xsi:type="con:RequestStep" xmlns:xsi="http://www.w3.org/2001/XMLSchema-instance"><con:interface>EuropeanDisabilityCardServiceHTTPBinding</con:interface><con:operation>consultActiveCards</con:operation><con:request name="testcase05- Prod - Worker1 - Request" id="ff23a368-2c8d-4419-b13f-f5891a2a09a1" outgoingWss="Outflow PROD"><con:settings/><con:encoding>UTF-8</con:encoding><con:endpoint>http://fidus.brussels/services/europeandisabilitycardservice/v2</con:endpoint><con:request><![CDATA[<soapenv:Envelope xmlns:soapenv="http://schemas.xmlsoap.org/soap/envelope/" xmlns:v1="http://fidus.brussels/service/europeandisabilitycardservice/messages/v1" xmlns:v11="http://fidus.brussels/type/common/messages/v1">
   <soapenv:Header/>
   <soapenv:Body>
      <v1:consultActiveCardsRequest>         
         <v1:messageContext>
            <v11:messageId>${=import static java.util.UUID.randomUUID; uuid = randomUUID() as String}</v11:messageId>
            <!--Optional:-->
            <v11:timestamp>${=new java.text.SimpleDateFormat("yyyy-MM-dd'T'HH:mm:ss.SSS").format(new Date())}</v11:timestamp>
         </v1:messageContext>
         <v1:legalContext>ServiceIntegrator</v1:legalContext>
         <v1:request>
            <v1:ssin>10022104563</v1:ssin>
            <!--Optional:-->
            <v1:referenceDate>2017-09-01</v1:referenceDate>
         </v1:request>
      </v1:consultActiveCardsRequest>
   </soapenv:Body>
</soapenv:Envelope>]]></con:request><con:assertion type="SOAP Fault Assertion" id="2a95c951-8a46-4500-a1e3-39cd17372f6f" name="Not SOAP Fault"/><con:assertion type="SOAP Response" id="3cc4fb03-2bdc-4c71-b542-ae92af5b063d" name="SOAP Response"/><con:assertion type="Schema Compliance" id="1aef5b24-7495-4cb6-a554-d25987345240" name="Schema Compliance"><con:configuration/></con:assertion><con:wsaConfig action="http://fidus.brussels/services/europeandisabilitycardservice/consultActiveCards"/></con:request></con:config></con:testStep><con:testStep type="request" id="14ed143f-c31c-4765-bd02-4bbf98eaee5c" name="testcase05- Prod - Worker2 - Request"><con:settings/><con:config xsi:type="con:RequestStep" xmlns:xsi="http://www.w3.org/2001/XMLSchema-instance"><con:interface>EuropeanDisabilityCardServiceHTTPBinding</con:interface><con:operation>consultActiveCards</con:operation><con:request name="testcase05- Prod - Worker2 - Request" id="25844123-db3d-433c-9222-605f1fe66479" outgoingWss="Outflow PROD"><con:settings/><con:encoding>UTF-8</con:encoding><con:endpoint>http://fidus.brussels/services/europeandisabilitycardservice/v2</con:endpoint><con:request><![CDATA[<soapenv:Envelope xmlns:soapenv="http://schemas.xmlsoap.org/soap/envelope/" xmlns:v1="http://fidus.brussels/service/europeandisabilitycardservice/messages/v1" xmlns:v11="http://fidus.brussels/type/common/messages/v1">
   <soapenv:Header/>
   <soapenv:Body>
      <v1:consultActiveCardsRequest>         
         <v1:messageContext>
            <v11:messageId>${=import static java.util.UUID.randomUUID; uuid = randomUUID() as String}</v11:messageId>
            <!--Optional:-->
            <v11:timestamp>${=new java.text.SimpleDateFormat("yyyy-MM-dd'T'HH:mm:ss.SSS").format(new Date())}</v11:timestamp>
         </v1:messageContext>
         <v1:legalContext>ServiceIntegrator</v1:legalContext>
         <v1:request>
            <v1:ssin>10022104563</v1:ssin>
            <!--Optional:-->
            <v1:referenceDate>2017-09-01</v1:referenceDate>
         </v1:request>
      </v1:consultActiveCardsRequest>
   </soapenv:Body>
</soapenv:Envelope>]]></con:request><con:assertion type="SOAP Fault Assertion" id="c2008ce2-2c12-4908-aeaa-8e99a36cdd1d" name="Not SOAP Fault"/><con:assertion type="SOAP Response" id="4ccf6b10-857b-4cd1-a47e-80a3208b9e5e" name="SOAP Response"/><con:assertion type="Schema Compliance" id="c0361c3d-5af4-426d-aea5-31ad0032d56c" name="Schema Compliance"><con:configuration/></con:assertion><con:wsaConfig action="http://fidus.brussels/services/europeandisabilitycardservice/consultActiveCards"/></con:request></con:config></con:testStep><con:properties/></con:testCase><con:testCase id="9c590205-8be7-4081-9232-454f1e9bbc0f" failOnError="true" failTestCaseOnErrors="true" keepSession="false" maxResults="0" name="consultAllCards" searchProperties="true"><con:settings/><con:testStep type="request" id="d145f25a-4588-4642-8c4d-fea1f030aebf" name="testcase05 - Prod - Worker1 - Request"><con:settings/><con:config xsi:type="con:RequestStep" xmlns:xsi="http://www.w3.org/2001/XMLSchema-instance"><con:interface>EuropeanDisabilityCardServiceHTTPBinding</con:interface><con:operation>consultAllCards</con:operation><con:request name="testcase05 - Prod - Worker1 - Request" id="5e97fd6f-0ad4-4f99-ad16-a85f5cf02801" outgoingWss="Outflow PROD"><con:settings/><con:encoding>UTF-8</con:encoding><con:endpoint>http://fidus.brussels/services/europeandisabilitycardservice/v2</con:endpoint><con:request><![CDATA[<soapenv:Envelope xmlns:soapenv="http://schemas.xmlsoap.org/soap/envelope/" xmlns:v1="http://fidus.brussels/service/europeandisabilitycardservice/messages/v1" xmlns:v11="http://fidus.brussels/type/common/messages/v1">
   <soapenv:Header/>
   <soapenv:Body>
      <v1:consultAllCardsRequest>
         <v1:messageContext>
            <v11:messageId>${=import static java.util.UUID.randomUUID; uuid = randomUUID() as String}</v11:messageId>
            <!--Optional:-->
            <v11:timestamp>${=new java.text.SimpleDateFormat("yyyy-MM-dd'T'HH:mm:ss.SSS").format(new Date())}</v11:timestamp>
         </v1:messageContext>
         <v1:legalContext>ServiceIntegrator</v1:legalContext>
         <v1:request>
            <v1:ssin>10022104563</v1:ssin>
         </v1:request>
      </v1:consultAllCardsRequest>
   </soapenv:Body>
</soapenv:Envelope>]]></con:request><con:assertion type="SOAP Fault Assertion" id="2e515391-2f98-4fd3-b462-660c5c1b391a" name="Not SOAP Fault"/><con:assertion type="SOAP Response" id="4b071227-40e3-46f7-b901-3b6cc7206664" name="SOAP Response"/><con:assertion type="Schema Compliance" id="ef53553c-e666-4000-a0a4-ead5dc84d469" name="Schema Compliance"><con:configuration/></con:assertion><con:wsaConfig action="http://fidus.brussels/services/europeandisabilitycardservice/consultAllCards"/></con:request></con:config></con:testStep><con:testStep type="request" id="55f41bba-182c-4508-bfe5-d7ad1f75ead2" name="testcase05 - Prod - Worker2 - Request"><con:settings/><con:config xsi:type="con:RequestStep" xmlns:xsi="http://www.w3.org/2001/XMLSchema-instance"><con:interface>EuropeanDisabilityCardServiceHTTPBinding</con:interface><con:operation>consultAllCards</con:operation><con:request name="testcase05 - Prod - Worker2 - Request" id="45e93e62-11df-40e4-8851-b94853c1a7c9" outgoingWss="Outflow PROD"><con:settings/><con:encoding>UTF-8</con:encoding><con:endpoint>http://fidus.brussels/services/europeandisabilitycardservice/v2</con:endpoint><con:request><![CDATA[<soapenv:Envelope xmlns:soapenv="http://schemas.xmlsoap.org/soap/envelope/" xmlns:v1="http://fidus.brussels/service/europeandisabilitycardservice/messages/v1" xmlns:v11="http://fidus.brussels/type/common/messages/v1">
   <soapenv:Header/>
   <soapenv:Body>
      <v1:consultAllCardsRequest>
         <v1:messageContext>
            <v11:messageId>${=import static java.util.UUID.randomUUID; uuid = randomUUID() as String}</v11:messageId>
            <!--Optional:-->
            <v11:timestamp>${=new java.text.SimpleDateFormat("yyyy-MM-dd'T'HH:mm:ss.SSS").format(new Date())}</v11:timestamp>
         </v1:messageContext>
         <v1:legalContext>ServiceIntegrator</v1:legalContext>
         <v1:request>
            <v1:ssin>10022104563</v1:ssin>
         </v1:request>
      </v1:consultAllCardsRequest>
   </soapenv:Body>
</soapenv:Envelope>]]></con:request><con:assertion type="SOAP Fault Assertion" id="16ef6a09-72de-4d5c-a3b7-d8fa1e86caa5" name="Not SOAP Fault"/><con:assertion type="SOAP Response" id="22180439-0b69-4c73-82bc-dbf8b8facf27" name="SOAP Response"/><con:assertion type="Schema Compliance" id="7533608c-6563-4af9-9023-bb31301a8b18" name="Schema Compliance"><con:configuration/></con:assertion><con:wsaConfig action="http://fidus.brussels/services/europeandisabilitycardservice/consultAllCards"/></con:request></con:config></con:testStep><con:testStep type="request" id="28ff33d7-76c7-4ec7-aaba-f1cba430dc60" name="testcase05 - Prod - External - Request"><con:settings/><con:config xsi:type="con:RequestStep" xmlns:xsi="http://www.w3.org/2001/XMLSchema-instance"><con:interface>EuropeanDisabilityCardServiceHTTPBinding</con:interface><con:operation>consultAllCards</con:operation><con:request name="testcase05 - Prod - External - Request" id="b95cfe00-77f6-4bd5-8334-3c43c7bf0e10" outgoingWss="Outflow PROD"><con:settings/><con:encoding>UTF-8</con:encoding><con:endpoint>http://fidus.brussels/services/europeandisabilitycardservice/v2</con:endpoint><con:request><![CDATA[<soapenv:Envelope xmlns:soapenv="http://schemas.xmlsoap.org/soap/envelope/" xmlns:v1="http://fidus.brussels/service/europeandisabilitycardservice/messages/v1" xmlns:v11="http://fidus.brussels/type/common/messages/v1">
   <soapenv:Header/>
   <soapenv:Body>
      <v1:consultAllCardsRequest>
         <v1:messageContext>
            <v11:messageId>${=import static java.util.UUID.randomUUID; uuid = randomUUID() as String}</v11:messageId>
            <!--Optional:-->
            <v11:timestamp>${=new java.text.SimpleDateFormat("yyyy-MM-dd'T'HH:mm:ss.SSS").format(new Date())}</v11:timestamp>
         </v1:messageContext>
         <v1:legalContext>ServiceIntegrator</v1:legalContext>
         <v1:request>
            <v1:ssin>10022104563</v1:ssin>
         </v1:request>
      </v1:consultAllCardsRequest>
   </soapenv:Body>
</soapenv:Envelope>]]></con:request><con:assertion type="SOAP Fault Assertion" id="3da93340-d39a-478a-a8b2-5e333083786b" name="Not SOAP Fault"/><con:assertion type="SOAP Response" id="adedd8c4-0fca-40f1-8431-d4c4b3540ec4" name="SOAP Response"/><con:assertion type="Schema Compliance" id="b70431d0-9cce-497d-a05c-fce30e1efe9d" name="Schema Compliance"><con:configuration/></con:assertion><con:wsaConfig action="http://fidus.brussels/services/europeandisabilitycardservice/consultAllCards"/></con:request></con:config></con:testStep><con:testStep type="request" id="69765f74-83fa-4b11-9a64-ee8c4effb109" name="testcase05 - Prod - LB - Request"><con:settings/><con:config xsi:type="con:RequestStep" xmlns:xsi="http://www.w3.org/2001/XMLSchema-instance"><con:interface>EuropeanDisabilityCardServiceHTTPBinding</con:interface><con:operation>consultAllCards</con:operation><con:request name="testcase05 - Prod - LB - Request" id="f99bea23-f873-4616-afb7-a784f91783bf" outgoingWss="Outflow PROD"><con:settings/><con:encoding>UTF-8</con:encoding><con:endpoint>http://fidus.brussels/services/europeandisabilitycardservice/v2</con:endpoint><con:request><![CDATA[<soapenv:Envelope xmlns:soapenv="http://schemas.xmlsoap.org/soap/envelope/" xmlns:v1="http://fidus.brussels/service/europeandisabilitycardservice/messages/v1" xmlns:v11="http://fidus.brussels/type/common/messages/v1">
   <soapenv:Header/>
   <soapenv:Body>
      <v1:consultAllCardsRequest>
         <v1:messageContext>
            <v11:messageId>${=import static java.util.UUID.randomUUID; uuid = randomUUID() as String}</v11:messageId>
            <!--Optional:-->
            <v11:timestamp>${=new java.text.SimpleDateFormat("yyyy-MM-dd'T'HH:mm:ss.SSS").format(new Date())}</v11:timestamp>
         </v1:messageContext>
         <v1:legalContext>ServiceIntegrator</v1:legalContext>
         <v1:request>
            <v1:ssin>10022104563</v1:ssin>
         </v1:request>
      </v1:consultAllCardsRequest>
   </soapenv:Body>
</soapenv:Envelope>]]></con:request><con:assertion type="SOAP Fault Assertion" id="3fc75046-2da1-47d8-84c5-591ebbba9fe7" name="Not SOAP Fault"/><con:assertion type="SOAP Response" id="8d489db2-8e64-49e8-9cce-c0f76f891620" name="SOAP Response"/><con:assertion type="Schema Compliance" id="12d28017-391e-4f23-b72a-eb6b2eb96f2f" name="Schema Compliance"><con:configuration/></con:assertion><con:wsaConfig action="http://fidus.brussels/services/europeandisabilitycardservice/consultAllCards"/></con:request></con:config></con:testStep><con:properties/></con:testCase><con:properties/></con:testSuite><con:mockService id="02ec3aaa-1282-4229-8091-7e3b8baca221" port="8088" path="/mockEuropeanDisabilityCardServiceHTTPBinding" host="localhost.localdomain" name="MockService 1"><con:settings><con:setting id="com.eviware.soapui.impl.wsdl.mock.WsdlMockService@require-soap-action">false</con:setting></con:settings><con:properties/><con:mockOperation name="consultActiveCards" id="9de3ffeb-0ef9-4f53-939c-7f8664365534" interface="EuropeanDisabilityCardServiceHTTPBinding" operation="consultActiveCards"><con:settings/><con:defaultResponse>Response 1</con:defaultResponse><con:dispatchStyle>SEQUENCE</con:dispatchStyle><con:response name="Response 1" id="73cfac59-2d73-4590-99ee-71a3f6efdee5" httpResponseStatus="200" encoding="UTF-8"><con:settings/><con:responseContent><![CDATA[<soapenv:Envelope xmlns:soapenv="http://schemas.xmlsoap.org/soap/envelope/" xmlns:v1="http://fidus.brussels/service/europeandisabilitycardservice/messages/v1" xmlns:v11="http://fidus.brussels/type/common/messages/v1" xmlns:v12="http://fidus.brussels/type/common/exceptions/v1">
   <soapenv:Header/>
   <soapenv:Body>
      <v1:consultActiveCardsResponse>
         <v1:messageContext>
            <v11:messageId>?</v11:messageId>
            <v11:transactionId>?</v11:transactionId>
            <!--Optional:-->
            <v11:timestamp>?</v11:timestamp>
         </v1:messageContext>
         <!--Optional:-->
         <v1:responses>
            <informationCustomer>
               <!--Optional:-->
               <ticket>?</ticket>
               <!--Optional:-->
               <timestampSent>?</timestampSent>
               <customerIdentification>
                  <!--You have a CHOICE of the next 2 items at this level-->
                  <cbeNumber>?</cbeNumber>
                  <sector>?</sector>
                  <institution>?</institution>
               </customerIdentification>
            </informationCustomer>
            <informationCBSS>
               <ticketCBSS>?</ticketCBSS>
               <timestampReceive>?</timestampReceive>
               <timestampReply>?</timestampReply>
            </informationCBSS>
            <legalContext>?</legalContext>
            <criteria>
               <ssin>?</ssin>
               <!--Optional:-->
               <referenceDate>?</referenceDate>
            </criteria>
            <status>
               <value>?</value>
               <code>?</code>
               <!--Optional:-->
               <description>?</description>
               <!--0 to 15 repetitions:-->
               <information>
                  <fieldName>?</fieldName>
                  <!--Optional:-->
                  <fieldValue>?</fieldValue>
               </information>
            </status>
            <!--Optional:-->
            <ssin canceled="?" replacedBy="?">?</ssin>
            <!--Optional:-->
            <activeCards>
               <!--1 to 10 repetitions:-->
               <card>
                  <cardNumber>?</cardNumber>
                  <lifePhase>?</lifePhase>
                  <!--Optional:-->
                  <failureOrReturnReason>?</failureOrReturnReason>
                  <validityBeginDate>?</validityBeginDate>
                  <validityEndDate>?</validityEndDate>
                  <!--Optional:-->
                  <prematureValidityEndDate>?</prematureValidityEndDate>
                  <emittingPartner>?</emittingPartner>
                  <latestUpdateTimestamp>?</latestUpdateTimestamp>
               </card>
            </activeCards>
         </v1:responses>
         <!--Optional:-->
         <v1:exceptions>
            <!--1 or more repetitions:-->
            <v12:exception>
               <v12:type>?</v12:type>
               <v12:code>?</v12:code>
               <v12:source>?</v12:source>
               <v12:description>?</v12:description>
            </v12:exception>
         </v1:exceptions>
      </v1:consultActiveCardsResponse>
   </soapenv:Body>
</soapenv:Envelope>]]></con:responseContent><con:wsaConfig mustUnderstand="NONE" version="200508" action="http://fidus.brussels/services/europeandisabilitycardservice/consultActiveCards"/></con:response><con:dispatchConfig/></con:mockOperation><con:mockOperation name="consultAllCards" id="6f537f29-83dc-449b-9ade-ad8412322538" interface="EuropeanDisabilityCardServiceHTTPBinding" operation="consultAllCards"><con:settings/><con:defaultResponse>Response 1</con:defaultResponse><con:dispatchStyle>SEQUENCE</con:dispatchStyle><con:response name="Response 1" id="d94533b9-0447-479f-98c7-738f216bd41f" httpResponseStatus="200" encoding="UTF-8"><con:settings/><con:responseContent><![CDATA[<soapenv:Envelope xmlns:soapenv="http://schemas.xmlsoap.org/soap/envelope/" xmlns:v1="http://fidus.brussels/service/europeandisabilitycardservice/messages/v1" xmlns:v11="http://fidus.brussels/type/common/messages/v1" xmlns:v12="http://fidus.brussels/type/common/exceptions/v1">
   <soapenv:Header/>
   <soapenv:Body>
      <v1:consultAllCardsResponse>
         <v1:messageContext>
            <v11:messageId>?</v11:messageId>
            <v11:transactionId>?</v11:transactionId>
            <!--Optional:-->
            <v11:timestamp>?</v11:timestamp>
         </v1:messageContext>
         <!--Optional:-->
         <v1:responses>
            <informationCustomer>
               <!--Optional:-->
               <ticket>?</ticket>
               <!--Optional:-->
               <timestampSent>?</timestampSent>
               <customerIdentification>
                  <!--You have a CHOICE of the next 2 items at this level-->
                  <cbeNumber>?</cbeNumber>
                  <sector>?</sector>
                  <institution>?</institution>
               </customerIdentification>
            </informationCustomer>
            <informationCBSS>
               <ticketCBSS>?</ticketCBSS>
               <timestampReceive>?</timestampReceive>
               <timestampReply>?</timestampReply>
            </informationCBSS>
            <legalContext>?</legalContext>
            <criteria>
               <ssin>?</ssin>
            </criteria>
            <status>
               <value>?</value>
               <code>?</code>
               <!--Optional:-->
               <description>?</description>
               <!--0 to 15 repetitions:-->
               <information>
                  <fieldName>?</fieldName>
                  <!--Optional:-->
                  <fieldValue>?</fieldValue>
               </information>
            </status>
            <!--Optional:-->
            <ssin canceled="?" replacedBy="?">?</ssin>
            <!--Optional:-->
            <allCards>
               <!--1 or more repetitions:-->
               <card>
                  <cardNumber>?</cardNumber>
                  <lifePhase>?</lifePhase>
                  <!--Optional:-->
                  <failureOrReturnReason>?</failureOrReturnReason>
                  <validityBeginDate>?</validityBeginDate>
                  <validityEndDate>?</validityEndDate>
                  <!--Optional:-->
                  <prematureValidityEndDate>?</prematureValidityEndDate>
                  <emittingPartner>?</emittingPartner>
                  <latestUpdateTimestamp>?</latestUpdateTimestamp>
               </card>
            </allCards>
         </v1:responses>
         <!--Optional:-->
         <v1:exceptions>
            <!--1 or more repetitions:-->
            <v12:exception>
               <v12:type>?</v12:type>
               <v12:code>?</v12:code>
               <v12:source>?</v12:source>
               <v12:description>?</v12:description>
            </v12:exception>
         </v1:exceptions>
      </v1:consultAllCardsResponse>
   </soapenv:Body>
</soapenv:Envelope>]]></con:responseContent><con:wsaConfig mustUnderstand="NONE" version="200508" action="http://fidus.brussels/services/europeandisabilitycardservice/consultAllCards"/></con:response><con:dispatchConfig/></con:mockOperation><con:mockOperation name="createCard" id="37492b36-132c-4cb3-87f8-c64bc9a995e1" interface="EuropeanDisabilityCardServiceHTTPBinding" operation="createCard"><con:settings/><con:defaultResponse>Response 1</con:defaultResponse><con:dispatchStyle>SEQUENCE</con:dispatchStyle><con:response name="Response 1" id="60f56773-f9e5-467d-be78-8da4389b583f" httpResponseStatus="200" encoding="UTF-8"><con:settings/><con:responseContent><![CDATA[<soapenv:Envelope xmlns:soapenv="http://schemas.xmlsoap.org/soap/envelope/" xmlns:v1="http://fidus.brussels/service/europeandisabilitycardservice/messages/v1" xmlns:v11="http://fidus.brussels/type/common/messages/v1" xmlns:v12="http://fidus.brussels/type/common/exceptions/v1">
   <soapenv:Header/>
   <soapenv:Body>
      <v1:createCardResponse>
         <v1:messageContext>
            <v11:messageId>?</v11:messageId>
            <v11:transactionId>?</v11:transactionId>
            <!--Optional:-->
            <v11:timestamp>?</v11:timestamp>
         </v1:messageContext>
         <!--Optional:-->
         <v1:responses>
            <informationCustomer>
               <!--Optional:-->
               <ticket>?</ticket>
               <!--Optional:-->
               <timestampSent>?</timestampSent>
               <customerIdentification>
                  <!--You have a CHOICE of the next 2 items at this level-->
                  <cbeNumber>?</cbeNumber>
                  <sector>?</sector>
                  <institution>?</institution>
               </customerIdentification>
            </informationCustomer>
            <informationCBSS>
               <ticketCBSS>?</ticketCBSS>
               <timestampReceive>?</timestampReceive>
               <timestampReply>?</timestampReply>
            </informationCBSS>
            <legalContext>?</legalContext>
            <criteria>
               <ssin>?</ssin>
               <emittingPartner>?</emittingPartner>
               <language>?</language>
               <forceCreation>?</forceCreation>
            </criteria>
            <status>
               <value>?</value>
               <code>?</code>
               <!--Optional:-->
               <description>?</description>
               <!--0 to 15 repetitions:-->
               <information>
                  <fieldName>?</fieldName>
                  <!--Optional:-->
                  <fieldValue>?</fieldValue>
               </information>
            </status>
            <ssin canceled="?" replacedBy="?">?</ssin>
            <!--Optional:-->
            <newCard>
               <card>
                  <cardNumber>?</cardNumber>
                  <lifePhase>?</lifePhase>
                  <!--Optional:-->
                  <failureOrReturnReason>?</failureOrReturnReason>
                  <validityBeginDate>?</validityBeginDate>
                  <validityEndDate>?</validityEndDate>
                  <!--Optional:-->
                  <prematureValidityEndDate>?</prematureValidityEndDate>
                  <emittingPartner>?</emittingPartner>
                  <latestUpdateTimestamp>?</latestUpdateTimestamp>
               </card>
               <legalData>
                  <lastName>?</lastName>
                  <!--Optional:-->
                  <firstName>?</firstName>
                  <genderCode>?</genderCode>
                  <birthDate>?</birthDate>
                  <address>
                     <!--You have a CHOICE of the next 2 items at this level-->
                     <belgianAddress>
                        <postalCode>?</postalCode>
                        <cityName>?</cityName>
                        <streetName>?</streetName>
                        <!--Optional:-->
                        <houseNumber>?</houseNumber>
                        <!--Optional:-->
                        <boxNumber>?</boxNumber>
                     </belgianAddress>
                     <diplomaticPostAddress>
                        <countryName>?</countryName>
                        <plainAddress>?</plainAddress>
                     </diplomaticPostAddress>
                  </address>
                  <photoPresent>?</photoPresent>
               </legalData>
            </newCard>
            <!--Optional:-->
            <otherActiveCards>
               <!--1 to 10 repetitions:-->
               <card>
                  <cardNumber>?</cardNumber>
                  <lifePhase>?</lifePhase>
                  <!--Optional:-->
                  <failureOrReturnReason>?</failureOrReturnReason>
                  <validityBeginDate>?</validityBeginDate>
                  <validityEndDate>?</validityEndDate>
                  <!--Optional:-->
                  <prematureValidityEndDate>?</prematureValidityEndDate>
                  <emittingPartner>?</emittingPartner>
                  <latestUpdateTimestamp>?</latestUpdateTimestamp>
               </card>
            </otherActiveCards>
         </v1:responses>
         <!--Optional:-->
         <v1:exceptions>
            <!--1 or more repetitions:-->
            <v12:exception>
               <v12:type>?</v12:type>
               <v12:code>?</v12:code>
               <v12:source>?</v12:source>
               <v12:description>?</v12:description>
            </v12:exception>
         </v1:exceptions>
      </v1:createCardResponse>
   </soapenv:Body>
</soapenv:Envelope>]]></con:responseContent><con:wsaConfig mustUnderstand="NONE" version="200508" action="http://fidus.brussels/services/europeandisabilitycardservice/createCard"/></con:response><con:dispatchConfig/></con:mockOperation><con:mockOperation name="stopOrCancelCard" id="9a242153-1c78-4b08-95af-c49cedd5db47" interface="EuropeanDisabilityCardServiceHTTPBinding" operation="stopOrCancelCard"><con:settings/><con:defaultResponse>Response 1</con:defaultResponse><con:dispatchStyle>SEQUENCE</con:dispatchStyle><con:response name="Response 1" id="f90f7dc3-1ff6-4c78-968e-439afb632b34" httpResponseStatus="200" encoding="UTF-8"><con:settings/><con:responseContent><![CDATA[<soapenv:Envelope xmlns:soapenv="http://schemas.xmlsoap.org/soap/envelope/" xmlns:v1="http://fidus.brussels/service/europeandisabilitycardservice/messages/v1" xmlns:v11="http://fidus.brussels/type/common/messages/v1" xmlns:v12="http://fidus.brussels/type/common/exceptions/v1">
   <soapenv:Header/>
   <soapenv:Body>
      <v1:stopOrCancelCardResponse>
         <v1:messageContext>
            <v11:messageId>?</v11:messageId>
            <v11:transactionId>?</v11:transactionId>
            <!--Optional:-->
            <v11:timestamp>?</v11:timestamp>
         </v1:messageContext>
         <!--Optional:-->
         <v1:responses>
            <informationCustomer>
               <!--Optional:-->
               <ticket>?</ticket>
               <!--Optional:-->
               <timestampSent>?</timestampSent>
               <customerIdentification>
                  <!--You have a CHOICE of the next 2 items at this level-->
                  <cbeNumber>?</cbeNumber>
                  <sector>?</sector>
                  <institution>?</institution>
               </customerIdentification>
            </informationCustomer>
            <informationCBSS>
               <ticketCBSS>?</ticketCBSS>
               <timestampReceive>?</timestampReceive>
               <timestampReply>?</timestampReply>
            </informationCBSS>
            <legalContext>?</legalContext>
            <criteria>
               <cardNumber>?</cardNumber>
               <emittingPartner>?</emittingPartner>
            </criteria>
            <status>
               <value>?</value>
               <code>?</code>
               <!--Optional:-->
               <description>?</description>
               <!--0 to 15 repetitions:-->
               <information>
                  <fieldName>?</fieldName>
                  <!--Optional:-->
                  <fieldValue>?</fieldValue>
               </information>
            </status>
            <!--Optional:-->
            <result>
               <!--You have a CHOICE of the next 2 items at this level-->
               <prematureValidityEndDate>?</prematureValidityEndDate>
               <cardCanceled>true</cardCanceled>
            </result>
         </v1:responses>
         <!--Optional:-->
         <v1:exceptions>
            <!--1 or more repetitions:-->
            <v12:exception>
               <v12:type>?</v12:type>
               <v12:code>?</v12:code>
               <v12:source>?</v12:source>
               <v12:description>?</v12:description>
            </v12:exception>
         </v1:exceptions>
      </v1:stopOrCancelCardResponse>
   </soapenv:Body>
</soapenv:Envelope>]]></con:responseContent><con:wsaConfig mustUnderstand="NONE" version="200508" action="http://fidus.brussels/services/europeandisabilitycardservice/stopOrCancelCard"/></con:response><con:dispatchConfig/></con:mockOperation></con:mockService><con:properties/><con:wssContainer><con:crypto><con:source>data/wso2/keystores/user-rajarshi.jks</con:source><con:password>test@fidus01</con:password><con:type>KEYSTORE</con:type></con:crypto><con:outgoing><con:name>Outflow DEV</con:name></con:outgoing><con:outgoing><con:name>Outflow TEST</con:name><con:entry type="Signature" username="testuser-test.fidus.brussels" password="test@fidus01"><con:configuration><crypto>user-rajarshi.jks</crypto><keyIdentifierType>3</keyIdentifierType><signatureAlgorithm/><signatureCanonicalization/><useSingleCert>true</useSingleCert><digestAlgorithm/><customTokenValueType/><customTokenId/></con:configuration></con:entry><con:entry type="Timestamp"><con:configuration><timeToLive>300000</timeToLive><strictTimestamp>true</strictTimestamp></con:configuration></con:entry></con:outgoing><con:outgoing><con:name>Outflow STAG</con:name></con:outgoing><con:outgoing><con:name>Outflow PROD</con:name></con:outgoing></con:wssContainer><con:oAuth2ProfileContainer/><con:oAuth1ProfileContainer/><con:sensitiveInformation/></con:soapui-project>