<?xml version="1.0" encoding="UTF-8"?>
<con:soapui-project id="11b404ed-5013-42b2-92a9-013432525abe" activeEnvironment="Default" name="Client-MessageForMeService-1.0-soapui-project" resourceRoot="" soapui-version="5.1.3" abortOnError="false" runType="SEQUENTIAL" xmlns:con="http://eviware.com/soapui/config"><con:settings/><con:interface xsi:type="con:WsdlInterface" id="548e423b-90e0-4e19-b45f-01f908a20276" wsaVersion="NONE" name="MessageForMeServiceHTTPBinding" type="wsdl" bindingName="{http://fidus.brussels/service/messageformeservice/v1}MessageForMeServiceHTTPBinding" soapVersion="1_1" anonymous="optional" definition="file:/home/ebarbieux/Dev/fidus/messageformeservice/MessageForMeServiceGateway/src/main/resources/wsdl/messageForMeService/1.0.0/MessageForMeService_v1.wsdl" xmlns:xsi="http://www.w3.org/2001/XMLSchema-instance"><con:settings/><con:definitionCache type="TEXT" rootPart="file:/home/ebarbieux/Dev/fidus/messageformeservice/MessageForMeServiceGateway/src/main/resources/wsdl/messageForMeService/1.0.0/MessageForMeService_v1.wsdl"><con:part><con:url>file:/home/ebarbieux/Dev/fidus/messageformeservice/MessageForMeServiceGateway/src/main/resources/wsdl/messageForMeService/1.0.0/MessageForMeService_v1.wsdl</con:url><con:content><![CDATA[<wsdl:definitions name="MessageForMeService" targetNamespace="http://fidus.brussels/service/messageformeservice/v1" xmlns:soap="http://schemas.xmlsoap.org/wsdl/soap/" xmlns:wsdl="http://schemas.xmlsoap.org/wsdl/" xmlns:xsd="http://www.w3.org/2001/XMLSchema" xmlns:mes="http://fidus.brussels/service/messageformeservice/messages/v1" xmlns:tns="http://fidus.brussels/service/messageformeservice/v1">
  <wsdl:types>
    <xsd:schema targetNamespace="http://fidus.brussels/service/messageformeservice/v1" elementFormDefault="qualified">
      <xsd:import namespace="http://fidus.brussels/service/messageformeservice/messages/v1" schemaLocation="messages/messageForMeServiceMessages_v1.xsd"/>
    </xsd:schema>
  </wsdl:types>
  <wsdl:message name="sendNotificationRequestMessage">
    <wsdl:part name="SendNotificationRequest" element="mes:sendNotificationRequest"/>
  </wsdl:message>
  <wsdl:message name="sendNotificationResponseMessage">
    <wsdl:part name="SendNotificationResponse" element="mes:sendNotificationResponse"/>
  </wsdl:message>
  <wsdl:message name="receiveNotificationRequest">
    <wsdl:part name="ReceiveNotificationRequest" element="mes:receiveNotificationRequest"/>
  </wsdl:message>
  <wsdl:message name="receiveNotificationResponse">
    <wsdl:part name="ReceiveNotificationResponse" element="mes:receiveNotificationResponse"/>
  </wsdl:message>
  <wsdl:message name="deleteNotificationRequest">
    <wsdl:part name="DeleteNotificationRequest" element="mes:deleteNotificationRequest"/>
  </wsdl:message>
  <wsdl:message name="deleteNotificationResponse">
    <wsdl:part name="DeleteNotificationResponse" element="mes:deleteNotificationResponse"/>
  </wsdl:message>
  <wsdl:portType name="SendNotificationPortType">
    <wsdl:operation name="sendNotification">
      <wsdl:input message="tns:sendNotificationRequest"/>
      <wsdl:output message="tns:sendNotificationResponseMessage"/>
    </wsdl:operation>
  </wsdl:portType>
  <wsdl:portType name="ReceiveNotificationPortType">
    <wsdl:operation name="sendNotification">
      <wsdl:input message="tns:sendNotificationRequestMessage"/>
      <wsdl:output message="tns:sendNotificationResponseMessage"/>
    </wsdl:operation>
    <wsdl:operation name="receiveNotification">
      <wsdl:input message="tns:receiveNotificationRequest"/>
      <wsdl:output message="tns:receiveNotificationResponse"/>
    </wsdl:operation>
    <wsdl:operation name="deleteNotification">
      <wsdl:input message="tns:deleteNotificationRequest"/>
      <wsdl:output message="tns:deleteNotificationResponse"/>
    </wsdl:operation>
  </wsdl:portType>
  <wsdl:binding name="MessageForMeServiceHTTPBinding" type="tns:ReceiveNotificationPortType">
    <soap:binding style="document" transport="http://schemas.xmlsoap.org/soap/http"/>
    <wsdl:operation name="sendNotification">
      <soap:operation soapAction="http://fidus.brussels/services/messageformeservice/sendNotification"/>
      <wsdl:input>
        <soap:body use="literal"/>
      </wsdl:input>
      <wsdl:output>
        <soap:body use="literal"/>
      </wsdl:output>
    </wsdl:operation>
    <wsdl:operation name="receiveNotification">
      <soap:operation soapAction="http://fidus.brussels/services/messageformeservice/receiveNotification"/>
      <wsdl:input>
        <soap:body use="literal"/>
      </wsdl:input>
      <wsdl:output>
        <soap:body use="literal"/>
      </wsdl:output>
    </wsdl:operation>
    <wsdl:operation name="deleteNotification">
      <soap:operation soapAction="http://fidus.brussels/services/messageformeservice/deleteNotification"/>
      <wsdl:input>
        <soap:body use="literal"/>
      </wsdl:input>
      <wsdl:output>
        <soap:body use="literal"/>
      </wsdl:output>
    </wsdl:operation>
  </wsdl:binding>
  <wsdl:service name="MessageForMeService_v1">
    <wsdl:port name="MessageForMeService_v1" binding="tns:MessageForMeServiceHTTPBinding">
      <soap:address location="http://fidus.brussels/services/messageformeservice/v1"/>
    </wsdl:port>
  </wsdl:service>
  <xsd:annotation>
    <xsd:documentation>MessageForMeService WDSL v1.</xsd:documentation>
  </xsd:annotation>
</wsdl:definitions>]]></con:content><con:type>http://schemas.xmlsoap.org/wsdl/</con:type></con:part><con:part><con:url>file:/home/ebarbieux/Dev/fidus/messageformeservice/MessageForMeServiceGateway/src/main/resources/wsdl/messageForMeService/1.0.0/messages/messageForMeServiceMessages_v1.xsd</con:url><con:content><![CDATA[<xsd:schema targetNamespace="http://fidus.brussels/service/messageformeservice/messages/v1" elementFormDefault="qualified" attributeFormDefault="unqualified" version="1.0" xmlns:xsd="http://www.w3.org/2001/XMLSchema" xmlns:cme="http://fidus.brussels/type/common/messages/v1" xmlns:exc="http://fidus.brussels/type/common/exceptions/v1" xmlns:tns="http://fidus.brussels/service/messageformeservice/messages/v1">
  <xsd:import namespace="http://fidus.brussels/type/common/messages/v1" schemaLocation="baseMessageTypes_v1.xsd"/>
  <xsd:import namespace="http://fidus.brussels/type/common/exceptions/v1" schemaLocation="exceptionTypes_v1.xsd"/>
  <xsd:simpleType name="ConsumerId">
    <xsd:annotation>
      <xsd:documentation>The consumer identification Id</xsd:documentation>
    </xsd:annotation>
    <xsd:restriction base="xsd:string">
      <xsd:minLength value="1"/>
      <xsd:maxLength value="64"/>
    </xsd:restriction>
  </xsd:simpleType>
  <xsd:simpleType name="TopicIdType">
    <xsd:annotation>
      <xsd:documentation>The topic identification Id</xsd:documentation>
    </xsd:annotation>
    <xsd:restriction base="xsd:string">
      <xsd:minLength value="1"/>
      <xsd:maxLength value="64"/>
    </xsd:restriction>
  </xsd:simpleType>
  <xsd:simpleType name="NotificationId">
    <xsd:annotation>
      <xsd:documentation>The notification identification Id</xsd:documentation>
    </xsd:annotation>
    <xsd:restriction base="xsd:string">
      <xsd:minLength value="1"/>
      <xsd:maxLength value="64"/>
    </xsd:restriction>
  </xsd:simpleType>
  <xsd:simpleType name="statusCode">
    <xsd:restriction base="xsd:string">
      <xsd:enumeration value="OK"/>
      <xsd:enumeration value="NOK"/>
    </xsd:restriction>
  </xsd:simpleType>
  <xsd:complexType name="XmlDataType" mixed="true">
    <xsd:annotation>
      <xsd:documentation>Xml data content</xsd:documentation>
    </xsd:annotation>
    <xsd:sequence>
      <xsd:any minOccurs="0" processContents="lax" namespace="##any"/>
    </xsd:sequence>
  </xsd:complexType>
  <xsd:complexType name="NotificationType">
    <xsd:sequence>
      <xsd:element name="notificationId" type="tns:NotificationId"/>
      <xsd:element name="data" type="tns:XmlDataType"/>
    </xsd:sequence>
  </xsd:complexType>
  <xsd:complexType name="NotificationList">
    <xsd:sequence>
      <xsd:element name="notificationId" type="tns:NotificationId" minOccurs="1" maxOccurs="50"/>
    </xsd:sequence>
  </xsd:complexType>
  <xsd:complexType name="SendNotificationRequestType">
    <xsd:annotation>
      <xsd:documentation>Send a notification</xsd:documentation>
    </xsd:annotation>
    <xsd:sequence>
      <xsd:element name="consumerId" type="tns:ConsumerId"/>
      <xsd:element name="topicId" type="tns:TopicIdType"/>
      <xsd:element name="data" type="tns:XmlDataType"/>
    </xsd:sequence>
  </xsd:complexType>
  <xsd:complexType name="ReceiveNotificationRequestType">
    <xsd:annotation>
      <xsd:documentation>Receive a notification</xsd:documentation>
    </xsd:annotation>
    <xsd:sequence>
      <xsd:element name="topicId" type="tns:TopicIdType"/>
      <xsd:element name="waitTimeSeconds" type="tns:waitTimeSeconds" minOccurs="1" maxOccurs="1" nillable="false"/>
      <xsd:element name="maxNumberOfNotifications" type="tns:maxNumberOfNotifications" minOccurs="1" maxOccurs="1"/>
      <xsd:element name="autoDelete" type="xsd:boolean" default="false"/>
    </xsd:sequence>
  </xsd:complexType>
  <xsd:simpleType name="waitTimeSeconds">
    <xsd:restriction base="xsd:nonNegativeInteger">
      <xsd:maxInclusive value="60"/>
    </xsd:restriction>
  </xsd:simpleType>
  <xsd:simpleType name="maxNumberOfNotifications">
    <xsd:restriction base="xsd:nonNegativeInteger">
      <xsd:maxInclusive value="50"/>
    </xsd:restriction>
  </xsd:simpleType>
  <xsd:complexType name="DeleteNotificationRequestType">
    <xsd:annotation>
      <xsd:documentation>Delete notifications</xsd:documentation>
    </xsd:annotation>
    <xsd:sequence>
      <xsd:element name="topicId" type="tns:TopicIdType"/>
      <xsd:element name="notificationIds" type="tns:NotificationList"/>
    </xsd:sequence>
  </xsd:complexType>
  <!--Request SendMessageForMeServiceRequestType definition-->
  <xsd:complexType name="SendMessageForMeServiceRequestType">
    <xsd:sequence>
      <xsd:element name="messageContext" type="cme:RequestMessageContextType"/>
      <xsd:element name="legalContext" type="cme:LegalContextType"/>
      <xsd:element name="request" type="tns:SendNotificationRequestType"/>
    </xsd:sequence>
  </xsd:complexType>
  <!--Request SendMessageForMeServiceResponseType definition-->
  <xsd:complexType name="SendMessageForMeServiceResponseType">
    <xsd:sequence>
      <xsd:element name="messageContext" type="cme:ResponseMessageContextType"/>
      <xsd:element name="responses" type="tns:SendNotificationResponsesType" minOccurs="0"/>
      <xsd:element name="exceptions" type="exc:ExceptionsType" minOccurs="0">
        <xsd:annotation>
          <xsd:documentation>Technical errors that occur when processing the message context e.g. insufficient rights.</xsd:documentation>
        </xsd:annotation>
      </xsd:element>
    </xsd:sequence>
  </xsd:complexType>
  <!--Request ReceiveMessageForMeServiceRequestType definition-->
  <xsd:complexType name="ReceiveMessageForMeServiceRequestType">
    <xsd:sequence>
      <xsd:element name="messageContext" type="cme:RequestMessageContextType"/>
      <xsd:element name="legalContext" type="cme:LegalContextType"/>
      <xsd:element name="request" type="tns:ReceiveNotificationRequestType"/>
    </xsd:sequence>
  </xsd:complexType>
  <!--Request ReceiveMessageForMeServiceResponseType definition-->
  <xsd:complexType name="ReceiveMessageForMeServiceResponseType">
    <xsd:sequence>
      <xsd:element name="messageContext" type="cme:ResponseMessageContextType"/>
      <xsd:element name="responses" type="tns:ReceiveNotificationResponseType"/>
      <xsd:element name="exceptions" type="exc:ExceptionsType" minOccurs="0">
        <xsd:annotation>
          <xsd:documentation>Technical errors that occur when processing the message context e.g. insufficient rights.</xsd:documentation>
        </xsd:annotation>
      </xsd:element>
    </xsd:sequence>
  </xsd:complexType>
  <!--Request DeleteMessageForMeServiceRequestType definition-->
  <xsd:complexType name="DeleteMessageForMeServiceRequestType">
    <xsd:sequence>
      <xsd:element name="messageContext" type="cme:RequestMessageContextType"/>
      <xsd:element name="legalContext" type="cme:LegalContextType"/>
      <xsd:element name="request" type="tns:DeleteNotificationRequestType"/>
    </xsd:sequence>
  </xsd:complexType>
  <!--Request DeleteMessageForMeServiceResponseType definition-->
  <xsd:complexType name="DeleteMessageForMeServiceResponseType">
    <xsd:sequence>
      <xsd:element name="messageContext" type="cme:ResponseMessageContextType"/>
      <xsd:element name="responses" type="tns:DeleteNotificationResponsesType"/>
      <xsd:element name="exceptions" type="exc:ExceptionsType" minOccurs="0">
        <xsd:annotation>
          <xsd:documentation>Technical errors that occur when processing the message context e.g. insufficient rights.</xsd:documentation>
        </xsd:annotation>
      </xsd:element>
    </xsd:sequence>
  </xsd:complexType>
  <xsd:complexType name="SendNotificationResponsesType">
    <xsd:sequence>
      <xsd:element name="notificationId" type="tns:NotificationId"/>
    </xsd:sequence>
  </xsd:complexType>
  <xsd:complexType name="ReceiveNotificationResponseType">
    <xsd:sequence>
      <xsd:element name="notification" minOccurs="0" maxOccurs="unbounded" type="tns:NotificationType"/>
      <xsd:element name="notificationRemaining" minOccurs="1" maxOccurs="1" type="xsd:boolean"/>
    </xsd:sequence>
  </xsd:complexType>
  <xsd:complexType name="DeleteNotificationResponsesType">
    <xsd:sequence>
      <xsd:element name="status" minOccurs="1" maxOccurs="1" type="tns:statusCode"/>
    </xsd:sequence>
  </xsd:complexType>
  <!--Element of the request and the response-->
  <xsd:element name="sendNotificationRequest" type="tns:SendMessageForMeServiceRequestType"/>
  <xsd:element name="sendNotificationResponse" type="tns:SendMessageForMeServiceResponseType"/>
  <xsd:element name="receiveNotificationRequest" type="tns:ReceiveMessageForMeServiceRequestType"/>
  <xsd:element name="receiveNotificationResponse" type="tns:ReceiveMessageForMeServiceResponseType"/>
  <xsd:element name="deleteNotificationRequest" type="tns:DeleteMessageForMeServiceRequestType"/>
  <xsd:element name="deleteNotificationResponse" type="tns:DeleteMessageForMeServiceResponseType"/>
</xsd:schema>]]></con:content><con:type>http://www.w3.org/2001/XMLSchema</con:type></con:part><con:part><con:url>file:/home/ebarbieux/Dev/fidus/messageformeservice/MessageForMeServiceGateway/src/main/resources/wsdl/messageForMeService/1.0.0/messages/baseMessageTypes_v1.xsd</con:url><con:content><![CDATA[<xsd:schema targetNamespace="http://fidus.brussels/type/common/messages/v1" elementFormDefault="qualified" attributeFormDefault="unqualified" version="1.0" xmlns:xsd="http://www.w3.org/2001/XMLSchema" xmlns:tns="http://fidus.brussels/type/common/messages/v1">
  <!--Unformatted message Id-->
  <xsd:simpleType name="MessageIdType">
    <xsd:restriction base="xsd:string">
      <xsd:minLength value="1"/>
      <xsd:maxLength value="64"/>
    </xsd:restriction>
  </xsd:simpleType>
  <!--National Number of the person. Format depending on the Register-->
  <xsd:simpleType name="PersonNumberType">
    <xsd:restriction base="xsd:string">
      <xsd:pattern value="[0-9][0-9](([0][0-9])|([1][0-2]))(([0-2][0-9])|([3][0-1]))(([0-9]{2}[1-9])|([0-9][1-9][0-9])|([1-9][0-9]{2}))(([0-8][0-9])|([9][0-7]))">
        <xsd:annotation>
          <xsd:documentation>National Register format</xsd:documentation>
        </xsd:annotation>
      </xsd:pattern>
      <xsd:pattern value="[0-9][0-9](([2][0-9])|([3][0-2]))(([0-2][0-9])|([3][0-1]))[0-9]{3}(([0-8][0-9])|([9][0-7]))">
        <xsd:annotation>
          <xsd:documentation>CBSS Register format: Bis Register</xsd:documentation>
        </xsd:annotation>
      </xsd:pattern>
      <xsd:pattern value="[0-9][0-9](([4][0-9])|([5][0-2]))(([0-2][0-9])|([3][0-1]))[0-9]{3}(([0-8][0-9])|([9][0-7]))">
        <xsd:annotation>
          <xsd:documentation>CBSS Register format: Ter Register</xsd:documentation>
        </xsd:annotation>
      </xsd:pattern>
    </xsd:restriction>
  </xsd:simpleType>
  <!--Request message context-->
  <xsd:complexType name="RequestMessageContextType">
    <xsd:annotation>
      <xsd:documentation>Message context block generated by the consumer.</xsd:documentation>
    </xsd:annotation>
    <xsd:sequence>
      <xsd:element name="messageId" type="tns:MessageIdType">
        <xsd:annotation>
          <xsd:documentation>Consumer must assign their own MessageId reference for the request.</xsd:documentation>
        </xsd:annotation>
      </xsd:element>
      <xsd:element name="timestamp" type="xsd:dateTime" minOccurs="0">
        <xsd:annotation>
          <xsd:documentation>Timestamp when client sent request.</xsd:documentation>
        </xsd:annotation>
      </xsd:element>
    </xsd:sequence>
  </xsd:complexType>
  <!--Response message context-->
  <xsd:complexType name="ResponseMessageContextType">
    <xsd:annotation>
      <xsd:documentation>MessageContext block generated by fidus.</xsd:documentation>
    </xsd:annotation>
    <xsd:sequence>
      <xsd:element name="messageId" type="tns:MessageIdType">
        <xsd:annotation>
          <xsd:documentation>A unique identifier generated by fidus.</xsd:documentation>
        </xsd:annotation>
      </xsd:element>
      <xsd:element name="transactionId" type="tns:MessageIdType">
        <xsd:annotation>
          <xsd:documentation>A unique ID returned to the client for tracing purposes.</xsd:documentation>
        </xsd:annotation>
      </xsd:element>
      <xsd:element name="relatesTo" type="tns:MessageIdType" minOccurs="0">
        <xsd:annotation>
          <xsd:documentation>Optional field. The unique id of a previous batch file in this exchange Only used for responses.</xsd:documentation>
        </xsd:annotation>
      </xsd:element>
      <xsd:element name="timestamp" type="xsd:dateTime" minOccurs="0">
        <xsd:annotation>
          <xsd:documentation>Time reply sent by fidus.</xsd:documentation>
        </xsd:annotation>
      </xsd:element>
    </xsd:sequence>
  </xsd:complexType>
  <!--Legal Context : the finality of the Privacy Commission-->
  <xsd:simpleType name="LegalContextType">
    <xsd:restriction base="xsd:string">
      <xsd:minLength value="1"/>
      <xsd:maxLength value="64"/>
    </xsd:restriction>
  </xsd:simpleType>
  <xsd:complexType name="UserContextType">
    <xsd:annotation>
      <xsd:documentation>The user context defines information regarding the actual user performing a request.</xsd:documentation>
    </xsd:annotation>
    <xsd:sequence>
      <xsd:element name="language" type="xsd:language" nillable="true">
        <xsd:annotation>
          <xsd:documentation>The preferred language of the actual user performing the request.
						This influences the language in which response elements are cast.</xsd:documentation>
        </xsd:annotation>
      </xsd:element>
    </xsd:sequence>
  </xsd:complexType>
</xsd:schema>]]></con:content><con:type>http://www.w3.org/2001/XMLSchema</con:type></con:part><con:part><con:url>file:/home/ebarbieux/Dev/fidus/messageformeservice/MessageForMeServiceGateway/src/main/resources/wsdl/messageForMeService/1.0.0/messages/exceptionTypes_v1.xsd</con:url><con:content><![CDATA[<xsd:schema targetNamespace="http://fidus.brussels/type/common/exceptions/v1" elementFormDefault="qualified" attributeFormDefault="unqualified" version="1.0" xmlns:xsd="http://www.w3.org/2001/XMLSchema" xmlns:tns="http://fidus.brussels/type/common/exceptions/v1">
  <!--Basic error typed-->
  <xsd:complexType name="ExceptionsType">
    <xsd:sequence>
      <xsd:element name="exception" type="tns:ExceptionType" maxOccurs="unbounded"/>
    </xsd:sequence>
  </xsd:complexType>
  <xsd:complexType name="ExceptionType">
    <xsd:sequence>
      <xsd:element name="type" type="tns:ExceptionClassType"/>
      <xsd:element name="code" type="tns:ExceptionCodeType"/>
      <xsd:element name="source" type="tns:ExceptionSourceType"/>
      <xsd:element name="description" type="tns:ExceptionDescriptionType"/>
    </xsd:sequence>
  </xsd:complexType>
  <xsd:simpleType name="ExceptionClassType">
    <xsd:restriction base="xsd:string">
      <xsd:enumeration value="ERROR"/>
      <xsd:enumeration value="WARNING"/>
      <xsd:enumeration value="INFO"/>
    </xsd:restriction>
  </xsd:simpleType>
  <xsd:simpleType name="ExceptionCodeType">
    <xsd:restriction base="xsd:string">
      <xsd:maxLength value="20"/>
    </xsd:restriction>
  </xsd:simpleType>
  <xsd:simpleType name="ExceptionSourceType">
    <xsd:restriction base="xsd:string">
      <xsd:maxLength value="20"/>
    </xsd:restriction>
  </xsd:simpleType>
  <xsd:simpleType name="ExceptionDescriptionType">
    <xsd:restriction base="xsd:string"/>
  </xsd:simpleType>
</xsd:schema>]]></con:content><con:type>http://www.w3.org/2001/XMLSchema</con:type></con:part></con:definitionCache><con:endpoints><con:endpoint>http://fidus.brussels/services/messageformeservice/v1</con:endpoint></con:endpoints><con:operation id="afcad64e-a1e0-482a-969f-892b627e7b0c" isOneWay="false" action="http://fidus.brussels/services/messageformeservice/sendNotification" name="sendNotification" bindingOperationName="sendNotification" type="Request-Response" inputName="" receivesAttachments="false" sendsAttachments="false" anonymous="optional"><con:settings/><con:call id="0f12defc-3948-46ab-a16f-44f66b4a715c" name="1 - Local - Request - OK" outgoingWss="Outflow DEV" incomingWss="Inflow DEV"><con:settings><con:setting id="com.eviware.soapui.impl.wsdl.WsdlRequest@request-headers">&lt;xml-fragment/></con:setting></con:settings><con:encoding>UTF-8</con:encoding><con:endpoint>https://localhost:8243/services/MessageForMeService_v1.0</con:endpoint><con:request><![CDATA[<soapenv:Envelope xmlns:soapenv="http://schemas.xmlsoap.org/soap/envelope/" xmlns:v1="http://fidus.brussels/service/messageformeservice/messages/v1" xmlns:v11="http://fidus.brussels/type/common/messages/v1">
   <soapenv:Header/>
   <soapenv:Body>
      <v1:sendNotificationRequest>
         <v1:messageContext>
            <v11:messageId>${=import static java.util.UUID.randomUUID; uuid = randomUUID() as String}</v11:messageId>
         </v1:messageContext>
         <v1:legalContext>ServiceIntegrator</v1:legalContext>
         <v1:request>
            <v1:consumerId>CIRB-CIBG</v1:consumerId>
            <v1:topicId>PersonService</v1:topicId>
            <v1:data>one data</v1:data>
         </v1:request>
      </v1:sendNotificationRequest>
   </soapenv:Body>
</soapenv:Envelope>]]></con:request><con:credentials><con:selectedAuthProfile>Basic</con:selectedAuthProfile><con:addedBasicAuthenticationTypes>Basic</con:addedBasicAuthenticationTypes><con:authType>Global HTTP Settings</con:authType></con:credentials><con:jmsConfig JMSDeliveryMode="PERSISTENT"/><con:jmsPropertyConfig/><con:wsaConfig mustUnderstand="NONE" version="200508" action="http://fidus.brussels/services/accessmanagerservice/getDomain"/><con:wsrmConfig version="1.2"/></con:call><con:call id="162a7cfc-6c78-4326-bf6e-2d5603ead13f" name="3 - Test - LB - Request" outgoingWss="Outflow TEST"><con:settings><con:setting id="com.eviware.soapui.impl.wsdl.WsdlRequest@request-headers">&lt;xml-fragment/></con:setting></con:settings><con:encoding>UTF-8</con:encoding><con:endpoint>https://esb-security-gw.sta.srv.cirb.lan:8443/services/MessageForMeService_v1.0</con:endpoint><con:request><![CDATA[<soapenv:Envelope xmlns:soapenv="http://schemas.xmlsoap.org/soap/envelope/" xmlns:v1="http://fidus.brussels/service/messageformeservice/messages/v1" xmlns:v11="http://fidus.brussels/type/common/messages/v1">
   <soapenv:Header/>
   <soapenv:Body>
      <v1:sendNotificationRequest>
         <v1:messageContext>
            <v11:messageId>${=import static java.util.UUID.randomUUID; uuid = randomUUID() as String}</v11:messageId>
         </v1:messageContext>
         <v1:legalContext>ServiceIntegrator</v1:legalContext>
         <v1:request>
            <v1:consumerId>FIDUS-TESTUSER</v1:consumerId>
            <v1:topicId>PersonService</v1:topicId>
            <v1:data><test>test</test></v1:data>
         </v1:request>
      </v1:sendNotificationRequest>
   </soapenv:Body>
</soapenv:Envelope>]]></con:request><con:credentials><con:selectedAuthProfile>Basic</con:selectedAuthProfile><con:addedBasicAuthenticationTypes>Basic</con:addedBasicAuthenticationTypes><con:authType>Global HTTP Settings</con:authType></con:credentials><con:jmsConfig JMSDeliveryMode="PERSISTENT"/><con:jmsPropertyConfig/><con:wsaConfig mustUnderstand="NONE" version="200508" action="http://fidus.brussels/services/accessmanagerservice/getDomain"/><con:wsrmConfig version="1.2"/></con:call><con:call id="dceea48e-a87f-4e17-9363-a428664cf44e" name="4 - Staging - LB - Request" incomingWss="Inflow STAGING" outgoingWss="Outflow STAGING"><con:settings><con:setting id="com.eviware.soapui.impl.wsdl.WsdlRequest@request-headers">&lt;xml-fragment/></con:setting></con:settings><con:encoding>UTF-8</con:encoding><con:endpoint>https://fidus-esb-sg.sta.srv.cirb.lan:8443/services/MessageForMeService_v1.0</con:endpoint><con:request><![CDATA[<soapenv:Envelope xmlns:soapenv="http://schemas.xmlsoap.org/soap/envelope/" xmlns:v1="http://fidus.brussels/service/messageformeservice/messages/v1" xmlns:v11="http://fidus.brussels/type/common/messages/v1">
   <soapenv:Header/>
   <soapenv:Body>
      <v1:sendNotificationRequest>
         <v1:messageContext>
            <v11:messageId>${=import static java.util.UUID.randomUUID; uuid = randomUUID() as String}</v11:messageId>
         </v1:messageContext>
         <v1:legalContext>ServiceIntegrator</v1:legalContext>
         <v1:request>
            <v1:consumerId>FIDUS-TESTUSER</v1:consumerId>
            <v1:topicId>PersonService</v1:topicId>
            <v1:data><test>test</test></v1:data>
         </v1:request>
      </v1:sendNotificationRequest>
   </soapenv:Body>
</soapenv:Envelope>]]></con:request><con:credentials><con:selectedAuthProfile>Basic</con:selectedAuthProfile><con:addedBasicAuthenticationTypes>Basic</con:addedBasicAuthenticationTypes><con:authType>Global HTTP Settings</con:authType></con:credentials><con:jmsConfig JMSDeliveryMode="PERSISTENT"/><con:jmsPropertyConfig/><con:wsaConfig mustUnderstand="NONE" version="200508" action="http://fidus.brussels/services/accessmanagerservice/getDomain"/><con:wsrmConfig version="1.2"/></con:call><con:call id="001cf2dc-2ec2-4409-a5db-4ef90200d5d6" name="2 - Dev - Request - OK" outgoingWss="Outflow DEV" incomingWss="Inflow DEV"><con:settings><con:setting id="com.eviware.soapui.impl.wsdl.WsdlRequest@request-headers">&lt;xml-fragment/></con:setting></con:settings><con:encoding>UTF-8</con:encoding><con:endpoint>https://192.168.36.61:8243/services/MessageForMeService_v1.0</con:endpoint><con:request><![CDATA[<soapenv:Envelope xmlns:soapenv="http://schemas.xmlsoap.org/soap/envelope/" xmlns:v1="http://fidus.brussels/service/messageformeservice/messages/v1" xmlns:v11="http://fidus.brussels/type/common/messages/v1">
   <soapenv:Header/>
   <soapenv:Body>
      <v1:sendNotificationRequest>
         <v1:messageContext>
            <v11:messageId>${=import static java.util.UUID.randomUUID; uuid = randomUUID() as String}</v11:messageId>
         </v1:messageContext>
         <v1:legalContext>ServiceIntegrator</v1:legalContext>
         <v1:request>
            <v1:consumerId>CIRB-CIBG</v1:consumerId>
            <v1:topicId>PersonService</v1:topicId>
            <v1:data>one data</v1:data>
         </v1:request>
      </v1:sendNotificationRequest>
   </soapenv:Body>
</soapenv:Envelope>]]></con:request><con:credentials><con:selectedAuthProfile>Basic</con:selectedAuthProfile><con:addedBasicAuthenticationTypes>Basic</con:addedBasicAuthenticationTypes><con:authType>Global HTTP Settings</con:authType></con:credentials><con:jmsConfig JMSDeliveryMode="PERSISTENT"/><con:jmsPropertyConfig/><con:wsaConfig mustUnderstand="NONE" version="200508" action="http://fidus.brussels/services/accessmanagerservice/getDomain"/><con:wsrmConfig version="1.2"/></con:call><con:call id="fd82976b-792d-4ca5-a0aa-3b38caa69e8e" name="5 - Prod - External - Request" incomingWss="Inflow PROD" outgoingWss="Outflow PROD"><con:settings><con:setting id="com.eviware.soapui.impl.wsdl.WsdlRequest@request-headers">&lt;xml-fragment/></con:setting></con:settings><con:encoding>UTF-8</con:encoding><con:endpoint>https://fidus.sec.brussels/services/MessageForMeService_v1.0</con:endpoint><con:request><![CDATA[<soapenv:Envelope xmlns:soapenv="http://schemas.xmlsoap.org/soap/envelope/" xmlns:v1="http://fidus.brussels/service/messageformeservice/messages/v1" xmlns:v11="http://fidus.brussels/type/common/messages/v1">
   <soapenv:Header/>
   <soapenv:Body>
      <v1:sendNotificationRequest>
         <v1:messageContext>
            <v11:messageId>${=import static java.util.UUID.randomUUID; uuid = randomUUID() as String}</v11:messageId>
         </v1:messageContext>
         <v1:legalContext>ServiceIntegrator</v1:legalContext>
         <v1:request>
            <v1:consumerId>FIDUS-TESTUSER</v1:consumerId>
            <v1:topicId>PersonService</v1:topicId>
            <v1:data><test>test</test></v1:data>
         </v1:request>
      </v1:sendNotificationRequest>
   </soapenv:Body>
</soapenv:Envelope>]]></con:request><con:credentials><con:selectedAuthProfile>Basic</con:selectedAuthProfile><con:addedBasicAuthenticationTypes>Basic</con:addedBasicAuthenticationTypes><con:authType>Global HTTP Settings</con:authType></con:credentials><con:jmsConfig JMSDeliveryMode="PERSISTENT"/><con:jmsPropertyConfig/><con:wsaConfig mustUnderstand="NONE" version="200508" action="http://fidus.brussels/services/accessmanagerservice/getDomain"/><con:wsrmConfig version="1.2"/></con:call><con:call id="89f2e7a2-5b2c-42f0-b173-5923c915539a" name="3 - Test - Worker1 - Request" outgoingWss="Outflow TEST" incomingWss="Inflow TEST"><con:settings><con:setting id="com.eviware.soapui.impl.wsdl.WsdlRequest@request-headers">&lt;xml-fragment/></con:setting></con:settings><con:encoding>UTF-8</con:encoding><con:endpoint>https://192.168.22.53:8443/services/MessageForMeService_v1.0</con:endpoint><con:request><![CDATA[<soapenv:Envelope xmlns:soapenv="http://schemas.xmlsoap.org/soap/envelope/" xmlns:v1="http://fidus.brussels/service/messageformeservice/messages/v1" xmlns:v11="http://fidus.brussels/type/common/messages/v1">
   <soapenv:Header/>
   <soapenv:Body>
      <v1:sendNotificationRequest>
         <v1:messageContext>
            <v11:messageId>${=import static java.util.UUID.randomUUID; uuid = randomUUID() as String}</v11:messageId>
         </v1:messageContext>
         <v1:legalContext>ServiceIntegrator</v1:legalContext>
         <v1:request>
            <v1:consumerId>FIDUS-TESTUSER</v1:consumerId>
            <v1:topicId>PersonService</v1:topicId>
            <v1:data><test>test</test></v1:data>
         </v1:request>
      </v1:sendNotificationRequest>
   </soapenv:Body>
</soapenv:Envelope>]]></con:request><con:credentials><con:selectedAuthProfile>Basic</con:selectedAuthProfile><con:addedBasicAuthenticationTypes>Basic</con:addedBasicAuthenticationTypes><con:authType>Global HTTP Settings</con:authType></con:credentials><con:jmsConfig JMSDeliveryMode="PERSISTENT"/><con:jmsPropertyConfig/><con:wsaConfig mustUnderstand="NONE" version="200508" action="http://fidus.brussels/services/accessmanagerservice/getDomain"/><con:wsrmConfig version="1.2"/></con:call><con:call id="7bd6e7e5-47a9-430b-91c1-0a22d40e70d4" name="3 - Test - Worker2 - Request" outgoingWss="Outflow TEST" incomingWss="Inflow TEST"><con:settings><con:setting id="com.eviware.soapui.impl.wsdl.WsdlRequest@request-headers">&lt;xml-fragment/></con:setting></con:settings><con:encoding>UTF-8</con:encoding><con:endpoint>https://192.168.22.54:8443/services/MessageForMeService_v1.0</con:endpoint><con:request><![CDATA[<soapenv:Envelope xmlns:soapenv="http://schemas.xmlsoap.org/soap/envelope/" xmlns:v1="http://fidus.brussels/service/messageformeservice/messages/v1" xmlns:v11="http://fidus.brussels/type/common/messages/v1">
   <soapenv:Header/>
   <soapenv:Body>
      <v1:sendNotificationRequest>
         <v1:messageContext>
            <v11:messageId>${=import static java.util.UUID.randomUUID; uuid = randomUUID() as String}</v11:messageId>
         </v1:messageContext>
         <v1:legalContext>ServiceIntegrator</v1:legalContext>
         <v1:request>
            <v1:consumerId>FIDUS-TESTUSER</v1:consumerId>
            <v1:topicId>PersonService</v1:topicId>
            <v1:data><test>test</test></v1:data>
         </v1:request>
      </v1:sendNotificationRequest>
   </soapenv:Body>
</soapenv:Envelope>]]></con:request><con:credentials><con:selectedAuthProfile>Basic</con:selectedAuthProfile><con:addedBasicAuthenticationTypes>Basic</con:addedBasicAuthenticationTypes><con:authType>Global HTTP Settings</con:authType></con:credentials><con:jmsConfig JMSDeliveryMode="PERSISTENT"/><con:jmsPropertyConfig/><con:wsaConfig mustUnderstand="NONE" version="200508" action="http://fidus.brussels/services/accessmanagerservice/getDomain"/><con:wsrmConfig version="1.2"/></con:call><con:call id="35eb26a3-7ca2-4f97-87cc-27f111258f46" name="4 - Staging - Worker1 - Request" incomingWss="Inflow STAGING" outgoingWss="Outflow STAGING"><con:settings><con:setting id="com.eviware.soapui.impl.wsdl.WsdlRequest@request-headers">&lt;xml-fragment/></con:setting></con:settings><con:encoding>UTF-8</con:encoding><con:endpoint>https://192.168.24.16:8443/services/MessageForMeService_v1.0</con:endpoint><con:request><![CDATA[<soapenv:Envelope xmlns:soapenv="http://schemas.xmlsoap.org/soap/envelope/" xmlns:v1="http://fidus.brussels/service/messageformeservice/messages/v1" xmlns:v11="http://fidus.brussels/type/common/messages/v1">
   <soapenv:Header/>
   <soapenv:Body>
      <v1:sendNotificationRequest>
         <v1:messageContext>
            <v11:messageId>${=import static java.util.UUID.randomUUID; uuid = randomUUID() as String}</v11:messageId>
         </v1:messageContext>
         <v1:legalContext>ServiceIntegrator</v1:legalContext>
         <v1:request>
            <v1:consumerId>FIDUS-TESTUSER</v1:consumerId>
            <v1:topicId>PersonService</v1:topicId>
            <v1:data><test>test</test></v1:data>
         </v1:request>
      </v1:sendNotificationRequest>
   </soapenv:Body>
</soapenv:Envelope>]]></con:request><con:credentials><con:selectedAuthProfile>Basic</con:selectedAuthProfile><con:addedBasicAuthenticationTypes>Basic</con:addedBasicAuthenticationTypes><con:authType>Global HTTP Settings</con:authType></con:credentials><con:jmsConfig JMSDeliveryMode="PERSISTENT"/><con:jmsPropertyConfig/><con:wsaConfig mustUnderstand="NONE" version="200508" action="http://fidus.brussels/services/accessmanagerservice/getDomain"/><con:wsrmConfig version="1.2"/></con:call><con:call id="1c96a159-0bf2-410e-8c4c-dcb643dc02ba" name="4 - Staging - Worker2 - Request" incomingWss="Inflow STAGING" outgoingWss="Outflow STAGING"><con:settings><con:setting id="com.eviware.soapui.impl.wsdl.WsdlRequest@request-headers">&lt;xml-fragment/></con:setting></con:settings><con:encoding>UTF-8</con:encoding><con:endpoint>https://192.168.24.17:8443/services/MessageForMeService_v1.0</con:endpoint><con:request><![CDATA[<soapenv:Envelope xmlns:soapenv="http://schemas.xmlsoap.org/soap/envelope/" xmlns:v1="http://fidus.brussels/service/messageformeservice/messages/v1" xmlns:v11="http://fidus.brussels/type/common/messages/v1">
   <soapenv:Header/>
   <soapenv:Body>
      <v1:sendNotificationRequest>
         <v1:messageContext>
            <v11:messageId>${=import static java.util.UUID.randomUUID; uuid = randomUUID() as String}</v11:messageId>
         </v1:messageContext>
         <v1:legalContext>ServiceIntegrator</v1:legalContext>
         <v1:request>
            <v1:consumerId>FIDUS-TESTUSER</v1:consumerId>
            <v1:topicId>PersonService</v1:topicId>
            <v1:data><test>test</test></v1:data>
         </v1:request>
      </v1:sendNotificationRequest>
   </soapenv:Body>
</soapenv:Envelope>]]></con:request><con:credentials><con:selectedAuthProfile>Basic</con:selectedAuthProfile><con:addedBasicAuthenticationTypes>Basic</con:addedBasicAuthenticationTypes><con:authType>Global HTTP Settings</con:authType></con:credentials><con:jmsConfig JMSDeliveryMode="PERSISTENT"/><con:jmsPropertyConfig/><con:wsaConfig mustUnderstand="NONE" version="200508" action="http://fidus.brussels/services/accessmanagerservice/getDomain"/><con:wsrmConfig version="1.2"/></con:call><con:call id="37e20322-b450-4958-bbaa-24de1819f51f" name="5 - Prod - LB - Request" incomingWss="Inflow PROD" outgoingWss="Outflow PROD"><con:settings><con:setting id="com.eviware.soapui.impl.wsdl.WsdlRequest@request-headers">&lt;xml-fragment/></con:setting></con:settings><con:encoding>UTF-8</con:encoding><con:endpoint>https://fidus-esb-sg.prd.srv.cirb.lan:8443/services/MessageForMeService_v1.0</con:endpoint><con:request><![CDATA[<soapenv:Envelope xmlns:soapenv="http://schemas.xmlsoap.org/soap/envelope/" xmlns:v1="http://fidus.brussels/service/messageformeservice/messages/v1" xmlns:v11="http://fidus.brussels/type/common/messages/v1">
   <soapenv:Header/>
   <soapenv:Body>
      <v1:sendNotificationRequest>
         <v1:messageContext>
            <v11:messageId>${=import static java.util.UUID.randomUUID; uuid = randomUUID() as String}</v11:messageId>
         </v1:messageContext>
         <v1:legalContext>ServiceIntegrator</v1:legalContext>
         <v1:request>
            <v1:consumerId>FIDUS-TESTUSER</v1:consumerId>
            <v1:topicId>PersonService</v1:topicId>
            <v1:data><test>test</test></v1:data>
         </v1:request>
      </v1:sendNotificationRequest>
   </soapenv:Body>
</soapenv:Envelope>]]></con:request><con:credentials><con:selectedAuthProfile>Basic</con:selectedAuthProfile><con:addedBasicAuthenticationTypes>Basic</con:addedBasicAuthenticationTypes><con:authType>Global HTTP Settings</con:authType></con:credentials><con:jmsConfig JMSDeliveryMode="PERSISTENT"/><con:jmsPropertyConfig/><con:wsaConfig mustUnderstand="NONE" version="200508" action="http://fidus.brussels/services/accessmanagerservice/getDomain"/><con:wsrmConfig version="1.2"/></con:call><con:call id="35c05f2f-71c9-42ab-9302-0293ddf7dcc1" name="5 - Prod - Worker1 - Request" incomingWss="Inflow PROD" outgoingWss="Outflow PROD"><con:settings><con:setting id="com.eviware.soapui.impl.wsdl.WsdlRequest@request-headers">&lt;xml-fragment/></con:setting></con:settings><con:encoding>UTF-8</con:encoding><con:endpoint>https://192.168.26.22:8443/services/MessageForMeService_v1.0</con:endpoint><con:request><![CDATA[<soapenv:Envelope xmlns:soapenv="http://schemas.xmlsoap.org/soap/envelope/" xmlns:v1="http://fidus.brussels/service/messageformeservice/messages/v1" xmlns:v11="http://fidus.brussels/type/common/messages/v1">
   <soapenv:Header/>
   <soapenv:Body>
      <v1:sendNotificationRequest>
         <v1:messageContext>
            <v11:messageId>${=import static java.util.UUID.randomUUID; uuid = randomUUID() as String}</v11:messageId>
         </v1:messageContext>
         <v1:legalContext>ServiceIntegrator</v1:legalContext>
         <v1:request>
            <v1:consumerId>FIDUS-TESTUSER</v1:consumerId>
            <v1:topicId>PersonService</v1:topicId>
            <v1:data><test>test</test></v1:data>
         </v1:request>
      </v1:sendNotificationRequest>
   </soapenv:Body>
</soapenv:Envelope>]]></con:request><con:credentials><con:selectedAuthProfile>Basic</con:selectedAuthProfile><con:addedBasicAuthenticationTypes>Basic</con:addedBasicAuthenticationTypes><con:authType>Global HTTP Settings</con:authType></con:credentials><con:jmsConfig JMSDeliveryMode="PERSISTENT"/><con:jmsPropertyConfig/><con:wsaConfig mustUnderstand="NONE" version="200508" action="http://fidus.brussels/services/accessmanagerservice/getDomain"/><con:wsrmConfig version="1.2"/></con:call><con:call id="49868844-6257-4d3e-bf80-b9ebd1d42fd8" name="5 - Prod - Worker2 - Request" incomingWss="Inflow PROD" outgoingWss="Outflow PROD"><con:settings><con:setting id="com.eviware.soapui.impl.wsdl.WsdlRequest@request-headers">&lt;xml-fragment/></con:setting></con:settings><con:encoding>UTF-8</con:encoding><con:endpoint>https://192.168.26.19:8443/services/MessageForMeService_v1.0</con:endpoint><con:request><![CDATA[<soapenv:Envelope xmlns:soapenv="http://schemas.xmlsoap.org/soap/envelope/" xmlns:v1="http://fidus.brussels/service/messageformeservice/messages/v1" xmlns:v11="http://fidus.brussels/type/common/messages/v1">
   <soapenv:Header/>
   <soapenv:Body>
      <v1:sendNotificationRequest>
         <v1:messageContext>
            <v11:messageId>${=import static java.util.UUID.randomUUID; uuid = randomUUID() as String}</v11:messageId>
         </v1:messageContext>
         <v1:legalContext>ServiceIntegrator</v1:legalContext>
         <v1:request>
            <v1:consumerId>FIDUS-TESTUSER</v1:consumerId>
            <v1:topicId>PersonService</v1:topicId>
            <v1:data><test>test</test></v1:data>
         </v1:request>
      </v1:sendNotificationRequest>
   </soapenv:Body>
</soapenv:Envelope>]]></con:request><con:credentials><con:selectedAuthProfile>Basic</con:selectedAuthProfile><con:addedBasicAuthenticationTypes>Basic</con:addedBasicAuthenticationTypes><con:authType>Global HTTP Settings</con:authType></con:credentials><con:jmsConfig JMSDeliveryMode="PERSISTENT"/><con:jmsPropertyConfig/><con:wsaConfig mustUnderstand="NONE" version="200508" action="http://fidus.brussels/services/accessmanagerservice/getDomain"/><con:wsrmConfig version="1.2"/></con:call></con:operation><con:operation id="1ada035c-f750-459e-a201-428e5fb2b469" isOneWay="false" action="http://fidus.brussels/services/messageformeservice/receiveNotification" name="receiveNotification" bindingOperationName="receiveNotification" type="Request-Response" inputName="" receivesAttachments="false" sendsAttachments="false" anonymous="optional"><con:settings/><con:call id="0bde390e-f55b-4b7f-aedb-4f7b85f196c9" name="1 - Local - Request - OK" outgoingWss="Outflow DEV" incomingWss="Inflow DEV"><con:settings><con:setting id="com.eviware.soapui.impl.wsdl.WsdlRequest@request-headers">&lt;xml-fragment/></con:setting></con:settings><con:encoding>UTF-8</con:encoding><con:endpoint>https://localhost:8243/services/MessageForMeService_v1.0</con:endpoint><con:request><![CDATA[<soapenv:Envelope xmlns:soapenv="http://schemas.xmlsoap.org/soap/envelope/" xmlns:v1="http://fidus.brussels/service/messageformeservice/messages/v1" xmlns:v11="http://fidus.brussels/type/common/messages/v1">
   <soapenv:Header/>
   <soapenv:Body>
      <v1:receiveNotificationRequest>
         <v1:messageContext>
            <v11:messageId>${=import static java.util.UUID.randomUUID; uuid = randomUUID() as String}</v11:messageId>
         </v1:messageContext>
         <v1:legalContext>ServiceIntegrator</v1:legalContext>
         <v1:request>
            <v1:topicId>PersonService</v1:topicId>
            <v1:waitTimeSeconds>10</v1:waitTimeSeconds>
            <v1:maxNumberOfNotifications>10</v1:maxNumberOfNotifications>
            <v1:autoDelete>false</v1:autoDelete>
         </v1:request>
      </v1:receiveNotificationRequest>
   </soapenv:Body>
</soapenv:Envelope>]]></con:request><con:credentials><con:selectedAuthProfile>Basic</con:selectedAuthProfile><con:addedBasicAuthenticationTypes>Basic</con:addedBasicAuthenticationTypes><con:authType>Global HTTP Settings</con:authType></con:credentials><con:jmsConfig JMSDeliveryMode="PERSISTENT"/><con:jmsPropertyConfig/><con:wsaConfig mustUnderstand="NONE" version="200508" action="http://fidus.brussels/services/accessmanagerservice/getOrganisationChildNodes"/><con:wsrmConfig version="1.2"/></con:call><con:call id="eba2e52f-9b3e-43c5-b703-ebcc56afdb97" name="2 - Dev - Request - OK" incomingWss="Inflow DEV" outgoingWss="Outflow DEV"><con:settings><con:setting id="com.eviware.soapui.impl.wsdl.WsdlRequest@request-headers">&lt;xml-fragment/></con:setting></con:settings><con:encoding>UTF-8</con:encoding><con:endpoint>https://192.168.36.61:8243/services/MessageForMeService_v1.0</con:endpoint><con:request><![CDATA[<soapenv:Envelope xmlns:soapenv="http://schemas.xmlsoap.org/soap/envelope/" xmlns:v1="http://fidus.brussels/service/messageformeservice/messages/v1" xmlns:v11="http://fidus.brussels/type/common/messages/v1">
   <soapenv:Header/>
   <soapenv:Body>
      <v1:receiveNotificationRequest>
         <v1:messageContext>
            <v11:messageId>${=import static java.util.UUID.randomUUID; uuid = randomUUID() as String}</v11:messageId>
         </v1:messageContext>
         <v1:legalContext>ServiceIntegrator</v1:legalContext>
         <v1:request>
            <v1:topicId>PersonService</v1:topicId>
            <v1:waitTimeSeconds>10</v1:waitTimeSeconds>
            <v1:maxNumberOfNotifications>10</v1:maxNumberOfNotifications>
            <v1:autoDelete>false</v1:autoDelete>
         </v1:request>
      </v1:receiveNotificationRequest>
   </soapenv:Body>
</soapenv:Envelope>]]></con:request><con:credentials><con:selectedAuthProfile>Basic</con:selectedAuthProfile><con:addedBasicAuthenticationTypes>Basic</con:addedBasicAuthenticationTypes><con:authType>Global HTTP Settings</con:authType></con:credentials><con:jmsConfig JMSDeliveryMode="PERSISTENT"/><con:jmsPropertyConfig/><con:wsaConfig mustUnderstand="NONE" version="200508" action="http://fidus.brussels/services/accessmanagerservice/getOrganisationChildNodes"/><con:wsrmConfig version="1.2"/></con:call><con:call id="d7988042-f538-4a25-b99b-e9c5ecfab90c" name="3 - Test - LB - Request" outgoingWss="Outflow TEST" incomingWss="Inflow TEST"><con:settings><con:setting id="com.eviware.soapui.impl.wsdl.WsdlRequest@request-headers">&lt;xml-fragment/></con:setting></con:settings><con:encoding>UTF-8</con:encoding><con:endpoint>https://esb-security-gw.sta.srv.cirb.lan:8443/services/MessageForMeService_v1.0</con:endpoint><con:request><![CDATA[<soapenv:Envelope xmlns:soapenv="http://schemas.xmlsoap.org/soap/envelope/" xmlns:v1="http://fidus.brussels/service/messageformeservice/messages/v1" xmlns:v11="http://fidus.brussels/type/common/messages/v1">
   <soapenv:Header/>
   <soapenv:Body>
      <v1:receiveNotificationRequest>
         <v1:messageContext>
            <v11:messageId>${=import static java.util.UUID.randomUUID; uuid = randomUUID() as String}</v11:messageId>
         </v1:messageContext>
         <v1:legalContext>ServiceIntegrator</v1:legalContext>
         <v1:request>
            <v1:topicId>PersonService</v1:topicId>
            <v1:waitTimeSeconds>10</v1:waitTimeSeconds>
            <v1:maxNumberOfNotifications>10</v1:maxNumberOfNotifications>
            <v1:autoDelete>false</v1:autoDelete>
         </v1:request>
      </v1:receiveNotificationRequest>
   </soapenv:Body>
</soapenv:Envelope>]]></con:request><con:credentials><con:selectedAuthProfile>Basic</con:selectedAuthProfile><con:addedBasicAuthenticationTypes>Basic</con:addedBasicAuthenticationTypes><con:authType>Global HTTP Settings</con:authType></con:credentials><con:jmsConfig JMSDeliveryMode="PERSISTENT"/><con:jmsPropertyConfig/><con:wsaConfig mustUnderstand="NONE" version="200508" action="http://fidus.brussels/services/accessmanagerservice/getOrganisationChildNodes"/><con:wsrmConfig version="1.2"/></con:call><con:call id="361adb88-ddeb-431b-804d-9d0b67ea18ba" name="4 - Staging - LB - Request" incomingWss="Inflow STAGING" outgoingWss="Outflow STAGING"><con:settings><con:setting id="com.eviware.soapui.impl.wsdl.WsdlRequest@request-headers">&lt;xml-fragment/></con:setting></con:settings><con:encoding>UTF-8</con:encoding><con:endpoint>https://fidus-esb-sg.sta.srv.cirb.lan:8443/services/MessageForMeService_v1.0</con:endpoint><con:request><![CDATA[<soapenv:Envelope xmlns:soapenv="http://schemas.xmlsoap.org/soap/envelope/" xmlns:v1="http://fidus.brussels/service/messageformeservice/messages/v1" xmlns:v11="http://fidus.brussels/type/common/messages/v1">
   <soapenv:Header/>
   <soapenv:Body>
      <v1:receiveNotificationRequest>
         <v1:messageContext>
            <v11:messageId>${=import static java.util.UUID.randomUUID; uuid = randomUUID() as String}</v11:messageId>
         </v1:messageContext>
         <v1:legalContext>ServiceIntegrator</v1:legalContext>
         <v1:request>
            <v1:topicId>PersonService</v1:topicId>
            <v1:waitTimeSeconds>10</v1:waitTimeSeconds>
            <v1:maxNumberOfNotifications>10</v1:maxNumberOfNotifications>
            <v1:autoDelete>false</v1:autoDelete>
         </v1:request>
      </v1:receiveNotificationRequest>
   </soapenv:Body>
</soapenv:Envelope>]]></con:request><con:credentials><con:selectedAuthProfile>Basic</con:selectedAuthProfile><con:addedBasicAuthenticationTypes>Basic</con:addedBasicAuthenticationTypes><con:authType>Global HTTP Settings</con:authType></con:credentials><con:jmsConfig JMSDeliveryMode="PERSISTENT"/><con:jmsPropertyConfig/><con:wsaConfig mustUnderstand="NONE" version="200508" action="http://fidus.brussels/services/accessmanagerservice/getOrganisationChildNodes"/><con:wsrmConfig version="1.2"/></con:call><con:call id="3653606e-ac74-4d28-9f57-25a537e0d142" name="5 - Prod - External - Request" incomingWss="Inflow PROD" outgoingWss="Outflow PROD"><con:settings><con:setting id="com.eviware.soapui.impl.wsdl.WsdlRequest@request-headers">&lt;xml-fragment/></con:setting></con:settings><con:encoding>UTF-8</con:encoding><con:endpoint>https://fidus.sec.brussels/services/MessageForMeService_v1.0</con:endpoint><con:request><![CDATA[<soapenv:Envelope xmlns:soapenv="http://schemas.xmlsoap.org/soap/envelope/" xmlns:v1="http://fidus.brussels/service/messageformeservice/messages/v1" xmlns:v11="http://fidus.brussels/type/common/messages/v1">
   <soapenv:Header/>
   <soapenv:Body>
      <v1:receiveNotificationRequest>
         <v1:messageContext>
            <v11:messageId>${=import static java.util.UUID.randomUUID; uuid = randomUUID() as String}</v11:messageId>
         </v1:messageContext>
         <v1:legalContext>ServiceIntegrator</v1:legalContext>
         <v1:request>
            <v1:topicId>PersonService</v1:topicId>
            <v1:waitTimeSeconds>10</v1:waitTimeSeconds>
            <v1:maxNumberOfNotifications>10</v1:maxNumberOfNotifications>
            <v1:autoDelete>false</v1:autoDelete>
         </v1:request>
      </v1:receiveNotificationRequest>
   </soapenv:Body>
</soapenv:Envelope>]]></con:request><con:credentials><con:selectedAuthProfile>Basic</con:selectedAuthProfile><con:addedBasicAuthenticationTypes>Basic</con:addedBasicAuthenticationTypes><con:authType>Global HTTP Settings</con:authType></con:credentials><con:jmsConfig JMSDeliveryMode="PERSISTENT"/><con:jmsPropertyConfig/><con:wsaConfig mustUnderstand="NONE" version="200508" action="http://fidus.brussels/services/accessmanagerservice/getOrganisationChildNodes"/><con:wsrmConfig version="1.2"/></con:call><con:call id="71a75f70-b66d-43a5-8c0f-a9b2b996efd6" name="3 - Test - Worker1 - Request" incomingWss="Inflow TEST" outgoingWss="Outflow TEST"><con:settings><con:setting id="com.eviware.soapui.impl.wsdl.WsdlRequest@request-headers">&lt;xml-fragment/></con:setting></con:settings><con:encoding>UTF-8</con:encoding><con:endpoint>https://192.168.22.53:8443/services/MessageForMeService_v1.0</con:endpoint><con:request><![CDATA[<soapenv:Envelope xmlns:soapenv="http://schemas.xmlsoap.org/soap/envelope/" xmlns:v1="http://fidus.brussels/service/messageformeservice/messages/v1" xmlns:v11="http://fidus.brussels/type/common/messages/v1">
   <soapenv:Header/>
   <soapenv:Body>
      <v1:receiveNotificationRequest>
         <v1:messageContext>
            <v11:messageId>${=import static java.util.UUID.randomUUID; uuid = randomUUID() as String}</v11:messageId>
         </v1:messageContext>
         <v1:legalContext>ServiceIntegrator</v1:legalContext>
         <v1:request>
            <v1:topicId>PersonService</v1:topicId>
            <v1:waitTimeSeconds>10</v1:waitTimeSeconds>
            <v1:maxNumberOfNotifications>10</v1:maxNumberOfNotifications>
            <v1:autoDelete>false</v1:autoDelete>
         </v1:request>
      </v1:receiveNotificationRequest>
   </soapenv:Body>
</soapenv:Envelope>]]></con:request><con:credentials><con:selectedAuthProfile>Basic</con:selectedAuthProfile><con:addedBasicAuthenticationTypes>Basic</con:addedBasicAuthenticationTypes><con:authType>Global HTTP Settings</con:authType></con:credentials><con:jmsConfig JMSDeliveryMode="PERSISTENT"/><con:jmsPropertyConfig/><con:wsaConfig mustUnderstand="NONE" version="200508" action="http://fidus.brussels/services/accessmanagerservice/getOrganisationChildNodes"/><con:wsrmConfig version="1.2"/></con:call><con:call id="481b251d-b566-4b08-aea6-d4f44e773461" name="3 - Test - Worker2 - Request" incomingWss="Inflow TEST" outgoingWss="Outflow TEST"><con:settings><con:setting id="com.eviware.soapui.impl.wsdl.WsdlRequest@request-headers">&lt;xml-fragment/></con:setting></con:settings><con:encoding>UTF-8</con:encoding><con:endpoint>https://192.168.22.54:8443/services/MessageForMeService_v1.0</con:endpoint><con:request><![CDATA[<soapenv:Envelope xmlns:soapenv="http://schemas.xmlsoap.org/soap/envelope/" xmlns:v1="http://fidus.brussels/service/messageformeservice/messages/v1" xmlns:v11="http://fidus.brussels/type/common/messages/v1">
   <soapenv:Header/>
   <soapenv:Body>
      <v1:receiveNotificationRequest>
         <v1:messageContext>
            <v11:messageId>${=import static java.util.UUID.randomUUID; uuid = randomUUID() as String}</v11:messageId>
         </v1:messageContext>
         <v1:legalContext>ServiceIntegrator</v1:legalContext>
         <v1:request>
            <v1:topicId>PersonService</v1:topicId>
            <v1:waitTimeSeconds>10</v1:waitTimeSeconds>
            <v1:maxNumberOfNotifications>10</v1:maxNumberOfNotifications>
            <v1:autoDelete>false</v1:autoDelete>
         </v1:request>
      </v1:receiveNotificationRequest>
   </soapenv:Body>
</soapenv:Envelope>]]></con:request><con:credentials><con:selectedAuthProfile>Basic</con:selectedAuthProfile><con:addedBasicAuthenticationTypes>Basic</con:addedBasicAuthenticationTypes><con:authType>Global HTTP Settings</con:authType></con:credentials><con:jmsConfig JMSDeliveryMode="PERSISTENT"/><con:jmsPropertyConfig/><con:wsaConfig mustUnderstand="NONE" version="200508" action="http://fidus.brussels/services/accessmanagerservice/getOrganisationChildNodes"/><con:wsrmConfig version="1.2"/></con:call><con:call id="0921d4fe-5316-41a3-90d9-4c1e442ef5ea" name="4 - Staging - Worker1 - Request" incomingWss="Inflow STAGING" outgoingWss="Outflow STAGING"><con:settings><con:setting id="com.eviware.soapui.impl.wsdl.WsdlRequest@request-headers">&lt;xml-fragment/></con:setting></con:settings><con:encoding>UTF-8</con:encoding><con:endpoint>https://192.168.24.16:8443/services/MessageForMeService_v1.0</con:endpoint><con:request><![CDATA[<soapenv:Envelope xmlns:soapenv="http://schemas.xmlsoap.org/soap/envelope/" xmlns:v1="http://fidus.brussels/service/messageformeservice/messages/v1" xmlns:v11="http://fidus.brussels/type/common/messages/v1">
   <soapenv:Header/>
   <soapenv:Body>
      <v1:receiveNotificationRequest>
         <v1:messageContext>
            <v11:messageId>${=import static java.util.UUID.randomUUID; uuid = randomUUID() as String}</v11:messageId>
         </v1:messageContext>
         <v1:legalContext>ServiceIntegrator</v1:legalContext>
         <v1:request>
            <v1:topicId>PersonService</v1:topicId>
            <v1:waitTimeSeconds>10</v1:waitTimeSeconds>
            <v1:maxNumberOfNotifications>10</v1:maxNumberOfNotifications>
            <v1:autoDelete>false</v1:autoDelete>
         </v1:request>
      </v1:receiveNotificationRequest>
   </soapenv:Body>
</soapenv:Envelope>]]></con:request><con:credentials><con:selectedAuthProfile>Basic</con:selectedAuthProfile><con:addedBasicAuthenticationTypes>Basic</con:addedBasicAuthenticationTypes><con:authType>Global HTTP Settings</con:authType></con:credentials><con:jmsConfig JMSDeliveryMode="PERSISTENT"/><con:jmsPropertyConfig/><con:wsaConfig mustUnderstand="NONE" version="200508" action="http://fidus.brussels/services/accessmanagerservice/getOrganisationChildNodes"/><con:wsrmConfig version="1.2"/></con:call><con:call id="6062bc62-0548-479c-8ca8-47164dad11fb" name="4 - Staging - Worker2 - Request" incomingWss="Inflow STAGING" outgoingWss="Outflow STAGING"><con:settings><con:setting id="com.eviware.soapui.impl.wsdl.WsdlRequest@request-headers">&lt;xml-fragment/></con:setting></con:settings><con:encoding>UTF-8</con:encoding><con:endpoint>https://192.168.24.17:8443/services/MessageForMeService_v1.0</con:endpoint><con:request><![CDATA[<soapenv:Envelope xmlns:soapenv="http://schemas.xmlsoap.org/soap/envelope/" xmlns:v1="http://fidus.brussels/service/messageformeservice/messages/v1" xmlns:v11="http://fidus.brussels/type/common/messages/v1">
   <soapenv:Header/>
   <soapenv:Body>
      <v1:receiveNotificationRequest>
         <v1:messageContext>
            <v11:messageId>${=import static java.util.UUID.randomUUID; uuid = randomUUID() as String}</v11:messageId>
         </v1:messageContext>
         <v1:legalContext>ServiceIntegrator</v1:legalContext>
         <v1:request>
            <v1:topicId>PersonService</v1:topicId>
            <v1:waitTimeSeconds>10</v1:waitTimeSeconds>
            <v1:maxNumberOfNotifications>10</v1:maxNumberOfNotifications>
            <v1:autoDelete>false</v1:autoDelete>
         </v1:request>
      </v1:receiveNotificationRequest>
   </soapenv:Body>
</soapenv:Envelope>]]></con:request><con:credentials><con:selectedAuthProfile>Basic</con:selectedAuthProfile><con:addedBasicAuthenticationTypes>Basic</con:addedBasicAuthenticationTypes><con:authType>Global HTTP Settings</con:authType></con:credentials><con:jmsConfig JMSDeliveryMode="PERSISTENT"/><con:jmsPropertyConfig/><con:wsaConfig mustUnderstand="NONE" version="200508" action="http://fidus.brussels/services/accessmanagerservice/getOrganisationChildNodes"/><con:wsrmConfig version="1.2"/></con:call><con:call id="4582e159-15cd-4905-a4e9-339b9c4ac4d0" name="5 - Prod - LB - Request" incomingWss="Inflow PROD" outgoingWss="Outflow PROD"><con:settings><con:setting id="com.eviware.soapui.impl.wsdl.WsdlRequest@request-headers">&lt;xml-fragment/></con:setting></con:settings><con:encoding>UTF-8</con:encoding><con:endpoint>https://fidus-esb-sg.prd.srv.cirb.lan:8443/services/MessageForMeService_v1.0</con:endpoint><con:request><![CDATA[<soapenv:Envelope xmlns:soapenv="http://schemas.xmlsoap.org/soap/envelope/" xmlns:v1="http://fidus.brussels/service/messageformeservice/messages/v1" xmlns:v11="http://fidus.brussels/type/common/messages/v1">
   <soapenv:Header/>
   <soapenv:Body>
      <v1:receiveNotificationRequest>
         <v1:messageContext>
            <v11:messageId>${=import static java.util.UUID.randomUUID; uuid = randomUUID() as String}</v11:messageId>
         </v1:messageContext>
         <v1:legalContext>ServiceIntegrator</v1:legalContext>
         <v1:request>
            <v1:topicId>PersonService</v1:topicId>
            <v1:waitTimeSeconds>10</v1:waitTimeSeconds>
            <v1:maxNumberOfNotifications>10</v1:maxNumberOfNotifications>
            <v1:autoDelete>false</v1:autoDelete>
         </v1:request>
      </v1:receiveNotificationRequest>
   </soapenv:Body>
</soapenv:Envelope>]]></con:request><con:credentials><con:selectedAuthProfile>Basic</con:selectedAuthProfile><con:addedBasicAuthenticationTypes>Basic</con:addedBasicAuthenticationTypes><con:authType>Global HTTP Settings</con:authType></con:credentials><con:jmsConfig JMSDeliveryMode="PERSISTENT"/><con:jmsPropertyConfig/><con:wsaConfig mustUnderstand="NONE" version="200508" action="http://fidus.brussels/services/accessmanagerservice/getOrganisationChildNodes"/><con:wsrmConfig version="1.2"/></con:call><con:call id="515addc6-997a-4a6a-aa8c-449cbc184e2c" name="5 - Prod - Worker1 - Request" incomingWss="Inflow PROD" outgoingWss="Outflow PROD"><con:settings><con:setting id="com.eviware.soapui.impl.wsdl.WsdlRequest@request-headers">&lt;xml-fragment/></con:setting></con:settings><con:encoding>UTF-8</con:encoding><con:endpoint>https://192.168.26.22:8443/services/MessageForMeService_v1.0</con:endpoint><con:request><![CDATA[<soapenv:Envelope xmlns:soapenv="http://schemas.xmlsoap.org/soap/envelope/" xmlns:v1="http://fidus.brussels/service/messageformeservice/messages/v1" xmlns:v11="http://fidus.brussels/type/common/messages/v1">
   <soapenv:Header/>
   <soapenv:Body>
      <v1:receiveNotificationRequest>
         <v1:messageContext>
            <v11:messageId>${=import static java.util.UUID.randomUUID; uuid = randomUUID() as String}</v11:messageId>
         </v1:messageContext>
         <v1:legalContext>ServiceIntegrator</v1:legalContext>
         <v1:request>
            <v1:topicId>PersonService</v1:topicId>
            <v1:waitTimeSeconds>10</v1:waitTimeSeconds>
            <v1:maxNumberOfNotifications>10</v1:maxNumberOfNotifications>
            <v1:autoDelete>false</v1:autoDelete>
         </v1:request>
      </v1:receiveNotificationRequest>
   </soapenv:Body>
</soapenv:Envelope>]]></con:request><con:credentials><con:selectedAuthProfile>Basic</con:selectedAuthProfile><con:addedBasicAuthenticationTypes>Basic</con:addedBasicAuthenticationTypes><con:authType>Global HTTP Settings</con:authType></con:credentials><con:jmsConfig JMSDeliveryMode="PERSISTENT"/><con:jmsPropertyConfig/><con:wsaConfig mustUnderstand="NONE" version="200508" action="http://fidus.brussels/services/accessmanagerservice/getOrganisationChildNodes"/><con:wsrmConfig version="1.2"/></con:call><con:call id="18a8a466-7266-4883-9a71-2c9e8b94b94a" name="5 - Prod - Worker2 - Request" incomingWss="Inflow PROD" outgoingWss="Outflow PROD"><con:settings><con:setting id="com.eviware.soapui.impl.wsdl.WsdlRequest@request-headers">&lt;xml-fragment/></con:setting></con:settings><con:encoding>UTF-8</con:encoding><con:endpoint>https://192.168.26.19:8443/services/MessageForMeService_v1.0</con:endpoint><con:request><![CDATA[<soapenv:Envelope xmlns:soapenv="http://schemas.xmlsoap.org/soap/envelope/" xmlns:v1="http://fidus.brussels/service/messageformeservice/messages/v1" xmlns:v11="http://fidus.brussels/type/common/messages/v1">
   <soapenv:Header/>
   <soapenv:Body>
      <v1:receiveNotificationRequest>
         <v1:messageContext>
            <v11:messageId>${=import static java.util.UUID.randomUUID; uuid = randomUUID() as String}</v11:messageId>
         </v1:messageContext>
         <v1:legalContext>ServiceIntegrator</v1:legalContext>
         <v1:request>
            <v1:topicId>PersonService</v1:topicId>
            <v1:waitTimeSeconds>10</v1:waitTimeSeconds>
            <v1:maxNumberOfNotifications>10</v1:maxNumberOfNotifications>
            <v1:autoDelete>false</v1:autoDelete>
         </v1:request>
      </v1:receiveNotificationRequest>
   </soapenv:Body>
</soapenv:Envelope>]]></con:request><con:credentials><con:selectedAuthProfile>Basic</con:selectedAuthProfile><con:addedBasicAuthenticationTypes>Basic</con:addedBasicAuthenticationTypes><con:authType>Global HTTP Settings</con:authType></con:credentials><con:jmsConfig JMSDeliveryMode="PERSISTENT"/><con:jmsPropertyConfig/><con:wsaConfig mustUnderstand="NONE" version="200508" action="http://fidus.brussels/services/accessmanagerservice/getOrganisationChildNodes"/><con:wsrmConfig version="1.2"/></con:call></con:operation><con:operation id="e1866b8c-dca5-4e06-9350-a0f094f4ecc3" isOneWay="false" action="http://fidus.brussels/services/messageformeservice/deleteNotification" name="deleteNotification" bindingOperationName="deleteNotification" type="Request-Response" inputName="" receivesAttachments="false" sendsAttachments="false" anonymous="optional"><con:settings/><con:call id="e28ff8d5-fbd8-41a8-8f84-68148c6fcfb7" name="1 - Local - Request - OK" outgoingWss="Outflow DEV" incomingWss="Inflow DEV"><con:settings><con:setting id="com.eviware.soapui.impl.wsdl.WsdlRequest@request-headers">&lt;xml-fragment/></con:setting></con:settings><con:encoding>UTF-8</con:encoding><con:endpoint>https://localhost:8243/services/MessageForMeService_v1.0</con:endpoint><con:request><![CDATA[<soapenv:Envelope xmlns:soapenv="http://schemas.xmlsoap.org/soap/envelope/" xmlns:v1="http://fidus.brussels/service/messageformeservice/messages/v1" xmlns:v11="http://fidus.brussels/type/common/messages/v1">
   <soapenv:Header/>
   <soapenv:Body>
      <v1:deleteNotificationRequest>
         <v1:messageContext>
            <v11:messageId>${=import static java.util.UUID.randomUUID; uuid = randomUUID() as String}</v11:messageId>
         </v1:messageContext>
         <v1:legalContext>ServiceIntegrator</v1:legalContext>
         <v1:request>
            <v1:topicId>PersonService</v1:topicId>
            <v1:notificationIds>
               <!--1 to 50 repetitions:-->
               <v1:notificationId>d99920ec-e73f-4ea3-89ee-4943ab152092</v1:notificationId>
            </v1:notificationIds>
         </v1:request>
      </v1:deleteNotificationRequest>
   </soapenv:Body>
</soapenv:Envelope>]]></con:request><con:credentials><con:selectedAuthProfile>Basic</con:selectedAuthProfile><con:addedBasicAuthenticationTypes>Basic</con:addedBasicAuthenticationTypes><con:authType>Global HTTP Settings</con:authType></con:credentials><con:jmsConfig JMSDeliveryMode="PERSISTENT"/><con:jmsPropertyConfig/><con:wsaConfig mustUnderstand="NONE" version="200508" action="http://fidus.brussels/services/accessmanagerservice/getOrganisationParentNodes"/><con:wsrmConfig version="1.2"/></con:call><con:call id="26e7385f-7455-463b-82d5-f08309a00b91" name="2 - Dev - Request - OK" incomingWss="Inflow DEV" outgoingWss="Outflow DEV"><con:settings><con:setting id="com.eviware.soapui.impl.wsdl.WsdlRequest@request-headers">&lt;xml-fragment/></con:setting></con:settings><con:encoding>UTF-8</con:encoding><con:endpoint>https://192.168.36.61:8243/services/MessageForMeService_v1.0</con:endpoint><con:request><![CDATA[<soapenv:Envelope xmlns:soapenv="http://schemas.xmlsoap.org/soap/envelope/" xmlns:v1="http://fidus.brussels/service/messageformeservice/messages/v1" xmlns:v11="http://fidus.brussels/type/common/messages/v1">
   <soapenv:Header/>
   <soapenv:Body>
      <v1:deleteNotificationRequest>
         <v1:messageContext>
            <v11:messageId>${=import static java.util.UUID.randomUUID; uuid = randomUUID() as String}</v11:messageId>
         </v1:messageContext>
         <v1:legalContext>ServiceIntegrator</v1:legalContext>
         <v1:request>
            <v1:topicId>PersonService</v1:topicId>
            <v1:notificationIds>
               <!--1 to 50 repetitions:-->
               <v1:notificationId>d99920ec-e73f-4ea3-89ee-4943ab152092</v1:notificationId>
            </v1:notificationIds>
         </v1:request>
      </v1:deleteNotificationRequest>
   </soapenv:Body>
</soapenv:Envelope>]]></con:request><con:credentials><con:selectedAuthProfile>Basic</con:selectedAuthProfile><con:addedBasicAuthenticationTypes>Basic</con:addedBasicAuthenticationTypes><con:authType>Global HTTP Settings</con:authType></con:credentials><con:jmsConfig JMSDeliveryMode="PERSISTENT"/><con:jmsPropertyConfig/><con:wsaConfig mustUnderstand="NONE" version="200508" action="http://fidus.brussels/services/accessmanagerservice/getOrganisationParentNodes"/><con:wsrmConfig version="1.2"/></con:call><con:call id="5b54fcb3-632b-4f86-90bf-49e4f5c5b0cf" name="3 - Test - LB - Request" outgoingWss="Outflow TEST" incomingWss="Inflow TEST"><con:settings><con:setting id="com.eviware.soapui.impl.wsdl.WsdlRequest@request-headers">&lt;xml-fragment/></con:setting></con:settings><con:encoding>UTF-8</con:encoding><con:endpoint>https://esb-security-gw.sta.srv.cirb.lan:8443/services/MessageForMeService_v1.0</con:endpoint><con:request><![CDATA[<soapenv:Envelope xmlns:soapenv="http://schemas.xmlsoap.org/soap/envelope/" xmlns:v1="http://fidus.brussels/service/messageformeservice/messages/v1" xmlns:v11="http://fidus.brussels/type/common/messages/v1">
   <soapenv:Header/>
   <soapenv:Body>
      <v1:deleteNotificationRequest>
         <v1:messageContext>
            <v11:messageId>${=import static java.util.UUID.randomUUID; uuid = randomUUID() as String}</v11:messageId>
         </v1:messageContext>
         <v1:legalContext>ServiceIntegrator</v1:legalContext>
         <v1:request>
            <v1:topicId>PersonService</v1:topicId>
            <v1:notificationIds>
               <!--1 to 50 repetitions:-->
               <v1:notificationId>d99920ec-e73f-4ea3-89ee-4943ab152092</v1:notificationId>
            </v1:notificationIds>
         </v1:request>
      </v1:deleteNotificationRequest>
   </soapenv:Body>
</soapenv:Envelope>]]></con:request><con:credentials><con:selectedAuthProfile>Basic</con:selectedAuthProfile><con:addedBasicAuthenticationTypes>Basic</con:addedBasicAuthenticationTypes><con:authType>Global HTTP Settings</con:authType></con:credentials><con:jmsConfig JMSDeliveryMode="PERSISTENT"/><con:jmsPropertyConfig/><con:wsaConfig mustUnderstand="NONE" version="200508" action="http://fidus.brussels/services/accessmanagerservice/getOrganisationParentNodes"/><con:wsrmConfig version="1.2"/></con:call><con:call id="52c647c2-0da2-484a-af9f-413cfd3a3fbe" name="4 - Staging - LB - Request" incomingWss="Inflow STAGING" outgoingWss="Outflow STAGING"><con:settings><con:setting id="com.eviware.soapui.impl.wsdl.WsdlRequest@request-headers">&lt;xml-fragment/></con:setting></con:settings><con:encoding>UTF-8</con:encoding><con:endpoint>https://fidus-esb-sg.sta.srv.cirb.lan:8443/services/MessageForMeService_v1.0</con:endpoint><con:request><![CDATA[<soapenv:Envelope xmlns:soapenv="http://schemas.xmlsoap.org/soap/envelope/" xmlns:v1="http://fidus.brussels/service/messageformeservice/messages/v1" xmlns:v11="http://fidus.brussels/type/common/messages/v1">
   <soapenv:Header/>
   <soapenv:Body>
      <v1:deleteNotificationRequest>
         <v1:messageContext>
            <v11:messageId>${=import static java.util.UUID.randomUUID; uuid = randomUUID() as String}</v11:messageId>
         </v1:messageContext>
         <v1:legalContext>ServiceIntegrator</v1:legalContext>
         <v1:request>
            <v1:topicId>PersonService</v1:topicId>
            <v1:notificationIds>
               <!--1 to 50 repetitions:-->
               <v1:notificationId>d99920ec-e73f-4ea3-89ee-4943ab152092</v1:notificationId>
            </v1:notificationIds>
         </v1:request>
      </v1:deleteNotificationRequest>
   </soapenv:Body>
</soapenv:Envelope>]]></con:request><con:credentials><con:selectedAuthProfile>Basic</con:selectedAuthProfile><con:addedBasicAuthenticationTypes>Basic</con:addedBasicAuthenticationTypes><con:authType>Global HTTP Settings</con:authType></con:credentials><con:jmsConfig JMSDeliveryMode="PERSISTENT"/><con:jmsPropertyConfig/><con:wsaConfig mustUnderstand="NONE" version="200508" action="http://fidus.brussels/services/accessmanagerservice/getOrganisationParentNodes"/><con:wsrmConfig version="1.2"/></con:call><con:call id="8e9307a6-6c44-4809-bfb5-409c5394e29b" name="5 - Prod - External - Request" incomingWss="Inflow PROD" outgoingWss="Outflow PROD"><con:settings><con:setting id="com.eviware.soapui.impl.wsdl.WsdlRequest@request-headers">&lt;xml-fragment/></con:setting></con:settings><con:encoding>UTF-8</con:encoding><con:endpoint>https://fidus.sec.brussels/services/MessageForMeService_v1.0</con:endpoint><con:request><![CDATA[<soapenv:Envelope xmlns:soapenv="http://schemas.xmlsoap.org/soap/envelope/" xmlns:v1="http://fidus.brussels/service/messageformeservice/messages/v1" xmlns:v11="http://fidus.brussels/type/common/messages/v1">
   <soapenv:Header/>
   <soapenv:Body>
      <v1:deleteNotificationRequest>
         <v1:messageContext>
            <v11:messageId>${=import static java.util.UUID.randomUUID; uuid = randomUUID() as String}</v11:messageId>
         </v1:messageContext>
         <v1:legalContext>ServiceIntegrator</v1:legalContext>
         <v1:request>
            <v1:topicId>PersonService</v1:topicId>
            <v1:notificationIds>
               <!--1 to 50 repetitions:-->
               <v1:notificationId>d99920ec-e73f-4ea3-89ee-4943ab152092</v1:notificationId>
            </v1:notificationIds>
         </v1:request>
      </v1:deleteNotificationRequest>
   </soapenv:Body>
</soapenv:Envelope>]]></con:request><con:credentials><con:selectedAuthProfile>Basic</con:selectedAuthProfile><con:addedBasicAuthenticationTypes>Basic</con:addedBasicAuthenticationTypes><con:authType>Global HTTP Settings</con:authType></con:credentials><con:jmsConfig JMSDeliveryMode="PERSISTENT"/><con:jmsPropertyConfig/><con:wsaConfig mustUnderstand="NONE" version="200508" action="http://fidus.brussels/services/accessmanagerservice/getOrganisationParentNodes"/><con:wsrmConfig version="1.2"/></con:call><con:call id="bbd26555-c193-423b-99af-27e31472216c" name="3 - Test - Worker1 - Request" outgoingWss="Outflow TEST" incomingWss="Inflow TEST"><con:settings><con:setting id="com.eviware.soapui.impl.wsdl.WsdlRequest@request-headers">&lt;xml-fragment/></con:setting></con:settings><con:encoding>UTF-8</con:encoding><con:endpoint>https://192.168.22.53:8443/services/MessageForMeService_v1.0</con:endpoint><con:request><![CDATA[<soapenv:Envelope xmlns:soapenv="http://schemas.xmlsoap.org/soap/envelope/" xmlns:v1="http://fidus.brussels/service/messageformeservice/messages/v1" xmlns:v11="http://fidus.brussels/type/common/messages/v1">
   <soapenv:Header/>
   <soapenv:Body>
      <v1:deleteNotificationRequest>
         <v1:messageContext>
            <v11:messageId>${=import static java.util.UUID.randomUUID; uuid = randomUUID() as String}</v11:messageId>
         </v1:messageContext>
         <v1:legalContext>ServiceIntegrator</v1:legalContext>
         <v1:request>
            <v1:topicId>PersonService</v1:topicId>
            <v1:notificationIds>
               <!--1 to 50 repetitions:-->
               <v1:notificationId>d99920ec-e73f-4ea3-89ee-4943ab152092</v1:notificationId>
            </v1:notificationIds>
         </v1:request>
      </v1:deleteNotificationRequest>
   </soapenv:Body>
</soapenv:Envelope>]]></con:request><con:credentials><con:selectedAuthProfile>Basic</con:selectedAuthProfile><con:addedBasicAuthenticationTypes>Basic</con:addedBasicAuthenticationTypes><con:authType>Global HTTP Settings</con:authType></con:credentials><con:jmsConfig JMSDeliveryMode="PERSISTENT"/><con:jmsPropertyConfig/><con:wsaConfig mustUnderstand="NONE" version="200508" action="http://fidus.brussels/services/accessmanagerservice/getOrganisationParentNodes"/><con:wsrmConfig version="1.2"/></con:call><con:call id="34f363e1-f424-47ab-8ba5-3c4e36cf2412" name="3 - Test - Worker2 - Request" outgoingWss="Outflow TEST" incomingWss="Inflow TEST"><con:settings><con:setting id="com.eviware.soapui.impl.wsdl.WsdlRequest@request-headers">&lt;xml-fragment/></con:setting></con:settings><con:encoding>UTF-8</con:encoding><con:endpoint>https://192.168.22.54:8443/services/MessageForMeService_v1.0</con:endpoint><con:request><![CDATA[<soapenv:Envelope xmlns:soapenv="http://schemas.xmlsoap.org/soap/envelope/" xmlns:v1="http://fidus.brussels/service/messageformeservice/messages/v1" xmlns:v11="http://fidus.brussels/type/common/messages/v1">
   <soapenv:Header/>
   <soapenv:Body>
      <v1:deleteNotificationRequest>
         <v1:messageContext>
            <v11:messageId>${=import static java.util.UUID.randomUUID; uuid = randomUUID() as String}</v11:messageId>
         </v1:messageContext>
         <v1:legalContext>ServiceIntegrator</v1:legalContext>
         <v1:request>
            <v1:topicId>PersonService</v1:topicId>
            <v1:notificationIds>
               <!--1 to 50 repetitions:-->
               <v1:notificationId>d99920ec-e73f-4ea3-89ee-4943ab152092</v1:notificationId>
            </v1:notificationIds>
         </v1:request>
      </v1:deleteNotificationRequest>
   </soapenv:Body>
</soapenv:Envelope>]]></con:request><con:credentials><con:selectedAuthProfile>Basic</con:selectedAuthProfile><con:addedBasicAuthenticationTypes>Basic</con:addedBasicAuthenticationTypes><con:authType>Global HTTP Settings</con:authType></con:credentials><con:jmsConfig JMSDeliveryMode="PERSISTENT"/><con:jmsPropertyConfig/><con:wsaConfig mustUnderstand="NONE" version="200508" action="http://fidus.brussels/services/accessmanagerservice/getOrganisationParentNodes"/><con:wsrmConfig version="1.2"/></con:call><con:call id="22b13242-19e0-43c0-ba42-2d64bb8c1fce" name="4 - Staging - Worker1 - Request" incomingWss="Inflow STAGING" outgoingWss="Outflow STAGING"><con:settings><con:setting id="com.eviware.soapui.impl.wsdl.WsdlRequest@request-headers">&lt;xml-fragment/></con:setting></con:settings><con:encoding>UTF-8</con:encoding><con:endpoint>https://192.168.24.16:8443/services/MessageForMeService_v1.0</con:endpoint><con:request><![CDATA[<soapenv:Envelope xmlns:soapenv="http://schemas.xmlsoap.org/soap/envelope/" xmlns:v1="http://fidus.brussels/service/messageformeservice/messages/v1" xmlns:v11="http://fidus.brussels/type/common/messages/v1">
   <soapenv:Header/>
   <soapenv:Body>
      <v1:deleteNotificationRequest>
         <v1:messageContext>
            <v11:messageId>${=import static java.util.UUID.randomUUID; uuid = randomUUID() as String}</v11:messageId>
         </v1:messageContext>
         <v1:legalContext>ServiceIntegrator</v1:legalContext>
         <v1:request>
            <v1:topicId>PersonService</v1:topicId>
            <v1:notificationIds>
               <!--1 to 50 repetitions:-->
               <v1:notificationId>d99920ec-e73f-4ea3-89ee-4943ab152092</v1:notificationId>
            </v1:notificationIds>
         </v1:request>
      </v1:deleteNotificationRequest>
   </soapenv:Body>
</soapenv:Envelope>]]></con:request><con:credentials><con:selectedAuthProfile>Basic</con:selectedAuthProfile><con:addedBasicAuthenticationTypes>Basic</con:addedBasicAuthenticationTypes><con:authType>Global HTTP Settings</con:authType></con:credentials><con:jmsConfig JMSDeliveryMode="PERSISTENT"/><con:jmsPropertyConfig/><con:wsaConfig mustUnderstand="NONE" version="200508" action="http://fidus.brussels/services/accessmanagerservice/getOrganisationParentNodes"/><con:wsrmConfig version="1.2"/></con:call><con:call id="ecdad1d7-a620-4f85-baea-cbd4648019fe" name="4 - Staging - Worker2 - Request" incomingWss="Inflow STAGING" outgoingWss="Outflow STAGING"><con:settings><con:setting id="com.eviware.soapui.impl.wsdl.WsdlRequest@request-headers">&lt;xml-fragment/></con:setting></con:settings><con:encoding>UTF-8</con:encoding><con:endpoint>https://192.168.24.17:8443/services/MessageForMeService_v1.0</con:endpoint><con:request><![CDATA[<soapenv:Envelope xmlns:soapenv="http://schemas.xmlsoap.org/soap/envelope/" xmlns:v1="http://fidus.brussels/service/messageformeservice/messages/v1" xmlns:v11="http://fidus.brussels/type/common/messages/v1">
   <soapenv:Header/>
   <soapenv:Body>
      <v1:deleteNotificationRequest>
         <v1:messageContext>
            <v11:messageId>${=import static java.util.UUID.randomUUID; uuid = randomUUID() as String}</v11:messageId>
         </v1:messageContext>
         <v1:legalContext>ServiceIntegrator</v1:legalContext>
         <v1:request>
            <v1:topicId>PersonService</v1:topicId>
            <v1:notificationIds>
               <!--1 to 50 repetitions:-->
               <v1:notificationId>d99920ec-e73f-4ea3-89ee-4943ab152092</v1:notificationId>
            </v1:notificationIds>
         </v1:request>
      </v1:deleteNotificationRequest>
   </soapenv:Body>
</soapenv:Envelope>]]></con:request><con:credentials><con:selectedAuthProfile>Basic</con:selectedAuthProfile><con:addedBasicAuthenticationTypes>Basic</con:addedBasicAuthenticationTypes><con:authType>Global HTTP Settings</con:authType></con:credentials><con:jmsConfig JMSDeliveryMode="PERSISTENT"/><con:jmsPropertyConfig/><con:wsaConfig mustUnderstand="NONE" version="200508" action="http://fidus.brussels/services/accessmanagerservice/getOrganisationParentNodes"/><con:wsrmConfig version="1.2"/></con:call><con:call id="f44ce7cc-4ab6-44f6-ba07-c67facdd5f96" name="5 - Prod - LB - Request" incomingWss="Inflow PROD" outgoingWss="Outflow PROD"><con:settings><con:setting id="com.eviware.soapui.impl.wsdl.WsdlRequest@request-headers">&lt;xml-fragment/></con:setting></con:settings><con:encoding>UTF-8</con:encoding><con:endpoint>https://fidus-esb-sg.prd.srv.cirb.lan:8443/services/MessageForMeService_v1.0</con:endpoint><con:request><![CDATA[<soapenv:Envelope xmlns:soapenv="http://schemas.xmlsoap.org/soap/envelope/" xmlns:v1="http://fidus.brussels/service/messageformeservice/messages/v1" xmlns:v11="http://fidus.brussels/type/common/messages/v1">
   <soapenv:Header/>
   <soapenv:Body>
      <v1:deleteNotificationRequest>
         <v1:messageContext>
            <v11:messageId>${=import static java.util.UUID.randomUUID; uuid = randomUUID() as String}</v11:messageId>
         </v1:messageContext>
         <v1:legalContext>ServiceIntegrator</v1:legalContext>
         <v1:request>
            <v1:topicId>PersonService</v1:topicId>
            <v1:notificationIds>
               <!--1 to 50 repetitions:-->
               <v1:notificationId>d99920ec-e73f-4ea3-89ee-4943ab152092</v1:notificationId>
            </v1:notificationIds>
         </v1:request>
      </v1:deleteNotificationRequest>
   </soapenv:Body>
</soapenv:Envelope>]]></con:request><con:credentials><con:selectedAuthProfile>Basic</con:selectedAuthProfile><con:addedBasicAuthenticationTypes>Basic</con:addedBasicAuthenticationTypes><con:authType>Global HTTP Settings</con:authType></con:credentials><con:jmsConfig JMSDeliveryMode="PERSISTENT"/><con:jmsPropertyConfig/><con:wsaConfig mustUnderstand="NONE" version="200508" action="http://fidus.brussels/services/accessmanagerservice/getOrganisationParentNodes"/><con:wsrmConfig version="1.2"/></con:call><con:call id="45e75470-6021-4ee3-b243-87bc1de6f55c" name="5 - Prod - Worker1 - Request" incomingWss="Inflow PROD" outgoingWss="Outflow PROD"><con:settings><con:setting id="com.eviware.soapui.impl.wsdl.WsdlRequest@request-headers">&lt;xml-fragment/></con:setting></con:settings><con:encoding>UTF-8</con:encoding><con:endpoint>https://192.168.26.22:8443/services/MessageForMeService_v1.0</con:endpoint><con:request><![CDATA[<soapenv:Envelope xmlns:soapenv="http://schemas.xmlsoap.org/soap/envelope/" xmlns:v1="http://fidus.brussels/service/messageformeservice/messages/v1" xmlns:v11="http://fidus.brussels/type/common/messages/v1">
   <soapenv:Header/>
   <soapenv:Body>
      <v1:deleteNotificationRequest>
         <v1:messageContext>
            <v11:messageId>${=import static java.util.UUID.randomUUID; uuid = randomUUID() as String}</v11:messageId>
         </v1:messageContext>
         <v1:legalContext>ServiceIntegrator</v1:legalContext>
         <v1:request>
            <v1:topicId>PersonService</v1:topicId>
            <v1:notificationIds>
               <!--1 to 50 repetitions:-->
               <v1:notificationId>d99920ec-e73f-4ea3-89ee-4943ab152092</v1:notificationId>
            </v1:notificationIds>
         </v1:request>
      </v1:deleteNotificationRequest>
   </soapenv:Body>
</soapenv:Envelope>]]></con:request><con:credentials><con:selectedAuthProfile>Basic</con:selectedAuthProfile><con:addedBasicAuthenticationTypes>Basic</con:addedBasicAuthenticationTypes><con:authType>Global HTTP Settings</con:authType></con:credentials><con:jmsConfig JMSDeliveryMode="PERSISTENT"/><con:jmsPropertyConfig/><con:wsaConfig mustUnderstand="NONE" version="200508" action="http://fidus.brussels/services/accessmanagerservice/getOrganisationParentNodes"/><con:wsrmConfig version="1.2"/></con:call><con:call id="e72117d7-a6e2-4550-85b9-95ccbd5de9e0" name="5 - Prod - Worker2 - Request" incomingWss="Inflow PROD" outgoingWss="Outflow PROD"><con:settings><con:setting id="com.eviware.soapui.impl.wsdl.WsdlRequest@request-headers">&lt;xml-fragment/></con:setting></con:settings><con:encoding>UTF-8</con:encoding><con:endpoint>https://192.168.26.19:8443/services/MessageForMeService_v1.0</con:endpoint><con:request><![CDATA[<soapenv:Envelope xmlns:soapenv="http://schemas.xmlsoap.org/soap/envelope/" xmlns:v1="http://fidus.brussels/service/messageformeservice/messages/v1" xmlns:v11="http://fidus.brussels/type/common/messages/v1">
   <soapenv:Header/>
   <soapenv:Body>
      <v1:deleteNotificationRequest>
         <v1:messageContext>
            <v11:messageId>${=import static java.util.UUID.randomUUID; uuid = randomUUID() as String}</v11:messageId>
         </v1:messageContext>
         <v1:legalContext>ServiceIntegrator</v1:legalContext>
         <v1:request>
            <v1:topicId>PersonService</v1:topicId>
            <v1:notificationIds>
               <!--1 to 50 repetitions:-->
               <v1:notificationId>d99920ec-e73f-4ea3-89ee-4943ab152092</v1:notificationId>
            </v1:notificationIds>
         </v1:request>
      </v1:deleteNotificationRequest>
   </soapenv:Body>
</soapenv:Envelope>]]></con:request><con:credentials><con:selectedAuthProfile>Basic</con:selectedAuthProfile><con:addedBasicAuthenticationTypes>Basic</con:addedBasicAuthenticationTypes><con:authType>Global HTTP Settings</con:authType></con:credentials><con:jmsConfig JMSDeliveryMode="PERSISTENT"/><con:jmsPropertyConfig/><con:wsaConfig mustUnderstand="NONE" version="200508" action="http://fidus.brussels/services/accessmanagerservice/getOrganisationParentNodes"/><con:wsrmConfig version="1.2"/></con:call></con:operation></con:interface><con:testSuite id="692dc603-985f-4f5e-bb53-82af0a9acd3e" name="TEST"><con:settings/><con:runType>SEQUENTIAL</con:runType><con:testCase id="de1860d8-ce5e-4dd2-93a9-536851d2ff63" failOnError="true" failTestCaseOnErrors="true" keepSession="false" maxResults="0" name="sendNotification" searchProperties="true"><con:settings/><con:testStep type="request" id="9bf92870-5f2a-4bf7-87ea-2e02d66f661b" name="testcase3 - Test - LB - Request"><con:settings/><con:config xsi:type="con:RequestStep" xmlns:xsi="http://www.w3.org/2001/XMLSchema-instance"><con:interface>MessageForMeServiceHTTPBinding</con:interface><con:operation>sendNotification</con:operation><con:request name="testcase3 - Test - LB - Request" id="948100d3-bb39-4b7e-8bb9-720e4b9872b6" outgoingWss="Outflow TEST"><con:settings/><con:encoding>UTF-8</con:encoding><con:endpoint>https://esb-security-gw.sta.srv.cirb.lan:8443/services/MessageForMeService_v1.0</con:endpoint><con:request><![CDATA[<soapenv:Envelope xmlns:soapenv="http://schemas.xmlsoap.org/soap/envelope/" xmlns:v1="http://fidus.brussels/service/messageformeservice/messages/v1" xmlns:v11="http://fidus.brussels/type/common/messages/v1">
   <soapenv:Header/>
   <soapenv:Body>
      <v1:sendNotificationRequest>
         <v1:messageContext>
            <v11:messageId>${=import static java.util.UUID.randomUUID; uuid = randomUUID() as String}</v11:messageId>
         </v1:messageContext>
         <v1:legalContext>ServiceIntegrator</v1:legalContext>
         <v1:request>
            <v1:consumerId>FIDUS-TESTUSER</v1:consumerId>
            <v1:topicId>PersonService</v1:topicId>
            <v1:data><test>test</test></v1:data>
         </v1:request>
      </v1:sendNotificationRequest>
   </soapenv:Body>
</soapenv:Envelope>]]></con:request><con:assertion type="SOAP Fault Assertion" id="c21a887c-0fec-4232-9dda-923372e6bdee" name="Not SOAP Fault"/><con:assertion type="SOAP Response" id="9a06811b-778b-43cc-b820-da7367e4f3a9" name="SOAP Response"/><con:assertion type="Schema Compliance" id="a7f538ac-538b-4fab-a9bc-840da60d8068" name="Schema Compliance"><con:configuration/></con:assertion><con:wsaConfig action="http://fidus.brussels/services/messageformeservice/sendNotification"/></con:request></con:config></con:testStep><con:testStep type="request" id="7fd84ef1-33e7-4a91-9f81-53aa9ebcc988" name="testcase3 - Test - Worker1 - Request"><con:settings/><con:config xsi:type="con:RequestStep" xmlns:xsi="http://www.w3.org/2001/XMLSchema-instance"><con:interface>MessageForMeServiceHTTPBinding</con:interface><con:operation>sendNotification</con:operation><con:request name="testcase3 - Test - Worker1 - Request" id="f1c7b4e7-7185-4727-87a2-8d42e35b5344" outgoingWss="Outflow TEST"><con:settings/><con:encoding>UTF-8</con:encoding><con:endpoint>https://192.168.24.45:8443/services/MessageForMeService_v1.0</con:endpoint><con:request><![CDATA[<soapenv:Envelope xmlns:soapenv="http://schemas.xmlsoap.org/soap/envelope/" xmlns:v1="http://fidus.brussels/service/messageformeservice/messages/v1" xmlns:v11="http://fidus.brussels/type/common/messages/v1">
   <soapenv:Header/>
   <soapenv:Body>
      <v1:sendNotificationRequest>
         <v1:messageContext>
            <v11:messageId>${=import static java.util.UUID.randomUUID; uuid = randomUUID() as String}</v11:messageId>
         </v1:messageContext>
         <v1:legalContext>ServiceIntegrator</v1:legalContext>
         <v1:request>
            <v1:consumerId>FIDUS-TESTUSER</v1:consumerId>
            <v1:topicId>PersonService</v1:topicId>
            <v1:data><test>test</test></v1:data>
         </v1:request>
      </v1:sendNotificationRequest>
   </soapenv:Body>
</soapenv:Envelope>]]></con:request><con:assertion type="SOAP Fault Assertion" id="a1323c1c-3279-4ef4-9af3-9da4fa642861" name="Not SOAP Fault"/><con:assertion type="SOAP Response" id="81be5561-13e9-4ad0-885c-3e34a6d23646" name="SOAP Response"/><con:assertion type="Schema Compliance" id="20874088-ed3d-445d-a873-96a59ccb6ed8" name="Schema Compliance"><con:configuration/></con:assertion><con:wsaConfig action="http://fidus.brussels/services/messageformeservice/sendNotification"/></con:request></con:config></con:testStep><con:testStep type="request" id="64671269-3cfe-47af-b7d1-5226da02ecf9" name="testcase3 - Test - Worker2 - Request"><con:settings/><con:config xsi:type="con:RequestStep" xmlns:xsi="http://www.w3.org/2001/XMLSchema-instance"><con:interface>MessageForMeServiceHTTPBinding</con:interface><con:operation>sendNotification</con:operation><con:request name="testcase3 - Test - Worker2 - Request" id="aa37b966-5d94-4484-94fe-a517289f3fc8" outgoingWss="Outflow TEST"><con:settings/><con:encoding>UTF-8</con:encoding><con:endpoint>https://192.168.24.51:8443/services/MessageForMeService_v1.0</con:endpoint><con:request><![CDATA[<soapenv:Envelope xmlns:soapenv="http://schemas.xmlsoap.org/soap/envelope/" xmlns:v1="http://fidus.brussels/service/messageformeservice/messages/v1" xmlns:v11="http://fidus.brussels/type/common/messages/v1">
   <soapenv:Header/>
   <soapenv:Body>
      <v1:sendNotificationRequest>
         <v1:messageContext>
            <v11:messageId>${=import static java.util.UUID.randomUUID; uuid = randomUUID() as String}</v11:messageId>
         </v1:messageContext>
         <v1:legalContext>ServiceIntegrator</v1:legalContext>
         <v1:request>
            <v1:consumerId>FIDUS-TESTUSER</v1:consumerId>
            <v1:topicId>PersonService</v1:topicId>
            <v1:data><test>test</test></v1:data>
         </v1:request>
      </v1:sendNotificationRequest>
   </soapenv:Body>
</soapenv:Envelope>]]></con:request><con:assertion type="SOAP Fault Assertion" id="09979392-e316-46aa-a835-d69273b9b45a" name="Not SOAP Fault"/><con:assertion type="SOAP Response" id="a721f78f-19cb-4bdf-971b-4189ba0a042b" name="SOAP Response"/><con:assertion type="Schema Compliance" id="89ccd7da-69bc-40e4-acc6-88f83717b833" name="Schema Compliance"><con:configuration/></con:assertion><con:wsaConfig action="http://fidus.brussels/services/messageformeservice/sendNotification"/></con:request></con:config></con:testStep><con:properties/></con:testCase><con:testCase id="b4c17e25-4f7e-4bc2-8e39-f2c3db6f12ac" failOnError="true" failTestCaseOnErrors="true" keepSession="false" maxResults="0" name="receiveNotification" searchProperties="true"><con:settings/><con:testStep type="request" id="647593d8-ecd1-41d1-bba9-219266e8a8d0" name="testcase3 - Test - LB - Request"><con:settings/><con:config xsi:type="con:RequestStep" xmlns:xsi="http://www.w3.org/2001/XMLSchema-instance"><con:interface>MessageForMeServiceHTTPBinding</con:interface><con:operation>receiveNotification</con:operation><con:request name="testcase3 - Test - LB - Request" id="ddc67dd6-74e6-49f7-a9c0-c69fcd3c8b3f" outgoingWss="Outflow TEST"><con:settings/><con:encoding>UTF-8</con:encoding><con:endpoint>https://esb-security-gw.sta.srv.cirb.lan:8443/services/MessageForMeService_v1.0</con:endpoint><con:request><![CDATA[<soapenv:Envelope xmlns:soapenv="http://schemas.xmlsoap.org/soap/envelope/" xmlns:v1="http://fidus.brussels/service/messageformeservice/messages/v1" xmlns:v11="http://fidus.brussels/type/common/messages/v1">
   <soapenv:Header/>
   <soapenv:Body>
      <v1:receiveNotificationRequest>
         <v1:messageContext>
            <v11:messageId>${=import static java.util.UUID.randomUUID; uuid = randomUUID() as String}</v11:messageId>
         </v1:messageContext>
         <v1:legalContext>ServiceIntegrator</v1:legalContext>
         <v1:request>
            <v1:topicId>PersonService</v1:topicId>
            <v1:waitTimeSeconds>10</v1:waitTimeSeconds>
            <v1:maxNumberOfNotifications>10</v1:maxNumberOfNotifications>
            <v1:autoDelete>false</v1:autoDelete>
         </v1:request>
      </v1:receiveNotificationRequest>
   </soapenv:Body>
</soapenv:Envelope>]]></con:request><con:assertion type="SOAP Fault Assertion" id="65690c58-2a78-4274-8531-5377f2c61eed" name="Not SOAP Fault"/><con:assertion type="SOAP Response" id="89ed69c6-c468-418e-b76f-10c5013bd153" name="SOAP Response"/><con:assertion type="Schema Compliance" id="006c1821-32df-4896-b936-a41880de1c25" name="Schema Compliance"><con:configuration/></con:assertion><con:wsaConfig action="http://fidus.brussels/services/messageformeservice/receiveNotification"/></con:request></con:config></con:testStep><con:testStep type="request" id="22b1b854-81eb-41b6-b70b-fec5ebcede48" name="testcase3 - Test - Worker1 - Request"><con:settings/><con:config xsi:type="con:RequestStep" xmlns:xsi="http://www.w3.org/2001/XMLSchema-instance"><con:interface>MessageForMeServiceHTTPBinding</con:interface><con:operation>receiveNotification</con:operation><con:request name="testcase3 - Test - Worker1 - Request" id="8ffd86f6-456a-4c8f-a7cc-d83accbf65b3" outgoingWss="Outflow TEST"><con:settings/><con:encoding>UTF-8</con:encoding><con:endpoint>https://192.168.24.45:8443/services/MessageForMeService_v1.0</con:endpoint><con:request><![CDATA[<soapenv:Envelope xmlns:soapenv="http://schemas.xmlsoap.org/soap/envelope/" xmlns:v1="http://fidus.brussels/service/messageformeservice/messages/v1" xmlns:v11="http://fidus.brussels/type/common/messages/v1">
   <soapenv:Header/>
   <soapenv:Body>
      <v1:receiveNotificationRequest>
         <v1:messageContext>
            <v11:messageId>${=import static java.util.UUID.randomUUID; uuid = randomUUID() as String}</v11:messageId>
         </v1:messageContext>
         <v1:legalContext>ServiceIntegrator</v1:legalContext>
         <v1:request>
            <v1:topicId>PersonService</v1:topicId>
            <v1:waitTimeSeconds>10</v1:waitTimeSeconds>
            <v1:maxNumberOfNotifications>10</v1:maxNumberOfNotifications>
            <v1:autoDelete>false</v1:autoDelete>
         </v1:request>
      </v1:receiveNotificationRequest>
   </soapenv:Body>
</soapenv:Envelope>]]></con:request><con:assertion type="SOAP Fault Assertion" id="a8d5c59b-2d13-4ec7-a9ca-0facbd24c68d" name="Not SOAP Fault"/><con:assertion type="SOAP Response" id="dea7df35-bd3a-4ff2-96b5-83a703a9399b" name="SOAP Response"/><con:assertion type="Schema Compliance" id="afd58ae3-7fbe-42df-a641-c4beedfc3f4f" name="Schema Compliance"><con:configuration/></con:assertion><con:wsaConfig action="http://fidus.brussels/services/messageformeservice/receiveNotification"/></con:request></con:config></con:testStep><con:testStep type="request" id="453f95e6-0a63-463f-9bf7-0821f983fe44" name="testcase3 - Test - Worker2 - Request"><con:settings/><con:config xsi:type="con:RequestStep" xmlns:xsi="http://www.w3.org/2001/XMLSchema-instance"><con:interface>MessageForMeServiceHTTPBinding</con:interface><con:operation>receiveNotification</con:operation><con:request name="testcase3 - Test - Worker2 - Request" id="4bab9fb0-dbda-4e01-b571-4e41548a0445" outgoingWss="Outflow TEST"><con:settings/><con:encoding>UTF-8</con:encoding><con:endpoint>https://192.168.24.51:8443/services/MessageForMeService_v1.0</con:endpoint><con:request><![CDATA[<soapenv:Envelope xmlns:soapenv="http://schemas.xmlsoap.org/soap/envelope/" xmlns:v1="http://fidus.brussels/service/messageformeservice/messages/v1" xmlns:v11="http://fidus.brussels/type/common/messages/v1">
   <soapenv:Header/>
   <soapenv:Body>
      <v1:receiveNotificationRequest>
         <v1:messageContext>
            <v11:messageId>${=import static java.util.UUID.randomUUID; uuid = randomUUID() as String}</v11:messageId>
         </v1:messageContext>
         <v1:legalContext>ServiceIntegrator</v1:legalContext>
         <v1:request>
            <v1:topicId>PersonService</v1:topicId>
            <v1:waitTimeSeconds>10</v1:waitTimeSeconds>
            <v1:maxNumberOfNotifications>10</v1:maxNumberOfNotifications>
            <v1:autoDelete>false</v1:autoDelete>
         </v1:request>
      </v1:receiveNotificationRequest>
   </soapenv:Body>
</soapenv:Envelope>]]></con:request><con:assertion type="SOAP Fault Assertion" id="09e8924d-ff87-49b7-a792-c9b830782d3e" name="Not SOAP Fault"/><con:assertion type="SOAP Response" id="8cfadb35-e388-4f9c-a4d5-09ea92955ae8" name="SOAP Response"/><con:assertion type="Schema Compliance" id="8dd831ab-7d49-460b-8f7b-73721e45b33c" name="Schema Compliance"><con:configuration/></con:assertion><con:wsaConfig action="http://fidus.brussels/services/messageformeservice/receiveNotification"/></con:request></con:config></con:testStep><con:properties/></con:testCase><con:testCase id="fb00b0f1-4246-46c0-884d-4f4bd5125ecc" failOnError="true" failTestCaseOnErrors="true" keepSession="false" maxResults="0" name="deleteNotification" searchProperties="true"><con:settings/><con:testStep type="request" id="334a9f06-4a21-416c-87cc-b9a82a5cd84b" name="testcase3 - Test - LB - Request"><con:settings/><con:config xsi:type="con:RequestStep" xmlns:xsi="http://www.w3.org/2001/XMLSchema-instance"><con:interface>MessageForMeServiceHTTPBinding</con:interface><con:operation>deleteNotification</con:operation><con:request name="testcase3 - Test - LB - Request" id="26bfe3a8-78c1-4f63-b304-3b52a6e7ff36" outgoingWss="Outflow TEST"><con:settings/><con:encoding>UTF-8</con:encoding><con:endpoint>https://esb-security-gw.sta.srv.cirb.lan:8443/services/MessageForMeService_v1.0</con:endpoint><con:request><![CDATA[<soapenv:Envelope xmlns:soapenv="http://schemas.xmlsoap.org/soap/envelope/" xmlns:v1="http://fidus.brussels/service/messageformeservice/messages/v1" xmlns:v11="http://fidus.brussels/type/common/messages/v1">
   <soapenv:Header/>
   <soapenv:Body>
      <v1:deleteNotificationRequest>
         <v1:messageContext>
            <v11:messageId>${=import static java.util.UUID.randomUUID; uuid = randomUUID() as String}</v11:messageId>
         </v1:messageContext>
         <v1:legalContext>ServiceIntegrator</v1:legalContext>
         <v1:request>
            <v1:topicId>PersonService</v1:topicId>
            <v1:notificationIds>
               <!--1 to 50 repetitions:-->
               <v1:notificationId>d99920ec-e73f-4ea3-89ee-4943ab152092</v1:notificationId>
            </v1:notificationIds>
         </v1:request>
      </v1:deleteNotificationRequest>
   </soapenv:Body>
</soapenv:Envelope>]]></con:request><con:assertion type="SOAP Fault Assertion" id="e871989a-87c5-40a2-8c2c-593a8d51b767" name="Not SOAP Fault"/><con:assertion type="SOAP Response" id="e64cdbc4-ff31-49b4-98bd-25c1c56e5059" name="SOAP Response"/><con:assertion type="Schema Compliance" id="3a29c637-6038-4786-abf2-a1027bfd33cf" name="Schema Compliance"><con:configuration/></con:assertion><con:wsaConfig action="http://fidus.brussels/services/messageformeservice/deleteNotification"/></con:request></con:config></con:testStep><con:testStep type="request" id="3938eaee-9444-40d0-abeb-81e13c64df8e" name="testcase3 - Test - Worker1 - Request"><con:settings/><con:config xsi:type="con:RequestStep" xmlns:xsi="http://www.w3.org/2001/XMLSchema-instance"><con:interface>MessageForMeServiceHTTPBinding</con:interface><con:operation>deleteNotification</con:operation><con:request name="testcase3 - Test - Worker1 - Request" id="2ea27ae0-7d21-4db6-af9b-c3655384f8c9" outgoingWss="Outflow TEST"><con:settings/><con:encoding>UTF-8</con:encoding><con:endpoint>https://192.168.24.45:8443/services/MessageForMeService_v1.0</con:endpoint><con:request><![CDATA[<soapenv:Envelope xmlns:soapenv="http://schemas.xmlsoap.org/soap/envelope/" xmlns:v1="http://fidus.brussels/service/messageformeservice/messages/v1" xmlns:v11="http://fidus.brussels/type/common/messages/v1">
   <soapenv:Header/>
   <soapenv:Body>
      <v1:deleteNotificationRequest>
         <v1:messageContext>
            <v11:messageId>${=import static java.util.UUID.randomUUID; uuid = randomUUID() as String}</v11:messageId>
         </v1:messageContext>
         <v1:legalContext>ServiceIntegrator</v1:legalContext>
         <v1:request>
            <v1:topicId>PersonService</v1:topicId>
            <v1:notificationIds>
               <!--1 to 50 repetitions:-->
               <v1:notificationId>d99920ec-e73f-4ea3-89ee-4943ab152092</v1:notificationId>
            </v1:notificationIds>
         </v1:request>
      </v1:deleteNotificationRequest>
   </soapenv:Body>
</soapenv:Envelope>]]></con:request><con:assertion type="SOAP Fault Assertion" id="b36df65a-6922-4e81-86e7-f2de255c0891" name="Not SOAP Fault"/><con:assertion type="SOAP Response" id="b980ca75-1104-4095-ba53-76fd9e62d521" name="SOAP Response"/><con:assertion type="Schema Compliance" id="0f6d50d8-3b99-4012-a8b9-855a6221be95" name="Schema Compliance"><con:configuration/></con:assertion><con:wsaConfig action="http://fidus.brussels/services/messageformeservice/deleteNotification"/></con:request></con:config></con:testStep><con:testStep type="request" id="33ae5ba4-0f2e-44fa-8326-082dff4816f4" name="testcase3 - Test - Worker2 - Request"><con:settings/><con:config xsi:type="con:RequestStep" xmlns:xsi="http://www.w3.org/2001/XMLSchema-instance"><con:interface>MessageForMeServiceHTTPBinding</con:interface><con:operation>deleteNotification</con:operation><con:request name="testcase3 - Test - Worker2 - Request" id="261c4b8f-7d46-48d2-b4a5-5d2244cc90a4" outgoingWss="Outflow TEST"><con:settings/><con:encoding>UTF-8</con:encoding><con:endpoint>https://192.168.24.51:8443/services/MessageForMeService_v1.0</con:endpoint><con:request><![CDATA[<soapenv:Envelope xmlns:soapenv="http://schemas.xmlsoap.org/soap/envelope/" xmlns:v1="http://fidus.brussels/service/messageformeservice/messages/v1" xmlns:v11="http://fidus.brussels/type/common/messages/v1">
   <soapenv:Header/>
   <soapenv:Body>
      <v1:deleteNotificationRequest>
         <v1:messageContext>
            <v11:messageId>${=import static java.util.UUID.randomUUID; uuid = randomUUID() as String}</v11:messageId>
         </v1:messageContext>
         <v1:legalContext>ServiceIntegrator</v1:legalContext>
         <v1:request>
            <v1:topicId>PersonService</v1:topicId>
            <v1:notificationIds>
               <!--1 to 50 repetitions:-->
               <v1:notificationId>d99920ec-e73f-4ea3-89ee-4943ab152092</v1:notificationId>
            </v1:notificationIds>
         </v1:request>
      </v1:deleteNotificationRequest>
   </soapenv:Body>
</soapenv:Envelope>]]></con:request><con:assertion type="SOAP Fault Assertion" id="c7fbc05a-2738-4d8c-9fe0-3e5d26c56214" name="Not SOAP Fault"/><con:assertion type="SOAP Response" id="7c2bbbca-d857-4d28-818b-ad6aa58270a3" name="SOAP Response"/><con:assertion type="Schema Compliance" id="3f4d92b8-61e2-4d1b-9602-dd004cd8e693" name="Schema Compliance"><con:configuration/></con:assertion><con:wsaConfig action="http://fidus.brussels/services/messageformeservice/deleteNotification"/></con:request></con:config></con:testStep><con:properties/></con:testCase><con:properties/></con:testSuite><con:testSuite id="98b0c95f-3574-4d92-967e-885315310f4b" name="STAG"><con:settings/><con:runType>SEQUENTIAL</con:runType><con:testCase id="609a9c82-7a3e-4e52-8572-bb21ae465cda" failOnError="true" failTestCaseOnErrors="true" keepSession="false" maxResults="0" name="sendNotification" searchProperties="true"><con:settings/><con:testStep type="request" id="1799f76e-2466-4abc-93c5-9b71a55029dc" name="testcase4 - Staging - LB - Request"><con:settings/><con:config xsi:type="con:RequestStep" xmlns:xsi="http://www.w3.org/2001/XMLSchema-instance"><con:interface>MessageForMeServiceHTTPBinding</con:interface><con:operation>sendNotification</con:operation><con:request name="testcase4 - Staging - LB - Request" id="bc3376d3-cbc6-45cb-85a9-37ee87757082" outgoingWss="Outflow STAG"><con:settings/><con:encoding>UTF-8</con:encoding><con:endpoint>https://fidus-esb-sg.sta.srv.cirb.lan:8443/services/MessageForMeService_v1.0</con:endpoint><con:request><![CDATA[<soapenv:Envelope xmlns:soapenv="http://schemas.xmlsoap.org/soap/envelope/" xmlns:v1="http://fidus.brussels/service/messageformeservice/messages/v1" xmlns:v11="http://fidus.brussels/type/common/messages/v1">
   <soapenv:Header/>
   <soapenv:Body>
      <v1:sendNotificationRequest>
         <v1:messageContext>
            <v11:messageId>${=import static java.util.UUID.randomUUID; uuid = randomUUID() as String}</v11:messageId>
         </v1:messageContext>
         <v1:legalContext>ServiceIntegrator</v1:legalContext>
         <v1:request>
            <v1:consumerId>FIDUS-TESTUSER</v1:consumerId>
            <v1:topicId>PersonService</v1:topicId>
            <v1:data><test>test</test></v1:data>
         </v1:request>
      </v1:sendNotificationRequest>
   </soapenv:Body>
</soapenv:Envelope>]]></con:request><con:assertion type="SOAP Fault Assertion" id="848e1034-c8ba-4584-95bd-fedcd6d4e66c" name="Not SOAP Fault"/><con:assertion type="SOAP Response" id="8c7247e5-e019-493b-a5f4-27351ff761bb" name="SOAP Response"/><con:assertion type="Schema Compliance" id="067dd71b-c24a-4055-ac93-47c4b5c962db" name="Schema Compliance"><con:configuration/></con:assertion><con:wsaConfig action="http://fidus.brussels/services/messageformeservice/sendNotification"/></con:request></con:config></con:testStep><con:testStep type="request" id="63dfb9ae-81f1-4bc3-8287-5229d4d34452" name="testcase4 - Staging - Worker1 - Request"><con:settings/><con:config xsi:type="con:RequestStep" xmlns:xsi="http://www.w3.org/2001/XMLSchema-instance"><con:interface>MessageForMeServiceHTTPBinding</con:interface><con:operation>sendNotification</con:operation><con:request name="testcase4 - Staging - Worker1 - Request" id="d74ad7c3-bd25-4e34-95d9-54a83cd8b631" outgoingWss="Outflow STAG"><con:settings/><con:encoding>UTF-8</con:encoding><con:endpoint>https://192.168.24.57:8443/services/MessageForMeService_v1.0</con:endpoint><con:request><![CDATA[<soapenv:Envelope xmlns:soapenv="http://schemas.xmlsoap.org/soap/envelope/" xmlns:v1="http://fidus.brussels/service/messageformeservice/messages/v1" xmlns:v11="http://fidus.brussels/type/common/messages/v1">
   <soapenv:Header/>
   <soapenv:Body>
      <v1:sendNotificationRequest>
         <v1:messageContext>
            <v11:messageId>${=import static java.util.UUID.randomUUID; uuid = randomUUID() as String}</v11:messageId>
         </v1:messageContext>
         <v1:legalContext>ServiceIntegrator</v1:legalContext>
         <v1:request>
            <v1:consumerId>FIDUS-TESTUSER</v1:consumerId>
            <v1:topicId>PersonService</v1:topicId>
            <v1:data><test>test</test></v1:data>
         </v1:request>
      </v1:sendNotificationRequest>
   </soapenv:Body>
</soapenv:Envelope>]]></con:request><con:assertion type="SOAP Fault Assertion" id="0297e9f4-124a-4bec-bdc7-9a4e1d4b6737" name="Not SOAP Fault"/><con:assertion type="SOAP Response" id="437c1324-dadc-45c3-b7bd-5ab423a38e79" name="SOAP Response"/><con:assertion type="Schema Compliance" id="e47beabe-c7d7-4f19-956d-fc9f56f46990" name="Schema Compliance"><con:configuration/></con:assertion><con:wsaConfig action="http://fidus.brussels/services/messageformeservice/sendNotification"/></con:request></con:config></con:testStep><con:testStep type="request" id="b9139797-d099-4dc1-aa0a-d38781f90c5f" name="testcase4 - Staging - Worker2 - Request"><con:settings/><con:config xsi:type="con:RequestStep" xmlns:xsi="http://www.w3.org/2001/XMLSchema-instance"><con:interface>MessageForMeServiceHTTPBinding</con:interface><con:operation>sendNotification</con:operation><con:request name="testcase4 - Staging - Worker2 - Request" id="06a0f1bd-0589-4885-bf77-57991aad9fb0" outgoingWss="Outflow STAG"><con:settings/><con:encoding>UTF-8</con:encoding><con:endpoint>https://192.168.24.64:8443/services/MessageForMeService_v1.0</con:endpoint><con:request><![CDATA[<soapenv:Envelope xmlns:soapenv="http://schemas.xmlsoap.org/soap/envelope/" xmlns:v1="http://fidus.brussels/service/messageformeservice/messages/v1" xmlns:v11="http://fidus.brussels/type/common/messages/v1">
   <soapenv:Header/>
   <soapenv:Body>
      <v1:sendNotificationRequest>
         <v1:messageContext>
            <v11:messageId>${=import static java.util.UUID.randomUUID; uuid = randomUUID() as String}</v11:messageId>
         </v1:messageContext>
         <v1:legalContext>ServiceIntegrator</v1:legalContext>
         <v1:request>
            <v1:consumerId>FIDUS-TESTUSER</v1:consumerId>
            <v1:topicId>PersonService</v1:topicId>
            <v1:data><test>test</test></v1:data>
         </v1:request>
      </v1:sendNotificationRequest>
   </soapenv:Body>
</soapenv:Envelope>]]></con:request><con:assertion type="SOAP Fault Assertion" id="064103ab-6d8b-484f-a16a-395468a1f5a2" name="Not SOAP Fault"/><con:assertion type="SOAP Response" id="d1e0eec4-413f-42fb-a358-12152fc93999" name="SOAP Response"/><con:assertion type="Schema Compliance" id="4225b5f3-20d4-43f7-8679-472fef8cb26b" name="Schema Compliance"><con:configuration/></con:assertion><con:wsaConfig action="http://fidus.brussels/services/messageformeservice/sendNotification"/></con:request></con:config></con:testStep><con:properties/></con:testCase><con:testCase id="6c90d8ab-5cbf-4813-b48b-3424f3782fcf" failOnError="true" failTestCaseOnErrors="true" keepSession="false" maxResults="0" name="receiveNotification" searchProperties="true"><con:settings/><con:testStep type="request" id="f88186b5-f96c-405d-a734-c6d9b93a5600" name="testcase4 - Staging - LB - Request"><con:settings/><con:config xsi:type="con:RequestStep" xmlns:xsi="http://www.w3.org/2001/XMLSchema-instance"><con:interface>MessageForMeServiceHTTPBinding</con:interface><con:operation>receiveNotification</con:operation><con:request name="testcase4 - Staging - LB - Request" id="4b2d89fa-fda1-473e-9021-9766e0e61420" outgoingWss="Outflow STAG"><con:settings/><con:encoding>UTF-8</con:encoding><con:endpoint>https://fidus-esb-sg.sta.srv.cirb.lan:8443/services/MessageForMeService_v1.0</con:endpoint><con:request><![CDATA[<soapenv:Envelope xmlns:soapenv="http://schemas.xmlsoap.org/soap/envelope/" xmlns:v1="http://fidus.brussels/service/messageformeservice/messages/v1" xmlns:v11="http://fidus.brussels/type/common/messages/v1">
   <soapenv:Header/>
   <soapenv:Body>
      <v1:receiveNotificationRequest>
         <v1:messageContext>
            <v11:messageId>${=import static java.util.UUID.randomUUID; uuid = randomUUID() as String}</v11:messageId>
         </v1:messageContext>
         <v1:legalContext>ServiceIntegrator</v1:legalContext>
         <v1:request>
            <v1:topicId>PersonService</v1:topicId>
            <v1:waitTimeSeconds>10</v1:waitTimeSeconds>
            <v1:maxNumberOfNotifications>10</v1:maxNumberOfNotifications>
            <v1:autoDelete>false</v1:autoDelete>
         </v1:request>
      </v1:receiveNotificationRequest>
   </soapenv:Body>
</soapenv:Envelope>]]></con:request><con:assertion type="SOAP Fault Assertion" id="31ae21e6-61f2-4793-9f78-8ada62288ab9" name="Not SOAP Fault"/><con:assertion type="SOAP Response" id="d1dd5601-3519-4d59-aab7-410bbd60d013" name="SOAP Response"/><con:assertion type="Schema Compliance" id="0ef1ddc4-031b-43d5-8883-822069867d9c" name="Schema Compliance"><con:configuration/></con:assertion><con:wsaConfig action="http://fidus.brussels/services/messageformeservice/receiveNotification"/></con:request></con:config></con:testStep><con:testStep type="request" id="8406590e-c348-440a-ad6b-0a9b3c968851" name="testcase4 - Staging - Worker1 - Request"><con:settings/><con:config xsi:type="con:RequestStep" xmlns:xsi="http://www.w3.org/2001/XMLSchema-instance"><con:interface>MessageForMeServiceHTTPBinding</con:interface><con:operation>receiveNotification</con:operation><con:request name="testcase4 - Staging - Worker1 - Request" id="236626b3-4937-4a6e-83ef-e14b45793da0" outgoingWss="Outflow STAG"><con:settings/><con:encoding>UTF-8</con:encoding><con:endpoint>https://192.168.24.57:8443/services/MessageForMeService_v1.0</con:endpoint><con:request><![CDATA[<soapenv:Envelope xmlns:soapenv="http://schemas.xmlsoap.org/soap/envelope/" xmlns:v1="http://fidus.brussels/service/messageformeservice/messages/v1" xmlns:v11="http://fidus.brussels/type/common/messages/v1">
   <soapenv:Header/>
   <soapenv:Body>
      <v1:receiveNotificationRequest>
         <v1:messageContext>
            <v11:messageId>${=import static java.util.UUID.randomUUID; uuid = randomUUID() as String}</v11:messageId>
         </v1:messageContext>
         <v1:legalContext>ServiceIntegrator</v1:legalContext>
         <v1:request>
            <v1:topicId>PersonService</v1:topicId>
            <v1:waitTimeSeconds>10</v1:waitTimeSeconds>
            <v1:maxNumberOfNotifications>10</v1:maxNumberOfNotifications>
            <v1:autoDelete>false</v1:autoDelete>
         </v1:request>
      </v1:receiveNotificationRequest>
   </soapenv:Body>
</soapenv:Envelope>]]></con:request><con:assertion type="SOAP Fault Assertion" id="6a478a9d-b905-4317-8f6c-35aeaf044560" name="Not SOAP Fault"/><con:assertion type="SOAP Response" id="1c7a163b-bbf4-4dd6-ad49-cf56d283b893" name="SOAP Response"/><con:assertion type="Schema Compliance" id="7b438d7e-b97b-4a79-b7f1-e36ac59f9799" name="Schema Compliance"><con:configuration/></con:assertion><con:wsaConfig action="http://fidus.brussels/services/messageformeservice/receiveNotification"/></con:request></con:config></con:testStep><con:testStep type="request" id="26a9ea08-6503-41f0-8a60-15308cc0f3be" name="testcase4 - Staging - Worker2 - Request"><con:settings/><con:config xsi:type="con:RequestStep" xmlns:xsi="http://www.w3.org/2001/XMLSchema-instance"><con:interface>MessageForMeServiceHTTPBinding</con:interface><con:operation>receiveNotification</con:operation><con:request name="testcase4 - Staging - Worker2 - Request" id="379f1ef8-775d-4d3b-a5aa-3a82088bc088" outgoingWss="Outflow STAG"><con:settings/><con:encoding>UTF-8</con:encoding><con:endpoint>https://192.168.24.64:8443/services/MessageForMeService_v1.0</con:endpoint><con:request><![CDATA[<soapenv:Envelope xmlns:soapenv="http://schemas.xmlsoap.org/soap/envelope/" xmlns:v1="http://fidus.brussels/service/messageformeservice/messages/v1" xmlns:v11="http://fidus.brussels/type/common/messages/v1">
   <soapenv:Header/>
   <soapenv:Body>
      <v1:receiveNotificationRequest>
         <v1:messageContext>
            <v11:messageId>${=import static java.util.UUID.randomUUID; uuid = randomUUID() as String}</v11:messageId>
         </v1:messageContext>
         <v1:legalContext>ServiceIntegrator</v1:legalContext>
         <v1:request>
            <v1:topicId>PersonService</v1:topicId>
            <v1:waitTimeSeconds>10</v1:waitTimeSeconds>
            <v1:maxNumberOfNotifications>10</v1:maxNumberOfNotifications>
            <v1:autoDelete>false</v1:autoDelete>
         </v1:request>
      </v1:receiveNotificationRequest>
   </soapenv:Body>
</soapenv:Envelope>]]></con:request><con:assertion type="SOAP Fault Assertion" id="5ee1eadf-7511-4840-b292-6b481b048f1c" name="Not SOAP Fault"/><con:assertion type="SOAP Response" id="1672f666-0b01-4883-879d-bee58b411aef" name="SOAP Response"/><con:assertion type="Schema Compliance" id="d93955ac-dfba-433a-a19c-9f60cf1b0534" name="Schema Compliance"><con:configuration/></con:assertion><con:wsaConfig action="http://fidus.brussels/services/messageformeservice/receiveNotification"/></con:request></con:config></con:testStep><con:properties/></con:testCase><con:testCase id="25b03da2-3ead-47df-a1bf-eb2e66952c3b" failOnError="true" failTestCaseOnErrors="true" keepSession="false" maxResults="0" name="deleteNotification" searchProperties="true"><con:settings/><con:testStep type="request" id="678b6460-7e3c-4908-b0fb-dabc7706a4c0" name="testcase4 - Staging - LB - Request"><con:settings/><con:config xsi:type="con:RequestStep" xmlns:xsi="http://www.w3.org/2001/XMLSchema-instance"><con:interface>MessageForMeServiceHTTPBinding</con:interface><con:operation>deleteNotification</con:operation><con:request name="testcase4 - Staging - LB - Request" id="f875748d-d480-4431-b8ad-007a57661d14" outgoingWss="Outflow STAG"><con:settings/><con:encoding>UTF-8</con:encoding><con:endpoint>https://fidus-esb-sg.sta.srv.cirb.lan:8443/services/MessageForMeService_v1.0</con:endpoint><con:request><![CDATA[<soapenv:Envelope xmlns:soapenv="http://schemas.xmlsoap.org/soap/envelope/" xmlns:v1="http://fidus.brussels/service/messageformeservice/messages/v1" xmlns:v11="http://fidus.brussels/type/common/messages/v1">
   <soapenv:Header/>
   <soapenv:Body>
      <v1:deleteNotificationRequest>
         <v1:messageContext>
            <v11:messageId>${=import static java.util.UUID.randomUUID; uuid = randomUUID() as String}</v11:messageId>
         </v1:messageContext>
         <v1:legalContext>ServiceIntegrator</v1:legalContext>
         <v1:request>
            <v1:topicId>PersonService</v1:topicId>
            <v1:notificationIds>
               <!--1 to 50 repetitions:-->
               <v1:notificationId>d99920ec-e73f-4ea3-89ee-4943ab152092</v1:notificationId>
            </v1:notificationIds>
         </v1:request>
      </v1:deleteNotificationRequest>
   </soapenv:Body>
</soapenv:Envelope>]]></con:request><con:assertion type="SOAP Fault Assertion" id="c06a3314-9fe5-46ae-832c-c6c87dcfb1c2" name="Not SOAP Fault"/><con:assertion type="SOAP Response" id="6f79fb8b-bfcd-4a99-8387-b3952683c0b3" name="SOAP Response"/><con:assertion type="Schema Compliance" id="019bb80f-4276-44cf-9f22-4a0cafe39095" name="Schema Compliance"><con:configuration/></con:assertion><con:wsaConfig action="http://fidus.brussels/services/messageformeservice/deleteNotification"/></con:request></con:config></con:testStep><con:testStep type="request" id="5fa29956-6724-4c9e-9f44-8218e81c7ecc" name="testcase4 - Staging - Worker1 - Request"><con:settings/><con:config xsi:type="con:RequestStep" xmlns:xsi="http://www.w3.org/2001/XMLSchema-instance"><con:interface>MessageForMeServiceHTTPBinding</con:interface><con:operation>deleteNotification</con:operation><con:request name="testcase4 - Staging - Worker1 - Request" id="3d924d2a-04ee-4e56-a96b-54ccb594e8aa" outgoingWss="Outflow STAG"><con:settings/><con:encoding>UTF-8</con:encoding><con:endpoint>https://192.168.24.57:8443/services/MessageForMeService_v1.0</con:endpoint><con:request><![CDATA[<soapenv:Envelope xmlns:soapenv="http://schemas.xmlsoap.org/soap/envelope/" xmlns:v1="http://fidus.brussels/service/messageformeservice/messages/v1" xmlns:v11="http://fidus.brussels/type/common/messages/v1">
   <soapenv:Header/>
   <soapenv:Body>
      <v1:deleteNotificationRequest>
         <v1:messageContext>
            <v11:messageId>${=import static java.util.UUID.randomUUID; uuid = randomUUID() as String}</v11:messageId>
         </v1:messageContext>
         <v1:legalContext>ServiceIntegrator</v1:legalContext>
         <v1:request>
            <v1:topicId>PersonService</v1:topicId>
            <v1:notificationIds>
               <!--1 to 50 repetitions:-->
               <v1:notificationId>d99920ec-e73f-4ea3-89ee-4943ab152092</v1:notificationId>
            </v1:notificationIds>
         </v1:request>
      </v1:deleteNotificationRequest>
   </soapenv:Body>
</soapenv:Envelope>]]></con:request><con:assertion type="SOAP Fault Assertion" id="3d08758f-b5fb-4685-a062-894217d61465" name="Not SOAP Fault"/><con:assertion type="SOAP Response" id="10fc1dea-8858-49cc-8898-c4bdc17248ec" name="SOAP Response"/><con:assertion type="Schema Compliance" id="f39f6aa4-226c-43fa-95af-1c8389ea84dd" name="Schema Compliance"><con:configuration/></con:assertion><con:wsaConfig action="http://fidus.brussels/services/messageformeservice/deleteNotification"/></con:request></con:config></con:testStep><con:testStep type="request" id="b3fd5cba-b4f6-4064-a808-e15b3374697e" name="testcase4 - Staging - Worker2 - Request"><con:settings/><con:config xsi:type="con:RequestStep" xmlns:xsi="http://www.w3.org/2001/XMLSchema-instance"><con:interface>MessageForMeServiceHTTPBinding</con:interface><con:operation>deleteNotification</con:operation><con:request name="testcase4 - Staging - Worker2 - Request" id="9c70e84f-2f1a-4cd3-86e8-29e160b77cee" outgoingWss="Outflow STAG"><con:settings/><con:encoding>UTF-8</con:encoding><con:endpoint>https://192.168.24.64:8443/services/MessageForMeService_v1.0</con:endpoint><con:request><![CDATA[<soapenv:Envelope xmlns:soapenv="http://schemas.xmlsoap.org/soap/envelope/" xmlns:v1="http://fidus.brussels/service/messageformeservice/messages/v1" xmlns:v11="http://fidus.brussels/type/common/messages/v1">
   <soapenv:Header/>
   <soapenv:Body>
      <v1:deleteNotificationRequest>
         <v1:messageContext>
            <v11:messageId>${=import static java.util.UUID.randomUUID; uuid = randomUUID() as String}</v11:messageId>
         </v1:messageContext>
         <v1:legalContext>ServiceIntegrator</v1:legalContext>
         <v1:request>
            <v1:topicId>PersonService</v1:topicId>
            <v1:notificationIds>
               <!--1 to 50 repetitions:-->
               <v1:notificationId>d99920ec-e73f-4ea3-89ee-4943ab152092</v1:notificationId>
            </v1:notificationIds>
         </v1:request>
      </v1:deleteNotificationRequest>
   </soapenv:Body>
</soapenv:Envelope>]]></con:request><con:assertion type="SOAP Fault Assertion" id="4453dcb2-e0c3-4b95-9cb6-91d3c9fe9086" name="Not SOAP Fault"/><con:assertion type="SOAP Response" id="3508bcfa-c839-4f1d-8862-656c84e79dac" name="SOAP Response"/><con:assertion type="Schema Compliance" id="6efb21bb-f326-4eed-8c9b-e16d4ae1e679" name="Schema Compliance"><con:configuration/></con:assertion><con:wsaConfig action="http://fidus.brussels/services/messageformeservice/deleteNotification"/></con:request></con:config></con:testStep><con:properties/></con:testCase><con:properties/></con:testSuite><con:testSuite id="d901810e-5e74-4832-84fb-ef4ca54134e9" name="DEV"><con:settings/><con:runType>SEQUENTIAL</con:runType><con:testCase id="d4f2c05a-5805-4144-aad2-902b8d64ae67" failOnError="true" failTestCaseOnErrors="true" keepSession="false" maxResults="0" name="sendNotification" searchProperties="true"><con:settings/><con:testStep type="request" id="be47895a-5aeb-41ca-be7a-6a23e1d781d6" name="testcase2 - Dev - Request - OK"><con:settings/><con:config xsi:type="con:RequestStep" xmlns:xsi="http://www.w3.org/2001/XMLSchema-instance"><con:interface>MessageForMeServiceHTTPBinding</con:interface><con:operation>sendNotification</con:operation><con:request name="testcase2 - Dev - Request - OK" id="b5b92fb5-20ad-49aa-ac34-23963df29112" outgoingWss="Outflow DEV"><con:settings/><con:encoding>UTF-8</con:encoding><con:endpoint>https://192.168.36.61:8243/services/MessageForMeService_v1.0</con:endpoint><con:request><![CDATA[<soapenv:Envelope xmlns:soapenv="http://schemas.xmlsoap.org/soap/envelope/" xmlns:v1="http://fidus.brussels/service/messageformeservice/messages/v1" xmlns:v11="http://fidus.brussels/type/common/messages/v1">
   <soapenv:Header/>
   <soapenv:Body>
      <v1:sendNotificationRequest>
         <v1:messageContext>
            <v11:messageId>${=import static java.util.UUID.randomUUID; uuid = randomUUID() as String}</v11:messageId>
         </v1:messageContext>
         <v1:legalContext>ServiceIntegrator</v1:legalContext>
         <v1:request>
            <v1:consumerId>CIRB-CIBG</v1:consumerId>
            <v1:topicId>PersonService</v1:topicId>
            <v1:data>one data</v1:data>
         </v1:request>
      </v1:sendNotificationRequest>
   </soapenv:Body>
</soapenv:Envelope>]]></con:request><con:assertion type="SOAP Fault Assertion" id="cf1c83d1-885a-4882-875a-3e926045f4a3" name="Not SOAP Fault"/><con:assertion type="SOAP Response" id="18d404aa-b335-4f93-9fc5-b2ae471fa7e0" name="SOAP Response"/><con:assertion type="Schema Compliance" id="c1dae299-f387-438b-8e67-422f1097cb9c" name="Schema Compliance"><con:configuration/></con:assertion><con:wsaConfig action="http://fidus.brussels/services/messageformeservice/sendNotification"/></con:request></con:config></con:testStep><con:properties/></con:testCase><con:testCase id="a1f5b777-56ab-4e63-95a4-8346f12d100f" failOnError="true" failTestCaseOnErrors="true" keepSession="false" maxResults="0" name="receiveNotification" searchProperties="true"><con:settings/><con:testStep type="request" id="bf3333c9-b5d5-44bf-a9e6-c05701d9b58a" name="testcase2 - Dev - Request - OK"><con:settings/><con:config xsi:type="con:RequestStep" xmlns:xsi="http://www.w3.org/2001/XMLSchema-instance"><con:interface>MessageForMeServiceHTTPBinding</con:interface><con:operation>receiveNotification</con:operation><con:request name="testcase2 - Dev - Request - OK" id="4f15f3f9-55bc-4e79-ae78-04ee066f73a5" outgoingWss="Outflow DEV"><con:settings/><con:encoding>UTF-8</con:encoding><con:endpoint>https://192.168.36.61:8243/services/MessageForMeService_v1.0</con:endpoint><con:request><![CDATA[<soapenv:Envelope xmlns:soapenv="http://schemas.xmlsoap.org/soap/envelope/" xmlns:v1="http://fidus.brussels/service/messageformeservice/messages/v1" xmlns:v11="http://fidus.brussels/type/common/messages/v1">
   <soapenv:Header/>
   <soapenv:Body>
      <v1:receiveNotificationRequest>
         <v1:messageContext>
            <v11:messageId>${=import static java.util.UUID.randomUUID; uuid = randomUUID() as String}</v11:messageId>
         </v1:messageContext>
         <v1:legalContext>ServiceIntegrator</v1:legalContext>
         <v1:request>
            <v1:topicId>PersonService</v1:topicId>
            <v1:waitTimeSeconds>10</v1:waitTimeSeconds>
            <v1:maxNumberOfNotifications>10</v1:maxNumberOfNotifications>
            <v1:autoDelete>false</v1:autoDelete>
         </v1:request>
      </v1:receiveNotificationRequest>
   </soapenv:Body>
</soapenv:Envelope>]]></con:request><con:assertion type="SOAP Fault Assertion" id="98a956c9-7721-4513-b5b9-31eae36198a7" name="Not SOAP Fault"/><con:assertion type="SOAP Response" id="eb532a33-4606-4643-820b-a95dda13c854" name="SOAP Response"/><con:assertion type="Schema Compliance" id="852259a5-087a-4b4d-9772-c5b749eaf1d1" name="Schema Compliance"><con:configuration/></con:assertion><con:wsaConfig action="http://fidus.brussels/services/messageformeservice/receiveNotification"/></con:request></con:config></con:testStep><con:properties/></con:testCase><con:testCase id="2d1a6428-401c-4b21-a9e0-d4087c9245c3" failOnError="true" failTestCaseOnErrors="true" keepSession="false" maxResults="0" name="deleteNotification" searchProperties="true"><con:settings/><con:testStep type="request" id="0d132c7c-6036-4aa2-825c-4def663a533d" name="testcase2 - Dev - Request - OK"><con:settings/><con:config xsi:type="con:RequestStep" xmlns:xsi="http://www.w3.org/2001/XMLSchema-instance"><con:interface>MessageForMeServiceHTTPBinding</con:interface><con:operation>deleteNotification</con:operation><con:request name="testcase2 - Dev - Request - OK" id="7e3e9e33-20cc-4f0a-97d4-a55c564007a2" outgoingWss="Outflow DEV"><con:settings/><con:encoding>UTF-8</con:encoding><con:endpoint>https://192.168.36.61:8243/services/MessageForMeService_v1.0</con:endpoint><con:request><![CDATA[<soapenv:Envelope xmlns:soapenv="http://schemas.xmlsoap.org/soap/envelope/" xmlns:v1="http://fidus.brussels/service/messageformeservice/messages/v1" xmlns:v11="http://fidus.brussels/type/common/messages/v1">
   <soapenv:Header/>
   <soapenv:Body>
      <v1:deleteNotificationRequest>
         <v1:messageContext>
            <v11:messageId>${=import static java.util.UUID.randomUUID; uuid = randomUUID() as String}</v11:messageId>
         </v1:messageContext>
         <v1:legalContext>ServiceIntegrator</v1:legalContext>
         <v1:request>
            <v1:topicId>PersonService</v1:topicId>
            <v1:notificationIds>
               <!--1 to 50 repetitions:-->
               <v1:notificationId>d99920ec-e73f-4ea3-89ee-4943ab152092</v1:notificationId>
            </v1:notificationIds>
         </v1:request>
      </v1:deleteNotificationRequest>
   </soapenv:Body>
</soapenv:Envelope>]]></con:request><con:assertion type="SOAP Fault Assertion" id="684fa185-7cbc-4ea8-9c74-470e5e914272" name="Not SOAP Fault"/><con:assertion type="SOAP Response" id="d794e86e-bc1b-4876-8365-0fa7b855fb0e" name="SOAP Response"/><con:assertion type="Schema Compliance" id="ff1981ff-e81d-41e0-a315-e5c71aea8bc6" name="Schema Compliance"><con:configuration/></con:assertion><con:wsaConfig action="http://fidus.brussels/services/messageformeservice/deleteNotification"/></con:request></con:config></con:testStep><con:properties/></con:testCase><con:properties/></con:testSuite><con:testSuite id="a2b1c6be-b369-4f3b-9cb4-f47862dd233b" name="PROD"><con:settings/><con:runType>SEQUENTIAL</con:runType><con:testCase id="005c9bf6-7699-4691-be7f-e70ec22fe758" failOnError="true" failTestCaseOnErrors="true" keepSession="false" maxResults="0" name="sendNotification" searchProperties="true"><con:settings/><con:testStep type="request" id="053a6893-8794-4410-80b9-29db6961d68a" name="testcase5 - Prod - External - Request"><con:settings/><con:config xsi:type="con:RequestStep" xmlns:xsi="http://www.w3.org/2001/XMLSchema-instance"><con:interface>MessageForMeServiceHTTPBinding</con:interface><con:operation>sendNotification</con:operation><con:request name="testcase5 - Prod - External - Request" id="21922152-59cf-46db-ab47-ba9723dd2ccd" outgoingWss="Outflow PROD"><con:settings/><con:encoding>UTF-8</con:encoding><con:endpoint>https://fidus.sec.brussels/services/MessageForMeService_v1.0</con:endpoint><con:request><![CDATA[<soapenv:Envelope xmlns:soapenv="http://schemas.xmlsoap.org/soap/envelope/" xmlns:v1="http://fidus.brussels/service/messageformeservice/messages/v1" xmlns:v11="http://fidus.brussels/type/common/messages/v1">
   <soapenv:Header/>
   <soapenv:Body>
      <v1:sendNotificationRequest>
         <v1:messageContext>
            <v11:messageId>${=import static java.util.UUID.randomUUID; uuid = randomUUID() as String}</v11:messageId>
         </v1:messageContext>
         <v1:legalContext>ServiceIntegrator</v1:legalContext>
         <v1:request>
            <v1:consumerId>FIDUS-TESTUSER</v1:consumerId>
            <v1:topicId>PersonService</v1:topicId>
            <v1:data><test>test</test></v1:data>
         </v1:request>
      </v1:sendNotificationRequest>
   </soapenv:Body>
</soapenv:Envelope>]]></con:request><con:assertion type="SOAP Fault Assertion" id="fd049e96-2b45-440a-8974-93d98bd70ab8" name="Not SOAP Fault"/><con:assertion type="SOAP Response" id="01f202e4-7ef9-44ed-9325-ea54096f3b2f" name="SOAP Response"/><con:assertion type="Schema Compliance" id="5dccb421-e843-4c2d-b711-cc1d47471f15" name="Schema Compliance"><con:configuration/></con:assertion><con:wsaConfig action="http://fidus.brussels/services/messageformeservice/sendNotification"/></con:request></con:config></con:testStep><con:testStep type="request" id="3441d1c1-acaf-4bf6-bfd1-599d46a0855a" name="testcase5 - Prod - LB - Request"><con:settings/><con:config xsi:type="con:RequestStep" xmlns:xsi="http://www.w3.org/2001/XMLSchema-instance"><con:interface>MessageForMeServiceHTTPBinding</con:interface><con:operation>sendNotification</con:operation><con:request name="testcase5 - Prod - LB - Request" id="e7f99c09-5967-4653-9c6e-ce6c5d8bc3c0" outgoingWss="Outflow PROD"><con:settings/><con:encoding>UTF-8</con:encoding><con:endpoint>https://fidus-esb-sg.prd.srv.cirb.lan:8443/services/MessageForMeService_v1.0</con:endpoint><con:request><![CDATA[<soapenv:Envelope xmlns:soapenv="http://schemas.xmlsoap.org/soap/envelope/" xmlns:v1="http://fidus.brussels/service/messageformeservice/messages/v1" xmlns:v11="http://fidus.brussels/type/common/messages/v1">
   <soapenv:Header/>
   <soapenv:Body>
      <v1:sendNotificationRequest>
         <v1:messageContext>
            <v11:messageId>${=import static java.util.UUID.randomUUID; uuid = randomUUID() as String}</v11:messageId>
         </v1:messageContext>
         <v1:legalContext>ServiceIntegrator</v1:legalContext>
         <v1:request>
            <v1:consumerId>FIDUS-TESTUSER</v1:consumerId>
            <v1:topicId>PersonService</v1:topicId>
            <v1:data><test>test</test></v1:data>
         </v1:request>
      </v1:sendNotificationRequest>
   </soapenv:Body>
</soapenv:Envelope>]]></con:request><con:assertion type="SOAP Fault Assertion" id="e024bbda-ad07-4939-a8e0-46619798b4ec" name="Not SOAP Fault"/><con:assertion type="SOAP Response" id="a760ab1a-12fe-49d4-a1e4-f9da46fac596" name="SOAP Response"/><con:assertion type="Schema Compliance" id="6f02b186-75f8-4e8c-8cca-10be94d76882" name="Schema Compliance"><con:configuration/></con:assertion><con:wsaConfig action="http://fidus.brussels/services/messageformeservice/sendNotification"/></con:request></con:config></con:testStep><con:testStep type="request" id="83a000f3-97df-4b30-aca6-f76e011bdbdf" name="testcase5 - Prod - Worker1 - Request"><con:settings/><con:config xsi:type="con:RequestStep" xmlns:xsi="http://www.w3.org/2001/XMLSchema-instance"><con:interface>MessageForMeServiceHTTPBinding</con:interface><con:operation>sendNotification</con:operation><con:request name="testcase5 - Prod - Worker1 - Request" id="9cc705b4-44af-4070-a93b-5580b73d866b" outgoingWss="Outflow PROD"><con:settings/><con:encoding>UTF-8</con:encoding><con:endpoint>https://192.168.26.22:8443/services/MessageForMeService_v1.0</con:endpoint><con:request><![CDATA[<soapenv:Envelope xmlns:soapenv="http://schemas.xmlsoap.org/soap/envelope/" xmlns:v1="http://fidus.brussels/service/messageformeservice/messages/v1" xmlns:v11="http://fidus.brussels/type/common/messages/v1">
   <soapenv:Header/>
   <soapenv:Body>
      <v1:sendNotificationRequest>
         <v1:messageContext>
            <v11:messageId>${=import static java.util.UUID.randomUUID; uuid = randomUUID() as String}</v11:messageId>
         </v1:messageContext>
         <v1:legalContext>ServiceIntegrator</v1:legalContext>
         <v1:request>
            <v1:consumerId>FIDUS-TESTUSER</v1:consumerId>
            <v1:topicId>PersonService</v1:topicId>
            <v1:data><test>test</test></v1:data>
         </v1:request>
      </v1:sendNotificationRequest>
   </soapenv:Body>
</soapenv:Envelope>]]></con:request><con:assertion type="SOAP Fault Assertion" id="1c3c163b-3d70-4b38-9fca-286097b81ca7" name="Not SOAP Fault"/><con:assertion type="SOAP Response" id="3399de8b-93f9-45fd-a9fe-ee591ea0bcfa" name="SOAP Response"/><con:assertion type="Schema Compliance" id="60f83910-80e9-41c9-88eb-bfd0d67df366" name="Schema Compliance"><con:configuration/></con:assertion><con:wsaConfig action="http://fidus.brussels/services/messageformeservice/sendNotification"/></con:request></con:config></con:testStep><con:testStep type="request" id="78ef2962-a4b7-41a1-a4de-6341faca2d15" name="testcase5 - Prod - Worker2 - Request"><con:settings/><con:config xsi:type="con:RequestStep" xmlns:xsi="http://www.w3.org/2001/XMLSchema-instance"><con:interface>MessageForMeServiceHTTPBinding</con:interface><con:operation>sendNotification</con:operation><con:request name="testcase5 - Prod - Worker2 - Request" id="12c118e6-12c8-408b-8fa0-8c46b6debb41" outgoingWss="Outflow PROD"><con:settings/><con:encoding>UTF-8</con:encoding><con:endpoint>https://192.168.26.19:8443/services/MessageForMeService_v1.0</con:endpoint><con:request><![CDATA[<soapenv:Envelope xmlns:soapenv="http://schemas.xmlsoap.org/soap/envelope/" xmlns:v1="http://fidus.brussels/service/messageformeservice/messages/v1" xmlns:v11="http://fidus.brussels/type/common/messages/v1">
   <soapenv:Header/>
   <soapenv:Body>
      <v1:sendNotificationRequest>
         <v1:messageContext>
            <v11:messageId>${=import static java.util.UUID.randomUUID; uuid = randomUUID() as String}</v11:messageId>
         </v1:messageContext>
         <v1:legalContext>ServiceIntegrator</v1:legalContext>
         <v1:request>
            <v1:consumerId>FIDUS-TESTUSER</v1:consumerId>
            <v1:topicId>PersonService</v1:topicId>
            <v1:data><test>test</test></v1:data>
         </v1:request>
      </v1:sendNotificationRequest>
   </soapenv:Body>
</soapenv:Envelope>]]></con:request><con:assertion type="SOAP Fault Assertion" id="ed5e1f32-1d1c-477b-86c3-2f958d6bbc6d" name="Not SOAP Fault"/><con:assertion type="SOAP Response" id="0112a488-3439-4ed3-9b4f-002d64902137" name="SOAP Response"/><con:assertion type="Schema Compliance" id="3fd0d786-8ca0-4454-b6b5-5a8e621381cc" name="Schema Compliance"><con:configuration/></con:assertion><con:wsaConfig action="http://fidus.brussels/services/messageformeservice/sendNotification"/></con:request></con:config></con:testStep><con:properties/></con:testCase><con:testCase id="bfcc38f8-d7b5-4fec-ba18-ba8c05114d7f" failOnError="true" failTestCaseOnErrors="true" keepSession="false" maxResults="0" name="receiveNotification" searchProperties="true"><con:settings/><con:testStep type="request" id="a890c5de-d829-4844-a21d-ed215addc668" name="testcase5 - Prod - External - Request"><con:settings/><con:config xsi:type="con:RequestStep" xmlns:xsi="http://www.w3.org/2001/XMLSchema-instance"><con:interface>MessageForMeServiceHTTPBinding</con:interface><con:operation>receiveNotification</con:operation><con:request name="testcase5 - Prod - External - Request" id="daac53c8-5f52-42c9-9a74-1fed135ff51a" outgoingWss="Outflow PROD"><con:settings/><con:encoding>UTF-8</con:encoding><con:endpoint>https://fidus.sec.brussels/services/MessageForMeService_v1.0</con:endpoint><con:request><![CDATA[<soapenv:Envelope xmlns:soapenv="http://schemas.xmlsoap.org/soap/envelope/" xmlns:v1="http://fidus.brussels/service/messageformeservice/messages/v1" xmlns:v11="http://fidus.brussels/type/common/messages/v1">
   <soapenv:Header/>
   <soapenv:Body>
      <v1:receiveNotificationRequest>
         <v1:messageContext>
            <v11:messageId>${=import static java.util.UUID.randomUUID; uuid = randomUUID() as String}</v11:messageId>
         </v1:messageContext>
         <v1:legalContext>ServiceIntegrator</v1:legalContext>
         <v1:request>
            <v1:topicId>PersonService</v1:topicId>
            <v1:waitTimeSeconds>10</v1:waitTimeSeconds>
            <v1:maxNumberOfNotifications>10</v1:maxNumberOfNotifications>
            <v1:autoDelete>false</v1:autoDelete>
         </v1:request>
      </v1:receiveNotificationRequest>
   </soapenv:Body>
</soapenv:Envelope>]]></con:request><con:assertion type="SOAP Fault Assertion" id="cd4232d1-afb1-4263-a469-359fe5a8a13c" name="Not SOAP Fault"/><con:assertion type="SOAP Response" id="82fa2ebc-a5af-4135-8f6f-ead9b0e70142" name="SOAP Response"/><con:assertion type="Schema Compliance" id="1b4394df-fd0f-400f-b63b-5cb0545e56e8" name="Schema Compliance"><con:configuration/></con:assertion><con:wsaConfig action="http://fidus.brussels/services/messageformeservice/receiveNotification"/></con:request></con:config></con:testStep><con:testStep type="request" id="40789020-440c-4d58-bd2b-3461d3a2b16f" name="testcase5 - Prod - LB - Request"><con:settings/><con:config xsi:type="con:RequestStep" xmlns:xsi="http://www.w3.org/2001/XMLSchema-instance"><con:interface>MessageForMeServiceHTTPBinding</con:interface><con:operation>receiveNotification</con:operation><con:request name="testcase5 - Prod - LB - Request" id="0a6ccd22-6f3c-435a-9964-dde2900ae656" outgoingWss="Outflow PROD"><con:settings/><con:encoding>UTF-8</con:encoding><con:endpoint>https://fidus-esb-sg.prd.srv.cirb.lan:8443/services/MessageForMeService_v1.0</con:endpoint><con:request><![CDATA[<soapenv:Envelope xmlns:soapenv="http://schemas.xmlsoap.org/soap/envelope/" xmlns:v1="http://fidus.brussels/service/messageformeservice/messages/v1" xmlns:v11="http://fidus.brussels/type/common/messages/v1">
   <soapenv:Header/>
   <soapenv:Body>
      <v1:receiveNotificationRequest>
         <v1:messageContext>
            <v11:messageId>${=import static java.util.UUID.randomUUID; uuid = randomUUID() as String}</v11:messageId>
         </v1:messageContext>
         <v1:legalContext>ServiceIntegrator</v1:legalContext>
         <v1:request>
            <v1:topicId>PersonService</v1:topicId>
            <v1:waitTimeSeconds>10</v1:waitTimeSeconds>
            <v1:maxNumberOfNotifications>10</v1:maxNumberOfNotifications>
            <v1:autoDelete>false</v1:autoDelete>
         </v1:request>
      </v1:receiveNotificationRequest>
   </soapenv:Body>
</soapenv:Envelope>]]></con:request><con:assertion type="SOAP Fault Assertion" id="05833731-53ae-46ff-807e-ba16d072beaf" name="Not SOAP Fault"/><con:assertion type="SOAP Response" id="81a2fe25-25d3-4435-ad54-aa260c8f8a1d" name="SOAP Response"/><con:assertion type="Schema Compliance" id="79e2bbe7-71a0-4cf6-b866-7b3ea924f147" name="Schema Compliance"><con:configuration/></con:assertion><con:wsaConfig action="http://fidus.brussels/services/messageformeservice/receiveNotification"/></con:request></con:config></con:testStep><con:testStep type="request" id="ca819889-4f51-40f2-b624-3bee455f7d1e" name="testcase5 - Prod - Worker1 - Request"><con:settings/><con:config xsi:type="con:RequestStep" xmlns:xsi="http://www.w3.org/2001/XMLSchema-instance"><con:interface>MessageForMeServiceHTTPBinding</con:interface><con:operation>receiveNotification</con:operation><con:request name="testcase5 - Prod - Worker1 - Request" id="86ec3c7f-c66d-4d5b-982f-5f1460bc7234" outgoingWss="Outflow PROD"><con:settings/><con:encoding>UTF-8</con:encoding><con:endpoint>https://192.168.26.22:8443/services/MessageForMeService_v1.0</con:endpoint><con:request><![CDATA[<soapenv:Envelope xmlns:soapenv="http://schemas.xmlsoap.org/soap/envelope/" xmlns:v1="http://fidus.brussels/service/messageformeservice/messages/v1" xmlns:v11="http://fidus.brussels/type/common/messages/v1">
   <soapenv:Header/>
   <soapenv:Body>
      <v1:receiveNotificationRequest>
         <v1:messageContext>
            <v11:messageId>${=import static java.util.UUID.randomUUID; uuid = randomUUID() as String}</v11:messageId>
         </v1:messageContext>
         <v1:legalContext>ServiceIntegrator</v1:legalContext>
         <v1:request>
            <v1:topicId>PersonService</v1:topicId>
            <v1:waitTimeSeconds>10</v1:waitTimeSeconds>
            <v1:maxNumberOfNotifications>10</v1:maxNumberOfNotifications>
            <v1:autoDelete>false</v1:autoDelete>
         </v1:request>
      </v1:receiveNotificationRequest>
   </soapenv:Body>
</soapenv:Envelope>]]></con:request><con:assertion type="SOAP Fault Assertion" id="a7b9f7d1-1b55-458d-94ab-cd10061531a9" name="Not SOAP Fault"/><con:assertion type="SOAP Response" id="d64a5017-6024-4c29-b1d8-d949fd40fa6b" name="SOAP Response"/><con:assertion type="Schema Compliance" id="852a3e85-5e0a-4570-a04f-e51c608c68a3" name="Schema Compliance"><con:configuration/></con:assertion><con:wsaConfig action="http://fidus.brussels/services/messageformeservice/receiveNotification"/></con:request></con:config></con:testStep><con:testStep type="request" id="9d58e5dc-1f0c-48e5-9dc0-5350568cb3ec" name="testcase5 - Prod - Worker2 - Request"><con:settings/><con:config xsi:type="con:RequestStep" xmlns:xsi="http://www.w3.org/2001/XMLSchema-instance"><con:interface>MessageForMeServiceHTTPBinding</con:interface><con:operation>receiveNotification</con:operation><con:request name="testcase5 - Prod - Worker2 - Request" id="71affff5-c881-46f8-b813-a3b136e26b90" outgoingWss="Outflow PROD"><con:settings/><con:encoding>UTF-8</con:encoding><con:endpoint>https://192.168.26.19:8443/services/MessageForMeService_v1.0</con:endpoint><con:request><![CDATA[<soapenv:Envelope xmlns:soapenv="http://schemas.xmlsoap.org/soap/envelope/" xmlns:v1="http://fidus.brussels/service/messageformeservice/messages/v1" xmlns:v11="http://fidus.brussels/type/common/messages/v1">
   <soapenv:Header/>
   <soapenv:Body>
      <v1:receiveNotificationRequest>
         <v1:messageContext>
            <v11:messageId>${=import static java.util.UUID.randomUUID; uuid = randomUUID() as String}</v11:messageId>
         </v1:messageContext>
         <v1:legalContext>ServiceIntegrator</v1:legalContext>
         <v1:request>
            <v1:topicId>PersonService</v1:topicId>
            <v1:waitTimeSeconds>10</v1:waitTimeSeconds>
            <v1:maxNumberOfNotifications>10</v1:maxNumberOfNotifications>
            <v1:autoDelete>false</v1:autoDelete>
         </v1:request>
      </v1:receiveNotificationRequest>
   </soapenv:Body>
</soapenv:Envelope>]]></con:request><con:assertion type="SOAP Fault Assertion" id="00b58a05-70e8-4bbe-b3ca-ce82aafa0104" name="Not SOAP Fault"/><con:assertion type="SOAP Response" id="8a0599c9-8402-438a-9630-7882d72d83ae" name="SOAP Response"/><con:assertion type="Schema Compliance" id="ca56e97a-706b-457e-8c30-6fcd02da3917" name="Schema Compliance"><con:configuration/></con:assertion><con:wsaConfig action="http://fidus.brussels/services/messageformeservice/receiveNotification"/></con:request></con:config></con:testStep><con:properties/></con:testCase><con:testCase id="90e94975-8021-407e-9f92-ef400fe0b168" failOnError="true" failTestCaseOnErrors="true" keepSession="false" maxResults="0" name="deleteNotification" searchProperties="true"><con:settings/><con:testStep type="request" id="b72f0288-9c87-45ef-aa25-528fb75573d6" name="testcase5 - Prod - External - Request"><con:settings/><con:config xsi:type="con:RequestStep" xmlns:xsi="http://www.w3.org/2001/XMLSchema-instance"><con:interface>MessageForMeServiceHTTPBinding</con:interface><con:operation>deleteNotification</con:operation><con:request name="testcase5 - Prod - External - Request" id="05fd13df-da06-4df0-be47-edda1e604565" outgoingWss="Outflow PROD"><con:settings/><con:encoding>UTF-8</con:encoding><con:endpoint>https://fidus.sec.brussels/services/MessageForMeService_v1.0</con:endpoint><con:request><![CDATA[<soapenv:Envelope xmlns:soapenv="http://schemas.xmlsoap.org/soap/envelope/" xmlns:v1="http://fidus.brussels/service/messageformeservice/messages/v1" xmlns:v11="http://fidus.brussels/type/common/messages/v1">
   <soapenv:Header/>
   <soapenv:Body>
      <v1:deleteNotificationRequest>
         <v1:messageContext>
            <v11:messageId>${=import static java.util.UUID.randomUUID; uuid = randomUUID() as String}</v11:messageId>
         </v1:messageContext>
         <v1:legalContext>ServiceIntegrator</v1:legalContext>
         <v1:request>
            <v1:topicId>PersonService</v1:topicId>
            <v1:notificationIds>
               <!--1 to 50 repetitions:-->
               <v1:notificationId>d99920ec-e73f-4ea3-89ee-4943ab152092</v1:notificationId>
            </v1:notificationIds>
         </v1:request>
      </v1:deleteNotificationRequest>
   </soapenv:Body>
</soapenv:Envelope>]]></con:request><con:assertion type="SOAP Fault Assertion" id="9bb271e7-87f8-4ba8-a088-276ed7e3b1bd" name="Not SOAP Fault"/><con:assertion type="SOAP Response" id="0971dff1-1e21-45de-882b-483f8c8cdb7e" name="SOAP Response"/><con:assertion type="Schema Compliance" id="f6f8945a-a215-4c54-b9f6-f36f1f8ba2da" name="Schema Compliance"><con:configuration/></con:assertion><con:wsaConfig action="http://fidus.brussels/services/messageformeservice/deleteNotification"/></con:request></con:config></con:testStep><con:testStep type="request" id="356ddb8e-121e-4a76-b87a-d6094cdeaa0b" name="testcase5 - Prod - LB - Request"><con:settings/><con:config xsi:type="con:RequestStep" xmlns:xsi="http://www.w3.org/2001/XMLSchema-instance"><con:interface>MessageForMeServiceHTTPBinding</con:interface><con:operation>deleteNotification</con:operation><con:request name="testcase5 - Prod - LB - Request" id="9b994881-59a1-4e88-bf7d-2dc97e60538c" outgoingWss="Outflow PROD"><con:settings/><con:encoding>UTF-8</con:encoding><con:endpoint>https://fidus-esb-sg.prd.srv.cirb.lan:8443/services/MessageForMeService_v1.0</con:endpoint><con:request><![CDATA[<soapenv:Envelope xmlns:soapenv="http://schemas.xmlsoap.org/soap/envelope/" xmlns:v1="http://fidus.brussels/service/messageformeservice/messages/v1" xmlns:v11="http://fidus.brussels/type/common/messages/v1">
   <soapenv:Header/>
   <soapenv:Body>
      <v1:deleteNotificationRequest>
         <v1:messageContext>
            <v11:messageId>${=import static java.util.UUID.randomUUID; uuid = randomUUID() as String}</v11:messageId>
         </v1:messageContext>
         <v1:legalContext>ServiceIntegrator</v1:legalContext>
         <v1:request>
            <v1:topicId>PersonService</v1:topicId>
            <v1:notificationIds>
               <!--1 to 50 repetitions:-->
               <v1:notificationId>d99920ec-e73f-4ea3-89ee-4943ab152092</v1:notificationId>
            </v1:notificationIds>
         </v1:request>
      </v1:deleteNotificationRequest>
   </soapenv:Body>
</soapenv:Envelope>]]></con:request><con:assertion type="SOAP Fault Assertion" id="204436dd-a781-4c44-8f41-ab0ae54bf27e" name="Not SOAP Fault"/><con:assertion type="SOAP Response" id="5fc48435-1ae8-4863-bd4e-cbb8a0383116" name="SOAP Response"/><con:assertion type="Schema Compliance" id="2a7f5962-6874-442f-9a01-52d10dfec68a" name="Schema Compliance"><con:configuration/></con:assertion><con:wsaConfig action="http://fidus.brussels/services/messageformeservice/deleteNotification"/></con:request></con:config></con:testStep><con:testStep type="request" id="28faa63e-ca98-47a8-b5c3-0266ff3256da" name="testcase5 - Prod - Worker1 - Request"><con:settings/><con:config xsi:type="con:RequestStep" xmlns:xsi="http://www.w3.org/2001/XMLSchema-instance"><con:interface>MessageForMeServiceHTTPBinding</con:interface><con:operation>deleteNotification</con:operation><con:request name="testcase5 - Prod - Worker1 - Request" id="196420a4-7ce1-4967-a446-ecff60a31a70" outgoingWss="Outflow PROD"><con:settings/><con:encoding>UTF-8</con:encoding><con:endpoint>https://192.168.26.22:8443/services/MessageForMeService_v1.0</con:endpoint><con:request><![CDATA[<soapenv:Envelope xmlns:soapenv="http://schemas.xmlsoap.org/soap/envelope/" xmlns:v1="http://fidus.brussels/service/messageformeservice/messages/v1" xmlns:v11="http://fidus.brussels/type/common/messages/v1">
   <soapenv:Header/>
   <soapenv:Body>
      <v1:deleteNotificationRequest>
         <v1:messageContext>
            <v11:messageId>${=import static java.util.UUID.randomUUID; uuid = randomUUID() as String}</v11:messageId>
         </v1:messageContext>
         <v1:legalContext>ServiceIntegrator</v1:legalContext>
         <v1:request>
            <v1:topicId>PersonService</v1:topicId>
            <v1:notificationIds>
               <!--1 to 50 repetitions:-->
               <v1:notificationId>d99920ec-e73f-4ea3-89ee-4943ab152092</v1:notificationId>
            </v1:notificationIds>
         </v1:request>
      </v1:deleteNotificationRequest>
   </soapenv:Body>
</soapenv:Envelope>]]></con:request><con:assertion type="SOAP Fault Assertion" id="78ed78ac-9205-43c9-b17a-72193db8979a" name="Not SOAP Fault"/><con:assertion type="SOAP Response" id="e03d7c89-25e8-467f-a2d7-b2dbe5aed557" name="SOAP Response"/><con:assertion type="Schema Compliance" id="06a7b369-a342-42b3-b9e3-ce8082c0774e" name="Schema Compliance"><con:configuration/></con:assertion><con:wsaConfig action="http://fidus.brussels/services/messageformeservice/deleteNotification"/></con:request></con:config></con:testStep><con:testStep type="request" id="2f218945-3e37-45c9-9b6c-399651e69316" name="testcase5 - Prod - Worker2 - Request"><con:settings/><con:config xsi:type="con:RequestStep" xmlns:xsi="http://www.w3.org/2001/XMLSchema-instance"><con:interface>MessageForMeServiceHTTPBinding</con:interface><con:operation>deleteNotification</con:operation><con:request name="testcase5 - Prod - Worker2 - Request" id="f464977c-74d0-4567-8d88-eb7397040368" outgoingWss="Outflow PROD"><con:settings/><con:encoding>UTF-8</con:encoding><con:endpoint>https://192.168.26.19:8443/services/MessageForMeService_v1.0</con:endpoint><con:request><![CDATA[<soapenv:Envelope xmlns:soapenv="http://schemas.xmlsoap.org/soap/envelope/" xmlns:v1="http://fidus.brussels/service/messageformeservice/messages/v1" xmlns:v11="http://fidus.brussels/type/common/messages/v1">
   <soapenv:Header/>
   <soapenv:Body>
      <v1:deleteNotificationRequest>
         <v1:messageContext>
            <v11:messageId>${=import static java.util.UUID.randomUUID; uuid = randomUUID() as String}</v11:messageId>
         </v1:messageContext>
         <v1:legalContext>ServiceIntegrator</v1:legalContext>
         <v1:request>
            <v1:topicId>PersonService</v1:topicId>
            <v1:notificationIds>
               <!--1 to 50 repetitions:-->
               <v1:notificationId>d99920ec-e73f-4ea3-89ee-4943ab152092</v1:notificationId>
            </v1:notificationIds>
         </v1:request>
      </v1:deleteNotificationRequest>
   </soapenv:Body>
</soapenv:Envelope>]]></con:request><con:assertion type="SOAP Fault Assertion" id="c633f123-089e-4318-9b96-fe624aa460bc" name="Not SOAP Fault"/><con:assertion type="SOAP Response" id="49cd4593-5707-422f-9397-90b55e03de80" name="SOAP Response"/><con:assertion type="Schema Compliance" id="170b997c-9e62-4724-859d-2888d34a12bc" name="Schema Compliance"><con:configuration/></con:assertion><con:wsaConfig action="http://fidus.brussels/services/messageformeservice/deleteNotification"/></con:request></con:config></con:testStep><con:properties/></con:testCase><con:properties/></con:testSuite><con:properties/><con:wssContainer><con:crypto><con:source>data/wso2/keystores/user-rajarshi.jks</con:source><con:password>test@fidus01</con:password><con:type>KEYSTORE</con:type></con:crypto><con:outgoing><con:name>Outflow TEST</con:name><con:entry type="Signature" username="testuser-test.fidus.brussels" password="test@fidus01"><con:configuration><crypto>user-rajarshi.jks</crypto><keyIdentifierType>3</keyIdentifierType><signatureAlgorithm/><signatureCanonicalization/><useSingleCert>true</useSingleCert><digestAlgorithm/><customTokenValueType/><customTokenId/></con:configuration></con:entry><con:entry type="Timestamp"><con:configuration><timeToLive>300000</timeToLive><strictTimestamp>true</strictTimestamp></con:configuration></con:entry></con:outgoing><con:outgoing><con:name>Outflow STAG</con:name></con:outgoing><con:outgoing><con:name>Outflow DEV</con:name></con:outgoing><con:outgoing><con:name>Outflow PROD</con:name></con:outgoing></con:wssContainer><con:oAuth2ProfileContainer/><con:sensitiveInformation/></con:soapui-project>