<?xml version="1.0" encoding="UTF-8"?>
<con:soapui-project activeEnvironment="Default" name="Client-ReferenceDirectoryService-1.0-soapui-project" resourceRoot="" soapui-version="5.1.3" abortOnError="false" runType="SEQUENTIAL" id="98984661-bd39-4456-8f56-8ac089d90739" xmlns:con="http://eviware.com/soapui/config">
  <con:settings/>
  <con:interface xsi:type="con:WsdlInterface" wsaVersion="NONE" name="ReferenceDirServiceHTTPBinding" type="wsdl" bindingName="{http://fidus.brussels/service/referencedir/v1}ReferenceDirServiceHTTPBinding" soapVersion="1_1" anonymous="optional" definition="/home/isr/git/parent/referencedirservice_1.0/ReferenceDirServiceGateway/src/main/resources/wsdl/referenceDir/1.0.0/ReferenceDirectoryService_v1.wsdl" id="e6e17364-8174-4d27-9813-68d451c1bab3" xmlns:xsi="http://www.w3.org/2001/XMLSchema-instance">
    <con:settings/>
    
    <con:definitionCache type="TEXT" rootPart="file:/home/isr/git/parent/referencedirservice_1.0/ReferenceDirServiceGateway/src/main/resources/wsdl/referenceDir/1.0.0/ReferenceDirectoryService_v1.wsdl"><con:part><con:url>file:/home/isr/git/parent/referencedirservice_1.0/ReferenceDirServiceGateway/src/main/resources/wsdl/referenceDir/1.0.0/ReferenceDirectoryService_v1.wsdl</con:url><con:content><![CDATA[<wsdl:definitions targetNamespace="http://fidus.brussels/service/referencedir/v1" xmlns:wsdl="http://schemas.xmlsoap.org/wsdl/" xmlns:soap="http://schemas.xmlsoap.org/wsdl/soap/" xmlns:http="http://schemas.xmlsoap.org/wsdl/http/" xmlns:xs="http://www.w3.org/2001/XMLSchema" xmlns:soapenc="http://schemas.xmlsoap.org/soap/encoding/" xmlns:mime="http://schemas.xmlsoap.org/wsdl/mime/" xmlns:xsi="http://www.w3.org/2001/XMLSchema-instance" xmlns:mes="http://fidus.brussels/service/referencedir/messages/v1" xmlns:tns="http://fidus.brussels/service/referencedir/v1">
  <wsdl:types>
    <xs:schema targetNamespace="http://fidus.brussels/service/referencedir/v1" elementFormDefault="qualified">
      <xs:import namespace="http://fidus.brussels/service/referencedir/messages/v1" schemaLocation="messages/referenceDirMessages_v1.xsd"/>
      <xs:import schemaLocation="messages/faultTypes_v1.xsd"/>
    </xs:schema>
  </wsdl:types>
  <wsdl:message name="SubscribeRequestMessage">
    <wsdl:part name="SubscribeRequest" element="mes:subscribeReferenceRequest"/>
  </wsdl:message>
  <wsdl:message name="SubscribeResponseMessage">
    <wsdl:part name="SubscribeResponse" element="mes:subscribeReferenceResponse"/>
  </wsdl:message>
  <wsdl:message name="UnsubscribeRequestMessage">
    <wsdl:part name="UnsubscribeRequest" element="mes:unsubscribeReferenceRequest"/>
  </wsdl:message>
  <wsdl:message name="UnsubscribeResponseMessage">
    <wsdl:part name="UnsubscribeResponse" element="mes:unsubscribeReferenceResponse"/>
  </wsdl:message>
  <wsdl:message name="FaultMessageMessageId">
    <wsdl:part name="messageId" element="messageId"/>
  </wsdl:message>
  <wsdl:message name="FaultMessageTransactionId">
    <wsdl:part name="transactionId" element="transactionId"/>
  </wsdl:message>
  <wsdl:message name="FaultMessageTimestamp">
    <wsdl:part name="timestamp" element="timestamp"/>
  </wsdl:message>
  <wsdl:message name="FaultMessageError">
    <wsdl:part name="error" element="error"/>
  </wsdl:message>
  <wsdl:message name="GetServicesRequestMessage">
    <wsdl:part name="GetServicesRequest" element="mes:getServicesReferenceRequest"/>
  </wsdl:message>
  <wsdl:message name="GetServicesResponseMessage">
    <wsdl:part name="GetServicesResponse" element="mes:getServicesReferenceResponse"/>
  </wsdl:message>
  <wsdl:portType name="ReferenceDirServicePortType">
    <wsdl:operation name="subscribeReference">
      <wsdl:input message="tns:SubscribeRequestMessage"/>
      <wsdl:output message="tns:SubscribeResponseMessage"/>
      <wsdl:fault name="FaultMessageMessageId" message="tns:FaultMessageMessageId"/>
      <wsdl:fault name="FaultMessageTransactionId" message="tns:FaultMessageTransactionId"/>
      <wsdl:fault name="FaultMessageTimestamp" message="tns:FaultMessageTimestamp"/>
      <wsdl:fault name="FaultMessageError" message="tns:FaultMessageError"/>
    </wsdl:operation>
    <wsdl:operation name="unsubscribeReference">
      <wsdl:input message="tns:UnsubscribeRequestMessage"/>
      <wsdl:output message="tns:UnsubscribeResponseMessage"/>
      <wsdl:fault name="FaultMessageMessageId" message="tns:FaultMessageMessageId"/>
      <wsdl:fault name="FaultMessageTransactionId" message="tns:FaultMessageTransactionId"/>
      <wsdl:fault name="FaultMessageTimestamp" message="tns:FaultMessageTimestamp"/>
      <wsdl:fault name="FaultMessageError" message="tns:FaultMessageError"/>
    </wsdl:operation>
    <wsdl:operation name="getServicesReference">
      <wsdl:input message="tns:GetServicesRequestMessage"/>
      <wsdl:output message="tns:GetServicesResponseMessage"/>
    </wsdl:operation>
  </wsdl:portType>
  <wsdl:binding name="ReferenceDirServiceHTTPBinding" type="tns:ReferenceDirServicePortType">
    <soap:binding style="document" transport="http://schemas.xmlsoap.org/soap/http"/>
    <wsdl:operation name="subscribeReference">
      <soap:operation soapAction="http://fidus.brussels/services/referencedir/subscribeReference"/>
      <wsdl:input>
        <soap:body use="literal"/>
      </wsdl:input>
      <wsdl:output>
        <soap:body use="literal"/>
      </wsdl:output>
      <wsdl:fault name="FaultMessageMessageId">
        <soap:fault name="FaultMessageMessageId" use="literal"/>
      </wsdl:fault>
      <wsdl:fault name="FaultMessageTransactionId">
        <soap:fault name="FaultMessageTransactionId" use="literal"/>
      </wsdl:fault>
      <wsdl:fault name="FaultMessageTimestamp">
        <soap:fault name="FaultMessageTimestamp" use="literal"/>
      </wsdl:fault>
      <wsdl:fault name="FaultMessageError">
        <soap:fault name="FaultMessageError" use="literal"/>
      </wsdl:fault>
    </wsdl:operation>
    <wsdl:operation name="unsubscribeReference">
      <soap:operation soapAction="http://fidus.brussels/services/referencedir/unsubscribeReference"/>
      <wsdl:input>
        <soap:body use="literal"/>
      </wsdl:input>
      <wsdl:output>
        <soap:body use="literal"/>
      </wsdl:output>
      <wsdl:fault name="FaultMessageMessageId">
        <soap:fault name="FaultMessageMessageId" use="literal"/>
      </wsdl:fault>
      <wsdl:fault name="FaultMessageTransactionId">
        <soap:fault name="FaultMessageTransactionId" use="literal"/>
      </wsdl:fault>
      <wsdl:fault name="FaultMessageTimestamp">
        <soap:fault name="FaultMessageTimestamp" use="literal"/>
      </wsdl:fault>
      <wsdl:fault name="FaultMessageError">
        <soap:fault name="FaultMessageError" use="literal"/>
      </wsdl:fault>
    </wsdl:operation>
    <wsdl:operation name="getServicesReference">
      <soap:operation soapAction="http://fidus.brussels/services/referencedir/getServicesReference"/>
      <wsdl:input>
        <soap:body use="literal"/>
      </wsdl:input>
      <wsdl:output>
        <soap:body use="literal"/>
      </wsdl:output>
    </wsdl:operation>
  </wsdl:binding>
  <wsdl:service name="ReferenceDirService_v1">
    <wsdl:port name="ReferenceDirService_v1" binding="tns:ReferenceDirServiceHTTPBinding">
      <soap:address location="http://fidus.brussels/services/referencedir/v1"/>
    </wsdl:port>
  </wsdl:service>
</wsdl:definitions>]]></con:content><con:type>http://schemas.xmlsoap.org/wsdl/</con:type></con:part><con:part><con:url>file:/home/isr/git/parent/referencedirservice_1.0/ReferenceDirServiceGateway/src/main/resources/wsdl/referenceDir/1.0.0/messages/referenceDirMessages_v1.xsd</con:url><con:content><![CDATA[<!--==========================================================================
* File Name          : ReferenceDirMessages.xsd
* Author             : Alexandre Carbenay
* Owner              : CIRB-CIBG
* Domain             : ISR
* Creation date      : 07/04/2015
* Last revision date : 27/05/2015
* Description        : WS ReferenceDir - Messages
* Status             : Draft
* Current Version    : v1
* Revision History	 : -
==========================================================================-->
<xs:schema targetNamespace="http://fidus.brussels/service/referencedir/messages/v1" elementFormDefault="qualified" attributeFormDefault="unqualified" version="1.0" xmlns:xs="http://www.w3.org/2001/XMLSchema" xmlns:sub="http://fidus.brussels/type/referencedir/requests/subscribe/v1" xmlns:uns="http://fidus.brussels/type/referencedir/requests/unsubscribe/v1" xmlns:ser="http://fidus.brussels/type/referencedir/requests/getservices/v1" xmlns:tns="http://fidus.brussels/service/referencedir/messages/v1">
  <xs:import namespace="http://fidus.brussels/type/referencedir/requests/subscribe/v1" schemaLocation="referenceDirSubscribeTypes_v1.xsd"/>
  <xs:import namespace="http://fidus.brussels/type/referencedir/requests/unsubscribe/v1" schemaLocation="referenceDirUnsubscribeTypes_v1.xsd"/>
  <xs:import namespace="http://fidus.brussels/type/referencedir/requests/getservices/v1" schemaLocation="referenceDirGetServicesTypes_v1.xsd"/>
  <xs:element name="subscribeReferenceRequest" type="sub:SubscribeReferenceRequestType"/>
  <xs:element name="subscribeReferenceResponse" type="sub:SubscribeReferenceResponseType"/>
  <xs:element name="unsubscribeReferenceRequest" type="uns:UnsubscribeReferenceRequestType"/>
  <xs:element name="unsubscribeReferenceResponse" type="uns:UnsubscribeReferenceResponseType"/>
  <xs:element name="getServicesReferenceRequest" type="ser:GetServicesReferenceRequestType"/>
  <xs:element name="getServicesReferenceResponse" type="ser:GetServicesReferenceResponseType"/>
</xs:schema>]]></con:content><con:type>http://www.w3.org/2001/XMLSchema</con:type></con:part><con:part><con:url>file:/home/isr/git/parent/referencedirservice_1.0/ReferenceDirServiceGateway/src/main/resources/wsdl/referenceDir/1.0.0/messages/referenceDirSubscribeTypes_v1.xsd</con:url><con:content><![CDATA[<!--==========================================================================
* File Name          : ReferenceDirSubscribeTypes.xsd
* Author             : Alexandre Carbenay
* Owner              : CIRB-CIBG
* Domain             : ISR
* Creation date      : 27/05/2015
* Last revision date : 27/05/2015
* Description        : WS ReferenceDir - Subscription Operation Types
* Status             : Draft
* Current Version    : v1
* Revision History	 : -
==========================================================================-->
<xs:schema targetNamespace="http://fidus.brussels/type/referencedir/requests/subscribe/v1" elementFormDefault="qualified" attributeFormDefault="unqualified" version="1.0" xmlns:xs="http://www.w3.org/2001/XMLSchema" xmlns:cme="http://fidus.brussels/type/common/messages/v1" xmlns:exc="http://fidus.brussels/type/common/exceptions/v1" xmlns:req="http://fidus.brussels/type/referencedir/requests/v1" xmlns:tns="http://fidus.brussels/type/referencedir/requests/subscribe/v1">
  <xs:import namespace="http://fidus.brussels/type/common/messages/v1" schemaLocation="baseMessageTypes_v1.xsd"/>
  <xs:import namespace="http://fidus.brussels/type/common/exceptions/v1" schemaLocation="exceptionTypes_v1.xsd"/>
  <xs:import namespace="http://fidus.brussels/type/referencedir/requests/v1" schemaLocation="referenceDirTypes_v1.xsd"/>
  <xs:complexType name="SubscribeReferenceRequestType">
    <xs:sequence>
      <xs:element name="messageContext" type="cme:RequestMessageContextType"/>
      <xs:element name="legalContext" type="cme:LegalContextType"/>
      <xs:element name="subscriptionRequest" type="req:SubscriptionRequestType"/>
    </xs:sequence>
  </xs:complexType>
  <xs:complexType name="SubscribeReferenceResponseType">
    <xs:sequence>
      <xs:element name="messageContext" type="cme:ResponseMessageContextType"/>
      <xs:element name="responses" type="tns:ResponsesType"/>
      <xs:element name="exceptions" type="exc:ExceptionsType" minOccurs="0">
        <xs:annotation>
          <xs:documentation>Technical errors that occur when processing the request e.g. xs validation errors.</xs:documentation>
        </xs:annotation>
      </xs:element>
    </xs:sequence>
  </xs:complexType>
  <xs:complexType name="ResponsesType">
    <xs:sequence>
      <xs:element name="response" type="tns:ResponseType" minOccurs="1" maxOccurs="1"/>
    </xs:sequence>
  </xs:complexType>
  <xs:complexType name="ResponseType">
    <xs:sequence>
      <xs:element name="subscriptionResponse" type="req:SubscriptionResponseType" minOccurs="0"/>
      <xs:element name="exceptions" type="exc:ExceptionsType" minOccurs="0">
        <xs:annotation>
          <xs:documentation>Business error that occur when processing the request e.g. missing data.</xs:documentation>
        </xs:annotation>
      </xs:element>
    </xs:sequence>
  </xs:complexType>
</xs:schema>]]></con:content><con:type>http://www.w3.org/2001/XMLSchema</con:type></con:part><con:part><con:url>file:/home/isr/git/parent/referencedirservice_1.0/ReferenceDirServiceGateway/src/main/resources/wsdl/referenceDir/1.0.0/messages/baseMessageTypes_v1.xsd</con:url><con:content><![CDATA[<xsd:schema targetNamespace="http://fidus.brussels/type/common/messages/v1" elementFormDefault="qualified" attributeFormDefault="unqualified" version="1.0" xmlns:xsd="http://www.w3.org/2001/XMLSchema" xmlns:cmn="http://fidus.brussels/type/common/v1" xmlns:nps="http://fidus.brussels/service/personservice/personservices/naturalPerson/v1" xmlns:tns="http://fidus.brussels/type/common/messages/v1">
  <!--Unformatted message Id-->
  <xsd:simpleType name="MessageIdType">
    <xsd:restriction base="xsd:string">
      <xsd:minLength value="1"/>
      <xsd:maxLength value="64"/>
    </xsd:restriction>
  </xsd:simpleType>
  <!--National Number of the person. Format depending on the Register-->
  <xsd:simpleType name="PersonNumberType">
    <xsd:restriction base="xsd:string">
      <xsd:pattern value="[0-9][0-9](([0][0-9])|([1][0-2]))(([0-2][0-9])|([3][0-1]))(([0-9]{2}[1-9])|([0-9][1-9][0-9])|([1-9][0-9]{2}))(([0-8][0-9])|([9][0-7]))">
        <xsd:annotation>
          <xsd:documentation>National Register format</xsd:documentation>
        </xsd:annotation>
      </xsd:pattern>
      <xsd:pattern value="[0-9][0-9](([2][0-9])|([3][0-2]))(([0-2][0-9])|([3][0-1]))[0-9]{3}(([0-8][0-9])|([9][0-7]))">
        <xsd:annotation>
          <xsd:documentation>CBSS Register format: Bis Register</xsd:documentation>
        </xsd:annotation>
      </xsd:pattern>
      <xsd:pattern value="[0-9][0-9](([4][0-9])|([5][0-2]))(([0-2][0-9])|([3][0-1]))[0-9]{3}(([0-8][0-9])|([9][0-7]))">
        <xsd:annotation>
          <xsd:documentation>CBSS Register format: Ter Register</xsd:documentation>
        </xsd:annotation>
      </xsd:pattern>
    </xsd:restriction>
  </xsd:simpleType>
  <!--Request message context-->
  <xsd:complexType name="RequestMessageContextType">
    <xsd:annotation>
      <xsd:documentation>Message context block generated by the consumer.</xsd:documentation>
    </xsd:annotation>
    <xsd:sequence>
      <xsd:element name="messageId" type="tns:MessageIdType">
        <xsd:annotation>
          <xsd:documentation>Consumer must assign their own MessageId reference for the request.</xsd:documentation>
        </xsd:annotation>
      </xsd:element>
      <xsd:element name="timestamp" type="xsd:dateTime" minOccurs="0">
        <xsd:annotation>
          <xsd:documentation>Timestamp when client sent request.</xsd:documentation>
        </xsd:annotation>
      </xsd:element>
    </xsd:sequence>
  </xsd:complexType>
  <!--Response message context-->
  <xsd:complexType name="ResponseMessageContextType">
    <xsd:annotation>
      <xsd:documentation>MessageContext block generated by Fidus.</xsd:documentation>
    </xsd:annotation>
    <xsd:sequence>
      <xsd:element name="messageId" type="tns:MessageIdType">
        <xsd:annotation>
          <xsd:documentation>A unique identifier generated by Fidus.</xsd:documentation>
        </xsd:annotation>
      </xsd:element>
      <xsd:element name="transactionId" type="tns:MessageIdType">
        <xsd:annotation>
          <xsd:documentation>A unique ID returned to the client for tracing purposes.</xsd:documentation>
        </xsd:annotation>
      </xsd:element>
      <xsd:element name="timestamp" type="xsd:dateTime" minOccurs="0">
        <xsd:annotation>
          <xsd:documentation>Time reply was sent by Fidus.</xsd:documentation>
        </xsd:annotation>
      </xsd:element>
    </xsd:sequence>
  </xsd:complexType>
  <!--Legal Context : the finality of the Privacy Commission-->
  <xsd:simpleType name="LegalContextType">
    <xsd:restriction base="xsd:string">
      <xsd:minLength value="1"/>
      <xsd:maxLength value="64"/>
    </xsd:restriction>
  </xsd:simpleType>
  <xsd:complexType name="UserContextType">
    <xsd:annotation>
      <xsd:documentation>The user context defines information regarding the actual user performing a request.</xsd:documentation>
    </xsd:annotation>
    <xsd:sequence>
      <xsd:element name="language" type="xsd:language" nillable="true">
        <xsd:annotation>
          <xsd:documentation>The preferred language of the actual user performing the request.
						This influences the language in which response elements are cast.</xsd:documentation>
        </xsd:annotation>
      </xsd:element>
    </xsd:sequence>
  </xsd:complexType>
</xsd:schema>]]></con:content><con:type>http://www.w3.org/2001/XMLSchema</con:type></con:part><con:part><con:url>file:/home/isr/git/parent/referencedirservice_1.0/ReferenceDirServiceGateway/src/main/resources/wsdl/referenceDir/1.0.0/messages/exceptionTypes_v1.xsd</con:url><con:content><![CDATA[<xsd:schema targetNamespace="http://fidus.brussels/type/common/exceptions/v1" elementFormDefault="qualified" attributeFormDefault="unqualified" version="1.0" xmlns:xsd="http://www.w3.org/2001/XMLSchema" xmlns:tns="http://fidus.brussels/type/common/exceptions/v1">
  <!--Basic error typed-->
  <xsd:complexType name="ExceptionsType">
    <xsd:sequence>
      <xsd:element name="exception" type="tns:ExceptionType" maxOccurs="unbounded"/>
    </xsd:sequence>
  </xsd:complexType>
  <xsd:complexType name="ExceptionType">
    <xsd:sequence>
      <xsd:element name="type" type="tns:ExceptionClassType"/>
      <xsd:element name="code" type="tns:ExceptionCodeType"/>
      <xsd:element name="source" type="tns:ExceptionSourceType"/>
      <xsd:element name="description" type="tns:ExceptionDescriptionType"/>
    </xsd:sequence>
  </xsd:complexType>
  <xsd:simpleType name="ExceptionClassType">
    <xsd:restriction base="xsd:string">
      <xsd:enumeration value="ERROR"/>
      <xsd:enumeration value="WARNING"/>
      <xsd:enumeration value="INFO"/>
    </xsd:restriction>
  </xsd:simpleType>
  <xsd:simpleType name="ExceptionCodeType">
    <xsd:restriction base="xsd:string">
      <xsd:maxLength value="20"/>
    </xsd:restriction>
  </xsd:simpleType>
  <xsd:simpleType name="ExceptionSourceType">
    <xsd:restriction base="xsd:string">
      <xsd:maxLength value="20"/>
    </xsd:restriction>
  </xsd:simpleType>
  <xsd:simpleType name="ExceptionDescriptionType">
    <xsd:restriction base="xsd:string"/>
  </xsd:simpleType>
</xsd:schema>]]></con:content><con:type>http://www.w3.org/2001/XMLSchema</con:type></con:part><con:part><con:url>file:/home/isr/git/parent/referencedirservice_1.0/ReferenceDirServiceGateway/src/main/resources/wsdl/referenceDir/1.0.0/messages/referenceDirTypes_v1.xsd</con:url><con:content><![CDATA[<!--==========================================================================
* File Name          : ReferenceDirTypes.xsd
* Author             : Alexandre Carbenay
* Owner              : CIRB-CIBG
* Domain             : ISR
* Creation date      : 07/04/2015
* Last revision date : 27/05/2015
* Description        : WS ReferenceDir - Types
* Status             : Draft
* Current Version    : v1
* Revision History	 : -
==========================================================================-->
<xs:schema targetNamespace="http://fidus.brussels/type/referencedir/requests/v1" elementFormDefault="qualified" attributeFormDefault="unqualified" version="1.0" xmlns:xs="http://www.w3.org/2001/XMLSchema" xmlns:cme="http://fidus.brussels/type/common/messages/v1" xmlns:tns="http://fidus.brussels/type/referencedir/requests/v1">
  <xs:import namespace="http://fidus.brussels/type/common/messages/v1" schemaLocation="baseMessageTypes_v1.xsd"/>
  <xs:complexType name="SubscriptionRequestType">
    <xs:sequence>
      <xs:element name="reference" type="tns:ReferenceType">
        <xs:annotation>
          <xs:documentation>Reference ; either a person or an enterprise number.</xs:documentation>
        </xs:annotation>
      </xs:element>
      <xs:element name="endDate" type="xs:date" minOccurs="0">
        <xs:annotation>
          <xs:documentation>End date for subscription period.</xs:documentation>
        </xs:annotation>
      </xs:element>
    </xs:sequence>
  </xs:complexType>
  <xs:complexType name="SubscriptionResponseType">
    <xs:sequence>
      <xs:element name="status" type="xs:string">
        <xs:annotation>
          <xs:documentation>Service execution status.</xs:documentation>
        </xs:annotation>
      </xs:element>
    </xs:sequence>
  </xs:complexType>
  <xs:complexType name="UnsubscriptionRequestType">
    <xs:sequence>
      <xs:element name="reference" type="tns:ReferenceType">
        <xs:annotation>
          <xs:documentation>Reference ; either a person or an enterprise number.</xs:documentation>
        </xs:annotation>
      </xs:element>
      <xs:element name="endDate" type="xs:date" minOccurs="0">
        <xs:annotation>
          <xs:documentation>End date for subscription period.</xs:documentation>
        </xs:annotation>
      </xs:element>
    </xs:sequence>
  </xs:complexType>
  <xs:complexType name="UnsubscriptionResponseType">
    <xs:sequence>
      <xs:element name="status" type="xs:string">
        <xs:annotation>
          <xs:documentation>Service execution status.</xs:documentation>
        </xs:annotation>
      </xs:element>
    </xs:sequence>
  </xs:complexType>
  <xs:complexType name="GetServicesResponseType">
    <xs:sequence>
      <xs:element name="name" type="xs:string" minOccurs="1"/>
      <xs:element name="operations" type="tns:Operations" minOccurs="1" maxOccurs="1"/>
    </xs:sequence>
  </xs:complexType>
  <xs:complexType name="Operations">
    <xs:sequence>
      <xs:element name="operation" type="xs:string" minOccurs="1" maxOccurs="unbounded"/>
    </xs:sequence>
  </xs:complexType>
  <xs:complexType name="ReferenceType">
    <xs:sequence>
      <xs:element name="personNumber" type="cme:PersonNumberType"/>
    </xs:sequence>
  </xs:complexType>
</xs:schema>]]></con:content><con:type>http://www.w3.org/2001/XMLSchema</con:type></con:part><con:part><con:url>file:/home/isr/git/parent/referencedirservice_1.0/ReferenceDirServiceGateway/src/main/resources/wsdl/referenceDir/1.0.0/messages/referenceDirUnsubscribeTypes_v1.xsd</con:url><con:content><![CDATA[<!--==========================================================================
* File Name          : ReferenceDirSubscribeTypes.xsd
* Author             : Alexandre Carbenay
* Owner              : CIRB-CIBG
* Domain             : ISR
* Creation date      : 27/05/2015
* Last revision date : 27/05/2015
* Description        : WS ReferenceDir - Unsubscription Operation Types
* Status             : Draft
* Current Version    : v1
* Revision History	 : -
==========================================================================-->
<xs:schema targetNamespace="http://fidus.brussels/type/referencedir/requests/unsubscribe/v1" elementFormDefault="qualified" attributeFormDefault="unqualified" version="1.0" xmlns:xs="http://www.w3.org/2001/XMLSchema" xmlns:cme="http://fidus.brussels/type/common/messages/v1" xmlns:exc="http://fidus.brussels/type/common/exceptions/v1" xmlns:req="http://fidus.brussels/type/referencedir/requests/v1" xmlns:tns="http://fidus.brussels/type/referencedir/requests/unsubscribe/v1">
  <xs:import namespace="http://fidus.brussels/type/common/messages/v1" schemaLocation="baseMessageTypes_v1.xsd"/>
  <xs:import namespace="http://fidus.brussels/type/common/exceptions/v1" schemaLocation="exceptionTypes_v1.xsd"/>
  <xs:import namespace="http://fidus.brussels/type/referencedir/requests/v1" schemaLocation="referenceDirTypes_v1.xsd"/>
  <xs:complexType name="UnsubscribeReferenceRequestType">
    <xs:sequence>
      <xs:element name="messageContext" type="cme:RequestMessageContextType"/>
      <xs:element name="legalContext" type="cme:LegalContextType"/>
      <xs:element name="unsubscriptionRequest" type="req:UnsubscriptionRequestType"/>
    </xs:sequence>
  </xs:complexType>
  <xs:complexType name="UnsubscribeReferenceResponseType">
    <xs:sequence>
      <xs:element name="messageContext" type="cme:ResponseMessageContextType"/>
      <xs:element name="responses" type="tns:ResponsesType"/>
      <xs:element name="exceptions" type="exc:ExceptionsType" minOccurs="0">
        <xs:annotation>
          <xs:documentation>Technical errors that occur when processing the request e.g. xs validation errors.</xs:documentation>
        </xs:annotation>
      </xs:element>
    </xs:sequence>
  </xs:complexType>
  <xs:complexType name="ResponsesType">
    <xs:sequence>
      <xs:element name="response" type="tns:ResponseType" minOccurs="1" maxOccurs="1"/>
    </xs:sequence>
  </xs:complexType>
  <xs:complexType name="ResponseType">
    <xs:sequence>
      <xs:element name="unsubscriptionResponse" type="req:UnsubscriptionResponseType" minOccurs="0"/>
      <xs:element name="exceptions" type="exc:ExceptionsType" minOccurs="0">
        <xs:annotation>
          <xs:documentation>Business error that occur when processing the request e.g. missing data.</xs:documentation>
        </xs:annotation>
      </xs:element>
    </xs:sequence>
  </xs:complexType>
</xs:schema>]]></con:content><con:type>http://www.w3.org/2001/XMLSchema</con:type></con:part><con:part><con:url>file:/home/isr/git/parent/referencedirservice_1.0/ReferenceDirServiceGateway/src/main/resources/wsdl/referenceDir/1.0.0/messages/referenceDirGetServicesTypes_v1.xsd</con:url><con:content><![CDATA[<!--==========================================================================
* File Name          : ReferenceDirSubscribeTypes.xsd
* Author             : Alexandre Carbenay
* Owner              : CIRB-CIBG
* Domain             : ISR
* Creation date      : 27/05/2015
* Last revision date : 27/05/2015
* Description        : WS ReferenceDir - Unsubscription Operation Types
* Status             : Draft
* Current Version    : v1
* Revision History	 : -
==========================================================================-->
<xs:schema targetNamespace="http://fidus.brussels/type/referencedir/requests/getservices/v1" elementFormDefault="qualified" attributeFormDefault="unqualified" version="1.0" xmlns:xs="http://www.w3.org/2001/XMLSchema" xmlns:cme="http://fidus.brussels/type/common/messages/v1" xmlns:exc="http://fidus.brussels/type/common/exceptions/v1" xmlns:req="http://fidus.brussels/type/referencedir/requests/v1" xmlns:tns="http://fidus.brussels/type/referencedir/requests/getservices/v1">
  <xs:import namespace="http://fidus.brussels/type/common/messages/v1" schemaLocation="baseMessageTypes_v1.xsd"/>
  <xs:import namespace="http://fidus.brussels/type/common/exceptions/v1" schemaLocation="exceptionTypes_v1.xsd"/>
  <xs:import namespace="http://fidus.brussels/type/referencedir/requests/v1" schemaLocation="referenceDirTypes_v1.xsd"/>
  <xs:complexType name="GetServicesReferenceRequestType">
    <xs:sequence>
      <xs:element name="messageContext" type="cme:RequestMessageContextType"/>
      <xs:element name="legalContext" type="cme:LegalContextType"/>
      <xs:element name="getServicesRequest" type="xs:string"/>
    </xs:sequence>
  </xs:complexType>
  <xs:complexType name="GetServicesReferenceResponseType">
    <xs:sequence>
      <xs:element name="messageContext" type="cme:ResponseMessageContextType"/>
      <xs:element name="responses" type="tns:ResponsesType"/>
      <xs:element name="exceptions" type="exc:ExceptionsType" minOccurs="0">
        <xs:annotation>
          <xs:documentation>Technical errors that occur when processing the request e.g. xs validation errors.</xs:documentation>
        </xs:annotation>
      </xs:element>
    </xs:sequence>
  </xs:complexType>
  <xs:complexType name="ResponsesType">
    <xs:sequence>
      <xs:element name="response" type="tns:ResponseType" minOccurs="1" maxOccurs="1"/>
    </xs:sequence>
  </xs:complexType>
  <xs:complexType name="ResponseType">
    <xs:sequence>
      <xs:element name="status" type="xs:string" minOccurs="1" maxOccurs="1"/>
      <xs:element name="getServicesReferenceResponse" type="req:GetServicesResponseType"/>
      <xs:element name="exceptions" type="exc:ExceptionsType" minOccurs="0">
        <xs:annotation>
          <xs:documentation>Business error that occur when processing the request e.g. missing data.</xs:documentation>
        </xs:annotation>
      </xs:element>
    </xs:sequence>
  </xs:complexType>
</xs:schema>]]></con:content><con:type>http://www.w3.org/2001/XMLSchema</con:type></con:part><con:part><con:url>file:/home/isr/git/parent/referencedirservice_1.0/ReferenceDirServiceGateway/src/main/resources/wsdl/referenceDir/1.0.0/messages/faultTypes_v1.xsd</con:url><con:content><![CDATA[<xsd:schema version="1.0" xmlns:xsd="http://www.w3.org/2001/XMLSchema" xmlns:cmn="http://fidus.brussels/type/common/messages/v1" xmlns:env="http://schemas.xmlsoap.org/soap/envelope/">
  <xsd:import namespace="http://fidus.brussels/type/common/messages/v1" schemaLocation="baseMessageTypes_v1.xsd"/>
  <!--fault elements-->
  <xsd:element name="messageId" type="cmn:MessageIdType"/>
  <xsd:element name="transactionId" type="cmn:MessageIdType"/>
  <xsd:element name="timestamp" type="xsd:dateTime"/>
  <xsd:element name="error" type="errorType"/>
  <xsd:complexType name="errorType">
    <xsd:sequence>
      <xsd:element name="code" type="cmn:MessageIdType"/>
      <xsd:element name="description" type="xsd:string" minOccurs="0"/>
      <xsd:any namespace="http://schemas.xmlsoap.org/soap/envelope/" processContents="skip" minOccurs="0" maxOccurs="1"/>
    </xsd:sequence>
  </xsd:complexType>
</xsd:schema>]]></con:content><con:type>http://www.w3.org/2001/XMLSchema</con:type></con:part></con:definitionCache><con:endpoints>
      <con:endpoint>http://fidus.brussels/services/referencedir/v1</con:endpoint>
    </con:endpoints>
    <con:operation isOneWay="false" action="http://fidus.brussels/services/referencedir/subscribeReference" name="subscribeReference" bindingOperationName="subscribeReference" type="Request-Response" inputName="" receivesAttachments="false" sendsAttachments="false" anonymous="optional" id="dc8c1559-df1b-4c29-97d5-cc91ab242393">
      <con:settings/>
      <con:call name="1 - Local - Request" incomingWss="Inflow DEV" outgoingWss="Outflow DEV" id="0bf52dd1-abdf-48b4-b9b9-ce1b3f711495">
        <con:settings>
          <con:setting id="com.eviware.soapui.impl.wsdl.WsdlRequest@request-headers">&lt;xml-fragment/></con:setting>
        </con:settings>
        <con:encoding>UTF-8</con:encoding>
        <con:endpoint>https://localhost:8243/services/ReferenceDirService_v1.0</con:endpoint>
        <con:request><![CDATA[<soapenv:Envelope xmlns:soapenv="http://schemas.xmlsoap.org/soap/envelope/" 
xmlns:v1="http://fidus.brussels/service/referencedir/messages/v1" 
xmlns:v11="http://fidus.brussels/type/referencedir/requests/subscribe/v1" 
xmlns:v12="http://fidus.brussels/type/common/messages/v1" 
xmlns:v13="http://fidus.brussels/type/referencedir/requests/v1">
   <soapenv:Header/>
   <soapenv:Body>
      <v1:subscribeReferenceRequest>
         <v11:messageContext>
            <v12:messageId>${=import static java.util.UUID.randomUUID; uuid = randomUUID() as String}</v12:messageId>
            <v12:timestamp>${=new java.text.SimpleDateFormat("yyyy-MM-dd'T'HH:mm:ss.SSS").format(new Date())}</v12:timestamp>
         </v11:messageContext>
         <v11:legalContext>ServiceIntegrator</v11:legalContext>
         <v11:subscriptionRequest>
            <v13:reference>
               <v13:personNumber>84072002128</v13:personNumber>
            </v13:reference>
            <v13:endDate>${=new java.text.SimpleDateFormat("yyyy-MM-dd").format(new Date() + 1)}</v13:endDate>
         </v11:subscriptionRequest>
      </v1:subscribeReferenceRequest>
   </soapenv:Body>
</soapenv:Envelope>]]></con:request>
        <con:credentials>
          <con:selectedAuthProfile>Basic</con:selectedAuthProfile>
          <con:addedBasicAuthenticationTypes>Basic</con:addedBasicAuthenticationTypes>
          <con:authType>Global HTTP Settings</con:authType>
        </con:credentials>
        <con:jmsConfig JMSDeliveryMode="PERSISTENT"/>
        <con:jmsPropertyConfig/>
        <con:wsaConfig mustUnderstand="NONE" version="200508" action="http://fidus.brussels/services/referencedir/subscribe"/>
        <con:wsrmConfig version="1.2"/>
      </con:call>
      <con:call name="2 - Dev - Request" outgoingWss="Outflow DEV" incomingWss="Inflow DEV" id="4016106e-7341-4c9f-9c8a-0d0e6487cddf">
        <con:settings>
          <con:setting id="com.eviware.soapui.impl.wsdl.WsdlRequest@request-headers">&lt;xml-fragment/></con:setting>
        </con:settings>
        <con:encoding>UTF-8</con:encoding>
        <con:endpoint>https://192.168.36.61:8243/services/ReferenceDirService_v1.0</con:endpoint>
        <con:request><![CDATA[<soapenv:Envelope xmlns:soapenv="http://schemas.xmlsoap.org/soap/envelope/" 
xmlns:v1="http://fidus.brussels/service/referencedir/messages/v1" 
xmlns:v11="http://fidus.brussels/type/referencedir/requests/subscribe/v1" 
xmlns:v12="http://fidus.brussels/type/common/messages/v1" 
xmlns:v13="http://fidus.brussels/type/referencedir/requests/v1">
   <soapenv:Header/>
   <soapenv:Body>
      <v1:subscribeReferenceRequest>
         <v11:messageContext>
            <v12:messageId>${=import static java.util.UUID.randomUUID; uuid = randomUUID() as String}</v12:messageId>
            <v12:timestamp>${=new java.text.SimpleDateFormat("yyyy-MM-dd'T'HH:mm:ss.SSS").format(new Date())}</v12:timestamp>
         </v11:messageContext>
         <v11:legalContext>ServiceIntegrator</v11:legalContext>
         <v11:subscriptionRequest>
            <v13:reference>
               <v13:personNumber>12003001507</v13:personNumber>
            </v13:reference>
            <!--Optional:-->
            <v13:endDate>${=new java.text.SimpleDateFormat("yyyy-MM-dd").format(new Date() + 1)}</v13:endDate>
         </v11:subscriptionRequest>
      </v1:subscribeReferenceRequest>
   </soapenv:Body>
</soapenv:Envelope>]]></con:request>
        <con:credentials>
          <con:selectedAuthProfile>Basic</con:selectedAuthProfile>
          <con:addedBasicAuthenticationTypes>Basic</con:addedBasicAuthenticationTypes>
          <con:authType>Global HTTP Settings</con:authType>
        </con:credentials>
        <con:jmsConfig JMSDeliveryMode="PERSISTENT"/>
        <con:jmsPropertyConfig/>
        <con:wsaConfig mustUnderstand="NONE" version="200508" action="http://fidus.brussels/services/referencedir/subscribe"/>
        <con:wsrmConfig version="1.2"/>
      </con:call>
      <con:call name="3 - Test - External - Request" outgoingWss="Outflow TEST" incomingWss="Inflow TEST" id="860c6031-1187-4214-b1f7-4ceca82570e5">
        <con:settings>
          <con:setting id="com.eviware.soapui.impl.wsdl.WsdlRequest@request-headers">&lt;xml-fragment/></con:setting>
        </con:settings>
        <con:encoding>UTF-8</con:encoding>
        <con:endpoint>https://fidus-test.irisnetlab.be/services/ReferenceDirService_v1.0</con:endpoint>
        <con:request><![CDATA[<soapenv:Envelope xmlns:soapenv="http://schemas.xmlsoap.org/soap/envelope/" 
xmlns:v1="http://fidus.brussels/service/referencedir/messages/v1" 
xmlns:v11="http://fidus.brussels/type/referencedir/requests/subscribe/v1" 
xmlns:v12="http://fidus.brussels/type/common/messages/v1" 
xmlns:v13="http://fidus.brussels/type/referencedir/requests/v1">
   <soapenv:Header/>
   <soapenv:Body>
      <v1:subscribeReferenceRequest>
         <v11:messageContext>
            <v12:messageId>${=import static java.util.UUID.randomUUID; uuid = randomUUID() as String}</v12:messageId>
            <v12:timestamp>${=new java.text.SimpleDateFormat("yyyy-MM-dd'T'HH:mm:ss.SSS").format(new Date())}</v12:timestamp>
         </v11:messageContext>
         <v11:legalContext>ServiceIntegrator</v11:legalContext>
         <v11:subscriptionRequest>
            <v13:reference>
               <v13:personNumber>91120406960</v13:personNumber>
            </v13:reference>
            <!--Optional:-->
            <v13:endDate>${=new java.text.SimpleDateFormat("yyyy-MM-dd").format(new Date() + 1)}</v13:endDate>
         </v11:subscriptionRequest>
      </v1:subscribeReferenceRequest>
   </soapenv:Body>
</soapenv:Envelope>]]></con:request>
        <con:credentials>
          <con:selectedAuthProfile>Basic</con:selectedAuthProfile>
          <con:addedBasicAuthenticationTypes>Basic</con:addedBasicAuthenticationTypes>
          <con:authType>Global HTTP Settings</con:authType>
        </con:credentials>
        <con:jmsConfig JMSDeliveryMode="PERSISTENT"/>
        <con:jmsPropertyConfig/>
        <con:wsaConfig mustUnderstand="NONE" version="200508" action="http://fidus.brussels/services/referencedir/subscribe"/>
        <con:wsrmConfig version="1.2"/>
      </con:call>
      <con:call name="3 - Test - LB - Request" outgoingWss="Outflow TEST" incomingWss="Inflow TEST" id="4eab1019-fcb1-4da8-abb4-039939f92a83">
        <con:settings>
          <con:setting id="com.eviware.soapui.impl.wsdl.WsdlRequest@request-headers">&lt;xml-fragment/></con:setting>
        </con:settings>
        <con:encoding>UTF-8</con:encoding>
        <con:endpoint>https://esb-security-gw.sta.srv.cirb.lan:8443/services/ReferenceDirService_v1.0</con:endpoint>
        <con:request><![CDATA[<soapenv:Envelope xmlns:soapenv="http://schemas.xmlsoap.org/soap/envelope/" 
xmlns:v1="http://fidus.brussels/service/referencedir/messages/v1" 
xmlns:v11="http://fidus.brussels/type/referencedir/requests/subscribe/v1" 
xmlns:v12="http://fidus.brussels/type/common/messages/v1" 
xmlns:v13="http://fidus.brussels/type/referencedir/requests/v1">
   <soapenv:Header/>
   <soapenv:Body>
      <v1:subscribeReferenceRequest>
         <v11:messageContext>
            <v12:messageId>${=import static java.util.UUID.randomUUID; uuid = randomUUID() as String}</v12:messageId>
            <v12:timestamp>${=new java.text.SimpleDateFormat("yyyy-MM-dd'T'HH:mm:ss.SSS").format(new Date())}</v12:timestamp>
         </v11:messageContext>
         <v11:legalContext>ServiceIntegrator</v11:legalContext>
         <v11:subscriptionRequest>
            <v13:reference>
               <v13:personNumber>89102413022</v13:personNumber>
            </v13:reference>
            <!--Optional:-->
            <v13:endDate>${=new java.text.SimpleDateFormat("yyyy-MM-dd").format(new Date() + 1)}</v13:endDate>
         </v11:subscriptionRequest>
      </v1:subscribeReferenceRequest>
   </soapenv:Body>
</soapenv:Envelope>]]></con:request>
        <con:credentials>
          <con:selectedAuthProfile>Basic</con:selectedAuthProfile>
          <con:addedBasicAuthenticationTypes>Basic</con:addedBasicAuthenticationTypes>
          <con:authType>Global HTTP Settings</con:authType>
        </con:credentials>
        <con:jmsConfig JMSDeliveryMode="PERSISTENT"/>
        <con:jmsPropertyConfig/>
        <con:wsaConfig mustUnderstand="NONE" version="200508" action="http://fidus.brussels/services/referencedir/subscribe"/>
        <con:wsrmConfig version="1.2"/>
      </con:call>
      <con:call name="3 - Test - Worker1 - Request" outgoingWss="Outflow TEST" incomingWss="Inflow TEST" id="1fc5b02b-3fe9-4660-a346-965a958df5cc">
        <con:settings>
          <con:setting id="com.eviware.soapui.impl.wsdl.WsdlRequest@request-headers">&lt;xml-fragment/></con:setting>
        </con:settings>
        <con:encoding>UTF-8</con:encoding>
        <con:endpoint>https://192.168.22.53:8443/services/ReferenceDirService_v1.0</con:endpoint>
        <con:request><![CDATA[<soapenv:Envelope xmlns:soapenv="http://schemas.xmlsoap.org/soap/envelope/" 
xmlns:v1="http://fidus.brussels/service/referencedir/messages/v1" 
xmlns:v11="http://fidus.brussels/type/referencedir/requests/subscribe/v1" 
xmlns:v12="http://fidus.brussels/type/common/messages/v1" 
xmlns:v13="http://fidus.brussels/type/referencedir/requests/v1">
   <soapenv:Header/>
   <soapenv:Body>
      <v1:subscribeReferenceRequest>
         <v11:messageContext>
            <v12:messageId>${=import static java.util.UUID.randomUUID; uuid = randomUUID() as String}</v12:messageId>
            <v12:timestamp>${=new java.text.SimpleDateFormat("yyyy-MM-dd'T'HH:mm:ss.SSS").format(new Date())}</v12:timestamp>
         </v11:messageContext>
         <v11:legalContext>ServiceIntegrator</v11:legalContext>
         <v11:subscriptionRequest>
            <v13:reference>
               <v13:personNumber>89102413022</v13:personNumber>
            </v13:reference>
            <!--Optional:-->
            <v13:endDate>${=new java.text.SimpleDateFormat("yyyy-MM-dd").format(new Date() + 1)}</v13:endDate>
         </v11:subscriptionRequest>
      </v1:subscribeReferenceRequest>
   </soapenv:Body>
</soapenv:Envelope>]]></con:request>
        <con:credentials>
          <con:selectedAuthProfile>Basic</con:selectedAuthProfile>
          <con:addedBasicAuthenticationTypes>Basic</con:addedBasicAuthenticationTypes>
          <con:authType>Global HTTP Settings</con:authType>
        </con:credentials>
        <con:jmsConfig JMSDeliveryMode="PERSISTENT"/>
        <con:jmsPropertyConfig/>
        <con:wsaConfig mustUnderstand="NONE" version="200508" action="http://fidus.brussels/services/referencedir/subscribe"/>
        <con:wsrmConfig version="1.2"/>
      </con:call>
      <con:call name="3 - Test - Worker2 - Request" outgoingWss="Outflow TEST" incomingWss="Inflow TEST" id="1f8b3a8d-19f2-47eb-aa5a-f514d6a4ddbe">
        <con:settings>
          <con:setting id="com.eviware.soapui.impl.wsdl.WsdlRequest@request-headers">&lt;xml-fragment/></con:setting>
        </con:settings>
        <con:encoding>UTF-8</con:encoding>
        <con:endpoint>https://192.168.22.54:8443/services/ReferenceDirService_v1.0</con:endpoint>
        <con:request><![CDATA[<soapenv:Envelope xmlns:soapenv="http://schemas.xmlsoap.org/soap/envelope/" 
xmlns:v1="http://fidus.brussels/service/referencedir/messages/v1" 
xmlns:v11="http://fidus.brussels/type/referencedir/requests/subscribe/v1" 
xmlns:v12="http://fidus.brussels/type/common/messages/v1" 
xmlns:v13="http://fidus.brussels/type/referencedir/requests/v1">
   <soapenv:Header/>
   <soapenv:Body>
      <v1:subscribeReferenceRequest>
         <v11:messageContext>
            <v12:messageId>${=import static java.util.UUID.randomUUID; uuid = randomUUID() as String}</v12:messageId>
            <v12:timestamp>${=new java.text.SimpleDateFormat("yyyy-MM-dd'T'HH:mm:ss.SSS").format(new Date())}</v12:timestamp>
         </v11:messageContext>
         <v11:legalContext>ServiceIntegrator</v11:legalContext>
         <v11:subscriptionRequest>
            <v13:reference>
               <v13:personNumber>89102413022</v13:personNumber>
            </v13:reference>
            <!--Optional:-->
            <v13:endDate>${=new java.text.SimpleDateFormat("yyyy-MM-dd").format(new Date() + 1)}</v13:endDate>
         </v11:subscriptionRequest>
      </v1:subscribeReferenceRequest>
   </soapenv:Body>
</soapenv:Envelope>]]></con:request>
        <con:credentials>
          <con:selectedAuthProfile>Basic</con:selectedAuthProfile>
          <con:addedBasicAuthenticationTypes>Basic</con:addedBasicAuthenticationTypes>
          <con:authType>Global HTTP Settings</con:authType>
        </con:credentials>
        <con:jmsConfig JMSDeliveryMode="PERSISTENT"/>
        <con:jmsPropertyConfig/>
        <con:wsaConfig mustUnderstand="NONE" version="200508" action="http://fidus.brussels/services/referencedir/subscribe"/>
        <con:wsrmConfig version="1.2"/>
      </con:call>
      <con:call name="4 - Staging - Worker1 - Request" outgoingWss="Outflow STAG" incomingWss="Inflow STAG" id="375fb6d1-f2de-4fb3-8b6e-4996957820c2">
        <con:settings>
          <con:setting id="com.eviware.soapui.impl.wsdl.WsdlRequest@request-headers">&lt;xml-fragment/></con:setting>
        </con:settings>
        <con:encoding>UTF-8</con:encoding>
        <con:endpoint>https://192.168.24.16:8443/services/ReferenceDirService_v1.0</con:endpoint>
        <con:request><![CDATA[<soapenv:Envelope xmlns:soapenv="http://schemas.xmlsoap.org/soap/envelope/" 
xmlns:v1="http://fidus.brussels/service/referencedir/messages/v1" 
xmlns:v11="http://fidus.brussels/type/referencedir/requests/subscribe/v1" 
xmlns:v12="http://fidus.brussels/type/common/messages/v1" 
xmlns:v13="http://fidus.brussels/type/referencedir/requests/v1">
   <soapenv:Header/>
   <soapenv:Body>
      <v1:subscribeReferenceRequest>
         <v11:messageContext>
            <v12:messageId>${=import static java.util.UUID.randomUUID; uuid = randomUUID() as String}</v12:messageId>
            <v12:timestamp>${=new java.text.SimpleDateFormat("yyyy-MM-dd'T'HH:mm:ss.SSS").format(new Date())}</v12:timestamp>
         </v11:messageContext>
         <v11:legalContext>ServiceIntegrator</v11:legalContext>
         <v11:subscriptionRequest>
            <v13:reference>
               <v13:personNumber>85081509931</v13:personNumber>
            </v13:reference>
            <!--Optional:-->
            <v13:endDate>${=new java.text.SimpleDateFormat("yyyy-MM-dd").format(new Date() + 1)}</v13:endDate>
         </v11:subscriptionRequest>
      </v1:subscribeReferenceRequest>
   </soapenv:Body>
</soapenv:Envelope>]]></con:request>
        <con:credentials>
          <con:selectedAuthProfile>Basic</con:selectedAuthProfile>
          <con:addedBasicAuthenticationTypes>Basic</con:addedBasicAuthenticationTypes>
          <con:authType>Global HTTP Settings</con:authType>
        </con:credentials>
        <con:jmsConfig JMSDeliveryMode="PERSISTENT"/>
        <con:jmsPropertyConfig/>
        <con:wsaConfig mustUnderstand="NONE" version="200508" action="http://fidus.brussels/services/referencedir/subscribe"/>
        <con:wsrmConfig version="1.2"/>
      </con:call>
      <con:call name="4 - Staging - Worker2 - Request" outgoingWss="Outflow STAG" incomingWss="Inflow STAG" id="d37a71b5-38ac-473e-877b-6a416f4b60b6">
        <con:settings>
          <con:setting id="com.eviware.soapui.impl.wsdl.WsdlRequest@request-headers">&lt;xml-fragment/></con:setting>
        </con:settings>
        <con:encoding>UTF-8</con:encoding>
        <con:endpoint>https://192.168.24.17:8443/services/ReferenceDirService_v1.0</con:endpoint>
        <con:request><![CDATA[<soapenv:Envelope xmlns:soapenv="http://schemas.xmlsoap.org/soap/envelope/" 
xmlns:v1="http://fidus.brussels/service/referencedir/messages/v1" 
xmlns:v11="http://fidus.brussels/type/referencedir/requests/subscribe/v1" 
xmlns:v12="http://fidus.brussels/type/common/messages/v1" 
xmlns:v13="http://fidus.brussels/type/referencedir/requests/v1">
   <soapenv:Header/>
   <soapenv:Body>
      <v1:subscribeReferenceRequest>
         <v11:messageContext>
            <v12:messageId>${=import static java.util.UUID.randomUUID; uuid = randomUUID() as String}</v12:messageId>
            <v12:timestamp>${=new java.text.SimpleDateFormat("yyyy-MM-dd'T'HH:mm:ss.SSS").format(new Date())}</v12:timestamp>
         </v11:messageContext>
         <v11:legalContext>ServiceIntegrator</v11:legalContext>
         <v11:subscriptionRequest>
            <v13:reference>
               <v13:personNumber>85081509931</v13:personNumber>
            </v13:reference>
            <!--Optional:-->
            <v13:endDate>${=new java.text.SimpleDateFormat("yyyy-MM-dd").format(new Date() + 1)}</v13:endDate>
         </v11:subscriptionRequest>
      </v1:subscribeReferenceRequest>
   </soapenv:Body>
</soapenv:Envelope>]]></con:request>
        <con:credentials>
          <con:selectedAuthProfile>Basic</con:selectedAuthProfile>
          <con:addedBasicAuthenticationTypes>Basic</con:addedBasicAuthenticationTypes>
          <con:authType>Global HTTP Settings</con:authType>
        </con:credentials>
        <con:jmsConfig JMSDeliveryMode="PERSISTENT"/>
        <con:jmsPropertyConfig/>
        <con:wsaConfig mustUnderstand="NONE" version="200508" action="http://fidus.brussels/services/referencedir/subscribe"/>
        <con:wsrmConfig version="1.2"/>
      </con:call>
      <con:call name="4 - Staging - LB - Request" outgoingWss="Outflow STAG" incomingWss="Inflow STAG" id="133b22fb-f479-4d65-82d3-e8d8dca8f95a">
        <con:settings>
          <con:setting id="com.eviware.soapui.impl.wsdl.WsdlRequest@request-headers">&lt;xml-fragment/></con:setting>
        </con:settings>
        <con:encoding>UTF-8</con:encoding>
        <con:endpoint>https://fidus-esb-sg.sta.srv.cirb.lan:8443/services/ReferenceDirService_v1.0</con:endpoint>
        <con:request><![CDATA[<soapenv:Envelope xmlns:soapenv="http://schemas.xmlsoap.org/soap/envelope/" 
xmlns:v1="http://fidus.brussels/service/referencedir/messages/v1" 
xmlns:v11="http://fidus.brussels/type/referencedir/requests/subscribe/v1" 
xmlns:v12="http://fidus.brussels/type/common/messages/v1" 
xmlns:v13="http://fidus.brussels/type/referencedir/requests/v1">
   <soapenv:Header/>
   <soapenv:Body>
      <v1:subscribeReferenceRequest>
         <v11:messageContext>
            <v12:messageId>${=import static java.util.UUID.randomUUID; uuid = randomUUID() as String}</v12:messageId>
            <v12:timestamp>${=new java.text.SimpleDateFormat("yyyy-MM-dd'T'HH:mm:ss.SSS").format(new Date())}</v12:timestamp>
         </v11:messageContext>
         <v11:legalContext>ServiceIntegrator</v11:legalContext>
         <v11:subscriptionRequest>
            <v13:reference>
               <v13:personNumber>89102413022</v13:personNumber>
            </v13:reference>
            <!--Optional:-->
            <v13:endDate>${=new java.text.SimpleDateFormat("yyyy-MM-dd").format(new Date() + 1)}</v13:endDate>
         </v11:subscriptionRequest>
      </v1:subscribeReferenceRequest>
   </soapenv:Body>
</soapenv:Envelope>]]></con:request>
        <con:credentials>
          <con:selectedAuthProfile>Basic</con:selectedAuthProfile>
          <con:addedBasicAuthenticationTypes>Basic</con:addedBasicAuthenticationTypes>
          <con:authType>Global HTTP Settings</con:authType>
        </con:credentials>
        <con:jmsConfig JMSDeliveryMode="PERSISTENT"/>
        <con:jmsPropertyConfig/>
        <con:wsaConfig mustUnderstand="NONE" version="200508" action="http://fidus.brussels/services/referencedir/subscribe"/>
        <con:wsrmConfig version="1.2"/>
      </con:call>
      <con:call name="4 - Staging - External - Request" outgoingWss="Outflow STAG" incomingWss="Inflow STAG" id="54ca9107-3f47-4bec-9689-b4f573d98374">
        <con:settings>
          <con:setting id="com.eviware.soapui.impl.wsdl.WsdlRequest@request-headers">&lt;xml-fragment/></con:setting>
        </con:settings>
        <con:encoding>UTF-8</con:encoding>
        <con:endpoint>https://fidus.irisnetlab.be/services/ReferenceDirService_v1.0</con:endpoint>
        <con:request><![CDATA[<soapenv:Envelope xmlns:soapenv="http://schemas.xmlsoap.org/soap/envelope/" 
xmlns:v1="http://fidus.brussels/service/referencedir/messages/v1" 
xmlns:v11="http://fidus.brussels/type/referencedir/requests/subscribe/v1" 
xmlns:v12="http://fidus.brussels/type/common/messages/v1" 
xmlns:v13="http://fidus.brussels/type/referencedir/requests/v1">
   <soapenv:Header/>
   <soapenv:Body>
      <v1:subscribeReferenceRequest>
         <v11:messageContext>
            <v12:messageId>${=import static java.util.UUID.randomUUID; uuid = randomUUID() as String}</v12:messageId>
            <v12:timestamp>${=new java.text.SimpleDateFormat("yyyy-MM-dd'T'HH:mm:ss.SSS").format(new Date())}</v12:timestamp>
         </v11:messageContext>
         <v11:legalContext>ServiceIntegrator</v11:legalContext>
         <v11:subscriptionRequest>
            <v13:reference>
               <v13:personNumber>89102413022</v13:personNumber>
            </v13:reference>
            <!--Optional:-->
            <v13:endDate>${=new java.text.SimpleDateFormat("yyyy-MM-dd").format(new Date() + 1)}</v13:endDate>
         </v11:subscriptionRequest>
      </v1:subscribeReferenceRequest>
   </soapenv:Body>
</soapenv:Envelope>]]></con:request>
        <con:credentials>
          <con:selectedAuthProfile>Basic</con:selectedAuthProfile>
          <con:addedBasicAuthenticationTypes>Basic</con:addedBasicAuthenticationTypes>
          <con:authType>Global HTTP Settings</con:authType>
        </con:credentials>
        <con:jmsConfig JMSDeliveryMode="PERSISTENT"/>
        <con:jmsPropertyConfig/>
        <con:wsaConfig mustUnderstand="NONE" version="200508" action="http://fidus.brussels/services/referencedir/subscribe"/>
        <con:wsrmConfig version="1.2"/>
      </con:call>
      <con:call name="5 - Prod - External - Request" outgoingWss="Outflow PROD" incomingWss="Inflow PROD" id="674d177e-f194-4130-9672-a98aacb3c5fd">
        <con:settings>
          <con:setting id="com.eviware.soapui.impl.wsdl.WsdlRequest@request-headers">&lt;xml-fragment/></con:setting>
        </con:settings>
        <con:encoding>UTF-8</con:encoding>
        <con:endpoint>https://fidus.sec.brussels/services/ReferenceDirService_v1.0</con:endpoint>
        <con:request><![CDATA[<soapenv:Envelope xmlns:soapenv="http://schemas.xmlsoap.org/soap/envelope/" 
xmlns:v1="http://fidus.brussels/service/referencedir/messages/v1" 
xmlns:v11="http://fidus.brussels/type/referencedir/requests/subscribe/v1" 
xmlns:v12="http://fidus.brussels/type/common/messages/v1" 
xmlns:v13="http://fidus.brussels/type/referencedir/requests/v1">
   <soapenv:Header/>
   <soapenv:Body>
      <v1:subscribeReferenceRequest>
         <v11:messageContext>
            <v12:messageId>${=import static java.util.UUID.randomUUID; uuid = randomUUID() as String}</v12:messageId>
            <v12:timestamp>${=new java.text.SimpleDateFormat("yyyy-MM-dd'T'HH:mm:ss.SSS").format(new Date())}</v12:timestamp>
         </v11:messageContext>
         <v11:legalContext>SocialTenantCandidate</v11:legalContext>
         <v11:subscriptionRequest>
            <v13:reference>
               <v13:personNumber>71011353588</v13:personNumber>
            </v13:reference>
            <!--Optional:-->
            <v13:endDate>${=new java.text.SimpleDateFormat("yyyy-MM-dd").format(new Date() + 1)}</v13:endDate>
         </v11:subscriptionRequest>
      </v1:subscribeReferenceRequest>
   </soapenv:Body>
</soapenv:Envelope>]]></con:request>
        <con:credentials>
          <con:selectedAuthProfile>Basic</con:selectedAuthProfile>
          <con:addedBasicAuthenticationTypes>Basic</con:addedBasicAuthenticationTypes>
          <con:authType>Global HTTP Settings</con:authType>
        </con:credentials>
        <con:jmsConfig JMSDeliveryMode="PERSISTENT"/>
        <con:jmsPropertyConfig/>
        <con:wsaConfig mustUnderstand="NONE" version="200508" action="http://fidus.brussels/services/referencedir/subscribeReference"/>
        <con:wsrmConfig version="1.2"/>
      </con:call>
      <con:call name="5 - Prod - LB - Request" outgoingWss="Outflow PROD" incomingWss="Inflow PROD" id="e68c9c91-a621-4466-a8a8-7794329df9fd">
        <con:settings>
          <con:setting id="com.eviware.soapui.impl.wsdl.WsdlRequest@request-headers">&lt;xml-fragment/></con:setting>
        </con:settings>
        <con:encoding>UTF-8</con:encoding>
        <con:endpoint>https://fidus-esb-sg.prd.srv.cirb.lan:8443/services/ReferenceDirService_v1.0</con:endpoint>
        <con:request><![CDATA[<soapenv:Envelope xmlns:soapenv="http://schemas.xmlsoap.org/soap/envelope/" 
xmlns:v1="http://fidus.brussels/service/referencedir/messages/v1" 
xmlns:v11="http://fidus.brussels/type/referencedir/requests/subscribe/v1" 
xmlns:v12="http://fidus.brussels/type/common/messages/v1" 
xmlns:v13="http://fidus.brussels/type/referencedir/requests/v1">
   <soapenv:Header/>
   <soapenv:Body>
      <v1:subscribeReferenceRequest>
         <v11:messageContext>
            <v12:messageId>${=import static java.util.UUID.randomUUID; uuid = randomUUID() as String}</v12:messageId>
            <v12:timestamp>${=new java.text.SimpleDateFormat("yyyy-MM-dd'T'HH:mm:ss.SSS").format(new Date())}</v12:timestamp>
         </v11:messageContext>
         <v11:legalContext>ServiceIntegrator</v11:legalContext>
         <v11:subscriptionRequest>
            <v13:reference>
               <v13:personNumber>89102413022</v13:personNumber>
            </v13:reference>
            <!--Optional:-->
            <v13:endDate>${=new java.text.SimpleDateFormat("yyyy-MM-dd").format(new Date() + 1)}</v13:endDate>
         </v11:subscriptionRequest>
      </v1:subscribeReferenceRequest>
   </soapenv:Body>
</soapenv:Envelope>]]></con:request>
        <con:credentials>
          <con:selectedAuthProfile>Basic</con:selectedAuthProfile>
          <con:addedBasicAuthenticationTypes>Basic</con:addedBasicAuthenticationTypes>
          <con:authType>Global HTTP Settings</con:authType>
        </con:credentials>
        <con:jmsConfig JMSDeliveryMode="PERSISTENT"/>
        <con:jmsPropertyConfig/>
        <con:wsaConfig mustUnderstand="NONE" version="200508" action="http://fidus.brussels/services/referencedir/subscribeReference"/>
        <con:wsrmConfig version="1.2"/>
      </con:call>
      <con:call name="5 - Prod - Worker1 - Request" incomingWss="Inflow PROD" outgoingWss="Outflow PROD" id="49a54d64-bec1-4acc-a4e9-f023494b1fb7">
        <con:settings>
          <con:setting id="com.eviware.soapui.impl.wsdl.WsdlRequest@request-headers">&lt;xml-fragment/></con:setting>
        </con:settings>
        <con:encoding>UTF-8</con:encoding>
        <con:endpoint>https://192.168.26.22:8443/services/ReferenceDirService_v1.0</con:endpoint>
        <con:request><![CDATA[<soapenv:Envelope xmlns:soapenv="http://schemas.xmlsoap.org/soap/envelope/" 
xmlns:v1="http://fidus.brussels/service/referencedir/messages/v1" 
xmlns:v11="http://fidus.brussels/type/referencedir/requests/subscribe/v1" 
xmlns:v12="http://fidus.brussels/type/common/messages/v1" 
xmlns:v13="http://fidus.brussels/type/referencedir/requests/v1">
   <soapenv:Header/>
   <soapenv:Body>
      <v1:subscribeReferenceRequest>
         <v11:messageContext>
            <v12:messageId>${=import static java.util.UUID.randomUUID; uuid = randomUUID() as String}</v12:messageId>
            <v12:timestamp>${=new java.text.SimpleDateFormat("yyyy-MM-dd'T'HH:mm:ss.SSS").format(new Date())}</v12:timestamp>
         </v11:messageContext>
         <v11:legalContext>ServiceIntegrator</v11:legalContext>
         <v11:subscriptionRequest>
            <v13:reference>
               <v13:personNumber>89102413022</v13:personNumber>
            </v13:reference>
            <!--Optional:-->
            <v13:endDate>${=new java.text.SimpleDateFormat("yyyy-MM-dd").format(new Date() + 1)}</v13:endDate>
         </v11:subscriptionRequest>
      </v1:subscribeReferenceRequest>
   </soapenv:Body>
</soapenv:Envelope>]]></con:request>
        <con:credentials>
          <con:selectedAuthProfile>Basic</con:selectedAuthProfile>
          <con:addedBasicAuthenticationTypes>Basic</con:addedBasicAuthenticationTypes>
          <con:authType>Global HTTP Settings</con:authType>
        </con:credentials>
        <con:jmsConfig JMSDeliveryMode="PERSISTENT"/>
        <con:jmsPropertyConfig/>
        <con:wsaConfig mustUnderstand="NONE" version="200508" action="http://fidus.brussels/services/referencedir/subscribeReference"/>
        <con:wsrmConfig version="1.2"/>
      </con:call>
      <con:call name="5 - Prod - Worker2 - Request" outgoingWss="Outflow PROD" incomingWss="Inflow PROD" id="466303cc-7d96-4899-b6c8-2656dc00c6e9">
        <con:settings>
          <con:setting id="com.eviware.soapui.impl.wsdl.WsdlRequest@request-headers">&lt;xml-fragment/></con:setting>
        </con:settings>
        <con:encoding>UTF-8</con:encoding>
        <con:endpoint>https://192.168.26.19:8443/services/ReferenceDirService_v1.0</con:endpoint>
        <con:request><![CDATA[<soapenv:Envelope xmlns:soapenv="http://schemas.xmlsoap.org/soap/envelope/" 
xmlns:v1="http://fidus.brussels/service/referencedir/messages/v1" 
xmlns:v11="http://fidus.brussels/type/referencedir/requests/subscribe/v1" 
xmlns:v12="http://fidus.brussels/type/common/messages/v1" 
xmlns:v13="http://fidus.brussels/type/referencedir/requests/v1">
   <soapenv:Header/>
   <soapenv:Body>
      <v1:subscribeReferenceRequest>
         <v11:messageContext>
            <v12:messageId>${=import static java.util.UUID.randomUUID; uuid = randomUUID() as String}</v12:messageId>
            <v12:timestamp>${=new java.text.SimpleDateFormat("yyyy-MM-dd'T'HH:mm:ss.SSS").format(new Date())}</v12:timestamp>
         </v11:messageContext>
         <v11:legalContext>ServiceIntegrator</v11:legalContext>
         <v11:subscriptionRequest>
            <v13:reference>
               <v13:personNumber>89102413022</v13:personNumber>
            </v13:reference>
            <!--Optional:-->
            <v13:endDate>${=new java.text.SimpleDateFormat("yyyy-MM-dd").format(new Date() + 1)}</v13:endDate>
         </v11:subscriptionRequest>
      </v1:subscribeReferenceRequest>
   </soapenv:Body>
</soapenv:Envelope>]]></con:request>
        <con:credentials>
          <con:selectedAuthProfile>Basic</con:selectedAuthProfile>
          <con:addedBasicAuthenticationTypes>Basic</con:addedBasicAuthenticationTypes>
          <con:authType>Global HTTP Settings</con:authType>
        </con:credentials>
        <con:jmsConfig JMSDeliveryMode="PERSISTENT"/>
        <con:jmsPropertyConfig/>
        <con:wsaConfig mustUnderstand="NONE" version="200508" action="http://fidus.brussels/services/referencedir/subscribeReference"/>
        <con:wsrmConfig version="1.2"/>
      </con:call>
    <con:call id="52521c24-4ffd-49f0-98e5-a12767fa7be4" name="2 - DevNew - Request" outgoingWss="Outflow DEV" incomingWss="Inflow DEV"><con:settings><con:setting id="com.eviware.soapui.impl.wsdl.WsdlRequest@request-headers">&lt;xml-fragment/></con:setting></con:settings><con:encoding>UTF-8</con:encoding><con:endpoint>https://192.168.36.205:8243/services/ReferenceDirService_v1.0</con:endpoint><con:request><![CDATA[<soapenv:Envelope xmlns:soapenv="http://schemas.xmlsoap.org/soap/envelope/" 
xmlns:v1="http://fidus.brussels/service/referencedir/messages/v1" 
xmlns:v11="http://fidus.brussels/type/referencedir/requests/subscribe/v1" 
xmlns:v12="http://fidus.brussels/type/common/messages/v1" 
xmlns:v13="http://fidus.brussels/type/referencedir/requests/v1">
   <soapenv:Header/>
   <soapenv:Body>
      <v1:subscribeReferenceRequest>
         <v11:messageContext>
            <v12:messageId>${=import static java.util.UUID.randomUUID; uuid = randomUUID() as String}</v12:messageId>
            <v12:timestamp>${=new java.text.SimpleDateFormat("yyyy-MM-dd'T'HH:mm:ss.SSS").format(new Date())}</v12:timestamp>
         </v11:messageContext>
         <v11:legalContext>ServiceIntegrator</v11:legalContext>
         <v11:subscriptionRequest>
            <v13:reference>
               <v13:personNumber>12003001507</v13:personNumber>
            </v13:reference>
            <!--Optional:-->
            <v13:endDate>${=new java.text.SimpleDateFormat("yyyy-MM-dd").format(new Date() + 1)}</v13:endDate>
         </v11:subscriptionRequest>
      </v1:subscribeReferenceRequest>
   </soapenv:Body>
</soapenv:Envelope>]]></con:request><con:credentials>
          <con:selectedAuthProfile>Basic</con:selectedAuthProfile>
          <con:addedBasicAuthenticationTypes>Basic</con:addedBasicAuthenticationTypes>
          <con:authType>Global HTTP Settings</con:authType>
        </con:credentials><con:jmsConfig JMSDeliveryMode="PERSISTENT"/><con:jmsPropertyConfig/><con:wsaConfig mustUnderstand="NONE" version="200508" action="http://fidus.brussels/services/referencedir/subscribeReference"/><con:wsrmConfig version="1.2"/></con:call><con:call id="bce2f8ff-5cc9-4714-88dc-5b9457af1030" name="3 - Test - Worker1New - Request" outgoingWss="Outflow TEST" incomingWss="Inflow TEST"><con:settings><con:setting id="com.eviware.soapui.impl.wsdl.WsdlRequest@request-headers">&lt;xml-fragment/></con:setting></con:settings><con:encoding>UTF-8</con:encoding><con:endpoint>https://192.168.22.73:8443/services/ReferenceDirService_v1.0</con:endpoint><con:request><![CDATA[<soapenv:Envelope xmlns:soapenv="http://schemas.xmlsoap.org/soap/envelope/" 
xmlns:v1="http://fidus.brussels/service/referencedir/messages/v1" 
xmlns:v11="http://fidus.brussels/type/referencedir/requests/subscribe/v1" 
xmlns:v12="http://fidus.brussels/type/common/messages/v1" 
xmlns:v13="http://fidus.brussels/type/referencedir/requests/v1">
   <soapenv:Header/>
   <soapenv:Body>
      <v1:subscribeReferenceRequest>
         <v11:messageContext>
            <v12:messageId>${=import static java.util.UUID.randomUUID; uuid = randomUUID() as String}</v12:messageId>
            <v12:timestamp>${=new java.text.SimpleDateFormat("yyyy-MM-dd'T'HH:mm:ss.SSS").format(new Date())}</v12:timestamp>
         </v11:messageContext>
         <v11:legalContext>ServiceIntegrator</v11:legalContext>
         <v11:subscriptionRequest>
            <v13:reference>
               <v13:personNumber>89102413022</v13:personNumber>
            </v13:reference>
            <!--Optional:-->
            <v13:endDate>${=new java.text.SimpleDateFormat("yyyy-MM-dd").format(new Date() + 1)}</v13:endDate>
         </v11:subscriptionRequest>
      </v1:subscribeReferenceRequest>
   </soapenv:Body>
</soapenv:Envelope>]]></con:request><con:credentials>
          <con:selectedAuthProfile>Basic</con:selectedAuthProfile>
          <con:addedBasicAuthenticationTypes>Basic</con:addedBasicAuthenticationTypes>
          <con:authType>Global HTTP Settings</con:authType>
        </con:credentials><con:jmsConfig JMSDeliveryMode="PERSISTENT"/><con:jmsPropertyConfig/><con:wsaConfig mustUnderstand="NONE" version="200508" action="http://fidus.brussels/services/referencedir/subscribeReference"/><con:wsrmConfig version="1.2"/></con:call><con:call id="5fd837ab-ad99-4bc8-a16d-a2d554a041c5" name="3 - Test - Worker2New - Request" outgoingWss="Outflow TEST" incomingWss="Inflow TEST"><con:settings><con:setting id="com.eviware.soapui.impl.wsdl.WsdlRequest@request-headers">&lt;xml-fragment/></con:setting></con:settings><con:encoding>UTF-8</con:encoding><con:endpoint>https://192.168.22.93:8443/services/ReferenceDirService_v1.0</con:endpoint><con:request><![CDATA[<soapenv:Envelope xmlns:soapenv="http://schemas.xmlsoap.org/soap/envelope/" 
xmlns:v1="http://fidus.brussels/service/referencedir/messages/v1" 
xmlns:v11="http://fidus.brussels/type/referencedir/requests/subscribe/v1" 
xmlns:v12="http://fidus.brussels/type/common/messages/v1" 
xmlns:v13="http://fidus.brussels/type/referencedir/requests/v1">
   <soapenv:Header/>
   <soapenv:Body>
      <v1:subscribeReferenceRequest>
         <v11:messageContext>
            <v12:messageId>${=import static java.util.UUID.randomUUID; uuid = randomUUID() as String}</v12:messageId>
            <v12:timestamp>${=new java.text.SimpleDateFormat("yyyy-MM-dd'T'HH:mm:ss.SSS").format(new Date())}</v12:timestamp>
         </v11:messageContext>
         <v11:legalContext>ServiceIntegrator</v11:legalContext>
         <v11:subscriptionRequest>
            <v13:reference>
               <v13:personNumber>89102413022</v13:personNumber>
            </v13:reference>
            <!--Optional:-->
            <v13:endDate>${=new java.text.SimpleDateFormat("yyyy-MM-dd").format(new Date() + 1)}</v13:endDate>
         </v11:subscriptionRequest>
      </v1:subscribeReferenceRequest>
   </soapenv:Body>
</soapenv:Envelope>]]></con:request><con:credentials>
          <con:selectedAuthProfile>Basic</con:selectedAuthProfile>
          <con:addedBasicAuthenticationTypes>Basic</con:addedBasicAuthenticationTypes>
          <con:authType>Global HTTP Settings</con:authType>
        </con:credentials><con:jmsConfig JMSDeliveryMode="PERSISTENT"/><con:jmsPropertyConfig/><con:wsaConfig mustUnderstand="NONE" version="200508" action="http://fidus.brussels/services/referencedir/subscribeReference"/><con:wsrmConfig version="1.2"/></con:call><con:call id="8680283a-3700-4baf-93a2-e6a3a960e14a" name="4 - Staging - Worker1New - Request"><con:settings><con:setting id="com.eviware.soapui.impl.wsdl.WsdlRequest@request-headers">&lt;xml-fragment/></con:setting></con:settings><con:encoding>UTF-8</con:encoding><con:endpoint>https://192.168.23.191:8443/services/ReferenceDirService_v1.0</con:endpoint><con:request><![CDATA[<soapenv:Envelope xmlns:soapenv="http://schemas.xmlsoap.org/soap/envelope/" 
xmlns:v1="http://fidus.brussels/service/referencedir/messages/v1" 
xmlns:v11="http://fidus.brussels/type/referencedir/requests/subscribe/v1" 
xmlns:v12="http://fidus.brussels/type/common/messages/v1" 
xmlns:v13="http://fidus.brussels/type/referencedir/requests/v1">
   <soapenv:Header/>
   <soapenv:Body>
      <v1:subscribeReferenceRequest>
         <v11:messageContext>
            <v12:messageId>${=import static java.util.UUID.randomUUID; uuid = randomUUID() as String}</v12:messageId>
            <v12:timestamp>${=new java.text.SimpleDateFormat("yyyy-MM-dd'T'HH:mm:ss.SSS").format(new Date())}</v12:timestamp>
         </v11:messageContext>
         <v11:legalContext>ServiceIntegrator</v11:legalContext>
         <v11:subscriptionRequest>
            <v13:reference>
               <v13:personNumber>85081509931</v13:personNumber>
            </v13:reference>
            <!--Optional:-->
            <v13:endDate>${=new java.text.SimpleDateFormat("yyyy-MM-dd").format(new Date() + 1)}</v13:endDate>
         </v11:subscriptionRequest>
      </v1:subscribeReferenceRequest>
   </soapenv:Body>
</soapenv:Envelope>]]></con:request><con:credentials>
          <con:selectedAuthProfile>Basic</con:selectedAuthProfile>
          <con:addedBasicAuthenticationTypes>Basic</con:addedBasicAuthenticationTypes>
          <con:authType>Global HTTP Settings</con:authType>
        </con:credentials><con:jmsConfig JMSDeliveryMode="PERSISTENT"/><con:jmsPropertyConfig/><con:wsaConfig mustUnderstand="NONE" version="200508" action="http://fidus.brussels/services/referencedir/subscribeReference"/><con:wsrmConfig version="1.2"/></con:call><con:call id="a4f626cc-4149-4d7a-9bee-ce45565f0172" name="4 - Staging - Worker2New - Request"><con:settings><con:setting id="com.eviware.soapui.impl.wsdl.WsdlRequest@request-headers">&lt;xml-fragment/></con:setting></con:settings><con:encoding>UTF-8</con:encoding><con:endpoint>https://192.168.23.198:8443/services/ReferenceDirService_v1.0</con:endpoint><con:request><![CDATA[<soapenv:Envelope xmlns:soapenv="http://schemas.xmlsoap.org/soap/envelope/" 
xmlns:v1="http://fidus.brussels/service/referencedir/messages/v1" 
xmlns:v11="http://fidus.brussels/type/referencedir/requests/subscribe/v1" 
xmlns:v12="http://fidus.brussels/type/common/messages/v1" 
xmlns:v13="http://fidus.brussels/type/referencedir/requests/v1">
   <soapenv:Header/>
   <soapenv:Body>
      <v1:subscribeReferenceRequest>
         <v11:messageContext>
            <v12:messageId>${=import static java.util.UUID.randomUUID; uuid = randomUUID() as String}</v12:messageId>
            <v12:timestamp>${=new java.text.SimpleDateFormat("yyyy-MM-dd'T'HH:mm:ss.SSS").format(new Date())}</v12:timestamp>
         </v11:messageContext>
         <v11:legalContext>ServiceIntegrator</v11:legalContext>
         <v11:subscriptionRequest>
            <v13:reference>
               <v13:personNumber>85081509931</v13:personNumber>
            </v13:reference>
            <!--Optional:-->
            <v13:endDate>${=new java.text.SimpleDateFormat("yyyy-MM-dd").format(new Date() + 1)}</v13:endDate>
         </v11:subscriptionRequest>
      </v1:subscribeReferenceRequest>
   </soapenv:Body>
</soapenv:Envelope>]]></con:request><con:credentials>
          <con:selectedAuthProfile>Basic</con:selectedAuthProfile>
          <con:addedBasicAuthenticationTypes>Basic</con:addedBasicAuthenticationTypes>
          <con:authType>Global HTTP Settings</con:authType>
        </con:credentials><con:jmsConfig JMSDeliveryMode="PERSISTENT"/><con:jmsPropertyConfig/><con:wsaConfig mustUnderstand="NONE" version="200508" action="http://fidus.brussels/services/referencedir/subscribeReference"/><con:wsrmConfig version="1.2"/></con:call></con:operation>
    <con:operation isOneWay="false" action="http://fidus.brussels/services/referencedir/unsubscribeReference" name="unsubscribeReference" bindingOperationName="unsubscribeReference" type="Request-Response" inputName="" receivesAttachments="false" sendsAttachments="false" anonymous="optional" id="a51d4d13-ee2a-4d6e-87c7-5d91e1d46e0a">
      <con:settings/>
      <con:call name="1 - Local - Request" outgoingWss="Outflow DEV" incomingWss="Inflow DEV" id="e86e7bc0-c69f-4462-abba-cea15385ca21">
        <con:settings>
          <con:setting id="com.eviware.soapui.impl.wsdl.WsdlRequest@request-headers">&lt;xml-fragment/></con:setting>
        </con:settings>
        <con:encoding>UTF-8</con:encoding>
        <con:endpoint>http://localhost.localdomain:8243/services/ReferenceDirService_v1.0</con:endpoint>
        <con:request><![CDATA[<soapenv:Envelope xmlns:soapenv="http://schemas.xmlsoap.org/soap/envelope/" xmlns:v1="http://fidus.brussels/service/referencedir/messages/v1" xmlns:v11="http://fidus.brussels/type/referencedir/requests/unsubscribe/v1" xmlns:v12="http://fidus.brussels/type/common/messages/v1" xmlns:v13="http://fidus.brussels/type/referencedir/requests/v1">
   <soapenv:Header/>
   <soapenv:Body>
      <v1:unsubscribeReferenceRequest>
         <v11:messageContext>
            <v12:messageId>${=import static java.util.UUID.randomUUID; uuid = randomUUID() as String}</v12:messageId>
            <v12:timestamp>${=new java.text.SimpleDateFormat("yyyy-MM-dd'T'HH:mm:ss.SSS").format(new Date())}</v12:timestamp>
         </v11:messageContext>
         <v11:legalContext>ServiceIntegrator</v11:legalContext>
         <v11:unsubscriptionRequest>
            <v13:reference>
               <v13:personNumber>89102413022</v13:personNumber>
            </v13:reference>
         </v11:unsubscriptionRequest>
      </v1:unsubscribeReferenceRequest>
   </soapenv:Body>
</soapenv:Envelope>]]></con:request>
        <con:credentials>
          <con:selectedAuthProfile>Basic</con:selectedAuthProfile><con:addedBasicAuthenticationTypes>Basic</con:addedBasicAuthenticationTypes><con:authType>Global HTTP Settings</con:authType>
        </con:credentials>
        <con:jmsConfig JMSDeliveryMode="PERSISTENT"/>
        <con:jmsPropertyConfig/>
        <con:wsaConfig mustUnderstand="NONE" version="200508" action="http://fidus.brussels/services/referencedir/unsubscribe"/>
        <con:wsrmConfig version="1.2"/>
      </con:call>
      <con:call name="2 - Dev - Request" outgoingWss="Outflow DEV" incomingWss="Inflow DEV" id="b8474674-dc27-4c0e-8f9f-548611ae23a2">
        <con:settings>
          <con:setting id="com.eviware.soapui.impl.wsdl.WsdlRequest@request-headers">&lt;xml-fragment/></con:setting>
        </con:settings>
        <con:encoding>UTF-8</con:encoding>
        <con:endpoint>https://192.168.36.61:8243/services/ReferenceDirService_v1.0</con:endpoint>
        <con:request><![CDATA[<soapenv:Envelope xmlns:soapenv="http://schemas.xmlsoap.org/soap/envelope/" xmlns:v1="http://fidus.brussels/service/referencedir/messages/v1" xmlns:v11="http://fidus.brussels/type/referencedir/requests/unsubscribe/v1" xmlns:v12="http://fidus.brussels/type/common/messages/v1" xmlns:v13="http://fidus.brussels/type/referencedir/requests/v1">
   <soapenv:Header/>
   <soapenv:Body>
      <v1:unsubscribeReferenceRequest>
         <v11:messageContext>
            <v12:messageId>${=import static java.util.UUID.randomUUID; uuid = randomUUID() as String}</v12:messageId>
            <v12:timestamp>${=new java.text.SimpleDateFormat("yyyy-MM-dd'T'HH:mm:ss.SSS").format(new Date())}</v12:timestamp>
         </v11:messageContext>
         <v11:legalContext>ServiceIntegrator</v11:legalContext>
         <v11:unsubscriptionRequest>
            <v13:reference>
               <v13:personNumber>89102413022</v13:personNumber>
            </v13:reference>
         </v11:unsubscriptionRequest>
      </v1:unsubscribeReferenceRequest>
   </soapenv:Body>
</soapenv:Envelope>]]></con:request>
        <con:credentials>
          <con:selectedAuthProfile>Basic</con:selectedAuthProfile><con:addedBasicAuthenticationTypes>Basic</con:addedBasicAuthenticationTypes><con:authType>Global HTTP Settings</con:authType>
        </con:credentials>
        <con:jmsConfig JMSDeliveryMode="PERSISTENT"/>
        <con:jmsPropertyConfig/>
        <con:wsaConfig mustUnderstand="NONE" version="200508" action="http://fidus.brussels/services/referencedir/unsubscribe"/>
        <con:wsrmConfig version="1.2"/>
      </con:call>
      <con:call name="3 - Test - External - Request" outgoingWss="Outflow TEST" incomingWss="Inflow TEST" id="767dd2a0-0941-48bb-aec1-91d370c20aef">
        <con:settings>
          <con:setting id="com.eviware.soapui.impl.wsdl.WsdlRequest@request-headers">&lt;xml-fragment/></con:setting>
        </con:settings>
        <con:encoding>UTF-8</con:encoding>
        <con:endpoint>https://fidus-test.irisnetlab.be/services/ReferenceDirService_v1.0</con:endpoint>
        <con:request><![CDATA[<soapenv:Envelope xmlns:soapenv="http://schemas.xmlsoap.org/soap/envelope/" xmlns:v1="http://fidus.brussels/service/referencedir/messages/v1" xmlns:v11="http://fidus.brussels/type/referencedir/requests/unsubscribe/v1" xmlns:v12="http://fidus.brussels/type/common/messages/v1" xmlns:v13="http://fidus.brussels/type/referencedir/requests/v1">
   <soapenv:Header/>
   <soapenv:Body>
      <v1:unsubscribeReferenceRequest>
         <v11:messageContext>
            <v12:messageId>${=import static java.util.UUID.randomUUID; uuid = randomUUID() as String}</v12:messageId>
            <v12:timestamp>${=new java.text.SimpleDateFormat("yyyy-MM-dd'T'HH:mm:ss.SSS").format(new Date())}</v12:timestamp>
         </v11:messageContext>
         <v11:legalContext>ServiceIntegrator</v11:legalContext>
         <v11:unsubscriptionRequest>
            <v13:reference>
               <v13:personNumber>89102413022</v13:personNumber>
            </v13:reference>
         </v11:unsubscriptionRequest>
      </v1:unsubscribeReferenceRequest>
   </soapenv:Body>
</soapenv:Envelope>]]></con:request>
        <con:credentials>
          <con:selectedAuthProfile>Basic</con:selectedAuthProfile><con:addedBasicAuthenticationTypes>Basic</con:addedBasicAuthenticationTypes><con:authType>Global HTTP Settings</con:authType>
        </con:credentials>
        <con:jmsConfig JMSDeliveryMode="PERSISTENT"/>
        <con:jmsPropertyConfig/>
        <con:wsaConfig mustUnderstand="NONE" version="200508" action="http://fidus.brussels/services/referencedir/unsubscribe"/>
        <con:wsrmConfig version="1.2"/>
      </con:call>
      <con:call name="3 - Test - LB - Request" outgoingWss="Outflow TEST" incomingWss="Inflow TEST" id="537ce3e6-80bd-4c31-bbf7-1187707f47c5">
        <con:settings>
          <con:setting id="com.eviware.soapui.impl.wsdl.WsdlRequest@request-headers">&lt;xml-fragment/></con:setting>
        </con:settings>
        <con:encoding>UTF-8</con:encoding>
        <con:endpoint>https://esb-security-gw.sta.srv.cirb.lan:8443/services/ReferenceDirService_v1.0</con:endpoint>
        <con:request><![CDATA[<soapenv:Envelope xmlns:soapenv="http://schemas.xmlsoap.org/soap/envelope/" xmlns:v1="http://fidus.brussels/service/referencedir/messages/v1" xmlns:v11="http://fidus.brussels/type/referencedir/requests/unsubscribe/v1" xmlns:v12="http://fidus.brussels/type/common/messages/v1" xmlns:v13="http://fidus.brussels/type/referencedir/requests/v1">
   <soapenv:Header/>
   <soapenv:Body>
      <v1:unsubscribeReferenceRequest>
         <v11:messageContext>
            <v12:messageId>${=import static java.util.UUID.randomUUID; uuid = randomUUID() as String}</v12:messageId>
            <v12:timestamp>${=new java.text.SimpleDateFormat("yyyy-MM-dd'T'HH:mm:ss.SSS").format(new Date())}</v12:timestamp>
         </v11:messageContext>
         <v11:legalContext>ServiceIntegrator</v11:legalContext>
         <v11:unsubscriptionRequest>
            <v13:reference>
               <v13:personNumber>89102413022</v13:personNumber>
            </v13:reference>
         </v11:unsubscriptionRequest>
      </v1:unsubscribeReferenceRequest>
   </soapenv:Body>
</soapenv:Envelope>]]></con:request>
        <con:credentials>
          <con:selectedAuthProfile>Basic</con:selectedAuthProfile><con:addedBasicAuthenticationTypes>Basic</con:addedBasicAuthenticationTypes><con:authType>Global HTTP Settings</con:authType>
        </con:credentials>
        <con:jmsConfig JMSDeliveryMode="PERSISTENT"/>
        <con:jmsPropertyConfig/>
        <con:wsaConfig mustUnderstand="NONE" version="200508" action="http://fidus.brussels/services/referencedir/unsubscribe"/>
        <con:wsrmConfig version="1.2"/>
      </con:call>
      <con:call name="3 - Test - Worker1 - Request" outgoingWss="Outflow TEST" incomingWss="Inflow TEST" id="99d1994f-493b-4f09-89d6-cc3bcd3f6542">
        <con:settings>
          <con:setting id="com.eviware.soapui.impl.wsdl.WsdlRequest@request-headers">&lt;xml-fragment/></con:setting>
        </con:settings>
        <con:encoding>UTF-8</con:encoding>
        <con:endpoint>https://192.168.22.53:8443/services/ReferenceDirService_v1.0</con:endpoint>
        <con:request><![CDATA[<soapenv:Envelope xmlns:soapenv="http://schemas.xmlsoap.org/soap/envelope/" xmlns:v1="http://fidus.brussels/service/referencedir/messages/v1" xmlns:v11="http://fidus.brussels/type/referencedir/requests/unsubscribe/v1" xmlns:v12="http://fidus.brussels/type/common/messages/v1" xmlns:v13="http://fidus.brussels/type/referencedir/requests/v1">
   <soapenv:Header/>
   <soapenv:Body>
      <v1:unsubscribeReferenceRequest>
         <v11:messageContext>
            <v12:messageId>${=import static java.util.UUID.randomUUID; uuid = randomUUID() as String}</v12:messageId>
            <v12:timestamp>${=new java.text.SimpleDateFormat("yyyy-MM-dd'T'HH:mm:ss.SSS").format(new Date())}</v12:timestamp>
         </v11:messageContext>
         <v11:legalContext>ServiceIntegrator</v11:legalContext>
         <v11:unsubscriptionRequest>
            <v13:reference>
               <v13:personNumber>89102413022</v13:personNumber>
            </v13:reference>
         </v11:unsubscriptionRequest>
      </v1:unsubscribeReferenceRequest>
   </soapenv:Body>
</soapenv:Envelope>]]></con:request>
        <con:credentials>
          <con:selectedAuthProfile>Basic</con:selectedAuthProfile><con:addedBasicAuthenticationTypes>Basic</con:addedBasicAuthenticationTypes><con:authType>Global HTTP Settings</con:authType>
        </con:credentials>
        <con:jmsConfig JMSDeliveryMode="PERSISTENT"/>
        <con:jmsPropertyConfig/>
        <con:wsaConfig mustUnderstand="NONE" version="200508" action="http://fidus.brussels/services/referencedir/unsubscribe"/>
        <con:wsrmConfig version="1.2"/>
      </con:call>
      <con:call name="3 - Test - Worker2 - Request" outgoingWss="Outflow TEST" incomingWss="Inflow TEST" id="abe5f53a-ef78-4316-859b-9a7f4f5af295">
        <con:settings>
          <con:setting id="com.eviware.soapui.impl.wsdl.WsdlRequest@request-headers">&lt;xml-fragment/></con:setting>
        </con:settings>
        <con:encoding>UTF-8</con:encoding>
        <con:endpoint>https://192.168.22.54:8443/services/ReferenceDirService_v1.0</con:endpoint>
        <con:request><![CDATA[<soapenv:Envelope xmlns:soapenv="http://schemas.xmlsoap.org/soap/envelope/" xmlns:v1="http://fidus.brussels/service/referencedir/messages/v1" xmlns:v11="http://fidus.brussels/type/referencedir/requests/unsubscribe/v1" xmlns:v12="http://fidus.brussels/type/common/messages/v1" xmlns:v13="http://fidus.brussels/type/referencedir/requests/v1">
   <soapenv:Header/>
   <soapenv:Body>
      <v1:unsubscribeReferenceRequest>
         <v11:messageContext>
            <v12:messageId>${=import static java.util.UUID.randomUUID; uuid = randomUUID() as String}</v12:messageId>
            <v12:timestamp>${=new java.text.SimpleDateFormat("yyyy-MM-dd'T'HH:mm:ss.SSS").format(new Date())}</v12:timestamp>
         </v11:messageContext>
         <v11:legalContext>ServiceIntegrator</v11:legalContext>
         <v11:unsubscriptionRequest>
            <v13:reference>
               <v13:personNumber>89102413022</v13:personNumber>
            </v13:reference>
         </v11:unsubscriptionRequest>
      </v1:unsubscribeReferenceRequest>
   </soapenv:Body>
</soapenv:Envelope>]]></con:request>
        <con:credentials>
          <con:selectedAuthProfile>Basic</con:selectedAuthProfile><con:addedBasicAuthenticationTypes>Basic</con:addedBasicAuthenticationTypes><con:authType>Global HTTP Settings</con:authType>
        </con:credentials>
        <con:jmsConfig JMSDeliveryMode="PERSISTENT"/>
        <con:jmsPropertyConfig/>
        <con:wsaConfig mustUnderstand="NONE" version="200508" action="http://fidus.brussels/services/referencedir/unsubscribe"/>
        <con:wsrmConfig version="1.2"/>
      </con:call>
      <con:call name="4 - Staging - External - Request" outgoingWss="Outflow STAG" incomingWss="Inflow STAG" id="1bb9c64a-59f8-4d6e-97f5-d300bcd1f4d3">
        <con:settings>
          <con:setting id="com.eviware.soapui.impl.wsdl.WsdlRequest@request-headers">&lt;xml-fragment/></con:setting>
        </con:settings>
        <con:encoding>UTF-8</con:encoding>
        <con:endpoint>https://fidus.irisnetlab.be/services/ReferenceDirService_v1.0</con:endpoint>
        <con:request><![CDATA[<soapenv:Envelope xmlns:soapenv="http://schemas.xmlsoap.org/soap/envelope/" xmlns:v1="http://fidus.brussels/service/referencedir/messages/v1" xmlns:v11="http://fidus.brussels/type/referencedir/requests/unsubscribe/v1" xmlns:v12="http://fidus.brussels/type/common/messages/v1" xmlns:v13="http://fidus.brussels/type/referencedir/requests/v1">
   <soapenv:Header/>
   <soapenv:Body>
      <v1:unsubscribeReferenceRequest>
         <v11:messageContext>
            <v12:messageId>${=import static java.util.UUID.randomUUID; uuid = randomUUID() as String}</v12:messageId>
            <v12:timestamp>${=new java.text.SimpleDateFormat("yyyy-MM-dd'T'HH:mm:ss.SSS").format(new Date())}</v12:timestamp>
         </v11:messageContext>
         <v11:legalContext>ServiceIntegrator</v11:legalContext>
         <v11:unsubscriptionRequest>
            <v13:reference>
               <v13:personNumber>89102413022</v13:personNumber>
            </v13:reference>
         </v11:unsubscriptionRequest>
      </v1:unsubscribeReferenceRequest>
   </soapenv:Body>
</soapenv:Envelope>]]></con:request>
        <con:credentials>
          <con:selectedAuthProfile>Basic</con:selectedAuthProfile><con:addedBasicAuthenticationTypes>Basic</con:addedBasicAuthenticationTypes><con:authType>Global HTTP Settings</con:authType>
        </con:credentials>
        <con:jmsConfig JMSDeliveryMode="PERSISTENT"/>
        <con:jmsPropertyConfig/>
        <con:wsaConfig mustUnderstand="NONE" version="200508" action="http://fidus.brussels/services/referencedir/unsubscribe"/>
        <con:wsrmConfig version="1.2"/>
      </con:call>
      <con:call name="4 - Staging - LB - Request" outgoingWss="Outflow STAG" incomingWss="Inflow STAG" id="2fe0c0c9-9f41-4d83-a78e-d2e420f6b62a">
        <con:settings>
          <con:setting id="com.eviware.soapui.impl.wsdl.WsdlRequest@request-headers">&lt;xml-fragment/></con:setting>
        </con:settings>
        <con:encoding>UTF-8</con:encoding>
        <con:endpoint>https://fidus-esb-sg.sta.srv.cirb.lan:8443/services/ReferenceDirService_v1.0</con:endpoint>
        <con:request><![CDATA[<soapenv:Envelope xmlns:soapenv="http://schemas.xmlsoap.org/soap/envelope/" xmlns:v1="http://fidus.brussels/service/referencedir/messages/v1" xmlns:v11="http://fidus.brussels/type/referencedir/requests/unsubscribe/v1" xmlns:v12="http://fidus.brussels/type/common/messages/v1" xmlns:v13="http://fidus.brussels/type/referencedir/requests/v1">
   <soapenv:Header/>
   <soapenv:Body>
      <v1:unsubscribeReferenceRequest>
         <v11:messageContext>
            <v12:messageId>${=import static java.util.UUID.randomUUID; uuid = randomUUID() as String}</v12:messageId>
            <v12:timestamp>${=new java.text.SimpleDateFormat("yyyy-MM-dd'T'HH:mm:ss.SSS").format(new Date())}</v12:timestamp>
         </v11:messageContext>
         <v11:legalContext>ServiceIntegrator</v11:legalContext>
         <v11:unsubscriptionRequest>
            <v13:reference>
               <v13:personNumber>89102413022</v13:personNumber>
            </v13:reference>
         </v11:unsubscriptionRequest>
      </v1:unsubscribeReferenceRequest>
   </soapenv:Body>
</soapenv:Envelope>]]></con:request>
        <con:credentials>
          <con:selectedAuthProfile>Basic</con:selectedAuthProfile><con:addedBasicAuthenticationTypes>Basic</con:addedBasicAuthenticationTypes><con:authType>Global HTTP Settings</con:authType>
        </con:credentials>
        <con:jmsConfig JMSDeliveryMode="PERSISTENT"/>
        <con:jmsPropertyConfig/>
        <con:wsaConfig mustUnderstand="NONE" version="200508" action="http://fidus.brussels/services/referencedir/unsubscribe"/>
        <con:wsrmConfig version="1.2"/>
      </con:call>
      <con:call name="4 - Staging - Worker1 - Request" outgoingWss="Outflow STAG" incomingWss="Inflow STAG" id="ba3d257a-444a-4f25-855b-fd9737170ed7">
        <con:settings>
          <con:setting id="com.eviware.soapui.impl.wsdl.WsdlRequest@request-headers">&lt;xml-fragment/></con:setting>
        </con:settings>
        <con:encoding>UTF-8</con:encoding>
        <con:endpoint>https://192.168.24.16:8443/services/ReferenceDirService_v1.0</con:endpoint>
        <con:request><![CDATA[<soapenv:Envelope xmlns:soapenv="http://schemas.xmlsoap.org/soap/envelope/" xmlns:v1="http://fidus.brussels/service/referencedir/messages/v1" xmlns:v11="http://fidus.brussels/type/referencedir/requests/unsubscribe/v1" xmlns:v12="http://fidus.brussels/type/common/messages/v1" xmlns:v13="http://fidus.brussels/type/referencedir/requests/v1">
   <soapenv:Header/>
   <soapenv:Body>
      <v1:unsubscribeReferenceRequest>
         <v11:messageContext>
            <v12:messageId>${=import static java.util.UUID.randomUUID; uuid = randomUUID() as String}</v12:messageId>
            <v12:timestamp>${=new java.text.SimpleDateFormat("yyyy-MM-dd'T'HH:mm:ss.SSS").format(new Date())}</v12:timestamp>
         </v11:messageContext>
         <v11:legalContext>ServiceIntegrator</v11:legalContext>
         <v11:unsubscriptionRequest>
            <v13:reference>
               <v13:personNumber>89102413022</v13:personNumber>
            </v13:reference>
         </v11:unsubscriptionRequest>
      </v1:unsubscribeReferenceRequest>
   </soapenv:Body>
</soapenv:Envelope>]]></con:request>
        <con:credentials>
          <con:selectedAuthProfile>Basic</con:selectedAuthProfile><con:addedBasicAuthenticationTypes>Basic</con:addedBasicAuthenticationTypes><con:authType>Global HTTP Settings</con:authType>
        </con:credentials>
        <con:jmsConfig JMSDeliveryMode="PERSISTENT"/>
        <con:jmsPropertyConfig/>
        <con:wsaConfig mustUnderstand="NONE" version="200508" action="http://fidus.brussels/services/referencedir/unsubscribe"/>
        <con:wsrmConfig version="1.2"/>
      </con:call>
      <con:call name="4 - Staging - Worker2 - Request" outgoingWss="Outflow STAG" incomingWss="Inflow STAG" id="c2d30537-25cc-4c32-8372-af9a42efdbca">
        <con:settings>
          <con:setting id="com.eviware.soapui.impl.wsdl.WsdlRequest@request-headers">&lt;xml-fragment/></con:setting>
        </con:settings>
        <con:encoding>UTF-8</con:encoding>
        <con:endpoint>https://192.168.24.17:8443/services/ReferenceDirService_v1.0</con:endpoint>
        <con:request><![CDATA[<soapenv:Envelope xmlns:soapenv="http://schemas.xmlsoap.org/soap/envelope/" xmlns:v1="http://fidus.brussels/service/referencedir/messages/v1" xmlns:v11="http://fidus.brussels/type/referencedir/requests/unsubscribe/v1" xmlns:v12="http://fidus.brussels/type/common/messages/v1" xmlns:v13="http://fidus.brussels/type/referencedir/requests/v1">
   <soapenv:Header/>
   <soapenv:Body>
      <v1:unsubscribeReferenceRequest>
         <v11:messageContext>
            <v12:messageId>${=import static java.util.UUID.randomUUID; uuid = randomUUID() as String}</v12:messageId>
            <v12:timestamp>${=new java.text.SimpleDateFormat("yyyy-MM-dd'T'HH:mm:ss.SSS").format(new Date())}</v12:timestamp>
         </v11:messageContext>
         <v11:legalContext>ServiceIntegrator</v11:legalContext>
         <v11:unsubscriptionRequest>
            <v13:reference>
               <v13:personNumber>89102413022</v13:personNumber>
            </v13:reference>
         </v11:unsubscriptionRequest>
      </v1:unsubscribeReferenceRequest>
   </soapenv:Body>
</soapenv:Envelope>]]></con:request>
        <con:credentials>
          <con:selectedAuthProfile>Basic</con:selectedAuthProfile><con:addedBasicAuthenticationTypes>Basic</con:addedBasicAuthenticationTypes><con:authType>Global HTTP Settings</con:authType>
        </con:credentials>
        <con:jmsConfig JMSDeliveryMode="PERSISTENT"/>
        <con:jmsPropertyConfig/>
        <con:wsaConfig mustUnderstand="NONE" version="200508" action="http://fidus.brussels/services/referencedir/unsubscribe"/>
        <con:wsrmConfig version="1.2"/>
      </con:call>
    <con:call id="3e7dd300-7f85-43da-88fb-f69c823c1254" name="2 - DevNew - Request" outgoingWss="Outflow DEV" incomingWss="Inflow DEV"><con:settings><con:setting id="com.eviware.soapui.impl.wsdl.WsdlRequest@request-headers">&lt;xml-fragment/></con:setting></con:settings><con:encoding>UTF-8</con:encoding><con:endpoint>https://192.168.36.205:8243/services/ReferenceDirService_v1.0</con:endpoint><con:request><![CDATA[<soapenv:Envelope xmlns:soapenv="http://schemas.xmlsoap.org/soap/envelope/" xmlns:v1="http://fidus.brussels/service/referencedir/messages/v1" xmlns:v11="http://fidus.brussels/type/referencedir/requests/unsubscribe/v1" xmlns:v12="http://fidus.brussels/type/common/messages/v1" xmlns:v13="http://fidus.brussels/type/referencedir/requests/v1">
   <soapenv:Header/>
   <soapenv:Body>
      <v1:unsubscribeReferenceRequest>
         <v11:messageContext>
            <v12:messageId>${=import static java.util.UUID.randomUUID; uuid = randomUUID() as String}</v12:messageId>
            <v12:timestamp>${=new java.text.SimpleDateFormat("yyyy-MM-dd'T'HH:mm:ss.SSS").format(new Date())}</v12:timestamp>
         </v11:messageContext>
         <v11:legalContext>ServiceIntegrator</v11:legalContext>
         <v11:unsubscriptionRequest>
            <v13:reference>
               <v13:personNumber>12003001507</v13:personNumber>
            </v13:reference>
         </v11:unsubscriptionRequest>
      </v1:unsubscribeReferenceRequest>
   </soapenv:Body>
</soapenv:Envelope>]]></con:request><con:credentials>
          <con:selectedAuthProfile>Basic</con:selectedAuthProfile><con:addedBasicAuthenticationTypes>Basic</con:addedBasicAuthenticationTypes><con:authType>Global HTTP Settings</con:authType>
        </con:credentials><con:jmsConfig JMSDeliveryMode="PERSISTENT"/><con:jmsPropertyConfig/><con:wsaConfig mustUnderstand="NONE" version="200508" action="http://fidus.brussels/services/referencedir/unsubscribeReference"/><con:wsrmConfig version="1.2"/></con:call><con:call id="171c8af1-4fc4-4985-a30d-3d20aca65976" name="3 - Test - Worker1New - Request"><con:settings><con:setting id="com.eviware.soapui.impl.wsdl.WsdlRequest@request-headers">&lt;xml-fragment/></con:setting></con:settings><con:encoding>UTF-8</con:encoding><con:endpoint>https://192.168.22.73:8443/services/ReferenceDirService_v1.0</con:endpoint><con:request><![CDATA[<soapenv:Envelope xmlns:soapenv="http://schemas.xmlsoap.org/soap/envelope/" xmlns:v1="http://fidus.brussels/service/referencedir/messages/v1" xmlns:v11="http://fidus.brussels/type/referencedir/requests/unsubscribe/v1" xmlns:v12="http://fidus.brussels/type/common/messages/v1" xmlns:v13="http://fidus.brussels/type/referencedir/requests/v1">
   <soapenv:Header/>
   <soapenv:Body>
      <v1:unsubscribeReferenceRequest>
         <v11:messageContext>
            <v12:messageId>${=import static java.util.UUID.randomUUID; uuid = randomUUID() as String}</v12:messageId>
            <v12:timestamp>${=new java.text.SimpleDateFormat("yyyy-MM-dd'T'HH:mm:ss.SSS").format(new Date())}</v12:timestamp>
         </v11:messageContext>
         <v11:legalContext>ServiceIntegrator</v11:legalContext>
         <v11:unsubscriptionRequest>
            <v13:reference>
               <v13:personNumber>89102413022</v13:personNumber>
            </v13:reference>
         </v11:unsubscriptionRequest>
      </v1:unsubscribeReferenceRequest>
   </soapenv:Body>
</soapenv:Envelope>]]></con:request><con:credentials>
          <con:selectedAuthProfile>Basic</con:selectedAuthProfile><con:addedBasicAuthenticationTypes>Basic</con:addedBasicAuthenticationTypes><con:authType>Global HTTP Settings</con:authType>
        </con:credentials><con:jmsConfig JMSDeliveryMode="PERSISTENT"/><con:jmsPropertyConfig/><con:wsaConfig mustUnderstand="NONE" version="200508" action="http://fidus.brussels/services/referencedir/unsubscribeReference"/><con:wsrmConfig version="1.2"/></con:call><con:call id="2cd2add0-38e9-4006-8738-86685aabf9f5" name="3 - Test - Worker2New - Request"><con:settings><con:setting id="com.eviware.soapui.impl.wsdl.WsdlRequest@request-headers">&lt;xml-fragment/></con:setting></con:settings><con:encoding>UTF-8</con:encoding><con:endpoint>https://192.168.22.93:8443/services/ReferenceDirService_v1.0</con:endpoint><con:request><![CDATA[<soapenv:Envelope xmlns:soapenv="http://schemas.xmlsoap.org/soap/envelope/" xmlns:v1="http://fidus.brussels/service/referencedir/messages/v1" xmlns:v11="http://fidus.brussels/type/referencedir/requests/unsubscribe/v1" xmlns:v12="http://fidus.brussels/type/common/messages/v1" xmlns:v13="http://fidus.brussels/type/referencedir/requests/v1">
   <soapenv:Header/>
   <soapenv:Body>
      <v1:unsubscribeReferenceRequest>
         <v11:messageContext>
            <v12:messageId>${=import static java.util.UUID.randomUUID; uuid = randomUUID() as String}</v12:messageId>
            <v12:timestamp>${=new java.text.SimpleDateFormat("yyyy-MM-dd'T'HH:mm:ss.SSS").format(new Date())}</v12:timestamp>
         </v11:messageContext>
         <v11:legalContext>ServiceIntegrator</v11:legalContext>
         <v11:unsubscriptionRequest>
            <v13:reference>
               <v13:personNumber>89102413022</v13:personNumber>
            </v13:reference>
         </v11:unsubscriptionRequest>
      </v1:unsubscribeReferenceRequest>
   </soapenv:Body>
</soapenv:Envelope>]]></con:request><con:credentials>
          <con:selectedAuthProfile>Basic</con:selectedAuthProfile><con:addedBasicAuthenticationTypes>Basic</con:addedBasicAuthenticationTypes><con:authType>Global HTTP Settings</con:authType>
        </con:credentials><con:jmsConfig JMSDeliveryMode="PERSISTENT"/><con:jmsPropertyConfig/><con:wsaConfig mustUnderstand="NONE" version="200508" action="http://fidus.brussels/services/referencedir/unsubscribeReference"/><con:wsrmConfig version="1.2"/></con:call><con:call id="28a9618b-cbbe-4495-9887-1d3d1e958568" name="4 - Staging - Worker1New - Request"><con:settings><con:setting id="com.eviware.soapui.impl.wsdl.WsdlRequest@request-headers">&lt;xml-fragment/></con:setting></con:settings><con:encoding>UTF-8</con:encoding><con:endpoint>https://192.168.23.191:8443/services/ReferenceDirService_v1.0</con:endpoint><con:request><![CDATA[<soapenv:Envelope xmlns:soapenv="http://schemas.xmlsoap.org/soap/envelope/" xmlns:v1="http://fidus.brussels/service/referencedir/messages/v1" xmlns:v11="http://fidus.brussels/type/referencedir/requests/unsubscribe/v1" xmlns:v12="http://fidus.brussels/type/common/messages/v1" xmlns:v13="http://fidus.brussels/type/referencedir/requests/v1">
   <soapenv:Header/>
   <soapenv:Body>
      <v1:unsubscribeReferenceRequest>
         <v11:messageContext>
            <v12:messageId>${=import static java.util.UUID.randomUUID; uuid = randomUUID() as String}</v12:messageId>
            <v12:timestamp>${=new java.text.SimpleDateFormat("yyyy-MM-dd'T'HH:mm:ss.SSS").format(new Date())}</v12:timestamp>
         </v11:messageContext>
         <v11:legalContext>ServiceIntegrator</v11:legalContext>
         <v11:unsubscriptionRequest>
            <v13:reference>
               <v13:personNumber>89102413022</v13:personNumber>
            </v13:reference>
         </v11:unsubscriptionRequest>
      </v1:unsubscribeReferenceRequest>
   </soapenv:Body>
</soapenv:Envelope>]]></con:request><con:credentials>
          <con:selectedAuthProfile>Basic</con:selectedAuthProfile><con:addedBasicAuthenticationTypes>Basic</con:addedBasicAuthenticationTypes><con:authType>Global HTTP Settings</con:authType>
        </con:credentials><con:jmsConfig JMSDeliveryMode="PERSISTENT"/><con:jmsPropertyConfig/><con:wsaConfig mustUnderstand="NONE" version="200508" action="http://fidus.brussels/services/referencedir/unsubscribeReference"/><con:wsrmConfig version="1.2"/></con:call><con:call id="e229dd53-81bd-4557-8f92-ba1ae37b9de1" name="4 - Staging - Worker2New - Request"><con:settings><con:setting id="com.eviware.soapui.impl.wsdl.WsdlRequest@request-headers">&lt;xml-fragment/></con:setting></con:settings><con:encoding>UTF-8</con:encoding><con:endpoint>https://192.168.23.198:8443/services/ReferenceDirService_v1.0</con:endpoint><con:request><![CDATA[<soapenv:Envelope xmlns:soapenv="http://schemas.xmlsoap.org/soap/envelope/" xmlns:v1="http://fidus.brussels/service/referencedir/messages/v1" xmlns:v11="http://fidus.brussels/type/referencedir/requests/unsubscribe/v1" xmlns:v12="http://fidus.brussels/type/common/messages/v1" xmlns:v13="http://fidus.brussels/type/referencedir/requests/v1">
   <soapenv:Header/>
   <soapenv:Body>
      <v1:unsubscribeReferenceRequest>
         <v11:messageContext>
            <v12:messageId>${=import static java.util.UUID.randomUUID; uuid = randomUUID() as String}</v12:messageId>
            <v12:timestamp>${=new java.text.SimpleDateFormat("yyyy-MM-dd'T'HH:mm:ss.SSS").format(new Date())}</v12:timestamp>
         </v11:messageContext>
         <v11:legalContext>ServiceIntegrator</v11:legalContext>
         <v11:unsubscriptionRequest>
            <v13:reference>
               <v13:personNumber>89102413022</v13:personNumber>
            </v13:reference>
         </v11:unsubscriptionRequest>
      </v1:unsubscribeReferenceRequest>
   </soapenv:Body>
</soapenv:Envelope>]]></con:request><con:credentials>
          <con:selectedAuthProfile>Basic</con:selectedAuthProfile><con:addedBasicAuthenticationTypes>Basic</con:addedBasicAuthenticationTypes><con:authType>Global HTTP Settings</con:authType>
        </con:credentials><con:jmsConfig JMSDeliveryMode="PERSISTENT"/><con:jmsPropertyConfig/><con:wsaConfig mustUnderstand="NONE" version="200508" action="http://fidus.brussels/services/referencedir/unsubscribeReference"/><con:wsrmConfig version="1.2"/></con:call></con:operation>
  <con:operation id="c8d711dc-978d-4cc3-bf3d-08e5ea1335ec" isOneWay="false" action="http://fidus.brussels/services/referencedir/getServicesReference" name="getServicesReference" bindingOperationName="getServicesReference" type="Request-Response" inputName="" receivesAttachments="false" sendsAttachments="false" anonymous="optional"><con:settings/><con:call id="f51be972-d232-46aa-8631-d0291f7f4cf6" name="1 - Local - Request" outgoingWss="Outflow DEV" incomingWss="Inflow DEV"><con:settings><con:setting id="com.eviware.soapui.impl.wsdl.WsdlRequest@request-headers">&lt;xml-fragment/></con:setting></con:settings><con:encoding>UTF-8</con:encoding><con:endpoint>https://localhost:8243/services/ReferenceDirService_v1.0</con:endpoint><con:request><![CDATA[<soapenv:Envelope xmlns:soapenv="http://schemas.xmlsoap.org/soap/envelope/" xmlns:v1="http://fidus.brussels/service/referencedir/messages/v1" xmlns:v11="http://fidus.brussels/type/referencedir/requests/getservices/v1" xmlns:v12="http://fidus.brussels/type/common/messages/v1" >
   <soapenv:Header/>
   <soapenv:Body>
      <v1:getServicesReferenceRequest>
         <v11:messageContext>
            <v12:messageId>${=import static java.util.UUID.randomUUID; uuid = randomUUID() as String}</v12:messageId>
            <v12:timestamp>${=new java.text.SimpleDateFormat("yyyy-MM-dd'T'HH:mm:ss.SSS").format(new Date())}</v12:timestamp>
         </v11:messageContext>
         <v11:legalContext>ServiceIntegrator</v11:legalContext>
         <v11:getServicesRequest></v11:getServicesRequest>
      </v1:getServicesReferenceRequest>
   </soapenv:Body>
</soapenv:Envelope>]]></con:request><con:credentials><con:selectedAuthProfile>Basic</con:selectedAuthProfile><con:addedBasicAuthenticationTypes>Basic</con:addedBasicAuthenticationTypes><con:authType>Global HTTP Settings</con:authType></con:credentials><con:jmsConfig JMSDeliveryMode="PERSISTENT"/><con:jmsPropertyConfig/><con:wsaConfig mustUnderstand="NONE" version="200508" action="http://fidus.brussels/services/referencedir/getServicesReference"/><con:wsrmConfig version="1.2"/></con:call><con:call id="f30fb22a-747e-4736-9278-964af093937c" name="2 - Dev - Request" outgoingWss="Outflow DEV" incomingWss="Inflow DEV"><con:settings><con:setting id="com.eviware.soapui.impl.wsdl.WsdlRequest@request-headers">&lt;xml-fragment/></con:setting></con:settings><con:encoding>UTF-8</con:encoding><con:endpoint>https://192.168.36.61:8243/services/ReferenceDirService_v1.0</con:endpoint><con:request><![CDATA[<soapenv:Envelope xmlns:soapenv="http://schemas.xmlsoap.org/soap/envelope/" xmlns:v1="http://fidus.brussels/service/referencedir/messages/v1" xmlns:v11="http://fidus.brussels/type/referencedir/requests/getservices/v1" xmlns:v12="http://fidus.brussels/type/common/messages/v1" >
   <soapenv:Header/>
   <soapenv:Body>
      <v1:getServicesReferenceRequest>
         <v11:messageContext>
            <v12:messageId>${=import static java.util.UUID.randomUUID; uuid = randomUUID() as String}</v12:messageId>
            <v12:timestamp>${=new java.text.SimpleDateFormat("yyyy-MM-dd'T'HH:mm:ss.SSS").format(new Date())}</v12:timestamp>
         </v11:messageContext>
         <v11:legalContext>ServiceIntegrator</v11:legalContext>
         <v11:getServicesRequest></v11:getServicesRequest>
      </v1:getServicesReferenceRequest>
   </soapenv:Body>
</soapenv:Envelope>]]></con:request><con:credentials><con:selectedAuthProfile>Basic</con:selectedAuthProfile><con:addedBasicAuthenticationTypes>Basic</con:addedBasicAuthenticationTypes><con:authType>Global HTTP Settings</con:authType></con:credentials><con:jmsConfig JMSDeliveryMode="PERSISTENT"/><con:jmsPropertyConfig/><con:wsaConfig mustUnderstand="NONE" version="200508" action="http://fidus.brussels/services/referencedir/getServicesReference"/><con:wsrmConfig version="1.2"/></con:call><con:call id="4a6801b9-da24-4ab2-b779-289565c83536" name="3 - Test - External - Request" outgoingWss="Outflow TEST" incomingWss="Inflow TEST"><con:settings><con:setting id="com.eviware.soapui.impl.wsdl.WsdlRequest@request-headers">&lt;xml-fragment/></con:setting></con:settings><con:encoding>UTF-8</con:encoding><con:endpoint>https://fidus-test.irisnetlab.be/services/ReferenceDirService_v1.0</con:endpoint><con:request><![CDATA[<soapenv:Envelope xmlns:soapenv="http://schemas.xmlsoap.org/soap/envelope/" xmlns:v1="http://fidus.brussels/service/referencedir/messages/v1" xmlns:v11="http://fidus.brussels/type/referencedir/requests/getservices/v1" xmlns:v12="http://fidus.brussels/type/common/messages/v1" >
   <soapenv:Header/>
   <soapenv:Body>
      <v1:getServicesReferenceRequest>
         <v11:messageContext>
            <v12:messageId>${=import static java.util.UUID.randomUUID; uuid = randomUUID() as String}</v12:messageId>
            <v12:timestamp>${=new java.text.SimpleDateFormat("yyyy-MM-dd'T'HH:mm:ss.SSS").format(new Date())}</v12:timestamp>
         </v11:messageContext>
         <v11:legalContext>ServiceIntegrator</v11:legalContext>
         <v11:getServicesRequest></v11:getServicesRequest>
      </v1:getServicesReferenceRequest>
   </soapenv:Body>
</soapenv:Envelope>]]></con:request><con:credentials><con:selectedAuthProfile>Basic</con:selectedAuthProfile><con:addedBasicAuthenticationTypes>Basic</con:addedBasicAuthenticationTypes><con:authType>Global HTTP Settings</con:authType></con:credentials><con:jmsConfig JMSDeliveryMode="PERSISTENT"/><con:jmsPropertyConfig/><con:wsaConfig mustUnderstand="NONE" version="200508" action="http://fidus.brussels/services/referencedir/getServicesReference"/><con:wsrmConfig version="1.2"/></con:call><con:call id="686c33bc-7558-4f83-b2ef-2d0e8a769497" name="4 - Staging - External - Request" outgoingWss="Outflow STAG" incomingWss="Inflow STAG"><con:settings><con:setting id="com.eviware.soapui.impl.wsdl.WsdlRequest@request-headers">&lt;xml-fragment/></con:setting></con:settings><con:encoding>UTF-8</con:encoding><con:endpoint>https://fidus.irisnetlab.be/services/ReferenceDirService_v1.0</con:endpoint><con:request><![CDATA[<soapenv:Envelope xmlns:soapenv="http://schemas.xmlsoap.org/soap/envelope/" xmlns:v1="http://fidus.brussels/service/referencedir/messages/v1" xmlns:v11="http://fidus.brussels/type/referencedir/requests/getservices/v1" xmlns:v12="http://fidus.brussels/type/common/messages/v1" >
   <soapenv:Header/>
   <soapenv:Body>
      <v1:getServicesReferenceRequest>
         <v11:messageContext>
            <v12:messageId>${=import static java.util.UUID.randomUUID; uuid = randomUUID() as String}</v12:messageId>
            <v12:timestamp>${=new java.text.SimpleDateFormat("yyyy-MM-dd'T'HH:mm:ss.SSS").format(new Date())}</v12:timestamp>
         </v11:messageContext>
         <v11:legalContext>ServiceIntegrator</v11:legalContext>
         <v11:getServicesRequest></v11:getServicesRequest>
      </v1:getServicesReferenceRequest>
   </soapenv:Body>
</soapenv:Envelope>]]></con:request><con:credentials><con:selectedAuthProfile>Basic</con:selectedAuthProfile><con:addedBasicAuthenticationTypes>Basic</con:addedBasicAuthenticationTypes><con:authType>Global HTTP Settings</con:authType></con:credentials><con:jmsConfig JMSDeliveryMode="PERSISTENT"/><con:jmsPropertyConfig/><con:wsaConfig mustUnderstand="NONE" version="200508" action="http://fidus.brussels/services/referencedir/getServicesReference"/><con:wsrmConfig version="1.2"/></con:call><con:call id="88c315cc-051d-48dd-8a29-5d6696adb933" name="5 - Prod - External - Request" outgoingWss="Outflow PROD" incomingWss="Inflow PROD"><con:settings><con:setting id="com.eviware.soapui.impl.wsdl.WsdlRequest@request-headers">&lt;xml-fragment/></con:setting></con:settings><con:encoding>UTF-8</con:encoding><con:endpoint>https://fidus.sec.brussels/services/ReferenceDirService_v1.0</con:endpoint><con:request><![CDATA[<soapenv:Envelope xmlns:soapenv="http://schemas.xmlsoap.org/soap/envelope/" xmlns:v1="http://fidus.brussels/service/referencedir/messages/v1" xmlns:v11="http://fidus.brussels/type/referencedir/requests/getservices/v1" xmlns:v12="http://fidus.brussels/type/common/messages/v1" >
   <soapenv:Header/>
   <soapenv:Body>
      <v1:getServicesReferenceRequest>
         <v11:messageContext>
            <v12:messageId>${=import static java.util.UUID.randomUUID; uuid = randomUUID() as String}</v12:messageId>
            <v12:timestamp>${=new java.text.SimpleDateFormat("yyyy-MM-dd'T'HH:mm:ss.SSS").format(new Date())}</v12:timestamp>
         </v11:messageContext>
         <v11:legalContext>ServiceIntegrator</v11:legalContext>
         <v11:getServicesRequest></v11:getServicesRequest>
      </v1:getServicesReferenceRequest>
   </soapenv:Body>
</soapenv:Envelope>]]></con:request><con:credentials><con:selectedAuthProfile>Basic</con:selectedAuthProfile><con:addedBasicAuthenticationTypes>Basic</con:addedBasicAuthenticationTypes><con:authType>Global HTTP Settings</con:authType></con:credentials><con:jmsConfig JMSDeliveryMode="PERSISTENT"/><con:jmsPropertyConfig/><con:wsaConfig mustUnderstand="NONE" version="200508" action="http://fidus.brussels/services/referencedir/getServicesReference"/><con:wsrmConfig version="1.2"/></con:call><con:call id="65944fc5-b698-454f-a035-228dc181e600" name="3 - Test - LB - Request"><con:settings><con:setting id="com.eviware.soapui.impl.wsdl.WsdlRequest@request-headers">&lt;xml-fragment/></con:setting></con:settings><con:encoding>UTF-8</con:encoding><con:endpoint>https://esb-security-gw.sta.srv.cirb.lan:8443/services/ReferenceDirService_v1.0</con:endpoint><con:request><![CDATA[<soapenv:Envelope xmlns:soapenv="http://schemas.xmlsoap.org/soap/envelope/" xmlns:v1="http://fidus.brussels/service/referencedir/messages/v1" xmlns:v11="http://fidus.brussels/type/referencedir/requests/getservices/v1" xmlns:v12="http://fidus.brussels/type/common/messages/v1" >
   <soapenv:Header/>
   <soapenv:Body>
      <v1:getServicesReferenceRequest>
         <v11:messageContext>
            <v12:messageId>${=import static java.util.UUID.randomUUID; uuid = randomUUID() as String}</v12:messageId>
            <v12:timestamp>${=new java.text.SimpleDateFormat("yyyy-MM-dd'T'HH:mm:ss.SSS").format(new Date())}</v12:timestamp>
         </v11:messageContext>
         <v11:legalContext>ServiceIntegrator</v11:legalContext>
         <v11:getServicesRequest></v11:getServicesRequest>
      </v1:getServicesReferenceRequest>
   </soapenv:Body>
</soapenv:Envelope>]]></con:request><con:credentials><con:selectedAuthProfile>Basic</con:selectedAuthProfile><con:addedBasicAuthenticationTypes>Basic</con:addedBasicAuthenticationTypes><con:authType>Global HTTP Settings</con:authType></con:credentials><con:jmsConfig JMSDeliveryMode="PERSISTENT"/><con:jmsPropertyConfig/><con:wsaConfig mustUnderstand="NONE" version="200508" action="http://fidus.brussels/services/referencedir/getServicesReference"/><con:wsrmConfig version="1.2"/></con:call><con:call id="fd871dcc-38c2-4c31-a467-fb66c9123170" name="3 - Test - Worker1 - Request"><con:settings><con:setting id="com.eviware.soapui.impl.wsdl.WsdlRequest@request-headers">&lt;xml-fragment/></con:setting></con:settings><con:encoding>UTF-8</con:encoding><con:endpoint>https://192.168.22.53:8443/services/ReferenceDirService_v1.0</con:endpoint><con:request><![CDATA[<soapenv:Envelope xmlns:soapenv="http://schemas.xmlsoap.org/soap/envelope/" xmlns:v1="http://fidus.brussels/service/referencedir/messages/v1" xmlns:v11="http://fidus.brussels/type/referencedir/requests/getservices/v1" xmlns:v12="http://fidus.brussels/type/common/messages/v1" >
   <soapenv:Header/>
   <soapenv:Body>
      <v1:getServicesReferenceRequest>
         <v11:messageContext>
            <v12:messageId>${=import static java.util.UUID.randomUUID; uuid = randomUUID() as String}</v12:messageId>
            <v12:timestamp>${=new java.text.SimpleDateFormat("yyyy-MM-dd'T'HH:mm:ss.SSS").format(new Date())}</v12:timestamp>
         </v11:messageContext>
         <v11:legalContext>ServiceIntegrator</v11:legalContext>
         <v11:getServicesRequest></v11:getServicesRequest>
      </v1:getServicesReferenceRequest>
   </soapenv:Body>
</soapenv:Envelope>]]></con:request><con:credentials><con:selectedAuthProfile>Basic</con:selectedAuthProfile><con:addedBasicAuthenticationTypes>Basic</con:addedBasicAuthenticationTypes><con:authType>Global HTTP Settings</con:authType></con:credentials><con:jmsConfig JMSDeliveryMode="PERSISTENT"/><con:jmsPropertyConfig/><con:wsaConfig mustUnderstand="NONE" version="200508" action="http://fidus.brussels/services/referencedir/getServicesReference"/><con:wsrmConfig version="1.2"/></con:call><con:call id="c448e322-0497-4334-a7bc-ec605780eef1" name="3 - Test - Worker2 - Request"><con:settings><con:setting id="com.eviware.soapui.impl.wsdl.WsdlRequest@request-headers">&lt;xml-fragment/></con:setting></con:settings><con:encoding>UTF-8</con:encoding><con:endpoint>https://192.168.22.54:8443/services/ReferenceDirService_v1.0</con:endpoint><con:request><![CDATA[<soapenv:Envelope xmlns:soapenv="http://schemas.xmlsoap.org/soap/envelope/" xmlns:v1="http://fidus.brussels/service/referencedir/messages/v1" xmlns:v11="http://fidus.brussels/type/referencedir/requests/getservices/v1" xmlns:v12="http://fidus.brussels/type/common/messages/v1" >
   <soapenv:Header/>
   <soapenv:Body>
      <v1:getServicesReferenceRequest>
         <v11:messageContext>
            <v12:messageId>${=import static java.util.UUID.randomUUID; uuid = randomUUID() as String}</v12:messageId>
            <v12:timestamp>${=new java.text.SimpleDateFormat("yyyy-MM-dd'T'HH:mm:ss.SSS").format(new Date())}</v12:timestamp>
         </v11:messageContext>
         <v11:legalContext>ServiceIntegrator</v11:legalContext>
         <v11:getServicesRequest></v11:getServicesRequest>
      </v1:getServicesReferenceRequest>
   </soapenv:Body>
</soapenv:Envelope>]]></con:request><con:credentials><con:selectedAuthProfile>Basic</con:selectedAuthProfile><con:addedBasicAuthenticationTypes>Basic</con:addedBasicAuthenticationTypes><con:authType>Global HTTP Settings</con:authType></con:credentials><con:jmsConfig JMSDeliveryMode="PERSISTENT"/><con:jmsPropertyConfig/><con:wsaConfig mustUnderstand="NONE" version="200508" action="http://fidus.brussels/services/referencedir/getServicesReference"/><con:wsrmConfig version="1.2"/></con:call><con:call id="b28e22d7-c03d-4198-908e-40551c851a39" name="4 - Staging - LB - Request"><con:settings><con:setting id="com.eviware.soapui.impl.wsdl.WsdlRequest@request-headers">&lt;xml-fragment/></con:setting></con:settings><con:encoding>UTF-8</con:encoding><con:endpoint>https://fidus-esb-sg.sta.srv.cirb.lan:8443/services/ReferenceDirService_v1.0</con:endpoint><con:request><![CDATA[<soapenv:Envelope xmlns:soapenv="http://schemas.xmlsoap.org/soap/envelope/" xmlns:v1="http://fidus.brussels/service/referencedir/messages/v1" xmlns:v11="http://fidus.brussels/type/referencedir/requests/getservices/v1" xmlns:v12="http://fidus.brussels/type/common/messages/v1" >
   <soapenv:Header/>
   <soapenv:Body>
      <v1:getServicesReferenceRequest>
         <v11:messageContext>
            <v12:messageId>${=import static java.util.UUID.randomUUID; uuid = randomUUID() as String}</v12:messageId>
            <v12:timestamp>${=new java.text.SimpleDateFormat("yyyy-MM-dd'T'HH:mm:ss.SSS").format(new Date())}</v12:timestamp>
         </v11:messageContext>
         <v11:legalContext>ServiceIntegrator</v11:legalContext>
         <v11:getServicesRequest></v11:getServicesRequest>
      </v1:getServicesReferenceRequest>
   </soapenv:Body>
</soapenv:Envelope>]]></con:request><con:credentials><con:selectedAuthProfile>Basic</con:selectedAuthProfile><con:addedBasicAuthenticationTypes>Basic</con:addedBasicAuthenticationTypes><con:authType>Global HTTP Settings</con:authType></con:credentials><con:jmsConfig JMSDeliveryMode="PERSISTENT"/><con:jmsPropertyConfig/><con:wsaConfig mustUnderstand="NONE" version="200508" action="http://fidus.brussels/services/referencedir/getServicesReference"/><con:wsrmConfig version="1.2"/></con:call><con:call id="d1e5c464-cba0-455f-8aad-ab44b3d9d3d0" name="4 - Staging - Worker1 - Request"><con:settings><con:setting id="com.eviware.soapui.impl.wsdl.WsdlRequest@request-headers">&lt;xml-fragment/></con:setting></con:settings><con:encoding>UTF-8</con:encoding><con:endpoint>https://192.168.24.16:8443/services/ReferenceDirService_v1.0</con:endpoint><con:request><![CDATA[<soapenv:Envelope xmlns:soapenv="http://schemas.xmlsoap.org/soap/envelope/" xmlns:v1="http://fidus.brussels/service/referencedir/messages/v1" xmlns:v11="http://fidus.brussels/type/referencedir/requests/getservices/v1" xmlns:v12="http://fidus.brussels/type/common/messages/v1" >
   <soapenv:Header/>
   <soapenv:Body>
      <v1:getServicesReferenceRequest>
         <v11:messageContext>
            <v12:messageId>${=import static java.util.UUID.randomUUID; uuid = randomUUID() as String}</v12:messageId>
            <v12:timestamp>${=new java.text.SimpleDateFormat("yyyy-MM-dd'T'HH:mm:ss.SSS").format(new Date())}</v12:timestamp>
         </v11:messageContext>
         <v11:legalContext>ServiceIntegrator</v11:legalContext>
         <v11:getServicesRequest></v11:getServicesRequest>
      </v1:getServicesReferenceRequest>
   </soapenv:Body>
</soapenv:Envelope>]]></con:request><con:credentials><con:selectedAuthProfile>Basic</con:selectedAuthProfile><con:addedBasicAuthenticationTypes>Basic</con:addedBasicAuthenticationTypes><con:authType>Global HTTP Settings</con:authType></con:credentials><con:jmsConfig JMSDeliveryMode="PERSISTENT"/><con:jmsPropertyConfig/><con:wsaConfig mustUnderstand="NONE" version="200508" action="http://fidus.brussels/services/referencedir/getServicesReference"/><con:wsrmConfig version="1.2"/></con:call><con:call id="76fb2fb8-e280-4e48-9eb1-0fcdb89dd157" name="4 - Staging - Worker2 - Request"><con:settings><con:setting id="com.eviware.soapui.impl.wsdl.WsdlRequest@request-headers">&lt;xml-fragment/></con:setting></con:settings><con:encoding>UTF-8</con:encoding><con:endpoint>https://192.168.24.17:8443/services/ReferenceDirService_v1.0</con:endpoint><con:request><![CDATA[<soapenv:Envelope xmlns:soapenv="http://schemas.xmlsoap.org/soap/envelope/" xmlns:v1="http://fidus.brussels/service/referencedir/messages/v1" xmlns:v11="http://fidus.brussels/type/referencedir/requests/getservices/v1" xmlns:v12="http://fidus.brussels/type/common/messages/v1" >
   <soapenv:Header/>
   <soapenv:Body>
      <v1:getServicesReferenceRequest>
         <v11:messageContext>
            <v12:messageId>${=import static java.util.UUID.randomUUID; uuid = randomUUID() as String}</v12:messageId>
            <v12:timestamp>${=new java.text.SimpleDateFormat("yyyy-MM-dd'T'HH:mm:ss.SSS").format(new Date())}</v12:timestamp>
         </v11:messageContext>
         <v11:legalContext>ServiceIntegrator</v11:legalContext>
         <v11:getServicesRequest></v11:getServicesRequest>
      </v1:getServicesReferenceRequest>
   </soapenv:Body>
</soapenv:Envelope>]]></con:request><con:credentials><con:selectedAuthProfile>Basic</con:selectedAuthProfile><con:addedBasicAuthenticationTypes>Basic</con:addedBasicAuthenticationTypes><con:authType>Global HTTP Settings</con:authType></con:credentials><con:jmsConfig JMSDeliveryMode="PERSISTENT"/><con:jmsPropertyConfig/><con:wsaConfig mustUnderstand="NONE" version="200508" action="http://fidus.brussels/services/referencedir/getServicesReference"/><con:wsrmConfig version="1.2"/></con:call><con:call id="a49901db-6077-43e9-a27c-bb1c8d03cc20" name="5 - Prod - LB - Request"><con:settings><con:setting id="com.eviware.soapui.impl.wsdl.WsdlRequest@request-headers">&lt;xml-fragment/></con:setting></con:settings><con:encoding>UTF-8</con:encoding><con:endpoint>https://fidus-esb-sg.prd.srv.cirb.lan:8443/services/ReferenceDirService_v1.0</con:endpoint><con:request><![CDATA[<soapenv:Envelope xmlns:soapenv="http://schemas.xmlsoap.org/soap/envelope/" xmlns:v1="http://fidus.brussels/service/referencedir/messages/v1" xmlns:v11="http://fidus.brussels/type/referencedir/requests/getservices/v1" xmlns:v12="http://fidus.brussels/type/common/messages/v1" >
   <soapenv:Header/>
   <soapenv:Body>
      <v1:getServicesReferenceRequest>
         <v11:messageContext>
            <v12:messageId>${=import static java.util.UUID.randomUUID; uuid = randomUUID() as String}</v12:messageId>
            <v12:timestamp>${=new java.text.SimpleDateFormat("yyyy-MM-dd'T'HH:mm:ss.SSS").format(new Date())}</v12:timestamp>
         </v11:messageContext>
         <v11:legalContext>ServiceIntegrator</v11:legalContext>
         <v11:getServicesRequest></v11:getServicesRequest>
      </v1:getServicesReferenceRequest>
   </soapenv:Body>
</soapenv:Envelope>]]></con:request><con:credentials><con:selectedAuthProfile>Basic</con:selectedAuthProfile><con:addedBasicAuthenticationTypes>Basic</con:addedBasicAuthenticationTypes><con:authType>Global HTTP Settings</con:authType></con:credentials><con:jmsConfig JMSDeliveryMode="PERSISTENT"/><con:jmsPropertyConfig/><con:wsaConfig mustUnderstand="NONE" version="200508" action="http://fidus.brussels/services/referencedir/getServicesReference"/><con:wsrmConfig version="1.2"/></con:call><con:call id="ac4a7568-1ddd-4d84-9d24-4037779ebc68" name="5 - Prod - Worker1 - Request"><con:settings><con:setting id="com.eviware.soapui.impl.wsdl.WsdlRequest@request-headers">&lt;xml-fragment/></con:setting></con:settings><con:encoding>UTF-8</con:encoding><con:endpoint>https://192.168.26.22:8443/services/ReferenceDirService_v1.0</con:endpoint><con:request><![CDATA[<soapenv:Envelope xmlns:soapenv="http://schemas.xmlsoap.org/soap/envelope/" xmlns:v1="http://fidus.brussels/service/referencedir/messages/v1" xmlns:v11="http://fidus.brussels/type/referencedir/requests/getservices/v1" xmlns:v12="http://fidus.brussels/type/common/messages/v1" >
   <soapenv:Header/>
   <soapenv:Body>
      <v1:getServicesReferenceRequest>
         <v11:messageContext>
            <v12:messageId>${=import static java.util.UUID.randomUUID; uuid = randomUUID() as String}</v12:messageId>
            <v12:timestamp>${=new java.text.SimpleDateFormat("yyyy-MM-dd'T'HH:mm:ss.SSS").format(new Date())}</v12:timestamp>
         </v11:messageContext>
         <v11:legalContext>ServiceIntegrator</v11:legalContext>
         <v11:getServicesRequest></v11:getServicesRequest>
      </v1:getServicesReferenceRequest>
   </soapenv:Body>
</soapenv:Envelope>]]></con:request><con:credentials><con:selectedAuthProfile>Basic</con:selectedAuthProfile><con:addedBasicAuthenticationTypes>Basic</con:addedBasicAuthenticationTypes><con:authType>Global HTTP Settings</con:authType></con:credentials><con:jmsConfig JMSDeliveryMode="PERSISTENT"/><con:jmsPropertyConfig/><con:wsaConfig mustUnderstand="NONE" version="200508" action="http://fidus.brussels/services/referencedir/getServicesReference"/><con:wsrmConfig version="1.2"/></con:call><con:call id="0a292235-9e9f-4581-af2b-028ff98d187d" name="5 - Prod - Worker2 - Request"><con:settings><con:setting id="com.eviware.soapui.impl.wsdl.WsdlRequest@request-headers">&lt;xml-fragment/></con:setting></con:settings><con:encoding>UTF-8</con:encoding><con:endpoint>https://192.168.26.19:8443/services/ReferenceDirService_v1.0</con:endpoint><con:request><![CDATA[<soapenv:Envelope xmlns:soapenv="http://schemas.xmlsoap.org/soap/envelope/" xmlns:v1="http://fidus.brussels/service/referencedir/messages/v1" xmlns:v11="http://fidus.brussels/type/referencedir/requests/getservices/v1" xmlns:v12="http://fidus.brussels/type/common/messages/v1" >
   <soapenv:Header/>
   <soapenv:Body>
      <v1:getServicesReferenceRequest>
         <v11:messageContext>
            <v12:messageId>${=import static java.util.UUID.randomUUID; uuid = randomUUID() as String}</v12:messageId>
            <v12:timestamp>${=new java.text.SimpleDateFormat("yyyy-MM-dd'T'HH:mm:ss.SSS").format(new Date())}</v12:timestamp>
         </v11:messageContext>
         <v11:legalContext>ServiceIntegrator</v11:legalContext>
         <v11:getServicesRequest></v11:getServicesRequest>
      </v1:getServicesReferenceRequest>
   </soapenv:Body>
</soapenv:Envelope>]]></con:request><con:credentials><con:selectedAuthProfile>Basic</con:selectedAuthProfile><con:addedBasicAuthenticationTypes>Basic</con:addedBasicAuthenticationTypes><con:authType>Global HTTP Settings</con:authType></con:credentials><con:jmsConfig JMSDeliveryMode="PERSISTENT"/><con:jmsPropertyConfig/><con:wsaConfig mustUnderstand="NONE" version="200508" action="http://fidus.brussels/services/referencedir/getServicesReference"/><con:wsrmConfig version="1.2"/></con:call></con:operation></con:interface>
  
  <con:testSuite id="57cefaa2-dbfd-4d5c-a8fc-d6d6937b95f9" name="DEV"><con:settings/><con:runType>SEQUENTIAL</con:runType><con:testCase id="e427a3a1-b3b4-4e5c-b3e7-5a4017a2ce8b" failOnError="true" failTestCaseOnErrors="true" keepSession="false" maxResults="0" name="subscribeReference" searchProperties="true"><con:settings/><con:testStep type="request" id="47ba6ee0-7f22-483f-8750-3e052f6bbcd9" name="testcase2 - Dev - Request"><con:settings/><con:config xsi:type="con:RequestStep" xmlns:xsi="http://www.w3.org/2001/XMLSchema-instance"><con:interface>ReferenceDirServiceHTTPBinding</con:interface><con:operation>subscribeReference</con:operation><con:request name="testcase2 - Dev - Request" id="49df3705-0884-4e20-9ebc-57fc2c48e31d" outgoingWss="Outflow DEV"><con:settings/><con:encoding>UTF-8</con:encoding><con:endpoint>https://192.168.36.61:8243/services/ReferenceDirService_v1.0</con:endpoint><con:request><![CDATA[<soapenv:Envelope xmlns:soapenv="http://schemas.xmlsoap.org/soap/envelope/" 
xmlns:v1="http://fidus.brussels/service/referencedir/messages/v1" 
xmlns:v11="http://fidus.brussels/type/referencedir/requests/subscribe/v1" 
xmlns:v12="http://fidus.brussels/type/common/messages/v1" 
xmlns:v13="http://fidus.brussels/type/referencedir/requests/v1">
   <soapenv:Header/>
   <soapenv:Body>
      <v1:subscribeReferenceRequest>
         <v11:messageContext>
            <v12:messageId>${=import static java.util.UUID.randomUUID; uuid = randomUUID() as String}</v12:messageId>
            <v12:timestamp>${=new java.text.SimpleDateFormat("yyyy-MM-dd'T'HH:mm:ss.SSS").format(new Date())}</v12:timestamp>
         </v11:messageContext>
         <v11:legalContext>ServiceIntegrator</v11:legalContext>
         <v11:subscriptionRequest>
            <v13:reference>
               <v13:personNumber>12003001507</v13:personNumber>
            </v13:reference>
            <!--Optional:-->
            <v13:endDate>${=new java.text.SimpleDateFormat("yyyy-MM-dd").format(new Date() + 1)}</v13:endDate>
         </v11:subscriptionRequest>
      </v1:subscribeReferenceRequest>
   </soapenv:Body>
</soapenv:Envelope>]]></con:request><con:assertion type="SOAP Fault Assertion" id="9b7ba698-7f71-4038-90f0-07e1090cbb5f" name="Not SOAP Fault"/><con:assertion type="SOAP Response" id="f5bd312b-ac1c-4202-aa21-67ce8e142612" name="SOAP Response"/><con:assertion type="Schema Compliance" id="78d3d560-f9a5-4c29-bb79-95e2479e27b8" name="Schema Compliance"><con:configuration/></con:assertion><con:wsaConfig action="http://fidus.brussels/services/referencedir/subscribeReference"/></con:request></con:config></con:testStep><con:testStep type="request" id="4a04c163-8090-4c21-949c-632a11672309" name="testcase2 - DevNew - Request"><con:settings/><con:config xsi:type="con:RequestStep" xmlns:xsi="http://www.w3.org/2001/XMLSchema-instance"><con:interface>ReferenceDirServiceHTTPBinding</con:interface><con:operation>subscribeReference</con:operation><con:request name="testcase2 - DevNew - Request" id="50ce4bd3-de00-4798-88ce-821116f2a259" outgoingWss="Outflow DEV"><con:settings/><con:encoding>UTF-8</con:encoding><con:endpoint>https://192.168.36.205:8243/services/ReferenceDirService_v1.0</con:endpoint><con:request><![CDATA[<soapenv:Envelope xmlns:soapenv="http://schemas.xmlsoap.org/soap/envelope/" 
xmlns:v1="http://fidus.brussels/service/referencedir/messages/v1" 
xmlns:v11="http://fidus.brussels/type/referencedir/requests/subscribe/v1" 
xmlns:v12="http://fidus.brussels/type/common/messages/v1" 
xmlns:v13="http://fidus.brussels/type/referencedir/requests/v1">
   <soapenv:Header/>
   <soapenv:Body>
      <v1:subscribeReferenceRequest>
         <v11:messageContext>
            <v12:messageId>${=import static java.util.UUID.randomUUID; uuid = randomUUID() as String}</v12:messageId>
            <v12:timestamp>${=new java.text.SimpleDateFormat("yyyy-MM-dd'T'HH:mm:ss.SSS").format(new Date())}</v12:timestamp>
         </v11:messageContext>
         <v11:legalContext>ServiceIntegrator</v11:legalContext>
         <v11:subscriptionRequest>
            <v13:reference>
               <v13:personNumber>12003001507</v13:personNumber>
            </v13:reference>
            <!--Optional:-->
            <v13:endDate>${=new java.text.SimpleDateFormat("yyyy-MM-dd").format(new Date() + 1)}</v13:endDate>
         </v11:subscriptionRequest>
      </v1:subscribeReferenceRequest>
   </soapenv:Body>
</soapenv:Envelope>]]></con:request><con:assertion type="SOAP Fault Assertion" id="87964e30-3a16-4b96-998d-d8034abe250c" name="Not SOAP Fault"/><con:assertion type="SOAP Response" id="ce6b08f4-de13-4276-972c-dbccde0844a5" name="SOAP Response"/><con:assertion type="Schema Compliance" id="539de546-6d66-493a-83ae-6ec2dff3ae2c" name="Schema Compliance"><con:configuration/></con:assertion><con:wsaConfig action="http://fidus.brussels/services/referencedir/subscribeReference"/></con:request></con:config></con:testStep><con:properties/></con:testCase><con:testCase id="b4d5e67d-78d6-482e-9822-4f325c59f78d" failOnError="true" failTestCaseOnErrors="true" keepSession="false" maxResults="0" name="unsubscribeReference" searchProperties="true"><con:settings/><con:testStep type="request" id="88c9f341-aa66-4adc-9bbd-bfd6aad09d9e" name="testcase2 - Dev - Request"><con:settings/><con:config xsi:type="con:RequestStep" xmlns:xsi="http://www.w3.org/2001/XMLSchema-instance"><con:interface>ReferenceDirServiceHTTPBinding</con:interface><con:operation>unsubscribeReference</con:operation><con:request name="testcase2 - Dev - Request" id="40081787-df06-44d8-8001-2a7dba8e48c2" outgoingWss="Outflow DEV"><con:settings/><con:encoding>UTF-8</con:encoding><con:endpoint>https://192.168.36.61:8243/services/ReferenceDirService_v1.0</con:endpoint><con:request><![CDATA[<soapenv:Envelope xmlns:soapenv="http://schemas.xmlsoap.org/soap/envelope/" xmlns:v1="http://fidus.brussels/service/referencedir/messages/v1" xmlns:v11="http://fidus.brussels/type/referencedir/requests/unsubscribe/v1" xmlns:v12="http://fidus.brussels/type/common/messages/v1" xmlns:v13="http://fidus.brussels/type/referencedir/requests/v1">
   <soapenv:Header/>
   <soapenv:Body>
      <v1:unsubscribeReferenceRequest>
         <v11:messageContext>
            <v12:messageId>${=import static java.util.UUID.randomUUID; uuid = randomUUID() as String}</v12:messageId>
            <v12:timestamp>${=new java.text.SimpleDateFormat("yyyy-MM-dd'T'HH:mm:ss.SSS").format(new Date())}</v12:timestamp>
         </v11:messageContext>
         <v11:legalContext>ServiceIntegrator</v11:legalContext>
         <v11:unsubscriptionRequest>
            <v13:reference>
               <v13:personNumber>89102413022</v13:personNumber>
            </v13:reference>
         </v11:unsubscriptionRequest>
      </v1:unsubscribeReferenceRequest>
   </soapenv:Body>
</soapenv:Envelope>]]></con:request><con:assertion type="SOAP Fault Assertion" id="9abac3e3-56e4-45bf-bc54-ca284eb37f44" name="Not SOAP Fault"/><con:assertion type="SOAP Response" id="27dc0601-9d18-43f0-9e5b-21067fd4d3c9" name="SOAP Response"/><con:assertion type="Schema Compliance" id="1dc94234-42e9-42cd-9876-c6e950e4b92b" name="Schema Compliance"><con:configuration/></con:assertion><con:wsaConfig action="http://fidus.brussels/services/referencedir/unsubscribeReference"/></con:request></con:config></con:testStep><con:testStep type="request" id="f085882a-8565-466a-ab5c-dec19d0bf067" name="testcase2 - DevNew - Request"><con:settings/><con:config xsi:type="con:RequestStep" xmlns:xsi="http://www.w3.org/2001/XMLSchema-instance"><con:interface>ReferenceDirServiceHTTPBinding</con:interface><con:operation>unsubscribeReference</con:operation><con:request name="testcase2 - DevNew - Request" id="5945f566-db77-4b94-a8c5-1e035242c47b" outgoingWss="Outflow DEV"><con:settings/><con:encoding>UTF-8</con:encoding><con:endpoint>https://192.168.36.205:8243/services/ReferenceDirService_v1.0</con:endpoint><con:request><![CDATA[<soapenv:Envelope xmlns:soapenv="http://schemas.xmlsoap.org/soap/envelope/" xmlns:v1="http://fidus.brussels/service/referencedir/messages/v1" xmlns:v11="http://fidus.brussels/type/referencedir/requests/unsubscribe/v1" xmlns:v12="http://fidus.brussels/type/common/messages/v1" xmlns:v13="http://fidus.brussels/type/referencedir/requests/v1">
   <soapenv:Header/>
   <soapenv:Body>
      <v1:unsubscribeReferenceRequest>
         <v11:messageContext>
            <v12:messageId>${=import static java.util.UUID.randomUUID; uuid = randomUUID() as String}</v12:messageId>
            <v12:timestamp>${=new java.text.SimpleDateFormat("yyyy-MM-dd'T'HH:mm:ss.SSS").format(new Date())}</v12:timestamp>
         </v11:messageContext>
         <v11:legalContext>ServiceIntegrator</v11:legalContext>
         <v11:unsubscriptionRequest>
            <v13:reference>
               <v13:personNumber>12003001507</v13:personNumber>
            </v13:reference>
         </v11:unsubscriptionRequest>
      </v1:unsubscribeReferenceRequest>
   </soapenv:Body>
</soapenv:Envelope>]]></con:request><con:assertion type="SOAP Fault Assertion" id="965ca86e-5742-422d-bc61-489d1a13d778" name="Not SOAP Fault"/><con:assertion type="SOAP Response" id="bcd518b6-24a4-430b-824e-9e7c5235dfea" name="SOAP Response"/><con:assertion type="Schema Compliance" id="111123c3-6e24-4dde-b996-f099a1eb1df8" name="Schema Compliance"><con:configuration/></con:assertion><con:wsaConfig action="http://fidus.brussels/services/referencedir/unsubscribeReference"/></con:request></con:config></con:testStep><con:properties/></con:testCase><con:testCase id="eabee4d8-8446-4f17-9f8f-9d5a6413a315" failOnError="true" failTestCaseOnErrors="true" keepSession="false" maxResults="0" name="getServicesReference" searchProperties="true"><con:settings/><con:testStep type="request" id="c13c39f2-0c5a-4573-8c63-0484575be65b" name="testcase2 - Dev - Request"><con:settings/><con:config xsi:type="con:RequestStep" xmlns:xsi="http://www.w3.org/2001/XMLSchema-instance"><con:interface>ReferenceDirServiceHTTPBinding</con:interface><con:operation>getServicesReference</con:operation><con:request name="testcase2 - Dev - Request" id="e419be6c-544d-42e0-91b5-095fc0ebdf39" outgoingWss="Outflow DEV"><con:settings/><con:encoding>UTF-8</con:encoding><con:endpoint>https://192.168.36.61:8243/services/ReferenceDirService_v1.0</con:endpoint><con:request><![CDATA[<soapenv:Envelope xmlns:soapenv="http://schemas.xmlsoap.org/soap/envelope/" xmlns:v1="http://fidus.brussels/service/referencedir/messages/v1" xmlns:v11="http://fidus.brussels/type/referencedir/requests/getservices/v1" xmlns:v12="http://fidus.brussels/type/common/messages/v1" >
   <soapenv:Header/>
   <soapenv:Body>
      <v1:getServicesReferenceRequest>
         <v11:messageContext>
            <v12:messageId>${=import static java.util.UUID.randomUUID; uuid = randomUUID() as String}</v12:messageId>
            <v12:timestamp>${=new java.text.SimpleDateFormat("yyyy-MM-dd'T'HH:mm:ss.SSS").format(new Date())}</v12:timestamp>
         </v11:messageContext>
         <v11:legalContext>ServiceIntegrator</v11:legalContext>
         <v11:getServicesRequest></v11:getServicesRequest>
      </v1:getServicesReferenceRequest>
   </soapenv:Body>
</soapenv:Envelope>]]></con:request><con:assertion type="SOAP Fault Assertion" id="646eed33-a1cd-4d9a-ad18-583568ac409f" name="Not SOAP Fault"/><con:assertion type="SOAP Response" id="e4119add-b017-408b-9523-e8f90ba2886d" name="SOAP Response"/><con:assertion type="Schema Compliance" id="47fb6224-2ff0-4121-827e-60ab6f32eb66" name="Schema Compliance"><con:configuration/></con:assertion><con:wsaConfig action="http://fidus.brussels/services/referencedir/getServicesReference"/></con:request></con:config></con:testStep><con:properties/></con:testCase><con:properties/></con:testSuite><con:testSuite id="e3568160-2604-4017-a6e3-b4e532493d8a" name="TEST"><con:settings/><con:runType>SEQUENTIAL</con:runType><con:testCase id="8808ccd8-385b-410f-87af-2bd1c434db02" failOnError="true" failTestCaseOnErrors="true" keepSession="false" maxResults="0" name="subscribeReference" searchProperties="true"><con:settings/><con:testStep type="request" id="41289e87-e93c-443d-9431-dd17a4f5024f" name="testcase3 - Test - External - Request"><con:settings/><con:config xsi:type="con:RequestStep" xmlns:xsi="http://www.w3.org/2001/XMLSchema-instance"><con:interface>ReferenceDirServiceHTTPBinding</con:interface><con:operation>subscribeReference</con:operation><con:request name="testcase3 - Test - External - Request" id="c91d5b15-cbc6-4e94-9d0e-06e21ac6b398" outgoingWss="Outflow TEST"><con:settings/><con:encoding>UTF-8</con:encoding><con:endpoint>https://fidus-test.irisnetlab.be/services/ReferenceDirService_v1.0</con:endpoint><con:request><![CDATA[<soapenv:Envelope xmlns:soapenv="http://schemas.xmlsoap.org/soap/envelope/" 
xmlns:v1="http://fidus.brussels/service/referencedir/messages/v1" 
xmlns:v11="http://fidus.brussels/type/referencedir/requests/subscribe/v1" 
xmlns:v12="http://fidus.brussels/type/common/messages/v1" 
xmlns:v13="http://fidus.brussels/type/referencedir/requests/v1">
   <soapenv:Header/>
   <soapenv:Body>
      <v1:subscribeReferenceRequest>
         <v11:messageContext>
            <v12:messageId>${=import static java.util.UUID.randomUUID; uuid = randomUUID() as String}</v12:messageId>
            <v12:timestamp>${=new java.text.SimpleDateFormat("yyyy-MM-dd'T'HH:mm:ss.SSS").format(new Date())}</v12:timestamp>
         </v11:messageContext>
         <v11:legalContext>ServiceIntegrator</v11:legalContext>
         <v11:subscriptionRequest>
            <v13:reference>
               <v13:personNumber>91120406960</v13:personNumber>
            </v13:reference>
            <!--Optional:-->
            <v13:endDate>${=new java.text.SimpleDateFormat("yyyy-MM-dd").format(new Date() + 1)}</v13:endDate>
         </v11:subscriptionRequest>
      </v1:subscribeReferenceRequest>
   </soapenv:Body>
</soapenv:Envelope>]]></con:request><con:assertion type="SOAP Fault Assertion" id="9298829e-c89b-47b3-ab9d-15190548b827" name="Not SOAP Fault"/><con:assertion type="SOAP Response" id="7987d421-7ec5-44c0-942b-31c534817707" name="SOAP Response"/><con:assertion type="Schema Compliance" id="ffada56c-91f5-4228-82cf-5da30cb00016" name="Schema Compliance"><con:configuration/></con:assertion><con:wsaConfig action="http://fidus.brussels/services/referencedir/subscribeReference"/></con:request></con:config></con:testStep><con:testStep type="request" id="7668b86d-3f40-4398-8117-22b699d50cde" name="testcase3 - Test - LB - Request"><con:settings/><con:config xsi:type="con:RequestStep" xmlns:xsi="http://www.w3.org/2001/XMLSchema-instance"><con:interface>ReferenceDirServiceHTTPBinding</con:interface><con:operation>subscribeReference</con:operation><con:request name="testcase3 - Test - LB - Request" id="991b2a14-8547-4b6f-aa2f-ceb395a782d6" outgoingWss="Outflow TEST"><con:settings/><con:encoding>UTF-8</con:encoding><con:endpoint>https://esb-security-gw.sta.srv.cirb.lan:8443/services/ReferenceDirService_v1.0</con:endpoint><con:request><![CDATA[<soapenv:Envelope xmlns:soapenv="http://schemas.xmlsoap.org/soap/envelope/" 
xmlns:v1="http://fidus.brussels/service/referencedir/messages/v1" 
xmlns:v11="http://fidus.brussels/type/referencedir/requests/subscribe/v1" 
xmlns:v12="http://fidus.brussels/type/common/messages/v1" 
xmlns:v13="http://fidus.brussels/type/referencedir/requests/v1">
   <soapenv:Header/>
   <soapenv:Body>
      <v1:subscribeReferenceRequest>
         <v11:messageContext>
            <v12:messageId>${=import static java.util.UUID.randomUUID; uuid = randomUUID() as String}</v12:messageId>
            <v12:timestamp>${=new java.text.SimpleDateFormat("yyyy-MM-dd'T'HH:mm:ss.SSS").format(new Date())}</v12:timestamp>
         </v11:messageContext>
         <v11:legalContext>ServiceIntegrator</v11:legalContext>
         <v11:subscriptionRequest>
            <v13:reference>
               <v13:personNumber>89102413022</v13:personNumber>
            </v13:reference>
            <!--Optional:-->
            <v13:endDate>${=new java.text.SimpleDateFormat("yyyy-MM-dd").format(new Date() + 1)}</v13:endDate>
         </v11:subscriptionRequest>
      </v1:subscribeReferenceRequest>
   </soapenv:Body>
</soapenv:Envelope>]]></con:request><con:assertion type="SOAP Fault Assertion" id="fb13232f-780d-4321-b62d-4451e2a98e00" name="Not SOAP Fault"/><con:assertion type="SOAP Response" id="11dc95dc-f286-4706-b8a3-c1f0b1d2db75" name="SOAP Response"/><con:assertion type="Schema Compliance" id="3847ce97-c454-447d-a4f6-90cf6c7dc5a5" name="Schema Compliance"><con:configuration/></con:assertion><con:wsaConfig action="http://fidus.brussels/services/referencedir/subscribeReference"/></con:request></con:config></con:testStep><con:testStep type="request" id="93fba18c-af66-449c-b9b9-a4ef44c88c54" name="testcase3 - Test - Worker1 - Request"><con:settings/><con:config xsi:type="con:RequestStep" xmlns:xsi="http://www.w3.org/2001/XMLSchema-instance"><con:interface>ReferenceDirServiceHTTPBinding</con:interface><con:operation>subscribeReference</con:operation><con:request name="testcase3 - Test - Worker1 - Request" id="c13da348-52ed-4b63-a058-361d54796809" outgoingWss="Outflow TEST"><con:settings/><con:encoding>UTF-8</con:encoding><con:endpoint>https://192.168.24.45:8443/services/ReferenceDirService_v1.0</con:endpoint><con:request><![CDATA[<soapenv:Envelope xmlns:soapenv="http://schemas.xmlsoap.org/soap/envelope/" 
xmlns:v1="http://fidus.brussels/service/referencedir/messages/v1" 
xmlns:v11="http://fidus.brussels/type/referencedir/requests/subscribe/v1" 
xmlns:v12="http://fidus.brussels/type/common/messages/v1" 
xmlns:v13="http://fidus.brussels/type/referencedir/requests/v1">
   <soapenv:Header/>
   <soapenv:Body>
      <v1:subscribeReferenceRequest>
         <v11:messageContext>
            <v12:messageId>${=import static java.util.UUID.randomUUID; uuid = randomUUID() as String}</v12:messageId>
            <v12:timestamp>${=new java.text.SimpleDateFormat("yyyy-MM-dd'T'HH:mm:ss.SSS").format(new Date())}</v12:timestamp>
         </v11:messageContext>
         <v11:legalContext>ServiceIntegrator</v11:legalContext>
         <v11:subscriptionRequest>
            <v13:reference>
               <v13:personNumber>89102413022</v13:personNumber>
            </v13:reference>
            <!--Optional:-->
            <v13:endDate>${=new java.text.SimpleDateFormat("yyyy-MM-dd").format(new Date() + 1)}</v13:endDate>
         </v11:subscriptionRequest>
      </v1:subscribeReferenceRequest>
   </soapenv:Body>
</soapenv:Envelope>]]></con:request><con:assertion type="SOAP Fault Assertion" id="89a7fcb9-f32d-4d47-a6a3-469bd05344f7" name="Not SOAP Fault"/><con:assertion type="SOAP Response" id="c8063388-4af9-4482-bab3-715e76d2714d" name="SOAP Response"/><con:assertion type="Schema Compliance" id="835c3861-a8de-434d-9bf9-1e63e0bd7c72" name="Schema Compliance"><con:configuration/></con:assertion><con:wsaConfig action="http://fidus.brussels/services/referencedir/subscribeReference"/></con:request></con:config></con:testStep><con:testStep type="request" id="6f2559c9-d933-4a6e-9f75-20ef2182ff00" name="testcase3 - Test - Worker2 - Request"><con:settings/><con:config xsi:type="con:RequestStep" xmlns:xsi="http://www.w3.org/2001/XMLSchema-instance"><con:interface>ReferenceDirServiceHTTPBinding</con:interface><con:operation>subscribeReference</con:operation><con:request name="testcase3 - Test - Worker2 - Request" id="ee096e64-8009-4f6f-8501-d20ba2dc32cb" outgoingWss="Outflow TEST"><con:settings/><con:encoding>UTF-8</con:encoding><con:endpoint>https://192.168.24.51:8443/services/ReferenceDirService_v1.0</con:endpoint><con:request><![CDATA[<soapenv:Envelope xmlns:soapenv="http://schemas.xmlsoap.org/soap/envelope/" 
xmlns:v1="http://fidus.brussels/service/referencedir/messages/v1" 
xmlns:v11="http://fidus.brussels/type/referencedir/requests/subscribe/v1" 
xmlns:v12="http://fidus.brussels/type/common/messages/v1" 
xmlns:v13="http://fidus.brussels/type/referencedir/requests/v1">
   <soapenv:Header/>
   <soapenv:Body>
      <v1:subscribeReferenceRequest>
         <v11:messageContext>
            <v12:messageId>${=import static java.util.UUID.randomUUID; uuid = randomUUID() as String}</v12:messageId>
            <v12:timestamp>${=new java.text.SimpleDateFormat("yyyy-MM-dd'T'HH:mm:ss.SSS").format(new Date())}</v12:timestamp>
         </v11:messageContext>
         <v11:legalContext>ServiceIntegrator</v11:legalContext>
         <v11:subscriptionRequest>
            <v13:reference>
               <v13:personNumber>89102413022</v13:personNumber>
            </v13:reference>
            <!--Optional:-->
            <v13:endDate>${=new java.text.SimpleDateFormat("yyyy-MM-dd").format(new Date() + 1)}</v13:endDate>
         </v11:subscriptionRequest>
      </v1:subscribeReferenceRequest>
   </soapenv:Body>
</soapenv:Envelope>]]></con:request><con:assertion type="SOAP Fault Assertion" id="b12c38ed-f185-43f2-ab6b-84df6be7f1ed" name="Not SOAP Fault"/><con:assertion type="SOAP Response" id="68639fc1-ad2b-4d20-8f7c-5c75dabccd5b" name="SOAP Response"/><con:assertion type="Schema Compliance" id="51ac43cd-a4bf-4c69-b3a5-36b3f2c6cb75" name="Schema Compliance"><con:configuration/></con:assertion><con:wsaConfig action="http://fidus.brussels/services/referencedir/subscribeReference"/></con:request></con:config></con:testStep><con:testStep type="request" id="bfa5f9f4-ffb5-43c0-a8d7-116807ae1776" name="testcase3 - Test - Worker1New - Request"><con:settings/><con:config xsi:type="con:RequestStep" xmlns:xsi="http://www.w3.org/2001/XMLSchema-instance"><con:interface>ReferenceDirServiceHTTPBinding</con:interface><con:operation>subscribeReference</con:operation><con:request name="testcase3 - Test - Worker1New - Request" id="ee122900-d3e9-4b11-a859-851a532613c4" outgoingWss="Outflow TEST"><con:settings/><con:encoding>UTF-8</con:encoding><con:endpoint>https://192.168.24.45:8443/services/ReferenceDirService_v1.0</con:endpoint><con:request><![CDATA[<soapenv:Envelope xmlns:soapenv="http://schemas.xmlsoap.org/soap/envelope/" 
xmlns:v1="http://fidus.brussels/service/referencedir/messages/v1" 
xmlns:v11="http://fidus.brussels/type/referencedir/requests/subscribe/v1" 
xmlns:v12="http://fidus.brussels/type/common/messages/v1" 
xmlns:v13="http://fidus.brussels/type/referencedir/requests/v1">
   <soapenv:Header/>
   <soapenv:Body>
      <v1:subscribeReferenceRequest>
         <v11:messageContext>
            <v12:messageId>${=import static java.util.UUID.randomUUID; uuid = randomUUID() as String}</v12:messageId>
            <v12:timestamp>${=new java.text.SimpleDateFormat("yyyy-MM-dd'T'HH:mm:ss.SSS").format(new Date())}</v12:timestamp>
         </v11:messageContext>
         <v11:legalContext>ServiceIntegrator</v11:legalContext>
         <v11:subscriptionRequest>
            <v13:reference>
               <v13:personNumber>89102413022</v13:personNumber>
            </v13:reference>
            <!--Optional:-->
            <v13:endDate>${=new java.text.SimpleDateFormat("yyyy-MM-dd").format(new Date() + 1)}</v13:endDate>
         </v11:subscriptionRequest>
      </v1:subscribeReferenceRequest>
   </soapenv:Body>
</soapenv:Envelope>]]></con:request><con:assertion type="SOAP Fault Assertion" id="9abf832e-eaa4-41c3-8c8f-3f1266e96705" name="Not SOAP Fault"/><con:assertion type="SOAP Response" id="d36f9d48-9836-4bac-bd90-ebc0a2dd5a31" name="SOAP Response"/><con:assertion type="Schema Compliance" id="f3134026-12c4-4af3-8af0-165ef28f88f7" name="Schema Compliance"><con:configuration/></con:assertion><con:wsaConfig action="http://fidus.brussels/services/referencedir/subscribeReference"/></con:request></con:config></con:testStep><con:testStep type="request" id="87ce8162-f377-4b9b-ab7e-d776bd2b814d" name="testcase3 - Test - Worker2New - Request"><con:settings/><con:config xsi:type="con:RequestStep" xmlns:xsi="http://www.w3.org/2001/XMLSchema-instance"><con:interface>ReferenceDirServiceHTTPBinding</con:interface><con:operation>subscribeReference</con:operation><con:request name="testcase3 - Test - Worker2New - Request" id="117b5bcf-23cc-489f-900d-e9305dbe12bf" outgoingWss="Outflow TEST"><con:settings/><con:encoding>UTF-8</con:encoding><con:endpoint>https://192.168.24.51:8443/services/ReferenceDirService_v1.0</con:endpoint><con:request><![CDATA[<soapenv:Envelope xmlns:soapenv="http://schemas.xmlsoap.org/soap/envelope/" 
xmlns:v1="http://fidus.brussels/service/referencedir/messages/v1" 
xmlns:v11="http://fidus.brussels/type/referencedir/requests/subscribe/v1" 
xmlns:v12="http://fidus.brussels/type/common/messages/v1" 
xmlns:v13="http://fidus.brussels/type/referencedir/requests/v1">
   <soapenv:Header/>
   <soapenv:Body>
      <v1:subscribeReferenceRequest>
         <v11:messageContext>
            <v12:messageId>${=import static java.util.UUID.randomUUID; uuid = randomUUID() as String}</v12:messageId>
            <v12:timestamp>${=new java.text.SimpleDateFormat("yyyy-MM-dd'T'HH:mm:ss.SSS").format(new Date())}</v12:timestamp>
         </v11:messageContext>
         <v11:legalContext>ServiceIntegrator</v11:legalContext>
         <v11:subscriptionRequest>
            <v13:reference>
               <v13:personNumber>89102413022</v13:personNumber>
            </v13:reference>
            <!--Optional:-->
            <v13:endDate>${=new java.text.SimpleDateFormat("yyyy-MM-dd").format(new Date() + 1)}</v13:endDate>
         </v11:subscriptionRequest>
      </v1:subscribeReferenceRequest>
   </soapenv:Body>
</soapenv:Envelope>]]></con:request><con:assertion type="SOAP Fault Assertion" id="e8d20ad8-fbef-446c-b098-406651bd2adc" name="Not SOAP Fault"/><con:assertion type="SOAP Response" id="a189257d-0a5b-4033-80b0-7e5255ba09f1" name="SOAP Response"/><con:assertion type="Schema Compliance" id="1ff1330d-ae21-4557-bd73-4b098a8df343" name="Schema Compliance"><con:configuration/></con:assertion><con:wsaConfig action="http://fidus.brussels/services/referencedir/subscribeReference"/></con:request></con:config></con:testStep><con:properties/></con:testCase><con:testCase id="5623b79d-2567-44aa-9660-dba553ae5713" failOnError="true" failTestCaseOnErrors="true" keepSession="false" maxResults="0" name="unsubscribeReference" searchProperties="true"><con:settings/><con:testStep type="request" id="604d63c9-bf7d-40a5-a274-7a2726e2b9a9" name="testcase3 - Test - External - Request"><con:settings/><con:config xsi:type="con:RequestStep" xmlns:xsi="http://www.w3.org/2001/XMLSchema-instance"><con:interface>ReferenceDirServiceHTTPBinding</con:interface><con:operation>unsubscribeReference</con:operation><con:request name="testcase3 - Test - External - Request" id="d0cc3679-5295-4ed3-b7bc-cc2272cd44db" outgoingWss="Outflow TEST"><con:settings/><con:encoding>UTF-8</con:encoding><con:endpoint>https://fidus-test.irisnetlab.be/services/ReferenceDirService_v1.0</con:endpoint><con:request><![CDATA[<soapenv:Envelope xmlns:soapenv="http://schemas.xmlsoap.org/soap/envelope/" xmlns:v1="http://fidus.brussels/service/referencedir/messages/v1" xmlns:v11="http://fidus.brussels/type/referencedir/requests/unsubscribe/v1" xmlns:v12="http://fidus.brussels/type/common/messages/v1" xmlns:v13="http://fidus.brussels/type/referencedir/requests/v1">
   <soapenv:Header/>
   <soapenv:Body>
      <v1:unsubscribeReferenceRequest>
         <v11:messageContext>
            <v12:messageId>${=import static java.util.UUID.randomUUID; uuid = randomUUID() as String}</v12:messageId>
            <v12:timestamp>${=new java.text.SimpleDateFormat("yyyy-MM-dd'T'HH:mm:ss.SSS").format(new Date())}</v12:timestamp>
         </v11:messageContext>
         <v11:legalContext>ServiceIntegrator</v11:legalContext>
         <v11:unsubscriptionRequest>
            <v13:reference>
               <v13:personNumber>89102413022</v13:personNumber>
            </v13:reference>
         </v11:unsubscriptionRequest>
      </v1:unsubscribeReferenceRequest>
   </soapenv:Body>
</soapenv:Envelope>]]></con:request><con:assertion type="SOAP Fault Assertion" id="6e1849d9-93d0-405b-b7ed-6ba7ffe9f376" name="Not SOAP Fault"/><con:assertion type="SOAP Response" id="2abd01ec-ecc2-4bc0-8f21-0ce9df9fb361" name="SOAP Response"/><con:assertion type="Schema Compliance" id="610c6d44-4a8b-41d0-a586-487eb7399e53" name="Schema Compliance"><con:configuration/></con:assertion><con:wsaConfig action="http://fidus.brussels/services/referencedir/unsubscribeReference"/></con:request></con:config></con:testStep><con:testStep type="request" id="287738a8-c18c-447a-9c56-2b020b0977eb" name="testcase3 - Test - LB - Request"><con:settings/><con:config xsi:type="con:RequestStep" xmlns:xsi="http://www.w3.org/2001/XMLSchema-instance"><con:interface>ReferenceDirServiceHTTPBinding</con:interface><con:operation>unsubscribeReference</con:operation><con:request name="testcase3 - Test - LB - Request" id="be67d163-0d90-40fa-aaa7-abc77a69c1da" outgoingWss="Outflow TEST"><con:settings/><con:encoding>UTF-8</con:encoding><con:endpoint>https://esb-security-gw.sta.srv.cirb.lan:8443/services/ReferenceDirService_v1.0</con:endpoint><con:request><![CDATA[<soapenv:Envelope xmlns:soapenv="http://schemas.xmlsoap.org/soap/envelope/" xmlns:v1="http://fidus.brussels/service/referencedir/messages/v1" xmlns:v11="http://fidus.brussels/type/referencedir/requests/unsubscribe/v1" xmlns:v12="http://fidus.brussels/type/common/messages/v1" xmlns:v13="http://fidus.brussels/type/referencedir/requests/v1">
   <soapenv:Header/>
   <soapenv:Body>
      <v1:unsubscribeReferenceRequest>
         <v11:messageContext>
            <v12:messageId>${=import static java.util.UUID.randomUUID; uuid = randomUUID() as String}</v12:messageId>
            <v12:timestamp>${=new java.text.SimpleDateFormat("yyyy-MM-dd'T'HH:mm:ss.SSS").format(new Date())}</v12:timestamp>
         </v11:messageContext>
         <v11:legalContext>ServiceIntegrator</v11:legalContext>
         <v11:unsubscriptionRequest>
            <v13:reference>
               <v13:personNumber>89102413022</v13:personNumber>
            </v13:reference>
         </v11:unsubscriptionRequest>
      </v1:unsubscribeReferenceRequest>
   </soapenv:Body>
</soapenv:Envelope>]]></con:request><con:assertion type="SOAP Fault Assertion" id="ece13f94-77ef-4be4-8dbf-c5b6b944a4c6" name="Not SOAP Fault"/><con:assertion type="SOAP Response" id="f60f6f31-5947-44b5-9283-6aa049f00188" name="SOAP Response"/><con:assertion type="Schema Compliance" id="8ef8b061-ffd8-4254-8db4-6a6bf41800d9" name="Schema Compliance"><con:configuration/></con:assertion><con:wsaConfig action="http://fidus.brussels/services/referencedir/unsubscribeReference"/></con:request></con:config></con:testStep><con:testStep type="request" id="0f7b4c14-b239-45c5-80a6-3fe69f75dc89" name="testcase3 - Test - Worker1 - Request"><con:settings/><con:config xsi:type="con:RequestStep" xmlns:xsi="http://www.w3.org/2001/XMLSchema-instance"><con:interface>ReferenceDirServiceHTTPBinding</con:interface><con:operation>unsubscribeReference</con:operation><con:request name="testcase3 - Test - Worker1 - Request" id="cd88cd1a-b478-4f95-a268-9a22ea645e54" outgoingWss="Outflow TEST"><con:settings/><con:encoding>UTF-8</con:encoding><con:endpoint>https://192.168.24.45:8443/services/ReferenceDirService_v1.0</con:endpoint><con:request><![CDATA[<soapenv:Envelope xmlns:soapenv="http://schemas.xmlsoap.org/soap/envelope/" xmlns:v1="http://fidus.brussels/service/referencedir/messages/v1" xmlns:v11="http://fidus.brussels/type/referencedir/requests/unsubscribe/v1" xmlns:v12="http://fidus.brussels/type/common/messages/v1" xmlns:v13="http://fidus.brussels/type/referencedir/requests/v1">
   <soapenv:Header/>
   <soapenv:Body>
      <v1:unsubscribeReferenceRequest>
         <v11:messageContext>
            <v12:messageId>${=import static java.util.UUID.randomUUID; uuid = randomUUID() as String}</v12:messageId>
            <v12:timestamp>${=new java.text.SimpleDateFormat("yyyy-MM-dd'T'HH:mm:ss.SSS").format(new Date())}</v12:timestamp>
         </v11:messageContext>
         <v11:legalContext>ServiceIntegrator</v11:legalContext>
         <v11:unsubscriptionRequest>
            <v13:reference>
               <v13:personNumber>89102413022</v13:personNumber>
            </v13:reference>
         </v11:unsubscriptionRequest>
      </v1:unsubscribeReferenceRequest>
   </soapenv:Body>
</soapenv:Envelope>]]></con:request><con:assertion type="SOAP Fault Assertion" id="7c3d89ad-4627-4541-9417-6fd323b57278" name="Not SOAP Fault"/><con:assertion type="SOAP Response" id="b434c8f8-6994-461b-bf6d-c09b49388fef" name="SOAP Response"/><con:assertion type="Schema Compliance" id="f5378a4f-603a-4e98-acc0-d4f5b8cfd5c3" name="Schema Compliance"><con:configuration/></con:assertion><con:wsaConfig action="http://fidus.brussels/services/referencedir/unsubscribeReference"/></con:request></con:config></con:testStep><con:testStep type="request" id="a4842406-fe0f-47f8-9e96-3f831a94bcff" name="testcase3 - Test - Worker2 - Request"><con:settings/><con:config xsi:type="con:RequestStep" xmlns:xsi="http://www.w3.org/2001/XMLSchema-instance"><con:interface>ReferenceDirServiceHTTPBinding</con:interface><con:operation>unsubscribeReference</con:operation><con:request name="testcase3 - Test - Worker2 - Request" id="5355aafd-fda9-43fc-b9c2-9e07af8bf45f" outgoingWss="Outflow TEST"><con:settings/><con:encoding>UTF-8</con:encoding><con:endpoint>https://192.168.24.51:8443/services/ReferenceDirService_v1.0</con:endpoint><con:request><![CDATA[<soapenv:Envelope xmlns:soapenv="http://schemas.xmlsoap.org/soap/envelope/" xmlns:v1="http://fidus.brussels/service/referencedir/messages/v1" xmlns:v11="http://fidus.brussels/type/referencedir/requests/unsubscribe/v1" xmlns:v12="http://fidus.brussels/type/common/messages/v1" xmlns:v13="http://fidus.brussels/type/referencedir/requests/v1">
   <soapenv:Header/>
   <soapenv:Body>
      <v1:unsubscribeReferenceRequest>
         <v11:messageContext>
            <v12:messageId>${=import static java.util.UUID.randomUUID; uuid = randomUUID() as String}</v12:messageId>
            <v12:timestamp>${=new java.text.SimpleDateFormat("yyyy-MM-dd'T'HH:mm:ss.SSS").format(new Date())}</v12:timestamp>
         </v11:messageContext>
         <v11:legalContext>ServiceIntegrator</v11:legalContext>
         <v11:unsubscriptionRequest>
            <v13:reference>
               <v13:personNumber>89102413022</v13:personNumber>
            </v13:reference>
         </v11:unsubscriptionRequest>
      </v1:unsubscribeReferenceRequest>
   </soapenv:Body>
</soapenv:Envelope>]]></con:request><con:assertion type="SOAP Fault Assertion" id="64d98f70-05e2-4d5d-b987-e015a280ad4e" name="Not SOAP Fault"/><con:assertion type="SOAP Response" id="67f2400c-ab91-49a0-8231-7026d9e88dd1" name="SOAP Response"/><con:assertion type="Schema Compliance" id="86c37973-5057-4c72-9fa1-88f2fbecd5cd" name="Schema Compliance"><con:configuration/></con:assertion><con:wsaConfig action="http://fidus.brussels/services/referencedir/unsubscribeReference"/></con:request></con:config></con:testStep><con:testStep type="request" id="3f632828-823d-4315-a649-397785e7391c" name="testcase3 - Test - Worker1New - Request"><con:settings/><con:config xsi:type="con:RequestStep" xmlns:xsi="http://www.w3.org/2001/XMLSchema-instance"><con:interface>ReferenceDirServiceHTTPBinding</con:interface><con:operation>unsubscribeReference</con:operation><con:request name="testcase3 - Test - Worker1New - Request" id="ffc840a2-e26e-4444-bd0e-bd7e70a5743d" outgoingWss="Outflow TEST"><con:settings/><con:encoding>UTF-8</con:encoding><con:endpoint>https://192.168.24.45:8443/services/ReferenceDirService_v1.0</con:endpoint><con:request><![CDATA[<soapenv:Envelope xmlns:soapenv="http://schemas.xmlsoap.org/soap/envelope/" xmlns:v1="http://fidus.brussels/service/referencedir/messages/v1" xmlns:v11="http://fidus.brussels/type/referencedir/requests/unsubscribe/v1" xmlns:v12="http://fidus.brussels/type/common/messages/v1" xmlns:v13="http://fidus.brussels/type/referencedir/requests/v1">
   <soapenv:Header/>
   <soapenv:Body>
      <v1:unsubscribeReferenceRequest>
         <v11:messageContext>
            <v12:messageId>${=import static java.util.UUID.randomUUID; uuid = randomUUID() as String}</v12:messageId>
            <v12:timestamp>${=new java.text.SimpleDateFormat("yyyy-MM-dd'T'HH:mm:ss.SSS").format(new Date())}</v12:timestamp>
         </v11:messageContext>
         <v11:legalContext>ServiceIntegrator</v11:legalContext>
         <v11:unsubscriptionRequest>
            <v13:reference>
               <v13:personNumber>89102413022</v13:personNumber>
            </v13:reference>
         </v11:unsubscriptionRequest>
      </v1:unsubscribeReferenceRequest>
   </soapenv:Body>
</soapenv:Envelope>]]></con:request><con:assertion type="SOAP Fault Assertion" id="64ef9ff0-e741-4db6-bd86-f7986f125d70" name="Not SOAP Fault"/><con:assertion type="SOAP Response" id="e47e7571-5b85-4392-aa5c-c1a3293b55b0" name="SOAP Response"/><con:assertion type="Schema Compliance" id="49e7c1ec-1703-45f2-b6e7-813c520a1dc9" name="Schema Compliance"><con:configuration/></con:assertion><con:wsaConfig action="http://fidus.brussels/services/referencedir/unsubscribeReference"/></con:request></con:config></con:testStep><con:testStep type="request" id="274ef43e-9ba1-491f-abcd-f26b9891a888" name="testcase3 - Test - Worker2New - Request"><con:settings/><con:config xsi:type="con:RequestStep" xmlns:xsi="http://www.w3.org/2001/XMLSchema-instance"><con:interface>ReferenceDirServiceHTTPBinding</con:interface><con:operation>unsubscribeReference</con:operation><con:request name="testcase3 - Test - Worker2New - Request" id="0db2e992-ffd2-4c86-8225-ae6c2908e814" outgoingWss="Outflow TEST"><con:settings/><con:encoding>UTF-8</con:encoding><con:endpoint>https://192.168.24.51:8443/services/ReferenceDirService_v1.0</con:endpoint><con:request><![CDATA[<soapenv:Envelope xmlns:soapenv="http://schemas.xmlsoap.org/soap/envelope/" xmlns:v1="http://fidus.brussels/service/referencedir/messages/v1" xmlns:v11="http://fidus.brussels/type/referencedir/requests/unsubscribe/v1" xmlns:v12="http://fidus.brussels/type/common/messages/v1" xmlns:v13="http://fidus.brussels/type/referencedir/requests/v1">
   <soapenv:Header/>
   <soapenv:Body>
      <v1:unsubscribeReferenceRequest>
         <v11:messageContext>
            <v12:messageId>${=import static java.util.UUID.randomUUID; uuid = randomUUID() as String}</v12:messageId>
            <v12:timestamp>${=new java.text.SimpleDateFormat("yyyy-MM-dd'T'HH:mm:ss.SSS").format(new Date())}</v12:timestamp>
         </v11:messageContext>
         <v11:legalContext>ServiceIntegrator</v11:legalContext>
         <v11:unsubscriptionRequest>
            <v13:reference>
               <v13:personNumber>89102413022</v13:personNumber>
            </v13:reference>
         </v11:unsubscriptionRequest>
      </v1:unsubscribeReferenceRequest>
   </soapenv:Body>
</soapenv:Envelope>]]></con:request><con:assertion type="SOAP Fault Assertion" id="fbdfb1bc-2c30-49ee-9768-06795a08b5dc" name="Not SOAP Fault"/><con:assertion type="SOAP Response" id="99ad0dee-1d54-446a-ba28-2d4b11e05694" name="SOAP Response"/><con:assertion type="Schema Compliance" id="03802afa-2081-49e1-83f8-58ad957728d2" name="Schema Compliance"><con:configuration/></con:assertion><con:wsaConfig action="http://fidus.brussels/services/referencedir/unsubscribeReference"/></con:request></con:config></con:testStep><con:properties/></con:testCase><con:testCase id="4817361c-d35d-4086-9c9f-eec55f02c692" failOnError="true" failTestCaseOnErrors="true" keepSession="false" maxResults="0" name="getServicesReference" searchProperties="true"><con:settings/><con:testStep type="request" id="854c8736-88cd-4116-85dc-d0b8583ceb7b" name="testcase3 - Test - External - Request"><con:settings/><con:config xsi:type="con:RequestStep" xmlns:xsi="http://www.w3.org/2001/XMLSchema-instance"><con:interface>ReferenceDirServiceHTTPBinding</con:interface><con:operation>getServicesReference</con:operation><con:request name="testcase3 - Test - External - Request" id="9139ce50-91ec-4ed5-ad72-ad38948dc0ca" outgoingWss="Outflow TEST"><con:settings/><con:encoding>UTF-8</con:encoding><con:endpoint>https://fidus-test.irisnetlab.be/services/ReferenceDirService_v1.0</con:endpoint><con:request><![CDATA[<soapenv:Envelope xmlns:soapenv="http://schemas.xmlsoap.org/soap/envelope/" xmlns:v1="http://fidus.brussels/service/referencedir/messages/v1" xmlns:v11="http://fidus.brussels/type/referencedir/requests/getservices/v1" xmlns:v12="http://fidus.brussels/type/common/messages/v1" >
   <soapenv:Header/>
   <soapenv:Body>
      <v1:getServicesReferenceRequest>
         <v11:messageContext>
            <v12:messageId>${=import static java.util.UUID.randomUUID; uuid = randomUUID() as String}</v12:messageId>
            <v12:timestamp>${=new java.text.SimpleDateFormat("yyyy-MM-dd'T'HH:mm:ss.SSS").format(new Date())}</v12:timestamp>
         </v11:messageContext>
         <v11:legalContext>ServiceIntegrator</v11:legalContext>
         <v11:getServicesRequest></v11:getServicesRequest>
      </v1:getServicesReferenceRequest>
   </soapenv:Body>
</soapenv:Envelope>]]></con:request><con:assertion type="SOAP Fault Assertion" id="fb9cd9ac-011d-41fc-b4d6-2fc6e5377d35" name="Not SOAP Fault"/><con:assertion type="SOAP Response" id="9b75beff-6869-499e-8271-f1e05e6662ae" name="SOAP Response"/><con:assertion type="Schema Compliance" id="89e8efee-ce1e-44b6-826e-3489c3bf5c14" name="Schema Compliance"><con:configuration/></con:assertion><con:wsaConfig action="http://fidus.brussels/services/referencedir/getServicesReference"/></con:request></con:config></con:testStep><con:testStep type="request" id="5b7f24c5-9cd1-4c41-9699-73566e0fee19" name="testcase3 - Test - LB - Request"><con:settings/><con:config xsi:type="con:RequestStep" xmlns:xsi="http://www.w3.org/2001/XMLSchema-instance"><con:interface>ReferenceDirServiceHTTPBinding</con:interface><con:operation>getServicesReference</con:operation><con:request name="testcase3 - Test - LB - Request" id="a7ec7a14-a0dd-452b-b6ca-3c30304c5521" outgoingWss="Outflow TEST"><con:settings/><con:encoding>UTF-8</con:encoding><con:endpoint>https://esb-security-gw.sta.srv.cirb.lan:8443/services/ReferenceDirService_v1.0</con:endpoint><con:request><![CDATA[<soapenv:Envelope xmlns:soapenv="http://schemas.xmlsoap.org/soap/envelope/" xmlns:v1="http://fidus.brussels/service/referencedir/messages/v1" xmlns:v11="http://fidus.brussels/type/referencedir/requests/getservices/v1" xmlns:v12="http://fidus.brussels/type/common/messages/v1" >
   <soapenv:Header/>
   <soapenv:Body>
      <v1:getServicesReferenceRequest>
         <v11:messageContext>
            <v12:messageId>${=import static java.util.UUID.randomUUID; uuid = randomUUID() as String}</v12:messageId>
            <v12:timestamp>${=new java.text.SimpleDateFormat("yyyy-MM-dd'T'HH:mm:ss.SSS").format(new Date())}</v12:timestamp>
         </v11:messageContext>
         <v11:legalContext>ServiceIntegrator</v11:legalContext>
         <v11:getServicesRequest></v11:getServicesRequest>
      </v1:getServicesReferenceRequest>
   </soapenv:Body>
</soapenv:Envelope>]]></con:request><con:assertion type="SOAP Fault Assertion" id="bc0be791-c788-463a-8bb6-284cf75b54c8" name="Not SOAP Fault"/><con:assertion type="SOAP Response" id="684c4dab-e2f5-4767-b671-3677ff5b7218" name="SOAP Response"/><con:assertion type="Schema Compliance" id="97038927-4252-4f07-8cc2-82521b3c960a" name="Schema Compliance"><con:configuration/></con:assertion><con:wsaConfig action="http://fidus.brussels/services/referencedir/getServicesReference"/></con:request></con:config></con:testStep><con:testStep type="request" id="41deddfc-490d-47c8-aec7-d2c128622408" name="testcase3 - Test - Worker1 - Request"><con:settings/><con:config xsi:type="con:RequestStep" xmlns:xsi="http://www.w3.org/2001/XMLSchema-instance"><con:interface>ReferenceDirServiceHTTPBinding</con:interface><con:operation>getServicesReference</con:operation><con:request name="testcase3 - Test - Worker1 - Request" id="c83ca9bf-09e9-4cb7-98ed-3dfe443e87c3" outgoingWss="Outflow TEST"><con:settings/><con:encoding>UTF-8</con:encoding><con:endpoint>https://192.168.24.45:8443/services/ReferenceDirService_v1.0</con:endpoint><con:request><![CDATA[<soapenv:Envelope xmlns:soapenv="http://schemas.xmlsoap.org/soap/envelope/" xmlns:v1="http://fidus.brussels/service/referencedir/messages/v1" xmlns:v11="http://fidus.brussels/type/referencedir/requests/getservices/v1" xmlns:v12="http://fidus.brussels/type/common/messages/v1" >
   <soapenv:Header/>
   <soapenv:Body>
      <v1:getServicesReferenceRequest>
         <v11:messageContext>
            <v12:messageId>${=import static java.util.UUID.randomUUID; uuid = randomUUID() as String}</v12:messageId>
            <v12:timestamp>${=new java.text.SimpleDateFormat("yyyy-MM-dd'T'HH:mm:ss.SSS").format(new Date())}</v12:timestamp>
         </v11:messageContext>
         <v11:legalContext>ServiceIntegrator</v11:legalContext>
         <v11:getServicesRequest></v11:getServicesRequest>
      </v1:getServicesReferenceRequest>
   </soapenv:Body>
</soapenv:Envelope>]]></con:request><con:assertion type="SOAP Fault Assertion" id="f9cd88ae-fdf3-4090-86d2-043bd279be10" name="Not SOAP Fault"/><con:assertion type="SOAP Response" id="aeb2b4be-4f0b-4d0b-87cc-94e1926c1146" name="SOAP Response"/><con:assertion type="Schema Compliance" id="bf68650d-d123-4cf3-8b36-9d368007cd6b" name="Schema Compliance"><con:configuration/></con:assertion><con:wsaConfig action="http://fidus.brussels/services/referencedir/getServicesReference"/></con:request></con:config></con:testStep><con:testStep type="request" id="fe78f126-771c-46c9-9ab0-f142aeabcc52" name="testcase3 - Test - Worker2 - Request"><con:settings/><con:config xsi:type="con:RequestStep" xmlns:xsi="http://www.w3.org/2001/XMLSchema-instance"><con:interface>ReferenceDirServiceHTTPBinding</con:interface><con:operation>getServicesReference</con:operation><con:request name="testcase3 - Test - Worker2 - Request" id="aaf77c4e-9559-4281-a7fa-0d621a04e317" outgoingWss="Outflow TEST"><con:settings/><con:encoding>UTF-8</con:encoding><con:endpoint>https://192.168.24.51:8443/services/ReferenceDirService_v1.0</con:endpoint><con:request><![CDATA[<soapenv:Envelope xmlns:soapenv="http://schemas.xmlsoap.org/soap/envelope/" xmlns:v1="http://fidus.brussels/service/referencedir/messages/v1" xmlns:v11="http://fidus.brussels/type/referencedir/requests/getservices/v1" xmlns:v12="http://fidus.brussels/type/common/messages/v1" >
   <soapenv:Header/>
   <soapenv:Body>
      <v1:getServicesReferenceRequest>
         <v11:messageContext>
            <v12:messageId>${=import static java.util.UUID.randomUUID; uuid = randomUUID() as String}</v12:messageId>
            <v12:timestamp>${=new java.text.SimpleDateFormat("yyyy-MM-dd'T'HH:mm:ss.SSS").format(new Date())}</v12:timestamp>
         </v11:messageContext>
         <v11:legalContext>ServiceIntegrator</v11:legalContext>
         <v11:getServicesRequest></v11:getServicesRequest>
      </v1:getServicesReferenceRequest>
   </soapenv:Body>
</soapenv:Envelope>]]></con:request><con:assertion type="SOAP Fault Assertion" id="88a235c1-ec05-484c-a4f5-9ebf5ba959c0" name="Not SOAP Fault"/><con:assertion type="SOAP Response" id="261ceb51-1922-4ac9-a1fa-7bdc221e2b95" name="SOAP Response"/><con:assertion type="Schema Compliance" id="3098450c-b306-4573-a528-f7e86f58cc77" name="Schema Compliance"><con:configuration/></con:assertion><con:wsaConfig action="http://fidus.brussels/services/referencedir/getServicesReference"/></con:request></con:config></con:testStep><con:properties/></con:testCase><con:properties/></con:testSuite><con:testSuite id="5d17c2cf-0967-41ac-ade3-91fd75c2dbc3" name="STAG"><con:settings/><con:runType>SEQUENTIAL</con:runType><con:testCase id="6dad0067-cddc-4491-bdc8-f958aaa8a4f4" failOnError="true" failTestCaseOnErrors="true" keepSession="false" maxResults="0" name="subscribeReference" searchProperties="true"><con:settings/><con:testStep type="request" id="1c0f88ef-e856-44c6-af1b-13ccef5b327f" name="testcase4 - Staging - Worker1 - Request"><con:settings/><con:config xsi:type="con:RequestStep" xmlns:xsi="http://www.w3.org/2001/XMLSchema-instance"><con:interface>ReferenceDirServiceHTTPBinding</con:interface><con:operation>subscribeReference</con:operation><con:request name="testcase4 - Staging - Worker1 - Request" id="7c298358-8711-43b0-aaf1-e2de194aa87f" outgoingWss="Outflow STAG"><con:settings/><con:encoding>UTF-8</con:encoding><con:endpoint>https://192.168.24.57:8443/services/ReferenceDirService_v1.0</con:endpoint><con:request><![CDATA[<soapenv:Envelope xmlns:soapenv="http://schemas.xmlsoap.org/soap/envelope/" 
xmlns:v1="http://fidus.brussels/service/referencedir/messages/v1" 
xmlns:v11="http://fidus.brussels/type/referencedir/requests/subscribe/v1" 
xmlns:v12="http://fidus.brussels/type/common/messages/v1" 
xmlns:v13="http://fidus.brussels/type/referencedir/requests/v1">
   <soapenv:Header/>
   <soapenv:Body>
      <v1:subscribeReferenceRequest>
         <v11:messageContext>
            <v12:messageId>${=import static java.util.UUID.randomUUID; uuid = randomUUID() as String}</v12:messageId>
            <v12:timestamp>${=new java.text.SimpleDateFormat("yyyy-MM-dd'T'HH:mm:ss.SSS").format(new Date())}</v12:timestamp>
         </v11:messageContext>
         <v11:legalContext>ServiceIntegrator</v11:legalContext>
         <v11:subscriptionRequest>
            <v13:reference>
               <v13:personNumber>85081509931</v13:personNumber>
            </v13:reference>
            <!--Optional:-->
            <v13:endDate>${=new java.text.SimpleDateFormat("yyyy-MM-dd").format(new Date() + 1)}</v13:endDate>
         </v11:subscriptionRequest>
      </v1:subscribeReferenceRequest>
   </soapenv:Body>
</soapenv:Envelope>]]></con:request><con:assertion type="SOAP Fault Assertion" id="dffd6a35-4492-4f36-9f47-773db69ffa88" name="Not SOAP Fault"/><con:assertion type="SOAP Response" id="cc884afe-caf6-44f1-821f-e79a24bcec48" name="SOAP Response"/><con:assertion type="Schema Compliance" id="166e91a9-fe0e-4b7e-b785-b81df8a337b9" name="Schema Compliance"><con:configuration/></con:assertion><con:wsaConfig action="http://fidus.brussels/services/referencedir/subscribeReference"/></con:request></con:config></con:testStep><con:testStep type="request" id="7aefd279-dade-4041-89a8-84244461e1e2" name="testcase4 - Staging - Worker2 - Request"><con:settings/><con:config xsi:type="con:RequestStep" xmlns:xsi="http://www.w3.org/2001/XMLSchema-instance"><con:interface>ReferenceDirServiceHTTPBinding</con:interface><con:operation>subscribeReference</con:operation><con:request name="testcase4 - Staging - Worker2 - Request" id="c257506f-ef68-4bdd-9b80-81f2010625b1" outgoingWss="Outflow STAG"><con:settings/><con:encoding>UTF-8</con:encoding><con:endpoint>https://192.168.24.64:8443/services/ReferenceDirService_v1.0</con:endpoint><con:request><![CDATA[<soapenv:Envelope xmlns:soapenv="http://schemas.xmlsoap.org/soap/envelope/" 
xmlns:v1="http://fidus.brussels/service/referencedir/messages/v1" 
xmlns:v11="http://fidus.brussels/type/referencedir/requests/subscribe/v1" 
xmlns:v12="http://fidus.brussels/type/common/messages/v1" 
xmlns:v13="http://fidus.brussels/type/referencedir/requests/v1">
   <soapenv:Header/>
   <soapenv:Body>
      <v1:subscribeReferenceRequest>
         <v11:messageContext>
            <v12:messageId>${=import static java.util.UUID.randomUUID; uuid = randomUUID() as String}</v12:messageId>
            <v12:timestamp>${=new java.text.SimpleDateFormat("yyyy-MM-dd'T'HH:mm:ss.SSS").format(new Date())}</v12:timestamp>
         </v11:messageContext>
         <v11:legalContext>ServiceIntegrator</v11:legalContext>
         <v11:subscriptionRequest>
            <v13:reference>
               <v13:personNumber>85081509931</v13:personNumber>
            </v13:reference>
            <!--Optional:-->
            <v13:endDate>${=new java.text.SimpleDateFormat("yyyy-MM-dd").format(new Date() + 1)}</v13:endDate>
         </v11:subscriptionRequest>
      </v1:subscribeReferenceRequest>
   </soapenv:Body>
</soapenv:Envelope>]]></con:request><con:assertion type="SOAP Fault Assertion" id="9193547c-b1f5-49b5-a8ea-95e11010499d" name="Not SOAP Fault"/><con:assertion type="SOAP Response" id="67eadd8d-91dc-4995-91de-9735a9c97658" name="SOAP Response"/><con:assertion type="Schema Compliance" id="d87123e1-d33e-4df8-a757-bd30f5d2be26" name="Schema Compliance"><con:configuration/></con:assertion><con:wsaConfig action="http://fidus.brussels/services/referencedir/subscribeReference"/></con:request></con:config></con:testStep><con:testStep type="request" id="0c61c7aa-1ca5-414c-9086-25e55a0c33cb" name="testcase4 - Staging - LB - Request"><con:settings/><con:config xsi:type="con:RequestStep" xmlns:xsi="http://www.w3.org/2001/XMLSchema-instance"><con:interface>ReferenceDirServiceHTTPBinding</con:interface><con:operation>subscribeReference</con:operation><con:request name="testcase4 - Staging - LB - Request" id="5701fc2a-0559-4c5f-b3e5-1d103eced74b" outgoingWss="Outflow STAG"><con:settings/><con:encoding>UTF-8</con:encoding><con:endpoint>https://fidus-esb-sg.sta.srv.cirb.lan:8443/services/ReferenceDirService_v1.0</con:endpoint><con:request><![CDATA[<soapenv:Envelope xmlns:soapenv="http://schemas.xmlsoap.org/soap/envelope/" 
xmlns:v1="http://fidus.brussels/service/referencedir/messages/v1" 
xmlns:v11="http://fidus.brussels/type/referencedir/requests/subscribe/v1" 
xmlns:v12="http://fidus.brussels/type/common/messages/v1" 
xmlns:v13="http://fidus.brussels/type/referencedir/requests/v1">
   <soapenv:Header/>
   <soapenv:Body>
      <v1:subscribeReferenceRequest>
         <v11:messageContext>
            <v12:messageId>${=import static java.util.UUID.randomUUID; uuid = randomUUID() as String}</v12:messageId>
            <v12:timestamp>${=new java.text.SimpleDateFormat("yyyy-MM-dd'T'HH:mm:ss.SSS").format(new Date())}</v12:timestamp>
         </v11:messageContext>
         <v11:legalContext>ServiceIntegrator</v11:legalContext>
         <v11:subscriptionRequest>
            <v13:reference>
               <v13:personNumber>89102413022</v13:personNumber>
            </v13:reference>
            <!--Optional:-->
            <v13:endDate>${=new java.text.SimpleDateFormat("yyyy-MM-dd").format(new Date() + 1)}</v13:endDate>
         </v11:subscriptionRequest>
      </v1:subscribeReferenceRequest>
   </soapenv:Body>
</soapenv:Envelope>]]></con:request><con:assertion type="SOAP Fault Assertion" id="5287d64b-decd-4ca0-a73f-08bce4a530a1" name="Not SOAP Fault"/><con:assertion type="SOAP Response" id="c9297910-3984-43fe-90d6-b0f6e10c1518" name="SOAP Response"/><con:assertion type="Schema Compliance" id="0e26dc0b-5e6c-452f-a22f-3c2dd2378b5c" name="Schema Compliance"><con:configuration/></con:assertion><con:wsaConfig action="http://fidus.brussels/services/referencedir/subscribeReference"/></con:request></con:config></con:testStep><con:testStep type="request" id="20dd21f4-c0df-432d-aea9-ffe99626c359" name="testcase4 - Staging - External - Request"><con:settings/><con:config xsi:type="con:RequestStep" xmlns:xsi="http://www.w3.org/2001/XMLSchema-instance"><con:interface>ReferenceDirServiceHTTPBinding</con:interface><con:operation>subscribeReference</con:operation><con:request name="testcase4 - Staging - External - Request" id="dc0d0577-3736-43ba-bc4d-558c9685b52d" outgoingWss="Outflow STAG"><con:settings/><con:encoding>UTF-8</con:encoding><con:endpoint>https://fidus.irisnetlab.be/services/ReferenceDirService_v1.0</con:endpoint><con:request><![CDATA[<soapenv:Envelope xmlns:soapenv="http://schemas.xmlsoap.org/soap/envelope/" 
xmlns:v1="http://fidus.brussels/service/referencedir/messages/v1" 
xmlns:v11="http://fidus.brussels/type/referencedir/requests/subscribe/v1" 
xmlns:v12="http://fidus.brussels/type/common/messages/v1" 
xmlns:v13="http://fidus.brussels/type/referencedir/requests/v1">
   <soapenv:Header/>
   <soapenv:Body>
      <v1:subscribeReferenceRequest>
         <v11:messageContext>
            <v12:messageId>${=import static java.util.UUID.randomUUID; uuid = randomUUID() as String}</v12:messageId>
            <v12:timestamp>${=new java.text.SimpleDateFormat("yyyy-MM-dd'T'HH:mm:ss.SSS").format(new Date())}</v12:timestamp>
         </v11:messageContext>
         <v11:legalContext>ServiceIntegrator</v11:legalContext>
         <v11:subscriptionRequest>
            <v13:reference>
               <v13:personNumber>89102413022</v13:personNumber>
            </v13:reference>
            <!--Optional:-->
            <v13:endDate>${=new java.text.SimpleDateFormat("yyyy-MM-dd").format(new Date() + 1)}</v13:endDate>
         </v11:subscriptionRequest>
      </v1:subscribeReferenceRequest>
   </soapenv:Body>
</soapenv:Envelope>]]></con:request><con:assertion type="SOAP Fault Assertion" id="9b76e9c7-cf9c-4a13-8d51-7a611a947c12" name="Not SOAP Fault"/><con:assertion type="SOAP Response" id="3c20cb47-ecd5-4643-bb5e-4930d8b66a5c" name="SOAP Response"/><con:assertion type="Schema Compliance" id="cb523989-a4e3-4dc8-8668-66627883ae40" name="Schema Compliance"><con:configuration/></con:assertion><con:wsaConfig action="http://fidus.brussels/services/referencedir/subscribeReference"/></con:request></con:config></con:testStep><con:testStep type="request" id="ed403b2c-3874-4b44-a1bc-f9c6436423e4" name="testcase4 - Staging - Worker1New - Request"><con:settings/><con:config xsi:type="con:RequestStep" xmlns:xsi="http://www.w3.org/2001/XMLSchema-instance"><con:interface>ReferenceDirServiceHTTPBinding</con:interface><con:operation>subscribeReference</con:operation><con:request name="testcase4 - Staging - Worker1New - Request" id="cbe7747d-db88-49ba-ad0f-b3f20f65d71a" outgoingWss="Outflow STAG"><con:settings/><con:encoding>UTF-8</con:encoding><con:endpoint>https://192.168.24.57:8443/services/ReferenceDirService_v1.0</con:endpoint><con:request><![CDATA[<soapenv:Envelope xmlns:soapenv="http://schemas.xmlsoap.org/soap/envelope/" 
xmlns:v1="http://fidus.brussels/service/referencedir/messages/v1" 
xmlns:v11="http://fidus.brussels/type/referencedir/requests/subscribe/v1" 
xmlns:v12="http://fidus.brussels/type/common/messages/v1" 
xmlns:v13="http://fidus.brussels/type/referencedir/requests/v1">
   <soapenv:Header/>
   <soapenv:Body>
      <v1:subscribeReferenceRequest>
         <v11:messageContext>
            <v12:messageId>${=import static java.util.UUID.randomUUID; uuid = randomUUID() as String}</v12:messageId>
            <v12:timestamp>${=new java.text.SimpleDateFormat("yyyy-MM-dd'T'HH:mm:ss.SSS").format(new Date())}</v12:timestamp>
         </v11:messageContext>
         <v11:legalContext>ServiceIntegrator</v11:legalContext>
         <v11:subscriptionRequest>
            <v13:reference>
               <v13:personNumber>85081509931</v13:personNumber>
            </v13:reference>
            <!--Optional:-->
            <v13:endDate>${=new java.text.SimpleDateFormat("yyyy-MM-dd").format(new Date() + 1)}</v13:endDate>
         </v11:subscriptionRequest>
      </v1:subscribeReferenceRequest>
   </soapenv:Body>
</soapenv:Envelope>]]></con:request><con:assertion type="SOAP Fault Assertion" id="1459fe31-e00e-4e9c-b671-3582216a6d88" name="Not SOAP Fault"/><con:assertion type="SOAP Response" id="beca0cc0-5862-4ec5-ade3-2a1e5f9b371c" name="SOAP Response"/><con:assertion type="Schema Compliance" id="106ff84b-57a3-417e-ae85-dac56513a99a" name="Schema Compliance"><con:configuration/></con:assertion><con:wsaConfig action="http://fidus.brussels/services/referencedir/subscribeReference"/></con:request></con:config></con:testStep><con:testStep type="request" id="0458a8ef-9efe-4d39-88b4-7dd9444f5809" name="testcase4 - Staging - Worker2New - Request"><con:settings/><con:config xsi:type="con:RequestStep" xmlns:xsi="http://www.w3.org/2001/XMLSchema-instance"><con:interface>ReferenceDirServiceHTTPBinding</con:interface><con:operation>subscribeReference</con:operation><con:request name="testcase4 - Staging - Worker2New - Request" id="4ca36f1b-6110-4b45-a0b2-9a31c0ad1978" outgoingWss="Outflow STAG"><con:settings/><con:encoding>UTF-8</con:encoding><con:endpoint>https://192.168.24.64:8443/services/ReferenceDirService_v1.0</con:endpoint><con:request><![CDATA[<soapenv:Envelope xmlns:soapenv="http://schemas.xmlsoap.org/soap/envelope/" 
xmlns:v1="http://fidus.brussels/service/referencedir/messages/v1" 
xmlns:v11="http://fidus.brussels/type/referencedir/requests/subscribe/v1" 
xmlns:v12="http://fidus.brussels/type/common/messages/v1" 
xmlns:v13="http://fidus.brussels/type/referencedir/requests/v1">
   <soapenv:Header/>
   <soapenv:Body>
      <v1:subscribeReferenceRequest>
         <v11:messageContext>
            <v12:messageId>${=import static java.util.UUID.randomUUID; uuid = randomUUID() as String}</v12:messageId>
            <v12:timestamp>${=new java.text.SimpleDateFormat("yyyy-MM-dd'T'HH:mm:ss.SSS").format(new Date())}</v12:timestamp>
         </v11:messageContext>
         <v11:legalContext>ServiceIntegrator</v11:legalContext>
         <v11:subscriptionRequest>
            <v13:reference>
               <v13:personNumber>85081509931</v13:personNumber>
            </v13:reference>
            <!--Optional:-->
            <v13:endDate>${=new java.text.SimpleDateFormat("yyyy-MM-dd").format(new Date() + 1)}</v13:endDate>
         </v11:subscriptionRequest>
      </v1:subscribeReferenceRequest>
   </soapenv:Body>
</soapenv:Envelope>]]></con:request><con:assertion type="SOAP Fault Assertion" id="1697b103-a7e3-4350-9ce8-9605e954dedd" name="Not SOAP Fault"/><con:assertion type="SOAP Response" id="52ea84b1-80fd-4939-8d79-76be8f22c789" name="SOAP Response"/><con:assertion type="Schema Compliance" id="26cea71e-b7a1-4f98-adda-29733496a0f9" name="Schema Compliance"><con:configuration/></con:assertion><con:wsaConfig action="http://fidus.brussels/services/referencedir/subscribeReference"/></con:request></con:config></con:testStep><con:properties/></con:testCase><con:testCase id="5740f3c0-e32d-427a-b0f2-8becdf053621" failOnError="true" failTestCaseOnErrors="true" keepSession="false" maxResults="0" name="unsubscribeReference" searchProperties="true"><con:settings/><con:testStep type="request" id="211af430-08b8-41b2-ac1e-0e21e135fa28" name="testcase4 - Staging - External - Request"><con:settings/><con:config xsi:type="con:RequestStep" xmlns:xsi="http://www.w3.org/2001/XMLSchema-instance"><con:interface>ReferenceDirServiceHTTPBinding</con:interface><con:operation>unsubscribeReference</con:operation><con:request name="testcase4 - Staging - External - Request" id="c23fadbe-3fdf-40c7-9c2c-28958189ab57" outgoingWss="Outflow STAG"><con:settings/><con:encoding>UTF-8</con:encoding><con:endpoint>https://fidus.irisnetlab.be/services/ReferenceDirService_v1.0</con:endpoint><con:request><![CDATA[<soapenv:Envelope xmlns:soapenv="http://schemas.xmlsoap.org/soap/envelope/" xmlns:v1="http://fidus.brussels/service/referencedir/messages/v1" xmlns:v11="http://fidus.brussels/type/referencedir/requests/unsubscribe/v1" xmlns:v12="http://fidus.brussels/type/common/messages/v1" xmlns:v13="http://fidus.brussels/type/referencedir/requests/v1">
   <soapenv:Header/>
   <soapenv:Body>
      <v1:unsubscribeReferenceRequest>
         <v11:messageContext>
            <v12:messageId>${=import static java.util.UUID.randomUUID; uuid = randomUUID() as String}</v12:messageId>
            <v12:timestamp>${=new java.text.SimpleDateFormat("yyyy-MM-dd'T'HH:mm:ss.SSS").format(new Date())}</v12:timestamp>
         </v11:messageContext>
         <v11:legalContext>ServiceIntegrator</v11:legalContext>
         <v11:unsubscriptionRequest>
            <v13:reference>
               <v13:personNumber>89102413022</v13:personNumber>
            </v13:reference>
         </v11:unsubscriptionRequest>
      </v1:unsubscribeReferenceRequest>
   </soapenv:Body>
</soapenv:Envelope>]]></con:request><con:assertion type="SOAP Fault Assertion" id="12295669-63c4-4ec1-bccc-01d245a5c612" name="Not SOAP Fault"/><con:assertion type="SOAP Response" id="4fecc951-367d-4e94-b616-8937e5bb7724" name="SOAP Response"/><con:assertion type="Schema Compliance" id="afc2a4e5-692f-4f68-8210-ef8cdea56c59" name="Schema Compliance"><con:configuration/></con:assertion><con:wsaConfig action="http://fidus.brussels/services/referencedir/unsubscribeReference"/></con:request></con:config></con:testStep><con:testStep type="request" id="b8e96899-d1c4-4485-bdd7-036c1c85c60e" name="testcase4 - Staging - LB - Request"><con:settings/><con:config xsi:type="con:RequestStep" xmlns:xsi="http://www.w3.org/2001/XMLSchema-instance"><con:interface>ReferenceDirServiceHTTPBinding</con:interface><con:operation>unsubscribeReference</con:operation><con:request name="testcase4 - Staging - LB - Request" id="a825a31b-ff9d-4771-9788-da34fda0e3e0" outgoingWss="Outflow STAG"><con:settings/><con:encoding>UTF-8</con:encoding><con:endpoint>https://fidus-esb-sg.sta.srv.cirb.lan:8443/services/ReferenceDirService_v1.0</con:endpoint><con:request><![CDATA[<soapenv:Envelope xmlns:soapenv="http://schemas.xmlsoap.org/soap/envelope/" xmlns:v1="http://fidus.brussels/service/referencedir/messages/v1" xmlns:v11="http://fidus.brussels/type/referencedir/requests/unsubscribe/v1" xmlns:v12="http://fidus.brussels/type/common/messages/v1" xmlns:v13="http://fidus.brussels/type/referencedir/requests/v1">
   <soapenv:Header/>
   <soapenv:Body>
      <v1:unsubscribeReferenceRequest>
         <v11:messageContext>
            <v12:messageId>${=import static java.util.UUID.randomUUID; uuid = randomUUID() as String}</v12:messageId>
            <v12:timestamp>${=new java.text.SimpleDateFormat("yyyy-MM-dd'T'HH:mm:ss.SSS").format(new Date())}</v12:timestamp>
         </v11:messageContext>
         <v11:legalContext>ServiceIntegrator</v11:legalContext>
         <v11:unsubscriptionRequest>
            <v13:reference>
               <v13:personNumber>89102413022</v13:personNumber>
            </v13:reference>
         </v11:unsubscriptionRequest>
      </v1:unsubscribeReferenceRequest>
   </soapenv:Body>
</soapenv:Envelope>]]></con:request><con:assertion type="SOAP Fault Assertion" id="a5954ae7-bd58-43f6-a405-ed034780921b" name="Not SOAP Fault"/><con:assertion type="SOAP Response" id="ed395fcc-5bd2-4b65-9587-a72fa6f8c712" name="SOAP Response"/><con:assertion type="Schema Compliance" id="22323e59-7b8f-4e2f-a60e-413f4573501d" name="Schema Compliance"><con:configuration/></con:assertion><con:wsaConfig action="http://fidus.brussels/services/referencedir/unsubscribeReference"/></con:request></con:config></con:testStep><con:testStep type="request" id="ca7e3fe4-74fa-4060-8f0e-f47e83021014" name="testcase4 - Staging - Worker1 - Request"><con:settings/><con:config xsi:type="con:RequestStep" xmlns:xsi="http://www.w3.org/2001/XMLSchema-instance"><con:interface>ReferenceDirServiceHTTPBinding</con:interface><con:operation>unsubscribeReference</con:operation><con:request name="testcase4 - Staging - Worker1 - Request" id="0218fb01-f342-4bd9-8885-a6c3064f0931" outgoingWss="Outflow STAG"><con:settings/><con:encoding>UTF-8</con:encoding><con:endpoint>https://192.168.24.57:8443/services/ReferenceDirService_v1.0</con:endpoint><con:request><![CDATA[<soapenv:Envelope xmlns:soapenv="http://schemas.xmlsoap.org/soap/envelope/" xmlns:v1="http://fidus.brussels/service/referencedir/messages/v1" xmlns:v11="http://fidus.brussels/type/referencedir/requests/unsubscribe/v1" xmlns:v12="http://fidus.brussels/type/common/messages/v1" xmlns:v13="http://fidus.brussels/type/referencedir/requests/v1">
   <soapenv:Header/>
   <soapenv:Body>
      <v1:unsubscribeReferenceRequest>
         <v11:messageContext>
            <v12:messageId>${=import static java.util.UUID.randomUUID; uuid = randomUUID() as String}</v12:messageId>
            <v12:timestamp>${=new java.text.SimpleDateFormat("yyyy-MM-dd'T'HH:mm:ss.SSS").format(new Date())}</v12:timestamp>
         </v11:messageContext>
         <v11:legalContext>ServiceIntegrator</v11:legalContext>
         <v11:unsubscriptionRequest>
            <v13:reference>
               <v13:personNumber>89102413022</v13:personNumber>
            </v13:reference>
         </v11:unsubscriptionRequest>
      </v1:unsubscribeReferenceRequest>
   </soapenv:Body>
</soapenv:Envelope>]]></con:request><con:assertion type="SOAP Fault Assertion" id="558028c1-44f6-442d-b5be-51632fe0fdb8" name="Not SOAP Fault"/><con:assertion type="SOAP Response" id="58f201d0-bbdf-471c-adc6-4edee1312a5a" name="SOAP Response"/><con:assertion type="Schema Compliance" id="62109323-c058-4b97-b8d8-85c3fda74529" name="Schema Compliance"><con:configuration/></con:assertion><con:wsaConfig action="http://fidus.brussels/services/referencedir/unsubscribeReference"/></con:request></con:config></con:testStep><con:testStep type="request" id="8904d732-05ab-4795-8391-c36c8ca95ea4" name="testcase4 - Staging - Worker2 - Request"><con:settings/><con:config xsi:type="con:RequestStep" xmlns:xsi="http://www.w3.org/2001/XMLSchema-instance"><con:interface>ReferenceDirServiceHTTPBinding</con:interface><con:operation>unsubscribeReference</con:operation><con:request name="testcase4 - Staging - Worker2 - Request" id="785ceed0-6c7e-45ca-99a7-3f72a2244e4f" outgoingWss="Outflow STAG"><con:settings/><con:encoding>UTF-8</con:encoding><con:endpoint>https://192.168.24.64:8443/services/ReferenceDirService_v1.0</con:endpoint><con:request><![CDATA[<soapenv:Envelope xmlns:soapenv="http://schemas.xmlsoap.org/soap/envelope/" xmlns:v1="http://fidus.brussels/service/referencedir/messages/v1" xmlns:v11="http://fidus.brussels/type/referencedir/requests/unsubscribe/v1" xmlns:v12="http://fidus.brussels/type/common/messages/v1" xmlns:v13="http://fidus.brussels/type/referencedir/requests/v1">
   <soapenv:Header/>
   <soapenv:Body>
      <v1:unsubscribeReferenceRequest>
         <v11:messageContext>
            <v12:messageId>${=import static java.util.UUID.randomUUID; uuid = randomUUID() as String}</v12:messageId>
            <v12:timestamp>${=new java.text.SimpleDateFormat("yyyy-MM-dd'T'HH:mm:ss.SSS").format(new Date())}</v12:timestamp>
         </v11:messageContext>
         <v11:legalContext>ServiceIntegrator</v11:legalContext>
         <v11:unsubscriptionRequest>
            <v13:reference>
               <v13:personNumber>89102413022</v13:personNumber>
            </v13:reference>
         </v11:unsubscriptionRequest>
      </v1:unsubscribeReferenceRequest>
   </soapenv:Body>
</soapenv:Envelope>]]></con:request><con:assertion type="SOAP Fault Assertion" id="1cd9e4e6-8fa3-4f22-a07a-162980d29cfc" name="Not SOAP Fault"/><con:assertion type="SOAP Response" id="4537fe6d-16dd-4245-9c61-7d37f3628ad3" name="SOAP Response"/><con:assertion type="Schema Compliance" id="84796626-79cb-4bbb-b989-e5e3a5f261ae" name="Schema Compliance"><con:configuration/></con:assertion><con:wsaConfig action="http://fidus.brussels/services/referencedir/unsubscribeReference"/></con:request></con:config></con:testStep><con:testStep type="request" id="59843c55-04ad-4d73-986b-d047cb001b8c" name="testcase4 - Staging - Worker1New - Request"><con:settings/><con:config xsi:type="con:RequestStep" xmlns:xsi="http://www.w3.org/2001/XMLSchema-instance"><con:interface>ReferenceDirServiceHTTPBinding</con:interface><con:operation>unsubscribeReference</con:operation><con:request name="testcase4 - Staging - Worker1New - Request" id="e8774c40-7bf1-4db4-a600-a8d3fdf1f0f5" outgoingWss="Outflow STAG"><con:settings/><con:encoding>UTF-8</con:encoding><con:endpoint>https://192.168.24.57:8443/services/ReferenceDirService_v1.0</con:endpoint><con:request><![CDATA[<soapenv:Envelope xmlns:soapenv="http://schemas.xmlsoap.org/soap/envelope/" xmlns:v1="http://fidus.brussels/service/referencedir/messages/v1" xmlns:v11="http://fidus.brussels/type/referencedir/requests/unsubscribe/v1" xmlns:v12="http://fidus.brussels/type/common/messages/v1" xmlns:v13="http://fidus.brussels/type/referencedir/requests/v1">
   <soapenv:Header/>
   <soapenv:Body>
      <v1:unsubscribeReferenceRequest>
         <v11:messageContext>
            <v12:messageId>${=import static java.util.UUID.randomUUID; uuid = randomUUID() as String}</v12:messageId>
            <v12:timestamp>${=new java.text.SimpleDateFormat("yyyy-MM-dd'T'HH:mm:ss.SSS").format(new Date())}</v12:timestamp>
         </v11:messageContext>
         <v11:legalContext>ServiceIntegrator</v11:legalContext>
         <v11:unsubscriptionRequest>
            <v13:reference>
               <v13:personNumber>89102413022</v13:personNumber>
            </v13:reference>
         </v11:unsubscriptionRequest>
      </v1:unsubscribeReferenceRequest>
   </soapenv:Body>
</soapenv:Envelope>]]></con:request><con:assertion type="SOAP Fault Assertion" id="009730b9-d8f2-4b2b-b041-b9eee11205e6" name="Not SOAP Fault"/><con:assertion type="SOAP Response" id="ac0d5056-e5e0-4ebd-81e0-2faebe682fb7" name="SOAP Response"/><con:assertion type="Schema Compliance" id="b10c8386-3682-448f-b052-62e358edabe6" name="Schema Compliance"><con:configuration/></con:assertion><con:wsaConfig action="http://fidus.brussels/services/referencedir/unsubscribeReference"/></con:request></con:config></con:testStep><con:testStep type="request" id="cd200b7c-fb0d-4c32-b3ed-a126ea1dcadb" name="testcase4 - Staging - Worker2New - Request"><con:settings/><con:config xsi:type="con:RequestStep" xmlns:xsi="http://www.w3.org/2001/XMLSchema-instance"><con:interface>ReferenceDirServiceHTTPBinding</con:interface><con:operation>unsubscribeReference</con:operation><con:request name="testcase4 - Staging - Worker2New - Request" id="4a689fda-5016-4bd8-81c9-6a1f5134d55b" outgoingWss="Outflow STAG"><con:settings/><con:encoding>UTF-8</con:encoding><con:endpoint>https://192.168.24.64:8443/services/ReferenceDirService_v1.0</con:endpoint><con:request><![CDATA[<soapenv:Envelope xmlns:soapenv="http://schemas.xmlsoap.org/soap/envelope/" xmlns:v1="http://fidus.brussels/service/referencedir/messages/v1" xmlns:v11="http://fidus.brussels/type/referencedir/requests/unsubscribe/v1" xmlns:v12="http://fidus.brussels/type/common/messages/v1" xmlns:v13="http://fidus.brussels/type/referencedir/requests/v1">
   <soapenv:Header/>
   <soapenv:Body>
      <v1:unsubscribeReferenceRequest>
         <v11:messageContext>
            <v12:messageId>${=import static java.util.UUID.randomUUID; uuid = randomUUID() as String}</v12:messageId>
            <v12:timestamp>${=new java.text.SimpleDateFormat("yyyy-MM-dd'T'HH:mm:ss.SSS").format(new Date())}</v12:timestamp>
         </v11:messageContext>
         <v11:legalContext>ServiceIntegrator</v11:legalContext>
         <v11:unsubscriptionRequest>
            <v13:reference>
               <v13:personNumber>89102413022</v13:personNumber>
            </v13:reference>
         </v11:unsubscriptionRequest>
      </v1:unsubscribeReferenceRequest>
   </soapenv:Body>
</soapenv:Envelope>]]></con:request><con:assertion type="SOAP Fault Assertion" id="8830ae49-e5f4-4b45-93cb-82ade7a879a7" name="Not SOAP Fault"/><con:assertion type="SOAP Response" id="2153e0ed-60e0-4919-9544-eb665f4db27e" name="SOAP Response"/><con:assertion type="Schema Compliance" id="e7d691eb-d04a-4102-86ec-deb486211875" name="Schema Compliance"><con:configuration/></con:assertion><con:wsaConfig action="http://fidus.brussels/services/referencedir/unsubscribeReference"/></con:request></con:config></con:testStep><con:properties/></con:testCase><con:testCase id="81a964d1-a286-45c2-a8b0-c18d59e2eff6" failOnError="true" failTestCaseOnErrors="true" keepSession="false" maxResults="0" name="getServicesReference" searchProperties="true"><con:settings/><con:testStep type="request" id="62c6f380-7234-4053-910d-d25e1729502a" name="testcase4 - Staging - External - Request"><con:settings/><con:config xsi:type="con:RequestStep" xmlns:xsi="http://www.w3.org/2001/XMLSchema-instance"><con:interface>ReferenceDirServiceHTTPBinding</con:interface><con:operation>getServicesReference</con:operation><con:request name="testcase4 - Staging - External - Request" id="4d1eee99-917f-4551-ac86-e8158e2e8689" outgoingWss="Outflow STAG"><con:settings/><con:encoding>UTF-8</con:encoding><con:endpoint>https://fidus.irisnetlab.be/services/ReferenceDirService_v1.0</con:endpoint><con:request><![CDATA[<soapenv:Envelope xmlns:soapenv="http://schemas.xmlsoap.org/soap/envelope/" xmlns:v1="http://fidus.brussels/service/referencedir/messages/v1" xmlns:v11="http://fidus.brussels/type/referencedir/requests/getservices/v1" xmlns:v12="http://fidus.brussels/type/common/messages/v1" >
   <soapenv:Header/>
   <soapenv:Body>
      <v1:getServicesReferenceRequest>
         <v11:messageContext>
            <v12:messageId>${=import static java.util.UUID.randomUUID; uuid = randomUUID() as String}</v12:messageId>
            <v12:timestamp>${=new java.text.SimpleDateFormat("yyyy-MM-dd'T'HH:mm:ss.SSS").format(new Date())}</v12:timestamp>
         </v11:messageContext>
         <v11:legalContext>ServiceIntegrator</v11:legalContext>
         <v11:getServicesRequest></v11:getServicesRequest>
      </v1:getServicesReferenceRequest>
   </soapenv:Body>
</soapenv:Envelope>]]></con:request><con:assertion type="SOAP Fault Assertion" id="76cb6c2c-22f5-4534-aa48-be22dcab2755" name="Not SOAP Fault"/><con:assertion type="SOAP Response" id="9f52b9d2-b289-4acf-9e7a-4ce1d4f49834" name="SOAP Response"/><con:assertion type="Schema Compliance" id="d3438121-4b05-491a-b7a7-e4cb4957e9cd" name="Schema Compliance"><con:configuration/></con:assertion><con:wsaConfig action="http://fidus.brussels/services/referencedir/getServicesReference"/></con:request></con:config></con:testStep><con:testStep type="request" id="ec36b1cf-eea5-4345-94fe-d7de15b5f4fb" name="testcase4 - Staging - LB - Request"><con:settings/><con:config xsi:type="con:RequestStep" xmlns:xsi="http://www.w3.org/2001/XMLSchema-instance"><con:interface>ReferenceDirServiceHTTPBinding</con:interface><con:operation>getServicesReference</con:operation><con:request name="testcase4 - Staging - LB - Request" id="8e0384aa-2f49-4eb2-aeee-d290d166c3a3" outgoingWss="Outflow STAG"><con:settings/><con:encoding>UTF-8</con:encoding><con:endpoint>https://fidus-esb-sg.sta.srv.cirb.lan:8443/services/ReferenceDirService_v1.0</con:endpoint><con:request><![CDATA[<soapenv:Envelope xmlns:soapenv="http://schemas.xmlsoap.org/soap/envelope/" xmlns:v1="http://fidus.brussels/service/referencedir/messages/v1" xmlns:v11="http://fidus.brussels/type/referencedir/requests/getservices/v1" xmlns:v12="http://fidus.brussels/type/common/messages/v1" >
   <soapenv:Header/>
   <soapenv:Body>
      <v1:getServicesReferenceRequest>
         <v11:messageContext>
            <v12:messageId>${=import static java.util.UUID.randomUUID; uuid = randomUUID() as String}</v12:messageId>
            <v12:timestamp>${=new java.text.SimpleDateFormat("yyyy-MM-dd'T'HH:mm:ss.SSS").format(new Date())}</v12:timestamp>
         </v11:messageContext>
         <v11:legalContext>ServiceIntegrator</v11:legalContext>
         <v11:getServicesRequest></v11:getServicesRequest>
      </v1:getServicesReferenceRequest>
   </soapenv:Body>
</soapenv:Envelope>]]></con:request><con:assertion type="SOAP Fault Assertion" id="0d6130cb-61b0-4167-ab6e-cd0bf6e2cd29" name="Not SOAP Fault"/><con:assertion type="SOAP Response" id="fb44c578-e11e-4cee-97ad-f55fee1352af" name="SOAP Response"/><con:assertion type="Schema Compliance" id="996bf8b1-1b35-41b3-ae67-0791210ac154" name="Schema Compliance"><con:configuration/></con:assertion><con:wsaConfig action="http://fidus.brussels/services/referencedir/getServicesReference"/></con:request></con:config></con:testStep><con:testStep type="request" id="ed2bea7b-5190-45e6-9a78-562ba2f656d8" name="testcase4 - Staging - Worker1 - Request"><con:settings/><con:config xsi:type="con:RequestStep" xmlns:xsi="http://www.w3.org/2001/XMLSchema-instance"><con:interface>ReferenceDirServiceHTTPBinding</con:interface><con:operation>getServicesReference</con:operation><con:request name="testcase4 - Staging - Worker1 - Request" id="9eef09c5-de5d-4033-a073-466b61c52808" outgoingWss="Outflow STAG"><con:settings/><con:encoding>UTF-8</con:encoding><con:endpoint>https://192.168.24.57:8443/services/ReferenceDirService_v1.0</con:endpoint><con:request><![CDATA[<soapenv:Envelope xmlns:soapenv="http://schemas.xmlsoap.org/soap/envelope/" xmlns:v1="http://fidus.brussels/service/referencedir/messages/v1" xmlns:v11="http://fidus.brussels/type/referencedir/requests/getservices/v1" xmlns:v12="http://fidus.brussels/type/common/messages/v1" >
   <soapenv:Header/>
   <soapenv:Body>
      <v1:getServicesReferenceRequest>
         <v11:messageContext>
            <v12:messageId>${=import static java.util.UUID.randomUUID; uuid = randomUUID() as String}</v12:messageId>
            <v12:timestamp>${=new java.text.SimpleDateFormat("yyyy-MM-dd'T'HH:mm:ss.SSS").format(new Date())}</v12:timestamp>
         </v11:messageContext>
         <v11:legalContext>ServiceIntegrator</v11:legalContext>
         <v11:getServicesRequest></v11:getServicesRequest>
      </v1:getServicesReferenceRequest>
   </soapenv:Body>
</soapenv:Envelope>]]></con:request><con:assertion type="SOAP Fault Assertion" id="3ebb5637-77db-473b-9461-5379c758c631" name="Not SOAP Fault"/><con:assertion type="SOAP Response" id="f33c73bf-89bb-488a-8ce2-782e902d2818" name="SOAP Response"/><con:assertion type="Schema Compliance" id="8af0e811-4147-471b-90e6-cd7eb8df042c" name="Schema Compliance"><con:configuration/></con:assertion><con:wsaConfig action="http://fidus.brussels/services/referencedir/getServicesReference"/></con:request></con:config></con:testStep><con:testStep type="request" id="25839632-1331-45f6-b161-0f136f5a2293" name="testcase4 - Staging - Worker2 - Request"><con:settings/><con:config xsi:type="con:RequestStep" xmlns:xsi="http://www.w3.org/2001/XMLSchema-instance"><con:interface>ReferenceDirServiceHTTPBinding</con:interface><con:operation>getServicesReference</con:operation><con:request name="testcase4 - Staging - Worker2 - Request" id="30859514-e0c0-4853-83c8-8dc132afc202" outgoingWss="Outflow STAG"><con:settings/><con:encoding>UTF-8</con:encoding><con:endpoint>https://192.168.24.64:8443/services/ReferenceDirService_v1.0</con:endpoint><con:request><![CDATA[<soapenv:Envelope xmlns:soapenv="http://schemas.xmlsoap.org/soap/envelope/" xmlns:v1="http://fidus.brussels/service/referencedir/messages/v1" xmlns:v11="http://fidus.brussels/type/referencedir/requests/getservices/v1" xmlns:v12="http://fidus.brussels/type/common/messages/v1" >
   <soapenv:Header/>
   <soapenv:Body>
      <v1:getServicesReferenceRequest>
         <v11:messageContext>
            <v12:messageId>${=import static java.util.UUID.randomUUID; uuid = randomUUID() as String}</v12:messageId>
            <v12:timestamp>${=new java.text.SimpleDateFormat("yyyy-MM-dd'T'HH:mm:ss.SSS").format(new Date())}</v12:timestamp>
         </v11:messageContext>
         <v11:legalContext>ServiceIntegrator</v11:legalContext>
         <v11:getServicesRequest></v11:getServicesRequest>
      </v1:getServicesReferenceRequest>
   </soapenv:Body>
</soapenv:Envelope>]]></con:request><con:assertion type="SOAP Fault Assertion" id="b06980e1-a93c-4c31-9f9b-94d44d4fca3e" name="Not SOAP Fault"/><con:assertion type="SOAP Response" id="d03bb28f-5187-4257-8599-ba49f74435d6" name="SOAP Response"/><con:assertion type="Schema Compliance" id="474f004b-1bdc-4c71-b268-ea3bd7e5c8fb" name="Schema Compliance"><con:configuration/></con:assertion><con:wsaConfig action="http://fidus.brussels/services/referencedir/getServicesReference"/></con:request></con:config></con:testStep><con:properties/></con:testCase><con:properties/></con:testSuite><con:testSuite id="b4df543d-45b3-4475-907a-774d3929b275" name="PROD"><con:settings/><con:runType>SEQUENTIAL</con:runType><con:testCase id="acc67c28-0782-4253-b49b-e223022f1a53" failOnError="true" failTestCaseOnErrors="true" keepSession="false" maxResults="0" name="subscribeReference" searchProperties="true"><con:settings/><con:testStep type="request" id="edf8e373-19b2-45f5-a52e-819fd21f4c80" name="testcase5 - Prod - External - Request"><con:settings/><con:config xsi:type="con:RequestStep" xmlns:xsi="http://www.w3.org/2001/XMLSchema-instance"><con:interface>ReferenceDirServiceHTTPBinding</con:interface><con:operation>subscribeReference</con:operation><con:request name="testcase5 - Prod - External - Request" id="f621f48c-abc5-4f34-b130-27d9b7d8d125" outgoingWss="Outflow PROD"><con:settings/><con:encoding>UTF-8</con:encoding><con:endpoint>https://fidus.sec.brussels/services/ReferenceDirService_v1.0</con:endpoint><con:request><![CDATA[<soapenv:Envelope xmlns:soapenv="http://schemas.xmlsoap.org/soap/envelope/" 
xmlns:v1="http://fidus.brussels/service/referencedir/messages/v1" 
xmlns:v11="http://fidus.brussels/type/referencedir/requests/subscribe/v1" 
xmlns:v12="http://fidus.brussels/type/common/messages/v1" 
xmlns:v13="http://fidus.brussels/type/referencedir/requests/v1">
   <soapenv:Header/>
   <soapenv:Body>
      <v1:subscribeReferenceRequest>
         <v11:messageContext>
            <v12:messageId>${=import static java.util.UUID.randomUUID; uuid = randomUUID() as String}</v12:messageId>
            <v12:timestamp>${=new java.text.SimpleDateFormat("yyyy-MM-dd'T'HH:mm:ss.SSS").format(new Date())}</v12:timestamp>
         </v11:messageContext>
         <v11:legalContext>SocialTenantCandidate</v11:legalContext>
         <v11:subscriptionRequest>
            <v13:reference>
               <v13:personNumber>71011353588</v13:personNumber>
            </v13:reference>
            <!--Optional:-->
            <v13:endDate>${=new java.text.SimpleDateFormat("yyyy-MM-dd").format(new Date() + 1)}</v13:endDate>
         </v11:subscriptionRequest>
      </v1:subscribeReferenceRequest>
   </soapenv:Body>
</soapenv:Envelope>]]></con:request><con:assertion type="SOAP Fault Assertion" id="e83a889e-5b5a-4d86-af50-2238d605bd5a" name="Not SOAP Fault"/><con:assertion type="SOAP Response" id="7398e01a-5a4a-4df5-b752-ff828b2aead8" name="SOAP Response"/><con:assertion type="Schema Compliance" id="60ca5ed5-1636-4828-abad-41df1b2e62c7" name="Schema Compliance"><con:configuration/></con:assertion><con:wsaConfig action="http://fidus.brussels/services/referencedir/subscribeReference"/></con:request></con:config></con:testStep><con:testStep type="request" id="1b19bc13-bc0a-4c7e-98ed-98fed826d95e" name="testcase5 - Prod - LB - Request"><con:settings/><con:config xsi:type="con:RequestStep" xmlns:xsi="http://www.w3.org/2001/XMLSchema-instance"><con:interface>ReferenceDirServiceHTTPBinding</con:interface><con:operation>subscribeReference</con:operation><con:request name="testcase5 - Prod - LB - Request" id="91bc1604-7723-4a8b-a1f4-b644dc1e8e6f" outgoingWss="Outflow PROD"><con:settings/><con:encoding>UTF-8</con:encoding><con:endpoint>https://fidus-esb-sg.prd.srv.cirb.lan:8443/services/ReferenceDirService_v1.0</con:endpoint><con:request><![CDATA[<soapenv:Envelope xmlns:soapenv="http://schemas.xmlsoap.org/soap/envelope/" 
xmlns:v1="http://fidus.brussels/service/referencedir/messages/v1" 
xmlns:v11="http://fidus.brussels/type/referencedir/requests/subscribe/v1" 
xmlns:v12="http://fidus.brussels/type/common/messages/v1" 
xmlns:v13="http://fidus.brussels/type/referencedir/requests/v1">
   <soapenv:Header/>
   <soapenv:Body>
      <v1:subscribeReferenceRequest>
         <v11:messageContext>
            <v12:messageId>${=import static java.util.UUID.randomUUID; uuid = randomUUID() as String}</v12:messageId>
            <v12:timestamp>${=new java.text.SimpleDateFormat("yyyy-MM-dd'T'HH:mm:ss.SSS").format(new Date())}</v12:timestamp>
         </v11:messageContext>
         <v11:legalContext>ServiceIntegrator</v11:legalContext>
         <v11:subscriptionRequest>
            <v13:reference>
               <v13:personNumber>89102413022</v13:personNumber>
            </v13:reference>
            <!--Optional:-->
            <v13:endDate>${=new java.text.SimpleDateFormat("yyyy-MM-dd").format(new Date() + 1)}</v13:endDate>
         </v11:subscriptionRequest>
      </v1:subscribeReferenceRequest>
   </soapenv:Body>
</soapenv:Envelope>]]></con:request><con:assertion type="SOAP Fault Assertion" id="f083b122-6967-402e-845a-f97b3bf908e7" name="Not SOAP Fault"/><con:assertion type="SOAP Response" id="d1a278fb-3cf1-46c9-a515-bb1906cb93c7" name="SOAP Response"/><con:assertion type="Schema Compliance" id="1a291173-f9eb-4a12-9d53-4fb63aad0021" name="Schema Compliance"><con:configuration/></con:assertion><con:wsaConfig action="http://fidus.brussels/services/referencedir/subscribeReference"/></con:request></con:config></con:testStep><con:testStep type="request" id="17b738ce-8e72-4e3c-857d-3fff4f6dd2b8" name="testcase5 - Prod - Worker1 - Request"><con:settings/><con:config xsi:type="con:RequestStep" xmlns:xsi="http://www.w3.org/2001/XMLSchema-instance"><con:interface>ReferenceDirServiceHTTPBinding</con:interface><con:operation>subscribeReference</con:operation><con:request name="testcase5 - Prod - Worker1 - Request" id="73447e96-5127-4a43-a23d-e29001bdeedd" outgoingWss="Outflow PROD"><con:settings/><con:encoding>UTF-8</con:encoding><con:endpoint>https://192.168.26.22:8443/services/ReferenceDirService_v1.0</con:endpoint><con:request><![CDATA[<soapenv:Envelope xmlns:soapenv="http://schemas.xmlsoap.org/soap/envelope/" 
xmlns:v1="http://fidus.brussels/service/referencedir/messages/v1" 
xmlns:v11="http://fidus.brussels/type/referencedir/requests/subscribe/v1" 
xmlns:v12="http://fidus.brussels/type/common/messages/v1" 
xmlns:v13="http://fidus.brussels/type/referencedir/requests/v1">
   <soapenv:Header/>
   <soapenv:Body>
      <v1:subscribeReferenceRequest>
         <v11:messageContext>
            <v12:messageId>${=import static java.util.UUID.randomUUID; uuid = randomUUID() as String}</v12:messageId>
            <v12:timestamp>${=new java.text.SimpleDateFormat("yyyy-MM-dd'T'HH:mm:ss.SSS").format(new Date())}</v12:timestamp>
         </v11:messageContext>
         <v11:legalContext>ServiceIntegrator</v11:legalContext>
         <v11:subscriptionRequest>
            <v13:reference>
               <v13:personNumber>89102413022</v13:personNumber>
            </v13:reference>
            <!--Optional:-->
            <v13:endDate>${=new java.text.SimpleDateFormat("yyyy-MM-dd").format(new Date() + 1)}</v13:endDate>
         </v11:subscriptionRequest>
      </v1:subscribeReferenceRequest>
   </soapenv:Body>
</soapenv:Envelope>]]></con:request><con:assertion type="SOAP Fault Assertion" id="590be0c1-b582-44d7-87eb-44d2433724a0" name="Not SOAP Fault"/><con:assertion type="SOAP Response" id="75e8b700-42aa-45d7-8186-a2dffc534ec0" name="SOAP Response"/><con:assertion type="Schema Compliance" id="bd87cd59-ddfa-48cd-a3d4-7d25a0371865" name="Schema Compliance"><con:configuration/></con:assertion><con:wsaConfig action="http://fidus.brussels/services/referencedir/subscribeReference"/></con:request></con:config></con:testStep><con:testStep type="request" id="fb019fdd-f7c6-4411-b0c4-32f78ffd302c" name="testcase5 - Prod - Worker2 - Request"><con:settings/><con:config xsi:type="con:RequestStep" xmlns:xsi="http://www.w3.org/2001/XMLSchema-instance"><con:interface>ReferenceDirServiceHTTPBinding</con:interface><con:operation>subscribeReference</con:operation><con:request name="testcase5 - Prod - Worker2 - Request" id="d26206ae-372b-43da-a7ce-c67d6190e2c1" outgoingWss="Outflow PROD"><con:settings/><con:encoding>UTF-8</con:encoding><con:endpoint>https://192.168.26.19:8443/services/ReferenceDirService_v1.0</con:endpoint><con:request><![CDATA[<soapenv:Envelope xmlns:soapenv="http://schemas.xmlsoap.org/soap/envelope/" 
xmlns:v1="http://fidus.brussels/service/referencedir/messages/v1" 
xmlns:v11="http://fidus.brussels/type/referencedir/requests/subscribe/v1" 
xmlns:v12="http://fidus.brussels/type/common/messages/v1" 
xmlns:v13="http://fidus.brussels/type/referencedir/requests/v1">
   <soapenv:Header/>
   <soapenv:Body>
      <v1:subscribeReferenceRequest>
         <v11:messageContext>
            <v12:messageId>${=import static java.util.UUID.randomUUID; uuid = randomUUID() as String}</v12:messageId>
            <v12:timestamp>${=new java.text.SimpleDateFormat("yyyy-MM-dd'T'HH:mm:ss.SSS").format(new Date())}</v12:timestamp>
         </v11:messageContext>
         <v11:legalContext>ServiceIntegrator</v11:legalContext>
         <v11:subscriptionRequest>
            <v13:reference>
               <v13:personNumber>89102413022</v13:personNumber>
            </v13:reference>
            <!--Optional:-->
            <v13:endDate>${=new java.text.SimpleDateFormat("yyyy-MM-dd").format(new Date() + 1)}</v13:endDate>
         </v11:subscriptionRequest>
      </v1:subscribeReferenceRequest>
   </soapenv:Body>
</soapenv:Envelope>]]></con:request><con:assertion type="SOAP Fault Assertion" id="612f6e1b-2416-4178-a7e3-574a8be724ed" name="Not SOAP Fault"/><con:assertion type="SOAP Response" id="27ed4d1b-b18f-4bc4-9ec0-dfdc460566d6" name="SOAP Response"/><con:assertion type="Schema Compliance" id="9109c23c-4313-4be8-a691-7367846cb09c" name="Schema Compliance"><con:configuration/></con:assertion><con:wsaConfig action="http://fidus.brussels/services/referencedir/subscribeReference"/></con:request></con:config></con:testStep><con:properties/></con:testCase><con:testCase id="c871cf15-5326-4355-8b64-dd130bb924ad" failOnError="true" failTestCaseOnErrors="true" keepSession="false" maxResults="0" name="getServicesReference" searchProperties="true"><con:settings/><con:testStep type="request" id="a42e501c-d3ea-40a6-8286-f837705d64b5" name="testcase5 - Prod - External - Request"><con:settings/><con:config xsi:type="con:RequestStep" xmlns:xsi="http://www.w3.org/2001/XMLSchema-instance"><con:interface>ReferenceDirServiceHTTPBinding</con:interface><con:operation>getServicesReference</con:operation><con:request name="testcase5 - Prod - External - Request" id="a5629d21-9d44-43fb-85fb-fe7858c030c9" outgoingWss="Outflow PROD"><con:settings/><con:encoding>UTF-8</con:encoding><con:endpoint>https://fidus.sec.brussels/services/ReferenceDirService_v1.0</con:endpoint><con:request><![CDATA[<soapenv:Envelope xmlns:soapenv="http://schemas.xmlsoap.org/soap/envelope/" xmlns:v1="http://fidus.brussels/service/referencedir/messages/v1" xmlns:v11="http://fidus.brussels/type/referencedir/requests/getservices/v1" xmlns:v12="http://fidus.brussels/type/common/messages/v1" >
   <soapenv:Header/>
   <soapenv:Body>
      <v1:getServicesReferenceRequest>
         <v11:messageContext>
            <v12:messageId>${=import static java.util.UUID.randomUUID; uuid = randomUUID() as String}</v12:messageId>
            <v12:timestamp>${=new java.text.SimpleDateFormat("yyyy-MM-dd'T'HH:mm:ss.SSS").format(new Date())}</v12:timestamp>
         </v11:messageContext>
         <v11:legalContext>ServiceIntegrator</v11:legalContext>
         <v11:getServicesRequest></v11:getServicesRequest>
      </v1:getServicesReferenceRequest>
   </soapenv:Body>
</soapenv:Envelope>]]></con:request><con:assertion type="SOAP Fault Assertion" id="f5d2747f-6463-471d-9aea-627390e86037" name="Not SOAP Fault"/><con:assertion type="SOAP Response" id="a105276f-e543-4ede-9163-746a4d15cc0a" name="SOAP Response"/><con:assertion type="Schema Compliance" id="d3350d58-b3e0-4080-a7ae-58ed4d35bcc6" name="Schema Compliance"><con:configuration/></con:assertion><con:wsaConfig action="http://fidus.brussels/services/referencedir/getServicesReference"/></con:request></con:config></con:testStep><con:testStep type="request" id="8cf8763e-4a56-4cee-bfe1-717b0f671df1" name="testcase5 - Prod - LB - Request"><con:settings/><con:config xsi:type="con:RequestStep" xmlns:xsi="http://www.w3.org/2001/XMLSchema-instance"><con:interface>ReferenceDirServiceHTTPBinding</con:interface><con:operation>getServicesReference</con:operation><con:request name="testcase5 - Prod - LB - Request" id="cb416cfc-e103-42c5-b2b1-49f35cb3785a" outgoingWss="Outflow PROD"><con:settings/><con:encoding>UTF-8</con:encoding><con:endpoint>https://fidus-esb-sg.prd.srv.cirb.lan:8443/services/ReferenceDirService_v1.0</con:endpoint><con:request><![CDATA[<soapenv:Envelope xmlns:soapenv="http://schemas.xmlsoap.org/soap/envelope/" xmlns:v1="http://fidus.brussels/service/referencedir/messages/v1" xmlns:v11="http://fidus.brussels/type/referencedir/requests/getservices/v1" xmlns:v12="http://fidus.brussels/type/common/messages/v1" >
   <soapenv:Header/>
   <soapenv:Body>
      <v1:getServicesReferenceRequest>
         <v11:messageContext>
            <v12:messageId>${=import static java.util.UUID.randomUUID; uuid = randomUUID() as String}</v12:messageId>
            <v12:timestamp>${=new java.text.SimpleDateFormat("yyyy-MM-dd'T'HH:mm:ss.SSS").format(new Date())}</v12:timestamp>
         </v11:messageContext>
         <v11:legalContext>ServiceIntegrator</v11:legalContext>
         <v11:getServicesRequest></v11:getServicesRequest>
      </v1:getServicesReferenceRequest>
   </soapenv:Body>
</soapenv:Envelope>]]></con:request><con:assertion type="SOAP Fault Assertion" id="6ccac23b-13d3-45c7-8c3f-27950528e4e8" name="Not SOAP Fault"/><con:assertion type="SOAP Response" id="0e7ae416-66bd-43b5-ae73-2e9040db9eec" name="SOAP Response"/><con:assertion type="Schema Compliance" id="554d96ad-7a96-4eac-ab67-d76dd55dfcb4" name="Schema Compliance"><con:configuration/></con:assertion><con:wsaConfig action="http://fidus.brussels/services/referencedir/getServicesReference"/></con:request></con:config></con:testStep><con:testStep type="request" id="f1168686-bbde-4776-8b1d-1cbef2029949" name="testcase5 - Prod - Worker1 - Request"><con:settings/><con:config xsi:type="con:RequestStep" xmlns:xsi="http://www.w3.org/2001/XMLSchema-instance"><con:interface>ReferenceDirServiceHTTPBinding</con:interface><con:operation>getServicesReference</con:operation><con:request name="testcase5 - Prod - Worker1 - Request" id="81048cd9-ae1c-48a4-b540-90abc11a06aa" outgoingWss="Outflow PROD"><con:settings/><con:encoding>UTF-8</con:encoding><con:endpoint>https://192.168.26.22:8443/services/ReferenceDirService_v1.0</con:endpoint><con:request><![CDATA[<soapenv:Envelope xmlns:soapenv="http://schemas.xmlsoap.org/soap/envelope/" xmlns:v1="http://fidus.brussels/service/referencedir/messages/v1" xmlns:v11="http://fidus.brussels/type/referencedir/requests/getservices/v1" xmlns:v12="http://fidus.brussels/type/common/messages/v1" >
   <soapenv:Header/>
   <soapenv:Body>
      <v1:getServicesReferenceRequest>
         <v11:messageContext>
            <v12:messageId>${=import static java.util.UUID.randomUUID; uuid = randomUUID() as String}</v12:messageId>
            <v12:timestamp>${=new java.text.SimpleDateFormat("yyyy-MM-dd'T'HH:mm:ss.SSS").format(new Date())}</v12:timestamp>
         </v11:messageContext>
         <v11:legalContext>ServiceIntegrator</v11:legalContext>
         <v11:getServicesRequest></v11:getServicesRequest>
      </v1:getServicesReferenceRequest>
   </soapenv:Body>
</soapenv:Envelope>]]></con:request><con:assertion type="SOAP Fault Assertion" id="9b9277cf-73c5-4648-a12d-c35d876296f2" name="Not SOAP Fault"/><con:assertion type="SOAP Response" id="cca4c7c7-f647-4718-96bf-13596748ace2" name="SOAP Response"/><con:assertion type="Schema Compliance" id="318a49a5-f82e-45d3-81c3-651d033791bc" name="Schema Compliance"><con:configuration/></con:assertion><con:wsaConfig action="http://fidus.brussels/services/referencedir/getServicesReference"/></con:request></con:config></con:testStep><con:testStep type="request" id="78c1436f-700d-46b3-ba44-6e411141618c" name="testcase5 - Prod - Worker2 - Request"><con:settings/><con:config xsi:type="con:RequestStep" xmlns:xsi="http://www.w3.org/2001/XMLSchema-instance"><con:interface>ReferenceDirServiceHTTPBinding</con:interface><con:operation>getServicesReference</con:operation><con:request name="testcase5 - Prod - Worker2 - Request" id="29e8cd04-fcd7-421c-8e5c-d71dacd8495f" outgoingWss="Outflow PROD"><con:settings/><con:encoding>UTF-8</con:encoding><con:endpoint>https://192.168.26.19:8443/services/ReferenceDirService_v1.0</con:endpoint><con:request><![CDATA[<soapenv:Envelope xmlns:soapenv="http://schemas.xmlsoap.org/soap/envelope/" xmlns:v1="http://fidus.brussels/service/referencedir/messages/v1" xmlns:v11="http://fidus.brussels/type/referencedir/requests/getservices/v1" xmlns:v12="http://fidus.brussels/type/common/messages/v1" >
   <soapenv:Header/>
   <soapenv:Body>
      <v1:getServicesReferenceRequest>
         <v11:messageContext>
            <v12:messageId>${=import static java.util.UUID.randomUUID; uuid = randomUUID() as String}</v12:messageId>
            <v12:timestamp>${=new java.text.SimpleDateFormat("yyyy-MM-dd'T'HH:mm:ss.SSS").format(new Date())}</v12:timestamp>
         </v11:messageContext>
         <v11:legalContext>ServiceIntegrator</v11:legalContext>
         <v11:getServicesRequest></v11:getServicesRequest>
      </v1:getServicesReferenceRequest>
   </soapenv:Body>
</soapenv:Envelope>]]></con:request><con:assertion type="SOAP Fault Assertion" id="2cf81b71-bc8f-4d20-b01d-2ef9446248dc" name="Not SOAP Fault"/><con:assertion type="SOAP Response" id="4352d386-fa9a-4cb2-a48e-72e220449d57" name="SOAP Response"/><con:assertion type="Schema Compliance" id="b4451499-c3f4-4295-aac4-175ac047c2a5" name="Schema Compliance"><con:configuration/></con:assertion><con:wsaConfig action="http://fidus.brussels/services/referencedir/getServicesReference"/></con:request></con:config></con:testStep><con:properties/></con:testCase><con:properties/></con:testSuite><con:endpointStrategy xsi:type="con:DefaultEndpointStrategy" xmlns:xsi="http://www.w3.org/2001/XMLSchema-instance">
    <con:endpoint mode="OVERRIDE">http://fidus.brussels/services/referencedir/v1</con:endpoint>
  </con:endpointStrategy>
  <con:properties/>
  <con:wssContainer>
    
    
    
    
    
    
    
    
    
    
    
    
    
    
    
    
  <con:crypto><con:source>data/wso2/keystores/user-rajarshi.jks</con:source><con:password>test@fidus01</con:password><con:type>KEYSTORE</con:type></con:crypto><con:outgoing><con:name>Outflow DEV</con:name></con:outgoing><con:outgoing><con:name>Outflow TEST</con:name><con:entry type="Signature" username="testuser-test.fidus.brussels" password="test@fidus01"><con:configuration><crypto>user-rajarshi.jks</crypto><keyIdentifierType>3</keyIdentifierType><signatureAlgorithm/><signatureCanonicalization/><useSingleCert>true</useSingleCert><digestAlgorithm/><customTokenValueType/><customTokenId/></con:configuration></con:entry><con:entry type="Timestamp"><con:configuration><timeToLive>300000</timeToLive><strictTimestamp>true</strictTimestamp></con:configuration></con:entry></con:outgoing><con:outgoing><con:name>Outflow STAG</con:name></con:outgoing><con:outgoing><con:name>Outflow PROD</con:name></con:outgoing></con:wssContainer>
  <con:oAuth2ProfileContainer/>
  <con:oAuth1ProfileContainer/><con:sensitiveInformation/>
</con:soapui-project>