<?xml version="1.0" encoding="UTF-8"?>
<con:soapui-project id="11b404ed-5013-42b2-92a9-013432525abe" activeEnvironment="Default" name="Client-MessageForMeService-soapui-project" resourceRoot="" soapui-version="5.1.3" abortOnError="false" runType="SEQUENTIAL" xmlns:con="http://eviware.com/soapui/config"><con:settings/><con:interface xsi:type="con:WsdlInterface" id="548e423b-90e0-4e19-b45f-01f908a20276" wsaVersion="NONE" name="MessageForMeServiceHTTPBinding" type="wsdl" bindingName="{http://fidus.brussels/service/messageformeservice/v1}MessageForMeServiceHTTPBinding" soapVersion="1_1" anonymous="optional" definition="file:/home/ebarbieux/Dev/fidus/messageformeservice/MessageForMeServiceGateway/src/main/resources/wsdl/messageForMeService/1.0.0/MessageForMeService_v1.wsdl" xmlns:xsi="http://www.w3.org/2001/XMLSchema-instance"><con:settings/><con:definitionCache type="TEXT" rootPart="file:/home/ebarbieux/Dev/fidus/messageformeservice/MessageForMeServiceGateway/src/main/resources/wsdl/messageForMeService/1.0.0/MessageForMeService_v1.wsdl"><con:part><con:url>file:/home/ebarbieux/Dev/fidus/messageformeservice/MessageForMeServiceGateway/src/main/resources/wsdl/messageForMeService/1.0.0/MessageForMeService_v1.wsdl</con:url><con:content><![CDATA[<wsdl:definitions name="MessageForMeService" targetNamespace="http://fidus.brussels/service/messageformeservice/v1" xmlns:soap="http://schemas.xmlsoap.org/wsdl/soap/" xmlns:wsdl="http://schemas.xmlsoap.org/wsdl/" xmlns:xsd="http://www.w3.org/2001/XMLSchema" xmlns:mes="http://fidus.brussels/service/messageformeservice/messages/v1" xmlns:tns="http://fidus.brussels/service/messageformeservice/v1">
  <wsdl:types>
    <xsd:schema targetNamespace="http://fidus.brussels/service/messageformeservice/v1" elementFormDefault="qualified">
      <xsd:import namespace="http://fidus.brussels/service/messageformeservice/messages/v1" schemaLocation="messages/messageForMeServiceMessages_v1.xsd"/>
    </xsd:schema>
  </wsdl:types>
  <wsdl:message name="sendNotificationRequestMessage">
    <wsdl:part name="SendNotificationRequest" element="mes:sendNotificationRequest"/>
  </wsdl:message>
  <wsdl:message name="sendNotificationResponseMessage">
    <wsdl:part name="SendNotificationResponse" element="mes:sendNotificationResponse"/>
  </wsdl:message>
  <wsdl:message name="receiveNotificationRequest">
    <wsdl:part name="ReceiveNotificationRequest" element="mes:receiveNotificationRequest"/>
  </wsdl:message>
  <wsdl:message name="receiveNotificationResponse">
    <wsdl:part name="ReceiveNotificationResponse" element="mes:receiveNotificationResponse"/>
  </wsdl:message>
  <wsdl:message name="deleteNotificationRequest">
    <wsdl:part name="DeleteNotificationRequest" element="mes:deleteNotificationRequest"/>
  </wsdl:message>
  <wsdl:message name="deleteNotificationResponse">
    <wsdl:part name="DeleteNotificationResponse" element="mes:deleteNotificationResponse"/>
  </wsdl:message>
  <wsdl:portType name="SendNotificationPortType">
    <wsdl:operation name="sendNotification">
      <wsdl:input message="tns:sendNotificationRequest"/>
      <wsdl:output message="tns:sendNotificationResponseMessage"/>
    </wsdl:operation>
  </wsdl:portType>
  <wsdl:portType name="ReceiveNotificationPortType">
    <wsdl:operation name="sendNotification">
      <wsdl:input message="tns:sendNotificationRequestMessage"/>
      <wsdl:output message="tns:sendNotificationResponseMessage"/>
    </wsdl:operation>
    <wsdl:operation name="receiveNotification">
      <wsdl:input message="tns:receiveNotificationRequest"/>
      <wsdl:output message="tns:receiveNotificationResponse"/>
    </wsdl:operation>
    <wsdl:operation name="deleteNotification">
      <wsdl:input message="tns:deleteNotificationRequest"/>
      <wsdl:output message="tns:deleteNotificationResponse"/>
    </wsdl:operation>
  </wsdl:portType>
  <wsdl:binding name="MessageForMeServiceHTTPBinding" type="tns:ReceiveNotificationPortType">
    <soap:binding style="document" transport="http://schemas.xmlsoap.org/soap/http"/>
    <wsdl:operation name="sendNotification">
      <soap:operation soapAction="http://fidus.brussels/services/messageformeservice/sendNotification"/>
      <wsdl:input>
        <soap:body use="literal"/>
      </wsdl:input>
      <wsdl:output>
        <soap:body use="literal"/>
      </wsdl:output>
    </wsdl:operation>
    <wsdl:operation name="receiveNotification">
      <soap:operation soapAction="http://fidus.brussels/services/messageformeservice/receiveNotification"/>
      <wsdl:input>
        <soap:body use="literal"/>
      </wsdl:input>
      <wsdl:output>
        <soap:body use="literal"/>
      </wsdl:output>
    </wsdl:operation>
    <wsdl:operation name="deleteNotification">
      <soap:operation soapAction="http://fidus.brussels/services/messageformeservice/deleteNotification"/>
      <wsdl:input>
        <soap:body use="literal"/>
      </wsdl:input>
      <wsdl:output>
        <soap:body use="literal"/>
      </wsdl:output>
    </wsdl:operation>
  </wsdl:binding>
  <wsdl:service name="MessageForMeService_v1">
    <wsdl:port name="MessageForMeService_v1" binding="tns:MessageForMeServiceHTTPBinding">
      <soap:address location="http://fidus.brussels/services/messageformeservice/v1"/>
    </wsdl:port>
  </wsdl:service>
  <xsd:annotation>
    <xsd:documentation>MessageForMeService WDSL v1.</xsd:documentation>
  </xsd:annotation>
</wsdl:definitions>]]></con:content><con:type>http://schemas.xmlsoap.org/wsdl/</con:type></con:part><con:part><con:url>file:/home/ebarbieux/Dev/fidus/messageformeservice/MessageForMeServiceGateway/src/main/resources/wsdl/messageForMeService/1.0.0/messages/messageForMeServiceMessages_v1.xsd</con:url><con:content><![CDATA[<xsd:schema targetNamespace="http://fidus.brussels/service/messageformeservice/messages/v1" elementFormDefault="qualified" attributeFormDefault="unqualified" version="1.0" xmlns:xsd="http://www.w3.org/2001/XMLSchema" xmlns:cme="http://fidus.brussels/type/common/messages/v1" xmlns:exc="http://fidus.brussels/type/common/exceptions/v1" xmlns:tns="http://fidus.brussels/service/messageformeservice/messages/v1">
  <xsd:import namespace="http://fidus.brussels/type/common/messages/v1" schemaLocation="baseMessageTypes_v1.xsd"/>
  <xsd:import namespace="http://fidus.brussels/type/common/exceptions/v1" schemaLocation="exceptionTypes_v1.xsd"/>
  <xsd:simpleType name="ConsumerId">
    <xsd:annotation>
      <xsd:documentation>The consumer identification Id</xsd:documentation>
    </xsd:annotation>
    <xsd:restriction base="xsd:string">
      <xsd:minLength value="1"/>
      <xsd:maxLength value="64"/>
    </xsd:restriction>
  </xsd:simpleType>
  <xsd:simpleType name="TopicIdType">
    <xsd:annotation>
      <xsd:documentation>The topic identification Id</xsd:documentation>
    </xsd:annotation>
    <xsd:restriction base="xsd:string">
      <xsd:minLength value="1"/>
      <xsd:maxLength value="64"/>
    </xsd:restriction>
  </xsd:simpleType>
  <xsd:simpleType name="NotificationId">
    <xsd:annotation>
      <xsd:documentation>The notification identification Id</xsd:documentation>
    </xsd:annotation>
    <xsd:restriction base="xsd:string">
      <xsd:minLength value="1"/>
      <xsd:maxLength value="64"/>
    </xsd:restriction>
  </xsd:simpleType>
  <xsd:simpleType name="statusCode">
    <xsd:restriction base="xsd:string">
      <xsd:enumeration value="OK"/>
      <xsd:enumeration value="NOK"/>
    </xsd:restriction>
  </xsd:simpleType>
  <xsd:complexType name="XmlDataType" mixed="true">
    <xsd:annotation>
      <xsd:documentation>Xml data content</xsd:documentation>
    </xsd:annotation>
    <xsd:sequence>
      <xsd:any minOccurs="0" processContents="lax" namespace="##any"/>
    </xsd:sequence>
  </xsd:complexType>
  <xsd:complexType name="NotificationType">
    <xsd:sequence>
      <xsd:element name="notificationId" type="tns:NotificationId"/>
      <xsd:element name="data" type="tns:XmlDataType"/>
    </xsd:sequence>
  </xsd:complexType>
  <xsd:complexType name="NotificationList">
    <xsd:sequence>
      <xsd:element name="notificationId" type="tns:NotificationId" minOccurs="1" maxOccurs="50"/>
    </xsd:sequence>
  </xsd:complexType>
  <xsd:complexType name="SendNotificationRequestType">
    <xsd:annotation>
      <xsd:documentation>Send a notification</xsd:documentation>
    </xsd:annotation>
    <xsd:sequence>
      <xsd:element name="consumerId" type="tns:ConsumerId"/>
      <xsd:element name="topicId" type="tns:TopicIdType"/>
      <xsd:element name="data" type="tns:XmlDataType"/>
    </xsd:sequence>
  </xsd:complexType>
  <xsd:complexType name="ReceiveNotificationRequestType">
    <xsd:annotation>
      <xsd:documentation>Receive a notification</xsd:documentation>
    </xsd:annotation>
    <xsd:sequence>
      <xsd:element name="topicId" type="tns:TopicIdType"/>
      <xsd:element name="waitTimeSeconds" type="tns:waitTimeSeconds" minOccurs="1" maxOccurs="1" nillable="false"/>
      <xsd:element name="maxNumberOfNotifications" type="tns:maxNumberOfNotifications" minOccurs="1" maxOccurs="1"/>
      <xsd:element name="autoDelete" type="xsd:boolean" default="false"/>
    </xsd:sequence>
  </xsd:complexType>
  <xsd:simpleType name="waitTimeSeconds">
    <xsd:restriction base="xsd:nonNegativeInteger">
      <xsd:maxInclusive value="60"/>
    </xsd:restriction>
  </xsd:simpleType>
  <xsd:simpleType name="maxNumberOfNotifications">
    <xsd:restriction base="xsd:nonNegativeInteger">
      <xsd:maxInclusive value="50"/>
    </xsd:restriction>
  </xsd:simpleType>
  <xsd:complexType name="DeleteNotificationRequestType">
    <xsd:annotation>
      <xsd:documentation>Delete notifications</xsd:documentation>
    </xsd:annotation>
    <xsd:sequence>
      <xsd:element name="topicId" type="tns:TopicIdType"/>
      <xsd:element name="notificationIds" type="tns:NotificationList"/>
    </xsd:sequence>
  </xsd:complexType>
  <!--Request SendMessageForMeServiceRequestType definition-->
  <xsd:complexType name="SendMessageForMeServiceRequestType">
    <xsd:sequence>
      <xsd:element name="messageContext" type="cme:RequestMessageContextType"/>
      <xsd:element name="legalContext" type="cme:LegalContextType"/>
      <xsd:element name="request" type="tns:SendNotificationRequestType"/>
    </xsd:sequence>
  </xsd:complexType>
  <!--Request SendMessageForMeServiceResponseType definition-->
  <xsd:complexType name="SendMessageForMeServiceResponseType">
    <xsd:sequence>
      <xsd:element name="messageContext" type="cme:ResponseMessageContextType"/>
      <xsd:element name="responses" type="tns:SendNotificationResponsesType" minOccurs="0"/>
      <xsd:element name="exceptions" type="exc:ExceptionsType" minOccurs="0">
        <xsd:annotation>
          <xsd:documentation>Technical errors that occur when processing the message context e.g. insufficient rights.</xsd:documentation>
        </xsd:annotation>
      </xsd:element>
    </xsd:sequence>
  </xsd:complexType>
  <!--Request ReceiveMessageForMeServiceRequestType definition-->
  <xsd:complexType name="ReceiveMessageForMeServiceRequestType">
    <xsd:sequence>
      <xsd:element name="messageContext" type="cme:RequestMessageContextType"/>
      <xsd:element name="legalContext" type="cme:LegalContextType"/>
      <xsd:element name="request" type="tns:ReceiveNotificationRequestType"/>
    </xsd:sequence>
  </xsd:complexType>
  <!--Request ReceiveMessageForMeServiceResponseType definition-->
  <xsd:complexType name="ReceiveMessageForMeServiceResponseType">
    <xsd:sequence>
      <xsd:element name="messageContext" type="cme:ResponseMessageContextType"/>
      <xsd:element name="responses" type="tns:ReceiveNotificationResponseType"/>
      <xsd:element name="exceptions" type="exc:ExceptionsType" minOccurs="0">
        <xsd:annotation>
          <xsd:documentation>Technical errors that occur when processing the message context e.g. insufficient rights.</xsd:documentation>
        </xsd:annotation>
      </xsd:element>
    </xsd:sequence>
  </xsd:complexType>
  <!--Request DeleteMessageForMeServiceRequestType definition-->
  <xsd:complexType name="DeleteMessageForMeServiceRequestType">
    <xsd:sequence>
      <xsd:element name="messageContext" type="cme:RequestMessageContextType"/>
      <xsd:element name="legalContext" type="cme:LegalContextType"/>
      <xsd:element name="request" type="tns:DeleteNotificationRequestType"/>
    </xsd:sequence>
  </xsd:complexType>
  <!--Request DeleteMessageForMeServiceResponseType definition-->
  <xsd:complexType name="DeleteMessageForMeServiceResponseType">
    <xsd:sequence>
      <xsd:element name="messageContext" type="cme:ResponseMessageContextType"/>
      <xsd:element name="responses" type="tns:DeleteNotificationResponsesType"/>
      <xsd:element name="exceptions" type="exc:ExceptionsType" minOccurs="0">
        <xsd:annotation>
          <xsd:documentation>Technical errors that occur when processing the message context e.g. insufficient rights.</xsd:documentation>
        </xsd:annotation>
      </xsd:element>
    </xsd:sequence>
  </xsd:complexType>
  <xsd:complexType name="SendNotificationResponsesType">
    <xsd:sequence>
      <xsd:element name="notificationId" type="tns:NotificationId"/>
    </xsd:sequence>
  </xsd:complexType>
  <xsd:complexType name="ReceiveNotificationResponseType">
    <xsd:sequence>
      <xsd:element name="notification" minOccurs="0" maxOccurs="unbounded" type="tns:NotificationType"/>
      <xsd:element name="notificationRemaining" minOccurs="1" maxOccurs="1" type="xsd:boolean"/>
    </xsd:sequence>
  </xsd:complexType>
  <xsd:complexType name="DeleteNotificationResponsesType">
    <xsd:sequence>
      <xsd:element name="status" minOccurs="1" maxOccurs="1" type="tns:statusCode"/>
    </xsd:sequence>
  </xsd:complexType>
  <!--Element of the request and the response-->
  <xsd:element name="sendNotificationRequest" type="tns:SendMessageForMeServiceRequestType"/>
  <xsd:element name="sendNotificationResponse" type="tns:SendMessageForMeServiceResponseType"/>
  <xsd:element name="receiveNotificationRequest" type="tns:ReceiveMessageForMeServiceRequestType"/>
  <xsd:element name="receiveNotificationResponse" type="tns:ReceiveMessageForMeServiceResponseType"/>
  <xsd:element name="deleteNotificationRequest" type="tns:DeleteMessageForMeServiceRequestType"/>
  <xsd:element name="deleteNotificationResponse" type="tns:DeleteMessageForMeServiceResponseType"/>
</xsd:schema>]]></con:content><con:type>http://www.w3.org/2001/XMLSchema</con:type></con:part><con:part><con:url>file:/home/ebarbieux/Dev/fidus/messageformeservice/MessageForMeServiceGateway/src/main/resources/wsdl/messageForMeService/1.0.0/messages/baseMessageTypes_v1.xsd</con:url><con:content><![CDATA[<xsd:schema targetNamespace="http://fidus.brussels/type/common/messages/v1" elementFormDefault="qualified" attributeFormDefault="unqualified" version="1.0" xmlns:xsd="http://www.w3.org/2001/XMLSchema" xmlns:tns="http://fidus.brussels/type/common/messages/v1">
  <!--Unformatted message Id-->
  <xsd:simpleType name="MessageIdType">
    <xsd:restriction base="xsd:string">
      <xsd:minLength value="1"/>
      <xsd:maxLength value="64"/>
    </xsd:restriction>
  </xsd:simpleType>
  <!--National Number of the person. Format depending on the Register-->
  <xsd:simpleType name="PersonNumberType">
    <xsd:restriction base="xsd:string">
      <xsd:pattern value="[0-9][0-9](([0][0-9])|([1][0-2]))(([0-2][0-9])|([3][0-1]))(([0-9]{2}[1-9])|([0-9][1-9][0-9])|([1-9][0-9]{2}))(([0-8][0-9])|([9][0-7]))">
        <xsd:annotation>
          <xsd:documentation>National Register format</xsd:documentation>
        </xsd:annotation>
      </xsd:pattern>
      <xsd:pattern value="[0-9][0-9](([2][0-9])|([3][0-2]))(([0-2][0-9])|([3][0-1]))[0-9]{3}(([0-8][0-9])|([9][0-7]))">
        <xsd:annotation>
          <xsd:documentation>CBSS Register format: Bis Register</xsd:documentation>
        </xsd:annotation>
      </xsd:pattern>
      <xsd:pattern value="[0-9][0-9](([4][0-9])|([5][0-2]))(([0-2][0-9])|([3][0-1]))[0-9]{3}(([0-8][0-9])|([9][0-7]))">
        <xsd:annotation>
          <xsd:documentation>CBSS Register format: Ter Register</xsd:documentation>
        </xsd:annotation>
      </xsd:pattern>
    </xsd:restriction>
  </xsd:simpleType>
  <!--Request message context-->
  <xsd:complexType name="RequestMessageContextType">
    <xsd:annotation>
      <xsd:documentation>Message context block generated by the consumer.</xsd:documentation>
    </xsd:annotation>
    <xsd:sequence>
      <xsd:element name="messageId" type="tns:MessageIdType">
        <xsd:annotation>
          <xsd:documentation>Consumer must assign their own MessageId reference for the request.</xsd:documentation>
        </xsd:annotation>
      </xsd:element>
      <xsd:element name="timestamp" type="xsd:dateTime" minOccurs="0">
        <xsd:annotation>
          <xsd:documentation>Timestamp when client sent request.</xsd:documentation>
        </xsd:annotation>
      </xsd:element>
    </xsd:sequence>
  </xsd:complexType>
  <!--Response message context-->
  <xsd:complexType name="ResponseMessageContextType">
    <xsd:annotation>
      <xsd:documentation>MessageContext block generated by fidus.</xsd:documentation>
    </xsd:annotation>
    <xsd:sequence>
      <xsd:element name="messageId" type="tns:MessageIdType">
        <xsd:annotation>
          <xsd:documentation>A unique identifier generated by fidus.</xsd:documentation>
        </xsd:annotation>
      </xsd:element>
      <xsd:element name="transactionId" type="tns:MessageIdType">
        <xsd:annotation>
          <xsd:documentation>A unique ID returned to the client for tracing purposes.</xsd:documentation>
        </xsd:annotation>
      </xsd:element>
      <xsd:element name="relatesTo" type="tns:MessageIdType" minOccurs="0">
        <xsd:annotation>
          <xsd:documentation>Optional field. The unique id of a previous batch file in this exchange Only used for responses.</xsd:documentation>
        </xsd:annotation>
      </xsd:element>
      <xsd:element name="timestamp" type="xsd:dateTime" minOccurs="0">
        <xsd:annotation>
          <xsd:documentation>Time reply sent by fidus.</xsd:documentation>
        </xsd:annotation>
      </xsd:element>
    </xsd:sequence>
  </xsd:complexType>
  <!--Legal Context : the finality of the Privacy Commission-->
  <xsd:simpleType name="LegalContextType">
    <xsd:restriction base="xsd:string">
      <xsd:minLength value="1"/>
      <xsd:maxLength value="64"/>
    </xsd:restriction>
  </xsd:simpleType>
  <xsd:complexType name="UserContextType">
    <xsd:annotation>
      <xsd:documentation>The user context defines information regarding the actual user performing a request.</xsd:documentation>
    </xsd:annotation>
    <xsd:sequence>
      <xsd:element name="language" type="xsd:language" nillable="true">
        <xsd:annotation>
          <xsd:documentation>The preferred language of the actual user performing the request.
						This influences the language in which response elements are cast.</xsd:documentation>
        </xsd:annotation>
      </xsd:element>
    </xsd:sequence>
  </xsd:complexType>
</xsd:schema>]]></con:content><con:type>http://www.w3.org/2001/XMLSchema</con:type></con:part><con:part><con:url>file:/home/ebarbieux/Dev/fidus/messageformeservice/MessageForMeServiceGateway/src/main/resources/wsdl/messageForMeService/1.0.0/messages/exceptionTypes_v1.xsd</con:url><con:content><![CDATA[<xsd:schema targetNamespace="http://fidus.brussels/type/common/exceptions/v1" elementFormDefault="qualified" attributeFormDefault="unqualified" version="1.0" xmlns:xsd="http://www.w3.org/2001/XMLSchema" xmlns:tns="http://fidus.brussels/type/common/exceptions/v1">
  <!--Basic error typed-->
  <xsd:complexType name="ExceptionsType">
    <xsd:sequence>
      <xsd:element name="exception" type="tns:ExceptionType" maxOccurs="unbounded"/>
    </xsd:sequence>
  </xsd:complexType>
  <xsd:complexType name="ExceptionType">
    <xsd:sequence>
      <xsd:element name="type" type="tns:ExceptionClassType"/>
      <xsd:element name="code" type="tns:ExceptionCodeType"/>
      <xsd:element name="source" type="tns:ExceptionSourceType"/>
      <xsd:element name="description" type="tns:ExceptionDescriptionType"/>
    </xsd:sequence>
  </xsd:complexType>
  <xsd:simpleType name="ExceptionClassType">
    <xsd:restriction base="xsd:string">
      <xsd:enumeration value="ERROR"/>
      <xsd:enumeration value="WARNING"/>
      <xsd:enumeration value="INFO"/>
    </xsd:restriction>
  </xsd:simpleType>
  <xsd:simpleType name="ExceptionCodeType">
    <xsd:restriction base="xsd:string">
      <xsd:maxLength value="20"/>
    </xsd:restriction>
  </xsd:simpleType>
  <xsd:simpleType name="ExceptionSourceType">
    <xsd:restriction base="xsd:string">
      <xsd:maxLength value="20"/>
    </xsd:restriction>
  </xsd:simpleType>
  <xsd:simpleType name="ExceptionDescriptionType">
    <xsd:restriction base="xsd:string"/>
  </xsd:simpleType>
</xsd:schema>]]></con:content><con:type>http://www.w3.org/2001/XMLSchema</con:type></con:part></con:definitionCache><con:endpoints><con:endpoint>http://fidus.brussels/services/messageformeservice/v1</con:endpoint></con:endpoints><con:operation id="afcad64e-a1e0-482a-969f-892b627e7b0c" isOneWay="false" action="http://fidus.brussels/services/messageformeservice/sendNotification" name="sendNotification" bindingOperationName="sendNotification" type="Request-Response" inputName="" receivesAttachments="false" sendsAttachments="false" anonymous="optional"><con:settings/><con:call id="0f12defc-3948-46ab-a16f-44f66b4a715c" name="1 - Local - Request - OK" outgoingWss="Outflow DEV" incomingWss="Inflow DEV"><con:settings><con:setting id="com.eviware.soapui.impl.wsdl.WsdlRequest@request-headers">&lt;xml-fragment/></con:setting></con:settings><con:encoding>UTF-8</con:encoding><con:endpoint>https://localhost:8243/services/MessageForMeService_v1.0</con:endpoint><con:request><![CDATA[<soapenv:Envelope xmlns:soapenv="http://schemas.xmlsoap.org/soap/envelope/" xmlns:v1="http://fidus.brussels/service/messageformeservice/messages/v1" xmlns:v11="http://fidus.brussels/type/common/messages/v1">
   <soapenv:Header/>
   <soapenv:Body>
      <v1:sendNotificationRequest>
         <v1:messageContext>
            <v11:messageId>${=import static java.util.UUID.randomUUID; uuid = randomUUID() as String}</v11:messageId>
         </v1:messageContext>
         <v1:legalContext>ServiceIntegrator</v1:legalContext>
         <v1:request>
            <v1:consumerId>CIRB-CIBG</v1:consumerId>
            <v1:topicId>PersonService</v1:topicId>
            <v1:data>one data</v1:data>
         </v1:request>
      </v1:sendNotificationRequest>
   </soapenv:Body>
</soapenv:Envelope>]]></con:request><con:credentials><con:selectedAuthProfile>Basic</con:selectedAuthProfile><con:addedBasicAuthenticationTypes>Basic</con:addedBasicAuthenticationTypes><con:authType>Global HTTP Settings</con:authType></con:credentials><con:jmsConfig JMSDeliveryMode="PERSISTENT"/><con:jmsPropertyConfig/><con:wsaConfig mustUnderstand="NONE" version="200508" action="http://fidus.brussels/services/accessmanagerservice/getDomain"/><con:wsrmConfig version="1.2"/></con:call><con:call id="162a7cfc-6c78-4326-bf6e-2d5603ead13f" name="3 - Test - LB - Request" outgoingWss="Outflow TEST"><con:settings><con:setting id="com.eviware.soapui.impl.wsdl.WsdlRequest@request-headers">&lt;xml-fragment/></con:setting></con:settings><con:encoding>UTF-8</con:encoding><con:endpoint>https://esb-security-gw.sta.srv.cirb.lan:8443/services/MessageForMeService_v1.0</con:endpoint><con:request><![CDATA[<soapenv:Envelope xmlns:soapenv="http://schemas.xmlsoap.org/soap/envelope/" xmlns:v1="http://fidus.brussels/service/messageformeservice/messages/v1" xmlns:v11="http://fidus.brussels/type/common/messages/v1">
   <soapenv:Header/>
   <soapenv:Body>
      <v1:sendNotificationRequest>
         <v1:messageContext>
            <v11:messageId>${=import static java.util.UUID.randomUUID; uuid = randomUUID() as String}</v11:messageId>
         </v1:messageContext>
         <v1:legalContext>ServiceIntegrator</v1:legalContext>
         <v1:request>
            <v1:consumerId>FIDUS-TESTUSER</v1:consumerId>
            <v1:topicId>PersonService</v1:topicId>
            <v1:data><test>test</test></v1:data>
         </v1:request>
      </v1:sendNotificationRequest>
   </soapenv:Body>
</soapenv:Envelope>]]></con:request><con:credentials><con:selectedAuthProfile>Basic</con:selectedAuthProfile><con:addedBasicAuthenticationTypes>Basic</con:addedBasicAuthenticationTypes><con:authType>Global HTTP Settings</con:authType></con:credentials><con:jmsConfig JMSDeliveryMode="PERSISTENT"/><con:jmsPropertyConfig/><con:wsaConfig mustUnderstand="NONE" version="200508" action="http://fidus.brussels/services/accessmanagerservice/getDomain"/><con:wsrmConfig version="1.2"/></con:call><con:call id="dceea48e-a87f-4e17-9363-a428664cf44e" name="4 - Staging - LB - Request" incomingWss="Inflow STAGING" outgoingWss="Outflow STAGING"><con:settings><con:setting id="com.eviware.soapui.impl.wsdl.WsdlRequest@request-headers">&lt;xml-fragment/></con:setting></con:settings><con:encoding>UTF-8</con:encoding><con:endpoint>https://fidus-esb-sg.sta.srv.cirb.lan:8443/services/MessageForMeService_v1.0</con:endpoint><con:request><![CDATA[<soapenv:Envelope xmlns:soapenv="http://schemas.xmlsoap.org/soap/envelope/" xmlns:v1="http://fidus.brussels/service/messageformeservice/messages/v1" xmlns:v11="http://fidus.brussels/type/common/messages/v1">
   <soapenv:Header/>
   <soapenv:Body>
      <v1:sendNotificationRequest>
         <v1:messageContext>
            <v11:messageId>${=import static java.util.UUID.randomUUID; uuid = randomUUID() as String}</v11:messageId>
         </v1:messageContext>
         <v1:legalContext>ServiceIntegrator</v1:legalContext>
         <v1:request>
            <v1:consumerId>FIDUS-TESTUSER</v1:consumerId>
            <v1:topicId>PersonService</v1:topicId>
            <v1:data><test>test</test></v1:data>
         </v1:request>
      </v1:sendNotificationRequest>
   </soapenv:Body>
</soapenv:Envelope>]]></con:request><con:credentials><con:selectedAuthProfile>Basic</con:selectedAuthProfile><con:addedBasicAuthenticationTypes>Basic</con:addedBasicAuthenticationTypes><con:authType>Global HTTP Settings</con:authType></con:credentials><con:jmsConfig JMSDeliveryMode="PERSISTENT"/><con:jmsPropertyConfig/><con:wsaConfig mustUnderstand="NONE" version="200508" action="http://fidus.brussels/services/accessmanagerservice/getDomain"/><con:wsrmConfig version="1.2"/></con:call><con:call id="001cf2dc-2ec2-4409-a5db-4ef90200d5d6" name="2 - Dev - Request - OK" outgoingWss="Outflow DEV" incomingWss="Inflow DEV"><con:settings><con:setting id="com.eviware.soapui.impl.wsdl.WsdlRequest@request-headers">&lt;xml-fragment/></con:setting></con:settings><con:encoding>UTF-8</con:encoding><con:endpoint>https://192.168.36.61:8243/services/MessageForMeService_v1.0</con:endpoint><con:request><![CDATA[<soapenv:Envelope xmlns:soapenv="http://schemas.xmlsoap.org/soap/envelope/" xmlns:v1="http://fidus.brussels/service/messageformeservice/messages/v1" xmlns:v11="http://fidus.brussels/type/common/messages/v1">
   <soapenv:Header/>
   <soapenv:Body>
      <v1:sendNotificationRequest>
         <v1:messageContext>
            <v11:messageId>${=import static java.util.UUID.randomUUID; uuid = randomUUID() as String}</v11:messageId>
         </v1:messageContext>
         <v1:legalContext>ServiceIntegrator</v1:legalContext>
         <v1:request>
            <v1:consumerId>CIRB-CIBG</v1:consumerId>
            <v1:topicId>PersonService</v1:topicId>
            <v1:data>one data</v1:data>
         </v1:request>
      </v1:sendNotificationRequest>
   </soapenv:Body>
</soapenv:Envelope>]]></con:request><con:credentials><con:selectedAuthProfile>Basic</con:selectedAuthProfile><con:addedBasicAuthenticationTypes>Basic</con:addedBasicAuthenticationTypes><con:authType>Global HTTP Settings</con:authType></con:credentials><con:jmsConfig JMSDeliveryMode="PERSISTENT"/><con:jmsPropertyConfig/><con:wsaConfig mustUnderstand="NONE" version="200508" action="http://fidus.brussels/services/accessmanagerservice/getDomain"/><con:wsrmConfig version="1.2"/></con:call><con:call id="fd82976b-792d-4ca5-a0aa-3b38caa69e8e" name="5 - Prod - External - Request" incomingWss="Inflow PROD" outgoingWss="Outflow PROD"><con:settings><con:setting id="com.eviware.soapui.impl.wsdl.WsdlRequest@request-headers">&lt;xml-fragment/></con:setting></con:settings><con:encoding>UTF-8</con:encoding><con:endpoint>https://fidus.sec.brussels/services/MessageForMeService_v1.0</con:endpoint><con:request><![CDATA[<soapenv:Envelope xmlns:soapenv="http://schemas.xmlsoap.org/soap/envelope/" xmlns:v1="http://fidus.brussels/service/messageformeservice/messages/v1" xmlns:v11="http://fidus.brussels/type/common/messages/v1">
   <soapenv:Header/>
   <soapenv:Body>
      <v1:sendNotificationRequest>
         <v1:messageContext>
            <v11:messageId>${=import static java.util.UUID.randomUUID; uuid = randomUUID() as String}</v11:messageId>
         </v1:messageContext>
         <v1:legalContext>ServiceIntegrator</v1:legalContext>
         <v1:request>
            <v1:consumerId>FIDUS-TESTUSER</v1:consumerId>
            <v1:topicId>PersonService</v1:topicId>
            <v1:data><test>test</test></v1:data>
         </v1:request>
      </v1:sendNotificationRequest>
   </soapenv:Body>
</soapenv:Envelope>]]></con:request><con:credentials><con:selectedAuthProfile>Basic</con:selectedAuthProfile><con:addedBasicAuthenticationTypes>Basic</con:addedBasicAuthenticationTypes><con:authType>Global HTTP Settings</con:authType></con:credentials><con:jmsConfig JMSDeliveryMode="PERSISTENT"/><con:jmsPropertyConfig/><con:wsaConfig mustUnderstand="NONE" version="200508" action="http://fidus.brussels/services/accessmanagerservice/getDomain"/><con:wsrmConfig version="1.2"/></con:call><con:call id="89f2e7a2-5b2c-42f0-b173-5923c915539a" name="3 - Test - Worker1 - Request" outgoingWss="Outflow TEST" incomingWss="Inflow TEST"><con:settings><con:setting id="com.eviware.soapui.impl.wsdl.WsdlRequest@request-headers">&lt;xml-fragment/></con:setting></con:settings><con:encoding>UTF-8</con:encoding><con:endpoint>https://192.168.22.53:8443/services/MessageForMeService_v1.0</con:endpoint><con:request><![CDATA[<soapenv:Envelope xmlns:soapenv="http://schemas.xmlsoap.org/soap/envelope/" xmlns:v1="http://fidus.brussels/service/messageformeservice/messages/v1" xmlns:v11="http://fidus.brussels/type/common/messages/v1">
   <soapenv:Header/>
   <soapenv:Body>
      <v1:sendNotificationRequest>
         <v1:messageContext>
            <v11:messageId>${=import static java.util.UUID.randomUUID; uuid = randomUUID() as String}</v11:messageId>
         </v1:messageContext>
         <v1:legalContext>ServiceIntegrator</v1:legalContext>
         <v1:request>
            <v1:consumerId>FIDUS-TESTUSER</v1:consumerId>
            <v1:topicId>PersonService</v1:topicId>
            <v1:data><test>test</test></v1:data>
         </v1:request>
      </v1:sendNotificationRequest>
   </soapenv:Body>
</soapenv:Envelope>]]></con:request><con:credentials><con:selectedAuthProfile>Basic</con:selectedAuthProfile><con:addedBasicAuthenticationTypes>Basic</con:addedBasicAuthenticationTypes><con:authType>Global HTTP Settings</con:authType></con:credentials><con:jmsConfig JMSDeliveryMode="PERSISTENT"/><con:jmsPropertyConfig/><con:wsaConfig mustUnderstand="NONE" version="200508" action="http://fidus.brussels/services/accessmanagerservice/getDomain"/><con:wsrmConfig version="1.2"/></con:call><con:call id="7bd6e7e5-47a9-430b-91c1-0a22d40e70d4" name="3 - Test - Worker2 - Request" outgoingWss="Outflow TEST" incomingWss="Inflow TEST"><con:settings><con:setting id="com.eviware.soapui.impl.wsdl.WsdlRequest@request-headers">&lt;xml-fragment/></con:setting></con:settings><con:encoding>UTF-8</con:encoding><con:endpoint>https://192.168.22.54:8443/services/MessageForMeService_v1.0</con:endpoint><con:request><![CDATA[<soapenv:Envelope xmlns:soapenv="http://schemas.xmlsoap.org/soap/envelope/" xmlns:v1="http://fidus.brussels/service/messageformeservice/messages/v1" xmlns:v11="http://fidus.brussels/type/common/messages/v1">
   <soapenv:Header/>
   <soapenv:Body>
      <v1:sendNotificationRequest>
         <v1:messageContext>
            <v11:messageId>${=import static java.util.UUID.randomUUID; uuid = randomUUID() as String}</v11:messageId>
         </v1:messageContext>
         <v1:legalContext>ServiceIntegrator</v1:legalContext>
         <v1:request>
            <v1:consumerId>FIDUS-TESTUSER</v1:consumerId>
            <v1:topicId>PersonService</v1:topicId>
            <v1:data><test>test</test></v1:data>
         </v1:request>
      </v1:sendNotificationRequest>
   </soapenv:Body>
</soapenv:Envelope>]]></con:request><con:credentials><con:selectedAuthProfile>Basic</con:selectedAuthProfile><con:addedBasicAuthenticationTypes>Basic</con:addedBasicAuthenticationTypes><con:authType>Global HTTP Settings</con:authType></con:credentials><con:jmsConfig JMSDeliveryMode="PERSISTENT"/><con:jmsPropertyConfig/><con:wsaConfig mustUnderstand="NONE" version="200508" action="http://fidus.brussels/services/accessmanagerservice/getDomain"/><con:wsrmConfig version="1.2"/></con:call><con:call id="35eb26a3-7ca2-4f97-87cc-27f111258f46" name="4 - Staging - Worker1 - Request" incomingWss="Inflow STAGING" outgoingWss="Outflow STAGING"><con:settings><con:setting id="com.eviware.soapui.impl.wsdl.WsdlRequest@request-headers">&lt;xml-fragment/></con:setting></con:settings><con:encoding>UTF-8</con:encoding><con:endpoint>https://192.168.24.16:8443/services/MessageForMeService_v1.0</con:endpoint><con:request><![CDATA[<soapenv:Envelope xmlns:soapenv="http://schemas.xmlsoap.org/soap/envelope/" xmlns:v1="http://fidus.brussels/service/messageformeservice/messages/v1" xmlns:v11="http://fidus.brussels/type/common/messages/v1">
   <soapenv:Header/>
   <soapenv:Body>
      <v1:sendNotificationRequest>
         <v1:messageContext>
            <v11:messageId>${=import static java.util.UUID.randomUUID; uuid = randomUUID() as String}</v11:messageId>
         </v1:messageContext>
         <v1:legalContext>ServiceIntegrator</v1:legalContext>
         <v1:request>
            <v1:consumerId>FIDUS-TESTUSER</v1:consumerId>
            <v1:topicId>PersonService</v1:topicId>
            <v1:data><test>test</test></v1:data>
         </v1:request>
      </v1:sendNotificationRequest>
   </soapenv:Body>
</soapenv:Envelope>]]></con:request><con:credentials><con:selectedAuthProfile>Basic</con:selectedAuthProfile><con:addedBasicAuthenticationTypes>Basic</con:addedBasicAuthenticationTypes><con:authType>Global HTTP Settings</con:authType></con:credentials><con:jmsConfig JMSDeliveryMode="PERSISTENT"/><con:jmsPropertyConfig/><con:wsaConfig mustUnderstand="NONE" version="200508" action="http://fidus.brussels/services/accessmanagerservice/getDomain"/><con:wsrmConfig version="1.2"/></con:call><con:call id="1c96a159-0bf2-410e-8c4c-dcb643dc02ba" name="4 - Staging - Worker2 - Request" incomingWss="Inflow STAGING" outgoingWss="Outflow STAGING"><con:settings><con:setting id="com.eviware.soapui.impl.wsdl.WsdlRequest@request-headers">&lt;xml-fragment/></con:setting></con:settings><con:encoding>UTF-8</con:encoding><con:endpoint>https://192.168.24.17:8443/services/MessageForMeService_v1.0</con:endpoint><con:request><![CDATA[<soapenv:Envelope xmlns:soapenv="http://schemas.xmlsoap.org/soap/envelope/" xmlns:v1="http://fidus.brussels/service/messageformeservice/messages/v1" xmlns:v11="http://fidus.brussels/type/common/messages/v1">
   <soapenv:Header/>
   <soapenv:Body>
      <v1:sendNotificationRequest>
         <v1:messageContext>
            <v11:messageId>${=import static java.util.UUID.randomUUID; uuid = randomUUID() as String}</v11:messageId>
         </v1:messageContext>
         <v1:legalContext>ServiceIntegrator</v1:legalContext>
         <v1:request>
            <v1:consumerId>FIDUS-TESTUSER</v1:consumerId>
            <v1:topicId>PersonService</v1:topicId>
            <v1:data><test>test</test></v1:data>
         </v1:request>
      </v1:sendNotificationRequest>
   </soapenv:Body>
</soapenv:Envelope>]]></con:request><con:credentials><con:selectedAuthProfile>Basic</con:selectedAuthProfile><con:addedBasicAuthenticationTypes>Basic</con:addedBasicAuthenticationTypes><con:authType>Global HTTP Settings</con:authType></con:credentials><con:jmsConfig JMSDeliveryMode="PERSISTENT"/><con:jmsPropertyConfig/><con:wsaConfig mustUnderstand="NONE" version="200508" action="http://fidus.brussels/services/accessmanagerservice/getDomain"/><con:wsrmConfig version="1.2"/></con:call><con:call id="37e20322-b450-4958-bbaa-24de1819f51f" name="5 - Prod - LB - Request" incomingWss="Inflow PROD" outgoingWss="Outflow PROD"><con:settings><con:setting id="com.eviware.soapui.impl.wsdl.WsdlRequest@request-headers">&lt;xml-fragment/></con:setting></con:settings><con:encoding>UTF-8</con:encoding><con:endpoint>https://fidus-esb-sg.prd.srv.cirb.lan:8443/services/MessageForMeService_v1.0</con:endpoint><con:request><![CDATA[<soapenv:Envelope xmlns:soapenv="http://schemas.xmlsoap.org/soap/envelope/" xmlns:v1="http://fidus.brussels/service/messageformeservice/messages/v1" xmlns:v11="http://fidus.brussels/type/common/messages/v1">
   <soapenv:Header/>
   <soapenv:Body>
      <v1:sendNotificationRequest>
         <v1:messageContext>
            <v11:messageId>${=import static java.util.UUID.randomUUID; uuid = randomUUID() as String}</v11:messageId>
         </v1:messageContext>
         <v1:legalContext>ServiceIntegrator</v1:legalContext>
         <v1:request>
            <v1:consumerId>FIDUS-TESTUSER</v1:consumerId>
            <v1:topicId>PersonService</v1:topicId>
            <v1:data><test>test</test></v1:data>
         </v1:request>
      </v1:sendNotificationRequest>
   </soapenv:Body>
</soapenv:Envelope>]]></con:request><con:credentials><con:selectedAuthProfile>Basic</con:selectedAuthProfile><con:addedBasicAuthenticationTypes>Basic</con:addedBasicAuthenticationTypes><con:authType>Global HTTP Settings</con:authType></con:credentials><con:jmsConfig JMSDeliveryMode="PERSISTENT"/><con:jmsPropertyConfig/><con:wsaConfig mustUnderstand="NONE" version="200508" action="http://fidus.brussels/services/accessmanagerservice/getDomain"/><con:wsrmConfig version="1.2"/></con:call><con:call id="35c05f2f-71c9-42ab-9302-0293ddf7dcc1" name="5 - Prod - Worker1 - Request" incomingWss="Inflow PROD" outgoingWss="Outflow PROD"><con:settings><con:setting id="com.eviware.soapui.impl.wsdl.WsdlRequest@request-headers">&lt;xml-fragment/></con:setting></con:settings><con:encoding>UTF-8</con:encoding><con:endpoint>https://192.168.26.22:8443/services/MessageForMeService_v1.0</con:endpoint><con:request><![CDATA[<soapenv:Envelope xmlns:soapenv="http://schemas.xmlsoap.org/soap/envelope/" xmlns:v1="http://fidus.brussels/service/messageformeservice/messages/v1" xmlns:v11="http://fidus.brussels/type/common/messages/v1">
   <soapenv:Header/>
   <soapenv:Body>
      <v1:sendNotificationRequest>
         <v1:messageContext>
            <v11:messageId>${=import static java.util.UUID.randomUUID; uuid = randomUUID() as String}</v11:messageId>
         </v1:messageContext>
         <v1:legalContext>ServiceIntegrator</v1:legalContext>
         <v1:request>
            <v1:consumerId>FIDUS-TESTUSER</v1:consumerId>
            <v1:topicId>PersonService</v1:topicId>
            <v1:data><test>test</test></v1:data>
         </v1:request>
      </v1:sendNotificationRequest>
   </soapenv:Body>
</soapenv:Envelope>]]></con:request><con:credentials><con:selectedAuthProfile>Basic</con:selectedAuthProfile><con:addedBasicAuthenticationTypes>Basic</con:addedBasicAuthenticationTypes><con:authType>Global HTTP Settings</con:authType></con:credentials><con:jmsConfig JMSDeliveryMode="PERSISTENT"/><con:jmsPropertyConfig/><con:wsaConfig mustUnderstand="NONE" version="200508" action="http://fidus.brussels/services/accessmanagerservice/getDomain"/><con:wsrmConfig version="1.2"/></con:call><con:call id="49868844-6257-4d3e-bf80-b9ebd1d42fd8" name="5 - Prod - Worker2 - Request" incomingWss="Inflow PROD" outgoingWss="Outflow PROD"><con:settings><con:setting id="com.eviware.soapui.impl.wsdl.WsdlRequest@request-headers">&lt;xml-fragment/></con:setting></con:settings><con:encoding>UTF-8</con:encoding><con:endpoint>https://192.168.26.19:8443/services/MessageForMeService_v1.0</con:endpoint><con:request><![CDATA[<soapenv:Envelope xmlns:soapenv="http://schemas.xmlsoap.org/soap/envelope/" xmlns:v1="http://fidus.brussels/service/messageformeservice/messages/v1" xmlns:v11="http://fidus.brussels/type/common/messages/v1">
   <soapenv:Header/>
   <soapenv:Body>
      <v1:sendNotificationRequest>
         <v1:messageContext>
            <v11:messageId>${=import static java.util.UUID.randomUUID; uuid = randomUUID() as String}</v11:messageId>
         </v1:messageContext>
         <v1:legalContext>ServiceIntegrator</v1:legalContext>
         <v1:request>
            <v1:consumerId>FIDUS-TESTUSER</v1:consumerId>
            <v1:topicId>PersonService</v1:topicId>
            <v1:data><test>test</test></v1:data>
         </v1:request>
      </v1:sendNotificationRequest>
   </soapenv:Body>
</soapenv:Envelope>]]></con:request><con:credentials><con:selectedAuthProfile>Basic</con:selectedAuthProfile><con:addedBasicAuthenticationTypes>Basic</con:addedBasicAuthenticationTypes><con:authType>Global HTTP Settings</con:authType></con:credentials><con:jmsConfig JMSDeliveryMode="PERSISTENT"/><con:jmsPropertyConfig/><con:wsaConfig mustUnderstand="NONE" version="200508" action="http://fidus.brussels/services/accessmanagerservice/getDomain"/><con:wsrmConfig version="1.2"/></con:call></con:operation><con:operation id="1ada035c-f750-459e-a201-428e5fb2b469" isOneWay="false" action="http://fidus.brussels/services/messageformeservice/receiveNotification" name="receiveNotification" bindingOperationName="receiveNotification" type="Request-Response" inputName="" receivesAttachments="false" sendsAttachments="false" anonymous="optional"><con:settings/><con:call id="0bde390e-f55b-4b7f-aedb-4f7b85f196c9" name="1 - Local - Request - OK" outgoingWss="Outflow DEV" incomingWss="Inflow DEV"><con:settings><con:setting id="com.eviware.soapui.impl.wsdl.WsdlRequest@request-headers">&lt;xml-fragment/></con:setting></con:settings><con:encoding>UTF-8</con:encoding><con:endpoint>https://localhost:8243/services/MessageForMeService_v1.0</con:endpoint><con:request><![CDATA[<soapenv:Envelope xmlns:soapenv="http://schemas.xmlsoap.org/soap/envelope/" xmlns:v1="http://fidus.brussels/service/messageformeservice/messages/v1" xmlns:v11="http://fidus.brussels/type/common/messages/v1">
   <soapenv:Header/>
   <soapenv:Body>
      <v1:receiveNotificationRequest>
         <v1:messageContext>
            <v11:messageId>${=import static java.util.UUID.randomUUID; uuid = randomUUID() as String}</v11:messageId>
         </v1:messageContext>
         <v1:legalContext>ServiceIntegrator</v1:legalContext>
         <v1:request>
            <v1:topicId>PersonService</v1:topicId>
            <v1:waitTimeSeconds>10</v1:waitTimeSeconds>
            <v1:maxNumberOfNotifications>10</v1:maxNumberOfNotifications>
            <v1:autoDelete>false</v1:autoDelete>
         </v1:request>
      </v1:receiveNotificationRequest>
   </soapenv:Body>
</soapenv:Envelope>]]></con:request><con:credentials><con:selectedAuthProfile>Basic</con:selectedAuthProfile><con:addedBasicAuthenticationTypes>Basic</con:addedBasicAuthenticationTypes><con:authType>Global HTTP Settings</con:authType></con:credentials><con:jmsConfig JMSDeliveryMode="PERSISTENT"/><con:jmsPropertyConfig/><con:wsaConfig mustUnderstand="NONE" version="200508" action="http://fidus.brussels/services/accessmanagerservice/getOrganisationChildNodes"/><con:wsrmConfig version="1.2"/></con:call><con:call id="eba2e52f-9b3e-43c5-b703-ebcc56afdb97" name="2 - Dev - Request - OK" incomingWss="Inflow DEV" outgoingWss="Outflow DEV"><con:settings><con:setting id="com.eviware.soapui.impl.wsdl.WsdlRequest@request-headers">&lt;xml-fragment/></con:setting></con:settings><con:encoding>UTF-8</con:encoding><con:endpoint>https://192.168.36.61:8243/services/MessageForMeService_v1.0</con:endpoint><con:request><![CDATA[<soapenv:Envelope xmlns:soapenv="http://schemas.xmlsoap.org/soap/envelope/" xmlns:v1="http://fidus.brussels/service/messageformeservice/messages/v1" xmlns:v11="http://fidus.brussels/type/common/messages/v1">
   <soapenv:Header/>
   <soapenv:Body>
      <v1:receiveNotificationRequest>
         <v1:messageContext>
            <v11:messageId>${=import static java.util.UUID.randomUUID; uuid = randomUUID() as String}</v11:messageId>
         </v1:messageContext>
         <v1:legalContext>ServiceIntegrator</v1:legalContext>
         <v1:request>
            <v1:topicId>PersonService</v1:topicId>
            <v1:waitTimeSeconds>10</v1:waitTimeSeconds>
            <v1:maxNumberOfNotifications>10</v1:maxNumberOfNotifications>
            <v1:autoDelete>false</v1:autoDelete>
         </v1:request>
      </v1:receiveNotificationRequest>
   </soapenv:Body>
</soapenv:Envelope>]]></con:request><con:credentials><con:selectedAuthProfile>Basic</con:selectedAuthProfile><con:addedBasicAuthenticationTypes>Basic</con:addedBasicAuthenticationTypes><con:authType>Global HTTP Settings</con:authType></con:credentials><con:jmsConfig JMSDeliveryMode="PERSISTENT"/><con:jmsPropertyConfig/><con:wsaConfig mustUnderstand="NONE" version="200508" action="http://fidus.brussels/services/accessmanagerservice/getOrganisationChildNodes"/><con:wsrmConfig version="1.2"/></con:call><con:call id="d7988042-f538-4a25-b99b-e9c5ecfab90c" name="3 - Test - LB - Request" outgoingWss="Outflow TEST" incomingWss="Inflow TEST"><con:settings><con:setting id="com.eviware.soapui.impl.wsdl.WsdlRequest@request-headers">&lt;xml-fragment/></con:setting></con:settings><con:encoding>UTF-8</con:encoding><con:endpoint>https://esb-security-gw.sta.srv.cirb.lan:8443/services/MessageForMeService_v1.0</con:endpoint><con:request><![CDATA[<soapenv:Envelope xmlns:soapenv="http://schemas.xmlsoap.org/soap/envelope/" xmlns:v1="http://fidus.brussels/service/messageformeservice/messages/v1" xmlns:v11="http://fidus.brussels/type/common/messages/v1">
   <soapenv:Header/>
   <soapenv:Body>
      <v1:receiveNotificationRequest>
         <v1:messageContext>
            <v11:messageId>${=import static java.util.UUID.randomUUID; uuid = randomUUID() as String}</v11:messageId>
         </v1:messageContext>
         <v1:legalContext>ServiceIntegrator</v1:legalContext>
         <v1:request>
            <v1:topicId>PersonService</v1:topicId>
            <v1:waitTimeSeconds>10</v1:waitTimeSeconds>
            <v1:maxNumberOfNotifications>10</v1:maxNumberOfNotifications>
            <v1:autoDelete>false</v1:autoDelete>
         </v1:request>
      </v1:receiveNotificationRequest>
   </soapenv:Body>
</soapenv:Envelope>]]></con:request><con:credentials><con:selectedAuthProfile>Basic</con:selectedAuthProfile><con:addedBasicAuthenticationTypes>Basic</con:addedBasicAuthenticationTypes><con:authType>Global HTTP Settings</con:authType></con:credentials><con:jmsConfig JMSDeliveryMode="PERSISTENT"/><con:jmsPropertyConfig/><con:wsaConfig mustUnderstand="NONE" version="200508" action="http://fidus.brussels/services/accessmanagerservice/getOrganisationChildNodes"/><con:wsrmConfig version="1.2"/></con:call><con:call id="361adb88-ddeb-431b-804d-9d0b67ea18ba" name="4 - Staging - LB - Request" incomingWss="Inflow STAGING" outgoingWss="Outflow STAGING"><con:settings><con:setting id="com.eviware.soapui.impl.wsdl.WsdlRequest@request-headers">&lt;xml-fragment/></con:setting></con:settings><con:encoding>UTF-8</con:encoding><con:endpoint>https://fidus-esb-sg.sta.srv.cirb.lan:8443/services/MessageForMeService_v1.0</con:endpoint><con:request><![CDATA[<soapenv:Envelope xmlns:soapenv="http://schemas.xmlsoap.org/soap/envelope/" xmlns:v1="http://fidus.brussels/service/messageformeservice/messages/v1" xmlns:v11="http://fidus.brussels/type/common/messages/v1">
   <soapenv:Header/>
   <soapenv:Body>
      <v1:receiveNotificationRequest>
         <v1:messageContext>
            <v11:messageId>${=import static java.util.UUID.randomUUID; uuid = randomUUID() as String}</v11:messageId>
         </v1:messageContext>
         <v1:legalContext>ServiceIntegrator</v1:legalContext>
         <v1:request>
            <v1:topicId>PersonService</v1:topicId>
            <v1:waitTimeSeconds>10</v1:waitTimeSeconds>
            <v1:maxNumberOfNotifications>10</v1:maxNumberOfNotifications>
            <v1:autoDelete>false</v1:autoDelete>
         </v1:request>
      </v1:receiveNotificationRequest>
   </soapenv:Body>
</soapenv:Envelope>]]></con:request><con:credentials><con:selectedAuthProfile>Basic</con:selectedAuthProfile><con:addedBasicAuthenticationTypes>Basic</con:addedBasicAuthenticationTypes><con:authType>Global HTTP Settings</con:authType></con:credentials><con:jmsConfig JMSDeliveryMode="PERSISTENT"/><con:jmsPropertyConfig/><con:wsaConfig mustUnderstand="NONE" version="200508" action="http://fidus.brussels/services/accessmanagerservice/getOrganisationChildNodes"/><con:wsrmConfig version="1.2"/></con:call><con:call id="3653606e-ac74-4d28-9f57-25a537e0d142" name="5 - Prod - External - Request" incomingWss="Inflow PROD" outgoingWss="Outflow PROD"><con:settings><con:setting id="com.eviware.soapui.impl.wsdl.WsdlRequest@request-headers">&lt;xml-fragment/></con:setting></con:settings><con:encoding>UTF-8</con:encoding><con:endpoint>https://fidus.sec.brussels/services/MessageForMeService_v1.0</con:endpoint><con:request><![CDATA[<soapenv:Envelope xmlns:soapenv="http://schemas.xmlsoap.org/soap/envelope/" xmlns:v1="http://fidus.brussels/service/messageformeservice/messages/v1" xmlns:v11="http://fidus.brussels/type/common/messages/v1">
   <soapenv:Header/>
   <soapenv:Body>
      <v1:receiveNotificationRequest>
         <v1:messageContext>
            <v11:messageId>${=import static java.util.UUID.randomUUID; uuid = randomUUID() as String}</v11:messageId>
         </v1:messageContext>
         <v1:legalContext>ServiceIntegrator</v1:legalContext>
         <v1:request>
            <v1:topicId>PersonService</v1:topicId>
            <v1:waitTimeSeconds>10</v1:waitTimeSeconds>
            <v1:maxNumberOfNotifications>10</v1:maxNumberOfNotifications>
            <v1:autoDelete>false</v1:autoDelete>
         </v1:request>
      </v1:receiveNotificationRequest>
   </soapenv:Body>
</soapenv:Envelope>]]></con:request><con:credentials><con:selectedAuthProfile>Basic</con:selectedAuthProfile><con:addedBasicAuthenticationTypes>Basic</con:addedBasicAuthenticationTypes><con:authType>Global HTTP Settings</con:authType></con:credentials><con:jmsConfig JMSDeliveryMode="PERSISTENT"/><con:jmsPropertyConfig/><con:wsaConfig mustUnderstand="NONE" version="200508" action="http://fidus.brussels/services/accessmanagerservice/getOrganisationChildNodes"/><con:wsrmConfig version="1.2"/></con:call><con:call id="71a75f70-b66d-43a5-8c0f-a9b2b996efd6" name="3 - Test - Worker1 - Request" incomingWss="Inflow TEST" outgoingWss="Outflow TEST"><con:settings><con:setting id="com.eviware.soapui.impl.wsdl.WsdlRequest@request-headers">&lt;xml-fragment/></con:setting></con:settings><con:encoding>UTF-8</con:encoding><con:endpoint>https://192.168.22.53:8443/services/MessageForMeService_v1.0</con:endpoint><con:request><![CDATA[<soapenv:Envelope xmlns:soapenv="http://schemas.xmlsoap.org/soap/envelope/" xmlns:v1="http://fidus.brussels/service/messageformeservice/messages/v1" xmlns:v11="http://fidus.brussels/type/common/messages/v1">
   <soapenv:Header/>
   <soapenv:Body>
      <v1:receiveNotificationRequest>
         <v1:messageContext>
            <v11:messageId>${=import static java.util.UUID.randomUUID; uuid = randomUUID() as String}</v11:messageId>
         </v1:messageContext>
         <v1:legalContext>ServiceIntegrator</v1:legalContext>
         <v1:request>
            <v1:topicId>PersonService</v1:topicId>
            <v1:waitTimeSeconds>10</v1:waitTimeSeconds>
            <v1:maxNumberOfNotifications>10</v1:maxNumberOfNotifications>
            <v1:autoDelete>false</v1:autoDelete>
         </v1:request>
      </v1:receiveNotificationRequest>
   </soapenv:Body>
</soapenv:Envelope>]]></con:request><con:credentials><con:selectedAuthProfile>Basic</con:selectedAuthProfile><con:addedBasicAuthenticationTypes>Basic</con:addedBasicAuthenticationTypes><con:authType>Global HTTP Settings</con:authType></con:credentials><con:jmsConfig JMSDeliveryMode="PERSISTENT"/><con:jmsPropertyConfig/><con:wsaConfig mustUnderstand="NONE" version="200508" action="http://fidus.brussels/services/accessmanagerservice/getOrganisationChildNodes"/><con:wsrmConfig version="1.2"/></con:call><con:call id="481b251d-b566-4b08-aea6-d4f44e773461" name="3 - Test - Worker2 - Request" incomingWss="Inflow TEST" outgoingWss="Outflow TEST"><con:settings><con:setting id="com.eviware.soapui.impl.wsdl.WsdlRequest@request-headers">&lt;xml-fragment/></con:setting></con:settings><con:encoding>UTF-8</con:encoding><con:endpoint>https://192.168.22.54:8443/services/MessageForMeService_v1.0</con:endpoint><con:request><![CDATA[<soapenv:Envelope xmlns:soapenv="http://schemas.xmlsoap.org/soap/envelope/" xmlns:v1="http://fidus.brussels/service/messageformeservice/messages/v1" xmlns:v11="http://fidus.brussels/type/common/messages/v1">
   <soapenv:Header/>
   <soapenv:Body>
      <v1:receiveNotificationRequest>
         <v1:messageContext>
            <v11:messageId>${=import static java.util.UUID.randomUUID; uuid = randomUUID() as String}</v11:messageId>
         </v1:messageContext>
         <v1:legalContext>ServiceIntegrator</v1:legalContext>
         <v1:request>
            <v1:topicId>PersonService</v1:topicId>
            <v1:waitTimeSeconds>10</v1:waitTimeSeconds>
            <v1:maxNumberOfNotifications>10</v1:maxNumberOfNotifications>
            <v1:autoDelete>false</v1:autoDelete>
         </v1:request>
      </v1:receiveNotificationRequest>
   </soapenv:Body>
</soapenv:Envelope>]]></con:request><con:credentials><con:selectedAuthProfile>Basic</con:selectedAuthProfile><con:addedBasicAuthenticationTypes>Basic</con:addedBasicAuthenticationTypes><con:authType>Global HTTP Settings</con:authType></con:credentials><con:jmsConfig JMSDeliveryMode="PERSISTENT"/><con:jmsPropertyConfig/><con:wsaConfig mustUnderstand="NONE" version="200508" action="http://fidus.brussels/services/accessmanagerservice/getOrganisationChildNodes"/><con:wsrmConfig version="1.2"/></con:call><con:call id="0921d4fe-5316-41a3-90d9-4c1e442ef5ea" name="4 - Staging - Worker1 - Request" incomingWss="Inflow STAGING" outgoingWss="Outflow STAGING"><con:settings><con:setting id="com.eviware.soapui.impl.wsdl.WsdlRequest@request-headers">&lt;xml-fragment/></con:setting></con:settings><con:encoding>UTF-8</con:encoding><con:endpoint>https://192.168.24.16:8443/services/MessageForMeService_v1.0</con:endpoint><con:request><![CDATA[<soapenv:Envelope xmlns:soapenv="http://schemas.xmlsoap.org/soap/envelope/" xmlns:v1="http://fidus.brussels/service/messageformeservice/messages/v1" xmlns:v11="http://fidus.brussels/type/common/messages/v1">
   <soapenv:Header/>
   <soapenv:Body>
      <v1:receiveNotificationRequest>
         <v1:messageContext>
            <v11:messageId>${=import static java.util.UUID.randomUUID; uuid = randomUUID() as String}</v11:messageId>
         </v1:messageContext>
         <v1:legalContext>ServiceIntegrator</v1:legalContext>
         <v1:request>
            <v1:topicId>PersonService</v1:topicId>
            <v1:waitTimeSeconds>10</v1:waitTimeSeconds>
            <v1:maxNumberOfNotifications>10</v1:maxNumberOfNotifications>
            <v1:autoDelete>false</v1:autoDelete>
         </v1:request>
      </v1:receiveNotificationRequest>
   </soapenv:Body>
</soapenv:Envelope>]]></con:request><con:credentials><con:selectedAuthProfile>Basic</con:selectedAuthProfile><con:addedBasicAuthenticationTypes>Basic</con:addedBasicAuthenticationTypes><con:authType>Global HTTP Settings</con:authType></con:credentials><con:jmsConfig JMSDeliveryMode="PERSISTENT"/><con:jmsPropertyConfig/><con:wsaConfig mustUnderstand="NONE" version="200508" action="http://fidus.brussels/services/accessmanagerservice/getOrganisationChildNodes"/><con:wsrmConfig version="1.2"/></con:call><con:call id="6062bc62-0548-479c-8ca8-47164dad11fb" name="4 - Staging - Worker2 - Request" incomingWss="Inflow STAGING" outgoingWss="Outflow STAGING"><con:settings><con:setting id="com.eviware.soapui.impl.wsdl.WsdlRequest@request-headers">&lt;xml-fragment/></con:setting></con:settings><con:encoding>UTF-8</con:encoding><con:endpoint>https://192.168.24.17:8443/services/MessageForMeService_v1.0</con:endpoint><con:request><![CDATA[<soapenv:Envelope xmlns:soapenv="http://schemas.xmlsoap.org/soap/envelope/" xmlns:v1="http://fidus.brussels/service/messageformeservice/messages/v1" xmlns:v11="http://fidus.brussels/type/common/messages/v1">
   <soapenv:Header/>
   <soapenv:Body>
      <v1:receiveNotificationRequest>
         <v1:messageContext>
            <v11:messageId>${=import static java.util.UUID.randomUUID; uuid = randomUUID() as String}</v11:messageId>
         </v1:messageContext>
         <v1:legalContext>ServiceIntegrator</v1:legalContext>
         <v1:request>
            <v1:topicId>PersonService</v1:topicId>
            <v1:waitTimeSeconds>10</v1:waitTimeSeconds>
            <v1:maxNumberOfNotifications>10</v1:maxNumberOfNotifications>
            <v1:autoDelete>false</v1:autoDelete>
         </v1:request>
      </v1:receiveNotificationRequest>
   </soapenv:Body>
</soapenv:Envelope>]]></con:request><con:credentials><con:selectedAuthProfile>Basic</con:selectedAuthProfile><con:addedBasicAuthenticationTypes>Basic</con:addedBasicAuthenticationTypes><con:authType>Global HTTP Settings</con:authType></con:credentials><con:jmsConfig JMSDeliveryMode="PERSISTENT"/><con:jmsPropertyConfig/><con:wsaConfig mustUnderstand="NONE" version="200508" action="http://fidus.brussels/services/accessmanagerservice/getOrganisationChildNodes"/><con:wsrmConfig version="1.2"/></con:call><con:call id="4582e159-15cd-4905-a4e9-339b9c4ac4d0" name="5 - Prod - LB - Request" incomingWss="Inflow PROD" outgoingWss="Outflow PROD"><con:settings><con:setting id="com.eviware.soapui.impl.wsdl.WsdlRequest@request-headers">&lt;xml-fragment/></con:setting></con:settings><con:encoding>UTF-8</con:encoding><con:endpoint>https://fidus-esb-sg.prd.srv.cirb.lan:8443/services/MessageForMeService_v1.0</con:endpoint><con:request><![CDATA[<soapenv:Envelope xmlns:soapenv="http://schemas.xmlsoap.org/soap/envelope/" xmlns:v1="http://fidus.brussels/service/messageformeservice/messages/v1" xmlns:v11="http://fidus.brussels/type/common/messages/v1">
   <soapenv:Header/>
   <soapenv:Body>
      <v1:receiveNotificationRequest>
         <v1:messageContext>
            <v11:messageId>${=import static java.util.UUID.randomUUID; uuid = randomUUID() as String}</v11:messageId>
         </v1:messageContext>
         <v1:legalContext>ServiceIntegrator</v1:legalContext>
         <v1:request>
            <v1:topicId>PersonService</v1:topicId>
            <v1:waitTimeSeconds>10</v1:waitTimeSeconds>
            <v1:maxNumberOfNotifications>10</v1:maxNumberOfNotifications>
            <v1:autoDelete>false</v1:autoDelete>
         </v1:request>
      </v1:receiveNotificationRequest>
   </soapenv:Body>
</soapenv:Envelope>]]></con:request><con:credentials><con:selectedAuthProfile>Basic</con:selectedAuthProfile><con:addedBasicAuthenticationTypes>Basic</con:addedBasicAuthenticationTypes><con:authType>Global HTTP Settings</con:authType></con:credentials><con:jmsConfig JMSDeliveryMode="PERSISTENT"/><con:jmsPropertyConfig/><con:wsaConfig mustUnderstand="NONE" version="200508" action="http://fidus.brussels/services/accessmanagerservice/getOrganisationChildNodes"/><con:wsrmConfig version="1.2"/></con:call><con:call id="515addc6-997a-4a6a-aa8c-449cbc184e2c" name="5 - Prod - Worker1 - Request" incomingWss="Inflow PROD" outgoingWss="Outflow PROD"><con:settings><con:setting id="com.eviware.soapui.impl.wsdl.WsdlRequest@request-headers">&lt;xml-fragment/></con:setting></con:settings><con:encoding>UTF-8</con:encoding><con:endpoint>https://192.168.26.22:8443/services/MessageForMeService_v1.0</con:endpoint><con:request><![CDATA[<soapenv:Envelope xmlns:soapenv="http://schemas.xmlsoap.org/soap/envelope/" xmlns:v1="http://fidus.brussels/service/messageformeservice/messages/v1" xmlns:v11="http://fidus.brussels/type/common/messages/v1">
   <soapenv:Header/>
   <soapenv:Body>
      <v1:receiveNotificationRequest>
         <v1:messageContext>
            <v11:messageId>${=import static java.util.UUID.randomUUID; uuid = randomUUID() as String}</v11:messageId>
         </v1:messageContext>
         <v1:legalContext>ServiceIntegrator</v1:legalContext>
         <v1:request>
            <v1:topicId>PersonService</v1:topicId>
            <v1:waitTimeSeconds>10</v1:waitTimeSeconds>
            <v1:maxNumberOfNotifications>10</v1:maxNumberOfNotifications>
            <v1:autoDelete>false</v1:autoDelete>
         </v1:request>
      </v1:receiveNotificationRequest>
   </soapenv:Body>
</soapenv:Envelope>]]></con:request><con:credentials><con:selectedAuthProfile>Basic</con:selectedAuthProfile><con:addedBasicAuthenticationTypes>Basic</con:addedBasicAuthenticationTypes><con:authType>Global HTTP Settings</con:authType></con:credentials><con:jmsConfig JMSDeliveryMode="PERSISTENT"/><con:jmsPropertyConfig/><con:wsaConfig mustUnderstand="NONE" version="200508" action="http://fidus.brussels/services/accessmanagerservice/getOrganisationChildNodes"/><con:wsrmConfig version="1.2"/></con:call><con:call id="18a8a466-7266-4883-9a71-2c9e8b94b94a" name="5 - Prod - Worker2 - Request" incomingWss="Inflow PROD" outgoingWss="Outflow PROD"><con:settings><con:setting id="com.eviware.soapui.impl.wsdl.WsdlRequest@request-headers">&lt;xml-fragment/></con:setting></con:settings><con:encoding>UTF-8</con:encoding><con:endpoint>https://192.168.26.19:8443/services/MessageForMeService_v1.0</con:endpoint><con:request><![CDATA[<soapenv:Envelope xmlns:soapenv="http://schemas.xmlsoap.org/soap/envelope/" xmlns:v1="http://fidus.brussels/service/messageformeservice/messages/v1" xmlns:v11="http://fidus.brussels/type/common/messages/v1">
   <soapenv:Header/>
   <soapenv:Body>
      <v1:receiveNotificationRequest>
         <v1:messageContext>
            <v11:messageId>${=import static java.util.UUID.randomUUID; uuid = randomUUID() as String}</v11:messageId>
         </v1:messageContext>
         <v1:legalContext>ServiceIntegrator</v1:legalContext>
         <v1:request>
            <v1:topicId>PersonService</v1:topicId>
            <v1:waitTimeSeconds>10</v1:waitTimeSeconds>
            <v1:maxNumberOfNotifications>10</v1:maxNumberOfNotifications>
            <v1:autoDelete>false</v1:autoDelete>
         </v1:request>
      </v1:receiveNotificationRequest>
   </soapenv:Body>
</soapenv:Envelope>]]></con:request><con:credentials><con:selectedAuthProfile>Basic</con:selectedAuthProfile><con:addedBasicAuthenticationTypes>Basic</con:addedBasicAuthenticationTypes><con:authType>Global HTTP Settings</con:authType></con:credentials><con:jmsConfig JMSDeliveryMode="PERSISTENT"/><con:jmsPropertyConfig/><con:wsaConfig mustUnderstand="NONE" version="200508" action="http://fidus.brussels/services/accessmanagerservice/getOrganisationChildNodes"/><con:wsrmConfig version="1.2"/></con:call></con:operation><con:operation id="e1866b8c-dca5-4e06-9350-a0f094f4ecc3" isOneWay="false" action="http://fidus.brussels/services/messageformeservice/deleteNotification" name="deleteNotification" bindingOperationName="deleteNotification" type="Request-Response" inputName="" receivesAttachments="false" sendsAttachments="false" anonymous="optional"><con:settings/><con:call id="e28ff8d5-fbd8-41a8-8f84-68148c6fcfb7" name="1 - Local - Request - OK" outgoingWss="Outflow DEV" incomingWss="Inflow DEV"><con:settings><con:setting id="com.eviware.soapui.impl.wsdl.WsdlRequest@request-headers">&lt;xml-fragment/></con:setting></con:settings><con:encoding>UTF-8</con:encoding><con:endpoint>https://localhost:8243/services/MessageForMeService_v1.0</con:endpoint><con:request><![CDATA[<soapenv:Envelope xmlns:soapenv="http://schemas.xmlsoap.org/soap/envelope/" xmlns:v1="http://fidus.brussels/service/messageformeservice/messages/v1" xmlns:v11="http://fidus.brussels/type/common/messages/v1">
   <soapenv:Header/>
   <soapenv:Body>
      <v1:deleteNotificationRequest>
         <v1:messageContext>
            <v11:messageId>${=import static java.util.UUID.randomUUID; uuid = randomUUID() as String}</v11:messageId>
         </v1:messageContext>
         <v1:legalContext>ServiceIntegrator</v1:legalContext>
         <v1:request>
            <v1:topicId>PersonService</v1:topicId>
            <v1:notificationIds>
               <!--1 to 50 repetitions:-->
               <v1:notificationId>d99920ec-e73f-4ea3-89ee-4943ab152092</v1:notificationId>
            </v1:notificationIds>
         </v1:request>
      </v1:deleteNotificationRequest>
   </soapenv:Body>
</soapenv:Envelope>]]></con:request><con:credentials><con:selectedAuthProfile>Basic</con:selectedAuthProfile><con:addedBasicAuthenticationTypes>Basic</con:addedBasicAuthenticationTypes><con:authType>Global HTTP Settings</con:authType></con:credentials><con:jmsConfig JMSDeliveryMode="PERSISTENT"/><con:jmsPropertyConfig/><con:wsaConfig mustUnderstand="NONE" version="200508" action="http://fidus.brussels/services/accessmanagerservice/getOrganisationParentNodes"/><con:wsrmConfig version="1.2"/></con:call><con:call id="26e7385f-7455-463b-82d5-f08309a00b91" name="2 - Dev - Request - OK" incomingWss="Inflow DEV" outgoingWss="Outflow DEV"><con:settings><con:setting id="com.eviware.soapui.impl.wsdl.WsdlRequest@request-headers">&lt;xml-fragment/></con:setting></con:settings><con:encoding>UTF-8</con:encoding><con:endpoint>https://192.168.36.61:8243/services/MessageForMeService_v1.0</con:endpoint><con:request><![CDATA[<soapenv:Envelope xmlns:soapenv="http://schemas.xmlsoap.org/soap/envelope/" xmlns:v1="http://fidus.brussels/service/messageformeservice/messages/v1" xmlns:v11="http://fidus.brussels/type/common/messages/v1">
   <soapenv:Header/>
   <soapenv:Body>
      <v1:deleteNotificationRequest>
         <v1:messageContext>
            <v11:messageId>${=import static java.util.UUID.randomUUID; uuid = randomUUID() as String}</v11:messageId>
         </v1:messageContext>
         <v1:legalContext>ServiceIntegrator</v1:legalContext>
         <v1:request>
            <v1:topicId>PersonService</v1:topicId>
            <v1:notificationIds>
               <!--1 to 50 repetitions:-->
               <v1:notificationId>d99920ec-e73f-4ea3-89ee-4943ab152092</v1:notificationId>
            </v1:notificationIds>
         </v1:request>
      </v1:deleteNotificationRequest>
   </soapenv:Body>
</soapenv:Envelope>]]></con:request><con:credentials><con:selectedAuthProfile>Basic</con:selectedAuthProfile><con:addedBasicAuthenticationTypes>Basic</con:addedBasicAuthenticationTypes><con:authType>Global HTTP Settings</con:authType></con:credentials><con:jmsConfig JMSDeliveryMode="PERSISTENT"/><con:jmsPropertyConfig/><con:wsaConfig mustUnderstand="NONE" version="200508" action="http://fidus.brussels/services/accessmanagerservice/getOrganisationParentNodes"/><con:wsrmConfig version="1.2"/></con:call><con:call id="5b54fcb3-632b-4f86-90bf-49e4f5c5b0cf" name="3 - Test - LB - Request" outgoingWss="Outflow TEST" incomingWss="Inflow TEST"><con:settings><con:setting id="com.eviware.soapui.impl.wsdl.WsdlRequest@request-headers">&lt;xml-fragment/></con:setting></con:settings><con:encoding>UTF-8</con:encoding><con:endpoint>https://esb-security-gw.sta.srv.cirb.lan:8443/services/MessageForMeService_v1.0</con:endpoint><con:request><![CDATA[<soapenv:Envelope xmlns:soapenv="http://schemas.xmlsoap.org/soap/envelope/" xmlns:v1="http://fidus.brussels/service/messageformeservice/messages/v1" xmlns:v11="http://fidus.brussels/type/common/messages/v1">
   <soapenv:Header/>
   <soapenv:Body>
      <v1:deleteNotificationRequest>
         <v1:messageContext>
            <v11:messageId>${=import static java.util.UUID.randomUUID; uuid = randomUUID() as String}</v11:messageId>
         </v1:messageContext>
         <v1:legalContext>ServiceIntegrator</v1:legalContext>
         <v1:request>
            <v1:topicId>PersonService</v1:topicId>
            <v1:notificationIds>
               <!--1 to 50 repetitions:-->
               <v1:notificationId>d99920ec-e73f-4ea3-89ee-4943ab152092</v1:notificationId>
            </v1:notificationIds>
         </v1:request>
      </v1:deleteNotificationRequest>
   </soapenv:Body>
</soapenv:Envelope>]]></con:request><con:credentials><con:selectedAuthProfile>Basic</con:selectedAuthProfile><con:addedBasicAuthenticationTypes>Basic</con:addedBasicAuthenticationTypes><con:authType>Global HTTP Settings</con:authType></con:credentials><con:jmsConfig JMSDeliveryMode="PERSISTENT"/><con:jmsPropertyConfig/><con:wsaConfig mustUnderstand="NONE" version="200508" action="http://fidus.brussels/services/accessmanagerservice/getOrganisationParentNodes"/><con:wsrmConfig version="1.2"/></con:call><con:call id="52c647c2-0da2-484a-af9f-413cfd3a3fbe" name="4 - Staging - LB - Request" incomingWss="Inflow STAGING" outgoingWss="Outflow STAGING"><con:settings><con:setting id="com.eviware.soapui.impl.wsdl.WsdlRequest@request-headers">&lt;xml-fragment/></con:setting></con:settings><con:encoding>UTF-8</con:encoding><con:endpoint>https://fidus-esb-sg.sta.srv.cirb.lan:8443/services/MessageForMeService_v1.0</con:endpoint><con:request><![CDATA[<soapenv:Envelope xmlns:soapenv="http://schemas.xmlsoap.org/soap/envelope/" xmlns:v1="http://fidus.brussels/service/messageformeservice/messages/v1" xmlns:v11="http://fidus.brussels/type/common/messages/v1">
   <soapenv:Header/>
   <soapenv:Body>
      <v1:deleteNotificationRequest>
         <v1:messageContext>
            <v11:messageId>${=import static java.util.UUID.randomUUID; uuid = randomUUID() as String}</v11:messageId>
         </v1:messageContext>
         <v1:legalContext>ServiceIntegrator</v1:legalContext>
         <v1:request>
            <v1:topicId>PersonService</v1:topicId>
            <v1:notificationIds>
               <!--1 to 50 repetitions:-->
               <v1:notificationId>d99920ec-e73f-4ea3-89ee-4943ab152092</v1:notificationId>
            </v1:notificationIds>
         </v1:request>
      </v1:deleteNotificationRequest>
   </soapenv:Body>
</soapenv:Envelope>]]></con:request><con:credentials><con:selectedAuthProfile>Basic</con:selectedAuthProfile><con:addedBasicAuthenticationTypes>Basic</con:addedBasicAuthenticationTypes><con:authType>Global HTTP Settings</con:authType></con:credentials><con:jmsConfig JMSDeliveryMode="PERSISTENT"/><con:jmsPropertyConfig/><con:wsaConfig mustUnderstand="NONE" version="200508" action="http://fidus.brussels/services/accessmanagerservice/getOrganisationParentNodes"/><con:wsrmConfig version="1.2"/></con:call><con:call id="8e9307a6-6c44-4809-bfb5-409c5394e29b" name="5 - Prod - External - Request" incomingWss="Inflow PROD" outgoingWss="Outflow PROD"><con:settings><con:setting id="com.eviware.soapui.impl.wsdl.WsdlRequest@request-headers">&lt;xml-fragment/></con:setting></con:settings><con:encoding>UTF-8</con:encoding><con:endpoint>https://fidus.sec.brussels/services/MessageForMeService_v1.0</con:endpoint><con:request><![CDATA[<soapenv:Envelope xmlns:soapenv="http://schemas.xmlsoap.org/soap/envelope/" xmlns:v1="http://fidus.brussels/service/messageformeservice/messages/v1" xmlns:v11="http://fidus.brussels/type/common/messages/v1">
   <soapenv:Header/>
   <soapenv:Body>
      <v1:deleteNotificationRequest>
         <v1:messageContext>
            <v11:messageId>${=import static java.util.UUID.randomUUID; uuid = randomUUID() as String}</v11:messageId>
         </v1:messageContext>
         <v1:legalContext>ServiceIntegrator</v1:legalContext>
         <v1:request>
            <v1:topicId>PersonService</v1:topicId>
            <v1:notificationIds>
               <!--1 to 50 repetitions:-->
               <v1:notificationId>d99920ec-e73f-4ea3-89ee-4943ab152092</v1:notificationId>
            </v1:notificationIds>
         </v1:request>
      </v1:deleteNotificationRequest>
   </soapenv:Body>
</soapenv:Envelope>]]></con:request><con:credentials><con:selectedAuthProfile>Basic</con:selectedAuthProfile><con:addedBasicAuthenticationTypes>Basic</con:addedBasicAuthenticationTypes><con:authType>Global HTTP Settings</con:authType></con:credentials><con:jmsConfig JMSDeliveryMode="PERSISTENT"/><con:jmsPropertyConfig/><con:wsaConfig mustUnderstand="NONE" version="200508" action="http://fidus.brussels/services/accessmanagerservice/getOrganisationParentNodes"/><con:wsrmConfig version="1.2"/></con:call><con:call id="bbd26555-c193-423b-99af-27e31472216c" name="3 - Test - Worker1 - Request" outgoingWss="Outflow TEST" incomingWss="Inflow TEST"><con:settings><con:setting id="com.eviware.soapui.impl.wsdl.WsdlRequest@request-headers">&lt;xml-fragment/></con:setting></con:settings><con:encoding>UTF-8</con:encoding><con:endpoint>https://192.168.22.53:8443/services/MessageForMeService_v1.0</con:endpoint><con:request><![CDATA[<soapenv:Envelope xmlns:soapenv="http://schemas.xmlsoap.org/soap/envelope/" xmlns:v1="http://fidus.brussels/service/messageformeservice/messages/v1" xmlns:v11="http://fidus.brussels/type/common/messages/v1">
   <soapenv:Header/>
   <soapenv:Body>
      <v1:deleteNotificationRequest>
         <v1:messageContext>
            <v11:messageId>${=import static java.util.UUID.randomUUID; uuid = randomUUID() as String}</v11:messageId>
         </v1:messageContext>
         <v1:legalContext>ServiceIntegrator</v1:legalContext>
         <v1:request>
            <v1:topicId>PersonService</v1:topicId>
            <v1:notificationIds>
               <!--1 to 50 repetitions:-->
               <v1:notificationId>d99920ec-e73f-4ea3-89ee-4943ab152092</v1:notificationId>
            </v1:notificationIds>
         </v1:request>
      </v1:deleteNotificationRequest>
   </soapenv:Body>
</soapenv:Envelope>]]></con:request><con:credentials><con:selectedAuthProfile>Basic</con:selectedAuthProfile><con:addedBasicAuthenticationTypes>Basic</con:addedBasicAuthenticationTypes><con:authType>Global HTTP Settings</con:authType></con:credentials><con:jmsConfig JMSDeliveryMode="PERSISTENT"/><con:jmsPropertyConfig/><con:wsaConfig mustUnderstand="NONE" version="200508" action="http://fidus.brussels/services/accessmanagerservice/getOrganisationParentNodes"/><con:wsrmConfig version="1.2"/></con:call><con:call id="34f363e1-f424-47ab-8ba5-3c4e36cf2412" name="3 - Test - Worker2 - Request" outgoingWss="Outflow TEST" incomingWss="Inflow TEST"><con:settings><con:setting id="com.eviware.soapui.impl.wsdl.WsdlRequest@request-headers">&lt;xml-fragment/></con:setting></con:settings><con:encoding>UTF-8</con:encoding><con:endpoint>https://192.168.22.54:8443/services/MessageForMeService_v1.0</con:endpoint><con:request><![CDATA[<soapenv:Envelope xmlns:soapenv="http://schemas.xmlsoap.org/soap/envelope/" xmlns:v1="http://fidus.brussels/service/messageformeservice/messages/v1" xmlns:v11="http://fidus.brussels/type/common/messages/v1">
   <soapenv:Header/>
   <soapenv:Body>
      <v1:deleteNotificationRequest>
         <v1:messageContext>
            <v11:messageId>${=import static java.util.UUID.randomUUID; uuid = randomUUID() as String}</v11:messageId>
         </v1:messageContext>
         <v1:legalContext>ServiceIntegrator</v1:legalContext>
         <v1:request>
            <v1:topicId>PersonService</v1:topicId>
            <v1:notificationIds>
               <!--1 to 50 repetitions:-->
               <v1:notificationId>d99920ec-e73f-4ea3-89ee-4943ab152092</v1:notificationId>
            </v1:notificationIds>
         </v1:request>
      </v1:deleteNotificationRequest>
   </soapenv:Body>
</soapenv:Envelope>]]></con:request><con:credentials><con:selectedAuthProfile>Basic</con:selectedAuthProfile><con:addedBasicAuthenticationTypes>Basic</con:addedBasicAuthenticationTypes><con:authType>Global HTTP Settings</con:authType></con:credentials><con:jmsConfig JMSDeliveryMode="PERSISTENT"/><con:jmsPropertyConfig/><con:wsaConfig mustUnderstand="NONE" version="200508" action="http://fidus.brussels/services/accessmanagerservice/getOrganisationParentNodes"/><con:wsrmConfig version="1.2"/></con:call><con:call id="22b13242-19e0-43c0-ba42-2d64bb8c1fce" name="4 - Staging - Worker1 - Request" incomingWss="Inflow STAGING" outgoingWss="Outflow STAGING"><con:settings><con:setting id="com.eviware.soapui.impl.wsdl.WsdlRequest@request-headers">&lt;xml-fragment/></con:setting></con:settings><con:encoding>UTF-8</con:encoding><con:endpoint>https://192.168.24.16:8443/services/MessageForMeService_v1.0</con:endpoint><con:request><![CDATA[<soapenv:Envelope xmlns:soapenv="http://schemas.xmlsoap.org/soap/envelope/" xmlns:v1="http://fidus.brussels/service/messageformeservice/messages/v1" xmlns:v11="http://fidus.brussels/type/common/messages/v1">
   <soapenv:Header/>
   <soapenv:Body>
      <v1:deleteNotificationRequest>
         <v1:messageContext>
            <v11:messageId>${=import static java.util.UUID.randomUUID; uuid = randomUUID() as String}</v11:messageId>
         </v1:messageContext>
         <v1:legalContext>ServiceIntegrator</v1:legalContext>
         <v1:request>
            <v1:topicId>PersonService</v1:topicId>
            <v1:notificationIds>
               <!--1 to 50 repetitions:-->
               <v1:notificationId>d99920ec-e73f-4ea3-89ee-4943ab152092</v1:notificationId>
            </v1:notificationIds>
         </v1:request>
      </v1:deleteNotificationRequest>
   </soapenv:Body>
</soapenv:Envelope>]]></con:request><con:credentials><con:selectedAuthProfile>Basic</con:selectedAuthProfile><con:addedBasicAuthenticationTypes>Basic</con:addedBasicAuthenticationTypes><con:authType>Global HTTP Settings</con:authType></con:credentials><con:jmsConfig JMSDeliveryMode="PERSISTENT"/><con:jmsPropertyConfig/><con:wsaConfig mustUnderstand="NONE" version="200508" action="http://fidus.brussels/services/accessmanagerservice/getOrganisationParentNodes"/><con:wsrmConfig version="1.2"/></con:call><con:call id="ecdad1d7-a620-4f85-baea-cbd4648019fe" name="4 - Staging - Worker2 - Request" incomingWss="Inflow STAGING" outgoingWss="Outflow STAGING"><con:settings><con:setting id="com.eviware.soapui.impl.wsdl.WsdlRequest@request-headers">&lt;xml-fragment/></con:setting></con:settings><con:encoding>UTF-8</con:encoding><con:endpoint>https://192.168.24.17:8443/services/MessageForMeService_v1.0</con:endpoint><con:request><![CDATA[<soapenv:Envelope xmlns:soapenv="http://schemas.xmlsoap.org/soap/envelope/" xmlns:v1="http://fidus.brussels/service/messageformeservice/messages/v1" xmlns:v11="http://fidus.brussels/type/common/messages/v1">
   <soapenv:Header/>
   <soapenv:Body>
      <v1:deleteNotificationRequest>
         <v1:messageContext>
            <v11:messageId>${=import static java.util.UUID.randomUUID; uuid = randomUUID() as String}</v11:messageId>
         </v1:messageContext>
         <v1:legalContext>ServiceIntegrator</v1:legalContext>
         <v1:request>
            <v1:topicId>PersonService</v1:topicId>
            <v1:notificationIds>
               <!--1 to 50 repetitions:-->
               <v1:notificationId>d99920ec-e73f-4ea3-89ee-4943ab152092</v1:notificationId>
            </v1:notificationIds>
         </v1:request>
      </v1:deleteNotificationRequest>
   </soapenv:Body>
</soapenv:Envelope>]]></con:request><con:credentials><con:selectedAuthProfile>Basic</con:selectedAuthProfile><con:addedBasicAuthenticationTypes>Basic</con:addedBasicAuthenticationTypes><con:authType>Global HTTP Settings</con:authType></con:credentials><con:jmsConfig JMSDeliveryMode="PERSISTENT"/><con:jmsPropertyConfig/><con:wsaConfig mustUnderstand="NONE" version="200508" action="http://fidus.brussels/services/accessmanagerservice/getOrganisationParentNodes"/><con:wsrmConfig version="1.2"/></con:call><con:call id="f44ce7cc-4ab6-44f6-ba07-c67facdd5f96" name="5 - Prod - LB - Request" incomingWss="Inflow PROD" outgoingWss="Outflow PROD"><con:settings><con:setting id="com.eviware.soapui.impl.wsdl.WsdlRequest@request-headers">&lt;xml-fragment/></con:setting></con:settings><con:encoding>UTF-8</con:encoding><con:endpoint>https://fidus-esb-sg.prd.srv.cirb.lan:8443/services/MessageForMeService_v1.0</con:endpoint><con:request><![CDATA[<soapenv:Envelope xmlns:soapenv="http://schemas.xmlsoap.org/soap/envelope/" xmlns:v1="http://fidus.brussels/service/messageformeservice/messages/v1" xmlns:v11="http://fidus.brussels/type/common/messages/v1">
   <soapenv:Header/>
   <soapenv:Body>
      <v1:deleteNotificationRequest>
         <v1:messageContext>
            <v11:messageId>${=import static java.util.UUID.randomUUID; uuid = randomUUID() as String}</v11:messageId>
         </v1:messageContext>
         <v1:legalContext>ServiceIntegrator</v1:legalContext>
         <v1:request>
            <v1:topicId>PersonService</v1:topicId>
            <v1:notificationIds>
               <!--1 to 50 repetitions:-->
               <v1:notificationId>d99920ec-e73f-4ea3-89ee-4943ab152092</v1:notificationId>
            </v1:notificationIds>
         </v1:request>
      </v1:deleteNotificationRequest>
   </soapenv:Body>
</soapenv:Envelope>]]></con:request><con:credentials><con:selectedAuthProfile>Basic</con:selectedAuthProfile><con:addedBasicAuthenticationTypes>Basic</con:addedBasicAuthenticationTypes><con:authType>Global HTTP Settings</con:authType></con:credentials><con:jmsConfig JMSDeliveryMode="PERSISTENT"/><con:jmsPropertyConfig/><con:wsaConfig mustUnderstand="NONE" version="200508" action="http://fidus.brussels/services/accessmanagerservice/getOrganisationParentNodes"/><con:wsrmConfig version="1.2"/></con:call><con:call id="45e75470-6021-4ee3-b243-87bc1de6f55c" name="5 - Prod - Worker1 - Request" incomingWss="Inflow PROD" outgoingWss="Outflow PROD"><con:settings><con:setting id="com.eviware.soapui.impl.wsdl.WsdlRequest@request-headers">&lt;xml-fragment/></con:setting></con:settings><con:encoding>UTF-8</con:encoding><con:endpoint>https://192.168.26.22:8443/services/MessageForMeService_v1.0</con:endpoint><con:request><![CDATA[<soapenv:Envelope xmlns:soapenv="http://schemas.xmlsoap.org/soap/envelope/" xmlns:v1="http://fidus.brussels/service/messageformeservice/messages/v1" xmlns:v11="http://fidus.brussels/type/common/messages/v1">
   <soapenv:Header/>
   <soapenv:Body>
      <v1:deleteNotificationRequest>
         <v1:messageContext>
            <v11:messageId>${=import static java.util.UUID.randomUUID; uuid = randomUUID() as String}</v11:messageId>
         </v1:messageContext>
         <v1:legalContext>ServiceIntegrator</v1:legalContext>
         <v1:request>
            <v1:topicId>PersonService</v1:topicId>
            <v1:notificationIds>
               <!--1 to 50 repetitions:-->
               <v1:notificationId>d99920ec-e73f-4ea3-89ee-4943ab152092</v1:notificationId>
            </v1:notificationIds>
         </v1:request>
      </v1:deleteNotificationRequest>
   </soapenv:Body>
</soapenv:Envelope>]]></con:request><con:credentials><con:selectedAuthProfile>Basic</con:selectedAuthProfile><con:addedBasicAuthenticationTypes>Basic</con:addedBasicAuthenticationTypes><con:authType>Global HTTP Settings</con:authType></con:credentials><con:jmsConfig JMSDeliveryMode="PERSISTENT"/><con:jmsPropertyConfig/><con:wsaConfig mustUnderstand="NONE" version="200508" action="http://fidus.brussels/services/accessmanagerservice/getOrganisationParentNodes"/><con:wsrmConfig version="1.2"/></con:call><con:call id="e72117d7-a6e2-4550-85b9-95ccbd5de9e0" name="5 - Prod - Worker2 - Request" incomingWss="Inflow PROD" outgoingWss="Outflow PROD"><con:settings><con:setting id="com.eviware.soapui.impl.wsdl.WsdlRequest@request-headers">&lt;xml-fragment/></con:setting></con:settings><con:encoding>UTF-8</con:encoding><con:endpoint>https://192.168.26.19:8443/services/MessageForMeService_v1.0</con:endpoint><con:request><![CDATA[<soapenv:Envelope xmlns:soapenv="http://schemas.xmlsoap.org/soap/envelope/" xmlns:v1="http://fidus.brussels/service/messageformeservice/messages/v1" xmlns:v11="http://fidus.brussels/type/common/messages/v1">
   <soapenv:Header/>
   <soapenv:Body>
      <v1:deleteNotificationRequest>
         <v1:messageContext>
            <v11:messageId>${=import static java.util.UUID.randomUUID; uuid = randomUUID() as String}</v11:messageId>
         </v1:messageContext>
         <v1:legalContext>ServiceIntegrator</v1:legalContext>
         <v1:request>
            <v1:topicId>PersonService</v1:topicId>
            <v1:notificationIds>
               <!--1 to 50 repetitions:-->
               <v1:notificationId>d99920ec-e73f-4ea3-89ee-4943ab152092</v1:notificationId>
            </v1:notificationIds>
         </v1:request>
      </v1:deleteNotificationRequest>
   </soapenv:Body>
</soapenv:Envelope>]]></con:request><con:credentials><con:selectedAuthProfile>Basic</con:selectedAuthProfile><con:addedBasicAuthenticationTypes>Basic</con:addedBasicAuthenticationTypes><con:authType>Global HTTP Settings</con:authType></con:credentials><con:jmsConfig JMSDeliveryMode="PERSISTENT"/><con:jmsPropertyConfig/><con:wsaConfig mustUnderstand="NONE" version="200508" action="http://fidus.brussels/services/accessmanagerservice/getOrganisationParentNodes"/><con:wsrmConfig version="1.2"/></con:call></con:operation></con:interface><con:testSuite id="57ddffea-c706-4826-a613-0d802f76d219" name="TEST"><con:settings/><con:runType>SEQUENTIAL</con:runType><con:testCase id="a631da7a-e3c1-48a1-81f0-31ccbef3cac1" failOnError="true" failTestCaseOnErrors="true" keepSession="false" maxResults="0" name="sendNotification" searchProperties="true"><con:settings/><con:testStep type="request" id="8b7c39ef-af87-4401-9097-d150d0f16ba9" name="testcase3 - Test - LB - Request"><con:settings/><con:config xsi:type="con:RequestStep" xmlns:xsi="http://www.w3.org/2001/XMLSchema-instance"><con:interface>MessageForMeServiceHTTPBinding</con:interface><con:operation>sendNotification</con:operation><con:request name="testcase3 - Test - LB - Request" id="1984ac06-3e94-4904-9ed7-3b8a2a9231e2" outgoingWss="Outflow TEST"><con:settings/><con:encoding>UTF-8</con:encoding><con:endpoint>https://esb-security-gw.sta.srv.cirb.lan:8443/services/MessageForMeService_v1.0</con:endpoint><con:request><![CDATA[<soapenv:Envelope xmlns:soapenv="http://schemas.xmlsoap.org/soap/envelope/" xmlns:v1="http://fidus.brussels/service/messageformeservice/messages/v1" xmlns:v11="http://fidus.brussels/type/common/messages/v1">
   <soapenv:Header/>
   <soapenv:Body>
      <v1:sendNotificationRequest>
         <v1:messageContext>
            <v11:messageId>${=import static java.util.UUID.randomUUID; uuid = randomUUID() as String}</v11:messageId>
         </v1:messageContext>
         <v1:legalContext>ServiceIntegrator</v1:legalContext>
         <v1:request>
            <v1:consumerId>FIDUS-TESTUSER</v1:consumerId>
            <v1:topicId>PersonService</v1:topicId>
            <v1:data><test>test</test></v1:data>
         </v1:request>
      </v1:sendNotificationRequest>
   </soapenv:Body>
</soapenv:Envelope>]]></con:request><con:assertion type="SOAP Fault Assertion" id="7e595d22-3097-484a-950c-efa124feed8c" name="Not SOAP Fault"/><con:assertion type="SOAP Response" id="f54d5633-437c-4aee-b8ef-1c56a673ddfd" name="SOAP Response"/><con:assertion type="Schema Compliance" id="e5f89978-bd1b-44c9-a645-df32f2754305" name="Schema Compliance"><con:configuration/></con:assertion><con:wsaConfig action="http://fidus.brussels/services/messageformeservice/sendNotification"/></con:request></con:config></con:testStep><con:testStep type="request" id="94d9d795-0d76-4ae0-962c-042499ee6129" name="testcase3 - Test - Worker1 - Request"><con:settings/><con:config xsi:type="con:RequestStep" xmlns:xsi="http://www.w3.org/2001/XMLSchema-instance"><con:interface>MessageForMeServiceHTTPBinding</con:interface><con:operation>sendNotification</con:operation><con:request name="testcase3 - Test - Worker1 - Request" id="fafe3ae2-474a-4811-b485-f9659a0b5692" outgoingWss="Outflow TEST"><con:settings/><con:encoding>UTF-8</con:encoding><con:endpoint>https://192.168.24.45:8443/services/MessageForMeService_v1.0</con:endpoint><con:request><![CDATA[<soapenv:Envelope xmlns:soapenv="http://schemas.xmlsoap.org/soap/envelope/" xmlns:v1="http://fidus.brussels/service/messageformeservice/messages/v1" xmlns:v11="http://fidus.brussels/type/common/messages/v1">
   <soapenv:Header/>
   <soapenv:Body>
      <v1:sendNotificationRequest>
         <v1:messageContext>
            <v11:messageId>${=import static java.util.UUID.randomUUID; uuid = randomUUID() as String}</v11:messageId>
         </v1:messageContext>
         <v1:legalContext>ServiceIntegrator</v1:legalContext>
         <v1:request>
            <v1:consumerId>FIDUS-TESTUSER</v1:consumerId>
            <v1:topicId>PersonService</v1:topicId>
            <v1:data><test>test</test></v1:data>
         </v1:request>
      </v1:sendNotificationRequest>
   </soapenv:Body>
</soapenv:Envelope>]]></con:request><con:assertion type="SOAP Fault Assertion" id="f18b5ec8-74f5-4186-8e3c-8e2e6502776b" name="Not SOAP Fault"/><con:assertion type="SOAP Response" id="4410aac3-ef99-4152-912d-491def47a612" name="SOAP Response"/><con:assertion type="Schema Compliance" id="58e4cf04-c99a-4979-a115-f1fb6bead4bc" name="Schema Compliance"><con:configuration/></con:assertion><con:wsaConfig action="http://fidus.brussels/services/messageformeservice/sendNotification"/></con:request></con:config></con:testStep><con:testStep type="request" id="60cc3c5e-17ae-4b97-a5ae-461c3b30cff6" name="testcase3 - Test - Worker2 - Request"><con:settings/><con:config xsi:type="con:RequestStep" xmlns:xsi="http://www.w3.org/2001/XMLSchema-instance"><con:interface>MessageForMeServiceHTTPBinding</con:interface><con:operation>sendNotification</con:operation><con:request name="testcase3 - Test - Worker2 - Request" id="eff78467-02e3-4fa4-a34a-a5a99b44beb7" outgoingWss="Outflow TEST"><con:settings/><con:encoding>UTF-8</con:encoding><con:endpoint>https://192.168.24.51:8443/services/MessageForMeService_v1.0</con:endpoint><con:request><![CDATA[<soapenv:Envelope xmlns:soapenv="http://schemas.xmlsoap.org/soap/envelope/" xmlns:v1="http://fidus.brussels/service/messageformeservice/messages/v1" xmlns:v11="http://fidus.brussels/type/common/messages/v1">
   <soapenv:Header/>
   <soapenv:Body>
      <v1:sendNotificationRequest>
         <v1:messageContext>
            <v11:messageId>${=import static java.util.UUID.randomUUID; uuid = randomUUID() as String}</v11:messageId>
         </v1:messageContext>
         <v1:legalContext>ServiceIntegrator</v1:legalContext>
         <v1:request>
            <v1:consumerId>FIDUS-TESTUSER</v1:consumerId>
            <v1:topicId>PersonService</v1:topicId>
            <v1:data><test>test</test></v1:data>
         </v1:request>
      </v1:sendNotificationRequest>
   </soapenv:Body>
</soapenv:Envelope>]]></con:request><con:assertion type="SOAP Fault Assertion" id="943057ad-47bf-401f-bf3d-54179ad0091d" name="Not SOAP Fault"/><con:assertion type="SOAP Response" id="a64c7571-98bc-4358-a757-72b8e9faa3c4" name="SOAP Response"/><con:assertion type="Schema Compliance" id="ea735637-e6d7-4e69-8f8d-b75eec125c7a" name="Schema Compliance"><con:configuration/></con:assertion><con:wsaConfig action="http://fidus.brussels/services/messageformeservice/sendNotification"/></con:request></con:config></con:testStep><con:properties/></con:testCase><con:testCase id="38486f7c-8b53-4ec3-82ca-5aa1df2e1443" failOnError="true" failTestCaseOnErrors="true" keepSession="false" maxResults="0" name="receiveNotification" searchProperties="true"><con:settings/><con:testStep type="request" id="03457b87-2b8d-422f-9ee2-dc4ef198a292" name="testcase3 - Test - LB - Request"><con:settings/><con:config xsi:type="con:RequestStep" xmlns:xsi="http://www.w3.org/2001/XMLSchema-instance"><con:interface>MessageForMeServiceHTTPBinding</con:interface><con:operation>receiveNotification</con:operation><con:request name="testcase3 - Test - LB - Request" id="f462a0e6-ba5c-4849-8b15-7a586924a052" outgoingWss="Outflow TEST"><con:settings/><con:encoding>UTF-8</con:encoding><con:endpoint>https://esb-security-gw.sta.srv.cirb.lan:8443/services/MessageForMeService_v1.0</con:endpoint><con:request><![CDATA[<soapenv:Envelope xmlns:soapenv="http://schemas.xmlsoap.org/soap/envelope/" xmlns:v1="http://fidus.brussels/service/messageformeservice/messages/v1" xmlns:v11="http://fidus.brussels/type/common/messages/v1">
   <soapenv:Header/>
   <soapenv:Body>
      <v1:receiveNotificationRequest>
         <v1:messageContext>
            <v11:messageId>${=import static java.util.UUID.randomUUID; uuid = randomUUID() as String}</v11:messageId>
         </v1:messageContext>
         <v1:legalContext>ServiceIntegrator</v1:legalContext>
         <v1:request>
            <v1:topicId>PersonService</v1:topicId>
            <v1:waitTimeSeconds>10</v1:waitTimeSeconds>
            <v1:maxNumberOfNotifications>10</v1:maxNumberOfNotifications>
            <v1:autoDelete>false</v1:autoDelete>
         </v1:request>
      </v1:receiveNotificationRequest>
   </soapenv:Body>
</soapenv:Envelope>]]></con:request><con:assertion type="SOAP Fault Assertion" id="2cc87b81-6f8c-4bb3-b6bc-d46509ab5011" name="Not SOAP Fault"/><con:assertion type="SOAP Response" id="8b80173e-8af9-4037-bd7b-a87346e5b038" name="SOAP Response"/><con:assertion type="Schema Compliance" id="2e64b947-cc70-408c-b4c3-5cd03c3a0ab4" name="Schema Compliance"><con:configuration/></con:assertion><con:wsaConfig action="http://fidus.brussels/services/messageformeservice/receiveNotification"/></con:request></con:config></con:testStep><con:testStep type="request" id="c72085a4-3abc-4fdb-bf5a-7319ff129a72" name="testcase3 - Test - Worker1 - Request"><con:settings/><con:config xsi:type="con:RequestStep" xmlns:xsi="http://www.w3.org/2001/XMLSchema-instance"><con:interface>MessageForMeServiceHTTPBinding</con:interface><con:operation>receiveNotification</con:operation><con:request name="testcase3 - Test - Worker1 - Request" id="41a44b63-3023-44f1-9bd8-1729d6c210b5" outgoingWss="Outflow TEST"><con:settings/><con:encoding>UTF-8</con:encoding><con:endpoint>https://192.168.24.45:8443/services/MessageForMeService_v1.0</con:endpoint><con:request><![CDATA[<soapenv:Envelope xmlns:soapenv="http://schemas.xmlsoap.org/soap/envelope/" xmlns:v1="http://fidus.brussels/service/messageformeservice/messages/v1" xmlns:v11="http://fidus.brussels/type/common/messages/v1">
   <soapenv:Header/>
   <soapenv:Body>
      <v1:receiveNotificationRequest>
         <v1:messageContext>
            <v11:messageId>${=import static java.util.UUID.randomUUID; uuid = randomUUID() as String}</v11:messageId>
         </v1:messageContext>
         <v1:legalContext>ServiceIntegrator</v1:legalContext>
         <v1:request>
            <v1:topicId>PersonService</v1:topicId>
            <v1:waitTimeSeconds>10</v1:waitTimeSeconds>
            <v1:maxNumberOfNotifications>10</v1:maxNumberOfNotifications>
            <v1:autoDelete>false</v1:autoDelete>
         </v1:request>
      </v1:receiveNotificationRequest>
   </soapenv:Body>
</soapenv:Envelope>]]></con:request><con:assertion type="SOAP Fault Assertion" id="2c70ce1f-fe34-4208-af7c-c426bac6ac0a" name="Not SOAP Fault"/><con:assertion type="SOAP Response" id="43bf1880-bf78-4747-93a2-5804756ea042" name="SOAP Response"/><con:assertion type="Schema Compliance" id="0c762155-f736-4f36-b865-0260cd001872" name="Schema Compliance"><con:configuration/></con:assertion><con:wsaConfig action="http://fidus.brussels/services/messageformeservice/receiveNotification"/></con:request></con:config></con:testStep><con:testStep type="request" id="f66a2df1-04c0-4953-a739-dafbe007cb5e" name="testcase3 - Test - Worker2 - Request"><con:settings/><con:config xsi:type="con:RequestStep" xmlns:xsi="http://www.w3.org/2001/XMLSchema-instance"><con:interface>MessageForMeServiceHTTPBinding</con:interface><con:operation>receiveNotification</con:operation><con:request name="testcase3 - Test - Worker2 - Request" id="cae0fc20-6406-41b4-a4f8-ec04ea8aec41" outgoingWss="Outflow TEST"><con:settings/><con:encoding>UTF-8</con:encoding><con:endpoint>https://192.168.24.51:8443/services/MessageForMeService_v1.0</con:endpoint><con:request><![CDATA[<soapenv:Envelope xmlns:soapenv="http://schemas.xmlsoap.org/soap/envelope/" xmlns:v1="http://fidus.brussels/service/messageformeservice/messages/v1" xmlns:v11="http://fidus.brussels/type/common/messages/v1">
   <soapenv:Header/>
   <soapenv:Body>
      <v1:receiveNotificationRequest>
         <v1:messageContext>
            <v11:messageId>${=import static java.util.UUID.randomUUID; uuid = randomUUID() as String}</v11:messageId>
         </v1:messageContext>
         <v1:legalContext>ServiceIntegrator</v1:legalContext>
         <v1:request>
            <v1:topicId>PersonService</v1:topicId>
            <v1:waitTimeSeconds>10</v1:waitTimeSeconds>
            <v1:maxNumberOfNotifications>10</v1:maxNumberOfNotifications>
            <v1:autoDelete>false</v1:autoDelete>
         </v1:request>
      </v1:receiveNotificationRequest>
   </soapenv:Body>
</soapenv:Envelope>]]></con:request><con:assertion type="SOAP Fault Assertion" id="3b5307eb-4578-4a14-b237-0a00aca288e5" name="Not SOAP Fault"/><con:assertion type="SOAP Response" id="a5c84360-c02a-472e-a723-dbfd3d7f4097" name="SOAP Response"/><con:assertion type="Schema Compliance" id="00c70c6d-dff6-4e44-804d-167c8534ff66" name="Schema Compliance"><con:configuration/></con:assertion><con:wsaConfig action="http://fidus.brussels/services/messageformeservice/receiveNotification"/></con:request></con:config></con:testStep><con:properties/></con:testCase><con:testCase id="93680cbb-fa84-41bf-852c-657caae20a0c" failOnError="true" failTestCaseOnErrors="true" keepSession="false" maxResults="0" name="deleteNotification" searchProperties="true"><con:settings/><con:testStep type="request" id="0132a1cb-37c1-46e9-b64a-5566d8f55cd7" name="testcase3 - Test - LB - Request"><con:settings/><con:config xsi:type="con:RequestStep" xmlns:xsi="http://www.w3.org/2001/XMLSchema-instance"><con:interface>MessageForMeServiceHTTPBinding</con:interface><con:operation>deleteNotification</con:operation><con:request name="testcase3 - Test - LB - Request" id="8b4e3e7c-d986-4eac-98e5-13554d8879f7" outgoingWss="Outflow TEST"><con:settings/><con:encoding>UTF-8</con:encoding><con:endpoint>https://esb-security-gw.sta.srv.cirb.lan:8443/services/MessageForMeService_v1.0</con:endpoint><con:request><![CDATA[<soapenv:Envelope xmlns:soapenv="http://schemas.xmlsoap.org/soap/envelope/" xmlns:v1="http://fidus.brussels/service/messageformeservice/messages/v1" xmlns:v11="http://fidus.brussels/type/common/messages/v1">
   <soapenv:Header/>
   <soapenv:Body>
      <v1:deleteNotificationRequest>
         <v1:messageContext>
            <v11:messageId>${=import static java.util.UUID.randomUUID; uuid = randomUUID() as String}</v11:messageId>
         </v1:messageContext>
         <v1:legalContext>ServiceIntegrator</v1:legalContext>
         <v1:request>
            <v1:topicId>PersonService</v1:topicId>
            <v1:notificationIds>
               <!--1 to 50 repetitions:-->
               <v1:notificationId>d99920ec-e73f-4ea3-89ee-4943ab152092</v1:notificationId>
            </v1:notificationIds>
         </v1:request>
      </v1:deleteNotificationRequest>
   </soapenv:Body>
</soapenv:Envelope>]]></con:request><con:assertion type="SOAP Fault Assertion" id="e22bf783-f619-45c6-b1db-a1218af3254a" name="Not SOAP Fault"/><con:assertion type="SOAP Response" id="63fad5b9-9313-4593-8a5a-0e6b46c44b79" name="SOAP Response"/><con:assertion type="Schema Compliance" id="aabb6423-3554-4def-9697-4377530126b5" name="Schema Compliance"><con:configuration/></con:assertion><con:wsaConfig action="http://fidus.brussels/services/messageformeservice/deleteNotification"/></con:request></con:config></con:testStep><con:testStep type="request" id="7dbf3b57-6f75-461f-9317-cb7e64bdda43" name="testcase3 - Test - Worker1 - Request"><con:settings/><con:config xsi:type="con:RequestStep" xmlns:xsi="http://www.w3.org/2001/XMLSchema-instance"><con:interface>MessageForMeServiceHTTPBinding</con:interface><con:operation>deleteNotification</con:operation><con:request name="testcase3 - Test - Worker1 - Request" id="0c284cfa-f2c6-4411-a333-6a5b2b84f7da" outgoingWss="Outflow TEST"><con:settings/><con:encoding>UTF-8</con:encoding><con:endpoint>https://192.168.24.45:8443/services/MessageForMeService_v1.0</con:endpoint><con:request><![CDATA[<soapenv:Envelope xmlns:soapenv="http://schemas.xmlsoap.org/soap/envelope/" xmlns:v1="http://fidus.brussels/service/messageformeservice/messages/v1" xmlns:v11="http://fidus.brussels/type/common/messages/v1">
   <soapenv:Header/>
   <soapenv:Body>
      <v1:deleteNotificationRequest>
         <v1:messageContext>
            <v11:messageId>${=import static java.util.UUID.randomUUID; uuid = randomUUID() as String}</v11:messageId>
         </v1:messageContext>
         <v1:legalContext>ServiceIntegrator</v1:legalContext>
         <v1:request>
            <v1:topicId>PersonService</v1:topicId>
            <v1:notificationIds>
               <!--1 to 50 repetitions:-->
               <v1:notificationId>d99920ec-e73f-4ea3-89ee-4943ab152092</v1:notificationId>
            </v1:notificationIds>
         </v1:request>
      </v1:deleteNotificationRequest>
   </soapenv:Body>
</soapenv:Envelope>]]></con:request><con:assertion type="SOAP Fault Assertion" id="f4ed3a1c-505d-4f32-88f2-40f4d2d176c4" name="Not SOAP Fault"/><con:assertion type="SOAP Response" id="635dbdcc-d6ed-4bb4-b7a5-27abf7cabc15" name="SOAP Response"/><con:assertion type="Schema Compliance" id="42aa19ba-a549-4442-b0bf-cb25e72b28d8" name="Schema Compliance"><con:configuration/></con:assertion><con:wsaConfig action="http://fidus.brussels/services/messageformeservice/deleteNotification"/></con:request></con:config></con:testStep><con:testStep type="request" id="94885156-1957-4662-9123-50a96602da09" name="testcase3 - Test - Worker2 - Request"><con:settings/><con:config xsi:type="con:RequestStep" xmlns:xsi="http://www.w3.org/2001/XMLSchema-instance"><con:interface>MessageForMeServiceHTTPBinding</con:interface><con:operation>deleteNotification</con:operation><con:request name="testcase3 - Test - Worker2 - Request" id="ab8d4b5d-fec7-45c8-8b77-fc13d23a6d0d" outgoingWss="Outflow TEST"><con:settings/><con:encoding>UTF-8</con:encoding><con:endpoint>https://192.168.24.51:8443/services/MessageForMeService_v1.0</con:endpoint><con:request><![CDATA[<soapenv:Envelope xmlns:soapenv="http://schemas.xmlsoap.org/soap/envelope/" xmlns:v1="http://fidus.brussels/service/messageformeservice/messages/v1" xmlns:v11="http://fidus.brussels/type/common/messages/v1">
   <soapenv:Header/>
   <soapenv:Body>
      <v1:deleteNotificationRequest>
         <v1:messageContext>
            <v11:messageId>${=import static java.util.UUID.randomUUID; uuid = randomUUID() as String}</v11:messageId>
         </v1:messageContext>
         <v1:legalContext>ServiceIntegrator</v1:legalContext>
         <v1:request>
            <v1:topicId>PersonService</v1:topicId>
            <v1:notificationIds>
               <!--1 to 50 repetitions:-->
               <v1:notificationId>d99920ec-e73f-4ea3-89ee-4943ab152092</v1:notificationId>
            </v1:notificationIds>
         </v1:request>
      </v1:deleteNotificationRequest>
   </soapenv:Body>
</soapenv:Envelope>]]></con:request><con:assertion type="SOAP Fault Assertion" id="9e8f59a4-a292-4b5e-80e6-92e42a67b875" name="Not SOAP Fault"/><con:assertion type="SOAP Response" id="80a20ec6-7f46-4e9b-b526-21c4da2c249f" name="SOAP Response"/><con:assertion type="Schema Compliance" id="a8c16587-4a8a-4cb4-b235-d5550079685b" name="Schema Compliance"><con:configuration/></con:assertion><con:wsaConfig action="http://fidus.brussels/services/messageformeservice/deleteNotification"/></con:request></con:config></con:testStep><con:properties/></con:testCase><con:properties/></con:testSuite><con:testSuite id="9177c790-5c1b-4f22-9972-969d0e8711ce" name="STAG"><con:settings/><con:runType>SEQUENTIAL</con:runType><con:testCase id="83342344-a7b1-48be-89b5-b492ac62d897" failOnError="true" failTestCaseOnErrors="true" keepSession="false" maxResults="0" name="sendNotification" searchProperties="true"><con:settings/><con:testStep type="request" id="4ad00bfb-518b-405e-82e6-a8df0deaea5d" name="testcase4 - Staging - LB - Request"><con:settings/><con:config xsi:type="con:RequestStep" xmlns:xsi="http://www.w3.org/2001/XMLSchema-instance"><con:interface>MessageForMeServiceHTTPBinding</con:interface><con:operation>sendNotification</con:operation><con:request name="testcase4 - Staging - LB - Request" id="5abd486b-0d47-4ff9-a97a-95b205d7efb2" outgoingWss="Outflow STAG"><con:settings/><con:encoding>UTF-8</con:encoding><con:endpoint>https://fidus-esb-sg.sta.srv.cirb.lan:8443/services/MessageForMeService_v1.0</con:endpoint><con:request><![CDATA[<soapenv:Envelope xmlns:soapenv="http://schemas.xmlsoap.org/soap/envelope/" xmlns:v1="http://fidus.brussels/service/messageformeservice/messages/v1" xmlns:v11="http://fidus.brussels/type/common/messages/v1">
   <soapenv:Header/>
   <soapenv:Body>
      <v1:sendNotificationRequest>
         <v1:messageContext>
            <v11:messageId>${=import static java.util.UUID.randomUUID; uuid = randomUUID() as String}</v11:messageId>
         </v1:messageContext>
         <v1:legalContext>ServiceIntegrator</v1:legalContext>
         <v1:request>
            <v1:consumerId>FIDUS-TESTUSER</v1:consumerId>
            <v1:topicId>PersonService</v1:topicId>
            <v1:data><test>test</test></v1:data>
         </v1:request>
      </v1:sendNotificationRequest>
   </soapenv:Body>
</soapenv:Envelope>]]></con:request><con:assertion type="SOAP Fault Assertion" id="e467f267-151f-4b11-8e94-c275fc23421e" name="Not SOAP Fault"/><con:assertion type="SOAP Response" id="ab3fe1dc-cc10-46a5-988e-732d9b7a605b" name="SOAP Response"/><con:assertion type="Schema Compliance" id="82cd2677-9acc-4617-a864-2b38a775bb70" name="Schema Compliance"><con:configuration/></con:assertion><con:wsaConfig action="http://fidus.brussels/services/messageformeservice/sendNotification"/></con:request></con:config></con:testStep><con:testStep type="request" id="f4f6c0c0-f621-46c9-899e-f5677ae1e19a" name="testcase4 - Staging - Worker1 - Request"><con:settings/><con:config xsi:type="con:RequestStep" xmlns:xsi="http://www.w3.org/2001/XMLSchema-instance"><con:interface>MessageForMeServiceHTTPBinding</con:interface><con:operation>sendNotification</con:operation><con:request name="testcase4 - Staging - Worker1 - Request" id="8d1b0101-d1a8-49a1-8848-79e49b9a0b8c" outgoingWss="Outflow STAG"><con:settings/><con:encoding>UTF-8</con:encoding><con:endpoint>https://192.168.24.57:8443/services/MessageForMeService_v1.0</con:endpoint><con:request><![CDATA[<soapenv:Envelope xmlns:soapenv="http://schemas.xmlsoap.org/soap/envelope/" xmlns:v1="http://fidus.brussels/service/messageformeservice/messages/v1" xmlns:v11="http://fidus.brussels/type/common/messages/v1">
   <soapenv:Header/>
   <soapenv:Body>
      <v1:sendNotificationRequest>
         <v1:messageContext>
            <v11:messageId>${=import static java.util.UUID.randomUUID; uuid = randomUUID() as String}</v11:messageId>
         </v1:messageContext>
         <v1:legalContext>ServiceIntegrator</v1:legalContext>
         <v1:request>
            <v1:consumerId>FIDUS-TESTUSER</v1:consumerId>
            <v1:topicId>PersonService</v1:topicId>
            <v1:data><test>test</test></v1:data>
         </v1:request>
      </v1:sendNotificationRequest>
   </soapenv:Body>
</soapenv:Envelope>]]></con:request><con:assertion type="SOAP Fault Assertion" id="36700cd0-c37d-4fee-a4f5-4ef0598bb419" name="Not SOAP Fault"/><con:assertion type="SOAP Response" id="cf32f9ae-64d4-4b1e-8923-8ade7bf6c909" name="SOAP Response"/><con:assertion type="Schema Compliance" id="3894b540-abf4-4d18-8e29-50cd4a0af10e" name="Schema Compliance"><con:configuration/></con:assertion><con:wsaConfig action="http://fidus.brussels/services/messageformeservice/sendNotification"/></con:request></con:config></con:testStep><con:testStep type="request" id="57446a56-97ec-4edd-bac1-a4f7c9907773" name="testcase4 - Staging - Worker2 - Request"><con:settings/><con:config xsi:type="con:RequestStep" xmlns:xsi="http://www.w3.org/2001/XMLSchema-instance"><con:interface>MessageForMeServiceHTTPBinding</con:interface><con:operation>sendNotification</con:operation><con:request name="testcase4 - Staging - Worker2 - Request" id="9d3d1119-6bcd-4502-8d4c-41ff3b7dc4d6" outgoingWss="Outflow STAG"><con:settings/><con:encoding>UTF-8</con:encoding><con:endpoint>https://192.168.24.64:8443/services/MessageForMeService_v1.0</con:endpoint><con:request><![CDATA[<soapenv:Envelope xmlns:soapenv="http://schemas.xmlsoap.org/soap/envelope/" xmlns:v1="http://fidus.brussels/service/messageformeservice/messages/v1" xmlns:v11="http://fidus.brussels/type/common/messages/v1">
   <soapenv:Header/>
   <soapenv:Body>
      <v1:sendNotificationRequest>
         <v1:messageContext>
            <v11:messageId>${=import static java.util.UUID.randomUUID; uuid = randomUUID() as String}</v11:messageId>
         </v1:messageContext>
         <v1:legalContext>ServiceIntegrator</v1:legalContext>
         <v1:request>
            <v1:consumerId>FIDUS-TESTUSER</v1:consumerId>
            <v1:topicId>PersonService</v1:topicId>
            <v1:data><test>test</test></v1:data>
         </v1:request>
      </v1:sendNotificationRequest>
   </soapenv:Body>
</soapenv:Envelope>]]></con:request><con:assertion type="SOAP Fault Assertion" id="1f41bd00-f3ed-44ca-8539-88fb703c8bf4" name="Not SOAP Fault"/><con:assertion type="SOAP Response" id="2a5f6750-76ea-4cb5-a41f-8c1c774e88ba" name="SOAP Response"/><con:assertion type="Schema Compliance" id="1bcc63e5-4401-4402-bc08-29a1edf52d7c" name="Schema Compliance"><con:configuration/></con:assertion><con:wsaConfig action="http://fidus.brussels/services/messageformeservice/sendNotification"/></con:request></con:config></con:testStep><con:properties/></con:testCase><con:testCase id="54f0134a-3a9b-41a7-8837-71f8e65e5b02" failOnError="true" failTestCaseOnErrors="true" keepSession="false" maxResults="0" name="receiveNotification" searchProperties="true"><con:settings/><con:testStep type="request" id="886371bd-fa87-4712-8c16-d0a0811a17e4" name="testcase4 - Staging - LB - Request"><con:settings/><con:config xsi:type="con:RequestStep" xmlns:xsi="http://www.w3.org/2001/XMLSchema-instance"><con:interface>MessageForMeServiceHTTPBinding</con:interface><con:operation>receiveNotification</con:operation><con:request name="testcase4 - Staging - LB - Request" id="54be69e3-bcd6-493f-ae36-fbc20518bb8b" outgoingWss="Outflow STAG"><con:settings/><con:encoding>UTF-8</con:encoding><con:endpoint>https://fidus-esb-sg.sta.srv.cirb.lan:8443/services/MessageForMeService_v1.0</con:endpoint><con:request><![CDATA[<soapenv:Envelope xmlns:soapenv="http://schemas.xmlsoap.org/soap/envelope/" xmlns:v1="http://fidus.brussels/service/messageformeservice/messages/v1" xmlns:v11="http://fidus.brussels/type/common/messages/v1">
   <soapenv:Header/>
   <soapenv:Body>
      <v1:receiveNotificationRequest>
         <v1:messageContext>
            <v11:messageId>${=import static java.util.UUID.randomUUID; uuid = randomUUID() as String}</v11:messageId>
         </v1:messageContext>
         <v1:legalContext>ServiceIntegrator</v1:legalContext>
         <v1:request>
            <v1:topicId>PersonService</v1:topicId>
            <v1:waitTimeSeconds>10</v1:waitTimeSeconds>
            <v1:maxNumberOfNotifications>10</v1:maxNumberOfNotifications>
            <v1:autoDelete>false</v1:autoDelete>
         </v1:request>
      </v1:receiveNotificationRequest>
   </soapenv:Body>
</soapenv:Envelope>]]></con:request><con:assertion type="SOAP Fault Assertion" id="ed98c900-8c7e-4544-a18c-b01075309191" name="Not SOAP Fault"/><con:assertion type="SOAP Response" id="7cafe701-704d-478d-bc04-0fc9dd12b3f9" name="SOAP Response"/><con:assertion type="Schema Compliance" id="9472c055-1bf1-4049-b8a4-73f941023d9e" name="Schema Compliance"><con:configuration/></con:assertion><con:wsaConfig action="http://fidus.brussels/services/messageformeservice/receiveNotification"/></con:request></con:config></con:testStep><con:testStep type="request" id="ebe1b8dc-eef3-407a-ad0a-29242c89d56e" name="testcase4 - Staging - Worker1 - Request"><con:settings/><con:config xsi:type="con:RequestStep" xmlns:xsi="http://www.w3.org/2001/XMLSchema-instance"><con:interface>MessageForMeServiceHTTPBinding</con:interface><con:operation>receiveNotification</con:operation><con:request name="testcase4 - Staging - Worker1 - Request" id="0c9bdc27-1a18-45d9-9987-42f15d7e725b" outgoingWss="Outflow STAG"><con:settings/><con:encoding>UTF-8</con:encoding><con:endpoint>https://192.168.24.57:8443/services/MessageForMeService_v1.0</con:endpoint><con:request><![CDATA[<soapenv:Envelope xmlns:soapenv="http://schemas.xmlsoap.org/soap/envelope/" xmlns:v1="http://fidus.brussels/service/messageformeservice/messages/v1" xmlns:v11="http://fidus.brussels/type/common/messages/v1">
   <soapenv:Header/>
   <soapenv:Body>
      <v1:receiveNotificationRequest>
         <v1:messageContext>
            <v11:messageId>${=import static java.util.UUID.randomUUID; uuid = randomUUID() as String}</v11:messageId>
         </v1:messageContext>
         <v1:legalContext>ServiceIntegrator</v1:legalContext>
         <v1:request>
            <v1:topicId>PersonService</v1:topicId>
            <v1:waitTimeSeconds>10</v1:waitTimeSeconds>
            <v1:maxNumberOfNotifications>10</v1:maxNumberOfNotifications>
            <v1:autoDelete>false</v1:autoDelete>
         </v1:request>
      </v1:receiveNotificationRequest>
   </soapenv:Body>
</soapenv:Envelope>]]></con:request><con:assertion type="SOAP Fault Assertion" id="599a96ea-ca5b-464b-afd3-640ab45d5a4e" name="Not SOAP Fault"/><con:assertion type="SOAP Response" id="854f6ff4-0947-4440-a334-c79532eef05f" name="SOAP Response"/><con:assertion type="Schema Compliance" id="4d078bfa-a6c1-435a-a6ca-9c6137432a9f" name="Schema Compliance"><con:configuration/></con:assertion><con:wsaConfig action="http://fidus.brussels/services/messageformeservice/receiveNotification"/></con:request></con:config></con:testStep><con:testStep type="request" id="456b7008-e662-41ca-a7b7-99fe3275f850" name="testcase4 - Staging - Worker2 - Request"><con:settings/><con:config xsi:type="con:RequestStep" xmlns:xsi="http://www.w3.org/2001/XMLSchema-instance"><con:interface>MessageForMeServiceHTTPBinding</con:interface><con:operation>receiveNotification</con:operation><con:request name="testcase4 - Staging - Worker2 - Request" id="92b75ce3-c881-40a3-9d8e-ffc9781fd1da" outgoingWss="Outflow STAG"><con:settings/><con:encoding>UTF-8</con:encoding><con:endpoint>https://192.168.24.64:8443/services/MessageForMeService_v1.0</con:endpoint><con:request><![CDATA[<soapenv:Envelope xmlns:soapenv="http://schemas.xmlsoap.org/soap/envelope/" xmlns:v1="http://fidus.brussels/service/messageformeservice/messages/v1" xmlns:v11="http://fidus.brussels/type/common/messages/v1">
   <soapenv:Header/>
   <soapenv:Body>
      <v1:receiveNotificationRequest>
         <v1:messageContext>
            <v11:messageId>${=import static java.util.UUID.randomUUID; uuid = randomUUID() as String}</v11:messageId>
         </v1:messageContext>
         <v1:legalContext>ServiceIntegrator</v1:legalContext>
         <v1:request>
            <v1:topicId>PersonService</v1:topicId>
            <v1:waitTimeSeconds>10</v1:waitTimeSeconds>
            <v1:maxNumberOfNotifications>10</v1:maxNumberOfNotifications>
            <v1:autoDelete>false</v1:autoDelete>
         </v1:request>
      </v1:receiveNotificationRequest>
   </soapenv:Body>
</soapenv:Envelope>]]></con:request><con:assertion type="SOAP Fault Assertion" id="264978b8-2494-498e-886d-375c275d6374" name="Not SOAP Fault"/><con:assertion type="SOAP Response" id="00fd0342-7a6f-459c-96b2-43b3d522e386" name="SOAP Response"/><con:assertion type="Schema Compliance" id="e07e09d3-985b-4dde-a3e1-5c48968c7f18" name="Schema Compliance"><con:configuration/></con:assertion><con:wsaConfig action="http://fidus.brussels/services/messageformeservice/receiveNotification"/></con:request></con:config></con:testStep><con:properties/></con:testCase><con:testCase id="d87bcba9-e5c3-4a55-b178-4943fbfbbe0b" failOnError="true" failTestCaseOnErrors="true" keepSession="false" maxResults="0" name="deleteNotification" searchProperties="true"><con:settings/><con:testStep type="request" id="f3c89861-6eff-478b-9683-e8a8a7c3492b" name="testcase4 - Staging - LB - Request"><con:settings/><con:config xsi:type="con:RequestStep" xmlns:xsi="http://www.w3.org/2001/XMLSchema-instance"><con:interface>MessageForMeServiceHTTPBinding</con:interface><con:operation>deleteNotification</con:operation><con:request name="testcase4 - Staging - LB - Request" id="d45ea929-355e-4659-a22a-99530b61b103" outgoingWss="Outflow STAG"><con:settings/><con:encoding>UTF-8</con:encoding><con:endpoint>https://fidus-esb-sg.sta.srv.cirb.lan:8443/services/MessageForMeService_v1.0</con:endpoint><con:request><![CDATA[<soapenv:Envelope xmlns:soapenv="http://schemas.xmlsoap.org/soap/envelope/" xmlns:v1="http://fidus.brussels/service/messageformeservice/messages/v1" xmlns:v11="http://fidus.brussels/type/common/messages/v1">
   <soapenv:Header/>
   <soapenv:Body>
      <v1:deleteNotificationRequest>
         <v1:messageContext>
            <v11:messageId>${=import static java.util.UUID.randomUUID; uuid = randomUUID() as String}</v11:messageId>
         </v1:messageContext>
         <v1:legalContext>ServiceIntegrator</v1:legalContext>
         <v1:request>
            <v1:topicId>PersonService</v1:topicId>
            <v1:notificationIds>
               <!--1 to 50 repetitions:-->
               <v1:notificationId>d99920ec-e73f-4ea3-89ee-4943ab152092</v1:notificationId>
            </v1:notificationIds>
         </v1:request>
      </v1:deleteNotificationRequest>
   </soapenv:Body>
</soapenv:Envelope>]]></con:request><con:assertion type="SOAP Fault Assertion" id="0ceed1c9-a216-481d-8070-c5bd16fb2564" name="Not SOAP Fault"/><con:assertion type="SOAP Response" id="b59240ca-a81a-4fe4-b010-4f27c6bb4378" name="SOAP Response"/><con:assertion type="Schema Compliance" id="29321447-5f09-4a06-a250-794cca4e5fc3" name="Schema Compliance"><con:configuration/></con:assertion><con:wsaConfig action="http://fidus.brussels/services/messageformeservice/deleteNotification"/></con:request></con:config></con:testStep><con:testStep type="request" id="a00fb786-9ea3-4df7-a094-ff1ba5cdc169" name="testcase4 - Staging - Worker1 - Request"><con:settings/><con:config xsi:type="con:RequestStep" xmlns:xsi="http://www.w3.org/2001/XMLSchema-instance"><con:interface>MessageForMeServiceHTTPBinding</con:interface><con:operation>deleteNotification</con:operation><con:request name="testcase4 - Staging - Worker1 - Request" id="36d44ad5-9f32-4104-8866-a4e93f3fe180" outgoingWss="Outflow STAG"><con:settings/><con:encoding>UTF-8</con:encoding><con:endpoint>https://192.168.24.57:8443/services/MessageForMeService_v1.0</con:endpoint><con:request><![CDATA[<soapenv:Envelope xmlns:soapenv="http://schemas.xmlsoap.org/soap/envelope/" xmlns:v1="http://fidus.brussels/service/messageformeservice/messages/v1" xmlns:v11="http://fidus.brussels/type/common/messages/v1">
   <soapenv:Header/>
   <soapenv:Body>
      <v1:deleteNotificationRequest>
         <v1:messageContext>
            <v11:messageId>${=import static java.util.UUID.randomUUID; uuid = randomUUID() as String}</v11:messageId>
         </v1:messageContext>
         <v1:legalContext>ServiceIntegrator</v1:legalContext>
         <v1:request>
            <v1:topicId>PersonService</v1:topicId>
            <v1:notificationIds>
               <!--1 to 50 repetitions:-->
               <v1:notificationId>d99920ec-e73f-4ea3-89ee-4943ab152092</v1:notificationId>
            </v1:notificationIds>
         </v1:request>
      </v1:deleteNotificationRequest>
   </soapenv:Body>
</soapenv:Envelope>]]></con:request><con:assertion type="SOAP Fault Assertion" id="701d71be-cb97-480a-8da0-f99160a601cf" name="Not SOAP Fault"/><con:assertion type="SOAP Response" id="8c0f07e7-401d-4416-aede-f8b6bb503181" name="SOAP Response"/><con:assertion type="Schema Compliance" id="da38d7a0-e666-4219-b7cc-f509ebf55c6e" name="Schema Compliance"><con:configuration/></con:assertion><con:wsaConfig action="http://fidus.brussels/services/messageformeservice/deleteNotification"/></con:request></con:config></con:testStep><con:testStep type="request" id="a839eb14-c2c0-424e-a17a-8d09cd6400cf" name="testcase4 - Staging - Worker2 - Request"><con:settings/><con:config xsi:type="con:RequestStep" xmlns:xsi="http://www.w3.org/2001/XMLSchema-instance"><con:interface>MessageForMeServiceHTTPBinding</con:interface><con:operation>deleteNotification</con:operation><con:request name="testcase4 - Staging - Worker2 - Request" id="9d8a0795-4ea4-4f1f-a196-bfb7dbb3ed43" outgoingWss="Outflow STAG"><con:settings/><con:encoding>UTF-8</con:encoding><con:endpoint>https://192.168.24.64:8443/services/MessageForMeService_v1.0</con:endpoint><con:request><![CDATA[<soapenv:Envelope xmlns:soapenv="http://schemas.xmlsoap.org/soap/envelope/" xmlns:v1="http://fidus.brussels/service/messageformeservice/messages/v1" xmlns:v11="http://fidus.brussels/type/common/messages/v1">
   <soapenv:Header/>
   <soapenv:Body>
      <v1:deleteNotificationRequest>
         <v1:messageContext>
            <v11:messageId>${=import static java.util.UUID.randomUUID; uuid = randomUUID() as String}</v11:messageId>
         </v1:messageContext>
         <v1:legalContext>ServiceIntegrator</v1:legalContext>
         <v1:request>
            <v1:topicId>PersonService</v1:topicId>
            <v1:notificationIds>
               <!--1 to 50 repetitions:-->
               <v1:notificationId>d99920ec-e73f-4ea3-89ee-4943ab152092</v1:notificationId>
            </v1:notificationIds>
         </v1:request>
      </v1:deleteNotificationRequest>
   </soapenv:Body>
</soapenv:Envelope>]]></con:request><con:assertion type="SOAP Fault Assertion" id="877de55a-82c1-4b86-bbb3-afce65d6ee84" name="Not SOAP Fault"/><con:assertion type="SOAP Response" id="b108f44e-2632-4118-9107-3d73ade5b761" name="SOAP Response"/><con:assertion type="Schema Compliance" id="30da0272-bb45-40d1-9bbf-1528c383c009" name="Schema Compliance"><con:configuration/></con:assertion><con:wsaConfig action="http://fidus.brussels/services/messageformeservice/deleteNotification"/></con:request></con:config></con:testStep><con:properties/></con:testCase><con:properties/></con:testSuite><con:testSuite id="22bf23c3-5343-4709-9ebc-c7b6860c74ce" name="DEV"><con:settings/><con:runType>SEQUENTIAL</con:runType><con:testCase id="3c1f39c5-e98a-41e9-822d-15d1738c6090" failOnError="true" failTestCaseOnErrors="true" keepSession="false" maxResults="0" name="sendNotification" searchProperties="true"><con:settings/><con:testStep type="request" id="acdd8ad8-f855-417b-839e-23bde575f74e" name="testcase2 - Dev - Request - OK"><con:settings/><con:config xsi:type="con:RequestStep" xmlns:xsi="http://www.w3.org/2001/XMLSchema-instance"><con:interface>MessageForMeServiceHTTPBinding</con:interface><con:operation>sendNotification</con:operation><con:request name="testcase2 - Dev - Request - OK" id="df9abd46-090a-4887-a1a7-d9968482e7a2" outgoingWss="Outflow DEV"><con:settings/><con:encoding>UTF-8</con:encoding><con:endpoint>https://192.168.36.61:8243/services/MessageForMeService_v1.0</con:endpoint><con:request><![CDATA[<soapenv:Envelope xmlns:soapenv="http://schemas.xmlsoap.org/soap/envelope/" xmlns:v1="http://fidus.brussels/service/messageformeservice/messages/v1" xmlns:v11="http://fidus.brussels/type/common/messages/v1">
   <soapenv:Header/>
   <soapenv:Body>
      <v1:sendNotificationRequest>
         <v1:messageContext>
            <v11:messageId>${=import static java.util.UUID.randomUUID; uuid = randomUUID() as String}</v11:messageId>
         </v1:messageContext>
         <v1:legalContext>ServiceIntegrator</v1:legalContext>
         <v1:request>
            <v1:consumerId>CIRB-CIBG</v1:consumerId>
            <v1:topicId>PersonService</v1:topicId>
            <v1:data>one data</v1:data>
         </v1:request>
      </v1:sendNotificationRequest>
   </soapenv:Body>
</soapenv:Envelope>]]></con:request><con:assertion type="SOAP Fault Assertion" id="703e611e-1f31-4c60-a3e8-c8d0c40e846a" name="Not SOAP Fault"/><con:assertion type="SOAP Response" id="3bdeaa6a-31d9-433a-9429-5638853a31db" name="SOAP Response"/><con:assertion type="Schema Compliance" id="f1173d10-3c20-4bef-80e8-a79e8f233fea" name="Schema Compliance"><con:configuration/></con:assertion><con:wsaConfig action="http://fidus.brussels/services/messageformeservice/sendNotification"/></con:request></con:config></con:testStep><con:properties/></con:testCase><con:testCase id="0a98aa4f-4937-4c8e-8ad4-b703157cd7d6" failOnError="true" failTestCaseOnErrors="true" keepSession="false" maxResults="0" name="receiveNotification" searchProperties="true"><con:settings/><con:testStep type="request" id="5f8eb579-d592-4d43-9aa7-11e3c4c347a1" name="testcase2 - Dev - Request - OK"><con:settings/><con:config xsi:type="con:RequestStep" xmlns:xsi="http://www.w3.org/2001/XMLSchema-instance"><con:interface>MessageForMeServiceHTTPBinding</con:interface><con:operation>receiveNotification</con:operation><con:request name="testcase2 - Dev - Request - OK" id="ab3a9fc9-1b32-4459-8281-f4ef5780c4ae" outgoingWss="Outflow DEV"><con:settings/><con:encoding>UTF-8</con:encoding><con:endpoint>https://192.168.36.61:8243/services/MessageForMeService_v1.0</con:endpoint><con:request><![CDATA[<soapenv:Envelope xmlns:soapenv="http://schemas.xmlsoap.org/soap/envelope/" xmlns:v1="http://fidus.brussels/service/messageformeservice/messages/v1" xmlns:v11="http://fidus.brussels/type/common/messages/v1">
   <soapenv:Header/>
   <soapenv:Body>
      <v1:receiveNotificationRequest>
         <v1:messageContext>
            <v11:messageId>${=import static java.util.UUID.randomUUID; uuid = randomUUID() as String}</v11:messageId>
         </v1:messageContext>
         <v1:legalContext>ServiceIntegrator</v1:legalContext>
         <v1:request>
            <v1:topicId>PersonService</v1:topicId>
            <v1:waitTimeSeconds>10</v1:waitTimeSeconds>
            <v1:maxNumberOfNotifications>10</v1:maxNumberOfNotifications>
            <v1:autoDelete>false</v1:autoDelete>
         </v1:request>
      </v1:receiveNotificationRequest>
   </soapenv:Body>
</soapenv:Envelope>]]></con:request><con:assertion type="SOAP Fault Assertion" id="aa4d48c9-03b3-44aa-8631-567cec75fd2f" name="Not SOAP Fault"/><con:assertion type="SOAP Response" id="75dcf82c-5808-458a-8a03-5ea4243ba0af" name="SOAP Response"/><con:assertion type="Schema Compliance" id="718e47fe-b275-49e7-8da8-c6295e60b9d4" name="Schema Compliance"><con:configuration/></con:assertion><con:wsaConfig action="http://fidus.brussels/services/messageformeservice/receiveNotification"/></con:request></con:config></con:testStep><con:properties/></con:testCase><con:testCase id="f72bbf82-2bdf-4885-8ee7-46ddadd84658" failOnError="true" failTestCaseOnErrors="true" keepSession="false" maxResults="0" name="deleteNotification" searchProperties="true"><con:settings/><con:testStep type="request" id="9dc90bf6-da2f-47d9-93fa-a81ad3f41a28" name="testcase2 - Dev - Request - OK"><con:settings/><con:config xsi:type="con:RequestStep" xmlns:xsi="http://www.w3.org/2001/XMLSchema-instance"><con:interface>MessageForMeServiceHTTPBinding</con:interface><con:operation>deleteNotification</con:operation><con:request name="testcase2 - Dev - Request - OK" id="535c2754-0925-43b5-a5c2-7a700e9d311b" outgoingWss="Outflow DEV"><con:settings/><con:encoding>UTF-8</con:encoding><con:endpoint>https://192.168.36.61:8243/services/MessageForMeService_v1.0</con:endpoint><con:request><![CDATA[<soapenv:Envelope xmlns:soapenv="http://schemas.xmlsoap.org/soap/envelope/" xmlns:v1="http://fidus.brussels/service/messageformeservice/messages/v1" xmlns:v11="http://fidus.brussels/type/common/messages/v1">
   <soapenv:Header/>
   <soapenv:Body>
      <v1:deleteNotificationRequest>
         <v1:messageContext>
            <v11:messageId>${=import static java.util.UUID.randomUUID; uuid = randomUUID() as String}</v11:messageId>
         </v1:messageContext>
         <v1:legalContext>ServiceIntegrator</v1:legalContext>
         <v1:request>
            <v1:topicId>PersonService</v1:topicId>
            <v1:notificationIds>
               <!--1 to 50 repetitions:-->
               <v1:notificationId>d99920ec-e73f-4ea3-89ee-4943ab152092</v1:notificationId>
            </v1:notificationIds>
         </v1:request>
      </v1:deleteNotificationRequest>
   </soapenv:Body>
</soapenv:Envelope>]]></con:request><con:assertion type="SOAP Fault Assertion" id="cbdf9343-b82d-4b44-8226-47efeb2d300d" name="Not SOAP Fault"/><con:assertion type="SOAP Response" id="082f34c7-a635-466c-8bfe-a895db6b1d9e" name="SOAP Response"/><con:assertion type="Schema Compliance" id="3dc65495-263a-4099-84f5-970b54f7f9c7" name="Schema Compliance"><con:configuration/></con:assertion><con:wsaConfig action="http://fidus.brussels/services/messageformeservice/deleteNotification"/></con:request></con:config></con:testStep><con:properties/></con:testCase><con:properties/></con:testSuite><con:testSuite id="bcbc3b39-086b-40fa-a8ba-3035abe023cf" name="PROD"><con:settings/><con:runType>SEQUENTIAL</con:runType><con:testCase id="5b314e8e-4c2e-46d4-8b0c-859fbf64f8f6" failOnError="true" failTestCaseOnErrors="true" keepSession="false" maxResults="0" name="sendNotification" searchProperties="true"><con:settings/><con:testStep type="request" id="a4a0dc1a-9b6e-4b3a-9958-3cef73d2e987" name="testcase5 - Prod - External - Request"><con:settings/><con:config xsi:type="con:RequestStep" xmlns:xsi="http://www.w3.org/2001/XMLSchema-instance"><con:interface>MessageForMeServiceHTTPBinding</con:interface><con:operation>sendNotification</con:operation><con:request name="testcase5 - Prod - External - Request" id="c94db2b2-3572-417f-a789-d4559d759628" outgoingWss="Outflow PROD"><con:settings/><con:encoding>UTF-8</con:encoding><con:endpoint>https://fidus.sec.brussels/services/MessageForMeService_v1.0</con:endpoint><con:request><![CDATA[<soapenv:Envelope xmlns:soapenv="http://schemas.xmlsoap.org/soap/envelope/" xmlns:v1="http://fidus.brussels/service/messageformeservice/messages/v1" xmlns:v11="http://fidus.brussels/type/common/messages/v1">
   <soapenv:Header/>
   <soapenv:Body>
      <v1:sendNotificationRequest>
         <v1:messageContext>
            <v11:messageId>${=import static java.util.UUID.randomUUID; uuid = randomUUID() as String}</v11:messageId>
         </v1:messageContext>
         <v1:legalContext>ServiceIntegrator</v1:legalContext>
         <v1:request>
            <v1:consumerId>FIDUS-TESTUSER</v1:consumerId>
            <v1:topicId>PersonService</v1:topicId>
            <v1:data><test>test</test></v1:data>
         </v1:request>
      </v1:sendNotificationRequest>
   </soapenv:Body>
</soapenv:Envelope>]]></con:request><con:assertion type="SOAP Fault Assertion" id="c499ca53-ee63-4d21-b10c-5b6aa65dd6e6" name="Not SOAP Fault"/><con:assertion type="SOAP Response" id="d6e18fb9-542b-4dae-9144-f10bedc0aca9" name="SOAP Response"/><con:assertion type="Schema Compliance" id="8e9e7953-ef5f-4ded-b2c2-5441e77bfa1b" name="Schema Compliance"><con:configuration/></con:assertion><con:wsaConfig action="http://fidus.brussels/services/messageformeservice/sendNotification"/></con:request></con:config></con:testStep><con:testStep type="request" id="ad5ae6c3-6c16-4144-b7d5-1e5c0f2a2665" name="testcase5 - Prod - LB - Request"><con:settings/><con:config xsi:type="con:RequestStep" xmlns:xsi="http://www.w3.org/2001/XMLSchema-instance"><con:interface>MessageForMeServiceHTTPBinding</con:interface><con:operation>sendNotification</con:operation><con:request name="testcase5 - Prod - LB - Request" id="516077e9-5f8c-4ca7-85d2-66be541480f4" outgoingWss="Outflow PROD"><con:settings/><con:encoding>UTF-8</con:encoding><con:endpoint>https://fidus-esb-sg.prd.srv.cirb.lan:8443/services/MessageForMeService_v1.0</con:endpoint><con:request><![CDATA[<soapenv:Envelope xmlns:soapenv="http://schemas.xmlsoap.org/soap/envelope/" xmlns:v1="http://fidus.brussels/service/messageformeservice/messages/v1" xmlns:v11="http://fidus.brussels/type/common/messages/v1">
   <soapenv:Header/>
   <soapenv:Body>
      <v1:sendNotificationRequest>
         <v1:messageContext>
            <v11:messageId>${=import static java.util.UUID.randomUUID; uuid = randomUUID() as String}</v11:messageId>
         </v1:messageContext>
         <v1:legalContext>ServiceIntegrator</v1:legalContext>
         <v1:request>
            <v1:consumerId>FIDUS-TESTUSER</v1:consumerId>
            <v1:topicId>PersonService</v1:topicId>
            <v1:data><test>test</test></v1:data>
         </v1:request>
      </v1:sendNotificationRequest>
   </soapenv:Body>
</soapenv:Envelope>]]></con:request><con:assertion type="SOAP Fault Assertion" id="5767f31b-4e54-48e1-a590-1e558ca83732" name="Not SOAP Fault"/><con:assertion type="SOAP Response" id="b623d98c-9afc-4fef-b088-055122e95908" name="SOAP Response"/><con:assertion type="Schema Compliance" id="98388243-5ed0-4836-bbd9-9e1a6ed07c54" name="Schema Compliance"><con:configuration/></con:assertion><con:wsaConfig action="http://fidus.brussels/services/messageformeservice/sendNotification"/></con:request></con:config></con:testStep><con:testStep type="request" id="c607c7dd-fb2a-4aab-9c6a-e48247b9476e" name="testcase5 - Prod - Worker1 - Request"><con:settings/><con:config xsi:type="con:RequestStep" xmlns:xsi="http://www.w3.org/2001/XMLSchema-instance"><con:interface>MessageForMeServiceHTTPBinding</con:interface><con:operation>sendNotification</con:operation><con:request name="testcase5 - Prod - Worker1 - Request" id="1e6aa520-a13a-4434-957d-2a1efc03de7b" outgoingWss="Outflow PROD"><con:settings/><con:encoding>UTF-8</con:encoding><con:endpoint>https://192.168.26.22:8443/services/MessageForMeService_v1.0</con:endpoint><con:request><![CDATA[<soapenv:Envelope xmlns:soapenv="http://schemas.xmlsoap.org/soap/envelope/" xmlns:v1="http://fidus.brussels/service/messageformeservice/messages/v1" xmlns:v11="http://fidus.brussels/type/common/messages/v1">
   <soapenv:Header/>
   <soapenv:Body>
      <v1:sendNotificationRequest>
         <v1:messageContext>
            <v11:messageId>${=import static java.util.UUID.randomUUID; uuid = randomUUID() as String}</v11:messageId>
         </v1:messageContext>
         <v1:legalContext>ServiceIntegrator</v1:legalContext>
         <v1:request>
            <v1:consumerId>FIDUS-TESTUSER</v1:consumerId>
            <v1:topicId>PersonService</v1:topicId>
            <v1:data><test>test</test></v1:data>
         </v1:request>
      </v1:sendNotificationRequest>
   </soapenv:Body>
</soapenv:Envelope>]]></con:request><con:assertion type="SOAP Fault Assertion" id="a3538f18-3d18-48a8-961f-28c5b0cd3c21" name="Not SOAP Fault"/><con:assertion type="SOAP Response" id="be71a52f-676d-4327-81cf-b6b54cc32c3a" name="SOAP Response"/><con:assertion type="Schema Compliance" id="6e3d86c0-5371-418f-9893-799ab7d8c078" name="Schema Compliance"><con:configuration/></con:assertion><con:wsaConfig action="http://fidus.brussels/services/messageformeservice/sendNotification"/></con:request></con:config></con:testStep><con:testStep type="request" id="017dd5fe-3eb4-4a4c-9e47-507af7f24077" name="testcase5 - Prod - Worker2 - Request"><con:settings/><con:config xsi:type="con:RequestStep" xmlns:xsi="http://www.w3.org/2001/XMLSchema-instance"><con:interface>MessageForMeServiceHTTPBinding</con:interface><con:operation>sendNotification</con:operation><con:request name="testcase5 - Prod - Worker2 - Request" id="00ba77b1-a094-4f60-9932-6a26520d659a" outgoingWss="Outflow PROD"><con:settings/><con:encoding>UTF-8</con:encoding><con:endpoint>https://192.168.26.19:8443/services/MessageForMeService_v1.0</con:endpoint><con:request><![CDATA[<soapenv:Envelope xmlns:soapenv="http://schemas.xmlsoap.org/soap/envelope/" xmlns:v1="http://fidus.brussels/service/messageformeservice/messages/v1" xmlns:v11="http://fidus.brussels/type/common/messages/v1">
   <soapenv:Header/>
   <soapenv:Body>
      <v1:sendNotificationRequest>
         <v1:messageContext>
            <v11:messageId>${=import static java.util.UUID.randomUUID; uuid = randomUUID() as String}</v11:messageId>
         </v1:messageContext>
         <v1:legalContext>ServiceIntegrator</v1:legalContext>
         <v1:request>
            <v1:consumerId>FIDUS-TESTUSER</v1:consumerId>
            <v1:topicId>PersonService</v1:topicId>
            <v1:data><test>test</test></v1:data>
         </v1:request>
      </v1:sendNotificationRequest>
   </soapenv:Body>
</soapenv:Envelope>]]></con:request><con:assertion type="SOAP Fault Assertion" id="a30bcd09-6d91-4d24-8418-b43bb953a263" name="Not SOAP Fault"/><con:assertion type="SOAP Response" id="097cfdda-a0cc-49e5-a0e4-dc9c9ad28948" name="SOAP Response"/><con:assertion type="Schema Compliance" id="c5446be1-96ef-4e5f-9c5e-aa4ab251d02e" name="Schema Compliance"><con:configuration/></con:assertion><con:wsaConfig action="http://fidus.brussels/services/messageformeservice/sendNotification"/></con:request></con:config></con:testStep><con:properties/></con:testCase><con:testCase id="ce2ce7ab-e23f-42d1-be13-f369ab25cf55" failOnError="true" failTestCaseOnErrors="true" keepSession="false" maxResults="0" name="receiveNotification" searchProperties="true"><con:settings/><con:testStep type="request" id="b18a9827-464a-477b-9497-a9c491c1fefb" name="testcase5 - Prod - External - Request"><con:settings/><con:config xsi:type="con:RequestStep" xmlns:xsi="http://www.w3.org/2001/XMLSchema-instance"><con:interface>MessageForMeServiceHTTPBinding</con:interface><con:operation>receiveNotification</con:operation><con:request name="testcase5 - Prod - External - Request" id="f3b685c1-ac32-445a-ab1c-67b7b1c1e544" outgoingWss="Outflow PROD"><con:settings/><con:encoding>UTF-8</con:encoding><con:endpoint>https://fidus.sec.brussels/services/MessageForMeService_v1.0</con:endpoint><con:request><![CDATA[<soapenv:Envelope xmlns:soapenv="http://schemas.xmlsoap.org/soap/envelope/" xmlns:v1="http://fidus.brussels/service/messageformeservice/messages/v1" xmlns:v11="http://fidus.brussels/type/common/messages/v1">
   <soapenv:Header/>
   <soapenv:Body>
      <v1:receiveNotificationRequest>
         <v1:messageContext>
            <v11:messageId>${=import static java.util.UUID.randomUUID; uuid = randomUUID() as String}</v11:messageId>
         </v1:messageContext>
         <v1:legalContext>ServiceIntegrator</v1:legalContext>
         <v1:request>
            <v1:topicId>PersonService</v1:topicId>
            <v1:waitTimeSeconds>10</v1:waitTimeSeconds>
            <v1:maxNumberOfNotifications>10</v1:maxNumberOfNotifications>
            <v1:autoDelete>false</v1:autoDelete>
         </v1:request>
      </v1:receiveNotificationRequest>
   </soapenv:Body>
</soapenv:Envelope>]]></con:request><con:assertion type="SOAP Fault Assertion" id="7f7959a4-5353-4863-8c30-b646fe7fb0e6" name="Not SOAP Fault"/><con:assertion type="SOAP Response" id="77bf1fda-a509-49b4-8cf0-9bc02974f123" name="SOAP Response"/><con:assertion type="Schema Compliance" id="3e63d8d0-b232-4770-8b32-32f03782c465" name="Schema Compliance"><con:configuration/></con:assertion><con:wsaConfig action="http://fidus.brussels/services/messageformeservice/receiveNotification"/></con:request></con:config></con:testStep><con:testStep type="request" id="a7a7e5dd-4ce4-471c-bc65-d0997c35019f" name="testcase5 - Prod - LB - Request"><con:settings/><con:config xsi:type="con:RequestStep" xmlns:xsi="http://www.w3.org/2001/XMLSchema-instance"><con:interface>MessageForMeServiceHTTPBinding</con:interface><con:operation>receiveNotification</con:operation><con:request name="testcase5 - Prod - LB - Request" id="47db5e57-d13b-4908-ac69-edac517a108b" outgoingWss="Outflow PROD"><con:settings/><con:encoding>UTF-8</con:encoding><con:endpoint>https://fidus-esb-sg.prd.srv.cirb.lan:8443/services/MessageForMeService_v1.0</con:endpoint><con:request><![CDATA[<soapenv:Envelope xmlns:soapenv="http://schemas.xmlsoap.org/soap/envelope/" xmlns:v1="http://fidus.brussels/service/messageformeservice/messages/v1" xmlns:v11="http://fidus.brussels/type/common/messages/v1">
   <soapenv:Header/>
   <soapenv:Body>
      <v1:receiveNotificationRequest>
         <v1:messageContext>
            <v11:messageId>${=import static java.util.UUID.randomUUID; uuid = randomUUID() as String}</v11:messageId>
         </v1:messageContext>
         <v1:legalContext>ServiceIntegrator</v1:legalContext>
         <v1:request>
            <v1:topicId>PersonService</v1:topicId>
            <v1:waitTimeSeconds>10</v1:waitTimeSeconds>
            <v1:maxNumberOfNotifications>10</v1:maxNumberOfNotifications>
            <v1:autoDelete>false</v1:autoDelete>
         </v1:request>
      </v1:receiveNotificationRequest>
   </soapenv:Body>
</soapenv:Envelope>]]></con:request><con:assertion type="SOAP Fault Assertion" id="fb4be3ea-1009-4f0a-a1e8-b5b76409f7e3" name="Not SOAP Fault"/><con:assertion type="SOAP Response" id="b57eb1aa-eca1-4093-8466-64a505734fb3" name="SOAP Response"/><con:assertion type="Schema Compliance" id="3a2cbfad-f4dd-4924-affd-17cbef6c0697" name="Schema Compliance"><con:configuration/></con:assertion><con:wsaConfig action="http://fidus.brussels/services/messageformeservice/receiveNotification"/></con:request></con:config></con:testStep><con:testStep type="request" id="21240b53-dbfc-4f8e-9b6b-d04bb75276ee" name="testcase5 - Prod - Worker1 - Request"><con:settings/><con:config xsi:type="con:RequestStep" xmlns:xsi="http://www.w3.org/2001/XMLSchema-instance"><con:interface>MessageForMeServiceHTTPBinding</con:interface><con:operation>receiveNotification</con:operation><con:request name="testcase5 - Prod - Worker1 - Request" id="6bdc7bbe-56e2-4dda-a262-4df88dc82b6e" outgoingWss="Outflow PROD"><con:settings/><con:encoding>UTF-8</con:encoding><con:endpoint>https://192.168.26.22:8443/services/MessageForMeService_v1.0</con:endpoint><con:request><![CDATA[<soapenv:Envelope xmlns:soapenv="http://schemas.xmlsoap.org/soap/envelope/" xmlns:v1="http://fidus.brussels/service/messageformeservice/messages/v1" xmlns:v11="http://fidus.brussels/type/common/messages/v1">
   <soapenv:Header/>
   <soapenv:Body>
      <v1:receiveNotificationRequest>
         <v1:messageContext>
            <v11:messageId>${=import static java.util.UUID.randomUUID; uuid = randomUUID() as String}</v11:messageId>
         </v1:messageContext>
         <v1:legalContext>ServiceIntegrator</v1:legalContext>
         <v1:request>
            <v1:topicId>PersonService</v1:topicId>
            <v1:waitTimeSeconds>10</v1:waitTimeSeconds>
            <v1:maxNumberOfNotifications>10</v1:maxNumberOfNotifications>
            <v1:autoDelete>false</v1:autoDelete>
         </v1:request>
      </v1:receiveNotificationRequest>
   </soapenv:Body>
</soapenv:Envelope>]]></con:request><con:assertion type="SOAP Fault Assertion" id="8ecb8759-cc91-4972-b66c-695e96f301f6" name="Not SOAP Fault"/><con:assertion type="SOAP Response" id="6df53914-c54f-4340-b6e5-7f96bccb3905" name="SOAP Response"/><con:assertion type="Schema Compliance" id="b412be70-ed05-4100-b395-40131fced425" name="Schema Compliance"><con:configuration/></con:assertion><con:wsaConfig action="http://fidus.brussels/services/messageformeservice/receiveNotification"/></con:request></con:config></con:testStep><con:testStep type="request" id="6c2da5e8-1861-466e-aa42-c95d0608134d" name="testcase5 - Prod - Worker2 - Request"><con:settings/><con:config xsi:type="con:RequestStep" xmlns:xsi="http://www.w3.org/2001/XMLSchema-instance"><con:interface>MessageForMeServiceHTTPBinding</con:interface><con:operation>receiveNotification</con:operation><con:request name="testcase5 - Prod - Worker2 - Request" id="5bbae50a-8443-437a-9ae6-2cd219f5a3e0" outgoingWss="Outflow PROD"><con:settings/><con:encoding>UTF-8</con:encoding><con:endpoint>https://192.168.26.19:8443/services/MessageForMeService_v1.0</con:endpoint><con:request><![CDATA[<soapenv:Envelope xmlns:soapenv="http://schemas.xmlsoap.org/soap/envelope/" xmlns:v1="http://fidus.brussels/service/messageformeservice/messages/v1" xmlns:v11="http://fidus.brussels/type/common/messages/v1">
   <soapenv:Header/>
   <soapenv:Body>
      <v1:receiveNotificationRequest>
         <v1:messageContext>
            <v11:messageId>${=import static java.util.UUID.randomUUID; uuid = randomUUID() as String}</v11:messageId>
         </v1:messageContext>
         <v1:legalContext>ServiceIntegrator</v1:legalContext>
         <v1:request>
            <v1:topicId>PersonService</v1:topicId>
            <v1:waitTimeSeconds>10</v1:waitTimeSeconds>
            <v1:maxNumberOfNotifications>10</v1:maxNumberOfNotifications>
            <v1:autoDelete>false</v1:autoDelete>
         </v1:request>
      </v1:receiveNotificationRequest>
   </soapenv:Body>
</soapenv:Envelope>]]></con:request><con:assertion type="SOAP Fault Assertion" id="7592d11e-63a7-43e8-b3d8-de4aa82e9b35" name="Not SOAP Fault"/><con:assertion type="SOAP Response" id="50398820-18e6-4bb5-8c50-b5b1719fb9bc" name="SOAP Response"/><con:assertion type="Schema Compliance" id="a9fc75c3-50cf-4097-be66-7d42d994c431" name="Schema Compliance"><con:configuration/></con:assertion><con:wsaConfig action="http://fidus.brussels/services/messageformeservice/receiveNotification"/></con:request></con:config></con:testStep><con:properties/></con:testCase><con:testCase id="6cdcd160-5069-45af-9e50-05111903bc1d" failOnError="true" failTestCaseOnErrors="true" keepSession="false" maxResults="0" name="deleteNotification" searchProperties="true"><con:settings/><con:testStep type="request" id="6e68db12-b65d-46e0-a62d-6815ab6aa106" name="testcase5 - Prod - External - Request"><con:settings/><con:config xsi:type="con:RequestStep" xmlns:xsi="http://www.w3.org/2001/XMLSchema-instance"><con:interface>MessageForMeServiceHTTPBinding</con:interface><con:operation>deleteNotification</con:operation><con:request name="testcase5 - Prod - External - Request" id="18be364d-72f6-40d5-87a5-61805da4abdd" outgoingWss="Outflow PROD"><con:settings/><con:encoding>UTF-8</con:encoding><con:endpoint>https://fidus.sec.brussels/services/MessageForMeService_v1.0</con:endpoint><con:request><![CDATA[<soapenv:Envelope xmlns:soapenv="http://schemas.xmlsoap.org/soap/envelope/" xmlns:v1="http://fidus.brussels/service/messageformeservice/messages/v1" xmlns:v11="http://fidus.brussels/type/common/messages/v1">
   <soapenv:Header/>
   <soapenv:Body>
      <v1:deleteNotificationRequest>
         <v1:messageContext>
            <v11:messageId>${=import static java.util.UUID.randomUUID; uuid = randomUUID() as String}</v11:messageId>
         </v1:messageContext>
         <v1:legalContext>ServiceIntegrator</v1:legalContext>
         <v1:request>
            <v1:topicId>PersonService</v1:topicId>
            <v1:notificationIds>
               <!--1 to 50 repetitions:-->
               <v1:notificationId>d99920ec-e73f-4ea3-89ee-4943ab152092</v1:notificationId>
            </v1:notificationIds>
         </v1:request>
      </v1:deleteNotificationRequest>
   </soapenv:Body>
</soapenv:Envelope>]]></con:request><con:assertion type="SOAP Fault Assertion" id="a9b4aeec-f7c7-4d76-9a63-29b5828963e2" name="Not SOAP Fault"/><con:assertion type="SOAP Response" id="5dfb9401-b76f-4055-8161-cc3aee20e6c8" name="SOAP Response"/><con:assertion type="Schema Compliance" id="d3b55919-a0e7-4996-b85a-4932d67f4c2c" name="Schema Compliance"><con:configuration/></con:assertion><con:wsaConfig action="http://fidus.brussels/services/messageformeservice/deleteNotification"/></con:request></con:config></con:testStep><con:testStep type="request" id="568b786b-2b7b-4c7d-8ad2-35140d6dd97a" name="testcase5 - Prod - LB - Request"><con:settings/><con:config xsi:type="con:RequestStep" xmlns:xsi="http://www.w3.org/2001/XMLSchema-instance"><con:interface>MessageForMeServiceHTTPBinding</con:interface><con:operation>deleteNotification</con:operation><con:request name="testcase5 - Prod - LB - Request" id="9d0c1bb6-13e5-4535-915a-c98a6c748198" outgoingWss="Outflow PROD"><con:settings/><con:encoding>UTF-8</con:encoding><con:endpoint>https://fidus-esb-sg.prd.srv.cirb.lan:8443/services/MessageForMeService_v1.0</con:endpoint><con:request><![CDATA[<soapenv:Envelope xmlns:soapenv="http://schemas.xmlsoap.org/soap/envelope/" xmlns:v1="http://fidus.brussels/service/messageformeservice/messages/v1" xmlns:v11="http://fidus.brussels/type/common/messages/v1">
   <soapenv:Header/>
   <soapenv:Body>
      <v1:deleteNotificationRequest>
         <v1:messageContext>
            <v11:messageId>${=import static java.util.UUID.randomUUID; uuid = randomUUID() as String}</v11:messageId>
         </v1:messageContext>
         <v1:legalContext>ServiceIntegrator</v1:legalContext>
         <v1:request>
            <v1:topicId>PersonService</v1:topicId>
            <v1:notificationIds>
               <!--1 to 50 repetitions:-->
               <v1:notificationId>d99920ec-e73f-4ea3-89ee-4943ab152092</v1:notificationId>
            </v1:notificationIds>
         </v1:request>
      </v1:deleteNotificationRequest>
   </soapenv:Body>
</soapenv:Envelope>]]></con:request><con:assertion type="SOAP Fault Assertion" id="a45afafd-eaf9-4340-a2f4-65c6dcc518a0" name="Not SOAP Fault"/><con:assertion type="SOAP Response" id="1be95fe3-ca70-4d16-8d93-1f49a6925259" name="SOAP Response"/><con:assertion type="Schema Compliance" id="5cdd2d92-6bd1-4378-b8be-a6b49e27ab43" name="Schema Compliance"><con:configuration/></con:assertion><con:wsaConfig action="http://fidus.brussels/services/messageformeservice/deleteNotification"/></con:request></con:config></con:testStep><con:testStep type="request" id="3e16ba2a-9918-4e78-8b03-71a5d0644fdb" name="testcase5 - Prod - Worker1 - Request"><con:settings/><con:config xsi:type="con:RequestStep" xmlns:xsi="http://www.w3.org/2001/XMLSchema-instance"><con:interface>MessageForMeServiceHTTPBinding</con:interface><con:operation>deleteNotification</con:operation><con:request name="testcase5 - Prod - Worker1 - Request" id="b7f99a86-3669-40c4-b008-c9033712f2b8" outgoingWss="Outflow PROD"><con:settings/><con:encoding>UTF-8</con:encoding><con:endpoint>https://192.168.26.22:8443/services/MessageForMeService_v1.0</con:endpoint><con:request><![CDATA[<soapenv:Envelope xmlns:soapenv="http://schemas.xmlsoap.org/soap/envelope/" xmlns:v1="http://fidus.brussels/service/messageformeservice/messages/v1" xmlns:v11="http://fidus.brussels/type/common/messages/v1">
   <soapenv:Header/>
   <soapenv:Body>
      <v1:deleteNotificationRequest>
         <v1:messageContext>
            <v11:messageId>${=import static java.util.UUID.randomUUID; uuid = randomUUID() as String}</v11:messageId>
         </v1:messageContext>
         <v1:legalContext>ServiceIntegrator</v1:legalContext>
         <v1:request>
            <v1:topicId>PersonService</v1:topicId>
            <v1:notificationIds>
               <!--1 to 50 repetitions:-->
               <v1:notificationId>d99920ec-e73f-4ea3-89ee-4943ab152092</v1:notificationId>
            </v1:notificationIds>
         </v1:request>
      </v1:deleteNotificationRequest>
   </soapenv:Body>
</soapenv:Envelope>]]></con:request><con:assertion type="SOAP Fault Assertion" id="d015814b-65fd-4a21-9085-eb9d042055f6" name="Not SOAP Fault"/><con:assertion type="SOAP Response" id="55f38ae3-edae-4615-aedf-23ab6872b7b6" name="SOAP Response"/><con:assertion type="Schema Compliance" id="3564dc28-e80c-49f4-b16f-6a2130867e4d" name="Schema Compliance"><con:configuration/></con:assertion><con:wsaConfig action="http://fidus.brussels/services/messageformeservice/deleteNotification"/></con:request></con:config></con:testStep><con:testStep type="request" id="50c4a400-7177-4de8-a6c0-bc65a548447b" name="testcase5 - Prod - Worker2 - Request"><con:settings/><con:config xsi:type="con:RequestStep" xmlns:xsi="http://www.w3.org/2001/XMLSchema-instance"><con:interface>MessageForMeServiceHTTPBinding</con:interface><con:operation>deleteNotification</con:operation><con:request name="testcase5 - Prod - Worker2 - Request" id="42187c62-c0bc-42a9-94b3-6e19b54a7777" outgoingWss="Outflow PROD"><con:settings/><con:encoding>UTF-8</con:encoding><con:endpoint>https://192.168.26.19:8443/services/MessageForMeService_v1.0</con:endpoint><con:request><![CDATA[<soapenv:Envelope xmlns:soapenv="http://schemas.xmlsoap.org/soap/envelope/" xmlns:v1="http://fidus.brussels/service/messageformeservice/messages/v1" xmlns:v11="http://fidus.brussels/type/common/messages/v1">
   <soapenv:Header/>
   <soapenv:Body>
      <v1:deleteNotificationRequest>
         <v1:messageContext>
            <v11:messageId>${=import static java.util.UUID.randomUUID; uuid = randomUUID() as String}</v11:messageId>
         </v1:messageContext>
         <v1:legalContext>ServiceIntegrator</v1:legalContext>
         <v1:request>
            <v1:topicId>PersonService</v1:topicId>
            <v1:notificationIds>
               <!--1 to 50 repetitions:-->
               <v1:notificationId>d99920ec-e73f-4ea3-89ee-4943ab152092</v1:notificationId>
            </v1:notificationIds>
         </v1:request>
      </v1:deleteNotificationRequest>
   </soapenv:Body>
</soapenv:Envelope>]]></con:request><con:assertion type="SOAP Fault Assertion" id="457cc347-83a3-45b1-97df-cd2c756539df" name="Not SOAP Fault"/><con:assertion type="SOAP Response" id="c4967095-9add-4b97-8860-1d613ec06d2d" name="SOAP Response"/><con:assertion type="Schema Compliance" id="bf74f855-d9fb-4f2e-83c7-7a227ef53968" name="Schema Compliance"><con:configuration/></con:assertion><con:wsaConfig action="http://fidus.brussels/services/messageformeservice/deleteNotification"/></con:request></con:config></con:testStep><con:properties/></con:testCase><con:properties/></con:testSuite><con:properties/><con:wssContainer><con:crypto><con:source>data/wso2/keystores/user-rajarshi.jks</con:source><con:password>test@fidus01</con:password><con:type>KEYSTORE</con:type></con:crypto><con:outgoing><con:name>Outflow TEST</con:name><con:entry type="Signature" username="testuser-test.fidus.brussels" password="test@fidus01"><con:configuration><crypto>user-rajarshi.jks</crypto><keyIdentifierType>3</keyIdentifierType><signatureAlgorithm/><signatureCanonicalization/><useSingleCert>true</useSingleCert><digestAlgorithm/><customTokenValueType/><customTokenId/></con:configuration></con:entry><con:entry type="Timestamp"><con:configuration><timeToLive>300000</timeToLive><strictTimestamp>true</strictTimestamp></con:configuration></con:entry></con:outgoing><con:outgoing><con:name>Outflow STAG</con:name></con:outgoing><con:outgoing><con:name>Outflow DEV</con:name></con:outgoing><con:outgoing><con:name>Outflow PROD</con:name></con:outgoing></con:wssContainer><con:oAuth2ProfileContainer/><con:sensitiveInformation/></con:soapui-project>