<?xml version="1.0" encoding="UTF-8"?>
<con:soapui-project id="11b404ed-5013-42b2-92a9-013432525abe" activeEnvironment="Default" name="Client-LowEmissionZoneService-1.1-soapui-project" resourceRoot="" soapui-version="5.1.3" abortOnError="false" runType="SEQUENTIAL" xmlns:con="http://eviware.com/soapui/config"><con:settings/><con:interface xsi:type="con:WsdlInterface" id="548e423b-90e0-4e19-b45f-01f908a20276" wsaVersion="NONE" name="LowEmissionZoneServiceHTTPBinding" type="wsdl" bindingName="{http://fidus.brussels/service/lowemissionzoneservice/v1.1}LowEmissionZoneServiceHTTPBinding" soapVersion="1_1" anonymous="optional" definition="file:/home/isr/git/parent/lowemissionzoneservice_1.1/LowEmissionZoneServiceGateway/src/main/resources/wsdl/lowEmissionZoneService/1.1.0/LowEmissionZoneService_v1.1.wsdl" xmlns:xsi="http://www.w3.org/2001/XMLSchema-instance"><con:settings/><con:definitionCache type="TEXT" rootPart="file:/home/isr/git/parent/lowemissionzoneservice_1.1/LowEmissionZoneServiceGateway/src/main/resources/wsdl/lowEmissionZoneService/1.1.0/LowEmissionZoneService_v1.1.wsdl"><con:part><con:url>file:/home/isr/git/parent/lowemissionzoneservice_1.1/LowEmissionZoneServiceGateway/src/main/resources/wsdl/lowEmissionZoneService/1.1.0/LowEmissionZoneService_v1.1.wsdl</con:url><con:content><![CDATA[<wsdl:definitions targetNamespace="http://fidus.brussels/service/lowemissionzoneservice/v1.1" name="LowEmissionZoneService" xmlns:soap="http://schemas.xmlsoap.org/wsdl/soap/" xmlns:wsdl="http://schemas.xmlsoap.org/wsdl/" xmlns:xsd="http://www.w3.org/2001/XMLSchema" xmlns:mes="http://fidus.brussels/service/lowemissionzoneservice/messages/v1.1" xmlns:tns="http://fidus.brussels/service/lowemissionzoneservice/v1.1">
  <xsd:annotation>
    <xsd:documentation>LowEmissionZoneService WDSL v1.1</xsd:documentation>
  </xsd:annotation>
  <wsdl:types>
    <xsd:schema targetNamespace="http://fidus.brussels/service/lowemissionzoneservice/v1.1" elementFormDefault="qualified">
      <xsd:import namespace="http://fidus.brussels/service/lowemissionzoneservice/messages/v1.1" schemaLocation="messages/lowEmissionZoneServiceMessages_v1.1.xsd"/>
    </xsd:schema>
  </wsdl:types>
  <wsdl:message name="sendFormRequestMessage">
    <wsdl:part name="SendFormRequest" element="mes:sendFormRequest"/>
  </wsdl:message>
  <wsdl:message name="sendFormResponseMessage">
    <wsdl:part name="SendFormResponse" element="mes:sendFormResponse"/>
  </wsdl:message>
  <wsdl:portType name="LowEmissionZoneServicePortType">
    <wsdl:operation name="sendForm">
      <wsdl:input message="tns:sendFormRequestMessage"/>
      <wsdl:output message="tns:sendFormResponseMessage"/>
    </wsdl:operation>
  </wsdl:portType>
  <wsdl:binding name="LowEmissionZoneServiceHTTPBinding" type="tns:LowEmissionZoneServicePortType">
    <soap:binding style="document" transport="http://schemas.xmlsoap.org/soap/http"/>
    <wsdl:operation name="sendForm">
      <soap:operation soapAction="http://fidus.brussels/services/lowemissionzoneservice/sendForm"/>
      <wsdl:input>
        <soap:body use="literal"/>
      </wsdl:input>
      <wsdl:output>
        <soap:body use="literal"/>
      </wsdl:output>
    </wsdl:operation>
  </wsdl:binding>
  <wsdl:service name="LowEmissionZoneService_v1.1">
    <wsdl:port name="LowEmissionZoneService_v1.1" binding="tns:LowEmissionZoneServiceHTTPBinding">
      <soap:address location="http://fidus.brussels/services/lowemissionzoneservice/v1.1"/>
    </wsdl:port>
  </wsdl:service>
</wsdl:definitions>]]></con:content><con:type>http://schemas.xmlsoap.org/wsdl/</con:type></con:part><con:part><con:url>file:/home/isr/git/parent/lowemissionzoneservice_1.1/LowEmissionZoneServiceGateway/src/main/resources/wsdl/lowEmissionZoneService/1.1.0/messages/lowEmissionZoneServiceMessages_v1.1.xsd</con:url><con:content><![CDATA[<xsd:schema targetNamespace="http://fidus.brussels/service/lowemissionzoneservice/messages/v1.1" elementFormDefault="qualified" attributeFormDefault="unqualified" version="1.0" xmlns:xsd="http://www.w3.org/2001/XMLSchema" xmlns:cme="http://fidus.brussels/type/common/messages/v1" xmlns:exc="http://fidus.brussels/type/common/exceptions/v1" xmlns:tns="http://fidus.brussels/service/lowemissionzoneservice/messages/v1.1">
  <xsd:import namespace="http://fidus.brussels/type/common/messages/v1" schemaLocation="baseMessageTypes_v1.xsd"/>
  <xsd:import namespace="http://fidus.brussels/type/common/exceptions/v1" schemaLocation="exceptionTypes_v1.xsd"/>
  <xsd:complexType name="LowEmissionZoneServiceRequestType">
    <xsd:annotation>
      <xsd:documentation>List of the identifiers which are requested</xsd:documentation>
    </xsd:annotation>
    <xsd:sequence>
      <xsd:element name="ids" type="tns:ListOfIds">
        <xsd:annotation>
          <xsd:documentation>List of ids</xsd:documentation>
        </xsd:annotation>
      </xsd:element>
    </xsd:sequence>
  </xsd:complexType>
  <xsd:complexType name="SendFormRequestTypeType">
    <xsd:annotation>
      <xsd:documentation></xsd:documentation>
    </xsd:annotation>
    <xsd:sequence>
      <xsd:element name="applicationName" type="xsd:string"/>
      <xsd:element name="formName" type="xsd:string"/>
      <xsd:element name="formKey" type="xsd:string"/>
    </xsd:sequence>
  </xsd:complexType>
  <xsd:complexType name="ListOfIds">
    <xsd:sequence>
      <xsd:element name="id" type="tns:id" minOccurs="1" maxOccurs="unbounded" nillable="false"/>
    </xsd:sequence>
  </xsd:complexType>
  <xsd:simpleType name="id">
    <xsd:restriction base="xsd:string">
      <xsd:pattern value="[a-zA-Z0-9]{24,}"/>
    </xsd:restriction>
  </xsd:simpleType>
  <!--Request getLowEmissionZoneService definition-->
  <xsd:complexType name="GetPhotoRequestType">
    <xsd:sequence>
      <xsd:element name="messageContext" type="cme:RequestMessageContextType"/>
      <xsd:element name="legalContext" type="cme:LegalContextType"/>
      <xsd:element name="request" type="tns:LowEmissionZoneServiceRequestType"/>
    </xsd:sequence>
  </xsd:complexType>
  <xsd:complexType name="SendFormRequestType">
    <xsd:sequence>
      <xsd:element name="messageContext" type="cme:RequestMessageContextType"/>
      <xsd:element name="legalContext" type="cme:LegalContextType"/>
      <xsd:element name="request" type="tns:SendFormRequestTypeType"/>
    </xsd:sequence>
  </xsd:complexType>
  <!--Request getLowEmissionZoneService definition-->
  <xsd:complexType name="GetPhotoResponseType">
    <xsd:sequence>
      <xsd:element name="messageContext" type="cme:ResponseMessageContextType"/>
      <xsd:element name="responses" type="tns:ResponsesType" minOccurs="0"/>
      <xsd:element name="exceptions" type="exc:ExceptionsType" minOccurs="0">
        <xsd:annotation>
          <xsd:documentation>Technical errors that occur when processing the
						message context e.g. insufficient rights.</xsd:documentation>
        </xsd:annotation>
      </xsd:element>
    </xsd:sequence>
  </xsd:complexType>
  <xsd:complexType name="SendFormResponseType">
    <xsd:sequence>
      <xsd:element name="messageContext" type="cme:ResponseMessageContextType"/>
      <xsd:element name="responses" type="tns:ResponsesTypeType" minOccurs="0"/>
      <xsd:element name="exceptions" type="exc:ExceptionsType" minOccurs="0">
        <xsd:annotation>
          <xsd:documentation>Technical errors that occur when processing the
        					message context e.g. insufficient rights.</xsd:documentation>
        </xsd:annotation>
      </xsd:element>
    </xsd:sequence>
  </xsd:complexType>
  <xsd:complexType name="ResponsesType">
    <xsd:sequence>
      <xsd:element name="response" type="tns:ResponseType" minOccurs="1" maxOccurs="1"/>
    </xsd:sequence>
  </xsd:complexType>
  <xsd:complexType name="ResponsesTypeType">
    <xsd:sequence>
      <xsd:element name="response" type="tns:SendFormResponseTypeType" minOccurs="1" maxOccurs="1"/>
    </xsd:sequence>
  </xsd:complexType>
  <xsd:complexType name="ResponseType">
    <xsd:sequence>
      <xsd:element name="photos" type="tns:photos" minOccurs="0"/>
    </xsd:sequence>
  </xsd:complexType>
  <xsd:complexType name="SendFormResponseTypeType">
    <xsd:sequence>
      <xsd:element name="status" type="xsd:string" minOccurs="0"/>
    </xsd:sequence>
  </xsd:complexType>
  <xsd:complexType name="photos">
    <xsd:sequence>
      <xsd:element name="photo" type="tns:photo" minOccurs="1" maxOccurs="unbounded"/>
    </xsd:sequence>
  </xsd:complexType>
  <xsd:complexType name="photo">
    <xsd:sequence>
      <xsd:element name="binary" type="tns:AttachmentType" minOccurs="0" maxOccurs="unbounded"/>
      <xsd:element name="exceptions" type="exc:ExceptionsType" minOccurs="0">
        <xsd:annotation>
          <xsd:documentation>Business exceptions that occur when processing
                        the request or response e.g. missing data for a single response
                        element.
                        Exceptions at this level may contain back-end specific
                        codes and content.</xsd:documentation>
        </xsd:annotation>
      </xsd:element>
    </xsd:sequence>
  </xsd:complexType>
  <xsd:simpleType name="AttachmentType">
    <xsd:restriction base="xsd:base64Binary"/>
  </xsd:simpleType>
  <!--Element of the request and the response-->
  <xsd:element name="getPhotoRequest" type="tns:GetPhotoRequestType"/>
  <xsd:element name="getPhotoResponse" type="tns:GetPhotoResponseType"/>
  <xsd:element name="sendFormRequest" type="tns:SendFormRequestType"/>
  <xsd:element name="sendFormResponse" type="tns:SendFormResponseType"/>
</xsd:schema>]]></con:content><con:type>http://www.w3.org/2001/XMLSchema</con:type></con:part><con:part><con:url>file:/home/isr/git/parent/lowemissionzoneservice_1.1/LowEmissionZoneServiceGateway/src/main/resources/wsdl/lowEmissionZoneService/1.1.0/messages/baseMessageTypes_v1.xsd</con:url><con:content><![CDATA[<xsd:schema targetNamespace="http://fidus.brussels/type/common/messages/v1" elementFormDefault="qualified" attributeFormDefault="unqualified" version="1.0" xmlns:xsd="http://www.w3.org/2001/XMLSchema" xmlns:cmn="http://fidus.brussels/type/common/v1" xmlns:tns="http://fidus.brussels/type/common/messages/v1">
  <!--Unformatted message Id-->
  <xsd:simpleType name="MessageIdType">
    <xsd:restriction base="xsd:string">
      <xsd:minLength value="1"/>
      <xsd:maxLength value="64"/>
    </xsd:restriction>
  </xsd:simpleType>
  <!--National Number of the person. Format depending on the Register-->
  <xsd:simpleType name="PersonNumberType">
    <xsd:restriction base="xsd:string">
      <xsd:pattern value="[0-9][0-9](([0][0-9])|([1][0-2]))(([0-2][0-9])|([3][0-1]))(([0-9]{2}[1-9])|([0-9][1-9][0-9])|([1-9][0-9]{2}))(([0-8][0-9])|([9][0-7]))">
        <xsd:annotation>
          <xsd:documentation>National Register format</xsd:documentation>
        </xsd:annotation>
      </xsd:pattern>
      <xsd:pattern value="[0-9][0-9](([2][0-9])|([3][0-2]))(([0-2][0-9])|([3][0-1]))[0-9]{3}(([0-8][0-9])|([9][0-7]))">
        <xsd:annotation>
          <xsd:documentation>CBSS Register format: Bis Register</xsd:documentation>
        </xsd:annotation>
      </xsd:pattern>
      <xsd:pattern value="[0-9][0-9](([4][0-9])|([5][0-2]))(([0-2][0-9])|([3][0-1]))[0-9]{3}(([0-8][0-9])|([9][0-7]))">
        <xsd:annotation>
          <xsd:documentation>CBSS Register format: Ter Register</xsd:documentation>
        </xsd:annotation>
      </xsd:pattern>
    </xsd:restriction>
  </xsd:simpleType>
  <!--Request message context-->
  <xsd:complexType name="RequestMessageContextType">
    <xsd:annotation>
      <xsd:documentation>Message context block generated by the consumer.</xsd:documentation>
    </xsd:annotation>
    <xsd:sequence>
      <xsd:element name="messageId" type="tns:MessageIdType">
        <xsd:annotation>
          <xsd:documentation>Consumer must assign their own MessageId reference for the request.</xsd:documentation>
        </xsd:annotation>
      </xsd:element>
      <xsd:element name="timestamp" type="xsd:dateTime" minOccurs="0">
        <xsd:annotation>
          <xsd:documentation>Timestamp when client sent request.</xsd:documentation>
        </xsd:annotation>
      </xsd:element>
    </xsd:sequence>
  </xsd:complexType>
  <!--Response message context-->
  <xsd:complexType name="ResponseMessageContextType">
    <xsd:annotation>
      <xsd:documentation>MessageContext block generated by fidus.</xsd:documentation>
    </xsd:annotation>
    <xsd:sequence>
      <xsd:element name="messageId" type="tns:MessageIdType">
        <xsd:annotation>
          <xsd:documentation>A unique identifier generated by fidus.</xsd:documentation>
        </xsd:annotation>
      </xsd:element>
      <xsd:element name="transactionId" type="tns:MessageIdType">
        <xsd:annotation>
          <xsd:documentation>A unique ID returned to the client for tracing purposes.</xsd:documentation>
        </xsd:annotation>
      </xsd:element>
      <xsd:element name="relatesTo" type="tns:MessageIdType" minOccurs="0">
        <xsd:annotation>
          <xsd:documentation>Optional field. The unique id of a previous batch file in this exchange Only used for responses.</xsd:documentation>
        </xsd:annotation>
      </xsd:element>
      <xsd:element name="timestamp" type="xsd:dateTime" minOccurs="0">
        <xsd:annotation>
          <xsd:documentation>Time reply sent by fidus.</xsd:documentation>
        </xsd:annotation>
      </xsd:element>
    </xsd:sequence>
  </xsd:complexType>
  <!--Legal Context : the finality of the Privacy Commission-->
  <xsd:simpleType name="LegalContextType">
    <xsd:restriction base="xsd:string">
      <xsd:minLength value="1"/>
      <xsd:maxLength value="64"/>
    </xsd:restriction>
  </xsd:simpleType>
  <xsd:complexType name="UserContextType">
    <xsd:annotation>
      <xsd:documentation>The user context defines information regarding the actual user performing a request.</xsd:documentation>
    </xsd:annotation>
    <xsd:sequence>
      <xsd:element name="language" type="xsd:language" nillable="true">
        <xsd:annotation>
          <xsd:documentation>The preferred language of the actual user performing the request.
						This influences the language in which response elements are cast.</xsd:documentation>
        </xsd:annotation>
      </xsd:element>
    </xsd:sequence>
  </xsd:complexType>
</xsd:schema>]]></con:content><con:type>http://www.w3.org/2001/XMLSchema</con:type></con:part><con:part><con:url>file:/home/isr/git/parent/lowemissionzoneservice_1.1/LowEmissionZoneServiceGateway/src/main/resources/wsdl/lowEmissionZoneService/1.1.0/messages/exceptionTypes_v1.xsd</con:url><con:content><![CDATA[<xsd:schema targetNamespace="http://fidus.brussels/type/common/exceptions/v1" elementFormDefault="qualified" attributeFormDefault="unqualified" version="1.0" xmlns:xsd="http://www.w3.org/2001/XMLSchema" xmlns:tns="http://fidus.brussels/type/common/exceptions/v1">
  <!--Basic error typed-->
  <xsd:complexType name="ExceptionsType">
    <xsd:sequence>
      <xsd:element name="exception" type="tns:ExceptionType" maxOccurs="unbounded"/>
    </xsd:sequence>
  </xsd:complexType>
  <xsd:complexType name="ExceptionType">
    <xsd:sequence>
      <xsd:element name="type" type="tns:ExceptionClassType"/>
      <xsd:element name="code" type="tns:ExceptionCodeType"/>
      <xsd:element name="source" type="tns:ExceptionSourceType"/>
      <xsd:element name="description" type="tns:ExceptionDescriptionType"/>
    </xsd:sequence>
  </xsd:complexType>
  <xsd:simpleType name="ExceptionClassType">
    <xsd:restriction base="xsd:string">
      <xsd:enumeration value="ERROR"/>
      <xsd:enumeration value="WARNING"/>
      <xsd:enumeration value="INFO"/>
    </xsd:restriction>
  </xsd:simpleType>
  <xsd:simpleType name="ExceptionCodeType">
    <xsd:restriction base="xsd:string">
      <xsd:maxLength value="20"/>
    </xsd:restriction>
  </xsd:simpleType>
  <xsd:simpleType name="ExceptionSourceType">
    <xsd:restriction base="xsd:string">
      <xsd:maxLength value="20"/>
    </xsd:restriction>
  </xsd:simpleType>
  <xsd:simpleType name="ExceptionDescriptionType">
    <xsd:restriction base="xsd:string"/>
  </xsd:simpleType>
</xsd:schema>]]></con:content><con:type>http://www.w3.org/2001/XMLSchema</con:type></con:part></con:definitionCache><con:endpoints><con:endpoint>http://fidus.brussels/services/lowemissionzoneservice/v1</con:endpoint><con:endpoint>http://fidus.brussels/services/lowemissionzoneservice/v1.1</con:endpoint><con:endpoint>http://fidus.brussels/services/messageformeservice/v1</con:endpoint></con:endpoints><con:operation id="b84e678b-521a-48b0-aa48-7a0d6ace9af4" isOneWay="false" action="http://fidus.brussels/services/lowemissionzoneservice/sendForm" name="sendForm" bindingOperationName="sendForm" type="Request-Response" inputName="" receivesAttachments="false" sendsAttachments="false" anonymous="optional"><con:settings/><con:call id="d935dc99-1c1d-45c1-a828-36558ea00fba" name="1 - Local - Request - OK" outgoingWss="Outflow DEV" incomingWss="Inflow DEV"><con:settings><con:setting id="com.eviware.soapui.impl.wsdl.WsdlRequest@request-headers">&lt;xml-fragment/></con:setting></con:settings><con:encoding>UTF-8</con:encoding><con:endpoint>https://localhost:8243/services/LowEmissionZoneService_v1.1</con:endpoint><con:request><![CDATA[<soapenv:Envelope xmlns:soapenv="http://schemas.xmlsoap.org/soap/envelope/" xmlns:v1="http://fidus.brussels/service/lowemissionzoneservice/messages/v1.1" xmlns:v11="http://fidus.brussels/type/common/messages/v1">
   <soapenv:Header/>
   <soapenv:Body>
      <v1:sendFormRequest>
         <v1:messageContext>
            <v11:messageId>${=import static java.util.UUID.randomUUID; uuid = randomUUID() as String}</v11:messageId>
            <v11:timestamp>${=new java.text.SimpleDateFormat("yyyy-MM-dd'T'HH:mm:ss.SSS").format(new Date())}</v11:timestamp>
         </v1:messageContext>
         <v1:legalContext>ServiceIntegrator</v1:legalContext>
         <v1:request>
            <v1:applicationName>IrisBox</v1:applicationName>
            <v1:formName>registrationForm</v1:formName>
            <v1:formKey>12345678910</v1:formKey>
         </v1:request>
      </v1:sendFormRequest>
   </soapenv:Body>
</soapenv:Envelope>]]></con:request><con:credentials><con:selectedAuthProfile>Basic</con:selectedAuthProfile><con:addedBasicAuthenticationTypes>Basic</con:addedBasicAuthenticationTypes><con:authType>Global HTTP Settings</con:authType></con:credentials><con:jmsConfig JMSDeliveryMode="PERSISTENT"/><con:jmsPropertyConfig/><con:wsaConfig mustUnderstand="NONE" version="200508" action="http://fidus.brussels/services/lowemissionzoneservice/sendForm"/><con:wsrmConfig version="1.2"/></con:call><con:call id="d8868273-9aa6-40b8-9660-19018181a056" name="3 - Test - External - Request - OK" outgoingWss="Outflow TEST" incomingWss="Inflow TEST"><con:settings><con:setting id="com.eviware.soapui.impl.wsdl.WsdlRequest@request-headers">&lt;xml-fragment/></con:setting></con:settings><con:encoding>UTF-8</con:encoding><con:endpoint>https://fidus-test.irisnetlab.be/services/LowEmissionZoneService_v1.1</con:endpoint><con:request><![CDATA[<soapenv:Envelope xmlns:soapenv="http://schemas.xmlsoap.org/soap/envelope/" xmlns:v1="http://fidus.brussels/service/lowemissionzoneservice/messages/v1.1" xmlns:v11="http://fidus.brussels/type/common/messages/v1">
   <soapenv:Header/>
   <soapenv:Body>
      <v1:sendFormRequest>
         <v1:messageContext>
            <v11:messageId>${=import static java.util.UUID.randomUUID; uuid = randomUUID() as String}</v11:messageId>
            <v11:timestamp>${=new java.text.SimpleDateFormat("yyyy-MM-dd'T'HH:mm:ss.SSS").format(new Date())}</v11:timestamp>
         </v1:messageContext>
         <v1:legalContext>ServiceIntegrator</v1:legalContext>
         <v1:request>
            <v1:applicationName>IrisBox</v1:applicationName>
            <v1:formName>registrationForm</v1:formName>
            <v1:formKey>12345678910</v1:formKey>
         </v1:request>
      </v1:sendFormRequest>
   </soapenv:Body>
</soapenv:Envelope>]]></con:request><con:credentials><con:selectedAuthProfile>Basic</con:selectedAuthProfile><con:addedBasicAuthenticationTypes>Basic</con:addedBasicAuthenticationTypes><con:authType>Global HTTP Settings</con:authType></con:credentials><con:jmsConfig JMSDeliveryMode="PERSISTENT"/><con:jmsPropertyConfig/><con:wsaConfig mustUnderstand="NONE" version="200508" action="http://fidus.brussels/services/lowemissionzoneservice/sendForm"/><con:wsrmConfig version="1.2"/></con:call><con:call id="a0f21dff-d2d0-47ae-a231-d4aaabe5f148" name="2 - Dev - Request - OK" outgoingWss="Outflow DEV" incomingWss="Inflow DEV"><con:settings><con:setting id="com.eviware.soapui.impl.wsdl.WsdlRequest@request-headers">&lt;xml-fragment/></con:setting></con:settings><con:encoding>UTF-8</con:encoding><con:endpoint>https://192.168.36.61:8243/services/LowEmissionZoneService_v1.1</con:endpoint><con:request><![CDATA[<soapenv:Envelope xmlns:soapenv="http://schemas.xmlsoap.org/soap/envelope/" xmlns:v1="http://fidus.brussels/service/lowemissionzoneservice/messages/v1.1" xmlns:v11="http://fidus.brussels/type/common/messages/v1">
   <soapenv:Header/>
   <soapenv:Body>
      <v1:sendFormRequest>
         <v1:messageContext>
            <v11:messageId>${=import static java.util.UUID.randomUUID; uuid = randomUUID() as String}</v11:messageId>
            <v11:timestamp>${=new java.text.SimpleDateFormat("yyyy-MM-dd'T'HH:mm:ss.SSS").format(new Date())}</v11:timestamp>
         </v1:messageContext>
         <v1:legalContext>ServiceIntegrator</v1:legalContext>
         <v1:request>
            <v1:applicationName>IrisBox</v1:applicationName>
            <v1:formName>registrationForm</v1:formName>
            <v1:formKey>12345678910</v1:formKey>
         </v1:request>
      </v1:sendFormRequest>
   </soapenv:Body>
</soapenv:Envelope>]]></con:request><con:credentials><con:selectedAuthProfile>Basic</con:selectedAuthProfile><con:addedBasicAuthenticationTypes>Basic</con:addedBasicAuthenticationTypes><con:authType>Global HTTP Settings</con:authType></con:credentials><con:jmsConfig JMSDeliveryMode="PERSISTENT"/><con:jmsPropertyConfig/><con:wsaConfig mustUnderstand="NONE" version="200508" action="http://fidus.brussels/services/lowemissionzoneservice/sendForm"/><con:wsrmConfig version="1.2"/></con:call><con:call id="86ac5407-2ec6-4f3b-91f4-ee4dee2e63f0" name="3 - Test - LB - Request - OK" outgoingWss="Outflow TEST" incomingWss="Inflow TEST"><con:settings><con:setting id="com.eviware.soapui.impl.wsdl.WsdlRequest@request-headers">&lt;xml-fragment/></con:setting></con:settings><con:encoding>UTF-8</con:encoding><con:endpoint>https://esb-security-gw.sta.srv.cirb.lan:8443/services/LowEmissionZoneService_v1.1</con:endpoint><con:request><![CDATA[<soapenv:Envelope xmlns:soapenv="http://schemas.xmlsoap.org/soap/envelope/" xmlns:v1="http://fidus.brussels/service/lowemissionzoneservice/messages/v1.1" xmlns:v11="http://fidus.brussels/type/common/messages/v1">
   <soapenv:Header/>
   <soapenv:Body>
      <v1:sendFormRequest>
         <v1:messageContext>
            <v11:messageId>${=import static java.util.UUID.randomUUID; uuid = randomUUID() as String}</v11:messageId>
            <v11:timestamp>${=new java.text.SimpleDateFormat("yyyy-MM-dd'T'HH:mm:ss.SSS").format(new Date())}</v11:timestamp>
         </v1:messageContext>
         <v1:legalContext>ServiceIntegrator</v1:legalContext>
         <v1:request>
            <v1:applicationName>IrisBox</v1:applicationName>
            <v1:formName>registrationForm</v1:formName>
            <v1:formKey>12345678910</v1:formKey>
         </v1:request>
      </v1:sendFormRequest>
   </soapenv:Body>
</soapenv:Envelope>]]></con:request><con:credentials><con:selectedAuthProfile>Basic</con:selectedAuthProfile><con:addedBasicAuthenticationTypes>Basic</con:addedBasicAuthenticationTypes><con:authType>Global HTTP Settings</con:authType></con:credentials><con:jmsConfig JMSDeliveryMode="PERSISTENT"/><con:jmsPropertyConfig/><con:wsaConfig mustUnderstand="NONE" version="200508" action="http://fidus.brussels/services/lowemissionzoneservice/sendForm"/><con:wsrmConfig version="1.2"/></con:call><con:call id="4d7d7897-ebd5-4ae8-8d68-0a8d8730d97b" name="3 - Test - Worker1 - Request - OK" outgoingWss="Outflow TEST" incomingWss="Inflow TEST"><con:settings><con:setting id="com.eviware.soapui.impl.wsdl.WsdlRequest@request-headers">&lt;xml-fragment/></con:setting></con:settings><con:encoding>UTF-8</con:encoding><con:endpoint>https://192.168.22.53:8443/services/LowEmissionZoneService_v1.1</con:endpoint><con:request><![CDATA[<soapenv:Envelope xmlns:soapenv="http://schemas.xmlsoap.org/soap/envelope/" xmlns:v1="http://fidus.brussels/service/lowemissionzoneservice/messages/v1.1" xmlns:v11="http://fidus.brussels/type/common/messages/v1">
   <soapenv:Header/>
   <soapenv:Body>
      <v1:sendFormRequest>
         <v1:messageContext>
            <v11:messageId>${=import static java.util.UUID.randomUUID; uuid = randomUUID() as String}</v11:messageId>
            <v11:timestamp>${=new java.text.SimpleDateFormat("yyyy-MM-dd'T'HH:mm:ss.SSS").format(new Date())}</v11:timestamp>
         </v1:messageContext>
         <v1:legalContext>ServiceIntegrator</v1:legalContext>
         <v1:request>
            <v1:applicationName>IrisBox</v1:applicationName>
            <v1:formName>registrationForm</v1:formName>
            <v1:formKey>12345678910</v1:formKey>
         </v1:request>
      </v1:sendFormRequest>
   </soapenv:Body>
</soapenv:Envelope>]]></con:request><con:credentials><con:selectedAuthProfile>Basic</con:selectedAuthProfile><con:addedBasicAuthenticationTypes>Basic</con:addedBasicAuthenticationTypes><con:authType>Global HTTP Settings</con:authType></con:credentials><con:jmsConfig JMSDeliveryMode="PERSISTENT"/><con:jmsPropertyConfig/><con:wsaConfig mustUnderstand="NONE" version="200508" action="http://fidus.brussels/services/lowemissionzoneservice/sendForm"/><con:wsrmConfig version="1.2"/></con:call><con:call id="d1148d94-8738-4629-9427-8e3fe11003ca" name="3 - Test - Worker2 - Request - OK" outgoingWss="Outflow TEST" incomingWss="Inflow TEST"><con:settings><con:setting id="com.eviware.soapui.impl.wsdl.WsdlRequest@request-headers">&lt;xml-fragment/></con:setting></con:settings><con:encoding>UTF-8</con:encoding><con:endpoint>https://192.168.22.54:8443/services/LowEmissionZoneService_v1.1</con:endpoint><con:request><![CDATA[<soapenv:Envelope xmlns:soapenv="http://schemas.xmlsoap.org/soap/envelope/" xmlns:v1="http://fidus.brussels/service/lowemissionzoneservice/messages/v1.1" xmlns:v11="http://fidus.brussels/type/common/messages/v1">
   <soapenv:Header/>
   <soapenv:Body>
      <v1:sendFormRequest>
         <v1:messageContext>
            <v11:messageId>${=import static java.util.UUID.randomUUID; uuid = randomUUID() as String}</v11:messageId>
            <v11:timestamp>${=new java.text.SimpleDateFormat("yyyy-MM-dd'T'HH:mm:ss.SSS").format(new Date())}</v11:timestamp>
         </v1:messageContext>
         <v1:legalContext>ServiceIntegrator</v1:legalContext>
         <v1:request>
            <v1:applicationName>IrisBox</v1:applicationName>
            <v1:formName>registrationForm</v1:formName>
            <v1:formKey>12345678910</v1:formKey>
         </v1:request>
      </v1:sendFormRequest>
   </soapenv:Body>
</soapenv:Envelope>]]></con:request><con:credentials><con:selectedAuthProfile>Basic</con:selectedAuthProfile><con:addedBasicAuthenticationTypes>Basic</con:addedBasicAuthenticationTypes><con:authType>Global HTTP Settings</con:authType></con:credentials><con:jmsConfig JMSDeliveryMode="PERSISTENT"/><con:jmsPropertyConfig/><con:wsaConfig mustUnderstand="NONE" version="200508" action="http://fidus.brussels/services/lowemissionzoneservice/sendForm"/><con:wsrmConfig version="1.2"/></con:call><con:call id="0c5ab764-8227-4e1a-ab90-3fb6c0d4de7d" name="4 - Staging - Worker2 - Request - OK" outgoingWss="Outflow STAGING" incomingWss="Inflow STAGING"><con:settings><con:setting id="com.eviware.soapui.impl.wsdl.WsdlRequest@request-headers">&lt;xml-fragment/></con:setting></con:settings><con:encoding>UTF-8</con:encoding><con:endpoint>https://192.168.24.17:8443/services/LowEmissionZoneService_v1.1</con:endpoint><con:request><![CDATA[<soapenv:Envelope xmlns:soapenv="http://schemas.xmlsoap.org/soap/envelope/" xmlns:v1="http://fidus.brussels/service/lowemissionzoneservice/messages/v1.1" xmlns:v11="http://fidus.brussels/type/common/messages/v1">
   <soapenv:Header/>
   <soapenv:Body>
      <v1:sendFormRequest>
         <v1:messageContext>
            <v11:messageId>${=import static java.util.UUID.randomUUID; uuid = randomUUID() as String}</v11:messageId>
            <v11:timestamp>${=new java.text.SimpleDateFormat("yyyy-MM-dd'T'HH:mm:ss.SSS").format(new Date())}</v11:timestamp>
         </v1:messageContext>
         <v1:legalContext>ServiceIntegrator</v1:legalContext>
         <v1:request>
            <v1:applicationName>IrisBox</v1:applicationName>
            <v1:formName>registrationForm</v1:formName>
            <v1:formKey>12345678910</v1:formKey>
         </v1:request>
      </v1:sendFormRequest>
   </soapenv:Body>
</soapenv:Envelope>]]></con:request><con:credentials><con:selectedAuthProfile>Basic</con:selectedAuthProfile><con:addedBasicAuthenticationTypes>Basic</con:addedBasicAuthenticationTypes><con:authType>Global HTTP Settings</con:authType></con:credentials><con:jmsConfig JMSDeliveryMode="PERSISTENT"/><con:jmsPropertyConfig/><con:wsaConfig mustUnderstand="NONE" version="200508" action="http://fidus.brussels/services/lowemissionzoneservice/sendForm"/><con:wsrmConfig version="1.2"/></con:call><con:call id="186690ff-b16e-46da-a3bd-f3d21f0ba092" name="4 - Staging - Worker1 - Request - OK" outgoingWss="Outflow STAGING" incomingWss="Inflow STAGING"><con:settings><con:setting id="com.eviware.soapui.impl.wsdl.WsdlRequest@request-headers">&lt;xml-fragment/></con:setting></con:settings><con:encoding>UTF-8</con:encoding><con:endpoint>https://192.168.24.16:8443/services/LowEmissionZoneService_v1.1</con:endpoint><con:request><![CDATA[<soapenv:Envelope xmlns:soapenv="http://schemas.xmlsoap.org/soap/envelope/" xmlns:v1="http://fidus.brussels/service/lowemissionzoneservice/messages/v1.1" xmlns:v11="http://fidus.brussels/type/common/messages/v1">
   <soapenv:Header/>
   <soapenv:Body>
      <v1:sendFormRequest>
         <v1:messageContext>
            <v11:messageId>${=import static java.util.UUID.randomUUID; uuid = randomUUID() as String}</v11:messageId>
            <v11:timestamp>${=new java.text.SimpleDateFormat("yyyy-MM-dd'T'HH:mm:ss.SSS").format(new Date())}</v11:timestamp>
         </v1:messageContext>
         <v1:legalContext>ServiceIntegrator</v1:legalContext>
         <v1:request>
            <v1:applicationName>IrisBox</v1:applicationName>
            <v1:formName>registrationForm</v1:formName>
            <v1:formKey>12345678910</v1:formKey>
         </v1:request>
      </v1:sendFormRequest>
   </soapenv:Body>
</soapenv:Envelope>]]></con:request><con:credentials><con:selectedAuthProfile>Basic</con:selectedAuthProfile><con:addedBasicAuthenticationTypes>Basic</con:addedBasicAuthenticationTypes><con:authType>Global HTTP Settings</con:authType></con:credentials><con:jmsConfig JMSDeliveryMode="PERSISTENT"/><con:jmsPropertyConfig/><con:wsaConfig mustUnderstand="NONE" version="200508" action="http://fidus.brussels/services/lowemissionzoneservice/sendForm"/><con:wsrmConfig version="1.2"/></con:call><con:call id="def64cf0-c6c0-40fe-b1b2-02037054abc9" name="4 - Staging - External - Request - OK" outgoingWss="Outflow STAGING" incomingWss="Inflow STAGING"><con:settings><con:setting id="com.eviware.soapui.impl.wsdl.WsdlRequest@request-headers">&lt;xml-fragment/></con:setting></con:settings><con:encoding>UTF-8</con:encoding><con:endpoint>https://fidus.irisnetlab.be/services/LowEmissionZoneService_v1.1</con:endpoint><con:request><![CDATA[<soapenv:Envelope xmlns:soapenv="http://schemas.xmlsoap.org/soap/envelope/" xmlns:v1="http://fidus.brussels/service/lowemissionzoneservice/messages/v1.1" xmlns:v11="http://fidus.brussels/type/common/messages/v1">
   <soapenv:Header/>
   <soapenv:Body>
      <v1:sendFormRequest>
         <v1:messageContext>
            <v11:messageId>${=import static java.util.UUID.randomUUID; uuid = randomUUID() as String}</v11:messageId>
            <v11:timestamp>${=new java.text.SimpleDateFormat("yyyy-MM-dd'T'HH:mm:ss.SSS").format(new Date())}</v11:timestamp>
         </v1:messageContext>
         <v1:legalContext>ServiceIntegrator</v1:legalContext>
         <v1:request>
            <v1:applicationName>IrisBox</v1:applicationName>
            <v1:formName>registrationForm</v1:formName>
            <v1:formKey>12345678910</v1:formKey>
         </v1:request>
      </v1:sendFormRequest>
   </soapenv:Body>
</soapenv:Envelope>]]></con:request><con:credentials><con:selectedAuthProfile>Basic</con:selectedAuthProfile><con:addedBasicAuthenticationTypes>Basic</con:addedBasicAuthenticationTypes><con:authType>Global HTTP Settings</con:authType></con:credentials><con:jmsConfig JMSDeliveryMode="PERSISTENT"/><con:jmsPropertyConfig/><con:wsaConfig mustUnderstand="NONE" version="200508" action="http://fidus.brussels/services/lowemissionzoneservice/sendForm"/><con:wsrmConfig version="1.2"/></con:call><con:call id="04497023-df5c-4ca1-acb7-b1acf7a38870" name="2 - DevNew - Request - OK" outgoingWss="Outflow DEV" incomingWss="Inflow DEV"><con:settings><con:setting id="com.eviware.soapui.impl.wsdl.WsdlRequest@request-headers">&lt;xml-fragment/></con:setting></con:settings><con:encoding>UTF-8</con:encoding><con:endpoint>https://192.168.36.205:8243/services/LowEmissionZoneService_v1.1</con:endpoint><con:request><![CDATA[<soapenv:Envelope xmlns:soapenv="http://schemas.xmlsoap.org/soap/envelope/" xmlns:v1="http://fidus.brussels/service/lowemissionzoneservice/messages/v1.1" xmlns:v11="http://fidus.brussels/type/common/messages/v1">
   <soapenv:Header/>
   <soapenv:Body>
      <v1:sendFormRequest>
         <v1:messageContext>
            <v11:messageId>${=import static java.util.UUID.randomUUID; uuid = randomUUID() as String}</v11:messageId>
            <v11:timestamp>${=new java.text.SimpleDateFormat("yyyy-MM-dd'T'HH:mm:ss.SSS").format(new Date())}</v11:timestamp>
         </v1:messageContext>
         <v1:legalContext>ServiceIntegrator</v1:legalContext>
         <v1:request>
            <v1:applicationName>IrisBox</v1:applicationName>
            <v1:formName>registrationForm</v1:formName>
            <v1:formKey>12345678910</v1:formKey>
         </v1:request>
      </v1:sendFormRequest>
   </soapenv:Body>
</soapenv:Envelope>]]></con:request><con:credentials><con:selectedAuthProfile>Basic</con:selectedAuthProfile><con:addedBasicAuthenticationTypes>Basic</con:addedBasicAuthenticationTypes><con:authType>Global HTTP Settings</con:authType></con:credentials><con:jmsConfig JMSDeliveryMode="PERSISTENT"/><con:jmsPropertyConfig/><con:wsaConfig mustUnderstand="NONE" version="200508" action="http://fidus.brussels/services/lowemissionzoneservice/sendForm"/><con:wsrmConfig version="1.2"/></con:call><con:call id="66e39eb5-b38c-4c7e-83dc-98c63e0c0053" name="3 - Test - Worker1New - Request - OK" outgoingWss="Outflow TEST" incomingWss="Inflow TEST"><con:settings><con:setting id="com.eviware.soapui.impl.wsdl.WsdlRequest@request-headers">&lt;xml-fragment/></con:setting></con:settings><con:encoding>UTF-8</con:encoding><con:endpoint>https://192.168.22.73:8443/services/LowEmissionZoneService_v1.1</con:endpoint><con:request><![CDATA[<soapenv:Envelope xmlns:soapenv="http://schemas.xmlsoap.org/soap/envelope/" xmlns:v1="http://fidus.brussels/service/lowemissionzoneservice/messages/v1.1" xmlns:v11="http://fidus.brussels/type/common/messages/v1">
   <soapenv:Header/>
   <soapenv:Body>
      <v1:sendFormRequest>
         <v1:messageContext>
            <v11:messageId>${=import static java.util.UUID.randomUUID; uuid = randomUUID() as String}</v11:messageId>
            <v11:timestamp>${=new java.text.SimpleDateFormat("yyyy-MM-dd'T'HH:mm:ss.SSS").format(new Date())}</v11:timestamp>
         </v1:messageContext>
         <v1:legalContext>ServiceIntegrator</v1:legalContext>
         <v1:request>
            <v1:applicationName>IrisBox</v1:applicationName>
            <v1:formName>registrationForm</v1:formName>
            <v1:formKey>12345678910</v1:formKey>
         </v1:request>
      </v1:sendFormRequest>
   </soapenv:Body>
</soapenv:Envelope>]]></con:request><con:credentials><con:selectedAuthProfile>Basic</con:selectedAuthProfile><con:addedBasicAuthenticationTypes>Basic</con:addedBasicAuthenticationTypes><con:authType>Global HTTP Settings</con:authType></con:credentials><con:jmsConfig JMSDeliveryMode="PERSISTENT"/><con:jmsPropertyConfig/><con:wsaConfig mustUnderstand="NONE" version="200508" action="http://fidus.brussels/services/lowemissionzoneservice/sendForm"/><con:wsrmConfig version="1.2"/></con:call><con:call id="df29614d-847c-4a58-9def-7c5f0c6ba5d8" name="3 - Test - Worker2New - Request - OK" outgoingWss="Outflow TEST" incomingWss="Inflow TEST"><con:settings><con:setting id="com.eviware.soapui.impl.wsdl.WsdlRequest@request-headers">&lt;xml-fragment/></con:setting></con:settings><con:encoding>UTF-8</con:encoding><con:endpoint>https://192.168.22.93:8443/services/LowEmissionZoneService_v1.1</con:endpoint><con:request><![CDATA[<soapenv:Envelope xmlns:soapenv="http://schemas.xmlsoap.org/soap/envelope/" xmlns:v1="http://fidus.brussels/service/lowemissionzoneservice/messages/v1.1" xmlns:v11="http://fidus.brussels/type/common/messages/v1">
   <soapenv:Header/>
   <soapenv:Body>
      <v1:sendFormRequest>
         <v1:messageContext>
            <v11:messageId>${=import static java.util.UUID.randomUUID; uuid = randomUUID() as String}</v11:messageId>
            <v11:timestamp>${=new java.text.SimpleDateFormat("yyyy-MM-dd'T'HH:mm:ss.SSS").format(new Date())}</v11:timestamp>
         </v1:messageContext>
         <v1:legalContext>ServiceIntegrator</v1:legalContext>
         <v1:request>
            <v1:applicationName>IrisBox</v1:applicationName>
            <v1:formName>registrationForm</v1:formName>
            <v1:formKey>12345678910</v1:formKey>
         </v1:request>
      </v1:sendFormRequest>
   </soapenv:Body>
</soapenv:Envelope>]]></con:request><con:credentials><con:selectedAuthProfile>Basic</con:selectedAuthProfile><con:addedBasicAuthenticationTypes>Basic</con:addedBasicAuthenticationTypes><con:authType>Global HTTP Settings</con:authType></con:credentials><con:jmsConfig JMSDeliveryMode="PERSISTENT"/><con:jmsPropertyConfig/><con:wsaConfig mustUnderstand="NONE" version="200508" action="http://fidus.brussels/services/lowemissionzoneservice/sendForm"/><con:wsrmConfig version="1.2"/></con:call><con:call id="35aa5ca5-374c-4b1e-88f2-f177f962ae1d" name="4 - Staging - Worker1New - Request - OK" outgoingWss="Outflow STAGING" incomingWss="Inflow STAGING"><con:settings><con:setting id="com.eviware.soapui.impl.wsdl.WsdlRequest@request-headers">&lt;xml-fragment/></con:setting></con:settings><con:encoding>UTF-8</con:encoding><con:endpoint>https://192.168.23.191:8443/services/LowEmissionZoneService_v1.1</con:endpoint><con:request><![CDATA[<soapenv:Envelope xmlns:soapenv="http://schemas.xmlsoap.org/soap/envelope/" xmlns:v1="http://fidus.brussels/service/lowemissionzoneservice/messages/v1.1" xmlns:v11="http://fidus.brussels/type/common/messages/v1">
   <soapenv:Header/>
   <soapenv:Body>
      <v1:sendFormRequest>
         <v1:messageContext>
            <v11:messageId>${=import static java.util.UUID.randomUUID; uuid = randomUUID() as String}</v11:messageId>
            <v11:timestamp>${=new java.text.SimpleDateFormat("yyyy-MM-dd'T'HH:mm:ss.SSS").format(new Date())}</v11:timestamp>
         </v1:messageContext>
         <v1:legalContext>ServiceIntegrator</v1:legalContext>
         <v1:request>
            <v1:applicationName>IrisBox</v1:applicationName>
            <v1:formName>registrationForm</v1:formName>
            <v1:formKey>12345678910</v1:formKey>
         </v1:request>
      </v1:sendFormRequest>
   </soapenv:Body>
</soapenv:Envelope>]]></con:request><con:credentials><con:selectedAuthProfile>Basic</con:selectedAuthProfile><con:addedBasicAuthenticationTypes>Basic</con:addedBasicAuthenticationTypes><con:authType>Global HTTP Settings</con:authType></con:credentials><con:jmsConfig JMSDeliveryMode="PERSISTENT"/><con:jmsPropertyConfig/><con:wsaConfig mustUnderstand="NONE" version="200508" action="http://fidus.brussels/services/lowemissionzoneservice/sendForm"/><con:wsrmConfig version="1.2"/></con:call><con:call id="9c30b1a6-63a0-475e-b32c-aff0cce722ef" name="4 - Staging - Worker2New - Request - OK" outgoingWss="Outflow STAGING" incomingWss="Inflow STAGING"><con:settings><con:setting id="com.eviware.soapui.impl.wsdl.WsdlRequest@request-headers">&lt;xml-fragment/></con:setting></con:settings><con:encoding>UTF-8</con:encoding><con:endpoint>https://192.168.23.198:8443/services/LowEmissionZoneService_v1.1</con:endpoint><con:request><![CDATA[<soapenv:Envelope xmlns:soapenv="http://schemas.xmlsoap.org/soap/envelope/" xmlns:v1="http://fidus.brussels/service/lowemissionzoneservice/messages/v1.1" xmlns:v11="http://fidus.brussels/type/common/messages/v1">
   <soapenv:Header/>
   <soapenv:Body>
      <v1:sendFormRequest>
         <v1:messageContext>
            <v11:messageId>${=import static java.util.UUID.randomUUID; uuid = randomUUID() as String}</v11:messageId>
            <v11:timestamp>${=new java.text.SimpleDateFormat("yyyy-MM-dd'T'HH:mm:ss.SSS").format(new Date())}</v11:timestamp>
         </v1:messageContext>
         <v1:legalContext>ServiceIntegrator</v1:legalContext>
         <v1:request>
            <v1:applicationName>IrisBox</v1:applicationName>
            <v1:formName>registrationForm</v1:formName>
            <v1:formKey>12345678910</v1:formKey>
         </v1:request>
      </v1:sendFormRequest>
   </soapenv:Body>
</soapenv:Envelope>]]></con:request><con:credentials><con:selectedAuthProfile>Basic</con:selectedAuthProfile><con:addedBasicAuthenticationTypes>Basic</con:addedBasicAuthenticationTypes><con:authType>Global HTTP Settings</con:authType></con:credentials><con:jmsConfig JMSDeliveryMode="PERSISTENT"/><con:jmsPropertyConfig/><con:wsaConfig mustUnderstand="NONE" version="200508" action="http://fidus.brussels/services/lowemissionzoneservice/sendForm"/><con:wsrmConfig version="1.2"/></con:call><con:call id="b2e73ecf-dd16-4869-b785-9c17b950b39e" name="4 - Staging - LB - Request - OK" outgoingWss="Outflow STAGING" incomingWss="Inflow STAGING"><con:settings><con:setting id="com.eviware.soapui.impl.wsdl.WsdlRequest@request-headers">&lt;xml-fragment/></con:setting></con:settings><con:encoding>UTF-8</con:encoding><con:endpoint>https://fidus-esb-sg.sta.srv.cirb.lan:8443/services/LowEmissionZoneService_v1.1</con:endpoint><con:request><![CDATA[<soapenv:Envelope xmlns:soapenv="http://schemas.xmlsoap.org/soap/envelope/" xmlns:v1="http://fidus.brussels/service/lowemissionzoneservice/messages/v1.1" xmlns:v11="http://fidus.brussels/type/common/messages/v1">
   <soapenv:Header/>
   <soapenv:Body>
      <v1:sendFormRequest>
         <v1:messageContext>
            <v11:messageId>${=import static java.util.UUID.randomUUID; uuid = randomUUID() as String}</v11:messageId>
            <v11:timestamp>${=new java.text.SimpleDateFormat("yyyy-MM-dd'T'HH:mm:ss.SSS").format(new Date())}</v11:timestamp>
         </v1:messageContext>
         <v1:legalContext>ServiceIntegrator</v1:legalContext>
         <v1:request>
            <v1:applicationName>IrisBox</v1:applicationName>
            <v1:formName>registrationForm</v1:formName>
            <v1:formKey>12345678910</v1:formKey>
         </v1:request>
      </v1:sendFormRequest>
   </soapenv:Body>
</soapenv:Envelope>]]></con:request><con:credentials><con:selectedAuthProfile>Basic</con:selectedAuthProfile><con:addedBasicAuthenticationTypes>Basic</con:addedBasicAuthenticationTypes><con:authType>Global HTTP Settings</con:authType></con:credentials><con:jmsConfig JMSDeliveryMode="PERSISTENT"/><con:jmsPropertyConfig/><con:wsaConfig mustUnderstand="NONE" version="200508" action="http://fidus.brussels/services/lowemissionzoneservice/sendForm"/><con:wsrmConfig version="1.2"/></con:call></con:operation></con:interface><con:testSuite id="6928a0a6-dc24-4128-af98-81776730ea58" name="TEST"><con:settings/><con:runType>SEQUENTIAL</con:runType><con:testCase id="1e709b88-172f-493b-ae2a-14f83b4f6a34" failOnError="true" failTestCaseOnErrors="true" keepSession="false" maxResults="0" name="sendForm" searchProperties="true"><con:settings/><con:testStep type="request" id="5df6afc7-64e0-4869-9b90-7e74d3861bf1" name="testcase3 - Test - External - Request - OK"><con:settings/><con:config xsi:type="con:RequestStep" xmlns:xsi="http://www.w3.org/2001/XMLSchema-instance"><con:interface>LowEmissionZoneServiceHTTPBinding</con:interface><con:operation>sendForm</con:operation><con:request name="testcase3 - Test - External - Request - OK" id="41827173-6eaa-4c77-a2bc-2d27d662192a" outgoingWss="Outflow TEST"><con:settings/><con:encoding>UTF-8</con:encoding><con:endpoint>https://fidus-test.irisnetlab.be/services/LowEmissionZoneService_v1.1</con:endpoint><con:request><![CDATA[<soapenv:Envelope xmlns:soapenv="http://schemas.xmlsoap.org/soap/envelope/" xmlns:v1="http://fidus.brussels/service/lowemissionzoneservice/messages/v1.1" xmlns:v11="http://fidus.brussels/type/common/messages/v1">
   <soapenv:Header/>
   <soapenv:Body>
      <v1:sendFormRequest>
         <v1:messageContext>
            <v11:messageId>${=import static java.util.UUID.randomUUID; uuid = randomUUID() as String}</v11:messageId>
            <v11:timestamp>${=new java.text.SimpleDateFormat("yyyy-MM-dd'T'HH:mm:ss.SSS").format(new Date())}</v11:timestamp>
         </v1:messageContext>
         <v1:legalContext>ServiceIntegrator</v1:legalContext>
         <v1:request>
            <v1:applicationName>IrisBox</v1:applicationName>
            <v1:formName>registrationForm</v1:formName>
            <v1:formKey>12345678910</v1:formKey>
         </v1:request>
      </v1:sendFormRequest>
   </soapenv:Body>
</soapenv:Envelope>]]></con:request><con:assertion type="SOAP Fault Assertion" id="e17ef793-ef10-4e5c-8be9-b864129c69e7" name="Not SOAP Fault"/><con:assertion type="SOAP Response" id="fcedbc3e-321b-476d-9212-9db342fe6965" name="SOAP Response"/><con:assertion type="Schema Compliance" id="9673277b-c610-4fe3-979c-86c3d5708c12" name="Schema Compliance"><con:configuration/></con:assertion><con:wsaConfig action="http://fidus.brussels/services/lowemissionzoneservice/sendForm"/></con:request></con:config></con:testStep><con:testStep type="request" id="c64dc780-661a-4660-844d-a013f607abf5" name="testcase3 - Test - LB - Request - OK"><con:settings/><con:config xsi:type="con:RequestStep" xmlns:xsi="http://www.w3.org/2001/XMLSchema-instance"><con:interface>LowEmissionZoneServiceHTTPBinding</con:interface><con:operation>sendForm</con:operation><con:request name="testcase3 - Test - LB - Request - OK" id="a17068f2-326e-4d82-9b15-b5581ba29166" outgoingWss="Outflow TEST"><con:settings/><con:encoding>UTF-8</con:encoding><con:endpoint>https://esb-security-gw.sta.srv.cirb.lan:8443/services/LowEmissionZoneService_v1.1</con:endpoint><con:request><![CDATA[<soapenv:Envelope xmlns:soapenv="http://schemas.xmlsoap.org/soap/envelope/" xmlns:v1="http://fidus.brussels/service/lowemissionzoneservice/messages/v1.1" xmlns:v11="http://fidus.brussels/type/common/messages/v1">
   <soapenv:Header/>
   <soapenv:Body>
      <v1:sendFormRequest>
         <v1:messageContext>
            <v11:messageId>${=import static java.util.UUID.randomUUID; uuid = randomUUID() as String}</v11:messageId>
            <v11:timestamp>${=new java.text.SimpleDateFormat("yyyy-MM-dd'T'HH:mm:ss.SSS").format(new Date())}</v11:timestamp>
         </v1:messageContext>
         <v1:legalContext>ServiceIntegrator</v1:legalContext>
         <v1:request>
            <v1:applicationName>IrisBox</v1:applicationName>
            <v1:formName>registrationForm</v1:formName>
            <v1:formKey>12345678910</v1:formKey>
         </v1:request>
      </v1:sendFormRequest>
   </soapenv:Body>
</soapenv:Envelope>]]></con:request><con:assertion type="SOAP Fault Assertion" id="97df0afe-c5f2-400f-9471-1cc4983606ca" name="Not SOAP Fault"/><con:assertion type="SOAP Response" id="c4b52fab-b546-44c0-9489-42cc6bbb4b48" name="SOAP Response"/><con:assertion type="Schema Compliance" id="70afdc15-e377-4e70-a62a-e982acc0f1ca" name="Schema Compliance"><con:configuration/></con:assertion><con:wsaConfig action="http://fidus.brussels/services/lowemissionzoneservice/sendForm"/></con:request></con:config></con:testStep><con:testStep type="request" id="2a98bcbf-c90a-4824-bf81-c579430acb7f" name="testcase3 - Test - Worker1 - Request - OK"><con:settings/><con:config xsi:type="con:RequestStep" xmlns:xsi="http://www.w3.org/2001/XMLSchema-instance"><con:interface>LowEmissionZoneServiceHTTPBinding</con:interface><con:operation>sendForm</con:operation><con:request name="testcase3 - Test - Worker1 - Request - OK" id="d638b80a-b57c-4886-af2d-13cdc46b51ac" outgoingWss="Outflow TEST"><con:settings/><con:encoding>UTF-8</con:encoding><con:endpoint>https://192.168.24.45:8443/services/LowEmissionZoneService_v1.1</con:endpoint><con:request><![CDATA[<soapenv:Envelope xmlns:soapenv="http://schemas.xmlsoap.org/soap/envelope/" xmlns:v1="http://fidus.brussels/service/lowemissionzoneservice/messages/v1.1" xmlns:v11="http://fidus.brussels/type/common/messages/v1">
   <soapenv:Header/>
   <soapenv:Body>
      <v1:sendFormRequest>
         <v1:messageContext>
            <v11:messageId>${=import static java.util.UUID.randomUUID; uuid = randomUUID() as String}</v11:messageId>
            <v11:timestamp>${=new java.text.SimpleDateFormat("yyyy-MM-dd'T'HH:mm:ss.SSS").format(new Date())}</v11:timestamp>
         </v1:messageContext>
         <v1:legalContext>ServiceIntegrator</v1:legalContext>
         <v1:request>
            <v1:applicationName>IrisBox</v1:applicationName>
            <v1:formName>registrationForm</v1:formName>
            <v1:formKey>12345678910</v1:formKey>
         </v1:request>
      </v1:sendFormRequest>
   </soapenv:Body>
</soapenv:Envelope>]]></con:request><con:assertion type="SOAP Fault Assertion" id="a21e9d5d-15d6-4185-a73f-a34e1f303bd7" name="Not SOAP Fault"/><con:assertion type="SOAP Response" id="bbb6f658-649d-4a83-ab8d-1f80e224decd" name="SOAP Response"/><con:assertion type="Schema Compliance" id="cab53358-457e-49b5-99ce-5e9680086146" name="Schema Compliance"><con:configuration/></con:assertion><con:wsaConfig action="http://fidus.brussels/services/lowemissionzoneservice/sendForm"/></con:request></con:config></con:testStep><con:testStep type="request" id="d0e30673-c25a-4fa8-88b4-adf6cf3212b2" name="testcase3 - Test - Worker2 - Request - OK"><con:settings/><con:config xsi:type="con:RequestStep" xmlns:xsi="http://www.w3.org/2001/XMLSchema-instance"><con:interface>LowEmissionZoneServiceHTTPBinding</con:interface><con:operation>sendForm</con:operation><con:request name="testcase3 - Test - Worker2 - Request - OK" id="11dee885-27a2-429f-b0e1-ef628d7746cf" outgoingWss="Outflow TEST"><con:settings/><con:encoding>UTF-8</con:encoding><con:endpoint>https://192.168.24.51:8443/services/LowEmissionZoneService_v1.1</con:endpoint><con:request><![CDATA[<soapenv:Envelope xmlns:soapenv="http://schemas.xmlsoap.org/soap/envelope/" xmlns:v1="http://fidus.brussels/service/lowemissionzoneservice/messages/v1.1" xmlns:v11="http://fidus.brussels/type/common/messages/v1">
   <soapenv:Header/>
   <soapenv:Body>
      <v1:sendFormRequest>
         <v1:messageContext>
            <v11:messageId>${=import static java.util.UUID.randomUUID; uuid = randomUUID() as String}</v11:messageId>
            <v11:timestamp>${=new java.text.SimpleDateFormat("yyyy-MM-dd'T'HH:mm:ss.SSS").format(new Date())}</v11:timestamp>
         </v1:messageContext>
         <v1:legalContext>ServiceIntegrator</v1:legalContext>
         <v1:request>
            <v1:applicationName>IrisBox</v1:applicationName>
            <v1:formName>registrationForm</v1:formName>
            <v1:formKey>12345678910</v1:formKey>
         </v1:request>
      </v1:sendFormRequest>
   </soapenv:Body>
</soapenv:Envelope>]]></con:request><con:assertion type="SOAP Fault Assertion" id="ac73f0d0-b9a9-4891-bfdd-c1f27fc8c6e7" name="Not SOAP Fault"/><con:assertion type="SOAP Response" id="175b6c52-7b7e-41e6-8776-d6ca7b5e378c" name="SOAP Response"/><con:assertion type="Schema Compliance" id="9cdb385a-fdfd-4d94-a8f2-340a6d37a0b3" name="Schema Compliance"><con:configuration/></con:assertion><con:wsaConfig action="http://fidus.brussels/services/lowemissionzoneservice/sendForm"/></con:request></con:config></con:testStep><con:testStep type="request" id="b9915f0e-3c37-429f-8e76-6fc27baa1412" name="testcase3 - Test - Worker1New - Request - OK"><con:settings/><con:config xsi:type="con:RequestStep" xmlns:xsi="http://www.w3.org/2001/XMLSchema-instance"><con:interface>LowEmissionZoneServiceHTTPBinding</con:interface><con:operation>sendForm</con:operation><con:request name="testcase3 - Test - Worker1New - Request - OK" id="740cd9d0-5d55-4db5-9f62-aa11197cf703" outgoingWss="Outflow TEST"><con:settings/><con:encoding>UTF-8</con:encoding><con:endpoint>https://192.168.24.45:8443/services/LowEmissionZoneService_v1.1</con:endpoint><con:request><![CDATA[<soapenv:Envelope xmlns:soapenv="http://schemas.xmlsoap.org/soap/envelope/" xmlns:v1="http://fidus.brussels/service/lowemissionzoneservice/messages/v1.1" xmlns:v11="http://fidus.brussels/type/common/messages/v1">
   <soapenv:Header/>
   <soapenv:Body>
      <v1:sendFormRequest>
         <v1:messageContext>
            <v11:messageId>${=import static java.util.UUID.randomUUID; uuid = randomUUID() as String}</v11:messageId>
            <v11:timestamp>${=new java.text.SimpleDateFormat("yyyy-MM-dd'T'HH:mm:ss.SSS").format(new Date())}</v11:timestamp>
         </v1:messageContext>
         <v1:legalContext>ServiceIntegrator</v1:legalContext>
         <v1:request>
            <v1:applicationName>IrisBox</v1:applicationName>
            <v1:formName>registrationForm</v1:formName>
            <v1:formKey>12345678910</v1:formKey>
         </v1:request>
      </v1:sendFormRequest>
   </soapenv:Body>
</soapenv:Envelope>]]></con:request><con:assertion type="SOAP Fault Assertion" id="7f670844-3aa9-461c-8813-744b90a0ce9a" name="Not SOAP Fault"/><con:assertion type="SOAP Response" id="e5b25104-956a-4b67-b968-32a5eb75c788" name="SOAP Response"/><con:assertion type="Schema Compliance" id="28e956e1-a433-47fe-980f-0e19ca53179b" name="Schema Compliance"><con:configuration/></con:assertion><con:wsaConfig action="http://fidus.brussels/services/lowemissionzoneservice/sendForm"/></con:request></con:config></con:testStep><con:testStep type="request" id="f70f2598-ca96-42ff-9306-82cd95f134a5" name="testcase3 - Test - Worker2New - Request - OK"><con:settings/><con:config xsi:type="con:RequestStep" xmlns:xsi="http://www.w3.org/2001/XMLSchema-instance"><con:interface>LowEmissionZoneServiceHTTPBinding</con:interface><con:operation>sendForm</con:operation><con:request name="testcase3 - Test - Worker2New - Request - OK" id="8d5a2081-4e1b-4e07-8c1a-8cc65d9fcc6d" outgoingWss="Outflow TEST"><con:settings/><con:encoding>UTF-8</con:encoding><con:endpoint>https://192.168.24.51:8443/services/LowEmissionZoneService_v1.1</con:endpoint><con:request><![CDATA[<soapenv:Envelope xmlns:soapenv="http://schemas.xmlsoap.org/soap/envelope/" xmlns:v1="http://fidus.brussels/service/lowemissionzoneservice/messages/v1.1" xmlns:v11="http://fidus.brussels/type/common/messages/v1">
   <soapenv:Header/>
   <soapenv:Body>
      <v1:sendFormRequest>
         <v1:messageContext>
            <v11:messageId>${=import static java.util.UUID.randomUUID; uuid = randomUUID() as String}</v11:messageId>
            <v11:timestamp>${=new java.text.SimpleDateFormat("yyyy-MM-dd'T'HH:mm:ss.SSS").format(new Date())}</v11:timestamp>
         </v1:messageContext>
         <v1:legalContext>ServiceIntegrator</v1:legalContext>
         <v1:request>
            <v1:applicationName>IrisBox</v1:applicationName>
            <v1:formName>registrationForm</v1:formName>
            <v1:formKey>12345678910</v1:formKey>
         </v1:request>
      </v1:sendFormRequest>
   </soapenv:Body>
</soapenv:Envelope>]]></con:request><con:assertion type="SOAP Fault Assertion" id="85394a64-28f0-4f54-97f0-1fc05a927eae" name="Not SOAP Fault"/><con:assertion type="SOAP Response" id="2234686e-760a-4ccb-90eb-0be0de692269" name="SOAP Response"/><con:assertion type="Schema Compliance" id="9ce20946-33e4-4cb2-93a0-a7bb37582a3f" name="Schema Compliance"><con:configuration/></con:assertion><con:wsaConfig action="http://fidus.brussels/services/lowemissionzoneservice/sendForm"/></con:request></con:config></con:testStep><con:properties/></con:testCase><con:properties/></con:testSuite><con:testSuite id="5e483104-1a11-4e8a-85c4-f996d693d133" name="DEV"><con:settings/><con:runType>SEQUENTIAL</con:runType><con:testCase id="f4616471-a5e2-43d8-adc6-37a4e52e42fe" failOnError="true" failTestCaseOnErrors="true" keepSession="false" maxResults="0" name="sendForm" searchProperties="true"><con:settings/><con:testStep type="request" id="eabfc6f9-b16f-4777-99a4-60fd27d262a0" name="testcase2 - Dev - Request - OK"><con:settings/><con:config xsi:type="con:RequestStep" xmlns:xsi="http://www.w3.org/2001/XMLSchema-instance"><con:interface>LowEmissionZoneServiceHTTPBinding</con:interface><con:operation>sendForm</con:operation><con:request name="testcase2 - Dev - Request - OK" id="17d8aa50-f29f-4a3e-9df0-4651ab6f99ab" outgoingWss="Outflow DEV"><con:settings/><con:encoding>UTF-8</con:encoding><con:endpoint>https://192.168.36.61:8243/services/LowEmissionZoneService_v1.1</con:endpoint><con:request><![CDATA[<soapenv:Envelope xmlns:soapenv="http://schemas.xmlsoap.org/soap/envelope/" xmlns:v1="http://fidus.brussels/service/lowemissionzoneservice/messages/v1.1" xmlns:v11="http://fidus.brussels/type/common/messages/v1">
   <soapenv:Header/>
   <soapenv:Body>
      <v1:sendFormRequest>
         <v1:messageContext>
            <v11:messageId>${=import static java.util.UUID.randomUUID; uuid = randomUUID() as String}</v11:messageId>
            <v11:timestamp>${=new java.text.SimpleDateFormat("yyyy-MM-dd'T'HH:mm:ss.SSS").format(new Date())}</v11:timestamp>
         </v1:messageContext>
         <v1:legalContext>ServiceIntegrator</v1:legalContext>
         <v1:request>
            <v1:applicationName>IrisBox</v1:applicationName>
            <v1:formName>registrationForm</v1:formName>
            <v1:formKey>12345678910</v1:formKey>
         </v1:request>
      </v1:sendFormRequest>
   </soapenv:Body>
</soapenv:Envelope>]]></con:request><con:assertion type="SOAP Fault Assertion" id="976d1e3d-db77-4482-b593-31a838df9a65" name="Not SOAP Fault"/><con:assertion type="SOAP Response" id="9fb13c66-e04b-4890-8e51-63a4ee29103b" name="SOAP Response"/><con:assertion type="Schema Compliance" id="e9b672bc-238e-4ed2-808b-f6e3f472ae65" name="Schema Compliance"><con:configuration/></con:assertion><con:wsaConfig action="http://fidus.brussels/services/lowemissionzoneservice/sendForm"/></con:request></con:config></con:testStep><con:testStep type="request" id="328a0001-9845-4a7c-9b25-46c132519d52" name="testcase2 - DevNew - Request - OK"><con:settings/><con:config xsi:type="con:RequestStep" xmlns:xsi="http://www.w3.org/2001/XMLSchema-instance"><con:interface>LowEmissionZoneServiceHTTPBinding</con:interface><con:operation>sendForm</con:operation><con:request name="testcase2 - DevNew - Request - OK" id="b6684f33-8fb3-45a6-8667-c710c1991b5d" outgoingWss="Outflow DEV"><con:settings/><con:encoding>UTF-8</con:encoding><con:endpoint>https://192.168.36.205:8243/services/LowEmissionZoneService_v1.1</con:endpoint><con:request><![CDATA[<soapenv:Envelope xmlns:soapenv="http://schemas.xmlsoap.org/soap/envelope/" xmlns:v1="http://fidus.brussels/service/lowemissionzoneservice/messages/v1.1" xmlns:v11="http://fidus.brussels/type/common/messages/v1">
   <soapenv:Header/>
   <soapenv:Body>
      <v1:sendFormRequest>
         <v1:messageContext>
            <v11:messageId>${=import static java.util.UUID.randomUUID; uuid = randomUUID() as String}</v11:messageId>
            <v11:timestamp>${=new java.text.SimpleDateFormat("yyyy-MM-dd'T'HH:mm:ss.SSS").format(new Date())}</v11:timestamp>
         </v1:messageContext>
         <v1:legalContext>ServiceIntegrator</v1:legalContext>
         <v1:request>
            <v1:applicationName>IrisBox</v1:applicationName>
            <v1:formName>registrationForm</v1:formName>
            <v1:formKey>12345678910</v1:formKey>
         </v1:request>
      </v1:sendFormRequest>
   </soapenv:Body>
</soapenv:Envelope>]]></con:request><con:assertion type="SOAP Fault Assertion" id="44b5e6f3-19cd-45ec-b797-196e96a09147" name="Not SOAP Fault"/><con:assertion type="SOAP Response" id="a12b19ae-1107-4523-905a-13a7ac3b1a43" name="SOAP Response"/><con:assertion type="Schema Compliance" id="83911168-5614-4d26-92f1-26d80aa4ca10" name="Schema Compliance"><con:configuration/></con:assertion><con:wsaConfig action="http://fidus.brussels/services/lowemissionzoneservice/sendForm"/></con:request></con:config></con:testStep><con:properties/></con:testCase><con:properties/></con:testSuite><con:testSuite id="3ed34375-7261-47ab-9ad0-df3f6233f2c7" name="STAG"><con:settings/><con:runType>SEQUENTIAL</con:runType><con:testCase id="98bdabe9-d637-4c56-93d8-57acc63c4066" failOnError="true" failTestCaseOnErrors="true" keepSession="false" maxResults="0" name="sendForm" searchProperties="true"><con:settings/><con:testStep type="request" id="bfa5593a-1375-4e31-9c09-57ab12992320" name="testcase4 - Staging - Worker2 - Request - OK"><con:settings/><con:config xsi:type="con:RequestStep" xmlns:xsi="http://www.w3.org/2001/XMLSchema-instance"><con:interface>LowEmissionZoneServiceHTTPBinding</con:interface><con:operation>sendForm</con:operation><con:request name="testcase4 - Staging - Worker2 - Request - OK" id="80b7b4fa-f007-40bb-b68e-c0ba1962494a" outgoingWss="Outflow STAG"><con:settings/><con:encoding>UTF-8</con:encoding><con:endpoint>https://192.168.24.64:8443/services/LowEmissionZoneService_v1.1</con:endpoint><con:request><![CDATA[<soapenv:Envelope xmlns:soapenv="http://schemas.xmlsoap.org/soap/envelope/" xmlns:v1="http://fidus.brussels/service/lowemissionzoneservice/messages/v1.1" xmlns:v11="http://fidus.brussels/type/common/messages/v1">
   <soapenv:Header/>
   <soapenv:Body>
      <v1:sendFormRequest>
         <v1:messageContext>
            <v11:messageId>${=import static java.util.UUID.randomUUID; uuid = randomUUID() as String}</v11:messageId>
            <v11:timestamp>${=new java.text.SimpleDateFormat("yyyy-MM-dd'T'HH:mm:ss.SSS").format(new Date())}</v11:timestamp>
         </v1:messageContext>
         <v1:legalContext>ServiceIntegrator</v1:legalContext>
         <v1:request>
            <v1:applicationName>IrisBox</v1:applicationName>
            <v1:formName>registrationForm</v1:formName>
            <v1:formKey>12345678910</v1:formKey>
         </v1:request>
      </v1:sendFormRequest>
   </soapenv:Body>
</soapenv:Envelope>]]></con:request><con:assertion type="SOAP Fault Assertion" id="ea72e32b-a510-4141-a465-c103fa467a6d" name="Not SOAP Fault"/><con:assertion type="SOAP Response" id="7bf5b97f-15bc-47a5-9c24-17ed79abff0f" name="SOAP Response"/><con:assertion type="Schema Compliance" id="62c7f8f7-51e8-4644-abc4-188adf8534f2" name="Schema Compliance"><con:configuration/></con:assertion><con:wsaConfig action="http://fidus.brussels/services/lowemissionzoneservice/sendForm"/></con:request></con:config></con:testStep><con:testStep type="request" id="1a11ace9-8616-46ed-9c9f-5088df6f4e31" name="testcase4 - Staging - Worker1 - Request - OK"><con:settings/><con:config xsi:type="con:RequestStep" xmlns:xsi="http://www.w3.org/2001/XMLSchema-instance"><con:interface>LowEmissionZoneServiceHTTPBinding</con:interface><con:operation>sendForm</con:operation><con:request name="testcase4 - Staging - Worker1 - Request - OK" id="0a287a0f-a19b-417f-b872-ecceddd4ddff" outgoingWss="Outflow STAG"><con:settings/><con:encoding>UTF-8</con:encoding><con:endpoint>https://192.168.24.57:8443/services/LowEmissionZoneService_v1.1</con:endpoint><con:request><![CDATA[<soapenv:Envelope xmlns:soapenv="http://schemas.xmlsoap.org/soap/envelope/" xmlns:v1="http://fidus.brussels/service/lowemissionzoneservice/messages/v1.1" xmlns:v11="http://fidus.brussels/type/common/messages/v1">
   <soapenv:Header/>
   <soapenv:Body>
      <v1:sendFormRequest>
         <v1:messageContext>
            <v11:messageId>${=import static java.util.UUID.randomUUID; uuid = randomUUID() as String}</v11:messageId>
            <v11:timestamp>${=new java.text.SimpleDateFormat("yyyy-MM-dd'T'HH:mm:ss.SSS").format(new Date())}</v11:timestamp>
         </v1:messageContext>
         <v1:legalContext>ServiceIntegrator</v1:legalContext>
         <v1:request>
            <v1:applicationName>IrisBox</v1:applicationName>
            <v1:formName>registrationForm</v1:formName>
            <v1:formKey>12345678910</v1:formKey>
         </v1:request>
      </v1:sendFormRequest>
   </soapenv:Body>
</soapenv:Envelope>]]></con:request><con:assertion type="SOAP Fault Assertion" id="e0215a12-5712-445f-8ad9-e9658727e063" name="Not SOAP Fault"/><con:assertion type="SOAP Response" id="ebb513c7-0f51-46a9-ad63-257683f4e7ff" name="SOAP Response"/><con:assertion type="Schema Compliance" id="9e1cd548-8613-4ef6-a4a8-c07c1720a7d0" name="Schema Compliance"><con:configuration/></con:assertion><con:wsaConfig action="http://fidus.brussels/services/lowemissionzoneservice/sendForm"/></con:request></con:config></con:testStep><con:testStep type="request" id="7fd6eb7d-3fdb-49da-b116-c1299067483c" name="testcase4 - Staging - External - Request - OK"><con:settings/><con:config xsi:type="con:RequestStep" xmlns:xsi="http://www.w3.org/2001/XMLSchema-instance"><con:interface>LowEmissionZoneServiceHTTPBinding</con:interface><con:operation>sendForm</con:operation><con:request name="testcase4 - Staging - External - Request - OK" id="99090334-6161-459e-9462-590ba9fefa8e" outgoingWss="Outflow STAG"><con:settings/><con:encoding>UTF-8</con:encoding><con:endpoint>https://fidus.irisnetlab.be/services/LowEmissionZoneService_v1.1</con:endpoint><con:request><![CDATA[<soapenv:Envelope xmlns:soapenv="http://schemas.xmlsoap.org/soap/envelope/" xmlns:v1="http://fidus.brussels/service/lowemissionzoneservice/messages/v1.1" xmlns:v11="http://fidus.brussels/type/common/messages/v1">
   <soapenv:Header/>
   <soapenv:Body>
      <v1:sendFormRequest>
         <v1:messageContext>
            <v11:messageId>${=import static java.util.UUID.randomUUID; uuid = randomUUID() as String}</v11:messageId>
            <v11:timestamp>${=new java.text.SimpleDateFormat("yyyy-MM-dd'T'HH:mm:ss.SSS").format(new Date())}</v11:timestamp>
         </v1:messageContext>
         <v1:legalContext>ServiceIntegrator</v1:legalContext>
         <v1:request>
            <v1:applicationName>IrisBox</v1:applicationName>
            <v1:formName>registrationForm</v1:formName>
            <v1:formKey>12345678910</v1:formKey>
         </v1:request>
      </v1:sendFormRequest>
   </soapenv:Body>
</soapenv:Envelope>]]></con:request><con:assertion type="SOAP Fault Assertion" id="6592d6d4-63be-4e8f-a39f-3a18b68a778f" name="Not SOAP Fault"/><con:assertion type="SOAP Response" id="f56da858-244f-44b7-9449-579ee5d8026c" name="SOAP Response"/><con:assertion type="Schema Compliance" id="7eeb3e06-f272-4ed4-8fe2-1c3063f4ee54" name="Schema Compliance"><con:configuration/></con:assertion><con:wsaConfig action="http://fidus.brussels/services/lowemissionzoneservice/sendForm"/></con:request></con:config></con:testStep><con:testStep type="request" id="0a65a94a-55a1-4865-96c0-23863e049148" name="testcase4 - Staging - Worker1New - Request - OK"><con:settings/><con:config xsi:type="con:RequestStep" xmlns:xsi="http://www.w3.org/2001/XMLSchema-instance"><con:interface>LowEmissionZoneServiceHTTPBinding</con:interface><con:operation>sendForm</con:operation><con:request name="testcase4 - Staging - Worker1New - Request - OK" id="20b6eb89-1696-4fb0-a8e5-ee40815c89e0" outgoingWss="Outflow STAG"><con:settings/><con:encoding>UTF-8</con:encoding><con:endpoint>https://192.168.24.57:8443/services/LowEmissionZoneService_v1.1</con:endpoint><con:request><![CDATA[<soapenv:Envelope xmlns:soapenv="http://schemas.xmlsoap.org/soap/envelope/" xmlns:v1="http://fidus.brussels/service/lowemissionzoneservice/messages/v1.1" xmlns:v11="http://fidus.brussels/type/common/messages/v1">
   <soapenv:Header/>
   <soapenv:Body>
      <v1:sendFormRequest>
         <v1:messageContext>
            <v11:messageId>${=import static java.util.UUID.randomUUID; uuid = randomUUID() as String}</v11:messageId>
            <v11:timestamp>${=new java.text.SimpleDateFormat("yyyy-MM-dd'T'HH:mm:ss.SSS").format(new Date())}</v11:timestamp>
         </v1:messageContext>
         <v1:legalContext>ServiceIntegrator</v1:legalContext>
         <v1:request>
            <v1:applicationName>IrisBox</v1:applicationName>
            <v1:formName>registrationForm</v1:formName>
            <v1:formKey>12345678910</v1:formKey>
         </v1:request>
      </v1:sendFormRequest>
   </soapenv:Body>
</soapenv:Envelope>]]></con:request><con:assertion type="SOAP Fault Assertion" id="f863ac4e-c0ff-4379-8693-979f829d4562" name="Not SOAP Fault"/><con:assertion type="SOAP Response" id="ca3cdd7d-dcf3-4477-a8f7-7a61e3e9f928" name="SOAP Response"/><con:assertion type="Schema Compliance" id="ca4e654f-5bcf-4f0f-8747-dfbca46a8c91" name="Schema Compliance"><con:configuration/></con:assertion><con:wsaConfig action="http://fidus.brussels/services/lowemissionzoneservice/sendForm"/></con:request></con:config></con:testStep><con:testStep type="request" id="c3de3007-e046-4f83-82f0-4c5ed1a12331" name="testcase4 - Staging - Worker2New - Request - OK"><con:settings/><con:config xsi:type="con:RequestStep" xmlns:xsi="http://www.w3.org/2001/XMLSchema-instance"><con:interface>LowEmissionZoneServiceHTTPBinding</con:interface><con:operation>sendForm</con:operation><con:request name="testcase4 - Staging - Worker2New - Request - OK" id="1466edfb-38b6-4278-89c5-ae47ae7b0bd5" outgoingWss="Outflow STAG"><con:settings/><con:encoding>UTF-8</con:encoding><con:endpoint>https://192.168.24.64:8443/services/LowEmissionZoneService_v1.1</con:endpoint><con:request><![CDATA[<soapenv:Envelope xmlns:soapenv="http://schemas.xmlsoap.org/soap/envelope/" xmlns:v1="http://fidus.brussels/service/lowemissionzoneservice/messages/v1.1" xmlns:v11="http://fidus.brussels/type/common/messages/v1">
   <soapenv:Header/>
   <soapenv:Body>
      <v1:sendFormRequest>
         <v1:messageContext>
            <v11:messageId>${=import static java.util.UUID.randomUUID; uuid = randomUUID() as String}</v11:messageId>
            <v11:timestamp>${=new java.text.SimpleDateFormat("yyyy-MM-dd'T'HH:mm:ss.SSS").format(new Date())}</v11:timestamp>
         </v1:messageContext>
         <v1:legalContext>ServiceIntegrator</v1:legalContext>
         <v1:request>
            <v1:applicationName>IrisBox</v1:applicationName>
            <v1:formName>registrationForm</v1:formName>
            <v1:formKey>12345678910</v1:formKey>
         </v1:request>
      </v1:sendFormRequest>
   </soapenv:Body>
</soapenv:Envelope>]]></con:request><con:assertion type="SOAP Fault Assertion" id="1444d196-995b-4e5a-b707-08cbe238573b" name="Not SOAP Fault"/><con:assertion type="SOAP Response" id="87671339-1c14-4be6-9d5c-405e247cd6f6" name="SOAP Response"/><con:assertion type="Schema Compliance" id="f1e0b92f-6596-44a5-bd87-f17a0b72d9c1" name="Schema Compliance"><con:configuration/></con:assertion><con:wsaConfig action="http://fidus.brussels/services/lowemissionzoneservice/sendForm"/></con:request></con:config></con:testStep><con:testStep type="request" id="12b32a5d-d0f1-40d3-8c38-3e706081b51a" name="testcase4 - Staging - LB - Request - OK"><con:settings/><con:config xsi:type="con:RequestStep" xmlns:xsi="http://www.w3.org/2001/XMLSchema-instance"><con:interface>LowEmissionZoneServiceHTTPBinding</con:interface><con:operation>sendForm</con:operation><con:request name="testcase4 - Staging - LB - Request - OK" id="7c50aa0b-10d6-41b5-8088-7f42e5b14b5b" outgoingWss="Outflow STAG"><con:settings/><con:encoding>UTF-8</con:encoding><con:endpoint>https://fidus-esb-sg.sta.srv.cirb.lan:8443/services/LowEmissionZoneService_v1.1</con:endpoint><con:request><![CDATA[<soapenv:Envelope xmlns:soapenv="http://schemas.xmlsoap.org/soap/envelope/" xmlns:v1="http://fidus.brussels/service/lowemissionzoneservice/messages/v1.1" xmlns:v11="http://fidus.brussels/type/common/messages/v1">
   <soapenv:Header/>
   <soapenv:Body>
      <v1:sendFormRequest>
         <v1:messageContext>
            <v11:messageId>${=import static java.util.UUID.randomUUID; uuid = randomUUID() as String}</v11:messageId>
            <v11:timestamp>${=new java.text.SimpleDateFormat("yyyy-MM-dd'T'HH:mm:ss.SSS").format(new Date())}</v11:timestamp>
         </v1:messageContext>
         <v1:legalContext>ServiceIntegrator</v1:legalContext>
         <v1:request>
            <v1:applicationName>IrisBox</v1:applicationName>
            <v1:formName>registrationForm</v1:formName>
            <v1:formKey>12345678910</v1:formKey>
         </v1:request>
      </v1:sendFormRequest>
   </soapenv:Body>
</soapenv:Envelope>]]></con:request><con:assertion type="SOAP Fault Assertion" id="a457a9fb-df54-4bad-ad02-17d04d09a236" name="Not SOAP Fault"/><con:assertion type="SOAP Response" id="3b84cb68-028a-4915-8fb8-c8b3c2000fe4" name="SOAP Response"/><con:assertion type="Schema Compliance" id="784ed8df-fd1d-44ca-8e94-b6db754a0b3e" name="Schema Compliance"><con:configuration/></con:assertion><con:wsaConfig action="http://fidus.brussels/services/lowemissionzoneservice/sendForm"/></con:request></con:config></con:testStep><con:properties/></con:testCase><con:properties/></con:testSuite><con:properties/><con:wssContainer><con:crypto><con:source>data/wso2/keystores/user-rajarshi.jks</con:source><con:password>test@fidus01</con:password><con:type>KEYSTORE</con:type></con:crypto><con:outgoing><con:name>Outflow TEST</con:name><con:entry type="Signature" username="testuser-test.fidus.brussels" password="test@fidus01"><con:configuration><crypto>user-rajarshi.jks</crypto><keyIdentifierType>3</keyIdentifierType><signatureAlgorithm/><signatureCanonicalization/><useSingleCert>true</useSingleCert><digestAlgorithm/><customTokenValueType/><customTokenId/></con:configuration></con:entry><con:entry type="Timestamp"><con:configuration><timeToLive>300000</timeToLive><strictTimestamp>true</strictTimestamp></con:configuration></con:entry></con:outgoing><con:outgoing><con:name>Outflow DEV</con:name></con:outgoing><con:outgoing><con:name>Outflow STAG</con:name></con:outgoing></con:wssContainer><con:oAuth2ProfileContainer/><con:oAuth1ProfileContainer/><con:sensitiveInformation/></con:soapui-project>