<?xml version="1.0" encoding="UTF-8"?>
<con:soapui-project activeEnvironment="Default" name="Client-HandiService-v2-soapui-project" resourceRoot="" soapui-version="5.1.3" abortOnError="false" runType="SEQUENTIAL" id="a52b5fdc-404f-46ee-8b0a-e71f61a86f50" xmlns:con="http://eviware.com/soapui/config">
  <con:settings/>
  <con:interface xsi:type="con:WsdlInterface" wsaVersion="NONE" name="HandiServiceHTTPBinding" type="wsdl" bindingName="{http://fidus.brussels/service/handiservice/v2}HandiServiceHTTPBinding" soapVersion="1_1" anonymous="optional" definition="file:/home/ebarbieux/Dev/fidus/handiservice/HandiServiceGateway/src/main/resources/wsdl/handiService/2.0.0/HandiService_v2.wsdl" id="57cdb0d8-5d82-4ceb-9a3f-19c196e2b0c3" xmlns:xsi="http://www.w3.org/2001/XMLSchema-instance">
    <con:settings/>
    
    <con:definitionCache type="TEXT" rootPart="file:/home/ebarbieux/Dev/fidus/handiservice/HandiServiceGateway/src/main/resources/wsdl/handiService/2.0.0/HandiService_v2.wsdl"><con:part><con:url>file:/home/ebarbieux/Dev/fidus/handiservice/HandiServiceGateway/src/main/resources/wsdl/handiService/2.0.0/HandiService_v2.wsdl</con:url><con:content><![CDATA[<wsdl:definitions targetNamespace="http://fidus.brussels/service/handiservice/v2" name="HandiService" xmlns:soap="http://schemas.xmlsoap.org/wsdl/soap/" xmlns:wsdl="http://schemas.xmlsoap.org/wsdl/" xmlns:xsd="http://www.w3.org/2001/XMLSchema" xmlns:mes="http://fidus.brussels/service/handiservice/messages/v2" xmlns:tns="http://fidus.brussels/service/handiservice/v2">
  <xsd:annotation>
    <xsd:documentation>Handi service WDSL v2.</xsd:documentation>
  </xsd:annotation>
  <wsdl:types>
    <xsd:schema targetNamespace="http://fidus.brussels/service/handiservice/v2" elementFormDefault="qualified">
      <xsd:import namespace="http://fidus.brussels/service/handiservice/messages/v2" schemaLocation="messages/handiServiceMessages_v2.xsd"/>
    </xsd:schema>
  </wsdl:types>
  <wsdl:message name="consultFilesByDateRequestMessage">
    <wsdl:part name="ConsultFilesByDateRequest" element="mes:consultFilesByDateRequest"/>
  </wsdl:message>
  <wsdl:message name="consultFilesByDateResponseMessage">
    <wsdl:part name="ConsultFilesByDateResponse" element="mes:consultFilesByDateResponse"/>
  </wsdl:message>
  <wsdl:message name="consultPaymentsRequestMessage">
    <wsdl:part name="ConsultPaymentsRequest" element="mes:consultPaymentsRequest"/>
  </wsdl:message>
  <wsdl:message name="consultPaymentsResponseMessage">
    <wsdl:part name="ConsultPaymentsResponse" element="mes:consultPaymentsResponse"/>
  </wsdl:message>
  <wsdl:portType name="HandiServicePortType">
    <wsdl:operation name="consultFilesByDate">
      <wsdl:input message="tns:consultFilesByDateRequestMessage"/>
      <wsdl:output message="tns:consultFilesByDateResponseMessage"/>
    </wsdl:operation>
    <wsdl:operation name="consultPayments">
      <wsdl:input message="tns:consultPaymentsRequestMessage"/>
      <wsdl:output message="tns:consultPaymentsResponseMessage"/>
    </wsdl:operation>
  </wsdl:portType>
  <wsdl:binding name="HandiServiceHTTPBinding" type="tns:HandiServicePortType">
    <soap:binding style="document" transport="http://schemas.xmlsoap.org/soap/http"/>
    <wsdl:operation name="consultFilesByDate">
      <soap:operation soapAction="http://fidus.brussels/services/handiservice/consultFilesByDate"/>
      <wsdl:input>
        <soap:body use="literal"/>
      </wsdl:input>
      <wsdl:output>
        <soap:body use="literal"/>
      </wsdl:output>
    </wsdl:operation>
    <wsdl:operation name="consultPayments">
      <soap:operation soapAction="http://fidus.brussels/services/handiservice/consultPayments"/>
      <wsdl:input>
        <soap:body use="literal"/>
      </wsdl:input>
      <wsdl:output>
        <soap:body use="literal"/>
      </wsdl:output>
    </wsdl:operation>
  </wsdl:binding>
  <wsdl:service name="HandiService_v2">
    <wsdl:port name="HandiService_v2" binding="tns:HandiServiceHTTPBinding">
      <soap:address location="http://fidus.brussels/services/handiservice/v2"/>
    </wsdl:port>
  </wsdl:service>
</wsdl:definitions>]]></con:content><con:type>http://schemas.xmlsoap.org/wsdl/</con:type></con:part><con:part><con:url>file:/home/ebarbieux/Dev/fidus/handiservice/HandiServiceGateway/src/main/resources/wsdl/handiService/2.0.0/messages/handiServiceMessages_v2.xsd</con:url><con:content><![CDATA[<xsd:schema targetNamespace="http://fidus.brussels/service/handiservice/messages/v2" elementFormDefault="qualified" attributeFormDefault="unqualified" version="1.0" xmlns:xsd="http://www.w3.org/2001/XMLSchema" xmlns:cme="http://fidus.brussels/type/common/messages/v1" xmlns:exc="http://fidus.brussels/type/common/exceptions/v1" xmlns:tns="http://fidus.brussels/service/handiservice/messages/v2" xmlns:han="http://kszbcss.fgov.be/types/Handi/v2">
  <xsd:import namespace="http://fidus.brussels/type/common/messages/v1" schemaLocation="baseMessageTypes_v1.xsd"/>
  <xsd:import namespace="http://fidus.brussels/type/common/exceptions/v1" schemaLocation="exceptionTypes_v1.xsd"/>
  <xsd:import namespace="http://kszbcss.fgov.be/types/Handi/v2" schemaLocation="../handi/be/fgov/kszbcss/types/Handi/HandiV2.xsd"/>
  <xsd:complexType name="PaymentsRequestType">
    <xsd:annotation>
      <xsd:documentation>The person whose information is requested.</xsd:documentation>
    </xsd:annotation>
    <xsd:sequence>
      <xsd:element name="personNumber" type="cme:PersonNumberType" nillable="true">
        <xsd:annotation>
          <xsd:documentation>The basic identifier of a person is his personNumber.</xsd:documentation>
        </xsd:annotation>
      </xsd:element>
      <xsd:element name="period" type="tns:PeriodType"/>
    </xsd:sequence>
  </xsd:complexType>
  <xsd:complexType name="PeriodType">
    <xsd:annotation>
      <xsd:documentation>Period containing a begin date and an end date.</xsd:documentation>
    </xsd:annotation>
    <xsd:sequence>
      <xsd:element name="beginDate" type="xsd:date"/>
      <xsd:element name="endDate" type="xsd:date"/>
    </xsd:sequence>
  </xsd:complexType>
  <xsd:complexType name="FilesRequestType">
    <xsd:annotation>
      <xsd:documentation>The person whose information is requested.</xsd:documentation>
    </xsd:annotation>
    <xsd:sequence>
      <xsd:element name="personNumber" type="cme:PersonNumberType" nillable="true">
        <xsd:annotation>
          <xsd:documentation>The basic identifier of a person is his personNumber.</xsd:documentation>
        </xsd:annotation>
      </xsd:element>
      <xsd:element name="referenceDate" type="xsd:date"/>
    </xsd:sequence>
  </xsd:complexType>
  <!--Request consultPayments definition-->
  <xsd:complexType name="ConsultPaymentsRequestType">
    <xsd:sequence>
      <xsd:element name="messageContext" type="cme:RequestMessageContextType"/>
      <xsd:element name="legalContext" type="cme:LegalContextType"/>
      <xsd:element name="request" type="tns:PaymentsRequestType"/>
    </xsd:sequence>
  </xsd:complexType>
  <!--Response consultPayments definition-->
  <xsd:complexType name="ConsultPaymentsResponseType">
    <xsd:sequence>
      <xsd:element name="messageContext" type="cme:ResponseMessageContextType"/>
      <xsd:element name="responses" type="tns:PaymentsResponsesType" minOccurs="0"/>
      <xsd:element name="exceptions" type="exc:ExceptionsType" minOccurs="0">
        <xsd:annotation>
          <xsd:documentation>Technical errors that occur when processing the message context e.g. insufficient rights.</xsd:documentation>
        </xsd:annotation>
      </xsd:element>
    </xsd:sequence>
  </xsd:complexType>
  <!--Request consultFilesByDate definition-->
  <xsd:complexType name="ConsultFilesByDateRequestType">
    <xsd:sequence>
      <xsd:element name="messageContext" type="cme:RequestMessageContextType"/>
      <xsd:element name="legalContext" type="cme:LegalContextType"/>
      <xsd:element name="request" type="tns:FilesRequestType"/>
    </xsd:sequence>
  </xsd:complexType>
  <!--Response consultFilesByDate definition-->
  <xsd:complexType name="ConsultFilesByDateResponseType">
    <xsd:sequence>
      <xsd:element name="messageContext" type="cme:ResponseMessageContextType"/>
      <xsd:element name="responses" type="tns:FilesResponsesType" minOccurs="0"/>
      <xsd:element name="exceptions" type="exc:ExceptionsType" minOccurs="0">
        <xsd:annotation>
          <xsd:documentation>Technical errors that occur when processing the message context e.g. insufficient rights.</xsd:documentation>
        </xsd:annotation>
      </xsd:element>
    </xsd:sequence>
  </xsd:complexType>
  <xsd:complexType name="PaymentsResponsesType">
    <xsd:sequence>
      <xsd:element name="response" type="tns:PaymentsResponseType" minOccurs="1" maxOccurs="1"/>
    </xsd:sequence>
  </xsd:complexType>
  <xsd:complexType name="PaymentsResponseType">
    <xsd:sequence>
      <xsd:element name="results" type="han:PaymentsResultsType" minOccurs="0"/>
      <xsd:element name="exceptions" type="exc:ExceptionsType" minOccurs="0">
        <xsd:annotation>
          <xsd:documentation>Business exceptions that occur when processing the request or response e.g. missing data for a single response element.
						Exceptions at this level may contain back-end specific codes and content.</xsd:documentation>
        </xsd:annotation>
      </xsd:element>
    </xsd:sequence>
  </xsd:complexType>
  <xsd:complexType name="FilesResponsesType">
    <xsd:sequence>
      <xsd:element name="response" type="tns:FilesResponseType" minOccurs="1" maxOccurs="1"/>
    </xsd:sequence>
  </xsd:complexType>
  <xsd:complexType name="FilesResponseType">
    <xsd:sequence>
      <xsd:element name="results" type="han:FileResultsType" minOccurs="0"/>
      <xsd:element name="exceptions" type="exc:ExceptionsType" minOccurs="0">
        <xsd:annotation>
          <xsd:documentation>Business exceptions that occur when processing the request or response e.g. missing data for a single response element.
						Exceptions at this level may contain back-end specific codes and content.</xsd:documentation>
        </xsd:annotation>
      </xsd:element>
    </xsd:sequence>
  </xsd:complexType>
  <!--Element of the request and the response-->
  <xsd:element name="consultPaymentsRequest" type="tns:ConsultPaymentsRequestType"/>
  <xsd:element name="consultPaymentsResponse" type="tns:ConsultPaymentsResponseType"/>
  <xsd:element name="consultFilesByDateRequest" type="tns:ConsultFilesByDateRequestType"/>
  <xsd:element name="consultFilesByDateResponse" type="tns:ConsultFilesByDateResponseType"/>
</xsd:schema>]]></con:content><con:type>http://www.w3.org/2001/XMLSchema</con:type></con:part><con:part><con:url>file:/home/ebarbieux/Dev/fidus/handiservice/HandiServiceGateway/src/main/resources/wsdl/handiService/2.0.0/messages/baseMessageTypes_v1.xsd</con:url><con:content><![CDATA[<xsd:schema targetNamespace="http://fidus.brussels/type/common/messages/v1" elementFormDefault="qualified" attributeFormDefault="unqualified" version="1.0" xmlns:xsd="http://www.w3.org/2001/XMLSchema" xmlns:cmn="http://fidus.brussels/type/common/v1" xmlns:tns="http://fidus.brussels/type/common/messages/v1">
  <!--Unformatted message Id-->
  <xsd:simpleType name="MessageIdType">
    <xsd:restriction base="xsd:string">
      <xsd:minLength value="1"/>
      <xsd:maxLength value="64"/>
    </xsd:restriction>
  </xsd:simpleType>
  <!--National Number of the person. Format depending on the Register-->
  <xsd:simpleType name="PersonNumberType">
    <xsd:restriction base="xsd:string">
      <xsd:pattern value="[0-9][0-9](([0][0-9])|([1][0-2]))(([0-2][0-9])|([3][0-1]))(([0-9]{2}[1-9])|([0-9][1-9][0-9])|([1-9][0-9]{2}))(([0-8][0-9])|([9][0-7]))">
        <xsd:annotation>
          <xsd:documentation>National Register format</xsd:documentation>
        </xsd:annotation>
      </xsd:pattern>
      <xsd:pattern value="[0-9][0-9](([2][0-9])|([3][0-2]))(([0-2][0-9])|([3][0-1]))[0-9]{3}(([0-8][0-9])|([9][0-7]))">
        <xsd:annotation>
          <xsd:documentation>CBSS Register format: Bis Register</xsd:documentation>
        </xsd:annotation>
      </xsd:pattern>
      <xsd:pattern value="[0-9][0-9](([4][0-9])|([5][0-2]))(([0-2][0-9])|([3][0-1]))[0-9]{3}(([0-8][0-9])|([9][0-7]))">
        <xsd:annotation>
          <xsd:documentation>CBSS Register format: Ter Register</xsd:documentation>
        </xsd:annotation>
      </xsd:pattern>
    </xsd:restriction>
  </xsd:simpleType>
  <!--Request message context-->
  <xsd:complexType name="RequestMessageContextType">
    <xsd:annotation>
      <xsd:documentation>Message context block generated by the consumer.</xsd:documentation>
    </xsd:annotation>
    <xsd:sequence>
      <xsd:element name="messageId" type="tns:MessageIdType">
        <xsd:annotation>
          <xsd:documentation>Consumer must assign their own MessageId reference for the request.</xsd:documentation>
        </xsd:annotation>
      </xsd:element>
      <xsd:element name="timestamp" type="xsd:dateTime" minOccurs="0">
        <xsd:annotation>
          <xsd:documentation>Timestamp when client sent request.</xsd:documentation>
        </xsd:annotation>
      </xsd:element>
    </xsd:sequence>
  </xsd:complexType>
  <!--Response message context-->
  <xsd:complexType name="ResponseMessageContextType">
    <xsd:annotation>
      <xsd:documentation>MessageContext block generated by Fidus.</xsd:documentation>
    </xsd:annotation>
    <xsd:sequence>
      <xsd:element name="messageId" type="tns:MessageIdType">
        <xsd:annotation>
          <xsd:documentation>A unique identifier generated by Fidus.</xsd:documentation>
        </xsd:annotation>
      </xsd:element>
      <xsd:element name="transactionId" type="tns:MessageIdType">
        <xsd:annotation>
          <xsd:documentation>A unique ID returned to the client for tracing purposes.</xsd:documentation>
        </xsd:annotation>
      </xsd:element>
      <xsd:element name="timestamp" type="xsd:dateTime" minOccurs="0">
        <xsd:annotation>
          <xsd:documentation>Time reply was sent by Fidus.</xsd:documentation>
        </xsd:annotation>
      </xsd:element>
    </xsd:sequence>
  </xsd:complexType>
  <!--Legal Context : the finality of the Privacy Commission-->
  <xsd:simpleType name="LegalContextType">
    <xsd:restriction base="xsd:string">
      <xsd:minLength value="1"/>
      <xsd:maxLength value="64"/>
    </xsd:restriction>
  </xsd:simpleType>
  <xsd:complexType name="UserContextType">
    <xsd:annotation>
      <xsd:documentation>The user context defines information regarding the actual user performing a request.</xsd:documentation>
    </xsd:annotation>
    <xsd:sequence>
      <xsd:element name="language" type="xsd:language" nillable="true">
        <xsd:annotation>
          <xsd:documentation>The preferred language of the actual user performing the request.
						This influences the language in which response elements are cast.</xsd:documentation>
        </xsd:annotation>
      </xsd:element>
    </xsd:sequence>
  </xsd:complexType>
</xsd:schema>]]></con:content><con:type>http://www.w3.org/2001/XMLSchema</con:type></con:part><con:part><con:url>file:/home/ebarbieux/Dev/fidus/handiservice/HandiServiceGateway/src/main/resources/wsdl/handiService/2.0.0/messages/exceptionTypes_v1.xsd</con:url><con:content><![CDATA[<xsd:schema targetNamespace="http://fidus.brussels/type/common/exceptions/v1" elementFormDefault="qualified" attributeFormDefault="unqualified" version="1.0" xmlns:xsd="http://www.w3.org/2001/XMLSchema" xmlns:tns="http://fidus.brussels/type/common/exceptions/v1">
  <!--Basic error typed-->
  <xsd:complexType name="ExceptionsType">
    <xsd:sequence>
      <xsd:element name="exception" type="tns:ExceptionType" maxOccurs="unbounded"/>
    </xsd:sequence>
  </xsd:complexType>
  <xsd:complexType name="ExceptionType">
    <xsd:sequence>
      <xsd:element name="type" type="tns:ExceptionClassType"/>
      <xsd:element name="code" type="tns:ExceptionCodeType"/>
      <xsd:element name="source" type="tns:ExceptionSourceType"/>
      <xsd:element name="description" type="tns:ExceptionDescriptionType"/>
    </xsd:sequence>
  </xsd:complexType>
  <xsd:simpleType name="ExceptionClassType">
    <xsd:restriction base="xsd:string">
      <xsd:enumeration value="ERROR"/>
      <xsd:enumeration value="WARNING"/>
      <xsd:enumeration value="INFO"/>
    </xsd:restriction>
  </xsd:simpleType>
  <xsd:simpleType name="ExceptionCodeType">
    <xsd:restriction base="xsd:string">
      <xsd:maxLength value="20"/>
    </xsd:restriction>
  </xsd:simpleType>
  <xsd:simpleType name="ExceptionSourceType">
    <xsd:restriction base="xsd:string">
      <xsd:maxLength value="20"/>
    </xsd:restriction>
  </xsd:simpleType>
  <xsd:simpleType name="ExceptionDescriptionType">
    <xsd:restriction base="xsd:string"/>
  </xsd:simpleType>
</xsd:schema>]]></con:content><con:type>http://www.w3.org/2001/XMLSchema</con:type></con:part><con:part><con:url>file:/home/ebarbieux/Dev/fidus/handiservice/HandiServiceGateway/src/main/resources/wsdl/handiService/2.0.0/handi/be/fgov/kszbcss/types/Handi/HandiV2.xsd</con:url><con:content><![CDATA[<!--edited with XMLSpy v2017 rel. 3 sp1 (http://www.altova.com) by ebarbieux (CIRB)-->
<!--========================================================================
	 * Owner :					KSZ / CBSS
	 * Creation date :		09/01/2017
	 * Description :			HandiTypesV2
	 * Revision History :-->
<xsd:schema targetNamespace="http://kszbcss.fgov.be/types/Handi/v2" elementFormDefault="unqualified" attributeFormDefault="unqualified" version="2017-01-09" xmlns:tns="http://kszbcss.fgov.be/types/Handi/v2" xmlns:xsd="http://www.w3.org/2001/XMLSchema" xmlns:common="http://kszbcss.fgov.be/types/common/v3" xmlns:dgph="http://dgph.fgov.be/types/Handi/common/v1" xmlns:vsb="http://www.vlaamsesocialebescherming.be/types/Handi/common/v1">
  <xsd:import namespace="http://kszbcss.fgov.be/types/common/v3" schemaLocation="../common/CommonV3.xsd"/>
  <xsd:import namespace="http://dgph.fgov.be/types/Handi/common/v1" schemaLocation="../../../dgph/types/Handi/common/DGPHHandiCommonV1.xsd"/>
  <xsd:import namespace="http://www.vlaamsesocialebescherming.be/types/Handi/common/v1" schemaLocation="../../../../vlaamsesocialebescherming/types/Handi/common/VSBHandiCommonV1.xsd"/>
  <xsd:complexType name="ConsultFilesByDateRequestType">
    <xsd:sequence>
      <xsd:element name="informationCustomer" type="common:InformationCustomerType"/>
      <xsd:element name="informationCBSS" type="common:InformationCBSSType" minOccurs="0"/>
      <xsd:element name="legalContext" type="common:LegalContextType"/>
      <xsd:element name="criteria" type="tns:ConsultFilesByDateCriteriaType"/>
    </xsd:sequence>
  </xsd:complexType>
  <xsd:complexType name="ConsultFilesByDateResponseType">
    <xsd:sequence>
      <xsd:element name="informationCustomer" type="common:InformationCustomerType"/>
      <xsd:element name="informationCBSS" type="common:InformationCBSSType"/>
      <xsd:element name="legalContext" type="common:LegalContextType"/>
      <xsd:element name="criteria" type="tns:ConsultFilesByDateCriteriaType"/>
      <xsd:element name="status" type="tns:GlobalStatusType"/>
      <xsd:element name="ssin" type="tns:SsinWithCanceledAndReplacedByStatusType" minOccurs="0"/>
      <xsd:element name="dataFilters" type="tns:DataFiltersType" minOccurs="0"/>
      <xsd:element name="results" type="tns:FileResultsType" minOccurs="0"/>
    </xsd:sequence>
  </xsd:complexType>
  <xsd:complexType name="ConsultPaymentsRequestType">
    <xsd:sequence>
      <xsd:element name="informationCustomer" type="common:InformationCustomerType"/>
      <xsd:element name="informationCBSS" type="common:InformationCBSSType" minOccurs="0"/>
      <xsd:element name="legalContext" type="common:LegalContextType"/>
      <xsd:element name="criteria" type="tns:ConsultPaymentsCriteriaType"/>
    </xsd:sequence>
  </xsd:complexType>
  <xsd:complexType name="ConsultPaymentsResponseType">
    <xsd:sequence>
      <xsd:element name="informationCustomer" type="common:InformationCustomerType"/>
      <xsd:element name="informationCBSS" type="common:InformationCBSSType"/>
      <xsd:element name="legalContext" type="common:LegalContextType"/>
      <xsd:element name="criteria" type="tns:ConsultPaymentsCriteriaType"/>
      <xsd:element name="status" type="tns:GlobalStatusType"/>
      <xsd:element name="ssin" type="tns:SsinWithCanceledAndReplacedByStatusType" minOccurs="0"/>
      <xsd:element name="results" type="tns:PaymentsResultsType" minOccurs="0"/>
    </xsd:sequence>
  </xsd:complexType>
  <xsd:complexType name="SsinWithCanceledAndReplacedByStatusType">
    <xsd:simpleContent>
      <xsd:extension base="common:SsinType">
        <xsd:attribute name="canceled" type="xsd:boolean"/>
        <xsd:attribute name="replacedBy" type="common:SsinType"/>
      </xsd:extension>
    </xsd:simpleContent>
  </xsd:complexType>
  <xsd:complexType name="ConsultFilesByDateCriteriaType">
    <xsd:sequence>
      <xsd:element name="ssin" type="common:SsinType"/>
      <xsd:element name="handicapAuthenticSources" type="tns:HandicapAuthenticSourcesType"/>
      <xsd:element name="referenceDate" type="xsd:date"/>
      <xsd:element name="parts" type="tns:FilePartsType"/>
    </xsd:sequence>
  </xsd:complexType>
  <xsd:complexType name="ConsultPaymentsCriteriaType">
    <xsd:sequence>
      <xsd:element name="ssin" type="common:SsinType"/>
      <xsd:element name="handicapAuthenticSources" type="tns:HandicapAuthenticSourcesType"/>
      <xsd:element name="period" type="common:PeriodType"/>
    </xsd:sequence>
  </xsd:complexType>
  <xsd:complexType name="FilePartsType">
    <xsd:sequence>
      <xsd:element name="evolutionOfRequest" type="xsd:boolean" default="false" minOccurs="0"/>
      <xsd:element name="handicapRecognitions" type="xsd:boolean" default="false"/>
      <xsd:element name="rights" type="xsd:boolean" default="false" minOccurs="0"/>
      <xsd:element name="socialCards" type="xsd:boolean" default="false" minOccurs="0"/>
    </xsd:sequence>
  </xsd:complexType>
  <xsd:complexType name="HandicapAuthenticSourcesType">
    <xsd:sequence>
      <xsd:element name="DGPH" type="xsd:boolean" default="false"/>
      <xsd:element name="VSB" type="xsd:boolean" default="false" minOccurs="0"/>
    </xsd:sequence>
  </xsd:complexType>
  <xsd:complexType name="DataFiltersType">
    <xsd:sequence>
      <xsd:element name="filteredElement" type="xsd:string" maxOccurs="100"/>
    </xsd:sequence>
  </xsd:complexType>
  <xsd:complexType name="FileResultsType">
    <xsd:sequence>
      <xsd:element name="dgphResult" type="tns:DgphFileResultType" minOccurs="0"/>
      <xsd:element name="vsbResult" type="tns:VsbFileResultType" minOccurs="0"/>
    </xsd:sequence>
  </xsd:complexType>
  <xsd:complexType name="DgphFileResultType">
    <xsd:sequence>
      <xsd:element name="status" type="tns:SourceStatusType"/>
      <xsd:element name="file" type="dgph:FileType" minOccurs="0"/>
    </xsd:sequence>
  </xsd:complexType>
  <xsd:complexType name="VsbFileResultType">
    <xsd:sequence>
      <xsd:element name="status" type="tns:SourceStatusType"/>
      <xsd:element name="file" type="vsb:FileType" minOccurs="0"/>
    </xsd:sequence>
  </xsd:complexType>
  <xsd:complexType name="PaymentsResultsType">
    <xsd:sequence>
      <xsd:element name="dgphResult" type="tns:DgphPaymentsResultType" minOccurs="0"/>
      <xsd:element name="vsbResult" type="tns:VsbPaymentsResultType" minOccurs="0"/>
    </xsd:sequence>
  </xsd:complexType>
  <xsd:complexType name="DgphPaymentsResultType">
    <xsd:sequence>
      <xsd:element name="status" type="tns:SourceStatusType"/>
      <xsd:element name="payments" type="dgph:PaymentsType" minOccurs="0"/>
    </xsd:sequence>
  </xsd:complexType>
  <xsd:complexType name="VsbPaymentsResultType">
    <xsd:sequence>
      <xsd:element name="status" type="tns:SourceStatusType"/>
      <xsd:element name="payments" type="vsb:PaymentsType" minOccurs="0"/>
    </xsd:sequence>
  </xsd:complexType>
  <!--global status-->
  <xsd:complexType name="GlobalStatusType">
    <xsd:sequence>
      <xsd:element name="value">
        <xsd:annotation>
          <xsd:documentation>global status of the result</xsd:documentation>
        </xsd:annotation>
        <xsd:simpleType>
          <xsd:restriction base="xsd:string">
            <xsd:enumeration value="DATA_FOUND"/>
            <xsd:enumeration value="NO_DATA_FOUND"/>
            <xsd:enumeration value="NO_RESULT"/>
            <xsd:enumeration value="INCOMPLETE_DATA"/>
          </xsd:restriction>
        </xsd:simpleType>
      </xsd:element>
      <xsd:element name="code">
        <xsd:annotation>
          <xsd:documentation>the code of the status</xsd:documentation>
        </xsd:annotation>
        <xsd:simpleType>
          <xsd:restriction base="xsd:string">
            <xsd:maxLength value="16"/>
          </xsd:restriction>
        </xsd:simpleType>
      </xsd:element>
      <xsd:element name="description" minOccurs="0">
        <xsd:annotation>
          <xsd:documentation>the description of the status</xsd:documentation>
        </xsd:annotation>
        <xsd:simpleType>
          <xsd:restriction base="xsd:string">
            <xsd:maxLength value="256"/>
          </xsd:restriction>
        </xsd:simpleType>
      </xsd:element>
      <xsd:element name="information" type="common:InformationType" minOccurs="0" maxOccurs="15"/>
    </xsd:sequence>
  </xsd:complexType>
  <!--source status-->
  <xsd:complexType name="SourceStatusType">
    <xsd:sequence>
      <xsd:element name="value">
        <xsd:annotation>
          <xsd:documentation>global status of the result</xsd:documentation>
        </xsd:annotation>
        <xsd:simpleType>
          <xsd:restriction base="xsd:string">
            <xsd:enumeration value="DATA_FOUND"/>
            <xsd:enumeration value="NO_DATA_FOUND"/>
            <xsd:enumeration value="TECHNICAL_ERROR"/>
          </xsd:restriction>
        </xsd:simpleType>
      </xsd:element>
      <xsd:element name="code">
        <xsd:annotation>
          <xsd:documentation>the code of the status</xsd:documentation>
        </xsd:annotation>
        <xsd:simpleType>
          <xsd:restriction base="xsd:string">
            <xsd:maxLength value="16"/>
          </xsd:restriction>
        </xsd:simpleType>
      </xsd:element>
      <xsd:element name="description" minOccurs="0">
        <xsd:annotation>
          <xsd:documentation>the description of the status</xsd:documentation>
        </xsd:annotation>
        <xsd:simpleType>
          <xsd:restriction base="xsd:string">
            <xsd:maxLength value="256"/>
          </xsd:restriction>
        </xsd:simpleType>
      </xsd:element>
      <xsd:element name="information" type="common:InformationType" minOccurs="0" maxOccurs="15"/>
    </xsd:sequence>
  </xsd:complexType>
  <xsd:simpleType name="HandicapTechnicalSourceValueType">
    <xsd:restriction base="xsd:string">
      <xsd:enumeration value="CURAM"/>
      <xsd:enumeration value="TETRA"/>
    </xsd:restriction>
  </xsd:simpleType>
</xsd:schema>]]></con:content><con:type>http://www.w3.org/2001/XMLSchema</con:type></con:part><con:part><con:url>file:/home/ebarbieux/Dev/fidus/handiservice/HandiServiceGateway/src/main/resources/wsdl/handiService/2.0.0/handi/be/fgov/kszbcss/types/common/CommonV3.xsd</con:url><con:content><![CDATA[<!--====================================================================================================================================
	* File Name				: CommonV3.xsd
	* Author					: Johan Kumps - Peter Van den Bosch
	* Owner					: Crossroad Bank for Social Security (CBSS)
	* Domain					: CBSS Registries Public Services
	* Creation Date			: 31-05-2010
	* Description				: This XML schema document contains a set of Common XML  type definition and content model fragments for use in CBSS webservices and batch file schema definitions within the CBSS domain. 
	* Revision History		: 09-03-2011  	String2Type added
	*														LegalContext added
	*														DescriptionType refactored + lenght constraint 50 changed to 100
	*														InformationCustomerType.ticket length constraint 32 changed to 36
	*														LegalContext + IntegrationContext concepts added
	*														RuntimeFaultType refactored to CBSSFaultType
	*														Parameters added to BaseRequestType
	*                                18-10-2011 		removed String100Type 
   *                                         				Added InformationNotificationCBSS/InformationNotified
   *                                         				Increased the max number of occurences of Information in CBSSFaultType from 5 to 15
	*									25-10-2011	Refactored unbounded business errors to 25
	*														Refactored SSINType to SsinType
   *                          09-11-2011 Changed namespace to v3
   *                                         thorough validation leading to modifications: see CBSS common XSD types.doc
   *                           18-01-2011          informationNotified: identification renamed to notifiedIdentification (consistency)
   *                                                          CbeNumberType: changed from 9 or 10 digits, to mandatory 10 digits
  *                                                          added types for euro amounts, enterprise numbers and business unit numbers
 *                                                          Removed status and business anomalies from BaseResponseType, as the request fields should be copied in the same order in the response
*                                20-03-2012        Renamed BaseDescriptionType to DescriptionType, removed old DescriptionType
*                                                        Removed DescriptionStyleParametersType
*                                                        Removed RegisterCharacterSetType
*                                 29-05-2012           Really remove RegisterCharacterSetType
*								  14-11-2013		Added InformationCBSSBatchType
*								  04-09-2014		Added SenderReceiverType
*								  07-01-2015		Added SequenceNumberType
*								  03-07-2015		Added NssoRegistrationNumberType
*                                 11-09-2015      Modified NssoRegistrationNumberType to allow both 9 long as temporary 10 long numbers starting with 51.
*                                 16-09-2015      Modified NssoRegistrationNumberType to 10 long numbers starting with 51 or with 0.
*                                 08-02-2016      Added StatusOkType
*                                 27-09-2016      Added YearQuarterType format yyyyQx, QuarterPeriodType and OpenQuarterPeriodType
====================================================================================================================================-->
<xsd:schema targetNamespace="http://kszbcss.fgov.be/types/common/v3" elementFormDefault="unqualified" attributeFormDefault="unqualified" version="3.3.1" xmlns:xsd="http://www.w3.org/2001/XMLSchema" xmlns:tns="http://kszbcss.fgov.be/types/common/v3">
  <!--Request / response meta data-->
  <xsd:simpleType name="SeverityType">
    <xsd:restriction base="xsd:string">
      <xsd:enumeration value="INFORMATION"/>
      <xsd:enumeration value="WARNING"/>
      <xsd:enumeration value="FATAL"/>
    </xsd:restriction>
  </xsd:simpleType>
  <xsd:simpleType name="UUIDType">
    <xsd:restriction base="xsd:string">
      <xsd:pattern value="[\da-fA-F]{8}-[\da-fA-F]{4}-[\da-fA-F]{4}-[\da-fA-F]{4}-[\da-fA-F]{12}"/>
    </xsd:restriction>
  </xsd:simpleType>
  <xsd:simpleType name="TicketType">
    <xsd:restriction base="xsd:string">
      <xsd:maxLength value="36"/>
    </xsd:restriction>
  </xsd:simpleType>
  <xsd:simpleType name="CbeNumberType">
    <xsd:annotation>
      <xsd:documentation>CBE number identifying an enterprise or business unit</xsd:documentation>
    </xsd:annotation>
    <xsd:restriction base="xsd:string">
      <xsd:pattern value="\d{10}"/>
    </xsd:restriction>
  </xsd:simpleType>
  <xsd:simpleType name="EnterpriseNumberType">
    <xsd:annotation>
      <xsd:documentation>CBE enterprise number (starting with 0 or 1)</xsd:documentation>
    </xsd:annotation>
    <xsd:restriction base="xsd:string">
      <xsd:pattern value="[0-1]\d{9}"/>
    </xsd:restriction>
  </xsd:simpleType>
  <xsd:simpleType name="BusinessUnitNumberType">
    <xsd:annotation>
      <xsd:documentation>CBE business unit number (starting with 2-8)</xsd:documentation>
    </xsd:annotation>
    <xsd:restriction base="xsd:string">
      <xsd:pattern value="[2-8]\d{9}"/>
    </xsd:restriction>
  </xsd:simpleType>
  <xsd:simpleType name="SsinType">
    <xsd:restriction base="xsd:string">
      <xsd:pattern value="[0-9][0-9](([0][0-9])|([1][0-2]))(([0-2][0-9])|([3][0-1]))(([0-9]{2}[1-9])|([0-9][1-9][0-9])|([1-9][0-9]{2}))(([0-8][0-9])|([9][0-7]))">
        <xsd:annotation>
          <xsd:documentation xml:lang="FR">Registre National</xsd:documentation>
          <xsd:documentation xml:lang="NL">Rijksregister</xsd:documentation>
        </xsd:annotation>
      </xsd:pattern>
      <xsd:pattern value="[0-9][0-9](([2][0-9])|([3][0-2]))(([0-2][0-9])|([3][0-1]))[0-9]{3}(([0-8][0-9])|([9][0-7]))">
        <xsd:annotation>
          <xsd:documentation xml:lang="FR">Registre Bis : numero Bis</xsd:documentation>
          <xsd:documentation xml:lang="NL">Bis register : Bisnummer</xsd:documentation>
        </xsd:annotation>
      </xsd:pattern>
      <xsd:pattern value="[0-9][0-9](([4][0-9])|([5][0-2]))(([0-2][0-9])|([3][0-1]))[0-9]{3}(([0-8][0-9])|([9][0-7]))">
        <xsd:annotation>
          <xsd:documentation xml:lang="FR">Registre Bis : numero TER</xsd:documentation>
          <xsd:documentation xml:lang="NL">Bisregister : Ternummer</xsd:documentation>
        </xsd:annotation>
      </xsd:pattern>
    </xsd:restriction>
  </xsd:simpleType>
  <xsd:simpleType name="LegalContextType">
    <xsd:restriction base="xsd:string">
      <xsd:maxLength value="64"/>
    </xsd:restriction>
  </xsd:simpleType>
  <xsd:simpleType name="IntegrationContextType">
    <xsd:annotation>
      <xsd:documentation>deprecated type. Use InscriptionContextType instead in new XSDs</xsd:documentation>
    </xsd:annotation>
    <xsd:restriction base="xsd:string">
      <xsd:maxLength value="64"/>
    </xsd:restriction>
  </xsd:simpleType>
  <xsd:simpleType name="InscriptionContextType">
    <xsd:annotation>
      <xsd:documentation>The way in which an organization knows a person (textual equivalent of former numerical quality code)</xsd:documentation>
    </xsd:annotation>
    <xsd:restriction base="xsd:string">
      <xsd:maxLength value="64"/>
    </xsd:restriction>
  </xsd:simpleType>
  <xsd:simpleType name="SequenceNumberType">
    <xsd:restriction base="xsd:long">
      <xsd:minInclusive value="1"/>
      <xsd:totalDigits value="15"/>
    </xsd:restriction>
  </xsd:simpleType>
  <xsd:complexType name="InformationCBSSType">
    <xsd:annotation>
      <xsd:documentation>Information block from CBSS.</xsd:documentation>
    </xsd:annotation>
    <xsd:sequence>
      <xsd:element name="ticketCBSS" type="tns:UUIDType"/>
      <xsd:element name="timestampReceive" type="xsd:dateTime">
        <xsd:annotation>
          <xsd:documentation>Time request was received by CBSS.</xsd:documentation>
        </xsd:annotation>
      </xsd:element>
      <xsd:element name="timestampReply" type="xsd:dateTime">
        <xsd:annotation>
          <xsd:documentation>Time reply was sent by CBSS.</xsd:documentation>
        </xsd:annotation>
      </xsd:element>
    </xsd:sequence>
  </xsd:complexType>
  <xsd:complexType name="InformationCustomerType">
    <xsd:annotation>
      <xsd:documentation>Information block that can be used by the customer for diagnostic use.</xsd:documentation>
    </xsd:annotation>
    <xsd:sequence>
      <xsd:element name="ticket" type="tns:TicketType" minOccurs="0">
        <xsd:annotation>
          <xsd:documentation>Client can assign their own ticket reference for the request. Not mandatory. For non-UUID tickets only the first 32 chars are stored at CBSS.</xsd:documentation>
        </xsd:annotation>
      </xsd:element>
      <xsd:element name="timestampSent" type="xsd:dateTime" minOccurs="0">
        <xsd:annotation>
          <xsd:documentation>Timestamp when client sent request.</xsd:documentation>
        </xsd:annotation>
      </xsd:element>
      <xsd:element name="customerIdentification" type="tns:OrganizationIdentificationType"/>
    </xsd:sequence>
  </xsd:complexType>
  <xsd:complexType name="InformationSupplierType">
    <xsd:annotation>
      <xsd:documentation>Information block for supplier of a service</xsd:documentation>
    </xsd:annotation>
    <xsd:sequence>
      <xsd:element name="ticket" type="tns:TicketType" minOccurs="0">
        <xsd:annotation>
          <xsd:documentation>UUID generated by Customer or Supplier</xsd:documentation>
        </xsd:annotation>
      </xsd:element>
      <xsd:element name="timestampReceive" type="xsd:dateTime" minOccurs="0">
        <xsd:annotation>
          <xsd:documentation>Time of request</xsd:documentation>
        </xsd:annotation>
      </xsd:element>
      <xsd:element name="timestampReply" type="xsd:dateTime" minOccurs="0">
        <xsd:annotation>
          <xsd:documentation>Time of request</xsd:documentation>
        </xsd:annotation>
      </xsd:element>
      <xsd:element name="supplierIdentification" type="tns:OrganizationIdentificationType"/>
    </xsd:sequence>
  </xsd:complexType>
  <xsd:complexType name="InformationNotificationCBSSType">
    <xsd:annotation>
      <xsd:documentation>Deprecated type. Use SenderReceiverType in new batch XSDs. Information block for CBSS info when CBSS notifies partner</xsd:documentation>
    </xsd:annotation>
    <xsd:sequence>
      <xsd:element name="ticketCBSS" type="tns:UUIDType">
        <xsd:annotation>
          <xsd:documentation>UUID generated by Customer or Supplier</xsd:documentation>
        </xsd:annotation>
      </xsd:element>
      <xsd:element name="timestampSent" type="xsd:dateTime">
        <xsd:annotation>
          <xsd:documentation>Time of request</xsd:documentation>
        </xsd:annotation>
      </xsd:element>
    </xsd:sequence>
  </xsd:complexType>
  <xsd:complexType name="InformationNotifiedType">
    <xsd:annotation>
      <xsd:documentation>Deprecated type. Use SenderReceiverType in new batch XSDs. Information block for partner info when CBSS notifies partner</xsd:documentation>
    </xsd:annotation>
    <xsd:sequence>
      <xsd:element name="ticket" type="tns:TicketType" minOccurs="0"/>
      <xsd:element name="timestampReply" type="xsd:dateTime" minOccurs="0"/>
      <xsd:element name="notifiedIdentification" type="tns:OrganizationIdentificationType"/>
    </xsd:sequence>
  </xsd:complexType>
  <xsd:complexType name="InformationCBSSBatchType">
    <xsd:annotation>
      <xsd:documentation>Deprecated type. Use SenderReceiverType in new batch XSDs</xsd:documentation>
    </xsd:annotation>
    <xsd:sequence>
      <xsd:element name="fileId" type="xsd:unsignedLong"/>
      <xsd:element name="fileCreationTimestamp" type="xsd:dateTime"/>
    </xsd:sequence>
  </xsd:complexType>
  <xsd:complexType name="SenderReceiverType">
    <xsd:annotation>
      <xsd:documentation>Information block containing info about the sender or receiver of a message.</xsd:documentation>
    </xsd:annotation>
    <xsd:sequence>
      <xsd:element name="ticket" type="tns:TicketType" minOccurs="0">
        <xsd:annotation>
          <xsd:documentation>The partner can assign a ticket reference to the message. Not mandatory.</xsd:documentation>
        </xsd:annotation>
      </xsd:element>
      <xsd:element name="timestampSent" type="xsd:dateTime" minOccurs="0">
        <xsd:annotation>
          <xsd:documentation>Timestamp when message was sent. In the receiver block of response messages the timestampSent is the timestamp when the request was created by the organization that receives the response.</xsd:documentation>
        </xsd:annotation>
      </xsd:element>
      <xsd:element name="organizationIdentification" type="tns:OrganizationIdentificationType"/>
    </xsd:sequence>
  </xsd:complexType>
  <xsd:complexType name="OrganizationIdentificationType">
    <xsd:choice>
      <xsd:element name="cbeNumber" type="tns:CbeNumberType"/>
      <xsd:sequence>
        <xsd:element name="sector">
          <xsd:simpleType>
            <xsd:restriction base="xsd:unsignedShort">
              <xsd:maxInclusive value="999"/>
            </xsd:restriction>
          </xsd:simpleType>
        </xsd:element>
        <xsd:element name="institution">
          <xsd:simpleType>
            <xsd:restriction base="xsd:unsignedShort">
              <xsd:maxInclusive value="999"/>
            </xsd:restriction>
          </xsd:simpleType>
        </xsd:element>
      </xsd:sequence>
    </xsd:choice>
  </xsd:complexType>
  <xsd:complexType name="OpenPeriodType">
    <xsd:annotation>
      <xsd:documentation>Period containing a begin date and an optional end date.</xsd:documentation>
    </xsd:annotation>
    <xsd:sequence>
      <xsd:element name="beginDate" type="xsd:date"/>
      <xsd:element name="endDate" type="xsd:date" minOccurs="0"/>
    </xsd:sequence>
  </xsd:complexType>
  <xsd:complexType name="PeriodType">
    <xsd:annotation>
      <xsd:documentation>Period containing a begin date and an end date.</xsd:documentation>
    </xsd:annotation>
    <xsd:sequence>
      <xsd:element name="beginDate" type="xsd:date"/>
      <xsd:element name="endDate" type="xsd:date"/>
    </xsd:sequence>
  </xsd:complexType>
  <xsd:complexType name="OpenQuarterPeriodType">
    <xsd:annotation>
      <xsd:documentation>Quarter period containing a quarter begin date and an optional quarter end date.</xsd:documentation>
    </xsd:annotation>
    <xsd:sequence>
      <xsd:element name="beginQuarter" type="tns:YearQuarterType"/>
      <xsd:element name="endQuarter" type="tns:YearQuarterType" minOccurs="0"/>
    </xsd:sequence>
  </xsd:complexType>
  <xsd:complexType name="QuarterPeriodType">
    <xsd:annotation>
      <xsd:documentation>Quarter period containing a quarter begin date and a quarter end date.</xsd:documentation>
    </xsd:annotation>
    <xsd:sequence>
      <xsd:element name="beginQuarter" type="tns:YearQuarterType"/>
      <xsd:element name="endQuarter" type="tns:YearQuarterType"/>
    </xsd:sequence>
  </xsd:complexType>
  <xsd:simpleType name="YearQuarterType">
    <xsd:restriction base="xsd:string">
      <xsd:length value="6"/>
      <xsd:whiteSpace value="collapse"/>
      <xsd:pattern value="[1-2]\d{3}Q(1|2|3|4)"/>
    </xsd:restriction>
  </xsd:simpleType>
  <xsd:simpleType name="IncompleteDateType">
    <xsd:annotation>
      <xsd:documentation>A possibly incomplete date. Format yyyy-mm-dd, yyyy-mm-00 or yyyy-00-00</xsd:documentation>
    </xsd:annotation>
    <xsd:restriction base="xsd:string">
      <xsd:length value="10"/>
      <xsd:whiteSpace value="collapse"/>
      <xsd:pattern value="[0-2][0-9]{3}\-[0-1][0-9]\-[0-3][0-9]"/>
    </xsd:restriction>
  </xsd:simpleType>
  <xsd:simpleType name="DescriptionType">
    <xsd:restriction base="xsd:string">
      <xsd:maxLength value="100"/>
    </xsd:restriction>
  </xsd:simpleType>
  <xsd:simpleType name="LanguageType">
    <xsd:annotation>
      <xsd:documentation>Type specifying the language of a given value</xsd:documentation>
    </xsd:annotation>
    <xsd:restriction base="xsd:string">
      <xsd:enumeration value="NL"/>
      <xsd:enumeration value="FR"/>
      <xsd:enumeration value="DE"/>
    </xsd:restriction>
  </xsd:simpleType>
  <!--Errors and warnings structures-->
  <xsd:group name="BusinessAnomaliesContentFragment">
    <xsd:annotation>
      <xsd:documentation>Structure reporting business errors to the consumer</xsd:documentation>
    </xsd:annotation>
    <xsd:sequence>
      <xsd:element name="businessAnomalies" type="tns:BusinessAnomaliesType" minOccurs="0"/>
    </xsd:sequence>
  </xsd:group>
  <xsd:complexType name="BusinessAnomaliesType">
    <xsd:annotation>
      <xsd:documentation>Type defining the structure of the part of the response containing business Faults</xsd:documentation>
    </xsd:annotation>
    <xsd:sequence>
      <xsd:element name="businessAnomaly" type="tns:BusinessAnomalyType" maxOccurs="25"/>
    </xsd:sequence>
  </xsd:complexType>
  <xsd:complexType name="BusinessAnomalyType">
    <xsd:annotation>
      <xsd:documentation>Type defining the structure of one business Faults</xsd:documentation>
    </xsd:annotation>
    <xsd:sequence>
      <xsd:element name="code" type="xsd:string">
        <xsd:annotation>
          <xsd:documentation>Unique code referring to a description of this Fault</xsd:documentation>
        </xsd:annotation>
      </xsd:element>
      <xsd:element name="severity" type="tns:SeverityType"/>
      <xsd:element name="description">
        <xsd:annotation>
          <xsd:documentation>Some description of this Fault</xsd:documentation>
        </xsd:annotation>
        <xsd:simpleType>
          <xsd:restriction base="xsd:string">
            <xsd:maxLength value="256"/>
          </xsd:restriction>
        </xsd:simpleType>
      </xsd:element>
      <xsd:element name="information" type="tns:InformationType" minOccurs="0" maxOccurs="15"/>
    </xsd:sequence>
  </xsd:complexType>
  <xsd:complexType name="CBSSFaultType">
    <xsd:sequence>
      <xsd:element name="informationCustomer" type="tns:InformationCustomerType" minOccurs="0"/>
      <xsd:element name="informationCBSS" type="tns:InformationCBSSType"/>
      <xsd:element name="detail" type="tns:MessageType" maxOccurs="30"/>
    </xsd:sequence>
  </xsd:complexType>
  <xsd:complexType name="MessageType">
    <xsd:sequence>
      <xsd:element name="severity" type="tns:SeverityType"/>
      <xsd:element name="reasonCode">
        <xsd:simpleType>
          <xsd:restriction base="xsd:string">
            <xsd:maxLength value="16"/>
          </xsd:restriction>
        </xsd:simpleType>
      </xsd:element>
      <xsd:element name="diagnostic">
        <xsd:simpleType>
          <xsd:restriction base="xsd:string">
            <xsd:maxLength value="256"/>
          </xsd:restriction>
        </xsd:simpleType>
      </xsd:element>
      <xsd:element name="authorCode">
        <xsd:simpleType>
          <xsd:restriction base="xsd:string">
            <xsd:maxLength value="64"/>
          </xsd:restriction>
        </xsd:simpleType>
      </xsd:element>
      <xsd:element name="information" type="tns:InformationType" minOccurs="0" maxOccurs="15"/>
    </xsd:sequence>
  </xsd:complexType>
  <xsd:complexType name="InformationType">
    <xsd:sequence>
      <xsd:element name="fieldName">
        <xsd:simpleType>
          <xsd:restriction base="xsd:string">
            <xsd:maxLength value="64"/>
          </xsd:restriction>
        </xsd:simpleType>
      </xsd:element>
      <xsd:element name="fieldValue" minOccurs="0">
        <xsd:simpleType>
          <xsd:restriction base="xsd:string">
            <xsd:maxLength value="256"/>
          </xsd:restriction>
        </xsd:simpleType>
      </xsd:element>
    </xsd:sequence>
  </xsd:complexType>
  <!--Base types for most common request/response format for consultation type operations. Can be used to define request and response types with extension type inheritance. Don't use if it doesn't fit the requirements.-->
  <xsd:complexType name="BaseRequestType" abstract="true">
    <xsd:annotation>
      <xsd:documentation>Type defining the base structure for all service requests</xsd:documentation>
    </xsd:annotation>
    <xsd:sequence>
      <xsd:element name="informationCustomer" type="tns:InformationCustomerType"/>
      <xsd:element name="informationCBSS" type="tns:InformationCBSSType" minOccurs="0"/>
      <xsd:element name="legalContext" type="tns:LegalContextType">
        <xsd:annotation>
          <xsd:documentation>legal context under which the request was made</xsd:documentation>
        </xsd:annotation>
      </xsd:element>
    </xsd:sequence>
  </xsd:complexType>
  <xsd:complexType name="BaseResponseType" abstract="true">
    <xsd:annotation>
      <xsd:documentation>Type defining the base structure for all service responses</xsd:documentation>
    </xsd:annotation>
    <xsd:sequence>
      <xsd:element name="informationCustomer" type="tns:InformationCustomerType"/>
      <xsd:element name="informationCBSS" type="tns:InformationCBSSType"/>
      <xsd:element name="legalContext" type="tns:LegalContextType"/>
    </xsd:sequence>
  </xsd:complexType>
  <!--Commonly used status type for consultation type operations. Define another if it doesn't fit requirements.-->
  <xsd:complexType name="StatusType">
    <xsd:sequence>
      <xsd:element name="value">
        <xsd:annotation>
          <xsd:documentation>global status of the result</xsd:documentation>
        </xsd:annotation>
        <xsd:simpleType>
          <xsd:restriction base="xsd:string">
            <xsd:enumeration value="DATA_FOUND"/>
            <xsd:enumeration value="NO_DATA_FOUND"/>
            <xsd:enumeration value="NO_RESULT"/>
          </xsd:restriction>
        </xsd:simpleType>
      </xsd:element>
      <xsd:element name="code">
        <xsd:annotation>
          <xsd:documentation>the code of the status</xsd:documentation>
        </xsd:annotation>
        <xsd:simpleType>
          <xsd:restriction base="xsd:string">
            <xsd:maxLength value="16"/>
          </xsd:restriction>
        </xsd:simpleType>
      </xsd:element>
      <xsd:element name="description" minOccurs="0">
        <xsd:annotation>
          <xsd:documentation>the description of the status</xsd:documentation>
        </xsd:annotation>
        <xsd:simpleType>
          <xsd:restriction base="xsd:string">
            <xsd:maxLength value="256"/>
          </xsd:restriction>
        </xsd:simpleType>
      </xsd:element>
      <xsd:element name="information" type="tns:InformationType" minOccurs="0" maxOccurs="15"/>
    </xsd:sequence>
  </xsd:complexType>
  <!--Commonly used status type for ok/nok type operations like notifications. Don't use if it doesn't fit requirements.-->
  <xsd:complexType name="StatusOkType">
    <xsd:sequence>
      <xsd:element name="value">
        <xsd:annotation>
          <xsd:documentation>global status of the result</xsd:documentation>
        </xsd:annotation>
        <xsd:simpleType>
          <xsd:restriction base="xsd:string">
            <xsd:enumeration value="OK"/>
            <xsd:enumeration value="NOK"/>
          </xsd:restriction>
        </xsd:simpleType>
      </xsd:element>
      <xsd:element name="code">
        <xsd:annotation>
          <xsd:documentation>the code of the status</xsd:documentation>
        </xsd:annotation>
        <xsd:simpleType>
          <xsd:restriction base="xsd:string">
            <xsd:maxLength value="16"/>
          </xsd:restriction>
        </xsd:simpleType>
      </xsd:element>
      <xsd:element name="description" minOccurs="0">
        <xsd:annotation>
          <xsd:documentation>the description of the status</xsd:documentation>
        </xsd:annotation>
        <xsd:simpleType>
          <xsd:restriction base="xsd:string">
            <xsd:maxLength value="256"/>
          </xsd:restriction>
        </xsd:simpleType>
      </xsd:element>
      <xsd:element name="information" type="tns:InformationType" minOccurs="0" maxOccurs="15"/>
    </xsd:sequence>
  </xsd:complexType>
  <xsd:simpleType name="EuroPositiveAmountType">
    <xsd:restriction base="xsd:decimal">
      <xsd:fractionDigits value="2"/>
      <xsd:maxExclusive value="1000000000000000"/>
    </xsd:restriction>
  </xsd:simpleType>
  <xsd:simpleType name="EuroAmountType">
    <xsd:restriction base="xsd:decimal">
      <xsd:fractionDigits value="2"/>
      <xsd:maxExclusive value="1000000000000000"/>
      <xsd:minExclusive value="-1000000000000000"/>
    </xsd:restriction>
  </xsd:simpleType>
  <xsd:simpleType name="EurocentPositiveAmountType">
    <xsd:restriction base="xsd:unsignedLong">
      <xsd:maxExclusive value="100000000000000000"/>
    </xsd:restriction>
  </xsd:simpleType>
  <xsd:simpleType name="EurocentAmountType">
    <xsd:restriction base="xsd:long">
      <xsd:minExclusive value="-100000000000000000"/>
      <xsd:maxExclusive value="100000000000000000"/>
    </xsd:restriction>
  </xsd:simpleType>
  <xsd:simpleType name="NssoRegistrationNumberType">
    <xsd:annotation>
      <xsd:documentation>Identification number of an enterprise at NSSO (= RSZ/ONSS). Numbers starting with 51 and length 10 are always temporary numbers.</xsd:documentation>
    </xsd:annotation>
    <xsd:restriction base="xsd:string">
      <xsd:pattern value="0\d{9}"/>
      <xsd:pattern value="51\d{8}"/>
    </xsd:restriction>
  </xsd:simpleType>
</xsd:schema>]]></con:content><con:type>http://www.w3.org/2001/XMLSchema</con:type></con:part><con:part><con:url>file:/home/ebarbieux/Dev/fidus/handiservice/HandiServiceGateway/src/main/resources/wsdl/handiService/2.0.0/handi/be/fgov/dgph/types/Handi/common/DGPHHandiCommonV1.xsd</con:url><con:content><![CDATA[<!--========================================================================
	 * Owner :					KSZ / CBSS
	 * Creation date :		09/01/2017
	 * Description :			HandiCommonDGPHTypesV1
	 * Revision History :-->
<xsd:schema targetNamespace="http://dgph.fgov.be/types/Handi/common/v1" elementFormDefault="unqualified" attributeFormDefault="unqualified" version="2017-01-09" xmlns:tns="http://dgph.fgov.be/types/Handi/common/v1" xmlns:xsd="http://www.w3.org/2001/XMLSchema">
  <xsd:complexType name="FileType">
    <xsd:sequence>
      <xsd:element name="addressHandicappedPerson" type="tns:PersonDataType" minOccurs="0"/>
      <xsd:element name="evolutionOfRequest" type="tns:EvolutionOfRequestType" minOccurs="0"/>
      <xsd:element name="handicapRecognitions" type="tns:HandicapRecognitionsType" minOccurs="0"/>
      <xsd:element name="rights" type="tns:RightsType" minOccurs="0"/>
      <xsd:element name="socialCards" type="tns:SocialCardsType" minOccurs="0"/>
    </xsd:sequence>
  </xsd:complexType>
  <!--Types for the address of the person-->
  <xsd:complexType name="PersonDataType">
    <xsd:sequence>
      <xsd:element name="lastName">
        <xsd:simpleType>
          <xsd:restriction base="xsd:string">
            <xsd:minLength value="1"/>
            <xsd:maxLength value="48"/>
          </xsd:restriction>
        </xsd:simpleType>
      </xsd:element>
      <xsd:element name="firstName" minOccurs="0">
        <xsd:simpleType>
          <xsd:restriction base="xsd:string">
            <xsd:minLength value="1"/>
            <xsd:maxLength value="24"/>
          </xsd:restriction>
        </xsd:simpleType>
      </xsd:element>
      <xsd:element name="address" type="tns:AddressType" minOccurs="0"/>
    </xsd:sequence>
  </xsd:complexType>
  <xsd:complexType name="AddressType">
    <xsd:sequence>
      <xsd:element name="building" minOccurs="0">
        <xsd:simpleType>
          <xsd:restriction base="xsd:string">
            <xsd:minLength value="1"/>
            <xsd:maxLength value="48"/>
          </xsd:restriction>
        </xsd:simpleType>
      </xsd:element>
      <xsd:element name="streetCode" minOccurs="0">
        <xsd:simpleType>
          <xsd:restriction base="xsd:string">
            <xsd:pattern value="[0-9]{10}"/>
          </xsd:restriction>
        </xsd:simpleType>
      </xsd:element>
      <xsd:element name="streetName" type="tns:DescriptionType" minOccurs="0" maxOccurs="3"/>
      <xsd:element name="houseNumber" minOccurs="0">
        <xsd:simpleType>
          <xsd:restriction base="xsd:string">
            <xsd:minLength value="1"/>
            <xsd:maxLength value="10"/>
          </xsd:restriction>
        </xsd:simpleType>
      </xsd:element>
      <xsd:element name="boxNumber" minOccurs="0">
        <xsd:simpleType>
          <xsd:restriction base="xsd:string">
            <xsd:minLength value="1"/>
            <xsd:maxLength value="10"/>
          </xsd:restriction>
        </xsd:simpleType>
      </xsd:element>
      <xsd:element name="postalCode" type="tns:PostalCodeType" minOccurs="0"/>
      <xsd:element name="cityCode" type="tns:CityCodeType" minOccurs="0">
        <xsd:annotation>
          <xsd:documentation>For Belgian locations this is the "NISCode", for foreign locations the cityCode</xsd:documentation>
        </xsd:annotation>
      </xsd:element>
      <xsd:element name="cityName" type="tns:DescriptionType" minOccurs="0" maxOccurs="3"/>
      <xsd:element name="countryCode">
        <xsd:simpleType>
          <xsd:restriction base="xsd:string">
            <xsd:minLength value="1"/>
            <xsd:maxLength value="3"/>
          </xsd:restriction>
        </xsd:simpleType>
      </xsd:element>
      <xsd:element name="countryName" type="tns:DescriptionType" minOccurs="0" maxOccurs="3"/>
      <xsd:element name="date" type="xsd:date" minOccurs="0"/>
    </xsd:sequence>
    <xsd:attribute name="class" use="required">
      <xsd:annotation>
        <xsd:documentation>Type of location: Belgian, Foreign or Diplomatic Post</xsd:documentation>
      </xsd:annotation>
      <xsd:simpleType>
        <xsd:restriction base="xsd:string">
          <xsd:enumeration value="belgianAddress"/>
          <xsd:enumeration value="foreignAddress"/>
          <xsd:enumeration value="diplomaticPost"/>
        </xsd:restriction>
      </xsd:simpleType>
    </xsd:attribute>
  </xsd:complexType>
  <xsd:complexType name="DescriptionType">
    <xsd:annotation>
      <xsd:documentation>Type specifying how a value that can exist in several languages will be modelled</xsd:documentation>
    </xsd:annotation>
    <xsd:simpleContent>
      <xsd:extension base="tns:BaseDescriptionType">
        <xsd:attribute name="language" type="tns:LanguageType"/>
      </xsd:extension>
    </xsd:simpleContent>
  </xsd:complexType>
  <xsd:simpleType name="BaseDescriptionType">
    <xsd:restriction base="xsd:string">
      <xsd:maxLength value="100"/>
    </xsd:restriction>
  </xsd:simpleType>
  <xsd:simpleType name="LanguageType">
    <xsd:annotation>
      <xsd:documentation>Type specifying the language of a given value</xsd:documentation>
    </xsd:annotation>
    <xsd:restriction base="xsd:string">
      <xsd:enumeration value="NL"/>
      <xsd:enumeration value="FR"/>
      <xsd:enumeration value="DE"/>
      <xsd:enumeration value="EN"/>
    </xsd:restriction>
  </xsd:simpleType>
  <xsd:simpleType name="CityCodeType">
    <xsd:restriction base="xsd:string">
      <xsd:minLength value="1"/>
      <xsd:maxLength value="5"/>
    </xsd:restriction>
  </xsd:simpleType>
  <xsd:simpleType name="PostalCodeType">
    <xsd:annotation>
      <xsd:documentation>Type defining a postal code</xsd:documentation>
    </xsd:annotation>
    <xsd:restriction base="xsd:string">
      <xsd:minLength value="1"/>
      <xsd:maxLength value="15"/>
    </xsd:restriction>
  </xsd:simpleType>
  <!--Types for the evolution of the request-->
  <xsd:complexType name="EvolutionOfRequestType">
    <xsd:sequence>
      <xsd:element name="legislation">
        <xsd:simpleType>
          <xsd:restriction base="xsd:int">
            <xsd:minInclusive value="0"/>
            <xsd:maxInclusive value="20"/>
          </xsd:restriction>
        </xsd:simpleType>
      </xsd:element>
      <xsd:element name="requestDate" type="xsd:date" minOccurs="0"/>
      <xsd:element name="administrativePendingRequest" type="xsd:boolean"/>
      <xsd:element name="handicapRecognitionPending" type="xsd:boolean"/>
      <xsd:element name="fileCompletionDate" type="xsd:date" minOccurs="0"/>
      <xsd:element name="appeal" type="xsd:boolean"/>
    </xsd:sequence>
  </xsd:complexType>
  <!--Types for the handicap recognition-->
  <xsd:complexType name="HandicapRecognitionsType">
    <xsd:sequence>
      <xsd:element name="handicapRecognition" type="tns:HandicapRecognitionType" maxOccurs="2"/>
    </xsd:sequence>
  </xsd:complexType>
  <xsd:complexType name="HandicapRecognitionType">
    <xsd:sequence>
      <xsd:element name="recognitionStatus" type="tns:RecognitionStatusType" minOccurs="0"/>
      <xsd:element name="handicapRecognitionDetails" type="tns:HandicapRecognitionDetailsType" minOccurs="0"/>
      <xsd:choice id="resultRecognitionChoice" minOccurs="0">
        <xsd:element name="resultRecognitionChild" type="tns:ResultRecognitionChildType"/>
        <xsd:element name="resultRecognitionAdult" type="tns:ResultRecognitionAdultType"/>
      </xsd:choice>
    </xsd:sequence>
  </xsd:complexType>
  <xsd:complexType name="RecognitionStatusType">
    <xsd:sequence>
      <xsd:element name="dateOfDecision" type="xsd:date"/>
      <xsd:element name="startDateRecognition" type="xsd:date"/>
      <xsd:element name="endDateRecognition" type="xsd:date" minOccurs="0"/>
    </xsd:sequence>
  </xsd:complexType>
  <xsd:complexType name="HandicapRecognitionDetailsType">
    <xsd:sequence>
      <xsd:element name="lowerLimbs50p" type="xsd:boolean"/>
      <xsd:element name="fullBlindness" type="xsd:boolean"/>
      <xsd:element name="upperLimbsAmputated" type="xsd:boolean"/>
      <xsd:element name="upperLimbsParalyzed" type="xsd:boolean"/>
    </xsd:sequence>
  </xsd:complexType>
  <xsd:complexType name="ResultRecognitionChildType">
    <xsd:sequence>
      <xsd:element name="inabilityFollowCourse" type="xsd:boolean" minOccurs="0"/>
      <xsd:element name="pillars" type="tns:PillarsType" minOccurs="0"/>
      <xsd:element name="childPathology" type="xsd:boolean" minOccurs="0"/>
    </xsd:sequence>
  </xsd:complexType>
  <xsd:complexType name="PillarsType">
    <xsd:sequence>
      <xsd:element name="pillar1" minOccurs="0">
        <xsd:simpleType>
          <xsd:restriction base="xsd:int">
            <xsd:minInclusive value="0"/>
            <xsd:maxInclusive value="6"/>
          </xsd:restriction>
        </xsd:simpleType>
      </xsd:element>
      <xsd:element name="pillar2" minOccurs="0">
        <xsd:simpleType>
          <xsd:restriction base="xsd:int">
            <xsd:minInclusive value="0"/>
            <xsd:maxInclusive value="12"/>
          </xsd:restriction>
        </xsd:simpleType>
      </xsd:element>
      <xsd:element name="pillar3" minOccurs="0">
        <xsd:simpleType>
          <xsd:restriction base="xsd:int">
            <xsd:minInclusive value="0"/>
            <xsd:maxInclusive value="18"/>
          </xsd:restriction>
        </xsd:simpleType>
      </xsd:element>
      <xsd:element name="pillarsTotal" minOccurs="0">
        <xsd:simpleType>
          <xsd:restriction base="xsd:int">
            <xsd:minInclusive value="0"/>
            <xsd:maxInclusive value="36"/>
          </xsd:restriction>
        </xsd:simpleType>
      </xsd:element>
    </xsd:sequence>
  </xsd:complexType>
  <xsd:complexType name="ResultRecognitionAdultType">
    <xsd:sequence>
      <xsd:element name="diminuationIndependence">
        <xsd:complexType>
          <xsd:sequence>
            <xsd:element name="mobility" type="tns:Int0_3Type" minOccurs="0"/>
            <xsd:element name="nourishment" type="tns:Int0_3Type" minOccurs="0"/>
            <xsd:element name="hygiene" type="tns:Int0_3Type" minOccurs="0"/>
            <xsd:element name="household" type="tns:Int0_3Type" minOccurs="0"/>
            <xsd:element name="supervision" type="tns:Int0_3Type" minOccurs="0"/>
            <xsd:element name="socialSkills" type="tns:Int0_3Type" minOccurs="0"/>
            <xsd:element name="totalPoints" minOccurs="0">
              <xsd:simpleType>
                <xsd:restriction base="xsd:int">
                  <xsd:minInclusive value="0"/>
                  <xsd:maxInclusive value="18"/>
                </xsd:restriction>
              </xsd:simpleType>
            </xsd:element>
          </xsd:sequence>
        </xsd:complexType>
      </xsd:element>
      <xsd:element name="diminuationEarnings" type="xsd:boolean" minOccurs="0"/>
      <xsd:element name="unsuitability" minOccurs="0">
        <xsd:complexType>
          <xsd:sequence>
            <xsd:element name="mentalUnsuitability" type="tns:Percentage" minOccurs="0"/>
            <xsd:element name="physicalUnsuitability" type="tns:Percentage" minOccurs="0"/>
          </xsd:sequence>
        </xsd:complexType>
      </xsd:element>
    </xsd:sequence>
  </xsd:complexType>
  <!--Types for the rights-->
  <xsd:complexType name="RightsType">
    <xsd:sequence>
      <xsd:element name="period" type="tns:OpenPeriodType"/>
      <xsd:element name="legislation">
        <xsd:simpleType>
          <xsd:restriction base="xsd:int">
            <xsd:minInclusive value="3"/>
            <xsd:maxInclusive value="9"/>
          </xsd:restriction>
        </xsd:simpleType>
      </xsd:element>
      <xsd:element name="totalMonthAmount" type="tns:MoneyAmountType"/>
      <xsd:element name="monthAmount" type="tns:MoneyAmountType"/>
      <xsd:element name="categoryIVT" type="tns:CategoryIVTType"/>
      <xsd:element name="categoryIT">
        <xsd:simpleType>
          <xsd:restriction base="xsd:int">
            <xsd:minInclusive value="0"/>
            <xsd:maxInclusive value="5"/>
          </xsd:restriction>
        </xsd:simpleType>
      </xsd:element>
      <xsd:element name="partnerIncome" type="xsd:boolean"/>
    </xsd:sequence>
  </xsd:complexType>
  <!--Type for the cards-->
  <xsd:complexType name="SocialCardsType">
    <xsd:sequence>
      <xsd:element name="socialCard" type="tns:SocialCardType" maxOccurs="2"/>
    </xsd:sequence>
  </xsd:complexType>
  <xsd:complexType name="SocialCardType">
    <xsd:sequence>
      <xsd:element name="deliveryDate" type="xsd:date"/>
      <xsd:element name="endDate" type="xsd:date" minOccurs="0"/>
      <xsd:element name="cardNumber">
        <xsd:simpleType>
          <xsd:restriction base="xsd:string">
            <xsd:pattern value="[0-9]{10}"/>
          </xsd:restriction>
        </xsd:simpleType>
      </xsd:element>
      <xsd:element name="cardCategory" type="tns:CardCategoryType"/>
    </xsd:sequence>
  </xsd:complexType>
  <!--Type for the payments-->
  <xsd:complexType name="PaymentsType">
    <xsd:sequence>
      <xsd:element name="payment" type="tns:PaymentType" maxOccurs="24"/>
    </xsd:sequence>
  </xsd:complexType>
  <xsd:complexType name="PaymentType">
    <xsd:sequence>
      <xsd:element name="yearMonth" type="xsd:gYearMonth"/>
      <xsd:element name="amount" type="tns:MoneyAmountType"/>
      <xsd:element name="cancelledPayment" type="xsd:boolean"/>
    </xsd:sequence>
  </xsd:complexType>
  <!--Simple Types-->
  <xsd:simpleType name="CardCategoryType">
    <xsd:restriction base="xsd:string">
      <xsd:enumeration value="PARKINGCARD"/>
      <xsd:enumeration value="REDUCTIONCARD"/>
    </xsd:restriction>
  </xsd:simpleType>
  <xsd:simpleType name="CategoryIVTType">
    <xsd:restriction base="xsd:string">
      <xsd:enumeration value="A"/>
      <xsd:enumeration value="B"/>
      <xsd:enumeration value="C"/>
      <xsd:enumeration value="-"/>
    </xsd:restriction>
  </xsd:simpleType>
  <xsd:simpleType name="Int0_3Type">
    <xsd:restriction base="xsd:int">
      <xsd:minInclusive value="0"/>
      <xsd:maxInclusive value="3"/>
    </xsd:restriction>
  </xsd:simpleType>
  <xsd:simpleType name="Percentage">
    <xsd:annotation>
      <xsd:documentation>A percentage number (from 0 to 100)</xsd:documentation>
    </xsd:annotation>
    <xsd:restriction base="xsd:decimal">
      <xsd:minInclusive value="0"/>
      <xsd:maxInclusive value="100"/>
    </xsd:restriction>
  </xsd:simpleType>
  <xsd:simpleType name="MoneyAmountType">
    <xsd:annotation>
      <xsd:documentation>An amount of money (max 999999999.99, with 2 decimals)</xsd:documentation>
    </xsd:annotation>
    <xsd:restriction base="xsd:decimal">
      <xsd:fractionDigits value="2"/>
      <xsd:totalDigits value="9"/>
    </xsd:restriction>
  </xsd:simpleType>
  <xsd:complexType name="OpenPeriodType">
    <xsd:annotation>
      <xsd:documentation>Period containining a begin date and an optional end date.</xsd:documentation>
    </xsd:annotation>
    <xsd:sequence>
      <xsd:element name="beginDate" type="xsd:date"/>
      <xsd:element name="endDate" type="xsd:date" minOccurs="0"/>
    </xsd:sequence>
  </xsd:complexType>
</xsd:schema>]]></con:content><con:type>http://www.w3.org/2001/XMLSchema</con:type></con:part><con:part><con:url>file:/home/ebarbieux/Dev/fidus/handiservice/HandiServiceGateway/src/main/resources/wsdl/handiService/2.0.0/handi/be/vlaamsesocialebescherming/types/Handi/common/VSBHandiCommonV1.xsd</con:url><con:content><![CDATA[<!--========================================================================
	 * Owner :					KSZ / CBSS
	 * Creation date :		09/01/2017
	 * Description :			VSBHandiCommonTypesV1
	 * Revision History :-->
<xsd:schema targetNamespace="http://www.vlaamsesocialebescherming.be/types/Handi/common/v1" elementFormDefault="unqualified" attributeFormDefault="unqualified" version="2017-01-09" xmlns:tns="http://www.vlaamsesocialebescherming.be/types/Handi/common/v1" xmlns:xsd="http://www.w3.org/2001/XMLSchema" xmlns:commonvzf="http://www.vlaamsesocialebescherming.be/types/Handi/common/v1">
  <xsd:complexType name="FileType">
    <xsd:sequence>
      <xsd:element name="evolutionOfRequest" type="tns:EvolutionOfRequestType" minOccurs="0"/>
      <xsd:element name="rights" type="tns:RightsType" minOccurs="0"/>
    </xsd:sequence>
  </xsd:complexType>
  <!--Types for the evolution of the request-->
  <xsd:complexType name="EvolutionOfRequestType">
    <xsd:sequence>
      <xsd:element name="legislation">
        <xsd:simpleType>
          <xsd:restriction base="xsd:int">
            <xsd:minInclusive value="0"/>
            <xsd:maxInclusive value="20"/>
          </xsd:restriction>
        </xsd:simpleType>
      </xsd:element>
      <xsd:element name="requestDate" type="xsd:date" minOccurs="0"/>
      <xsd:element name="administrativePendingRequest" type="xsd:boolean"/>
      <xsd:element name="fileCompletionDate" type="xsd:date" minOccurs="0"/>
      <xsd:element name="appeal" type="xsd:boolean"/>
    </xsd:sequence>
  </xsd:complexType>
  <!--Types for the rights-->
  <xsd:complexType name="RightsType">
    <xsd:sequence>
      <xsd:element name="period" type="tns:OpenPeriodType"/>
      <xsd:element name="legislation">
        <xsd:simpleType>
          <xsd:restriction base="xsd:int">
            <xsd:minInclusive value="3"/>
            <xsd:maxInclusive value="9"/>
          </xsd:restriction>
        </xsd:simpleType>
      </xsd:element>
      <xsd:element name="totalMonthAmount" type="tns:MoneyAmountType"/>
    </xsd:sequence>
  </xsd:complexType>
  <!--Type for the payments-->
  <xsd:complexType name="PaymentsType">
    <xsd:sequence>
      <xsd:element name="payment" type="tns:PaymentType" maxOccurs="24"/>
    </xsd:sequence>
  </xsd:complexType>
  <xsd:complexType name="PaymentType">
    <xsd:sequence>
      <xsd:element name="yearMonth" type="xsd:gYearMonth"/>
      <xsd:element name="amount" type="tns:MoneyAmountType"/>
      <xsd:element name="cancelledPayment" type="xsd:boolean"/>
    </xsd:sequence>
  </xsd:complexType>
  <xsd:simpleType name="MoneyAmountType">
    <xsd:annotation>
      <xsd:documentation>An amount of money (max 999999999.99, with 2 decimals)</xsd:documentation>
    </xsd:annotation>
    <xsd:restriction base="xsd:decimal">
      <xsd:fractionDigits value="2"/>
      <xsd:totalDigits value="9"/>
    </xsd:restriction>
  </xsd:simpleType>
  <xsd:complexType name="OpenPeriodType">
    <xsd:annotation>
      <xsd:documentation>Period containining a begin date and an optional end date.</xsd:documentation>
    </xsd:annotation>
    <xsd:sequence>
      <xsd:element name="beginDate" type="xsd:date"/>
      <xsd:element name="endDate" type="xsd:date" minOccurs="0"/>
    </xsd:sequence>
  </xsd:complexType>
</xsd:schema>]]></con:content><con:type>http://www.w3.org/2001/XMLSchema</con:type></con:part></con:definitionCache><con:endpoints>
      <con:endpoint>http://fidus.brussels/services/handiservice/v1</con:endpoint>
    <con:endpoint>http://fidus.brussels/services/handiservice/v2</con:endpoint></con:endpoints>
    <con:operation isOneWay="false" action="http://fidus.brussels/services/handiservice/consultFilesByDate" name="consultFilesByDate" bindingOperationName="consultFilesByDate" type="Request-Response" inputName="" receivesAttachments="false" sendsAttachments="false" anonymous="optional" id="7d9557bf-f666-43f9-8056-fdf3b2f96ea7">
      <con:settings/>
      <con:call name="1 - Local - Request" outgoingWss="Outflow DEV" incomingWss="Inflow DEV" id="955a1097-c542-4c09-a6f2-483fc6f3a196">
        <con:settings>
          <con:setting id="com.eviware.soapui.impl.wsdl.WsdlRequest@request-headers">&lt;xml-fragment/></con:setting>
        </con:settings>
        <con:encoding>UTF-8</con:encoding>
        <con:endpoint>https://localhost:8243/services/HandiService_v2.0</con:endpoint>
        <con:request><![CDATA[<soapenv:Envelope xmlns:soapenv="http://schemas.xmlsoap.org/soap/envelope/" xmlns:v2="http://fidus.brussels/service/handiservice/messages/v2" xmlns:v1="http://fidus.brussels/service/handiservice/messages/v1" xmlns:v11="http://fidus.brussels/type/common/messages/v1">
   <soapenv:Header/>
   <soapenv:Body>
      <v2:consultFilesByDateRequest>
         <v2:messageContext>
            <v11:messageId>${=import static java.util.UUID.randomUUID; uuid = randomUUID() as String}</v11:messageId>
         </v2:messageContext>
         <v2:legalContext>ServiceIntegrator</v2:legalContext>
         <v2:request>
            <v2:personNumber>12003001507</v2:personNumber>
            <v2:referenceDate>2015-01-01</v2:referenceDate>
         </v2:request>
      </v2:consultFilesByDateRequest>
   </soapenv:Body>
</soapenv:Envelope>]]></con:request>
        <con:credentials>
          <con:selectedAuthProfile>Basic</con:selectedAuthProfile>
          <con:addedBasicAuthenticationTypes>Basic</con:addedBasicAuthenticationTypes>
          <con:authType>Global HTTP Settings</con:authType>
        </con:credentials>
        <con:jmsConfig JMSDeliveryMode="PERSISTENT"/>
        <con:jmsPropertyConfig/>
        <con:wsaConfig mustUnderstand="NONE" version="200508" action="http://fidus.brussels/services/handiservice/getHandiService"/>
        <con:wsrmConfig version="1.2"/>
      </con:call>
      <con:call name="2 - Dev - Request" outgoingWss="Outflow DEV" incomingWss="Inflow DEV" id="bea36874-6439-4a5a-9838-89db8f3645db">
        <con:settings>
          <con:setting id="com.eviware.soapui.impl.wsdl.WsdlRequest@request-headers">&lt;xml-fragment/></con:setting>
        </con:settings>
        <con:encoding>UTF-8</con:encoding>
        <con:endpoint>https://192.168.36.61:8243/services/HandiService_v2.0</con:endpoint>
        <con:request><![CDATA[<soapenv:Envelope xmlns:soapenv="http://schemas.xmlsoap.org/soap/envelope/" xmlns:v2="http://fidus.brussels/service/handiservice/messages/v2" xmlns:v1="http://fidus.brussels/service/handiservice/messages/v1" xmlns:v11="http://fidus.brussels/type/common/messages/v1">
   <soapenv:Header/>
   <soapenv:Body>
      <v2:consultFilesByDateRequest>
         <v2:messageContext>
            <v11:messageId>${=import static java.util.UUID.randomUUID; uuid = randomUUID() as String}</v11:messageId>
         </v2:messageContext>
         <v2:legalContext>ServiceIntegrator</v2:legalContext>
         <v2:request>
            <v2:personNumber>12003001507</v2:personNumber>
            <v2:referenceDate>2015-01-01</v2:referenceDate>
         </v2:request>
      </v2:consultFilesByDateRequest>
   </soapenv:Body>
</soapenv:Envelope>]]></con:request>
        <con:credentials>
          <con:selectedAuthProfile>Basic</con:selectedAuthProfile>
          <con:addedBasicAuthenticationTypes>Basic</con:addedBasicAuthenticationTypes>
          <con:authType>Global HTTP Settings</con:authType>
        </con:credentials>
        <con:jmsConfig JMSDeliveryMode="PERSISTENT"/>
        <con:jmsPropertyConfig/>
        <con:wsaConfig mustUnderstand="NONE" version="200508" action="http://fidus.brussels/services/handiservice/getHandiService"/>
        <con:wsrmConfig version="1.2"/>
      </con:call>
      <con:call name="3 - Test - External - Request" outgoingWss="Outflow TEST" incomingWss="Inflow TEST" id="e1e794f5-01e4-47c0-9f2f-714892f44100">
        <con:settings>
          <con:setting id="com.eviware.soapui.impl.wsdl.WsdlRequest@request-headers">&lt;xml-fragment/></con:setting>
        </con:settings>
        <con:encoding>UTF-8</con:encoding>
        <con:endpoint>https://fidus-test.irisnetlab.be/services/HandiService_v2.0</con:endpoint>
        <con:request><![CDATA[<soapenv:Envelope xmlns:soapenv="http://schemas.xmlsoap.org/soap/envelope/" xmlns:v2="http://fidus.brussels/service/handiservice/messages/v2" xmlns:v1="http://fidus.brussels/service/handiservice/messages/v1" xmlns:v11="http://fidus.brussels/type/common/messages/v1">
   <soapenv:Header/>
   <soapenv:Body>
      <v2:consultFilesByDateRequest>
         <v2:messageContext>
            <v11:messageId>${=import static java.util.UUID.randomUUID; uuid = randomUUID() as String}</v11:messageId>
            <v11:timestamp>${=new java.text.SimpleDateFormat("yyyy-MM-dd'T'HH:mm:ss.SSS").format(new Date())}</v11:timestamp>
         </v2:messageContext>
         <v2:legalContext>ServiceIntegrator</v2:legalContext>
         <v2:request>
            <v2:personNumber>39091700873</v2:personNumber>
            <v2:referenceDate>2015-01-01</v2:referenceDate>
         </v2:request>
      </v2:consultFilesByDateRequest>
   </soapenv:Body>
</soapenv:Envelope>]]></con:request>
        <con:credentials>
          <con:selectedAuthProfile>Basic</con:selectedAuthProfile>
          <con:addedBasicAuthenticationTypes>Basic</con:addedBasicAuthenticationTypes>
          <con:authType>Global HTTP Settings</con:authType>
        </con:credentials>
        <con:jmsConfig JMSDeliveryMode="PERSISTENT"/>
        <con:jmsPropertyConfig/>
        <con:wsaConfig mustUnderstand="NONE" version="200508" action="http://fidus.brussels/services/handiservice/getHandiService"/>
        <con:wsrmConfig version="1.2"/>
      </con:call>
      <con:call name="3 - Test - LB - Request" outgoingWss="Outflow TEST" incomingWss="Inflow TEST" id="ef68c27a-1707-4d12-a4ed-30e02ba50e1a">
        <con:settings>
          <con:setting id="com.eviware.soapui.impl.wsdl.WsdlRequest@request-headers">&lt;xml-fragment/></con:setting>
        </con:settings>
        <con:encoding>UTF-8</con:encoding>
        <con:endpoint>https://esb-security-gw.sta.srv.cirb.lan:8443/services/HandiService_v2.0</con:endpoint>
        <con:request><![CDATA[<soapenv:Envelope xmlns:soapenv="http://schemas.xmlsoap.org/soap/envelope/" xmlns:v2="http://fidus.brussels/service/handiservice/messages/v2" xmlns:v1="http://fidus.brussels/service/handiservice/messages/v1" xmlns:v11="http://fidus.brussels/type/common/messages/v1">
   <soapenv:Header/>
   <soapenv:Body>
      <v2:consultFilesByDateRequest>
         <v2:messageContext>
            <v11:messageId>${=import static java.util.UUID.randomUUID; uuid = randomUUID() as String}</v11:messageId>
            <v11:timestamp>${=new java.text.SimpleDateFormat("yyyy-MM-dd'T'HH:mm:ss.SSS").format(new Date())}</v11:timestamp>
         </v2:messageContext>
         <v2:legalContext>ServiceIntegrator</v2:legalContext>
         <v2:request>
            <v2:personNumber>26091621808</v2:personNumber>
            <v2:referenceDate>2015-01-01</v2:referenceDate>
         </v2:request>
      </v2:consultFilesByDateRequest>
   </soapenv:Body>
</soapenv:Envelope>]]></con:request>
        <con:credentials>
          <con:selectedAuthProfile>Basic</con:selectedAuthProfile>
          <con:addedBasicAuthenticationTypes>Basic</con:addedBasicAuthenticationTypes>
          <con:authType>Global HTTP Settings</con:authType>
        </con:credentials>
        <con:jmsConfig JMSDeliveryMode="PERSISTENT"/>
        <con:jmsPropertyConfig/>
        <con:wsaConfig mustUnderstand="NONE" version="200508" action="http://fidus.brussels/services/handiservice/getHandiService"/>
        <con:wsrmConfig version="1.2"/>
      </con:call>
      <con:call name="3 - Test - Worker1 - Request" outgoingWss="Outflow TEST" incomingWss="Inflow TEST" id="f75bb84f-311a-44c0-8f7e-0ab0eefc5f92">
        <con:settings>
          <con:setting id="com.eviware.soapui.impl.wsdl.WsdlRequest@request-headers">&lt;xml-fragment/></con:setting>
        </con:settings>
        <con:encoding>UTF-8</con:encoding>
        <con:endpoint>https://192.168.22.53:8443/services/HandiService_v2.0</con:endpoint>
        <con:request><![CDATA[<soapenv:Envelope xmlns:soapenv="http://schemas.xmlsoap.org/soap/envelope/" xmlns:v2="http://fidus.brussels/service/handiservice/messages/v2" xmlns:v1="http://fidus.brussels/service/handiservice/messages/v1" xmlns:v11="http://fidus.brussels/type/common/messages/v1">
   <soapenv:Header/>
   <soapenv:Body>
      <v2:consultFilesByDateRequest>
         <v2:messageContext>
            <v11:messageId>${=import static java.util.UUID.randomUUID; uuid = randomUUID() as String}</v11:messageId>
            <v11:timestamp>${=new java.text.SimpleDateFormat("yyyy-MM-dd'T'HH:mm:ss.SSS").format(new Date())}</v11:timestamp>
         </v2:messageContext>
         <v2:legalContext>ServiceIntegrator</v2:legalContext>
         <v2:request>
            <v2:personNumber>26091621808</v2:personNumber>
            <v2:referenceDate>2015-01-01</v2:referenceDate>
         </v2:request>
      </v2:consultFilesByDateRequest>
   </soapenv:Body>
</soapenv:Envelope>]]></con:request>
        <con:credentials>
          <con:selectedAuthProfile>Basic</con:selectedAuthProfile>
          <con:addedBasicAuthenticationTypes>Basic</con:addedBasicAuthenticationTypes>
          <con:authType>Global HTTP Settings</con:authType>
        </con:credentials>
        <con:jmsConfig JMSDeliveryMode="PERSISTENT"/>
        <con:jmsPropertyConfig/>
        <con:wsaConfig mustUnderstand="NONE" version="200508" action="http://fidus.brussels/services/handiservice/getHandiService"/>
        <con:wsrmConfig version="1.2"/>
      </con:call>
      <con:call name="3 - Test - Worker2 - Request" outgoingWss="Outflow TEST" incomingWss="Inflow TEST" id="357b48f1-31ec-44e0-9d5e-55819804db8c">
        <con:settings>
          <con:setting id="com.eviware.soapui.impl.wsdl.WsdlRequest@request-headers">&lt;xml-fragment/></con:setting>
        </con:settings>
        <con:encoding>UTF-8</con:encoding>
        <con:endpoint>https://192.168.22.54:8443/services/HandiService_v2.0</con:endpoint>
        <con:request><![CDATA[<soapenv:Envelope xmlns:soapenv="http://schemas.xmlsoap.org/soap/envelope/" xmlns:v2="http://fidus.brussels/service/handiservice/messages/v2" xmlns:v1="http://fidus.brussels/service/handiservice/messages/v1" xmlns:v11="http://fidus.brussels/type/common/messages/v1">
   <soapenv:Header/>
   <soapenv:Body>
      <v2:consultFilesByDateRequest>
         <v2:messageContext>
            <v11:messageId>${=import static java.util.UUID.randomUUID; uuid = randomUUID() as String}</v11:messageId>
            <v11:timestamp>${=new java.text.SimpleDateFormat("yyyy-MM-dd'T'HH:mm:ss.SSS").format(new Date())}</v11:timestamp>
         </v2:messageContext>
         <v2:legalContext>ServiceIntegrator</v2:legalContext>
         <v2:request>
            <v2:personNumber>26091621808</v2:personNumber>
            <v2:referenceDate>2015-01-01</v2:referenceDate>
         </v2:request>
      </v2:consultFilesByDateRequest>
   </soapenv:Body>
</soapenv:Envelope>]]></con:request>
        <con:credentials>
          <con:selectedAuthProfile>Basic</con:selectedAuthProfile>
          <con:addedBasicAuthenticationTypes>Basic</con:addedBasicAuthenticationTypes>
          <con:authType>Global HTTP Settings</con:authType>
        </con:credentials>
        <con:jmsConfig JMSDeliveryMode="PERSISTENT"/>
        <con:jmsPropertyConfig/>
        <con:wsaConfig mustUnderstand="NONE" version="200508" action="http://fidus.brussels/services/handiservice/getHandiService"/>
        <con:wsrmConfig version="1.2"/>
      </con:call>
      <con:call name="4 - Staging - External - Request" outgoingWss="Outflow STAG" incomingWss="Inflow STAG" id="be702c79-e372-41c3-921c-109800bbc9a7">
        <con:settings>
          <con:setting id="com.eviware.soapui.impl.wsdl.WsdlRequest@request-headers">&lt;xml-fragment/></con:setting>
        </con:settings>
        <con:encoding>UTF-8</con:encoding>
        <con:endpoint>https://fidus.irisnetlab.be/services/HandiService_v2.0</con:endpoint>
        <con:request><![CDATA[<soapenv:Envelope xmlns:soapenv="http://schemas.xmlsoap.org/soap/envelope/" xmlns:v2="http://fidus.brussels/service/handiservice/messages/v2" xmlns:v1="http://fidus.brussels/service/handiservice/messages/v1" xmlns:v11="http://fidus.brussels/type/common/messages/v1">
   <soapenv:Header/>
   <soapenv:Body>
      <v2:consultFilesByDateRequest>
         <v2:messageContext>
            <v11:messageId>${=import static java.util.UUID.randomUUID; uuid = randomUUID() as String}</v11:messageId>
            <v11:timestamp>${=new java.text.SimpleDateFormat("yyyy-MM-dd'T'HH:mm:ss.SSS").format(new Date())}</v11:timestamp>
         </v2:messageContext>
         <v2:legalContext>ServiceIntegrator</v2:legalContext>
         <v2:request>
            <v2:personNumber>26091621808</v2:personNumber>
            <v2:referenceDate>2015-01-01</v2:referenceDate>
         </v2:request>
      </v2:consultFilesByDateRequest>
   </soapenv:Body>
</soapenv:Envelope>]]></con:request>
        <con:credentials>
          <con:selectedAuthProfile>Basic</con:selectedAuthProfile>
          <con:addedBasicAuthenticationTypes>Basic</con:addedBasicAuthenticationTypes>
          <con:authType>Global HTTP Settings</con:authType>
        </con:credentials>
        <con:jmsConfig JMSDeliveryMode="PERSISTENT"/>
        <con:jmsPropertyConfig/>
        <con:wsaConfig mustUnderstand="NONE" version="200508" action="http://fidus.brussels/services/handiservice/getHandiService"/>
        <con:wsrmConfig version="1.2"/>
      </con:call>
      <con:call name="4 - Staging - LB - Request" outgoingWss="Outflow STAG" incomingWss="Inflow STAG" id="5255d5dd-98a8-4336-8b31-fda2ce593e19">
        <con:settings>
          <con:setting id="com.eviware.soapui.impl.wsdl.WsdlRequest@request-headers">&lt;xml-fragment/></con:setting>
        </con:settings>
        <con:encoding>UTF-8</con:encoding>
        <con:endpoint>https://fidus-esb-sg.sta.srv.cirb.lan:8443/services/HandiService_v2.0</con:endpoint>
        <con:request><![CDATA[<soapenv:Envelope xmlns:soapenv="http://schemas.xmlsoap.org/soap/envelope/" xmlns:v2="http://fidus.brussels/service/handiservice/messages/v2" xmlns:v1="http://fidus.brussels/service/handiservice/messages/v1" xmlns:v11="http://fidus.brussels/type/common/messages/v1">
   <soapenv:Header/>
   <soapenv:Body>
      <v2:consultFilesByDateRequest>
         <v2:messageContext>
            <v11:messageId>${=import static java.util.UUID.randomUUID; uuid = randomUUID() as String}</v11:messageId>
            <v11:timestamp>${=new java.text.SimpleDateFormat("yyyy-MM-dd'T'HH:mm:ss.SSS").format(new Date())}</v11:timestamp>
         </v2:messageContext>
         <v2:legalContext>ServiceIntegrator</v2:legalContext>
         <v2:request>
            <v2:personNumber>26091621808</v2:personNumber>
            <v2:referenceDate>2015-01-01</v2:referenceDate>
         </v2:request>
      </v2:consultFilesByDateRequest>
   </soapenv:Body>
</soapenv:Envelope>]]></con:request>
        <con:credentials>
          <con:selectedAuthProfile>Basic</con:selectedAuthProfile>
          <con:addedBasicAuthenticationTypes>Basic</con:addedBasicAuthenticationTypes>
          <con:authType>Global HTTP Settings</con:authType>
        </con:credentials>
        <con:jmsConfig JMSDeliveryMode="PERSISTENT"/>
        <con:jmsPropertyConfig/>
        <con:wsaConfig mustUnderstand="NONE" version="200508" action="http://fidus.brussels/services/handiservice/getHandiService"/>
        <con:wsrmConfig version="1.2"/>
      </con:call>
      <con:call name="4 - Staging - Worker1 - Request" outgoingWss="Outflow STAG" incomingWss="Inflow STAG" id="32e0241c-bd5d-40a3-b42a-0e8e53bbd22a">
        <con:settings>
          <con:setting id="com.eviware.soapui.impl.wsdl.WsdlRequest@request-headers">&lt;xml-fragment/></con:setting>
        </con:settings>
        <con:encoding>UTF-8</con:encoding>
        <con:endpoint>https://192.168.24.16:8443/services/HandiService_v2.0</con:endpoint>
        <con:request><![CDATA[<soapenv:Envelope xmlns:soapenv="http://schemas.xmlsoap.org/soap/envelope/" xmlns:v2="http://fidus.brussels/service/handiservice/messages/v2" xmlns:v1="http://fidus.brussels/service/handiservice/messages/v1" xmlns:v11="http://fidus.brussels/type/common/messages/v1">
   <soapenv:Header/>
   <soapenv:Body>
      <v2:consultFilesByDateRequest>
         <v2:messageContext>
            <v11:messageId>${=import static java.util.UUID.randomUUID; uuid = randomUUID() as String}</v11:messageId>
            <v11:timestamp>${=new java.text.SimpleDateFormat("yyyy-MM-dd'T'HH:mm:ss.SSS").format(new Date())}</v11:timestamp>
         </v2:messageContext>
         <v2:legalContext>ServiceIntegrator</v2:legalContext>
         <v2:request>
            <v2:personNumber>26091621808</v2:personNumber>
            <v2:referenceDate>2015-01-01</v2:referenceDate>
         </v2:request>
      </v2:consultFilesByDateRequest>
   </soapenv:Body>
</soapenv:Envelope>]]></con:request>
        <con:credentials>
          <con:selectedAuthProfile>Basic</con:selectedAuthProfile>
          <con:addedBasicAuthenticationTypes>Basic</con:addedBasicAuthenticationTypes>
          <con:authType>Global HTTP Settings</con:authType>
        </con:credentials>
        <con:jmsConfig JMSDeliveryMode="PERSISTENT"/>
        <con:jmsPropertyConfig/>
        <con:wsaConfig mustUnderstand="NONE" version="200508" action="http://fidus.brussels/services/handiservice/getHandiService"/>
        <con:wsrmConfig version="1.2"/>
      </con:call>
      <con:call name="4 - Staging - Worker2 - Request" incomingWss="Inflow STAG" outgoingWss="Outflow STAG" id="adad0654-94ad-4df3-80ad-f83df1414637">
        <con:settings>
          <con:setting id="com.eviware.soapui.impl.wsdl.WsdlRequest@request-headers">&lt;xml-fragment/></con:setting>
        </con:settings>
        <con:encoding>UTF-8</con:encoding>
        <con:endpoint>https://192.168.24.17:8443/services/HandiService_v2.0</con:endpoint>
        <con:request><![CDATA[<soapenv:Envelope xmlns:soapenv="http://schemas.xmlsoap.org/soap/envelope/" xmlns:v2="http://fidus.brussels/service/handiservice/messages/v2" xmlns:v1="http://fidus.brussels/service/handiservice/messages/v1" xmlns:v11="http://fidus.brussels/type/common/messages/v1">
   <soapenv:Header/>
   <soapenv:Body>
      <v2:consultFilesByDateRequest>
         <v2:messageContext>
            <v11:messageId>${=import static java.util.UUID.randomUUID; uuid = randomUUID() as String}</v11:messageId>
            <v11:timestamp>${=new java.text.SimpleDateFormat("yyyy-MM-dd'T'HH:mm:ss.SSS").format(new Date())}</v11:timestamp>
         </v2:messageContext>
         <v2:legalContext>ServiceIntegrator</v2:legalContext>
         <v2:request>
            <v2:personNumber>26091621808</v2:personNumber>
            <v2:referenceDate>2015-01-01</v2:referenceDate>
         </v2:request>
      </v2:consultFilesByDateRequest>
   </soapenv:Body>
</soapenv:Envelope>]]></con:request>
        <con:credentials>
          <con:selectedAuthProfile>Basic</con:selectedAuthProfile>
          <con:addedBasicAuthenticationTypes>Basic</con:addedBasicAuthenticationTypes>
          <con:authType>Global HTTP Settings</con:authType>
        </con:credentials>
        <con:jmsConfig JMSDeliveryMode="PERSISTENT"/>
        <con:jmsPropertyConfig/>
        <con:wsaConfig mustUnderstand="NONE" version="200508" action="http://fidus.brussels/services/handiservice/getHandiService"/>
        <con:wsrmConfig version="1.2"/>
      </con:call>
      <con:call name="5 - Prod - External - Request" outgoingWss="Outflow PROD" incomingWss="Inflow PROD" id="1adea0fb-209c-46d2-9d9b-9a3e16336ab7">
        <con:settings>
          <con:setting id="com.eviware.soapui.impl.wsdl.WsdlRequest@request-headers">&lt;xml-fragment/></con:setting>
        </con:settings>
        <con:encoding>UTF-8</con:encoding>
        <con:endpoint>https://fidus.sec.brussels/services/HandiService_v2.0</con:endpoint>
        <con:request><![CDATA[<soapenv:Envelope xmlns:soapenv="http://schemas.xmlsoap.org/soap/envelope/" xmlns:v2="http://fidus.brussels/service/handiservice/messages/v2" xmlns:v1="http://fidus.brussels/service/handiservice/messages/v1" xmlns:v11="http://fidus.brussels/type/common/messages/v1">
   <soapenv:Header/>
   <soapenv:Body>
      <v2:consultFilesByDateRequest>
         <v2:messageContext>
            <v11:messageId>${=import static java.util.UUID.randomUUID; uuid = randomUUID() as String}</v11:messageId>
            <v11:timestamp>${=new java.text.SimpleDateFormat("yyyy-MM-dd'T'HH:mm:ss.SSS").format(new Date())}</v11:timestamp>
         </v2:messageContext>
         <v2:legalContext>ServiceIntegrator</v2:legalContext>
         <v2:request>
            <v2:personNumber>26091621808</v2:personNumber>
            <v2:referenceDate>2015-01-01</v2:referenceDate>
         </v2:request>
      </v2:consultFilesByDateRequest>
   </soapenv:Body>
</soapenv:Envelope>]]></con:request>
        <con:credentials>
          <con:selectedAuthProfile>Basic</con:selectedAuthProfile>
          <con:addedBasicAuthenticationTypes>Basic</con:addedBasicAuthenticationTypes>
          <con:authType>Global HTTP Settings</con:authType>
        </con:credentials>
        <con:jmsConfig JMSDeliveryMode="PERSISTENT"/>
        <con:jmsPropertyConfig/>
        <con:wsaConfig mustUnderstand="NONE" version="200508" action="http://fidus.brussels/services/handiservice/getHandiService"/>
        <con:wsrmConfig version="1.2"/>
      </con:call>
      <con:call name="5 - Prod - LB - Request" outgoingWss="Outflow PROD" incomingWss="Inflow PROD" id="7708af39-f102-4906-a778-273345574977">
        <con:settings>
          <con:setting id="com.eviware.soapui.impl.wsdl.WsdlRequest@request-headers">&lt;xml-fragment/></con:setting>
        </con:settings>
        <con:encoding>UTF-8</con:encoding>
        <con:endpoint>https://fidus-esb-sg.prd.srv.cirb.lan:8443/services/HandiService_v2.0</con:endpoint>
        <con:request><![CDATA[<soapenv:Envelope xmlns:soapenv="http://schemas.xmlsoap.org/soap/envelope/" xmlns:v2="http://fidus.brussels/service/handiservice/messages/v2" xmlns:v1="http://fidus.brussels/service/handiservice/messages/v1" xmlns:v11="http://fidus.brussels/type/common/messages/v1">
   <soapenv:Header/>
   <soapenv:Body>
      <v2:consultFilesByDateRequest>
         <v2:messageContext>
            <v11:messageId>${=import static java.util.UUID.randomUUID; uuid = randomUUID() as String}</v11:messageId>
            <v11:timestamp>${=new java.text.SimpleDateFormat("yyyy-MM-dd'T'HH:mm:ss.SSS").format(new Date())}</v11:timestamp>
         </v2:messageContext>
         <v2:legalContext>ServiceIntegrator</v2:legalContext>
         <v2:request>
            <v2:personNumber>26091621808</v2:personNumber>
            <v2:referenceDate>2015-01-01</v2:referenceDate>
         </v2:request>
      </v2:consultFilesByDateRequest>
   </soapenv:Body>
</soapenv:Envelope>]]></con:request>
        <con:credentials>
          <con:selectedAuthProfile>Basic</con:selectedAuthProfile>
          <con:addedBasicAuthenticationTypes>Basic</con:addedBasicAuthenticationTypes>
          <con:authType>Global HTTP Settings</con:authType>
        </con:credentials>
        <con:jmsConfig JMSDeliveryMode="PERSISTENT"/>
        <con:jmsPropertyConfig/>
        <con:wsaConfig mustUnderstand="NONE" version="200508" action="http://fidus.brussels/services/handiservice/getHandiService"/>
        <con:wsrmConfig version="1.2"/>
      </con:call>
      <con:call name="5 - Prod - Worker1 - Request" outgoingWss="Outflow PROD" incomingWss="Inflow PROD" id="1582881a-69f0-44e0-ad84-83967e1388b6">
        <con:settings>
          <con:setting id="com.eviware.soapui.impl.wsdl.WsdlRequest@request-headers">&lt;xml-fragment/></con:setting>
        </con:settings>
        <con:encoding>UTF-8</con:encoding>
        <con:endpoint>https://192.168.26.22:8443/services/HandiService_v2.0</con:endpoint>
        <con:request><![CDATA[<soapenv:Envelope xmlns:soapenv="http://schemas.xmlsoap.org/soap/envelope/" xmlns:v2="http://fidus.brussels/service/handiservice/messages/v2" xmlns:v1="http://fidus.brussels/service/handiservice/messages/v1" xmlns:v11="http://fidus.brussels/type/common/messages/v1">
   <soapenv:Header/>
   <soapenv:Body>
      <v2:consultFilesByDateRequest>
         <v2:messageContext>
            <v11:messageId>${=import static java.util.UUID.randomUUID; uuid = randomUUID() as String}</v11:messageId>
            <v11:timestamp>${=new java.text.SimpleDateFormat("yyyy-MM-dd'T'HH:mm:ss.SSS").format(new Date())}</v11:timestamp>
         </v2:messageContext>
         <v2:legalContext>ServiceIntegrator</v2:legalContext>
         <v2:request>
            <v2:personNumber>26091621808</v2:personNumber>
            <v2:referenceDate>2015-01-01</v2:referenceDate>
         </v2:request>
      </v2:consultFilesByDateRequest>
   </soapenv:Body>
</soapenv:Envelope>]]></con:request>
        <con:credentials>
          <con:selectedAuthProfile>Basic</con:selectedAuthProfile>
          <con:addedBasicAuthenticationTypes>Basic</con:addedBasicAuthenticationTypes>
          <con:authType>Global HTTP Settings</con:authType>
        </con:credentials>
        <con:jmsConfig JMSDeliveryMode="PERSISTENT"/>
        <con:jmsPropertyConfig/>
        <con:wsaConfig mustUnderstand="NONE" version="200508" action="http://fidus.brussels/services/handiservice/getHandiService"/>
        <con:wsrmConfig version="1.2"/>
      </con:call>
      <con:call name="5 - Prod - Worker2 - Request" outgoingWss="Outflow PROD" incomingWss="Inflow PROD" id="d70bbbc7-311f-4eab-8732-f0835d5ef9d0">
        <con:settings>
          <con:setting id="com.eviware.soapui.impl.wsdl.WsdlRequest@request-headers">&lt;xml-fragment/></con:setting>
        </con:settings>
        <con:encoding>UTF-8</con:encoding>
        <con:endpoint>https://192.168.26.19:8443/services/HandiService_v2.0</con:endpoint>
        <con:request><![CDATA[<soapenv:Envelope xmlns:soapenv="http://schemas.xmlsoap.org/soap/envelope/" xmlns:v2="http://fidus.brussels/service/handiservice/messages/v2" xmlns:v1="http://fidus.brussels/service/handiservice/messages/v1" xmlns:v11="http://fidus.brussels/type/common/messages/v1">
   <soapenv:Header/>
   <soapenv:Body>
      <v2:consultFilesByDateRequest>
         <v2:messageContext>
            <v11:messageId>${=import static java.util.UUID.randomUUID; uuid = randomUUID() as String}</v11:messageId>
            <v11:timestamp>${=new java.text.SimpleDateFormat("yyyy-MM-dd'T'HH:mm:ss.SSS").format(new Date())}</v11:timestamp>
         </v2:messageContext>
         <v2:legalContext>ServiceIntegrator</v2:legalContext>
         <v2:request>
            <v2:personNumber>26091621808</v2:personNumber>
            <v2:referenceDate>2015-01-01</v2:referenceDate>
         </v2:request>
      </v2:consultFilesByDateRequest>
   </soapenv:Body>
</soapenv:Envelope>]]></con:request>
        <con:credentials>
          <con:selectedAuthProfile>Basic</con:selectedAuthProfile>
          <con:addedBasicAuthenticationTypes>Basic</con:addedBasicAuthenticationTypes>
          <con:authType>Global HTTP Settings</con:authType>
        </con:credentials>
        <con:jmsConfig JMSDeliveryMode="PERSISTENT"/>
        <con:jmsPropertyConfig/>
        <con:wsaConfig mustUnderstand="NONE" version="200508" action="http://fidus.brussels/services/handiservice/getHandiService"/>
        <con:wsrmConfig version="1.2"/>
      </con:call>
    </con:operation>
  <con:operation id="30a73102-749d-47ce-a9e5-974e1683bbe2" isOneWay="false" action="http://fidus.brussels/services/handiservice/consultPayments" name="consultPayments" bindingOperationName="consultPayments" type="Request-Response" inputName="" receivesAttachments="false" sendsAttachments="false" anonymous="optional"><con:settings/><con:call id="f558300d-92f9-46d3-8190-c5f7a527f0e9" name="1 - Local - Request" outgoingWss="Outflow DEV" incomingWss="Inflow DEV"><con:settings><con:setting id="com.eviware.soapui.impl.wsdl.WsdlRequest@request-headers">&lt;xml-fragment/></con:setting></con:settings><con:encoding>UTF-8</con:encoding><con:endpoint>https://localhost:8243/services/HandiService_v2.0</con:endpoint><con:request><![CDATA[<soapenv:Envelope xmlns:soapenv="http://schemas.xmlsoap.org/soap/envelope/" xmlns:v2="http://fidus.brussels/service/handiservice/messages/v2" xmlns:v1="http://fidus.brussels/type/common/messages/v1">
   <soapenv:Header/>
   <soapenv:Body>
      <v2:consultPaymentsRequest>
         <v2:messageContext>
            <v1:messageId>${=import static java.util.UUID.randomUUID; uuid = randomUUID() as String}</v1:messageId>
         </v2:messageContext>
         <v2:legalContext>ServiceIntegrator</v2:legalContext>
         <v2:request>
            <v2:personNumber>12003001507</v2:personNumber>
            <v2:period>
               <v2:beginDate>2015-01-01</v2:beginDate>
               <v2:endDate>2015-10-01</v2:endDate>
            </v2:period>
         </v2:request>
      </v2:consultPaymentsRequest>
   </soapenv:Body>
</soapenv:Envelope>]]></con:request><con:credentials><con:selectedAuthProfile>Basic</con:selectedAuthProfile><con:addedBasicAuthenticationTypes>Basic</con:addedBasicAuthenticationTypes><con:authType>Global HTTP Settings</con:authType></con:credentials><con:jmsConfig JMSDeliveryMode="PERSISTENT"/><con:jmsPropertyConfig/><con:wsaConfig mustUnderstand="NONE" version="200508" action="http://fidus.brussels/services/handiservice/consultPayments"/><con:wsrmConfig version="1.2"/></con:call><con:call id="072c951c-0724-478b-9620-849165e816a8" name="2 - Dev - Request" outgoingWss="Outflow DEV" incomingWss="Inflow DEV"><con:settings><con:setting id="com.eviware.soapui.impl.wsdl.WsdlRequest@request-headers">&lt;xml-fragment/></con:setting></con:settings><con:encoding>UTF-8</con:encoding><con:endpoint>https://192.168.36.61:8243/services/HandiService_v2.0</con:endpoint><con:request><![CDATA[<soapenv:Envelope xmlns:soapenv="http://schemas.xmlsoap.org/soap/envelope/" xmlns:v2="http://fidus.brussels/service/handiservice/messages/v2" xmlns:v1="http://fidus.brussels/type/common/messages/v1">
   <soapenv:Header/>
   <soapenv:Body>
      <v2:consultPaymentsRequest>
         <v2:messageContext>
            <v1:messageId>${=import static java.util.UUID.randomUUID; uuid = randomUUID() as String}</v1:messageId>
         </v2:messageContext>
         <v2:legalContext>ServiceIntegrator</v2:legalContext>
         <v2:request>
            <v2:personNumber>12003001507</v2:personNumber>
            <v2:period>
               <v2:beginDate>2015-01-01</v2:beginDate>
               <v2:endDate>2015-10-01</v2:endDate>
            </v2:period>
         </v2:request>
      </v2:consultPaymentsRequest>
   </soapenv:Body>
</soapenv:Envelope>]]></con:request><con:credentials><con:selectedAuthProfile>Basic</con:selectedAuthProfile><con:addedBasicAuthenticationTypes>Basic</con:addedBasicAuthenticationTypes><con:authType>Global HTTP Settings</con:authType></con:credentials><con:jmsConfig JMSDeliveryMode="PERSISTENT"/><con:jmsPropertyConfig/><con:wsaConfig mustUnderstand="NONE" version="200508" action="http://fidus.brussels/services/handiservice/consultPayments"/><con:wsrmConfig version="1.2"/></con:call><con:call id="a8ee5573-fa8d-41b3-acaa-3ca25294e330" name="3 -Test - External - Request" outgoingWss="Outflow TEST" incomingWss="Inflow TEST"><con:settings><con:setting id="com.eviware.soapui.impl.wsdl.WsdlRequest@request-headers">&lt;xml-fragment/></con:setting></con:settings><con:encoding>UTF-8</con:encoding><con:endpoint>https://fidus-test.irisnetlab.be/services/HandiService_v2.0</con:endpoint><con:request><![CDATA[<soapenv:Envelope xmlns:soapenv="http://schemas.xmlsoap.org/soap/envelope/" xmlns:v2="http://fidus.brussels/service/handiservice/messages/v2" xmlns:v1="http://fidus.brussels/type/common/messages/v1">
   <soapenv:Header/>
   <soapenv:Body>
      <v2:consultPaymentsRequest>
         <v2:messageContext>
            <v1:messageId>${=import static java.util.UUID.randomUUID; uuid = randomUUID() as String}</v1:messageId>
         </v2:messageContext>
         <v2:legalContext>ServiceIntegrator</v2:legalContext>
         <v2:request>
            <v2:personNumber>39091700873</v2:personNumber>
            <v2:period>
               <v2:beginDate>2015-01-01</v2:beginDate>
               <v2:endDate>2015-10-01</v2:endDate>
            </v2:period>
         </v2:request>
      </v2:consultPaymentsRequest>
   </soapenv:Body>l
</soapenv:Envelope>]]></con:request><con:credentials><con:selectedAuthProfile>Basic</con:selectedAuthProfile><con:addedBasicAuthenticationTypes>Basic</con:addedBasicAuthenticationTypes><con:authType>Global HTTP Settings</con:authType></con:credentials><con:jmsConfig JMSDeliveryMode="PERSISTENT"/><con:jmsPropertyConfig/><con:wsaConfig mustUnderstand="NONE" version="200508" action="http://fidus.brussels/services/handiservice/consultPayments"/><con:wsrmConfig version="1.2"/></con:call><con:call id="61d59948-df4d-4e6c-b2e5-af37bd466201" name="3 -Test - LB - Request" outgoingWss="Outflow TEST" incomingWss="Inflow TEST"><con:settings><con:setting id="com.eviware.soapui.impl.wsdl.WsdlRequest@request-headers">&lt;xml-fragment/></con:setting></con:settings><con:encoding>UTF-8</con:encoding><con:endpoint>https://esb-security-gw.sta.srv.cirb.lan:8443/services/HandiService_v2.0</con:endpoint><con:request><![CDATA[<soapenv:Envelope xmlns:soapenv="http://schemas.xmlsoap.org/soap/envelope/" xmlns:v2="http://fidus.brussels/service/handiservice/messages/v2" xmlns:v1="http://fidus.brussels/type/common/messages/v1">
   <soapenv:Header/>
   <soapenv:Body>
      <v2:consultPaymentsRequest>
         <v2:messageContext>
            <v1:messageId>${=import static java.util.UUID.randomUUID; uuid = randomUUID() as String}</v1:messageId>
         </v2:messageContext>
         <v2:legalContext>ServiceIntegrator</v2:legalContext>
         <v2:request>
            <v2:personNumber>39091700873</v2:personNumber>
            <v2:period>
               <v2:beginDate>2015-01-01</v2:beginDate>
               <v2:endDate>2015-10-01</v2:endDate>
            </v2:period>
         </v2:request>
      </v2:consultPaymentsRequest>
   </soapenv:Body>
</soapenv:Envelope>]]></con:request><con:credentials><con:selectedAuthProfile>Basic</con:selectedAuthProfile><con:addedBasicAuthenticationTypes>Basic</con:addedBasicAuthenticationTypes><con:authType>Global HTTP Settings</con:authType></con:credentials><con:jmsConfig JMSDeliveryMode="PERSISTENT"/><con:jmsPropertyConfig/><con:wsaConfig mustUnderstand="NONE" version="200508" action="http://fidus.brussels/services/handiservice/consultPayments"/><con:wsrmConfig version="1.2"/></con:call><con:call id="9f246074-ba6c-4cbd-b48d-9b70074b6d7f" name="3 -Test - Worker1 - Request" outgoingWss="Outflow TEST" incomingWss="Inflow TEST"><con:settings><con:setting id="com.eviware.soapui.impl.wsdl.WsdlRequest@request-headers">&lt;xml-fragment/></con:setting></con:settings><con:encoding>UTF-8</con:encoding><con:endpoint>https://192.168.22.53:8443/services/HandiService_v2.0</con:endpoint><con:request><![CDATA[<soapenv:Envelope xmlns:soapenv="http://schemas.xmlsoap.org/soap/envelope/" xmlns:v2="http://fidus.brussels/service/handiservice/messages/v2" xmlns:v1="http://fidus.brussels/type/common/messages/v1">
   <soapenv:Header/>
   <soapenv:Body>
      <v2:consultPaymentsRequest>
         <v2:messageContext>
            <v1:messageId>${=import static java.util.UUID.randomUUID; uuid = randomUUID() as String}</v1:messageId>
         </v2:messageContext>
         <v2:legalContext>ServiceIntegrator</v2:legalContext>
         <v2:request>
            <v2:personNumber>39091700873</v2:personNumber>
            <v2:period>
               <v2:beginDate>2015-01-01</v2:beginDate>
               <v2:endDate>2015-10-01</v2:endDate>
            </v2:period>
         </v2:request>
      </v2:consultPaymentsRequest>
   </soapenv:Body>
</soapenv:Envelope>]]></con:request><con:credentials><con:selectedAuthProfile>Basic</con:selectedAuthProfile><con:addedBasicAuthenticationTypes>Basic</con:addedBasicAuthenticationTypes><con:authType>Global HTTP Settings</con:authType></con:credentials><con:jmsConfig JMSDeliveryMode="PERSISTENT"/><con:jmsPropertyConfig/><con:wsaConfig mustUnderstand="NONE" version="200508" action="http://fidus.brussels/services/handiservice/consultPayments"/><con:wsrmConfig version="1.2"/></con:call><con:call id="8865531a-49f0-40a4-abdc-c5dbfec57df4" name="3 -Test - Worker2 - Request" outgoingWss="Outflow TEST" incomingWss="Inflow TEST"><con:settings><con:setting id="com.eviware.soapui.impl.wsdl.WsdlRequest@request-headers">&lt;xml-fragment/></con:setting></con:settings><con:encoding>UTF-8</con:encoding><con:endpoint>https://192.168.22.54:8443/services/HandiService_v2.0</con:endpoint><con:request><![CDATA[<soapenv:Envelope xmlns:soapenv="http://schemas.xmlsoap.org/soap/envelope/" xmlns:v2="http://fidus.brussels/service/handiservice/messages/v2" xmlns:v1="http://fidus.brussels/type/common/messages/v1">
   <soapenv:Header/>
   <soapenv:Body>
      <v2:consultPaymentsRequest>
         <v2:messageContext>
            <v1:messageId>${=import static java.util.UUID.randomUUID; uuid = randomUUID() as String}</v1:messageId>
         </v2:messageContext>
         <v2:legalContext>ServiceIntegrator</v2:legalContext>
         <v2:request>
            <v2:personNumber>39091700873</v2:personNumber>
            <v2:period>
               <v2:beginDate>2015-01-01</v2:beginDate>
               <v2:endDate>2015-10-01</v2:endDate>
            </v2:period>
         </v2:request>
      </v2:consultPaymentsRequest>
   </soapenv:Body>
</soapenv:Envelope>]]></con:request><con:credentials><con:selectedAuthProfile>Basic</con:selectedAuthProfile><con:addedBasicAuthenticationTypes>Basic</con:addedBasicAuthenticationTypes><con:authType>Global HTTP Settings</con:authType></con:credentials><con:jmsConfig JMSDeliveryMode="PERSISTENT"/><con:jmsPropertyConfig/><con:wsaConfig mustUnderstand="NONE" version="200508" action="http://fidus.brussels/services/handiservice/consultPayments"/><con:wsrmConfig version="1.2"/></con:call></con:operation></con:interface>
  
  <con:testSuite id="7b46f7a9-9192-4aed-b23c-c7b04bb36a8c" name="DEV"><con:settings/><con:runType>SEQUENTIAL</con:runType><con:testCase id="9b7e8cbf-e3e9-43d8-951b-18a8a038ce55" failOnError="true" failTestCaseOnErrors="true" keepSession="false" maxResults="0" name="consultFilesByDate" searchProperties="true"><con:settings/><con:testStep type="request" id="afc3d2b8-95a7-4048-ac38-6e40e8bc59ab" name="testcase2 - Dev - Request"><con:settings/><con:config xsi:type="con:RequestStep" xmlns:xsi="http://www.w3.org/2001/XMLSchema-instance"><con:interface>HandiServiceHTTPBinding</con:interface><con:operation>consultFilesByDate</con:operation><con:request name="testcase2 - Dev - Request" id="aae73c92-39fc-46d1-b1b3-5fef21112d28" outgoingWss="Outflow DEV"><con:settings/><con:encoding>UTF-8</con:encoding><con:endpoint>https://192.168.36.61:8243/services/HandiService_v2.0</con:endpoint><con:request><![CDATA[<soapenv:Envelope xmlns:soapenv="http://schemas.xmlsoap.org/soap/envelope/" xmlns:v2="http://fidus.brussels/service/handiservice/messages/v2" xmlns:v1="http://fidus.brussels/service/handiservice/messages/v1" xmlns:v11="http://fidus.brussels/type/common/messages/v1">
   <soapenv:Header/>
   <soapenv:Body>
      <v2:consultFilesByDateRequest>
         <v2:messageContext>
            <v11:messageId>${=import static java.util.UUID.randomUUID; uuid = randomUUID() as String}</v11:messageId>
         </v2:messageContext>
         <v2:legalContext>ServiceIntegrator</v2:legalContext>
         <v2:request>
            <v2:personNumber>12003001507</v2:personNumber>
            <v2:referenceDate>2015-01-01</v2:referenceDate>
         </v2:request>
      </v2:consultFilesByDateRequest>
   </soapenv:Body>
</soapenv:Envelope>]]></con:request><con:assertion type="SOAP Fault Assertion" id="f0f8e795-eb40-40b4-9280-096604f50e05" name="Not SOAP Fault"/><con:assertion type="SOAP Response" id="9bca89b4-d3b3-4ed6-973d-4ab8b3ad57fd" name="SOAP Response"/><con:assertion type="Schema Compliance" id="9c318757-6082-4aed-8c9f-f9a843f2e44b" name="Schema Compliance"><con:configuration/></con:assertion><con:wsaConfig action="http://fidus.brussels/services/handiservice/consultFilesByDate"/></con:request></con:config></con:testStep><con:properties/></con:testCase><con:testCase id="0c9371bd-2f82-44d7-9dba-f8817dbc1310" failOnError="true" failTestCaseOnErrors="true" keepSession="false" maxResults="0" name="consultPayments" searchProperties="true"><con:settings/><con:testStep type="request" id="1ea02512-eb49-4413-9463-b96205167b5e" name="testcase2 - Dev - Request"><con:settings/><con:config xsi:type="con:RequestStep" xmlns:xsi="http://www.w3.org/2001/XMLSchema-instance"><con:interface>HandiServiceHTTPBinding</con:interface><con:operation>consultPayments</con:operation><con:request name="testcase2 - Dev - Request" id="d8305a8d-32c3-45e5-bd69-9f5989887237" outgoingWss="Outflow DEV"><con:settings/><con:encoding>UTF-8</con:encoding><con:endpoint>https://192.168.36.61:8243/services/HandiService_v2.0</con:endpoint><con:request><![CDATA[<soapenv:Envelope xmlns:soapenv="http://schemas.xmlsoap.org/soap/envelope/" xmlns:v2="http://fidus.brussels/service/handiservice/messages/v2" xmlns:v1="http://fidus.brussels/type/common/messages/v1">
   <soapenv:Header/>
   <soapenv:Body>
      <v2:consultPaymentsRequest>
         <v2:messageContext>
            <v1:messageId>${=import static java.util.UUID.randomUUID; uuid = randomUUID() as String}</v1:messageId>
         </v2:messageContext>
         <v2:legalContext>ServiceIntegrator</v2:legalContext>
         <v2:request>
            <v2:personNumber>12003001507</v2:personNumber>
            <v2:period>
               <v2:beginDate>2015-01-01</v2:beginDate>
               <v2:endDate>2015-10-01</v2:endDate>
            </v2:period>
         </v2:request>
      </v2:consultPaymentsRequest>
   </soapenv:Body>
</soapenv:Envelope>]]></con:request><con:assertion type="SOAP Fault Assertion" id="351c4b1c-4b6e-4095-82a0-776da96c4188" name="Not SOAP Fault"/><con:assertion type="SOAP Response" id="9612379e-b28a-471a-83ce-0a19a34931ad" name="SOAP Response"/><con:assertion type="Schema Compliance" id="c161b8df-921e-4c82-930d-d5e285531697" name="Schema Compliance"><con:configuration/></con:assertion><con:wsaConfig action="http://fidus.brussels/services/handiservice/consultPayments"/></con:request></con:config></con:testStep><con:properties/></con:testCase><con:properties/></con:testSuite><con:testSuite id="135492d4-d9f1-4e3f-a805-cd98a7f974e4" name="TEST"><con:settings/><con:runType>SEQUENTIAL</con:runType><con:testCase id="f87ce21a-8e68-4c65-ac0e-115f9110ad4b" failOnError="true" failTestCaseOnErrors="true" keepSession="false" maxResults="0" name="consultFilesByDate" searchProperties="true"><con:settings/><con:testStep type="request" id="d24a9df1-2c23-4bcf-bdbd-823b7a5db22a" name="testcase3 - Test - External - Request"><con:settings/><con:config xsi:type="con:RequestStep" xmlns:xsi="http://www.w3.org/2001/XMLSchema-instance"><con:interface>HandiServiceHTTPBinding</con:interface><con:operation>consultFilesByDate</con:operation><con:request name="testcase3 - Test - External - Request" id="0da59378-5a9c-4e81-9170-2f1cb745c645" outgoingWss="Outflow TEST"><con:settings/><con:encoding>UTF-8</con:encoding><con:endpoint>https://fidus-test.irisnetlab.be/services/HandiService_v2.0</con:endpoint><con:request><![CDATA[<soapenv:Envelope xmlns:soapenv="http://schemas.xmlsoap.org/soap/envelope/" xmlns:v2="http://fidus.brussels/service/handiservice/messages/v2" xmlns:v1="http://fidus.brussels/service/handiservice/messages/v1" xmlns:v11="http://fidus.brussels/type/common/messages/v1">
   <soapenv:Header/>
   <soapenv:Body>
      <v2:consultFilesByDateRequest>
         <v2:messageContext>
            <v11:messageId>${=import static java.util.UUID.randomUUID; uuid = randomUUID() as String}</v11:messageId>
            <v11:timestamp>${=new java.text.SimpleDateFormat("yyyy-MM-dd'T'HH:mm:ss.SSS").format(new Date())}</v11:timestamp>
         </v2:messageContext>
         <v2:legalContext>ServiceIntegrator</v2:legalContext>
         <v2:request>
            <v2:personNumber>39091700873</v2:personNumber>
            <v2:referenceDate>2015-01-01</v2:referenceDate>
         </v2:request>
      </v2:consultFilesByDateRequest>
   </soapenv:Body>
</soapenv:Envelope>]]></con:request><con:assertion type="SOAP Fault Assertion" id="015c5441-d062-43be-bac6-674ce9bdde67" name="Not SOAP Fault"/><con:assertion type="SOAP Response" id="52f1b1f5-7c7a-4cb4-97b5-c2f7c2a79b9f" name="SOAP Response"/><con:assertion type="Schema Compliance" id="6e0737ae-e95d-43e4-9669-4b966d2f3c7c" name="Schema Compliance"><con:configuration/></con:assertion><con:wsaConfig action="http://fidus.brussels/services/handiservice/consultFilesByDate"/></con:request></con:config></con:testStep><con:testStep type="request" id="b0207345-9e5c-4c7a-ba04-14b4a86b880f" name="testcase3 - Test - LB - Request"><con:settings/><con:config xsi:type="con:RequestStep" xmlns:xsi="http://www.w3.org/2001/XMLSchema-instance"><con:interface>HandiServiceHTTPBinding</con:interface><con:operation>consultFilesByDate</con:operation><con:request name="testcase3 - Test - LB - Request" id="afeacff8-3141-4284-b6fa-1163d1fbf624" outgoingWss="Outflow TEST"><con:settings/><con:encoding>UTF-8</con:encoding><con:endpoint>https://esb-security-gw.sta.srv.cirb.lan:8443/services/HandiService_v2.0</con:endpoint><con:request><![CDATA[<soapenv:Envelope xmlns:soapenv="http://schemas.xmlsoap.org/soap/envelope/" xmlns:v2="http://fidus.brussels/service/handiservice/messages/v2" xmlns:v1="http://fidus.brussels/service/handiservice/messages/v1" xmlns:v11="http://fidus.brussels/type/common/messages/v1">
   <soapenv:Header/>
   <soapenv:Body>
      <v2:consultFilesByDateRequest>
         <v2:messageContext>
            <v11:messageId>${=import static java.util.UUID.randomUUID; uuid = randomUUID() as String}</v11:messageId>
            <v11:timestamp>${=new java.text.SimpleDateFormat("yyyy-MM-dd'T'HH:mm:ss.SSS").format(new Date())}</v11:timestamp>
         </v2:messageContext>
         <v2:legalContext>ServiceIntegrator</v2:legalContext>
         <v2:request>
            <v2:personNumber>26091621808</v2:personNumber>
            <v2:referenceDate>2015-01-01</v2:referenceDate>
         </v2:request>
      </v2:consultFilesByDateRequest>
   </soapenv:Body>
</soapenv:Envelope>]]></con:request><con:assertion type="SOAP Fault Assertion" id="0a7b248b-eb38-4a3d-bdf0-690b0f7fa10b" name="Not SOAP Fault"/><con:assertion type="SOAP Response" id="8372bc31-ea1b-465d-a33a-6546dae7bd95" name="SOAP Response"/><con:assertion type="Schema Compliance" id="124d1b81-c6e0-40c7-af30-f3f29eb9eeaa" name="Schema Compliance"><con:configuration/></con:assertion><con:wsaConfig action="http://fidus.brussels/services/handiservice/consultFilesByDate"/></con:request></con:config></con:testStep><con:testStep type="request" id="e9f5c2ac-8eed-49fb-ade0-a57e766852fe" name="testcase3 - Test - Worker1 - Request"><con:settings/><con:config xsi:type="con:RequestStep" xmlns:xsi="http://www.w3.org/2001/XMLSchema-instance"><con:interface>HandiServiceHTTPBinding</con:interface><con:operation>consultFilesByDate</con:operation><con:request name="testcase3 - Test - Worker1 - Request" id="63f8ba9a-63f6-4104-8662-edfa389eaf31" outgoingWss="Outflow TEST"><con:settings/><con:encoding>UTF-8</con:encoding><con:endpoint>https://192.168.22.53:8443/services/HandiService_v2.0</con:endpoint><con:request><![CDATA[<soapenv:Envelope xmlns:soapenv="http://schemas.xmlsoap.org/soap/envelope/" xmlns:v2="http://fidus.brussels/service/handiservice/messages/v2" xmlns:v1="http://fidus.brussels/service/handiservice/messages/v1" xmlns:v11="http://fidus.brussels/type/common/messages/v1">
   <soapenv:Header/>
   <soapenv:Body>
      <v2:consultFilesByDateRequest>
         <v2:messageContext>
            <v11:messageId>${=import static java.util.UUID.randomUUID; uuid = randomUUID() as String}</v11:messageId>
            <v11:timestamp>${=new java.text.SimpleDateFormat("yyyy-MM-dd'T'HH:mm:ss.SSS").format(new Date())}</v11:timestamp>
         </v2:messageContext>
         <v2:legalContext>ServiceIntegrator</v2:legalContext>
         <v2:request>
            <v2:personNumber>26091621808</v2:personNumber>
            <v2:referenceDate>2015-01-01</v2:referenceDate>
         </v2:request>
      </v2:consultFilesByDateRequest>
   </soapenv:Body>
</soapenv:Envelope>]]></con:request><con:assertion type="SOAP Fault Assertion" id="524de0a8-03ce-4244-8b1d-8f36a37d2425" name="Not SOAP Fault"/><con:assertion type="SOAP Response" id="48fc180f-4e66-4130-ae9a-c05d402b5fde" name="SOAP Response"/><con:assertion type="Schema Compliance" id="a517faef-2f77-4a95-844f-781af7dea03d" name="Schema Compliance"><con:configuration/></con:assertion><con:wsaConfig action="http://fidus.brussels/services/handiservice/consultFilesByDate"/></con:request></con:config></con:testStep><con:testStep type="request" id="f7844ef0-0329-446b-a793-4f95a5dce3f5" name="testcase3 - Test - Worker2 - Request"><con:settings/><con:config xsi:type="con:RequestStep" xmlns:xsi="http://www.w3.org/2001/XMLSchema-instance"><con:interface>HandiServiceHTTPBinding</con:interface><con:operation>consultFilesByDate</con:operation><con:request name="testcase3 - Test - Worker2 - Request" id="5e6587e9-bb0a-481f-af83-45a428e5e5de" outgoingWss="Outflow TEST"><con:settings/><con:encoding>UTF-8</con:encoding><con:endpoint>https://192.168.22.54:8443/services/HandiService_v2.0</con:endpoint><con:request><![CDATA[<soapenv:Envelope xmlns:soapenv="http://schemas.xmlsoap.org/soap/envelope/" xmlns:v2="http://fidus.brussels/service/handiservice/messages/v2" xmlns:v1="http://fidus.brussels/service/handiservice/messages/v1" xmlns:v11="http://fidus.brussels/type/common/messages/v1">
   <soapenv:Header/>
   <soapenv:Body>
      <v2:consultFilesByDateRequest>
         <v2:messageContext>
            <v11:messageId>${=import static java.util.UUID.randomUUID; uuid = randomUUID() as String}</v11:messageId>
            <v11:timestamp>${=new java.text.SimpleDateFormat("yyyy-MM-dd'T'HH:mm:ss.SSS").format(new Date())}</v11:timestamp>
         </v2:messageContext>
         <v2:legalContext>ServiceIntegrator</v2:legalContext>
         <v2:request>
            <v2:personNumber>26091621808</v2:personNumber>
            <v2:referenceDate>2015-01-01</v2:referenceDate>
         </v2:request>
      </v2:consultFilesByDateRequest>
   </soapenv:Body>
</soapenv:Envelope>]]></con:request><con:assertion type="SOAP Fault Assertion" id="09cfb9cf-5440-4cf3-a290-e4bf6fc67521" name="Not SOAP Fault"/><con:assertion type="SOAP Response" id="7b756139-7a5a-47ea-b2e4-86b72daf1fe3" name="SOAP Response"/><con:assertion type="Schema Compliance" id="b8e2a7d1-67ac-4c8e-8fdc-dedb2d11b762" name="Schema Compliance"><con:configuration/></con:assertion><con:wsaConfig action="http://fidus.brussels/services/handiservice/consultFilesByDate"/></con:request></con:config></con:testStep><con:properties/></con:testCase><con:testCase id="f84f3c3d-ddfb-4a30-87a2-00e2d337b865" failOnError="true" failTestCaseOnErrors="true" keepSession="false" maxResults="0" name="consultPayments" searchProperties="true"><con:settings/><con:testStep type="request" id="d23d9525-9cf6-4325-b501-d5f8ce518bf2" name="testcase3 -Test - External - Request"><con:settings/><con:config xsi:type="con:RequestStep" xmlns:xsi="http://www.w3.org/2001/XMLSchema-instance"><con:interface>HandiServiceHTTPBinding</con:interface><con:operation>consultPayments</con:operation><con:request name="testcase3 -Test - External - Request" id="99ab4a97-bd45-4e30-99a6-5b76f134f86e" outgoingWss="Outflow TEST"><con:settings/><con:encoding>UTF-8</con:encoding><con:endpoint>https://fidus-test.irisnetlab.be/services/HandiService_v2.0</con:endpoint><con:request><![CDATA[<soapenv:Envelope xmlns:soapenv="http://schemas.xmlsoap.org/soap/envelope/" xmlns:v2="http://fidus.brussels/service/handiservice/messages/v2" xmlns:v1="http://fidus.brussels/type/common/messages/v1">
   <soapenv:Header/>
   <soapenv:Body>
      <v2:consultPaymentsRequest>
         <v2:messageContext>
            <v1:messageId>${=import static java.util.UUID.randomUUID; uuid = randomUUID() as String}</v1:messageId>
         </v2:messageContext>
         <v2:legalContext>ServiceIntegrator</v2:legalContext>
         <v2:request>
            <v2:personNumber>39091700873</v2:personNumber>
            <v2:period>
               <v2:beginDate>2015-01-01</v2:beginDate>
               <v2:endDate>2015-10-01</v2:endDate>
            </v2:period>
         </v2:request>
      </v2:consultPaymentsRequest>
   </soapenv:Body>l
</soapenv:Envelope>]]></con:request><con:assertion type="SOAP Fault Assertion" id="ec7a0d60-89c2-423d-844f-68e9e7549f61" name="Not SOAP Fault"/><con:assertion type="SOAP Response" id="093fcd28-9024-4c70-8ce3-8af241c18142" name="SOAP Response"/><con:assertion type="Schema Compliance" id="6f687efd-b142-4342-89f8-ceaf519ff975" name="Schema Compliance"><con:configuration/></con:assertion><con:wsaConfig action="http://fidus.brussels/services/handiservice/consultPayments"/></con:request></con:config></con:testStep><con:testStep type="request" id="0661ac95-9ab3-4816-ab2d-4c48fb6a011c" name="testcase3 -Test - LB - Request"><con:settings/><con:config xsi:type="con:RequestStep" xmlns:xsi="http://www.w3.org/2001/XMLSchema-instance"><con:interface>HandiServiceHTTPBinding</con:interface><con:operation>consultPayments</con:operation><con:request name="testcase3 -Test - LB - Request" id="e8355584-2f39-4cd4-951e-f053abfd8d76" outgoingWss="Outflow TEST"><con:settings/><con:encoding>UTF-8</con:encoding><con:endpoint>https://esb-security-gw.sta.srv.cirb.lan:8443/services/HandiService_v2.0</con:endpoint><con:request><![CDATA[<soapenv:Envelope xmlns:soapenv="http://schemas.xmlsoap.org/soap/envelope/" xmlns:v2="http://fidus.brussels/service/handiservice/messages/v2" xmlns:v1="http://fidus.brussels/type/common/messages/v1">
   <soapenv:Header/>
   <soapenv:Body>
      <v2:consultPaymentsRequest>
         <v2:messageContext>
            <v1:messageId>${=import static java.util.UUID.randomUUID; uuid = randomUUID() as String}</v1:messageId>
         </v2:messageContext>
         <v2:legalContext>ServiceIntegrator</v2:legalContext>
         <v2:request>
            <v2:personNumber>39091700873</v2:personNumber>
            <v2:period>
               <v2:beginDate>2015-01-01</v2:beginDate>
               <v2:endDate>2015-10-01</v2:endDate>
            </v2:period>
         </v2:request>
      </v2:consultPaymentsRequest>
   </soapenv:Body>
</soapenv:Envelope>]]></con:request><con:assertion type="SOAP Fault Assertion" id="caa19734-6068-40cc-a417-93e1c4243b41" name="Not SOAP Fault"/><con:assertion type="SOAP Response" id="b1382fe3-d679-481f-b97c-f577a8a678c9" name="SOAP Response"/><con:assertion type="Schema Compliance" id="bda93f19-bd6f-443d-9c11-befa75a371cb" name="Schema Compliance"><con:configuration/></con:assertion><con:wsaConfig action="http://fidus.brussels/services/handiservice/consultPayments"/></con:request></con:config></con:testStep><con:testStep type="request" id="65f95066-2661-4e98-90c7-cbb2724b033d" name="testcase3 -Test - Worker1 - Request"><con:settings/><con:config xsi:type="con:RequestStep" xmlns:xsi="http://www.w3.org/2001/XMLSchema-instance"><con:interface>HandiServiceHTTPBinding</con:interface><con:operation>consultPayments</con:operation><con:request name="testcase3 -Test - Worker1 - Request" id="b8bbcb65-d981-4c32-a581-56fffe594875" outgoingWss="Outflow TEST"><con:settings/><con:encoding>UTF-8</con:encoding><con:endpoint>https://192.168.22.53:8443/services/HandiService_v2.0</con:endpoint><con:request><![CDATA[<soapenv:Envelope xmlns:soapenv="http://schemas.xmlsoap.org/soap/envelope/" xmlns:v2="http://fidus.brussels/service/handiservice/messages/v2" xmlns:v1="http://fidus.brussels/type/common/messages/v1">
   <soapenv:Header/>
   <soapenv:Body>
      <v2:consultPaymentsRequest>
         <v2:messageContext>
            <v1:messageId>${=import static java.util.UUID.randomUUID; uuid = randomUUID() as String}</v1:messageId>
         </v2:messageContext>
         <v2:legalContext>ServiceIntegrator</v2:legalContext>
         <v2:request>
            <v2:personNumber>39091700873</v2:personNumber>
            <v2:period>
               <v2:beginDate>2015-01-01</v2:beginDate>
               <v2:endDate>2015-10-01</v2:endDate>
            </v2:period>
         </v2:request>
      </v2:consultPaymentsRequest>
   </soapenv:Body>
</soapenv:Envelope>]]></con:request><con:assertion type="SOAP Fault Assertion" id="2dd064ac-f286-42e9-831b-c2efed636799" name="Not SOAP Fault"/><con:assertion type="SOAP Response" id="a6d75d56-9da0-4dd1-8c2f-eab7564459ba" name="SOAP Response"/><con:assertion type="Schema Compliance" id="0321c835-73b3-48a9-a733-74c1117eb8cf" name="Schema Compliance"><con:configuration/></con:assertion><con:wsaConfig action="http://fidus.brussels/services/handiservice/consultPayments"/></con:request></con:config></con:testStep><con:testStep type="request" id="0c4f6662-32d2-4822-ae6d-0a64a132f17b" name="testcase3 -Test - Worker2 - Request"><con:settings/><con:config xsi:type="con:RequestStep" xmlns:xsi="http://www.w3.org/2001/XMLSchema-instance"><con:interface>HandiServiceHTTPBinding</con:interface><con:operation>consultPayments</con:operation><con:request name="testcase3 -Test - Worker2 - Request" id="0f53f72a-bcad-4161-9762-87ba1f648f50" outgoingWss="Outflow TEST"><con:settings/><con:encoding>UTF-8</con:encoding><con:endpoint>https://192.168.22.54:8443/services/HandiService_v2.0</con:endpoint><con:request><![CDATA[<soapenv:Envelope xmlns:soapenv="http://schemas.xmlsoap.org/soap/envelope/" xmlns:v2="http://fidus.brussels/service/handiservice/messages/v2" xmlns:v1="http://fidus.brussels/type/common/messages/v1">
   <soapenv:Header/>
   <soapenv:Body>
      <v2:consultPaymentsRequest>
         <v2:messageContext>
            <v1:messageId>${=import static java.util.UUID.randomUUID; uuid = randomUUID() as String}</v1:messageId>
         </v2:messageContext>
         <v2:legalContext>ServiceIntegrator</v2:legalContext>
         <v2:request>
            <v2:personNumber>39091700873</v2:personNumber>
            <v2:period>
               <v2:beginDate>2015-01-01</v2:beginDate>
               <v2:endDate>2015-10-01</v2:endDate>
            </v2:period>
         </v2:request>
      </v2:consultPaymentsRequest>
   </soapenv:Body>
</soapenv:Envelope>]]></con:request><con:assertion type="SOAP Fault Assertion" id="83836282-8ae4-405c-8dac-44abb9eb4456" name="Not SOAP Fault"/><con:assertion type="SOAP Response" id="9f088d80-707d-41a8-abe5-cc19a26cdc73" name="SOAP Response"/><con:assertion type="Schema Compliance" id="fa73da00-1512-4e73-95df-ed191a800351" name="Schema Compliance"><con:configuration/></con:assertion><con:wsaConfig action="http://fidus.brussels/services/handiservice/consultPayments"/></con:request></con:config></con:testStep><con:properties/></con:testCase><con:properties/></con:testSuite><con:testSuite id="29b809ce-f9ae-4f36-ab52-9fa5a1975609" name="STAG"><con:settings/><con:runType>SEQUENTIAL</con:runType><con:testCase id="11ace94b-bc2c-458f-8891-5fb7fd71fc31" failOnError="true" failTestCaseOnErrors="true" keepSession="false" maxResults="0" name="consultFilesByDate" searchProperties="true"><con:settings/><con:testStep type="request" id="ac0c5288-7f05-4003-b084-10df85e380d6" name="testcase4 - Staging - External - Request"><con:settings/><con:config xsi:type="con:RequestStep" xmlns:xsi="http://www.w3.org/2001/XMLSchema-instance"><con:interface>HandiServiceHTTPBinding</con:interface><con:operation>consultFilesByDate</con:operation><con:request name="testcase4 - Staging - External - Request" id="4f2e4e55-6b88-4aa2-ba16-97d1d63ee8dc" outgoingWss="Outflow STAG"><con:settings/><con:encoding>UTF-8</con:encoding><con:endpoint>https://fidus.irisnetlab.be/services/HandiService_v2.0</con:endpoint><con:request><![CDATA[<soapenv:Envelope xmlns:soapenv="http://schemas.xmlsoap.org/soap/envelope/" xmlns:v2="http://fidus.brussels/service/handiservice/messages/v2" xmlns:v1="http://fidus.brussels/service/handiservice/messages/v1" xmlns:v11="http://fidus.brussels/type/common/messages/v1">
   <soapenv:Header/>
   <soapenv:Body>
      <v2:consultFilesByDateRequest>
         <v2:messageContext>
            <v11:messageId>${=import static java.util.UUID.randomUUID; uuid = randomUUID() as String}</v11:messageId>
            <v11:timestamp>${=new java.text.SimpleDateFormat("yyyy-MM-dd'T'HH:mm:ss.SSS").format(new Date())}</v11:timestamp>
         </v2:messageContext>
         <v2:legalContext>ServiceIntegrator</v2:legalContext>
         <v2:request>
            <v2:personNumber>26091621808</v2:personNumber>
            <v2:referenceDate>2015-01-01</v2:referenceDate>
         </v2:request>
      </v2:consultFilesByDateRequest>
   </soapenv:Body>
</soapenv:Envelope>]]></con:request><con:assertion type="SOAP Fault Assertion" id="b297238a-8284-43e4-b18a-f28fd3d77bf1" name="Not SOAP Fault"/><con:assertion type="SOAP Response" id="adb63b99-1b38-492c-ac06-4e52cf6b284e" name="SOAP Response"/><con:assertion type="Schema Compliance" id="3aaed48d-063a-4973-9e03-b0c63e9ed4dc" name="Schema Compliance"><con:configuration/></con:assertion><con:wsaConfig action="http://fidus.brussels/services/handiservice/consultFilesByDate"/></con:request></con:config></con:testStep><con:testStep type="request" id="06bb3207-539b-47fc-a7dd-c8b126f13773" name="testcase4 - Staging - LB - Request"><con:settings/><con:config xsi:type="con:RequestStep" xmlns:xsi="http://www.w3.org/2001/XMLSchema-instance"><con:interface>HandiServiceHTTPBinding</con:interface><con:operation>consultFilesByDate</con:operation><con:request name="testcase4 - Staging - LB - Request" id="37d2503e-f4d9-4789-9d48-584eae0cef83" outgoingWss="Outflow STAG"><con:settings/><con:encoding>UTF-8</con:encoding><con:endpoint>https://fidus-esb-sg.sta.srv.cirb.lan:8443/services/HandiService_v2.0</con:endpoint><con:request><![CDATA[<soapenv:Envelope xmlns:soapenv="http://schemas.xmlsoap.org/soap/envelope/" xmlns:v2="http://fidus.brussels/service/handiservice/messages/v2" xmlns:v1="http://fidus.brussels/service/handiservice/messages/v1" xmlns:v11="http://fidus.brussels/type/common/messages/v1">
   <soapenv:Header/>
   <soapenv:Body>
      <v2:consultFilesByDateRequest>
         <v2:messageContext>
            <v11:messageId>${=import static java.util.UUID.randomUUID; uuid = randomUUID() as String}</v11:messageId>
            <v11:timestamp>${=new java.text.SimpleDateFormat("yyyy-MM-dd'T'HH:mm:ss.SSS").format(new Date())}</v11:timestamp>
         </v2:messageContext>
         <v2:legalContext>ServiceIntegrator</v2:legalContext>
         <v2:request>
            <v2:personNumber>26091621808</v2:personNumber>
            <v2:referenceDate>2015-01-01</v2:referenceDate>
         </v2:request>
      </v2:consultFilesByDateRequest>
   </soapenv:Body>
</soapenv:Envelope>]]></con:request><con:assertion type="SOAP Fault Assertion" id="01feba42-c312-4b5d-95f3-fa8bea1f964c" name="Not SOAP Fault"/><con:assertion type="SOAP Response" id="066b2b18-0713-45e2-b6e1-764358cb685b" name="SOAP Response"/><con:assertion type="Schema Compliance" id="542e219d-9258-4201-9751-7355b0d9a5a3" name="Schema Compliance"><con:configuration/></con:assertion><con:wsaConfig action="http://fidus.brussels/services/handiservice/consultFilesByDate"/></con:request></con:config></con:testStep><con:testStep type="request" id="a4581ef1-0740-439d-b366-ec23acbc0d53" name="testcase4 - Staging - Worker1 - Request"><con:settings/><con:config xsi:type="con:RequestStep" xmlns:xsi="http://www.w3.org/2001/XMLSchema-instance"><con:interface>HandiServiceHTTPBinding</con:interface><con:operation>consultFilesByDate</con:operation><con:request name="testcase4 - Staging - Worker1 - Request" id="8166aae8-902b-43b6-a5e3-adf710ce3e55" outgoingWss="Outflow STAG"><con:settings/><con:encoding>UTF-8</con:encoding><con:endpoint>https://192.168.24.16:8443/services/HandiService_v2.0</con:endpoint><con:request><![CDATA[<soapenv:Envelope xmlns:soapenv="http://schemas.xmlsoap.org/soap/envelope/" xmlns:v2="http://fidus.brussels/service/handiservice/messages/v2" xmlns:v1="http://fidus.brussels/service/handiservice/messages/v1" xmlns:v11="http://fidus.brussels/type/common/messages/v1">
   <soapenv:Header/>
   <soapenv:Body>
      <v2:consultFilesByDateRequest>
         <v2:messageContext>
            <v11:messageId>${=import static java.util.UUID.randomUUID; uuid = randomUUID() as String}</v11:messageId>
            <v11:timestamp>${=new java.text.SimpleDateFormat("yyyy-MM-dd'T'HH:mm:ss.SSS").format(new Date())}</v11:timestamp>
         </v2:messageContext>
         <v2:legalContext>ServiceIntegrator</v2:legalContext>
         <v2:request>
            <v2:personNumber>26091621808</v2:personNumber>
            <v2:referenceDate>2015-01-01</v2:referenceDate>
         </v2:request>
      </v2:consultFilesByDateRequest>
   </soapenv:Body>
</soapenv:Envelope>]]></con:request><con:assertion type="SOAP Fault Assertion" id="d2cff83f-9323-4cd0-95ce-7afe871f2c6c" name="Not SOAP Fault"/><con:assertion type="SOAP Response" id="8f999511-01cb-4a52-9114-22fa54231492" name="SOAP Response"/><con:assertion type="Schema Compliance" id="6a877ee3-1f45-4b5c-9b4b-a9357da407a4" name="Schema Compliance"><con:configuration/></con:assertion><con:wsaConfig action="http://fidus.brussels/services/handiservice/consultFilesByDate"/></con:request></con:config></con:testStep><con:testStep type="request" id="7fbd71aa-6d28-4079-97d5-aa8704084dad" name="testcase4 - Staging - Worker2 - Request"><con:settings/><con:config xsi:type="con:RequestStep" xmlns:xsi="http://www.w3.org/2001/XMLSchema-instance"><con:interface>HandiServiceHTTPBinding</con:interface><con:operation>consultFilesByDate</con:operation><con:request name="testcase4 - Staging - Worker2 - Request" id="80f515bb-12e4-4057-b814-34549189da04" outgoingWss="Outflow STAG"><con:settings/><con:encoding>UTF-8</con:encoding><con:endpoint>https://192.168.24.17:8443/services/HandiService_v2.0</con:endpoint><con:request><![CDATA[<soapenv:Envelope xmlns:soapenv="http://schemas.xmlsoap.org/soap/envelope/" xmlns:v2="http://fidus.brussels/service/handiservice/messages/v2" xmlns:v1="http://fidus.brussels/service/handiservice/messages/v1" xmlns:v11="http://fidus.brussels/type/common/messages/v1">
   <soapenv:Header/>
   <soapenv:Body>
      <v2:consultFilesByDateRequest>
         <v2:messageContext>
            <v11:messageId>${=import static java.util.UUID.randomUUID; uuid = randomUUID() as String}</v11:messageId>
            <v11:timestamp>${=new java.text.SimpleDateFormat("yyyy-MM-dd'T'HH:mm:ss.SSS").format(new Date())}</v11:timestamp>
         </v2:messageContext>
         <v2:legalContext>ServiceIntegrator</v2:legalContext>
         <v2:request>
            <v2:personNumber>26091621808</v2:personNumber>
            <v2:referenceDate>2015-01-01</v2:referenceDate>
         </v2:request>
      </v2:consultFilesByDateRequest>
   </soapenv:Body>
</soapenv:Envelope>]]></con:request><con:assertion type="SOAP Fault Assertion" id="cb5f4a64-3a07-46ed-b846-7b32ca977ebe" name="Not SOAP Fault"/><con:assertion type="SOAP Response" id="a6dcc5c1-112a-4632-9260-d310005d755b" name="SOAP Response"/><con:assertion type="Schema Compliance" id="abb556f7-4667-429f-804f-3fe4f5ddbfe9" name="Schema Compliance"><con:configuration/></con:assertion><con:wsaConfig action="http://fidus.brussels/services/handiservice/consultFilesByDate"/></con:request></con:config></con:testStep><con:properties/></con:testCase><con:properties/></con:testSuite><con:testSuite id="b6076afb-de2b-4c33-95fe-5b23d4f32467" name="PROD"><con:settings/><con:runType>SEQUENTIAL</con:runType><con:testCase id="b0bd80e6-f830-4044-9bcc-20e522dcced8" failOnError="true" failTestCaseOnErrors="true" keepSession="false" maxResults="0" name="consultFilesByDate" searchProperties="true"><con:settings/><con:testStep type="request" id="dee406ef-1f0a-4ea3-bb58-435a77c319d4" name="testcase5 - Prod - External - Request"><con:settings/><con:config xsi:type="con:RequestStep" xmlns:xsi="http://www.w3.org/2001/XMLSchema-instance"><con:interface>HandiServiceHTTPBinding</con:interface><con:operation>consultFilesByDate</con:operation><con:request name="testcase5 - Prod - External - Request" id="2db60c7a-9e5c-436e-a8bc-eb608df44958" outgoingWss="Outflow PROD"><con:settings/><con:encoding>UTF-8</con:encoding><con:endpoint>https://fidus.sec.brussels/services/HandiService_v2.0</con:endpoint><con:request><![CDATA[<soapenv:Envelope xmlns:soapenv="http://schemas.xmlsoap.org/soap/envelope/" xmlns:v2="http://fidus.brussels/service/handiservice/messages/v2" xmlns:v1="http://fidus.brussels/service/handiservice/messages/v1" xmlns:v11="http://fidus.brussels/type/common/messages/v1">
   <soapenv:Header/>
   <soapenv:Body>
      <v2:consultFilesByDateRequest>
         <v2:messageContext>
            <v11:messageId>${=import static java.util.UUID.randomUUID; uuid = randomUUID() as String}</v11:messageId>
            <v11:timestamp>${=new java.text.SimpleDateFormat("yyyy-MM-dd'T'HH:mm:ss.SSS").format(new Date())}</v11:timestamp>
         </v2:messageContext>
         <v2:legalContext>ServiceIntegrator</v2:legalContext>
         <v2:request>
            <v2:personNumber>26091621808</v2:personNumber>
            <v2:referenceDate>2015-01-01</v2:referenceDate>
         </v2:request>
      </v2:consultFilesByDateRequest>
   </soapenv:Body>
</soapenv:Envelope>]]></con:request><con:assertion type="SOAP Fault Assertion" id="5d407cac-3392-45bc-b123-57ae0e9fe480" name="Not SOAP Fault"/><con:assertion type="SOAP Response" id="418c6226-0cdc-4767-96fe-ee30fe67ca3a" name="SOAP Response"/><con:assertion type="Schema Compliance" id="e236498a-da3c-4872-b8c0-b130244ea902" name="Schema Compliance"><con:configuration/></con:assertion><con:wsaConfig action="http://fidus.brussels/services/handiservice/consultFilesByDate"/></con:request></con:config></con:testStep><con:testStep type="request" id="8da828e3-9340-40db-913f-8589c2d7ea56" name="testcase5 - Prod - LB - Request"><con:settings/><con:config xsi:type="con:RequestStep" xmlns:xsi="http://www.w3.org/2001/XMLSchema-instance"><con:interface>HandiServiceHTTPBinding</con:interface><con:operation>consultFilesByDate</con:operation><con:request name="testcase5 - Prod - LB - Request" id="4823cef0-97b4-4662-b71a-461f374f2679" outgoingWss="Outflow PROD"><con:settings/><con:encoding>UTF-8</con:encoding><con:endpoint>https://fidus-esb-sg.prd.srv.cirb.lan:8443/services/HandiService_v2.0</con:endpoint><con:request><![CDATA[<soapenv:Envelope xmlns:soapenv="http://schemas.xmlsoap.org/soap/envelope/" xmlns:v2="http://fidus.brussels/service/handiservice/messages/v2" xmlns:v1="http://fidus.brussels/service/handiservice/messages/v1" xmlns:v11="http://fidus.brussels/type/common/messages/v1">
   <soapenv:Header/>
   <soapenv:Body>
      <v2:consultFilesByDateRequest>
         <v2:messageContext>
            <v11:messageId>${=import static java.util.UUID.randomUUID; uuid = randomUUID() as String}</v11:messageId>
            <v11:timestamp>${=new java.text.SimpleDateFormat("yyyy-MM-dd'T'HH:mm:ss.SSS").format(new Date())}</v11:timestamp>
         </v2:messageContext>
         <v2:legalContext>ServiceIntegrator</v2:legalContext>
         <v2:request>
            <v2:personNumber>26091621808</v2:personNumber>
            <v2:referenceDate>2015-01-01</v2:referenceDate>
         </v2:request>
      </v2:consultFilesByDateRequest>
   </soapenv:Body>
</soapenv:Envelope>]]></con:request><con:assertion type="SOAP Fault Assertion" id="8caa8879-d5ca-48ca-95f5-3aec018fdc2a" name="Not SOAP Fault"/><con:assertion type="SOAP Response" id="19bde51b-fb8a-48f2-8277-a6e419eb1c74" name="SOAP Response"/><con:assertion type="Schema Compliance" id="62d22736-e867-461a-83ec-e4e648cb8a3b" name="Schema Compliance"><con:configuration/></con:assertion><con:wsaConfig action="http://fidus.brussels/services/handiservice/consultFilesByDate"/></con:request></con:config></con:testStep><con:testStep type="request" id="0be0631e-6879-4a59-b73e-e51442c9d361" name="testcase5 - Prod - Worker1 - Request"><con:settings/><con:config xsi:type="con:RequestStep" xmlns:xsi="http://www.w3.org/2001/XMLSchema-instance"><con:interface>HandiServiceHTTPBinding</con:interface><con:operation>consultFilesByDate</con:operation><con:request name="testcase5 - Prod - Worker1 - Request" id="d01ade75-adcb-439f-972e-569694e7b4dc" outgoingWss="Outflow PROD"><con:settings/><con:encoding>UTF-8</con:encoding><con:endpoint>https://192.168.26.22:8443/services/HandiService_v2.0</con:endpoint><con:request><![CDATA[<soapenv:Envelope xmlns:soapenv="http://schemas.xmlsoap.org/soap/envelope/" xmlns:v2="http://fidus.brussels/service/handiservice/messages/v2" xmlns:v1="http://fidus.brussels/service/handiservice/messages/v1" xmlns:v11="http://fidus.brussels/type/common/messages/v1">
   <soapenv:Header/>
   <soapenv:Body>
      <v2:consultFilesByDateRequest>
         <v2:messageContext>
            <v11:messageId>${=import static java.util.UUID.randomUUID; uuid = randomUUID() as String}</v11:messageId>
            <v11:timestamp>${=new java.text.SimpleDateFormat("yyyy-MM-dd'T'HH:mm:ss.SSS").format(new Date())}</v11:timestamp>
         </v2:messageContext>
         <v2:legalContext>ServiceIntegrator</v2:legalContext>
         <v2:request>
            <v2:personNumber>26091621808</v2:personNumber>
            <v2:referenceDate>2015-01-01</v2:referenceDate>
         </v2:request>
      </v2:consultFilesByDateRequest>
   </soapenv:Body>
</soapenv:Envelope>]]></con:request><con:assertion type="SOAP Fault Assertion" id="44ef046a-9104-4680-96a8-db497b9d23df" name="Not SOAP Fault"/><con:assertion type="SOAP Response" id="afd6bfd7-2009-45e4-8868-0f6b47099e55" name="SOAP Response"/><con:assertion type="Schema Compliance" id="d9b4fd21-725e-4807-89fc-788a8a21ec8f" name="Schema Compliance"><con:configuration/></con:assertion><con:wsaConfig action="http://fidus.brussels/services/handiservice/consultFilesByDate"/></con:request></con:config></con:testStep><con:testStep type="request" id="f7b61335-ab53-4621-a3d9-19f20cf67024" name="testcase5 - Prod - Worker2 - Request"><con:settings/><con:config xsi:type="con:RequestStep" xmlns:xsi="http://www.w3.org/2001/XMLSchema-instance"><con:interface>HandiServiceHTTPBinding</con:interface><con:operation>consultFilesByDate</con:operation><con:request name="testcase5 - Prod - Worker2 - Request" id="980d4f9b-6cd6-4afb-a69e-dfe46c5a828f" outgoingWss="Outflow PROD"><con:settings/><con:encoding>UTF-8</con:encoding><con:endpoint>https://192.168.26.19:8443/services/HandiService_v2.0</con:endpoint><con:request><![CDATA[<soapenv:Envelope xmlns:soapenv="http://schemas.xmlsoap.org/soap/envelope/" xmlns:v2="http://fidus.brussels/service/handiservice/messages/v2" xmlns:v1="http://fidus.brussels/service/handiservice/messages/v1" xmlns:v11="http://fidus.brussels/type/common/messages/v1">
   <soapenv:Header/>
   <soapenv:Body>
      <v2:consultFilesByDateRequest>
         <v2:messageContext>
            <v11:messageId>${=import static java.util.UUID.randomUUID; uuid = randomUUID() as String}</v11:messageId>
            <v11:timestamp>${=new java.text.SimpleDateFormat("yyyy-MM-dd'T'HH:mm:ss.SSS").format(new Date())}</v11:timestamp>
         </v2:messageContext>
         <v2:legalContext>ServiceIntegrator</v2:legalContext>
         <v2:request>
            <v2:personNumber>26091621808</v2:personNumber>
            <v2:referenceDate>2015-01-01</v2:referenceDate>
         </v2:request>
      </v2:consultFilesByDateRequest>
   </soapenv:Body>
</soapenv:Envelope>]]></con:request><con:assertion type="SOAP Fault Assertion" id="dc1afc7d-0296-4f5e-ade0-51fbddd13f7f" name="Not SOAP Fault"/><con:assertion type="SOAP Response" id="f0c050aa-3f0f-44a5-a8ff-87290ba9b344" name="SOAP Response"/><con:assertion type="Schema Compliance" id="70e7bfb3-c856-4b1b-ab36-cf4d87c525c7" name="Schema Compliance"><con:configuration/></con:assertion><con:wsaConfig action="http://fidus.brussels/services/handiservice/consultFilesByDate"/></con:request></con:config></con:testStep><con:properties/></con:testCase><con:properties/></con:testSuite><con:properties/>
  <con:wssContainer>
    
    
    
    
    
    
    
    
    
    
    
    
    
    
    
    
  <con:crypto><con:source>data/wso2/keystores/user-rajarshi.jks</con:source><con:password>test@fidus01</con:password><con:type>KEYSTORE</con:type></con:crypto><con:outgoing><con:name>Outflow DEV</con:name></con:outgoing><con:outgoing><con:name>Outflow TEST</con:name><con:entry type="Signature" username="testuser-test.fidus.brussels" password="test@fidus01"><con:configuration><crypto>user-rajarshi.jks</crypto><keyIdentifierType>3</keyIdentifierType><signatureAlgorithm/><signatureCanonicalization/><useSingleCert>true</useSingleCert><digestAlgorithm/><customTokenValueType/><customTokenId/></con:configuration></con:entry><con:entry type="Timestamp"><con:configuration><timeToLive>300000</timeToLive><strictTimestamp>true</strictTimestamp></con:configuration></con:entry></con:outgoing><con:outgoing><con:name>Outflow STAG</con:name></con:outgoing><con:outgoing><con:name>Outflow PROD</con:name></con:outgoing></con:wssContainer>
  <con:oAuth2ProfileContainer/>
  <con:oAuth1ProfileContainer/><con:sensitiveInformation/>
</con:soapui-project>